[INFO] [launch]: All log files can be found below /home/j/.ros/log/2026-03-21-20-35-11-572884-j-239435
[INFO] [launch]: Default logging verbosity is set to INFO
[INFO] [launch.user]: [bringup] Apriltag config: camera=/drone_w01/bottom, image=/drone_w01/bottom/image_raw, tags=/drone_w01/bottom/tags, bridge=/drone_w01/landing_tag_state, standalone=true, use_target_id=true, target_id=0
[INFO] [rviz2-1]: process started with pid [239694]
[INFO] [gzserver-2]: process started with pid [239699]
[INFO] [robot_state_publisher-3]: process started with pid [239704]
[INFO] [joint_state_publisher-4]: process started with pid [239707]
[INFO] [spawn_drone-5]: process started with pid [239710]
[INFO] [static_transform_publisher-6]: process started with pid [239713]
[INFO] [apriltag_detector_node-7]: process started with pid [239718]
[INFO] [apriltag_state_bridge-8]: process started with pid [239723]
[static_transform_publisher-6] [WARN] [1774092912.205953154] []: Old-style arguments are deprecated; see --help for new-style arguments
[static_transform_publisher-6] [INFO] [1774092912.217476645] [static_transform_publisher_dqs2gsoO3W1ZtLdY]: Spinning until stopped - publishing transform
[static_transform_publisher-6] translation: ('0.000000', '0.000000', '0.000000')
[static_transform_publisher-6] rotation: ('0.000000', '0.000000', '0.000000', '1.000000')
[static_transform_publisher-6] from 'world' to '/drone_w01/odom'
[rviz2-1] 
[rviz2-1] (rviz2:239694): dbind-WARNING **: 20:35:12.250: Couldn't connect to accessibility bus: Failed to connect to socket /root/.cache/at-spi/bus_0: 허가 거부
[robot_state_publisher-3] [INFO] [1774092912.254594678] [drone_w01.robot_state_publisher]: got segment base_footprint
[robot_state_publisher-3] [INFO] [1774092912.254702651] [drone_w01.robot_state_publisher]: got segment base_link
[robot_state_publisher-3] [INFO] [1774092912.254715869] [drone_w01.robot_state_publisher]: got segment bottom_cam_link
[robot_state_publisher-3] [INFO] [1774092912.254724332] [drone_w01.robot_state_publisher]: got segment front_cam_link
[robot_state_publisher-3] [INFO] [1774092912.254731596] [drone_w01.robot_state_publisher]: got segment sonar_link
[apriltag_detector_node-7] [INFO] [1774092912.270395942] [apriltag_detector_node]: tag detector type: umich
[gzserver-2] Gazebo multi-robot simulator, version 11.10.2
[gzserver-2] Copyright (C) 2012 Open Source Robotics Foundation.
[gzserver-2] Released under the Apache 2 License.
[gzserver-2] http://gazebosim.org
[gzserver-2] 
[joint_state_publisher-4] [INFO] [1774092912.527598316] [drone_w01.joint_state_publisher]: Waiting for robot_description to be published on the robot_description topic...
[gzserver-2] [1;31m[Err] [Master.cc:96] [0m[1;31mEXCEPTION: [0m[1;31mUnable to start server[bind: Address already in use]. There is probably another Gazebo process running.
[gzserver-2] [0m[1;31m
[gzserver-2] [0m[1;31m[0m[1;31m[0m[1;31m[Err] [Master.cc:96] [0m[1;31mEXCEPTION: [0m[1;31mUnable to start server[bind: Address already in use]. There is probably another Gazebo process running.
[gzserver-2] [0m[1;31m
[ERROR] [gzserver-2]: process has died [pid 239699, exit code 255, cmd 'gzserver /home/j/INCSL/IICC26_ws/install/sjtu_drone_description/share/sjtu_drone_description/worlds/landingPad.world --verbose -slibgazebo_ros_init.so -slibgazebo_ros_factory.so -slibgazebo_ros_force_system.so verbose'].
[gzserver-2] [1;36m[0m[1;32m[0m
[gzserver-2] [0m[1;31m[0m[1;31m[0m[1;33m[0m[1;31m[0m
[apriltag_state_bridge-8] [INFO] [1774092912.691661557] [apriltag_state_bridge]: AprilTag bridge started: /drone_w01/bottom/tags -> /drone_w01/landing_tag_state, use_target_id=True, target_id=0, annotated_image=True
[rviz2-1] [INFO] [1774092912.761762590] [rviz2]: Stereo is NOT SUPPORTED
[rviz2-1] [INFO] [1774092912.761872850] [rviz2]: OpenGl version: 4.6 (GLSL 4.6)
[rviz2-1] [INFO] [1774092912.778174284] [rviz2]: Stereo is NOT SUPPORTED
[rviz2-1] [INFO] [1774093004.844104095] [rclcpp]: signal_handler(signum=15)
[robot_state_publisher-3] [INFO] [1774093004.895164498] [rclcpp]: signal_handler(signum=15)
[INFO] [robot_state_publisher-3]: process has finished cleanly [pid 239704]
[INFO] [rviz2-1]: process has finished cleanly [pid 239694]
