[INFO] [launch]: All log files can be found below /home/j/.ros/log/2026-03-11-03-14-12-704123-j-3545993
[INFO] [launch]: Default logging verbosity is set to INFO
[INFO] [launch.user]: [bringup] Apriltag config: camera=/drone/bottom, image=/drone/bottom/image_raw, tags=/drone/bottom/tags, bridge=/landing_tag_state, standalone=true, use_target_id=true, target_id=0
[INFO] [rviz2-1]: process started with pid [3546008]
[INFO] [gzserver-2]: process started with pid [3546010]
[INFO] [robot_state_publisher-3]: process started with pid [3546012]
[INFO] [joint_state_publisher-4]: process started with pid [3546014]
[INFO] [spawn_drone-5]: process started with pid [3546016]
[INFO] [static_transform_publisher-6]: process started with pid [3546018]
[INFO] [joy_node-7]: process started with pid [3546020]
[INFO] [teleop_joystick-8]: process started with pid [3546022]
[INFO] [apriltag_detector_node-9]: process started with pid [3546024]
[INFO] [apriltag_state_bridge-10]: process started with pid [3546026]
[static_transform_publisher-6] [WARN] [1773166453.180540853] []: Old-style arguments are deprecated; see --help for new-style arguments
[static_transform_publisher-6] [INFO] [1773166453.188156647] [static_transform_publisher_YRrfENJHkBBxqj0y]: Spinning until stopped - publishing transform
[static_transform_publisher-6] translation: ('0.000000', '0.000000', '0.000000')
[static_transform_publisher-6] rotation: ('0.000000', '0.000000', '0.000000', '1.000000')
[static_transform_publisher-6] from 'world' to '/drone/odom'
[robot_state_publisher-3] [INFO] [1773166453.203569670] [drone.robot_state_publisher]: got segment base_footprint
[robot_state_publisher-3] [INFO] [1773166453.203633289] [drone.robot_state_publisher]: got segment base_link
[robot_state_publisher-3] [INFO] [1773166453.203639030] [drone.robot_state_publisher]: got segment bottom_cam_link
[robot_state_publisher-3] [INFO] [1773166453.203642237] [drone.robot_state_publisher]: got segment front_cam_link
[robot_state_publisher-3] [INFO] [1773166453.203645030] [drone.robot_state_publisher]: got segment sonar_link
[rviz2-1] 
[rviz2-1] (rviz2:3546008): dbind-WARNING **: 03:14:13.212: Couldn't connect to accessibility bus: Failed to connect to socket /root/.cache/at-spi/bus_0: 허가 거부
[apriltag_detector_node-9] [INFO] [1773166453.214957172] [apriltag_detector_node]: tag detector type: umich
[teleop_joystick-8] Traceback (most recent call last):
[teleop_joystick-8]   File "/home/j/INCSL/IICC26_ws/install/sjtu_drone_control/lib/sjtu_drone_control/teleop_joystick", line 33, in <module>
[teleop_joystick-8]     sys.exit(load_entry_point('sjtu_drone_control==0.0.0', 'console_scripts', 'teleop_joystick')())
[teleop_joystick-8]   File "/home/j/INCSL/IICC26_ws/install/sjtu_drone_control/lib/sjtu_drone_control/teleop_joystick", line 22, in importlib_load_entry_point
[teleop_joystick-8]     for entry_point in distribution(dist_name).entry_points
[teleop_joystick-8]   File "/usr/lib/python3.10/importlib/metadata/__init__.py", line 969, in distribution
[teleop_joystick-8]     return Distribution.from_name(distribution_name)
[teleop_joystick-8]   File "/usr/lib/python3.10/importlib/metadata/__init__.py", line 548, in from_name
[teleop_joystick-8]     raise PackageNotFoundError(name)
[teleop_joystick-8] importlib.metadata.PackageNotFoundError: No package metadata was found for sjtu_drone_control
[ERROR] [teleop_joystick-8]: process has died [pid 3546022, exit code 1, cmd '/home/j/INCSL/IICC26_ws/install/sjtu_drone_control/lib/sjtu_drone_control/teleop_joystick --ros-args -r __ns:=/drone'].
[gzserver-2] Gazebo multi-robot simulator, version 11.10.2
[gzserver-2] Copyright (C) 2012 Open Source Robotics Foundation.
[gzserver-2] Released under the Apache 2 License.
[gzserver-2] http://gazebosim.org
[gzserver-2] 
[apriltag_state_bridge-10] [INFO] [1773166453.384967309] [apriltag_state_bridge]: AprilTag bridge started: /drone/bottom/tags -> /landing_tag_state, use_target_id=True, target_id=0
[joint_state_publisher-4] [INFO] [1773166453.440577830] [drone.joint_state_publisher]: Waiting for robot_description to be published on the robot_description topic...
[gzserver-2] [1;33m[Wrn] [gazebo_ros_init.cpp:178] [0m[1;33m
[gzserver-2] #     # ####### ####### ###  #####  #######
[gzserver-2] ##    # #     #    #     #  #     # #
[gzserver-2] # #   # #     #    #     #  #       #
[gzserver-2] #  #  # #     #    #     #  #       #####
[gzserver-2] #   # # #     #    #     #  #       #
[gzserver-2] #    ## #     #    #     #  #     # #
[gzserver-2] #     # #######    #    ###  #####  #######
[gzserver-2] 
[gzserver-2] This version of Gazebo, now called Gazebo classic, reaches end-of-life
[gzserver-2] in January 2025. Users are highly encouraged to migrate to the new Gazebo
[gzserver-2] using our migration guides (https://gazebosim.org/docs/latest/gazebo_classic_migration?utm_source=gazebo_ros_pkgs&utm_medium=cli)
[gzserver-2] 
[gzserver-2] [0m[1;33m
[rviz2-1] [INFO] [1773166454.036091416] [rviz2]: Stereo is NOT SUPPORTED
[rviz2-1] [INFO] [1773166454.036195505] [rviz2]: OpenGl version: 4.6 (GLSL 4.6)
[rviz2-1] [INFO] [1773166454.122907898] [rviz2]: Stereo is NOT SUPPORTED
[rviz2-1] [INFO] [1773166454.215821479] [rviz2]: Stereo is NOT SUPPORTED
[spawn_drone-5] [INFO] [1773166454.614791374] [spawn_drone]: Result False Entity pushed to spawn queue, but spawn service timed outwaiting for entity to appear in simulation under the name [/drone]
[gzserver-2] [1;32m[Msg] [0m[1;32mWaiting for master.[0m[1;32m
[gzserver-2] [0m[1;32m[0m[1;32m[0m[1;32m[Msg] [0m[1;32mConnected to gazebo master @ [0m[1;32mhttp://127.0.0.1:11345[0m[1;32m
[gzserver-2] [0m[1;32m[0m[1;32m[0m[1;32m[Msg] [0m[1;32mPublicized address: [0m[1;32m192.168.0.11[0m[1;32m
[gzserver-2] [0m[1;32m[0m[1;32m[0m[1;32m[Msg] [0m[1;32mLoading world file [[0m[1;32m/home/j/INCSL/IICC26_ws/install/sjtu_drone_description/share/sjtu_drone_description/worlds/landingPad.world[0m[1;32m][0m[1;32m
[gzserver-2] [0m[1;32m[0m[1;32m[0m[1;36m[Dbg] [wind_plugin.cpp:96] [0m[1;36mWindPlugin loaded: speed=[0m[1;36m0[0m[1;36m dir=[0m[1;36m0[0m[1;36m deg area=[0m[1;36m0.1[0m[1;36m coeff=[0m[1;36m1[0m[1;36m
[gzserver-2] [0m[1;33m[0m[1;33m[0m[1;31m[Err] [Sensor.cc:510] [0m[1;31mGet noise index not valid[0m[1;31m
[gzserver-2] [0m[1;31m[0m[1;31m[0m[1;31m[Err] [Sensor.cc:510] [0m[1;31mGet noise index not valid[0m[1;31m
[gzserver-2] [0m[1;31m[0m[1;31m[0m[1;31m[Err] [Sensor.cc:510] [0m[1;31mGet noise index not valid[0m[1;31m
[gzserver-2] [0m[1;31m[0m[1;31m[0m[1;31m[Err] [Sensor.cc:510] [0m[1;31mGet noise index not valid[0m[1;31m
[gzserver-2] [0m[1;31m[0m[1;31m[0m[1;31m[Err] [Sensor.cc:510] [0m[1;31mGet noise index not valid[0m[1;31m
[gzserver-2] [0m[1;31m[0m[1;31m[0m[1;31m[Err] [Sensor.cc:510] [0m[1;31mGet noise index not valid[0m[1;31m
[gzserver-2] [0m[1;31m[0m[1;31m[0mTopic [default//drone/base_footprint/down_camera/image] is not valid.
[gzserver-2] [INFO] [1773166454.645059618] [drone.collision_plugin]: Publishing contact states to [/drone/bumper_states]
[gzserver-2] Topic [default//drone/base_footprint/front_camera/image] is not valid.
[gzserver-2] [1;33m[Wrn] [Event.cc:61] [0m[1;33mWarning: Deleting a connection right after creation. [0m[1;33mMake sure to save the ConnectionPtr from a Connect call
[INFO] [spawn_drone-5]: process has finished cleanly [pid 3546016]
[gzserver-2] [0m[INFO] [1773166455.235903846] [drone.camera_bottom]: Publishing camera info to [/drone/bottom/camera_info]
[gzserver-2] [INFO] [1773166455.238751534] [drone.camera_front]: Publishing camera info to [/drone/front/camera_info]
[gzserver-2] [INFO] [1773166455.360308765] [drone.simple_drone]: The drone plugin is loading!
[gzserver-2] [INFO] [1773166455.360515198] [drone.simple_drone]: pub_odom: 1
[gzserver-2] [INFO] [1773166455.360546169] [drone.simple_drone]: Using following parameters: 
[gzserver-2] 		link_name: base_footprint,
[gzserver-2] 		max_force: 30,
[gzserver-2] 		motion_small_noise: 0,
[gzserver-2] 		motion_drift_noise: 0,
[gzserver-2] 		motion_drift_noise_time: 50,
[gzserver-2] 		takeoff_hover_height: 2.07,
[gzserver-2] 		takeoff_vertical_speed: 0.2
[gzserver-2] [INFO] [1773166455.372304395] [drone.simple_drone]: Using the PID parameters: 
[gzserver-2] 	Roll Pitch:
[gzserver-2] 		kP: 10, kI: 0,kD: 5, Limit: 0.5, Time Constant: 0
[gzserver-2] 	Yaw:
[gzserver-2] 		kP: 2, kI: 0,kD: 1, Limit: 1.5, Time Constant: 0
[gzserver-2] 	Velocity X:
[gzserver-2] 		kP: 5, kI: 0,kD: 2.3, Limit: 2, Time Constant: 0
[gzserver-2] 	Velocity Y:
[gzserver-2] 		kP: 5, kI: 0,kD: 2.3, Limit: 2, Time Constant: 0
[gzserver-2] 	Velocity Z:
[gzserver-2] 		kP: 5, kI: 0,kD: 1, Limit: -1, Time Constant: 0
[gzserver-2] 	Position XY:
[gzserver-2] 		kP: 1.1, kI: 0,kD: 0, Limit: 5, Time Constant: 0
[gzserver-2] 	Position Z:
[gzserver-2] 		kP: 1, kI: 0,kD: 0.2, Limit: -1, Time Constant: 0
[gzserver-2] [INFO] [1773166455.372430593] [drone.simple_drone]: The drone plugin finished loading!
[gzserver-2] [INFO] [1773166462.540907485] [gazebo_wind_plugin_node]: WindPlugin: set wind_speed=0.00 wind_direction=0.0
[gzserver-2] [INFO] [1773166462.811974002] [gazebo_wind_plugin_node]: WindPlugin: set wind_speed=0.00 wind_direction=0.0
[gzserver-2] [INFO] [1773166462.850627977] [drone.simple_drone]: Quadrotor takes off!!
[gzserver-2] [INFO] [1773166463.051471719] [gazebo_wind_plugin_node]: WindPlugin: set wind_speed=0.00 wind_direction=0.0
[gzserver-2] [INFO] [1773166463.292411653] [gazebo_wind_plugin_node]: WindPlugin: set wind_speed=0.00 wind_direction=0.0
[gzserver-2] [INFO] [1773166463.531771256] [gazebo_wind_plugin_node]: WindPlugin: set wind_speed=0.00 wind_direction=0.0
[gzserver-2] [INFO] [1773166463.771241894] [gazebo_wind_plugin_node]: WindPlugin: set wind_speed=0.00 wind_direction=0.0
[gzserver-2] [INFO] [1773166464.010819851] [gazebo_wind_plugin_node]: WindPlugin: set wind_speed=0.00 wind_direction=0.0
[gzserver-2] [INFO] [1773166464.245550384] [gazebo_wind_plugin_node]: WindPlugin: set wind_speed=0.00 wind_direction=0.0
[gzserver-2] [INFO] [1773166464.481825059] [gazebo_wind_plugin_node]: WindPlugin: set wind_speed=0.00 wind_direction=0.0
[gzserver-2] [0m[1;36m[Dbg] [wind_plugin.cpp:110] [0m[1;36mWindPlugin: received command -> speed=[0m[1;36m0[0m[1;36m dir=[0m[1;36m0[0m[1;36m
[gzserver-2] [0m[1;36m[Dbg] [wind_plugin.cpp:110] [0m[1;36mWindPlugin: received command -> speed=[0m[1;36m0[0m[1;36m dir=[0m[1;36m0[0m[1;36m
[gzserver-2] [0m[1;36m[Dbg] [wind_plugin.cpp:110] [0m[1;36mWindPlugin: received command -> speed=[0m[1;36m0[0m[1;36m dir=[0m[1;36m0[0m[1;36m
[gzserver-2] [0m[1;36m[Dbg] [wind_plugin.cpp:110] [0m[1;36mWindPlugin: received command -> speed=[0m[1;36m0[0m[1;36m dir=[0m[1;36m0[0m[1;36m
[gzserver-2] [0m[1;36m[Dbg] [wind_plugin.cpp:110] [0m[1;36mWindPlugin: received command -> speed=[0m[1;36m0[0m[1;36m dir=[0m[1;36m0[0m[1;36m
[gzserver-2] [0m[1;36m[Dbg] [wind_plugin.cpp:110] [0m[1;36mWindPlugin: received command -> speed=[0m[1;36m0[0m[1;36m dir=[0m[1;36m0[0m[1;36m
[gzserver-2] [0m[1;36m[Dbg] [wind_plugin.cpp:110] [0m[1;36mWindPlugin: received command -> speed=[0m[1;36m0[0m[1;36m dir=[0m[1;36m0[0m[1;36m
[gzserver-2] [0m[1;36m[Dbg] [wind_plugin.cpp:110] [0m[1;36mWindPlugin: received command -> speed=[0m[1;36m0[0m[1;36m dir=[0m[1;36m0[0m[1;36m
[gzserver-2] [0m[1;36m[Dbg] [wind_plugin.cpp:110] [0m[1;36mWindPlugin: received command -> speed=[0m[1;36m0[0m[1;36m dir=[0m[1;36m0[0m[1;36m
[gzserver-2] [0mEntering flying model!
[gzserver-2] [INFO] [1773166464.723408451] [gazebo_wind_plugin_node]: WindPlugin: set wind_speed=0.73 wind_direction=-71.8
[gzserver-2] [INFO] [1773166464.957660913] [gazebo_wind_plugin_node]: WindPlugin: set wind_speed=0.73 wind_direction=-71.8
[gzserver-2] [INFO] [1773166465.192092453] [gazebo_wind_plugin_node]: WindPlugin: set wind_speed=0.71 wind_direction=-72.2
[gzserver-2] [INFO] [1773166465.425296469] [gazebo_wind_plugin_node]: WindPlugin: set wind_speed=0.71 wind_direction=-72.2
[gzserver-2] [INFO] [1773166465.659491353] [gazebo_wind_plugin_node]: WindPlugin: set wind_speed=0.71 wind_direction=-72.2
[gzserver-2] [INFO] [1773166465.893401670] [gazebo_wind_plugin_node]: WindPlugin: set wind_speed=0.71 wind_direction=-72.2
[gzserver-2] [INFO] [1773166466.132255561] [gazebo_wind_plugin_node]: WindPlugin: set wind_speed=0.73 wind_direction=-73.7
[gzserver-2] [INFO] [1773166466.371855805] [gazebo_wind_plugin_node]: WindPlugin: set wind_speed=0.73 wind_direction=-73.7
[gzserver-2] [INFO] [1773166466.613473685] [gazebo_wind_plugin_node]: WindPlugin: set wind_speed=0.73 wind_direction=-73.7
[gzserver-2] [INFO] [1773166466.853171490] [gazebo_wind_plugin_node]: WindPlugin: set wind_speed=0.73 wind_direction=-73.7
[gzserver-2] [INFO] [1773166467.092563925] [gazebo_wind_plugin_node]: WindPlugin: set wind_speed=0.69 wind_direction=-71.7
[gzserver-2] [INFO] [1773166467.326947862] [gazebo_wind_plugin_node]: WindPlugin: set wind_speed=0.69 wind_direction=-71.7
[gzserver-2] [INFO] [1773166467.561240714] [gazebo_wind_plugin_node]: WindPlugin: set wind_speed=0.69 wind_direction=-71.7
[gzserver-2] [INFO] [1773166467.599130447] [drone.simple_drone]: Quadrotor lands!!
[gzserver-2] [INFO] [1773166467.800650512] [gazebo_wind_plugin_node]: WindPlugin: set wind_speed=0.69 wind_direction=-71.7
[gzserver-2] [INFO] [1773166468.040270940] [gazebo_wind_plugin_node]: WindPlugin: set wind_speed=0.73 wind_direction=-72.9
[gzserver-2] [INFO] [1773166468.275046277] [gazebo_wind_plugin_node]: WindPlugin: set wind_speed=0.73 wind_direction=-72.9
[gzserver-2] [INFO] [1773166468.515081250] [gazebo_wind_plugin_node]: WindPlugin: set wind_speed=0.73 wind_direction=-72.9
[gzserver-2] [1;36m[Dbg] [wind_plugin.cpp:110] [0m[1;36mWindPlugin: received command -> speed=[0m[1;36m0.725938[0m[1;36m dir=[0m[1;36m-71.7966[0m[1;36m
[gzserver-2] [0m[1;36m[Dbg] [wind_plugin.cpp:110] [0m[1;36mWindPlugin: received command -> speed=[0m[1;36m0.725938[0m[1;36m dir=[0m[1;36m-71.7966[0m[1;36m
[gzserver-2] [0m[1;36m[Dbg] [wind_plugin.cpp:110] [0m[1;36mWindPlugin: received command -> speed=[0m[1;36m0.711769[0m[1;36m dir=[0m[1;36m-72.2057[0m[1;36m
[gzserver-2] [0m[1;36m[Dbg] [wind_plugin.cpp:110] [0m[1;36mWindPlugin: received command -> speed=[0m[1;36m0.711769[0m[1;36m dir=[0m[1;36m-72.2057[0m[1;36m
[gzserver-2] [0m[1;36m[Dbg] [wind_plugin.cpp:110] [0m[1;36mWindPlugin: received command -> speed=[0m[1;36m0.711769[0m[1;36m dir=[0m[1;36m-72.2057[0m[1;36m
[gzserver-2] [0m[1;36m[Dbg] [wind_plugin.cpp:110] [0m[1;36mWindPlugin: received command -> speed=[0m[1;36m0.711769[0m[1;36m dir=[0m[1;36m-72.2057[0m[1;36m
[gzserver-2] [0m[1;36m[Dbg] [wind_plugin.cpp:110] [0m[1;36mWindPlugin: received command -> speed=[0m[1;36m0.726895[0m[1;36m dir=[0m[1;36m-73.7321[0m[1;36m
[gzserver-2] [0m[1;36m[Dbg] [wind_plugin.cpp:110] [0m[1;36mWindPlugin: received command -> speed=[0m[1;36m0.726895[0m[1;36m dir=[0m[1;36m-73.7321[0m[1;36m
[gzserver-2] [0m[1;36m[Dbg] [wind_plugin.cpp:110] [0m[1;36mWindPlugin: received command -> speed=[0m[1;36m0.726895[0m[1;36m dir=[0m[1;36m-73.7321[0m[1;36m
[gzserver-2] [0m[1;36m[Dbg] [wind_plugin.cpp:110] [0m[1;36mWindPlugin: received command -> speed=[0m[1;36m0.726895[0m[1;36m dir=[0m[1;36m-73.7321[0m[1;36m
[gzserver-2] [0m[1;36m[Dbg] [wind_plugin.cpp:110] [0m[1;36mWindPlugin: received command -> speed=[0m[1;36m0.68586[0m[1;36m dir=[0m[1;36m-71.7002[0m[1;36m
[gzserver-2] [0m[1;36m[Dbg] [wind_plugin.cpp:110] [0m[1;36mWindPlugin: received command -> speed=[0m[1;36m0.68586[0m[1;36m dir=[0m[1;36m-71.7002[0m[1;36m
[gzserver-2] [0m[1;36m[Dbg] [wind_plugin.cpp:110] [0m[1;36mWindPlugin: received command -> speed=[0m[1;36m0.68586[0m[1;36m dir=[0m[1;36m-71.7002[0m[1;36m
[gzserver-2] [0m[1;36m[Dbg] [wind_plugin.cpp:110] [0m[1;36mWindPlugin: received command -> speed=[0m[1;36m0.68586[0m[1;36m dir=[0m[1;36m-71.7002[0m[1;36m
[gzserver-2] [0m[1;36m[Dbg] [wind_plugin.cpp:110] [0m[1;36mWindPlugin: received command -> speed=[0m[1;36m0.729964[0m[1;36m dir=[0m[1;36m-72.8607[0m[1;36m
[gzserver-2] [0m[1;36m[Dbg] [wind_plugin.cpp:110] [0m[1;36mWindPlugin: received command -> speed=[0m[1;36m0.729964[0m[1;36m dir=[0m[1;36m-72.8607[0m[1;36m
[gzserver-2] [0m[1;36m[Dbg] [wind_plugin.cpp:110] [0m[1;36mWindPlugin: received command -> speed=[0m[1;36m0.729964[0m[1;36m dir=[0m[1;36m-72.8607[0m[1;36m
[gzserver-2] [0mLanded!
[gzserver-2] [INFO] [1773166468.744012539] [gazebo_wind_plugin_node]: WindPlugin: set wind_speed=0.73 wind_direction=-72.9
[gzserver-2] [INFO] [1773166468.983299208] [gazebo_wind_plugin_node]: WindPlugin: set wind_speed=0.73 wind_direction=-72.9
[gzserver-2] [INFO] [1773166469.213265665] [gazebo_wind_plugin_node]: WindPlugin: set wind_speed=0.75 wind_direction=-71.3
[gzserver-2] [INFO] [1773166469.446938087] [gazebo_wind_plugin_node]: WindPlugin: set wind_speed=0.75 wind_direction=-71.3
[gzserver-2] [INFO] [1773166469.686727498] [gazebo_wind_plugin_node]: WindPlugin: set wind_speed=0.75 wind_direction=-71.3
[gzserver-2] [INFO] [1773166469.926206222] [gazebo_wind_plugin_node]: WindPlugin: set wind_speed=0.75 wind_direction=-71.3
[gzserver-2] [INFO] [1773166470.165625690] [gazebo_wind_plugin_node]: WindPlugin: set wind_speed=0.69 wind_direction=-72.5
[gzserver-2] [INFO] [1773166470.394523598] [gazebo_wind_plugin_node]: WindPlugin: set wind_speed=0.69 wind_direction=-72.5
