[INFO] [launch]: All log files can be found below /home/j/.ros/log/2026-03-10-17-25-16-854746-j-3528994
[INFO] [launch]: Default logging verbosity is set to INFO
[INFO] [launch.user]: [bringup] Apriltag config: camera=/drone/bottom, image=/drone/bottom/image_raw, tags=/drone/bottom/tags, bridge=/landing_tag_state, standalone=true, use_target_id=true, target_id=0
[INFO] [rviz2-1]: process started with pid [3528997]
[INFO] [gzserver-2]: process started with pid [3528999]
[INFO] [robot_state_publisher-3]: process started with pid [3529001]
[INFO] [joint_state_publisher-4]: process started with pid [3529003]
[INFO] [spawn_drone-5]: process started with pid [3529005]
[INFO] [static_transform_publisher-6]: process started with pid [3529007]
[INFO] [joy_node-7]: process started with pid [3529009]
[INFO] [teleop_joystick-8]: process started with pid [3529011]
[INFO] [apriltag_detector_node-9]: process started with pid [3529013]
[INFO] [apriltag_state_bridge-10]: process started with pid [3529015]
[static_transform_publisher-6] [WARN] [1773131117.326912581] []: Old-style arguments are deprecated; see --help for new-style arguments
[static_transform_publisher-6] [INFO] [1773131117.332860535] [static_transform_publisher_5VU02s6tIwoa5Hhp]: Spinning until stopped - publishing transform
[static_transform_publisher-6] translation: ('0.000000', '0.000000', '0.000000')
[static_transform_publisher-6] rotation: ('0.000000', '0.000000', '0.000000', '1.000000')
[static_transform_publisher-6] from 'world' to '/drone/odom'
[robot_state_publisher-3] [INFO] [1773131117.351268443] [drone.robot_state_publisher]: got segment base_footprint
[robot_state_publisher-3] [INFO] [1773131117.351337551] [drone.robot_state_publisher]: got segment base_link
[robot_state_publisher-3] [INFO] [1773131117.351342946] [drone.robot_state_publisher]: got segment bottom_cam_link
[robot_state_publisher-3] [INFO] [1773131117.351346202] [drone.robot_state_publisher]: got segment front_cam_link
[robot_state_publisher-3] [INFO] [1773131117.351348945] [drone.robot_state_publisher]: got segment sonar_link
[rviz2-1] 
[rviz2-1] (rviz2:3528997): dbind-WARNING **: 17:25:17.359: Couldn't connect to accessibility bus: Failed to connect to socket /root/.cache/at-spi/bus_0: 허가 거부
[apriltag_detector_node-9] [INFO] [1773131117.362190408] [apriltag_detector_node]: tag detector type: umich
[teleop_joystick-8] Traceback (most recent call last):
[teleop_joystick-8]   File "/home/j/INCSL/IICC26_ws/install/sjtu_drone_control/lib/sjtu_drone_control/teleop_joystick", line 33, in <module>
[teleop_joystick-8]     sys.exit(load_entry_point('sjtu_drone_control==0.0.0', 'console_scripts', 'teleop_joystick')())
[teleop_joystick-8]   File "/home/j/INCSL/IICC26_ws/install/sjtu_drone_control/lib/sjtu_drone_control/teleop_joystick", line 22, in importlib_load_entry_point
[teleop_joystick-8]     for entry_point in distribution(dist_name).entry_points
[teleop_joystick-8]   File "/usr/lib/python3.10/importlib/metadata/__init__.py", line 969, in distribution
[teleop_joystick-8]     return Distribution.from_name(distribution_name)
[teleop_joystick-8]   File "/usr/lib/python3.10/importlib/metadata/__init__.py", line 548, in from_name
[teleop_joystick-8]     raise PackageNotFoundError(name)
[teleop_joystick-8] importlib.metadata.PackageNotFoundError: No package metadata was found for sjtu_drone_control
[ERROR] [teleop_joystick-8]: process has died [pid 3529011, exit code 1, cmd '/home/j/INCSL/IICC26_ws/install/sjtu_drone_control/lib/sjtu_drone_control/teleop_joystick --ros-args -r __ns:=/drone'].
[gzserver-2] Gazebo multi-robot simulator, version 11.10.2
[gzserver-2] Copyright (C) 2012 Open Source Robotics Foundation.
[gzserver-2] Released under the Apache 2 License.
[gzserver-2] http://gazebosim.org
[gzserver-2] 
[apriltag_state_bridge-10] [INFO] [1773131117.577284682] [apriltag_state_bridge]: AprilTag bridge started: /drone/bottom/tags -> /landing_tag_state, use_target_id=True, target_id=0
[joint_state_publisher-4] [INFO] [1773131117.592934172] [drone.joint_state_publisher]: Waiting for robot_description to be published on the robot_description topic...
[gzserver-2] [1;33m[Wrn] [gazebo_ros_init.cpp:178] [0m[1;33m
[gzserver-2] #     # ####### ####### ###  #####  #######
[gzserver-2] ##    # #     #    #     #  #     # #
[gzserver-2] # #   # #     #    #     #  #       #
[gzserver-2] #  #  # #     #    #     #  #       #####
[gzserver-2] #   # # #     #    #     #  #       #
[gzserver-2] #    ## #     #    #     #  #     # #
[gzserver-2] #     # #######    #    ###  #####  #######
[gzserver-2] 
[gzserver-2] This version of Gazebo, now called Gazebo classic, reaches end-of-life
[gzserver-2] in January 2025. Users are highly encouraged to migrate to the new Gazebo
[gzserver-2] using our migration guides (https://gazebosim.org/docs/latest/gazebo_classic_migration?utm_source=gazebo_ros_pkgs&utm_medium=cli)
[gzserver-2] 
[gzserver-2] [0m[1;33m
[rviz2-1] [INFO] [1773131118.138813035] [rviz2]: Stereo is NOT SUPPORTED
[rviz2-1] [INFO] [1773131118.138903434] [rviz2]: OpenGl version: 4.6 (GLSL 4.6)
[rviz2-1] [INFO] [1773131118.219727115] [rviz2]: Stereo is NOT SUPPORTED
[rviz2-1] [INFO] [1773131118.312424531] [rviz2]: Stereo is NOT SUPPORTED
[spawn_drone-5] [INFO] [1773131118.836776146] [spawn_drone]: Result False Entity pushed to spawn queue, but spawn service timed outwaiting for entity to appear in simulation under the name [/drone]
[gzserver-2] [1;32m[Msg] [0m[1;32mWaiting for master.[0m[1;32m
[gzserver-2] [0m[1;32m[0m[1;32m[0m[1;32m[Msg] [0m[1;32mConnected to gazebo master @ [0m[1;32mhttp://127.0.0.1:11345[0m[1;32m
[gzserver-2] [0m[1;32m[0m[1;32m[0m[1;32m[Msg] [0m[1;32mPublicized address: [0m[1;32m172.16.52.147[0m[1;32m
[gzserver-2] [0m[1;32m[0m[1;32m[0m[1;32m[Msg] [0m[1;32mLoading world file [[0m[1;32m/home/j/INCSL/IICC26_ws/install/sjtu_drone_description/share/sjtu_drone_description/worlds/landingPad.world[0m[1;32m][0m[1;32m
[gzserver-2] [0m[1;32m[0m[1;32m[0m[1;36m[Dbg] [wind_plugin.cpp:96] [0m[1;36mWindPlugin loaded: speed=[0m[1;36m0[0m[1;36m dir=[0m[1;36m0[0m[1;36m deg area=[0m[1;36m0.1[0m[1;36m coeff=[0m[1;36m1[0m[1;36m
[gzserver-2] [0m[1;33m[0m[1;33m[0m[1;31m[Err] [Sensor.cc:510] [0m[1;31mGet noise index not valid[0m[1;31m
[gzserver-2] [0m[1;31m[0m[1;31m[0m[1;31m[Err] [Sensor.cc:510] [0m[1;31mGet noise index not valid[0m[1;31m
[gzserver-2] [0m[1;31m[0m[1;31m[0m[1;31m[Err] [Sensor.cc:510] [0m[1;31mGet noise index not valid[0m[1;31m
[gzserver-2] [0m[1;31m[0m[1;31m[0m[1;31m[Err] [Sensor.cc:510] [0m[1;31mGet noise index not valid[0m[1;31m
[gzserver-2] [0m[1;31m[0m[1;31m[0m[1;31m[Err] [Sensor.cc:510] [0m[1;31mGet noise index not valid[0m[1;31m
[gzserver-2] [0m[1;31m[0m[1;31m[0m[1;31m[Err] [Sensor.cc:510] [0m[1;31mGet noise index not valid[0m[1;31m
[gzserver-2] [0m[1;31m[0m[1;31m[0mTopic [default//drone/base_footprint/down_camera/image] is not valid.
[gzserver-2] [INFO] [1773131118.868570210] [drone.collision_plugin]: Publishing contact states to [/drone/bumper_states]
[gzserver-2] Topic [default//drone/base_footprint/front_camera/image] is not valid.
[gzserver-2] [1;33m[Wrn] [Event.cc:61] [0m[1;33mWarning: Deleting a connection right after creation. [0m[1;33mMake sure to save the ConnectionPtr from a Connect call
[INFO] [spawn_drone-5]: process has finished cleanly [pid 3529005]
[gzserver-2] [0m[INFO] [1773131119.456173568] [drone.camera_bottom]: Publishing camera info to [/drone/bottom/camera_info]
[gzserver-2] [INFO] [1773131119.461309528] [drone.camera_front]: Publishing camera info to [/drone/front/camera_info]
[gzserver-2] [INFO] [1773131119.582971565] [drone.simple_drone]: The drone plugin is loading!
[gzserver-2] [INFO] [1773131119.583180933] [drone.simple_drone]: pub_odom: 1
[gzserver-2] [INFO] [1773131119.583214160] [drone.simple_drone]: Using following parameters: 
[gzserver-2] 		link_name: base_footprint,
[gzserver-2] 		max_force: 30,
[gzserver-2] 		motion_small_noise: 0,
[gzserver-2] 		motion_drift_noise: 0,
[gzserver-2] 		motion_drift_noise_time: 50,
[gzserver-2] 		takeoff_hover_height: 2.34,
[gzserver-2] 		takeoff_vertical_speed: 0.2
[gzserver-2] [INFO] [1773131119.594976924] [drone.simple_drone]: Using the PID parameters: 
[gzserver-2] 	Roll Pitch:
[gzserver-2] 		kP: 10, kI: 0,kD: 5, Limit: 0.5, Time Constant: 0
[gzserver-2] 	Yaw:
[gzserver-2] 		kP: 2, kI: 0,kD: 1, Limit: 1.5, Time Constant: 0
[gzserver-2] 	Velocity X:
[gzserver-2] 		kP: 5, kI: 0,kD: 2.3, Limit: 2, Time Constant: 0
[gzserver-2] 	Velocity Y:
[gzserver-2] 		kP: 5, kI: 0,kD: 2.3, Limit: 2, Time Constant: 0
[gzserver-2] 	Velocity Z:
[gzserver-2] 		kP: 5, kI: 0,kD: 1, Limit: -1, Time Constant: 0
[gzserver-2] 	Position XY:
[gzserver-2] 		kP: 1.1, kI: 0,kD: 0, Limit: 5, Time Constant: 0
[gzserver-2] 	Position Z:
[gzserver-2] 		kP: 1, kI: 0,kD: 0.2, Limit: -1, Time Constant: 0
[gzserver-2] [INFO] [1773131119.595109060] [drone.simple_drone]: The drone plugin finished loading!
[gzserver-2] [INFO] [1773131126.691527556] [gazebo_wind_plugin_node]: WindPlugin: set wind_speed=0.00 wind_direction=0.0
[gzserver-2] [INFO] [1773131126.964009337] [gazebo_wind_plugin_node]: WindPlugin: set wind_speed=0.00 wind_direction=0.0
[gzserver-2] [INFO] [1773131127.003106276] [drone.simple_drone]: Quadrotor takes off!!
[gzserver-2] [INFO] [1773131127.204234084] [gazebo_wind_plugin_node]: WindPlugin: set wind_speed=0.00 wind_direction=0.0
[gzserver-2] [INFO] [1773131127.437989689] [gazebo_wind_plugin_node]: WindPlugin: set wind_speed=0.00 wind_direction=0.0
[gzserver-2] [INFO] [1773131127.672432935] [gazebo_wind_plugin_node]: WindPlugin: set wind_speed=0.00 wind_direction=0.0
[gzserver-2] [INFO] [1773131127.906675849] [gazebo_wind_plugin_node]: WindPlugin: set wind_speed=0.00 wind_direction=0.0
[gzserver-2] [INFO] [1773131128.146815174] [gazebo_wind_plugin_node]: WindPlugin: set wind_speed=0.00 wind_direction=0.0
[gzserver-2] [INFO] [1773131128.386877001] [gazebo_wind_plugin_node]: WindPlugin: set wind_speed=0.00 wind_direction=0.0
[gzserver-2] [INFO] [1773131128.626181675] [gazebo_wind_plugin_node]: WindPlugin: set wind_speed=0.00 wind_direction=0.0
[gzserver-2] [0m[1;36m[Dbg] [wind_plugin.cpp:110] [0m[1;36mWindPlugin: received command -> speed=[0m[1;36m0[0m[1;36m dir=[0m[1;36m0[0m[1;36m
[gzserver-2] [0m[1;36m[Dbg] [wind_plugin.cpp:110] [0m[1;36mWindPlugin: received command -> speed=[0m[1;36m0[0m[1;36m dir=[0m[1;36m0[0m[1;36m
[gzserver-2] [0m[1;36m[Dbg] [wind_plugin.cpp:110] [0m[1;36mWindPlugin: received command -> speed=[0m[1;36m0[0m[1;36m dir=[0m[1;36m0[0m[1;36m
[gzserver-2] [0m[1;36m[Dbg] [wind_plugin.cpp:110] [0m[1;36mWindPlugin: received command -> speed=[0m[1;36m0[0m[1;36m dir=[0m[1;36m0[0m[1;36m
[gzserver-2] [0m[1;36m[Dbg] [wind_plugin.cpp:110] [0m[1;36mWindPlugin: received command -> speed=[0m[1;36m0[0m[1;36m dir=[0m[1;36m0[0m[1;36m
[gzserver-2] [0m[1;36m[Dbg] [wind_plugin.cpp:110] [0m[1;36mWindPlugin: received command -> speed=[0m[1;36m0[0m[1;36m dir=[0m[1;36m0[0m[1;36m
[gzserver-2] [0m[1;36m[Dbg] [wind_plugin.cpp:110] [0m[1;36mWindPlugin: received command -> speed=[0m[1;36m0[0m[1;36m dir=[0m[1;36m0[0m[1;36m
[gzserver-2] [0m[1;36m[Dbg] [wind_plugin.cpp:110] [0m[1;36mWindPlugin: received command -> speed=[0m[1;36m0[0m[1;36m dir=[0m[1;36m0[0m[1;36m
[gzserver-2] [0m[1;36m[Dbg] [wind_plugin.cpp:110] [0m[1;36mWindPlugin: received command -> speed=[0m[1;36m0[0m[1;36m dir=[0m[1;36m0[0m[1;36m
[gzserver-2] [0mEntering flying model!
[gzserver-2] [INFO] [1773131128.860179541] [gazebo_wind_plugin_node]: WindPlugin: set wind_speed=0.00 wind_direction=0.0
[gzserver-2] [INFO] [1773131129.099974931] [gazebo_wind_plugin_node]: WindPlugin: set wind_speed=1.90 wind_direction=-16.5
[gzserver-2] [INFO] [1773131129.339482012] [gazebo_wind_plugin_node]: WindPlugin: set wind_speed=1.94 wind_direction=-16.0
[gzserver-2] [INFO] [1773131129.579025926] [gazebo_wind_plugin_node]: WindPlugin: set wind_speed=1.94 wind_direction=-16.0
[gzserver-2] [INFO] [1773131129.818117533] [gazebo_wind_plugin_node]: WindPlugin: set wind_speed=1.94 wind_direction=-16.0
[gzserver-2] [INFO] [1773131130.052051695] [gazebo_wind_plugin_node]: WindPlugin: set wind_speed=1.94 wind_direction=-16.0
[gzserver-2] [INFO] [1773131130.291326286] [gazebo_wind_plugin_node]: WindPlugin: set wind_speed=1.96 wind_direction=-14.1
[gzserver-2] [INFO] [1773131130.531014396] [gazebo_wind_plugin_node]: WindPlugin: set wind_speed=1.96 wind_direction=-14.1
[gzserver-2] [INFO] [1773131130.771493111] [gazebo_wind_plugin_node]: WindPlugin: set wind_speed=1.96 wind_direction=-14.1
[gzserver-2] [INFO] [1773131131.005641566] [gazebo_wind_plugin_node]: WindPlugin: set wind_speed=1.96 wind_direction=-14.1
[gzserver-2] [INFO] [1773131131.240118225] [gazebo_wind_plugin_node]: WindPlugin: set wind_speed=2.04 wind_direction=-16.1
[gzserver-2] [INFO] [1773131131.479684407] [gazebo_wind_plugin_node]: WindPlugin: set wind_speed=2.04 wind_direction=-16.1
[gzserver-2] [INFO] [1773131131.714375313] [gazebo_wind_plugin_node]: WindPlugin: set wind_speed=2.04 wind_direction=-16.1
[gzserver-2] [INFO] [1773131131.953564544] [gazebo_wind_plugin_node]: WindPlugin: set wind_speed=2.04 wind_direction=-16.1
[gzserver-2] [INFO] [1773131131.986815801] [drone.simple_drone]: Quadrotor lands!!
[gzserver-2] [INFO] [1773131132.188383331] [gazebo_wind_plugin_node]: WindPlugin: set wind_speed=2.04 wind_direction=-16.1
[gzserver-2] [INFO] [1773131132.428540547] [gazebo_wind_plugin_node]: WindPlugin: set wind_speed=1.99 wind_direction=-16.4
[gzserver-2] [INFO] [1773131132.667511283] [gazebo_wind_plugin_node]: WindPlugin: set wind_speed=1.99 wind_direction=-16.4
[gzserver-2] [INFO] [1773131132.908467066] [gazebo_wind_plugin_node]: WindPlugin: set wind_speed=1.99 wind_direction=-16.4
[gzserver-2] [1;36m[Dbg] [wind_plugin.cpp:110] [0m[1;36mWindPlugin: received command -> speed=[0m[1;36m0[0m[1;36m dir=[0m[1;36m0[0m[1;36m
[gzserver-2] [0m[1;36m[Dbg] [wind_plugin.cpp:110] [0m[1;36mWindPlugin: received command -> speed=[0m[1;36m1.89832[0m[1;36m dir=[0m[1;36m-16.4797[0m[1;36m
[gzserver-2] [0m[1;36m[Dbg] [wind_plugin.cpp:110] [0m[1;36mWindPlugin: received command -> speed=[0m[1;36m1.93621[0m[1;36m dir=[0m[1;36m-15.9836[0m[1;36m
[gzserver-2] [0m[1;36m[Dbg] [wind_plugin.cpp:110] [0m[1;36mWindPlugin: received command -> speed=[0m[1;36m1.93621[0m[1;36m dir=[0m[1;36m-15.9836[0m[1;36m
[gzserver-2] [0m[1;36m[Dbg] [wind_plugin.cpp:110] [0m[1;36mWindPlugin: received command -> speed=[0m[1;36m1.93621[0m[1;36m dir=[0m[1;36m-15.9836[0m[1;36m
[gzserver-2] [0m[1;36m[Dbg] [wind_plugin.cpp:110] [0m[1;36mWindPlugin: received command -> speed=[0m[1;36m1.93621[0m[1;36m dir=[0m[1;36m-15.9836[0m[1;36m
[gzserver-2] [0m[1;36m[Dbg] [wind_plugin.cpp:110] [0m[1;36mWindPlugin: received command -> speed=[0m[1;36m1.95993[0m[1;36m dir=[0m[1;36m-14.115[0m[1;36m
[gzserver-2] [0m[1;36m[Dbg] [wind_plugin.cpp:110] [0m[1;36mWindPlugin: received command -> speed=[0m[1;36m1.95993[0m[1;36m dir=[0m[1;36m-14.115[0m[1;36m
[gzserver-2] [0m[1;36m[Dbg] [wind_plugin.cpp:110] [0m[1;36mWindPlugin: received command -> speed=[0m[1;36m1.95993[0m[1;36m dir=[0m[1;36m-14.115[0m[1;36m
[gzserver-2] [0m[1;36m[Dbg] [wind_plugin.cpp:110] [0m[1;36mWindPlugin: received command -> speed=[0m[1;36m1.95993[0m[1;36m dir=[0m[1;36m-14.115[0m[1;36m
[gzserver-2] [0m[1;36m[Dbg] [wind_plugin.cpp:110] [0m[1;36mWindPlugin: received command -> speed=[0m[1;36m2.03702[0m[1;36m dir=[0m[1;36m-16.0818[0m[1;36m
[gzserver-2] [0m[1;36m[Dbg] [wind_plugin.cpp:110] [0m[1;36mWindPlugin: received command -> speed=[0m[1;36m2.03702[0m[1;36m dir=[0m[1;36m-16.0818[0m[1;36m
[gzserver-2] [0m[1;36m[Dbg] [wind_plugin.cpp:110] [0m[1;36mWindPlugin: received command -> speed=[0m[1;36m2.03702[0m[1;36m dir=[0m[1;36m-16.0818[0m[1;36m
[gzserver-2] [0m[1;36m[Dbg] [wind_plugin.cpp:110] [0m[1;36mWindPlugin: received command -> speed=[0m[1;36m2.03702[0m[1;36m dir=[0m[1;36m-16.0818[0m[1;36m
[gzserver-2] [0m[1;36m[Dbg] [wind_plugin.cpp:110] [0m[1;36mWindPlugin: received command -> speed=[0m[1;36m2.03702[0m[1;36m dir=[0m[1;36m-16.0818[0m[1;36m
[gzserver-2] [0m[1;36m[Dbg] [wind_plugin.cpp:110] [0m[1;36mWindPlugin: received command -> speed=[0m[1;36m1.98687[0m[1;36m dir=[0m[1;36m-16.3833[0m[1;36m
[gzserver-2] [0m[1;36m[Dbg] [wind_plugin.cpp:110] [0m[1;36mWindPlugin: received command -> speed=[0m[1;36m1.98687[0m[1;36m dir=[0m[1;36m-16.3833[0m[1;36m
[gzserver-2] [0m[1;36m[Dbg] [wind_plugin.cpp:110] [0m[1;36mWindPlugin: received command -> speed=[0m[1;36m1.98687[0m[1;36m dir=[0m[1;36m-16.3833[0m[1;36m
[gzserver-2] [0mLanded!
[gzserver-2] [INFO] [1773131133.148529361] [gazebo_wind_plugin_node]: WindPlugin: set wind_speed=1.99 wind_direction=-16.4
[gzserver-2] [INFO] [1773131133.388340441] [gazebo_wind_plugin_node]: WindPlugin: set wind_speed=1.95 wind_direction=-16.0
[gzserver-2] [INFO] [1773131133.628516244] [gazebo_wind_plugin_node]: WindPlugin: set wind_speed=1.95 wind_direction=-16.0
[gzserver-2] [INFO] [1773131133.867705767] [gazebo_wind_plugin_node]: WindPlugin: set wind_speed=1.95 wind_direction=-16.0
[gzserver-2] [INFO] [1773131134.101802935] [gazebo_wind_plugin_node]: WindPlugin: set wind_speed=1.95 wind_direction=-16.0
[gzserver-2] [INFO] [1773131134.342698657] [gazebo_wind_plugin_node]: WindPlugin: set wind_speed=1.61 wind_direction=-17.4
[gzserver-2] [INFO] [1773131134.578045417] [gazebo_wind_plugin_node]: WindPlugin: set wind_speed=1.61 wind_direction=-17.4
[gzserver-2] [INFO] [1773131134.807310682] [gazebo_wind_plugin_node]: WindPlugin: set wind_speed=1.61 wind_direction=-17.4
