[INFO] [launch]: All log files can be found below /home/j/.ros/log/2026-03-10-20-35-36-791507-j-301625
[INFO] [launch]: Default logging verbosity is set to INFO
[INFO] [launch.user]: [bringup] Apriltag config: camera=/drone/bottom, image=/drone/bottom/image_raw, tags=/drone/bottom/tags, bridge=/landing_tag_state, standalone=true, use_target_id=true, target_id=0
[INFO] [rviz2-1]: process started with pid [301628]
[INFO] [gzserver-2]: process started with pid [301630]
[INFO] [robot_state_publisher-3]: process started with pid [301632]
[INFO] [joint_state_publisher-4]: process started with pid [301634]
[INFO] [spawn_drone-5]: process started with pid [301636]
[INFO] [static_transform_publisher-6]: process started with pid [301638]
[INFO] [joy_node-7]: process started with pid [301640]
[INFO] [teleop_joystick-8]: process started with pid [301642]
[INFO] [apriltag_detector_node-9]: process started with pid [301644]
[INFO] [apriltag_state_bridge-10]: process started with pid [301646]
[static_transform_publisher-6] [WARN] [1773142537.289966766] []: Old-style arguments are deprecated; see --help for new-style arguments
[static_transform_publisher-6] [INFO] [1773142537.295042718] [static_transform_publisher_vq2a7ShPTK0EW9Bc]: Spinning until stopped - publishing transform
[static_transform_publisher-6] translation: ('0.000000', '0.000000', '0.000000')
[static_transform_publisher-6] rotation: ('0.000000', '0.000000', '0.000000', '1.000000')
[static_transform_publisher-6] from 'world' to '/drone/odom'
[robot_state_publisher-3] [INFO] [1773142537.311418811] [drone.robot_state_publisher]: got segment base_footprint
[robot_state_publisher-3] [INFO] [1773142537.311483166] [drone.robot_state_publisher]: got segment base_link
[robot_state_publisher-3] [INFO] [1773142537.311489038] [drone.robot_state_publisher]: got segment bottom_cam_link
[robot_state_publisher-3] [INFO] [1773142537.311492489] [drone.robot_state_publisher]: got segment front_cam_link
[robot_state_publisher-3] [INFO] [1773142537.311495345] [drone.robot_state_publisher]: got segment sonar_link
[apriltag_detector_node-9] [INFO] [1773142537.322991063] [apriltag_detector_node]: tag detector type: umich
[rviz2-1] 
[rviz2-1] (rviz2:301628): dbind-WARNING **: 20:35:37.326: Couldn't connect to accessibility bus: Failed to connect to socket /root/.cache/at-spi/bus_0: 허가 거부
[teleop_joystick-8] Traceback (most recent call last):
[teleop_joystick-8]   File "/home/j/INCSL/IICC26_ws/install/sjtu_drone_control/lib/sjtu_drone_control/teleop_joystick", line 33, in <module>
[teleop_joystick-8]     sys.exit(load_entry_point('sjtu_drone_control==0.0.0', 'console_scripts', 'teleop_joystick')())
[teleop_joystick-8]   File "/home/j/INCSL/IICC26_ws/install/sjtu_drone_control/lib/sjtu_drone_control/teleop_joystick", line 22, in importlib_load_entry_point
[teleop_joystick-8]     for entry_point in distribution(dist_name).entry_points
[teleop_joystick-8]   File "/usr/lib/python3.10/importlib/metadata/__init__.py", line 969, in distribution
[teleop_joystick-8]     return Distribution.from_name(distribution_name)
[teleop_joystick-8]   File "/usr/lib/python3.10/importlib/metadata/__init__.py", line 548, in from_name
[teleop_joystick-8]     raise PackageNotFoundError(name)
[teleop_joystick-8] importlib.metadata.PackageNotFoundError: No package metadata was found for sjtu_drone_control
[ERROR] [teleop_joystick-8]: process has died [pid 301642, exit code 1, cmd '/home/j/INCSL/IICC26_ws/install/sjtu_drone_control/lib/sjtu_drone_control/teleop_joystick --ros-args -r __ns:=/drone'].
[gzserver-2] Gazebo multi-robot simulator, version 11.10.2
[gzserver-2] Copyright (C) 2012 Open Source Robotics Foundation.
[gzserver-2] Released under the Apache 2 License.
[gzserver-2] http://gazebosim.org
[gzserver-2] 
[apriltag_state_bridge-10] [INFO] [1773142537.489311650] [apriltag_state_bridge]: AprilTag bridge started: /drone/bottom/tags -> /landing_tag_state, use_target_id=True, target_id=0
[joint_state_publisher-4] [INFO] [1773142537.556625100] [drone.joint_state_publisher]: Waiting for robot_description to be published on the robot_description topic...
[gzserver-2] [1;33m[Wrn] [gazebo_ros_init.cpp:178] [0m[1;33m
[gzserver-2] #     # ####### ####### ###  #####  #######
[gzserver-2] ##    # #     #    #     #  #     # #
[gzserver-2] # #   # #     #    #     #  #       #
[gzserver-2] #  #  # #     #    #     #  #       #####
[gzserver-2] #   # # #     #    #     #  #       #
[gzserver-2] #    ## #     #    #     #  #     # #
[gzserver-2] #     # #######    #    ###  #####  #######
[gzserver-2] 
[gzserver-2] This version of Gazebo, now called Gazebo classic, reaches end-of-life
[gzserver-2] in January 2025. Users are highly encouraged to migrate to the new Gazebo
[gzserver-2] using our migration guides (https://gazebosim.org/docs/latest/gazebo_classic_migration?utm_source=gazebo_ros_pkgs&utm_medium=cli)
[gzserver-2] 
[gzserver-2] [0m[1;33m
[rviz2-1] [INFO] [1773142538.104793031] [rviz2]: Stereo is NOT SUPPORTED
[rviz2-1] [INFO] [1773142538.104882887] [rviz2]: OpenGl version: 4.6 (GLSL 4.6)
[rviz2-1] [INFO] [1773142538.187663379] [rviz2]: Stereo is NOT SUPPORTED
[rviz2-1] [INFO] [1773142538.303731594] [rviz2]: Stereo is NOT SUPPORTED
[spawn_drone-5] [INFO] [1773142538.691149766] [spawn_drone]: Result False Entity pushed to spawn queue, but spawn service timed outwaiting for entity to appear in simulation under the name [/drone]
[gzserver-2] [1;32m[Msg] [0m[1;32mWaiting for master.[0m[1;32m
[gzserver-2] [0m[1;32m[0m[1;32m[0m[1;32m[Msg] [0m[1;32mConnected to gazebo master @ [0m[1;32mhttp://127.0.0.1:11345[0m[1;32m
[gzserver-2] [0m[1;32m[0m[1;32m[0m[1;32m[Msg] [0m[1;32mPublicized address: [0m[1;32m192.168.0.11[0m[1;32m
[gzserver-2] [0m[1;32m[0m[1;32m[0m[1;32m[Msg] [0m[1;32mLoading world file [[0m[1;32m/home/j/INCSL/IICC26_ws/install/sjtu_drone_description/share/sjtu_drone_description/worlds/landingPad.world[0m[1;32m][0m[1;32m
[gzserver-2] [0m[1;32m[0m[1;32m[0m[1;36m[Dbg] [wind_plugin.cpp:96] [0m[1;36mWindPlugin loaded: speed=[0m[1;36m0[0m[1;36m dir=[0m[1;36m0[0m[1;36m deg area=[0m[1;36m0.1[0m[1;36m coeff=[0m[1;36m1[0m[1;36m
[gzserver-2] [0m[1;33m[0m[1;33m[0m[1;31m[Err] [Sensor.cc:510] [0m[1;31mGet noise index not valid[0m[1;31m
[gzserver-2] [0m[1;31m[0m[1;31m[0m[1;31m[Err] [Sensor.cc:510] [0m[1;31mGet noise index not valid[0m[1;31m
[gzserver-2] [0m[1;31m[0m[1;31m[0m[1;31m[Err] [Sensor.cc:510] [0m[1;31mGet noise index not valid[0m[1;31m
[gzserver-2] [0m[1;31m[0m[1;31m[0m[1;31m[Err] [Sensor.cc:510] [0m[1;31mGet noise index not valid[0m[1;31m
[gzserver-2] [0m[1;31m[0m[1;31m[0m[1;31m[Err] [Sensor.cc:510] [0m[1;31mGet noise index not valid[0m[1;31m
[gzserver-2] [0m[1;31m[0m[1;31m[0m[1;31m[Err] [Sensor.cc:510] [0m[1;31mGet noise index not valid[0m[1;31m
[gzserver-2] [0m[1;31m[0m[1;31m[0mTopic [default//drone/base_footprint/down_camera/image] is not valid.
[gzserver-2] [INFO] [1773142538.722167565] [drone.collision_plugin]: Publishing contact states to [/drone/bumper_states]
[gzserver-2] Topic [default//drone/base_footprint/front_camera/image] is not valid.
[gzserver-2] [1;33m[Wrn] [Event.cc:61] [0m[1;33mWarning: Deleting a connection right after creation. [0m[1;33mMake sure to save the ConnectionPtr from a Connect call
[INFO] [spawn_drone-5]: process has finished cleanly [pid 301636]
[gzserver-2] [0m[INFO] [1773142539.296646245] [drone.camera_bottom]: Publishing camera info to [/drone/bottom/camera_info]
[gzserver-2] [INFO] [1773142539.301079185] [drone.camera_front]: Publishing camera info to [/drone/front/camera_info]
[gzserver-2] [INFO] [1773142539.423489607] [drone.simple_drone]: The drone plugin is loading!
[gzserver-2] [INFO] [1773142539.423695387] [drone.simple_drone]: pub_odom: 1
[gzserver-2] [INFO] [1773142539.423730163] [drone.simple_drone]: Using following parameters: 
[gzserver-2] 		link_name: base_footprint,
[gzserver-2] 		max_force: 30,
[gzserver-2] 		motion_small_noise: 0,
[gzserver-2] 		motion_drift_noise: 0,
[gzserver-2] 		motion_drift_noise_time: 50,
[gzserver-2] 		takeoff_hover_height: 2.16,
[gzserver-2] 		takeoff_vertical_speed: 0.2
[gzserver-2] [INFO] [1773142539.435468485] [drone.simple_drone]: Using the PID parameters: 
[gzserver-2] 	Roll Pitch:
[gzserver-2] 		kP: 10, kI: 0,kD: 5, Limit: 0.5, Time Constant: 0
[gzserver-2] 	Yaw:
[gzserver-2] 		kP: 2, kI: 0,kD: 1, Limit: 1.5, Time Constant: 0
[gzserver-2] 	Velocity X:
[gzserver-2] 		kP: 5, kI: 0,kD: 2.3, Limit: 2, Time Constant: 0
[gzserver-2] 	Velocity Y:
[gzserver-2] 		kP: 5, kI: 0,kD: 2.3, Limit: 2, Time Constant: 0
[gzserver-2] 	Velocity Z:
[gzserver-2] 		kP: 5, kI: 0,kD: 1, Limit: -1, Time Constant: 0
[gzserver-2] 	Position XY:
[gzserver-2] 		kP: 1.1, kI: 0,kD: 0, Limit: 5, Time Constant: 0
[gzserver-2] 	Position Z:
[gzserver-2] 		kP: 1, kI: 0,kD: 0.2, Limit: -1, Time Constant: 0
[gzserver-2] [INFO] [1773142539.435603820] [drone.simple_drone]: The drone plugin finished loading!
[gzserver-2] [INFO] [1773142546.596209397] [gazebo_wind_plugin_node]: WindPlugin: set wind_speed=0.00 wind_direction=0.0
[gzserver-2] [INFO] [1773142546.866937734] [gazebo_wind_plugin_node]: WindPlugin: set wind_speed=0.00 wind_direction=0.0
[gzserver-2] [INFO] [1773142546.906751406] [drone.simple_drone]: Quadrotor takes off!!
[gzserver-2] [INFO] [1773142547.108842470] [gazebo_wind_plugin_node]: WindPlugin: set wind_speed=0.00 wind_direction=0.0
[gzserver-2] [INFO] [1773142547.347955929] [gazebo_wind_plugin_node]: WindPlugin: set wind_speed=0.00 wind_direction=0.0
[gzserver-2] [INFO] [1773142547.589108974] [gazebo_wind_plugin_node]: WindPlugin: set wind_speed=0.00 wind_direction=0.0
[gzserver-2] [INFO] [1773142547.828513392] [gazebo_wind_plugin_node]: WindPlugin: set wind_speed=0.00 wind_direction=0.0
[gzserver-2] [INFO] [1773142548.062531719] [gazebo_wind_plugin_node]: WindPlugin: set wind_speed=0.00 wind_direction=0.0
[gzserver-2] [INFO] [1773142548.302219372] [gazebo_wind_plugin_node]: WindPlugin: set wind_speed=0.00 wind_direction=0.0
[gzserver-2] [INFO] [1773142548.541420311] [gazebo_wind_plugin_node]: WindPlugin: set wind_speed=0.00 wind_direction=0.0
[gzserver-2] [0m[1;36m[Dbg] [wind_plugin.cpp:110] [0m[1;36mWindPlugin: received command -> speed=[0m[1;36m0[0m[1;36m dir=[0m[1;36m0[0m[1;36m
[gzserver-2] [0m[1;36m[Dbg] [wind_plugin.cpp:110] [0m[1;36mWindPlugin: received command -> speed=[0m[1;36m0[0m[1;36m dir=[0m[1;36m0[0m[1;36m
[gzserver-2] [0m[1;36m[Dbg] [wind_plugin.cpp:110] [0m[1;36mWindPlugin: received command -> speed=[0m[1;36m0[0m[1;36m dir=[0m[1;36m0[0m[1;36m
[gzserver-2] [0m[1;36m[Dbg] [wind_plugin.cpp:110] [0m[1;36mWindPlugin: received command -> speed=[0m[1;36m0[0m[1;36m dir=[0m[1;36m0[0m[1;36m
[gzserver-2] [0m[1;36m[Dbg] [wind_plugin.cpp:110] [0m[1;36mWindPlugin: received command -> speed=[0m[1;36m0[0m[1;36m dir=[0m[1;36m0[0m[1;36m
[gzserver-2] [0m[1;36m[Dbg] [wind_plugin.cpp:110] [0m[1;36mWindPlugin: received command -> speed=[0m[1;36m0[0m[1;36m dir=[0m[1;36m0[0m[1;36m
[gzserver-2] [0m[1;36m[Dbg] [wind_plugin.cpp:110] [0m[1;36mWindPlugin: received command -> speed=[0m[1;36m0[0m[1;36m dir=[0m[1;36m0[0m[1;36m
[gzserver-2] [0m[1;36m[Dbg] [wind_plugin.cpp:110] [0m[1;36mWindPlugin: received command -> speed=[0m[1;36m0[0m[1;36m dir=[0m[1;36m0[0m[1;36m
[gzserver-2] [0m[1;36m[Dbg] [wind_plugin.cpp:110] [0m[1;36mWindPlugin: received command -> speed=[0m[1;36m0[0m[1;36m dir=[0m[1;36m0[0m[1;36m
[gzserver-2] [0mEntering flying model!
[gzserver-2] [INFO] [1773142548.777266464] [gazebo_wind_plugin_node]: WindPlugin: set wind_speed=0.00 wind_direction=0.0
[gzserver-2] [INFO] [1773142549.016696310] [gazebo_wind_plugin_node]: WindPlugin: set wind_speed=1.84 wind_direction=-77.8
[gzserver-2] [INFO] [1773142549.250675405] [gazebo_wind_plugin_node]: WindPlugin: set wind_speed=1.92 wind_direction=-78.2
[gzserver-2] [INFO] [1773142549.490959862] [gazebo_wind_plugin_node]: WindPlugin: set wind_speed=1.92 wind_direction=-78.2
[gzserver-2] [INFO] [1773142549.730081206] [gazebo_wind_plugin_node]: WindPlugin: set wind_speed=1.92 wind_direction=-78.2
[gzserver-2] [INFO] [1773142549.969442873] [gazebo_wind_plugin_node]: WindPlugin: set wind_speed=1.92 wind_direction=-78.2
[gzserver-2] [INFO] [1773142550.208951154] [gazebo_wind_plugin_node]: WindPlugin: set wind_speed=1.80 wind_direction=-78.1
[gzserver-2] [INFO] [1773142550.442804785] [gazebo_wind_plugin_node]: WindPlugin: set wind_speed=1.80 wind_direction=-78.1
[gzserver-2] [INFO] [1773142550.684076585] [gazebo_wind_plugin_node]: WindPlugin: set wind_speed=1.80 wind_direction=-78.1
[gzserver-2] [INFO] [1773142550.923108117] [gazebo_wind_plugin_node]: WindPlugin: set wind_speed=1.80 wind_direction=-78.1
[gzserver-2] [INFO] [1773142551.156767380] [gazebo_wind_plugin_node]: WindPlugin: set wind_speed=1.64 wind_direction=-78.6
[gzserver-2] [INFO] [1773142551.395586722] [gazebo_wind_plugin_node]: WindPlugin: set wind_speed=1.64 wind_direction=-78.6
[gzserver-2] [INFO] [1773142551.624604947] [gazebo_wind_plugin_node]: WindPlugin: set wind_speed=1.64 wind_direction=-78.6
[gzserver-2] [INFO] [1773142551.858831320] [gazebo_wind_plugin_node]: WindPlugin: set wind_speed=1.64 wind_direction=-78.6
[gzserver-2] [INFO] [1773142551.891144709] [drone.simple_drone]: Quadrotor lands!!
[gzserver-2] [INFO] [1773142552.092561081] [gazebo_wind_plugin_node]: WindPlugin: set wind_speed=1.64 wind_direction=-78.6
[gzserver-2] [INFO] [1773142552.332077489] [gazebo_wind_plugin_node]: WindPlugin: set wind_speed=1.88 wind_direction=-76.8
[gzserver-2] [INFO] [1773142552.560671777] [gazebo_wind_plugin_node]: WindPlugin: set wind_speed=1.88 wind_direction=-76.8
[gzserver-2] [INFO] [1773142552.799370462] [gazebo_wind_plugin_node]: WindPlugin: set wind_speed=1.88 wind_direction=-76.8
[gzserver-2] [1;36m[Dbg] [wind_plugin.cpp:110] [0m[1;36mWindPlugin: received command -> speed=[0m[1;36m0[0m[1;36m dir=[0m[1;36m0[0m[1;36m
[gzserver-2] [0m[1;36m[Dbg] [wind_plugin.cpp:110] [0m[1;36mWindPlugin: received command -> speed=[0m[1;36m1.84458[0m[1;36m dir=[0m[1;36m-77.7578[0m[1;36m
[gzserver-2] [0m[1;36m[Dbg] [wind_plugin.cpp:110] [0m[1;36mWindPlugin: received command -> speed=[0m[1;36m1.92207[0m[1;36m dir=[0m[1;36m-78.2308[0m[1;36m
[gzserver-2] [0m[1;36m[Dbg] [wind_plugin.cpp:110] [0m[1;36mWindPlugin: received command -> speed=[0m[1;36m1.92207[0m[1;36m dir=[0m[1;36m-78.2308[0m[1;36m
[gzserver-2] [0m[1;36m[Dbg] [wind_plugin.cpp:110] [0m[1;36mWindPlugin: received command -> speed=[0m[1;36m1.92207[0m[1;36m dir=[0m[1;36m-78.2308[0m[1;36m
[gzserver-2] [0m[1;36m[Dbg] [wind_plugin.cpp:110] [0m[1;36mWindPlugin: received command -> speed=[0m[1;36m1.92207[0m[1;36m dir=[0m[1;36m-78.2308[0m[1;36m
[gzserver-2] [0m[1;36m[Dbg] [wind_plugin.cpp:110] [0m[1;36mWindPlugin: received command -> speed=[0m[1;36m1.80125[0m[1;36m dir=[0m[1;36m-78.1154[0m[1;36m
[gzserver-2] [0m[1;36m[Dbg] [wind_plugin.cpp:110] [0m[1;36mWindPlugin: received command -> speed=[0m[1;36m1.80125[0m[1;36m dir=[0m[1;36m-78.1154[0m[1;36m
[gzserver-2] [0m[1;36m[Dbg] [wind_plugin.cpp:110] [0m[1;36mWindPlugin: received command -> speed=[0m[1;36m1.80125[0m[1;36m dir=[0m[1;36m-78.1154[0m[1;36m
[gzserver-2] [0m[1;36m[Dbg] [wind_plugin.cpp:110] [0m[1;36mWindPlugin: received command -> speed=[0m[1;36m1.80125[0m[1;36m dir=[0m[1;36m-78.1154[0m[1;36m
[gzserver-2] [0m[1;36m[Dbg] [wind_plugin.cpp:110] [0m[1;36mWindPlugin: received command -> speed=[0m[1;36m1.63797[0m[1;36m dir=[0m[1;36m-78.5587[0m[1;36m
[gzserver-2] [0m[1;36m[Dbg] [wind_plugin.cpp:110] [0m[1;36mWindPlugin: received command -> speed=[0m[1;36m1.63797[0m[1;36m dir=[0m[1;36m-78.5587[0m[1;36m
[gzserver-2] [0m[1;36m[Dbg] [wind_plugin.cpp:110] [0m[1;36mWindPlugin: received command -> speed=[0m[1;36m1.63797[0m[1;36m dir=[0m[1;36m-78.5587[0m[1;36m
[gzserver-2] [0m[1;36m[Dbg] [wind_plugin.cpp:110] [0m[1;36mWindPlugin: received command -> speed=[0m[1;36m1.63797[0m[1;36m dir=[0m[1;36m-78.5587[0m[1;36m
[gzserver-2] [0m[1;36m[Dbg] [wind_plugin.cpp:110] [0m[1;36mWindPlugin: received command -> speed=[0m[1;36m1.63797[0m[1;36m dir=[0m[1;36m-78.5587[0m[1;36m
[gzserver-2] [0m[1;36m[Dbg] [wind_plugin.cpp:110] [0m[1;36mWindPlugin: received command -> speed=[0m[1;36m1.8811[0m[1;36m dir=[0m[1;36m-76.8085[0m[1;36m
[gzserver-2] [0m[1;36m[Dbg] [wind_plugin.cpp:110] [0m[1;36mWindPlugin: received command -> speed=[0m[1;36m1.8811[0m[1;36m dir=[0m[1;36m-76.8085[0m[1;36m
[gzserver-2] [0m[1;36m[Dbg] [wind_plugin.cpp:110] [0m[1;36mWindPlugin: received command -> speed=[0m[1;36m1.8811[0m[1;36m dir=[0m[1;36m-76.8085[0m[1;36m
[gzserver-2] [0mLanded!
[gzserver-2] [INFO] [1773142553.028295221] [gazebo_wind_plugin_node]: WindPlugin: set wind_speed=1.88 wind_direction=-76.8
[gzserver-2] [INFO] [1773142553.262889890] [gazebo_wind_plugin_node]: WindPlugin: set wind_speed=1.66 wind_direction=-74.2
[gzserver-2] [INFO] [1773142553.496847630] [gazebo_wind_plugin_node]: WindPlugin: set wind_speed=1.66 wind_direction=-74.2
[gzserver-2] [INFO] [1773142553.738388378] [gazebo_wind_plugin_node]: WindPlugin: set wind_speed=1.66 wind_direction=-74.2
[gzserver-2] [INFO] [1773142553.977975981] [gazebo_wind_plugin_node]: WindPlugin: set wind_speed=1.66 wind_direction=-74.2
[gzserver-2] [INFO] [1773142554.217379048] [gazebo_wind_plugin_node]: WindPlugin: set wind_speed=1.75 wind_direction=-74.5
[gzserver-2] [INFO] [1773142554.456583043] [gazebo_wind_plugin_node]: WindPlugin: set wind_speed=1.75 wind_direction=-74.5
[gzserver-2] [INFO] [1773142554.695667419] [gazebo_wind_plugin_node]: WindPlugin: set wind_speed=1.75 wind_direction=-74.5
