[INFO] [launch]: All log files can be found below /home/j/.ros/log/2026-03-11-01-14-25-773029-j-2710670
[INFO] [launch]: Default logging verbosity is set to INFO
[INFO] [launch.user]: [bringup] Apriltag config: camera=/drone/bottom, image=/drone/bottom/image_raw, tags=/drone/bottom/tags, bridge=/landing_tag_state, standalone=true, use_target_id=true, target_id=0
[INFO] [rviz2-1]: process started with pid [2710687]
[INFO] [gzserver-2]: process started with pid [2710689]
[INFO] [robot_state_publisher-3]: process started with pid [2710691]
[INFO] [joint_state_publisher-4]: process started with pid [2710693]
[INFO] [spawn_drone-5]: process started with pid [2710695]
[INFO] [static_transform_publisher-6]: process started with pid [2710697]
[INFO] [joy_node-7]: process started with pid [2710699]
[INFO] [teleop_joystick-8]: process started with pid [2710701]
[INFO] [apriltag_detector_node-9]: process started with pid [2710703]
[INFO] [apriltag_state_bridge-10]: process started with pid [2710705]
[static_transform_publisher-6] [WARN] [1773159266.250480402] []: Old-style arguments are deprecated; see --help for new-style arguments
[static_transform_publisher-6] [INFO] [1773159266.257701276] [static_transform_publisher_vMJRES4FnJrrC6Af]: Spinning until stopped - publishing transform
[static_transform_publisher-6] translation: ('0.000000', '0.000000', '0.000000')
[static_transform_publisher-6] rotation: ('0.000000', '0.000000', '0.000000', '1.000000')
[static_transform_publisher-6] from 'world' to '/drone/odom'
[robot_state_publisher-3] [INFO] [1773159266.281580084] [drone.robot_state_publisher]: got segment base_footprint
[robot_state_publisher-3] [INFO] [1773159266.281666583] [drone.robot_state_publisher]: got segment base_link
[robot_state_publisher-3] [INFO] [1773159266.281678359] [drone.robot_state_publisher]: got segment bottom_cam_link
[robot_state_publisher-3] [INFO] [1773159266.281686057] [drone.robot_state_publisher]: got segment front_cam_link
[robot_state_publisher-3] [INFO] [1773159266.281693203] [drone.robot_state_publisher]: got segment sonar_link
[rviz2-1] 
[rviz2-1] (rviz2:2710687): dbind-WARNING **: 01:14:26.285: Couldn't connect to accessibility bus: Failed to connect to socket /root/.cache/at-spi/bus_0: 허가 거부
[apriltag_detector_node-9] [INFO] [1773159266.287116707] [apriltag_detector_node]: tag detector type: umich
[teleop_joystick-8] Traceback (most recent call last):
[teleop_joystick-8]   File "/home/j/INCSL/IICC26_ws/install/sjtu_drone_control/lib/sjtu_drone_control/teleop_joystick", line 33, in <module>
[teleop_joystick-8]     sys.exit(load_entry_point('sjtu_drone_control==0.0.0', 'console_scripts', 'teleop_joystick')())
[teleop_joystick-8]   File "/home/j/INCSL/IICC26_ws/install/sjtu_drone_control/lib/sjtu_drone_control/teleop_joystick", line 22, in importlib_load_entry_point
[teleop_joystick-8]     for entry_point in distribution(dist_name).entry_points
[teleop_joystick-8]   File "/usr/lib/python3.10/importlib/metadata/__init__.py", line 969, in distribution
[teleop_joystick-8]     return Distribution.from_name(distribution_name)
[teleop_joystick-8]   File "/usr/lib/python3.10/importlib/metadata/__init__.py", line 548, in from_name
[teleop_joystick-8]     raise PackageNotFoundError(name)
[teleop_joystick-8] importlib.metadata.PackageNotFoundError: No package metadata was found for sjtu_drone_control
[ERROR] [teleop_joystick-8]: process has died [pid 2710701, exit code 1, cmd '/home/j/INCSL/IICC26_ws/install/sjtu_drone_control/lib/sjtu_drone_control/teleop_joystick --ros-args -r __ns:=/drone'].
[gzserver-2] Gazebo multi-robot simulator, version 11.10.2
[gzserver-2] Copyright (C) 2012 Open Source Robotics Foundation.
[gzserver-2] Released under the Apache 2 License.
[gzserver-2] http://gazebosim.org
[gzserver-2] 
[apriltag_state_bridge-10] [INFO] [1773159266.493887555] [apriltag_state_bridge]: AprilTag bridge started: /drone/bottom/tags -> /landing_tag_state, use_target_id=True, target_id=0
[joint_state_publisher-4] [INFO] [1773159266.532396459] [drone.joint_state_publisher]: Waiting for robot_description to be published on the robot_description topic...
[gzserver-2] [1;33m[Wrn] [gazebo_ros_init.cpp:178] [0m[1;33m
[gzserver-2] #     # ####### ####### ###  #####  #######
[gzserver-2] ##    # #     #    #     #  #     # #
[gzserver-2] # #   # #     #    #     #  #       #
[gzserver-2] #  #  # #     #    #     #  #       #####
[gzserver-2] #   # # #     #    #     #  #       #
[gzserver-2] #    ## #     #    #     #  #     # #
[gzserver-2] #     # #######    #    ###  #####  #######
[gzserver-2] 
[gzserver-2] This version of Gazebo, now called Gazebo classic, reaches end-of-life
[gzserver-2] in January 2025. Users are highly encouraged to migrate to the new Gazebo
[gzserver-2] using our migration guides (https://gazebosim.org/docs/latest/gazebo_classic_migration?utm_source=gazebo_ros_pkgs&utm_medium=cli)
[gzserver-2] 
[gzserver-2] [0m[1;33m
[rviz2-1] [INFO] [1773159267.142148229] [rviz2]: Stereo is NOT SUPPORTED
[rviz2-1] [INFO] [1773159267.142244720] [rviz2]: OpenGl version: 4.6 (GLSL 4.6)
[rviz2-1] [INFO] [1773159267.226964977] [rviz2]: Stereo is NOT SUPPORTED
[rviz2-1] [INFO] [1773159267.316152843] [rviz2]: Stereo is NOT SUPPORTED
[spawn_drone-5] [INFO] [1773159267.695860496] [spawn_drone]: Result False Entity pushed to spawn queue, but spawn service timed outwaiting for entity to appear in simulation under the name [/drone]
[gzserver-2] [1;32m[Msg] [0m[1;32mWaiting for master.[0m[1;32m
[gzserver-2] [0m[1;32m[0m[1;32m[0m[1;32m[Msg] [0m[1;32mConnected to gazebo master @ [0m[1;32mhttp://127.0.0.1:11345[0m[1;32m
[gzserver-2] [0m[1;32m[0m[1;32m[0m[1;32m[Msg] [0m[1;32mPublicized address: [0m[1;32m192.168.0.11[0m[1;32m
[gzserver-2] [0m[1;32m[0m[1;32m[0m[1;32m[Msg] [0m[1;32mLoading world file [[0m[1;32m/home/j/INCSL/IICC26_ws/install/sjtu_drone_description/share/sjtu_drone_description/worlds/landingPad.world[0m[1;32m][0m[1;32m
[gzserver-2] [0m[1;32m[0m[1;32m[0m[1;36m[Dbg] [wind_plugin.cpp:96] [0m[1;36mWindPlugin loaded: speed=[0m[1;36m0[0m[1;36m dir=[0m[1;36m0[0m[1;36m deg area=[0m[1;36m0.1[0m[1;36m coeff=[0m[1;36m1[0m[1;36m
[gzserver-2] [0m[1;33m[0m[1;33m[0m[1;31m[Err] [Sensor.cc:510] [0m[1;31mGet noise index not valid[0m[1;31m
[gzserver-2] [0m[1;31m[0m[1;31m[0m[1;31m[Err] [Sensor.cc:510] [0m[1;31mGet noise index not valid[0m[1;31m
[gzserver-2] [0m[1;31m[0m[1;31m[0m[1;31m[Err] [Sensor.cc:510] [0m[1;31mGet noise index not valid[0m[1;31m
[gzserver-2] [0m[1;31m[0m[1;31m[0m[1;31m[Err] [Sensor.cc:510] [0m[1;31mGet noise index not valid[0m[1;31m
[gzserver-2] [0m[1;31m[0m[1;31m[0m[1;31m[Err] [Sensor.cc:510] [0m[1;31mGet noise index not valid[0m[1;31m
[gzserver-2] [0m[1;31m[0m[1;31m[0m[1;31m[Err] [Sensor.cc:510] [0m[1;31mGet noise index not valid[0m[1;31m
[gzserver-2] [0m[1;31m[0m[1;31m[0mTopic [default//drone/base_footprint/down_camera/image] is not valid.
[gzserver-2] [INFO] [1773159267.721798386] [drone.collision_plugin]: Publishing contact states to [/drone/bumper_states]
[gzserver-2] Topic [default//drone/base_footprint/front_camera/image] is not valid.
[gzserver-2] [1;33m[Wrn] [Event.cc:61] [0m[1;33mWarning: Deleting a connection right after creation. [0m[1;33mMake sure to save the ConnectionPtr from a Connect call
[INFO] [spawn_drone-5]: process has finished cleanly [pid 2710695]
[gzserver-2] [0m[INFO] [1773159268.312516117] [drone.camera_bottom]: Publishing camera info to [/drone/bottom/camera_info]
[gzserver-2] [INFO] [1773159268.315411649] [drone.camera_front]: Publishing camera info to [/drone/front/camera_info]
[gzserver-2] [INFO] [1773159268.436963455] [drone.simple_drone]: The drone plugin is loading!
[gzserver-2] [INFO] [1773159268.437164395] [drone.simple_drone]: pub_odom: 1
[gzserver-2] [INFO] [1773159268.437197972] [drone.simple_drone]: Using following parameters: 
[gzserver-2] 		link_name: base_footprint,
[gzserver-2] 		max_force: 30,
[gzserver-2] 		motion_small_noise: 0,
[gzserver-2] 		motion_drift_noise: 0,
[gzserver-2] 		motion_drift_noise_time: 50,
[gzserver-2] 		takeoff_hover_height: 2.01,
[gzserver-2] 		takeoff_vertical_speed: 0.2
[gzserver-2] [INFO] [1773159268.448775862] [drone.simple_drone]: Using the PID parameters: 
[gzserver-2] 	Roll Pitch:
[gzserver-2] 		kP: 10, kI: 0,kD: 5, Limit: 0.5, Time Constant: 0
[gzserver-2] 	Yaw:
[gzserver-2] 		kP: 2, kI: 0,kD: 1, Limit: 1.5, Time Constant: 0
[gzserver-2] 	Velocity X:
[gzserver-2] 		kP: 5, kI: 0,kD: 2.3, Limit: 2, Time Constant: 0
[gzserver-2] 	Velocity Y:
[gzserver-2] 		kP: 5, kI: 0,kD: 2.3, Limit: 2, Time Constant: 0
[gzserver-2] 	Velocity Z:
[gzserver-2] 		kP: 5, kI: 0,kD: 1, Limit: -1, Time Constant: 0
[gzserver-2] 	Position XY:
[gzserver-2] 		kP: 1.1, kI: 0,kD: 0, Limit: 5, Time Constant: 0
[gzserver-2] 	Position Z:
[gzserver-2] 		kP: 1, kI: 0,kD: 0.2, Limit: -1, Time Constant: 0
[gzserver-2] [INFO] [1773159268.448909159] [drone.simple_drone]: The drone plugin finished loading!
[gzserver-2] [INFO] [1773159275.606235076] [gazebo_wind_plugin_node]: WindPlugin: set wind_speed=0.00 wind_direction=0.0
[gzserver-2] [INFO] [1773159275.877261898] [gazebo_wind_plugin_node]: WindPlugin: set wind_speed=0.00 wind_direction=0.0
[gzserver-2] [INFO] [1773159275.916174809] [drone.simple_drone]: Quadrotor takes off!!
[gzserver-2] [INFO] [1773159276.117391597] [gazebo_wind_plugin_node]: WindPlugin: set wind_speed=0.00 wind_direction=0.0
[gzserver-2] [INFO] [1773159276.360083930] [gazebo_wind_plugin_node]: WindPlugin: set wind_speed=0.00 wind_direction=0.0
[gzserver-2] [INFO] [1773159276.599807633] [gazebo_wind_plugin_node]: WindPlugin: set wind_speed=0.00 wind_direction=0.0
[gzserver-2] [INFO] [1773159276.835448796] [gazebo_wind_plugin_node]: WindPlugin: set wind_speed=0.00 wind_direction=0.0
[gzserver-2] [INFO] [1773159277.074982067] [gazebo_wind_plugin_node]: WindPlugin: set wind_speed=0.00 wind_direction=0.0
[gzserver-2] [INFO] [1773159277.303134057] [gazebo_wind_plugin_node]: WindPlugin: set wind_speed=0.00 wind_direction=0.0
[gzserver-2] [0m[1;36m[Dbg] [wind_plugin.cpp:110] [0m[1;36mWindPlugin: received command -> speed=[0m[1;36m0[0m[1;36m dir=[0m[1;36m0[0m[1;36m
[gzserver-2] [0m[1;36m[Dbg] [wind_plugin.cpp:110] [0m[1;36mWindPlugin: received command -> speed=[0m[1;36m0[0m[1;36m dir=[0m[1;36m0[0m[1;36m
[gzserver-2] [0m[1;36m[Dbg] [wind_plugin.cpp:110] [0m[1;36mWindPlugin: received command -> speed=[0m[1;36m0[0m[1;36m dir=[0m[1;36m0[0m[1;36m
[gzserver-2] [0m[1;36m[Dbg] [wind_plugin.cpp:110] [0m[1;36mWindPlugin: received command -> speed=[0m[1;36m0[0m[1;36m dir=[0m[1;36m0[0m[1;36m
[gzserver-2] [0m[1;36m[Dbg] [wind_plugin.cpp:110] [0m[1;36mWindPlugin: received command -> speed=[0m[1;36m0[0m[1;36m dir=[0m[1;36m0[0m[1;36m
[gzserver-2] [0m[1;36m[Dbg] [wind_plugin.cpp:110] [0m[1;36mWindPlugin: received command -> speed=[0m[1;36m0[0m[1;36m dir=[0m[1;36m0[0m[1;36m
[gzserver-2] [0m[1;36m[Dbg] [wind_plugin.cpp:110] [0m[1;36mWindPlugin: received command -> speed=[0m[1;36m0[0m[1;36m dir=[0m[1;36m0[0m[1;36m
[gzserver-2] [0m[1;36m[Dbg] [wind_plugin.cpp:110] [0m[1;36mWindPlugin: received command -> speed=[0m[1;36m0[0m[1;36m dir=[0m[1;36m0[0m[1;36m
[gzserver-2] [0mEntering flying model!
[gzserver-2] [INFO] [1773159277.539642070] [gazebo_wind_plugin_node]: WindPlugin: set wind_speed=0.00 wind_direction=0.0
[gzserver-2] [INFO] [1773159277.774704961] [gazebo_wind_plugin_node]: WindPlugin: set wind_speed=2.91 wind_direction=-127.0
[gzserver-2] [INFO] [1773159278.015069556] [gazebo_wind_plugin_node]: WindPlugin: set wind_speed=2.91 wind_direction=-127.0
[gzserver-2] [INFO] [1773159278.254465829] [gazebo_wind_plugin_node]: WindPlugin: set wind_speed=3.04 wind_direction=-129.9
[gzserver-2] [INFO] [1773159278.493993201] [gazebo_wind_plugin_node]: WindPlugin: set wind_speed=3.04 wind_direction=-129.9
[gzserver-2] [INFO] [1773159278.733761935] [gazebo_wind_plugin_node]: WindPlugin: set wind_speed=3.04 wind_direction=-129.9
[gzserver-2] [INFO] [1773159278.972518534] [gazebo_wind_plugin_node]: WindPlugin: set wind_speed=3.04 wind_direction=-129.9
[gzserver-2] [INFO] [1773159279.207126169] [gazebo_wind_plugin_node]: WindPlugin: set wind_speed=3.33 wind_direction=-126.0
[gzserver-2] [INFO] [1773159279.441230803] [gazebo_wind_plugin_node]: WindPlugin: set wind_speed=3.33 wind_direction=-126.0
[gzserver-2] [INFO] [1773159279.680801524] [gazebo_wind_plugin_node]: WindPlugin: set wind_speed=3.33 wind_direction=-126.0
[gzserver-2] [INFO] [1773159279.920369259] [gazebo_wind_plugin_node]: WindPlugin: set wind_speed=3.33 wind_direction=-126.0
[gzserver-2] [INFO] [1773159280.159628957] [gazebo_wind_plugin_node]: WindPlugin: set wind_speed=3.04 wind_direction=-126.9
[gzserver-2] [INFO] [1773159280.394537635] [gazebo_wind_plugin_node]: WindPlugin: set wind_speed=3.04 wind_direction=-126.9
[gzserver-2] [INFO] [1773159280.623954520] [gazebo_wind_plugin_node]: WindPlugin: set wind_speed=3.04 wind_direction=-126.9
[gzserver-2] [INFO] [1773159280.863196195] [gazebo_wind_plugin_node]: WindPlugin: set wind_speed=3.04 wind_direction=-126.9
[gzserver-2] [INFO] [1773159281.097750156] [gazebo_wind_plugin_node]: WindPlugin: set wind_speed=3.04 wind_direction=-126.9
[gzserver-2] [INFO] [1773159281.338362669] [gazebo_wind_plugin_node]: WindPlugin: set wind_speed=3.08 wind_direction=-126.5
[gzserver-2] [INFO] [1773159281.578941276] [gazebo_wind_plugin_node]: WindPlugin: set wind_speed=3.08 wind_direction=-126.5
[gzserver-2] [INFO] [1773159281.818197795] [gazebo_wind_plugin_node]: WindPlugin: set wind_speed=3.08 wind_direction=-126.5
[gzserver-2] [INFO] [1773159282.047122852] [gazebo_wind_plugin_node]: WindPlugin: set wind_speed=3.08 wind_direction=-126.5
[gzserver-2] [INFO] [1773159282.286751508] [gazebo_wind_plugin_node]: WindPlugin: set wind_speed=3.03 wind_direction=-126.3
[gzserver-2] [INFO] [1773159282.516015214] [gazebo_wind_plugin_node]: WindPlugin: set wind_speed=3.03 wind_direction=-126.3
[gzserver-2] [INFO] [1773159282.755241395] [gazebo_wind_plugin_node]: WindPlugin: set wind_speed=3.03 wind_direction=-126.3
[gzserver-2] [INFO] [1773159282.994868005] [gazebo_wind_plugin_node]: WindPlugin: set wind_speed=3.03 wind_direction=-126.3
[gzserver-2] [INFO] [1773159283.234812304] [gazebo_wind_plugin_node]: WindPlugin: set wind_speed=3.12 wind_direction=-125.5
[gzserver-2] [INFO] [1773159283.474139297] [gazebo_wind_plugin_node]: WindPlugin: set wind_speed=3.12 wind_direction=-125.5
[gzserver-2] [INFO] [1773159283.713647906] [gazebo_wind_plugin_node]: WindPlugin: set wind_speed=3.12 wind_direction=-125.5
[gzserver-2] [1;36m[Dbg] [wind_plugin.cpp:110] [0m[1;36mWindPlugin: received command -> speed=[0m[1;36m0[0m[1;36m dir=[0m[1;36m0[0m[1;36m
[gzserver-2] [0m[1;36m[Dbg] [wind_plugin.cpp:110] [0m[1;36mWindPlugin: received command -> speed=[0m[1;36m2.91217[0m[1;36m dir=[0m[1;36m-127.05[0m[1;36m
[gzserver-2] [0m[1;36m[Dbg] [wind_plugin.cpp:110] [0m[1;36mWindPlugin: received command -> speed=[0m[1;36m2.91217[0m[1;36m dir=[0m[1;36m-127.05[0m[1;36m
[gzserver-2] [0m[1;36m[Dbg] [wind_plugin.cpp:110] [0m[1;36mWindPlugin: received command -> speed=[0m[1;36m3.03645[0m[1;36m dir=[0m[1;36m-129.898[0m[1;36m
[gzserver-2] [0m[1;36m[Dbg] [wind_plugin.cpp:110] [0m[1;36mWindPlugin: received command -> speed=[0m[1;36m3.03645[0m[1;36m dir=[0m[1;36m-129.898[0m[1;36m
[gzserver-2] [0m[1;36m[Dbg] [wind_plugin.cpp:110] [0m[1;36mWindPlugin: received command -> speed=[0m[1;36m3.03645[0m[1;36m dir=[0m[1;36m-129.898[0m[1;36m
[gzserver-2] [0m[1;36m[Dbg] [wind_plugin.cpp:110] [0m[1;36mWindPlugin: received command -> speed=[0m[1;36m3.03645[0m[1;36m dir=[0m[1;36m-129.898[0m[1;36m
[gzserver-2] [0m[1;36m[Dbg] [wind_plugin.cpp:110] [0m[1;36mWindPlugin: received command -> speed=[0m[1;36m3.33246[0m[1;36m dir=[0m[1;36m-126.003[0m[1;36m
[gzserver-2] [0m[1;36m[Dbg] [wind_plugin.cpp:110] [0m[1;36mWindPlugin: received command -> speed=[0m[1;36m3.33246[0m[1;36m dir=[0m[1;36m-126.003[0m[1;36m
[gzserver-2] [0m[1;36m[Dbg] [wind_plugin.cpp:110] [0m[1;36mWindPlugin: received command -> speed=[0m[1;36m3.33246[0m[1;36m dir=[0m[1;36m-126.003[0m[1;36m
[gzserver-2] [0m[1;36m[Dbg] [wind_plugin.cpp:110] [0m[1;36mWindPlugin: received command -> speed=[0m[1;36m3.33246[0m[1;36m dir=[0m[1;36m-126.003[0m[1;36m
[gzserver-2] [0m[1;36m[Dbg] [wind_plugin.cpp:110] [0m[1;36mWindPlugin: received command -> speed=[0m[1;36m3.03677[0m[1;36m dir=[0m[1;36m-126.915[0m[1;36m
[gzserver-2] [0m[1;36m[Dbg] [wind_plugin.cpp:110] [0m[1;36mWindPlugin: received command -> speed=[0m[1;36m3.03677[0m[1;36m dir=[0m[1;36m-126.915[0m[1;36m
[gzserver-2] [0m[1;36m[Dbg] [wind_plugin.cpp:110] [0m[1;36mWindPlugin: received command -> speed=[0m[1;36m3.03677[0m[1;36m dir=[0m[1;36m-126.915[0m[1;36m
[gzserver-2] [0m[1;36m[Dbg] [wind_plugin.cpp:110] [0m[1;36mWindPlugin: received command -> speed=[0m[1;36m3.03677[0m[1;36m dir=[0m[1;36m-126.915[0m[1;36m
[gzserver-2] [0m[1;36m[Dbg] [wind_plugin.cpp:110] [0m[1;36mWindPlugin: received command -> speed=[0m[1;36m3.03677[0m[1;36m dir=[0m[1;36m-126.915[0m[1;36m
[gzserver-2] [0m[1;36m[Dbg] [wind_plugin.cpp:110] [0m[1;36mWindPlugin: received command -> speed=[0m[1;36m3.07569[0m[1;36m dir=[0m[1;36m-126.526[0m[1;36m
[gzserver-2] [0m[1;36m[Dbg] [wind_plugin.cpp:110] [0m[1;36mWindPlugin: received command -> speed=[0m[1;36m3.07569[0m[1;36m dir=[0m[1;36m-126.526[0m[1;36m
[gzserver-2] [0m[1;36m[Dbg] [wind_plugin.cpp:110] [0m[1;36mWindPlugin: received command -> speed=[0m[1;36m3.07569[0m[1;36m dir=[0m[1;36m-126.526[0m[1;36m
[gzserver-2] [0m[1;36m[Dbg] [wind_plugin.cpp:110] [0m[1;36mWindPlugin: received command -> speed=[0m[1;36m3.07569[0m[1;36m dir=[0m[1;36m-126.526[0m[1;36m
[gzserver-2] [0m[1;36m[Dbg] [wind_plugin.cpp:110] [0m[1;36mWindPlugin: received command -> speed=[0m[1;36m3.03017[0m[1;36m dir=[0m[1;36m-126.292[0m[1;36m
[gzserver-2] [0m[1;36m[Dbg] [wind_plugin.cpp:110] [0m[1;36mWindPlugin: received command -> speed=[0m[1;36m3.03017[0m[1;36m dir=[0m[1;36m-126.292[0m[1;36m
[gzserver-2] [0m[1;36m[Dbg] [wind_plugin.cpp:110] [0m[1;36mWindPlugin: received command -> speed=[0m[1;36m3.03017[0m[1;36m dir=[0m[1;36m-126.292[0m[1;36m
[gzserver-2] [0m[1;36m[Dbg] [wind_plugin.cpp:110] [0m[1;36mWindPlugin: received command -> speed=[0m[1;36m3.03017[0m[1;36m dir=[0m[1;36m-126.292[0m[1;36m
[gzserver-2] [0m[1;36m[Dbg] [wind_plugin.cpp:110] [0m[1;36mWindPlugin: received command -> speed=[0m[1;36m3.12282[0m[1;36m dir=[0m[1;36m-125.502[0m[1;36m
[gzserver-2] [0m[1;36m[Dbg] [wind_plugin.cpp:110] [0m[1;36mWindPlugin: received command -> speed=[0m[1;36m3.12282[0m[1;36m dir=[0m[1;36m-125.502[0m[1;36m
[gzserver-2] [INFO] [1773159283.952895482] [gazebo_wind_plugin_node]: WindPlugin: set wind_speed=3.12 wind_direction=-125.5
[gzserver-2] [INFO] [1773159284.186668601] [gazebo_wind_plugin_node]: WindPlugin: set wind_speed=3.31 wind_direction=-123.3
[gzserver-2] [INFO] [1773159284.421568738] [gazebo_wind_plugin_node]: WindPlugin: set wind_speed=3.31 wind_direction=-123.3
[gzserver-2] [INFO] [1773159284.660992815] [gazebo_wind_plugin_node]: WindPlugin: set wind_speed=3.31 wind_direction=-123.3
[gzserver-2] [INFO] [1773159284.900329540] [gazebo_wind_plugin_node]: WindPlugin: set wind_speed=3.31 wind_direction=-123.3
[gzserver-2] [INFO] [1773159285.140009975] [gazebo_wind_plugin_node]: WindPlugin: set wind_speed=3.42 wind_direction=-121.2
[gzserver-2] [INFO] [1773159285.381624909] [gazebo_wind_plugin_node]: WindPlugin: set wind_speed=3.42 wind_direction=-121.2
[gzserver-2] [INFO] [1773159285.618888247] [gazebo_wind_plugin_node]: WindPlugin: set wind_speed=3.42 wind_direction=-121.2
[gzserver-2] [INFO] [1773159285.855517049] [gazebo_wind_plugin_node]: WindPlugin: set wind_speed=3.42 wind_direction=-121.2
[gzserver-2] [INFO] [1773159286.089758011] [gazebo_wind_plugin_node]: WindPlugin: set wind_speed=3.42 wind_direction=-121.2
[gzserver-2] [INFO] [1773159286.329400848] [gazebo_wind_plugin_node]: WindPlugin: set wind_speed=3.16 wind_direction=-122.8
[gzserver-2] [INFO] [1773159286.563896915] [gazebo_wind_plugin_node]: WindPlugin: set wind_speed=3.16 wind_direction=-122.8
[gzserver-2] [INFO] [1773159286.803283217] [gazebo_wind_plugin_node]: WindPlugin: set wind_speed=3.16 wind_direction=-122.8
[gzserver-2] [INFO] [1773159287.039503503] [gazebo_wind_plugin_node]: WindPlugin: set wind_speed=3.16 wind_direction=-122.8
[gzserver-2] [INFO] [1773159287.278818982] [gazebo_wind_plugin_node]: WindPlugin: set wind_speed=3.45 wind_direction=-122.2
[gzserver-2] [INFO] [1773159287.518299490] [gazebo_wind_plugin_node]: WindPlugin: set wind_speed=3.45 wind_direction=-122.2
[gzserver-2] [INFO] [1773159287.757954738] [gazebo_wind_plugin_node]: WindPlugin: set wind_speed=3.45 wind_direction=-122.2
[gzserver-2] [INFO] [1773159287.991563537] [gazebo_wind_plugin_node]: WindPlugin: set wind_speed=3.45 wind_direction=-122.2
[gzserver-2] [INFO] [1773159288.227941179] [gazebo_wind_plugin_node]: WindPlugin: set wind_speed=3.13 wind_direction=-121.2
[gzserver-2] [INFO] [1773159288.452102911] [gazebo_wind_plugin_node]: WindPlugin: set wind_speed=3.13 wind_direction=-121.2
[gzserver-2] [INFO] [1773159288.691639463] [gazebo_wind_plugin_node]: WindPlugin: set wind_speed=3.13 wind_direction=-121.2
[gzserver-2] [INFO] [1773159288.928003029] [gazebo_wind_plugin_node]: WindPlugin: set wind_speed=3.13 wind_direction=-121.2
[gzserver-2] [INFO] [1773159289.169983041] [gazebo_wind_plugin_node]: WindPlugin: set wind_speed=3.34 wind_direction=-122.5
[gzserver-2] [INFO] [1773159289.409441082] [gazebo_wind_plugin_node]: WindPlugin: set wind_speed=3.34 wind_direction=-122.5
[gzserver-2] [INFO] [1773159289.648860556] [gazebo_wind_plugin_node]: WindPlugin: set wind_speed=3.34 wind_direction=-122.5
[gzserver-2] [INFO] [1773159289.883230088] [gazebo_wind_plugin_node]: WindPlugin: set wind_speed=3.34 wind_direction=-122.5
[gzserver-2] [INFO] [1773159290.123224526] [gazebo_wind_plugin_node]: WindPlugin: set wind_speed=3.33 wind_direction=-118.0
[gzserver-2] [0m[1;36m[Dbg] [wind_plugin.cpp:110] [0m[1;36mWindPlugin: received command -> speed=[0m[1;36m3.12282[0m[1;36m dir=[0m[1;36m-125.502[0m[1;36m
[gzserver-2] [0m[1;36m[Dbg] [wind_plugin.cpp:110] [0m[1;36mWindPlugin: received command -> speed=[0m[1;36m3.12282[0m[1;36m dir=[0m[1;36m-125.502[0m[1;36m
[gzserver-2] [0m[1;36m[Dbg] [wind_plugin.cpp:110] [0m[1;36mWindPlugin: received command -> speed=[0m[1;36m3.30906[0m[1;36m dir=[0m[1;36m-123.327[0m[1;36m
[gzserver-2] [0m[1;36m[Dbg] [wind_plugin.cpp:110] [0m[1;36mWindPlugin: received command -> speed=[0m[1;36m3.30906[0m[1;36m dir=[0m[1;36m-123.327[0m[1;36m
[gzserver-2] [0m[1;36m[Dbg] [wind_plugin.cpp:110] [0m[1;36mWindPlugin: received command -> speed=[0m[1;36m3.30906[0m[1;36m dir=[0m[1;36m-123.327[0m[1;36m
[gzserver-2] [0m[1;36m[Dbg] [wind_plugin.cpp:110] [0m[1;36mWindPlugin: received command -> speed=[0m[1;36m3.30906[0m[1;36m dir=[0m[1;36m-123.327[0m[1;36m
[gzserver-2] [0m[1;36m[Dbg] [wind_plugin.cpp:110] [0m[1;36mWindPlugin: received command -> speed=[0m[1;36m3.41895[0m[1;36m dir=[0m[1;36m-121.193[0m[1;36m
[gzserver-2] [0m[1;36m[Dbg] [wind_plugin.cpp:110] [0m[1;36mWindPlugin: received command -> speed=[0m[1;36m3.41895[0m[1;36m dir=[0m[1;36m-121.193[0m[1;36m
[gzserver-2] [0m[1;36m[Dbg] [wind_plugin.cpp:110] [0m[1;36mWindPlugin: received command -> speed=[0m[1;36m3.41895[0m[1;36m dir=[0m[1;36m-121.193[0m[1;36m
[gzserver-2] [0m[1;36m[Dbg] [wind_plugin.cpp:110] [0m[1;36mWindPlugin: received command -> speed=[0m[1;36m3.41895[0m[1;36m dir=[0m[1;36m-121.193[0m[1;36m
[gzserver-2] [0m[1;36m[Dbg] [wind_plugin.cpp:110] [0m[1;36mWindPlugin: received command -> speed=[0m[1;36m3.41895[0m[1;36m dir=[0m[1;36m-121.193[0m[1;36m
[gzserver-2] [0m[1;36m[Dbg] [wind_plugin.cpp:110] [0m[1;36mWindPlugin: received command -> speed=[0m[1;36m3.15956[0m[1;36m dir=[0m[1;36m-122.828[0m[1;36m
[gzserver-2] [0m[1;36m[Dbg] [wind_plugin.cpp:110] [0m[1;36mWindPlugin: received command -> speed=[0m[1;36m3.15956[0m[1;36m dir=[0m[1;36m-122.828[0m[1;36m
[gzserver-2] [0m[1;36m[Dbg] [wind_plugin.cpp:110] [0m[1;36mWindPlugin: received command -> speed=[0m[1;36m3.15956[0m[1;36m dir=[0m[1;36m-122.828[0m[1;36m
[gzserver-2] [0m[1;36m[Dbg] [wind_plugin.cpp:110] [0m[1;36mWindPlugin: received command -> speed=[0m[1;36m3.15956[0m[1;36m dir=[0m[1;36m-122.828[0m[1;36m
[gzserver-2] [0m[1;36m[Dbg] [wind_plugin.cpp:110] [0m[1;36mWindPlugin: received command -> speed=[0m[1;36m3.45255[0m[1;36m dir=[0m[1;36m-122.196[0m[1;36m
[gzserver-2] [0m[1;36m[Dbg] [wind_plugin.cpp:110] [0m[1;36mWindPlugin: received command -> speed=[0m[1;36m3.45255[0m[1;36m dir=[0m[1;36m-122.196[0m[1;36m
[gzserver-2] [0m[1;36m[Dbg] [wind_plugin.cpp:110] [0m[1;36mWindPlugin: received command -> speed=[0m[1;36m3.45255[0m[1;36m dir=[0m[1;36m-122.196[0m[1;36m
[gzserver-2] [0m[1;36m[Dbg] [wind_plugin.cpp:110] [0m[1;36mWindPlugin: received command -> speed=[0m[1;36m3.45255[0m[1;36m dir=[0m[1;36m-122.196[0m[1;36m
[gzserver-2] [0m[1;36m[Dbg] [wind_plugin.cpp:110] [0m[1;36mWindPlugin: received command -> speed=[0m[1;36m3.13487[0m[1;36m dir=[0m[1;36m-121.231[0m[1;36m
[gzserver-2] [0m[1;36m[Dbg] [wind_plugin.cpp:110] [0m[1;36mWindPlugin: received command -> speed=[0m[1;36m3.13487[0m[1;36m dir=[0m[1;36m-121.231[0m[1;36m
[gzserver-2] [0m[1;36m[Dbg] [wind_plugin.cpp:110] [0m[1;36mWindPlugin: received command -> speed=[0m[1;36m3.13487[0m[1;36m dir=[0m[1;36m-121.231[0m[1;36m
[gzserver-2] [0m[1;36m[Dbg] [wind_plugin.cpp:110] [0m[1;36mWindPlugin: received command -> speed=[0m[1;36m3.13487[0m[1;36m dir=[0m[1;36m-121.231[0m[1;36m
[gzserver-2] [0m[1;36m[Dbg] [wind_plugin.cpp:110] [0m[1;36mWindPlugin: received command -> speed=[0m[1;36m3.33598[0m[1;36m dir=[0m[1;36m-122.487[0m[1;36m
[gzserver-2] [0m[1;36m[Dbg] [wind_plugin.cpp:110] [0m[1;36mWindPlugin: received command -> speed=[0m[1;36m3.33598[0m[1;36m dir=[0m[1;36m-122.487[0m[1;36m
[gzserver-2] [0m[1;36m[Dbg] [wind_plugin.cpp:110] [0m[1;36mWindPlugin: received command -> speed=[0m[1;36m3.33598[0m[1;36m dir=[0m[1;36m-122.487[0m[1;36m
[gzserver-2] [0m[1;36m[Dbg] [wind_plugin.cpp:110] [0m[1;36mWindPlugin: received command -> speed=[0m[1;36m3.33598[0m[1;36m dir=[0m[1;36m-122.487[0m[1;36m
[gzserver-2] [INFO] [1773159290.356991010] [gazebo_wind_plugin_node]: WindPlugin: set wind_speed=3.33 wind_direction=-118.0
[gzserver-2] [INFO] [1773159290.595882643] [gazebo_wind_plugin_node]: WindPlugin: set wind_speed=3.33 wind_direction=-118.0
[gzserver-2] [INFO] [1773159290.830747551] [gazebo_wind_plugin_node]: WindPlugin: set wind_speed=3.33 wind_direction=-118.0
[gzserver-2] [INFO] [1773159291.059669874] [gazebo_wind_plugin_node]: WindPlugin: set wind_speed=3.33 wind_direction=-118.0
[gzserver-2] [INFO] [1773159291.299722723] [gazebo_wind_plugin_node]: WindPlugin: set wind_speed=3.42 wind_direction=-118.0
[gzserver-2] [INFO] [1773159291.539208742] [gazebo_wind_plugin_node]: WindPlugin: set wind_speed=3.42 wind_direction=-118.0
[gzserver-2] [INFO] [1773159291.778754426] [gazebo_wind_plugin_node]: WindPlugin: set wind_speed=3.42 wind_direction=-118.0
[gzserver-2] [INFO] [1773159292.018050038] [gazebo_wind_plugin_node]: WindPlugin: set wind_speed=3.42 wind_direction=-118.0
[gzserver-2] [INFO] [1773159292.257570762] [gazebo_wind_plugin_node]: WindPlugin: set wind_speed=3.52 wind_direction=-117.3
[gzserver-2] [INFO] [1773159292.499223030] [gazebo_wind_plugin_node]: WindPlugin: set wind_speed=3.52 wind_direction=-117.3
[gzserver-2] [INFO] [1773159292.733007723] [gazebo_wind_plugin_node]: WindPlugin: set wind_speed=3.52 wind_direction=-117.3
[gzserver-2] [INFO] [1773159292.966721647] [gazebo_wind_plugin_node]: WindPlugin: set wind_speed=3.52 wind_direction=-117.3
[gzserver-2] [INFO] [1773159293.200819013] [gazebo_wind_plugin_node]: WindPlugin: set wind_speed=3.49 wind_direction=-117.4
[gzserver-2] [INFO] [1773159293.440408804] [gazebo_wind_plugin_node]: WindPlugin: set wind_speed=3.49 wind_direction=-117.4
[gzserver-2] [INFO] [1773159293.679836414] [gazebo_wind_plugin_node]: WindPlugin: set wind_speed=3.49 wind_direction=-117.4
[gzserver-2] [INFO] [1773159293.920895472] [gazebo_wind_plugin_node]: WindPlugin: set wind_speed=3.49 wind_direction=-117.4
[gzserver-2] [INFO] [1773159294.161292874] [gazebo_wind_plugin_node]: WindPlugin: set wind_speed=3.40 wind_direction=-118.4
[gzserver-2] [INFO] [1773159294.396642264] [gazebo_wind_plugin_node]: WindPlugin: set wind_speed=3.40 wind_direction=-118.4
[gzserver-2] [INFO] [1773159294.626308744] [gazebo_wind_plugin_node]: WindPlugin: set wind_speed=3.40 wind_direction=-118.4
[gzserver-2] [INFO] [1773159294.860869335] [gazebo_wind_plugin_node]: WindPlugin: set wind_speed=3.40 wind_direction=-118.4
[gzserver-2] [INFO] [1773159295.100095634] [gazebo_wind_plugin_node]: WindPlugin: set wind_speed=3.40 wind_direction=-118.4
[gzserver-2] [INFO] [1773159295.333806431] [gazebo_wind_plugin_node]: WindPlugin: set wind_speed=3.53 wind_direction=-119.1
[gzserver-2] [INFO] [1773159295.573433192] [gazebo_wind_plugin_node]: WindPlugin: set wind_speed=3.53 wind_direction=-119.1
[gzserver-2] [INFO] [1773159295.812860779] [gazebo_wind_plugin_node]: WindPlugin: set wind_speed=3.53 wind_direction=-119.1
[gzserver-2] [INFO] [1773159296.052283360] [gazebo_wind_plugin_node]: WindPlugin: set wind_speed=3.53 wind_direction=-119.1
[gzserver-2] [INFO] [1773159296.291569714] [gazebo_wind_plugin_node]: WindPlugin: set wind_speed=3.42 wind_direction=-115.5
[gzserver-2] [INFO] [1773159296.531423416] [gazebo_wind_plugin_node]: WindPlugin: set wind_speed=3.42 wind_direction=-115.5
[gzserver-2] [0m[1;36m[Dbg] [wind_plugin.cpp:110] [0m[1;36mWindPlugin: received command -> speed=[0m[1;36m3.3255[0m[1;36m dir=[0m[1;36m-117.963[0m[1;36m
[gzserver-2] [0m[1;36m[Dbg] [wind_plugin.cpp:110] [0m[1;36mWindPlugin: received command -> speed=[0m[1;36m3.3255[0m[1;36m dir=[0m[1;36m-117.963[0m[1;36m
[gzserver-2] [0m[1;36m[Dbg] [wind_plugin.cpp:110] [0m[1;36mWindPlugin: received command -> speed=[0m[1;36m3.3255[0m[1;36m dir=[0m[1;36m-117.963[0m[1;36m
[gzserver-2] [0m[1;36m[Dbg] [wind_plugin.cpp:110] [0m[1;36mWindPlugin: received command -> speed=[0m[1;36m3.3255[0m[1;36m dir=[0m[1;36m-117.963[0m[1;36m
[gzserver-2] [0m[1;36m[Dbg] [wind_plugin.cpp:110] [0m[1;36mWindPlugin: received command -> speed=[0m[1;36m3.3255[0m[1;36m dir=[0m[1;36m-117.963[0m[1;36m
[gzserver-2] [0m[1;36m[Dbg] [wind_plugin.cpp:110] [0m[1;36mWindPlugin: received command -> speed=[0m[1;36m3.42096[0m[1;36m dir=[0m[1;36m-118.014[0m[1;36m
[gzserver-2] [0m[1;36m[Dbg] [wind_plugin.cpp:110] [0m[1;36mWindPlugin: received command -> speed=[0m[1;36m3.42096[0m[1;36m dir=[0m[1;36m-118.014[0m[1;36m
[gzserver-2] [0m[1;36m[Dbg] [wind_plugin.cpp:110] [0m[1;36mWindPlugin: received command -> speed=[0m[1;36m3.42096[0m[1;36m dir=[0m[1;36m-118.014[0m[1;36m
[gzserver-2] [0m[1;36m[Dbg] [wind_plugin.cpp:110] [0m[1;36mWindPlugin: received command -> speed=[0m[1;36m3.42096[0m[1;36m dir=[0m[1;36m-118.014[0m[1;36m
[gzserver-2] [0m[1;36m[Dbg] [wind_plugin.cpp:110] [0m[1;36mWindPlugin: received command -> speed=[0m[1;36m3.52168[0m[1;36m dir=[0m[1;36m-117.349[0m[1;36m
[gzserver-2] [0m[1;36m[Dbg] [wind_plugin.cpp:110] [0m[1;36mWindPlugin: received command -> speed=[0m[1;36m3.52168[0m[1;36m dir=[0m[1;36m-117.349[0m[1;36m
[gzserver-2] [0m[1;36m[Dbg] [wind_plugin.cpp:110] [0m[1;36mWindPlugin: received command -> speed=[0m[1;36m3.52168[0m[1;36m dir=[0m[1;36m-117.349[0m[1;36m
[gzserver-2] [0m[1;36m[Dbg] [wind_plugin.cpp:110] [0m[1;36mWindPlugin: received command -> speed=[0m[1;36m3.52168[0m[1;36m dir=[0m[1;36m-117.349[0m[1;36m
[gzserver-2] [0m[1;36m[Dbg] [wind_plugin.cpp:110] [0m[1;36mWindPlugin: received command -> speed=[0m[1;36m3.49059[0m[1;36m dir=[0m[1;36m-117.402[0m[1;36m
[gzserver-2] [0m[1;36m[Dbg] [wind_plugin.cpp:110] [0m[1;36mWindPlugin: received command -> speed=[0m[1;36m3.49059[0m[1;36m dir=[0m[1;36m-117.402[0m[1;36m
[gzserver-2] [0m[1;36m[Dbg] [wind_plugin.cpp:110] [0m[1;36mWindPlugin: received command -> speed=[0m[1;36m3.49059[0m[1;36m dir=[0m[1;36m-117.402[0m[1;36m
[gzserver-2] [0m[1;36m[Dbg] [wind_plugin.cpp:110] [0m[1;36mWindPlugin: received command -> speed=[0m[1;36m3.49059[0m[1;36m dir=[0m[1;36m-117.402[0m[1;36m
[gzserver-2] [0m[1;36m[Dbg] [wind_plugin.cpp:110] [0m[1;36mWindPlugin: received command -> speed=[0m[1;36m3.40374[0m[1;36m dir=[0m[1;36m-118.412[0m[1;36m
[gzserver-2] [0m[1;36m[Dbg] [wind_plugin.cpp:110] [0m[1;36mWindPlugin: received command -> speed=[0m[1;36m3.40374[0m[1;36m dir=[0m[1;36m-118.412[0m[1;36m
[gzserver-2] [0m[1;36m[Dbg] [wind_plugin.cpp:110] [0m[1;36mWindPlugin: received command -> speed=[0m[1;36m3.40374[0m[1;36m dir=[0m[1;36m-118.412[0m[1;36m
[gzserver-2] [0m[1;36m[Dbg] [wind_plugin.cpp:110] [0m[1;36mWindPlugin: received command -> speed=[0m[1;36m3.40374[0m[1;36m dir=[0m[1;36m-118.412[0m[1;36m
[gzserver-2] [0m[1;36m[Dbg] [wind_plugin.cpp:110] [0m[1;36mWindPlugin: received command -> speed=[0m[1;36m3.40374[0m[1;36m dir=[0m[1;36m-118.412[0m[1;36m
[gzserver-2] [0m[1;36m[Dbg] [wind_plugin.cpp:110] [0m[1;36mWindPlugin: received command -> speed=[0m[1;36m3.53244[0m[1;36m dir=[0m[1;36m-119.142[0m[1;36m
[gzserver-2] [0m[1;36m[Dbg] [wind_plugin.cpp:110] [0m[1;36mWindPlugin: received command -> speed=[0m[1;36m3.53244[0m[1;36m dir=[0m[1;36m-119.142[0m[1;36m
[gzserver-2] [0m[1;36m[Dbg] [wind_plugin.cpp:110] [0m[1;36mWindPlugin: received command -> speed=[0m[1;36m3.53244[0m[1;36m dir=[0m[1;36m-119.142[0m[1;36m
[gzserver-2] [0m[1;36m[Dbg] [wind_plugin.cpp:110] [0m[1;36mWindPlugin: received command -> speed=[0m[1;36m3.53244[0m[1;36m dir=[0m[1;36m-119.142[0m[1;36m
[gzserver-2] [0m[1;36m[Dbg] [wind_plugin.cpp:110] [0m[1;36mWindPlugin: received command -> speed=[0m[1;36m3.41534[0m[1;36m dir=[0m[1;36m-115.521[0m[1;36m
[gzserver-2] [INFO] [1773159296.771438293] [gazebo_wind_plugin_node]: WindPlugin: set wind_speed=3.42 wind_direction=-115.5
[gzserver-2] [INFO] [1773159297.001615236] [gazebo_wind_plugin_node]: WindPlugin: set wind_speed=3.42 wind_direction=-115.5
[gzserver-2] [INFO] [1773159297.241451104] [gazebo_wind_plugin_node]: WindPlugin: set wind_speed=3.64 wind_direction=-114.4
[gzserver-2] [INFO] [1773159297.470077319] [gazebo_wind_plugin_node]: WindPlugin: set wind_speed=3.64 wind_direction=-114.4
[gzserver-2] [INFO] [1773159297.709511882] [gazebo_wind_plugin_node]: WindPlugin: set wind_speed=3.64 wind_direction=-114.4
[gzserver-2] [INFO] [1773159297.940698389] [gazebo_wind_plugin_node]: WindPlugin: set wind_speed=3.64 wind_direction=-114.4
[gzserver-2] [INFO] [1773159298.180161244] [gazebo_wind_plugin_node]: WindPlugin: set wind_speed=3.66 wind_direction=-116.0
[gzserver-2] [INFO] [1773159298.419801511] [gazebo_wind_plugin_node]: WindPlugin: set wind_speed=3.66 wind_direction=-116.0
[gzserver-2] [INFO] [1773159298.654306599] [gazebo_wind_plugin_node]: WindPlugin: set wind_speed=3.66 wind_direction=-116.0
[gzserver-2] [INFO] [1773159298.893012260] [gazebo_wind_plugin_node]: WindPlugin: set wind_speed=3.66 wind_direction=-116.0
[gzserver-2] [INFO] [1773159299.127600559] [gazebo_wind_plugin_node]: WindPlugin: set wind_speed=3.59 wind_direction=-114.4
[gzserver-2] [INFO] [1773159299.366953585] [gazebo_wind_plugin_node]: WindPlugin: set wind_speed=3.59 wind_direction=-114.4
[gzserver-2] [INFO] [1773159299.606405557] [gazebo_wind_plugin_node]: WindPlugin: set wind_speed=3.59 wind_direction=-114.4
[gzserver-2] [INFO] [1773159299.845701367] [gazebo_wind_plugin_node]: WindPlugin: set wind_speed=3.59 wind_direction=-114.4
[gzserver-2] [INFO] [1773159300.085249368] [gazebo_wind_plugin_node]: WindPlugin: set wind_speed=3.59 wind_direction=-114.4
[gzserver-2] [INFO] [1773159300.314379646] [gazebo_wind_plugin_node]: WindPlugin: set wind_speed=3.68 wind_direction=-113.1
[gzserver-2] [INFO] [1773159300.545892117] [gazebo_wind_plugin_node]: WindPlugin: set wind_speed=3.68 wind_direction=-113.1
[gzserver-2] [INFO] [1773159300.785180561] [gazebo_wind_plugin_node]: WindPlugin: set wind_speed=3.68 wind_direction=-113.1
[gzserver-2] [INFO] [1773159301.024516068] [gazebo_wind_plugin_node]: WindPlugin: set wind_speed=3.68 wind_direction=-113.1
[gzserver-2] [INFO] [1773159301.259097734] [gazebo_wind_plugin_node]: WindPlugin: set wind_speed=3.57 wind_direction=-113.4
[gzserver-2] [INFO] [1773159301.493930450] [gazebo_wind_plugin_node]: WindPlugin: set wind_speed=3.57 wind_direction=-113.4
[gzserver-2] [INFO] [1773159301.728260943] [gazebo_wind_plugin_node]: WindPlugin: set wind_speed=3.57 wind_direction=-113.4
[gzserver-2] [INFO] [1773159301.967717169] [gazebo_wind_plugin_node]: WindPlugin: set wind_speed=3.57 wind_direction=-113.4
[gzserver-2] [INFO] [1773159302.207222542] [gazebo_wind_plugin_node]: WindPlugin: set wind_speed=3.79 wind_direction=-112.1
[gzserver-2] [INFO] [1773159302.446703754] [gazebo_wind_plugin_node]: WindPlugin: set wind_speed=3.79 wind_direction=-112.1
[gzserver-2] [INFO] [1773159302.686931977] [gazebo_wind_plugin_node]: WindPlugin: set wind_speed=3.79 wind_direction=-112.1
[gzserver-2] [INFO] [1773159302.926351355] [gazebo_wind_plugin_node]: WindPlugin: set wind_speed=3.79 wind_direction=-112.1
[gzserver-2] [0m[1;36m[Dbg] [wind_plugin.cpp:110] [0m[1;36mWindPlugin: received command -> speed=[0m[1;36m3.41534[0m[1;36m dir=[0m[1;36m-115.521[0m[1;36m
[gzserver-2] [0m[1;36m[Dbg] [wind_plugin.cpp:110] [0m[1;36mWindPlugin: received command -> speed=[0m[1;36m3.41534[0m[1;36m dir=[0m[1;36m-115.521[0m[1;36m
[gzserver-2] [0m[1;36m[Dbg] [wind_plugin.cpp:110] [0m[1;36mWindPlugin: received command -> speed=[0m[1;36m3.41534[0m[1;36m dir=[0m[1;36m-115.521[0m[1;36m
[gzserver-2] [0m[1;36m[Dbg] [wind_plugin.cpp:110] [0m[1;36mWindPlugin: received command -> speed=[0m[1;36m3.63775[0m[1;36m dir=[0m[1;36m-114.404[0m[1;36m
[gzserver-2] [0m[1;36m[Dbg] [wind_plugin.cpp:110] [0m[1;36mWindPlugin: received command -> speed=[0m[1;36m3.63775[0m[1;36m dir=[0m[1;36m-114.404[0m[1;36m
[gzserver-2] [0m[1;36m[Dbg] [wind_plugin.cpp:110] [0m[1;36mWindPlugin: received command -> speed=[0m[1;36m3.63775[0m[1;36m dir=[0m[1;36m-114.404[0m[1;36m
[gzserver-2] [0m[1;36m[Dbg] [wind_plugin.cpp:110] [0m[1;36mWindPlugin: received command -> speed=[0m[1;36m3.63775[0m[1;36m dir=[0m[1;36m-114.404[0m[1;36m
[gzserver-2] [0m[1;36m[Dbg] [wind_plugin.cpp:110] [0m[1;36mWindPlugin: received command -> speed=[0m[1;36m3.65842[0m[1;36m dir=[0m[1;36m-116.028[0m[1;36m
[gzserver-2] [0m[1;36m[Dbg] [wind_plugin.cpp:110] [0m[1;36mWindPlugin: received command -> speed=[0m[1;36m3.65842[0m[1;36m dir=[0m[1;36m-116.028[0m[1;36m
[gzserver-2] [0m[1;36m[Dbg] [wind_plugin.cpp:110] [0m[1;36mWindPlugin: received command -> speed=[0m[1;36m3.65842[0m[1;36m dir=[0m[1;36m-116.028[0m[1;36m
[gzserver-2] [0m[1;36m[Dbg] [wind_plugin.cpp:110] [0m[1;36mWindPlugin: received command -> speed=[0m[1;36m3.65842[0m[1;36m dir=[0m[1;36m-116.028[0m[1;36m
[gzserver-2] [0m[1;36m[Dbg] [wind_plugin.cpp:110] [0m[1;36mWindPlugin: received command -> speed=[0m[1;36m3.59348[0m[1;36m dir=[0m[1;36m-114.443[0m[1;36m
[gzserver-2] [0m[1;36m[Dbg] [wind_plugin.cpp:110] [0m[1;36mWindPlugin: received command -> speed=[0m[1;36m3.59348[0m[1;36m dir=[0m[1;36m-114.443[0m[1;36m
[gzserver-2] [0m[1;36m[Dbg] [wind_plugin.cpp:110] [0m[1;36mWindPlugin: received command -> speed=[0m[1;36m3.59348[0m[1;36m dir=[0m[1;36m-114.443[0m[1;36m
[gzserver-2] [0m[1;36m[Dbg] [wind_plugin.cpp:110] [0m[1;36mWindPlugin: received command -> speed=[0m[1;36m3.59348[0m[1;36m dir=[0m[1;36m-114.443[0m[1;36m
[gzserver-2] [0m[1;36m[Dbg] [wind_plugin.cpp:110] [0m[1;36mWindPlugin: received command -> speed=[0m[1;36m3.59348[0m[1;36m dir=[0m[1;36m-114.443[0m[1;36m
[gzserver-2] [0m[1;36m[Dbg] [wind_plugin.cpp:110] [0m[1;36mWindPlugin: received command -> speed=[0m[1;36m3.67808[0m[1;36m dir=[0m[1;36m-113.105[0m[1;36m
[gzserver-2] [0m[1;36m[Dbg] [wind_plugin.cpp:110] [0m[1;36mWindPlugin: received command -> speed=[0m[1;36m3.67808[0m[1;36m dir=[0m[1;36m-113.105[0m[1;36m
[gzserver-2] [0m[1;36m[Dbg] [wind_plugin.cpp:110] [0m[1;36mWindPlugin: received command -> speed=[0m[1;36m3.67808[0m[1;36m dir=[0m[1;36m-113.105[0m[1;36m
[gzserver-2] [0m[1;36m[Dbg] [wind_plugin.cpp:110] [0m[1;36mWindPlugin: received command -> speed=[0m[1;36m3.67808[0m[1;36m dir=[0m[1;36m-113.105[0m[1;36m
[gzserver-2] [0m[1;36m[Dbg] [wind_plugin.cpp:110] [0m[1;36mWindPlugin: received command -> speed=[0m[1;36m3.56567[0m[1;36m dir=[0m[1;36m-113.364[0m[1;36m
[gzserver-2] [0m[1;36m[Dbg] [wind_plugin.cpp:110] [0m[1;36mWindPlugin: received command -> speed=[0m[1;36m3.56567[0m[1;36m dir=[0m[1;36m-113.364[0m[1;36m
[gzserver-2] [0m[1;36m[Dbg] [wind_plugin.cpp:110] [0m[1;36mWindPlugin: received command -> speed=[0m[1;36m3.56567[0m[1;36m dir=[0m[1;36m-113.364[0m[1;36m
[gzserver-2] [0m[1;36m[Dbg] [wind_plugin.cpp:110] [0m[1;36mWindPlugin: received command -> speed=[0m[1;36m3.56567[0m[1;36m dir=[0m[1;36m-113.364[0m[1;36m
[gzserver-2] [0m[1;36m[Dbg] [wind_plugin.cpp:110] [0m[1;36mWindPlugin: received command -> speed=[0m[1;36m3.78877[0m[1;36m dir=[0m[1;36m-112.078[0m[1;36m
[gzserver-2] [0m[1;36m[Dbg] [wind_plugin.cpp:110] [0m[1;36mWindPlugin: received command -> speed=[0m[1;36m3.78877[0m[1;36m dir=[0m[1;36m-112.078[0m[1;36m
[gzserver-2] [0m[1;36m[Dbg] [wind_plugin.cpp:110] [0m[1;36mWindPlugin: received command -> speed=[0m[1;36m3.78877[0m[1;36m dir=[0m[1;36m-112.078[0m[1;36m
[gzserver-2] [INFO] [1773159303.165545097] [gazebo_wind_plugin_node]: WindPlugin: set wind_speed=3.85 wind_direction=-112.4
[gzserver-2] [INFO] [1773159303.405317052] [gazebo_wind_plugin_node]: WindPlugin: set wind_speed=3.85 wind_direction=-112.4
[gzserver-2] [INFO] [1773159303.645475551] [gazebo_wind_plugin_node]: WindPlugin: set wind_speed=3.85 wind_direction=-112.4
[gzserver-2] [INFO] [1773159303.884185812] [gazebo_wind_plugin_node]: WindPlugin: set wind_speed=3.85 wind_direction=-112.4
[gzserver-2] [INFO] [1773159304.118126687] [gazebo_wind_plugin_node]: WindPlugin: set wind_speed=3.86 wind_direction=-111.8
[gzserver-2] [INFO] [1773159304.352556178] [gazebo_wind_plugin_node]: WindPlugin: set wind_speed=3.86 wind_direction=-111.8
[gzserver-2] [INFO] [1773159304.586702191] [gazebo_wind_plugin_node]: WindPlugin: set wind_speed=3.86 wind_direction=-111.8
[gzserver-2] [INFO] [1773159304.815545507] [gazebo_wind_plugin_node]: WindPlugin: set wind_speed=3.86 wind_direction=-111.8
[gzserver-2] [INFO] [1773159305.054727705] [gazebo_wind_plugin_node]: WindPlugin: set wind_speed=3.86 wind_direction=-111.8
[gzserver-2] [INFO] [1773159305.288919250] [gazebo_wind_plugin_node]: WindPlugin: set wind_speed=4.05 wind_direction=-111.5
[gzserver-2] [INFO] [1773159305.522557973] [gazebo_wind_plugin_node]: WindPlugin: set wind_speed=4.05 wind_direction=-111.5
[gzserver-2] [INFO] [1773159305.762267510] [gazebo_wind_plugin_node]: WindPlugin: set wind_speed=4.05 wind_direction=-111.5
[gzserver-2] [INFO] [1773159305.992043429] [gazebo_wind_plugin_node]: WindPlugin: set wind_speed=4.05 wind_direction=-111.5
[gzserver-2] [INFO] [1773159306.226676191] [gazebo_wind_plugin_node]: WindPlugin: set wind_speed=4.14 wind_direction=-115.0
[gzserver-2] [INFO] [1773159306.461115336] [gazebo_wind_plugin_node]: WindPlugin: set wind_speed=4.14 wind_direction=-115.0
[gzserver-2] [INFO] [1773159306.689964914] [gazebo_wind_plugin_node]: WindPlugin: set wind_speed=4.14 wind_direction=-115.0
[gzserver-2] [INFO] [1773159306.929948119] [gazebo_wind_plugin_node]: WindPlugin: set wind_speed=4.14 wind_direction=-115.0
[gzserver-2] [INFO] [1773159307.170044393] [gazebo_wind_plugin_node]: WindPlugin: set wind_speed=4.16 wind_direction=-107.4
[gzserver-2] [INFO] [1773159307.409742242] [gazebo_wind_plugin_node]: WindPlugin: set wind_speed=4.16 wind_direction=-107.4
[gzserver-2] [INFO] [1773159307.649761607] [gazebo_wind_plugin_node]: WindPlugin: set wind_speed=4.16 wind_direction=-107.4
[gzserver-2] [INFO] [1773159307.687633831] [drone.simple_drone]: Quadrotor lands!!
[gzserver-2] [INFO] [1773159307.889202948] [gazebo_wind_plugin_node]: WindPlugin: set wind_speed=4.16 wind_direction=-107.4
[gzserver-2] [INFO] [1773159308.129002856] [gazebo_wind_plugin_node]: WindPlugin: set wind_speed=4.16 wind_direction=-108.7
[gzserver-2] [INFO] [1773159308.359180444] [gazebo_wind_plugin_node]: WindPlugin: set wind_speed=4.16 wind_direction=-108.7
[gzserver-2] [INFO] [1773159308.598975901] [gazebo_wind_plugin_node]: WindPlugin: set wind_speed=4.16 wind_direction=-108.7
[gzserver-2] [0m[1;36m[Dbg] [wind_plugin.cpp:110] [0m[1;36mWindPlugin: received command -> speed=[0m[1;36m3.78877[0m[1;36m dir=[0m[1;36m-112.078[0m[1;36m
[gzserver-2] [0m[1;36m[Dbg] [wind_plugin.cpp:110] [0m[1;36mWindPlugin: received command -> speed=[0m[1;36m3.85329[0m[1;36m dir=[0m[1;36m-112.376[0m[1;36m
[gzserver-2] [0m[1;36m[Dbg] [wind_plugin.cpp:110] [0m[1;36mWindPlugin: received command -> speed=[0m[1;36m3.85329[0m[1;36m dir=[0m[1;36m-112.376[0m[1;36m
[gzserver-2] [0m[1;36m[Dbg] [wind_plugin.cpp:110] [0m[1;36mWindPlugin: received command -> speed=[0m[1;36m3.85329[0m[1;36m dir=[0m[1;36m-112.376[0m[1;36m
[gzserver-2] [0m[1;36m[Dbg] [wind_plugin.cpp:110] [0m[1;36mWindPlugin: received command -> speed=[0m[1;36m3.85329[0m[1;36m dir=[0m[1;36m-112.376[0m[1;36m
[gzserver-2] [0m[1;36m[Dbg] [wind_plugin.cpp:110] [0m[1;36mWindPlugin: received command -> speed=[0m[1;36m3.86399[0m[1;36m dir=[0m[1;36m-111.795[0m[1;36m
[gzserver-2] [0m[1;36m[Dbg] [wind_plugin.cpp:110] [0m[1;36mWindPlugin: received command -> speed=[0m[1;36m3.86399[0m[1;36m dir=[0m[1;36m-111.795[0m[1;36m
[gzserver-2] [0m[1;36m[Dbg] [wind_plugin.cpp:110] [0m[1;36mWindPlugin: received command -> speed=[0m[1;36m3.86399[0m[1;36m dir=[0m[1;36m-111.795[0m[1;36m
[gzserver-2] [0m[1;36m[Dbg] [wind_plugin.cpp:110] [0m[1;36mWindPlugin: received command -> speed=[0m[1;36m3.86399[0m[1;36m dir=[0m[1;36m-111.795[0m[1;36m
[gzserver-2] [0m[1;36m[Dbg] [wind_plugin.cpp:110] [0m[1;36mWindPlugin: received command -> speed=[0m[1;36m3.86399[0m[1;36m dir=[0m[1;36m-111.795[0m[1;36m
[gzserver-2] [0m[1;36m[Dbg] [wind_plugin.cpp:110] [0m[1;36mWindPlugin: received command -> speed=[0m[1;36m4.04833[0m[1;36m dir=[0m[1;36m-111.529[0m[1;36m
[gzserver-2] [0m[1;36m[Dbg] [wind_plugin.cpp:110] [0m[1;36mWindPlugin: received command -> speed=[0m[1;36m4.04833[0m[1;36m dir=[0m[1;36m-111.529[0m[1;36m
[gzserver-2] [0m[1;36m[Dbg] [wind_plugin.cpp:110] [0m[1;36mWindPlugin: received command -> speed=[0m[1;36m4.04833[0m[1;36m dir=[0m[1;36m-111.529[0m[1;36m
[gzserver-2] [0m[1;36m[Dbg] [wind_plugin.cpp:110] [0m[1;36mWindPlugin: received command -> speed=[0m[1;36m4.04833[0m[1;36m dir=[0m[1;36m-111.529[0m[1;36m
[gzserver-2] [0m[1;36m[Dbg] [wind_plugin.cpp:110] [0m[1;36mWindPlugin: received command -> speed=[0m[1;36m4.13776[0m[1;36m dir=[0m[1;36m-115.035[0m[1;36m
[gzserver-2] [0m[1;36m[Dbg] [wind_plugin.cpp:110] [0m[1;36mWindPlugin: received command -> speed=[0m[1;36m4.13776[0m[1;36m dir=[0m[1;36m-115.035[0m[1;36m
[gzserver-2] [0m[1;36m[Dbg] [wind_plugin.cpp:110] [0m[1;36mWindPlugin: received command -> speed=[0m[1;36m4.13776[0m[1;36m dir=[0m[1;36m-115.035[0m[1;36m
[gzserver-2] [0m[1;36m[Dbg] [wind_plugin.cpp:110] [0m[1;36mWindPlugin: received command -> speed=[0m[1;36m4.13776[0m[1;36m dir=[0m[1;36m-115.035[0m[1;36m
[gzserver-2] [0m[1;36m[Dbg] [wind_plugin.cpp:110] [0m[1;36mWindPlugin: received command -> speed=[0m[1;36m4.15623[0m[1;36m dir=[0m[1;36m-107.352[0m[1;36m
[gzserver-2] [0m[1;36m[Dbg] [wind_plugin.cpp:110] [0m[1;36mWindPlugin: received command -> speed=[0m[1;36m4.15623[0m[1;36m dir=[0m[1;36m-107.352[0m[1;36m
[gzserver-2] [0m[1;36m[Dbg] [wind_plugin.cpp:110] [0m[1;36mWindPlugin: received command -> speed=[0m[1;36m4.15623[0m[1;36m dir=[0m[1;36m-107.352[0m[1;36m
[gzserver-2] [0m[1;36m[Dbg] [wind_plugin.cpp:110] [0m[1;36mWindPlugin: received command -> speed=[0m[1;36m4.15623[0m[1;36m dir=[0m[1;36m-107.352[0m[1;36m
[gzserver-2] [0m[1;36m[Dbg] [wind_plugin.cpp:110] [0m[1;36mWindPlugin: received command -> speed=[0m[1;36m4.16103[0m[1;36m dir=[0m[1;36m-108.718[0m[1;36m
[gzserver-2] [0m[1;36m[Dbg] [wind_plugin.cpp:110] [0m[1;36mWindPlugin: received command -> speed=[0m[1;36m4.16103[0m[1;36m dir=[0m[1;36m-108.718[0m[1;36m
[gzserver-2] [0m[1;36m[Dbg] [wind_plugin.cpp:110] [0m[1;36mWindPlugin: received command -> speed=[0m[1;36m4.16103[0m[1;36m dir=[0m[1;36m-108.718[0m[1;36m
[gzserver-2] [0mLanded!
[gzserver-2] [INFO] [1773159308.838250328] [gazebo_wind_plugin_node]: WindPlugin: set wind_speed=4.16 wind_direction=-108.7
[gzserver-2] [INFO] [1773159309.078744760] [gazebo_wind_plugin_node]: WindPlugin: set wind_speed=4.16 wind_direction=-108.7
[gzserver-2] [INFO] [1773159309.313253597] [gazebo_wind_plugin_node]: WindPlugin: set wind_speed=3.97 wind_direction=-109.0
[gzserver-2] [INFO] [1773159309.552904764] [gazebo_wind_plugin_node]: WindPlugin: set wind_speed=3.97 wind_direction=-109.0
[gzserver-2] [INFO] [1773159309.792318610] [gazebo_wind_plugin_node]: WindPlugin: set wind_speed=3.97 wind_direction=-109.0
[gzserver-2] [INFO] [1773159310.028189819] [gazebo_wind_plugin_node]: WindPlugin: set wind_speed=3.97 wind_direction=-109.0
[gzserver-2] [INFO] [1773159310.267382827] [gazebo_wind_plugin_node]: WindPlugin: set wind_speed=3.96 wind_direction=-108.8
[gzserver-2] [INFO] [1773159310.502237018] [gazebo_wind_plugin_node]: WindPlugin: set wind_speed=3.96 wind_direction=-108.8
