[INFO] [launch]: All log files can be found below /home/j/.ros/log/2026-03-10-12-42-42-610942-j-1320894
[INFO] [launch]: Default logging verbosity is set to INFO
[INFO] [launch.user]: [bringup] Apriltag config: camera=/drone/bottom, image=/drone/bottom/image_raw, tags=/drone/bottom/tags, bridge=/landing_tag_state, standalone=true, use_target_id=true, target_id=0
[INFO] [rviz2-1]: process started with pid [1320899]
[INFO] [gzserver-2]: process started with pid [1320901]
[INFO] [robot_state_publisher-3]: process started with pid [1320903]
[INFO] [joint_state_publisher-4]: process started with pid [1320905]
[INFO] [spawn_drone-5]: process started with pid [1320907]
[INFO] [static_transform_publisher-6]: process started with pid [1320909]
[INFO] [joy_node-7]: process started with pid [1320911]
[INFO] [teleop_joystick-8]: process started with pid [1320913]
[INFO] [apriltag_detector_node-9]: process started with pid [1320915]
[INFO] [apriltag_state_bridge-10]: process started with pid [1320918]
[static_transform_publisher-6] [WARN] [1773114163.086523742] []: Old-style arguments are deprecated; see --help for new-style arguments
[static_transform_publisher-6] [INFO] [1773114163.091498248] [static_transform_publisher_fzjqdzscI68lFdbX]: Spinning until stopped - publishing transform
[static_transform_publisher-6] translation: ('0.000000', '0.000000', '0.000000')
[static_transform_publisher-6] rotation: ('0.000000', '0.000000', '0.000000', '1.000000')
[static_transform_publisher-6] from 'world' to '/drone/odom'
[robot_state_publisher-3] [INFO] [1773114163.106447557] [drone.robot_state_publisher]: got segment base_footprint
[robot_state_publisher-3] [INFO] [1773114163.106507674] [drone.robot_state_publisher]: got segment base_link
[robot_state_publisher-3] [INFO] [1773114163.106512966] [drone.robot_state_publisher]: got segment bottom_cam_link
[robot_state_publisher-3] [INFO] [1773114163.106516206] [drone.robot_state_publisher]: got segment front_cam_link
[robot_state_publisher-3] [INFO] [1773114163.106518889] [drone.robot_state_publisher]: got segment sonar_link
[rviz2-1] 
[rviz2-1] (rviz2:1320899): dbind-WARNING **: 12:42:43.123: Couldn't connect to accessibility bus: Failed to connect to socket /root/.cache/at-spi/bus_0: 허가 거부
[apriltag_detector_node-9] [INFO] [1773114163.124078339] [apriltag_detector_node]: tag detector type: umich
[teleop_joystick-8] Traceback (most recent call last):
[teleop_joystick-8]   File "/home/j/INCSL/IICC26_ws/install/sjtu_drone_control/lib/sjtu_drone_control/teleop_joystick", line 33, in <module>
[teleop_joystick-8]     sys.exit(load_entry_point('sjtu_drone_control==0.0.0', 'console_scripts', 'teleop_joystick')())
[teleop_joystick-8]   File "/home/j/INCSL/IICC26_ws/install/sjtu_drone_control/lib/sjtu_drone_control/teleop_joystick", line 22, in importlib_load_entry_point
[teleop_joystick-8]     for entry_point in distribution(dist_name).entry_points
[teleop_joystick-8]   File "/usr/lib/python3.10/importlib/metadata/__init__.py", line 969, in distribution
[teleop_joystick-8]     return Distribution.from_name(distribution_name)
[teleop_joystick-8]   File "/usr/lib/python3.10/importlib/metadata/__init__.py", line 548, in from_name
[teleop_joystick-8]     raise PackageNotFoundError(name)
[teleop_joystick-8] importlib.metadata.PackageNotFoundError: No package metadata was found for sjtu_drone_control
[ERROR] [teleop_joystick-8]: process has died [pid 1320913, exit code 1, cmd '/home/j/INCSL/IICC26_ws/install/sjtu_drone_control/lib/sjtu_drone_control/teleop_joystick --ros-args -r __ns:=/drone'].
[gzserver-2] Gazebo multi-robot simulator, version 11.10.2
[gzserver-2] Copyright (C) 2012 Open Source Robotics Foundation.
[gzserver-2] Released under the Apache 2 License.
[gzserver-2] http://gazebosim.org
[gzserver-2] 
[apriltag_state_bridge-10] [INFO] [1773114163.350978607] [apriltag_state_bridge]: AprilTag bridge started: /drone/bottom/tags -> /landing_tag_state, use_target_id=True, target_id=0
[joint_state_publisher-4] [INFO] [1773114163.376547558] [drone.joint_state_publisher]: Waiting for robot_description to be published on the robot_description topic...
[gzserver-2] [1;33m[Wrn] [gazebo_ros_init.cpp:178] [0m[1;33m
[gzserver-2] #     # ####### ####### ###  #####  #######
[gzserver-2] ##    # #     #    #     #  #     # #
[gzserver-2] # #   # #     #    #     #  #       #
[gzserver-2] #  #  # #     #    #     #  #       #####
[gzserver-2] #   # # #     #    #     #  #       #
[gzserver-2] #    ## #     #    #     #  #     # #
[gzserver-2] #     # #######    #    ###  #####  #######
[gzserver-2] 
[gzserver-2] This version of Gazebo, now called Gazebo classic, reaches end-of-life
[gzserver-2] in January 2025. Users are highly encouraged to migrate to the new Gazebo
[gzserver-2] using our migration guides (https://gazebosim.org/docs/latest/gazebo_classic_migration?utm_source=gazebo_ros_pkgs&utm_medium=cli)
[gzserver-2] 
[gzserver-2] [0m[1;33m
[rviz2-1] [INFO] [1773114163.915607863] [rviz2]: Stereo is NOT SUPPORTED
[rviz2-1] [INFO] [1773114163.915724803] [rviz2]: OpenGl version: 4.6 (GLSL 4.6)
[rviz2-1] [INFO] [1773114163.960229742] [rviz2]: Stereo is NOT SUPPORTED
[rviz2-1] [INFO] [1773114164.083998678] [rviz2]: Stereo is NOT SUPPORTED
[spawn_drone-5] [INFO] [1773114164.558358132] [spawn_drone]: Result False Entity pushed to spawn queue, but spawn service timed outwaiting for entity to appear in simulation under the name [/drone]
[gzserver-2] [1;32m[Msg] [0m[1;32mWaiting for master.[0m[1;32m
[gzserver-2] [0m[1;32m[0m[1;32m[0m[1;32m[Msg] [0m[1;32mConnected to gazebo master @ [0m[1;32mhttp://127.0.0.1:11345[0m[1;32m
[gzserver-2] [0m[1;32m[0m[1;32m[0m[1;32m[Msg] [0m[1;32mPublicized address: [0m[1;32m172.16.52.147[0m[1;32m
[gzserver-2] [0m[1;32m[0m[1;32m[0m[1;32m[Msg] [0m[1;32mLoading world file [[0m[1;32m/home/j/INCSL/IICC26_ws/install/sjtu_drone_description/share/sjtu_drone_description/worlds/landingPad.world[0m[1;32m][0m[1;32m
[gzserver-2] [0m[1;32m[0m[1;32m[0m[1;36m[Dbg] [wind_plugin.cpp:96] [0m[1;36mWindPlugin loaded: speed=[0m[1;36m0[0m[1;36m dir=[0m[1;36m0[0m[1;36m deg area=[0m[1;36m0.1[0m[1;36m coeff=[0m[1;36m1[0m[1;36m
[gzserver-2] [0m[1;33m[0m[1;33m[0m[1;31m[Err] [Sensor.cc:510] [0m[1;31mGet noise index not valid[0m[1;31m
[gzserver-2] [0m[1;31m[0m[1;31m[0m[1;31m[Err] [Sensor.cc:510] [0m[1;31mGet noise index not valid[0m[1;31m
[gzserver-2] [0m[1;31m[0m[1;31m[0m[1;31m[Err] [Sensor.cc:510] [0m[1;31mGet noise index not valid[0m[1;31m
[gzserver-2] [0m[1;31m[0m[1;31m[0m[1;31m[Err] [Sensor.cc:510] [0m[1;31mGet noise index not valid[0m[1;31m
[gzserver-2] [0m[1;31m[0m[1;31m[0m[1;31m[Err] [Sensor.cc:510] [0m[1;31mGet noise index not valid[0m[1;31m
[gzserver-2] [0m[1;31m[0m[1;31m[0m[1;31m[Err] [Sensor.cc:510] [0m[1;31mGet noise index not valid[0m[1;31m
[gzserver-2] [0m[1;31m[0m[1;31m[0mTopic [default//drone/base_footprint/down_camera/image] is not valid.
[gzserver-2] [INFO] [1773114164.581544913] [drone.collision_plugin]: Publishing contact states to [/drone/bumper_states]
[gzserver-2] Topic [default//drone/base_footprint/front_camera/image] is not valid.
[gzserver-2] [1;33m[Wrn] [Event.cc:61] [0m[1;33mWarning: Deleting a connection right after creation. [0m[1;33mMake sure to save the ConnectionPtr from a Connect call
[INFO] [spawn_drone-5]: process has finished cleanly [pid 1320907]
[gzserver-2] [0m[INFO] [1773114165.168357762] [drone.camera_bottom]: Publishing camera info to [/drone/bottom/camera_info]
[gzserver-2] [INFO] [1773114165.171530308] [drone.camera_front]: Publishing camera info to [/drone/front/camera_info]
[gzserver-2] [INFO] [1773114165.293740096] [drone.simple_drone]: The drone plugin is loading!
[gzserver-2] [INFO] [1773114165.293942162] [drone.simple_drone]: pub_odom: 1
[gzserver-2] [INFO] [1773114165.293977005] [drone.simple_drone]: Using following parameters: 
[gzserver-2] 		link_name: base_footprint,
[gzserver-2] 		max_force: 30,
[gzserver-2] 		motion_small_noise: 0,
[gzserver-2] 		motion_drift_noise: 0,
[gzserver-2] 		motion_drift_noise_time: 50,
[gzserver-2] 		takeoff_hover_height: 1.54,
[gzserver-2] 		takeoff_vertical_speed: 0.2
[gzserver-2] [INFO] [1773114165.306104058] [drone.simple_drone]: Using the PID parameters: 
[gzserver-2] 	Roll Pitch:
[gzserver-2] 		kP: 10, kI: 0,kD: 5, Limit: 0.5, Time Constant: 0
[gzserver-2] 	Yaw:
[gzserver-2] 		kP: 2, kI: 0,kD: 1, Limit: 1.5, Time Constant: 0
[gzserver-2] 	Velocity X:
[gzserver-2] 		kP: 5, kI: 0,kD: 2.3, Limit: 2, Time Constant: 0
[gzserver-2] 	Velocity Y:
[gzserver-2] 		kP: 5, kI: 0,kD: 2.3, Limit: 2, Time Constant: 0
[gzserver-2] 	Velocity Z:
[gzserver-2] 		kP: 5, kI: 0,kD: 1, Limit: -1, Time Constant: 0
[gzserver-2] 	Position XY:
[gzserver-2] 		kP: 1.1, kI: 0,kD: 0, Limit: 5, Time Constant: 0
[gzserver-2] 	Position Z:
[gzserver-2] 		kP: 1, kI: 0,kD: 0.2, Limit: -1, Time Constant: 0
[gzserver-2] [INFO] [1773114165.306234181] [drone.simple_drone]: The drone plugin finished loading!
[gzserver-2] [INFO] [1773114172.438094922] [gazebo_wind_plugin_node]: WindPlugin: set wind_speed=0.00 wind_direction=0.0
[gzserver-2] [INFO] [1773114172.702787623] [gazebo_wind_plugin_node]: WindPlugin: set wind_speed=0.00 wind_direction=0.0
[gzserver-2] [INFO] [1773114172.741105615] [drone.simple_drone]: Quadrotor takes off!!
[gzserver-2] [INFO] [1773114172.942191107] [gazebo_wind_plugin_node]: WindPlugin: set wind_speed=0.00 wind_direction=0.0
[gzserver-2] [INFO] [1773114173.176555215] [gazebo_wind_plugin_node]: WindPlugin: set wind_speed=0.00 wind_direction=0.0
[gzserver-2] [INFO] [1773114173.417873675] [gazebo_wind_plugin_node]: WindPlugin: set wind_speed=0.00 wind_direction=0.0
[gzserver-2] [INFO] [1773114173.651709093] [gazebo_wind_plugin_node]: WindPlugin: set wind_speed=0.00 wind_direction=0.0
[gzserver-2] [INFO] [1773114173.885150216] [gazebo_wind_plugin_node]: WindPlugin: set wind_speed=0.00 wind_direction=0.0
[gzserver-2] [0m[1;36m[Dbg] [wind_plugin.cpp:110] [0m[1;36mWindPlugin: received command -> speed=[0m[1;36m0[0m[1;36m dir=[0m[1;36m0[0m[1;36m
[gzserver-2] [0m[1;36m[Dbg] [wind_plugin.cpp:110] [0m[1;36mWindPlugin: received command -> speed=[0m[1;36m0[0m[1;36m dir=[0m[1;36m0[0m[1;36m
[gzserver-2] [0m[1;36m[Dbg] [wind_plugin.cpp:110] [0m[1;36mWindPlugin: received command -> speed=[0m[1;36m0[0m[1;36m dir=[0m[1;36m0[0m[1;36m
[gzserver-2] [0m[1;36m[Dbg] [wind_plugin.cpp:110] [0m[1;36mWindPlugin: received command -> speed=[0m[1;36m0[0m[1;36m dir=[0m[1;36m0[0m[1;36m
[gzserver-2] [0m[1;36m[Dbg] [wind_plugin.cpp:110] [0m[1;36mWindPlugin: received command -> speed=[0m[1;36m0[0m[1;36m dir=[0m[1;36m0[0m[1;36m
[gzserver-2] [0m[1;36m[Dbg] [wind_plugin.cpp:110] [0m[1;36mWindPlugin: received command -> speed=[0m[1;36m0[0m[1;36m dir=[0m[1;36m0[0m[1;36m
[gzserver-2] [0m[1;36m[Dbg] [wind_plugin.cpp:110] [0m[1;36mWindPlugin: received command -> speed=[0m[1;36m0[0m[1;36m dir=[0m[1;36m0[0m[1;36m
[gzserver-2] [0mEntering flying model!
[gzserver-2] [INFO] [1773114174.119808086] [gazebo_wind_plugin_node]: WindPlugin: set wind_speed=0.00 wind_direction=0.0
[gzserver-2] [INFO] [1773114174.359032998] [gazebo_wind_plugin_node]: WindPlugin: set wind_speed=0.71 wind_direction=-81.6
[gzserver-2] [INFO] [1773114174.594039938] [gazebo_wind_plugin_node]: WindPlugin: set wind_speed=0.71 wind_direction=-81.6
[gzserver-2] [INFO] [1773114174.833376200] [gazebo_wind_plugin_node]: WindPlugin: set wind_speed=0.71 wind_direction=-81.6
[gzserver-2] [INFO] [1773114175.072789749] [gazebo_wind_plugin_node]: WindPlugin: set wind_speed=0.60 wind_direction=-84.3
[gzserver-2] [INFO] [1773114175.312516394] [gazebo_wind_plugin_node]: WindPlugin: set wind_speed=0.60 wind_direction=-84.3
[gzserver-2] [INFO] [1773114175.552035912] [gazebo_wind_plugin_node]: WindPlugin: set wind_speed=0.60 wind_direction=-84.3
[gzserver-2] [INFO] [1773114175.781474088] [gazebo_wind_plugin_node]: WindPlugin: set wind_speed=0.60 wind_direction=-84.3
[gzserver-2] [INFO] [1773114176.018376145] [gazebo_wind_plugin_node]: WindPlugin: set wind_speed=0.53 wind_direction=-77.6
[gzserver-2] [INFO] [1773114176.257656203] [gazebo_wind_plugin_node]: WindPlugin: set wind_speed=0.53 wind_direction=-77.6
[gzserver-2] [INFO] [1773114176.491825778] [gazebo_wind_plugin_node]: WindPlugin: set wind_speed=0.53 wind_direction=-77.6
[gzserver-2] [INFO] [1773114176.731897276] [gazebo_wind_plugin_node]: WindPlugin: set wind_speed=0.53 wind_direction=-77.6
[gzserver-2] [INFO] [1773114176.965522807] [gazebo_wind_plugin_node]: WindPlugin: set wind_speed=0.75 wind_direction=-79.8
[gzserver-2] [INFO] [1773114177.204804419] [gazebo_wind_plugin_node]: WindPlugin: set wind_speed=0.75 wind_direction=-79.8
[gzserver-2] [INFO] [1773114177.232423017] [drone.simple_drone]: Quadrotor lands!!
[gzserver-2] [INFO] [1773114177.433653010] [gazebo_wind_plugin_node]: WindPlugin: set wind_speed=0.75 wind_direction=-79.8
[gzserver-2] [INFO] [1773114177.667570694] [gazebo_wind_plugin_node]: WindPlugin: set wind_speed=0.75 wind_direction=-79.8
[gzserver-2] [INFO] [1773114177.907028384] [gazebo_wind_plugin_node]: WindPlugin: set wind_speed=0.75 wind_direction=-79.8
[gzserver-2] [INFO] [1773114178.146604939] [gazebo_wind_plugin_node]: WindPlugin: set wind_speed=0.55 wind_direction=-79.0
[gzserver-2] [1;36m[Dbg] [wind_plugin.cpp:110] [0m[1;36mWindPlugin: received command -> speed=[0m[1;36m0[0m[1;36m dir=[0m[1;36m0[0m[1;36m
[gzserver-2] [0m[1;36m[Dbg] [wind_plugin.cpp:110] [0m[1;36mWindPlugin: received command -> speed=[0m[1;36m0.711305[0m[1;36m dir=[0m[1;36m-81.5671[0m[1;36m
[gzserver-2] [0m[1;36m[Dbg] [wind_plugin.cpp:110] [0m[1;36mWindPlugin: received command -> speed=[0m[1;36m0.711305[0m[1;36m dir=[0m[1;36m-81.5671[0m[1;36m
[gzserver-2] [0m[1;36m[Dbg] [wind_plugin.cpp:110] [0m[1;36mWindPlugin: received command -> speed=[0m[1;36m0.711305[0m[1;36m dir=[0m[1;36m-81.5671[0m[1;36m
[gzserver-2] [0m[1;36m[Dbg] [wind_plugin.cpp:110] [0m[1;36mWindPlugin: received command -> speed=[0m[1;36m0.598802[0m[1;36m dir=[0m[1;36m-84.3458[0m[1;36m
[gzserver-2] [0m[1;36m[Dbg] [wind_plugin.cpp:110] [0m[1;36mWindPlugin: received command -> speed=[0m[1;36m0.598802[0m[1;36m dir=[0m[1;36m-84.3458[0m[1;36m
[gzserver-2] [0m[1;36m[Dbg] [wind_plugin.cpp:110] [0m[1;36mWindPlugin: received command -> speed=[0m[1;36m0.598802[0m[1;36m dir=[0m[1;36m-84.3458[0m[1;36m
[gzserver-2] [0m[1;36m[Dbg] [wind_plugin.cpp:110] [0m[1;36mWindPlugin: received command -> speed=[0m[1;36m0.598802[0m[1;36m dir=[0m[1;36m-84.3458[0m[1;36m
[gzserver-2] [0m[1;36m[Dbg] [wind_plugin.cpp:110] [0m[1;36mWindPlugin: received command -> speed=[0m[1;36m0.534581[0m[1;36m dir=[0m[1;36m-77.5548[0m[1;36m
[gzserver-2] [0m[1;36m[Dbg] [wind_plugin.cpp:110] [0m[1;36mWindPlugin: received command -> speed=[0m[1;36m0.534581[0m[1;36m dir=[0m[1;36m-77.5548[0m[1;36m
[gzserver-2] [0m[1;36m[Dbg] [wind_plugin.cpp:110] [0m[1;36mWindPlugin: received command -> speed=[0m[1;36m0.534581[0m[1;36m dir=[0m[1;36m-77.5548[0m[1;36m
[gzserver-2] [0m[1;36m[Dbg] [wind_plugin.cpp:110] [0m[1;36mWindPlugin: received command -> speed=[0m[1;36m0.534581[0m[1;36m dir=[0m[1;36m-77.5548[0m[1;36m
[gzserver-2] [0m[1;36m[Dbg] [wind_plugin.cpp:110] [0m[1;36mWindPlugin: received command -> speed=[0m[1;36m0.750874[0m[1;36m dir=[0m[1;36m-79.8344[0m[1;36m
[gzserver-2] [0m[1;36m[Dbg] [wind_plugin.cpp:110] [0m[1;36mWindPlugin: received command -> speed=[0m[1;36m0.750874[0m[1;36m dir=[0m[1;36m-79.8344[0m[1;36m
[gzserver-2] [0m[1;36m[Dbg] [wind_plugin.cpp:110] [0m[1;36mWindPlugin: received command -> speed=[0m[1;36m0.750874[0m[1;36m dir=[0m[1;36m-79.8344[0m[1;36m
[gzserver-2] [0m[1;36m[Dbg] [wind_plugin.cpp:110] [0m[1;36mWindPlugin: received command -> speed=[0m[1;36m0.750874[0m[1;36m dir=[0m[1;36m-79.8344[0m[1;36m
[gzserver-2] [0m[1;36m[Dbg] [wind_plugin.cpp:110] [0m[1;36mWindPlugin: received command -> speed=[0m[1;36m0.750874[0m[1;36m dir=[0m[1;36m-79.8344[0m[1;36m
[gzserver-2] [0m[1;36m[Dbg] [wind_plugin.cpp:110] [0m[1;36mWindPlugin: received command -> speed=[0m[1;36m0.54547[0m[1;36m dir=[0m[1;36m-78.9958[0m[1;36m
[gzserver-2] [0mLanded!
[gzserver-2] [INFO] [1773114178.388567945] [gazebo_wind_plugin_node]: WindPlugin: set wind_speed=0.55 wind_direction=-79.0
[gzserver-2] [INFO] [1773114178.628524521] [gazebo_wind_plugin_node]: WindPlugin: set wind_speed=0.55 wind_direction=-79.0
[gzserver-2] [INFO] [1773114178.867588883] [gazebo_wind_plugin_node]: WindPlugin: set wind_speed=0.55 wind_direction=-79.0
[gzserver-2] [INFO] [1773114179.101365317] [gazebo_wind_plugin_node]: WindPlugin: set wind_speed=0.59 wind_direction=-77.8
[gzserver-2] [INFO] [1773114179.340938261] [gazebo_wind_plugin_node]: WindPlugin: set wind_speed=0.59 wind_direction=-77.8
[gzserver-2] [INFO] [1773114179.574706977] [gazebo_wind_plugin_node]: WindPlugin: set wind_speed=0.59 wind_direction=-77.8
[gzserver-2] [INFO] [1773114179.814591606] [gazebo_wind_plugin_node]: WindPlugin: set wind_speed=0.59 wind_direction=-77.8
[gzserver-2] [INFO] [1773114180.054268946] [gazebo_wind_plugin_node]: WindPlugin: set wind_speed=0.73 wind_direction=-80.9
