[INFO] [launch]: All log files can be found below /home/j/.ros/log/2026-03-11-00-08-33-791748-j-2117587
[INFO] [launch]: Default logging verbosity is set to INFO
[INFO] [launch.user]: [bringup] Apriltag config: camera=/drone/bottom, image=/drone/bottom/image_raw, tags=/drone/bottom/tags, bridge=/landing_tag_state, standalone=true, use_target_id=true, target_id=0
[INFO] [rviz2-1]: process started with pid [2117590]
[INFO] [gzserver-2]: process started with pid [2117592]
[INFO] [robot_state_publisher-3]: process started with pid [2117594]
[INFO] [joint_state_publisher-4]: process started with pid [2117596]
[INFO] [spawn_drone-5]: process started with pid [2117598]
[INFO] [static_transform_publisher-6]: process started with pid [2117600]
[INFO] [joy_node-7]: process started with pid [2117602]
[INFO] [teleop_joystick-8]: process started with pid [2117604]
[INFO] [apriltag_detector_node-9]: process started with pid [2117606]
[INFO] [apriltag_state_bridge-10]: process started with pid [2117608]
[static_transform_publisher-6] [WARN] [1773155314.264023774] []: Old-style arguments are deprecated; see --help for new-style arguments
[static_transform_publisher-6] [INFO] [1773155314.270732297] [static_transform_publisher_Cu4o3cSE12QI7moi]: Spinning until stopped - publishing transform
[static_transform_publisher-6] translation: ('0.000000', '0.000000', '0.000000')
[static_transform_publisher-6] rotation: ('0.000000', '0.000000', '0.000000', '1.000000')
[static_transform_publisher-6] from 'world' to '/drone/odom'
[robot_state_publisher-3] [INFO] [1773155314.295231692] [drone.robot_state_publisher]: got segment base_footprint
[robot_state_publisher-3] [INFO] [1773155314.295326346] [drone.robot_state_publisher]: got segment base_link
[robot_state_publisher-3] [INFO] [1773155314.295338619] [drone.robot_state_publisher]: got segment bottom_cam_link
[robot_state_publisher-3] [INFO] [1773155314.295347504] [drone.robot_state_publisher]: got segment front_cam_link
[robot_state_publisher-3] [INFO] [1773155314.295365038] [drone.robot_state_publisher]: got segment sonar_link
[rviz2-1] 
[rviz2-1] (rviz2:2117590): dbind-WARNING **: 00:08:34.295: Couldn't connect to accessibility bus: Failed to connect to socket /root/.cache/at-spi/bus_0: 허가 거부
[apriltag_detector_node-9] [INFO] [1773155314.297610442] [apriltag_detector_node]: tag detector type: umich
[teleop_joystick-8] Traceback (most recent call last):
[teleop_joystick-8]   File "/home/j/INCSL/IICC26_ws/install/sjtu_drone_control/lib/sjtu_drone_control/teleop_joystick", line 33, in <module>
[teleop_joystick-8]     sys.exit(load_entry_point('sjtu_drone_control==0.0.0', 'console_scripts', 'teleop_joystick')())
[teleop_joystick-8]   File "/home/j/INCSL/IICC26_ws/install/sjtu_drone_control/lib/sjtu_drone_control/teleop_joystick", line 22, in importlib_load_entry_point
[teleop_joystick-8]     for entry_point in distribution(dist_name).entry_points
[teleop_joystick-8]   File "/usr/lib/python3.10/importlib/metadata/__init__.py", line 969, in distribution
[teleop_joystick-8]     return Distribution.from_name(distribution_name)
[teleop_joystick-8]   File "/usr/lib/python3.10/importlib/metadata/__init__.py", line 548, in from_name
[teleop_joystick-8]     raise PackageNotFoundError(name)
[teleop_joystick-8] importlib.metadata.PackageNotFoundError: No package metadata was found for sjtu_drone_control
[ERROR] [teleop_joystick-8]: process has died [pid 2117604, exit code 1, cmd '/home/j/INCSL/IICC26_ws/install/sjtu_drone_control/lib/sjtu_drone_control/teleop_joystick --ros-args -r __ns:=/drone'].
[gzserver-2] Gazebo multi-robot simulator, version 11.10.2
[gzserver-2] Copyright (C) 2012 Open Source Robotics Foundation.
[gzserver-2] Released under the Apache 2 License.
[gzserver-2] http://gazebosim.org
[gzserver-2] 
[apriltag_state_bridge-10] [INFO] [1773155314.498990347] [apriltag_state_bridge]: AprilTag bridge started: /drone/bottom/tags -> /landing_tag_state, use_target_id=True, target_id=0
[joint_state_publisher-4] [INFO] [1773155314.538837223] [drone.joint_state_publisher]: Waiting for robot_description to be published on the robot_description topic...
[gzserver-2] [1;33m[Wrn] [gazebo_ros_init.cpp:178] [0m[1;33m
[gzserver-2] #     # ####### ####### ###  #####  #######
[gzserver-2] ##    # #     #    #     #  #     # #
[gzserver-2] # #   # #     #    #     #  #       #
[gzserver-2] #  #  # #     #    #     #  #       #####
[gzserver-2] #   # # #     #    #     #  #       #
[gzserver-2] #    ## #     #    #     #  #     # #
[gzserver-2] #     # #######    #    ###  #####  #######
[gzserver-2] 
[gzserver-2] This version of Gazebo, now called Gazebo classic, reaches end-of-life
[gzserver-2] in January 2025. Users are highly encouraged to migrate to the new Gazebo
[gzserver-2] using our migration guides (https://gazebosim.org/docs/latest/gazebo_classic_migration?utm_source=gazebo_ros_pkgs&utm_medium=cli)
[gzserver-2] 
[gzserver-2] [0m[1;33m
[rviz2-1] [INFO] [1773155315.037224844] [rviz2]: Stereo is NOT SUPPORTED
[rviz2-1] [INFO] [1773155315.037314618] [rviz2]: OpenGl version: 4.6 (GLSL 4.6)
[rviz2-1] [INFO] [1773155315.069559260] [rviz2]: Stereo is NOT SUPPORTED
[rviz2-1] [INFO] [1773155315.160075305] [rviz2]: Stereo is NOT SUPPORTED
[spawn_drone-5] [INFO] [1773155315.630542526] [spawn_drone]: Result False Entity pushed to spawn queue, but spawn service timed outwaiting for entity to appear in simulation under the name [/drone]
[gzserver-2] [1;32m[Msg] [0m[1;32mWaiting for master.[0m[1;32m
[gzserver-2] [0m[1;32m[0m[1;32m[0m[1;32m[Msg] [0m[1;32mConnected to gazebo master @ [0m[1;32mhttp://127.0.0.1:11345[0m[1;32m
[gzserver-2] [0m[1;32m[0m[1;32m[0m[1;32m[Msg] [0m[1;32mPublicized address: [0m[1;32m192.168.0.11[0m[1;32m
[gzserver-2] [0m[1;32m[0m[1;32m[0m[1;32m[Msg] [0m[1;32mLoading world file [[0m[1;32m/home/j/INCSL/IICC26_ws/install/sjtu_drone_description/share/sjtu_drone_description/worlds/landingPad.world[0m[1;32m][0m[1;32m
[gzserver-2] [0m[1;32m[0m[1;32m[0m[1;36m[Dbg] [wind_plugin.cpp:96] [0m[1;36mWindPlugin loaded: speed=[0m[1;36m0[0m[1;36m dir=[0m[1;36m0[0m[1;36m deg area=[0m[1;36m0.1[0m[1;36m coeff=[0m[1;36m1[0m[1;36m
[gzserver-2] [0m[1;33m[0m[1;33m[0m[1;31m[Err] [Sensor.cc:510] [0m[1;31mGet noise index not valid[0m[1;31m
[gzserver-2] [0m[1;31m[0m[1;31m[0m[1;31m[Err] [Sensor.cc:510] [0m[1;31mGet noise index not valid[0m[1;31m
[gzserver-2] [0m[1;31m[0m[1;31m[0m[1;31m[Err] [Sensor.cc:510] [0m[1;31mGet noise index not valid[0m[1;31m
[gzserver-2] [0m[1;31m[0m[1;31m[0m[1;31m[Err] [Sensor.cc:510] [0m[1;31mGet noise index not valid[0m[1;31m
[gzserver-2] [0m[1;31m[0m[1;31m[0m[1;31m[Err] [Sensor.cc:510] [0m[1;31mGet noise index not valid[0m[1;31m
[gzserver-2] [0m[1;31m[0m[1;31m[0m[1;31m[Err] [Sensor.cc:510] [0m[1;31mGet noise index not valid[0m[1;31m
[gzserver-2] [0m[1;31m[0m[1;31m[0mTopic [default//drone/base_footprint/down_camera/image] is not valid.
[gzserver-2] Topic [default//drone/base_footprint/front_camera/image] is not valid.
[gzserver-2] [INFO] [1773155315.661320367] [drone.collision_plugin]: Publishing contact states to [/drone/bumper_states]
[gzserver-2] [1;33m[Wrn] [Event.cc:61] [0m[1;33mWarning: Deleting a connection right after creation. [0m[1;33mMake sure to save the ConnectionPtr from a Connect call
[INFO] [spawn_drone-5]: process has finished cleanly [pid 2117598]
[gzserver-2] [0m[INFO] [1773155316.252566439] [drone.camera_bottom]: Publishing camera info to [/drone/bottom/camera_info]
[gzserver-2] [INFO] [1773155316.256811642] [drone.camera_front]: Publishing camera info to [/drone/front/camera_info]
[gzserver-2] [INFO] [1773155316.378810113] [drone.simple_drone]: The drone plugin is loading!
[gzserver-2] [INFO] [1773155316.379011025] [drone.simple_drone]: pub_odom: 1
[gzserver-2] [INFO] [1773155316.379043039] [drone.simple_drone]: Using following parameters: 
[gzserver-2] 		link_name: base_footprint,
[gzserver-2] 		max_force: 30,
[gzserver-2] 		motion_small_noise: 0,
[gzserver-2] 		motion_drift_noise: 0,
[gzserver-2] 		motion_drift_noise_time: 50,
[gzserver-2] 		takeoff_hover_height: 1.89,
[gzserver-2] 		takeoff_vertical_speed: 0.2
[gzserver-2] [INFO] [1773155316.390567930] [drone.simple_drone]: Using the PID parameters: 
[gzserver-2] 	Roll Pitch:
[gzserver-2] 		kP: 10, kI: 0,kD: 5, Limit: 0.5, Time Constant: 0
[gzserver-2] 	Yaw:
[gzserver-2] 		kP: 2, kI: 0,kD: 1, Limit: 1.5, Time Constant: 0
[gzserver-2] 	Velocity X:
[gzserver-2] 		kP: 5, kI: 0,kD: 2.3, Limit: 2, Time Constant: 0
[gzserver-2] 	Velocity Y:
[gzserver-2] 		kP: 5, kI: 0,kD: 2.3, Limit: 2, Time Constant: 0
[gzserver-2] 	Velocity Z:
[gzserver-2] 		kP: 5, kI: 0,kD: 1, Limit: -1, Time Constant: 0
[gzserver-2] 	Position XY:
[gzserver-2] 		kP: 1.1, kI: 0,kD: 0, Limit: 5, Time Constant: 0
[gzserver-2] 	Position Z:
[gzserver-2] 		kP: 1, kI: 0,kD: 0.2, Limit: -1, Time Constant: 0
[gzserver-2] [INFO] [1773155316.390695307] [drone.simple_drone]: The drone plugin finished loading!
[gzserver-2] [INFO] [1773155323.630489476] [gazebo_wind_plugin_node]: WindPlugin: set wind_speed=0.00 wind_direction=0.0
[gzserver-2] [INFO] [1773155323.894542092] [gazebo_wind_plugin_node]: WindPlugin: set wind_speed=0.00 wind_direction=0.0
[gzserver-2] [INFO] [1773155323.924246440] [drone.simple_drone]: Quadrotor takes off!!
[gzserver-2] [INFO] [1773155324.126690197] [gazebo_wind_plugin_node]: WindPlugin: set wind_speed=0.00 wind_direction=0.0
[gzserver-2] [INFO] [1773155324.365385014] [gazebo_wind_plugin_node]: WindPlugin: set wind_speed=0.00 wind_direction=0.0
[gzserver-2] [INFO] [1773155324.600283151] [gazebo_wind_plugin_node]: WindPlugin: set wind_speed=0.00 wind_direction=0.0
[gzserver-2] [INFO] [1773155324.833784146] [gazebo_wind_plugin_node]: WindPlugin: set wind_speed=0.00 wind_direction=0.0
[gzserver-2] [INFO] [1773155325.073209714] [gazebo_wind_plugin_node]: WindPlugin: set wind_speed=0.00 wind_direction=0.0
[gzserver-2] [INFO] [1773155325.314885857] [gazebo_wind_plugin_node]: WindPlugin: set wind_speed=0.00 wind_direction=0.0
[gzserver-2] [0m[1;36m[Dbg] [wind_plugin.cpp:110] [0m[1;36mWindPlugin: received command -> speed=[0m[1;36m0[0m[1;36m dir=[0m[1;36m0[0m[1;36m
[gzserver-2] [0m[1;36m[Dbg] [wind_plugin.cpp:110] [0m[1;36mWindPlugin: received command -> speed=[0m[1;36m0[0m[1;36m dir=[0m[1;36m0[0m[1;36m
[gzserver-2] [0m[1;36m[Dbg] [wind_plugin.cpp:110] [0m[1;36mWindPlugin: received command -> speed=[0m[1;36m0[0m[1;36m dir=[0m[1;36m0[0m[1;36m
[gzserver-2] [0m[1;36m[Dbg] [wind_plugin.cpp:110] [0m[1;36mWindPlugin: received command -> speed=[0m[1;36m0[0m[1;36m dir=[0m[1;36m0[0m[1;36m
[gzserver-2] [0m[1;36m[Dbg] [wind_plugin.cpp:110] [0m[1;36mWindPlugin: received command -> speed=[0m[1;36m0[0m[1;36m dir=[0m[1;36m0[0m[1;36m
[gzserver-2] [0m[1;36m[Dbg] [wind_plugin.cpp:110] [0m[1;36mWindPlugin: received command -> speed=[0m[1;36m0[0m[1;36m dir=[0m[1;36m0[0m[1;36m
[gzserver-2] [0m[1;36m[Dbg] [wind_plugin.cpp:110] [0m[1;36mWindPlugin: received command -> speed=[0m[1;36m0[0m[1;36m dir=[0m[1;36m0[0m[1;36m
[gzserver-2] [0m[1;36m[Dbg] [wind_plugin.cpp:110] [0m[1;36mWindPlugin: received command -> speed=[0m[1;36m0[0m[1;36m dir=[0m[1;36m0[0m[1;36m
[gzserver-2] [0mEntering flying model!
[gzserver-2] [INFO] [1773155325.554256047] [gazebo_wind_plugin_node]: WindPlugin: set wind_speed=0.00 wind_direction=0.0
[gzserver-2] [INFO] [1773155325.794500015] [gazebo_wind_plugin_node]: WindPlugin: set wind_speed=0.88 wind_direction=-56.7
[gzserver-2] [INFO] [1773155326.036082050] [gazebo_wind_plugin_node]: WindPlugin: set wind_speed=0.88 wind_direction=-56.7
[gzserver-2] [INFO] [1773155326.279144757] [gazebo_wind_plugin_node]: WindPlugin: set wind_speed=1.07 wind_direction=-55.3
[gzserver-2] [INFO] [1773155326.518648350] [gazebo_wind_plugin_node]: WindPlugin: set wind_speed=1.07 wind_direction=-55.3
[gzserver-2] [INFO] [1773155326.758435346] [gazebo_wind_plugin_node]: WindPlugin: set wind_speed=1.07 wind_direction=-55.3
[gzserver-2] [INFO] [1773155326.997652196] [gazebo_wind_plugin_node]: WindPlugin: set wind_speed=1.07 wind_direction=-55.3
[gzserver-2] [INFO] [1773155327.233402329] [gazebo_wind_plugin_node]: WindPlugin: set wind_speed=1.00 wind_direction=-57.4
[gzserver-2] [INFO] [1773155327.469827119] [gazebo_wind_plugin_node]: WindPlugin: set wind_speed=1.00 wind_direction=-57.4
[gzserver-2] [INFO] [1773155327.711244031] [gazebo_wind_plugin_node]: WindPlugin: set wind_speed=1.00 wind_direction=-57.4
[gzserver-2] [INFO] [1773155327.953054296] [gazebo_wind_plugin_node]: WindPlugin: set wind_speed=1.00 wind_direction=-57.4
[gzserver-2] [INFO] [1773155328.192924617] [gazebo_wind_plugin_node]: WindPlugin: set wind_speed=1.08 wind_direction=-58.9
[gzserver-2] [INFO] [1773155328.434066263] [gazebo_wind_plugin_node]: WindPlugin: set wind_speed=1.08 wind_direction=-58.9
[gzserver-2] [INFO] [1773155328.673407840] [gazebo_wind_plugin_node]: WindPlugin: set wind_speed=1.08 wind_direction=-58.9
[gzserver-2] [INFO] [1773155328.711166521] [drone.simple_drone]: Quadrotor lands!!
[gzserver-2] [INFO] [1773155328.912609903] [gazebo_wind_plugin_node]: WindPlugin: set wind_speed=1.08 wind_direction=-58.9
[gzserver-2] [INFO] [1773155329.153336306] [gazebo_wind_plugin_node]: WindPlugin: set wind_speed=1.03 wind_direction=-57.2
[gzserver-2] [INFO] [1773155329.393682251] [gazebo_wind_plugin_node]: WindPlugin: set wind_speed=1.03 wind_direction=-57.2
[gzserver-2] [INFO] [1773155329.635311603] [gazebo_wind_plugin_node]: WindPlugin: set wind_speed=1.03 wind_direction=-57.2
[gzserver-2] [1;36m[Dbg] [wind_plugin.cpp:110] [0m[1;36mWindPlugin: received command -> speed=[0m[1;36m0[0m[1;36m dir=[0m[1;36m0[0m[1;36m
[gzserver-2] [0m[1;36m[Dbg] [wind_plugin.cpp:110] [0m[1;36mWindPlugin: received command -> speed=[0m[1;36m0.882219[0m[1;36m dir=[0m[1;36m-56.7264[0m[1;36m
[gzserver-2] [0m[1;36m[Dbg] [wind_plugin.cpp:110] [0m[1;36mWindPlugin: received command -> speed=[0m[1;36m0.882219[0m[1;36m dir=[0m[1;36m-56.7264[0m[1;36m
[gzserver-2] [0m[1;36m[Dbg] [wind_plugin.cpp:110] [0m[1;36mWindPlugin: received command -> speed=[0m[1;36m1.06841[0m[1;36m dir=[0m[1;36m-55.2507[0m[1;36m
[gzserver-2] [0m[1;36m[Dbg] [wind_plugin.cpp:110] [0m[1;36mWindPlugin: received command -> speed=[0m[1;36m1.06841[0m[1;36m dir=[0m[1;36m-55.2507[0m[1;36m
[gzserver-2] [0m[1;36m[Dbg] [wind_plugin.cpp:110] [0m[1;36mWindPlugin: received command -> speed=[0m[1;36m1.06841[0m[1;36m dir=[0m[1;36m-55.2507[0m[1;36m
[gzserver-2] [0m[1;36m[Dbg] [wind_plugin.cpp:110] [0m[1;36mWindPlugin: received command -> speed=[0m[1;36m1.06841[0m[1;36m dir=[0m[1;36m-55.2507[0m[1;36m
[gzserver-2] [0m[1;36m[Dbg] [wind_plugin.cpp:110] [0m[1;36mWindPlugin: received command -> speed=[0m[1;36m1[0m[1;36m dir=[0m[1;36m-57.3969[0m[1;36m
[gzserver-2] [0m[1;36m[Dbg] [wind_plugin.cpp:110] [0m[1;36mWindPlugin: received command -> speed=[0m[1;36m1[0m[1;36m dir=[0m[1;36m-57.3969[0m[1;36m
[gzserver-2] [0m[1;36m[Dbg] [wind_plugin.cpp:110] [0m[1;36mWindPlugin: received command -> speed=[0m[1;36m1[0m[1;36m dir=[0m[1;36m-57.3969[0m[1;36m
[gzserver-2] [0m[1;36m[Dbg] [wind_plugin.cpp:110] [0m[1;36mWindPlugin: received command -> speed=[0m[1;36m1[0m[1;36m dir=[0m[1;36m-57.3969[0m[1;36m
[gzserver-2] [0m[1;36m[Dbg] [wind_plugin.cpp:110] [0m[1;36mWindPlugin: received command -> speed=[0m[1;36m1.08322[0m[1;36m dir=[0m[1;36m-58.867[0m[1;36m
[gzserver-2] [0m[1;36m[Dbg] [wind_plugin.cpp:110] [0m[1;36mWindPlugin: received command -> speed=[0m[1;36m1.08322[0m[1;36m dir=[0m[1;36m-58.867[0m[1;36m
[gzserver-2] [0m[1;36m[Dbg] [wind_plugin.cpp:110] [0m[1;36mWindPlugin: received command -> speed=[0m[1;36m1.08322[0m[1;36m dir=[0m[1;36m-58.867[0m[1;36m
[gzserver-2] [0m[1;36m[Dbg] [wind_plugin.cpp:110] [0m[1;36mWindPlugin: received command -> speed=[0m[1;36m1.08322[0m[1;36m dir=[0m[1;36m-58.867[0m[1;36m
[gzserver-2] [0m[1;36m[Dbg] [wind_plugin.cpp:110] [0m[1;36mWindPlugin: received command -> speed=[0m[1;36m1.03259[0m[1;36m dir=[0m[1;36m-57.2486[0m[1;36m
[gzserver-2] [0m[1;36m[Dbg] [wind_plugin.cpp:110] [0m[1;36mWindPlugin: received command -> speed=[0m[1;36m1.03259[0m[1;36m dir=[0m[1;36m-57.2486[0m[1;36m
[gzserver-2] [0m[1;36m[Dbg] [wind_plugin.cpp:110] [0m[1;36mWindPlugin: received command -> speed=[0m[1;36m1.03259[0m[1;36m dir=[0m[1;36m-57.2486[0m[1;36m
[gzserver-2] [0mLanded!
[gzserver-2] [INFO] [1773155329.874894066] [gazebo_wind_plugin_node]: WindPlugin: set wind_speed=1.03 wind_direction=-57.2
[gzserver-2] [INFO] [1773155330.114290488] [gazebo_wind_plugin_node]: WindPlugin: set wind_speed=1.03 wind_direction=-57.2
[gzserver-2] [INFO] [1773155330.343528495] [gazebo_wind_plugin_node]: WindPlugin: set wind_speed=1.20 wind_direction=-57.2
[gzserver-2] [INFO] [1773155330.582513198] [gazebo_wind_plugin_node]: WindPlugin: set wind_speed=1.20 wind_direction=-57.2
[gzserver-2] [INFO] [1773155330.824103335] [gazebo_wind_plugin_node]: WindPlugin: set wind_speed=1.20 wind_direction=-57.2
[gzserver-2] [INFO] [1773155331.065718651] [gazebo_wind_plugin_node]: WindPlugin: set wind_speed=1.20 wind_direction=-57.2
[gzserver-2] [INFO] [1773155331.295188173] [gazebo_wind_plugin_node]: WindPlugin: set wind_speed=1.14 wind_direction=-57.6
[gzserver-2] [INFO] [1773155331.535776648] [gazebo_wind_plugin_node]: WindPlugin: set wind_speed=1.14 wind_direction=-57.6
