[INFO] [launch]: All log files can be found below /home/j/.ros/log/2026-03-10-11-57-41-609736-j-891462
[INFO] [launch]: Default logging verbosity is set to INFO
[INFO] [launch.user]: [bringup] Apriltag config: camera=/drone/bottom, image=/drone/bottom/image_raw, tags=/drone/bottom/tags, bridge=/landing_tag_state, standalone=true, use_target_id=true, target_id=0
[INFO] [rviz2-1]: process started with pid [891463]
[INFO] [gzserver-2]: process started with pid [891465]
[INFO] [robot_state_publisher-3]: process started with pid [891467]
[INFO] [joint_state_publisher-4]: process started with pid [891469]
[INFO] [spawn_drone-5]: process started with pid [891471]
[INFO] [static_transform_publisher-6]: process started with pid [891473]
[INFO] [joy_node-7]: process started with pid [891475]
[INFO] [teleop_joystick-8]: process started with pid [891477]
[INFO] [apriltag_detector_node-9]: process started with pid [891479]
[INFO] [apriltag_state_bridge-10]: process started with pid [891482]
[static_transform_publisher-6] [WARN] [1773111462.080859511] []: Old-style arguments are deprecated; see --help for new-style arguments
[static_transform_publisher-6] [INFO] [1773111462.087447288] [static_transform_publisher_sgBZoLA2gIZE1Mk8]: Spinning until stopped - publishing transform
[static_transform_publisher-6] translation: ('0.000000', '0.000000', '0.000000')
[static_transform_publisher-6] rotation: ('0.000000', '0.000000', '0.000000', '1.000000')
[static_transform_publisher-6] from 'world' to '/drone/odom'
[robot_state_publisher-3] [INFO] [1773111462.105229059] [drone.robot_state_publisher]: got segment base_footprint
[robot_state_publisher-3] [INFO] [1773111462.105293560] [drone.robot_state_publisher]: got segment base_link
[robot_state_publisher-3] [INFO] [1773111462.105300085] [drone.robot_state_publisher]: got segment bottom_cam_link
[robot_state_publisher-3] [INFO] [1773111462.105303400] [drone.robot_state_publisher]: got segment front_cam_link
[robot_state_publisher-3] [INFO] [1773111462.105306214] [drone.robot_state_publisher]: got segment sonar_link
[rviz2-1] 
[rviz2-1] (rviz2:891463): dbind-WARNING **: 11:57:42.115: Couldn't connect to accessibility bus: Failed to connect to socket /root/.cache/at-spi/bus_0: 허가 거부
[apriltag_detector_node-9] [INFO] [1773111462.119066494] [apriltag_detector_node]: tag detector type: umich
[teleop_joystick-8] Traceback (most recent call last):
[teleop_joystick-8]   File "/home/j/INCSL/IICC26_ws/install/sjtu_drone_control/lib/sjtu_drone_control/teleop_joystick", line 33, in <module>
[teleop_joystick-8]     sys.exit(load_entry_point('sjtu_drone_control==0.0.0', 'console_scripts', 'teleop_joystick')())
[teleop_joystick-8]   File "/home/j/INCSL/IICC26_ws/install/sjtu_drone_control/lib/sjtu_drone_control/teleop_joystick", line 22, in importlib_load_entry_point
[teleop_joystick-8]     for entry_point in distribution(dist_name).entry_points
[teleop_joystick-8]   File "/usr/lib/python3.10/importlib/metadata/__init__.py", line 969, in distribution
[teleop_joystick-8]     return Distribution.from_name(distribution_name)
[teleop_joystick-8]   File "/usr/lib/python3.10/importlib/metadata/__init__.py", line 548, in from_name
[teleop_joystick-8]     raise PackageNotFoundError(name)
[teleop_joystick-8] importlib.metadata.PackageNotFoundError: No package metadata was found for sjtu_drone_control
[ERROR] [teleop_joystick-8]: process has died [pid 891477, exit code 1, cmd '/home/j/INCSL/IICC26_ws/install/sjtu_drone_control/lib/sjtu_drone_control/teleop_joystick --ros-args -r __ns:=/drone'].
[gzserver-2] Gazebo multi-robot simulator, version 11.10.2
[gzserver-2] Copyright (C) 2012 Open Source Robotics Foundation.
[gzserver-2] Released under the Apache 2 License.
[gzserver-2] http://gazebosim.org
[gzserver-2] 
[apriltag_state_bridge-10] [INFO] [1773111462.326330974] [apriltag_state_bridge]: AprilTag bridge started: /drone/bottom/tags -> /landing_tag_state, use_target_id=True, target_id=0
[joint_state_publisher-4] [INFO] [1773111462.365786374] [drone.joint_state_publisher]: Waiting for robot_description to be published on the robot_description topic...
[gzserver-2] [1;33m[Wrn] [gazebo_ros_init.cpp:178] [0m[1;33m
[gzserver-2] #     # ####### ####### ###  #####  #######
[gzserver-2] ##    # #     #    #     #  #     # #
[gzserver-2] # #   # #     #    #     #  #       #
[gzserver-2] #  #  # #     #    #     #  #       #####
[gzserver-2] #   # # #     #    #     #  #       #
[gzserver-2] #    ## #     #    #     #  #     # #
[gzserver-2] #     # #######    #    ###  #####  #######
[gzserver-2] 
[gzserver-2] This version of Gazebo, now called Gazebo classic, reaches end-of-life
[gzserver-2] in January 2025. Users are highly encouraged to migrate to the new Gazebo
[gzserver-2] using our migration guides (https://gazebosim.org/docs/latest/gazebo_classic_migration?utm_source=gazebo_ros_pkgs&utm_medium=cli)
[gzserver-2] 
[gzserver-2] [0m[1;33m
[rviz2-1] [INFO] [1773111462.476395922] [rviz2]: Stereo is NOT SUPPORTED
[rviz2-1] [INFO] [1773111462.476486574] [rviz2]: OpenGl version: 4.6 (GLSL 4.6)
[rviz2-1] [INFO] [1773111462.492407186] [rviz2]: Stereo is NOT SUPPORTED
[rviz2-1] [INFO] [1773111462.615859942] [rviz2]: Stereo is NOT SUPPORTED
[gzserver-2] [1;32m[Msg] [0m[1;32mWaiting for master.[0m[1;32m
[gzserver-2] [0m[1;32m[0m[1;32m[0m[1;32m[Msg] [0m[1;32mConnected to gazebo master @ [0m[1;32mhttp://127.0.0.1:11345[0m[1;32m
[gzserver-2] [0m[1;32m[0m[1;32m[0m[1;32m[Msg] [0m[1;32mPublicized address: [0m[1;32m172.16.52.147[0m[1;32m
[gzserver-2] [0m[1;32m[0m[1;32m[0m[1;32m[Msg] [0m[1;32mLoading world file [[0m[1;32m/home/j/INCSL/IICC26_ws/install/sjtu_drone_description/share/sjtu_drone_description/worlds/landingPad.world[0m[1;32m][0m[1;32m
[gzserver-2] [0m[1;32m[0m[1;32m[0m[1;36m[Dbg] [wind_plugin.cpp:96] [0m[1;36mWindPlugin loaded: speed=[0m[1;36m0[0m[1;36m dir=[0m[1;36m0[0m[1;36m deg area=[0m[1;36m0.1[0m[1;36m coeff=[0m[1;36m1[0m[1;36m
[gzserver-2] [0m[1;33m[0m[1;33m[0m[1;31m[Err] [Sensor.cc:510] [0m[1;31mGet noise index not valid[0m[1;31m
[gzserver-2] [0m[1;31m[0m[1;31m[0m[1;31m[Err] [Sensor.cc:510] [0m[1;31mGet noise index not valid[0m[1;31m
[gzserver-2] [0m[1;31m[0m[1;31m[0m[1;31m[Err] [Sensor.cc:510] [0m[1;31mGet noise index not valid[0m[1;31m
[gzserver-2] [0m[1;31m[0m[1;31m[0m[1;31m[Err] [Sensor.cc:510] [0m[1;31mGet noise index not valid[0m[1;31m
[gzserver-2] [0m[1;31m[0m[1;31m[0m[1;31m[Err] [Sensor.cc:510] [0m[1;31mGet noise index not valid[0m[1;31m
[gzserver-2] [0m[1;31m[0m[1;31m[0m[1;31m[Err] [Sensor.cc:510] [0m[1;31mGet noise index not valid[0m[1;31m
[gzserver-2] [0m[1;31m[0m[1;31m[0mTopic [default//drone/base_footprint/down_camera/image] is not valid.
[gzserver-2] Topic [default//drone/base_footprint/front_camera/image] is not valid.
[gzserver-2] [INFO] [1773111463.264669670] [drone.collision_plugin]: Publishing contact states to [/drone/bumper_states]
[gzserver-2] [1;33m[Wrn] [Event.cc:61] [0m[1;33mWarning: Deleting a connection right after creation. [0m[1;33mMake sure to save the ConnectionPtr from a Connect call
[gzserver-2] [0m[INFO] [1773111463.824354564] [drone.camera_bottom]: Publishing camera info to [/drone/bottom/camera_info]
[gzserver-2] [INFO] [1773111463.829224817] [drone.camera_front]: Publishing camera info to [/drone/front/camera_info]
[spawn_drone-5] [INFO] [1773111463.838027658] [spawn_drone]: Result True SpawnEntity: Successfully spawned entity [/drone]
[gzserver-2] [INFO] [1773111463.952643801] [drone.simple_drone]: The drone plugin is loading!
[gzserver-2] [INFO] [1773111463.952842884] [drone.simple_drone]: pub_odom: 1
[gzserver-2] [INFO] [1773111463.952881197] [drone.simple_drone]: Using following parameters: 
[gzserver-2] 		link_name: base_footprint,
[gzserver-2] 		max_force: 30,
[gzserver-2] 		motion_small_noise: 0,
[gzserver-2] 		motion_drift_noise: 0,
[gzserver-2] 		motion_drift_noise_time: 50,
[gzserver-2] 		takeoff_hover_height: 2.15,
[gzserver-2] 		takeoff_vertical_speed: 0.2
[gzserver-2] [INFO] [1773111463.964396109] [drone.simple_drone]: Using the PID parameters: 
[gzserver-2] 	Roll Pitch:
[gzserver-2] 		kP: 10, kI: 0,kD: 5, Limit: 0.5, Time Constant: 0
[gzserver-2] 	Yaw:
[gzserver-2] 		kP: 2, kI: 0,kD: 1, Limit: 1.5, Time Constant: 0
[gzserver-2] 	Velocity X:
[gzserver-2] 		kP: 5, kI: 0,kD: 2.3, Limit: 2, Time Constant: 0
[gzserver-2] 	Velocity Y:
[gzserver-2] 		kP: 5, kI: 0,kD: 2.3, Limit: 2, Time Constant: 0
[gzserver-2] 	Velocity Z:
[gzserver-2] 		kP: 5, kI: 0,kD: 1, Limit: -1, Time Constant: 0
[gzserver-2] 	Position XY:
[gzserver-2] 		kP: 1.1, kI: 0,kD: 0, Limit: 5, Time Constant: 0
[gzserver-2] 	Position Z:
[gzserver-2] 		kP: 1, kI: 0,kD: 0.2, Limit: -1, Time Constant: 0
[gzserver-2] [INFO] [1773111463.964538707] [drone.simple_drone]: The drone plugin finished loading!
[INFO] [spawn_drone-5]: process has finished cleanly [pid 891471]
[gzserver-2] [INFO] [1773111471.449459801] [gazebo_wind_plugin_node]: WindPlugin: set wind_speed=0.00 wind_direction=0.0
[gzserver-2] [INFO] [1773111471.740908281] [gazebo_wind_plugin_node]: WindPlugin: set wind_speed=0.00 wind_direction=0.0
[gzserver-2] [INFO] [1773111471.781303688] [drone.simple_drone]: Quadrotor takes off!!
[gzserver-2] [INFO] [1773111471.985582968] [gazebo_wind_plugin_node]: WindPlugin: set wind_speed=0.00 wind_direction=0.0
[gzserver-2] [INFO] [1773111472.231417573] [gazebo_wind_plugin_node]: WindPlugin: set wind_speed=0.00 wind_direction=0.0
[gzserver-2] [INFO] [1773111472.470962022] [gazebo_wind_plugin_node]: WindPlugin: set wind_speed=0.00 wind_direction=0.0
[gzserver-2] [INFO] [1773111472.718190809] [gazebo_wind_plugin_node]: WindPlugin: set wind_speed=0.00 wind_direction=0.0
[gzserver-2] [INFO] [1773111472.961414324] [gazebo_wind_plugin_node]: WindPlugin: set wind_speed=0.00 wind_direction=0.0
[gzserver-2] [INFO] [1773111473.201008770] [gazebo_wind_plugin_node]: WindPlugin: set wind_speed=0.00 wind_direction=0.0
[gzserver-2] [INFO] [1773111473.439739812] [gazebo_wind_plugin_node]: WindPlugin: set wind_speed=0.00 wind_direction=0.0
[gzserver-2] [0m[1;36m[Dbg] [wind_plugin.cpp:110] [0m[1;36mWindPlugin: received command -> speed=[0m[1;36m0[0m[1;36m dir=[0m[1;36m0[0m[1;36m
[gzserver-2] [0m[1;36m[Dbg] [wind_plugin.cpp:110] [0m[1;36mWindPlugin: received command -> speed=[0m[1;36m0[0m[1;36m dir=[0m[1;36m0[0m[1;36m
[gzserver-2] [0m[1;36m[Dbg] [wind_plugin.cpp:110] [0m[1;36mWindPlugin: received command -> speed=[0m[1;36m0[0m[1;36m dir=[0m[1;36m0[0m[1;36m
[gzserver-2] [0m[1;36m[Dbg] [wind_plugin.cpp:110] [0m[1;36mWindPlugin: received command -> speed=[0m[1;36m0[0m[1;36m dir=[0m[1;36m0[0m[1;36m
[gzserver-2] [0m[1;36m[Dbg] [wind_plugin.cpp:110] [0m[1;36mWindPlugin: received command -> speed=[0m[1;36m0[0m[1;36m dir=[0m[1;36m0[0m[1;36m
[gzserver-2] [0m[1;36m[Dbg] [wind_plugin.cpp:110] [0m[1;36mWindPlugin: received command -> speed=[0m[1;36m0[0m[1;36m dir=[0m[1;36m0[0m[1;36m
[gzserver-2] [0m[1;36m[Dbg] [wind_plugin.cpp:110] [0m[1;36mWindPlugin: received command -> speed=[0m[1;36m0[0m[1;36m dir=[0m[1;36m0[0m[1;36m
[gzserver-2] [0m[1;36m[Dbg] [wind_plugin.cpp:110] [0m[1;36mWindPlugin: received command -> speed=[0m[1;36m0[0m[1;36m dir=[0m[1;36m0[0m[1;36m
[gzserver-2] [0m[1;36m[Dbg] [wind_plugin.cpp:110] [0m[1;36mWindPlugin: received command -> speed=[0m[1;36m0[0m[1;36m dir=[0m[1;36m0[0m[1;36m
[gzserver-2] [0mEntering flying model!
[gzserver-2] [INFO] [1773111473.688491333] [gazebo_wind_plugin_node]: WindPlugin: set wind_speed=0.00 wind_direction=0.0
[gzserver-2] [INFO] [1773111473.932835400] [gazebo_wind_plugin_node]: WindPlugin: set wind_speed=3.08 wind_direction=-98.0
[gzserver-2] [INFO] [1773111474.173045798] [gazebo_wind_plugin_node]: WindPlugin: set wind_speed=3.24 wind_direction=-98.2
[gzserver-2] [INFO] [1773111474.416035968] [gazebo_wind_plugin_node]: WindPlugin: set wind_speed=3.24 wind_direction=-98.2
[gzserver-2] [INFO] [1773111474.655968350] [gazebo_wind_plugin_node]: WindPlugin: set wind_speed=3.24 wind_direction=-98.2
[gzserver-2] [INFO] [1773111474.895284952] [gazebo_wind_plugin_node]: WindPlugin: set wind_speed=3.24 wind_direction=-98.2
[gzserver-2] [INFO] [1773111475.137827732] [gazebo_wind_plugin_node]: WindPlugin: set wind_speed=3.15 wind_direction=-95.9
[gzserver-2] [INFO] [1773111475.377030690] [gazebo_wind_plugin_node]: WindPlugin: set wind_speed=3.15 wind_direction=-95.9
[gzserver-2] [INFO] [1773111475.616850669] [gazebo_wind_plugin_node]: WindPlugin: set wind_speed=3.15 wind_direction=-95.9
[gzserver-2] [INFO] [1773111475.856285433] [gazebo_wind_plugin_node]: WindPlugin: set wind_speed=3.15 wind_direction=-95.9
[gzserver-2] [INFO] [1773111476.085862631] [gazebo_wind_plugin_node]: WindPlugin: set wind_speed=3.27 wind_direction=-100.0
[gzserver-2] [INFO] [1773111476.327334099] [gazebo_wind_plugin_node]: WindPlugin: set wind_speed=3.27 wind_direction=-100.0
[gzserver-2] [INFO] [1773111476.566833001] [gazebo_wind_plugin_node]: WindPlugin: set wind_speed=3.27 wind_direction=-100.0
[gzserver-2] [INFO] [1773111476.795762389] [gazebo_wind_plugin_node]: WindPlugin: set wind_speed=3.27 wind_direction=-100.0
[gzserver-2] [INFO] [1773111477.038124261] [gazebo_wind_plugin_node]: WindPlugin: set wind_speed=3.28 wind_direction=-100.1
[gzserver-2] [INFO] [1773111477.290738326] [gazebo_wind_plugin_node]: WindPlugin: set wind_speed=3.28 wind_direction=-100.1
[gzserver-2] [INFO] [1773111477.545536783] [gazebo_wind_plugin_node]: WindPlugin: set wind_speed=3.28 wind_direction=-100.1
[gzserver-2] [INFO] [1773111477.790586834] [gazebo_wind_plugin_node]: WindPlugin: set wind_speed=3.28 wind_direction=-100.1
[gzserver-2] [INFO] [1773111478.031605699] [gazebo_wind_plugin_node]: WindPlugin: set wind_speed=3.21 wind_direction=-98.0
[gzserver-2] [INFO] [1773111478.271107124] [gazebo_wind_plugin_node]: WindPlugin: set wind_speed=3.21 wind_direction=-98.0
[gzserver-2] [INFO] [1773111478.505873330] [gazebo_wind_plugin_node]: WindPlugin: set wind_speed=3.21 wind_direction=-98.0
[gzserver-2] [INFO] [1773111478.734868524] [gazebo_wind_plugin_node]: WindPlugin: set wind_speed=3.21 wind_direction=-98.0
[gzserver-2] [INFO] [1773111478.975190680] [gazebo_wind_plugin_node]: WindPlugin: set wind_speed=3.15 wind_direction=-99.0
[gzserver-2] [INFO] [1773111479.215342544] [gazebo_wind_plugin_node]: WindPlugin: set wind_speed=3.15 wind_direction=-99.0
[gzserver-2] [INFO] [1773111479.455940156] [gazebo_wind_plugin_node]: WindPlugin: set wind_speed=3.15 wind_direction=-99.0
[gzserver-2] [INFO] [1773111479.502498417] [drone.simple_drone]: Quadrotor lands!!
[gzserver-2] [INFO] [1773111479.705302763] [gazebo_wind_plugin_node]: WindPlugin: set wind_speed=3.15 wind_direction=-99.0
[gzserver-2] [INFO] [1773111479.942153218] [gazebo_wind_plugin_node]: WindPlugin: set wind_speed=3.15 wind_direction=-99.0
[gzserver-2] [1;36m[Dbg] [wind_plugin.cpp:110] [0m[1;36mWindPlugin: received command -> speed=[0m[1;36m0[0m[1;36m dir=[0m[1;36m0[0m[1;36m
[gzserver-2] [0m[1;36m[Dbg] [wind_plugin.cpp:110] [0m[1;36mWindPlugin: received command -> speed=[0m[1;36m3.07542[0m[1;36m dir=[0m[1;36m-97.9747[0m[1;36m
[gzserver-2] [0m[1;36m[Dbg] [wind_plugin.cpp:110] [0m[1;36mWindPlugin: received command -> speed=[0m[1;36m3.23975[0m[1;36m dir=[0m[1;36m-98.163[0m[1;36m
[gzserver-2] [0m[1;36m[Dbg] [wind_plugin.cpp:110] [0m[1;36mWindPlugin: received command -> speed=[0m[1;36m3.23975[0m[1;36m dir=[0m[1;36m-98.163[0m[1;36m
[gzserver-2] [0m[1;36m[Dbg] [wind_plugin.cpp:110] [0m[1;36mWindPlugin: received command -> speed=[0m[1;36m3.23975[0m[1;36m dir=[0m[1;36m-98.163[0m[1;36m
[gzserver-2] [0m[1;36m[Dbg] [wind_plugin.cpp:110] [0m[1;36mWindPlugin: received command -> speed=[0m[1;36m3.23975[0m[1;36m dir=[0m[1;36m-98.163[0m[1;36m
[gzserver-2] [0m[1;36m[Dbg] [wind_plugin.cpp:110] [0m[1;36mWindPlugin: received command -> speed=[0m[1;36m3.15214[0m[1;36m dir=[0m[1;36m-95.8528[0m[1;36m
[gzserver-2] [0m[1;36m[Dbg] [wind_plugin.cpp:110] [0m[1;36mWindPlugin: received command -> speed=[0m[1;36m3.15214[0m[1;36m dir=[0m[1;36m-95.8528[0m[1;36m
[gzserver-2] [0m[1;36m[Dbg] [wind_plugin.cpp:110] [0m[1;36mWindPlugin: received command -> speed=[0m[1;36m3.15214[0m[1;36m dir=[0m[1;36m-95.8528[0m[1;36m
[gzserver-2] [0m[1;36m[Dbg] [wind_plugin.cpp:110] [0m[1;36mWindPlugin: received command -> speed=[0m[1;36m3.15214[0m[1;36m dir=[0m[1;36m-95.8528[0m[1;36m
[gzserver-2] [0m[1;36m[Dbg] [wind_plugin.cpp:110] [0m[1;36mWindPlugin: received command -> speed=[0m[1;36m3.26564[0m[1;36m dir=[0m[1;36m-100.014[0m[1;36m
[gzserver-2] [0m[1;36m[Dbg] [wind_plugin.cpp:110] [0m[1;36mWindPlugin: received command -> speed=[0m[1;36m3.26564[0m[1;36m dir=[0m[1;36m-100.014[0m[1;36m
[gzserver-2] [0m[1;36m[Dbg] [wind_plugin.cpp:110] [0m[1;36mWindPlugin: received command -> speed=[0m[1;36m3.26564[0m[1;36m dir=[0m[1;36m-100.014[0m[1;36m
[gzserver-2] [0m[1;36m[Dbg] [wind_plugin.cpp:110] [0m[1;36mWindPlugin: received command -> speed=[0m[1;36m3.26564[0m[1;36m dir=[0m[1;36m-100.014[0m[1;36m
[gzserver-2] [0m[1;36m[Dbg] [wind_plugin.cpp:110] [0m[1;36mWindPlugin: received command -> speed=[0m[1;36m3.2822[0m[1;36m dir=[0m[1;36m-100.076[0m[1;36m
[gzserver-2] [0m[1;36m[Dbg] [wind_plugin.cpp:110] [0m[1;36mWindPlugin: received command -> speed=[0m[1;36m3.2822[0m[1;36m dir=[0m[1;36m-100.076[0m[1;36m
[gzserver-2] [0m[1;36m[Dbg] [wind_plugin.cpp:110] [0m[1;36mWindPlugin: received command -> speed=[0m[1;36m3.2822[0m[1;36m dir=[0m[1;36m-100.076[0m[1;36m
[gzserver-2] [0m[1;36m[Dbg] [wind_plugin.cpp:110] [0m[1;36mWindPlugin: received command -> speed=[0m[1;36m3.2822[0m[1;36m dir=[0m[1;36m-100.076[0m[1;36m
[gzserver-2] [0m[1;36m[Dbg] [wind_plugin.cpp:110] [0m[1;36mWindPlugin: received command -> speed=[0m[1;36m3.20565[0m[1;36m dir=[0m[1;36m-97.9603[0m[1;36m
[gzserver-2] [0m[1;36m[Dbg] [wind_plugin.cpp:110] [0m[1;36mWindPlugin: received command -> speed=[0m[1;36m3.20565[0m[1;36m dir=[0m[1;36m-97.9603[0m[1;36m
[gzserver-2] [0m[1;36m[Dbg] [wind_plugin.cpp:110] [0m[1;36mWindPlugin: received command -> speed=[0m[1;36m3.20565[0m[1;36m dir=[0m[1;36m-97.9603[0m[1;36m
[gzserver-2] [0m[1;36m[Dbg] [wind_plugin.cpp:110] [0m[1;36mWindPlugin: received command -> speed=[0m[1;36m3.20565[0m[1;36m dir=[0m[1;36m-97.9603[0m[1;36m
[gzserver-2] [0m[1;36m[Dbg] [wind_plugin.cpp:110] [0m[1;36mWindPlugin: received command -> speed=[0m[1;36m3.14537[0m[1;36m dir=[0m[1;36m-99.033[0m[1;36m
[gzserver-2] [0m[1;36m[Dbg] [wind_plugin.cpp:110] [0m[1;36mWindPlugin: received command -> speed=[0m[1;36m3.14537[0m[1;36m dir=[0m[1;36m-99.033[0m[1;36m
[gzserver-2] [0m[1;36m[Dbg] [wind_plugin.cpp:110] [0m[1;36mWindPlugin: received command -> speed=[0m[1;36m3.14537[0m[1;36m dir=[0m[1;36m-99.033[0m[1;36m
[gzserver-2] [0m[1;36m[Dbg] [wind_plugin.cpp:110] [0m[1;36mWindPlugin: received command -> speed=[0m[1;36m3.14537[0m[1;36m dir=[0m[1;36m-99.033[0m[1;36m
[gzserver-2] [INFO] [1773111480.181923481] [gazebo_wind_plugin_node]: WindPlugin: set wind_speed=3.31 wind_direction=-96.3
[gzserver-2] [INFO] [1773111480.421342119] [gazebo_wind_plugin_node]: WindPlugin: set wind_speed=3.31 wind_direction=-96.3
[gzserver-2] [0m[1;36m[Dbg] [wind_plugin.cpp:110] [0m[1;36mWindPlugin: received command -> speed=[0m[1;36m3.14537[0m[1;36m dir=[0m[1;36m-99.033[0m[1;36m
[gzserver-2] [0m[1;36m[Dbg] [wind_plugin.cpp:110] [0m[1;36mWindPlugin: received command -> speed=[0m[1;36m3.31126[0m[1;36m dir=[0m[1;36m-96.3479[0m[1;36m
[gzserver-2] [0m[1;36m[Dbg] [wind_plugin.cpp:110] [0m[1;36mWindPlugin: received command -> speed=[0m[1;36m3.31126[0m[1;36m dir=[0m[1;36m-96.3479[0m[1;36m
[gzserver-2] [0mLanded!
[gzserver-2] [INFO] [1773111480.661033612] [gazebo_wind_plugin_node]: WindPlugin: set wind_speed=3.31 wind_direction=-96.3
[gzserver-2] [INFO] [1773111480.895731347] [gazebo_wind_plugin_node]: WindPlugin: set wind_speed=3.31 wind_direction=-96.3
[gzserver-2] [INFO] [1773111481.130300884] [gazebo_wind_plugin_node]: WindPlugin: set wind_speed=3.14 wind_direction=-96.5
[gzserver-2] [INFO] [1773111481.359277428] [gazebo_wind_plugin_node]: WindPlugin: set wind_speed=3.14 wind_direction=-96.5
[gzserver-2] [INFO] [1773111481.601314774] [gazebo_wind_plugin_node]: WindPlugin: set wind_speed=3.14 wind_direction=-96.5
[gzserver-2] [INFO] [1773111481.840955443] [gazebo_wind_plugin_node]: WindPlugin: set wind_speed=3.14 wind_direction=-96.5
[gzserver-2] [INFO] [1773111482.082264645] [gazebo_wind_plugin_node]: WindPlugin: set wind_speed=3.20 wind_direction=-98.5
[gzserver-2] [INFO] [1773111482.316809841] [gazebo_wind_plugin_node]: WindPlugin: set wind_speed=3.20 wind_direction=-98.5
