[INFO] [launch]: All log files can be found below /home/j/.ros/log/2026-03-10-20-47-15-347821-j-401432
[INFO] [launch]: Default logging verbosity is set to INFO
[INFO] [launch.user]: [bringup] Apriltag config: camera=/drone/bottom, image=/drone/bottom/image_raw, tags=/drone/bottom/tags, bridge=/landing_tag_state, standalone=true, use_target_id=true, target_id=0
[INFO] [rviz2-1]: process started with pid [401435]
[INFO] [gzserver-2]: process started with pid [401437]
[INFO] [robot_state_publisher-3]: process started with pid [401439]
[INFO] [joint_state_publisher-4]: process started with pid [401441]
[INFO] [spawn_drone-5]: process started with pid [401443]
[INFO] [static_transform_publisher-6]: process started with pid [401445]
[INFO] [joy_node-7]: process started with pid [401447]
[INFO] [teleop_joystick-8]: process started with pid [401449]
[INFO] [apriltag_detector_node-9]: process started with pid [401451]
[INFO] [apriltag_state_bridge-10]: process started with pid [401454]
[static_transform_publisher-6] [WARN] [1773143235.811406338] []: Old-style arguments are deprecated; see --help for new-style arguments
[static_transform_publisher-6] [INFO] [1773143235.819137734] [static_transform_publisher_101NxlvZndA1D9qj]: Spinning until stopped - publishing transform
[static_transform_publisher-6] translation: ('0.000000', '0.000000', '0.000000')
[static_transform_publisher-6] rotation: ('0.000000', '0.000000', '0.000000', '1.000000')
[static_transform_publisher-6] from 'world' to '/drone/odom'
[robot_state_publisher-3] [INFO] [1773143235.845543086] [drone.robot_state_publisher]: got segment base_footprint
[robot_state_publisher-3] [INFO] [1773143235.845629856] [drone.robot_state_publisher]: got segment base_link
[robot_state_publisher-3] [INFO] [1773143235.845642653] [drone.robot_state_publisher]: got segment bottom_cam_link
[robot_state_publisher-3] [INFO] [1773143235.845683207] [drone.robot_state_publisher]: got segment front_cam_link
[robot_state_publisher-3] [INFO] [1773143235.845693837] [drone.robot_state_publisher]: got segment sonar_link
[apriltag_detector_node-9] [INFO] [1773143235.848192268] [apriltag_detector_node]: tag detector type: umich
[rviz2-1] 
[rviz2-1] (rviz2:401435): dbind-WARNING **: 20:47:15.855: Couldn't connect to accessibility bus: Failed to connect to socket /root/.cache/at-spi/bus_0: 허가 거부
[teleop_joystick-8] Traceback (most recent call last):
[teleop_joystick-8]   File "/home/j/INCSL/IICC26_ws/install/sjtu_drone_control/lib/sjtu_drone_control/teleop_joystick", line 33, in <module>
[teleop_joystick-8]     sys.exit(load_entry_point('sjtu_drone_control==0.0.0', 'console_scripts', 'teleop_joystick')())
[teleop_joystick-8]   File "/home/j/INCSL/IICC26_ws/install/sjtu_drone_control/lib/sjtu_drone_control/teleop_joystick", line 22, in importlib_load_entry_point
[teleop_joystick-8]     for entry_point in distribution(dist_name).entry_points
[teleop_joystick-8]   File "/usr/lib/python3.10/importlib/metadata/__init__.py", line 969, in distribution
[teleop_joystick-8]     return Distribution.from_name(distribution_name)
[teleop_joystick-8]   File "/usr/lib/python3.10/importlib/metadata/__init__.py", line 548, in from_name
[teleop_joystick-8]     raise PackageNotFoundError(name)
[teleop_joystick-8] importlib.metadata.PackageNotFoundError: No package metadata was found for sjtu_drone_control
[ERROR] [teleop_joystick-8]: process has died [pid 401449, exit code 1, cmd '/home/j/INCSL/IICC26_ws/install/sjtu_drone_control/lib/sjtu_drone_control/teleop_joystick --ros-args -r __ns:=/drone'].
[gzserver-2] Gazebo multi-robot simulator, version 11.10.2
[gzserver-2] Copyright (C) 2012 Open Source Robotics Foundation.
[gzserver-2] Released under the Apache 2 License.
[gzserver-2] http://gazebosim.org
[gzserver-2] 
[apriltag_state_bridge-10] [INFO] [1773143236.063744511] [apriltag_state_bridge]: AprilTag bridge started: /drone/bottom/tags -> /landing_tag_state, use_target_id=True, target_id=0
[joint_state_publisher-4] [INFO] [1773143236.073791745] [drone.joint_state_publisher]: Waiting for robot_description to be published on the robot_description topic...
[gzserver-2] [1;33m[Wrn] [gazebo_ros_init.cpp:178] [0m[1;33m
[gzserver-2] #     # ####### ####### ###  #####  #######
[gzserver-2] ##    # #     #    #     #  #     # #
[gzserver-2] # #   # #     #    #     #  #       #
[gzserver-2] #  #  # #     #    #     #  #       #####
[gzserver-2] #   # # #     #    #     #  #       #
[gzserver-2] #    ## #     #    #     #  #     # #
[gzserver-2] #     # #######    #    ###  #####  #######
[gzserver-2] 
[gzserver-2] This version of Gazebo, now called Gazebo classic, reaches end-of-life
[gzserver-2] in January 2025. Users are highly encouraged to migrate to the new Gazebo
[gzserver-2] using our migration guides (https://gazebosim.org/docs/latest/gazebo_classic_migration?utm_source=gazebo_ros_pkgs&utm_medium=cli)
[gzserver-2] 
[gzserver-2] [0m[1;33m
[rviz2-1] [INFO] [1773143236.454687466] [rviz2]: Stereo is NOT SUPPORTED
[rviz2-1] [INFO] [1773143236.454790651] [rviz2]: OpenGl version: 4.6 (GLSL 4.6)
[rviz2-1] [INFO] [1773143236.585674579] [rviz2]: Stereo is NOT SUPPORTED
[rviz2-1] [INFO] [1773143236.706935941] [rviz2]: Stereo is NOT SUPPORTED
[spawn_drone-5] [INFO] [1773143237.201641956] [spawn_drone]: Result False Entity pushed to spawn queue, but spawn service timed outwaiting for entity to appear in simulation under the name [/drone]
[gzserver-2] [1;32m[Msg] [0m[1;32mWaiting for master.[0m[1;32m
[gzserver-2] [0m[1;32m[0m[1;32m[0m[1;32m[Msg] [0m[1;32mConnected to gazebo master @ [0m[1;32mhttp://127.0.0.1:11345[0m[1;32m
[gzserver-2] [0m[1;32m[0m[1;32m[0m[1;32m[Msg] [0m[1;32mPublicized address: [0m[1;32m192.168.0.11[0m[1;32m
[gzserver-2] [0m[1;32m[0m[1;32m[0m[1;32m[Msg] [0m[1;32mLoading world file [[0m[1;32m/home/j/INCSL/IICC26_ws/install/sjtu_drone_description/share/sjtu_drone_description/worlds/landingPad.world[0m[1;32m][0m[1;32m
[gzserver-2] [0m[1;32m[0m[1;32m[0m[1;36m[Dbg] [wind_plugin.cpp:96] [0m[1;36mWindPlugin loaded: speed=[0m[1;36m0[0m[1;36m dir=[0m[1;36m0[0m[1;36m deg area=[0m[1;36m0.1[0m[1;36m coeff=[0m[1;36m1[0m[1;36m
[gzserver-2] [0m[1;33m[0m[1;33m[0m[1;31m[Err] [Sensor.cc:510] [0m[1;31mGet noise index not valid[0m[1;31m
[gzserver-2] [0m[1;31m[0m[1;31m[0m[1;31m[Err] [Sensor.cc:510] [0m[1;31mGet noise index not valid[0m[1;31m
[gzserver-2] [0m[1;31m[0m[1;31m[0m[1;31m[Err] [Sensor.cc:510] [0m[1;31mGet noise index not valid[0m[1;31m
[gzserver-2] [0m[1;31m[0m[1;31m[0m[1;31m[Err] [Sensor.cc:510] [0m[1;31mGet noise index not valid[0m[1;31m
[gzserver-2] [0m[1;31m[0m[1;31m[0m[1;31m[Err] [Sensor.cc:510] [0m[1;31mGet noise index not valid[0m[1;31m
[gzserver-2] [0m[1;31m[0m[1;31m[0m[1;31m[Err] [Sensor.cc:510] [0m[1;31mGet noise index not valid[0m[1;31m
[gzserver-2] [0m[1;31m[0m[1;31m[0mTopic [default//drone/base_footprint/down_camera/image] is not valid.
[gzserver-2] [INFO] [1773143237.231459783] [drone.collision_plugin]: Publishing contact states to [/drone/bumper_states]
[gzserver-2] Topic [default//drone/base_footprint/front_camera/image] is not valid.
[gzserver-2] [1;33m[Wrn] [Event.cc:61] [0m[1;33mWarning: Deleting a connection right after creation. [0m[1;33mMake sure to save the ConnectionPtr from a Connect call
[INFO] [spawn_drone-5]: process has finished cleanly [pid 401443]
[gzserver-2] [0m[INFO] [1773143237.820866331] [drone.camera_bottom]: Publishing camera info to [/drone/bottom/camera_info]
[gzserver-2] [INFO] [1773143237.823811565] [drone.camera_front]: Publishing camera info to [/drone/front/camera_info]
[gzserver-2] [INFO] [1773143237.944970469] [drone.simple_drone]: The drone plugin is loading!
[gzserver-2] [INFO] [1773143237.945168666] [drone.simple_drone]: pub_odom: 1
[gzserver-2] [INFO] [1773143237.945202640] [drone.simple_drone]: Using following parameters: 
[gzserver-2] 		link_name: base_footprint,
[gzserver-2] 		max_force: 30,
[gzserver-2] 		motion_small_noise: 0,
[gzserver-2] 		motion_drift_noise: 0,
[gzserver-2] 		motion_drift_noise_time: 50,
[gzserver-2] 		takeoff_hover_height: 1.72,
[gzserver-2] 		takeoff_vertical_speed: 0.2
[gzserver-2] [INFO] [1773143237.956913969] [drone.simple_drone]: Using the PID parameters: 
[gzserver-2] 	Roll Pitch:
[gzserver-2] 		kP: 10, kI: 0,kD: 5, Limit: 0.5, Time Constant: 0
[gzserver-2] 	Yaw:
[gzserver-2] 		kP: 2, kI: 0,kD: 1, Limit: 1.5, Time Constant: 0
[gzserver-2] 	Velocity X:
[gzserver-2] 		kP: 5, kI: 0,kD: 2.3, Limit: 2, Time Constant: 0
[gzserver-2] 	Velocity Y:
[gzserver-2] 		kP: 5, kI: 0,kD: 2.3, Limit: 2, Time Constant: 0
[gzserver-2] 	Velocity Z:
[gzserver-2] 		kP: 5, kI: 0,kD: 1, Limit: -1, Time Constant: 0
[gzserver-2] 	Position XY:
[gzserver-2] 		kP: 1.1, kI: 0,kD: 0, Limit: 5, Time Constant: 0
[gzserver-2] 	Position Z:
[gzserver-2] 		kP: 1, kI: 0,kD: 0.2, Limit: -1, Time Constant: 0
[gzserver-2] [INFO] [1773143237.957052633] [drone.simple_drone]: The drone plugin finished loading!
[gzserver-2] [INFO] [1773143245.175222665] [gazebo_wind_plugin_node]: WindPlugin: set wind_speed=0.00 wind_direction=0.0
[gzserver-2] [INFO] [1773143245.448647822] [gazebo_wind_plugin_node]: WindPlugin: set wind_speed=0.00 wind_direction=0.0
[gzserver-2] [INFO] [1773143245.485111039] [drone.simple_drone]: Quadrotor takes off!!
[gzserver-2] [INFO] [1773143245.687255244] [gazebo_wind_plugin_node]: WindPlugin: set wind_speed=0.00 wind_direction=0.0
[gzserver-2] [INFO] [1773143245.928619494] [gazebo_wind_plugin_node]: WindPlugin: set wind_speed=0.00 wind_direction=0.0
[gzserver-2] [INFO] [1773143246.163561065] [gazebo_wind_plugin_node]: WindPlugin: set wind_speed=0.00 wind_direction=0.0
[gzserver-2] [INFO] [1773143246.398042384] [gazebo_wind_plugin_node]: WindPlugin: set wind_speed=0.00 wind_direction=0.0
[gzserver-2] [INFO] [1773143246.637052420] [gazebo_wind_plugin_node]: WindPlugin: set wind_speed=0.00 wind_direction=0.0
[gzserver-2] [INFO] [1773143246.876308548] [gazebo_wind_plugin_node]: WindPlugin: set wind_speed=0.00 wind_direction=0.0
[gzserver-2] [0m[1;36m[Dbg] [wind_plugin.cpp:110] [0m[1;36mWindPlugin: received command -> speed=[0m[1;36m0[0m[1;36m dir=[0m[1;36m0[0m[1;36m
[gzserver-2] [0m[1;36m[Dbg] [wind_plugin.cpp:110] [0m[1;36mWindPlugin: received command -> speed=[0m[1;36m0[0m[1;36m dir=[0m[1;36m0[0m[1;36m
[gzserver-2] [0m[1;36m[Dbg] [wind_plugin.cpp:110] [0m[1;36mWindPlugin: received command -> speed=[0m[1;36m0[0m[1;36m dir=[0m[1;36m0[0m[1;36m
[gzserver-2] [0m[1;36m[Dbg] [wind_plugin.cpp:110] [0m[1;36mWindPlugin: received command -> speed=[0m[1;36m0[0m[1;36m dir=[0m[1;36m0[0m[1;36m
[gzserver-2] [0m[1;36m[Dbg] [wind_plugin.cpp:110] [0m[1;36mWindPlugin: received command -> speed=[0m[1;36m0[0m[1;36m dir=[0m[1;36m0[0m[1;36m
[gzserver-2] [0m[1;36m[Dbg] [wind_plugin.cpp:110] [0m[1;36mWindPlugin: received command -> speed=[0m[1;36m0[0m[1;36m dir=[0m[1;36m0[0m[1;36m
[gzserver-2] [0m[1;36m[Dbg] [wind_plugin.cpp:110] [0m[1;36mWindPlugin: received command -> speed=[0m[1;36m0[0m[1;36m dir=[0m[1;36m0[0m[1;36m
[gzserver-2] [0m[1;36m[Dbg] [wind_plugin.cpp:110] [0m[1;36mWindPlugin: received command -> speed=[0m[1;36m0[0m[1;36m dir=[0m[1;36m0[0m[1;36m
[gzserver-2] [0mEntering flying model!
[gzserver-2] [INFO] [1773143247.111207558] [gazebo_wind_plugin_node]: WindPlugin: set wind_speed=0.00 wind_direction=0.0
[gzserver-2] [INFO] [1773143247.347621616] [gazebo_wind_plugin_node]: WindPlugin: set wind_speed=3.18 wind_direction=-134.9
[gzserver-2] [INFO] [1773143247.583621543] [gazebo_wind_plugin_node]: WindPlugin: set wind_speed=3.18 wind_direction=-134.9
[gzserver-2] [INFO] [1773143247.819498698] [gazebo_wind_plugin_node]: WindPlugin: set wind_speed=3.02 wind_direction=-136.0
[gzserver-2] [INFO] [1773143248.059691529] [gazebo_wind_plugin_node]: WindPlugin: set wind_speed=3.02 wind_direction=-136.0
[gzserver-2] [INFO] [1773143248.298508390] [gazebo_wind_plugin_node]: WindPlugin: set wind_speed=3.02 wind_direction=-136.0
[gzserver-2] [INFO] [1773143248.532765399] [gazebo_wind_plugin_node]: WindPlugin: set wind_speed=3.02 wind_direction=-136.0
[gzserver-2] [INFO] [1773143248.771960317] [gazebo_wind_plugin_node]: WindPlugin: set wind_speed=3.10 wind_direction=-135.2
[gzserver-2] [INFO] [1773143249.006474196] [gazebo_wind_plugin_node]: WindPlugin: set wind_speed=3.10 wind_direction=-135.2
[gzserver-2] [INFO] [1773143249.245583463] [gazebo_wind_plugin_node]: WindPlugin: set wind_speed=3.10 wind_direction=-135.2
[gzserver-2] [INFO] [1773143249.485111338] [gazebo_wind_plugin_node]: WindPlugin: set wind_speed=3.10 wind_direction=-135.2
[gzserver-2] [INFO] [1773143249.723994215] [gazebo_wind_plugin_node]: WindPlugin: set wind_speed=3.20 wind_direction=-134.4
[gzserver-2] [INFO] [1773143249.957732866] [gazebo_wind_plugin_node]: WindPlugin: set wind_speed=3.20 wind_direction=-134.4
[gzserver-2] [INFO] [1773143250.196807743] [gazebo_wind_plugin_node]: WindPlugin: set wind_speed=3.20 wind_direction=-134.4
[gzserver-2] [INFO] [1773143250.236554931] [drone.simple_drone]: Quadrotor lands!!
[gzserver-2] [INFO] [1773143250.437883361] [gazebo_wind_plugin_node]: WindPlugin: set wind_speed=3.20 wind_direction=-134.4
[gzserver-2] [INFO] [1773143250.677546048] [gazebo_wind_plugin_node]: WindPlugin: set wind_speed=3.01 wind_direction=-133.1
[gzserver-2] [INFO] [1773143250.916660044] [gazebo_wind_plugin_node]: WindPlugin: set wind_speed=3.01 wind_direction=-133.1
[gzserver-2] [INFO] [1773143251.151173353] [gazebo_wind_plugin_node]: WindPlugin: set wind_speed=3.01 wind_direction=-133.1
[gzserver-2] [1;36m[Dbg] [wind_plugin.cpp:110] [0m[1;36mWindPlugin: received command -> speed=[0m[1;36m0[0m[1;36m dir=[0m[1;36m0[0m[1;36m
[gzserver-2] [0m[1;36m[Dbg] [wind_plugin.cpp:110] [0m[1;36mWindPlugin: received command -> speed=[0m[1;36m3.18192[0m[1;36m dir=[0m[1;36m-134.925[0m[1;36m
[gzserver-2] [0m[1;36m[Dbg] [wind_plugin.cpp:110] [0m[1;36mWindPlugin: received command -> speed=[0m[1;36m3.18192[0m[1;36m dir=[0m[1;36m-134.925[0m[1;36m
[gzserver-2] [0m[1;36m[Dbg] [wind_plugin.cpp:110] [0m[1;36mWindPlugin: received command -> speed=[0m[1;36m3.01773[0m[1;36m dir=[0m[1;36m-136.045[0m[1;36m
[gzserver-2] [0m[1;36m[Dbg] [wind_plugin.cpp:110] [0m[1;36mWindPlugin: received command -> speed=[0m[1;36m3.01773[0m[1;36m dir=[0m[1;36m-136.045[0m[1;36m
[gzserver-2] [0m[1;36m[Dbg] [wind_plugin.cpp:110] [0m[1;36mWindPlugin: received command -> speed=[0m[1;36m3.01773[0m[1;36m dir=[0m[1;36m-136.045[0m[1;36m
[gzserver-2] [0m[1;36m[Dbg] [wind_plugin.cpp:110] [0m[1;36mWindPlugin: received command -> speed=[0m[1;36m3.01773[0m[1;36m dir=[0m[1;36m-136.045[0m[1;36m
[gzserver-2] [0m[1;36m[Dbg] [wind_plugin.cpp:110] [0m[1;36mWindPlugin: received command -> speed=[0m[1;36m3.09708[0m[1;36m dir=[0m[1;36m-135.178[0m[1;36m
[gzserver-2] [0m[1;36m[Dbg] [wind_plugin.cpp:110] [0m[1;36mWindPlugin: received command -> speed=[0m[1;36m3.09708[0m[1;36m dir=[0m[1;36m-135.178[0m[1;36m
[gzserver-2] [0m[1;36m[Dbg] [wind_plugin.cpp:110] [0m[1;36mWindPlugin: received command -> speed=[0m[1;36m3.09708[0m[1;36m dir=[0m[1;36m-135.178[0m[1;36m
[gzserver-2] [0m[1;36m[Dbg] [wind_plugin.cpp:110] [0m[1;36mWindPlugin: received command -> speed=[0m[1;36m3.09708[0m[1;36m dir=[0m[1;36m-135.178[0m[1;36m
[gzserver-2] [0m[1;36m[Dbg] [wind_plugin.cpp:110] [0m[1;36mWindPlugin: received command -> speed=[0m[1;36m3.19659[0m[1;36m dir=[0m[1;36m-134.39[0m[1;36m
[gzserver-2] [0m[1;36m[Dbg] [wind_plugin.cpp:110] [0m[1;36mWindPlugin: received command -> speed=[0m[1;36m3.19659[0m[1;36m dir=[0m[1;36m-134.39[0m[1;36m
[gzserver-2] [0m[1;36m[Dbg] [wind_plugin.cpp:110] [0m[1;36mWindPlugin: received command -> speed=[0m[1;36m3.19659[0m[1;36m dir=[0m[1;36m-134.39[0m[1;36m
[gzserver-2] [0m[1;36m[Dbg] [wind_plugin.cpp:110] [0m[1;36mWindPlugin: received command -> speed=[0m[1;36m3.19659[0m[1;36m dir=[0m[1;36m-134.39[0m[1;36m
[gzserver-2] [0m[1;36m[Dbg] [wind_plugin.cpp:110] [0m[1;36mWindPlugin: received command -> speed=[0m[1;36m3.01287[0m[1;36m dir=[0m[1;36m-133.145[0m[1;36m
[gzserver-2] [0m[1;36m[Dbg] [wind_plugin.cpp:110] [0m[1;36mWindPlugin: received command -> speed=[0m[1;36m3.01287[0m[1;36m dir=[0m[1;36m-133.145[0m[1;36m
[gzserver-2] [0m[1;36m[Dbg] [wind_plugin.cpp:110] [0m[1;36mWindPlugin: received command -> speed=[0m[1;36m3.01287[0m[1;36m dir=[0m[1;36m-133.145[0m[1;36m
[gzserver-2] [0mLanded!
[gzserver-2] [INFO] [1773143251.387251023] [gazebo_wind_plugin_node]: WindPlugin: set wind_speed=3.01 wind_direction=-133.1
[gzserver-2] [INFO] [1773143251.623567982] [gazebo_wind_plugin_node]: WindPlugin: set wind_speed=3.01 wind_direction=-133.1
[gzserver-2] [INFO] [1773143251.862714836] [gazebo_wind_plugin_node]: WindPlugin: set wind_speed=3.22 wind_direction=-130.9
[gzserver-2] [INFO] [1773143252.096359163] [gazebo_wind_plugin_node]: WindPlugin: set wind_speed=3.22 wind_direction=-130.9
[gzserver-2] [INFO] [1773143252.336235283] [gazebo_wind_plugin_node]: WindPlugin: set wind_speed=3.22 wind_direction=-130.9
[gzserver-2] [INFO] [1773143252.571587698] [gazebo_wind_plugin_node]: WindPlugin: set wind_speed=3.22 wind_direction=-130.9
[gzserver-2] [INFO] [1773143252.811012364] [gazebo_wind_plugin_node]: WindPlugin: set wind_speed=3.00 wind_direction=-130.7
[gzserver-2] [INFO] [1773143253.053270942] [gazebo_wind_plugin_node]: WindPlugin: set wind_speed=3.00 wind_direction=-130.7
