[INFO] [launch]: All log files can be found below /home/j/.ros/log/2026-03-11-00-53-54-988347-j-2545898
[INFO] [launch]: Default logging verbosity is set to INFO
[INFO] [launch.user]: [bringup] Apriltag config: camera=/drone/bottom, image=/drone/bottom/image_raw, tags=/drone/bottom/tags, bridge=/landing_tag_state, standalone=true, use_target_id=true, target_id=0
[INFO] [rviz2-1]: process started with pid [2545915]
[INFO] [gzserver-2]: process started with pid [2545917]
[INFO] [robot_state_publisher-3]: process started with pid [2545919]
[INFO] [joint_state_publisher-4]: process started with pid [2545921]
[INFO] [spawn_drone-5]: process started with pid [2545923]
[INFO] [static_transform_publisher-6]: process started with pid [2545925]
[INFO] [joy_node-7]: process started with pid [2545927]
[INFO] [teleop_joystick-8]: process started with pid [2545929]
[INFO] [apriltag_detector_node-9]: process started with pid [2545931]
[INFO] [apriltag_state_bridge-10]: process started with pid [2545933]
[static_transform_publisher-6] [WARN] [1773158035.458471853] []: Old-style arguments are deprecated; see --help for new-style arguments
[static_transform_publisher-6] [INFO] [1773158035.467984854] [static_transform_publisher_EDpi6dHQriKOTHd1]: Spinning until stopped - publishing transform
[static_transform_publisher-6] translation: ('0.000000', '0.000000', '0.000000')
[static_transform_publisher-6] rotation: ('0.000000', '0.000000', '0.000000', '1.000000')
[static_transform_publisher-6] from 'world' to '/drone/odom'
[robot_state_publisher-3] [INFO] [1773158035.490072784] [drone.robot_state_publisher]: got segment base_footprint
[robot_state_publisher-3] [INFO] [1773158035.490129807] [drone.robot_state_publisher]: got segment base_link
[robot_state_publisher-3] [INFO] [1773158035.490135435] [drone.robot_state_publisher]: got segment bottom_cam_link
[robot_state_publisher-3] [INFO] [1773158035.490138649] [drone.robot_state_publisher]: got segment front_cam_link
[robot_state_publisher-3] [INFO] [1773158035.490141686] [drone.robot_state_publisher]: got segment sonar_link
[apriltag_detector_node-9] [INFO] [1773158035.495176590] [apriltag_detector_node]: tag detector type: umich
[teleop_joystick-8] Traceback (most recent call last):
[teleop_joystick-8]   File "/home/j/INCSL/IICC26_ws/install/sjtu_drone_control/lib/sjtu_drone_control/teleop_joystick", line 33, in <module>
[teleop_joystick-8]     sys.exit(load_entry_point('sjtu_drone_control==0.0.0', 'console_scripts', 'teleop_joystick')())
[teleop_joystick-8]   File "/home/j/INCSL/IICC26_ws/install/sjtu_drone_control/lib/sjtu_drone_control/teleop_joystick", line 22, in importlib_load_entry_point
[teleop_joystick-8]     for entry_point in distribution(dist_name).entry_points
[teleop_joystick-8]   File "/usr/lib/python3.10/importlib/metadata/__init__.py", line 969, in distribution
[teleop_joystick-8]     return Distribution.from_name(distribution_name)
[teleop_joystick-8]   File "/usr/lib/python3.10/importlib/metadata/__init__.py", line 548, in from_name
[teleop_joystick-8]     raise PackageNotFoundError(name)
[teleop_joystick-8] importlib.metadata.PackageNotFoundError: No package metadata was found for sjtu_drone_control
[rviz2-1] 
[rviz2-1] (rviz2:2545915): dbind-WARNING **: 00:53:55.513: Couldn't connect to accessibility bus: Failed to connect to socket /root/.cache/at-spi/bus_0: 허가 거부
[ERROR] [teleop_joystick-8]: process has died [pid 2545929, exit code 1, cmd '/home/j/INCSL/IICC26_ws/install/sjtu_drone_control/lib/sjtu_drone_control/teleop_joystick --ros-args -r __ns:=/drone'].
[apriltag_state_bridge-10] [INFO] [1773158035.652499614] [apriltag_state_bridge]: AprilTag bridge started: /drone/bottom/tags -> /landing_tag_state, use_target_id=True, target_id=0
[gzserver-2] Gazebo multi-robot simulator, version 11.10.2
[gzserver-2] Copyright (C) 2012 Open Source Robotics Foundation.
[gzserver-2] Released under the Apache 2 License.
[gzserver-2] http://gazebosim.org
[gzserver-2] 
[joint_state_publisher-4] [INFO] [1773158035.714744465] [drone.joint_state_publisher]: Waiting for robot_description to be published on the robot_description topic...
[gzserver-2] [1;33m[Wrn] [gazebo_ros_init.cpp:178] [0m[1;33m
[gzserver-2] #     # ####### ####### ###  #####  #######
[gzserver-2] ##    # #     #    #     #  #     # #
[gzserver-2] # #   # #     #    #     #  #       #
[gzserver-2] #  #  # #     #    #     #  #       #####
[gzserver-2] #   # # #     #    #     #  #       #
[gzserver-2] #    ## #     #    #     #  #     # #
[gzserver-2] #     # #######    #    ###  #####  #######
[gzserver-2] 
[gzserver-2] This version of Gazebo, now called Gazebo classic, reaches end-of-life
[gzserver-2] in January 2025. Users are highly encouraged to migrate to the new Gazebo
[gzserver-2] using our migration guides (https://gazebosim.org/docs/latest/gazebo_classic_migration?utm_source=gazebo_ros_pkgs&utm_medium=cli)
[gzserver-2] 
[gzserver-2] [0m[1;33m
[rviz2-1] [INFO] [1773158036.348890735] [rviz2]: Stereo is NOT SUPPORTED
[rviz2-1] [INFO] [1773158036.349008255] [rviz2]: OpenGl version: 4.6 (GLSL 4.6)
[rviz2-1] [INFO] [1773158036.429045752] [rviz2]: Stereo is NOT SUPPORTED
[rviz2-1] [INFO] [1773158036.520085608] [rviz2]: Stereo is NOT SUPPORTED
[spawn_drone-5] [INFO] [1773158036.939993410] [spawn_drone]: Result False Entity pushed to spawn queue, but spawn service timed outwaiting for entity to appear in simulation under the name [/drone]
[gzserver-2] [1;32m[Msg] [0m[1;32mWaiting for master.[0m[1;32m
[gzserver-2] [0m[1;32m[0m[1;32m[0m[1;32m[Msg] [0m[1;32mConnected to gazebo master @ [0m[1;32mhttp://127.0.0.1:11345[0m[1;32m
[gzserver-2] [0m[1;32m[0m[1;32m[0m[1;32m[Msg] [0m[1;32mPublicized address: [0m[1;32m192.168.0.11[0m[1;32m
[gzserver-2] [0m[1;32m[0m[1;32m[0m[1;32m[Msg] [0m[1;32mLoading world file [[0m[1;32m/home/j/INCSL/IICC26_ws/install/sjtu_drone_description/share/sjtu_drone_description/worlds/landingPad.world[0m[1;32m][0m[1;32m
[gzserver-2] [0m[1;32m[0m[1;32m[0m[1;36m[Dbg] [wind_plugin.cpp:96] [0m[1;36mWindPlugin loaded: speed=[0m[1;36m0[0m[1;36m dir=[0m[1;36m0[0m[1;36m deg area=[0m[1;36m0.1[0m[1;36m coeff=[0m[1;36m1[0m[1;36m
[gzserver-2] [0m[1;33m[0m[1;33m[0m[1;31m[Err] [Sensor.cc:510] [0m[1;31mGet noise index not valid[0m[1;31m
[gzserver-2] [0m[1;31m[0m[1;31m[0m[1;31m[Err] [Sensor.cc:510] [0m[1;31mGet noise index not valid[0m[1;31m
[gzserver-2] [0m[1;31m[0m[1;31m[0m[1;31m[Err] [Sensor.cc:510] [0m[1;31mGet noise index not valid[0m[1;31m
[gzserver-2] [0m[1;31m[0m[1;31m[0m[1;31m[Err] [Sensor.cc:510] [0m[1;31mGet noise index not valid[0m[1;31m
[gzserver-2] [0m[1;31m[0m[1;31m[0m[1;31m[Err] [Sensor.cc:510] [0m[1;31mGet noise index not valid[0m[1;31m
[gzserver-2] [0m[1;31m[0m[1;31m[0m[1;31m[Err] [Sensor.cc:510] [0m[1;31mGet noise index not valid[0m[1;31m
[gzserver-2] [0m[1;31m[0m[1;31m[0mTopic [default//drone/base_footprint/down_camera/image] is not valid.
[gzserver-2] [INFO] [1773158036.971917510] [drone.collision_plugin]: Publishing contact states to [/drone/bumper_states]
[gzserver-2] Topic [default//drone/base_footprint/front_camera/image] is not valid.
[gzserver-2] [1;33m[Wrn] [Event.cc:61] [0m[1;33mWarning: Deleting a connection right after creation. [0m[1;33mMake sure to save the ConnectionPtr from a Connect call
[INFO] [spawn_drone-5]: process has finished cleanly [pid 2545923]
[gzserver-2] [0m[INFO] [1773158037.543732712] [drone.camera_bottom]: Publishing camera info to [/drone/bottom/camera_info]
[gzserver-2] [INFO] [1773158037.548209102] [drone.camera_front]: Publishing camera info to [/drone/front/camera_info]
[gzserver-2] [INFO] [1773158037.670902104] [drone.simple_drone]: The drone plugin is loading!
[gzserver-2] [INFO] [1773158037.671119417] [drone.simple_drone]: pub_odom: 1
[gzserver-2] [INFO] [1773158037.671153552] [drone.simple_drone]: Using following parameters: 
[gzserver-2] 		link_name: base_footprint,
[gzserver-2] 		max_force: 30,
[gzserver-2] 		motion_small_noise: 0,
[gzserver-2] 		motion_drift_noise: 0,
[gzserver-2] 		motion_drift_noise_time: 50,
[gzserver-2] 		takeoff_hover_height: 2.04,
[gzserver-2] 		takeoff_vertical_speed: 0.2
[gzserver-2] [INFO] [1773158037.682851407] [drone.simple_drone]: Using the PID parameters: 
[gzserver-2] 	Roll Pitch:
[gzserver-2] 		kP: 10, kI: 0,kD: 5, Limit: 0.5, Time Constant: 0
[gzserver-2] 	Yaw:
[gzserver-2] 		kP: 2, kI: 0,kD: 1, Limit: 1.5, Time Constant: 0
[gzserver-2] 	Velocity X:
[gzserver-2] 		kP: 5, kI: 0,kD: 2.3, Limit: 2, Time Constant: 0
[gzserver-2] 	Velocity Y:
[gzserver-2] 		kP: 5, kI: 0,kD: 2.3, Limit: 2, Time Constant: 0
[gzserver-2] 	Velocity Z:
[gzserver-2] 		kP: 5, kI: 0,kD: 1, Limit: -1, Time Constant: 0
[gzserver-2] 	Position XY:
[gzserver-2] 		kP: 1.1, kI: 0,kD: 0, Limit: 5, Time Constant: 0
[gzserver-2] 	Position Z:
[gzserver-2] 		kP: 1, kI: 0,kD: 0.2, Limit: -1, Time Constant: 0
[gzserver-2] [INFO] [1773158037.682981633] [drone.simple_drone]: The drone plugin finished loading!
[gzserver-2] [INFO] [1773158044.821599920] [gazebo_wind_plugin_node]: WindPlugin: set wind_speed=0.00 wind_direction=0.0
[gzserver-2] [INFO] [1773158045.093956325] [gazebo_wind_plugin_node]: WindPlugin: set wind_speed=0.00 wind_direction=0.0
[gzserver-2] [INFO] [1773158045.122198033] [drone.simple_drone]: Quadrotor takes off!!
[gzserver-2] [INFO] [1773158045.323247089] [gazebo_wind_plugin_node]: WindPlugin: set wind_speed=0.00 wind_direction=0.0
[gzserver-2] [INFO] [1773158045.562476920] [gazebo_wind_plugin_node]: WindPlugin: set wind_speed=0.00 wind_direction=0.0
[gzserver-2] [INFO] [1773158045.802010830] [gazebo_wind_plugin_node]: WindPlugin: set wind_speed=0.00 wind_direction=0.0
[gzserver-2] [INFO] [1773158046.036111711] [gazebo_wind_plugin_node]: WindPlugin: set wind_speed=0.00 wind_direction=0.0
[gzserver-2] [INFO] [1773158046.278307424] [gazebo_wind_plugin_node]: WindPlugin: set wind_speed=0.00 wind_direction=0.0
[gzserver-2] [INFO] [1773158046.517852664] [gazebo_wind_plugin_node]: WindPlugin: set wind_speed=0.00 wind_direction=0.0
[gzserver-2] [0m[1;36m[Dbg] [wind_plugin.cpp:110] [0m[1;36mWindPlugin: received command -> speed=[0m[1;36m0[0m[1;36m dir=[0m[1;36m0[0m[1;36m
[gzserver-2] [0m[1;36m[Dbg] [wind_plugin.cpp:110] [0m[1;36mWindPlugin: received command -> speed=[0m[1;36m0[0m[1;36m dir=[0m[1;36m0[0m[1;36m
[gzserver-2] [0m[1;36m[Dbg] [wind_plugin.cpp:110] [0m[1;36mWindPlugin: received command -> speed=[0m[1;36m0[0m[1;36m dir=[0m[1;36m0[0m[1;36m
[gzserver-2] [0m[1;36m[Dbg] [wind_plugin.cpp:110] [0m[1;36mWindPlugin: received command -> speed=[0m[1;36m0[0m[1;36m dir=[0m[1;36m0[0m[1;36m
[gzserver-2] [0m[1;36m[Dbg] [wind_plugin.cpp:110] [0m[1;36mWindPlugin: received command -> speed=[0m[1;36m0[0m[1;36m dir=[0m[1;36m0[0m[1;36m
[gzserver-2] [0m[1;36m[Dbg] [wind_plugin.cpp:110] [0m[1;36mWindPlugin: received command -> speed=[0m[1;36m0[0m[1;36m dir=[0m[1;36m0[0m[1;36m
[gzserver-2] [0m[1;36m[Dbg] [wind_plugin.cpp:110] [0m[1;36mWindPlugin: received command -> speed=[0m[1;36m0[0m[1;36m dir=[0m[1;36m0[0m[1;36m
[gzserver-2] [0m[1;36m[Dbg] [wind_plugin.cpp:110] [0m[1;36mWindPlugin: received command -> speed=[0m[1;36m0[0m[1;36m dir=[0m[1;36m0[0m[1;36m
[gzserver-2] [0mEntering flying model!
[gzserver-2] [INFO] [1773158046.753947748] [gazebo_wind_plugin_node]: WindPlugin: set wind_speed=0.00 wind_direction=0.0
[gzserver-2] [INFO] [1773158046.993984632] [gazebo_wind_plugin_node]: WindPlugin: set wind_speed=3.17 wind_direction=-53.9
[gzserver-2] [INFO] [1773158047.228487770] [gazebo_wind_plugin_node]: WindPlugin: set wind_speed=3.17 wind_direction=-53.9
[gzserver-2] [INFO] [1773158047.468093610] [gazebo_wind_plugin_node]: WindPlugin: set wind_speed=3.00 wind_direction=-54.0
[gzserver-2] [INFO] [1773158047.702546467] [gazebo_wind_plugin_node]: WindPlugin: set wind_speed=3.00 wind_direction=-54.0
[gzserver-2] [INFO] [1773158047.936827160] [gazebo_wind_plugin_node]: WindPlugin: set wind_speed=3.00 wind_direction=-54.0
[gzserver-2] [INFO] [1773158048.171127532] [gazebo_wind_plugin_node]: WindPlugin: set wind_speed=3.00 wind_direction=-54.0
[gzserver-2] [INFO] [1773158048.405122822] [gazebo_wind_plugin_node]: WindPlugin: set wind_speed=2.97 wind_direction=-51.1
[gzserver-2] [INFO] [1773158048.645897483] [gazebo_wind_plugin_node]: WindPlugin: set wind_speed=2.97 wind_direction=-51.1
[gzserver-2] [INFO] [1773158048.880028560] [gazebo_wind_plugin_node]: WindPlugin: set wind_speed=2.97 wind_direction=-51.1
[gzserver-2] [INFO] [1773158049.119391695] [gazebo_wind_plugin_node]: WindPlugin: set wind_speed=2.97 wind_direction=-51.1
[gzserver-2] [INFO] [1773158049.358884020] [gazebo_wind_plugin_node]: WindPlugin: set wind_speed=2.90 wind_direction=-50.9
[gzserver-2] [INFO] [1773158049.593340657] [gazebo_wind_plugin_node]: WindPlugin: set wind_speed=2.90 wind_direction=-50.9
[gzserver-2] [INFO] [1773158049.832593981] [gazebo_wind_plugin_node]: WindPlugin: set wind_speed=2.90 wind_direction=-50.9
[gzserver-2] [INFO] [1773158049.871112338] [drone.simple_drone]: Quadrotor lands!!
[gzserver-2] [INFO] [1773158050.071578332] [gazebo_wind_plugin_node]: WindPlugin: set wind_speed=2.90 wind_direction=-50.9
[gzserver-2] [INFO] [1773158050.311208838] [gazebo_wind_plugin_node]: WindPlugin: set wind_speed=2.90 wind_direction=-50.9
[gzserver-2] [INFO] [1773158050.550970274] [gazebo_wind_plugin_node]: WindPlugin: set wind_speed=3.02 wind_direction=-50.3
[gzserver-2] [INFO] [1773158050.787940802] [gazebo_wind_plugin_node]: WindPlugin: set wind_speed=3.02 wind_direction=-50.3
[gzserver-2] [1;36m[Dbg] [wind_plugin.cpp:110] [0m[1;36mWindPlugin: received command -> speed=[0m[1;36m0[0m[1;36m dir=[0m[1;36m0[0m[1;36m
[gzserver-2] [0m[1;36m[Dbg] [wind_plugin.cpp:110] [0m[1;36mWindPlugin: received command -> speed=[0m[1;36m3.16997[0m[1;36m dir=[0m[1;36m-53.9152[0m[1;36m
[gzserver-2] [0m[1;36m[Dbg] [wind_plugin.cpp:110] [0m[1;36mWindPlugin: received command -> speed=[0m[1;36m3.16997[0m[1;36m dir=[0m[1;36m-53.9152[0m[1;36m
[gzserver-2] [0m[1;36m[Dbg] [wind_plugin.cpp:110] [0m[1;36mWindPlugin: received command -> speed=[0m[1;36m3.00174[0m[1;36m dir=[0m[1;36m-54.0204[0m[1;36m
[gzserver-2] [0m[1;36m[Dbg] [wind_plugin.cpp:110] [0m[1;36mWindPlugin: received command -> speed=[0m[1;36m3.00174[0m[1;36m dir=[0m[1;36m-54.0204[0m[1;36m
[gzserver-2] [0m[1;36m[Dbg] [wind_plugin.cpp:110] [0m[1;36mWindPlugin: received command -> speed=[0m[1;36m3.00174[0m[1;36m dir=[0m[1;36m-54.0204[0m[1;36m
[gzserver-2] [0m[1;36m[Dbg] [wind_plugin.cpp:110] [0m[1;36mWindPlugin: received command -> speed=[0m[1;36m3.00174[0m[1;36m dir=[0m[1;36m-54.0204[0m[1;36m
[gzserver-2] [0m[1;36m[Dbg] [wind_plugin.cpp:110] [0m[1;36mWindPlugin: received command -> speed=[0m[1;36m2.97489[0m[1;36m dir=[0m[1;36m-51.1106[0m[1;36m
[gzserver-2] [0m[1;36m[Dbg] [wind_plugin.cpp:110] [0m[1;36mWindPlugin: received command -> speed=[0m[1;36m2.97489[0m[1;36m dir=[0m[1;36m-51.1106[0m[1;36m
[gzserver-2] [0m[1;36m[Dbg] [wind_plugin.cpp:110] [0m[1;36mWindPlugin: received command -> speed=[0m[1;36m2.97489[0m[1;36m dir=[0m[1;36m-51.1106[0m[1;36m
[gzserver-2] [0m[1;36m[Dbg] [wind_plugin.cpp:110] [0m[1;36mWindPlugin: received command -> speed=[0m[1;36m2.97489[0m[1;36m dir=[0m[1;36m-51.1106[0m[1;36m
[gzserver-2] [0m[1;36m[Dbg] [wind_plugin.cpp:110] [0m[1;36mWindPlugin: received command -> speed=[0m[1;36m2.9009[0m[1;36m dir=[0m[1;36m-50.8557[0m[1;36m
[gzserver-2] [0m[1;36m[Dbg] [wind_plugin.cpp:110] [0m[1;36mWindPlugin: received command -> speed=[0m[1;36m2.9009[0m[1;36m dir=[0m[1;36m-50.8557[0m[1;36m
[gzserver-2] [0m[1;36m[Dbg] [wind_plugin.cpp:110] [0m[1;36mWindPlugin: received command -> speed=[0m[1;36m2.9009[0m[1;36m dir=[0m[1;36m-50.8557[0m[1;36m
[gzserver-2] [0m[1;36m[Dbg] [wind_plugin.cpp:110] [0m[1;36mWindPlugin: received command -> speed=[0m[1;36m2.9009[0m[1;36m dir=[0m[1;36m-50.8557[0m[1;36m
[gzserver-2] [0m[1;36m[Dbg] [wind_plugin.cpp:110] [0m[1;36mWindPlugin: received command -> speed=[0m[1;36m2.9009[0m[1;36m dir=[0m[1;36m-50.8557[0m[1;36m
[gzserver-2] [0m[1;36m[Dbg] [wind_plugin.cpp:110] [0m[1;36mWindPlugin: received command -> speed=[0m[1;36m3.02343[0m[1;36m dir=[0m[1;36m-50.3368[0m[1;36m
[gzserver-2] [0m[1;36m[Dbg] [wind_plugin.cpp:110] [0m[1;36mWindPlugin: received command -> speed=[0m[1;36m3.02343[0m[1;36m dir=[0m[1;36m-50.3368[0m[1;36m
[gzserver-2] [0mLanded!
[gzserver-2] [INFO] [1773158051.027372224] [gazebo_wind_plugin_node]: WindPlugin: set wind_speed=3.02 wind_direction=-50.3
[gzserver-2] [INFO] [1773158051.267184383] [gazebo_wind_plugin_node]: WindPlugin: set wind_speed=3.02 wind_direction=-50.3
[gzserver-2] [INFO] [1773158051.506299484] [gazebo_wind_plugin_node]: WindPlugin: set wind_speed=3.12 wind_direction=-49.6
[gzserver-2] [INFO] [1773158051.740513389] [gazebo_wind_plugin_node]: WindPlugin: set wind_speed=3.12 wind_direction=-49.6
[gzserver-2] [INFO] [1773158051.980708072] [gazebo_wind_plugin_node]: WindPlugin: set wind_speed=3.12 wind_direction=-49.6
[gzserver-2] [INFO] [1773158052.220563122] [gazebo_wind_plugin_node]: WindPlugin: set wind_speed=3.12 wind_direction=-49.6
[gzserver-2] [INFO] [1773158052.460014547] [gazebo_wind_plugin_node]: WindPlugin: set wind_speed=2.86 wind_direction=-50.2
[gzserver-2] [INFO] [1773158052.694289829] [gazebo_wind_plugin_node]: WindPlugin: set wind_speed=2.86 wind_direction=-50.2
