[INFO] [launch]: All log files can be found below /home/j/.ros/log/2026-03-10-14-03-27-413894-j-2090821
[INFO] [launch]: Default logging verbosity is set to INFO
[INFO] [launch.user]: [bringup] Apriltag config: camera=/drone/bottom, image=/drone/bottom/image_raw, tags=/drone/bottom/tags, bridge=/landing_tag_state, standalone=true, use_target_id=true, target_id=0
[INFO] [rviz2-1]: process started with pid [2090822]
[INFO] [gzserver-2]: process started with pid [2090824]
[INFO] [robot_state_publisher-3]: process started with pid [2090826]
[INFO] [joint_state_publisher-4]: process started with pid [2090828]
[INFO] [spawn_drone-5]: process started with pid [2090830]
[INFO] [static_transform_publisher-6]: process started with pid [2090832]
[INFO] [joy_node-7]: process started with pid [2090834]
[INFO] [teleop_joystick-8]: process started with pid [2090836]
[INFO] [apriltag_detector_node-9]: process started with pid [2090838]
[INFO] [apriltag_state_bridge-10]: process started with pid [2090840]
[static_transform_publisher-6] [WARN] [1773119007.885669284] []: Old-style arguments are deprecated; see --help for new-style arguments
[static_transform_publisher-6] [INFO] [1773119007.890999700] [static_transform_publisher_53qniVXhBSW96kQb]: Spinning until stopped - publishing transform
[static_transform_publisher-6] translation: ('0.000000', '0.000000', '0.000000')
[static_transform_publisher-6] rotation: ('0.000000', '0.000000', '0.000000', '1.000000')
[static_transform_publisher-6] from 'world' to '/drone/odom'
[robot_state_publisher-3] [INFO] [1773119007.904720635] [drone.robot_state_publisher]: got segment base_footprint
[robot_state_publisher-3] [INFO] [1773119007.904780851] [drone.robot_state_publisher]: got segment base_link
[robot_state_publisher-3] [INFO] [1773119007.904786264] [drone.robot_state_publisher]: got segment bottom_cam_link
[robot_state_publisher-3] [INFO] [1773119007.904789371] [drone.robot_state_publisher]: got segment front_cam_link
[robot_state_publisher-3] [INFO] [1773119007.904792393] [drone.robot_state_publisher]: got segment sonar_link
[rviz2-1] 
[rviz2-1] (rviz2:2090822): dbind-WARNING **: 14:03:27.921: Couldn't connect to accessibility bus: Failed to connect to socket /root/.cache/at-spi/bus_0: 허가 거부
[apriltag_detector_node-9] [INFO] [1773119007.922161060] [apriltag_detector_node]: tag detector type: umich
[teleop_joystick-8] Traceback (most recent call last):
[teleop_joystick-8]   File "/home/j/INCSL/IICC26_ws/install/sjtu_drone_control/lib/sjtu_drone_control/teleop_joystick", line 33, in <module>
[teleop_joystick-8]     sys.exit(load_entry_point('sjtu_drone_control==0.0.0', 'console_scripts', 'teleop_joystick')())
[teleop_joystick-8]   File "/home/j/INCSL/IICC26_ws/install/sjtu_drone_control/lib/sjtu_drone_control/teleop_joystick", line 22, in importlib_load_entry_point
[teleop_joystick-8]     for entry_point in distribution(dist_name).entry_points
[teleop_joystick-8]   File "/usr/lib/python3.10/importlib/metadata/__init__.py", line 969, in distribution
[teleop_joystick-8]     return Distribution.from_name(distribution_name)
[teleop_joystick-8]   File "/usr/lib/python3.10/importlib/metadata/__init__.py", line 548, in from_name
[teleop_joystick-8]     raise PackageNotFoundError(name)
[teleop_joystick-8] importlib.metadata.PackageNotFoundError: No package metadata was found for sjtu_drone_control
[ERROR] [teleop_joystick-8]: process has died [pid 2090836, exit code 1, cmd '/home/j/INCSL/IICC26_ws/install/sjtu_drone_control/lib/sjtu_drone_control/teleop_joystick --ros-args -r __ns:=/drone'].
[gzserver-2] Gazebo multi-robot simulator, version 11.10.2
[gzserver-2] Copyright (C) 2012 Open Source Robotics Foundation.
[gzserver-2] Released under the Apache 2 License.
[gzserver-2] http://gazebosim.org
[gzserver-2] 
[apriltag_state_bridge-10] [INFO] [1773119008.164856468] [apriltag_state_bridge]: AprilTag bridge started: /drone/bottom/tags -> /landing_tag_state, use_target_id=True, target_id=0
[joint_state_publisher-4] [INFO] [1773119008.166846713] [drone.joint_state_publisher]: Waiting for robot_description to be published on the robot_description topic...
[gzserver-2] [1;33m[Wrn] [gazebo_ros_init.cpp:178] [0m[1;33m
[gzserver-2] #     # ####### ####### ###  #####  #######
[gzserver-2] ##    # #     #    #     #  #     # #
[gzserver-2] # #   # #     #    #     #  #       #
[gzserver-2] #  #  # #     #    #     #  #       #####
[gzserver-2] #   # # #     #    #     #  #       #
[gzserver-2] #    ## #     #    #     #  #     # #
[gzserver-2] #     # #######    #    ###  #####  #######
[gzserver-2] 
[gzserver-2] This version of Gazebo, now called Gazebo classic, reaches end-of-life
[gzserver-2] in January 2025. Users are highly encouraged to migrate to the new Gazebo
[gzserver-2] using our migration guides (https://gazebosim.org/docs/latest/gazebo_classic_migration?utm_source=gazebo_ros_pkgs&utm_medium=cli)
[gzserver-2] 
[gzserver-2] [0m[1;33m
[rviz2-1] [INFO] [1773119008.723419017] [rviz2]: Stereo is NOT SUPPORTED
[rviz2-1] [INFO] [1773119008.723512097] [rviz2]: OpenGl version: 4.6 (GLSL 4.6)
[rviz2-1] [INFO] [1773119008.768996486] [rviz2]: Stereo is NOT SUPPORTED
[rviz2-1] [INFO] [1773119008.891486625] [rviz2]: Stereo is NOT SUPPORTED
[gzserver-2] [1;32m[Msg] [0m[1;32mWaiting for master.[0m[1;32m
[gzserver-2] [0m[1;32m[0m[1;32m[0m[1;32m[Msg] [0m[1;32mConnected to gazebo master @ [0m[1;32mhttp://127.0.0.1:11345[0m[1;32m
[gzserver-2] [0m[1;32m[0m[1;32m[0m[1;32m[Msg] [0m[1;32mPublicized address: [0m[1;32m172.16.52.147[0m[1;32m
[gzserver-2] [0m[1;32m[0m[1;32m[0m[1;32m[Msg] [0m[1;32mLoading world file [[0m[1;32m/home/j/INCSL/IICC26_ws/install/sjtu_drone_description/share/sjtu_drone_description/worlds/landingPad.world[0m[1;32m][0m[1;32m
[gzserver-2] [0m[1;32m[0m[1;32m[0m[1;36m[Dbg] [wind_plugin.cpp:96] [0m[1;36mWindPlugin loaded: speed=[0m[1;36m0[0m[1;36m dir=[0m[1;36m0[0m[1;36m deg area=[0m[1;36m0.1[0m[1;36m coeff=[0m[1;36m1[0m[1;36m
[gzserver-2] [0m[1;33m[0m[1;33m[0m[1;31m[Err] [Sensor.cc:510] [0m[1;31mGet noise index not valid[0m[1;31m
[gzserver-2] [0m[1;31m[0m[1;31m[0m[1;31m[Err] [Sensor.cc:510] [0m[1;31mGet noise index not valid[0m[1;31m
[gzserver-2] [0m[1;31m[0m[1;31m[0m[1;31m[Err] [Sensor.cc:510] [0m[1;31mGet noise index not valid[0m[1;31m
[gzserver-2] [0m[1;31m[0m[1;31m[0m[1;31m[Err] [Sensor.cc:510] [0m[1;31mGet noise index not valid[0m[1;31m
[gzserver-2] [0m[1;31m[0m[1;31m[0m[1;31m[Err] [Sensor.cc:510] [0m[1;31mGet noise index not valid[0m[1;31m
[gzserver-2] [0m[1;31m[0m[1;31m[0m[1;31m[Err] [Sensor.cc:510] [0m[1;31mGet noise index not valid[0m[1;31m
[gzserver-2] [0m[1;31m[0m[1;31m[0mTopic [default//drone/base_footprint/down_camera/image] is not valid.
[gzserver-2] [INFO] [1773119009.416030823] [drone.collision_plugin]: Publishing contact states to [/drone/bumper_states]
[gzserver-2] Topic [default//drone/base_footprint/front_camera/image] is not valid.
[gzserver-2] [1;33m[Wrn] [Event.cc:61] [0m[1;33mWarning: Deleting a connection right after creation. [0m[1;33mMake sure to save the ConnectionPtr from a Connect call
[gzserver-2] [0m[INFO] [1773119009.976478863] [drone.camera_bottom]: Publishing camera info to [/drone/bottom/camera_info]
[gzserver-2] [INFO] [1773119009.979290896] [drone.camera_front]: Publishing camera info to [/drone/front/camera_info]
[spawn_drone-5] [INFO] [1773119009.989007906] [spawn_drone]: Result True SpawnEntity: Successfully spawned entity [/drone]
[gzserver-2] [INFO] [1773119010.101438116] [drone.simple_drone]: The drone plugin is loading!
[gzserver-2] [INFO] [1773119010.101662153] [drone.simple_drone]: pub_odom: 1
[gzserver-2] [INFO] [1773119010.101697679] [drone.simple_drone]: Using following parameters: 
[gzserver-2] 		link_name: base_footprint,
[gzserver-2] 		max_force: 30,
[gzserver-2] 		motion_small_noise: 0,
[gzserver-2] 		motion_drift_noise: 0,
[gzserver-2] 		motion_drift_noise_time: 50,
[gzserver-2] 		takeoff_hover_height: 2.07,
[gzserver-2] 		takeoff_vertical_speed: 0.2
[gzserver-2] [INFO] [1773119010.113491207] [drone.simple_drone]: Using the PID parameters: 
[gzserver-2] 	Roll Pitch:
[gzserver-2] 		kP: 10, kI: 0,kD: 5, Limit: 0.5, Time Constant: 0
[gzserver-2] 	Yaw:
[gzserver-2] 		kP: 2, kI: 0,kD: 1, Limit: 1.5, Time Constant: 0
[gzserver-2] 	Velocity X:
[gzserver-2] 		kP: 5, kI: 0,kD: 2.3, Limit: 2, Time Constant: 0
[gzserver-2] 	Velocity Y:
[gzserver-2] 		kP: 5, kI: 0,kD: 2.3, Limit: 2, Time Constant: 0
[gzserver-2] 	Velocity Z:
[gzserver-2] 		kP: 5, kI: 0,kD: 1, Limit: -1, Time Constant: 0
[gzserver-2] 	Position XY:
[gzserver-2] 		kP: 1.1, kI: 0,kD: 0, Limit: 5, Time Constant: 0
[gzserver-2] 	Position Z:
[gzserver-2] 		kP: 1, kI: 0,kD: 0.2, Limit: -1, Time Constant: 0
[gzserver-2] [INFO] [1773119010.113627142] [drone.simple_drone]: The drone plugin finished loading!
[INFO] [spawn_drone-5]: process has finished cleanly [pid 2090830]
[gzserver-2] [INFO] [1773119017.256673182] [gazebo_wind_plugin_node]: WindPlugin: set wind_speed=0.00 wind_direction=0.0
[gzserver-2] [INFO] [1773119017.528395393] [gazebo_wind_plugin_node]: WindPlugin: set wind_speed=0.00 wind_direction=0.0
[gzserver-2] [INFO] [1773119017.556035988] [drone.simple_drone]: Quadrotor takes off!!
[gzserver-2] [INFO] [1773119017.758721383] [gazebo_wind_plugin_node]: WindPlugin: set wind_speed=0.00 wind_direction=0.0
[gzserver-2] [INFO] [1773119017.998274617] [gazebo_wind_plugin_node]: WindPlugin: set wind_speed=0.00 wind_direction=0.0
[gzserver-2] [INFO] [1773119018.234616207] [gazebo_wind_plugin_node]: WindPlugin: set wind_speed=0.00 wind_direction=0.0
[gzserver-2] [INFO] [1773119018.474145210] [gazebo_wind_plugin_node]: WindPlugin: set wind_speed=0.00 wind_direction=0.0
[gzserver-2] [INFO] [1773119018.713098146] [gazebo_wind_plugin_node]: WindPlugin: set wind_speed=0.00 wind_direction=0.0
[gzserver-2] [INFO] [1773119018.954246543] [gazebo_wind_plugin_node]: WindPlugin: set wind_speed=0.00 wind_direction=0.0
[gzserver-2] [INFO] [1773119019.196613777] [gazebo_wind_plugin_node]: WindPlugin: set wind_speed=0.00 wind_direction=0.0
[gzserver-2] [0m[1;36m[Dbg] [wind_plugin.cpp:110] [0m[1;36mWindPlugin: received command -> speed=[0m[1;36m0[0m[1;36m dir=[0m[1;36m0[0m[1;36m
[gzserver-2] [0m[1;36m[Dbg] [wind_plugin.cpp:110] [0m[1;36mWindPlugin: received command -> speed=[0m[1;36m0[0m[1;36m dir=[0m[1;36m0[0m[1;36m
[gzserver-2] [0m[1;36m[Dbg] [wind_plugin.cpp:110] [0m[1;36mWindPlugin: received command -> speed=[0m[1;36m0[0m[1;36m dir=[0m[1;36m0[0m[1;36m
[gzserver-2] [0m[1;36m[Dbg] [wind_plugin.cpp:110] [0m[1;36mWindPlugin: received command -> speed=[0m[1;36m0[0m[1;36m dir=[0m[1;36m0[0m[1;36m
[gzserver-2] [0m[1;36m[Dbg] [wind_plugin.cpp:110] [0m[1;36mWindPlugin: received command -> speed=[0m[1;36m0[0m[1;36m dir=[0m[1;36m0[0m[1;36m
[gzserver-2] [0m[1;36m[Dbg] [wind_plugin.cpp:110] [0m[1;36mWindPlugin: received command -> speed=[0m[1;36m0[0m[1;36m dir=[0m[1;36m0[0m[1;36m
[gzserver-2] [0m[1;36m[Dbg] [wind_plugin.cpp:110] [0m[1;36mWindPlugin: received command -> speed=[0m[1;36m0[0m[1;36m dir=[0m[1;36m0[0m[1;36m
[gzserver-2] [0m[1;36m[Dbg] [wind_plugin.cpp:110] [0m[1;36mWindPlugin: received command -> speed=[0m[1;36m0[0m[1;36m dir=[0m[1;36m0[0m[1;36m
[gzserver-2] [0m[1;36m[Dbg] [wind_plugin.cpp:110] [0m[1;36mWindPlugin: received command -> speed=[0m[1;36m0[0m[1;36m dir=[0m[1;36m0[0m[1;36m
[gzserver-2] [0mEntering flying model!
[gzserver-2] [INFO] [1773119019.425456219] [gazebo_wind_plugin_node]: WindPlugin: set wind_speed=2.44 wind_direction=-69.9
[gzserver-2] [INFO] [1773119019.659835060] [gazebo_wind_plugin_node]: WindPlugin: set wind_speed=2.44 wind_direction=-69.9
[gzserver-2] [INFO] [1773119019.894078126] [gazebo_wind_plugin_node]: WindPlugin: set wind_speed=2.40 wind_direction=-70.3
[gzserver-2] [INFO] [1773119020.133204634] [gazebo_wind_plugin_node]: WindPlugin: set wind_speed=2.40 wind_direction=-70.3
[gzserver-2] [INFO] [1773119020.367519811] [gazebo_wind_plugin_node]: WindPlugin: set wind_speed=2.40 wind_direction=-70.3
[gzserver-2] [INFO] [1773119020.609671104] [gazebo_wind_plugin_node]: WindPlugin: set wind_speed=2.40 wind_direction=-70.3
[gzserver-2] [INFO] [1773119020.849335505] [gazebo_wind_plugin_node]: WindPlugin: set wind_speed=2.19 wind_direction=-71.3
[gzserver-2] [INFO] [1773119021.088953438] [gazebo_wind_plugin_node]: WindPlugin: set wind_speed=2.19 wind_direction=-71.3
[gzserver-2] [INFO] [1773119021.328840596] [gazebo_wind_plugin_node]: WindPlugin: set wind_speed=2.19 wind_direction=-71.3
[gzserver-2] [INFO] [1773119021.565075056] [gazebo_wind_plugin_node]: WindPlugin: set wind_speed=2.19 wind_direction=-71.3
[gzserver-2] [INFO] [1773119021.799497250] [gazebo_wind_plugin_node]: WindPlugin: set wind_speed=2.25 wind_direction=-71.5
[gzserver-2] [INFO] [1773119022.038874207] [gazebo_wind_plugin_node]: WindPlugin: set wind_speed=2.25 wind_direction=-71.5
[gzserver-2] [INFO] [1773119022.273390556] [gazebo_wind_plugin_node]: WindPlugin: set wind_speed=2.25 wind_direction=-71.5
[gzserver-2] [INFO] [1773119022.512814899] [gazebo_wind_plugin_node]: WindPlugin: set wind_speed=2.25 wind_direction=-71.5
[gzserver-2] [INFO] [1773119022.749862264] [gazebo_wind_plugin_node]: WindPlugin: set wind_speed=2.25 wind_direction=-71.5
[gzserver-2] [INFO] [1773119022.989432950] [gazebo_wind_plugin_node]: WindPlugin: set wind_speed=2.13 wind_direction=-71.1
[gzserver-2] [INFO] [1773119023.229591931] [gazebo_wind_plugin_node]: WindPlugin: set wind_speed=2.13 wind_direction=-71.1
[gzserver-2] [INFO] [1773119023.468844215] [gazebo_wind_plugin_node]: WindPlugin: set wind_speed=2.13 wind_direction=-71.1
[gzserver-2] [INFO] [1773119023.501576472] [drone.simple_drone]: Quadrotor lands!!
[gzserver-2] [INFO] [1773119023.702970589] [gazebo_wind_plugin_node]: WindPlugin: set wind_speed=2.13 wind_direction=-71.1
[gzserver-2] [INFO] [1773119023.942364041] [gazebo_wind_plugin_node]: WindPlugin: set wind_speed=2.38 wind_direction=-71.6
[gzserver-2] [INFO] [1773119024.181920801] [gazebo_wind_plugin_node]: WindPlugin: set wind_speed=2.38 wind_direction=-71.6
[gzserver-2] [INFO] [1773119024.421410177] [gazebo_wind_plugin_node]: WindPlugin: set wind_speed=2.38 wind_direction=-71.6
[gzserver-2] [1;36m[Dbg] [wind_plugin.cpp:110] [0m[1;36mWindPlugin: received command -> speed=[0m[1;36m2.44477[0m[1;36m dir=[0m[1;36m-69.8788[0m[1;36m
[gzserver-2] [0m[1;36m[Dbg] [wind_plugin.cpp:110] [0m[1;36mWindPlugin: received command -> speed=[0m[1;36m2.44477[0m[1;36m dir=[0m[1;36m-69.8788[0m[1;36m
[gzserver-2] [0m[1;36m[Dbg] [wind_plugin.cpp:110] [0m[1;36mWindPlugin: received command -> speed=[0m[1;36m2.40116[0m[1;36m dir=[0m[1;36m-70.3251[0m[1;36m
[gzserver-2] [0m[1;36m[Dbg] [wind_plugin.cpp:110] [0m[1;36mWindPlugin: received command -> speed=[0m[1;36m2.40116[0m[1;36m dir=[0m[1;36m-70.3251[0m[1;36m
[gzserver-2] [0m[1;36m[Dbg] [wind_plugin.cpp:110] [0m[1;36mWindPlugin: received command -> speed=[0m[1;36m2.40116[0m[1;36m dir=[0m[1;36m-70.3251[0m[1;36m
[gzserver-2] [0m[1;36m[Dbg] [wind_plugin.cpp:110] [0m[1;36mWindPlugin: received command -> speed=[0m[1;36m2.40116[0m[1;36m dir=[0m[1;36m-70.3251[0m[1;36m
[gzserver-2] [0m[1;36m[Dbg] [wind_plugin.cpp:110] [0m[1;36mWindPlugin: received command -> speed=[0m[1;36m2.19492[0m[1;36m dir=[0m[1;36m-71.2603[0m[1;36m
[gzserver-2] [0m[1;36m[Dbg] [wind_plugin.cpp:110] [0m[1;36mWindPlugin: received command -> speed=[0m[1;36m2.19492[0m[1;36m dir=[0m[1;36m-71.2603[0m[1;36m
[gzserver-2] [0m[1;36m[Dbg] [wind_plugin.cpp:110] [0m[1;36mWindPlugin: received command -> speed=[0m[1;36m2.19492[0m[1;36m dir=[0m[1;36m-71.2603[0m[1;36m
[gzserver-2] [0m[1;36m[Dbg] [wind_plugin.cpp:110] [0m[1;36mWindPlugin: received command -> speed=[0m[1;36m2.19492[0m[1;36m dir=[0m[1;36m-71.2603[0m[1;36m
[gzserver-2] [0m[1;36m[Dbg] [wind_plugin.cpp:110] [0m[1;36mWindPlugin: received command -> speed=[0m[1;36m2.25094[0m[1;36m dir=[0m[1;36m-71.4546[0m[1;36m
[gzserver-2] [0m[1;36m[Dbg] [wind_plugin.cpp:110] [0m[1;36mWindPlugin: received command -> speed=[0m[1;36m2.25094[0m[1;36m dir=[0m[1;36m-71.4546[0m[1;36m
[gzserver-2] [0m[1;36m[Dbg] [wind_plugin.cpp:110] [0m[1;36mWindPlugin: received command -> speed=[0m[1;36m2.25094[0m[1;36m dir=[0m[1;36m-71.4546[0m[1;36m
[gzserver-2] [0m[1;36m[Dbg] [wind_plugin.cpp:110] [0m[1;36mWindPlugin: received command -> speed=[0m[1;36m2.25094[0m[1;36m dir=[0m[1;36m-71.4546[0m[1;36m
[gzserver-2] [0m[1;36m[Dbg] [wind_plugin.cpp:110] [0m[1;36mWindPlugin: received command -> speed=[0m[1;36m2.25094[0m[1;36m dir=[0m[1;36m-71.4546[0m[1;36m
[gzserver-2] [0m[1;36m[Dbg] [wind_plugin.cpp:110] [0m[1;36mWindPlugin: received command -> speed=[0m[1;36m2.13185[0m[1;36m dir=[0m[1;36m-71.0695[0m[1;36m
[gzserver-2] [0m[1;36m[Dbg] [wind_plugin.cpp:110] [0m[1;36mWindPlugin: received command -> speed=[0m[1;36m2.13185[0m[1;36m dir=[0m[1;36m-71.0695[0m[1;36m
[gzserver-2] [0m[1;36m[Dbg] [wind_plugin.cpp:110] [0m[1;36mWindPlugin: received command -> speed=[0m[1;36m2.13185[0m[1;36m dir=[0m[1;36m-71.0695[0m[1;36m
[gzserver-2] [0m[1;36m[Dbg] [wind_plugin.cpp:110] [0m[1;36mWindPlugin: received command -> speed=[0m[1;36m2.13185[0m[1;36m dir=[0m[1;36m-71.0695[0m[1;36m
[gzserver-2] [0m[1;36m[Dbg] [wind_plugin.cpp:110] [0m[1;36mWindPlugin: received command -> speed=[0m[1;36m2.37658[0m[1;36m dir=[0m[1;36m-71.5615[0m[1;36m
[gzserver-2] [0m[1;36m[Dbg] [wind_plugin.cpp:110] [0m[1;36mWindPlugin: received command -> speed=[0m[1;36m2.37658[0m[1;36m dir=[0m[1;36m-71.5615[0m[1;36m
[gzserver-2] [0m[1;36m[Dbg] [wind_plugin.cpp:110] [0m[1;36mWindPlugin: received command -> speed=[0m[1;36m2.37658[0m[1;36m dir=[0m[1;36m-71.5615[0m[1;36m
[gzserver-2] [0mLanded!
[gzserver-2] [INFO] [1773119024.656708167] [gazebo_wind_plugin_node]: WindPlugin: set wind_speed=2.38 wind_direction=-71.6
[gzserver-2] [INFO] [1773119024.890726059] [gazebo_wind_plugin_node]: WindPlugin: set wind_speed=2.17 wind_direction=-71.9
[gzserver-2] [INFO] [1773119025.130072818] [gazebo_wind_plugin_node]: WindPlugin: set wind_speed=2.17 wind_direction=-71.9
[gzserver-2] [INFO] [1773119025.369982104] [gazebo_wind_plugin_node]: WindPlugin: set wind_speed=2.17 wind_direction=-71.9
[gzserver-2] [INFO] [1773119025.609292523] [gazebo_wind_plugin_node]: WindPlugin: set wind_speed=2.17 wind_direction=-71.9
[gzserver-2] [INFO] [1773119025.838238635] [gazebo_wind_plugin_node]: WindPlugin: set wind_speed=2.20 wind_direction=-70.9
[gzserver-2] [INFO] [1773119026.072291828] [gazebo_wind_plugin_node]: WindPlugin: set wind_speed=2.20 wind_direction=-70.9
[gzserver-2] [INFO] [1773119026.306143384] [gazebo_wind_plugin_node]: WindPlugin: set wind_speed=2.20 wind_direction=-70.9
