[INFO] [launch]: All log files can be found below /home/j/.ros/log/2026-03-10-13-12-14-452654-j-1602231
[INFO] [launch]: Default logging verbosity is set to INFO
[INFO] [launch.user]: [bringup] Apriltag config: camera=/drone/bottom, image=/drone/bottom/image_raw, tags=/drone/bottom/tags, bridge=/landing_tag_state, standalone=true, use_target_id=true, target_id=0
[INFO] [rviz2-1]: process started with pid [1602245]
[INFO] [gzserver-2]: process started with pid [1602247]
[INFO] [robot_state_publisher-3]: process started with pid [1602249]
[INFO] [joint_state_publisher-4]: process started with pid [1602251]
[INFO] [spawn_drone-5]: process started with pid [1602253]
[INFO] [static_transform_publisher-6]: process started with pid [1602255]
[INFO] [joy_node-7]: process started with pid [1602257]
[INFO] [teleop_joystick-8]: process started with pid [1602259]
[INFO] [apriltag_detector_node-9]: process started with pid [1602261]
[INFO] [apriltag_state_bridge-10]: process started with pid [1602263]
[static_transform_publisher-6] [WARN] [1773115934.927500643] []: Old-style arguments are deprecated; see --help for new-style arguments
[static_transform_publisher-6] [INFO] [1773115934.933193404] [static_transform_publisher_dyJVOSwhm3pQ7pBw]: Spinning until stopped - publishing transform
[static_transform_publisher-6] translation: ('0.000000', '0.000000', '0.000000')
[static_transform_publisher-6] rotation: ('0.000000', '0.000000', '0.000000', '1.000000')
[static_transform_publisher-6] from 'world' to '/drone/odom'
[robot_state_publisher-3] [INFO] [1773115934.945518829] [drone.robot_state_publisher]: got segment base_footprint
[robot_state_publisher-3] [INFO] [1773115934.945581744] [drone.robot_state_publisher]: got segment base_link
[robot_state_publisher-3] [INFO] [1773115934.945587283] [drone.robot_state_publisher]: got segment bottom_cam_link
[robot_state_publisher-3] [INFO] [1773115934.945590354] [drone.robot_state_publisher]: got segment front_cam_link
[robot_state_publisher-3] [INFO] [1773115934.945593197] [drone.robot_state_publisher]: got segment sonar_link
[rviz2-1] 
[rviz2-1] (rviz2:1602245): dbind-WARNING **: 13:12:14.958: Couldn't connect to accessibility bus: Failed to connect to socket /root/.cache/at-spi/bus_0: 허가 거부
[apriltag_detector_node-9] [INFO] [1773115934.960232787] [apriltag_detector_node]: tag detector type: umich
[teleop_joystick-8] Traceback (most recent call last):
[teleop_joystick-8]   File "/home/j/INCSL/IICC26_ws/install/sjtu_drone_control/lib/sjtu_drone_control/teleop_joystick", line 33, in <module>
[teleop_joystick-8]     sys.exit(load_entry_point('sjtu_drone_control==0.0.0', 'console_scripts', 'teleop_joystick')())
[teleop_joystick-8]   File "/home/j/INCSL/IICC26_ws/install/sjtu_drone_control/lib/sjtu_drone_control/teleop_joystick", line 22, in importlib_load_entry_point
[teleop_joystick-8]     for entry_point in distribution(dist_name).entry_points
[teleop_joystick-8]   File "/usr/lib/python3.10/importlib/metadata/__init__.py", line 969, in distribution
[teleop_joystick-8]     return Distribution.from_name(distribution_name)
[teleop_joystick-8]   File "/usr/lib/python3.10/importlib/metadata/__init__.py", line 548, in from_name
[teleop_joystick-8]     raise PackageNotFoundError(name)
[teleop_joystick-8] importlib.metadata.PackageNotFoundError: No package metadata was found for sjtu_drone_control
[ERROR] [teleop_joystick-8]: process has died [pid 1602259, exit code 1, cmd '/home/j/INCSL/IICC26_ws/install/sjtu_drone_control/lib/sjtu_drone_control/teleop_joystick --ros-args -r __ns:=/drone'].
[gzserver-2] Gazebo multi-robot simulator, version 11.10.2
[gzserver-2] Copyright (C) 2012 Open Source Robotics Foundation.
[gzserver-2] Released under the Apache 2 License.
[gzserver-2] http://gazebosim.org
[gzserver-2] 
[apriltag_state_bridge-10] [INFO] [1773115935.162127131] [apriltag_state_bridge]: AprilTag bridge started: /drone/bottom/tags -> /landing_tag_state, use_target_id=True, target_id=0
[joint_state_publisher-4] [INFO] [1773115935.190906496] [drone.joint_state_publisher]: Waiting for robot_description to be published on the robot_description topic...
[gzserver-2] [1;33m[Wrn] [gazebo_ros_init.cpp:178] [0m[1;33m
[gzserver-2] #     # ####### ####### ###  #####  #######
[gzserver-2] ##    # #     #    #     #  #     # #
[gzserver-2] # #   # #     #    #     #  #       #
[gzserver-2] #  #  # #     #    #     #  #       #####
[gzserver-2] #   # # #     #    #     #  #       #
[gzserver-2] #    ## #     #    #     #  #     # #
[gzserver-2] #     # #######    #    ###  #####  #######
[gzserver-2] 
[gzserver-2] This version of Gazebo, now called Gazebo classic, reaches end-of-life
[gzserver-2] in January 2025. Users are highly encouraged to migrate to the new Gazebo
[gzserver-2] using our migration guides (https://gazebosim.org/docs/latest/gazebo_classic_migration?utm_source=gazebo_ros_pkgs&utm_medium=cli)
[gzserver-2] 
[gzserver-2] [0m[1;33m
[rviz2-1] [INFO] [1773115935.570872568] [rviz2]: Stereo is NOT SUPPORTED
[rviz2-1] [INFO] [1773115935.570965376] [rviz2]: OpenGl version: 4.6 (GLSL 4.6)
[rviz2-1] [INFO] [1773115935.749136820] [rviz2]: Stereo is NOT SUPPORTED
[rviz2-1] [INFO] [1773115935.845594692] [rviz2]: Stereo is NOT SUPPORTED
[spawn_drone-5] [INFO] [1773115936.324548221] [spawn_drone]: Result False Entity pushed to spawn queue, but spawn service timed outwaiting for entity to appear in simulation under the name [/drone]
[gzserver-2] [1;32m[Msg] [0m[1;32mWaiting for master.[0m[1;32m
[gzserver-2] [0m[1;32m[0m[1;32m[0m[1;32m[Msg] [0m[1;32mConnected to gazebo master @ [0m[1;32mhttp://127.0.0.1:11345[0m[1;32m
[gzserver-2] [0m[1;32m[0m[1;32m[0m[1;32m[Msg] [0m[1;32mPublicized address: [0m[1;32m172.16.52.147[0m[1;32m
[gzserver-2] [0m[1;32m[0m[1;32m[0m[1;32m[Msg] [0m[1;32mLoading world file [[0m[1;32m/home/j/INCSL/IICC26_ws/install/sjtu_drone_description/share/sjtu_drone_description/worlds/landingPad.world[0m[1;32m][0m[1;32m
[gzserver-2] [0m[1;32m[0m[1;32m[0m[1;36m[Dbg] [wind_plugin.cpp:96] [0m[1;36mWindPlugin loaded: speed=[0m[1;36m0[0m[1;36m dir=[0m[1;36m0[0m[1;36m deg area=[0m[1;36m0.1[0m[1;36m coeff=[0m[1;36m1[0m[1;36m
[gzserver-2] [0m[1;33m[0m[1;33m[0m[1;31m[Err] [Sensor.cc:510] [0m[1;31mGet noise index not valid[0m[1;31m
[gzserver-2] [0m[1;31m[0m[1;31m[0m[1;31m[Err] [Sensor.cc:510] [0m[1;31mGet noise index not valid[0m[1;31m
[gzserver-2] [0m[1;31m[0m[1;31m[0m[1;31m[Err] [Sensor.cc:510] [0m[1;31mGet noise index not valid[0m[1;31m
[gzserver-2] [0m[1;31m[0m[1;31m[0m[1;31m[Err] [Sensor.cc:510] [0m[1;31mGet noise index not valid[0m[1;31m
[gzserver-2] [0m[1;31m[0m[1;31m[0m[1;31m[Err] [Sensor.cc:510] [0m[1;31mGet noise index not valid[0m[1;31m
[gzserver-2] [0m[1;31m[0m[1;31m[0m[1;31m[Err] [Sensor.cc:510] [0m[1;31mGet noise index not valid[0m[1;31m
[gzserver-2] [0m[1;31m[0m[1;31m[0mTopic [default//drone/base_footprint/down_camera/image] is not valid.
[gzserver-2] [INFO] [1773115936.354806470] [drone.collision_plugin]: Publishing contact states to [/drone/bumper_states]
[gzserver-2] Topic [default//drone/base_footprint/front_camera/image] is not valid.
[gzserver-2] [1;33m[Wrn] [Event.cc:61] [0m[1;33mWarning: Deleting a connection right after creation. [0m[1;33mMake sure to save the ConnectionPtr from a Connect call
[INFO] [spawn_drone-5]: process has finished cleanly [pid 1602253]
[gzserver-2] [0m[INFO] [1773115936.951611965] [drone.camera_bottom]: Publishing camera info to [/drone/bottom/camera_info]
[gzserver-2] [INFO] [1773115936.955779220] [drone.camera_front]: Publishing camera info to [/drone/front/camera_info]
[gzserver-2] [INFO] [1773115937.078321957] [drone.simple_drone]: The drone plugin is loading!
[gzserver-2] [INFO] [1773115937.078706006] [drone.simple_drone]: pub_odom: 1
[gzserver-2] [INFO] [1773115937.078764710] [drone.simple_drone]: Using following parameters: 
[gzserver-2] 		link_name: base_footprint,
[gzserver-2] 		max_force: 30,
[gzserver-2] 		motion_small_noise: 0,
[gzserver-2] 		motion_drift_noise: 0,
[gzserver-2] 		motion_drift_noise_time: 50,
[gzserver-2] 		takeoff_hover_height: 1.82,
[gzserver-2] 		takeoff_vertical_speed: 0.2
[gzserver-2] [INFO] [1773115937.091890232] [drone.simple_drone]: Using the PID parameters: 
[gzserver-2] 	Roll Pitch:
[gzserver-2] 		kP: 10, kI: 0,kD: 5, Limit: 0.5, Time Constant: 0
[gzserver-2] 	Yaw:
[gzserver-2] 		kP: 2, kI: 0,kD: 1, Limit: 1.5, Time Constant: 0
[gzserver-2] 	Velocity X:
[gzserver-2] 		kP: 5, kI: 0,kD: 2.3, Limit: 2, Time Constant: 0
[gzserver-2] 	Velocity Y:
[gzserver-2] 		kP: 5, kI: 0,kD: 2.3, Limit: 2, Time Constant: 0
[gzserver-2] 	Velocity Z:
[gzserver-2] 		kP: 5, kI: 0,kD: 1, Limit: -1, Time Constant: 0
[gzserver-2] 	Position XY:
[gzserver-2] 		kP: 1.1, kI: 0,kD: 0, Limit: 5, Time Constant: 0
[gzserver-2] 	Position Z:
[gzserver-2] 		kP: 1, kI: 0,kD: 0.2, Limit: -1, Time Constant: 0
[gzserver-2] [INFO] [1773115937.092017868] [drone.simple_drone]: The drone plugin finished loading!
[gzserver-2] [INFO] [1773115944.287946066] [gazebo_wind_plugin_node]: WindPlugin: set wind_speed=0.00 wind_direction=0.0
[gzserver-2] [INFO] [1773115944.557510104] [gazebo_wind_plugin_node]: WindPlugin: set wind_speed=0.00 wind_direction=0.0
[gzserver-2] [INFO] [1773115944.596355819] [drone.simple_drone]: Quadrotor takes off!!
[gzserver-2] [INFO] [1773115944.797524269] [gazebo_wind_plugin_node]: WindPlugin: set wind_speed=0.00 wind_direction=0.0
[gzserver-2] [INFO] [1773115945.031987373] [gazebo_wind_plugin_node]: WindPlugin: set wind_speed=0.00 wind_direction=0.0
[gzserver-2] [INFO] [1773115945.266519180] [gazebo_wind_plugin_node]: WindPlugin: set wind_speed=0.00 wind_direction=0.0
[gzserver-2] [INFO] [1773115945.500552305] [gazebo_wind_plugin_node]: WindPlugin: set wind_speed=0.00 wind_direction=0.0
[gzserver-2] [INFO] [1773115945.734925402] [gazebo_wind_plugin_node]: WindPlugin: set wind_speed=0.00 wind_direction=0.0
[gzserver-2] [INFO] [1773115945.973990646] [gazebo_wind_plugin_node]: WindPlugin: set wind_speed=0.00 wind_direction=0.0
[gzserver-2] [0m[1;36m[Dbg] [wind_plugin.cpp:110] [0m[1;36mWindPlugin: received command -> speed=[0m[1;36m0[0m[1;36m dir=[0m[1;36m0[0m[1;36m
[gzserver-2] [0m[1;36m[Dbg] [wind_plugin.cpp:110] [0m[1;36mWindPlugin: received command -> speed=[0m[1;36m0[0m[1;36m dir=[0m[1;36m0[0m[1;36m
[gzserver-2] [0m[1;36m[Dbg] [wind_plugin.cpp:110] [0m[1;36mWindPlugin: received command -> speed=[0m[1;36m0[0m[1;36m dir=[0m[1;36m0[0m[1;36m
[gzserver-2] [0m[1;36m[Dbg] [wind_plugin.cpp:110] [0m[1;36mWindPlugin: received command -> speed=[0m[1;36m0[0m[1;36m dir=[0m[1;36m0[0m[1;36m
[gzserver-2] [0m[1;36m[Dbg] [wind_plugin.cpp:110] [0m[1;36mWindPlugin: received command -> speed=[0m[1;36m0[0m[1;36m dir=[0m[1;36m0[0m[1;36m
[gzserver-2] [0m[1;36m[Dbg] [wind_plugin.cpp:110] [0m[1;36mWindPlugin: received command -> speed=[0m[1;36m0[0m[1;36m dir=[0m[1;36m0[0m[1;36m
[gzserver-2] [0m[1;36m[Dbg] [wind_plugin.cpp:110] [0m[1;36mWindPlugin: received command -> speed=[0m[1;36m0[0m[1;36m dir=[0m[1;36m0[0m[1;36m
[gzserver-2] [0m[1;36m[Dbg] [wind_plugin.cpp:110] [0m[1;36mWindPlugin: received command -> speed=[0m[1;36m0[0m[1;36m dir=[0m[1;36m0[0m[1;36m
[gzserver-2] [0mEntering flying model!
[gzserver-2] [INFO] [1773115946.207802872] [gazebo_wind_plugin_node]: WindPlugin: set wind_speed=0.00 wind_direction=0.0
[gzserver-2] [INFO] [1773115946.445402713] [gazebo_wind_plugin_node]: WindPlugin: set wind_speed=1.59 wind_direction=-63.5
[gzserver-2] [INFO] [1773115946.680255378] [gazebo_wind_plugin_node]: WindPlugin: set wind_speed=1.59 wind_direction=-63.5
[gzserver-2] [INFO] [1773115946.919878348] [gazebo_wind_plugin_node]: WindPlugin: set wind_speed=1.73 wind_direction=-64.7
[gzserver-2] [INFO] [1773115947.143825813] [gazebo_wind_plugin_node]: WindPlugin: set wind_speed=1.73 wind_direction=-64.7
[gzserver-2] [INFO] [1773115947.383212747] [gazebo_wind_plugin_node]: WindPlugin: set wind_speed=1.73 wind_direction=-64.7
[gzserver-2] [INFO] [1773115947.612422865] [gazebo_wind_plugin_node]: WindPlugin: set wind_speed=1.73 wind_direction=-64.7
[gzserver-2] [INFO] [1773115947.846052376] [gazebo_wind_plugin_node]: WindPlugin: set wind_speed=1.70 wind_direction=-66.8
[gzserver-2] [INFO] [1773115948.080067923] [gazebo_wind_plugin_node]: WindPlugin: set wind_speed=1.70 wind_direction=-66.8
[gzserver-2] [INFO] [1773115948.319719971] [gazebo_wind_plugin_node]: WindPlugin: set wind_speed=1.70 wind_direction=-66.8
[gzserver-2] [INFO] [1773115948.548351505] [gazebo_wind_plugin_node]: WindPlugin: set wind_speed=1.70 wind_direction=-66.8
[gzserver-2] [INFO] [1773115948.787946805] [gazebo_wind_plugin_node]: WindPlugin: set wind_speed=1.77 wind_direction=-62.1
[gzserver-2] [INFO] [1773115949.018577018] [gazebo_wind_plugin_node]: WindPlugin: set wind_speed=1.77 wind_direction=-62.1
[gzserver-2] [INFO] [1773115949.252309662] [gazebo_wind_plugin_node]: WindPlugin: set wind_speed=1.77 wind_direction=-62.1
[gzserver-2] [INFO] [1773115949.285012015] [drone.simple_drone]: Quadrotor lands!!
[gzserver-2] [INFO] [1773115949.486261185] [gazebo_wind_plugin_node]: WindPlugin: set wind_speed=1.77 wind_direction=-62.1
[gzserver-2] [INFO] [1773115949.725662934] [gazebo_wind_plugin_node]: WindPlugin: set wind_speed=1.77 wind_direction=-62.1
[gzserver-2] [INFO] [1773115949.959510321] [gazebo_wind_plugin_node]: WindPlugin: set wind_speed=1.82 wind_direction=-66.3
[gzserver-2] [INFO] [1773115950.199379917] [gazebo_wind_plugin_node]: WindPlugin: set wind_speed=1.82 wind_direction=-66.3
[gzserver-2] [1;36m[Dbg] [wind_plugin.cpp:110] [0m[1;36mWindPlugin: received command -> speed=[0m[1;36m0[0m[1;36m dir=[0m[1;36m0[0m[1;36m
[gzserver-2] [0m[1;36m[Dbg] [wind_plugin.cpp:110] [0m[1;36mWindPlugin: received command -> speed=[0m[1;36m1.58819[0m[1;36m dir=[0m[1;36m-63.5284[0m[1;36m
[gzserver-2] [0m[1;36m[Dbg] [wind_plugin.cpp:110] [0m[1;36mWindPlugin: received command -> speed=[0m[1;36m1.58819[0m[1;36m dir=[0m[1;36m-63.5284[0m[1;36m
[gzserver-2] [0m[1;36m[Dbg] [wind_plugin.cpp:110] [0m[1;36mWindPlugin: received command -> speed=[0m[1;36m1.73095[0m[1;36m dir=[0m[1;36m-64.7039[0m[1;36m
[gzserver-2] [0m[1;36m[Dbg] [wind_plugin.cpp:110] [0m[1;36mWindPlugin: received command -> speed=[0m[1;36m1.73095[0m[1;36m dir=[0m[1;36m-64.7039[0m[1;36m
[gzserver-2] [0m[1;36m[Dbg] [wind_plugin.cpp:110] [0m[1;36mWindPlugin: received command -> speed=[0m[1;36m1.73095[0m[1;36m dir=[0m[1;36m-64.7039[0m[1;36m
[gzserver-2] [0m[1;36m[Dbg] [wind_plugin.cpp:110] [0m[1;36mWindPlugin: received command -> speed=[0m[1;36m1.73095[0m[1;36m dir=[0m[1;36m-64.7039[0m[1;36m
[gzserver-2] [0m[1;36m[Dbg] [wind_plugin.cpp:110] [0m[1;36mWindPlugin: received command -> speed=[0m[1;36m1.69737[0m[1;36m dir=[0m[1;36m-66.7953[0m[1;36m
[gzserver-2] [0m[1;36m[Dbg] [wind_plugin.cpp:110] [0m[1;36mWindPlugin: received command -> speed=[0m[1;36m1.69737[0m[1;36m dir=[0m[1;36m-66.7953[0m[1;36m
[gzserver-2] [0m[1;36m[Dbg] [wind_plugin.cpp:110] [0m[1;36mWindPlugin: received command -> speed=[0m[1;36m1.69737[0m[1;36m dir=[0m[1;36m-66.7953[0m[1;36m
[gzserver-2] [0m[1;36m[Dbg] [wind_plugin.cpp:110] [0m[1;36mWindPlugin: received command -> speed=[0m[1;36m1.69737[0m[1;36m dir=[0m[1;36m-66.7953[0m[1;36m
[gzserver-2] [0m[1;36m[Dbg] [wind_plugin.cpp:110] [0m[1;36mWindPlugin: received command -> speed=[0m[1;36m1.77366[0m[1;36m dir=[0m[1;36m-62.1484[0m[1;36m
[gzserver-2] [0m[1;36m[Dbg] [wind_plugin.cpp:110] [0m[1;36mWindPlugin: received command -> speed=[0m[1;36m1.77366[0m[1;36m dir=[0m[1;36m-62.1484[0m[1;36m
[gzserver-2] [0m[1;36m[Dbg] [wind_plugin.cpp:110] [0m[1;36mWindPlugin: received command -> speed=[0m[1;36m1.77366[0m[1;36m dir=[0m[1;36m-62.1484[0m[1;36m
[gzserver-2] [0m[1;36m[Dbg] [wind_plugin.cpp:110] [0m[1;36mWindPlugin: received command -> speed=[0m[1;36m1.77366[0m[1;36m dir=[0m[1;36m-62.1484[0m[1;36m
[gzserver-2] [0m[1;36m[Dbg] [wind_plugin.cpp:110] [0m[1;36mWindPlugin: received command -> speed=[0m[1;36m1.77366[0m[1;36m dir=[0m[1;36m-62.1484[0m[1;36m
[gzserver-2] [0m[1;36m[Dbg] [wind_plugin.cpp:110] [0m[1;36mWindPlugin: received command -> speed=[0m[1;36m1.82348[0m[1;36m dir=[0m[1;36m-66.3083[0m[1;36m
[gzserver-2] [0m[1;36m[Dbg] [wind_plugin.cpp:110] [0m[1;36mWindPlugin: received command -> speed=[0m[1;36m1.82348[0m[1;36m dir=[0m[1;36m-66.3083[0m[1;36m
[gzserver-2] [0mLanded!
[gzserver-2] [INFO] [1773115950.434443061] [gazebo_wind_plugin_node]: WindPlugin: set wind_speed=1.82 wind_direction=-66.3
[gzserver-2] [INFO] [1773115950.663107402] [gazebo_wind_plugin_node]: WindPlugin: set wind_speed=1.82 wind_direction=-66.3
[gzserver-2] [INFO] [1773115950.902769703] [gazebo_wind_plugin_node]: WindPlugin: set wind_speed=1.45 wind_direction=-63.4
[gzserver-2] [INFO] [1773115951.137025624] [gazebo_wind_plugin_node]: WindPlugin: set wind_speed=1.45 wind_direction=-63.4
[gzserver-2] [INFO] [1773115951.376524216] [gazebo_wind_plugin_node]: WindPlugin: set wind_speed=1.45 wind_direction=-63.4
[gzserver-2] [INFO] [1773115951.615980927] [gazebo_wind_plugin_node]: WindPlugin: set wind_speed=1.45 wind_direction=-63.4
[gzserver-2] [INFO] [1773115951.850452878] [gazebo_wind_plugin_node]: WindPlugin: set wind_speed=1.87 wind_direction=-64.2
[gzserver-2] [INFO] [1773115952.089069493] [gazebo_wind_plugin_node]: WindPlugin: set wind_speed=1.87 wind_direction=-64.2
