[INFO] [launch]: All log files can be found below /home/j/.ros/log/2026-03-11-00-37-59-251975-j-2397593
[INFO] [launch]: Default logging verbosity is set to INFO
[INFO] [launch.user]: [bringup] Apriltag config: camera=/drone/bottom, image=/drone/bottom/image_raw, tags=/drone/bottom/tags, bridge=/landing_tag_state, standalone=true, use_target_id=true, target_id=0
[INFO] [rviz2-1]: process started with pid [2397605]
[INFO] [gzserver-2]: process started with pid [2397607]
[INFO] [robot_state_publisher-3]: process started with pid [2397609]
[INFO] [joint_state_publisher-4]: process started with pid [2397611]
[INFO] [spawn_drone-5]: process started with pid [2397613]
[INFO] [static_transform_publisher-6]: process started with pid [2397615]
[INFO] [joy_node-7]: process started with pid [2397617]
[INFO] [teleop_joystick-8]: process started with pid [2397619]
[INFO] [apriltag_detector_node-9]: process started with pid [2397621]
[INFO] [apriltag_state_bridge-10]: process started with pid [2397624]
[static_transform_publisher-6] [WARN] [1773157079.730056722] []: Old-style arguments are deprecated; see --help for new-style arguments
[static_transform_publisher-6] [INFO] [1773157079.739032253] [static_transform_publisher_b0HJGw8FdfOKPX05]: Spinning until stopped - publishing transform
[static_transform_publisher-6] translation: ('0.000000', '0.000000', '0.000000')
[static_transform_publisher-6] rotation: ('0.000000', '0.000000', '0.000000', '1.000000')
[static_transform_publisher-6] from 'world' to '/drone/odom'
[robot_state_publisher-3] [INFO] [1773157079.754557981] [drone.robot_state_publisher]: got segment base_footprint
[robot_state_publisher-3] [INFO] [1773157079.754621929] [drone.robot_state_publisher]: got segment base_link
[robot_state_publisher-3] [INFO] [1773157079.754628025] [drone.robot_state_publisher]: got segment bottom_cam_link
[robot_state_publisher-3] [INFO] [1773157079.754631395] [drone.robot_state_publisher]: got segment front_cam_link
[robot_state_publisher-3] [INFO] [1773157079.754634115] [drone.robot_state_publisher]: got segment sonar_link
[apriltag_detector_node-9] [INFO] [1773157079.764763897] [apriltag_detector_node]: tag detector type: umich
[rviz2-1] 
[rviz2-1] (rviz2:2397605): dbind-WARNING **: 00:37:59.779: Couldn't connect to accessibility bus: Failed to connect to socket /root/.cache/at-spi/bus_0: 허가 거부
[teleop_joystick-8] Traceback (most recent call last):
[teleop_joystick-8]   File "/home/j/INCSL/IICC26_ws/install/sjtu_drone_control/lib/sjtu_drone_control/teleop_joystick", line 33, in <module>
[teleop_joystick-8]     sys.exit(load_entry_point('sjtu_drone_control==0.0.0', 'console_scripts', 'teleop_joystick')())
[teleop_joystick-8]   File "/home/j/INCSL/IICC26_ws/install/sjtu_drone_control/lib/sjtu_drone_control/teleop_joystick", line 22, in importlib_load_entry_point
[teleop_joystick-8]     for entry_point in distribution(dist_name).entry_points
[teleop_joystick-8]   File "/usr/lib/python3.10/importlib/metadata/__init__.py", line 969, in distribution
[teleop_joystick-8]     return Distribution.from_name(distribution_name)
[teleop_joystick-8]   File "/usr/lib/python3.10/importlib/metadata/__init__.py", line 548, in from_name
[teleop_joystick-8]     raise PackageNotFoundError(name)
[teleop_joystick-8] importlib.metadata.PackageNotFoundError: No package metadata was found for sjtu_drone_control
[ERROR] [teleop_joystick-8]: process has died [pid 2397619, exit code 1, cmd '/home/j/INCSL/IICC26_ws/install/sjtu_drone_control/lib/sjtu_drone_control/teleop_joystick --ros-args -r __ns:=/drone'].
[gzserver-2] Gazebo multi-robot simulator, version 11.10.2
[gzserver-2] Copyright (C) 2012 Open Source Robotics Foundation.
[gzserver-2] Released under the Apache 2 License.
[gzserver-2] http://gazebosim.org
[gzserver-2] 
[apriltag_state_bridge-10] [INFO] [1773157079.965545015] [apriltag_state_bridge]: AprilTag bridge started: /drone/bottom/tags -> /landing_tag_state, use_target_id=True, target_id=0
[joint_state_publisher-4] [INFO] [1773157079.975131929] [drone.joint_state_publisher]: Waiting for robot_description to be published on the robot_description topic...
[gzserver-2] [1;33m[Wrn] [gazebo_ros_init.cpp:178] [0m[1;33m
[gzserver-2] #     # ####### ####### ###  #####  #######
[gzserver-2] ##    # #     #    #     #  #     # #
[gzserver-2] # #   # #     #    #     #  #       #
[gzserver-2] #  #  # #     #    #     #  #       #####
[gzserver-2] #   # # #     #    #     #  #       #
[gzserver-2] #    ## #     #    #     #  #     # #
[gzserver-2] #     # #######    #    ###  #####  #######
[gzserver-2] 
[gzserver-2] This version of Gazebo, now called Gazebo classic, reaches end-of-life
[gzserver-2] in January 2025. Users are highly encouraged to migrate to the new Gazebo
[gzserver-2] using our migration guides (https://gazebosim.org/docs/latest/gazebo_classic_migration?utm_source=gazebo_ros_pkgs&utm_medium=cli)
[gzserver-2] 
[gzserver-2] [0m[1;33m
[rviz2-1] [INFO] [1773157080.614231091] [rviz2]: Stereo is NOT SUPPORTED
[rviz2-1] [INFO] [1773157080.614351804] [rviz2]: OpenGl version: 4.6 (GLSL 4.6)
[rviz2-1] [INFO] [1773157080.694451020] [rviz2]: Stereo is NOT SUPPORTED
[rviz2-1] [INFO] [1773157080.786339054] [rviz2]: Stereo is NOT SUPPORTED
[spawn_drone-5] [INFO] [1773157081.159743910] [spawn_drone]: Result False Entity pushed to spawn queue, but spawn service timed outwaiting for entity to appear in simulation under the name [/drone]
[gzserver-2] [1;32m[Msg] [0m[1;32mWaiting for master.[0m[1;32m
[gzserver-2] [0m[1;32m[0m[1;32m[0m[1;32m[Msg] [0m[1;32mConnected to gazebo master @ [0m[1;32mhttp://127.0.0.1:11345[0m[1;32m
[gzserver-2] [0m[1;32m[0m[1;32m[0m[1;32m[Msg] [0m[1;32mPublicized address: [0m[1;32m192.168.0.11[0m[1;32m
[gzserver-2] [0m[1;32m[0m[1;32m[0m[1;32m[Msg] [0m[1;32mLoading world file [[0m[1;32m/home/j/INCSL/IICC26_ws/install/sjtu_drone_description/share/sjtu_drone_description/worlds/landingPad.world[0m[1;32m][0m[1;32m
[gzserver-2] [0m[1;32m[0m[1;32m[0m[1;36m[Dbg] [wind_plugin.cpp:96] [0m[1;36mWindPlugin loaded: speed=[0m[1;36m0[0m[1;36m dir=[0m[1;36m0[0m[1;36m deg area=[0m[1;36m0.1[0m[1;36m coeff=[0m[1;36m1[0m[1;36m
[gzserver-2] [0m[1;33m[0m[1;33m[0m[1;31m[Err] [Sensor.cc:510] [0m[1;31mGet noise index not valid[0m[1;31m
[gzserver-2] [0m[1;31m[0m[1;31m[0m[1;31m[Err] [Sensor.cc:510] [0m[1;31mGet noise index not valid[0m[1;31m
[gzserver-2] [0m[1;31m[0m[1;31m[0m[1;31m[Err] [Sensor.cc:510] [0m[1;31mGet noise index not valid[0m[1;31m
[gzserver-2] [0m[1;31m[0m[1;31m[0m[1;31m[Err] [Sensor.cc:510] [0m[1;31mGet noise index not valid[0m[1;31m
[gzserver-2] [0m[1;31m[0m[1;31m[0m[1;31m[Err] [Sensor.cc:510] [0m[1;31mGet noise index not valid[0m[1;31m
[gzserver-2] [0m[1;31m[0m[1;31m[0m[1;31m[Err] [Sensor.cc:510] [0m[1;31mGet noise index not valid[0m[1;31m
[gzserver-2] [0m[1;31m[0m[1;31m[0mTopic [default//drone/base_footprint/down_camera/image] is not valid.
[gzserver-2] [INFO] [1773157081.190824495] [drone.collision_plugin]: Publishing contact states to [/drone/bumper_states]
[gzserver-2] Topic [default//drone/base_footprint/front_camera/image] is not valid.
[gzserver-2] [1;33m[Wrn] [Event.cc:61] [0m[1;33mWarning: Deleting a connection right after creation. [0m[1;33mMake sure to save the ConnectionPtr from a Connect call
[INFO] [spawn_drone-5]: process has finished cleanly [pid 2397613]
[gzserver-2] [0m[INFO] [1773157081.772749933] [drone.camera_bottom]: Publishing camera info to [/drone/bottom/camera_info]
[gzserver-2] [INFO] [1773157081.775513484] [drone.camera_front]: Publishing camera info to [/drone/front/camera_info]
[gzserver-2] [INFO] [1773157081.897748809] [drone.simple_drone]: The drone plugin is loading!
[gzserver-2] [INFO] [1773157081.897954010] [drone.simple_drone]: pub_odom: 1
[gzserver-2] [INFO] [1773157081.897988428] [drone.simple_drone]: Using following parameters: 
[gzserver-2] 		link_name: base_footprint,
[gzserver-2] 		max_force: 30,
[gzserver-2] 		motion_small_noise: 0,
[gzserver-2] 		motion_drift_noise: 0,
[gzserver-2] 		motion_drift_noise_time: 50,
[gzserver-2] 		takeoff_hover_height: 1.89,
[gzserver-2] 		takeoff_vertical_speed: 0.2
[gzserver-2] [INFO] [1773157081.909685722] [drone.simple_drone]: Using the PID parameters: 
[gzserver-2] 	Roll Pitch:
[gzserver-2] 		kP: 10, kI: 0,kD: 5, Limit: 0.5, Time Constant: 0
[gzserver-2] 	Yaw:
[gzserver-2] 		kP: 2, kI: 0,kD: 1, Limit: 1.5, Time Constant: 0
[gzserver-2] 	Velocity X:
[gzserver-2] 		kP: 5, kI: 0,kD: 2.3, Limit: 2, Time Constant: 0
[gzserver-2] 	Velocity Y:
[gzserver-2] 		kP: 5, kI: 0,kD: 2.3, Limit: 2, Time Constant: 0
[gzserver-2] 	Velocity Z:
[gzserver-2] 		kP: 5, kI: 0,kD: 1, Limit: -1, Time Constant: 0
[gzserver-2] 	Position XY:
[gzserver-2] 		kP: 1.1, kI: 0,kD: 0, Limit: 5, Time Constant: 0
[gzserver-2] 	Position Z:
[gzserver-2] 		kP: 1, kI: 0,kD: 0.2, Limit: -1, Time Constant: 0
[gzserver-2] [INFO] [1773157081.909813290] [drone.simple_drone]: The drone plugin finished loading!
[gzserver-2] [INFO] [1773157089.077446606] [gazebo_wind_plugin_node]: WindPlugin: set wind_speed=0.00 wind_direction=0.0
[gzserver-2] [INFO] [1773157089.348896170] [gazebo_wind_plugin_node]: WindPlugin: set wind_speed=0.00 wind_direction=0.0
[gzserver-2] [INFO] [1773157089.382551995] [drone.simple_drone]: Quadrotor takes off!!
[gzserver-2] [INFO] [1773157089.585729479] [gazebo_wind_plugin_node]: WindPlugin: set wind_speed=0.00 wind_direction=0.0
[gzserver-2] [INFO] [1773157089.825541153] [gazebo_wind_plugin_node]: WindPlugin: set wind_speed=0.00 wind_direction=0.0
[gzserver-2] [INFO] [1773157090.065649881] [gazebo_wind_plugin_node]: WindPlugin: set wind_speed=0.00 wind_direction=0.0
[gzserver-2] [INFO] [1773157090.307216171] [gazebo_wind_plugin_node]: WindPlugin: set wind_speed=0.00 wind_direction=0.0
[gzserver-2] [INFO] [1773157090.546786907] [gazebo_wind_plugin_node]: WindPlugin: set wind_speed=0.00 wind_direction=0.0
[gzserver-2] [INFO] [1773157090.786118298] [gazebo_wind_plugin_node]: WindPlugin: set wind_speed=0.00 wind_direction=0.0
[gzserver-2] [0m[1;36m[Dbg] [wind_plugin.cpp:110] [0m[1;36mWindPlugin: received command -> speed=[0m[1;36m0[0m[1;36m dir=[0m[1;36m0[0m[1;36m
[gzserver-2] [0m[1;36m[Dbg] [wind_plugin.cpp:110] [0m[1;36mWindPlugin: received command -> speed=[0m[1;36m0[0m[1;36m dir=[0m[1;36m0[0m[1;36m
[gzserver-2] [0m[1;36m[Dbg] [wind_plugin.cpp:110] [0m[1;36mWindPlugin: received command -> speed=[0m[1;36m0[0m[1;36m dir=[0m[1;36m0[0m[1;36m
[gzserver-2] [0m[1;36m[Dbg] [wind_plugin.cpp:110] [0m[1;36mWindPlugin: received command -> speed=[0m[1;36m0[0m[1;36m dir=[0m[1;36m0[0m[1;36m
[gzserver-2] [0m[1;36m[Dbg] [wind_plugin.cpp:110] [0m[1;36mWindPlugin: received command -> speed=[0m[1;36m0[0m[1;36m dir=[0m[1;36m0[0m[1;36m
[gzserver-2] [0m[1;36m[Dbg] [wind_plugin.cpp:110] [0m[1;36mWindPlugin: received command -> speed=[0m[1;36m0[0m[1;36m dir=[0m[1;36m0[0m[1;36m
[gzserver-2] [0m[1;36m[Dbg] [wind_plugin.cpp:110] [0m[1;36mWindPlugin: received command -> speed=[0m[1;36m0[0m[1;36m dir=[0m[1;36m0[0m[1;36m
[gzserver-2] [0m[1;36m[Dbg] [wind_plugin.cpp:110] [0m[1;36mWindPlugin: received command -> speed=[0m[1;36m0[0m[1;36m dir=[0m[1;36m0[0m[1;36m
[gzserver-2] [0mEntering flying model!
[gzserver-2] [INFO] [1773157091.025870548] [gazebo_wind_plugin_node]: WindPlugin: set wind_speed=0.00 wind_direction=0.0
[gzserver-2] [INFO] [1773157091.265499915] [gazebo_wind_plugin_node]: WindPlugin: set wind_speed=1.76 wind_direction=-148.7
[gzserver-2] [INFO] [1773157091.504944364] [gazebo_wind_plugin_node]: WindPlugin: set wind_speed=1.76 wind_direction=-148.7
[gzserver-2] [INFO] [1773157091.744492165] [gazebo_wind_plugin_node]: WindPlugin: set wind_speed=1.84 wind_direction=-149.5
[gzserver-2] [INFO] [1773157091.984074839] [gazebo_wind_plugin_node]: WindPlugin: set wind_speed=1.84 wind_direction=-149.5
[gzserver-2] [INFO] [1773157092.223549781] [gazebo_wind_plugin_node]: WindPlugin: set wind_speed=1.84 wind_direction=-149.5
[gzserver-2] [INFO] [1773157092.462305619] [gazebo_wind_plugin_node]: WindPlugin: set wind_speed=1.84 wind_direction=-149.5
[gzserver-2] [INFO] [1773157092.696433647] [gazebo_wind_plugin_node]: WindPlugin: set wind_speed=1.92 wind_direction=-152.8
[gzserver-2] [INFO] [1773157092.935731576] [gazebo_wind_plugin_node]: WindPlugin: set wind_speed=1.92 wind_direction=-152.8
[gzserver-2] [INFO] [1773157093.175366698] [gazebo_wind_plugin_node]: WindPlugin: set wind_speed=1.92 wind_direction=-152.8
[gzserver-2] [INFO] [1773157093.416856558] [gazebo_wind_plugin_node]: WindPlugin: set wind_speed=1.92 wind_direction=-152.8
[gzserver-2] [INFO] [1773157093.656150954] [gazebo_wind_plugin_node]: WindPlugin: set wind_speed=1.89 wind_direction=-151.4
[gzserver-2] [INFO] [1773157093.895076944] [gazebo_wind_plugin_node]: WindPlugin: set wind_speed=1.89 wind_direction=-151.4
[gzserver-2] [INFO] [1773157094.134423535] [gazebo_wind_plugin_node]: WindPlugin: set wind_speed=1.89 wind_direction=-151.4
[gzserver-2] [INFO] [1773157094.166769455] [drone.simple_drone]: Quadrotor lands!!
[gzserver-2] [INFO] [1773157094.368238473] [gazebo_wind_plugin_node]: WindPlugin: set wind_speed=1.89 wind_direction=-151.4
[gzserver-2] [INFO] [1773157094.610439798] [gazebo_wind_plugin_node]: WindPlugin: set wind_speed=2.01 wind_direction=-149.1
[gzserver-2] [INFO] [1773157094.844772951] [gazebo_wind_plugin_node]: WindPlugin: set wind_speed=2.01 wind_direction=-149.1
[gzserver-2] [INFO] [1773157095.084823924] [gazebo_wind_plugin_node]: WindPlugin: set wind_speed=2.01 wind_direction=-149.1
[gzserver-2] [1;36m[Dbg] [wind_plugin.cpp:110] [0m[1;36mWindPlugin: received command -> speed=[0m[1;36m0[0m[1;36m dir=[0m[1;36m0[0m[1;36m
[gzserver-2] [0m[1;36m[Dbg] [wind_plugin.cpp:110] [0m[1;36mWindPlugin: received command -> speed=[0m[1;36m1.75943[0m[1;36m dir=[0m[1;36m-148.652[0m[1;36m
[gzserver-2] [0m[1;36m[Dbg] [wind_plugin.cpp:110] [0m[1;36mWindPlugin: received command -> speed=[0m[1;36m1.75943[0m[1;36m dir=[0m[1;36m-148.652[0m[1;36m
[gzserver-2] [0m[1;36m[Dbg] [wind_plugin.cpp:110] [0m[1;36mWindPlugin: received command -> speed=[0m[1;36m1.83833[0m[1;36m dir=[0m[1;36m-149.48[0m[1;36m
[gzserver-2] [0m[1;36m[Dbg] [wind_plugin.cpp:110] [0m[1;36mWindPlugin: received command -> speed=[0m[1;36m1.83833[0m[1;36m dir=[0m[1;36m-149.48[0m[1;36m
[gzserver-2] [0m[1;36m[Dbg] [wind_plugin.cpp:110] [0m[1;36mWindPlugin: received command -> speed=[0m[1;36m1.83833[0m[1;36m dir=[0m[1;36m-149.48[0m[1;36m
[gzserver-2] [0m[1;36m[Dbg] [wind_plugin.cpp:110] [0m[1;36mWindPlugin: received command -> speed=[0m[1;36m1.83833[0m[1;36m dir=[0m[1;36m-149.48[0m[1;36m
[gzserver-2] [0m[1;36m[Dbg] [wind_plugin.cpp:110] [0m[1;36mWindPlugin: received command -> speed=[0m[1;36m1.92084[0m[1;36m dir=[0m[1;36m-152.843[0m[1;36m
[gzserver-2] [0m[1;36m[Dbg] [wind_plugin.cpp:110] [0m[1;36mWindPlugin: received command -> speed=[0m[1;36m1.92084[0m[1;36m dir=[0m[1;36m-152.843[0m[1;36m
[gzserver-2] [0m[1;36m[Dbg] [wind_plugin.cpp:110] [0m[1;36mWindPlugin: received command -> speed=[0m[1;36m1.92084[0m[1;36m dir=[0m[1;36m-152.843[0m[1;36m
[gzserver-2] [0m[1;36m[Dbg] [wind_plugin.cpp:110] [0m[1;36mWindPlugin: received command -> speed=[0m[1;36m1.92084[0m[1;36m dir=[0m[1;36m-152.843[0m[1;36m
[gzserver-2] [0m[1;36m[Dbg] [wind_plugin.cpp:110] [0m[1;36mWindPlugin: received command -> speed=[0m[1;36m1.88813[0m[1;36m dir=[0m[1;36m-151.403[0m[1;36m
[gzserver-2] [0m[1;36m[Dbg] [wind_plugin.cpp:110] [0m[1;36mWindPlugin: received command -> speed=[0m[1;36m1.88813[0m[1;36m dir=[0m[1;36m-151.403[0m[1;36m
[gzserver-2] [0m[1;36m[Dbg] [wind_plugin.cpp:110] [0m[1;36mWindPlugin: received command -> speed=[0m[1;36m1.88813[0m[1;36m dir=[0m[1;36m-151.403[0m[1;36m
[gzserver-2] [0m[1;36m[Dbg] [wind_plugin.cpp:110] [0m[1;36mWindPlugin: received command -> speed=[0m[1;36m1.88813[0m[1;36m dir=[0m[1;36m-151.403[0m[1;36m
[gzserver-2] [0m[1;36m[Dbg] [wind_plugin.cpp:110] [0m[1;36mWindPlugin: received command -> speed=[0m[1;36m2.01057[0m[1;36m dir=[0m[1;36m-149.079[0m[1;36m
[gzserver-2] [0m[1;36m[Dbg] [wind_plugin.cpp:110] [0m[1;36mWindPlugin: received command -> speed=[0m[1;36m2.01057[0m[1;36m dir=[0m[1;36m-149.079[0m[1;36m
[gzserver-2] [0m[1;36m[Dbg] [wind_plugin.cpp:110] [0m[1;36mWindPlugin: received command -> speed=[0m[1;36m2.01057[0m[1;36m dir=[0m[1;36m-149.079[0m[1;36m
[gzserver-2] [0mLanded!
[gzserver-2] [INFO] [1773157095.324124542] [gazebo_wind_plugin_node]: WindPlugin: set wind_speed=2.01 wind_direction=-149.1
[gzserver-2] [INFO] [1773157095.563537647] [gazebo_wind_plugin_node]: WindPlugin: set wind_speed=2.01 wind_direction=-149.1
[gzserver-2] [INFO] [1773157095.802845403] [gazebo_wind_plugin_node]: WindPlugin: set wind_speed=1.91 wind_direction=-150.5
[gzserver-2] [INFO] [1773157096.041938238] [gazebo_wind_plugin_node]: WindPlugin: set wind_speed=1.91 wind_direction=-150.5
[gzserver-2] [INFO] [1773157096.280699628] [gazebo_wind_plugin_node]: WindPlugin: set wind_speed=1.91 wind_direction=-150.5
[gzserver-2] [INFO] [1773157096.520683120] [gazebo_wind_plugin_node]: WindPlugin: set wind_speed=1.91 wind_direction=-150.5
[gzserver-2] [INFO] [1773157096.755093480] [gazebo_wind_plugin_node]: WindPlugin: set wind_speed=1.97 wind_direction=-151.9
[gzserver-2] [INFO] [1773157096.994549188] [gazebo_wind_plugin_node]: WindPlugin: set wind_speed=1.97 wind_direction=-151.9
