[INFO] [launch]: All log files can be found below /home/j/.ros/log/2026-03-10-13-45-29-747947-j-1920511
[INFO] [launch]: Default logging verbosity is set to INFO
[INFO] [launch.user]: [bringup] Apriltag config: camera=/drone/bottom, image=/drone/bottom/image_raw, tags=/drone/bottom/tags, bridge=/landing_tag_state, standalone=true, use_target_id=true, target_id=0
[INFO] [rviz2-1]: process started with pid [1920514]
[INFO] [gzserver-2]: process started with pid [1920516]
[INFO] [robot_state_publisher-3]: process started with pid [1920518]
[INFO] [joint_state_publisher-4]: process started with pid [1920520]
[INFO] [spawn_drone-5]: process started with pid [1920522]
[INFO] [static_transform_publisher-6]: process started with pid [1920524]
[INFO] [joy_node-7]: process started with pid [1920526]
[INFO] [teleop_joystick-8]: process started with pid [1920528]
[INFO] [apriltag_detector_node-9]: process started with pid [1920530]
[INFO] [apriltag_state_bridge-10]: process started with pid [1920532]
[static_transform_publisher-6] [WARN] [1773117930.221253296] []: Old-style arguments are deprecated; see --help for new-style arguments
[static_transform_publisher-6] [INFO] [1773117930.227249574] [static_transform_publisher_Nubi6S2N542qLjWg]: Spinning until stopped - publishing transform
[static_transform_publisher-6] translation: ('0.000000', '0.000000', '0.000000')
[static_transform_publisher-6] rotation: ('0.000000', '0.000000', '0.000000', '1.000000')
[static_transform_publisher-6] from 'world' to '/drone/odom'
[robot_state_publisher-3] [INFO] [1773117930.240881710] [drone.robot_state_publisher]: got segment base_footprint
[robot_state_publisher-3] [INFO] [1773117930.240942405] [drone.robot_state_publisher]: got segment base_link
[robot_state_publisher-3] [INFO] [1773117930.240947772] [drone.robot_state_publisher]: got segment bottom_cam_link
[robot_state_publisher-3] [INFO] [1773117930.240951117] [drone.robot_state_publisher]: got segment front_cam_link
[robot_state_publisher-3] [INFO] [1773117930.240953912] [drone.robot_state_publisher]: got segment sonar_link
[rviz2-1] 
[rviz2-1] (rviz2:1920514): dbind-WARNING **: 13:45:30.245: Couldn't connect to accessibility bus: Failed to connect to socket /root/.cache/at-spi/bus_0: 허가 거부
[apriltag_detector_node-9] [INFO] [1773117930.253192920] [apriltag_detector_node]: tag detector type: umich
[teleop_joystick-8] Traceback (most recent call last):
[teleop_joystick-8]   File "/home/j/INCSL/IICC26_ws/install/sjtu_drone_control/lib/sjtu_drone_control/teleop_joystick", line 33, in <module>
[teleop_joystick-8]     sys.exit(load_entry_point('sjtu_drone_control==0.0.0', 'console_scripts', 'teleop_joystick')())
[teleop_joystick-8]   File "/home/j/INCSL/IICC26_ws/install/sjtu_drone_control/lib/sjtu_drone_control/teleop_joystick", line 22, in importlib_load_entry_point
[teleop_joystick-8]     for entry_point in distribution(dist_name).entry_points
[teleop_joystick-8]   File "/usr/lib/python3.10/importlib/metadata/__init__.py", line 969, in distribution
[teleop_joystick-8]     return Distribution.from_name(distribution_name)
[teleop_joystick-8]   File "/usr/lib/python3.10/importlib/metadata/__init__.py", line 548, in from_name
[teleop_joystick-8]     raise PackageNotFoundError(name)
[teleop_joystick-8] importlib.metadata.PackageNotFoundError: No package metadata was found for sjtu_drone_control
[ERROR] [teleop_joystick-8]: process has died [pid 1920528, exit code 1, cmd '/home/j/INCSL/IICC26_ws/install/sjtu_drone_control/lib/sjtu_drone_control/teleop_joystick --ros-args -r __ns:=/drone'].
[gzserver-2] Gazebo multi-robot simulator, version 11.10.2
[gzserver-2] Copyright (C) 2012 Open Source Robotics Foundation.
[gzserver-2] Released under the Apache 2 License.
[gzserver-2] http://gazebosim.org
[gzserver-2] 
[apriltag_state_bridge-10] [INFO] [1773117930.497154763] [apriltag_state_bridge]: AprilTag bridge started: /drone/bottom/tags -> /landing_tag_state, use_target_id=True, target_id=0
[joint_state_publisher-4] [INFO] [1773117930.497923600] [drone.joint_state_publisher]: Waiting for robot_description to be published on the robot_description topic...
[gzserver-2] [1;33m[Wrn] [gazebo_ros_init.cpp:178] [0m[1;33m
[gzserver-2] #     # ####### ####### ###  #####  #######
[gzserver-2] ##    # #     #    #     #  #     # #
[gzserver-2] # #   # #     #    #     #  #       #
[gzserver-2] #  #  # #     #    #     #  #       #####
[gzserver-2] #   # # #     #    #     #  #       #
[gzserver-2] #    ## #     #    #     #  #     # #
[gzserver-2] #     # #######    #    ###  #####  #######
[gzserver-2] 
[gzserver-2] This version of Gazebo, now called Gazebo classic, reaches end-of-life
[gzserver-2] in January 2025. Users are highly encouraged to migrate to the new Gazebo
[gzserver-2] using our migration guides (https://gazebosim.org/docs/latest/gazebo_classic_migration?utm_source=gazebo_ros_pkgs&utm_medium=cli)
[gzserver-2] 
[gzserver-2] [0m[1;33m
[rviz2-1] [INFO] [1773117930.971847652] [rviz2]: Stereo is NOT SUPPORTED
[rviz2-1] [INFO] [1773117930.971945121] [rviz2]: OpenGl version: 4.6 (GLSL 4.6)
[rviz2-1] [INFO] [1773117931.053340900] [rviz2]: Stereo is NOT SUPPORTED
[rviz2-1] [INFO] [1773117931.144628190] [rviz2]: Stereo is NOT SUPPORTED
[gzserver-2] [1;32m[Msg] [0m[1;32mWaiting for master.[0m[1;32m
[gzserver-2] [0m[1;32m[0m[1;32m[0m[1;32m[Msg] [0m[1;32mConnected to gazebo master @ [0m[1;32mhttp://127.0.0.1:11345[0m[1;32m
[gzserver-2] [0m[1;32m[0m[1;32m[0m[1;32m[Msg] [0m[1;32mPublicized address: [0m[1;32m172.16.52.147[0m[1;32m
[gzserver-2] [0m[1;32m[0m[1;32m[0m[1;32m[Msg] [0m[1;32mLoading world file [[0m[1;32m/home/j/INCSL/IICC26_ws/install/sjtu_drone_description/share/sjtu_drone_description/worlds/landingPad.world[0m[1;32m][0m[1;32m
[gzserver-2] [0m[1;32m[0m[1;32m[0m[1;36m[Dbg] [wind_plugin.cpp:96] [0m[1;36mWindPlugin loaded: speed=[0m[1;36m0[0m[1;36m dir=[0m[1;36m0[0m[1;36m deg area=[0m[1;36m0.1[0m[1;36m coeff=[0m[1;36m1[0m[1;36m
[gzserver-2] [0m[1;33m[0m[1;33m[0m[1;31m[Err] [Sensor.cc:510] [0m[1;31mGet noise index not valid[0m[1;31m
[gzserver-2] [0m[1;31m[0m[1;31m[0m[1;31m[Err] [Sensor.cc:510] [0m[1;31mGet noise index not valid[0m[1;31m
[gzserver-2] [0m[1;31m[0m[1;31m[0m[1;31m[Err] [Sensor.cc:510] [0m[1;31mGet noise index not valid[0m[1;31m
[gzserver-2] [0m[1;31m[0m[1;31m[0m[1;31m[Err] [Sensor.cc:510] [0m[1;31mGet noise index not valid[0m[1;31m
[gzserver-2] [0m[1;31m[0m[1;31m[0m[1;31m[Err] [Sensor.cc:510] [0m[1;31mGet noise index not valid[0m[1;31m
[gzserver-2] [0m[1;31m[0m[1;31m[0m[1;31m[Err] [Sensor.cc:510] [0m[1;31mGet noise index not valid[0m[1;31m
[gzserver-2] [0m[1;31m[0m[1;31m[0mTopic [default//drone/base_footprint/down_camera/image] is not valid.
[gzserver-2] Topic [default//drone/base_footprint/front_camera/image] is not valid.
[gzserver-2] [INFO] [1773117931.658719785] [drone.collision_plugin]: Publishing contact states to [/drone/bumper_states]
[gzserver-2] [1;33m[Wrn] [Event.cc:61] [0m[1;33mWarning: Deleting a connection right after creation. [0m[1;33mMake sure to save the ConnectionPtr from a Connect call
[gzserver-2] [0m[INFO] [1773117932.217106259] [drone.camera_bottom]: Publishing camera info to [/drone/bottom/camera_info]
[gzserver-2] [INFO] [1773117932.221585632] [drone.camera_front]: Publishing camera info to [/drone/front/camera_info]
[spawn_drone-5] [INFO] [1773117932.230724089] [spawn_drone]: Result True SpawnEntity: Successfully spawned entity [/drone]
[gzserver-2] [INFO] [1773117932.344354789] [drone.simple_drone]: The drone plugin is loading!
[gzserver-2] [INFO] [1773117932.344562492] [drone.simple_drone]: pub_odom: 1
[gzserver-2] [INFO] [1773117932.344597201] [drone.simple_drone]: Using following parameters: 
[gzserver-2] 		link_name: base_footprint,
[gzserver-2] 		max_force: 30,
[gzserver-2] 		motion_small_noise: 0,
[gzserver-2] 		motion_drift_noise: 0,
[gzserver-2] 		motion_drift_noise_time: 50,
[gzserver-2] 		takeoff_hover_height: 2.15,
[gzserver-2] 		takeoff_vertical_speed: 0.2
[gzserver-2] [INFO] [1773117932.356536059] [drone.simple_drone]: Using the PID parameters: 
[gzserver-2] 	Roll Pitch:
[gzserver-2] 		kP: 10, kI: 0,kD: 5, Limit: 0.5, Time Constant: 0
[gzserver-2] 	Yaw:
[gzserver-2] 		kP: 2, kI: 0,kD: 1, Limit: 1.5, Time Constant: 0
[gzserver-2] 	Velocity X:
[gzserver-2] 		kP: 5, kI: 0,kD: 2.3, Limit: 2, Time Constant: 0
[gzserver-2] 	Velocity Y:
[gzserver-2] 		kP: 5, kI: 0,kD: 2.3, Limit: 2, Time Constant: 0
[gzserver-2] 	Velocity Z:
[gzserver-2] 		kP: 5, kI: 0,kD: 1, Limit: -1, Time Constant: 0
[gzserver-2] 	Position XY:
[gzserver-2] 		kP: 1.1, kI: 0,kD: 0, Limit: 5, Time Constant: 0
[gzserver-2] 	Position Z:
[gzserver-2] 		kP: 1, kI: 0,kD: 0.2, Limit: -1, Time Constant: 0
[gzserver-2] [INFO] [1773117932.356666630] [drone.simple_drone]: The drone plugin finished loading!
[INFO] [spawn_drone-5]: process has finished cleanly [pid 1920522]
[gzserver-2] [INFO] [1773117939.569147567] [gazebo_wind_plugin_node]: WindPlugin: set wind_speed=0.00 wind_direction=0.0
[gzserver-2] [INFO] [1773117939.835729332] [gazebo_wind_plugin_node]: WindPlugin: set wind_speed=0.00 wind_direction=0.0
[gzserver-2] [INFO] [1773117939.868507282] [drone.simple_drone]: Quadrotor takes off!!
[gzserver-2] [INFO] [1773117940.069698911] [gazebo_wind_plugin_node]: WindPlugin: set wind_speed=0.00 wind_direction=0.0
[gzserver-2] [INFO] [1773117940.309994620] [gazebo_wind_plugin_node]: WindPlugin: set wind_speed=0.00 wind_direction=0.0
[gzserver-2] [INFO] [1773117940.549272637] [gazebo_wind_plugin_node]: WindPlugin: set wind_speed=0.00 wind_direction=0.0
[gzserver-2] [INFO] [1773117940.788514819] [gazebo_wind_plugin_node]: WindPlugin: set wind_speed=0.00 wind_direction=0.0
[gzserver-2] [INFO] [1773117941.027918902] [gazebo_wind_plugin_node]: WindPlugin: set wind_speed=0.00 wind_direction=0.0
[gzserver-2] [INFO] [1773117941.267010609] [gazebo_wind_plugin_node]: WindPlugin: set wind_speed=0.00 wind_direction=0.0
[gzserver-2] [INFO] [1773117941.503687617] [gazebo_wind_plugin_node]: WindPlugin: set wind_speed=0.00 wind_direction=0.0
[gzserver-2] [0m[1;36m[Dbg] [wind_plugin.cpp:110] [0m[1;36mWindPlugin: received command -> speed=[0m[1;36m0[0m[1;36m dir=[0m[1;36m0[0m[1;36m
[gzserver-2] [0m[1;36m[Dbg] [wind_plugin.cpp:110] [0m[1;36mWindPlugin: received command -> speed=[0m[1;36m0[0m[1;36m dir=[0m[1;36m0[0m[1;36m
[gzserver-2] [0m[1;36m[Dbg] [wind_plugin.cpp:110] [0m[1;36mWindPlugin: received command -> speed=[0m[1;36m0[0m[1;36m dir=[0m[1;36m0[0m[1;36m
[gzserver-2] [0m[1;36m[Dbg] [wind_plugin.cpp:110] [0m[1;36mWindPlugin: received command -> speed=[0m[1;36m0[0m[1;36m dir=[0m[1;36m0[0m[1;36m
[gzserver-2] [0m[1;36m[Dbg] [wind_plugin.cpp:110] [0m[1;36mWindPlugin: received command -> speed=[0m[1;36m0[0m[1;36m dir=[0m[1;36m0[0m[1;36m
[gzserver-2] [0m[1;36m[Dbg] [wind_plugin.cpp:110] [0m[1;36mWindPlugin: received command -> speed=[0m[1;36m0[0m[1;36m dir=[0m[1;36m0[0m[1;36m
[gzserver-2] [0m[1;36m[Dbg] [wind_plugin.cpp:110] [0m[1;36mWindPlugin: received command -> speed=[0m[1;36m0[0m[1;36m dir=[0m[1;36m0[0m[1;36m
[gzserver-2] [0m[1;36m[Dbg] [wind_plugin.cpp:110] [0m[1;36mWindPlugin: received command -> speed=[0m[1;36m0[0m[1;36m dir=[0m[1;36m0[0m[1;36m
[gzserver-2] [0m[1;36m[Dbg] [wind_plugin.cpp:110] [0m[1;36mWindPlugin: received command -> speed=[0m[1;36m0[0m[1;36m dir=[0m[1;36m0[0m[1;36m
[gzserver-2] [0mEntering flying model!
[gzserver-2] [INFO] [1773117941.737404038] [gazebo_wind_plugin_node]: WindPlugin: set wind_speed=0.00 wind_direction=0.0
[gzserver-2] [INFO] [1773117941.974479898] [gazebo_wind_plugin_node]: WindPlugin: set wind_speed=1.58 wind_direction=-82.9
[gzserver-2] [INFO] [1773117942.213945158] [gazebo_wind_plugin_node]: WindPlugin: set wind_speed=1.54 wind_direction=-79.0
[gzserver-2] [INFO] [1773117942.453724547] [gazebo_wind_plugin_node]: WindPlugin: set wind_speed=1.54 wind_direction=-79.0
[gzserver-2] [INFO] [1773117942.693009824] [gazebo_wind_plugin_node]: WindPlugin: set wind_speed=1.54 wind_direction=-79.0
[gzserver-2] [INFO] [1773117942.934945357] [gazebo_wind_plugin_node]: WindPlugin: set wind_speed=1.54 wind_direction=-79.0
[gzserver-2] [INFO] [1773117943.174530280] [gazebo_wind_plugin_node]: WindPlugin: set wind_speed=1.37 wind_direction=-82.5
[gzserver-2] [INFO] [1773117943.408551510] [gazebo_wind_plugin_node]: WindPlugin: set wind_speed=1.37 wind_direction=-82.5
[gzserver-2] [INFO] [1773117943.642619485] [gazebo_wind_plugin_node]: WindPlugin: set wind_speed=1.37 wind_direction=-82.5
[gzserver-2] [INFO] [1773117943.882058294] [gazebo_wind_plugin_node]: WindPlugin: set wind_speed=1.37 wind_direction=-82.5
[gzserver-2] [INFO] [1773117944.115788972] [gazebo_wind_plugin_node]: WindPlugin: set wind_speed=1.49 wind_direction=-82.8
[gzserver-2] [INFO] [1773117944.355592528] [gazebo_wind_plugin_node]: WindPlugin: set wind_speed=1.49 wind_direction=-82.8
[gzserver-2] [INFO] [1773117944.597877509] [gazebo_wind_plugin_node]: WindPlugin: set wind_speed=1.49 wind_direction=-82.8
[gzserver-2] [INFO] [1773117944.837472281] [gazebo_wind_plugin_node]: WindPlugin: set wind_speed=1.49 wind_direction=-82.8
[gzserver-2] [INFO] [1773117944.875226612] [drone.simple_drone]: Quadrotor lands!!
[gzserver-2] [INFO] [1773117945.076902121] [gazebo_wind_plugin_node]: WindPlugin: set wind_speed=1.58 wind_direction=-82.6
[gzserver-2] [INFO] [1773117945.316363042] [gazebo_wind_plugin_node]: WindPlugin: set wind_speed=1.58 wind_direction=-82.6
[gzserver-2] [INFO] [1773117945.550881055] [gazebo_wind_plugin_node]: WindPlugin: set wind_speed=1.58 wind_direction=-82.6
[gzserver-2] [INFO] [1773117945.780225237] [gazebo_wind_plugin_node]: WindPlugin: set wind_speed=1.58 wind_direction=-82.6
[gzserver-2] [1;36m[Dbg] [wind_plugin.cpp:110] [0m[1;36mWindPlugin: received command -> speed=[0m[1;36m0[0m[1;36m dir=[0m[1;36m0[0m[1;36m
[gzserver-2] [0m[1;36m[Dbg] [wind_plugin.cpp:110] [0m[1;36mWindPlugin: received command -> speed=[0m[1;36m1.58341[0m[1;36m dir=[0m[1;36m-82.8934[0m[1;36m
[gzserver-2] [0m[1;36m[Dbg] [wind_plugin.cpp:110] [0m[1;36mWindPlugin: received command -> speed=[0m[1;36m1.53874[0m[1;36m dir=[0m[1;36m-78.9721[0m[1;36m
[gzserver-2] [0m[1;36m[Dbg] [wind_plugin.cpp:110] [0m[1;36mWindPlugin: received command -> speed=[0m[1;36m1.53874[0m[1;36m dir=[0m[1;36m-78.9721[0m[1;36m
[gzserver-2] [0m[1;36m[Dbg] [wind_plugin.cpp:110] [0m[1;36mWindPlugin: received command -> speed=[0m[1;36m1.53874[0m[1;36m dir=[0m[1;36m-78.9721[0m[1;36m
[gzserver-2] [0m[1;36m[Dbg] [wind_plugin.cpp:110] [0m[1;36mWindPlugin: received command -> speed=[0m[1;36m1.53874[0m[1;36m dir=[0m[1;36m-78.9721[0m[1;36m
[gzserver-2] [0m[1;36m[Dbg] [wind_plugin.cpp:110] [0m[1;36mWindPlugin: received command -> speed=[0m[1;36m1.37409[0m[1;36m dir=[0m[1;36m-82.4799[0m[1;36m
[gzserver-2] [0m[1;36m[Dbg] [wind_plugin.cpp:110] [0m[1;36mWindPlugin: received command -> speed=[0m[1;36m1.37409[0m[1;36m dir=[0m[1;36m-82.4799[0m[1;36m
[gzserver-2] [0m[1;36m[Dbg] [wind_plugin.cpp:110] [0m[1;36mWindPlugin: received command -> speed=[0m[1;36m1.37409[0m[1;36m dir=[0m[1;36m-82.4799[0m[1;36m
[gzserver-2] [0m[1;36m[Dbg] [wind_plugin.cpp:110] [0m[1;36mWindPlugin: received command -> speed=[0m[1;36m1.37409[0m[1;36m dir=[0m[1;36m-82.4799[0m[1;36m
[gzserver-2] [0m[1;36m[Dbg] [wind_plugin.cpp:110] [0m[1;36mWindPlugin: received command -> speed=[0m[1;36m1.48907[0m[1;36m dir=[0m[1;36m-82.7608[0m[1;36m
[gzserver-2] [0m[1;36m[Dbg] [wind_plugin.cpp:110] [0m[1;36mWindPlugin: received command -> speed=[0m[1;36m1.48907[0m[1;36m dir=[0m[1;36m-82.7608[0m[1;36m
[gzserver-2] [0m[1;36m[Dbg] [wind_plugin.cpp:110] [0m[1;36mWindPlugin: received command -> speed=[0m[1;36m1.48907[0m[1;36m dir=[0m[1;36m-82.7608[0m[1;36m
[gzserver-2] [0m[1;36m[Dbg] [wind_plugin.cpp:110] [0m[1;36mWindPlugin: received command -> speed=[0m[1;36m1.48907[0m[1;36m dir=[0m[1;36m-82.7608[0m[1;36m
[gzserver-2] [0m[1;36m[Dbg] [wind_plugin.cpp:110] [0m[1;36mWindPlugin: received command -> speed=[0m[1;36m1.57753[0m[1;36m dir=[0m[1;36m-82.617[0m[1;36m
[gzserver-2] [0m[1;36m[Dbg] [wind_plugin.cpp:110] [0m[1;36mWindPlugin: received command -> speed=[0m[1;36m1.57753[0m[1;36m dir=[0m[1;36m-82.617[0m[1;36m
[gzserver-2] [0m[1;36m[Dbg] [wind_plugin.cpp:110] [0m[1;36mWindPlugin: received command -> speed=[0m[1;36m1.57753[0m[1;36m dir=[0m[1;36m-82.617[0m[1;36m
[gzserver-2] [0m[1;36m[Dbg] [wind_plugin.cpp:110] [0m[1;36mWindPlugin: received command -> speed=[0m[1;36m1.57753[0m[1;36m dir=[0m[1;36m-82.617[0m[1;36m
[gzserver-2] [0mLanded!
[gzserver-2] [INFO] [1773117946.019961046] [gazebo_wind_plugin_node]: WindPlugin: set wind_speed=1.58 wind_direction=-82.6
[gzserver-2] [INFO] [1773117946.259044231] [gazebo_wind_plugin_node]: WindPlugin: set wind_speed=1.51 wind_direction=-85.0
[gzserver-2] [INFO] [1773117946.498459870] [gazebo_wind_plugin_node]: WindPlugin: set wind_speed=1.51 wind_direction=-85.0
[gzserver-2] [INFO] [1773117946.727521501] [gazebo_wind_plugin_node]: WindPlugin: set wind_speed=1.51 wind_direction=-85.0
[gzserver-2] [INFO] [1773117946.967068521] [gazebo_wind_plugin_node]: WindPlugin: set wind_speed=1.51 wind_direction=-85.0
[gzserver-2] [INFO] [1773117947.202002755] [gazebo_wind_plugin_node]: WindPlugin: set wind_speed=1.49 wind_direction=-84.3
[gzserver-2] [INFO] [1773117947.441366400] [gazebo_wind_plugin_node]: WindPlugin: set wind_speed=1.49 wind_direction=-84.3
[gzserver-2] [INFO] [1773117947.675577934] [gazebo_wind_plugin_node]: WindPlugin: set wind_speed=1.49 wind_direction=-84.3
