[INFO] [launch]: All log files can be found below /home/j/.ros/log/2026-03-11-06-45-21-254525-j-1360869
[INFO] [launch]: Default logging verbosity is set to INFO
[INFO] [launch.user]: [bringup] Apriltag config: camera=/drone/bottom, image=/drone/bottom/image_raw, tags=/drone/bottom/tags, bridge=/landing_tag_state, standalone=true, use_target_id=true, target_id=0
[INFO] [rviz2-1]: process started with pid [1360874]
[INFO] [gzserver-2]: process started with pid [1360876]
[INFO] [robot_state_publisher-3]: process started with pid [1360878]
[INFO] [joint_state_publisher-4]: process started with pid [1360880]
[INFO] [spawn_drone-5]: process started with pid [1360882]
[INFO] [static_transform_publisher-6]: process started with pid [1360884]
[INFO] [joy_node-7]: process started with pid [1360886]
[INFO] [teleop_joystick-8]: process started with pid [1360888]
[INFO] [apriltag_detector_node-9]: process started with pid [1360890]
[INFO] [apriltag_state_bridge-10]: process started with pid [1360892]
[static_transform_publisher-6] [WARN] [1773179121.729729749] []: Old-style arguments are deprecated; see --help for new-style arguments
[static_transform_publisher-6] [INFO] [1773179121.737574381] [static_transform_publisher_hLkoJiZhzEPGr6PQ]: Spinning until stopped - publishing transform
[static_transform_publisher-6] translation: ('0.000000', '0.000000', '0.000000')
[static_transform_publisher-6] rotation: ('0.000000', '0.000000', '0.000000', '1.000000')
[static_transform_publisher-6] from 'world' to '/drone/odom'
[robot_state_publisher-3] [INFO] [1773179121.763598126] [drone.robot_state_publisher]: got segment base_footprint
[robot_state_publisher-3] [INFO] [1773179121.763656112] [drone.robot_state_publisher]: got segment base_link
[robot_state_publisher-3] [INFO] [1773179121.763662037] [drone.robot_state_publisher]: got segment bottom_cam_link
[robot_state_publisher-3] [INFO] [1773179121.763665083] [drone.robot_state_publisher]: got segment front_cam_link
[robot_state_publisher-3] [INFO] [1773179121.763667844] [drone.robot_state_publisher]: got segment sonar_link
[rviz2-1] 
[rviz2-1] (rviz2:1360874): dbind-WARNING **: 06:45:21.763: Couldn't connect to accessibility bus: Failed to connect to socket /root/.cache/at-spi/bus_0: 허가 거부
[apriltag_detector_node-9] [INFO] [1773179121.766450409] [apriltag_detector_node]: tag detector type: umich
[teleop_joystick-8] Traceback (most recent call last):
[teleop_joystick-8]   File "/home/j/INCSL/IICC26_ws/install/sjtu_drone_control/lib/sjtu_drone_control/teleop_joystick", line 33, in <module>
[teleop_joystick-8]     sys.exit(load_entry_point('sjtu_drone_control==0.0.0', 'console_scripts', 'teleop_joystick')())
[teleop_joystick-8]   File "/home/j/INCSL/IICC26_ws/install/sjtu_drone_control/lib/sjtu_drone_control/teleop_joystick", line 22, in importlib_load_entry_point
[teleop_joystick-8]     for entry_point in distribution(dist_name).entry_points
[teleop_joystick-8]   File "/usr/lib/python3.10/importlib/metadata/__init__.py", line 969, in distribution
[teleop_joystick-8]     return Distribution.from_name(distribution_name)
[teleop_joystick-8]   File "/usr/lib/python3.10/importlib/metadata/__init__.py", line 548, in from_name
[teleop_joystick-8]     raise PackageNotFoundError(name)
[teleop_joystick-8] importlib.metadata.PackageNotFoundError: No package metadata was found for sjtu_drone_control
[ERROR] [teleop_joystick-8]: process has died [pid 1360888, exit code 1, cmd '/home/j/INCSL/IICC26_ws/install/sjtu_drone_control/lib/sjtu_drone_control/teleop_joystick --ros-args -r __ns:=/drone'].
[gzserver-2] Gazebo multi-robot simulator, version 11.10.2
[gzserver-2] Copyright (C) 2012 Open Source Robotics Foundation.
[gzserver-2] Released under the Apache 2 License.
[gzserver-2] http://gazebosim.org
[gzserver-2] 
[apriltag_state_bridge-10] [INFO] [1773179121.958710586] [apriltag_state_bridge]: AprilTag bridge started: /drone/bottom/tags -> /landing_tag_state, use_target_id=True, target_id=0
[joint_state_publisher-4] [INFO] [1773179122.045732054] [drone.joint_state_publisher]: Waiting for robot_description to be published on the robot_description topic...
[gzserver-2] [1;33m[Wrn] [gazebo_ros_init.cpp:178] [0m[1;33m
[gzserver-2] #     # ####### ####### ###  #####  #######
[gzserver-2] ##    # #     #    #     #  #     # #
[gzserver-2] # #   # #     #    #     #  #       #
[gzserver-2] #  #  # #     #    #     #  #       #####
[gzserver-2] #   # # #     #    #     #  #       #
[gzserver-2] #    ## #     #    #     #  #     # #
[gzserver-2] #     # #######    #    ###  #####  #######
[gzserver-2] 
[gzserver-2] This version of Gazebo, now called Gazebo classic, reaches end-of-life
[gzserver-2] in January 2025. Users are highly encouraged to migrate to the new Gazebo
[gzserver-2] using our migration guides (https://gazebosim.org/docs/latest/gazebo_classic_migration?utm_source=gazebo_ros_pkgs&utm_medium=cli)
[gzserver-2] 
[gzserver-2] [0m[1;33m
[rviz2-1] [INFO] [1773179122.573331771] [rviz2]: Stereo is NOT SUPPORTED
[rviz2-1] [INFO] [1773179122.573450147] [rviz2]: OpenGl version: 4.6 (GLSL 4.6)
[rviz2-1] [INFO] [1773179122.654854382] [rviz2]: Stereo is NOT SUPPORTED
[rviz2-1] [INFO] [1773179122.747073078] [rviz2]: Stereo is NOT SUPPORTED
[gzserver-2] [1;32m[Msg] [0m[1;32mWaiting for master.[0m[1;32m
[gzserver-2] [0m[1;32m[0m[1;32m[0m[1;32m[Msg] [0m[1;32mConnected to gazebo master @ [0m[1;32mhttp://127.0.0.1:11345[0m[1;32m
[gzserver-2] [0m[1;32m[0m[1;32m[0m[1;32m[Msg] [0m[1;32mPublicized address: [0m[1;32m192.168.0.11[0m[1;32m
[gzserver-2] [0m[1;32m[0m[1;32m[0m[1;32m[Msg] [0m[1;32mLoading world file [[0m[1;32m/home/j/INCSL/IICC26_ws/install/sjtu_drone_description/share/sjtu_drone_description/worlds/landingPad.world[0m[1;32m][0m[1;32m
[gzserver-2] [0m[1;32m[0m[1;32m[0m[1;36m[Dbg] [wind_plugin.cpp:96] [0m[1;36mWindPlugin loaded: speed=[0m[1;36m0[0m[1;36m dir=[0m[1;36m0[0m[1;36m deg area=[0m[1;36m0.1[0m[1;36m coeff=[0m[1;36m1[0m[1;36m
[gzserver-2] [0m[1;33m[0m[1;33m[0m[1;31m[Err] [Sensor.cc:510] [0m[1;31mGet noise index not valid[0m[1;31m
[gzserver-2] [0m[1;31m[0m[1;31m[0m[1;31m[Err] [Sensor.cc:510] [0m[1;31mGet noise index not valid[0m[1;31m
[gzserver-2] [0m[1;31m[0m[1;31m[0m[1;31m[Err] [Sensor.cc:510] [0m[1;31mGet noise index not valid[0m[1;31m
[gzserver-2] [0m[1;31m[0m[1;31m[0m[1;31m[Err] [Sensor.cc:510] [0m[1;31mGet noise index not valid[0m[1;31m
[gzserver-2] [0m[1;31m[0m[1;31m[0m[1;31m[Err] [Sensor.cc:510] [0m[1;31mGet noise index not valid[0m[1;31m
[gzserver-2] [0m[1;31m[0m[1;31m[0m[1;31m[Err] [Sensor.cc:510] [0m[1;31mGet noise index not valid[0m[1;31m
[gzserver-2] [0m[1;31m[0m[1;31m[0mTopic [default//drone/base_footprint/down_camera/image] is not valid.
[gzserver-2] [INFO] [1773179123.227533074] [drone.collision_plugin]: Publishing contact states to [/drone/bumper_states]
[gzserver-2] Topic [default//drone/base_footprint/front_camera/image] is not valid.
[gzserver-2] [1;33m[Wrn] [Event.cc:61] [0m[1;33mWarning: Deleting a connection right after creation. [0m[1;33mMake sure to save the ConnectionPtr from a Connect call
[gzserver-2] [0m[INFO] [1773179123.782443983] [drone.camera_bottom]: Publishing camera info to [/drone/bottom/camera_info]
[gzserver-2] [INFO] [1773179123.787157699] [drone.camera_front]: Publishing camera info to [/drone/front/camera_info]
[spawn_drone-5] [INFO] [1773179123.795624716] [spawn_drone]: Result True SpawnEntity: Successfully spawned entity [/drone]
[gzserver-2] [INFO] [1773179123.908946411] [drone.simple_drone]: The drone plugin is loading!
[gzserver-2] [INFO] [1773179123.909159764] [drone.simple_drone]: pub_odom: 1
[gzserver-2] [INFO] [1773179123.909192944] [drone.simple_drone]: Using following parameters: 
[gzserver-2] 		link_name: base_footprint,
[gzserver-2] 		max_force: 30,
[gzserver-2] 		motion_small_noise: 0,
[gzserver-2] 		motion_drift_noise: 0,
[gzserver-2] 		motion_drift_noise_time: 50,
[gzserver-2] 		takeoff_hover_height: 2.04,
[gzserver-2] 		takeoff_vertical_speed: 0.2
[gzserver-2] [INFO] [1773179123.920897167] [drone.simple_drone]: Using the PID parameters: 
[gzserver-2] 	Roll Pitch:
[gzserver-2] 		kP: 10, kI: 0,kD: 5, Limit: 0.5, Time Constant: 0
[gzserver-2] 	Yaw:
[gzserver-2] 		kP: 2, kI: 0,kD: 1, Limit: 1.5, Time Constant: 0
[gzserver-2] 	Velocity X:
[gzserver-2] 		kP: 5, kI: 0,kD: 2.3, Limit: 2, Time Constant: 0
[gzserver-2] 	Velocity Y:
[gzserver-2] 		kP: 5, kI: 0,kD: 2.3, Limit: 2, Time Constant: 0
[gzserver-2] 	Velocity Z:
[gzserver-2] 		kP: 5, kI: 0,kD: 1, Limit: -1, Time Constant: 0
[gzserver-2] 	Position XY:
[gzserver-2] 		kP: 1.1, kI: 0,kD: 0, Limit: 5, Time Constant: 0
[gzserver-2] 	Position Z:
[gzserver-2] 		kP: 1, kI: 0,kD: 0.2, Limit: -1, Time Constant: 0
[gzserver-2] [INFO] [1773179123.921029757] [drone.simple_drone]: The drone plugin finished loading!
[INFO] [spawn_drone-5]: process has finished cleanly [pid 1360882]
[gzserver-2] [INFO] [1773179131.095443866] [gazebo_wind_plugin_node]: WindPlugin: set wind_speed=0.00 wind_direction=0.0
[gzserver-2] [INFO] [1773179131.366881349] [gazebo_wind_plugin_node]: WindPlugin: set wind_speed=0.00 wind_direction=0.0
[gzserver-2] [INFO] [1773179131.402228811] [drone.simple_drone]: Quadrotor takes off!!
[gzserver-2] [INFO] [1773179131.606854550] [gazebo_wind_plugin_node]: WindPlugin: set wind_speed=0.00 wind_direction=0.0
[gzserver-2] [INFO] [1773179131.841409567] [gazebo_wind_plugin_node]: WindPlugin: set wind_speed=0.00 wind_direction=0.0
[gzserver-2] [INFO] [1773179132.080379746] [gazebo_wind_plugin_node]: WindPlugin: set wind_speed=0.00 wind_direction=0.0
[gzserver-2] [INFO] [1773179132.320140172] [gazebo_wind_plugin_node]: WindPlugin: set wind_speed=0.00 wind_direction=0.0
[gzserver-2] [INFO] [1773179132.559633623] [gazebo_wind_plugin_node]: WindPlugin: set wind_speed=0.00 wind_direction=0.0
[gzserver-2] [INFO] [1773179132.798761149] [gazebo_wind_plugin_node]: WindPlugin: set wind_speed=0.00 wind_direction=0.0
[gzserver-2] [0m[1;36m[Dbg] [wind_plugin.cpp:110] [0m[1;36mWindPlugin: received command -> speed=[0m[1;36m0[0m[1;36m dir=[0m[1;36m0[0m[1;36m
[gzserver-2] [0m[1;36m[Dbg] [wind_plugin.cpp:110] [0m[1;36mWindPlugin: received command -> speed=[0m[1;36m0[0m[1;36m dir=[0m[1;36m0[0m[1;36m
[gzserver-2] [0m[1;36m[Dbg] [wind_plugin.cpp:110] [0m[1;36mWindPlugin: received command -> speed=[0m[1;36m0[0m[1;36m dir=[0m[1;36m0[0m[1;36m
[gzserver-2] [0m[1;36m[Dbg] [wind_plugin.cpp:110] [0m[1;36mWindPlugin: received command -> speed=[0m[1;36m0[0m[1;36m dir=[0m[1;36m0[0m[1;36m
[gzserver-2] [0m[1;36m[Dbg] [wind_plugin.cpp:110] [0m[1;36mWindPlugin: received command -> speed=[0m[1;36m0[0m[1;36m dir=[0m[1;36m0[0m[1;36m
[gzserver-2] [0m[1;36m[Dbg] [wind_plugin.cpp:110] [0m[1;36mWindPlugin: received command -> speed=[0m[1;36m0[0m[1;36m dir=[0m[1;36m0[0m[1;36m
[gzserver-2] [0m[1;36m[Dbg] [wind_plugin.cpp:110] [0m[1;36mWindPlugin: received command -> speed=[0m[1;36m0[0m[1;36m dir=[0m[1;36m0[0m[1;36m
[gzserver-2] [0m[1;36m[Dbg] [wind_plugin.cpp:110] [0m[1;36mWindPlugin: received command -> speed=[0m[1;36m0[0m[1;36m dir=[0m[1;36m0[0m[1;36m
[gzserver-2] [0mEntering flying model!
[gzserver-2] [INFO] [1773179133.032721546] [gazebo_wind_plugin_node]: WindPlugin: set wind_speed=0.00 wind_direction=0.0
[gzserver-2] [INFO] [1773179133.271996482] [gazebo_wind_plugin_node]: WindPlugin: set wind_speed=1.21 wind_direction=-71.5
[gzserver-2] [INFO] [1773179133.511982625] [gazebo_wind_plugin_node]: WindPlugin: set wind_speed=1.21 wind_direction=-71.5
[gzserver-2] [INFO] [1773179133.751165712] [gazebo_wind_plugin_node]: WindPlugin: set wind_speed=1.09 wind_direction=-69.7
[gzserver-2] [INFO] [1773179133.990663835] [gazebo_wind_plugin_node]: WindPlugin: set wind_speed=1.09 wind_direction=-69.7
[gzserver-2] [INFO] [1773179134.230222232] [gazebo_wind_plugin_node]: WindPlugin: set wind_speed=1.09 wind_direction=-69.7
[gzserver-2] [INFO] [1773179134.459768476] [gazebo_wind_plugin_node]: WindPlugin: set wind_speed=1.09 wind_direction=-69.7
[gzserver-2] [INFO] [1773179134.695101132] [gazebo_wind_plugin_node]: WindPlugin: set wind_speed=1.13 wind_direction=-66.3
[gzserver-2] [INFO] [1773179134.934295635] [gazebo_wind_plugin_node]: WindPlugin: set wind_speed=1.13 wind_direction=-66.3
[gzserver-2] [INFO] [1773179135.168913231] [gazebo_wind_plugin_node]: WindPlugin: set wind_speed=1.13 wind_direction=-66.3
[gzserver-2] [INFO] [1773179135.408456093] [gazebo_wind_plugin_node]: WindPlugin: set wind_speed=1.13 wind_direction=-66.3
[gzserver-2] [INFO] [1773179135.647881223] [gazebo_wind_plugin_node]: WindPlugin: set wind_speed=1.07 wind_direction=-68.7
[gzserver-2] [INFO] [1773179135.887280528] [gazebo_wind_plugin_node]: WindPlugin: set wind_speed=1.07 wind_direction=-68.7
[gzserver-2] [INFO] [1773179136.127227289] [gazebo_wind_plugin_node]: WindPlugin: set wind_speed=1.07 wind_direction=-68.7
[gzserver-2] [INFO] [1773179136.369207303] [gazebo_wind_plugin_node]: WindPlugin: set wind_speed=1.07 wind_direction=-68.7
[gzserver-2] [INFO] [1773179136.596390144] [gazebo_wind_plugin_node]: WindPlugin: set wind_speed=1.02 wind_direction=-71.5
[gzserver-2] [INFO] [1773179136.634994455] [drone.simple_drone]: Quadrotor lands!!
[gzserver-2] [INFO] [1773179136.836387692] [gazebo_wind_plugin_node]: WindPlugin: set wind_speed=1.02 wind_direction=-71.5
[gzserver-2] [INFO] [1773179137.071876583] [gazebo_wind_plugin_node]: WindPlugin: set wind_speed=1.02 wind_direction=-71.5
[gzserver-2] [INFO] [1773179137.307187722] [gazebo_wind_plugin_node]: WindPlugin: set wind_speed=1.02 wind_direction=-71.5
[gzserver-2] [INFO] [1773179137.546678458] [gazebo_wind_plugin_node]: WindPlugin: set wind_speed=1.02 wind_direction=-71.5
[gzserver-2] [1;36m[Dbg] [wind_plugin.cpp:110] [0m[1;36mWindPlugin: received command -> speed=[0m[1;36m0[0m[1;36m dir=[0m[1;36m0[0m[1;36m
[gzserver-2] [0m[1;36m[Dbg] [wind_plugin.cpp:110] [0m[1;36mWindPlugin: received command -> speed=[0m[1;36m1.215[0m[1;36m dir=[0m[1;36m-71.4596[0m[1;36m
[gzserver-2] [0m[1;36m[Dbg] [wind_plugin.cpp:110] [0m[1;36mWindPlugin: received command -> speed=[0m[1;36m1.215[0m[1;36m dir=[0m[1;36m-71.4596[0m[1;36m
[gzserver-2] [0m[1;36m[Dbg] [wind_plugin.cpp:110] [0m[1;36mWindPlugin: received command -> speed=[0m[1;36m1.09234[0m[1;36m dir=[0m[1;36m-69.7076[0m[1;36m
[gzserver-2] [0m[1;36m[Dbg] [wind_plugin.cpp:110] [0m[1;36mWindPlugin: received command -> speed=[0m[1;36m1.09234[0m[1;36m dir=[0m[1;36m-69.7076[0m[1;36m
[gzserver-2] [0m[1;36m[Dbg] [wind_plugin.cpp:110] [0m[1;36mWindPlugin: received command -> speed=[0m[1;36m1.09234[0m[1;36m dir=[0m[1;36m-69.7076[0m[1;36m
[gzserver-2] [0m[1;36m[Dbg] [wind_plugin.cpp:110] [0m[1;36mWindPlugin: received command -> speed=[0m[1;36m1.09234[0m[1;36m dir=[0m[1;36m-69.7076[0m[1;36m
[gzserver-2] [0m[1;36m[Dbg] [wind_plugin.cpp:110] [0m[1;36mWindPlugin: received command -> speed=[0m[1;36m1.13179[0m[1;36m dir=[0m[1;36m-66.2534[0m[1;36m
[gzserver-2] [0m[1;36m[Dbg] [wind_plugin.cpp:110] [0m[1;36mWindPlugin: received command -> speed=[0m[1;36m1.13179[0m[1;36m dir=[0m[1;36m-66.2534[0m[1;36m
[gzserver-2] [0m[1;36m[Dbg] [wind_plugin.cpp:110] [0m[1;36mWindPlugin: received command -> speed=[0m[1;36m1.13179[0m[1;36m dir=[0m[1;36m-66.2534[0m[1;36m
[gzserver-2] [0m[1;36m[Dbg] [wind_plugin.cpp:110] [0m[1;36mWindPlugin: received command -> speed=[0m[1;36m1.13179[0m[1;36m dir=[0m[1;36m-66.2534[0m[1;36m
[gzserver-2] [0m[1;36m[Dbg] [wind_plugin.cpp:110] [0m[1;36mWindPlugin: received command -> speed=[0m[1;36m1.07121[0m[1;36m dir=[0m[1;36m-68.6632[0m[1;36m
[gzserver-2] [0m[1;36m[Dbg] [wind_plugin.cpp:110] [0m[1;36mWindPlugin: received command -> speed=[0m[1;36m1.07121[0m[1;36m dir=[0m[1;36m-68.6632[0m[1;36m
[gzserver-2] [0m[1;36m[Dbg] [wind_plugin.cpp:110] [0m[1;36mWindPlugin: received command -> speed=[0m[1;36m1.07121[0m[1;36m dir=[0m[1;36m-68.6632[0m[1;36m
[gzserver-2] [0m[1;36m[Dbg] [wind_plugin.cpp:110] [0m[1;36mWindPlugin: received command -> speed=[0m[1;36m1.07121[0m[1;36m dir=[0m[1;36m-68.6632[0m[1;36m
[gzserver-2] [0m[1;36m[Dbg] [wind_plugin.cpp:110] [0m[1;36mWindPlugin: received command -> speed=[0m[1;36m1.02353[0m[1;36m dir=[0m[1;36m-71.5328[0m[1;36m
[gzserver-2] [0m[1;36m[Dbg] [wind_plugin.cpp:110] [0m[1;36mWindPlugin: received command -> speed=[0m[1;36m1.02353[0m[1;36m dir=[0m[1;36m-71.5328[0m[1;36m
[gzserver-2] [0m[1;36m[Dbg] [wind_plugin.cpp:110] [0m[1;36mWindPlugin: received command -> speed=[0m[1;36m1.02353[0m[1;36m dir=[0m[1;36m-71.5328[0m[1;36m
[gzserver-2] [0m[1;36m[Dbg] [wind_plugin.cpp:110] [0m[1;36mWindPlugin: received command -> speed=[0m[1;36m1.02353[0m[1;36m dir=[0m[1;36m-71.5328[0m[1;36m
[gzserver-2] [0m[1;36m[Dbg] [wind_plugin.cpp:110] [0m[1;36mWindPlugin: received command -> speed=[0m[1;36m1.02353[0m[1;36m dir=[0m[1;36m-71.5328[0m[1;36m
[gzserver-2] [0mLanded!
[gzserver-2] [INFO] [1773179137.775416533] [gazebo_wind_plugin_node]: WindPlugin: set wind_speed=1.22 wind_direction=-68.5
[gzserver-2] [INFO] [1773179138.009902834] [gazebo_wind_plugin_node]: WindPlugin: set wind_speed=1.22 wind_direction=-68.5
[gzserver-2] [INFO] [1773179138.249207421] [gazebo_wind_plugin_node]: WindPlugin: set wind_speed=1.22 wind_direction=-68.5
[gzserver-2] [INFO] [1773179138.489190591] [gazebo_wind_plugin_node]: WindPlugin: set wind_speed=1.22 wind_direction=-68.5
[gzserver-2] [INFO] [1773179138.723583919] [gazebo_wind_plugin_node]: WindPlugin: set wind_speed=1.00 wind_direction=-69.6
[gzserver-2] [INFO] [1773179138.962971140] [gazebo_wind_plugin_node]: WindPlugin: set wind_speed=1.00 wind_direction=-69.6
[gzserver-2] [INFO] [1773179139.197917411] [gazebo_wind_plugin_node]: WindPlugin: set wind_speed=1.00 wind_direction=-69.6
[gzserver-2] [INFO] [1773179139.437561789] [gazebo_wind_plugin_node]: WindPlugin: set wind_speed=1.00 wind_direction=-69.6
