[INFO] [launch]: All log files can be found below /home/j/.ros/log/2026-03-11-02-28-15-267762-j-3115857
[INFO] [launch]: Default logging verbosity is set to INFO
[INFO] [launch.user]: [bringup] Apriltag config: camera=/drone/bottom, image=/drone/bottom/image_raw, tags=/drone/bottom/tags, bridge=/landing_tag_state, standalone=true, use_target_id=true, target_id=0
[INFO] [rviz2-1]: process started with pid [3115870]
[INFO] [gzserver-2]: process started with pid [3115872]
[INFO] [robot_state_publisher-3]: process started with pid [3115874]
[INFO] [joint_state_publisher-4]: process started with pid [3115876]
[INFO] [spawn_drone-5]: process started with pid [3115878]
[INFO] [static_transform_publisher-6]: process started with pid [3115880]
[INFO] [joy_node-7]: process started with pid [3115882]
[INFO] [teleop_joystick-8]: process started with pid [3115884]
[INFO] [apriltag_detector_node-9]: process started with pid [3115886]
[INFO] [apriltag_state_bridge-10]: process started with pid [3115888]
[static_transform_publisher-6] [WARN] [1773163695.738652328] []: Old-style arguments are deprecated; see --help for new-style arguments
[static_transform_publisher-6] [INFO] [1773163695.746194016] [static_transform_publisher_4QywLWHrSIRgpKNL]: Spinning until stopped - publishing transform
[static_transform_publisher-6] translation: ('0.000000', '0.000000', '0.000000')
[static_transform_publisher-6] rotation: ('0.000000', '0.000000', '0.000000', '1.000000')
[static_transform_publisher-6] from 'world' to '/drone/odom'
[rviz2-1] 
[rviz2-1] (rviz2:3115870): dbind-WARNING **: 02:28:15.771: Couldn't connect to accessibility bus: Failed to connect to socket /root/.cache/at-spi/bus_0: 허가 거부
[robot_state_publisher-3] [INFO] [1773163695.773902782] [drone.robot_state_publisher]: got segment base_footprint
[robot_state_publisher-3] [INFO] [1773163695.773992014] [drone.robot_state_publisher]: got segment base_link
[robot_state_publisher-3] [INFO] [1773163695.774004769] [drone.robot_state_publisher]: got segment bottom_cam_link
[robot_state_publisher-3] [INFO] [1773163695.774012945] [drone.robot_state_publisher]: got segment front_cam_link
[robot_state_publisher-3] [INFO] [1773163695.774020019] [drone.robot_state_publisher]: got segment sonar_link
[apriltag_detector_node-9] [INFO] [1773163695.775101756] [apriltag_detector_node]: tag detector type: umich
[teleop_joystick-8] Traceback (most recent call last):
[teleop_joystick-8]   File "/home/j/INCSL/IICC26_ws/install/sjtu_drone_control/lib/sjtu_drone_control/teleop_joystick", line 33, in <module>
[teleop_joystick-8]     sys.exit(load_entry_point('sjtu_drone_control==0.0.0', 'console_scripts', 'teleop_joystick')())
[teleop_joystick-8]   File "/home/j/INCSL/IICC26_ws/install/sjtu_drone_control/lib/sjtu_drone_control/teleop_joystick", line 22, in importlib_load_entry_point
[teleop_joystick-8]     for entry_point in distribution(dist_name).entry_points
[teleop_joystick-8]   File "/usr/lib/python3.10/importlib/metadata/__init__.py", line 969, in distribution
[teleop_joystick-8]     return Distribution.from_name(distribution_name)
[teleop_joystick-8]   File "/usr/lib/python3.10/importlib/metadata/__init__.py", line 548, in from_name
[teleop_joystick-8]     raise PackageNotFoundError(name)
[teleop_joystick-8] importlib.metadata.PackageNotFoundError: No package metadata was found for sjtu_drone_control
[ERROR] [teleop_joystick-8]: process has died [pid 3115884, exit code 1, cmd '/home/j/INCSL/IICC26_ws/install/sjtu_drone_control/lib/sjtu_drone_control/teleop_joystick --ros-args -r __ns:=/drone'].
[gzserver-2] Gazebo multi-robot simulator, version 11.10.2
[gzserver-2] Copyright (C) 2012 Open Source Robotics Foundation.
[gzserver-2] Released under the Apache 2 License.
[gzserver-2] http://gazebosim.org
[gzserver-2] 
[apriltag_state_bridge-10] [INFO] [1773163695.963821600] [apriltag_state_bridge]: AprilTag bridge started: /drone/bottom/tags -> /landing_tag_state, use_target_id=True, target_id=0
[joint_state_publisher-4] [INFO] [1773163695.999826834] [drone.joint_state_publisher]: Waiting for robot_description to be published on the robot_description topic...
[gzserver-2] [1;33m[Wrn] [gazebo_ros_init.cpp:178] [0m[1;33m
[gzserver-2] #     # ####### ####### ###  #####  #######
[gzserver-2] ##    # #     #    #     #  #     # #
[gzserver-2] # #   # #     #    #     #  #       #
[gzserver-2] #  #  # #     #    #     #  #       #####
[gzserver-2] #   # # #     #    #     #  #       #
[gzserver-2] #    ## #     #    #     #  #     # #
[gzserver-2] #     # #######    #    ###  #####  #######
[gzserver-2] 
[gzserver-2] This version of Gazebo, now called Gazebo classic, reaches end-of-life
[gzserver-2] in January 2025. Users are highly encouraged to migrate to the new Gazebo
[gzserver-2] using our migration guides (https://gazebosim.org/docs/latest/gazebo_classic_migration?utm_source=gazebo_ros_pkgs&utm_medium=cli)
[gzserver-2] 
[gzserver-2] [0m[1;33m
[rviz2-1] [INFO] [1773163696.635499765] [rviz2]: Stereo is NOT SUPPORTED
[rviz2-1] [INFO] [1773163696.635620980] [rviz2]: OpenGl version: 4.6 (GLSL 4.6)
[rviz2-1] [INFO] [1773163696.715796907] [rviz2]: Stereo is NOT SUPPORTED
[rviz2-1] [INFO] [1773163696.811032530] [rviz2]: Stereo is NOT SUPPORTED
[spawn_drone-5] [INFO] [1773163697.183018631] [spawn_drone]: Result False Entity pushed to spawn queue, but spawn service timed outwaiting for entity to appear in simulation under the name [/drone]
[gzserver-2] [1;32m[Msg] [0m[1;32mWaiting for master.[0m[1;32m
[gzserver-2] [0m[1;32m[0m[1;32m[0m[1;32m[Msg] [0m[1;32mConnected to gazebo master @ [0m[1;32mhttp://127.0.0.1:11345[0m[1;32m
[gzserver-2] [0m[1;32m[0m[1;32m[0m[1;32m[Msg] [0m[1;32mPublicized address: [0m[1;32m192.168.0.11[0m[1;32m
[gzserver-2] [0m[1;32m[0m[1;32m[0m[1;32m[Msg] [0m[1;32mLoading world file [[0m[1;32m/home/j/INCSL/IICC26_ws/install/sjtu_drone_description/share/sjtu_drone_description/worlds/landingPad.world[0m[1;32m][0m[1;32m
[gzserver-2] [0m[1;32m[0m[1;32m[0m[1;36m[Dbg] [wind_plugin.cpp:96] [0m[1;36mWindPlugin loaded: speed=[0m[1;36m0[0m[1;36m dir=[0m[1;36m0[0m[1;36m deg area=[0m[1;36m0.1[0m[1;36m coeff=[0m[1;36m1[0m[1;36m
[gzserver-2] [0m[1;33m[0m[1;33m[0m[1;31m[Err] [Sensor.cc:510] [0m[1;31mGet noise index not valid[0m[1;31m
[gzserver-2] [0m[1;31m[0m[1;31m[0m[1;31m[Err] [Sensor.cc:510] [0m[1;31mGet noise index not valid[0m[1;31m
[gzserver-2] [0m[1;31m[0m[1;31m[0m[1;31m[Err] [Sensor.cc:510] [0m[1;31mGet noise index not valid[0m[1;31m
[gzserver-2] [0m[1;31m[0m[1;31m[0m[1;31m[Err] [Sensor.cc:510] [0m[1;31mGet noise index not valid[0m[1;31m
[gzserver-2] [0m[1;31m[0m[1;31m[0m[1;31m[Err] [Sensor.cc:510] [0m[1;31mGet noise index not valid[0m[1;31m
[gzserver-2] [0m[1;31m[0m[1;31m[0m[1;31m[Err] [Sensor.cc:510] [0m[1;31mGet noise index not valid[0m[1;31m
[gzserver-2] [0m[1;31m[0m[1;31m[0mTopic [default//drone/base_footprint/down_camera/image] is not valid.
[gzserver-2] [INFO] [1773163697.213753998] [drone.collision_plugin]: Publishing contact states to [/drone/bumper_states]
[gzserver-2] Topic [default//drone/base_footprint/front_camera/image] is not valid.
[gzserver-2] [1;33m[Wrn] [Event.cc:61] [0m[1;33mWarning: Deleting a connection right after creation. [0m[1;33mMake sure to save the ConnectionPtr from a Connect call
[INFO] [spawn_drone-5]: process has finished cleanly [pid 3115878]
[gzserver-2] [0m[INFO] [1773163697.796987441] [drone.camera_bottom]: Publishing camera info to [/drone/bottom/camera_info]
[gzserver-2] [INFO] [1773163697.799755413] [drone.camera_front]: Publishing camera info to [/drone/front/camera_info]
[gzserver-2] [INFO] [1773163697.921535332] [drone.simple_drone]: The drone plugin is loading!
[gzserver-2] [INFO] [1773163697.921769442] [drone.simple_drone]: pub_odom: 1
[gzserver-2] [INFO] [1773163697.921805892] [drone.simple_drone]: Using following parameters: 
[gzserver-2] 		link_name: base_footprint,
[gzserver-2] 		max_force: 30,
[gzserver-2] 		motion_small_noise: 0,
[gzserver-2] 		motion_drift_noise: 0,
[gzserver-2] 		motion_drift_noise_time: 50,
[gzserver-2] 		takeoff_hover_height: 1.94,
[gzserver-2] 		takeoff_vertical_speed: 0.2
[gzserver-2] [INFO] [1773163697.933629337] [drone.simple_drone]: Using the PID parameters: 
[gzserver-2] 	Roll Pitch:
[gzserver-2] 		kP: 10, kI: 0,kD: 5, Limit: 0.5, Time Constant: 0
[gzserver-2] 	Yaw:
[gzserver-2] 		kP: 2, kI: 0,kD: 1, Limit: 1.5, Time Constant: 0
[gzserver-2] 	Velocity X:
[gzserver-2] 		kP: 5, kI: 0,kD: 2.3, Limit: 2, Time Constant: 0
[gzserver-2] 	Velocity Y:
[gzserver-2] 		kP: 5, kI: 0,kD: 2.3, Limit: 2, Time Constant: 0
[gzserver-2] 	Velocity Z:
[gzserver-2] 		kP: 5, kI: 0,kD: 1, Limit: -1, Time Constant: 0
[gzserver-2] 	Position XY:
[gzserver-2] 		kP: 1.1, kI: 0,kD: 0, Limit: 5, Time Constant: 0
[gzserver-2] 	Position Z:
[gzserver-2] 		kP: 1, kI: 0,kD: 0.2, Limit: -1, Time Constant: 0
[gzserver-2] [INFO] [1773163697.933757050] [drone.simple_drone]: The drone plugin finished loading!
[gzserver-2] [INFO] [1773163705.102557986] [gazebo_wind_plugin_node]: WindPlugin: set wind_speed=0.00 wind_direction=0.0
[gzserver-2] [INFO] [1773163705.376501396] [gazebo_wind_plugin_node]: WindPlugin: set wind_speed=0.00 wind_direction=0.0
[gzserver-2] [INFO] [1773163705.416572666] [drone.simple_drone]: Quadrotor takes off!!
[gzserver-2] [INFO] [1773163705.618881302] [gazebo_wind_plugin_node]: WindPlugin: set wind_speed=0.00 wind_direction=0.0
[gzserver-2] [INFO] [1773163705.852740371] [gazebo_wind_plugin_node]: WindPlugin: set wind_speed=0.00 wind_direction=0.0
[gzserver-2] [INFO] [1773163706.091822382] [gazebo_wind_plugin_node]: WindPlugin: set wind_speed=0.00 wind_direction=0.0
[gzserver-2] [INFO] [1773163706.332048821] [gazebo_wind_plugin_node]: WindPlugin: set wind_speed=0.00 wind_direction=0.0
[gzserver-2] [INFO] [1773163706.571660726] [gazebo_wind_plugin_node]: WindPlugin: set wind_speed=0.00 wind_direction=0.0
[gzserver-2] [INFO] [1773163706.811127420] [gazebo_wind_plugin_node]: WindPlugin: set wind_speed=0.00 wind_direction=0.0
[gzserver-2] [0m[1;36m[Dbg] [wind_plugin.cpp:110] [0m[1;36mWindPlugin: received command -> speed=[0m[1;36m0[0m[1;36m dir=[0m[1;36m0[0m[1;36m
[gzserver-2] [0m[1;36m[Dbg] [wind_plugin.cpp:110] [0m[1;36mWindPlugin: received command -> speed=[0m[1;36m0[0m[1;36m dir=[0m[1;36m0[0m[1;36m
[gzserver-2] [0m[1;36m[Dbg] [wind_plugin.cpp:110] [0m[1;36mWindPlugin: received command -> speed=[0m[1;36m0[0m[1;36m dir=[0m[1;36m0[0m[1;36m
[gzserver-2] [0m[1;36m[Dbg] [wind_plugin.cpp:110] [0m[1;36mWindPlugin: received command -> speed=[0m[1;36m0[0m[1;36m dir=[0m[1;36m0[0m[1;36m
[gzserver-2] [0m[1;36m[Dbg] [wind_plugin.cpp:110] [0m[1;36mWindPlugin: received command -> speed=[0m[1;36m0[0m[1;36m dir=[0m[1;36m0[0m[1;36m
[gzserver-2] [0m[1;36m[Dbg] [wind_plugin.cpp:110] [0m[1;36mWindPlugin: received command -> speed=[0m[1;36m0[0m[1;36m dir=[0m[1;36m0[0m[1;36m
[gzserver-2] [0m[1;36m[Dbg] [wind_plugin.cpp:110] [0m[1;36mWindPlugin: received command -> speed=[0m[1;36m0[0m[1;36m dir=[0m[1;36m0[0m[1;36m
[gzserver-2] [0m[1;36m[Dbg] [wind_plugin.cpp:110] [0m[1;36mWindPlugin: received command -> speed=[0m[1;36m0[0m[1;36m dir=[0m[1;36m0[0m[1;36m
[gzserver-2] [0mEntering flying model!
[gzserver-2] [INFO] [1773163707.046047297] [gazebo_wind_plugin_node]: WindPlugin: set wind_speed=0.00 wind_direction=0.0
[gzserver-2] [INFO] [1773163707.280715706] [gazebo_wind_plugin_node]: WindPlugin: set wind_speed=1.57 wind_direction=-118.0
[gzserver-2] [INFO] [1773163707.522042097] [gazebo_wind_plugin_node]: WindPlugin: set wind_speed=1.57 wind_direction=-118.0
[gzserver-2] [INFO] [1773163707.761230742] [gazebo_wind_plugin_node]: WindPlugin: set wind_speed=1.62 wind_direction=-116.8
[gzserver-2] [INFO] [1773163708.000978550] [gazebo_wind_plugin_node]: WindPlugin: set wind_speed=1.62 wind_direction=-116.8
[gzserver-2] [INFO] [1773163708.240072239] [gazebo_wind_plugin_node]: WindPlugin: set wind_speed=1.62 wind_direction=-116.8
[gzserver-2] [INFO] [1773163708.479333072] [gazebo_wind_plugin_node]: WindPlugin: set wind_speed=1.62 wind_direction=-116.8
[gzserver-2] [INFO] [1773163708.713957418] [gazebo_wind_plugin_node]: WindPlugin: set wind_speed=1.44 wind_direction=-118.2
[gzserver-2] [INFO] [1773163708.948309769] [gazebo_wind_plugin_node]: WindPlugin: set wind_speed=1.44 wind_direction=-118.2
[gzserver-2] [INFO] [1773163709.182784980] [gazebo_wind_plugin_node]: WindPlugin: set wind_speed=1.44 wind_direction=-118.2
[gzserver-2] [INFO] [1773163709.422461365] [gazebo_wind_plugin_node]: WindPlugin: set wind_speed=1.44 wind_direction=-118.2
[gzserver-2] [INFO] [1773163709.658591202] [gazebo_wind_plugin_node]: WindPlugin: set wind_speed=1.42 wind_direction=-118.0
[gzserver-2] [INFO] [1773163709.889158816] [gazebo_wind_plugin_node]: WindPlugin: set wind_speed=1.42 wind_direction=-118.0
[gzserver-2] [INFO] [1773163710.122876602] [gazebo_wind_plugin_node]: WindPlugin: set wind_speed=1.42 wind_direction=-118.0
[gzserver-2] [INFO] [1773163710.161378272] [drone.simple_drone]: Quadrotor lands!!
[gzserver-2] [INFO] [1773163710.362935461] [gazebo_wind_plugin_node]: WindPlugin: set wind_speed=1.42 wind_direction=-118.0
[gzserver-2] [INFO] [1773163710.591746918] [gazebo_wind_plugin_node]: WindPlugin: set wind_speed=1.42 wind_direction=-118.0
[gzserver-2] [INFO] [1773163710.831086472] [gazebo_wind_plugin_node]: WindPlugin: set wind_speed=1.51 wind_direction=-120.9
[gzserver-2] [INFO] [1773163711.059840695] [gazebo_wind_plugin_node]: WindPlugin: set wind_speed=1.51 wind_direction=-120.9
[gzserver-2] [1;36m[Dbg] [wind_plugin.cpp:110] [0m[1;36mWindPlugin: received command -> speed=[0m[1;36m0[0m[1;36m dir=[0m[1;36m0[0m[1;36m
[gzserver-2] [0m[1;36m[Dbg] [wind_plugin.cpp:110] [0m[1;36mWindPlugin: received command -> speed=[0m[1;36m1.56598[0m[1;36m dir=[0m[1;36m-117.999[0m[1;36m
[gzserver-2] [0m[1;36m[Dbg] [wind_plugin.cpp:110] [0m[1;36mWindPlugin: received command -> speed=[0m[1;36m1.56598[0m[1;36m dir=[0m[1;36m-117.999[0m[1;36m
[gzserver-2] [0m[1;36m[Dbg] [wind_plugin.cpp:110] [0m[1;36mWindPlugin: received command -> speed=[0m[1;36m1.62146[0m[1;36m dir=[0m[1;36m-116.839[0m[1;36m
[gzserver-2] [0m[1;36m[Dbg] [wind_plugin.cpp:110] [0m[1;36mWindPlugin: received command -> speed=[0m[1;36m1.62146[0m[1;36m dir=[0m[1;36m-116.839[0m[1;36m
[gzserver-2] [0m[1;36m[Dbg] [wind_plugin.cpp:110] [0m[1;36mWindPlugin: received command -> speed=[0m[1;36m1.62146[0m[1;36m dir=[0m[1;36m-116.839[0m[1;36m
[gzserver-2] [0m[1;36m[Dbg] [wind_plugin.cpp:110] [0m[1;36mWindPlugin: received command -> speed=[0m[1;36m1.62146[0m[1;36m dir=[0m[1;36m-116.839[0m[1;36m
[gzserver-2] [0m[1;36m[Dbg] [wind_plugin.cpp:110] [0m[1;36mWindPlugin: received command -> speed=[0m[1;36m1.43918[0m[1;36m dir=[0m[1;36m-118.223[0m[1;36m
[gzserver-2] [0m[1;36m[Dbg] [wind_plugin.cpp:110] [0m[1;36mWindPlugin: received command -> speed=[0m[1;36m1.43918[0m[1;36m dir=[0m[1;36m-118.223[0m[1;36m
[gzserver-2] [0m[1;36m[Dbg] [wind_plugin.cpp:110] [0m[1;36mWindPlugin: received command -> speed=[0m[1;36m1.43918[0m[1;36m dir=[0m[1;36m-118.223[0m[1;36m
[gzserver-2] [0m[1;36m[Dbg] [wind_plugin.cpp:110] [0m[1;36mWindPlugin: received command -> speed=[0m[1;36m1.43918[0m[1;36m dir=[0m[1;36m-118.223[0m[1;36m
[gzserver-2] [0m[1;36m[Dbg] [wind_plugin.cpp:110] [0m[1;36mWindPlugin: received command -> speed=[0m[1;36m1.42026[0m[1;36m dir=[0m[1;36m-118.021[0m[1;36m
[gzserver-2] [0m[1;36m[Dbg] [wind_plugin.cpp:110] [0m[1;36mWindPlugin: received command -> speed=[0m[1;36m1.42026[0m[1;36m dir=[0m[1;36m-118.021[0m[1;36m
[gzserver-2] [0m[1;36m[Dbg] [wind_plugin.cpp:110] [0m[1;36mWindPlugin: received command -> speed=[0m[1;36m1.42026[0m[1;36m dir=[0m[1;36m-118.021[0m[1;36m
[gzserver-2] [0m[1;36m[Dbg] [wind_plugin.cpp:110] [0m[1;36mWindPlugin: received command -> speed=[0m[1;36m1.42026[0m[1;36m dir=[0m[1;36m-118.021[0m[1;36m
[gzserver-2] [0m[1;36m[Dbg] [wind_plugin.cpp:110] [0m[1;36mWindPlugin: received command -> speed=[0m[1;36m1.42026[0m[1;36m dir=[0m[1;36m-118.021[0m[1;36m
[gzserver-2] [0m[1;36m[Dbg] [wind_plugin.cpp:110] [0m[1;36mWindPlugin: received command -> speed=[0m[1;36m1.51346[0m[1;36m dir=[0m[1;36m-120.947[0m[1;36m
[gzserver-2] [0m[1;36m[Dbg] [wind_plugin.cpp:110] [0m[1;36mWindPlugin: received command -> speed=[0m[1;36m1.51346[0m[1;36m dir=[0m[1;36m-120.947[0m[1;36m
[gzserver-2] [0mLanded!
[gzserver-2] [INFO] [1773163711.299274597] [gazebo_wind_plugin_node]: WindPlugin: set wind_speed=1.51 wind_direction=-120.9
[gzserver-2] [INFO] [1773163711.538794269] [gazebo_wind_plugin_node]: WindPlugin: set wind_speed=1.51 wind_direction=-120.9
[gzserver-2] [INFO] [1773163711.775239150] [gazebo_wind_plugin_node]: WindPlugin: set wind_speed=1.56 wind_direction=-117.1
[gzserver-2] [INFO] [1773163712.004106939] [gazebo_wind_plugin_node]: WindPlugin: set wind_speed=1.56 wind_direction=-117.1
[gzserver-2] [INFO] [1773163712.245153558] [gazebo_wind_plugin_node]: WindPlugin: set wind_speed=1.56 wind_direction=-117.1
[gzserver-2] [INFO] [1773163712.480383863] [gazebo_wind_plugin_node]: WindPlugin: set wind_speed=1.56 wind_direction=-117.1
[gzserver-2] [INFO] [1773163712.720428412] [gazebo_wind_plugin_node]: WindPlugin: set wind_speed=1.52 wind_direction=-121.0
[gzserver-2] [INFO] [1773163712.962851088] [gazebo_wind_plugin_node]: WindPlugin: set wind_speed=1.52 wind_direction=-121.0
