[INFO] [launch]: All log files can be found below /home/j/.ros/log/2026-03-11-04-26-18-874525-j-41732
[INFO] [launch]: Default logging verbosity is set to INFO
[INFO] [launch.user]: [bringup] Apriltag config: camera=/drone/bottom, image=/drone/bottom/image_raw, tags=/drone/bottom/tags, bridge=/landing_tag_state, standalone=true, use_target_id=true, target_id=0
[INFO] [rviz2-1]: process started with pid [41747]
[INFO] [gzserver-2]: process started with pid [41749]
[INFO] [robot_state_publisher-3]: process started with pid [41751]
[INFO] [joint_state_publisher-4]: process started with pid [41753]
[INFO] [spawn_drone-5]: process started with pid [41755]
[INFO] [static_transform_publisher-6]: process started with pid [41757]
[INFO] [joy_node-7]: process started with pid [41759]
[INFO] [teleop_joystick-8]: process started with pid [41761]
[INFO] [apriltag_detector_node-9]: process started with pid [41763]
[INFO] [apriltag_state_bridge-10]: process started with pid [41765]
[static_transform_publisher-6] [WARN] [1773170779.345294714] []: Old-style arguments are deprecated; see --help for new-style arguments
[static_transform_publisher-6] [INFO] [1773170779.351267416] [static_transform_publisher_WXNXDrSArLhkw95N]: Spinning until stopped - publishing transform
[static_transform_publisher-6] translation: ('0.000000', '0.000000', '0.000000')
[static_transform_publisher-6] rotation: ('0.000000', '0.000000', '0.000000', '1.000000')
[static_transform_publisher-6] from 'world' to '/drone/odom'
[rviz2-1] 
[rviz2-1] (rviz2:41747): dbind-WARNING **: 04:26:19.370: Couldn't connect to accessibility bus: Failed to connect to socket /root/.cache/at-spi/bus_0: 허가 거부
[robot_state_publisher-3] [INFO] [1773170779.372947521] [drone.robot_state_publisher]: got segment base_footprint
[robot_state_publisher-3] [INFO] [1773170779.373015084] [drone.robot_state_publisher]: got segment base_link
[robot_state_publisher-3] [INFO] [1773170779.373021259] [drone.robot_state_publisher]: got segment bottom_cam_link
[robot_state_publisher-3] [INFO] [1773170779.373024379] [drone.robot_state_publisher]: got segment front_cam_link
[robot_state_publisher-3] [INFO] [1773170779.373027063] [drone.robot_state_publisher]: got segment sonar_link
[apriltag_detector_node-9] [INFO] [1773170779.381795731] [apriltag_detector_node]: tag detector type: umich
[teleop_joystick-8] Traceback (most recent call last):
[teleop_joystick-8]   File "/home/j/INCSL/IICC26_ws/install/sjtu_drone_control/lib/sjtu_drone_control/teleop_joystick", line 33, in <module>
[teleop_joystick-8]     sys.exit(load_entry_point('sjtu_drone_control==0.0.0', 'console_scripts', 'teleop_joystick')())
[teleop_joystick-8]   File "/home/j/INCSL/IICC26_ws/install/sjtu_drone_control/lib/sjtu_drone_control/teleop_joystick", line 22, in importlib_load_entry_point
[teleop_joystick-8]     for entry_point in distribution(dist_name).entry_points
[teleop_joystick-8]   File "/usr/lib/python3.10/importlib/metadata/__init__.py", line 969, in distribution
[teleop_joystick-8]     return Distribution.from_name(distribution_name)
[teleop_joystick-8]   File "/usr/lib/python3.10/importlib/metadata/__init__.py", line 548, in from_name
[teleop_joystick-8]     raise PackageNotFoundError(name)
[teleop_joystick-8] importlib.metadata.PackageNotFoundError: No package metadata was found for sjtu_drone_control
[ERROR] [teleop_joystick-8]: process has died [pid 41761, exit code 1, cmd '/home/j/INCSL/IICC26_ws/install/sjtu_drone_control/lib/sjtu_drone_control/teleop_joystick --ros-args -r __ns:=/drone'].
[gzserver-2] Gazebo multi-robot simulator, version 11.10.2
[gzserver-2] Copyright (C) 2012 Open Source Robotics Foundation.
[gzserver-2] Released under the Apache 2 License.
[gzserver-2] http://gazebosim.org
[gzserver-2] 
[apriltag_state_bridge-10] [INFO] [1773170779.596296688] [apriltag_state_bridge]: AprilTag bridge started: /drone/bottom/tags -> /landing_tag_state, use_target_id=True, target_id=0
[gzserver-2] [1;33m[Wrn] [gazebo_ros_init.cpp:178] [0m[1;33m
[gzserver-2] #     # ####### ####### ###  #####  #######
[gzserver-2] ##    # #     #    #     #  #     # #
[gzserver-2] # #   # #     #    #     #  #       #
[gzserver-2] #  #  # #     #    #     #  #       #####
[gzserver-2] #   # # #     #    #     #  #       #
[gzserver-2] #    ## #     #    #     #  #     # #
[gzserver-2] #     # #######    #    ###  #####  #######
[gzserver-2] 
[gzserver-2] This version of Gazebo, now called Gazebo classic, reaches end-of-life
[gzserver-2] in January 2025. Users are highly encouraged to migrate to the new Gazebo
[gzserver-2] using our migration guides (https://gazebosim.org/docs/latest/gazebo_classic_migration?utm_source=gazebo_ros_pkgs&utm_medium=cli)
[gzserver-2] 
[gzserver-2] [0m[1;33m
[joint_state_publisher-4] [INFO] [1773170779.647354188] [drone.joint_state_publisher]: Waiting for robot_description to be published on the robot_description topic...
[rviz2-1] [INFO] [1773170780.138343714] [rviz2]: Stereo is NOT SUPPORTED
[rviz2-1] [INFO] [1773170780.138470371] [rviz2]: OpenGl version: 4.6 (GLSL 4.6)
[rviz2-1] [INFO] [1773170780.215345726] [rviz2]: Stereo is NOT SUPPORTED
[rviz2-1] [INFO] [1773170780.305153381] [rviz2]: Stereo is NOT SUPPORTED
[spawn_drone-5] [INFO] [1773170780.725619027] [spawn_drone]: Result False Entity pushed to spawn queue, but spawn service timed outwaiting for entity to appear in simulation under the name [/drone]
[gzserver-2] [1;32m[Msg] [0m[1;32mWaiting for master.[0m[1;32m
[gzserver-2] [0m[1;32m[0m[1;32m[0m[1;32m[Msg] [0m[1;32mConnected to gazebo master @ [0m[1;32mhttp://127.0.0.1:11345[0m[1;32m
[gzserver-2] [0m[1;32m[0m[1;32m[0m[1;32m[Msg] [0m[1;32mPublicized address: [0m[1;32m192.168.0.11[0m[1;32m
[gzserver-2] [0m[1;32m[0m[1;32m[0m[1;32m[Msg] [0m[1;32mLoading world file [[0m[1;32m/home/j/INCSL/IICC26_ws/install/sjtu_drone_description/share/sjtu_drone_description/worlds/landingPad.world[0m[1;32m][0m[1;32m
[gzserver-2] [0m[1;32m[0m[1;32m[0m[1;36m[Dbg] [wind_plugin.cpp:96] [0m[1;36mWindPlugin loaded: speed=[0m[1;36m0[0m[1;36m dir=[0m[1;36m0[0m[1;36m deg area=[0m[1;36m0.1[0m[1;36m coeff=[0m[1;36m1[0m[1;36m
[gzserver-2] [0m[1;33m[0m[1;33m[0m[1;31m[Err] [Sensor.cc:510] [0m[1;31mGet noise index not valid[0m[1;31m
[gzserver-2] [0m[1;31m[0m[1;31m[0m[1;31m[Err] [Sensor.cc:510] [0m[1;31mGet noise index not valid[0m[1;31m
[gzserver-2] [0m[1;31m[0m[1;31m[0m[1;31m[Err] [Sensor.cc:510] [0m[1;31mGet noise index not valid[0m[1;31m
[gzserver-2] [0m[1;31m[0m[1;31m[0m[1;31m[Err] [Sensor.cc:510] [0m[1;31mGet noise index not valid[0m[1;31m
[gzserver-2] [0m[1;31m[0m[1;31m[0m[1;31m[Err] [Sensor.cc:510] [0m[1;31mGet noise index not valid[0m[1;31m
[gzserver-2] [0m[1;31m[0m[1;31m[0m[1;31m[Err] [Sensor.cc:510] [0m[1;31mGet noise index not valid[0m[1;31m
[gzserver-2] [0m[1;31m[0m[1;31m[0mTopic [default//drone/base_footprint/down_camera/image] is not valid.
[gzserver-2] Topic [default//drone/base_footprint/front_camera/image] is not valid.
[gzserver-2] [INFO] [1773170780.755497773] [drone.collision_plugin]: Publishing contact states to [/drone/bumper_states]
[gzserver-2] [1;33m[Wrn] [Event.cc:61] [0m[1;33mWarning: Deleting a connection right after creation. [0m[1;33mMake sure to save the ConnectionPtr from a Connect call
[INFO] [spawn_drone-5]: process has finished cleanly [pid 41755]
[gzserver-2] [0m[INFO] [1773170781.339464999] [drone.camera_bottom]: Publishing camera info to [/drone/bottom/camera_info]
[gzserver-2] [INFO] [1773170781.343873803] [drone.camera_front]: Publishing camera info to [/drone/front/camera_info]
[gzserver-2] [INFO] [1773170781.469344061] [drone.simple_drone]: The drone plugin is loading!
[gzserver-2] [INFO] [1773170781.469562701] [drone.simple_drone]: pub_odom: 1
[gzserver-2] [INFO] [1773170781.469598774] [drone.simple_drone]: Using following parameters: 
[gzserver-2] 		link_name: base_footprint,
[gzserver-2] 		max_force: 30,
[gzserver-2] 		motion_small_noise: 0,
[gzserver-2] 		motion_drift_noise: 0,
[gzserver-2] 		motion_drift_noise_time: 50,
[gzserver-2] 		takeoff_hover_height: 2.06,
[gzserver-2] 		takeoff_vertical_speed: 0.2
[gzserver-2] [INFO] [1773170781.481619157] [drone.simple_drone]: Using the PID parameters: 
[gzserver-2] 	Roll Pitch:
[gzserver-2] 		kP: 10, kI: 0,kD: 5, Limit: 0.5, Time Constant: 0
[gzserver-2] 	Yaw:
[gzserver-2] 		kP: 2, kI: 0,kD: 1, Limit: 1.5, Time Constant: 0
[gzserver-2] 	Velocity X:
[gzserver-2] 		kP: 5, kI: 0,kD: 2.3, Limit: 2, Time Constant: 0
[gzserver-2] 	Velocity Y:
[gzserver-2] 		kP: 5, kI: 0,kD: 2.3, Limit: 2, Time Constant: 0
[gzserver-2] 	Velocity Z:
[gzserver-2] 		kP: 5, kI: 0,kD: 1, Limit: -1, Time Constant: 0
[gzserver-2] 	Position XY:
[gzserver-2] 		kP: 1.1, kI: 0,kD: 0, Limit: 5, Time Constant: 0
[gzserver-2] 	Position Z:
[gzserver-2] 		kP: 1, kI: 0,kD: 0.2, Limit: -1, Time Constant: 0
[gzserver-2] [INFO] [1773170781.481749820] [drone.simple_drone]: The drone plugin finished loading!
[gzserver-2] [INFO] [1773170788.702141708] [gazebo_wind_plugin_node]: WindPlugin: set wind_speed=0.00 wind_direction=0.0
[gzserver-2] [INFO] [1773170788.968694578] [gazebo_wind_plugin_node]: WindPlugin: set wind_speed=0.00 wind_direction=0.0
[gzserver-2] [INFO] [1773170788.996874374] [drone.simple_drone]: Quadrotor takes off!!
[gzserver-2] [INFO] [1773170789.197850202] [gazebo_wind_plugin_node]: WindPlugin: set wind_speed=0.00 wind_direction=0.0
[gzserver-2] [INFO] [1773170789.434203757] [gazebo_wind_plugin_node]: WindPlugin: set wind_speed=0.00 wind_direction=0.0
[gzserver-2] [INFO] [1773170789.668437994] [gazebo_wind_plugin_node]: WindPlugin: set wind_speed=0.00 wind_direction=0.0
[gzserver-2] [INFO] [1773170789.904597602] [gazebo_wind_plugin_node]: WindPlugin: set wind_speed=0.00 wind_direction=0.0
[gzserver-2] [INFO] [1773170790.133912673] [gazebo_wind_plugin_node]: WindPlugin: set wind_speed=0.00 wind_direction=0.0
[gzserver-2] [INFO] [1773170790.373359514] [gazebo_wind_plugin_node]: WindPlugin: set wind_speed=0.00 wind_direction=0.0
[gzserver-2] [INFO] [1773170790.612731727] [gazebo_wind_plugin_node]: WindPlugin: set wind_speed=0.00 wind_direction=0.0
[gzserver-2] [0m[1;36m[Dbg] [wind_plugin.cpp:110] [0m[1;36mWindPlugin: received command -> speed=[0m[1;36m0[0m[1;36m dir=[0m[1;36m0[0m[1;36m
[gzserver-2] [0m[1;36m[Dbg] [wind_plugin.cpp:110] [0m[1;36mWindPlugin: received command -> speed=[0m[1;36m0[0m[1;36m dir=[0m[1;36m0[0m[1;36m
[gzserver-2] [0m[1;36m[Dbg] [wind_plugin.cpp:110] [0m[1;36mWindPlugin: received command -> speed=[0m[1;36m0[0m[1;36m dir=[0m[1;36m0[0m[1;36m
[gzserver-2] [0m[1;36m[Dbg] [wind_plugin.cpp:110] [0m[1;36mWindPlugin: received command -> speed=[0m[1;36m0[0m[1;36m dir=[0m[1;36m0[0m[1;36m
[gzserver-2] [0m[1;36m[Dbg] [wind_plugin.cpp:110] [0m[1;36mWindPlugin: received command -> speed=[0m[1;36m0[0m[1;36m dir=[0m[1;36m0[0m[1;36m
[gzserver-2] [0m[1;36m[Dbg] [wind_plugin.cpp:110] [0m[1;36mWindPlugin: received command -> speed=[0m[1;36m0[0m[1;36m dir=[0m[1;36m0[0m[1;36m
[gzserver-2] [0m[1;36m[Dbg] [wind_plugin.cpp:110] [0m[1;36mWindPlugin: received command -> speed=[0m[1;36m0[0m[1;36m dir=[0m[1;36m0[0m[1;36m
[gzserver-2] [0m[1;36m[Dbg] [wind_plugin.cpp:110] [0m[1;36mWindPlugin: received command -> speed=[0m[1;36m0[0m[1;36m dir=[0m[1;36m0[0m[1;36m
[gzserver-2] [0m[1;36m[Dbg] [wind_plugin.cpp:110] [0m[1;36mWindPlugin: received command -> speed=[0m[1;36m0[0m[1;36m dir=[0m[1;36m0[0m[1;36m
[gzserver-2] [0mEntering flying model!
[gzserver-2] [INFO] [1773170790.852722568] [gazebo_wind_plugin_node]: WindPlugin: set wind_speed=0.00 wind_direction=0.0
[gzserver-2] [INFO] [1773170791.092491038] [gazebo_wind_plugin_node]: WindPlugin: set wind_speed=1.84 wind_direction=-25.0
[gzserver-2] [INFO] [1773170791.332221472] [gazebo_wind_plugin_node]: WindPlugin: set wind_speed=1.83 wind_direction=-24.3
[gzserver-2] [INFO] [1773170791.566901905] [gazebo_wind_plugin_node]: WindPlugin: set wind_speed=1.83 wind_direction=-24.3
[gzserver-2] [INFO] [1773170791.800849570] [gazebo_wind_plugin_node]: WindPlugin: set wind_speed=1.83 wind_direction=-24.3
[gzserver-2] [INFO] [1773170792.040424280] [gazebo_wind_plugin_node]: WindPlugin: set wind_speed=1.83 wind_direction=-24.3
[gzserver-2] [INFO] [1773170792.271798134] [gazebo_wind_plugin_node]: WindPlugin: set wind_speed=1.87 wind_direction=-21.1
[gzserver-2] [INFO] [1773170792.511959145] [gazebo_wind_plugin_node]: WindPlugin: set wind_speed=1.87 wind_direction=-21.1
[gzserver-2] [INFO] [1773170792.752235429] [gazebo_wind_plugin_node]: WindPlugin: set wind_speed=1.87 wind_direction=-21.1
[gzserver-2] [INFO] [1773170792.991567517] [gazebo_wind_plugin_node]: WindPlugin: set wind_speed=1.87 wind_direction=-21.1
[gzserver-2] [INFO] [1773170793.231385196] [gazebo_wind_plugin_node]: WindPlugin: set wind_speed=1.81 wind_direction=-24.0
[gzserver-2] [INFO] [1773170793.470693301] [gazebo_wind_plugin_node]: WindPlugin: set wind_speed=1.81 wind_direction=-24.0
[gzserver-2] [INFO] [1773170793.710068712] [gazebo_wind_plugin_node]: WindPlugin: set wind_speed=1.81 wind_direction=-24.0
[gzserver-2] [INFO] [1773170793.949709095] [gazebo_wind_plugin_node]: WindPlugin: set wind_speed=1.81 wind_direction=-24.0
[gzserver-2] [INFO] [1773170794.184915961] [gazebo_wind_plugin_node]: WindPlugin: set wind_speed=1.81 wind_direction=-24.0
[gzserver-2] [INFO] [1773170794.425052651] [gazebo_wind_plugin_node]: WindPlugin: set wind_speed=1.92 wind_direction=-22.5
[gzserver-2] [INFO] [1773170794.663273641] [gazebo_wind_plugin_node]: WindPlugin: set wind_speed=1.92 wind_direction=-22.5
[gzserver-2] [INFO] [1773170794.906716921] [gazebo_wind_plugin_node]: WindPlugin: set wind_speed=1.92 wind_direction=-22.5
[gzserver-2] [INFO] [1773170794.939351180] [drone.simple_drone]: Quadrotor lands!!
[gzserver-2] [INFO] [1773170795.140772422] [gazebo_wind_plugin_node]: WindPlugin: set wind_speed=1.92 wind_direction=-22.5
[gzserver-2] [INFO] [1773170795.375207134] [gazebo_wind_plugin_node]: WindPlugin: set wind_speed=2.04 wind_direction=-19.3
[gzserver-2] [INFO] [1773170795.609185327] [gazebo_wind_plugin_node]: WindPlugin: set wind_speed=2.04 wind_direction=-19.3
[gzserver-2] [INFO] [1773170795.843683703] [gazebo_wind_plugin_node]: WindPlugin: set wind_speed=2.04 wind_direction=-19.3
[gzserver-2] [1;36m[Dbg] [wind_plugin.cpp:110] [0m[1;36mWindPlugin: received command -> speed=[0m[1;36m0[0m[1;36m dir=[0m[1;36m0[0m[1;36m
[gzserver-2] [0m[1;36m[Dbg] [wind_plugin.cpp:110] [0m[1;36mWindPlugin: received command -> speed=[0m[1;36m1.84249[0m[1;36m dir=[0m[1;36m-24.9817[0m[1;36m
[gzserver-2] [0m[1;36m[Dbg] [wind_plugin.cpp:110] [0m[1;36mWindPlugin: received command -> speed=[0m[1;36m1.83032[0m[1;36m dir=[0m[1;36m-24.3358[0m[1;36m
[gzserver-2] [0m[1;36m[Dbg] [wind_plugin.cpp:110] [0m[1;36mWindPlugin: received command -> speed=[0m[1;36m1.83032[0m[1;36m dir=[0m[1;36m-24.3358[0m[1;36m
[gzserver-2] [0m[1;36m[Dbg] [wind_plugin.cpp:110] [0m[1;36mWindPlugin: received command -> speed=[0m[1;36m1.83032[0m[1;36m dir=[0m[1;36m-24.3358[0m[1;36m
[gzserver-2] [0m[1;36m[Dbg] [wind_plugin.cpp:110] [0m[1;36mWindPlugin: received command -> speed=[0m[1;36m1.83032[0m[1;36m dir=[0m[1;36m-24.3358[0m[1;36m
[gzserver-2] [0m[1;36m[Dbg] [wind_plugin.cpp:110] [0m[1;36mWindPlugin: received command -> speed=[0m[1;36m1.86789[0m[1;36m dir=[0m[1;36m-21.0836[0m[1;36m
[gzserver-2] [0m[1;36m[Dbg] [wind_plugin.cpp:110] [0m[1;36mWindPlugin: received command -> speed=[0m[1;36m1.86789[0m[1;36m dir=[0m[1;36m-21.0836[0m[1;36m
[gzserver-2] [0m[1;36m[Dbg] [wind_plugin.cpp:110] [0m[1;36mWindPlugin: received command -> speed=[0m[1;36m1.86789[0m[1;36m dir=[0m[1;36m-21.0836[0m[1;36m
[gzserver-2] [0m[1;36m[Dbg] [wind_plugin.cpp:110] [0m[1;36mWindPlugin: received command -> speed=[0m[1;36m1.86789[0m[1;36m dir=[0m[1;36m-21.0836[0m[1;36m
[gzserver-2] [0m[1;36m[Dbg] [wind_plugin.cpp:110] [0m[1;36mWindPlugin: received command -> speed=[0m[1;36m1.80834[0m[1;36m dir=[0m[1;36m-24.0275[0m[1;36m
[gzserver-2] [0m[1;36m[Dbg] [wind_plugin.cpp:110] [0m[1;36mWindPlugin: received command -> speed=[0m[1;36m1.80834[0m[1;36m dir=[0m[1;36m-24.0275[0m[1;36m
[gzserver-2] [0m[1;36m[Dbg] [wind_plugin.cpp:110] [0m[1;36mWindPlugin: received command -> speed=[0m[1;36m1.80834[0m[1;36m dir=[0m[1;36m-24.0275[0m[1;36m
[gzserver-2] [0m[1;36m[Dbg] [wind_plugin.cpp:110] [0m[1;36mWindPlugin: received command -> speed=[0m[1;36m1.80834[0m[1;36m dir=[0m[1;36m-24.0275[0m[1;36m
[gzserver-2] [0m[1;36m[Dbg] [wind_plugin.cpp:110] [0m[1;36mWindPlugin: received command -> speed=[0m[1;36m1.80834[0m[1;36m dir=[0m[1;36m-24.0275[0m[1;36m
[gzserver-2] [0m[1;36m[Dbg] [wind_plugin.cpp:110] [0m[1;36mWindPlugin: received command -> speed=[0m[1;36m1.9181[0m[1;36m dir=[0m[1;36m-22.5395[0m[1;36m
[gzserver-2] [0m[1;36m[Dbg] [wind_plugin.cpp:110] [0m[1;36mWindPlugin: received command -> speed=[0m[1;36m1.9181[0m[1;36m dir=[0m[1;36m-22.5395[0m[1;36m
[gzserver-2] [0m[1;36m[Dbg] [wind_plugin.cpp:110] [0m[1;36mWindPlugin: received command -> speed=[0m[1;36m1.9181[0m[1;36m dir=[0m[1;36m-22.5395[0m[1;36m
[gzserver-2] [0m[1;36m[Dbg] [wind_plugin.cpp:110] [0m[1;36mWindPlugin: received command -> speed=[0m[1;36m1.9181[0m[1;36m dir=[0m[1;36m-22.5395[0m[1;36m
[gzserver-2] [0m[1;36m[Dbg] [wind_plugin.cpp:110] [0m[1;36mWindPlugin: received command -> speed=[0m[1;36m2.0383[0m[1;36m dir=[0m[1;36m-19.3053[0m[1;36m
[gzserver-2] [0m[1;36m[Dbg] [wind_plugin.cpp:110] [0m[1;36mWindPlugin: received command -> speed=[0m[1;36m2.0383[0m[1;36m dir=[0m[1;36m-19.3053[0m[1;36m
[gzserver-2] [0m[1;36m[Dbg] [wind_plugin.cpp:110] [0m[1;36mWindPlugin: received command -> speed=[0m[1;36m2.0383[0m[1;36m dir=[0m[1;36m-19.3053[0m[1;36m
[gzserver-2] [0mLanded!
[gzserver-2] [INFO] [1773170796.073655100] [gazebo_wind_plugin_node]: WindPlugin: set wind_speed=2.04 wind_direction=-19.3
[gzserver-2] [INFO] [1773170796.313694394] [gazebo_wind_plugin_node]: WindPlugin: set wind_speed=1.98 wind_direction=-23.8
[gzserver-2] [INFO] [1773170796.544753778] [gazebo_wind_plugin_node]: WindPlugin: set wind_speed=1.98 wind_direction=-23.8
[gzserver-2] [INFO] [1773170796.779228358] [gazebo_wind_plugin_node]: WindPlugin: set wind_speed=1.98 wind_direction=-23.8
[gzserver-2] [INFO] [1773170797.009267566] [gazebo_wind_plugin_node]: WindPlugin: set wind_speed=1.98 wind_direction=-23.8
[gzserver-2] [INFO] [1773170797.244514412] [gazebo_wind_plugin_node]: WindPlugin: set wind_speed=1.87 wind_direction=-20.4
[gzserver-2] [INFO] [1773170797.483566535] [gazebo_wind_plugin_node]: WindPlugin: set wind_speed=1.87 wind_direction=-20.4
[gzserver-2] [INFO] [1773170797.722854034] [gazebo_wind_plugin_node]: WindPlugin: set wind_speed=1.87 wind_direction=-20.4
