[INFO] [launch]: All log files can be found below /home/j/.ros/log/2026-03-11-03-52-59-960776-j-3916317
[INFO] [launch]: Default logging verbosity is set to INFO
[INFO] [launch.user]: [bringup] Apriltag config: camera=/drone/bottom, image=/drone/bottom/image_raw, tags=/drone/bottom/tags, bridge=/landing_tag_state, standalone=true, use_target_id=true, target_id=0
[INFO] [rviz2-1]: process started with pid [3916320]
[INFO] [gzserver-2]: process started with pid [3916322]
[INFO] [robot_state_publisher-3]: process started with pid [3916324]
[INFO] [joint_state_publisher-4]: process started with pid [3916326]
[INFO] [spawn_drone-5]: process started with pid [3916328]
[INFO] [static_transform_publisher-6]: process started with pid [3916330]
[INFO] [joy_node-7]: process started with pid [3916332]
[INFO] [teleop_joystick-8]: process started with pid [3916334]
[INFO] [apriltag_detector_node-9]: process started with pid [3916336]
[INFO] [apriltag_state_bridge-10]: process started with pid [3916338]
[static_transform_publisher-6] [WARN] [1773168780.434595855] []: Old-style arguments are deprecated; see --help for new-style arguments
[static_transform_publisher-6] [INFO] [1773168780.441360873] [static_transform_publisher_E9f8I4bALzXi4azt]: Spinning until stopped - publishing transform
[static_transform_publisher-6] translation: ('0.000000', '0.000000', '0.000000')
[static_transform_publisher-6] rotation: ('0.000000', '0.000000', '0.000000', '1.000000')
[static_transform_publisher-6] from 'world' to '/drone/odom'
[rviz2-1] 
[rviz2-1] (rviz2:3916320): dbind-WARNING **: 03:53:00.457: Couldn't connect to accessibility bus: Failed to connect to socket /root/.cache/at-spi/bus_0: 허가 거부
[robot_state_publisher-3] [INFO] [1773168780.466043384] [drone.robot_state_publisher]: got segment base_footprint
[robot_state_publisher-3] [INFO] [1773168780.466128716] [drone.robot_state_publisher]: got segment base_link
[robot_state_publisher-3] [INFO] [1773168780.466140482] [drone.robot_state_publisher]: got segment bottom_cam_link
[robot_state_publisher-3] [INFO] [1773168780.466148000] [drone.robot_state_publisher]: got segment front_cam_link
[robot_state_publisher-3] [INFO] [1773168780.466154774] [drone.robot_state_publisher]: got segment sonar_link
[apriltag_detector_node-9] [INFO] [1773168780.471138052] [apriltag_detector_node]: tag detector type: umich
[teleop_joystick-8] Traceback (most recent call last):
[teleop_joystick-8]   File "/home/j/INCSL/IICC26_ws/install/sjtu_drone_control/lib/sjtu_drone_control/teleop_joystick", line 33, in <module>
[teleop_joystick-8]     sys.exit(load_entry_point('sjtu_drone_control==0.0.0', 'console_scripts', 'teleop_joystick')())
[teleop_joystick-8]   File "/home/j/INCSL/IICC26_ws/install/sjtu_drone_control/lib/sjtu_drone_control/teleop_joystick", line 22, in importlib_load_entry_point
[teleop_joystick-8]     for entry_point in distribution(dist_name).entry_points
[teleop_joystick-8]   File "/usr/lib/python3.10/importlib/metadata/__init__.py", line 969, in distribution
[teleop_joystick-8]     return Distribution.from_name(distribution_name)
[teleop_joystick-8]   File "/usr/lib/python3.10/importlib/metadata/__init__.py", line 548, in from_name
[teleop_joystick-8]     raise PackageNotFoundError(name)
[teleop_joystick-8] importlib.metadata.PackageNotFoundError: No package metadata was found for sjtu_drone_control
[ERROR] [teleop_joystick-8]: process has died [pid 3916334, exit code 1, cmd '/home/j/INCSL/IICC26_ws/install/sjtu_drone_control/lib/sjtu_drone_control/teleop_joystick --ros-args -r __ns:=/drone'].
[gzserver-2] Gazebo multi-robot simulator, version 11.10.2
[gzserver-2] Copyright (C) 2012 Open Source Robotics Foundation.
[gzserver-2] Released under the Apache 2 License.
[gzserver-2] http://gazebosim.org
[gzserver-2] 
[apriltag_state_bridge-10] [INFO] [1773168780.675514360] [apriltag_state_bridge]: AprilTag bridge started: /drone/bottom/tags -> /landing_tag_state, use_target_id=True, target_id=0
[joint_state_publisher-4] [INFO] [1773168780.719155131] [drone.joint_state_publisher]: Waiting for robot_description to be published on the robot_description topic...
[gzserver-2] [1;33m[Wrn] [gazebo_ros_init.cpp:178] [0m[1;33m
[gzserver-2] #     # ####### ####### ###  #####  #######
[gzserver-2] ##    # #     #    #     #  #     # #
[gzserver-2] # #   # #     #    #     #  #       #
[gzserver-2] #  #  # #     #    #     #  #       #####
[gzserver-2] #   # # #     #    #     #  #       #
[gzserver-2] #    ## #     #    #     #  #     # #
[gzserver-2] #     # #######    #    ###  #####  #######
[gzserver-2] 
[gzserver-2] This version of Gazebo, now called Gazebo classic, reaches end-of-life
[gzserver-2] in January 2025. Users are highly encouraged to migrate to the new Gazebo
[gzserver-2] using our migration guides (https://gazebosim.org/docs/latest/gazebo_classic_migration?utm_source=gazebo_ros_pkgs&utm_medium=cli)
[gzserver-2] 
[gzserver-2] [0m[1;33m
[rviz2-1] [INFO] [1773168781.232304958] [rviz2]: Stereo is NOT SUPPORTED
[rviz2-1] [INFO] [1773168781.232390928] [rviz2]: OpenGl version: 4.6 (GLSL 4.6)
[rviz2-1] [INFO] [1773168781.312221420] [rviz2]: Stereo is NOT SUPPORTED
[rviz2-1] [INFO] [1773168781.400634861] [rviz2]: Stereo is NOT SUPPORTED
[spawn_drone-5] [INFO] [1773168781.815952855] [spawn_drone]: Result False Entity pushed to spawn queue, but spawn service timed outwaiting for entity to appear in simulation under the name [/drone]
[gzserver-2] [1;32m[Msg] [0m[1;32mWaiting for master.[0m[1;32m
[gzserver-2] [0m[1;32m[0m[1;32m[0m[1;32m[Msg] [0m[1;32mConnected to gazebo master @ [0m[1;32mhttp://127.0.0.1:11345[0m[1;32m
[gzserver-2] [0m[1;32m[0m[1;32m[0m[1;32m[Msg] [0m[1;32mPublicized address: [0m[1;32m192.168.0.11[0m[1;32m
[gzserver-2] [0m[1;32m[0m[1;32m[0m[1;32m[Msg] [0m[1;32mLoading world file [[0m[1;32m/home/j/INCSL/IICC26_ws/install/sjtu_drone_description/share/sjtu_drone_description/worlds/landingPad.world[0m[1;32m][0m[1;32m
[gzserver-2] [0m[1;32m[0m[1;32m[0m[1;36m[Dbg] [wind_plugin.cpp:96] [0m[1;36mWindPlugin loaded: speed=[0m[1;36m0[0m[1;36m dir=[0m[1;36m0[0m[1;36m deg area=[0m[1;36m0.1[0m[1;36m coeff=[0m[1;36m1[0m[1;36m
[gzserver-2] [0m[1;33m[0m[1;33m[0m[1;31m[Err] [Sensor.cc:510] [0m[1;31mGet noise index not valid[0m[1;31m
[gzserver-2] [0m[1;31m[0m[1;31m[0m[1;31m[Err] [Sensor.cc:510] [0m[1;31mGet noise index not valid[0m[1;31m
[gzserver-2] [0m[1;31m[0m[1;31m[0m[1;31m[Err] [Sensor.cc:510] [0m[1;31mGet noise index not valid[0m[1;31m
[gzserver-2] [0m[1;31m[0m[1;31m[0m[1;31m[Err] [Sensor.cc:510] [0m[1;31mGet noise index not valid[0m[1;31m
[gzserver-2] [0m[1;31m[0m[1;31m[0m[1;31m[Err] [Sensor.cc:510] [0m[1;31mGet noise index not valid[0m[1;31m
[gzserver-2] [0m[1;31m[0m[1;31m[0m[1;31m[Err] [Sensor.cc:510] [0m[1;31mGet noise index not valid[0m[1;31m
[gzserver-2] [0m[1;31m[0m[1;31m[0mTopic [default//drone/base_footprint/down_camera/image] is not valid.
[gzserver-2] [INFO] [1773168781.843627095] [drone.collision_plugin]: Publishing contact states to [/drone/bumper_states]
[gzserver-2] Topic [default//drone/base_footprint/front_camera/image] is not valid.
[gzserver-2] [1;33m[Wrn] [Event.cc:61] [0m[1;33mWarning: Deleting a connection right after creation. [0m[1;33mMake sure to save the ConnectionPtr from a Connect call
[INFO] [spawn_drone-5]: process has finished cleanly [pid 3916328]
[gzserver-2] [0m[INFO] [1773168782.429959629] [drone.camera_bottom]: Publishing camera info to [/drone/bottom/camera_info]
[gzserver-2] [INFO] [1773168782.432753126] [drone.camera_front]: Publishing camera info to [/drone/front/camera_info]
[gzserver-2] [INFO] [1773168782.561325438] [drone.simple_drone]: The drone plugin is loading!
[gzserver-2] [INFO] [1773168782.561537994] [drone.simple_drone]: pub_odom: 1
[gzserver-2] [INFO] [1773168782.561571627] [drone.simple_drone]: Using following parameters: 
[gzserver-2] 		link_name: base_footprint,
[gzserver-2] 		max_force: 30,
[gzserver-2] 		motion_small_noise: 0,
[gzserver-2] 		motion_drift_noise: 0,
[gzserver-2] 		motion_drift_noise_time: 50,
[gzserver-2] 		takeoff_hover_height: 2.09,
[gzserver-2] 		takeoff_vertical_speed: 0.2
[gzserver-2] [INFO] [1773168782.573316426] [drone.simple_drone]: Using the PID parameters: 
[gzserver-2] 	Roll Pitch:
[gzserver-2] 		kP: 10, kI: 0,kD: 5, Limit: 0.5, Time Constant: 0
[gzserver-2] 	Yaw:
[gzserver-2] 		kP: 2, kI: 0,kD: 1, Limit: 1.5, Time Constant: 0
[gzserver-2] 	Velocity X:
[gzserver-2] 		kP: 5, kI: 0,kD: 2.3, Limit: 2, Time Constant: 0
[gzserver-2] 	Velocity Y:
[gzserver-2] 		kP: 5, kI: 0,kD: 2.3, Limit: 2, Time Constant: 0
[gzserver-2] 	Velocity Z:
[gzserver-2] 		kP: 5, kI: 0,kD: 1, Limit: -1, Time Constant: 0
[gzserver-2] 	Position XY:
[gzserver-2] 		kP: 1.1, kI: 0,kD: 0, Limit: 5, Time Constant: 0
[gzserver-2] 	Position Z:
[gzserver-2] 		kP: 1, kI: 0,kD: 0.2, Limit: -1, Time Constant: 0
[gzserver-2] [INFO] [1773168782.573457386] [drone.simple_drone]: The drone plugin finished loading!
[gzserver-2] [INFO] [1773168789.783143426] [gazebo_wind_plugin_node]: WindPlugin: set wind_speed=0.00 wind_direction=0.0
[gzserver-2] [INFO] [1773168790.051242968] [gazebo_wind_plugin_node]: WindPlugin: set wind_speed=0.00 wind_direction=0.0
[gzserver-2] [INFO] [1773168790.089154017] [drone.simple_drone]: Quadrotor takes off!!
[gzserver-2] [INFO] [1773168790.290443300] [gazebo_wind_plugin_node]: WindPlugin: set wind_speed=0.00 wind_direction=0.0
[gzserver-2] [INFO] [1773168790.529669938] [gazebo_wind_plugin_node]: WindPlugin: set wind_speed=0.00 wind_direction=0.0
[gzserver-2] [INFO] [1773168790.769476655] [gazebo_wind_plugin_node]: WindPlugin: set wind_speed=0.00 wind_direction=0.0
[gzserver-2] [INFO] [1773168791.004842710] [gazebo_wind_plugin_node]: WindPlugin: set wind_speed=0.00 wind_direction=0.0
[gzserver-2] [INFO] [1773168791.243936354] [gazebo_wind_plugin_node]: WindPlugin: set wind_speed=0.00 wind_direction=0.0
[gzserver-2] [INFO] [1773168791.483544668] [gazebo_wind_plugin_node]: WindPlugin: set wind_speed=0.00 wind_direction=0.0
[gzserver-2] [INFO] [1773168791.722457925] [gazebo_wind_plugin_node]: WindPlugin: set wind_speed=0.00 wind_direction=0.0
[gzserver-2] [0m[1;36m[Dbg] [wind_plugin.cpp:110] [0m[1;36mWindPlugin: received command -> speed=[0m[1;36m0[0m[1;36m dir=[0m[1;36m0[0m[1;36m
[gzserver-2] [0m[1;36m[Dbg] [wind_plugin.cpp:110] [0m[1;36mWindPlugin: received command -> speed=[0m[1;36m0[0m[1;36m dir=[0m[1;36m0[0m[1;36m
[gzserver-2] [0m[1;36m[Dbg] [wind_plugin.cpp:110] [0m[1;36mWindPlugin: received command -> speed=[0m[1;36m0[0m[1;36m dir=[0m[1;36m0[0m[1;36m
[gzserver-2] [0m[1;36m[Dbg] [wind_plugin.cpp:110] [0m[1;36mWindPlugin: received command -> speed=[0m[1;36m0[0m[1;36m dir=[0m[1;36m0[0m[1;36m
[gzserver-2] [0m[1;36m[Dbg] [wind_plugin.cpp:110] [0m[1;36mWindPlugin: received command -> speed=[0m[1;36m0[0m[1;36m dir=[0m[1;36m0[0m[1;36m
[gzserver-2] [0m[1;36m[Dbg] [wind_plugin.cpp:110] [0m[1;36mWindPlugin: received command -> speed=[0m[1;36m0[0m[1;36m dir=[0m[1;36m0[0m[1;36m
[gzserver-2] [0m[1;36m[Dbg] [wind_plugin.cpp:110] [0m[1;36mWindPlugin: received command -> speed=[0m[1;36m0[0m[1;36m dir=[0m[1;36m0[0m[1;36m
[gzserver-2] [0m[1;36m[Dbg] [wind_plugin.cpp:110] [0m[1;36mWindPlugin: received command -> speed=[0m[1;36m0[0m[1;36m dir=[0m[1;36m0[0m[1;36m
[gzserver-2] [0m[1;36m[Dbg] [wind_plugin.cpp:110] [0m[1;36mWindPlugin: received command -> speed=[0m[1;36m0[0m[1;36m dir=[0m[1;36m0[0m[1;36m
[gzserver-2] [0mEntering flying model!
[gzserver-2] [INFO] [1773168791.956269317] [gazebo_wind_plugin_node]: WindPlugin: set wind_speed=0.00 wind_direction=0.0
[gzserver-2] [INFO] [1773168792.190817840] [gazebo_wind_plugin_node]: WindPlugin: set wind_speed=1.93 wind_direction=36.1
[gzserver-2] [INFO] [1773168792.425394203] [gazebo_wind_plugin_node]: WindPlugin: set wind_speed=2.05 wind_direction=36.4
[gzserver-2] [INFO] [1773168792.661461606] [gazebo_wind_plugin_node]: WindPlugin: set wind_speed=2.05 wind_direction=36.4
[gzserver-2] [INFO] [1773168792.895877703] [gazebo_wind_plugin_node]: WindPlugin: set wind_speed=2.05 wind_direction=36.4
[gzserver-2] [INFO] [1773168793.125486806] [gazebo_wind_plugin_node]: WindPlugin: set wind_speed=2.05 wind_direction=36.4
[gzserver-2] [INFO] [1773168793.359675785] [gazebo_wind_plugin_node]: WindPlugin: set wind_speed=2.03 wind_direction=39.4
[gzserver-2] [INFO] [1773168793.595125238] [gazebo_wind_plugin_node]: WindPlugin: set wind_speed=2.03 wind_direction=39.4
[gzserver-2] [INFO] [1773168793.829070222] [gazebo_wind_plugin_node]: WindPlugin: set wind_speed=2.03 wind_direction=39.4
[gzserver-2] [INFO] [1773168794.068359205] [gazebo_wind_plugin_node]: WindPlugin: set wind_speed=2.03 wind_direction=39.4
[gzserver-2] [INFO] [1773168794.308103057] [gazebo_wind_plugin_node]: WindPlugin: set wind_speed=1.91 wind_direction=38.2
[gzserver-2] [INFO] [1773168794.547906354] [gazebo_wind_plugin_node]: WindPlugin: set wind_speed=1.91 wind_direction=38.2
[gzserver-2] [INFO] [1773168794.787681897] [gazebo_wind_plugin_node]: WindPlugin: set wind_speed=1.91 wind_direction=38.2
[gzserver-2] [INFO] [1773168795.027351195] [gazebo_wind_plugin_node]: WindPlugin: set wind_speed=1.91 wind_direction=38.2
[gzserver-2] [INFO] [1773168795.261579807] [gazebo_wind_plugin_node]: WindPlugin: set wind_speed=1.91 wind_direction=38.2
[gzserver-2] [INFO] [1773168795.299270991] [drone.simple_drone]: Quadrotor lands!!
[gzserver-2] [INFO] [1773168795.500627898] [gazebo_wind_plugin_node]: WindPlugin: set wind_speed=1.82 wind_direction=36.9
[gzserver-2] [INFO] [1773168795.744014305] [gazebo_wind_plugin_node]: WindPlugin: set wind_speed=1.82 wind_direction=36.9
[gzserver-2] [INFO] [1773168795.980050302] [gazebo_wind_plugin_node]: WindPlugin: set wind_speed=1.82 wind_direction=36.9
[gzserver-2] [INFO] [1773168796.222353762] [gazebo_wind_plugin_node]: WindPlugin: set wind_speed=1.82 wind_direction=36.9
[gzserver-2] [1;36m[Dbg] [wind_plugin.cpp:110] [0m[1;36mWindPlugin: received command -> speed=[0m[1;36m0[0m[1;36m dir=[0m[1;36m0[0m[1;36m
[gzserver-2] [0m[1;36m[Dbg] [wind_plugin.cpp:110] [0m[1;36mWindPlugin: received command -> speed=[0m[1;36m1.93481[0m[1;36m dir=[0m[1;36m36.0593[0m[1;36m
[gzserver-2] [0m[1;36m[Dbg] [wind_plugin.cpp:110] [0m[1;36mWindPlugin: received command -> speed=[0m[1;36m2.04998[0m[1;36m dir=[0m[1;36m36.3685[0m[1;36m
[gzserver-2] [0m[1;36m[Dbg] [wind_plugin.cpp:110] [0m[1;36mWindPlugin: received command -> speed=[0m[1;36m2.04998[0m[1;36m dir=[0m[1;36m36.3685[0m[1;36m
[gzserver-2] [0m[1;36m[Dbg] [wind_plugin.cpp:110] [0m[1;36mWindPlugin: received command -> speed=[0m[1;36m2.04998[0m[1;36m dir=[0m[1;36m36.3685[0m[1;36m
[gzserver-2] [0m[1;36m[Dbg] [wind_plugin.cpp:110] [0m[1;36mWindPlugin: received command -> speed=[0m[1;36m2.04998[0m[1;36m dir=[0m[1;36m36.3685[0m[1;36m
[gzserver-2] [0m[1;36m[Dbg] [wind_plugin.cpp:110] [0m[1;36mWindPlugin: received command -> speed=[0m[1;36m2.02577[0m[1;36m dir=[0m[1;36m39.3924[0m[1;36m
[gzserver-2] [0m[1;36m[Dbg] [wind_plugin.cpp:110] [0m[1;36mWindPlugin: received command -> speed=[0m[1;36m2.02577[0m[1;36m dir=[0m[1;36m39.3924[0m[1;36m
[gzserver-2] [0m[1;36m[Dbg] [wind_plugin.cpp:110] [0m[1;36mWindPlugin: received command -> speed=[0m[1;36m2.02577[0m[1;36m dir=[0m[1;36m39.3924[0m[1;36m
[gzserver-2] [0m[1;36m[Dbg] [wind_plugin.cpp:110] [0m[1;36mWindPlugin: received command -> speed=[0m[1;36m2.02577[0m[1;36m dir=[0m[1;36m39.3924[0m[1;36m
[gzserver-2] [0m[1;36m[Dbg] [wind_plugin.cpp:110] [0m[1;36mWindPlugin: received command -> speed=[0m[1;36m1.90665[0m[1;36m dir=[0m[1;36m38.2403[0m[1;36m
[gzserver-2] [0m[1;36m[Dbg] [wind_plugin.cpp:110] [0m[1;36mWindPlugin: received command -> speed=[0m[1;36m1.90665[0m[1;36m dir=[0m[1;36m38.2403[0m[1;36m
[gzserver-2] [0m[1;36m[Dbg] [wind_plugin.cpp:110] [0m[1;36mWindPlugin: received command -> speed=[0m[1;36m1.90665[0m[1;36m dir=[0m[1;36m38.2403[0m[1;36m
[gzserver-2] [0m[1;36m[Dbg] [wind_plugin.cpp:110] [0m[1;36mWindPlugin: received command -> speed=[0m[1;36m1.90665[0m[1;36m dir=[0m[1;36m38.2403[0m[1;36m
[gzserver-2] [0m[1;36m[Dbg] [wind_plugin.cpp:110] [0m[1;36mWindPlugin: received command -> speed=[0m[1;36m1.90665[0m[1;36m dir=[0m[1;36m38.2403[0m[1;36m
[gzserver-2] [0m[1;36m[Dbg] [wind_plugin.cpp:110] [0m[1;36mWindPlugin: received command -> speed=[0m[1;36m1.82006[0m[1;36m dir=[0m[1;36m36.8641[0m[1;36m
[gzserver-2] [0m[1;36m[Dbg] [wind_plugin.cpp:110] [0m[1;36mWindPlugin: received command -> speed=[0m[1;36m1.82006[0m[1;36m dir=[0m[1;36m36.8641[0m[1;36m
[gzserver-2] [0m[1;36m[Dbg] [wind_plugin.cpp:110] [0m[1;36mWindPlugin: received command -> speed=[0m[1;36m1.82006[0m[1;36m dir=[0m[1;36m36.8641[0m[1;36m
[gzserver-2] [0m[1;36m[Dbg] [wind_plugin.cpp:110] [0m[1;36mWindPlugin: received command -> speed=[0m[1;36m1.82006[0m[1;36m dir=[0m[1;36m36.8641[0m[1;36m
[gzserver-2] [0mLanded!
[gzserver-2] [INFO] [1773168796.461689259] [gazebo_wind_plugin_node]: WindPlugin: set wind_speed=1.88 wind_direction=36.4
[gzserver-2] [INFO] [1773168796.701045373] [gazebo_wind_plugin_node]: WindPlugin: set wind_speed=1.88 wind_direction=36.4
[gzserver-2] [INFO] [1773168796.941078942] [gazebo_wind_plugin_node]: WindPlugin: set wind_speed=1.88 wind_direction=36.4
[gzserver-2] [INFO] [1773168797.178321038] [gazebo_wind_plugin_node]: WindPlugin: set wind_speed=1.88 wind_direction=36.4
[gzserver-2] [INFO] [1773168797.418245827] [gazebo_wind_plugin_node]: WindPlugin: set wind_speed=2.14 wind_direction=39.7
[gzserver-2] [INFO] [1773168797.647070242] [gazebo_wind_plugin_node]: WindPlugin: set wind_speed=2.14 wind_direction=39.7
[gzserver-2] [INFO] [1773168797.881534508] [gazebo_wind_plugin_node]: WindPlugin: set wind_speed=2.14 wind_direction=39.7
[gzserver-2] [INFO] [1773168798.122225782] [gazebo_wind_plugin_node]: WindPlugin: set wind_speed=2.14 wind_direction=39.7
