[INFO] [launch]: All log files can be found below /home/j/.ros/log/2026-03-10-01-23-12-973425-j-916136
[INFO] [launch]: Default logging verbosity is set to INFO
[INFO] [launch.user]: [bringup] Apriltag config: camera=/drone/bottom, image=/drone/bottom/image_raw, tags=/drone/bottom/tags, bridge=/landing_tag_state, standalone=true, use_target_id=true, target_id=0
[INFO] [rviz2-1]: process started with pid [916138]
[INFO] [gzserver-2]: process started with pid [916140]
[INFO] [robot_state_publisher-3]: process started with pid [916142]
[INFO] [joint_state_publisher-4]: process started with pid [916144]
[INFO] [spawn_drone-5]: process started with pid [916146]
[INFO] [static_transform_publisher-6]: process started with pid [916148]
[INFO] [joy_node-7]: process started with pid [916150]
[INFO] [teleop_joystick-8]: process started with pid [916152]
[INFO] [apriltag_detector_node-9]: process started with pid [916154]
[INFO] [apriltag_state_bridge-10]: process started with pid [916156]
[static_transform_publisher-6] [WARN] [1773073393.457443806] []: Old-style arguments are deprecated; see --help for new-style arguments
[static_transform_publisher-6] [INFO] [1773073393.463164186] [static_transform_publisher_L4OM3sgQkz7IDME1]: Spinning until stopped - publishing transform
[static_transform_publisher-6] translation: ('0.000000', '0.000000', '0.000000')
[static_transform_publisher-6] rotation: ('0.000000', '0.000000', '0.000000', '1.000000')
[static_transform_publisher-6] from 'world' to '/drone/odom'
[robot_state_publisher-3] [INFO] [1773073393.483984184] [drone.robot_state_publisher]: got segment base_footprint
[robot_state_publisher-3] [INFO] [1773073393.484059997] [drone.robot_state_publisher]: got segment base_link
[robot_state_publisher-3] [INFO] [1773073393.484067118] [drone.robot_state_publisher]: got segment bottom_cam_link
[robot_state_publisher-3] [INFO] [1773073393.484071215] [drone.robot_state_publisher]: got segment front_cam_link
[robot_state_publisher-3] [INFO] [1773073393.484074864] [drone.robot_state_publisher]: got segment sonar_link
[rviz2-1] 
[rviz2-1] (rviz2:916138): dbind-WARNING **: 01:23:13.500: Couldn't connect to accessibility bus: Failed to connect to socket /root/.cache/at-spi/bus_0: 허가 거부
[apriltag_detector_node-9] [INFO] [1773073393.504234894] [apriltag_detector_node]: tag detector type: umich
[teleop_joystick-8] Traceback (most recent call last):
[teleop_joystick-8]   File "/home/j/INCSL/IICC26_ws/install/sjtu_drone_control/lib/sjtu_drone_control/teleop_joystick", line 33, in <module>
[teleop_joystick-8]     sys.exit(load_entry_point('sjtu_drone_control==0.0.0', 'console_scripts', 'teleop_joystick')())
[teleop_joystick-8]   File "/home/j/INCSL/IICC26_ws/install/sjtu_drone_control/lib/sjtu_drone_control/teleop_joystick", line 22, in importlib_load_entry_point
[teleop_joystick-8]     for entry_point in distribution(dist_name).entry_points
[teleop_joystick-8]   File "/usr/lib/python3.10/importlib/metadata/__init__.py", line 969, in distribution
[teleop_joystick-8]     return Distribution.from_name(distribution_name)
[teleop_joystick-8]   File "/usr/lib/python3.10/importlib/metadata/__init__.py", line 548, in from_name
[teleop_joystick-8]     raise PackageNotFoundError(name)
[teleop_joystick-8] importlib.metadata.PackageNotFoundError: No package metadata was found for sjtu_drone_control
[ERROR] [teleop_joystick-8]: process has died [pid 916152, exit code 1, cmd '/home/j/INCSL/IICC26_ws/install/sjtu_drone_control/lib/sjtu_drone_control/teleop_joystick --ros-args -r __ns:=/drone'].
[gzserver-2] Gazebo multi-robot simulator, version 11.10.2
[gzserver-2] Copyright (C) 2012 Open Source Robotics Foundation.
[gzserver-2] Released under the Apache 2 License.
[gzserver-2] http://gazebosim.org
[gzserver-2] 
[apriltag_state_bridge-10] [INFO] [1773073393.726379205] [apriltag_state_bridge]: AprilTag bridge started: /drone/bottom/tags -> /landing_tag_state, use_target_id=True, target_id=0
[joint_state_publisher-4] [INFO] [1773073393.791450908] [drone.joint_state_publisher]: Waiting for robot_description to be published on the robot_description topic...
[gzserver-2] [1;33m[Wrn] [gazebo_ros_init.cpp:178] [0m[1;33m
[gzserver-2] #     # ####### ####### ###  #####  #######
[gzserver-2] ##    # #     #    #     #  #     # #
[gzserver-2] # #   # #     #    #     #  #       #
[gzserver-2] #  #  # #     #    #     #  #       #####
[gzserver-2] #   # # #     #    #     #  #       #
[gzserver-2] #    ## #     #    #     #  #     # #
[gzserver-2] #     # #######    #    ###  #####  #######
[gzserver-2] 
[gzserver-2] This version of Gazebo, now called Gazebo classic, reaches end-of-life
[gzserver-2] in January 2025. Users are highly encouraged to migrate to the new Gazebo
[gzserver-2] using our migration guides (https://gazebosim.org/docs/latest/gazebo_classic_migration?utm_source=gazebo_ros_pkgs&utm_medium=cli)
[gzserver-2] 
[gzserver-2] [0m[1;33m
[rviz2-1] [INFO] [1773073394.358540392] [rviz2]: Stereo is NOT SUPPORTED
[rviz2-1] [INFO] [1773073394.358640393] [rviz2]: OpenGl version: 4.6 (GLSL 4.6)
[rviz2-1] [INFO] [1773073394.481179851] [rviz2]: Stereo is NOT SUPPORTED
[rviz2-1] [INFO] [1773073394.553358999] [rviz2]: Stereo is NOT SUPPORTED
[spawn_drone-5] [INFO] [1773073394.949006687] [spawn_drone]: Result False Entity pushed to spawn queue, but spawn service timed outwaiting for entity to appear in simulation under the name [/drone]
[gzserver-2] [1;32m[Msg] [0m[1;32mWaiting for master.[0m[1;32m
[gzserver-2] [0m[1;32m[0m[1;32m[0m[1;32m[Msg] [0m[1;32mConnected to gazebo master @ [0m[1;32mhttp://127.0.0.1:11345[0m[1;32m
[gzserver-2] [0m[1;32m[0m[1;32m[0m[1;32m[Msg] [0m[1;32mPublicized address: [0m[1;32m192.168.0.11[0m[1;32m
[gzserver-2] [0m[1;32m[0m[1;32m[0m[1;32m[Msg] [0m[1;32mLoading world file [[0m[1;32m/home/j/INCSL/IICC26_ws/install/sjtu_drone_description/share/sjtu_drone_description/worlds/landingPad.world[0m[1;32m][0m[1;32m
[gzserver-2] [0m[1;32m[0m[1;32m[0m[1;36m[Dbg] [wind_plugin.cpp:96] [0m[1;36mWindPlugin loaded: speed=[0m[1;36m0[0m[1;36m dir=[0m[1;36m0[0m[1;36m deg area=[0m[1;36m0.1[0m[1;36m coeff=[0m[1;36m1[0m[1;36m
[gzserver-2] [0m[1;33m[0m[1;33m[0m[1;31m[Err] [Sensor.cc:510] [0m[1;31mGet noise index not valid[0m[1;31m
[gzserver-2] [0m[1;31m[0m[1;31m[0m[1;31m[Err] [Sensor.cc:510] [0m[1;31mGet noise index not valid[0m[1;31m
[gzserver-2] [0m[1;31m[0m[1;31m[0m[1;31m[Err] [Sensor.cc:510] [0m[1;31mGet noise index not valid[0m[1;31m
[gzserver-2] [0m[1;31m[0m[1;31m[0m[1;31m[Err] [Sensor.cc:510] [0m[1;31mGet noise index not valid[0m[1;31m
[gzserver-2] [0m[1;31m[0m[1;31m[0m[1;31m[Err] [Sensor.cc:510] [0m[1;31mGet noise index not valid[0m[1;31m
[gzserver-2] [0m[1;31m[0m[1;31m[0m[1;31m[Err] [Sensor.cc:510] [0m[1;31mGet noise index not valid[0m[1;31m
[gzserver-2] [0m[1;31m[0m[1;31m[0mTopic [default//drone/base_footprint/down_camera/image] is not valid.
[gzserver-2] Topic [default//drone/base_footprint/front_camera/image] is not valid.
[gzserver-2] [INFO] [1773073394.971417004] [drone.collision_plugin]: Publishing contact states to [/drone/bumper_states]
[gzserver-2] [1;33m[Wrn] [Event.cc:61] [0m[1;33mWarning: Deleting a connection right after creation. [0m[1;33mMake sure to save the ConnectionPtr from a Connect call
[INFO] [spawn_drone-5]: process has finished cleanly [pid 916146]
[gzserver-2] [0m[INFO] [1773073395.564511764] [drone.camera_bottom]: Publishing camera info to [/drone/bottom/camera_info]
[gzserver-2] [INFO] [1773073395.569514033] [drone.camera_front]: Publishing camera info to [/drone/front/camera_info]
[gzserver-2] [INFO] [1773073395.690888478] [drone.simple_drone]: The drone plugin is loading!
[gzserver-2] [INFO] [1773073395.691098965] [drone.simple_drone]: pub_odom: 1
[gzserver-2] [INFO] [1773073395.691134923] [drone.simple_drone]: Using following parameters: 
[gzserver-2] 		link_name: base_footprint,
[gzserver-2] 		max_force: 30,
[gzserver-2] 		motion_small_noise: 0,
[gzserver-2] 		motion_drift_noise: 0,
[gzserver-2] 		motion_drift_noise_time: 50,
[gzserver-2] 		takeoff_hover_height: 2.16,
[gzserver-2] 		takeoff_vertical_speed: 0.2
[gzserver-2] [INFO] [1773073395.702697012] [drone.simple_drone]: Using the PID parameters: 
[gzserver-2] 	Roll Pitch:
[gzserver-2] 		kP: 10, kI: 0,kD: 5, Limit: 0.5, Time Constant: 0
[gzserver-2] 	Yaw:
[gzserver-2] 		kP: 2, kI: 0,kD: 1, Limit: 1.5, Time Constant: 0
[gzserver-2] 	Velocity X:
[gzserver-2] 		kP: 5, kI: 0,kD: 2.3, Limit: 2, Time Constant: 0
[gzserver-2] 	Velocity Y:
[gzserver-2] 		kP: 5, kI: 0,kD: 2.3, Limit: 2, Time Constant: 0
[gzserver-2] 	Velocity Z:
[gzserver-2] 		kP: 5, kI: 0,kD: 1, Limit: -1, Time Constant: 0
[gzserver-2] 	Position XY:
[gzserver-2] 		kP: 1.1, kI: 0,kD: 0, Limit: 5, Time Constant: 0
[gzserver-2] 	Position Z:
[gzserver-2] 		kP: 1, kI: 0,kD: 0.2, Limit: -1, Time Constant: 0
[gzserver-2] [INFO] [1773073395.702835324] [drone.simple_drone]: The drone plugin finished loading!
[gzserver-2] [INFO] [1773073402.811566870] [gazebo_wind_plugin_node]: WindPlugin: set wind_speed=0.00 wind_direction=0.0
[gzserver-2] [INFO] [1773073403.081537327] [gazebo_wind_plugin_node]: WindPlugin: set wind_speed=0.00 wind_direction=0.0
[gzserver-2] [INFO] [1773073403.114504308] [drone.simple_drone]: Quadrotor takes off!!
[gzserver-2] [INFO] [1773073403.315606677] [gazebo_wind_plugin_node]: WindPlugin: set wind_speed=0.00 wind_direction=0.0
[gzserver-2] [INFO] [1773073403.548621979] [gazebo_wind_plugin_node]: WindPlugin: set wind_speed=0.00 wind_direction=0.0
[gzserver-2] [INFO] [1773073403.788321517] [gazebo_wind_plugin_node]: WindPlugin: set wind_speed=0.00 wind_direction=0.0
[gzserver-2] [INFO] [1773073404.028213828] [gazebo_wind_plugin_node]: WindPlugin: set wind_speed=0.00 wind_direction=0.0
[gzserver-2] [INFO] [1773073404.267417004] [gazebo_wind_plugin_node]: WindPlugin: set wind_speed=0.00 wind_direction=0.0
[gzserver-2] [INFO] [1773073404.506441952] [gazebo_wind_plugin_node]: WindPlugin: set wind_speed=0.00 wind_direction=0.0
[gzserver-2] [INFO] [1773073404.740836951] [gazebo_wind_plugin_node]: WindPlugin: set wind_speed=0.00 wind_direction=0.0
[gzserver-2] [0m[1;36m[Dbg] [wind_plugin.cpp:110] [0m[1;36mWindPlugin: received command -> speed=[0m[1;36m0[0m[1;36m dir=[0m[1;36m0[0m[1;36m
[gzserver-2] [0m[1;36m[Dbg] [wind_plugin.cpp:110] [0m[1;36mWindPlugin: received command -> speed=[0m[1;36m0[0m[1;36m dir=[0m[1;36m0[0m[1;36m
[gzserver-2] [0m[1;36m[Dbg] [wind_plugin.cpp:110] [0m[1;36mWindPlugin: received command -> speed=[0m[1;36m0[0m[1;36m dir=[0m[1;36m0[0m[1;36m
[gzserver-2] [0m[1;36m[Dbg] [wind_plugin.cpp:110] [0m[1;36mWindPlugin: received command -> speed=[0m[1;36m0[0m[1;36m dir=[0m[1;36m0[0m[1;36m
[gzserver-2] [0m[1;36m[Dbg] [wind_plugin.cpp:110] [0m[1;36mWindPlugin: received command -> speed=[0m[1;36m0[0m[1;36m dir=[0m[1;36m0[0m[1;36m
[gzserver-2] [0m[1;36m[Dbg] [wind_plugin.cpp:110] [0m[1;36mWindPlugin: received command -> speed=[0m[1;36m0[0m[1;36m dir=[0m[1;36m0[0m[1;36m
[gzserver-2] [0m[1;36m[Dbg] [wind_plugin.cpp:110] [0m[1;36mWindPlugin: received command -> speed=[0m[1;36m0[0m[1;36m dir=[0m[1;36m0[0m[1;36m
[gzserver-2] [0m[1;36m[Dbg] [wind_plugin.cpp:110] [0m[1;36mWindPlugin: received command -> speed=[0m[1;36m0[0m[1;36m dir=[0m[1;36m0[0m[1;36m
[gzserver-2] [0m[1;36m[Dbg] [wind_plugin.cpp:110] [0m[1;36mWindPlugin: received command -> speed=[0m[1;36m0[0m[1;36m dir=[0m[1;36m0[0m[1;36m
[gzserver-2] [0mEntering flying model!
[gzserver-2] [INFO] [1773073404.974877128] [gazebo_wind_plugin_node]: WindPlugin: set wind_speed=0.00 wind_direction=0.0
[gzserver-2] [INFO] [1773073405.211778449] [gazebo_wind_plugin_node]: WindPlugin: set wind_speed=1.45 wind_direction=-105.2
[gzserver-2] [INFO] [1773073405.448664755] [gazebo_wind_plugin_node]: WindPlugin: set wind_speed=1.09 wind_direction=-109.5
[gzserver-2] [INFO] [1773073405.688137812] [gazebo_wind_plugin_node]: WindPlugin: set wind_speed=1.09 wind_direction=-109.5
[gzserver-2] [INFO] [1773073405.922408329] [gazebo_wind_plugin_node]: WindPlugin: set wind_speed=1.09 wind_direction=-109.5
[gzserver-2] [INFO] [1773073406.155315312] [gazebo_wind_plugin_node]: WindPlugin: set wind_speed=1.09 wind_direction=-109.5
[gzserver-2] [INFO] [1773073406.391003709] [gazebo_wind_plugin_node]: WindPlugin: set wind_speed=1.28 wind_direction=-106.5
[gzserver-2] [INFO] [1773073406.627373197] [gazebo_wind_plugin_node]: WindPlugin: set wind_speed=1.28 wind_direction=-106.5
[gzserver-2] [INFO] [1773073406.861079091] [gazebo_wind_plugin_node]: WindPlugin: set wind_speed=1.28 wind_direction=-106.5
[gzserver-2] [INFO] [1773073407.101554236] [gazebo_wind_plugin_node]: WindPlugin: set wind_speed=1.28 wind_direction=-106.5
[gzserver-2] [INFO] [1773073407.341289400] [gazebo_wind_plugin_node]: WindPlugin: set wind_speed=1.03 wind_direction=-108.3
[gzserver-2] [INFO] [1773073407.580597144] [gazebo_wind_plugin_node]: WindPlugin: set wind_speed=1.03 wind_direction=-108.3
[gzserver-2] [INFO] [1773073407.820327295] [gazebo_wind_plugin_node]: WindPlugin: set wind_speed=1.03 wind_direction=-108.3
[gzserver-2] [INFO] [1773073408.059408369] [gazebo_wind_plugin_node]: WindPlugin: set wind_speed=1.03 wind_direction=-108.3
[gzserver-2] [INFO] [1773073408.292988716] [gazebo_wind_plugin_node]: WindPlugin: set wind_speed=1.03 wind_direction=-108.3
[gzserver-2] [INFO] [1773073408.531974868] [gazebo_wind_plugin_node]: WindPlugin: set wind_speed=1.27 wind_direction=-105.0
[gzserver-2] [INFO] [1773073408.772470035] [gazebo_wind_plugin_node]: WindPlugin: set wind_speed=1.27 wind_direction=-105.0
[gzserver-2] [INFO] [1773073409.007246637] [gazebo_wind_plugin_node]: WindPlugin: set wind_speed=1.27 wind_direction=-105.0
[gzserver-2] [INFO] [1773073409.241325245] [gazebo_wind_plugin_node]: WindPlugin: set wind_speed=1.27 wind_direction=-105.0
[gzserver-2] [INFO] [1773073409.475488686] [gazebo_wind_plugin_node]: WindPlugin: set wind_speed=1.15 wind_direction=-105.2
[gzserver-2] [INFO] [1773073409.714612966] [gazebo_wind_plugin_node]: WindPlugin: set wind_speed=1.15 wind_direction=-105.2
[gzserver-2] [INFO] [1773073409.953913381] [gazebo_wind_plugin_node]: WindPlugin: set wind_speed=1.15 wind_direction=-105.2
[gzserver-2] [INFO] [1773073410.193308057] [gazebo_wind_plugin_node]: WindPlugin: set wind_speed=1.15 wind_direction=-105.2
[gzserver-2] [INFO] [1773073410.230878606] [drone.simple_drone]: Quadrotor lands!!
[gzserver-2] [INFO] [1773073410.432352792] [gazebo_wind_plugin_node]: WindPlugin: set wind_speed=1.12 wind_direction=-106.0
[gzserver-2] [INFO] [1773073410.671353807] [gazebo_wind_plugin_node]: WindPlugin: set wind_speed=1.12 wind_direction=-106.0
[gzserver-2] [INFO] [1773073410.910781424] [gazebo_wind_plugin_node]: WindPlugin: set wind_speed=1.12 wind_direction=-106.0
[gzserver-2] [INFO] [1773073411.144716492] [gazebo_wind_plugin_node]: WindPlugin: set wind_speed=1.12 wind_direction=-106.0
[gzserver-2] [1;36m[Dbg] [wind_plugin.cpp:110] [0m[1;36mWindPlugin: received command -> speed=[0m[1;36m0[0m[1;36m dir=[0m[1;36m0[0m[1;36m
[gzserver-2] [0m[1;36m[Dbg] [wind_plugin.cpp:110] [0m[1;36mWindPlugin: received command -> speed=[0m[1;36m1.45136[0m[1;36m dir=[0m[1;36m-105.179[0m[1;36m
[gzserver-2] [0m[1;36m[Dbg] [wind_plugin.cpp:110] [0m[1;36mWindPlugin: received command -> speed=[0m[1;36m1.09103[0m[1;36m dir=[0m[1;36m-109.51[0m[1;36m
[gzserver-2] [0m[1;36m[Dbg] [wind_plugin.cpp:110] [0m[1;36mWindPlugin: received command -> speed=[0m[1;36m1.09103[0m[1;36m dir=[0m[1;36m-109.51[0m[1;36m
[gzserver-2] [0m[1;36m[Dbg] [wind_plugin.cpp:110] [0m[1;36mWindPlugin: received command -> speed=[0m[1;36m1.09103[0m[1;36m dir=[0m[1;36m-109.51[0m[1;36m
[gzserver-2] [0m[1;36m[Dbg] [wind_plugin.cpp:110] [0m[1;36mWindPlugin: received command -> speed=[0m[1;36m1.09103[0m[1;36m dir=[0m[1;36m-109.51[0m[1;36m
[gzserver-2] [0m[1;36m[Dbg] [wind_plugin.cpp:110] [0m[1;36mWindPlugin: received command -> speed=[0m[1;36m1.28407[0m[1;36m dir=[0m[1;36m-106.505[0m[1;36m
[gzserver-2] [0m[1;36m[Dbg] [wind_plugin.cpp:110] [0m[1;36mWindPlugin: received command -> speed=[0m[1;36m1.28407[0m[1;36m dir=[0m[1;36m-106.505[0m[1;36m
[gzserver-2] [0m[1;36m[Dbg] [wind_plugin.cpp:110] [0m[1;36mWindPlugin: received command -> speed=[0m[1;36m1.28407[0m[1;36m dir=[0m[1;36m-106.505[0m[1;36m
[gzserver-2] [0m[1;36m[Dbg] [wind_plugin.cpp:110] [0m[1;36mWindPlugin: received command -> speed=[0m[1;36m1.28407[0m[1;36m dir=[0m[1;36m-106.505[0m[1;36m
[gzserver-2] [0m[1;36m[Dbg] [wind_plugin.cpp:110] [0m[1;36mWindPlugin: received command -> speed=[0m[1;36m1.02879[0m[1;36m dir=[0m[1;36m-108.288[0m[1;36m
[gzserver-2] [0m[1;36m[Dbg] [wind_plugin.cpp:110] [0m[1;36mWindPlugin: received command -> speed=[0m[1;36m1.02879[0m[1;36m dir=[0m[1;36m-108.288[0m[1;36m
[gzserver-2] [0m[1;36m[Dbg] [wind_plugin.cpp:110] [0m[1;36mWindPlugin: received command -> speed=[0m[1;36m1.02879[0m[1;36m dir=[0m[1;36m-108.288[0m[1;36m
[gzserver-2] [0m[1;36m[Dbg] [wind_plugin.cpp:110] [0m[1;36mWindPlugin: received command -> speed=[0m[1;36m1.02879[0m[1;36m dir=[0m[1;36m-108.288[0m[1;36m
[gzserver-2] [0m[1;36m[Dbg] [wind_plugin.cpp:110] [0m[1;36mWindPlugin: received command -> speed=[0m[1;36m1.02879[0m[1;36m dir=[0m[1;36m-108.288[0m[1;36m
[gzserver-2] [0m[1;36m[Dbg] [wind_plugin.cpp:110] [0m[1;36mWindPlugin: received command -> speed=[0m[1;36m1.26973[0m[1;36m dir=[0m[1;36m-105.021[0m[1;36m
[gzserver-2] [0m[1;36m[Dbg] [wind_plugin.cpp:110] [0m[1;36mWindPlugin: received command -> speed=[0m[1;36m1.26973[0m[1;36m dir=[0m[1;36m-105.021[0m[1;36m
[gzserver-2] [0m[1;36m[Dbg] [wind_plugin.cpp:110] [0m[1;36mWindPlugin: received command -> speed=[0m[1;36m1.26973[0m[1;36m dir=[0m[1;36m-105.021[0m[1;36m
[gzserver-2] [0m[1;36m[Dbg] [wind_plugin.cpp:110] [0m[1;36mWindPlugin: received command -> speed=[0m[1;36m1.26973[0m[1;36m dir=[0m[1;36m-105.021[0m[1;36m
[gzserver-2] [0m[1;36m[Dbg] [wind_plugin.cpp:110] [0m[1;36mWindPlugin: received command -> speed=[0m[1;36m1.15272[0m[1;36m dir=[0m[1;36m-105.233[0m[1;36m
[gzserver-2] [0m[1;36m[Dbg] [wind_plugin.cpp:110] [0m[1;36mWindPlugin: received command -> speed=[0m[1;36m1.15272[0m[1;36m dir=[0m[1;36m-105.233[0m[1;36m
[gzserver-2] [0m[1;36m[Dbg] [wind_plugin.cpp:110] [0m[1;36mWindPlugin: received command -> speed=[0m[1;36m1.15272[0m[1;36m dir=[0m[1;36m-105.233[0m[1;36m
[gzserver-2] [0m[1;36m[Dbg] [wind_plugin.cpp:110] [0m[1;36mWindPlugin: received command -> speed=[0m[1;36m1.15272[0m[1;36m dir=[0m[1;36m-105.233[0m[1;36m
[gzserver-2] [0m[1;36m[Dbg] [wind_plugin.cpp:110] [0m[1;36mWindPlugin: received command -> speed=[0m[1;36m1.11904[0m[1;36m dir=[0m[1;36m-106.009[0m[1;36m
[gzserver-2] [0m[1;36m[Dbg] [wind_plugin.cpp:110] [0m[1;36mWindPlugin: received command -> speed=[0m[1;36m1.11904[0m[1;36m dir=[0m[1;36m-106.009[0m[1;36m
[gzserver-2] [0m[1;36m[Dbg] [wind_plugin.cpp:110] [0m[1;36mWindPlugin: received command -> speed=[0m[1;36m1.11904[0m[1;36m dir=[0m[1;36m-106.009[0m[1;36m
[gzserver-2] [0m[1;36m[Dbg] [wind_plugin.cpp:110] [0m[1;36mWindPlugin: received command -> speed=[0m[1;36m1.11904[0m[1;36m dir=[0m[1;36m-106.009[0m[1;36m
[gzserver-2] [0mLanded!
[gzserver-2] [INFO] [1773073411.383343875] [gazebo_wind_plugin_node]: WindPlugin: set wind_speed=1.04 wind_direction=-107.3
[gzserver-2] [INFO] [1773073411.618301363] [gazebo_wind_plugin_node]: WindPlugin: set wind_speed=1.04 wind_direction=-107.3
[gzserver-2] [INFO] [1773073411.857610878] [gazebo_wind_plugin_node]: WindPlugin: set wind_speed=1.04 wind_direction=-107.3
[gzserver-2] [INFO] [1773073412.097659471] [gazebo_wind_plugin_node]: WindPlugin: set wind_speed=1.04 wind_direction=-107.3
[gzserver-2] [INFO] [1773073412.336847325] [gazebo_wind_plugin_node]: WindPlugin: set wind_speed=1.27 wind_direction=-105.9
[gzserver-2] [INFO] [1773073412.570590739] [gazebo_wind_plugin_node]: WindPlugin: set wind_speed=1.27 wind_direction=-105.9
[gzserver-2] [INFO] [1773073412.805197178] [gazebo_wind_plugin_node]: WindPlugin: set wind_speed=1.27 wind_direction=-105.9
[gzserver-2] [INFO] [1773073413.036015022] [gazebo_wind_plugin_node]: WindPlugin: set wind_speed=1.27 wind_direction=-105.9
