[INFO] [launch]: All log files can be found below /home/j/.ros/log/2026-03-11-01-13-12-639579-j-2703034
[INFO] [launch]: Default logging verbosity is set to INFO
[INFO] [launch.user]: [bringup] Apriltag config: camera=/drone/bottom, image=/drone/bottom/image_raw, tags=/drone/bottom/tags, bridge=/landing_tag_state, standalone=true, use_target_id=true, target_id=0
[INFO] [rviz2-1]: process started with pid [2703035]
[INFO] [gzserver-2]: process started with pid [2703037]
[INFO] [robot_state_publisher-3]: process started with pid [2703039]
[INFO] [joint_state_publisher-4]: process started with pid [2703041]
[INFO] [spawn_drone-5]: process started with pid [2703043]
[INFO] [static_transform_publisher-6]: process started with pid [2703045]
[INFO] [joy_node-7]: process started with pid [2703047]
[INFO] [teleop_joystick-8]: process started with pid [2703049]
[INFO] [apriltag_detector_node-9]: process started with pid [2703051]
[INFO] [apriltag_state_bridge-10]: process started with pid [2703054]
[static_transform_publisher-6] [WARN] [1773159193.118093926] []: Old-style arguments are deprecated; see --help for new-style arguments
[static_transform_publisher-6] [INFO] [1773159193.125437912] [static_transform_publisher_X7DnEQlA7Oebzhhc]: Spinning until stopped - publishing transform
[static_transform_publisher-6] translation: ('0.000000', '0.000000', '0.000000')
[static_transform_publisher-6] rotation: ('0.000000', '0.000000', '0.000000', '1.000000')
[static_transform_publisher-6] from 'world' to '/drone/odom'
[robot_state_publisher-3] [INFO] [1773159193.141874996] [drone.robot_state_publisher]: got segment base_footprint
[robot_state_publisher-3] [INFO] [1773159193.141942061] [drone.robot_state_publisher]: got segment base_link
[robot_state_publisher-3] [INFO] [1773159193.141948037] [drone.robot_state_publisher]: got segment bottom_cam_link
[robot_state_publisher-3] [INFO] [1773159193.141951155] [drone.robot_state_publisher]: got segment front_cam_link
[robot_state_publisher-3] [INFO] [1773159193.141953904] [drone.robot_state_publisher]: got segment sonar_link
[rviz2-1] 
[rviz2-1] (rviz2:2703035): dbind-WARNING **: 01:13:13.151: Couldn't connect to accessibility bus: Failed to connect to socket /root/.cache/at-spi/bus_0: 허가 거부
[apriltag_detector_node-9] [INFO] [1773159193.167346608] [apriltag_detector_node]: tag detector type: umich
[teleop_joystick-8] Traceback (most recent call last):
[teleop_joystick-8]   File "/home/j/INCSL/IICC26_ws/install/sjtu_drone_control/lib/sjtu_drone_control/teleop_joystick", line 33, in <module>
[teleop_joystick-8]     sys.exit(load_entry_point('sjtu_drone_control==0.0.0', 'console_scripts', 'teleop_joystick')())
[teleop_joystick-8]   File "/home/j/INCSL/IICC26_ws/install/sjtu_drone_control/lib/sjtu_drone_control/teleop_joystick", line 22, in importlib_load_entry_point
[teleop_joystick-8]     for entry_point in distribution(dist_name).entry_points
[teleop_joystick-8]   File "/usr/lib/python3.10/importlib/metadata/__init__.py", line 969, in distribution
[teleop_joystick-8]     return Distribution.from_name(distribution_name)
[teleop_joystick-8]   File "/usr/lib/python3.10/importlib/metadata/__init__.py", line 548, in from_name
[teleop_joystick-8]     raise PackageNotFoundError(name)
[teleop_joystick-8] importlib.metadata.PackageNotFoundError: No package metadata was found for sjtu_drone_control
[ERROR] [teleop_joystick-8]: process has died [pid 2703049, exit code 1, cmd '/home/j/INCSL/IICC26_ws/install/sjtu_drone_control/lib/sjtu_drone_control/teleop_joystick --ros-args -r __ns:=/drone'].
[gzserver-2] Gazebo multi-robot simulator, version 11.10.2
[gzserver-2] Copyright (C) 2012 Open Source Robotics Foundation.
[gzserver-2] Released under the Apache 2 License.
[gzserver-2] http://gazebosim.org
[gzserver-2] 
[apriltag_state_bridge-10] [INFO] [1773159193.352472059] [apriltag_state_bridge]: AprilTag bridge started: /drone/bottom/tags -> /landing_tag_state, use_target_id=True, target_id=0
[joint_state_publisher-4] [INFO] [1773159193.394674482] [drone.joint_state_publisher]: Waiting for robot_description to be published on the robot_description topic...
[gzserver-2] [1;33m[Wrn] [gazebo_ros_init.cpp:178] [0m[1;33m
[gzserver-2] #     # ####### ####### ###  #####  #######
[gzserver-2] ##    # #     #    #     #  #     # #
[gzserver-2] # #   # #     #    #     #  #       #
[gzserver-2] #  #  # #     #    #     #  #       #####
[gzserver-2] #   # # #     #    #     #  #       #
[gzserver-2] #    ## #     #    #     #  #     # #
[gzserver-2] #     # #######    #    ###  #####  #######
[gzserver-2] 
[gzserver-2] This version of Gazebo, now called Gazebo classic, reaches end-of-life
[gzserver-2] in January 2025. Users are highly encouraged to migrate to the new Gazebo
[gzserver-2] using our migration guides (https://gazebosim.org/docs/latest/gazebo_classic_migration?utm_source=gazebo_ros_pkgs&utm_medium=cli)
[gzserver-2] 
[gzserver-2] [0m[1;33m
[rviz2-1] [INFO] [1773159193.964240793] [rviz2]: Stereo is NOT SUPPORTED
[rviz2-1] [INFO] [1773159193.964329163] [rviz2]: OpenGl version: 4.6 (GLSL 4.6)
[rviz2-1] [INFO] [1773159194.041672195] [rviz2]: Stereo is NOT SUPPORTED
[rviz2-1] [INFO] [1773159194.129966332] [rviz2]: Stereo is NOT SUPPORTED
[gzserver-2] [1;32m[Msg] [0m[1;32mWaiting for master.[0m[1;32m
[gzserver-2] [0m[1;32m[0m[1;32m[0m[1;32m[Msg] [0m[1;32mConnected to gazebo master @ [0m[1;32mhttp://127.0.0.1:11345[0m[1;32m
[gzserver-2] [0m[1;32m[0m[1;32m[0m[1;32m[Msg] [0m[1;32mPublicized address: [0m[1;32m192.168.0.11[0m[1;32m
[gzserver-2] [0m[1;32m[0m[1;32m[0m[1;32m[Msg] [0m[1;32mLoading world file [[0m[1;32m/home/j/INCSL/IICC26_ws/install/sjtu_drone_description/share/sjtu_drone_description/worlds/landingPad.world[0m[1;32m][0m[1;32m
[gzserver-2] [0m[1;32m[0m[1;32m[0m[1;36m[Dbg] [wind_plugin.cpp:96] [0m[1;36mWindPlugin loaded: speed=[0m[1;36m0[0m[1;36m dir=[0m[1;36m0[0m[1;36m deg area=[0m[1;36m0.1[0m[1;36m coeff=[0m[1;36m1[0m[1;36m
[gzserver-2] [0m[1;33m[0m[1;33m[0m[1;31m[Err] [Sensor.cc:510] [0m[1;31mGet noise index not valid[0m[1;31m
[gzserver-2] [0m[1;31m[0m[1;31m[0m[1;31m[Err] [Sensor.cc:510] [0m[1;31mGet noise index not valid[0m[1;31m
[gzserver-2] [0m[1;31m[0m[1;31m[0m[1;31m[Err] [Sensor.cc:510] [0m[1;31mGet noise index not valid[0m[1;31m
[gzserver-2] [0m[1;31m[0m[1;31m[0m[1;31m[Err] [Sensor.cc:510] [0m[1;31mGet noise index not valid[0m[1;31m
[gzserver-2] [0m[1;31m[0m[1;31m[0m[1;31m[Err] [Sensor.cc:510] [0m[1;31mGet noise index not valid[0m[1;31m
[gzserver-2] [0m[1;31m[0m[1;31m[0m[1;31m[Err] [Sensor.cc:510] [0m[1;31mGet noise index not valid[0m[1;31m
[gzserver-2] [0m[1;31m[0m[1;31m[0mTopic [default//drone/base_footprint/down_camera/image] is not valid.
[gzserver-2] [INFO] [1773159194.613786551] [drone.collision_plugin]: Publishing contact states to [/drone/bumper_states]
[gzserver-2] Topic [default//drone/base_footprint/front_camera/image] is not valid.
[gzserver-2] [1;33m[Wrn] [Event.cc:61] [0m[1;33mWarning: Deleting a connection right after creation. [0m[1;33mMake sure to save the ConnectionPtr from a Connect call
[gzserver-2] [0m[INFO] [1773159195.168421824] [drone.camera_bottom]: Publishing camera info to [/drone/bottom/camera_info]
[gzserver-2] [INFO] [1773159195.172834263] [drone.camera_front]: Publishing camera info to [/drone/front/camera_info]
[spawn_drone-5] [INFO] [1773159195.185006629] [spawn_drone]: Result True SpawnEntity: Successfully spawned entity [/drone]
[gzserver-2] [INFO] [1773159195.294706114] [drone.simple_drone]: The drone plugin is loading!
[gzserver-2] [INFO] [1773159195.294923829] [drone.simple_drone]: pub_odom: 1
[gzserver-2] [INFO] [1773159195.294956904] [drone.simple_drone]: Using following parameters: 
[gzserver-2] 		link_name: base_footprint,
[gzserver-2] 		max_force: 30,
[gzserver-2] 		motion_small_noise: 0,
[gzserver-2] 		motion_drift_noise: 0,
[gzserver-2] 		motion_drift_noise_time: 50,
[gzserver-2] 		takeoff_hover_height: 2.06,
[gzserver-2] 		takeoff_vertical_speed: 0.2
[gzserver-2] [INFO] [1773159195.306838896] [drone.simple_drone]: Using the PID parameters: 
[gzserver-2] 	Roll Pitch:
[gzserver-2] 		kP: 10, kI: 0,kD: 5, Limit: 0.5, Time Constant: 0
[gzserver-2] 	Yaw:
[gzserver-2] 		kP: 2, kI: 0,kD: 1, Limit: 1.5, Time Constant: 0
[gzserver-2] 	Velocity X:
[gzserver-2] 		kP: 5, kI: 0,kD: 2.3, Limit: 2, Time Constant: 0
[gzserver-2] 	Velocity Y:
[gzserver-2] 		kP: 5, kI: 0,kD: 2.3, Limit: 2, Time Constant: 0
[gzserver-2] 	Velocity Z:
[gzserver-2] 		kP: 5, kI: 0,kD: 1, Limit: -1, Time Constant: 0
[gzserver-2] 	Position XY:
[gzserver-2] 		kP: 1.1, kI: 0,kD: 0, Limit: 5, Time Constant: 0
[gzserver-2] 	Position Z:
[gzserver-2] 		kP: 1, kI: 0,kD: 0.2, Limit: -1, Time Constant: 0
[gzserver-2] [INFO] [1773159195.306967194] [drone.simple_drone]: The drone plugin finished loading!
[INFO] [spawn_drone-5]: process has finished cleanly [pid 2703043]
[gzserver-2] [INFO] [1773159202.475412313] [gazebo_wind_plugin_node]: WindPlugin: set wind_speed=0.00 wind_direction=0.0
[gzserver-2] [INFO] [1773159202.741847270] [gazebo_wind_plugin_node]: WindPlugin: set wind_speed=0.00 wind_direction=0.0
[gzserver-2] [INFO] [1773159202.780278538] [drone.simple_drone]: Quadrotor takes off!!
[gzserver-2] [INFO] [1773159202.981609732] [gazebo_wind_plugin_node]: WindPlugin: set wind_speed=0.00 wind_direction=0.0
[gzserver-2] [INFO] [1773159203.215940712] [gazebo_wind_plugin_node]: WindPlugin: set wind_speed=0.00 wind_direction=0.0
[gzserver-2] [INFO] [1773159203.449911015] [gazebo_wind_plugin_node]: WindPlugin: set wind_speed=0.00 wind_direction=0.0
[gzserver-2] [INFO] [1773159203.692173991] [gazebo_wind_plugin_node]: WindPlugin: set wind_speed=0.00 wind_direction=0.0
[gzserver-2] [INFO] [1773159203.926492653] [gazebo_wind_plugin_node]: WindPlugin: set wind_speed=0.00 wind_direction=0.0
[gzserver-2] [INFO] [1773159204.165531230] [gazebo_wind_plugin_node]: WindPlugin: set wind_speed=0.00 wind_direction=0.0
[gzserver-2] [INFO] [1773159204.399713541] [gazebo_wind_plugin_node]: WindPlugin: set wind_speed=0.00 wind_direction=0.0
[gzserver-2] [0m[1;36m[Dbg] [wind_plugin.cpp:110] [0m[1;36mWindPlugin: received command -> speed=[0m[1;36m0[0m[1;36m dir=[0m[1;36m0[0m[1;36m
[gzserver-2] [0m[1;36m[Dbg] [wind_plugin.cpp:110] [0m[1;36mWindPlugin: received command -> speed=[0m[1;36m0[0m[1;36m dir=[0m[1;36m0[0m[1;36m
[gzserver-2] [0m[1;36m[Dbg] [wind_plugin.cpp:110] [0m[1;36mWindPlugin: received command -> speed=[0m[1;36m0[0m[1;36m dir=[0m[1;36m0[0m[1;36m
[gzserver-2] [0m[1;36m[Dbg] [wind_plugin.cpp:110] [0m[1;36mWindPlugin: received command -> speed=[0m[1;36m0[0m[1;36m dir=[0m[1;36m0[0m[1;36m
[gzserver-2] [0m[1;36m[Dbg] [wind_plugin.cpp:110] [0m[1;36mWindPlugin: received command -> speed=[0m[1;36m0[0m[1;36m dir=[0m[1;36m0[0m[1;36m
[gzserver-2] [0m[1;36m[Dbg] [wind_plugin.cpp:110] [0m[1;36mWindPlugin: received command -> speed=[0m[1;36m0[0m[1;36m dir=[0m[1;36m0[0m[1;36m
[gzserver-2] [0m[1;36m[Dbg] [wind_plugin.cpp:110] [0m[1;36mWindPlugin: received command -> speed=[0m[1;36m0[0m[1;36m dir=[0m[1;36m0[0m[1;36m
[gzserver-2] [0m[1;36m[Dbg] [wind_plugin.cpp:110] [0m[1;36mWindPlugin: received command -> speed=[0m[1;36m0[0m[1;36m dir=[0m[1;36m0[0m[1;36m
[gzserver-2] [0m[1;36m[Dbg] [wind_plugin.cpp:110] [0m[1;36mWindPlugin: received command -> speed=[0m[1;36m0[0m[1;36m dir=[0m[1;36m0[0m[1;36m
[gzserver-2] [0mEntering flying model!
[gzserver-2] [INFO] [1773159204.639273264] [gazebo_wind_plugin_node]: WindPlugin: set wind_speed=2.36 wind_direction=-81.9
[gzserver-2] [INFO] [1773159204.878787650] [gazebo_wind_plugin_node]: WindPlugin: set wind_speed=2.36 wind_direction=-81.9
[gzserver-2] [INFO] [1773159205.118356728] [gazebo_wind_plugin_node]: WindPlugin: set wind_speed=2.56 wind_direction=-80.0
[gzserver-2] [INFO] [1773159205.347881804] [gazebo_wind_plugin_node]: WindPlugin: set wind_speed=2.56 wind_direction=-80.0
[gzserver-2] [INFO] [1773159205.590492777] [gazebo_wind_plugin_node]: WindPlugin: set wind_speed=2.56 wind_direction=-80.0
[gzserver-2] [INFO] [1773159205.829991943] [gazebo_wind_plugin_node]: WindPlugin: set wind_speed=2.56 wind_direction=-80.0
[gzserver-2] [INFO] [1773159206.069783307] [gazebo_wind_plugin_node]: WindPlugin: set wind_speed=2.56 wind_direction=-82.8
[gzserver-2] [INFO] [1773159206.304210169] [gazebo_wind_plugin_node]: WindPlugin: set wind_speed=2.56 wind_direction=-82.8
[gzserver-2] [INFO] [1773159206.547235826] [gazebo_wind_plugin_node]: WindPlugin: set wind_speed=2.56 wind_direction=-82.8
[gzserver-2] [INFO] [1773159206.787001173] [gazebo_wind_plugin_node]: WindPlugin: set wind_speed=2.56 wind_direction=-82.8
[gzserver-2] [INFO] [1773159207.028974484] [gazebo_wind_plugin_node]: WindPlugin: set wind_speed=2.52 wind_direction=-82.6
[gzserver-2] [INFO] [1773159207.263083916] [gazebo_wind_plugin_node]: WindPlugin: set wind_speed=2.52 wind_direction=-82.6
[gzserver-2] [INFO] [1773159207.497553824] [gazebo_wind_plugin_node]: WindPlugin: set wind_speed=2.52 wind_direction=-82.6
[gzserver-2] [INFO] [1773159207.726750972] [gazebo_wind_plugin_node]: WindPlugin: set wind_speed=2.52 wind_direction=-82.6
[gzserver-2] [INFO] [1773159207.966417398] [gazebo_wind_plugin_node]: WindPlugin: set wind_speed=2.52 wind_direction=-82.6
[gzserver-2] [INFO] [1773159208.201258725] [gazebo_wind_plugin_node]: WindPlugin: set wind_speed=2.50 wind_direction=-80.7
[gzserver-2] [INFO] [1773159208.440861613] [gazebo_wind_plugin_node]: WindPlugin: set wind_speed=2.50 wind_direction=-80.7
[gzserver-2] [INFO] [1773159208.675944665] [gazebo_wind_plugin_node]: WindPlugin: set wind_speed=2.50 wind_direction=-80.7
[gzserver-2] [INFO] [1773159208.912515083] [gazebo_wind_plugin_node]: WindPlugin: set wind_speed=2.50 wind_direction=-80.7
[gzserver-2] [INFO] [1773159209.151752447] [gazebo_wind_plugin_node]: WindPlugin: set wind_speed=2.48 wind_direction=-81.7
[gzserver-2] [INFO] [1773159209.391197050] [gazebo_wind_plugin_node]: WindPlugin: set wind_speed=2.48 wind_direction=-81.7
[gzserver-2] [INFO] [1773159209.630626940] [gazebo_wind_plugin_node]: WindPlugin: set wind_speed=2.48 wind_direction=-81.7
[gzserver-2] [INFO] [1773159209.859642871] [gazebo_wind_plugin_node]: WindPlugin: set wind_speed=2.48 wind_direction=-81.7
[gzserver-2] [INFO] [1773159210.099353798] [gazebo_wind_plugin_node]: WindPlugin: set wind_speed=2.50 wind_direction=-84.1
[gzserver-2] [INFO] [1773159210.339790344] [gazebo_wind_plugin_node]: WindPlugin: set wind_speed=2.50 wind_direction=-84.1
[gzserver-2] [INFO] [1773159210.581390265] [gazebo_wind_plugin_node]: WindPlugin: set wind_speed=2.50 wind_direction=-84.1
[gzserver-2] [INFO] [1773159210.820567730] [gazebo_wind_plugin_node]: WindPlugin: set wind_speed=2.50 wind_direction=-84.1
[gzserver-2] [1;36m[Dbg] [wind_plugin.cpp:110] [0m[1;36mWindPlugin: received command -> speed=[0m[1;36m2.36207[0m[1;36m dir=[0m[1;36m-81.8591[0m[1;36m
[gzserver-2] [0m[1;36m[Dbg] [wind_plugin.cpp:110] [0m[1;36mWindPlugin: received command -> speed=[0m[1;36m2.36207[0m[1;36m dir=[0m[1;36m-81.8591[0m[1;36m
[gzserver-2] [0m[1;36m[Dbg] [wind_plugin.cpp:110] [0m[1;36mWindPlugin: received command -> speed=[0m[1;36m2.56133[0m[1;36m dir=[0m[1;36m-79.9707[0m[1;36m
[gzserver-2] [0m[1;36m[Dbg] [wind_plugin.cpp:110] [0m[1;36mWindPlugin: received command -> speed=[0m[1;36m2.56133[0m[1;36m dir=[0m[1;36m-79.9707[0m[1;36m
[gzserver-2] [0m[1;36m[Dbg] [wind_plugin.cpp:110] [0m[1;36mWindPlugin: received command -> speed=[0m[1;36m2.56133[0m[1;36m dir=[0m[1;36m-79.9707[0m[1;36m
[gzserver-2] [0m[1;36m[Dbg] [wind_plugin.cpp:110] [0m[1;36mWindPlugin: received command -> speed=[0m[1;36m2.56133[0m[1;36m dir=[0m[1;36m-79.9707[0m[1;36m
[gzserver-2] [0m[1;36m[Dbg] [wind_plugin.cpp:110] [0m[1;36mWindPlugin: received command -> speed=[0m[1;36m2.5623[0m[1;36m dir=[0m[1;36m-82.8089[0m[1;36m
[gzserver-2] [0m[1;36m[Dbg] [wind_plugin.cpp:110] [0m[1;36mWindPlugin: received command -> speed=[0m[1;36m2.5623[0m[1;36m dir=[0m[1;36m-82.8089[0m[1;36m
[gzserver-2] [0m[1;36m[Dbg] [wind_plugin.cpp:110] [0m[1;36mWindPlugin: received command -> speed=[0m[1;36m2.5623[0m[1;36m dir=[0m[1;36m-82.8089[0m[1;36m
[gzserver-2] [0m[1;36m[Dbg] [wind_plugin.cpp:110] [0m[1;36mWindPlugin: received command -> speed=[0m[1;36m2.5623[0m[1;36m dir=[0m[1;36m-82.8089[0m[1;36m
[gzserver-2] [0m[1;36m[Dbg] [wind_plugin.cpp:110] [0m[1;36mWindPlugin: received command -> speed=[0m[1;36m2.51948[0m[1;36m dir=[0m[1;36m-82.5959[0m[1;36m
[gzserver-2] [0m[1;36m[Dbg] [wind_plugin.cpp:110] [0m[1;36mWindPlugin: received command -> speed=[0m[1;36m2.51948[0m[1;36m dir=[0m[1;36m-82.5959[0m[1;36m
[gzserver-2] [0m[1;36m[Dbg] [wind_plugin.cpp:110] [0m[1;36mWindPlugin: received command -> speed=[0m[1;36m2.51948[0m[1;36m dir=[0m[1;36m-82.5959[0m[1;36m
[gzserver-2] [0m[1;36m[Dbg] [wind_plugin.cpp:110] [0m[1;36mWindPlugin: received command -> speed=[0m[1;36m2.51948[0m[1;36m dir=[0m[1;36m-82.5959[0m[1;36m
[gzserver-2] [0m[1;36m[Dbg] [wind_plugin.cpp:110] [0m[1;36mWindPlugin: received command -> speed=[0m[1;36m2.51948[0m[1;36m dir=[0m[1;36m-82.5959[0m[1;36m
[gzserver-2] [0m[1;36m[Dbg] [wind_plugin.cpp:110] [0m[1;36mWindPlugin: received command -> speed=[0m[1;36m2.49869[0m[1;36m dir=[0m[1;36m-80.7311[0m[1;36m
[gzserver-2] [0m[1;36m[Dbg] [wind_plugin.cpp:110] [0m[1;36mWindPlugin: received command -> speed=[0m[1;36m2.49869[0m[1;36m dir=[0m[1;36m-80.7311[0m[1;36m
[gzserver-2] [0m[1;36m[Dbg] [wind_plugin.cpp:110] [0m[1;36mWindPlugin: received command -> speed=[0m[1;36m2.49869[0m[1;36m dir=[0m[1;36m-80.7311[0m[1;36m
[gzserver-2] [0m[1;36m[Dbg] [wind_plugin.cpp:110] [0m[1;36mWindPlugin: received command -> speed=[0m[1;36m2.49869[0m[1;36m dir=[0m[1;36m-80.7311[0m[1;36m
[gzserver-2] [0m[1;36m[Dbg] [wind_plugin.cpp:110] [0m[1;36mWindPlugin: received command -> speed=[0m[1;36m2.48214[0m[1;36m dir=[0m[1;36m-81.7321[0m[1;36m
[gzserver-2] [0m[1;36m[Dbg] [wind_plugin.cpp:110] [0m[1;36mWindPlugin: received command -> speed=[0m[1;36m2.48214[0m[1;36m dir=[0m[1;36m-81.7321[0m[1;36m
[gzserver-2] [0m[1;36m[Dbg] [wind_plugin.cpp:110] [0m[1;36mWindPlugin: received command -> speed=[0m[1;36m2.48214[0m[1;36m dir=[0m[1;36m-81.7321[0m[1;36m
[gzserver-2] [0m[1;36m[Dbg] [wind_plugin.cpp:110] [0m[1;36mWindPlugin: received command -> speed=[0m[1;36m2.48214[0m[1;36m dir=[0m[1;36m-81.7321[0m[1;36m
[gzserver-2] [0m[1;36m[Dbg] [wind_plugin.cpp:110] [0m[1;36mWindPlugin: received command -> speed=[0m[1;36m2.50494[0m[1;36m dir=[0m[1;36m-84.0683[0m[1;36m
[gzserver-2] [0m[1;36m[Dbg] [wind_plugin.cpp:110] [0m[1;36mWindPlugin: received command -> speed=[0m[1;36m2.50494[0m[1;36m dir=[0m[1;36m-84.0683[0m[1;36m
[gzserver-2] [0m[1;36m[Dbg] [wind_plugin.cpp:110] [0m[1;36mWindPlugin: received command -> speed=[0m[1;36m2.50494[0m[1;36m dir=[0m[1;36m-84.0683[0m[1;36m
[gzserver-2] [INFO] [1773159211.062628088] [gazebo_wind_plugin_node]: WindPlugin: set wind_speed=2.57 wind_direction=-85.1
[gzserver-2] [INFO] [1773159211.301907400] [gazebo_wind_plugin_node]: WindPlugin: set wind_speed=2.57 wind_direction=-85.1
[gzserver-2] [INFO] [1773159211.536259559] [gazebo_wind_plugin_node]: WindPlugin: set wind_speed=2.57 wind_direction=-85.1
[gzserver-2] [INFO] [1773159211.775673975] [gazebo_wind_plugin_node]: WindPlugin: set wind_speed=2.57 wind_direction=-85.1
[gzserver-2] [INFO] [1773159212.015096586] [gazebo_wind_plugin_node]: WindPlugin: set wind_speed=2.66 wind_direction=-84.2
[gzserver-2] [INFO] [1773159212.254531518] [gazebo_wind_plugin_node]: WindPlugin: set wind_speed=2.66 wind_direction=-84.2
[gzserver-2] [INFO] [1773159212.498152741] [gazebo_wind_plugin_node]: WindPlugin: set wind_speed=2.66 wind_direction=-84.2
[gzserver-2] [INFO] [1773159212.738992761] [gazebo_wind_plugin_node]: WindPlugin: set wind_speed=2.66 wind_direction=-84.2
[gzserver-2] [INFO] [1773159212.964227505] [gazebo_wind_plugin_node]: WindPlugin: set wind_speed=2.66 wind_direction=-84.2
[gzserver-2] [INFO] [1773159213.205079248] [gazebo_wind_plugin_node]: WindPlugin: set wind_speed=2.67 wind_direction=-82.9
[gzserver-2] [INFO] [1773159213.445236120] [gazebo_wind_plugin_node]: WindPlugin: set wind_speed=2.67 wind_direction=-82.9
[gzserver-2] [INFO] [1773159213.686086477] [gazebo_wind_plugin_node]: WindPlugin: set wind_speed=2.67 wind_direction=-82.9
[gzserver-2] [INFO] [1773159213.925495650] [gazebo_wind_plugin_node]: WindPlugin: set wind_speed=2.67 wind_direction=-82.9
[gzserver-2] [INFO] [1773159214.164375352] [gazebo_wind_plugin_node]: WindPlugin: set wind_speed=2.34 wind_direction=-81.0
[gzserver-2] [INFO] [1773159214.398046120] [gazebo_wind_plugin_node]: WindPlugin: set wind_speed=2.34 wind_direction=-81.0
[gzserver-2] [INFO] [1773159214.636888508] [gazebo_wind_plugin_node]: WindPlugin: set wind_speed=2.34 wind_direction=-81.0
[gzserver-2] [INFO] [1773159214.876178933] [gazebo_wind_plugin_node]: WindPlugin: set wind_speed=2.34 wind_direction=-81.0
[gzserver-2] [INFO] [1773159215.115664118] [gazebo_wind_plugin_node]: WindPlugin: set wind_speed=2.43 wind_direction=-83.3
[gzserver-2] [INFO] [1773159215.355915259] [gazebo_wind_plugin_node]: WindPlugin: set wind_speed=2.43 wind_direction=-83.3
[gzserver-2] [INFO] [1773159215.595275643] [gazebo_wind_plugin_node]: WindPlugin: set wind_speed=2.43 wind_direction=-83.3
[gzserver-2] [INFO] [1773159215.834325512] [gazebo_wind_plugin_node]: WindPlugin: set wind_speed=2.43 wind_direction=-83.3
[gzserver-2] [INFO] [1773159216.068461646] [gazebo_wind_plugin_node]: WindPlugin: set wind_speed=2.50 wind_direction=-81.2
[gzserver-2] [INFO] [1773159216.302267131] [gazebo_wind_plugin_node]: WindPlugin: set wind_speed=2.50 wind_direction=-81.2
[gzserver-2] [INFO] [1773159216.542494767] [gazebo_wind_plugin_node]: WindPlugin: set wind_speed=2.50 wind_direction=-81.2
[gzserver-2] [INFO] [1773159216.784195838] [gazebo_wind_plugin_node]: WindPlugin: set wind_speed=2.50 wind_direction=-81.2
[gzserver-2] [INFO] [1773159217.023747011] [gazebo_wind_plugin_node]: WindPlugin: set wind_speed=2.70 wind_direction=-82.9
[gzserver-2] [INFO] [1773159217.263186954] [gazebo_wind_plugin_node]: WindPlugin: set wind_speed=2.70 wind_direction=-82.9
[gzserver-2] [0m[1;36m[Dbg] [wind_plugin.cpp:110] [0m[1;36mWindPlugin: received command -> speed=[0m[1;36m2.50494[0m[1;36m dir=[0m[1;36m-84.0683[0m[1;36m
[gzserver-2] [0m[1;36m[Dbg] [wind_plugin.cpp:110] [0m[1;36mWindPlugin: received command -> speed=[0m[1;36m2.56663[0m[1;36m dir=[0m[1;36m-85.1069[0m[1;36m
[gzserver-2] [0m[1;36m[Dbg] [wind_plugin.cpp:110] [0m[1;36mWindPlugin: received command -> speed=[0m[1;36m2.56663[0m[1;36m dir=[0m[1;36m-85.1069[0m[1;36m
[gzserver-2] [0m[1;36m[Dbg] [wind_plugin.cpp:110] [0m[1;36mWindPlugin: received command -> speed=[0m[1;36m2.56663[0m[1;36m dir=[0m[1;36m-85.1069[0m[1;36m
[gzserver-2] [0m[1;36m[Dbg] [wind_plugin.cpp:110] [0m[1;36mWindPlugin: received command -> speed=[0m[1;36m2.56663[0m[1;36m dir=[0m[1;36m-85.1069[0m[1;36m
[gzserver-2] [0m[1;36m[Dbg] [wind_plugin.cpp:110] [0m[1;36mWindPlugin: received command -> speed=[0m[1;36m2.66344[0m[1;36m dir=[0m[1;36m-84.1921[0m[1;36m
[gzserver-2] [0m[1;36m[Dbg] [wind_plugin.cpp:110] [0m[1;36mWindPlugin: received command -> speed=[0m[1;36m2.66344[0m[1;36m dir=[0m[1;36m-84.1921[0m[1;36m
[gzserver-2] [0m[1;36m[Dbg] [wind_plugin.cpp:110] [0m[1;36mWindPlugin: received command -> speed=[0m[1;36m2.66344[0m[1;36m dir=[0m[1;36m-84.1921[0m[1;36m
[gzserver-2] [0m[1;36m[Dbg] [wind_plugin.cpp:110] [0m[1;36mWindPlugin: received command -> speed=[0m[1;36m2.66344[0m[1;36m dir=[0m[1;36m-84.1921[0m[1;36m
[gzserver-2] [0m[1;36m[Dbg] [wind_plugin.cpp:110] [0m[1;36mWindPlugin: received command -> speed=[0m[1;36m2.66344[0m[1;36m dir=[0m[1;36m-84.1921[0m[1;36m
[gzserver-2] [0m[1;36m[Dbg] [wind_plugin.cpp:110] [0m[1;36mWindPlugin: received command -> speed=[0m[1;36m2.66723[0m[1;36m dir=[0m[1;36m-82.9482[0m[1;36m
[gzserver-2] [0m[1;36m[Dbg] [wind_plugin.cpp:110] [0m[1;36mWindPlugin: received command -> speed=[0m[1;36m2.66723[0m[1;36m dir=[0m[1;36m-82.9482[0m[1;36m
[gzserver-2] [0m[1;36m[Dbg] [wind_plugin.cpp:110] [0m[1;36mWindPlugin: received command -> speed=[0m[1;36m2.66723[0m[1;36m dir=[0m[1;36m-82.9482[0m[1;36m
[gzserver-2] [0m[1;36m[Dbg] [wind_plugin.cpp:110] [0m[1;36mWindPlugin: received command -> speed=[0m[1;36m2.66723[0m[1;36m dir=[0m[1;36m-82.9482[0m[1;36m
[gzserver-2] [0m[1;36m[Dbg] [wind_plugin.cpp:110] [0m[1;36mWindPlugin: received command -> speed=[0m[1;36m2.34279[0m[1;36m dir=[0m[1;36m-81.0262[0m[1;36m
[gzserver-2] [0m[1;36m[Dbg] [wind_plugin.cpp:110] [0m[1;36mWindPlugin: received command -> speed=[0m[1;36m2.34279[0m[1;36m dir=[0m[1;36m-81.0262[0m[1;36m
[gzserver-2] [0m[1;36m[Dbg] [wind_plugin.cpp:110] [0m[1;36mWindPlugin: received command -> speed=[0m[1;36m2.34279[0m[1;36m dir=[0m[1;36m-81.0262[0m[1;36m
[gzserver-2] [0m[1;36m[Dbg] [wind_plugin.cpp:110] [0m[1;36mWindPlugin: received command -> speed=[0m[1;36m2.34279[0m[1;36m dir=[0m[1;36m-81.0262[0m[1;36m
[gzserver-2] [0m[1;36m[Dbg] [wind_plugin.cpp:110] [0m[1;36mWindPlugin: received command -> speed=[0m[1;36m2.42935[0m[1;36m dir=[0m[1;36m-83.3264[0m[1;36m
[gzserver-2] [0m[1;36m[Dbg] [wind_plugin.cpp:110] [0m[1;36mWindPlugin: received command -> speed=[0m[1;36m2.42935[0m[1;36m dir=[0m[1;36m-83.3264[0m[1;36m
[gzserver-2] [0m[1;36m[Dbg] [wind_plugin.cpp:110] [0m[1;36mWindPlugin: received command -> speed=[0m[1;36m2.42935[0m[1;36m dir=[0m[1;36m-83.3264[0m[1;36m
[gzserver-2] [0m[1;36m[Dbg] [wind_plugin.cpp:110] [0m[1;36mWindPlugin: received command -> speed=[0m[1;36m2.42935[0m[1;36m dir=[0m[1;36m-83.3264[0m[1;36m
[gzserver-2] [0m[1;36m[Dbg] [wind_plugin.cpp:110] [0m[1;36mWindPlugin: received command -> speed=[0m[1;36m2.49647[0m[1;36m dir=[0m[1;36m-81.2119[0m[1;36m
[gzserver-2] [0m[1;36m[Dbg] [wind_plugin.cpp:110] [0m[1;36mWindPlugin: received command -> speed=[0m[1;36m2.49647[0m[1;36m dir=[0m[1;36m-81.2119[0m[1;36m
[gzserver-2] [0m[1;36m[Dbg] [wind_plugin.cpp:110] [0m[1;36mWindPlugin: received command -> speed=[0m[1;36m2.49647[0m[1;36m dir=[0m[1;36m-81.2119[0m[1;36m
[gzserver-2] [0m[1;36m[Dbg] [wind_plugin.cpp:110] [0m[1;36mWindPlugin: received command -> speed=[0m[1;36m2.49647[0m[1;36m dir=[0m[1;36m-81.2119[0m[1;36m
[gzserver-2] [0m[1;36m[Dbg] [wind_plugin.cpp:110] [0m[1;36mWindPlugin: received command -> speed=[0m[1;36m2.70302[0m[1;36m dir=[0m[1;36m-82.9121[0m[1;36m
[gzserver-2] [INFO] [1773159217.502316325] [gazebo_wind_plugin_node]: WindPlugin: set wind_speed=2.70 wind_direction=-82.9
[gzserver-2] [INFO] [1773159217.734186944] [gazebo_wind_plugin_node]: WindPlugin: set wind_speed=2.70 wind_direction=-82.9
[gzserver-2] [INFO] [1773159217.968230973] [gazebo_wind_plugin_node]: WindPlugin: set wind_speed=2.70 wind_direction=-82.9
[gzserver-2] [INFO] [1773159218.207718405] [gazebo_wind_plugin_node]: WindPlugin: set wind_speed=2.63 wind_direction=-80.8
[gzserver-2] [INFO] [1773159218.447532093] [gazebo_wind_plugin_node]: WindPlugin: set wind_speed=2.63 wind_direction=-80.8
[gzserver-2] [INFO] [1773159218.687024812] [gazebo_wind_plugin_node]: WindPlugin: set wind_speed=2.63 wind_direction=-80.8
[gzserver-2] [INFO] [1773159218.926757160] [gazebo_wind_plugin_node]: WindPlugin: set wind_speed=2.63 wind_direction=-80.8
[gzserver-2] [INFO] [1773159219.166019958] [gazebo_wind_plugin_node]: WindPlugin: set wind_speed=2.58 wind_direction=-82.7
[gzserver-2] [INFO] [1773159219.400629180] [gazebo_wind_plugin_node]: WindPlugin: set wind_speed=2.58 wind_direction=-82.7
[gzserver-2] [INFO] [1773159219.639664362] [gazebo_wind_plugin_node]: WindPlugin: set wind_speed=2.58 wind_direction=-82.7
[gzserver-2] [INFO] [1773159219.879029002] [gazebo_wind_plugin_node]: WindPlugin: set wind_speed=2.58 wind_direction=-82.7
[gzserver-2] [INFO] [1773159220.113461563] [gazebo_wind_plugin_node]: WindPlugin: set wind_speed=2.29 wind_direction=-82.6
[gzserver-2] [INFO] [1773159220.353945542] [gazebo_wind_plugin_node]: WindPlugin: set wind_speed=2.29 wind_direction=-82.6
[gzserver-2] [INFO] [1773159220.589834854] [gazebo_wind_plugin_node]: WindPlugin: set wind_speed=2.29 wind_direction=-82.6
[gzserver-2] [INFO] [1773159220.825586248] [gazebo_wind_plugin_node]: WindPlugin: set wind_speed=2.29 wind_direction=-82.6
[gzserver-2] [INFO] [1773159221.062444381] [gazebo_wind_plugin_node]: WindPlugin: set wind_speed=2.40 wind_direction=-81.5
[gzserver-2] [INFO] [1773159221.302517126] [gazebo_wind_plugin_node]: WindPlugin: set wind_speed=2.40 wind_direction=-81.5
[gzserver-2] [INFO] [1773159221.544330224] [gazebo_wind_plugin_node]: WindPlugin: set wind_speed=2.40 wind_direction=-81.5
[gzserver-2] [INFO] [1773159221.773795979] [gazebo_wind_plugin_node]: WindPlugin: set wind_speed=2.40 wind_direction=-81.5
[gzserver-2] [INFO] [1773159222.008087826] [gazebo_wind_plugin_node]: WindPlugin: set wind_speed=2.54 wind_direction=-84.2
[gzserver-2] [INFO] [1773159222.244756225] [gazebo_wind_plugin_node]: WindPlugin: set wind_speed=2.54 wind_direction=-84.2
[gzserver-2] [INFO] [1773159222.484151081] [gazebo_wind_plugin_node]: WindPlugin: set wind_speed=2.54 wind_direction=-84.2
[gzserver-2] [INFO] [1773159222.719264283] [gazebo_wind_plugin_node]: WindPlugin: set wind_speed=2.54 wind_direction=-84.2
[gzserver-2] [INFO] [1773159222.953871682] [gazebo_wind_plugin_node]: WindPlugin: set wind_speed=2.54 wind_direction=-84.2
[gzserver-2] [INFO] [1773159223.195683839] [gazebo_wind_plugin_node]: WindPlugin: set wind_speed=2.34 wind_direction=-82.9
[gzserver-2] [INFO] [1773159223.434668431] [gazebo_wind_plugin_node]: WindPlugin: set wind_speed=2.34 wind_direction=-82.9
[gzserver-2] [INFO] [1773159223.669399375] [gazebo_wind_plugin_node]: WindPlugin: set wind_speed=2.34 wind_direction=-82.9
[gzserver-2] [0m[1;36m[Dbg] [wind_plugin.cpp:110] [0m[1;36mWindPlugin: received command -> speed=[0m[1;36m2.70302[0m[1;36m dir=[0m[1;36m-82.9121[0m[1;36m
[gzserver-2] [0m[1;36m[Dbg] [wind_plugin.cpp:110] [0m[1;36mWindPlugin: received command -> speed=[0m[1;36m2.70302[0m[1;36m dir=[0m[1;36m-82.9121[0m[1;36m
[gzserver-2] [0m[1;36m[Dbg] [wind_plugin.cpp:110] [0m[1;36mWindPlugin: received command -> speed=[0m[1;36m2.70302[0m[1;36m dir=[0m[1;36m-82.9121[0m[1;36m
[gzserver-2] [0m[1;36m[Dbg] [wind_plugin.cpp:110] [0m[1;36mWindPlugin: received command -> speed=[0m[1;36m2.70302[0m[1;36m dir=[0m[1;36m-82.9121[0m[1;36m
[gzserver-2] [0m[1;36m[Dbg] [wind_plugin.cpp:110] [0m[1;36mWindPlugin: received command -> speed=[0m[1;36m2.62763[0m[1;36m dir=[0m[1;36m-80.8101[0m[1;36m
[gzserver-2] [0m[1;36m[Dbg] [wind_plugin.cpp:110] [0m[1;36mWindPlugin: received command -> speed=[0m[1;36m2.62763[0m[1;36m dir=[0m[1;36m-80.8101[0m[1;36m
[gzserver-2] [0m[1;36m[Dbg] [wind_plugin.cpp:110] [0m[1;36mWindPlugin: received command -> speed=[0m[1;36m2.62763[0m[1;36m dir=[0m[1;36m-80.8101[0m[1;36m
[gzserver-2] [0m[1;36m[Dbg] [wind_plugin.cpp:110] [0m[1;36mWindPlugin: received command -> speed=[0m[1;36m2.62763[0m[1;36m dir=[0m[1;36m-80.8101[0m[1;36m
[gzserver-2] [0m[1;36m[Dbg] [wind_plugin.cpp:110] [0m[1;36mWindPlugin: received command -> speed=[0m[1;36m2.57923[0m[1;36m dir=[0m[1;36m-82.6946[0m[1;36m
[gzserver-2] [0m[1;36m[Dbg] [wind_plugin.cpp:110] [0m[1;36mWindPlugin: received command -> speed=[0m[1;36m2.57923[0m[1;36m dir=[0m[1;36m-82.6946[0m[1;36m
[gzserver-2] [0m[1;36m[Dbg] [wind_plugin.cpp:110] [0m[1;36mWindPlugin: received command -> speed=[0m[1;36m2.57923[0m[1;36m dir=[0m[1;36m-82.6946[0m[1;36m
[gzserver-2] [0m[1;36m[Dbg] [wind_plugin.cpp:110] [0m[1;36mWindPlugin: received command -> speed=[0m[1;36m2.57923[0m[1;36m dir=[0m[1;36m-82.6946[0m[1;36m
[gzserver-2] [0m[1;36m[Dbg] [wind_plugin.cpp:110] [0m[1;36mWindPlugin: received command -> speed=[0m[1;36m2.28667[0m[1;36m dir=[0m[1;36m-82.6071[0m[1;36m
[gzserver-2] [0m[1;36m[Dbg] [wind_plugin.cpp:110] [0m[1;36mWindPlugin: received command -> speed=[0m[1;36m2.28667[0m[1;36m dir=[0m[1;36m-82.6071[0m[1;36m
[gzserver-2] [0m[1;36m[Dbg] [wind_plugin.cpp:110] [0m[1;36mWindPlugin: received command -> speed=[0m[1;36m2.28667[0m[1;36m dir=[0m[1;36m-82.6071[0m[1;36m
[gzserver-2] [0m[1;36m[Dbg] [wind_plugin.cpp:110] [0m[1;36mWindPlugin: received command -> speed=[0m[1;36m2.28667[0m[1;36m dir=[0m[1;36m-82.6071[0m[1;36m
[gzserver-2] [0m[1;36m[Dbg] [wind_plugin.cpp:110] [0m[1;36mWindPlugin: received command -> speed=[0m[1;36m2.40258[0m[1;36m dir=[0m[1;36m-81.4647[0m[1;36m
[gzserver-2] [0m[1;36m[Dbg] [wind_plugin.cpp:110] [0m[1;36mWindPlugin: received command -> speed=[0m[1;36m2.40258[0m[1;36m dir=[0m[1;36m-81.4647[0m[1;36m
[gzserver-2] [0m[1;36m[Dbg] [wind_plugin.cpp:110] [0m[1;36mWindPlugin: received command -> speed=[0m[1;36m2.40258[0m[1;36m dir=[0m[1;36m-81.4647[0m[1;36m
[gzserver-2] [0m[1;36m[Dbg] [wind_plugin.cpp:110] [0m[1;36mWindPlugin: received command -> speed=[0m[1;36m2.40258[0m[1;36m dir=[0m[1;36m-81.4647[0m[1;36m
[gzserver-2] [0m[1;36m[Dbg] [wind_plugin.cpp:110] [0m[1;36mWindPlugin: received command -> speed=[0m[1;36m2.53857[0m[1;36m dir=[0m[1;36m-84.1702[0m[1;36m
[gzserver-2] [0m[1;36m[Dbg] [wind_plugin.cpp:110] [0m[1;36mWindPlugin: received command -> speed=[0m[1;36m2.53857[0m[1;36m dir=[0m[1;36m-84.1702[0m[1;36m
[gzserver-2] [0m[1;36m[Dbg] [wind_plugin.cpp:110] [0m[1;36mWindPlugin: received command -> speed=[0m[1;36m2.53857[0m[1;36m dir=[0m[1;36m-84.1702[0m[1;36m
[gzserver-2] [0m[1;36m[Dbg] [wind_plugin.cpp:110] [0m[1;36mWindPlugin: received command -> speed=[0m[1;36m2.53857[0m[1;36m dir=[0m[1;36m-84.1702[0m[1;36m
[gzserver-2] [0m[1;36m[Dbg] [wind_plugin.cpp:110] [0m[1;36mWindPlugin: received command -> speed=[0m[1;36m2.53857[0m[1;36m dir=[0m[1;36m-84.1702[0m[1;36m
[gzserver-2] [0m[1;36m[Dbg] [wind_plugin.cpp:110] [0m[1;36mWindPlugin: received command -> speed=[0m[1;36m2.34079[0m[1;36m dir=[0m[1;36m-82.8908[0m[1;36m
[gzserver-2] [0m[1;36m[Dbg] [wind_plugin.cpp:110] [0m[1;36mWindPlugin: received command -> speed=[0m[1;36m2.34079[0m[1;36m dir=[0m[1;36m-82.8908[0m[1;36m
[gzserver-2] [INFO] [1773159223.908745645] [gazebo_wind_plugin_node]: WindPlugin: set wind_speed=2.34 wind_direction=-82.9
[gzserver-2] [INFO] [1773159224.147984139] [gazebo_wind_plugin_node]: WindPlugin: set wind_speed=2.35 wind_direction=-82.6
[gzserver-2] [INFO] [1773159224.388094810] [gazebo_wind_plugin_node]: WindPlugin: set wind_speed=2.35 wind_direction=-82.6
[gzserver-2] [INFO] [1773159224.627734867] [gazebo_wind_plugin_node]: WindPlugin: set wind_speed=2.35 wind_direction=-82.6
[gzserver-2] [INFO] [1773159224.867851176] [gazebo_wind_plugin_node]: WindPlugin: set wind_speed=2.35 wind_direction=-82.6
[gzserver-2] [INFO] [1773159225.108207397] [gazebo_wind_plugin_node]: WindPlugin: set wind_speed=2.44 wind_direction=-85.1
[gzserver-2] [INFO] [1773159225.347743546] [gazebo_wind_plugin_node]: WindPlugin: set wind_speed=2.44 wind_direction=-85.1
[gzserver-2] [INFO] [1773159225.581959015] [gazebo_wind_plugin_node]: WindPlugin: set wind_speed=2.44 wind_direction=-85.1
[gzserver-2] [INFO] [1773159225.816398014] [gazebo_wind_plugin_node]: WindPlugin: set wind_speed=2.44 wind_direction=-85.1
[gzserver-2] [INFO] [1773159226.050568217] [gazebo_wind_plugin_node]: WindPlugin: set wind_speed=2.27 wind_direction=-85.1
[gzserver-2] [INFO] [1773159226.290191894] [gazebo_wind_plugin_node]: WindPlugin: set wind_speed=2.27 wind_direction=-85.1
[gzserver-2] [INFO] [1773159226.532709764] [gazebo_wind_plugin_node]: WindPlugin: set wind_speed=2.27 wind_direction=-85.1
[gzserver-2] [INFO] [1773159226.772085520] [gazebo_wind_plugin_node]: WindPlugin: set wind_speed=2.27 wind_direction=-85.1
[gzserver-2] [INFO] [1773159227.006851922] [gazebo_wind_plugin_node]: WindPlugin: set wind_speed=2.46 wind_direction=-83.7
[gzserver-2] [INFO] [1773159227.241394787] [gazebo_wind_plugin_node]: WindPlugin: set wind_speed=2.46 wind_direction=-83.7
[gzserver-2] [INFO] [1773159227.481302501] [gazebo_wind_plugin_node]: WindPlugin: set wind_speed=2.46 wind_direction=-83.7
[gzserver-2] [INFO] [1773159227.715003955] [gazebo_wind_plugin_node]: WindPlugin: set wind_speed=2.46 wind_direction=-83.7
[gzserver-2] [INFO] [1773159227.944115505] [gazebo_wind_plugin_node]: WindPlugin: set wind_speed=2.46 wind_direction=-83.7
[gzserver-2] [INFO] [1773159228.183022877] [gazebo_wind_plugin_node]: WindPlugin: set wind_speed=2.31 wind_direction=-85.6
[gzserver-2] [INFO] [1773159228.424969640] [gazebo_wind_plugin_node]: WindPlugin: set wind_speed=2.31 wind_direction=-85.6
[gzserver-2] [INFO] [1773159228.667038233] [gazebo_wind_plugin_node]: WindPlugin: set wind_speed=2.31 wind_direction=-85.6
[gzserver-2] [INFO] [1773159228.908829437] [gazebo_wind_plugin_node]: WindPlugin: set wind_speed=2.31 wind_direction=-85.6
[gzserver-2] [INFO] [1773159229.143617723] [gazebo_wind_plugin_node]: WindPlugin: set wind_speed=2.49 wind_direction=-83.6
[gzserver-2] [INFO] [1773159229.383050358] [gazebo_wind_plugin_node]: WindPlugin: set wind_speed=2.49 wind_direction=-83.6
[gzserver-2] [INFO] [1773159229.617327814] [gazebo_wind_plugin_node]: WindPlugin: set wind_speed=2.49 wind_direction=-83.6
[gzserver-2] [INFO] [1773159229.857617106] [gazebo_wind_plugin_node]: WindPlugin: set wind_speed=2.49 wind_direction=-83.6
[gzserver-2] [INFO] [1773159230.096961711] [gazebo_wind_plugin_node]: WindPlugin: set wind_speed=2.30 wind_direction=-83.1
[gzserver-2] [0m[1;36m[Dbg] [wind_plugin.cpp:110] [0m[1;36mWindPlugin: received command -> speed=[0m[1;36m2.34079[0m[1;36m dir=[0m[1;36m-82.8908[0m[1;36m
[gzserver-2] [0m[1;36m[Dbg] [wind_plugin.cpp:110] [0m[1;36mWindPlugin: received command -> speed=[0m[1;36m2.34079[0m[1;36m dir=[0m[1;36m-82.8908[0m[1;36m
[gzserver-2] [0m[1;36m[Dbg] [wind_plugin.cpp:110] [0m[1;36mWindPlugin: received command -> speed=[0m[1;36m2.34657[0m[1;36m dir=[0m[1;36m-82.6065[0m[1;36m
[gzserver-2] [0m[1;36m[Dbg] [wind_plugin.cpp:110] [0m[1;36mWindPlugin: received command -> speed=[0m[1;36m2.34657[0m[1;36m dir=[0m[1;36m-82.6065[0m[1;36m
[gzserver-2] [0m[1;36m[Dbg] [wind_plugin.cpp:110] [0m[1;36mWindPlugin: received command -> speed=[0m[1;36m2.34657[0m[1;36m dir=[0m[1;36m-82.6065[0m[1;36m
[gzserver-2] [0m[1;36m[Dbg] [wind_plugin.cpp:110] [0m[1;36mWindPlugin: received command -> speed=[0m[1;36m2.34657[0m[1;36m dir=[0m[1;36m-82.6065[0m[1;36m
[gzserver-2] [0m[1;36m[Dbg] [wind_plugin.cpp:110] [0m[1;36mWindPlugin: received command -> speed=[0m[1;36m2.44344[0m[1;36m dir=[0m[1;36m-85.1297[0m[1;36m
[gzserver-2] [0m[1;36m[Dbg] [wind_plugin.cpp:110] [0m[1;36mWindPlugin: received command -> speed=[0m[1;36m2.44344[0m[1;36m dir=[0m[1;36m-85.1297[0m[1;36m
[gzserver-2] [0m[1;36m[Dbg] [wind_plugin.cpp:110] [0m[1;36mWindPlugin: received command -> speed=[0m[1;36m2.44344[0m[1;36m dir=[0m[1;36m-85.1297[0m[1;36m
[gzserver-2] [0m[1;36m[Dbg] [wind_plugin.cpp:110] [0m[1;36mWindPlugin: received command -> speed=[0m[1;36m2.44344[0m[1;36m dir=[0m[1;36m-85.1297[0m[1;36m
[gzserver-2] [0m[1;36m[Dbg] [wind_plugin.cpp:110] [0m[1;36mWindPlugin: received command -> speed=[0m[1;36m2.27209[0m[1;36m dir=[0m[1;36m-85.1133[0m[1;36m
[gzserver-2] [0m[1;36m[Dbg] [wind_plugin.cpp:110] [0m[1;36mWindPlugin: received command -> speed=[0m[1;36m2.27209[0m[1;36m dir=[0m[1;36m-85.1133[0m[1;36m
[gzserver-2] [0m[1;36m[Dbg] [wind_plugin.cpp:110] [0m[1;36mWindPlugin: received command -> speed=[0m[1;36m2.27209[0m[1;36m dir=[0m[1;36m-85.1133[0m[1;36m
[gzserver-2] [0m[1;36m[Dbg] [wind_plugin.cpp:110] [0m[1;36mWindPlugin: received command -> speed=[0m[1;36m2.27209[0m[1;36m dir=[0m[1;36m-85.1133[0m[1;36m
[gzserver-2] [0m[1;36m[Dbg] [wind_plugin.cpp:110] [0m[1;36mWindPlugin: received command -> speed=[0m[1;36m2.45571[0m[1;36m dir=[0m[1;36m-83.709[0m[1;36m
[gzserver-2] [0m[1;36m[Dbg] [wind_plugin.cpp:110] [0m[1;36mWindPlugin: received command -> speed=[0m[1;36m2.45571[0m[1;36m dir=[0m[1;36m-83.709[0m[1;36m
[gzserver-2] [0m[1;36m[Dbg] [wind_plugin.cpp:110] [0m[1;36mWindPlugin: received command -> speed=[0m[1;36m2.45571[0m[1;36m dir=[0m[1;36m-83.709[0m[1;36m
[gzserver-2] [0m[1;36m[Dbg] [wind_plugin.cpp:110] [0m[1;36mWindPlugin: received command -> speed=[0m[1;36m2.45571[0m[1;36m dir=[0m[1;36m-83.709[0m[1;36m
[gzserver-2] [0m[1;36m[Dbg] [wind_plugin.cpp:110] [0m[1;36mWindPlugin: received command -> speed=[0m[1;36m2.45571[0m[1;36m dir=[0m[1;36m-83.709[0m[1;36m
[gzserver-2] [0m[1;36m[Dbg] [wind_plugin.cpp:110] [0m[1;36mWindPlugin: received command -> speed=[0m[1;36m2.30956[0m[1;36m dir=[0m[1;36m-85.5683[0m[1;36m
[gzserver-2] [0m[1;36m[Dbg] [wind_plugin.cpp:110] [0m[1;36mWindPlugin: received command -> speed=[0m[1;36m2.30956[0m[1;36m dir=[0m[1;36m-85.5683[0m[1;36m
[gzserver-2] [0m[1;36m[Dbg] [wind_plugin.cpp:110] [0m[1;36mWindPlugin: received command -> speed=[0m[1;36m2.30956[0m[1;36m dir=[0m[1;36m-85.5683[0m[1;36m
[gzserver-2] [0m[1;36m[Dbg] [wind_plugin.cpp:110] [0m[1;36mWindPlugin: received command -> speed=[0m[1;36m2.30956[0m[1;36m dir=[0m[1;36m-85.5683[0m[1;36m
[gzserver-2] [0m[1;36m[Dbg] [wind_plugin.cpp:110] [0m[1;36mWindPlugin: received command -> speed=[0m[1;36m2.48696[0m[1;36m dir=[0m[1;36m-83.5884[0m[1;36m
[gzserver-2] [0m[1;36m[Dbg] [wind_plugin.cpp:110] [0m[1;36mWindPlugin: received command -> speed=[0m[1;36m2.48696[0m[1;36m dir=[0m[1;36m-83.5884[0m[1;36m
[gzserver-2] [0m[1;36m[Dbg] [wind_plugin.cpp:110] [0m[1;36mWindPlugin: received command -> speed=[0m[1;36m2.48696[0m[1;36m dir=[0m[1;36m-83.5884[0m[1;36m
[gzserver-2] [0m[1;36m[Dbg] [wind_plugin.cpp:110] [0m[1;36mWindPlugin: received command -> speed=[0m[1;36m2.48696[0m[1;36m dir=[0m[1;36m-83.5884[0m[1;36m
[gzserver-2] [INFO] [1773159230.336525488] [gazebo_wind_plugin_node]: WindPlugin: set wind_speed=2.30 wind_direction=-83.1
[gzserver-2] [INFO] [1773159230.575970147] [gazebo_wind_plugin_node]: WindPlugin: set wind_speed=2.30 wind_direction=-83.1
[gzserver-2] [INFO] [1773159230.815177513] [gazebo_wind_plugin_node]: WindPlugin: set wind_speed=2.30 wind_direction=-83.1
[gzserver-2] [INFO] [1773159231.054076362] [gazebo_wind_plugin_node]: WindPlugin: set wind_speed=2.47 wind_direction=-85.0
[gzserver-2] [INFO] [1773159231.283302746] [gazebo_wind_plugin_node]: WindPlugin: set wind_speed=2.47 wind_direction=-85.0
[gzserver-2] [INFO] [1773159231.522720905] [gazebo_wind_plugin_node]: WindPlugin: set wind_speed=2.47 wind_direction=-85.0
[gzserver-2] [INFO] [1773159231.762065878] [gazebo_wind_plugin_node]: WindPlugin: set wind_speed=2.47 wind_direction=-85.0
[gzserver-2] [INFO] [1773159232.001701914] [gazebo_wind_plugin_node]: WindPlugin: set wind_speed=2.58 wind_direction=-84.5
[gzserver-2] [INFO] [1773159232.241245023] [gazebo_wind_plugin_node]: WindPlugin: set wind_speed=2.58 wind_direction=-84.5
[gzserver-2] [INFO] [1773159232.475873736] [gazebo_wind_plugin_node]: WindPlugin: set wind_speed=2.58 wind_direction=-84.5
[gzserver-2] [INFO] [1773159232.715995937] [gazebo_wind_plugin_node]: WindPlugin: set wind_speed=2.58 wind_direction=-84.5
[gzserver-2] [INFO] [1773159232.955955312] [gazebo_wind_plugin_node]: WindPlugin: set wind_speed=2.58 wind_direction=-84.5
[gzserver-2] [INFO] [1773159233.190311933] [gazebo_wind_plugin_node]: WindPlugin: set wind_speed=2.55 wind_direction=-86.0
[gzserver-2] [INFO] [1773159233.424881048] [gazebo_wind_plugin_node]: WindPlugin: set wind_speed=2.55 wind_direction=-86.0
[gzserver-2] [INFO] [1773159233.659354394] [gazebo_wind_plugin_node]: WindPlugin: set wind_speed=2.55 wind_direction=-86.0
[gzserver-2] [INFO] [1773159233.893548650] [gazebo_wind_plugin_node]: WindPlugin: set wind_speed=2.55 wind_direction=-86.0
[gzserver-2] [INFO] [1773159234.127546529] [gazebo_wind_plugin_node]: WindPlugin: set wind_speed=2.38 wind_direction=-84.0
[gzserver-2] [INFO] [1773159234.366973871] [gazebo_wind_plugin_node]: WindPlugin: set wind_speed=2.38 wind_direction=-84.0
[gzserver-2] [INFO] [1773159234.596079961] [gazebo_wind_plugin_node]: WindPlugin: set wind_speed=2.38 wind_direction=-84.0
[gzserver-2] [INFO] [1773159234.630659896] [drone.simple_drone]: Quadrotor lands!!
[gzserver-2] [INFO] [1773159234.832370311] [gazebo_wind_plugin_node]: WindPlugin: set wind_speed=2.38 wind_direction=-84.0
[gzserver-2] [INFO] [1773159235.072372999] [gazebo_wind_plugin_node]: WindPlugin: set wind_speed=2.33 wind_direction=-83.6
[gzserver-2] [INFO] [1773159235.311734693] [gazebo_wind_plugin_node]: WindPlugin: set wind_speed=2.33 wind_direction=-83.6
[gzserver-2] [INFO] [1773159235.551010545] [gazebo_wind_plugin_node]: WindPlugin: set wind_speed=2.33 wind_direction=-83.6
[gzserver-2] [0m[1;36m[Dbg] [wind_plugin.cpp:110] [0m[1;36mWindPlugin: received command -> speed=[0m[1;36m2.29926[0m[1;36m dir=[0m[1;36m-83.0616[0m[1;36m
[gzserver-2] [0m[1;36m[Dbg] [wind_plugin.cpp:110] [0m[1;36mWindPlugin: received command -> speed=[0m[1;36m2.29926[0m[1;36m dir=[0m[1;36m-83.0616[0m[1;36m
[gzserver-2] [0m[1;36m[Dbg] [wind_plugin.cpp:110] [0m[1;36mWindPlugin: received command -> speed=[0m[1;36m2.29926[0m[1;36m dir=[0m[1;36m-83.0616[0m[1;36m
[gzserver-2] [0m[1;36m[Dbg] [wind_plugin.cpp:110] [0m[1;36mWindPlugin: received command -> speed=[0m[1;36m2.29926[0m[1;36m dir=[0m[1;36m-83.0616[0m[1;36m
[gzserver-2] [0m[1;36m[Dbg] [wind_plugin.cpp:110] [0m[1;36mWindPlugin: received command -> speed=[0m[1;36m2.47379[0m[1;36m dir=[0m[1;36m-84.9873[0m[1;36m
[gzserver-2] [0m[1;36m[Dbg] [wind_plugin.cpp:110] [0m[1;36mWindPlugin: received command -> speed=[0m[1;36m2.47379[0m[1;36m dir=[0m[1;36m-84.9873[0m[1;36m
[gzserver-2] [0m[1;36m[Dbg] [wind_plugin.cpp:110] [0m[1;36mWindPlugin: received command -> speed=[0m[1;36m2.47379[0m[1;36m dir=[0m[1;36m-84.9873[0m[1;36m
[gzserver-2] [0m[1;36m[Dbg] [wind_plugin.cpp:110] [0m[1;36mWindPlugin: received command -> speed=[0m[1;36m2.47379[0m[1;36m dir=[0m[1;36m-84.9873[0m[1;36m
[gzserver-2] [0m[1;36m[Dbg] [wind_plugin.cpp:110] [0m[1;36mWindPlugin: received command -> speed=[0m[1;36m2.58142[0m[1;36m dir=[0m[1;36m-84.5417[0m[1;36m
[gzserver-2] [0m[1;36m[Dbg] [wind_plugin.cpp:110] [0m[1;36mWindPlugin: received command -> speed=[0m[1;36m2.58142[0m[1;36m dir=[0m[1;36m-84.5417[0m[1;36m
[gzserver-2] [0m[1;36m[Dbg] [wind_plugin.cpp:110] [0m[1;36mWindPlugin: received command -> speed=[0m[1;36m2.58142[0m[1;36m dir=[0m[1;36m-84.5417[0m[1;36m
[gzserver-2] [0m[1;36m[Dbg] [wind_plugin.cpp:110] [0m[1;36mWindPlugin: received command -> speed=[0m[1;36m2.58142[0m[1;36m dir=[0m[1;36m-84.5417[0m[1;36m
[gzserver-2] [0m[1;36m[Dbg] [wind_plugin.cpp:110] [0m[1;36mWindPlugin: received command -> speed=[0m[1;36m2.58142[0m[1;36m dir=[0m[1;36m-84.5417[0m[1;36m
[gzserver-2] [0m[1;36m[Dbg] [wind_plugin.cpp:110] [0m[1;36mWindPlugin: received command -> speed=[0m[1;36m2.54896[0m[1;36m dir=[0m[1;36m-85.9664[0m[1;36m
[gzserver-2] [0m[1;36m[Dbg] [wind_plugin.cpp:110] [0m[1;36mWindPlugin: received command -> speed=[0m[1;36m2.54896[0m[1;36m dir=[0m[1;36m-85.9664[0m[1;36m
[gzserver-2] [0m[1;36m[Dbg] [wind_plugin.cpp:110] [0m[1;36mWindPlugin: received command -> speed=[0m[1;36m2.54896[0m[1;36m dir=[0m[1;36m-85.9664[0m[1;36m
[gzserver-2] [0m[1;36m[Dbg] [wind_plugin.cpp:110] [0m[1;36mWindPlugin: received command -> speed=[0m[1;36m2.54896[0m[1;36m dir=[0m[1;36m-85.9664[0m[1;36m
[gzserver-2] [0m[1;36m[Dbg] [wind_plugin.cpp:110] [0m[1;36mWindPlugin: received command -> speed=[0m[1;36m2.37839[0m[1;36m dir=[0m[1;36m-83.9928[0m[1;36m
[gzserver-2] [0m[1;36m[Dbg] [wind_plugin.cpp:110] [0m[1;36mWindPlugin: received command -> speed=[0m[1;36m2.37839[0m[1;36m dir=[0m[1;36m-83.9928[0m[1;36m
[gzserver-2] [0m[1;36m[Dbg] [wind_plugin.cpp:110] [0m[1;36mWindPlugin: received command -> speed=[0m[1;36m2.37839[0m[1;36m dir=[0m[1;36m-83.9928[0m[1;36m
[gzserver-2] [0m[1;36m[Dbg] [wind_plugin.cpp:110] [0m[1;36mWindPlugin: received command -> speed=[0m[1;36m2.37839[0m[1;36m dir=[0m[1;36m-83.9928[0m[1;36m
[gzserver-2] [0m[1;36m[Dbg] [wind_plugin.cpp:110] [0m[1;36mWindPlugin: received command -> speed=[0m[1;36m2.3315[0m[1;36m dir=[0m[1;36m-83.5772[0m[1;36m
[gzserver-2] [0m[1;36m[Dbg] [wind_plugin.cpp:110] [0m[1;36mWindPlugin: received command -> speed=[0m[1;36m2.3315[0m[1;36m dir=[0m[1;36m-83.5772[0m[1;36m
[gzserver-2] [0m[1;36m[Dbg] [wind_plugin.cpp:110] [0m[1;36mWindPlugin: received command -> speed=[0m[1;36m2.3315[0m[1;36m dir=[0m[1;36m-83.5772[0m[1;36m
[gzserver-2] [0mLanded!
[gzserver-2] [INFO] [1773159235.785558849] [gazebo_wind_plugin_node]: WindPlugin: set wind_speed=2.33 wind_direction=-83.6
[gzserver-2] [INFO] [1773159236.027091654] [gazebo_wind_plugin_node]: WindPlugin: set wind_speed=2.35 wind_direction=-84.4
[gzserver-2] [INFO] [1773159236.267102620] [gazebo_wind_plugin_node]: WindPlugin: set wind_speed=2.35 wind_direction=-84.4
[gzserver-2] [INFO] [1773159236.502026019] [gazebo_wind_plugin_node]: WindPlugin: set wind_speed=2.35 wind_direction=-84.4
[gzserver-2] [INFO] [1773159236.735988369] [gazebo_wind_plugin_node]: WindPlugin: set wind_speed=2.35 wind_direction=-84.4
[gzserver-2] [INFO] [1773159236.970635562] [gazebo_wind_plugin_node]: WindPlugin: set wind_speed=2.35 wind_direction=-84.4
[gzserver-2] [INFO] [1773159237.199384889] [gazebo_wind_plugin_node]: WindPlugin: set wind_speed=2.51 wind_direction=-84.4
[gzserver-2] [INFO] [1773159237.438844007] [gazebo_wind_plugin_node]: WindPlugin: set wind_speed=2.51 wind_direction=-84.4
