[INFO] [launch]: All log files can be found below /home/j/.ros/log/2026-03-10-13-18-26-686594-j-1661440
[INFO] [launch]: Default logging verbosity is set to INFO
[INFO] [launch.user]: [bringup] Apriltag config: camera=/drone/bottom, image=/drone/bottom/image_raw, tags=/drone/bottom/tags, bridge=/landing_tag_state, standalone=true, use_target_id=true, target_id=0
[INFO] [rviz2-1]: process started with pid [1661443]
[INFO] [gzserver-2]: process started with pid [1661445]
[INFO] [robot_state_publisher-3]: process started with pid [1661447]
[INFO] [joint_state_publisher-4]: process started with pid [1661449]
[INFO] [spawn_drone-5]: process started with pid [1661451]
[INFO] [static_transform_publisher-6]: process started with pid [1661453]
[INFO] [joy_node-7]: process started with pid [1661455]
[INFO] [teleop_joystick-8]: process started with pid [1661457]
[INFO] [apriltag_detector_node-9]: process started with pid [1661459]
[INFO] [apriltag_state_bridge-10]: process started with pid [1661461]
[static_transform_publisher-6] [WARN] [1773116307.167606566] []: Old-style arguments are deprecated; see --help for new-style arguments
[static_transform_publisher-6] [INFO] [1773116307.173557064] [static_transform_publisher_CmCUOsX5lh7nSBQj]: Spinning until stopped - publishing transform
[static_transform_publisher-6] translation: ('0.000000', '0.000000', '0.000000')
[static_transform_publisher-6] rotation: ('0.000000', '0.000000', '0.000000', '1.000000')
[static_transform_publisher-6] from 'world' to '/drone/odom'
[robot_state_publisher-3] [INFO] [1773116307.181288893] [drone.robot_state_publisher]: got segment base_footprint
[robot_state_publisher-3] [INFO] [1773116307.181388833] [drone.robot_state_publisher]: got segment base_link
[robot_state_publisher-3] [INFO] [1773116307.181400963] [drone.robot_state_publisher]: got segment bottom_cam_link
[robot_state_publisher-3] [INFO] [1773116307.181409034] [drone.robot_state_publisher]: got segment front_cam_link
[robot_state_publisher-3] [INFO] [1773116307.181415957] [drone.robot_state_publisher]: got segment sonar_link
[rviz2-1] 
[rviz2-1] (rviz2:1661443): dbind-WARNING **: 13:18:27.187: Couldn't connect to accessibility bus: Failed to connect to socket /root/.cache/at-spi/bus_0: 허가 거부
[apriltag_detector_node-9] [INFO] [1773116307.190894922] [apriltag_detector_node]: tag detector type: umich
[teleop_joystick-8] Traceback (most recent call last):
[teleop_joystick-8]   File "/home/j/INCSL/IICC26_ws/install/sjtu_drone_control/lib/sjtu_drone_control/teleop_joystick", line 33, in <module>
[teleop_joystick-8]     sys.exit(load_entry_point('sjtu_drone_control==0.0.0', 'console_scripts', 'teleop_joystick')())
[teleop_joystick-8]   File "/home/j/INCSL/IICC26_ws/install/sjtu_drone_control/lib/sjtu_drone_control/teleop_joystick", line 22, in importlib_load_entry_point
[teleop_joystick-8]     for entry_point in distribution(dist_name).entry_points
[teleop_joystick-8]   File "/usr/lib/python3.10/importlib/metadata/__init__.py", line 969, in distribution
[teleop_joystick-8]     return Distribution.from_name(distribution_name)
[teleop_joystick-8]   File "/usr/lib/python3.10/importlib/metadata/__init__.py", line 548, in from_name
[teleop_joystick-8]     raise PackageNotFoundError(name)
[teleop_joystick-8] importlib.metadata.PackageNotFoundError: No package metadata was found for sjtu_drone_control
[ERROR] [teleop_joystick-8]: process has died [pid 1661457, exit code 1, cmd '/home/j/INCSL/IICC26_ws/install/sjtu_drone_control/lib/sjtu_drone_control/teleop_joystick --ros-args -r __ns:=/drone'].
[gzserver-2] Gazebo multi-robot simulator, version 11.10.2
[gzserver-2] Copyright (C) 2012 Open Source Robotics Foundation.
[gzserver-2] Released under the Apache 2 License.
[gzserver-2] http://gazebosim.org
[gzserver-2] 
[apriltag_state_bridge-10] [INFO] [1773116307.379358670] [apriltag_state_bridge]: AprilTag bridge started: /drone/bottom/tags -> /landing_tag_state, use_target_id=True, target_id=0
[joint_state_publisher-4] [INFO] [1773116307.423904450] [drone.joint_state_publisher]: Waiting for robot_description to be published on the robot_description topic...
[gzserver-2] [1;33m[Wrn] [gazebo_ros_init.cpp:178] [0m[1;33m
[gzserver-2] #     # ####### ####### ###  #####  #######
[gzserver-2] ##    # #     #    #     #  #     # #
[gzserver-2] # #   # #     #    #     #  #       #
[gzserver-2] #  #  # #     #    #     #  #       #####
[gzserver-2] #   # # #     #    #     #  #       #
[gzserver-2] #    ## #     #    #     #  #     # #
[gzserver-2] #     # #######    #    ###  #####  #######
[gzserver-2] 
[gzserver-2] This version of Gazebo, now called Gazebo classic, reaches end-of-life
[gzserver-2] in January 2025. Users are highly encouraged to migrate to the new Gazebo
[gzserver-2] using our migration guides (https://gazebosim.org/docs/latest/gazebo_classic_migration?utm_source=gazebo_ros_pkgs&utm_medium=cli)
[gzserver-2] 
[gzserver-2] [0m[1;33m
[rviz2-1] [INFO] [1773116307.970265710] [rviz2]: Stereo is NOT SUPPORTED
[rviz2-1] [INFO] [1773116307.970357433] [rviz2]: OpenGl version: 4.6 (GLSL 4.6)
[rviz2-1] [INFO] [1773116308.060697050] [rviz2]: Stereo is NOT SUPPORTED
[rviz2-1] [INFO] [1773116308.152257978] [rviz2]: Stereo is NOT SUPPORTED
[spawn_drone-5] [INFO] [1773116308.576648489] [spawn_drone]: Result False Entity pushed to spawn queue, but spawn service timed outwaiting for entity to appear in simulation under the name [/drone]
[gzserver-2] [1;32m[Msg] [0m[1;32mWaiting for master.[0m[1;32m
[gzserver-2] [0m[1;32m[0m[1;32m[0m[1;32m[Msg] [0m[1;32mConnected to gazebo master @ [0m[1;32mhttp://127.0.0.1:11345[0m[1;32m
[gzserver-2] [0m[1;32m[0m[1;32m[0m[1;32m[Msg] [0m[1;32mPublicized address: [0m[1;32m172.16.52.147[0m[1;32m
[gzserver-2] [0m[1;32m[0m[1;32m[0m[1;32m[Msg] [0m[1;32mLoading world file [[0m[1;32m/home/j/INCSL/IICC26_ws/install/sjtu_drone_description/share/sjtu_drone_description/worlds/landingPad.world[0m[1;32m][0m[1;32m
[gzserver-2] [0m[1;32m[0m[1;32m[0m[1;36m[Dbg] [wind_plugin.cpp:96] [0m[1;36mWindPlugin loaded: speed=[0m[1;36m0[0m[1;36m dir=[0m[1;36m0[0m[1;36m deg area=[0m[1;36m0.1[0m[1;36m coeff=[0m[1;36m1[0m[1;36m
[gzserver-2] [0m[1;33m[0m[1;33m[0m[1;31m[Err] [Sensor.cc:510] [0m[1;31mGet noise index not valid[0m[1;31m
[gzserver-2] [0m[1;31m[0m[1;31m[0m[1;31m[Err] [Sensor.cc:510] [0m[1;31mGet noise index not valid[0m[1;31m
[gzserver-2] [0m[1;31m[0m[1;31m[0m[1;31m[Err] [Sensor.cc:510] [0m[1;31mGet noise index not valid[0m[1;31m
[gzserver-2] [0m[1;31m[0m[1;31m[0m[1;31m[Err] [Sensor.cc:510] [0m[1;31mGet noise index not valid[0m[1;31m
[gzserver-2] [0m[1;31m[0m[1;31m[0m[1;31m[Err] [Sensor.cc:510] [0m[1;31mGet noise index not valid[0m[1;31m
[gzserver-2] [0m[1;31m[0m[1;31m[0m[1;31m[Err] [Sensor.cc:510] [0m[1;31mGet noise index not valid[0m[1;31m
[gzserver-2] [0m[1;31m[0m[1;31m[0mTopic [default//drone/base_footprint/down_camera/image] is not valid.
[gzserver-2] Topic [default//drone/base_footprint/front_camera/image] is not valid.
[gzserver-2] [INFO] [1773116308.609511256] [drone.collision_plugin]: Publishing contact states to [/drone/bumper_states]
[gzserver-2] [1;33m[Wrn] [Event.cc:61] [0m[1;33mWarning: Deleting a connection right after creation. [0m[1;33mMake sure to save the ConnectionPtr from a Connect call
[INFO] [spawn_drone-5]: process has finished cleanly [pid 1661451]
[gzserver-2] [0m[INFO] [1773116309.187381157] [drone.camera_bottom]: Publishing camera info to [/drone/bottom/camera_info]
[gzserver-2] [INFO] [1773116309.191776765] [drone.camera_front]: Publishing camera info to [/drone/front/camera_info]
[gzserver-2] [INFO] [1773116309.312974294] [drone.simple_drone]: The drone plugin is loading!
[gzserver-2] [INFO] [1773116309.313187165] [drone.simple_drone]: pub_odom: 1
[gzserver-2] [INFO] [1773116309.313223843] [drone.simple_drone]: Using following parameters: 
[gzserver-2] 		link_name: base_footprint,
[gzserver-2] 		max_force: 30,
[gzserver-2] 		motion_small_noise: 0,
[gzserver-2] 		motion_drift_noise: 0,
[gzserver-2] 		motion_drift_noise_time: 50,
[gzserver-2] 		takeoff_hover_height: 1.81,
[gzserver-2] 		takeoff_vertical_speed: 0.2
[gzserver-2] [INFO] [1773116309.324793898] [drone.simple_drone]: Using the PID parameters: 
[gzserver-2] 	Roll Pitch:
[gzserver-2] 		kP: 10, kI: 0,kD: 5, Limit: 0.5, Time Constant: 0
[gzserver-2] 	Yaw:
[gzserver-2] 		kP: 2, kI: 0,kD: 1, Limit: 1.5, Time Constant: 0
[gzserver-2] 	Velocity X:
[gzserver-2] 		kP: 5, kI: 0,kD: 2.3, Limit: 2, Time Constant: 0
[gzserver-2] 	Velocity Y:
[gzserver-2] 		kP: 5, kI: 0,kD: 2.3, Limit: 2, Time Constant: 0
[gzserver-2] 	Velocity Z:
[gzserver-2] 		kP: 5, kI: 0,kD: 1, Limit: -1, Time Constant: 0
[gzserver-2] 	Position XY:
[gzserver-2] 		kP: 1.1, kI: 0,kD: 0, Limit: 5, Time Constant: 0
[gzserver-2] 	Position Z:
[gzserver-2] 		kP: 1, kI: 0,kD: 0.2, Limit: -1, Time Constant: 0
[gzserver-2] [INFO] [1773116309.324938138] [drone.simple_drone]: The drone plugin finished loading!
[gzserver-2] [INFO] [1773116316.512335210] [gazebo_wind_plugin_node]: WindPlugin: set wind_speed=0.00 wind_direction=0.0
[gzserver-2] [INFO] [1773116316.777066407] [gazebo_wind_plugin_node]: WindPlugin: set wind_speed=0.00 wind_direction=0.0
[gzserver-2] [INFO] [1773116316.815151821] [drone.simple_drone]: Quadrotor takes off!!
[gzserver-2] [INFO] [1773116317.016272250] [gazebo_wind_plugin_node]: WindPlugin: set wind_speed=0.00 wind_direction=0.0
[gzserver-2] [INFO] [1773116317.255892340] [gazebo_wind_plugin_node]: WindPlugin: set wind_speed=0.00 wind_direction=0.0
[gzserver-2] [INFO] [1773116317.496351759] [gazebo_wind_plugin_node]: WindPlugin: set wind_speed=0.00 wind_direction=0.0
[gzserver-2] [INFO] [1773116317.735607995] [gazebo_wind_plugin_node]: WindPlugin: set wind_speed=0.00 wind_direction=0.0
[gzserver-2] [INFO] [1773116317.974342620] [gazebo_wind_plugin_node]: WindPlugin: set wind_speed=0.00 wind_direction=0.0
[gzserver-2] [INFO] [1773116318.213934201] [gazebo_wind_plugin_node]: WindPlugin: set wind_speed=0.00 wind_direction=0.0
[gzserver-2] [0m[1;36m[Dbg] [wind_plugin.cpp:110] [0m[1;36mWindPlugin: received command -> speed=[0m[1;36m0[0m[1;36m dir=[0m[1;36m0[0m[1;36m
[gzserver-2] [0m[1;36m[Dbg] [wind_plugin.cpp:110] [0m[1;36mWindPlugin: received command -> speed=[0m[1;36m0[0m[1;36m dir=[0m[1;36m0[0m[1;36m
[gzserver-2] [0m[1;36m[Dbg] [wind_plugin.cpp:110] [0m[1;36mWindPlugin: received command -> speed=[0m[1;36m0[0m[1;36m dir=[0m[1;36m0[0m[1;36m
[gzserver-2] [0m[1;36m[Dbg] [wind_plugin.cpp:110] [0m[1;36mWindPlugin: received command -> speed=[0m[1;36m0[0m[1;36m dir=[0m[1;36m0[0m[1;36m
[gzserver-2] [0m[1;36m[Dbg] [wind_plugin.cpp:110] [0m[1;36mWindPlugin: received command -> speed=[0m[1;36m0[0m[1;36m dir=[0m[1;36m0[0m[1;36m
[gzserver-2] [0m[1;36m[Dbg] [wind_plugin.cpp:110] [0m[1;36mWindPlugin: received command -> speed=[0m[1;36m0[0m[1;36m dir=[0m[1;36m0[0m[1;36m
[gzserver-2] [0m[1;36m[Dbg] [wind_plugin.cpp:110] [0m[1;36mWindPlugin: received command -> speed=[0m[1;36m0[0m[1;36m dir=[0m[1;36m0[0m[1;36m
[gzserver-2] [0m[1;36m[Dbg] [wind_plugin.cpp:110] [0m[1;36mWindPlugin: received command -> speed=[0m[1;36m0[0m[1;36m dir=[0m[1;36m0[0m[1;36m
[gzserver-2] [0mEntering flying model!
[gzserver-2] [INFO] [1773116318.453378591] [gazebo_wind_plugin_node]: WindPlugin: set wind_speed=0.00 wind_direction=0.0
[gzserver-2] [INFO] [1773116318.688447336] [gazebo_wind_plugin_node]: WindPlugin: set wind_speed=0.70 wind_direction=-76.6
[gzserver-2] [INFO] [1773116318.928036961] [gazebo_wind_plugin_node]: WindPlugin: set wind_speed=0.70 wind_direction=-76.6
[gzserver-2] [INFO] [1773116319.162446241] [gazebo_wind_plugin_node]: WindPlugin: set wind_speed=0.98 wind_direction=-79.6
[gzserver-2] [INFO] [1773116319.401877432] [gazebo_wind_plugin_node]: WindPlugin: set wind_speed=0.98 wind_direction=-79.6
[gzserver-2] [INFO] [1773116319.641075718] [gazebo_wind_plugin_node]: WindPlugin: set wind_speed=0.98 wind_direction=-79.6
[gzserver-2] [INFO] [1773116319.880626715] [gazebo_wind_plugin_node]: WindPlugin: set wind_speed=0.98 wind_direction=-79.6
[gzserver-2] [INFO] [1773116320.109359894] [gazebo_wind_plugin_node]: WindPlugin: set wind_speed=0.95 wind_direction=-76.3
[gzserver-2] [INFO] [1773116320.338746291] [gazebo_wind_plugin_node]: WindPlugin: set wind_speed=0.95 wind_direction=-76.3
[gzserver-2] [INFO] [1773116320.578169829] [gazebo_wind_plugin_node]: WindPlugin: set wind_speed=0.95 wind_direction=-76.3
[gzserver-2] [INFO] [1773116320.814072645] [gazebo_wind_plugin_node]: WindPlugin: set wind_speed=0.95 wind_direction=-76.3
[gzserver-2] [INFO] [1773116321.043108784] [gazebo_wind_plugin_node]: WindPlugin: set wind_speed=0.71 wind_direction=-77.3
[gzserver-2] [INFO] [1773116321.282747055] [gazebo_wind_plugin_node]: WindPlugin: set wind_speed=0.71 wind_direction=-77.3
[gzserver-2] [INFO] [1773116321.516426221] [gazebo_wind_plugin_node]: WindPlugin: set wind_speed=0.71 wind_direction=-77.3
[gzserver-2] [INFO] [1773116321.554512917] [drone.simple_drone]: Quadrotor lands!!
[gzserver-2] [INFO] [1773116321.756053971] [gazebo_wind_plugin_node]: WindPlugin: set wind_speed=0.71 wind_direction=-77.3
[gzserver-2] [INFO] [1773116321.990748416] [gazebo_wind_plugin_node]: WindPlugin: set wind_speed=0.71 wind_direction=-77.3
[gzserver-2] [INFO] [1773116322.233808237] [gazebo_wind_plugin_node]: WindPlugin: set wind_speed=0.81 wind_direction=-75.1
[gzserver-2] [INFO] [1773116322.468380535] [gazebo_wind_plugin_node]: WindPlugin: set wind_speed=0.81 wind_direction=-75.1
[gzserver-2] [1;36m[Dbg] [wind_plugin.cpp:110] [0m[1;36mWindPlugin: received command -> speed=[0m[1;36m0[0m[1;36m dir=[0m[1;36m0[0m[1;36m
[gzserver-2] [0m[1;36m[Dbg] [wind_plugin.cpp:110] [0m[1;36mWindPlugin: received command -> speed=[0m[1;36m0.70261[0m[1;36m dir=[0m[1;36m-76.6081[0m[1;36m
[gzserver-2] [0m[1;36m[Dbg] [wind_plugin.cpp:110] [0m[1;36mWindPlugin: received command -> speed=[0m[1;36m0.70261[0m[1;36m dir=[0m[1;36m-76.6081[0m[1;36m
[gzserver-2] [0m[1;36m[Dbg] [wind_plugin.cpp:110] [0m[1;36mWindPlugin: received command -> speed=[0m[1;36m0.977472[0m[1;36m dir=[0m[1;36m-79.5545[0m[1;36m
[gzserver-2] [0m[1;36m[Dbg] [wind_plugin.cpp:110] [0m[1;36mWindPlugin: received command -> speed=[0m[1;36m0.977472[0m[1;36m dir=[0m[1;36m-79.5545[0m[1;36m
[gzserver-2] [0m[1;36m[Dbg] [wind_plugin.cpp:110] [0m[1;36mWindPlugin: received command -> speed=[0m[1;36m0.977472[0m[1;36m dir=[0m[1;36m-79.5545[0m[1;36m
[gzserver-2] [0m[1;36m[Dbg] [wind_plugin.cpp:110] [0m[1;36mWindPlugin: received command -> speed=[0m[1;36m0.977472[0m[1;36m dir=[0m[1;36m-79.5545[0m[1;36m
[gzserver-2] [0m[1;36m[Dbg] [wind_plugin.cpp:110] [0m[1;36mWindPlugin: received command -> speed=[0m[1;36m0.953279[0m[1;36m dir=[0m[1;36m-76.2815[0m[1;36m
[gzserver-2] [0m[1;36m[Dbg] [wind_plugin.cpp:110] [0m[1;36mWindPlugin: received command -> speed=[0m[1;36m0.953279[0m[1;36m dir=[0m[1;36m-76.2815[0m[1;36m
[gzserver-2] [0m[1;36m[Dbg] [wind_plugin.cpp:110] [0m[1;36mWindPlugin: received command -> speed=[0m[1;36m0.953279[0m[1;36m dir=[0m[1;36m-76.2815[0m[1;36m
[gzserver-2] [0m[1;36m[Dbg] [wind_plugin.cpp:110] [0m[1;36mWindPlugin: received command -> speed=[0m[1;36m0.953279[0m[1;36m dir=[0m[1;36m-76.2815[0m[1;36m
[gzserver-2] [0m[1;36m[Dbg] [wind_plugin.cpp:110] [0m[1;36mWindPlugin: received command -> speed=[0m[1;36m0.710787[0m[1;36m dir=[0m[1;36m-77.3497[0m[1;36m
[gzserver-2] [0m[1;36m[Dbg] [wind_plugin.cpp:110] [0m[1;36mWindPlugin: received command -> speed=[0m[1;36m0.710787[0m[1;36m dir=[0m[1;36m-77.3497[0m[1;36m
[gzserver-2] [0m[1;36m[Dbg] [wind_plugin.cpp:110] [0m[1;36mWindPlugin: received command -> speed=[0m[1;36m0.710787[0m[1;36m dir=[0m[1;36m-77.3497[0m[1;36m
[gzserver-2] [0m[1;36m[Dbg] [wind_plugin.cpp:110] [0m[1;36mWindPlugin: received command -> speed=[0m[1;36m0.710787[0m[1;36m dir=[0m[1;36m-77.3497[0m[1;36m
[gzserver-2] [0m[1;36m[Dbg] [wind_plugin.cpp:110] [0m[1;36mWindPlugin: received command -> speed=[0m[1;36m0.710787[0m[1;36m dir=[0m[1;36m-77.3497[0m[1;36m
[gzserver-2] [0m[1;36m[Dbg] [wind_plugin.cpp:110] [0m[1;36mWindPlugin: received command -> speed=[0m[1;36m0.811775[0m[1;36m dir=[0m[1;36m-75.0959[0m[1;36m
[gzserver-2] [0m[1;36m[Dbg] [wind_plugin.cpp:110] [0m[1;36mWindPlugin: received command -> speed=[0m[1;36m0.811775[0m[1;36m dir=[0m[1;36m-75.0959[0m[1;36m
[gzserver-2] [0mLanded!
[gzserver-2] [INFO] [1773116322.707783118] [gazebo_wind_plugin_node]: WindPlugin: set wind_speed=0.81 wind_direction=-75.1
[gzserver-2] [INFO] [1773116322.946930553] [gazebo_wind_plugin_node]: WindPlugin: set wind_speed=0.81 wind_direction=-75.1
[gzserver-2] [INFO] [1773116323.184786806] [gazebo_wind_plugin_node]: WindPlugin: set wind_speed=0.91 wind_direction=-76.8
[gzserver-2] [INFO] [1773116323.419331725] [gazebo_wind_plugin_node]: WindPlugin: set wind_speed=0.91 wind_direction=-76.8
[gzserver-2] [INFO] [1773116323.653231089] [gazebo_wind_plugin_node]: WindPlugin: set wind_speed=0.91 wind_direction=-76.8
[gzserver-2] [INFO] [1773116323.882697649] [gazebo_wind_plugin_node]: WindPlugin: set wind_speed=0.91 wind_direction=-76.8
[gzserver-2] [INFO] [1773116324.118229540] [gazebo_wind_plugin_node]: WindPlugin: set wind_speed=0.90 wind_direction=-79.0
[gzserver-2] [INFO] [1773116324.357867346] [gazebo_wind_plugin_node]: WindPlugin: set wind_speed=0.90 wind_direction=-79.0
