[INFO] [launch]: All log files can be found below /home/j/.ros/log/2026-03-11-03-01-51-632698-j-3427543
[INFO] [launch]: Default logging verbosity is set to INFO
[INFO] [launch.user]: [bringup] Apriltag config: camera=/drone/bottom, image=/drone/bottom/image_raw, tags=/drone/bottom/tags, bridge=/landing_tag_state, standalone=true, use_target_id=true, target_id=0
[INFO] [rviz2-1]: process started with pid [3427544]
[INFO] [gzserver-2]: process started with pid [3427546]
[INFO] [robot_state_publisher-3]: process started with pid [3427548]
[INFO] [joint_state_publisher-4]: process started with pid [3427550]
[INFO] [spawn_drone-5]: process started with pid [3427552]
[INFO] [static_transform_publisher-6]: process started with pid [3427554]
[INFO] [joy_node-7]: process started with pid [3427556]
[INFO] [teleop_joystick-8]: process started with pid [3427558]
[INFO] [apriltag_detector_node-9]: process started with pid [3427560]
[INFO] [apriltag_state_bridge-10]: process started with pid [3427562]
[static_transform_publisher-6] [WARN] [1773165712.109784277] []: Old-style arguments are deprecated; see --help for new-style arguments
[static_transform_publisher-6] [INFO] [1773165712.117011071] [static_transform_publisher_HqHI1J8AfTaLstJN]: Spinning until stopped - publishing transform
[static_transform_publisher-6] translation: ('0.000000', '0.000000', '0.000000')
[static_transform_publisher-6] rotation: ('0.000000', '0.000000', '0.000000', '1.000000')
[static_transform_publisher-6] from 'world' to '/drone/odom'
[rviz2-1] 
[rviz2-1] (rviz2:3427544): dbind-WARNING **: 03:01:52.141: Couldn't connect to accessibility bus: Failed to connect to socket /root/.cache/at-spi/bus_0: 허가 거부
[robot_state_publisher-3] [INFO] [1773165712.144493568] [drone.robot_state_publisher]: got segment base_footprint
[robot_state_publisher-3] [INFO] [1773165712.144551122] [drone.robot_state_publisher]: got segment base_link
[robot_state_publisher-3] [INFO] [1773165712.144556912] [drone.robot_state_publisher]: got segment bottom_cam_link
[robot_state_publisher-3] [INFO] [1773165712.144560115] [drone.robot_state_publisher]: got segment front_cam_link
[robot_state_publisher-3] [INFO] [1773165712.144562903] [drone.robot_state_publisher]: got segment sonar_link
[apriltag_detector_node-9] [INFO] [1773165712.149834358] [apriltag_detector_node]: tag detector type: umich
[teleop_joystick-8] Traceback (most recent call last):
[teleop_joystick-8]   File "/home/j/INCSL/IICC26_ws/install/sjtu_drone_control/lib/sjtu_drone_control/teleop_joystick", line 33, in <module>
[teleop_joystick-8]     sys.exit(load_entry_point('sjtu_drone_control==0.0.0', 'console_scripts', 'teleop_joystick')())
[teleop_joystick-8]   File "/home/j/INCSL/IICC26_ws/install/sjtu_drone_control/lib/sjtu_drone_control/teleop_joystick", line 22, in importlib_load_entry_point
[teleop_joystick-8]     for entry_point in distribution(dist_name).entry_points
[teleop_joystick-8]   File "/usr/lib/python3.10/importlib/metadata/__init__.py", line 969, in distribution
[teleop_joystick-8]     return Distribution.from_name(distribution_name)
[teleop_joystick-8]   File "/usr/lib/python3.10/importlib/metadata/__init__.py", line 548, in from_name
[teleop_joystick-8]     raise PackageNotFoundError(name)
[teleop_joystick-8] importlib.metadata.PackageNotFoundError: No package metadata was found for sjtu_drone_control
[ERROR] [teleop_joystick-8]: process has died [pid 3427558, exit code 1, cmd '/home/j/INCSL/IICC26_ws/install/sjtu_drone_control/lib/sjtu_drone_control/teleop_joystick --ros-args -r __ns:=/drone'].
[gzserver-2] Gazebo multi-robot simulator, version 11.10.2
[gzserver-2] Copyright (C) 2012 Open Source Robotics Foundation.
[gzserver-2] Released under the Apache 2 License.
[gzserver-2] http://gazebosim.org
[gzserver-2] 
[apriltag_state_bridge-10] [INFO] [1773165712.336892234] [apriltag_state_bridge]: AprilTag bridge started: /drone/bottom/tags -> /landing_tag_state, use_target_id=True, target_id=0
[joint_state_publisher-4] [INFO] [1773165712.369167989] [drone.joint_state_publisher]: Waiting for robot_description to be published on the robot_description topic...
[gzserver-2] [1;33m[Wrn] [gazebo_ros_init.cpp:178] [0m[1;33m
[gzserver-2] #     # ####### ####### ###  #####  #######
[gzserver-2] ##    # #     #    #     #  #     # #
[gzserver-2] # #   # #     #    #     #  #       #
[gzserver-2] #  #  # #     #    #     #  #       #####
[gzserver-2] #   # # #     #    #     #  #       #
[gzserver-2] #    ## #     #    #     #  #     # #
[gzserver-2] #     # #######    #    ###  #####  #######
[gzserver-2] 
[gzserver-2] This version of Gazebo, now called Gazebo classic, reaches end-of-life
[gzserver-2] in January 2025. Users are highly encouraged to migrate to the new Gazebo
[gzserver-2] using our migration guides (https://gazebosim.org/docs/latest/gazebo_classic_migration?utm_source=gazebo_ros_pkgs&utm_medium=cli)
[gzserver-2] 
[gzserver-2] [0m[1;33m
[rviz2-1] [INFO] [1773165712.965994462] [rviz2]: Stereo is NOT SUPPORTED
[rviz2-1] [INFO] [1773165712.966118888] [rviz2]: OpenGl version: 4.6 (GLSL 4.6)
[rviz2-1] [INFO] [1773165713.047990545] [rviz2]: Stereo is NOT SUPPORTED
[rviz2-1] [INFO] [1773165713.139239407] [rviz2]: Stereo is NOT SUPPORTED
[spawn_drone-5] [INFO] [1773165713.521964170] [spawn_drone]: Result False Entity pushed to spawn queue, but spawn service timed outwaiting for entity to appear in simulation under the name [/drone]
[gzserver-2] [1;32m[Msg] [0m[1;32mWaiting for master.[0m[1;32m
[gzserver-2] [0m[1;32m[0m[1;32m[0m[1;32m[Msg] [0m[1;32mConnected to gazebo master @ [0m[1;32mhttp://127.0.0.1:11345[0m[1;32m
[gzserver-2] [0m[1;32m[0m[1;32m[0m[1;32m[Msg] [0m[1;32mPublicized address: [0m[1;32m192.168.0.11[0m[1;32m
[gzserver-2] [0m[1;32m[0m[1;32m[0m[1;32m[Msg] [0m[1;32mLoading world file [[0m[1;32m/home/j/INCSL/IICC26_ws/install/sjtu_drone_description/share/sjtu_drone_description/worlds/landingPad.world[0m[1;32m][0m[1;32m
[gzserver-2] [0m[1;32m[0m[1;32m[0m[1;36m[Dbg] [wind_plugin.cpp:96] [0m[1;36mWindPlugin loaded: speed=[0m[1;36m0[0m[1;36m dir=[0m[1;36m0[0m[1;36m deg area=[0m[1;36m0.1[0m[1;36m coeff=[0m[1;36m1[0m[1;36m
[gzserver-2] [0m[1;33m[0m[1;33m[0m[1;31m[Err] [Sensor.cc:510] [0m[1;31mGet noise index not valid[0m[1;31m
[gzserver-2] [0m[1;31m[0m[1;31m[0m[1;31m[Err] [Sensor.cc:510] [0m[1;31mGet noise index not valid[0m[1;31m
[gzserver-2] [0m[1;31m[0m[1;31m[0m[1;31m[Err] [Sensor.cc:510] [0m[1;31mGet noise index not valid[0m[1;31m
[gzserver-2] [0m[1;31m[0m[1;31m[0m[1;31m[Err] [Sensor.cc:510] [0m[1;31mGet noise index not valid[0m[1;31m
[gzserver-2] [0m[1;31m[0m[1;31m[0m[1;31m[Err] [Sensor.cc:510] [0m[1;31mGet noise index not valid[0m[1;31m
[gzserver-2] [0m[1;31m[0m[1;31m[0m[1;31m[Err] [Sensor.cc:510] [0m[1;31mGet noise index not valid[0m[1;31m
[gzserver-2] [0m[1;31m[0m[1;31m[0mTopic [default//drone/base_footprint/down_camera/image] is not valid.
[gzserver-2] Topic [default//drone/base_footprint/front_camera/image] is not valid.
[gzserver-2] [INFO] [1773165713.551765467] [drone.collision_plugin]: Publishing contact states to [/drone/bumper_states]
[gzserver-2] [1;33m[Wrn] [Event.cc:61] [0m[1;33mWarning: Deleting a connection right after creation. [0m[1;33mMake sure to save the ConnectionPtr from a Connect call
[INFO] [spawn_drone-5]: process has finished cleanly [pid 3427552]
[gzserver-2] [0m[INFO] [1773165714.126028310] [drone.camera_bottom]: Publishing camera info to [/drone/bottom/camera_info]
[gzserver-2] [INFO] [1773165714.131057481] [drone.camera_front]: Publishing camera info to [/drone/front/camera_info]
[gzserver-2] [INFO] [1773165714.253097049] [drone.simple_drone]: The drone plugin is loading!
[gzserver-2] [INFO] [1773165714.253291120] [drone.simple_drone]: pub_odom: 1
[gzserver-2] [INFO] [1773165714.253327048] [drone.simple_drone]: Using following parameters: 
[gzserver-2] 		link_name: base_footprint,
[gzserver-2] 		max_force: 30,
[gzserver-2] 		motion_small_noise: 0,
[gzserver-2] 		motion_drift_noise: 0,
[gzserver-2] 		motion_drift_noise_time: 50,
[gzserver-2] 		takeoff_hover_height: 1.93,
[gzserver-2] 		takeoff_vertical_speed: 0.2
[gzserver-2] [INFO] [1773165714.264780501] [drone.simple_drone]: Using the PID parameters: 
[gzserver-2] 	Roll Pitch:
[gzserver-2] 		kP: 10, kI: 0,kD: 5, Limit: 0.5, Time Constant: 0
[gzserver-2] 	Yaw:
[gzserver-2] 		kP: 2, kI: 0,kD: 1, Limit: 1.5, Time Constant: 0
[gzserver-2] 	Velocity X:
[gzserver-2] 		kP: 5, kI: 0,kD: 2.3, Limit: 2, Time Constant: 0
[gzserver-2] 	Velocity Y:
[gzserver-2] 		kP: 5, kI: 0,kD: 2.3, Limit: 2, Time Constant: 0
[gzserver-2] 	Velocity Z:
[gzserver-2] 		kP: 5, kI: 0,kD: 1, Limit: -1, Time Constant: 0
[gzserver-2] 	Position XY:
[gzserver-2] 		kP: 1.1, kI: 0,kD: 0, Limit: 5, Time Constant: 0
[gzserver-2] 	Position Z:
[gzserver-2] 		kP: 1, kI: 0,kD: 0.2, Limit: -1, Time Constant: 0
[gzserver-2] [INFO] [1773165714.264916645] [drone.simple_drone]: The drone plugin finished loading!
[gzserver-2] [INFO] [1773165721.463068587] [gazebo_wind_plugin_node]: WindPlugin: set wind_speed=0.00 wind_direction=0.0
[gzserver-2] [INFO] [1773165721.735263138] [gazebo_wind_plugin_node]: WindPlugin: set wind_speed=0.00 wind_direction=0.0
[gzserver-2] [INFO] [1773165721.774408364] [drone.simple_drone]: Quadrotor takes off!!
[gzserver-2] [INFO] [1773165721.975241815] [gazebo_wind_plugin_node]: WindPlugin: set wind_speed=0.00 wind_direction=0.0
[gzserver-2] [INFO] [1773165722.209387565] [gazebo_wind_plugin_node]: WindPlugin: set wind_speed=0.00 wind_direction=0.0
[gzserver-2] [INFO] [1773165722.443233356] [gazebo_wind_plugin_node]: WindPlugin: set wind_speed=0.00 wind_direction=0.0
[gzserver-2] [INFO] [1773165722.682702230] [gazebo_wind_plugin_node]: WindPlugin: set wind_speed=0.00 wind_direction=0.0
[gzserver-2] [INFO] [1773165722.911625245] [gazebo_wind_plugin_node]: WindPlugin: set wind_speed=0.00 wind_direction=0.0
[gzserver-2] [INFO] [1773165723.151182368] [gazebo_wind_plugin_node]: WindPlugin: set wind_speed=0.00 wind_direction=0.0
[gzserver-2] [0m[1;36m[Dbg] [wind_plugin.cpp:110] [0m[1;36mWindPlugin: received command -> speed=[0m[1;36m0[0m[1;36m dir=[0m[1;36m0[0m[1;36m
[gzserver-2] [0m[1;36m[Dbg] [wind_plugin.cpp:110] [0m[1;36mWindPlugin: received command -> speed=[0m[1;36m0[0m[1;36m dir=[0m[1;36m0[0m[1;36m
[gzserver-2] [0m[1;36m[Dbg] [wind_plugin.cpp:110] [0m[1;36mWindPlugin: received command -> speed=[0m[1;36m0[0m[1;36m dir=[0m[1;36m0[0m[1;36m
[gzserver-2] [0m[1;36m[Dbg] [wind_plugin.cpp:110] [0m[1;36mWindPlugin: received command -> speed=[0m[1;36m0[0m[1;36m dir=[0m[1;36m0[0m[1;36m
[gzserver-2] [0m[1;36m[Dbg] [wind_plugin.cpp:110] [0m[1;36mWindPlugin: received command -> speed=[0m[1;36m0[0m[1;36m dir=[0m[1;36m0[0m[1;36m
[gzserver-2] [0m[1;36m[Dbg] [wind_plugin.cpp:110] [0m[1;36mWindPlugin: received command -> speed=[0m[1;36m0[0m[1;36m dir=[0m[1;36m0[0m[1;36m
[gzserver-2] [0m[1;36m[Dbg] [wind_plugin.cpp:110] [0m[1;36mWindPlugin: received command -> speed=[0m[1;36m0[0m[1;36m dir=[0m[1;36m0[0m[1;36m
[gzserver-2] [0m[1;36m[Dbg] [wind_plugin.cpp:110] [0m[1;36mWindPlugin: received command -> speed=[0m[1;36m0[0m[1;36m dir=[0m[1;36m0[0m[1;36m
[gzserver-2] [0mEntering flying model!
[gzserver-2] [INFO] [1773165723.384963969] [gazebo_wind_plugin_node]: WindPlugin: set wind_speed=0.00 wind_direction=0.0
[gzserver-2] [INFO] [1773165723.619893839] [gazebo_wind_plugin_node]: WindPlugin: set wind_speed=1.31 wind_direction=95.7
[gzserver-2] [INFO] [1773165723.850214411] [gazebo_wind_plugin_node]: WindPlugin: set wind_speed=1.31 wind_direction=95.7
[gzserver-2] [INFO] [1773165724.085644923] [gazebo_wind_plugin_node]: WindPlugin: set wind_speed=1.11 wind_direction=95.1
[gzserver-2] [INFO] [1773165724.321684193] [gazebo_wind_plugin_node]: WindPlugin: set wind_speed=1.11 wind_direction=95.1
[gzserver-2] [INFO] [1773165724.556352698] [gazebo_wind_plugin_node]: WindPlugin: set wind_speed=1.11 wind_direction=95.1
[gzserver-2] [INFO] [1773165724.795699211] [gazebo_wind_plugin_node]: WindPlugin: set wind_speed=1.11 wind_direction=95.1
[gzserver-2] [INFO] [1773165725.025193101] [gazebo_wind_plugin_node]: WindPlugin: set wind_speed=1.16 wind_direction=95.1
[gzserver-2] [INFO] [1773165725.265359213] [gazebo_wind_plugin_node]: WindPlugin: set wind_speed=1.16 wind_direction=95.1
[gzserver-2] [INFO] [1773165725.505491605] [gazebo_wind_plugin_node]: WindPlugin: set wind_speed=1.16 wind_direction=95.1
[gzserver-2] [INFO] [1773165725.740312936] [gazebo_wind_plugin_node]: WindPlugin: set wind_speed=1.16 wind_direction=95.1
[gzserver-2] [INFO] [1773165725.979952383] [gazebo_wind_plugin_node]: WindPlugin: set wind_speed=1.11 wind_direction=94.4
[gzserver-2] [INFO] [1773165726.214297955] [gazebo_wind_plugin_node]: WindPlugin: set wind_speed=1.11 wind_direction=94.4
[gzserver-2] [INFO] [1773165726.448921791] [gazebo_wind_plugin_node]: WindPlugin: set wind_speed=1.11 wind_direction=94.4
[gzserver-2] [INFO] [1773165726.686001621] [gazebo_wind_plugin_node]: WindPlugin: set wind_speed=1.11 wind_direction=94.4
[gzserver-2] [INFO] [1773165726.723845541] [drone.simple_drone]: Quadrotor lands!!
[gzserver-2] [INFO] [1773165726.927553441] [gazebo_wind_plugin_node]: WindPlugin: set wind_speed=1.11 wind_direction=94.4
[gzserver-2] [INFO] [1773165727.174662827] [gazebo_wind_plugin_node]: WindPlugin: set wind_speed=1.16 wind_direction=95.2
[gzserver-2] [INFO] [1773165727.415679477] [gazebo_wind_plugin_node]: WindPlugin: set wind_speed=1.16 wind_direction=95.2
[gzserver-2] [INFO] [1773165727.660347118] [gazebo_wind_plugin_node]: WindPlugin: set wind_speed=1.16 wind_direction=95.2
[gzserver-2] [1;36m[Dbg] [wind_plugin.cpp:110] [0m[1;36mWindPlugin: received command -> speed=[0m[1;36m0[0m[1;36m dir=[0m[1;36m0[0m[1;36m
[gzserver-2] [0m[1;36m[Dbg] [wind_plugin.cpp:110] [0m[1;36mWindPlugin: received command -> speed=[0m[1;36m1.31116[0m[1;36m dir=[0m[1;36m95.746[0m[1;36m
[gzserver-2] [0m[1;36m[Dbg] [wind_plugin.cpp:110] [0m[1;36mWindPlugin: received command -> speed=[0m[1;36m1.31116[0m[1;36m dir=[0m[1;36m95.746[0m[1;36m
[gzserver-2] [0m[1;36m[Dbg] [wind_plugin.cpp:110] [0m[1;36mWindPlugin: received command -> speed=[0m[1;36m1.11424[0m[1;36m dir=[0m[1;36m95.0722[0m[1;36m
[gzserver-2] [0m[1;36m[Dbg] [wind_plugin.cpp:110] [0m[1;36mWindPlugin: received command -> speed=[0m[1;36m1.11424[0m[1;36m dir=[0m[1;36m95.0722[0m[1;36m
[gzserver-2] [0m[1;36m[Dbg] [wind_plugin.cpp:110] [0m[1;36mWindPlugin: received command -> speed=[0m[1;36m1.11424[0m[1;36m dir=[0m[1;36m95.0722[0m[1;36m
[gzserver-2] [0m[1;36m[Dbg] [wind_plugin.cpp:110] [0m[1;36mWindPlugin: received command -> speed=[0m[1;36m1.11424[0m[1;36m dir=[0m[1;36m95.0722[0m[1;36m
[gzserver-2] [0m[1;36m[Dbg] [wind_plugin.cpp:110] [0m[1;36mWindPlugin: received command -> speed=[0m[1;36m1.16429[0m[1;36m dir=[0m[1;36m95.0734[0m[1;36m
[gzserver-2] [0m[1;36m[Dbg] [wind_plugin.cpp:110] [0m[1;36mWindPlugin: received command -> speed=[0m[1;36m1.16429[0m[1;36m dir=[0m[1;36m95.0734[0m[1;36m
[gzserver-2] [0m[1;36m[Dbg] [wind_plugin.cpp:110] [0m[1;36mWindPlugin: received command -> speed=[0m[1;36m1.16429[0m[1;36m dir=[0m[1;36m95.0734[0m[1;36m
[gzserver-2] [0m[1;36m[Dbg] [wind_plugin.cpp:110] [0m[1;36mWindPlugin: received command -> speed=[0m[1;36m1.16429[0m[1;36m dir=[0m[1;36m95.0734[0m[1;36m
[gzserver-2] [0m[1;36m[Dbg] [wind_plugin.cpp:110] [0m[1;36mWindPlugin: received command -> speed=[0m[1;36m1.11396[0m[1;36m dir=[0m[1;36m94.39[0m[1;36m
[gzserver-2] [0m[1;36m[Dbg] [wind_plugin.cpp:110] [0m[1;36mWindPlugin: received command -> speed=[0m[1;36m1.11396[0m[1;36m dir=[0m[1;36m94.39[0m[1;36m
[gzserver-2] [0m[1;36m[Dbg] [wind_plugin.cpp:110] [0m[1;36mWindPlugin: received command -> speed=[0m[1;36m1.11396[0m[1;36m dir=[0m[1;36m94.39[0m[1;36m
[gzserver-2] [0m[1;36m[Dbg] [wind_plugin.cpp:110] [0m[1;36mWindPlugin: received command -> speed=[0m[1;36m1.11396[0m[1;36m dir=[0m[1;36m94.39[0m[1;36m
[gzserver-2] [0m[1;36m[Dbg] [wind_plugin.cpp:110] [0m[1;36mWindPlugin: received command -> speed=[0m[1;36m1.11396[0m[1;36m dir=[0m[1;36m94.39[0m[1;36m
[gzserver-2] [0m[1;36m[Dbg] [wind_plugin.cpp:110] [0m[1;36mWindPlugin: received command -> speed=[0m[1;36m1.16095[0m[1;36m dir=[0m[1;36m95.2476[0m[1;36m
[gzserver-2] [0m[1;36m[Dbg] [wind_plugin.cpp:110] [0m[1;36mWindPlugin: received command -> speed=[0m[1;36m1.16095[0m[1;36m dir=[0m[1;36m95.2476[0m[1;36m
[gzserver-2] [0m[1;36m[Dbg] [wind_plugin.cpp:110] [0m[1;36mWindPlugin: received command -> speed=[0m[1;36m1.16095[0m[1;36m dir=[0m[1;36m95.2476[0m[1;36m
[gzserver-2] [0mLanded!
[gzserver-2] [INFO] [1773165727.899555720] [gazebo_wind_plugin_node]: WindPlugin: set wind_speed=1.16 wind_direction=95.2
[gzserver-2] [INFO] [1773165728.134971252] [gazebo_wind_plugin_node]: WindPlugin: set wind_speed=1.10 wind_direction=94.3
[gzserver-2] [INFO] [1773165728.374926038] [gazebo_wind_plugin_node]: WindPlugin: set wind_speed=1.10 wind_direction=94.3
[gzserver-2] [INFO] [1773165728.614422365] [gazebo_wind_plugin_node]: WindPlugin: set wind_speed=1.10 wind_direction=94.3
[gzserver-2] [INFO] [1773165728.854454076] [gazebo_wind_plugin_node]: WindPlugin: set wind_speed=1.10 wind_direction=94.3
[gzserver-2] [INFO] [1773165729.090591821] [gazebo_wind_plugin_node]: WindPlugin: set wind_speed=0.92 wind_direction=91.5
[gzserver-2] [INFO] [1773165729.329784217] [gazebo_wind_plugin_node]: WindPlugin: set wind_speed=0.92 wind_direction=91.5
[gzserver-2] [INFO] [1773165729.570679386] [gazebo_wind_plugin_node]: WindPlugin: set wind_speed=0.92 wind_direction=91.5
