[INFO] [launch]: All log files can be found below /home/j/.ros/log/2026-03-10-20-32-26-324603-j-273133
[INFO] [launch]: Default logging verbosity is set to INFO
[INFO] [launch.user]: [bringup] Apriltag config: camera=/drone/bottom, image=/drone/bottom/image_raw, tags=/drone/bottom/tags, bridge=/landing_tag_state, standalone=true, use_target_id=true, target_id=0
[INFO] [rviz2-1]: process started with pid [273136]
[INFO] [gzserver-2]: process started with pid [273138]
[INFO] [robot_state_publisher-3]: process started with pid [273140]
[INFO] [joint_state_publisher-4]: process started with pid [273142]
[INFO] [spawn_drone-5]: process started with pid [273144]
[INFO] [static_transform_publisher-6]: process started with pid [273146]
[INFO] [joy_node-7]: process started with pid [273148]
[INFO] [teleop_joystick-8]: process started with pid [273150]
[INFO] [apriltag_detector_node-9]: process started with pid [273152]
[INFO] [apriltag_state_bridge-10]: process started with pid [273154]
[static_transform_publisher-6] [WARN] [1773142346.802745584] []: Old-style arguments are deprecated; see --help for new-style arguments
[static_transform_publisher-6] [INFO] [1773142346.806194254] [static_transform_publisher_bDf24NmGglprwWaq]: Spinning until stopped - publishing transform
[static_transform_publisher-6] translation: ('0.000000', '0.000000', '0.000000')
[static_transform_publisher-6] rotation: ('0.000000', '0.000000', '0.000000', '1.000000')
[static_transform_publisher-6] from 'world' to '/drone/odom'
[rviz2-1] 
[rviz2-1] (rviz2:273136): dbind-WARNING **: 20:32:26.835: Couldn't connect to accessibility bus: Failed to connect to socket /root/.cache/at-spi/bus_0: 허가 거부
[robot_state_publisher-3] [INFO] [1773142346.836477136] [drone.robot_state_publisher]: got segment base_footprint
[robot_state_publisher-3] [INFO] [1773142346.836572374] [drone.robot_state_publisher]: got segment base_link
[robot_state_publisher-3] [INFO] [1773142346.836585185] [drone.robot_state_publisher]: got segment bottom_cam_link
[robot_state_publisher-3] [INFO] [1773142346.836593268] [drone.robot_state_publisher]: got segment front_cam_link
[robot_state_publisher-3] [INFO] [1773142346.836600205] [drone.robot_state_publisher]: got segment sonar_link
[teleop_joystick-8] Traceback (most recent call last):
[teleop_joystick-8]   File "/home/j/INCSL/IICC26_ws/install/sjtu_drone_control/lib/sjtu_drone_control/teleop_joystick", line 33, in <module>
[teleop_joystick-8]     sys.exit(load_entry_point('sjtu_drone_control==0.0.0', 'console_scripts', 'teleop_joystick')())
[teleop_joystick-8]   File "/home/j/INCSL/IICC26_ws/install/sjtu_drone_control/lib/sjtu_drone_control/teleop_joystick", line 22, in importlib_load_entry_point
[teleop_joystick-8]     for entry_point in distribution(dist_name).entry_points
[teleop_joystick-8]   File "/usr/lib/python3.10/importlib/metadata/__init__.py", line 969, in distribution
[apriltag_detector_node-9] [INFO] [1773142346.855836919] [apriltag_detector_node]: tag detector type: umich
[teleop_joystick-8]     return Distribution.from_name(distribution_name)
[teleop_joystick-8]   File "/usr/lib/python3.10/importlib/metadata/__init__.py", line 548, in from_name
[teleop_joystick-8]     raise PackageNotFoundError(name)
[teleop_joystick-8] importlib.metadata.PackageNotFoundError: No package metadata was found for sjtu_drone_control
[ERROR] [teleop_joystick-8]: process has died [pid 273150, exit code 1, cmd '/home/j/INCSL/IICC26_ws/install/sjtu_drone_control/lib/sjtu_drone_control/teleop_joystick --ros-args -r __ns:=/drone'].
[gzserver-2] Gazebo multi-robot simulator, version 11.10.2
[gzserver-2] Copyright (C) 2012 Open Source Robotics Foundation.
[gzserver-2] Released under the Apache 2 License.
[gzserver-2] http://gazebosim.org
[gzserver-2] 
[apriltag_state_bridge-10] [INFO] [1773142347.052686143] [apriltag_state_bridge]: AprilTag bridge started: /drone/bottom/tags -> /landing_tag_state, use_target_id=True, target_id=0
[joint_state_publisher-4] [INFO] [1773142347.084942561] [drone.joint_state_publisher]: Waiting for robot_description to be published on the robot_description topic...
[gzserver-2] [1;33m[Wrn] [gazebo_ros_init.cpp:178] [0m[1;33m
[gzserver-2] #     # ####### ####### ###  #####  #######
[gzserver-2] ##    # #     #    #     #  #     # #
[gzserver-2] # #   # #     #    #     #  #       #
[gzserver-2] #  #  # #     #    #     #  #       #####
[gzserver-2] #   # # #     #    #     #  #       #
[gzserver-2] #    ## #     #    #     #  #     # #
[gzserver-2] #     # #######    #    ###  #####  #######
[gzserver-2] 
[gzserver-2] This version of Gazebo, now called Gazebo classic, reaches end-of-life
[gzserver-2] in January 2025. Users are highly encouraged to migrate to the new Gazebo
[gzserver-2] using our migration guides (https://gazebosim.org/docs/latest/gazebo_classic_migration?utm_source=gazebo_ros_pkgs&utm_medium=cli)
[gzserver-2] 
[gzserver-2] [0m[1;33m
[rviz2-1] [INFO] [1773142347.600890714] [rviz2]: Stereo is NOT SUPPORTED
[rviz2-1] [INFO] [1773142347.600988615] [rviz2]: OpenGl version: 4.6 (GLSL 4.6)
[rviz2-1] [INFO] [1773142347.705757077] [rviz2]: Stereo is NOT SUPPORTED
[rviz2-1] [INFO] [1773142347.823840284] [rviz2]: Stereo is NOT SUPPORTED
[spawn_drone-5] [INFO] [1773142348.203709073] [spawn_drone]: Result False Entity pushed to spawn queue, but spawn service timed outwaiting for entity to appear in simulation under the name [/drone]
[gzserver-2] [1;32m[Msg] [0m[1;32mWaiting for master.[0m[1;32m
[gzserver-2] [0m[1;32m[0m[1;32m[0m[1;32m[Msg] [0m[1;32mConnected to gazebo master @ [0m[1;32mhttp://127.0.0.1:11345[0m[1;32m
[gzserver-2] [0m[1;32m[0m[1;32m[0m[1;32m[Msg] [0m[1;32mPublicized address: [0m[1;32m192.168.0.11[0m[1;32m
[gzserver-2] [0m[1;32m[0m[1;32m[0m[1;32m[Msg] [0m[1;32mLoading world file [[0m[1;32m/home/j/INCSL/IICC26_ws/install/sjtu_drone_description/share/sjtu_drone_description/worlds/landingPad.world[0m[1;32m][0m[1;32m
[gzserver-2] [0m[1;32m[0m[1;32m[0m[1;36m[Dbg] [wind_plugin.cpp:96] [0m[1;36mWindPlugin loaded: speed=[0m[1;36m0[0m[1;36m dir=[0m[1;36m0[0m[1;36m deg area=[0m[1;36m0.1[0m[1;36m coeff=[0m[1;36m1[0m[1;36m
[gzserver-2] [0m[1;33m[0m[1;33m[0m[1;31m[Err] [Sensor.cc:510] [0m[1;31mGet noise index not valid[0m[1;31m
[gzserver-2] [0m[1;31m[0m[1;31m[0m[1;31m[Err] [Sensor.cc:510] [0m[1;31mGet noise index not valid[0m[1;31m
[gzserver-2] [0m[1;31m[0m[1;31m[0m[1;31m[Err] [Sensor.cc:510] [0m[1;31mGet noise index not valid[0m[1;31m
[gzserver-2] [0m[1;31m[0m[1;31m[0m[1;31m[Err] [Sensor.cc:510] [0m[1;31mGet noise index not valid[0m[1;31m
[gzserver-2] [0m[1;31m[0m[1;31m[0m[1;31m[Err] [Sensor.cc:510] [0m[1;31mGet noise index not valid[0m[1;31m
[gzserver-2] [0m[1;31m[0m[1;31m[0m[1;31m[Err] [Sensor.cc:510] [0m[1;31mGet noise index not valid[0m[1;31m
[gzserver-2] [0m[1;31m[0m[1;31m[0mTopic [default//drone/base_footprint/down_camera/image] is not valid.
[gzserver-2] [INFO] [1773142348.234027415] [drone.collision_plugin]: Publishing contact states to [/drone/bumper_states]
[gzserver-2] Topic [default//drone/base_footprint/front_camera/image] is not valid.
[gzserver-2] [1;33m[Wrn] [Event.cc:61] [0m[1;33mWarning: Deleting a connection right after creation. [0m[1;33mMake sure to save the ConnectionPtr from a Connect call
[INFO] [spawn_drone-5]: process has finished cleanly [pid 273144]
[gzserver-2] [0m[INFO] [1773142348.818052715] [drone.camera_bottom]: Publishing camera info to [/drone/bottom/camera_info]
[gzserver-2] [INFO] [1773142348.822640444] [drone.camera_front]: Publishing camera info to [/drone/front/camera_info]
[gzserver-2] [INFO] [1773142348.944086868] [drone.simple_drone]: The drone plugin is loading!
[gzserver-2] [INFO] [1773142348.944293211] [drone.simple_drone]: pub_odom: 1
[gzserver-2] [INFO] [1773142348.944327066] [drone.simple_drone]: Using following parameters: 
[gzserver-2] 		link_name: base_footprint,
[gzserver-2] 		max_force: 30,
[gzserver-2] 		motion_small_noise: 0,
[gzserver-2] 		motion_drift_noise: 0,
[gzserver-2] 		motion_drift_noise_time: 50,
[gzserver-2] 		takeoff_hover_height: 1.96,
[gzserver-2] 		takeoff_vertical_speed: 0.2
[gzserver-2] [INFO] [1773142348.956090476] [drone.simple_drone]: Using the PID parameters: 
[gzserver-2] 	Roll Pitch:
[gzserver-2] 		kP: 10, kI: 0,kD: 5, Limit: 0.5, Time Constant: 0
[gzserver-2] 	Yaw:
[gzserver-2] 		kP: 2, kI: 0,kD: 1, Limit: 1.5, Time Constant: 0
[gzserver-2] 	Velocity X:
[gzserver-2] 		kP: 5, kI: 0,kD: 2.3, Limit: 2, Time Constant: 0
[gzserver-2] 	Velocity Y:
[gzserver-2] 		kP: 5, kI: 0,kD: 2.3, Limit: 2, Time Constant: 0
[gzserver-2] 	Velocity Z:
[gzserver-2] 		kP: 5, kI: 0,kD: 1, Limit: -1, Time Constant: 0
[gzserver-2] 	Position XY:
[gzserver-2] 		kP: 1.1, kI: 0,kD: 0, Limit: 5, Time Constant: 0
[gzserver-2] 	Position Z:
[gzserver-2] 		kP: 1, kI: 0,kD: 0.2, Limit: -1, Time Constant: 0
[gzserver-2] [INFO] [1773142348.956231699] [drone.simple_drone]: The drone plugin finished loading!
[gzserver-2] [INFO] [1773142356.139326922] [gazebo_wind_plugin_node]: WindPlugin: set wind_speed=0.00 wind_direction=0.0
[gzserver-2] [INFO] [1773142356.407766924] [gazebo_wind_plugin_node]: WindPlugin: set wind_speed=0.00 wind_direction=0.0
[gzserver-2] [INFO] [1773142356.440717083] [drone.simple_drone]: Quadrotor takes off!!
[gzserver-2] [INFO] [1773142356.641696728] [gazebo_wind_plugin_node]: WindPlugin: set wind_speed=0.00 wind_direction=0.0
[gzserver-2] [INFO] [1773142356.877215313] [gazebo_wind_plugin_node]: WindPlugin: set wind_speed=0.00 wind_direction=0.0
[gzserver-2] [INFO] [1773142357.116513322] [gazebo_wind_plugin_node]: WindPlugin: set wind_speed=0.00 wind_direction=0.0
[gzserver-2] [INFO] [1773142357.355580722] [gazebo_wind_plugin_node]: WindPlugin: set wind_speed=0.00 wind_direction=0.0
[gzserver-2] [INFO] [1773142357.594613909] [gazebo_wind_plugin_node]: WindPlugin: set wind_speed=0.00 wind_direction=0.0
[gzserver-2] [INFO] [1773142357.836320112] [gazebo_wind_plugin_node]: WindPlugin: set wind_speed=0.00 wind_direction=0.0
[gzserver-2] [0m[1;36m[Dbg] [wind_plugin.cpp:110] [0m[1;36mWindPlugin: received command -> speed=[0m[1;36m0[0m[1;36m dir=[0m[1;36m0[0m[1;36m
[gzserver-2] [0m[1;36m[Dbg] [wind_plugin.cpp:110] [0m[1;36mWindPlugin: received command -> speed=[0m[1;36m0[0m[1;36m dir=[0m[1;36m0[0m[1;36m
[gzserver-2] [0m[1;36m[Dbg] [wind_plugin.cpp:110] [0m[1;36mWindPlugin: received command -> speed=[0m[1;36m0[0m[1;36m dir=[0m[1;36m0[0m[1;36m
[gzserver-2] [0m[1;36m[Dbg] [wind_plugin.cpp:110] [0m[1;36mWindPlugin: received command -> speed=[0m[1;36m0[0m[1;36m dir=[0m[1;36m0[0m[1;36m
[gzserver-2] [0m[1;36m[Dbg] [wind_plugin.cpp:110] [0m[1;36mWindPlugin: received command -> speed=[0m[1;36m0[0m[1;36m dir=[0m[1;36m0[0m[1;36m
[gzserver-2] [0m[1;36m[Dbg] [wind_plugin.cpp:110] [0m[1;36mWindPlugin: received command -> speed=[0m[1;36m0[0m[1;36m dir=[0m[1;36m0[0m[1;36m
[gzserver-2] [0m[1;36m[Dbg] [wind_plugin.cpp:110] [0m[1;36mWindPlugin: received command -> speed=[0m[1;36m0[0m[1;36m dir=[0m[1;36m0[0m[1;36m
[gzserver-2] [0m[1;36m[Dbg] [wind_plugin.cpp:110] [0m[1;36mWindPlugin: received command -> speed=[0m[1;36m0[0m[1;36m dir=[0m[1;36m0[0m[1;36m
[gzserver-2] [0mEntering flying model!
[gzserver-2] [INFO] [1773142358.070650509] [gazebo_wind_plugin_node]: WindPlugin: set wind_speed=0.00 wind_direction=0.0
[gzserver-2] [INFO] [1773142358.304994741] [gazebo_wind_plugin_node]: WindPlugin: set wind_speed=0.88 wind_direction=-158.9
[gzserver-2] [INFO] [1773142358.543711604] [gazebo_wind_plugin_node]: WindPlugin: set wind_speed=0.88 wind_direction=-158.9
[gzserver-2] [INFO] [1773142358.782597924] [gazebo_wind_plugin_node]: WindPlugin: set wind_speed=0.90 wind_direction=-156.7
[gzserver-2] [INFO] [1773142359.022025632] [gazebo_wind_plugin_node]: WindPlugin: set wind_speed=0.90 wind_direction=-156.7
[gzserver-2] [INFO] [1773142359.261720974] [gazebo_wind_plugin_node]: WindPlugin: set wind_speed=0.90 wind_direction=-156.7
[gzserver-2] [INFO] [1773142359.500753744] [gazebo_wind_plugin_node]: WindPlugin: set wind_speed=0.90 wind_direction=-156.7
[gzserver-2] [INFO] [1773142359.735197227] [gazebo_wind_plugin_node]: WindPlugin: set wind_speed=0.88 wind_direction=-159.5
[gzserver-2] [INFO] [1773142359.969328754] [gazebo_wind_plugin_node]: WindPlugin: set wind_speed=0.88 wind_direction=-159.5
[gzserver-2] [INFO] [1773142360.208670185] [gazebo_wind_plugin_node]: WindPlugin: set wind_speed=0.88 wind_direction=-159.5
[gzserver-2] [INFO] [1773142360.447801078] [gazebo_wind_plugin_node]: WindPlugin: set wind_speed=0.88 wind_direction=-159.5
[gzserver-2] [INFO] [1773142360.681424423] [gazebo_wind_plugin_node]: WindPlugin: set wind_speed=1.16 wind_direction=-160.9
[gzserver-2] [INFO] [1773142360.917465987] [gazebo_wind_plugin_node]: WindPlugin: set wind_speed=1.16 wind_direction=-160.9
[gzserver-2] [INFO] [1773142361.157069513] [gazebo_wind_plugin_node]: WindPlugin: set wind_speed=1.16 wind_direction=-160.9
[gzserver-2] [INFO] [1773142361.396425229] [gazebo_wind_plugin_node]: WindPlugin: set wind_speed=1.16 wind_direction=-160.9
[gzserver-2] [INFO] [1773142361.630492967] [gazebo_wind_plugin_node]: WindPlugin: set wind_speed=1.16 wind_direction=-160.9
[gzserver-2] [INFO] [1773142361.870257525] [gazebo_wind_plugin_node]: WindPlugin: set wind_speed=0.94 wind_direction=-159.5
[gzserver-2] [INFO] [1773142362.105122047] [gazebo_wind_plugin_node]: WindPlugin: set wind_speed=0.94 wind_direction=-159.5
[gzserver-2] [INFO] [1773142362.335075243] [gazebo_wind_plugin_node]: WindPlugin: set wind_speed=0.94 wind_direction=-159.5
[gzserver-2] [INFO] [1773142362.576908722] [gazebo_wind_plugin_node]: WindPlugin: set wind_speed=0.94 wind_direction=-159.5
[gzserver-2] [INFO] [1773142362.811053423] [gazebo_wind_plugin_node]: WindPlugin: set wind_speed=0.85 wind_direction=-160.6
[gzserver-2] [INFO] [1773142363.045135826] [gazebo_wind_plugin_node]: WindPlugin: set wind_speed=0.85 wind_direction=-160.6
[gzserver-2] [INFO] [1773142363.082539911] [drone.simple_drone]: Quadrotor lands!!
[gzserver-2] [INFO] [1773142363.283950672] [gazebo_wind_plugin_node]: WindPlugin: set wind_speed=0.85 wind_direction=-160.6
[gzserver-2] [INFO] [1773142363.523005378] [gazebo_wind_plugin_node]: WindPlugin: set wind_speed=0.85 wind_direction=-160.6
[gzserver-2] [INFO] [1773142363.762406620] [gazebo_wind_plugin_node]: WindPlugin: set wind_speed=0.80 wind_direction=-159.8
[gzserver-2] [INFO] [1773142364.001800667] [gazebo_wind_plugin_node]: WindPlugin: set wind_speed=0.80 wind_direction=-159.8
[gzserver-2] [1;36m[Dbg] [wind_plugin.cpp:110] [0m[1;36mWindPlugin: received command -> speed=[0m[1;36m0[0m[1;36m dir=[0m[1;36m0[0m[1;36m
[gzserver-2] [0m[1;36m[Dbg] [wind_plugin.cpp:110] [0m[1;36mWindPlugin: received command -> speed=[0m[1;36m0.88483[0m[1;36m dir=[0m[1;36m-158.855[0m[1;36m
[gzserver-2] [0m[1;36m[Dbg] [wind_plugin.cpp:110] [0m[1;36mWindPlugin: received command -> speed=[0m[1;36m0.88483[0m[1;36m dir=[0m[1;36m-158.855[0m[1;36m
[gzserver-2] [0m[1;36m[Dbg] [wind_plugin.cpp:110] [0m[1;36mWindPlugin: received command -> speed=[0m[1;36m0.902216[0m[1;36m dir=[0m[1;36m-156.719[0m[1;36m
[gzserver-2] [0m[1;36m[Dbg] [wind_plugin.cpp:110] [0m[1;36mWindPlugin: received command -> speed=[0m[1;36m0.902216[0m[1;36m dir=[0m[1;36m-156.719[0m[1;36m
[gzserver-2] [0m[1;36m[Dbg] [wind_plugin.cpp:110] [0m[1;36mWindPlugin: received command -> speed=[0m[1;36m0.902216[0m[1;36m dir=[0m[1;36m-156.719[0m[1;36m
[gzserver-2] [0m[1;36m[Dbg] [wind_plugin.cpp:110] [0m[1;36mWindPlugin: received command -> speed=[0m[1;36m0.902216[0m[1;36m dir=[0m[1;36m-156.719[0m[1;36m
[gzserver-2] [0m[1;36m[Dbg] [wind_plugin.cpp:110] [0m[1;36mWindPlugin: received command -> speed=[0m[1;36m0.877422[0m[1;36m dir=[0m[1;36m-159.513[0m[1;36m
[gzserver-2] [0m[1;36m[Dbg] [wind_plugin.cpp:110] [0m[1;36mWindPlugin: received command -> speed=[0m[1;36m0.877422[0m[1;36m dir=[0m[1;36m-159.513[0m[1;36m
[gzserver-2] [0m[1;36m[Dbg] [wind_plugin.cpp:110] [0m[1;36mWindPlugin: received command -> speed=[0m[1;36m0.877422[0m[1;36m dir=[0m[1;36m-159.513[0m[1;36m
[gzserver-2] [0m[1;36m[Dbg] [wind_plugin.cpp:110] [0m[1;36mWindPlugin: received command -> speed=[0m[1;36m0.877422[0m[1;36m dir=[0m[1;36m-159.513[0m[1;36m
[gzserver-2] [0m[1;36m[Dbg] [wind_plugin.cpp:110] [0m[1;36mWindPlugin: received command -> speed=[0m[1;36m1.16226[0m[1;36m dir=[0m[1;36m-160.878[0m[1;36m
[gzserver-2] [0m[1;36m[Dbg] [wind_plugin.cpp:110] [0m[1;36mWindPlugin: received command -> speed=[0m[1;36m1.16226[0m[1;36m dir=[0m[1;36m-160.878[0m[1;36m
[gzserver-2] [0m[1;36m[Dbg] [wind_plugin.cpp:110] [0m[1;36mWindPlugin: received command -> speed=[0m[1;36m1.16226[0m[1;36m dir=[0m[1;36m-160.878[0m[1;36m
[gzserver-2] [0m[1;36m[Dbg] [wind_plugin.cpp:110] [0m[1;36mWindPlugin: received command -> speed=[0m[1;36m1.16226[0m[1;36m dir=[0m[1;36m-160.878[0m[1;36m
[gzserver-2] [0m[1;36m[Dbg] [wind_plugin.cpp:110] [0m[1;36mWindPlugin: received command -> speed=[0m[1;36m1.16226[0m[1;36m dir=[0m[1;36m-160.878[0m[1;36m
[gzserver-2] [0m[1;36m[Dbg] [wind_plugin.cpp:110] [0m[1;36mWindPlugin: received command -> speed=[0m[1;36m0.939246[0m[1;36m dir=[0m[1;36m-159.485[0m[1;36m
[gzserver-2] [0m[1;36m[Dbg] [wind_plugin.cpp:110] [0m[1;36mWindPlugin: received command -> speed=[0m[1;36m0.939246[0m[1;36m dir=[0m[1;36m-159.485[0m[1;36m
[gzserver-2] [0m[1;36m[Dbg] [wind_plugin.cpp:110] [0m[1;36mWindPlugin: received command -> speed=[0m[1;36m0.939246[0m[1;36m dir=[0m[1;36m-159.485[0m[1;36m
[gzserver-2] [0m[1;36m[Dbg] [wind_plugin.cpp:110] [0m[1;36mWindPlugin: received command -> speed=[0m[1;36m0.939246[0m[1;36m dir=[0m[1;36m-159.485[0m[1;36m
[gzserver-2] [0m[1;36m[Dbg] [wind_plugin.cpp:110] [0m[1;36mWindPlugin: received command -> speed=[0m[1;36m0.851843[0m[1;36m dir=[0m[1;36m-160.587[0m[1;36m
[gzserver-2] [0m[1;36m[Dbg] [wind_plugin.cpp:110] [0m[1;36mWindPlugin: received command -> speed=[0m[1;36m0.851843[0m[1;36m dir=[0m[1;36m-160.587[0m[1;36m
[gzserver-2] [0m[1;36m[Dbg] [wind_plugin.cpp:110] [0m[1;36mWindPlugin: received command -> speed=[0m[1;36m0.851843[0m[1;36m dir=[0m[1;36m-160.587[0m[1;36m
[gzserver-2] [0m[1;36m[Dbg] [wind_plugin.cpp:110] [0m[1;36mWindPlugin: received command -> speed=[0m[1;36m0.851843[0m[1;36m dir=[0m[1;36m-160.587[0m[1;36m
[gzserver-2] [0m[1;36m[Dbg] [wind_plugin.cpp:110] [0m[1;36mWindPlugin: received command -> speed=[0m[1;36m0.80366[0m[1;36m dir=[0m[1;36m-159.809[0m[1;36m
[gzserver-2] [0m[1;36m[Dbg] [wind_plugin.cpp:110] [0m[1;36mWindPlugin: received command -> speed=[0m[1;36m0.80366[0m[1;36m dir=[0m[1;36m-159.809[0m[1;36m
[gzserver-2] [0mLanded!
[gzserver-2] [INFO] [1773142364.241370307] [gazebo_wind_plugin_node]: WindPlugin: set wind_speed=0.80 wind_direction=-159.8
[gzserver-2] [INFO] [1773142364.475831410] [gazebo_wind_plugin_node]: WindPlugin: set wind_speed=0.80 wind_direction=-159.8
[gzserver-2] [INFO] [1773142364.715175204] [gazebo_wind_plugin_node]: WindPlugin: set wind_speed=0.99 wind_direction=-165.2
[gzserver-2] [INFO] [1773142364.954442668] [gazebo_wind_plugin_node]: WindPlugin: set wind_speed=0.99 wind_direction=-165.2
[gzserver-2] [INFO] [1773142365.193393905] [gazebo_wind_plugin_node]: WindPlugin: set wind_speed=0.99 wind_direction=-165.2
[gzserver-2] [INFO] [1773142365.422165454] [gazebo_wind_plugin_node]: WindPlugin: set wind_speed=0.99 wind_direction=-165.2
[gzserver-2] [INFO] [1773142365.656184331] [gazebo_wind_plugin_node]: WindPlugin: set wind_speed=0.95 wind_direction=-164.9
[gzserver-2] [INFO] [1773142365.889641452] [gazebo_wind_plugin_node]: WindPlugin: set wind_speed=0.95 wind_direction=-164.9
