[INFO] [launch]: All log files can be found below /home/j/.ros/log/2026-03-11-00-50-51-042284-j-2516322
[INFO] [launch]: Default logging verbosity is set to INFO
[INFO] [launch.user]: [bringup] Apriltag config: camera=/drone/bottom, image=/drone/bottom/image_raw, tags=/drone/bottom/tags, bridge=/landing_tag_state, standalone=true, use_target_id=true, target_id=0
[INFO] [rviz2-1]: process started with pid [2516334]
[INFO] [gzserver-2]: process started with pid [2516336]
[INFO] [robot_state_publisher-3]: process started with pid [2516338]
[INFO] [joint_state_publisher-4]: process started with pid [2516340]
[INFO] [spawn_drone-5]: process started with pid [2516342]
[INFO] [static_transform_publisher-6]: process started with pid [2516344]
[INFO] [joy_node-7]: process started with pid [2516346]
[INFO] [teleop_joystick-8]: process started with pid [2516348]
[INFO] [apriltag_detector_node-9]: process started with pid [2516350]
[INFO] [apriltag_state_bridge-10]: process started with pid [2516352]
[static_transform_publisher-6] [WARN] [1773157851.512590580] []: Old-style arguments are deprecated; see --help for new-style arguments
[static_transform_publisher-6] [INFO] [1773157851.518802255] [static_transform_publisher_VF2bkkSdd0WTIJsA]: Spinning until stopped - publishing transform
[static_transform_publisher-6] translation: ('0.000000', '0.000000', '0.000000')
[static_transform_publisher-6] rotation: ('0.000000', '0.000000', '0.000000', '1.000000')
[static_transform_publisher-6] from 'world' to '/drone/odom'
[robot_state_publisher-3] [INFO] [1773157851.533708721] [drone.robot_state_publisher]: got segment base_footprint
[robot_state_publisher-3] [INFO] [1773157851.533772608] [drone.robot_state_publisher]: got segment base_link
[robot_state_publisher-3] [INFO] [1773157851.533778374] [drone.robot_state_publisher]: got segment bottom_cam_link
[robot_state_publisher-3] [INFO] [1773157851.533781770] [drone.robot_state_publisher]: got segment front_cam_link
[robot_state_publisher-3] [INFO] [1773157851.533784562] [drone.robot_state_publisher]: got segment sonar_link
[rviz2-1] 
[rviz2-1] (rviz2:2516334): dbind-WARNING **: 00:50:51.549: Couldn't connect to accessibility bus: Failed to connect to socket /root/.cache/at-spi/bus_0: 허가 거부
[apriltag_detector_node-9] [INFO] [1773157851.550647640] [apriltag_detector_node]: tag detector type: umich
[teleop_joystick-8] Traceback (most recent call last):
[teleop_joystick-8]   File "/home/j/INCSL/IICC26_ws/install/sjtu_drone_control/lib/sjtu_drone_control/teleop_joystick", line 33, in <module>
[teleop_joystick-8]     sys.exit(load_entry_point('sjtu_drone_control==0.0.0', 'console_scripts', 'teleop_joystick')())
[teleop_joystick-8]   File "/home/j/INCSL/IICC26_ws/install/sjtu_drone_control/lib/sjtu_drone_control/teleop_joystick", line 22, in importlib_load_entry_point
[teleop_joystick-8]     for entry_point in distribution(dist_name).entry_points
[teleop_joystick-8]   File "/usr/lib/python3.10/importlib/metadata/__init__.py", line 969, in distribution
[teleop_joystick-8]     return Distribution.from_name(distribution_name)
[teleop_joystick-8]   File "/usr/lib/python3.10/importlib/metadata/__init__.py", line 548, in from_name
[teleop_joystick-8]     raise PackageNotFoundError(name)
[teleop_joystick-8] importlib.metadata.PackageNotFoundError: No package metadata was found for sjtu_drone_control
[ERROR] [teleop_joystick-8]: process has died [pid 2516348, exit code 1, cmd '/home/j/INCSL/IICC26_ws/install/sjtu_drone_control/lib/sjtu_drone_control/teleop_joystick --ros-args -r __ns:=/drone'].
[gzserver-2] Gazebo multi-robot simulator, version 11.10.2
[gzserver-2] Copyright (C) 2012 Open Source Robotics Foundation.
[gzserver-2] Released under the Apache 2 License.
[gzserver-2] http://gazebosim.org
[gzserver-2] 
[apriltag_state_bridge-10] [INFO] [1773157851.748011050] [apriltag_state_bridge]: AprilTag bridge started: /drone/bottom/tags -> /landing_tag_state, use_target_id=True, target_id=0
[joint_state_publisher-4] [INFO] [1773157851.774135674] [drone.joint_state_publisher]: Waiting for robot_description to be published on the robot_description topic...
[gzserver-2] [1;33m[Wrn] [gazebo_ros_init.cpp:178] [0m[1;33m
[gzserver-2] #     # ####### ####### ###  #####  #######
[gzserver-2] ##    # #     #    #     #  #     # #
[gzserver-2] # #   # #     #    #     #  #       #
[gzserver-2] #  #  # #     #    #     #  #       #####
[gzserver-2] #   # # #     #    #     #  #       #
[gzserver-2] #    ## #     #    #     #  #     # #
[gzserver-2] #     # #######    #    ###  #####  #######
[gzserver-2] 
[gzserver-2] This version of Gazebo, now called Gazebo classic, reaches end-of-life
[gzserver-2] in January 2025. Users are highly encouraged to migrate to the new Gazebo
[gzserver-2] using our migration guides (https://gazebosim.org/docs/latest/gazebo_classic_migration?utm_source=gazebo_ros_pkgs&utm_medium=cli)
[gzserver-2] 
[gzserver-2] [0m[1;33m
[rviz2-1] [INFO] [1773157852.347528235] [rviz2]: Stereo is NOT SUPPORTED
[rviz2-1] [INFO] [1773157852.347630257] [rviz2]: OpenGl version: 4.6 (GLSL 4.6)
[rviz2-1] [INFO] [1773157852.430621698] [rviz2]: Stereo is NOT SUPPORTED
[rviz2-1] [INFO] [1773157852.520765213] [rviz2]: Stereo is NOT SUPPORTED
[spawn_drone-5] [INFO] [1773157852.947172778] [spawn_drone]: Result False Entity pushed to spawn queue, but spawn service timed outwaiting for entity to appear in simulation under the name [/drone]
[gzserver-2] [1;32m[Msg] [0m[1;32mWaiting for master.[0m[1;32m
[gzserver-2] [0m[1;32m[0m[1;32m[0m[1;32m[Msg] [0m[1;32mConnected to gazebo master @ [0m[1;32mhttp://127.0.0.1:11345[0m[1;32m
[gzserver-2] [0m[1;32m[0m[1;32m[0m[1;32m[Msg] [0m[1;32mPublicized address: [0m[1;32m192.168.0.11[0m[1;32m
[gzserver-2] [0m[1;32m[0m[1;32m[0m[1;32m[Msg] [0m[1;32mLoading world file [[0m[1;32m/home/j/INCSL/IICC26_ws/install/sjtu_drone_description/share/sjtu_drone_description/worlds/landingPad.world[0m[1;32m][0m[1;32m
[gzserver-2] [0m[1;32m[0m[1;32m[0m[1;36m[Dbg] [wind_plugin.cpp:96] [0m[1;36mWindPlugin loaded: speed=[0m[1;36m0[0m[1;36m dir=[0m[1;36m0[0m[1;36m deg area=[0m[1;36m0.1[0m[1;36m coeff=[0m[1;36m1[0m[1;36m
[gzserver-2] [0m[1;33m[0m[1;33m[0m[1;31m[Err] [Sensor.cc:510] [0m[1;31mGet noise index not valid[0m[1;31m
[gzserver-2] [0m[1;31m[0m[1;31m[0m[1;31m[Err] [Sensor.cc:510] [0m[1;31mGet noise index not valid[0m[1;31m
[gzserver-2] [0m[1;31m[0m[1;31m[0m[1;31m[Err] [Sensor.cc:510] [0m[1;31mGet noise index not valid[0m[1;31m
[gzserver-2] [0m[1;31m[0m[1;31m[0m[1;31m[Err] [Sensor.cc:510] [0m[1;31mGet noise index not valid[0m[1;31m
[gzserver-2] [0m[1;31m[0m[1;31m[0m[1;31m[Err] [Sensor.cc:510] [0m[1;31mGet noise index not valid[0m[1;31m
[gzserver-2] [0m[1;31m[0m[1;31m[0m[1;31m[Err] [Sensor.cc:510] [0m[1;31mGet noise index not valid[0m[1;31m
[gzserver-2] [0m[1;31m[0m[1;31m[0mTopic [default//drone/base_footprint/down_camera/image] is not valid.
[gzserver-2] Topic [default//drone/base_footprint/front_camera/image] is not valid.
[gzserver-2] [INFO] [1773157852.979783004] [drone.collision_plugin]: Publishing contact states to [/drone/bumper_states]
[gzserver-2] [1;33m[Wrn] [Event.cc:61] [0m[1;33mWarning: Deleting a connection right after creation. [0m[1;33mMake sure to save the ConnectionPtr from a Connect call
[INFO] [spawn_drone-5]: process has finished cleanly [pid 2516342]
[gzserver-2] [0m[INFO] [1773157853.570579523] [drone.camera_bottom]: Publishing camera info to [/drone/bottom/camera_info]
[gzserver-2] [INFO] [1773157853.574965821] [drone.camera_front]: Publishing camera info to [/drone/front/camera_info]
[gzserver-2] [INFO] [1773157853.700268665] [drone.simple_drone]: The drone plugin is loading!
[gzserver-2] [INFO] [1773157853.700467948] [drone.simple_drone]: pub_odom: 1
[gzserver-2] [INFO] [1773157853.700500695] [drone.simple_drone]: Using following parameters: 
[gzserver-2] 		link_name: base_footprint,
[gzserver-2] 		max_force: 30,
[gzserver-2] 		motion_small_noise: 0,
[gzserver-2] 		motion_drift_noise: 0,
[gzserver-2] 		motion_drift_noise_time: 50,
[gzserver-2] 		takeoff_hover_height: 2.3,
[gzserver-2] 		takeoff_vertical_speed: 0.2
[gzserver-2] [INFO] [1773157853.711935827] [drone.simple_drone]: Using the PID parameters: 
[gzserver-2] 	Roll Pitch:
[gzserver-2] 		kP: 10, kI: 0,kD: 5, Limit: 0.5, Time Constant: 0
[gzserver-2] 	Yaw:
[gzserver-2] 		kP: 2, kI: 0,kD: 1, Limit: 1.5, Time Constant: 0
[gzserver-2] 	Velocity X:
[gzserver-2] 		kP: 5, kI: 0,kD: 2.3, Limit: 2, Time Constant: 0
[gzserver-2] 	Velocity Y:
[gzserver-2] 		kP: 5, kI: 0,kD: 2.3, Limit: 2, Time Constant: 0
[gzserver-2] 	Velocity Z:
[gzserver-2] 		kP: 5, kI: 0,kD: 1, Limit: -1, Time Constant: 0
[gzserver-2] 	Position XY:
[gzserver-2] 		kP: 1.1, kI: 0,kD: 0, Limit: 5, Time Constant: 0
[gzserver-2] 	Position Z:
[gzserver-2] 		kP: 1, kI: 0,kD: 0.2, Limit: -1, Time Constant: 0
[gzserver-2] [INFO] [1773157853.712068031] [drone.simple_drone]: The drone plugin finished loading!
[gzserver-2] [INFO] [1773157860.868677844] [gazebo_wind_plugin_node]: WindPlugin: set wind_speed=0.00 wind_direction=0.0
[gzserver-2] [INFO] [1773157861.145350455] [gazebo_wind_plugin_node]: WindPlugin: set wind_speed=0.00 wind_direction=0.0
[gzserver-2] [INFO] [1773157861.186848239] [drone.simple_drone]: Quadrotor takes off!!
[gzserver-2] [INFO] [1773157861.389779866] [gazebo_wind_plugin_node]: WindPlugin: set wind_speed=0.00 wind_direction=0.0
[gzserver-2] [INFO] [1773157861.633630800] [gazebo_wind_plugin_node]: WindPlugin: set wind_speed=0.00 wind_direction=0.0
[gzserver-2] [INFO] [1773157861.879284618] [gazebo_wind_plugin_node]: WindPlugin: set wind_speed=0.00 wind_direction=0.0
[gzserver-2] [INFO] [1773157862.113971296] [gazebo_wind_plugin_node]: WindPlugin: set wind_speed=0.00 wind_direction=0.0
[gzserver-2] [INFO] [1773157862.348988431] [gazebo_wind_plugin_node]: WindPlugin: set wind_speed=0.00 wind_direction=0.0
[gzserver-2] [INFO] [1773157862.588578260] [gazebo_wind_plugin_node]: WindPlugin: set wind_speed=0.00 wind_direction=0.0
[gzserver-2] [INFO] [1773157862.827826114] [gazebo_wind_plugin_node]: WindPlugin: set wind_speed=0.00 wind_direction=0.0
[gzserver-2] [0m[1;36m[Dbg] [wind_plugin.cpp:110] [0m[1;36mWindPlugin: received command -> speed=[0m[1;36m0[0m[1;36m dir=[0m[1;36m0[0m[1;36m
[gzserver-2] [0m[1;36m[Dbg] [wind_plugin.cpp:110] [0m[1;36mWindPlugin: received command -> speed=[0m[1;36m0[0m[1;36m dir=[0m[1;36m0[0m[1;36m
[gzserver-2] [0m[1;36m[Dbg] [wind_plugin.cpp:110] [0m[1;36mWindPlugin: received command -> speed=[0m[1;36m0[0m[1;36m dir=[0m[1;36m0[0m[1;36m
[gzserver-2] [0m[1;36m[Dbg] [wind_plugin.cpp:110] [0m[1;36mWindPlugin: received command -> speed=[0m[1;36m0[0m[1;36m dir=[0m[1;36m0[0m[1;36m
[gzserver-2] [0m[1;36m[Dbg] [wind_plugin.cpp:110] [0m[1;36mWindPlugin: received command -> speed=[0m[1;36m0[0m[1;36m dir=[0m[1;36m0[0m[1;36m
[gzserver-2] [0m[1;36m[Dbg] [wind_plugin.cpp:110] [0m[1;36mWindPlugin: received command -> speed=[0m[1;36m0[0m[1;36m dir=[0m[1;36m0[0m[1;36m
[gzserver-2] [0m[1;36m[Dbg] [wind_plugin.cpp:110] [0m[1;36mWindPlugin: received command -> speed=[0m[1;36m0[0m[1;36m dir=[0m[1;36m0[0m[1;36m
[gzserver-2] [0m[1;36m[Dbg] [wind_plugin.cpp:110] [0m[1;36mWindPlugin: received command -> speed=[0m[1;36m0[0m[1;36m dir=[0m[1;36m0[0m[1;36m
[gzserver-2] [0m[1;36m[Dbg] [wind_plugin.cpp:110] [0m[1;36mWindPlugin: received command -> speed=[0m[1;36m0[0m[1;36m dir=[0m[1;36m0[0m[1;36m
[gzserver-2] [0mEntering flying model!
[gzserver-2] [INFO] [1773157863.061938255] [gazebo_wind_plugin_node]: WindPlugin: set wind_speed=0.00 wind_direction=0.0
[gzserver-2] [INFO] [1773157863.297015627] [gazebo_wind_plugin_node]: WindPlugin: set wind_speed=3.35 wind_direction=-69.7
[gzserver-2] [INFO] [1773157863.538617174] [gazebo_wind_plugin_node]: WindPlugin: set wind_speed=3.36 wind_direction=-69.7
[gzserver-2] [INFO] [1773157863.778737754] [gazebo_wind_plugin_node]: WindPlugin: set wind_speed=3.36 wind_direction=-69.7
[gzserver-2] [INFO] [1773157864.013080338] [gazebo_wind_plugin_node]: WindPlugin: set wind_speed=3.36 wind_direction=-69.7
[gzserver-2] [INFO] [1773157864.254864649] [gazebo_wind_plugin_node]: WindPlugin: set wind_speed=3.36 wind_direction=-69.7
[gzserver-2] [INFO] [1773157864.489356536] [gazebo_wind_plugin_node]: WindPlugin: set wind_speed=3.30 wind_direction=-70.3
[gzserver-2] [INFO] [1773157864.729187713] [gazebo_wind_plugin_node]: WindPlugin: set wind_speed=3.30 wind_direction=-70.3
[gzserver-2] [INFO] [1773157864.966150325] [gazebo_wind_plugin_node]: WindPlugin: set wind_speed=3.30 wind_direction=-70.3
[gzserver-2] [INFO] [1773157865.205647615] [gazebo_wind_plugin_node]: WindPlugin: set wind_speed=3.30 wind_direction=-70.3
[gzserver-2] [INFO] [1773157865.447942906] [gazebo_wind_plugin_node]: WindPlugin: set wind_speed=3.46 wind_direction=-71.5
[gzserver-2] [INFO] [1773157865.687624072] [gazebo_wind_plugin_node]: WindPlugin: set wind_speed=3.46 wind_direction=-71.5
[gzserver-2] [INFO] [1773157865.929174709] [gazebo_wind_plugin_node]: WindPlugin: set wind_speed=3.46 wind_direction=-71.5
[gzserver-2] [INFO] [1773157866.163800795] [gazebo_wind_plugin_node]: WindPlugin: set wind_speed=3.46 wind_direction=-71.5
[gzserver-2] [INFO] [1773157866.403227900] [gazebo_wind_plugin_node]: WindPlugin: set wind_speed=3.32 wind_direction=-68.2
[gzserver-2] [INFO] [1773157866.436014856] [drone.simple_drone]: Quadrotor lands!!
[gzserver-2] [INFO] [1773157866.637461943] [gazebo_wind_plugin_node]: WindPlugin: set wind_speed=3.32 wind_direction=-68.2
[gzserver-2] [INFO] [1773157866.869121595] [gazebo_wind_plugin_node]: WindPlugin: set wind_speed=3.32 wind_direction=-68.2
[gzserver-2] [INFO] [1773157867.103450244] [gazebo_wind_plugin_node]: WindPlugin: set wind_speed=3.32 wind_direction=-68.2
[gzserver-2] [INFO] [1773157867.343113121] [gazebo_wind_plugin_node]: WindPlugin: set wind_speed=3.32 wind_direction=-68.2
[gzserver-2] [1;36m[Dbg] [wind_plugin.cpp:110] [0m[1;36mWindPlugin: received command -> speed=[0m[1;36m0[0m[1;36m dir=[0m[1;36m0[0m[1;36m
[gzserver-2] [0m[1;36m[Dbg] [wind_plugin.cpp:110] [0m[1;36mWindPlugin: received command -> speed=[0m[1;36m3.34862[0m[1;36m dir=[0m[1;36m-69.7191[0m[1;36m
[gzserver-2] [0m[1;36m[Dbg] [wind_plugin.cpp:110] [0m[1;36mWindPlugin: received command -> speed=[0m[1;36m3.36298[0m[1;36m dir=[0m[1;36m-69.6649[0m[1;36m
[gzserver-2] [0m[1;36m[Dbg] [wind_plugin.cpp:110] [0m[1;36mWindPlugin: received command -> speed=[0m[1;36m3.36298[0m[1;36m dir=[0m[1;36m-69.6649[0m[1;36m
[gzserver-2] [0m[1;36m[Dbg] [wind_plugin.cpp:110] [0m[1;36mWindPlugin: received command -> speed=[0m[1;36m3.36298[0m[1;36m dir=[0m[1;36m-69.6649[0m[1;36m
[gzserver-2] [0m[1;36m[Dbg] [wind_plugin.cpp:110] [0m[1;36mWindPlugin: received command -> speed=[0m[1;36m3.36298[0m[1;36m dir=[0m[1;36m-69.6649[0m[1;36m
[gzserver-2] [0m[1;36m[Dbg] [wind_plugin.cpp:110] [0m[1;36mWindPlugin: received command -> speed=[0m[1;36m3.30298[0m[1;36m dir=[0m[1;36m-70.2913[0m[1;36m
[gzserver-2] [0m[1;36m[Dbg] [wind_plugin.cpp:110] [0m[1;36mWindPlugin: received command -> speed=[0m[1;36m3.30298[0m[1;36m dir=[0m[1;36m-70.2913[0m[1;36m
[gzserver-2] [0m[1;36m[Dbg] [wind_plugin.cpp:110] [0m[1;36mWindPlugin: received command -> speed=[0m[1;36m3.30298[0m[1;36m dir=[0m[1;36m-70.2913[0m[1;36m
[gzserver-2] [0m[1;36m[Dbg] [wind_plugin.cpp:110] [0m[1;36mWindPlugin: received command -> speed=[0m[1;36m3.30298[0m[1;36m dir=[0m[1;36m-70.2913[0m[1;36m
[gzserver-2] [0m[1;36m[Dbg] [wind_plugin.cpp:110] [0m[1;36mWindPlugin: received command -> speed=[0m[1;36m3.46036[0m[1;36m dir=[0m[1;36m-71.4508[0m[1;36m
[gzserver-2] [0m[1;36m[Dbg] [wind_plugin.cpp:110] [0m[1;36mWindPlugin: received command -> speed=[0m[1;36m3.46036[0m[1;36m dir=[0m[1;36m-71.4508[0m[1;36m
[gzserver-2] [0m[1;36m[Dbg] [wind_plugin.cpp:110] [0m[1;36mWindPlugin: received command -> speed=[0m[1;36m3.46036[0m[1;36m dir=[0m[1;36m-71.4508[0m[1;36m
[gzserver-2] [0m[1;36m[Dbg] [wind_plugin.cpp:110] [0m[1;36mWindPlugin: received command -> speed=[0m[1;36m3.46036[0m[1;36m dir=[0m[1;36m-71.4508[0m[1;36m
[gzserver-2] [0m[1;36m[Dbg] [wind_plugin.cpp:110] [0m[1;36mWindPlugin: received command -> speed=[0m[1;36m3.32401[0m[1;36m dir=[0m[1;36m-68.1504[0m[1;36m
[gzserver-2] [0m[1;36m[Dbg] [wind_plugin.cpp:110] [0m[1;36mWindPlugin: received command -> speed=[0m[1;36m3.32401[0m[1;36m dir=[0m[1;36m-68.1504[0m[1;36m
[gzserver-2] [0m[1;36m[Dbg] [wind_plugin.cpp:110] [0m[1;36mWindPlugin: received command -> speed=[0m[1;36m3.32401[0m[1;36m dir=[0m[1;36m-68.1504[0m[1;36m
[gzserver-2] [0m[1;36m[Dbg] [wind_plugin.cpp:110] [0m[1;36mWindPlugin: received command -> speed=[0m[1;36m3.32401[0m[1;36m dir=[0m[1;36m-68.1504[0m[1;36m
[gzserver-2] [0m[1;36m[Dbg] [wind_plugin.cpp:110] [0m[1;36mWindPlugin: received command -> speed=[0m[1;36m3.32401[0m[1;36m dir=[0m[1;36m-68.1504[0m[1;36m
[gzserver-2] [0mLanded!
[gzserver-2] [INFO] [1773157867.572086852] [gazebo_wind_plugin_node]: WindPlugin: set wind_speed=3.43 wind_direction=-68.5
[gzserver-2] [INFO] [1773157867.811369832] [gazebo_wind_plugin_node]: WindPlugin: set wind_speed=3.43 wind_direction=-68.5
[gzserver-2] [INFO] [1773157868.050994195] [gazebo_wind_plugin_node]: WindPlugin: set wind_speed=3.43 wind_direction=-68.5
[gzserver-2] [INFO] [1773157868.286380469] [gazebo_wind_plugin_node]: WindPlugin: set wind_speed=3.43 wind_direction=-68.5
[gzserver-2] [INFO] [1773157868.526044701] [gazebo_wind_plugin_node]: WindPlugin: set wind_speed=3.19 wind_direction=-69.5
[gzserver-2] [INFO] [1773157868.765666708] [gazebo_wind_plugin_node]: WindPlugin: set wind_speed=3.19 wind_direction=-69.5
[gzserver-2] [INFO] [1773157869.005675908] [gazebo_wind_plugin_node]: WindPlugin: set wind_speed=3.19 wind_direction=-69.5
[gzserver-2] [INFO] [1773157869.239458073] [gazebo_wind_plugin_node]: WindPlugin: set wind_speed=3.19 wind_direction=-69.5
