[INFO] [launch]: All log files can be found below /home/j/.ros/log/2026-03-11-06-25-54-313469-j-1175530
[INFO] [launch]: Default logging verbosity is set to INFO
[INFO] [launch.user]: [bringup] Apriltag config: camera=/drone/bottom, image=/drone/bottom/image_raw, tags=/drone/bottom/tags, bridge=/landing_tag_state, standalone=true, use_target_id=true, target_id=0
[INFO] [rviz2-1]: process started with pid [1175535]
[INFO] [gzserver-2]: process started with pid [1175537]
[INFO] [robot_state_publisher-3]: process started with pid [1175539]
[INFO] [joint_state_publisher-4]: process started with pid [1175541]
[INFO] [spawn_drone-5]: process started with pid [1175543]
[INFO] [static_transform_publisher-6]: process started with pid [1175545]
[INFO] [joy_node-7]: process started with pid [1175547]
[INFO] [teleop_joystick-8]: process started with pid [1175549]
[INFO] [apriltag_detector_node-9]: process started with pid [1175552]
[INFO] [apriltag_state_bridge-10]: process started with pid [1175554]
[static_transform_publisher-6] [WARN] [1773177954.785011742] []: Old-style arguments are deprecated; see --help for new-style arguments
[static_transform_publisher-6] [INFO] [1773177954.792789631] [static_transform_publisher_M2IRaHZIb2LoMkrs]: Spinning until stopped - publishing transform
[static_transform_publisher-6] translation: ('0.000000', '0.000000', '0.000000')
[static_transform_publisher-6] rotation: ('0.000000', '0.000000', '0.000000', '1.000000')
[static_transform_publisher-6] from 'world' to '/drone/odom'
[robot_state_publisher-3] [INFO] [1773177954.809594990] [drone.robot_state_publisher]: got segment base_footprint
[robot_state_publisher-3] [INFO] [1773177954.809659224] [drone.robot_state_publisher]: got segment base_link
[robot_state_publisher-3] [INFO] [1773177954.809664779] [drone.robot_state_publisher]: got segment bottom_cam_link
[robot_state_publisher-3] [INFO] [1773177954.809668077] [drone.robot_state_publisher]: got segment front_cam_link
[robot_state_publisher-3] [INFO] [1773177954.809670973] [drone.robot_state_publisher]: got segment sonar_link
[rviz2-1] 
[rviz2-1] (rviz2:1175535): dbind-WARNING **: 06:25:54.817: Couldn't connect to accessibility bus: Failed to connect to socket /root/.cache/at-spi/bus_0: 허가 거부
[apriltag_detector_node-9] [INFO] [1773177954.822430407] [apriltag_detector_node]: tag detector type: umich
[teleop_joystick-8] Traceback (most recent call last):
[teleop_joystick-8]   File "/home/j/INCSL/IICC26_ws/install/sjtu_drone_control/lib/sjtu_drone_control/teleop_joystick", line 33, in <module>
[teleop_joystick-8]     sys.exit(load_entry_point('sjtu_drone_control==0.0.0', 'console_scripts', 'teleop_joystick')())
[teleop_joystick-8]   File "/home/j/INCSL/IICC26_ws/install/sjtu_drone_control/lib/sjtu_drone_control/teleop_joystick", line 22, in importlib_load_entry_point
[teleop_joystick-8]     for entry_point in distribution(dist_name).entry_points
[teleop_joystick-8]   File "/usr/lib/python3.10/importlib/metadata/__init__.py", line 969, in distribution
[teleop_joystick-8]     return Distribution.from_name(distribution_name)
[teleop_joystick-8]   File "/usr/lib/python3.10/importlib/metadata/__init__.py", line 548, in from_name
[teleop_joystick-8]     raise PackageNotFoundError(name)
[teleop_joystick-8] importlib.metadata.PackageNotFoundError: No package metadata was found for sjtu_drone_control
[ERROR] [teleop_joystick-8]: process has died [pid 1175549, exit code 1, cmd '/home/j/INCSL/IICC26_ws/install/sjtu_drone_control/lib/sjtu_drone_control/teleop_joystick --ros-args -r __ns:=/drone'].
[gzserver-2] Gazebo multi-robot simulator, version 11.10.2
[gzserver-2] Copyright (C) 2012 Open Source Robotics Foundation.
[gzserver-2] Released under the Apache 2 License.
[gzserver-2] http://gazebosim.org
[gzserver-2] 
[apriltag_state_bridge-10] [INFO] [1773177955.076463350] [apriltag_state_bridge]: AprilTag bridge started: /drone/bottom/tags -> /landing_tag_state, use_target_id=True, target_id=0
[joint_state_publisher-4] [INFO] [1773177955.091624867] [drone.joint_state_publisher]: Waiting for robot_description to be published on the robot_description topic...
[gzserver-2] [1;33m[Wrn] [gazebo_ros_init.cpp:178] [0m[1;33m
[gzserver-2] #     # ####### ####### ###  #####  #######
[gzserver-2] ##    # #     #    #     #  #     # #
[gzserver-2] # #   # #     #    #     #  #       #
[gzserver-2] #  #  # #     #    #     #  #       #####
[gzserver-2] #   # # #     #    #     #  #       #
[gzserver-2] #    ## #     #    #     #  #     # #
[gzserver-2] #     # #######    #    ###  #####  #######
[gzserver-2] 
[gzserver-2] This version of Gazebo, now called Gazebo classic, reaches end-of-life
[gzserver-2] in January 2025. Users are highly encouraged to migrate to the new Gazebo
[gzserver-2] using our migration guides (https://gazebosim.org/docs/latest/gazebo_classic_migration?utm_source=gazebo_ros_pkgs&utm_medium=cli)
[gzserver-2] 
[gzserver-2] [0m[1;33m
[rviz2-1] [INFO] [1773177955.242069896] [rviz2]: Stereo is NOT SUPPORTED
[rviz2-1] [INFO] [1773177955.242165422] [rviz2]: OpenGl version: 4.6 (GLSL 4.6)
[rviz2-1] [INFO] [1773177955.394650722] [rviz2]: Stereo is NOT SUPPORTED
[rviz2-1] [INFO] [1773177955.520393824] [rviz2]: Stereo is NOT SUPPORTED
[spawn_drone-5] [INFO] [1773177956.114657731] [spawn_drone]: Result False Entity pushed to spawn queue, but spawn service timed outwaiting for entity to appear in simulation under the name [/drone]
[gzserver-2] [1;32m[Msg] [0m[1;32mWaiting for master.[0m[1;32m
[gzserver-2] [0m[1;32m[0m[1;32m[0m[1;32m[Msg] [0m[1;32mConnected to gazebo master @ [0m[1;32mhttp://127.0.0.1:11345[0m[1;32m
[gzserver-2] [0m[1;32m[0m[1;32m[0m[1;32m[Msg] [0m[1;32mPublicized address: [0m[1;32m192.168.0.11[0m[1;32m
[gzserver-2] [0m[1;32m[0m[1;32m[0m[1;32m[Msg] [0m[1;32mLoading world file [[0m[1;32m/home/j/INCSL/IICC26_ws/install/sjtu_drone_description/share/sjtu_drone_description/worlds/landingPad.world[0m[1;32m][0m[1;32m
[gzserver-2] [0m[1;32m[0m[1;32m[0m[1;36m[Dbg] [wind_plugin.cpp:96] [0m[1;36mWindPlugin loaded: speed=[0m[1;36m0[0m[1;36m dir=[0m[1;36m0[0m[1;36m deg area=[0m[1;36m0.1[0m[1;36m coeff=[0m[1;36m1[0m[1;36m
[gzserver-2] [0m[1;33m[0m[1;33m[0m[1;31m[Err] [Sensor.cc:510] [0m[1;31mGet noise index not valid[0m[1;31m
[gzserver-2] [0m[1;31m[0m[1;31m[0m[1;31m[Err] [Sensor.cc:510] [0m[1;31mGet noise index not valid[0m[1;31m
[gzserver-2] [0m[1;31m[0m[1;31m[0m[1;31m[Err] [Sensor.cc:510] [0m[1;31mGet noise index not valid[0m[1;31m
[gzserver-2] [0m[1;31m[0m[1;31m[0m[1;31m[Err] [Sensor.cc:510] [0m[1;31mGet noise index not valid[0m[1;31m
[gzserver-2] [0m[1;31m[0m[1;31m[0m[1;31m[Err] [Sensor.cc:510] [0m[1;31mGet noise index not valid[0m[1;31m
[gzserver-2] [0m[1;31m[0m[1;31m[0m[1;31m[Err] [Sensor.cc:510] [0m[1;31mGet noise index not valid[0m[1;31m
[gzserver-2] [0m[1;31m[0m[1;31m[0mTopic [default//drone/base_footprint/down_camera/image] is not valid.
[gzserver-2] [INFO] [1773177956.146140171] [drone.collision_plugin]: Publishing contact states to [/drone/bumper_states]
[gzserver-2] Topic [default//drone/base_footprint/front_camera/image] is not valid.
[gzserver-2] [1;33m[Wrn] [Event.cc:61] [0m[1;33mWarning: Deleting a connection right after creation. [0m[1;33mMake sure to save the ConnectionPtr from a Connect call
[INFO] [spawn_drone-5]: process has finished cleanly [pid 1175543]
[gzserver-2] [0m[INFO] [1773177956.724026021] [drone.camera_bottom]: Publishing camera info to [/drone/bottom/camera_info]
[gzserver-2] [INFO] [1773177956.727478820] [drone.camera_front]: Publishing camera info to [/drone/front/camera_info]
[gzserver-2] [INFO] [1773177956.850701925] [drone.simple_drone]: The drone plugin is loading!
[gzserver-2] [INFO] [1773177956.850914849] [drone.simple_drone]: pub_odom: 1
[gzserver-2] [INFO] [1773177956.850952038] [drone.simple_drone]: Using following parameters: 
[gzserver-2] 		link_name: base_footprint,
[gzserver-2] 		max_force: 30,
[gzserver-2] 		motion_small_noise: 0,
[gzserver-2] 		motion_drift_noise: 0,
[gzserver-2] 		motion_drift_noise_time: 50,
[gzserver-2] 		takeoff_hover_height: 2.23,
[gzserver-2] 		takeoff_vertical_speed: 0.2
[gzserver-2] [INFO] [1773177956.862397885] [drone.simple_drone]: Using the PID parameters: 
[gzserver-2] 	Roll Pitch:
[gzserver-2] 		kP: 10, kI: 0,kD: 5, Limit: 0.5, Time Constant: 0
[gzserver-2] 	Yaw:
[gzserver-2] 		kP: 2, kI: 0,kD: 1, Limit: 1.5, Time Constant: 0
[gzserver-2] 	Velocity X:
[gzserver-2] 		kP: 5, kI: 0,kD: 2.3, Limit: 2, Time Constant: 0
[gzserver-2] 	Velocity Y:
[gzserver-2] 		kP: 5, kI: 0,kD: 2.3, Limit: 2, Time Constant: 0
[gzserver-2] 	Velocity Z:
[gzserver-2] 		kP: 5, kI: 0,kD: 1, Limit: -1, Time Constant: 0
[gzserver-2] 	Position XY:
[gzserver-2] 		kP: 1.1, kI: 0,kD: 0, Limit: 5, Time Constant: 0
[gzserver-2] 	Position Z:
[gzserver-2] 		kP: 1, kI: 0,kD: 0.2, Limit: -1, Time Constant: 0
[gzserver-2] [INFO] [1773177956.862529569] [drone.simple_drone]: The drone plugin finished loading!
[gzserver-2] [INFO] [1773177964.147777197] [gazebo_wind_plugin_node]: WindPlugin: set wind_speed=0.00 wind_direction=0.0
[gzserver-2] [INFO] [1773177964.416140758] [gazebo_wind_plugin_node]: WindPlugin: set wind_speed=0.00 wind_direction=0.0
[gzserver-2] [INFO] [1773177964.455631202] [drone.simple_drone]: Quadrotor takes off!!
[gzserver-2] [INFO] [1773177964.657795725] [gazebo_wind_plugin_node]: WindPlugin: set wind_speed=0.00 wind_direction=0.0
[gzserver-2] [INFO] [1773177964.898125251] [gazebo_wind_plugin_node]: WindPlugin: set wind_speed=0.00 wind_direction=0.0
[gzserver-2] [INFO] [1773177965.139773443] [gazebo_wind_plugin_node]: WindPlugin: set wind_speed=0.00 wind_direction=0.0
[gzserver-2] [INFO] [1773177965.375228224] [gazebo_wind_plugin_node]: WindPlugin: set wind_speed=0.00 wind_direction=0.0
[gzserver-2] [INFO] [1773177965.614216737] [gazebo_wind_plugin_node]: WindPlugin: set wind_speed=0.00 wind_direction=0.0
[gzserver-2] [INFO] [1773177965.843584807] [gazebo_wind_plugin_node]: WindPlugin: set wind_speed=0.00 wind_direction=0.0
[gzserver-2] [INFO] [1773177966.083380820] [gazebo_wind_plugin_node]: WindPlugin: set wind_speed=0.00 wind_direction=0.0
[gzserver-2] [0m[1;36m[Dbg] [wind_plugin.cpp:110] [0m[1;36mWindPlugin: received command -> speed=[0m[1;36m0[0m[1;36m dir=[0m[1;36m0[0m[1;36m
[gzserver-2] [0m[1;36m[Dbg] [wind_plugin.cpp:110] [0m[1;36mWindPlugin: received command -> speed=[0m[1;36m0[0m[1;36m dir=[0m[1;36m0[0m[1;36m
[gzserver-2] [0m[1;36m[Dbg] [wind_plugin.cpp:110] [0m[1;36mWindPlugin: received command -> speed=[0m[1;36m0[0m[1;36m dir=[0m[1;36m0[0m[1;36m
[gzserver-2] [0m[1;36m[Dbg] [wind_plugin.cpp:110] [0m[1;36mWindPlugin: received command -> speed=[0m[1;36m0[0m[1;36m dir=[0m[1;36m0[0m[1;36m
[gzserver-2] [0m[1;36m[Dbg] [wind_plugin.cpp:110] [0m[1;36mWindPlugin: received command -> speed=[0m[1;36m0[0m[1;36m dir=[0m[1;36m0[0m[1;36m
[gzserver-2] [0m[1;36m[Dbg] [wind_plugin.cpp:110] [0m[1;36mWindPlugin: received command -> speed=[0m[1;36m0[0m[1;36m dir=[0m[1;36m0[0m[1;36m
[gzserver-2] [0m[1;36m[Dbg] [wind_plugin.cpp:110] [0m[1;36mWindPlugin: received command -> speed=[0m[1;36m0[0m[1;36m dir=[0m[1;36m0[0m[1;36m
[gzserver-2] [0m[1;36m[Dbg] [wind_plugin.cpp:110] [0m[1;36mWindPlugin: received command -> speed=[0m[1;36m0[0m[1;36m dir=[0m[1;36m0[0m[1;36m
[gzserver-2] [0m[1;36m[Dbg] [wind_plugin.cpp:110] [0m[1;36mWindPlugin: received command -> speed=[0m[1;36m0[0m[1;36m dir=[0m[1;36m0[0m[1;36m
[gzserver-2] [0mEntering flying model!
[gzserver-2] [INFO] [1773177966.313204050] [gazebo_wind_plugin_node]: WindPlugin: set wind_speed=0.00 wind_direction=0.0
[gzserver-2] [INFO] [1773177966.552884004] [gazebo_wind_plugin_node]: WindPlugin: set wind_speed=0.95 wind_direction=-68.0
[gzserver-2] [INFO] [1773177966.795196031] [gazebo_wind_plugin_node]: WindPlugin: set wind_speed=1.14 wind_direction=-65.4
[gzserver-2] [INFO] [1773177967.034534079] [gazebo_wind_plugin_node]: WindPlugin: set wind_speed=1.14 wind_direction=-65.4
[gzserver-2] [INFO] [1773177967.275335333] [gazebo_wind_plugin_node]: WindPlugin: set wind_speed=1.14 wind_direction=-65.4
[gzserver-2] [INFO] [1773177967.514573366] [gazebo_wind_plugin_node]: WindPlugin: set wind_speed=1.14 wind_direction=-65.4
[gzserver-2] [INFO] [1773177967.754630480] [gazebo_wind_plugin_node]: WindPlugin: set wind_speed=1.00 wind_direction=-65.9
[gzserver-2] [INFO] [1773177967.983512021] [gazebo_wind_plugin_node]: WindPlugin: set wind_speed=1.00 wind_direction=-65.9
[gzserver-2] [INFO] [1773177968.222449424] [gazebo_wind_plugin_node]: WindPlugin: set wind_speed=1.00 wind_direction=-65.9
[gzserver-2] [INFO] [1773177968.463794820] [gazebo_wind_plugin_node]: WindPlugin: set wind_speed=1.00 wind_direction=-65.9
[gzserver-2] [INFO] [1773177968.698599552] [gazebo_wind_plugin_node]: WindPlugin: set wind_speed=0.84 wind_direction=-65.5
[gzserver-2] [INFO] [1773177968.927671064] [gazebo_wind_plugin_node]: WindPlugin: set wind_speed=0.84 wind_direction=-65.5
[gzserver-2] [INFO] [1773177969.162142648] [gazebo_wind_plugin_node]: WindPlugin: set wind_speed=0.84 wind_direction=-65.5
[gzserver-2] [INFO] [1773177969.401927222] [gazebo_wind_plugin_node]: WindPlugin: set wind_speed=0.84 wind_direction=-65.5
[gzserver-2] [INFO] [1773177969.641856599] [gazebo_wind_plugin_node]: WindPlugin: set wind_speed=0.84 wind_direction=-65.5
[gzserver-2] [INFO] [1773177969.881885464] [gazebo_wind_plugin_node]: WindPlugin: set wind_speed=0.92 wind_direction=-67.7
[gzserver-2] [INFO] [1773177969.920028194] [drone.simple_drone]: Quadrotor lands!!
[gzserver-2] [INFO] [1773177970.121392794] [gazebo_wind_plugin_node]: WindPlugin: set wind_speed=0.92 wind_direction=-67.7
[gzserver-2] [INFO] [1773177970.361200041] [gazebo_wind_plugin_node]: WindPlugin: set wind_speed=0.92 wind_direction=-67.7
[gzserver-2] [INFO] [1773177970.598525284] [gazebo_wind_plugin_node]: WindPlugin: set wind_speed=0.92 wind_direction=-67.7
[gzserver-2] [INFO] [1773177970.829661085] [gazebo_wind_plugin_node]: WindPlugin: set wind_speed=0.91 wind_direction=-64.6
[gzserver-2] [1;36m[Dbg] [wind_plugin.cpp:110] [0m[1;36mWindPlugin: received command -> speed=[0m[1;36m0[0m[1;36m dir=[0m[1;36m0[0m[1;36m
[gzserver-2] [0m[1;36m[Dbg] [wind_plugin.cpp:110] [0m[1;36mWindPlugin: received command -> speed=[0m[1;36m0.9541[0m[1;36m dir=[0m[1;36m-68.0278[0m[1;36m
[gzserver-2] [0m[1;36m[Dbg] [wind_plugin.cpp:110] [0m[1;36mWindPlugin: received command -> speed=[0m[1;36m1.13848[0m[1;36m dir=[0m[1;36m-65.3523[0m[1;36m
[gzserver-2] [0m[1;36m[Dbg] [wind_plugin.cpp:110] [0m[1;36mWindPlugin: received command -> speed=[0m[1;36m1.13848[0m[1;36m dir=[0m[1;36m-65.3523[0m[1;36m
[gzserver-2] [0m[1;36m[Dbg] [wind_plugin.cpp:110] [0m[1;36mWindPlugin: received command -> speed=[0m[1;36m1.13848[0m[1;36m dir=[0m[1;36m-65.3523[0m[1;36m
[gzserver-2] [0m[1;36m[Dbg] [wind_plugin.cpp:110] [0m[1;36mWindPlugin: received command -> speed=[0m[1;36m1.13848[0m[1;36m dir=[0m[1;36m-65.3523[0m[1;36m
[gzserver-2] [0m[1;36m[Dbg] [wind_plugin.cpp:110] [0m[1;36mWindPlugin: received command -> speed=[0m[1;36m0.998077[0m[1;36m dir=[0m[1;36m-65.9185[0m[1;36m
[gzserver-2] [0m[1;36m[Dbg] [wind_plugin.cpp:110] [0m[1;36mWindPlugin: received command -> speed=[0m[1;36m0.998077[0m[1;36m dir=[0m[1;36m-65.9185[0m[1;36m
[gzserver-2] [0m[1;36m[Dbg] [wind_plugin.cpp:110] [0m[1;36mWindPlugin: received command -> speed=[0m[1;36m0.998077[0m[1;36m dir=[0m[1;36m-65.9185[0m[1;36m
[gzserver-2] [0m[1;36m[Dbg] [wind_plugin.cpp:110] [0m[1;36mWindPlugin: received command -> speed=[0m[1;36m0.998077[0m[1;36m dir=[0m[1;36m-65.9185[0m[1;36m
[gzserver-2] [0m[1;36m[Dbg] [wind_plugin.cpp:110] [0m[1;36mWindPlugin: received command -> speed=[0m[1;36m0.844255[0m[1;36m dir=[0m[1;36m-65.4984[0m[1;36m
[gzserver-2] [0m[1;36m[Dbg] [wind_plugin.cpp:110] [0m[1;36mWindPlugin: received command -> speed=[0m[1;36m0.844255[0m[1;36m dir=[0m[1;36m-65.4984[0m[1;36m
[gzserver-2] [0m[1;36m[Dbg] [wind_plugin.cpp:110] [0m[1;36mWindPlugin: received command -> speed=[0m[1;36m0.844255[0m[1;36m dir=[0m[1;36m-65.4984[0m[1;36m
[gzserver-2] [0m[1;36m[Dbg] [wind_plugin.cpp:110] [0m[1;36mWindPlugin: received command -> speed=[0m[1;36m0.844255[0m[1;36m dir=[0m[1;36m-65.4984[0m[1;36m
[gzserver-2] [0m[1;36m[Dbg] [wind_plugin.cpp:110] [0m[1;36mWindPlugin: received command -> speed=[0m[1;36m0.844255[0m[1;36m dir=[0m[1;36m-65.4984[0m[1;36m
[gzserver-2] [0m[1;36m[Dbg] [wind_plugin.cpp:110] [0m[1;36mWindPlugin: received command -> speed=[0m[1;36m0.916651[0m[1;36m dir=[0m[1;36m-67.6858[0m[1;36m
[gzserver-2] [0m[1;36m[Dbg] [wind_plugin.cpp:110] [0m[1;36mWindPlugin: received command -> speed=[0m[1;36m0.916651[0m[1;36m dir=[0m[1;36m-67.6858[0m[1;36m
[gzserver-2] [0m[1;36m[Dbg] [wind_plugin.cpp:110] [0m[1;36mWindPlugin: received command -> speed=[0m[1;36m0.916651[0m[1;36m dir=[0m[1;36m-67.6858[0m[1;36m
[gzserver-2] [0m[1;36m[Dbg] [wind_plugin.cpp:110] [0m[1;36mWindPlugin: received command -> speed=[0m[1;36m0.916651[0m[1;36m dir=[0m[1;36m-67.6858[0m[1;36m
[gzserver-2] [0m[1;36m[Dbg] [wind_plugin.cpp:110] [0m[1;36mWindPlugin: received command -> speed=[0m[1;36m0.909157[0m[1;36m dir=[0m[1;36m-64.5626[0m[1;36m
[gzserver-2] [0mLanded!
[gzserver-2] [INFO] [1773177971.069068430] [gazebo_wind_plugin_node]: WindPlugin: set wind_speed=0.91 wind_direction=-64.6
[gzserver-2] [INFO] [1773177971.308639479] [gazebo_wind_plugin_node]: WindPlugin: set wind_speed=0.91 wind_direction=-64.6
[gzserver-2] [INFO] [1773177971.547991865] [gazebo_wind_plugin_node]: WindPlugin: set wind_speed=0.91 wind_direction=-64.6
[gzserver-2] [INFO] [1773177971.787317417] [gazebo_wind_plugin_node]: WindPlugin: set wind_speed=0.98 wind_direction=-66.7
[gzserver-2] [INFO] [1773177972.022361402] [gazebo_wind_plugin_node]: WindPlugin: set wind_speed=0.98 wind_direction=-66.7
[gzserver-2] [INFO] [1773177972.258353815] [gazebo_wind_plugin_node]: WindPlugin: set wind_speed=0.98 wind_direction=-66.7
[gzserver-2] [INFO] [1773177972.492636813] [gazebo_wind_plugin_node]: WindPlugin: set wind_speed=0.98 wind_direction=-66.7
[gzserver-2] [INFO] [1773177972.721272485] [gazebo_wind_plugin_node]: WindPlugin: set wind_speed=0.95 wind_direction=-67.3
