[INFO] [launch]: All log files can be found below /home/j/.ros/log/2026-03-10-13-58-46-908689-j-2046392
[INFO] [launch]: Default logging verbosity is set to INFO
[INFO] [launch.user]: [bringup] Apriltag config: camera=/drone/bottom, image=/drone/bottom/image_raw, tags=/drone/bottom/tags, bridge=/landing_tag_state, standalone=true, use_target_id=true, target_id=0
[INFO] [rviz2-1]: process started with pid [2046395]
[INFO] [gzserver-2]: process started with pid [2046397]
[INFO] [robot_state_publisher-3]: process started with pid [2046399]
[INFO] [joint_state_publisher-4]: process started with pid [2046401]
[INFO] [spawn_drone-5]: process started with pid [2046403]
[INFO] [static_transform_publisher-6]: process started with pid [2046405]
[INFO] [joy_node-7]: process started with pid [2046407]
[INFO] [teleop_joystick-8]: process started with pid [2046409]
[INFO] [apriltag_detector_node-9]: process started with pid [2046411]
[INFO] [apriltag_state_bridge-10]: process started with pid [2046414]
[static_transform_publisher-6] [WARN] [1773118727.380098068] []: Old-style arguments are deprecated; see --help for new-style arguments
[static_transform_publisher-6] [INFO] [1773118727.385949777] [static_transform_publisher_L7xmtqyuNubEU946]: Spinning until stopped - publishing transform
[static_transform_publisher-6] translation: ('0.000000', '0.000000', '0.000000')
[static_transform_publisher-6] rotation: ('0.000000', '0.000000', '0.000000', '1.000000')
[static_transform_publisher-6] from 'world' to '/drone/odom'
[robot_state_publisher-3] [INFO] [1773118727.401983914] [drone.robot_state_publisher]: got segment base_footprint
[robot_state_publisher-3] [INFO] [1773118727.402044143] [drone.robot_state_publisher]: got segment base_link
[robot_state_publisher-3] [INFO] [1773118727.402049896] [drone.robot_state_publisher]: got segment bottom_cam_link
[robot_state_publisher-3] [INFO] [1773118727.402053252] [drone.robot_state_publisher]: got segment front_cam_link
[robot_state_publisher-3] [INFO] [1773118727.402056035] [drone.robot_state_publisher]: got segment sonar_link
[rviz2-1] 
[rviz2-1] (rviz2:2046395): dbind-WARNING **: 13:58:47.412: Couldn't connect to accessibility bus: Failed to connect to socket /root/.cache/at-spi/bus_0: 허가 거부
[teleop_joystick-8] Traceback (most recent call last):
[teleop_joystick-8]   File "/home/j/INCSL/IICC26_ws/install/sjtu_drone_control/lib/sjtu_drone_control/teleop_joystick", line 33, in <module>
[teleop_joystick-8]     sys.exit(load_entry_point('sjtu_drone_control==0.0.0', 'console_scripts', 'teleop_joystick')())
[teleop_joystick-8]   File "/home/j/INCSL/IICC26_ws/install/sjtu_drone_control/lib/sjtu_drone_control/teleop_joystick", line 22, in importlib_load_entry_point
[teleop_joystick-8]     for entry_point in distribution(dist_name).entry_points
[teleop_joystick-8]   File "/usr/lib/python3.10/importlib/metadata/__init__.py", line 969, in distribution
[teleop_joystick-8]     return Distribution.from_name(distribution_name)
[teleop_joystick-8]   File "/usr/lib/python3.10/importlib/metadata/__init__.py", line 548, in from_name
[teleop_joystick-8]     raise PackageNotFoundError(name)
[teleop_joystick-8] importlib.metadata.PackageNotFoundError: No package metadata was found for sjtu_drone_control
[apriltag_detector_node-9] [INFO] [1773118727.434587213] [apriltag_detector_node]: tag detector type: umich
[ERROR] [teleop_joystick-8]: process has died [pid 2046409, exit code 1, cmd '/home/j/INCSL/IICC26_ws/install/sjtu_drone_control/lib/sjtu_drone_control/teleop_joystick --ros-args -r __ns:=/drone'].
[gzserver-2] Gazebo multi-robot simulator, version 11.10.2
[gzserver-2] Copyright (C) 2012 Open Source Robotics Foundation.
[gzserver-2] Released under the Apache 2 License.
[gzserver-2] http://gazebosim.org
[gzserver-2] 
[joint_state_publisher-4] [INFO] [1773118727.676349439] [drone.joint_state_publisher]: Waiting for robot_description to be published on the robot_description topic...
[apriltag_state_bridge-10] [INFO] [1773118727.678797130] [apriltag_state_bridge]: AprilTag bridge started: /drone/bottom/tags -> /landing_tag_state, use_target_id=True, target_id=0
[gzserver-2] [1;33m[Wrn] [gazebo_ros_init.cpp:178] [0m[1;33m
[gzserver-2] #     # ####### ####### ###  #####  #######
[gzserver-2] ##    # #     #    #     #  #     # #
[gzserver-2] # #   # #     #    #     #  #       #
[gzserver-2] #  #  # #     #    #     #  #       #####
[gzserver-2] #   # # #     #    #     #  #       #
[gzserver-2] #    ## #     #    #     #  #     # #
[gzserver-2] #     # #######    #    ###  #####  #######
[gzserver-2] 
[gzserver-2] This version of Gazebo, now called Gazebo classic, reaches end-of-life
[gzserver-2] in January 2025. Users are highly encouraged to migrate to the new Gazebo
[gzserver-2] using our migration guides (https://gazebosim.org/docs/latest/gazebo_classic_migration?utm_source=gazebo_ros_pkgs&utm_medium=cli)
[gzserver-2] 
[gzserver-2] [0m[1;33m
[rviz2-1] [INFO] [1773118728.140123158] [rviz2]: Stereo is NOT SUPPORTED
[rviz2-1] [INFO] [1773118728.140204684] [rviz2]: OpenGl version: 4.6 (GLSL 4.6)
[rviz2-1] [INFO] [1773118728.217430890] [rviz2]: Stereo is NOT SUPPORTED
[rviz2-1] [INFO] [1773118728.312195014] [rviz2]: Stereo is NOT SUPPORTED
[gzserver-2] [1;32m[Msg] [0m[1;32mWaiting for master.[0m[1;32m
[gzserver-2] [0m[1;32m[0m[1;32m[0m[1;32m[Msg] [0m[1;32mConnected to gazebo master @ [0m[1;32mhttp://127.0.0.1:11345[0m[1;32m
[gzserver-2] [0m[1;32m[0m[1;32m[0m[1;32m[Msg] [0m[1;32mPublicized address: [0m[1;32m172.16.52.147[0m[1;32m
[gzserver-2] [0m[1;32m[0m[1;32m[0m[1;32m[Msg] [0m[1;32mLoading world file [[0m[1;32m/home/j/INCSL/IICC26_ws/install/sjtu_drone_description/share/sjtu_drone_description/worlds/landingPad.world[0m[1;32m][0m[1;32m
[gzserver-2] [0m[1;32m[0m[1;32m[0m[1;36m[Dbg] [wind_plugin.cpp:96] [0m[1;36mWindPlugin loaded: speed=[0m[1;36m0[0m[1;36m dir=[0m[1;36m0[0m[1;36m deg area=[0m[1;36m0.1[0m[1;36m coeff=[0m[1;36m1[0m[1;36m
[gzserver-2] [0m[1;33m[0m[1;33m[0m[1;31m[Err] [Sensor.cc:510] [0m[1;31mGet noise index not valid[0m[1;31m
[gzserver-2] [0m[1;31m[0m[1;31m[0m[1;31m[Err] [Sensor.cc:510] [0m[1;31mGet noise index not valid[0m[1;31m
[gzserver-2] [0m[1;31m[0m[1;31m[0m[1;31m[Err] [Sensor.cc:510] [0m[1;31mGet noise index not valid[0m[1;31m
[gzserver-2] [0m[1;31m[0m[1;31m[0m[1;31m[Err] [Sensor.cc:510] [0m[1;31mGet noise index not valid[0m[1;31m
[gzserver-2] [0m[1;31m[0m[1;31m[0m[1;31m[Err] [Sensor.cc:510] [0m[1;31mGet noise index not valid[0m[1;31m
[gzserver-2] [0m[1;31m[0m[1;31m[0m[1;31m[Err] [Sensor.cc:510] [0m[1;31mGet noise index not valid[0m[1;31m
[gzserver-2] [0m[1;31m[0m[1;31m[0mTopic [default//drone/base_footprint/down_camera/image] is not valid.
[gzserver-2] [INFO] [1773118728.854744802] [drone.collision_plugin]: Publishing contact states to [/drone/bumper_states]
[gzserver-2] Topic [default//drone/base_footprint/front_camera/image] is not valid.
[gzserver-2] [1;33m[Wrn] [Event.cc:61] [0m[1;33mWarning: Deleting a connection right after creation. [0m[1;33mMake sure to save the ConnectionPtr from a Connect call
[gzserver-2] [0m[INFO] [1773118729.411404371] [drone.camera_bottom]: Publishing camera info to [/drone/bottom/camera_info]
[gzserver-2] [INFO] [1773118729.414338387] [drone.camera_front]: Publishing camera info to [/drone/front/camera_info]
[spawn_drone-5] [INFO] [1773118729.423209061] [spawn_drone]: Result True SpawnEntity: Successfully spawned entity [/drone]
[gzserver-2] [INFO] [1773118729.536116278] [drone.simple_drone]: The drone plugin is loading!
[gzserver-2] [INFO] [1773118729.536326250] [drone.simple_drone]: pub_odom: 1
[gzserver-2] [INFO] [1773118729.536359954] [drone.simple_drone]: Using following parameters: 
[gzserver-2] 		link_name: base_footprint,
[gzserver-2] 		max_force: 30,
[gzserver-2] 		motion_small_noise: 0,
[gzserver-2] 		motion_drift_noise: 0,
[gzserver-2] 		motion_drift_noise_time: 50,
[gzserver-2] 		takeoff_hover_height: 2.48,
[gzserver-2] 		takeoff_vertical_speed: 0.2
[gzserver-2] [INFO] [1773118729.548389841] [drone.simple_drone]: Using the PID parameters: 
[gzserver-2] 	Roll Pitch:
[gzserver-2] 		kP: 10, kI: 0,kD: 5, Limit: 0.5, Time Constant: 0
[gzserver-2] 	Yaw:
[gzserver-2] 		kP: 2, kI: 0,kD: 1, Limit: 1.5, Time Constant: 0
[gzserver-2] 	Velocity X:
[gzserver-2] 		kP: 5, kI: 0,kD: 2.3, Limit: 2, Time Constant: 0
[gzserver-2] 	Velocity Y:
[gzserver-2] 		kP: 5, kI: 0,kD: 2.3, Limit: 2, Time Constant: 0
[gzserver-2] 	Velocity Z:
[gzserver-2] 		kP: 5, kI: 0,kD: 1, Limit: -1, Time Constant: 0
[gzserver-2] 	Position XY:
[gzserver-2] 		kP: 1.1, kI: 0,kD: 0, Limit: 5, Time Constant: 0
[gzserver-2] 	Position Z:
[gzserver-2] 		kP: 1, kI: 0,kD: 0.2, Limit: -1, Time Constant: 0
[gzserver-2] [INFO] [1773118729.548524960] [drone.simple_drone]: The drone plugin finished loading!
[INFO] [spawn_drone-5]: process has finished cleanly [pid 2046403]
[gzserver-2] [INFO] [1773118736.726510555] [gazebo_wind_plugin_node]: WindPlugin: set wind_speed=0.00 wind_direction=0.0
[gzserver-2] [INFO] [1773118736.991454280] [gazebo_wind_plugin_node]: WindPlugin: set wind_speed=0.00 wind_direction=0.0
[gzserver-2] [INFO] [1773118737.029976535] [drone.simple_drone]: Quadrotor takes off!!
[gzserver-2] [INFO] [1773118737.231196402] [gazebo_wind_plugin_node]: WindPlugin: set wind_speed=0.00 wind_direction=0.0
[gzserver-2] [INFO] [1773118737.470469748] [gazebo_wind_plugin_node]: WindPlugin: set wind_speed=0.00 wind_direction=0.0
[gzserver-2] [INFO] [1773118737.709814151] [gazebo_wind_plugin_node]: WindPlugin: set wind_speed=0.00 wind_direction=0.0
[gzserver-2] [INFO] [1773118737.949504036] [gazebo_wind_plugin_node]: WindPlugin: set wind_speed=0.00 wind_direction=0.0
[gzserver-2] [INFO] [1773118738.190394051] [gazebo_wind_plugin_node]: WindPlugin: set wind_speed=0.00 wind_direction=0.0
[gzserver-2] [INFO] [1773118738.429705068] [gazebo_wind_plugin_node]: WindPlugin: set wind_speed=0.00 wind_direction=0.0
[gzserver-2] [INFO] [1773118738.663511957] [gazebo_wind_plugin_node]: WindPlugin: set wind_speed=0.00 wind_direction=0.0
[gzserver-2] [INFO] [1773118738.902763328] [gazebo_wind_plugin_node]: WindPlugin: set wind_speed=0.00 wind_direction=0.0
[gzserver-2] [0m[1;36m[Dbg] [wind_plugin.cpp:110] [0m[1;36mWindPlugin: received command -> speed=[0m[1;36m0[0m[1;36m dir=[0m[1;36m0[0m[1;36m
[gzserver-2] [0m[1;36m[Dbg] [wind_plugin.cpp:110] [0m[1;36mWindPlugin: received command -> speed=[0m[1;36m0[0m[1;36m dir=[0m[1;36m0[0m[1;36m
[gzserver-2] [0m[1;36m[Dbg] [wind_plugin.cpp:110] [0m[1;36mWindPlugin: received command -> speed=[0m[1;36m0[0m[1;36m dir=[0m[1;36m0[0m[1;36m
[gzserver-2] [0m[1;36m[Dbg] [wind_plugin.cpp:110] [0m[1;36mWindPlugin: received command -> speed=[0m[1;36m0[0m[1;36m dir=[0m[1;36m0[0m[1;36m
[gzserver-2] [0m[1;36m[Dbg] [wind_plugin.cpp:110] [0m[1;36mWindPlugin: received command -> speed=[0m[1;36m0[0m[1;36m dir=[0m[1;36m0[0m[1;36m
[gzserver-2] [0m[1;36m[Dbg] [wind_plugin.cpp:110] [0m[1;36mWindPlugin: received command -> speed=[0m[1;36m0[0m[1;36m dir=[0m[1;36m0[0m[1;36m
[gzserver-2] [0m[1;36m[Dbg] [wind_plugin.cpp:110] [0m[1;36mWindPlugin: received command -> speed=[0m[1;36m0[0m[1;36m dir=[0m[1;36m0[0m[1;36m
[gzserver-2] [0m[1;36m[Dbg] [wind_plugin.cpp:110] [0m[1;36mWindPlugin: received command -> speed=[0m[1;36m0[0m[1;36m dir=[0m[1;36m0[0m[1;36m
[gzserver-2] [0m[1;36m[Dbg] [wind_plugin.cpp:110] [0m[1;36mWindPlugin: received command -> speed=[0m[1;36m0[0m[1;36m dir=[0m[1;36m0[0m[1;36m
[gzserver-2] [0m[1;36m[Dbg] [wind_plugin.cpp:110] [0m[1;36mWindPlugin: received command -> speed=[0m[1;36m0[0m[1;36m dir=[0m[1;36m0[0m[1;36m
[gzserver-2] [0mEntering flying model!
[gzserver-2] [INFO] [1773118739.137910351] [gazebo_wind_plugin_node]: WindPlugin: set wind_speed=0.00 wind_direction=0.0
[gzserver-2] [INFO] [1773118739.377339359] [gazebo_wind_plugin_node]: WindPlugin: set wind_speed=3.26 wind_direction=-37.7
[gzserver-2] [INFO] [1773118739.611688553] [gazebo_wind_plugin_node]: WindPlugin: set wind_speed=3.26 wind_direction=-37.7
[gzserver-2] [INFO] [1773118739.851325680] [gazebo_wind_plugin_node]: WindPlugin: set wind_speed=3.26 wind_direction=-37.7
[gzserver-2] [INFO] [1773118740.090652400] [gazebo_wind_plugin_node]: WindPlugin: set wind_speed=3.26 wind_direction=-37.7
[gzserver-2] [INFO] [1773118740.320807469] [gazebo_wind_plugin_node]: WindPlugin: set wind_speed=3.22 wind_direction=-33.9
[gzserver-2] [INFO] [1773118740.560684171] [gazebo_wind_plugin_node]: WindPlugin: set wind_speed=3.22 wind_direction=-33.9
[gzserver-2] [INFO] [1773118740.799751881] [gazebo_wind_plugin_node]: WindPlugin: set wind_speed=3.22 wind_direction=-33.9
[gzserver-2] [INFO] [1773118741.034194285] [gazebo_wind_plugin_node]: WindPlugin: set wind_speed=3.22 wind_direction=-33.9
[gzserver-2] [INFO] [1773118741.267905942] [gazebo_wind_plugin_node]: WindPlugin: set wind_speed=3.24 wind_direction=-42.1
[gzserver-2] [INFO] [1773118741.502221281] [gazebo_wind_plugin_node]: WindPlugin: set wind_speed=3.24 wind_direction=-42.1
[gzserver-2] [INFO] [1773118741.735961792] [gazebo_wind_plugin_node]: WindPlugin: set wind_speed=3.24 wind_direction=-42.1
[gzserver-2] [INFO] [1773118741.975650698] [gazebo_wind_plugin_node]: WindPlugin: set wind_speed=3.24 wind_direction=-42.1
[gzserver-2] [INFO] [1773118742.209789448] [gazebo_wind_plugin_node]: WindPlugin: set wind_speed=3.24 wind_direction=-42.1
[gzserver-2] [INFO] [1773118742.444849342] [gazebo_wind_plugin_node]: WindPlugin: set wind_speed=3.14 wind_direction=-37.9
[gzserver-2] [INFO] [1773118742.684914571] [gazebo_wind_plugin_node]: WindPlugin: set wind_speed=3.14 wind_direction=-37.9
[gzserver-2] [INFO] [1773118742.924289810] [gazebo_wind_plugin_node]: WindPlugin: set wind_speed=3.14 wind_direction=-37.9
[gzserver-2] [INFO] [1773118743.163565228] [gazebo_wind_plugin_node]: WindPlugin: set wind_speed=3.14 wind_direction=-37.9
[gzserver-2] [INFO] [1773118743.398329912] [gazebo_wind_plugin_node]: WindPlugin: set wind_speed=3.32 wind_direction=-38.3
[gzserver-2] [INFO] [1773118743.637584268] [gazebo_wind_plugin_node]: WindPlugin: set wind_speed=3.32 wind_direction=-38.3
[gzserver-2] [INFO] [1773118743.670324806] [drone.simple_drone]: Quadrotor lands!!
[gzserver-2] [INFO] [1773118743.871727696] [gazebo_wind_plugin_node]: WindPlugin: set wind_speed=3.32 wind_direction=-38.3
[gzserver-2] [INFO] [1773118744.100873898] [gazebo_wind_plugin_node]: WindPlugin: set wind_speed=3.32 wind_direction=-38.3
[gzserver-2] [INFO] [1773118744.340272818] [gazebo_wind_plugin_node]: WindPlugin: set wind_speed=3.22 wind_direction=-38.4
[gzserver-2] [INFO] [1773118744.580195439] [gazebo_wind_plugin_node]: WindPlugin: set wind_speed=3.22 wind_direction=-38.4
[gzserver-2] [1;36m[Dbg] [wind_plugin.cpp:110] [0m[1;36mWindPlugin: received command -> speed=[0m[1;36m0[0m[1;36m dir=[0m[1;36m0[0m[1;36m
[gzserver-2] [0m[1;36m[Dbg] [wind_plugin.cpp:110] [0m[1;36mWindPlugin: received command -> speed=[0m[1;36m3.2606[0m[1;36m dir=[0m[1;36m-37.7123[0m[1;36m
[gzserver-2] [0m[1;36m[Dbg] [wind_plugin.cpp:110] [0m[1;36mWindPlugin: received command -> speed=[0m[1;36m3.2606[0m[1;36m dir=[0m[1;36m-37.7123[0m[1;36m
[gzserver-2] [0m[1;36m[Dbg] [wind_plugin.cpp:110] [0m[1;36mWindPlugin: received command -> speed=[0m[1;36m3.2606[0m[1;36m dir=[0m[1;36m-37.7123[0m[1;36m
[gzserver-2] [0m[1;36m[Dbg] [wind_plugin.cpp:110] [0m[1;36mWindPlugin: received command -> speed=[0m[1;36m3.2606[0m[1;36m dir=[0m[1;36m-37.7123[0m[1;36m
[gzserver-2] [0m[1;36m[Dbg] [wind_plugin.cpp:110] [0m[1;36mWindPlugin: received command -> speed=[0m[1;36m3.22159[0m[1;36m dir=[0m[1;36m-33.949[0m[1;36m
[gzserver-2] [0m[1;36m[Dbg] [wind_plugin.cpp:110] [0m[1;36mWindPlugin: received command -> speed=[0m[1;36m3.22159[0m[1;36m dir=[0m[1;36m-33.949[0m[1;36m
[gzserver-2] [0m[1;36m[Dbg] [wind_plugin.cpp:110] [0m[1;36mWindPlugin: received command -> speed=[0m[1;36m3.22159[0m[1;36m dir=[0m[1;36m-33.949[0m[1;36m
[gzserver-2] [0m[1;36m[Dbg] [wind_plugin.cpp:110] [0m[1;36mWindPlugin: received command -> speed=[0m[1;36m3.22159[0m[1;36m dir=[0m[1;36m-33.949[0m[1;36m
[gzserver-2] [0m[1;36m[Dbg] [wind_plugin.cpp:110] [0m[1;36mWindPlugin: received command -> speed=[0m[1;36m3.23577[0m[1;36m dir=[0m[1;36m-42.0517[0m[1;36m
[gzserver-2] [0m[1;36m[Dbg] [wind_plugin.cpp:110] [0m[1;36mWindPlugin: received command -> speed=[0m[1;36m3.23577[0m[1;36m dir=[0m[1;36m-42.0517[0m[1;36m
[gzserver-2] [0m[1;36m[Dbg] [wind_plugin.cpp:110] [0m[1;36mWindPlugin: received command -> speed=[0m[1;36m3.23577[0m[1;36m dir=[0m[1;36m-42.0517[0m[1;36m
[gzserver-2] [0m[1;36m[Dbg] [wind_plugin.cpp:110] [0m[1;36mWindPlugin: received command -> speed=[0m[1;36m3.23577[0m[1;36m dir=[0m[1;36m-42.0517[0m[1;36m
[gzserver-2] [0m[1;36m[Dbg] [wind_plugin.cpp:110] [0m[1;36mWindPlugin: received command -> speed=[0m[1;36m3.23577[0m[1;36m dir=[0m[1;36m-42.0517[0m[1;36m
[gzserver-2] [0m[1;36m[Dbg] [wind_plugin.cpp:110] [0m[1;36mWindPlugin: received command -> speed=[0m[1;36m3.14016[0m[1;36m dir=[0m[1;36m-37.918[0m[1;36m
[gzserver-2] [0m[1;36m[Dbg] [wind_plugin.cpp:110] [0m[1;36mWindPlugin: received command -> speed=[0m[1;36m3.14016[0m[1;36m dir=[0m[1;36m-37.918[0m[1;36m
[gzserver-2] [0m[1;36m[Dbg] [wind_plugin.cpp:110] [0m[1;36mWindPlugin: received command -> speed=[0m[1;36m3.14016[0m[1;36m dir=[0m[1;36m-37.918[0m[1;36m
[gzserver-2] [0m[1;36m[Dbg] [wind_plugin.cpp:110] [0m[1;36mWindPlugin: received command -> speed=[0m[1;36m3.14016[0m[1;36m dir=[0m[1;36m-37.918[0m[1;36m
[gzserver-2] [0m[1;36m[Dbg] [wind_plugin.cpp:110] [0m[1;36mWindPlugin: received command -> speed=[0m[1;36m3.32185[0m[1;36m dir=[0m[1;36m-38.3459[0m[1;36m
[gzserver-2] [0m[1;36m[Dbg] [wind_plugin.cpp:110] [0m[1;36mWindPlugin: received command -> speed=[0m[1;36m3.32185[0m[1;36m dir=[0m[1;36m-38.3459[0m[1;36m
[gzserver-2] [0m[1;36m[Dbg] [wind_plugin.cpp:110] [0m[1;36mWindPlugin: received command -> speed=[0m[1;36m3.32185[0m[1;36m dir=[0m[1;36m-38.3459[0m[1;36m
[gzserver-2] [0m[1;36m[Dbg] [wind_plugin.cpp:110] [0m[1;36mWindPlugin: received command -> speed=[0m[1;36m3.32185[0m[1;36m dir=[0m[1;36m-38.3459[0m[1;36m
[gzserver-2] [0m[1;36m[Dbg] [wind_plugin.cpp:110] [0m[1;36mWindPlugin: received command -> speed=[0m[1;36m3.22181[0m[1;36m dir=[0m[1;36m-38.3509[0m[1;36m
[gzserver-2] [0m[1;36m[Dbg] [wind_plugin.cpp:110] [0m[1;36mWindPlugin: received command -> speed=[0m[1;36m3.22181[0m[1;36m dir=[0m[1;36m-38.3509[0m[1;36m
[gzserver-2] [0mLanded!
[gzserver-2] [INFO] [1773118744.821391650] [gazebo_wind_plugin_node]: WindPlugin: set wind_speed=3.22 wind_direction=-38.4
[gzserver-2] [INFO] [1773118745.062969942] [gazebo_wind_plugin_node]: WindPlugin: set wind_speed=3.22 wind_direction=-38.4
[gzserver-2] [INFO] [1773118745.302429919] [gazebo_wind_plugin_node]: WindPlugin: set wind_speed=3.15 wind_direction=-39.1
[gzserver-2] [INFO] [1773118745.536474040] [gazebo_wind_plugin_node]: WindPlugin: set wind_speed=3.15 wind_direction=-39.1
[gzserver-2] [INFO] [1773118745.775822342] [gazebo_wind_plugin_node]: WindPlugin: set wind_speed=3.15 wind_direction=-39.1
[gzserver-2] [INFO] [1773118746.009780619] [gazebo_wind_plugin_node]: WindPlugin: set wind_speed=3.15 wind_direction=-39.1
[gzserver-2] [INFO] [1773118746.244438080] [gazebo_wind_plugin_node]: WindPlugin: set wind_speed=3.06 wind_direction=-39.4
[gzserver-2] [INFO] [1773118746.484240022] [gazebo_wind_plugin_node]: WindPlugin: set wind_speed=3.06 wind_direction=-39.4
