[INFO] [launch]: All log files can be found below /home/j/.ros/log/2026-03-10-21-32-25-521652-j-752909
[INFO] [launch]: Default logging verbosity is set to INFO
[INFO] [launch.user]: [bringup] Apriltag config: camera=/drone/bottom, image=/drone/bottom/image_raw, tags=/drone/bottom/tags, bridge=/landing_tag_state, standalone=true, use_target_id=true, target_id=0
[INFO] [rviz2-1]: process started with pid [752912]
[INFO] [gzserver-2]: process started with pid [752914]
[INFO] [robot_state_publisher-3]: process started with pid [752916]
[INFO] [joint_state_publisher-4]: process started with pid [752918]
[INFO] [spawn_drone-5]: process started with pid [752920]
[INFO] [static_transform_publisher-6]: process started with pid [752922]
[INFO] [joy_node-7]: process started with pid [752924]
[INFO] [teleop_joystick-8]: process started with pid [752926]
[INFO] [apriltag_detector_node-9]: process started with pid [752928]
[INFO] [apriltag_state_bridge-10]: process started with pid [752930]
[static_transform_publisher-6] [WARN] [1773145945.996648930] []: Old-style arguments are deprecated; see --help for new-style arguments
[static_transform_publisher-6] [INFO] [1773145946.002148178] [static_transform_publisher_SZ2mjBj2n4U8zSfi]: Spinning until stopped - publishing transform
[static_transform_publisher-6] translation: ('0.000000', '0.000000', '0.000000')
[static_transform_publisher-6] rotation: ('0.000000', '0.000000', '0.000000', '1.000000')
[static_transform_publisher-6] from 'world' to '/drone/odom'
[robot_state_publisher-3] [INFO] [1773145946.018396492] [drone.robot_state_publisher]: got segment base_footprint
[robot_state_publisher-3] [INFO] [1773145946.018457729] [drone.robot_state_publisher]: got segment base_link
[robot_state_publisher-3] [INFO] [1773145946.018463484] [drone.robot_state_publisher]: got segment bottom_cam_link
[robot_state_publisher-3] [INFO] [1773145946.018466783] [drone.robot_state_publisher]: got segment front_cam_link
[robot_state_publisher-3] [INFO] [1773145946.018469635] [drone.robot_state_publisher]: got segment sonar_link
[rviz2-1] 
[rviz2-1] (rviz2:752912): dbind-WARNING **: 21:32:26.025: Couldn't connect to accessibility bus: Failed to connect to socket /root/.cache/at-spi/bus_0: 허가 거부
[apriltag_detector_node-9] [INFO] [1773145946.030813405] [apriltag_detector_node]: tag detector type: umich
[teleop_joystick-8] Traceback (most recent call last):
[teleop_joystick-8]   File "/home/j/INCSL/IICC26_ws/install/sjtu_drone_control/lib/sjtu_drone_control/teleop_joystick", line 33, in <module>
[teleop_joystick-8]     sys.exit(load_entry_point('sjtu_drone_control==0.0.0', 'console_scripts', 'teleop_joystick')())
[teleop_joystick-8]   File "/home/j/INCSL/IICC26_ws/install/sjtu_drone_control/lib/sjtu_drone_control/teleop_joystick", line 22, in importlib_load_entry_point
[teleop_joystick-8]     for entry_point in distribution(dist_name).entry_points
[teleop_joystick-8]   File "/usr/lib/python3.10/importlib/metadata/__init__.py", line 969, in distribution
[teleop_joystick-8]     return Distribution.from_name(distribution_name)
[teleop_joystick-8]   File "/usr/lib/python3.10/importlib/metadata/__init__.py", line 548, in from_name
[teleop_joystick-8]     raise PackageNotFoundError(name)
[teleop_joystick-8] importlib.metadata.PackageNotFoundError: No package metadata was found for sjtu_drone_control
[ERROR] [teleop_joystick-8]: process has died [pid 752926, exit code 1, cmd '/home/j/INCSL/IICC26_ws/install/sjtu_drone_control/lib/sjtu_drone_control/teleop_joystick --ros-args -r __ns:=/drone'].
[gzserver-2] Gazebo multi-robot simulator, version 11.10.2
[gzserver-2] Copyright (C) 2012 Open Source Robotics Foundation.
[gzserver-2] Released under the Apache 2 License.
[gzserver-2] http://gazebosim.org
[gzserver-2] 
[apriltag_state_bridge-10] [INFO] [1773145946.262602833] [apriltag_state_bridge]: AprilTag bridge started: /drone/bottom/tags -> /landing_tag_state, use_target_id=True, target_id=0
[joint_state_publisher-4] [INFO] [1773145946.295971765] [drone.joint_state_publisher]: Waiting for robot_description to be published on the robot_description topic...
[gzserver-2] [1;33m[Wrn] [gazebo_ros_init.cpp:178] [0m[1;33m
[gzserver-2] #     # ####### ####### ###  #####  #######
[gzserver-2] ##    # #     #    #     #  #     # #
[gzserver-2] # #   # #     #    #     #  #       #
[gzserver-2] #  #  # #     #    #     #  #       #####
[gzserver-2] #   # # #     #    #     #  #       #
[gzserver-2] #    ## #     #    #     #  #     # #
[gzserver-2] #     # #######    #    ###  #####  #######
[gzserver-2] 
[gzserver-2] This version of Gazebo, now called Gazebo classic, reaches end-of-life
[gzserver-2] in January 2025. Users are highly encouraged to migrate to the new Gazebo
[gzserver-2] using our migration guides (https://gazebosim.org/docs/latest/gazebo_classic_migration?utm_source=gazebo_ros_pkgs&utm_medium=cli)
[gzserver-2] 
[gzserver-2] [0m[1;33m
[rviz2-1] [INFO] [1773145946.860824427] [rviz2]: Stereo is NOT SUPPORTED
[rviz2-1] [INFO] [1773145946.860909709] [rviz2]: OpenGl version: 4.6 (GLSL 4.6)
[rviz2-1] [INFO] [1773145946.907016003] [rviz2]: Stereo is NOT SUPPORTED
[rviz2-1] [INFO] [1773145947.055402038] [rviz2]: Stereo is NOT SUPPORTED
[spawn_drone-5] [INFO] [1773145947.280040168] [spawn_drone]: service not available, waiting again...
[gzserver-2] [1;32m[Msg] [0m[1;32mWaiting for master.[0m[1;32m
[gzserver-2] [0m[1;32m[0m[1;32m[0m[1;32m[Msg] [0m[1;32mConnected to gazebo master @ [0m[1;32mhttp://127.0.0.1:11345[0m[1;32m
[gzserver-2] [0m[1;32m[0m[1;32m[0m[1;32m[Msg] [0m[1;32mPublicized address: [0m[1;32m192.168.0.11[0m[1;32m
[gzserver-2] [0m[1;32m[0m[1;32m[0m[1;32m[Msg] [0m[1;32mLoading world file [[0m[1;32m/home/j/INCSL/IICC26_ws/install/sjtu_drone_description/share/sjtu_drone_description/worlds/landingPad.world[0m[1;32m][0m[1;32m
[gzserver-2] [0m[1;32m[0m[1;32m[0m[1;36m[Dbg] [wind_plugin.cpp:96] [0m[1;36mWindPlugin loaded: speed=[0m[1;36m0[0m[1;36m dir=[0m[1;36m0[0m[1;36m deg area=[0m[1;36m0.1[0m[1;36m coeff=[0m[1;36m1[0m[1;36m
[gzserver-2] [0m[1;33m[0m[1;33m[0m[1;31m[Err] [Sensor.cc:510] [0m[1;31mGet noise index not valid[0m[1;31m
[gzserver-2] [0m[1;31m[0m[1;31m[0m[1;31m[Err] [Sensor.cc:510] [0m[1;31mGet noise index not valid[0m[1;31m
[gzserver-2] [0m[1;31m[0m[1;31m[0m[1;31m[Err] [Sensor.cc:510] [0m[1;31mGet noise index not valid[0m[1;31m
[gzserver-2] [0m[1;31m[0m[1;31m[0m[1;31m[Err] [Sensor.cc:510] [0m[1;31mGet noise index not valid[0m[1;31m
[gzserver-2] [0m[1;31m[0m[1;31m[0m[1;31m[Err] [Sensor.cc:510] [0m[1;31mGet noise index not valid[0m[1;31m
[gzserver-2] [0m[1;31m[0m[1;31m[0m[1;31m[Err] [Sensor.cc:510] [0m[1;31mGet noise index not valid[0m[1;31m
[gzserver-2] [0m[1;31m[0m[1;31m[0mTopic [default//drone/base_footprint/down_camera/image] is not valid.
[gzserver-2] [INFO] [1773145947.762404994] [drone.collision_plugin]: Publishing contact states to [/drone/bumper_states]
[gzserver-2] Topic [default//drone/base_footprint/front_camera/image] is not valid.
[gzserver-2] [1;33m[Wrn] [Event.cc:61] [0m[1;33mWarning: Deleting a connection right after creation. [0m[1;33mMake sure to save the ConnectionPtr from a Connect call
[gzserver-2] [0m[INFO] [1773145948.146353871] [drone.camera_bottom]: Publishing camera info to [/drone/bottom/camera_info]
[gzserver-2] [INFO] [1773145948.150941927] [drone.camera_front]: Publishing camera info to [/drone/front/camera_info]
[spawn_drone-5] [INFO] [1773145948.152120584] [spawn_drone]: Result True SpawnEntity: Successfully spawned entity [/drone]
[gzserver-2] [INFO] [1773145948.272820576] [drone.simple_drone]: The drone plugin is loading!
[gzserver-2] [INFO] [1773145948.273018347] [drone.simple_drone]: pub_odom: 1
[gzserver-2] [INFO] [1773145948.273051353] [drone.simple_drone]: Using following parameters: 
[gzserver-2] 		link_name: base_footprint,
[gzserver-2] 		max_force: 30,
[gzserver-2] 		motion_small_noise: 0,
[gzserver-2] 		motion_drift_noise: 0,
[gzserver-2] 		motion_drift_noise_time: 50,
[gzserver-2] 		takeoff_hover_height: 1.75,
[gzserver-2] 		takeoff_vertical_speed: 0.2
[gzserver-2] [INFO] [1773145948.284841035] [drone.simple_drone]: Using the PID parameters: 
[gzserver-2] 	Roll Pitch:
[gzserver-2] 		kP: 10, kI: 0,kD: 5, Limit: 0.5, Time Constant: 0
[gzserver-2] 	Yaw:
[gzserver-2] 		kP: 2, kI: 0,kD: 1, Limit: 1.5, Time Constant: 0
[gzserver-2] 	Velocity X:
[gzserver-2] 		kP: 5, kI: 0,kD: 2.3, Limit: 2, Time Constant: 0
[gzserver-2] 	Velocity Y:
[gzserver-2] 		kP: 5, kI: 0,kD: 2.3, Limit: 2, Time Constant: 0
[gzserver-2] 	Velocity Z:
[gzserver-2] 		kP: 5, kI: 0,kD: 1, Limit: -1, Time Constant: 0
[gzserver-2] 	Position XY:
[gzserver-2] 		kP: 1.1, kI: 0,kD: 0, Limit: 5, Time Constant: 0
[gzserver-2] 	Position Z:
[gzserver-2] 		kP: 1, kI: 0,kD: 0.2, Limit: -1, Time Constant: 0
[gzserver-2] [INFO] [1773145948.284964934] [drone.simple_drone]: The drone plugin finished loading!
[INFO] [spawn_drone-5]: process has finished cleanly [pid 752920]
[gzserver-2] [INFO] [1773145955.347206078] [gazebo_wind_plugin_node]: WindPlugin: set wind_speed=0.00 wind_direction=0.0
[gzserver-2] [INFO] [1773145955.614634171] [gazebo_wind_plugin_node]: WindPlugin: set wind_speed=0.00 wind_direction=0.0
[gzserver-2] [INFO] [1773145955.653015559] [drone.simple_drone]: Quadrotor takes off!!
[gzserver-2] [INFO] [1773145955.853845458] [gazebo_wind_plugin_node]: WindPlugin: set wind_speed=0.00 wind_direction=0.0
[gzserver-2] [INFO] [1773145956.093066095] [gazebo_wind_plugin_node]: WindPlugin: set wind_speed=0.00 wind_direction=0.0
[gzserver-2] [INFO] [1773145956.322486737] [gazebo_wind_plugin_node]: WindPlugin: set wind_speed=0.00 wind_direction=0.0
[gzserver-2] [INFO] [1773145956.562259973] [gazebo_wind_plugin_node]: WindPlugin: set wind_speed=0.00 wind_direction=0.0
[gzserver-2] [INFO] [1773145956.802060851] [gazebo_wind_plugin_node]: WindPlugin: set wind_speed=0.00 wind_direction=0.0
[gzserver-2] [INFO] [1773145957.041750475] [gazebo_wind_plugin_node]: WindPlugin: set wind_speed=0.00 wind_direction=0.0
[gzserver-2] [0m[1;36m[Dbg] [wind_plugin.cpp:110] [0m[1;36mWindPlugin: received command -> speed=[0m[1;36m0[0m[1;36m dir=[0m[1;36m0[0m[1;36m
[gzserver-2] [0m[1;36m[Dbg] [wind_plugin.cpp:110] [0m[1;36mWindPlugin: received command -> speed=[0m[1;36m0[0m[1;36m dir=[0m[1;36m0[0m[1;36m
[gzserver-2] [0m[1;36m[Dbg] [wind_plugin.cpp:110] [0m[1;36mWindPlugin: received command -> speed=[0m[1;36m0[0m[1;36m dir=[0m[1;36m0[0m[1;36m
[gzserver-2] [0m[1;36m[Dbg] [wind_plugin.cpp:110] [0m[1;36mWindPlugin: received command -> speed=[0m[1;36m0[0m[1;36m dir=[0m[1;36m0[0m[1;36m
[gzserver-2] [0m[1;36m[Dbg] [wind_plugin.cpp:110] [0m[1;36mWindPlugin: received command -> speed=[0m[1;36m0[0m[1;36m dir=[0m[1;36m0[0m[1;36m
[gzserver-2] [0m[1;36m[Dbg] [wind_plugin.cpp:110] [0m[1;36mWindPlugin: received command -> speed=[0m[1;36m0[0m[1;36m dir=[0m[1;36m0[0m[1;36m
[gzserver-2] [0m[1;36m[Dbg] [wind_plugin.cpp:110] [0m[1;36mWindPlugin: received command -> speed=[0m[1;36m0[0m[1;36m dir=[0m[1;36m0[0m[1;36m
[gzserver-2] [0m[1;36m[Dbg] [wind_plugin.cpp:110] [0m[1;36mWindPlugin: received command -> speed=[0m[1;36m0[0m[1;36m dir=[0m[1;36m0[0m[1;36m
[gzserver-2] [0mEntering flying model!
[gzserver-2] [INFO] [1773145957.277018313] [gazebo_wind_plugin_node]: WindPlugin: set wind_speed=0.00 wind_direction=0.0
[gzserver-2] [INFO] [1773145957.513955531] [gazebo_wind_plugin_node]: WindPlugin: set wind_speed=1.21 wind_direction=-22.4
[gzserver-2] [INFO] [1773145957.753702403] [gazebo_wind_plugin_node]: WindPlugin: set wind_speed=1.21 wind_direction=-22.4
[gzserver-2] [INFO] [1773145957.993165658] [gazebo_wind_plugin_node]: WindPlugin: set wind_speed=1.08 wind_direction=-20.9
[gzserver-2] [INFO] [1773145958.232522949] [gazebo_wind_plugin_node]: WindPlugin: set wind_speed=1.08 wind_direction=-20.9
[gzserver-2] [INFO] [1773145958.461487015] [gazebo_wind_plugin_node]: WindPlugin: set wind_speed=1.08 wind_direction=-20.9
[gzserver-2] [INFO] [1773145958.700634602] [gazebo_wind_plugin_node]: WindPlugin: set wind_speed=1.08 wind_direction=-20.9
[gzserver-2] [INFO] [1773145958.934315758] [gazebo_wind_plugin_node]: WindPlugin: set wind_speed=1.15 wind_direction=-22.1
[gzserver-2] [INFO] [1773145959.173812169] [gazebo_wind_plugin_node]: WindPlugin: set wind_speed=1.15 wind_direction=-22.1
[gzserver-2] [INFO] [1773145959.413236909] [gazebo_wind_plugin_node]: WindPlugin: set wind_speed=1.15 wind_direction=-22.1
[gzserver-2] [INFO] [1773145959.642045351] [gazebo_wind_plugin_node]: WindPlugin: set wind_speed=1.15 wind_direction=-22.1
[gzserver-2] [INFO] [1773145959.881397321] [gazebo_wind_plugin_node]: WindPlugin: set wind_speed=1.12 wind_direction=-19.5
[gzserver-2] [INFO] [1773145960.115220482] [gazebo_wind_plugin_node]: WindPlugin: set wind_speed=1.12 wind_direction=-19.5
[gzserver-2] [INFO] [1773145960.354306697] [gazebo_wind_plugin_node]: WindPlugin: set wind_speed=1.12 wind_direction=-19.5
[gzserver-2] [INFO] [1773145960.588767154] [gazebo_wind_plugin_node]: WindPlugin: set wind_speed=1.12 wind_direction=-19.5
[gzserver-2] [INFO] [1773145960.829363929] [gazebo_wind_plugin_node]: WindPlugin: set wind_speed=1.12 wind_direction=-19.5
[gzserver-2] [INFO] [1773145961.065225871] [gazebo_wind_plugin_node]: WindPlugin: set wind_speed=1.22 wind_direction=-18.4
[gzserver-2] [INFO] [1773145961.304336552] [gazebo_wind_plugin_node]: WindPlugin: set wind_speed=1.22 wind_direction=-18.4
[gzserver-2] [INFO] [1773145961.332623811] [drone.simple_drone]: Quadrotor lands!!
[gzserver-2] [INFO] [1773145961.534145368] [gazebo_wind_plugin_node]: WindPlugin: set wind_speed=1.22 wind_direction=-18.4
[gzserver-2] [INFO] [1773145961.773363777] [gazebo_wind_plugin_node]: WindPlugin: set wind_speed=1.22 wind_direction=-18.4
[gzserver-2] [INFO] [1773145962.012580522] [gazebo_wind_plugin_node]: WindPlugin: set wind_speed=1.08 wind_direction=-17.9
[gzserver-2] [INFO] [1773145962.251416162] [gazebo_wind_plugin_node]: WindPlugin: set wind_speed=1.08 wind_direction=-17.9
[gzserver-2] [1;36m[Dbg] [wind_plugin.cpp:110] [0m[1;36mWindPlugin: received command -> speed=[0m[1;36m0[0m[1;36m dir=[0m[1;36m0[0m[1;36m
[gzserver-2] [0m[1;36m[Dbg] [wind_plugin.cpp:110] [0m[1;36mWindPlugin: received command -> speed=[0m[1;36m1.21107[0m[1;36m dir=[0m[1;36m-22.3549[0m[1;36m
[gzserver-2] [0m[1;36m[Dbg] [wind_plugin.cpp:110] [0m[1;36mWindPlugin: received command -> speed=[0m[1;36m1.21107[0m[1;36m dir=[0m[1;36m-22.3549[0m[1;36m
[gzserver-2] [0m[1;36m[Dbg] [wind_plugin.cpp:110] [0m[1;36mWindPlugin: received command -> speed=[0m[1;36m1.07506[0m[1;36m dir=[0m[1;36m-20.9256[0m[1;36m
[gzserver-2] [0m[1;36m[Dbg] [wind_plugin.cpp:110] [0m[1;36mWindPlugin: received command -> speed=[0m[1;36m1.07506[0m[1;36m dir=[0m[1;36m-20.9256[0m[1;36m
[gzserver-2] [0m[1;36m[Dbg] [wind_plugin.cpp:110] [0m[1;36mWindPlugin: received command -> speed=[0m[1;36m1.07506[0m[1;36m dir=[0m[1;36m-20.9256[0m[1;36m
[gzserver-2] [0m[1;36m[Dbg] [wind_plugin.cpp:110] [0m[1;36mWindPlugin: received command -> speed=[0m[1;36m1.07506[0m[1;36m dir=[0m[1;36m-20.9256[0m[1;36m
[gzserver-2] [0m[1;36m[Dbg] [wind_plugin.cpp:110] [0m[1;36mWindPlugin: received command -> speed=[0m[1;36m1.14957[0m[1;36m dir=[0m[1;36m-22.1422[0m[1;36m
[gzserver-2] [0m[1;36m[Dbg] [wind_plugin.cpp:110] [0m[1;36mWindPlugin: received command -> speed=[0m[1;36m1.14957[0m[1;36m dir=[0m[1;36m-22.1422[0m[1;36m
[gzserver-2] [0m[1;36m[Dbg] [wind_plugin.cpp:110] [0m[1;36mWindPlugin: received command -> speed=[0m[1;36m1.14957[0m[1;36m dir=[0m[1;36m-22.1422[0m[1;36m
[gzserver-2] [0m[1;36m[Dbg] [wind_plugin.cpp:110] [0m[1;36mWindPlugin: received command -> speed=[0m[1;36m1.14957[0m[1;36m dir=[0m[1;36m-22.1422[0m[1;36m
[gzserver-2] [0m[1;36m[Dbg] [wind_plugin.cpp:110] [0m[1;36mWindPlugin: received command -> speed=[0m[1;36m1.1162[0m[1;36m dir=[0m[1;36m-19.5461[0m[1;36m
[gzserver-2] [0m[1;36m[Dbg] [wind_plugin.cpp:110] [0m[1;36mWindPlugin: received command -> speed=[0m[1;36m1.1162[0m[1;36m dir=[0m[1;36m-19.5461[0m[1;36m
[gzserver-2] [0m[1;36m[Dbg] [wind_plugin.cpp:110] [0m[1;36mWindPlugin: received command -> speed=[0m[1;36m1.1162[0m[1;36m dir=[0m[1;36m-19.5461[0m[1;36m
[gzserver-2] [0m[1;36m[Dbg] [wind_plugin.cpp:110] [0m[1;36mWindPlugin: received command -> speed=[0m[1;36m1.1162[0m[1;36m dir=[0m[1;36m-19.5461[0m[1;36m
[gzserver-2] [0m[1;36m[Dbg] [wind_plugin.cpp:110] [0m[1;36mWindPlugin: received command -> speed=[0m[1;36m1.1162[0m[1;36m dir=[0m[1;36m-19.5461[0m[1;36m
[gzserver-2] [0m[1;36m[Dbg] [wind_plugin.cpp:110] [0m[1;36mWindPlugin: received command -> speed=[0m[1;36m1.22118[0m[1;36m dir=[0m[1;36m-18.388[0m[1;36m
[gzserver-2] [0m[1;36m[Dbg] [wind_plugin.cpp:110] [0m[1;36mWindPlugin: received command -> speed=[0m[1;36m1.22118[0m[1;36m dir=[0m[1;36m-18.388[0m[1;36m
[gzserver-2] [0m[1;36m[Dbg] [wind_plugin.cpp:110] [0m[1;36mWindPlugin: received command -> speed=[0m[1;36m1.22118[0m[1;36m dir=[0m[1;36m-18.388[0m[1;36m
[gzserver-2] [0m[1;36m[Dbg] [wind_plugin.cpp:110] [0m[1;36mWindPlugin: received command -> speed=[0m[1;36m1.22118[0m[1;36m dir=[0m[1;36m-18.388[0m[1;36m
[gzserver-2] [0m[1;36m[Dbg] [wind_plugin.cpp:110] [0m[1;36mWindPlugin: received command -> speed=[0m[1;36m1.08417[0m[1;36m dir=[0m[1;36m-17.8991[0m[1;36m
[gzserver-2] [0m[1;36m[Dbg] [wind_plugin.cpp:110] [0m[1;36mWindPlugin: received command -> speed=[0m[1;36m1.08417[0m[1;36m dir=[0m[1;36m-17.8991[0m[1;36m
[gzserver-2] [0mLanded!
[gzserver-2] [INFO] [1773145962.490758177] [gazebo_wind_plugin_node]: WindPlugin: set wind_speed=1.08 wind_direction=-17.9
[gzserver-2] [INFO] [1773145962.730076961] [gazebo_wind_plugin_node]: WindPlugin: set wind_speed=1.08 wind_direction=-17.9
[gzserver-2] [INFO] [1773145962.953681084] [gazebo_wind_plugin_node]: WindPlugin: set wind_speed=1.13 wind_direction=-18.2
[gzserver-2] [INFO] [1773145963.188018569] [gazebo_wind_plugin_node]: WindPlugin: set wind_speed=1.13 wind_direction=-18.2
[gzserver-2] [INFO] [1773145963.417255022] [gazebo_wind_plugin_node]: WindPlugin: set wind_speed=1.13 wind_direction=-18.2
[gzserver-2] [INFO] [1773145963.651415344] [gazebo_wind_plugin_node]: WindPlugin: set wind_speed=1.13 wind_direction=-18.2
[gzserver-2] [INFO] [1773145963.887862100] [gazebo_wind_plugin_node]: WindPlugin: set wind_speed=1.35 wind_direction=-17.8
[gzserver-2] [INFO] [1773145964.127538718] [gazebo_wind_plugin_node]: WindPlugin: set wind_speed=1.35 wind_direction=-17.8
