[INFO] [launch]: All log files can be found below /home/j/.ros/log/2026-03-10-14-53-54-355321-j-2572083
[INFO] [launch]: Default logging verbosity is set to INFO
[INFO] [launch.user]: [bringup] Apriltag config: camera=/drone/bottom, image=/drone/bottom/image_raw, tags=/drone/bottom/tags, bridge=/landing_tag_state, standalone=true, use_target_id=true, target_id=0
[INFO] [rviz2-1]: process started with pid [2572097]
[INFO] [gzserver-2]: process started with pid [2572099]
[INFO] [robot_state_publisher-3]: process started with pid [2572101]
[INFO] [joint_state_publisher-4]: process started with pid [2572103]
[INFO] [spawn_drone-5]: process started with pid [2572105]
[INFO] [static_transform_publisher-6]: process started with pid [2572107]
[INFO] [joy_node-7]: process started with pid [2572109]
[INFO] [teleop_joystick-8]: process started with pid [2572111]
[INFO] [apriltag_detector_node-9]: process started with pid [2572113]
[INFO] [apriltag_state_bridge-10]: process started with pid [2572116]
[static_transform_publisher-6] [WARN] [1773122034.828065670] []: Old-style arguments are deprecated; see --help for new-style arguments
[static_transform_publisher-6] [INFO] [1773122034.834162616] [static_transform_publisher_7ZmTqz6LEq86hVOE]: Spinning until stopped - publishing transform
[static_transform_publisher-6] translation: ('0.000000', '0.000000', '0.000000')
[static_transform_publisher-6] rotation: ('0.000000', '0.000000', '0.000000', '1.000000')
[static_transform_publisher-6] from 'world' to '/drone/odom'
[robot_state_publisher-3] [INFO] [1773122034.848379117] [drone.robot_state_publisher]: got segment base_footprint
[robot_state_publisher-3] [INFO] [1773122034.848438431] [drone.robot_state_publisher]: got segment base_link
[robot_state_publisher-3] [INFO] [1773122034.848443790] [drone.robot_state_publisher]: got segment bottom_cam_link
[robot_state_publisher-3] [INFO] [1773122034.848446945] [drone.robot_state_publisher]: got segment front_cam_link
[robot_state_publisher-3] [INFO] [1773122034.848449651] [drone.robot_state_publisher]: got segment sonar_link
[rviz2-1] 
[rviz2-1] (rviz2:2572097): dbind-WARNING **: 14:53:54.856: Couldn't connect to accessibility bus: Failed to connect to socket /root/.cache/at-spi/bus_0: 허가 거부
[apriltag_detector_node-9] [INFO] [1773122034.862649934] [apriltag_detector_node]: tag detector type: umich
[teleop_joystick-8] Traceback (most recent call last):
[teleop_joystick-8]   File "/home/j/INCSL/IICC26_ws/install/sjtu_drone_control/lib/sjtu_drone_control/teleop_joystick", line 33, in <module>
[teleop_joystick-8]     sys.exit(load_entry_point('sjtu_drone_control==0.0.0', 'console_scripts', 'teleop_joystick')())
[teleop_joystick-8]   File "/home/j/INCSL/IICC26_ws/install/sjtu_drone_control/lib/sjtu_drone_control/teleop_joystick", line 22, in importlib_load_entry_point
[teleop_joystick-8]     for entry_point in distribution(dist_name).entry_points
[teleop_joystick-8]   File "/usr/lib/python3.10/importlib/metadata/__init__.py", line 969, in distribution
[teleop_joystick-8]     return Distribution.from_name(distribution_name)
[teleop_joystick-8]   File "/usr/lib/python3.10/importlib/metadata/__init__.py", line 548, in from_name
[teleop_joystick-8]     raise PackageNotFoundError(name)
[teleop_joystick-8] importlib.metadata.PackageNotFoundError: No package metadata was found for sjtu_drone_control
[ERROR] [teleop_joystick-8]: process has died [pid 2572111, exit code 1, cmd '/home/j/INCSL/IICC26_ws/install/sjtu_drone_control/lib/sjtu_drone_control/teleop_joystick --ros-args -r __ns:=/drone'].
[gzserver-2] Gazebo multi-robot simulator, version 11.10.2
[gzserver-2] Copyright (C) 2012 Open Source Robotics Foundation.
[gzserver-2] Released under the Apache 2 License.
[gzserver-2] http://gazebosim.org
[gzserver-2] 
[joint_state_publisher-4] [INFO] [1773122035.107514230] [drone.joint_state_publisher]: Waiting for robot_description to be published on the robot_description topic...
[apriltag_state_bridge-10] [INFO] [1773122035.119317746] [apriltag_state_bridge]: AprilTag bridge started: /drone/bottom/tags -> /landing_tag_state, use_target_id=True, target_id=0
[gzserver-2] [1;33m[Wrn] [gazebo_ros_init.cpp:178] [0m[1;33m
[gzserver-2] #     # ####### ####### ###  #####  #######
[gzserver-2] ##    # #     #    #     #  #     # #
[gzserver-2] # #   # #     #    #     #  #       #
[gzserver-2] #  #  # #     #    #     #  #       #####
[gzserver-2] #   # # #     #    #     #  #       #
[gzserver-2] #    ## #     #    #     #  #     # #
[gzserver-2] #     # #######    #    ###  #####  #######
[gzserver-2] 
[gzserver-2] This version of Gazebo, now called Gazebo classic, reaches end-of-life
[gzserver-2] in January 2025. Users are highly encouraged to migrate to the new Gazebo
[gzserver-2] using our migration guides (https://gazebosim.org/docs/latest/gazebo_classic_migration?utm_source=gazebo_ros_pkgs&utm_medium=cli)
[gzserver-2] 
[gzserver-2] [0m[1;33m
[rviz2-1] [INFO] [1773122035.570980887] [rviz2]: Stereo is NOT SUPPORTED
[rviz2-1] [INFO] [1773122035.571108953] [rviz2]: OpenGl version: 4.6 (GLSL 4.6)
[rviz2-1] [INFO] [1773122035.703527412] [rviz2]: Stereo is NOT SUPPORTED
[rviz2-1] [INFO] [1773122035.795892595] [rviz2]: Stereo is NOT SUPPORTED
[spawn_drone-5] [INFO] [1773122036.092017423] [spawn_drone]: service not available, waiting again...
[gzserver-2] [1;32m[Msg] [0m[1;32mWaiting for master.[0m[1;32m
[gzserver-2] [0m[1;32m[0m[1;32m[0m[1;32m[Msg] [0m[1;32mConnected to gazebo master @ [0m[1;32mhttp://127.0.0.1:11345[0m[1;32m
[gzserver-2] [0m[1;32m[0m[1;32m[0m[1;32m[Msg] [0m[1;32mPublicized address: [0m[1;32m172.16.52.147[0m[1;32m
[gzserver-2] [0m[1;32m[0m[1;32m[0m[1;32m[Msg] [0m[1;32mLoading world file [[0m[1;32m/home/j/INCSL/IICC26_ws/install/sjtu_drone_description/share/sjtu_drone_description/worlds/landingPad.world[0m[1;32m][0m[1;32m
[gzserver-2] [0m[1;32m[0m[1;32m[0m[1;36m[Dbg] [wind_plugin.cpp:96] [0m[1;36mWindPlugin loaded: speed=[0m[1;36m0[0m[1;36m dir=[0m[1;36m0[0m[1;36m deg area=[0m[1;36m0.1[0m[1;36m coeff=[0m[1;36m1[0m[1;36m
[gzserver-2] [0m[1;33m[0m[1;33m[0m[1;31m[Err] [Sensor.cc:510] [0m[1;31mGet noise index not valid[0m[1;31m
[gzserver-2] [0m[1;31m[0m[1;31m[0m[1;31m[Err] [Sensor.cc:510] [0m[1;31mGet noise index not valid[0m[1;31m
[gzserver-2] [0m[1;31m[0m[1;31m[0m[1;31m[Err] [Sensor.cc:510] [0m[1;31mGet noise index not valid[0m[1;31m
[gzserver-2] [0m[1;31m[0m[1;31m[0m[1;31m[Err] [Sensor.cc:510] [0m[1;31mGet noise index not valid[0m[1;31m
[gzserver-2] [0m[1;31m[0m[1;31m[0m[1;31m[Err] [Sensor.cc:510] [0m[1;31mGet noise index not valid[0m[1;31m
[gzserver-2] [0m[1;31m[0m[1;31m[0m[1;31m[Err] [Sensor.cc:510] [0m[1;31mGet noise index not valid[0m[1;31m
[gzserver-2] [0m[1;31m[0m[1;31m[0mTopic [default//drone/base_footprint/down_camera/image] is not valid.
[gzserver-2] Topic [default//drone/base_footprint/front_camera/image] is not valid.
[gzserver-2] [INFO] [1773122036.567618347] [drone.collision_plugin]: Publishing contact states to [/drone/bumper_states]
[gzserver-2] [1;33m[Wrn] [Event.cc:61] [0m[1;33mWarning: Deleting a connection right after creation. [0m[1;33mMake sure to save the ConnectionPtr from a Connect call
[gzserver-2] [0m[INFO] [1773122036.946607430] [drone.camera_bottom]: Publishing camera info to [/drone/bottom/camera_info]
[gzserver-2] [INFO] [1773122036.951090295] [drone.camera_front]: Publishing camera info to [/drone/front/camera_info]
[spawn_drone-5] [INFO] [1773122036.952071540] [spawn_drone]: Result True SpawnEntity: Successfully spawned entity [/drone]
[gzserver-2] [INFO] [1773122037.073607189] [drone.simple_drone]: The drone plugin is loading!
[gzserver-2] [INFO] [1773122037.073837046] [drone.simple_drone]: pub_odom: 1
[gzserver-2] [INFO] [1773122037.073875497] [drone.simple_drone]: Using following parameters: 
[gzserver-2] 		link_name: base_footprint,
[gzserver-2] 		max_force: 30,
[gzserver-2] 		motion_small_noise: 0,
[gzserver-2] 		motion_drift_noise: 0,
[gzserver-2] 		motion_drift_noise_time: 50,
[gzserver-2] 		takeoff_hover_height: 2.34,
[gzserver-2] 		takeoff_vertical_speed: 0.2
[gzserver-2] [INFO] [1773122037.085826755] [drone.simple_drone]: Using the PID parameters: 
[gzserver-2] 	Roll Pitch:
[gzserver-2] 		kP: 10, kI: 0,kD: 5, Limit: 0.5, Time Constant: 0
[gzserver-2] 	Yaw:
[gzserver-2] 		kP: 2, kI: 0,kD: 1, Limit: 1.5, Time Constant: 0
[gzserver-2] 	Velocity X:
[gzserver-2] 		kP: 5, kI: 0,kD: 2.3, Limit: 2, Time Constant: 0
[gzserver-2] 	Velocity Y:
[gzserver-2] 		kP: 5, kI: 0,kD: 2.3, Limit: 2, Time Constant: 0
[gzserver-2] 	Velocity Z:
[gzserver-2] 		kP: 5, kI: 0,kD: 1, Limit: -1, Time Constant: 0
[gzserver-2] 	Position XY:
[gzserver-2] 		kP: 1.1, kI: 0,kD: 0, Limit: 5, Time Constant: 0
[gzserver-2] 	Position Z:
[gzserver-2] 		kP: 1, kI: 0,kD: 0.2, Limit: -1, Time Constant: 0
[gzserver-2] [INFO] [1773122037.085959328] [drone.simple_drone]: The drone plugin finished loading!
[INFO] [spawn_drone-5]: process has finished cleanly [pid 2572105]
[gzserver-2] [INFO] [1773122044.188481040] [gazebo_wind_plugin_node]: WindPlugin: set wind_speed=0.00 wind_direction=0.0
[gzserver-2] [INFO] [1773122044.462287546] [gazebo_wind_plugin_node]: WindPlugin: set wind_speed=0.00 wind_direction=0.0
[gzserver-2] [INFO] [1773122044.495338546] [drone.simple_drone]: Quadrotor takes off!!
[gzserver-2] [INFO] [1773122044.697762456] [gazebo_wind_plugin_node]: WindPlugin: set wind_speed=0.00 wind_direction=0.0
[gzserver-2] [INFO] [1773122044.931315872] [gazebo_wind_plugin_node]: WindPlugin: set wind_speed=0.00 wind_direction=0.0
[gzserver-2] [INFO] [1773122045.173621116] [gazebo_wind_plugin_node]: WindPlugin: set wind_speed=0.00 wind_direction=0.0
[gzserver-2] [INFO] [1773122045.407799792] [gazebo_wind_plugin_node]: WindPlugin: set wind_speed=0.00 wind_direction=0.0
[gzserver-2] [INFO] [1773122045.636664261] [gazebo_wind_plugin_node]: WindPlugin: set wind_speed=0.00 wind_direction=0.0
[gzserver-2] [INFO] [1773122045.873591178] [gazebo_wind_plugin_node]: WindPlugin: set wind_speed=0.00 wind_direction=0.0
[gzserver-2] [INFO] [1773122046.107855157] [gazebo_wind_plugin_node]: WindPlugin: set wind_speed=0.00 wind_direction=0.0
[gzserver-2] [0m[1;36m[Dbg] [wind_plugin.cpp:110] [0m[1;36mWindPlugin: received command -> speed=[0m[1;36m0[0m[1;36m dir=[0m[1;36m0[0m[1;36m
[gzserver-2] [0m[1;36m[Dbg] [wind_plugin.cpp:110] [0m[1;36mWindPlugin: received command -> speed=[0m[1;36m0[0m[1;36m dir=[0m[1;36m0[0m[1;36m
[gzserver-2] [0m[1;36m[Dbg] [wind_plugin.cpp:110] [0m[1;36mWindPlugin: received command -> speed=[0m[1;36m0[0m[1;36m dir=[0m[1;36m0[0m[1;36m
[gzserver-2] [0m[1;36m[Dbg] [wind_plugin.cpp:110] [0m[1;36mWindPlugin: received command -> speed=[0m[1;36m0[0m[1;36m dir=[0m[1;36m0[0m[1;36m
[gzserver-2] [0m[1;36m[Dbg] [wind_plugin.cpp:110] [0m[1;36mWindPlugin: received command -> speed=[0m[1;36m0[0m[1;36m dir=[0m[1;36m0[0m[1;36m
[gzserver-2] [0m[1;36m[Dbg] [wind_plugin.cpp:110] [0m[1;36mWindPlugin: received command -> speed=[0m[1;36m0[0m[1;36m dir=[0m[1;36m0[0m[1;36m
[gzserver-2] [0m[1;36m[Dbg] [wind_plugin.cpp:110] [0m[1;36mWindPlugin: received command -> speed=[0m[1;36m0[0m[1;36m dir=[0m[1;36m0[0m[1;36m
[gzserver-2] [0m[1;36m[Dbg] [wind_plugin.cpp:110] [0m[1;36mWindPlugin: received command -> speed=[0m[1;36m0[0m[1;36m dir=[0m[1;36m0[0m[1;36m
[gzserver-2] [0m[1;36m[Dbg] [wind_plugin.cpp:110] [0m[1;36mWindPlugin: received command -> speed=[0m[1;36m0[0m[1;36m dir=[0m[1;36m0[0m[1;36m
[gzserver-2] [0mEntering flying model!
[gzserver-2] [INFO] [1773122046.336668856] [gazebo_wind_plugin_node]: WindPlugin: set wind_speed=0.00 wind_direction=0.0
[gzserver-2] [INFO] [1773122046.576275461] [gazebo_wind_plugin_node]: WindPlugin: set wind_speed=2.63 wind_direction=-110.5
[gzserver-2] [INFO] [1773122046.811549775] [gazebo_wind_plugin_node]: WindPlugin: set wind_speed=2.66 wind_direction=-112.2
[gzserver-2] [INFO] [1773122047.040567760] [gazebo_wind_plugin_node]: WindPlugin: set wind_speed=2.66 wind_direction=-112.2
[gzserver-2] [INFO] [1773122047.280324035] [gazebo_wind_plugin_node]: WindPlugin: set wind_speed=2.66 wind_direction=-112.2
[gzserver-2] [INFO] [1773122047.520916466] [gazebo_wind_plugin_node]: WindPlugin: set wind_speed=2.66 wind_direction=-112.2
[gzserver-2] [INFO] [1773122047.760529542] [gazebo_wind_plugin_node]: WindPlugin: set wind_speed=2.60 wind_direction=-112.4
[gzserver-2] [INFO] [1773122047.999681992] [gazebo_wind_plugin_node]: WindPlugin: set wind_speed=2.60 wind_direction=-112.4
[gzserver-2] [INFO] [1773122048.241745830] [gazebo_wind_plugin_node]: WindPlugin: set wind_speed=2.60 wind_direction=-112.4
[gzserver-2] [INFO] [1773122048.481253450] [gazebo_wind_plugin_node]: WindPlugin: set wind_speed=2.60 wind_direction=-112.4
[gzserver-2] [INFO] [1773122048.720863664] [gazebo_wind_plugin_node]: WindPlugin: set wind_speed=2.56 wind_direction=-110.3
[gzserver-2] [INFO] [1773122048.960218411] [gazebo_wind_plugin_node]: WindPlugin: set wind_speed=2.56 wind_direction=-110.3
[gzserver-2] [INFO] [1773122049.199690780] [gazebo_wind_plugin_node]: WindPlugin: set wind_speed=2.56 wind_direction=-110.3
[gzserver-2] [INFO] [1773122049.438856715] [gazebo_wind_plugin_node]: WindPlugin: set wind_speed=2.56 wind_direction=-110.3
[gzserver-2] [INFO] [1773122049.471972608] [drone.simple_drone]: Quadrotor lands!!
[gzserver-2] [INFO] [1773122049.673237745] [gazebo_wind_plugin_node]: WindPlugin: set wind_speed=2.56 wind_direction=-110.3
[gzserver-2] [INFO] [1773122049.908120355] [gazebo_wind_plugin_node]: WindPlugin: set wind_speed=2.63 wind_direction=-110.9
[gzserver-2] [INFO] [1773122050.143122660] [gazebo_wind_plugin_node]: WindPlugin: set wind_speed=2.63 wind_direction=-110.9
[gzserver-2] [INFO] [1773122050.382404448] [gazebo_wind_plugin_node]: WindPlugin: set wind_speed=2.63 wind_direction=-110.9
[gzserver-2] [1;36m[Dbg] [wind_plugin.cpp:110] [0m[1;36mWindPlugin: received command -> speed=[0m[1;36m0[0m[1;36m dir=[0m[1;36m0[0m[1;36m
[gzserver-2] [0m[1;36m[Dbg] [wind_plugin.cpp:110] [0m[1;36mWindPlugin: received command -> speed=[0m[1;36m2.62557[0m[1;36m dir=[0m[1;36m-110.462[0m[1;36m
[gzserver-2] [0m[1;36m[Dbg] [wind_plugin.cpp:110] [0m[1;36mWindPlugin: received command -> speed=[0m[1;36m2.65753[0m[1;36m dir=[0m[1;36m-112.205[0m[1;36m
[gzserver-2] [0m[1;36m[Dbg] [wind_plugin.cpp:110] [0m[1;36mWindPlugin: received command -> speed=[0m[1;36m2.65753[0m[1;36m dir=[0m[1;36m-112.205[0m[1;36m
[gzserver-2] [0m[1;36m[Dbg] [wind_plugin.cpp:110] [0m[1;36mWindPlugin: received command -> speed=[0m[1;36m2.65753[0m[1;36m dir=[0m[1;36m-112.205[0m[1;36m
[gzserver-2] [0m[1;36m[Dbg] [wind_plugin.cpp:110] [0m[1;36mWindPlugin: received command -> speed=[0m[1;36m2.65753[0m[1;36m dir=[0m[1;36m-112.205[0m[1;36m
[gzserver-2] [0m[1;36m[Dbg] [wind_plugin.cpp:110] [0m[1;36mWindPlugin: received command -> speed=[0m[1;36m2.60409[0m[1;36m dir=[0m[1;36m-112.449[0m[1;36m
[gzserver-2] [0m[1;36m[Dbg] [wind_plugin.cpp:110] [0m[1;36mWindPlugin: received command -> speed=[0m[1;36m2.60409[0m[1;36m dir=[0m[1;36m-112.449[0m[1;36m
[gzserver-2] [0m[1;36m[Dbg] [wind_plugin.cpp:110] [0m[1;36mWindPlugin: received command -> speed=[0m[1;36m2.60409[0m[1;36m dir=[0m[1;36m-112.449[0m[1;36m
[gzserver-2] [0m[1;36m[Dbg] [wind_plugin.cpp:110] [0m[1;36mWindPlugin: received command -> speed=[0m[1;36m2.60409[0m[1;36m dir=[0m[1;36m-112.449[0m[1;36m
[gzserver-2] [0m[1;36m[Dbg] [wind_plugin.cpp:110] [0m[1;36mWindPlugin: received command -> speed=[0m[1;36m2.56099[0m[1;36m dir=[0m[1;36m-110.329[0m[1;36m
[gzserver-2] [0m[1;36m[Dbg] [wind_plugin.cpp:110] [0m[1;36mWindPlugin: received command -> speed=[0m[1;36m2.56099[0m[1;36m dir=[0m[1;36m-110.329[0m[1;36m
[gzserver-2] [0m[1;36m[Dbg] [wind_plugin.cpp:110] [0m[1;36mWindPlugin: received command -> speed=[0m[1;36m2.56099[0m[1;36m dir=[0m[1;36m-110.329[0m[1;36m
[gzserver-2] [0m[1;36m[Dbg] [wind_plugin.cpp:110] [0m[1;36mWindPlugin: received command -> speed=[0m[1;36m2.56099[0m[1;36m dir=[0m[1;36m-110.329[0m[1;36m
[gzserver-2] [0m[1;36m[Dbg] [wind_plugin.cpp:110] [0m[1;36mWindPlugin: received command -> speed=[0m[1;36m2.56099[0m[1;36m dir=[0m[1;36m-110.329[0m[1;36m
[gzserver-2] [0m[1;36m[Dbg] [wind_plugin.cpp:110] [0m[1;36mWindPlugin: received command -> speed=[0m[1;36m2.63148[0m[1;36m dir=[0m[1;36m-110.925[0m[1;36m
[gzserver-2] [0m[1;36m[Dbg] [wind_plugin.cpp:110] [0m[1;36mWindPlugin: received command -> speed=[0m[1;36m2.63148[0m[1;36m dir=[0m[1;36m-110.925[0m[1;36m
[gzserver-2] [0m[1;36m[Dbg] [wind_plugin.cpp:110] [0m[1;36mWindPlugin: received command -> speed=[0m[1;36m2.63148[0m[1;36m dir=[0m[1;36m-110.925[0m[1;36m
[gzserver-2] [0mLanded!
[gzserver-2] [INFO] [1773122050.616957856] [gazebo_wind_plugin_node]: WindPlugin: set wind_speed=2.63 wind_direction=-110.9
[gzserver-2] [INFO] [1773122050.851085313] [gazebo_wind_plugin_node]: WindPlugin: set wind_speed=2.57 wind_direction=-114.0
[gzserver-2] [INFO] [1773122051.088269587] [gazebo_wind_plugin_node]: WindPlugin: set wind_speed=2.57 wind_direction=-114.0
[gzserver-2] [INFO] [1773122051.327578183] [gazebo_wind_plugin_node]: WindPlugin: set wind_speed=2.57 wind_direction=-114.0
[gzserver-2] [INFO] [1773122051.561317905] [gazebo_wind_plugin_node]: WindPlugin: set wind_speed=2.57 wind_direction=-114.0
[gzserver-2] [INFO] [1773122051.800768506] [gazebo_wind_plugin_node]: WindPlugin: set wind_speed=2.64 wind_direction=-111.8
[gzserver-2] [INFO] [1773122052.035024457] [gazebo_wind_plugin_node]: WindPlugin: set wind_speed=2.64 wind_direction=-111.8
[gzserver-2] [INFO] [1773122052.273692609] [gazebo_wind_plugin_node]: WindPlugin: set wind_speed=2.64 wind_direction=-111.8
