[INFO] [launch]: All log files can be found below /home/j/.ros/log/2026-03-11-00-17-03-758729-j-2196412
[INFO] [launch]: Default logging verbosity is set to INFO
[INFO] [launch.user]: [bringup] Apriltag config: camera=/drone/bottom, image=/drone/bottom/image_raw, tags=/drone/bottom/tags, bridge=/landing_tag_state, standalone=true, use_target_id=true, target_id=0
[INFO] [rviz2-1]: process started with pid [2196413]
[INFO] [gzserver-2]: process started with pid [2196415]
[INFO] [robot_state_publisher-3]: process started with pid [2196417]
[INFO] [joint_state_publisher-4]: process started with pid [2196419]
[INFO] [spawn_drone-5]: process started with pid [2196421]
[INFO] [static_transform_publisher-6]: process started with pid [2196423]
[INFO] [joy_node-7]: process started with pid [2196425]
[INFO] [teleop_joystick-8]: process started with pid [2196427]
[INFO] [apriltag_detector_node-9]: process started with pid [2196429]
[INFO] [apriltag_state_bridge-10]: process started with pid [2196431]
[static_transform_publisher-6] [WARN] [1773155824.348029328] []: Old-style arguments are deprecated; see --help for new-style arguments
[static_transform_publisher-6] [INFO] [1773155824.353442290] [static_transform_publisher_tfqnfCNX2KcJoHe8]: Spinning until stopped - publishing transform
[static_transform_publisher-6] translation: ('0.000000', '0.000000', '0.000000')
[static_transform_publisher-6] rotation: ('0.000000', '0.000000', '0.000000', '1.000000')
[static_transform_publisher-6] from 'world' to '/drone/odom'
[robot_state_publisher-3] [INFO] [1773155824.355555348] [drone.robot_state_publisher]: got segment base_footprint
[robot_state_publisher-3] [INFO] [1773155824.355608420] [drone.robot_state_publisher]: got segment base_link
[robot_state_publisher-3] [INFO] [1773155824.355614135] [drone.robot_state_publisher]: got segment bottom_cam_link
[robot_state_publisher-3] [INFO] [1773155824.355617465] [drone.robot_state_publisher]: got segment front_cam_link
[robot_state_publisher-3] [INFO] [1773155824.355620216] [drone.robot_state_publisher]: got segment sonar_link
[rviz2-1] 
[rviz2-1] (rviz2:2196413): dbind-WARNING **: 00:17:04.365: Couldn't connect to accessibility bus: Failed to connect to socket /root/.cache/at-spi/bus_0: 허가 거부
[teleop_joystick-8] Traceback (most recent call last):
[teleop_joystick-8]   File "/home/j/INCSL/IICC26_ws/install/sjtu_drone_control/lib/sjtu_drone_control/teleop_joystick", line 33, in <module>
[teleop_joystick-8]     sys.exit(load_entry_point('sjtu_drone_control==0.0.0', 'console_scripts', 'teleop_joystick')())
[teleop_joystick-8]   File "/home/j/INCSL/IICC26_ws/install/sjtu_drone_control/lib/sjtu_drone_control/teleop_joystick", line 22, in importlib_load_entry_point
[teleop_joystick-8]     for entry_point in distribution(dist_name).entry_points
[teleop_joystick-8]   File "/usr/lib/python3.10/importlib/metadata/__init__.py", line 969, in distribution
[teleop_joystick-8]     return Distribution.from_name(distribution_name)
[teleop_joystick-8]   File "/usr/lib/python3.10/importlib/metadata/__init__.py", line 548, in from_name
[teleop_joystick-8]     raise PackageNotFoundError(name)
[teleop_joystick-8] importlib.metadata.PackageNotFoundError: No package metadata was found for sjtu_drone_control
[apriltag_detector_node-9] [INFO] [1773155824.389765854] [apriltag_detector_node]: tag detector type: umich
[ERROR] [teleop_joystick-8]: process has died [pid 2196427, exit code 1, cmd '/home/j/INCSL/IICC26_ws/install/sjtu_drone_control/lib/sjtu_drone_control/teleop_joystick --ros-args -r __ns:=/drone'].
[gzserver-2] Gazebo multi-robot simulator, version 11.10.2
[gzserver-2] Copyright (C) 2012 Open Source Robotics Foundation.
[gzserver-2] Released under the Apache 2 License.
[gzserver-2] http://gazebosim.org
[gzserver-2] 
[joint_state_publisher-4] [INFO] [1773155824.612305732] [drone.joint_state_publisher]: Waiting for robot_description to be published on the robot_description topic...
[apriltag_state_bridge-10] [INFO] [1773155824.623844236] [apriltag_state_bridge]: AprilTag bridge started: /drone/bottom/tags -> /landing_tag_state, use_target_id=True, target_id=0
[gzserver-2] [1;33m[Wrn] [gazebo_ros_init.cpp:178] [0m[1;33m
[gzserver-2] #     # ####### ####### ###  #####  #######
[gzserver-2] ##    # #     #    #     #  #     # #
[gzserver-2] # #   # #     #    #     #  #       #
[gzserver-2] #  #  # #     #    #     #  #       #####
[gzserver-2] #   # # #     #    #     #  #       #
[gzserver-2] #    ## #     #    #     #  #     # #
[gzserver-2] #     # #######    #    ###  #####  #######
[gzserver-2] 
[gzserver-2] This version of Gazebo, now called Gazebo classic, reaches end-of-life
[gzserver-2] in January 2025. Users are highly encouraged to migrate to the new Gazebo
[gzserver-2] using our migration guides (https://gazebosim.org/docs/latest/gazebo_classic_migration?utm_source=gazebo_ros_pkgs&utm_medium=cli)
[gzserver-2] 
[gzserver-2] [0m[1;33m
[rviz2-1] [INFO] [1773155824.759475309] [rviz2]: Stereo is NOT SUPPORTED
[rviz2-1] [INFO] [1773155824.759575068] [rviz2]: OpenGl version: 4.6 (GLSL 4.6)
[rviz2-1] [INFO] [1773155824.788150977] [rviz2]: Stereo is NOT SUPPORTED
[rviz2-1] [INFO] [1773155824.931262150] [rviz2]: Stereo is NOT SUPPORTED
[gzserver-2] [1;32m[Msg] [0m[1;32mWaiting for master.[0m[1;32m
[gzserver-2] [0m[1;32m[0m[1;32m[0m[1;32m[Msg] [0m[1;32mConnected to gazebo master @ [0m[1;32mhttp://127.0.0.1:11345[0m[1;32m
[gzserver-2] [0m[1;32m[0m[1;32m[0m[1;32m[Msg] [0m[1;32mPublicized address: [0m[1;32m192.168.0.11[0m[1;32m
[gzserver-2] [0m[1;32m[0m[1;32m[0m[1;32m[Msg] [0m[1;32mLoading world file [[0m[1;32m/home/j/INCSL/IICC26_ws/install/sjtu_drone_description/share/sjtu_drone_description/worlds/landingPad.world[0m[1;32m][0m[1;32m
[gzserver-2] [0m[1;32m[0m[1;32m[0m[1;36m[Dbg] [wind_plugin.cpp:96] [0m[1;36mWindPlugin loaded: speed=[0m[1;36m0[0m[1;36m dir=[0m[1;36m0[0m[1;36m deg area=[0m[1;36m0.1[0m[1;36m coeff=[0m[1;36m1[0m[1;36m
[gzserver-2] [0m[1;33m[0m[1;33m[0m[1;31m[Err] [Sensor.cc:510] [0m[1;31mGet noise index not valid[0m[1;31m
[gzserver-2] [0m[1;31m[0m[1;31m[0m[1;31m[Err] [Sensor.cc:510] [0m[1;31mGet noise index not valid[0m[1;31m
[gzserver-2] [0m[1;31m[0m[1;31m[0m[1;31m[Err] [Sensor.cc:510] [0m[1;31mGet noise index not valid[0m[1;31m
[gzserver-2] [0m[1;31m[0m[1;31m[0m[1;31m[Err] [Sensor.cc:510] [0m[1;31mGet noise index not valid[0m[1;31m
[gzserver-2] [0m[1;31m[0m[1;31m[0m[1;31m[Err] [Sensor.cc:510] [0m[1;31mGet noise index not valid[0m[1;31m
[gzserver-2] [0m[1;31m[0m[1;31m[0m[1;31m[Err] [Sensor.cc:510] [0m[1;31mGet noise index not valid[0m[1;31m
[gzserver-2] [0m[1;31m[0m[1;31m[0mTopic [default//drone/base_footprint/down_camera/image] is not valid.
[gzserver-2] [INFO] [1773155825.823173949] [drone.collision_plugin]: Publishing contact states to [/drone/bumper_states]
[gzserver-2] Topic [default//drone/base_footprint/front_camera/image] is not valid.
[gzserver-2] [1;33m[Wrn] [Event.cc:61] [0m[1;33mWarning: Deleting a connection right after creation. [0m[1;33mMake sure to save the ConnectionPtr from a Connect call
[gzserver-2] [0m[INFO] [1773155826.184248553] [drone.camera_bottom]: Publishing camera info to [/drone/bottom/camera_info]
[gzserver-2] [INFO] [1773155826.187203181] [drone.camera_front]: Publishing camera info to [/drone/front/camera_info]
[spawn_drone-5] [INFO] [1773155826.196403003] [spawn_drone]: Result True SpawnEntity: Successfully spawned entity [/drone]
[gzserver-2] [INFO] [1773155826.315321281] [drone.simple_drone]: The drone plugin is loading!
[gzserver-2] [INFO] [1773155826.315546542] [drone.simple_drone]: pub_odom: 1
[gzserver-2] [INFO] [1773155826.315583073] [drone.simple_drone]: Using following parameters: 
[gzserver-2] 		link_name: base_footprint,
[gzserver-2] 		max_force: 30,
[gzserver-2] 		motion_small_noise: 0,
[gzserver-2] 		motion_drift_noise: 0,
[gzserver-2] 		motion_drift_noise_time: 50,
[gzserver-2] 		takeoff_hover_height: 2.44,
[gzserver-2] 		takeoff_vertical_speed: 0.2
[gzserver-2] [INFO] [1773155826.328043820] [drone.simple_drone]: Using the PID parameters: 
[gzserver-2] 	Roll Pitch:
[gzserver-2] 		kP: 10, kI: 0,kD: 5, Limit: 0.5, Time Constant: 0
[gzserver-2] 	Yaw:
[gzserver-2] 		kP: 2, kI: 0,kD: 1, Limit: 1.5, Time Constant: 0
[gzserver-2] 	Velocity X:
[gzserver-2] 		kP: 5, kI: 0,kD: 2.3, Limit: 2, Time Constant: 0
[gzserver-2] 	Velocity Y:
[gzserver-2] 		kP: 5, kI: 0,kD: 2.3, Limit: 2, Time Constant: 0
[gzserver-2] 	Velocity Z:
[gzserver-2] 		kP: 5, kI: 0,kD: 1, Limit: -1, Time Constant: 0
[gzserver-2] 	Position XY:
[gzserver-2] 		kP: 1.1, kI: 0,kD: 0, Limit: 5, Time Constant: 0
[gzserver-2] 	Position Z:
[gzserver-2] 		kP: 1, kI: 0,kD: 0.2, Limit: -1, Time Constant: 0
[gzserver-2] [INFO] [1773155826.328190419] [drone.simple_drone]: The drone plugin finished loading!
[INFO] [spawn_drone-5]: process has finished cleanly [pid 2196421]
[gzserver-2] [INFO] [1773155833.571341257] [gazebo_wind_plugin_node]: WindPlugin: set wind_speed=0.00 wind_direction=0.0
[gzserver-2] [INFO] [1773155833.840444731] [gazebo_wind_plugin_node]: WindPlugin: set wind_speed=0.00 wind_direction=0.0
[gzserver-2] [INFO] [1773155833.868272922] [drone.simple_drone]: Quadrotor takes off!!
[gzserver-2] [INFO] [1773155834.069110539] [gazebo_wind_plugin_node]: WindPlugin: set wind_speed=0.00 wind_direction=0.0
[gzserver-2] [INFO] [1773155834.308112404] [gazebo_wind_plugin_node]: WindPlugin: set wind_speed=0.00 wind_direction=0.0
[gzserver-2] [INFO] [1773155834.547549885] [gazebo_wind_plugin_node]: WindPlugin: set wind_speed=0.00 wind_direction=0.0
[gzserver-2] [INFO] [1773155834.788188314] [gazebo_wind_plugin_node]: WindPlugin: set wind_speed=0.00 wind_direction=0.0
[gzserver-2] [INFO] [1773155835.023711077] [gazebo_wind_plugin_node]: WindPlugin: set wind_speed=0.00 wind_direction=0.0
[gzserver-2] [INFO] [1773155835.258400263] [gazebo_wind_plugin_node]: WindPlugin: set wind_speed=0.00 wind_direction=0.0
[gzserver-2] [INFO] [1773155835.492995879] [gazebo_wind_plugin_node]: WindPlugin: set wind_speed=0.00 wind_direction=0.0
[gzserver-2] [INFO] [1773155835.732266098] [gazebo_wind_plugin_node]: WindPlugin: set wind_speed=0.00 wind_direction=0.0
[gzserver-2] [0m[1;36m[Dbg] [wind_plugin.cpp:110] [0m[1;36mWindPlugin: received command -> speed=[0m[1;36m0[0m[1;36m dir=[0m[1;36m0[0m[1;36m
[gzserver-2] [0m[1;36m[Dbg] [wind_plugin.cpp:110] [0m[1;36mWindPlugin: received command -> speed=[0m[1;36m0[0m[1;36m dir=[0m[1;36m0[0m[1;36m
[gzserver-2] [0m[1;36m[Dbg] [wind_plugin.cpp:110] [0m[1;36mWindPlugin: received command -> speed=[0m[1;36m0[0m[1;36m dir=[0m[1;36m0[0m[1;36m
[gzserver-2] [0m[1;36m[Dbg] [wind_plugin.cpp:110] [0m[1;36mWindPlugin: received command -> speed=[0m[1;36m0[0m[1;36m dir=[0m[1;36m0[0m[1;36m
[gzserver-2] [0m[1;36m[Dbg] [wind_plugin.cpp:110] [0m[1;36mWindPlugin: received command -> speed=[0m[1;36m0[0m[1;36m dir=[0m[1;36m0[0m[1;36m
[gzserver-2] [0m[1;36m[Dbg] [wind_plugin.cpp:110] [0m[1;36mWindPlugin: received command -> speed=[0m[1;36m0[0m[1;36m dir=[0m[1;36m0[0m[1;36m
[gzserver-2] [0m[1;36m[Dbg] [wind_plugin.cpp:110] [0m[1;36mWindPlugin: received command -> speed=[0m[1;36m0[0m[1;36m dir=[0m[1;36m0[0m[1;36m
[gzserver-2] [0m[1;36m[Dbg] [wind_plugin.cpp:110] [0m[1;36mWindPlugin: received command -> speed=[0m[1;36m0[0m[1;36m dir=[0m[1;36m0[0m[1;36m
[gzserver-2] [0m[1;36m[Dbg] [wind_plugin.cpp:110] [0m[1;36mWindPlugin: received command -> speed=[0m[1;36m0[0m[1;36m dir=[0m[1;36m0[0m[1;36m
[gzserver-2] [0m[1;36m[Dbg] [wind_plugin.cpp:110] [0m[1;36mWindPlugin: received command -> speed=[0m[1;36m0[0m[1;36m dir=[0m[1;36m0[0m[1;36m
[gzserver-2] [0mEntering flying model!
[gzserver-2] [INFO] [1773155835.971776793] [gazebo_wind_plugin_node]: WindPlugin: set wind_speed=0.00 wind_direction=0.0
[gzserver-2] [INFO] [1773155836.211779752] [gazebo_wind_plugin_node]: WindPlugin: set wind_speed=0.59 wind_direction=-78.6
[gzserver-2] [INFO] [1773155836.446460892] [gazebo_wind_plugin_node]: WindPlugin: set wind_speed=0.59 wind_direction=-78.6
[gzserver-2] [INFO] [1773155836.681009908] [gazebo_wind_plugin_node]: WindPlugin: set wind_speed=0.59 wind_direction=-78.6
[gzserver-2] [INFO] [1773155836.923143135] [gazebo_wind_plugin_node]: WindPlugin: set wind_speed=0.59 wind_direction=-78.6
[gzserver-2] [INFO] [1773155837.157522977] [gazebo_wind_plugin_node]: WindPlugin: set wind_speed=0.47 wind_direction=-80.9
[gzserver-2] [INFO] [1773155837.397375780] [gazebo_wind_plugin_node]: WindPlugin: set wind_speed=0.47 wind_direction=-80.9
[gzserver-2] [INFO] [1773155837.631675311] [gazebo_wind_plugin_node]: WindPlugin: set wind_speed=0.47 wind_direction=-80.9
[gzserver-2] [INFO] [1773155837.871205880] [gazebo_wind_plugin_node]: WindPlugin: set wind_speed=0.47 wind_direction=-80.9
[gzserver-2] [INFO] [1773155838.110320603] [gazebo_wind_plugin_node]: WindPlugin: set wind_speed=0.37 wind_direction=-79.0
[gzserver-2] [INFO] [1773155838.344884719] [gazebo_wind_plugin_node]: WindPlugin: set wind_speed=0.37 wind_direction=-79.0
[gzserver-2] [INFO] [1773155838.579197415] [gazebo_wind_plugin_node]: WindPlugin: set wind_speed=0.37 wind_direction=-79.0
[gzserver-2] [INFO] [1773155838.818699774] [gazebo_wind_plugin_node]: WindPlugin: set wind_speed=0.37 wind_direction=-79.0
[gzserver-2] [INFO] [1773155839.058100587] [gazebo_wind_plugin_node]: WindPlugin: set wind_speed=0.37 wind_direction=-79.0
[gzserver-2] [INFO] [1773155839.292054398] [gazebo_wind_plugin_node]: WindPlugin: set wind_speed=0.40 wind_direction=-79.2
[gzserver-2] [INFO] [1773155839.528921037] [gazebo_wind_plugin_node]: WindPlugin: set wind_speed=0.40 wind_direction=-79.2
[gzserver-2] [INFO] [1773155839.763413989] [gazebo_wind_plugin_node]: WindPlugin: set wind_speed=0.40 wind_direction=-79.2
[gzserver-2] [INFO] [1773155839.997253815] [gazebo_wind_plugin_node]: WindPlugin: set wind_speed=0.40 wind_direction=-79.2
[gzserver-2] [INFO] [1773155840.237082664] [gazebo_wind_plugin_node]: WindPlugin: set wind_speed=0.47 wind_direction=-81.6
[gzserver-2] [INFO] [1773155840.477136128] [gazebo_wind_plugin_node]: WindPlugin: set wind_speed=0.47 wind_direction=-81.6
[gzserver-2] [INFO] [1773155840.515609904] [drone.simple_drone]: Quadrotor lands!!
[gzserver-2] [INFO] [1773155840.718133786] [gazebo_wind_plugin_node]: WindPlugin: set wind_speed=0.47 wind_direction=-81.6
[gzserver-2] [INFO] [1773155840.953215685] [gazebo_wind_plugin_node]: WindPlugin: set wind_speed=0.47 wind_direction=-81.6
[gzserver-2] [INFO] [1773155841.193210161] [gazebo_wind_plugin_node]: WindPlugin: set wind_speed=0.40 wind_direction=-82.3
[gzserver-2] [INFO] [1773155841.434114624] [gazebo_wind_plugin_node]: WindPlugin: set wind_speed=0.40 wind_direction=-82.3
[gzserver-2] [1;36m[Dbg] [wind_plugin.cpp:110] [0m[1;36mWindPlugin: received command -> speed=[0m[1;36m0[0m[1;36m dir=[0m[1;36m0[0m[1;36m
[gzserver-2] [0m[1;36m[Dbg] [wind_plugin.cpp:110] [0m[1;36mWindPlugin: received command -> speed=[0m[1;36m0.590163[0m[1;36m dir=[0m[1;36m-78.5823[0m[1;36m
[gzserver-2] [0m[1;36m[Dbg] [wind_plugin.cpp:110] [0m[1;36mWindPlugin: received command -> speed=[0m[1;36m0.590163[0m[1;36m dir=[0m[1;36m-78.5823[0m[1;36m
[gzserver-2] [0m[1;36m[Dbg] [wind_plugin.cpp:110] [0m[1;36mWindPlugin: received command -> speed=[0m[1;36m0.590163[0m[1;36m dir=[0m[1;36m-78.5823[0m[1;36m
[gzserver-2] [0m[1;36m[Dbg] [wind_plugin.cpp:110] [0m[1;36mWindPlugin: received command -> speed=[0m[1;36m0.590163[0m[1;36m dir=[0m[1;36m-78.5823[0m[1;36m
[gzserver-2] [0m[1;36m[Dbg] [wind_plugin.cpp:110] [0m[1;36mWindPlugin: received command -> speed=[0m[1;36m0.469699[0m[1;36m dir=[0m[1;36m-80.9256[0m[1;36m
[gzserver-2] [0m[1;36m[Dbg] [wind_plugin.cpp:110] [0m[1;36mWindPlugin: received command -> speed=[0m[1;36m0.469699[0m[1;36m dir=[0m[1;36m-80.9256[0m[1;36m
[gzserver-2] [0m[1;36m[Dbg] [wind_plugin.cpp:110] [0m[1;36mWindPlugin: received command -> speed=[0m[1;36m0.469699[0m[1;36m dir=[0m[1;36m-80.9256[0m[1;36m
[gzserver-2] [0m[1;36m[Dbg] [wind_plugin.cpp:110] [0m[1;36mWindPlugin: received command -> speed=[0m[1;36m0.469699[0m[1;36m dir=[0m[1;36m-80.9256[0m[1;36m
[gzserver-2] [0m[1;36m[Dbg] [wind_plugin.cpp:110] [0m[1;36mWindPlugin: received command -> speed=[0m[1;36m0.368787[0m[1;36m dir=[0m[1;36m-79.0097[0m[1;36m
[gzserver-2] [0m[1;36m[Dbg] [wind_plugin.cpp:110] [0m[1;36mWindPlugin: received command -> speed=[0m[1;36m0.368787[0m[1;36m dir=[0m[1;36m-79.0097[0m[1;36m
[gzserver-2] [0m[1;36m[Dbg] [wind_plugin.cpp:110] [0m[1;36mWindPlugin: received command -> speed=[0m[1;36m0.368787[0m[1;36m dir=[0m[1;36m-79.0097[0m[1;36m
[gzserver-2] [0m[1;36m[Dbg] [wind_plugin.cpp:110] [0m[1;36mWindPlugin: received command -> speed=[0m[1;36m0.368787[0m[1;36m dir=[0m[1;36m-79.0097[0m[1;36m
[gzserver-2] [0m[1;36m[Dbg] [wind_plugin.cpp:110] [0m[1;36mWindPlugin: received command -> speed=[0m[1;36m0.368787[0m[1;36m dir=[0m[1;36m-79.0097[0m[1;36m
[gzserver-2] [0m[1;36m[Dbg] [wind_plugin.cpp:110] [0m[1;36mWindPlugin: received command -> speed=[0m[1;36m0.400359[0m[1;36m dir=[0m[1;36m-79.1976[0m[1;36m
[gzserver-2] [0m[1;36m[Dbg] [wind_plugin.cpp:110] [0m[1;36mWindPlugin: received command -> speed=[0m[1;36m0.400359[0m[1;36m dir=[0m[1;36m-79.1976[0m[1;36m
[gzserver-2] [0m[1;36m[Dbg] [wind_plugin.cpp:110] [0m[1;36mWindPlugin: received command -> speed=[0m[1;36m0.400359[0m[1;36m dir=[0m[1;36m-79.1976[0m[1;36m
[gzserver-2] [0m[1;36m[Dbg] [wind_plugin.cpp:110] [0m[1;36mWindPlugin: received command -> speed=[0m[1;36m0.400359[0m[1;36m dir=[0m[1;36m-79.1976[0m[1;36m
[gzserver-2] [0m[1;36m[Dbg] [wind_plugin.cpp:110] [0m[1;36mWindPlugin: received command -> speed=[0m[1;36m0.467062[0m[1;36m dir=[0m[1;36m-81.5541[0m[1;36m
[gzserver-2] [0m[1;36m[Dbg] [wind_plugin.cpp:110] [0m[1;36mWindPlugin: received command -> speed=[0m[1;36m0.467062[0m[1;36m dir=[0m[1;36m-81.5541[0m[1;36m
[gzserver-2] [0m[1;36m[Dbg] [wind_plugin.cpp:110] [0m[1;36mWindPlugin: received command -> speed=[0m[1;36m0.467062[0m[1;36m dir=[0m[1;36m-81.5541[0m[1;36m
[gzserver-2] [0m[1;36m[Dbg] [wind_plugin.cpp:110] [0m[1;36mWindPlugin: received command -> speed=[0m[1;36m0.467062[0m[1;36m dir=[0m[1;36m-81.5541[0m[1;36m
[gzserver-2] [0m[1;36m[Dbg] [wind_plugin.cpp:110] [0m[1;36mWindPlugin: received command -> speed=[0m[1;36m0.396505[0m[1;36m dir=[0m[1;36m-82.3299[0m[1;36m
[gzserver-2] [0m[1;36m[Dbg] [wind_plugin.cpp:110] [0m[1;36mWindPlugin: received command -> speed=[0m[1;36m0.396505[0m[1;36m dir=[0m[1;36m-82.3299[0m[1;36m
[gzserver-2] [0mLanded!
[gzserver-2] [INFO] [1773155841.673272180] [gazebo_wind_plugin_node]: WindPlugin: set wind_speed=0.40 wind_direction=-82.3
[gzserver-2] [INFO] [1773155841.907757729] [gazebo_wind_plugin_node]: WindPlugin: set wind_speed=0.40 wind_direction=-82.3
[gzserver-2] [INFO] [1773155842.149308744] [gazebo_wind_plugin_node]: WindPlugin: set wind_speed=0.38 wind_direction=-82.0
[gzserver-2] [INFO] [1773155842.383332312] [gazebo_wind_plugin_node]: WindPlugin: set wind_speed=0.38 wind_direction=-82.0
[gzserver-2] [INFO] [1773155842.623272541] [gazebo_wind_plugin_node]: WindPlugin: set wind_speed=0.38 wind_direction=-82.0
[gzserver-2] [INFO] [1773155842.857025615] [gazebo_wind_plugin_node]: WindPlugin: set wind_speed=0.38 wind_direction=-82.0
[gzserver-2] [INFO] [1773155843.096347708] [gazebo_wind_plugin_node]: WindPlugin: set wind_speed=0.35 wind_direction=-84.2
[gzserver-2] [INFO] [1773155843.335783908] [gazebo_wind_plugin_node]: WindPlugin: set wind_speed=0.35 wind_direction=-84.2
