[INFO] [launch]: All log files can be found below /home/j/.ros/log/2026-03-10-21-53-02-913828-j-938140
[INFO] [launch]: Default logging verbosity is set to INFO
[INFO] [launch.user]: [bringup] Apriltag config: camera=/drone/bottom, image=/drone/bottom/image_raw, tags=/drone/bottom/tags, bridge=/landing_tag_state, standalone=true, use_target_id=true, target_id=0
[INFO] [rviz2-1]: process started with pid [938143]
[INFO] [gzserver-2]: process started with pid [938145]
[INFO] [robot_state_publisher-3]: process started with pid [938147]
[INFO] [joint_state_publisher-4]: process started with pid [938149]
[INFO] [spawn_drone-5]: process started with pid [938151]
[INFO] [static_transform_publisher-6]: process started with pid [938153]
[INFO] [joy_node-7]: process started with pid [938155]
[INFO] [teleop_joystick-8]: process started with pid [938157]
[INFO] [apriltag_detector_node-9]: process started with pid [938160]
[INFO] [apriltag_state_bridge-10]: process started with pid [938162]
[static_transform_publisher-6] [WARN] [1773147183.385671128] []: Old-style arguments are deprecated; see --help for new-style arguments
[static_transform_publisher-6] [INFO] [1773147183.393565130] [static_transform_publisher_833or7Oaf3U0vOSX]: Spinning until stopped - publishing transform
[static_transform_publisher-6] translation: ('0.000000', '0.000000', '0.000000')
[static_transform_publisher-6] rotation: ('0.000000', '0.000000', '0.000000', '1.000000')
[static_transform_publisher-6] from 'world' to '/drone/odom'
[robot_state_publisher-3] [INFO] [1773147183.411340817] [drone.robot_state_publisher]: got segment base_footprint
[robot_state_publisher-3] [INFO] [1773147183.411412089] [drone.robot_state_publisher]: got segment base_link
[robot_state_publisher-3] [INFO] [1773147183.411417744] [drone.robot_state_publisher]: got segment bottom_cam_link
[robot_state_publisher-3] [INFO] [1773147183.411420950] [drone.robot_state_publisher]: got segment front_cam_link
[robot_state_publisher-3] [INFO] [1773147183.411423662] [drone.robot_state_publisher]: got segment sonar_link
[rviz2-1] 
[rviz2-1] (rviz2:938143): dbind-WARNING **: 21:53:03.423: Couldn't connect to accessibility bus: Failed to connect to socket /root/.cache/at-spi/bus_0: 허가 거부
[teleop_joystick-8] Traceback (most recent call last):
[teleop_joystick-8]   File "/home/j/INCSL/IICC26_ws/install/sjtu_drone_control/lib/sjtu_drone_control/teleop_joystick", line 33, in <module>
[teleop_joystick-8]     sys.exit(load_entry_point('sjtu_drone_control==0.0.0', 'console_scripts', 'teleop_joystick')())
[teleop_joystick-8]   File "/home/j/INCSL/IICC26_ws/install/sjtu_drone_control/lib/sjtu_drone_control/teleop_joystick", line 22, in importlib_load_entry_point
[teleop_joystick-8]     for entry_point in distribution(dist_name).entry_points
[teleop_joystick-8]   File "/usr/lib/python3.10/importlib/metadata/__init__.py", line 969, in distribution
[teleop_joystick-8]     return Distribution.from_name(distribution_name)
[teleop_joystick-8]   File "/usr/lib/python3.10/importlib/metadata/__init__.py", line 548, in from_name
[teleop_joystick-8]     raise PackageNotFoundError(name)
[teleop_joystick-8] importlib.metadata.PackageNotFoundError: No package metadata was found for sjtu_drone_control
[apriltag_detector_node-9] [INFO] [1773147183.439069143] [apriltag_detector_node]: tag detector type: umich
[ERROR] [teleop_joystick-8]: process has died [pid 938157, exit code 1, cmd '/home/j/INCSL/IICC26_ws/install/sjtu_drone_control/lib/sjtu_drone_control/teleop_joystick --ros-args -r __ns:=/drone'].
[gzserver-2] Gazebo multi-robot simulator, version 11.10.2
[gzserver-2] Copyright (C) 2012 Open Source Robotics Foundation.
[gzserver-2] Released under the Apache 2 License.
[gzserver-2] http://gazebosim.org
[gzserver-2] 
[joint_state_publisher-4] [INFO] [1773147183.650460208] [drone.joint_state_publisher]: Waiting for robot_description to be published on the robot_description topic...
[apriltag_state_bridge-10] [INFO] [1773147183.669626088] [apriltag_state_bridge]: AprilTag bridge started: /drone/bottom/tags -> /landing_tag_state, use_target_id=True, target_id=0
[gzserver-2] [1;33m[Wrn] [gazebo_ros_init.cpp:178] [0m[1;33m
[gzserver-2] #     # ####### ####### ###  #####  #######
[gzserver-2] ##    # #     #    #     #  #     # #
[gzserver-2] # #   # #     #    #     #  #       #
[gzserver-2] #  #  # #     #    #     #  #       #####
[gzserver-2] #   # # #     #    #     #  #       #
[gzserver-2] #    ## #     #    #     #  #     # #
[gzserver-2] #     # #######    #    ###  #####  #######
[gzserver-2] 
[gzserver-2] This version of Gazebo, now called Gazebo classic, reaches end-of-life
[gzserver-2] in January 2025. Users are highly encouraged to migrate to the new Gazebo
[gzserver-2] using our migration guides (https://gazebosim.org/docs/latest/gazebo_classic_migration?utm_source=gazebo_ros_pkgs&utm_medium=cli)
[gzserver-2] 
[gzserver-2] [0m[1;33m
[rviz2-1] [INFO] [1773147184.279671377] [rviz2]: Stereo is NOT SUPPORTED
[rviz2-1] [INFO] [1773147184.279788483] [rviz2]: OpenGl version: 4.6 (GLSL 4.6)
[rviz2-1] [INFO] [1773147184.381631056] [rviz2]: Stereo is NOT SUPPORTED
[rviz2-1] [INFO] [1773147184.499575239] [rviz2]: Stereo is NOT SUPPORTED
[spawn_drone-5] [INFO] [1773147184.842505431] [spawn_drone]: Result False Entity pushed to spawn queue, but spawn service timed outwaiting for entity to appear in simulation under the name [/drone]
[gzserver-2] [1;32m[Msg] [0m[1;32mWaiting for master.[0m[1;32m
[gzserver-2] [0m[1;32m[0m[1;32m[0m[1;32m[Msg] [0m[1;32mConnected to gazebo master @ [0m[1;32mhttp://127.0.0.1:11345[0m[1;32m
[gzserver-2] [0m[1;32m[0m[1;32m[0m[1;32m[Msg] [0m[1;32mPublicized address: [0m[1;32m192.168.0.11[0m[1;32m
[gzserver-2] [0m[1;32m[0m[1;32m[0m[1;32m[Msg] [0m[1;32mLoading world file [[0m[1;32m/home/j/INCSL/IICC26_ws/install/sjtu_drone_description/share/sjtu_drone_description/worlds/landingPad.world[0m[1;32m][0m[1;32m
[gzserver-2] [0m[1;32m[0m[1;32m[0m[1;36m[Dbg] [wind_plugin.cpp:96] [0m[1;36mWindPlugin loaded: speed=[0m[1;36m0[0m[1;36m dir=[0m[1;36m0[0m[1;36m deg area=[0m[1;36m0.1[0m[1;36m coeff=[0m[1;36m1[0m[1;36m
[gzserver-2] [0m[1;33m[0m[1;33m[0m[1;31m[Err] [Sensor.cc:510] [0m[1;31mGet noise index not valid[0m[1;31m
[gzserver-2] [0m[1;31m[0m[1;31m[0m[1;31m[Err] [Sensor.cc:510] [0m[1;31mGet noise index not valid[0m[1;31m
[gzserver-2] [0m[1;31m[0m[1;31m[0m[1;31m[Err] [Sensor.cc:510] [0m[1;31mGet noise index not valid[0m[1;31m
[gzserver-2] [0m[1;31m[0m[1;31m[0m[1;31m[Err] [Sensor.cc:510] [0m[1;31mGet noise index not valid[0m[1;31m
[gzserver-2] [0m[1;31m[0m[1;31m[0m[1;31m[Err] [Sensor.cc:510] [0m[1;31mGet noise index not valid[0m[1;31m
[gzserver-2] [0m[1;31m[0m[1;31m[0m[1;31m[Err] [Sensor.cc:510] [0m[1;31mGet noise index not valid[0m[1;31m
[gzserver-2] [0m[1;31m[0m[1;31m[0mTopic [default//drone/base_footprint/down_camera/image] is not valid.
[gzserver-2] [INFO] [1773147184.873660931] [drone.collision_plugin]: Publishing contact states to [/drone/bumper_states]
[gzserver-2] Topic [default//drone/base_footprint/front_camera/image] is not valid.
[gzserver-2] [1;33m[Wrn] [Event.cc:61] [0m[1;33mWarning: Deleting a connection right after creation. [0m[1;33mMake sure to save the ConnectionPtr from a Connect call
[INFO] [spawn_drone-5]: process has finished cleanly [pid 938151]
[gzserver-2] [0m[INFO] [1773147185.464203625] [drone.camera_bottom]: Publishing camera info to [/drone/bottom/camera_info]
[gzserver-2] [INFO] [1773147185.467183121] [drone.camera_front]: Publishing camera info to [/drone/front/camera_info]
[gzserver-2] [INFO] [1773147185.590758353] [drone.simple_drone]: The drone plugin is loading!
[gzserver-2] [INFO] [1773147185.590955646] [drone.simple_drone]: pub_odom: 1
[gzserver-2] [INFO] [1773147185.590988341] [drone.simple_drone]: Using following parameters: 
[gzserver-2] 		link_name: base_footprint,
[gzserver-2] 		max_force: 30,
[gzserver-2] 		motion_small_noise: 0,
[gzserver-2] 		motion_drift_noise: 0,
[gzserver-2] 		motion_drift_noise_time: 50,
[gzserver-2] 		takeoff_hover_height: 1.75,
[gzserver-2] 		takeoff_vertical_speed: 0.2
[gzserver-2] [INFO] [1773147185.602536148] [drone.simple_drone]: Using the PID parameters: 
[gzserver-2] 	Roll Pitch:
[gzserver-2] 		kP: 10, kI: 0,kD: 5, Limit: 0.5, Time Constant: 0
[gzserver-2] 	Yaw:
[gzserver-2] 		kP: 2, kI: 0,kD: 1, Limit: 1.5, Time Constant: 0
[gzserver-2] 	Velocity X:
[gzserver-2] 		kP: 5, kI: 0,kD: 2.3, Limit: 2, Time Constant: 0
[gzserver-2] 	Velocity Y:
[gzserver-2] 		kP: 5, kI: 0,kD: 2.3, Limit: 2, Time Constant: 0
[gzserver-2] 	Velocity Z:
[gzserver-2] 		kP: 5, kI: 0,kD: 1, Limit: -1, Time Constant: 0
[gzserver-2] 	Position XY:
[gzserver-2] 		kP: 1.1, kI: 0,kD: 0, Limit: 5, Time Constant: 0
[gzserver-2] 	Position Z:
[gzserver-2] 		kP: 1, kI: 0,kD: 0.2, Limit: -1, Time Constant: 0
[gzserver-2] [INFO] [1773147185.602668179] [drone.simple_drone]: The drone plugin finished loading!
[gzserver-2] [INFO] [1773147192.742209492] [gazebo_wind_plugin_node]: WindPlugin: set wind_speed=0.00 wind_direction=0.0
[gzserver-2] [INFO] [1773147193.013885369] [gazebo_wind_plugin_node]: WindPlugin: set wind_speed=0.00 wind_direction=0.0
[gzserver-2] [INFO] [1773147193.041895921] [drone.simple_drone]: Quadrotor takes off!!
[gzserver-2] [INFO] [1773147193.243125760] [gazebo_wind_plugin_node]: WindPlugin: set wind_speed=0.00 wind_direction=0.0
[gzserver-2] [INFO] [1773147193.482835281] [gazebo_wind_plugin_node]: WindPlugin: set wind_speed=0.00 wind_direction=0.0
[gzserver-2] [INFO] [1773147193.716303204] [gazebo_wind_plugin_node]: WindPlugin: set wind_speed=0.00 wind_direction=0.0
[gzserver-2] [INFO] [1773147193.958423887] [gazebo_wind_plugin_node]: WindPlugin: set wind_speed=0.00 wind_direction=0.0
[gzserver-2] [INFO] [1773147194.199874429] [gazebo_wind_plugin_node]: WindPlugin: set wind_speed=0.00 wind_direction=0.0
[gzserver-2] [INFO] [1773147194.439283965] [gazebo_wind_plugin_node]: WindPlugin: set wind_speed=0.00 wind_direction=0.0
[gzserver-2] [0m[1;36m[Dbg] [wind_plugin.cpp:110] [0m[1;36mWindPlugin: received command -> speed=[0m[1;36m0[0m[1;36m dir=[0m[1;36m0[0m[1;36m
[gzserver-2] [0m[1;36m[Dbg] [wind_plugin.cpp:110] [0m[1;36mWindPlugin: received command -> speed=[0m[1;36m0[0m[1;36m dir=[0m[1;36m0[0m[1;36m
[gzserver-2] [0m[1;36m[Dbg] [wind_plugin.cpp:110] [0m[1;36mWindPlugin: received command -> speed=[0m[1;36m0[0m[1;36m dir=[0m[1;36m0[0m[1;36m
[gzserver-2] [0m[1;36m[Dbg] [wind_plugin.cpp:110] [0m[1;36mWindPlugin: received command -> speed=[0m[1;36m0[0m[1;36m dir=[0m[1;36m0[0m[1;36m
[gzserver-2] [0m[1;36m[Dbg] [wind_plugin.cpp:110] [0m[1;36mWindPlugin: received command -> speed=[0m[1;36m0[0m[1;36m dir=[0m[1;36m0[0m[1;36m
[gzserver-2] [0m[1;36m[Dbg] [wind_plugin.cpp:110] [0m[1;36mWindPlugin: received command -> speed=[0m[1;36m0[0m[1;36m dir=[0m[1;36m0[0m[1;36m
[gzserver-2] [0m[1;36m[Dbg] [wind_plugin.cpp:110] [0m[1;36mWindPlugin: received command -> speed=[0m[1;36m0[0m[1;36m dir=[0m[1;36m0[0m[1;36m
[gzserver-2] [0m[1;36m[Dbg] [wind_plugin.cpp:110] [0m[1;36mWindPlugin: received command -> speed=[0m[1;36m0[0m[1;36m dir=[0m[1;36m0[0m[1;36m
[gzserver-2] [0mEntering flying model!
[gzserver-2] [INFO] [1773147194.678372999] [gazebo_wind_plugin_node]: WindPlugin: set wind_speed=0.00 wind_direction=0.0
[gzserver-2] [INFO] [1773147194.917977611] [gazebo_wind_plugin_node]: WindPlugin: set wind_speed=1.01 wind_direction=-89.6
[gzserver-2] [INFO] [1773147195.152403469] [gazebo_wind_plugin_node]: WindPlugin: set wind_speed=1.01 wind_direction=-89.6
[gzserver-2] [INFO] [1773147195.388584750] [gazebo_wind_plugin_node]: WindPlugin: set wind_speed=0.89 wind_direction=-88.9
[gzserver-2] [INFO] [1773147195.628307984] [gazebo_wind_plugin_node]: WindPlugin: set wind_speed=0.89 wind_direction=-88.9
[gzserver-2] [INFO] [1773147195.867693391] [gazebo_wind_plugin_node]: WindPlugin: set wind_speed=0.89 wind_direction=-88.9
[gzserver-2] [INFO] [1773147196.107398045] [gazebo_wind_plugin_node]: WindPlugin: set wind_speed=0.89 wind_direction=-88.9
[gzserver-2] [INFO] [1773147196.346698223] [gazebo_wind_plugin_node]: WindPlugin: set wind_speed=0.86 wind_direction=-88.1
[gzserver-2] [INFO] [1773147196.581210282] [gazebo_wind_plugin_node]: WindPlugin: set wind_speed=0.86 wind_direction=-88.1
[gzserver-2] [INFO] [1773147196.820425081] [gazebo_wind_plugin_node]: WindPlugin: set wind_speed=0.86 wind_direction=-88.1
[gzserver-2] [INFO] [1773147197.054577269] [gazebo_wind_plugin_node]: WindPlugin: set wind_speed=0.86 wind_direction=-88.1
[gzserver-2] [INFO] [1773147197.288804786] [gazebo_wind_plugin_node]: WindPlugin: set wind_speed=1.06 wind_direction=-91.9
[gzserver-2] [INFO] [1773147197.524596785] [gazebo_wind_plugin_node]: WindPlugin: set wind_speed=1.06 wind_direction=-91.9
[gzserver-2] [INFO] [1773147197.758819806] [gazebo_wind_plugin_node]: WindPlugin: set wind_speed=1.06 wind_direction=-91.9
[gzserver-2] [INFO] [1773147197.791663143] [drone.simple_drone]: Quadrotor lands!!
[gzserver-2] [INFO] [1773147197.993070847] [gazebo_wind_plugin_node]: WindPlugin: set wind_speed=1.06 wind_direction=-91.9
[gzserver-2] [INFO] [1773147198.232876805] [gazebo_wind_plugin_node]: WindPlugin: set wind_speed=1.06 wind_direction=-91.9
[gzserver-2] [INFO] [1773147198.471764173] [gazebo_wind_plugin_node]: WindPlugin: set wind_speed=1.18 wind_direction=-89.4
[gzserver-2] [INFO] [1773147198.711588833] [gazebo_wind_plugin_node]: WindPlugin: set wind_speed=1.18 wind_direction=-89.4
[gzserver-2] [1;36m[Dbg] [wind_plugin.cpp:110] [0m[1;36mWindPlugin: received command -> speed=[0m[1;36m0[0m[1;36m dir=[0m[1;36m0[0m[1;36m
[gzserver-2] [0m[1;36m[Dbg] [wind_plugin.cpp:110] [0m[1;36mWindPlugin: received command -> speed=[0m[1;36m1.00731[0m[1;36m dir=[0m[1;36m-89.6208[0m[1;36m
[gzserver-2] [0m[1;36m[Dbg] [wind_plugin.cpp:110] [0m[1;36mWindPlugin: received command -> speed=[0m[1;36m1.00731[0m[1;36m dir=[0m[1;36m-89.6208[0m[1;36m
[gzserver-2] [0m[1;36m[Dbg] [wind_plugin.cpp:110] [0m[1;36mWindPlugin: received command -> speed=[0m[1;36m0.894946[0m[1;36m dir=[0m[1;36m-88.8761[0m[1;36m
[gzserver-2] [0m[1;36m[Dbg] [wind_plugin.cpp:110] [0m[1;36mWindPlugin: received command -> speed=[0m[1;36m0.894946[0m[1;36m dir=[0m[1;36m-88.8761[0m[1;36m
[gzserver-2] [0m[1;36m[Dbg] [wind_plugin.cpp:110] [0m[1;36mWindPlugin: received command -> speed=[0m[1;36m0.894946[0m[1;36m dir=[0m[1;36m-88.8761[0m[1;36m
[gzserver-2] [0m[1;36m[Dbg] [wind_plugin.cpp:110] [0m[1;36mWindPlugin: received command -> speed=[0m[1;36m0.894946[0m[1;36m dir=[0m[1;36m-88.8761[0m[1;36m
[gzserver-2] [0m[1;36m[Dbg] [wind_plugin.cpp:110] [0m[1;36mWindPlugin: received command -> speed=[0m[1;36m0.855463[0m[1;36m dir=[0m[1;36m-88.0518[0m[1;36m
[gzserver-2] [0m[1;36m[Dbg] [wind_plugin.cpp:110] [0m[1;36mWindPlugin: received command -> speed=[0m[1;36m0.855463[0m[1;36m dir=[0m[1;36m-88.0518[0m[1;36m
[gzserver-2] [0m[1;36m[Dbg] [wind_plugin.cpp:110] [0m[1;36mWindPlugin: received command -> speed=[0m[1;36m0.855463[0m[1;36m dir=[0m[1;36m-88.0518[0m[1;36m
[gzserver-2] [0m[1;36m[Dbg] [wind_plugin.cpp:110] [0m[1;36mWindPlugin: received command -> speed=[0m[1;36m0.855463[0m[1;36m dir=[0m[1;36m-88.0518[0m[1;36m
[gzserver-2] [0m[1;36m[Dbg] [wind_plugin.cpp:110] [0m[1;36mWindPlugin: received command -> speed=[0m[1;36m1.05956[0m[1;36m dir=[0m[1;36m-91.8902[0m[1;36m
[gzserver-2] [0m[1;36m[Dbg] [wind_plugin.cpp:110] [0m[1;36mWindPlugin: received command -> speed=[0m[1;36m1.05956[0m[1;36m dir=[0m[1;36m-91.8902[0m[1;36m
[gzserver-2] [0m[1;36m[Dbg] [wind_plugin.cpp:110] [0m[1;36mWindPlugin: received command -> speed=[0m[1;36m1.05956[0m[1;36m dir=[0m[1;36m-91.8902[0m[1;36m
[gzserver-2] [0m[1;36m[Dbg] [wind_plugin.cpp:110] [0m[1;36mWindPlugin: received command -> speed=[0m[1;36m1.05956[0m[1;36m dir=[0m[1;36m-91.8902[0m[1;36m
[gzserver-2] [0m[1;36m[Dbg] [wind_plugin.cpp:110] [0m[1;36mWindPlugin: received command -> speed=[0m[1;36m1.05956[0m[1;36m dir=[0m[1;36m-91.8902[0m[1;36m
[gzserver-2] [0m[1;36m[Dbg] [wind_plugin.cpp:110] [0m[1;36mWindPlugin: received command -> speed=[0m[1;36m1.1849[0m[1;36m dir=[0m[1;36m-89.3794[0m[1;36m
[gzserver-2] [0m[1;36m[Dbg] [wind_plugin.cpp:110] [0m[1;36mWindPlugin: received command -> speed=[0m[1;36m1.1849[0m[1;36m dir=[0m[1;36m-89.3794[0m[1;36m
[gzserver-2] [0mLanded!
[gzserver-2] [INFO] [1773147198.950910279] [gazebo_wind_plugin_node]: WindPlugin: set wind_speed=1.18 wind_direction=-89.4
[gzserver-2] [INFO] [1773147199.190251204] [gazebo_wind_plugin_node]: WindPlugin: set wind_speed=1.18 wind_direction=-89.4
[gzserver-2] [INFO] [1773147199.429501300] [gazebo_wind_plugin_node]: WindPlugin: set wind_speed=1.02 wind_direction=-86.7
[gzserver-2] [INFO] [1773147199.663169486] [gazebo_wind_plugin_node]: WindPlugin: set wind_speed=1.02 wind_direction=-86.7
[gzserver-2] [INFO] [1773147199.902260722] [gazebo_wind_plugin_node]: WindPlugin: set wind_speed=1.02 wind_direction=-86.7
[gzserver-2] [INFO] [1773147200.141611359] [gazebo_wind_plugin_node]: WindPlugin: set wind_speed=1.02 wind_direction=-86.7
[gzserver-2] [INFO] [1773147200.382001739] [gazebo_wind_plugin_node]: WindPlugin: set wind_speed=0.93 wind_direction=-88.4
[gzserver-2] [INFO] [1773147200.621908596] [gazebo_wind_plugin_node]: WindPlugin: set wind_speed=0.93 wind_direction=-88.4
