[INFO] [launch]: All log files can be found below /home/j/.ros/log/2026-03-10-12-14-50-823264-j-1054420
[INFO] [launch]: Default logging verbosity is set to INFO
[INFO] [launch.user]: [bringup] Apriltag config: camera=/drone/bottom, image=/drone/bottom/image_raw, tags=/drone/bottom/tags, bridge=/landing_tag_state, standalone=true, use_target_id=true, target_id=0
[INFO] [rviz2-1]: process started with pid [1054423]
[INFO] [gzserver-2]: process started with pid [1054425]
[INFO] [robot_state_publisher-3]: process started with pid [1054427]
[INFO] [joint_state_publisher-4]: process started with pid [1054429]
[INFO] [spawn_drone-5]: process started with pid [1054431]
[INFO] [static_transform_publisher-6]: process started with pid [1054433]
[INFO] [joy_node-7]: process started with pid [1054435]
[INFO] [teleop_joystick-8]: process started with pid [1054437]
[INFO] [apriltag_detector_node-9]: process started with pid [1054439]
[INFO] [apriltag_state_bridge-10]: process started with pid [1054441]
[static_transform_publisher-6] [WARN] [1773112491.295499797] []: Old-style arguments are deprecated; see --help for new-style arguments
[static_transform_publisher-6] [INFO] [1773112491.301257255] [static_transform_publisher_7rXgSB9vIfueQOgD]: Spinning until stopped - publishing transform
[static_transform_publisher-6] translation: ('0.000000', '0.000000', '0.000000')
[static_transform_publisher-6] rotation: ('0.000000', '0.000000', '0.000000', '1.000000')
[static_transform_publisher-6] from 'world' to '/drone/odom'
[robot_state_publisher-3] [INFO] [1773112491.329700230] [drone.robot_state_publisher]: got segment base_footprint
[robot_state_publisher-3] [INFO] [1773112491.329786647] [drone.robot_state_publisher]: got segment base_link
[robot_state_publisher-3] [INFO] [1773112491.329798282] [drone.robot_state_publisher]: got segment bottom_cam_link
[robot_state_publisher-3] [INFO] [1773112491.329806356] [drone.robot_state_publisher]: got segment front_cam_link
[robot_state_publisher-3] [INFO] [1773112491.329813516] [drone.robot_state_publisher]: got segment sonar_link
[rviz2-1] 
[rviz2-1] (rviz2:1054423): dbind-WARNING **: 12:14:51.329: Couldn't connect to accessibility bus: Failed to connect to socket /root/.cache/at-spi/bus_0: 허가 거부
[apriltag_detector_node-9] [INFO] [1773112491.332004597] [apriltag_detector_node]: tag detector type: umich
[teleop_joystick-8] Traceback (most recent call last):
[teleop_joystick-8]   File "/home/j/INCSL/IICC26_ws/install/sjtu_drone_control/lib/sjtu_drone_control/teleop_joystick", line 33, in <module>
[teleop_joystick-8]     sys.exit(load_entry_point('sjtu_drone_control==0.0.0', 'console_scripts', 'teleop_joystick')())
[teleop_joystick-8]   File "/home/j/INCSL/IICC26_ws/install/sjtu_drone_control/lib/sjtu_drone_control/teleop_joystick", line 22, in importlib_load_entry_point
[teleop_joystick-8]     for entry_point in distribution(dist_name).entry_points
[teleop_joystick-8]   File "/usr/lib/python3.10/importlib/metadata/__init__.py", line 969, in distribution
[teleop_joystick-8]     return Distribution.from_name(distribution_name)
[teleop_joystick-8]   File "/usr/lib/python3.10/importlib/metadata/__init__.py", line 548, in from_name
[teleop_joystick-8]     raise PackageNotFoundError(name)
[teleop_joystick-8] importlib.metadata.PackageNotFoundError: No package metadata was found for sjtu_drone_control
[ERROR] [teleop_joystick-8]: process has died [pid 1054437, exit code 1, cmd '/home/j/INCSL/IICC26_ws/install/sjtu_drone_control/lib/sjtu_drone_control/teleop_joystick --ros-args -r __ns:=/drone'].
[gzserver-2] Gazebo multi-robot simulator, version 11.10.2
[gzserver-2] Copyright (C) 2012 Open Source Robotics Foundation.
[gzserver-2] Released under the Apache 2 License.
[gzserver-2] http://gazebosim.org
[gzserver-2] 
[apriltag_state_bridge-10] [INFO] [1773112491.553247134] [apriltag_state_bridge]: AprilTag bridge started: /drone/bottom/tags -> /landing_tag_state, use_target_id=True, target_id=0
[joint_state_publisher-4] [INFO] [1773112491.587996398] [drone.joint_state_publisher]: Waiting for robot_description to be published on the robot_description topic...
[gzserver-2] [1;33m[Wrn] [gazebo_ros_init.cpp:178] [0m[1;33m
[gzserver-2] #     # ####### ####### ###  #####  #######
[gzserver-2] ##    # #     #    #     #  #     # #
[gzserver-2] # #   # #     #    #     #  #       #
[gzserver-2] #  #  # #     #    #     #  #       #####
[gzserver-2] #   # # #     #    #     #  #       #
[gzserver-2] #    ## #     #    #     #  #     # #
[gzserver-2] #     # #######    #    ###  #####  #######
[gzserver-2] 
[gzserver-2] This version of Gazebo, now called Gazebo classic, reaches end-of-life
[gzserver-2] in January 2025. Users are highly encouraged to migrate to the new Gazebo
[gzserver-2] using our migration guides (https://gazebosim.org/docs/latest/gazebo_classic_migration?utm_source=gazebo_ros_pkgs&utm_medium=cli)
[gzserver-2] 
[gzserver-2] [0m[1;33m
[rviz2-1] [INFO] [1773112492.167407060] [rviz2]: Stereo is NOT SUPPORTED
[rviz2-1] [INFO] [1773112492.167498393] [rviz2]: OpenGl version: 4.6 (GLSL 4.6)
[rviz2-1] [INFO] [1773112492.257463317] [rviz2]: Stereo is NOT SUPPORTED
[rviz2-1] [INFO] [1773112492.345553439] [rviz2]: Stereo is NOT SUPPORTED
[gzserver-2] [1;32m[Msg] [0m[1;32mWaiting for master.[0m[1;32m
[gzserver-2] [0m[1;32m[0m[1;32m[0m[1;32m[Msg] [0m[1;32mConnected to gazebo master @ [0m[1;32mhttp://127.0.0.1:11345[0m[1;32m
[gzserver-2] [0m[1;32m[0m[1;32m[0m[1;32m[Msg] [0m[1;32mPublicized address: [0m[1;32m172.16.52.147[0m[1;32m
[gzserver-2] [0m[1;32m[0m[1;32m[0m[1;32m[Msg] [0m[1;32mLoading world file [[0m[1;32m/home/j/INCSL/IICC26_ws/install/sjtu_drone_description/share/sjtu_drone_description/worlds/landingPad.world[0m[1;32m][0m[1;32m
[gzserver-2] [0m[1;32m[0m[1;32m[0m[1;36m[Dbg] [wind_plugin.cpp:96] [0m[1;36mWindPlugin loaded: speed=[0m[1;36m0[0m[1;36m dir=[0m[1;36m0[0m[1;36m deg area=[0m[1;36m0.1[0m[1;36m coeff=[0m[1;36m1[0m[1;36m
[gzserver-2] [0m[1;33m[0m[1;33m[0m[1;31m[Err] [Sensor.cc:510] [0m[1;31mGet noise index not valid[0m[1;31m
[gzserver-2] [0m[1;31m[0m[1;31m[0m[1;31m[Err] [Sensor.cc:510] [0m[1;31mGet noise index not valid[0m[1;31m
[gzserver-2] [0m[1;31m[0m[1;31m[0m[1;31m[Err] [Sensor.cc:510] [0m[1;31mGet noise index not valid[0m[1;31m
[gzserver-2] [0m[1;31m[0m[1;31m[0m[1;31m[Err] [Sensor.cc:510] [0m[1;31mGet noise index not valid[0m[1;31m
[gzserver-2] [0m[1;31m[0m[1;31m[0m[1;31m[Err] [Sensor.cc:510] [0m[1;31mGet noise index not valid[0m[1;31m
[gzserver-2] [0m[1;31m[0m[1;31m[0m[1;31m[Err] [Sensor.cc:510] [0m[1;31mGet noise index not valid[0m[1;31m
[gzserver-2] [0m[1;31m[0m[1;31m[0mTopic [default//drone/base_footprint/down_camera/image] is not valid.
[gzserver-2] [INFO] [1773112492.607868868] [drone.collision_plugin]: Publishing contact states to [/drone/bumper_states]
[gzserver-2] Topic [default//drone/base_footprint/front_camera/image] is not valid.
[gzserver-2] [1;33m[Wrn] [Event.cc:61] [0m[1;33mWarning: Deleting a connection right after creation. [0m[1;33mMake sure to save the ConnectionPtr from a Connect call
[gzserver-2] [0m[INFO] [1773112493.366765701] [drone.camera_bottom]: Publishing camera info to [/drone/bottom/camera_info]
[gzserver-2] [INFO] [1773112493.369780699] [drone.camera_front]: Publishing camera info to [/drone/front/camera_info]
[spawn_drone-5] [INFO] [1773112493.380241663] [spawn_drone]: Result True SpawnEntity: Successfully spawned entity [/drone]
[gzserver-2] [INFO] [1773112493.495849142] [drone.simple_drone]: The drone plugin is loading!
[gzserver-2] [INFO] [1773112493.496053019] [drone.simple_drone]: pub_odom: 1
[gzserver-2] [INFO] [1773112493.496086052] [drone.simple_drone]: Using following parameters: 
[gzserver-2] 		link_name: base_footprint,
[gzserver-2] 		max_force: 30,
[gzserver-2] 		motion_small_noise: 0,
[gzserver-2] 		motion_drift_noise: 0,
[gzserver-2] 		motion_drift_noise_time: 50,
[gzserver-2] 		takeoff_hover_height: 1.95,
[gzserver-2] 		takeoff_vertical_speed: 0.2
[gzserver-2] [INFO] [1773112493.507858839] [drone.simple_drone]: Using the PID parameters: 
[gzserver-2] 	Roll Pitch:
[gzserver-2] 		kP: 10, kI: 0,kD: 5, Limit: 0.5, Time Constant: 0
[gzserver-2] 	Yaw:
[gzserver-2] 		kP: 2, kI: 0,kD: 1, Limit: 1.5, Time Constant: 0
[gzserver-2] 	Velocity X:
[gzserver-2] 		kP: 5, kI: 0,kD: 2.3, Limit: 2, Time Constant: 0
[gzserver-2] 	Velocity Y:
[gzserver-2] 		kP: 5, kI: 0,kD: 2.3, Limit: 2, Time Constant: 0
[gzserver-2] 	Velocity Z:
[gzserver-2] 		kP: 5, kI: 0,kD: 1, Limit: -1, Time Constant: 0
[gzserver-2] 	Position XY:
[gzserver-2] 		kP: 1.1, kI: 0,kD: 0, Limit: 5, Time Constant: 0
[gzserver-2] 	Position Z:
[gzserver-2] 		kP: 1, kI: 0,kD: 0.2, Limit: -1, Time Constant: 0
[gzserver-2] [INFO] [1773112493.507987036] [drone.simple_drone]: The drone plugin finished loading!
[INFO] [spawn_drone-5]: process has finished cleanly [pid 1054431]
[gzserver-2] [INFO] [1773112500.652267019] [gazebo_wind_plugin_node]: WindPlugin: set wind_speed=0.00 wind_direction=0.0
[gzserver-2] [INFO] [1773112500.922762844] [gazebo_wind_plugin_node]: WindPlugin: set wind_speed=0.00 wind_direction=0.0
[gzserver-2] [INFO] [1773112500.962210288] [drone.simple_drone]: Quadrotor takes off!!
[gzserver-2] [INFO] [1773112501.163480225] [gazebo_wind_plugin_node]: WindPlugin: set wind_speed=0.00 wind_direction=0.0
[gzserver-2] [INFO] [1773112501.392835438] [gazebo_wind_plugin_node]: WindPlugin: set wind_speed=0.00 wind_direction=0.0
[gzserver-2] [INFO] [1773112501.622822025] [gazebo_wind_plugin_node]: WindPlugin: set wind_speed=0.00 wind_direction=0.0
[gzserver-2] [INFO] [1773112501.853035361] [gazebo_wind_plugin_node]: WindPlugin: set wind_speed=0.00 wind_direction=0.0
[gzserver-2] [INFO] [1773112502.087169467] [gazebo_wind_plugin_node]: WindPlugin: set wind_speed=0.00 wind_direction=0.0
[gzserver-2] [INFO] [1773112502.327598178] [gazebo_wind_plugin_node]: WindPlugin: set wind_speed=0.00 wind_direction=0.0
[gzserver-2] [0m[1;36m[Dbg] [wind_plugin.cpp:110] [0m[1;36mWindPlugin: received command -> speed=[0m[1;36m0[0m[1;36m dir=[0m[1;36m0[0m[1;36m
[gzserver-2] [0m[1;36m[Dbg] [wind_plugin.cpp:110] [0m[1;36mWindPlugin: received command -> speed=[0m[1;36m0[0m[1;36m dir=[0m[1;36m0[0m[1;36m
[gzserver-2] [0m[1;36m[Dbg] [wind_plugin.cpp:110] [0m[1;36mWindPlugin: received command -> speed=[0m[1;36m0[0m[1;36m dir=[0m[1;36m0[0m[1;36m
[gzserver-2] [0m[1;36m[Dbg] [wind_plugin.cpp:110] [0m[1;36mWindPlugin: received command -> speed=[0m[1;36m0[0m[1;36m dir=[0m[1;36m0[0m[1;36m
[gzserver-2] [0m[1;36m[Dbg] [wind_plugin.cpp:110] [0m[1;36mWindPlugin: received command -> speed=[0m[1;36m0[0m[1;36m dir=[0m[1;36m0[0m[1;36m
[gzserver-2] [0m[1;36m[Dbg] [wind_plugin.cpp:110] [0m[1;36mWindPlugin: received command -> speed=[0m[1;36m0[0m[1;36m dir=[0m[1;36m0[0m[1;36m
[gzserver-2] [0m[1;36m[Dbg] [wind_plugin.cpp:110] [0m[1;36mWindPlugin: received command -> speed=[0m[1;36m0[0m[1;36m dir=[0m[1;36m0[0m[1;36m
[gzserver-2] [0m[1;36m[Dbg] [wind_plugin.cpp:110] [0m[1;36mWindPlugin: received command -> speed=[0m[1;36m0[0m[1;36m dir=[0m[1;36m0[0m[1;36m
[gzserver-2] [0mEntering flying model!
[gzserver-2] [INFO] [1773112502.568535531] [gazebo_wind_plugin_node]: WindPlugin: set wind_speed=0.00 wind_direction=0.0
[gzserver-2] [INFO] [1773112502.808149259] [gazebo_wind_plugin_node]: WindPlugin: set wind_speed=0.58 wind_direction=-67.1
[gzserver-2] [INFO] [1773112503.047427505] [gazebo_wind_plugin_node]: WindPlugin: set wind_speed=0.58 wind_direction=-67.1
[gzserver-2] [INFO] [1773112503.281733235] [gazebo_wind_plugin_node]: WindPlugin: set wind_speed=0.45 wind_direction=-67.1
[gzserver-2] [INFO] [1773112503.516066613] [gazebo_wind_plugin_node]: WindPlugin: set wind_speed=0.45 wind_direction=-67.1
[gzserver-2] [INFO] [1773112503.755516820] [gazebo_wind_plugin_node]: WindPlugin: set wind_speed=0.45 wind_direction=-67.1
[gzserver-2] [INFO] [1773112503.989469517] [gazebo_wind_plugin_node]: WindPlugin: set wind_speed=0.45 wind_direction=-67.1
[gzserver-2] [INFO] [1773112504.223480929] [gazebo_wind_plugin_node]: WindPlugin: set wind_speed=0.48 wind_direction=-68.8
[gzserver-2] [INFO] [1773112504.462957790] [gazebo_wind_plugin_node]: WindPlugin: set wind_speed=0.48 wind_direction=-68.8
[gzserver-2] [INFO] [1773112504.702421774] [gazebo_wind_plugin_node]: WindPlugin: set wind_speed=0.48 wind_direction=-68.8
[gzserver-2] [INFO] [1773112504.937258772] [gazebo_wind_plugin_node]: WindPlugin: set wind_speed=0.48 wind_direction=-68.8
[gzserver-2] [INFO] [1773112505.176707590] [gazebo_wind_plugin_node]: WindPlugin: set wind_speed=0.33 wind_direction=-70.3
[gzserver-2] [INFO] [1773112505.416481384] [gazebo_wind_plugin_node]: WindPlugin: set wind_speed=0.33 wind_direction=-70.3
[gzserver-2] [INFO] [1773112505.655810492] [gazebo_wind_plugin_node]: WindPlugin: set wind_speed=0.33 wind_direction=-70.3
[gzserver-2] [INFO] [1773112505.890941748] [gazebo_wind_plugin_node]: WindPlugin: set wind_speed=0.33 wind_direction=-70.3
[gzserver-2] [INFO] [1773112506.125955055] [gazebo_wind_plugin_node]: WindPlugin: set wind_speed=0.33 wind_direction=-70.3
[gzserver-2] [INFO] [1773112506.163756523] [drone.simple_drone]: Quadrotor lands!!
[gzserver-2] [INFO] [1773112506.365159498] [gazebo_wind_plugin_node]: WindPlugin: set wind_speed=0.51 wind_direction=-70.1
[gzserver-2] [INFO] [1773112506.604587953] [gazebo_wind_plugin_node]: WindPlugin: set wind_speed=0.51 wind_direction=-70.1
[gzserver-2] [INFO] [1773112506.844105714] [gazebo_wind_plugin_node]: WindPlugin: set wind_speed=0.51 wind_direction=-70.1
[gzserver-2] [INFO] [1773112507.078669088] [gazebo_wind_plugin_node]: WindPlugin: set wind_speed=0.51 wind_direction=-70.1
[gzserver-2] [1;36m[Dbg] [wind_plugin.cpp:110] [0m[1;36mWindPlugin: received command -> speed=[0m[1;36m0[0m[1;36m dir=[0m[1;36m0[0m[1;36m
[gzserver-2] [0m[1;36m[Dbg] [wind_plugin.cpp:110] [0m[1;36mWindPlugin: received command -> speed=[0m[1;36m0.583429[0m[1;36m dir=[0m[1;36m-67.1401[0m[1;36m
[gzserver-2] [0m[1;36m[Dbg] [wind_plugin.cpp:110] [0m[1;36mWindPlugin: received command -> speed=[0m[1;36m0.583429[0m[1;36m dir=[0m[1;36m-67.1401[0m[1;36m
[gzserver-2] [0m[1;36m[Dbg] [wind_plugin.cpp:110] [0m[1;36mWindPlugin: received command -> speed=[0m[1;36m0.447347[0m[1;36m dir=[0m[1;36m-67.1024[0m[1;36m
[gzserver-2] [0m[1;36m[Dbg] [wind_plugin.cpp:110] [0m[1;36mWindPlugin: received command -> speed=[0m[1;36m0.447347[0m[1;36m dir=[0m[1;36m-67.1024[0m[1;36m
[gzserver-2] [0m[1;36m[Dbg] [wind_plugin.cpp:110] [0m[1;36mWindPlugin: received command -> speed=[0m[1;36m0.447347[0m[1;36m dir=[0m[1;36m-67.1024[0m[1;36m
[gzserver-2] [0m[1;36m[Dbg] [wind_plugin.cpp:110] [0m[1;36mWindPlugin: received command -> speed=[0m[1;36m0.447347[0m[1;36m dir=[0m[1;36m-67.1024[0m[1;36m
[gzserver-2] [0m[1;36m[Dbg] [wind_plugin.cpp:110] [0m[1;36mWindPlugin: received command -> speed=[0m[1;36m0.483865[0m[1;36m dir=[0m[1;36m-68.7751[0m[1;36m
[gzserver-2] [0m[1;36m[Dbg] [wind_plugin.cpp:110] [0m[1;36mWindPlugin: received command -> speed=[0m[1;36m0.483865[0m[1;36m dir=[0m[1;36m-68.7751[0m[1;36m
[gzserver-2] [0m[1;36m[Dbg] [wind_plugin.cpp:110] [0m[1;36mWindPlugin: received command -> speed=[0m[1;36m0.483865[0m[1;36m dir=[0m[1;36m-68.7751[0m[1;36m
[gzserver-2] [0m[1;36m[Dbg] [wind_plugin.cpp:110] [0m[1;36mWindPlugin: received command -> speed=[0m[1;36m0.483865[0m[1;36m dir=[0m[1;36m-68.7751[0m[1;36m
[gzserver-2] [0m[1;36m[Dbg] [wind_plugin.cpp:110] [0m[1;36mWindPlugin: received command -> speed=[0m[1;36m0.330445[0m[1;36m dir=[0m[1;36m-70.3153[0m[1;36m
[gzserver-2] [0m[1;36m[Dbg] [wind_plugin.cpp:110] [0m[1;36mWindPlugin: received command -> speed=[0m[1;36m0.330445[0m[1;36m dir=[0m[1;36m-70.3153[0m[1;36m
[gzserver-2] [0m[1;36m[Dbg] [wind_plugin.cpp:110] [0m[1;36mWindPlugin: received command -> speed=[0m[1;36m0.330445[0m[1;36m dir=[0m[1;36m-70.3153[0m[1;36m
[gzserver-2] [0m[1;36m[Dbg] [wind_plugin.cpp:110] [0m[1;36mWindPlugin: received command -> speed=[0m[1;36m0.330445[0m[1;36m dir=[0m[1;36m-70.3153[0m[1;36m
[gzserver-2] [0m[1;36m[Dbg] [wind_plugin.cpp:110] [0m[1;36mWindPlugin: received command -> speed=[0m[1;36m0.330445[0m[1;36m dir=[0m[1;36m-70.3153[0m[1;36m
[gzserver-2] [0m[1;36m[Dbg] [wind_plugin.cpp:110] [0m[1;36mWindPlugin: received command -> speed=[0m[1;36m0.509323[0m[1;36m dir=[0m[1;36m-70.1342[0m[1;36m
[gzserver-2] [0m[1;36m[Dbg] [wind_plugin.cpp:110] [0m[1;36mWindPlugin: received command -> speed=[0m[1;36m0.509323[0m[1;36m dir=[0m[1;36m-70.1342[0m[1;36m
[gzserver-2] [0m[1;36m[Dbg] [wind_plugin.cpp:110] [0m[1;36mWindPlugin: received command -> speed=[0m[1;36m0.509323[0m[1;36m dir=[0m[1;36m-70.1342[0m[1;36m
[gzserver-2] [0m[1;36m[Dbg] [wind_plugin.cpp:110] [0m[1;36mWindPlugin: received command -> speed=[0m[1;36m0.509323[0m[1;36m dir=[0m[1;36m-70.1342[0m[1;36m
[gzserver-2] [0mLanded!
[gzserver-2] [INFO] [1773112507.314198306] [gazebo_wind_plugin_node]: WindPlugin: set wind_speed=0.35 wind_direction=-69.1
[gzserver-2] [INFO] [1773112507.549749209] [gazebo_wind_plugin_node]: WindPlugin: set wind_speed=0.35 wind_direction=-69.1
[gzserver-2] [INFO] [1773112507.784361878] [gazebo_wind_plugin_node]: WindPlugin: set wind_speed=0.35 wind_direction=-69.1
[gzserver-2] [INFO] [1773112508.024518222] [gazebo_wind_plugin_node]: WindPlugin: set wind_speed=0.35 wind_direction=-69.1
[gzserver-2] [INFO] [1773112508.259237035] [gazebo_wind_plugin_node]: WindPlugin: set wind_speed=0.55 wind_direction=-69.5
[gzserver-2] [INFO] [1773112508.488241696] [gazebo_wind_plugin_node]: WindPlugin: set wind_speed=0.55 wind_direction=-69.5
[gzserver-2] [INFO] [1773112508.722359188] [gazebo_wind_plugin_node]: WindPlugin: set wind_speed=0.55 wind_direction=-69.5
[gzserver-2] [INFO] [1773112508.961711849] [gazebo_wind_plugin_node]: WindPlugin: set wind_speed=0.55 wind_direction=-69.5
