[INFO] [launch]: All log files can be found below /home/j/.ros/log/2026-03-11-03-00-19-514975-j-3412758
[INFO] [launch]: Default logging verbosity is set to INFO
[INFO] [launch.user]: [bringup] Apriltag config: camera=/drone/bottom, image=/drone/bottom/image_raw, tags=/drone/bottom/tags, bridge=/landing_tag_state, standalone=true, use_target_id=true, target_id=0
[INFO] [rviz2-1]: process started with pid [3412769]
[INFO] [gzserver-2]: process started with pid [3412771]
[INFO] [robot_state_publisher-3]: process started with pid [3412773]
[INFO] [joint_state_publisher-4]: process started with pid [3412775]
[INFO] [spawn_drone-5]: process started with pid [3412777]
[INFO] [static_transform_publisher-6]: process started with pid [3412779]
[INFO] [joy_node-7]: process started with pid [3412781]
[INFO] [teleop_joystick-8]: process started with pid [3412783]
[INFO] [apriltag_detector_node-9]: process started with pid [3412785]
[INFO] [apriltag_state_bridge-10]: process started with pid [3412787]
[static_transform_publisher-6] [WARN] [1773165619.989272438] []: Old-style arguments are deprecated; see --help for new-style arguments
[static_transform_publisher-6] [INFO] [1773165619.996202489] [static_transform_publisher_YM3bTy5bhyjc979I]: Spinning until stopped - publishing transform
[static_transform_publisher-6] translation: ('0.000000', '0.000000', '0.000000')
[static_transform_publisher-6] rotation: ('0.000000', '0.000000', '0.000000', '1.000000')
[static_transform_publisher-6] from 'world' to '/drone/odom'
[rviz2-1] 
[rviz2-1] (rviz2:3412769): dbind-WARNING **: 03:00:20.021: Couldn't connect to accessibility bus: Failed to connect to socket /root/.cache/at-spi/bus_0: 허가 거부
[robot_state_publisher-3] [INFO] [1773165620.022465016] [drone.robot_state_publisher]: got segment base_footprint
[robot_state_publisher-3] [INFO] [1773165620.022550658] [drone.robot_state_publisher]: got segment base_link
[robot_state_publisher-3] [INFO] [1773165620.022563566] [drone.robot_state_publisher]: got segment bottom_cam_link
[robot_state_publisher-3] [INFO] [1773165620.022572044] [drone.robot_state_publisher]: got segment front_cam_link
[robot_state_publisher-3] [INFO] [1773165620.022579754] [drone.robot_state_publisher]: got segment sonar_link
[apriltag_detector_node-9] [INFO] [1773165620.025360115] [apriltag_detector_node]: tag detector type: umich
[teleop_joystick-8] Traceback (most recent call last):
[teleop_joystick-8]   File "/home/j/INCSL/IICC26_ws/install/sjtu_drone_control/lib/sjtu_drone_control/teleop_joystick", line 33, in <module>
[teleop_joystick-8]     sys.exit(load_entry_point('sjtu_drone_control==0.0.0', 'console_scripts', 'teleop_joystick')())
[teleop_joystick-8]   File "/home/j/INCSL/IICC26_ws/install/sjtu_drone_control/lib/sjtu_drone_control/teleop_joystick", line 22, in importlib_load_entry_point
[teleop_joystick-8]     for entry_point in distribution(dist_name).entry_points
[teleop_joystick-8]   File "/usr/lib/python3.10/importlib/metadata/__init__.py", line 969, in distribution
[teleop_joystick-8]     return Distribution.from_name(distribution_name)
[teleop_joystick-8]   File "/usr/lib/python3.10/importlib/metadata/__init__.py", line 548, in from_name
[teleop_joystick-8]     raise PackageNotFoundError(name)
[teleop_joystick-8] importlib.metadata.PackageNotFoundError: No package metadata was found for sjtu_drone_control
[ERROR] [teleop_joystick-8]: process has died [pid 3412783, exit code 1, cmd '/home/j/INCSL/IICC26_ws/install/sjtu_drone_control/lib/sjtu_drone_control/teleop_joystick --ros-args -r __ns:=/drone'].
[gzserver-2] Gazebo multi-robot simulator, version 11.10.2
[gzserver-2] Copyright (C) 2012 Open Source Robotics Foundation.
[gzserver-2] Released under the Apache 2 License.
[gzserver-2] http://gazebosim.org
[gzserver-2] 
[apriltag_state_bridge-10] [INFO] [1773165620.182829879] [apriltag_state_bridge]: AprilTag bridge started: /drone/bottom/tags -> /landing_tag_state, use_target_id=True, target_id=0
[joint_state_publisher-4] [INFO] [1773165620.267691391] [drone.joint_state_publisher]: Waiting for robot_description to be published on the robot_description topic...
[gzserver-2] [1;33m[Wrn] [gazebo_ros_init.cpp:178] [0m[1;33m
[gzserver-2] #     # ####### ####### ###  #####  #######
[gzserver-2] ##    # #     #    #     #  #     # #
[gzserver-2] # #   # #     #    #     #  #       #
[gzserver-2] #  #  # #     #    #     #  #       #####
[gzserver-2] #   # # #     #    #     #  #       #
[gzserver-2] #    ## #     #    #     #  #     # #
[gzserver-2] #     # #######    #    ###  #####  #######
[gzserver-2] 
[gzserver-2] This version of Gazebo, now called Gazebo classic, reaches end-of-life
[gzserver-2] in January 2025. Users are highly encouraged to migrate to the new Gazebo
[gzserver-2] using our migration guides (https://gazebosim.org/docs/latest/gazebo_classic_migration?utm_source=gazebo_ros_pkgs&utm_medium=cli)
[gzserver-2] 
[gzserver-2] [0m[1;33m
[rviz2-1] [INFO] [1773165620.671047907] [rviz2]: Stereo is NOT SUPPORTED
[rviz2-1] [INFO] [1773165620.671136246] [rviz2]: OpenGl version: 4.6 (GLSL 4.6)
[rviz2-1] [INFO] [1773165620.847245618] [rviz2]: Stereo is NOT SUPPORTED
[rviz2-1] [INFO] [1773165620.922157353] [rviz2]: Stereo is NOT SUPPORTED
[gzserver-2] [1;32m[Msg] [0m[1;32mWaiting for master.[0m[1;32m
[gzserver-2] [0m[1;32m[0m[1;32m[0m[1;32m[Msg] [0m[1;32mConnected to gazebo master @ [0m[1;32mhttp://127.0.0.1:11345[0m[1;32m
[gzserver-2] [0m[1;32m[0m[1;32m[0m[1;32m[Msg] [0m[1;32mPublicized address: [0m[1;32m192.168.0.11[0m[1;32m
[gzserver-2] [0m[1;32m[0m[1;32m[0m[1;32m[Msg] [0m[1;32mLoading world file [[0m[1;32m/home/j/INCSL/IICC26_ws/install/sjtu_drone_description/share/sjtu_drone_description/worlds/landingPad.world[0m[1;32m][0m[1;32m
[gzserver-2] [0m[1;32m[0m[1;32m[0m[1;36m[Dbg] [wind_plugin.cpp:96] [0m[1;36mWindPlugin loaded: speed=[0m[1;36m0[0m[1;36m dir=[0m[1;36m0[0m[1;36m deg area=[0m[1;36m0.1[0m[1;36m coeff=[0m[1;36m1[0m[1;36m
[gzserver-2] [0m[1;33m[0m[1;33m[0m[1;31m[Err] [Sensor.cc:510] [0m[1;31mGet noise index not valid[0m[1;31m
[gzserver-2] [0m[1;31m[0m[1;31m[0m[1;31m[Err] [Sensor.cc:510] [0m[1;31mGet noise index not valid[0m[1;31m
[gzserver-2] [0m[1;31m[0m[1;31m[0m[1;31m[Err] [Sensor.cc:510] [0m[1;31mGet noise index not valid[0m[1;31m
[gzserver-2] [0m[1;31m[0m[1;31m[0m[1;31m[Err] [Sensor.cc:510] [0m[1;31mGet noise index not valid[0m[1;31m
[gzserver-2] [0m[1;31m[0m[1;31m[0m[1;31m[Err] [Sensor.cc:510] [0m[1;31mGet noise index not valid[0m[1;31m
[gzserver-2] [0m[1;31m[0m[1;31m[0m[1;31m[Err] [Sensor.cc:510] [0m[1;31mGet noise index not valid[0m[1;31m
[gzserver-2] [0m[1;31m[0m[1;31m[0mTopic [default//drone/base_footprint/down_camera/image] is not valid.
[gzserver-2] [INFO] [1773165621.475369954] [drone.collision_plugin]: Publishing contact states to [/drone/bumper_states]
[gzserver-2] Topic [default//drone/base_footprint/front_camera/image] is not valid.
[gzserver-2] [1;33m[Wrn] [Event.cc:61] [0m[1;33mWarning: Deleting a connection right after creation. [0m[1;33mMake sure to save the ConnectionPtr from a Connect call
[gzserver-2] [0m[INFO] [1773165622.034269779] [drone.camera_bottom]: Publishing camera info to [/drone/bottom/camera_info]
[gzserver-2] [INFO] [1773165622.037411657] [drone.camera_front]: Publishing camera info to [/drone/front/camera_info]
[spawn_drone-5] [INFO] [1773165622.046500654] [spawn_drone]: Result True SpawnEntity: Successfully spawned entity [/drone]
[gzserver-2] [INFO] [1773165622.159232439] [drone.simple_drone]: The drone plugin is loading!
[gzserver-2] [INFO] [1773165622.159429906] [drone.simple_drone]: pub_odom: 1
[gzserver-2] [INFO] [1773165622.159465742] [drone.simple_drone]: Using following parameters: 
[gzserver-2] 		link_name: base_footprint,
[gzserver-2] 		max_force: 30,
[gzserver-2] 		motion_small_noise: 0,
[gzserver-2] 		motion_drift_noise: 0,
[gzserver-2] 		motion_drift_noise_time: 50,
[gzserver-2] 		takeoff_hover_height: 2.05,
[gzserver-2] 		takeoff_vertical_speed: 0.2
[gzserver-2] [INFO] [1773165622.171001901] [drone.simple_drone]: Using the PID parameters: 
[gzserver-2] 	Roll Pitch:
[gzserver-2] 		kP: 10, kI: 0,kD: 5, Limit: 0.5, Time Constant: 0
[gzserver-2] 	Yaw:
[gzserver-2] 		kP: 2, kI: 0,kD: 1, Limit: 1.5, Time Constant: 0
[gzserver-2] 	Velocity X:
[gzserver-2] 		kP: 5, kI: 0,kD: 2.3, Limit: 2, Time Constant: 0
[gzserver-2] 	Velocity Y:
[gzserver-2] 		kP: 5, kI: 0,kD: 2.3, Limit: 2, Time Constant: 0
[gzserver-2] 	Velocity Z:
[gzserver-2] 		kP: 5, kI: 0,kD: 1, Limit: -1, Time Constant: 0
[gzserver-2] 	Position XY:
[gzserver-2] 		kP: 1.1, kI: 0,kD: 0, Limit: 5, Time Constant: 0
[gzserver-2] 	Position Z:
[gzserver-2] 		kP: 1, kI: 0,kD: 0.2, Limit: -1, Time Constant: 0
[gzserver-2] [INFO] [1773165622.171130020] [drone.simple_drone]: The drone plugin finished loading!
[INFO] [spawn_drone-5]: process has finished cleanly [pid 3412777]
[gzserver-2] [INFO] [1773165629.351236785] [gazebo_wind_plugin_node]: WindPlugin: set wind_speed=0.00 wind_direction=0.0
[gzserver-2] [INFO] [1773165629.620864572] [gazebo_wind_plugin_node]: WindPlugin: set wind_speed=0.00 wind_direction=0.0
[gzserver-2] [INFO] [1773165629.659964680] [drone.simple_drone]: Quadrotor takes off!!
[gzserver-2] [INFO] [1773165629.861061076] [gazebo_wind_plugin_node]: WindPlugin: set wind_speed=0.00 wind_direction=0.0
[gzserver-2] [INFO] [1773165630.095992931] [gazebo_wind_plugin_node]: WindPlugin: set wind_speed=0.00 wind_direction=0.0
[gzserver-2] [INFO] [1773165630.335329446] [gazebo_wind_plugin_node]: WindPlugin: set wind_speed=0.00 wind_direction=0.0
[gzserver-2] [INFO] [1773165630.574955496] [gazebo_wind_plugin_node]: WindPlugin: set wind_speed=0.00 wind_direction=0.0
[gzserver-2] [INFO] [1773165630.809094602] [gazebo_wind_plugin_node]: WindPlugin: set wind_speed=0.00 wind_direction=0.0
[gzserver-2] [INFO] [1773165631.043468968] [gazebo_wind_plugin_node]: WindPlugin: set wind_speed=0.00 wind_direction=0.0
[gzserver-2] [INFO] [1773165631.278358999] [gazebo_wind_plugin_node]: WindPlugin: set wind_speed=0.00 wind_direction=0.0
[gzserver-2] [0m[1;36m[Dbg] [wind_plugin.cpp:110] [0m[1;36mWindPlugin: received command -> speed=[0m[1;36m0[0m[1;36m dir=[0m[1;36m0[0m[1;36m
[gzserver-2] [0m[1;36m[Dbg] [wind_plugin.cpp:110] [0m[1;36mWindPlugin: received command -> speed=[0m[1;36m0[0m[1;36m dir=[0m[1;36m0[0m[1;36m
[gzserver-2] [0m[1;36m[Dbg] [wind_plugin.cpp:110] [0m[1;36mWindPlugin: received command -> speed=[0m[1;36m0[0m[1;36m dir=[0m[1;36m0[0m[1;36m
[gzserver-2] [0m[1;36m[Dbg] [wind_plugin.cpp:110] [0m[1;36mWindPlugin: received command -> speed=[0m[1;36m0[0m[1;36m dir=[0m[1;36m0[0m[1;36m
[gzserver-2] [0m[1;36m[Dbg] [wind_plugin.cpp:110] [0m[1;36mWindPlugin: received command -> speed=[0m[1;36m0[0m[1;36m dir=[0m[1;36m0[0m[1;36m
[gzserver-2] [0m[1;36m[Dbg] [wind_plugin.cpp:110] [0m[1;36mWindPlugin: received command -> speed=[0m[1;36m0[0m[1;36m dir=[0m[1;36m0[0m[1;36m
[gzserver-2] [0m[1;36m[Dbg] [wind_plugin.cpp:110] [0m[1;36mWindPlugin: received command -> speed=[0m[1;36m0[0m[1;36m dir=[0m[1;36m0[0m[1;36m
[gzserver-2] [0m[1;36m[Dbg] [wind_plugin.cpp:110] [0m[1;36mWindPlugin: received command -> speed=[0m[1;36m0[0m[1;36m dir=[0m[1;36m0[0m[1;36m
[gzserver-2] [0m[1;36m[Dbg] [wind_plugin.cpp:110] [0m[1;36mWindPlugin: received command -> speed=[0m[1;36m0[0m[1;36m dir=[0m[1;36m0[0m[1;36m
[gzserver-2] [0mEntering flying model!
[gzserver-2] [INFO] [1773165631.518098631] [gazebo_wind_plugin_node]: WindPlugin: set wind_speed=1.75 wind_direction=-84.3
[gzserver-2] [INFO] [1773165631.742199677] [gazebo_wind_plugin_node]: WindPlugin: set wind_speed=1.75 wind_direction=-84.3
[gzserver-2] [INFO] [1773165631.981718780] [gazebo_wind_plugin_node]: WindPlugin: set wind_speed=1.83 wind_direction=-85.0
[gzserver-2] [INFO] [1773165632.215710952] [gazebo_wind_plugin_node]: WindPlugin: set wind_speed=1.83 wind_direction=-85.0
[gzserver-2] [INFO] [1773165632.455453508] [gazebo_wind_plugin_node]: WindPlugin: set wind_speed=1.83 wind_direction=-85.0
[gzserver-2] [INFO] [1773165632.694840902] [gazebo_wind_plugin_node]: WindPlugin: set wind_speed=1.83 wind_direction=-85.0
[gzserver-2] [INFO] [1773165632.930957463] [gazebo_wind_plugin_node]: WindPlugin: set wind_speed=1.91 wind_direction=-88.7
[gzserver-2] [INFO] [1773165633.172790755] [gazebo_wind_plugin_node]: WindPlugin: set wind_speed=1.91 wind_direction=-88.7
[gzserver-2] [INFO] [1773165633.407203405] [gazebo_wind_plugin_node]: WindPlugin: set wind_speed=1.91 wind_direction=-88.7
[gzserver-2] [INFO] [1773165633.646552084] [gazebo_wind_plugin_node]: WindPlugin: set wind_speed=1.91 wind_direction=-88.7
[gzserver-2] [INFO] [1773165633.880927788] [gazebo_wind_plugin_node]: WindPlugin: set wind_speed=1.33 wind_direction=-91.8
[gzserver-2] [INFO] [1773165634.114999670] [gazebo_wind_plugin_node]: WindPlugin: set wind_speed=1.33 wind_direction=-91.8
[gzserver-2] [INFO] [1773165634.349080952] [gazebo_wind_plugin_node]: WindPlugin: set wind_speed=1.33 wind_direction=-91.8
[gzserver-2] [INFO] [1773165634.387178625] [drone.simple_drone]: Quadrotor lands!!
[gzserver-2] [INFO] [1773165634.588300490] [gazebo_wind_plugin_node]: WindPlugin: set wind_speed=1.33 wind_direction=-91.8
[gzserver-2] [INFO] [1773165634.828065830] [gazebo_wind_plugin_node]: WindPlugin: set wind_speed=1.33 wind_direction=-91.8
[gzserver-2] [INFO] [1773165635.067756398] [gazebo_wind_plugin_node]: WindPlugin: set wind_speed=1.73 wind_direction=-99.8
[gzserver-2] [INFO] [1773165635.309212956] [gazebo_wind_plugin_node]: WindPlugin: set wind_speed=1.73 wind_direction=-99.8
[gzserver-2] [1;36m[Dbg] [wind_plugin.cpp:110] [0m[1;36mWindPlugin: received command -> speed=[0m[1;36m1.75327[0m[1;36m dir=[0m[1;36m-84.2888[0m[1;36m
[gzserver-2] [0m[1;36m[Dbg] [wind_plugin.cpp:110] [0m[1;36mWindPlugin: received command -> speed=[0m[1;36m1.75327[0m[1;36m dir=[0m[1;36m-84.2888[0m[1;36m
[gzserver-2] [0m[1;36m[Dbg] [wind_plugin.cpp:110] [0m[1;36mWindPlugin: received command -> speed=[0m[1;36m1.82751[0m[1;36m dir=[0m[1;36m-84.957[0m[1;36m
[gzserver-2] [0m[1;36m[Dbg] [wind_plugin.cpp:110] [0m[1;36mWindPlugin: received command -> speed=[0m[1;36m1.82751[0m[1;36m dir=[0m[1;36m-84.957[0m[1;36m
[gzserver-2] [0m[1;36m[Dbg] [wind_plugin.cpp:110] [0m[1;36mWindPlugin: received command -> speed=[0m[1;36m1.82751[0m[1;36m dir=[0m[1;36m-84.957[0m[1;36m
[gzserver-2] [0m[1;36m[Dbg] [wind_plugin.cpp:110] [0m[1;36mWindPlugin: received command -> speed=[0m[1;36m1.82751[0m[1;36m dir=[0m[1;36m-84.957[0m[1;36m
[gzserver-2] [0m[1;36m[Dbg] [wind_plugin.cpp:110] [0m[1;36mWindPlugin: received command -> speed=[0m[1;36m1.91086[0m[1;36m dir=[0m[1;36m-88.6629[0m[1;36m
[gzserver-2] [0m[1;36m[Dbg] [wind_plugin.cpp:110] [0m[1;36mWindPlugin: received command -> speed=[0m[1;36m1.91086[0m[1;36m dir=[0m[1;36m-88.6629[0m[1;36m
[gzserver-2] [0m[1;36m[Dbg] [wind_plugin.cpp:110] [0m[1;36mWindPlugin: received command -> speed=[0m[1;36m1.91086[0m[1;36m dir=[0m[1;36m-88.6629[0m[1;36m
[gzserver-2] [0m[1;36m[Dbg] [wind_plugin.cpp:110] [0m[1;36mWindPlugin: received command -> speed=[0m[1;36m1.91086[0m[1;36m dir=[0m[1;36m-88.6629[0m[1;36m
[gzserver-2] [0m[1;36m[Dbg] [wind_plugin.cpp:110] [0m[1;36mWindPlugin: received command -> speed=[0m[1;36m1.32599[0m[1;36m dir=[0m[1;36m-91.7739[0m[1;36m
[gzserver-2] [0m[1;36m[Dbg] [wind_plugin.cpp:110] [0m[1;36mWindPlugin: received command -> speed=[0m[1;36m1.32599[0m[1;36m dir=[0m[1;36m-91.7739[0m[1;36m
[gzserver-2] [0m[1;36m[Dbg] [wind_plugin.cpp:110] [0m[1;36mWindPlugin: received command -> speed=[0m[1;36m1.32599[0m[1;36m dir=[0m[1;36m-91.7739[0m[1;36m
[gzserver-2] [0m[1;36m[Dbg] [wind_plugin.cpp:110] [0m[1;36mWindPlugin: received command -> speed=[0m[1;36m1.32599[0m[1;36m dir=[0m[1;36m-91.7739[0m[1;36m
[gzserver-2] [0m[1;36m[Dbg] [wind_plugin.cpp:110] [0m[1;36mWindPlugin: received command -> speed=[0m[1;36m1.32599[0m[1;36m dir=[0m[1;36m-91.7739[0m[1;36m
[gzserver-2] [0m[1;36m[Dbg] [wind_plugin.cpp:110] [0m[1;36mWindPlugin: received command -> speed=[0m[1;36m1.72684[0m[1;36m dir=[0m[1;36m-99.777[0m[1;36m
[gzserver-2] [0m[1;36m[Dbg] [wind_plugin.cpp:110] [0m[1;36mWindPlugin: received command -> speed=[0m[1;36m1.72684[0m[1;36m dir=[0m[1;36m-99.777[0m[1;36m
[gzserver-2] [0mLanded!
[gzserver-2] [INFO] [1773165635.543094445] [gazebo_wind_plugin_node]: WindPlugin: set wind_speed=1.73 wind_direction=-99.8
[gzserver-2] [INFO] [1773165635.777885309] [gazebo_wind_plugin_node]: WindPlugin: set wind_speed=1.73 wind_direction=-99.8
[gzserver-2] [INFO] [1773165636.017407740] [gazebo_wind_plugin_node]: WindPlugin: set wind_speed=1.67 wind_direction=-101.5
[gzserver-2] [INFO] [1773165636.250219431] [gazebo_wind_plugin_node]: WindPlugin: set wind_speed=1.67 wind_direction=-101.5
[gzserver-2] [INFO] [1773165636.487837014] [gazebo_wind_plugin_node]: WindPlugin: set wind_speed=1.67 wind_direction=-101.5
[gzserver-2] [INFO] [1773165636.727136590] [gazebo_wind_plugin_node]: WindPlugin: set wind_speed=1.67 wind_direction=-101.5
[gzserver-2] [INFO] [1773165636.966728932] [gazebo_wind_plugin_node]: WindPlugin: set wind_speed=1.59 wind_direction=-110.6
[gzserver-2] [INFO] [1773165637.206464559] [gazebo_wind_plugin_node]: WindPlugin: set wind_speed=1.59 wind_direction=-110.6
