[INFO] [launch]: All log files can be found below /home/j/.ros/log/2026-03-11-01-15-38-838948-j-2718315
[INFO] [launch]: Default logging verbosity is set to INFO
[INFO] [launch.user]: [bringup] Apriltag config: camera=/drone/bottom, image=/drone/bottom/image_raw, tags=/drone/bottom/tags, bridge=/landing_tag_state, standalone=true, use_target_id=true, target_id=0
[INFO] [rviz2-1]: process started with pid [2718326]
[INFO] [gzserver-2]: process started with pid [2718328]
[INFO] [robot_state_publisher-3]: process started with pid [2718330]
[INFO] [joint_state_publisher-4]: process started with pid [2718332]
[INFO] [spawn_drone-5]: process started with pid [2718334]
[INFO] [static_transform_publisher-6]: process started with pid [2718336]
[INFO] [joy_node-7]: process started with pid [2718338]
[INFO] [teleop_joystick-8]: process started with pid [2718340]
[INFO] [apriltag_detector_node-9]: process started with pid [2718342]
[INFO] [apriltag_state_bridge-10]: process started with pid [2718345]
[static_transform_publisher-6] [WARN] [1773159339.314816494] []: Old-style arguments are deprecated; see --help for new-style arguments
[static_transform_publisher-6] [INFO] [1773159339.321619794] [static_transform_publisher_fJ2qTchy6fsXY1tL]: Spinning until stopped - publishing transform
[static_transform_publisher-6] translation: ('0.000000', '0.000000', '0.000000')
[static_transform_publisher-6] rotation: ('0.000000', '0.000000', '0.000000', '1.000000')
[static_transform_publisher-6] from 'world' to '/drone/odom'
[rviz2-1] 
[rviz2-1] (rviz2:2718326): dbind-WARNING **: 01:15:39.341: Couldn't connect to accessibility bus: Failed to connect to socket /root/.cache/at-spi/bus_0: 허가 거부
[robot_state_publisher-3] [INFO] [1773159339.347001942] [drone.robot_state_publisher]: got segment base_footprint
[robot_state_publisher-3] [INFO] [1773159339.347091384] [drone.robot_state_publisher]: got segment base_link
[robot_state_publisher-3] [INFO] [1773159339.347104014] [drone.robot_state_publisher]: got segment bottom_cam_link
[robot_state_publisher-3] [INFO] [1773159339.347112155] [drone.robot_state_publisher]: got segment front_cam_link
[robot_state_publisher-3] [INFO] [1773159339.347119205] [drone.robot_state_publisher]: got segment sonar_link
[apriltag_detector_node-9] [INFO] [1773159339.352983809] [apriltag_detector_node]: tag detector type: umich
[teleop_joystick-8] Traceback (most recent call last):
[teleop_joystick-8]   File "/home/j/INCSL/IICC26_ws/install/sjtu_drone_control/lib/sjtu_drone_control/teleop_joystick", line 33, in <module>
[teleop_joystick-8]     sys.exit(load_entry_point('sjtu_drone_control==0.0.0', 'console_scripts', 'teleop_joystick')())
[teleop_joystick-8]   File "/home/j/INCSL/IICC26_ws/install/sjtu_drone_control/lib/sjtu_drone_control/teleop_joystick", line 22, in importlib_load_entry_point
[teleop_joystick-8]     for entry_point in distribution(dist_name).entry_points
[teleop_joystick-8]   File "/usr/lib/python3.10/importlib/metadata/__init__.py", line 969, in distribution
[teleop_joystick-8]     return Distribution.from_name(distribution_name)
[teleop_joystick-8]   File "/usr/lib/python3.10/importlib/metadata/__init__.py", line 548, in from_name
[teleop_joystick-8]     raise PackageNotFoundError(name)
[teleop_joystick-8] importlib.metadata.PackageNotFoundError: No package metadata was found for sjtu_drone_control
[ERROR] [teleop_joystick-8]: process has died [pid 2718340, exit code 1, cmd '/home/j/INCSL/IICC26_ws/install/sjtu_drone_control/lib/sjtu_drone_control/teleop_joystick --ros-args -r __ns:=/drone'].
[gzserver-2] Gazebo multi-robot simulator, version 11.10.2
[gzserver-2] Copyright (C) 2012 Open Source Robotics Foundation.
[gzserver-2] Released under the Apache 2 License.
[gzserver-2] http://gazebosim.org
[gzserver-2] 
[apriltag_state_bridge-10] [INFO] [1773159339.603551540] [apriltag_state_bridge]: AprilTag bridge started: /drone/bottom/tags -> /landing_tag_state, use_target_id=True, target_id=0
[joint_state_publisher-4] [INFO] [1773159339.611536352] [drone.joint_state_publisher]: Waiting for robot_description to be published on the robot_description topic...
[gzserver-2] [1;33m[Wrn] [gazebo_ros_init.cpp:178] [0m[1;33m
[gzserver-2] #     # ####### ####### ###  #####  #######
[gzserver-2] ##    # #     #    #     #  #     # #
[gzserver-2] # #   # #     #    #     #  #       #
[gzserver-2] #  #  # #     #    #     #  #       #####
[gzserver-2] #   # # #     #    #     #  #       #
[gzserver-2] #    ## #     #    #     #  #     # #
[gzserver-2] #     # #######    #    ###  #####  #######
[gzserver-2] 
[gzserver-2] This version of Gazebo, now called Gazebo classic, reaches end-of-life
[gzserver-2] in January 2025. Users are highly encouraged to migrate to the new Gazebo
[gzserver-2] using our migration guides (https://gazebosim.org/docs/latest/gazebo_classic_migration?utm_source=gazebo_ros_pkgs&utm_medium=cli)
[gzserver-2] 
[gzserver-2] [0m[1;33m
[rviz2-1] [INFO] [1773159340.162588206] [rviz2]: Stereo is NOT SUPPORTED
[rviz2-1] [INFO] [1773159340.162683380] [rviz2]: OpenGl version: 4.6 (GLSL 4.6)
[rviz2-1] [INFO] [1773159340.260441422] [rviz2]: Stereo is NOT SUPPORTED
[rviz2-1] [INFO] [1773159340.340296171] [rviz2]: Stereo is NOT SUPPORTED
[spawn_drone-5] [INFO] [1773159340.747088362] [spawn_drone]: Result False Entity pushed to spawn queue, but spawn service timed outwaiting for entity to appear in simulation under the name [/drone]
[gzserver-2] [1;32m[Msg] [0m[1;32mWaiting for master.[0m[1;32m
[gzserver-2] [0m[1;32m[0m[1;32m[0m[1;32m[Msg] [0m[1;32mConnected to gazebo master @ [0m[1;32mhttp://127.0.0.1:11345[0m[1;32m
[gzserver-2] [0m[1;32m[0m[1;32m[0m[1;32m[Msg] [0m[1;32mPublicized address: [0m[1;32m192.168.0.11[0m[1;32m
[gzserver-2] [0m[1;32m[0m[1;32m[0m[1;32m[Msg] [0m[1;32mLoading world file [[0m[1;32m/home/j/INCSL/IICC26_ws/install/sjtu_drone_description/share/sjtu_drone_description/worlds/landingPad.world[0m[1;32m][0m[1;32m
[gzserver-2] [0m[1;32m[0m[1;32m[0m[1;36m[Dbg] [wind_plugin.cpp:96] [0m[1;36mWindPlugin loaded: speed=[0m[1;36m0[0m[1;36m dir=[0m[1;36m0[0m[1;36m deg area=[0m[1;36m0.1[0m[1;36m coeff=[0m[1;36m1[0m[1;36m
[gzserver-2] [0m[1;33m[0m[1;33m[0m[1;31m[Err] [Sensor.cc:510] [0m[1;31mGet noise index not valid[0m[1;31m
[gzserver-2] [0m[1;31m[0m[1;31m[0m[1;31m[Err] [Sensor.cc:510] [0m[1;31mGet noise index not valid[0m[1;31m
[gzserver-2] [0m[1;31m[0m[1;31m[0m[1;31m[Err] [Sensor.cc:510] [0m[1;31mGet noise index not valid[0m[1;31m
[gzserver-2] [0m[1;31m[0m[1;31m[0m[1;31m[Err] [Sensor.cc:510] [0m[1;31mGet noise index not valid[0m[1;31m
[gzserver-2] [0m[1;31m[0m[1;31m[0m[1;31m[Err] [Sensor.cc:510] [0m[1;31mGet noise index not valid[0m[1;31m
[gzserver-2] [0m[1;31m[0m[1;31m[0m[1;31m[Err] [Sensor.cc:510] [0m[1;31mGet noise index not valid[0m[1;31m
[gzserver-2] [0m[1;31m[0m[1;31m[0mTopic [default//drone/base_footprint/down_camera/image] is not valid.
[gzserver-2] Topic [default//drone/base_footprint/front_camera/image] is not valid.
[gzserver-2] [INFO] [1773159340.778842167] [drone.collision_plugin]: Publishing contact states to [/drone/bumper_states]
[gzserver-2] [1;33m[Wrn] [Event.cc:61] [0m[1;33mWarning: Deleting a connection right after creation. [0m[1;33mMake sure to save the ConnectionPtr from a Connect call
[INFO] [spawn_drone-5]: process has finished cleanly [pid 2718334]
[gzserver-2] [0m[INFO] [1773159341.346287511] [drone.camera_bottom]: Publishing camera info to [/drone/bottom/camera_info]
[gzserver-2] [INFO] [1773159341.350545959] [drone.camera_front]: Publishing camera info to [/drone/front/camera_info]
[gzserver-2] [INFO] [1773159341.472357526] [drone.simple_drone]: The drone plugin is loading!
[gzserver-2] [INFO] [1773159341.472556640] [drone.simple_drone]: pub_odom: 1
[gzserver-2] [INFO] [1773159341.472594726] [drone.simple_drone]: Using following parameters: 
[gzserver-2] 		link_name: base_footprint,
[gzserver-2] 		max_force: 30,
[gzserver-2] 		motion_small_noise: 0,
[gzserver-2] 		motion_drift_noise: 0,
[gzserver-2] 		motion_drift_noise_time: 50,
[gzserver-2] 		takeoff_hover_height: 2.35,
[gzserver-2] 		takeoff_vertical_speed: 0.2
[gzserver-2] [INFO] [1773159341.484295960] [drone.simple_drone]: Using the PID parameters: 
[gzserver-2] 	Roll Pitch:
[gzserver-2] 		kP: 10, kI: 0,kD: 5, Limit: 0.5, Time Constant: 0
[gzserver-2] 	Yaw:
[gzserver-2] 		kP: 2, kI: 0,kD: 1, Limit: 1.5, Time Constant: 0
[gzserver-2] 	Velocity X:
[gzserver-2] 		kP: 5, kI: 0,kD: 2.3, Limit: 2, Time Constant: 0
[gzserver-2] 	Velocity Y:
[gzserver-2] 		kP: 5, kI: 0,kD: 2.3, Limit: 2, Time Constant: 0
[gzserver-2] 	Velocity Z:
[gzserver-2] 		kP: 5, kI: 0,kD: 1, Limit: -1, Time Constant: 0
[gzserver-2] 	Position XY:
[gzserver-2] 		kP: 1.1, kI: 0,kD: 0, Limit: 5, Time Constant: 0
[gzserver-2] 	Position Z:
[gzserver-2] 		kP: 1, kI: 0,kD: 0.2, Limit: -1, Time Constant: 0
[gzserver-2] [INFO] [1773159341.484449937] [drone.simple_drone]: The drone plugin finished loading!
[gzserver-2] [INFO] [1773159348.656852046] [gazebo_wind_plugin_node]: WindPlugin: set wind_speed=0.00 wind_direction=0.0
[gzserver-2] [INFO] [1773159348.922135518] [gazebo_wind_plugin_node]: WindPlugin: set wind_speed=0.00 wind_direction=0.0
[gzserver-2] [INFO] [1773159348.961224567] [drone.simple_drone]: Quadrotor takes off!!
[gzserver-2] [INFO] [1773159349.162085658] [gazebo_wind_plugin_node]: WindPlugin: set wind_speed=0.00 wind_direction=0.0
[gzserver-2] [INFO] [1773159349.401713852] [gazebo_wind_plugin_node]: WindPlugin: set wind_speed=0.00 wind_direction=0.0
[gzserver-2] [INFO] [1773159349.640753089] [gazebo_wind_plugin_node]: WindPlugin: set wind_speed=0.00 wind_direction=0.0
[gzserver-2] [INFO] [1773159349.869392149] [gazebo_wind_plugin_node]: WindPlugin: set wind_speed=0.00 wind_direction=0.0
[gzserver-2] [INFO] [1773159350.108934032] [gazebo_wind_plugin_node]: WindPlugin: set wind_speed=0.00 wind_direction=0.0
[gzserver-2] [INFO] [1773159350.333771993] [gazebo_wind_plugin_node]: WindPlugin: set wind_speed=0.00 wind_direction=0.0
[gzserver-2] [INFO] [1773159350.573504010] [gazebo_wind_plugin_node]: WindPlugin: set wind_speed=0.00 wind_direction=0.0
[gzserver-2] [0m[1;36m[Dbg] [wind_plugin.cpp:110] [0m[1;36mWindPlugin: received command -> speed=[0m[1;36m0[0m[1;36m dir=[0m[1;36m0[0m[1;36m
[gzserver-2] [0m[1;36m[Dbg] [wind_plugin.cpp:110] [0m[1;36mWindPlugin: received command -> speed=[0m[1;36m0[0m[1;36m dir=[0m[1;36m0[0m[1;36m
[gzserver-2] [0m[1;36m[Dbg] [wind_plugin.cpp:110] [0m[1;36mWindPlugin: received command -> speed=[0m[1;36m0[0m[1;36m dir=[0m[1;36m0[0m[1;36m
[gzserver-2] [0m[1;36m[Dbg] [wind_plugin.cpp:110] [0m[1;36mWindPlugin: received command -> speed=[0m[1;36m0[0m[1;36m dir=[0m[1;36m0[0m[1;36m
[gzserver-2] [0m[1;36m[Dbg] [wind_plugin.cpp:110] [0m[1;36mWindPlugin: received command -> speed=[0m[1;36m0[0m[1;36m dir=[0m[1;36m0[0m[1;36m
[gzserver-2] [0m[1;36m[Dbg] [wind_plugin.cpp:110] [0m[1;36mWindPlugin: received command -> speed=[0m[1;36m0[0m[1;36m dir=[0m[1;36m0[0m[1;36m
[gzserver-2] [0m[1;36m[Dbg] [wind_plugin.cpp:110] [0m[1;36mWindPlugin: received command -> speed=[0m[1;36m0[0m[1;36m dir=[0m[1;36m0[0m[1;36m
[gzserver-2] [0m[1;36m[Dbg] [wind_plugin.cpp:110] [0m[1;36mWindPlugin: received command -> speed=[0m[1;36m0[0m[1;36m dir=[0m[1;36m0[0m[1;36m
[gzserver-2] [0m[1;36m[Dbg] [wind_plugin.cpp:110] [0m[1;36mWindPlugin: received command -> speed=[0m[1;36m0[0m[1;36m dir=[0m[1;36m0[0m[1;36m
[gzserver-2] [0mEntering flying model!
[gzserver-2] [INFO] [1773159350.808104587] [gazebo_wind_plugin_node]: WindPlugin: set wind_speed=0.00 wind_direction=0.0
[gzserver-2] [INFO] [1773159351.048066180] [gazebo_wind_plugin_node]: WindPlugin: set wind_speed=2.88 wind_direction=-120.4
[gzserver-2] [INFO] [1773159351.290488931] [gazebo_wind_plugin_node]: WindPlugin: set wind_speed=2.99 wind_direction=-120.1
[gzserver-2] [INFO] [1773159351.526157799] [gazebo_wind_plugin_node]: WindPlugin: set wind_speed=2.99 wind_direction=-120.1
[gzserver-2] [INFO] [1773159351.761764458] [gazebo_wind_plugin_node]: WindPlugin: set wind_speed=2.99 wind_direction=-120.1
[gzserver-2] [INFO] [1773159352.001557500] [gazebo_wind_plugin_node]: WindPlugin: set wind_speed=2.99 wind_direction=-120.1
[gzserver-2] [INFO] [1773159352.236173114] [gazebo_wind_plugin_node]: WindPlugin: set wind_speed=2.89 wind_direction=-118.7
[gzserver-2] [INFO] [1773159352.473403199] [gazebo_wind_plugin_node]: WindPlugin: set wind_speed=2.89 wind_direction=-118.7
[gzserver-2] [INFO] [1773159352.708507418] [gazebo_wind_plugin_node]: WindPlugin: set wind_speed=2.89 wind_direction=-118.7
[gzserver-2] [INFO] [1773159352.942180785] [gazebo_wind_plugin_node]: WindPlugin: set wind_speed=2.89 wind_direction=-118.7
[gzserver-2] [INFO] [1773159353.171660314] [gazebo_wind_plugin_node]: WindPlugin: set wind_speed=3.08 wind_direction=-121.4
[gzserver-2] [INFO] [1773159353.412605307] [gazebo_wind_plugin_node]: WindPlugin: set wind_speed=3.08 wind_direction=-121.4
[gzserver-2] [INFO] [1773159353.646959044] [gazebo_wind_plugin_node]: WindPlugin: set wind_speed=3.08 wind_direction=-121.4
[gzserver-2] [INFO] [1773159353.886823765] [gazebo_wind_plugin_node]: WindPlugin: set wind_speed=3.08 wind_direction=-121.4
[gzserver-2] [INFO] [1773159354.126326848] [gazebo_wind_plugin_node]: WindPlugin: set wind_speed=3.08 wind_direction=-121.4
[gzserver-2] [INFO] [1773159354.365797067] [gazebo_wind_plugin_node]: WindPlugin: set wind_speed=3.02 wind_direction=-119.6
[gzserver-2] [INFO] [1773159354.605645024] [gazebo_wind_plugin_node]: WindPlugin: set wind_speed=3.02 wind_direction=-119.6
[gzserver-2] [INFO] [1773159354.845068722] [gazebo_wind_plugin_node]: WindPlugin: set wind_speed=3.02 wind_direction=-119.6
[gzserver-2] [INFO] [1773159355.079079010] [gazebo_wind_plugin_node]: WindPlugin: set wind_speed=3.02 wind_direction=-119.6
[gzserver-2] [INFO] [1773159355.318618530] [gazebo_wind_plugin_node]: WindPlugin: set wind_speed=2.98 wind_direction=-121.2
[gzserver-2] [INFO] [1773159355.557756261] [gazebo_wind_plugin_node]: WindPlugin: set wind_speed=2.98 wind_direction=-121.2
[gzserver-2] [INFO] [1773159355.792515724] [gazebo_wind_plugin_node]: WindPlugin: set wind_speed=2.98 wind_direction=-121.2
[gzserver-2] [INFO] [1773159356.031809072] [gazebo_wind_plugin_node]: WindPlugin: set wind_speed=2.98 wind_direction=-121.2
[gzserver-2] [INFO] [1773159356.271202632] [gazebo_wind_plugin_node]: WindPlugin: set wind_speed=3.02 wind_direction=-120.4
[gzserver-2] [INFO] [1773159356.501485611] [gazebo_wind_plugin_node]: WindPlugin: set wind_speed=3.02 wind_direction=-120.4
[gzserver-2] [INFO] [1773159356.743612499] [gazebo_wind_plugin_node]: WindPlugin: set wind_speed=3.02 wind_direction=-120.4
[gzserver-2] [INFO] [1773159356.979981131] [gazebo_wind_plugin_node]: WindPlugin: set wind_speed=3.02 wind_direction=-120.4
[gzserver-2] [1;36m[Dbg] [wind_plugin.cpp:110] [0m[1;36mWindPlugin: received command -> speed=[0m[1;36m0[0m[1;36m dir=[0m[1;36m0[0m[1;36m
[gzserver-2] [0m[1;36m[Dbg] [wind_plugin.cpp:110] [0m[1;36mWindPlugin: received command -> speed=[0m[1;36m2.87635[0m[1;36m dir=[0m[1;36m-120.432[0m[1;36m
[gzserver-2] [0m[1;36m[Dbg] [wind_plugin.cpp:110] [0m[1;36mWindPlugin: received command -> speed=[0m[1;36m2.98912[0m[1;36m dir=[0m[1;36m-120.093[0m[1;36m
[gzserver-2] [0m[1;36m[Dbg] [wind_plugin.cpp:110] [0m[1;36mWindPlugin: received command -> speed=[0m[1;36m2.98912[0m[1;36m dir=[0m[1;36m-120.093[0m[1;36m
[gzserver-2] [0m[1;36m[Dbg] [wind_plugin.cpp:110] [0m[1;36mWindPlugin: received command -> speed=[0m[1;36m2.98912[0m[1;36m dir=[0m[1;36m-120.093[0m[1;36m
[gzserver-2] [0m[1;36m[Dbg] [wind_plugin.cpp:110] [0m[1;36mWindPlugin: received command -> speed=[0m[1;36m2.98912[0m[1;36m dir=[0m[1;36m-120.093[0m[1;36m
[gzserver-2] [0m[1;36m[Dbg] [wind_plugin.cpp:110] [0m[1;36mWindPlugin: received command -> speed=[0m[1;36m2.89102[0m[1;36m dir=[0m[1;36m-118.733[0m[1;36m
[gzserver-2] [0m[1;36m[Dbg] [wind_plugin.cpp:110] [0m[1;36mWindPlugin: received command -> speed=[0m[1;36m2.89102[0m[1;36m dir=[0m[1;36m-118.733[0m[1;36m
[gzserver-2] [0m[1;36m[Dbg] [wind_plugin.cpp:110] [0m[1;36mWindPlugin: received command -> speed=[0m[1;36m2.89102[0m[1;36m dir=[0m[1;36m-118.733[0m[1;36m
[gzserver-2] [0m[1;36m[Dbg] [wind_plugin.cpp:110] [0m[1;36mWindPlugin: received command -> speed=[0m[1;36m2.89102[0m[1;36m dir=[0m[1;36m-118.733[0m[1;36m
[gzserver-2] [0m[1;36m[Dbg] [wind_plugin.cpp:110] [0m[1;36mWindPlugin: received command -> speed=[0m[1;36m3.07835[0m[1;36m dir=[0m[1;36m-121.437[0m[1;36m
[gzserver-2] [0m[1;36m[Dbg] [wind_plugin.cpp:110] [0m[1;36mWindPlugin: received command -> speed=[0m[1;36m3.07835[0m[1;36m dir=[0m[1;36m-121.437[0m[1;36m
[gzserver-2] [0m[1;36m[Dbg] [wind_plugin.cpp:110] [0m[1;36mWindPlugin: received command -> speed=[0m[1;36m3.07835[0m[1;36m dir=[0m[1;36m-121.437[0m[1;36m
[gzserver-2] [0m[1;36m[Dbg] [wind_plugin.cpp:110] [0m[1;36mWindPlugin: received command -> speed=[0m[1;36m3.07835[0m[1;36m dir=[0m[1;36m-121.437[0m[1;36m
[gzserver-2] [0m[1;36m[Dbg] [wind_plugin.cpp:110] [0m[1;36mWindPlugin: received command -> speed=[0m[1;36m3.07835[0m[1;36m dir=[0m[1;36m-121.437[0m[1;36m
[gzserver-2] [0m[1;36m[Dbg] [wind_plugin.cpp:110] [0m[1;36mWindPlugin: received command -> speed=[0m[1;36m3.01902[0m[1;36m dir=[0m[1;36m-119.576[0m[1;36m
[gzserver-2] [0m[1;36m[Dbg] [wind_plugin.cpp:110] [0m[1;36mWindPlugin: received command -> speed=[0m[1;36m3.01902[0m[1;36m dir=[0m[1;36m-119.576[0m[1;36m
[gzserver-2] [0m[1;36m[Dbg] [wind_plugin.cpp:110] [0m[1;36mWindPlugin: received command -> speed=[0m[1;36m3.01902[0m[1;36m dir=[0m[1;36m-119.576[0m[1;36m
[gzserver-2] [0m[1;36m[Dbg] [wind_plugin.cpp:110] [0m[1;36mWindPlugin: received command -> speed=[0m[1;36m3.01902[0m[1;36m dir=[0m[1;36m-119.576[0m[1;36m
[gzserver-2] [0m[1;36m[Dbg] [wind_plugin.cpp:110] [0m[1;36mWindPlugin: received command -> speed=[0m[1;36m2.98181[0m[1;36m dir=[0m[1;36m-121.21[0m[1;36m
[gzserver-2] [0m[1;36m[Dbg] [wind_plugin.cpp:110] [0m[1;36mWindPlugin: received command -> speed=[0m[1;36m2.98181[0m[1;36m dir=[0m[1;36m-121.21[0m[1;36m
[gzserver-2] [0m[1;36m[Dbg] [wind_plugin.cpp:110] [0m[1;36mWindPlugin: received command -> speed=[0m[1;36m2.98181[0m[1;36m dir=[0m[1;36m-121.21[0m[1;36m
[gzserver-2] [0m[1;36m[Dbg] [wind_plugin.cpp:110] [0m[1;36mWindPlugin: received command -> speed=[0m[1;36m2.98181[0m[1;36m dir=[0m[1;36m-121.21[0m[1;36m
[gzserver-2] [0m[1;36m[Dbg] [wind_plugin.cpp:110] [0m[1;36mWindPlugin: received command -> speed=[0m[1;36m3.01686[0m[1;36m dir=[0m[1;36m-120.437[0m[1;36m
[gzserver-2] [0m[1;36m[Dbg] [wind_plugin.cpp:110] [0m[1;36mWindPlugin: received command -> speed=[0m[1;36m3.01686[0m[1;36m dir=[0m[1;36m-120.437[0m[1;36m
[gzserver-2] [0m[1;36m[Dbg] [wind_plugin.cpp:110] [0m[1;36mWindPlugin: received command -> speed=[0m[1;36m3.01686[0m[1;36m dir=[0m[1;36m-120.437[0m[1;36m
[gzserver-2] [INFO] [1773159357.214484990] [gazebo_wind_plugin_node]: WindPlugin: set wind_speed=3.12 wind_direction=-122.1
[gzserver-2] [INFO] [1773159357.456539232] [gazebo_wind_plugin_node]: WindPlugin: set wind_speed=3.12 wind_direction=-122.1
[gzserver-2] [INFO] [1773159357.685467595] [gazebo_wind_plugin_node]: WindPlugin: set wind_speed=3.12 wind_direction=-122.1
[gzserver-2] [INFO] [1773159357.924542964] [gazebo_wind_plugin_node]: WindPlugin: set wind_speed=3.12 wind_direction=-122.1
[gzserver-2] [INFO] [1773159358.164338128] [gazebo_wind_plugin_node]: WindPlugin: set wind_speed=3.02 wind_direction=-123.9
[gzserver-2] [INFO] [1773159358.403574812] [gazebo_wind_plugin_node]: WindPlugin: set wind_speed=3.02 wind_direction=-123.9
[gzserver-2] [INFO] [1773159358.642939027] [gazebo_wind_plugin_node]: WindPlugin: set wind_speed=3.02 wind_direction=-123.9
[gzserver-2] [INFO] [1773159358.882433757] [gazebo_wind_plugin_node]: WindPlugin: set wind_speed=3.02 wind_direction=-123.9
[gzserver-2] [INFO] [1773159359.117534365] [gazebo_wind_plugin_node]: WindPlugin: set wind_speed=3.02 wind_direction=-123.9
[gzserver-2] [INFO] [1773159359.351285581] [gazebo_wind_plugin_node]: WindPlugin: set wind_speed=2.97 wind_direction=-126.4
[gzserver-2] [INFO] [1773159359.592520947] [gazebo_wind_plugin_node]: WindPlugin: set wind_speed=2.97 wind_direction=-126.4
[gzserver-2] [INFO] [1773159359.821521130] [gazebo_wind_plugin_node]: WindPlugin: set wind_speed=2.97 wind_direction=-126.4
[gzserver-2] [INFO] [1773159360.060906839] [gazebo_wind_plugin_node]: WindPlugin: set wind_speed=2.97 wind_direction=-126.4
[gzserver-2] [INFO] [1773159360.300192997] [gazebo_wind_plugin_node]: WindPlugin: set wind_speed=2.83 wind_direction=-123.9
[gzserver-2] [INFO] [1773159360.539936285] [gazebo_wind_plugin_node]: WindPlugin: set wind_speed=2.83 wind_direction=-123.9
[gzserver-2] [INFO] [1773159360.778830725] [gazebo_wind_plugin_node]: WindPlugin: set wind_speed=2.83 wind_direction=-123.9
[gzserver-2] [INFO] [1773159361.013741511] [gazebo_wind_plugin_node]: WindPlugin: set wind_speed=2.83 wind_direction=-123.9
[gzserver-2] [INFO] [1773159361.253689163] [gazebo_wind_plugin_node]: WindPlugin: set wind_speed=2.90 wind_direction=-125.5
[gzserver-2] [INFO] [1773159361.486905888] [gazebo_wind_plugin_node]: WindPlugin: set wind_speed=2.90 wind_direction=-125.5
[gzserver-2] [INFO] [1773159361.717107639] [gazebo_wind_plugin_node]: WindPlugin: set wind_speed=2.90 wind_direction=-125.5
[gzserver-2] [INFO] [1773159361.956265847] [gazebo_wind_plugin_node]: WindPlugin: set wind_speed=2.90 wind_direction=-125.5
[gzserver-2] [INFO] [1773159362.195850564] [gazebo_wind_plugin_node]: WindPlugin: set wind_speed=2.93 wind_direction=-125.6
[gzserver-2] [INFO] [1773159362.424595067] [gazebo_wind_plugin_node]: WindPlugin: set wind_speed=2.93 wind_direction=-125.6
[gzserver-2] [INFO] [1773159362.663925456] [gazebo_wind_plugin_node]: WindPlugin: set wind_speed=2.93 wind_direction=-125.6
[gzserver-2] [INFO] [1773159362.903468906] [gazebo_wind_plugin_node]: WindPlugin: set wind_speed=2.93 wind_direction=-125.6
[gzserver-2] [INFO] [1773159363.142919394] [gazebo_wind_plugin_node]: WindPlugin: set wind_speed=2.93 wind_direction=-125.6
[gzserver-2] [INFO] [1773159363.382485683] [gazebo_wind_plugin_node]: WindPlugin: set wind_speed=2.96 wind_direction=-124.8
[gzserver-2] [0m[1;36m[Dbg] [wind_plugin.cpp:110] [0m[1;36mWindPlugin: received command -> speed=[0m[1;36m3.01686[0m[1;36m dir=[0m[1;36m-120.437[0m[1;36m
[gzserver-2] [0m[1;36m[Dbg] [wind_plugin.cpp:110] [0m[1;36mWindPlugin: received command -> speed=[0m[1;36m3.11635[0m[1;36m dir=[0m[1;36m-122.093[0m[1;36m
[gzserver-2] [0m[1;36m[Dbg] [wind_plugin.cpp:110] [0m[1;36mWindPlugin: received command -> speed=[0m[1;36m3.11635[0m[1;36m dir=[0m[1;36m-122.093[0m[1;36m
[gzserver-2] [0m[1;36m[Dbg] [wind_plugin.cpp:110] [0m[1;36mWindPlugin: received command -> speed=[0m[1;36m3.11635[0m[1;36m dir=[0m[1;36m-122.093[0m[1;36m
[gzserver-2] [0m[1;36m[Dbg] [wind_plugin.cpp:110] [0m[1;36mWindPlugin: received command -> speed=[0m[1;36m3.11635[0m[1;36m dir=[0m[1;36m-122.093[0m[1;36m
[gzserver-2] [0m[1;36m[Dbg] [wind_plugin.cpp:110] [0m[1;36mWindPlugin: received command -> speed=[0m[1;36m3.01777[0m[1;36m dir=[0m[1;36m-123.931[0m[1;36m
[gzserver-2] [0m[1;36m[Dbg] [wind_plugin.cpp:110] [0m[1;36mWindPlugin: received command -> speed=[0m[1;36m3.01777[0m[1;36m dir=[0m[1;36m-123.931[0m[1;36m
[gzserver-2] [0m[1;36m[Dbg] [wind_plugin.cpp:110] [0m[1;36mWindPlugin: received command -> speed=[0m[1;36m3.01777[0m[1;36m dir=[0m[1;36m-123.931[0m[1;36m
[gzserver-2] [0m[1;36m[Dbg] [wind_plugin.cpp:110] [0m[1;36mWindPlugin: received command -> speed=[0m[1;36m3.01777[0m[1;36m dir=[0m[1;36m-123.931[0m[1;36m
[gzserver-2] [0m[1;36m[Dbg] [wind_plugin.cpp:110] [0m[1;36mWindPlugin: received command -> speed=[0m[1;36m3.01777[0m[1;36m dir=[0m[1;36m-123.931[0m[1;36m
[gzserver-2] [0m[1;36m[Dbg] [wind_plugin.cpp:110] [0m[1;36mWindPlugin: received command -> speed=[0m[1;36m2.97475[0m[1;36m dir=[0m[1;36m-126.367[0m[1;36m
[gzserver-2] [0m[1;36m[Dbg] [wind_plugin.cpp:110] [0m[1;36mWindPlugin: received command -> speed=[0m[1;36m2.97475[0m[1;36m dir=[0m[1;36m-126.367[0m[1;36m
[gzserver-2] [0m[1;36m[Dbg] [wind_plugin.cpp:110] [0m[1;36mWindPlugin: received command -> speed=[0m[1;36m2.97475[0m[1;36m dir=[0m[1;36m-126.367[0m[1;36m
[gzserver-2] [0m[1;36m[Dbg] [wind_plugin.cpp:110] [0m[1;36mWindPlugin: received command -> speed=[0m[1;36m2.97475[0m[1;36m dir=[0m[1;36m-126.367[0m[1;36m
[gzserver-2] [0m[1;36m[Dbg] [wind_plugin.cpp:110] [0m[1;36mWindPlugin: received command -> speed=[0m[1;36m2.82772[0m[1;36m dir=[0m[1;36m-123.86[0m[1;36m
[gzserver-2] [0m[1;36m[Dbg] [wind_plugin.cpp:110] [0m[1;36mWindPlugin: received command -> speed=[0m[1;36m2.82772[0m[1;36m dir=[0m[1;36m-123.86[0m[1;36m
[gzserver-2] [0m[1;36m[Dbg] [wind_plugin.cpp:110] [0m[1;36mWindPlugin: received command -> speed=[0m[1;36m2.82772[0m[1;36m dir=[0m[1;36m-123.86[0m[1;36m
[gzserver-2] [0m[1;36m[Dbg] [wind_plugin.cpp:110] [0m[1;36mWindPlugin: received command -> speed=[0m[1;36m2.82772[0m[1;36m dir=[0m[1;36m-123.86[0m[1;36m
[gzserver-2] [0m[1;36m[Dbg] [wind_plugin.cpp:110] [0m[1;36mWindPlugin: received command -> speed=[0m[1;36m2.89927[0m[1;36m dir=[0m[1;36m-125.485[0m[1;36m
[gzserver-2] [0m[1;36m[Dbg] [wind_plugin.cpp:110] [0m[1;36mWindPlugin: received command -> speed=[0m[1;36m2.89927[0m[1;36m dir=[0m[1;36m-125.485[0m[1;36m
[gzserver-2] [0m[1;36m[Dbg] [wind_plugin.cpp:110] [0m[1;36mWindPlugin: received command -> speed=[0m[1;36m2.89927[0m[1;36m dir=[0m[1;36m-125.485[0m[1;36m
[gzserver-2] [0m[1;36m[Dbg] [wind_plugin.cpp:110] [0m[1;36mWindPlugin: received command -> speed=[0m[1;36m2.89927[0m[1;36m dir=[0m[1;36m-125.485[0m[1;36m
[gzserver-2] [0m[1;36m[Dbg] [wind_plugin.cpp:110] [0m[1;36mWindPlugin: received command -> speed=[0m[1;36m2.93237[0m[1;36m dir=[0m[1;36m-125.615[0m[1;36m
[gzserver-2] [0m[1;36m[Dbg] [wind_plugin.cpp:110] [0m[1;36mWindPlugin: received command -> speed=[0m[1;36m2.93237[0m[1;36m dir=[0m[1;36m-125.615[0m[1;36m
[gzserver-2] [0m[1;36m[Dbg] [wind_plugin.cpp:110] [0m[1;36mWindPlugin: received command -> speed=[0m[1;36m2.93237[0m[1;36m dir=[0m[1;36m-125.615[0m[1;36m
[gzserver-2] [0m[1;36m[Dbg] [wind_plugin.cpp:110] [0m[1;36mWindPlugin: received command -> speed=[0m[1;36m2.93237[0m[1;36m dir=[0m[1;36m-125.615[0m[1;36m
[gzserver-2] [0m[1;36m[Dbg] [wind_plugin.cpp:110] [0m[1;36mWindPlugin: received command -> speed=[0m[1;36m2.93237[0m[1;36m dir=[0m[1;36m-125.615[0m[1;36m
[gzserver-2] [INFO] [1773159363.621838977] [gazebo_wind_plugin_node]: WindPlugin: set wind_speed=2.96 wind_direction=-124.8
[gzserver-2] [INFO] [1773159363.861438600] [gazebo_wind_plugin_node]: WindPlugin: set wind_speed=2.96 wind_direction=-124.8
[gzserver-2] [INFO] [1773159364.094580053] [gazebo_wind_plugin_node]: WindPlugin: set wind_speed=2.96 wind_direction=-124.8
[gzserver-2] [INFO] [1773159364.333844074] [gazebo_wind_plugin_node]: WindPlugin: set wind_speed=3.13 wind_direction=-127.2
[gzserver-2] [INFO] [1773159364.573572627] [gazebo_wind_plugin_node]: WindPlugin: set wind_speed=3.13 wind_direction=-127.2
[gzserver-2] [INFO] [1773159364.813061257] [gazebo_wind_plugin_node]: WindPlugin: set wind_speed=3.13 wind_direction=-127.2
[gzserver-2] [INFO] [1773159365.052942698] [gazebo_wind_plugin_node]: WindPlugin: set wind_speed=3.13 wind_direction=-127.2
[gzserver-2] [INFO] [1773159365.289113485] [gazebo_wind_plugin_node]: WindPlugin: set wind_speed=2.97 wind_direction=-126.8
[gzserver-2] [INFO] [1773159365.528462064] [gazebo_wind_plugin_node]: WindPlugin: set wind_speed=2.97 wind_direction=-126.8
[gzserver-2] [INFO] [1773159365.764256525] [gazebo_wind_plugin_node]: WindPlugin: set wind_speed=2.97 wind_direction=-126.8
[gzserver-2] [INFO] [1773159366.003011959] [gazebo_wind_plugin_node]: WindPlugin: set wind_speed=2.97 wind_direction=-126.8
[gzserver-2] [INFO] [1773159366.238070890] [gazebo_wind_plugin_node]: WindPlugin: set wind_speed=2.82 wind_direction=-130.3
[gzserver-2] [INFO] [1773159366.474866111] [gazebo_wind_plugin_node]: WindPlugin: set wind_speed=2.82 wind_direction=-130.3
[gzserver-2] [INFO] [1773159366.704004538] [gazebo_wind_plugin_node]: WindPlugin: set wind_speed=2.82 wind_direction=-130.3
[gzserver-2] [INFO] [1773159366.943606474] [gazebo_wind_plugin_node]: WindPlugin: set wind_speed=2.82 wind_direction=-130.3
[gzserver-2] [INFO] [1773159367.185242713] [gazebo_wind_plugin_node]: WindPlugin: set wind_speed=3.00 wind_direction=-130.1
[gzserver-2] [INFO] [1773159367.419599782] [gazebo_wind_plugin_node]: WindPlugin: set wind_speed=3.00 wind_direction=-130.1
[gzserver-2] [INFO] [1773159367.653859165] [gazebo_wind_plugin_node]: WindPlugin: set wind_speed=3.00 wind_direction=-130.1
[gzserver-2] [INFO] [1773159367.893557132] [gazebo_wind_plugin_node]: WindPlugin: set wind_speed=3.00 wind_direction=-130.1
[gzserver-2] [INFO] [1773159368.128309019] [gazebo_wind_plugin_node]: WindPlugin: set wind_speed=3.00 wind_direction=-130.1
[gzserver-2] [INFO] [1773159368.367329072] [gazebo_wind_plugin_node]: WindPlugin: set wind_speed=2.93 wind_direction=-133.2
[gzserver-2] [INFO] [1773159368.602115459] [gazebo_wind_plugin_node]: WindPlugin: set wind_speed=2.93 wind_direction=-133.2
[gzserver-2] [INFO] [1773159368.841165823] [gazebo_wind_plugin_node]: WindPlugin: set wind_speed=2.93 wind_direction=-133.2
[gzserver-2] [INFO] [1773159369.080673244] [gazebo_wind_plugin_node]: WindPlugin: set wind_speed=2.93 wind_direction=-133.2
[gzserver-2] [INFO] [1773159369.315165291] [gazebo_wind_plugin_node]: WindPlugin: set wind_speed=2.82 wind_direction=-133.4
[gzserver-2] [INFO] [1773159369.550052333] [gazebo_wind_plugin_node]: WindPlugin: set wind_speed=2.82 wind_direction=-133.4
[gzserver-2] [INFO] [1773159369.789728337] [gazebo_wind_plugin_node]: WindPlugin: set wind_speed=2.82 wind_direction=-133.4
[gzserver-2] [0m[1;36m[Dbg] [wind_plugin.cpp:110] [0m[1;36mWindPlugin: received command -> speed=[0m[1;36m2.95817[0m[1;36m dir=[0m[1;36m-124.795[0m[1;36m
[gzserver-2] [0m[1;36m[Dbg] [wind_plugin.cpp:110] [0m[1;36mWindPlugin: received command -> speed=[0m[1;36m2.95817[0m[1;36m dir=[0m[1;36m-124.795[0m[1;36m
[gzserver-2] [0m[1;36m[Dbg] [wind_plugin.cpp:110] [0m[1;36mWindPlugin: received command -> speed=[0m[1;36m2.95817[0m[1;36m dir=[0m[1;36m-124.795[0m[1;36m
[gzserver-2] [0m[1;36m[Dbg] [wind_plugin.cpp:110] [0m[1;36mWindPlugin: received command -> speed=[0m[1;36m2.95817[0m[1;36m dir=[0m[1;36m-124.795[0m[1;36m
[gzserver-2] [0m[1;36m[Dbg] [wind_plugin.cpp:110] [0m[1;36mWindPlugin: received command -> speed=[0m[1;36m3.12632[0m[1;36m dir=[0m[1;36m-127.208[0m[1;36m
[gzserver-2] [0m[1;36m[Dbg] [wind_plugin.cpp:110] [0m[1;36mWindPlugin: received command -> speed=[0m[1;36m3.12632[0m[1;36m dir=[0m[1;36m-127.208[0m[1;36m
[gzserver-2] [0m[1;36m[Dbg] [wind_plugin.cpp:110] [0m[1;36mWindPlugin: received command -> speed=[0m[1;36m3.12632[0m[1;36m dir=[0m[1;36m-127.208[0m[1;36m
[gzserver-2] [0m[1;36m[Dbg] [wind_plugin.cpp:110] [0m[1;36mWindPlugin: received command -> speed=[0m[1;36m3.12632[0m[1;36m dir=[0m[1;36m-127.208[0m[1;36m
[gzserver-2] [0m[1;36m[Dbg] [wind_plugin.cpp:110] [0m[1;36mWindPlugin: received command -> speed=[0m[1;36m2.9746[0m[1;36m dir=[0m[1;36m-126.797[0m[1;36m
[gzserver-2] [0m[1;36m[Dbg] [wind_plugin.cpp:110] [0m[1;36mWindPlugin: received command -> speed=[0m[1;36m2.9746[0m[1;36m dir=[0m[1;36m-126.797[0m[1;36m
[gzserver-2] [0m[1;36m[Dbg] [wind_plugin.cpp:110] [0m[1;36mWindPlugin: received command -> speed=[0m[1;36m2.9746[0m[1;36m dir=[0m[1;36m-126.797[0m[1;36m
[gzserver-2] [0m[1;36m[Dbg] [wind_plugin.cpp:110] [0m[1;36mWindPlugin: received command -> speed=[0m[1;36m2.9746[0m[1;36m dir=[0m[1;36m-126.797[0m[1;36m
[gzserver-2] [0m[1;36m[Dbg] [wind_plugin.cpp:110] [0m[1;36mWindPlugin: received command -> speed=[0m[1;36m2.82036[0m[1;36m dir=[0m[1;36m-130.252[0m[1;36m
[gzserver-2] [0m[1;36m[Dbg] [wind_plugin.cpp:110] [0m[1;36mWindPlugin: received command -> speed=[0m[1;36m2.82036[0m[1;36m dir=[0m[1;36m-130.252[0m[1;36m
[gzserver-2] [0m[1;36m[Dbg] [wind_plugin.cpp:110] [0m[1;36mWindPlugin: received command -> speed=[0m[1;36m2.82036[0m[1;36m dir=[0m[1;36m-130.252[0m[1;36m
[gzserver-2] [0m[1;36m[Dbg] [wind_plugin.cpp:110] [0m[1;36mWindPlugin: received command -> speed=[0m[1;36m2.82036[0m[1;36m dir=[0m[1;36m-130.252[0m[1;36m
[gzserver-2] [0m[1;36m[Dbg] [wind_plugin.cpp:110] [0m[1;36mWindPlugin: received command -> speed=[0m[1;36m2.99975[0m[1;36m dir=[0m[1;36m-130.096[0m[1;36m
[gzserver-2] [0m[1;36m[Dbg] [wind_plugin.cpp:110] [0m[1;36mWindPlugin: received command -> speed=[0m[1;36m2.99975[0m[1;36m dir=[0m[1;36m-130.096[0m[1;36m
[gzserver-2] [0m[1;36m[Dbg] [wind_plugin.cpp:110] [0m[1;36mWindPlugin: received command -> speed=[0m[1;36m2.99975[0m[1;36m dir=[0m[1;36m-130.096[0m[1;36m
[gzserver-2] [0m[1;36m[Dbg] [wind_plugin.cpp:110] [0m[1;36mWindPlugin: received command -> speed=[0m[1;36m2.99975[0m[1;36m dir=[0m[1;36m-130.096[0m[1;36m
[gzserver-2] [0m[1;36m[Dbg] [wind_plugin.cpp:110] [0m[1;36mWindPlugin: received command -> speed=[0m[1;36m2.99975[0m[1;36m dir=[0m[1;36m-130.096[0m[1;36m
[gzserver-2] [0m[1;36m[Dbg] [wind_plugin.cpp:110] [0m[1;36mWindPlugin: received command -> speed=[0m[1;36m2.92515[0m[1;36m dir=[0m[1;36m-133.233[0m[1;36m
[gzserver-2] [0m[1;36m[Dbg] [wind_plugin.cpp:110] [0m[1;36mWindPlugin: received command -> speed=[0m[1;36m2.92515[0m[1;36m dir=[0m[1;36m-133.233[0m[1;36m
[gzserver-2] [0m[1;36m[Dbg] [wind_plugin.cpp:110] [0m[1;36mWindPlugin: received command -> speed=[0m[1;36m2.92515[0m[1;36m dir=[0m[1;36m-133.233[0m[1;36m
[gzserver-2] [0m[1;36m[Dbg] [wind_plugin.cpp:110] [0m[1;36mWindPlugin: received command -> speed=[0m[1;36m2.92515[0m[1;36m dir=[0m[1;36m-133.233[0m[1;36m
[gzserver-2] [0m[1;36m[Dbg] [wind_plugin.cpp:110] [0m[1;36mWindPlugin: received command -> speed=[0m[1;36m2.81894[0m[1;36m dir=[0m[1;36m-133.423[0m[1;36m
[gzserver-2] [0m[1;36m[Dbg] [wind_plugin.cpp:110] [0m[1;36mWindPlugin: received command -> speed=[0m[1;36m2.81894[0m[1;36m dir=[0m[1;36m-133.423[0m[1;36m
[gzserver-2] [INFO] [1773159370.029630506] [gazebo_wind_plugin_node]: WindPlugin: set wind_speed=2.82 wind_direction=-133.4
[gzserver-2] [INFO] [1773159370.270246565] [gazebo_wind_plugin_node]: WindPlugin: set wind_speed=2.86 wind_direction=-137.2
[gzserver-2] [INFO] [1773159370.499337845] [gazebo_wind_plugin_node]: WindPlugin: set wind_speed=2.86 wind_direction=-137.2
[gzserver-2] [INFO] [1773159370.739315151] [gazebo_wind_plugin_node]: WindPlugin: set wind_speed=2.86 wind_direction=-137.2
[gzserver-2] [INFO] [1773159370.975865965] [gazebo_wind_plugin_node]: WindPlugin: set wind_speed=2.86 wind_direction=-137.2
[gzserver-2] [INFO] [1773159371.210234175] [gazebo_wind_plugin_node]: WindPlugin: set wind_speed=2.69 wind_direction=-136.4
[gzserver-2] [INFO] [1773159371.450305674] [gazebo_wind_plugin_node]: WindPlugin: set wind_speed=2.69 wind_direction=-136.4
[gzserver-2] [INFO] [1773159371.684862153] [gazebo_wind_plugin_node]: WindPlugin: set wind_speed=2.69 wind_direction=-136.4
[gzserver-2] [INFO] [1773159371.921385902] [gazebo_wind_plugin_node]: WindPlugin: set wind_speed=2.69 wind_direction=-136.4
[gzserver-2] [INFO] [1773159372.160991845] [gazebo_wind_plugin_node]: WindPlugin: set wind_speed=2.69 wind_direction=-133.6
[gzserver-2] [INFO] [1773159372.400271169] [gazebo_wind_plugin_node]: WindPlugin: set wind_speed=2.69 wind_direction=-133.6
[gzserver-2] [INFO] [1773159372.629333407] [gazebo_wind_plugin_node]: WindPlugin: set wind_speed=2.69 wind_direction=-133.6
[gzserver-2] [INFO] [1773159372.863957290] [gazebo_wind_plugin_node]: WindPlugin: set wind_speed=2.69 wind_direction=-133.6
[gzserver-2] [INFO] [1773159373.098540267] [gazebo_wind_plugin_node]: WindPlugin: set wind_speed=2.69 wind_direction=-133.6
[gzserver-2] [INFO] [1773159373.332104420] [gazebo_wind_plugin_node]: WindPlugin: set wind_speed=2.63 wind_direction=-136.9
[gzserver-2] [INFO] [1773159373.566994779] [gazebo_wind_plugin_node]: WindPlugin: set wind_speed=2.63 wind_direction=-136.9
[gzserver-2] [INFO] [1773159373.806294171] [gazebo_wind_plugin_node]: WindPlugin: set wind_speed=2.63 wind_direction=-136.9
[gzserver-2] [INFO] [1773159374.034795401] [gazebo_wind_plugin_node]: WindPlugin: set wind_speed=2.63 wind_direction=-136.9
[gzserver-2] [INFO] [1773159374.274576928] [gazebo_wind_plugin_node]: WindPlugin: set wind_speed=2.80 wind_direction=-137.4
[gzserver-2] [INFO] [1773159374.508259545] [gazebo_wind_plugin_node]: WindPlugin: set wind_speed=2.80 wind_direction=-137.4
[gzserver-2] [INFO] [1773159374.742146191] [gazebo_wind_plugin_node]: WindPlugin: set wind_speed=2.80 wind_direction=-137.4
[gzserver-2] [INFO] [1773159374.976397132] [gazebo_wind_plugin_node]: WindPlugin: set wind_speed=2.80 wind_direction=-137.4
[gzserver-2] [INFO] [1773159375.215784566] [gazebo_wind_plugin_node]: WindPlugin: set wind_speed=2.73 wind_direction=-143.1
[gzserver-2] [INFO] [1773159375.455545284] [gazebo_wind_plugin_node]: WindPlugin: set wind_speed=2.73 wind_direction=-143.1
[gzserver-2] [INFO] [1773159375.695906063] [gazebo_wind_plugin_node]: WindPlugin: set wind_speed=2.73 wind_direction=-143.1
[gzserver-2] [INFO] [1773159375.935216564] [gazebo_wind_plugin_node]: WindPlugin: set wind_speed=2.73 wind_direction=-143.1
[gzserver-2] [INFO] [1773159376.174570190] [gazebo_wind_plugin_node]: WindPlugin: set wind_speed=2.61 wind_direction=-142.9
[gzserver-2] [0m[1;36m[Dbg] [wind_plugin.cpp:110] [0m[1;36mWindPlugin: received command -> speed=[0m[1;36m2.81894[0m[1;36m dir=[0m[1;36m-133.423[0m[1;36m
[gzserver-2] [0m[1;36m[Dbg] [wind_plugin.cpp:110] [0m[1;36mWindPlugin: received command -> speed=[0m[1;36m2.81894[0m[1;36m dir=[0m[1;36m-133.423[0m[1;36m
[gzserver-2] [0m[1;36m[Dbg] [wind_plugin.cpp:110] [0m[1;36mWindPlugin: received command -> speed=[0m[1;36m2.85852[0m[1;36m dir=[0m[1;36m-137.188[0m[1;36m
[gzserver-2] [0m[1;36m[Dbg] [wind_plugin.cpp:110] [0m[1;36mWindPlugin: received command -> speed=[0m[1;36m2.85852[0m[1;36m dir=[0m[1;36m-137.188[0m[1;36m
[gzserver-2] [0m[1;36m[Dbg] [wind_plugin.cpp:110] [0m[1;36mWindPlugin: received command -> speed=[0m[1;36m2.85852[0m[1;36m dir=[0m[1;36m-137.188[0m[1;36m
[gzserver-2] [0m[1;36m[Dbg] [wind_plugin.cpp:110] [0m[1;36mWindPlugin: received command -> speed=[0m[1;36m2.85852[0m[1;36m dir=[0m[1;36m-137.188[0m[1;36m
[gzserver-2] [0m[1;36m[Dbg] [wind_plugin.cpp:110] [0m[1;36mWindPlugin: received command -> speed=[0m[1;36m2.69474[0m[1;36m dir=[0m[1;36m-136.358[0m[1;36m
[gzserver-2] [0m[1;36m[Dbg] [wind_plugin.cpp:110] [0m[1;36mWindPlugin: received command -> speed=[0m[1;36m2.69474[0m[1;36m dir=[0m[1;36m-136.358[0m[1;36m
[gzserver-2] [0m[1;36m[Dbg] [wind_plugin.cpp:110] [0m[1;36mWindPlugin: received command -> speed=[0m[1;36m2.69474[0m[1;36m dir=[0m[1;36m-136.358[0m[1;36m
[gzserver-2] [0m[1;36m[Dbg] [wind_plugin.cpp:110] [0m[1;36mWindPlugin: received command -> speed=[0m[1;36m2.69474[0m[1;36m dir=[0m[1;36m-136.358[0m[1;36m
[gzserver-2] [0m[1;36m[Dbg] [wind_plugin.cpp:110] [0m[1;36mWindPlugin: received command -> speed=[0m[1;36m2.68622[0m[1;36m dir=[0m[1;36m-133.614[0m[1;36m
[gzserver-2] [0m[1;36m[Dbg] [wind_plugin.cpp:110] [0m[1;36mWindPlugin: received command -> speed=[0m[1;36m2.68622[0m[1;36m dir=[0m[1;36m-133.614[0m[1;36m
[gzserver-2] [0m[1;36m[Dbg] [wind_plugin.cpp:110] [0m[1;36mWindPlugin: received command -> speed=[0m[1;36m2.68622[0m[1;36m dir=[0m[1;36m-133.614[0m[1;36m
[gzserver-2] [0m[1;36m[Dbg] [wind_plugin.cpp:110] [0m[1;36mWindPlugin: received command -> speed=[0m[1;36m2.68622[0m[1;36m dir=[0m[1;36m-133.614[0m[1;36m
[gzserver-2] [0m[1;36m[Dbg] [wind_plugin.cpp:110] [0m[1;36mWindPlugin: received command -> speed=[0m[1;36m2.68622[0m[1;36m dir=[0m[1;36m-133.614[0m[1;36m
[gzserver-2] [0m[1;36m[Dbg] [wind_plugin.cpp:110] [0m[1;36mWindPlugin: received command -> speed=[0m[1;36m2.63239[0m[1;36m dir=[0m[1;36m-136.947[0m[1;36m
[gzserver-2] [0m[1;36m[Dbg] [wind_plugin.cpp:110] [0m[1;36mWindPlugin: received command -> speed=[0m[1;36m2.63239[0m[1;36m dir=[0m[1;36m-136.947[0m[1;36m
[gzserver-2] [0m[1;36m[Dbg] [wind_plugin.cpp:110] [0m[1;36mWindPlugin: received command -> speed=[0m[1;36m2.63239[0m[1;36m dir=[0m[1;36m-136.947[0m[1;36m
[gzserver-2] [0m[1;36m[Dbg] [wind_plugin.cpp:110] [0m[1;36mWindPlugin: received command -> speed=[0m[1;36m2.63239[0m[1;36m dir=[0m[1;36m-136.947[0m[1;36m
[gzserver-2] [0m[1;36m[Dbg] [wind_plugin.cpp:110] [0m[1;36mWindPlugin: received command -> speed=[0m[1;36m2.80004[0m[1;36m dir=[0m[1;36m-137.42[0m[1;36m
[gzserver-2] [0m[1;36m[Dbg] [wind_plugin.cpp:110] [0m[1;36mWindPlugin: received command -> speed=[0m[1;36m2.80004[0m[1;36m dir=[0m[1;36m-137.42[0m[1;36m
[gzserver-2] [0m[1;36m[Dbg] [wind_plugin.cpp:110] [0m[1;36mWindPlugin: received command -> speed=[0m[1;36m2.80004[0m[1;36m dir=[0m[1;36m-137.42[0m[1;36m
[gzserver-2] [0m[1;36m[Dbg] [wind_plugin.cpp:110] [0m[1;36mWindPlugin: received command -> speed=[0m[1;36m2.80004[0m[1;36m dir=[0m[1;36m-137.42[0m[1;36m
[gzserver-2] [0m[1;36m[Dbg] [wind_plugin.cpp:110] [0m[1;36mWindPlugin: received command -> speed=[0m[1;36m2.73389[0m[1;36m dir=[0m[1;36m-143.069[0m[1;36m
[gzserver-2] [0m[1;36m[Dbg] [wind_plugin.cpp:110] [0m[1;36mWindPlugin: received command -> speed=[0m[1;36m2.73389[0m[1;36m dir=[0m[1;36m-143.069[0m[1;36m
[gzserver-2] [0m[1;36m[Dbg] [wind_plugin.cpp:110] [0m[1;36mWindPlugin: received command -> speed=[0m[1;36m2.73389[0m[1;36m dir=[0m[1;36m-143.069[0m[1;36m
[gzserver-2] [0m[1;36m[Dbg] [wind_plugin.cpp:110] [0m[1;36mWindPlugin: received command -> speed=[0m[1;36m2.73389[0m[1;36m dir=[0m[1;36m-143.069[0m[1;36m
[gzserver-2] [INFO] [1773159376.414171131] [gazebo_wind_plugin_node]: WindPlugin: set wind_speed=2.61 wind_direction=-142.9
[gzserver-2] [INFO] [1773159376.648154989] [gazebo_wind_plugin_node]: WindPlugin: set wind_speed=2.61 wind_direction=-142.9
[gzserver-2] [INFO] [1773159376.883495657] [gazebo_wind_plugin_node]: WindPlugin: set wind_speed=2.61 wind_direction=-142.9
[gzserver-2] [INFO] [1773159377.122847342] [gazebo_wind_plugin_node]: WindPlugin: set wind_speed=2.61 wind_direction=-142.9
[gzserver-2] [INFO] [1773159377.351356133] [gazebo_wind_plugin_node]: WindPlugin: set wind_speed=2.59 wind_direction=-143.4
[gzserver-2] [INFO] [1773159377.591188609] [gazebo_wind_plugin_node]: WindPlugin: set wind_speed=2.59 wind_direction=-143.4
[gzserver-2] [INFO] [1773159377.830747656] [gazebo_wind_plugin_node]: WindPlugin: set wind_speed=2.59 wind_direction=-143.4
[gzserver-2] [INFO] [1773159378.070193627] [gazebo_wind_plugin_node]: WindPlugin: set wind_speed=2.59 wind_direction=-143.4
[gzserver-2] [INFO] [1773159378.311498074] [gazebo_wind_plugin_node]: WindPlugin: set wind_speed=2.47 wind_direction=-146.6
[gzserver-2] [INFO] [1773159378.541941234] [gazebo_wind_plugin_node]: WindPlugin: set wind_speed=2.47 wind_direction=-146.6
[gzserver-2] [INFO] [1773159378.780763436] [gazebo_wind_plugin_node]: WindPlugin: set wind_speed=2.47 wind_direction=-146.6
[gzserver-2] [INFO] [1773159379.020087953] [gazebo_wind_plugin_node]: WindPlugin: set wind_speed=2.47 wind_direction=-146.6
[gzserver-2] [INFO] [1773159379.248876109] [gazebo_wind_plugin_node]: WindPlugin: set wind_speed=2.62 wind_direction=-146.8
[gzserver-2] [INFO] [1773159379.483038672] [gazebo_wind_plugin_node]: WindPlugin: set wind_speed=2.62 wind_direction=-146.8
[gzserver-2] [INFO] [1773159379.717218332] [gazebo_wind_plugin_node]: WindPlugin: set wind_speed=2.62 wind_direction=-146.8
[gzserver-2] [INFO] [1773159379.956540049] [gazebo_wind_plugin_node]: WindPlugin: set wind_speed=2.62 wind_direction=-146.8
[gzserver-2] [INFO] [1773159380.196153262] [gazebo_wind_plugin_node]: WindPlugin: set wind_speed=2.60 wind_direction=-149.3
[gzserver-2] [INFO] [1773159380.435578824] [gazebo_wind_plugin_node]: WindPlugin: set wind_speed=2.60 wind_direction=-149.3
[gzserver-2] [INFO] [1773159380.669547935] [gazebo_wind_plugin_node]: WindPlugin: set wind_speed=2.60 wind_direction=-149.3
[gzserver-2] [INFO] [1773159380.909101116] [gazebo_wind_plugin_node]: WindPlugin: set wind_speed=2.60 wind_direction=-149.3
[gzserver-2] [INFO] [1773159380.947300894] [drone.simple_drone]: Quadrotor lands!!
[gzserver-2] [INFO] [1773159381.148877650] [gazebo_wind_plugin_node]: WindPlugin: set wind_speed=2.60 wind_direction=-149.3
[gzserver-2] [INFO] [1773159381.383386206] [gazebo_wind_plugin_node]: WindPlugin: set wind_speed=2.41 wind_direction=-153.1
[gzserver-2] [INFO] [1773159381.622824105] [gazebo_wind_plugin_node]: WindPlugin: set wind_speed=2.41 wind_direction=-153.1
[gzserver-2] [INFO] [1773159381.862623163] [gazebo_wind_plugin_node]: WindPlugin: set wind_speed=2.41 wind_direction=-153.1
[gzserver-2] [0m[1;36m[Dbg] [wind_plugin.cpp:110] [0m[1;36mWindPlugin: received command -> speed=[0m[1;36m2.61273[0m[1;36m dir=[0m[1;36m-142.854[0m[1;36m
[gzserver-2] [0m[1;36m[Dbg] [wind_plugin.cpp:110] [0m[1;36mWindPlugin: received command -> speed=[0m[1;36m2.61273[0m[1;36m dir=[0m[1;36m-142.854[0m[1;36m
[gzserver-2] [0m[1;36m[Dbg] [wind_plugin.cpp:110] [0m[1;36mWindPlugin: received command -> speed=[0m[1;36m2.61273[0m[1;36m dir=[0m[1;36m-142.854[0m[1;36m
[gzserver-2] [0m[1;36m[Dbg] [wind_plugin.cpp:110] [0m[1;36mWindPlugin: received command -> speed=[0m[1;36m2.61273[0m[1;36m dir=[0m[1;36m-142.854[0m[1;36m
[gzserver-2] [0m[1;36m[Dbg] [wind_plugin.cpp:110] [0m[1;36mWindPlugin: received command -> speed=[0m[1;36m2.61273[0m[1;36m dir=[0m[1;36m-142.854[0m[1;36m
[gzserver-2] [0m[1;36m[Dbg] [wind_plugin.cpp:110] [0m[1;36mWindPlugin: received command -> speed=[0m[1;36m2.58852[0m[1;36m dir=[0m[1;36m-143.446[0m[1;36m
[gzserver-2] [0m[1;36m[Dbg] [wind_plugin.cpp:110] [0m[1;36mWindPlugin: received command -> speed=[0m[1;36m2.58852[0m[1;36m dir=[0m[1;36m-143.446[0m[1;36m
[gzserver-2] [0m[1;36m[Dbg] [wind_plugin.cpp:110] [0m[1;36mWindPlugin: received command -> speed=[0m[1;36m2.58852[0m[1;36m dir=[0m[1;36m-143.446[0m[1;36m
[gzserver-2] [0m[1;36m[Dbg] [wind_plugin.cpp:110] [0m[1;36mWindPlugin: received command -> speed=[0m[1;36m2.58852[0m[1;36m dir=[0m[1;36m-143.446[0m[1;36m
[gzserver-2] [0m[1;36m[Dbg] [wind_plugin.cpp:110] [0m[1;36mWindPlugin: received command -> speed=[0m[1;36m2.46689[0m[1;36m dir=[0m[1;36m-146.585[0m[1;36m
[gzserver-2] [0m[1;36m[Dbg] [wind_plugin.cpp:110] [0m[1;36mWindPlugin: received command -> speed=[0m[1;36m2.46689[0m[1;36m dir=[0m[1;36m-146.585[0m[1;36m
[gzserver-2] [0m[1;36m[Dbg] [wind_plugin.cpp:110] [0m[1;36mWindPlugin: received command -> speed=[0m[1;36m2.46689[0m[1;36m dir=[0m[1;36m-146.585[0m[1;36m
[gzserver-2] [0m[1;36m[Dbg] [wind_plugin.cpp:110] [0m[1;36mWindPlugin: received command -> speed=[0m[1;36m2.46689[0m[1;36m dir=[0m[1;36m-146.585[0m[1;36m
[gzserver-2] [0m[1;36m[Dbg] [wind_plugin.cpp:110] [0m[1;36mWindPlugin: received command -> speed=[0m[1;36m2.62132[0m[1;36m dir=[0m[1;36m-146.794[0m[1;36m
[gzserver-2] [0m[1;36m[Dbg] [wind_plugin.cpp:110] [0m[1;36mWindPlugin: received command -> speed=[0m[1;36m2.62132[0m[1;36m dir=[0m[1;36m-146.794[0m[1;36m
[gzserver-2] [0m[1;36m[Dbg] [wind_plugin.cpp:110] [0m[1;36mWindPlugin: received command -> speed=[0m[1;36m2.62132[0m[1;36m dir=[0m[1;36m-146.794[0m[1;36m
[gzserver-2] [0m[1;36m[Dbg] [wind_plugin.cpp:110] [0m[1;36mWindPlugin: received command -> speed=[0m[1;36m2.62132[0m[1;36m dir=[0m[1;36m-146.794[0m[1;36m
[gzserver-2] [0m[1;36m[Dbg] [wind_plugin.cpp:110] [0m[1;36mWindPlugin: received command -> speed=[0m[1;36m2.60367[0m[1;36m dir=[0m[1;36m-149.286[0m[1;36m
[gzserver-2] [0m[1;36m[Dbg] [wind_plugin.cpp:110] [0m[1;36mWindPlugin: received command -> speed=[0m[1;36m2.60367[0m[1;36m dir=[0m[1;36m-149.286[0m[1;36m
[gzserver-2] [0m[1;36m[Dbg] [wind_plugin.cpp:110] [0m[1;36mWindPlugin: received command -> speed=[0m[1;36m2.60367[0m[1;36m dir=[0m[1;36m-149.286[0m[1;36m
[gzserver-2] [0m[1;36m[Dbg] [wind_plugin.cpp:110] [0m[1;36mWindPlugin: received command -> speed=[0m[1;36m2.60367[0m[1;36m dir=[0m[1;36m-149.286[0m[1;36m
[gzserver-2] [0m[1;36m[Dbg] [wind_plugin.cpp:110] [0m[1;36mWindPlugin: received command -> speed=[0m[1;36m2.60367[0m[1;36m dir=[0m[1;36m-149.286[0m[1;36m
[gzserver-2] [0m[1;36m[Dbg] [wind_plugin.cpp:110] [0m[1;36mWindPlugin: received command -> speed=[0m[1;36m2.41329[0m[1;36m dir=[0m[1;36m-153.111[0m[1;36m
[gzserver-2] [0m[1;36m[Dbg] [wind_plugin.cpp:110] [0m[1;36mWindPlugin: received command -> speed=[0m[1;36m2.41329[0m[1;36m dir=[0m[1;36m-153.111[0m[1;36m
[gzserver-2] [0m[1;36m[Dbg] [wind_plugin.cpp:110] [0m[1;36mWindPlugin: received command -> speed=[0m[1;36m2.41329[0m[1;36m dir=[0m[1;36m-153.111[0m[1;36m
[gzserver-2] [0mLanded!
[gzserver-2] [INFO] [1773159382.102230021] [gazebo_wind_plugin_node]: WindPlugin: set wind_speed=2.41 wind_direction=-153.1
[gzserver-2] [INFO] [1773159382.341759015] [gazebo_wind_plugin_node]: WindPlugin: set wind_speed=2.50 wind_direction=-154.9
[gzserver-2] [INFO] [1773159382.576094617] [gazebo_wind_plugin_node]: WindPlugin: set wind_speed=2.50 wind_direction=-154.9
[gzserver-2] [INFO] [1773159382.810317063] [gazebo_wind_plugin_node]: WindPlugin: set wind_speed=2.50 wind_direction=-154.9
[gzserver-2] [INFO] [1773159383.050019251] [gazebo_wind_plugin_node]: WindPlugin: set wind_speed=2.50 wind_direction=-154.9
[gzserver-2] [INFO] [1773159383.289306972] [gazebo_wind_plugin_node]: WindPlugin: set wind_speed=2.49 wind_direction=-153.5
[gzserver-2] [INFO] [1773159383.522972769] [gazebo_wind_plugin_node]: WindPlugin: set wind_speed=2.49 wind_direction=-153.5
[gzserver-2] [INFO] [1773159383.762231996] [gazebo_wind_plugin_node]: WindPlugin: set wind_speed=2.49 wind_direction=-153.5
