[INFO] [launch]: All log files can be found below /home/j/.ros/log/2026-03-11-01-42-05-710928-j-2916327
[INFO] [launch]: Default logging verbosity is set to INFO
[INFO] [launch.user]: [bringup] Apriltag config: camera=/drone/bottom, image=/drone/bottom/image_raw, tags=/drone/bottom/tags, bridge=/landing_tag_state, standalone=true, use_target_id=true, target_id=0
[INFO] [rviz2-1]: process started with pid [2916328]
[INFO] [gzserver-2]: process started with pid [2916330]
[INFO] [robot_state_publisher-3]: process started with pid [2916332]
[INFO] [joint_state_publisher-4]: process started with pid [2916334]
[INFO] [spawn_drone-5]: process started with pid [2916336]
[INFO] [static_transform_publisher-6]: process started with pid [2916338]
[INFO] [joy_node-7]: process started with pid [2916340]
[INFO] [teleop_joystick-8]: process started with pid [2916342]
[INFO] [apriltag_detector_node-9]: process started with pid [2916344]
[INFO] [apriltag_state_bridge-10]: process started with pid [2916346]
[static_transform_publisher-6] [WARN] [1773160926.191703450] []: Old-style arguments are deprecated; see --help for new-style arguments
[static_transform_publisher-6] [INFO] [1773160926.197961515] [static_transform_publisher_CK5hjRudKIc7fqWk]: Spinning until stopped - publishing transform
[static_transform_publisher-6] translation: ('0.000000', '0.000000', '0.000000')
[static_transform_publisher-6] rotation: ('0.000000', '0.000000', '0.000000', '1.000000')
[static_transform_publisher-6] from 'world' to '/drone/odom'
[rviz2-1] 
[rviz2-1] (rviz2:2916328): dbind-WARNING **: 01:42:06.216: Couldn't connect to accessibility bus: Failed to connect to socket /root/.cache/at-spi/bus_0: 허가 거부
[robot_state_publisher-3] [INFO] [1773160926.223024634] [drone.robot_state_publisher]: got segment base_footprint
[robot_state_publisher-3] [INFO] [1773160926.223082257] [drone.robot_state_publisher]: got segment base_link
[robot_state_publisher-3] [INFO] [1773160926.223087929] [drone.robot_state_publisher]: got segment bottom_cam_link
[robot_state_publisher-3] [INFO] [1773160926.223091021] [drone.robot_state_publisher]: got segment front_cam_link
[robot_state_publisher-3] [INFO] [1773160926.223093943] [drone.robot_state_publisher]: got segment sonar_link
[apriltag_detector_node-9] [INFO] [1773160926.227651886] [apriltag_detector_node]: tag detector type: umich
[teleop_joystick-8] Traceback (most recent call last):
[teleop_joystick-8]   File "/home/j/INCSL/IICC26_ws/install/sjtu_drone_control/lib/sjtu_drone_control/teleop_joystick", line 33, in <module>
[teleop_joystick-8]     sys.exit(load_entry_point('sjtu_drone_control==0.0.0', 'console_scripts', 'teleop_joystick')())
[teleop_joystick-8]   File "/home/j/INCSL/IICC26_ws/install/sjtu_drone_control/lib/sjtu_drone_control/teleop_joystick", line 22, in importlib_load_entry_point
[teleop_joystick-8]     for entry_point in distribution(dist_name).entry_points
[teleop_joystick-8]   File "/usr/lib/python3.10/importlib/metadata/__init__.py", line 969, in distribution
[teleop_joystick-8]     return Distribution.from_name(distribution_name)
[teleop_joystick-8]   File "/usr/lib/python3.10/importlib/metadata/__init__.py", line 548, in from_name
[teleop_joystick-8]     raise PackageNotFoundError(name)
[teleop_joystick-8] importlib.metadata.PackageNotFoundError: No package metadata was found for sjtu_drone_control
[ERROR] [teleop_joystick-8]: process has died [pid 2916342, exit code 1, cmd '/home/j/INCSL/IICC26_ws/install/sjtu_drone_control/lib/sjtu_drone_control/teleop_joystick --ros-args -r __ns:=/drone'].
[gzserver-2] Gazebo multi-robot simulator, version 11.10.2
[gzserver-2] Copyright (C) 2012 Open Source Robotics Foundation.
[gzserver-2] Released under the Apache 2 License.
[gzserver-2] http://gazebosim.org
[gzserver-2] 
[apriltag_state_bridge-10] [INFO] [1773160926.485360988] [apriltag_state_bridge]: AprilTag bridge started: /drone/bottom/tags -> /landing_tag_state, use_target_id=True, target_id=0
[joint_state_publisher-4] [INFO] [1773160926.499716417] [drone.joint_state_publisher]: Waiting for robot_description to be published on the robot_description topic...
[rviz2-1] [INFO] [1773160926.580652215] [rviz2]: Stereo is NOT SUPPORTED
[rviz2-1] [INFO] [1773160926.580748216] [rviz2]: OpenGl version: 4.6 (GLSL 4.6)
[gzserver-2] [1;33m[Wrn] [gazebo_ros_init.cpp:178] [0m[1;33m
[gzserver-2] #     # ####### ####### ###  #####  #######
[gzserver-2] ##    # #     #    #     #  #     # #
[gzserver-2] # #   # #     #    #     #  #       #
[gzserver-2] #  #  # #     #    #     #  #       #####
[gzserver-2] #   # # #     #    #     #  #       #
[gzserver-2] #    ## #     #    #     #  #     # #
[gzserver-2] #     # #######    #    ###  #####  #######
[gzserver-2] 
[gzserver-2] This version of Gazebo, now called Gazebo classic, reaches end-of-life
[gzserver-2] in January 2025. Users are highly encouraged to migrate to the new Gazebo
[gzserver-2] using our migration guides (https://gazebosim.org/docs/latest/gazebo_classic_migration?utm_source=gazebo_ros_pkgs&utm_medium=cli)
[gzserver-2] 
[gzserver-2] [0m[1;33m
[rviz2-1] [INFO] [1773160926.659764021] [rviz2]: Stereo is NOT SUPPORTED
[rviz2-1] [INFO] [1773160926.713965160] [rviz2]: Stereo is NOT SUPPORTED
[gzserver-2] [1;32m[Msg] [0m[1;32mWaiting for master.[0m[1;32m
[gzserver-2] [0m[1;32m[0m[1;32m[0m[1;32m[Msg] [0m[1;32mConnected to gazebo master @ [0m[1;32mhttp://127.0.0.1:11345[0m[1;32m
[gzserver-2] [0m[1;32m[0m[1;32m[0m[1;32m[Msg] [0m[1;32mPublicized address: [0m[1;32m192.168.0.11[0m[1;32m
[gzserver-2] [0m[1;32m[0m[1;32m[0m[1;32m[Msg] [0m[1;32mLoading world file [[0m[1;32m/home/j/INCSL/IICC26_ws/install/sjtu_drone_description/share/sjtu_drone_description/worlds/landingPad.world[0m[1;32m][0m[1;32m
[gzserver-2] [0m[1;32m[0m[1;32m[0m[1;36m[Dbg] [wind_plugin.cpp:96] [0m[1;36mWindPlugin loaded: speed=[0m[1;36m0[0m[1;36m dir=[0m[1;36m0[0m[1;36m deg area=[0m[1;36m0.1[0m[1;36m coeff=[0m[1;36m1[0m[1;36m
[gzserver-2] [0m[1;33m[0m[1;33m[0m[1;31m[Err] [Sensor.cc:510] [0m[1;31mGet noise index not valid[0m[1;31m
[gzserver-2] [0m[1;31m[0m[1;31m[0m[1;31m[Err] [Sensor.cc:510] [0m[1;31mGet noise index not valid[0m[1;31m
[gzserver-2] [0m[1;31m[0m[1;31m[0m[1;31m[Err] [Sensor.cc:510] [0m[1;31mGet noise index not valid[0m[1;31m
[gzserver-2] [0m[1;31m[0m[1;31m[0m[1;31m[Err] [Sensor.cc:510] [0m[1;31mGet noise index not valid[0m[1;31m
[gzserver-2] [0m[1;31m[0m[1;31m[0m[1;31m[Err] [Sensor.cc:510] [0m[1;31mGet noise index not valid[0m[1;31m
[gzserver-2] [0m[1;31m[0m[1;31m[0m[1;31m[Err] [Sensor.cc:510] [0m[1;31mGet noise index not valid[0m[1;31m
[gzserver-2] [0m[1;31m[0m[1;31m[0mTopic [default//drone/base_footprint/down_camera/image] is not valid.
[gzserver-2] [INFO] [1773160927.535408308] [drone.collision_plugin]: Publishing contact states to [/drone/bumper_states]
[gzserver-2] Topic [default//drone/base_footprint/front_camera/image] is not valid.
[gzserver-2] [1;33m[Wrn] [Event.cc:61] [0m[1;33mWarning: Deleting a connection right after creation. [0m[1;33mMake sure to save the ConnectionPtr from a Connect call
[gzserver-2] [0m[INFO] [1773160928.095313760] [drone.camera_bottom]: Publishing camera info to [/drone/bottom/camera_info]
[gzserver-2] [INFO] [1773160928.100193519] [drone.camera_front]: Publishing camera info to [/drone/front/camera_info]
[spawn_drone-5] [INFO] [1773160928.108972756] [spawn_drone]: Result True SpawnEntity: Successfully spawned entity [/drone]
[gzserver-2] [INFO] [1773160928.223895564] [drone.simple_drone]: The drone plugin is loading!
[gzserver-2] [INFO] [1773160928.224126387] [drone.simple_drone]: pub_odom: 1
[gzserver-2] [INFO] [1773160928.224164110] [drone.simple_drone]: Using following parameters: 
[gzserver-2] 		link_name: base_footprint,
[gzserver-2] 		max_force: 30,
[gzserver-2] 		motion_small_noise: 0,
[gzserver-2] 		motion_drift_noise: 0,
[gzserver-2] 		motion_drift_noise_time: 50,
[gzserver-2] 		takeoff_hover_height: 2.44,
[gzserver-2] 		takeoff_vertical_speed: 0.2
[gzserver-2] [INFO] [1773160928.236252980] [drone.simple_drone]: Using the PID parameters: 
[gzserver-2] 	Roll Pitch:
[gzserver-2] 		kP: 10, kI: 0,kD: 5, Limit: 0.5, Time Constant: 0
[gzserver-2] 	Yaw:
[gzserver-2] 		kP: 2, kI: 0,kD: 1, Limit: 1.5, Time Constant: 0
[gzserver-2] 	Velocity X:
[gzserver-2] 		kP: 5, kI: 0,kD: 2.3, Limit: 2, Time Constant: 0
[gzserver-2] 	Velocity Y:
[gzserver-2] 		kP: 5, kI: 0,kD: 2.3, Limit: 2, Time Constant: 0
[gzserver-2] 	Velocity Z:
[gzserver-2] 		kP: 5, kI: 0,kD: 1, Limit: -1, Time Constant: 0
[gzserver-2] 	Position XY:
[gzserver-2] 		kP: 1.1, kI: 0,kD: 0, Limit: 5, Time Constant: 0
[gzserver-2] 	Position Z:
[gzserver-2] 		kP: 1, kI: 0,kD: 0.2, Limit: -1, Time Constant: 0
[gzserver-2] [INFO] [1773160928.236396625] [drone.simple_drone]: The drone plugin finished loading!
[INFO] [spawn_drone-5]: process has finished cleanly [pid 2916336]
[gzserver-2] [INFO] [1773160935.538042856] [gazebo_wind_plugin_node]: WindPlugin: set wind_speed=0.00 wind_direction=0.0
[gzserver-2] [INFO] [1773160935.812612842] [gazebo_wind_plugin_node]: WindPlugin: set wind_speed=0.00 wind_direction=0.0
[gzserver-2] [INFO] [1773160935.841770188] [drone.simple_drone]: Quadrotor takes off!!
[gzserver-2] [INFO] [1773160936.042493469] [gazebo_wind_plugin_node]: WindPlugin: set wind_speed=0.00 wind_direction=0.0
[gzserver-2] [INFO] [1773160936.286114842] [gazebo_wind_plugin_node]: WindPlugin: set wind_speed=0.00 wind_direction=0.0
[gzserver-2] [INFO] [1773160936.521135107] [gazebo_wind_plugin_node]: WindPlugin: set wind_speed=0.00 wind_direction=0.0
[gzserver-2] [INFO] [1773160936.761150291] [gazebo_wind_plugin_node]: WindPlugin: set wind_speed=0.00 wind_direction=0.0
[gzserver-2] [INFO] [1773160937.000778645] [gazebo_wind_plugin_node]: WindPlugin: set wind_speed=0.00 wind_direction=0.0
[gzserver-2] [INFO] [1773160937.235732601] [gazebo_wind_plugin_node]: WindPlugin: set wind_speed=0.00 wind_direction=0.0
[gzserver-2] [INFO] [1773160937.471313289] [gazebo_wind_plugin_node]: WindPlugin: set wind_speed=0.00 wind_direction=0.0
[gzserver-2] [INFO] [1773160937.710916070] [gazebo_wind_plugin_node]: WindPlugin: set wind_speed=0.00 wind_direction=0.0
[gzserver-2] [0m[1;36m[Dbg] [wind_plugin.cpp:110] [0m[1;36mWindPlugin: received command -> speed=[0m[1;36m0[0m[1;36m dir=[0m[1;36m0[0m[1;36m
[gzserver-2] [0m[1;36m[Dbg] [wind_plugin.cpp:110] [0m[1;36mWindPlugin: received command -> speed=[0m[1;36m0[0m[1;36m dir=[0m[1;36m0[0m[1;36m
[gzserver-2] [0m[1;36m[Dbg] [wind_plugin.cpp:110] [0m[1;36mWindPlugin: received command -> speed=[0m[1;36m0[0m[1;36m dir=[0m[1;36m0[0m[1;36m
[gzserver-2] [0m[1;36m[Dbg] [wind_plugin.cpp:110] [0m[1;36mWindPlugin: received command -> speed=[0m[1;36m0[0m[1;36m dir=[0m[1;36m0[0m[1;36m
[gzserver-2] [0m[1;36m[Dbg] [wind_plugin.cpp:110] [0m[1;36mWindPlugin: received command -> speed=[0m[1;36m0[0m[1;36m dir=[0m[1;36m0[0m[1;36m
[gzserver-2] [0m[1;36m[Dbg] [wind_plugin.cpp:110] [0m[1;36mWindPlugin: received command -> speed=[0m[1;36m0[0m[1;36m dir=[0m[1;36m0[0m[1;36m
[gzserver-2] [0m[1;36m[Dbg] [wind_plugin.cpp:110] [0m[1;36mWindPlugin: received command -> speed=[0m[1;36m0[0m[1;36m dir=[0m[1;36m0[0m[1;36m
[gzserver-2] [0m[1;36m[Dbg] [wind_plugin.cpp:110] [0m[1;36mWindPlugin: received command -> speed=[0m[1;36m0[0m[1;36m dir=[0m[1;36m0[0m[1;36m
[gzserver-2] [0m[1;36m[Dbg] [wind_plugin.cpp:110] [0m[1;36mWindPlugin: received command -> speed=[0m[1;36m0[0m[1;36m dir=[0m[1;36m0[0m[1;36m
[gzserver-2] [0m[1;36m[Dbg] [wind_plugin.cpp:110] [0m[1;36mWindPlugin: received command -> speed=[0m[1;36m0[0m[1;36m dir=[0m[1;36m0[0m[1;36m
[gzserver-2] [0mEntering flying model!
[gzserver-2] [INFO] [1773160937.949847545] [gazebo_wind_plugin_node]: WindPlugin: set wind_speed=0.00 wind_direction=0.0
[gzserver-2] [INFO] [1773160938.189276596] [gazebo_wind_plugin_node]: WindPlugin: set wind_speed=2.04 wind_direction=-104.6
[gzserver-2] [INFO] [1773160938.418776056] [gazebo_wind_plugin_node]: WindPlugin: set wind_speed=2.04 wind_direction=-104.6
[gzserver-2] [INFO] [1773160938.658492243] [gazebo_wind_plugin_node]: WindPlugin: set wind_speed=2.04 wind_direction=-104.6
[gzserver-2] [INFO] [1773160938.892505715] [gazebo_wind_plugin_node]: WindPlugin: set wind_speed=2.04 wind_direction=-104.6
[gzserver-2] [INFO] [1773160939.127233272] [gazebo_wind_plugin_node]: WindPlugin: set wind_speed=2.16 wind_direction=-105.2
[gzserver-2] [INFO] [1773160939.367015788] [gazebo_wind_plugin_node]: WindPlugin: set wind_speed=2.16 wind_direction=-105.2
[gzserver-2] [INFO] [1773160939.607464627] [gazebo_wind_plugin_node]: WindPlugin: set wind_speed=2.16 wind_direction=-105.2
[gzserver-2] [INFO] [1773160939.847325932] [gazebo_wind_plugin_node]: WindPlugin: set wind_speed=2.16 wind_direction=-105.2
[gzserver-2] [INFO] [1773160940.086408580] [gazebo_wind_plugin_node]: WindPlugin: set wind_speed=1.86 wind_direction=-105.5
[gzserver-2] [INFO] [1773160940.326193064] [gazebo_wind_plugin_node]: WindPlugin: set wind_speed=1.86 wind_direction=-105.5
[gzserver-2] [INFO] [1773160940.555049475] [gazebo_wind_plugin_node]: WindPlugin: set wind_speed=1.86 wind_direction=-105.5
[gzserver-2] [INFO] [1773160940.797847621] [gazebo_wind_plugin_node]: WindPlugin: set wind_speed=1.86 wind_direction=-105.5
[gzserver-2] [INFO] [1773160941.032300635] [gazebo_wind_plugin_node]: WindPlugin: set wind_speed=1.86 wind_direction=-105.5
[gzserver-2] [INFO] [1773160941.266887217] [gazebo_wind_plugin_node]: WindPlugin: set wind_speed=2.07 wind_direction=-105.8
[gzserver-2] [INFO] [1773160941.501809198] [gazebo_wind_plugin_node]: WindPlugin: set wind_speed=2.07 wind_direction=-105.8
[gzserver-2] [INFO] [1773160941.741438696] [gazebo_wind_plugin_node]: WindPlugin: set wind_speed=2.07 wind_direction=-105.8
[gzserver-2] [INFO] [1773160941.975922365] [gazebo_wind_plugin_node]: WindPlugin: set wind_speed=2.07 wind_direction=-105.8
[gzserver-2] [INFO] [1773160942.210401353] [gazebo_wind_plugin_node]: WindPlugin: set wind_speed=2.10 wind_direction=-104.0
[gzserver-2] [INFO] [1773160942.450545429] [gazebo_wind_plugin_node]: WindPlugin: set wind_speed=2.10 wind_direction=-104.0
[gzserver-2] [INFO] [1773160942.690005395] [gazebo_wind_plugin_node]: WindPlugin: set wind_speed=2.10 wind_direction=-104.0
[gzserver-2] [INFO] [1773160942.930580666] [gazebo_wind_plugin_node]: WindPlugin: set wind_speed=2.10 wind_direction=-104.0
[gzserver-2] [INFO] [1773160942.958116472] [drone.simple_drone]: Quadrotor lands!!
[gzserver-2] [INFO] [1773160943.159689525] [gazebo_wind_plugin_node]: WindPlugin: set wind_speed=2.02 wind_direction=-104.1
[gzserver-2] [INFO] [1773160943.400133240] [gazebo_wind_plugin_node]: WindPlugin: set wind_speed=2.02 wind_direction=-104.1
[gzserver-2] [INFO] [1773160943.629926475] [gazebo_wind_plugin_node]: WindPlugin: set wind_speed=2.02 wind_direction=-104.1
[gzserver-2] [INFO] [1773160943.870807761] [gazebo_wind_plugin_node]: WindPlugin: set wind_speed=2.02 wind_direction=-104.1
[gzserver-2] [1;36m[Dbg] [wind_plugin.cpp:110] [0m[1;36mWindPlugin: received command -> speed=[0m[1;36m0[0m[1;36m dir=[0m[1;36m0[0m[1;36m
[gzserver-2] [0m[1;36m[Dbg] [wind_plugin.cpp:110] [0m[1;36mWindPlugin: received command -> speed=[0m[1;36m2.04436[0m[1;36m dir=[0m[1;36m-104.562[0m[1;36m
[gzserver-2] [0m[1;36m[Dbg] [wind_plugin.cpp:110] [0m[1;36mWindPlugin: received command -> speed=[0m[1;36m2.04436[0m[1;36m dir=[0m[1;36m-104.562[0m[1;36m
[gzserver-2] [0m[1;36m[Dbg] [wind_plugin.cpp:110] [0m[1;36mWindPlugin: received command -> speed=[0m[1;36m2.04436[0m[1;36m dir=[0m[1;36m-104.562[0m[1;36m
[gzserver-2] [0m[1;36m[Dbg] [wind_plugin.cpp:110] [0m[1;36mWindPlugin: received command -> speed=[0m[1;36m2.04436[0m[1;36m dir=[0m[1;36m-104.562[0m[1;36m
[gzserver-2] [0m[1;36m[Dbg] [wind_plugin.cpp:110] [0m[1;36mWindPlugin: received command -> speed=[0m[1;36m2.15646[0m[1;36m dir=[0m[1;36m-105.219[0m[1;36m
[gzserver-2] [0m[1;36m[Dbg] [wind_plugin.cpp:110] [0m[1;36mWindPlugin: received command -> speed=[0m[1;36m2.15646[0m[1;36m dir=[0m[1;36m-105.219[0m[1;36m
[gzserver-2] [0m[1;36m[Dbg] [wind_plugin.cpp:110] [0m[1;36mWindPlugin: received command -> speed=[0m[1;36m2.15646[0m[1;36m dir=[0m[1;36m-105.219[0m[1;36m
[gzserver-2] [0m[1;36m[Dbg] [wind_plugin.cpp:110] [0m[1;36mWindPlugin: received command -> speed=[0m[1;36m2.15646[0m[1;36m dir=[0m[1;36m-105.219[0m[1;36m
[gzserver-2] [0m[1;36m[Dbg] [wind_plugin.cpp:110] [0m[1;36mWindPlugin: received command -> speed=[0m[1;36m1.86488[0m[1;36m dir=[0m[1;36m-105.519[0m[1;36m
[gzserver-2] [0m[1;36m[Dbg] [wind_plugin.cpp:110] [0m[1;36mWindPlugin: received command -> speed=[0m[1;36m1.86488[0m[1;36m dir=[0m[1;36m-105.519[0m[1;36m
[gzserver-2] [0m[1;36m[Dbg] [wind_plugin.cpp:110] [0m[1;36mWindPlugin: received command -> speed=[0m[1;36m1.86488[0m[1;36m dir=[0m[1;36m-105.519[0m[1;36m
[gzserver-2] [0m[1;36m[Dbg] [wind_plugin.cpp:110] [0m[1;36mWindPlugin: received command -> speed=[0m[1;36m1.86488[0m[1;36m dir=[0m[1;36m-105.519[0m[1;36m
[gzserver-2] [0m[1;36m[Dbg] [wind_plugin.cpp:110] [0m[1;36mWindPlugin: received command -> speed=[0m[1;36m1.86488[0m[1;36m dir=[0m[1;36m-105.519[0m[1;36m
[gzserver-2] [0m[1;36m[Dbg] [wind_plugin.cpp:110] [0m[1;36mWindPlugin: received command -> speed=[0m[1;36m2.06755[0m[1;36m dir=[0m[1;36m-105.753[0m[1;36m
[gzserver-2] [0m[1;36m[Dbg] [wind_plugin.cpp:110] [0m[1;36mWindPlugin: received command -> speed=[0m[1;36m2.06755[0m[1;36m dir=[0m[1;36m-105.753[0m[1;36m
[gzserver-2] [0m[1;36m[Dbg] [wind_plugin.cpp:110] [0m[1;36mWindPlugin: received command -> speed=[0m[1;36m2.06755[0m[1;36m dir=[0m[1;36m-105.753[0m[1;36m
[gzserver-2] [0m[1;36m[Dbg] [wind_plugin.cpp:110] [0m[1;36mWindPlugin: received command -> speed=[0m[1;36m2.06755[0m[1;36m dir=[0m[1;36m-105.753[0m[1;36m
[gzserver-2] [0m[1;36m[Dbg] [wind_plugin.cpp:110] [0m[1;36mWindPlugin: received command -> speed=[0m[1;36m2.10492[0m[1;36m dir=[0m[1;36m-104.033[0m[1;36m
[gzserver-2] [0m[1;36m[Dbg] [wind_plugin.cpp:110] [0m[1;36mWindPlugin: received command -> speed=[0m[1;36m2.10492[0m[1;36m dir=[0m[1;36m-104.033[0m[1;36m
[gzserver-2] [0m[1;36m[Dbg] [wind_plugin.cpp:110] [0m[1;36mWindPlugin: received command -> speed=[0m[1;36m2.10492[0m[1;36m dir=[0m[1;36m-104.033[0m[1;36m
[gzserver-2] [0m[1;36m[Dbg] [wind_plugin.cpp:110] [0m[1;36mWindPlugin: received command -> speed=[0m[1;36m2.10492[0m[1;36m dir=[0m[1;36m-104.033[0m[1;36m
[gzserver-2] [0m[1;36m[Dbg] [wind_plugin.cpp:110] [0m[1;36mWindPlugin: received command -> speed=[0m[1;36m2.01953[0m[1;36m dir=[0m[1;36m-104.143[0m[1;36m
[gzserver-2] [0m[1;36m[Dbg] [wind_plugin.cpp:110] [0m[1;36mWindPlugin: received command -> speed=[0m[1;36m2.01953[0m[1;36m dir=[0m[1;36m-104.143[0m[1;36m
[gzserver-2] [0m[1;36m[Dbg] [wind_plugin.cpp:110] [0m[1;36mWindPlugin: received command -> speed=[0m[1;36m2.01953[0m[1;36m dir=[0m[1;36m-104.143[0m[1;36m
[gzserver-2] [0m[1;36m[Dbg] [wind_plugin.cpp:110] [0m[1;36mWindPlugin: received command -> speed=[0m[1;36m2.01953[0m[1;36m dir=[0m[1;36m-104.143[0m[1;36m
[gzserver-2] [0mLanded!
[gzserver-2] [INFO] [1773160944.110845448] [gazebo_wind_plugin_node]: WindPlugin: set wind_speed=2.13 wind_direction=-103.9
[gzserver-2] [INFO] [1773160944.353211300] [gazebo_wind_plugin_node]: WindPlugin: set wind_speed=2.13 wind_direction=-103.9
[gzserver-2] [INFO] [1773160944.592453159] [gazebo_wind_plugin_node]: WindPlugin: set wind_speed=2.13 wind_direction=-103.9
[gzserver-2] [INFO] [1773160944.822190974] [gazebo_wind_plugin_node]: WindPlugin: set wind_speed=2.13 wind_direction=-103.9
[gzserver-2] [INFO] [1773160945.064160438] [gazebo_wind_plugin_node]: WindPlugin: set wind_speed=2.08 wind_direction=-103.7
[gzserver-2] [INFO] [1773160945.298379858] [gazebo_wind_plugin_node]: WindPlugin: set wind_speed=2.08 wind_direction=-103.7
[gzserver-2] [INFO] [1773160945.523334372] [gazebo_wind_plugin_node]: WindPlugin: set wind_speed=2.08 wind_direction=-103.7
[gzserver-2] [INFO] [1773160945.763189400] [gazebo_wind_plugin_node]: WindPlugin: set wind_speed=2.08 wind_direction=-103.7
