[INFO] [launch]: All log files can be found below /home/j/.ros/log/2026-03-10-20-22-19-768411-j-180549
[INFO] [launch]: Default logging verbosity is set to INFO
[INFO] [launch.user]: [bringup] Apriltag config: camera=/drone/bottom, image=/drone/bottom/image_raw, tags=/drone/bottom/tags, bridge=/landing_tag_state, standalone=true, use_target_id=true, target_id=0
[INFO] [rviz2-1]: process started with pid [180550]
[INFO] [gzserver-2]: process started with pid [180552]
[INFO] [robot_state_publisher-3]: process started with pid [180554]
[INFO] [joint_state_publisher-4]: process started with pid [180556]
[INFO] [spawn_drone-5]: process started with pid [180558]
[INFO] [static_transform_publisher-6]: process started with pid [180560]
[INFO] [joy_node-7]: process started with pid [180562]
[INFO] [teleop_joystick-8]: process started with pid [180564]
[INFO] [apriltag_detector_node-9]: process started with pid [180566]
[INFO] [apriltag_state_bridge-10]: process started with pid [180568]
[static_transform_publisher-6] [WARN] [1773141740.250614788] []: Old-style arguments are deprecated; see --help for new-style arguments
[static_transform_publisher-6] [INFO] [1773141740.256378210] [static_transform_publisher_okaKEmZSEKAikBwB]: Spinning until stopped - publishing transform
[static_transform_publisher-6] translation: ('0.000000', '0.000000', '0.000000')
[static_transform_publisher-6] rotation: ('0.000000', '0.000000', '0.000000', '1.000000')
[static_transform_publisher-6] from 'world' to '/drone/odom'
[robot_state_publisher-3] [INFO] [1773141740.281284589] [drone.robot_state_publisher]: got segment base_footprint
[robot_state_publisher-3] [INFO] [1773141740.281375577] [drone.robot_state_publisher]: got segment base_link
[robot_state_publisher-3] [INFO] [1773141740.281387577] [drone.robot_state_publisher]: got segment bottom_cam_link
[robot_state_publisher-3] [INFO] [1773141740.281395514] [drone.robot_state_publisher]: got segment front_cam_link
[robot_state_publisher-3] [INFO] [1773141740.281402587] [drone.robot_state_publisher]: got segment sonar_link
[rviz2-1] 
[rviz2-1] (rviz2:180550): dbind-WARNING **: 20:22:20.281: Couldn't connect to accessibility bus: Failed to connect to socket /root/.cache/at-spi/bus_0: 허가 거부
[apriltag_detector_node-9] [INFO] [1773141740.285654010] [apriltag_detector_node]: tag detector type: umich
[teleop_joystick-8] Traceback (most recent call last):
[teleop_joystick-8]   File "/home/j/INCSL/IICC26_ws/install/sjtu_drone_control/lib/sjtu_drone_control/teleop_joystick", line 33, in <module>
[teleop_joystick-8]     sys.exit(load_entry_point('sjtu_drone_control==0.0.0', 'console_scripts', 'teleop_joystick')())
[teleop_joystick-8]   File "/home/j/INCSL/IICC26_ws/install/sjtu_drone_control/lib/sjtu_drone_control/teleop_joystick", line 22, in importlib_load_entry_point
[teleop_joystick-8]     for entry_point in distribution(dist_name).entry_points
[teleop_joystick-8]   File "/usr/lib/python3.10/importlib/metadata/__init__.py", line 969, in distribution
[teleop_joystick-8]     return Distribution.from_name(distribution_name)
[teleop_joystick-8]   File "/usr/lib/python3.10/importlib/metadata/__init__.py", line 548, in from_name
[teleop_joystick-8]     raise PackageNotFoundError(name)
[teleop_joystick-8] importlib.metadata.PackageNotFoundError: No package metadata was found for sjtu_drone_control
[ERROR] [teleop_joystick-8]: process has died [pid 180564, exit code 1, cmd '/home/j/INCSL/IICC26_ws/install/sjtu_drone_control/lib/sjtu_drone_control/teleop_joystick --ros-args -r __ns:=/drone'].
[gzserver-2] Gazebo multi-robot simulator, version 11.10.2
[gzserver-2] Copyright (C) 2012 Open Source Robotics Foundation.
[gzserver-2] Released under the Apache 2 License.
[gzserver-2] http://gazebosim.org
[gzserver-2] 
[apriltag_state_bridge-10] [INFO] [1773141740.490072035] [apriltag_state_bridge]: AprilTag bridge started: /drone/bottom/tags -> /landing_tag_state, use_target_id=True, target_id=0
[joint_state_publisher-4] [INFO] [1773141740.539488293] [drone.joint_state_publisher]: Waiting for robot_description to be published on the robot_description topic...
[gzserver-2] [1;33m[Wrn] [gazebo_ros_init.cpp:178] [0m[1;33m
[gzserver-2] #     # ####### ####### ###  #####  #######
[gzserver-2] ##    # #     #    #     #  #     # #
[gzserver-2] # #   # #     #    #     #  #       #
[gzserver-2] #  #  # #     #    #     #  #       #####
[gzserver-2] #   # # #     #    #     #  #       #
[gzserver-2] #    ## #     #    #     #  #     # #
[gzserver-2] #     # #######    #    ###  #####  #######
[gzserver-2] 
[gzserver-2] This version of Gazebo, now called Gazebo classic, reaches end-of-life
[gzserver-2] in January 2025. Users are highly encouraged to migrate to the new Gazebo
[gzserver-2] using our migration guides (https://gazebosim.org/docs/latest/gazebo_classic_migration?utm_source=gazebo_ros_pkgs&utm_medium=cli)
[gzserver-2] 
[gzserver-2] [0m[1;33m
[rviz2-1] [INFO] [1773141741.049889404] [rviz2]: Stereo is NOT SUPPORTED
[rviz2-1] [INFO] [1773141741.050005139] [rviz2]: OpenGl version: 4.6 (GLSL 4.6)
[rviz2-1] [INFO] [1773141741.139604988] [rviz2]: Stereo is NOT SUPPORTED
[rviz2-1] [INFO] [1773141741.256152840] [rviz2]: Stereo is NOT SUPPORTED
[gzserver-2] [1;32m[Msg] [0m[1;32mWaiting for master.[0m[1;32m
[gzserver-2] [0m[1;32m[0m[1;32m[0m[1;32m[Msg] [0m[1;32mConnected to gazebo master @ [0m[1;32mhttp://127.0.0.1:11345[0m[1;32m
[gzserver-2] [0m[1;32m[0m[1;32m[0m[1;32m[Msg] [0m[1;32mPublicized address: [0m[1;32m192.168.0.11[0m[1;32m
[gzserver-2] [0m[1;32m[0m[1;32m[0m[1;32m[Msg] [0m[1;32mLoading world file [[0m[1;32m/home/j/INCSL/IICC26_ws/install/sjtu_drone_description/share/sjtu_drone_description/worlds/landingPad.world[0m[1;32m][0m[1;32m
[gzserver-2] [0m[1;32m[0m[1;32m[0m[1;36m[Dbg] [wind_plugin.cpp:96] [0m[1;36mWindPlugin loaded: speed=[0m[1;36m0[0m[1;36m dir=[0m[1;36m0[0m[1;36m deg area=[0m[1;36m0.1[0m[1;36m coeff=[0m[1;36m1[0m[1;36m
[gzserver-2] [0m[1;33m[0m[1;33m[0m[1;31m[Err] [Sensor.cc:510] [0m[1;31mGet noise index not valid[0m[1;31m
[gzserver-2] [0m[1;31m[0m[1;31m[0m[1;31m[Err] [Sensor.cc:510] [0m[1;31mGet noise index not valid[0m[1;31m
[gzserver-2] [0m[1;31m[0m[1;31m[0m[1;31m[Err] [Sensor.cc:510] [0m[1;31mGet noise index not valid[0m[1;31m
[gzserver-2] [0m[1;31m[0m[1;31m[0m[1;31m[Err] [Sensor.cc:510] [0m[1;31mGet noise index not valid[0m[1;31m
[gzserver-2] [0m[1;31m[0m[1;31m[0m[1;31m[Err] [Sensor.cc:510] [0m[1;31mGet noise index not valid[0m[1;31m
[gzserver-2] [0m[1;31m[0m[1;31m[0m[1;31m[Err] [Sensor.cc:510] [0m[1;31mGet noise index not valid[0m[1;31m
[gzserver-2] [0m[1;31m[0m[1;31m[0mTopic [default//drone/base_footprint/down_camera/image] is not valid.
[gzserver-2] [INFO] [1773141741.690611790] [drone.collision_plugin]: Publishing contact states to [/drone/bumper_states]
[gzserver-2] Topic [default//drone/base_footprint/front_camera/image] is not valid.
[gzserver-2] [1;33m[Wrn] [Event.cc:61] [0m[1;33mWarning: Deleting a connection right after creation. [0m[1;33mMake sure to save the ConnectionPtr from a Connect call
[gzserver-2] [0m[INFO] [1773141742.252676598] [drone.camera_bottom]: Publishing camera info to [/drone/bottom/camera_info]
[gzserver-2] [INFO] [1773141742.257192493] [drone.camera_front]: Publishing camera info to [/drone/front/camera_info]
[spawn_drone-5] [INFO] [1773141742.266008445] [spawn_drone]: Result True SpawnEntity: Successfully spawned entity [/drone]
[gzserver-2] [INFO] [1773141742.380109421] [drone.simple_drone]: The drone plugin is loading!
[gzserver-2] [INFO] [1773141742.380323336] [drone.simple_drone]: pub_odom: 1
[gzserver-2] [INFO] [1773141742.380356162] [drone.simple_drone]: Using following parameters: 
[gzserver-2] 		link_name: base_footprint,
[gzserver-2] 		max_force: 30,
[gzserver-2] 		motion_small_noise: 0,
[gzserver-2] 		motion_drift_noise: 0,
[gzserver-2] 		motion_drift_noise_time: 50,
[gzserver-2] 		takeoff_hover_height: 2.07,
[gzserver-2] 		takeoff_vertical_speed: 0.2
[gzserver-2] [INFO] [1773141742.392387510] [drone.simple_drone]: Using the PID parameters: 
[gzserver-2] 	Roll Pitch:
[gzserver-2] 		kP: 10, kI: 0,kD: 5, Limit: 0.5, Time Constant: 0
[gzserver-2] 	Yaw:
[gzserver-2] 		kP: 2, kI: 0,kD: 1, Limit: 1.5, Time Constant: 0
[gzserver-2] 	Velocity X:
[gzserver-2] 		kP: 5, kI: 0,kD: 2.3, Limit: 2, Time Constant: 0
[gzserver-2] 	Velocity Y:
[gzserver-2] 		kP: 5, kI: 0,kD: 2.3, Limit: 2, Time Constant: 0
[gzserver-2] 	Velocity Z:
[gzserver-2] 		kP: 5, kI: 0,kD: 1, Limit: -1, Time Constant: 0
[gzserver-2] 	Position XY:
[gzserver-2] 		kP: 1.1, kI: 0,kD: 0, Limit: 5, Time Constant: 0
[gzserver-2] 	Position Z:
[gzserver-2] 		kP: 1, kI: 0,kD: 0.2, Limit: -1, Time Constant: 0
[gzserver-2] [INFO] [1773141742.392512555] [drone.simple_drone]: The drone plugin finished loading!
[INFO] [spawn_drone-5]: process has finished cleanly [pid 180558]
[gzserver-2] [INFO] [1773141749.576125143] [gazebo_wind_plugin_node]: WindPlugin: set wind_speed=0.00 wind_direction=0.0
[gzserver-2] [INFO] [1773141749.845799441] [gazebo_wind_plugin_node]: WindPlugin: set wind_speed=0.00 wind_direction=0.0
[gzserver-2] [INFO] [1773141749.884685436] [drone.simple_drone]: Quadrotor takes off!!
[gzserver-2] [INFO] [1773141750.085320990] [gazebo_wind_plugin_node]: WindPlugin: set wind_speed=0.00 wind_direction=0.0
[gzserver-2] [INFO] [1773141750.324284519] [gazebo_wind_plugin_node]: WindPlugin: set wind_speed=0.00 wind_direction=0.0
[gzserver-2] [INFO] [1773141750.565294915] [gazebo_wind_plugin_node]: WindPlugin: set wind_speed=0.00 wind_direction=0.0
[gzserver-2] [INFO] [1773141750.799191072] [gazebo_wind_plugin_node]: WindPlugin: set wind_speed=0.00 wind_direction=0.0
[gzserver-2] [INFO] [1773141751.036927451] [gazebo_wind_plugin_node]: WindPlugin: set wind_speed=0.00 wind_direction=0.0
[gzserver-2] [INFO] [1773141751.276100890] [gazebo_wind_plugin_node]: WindPlugin: set wind_speed=0.00 wind_direction=0.0
[gzserver-2] [INFO] [1773141751.515111997] [gazebo_wind_plugin_node]: WindPlugin: set wind_speed=0.00 wind_direction=0.0
[gzserver-2] [0m[1;36m[Dbg] [wind_plugin.cpp:110] [0m[1;36mWindPlugin: received command -> speed=[0m[1;36m0[0m[1;36m dir=[0m[1;36m0[0m[1;36m
[gzserver-2] [0m[1;36m[Dbg] [wind_plugin.cpp:110] [0m[1;36mWindPlugin: received command -> speed=[0m[1;36m0[0m[1;36m dir=[0m[1;36m0[0m[1;36m
[gzserver-2] [0m[1;36m[Dbg] [wind_plugin.cpp:110] [0m[1;36mWindPlugin: received command -> speed=[0m[1;36m0[0m[1;36m dir=[0m[1;36m0[0m[1;36m
[gzserver-2] [0m[1;36m[Dbg] [wind_plugin.cpp:110] [0m[1;36mWindPlugin: received command -> speed=[0m[1;36m0[0m[1;36m dir=[0m[1;36m0[0m[1;36m
[gzserver-2] [0m[1;36m[Dbg] [wind_plugin.cpp:110] [0m[1;36mWindPlugin: received command -> speed=[0m[1;36m0[0m[1;36m dir=[0m[1;36m0[0m[1;36m
[gzserver-2] [0m[1;36m[Dbg] [wind_plugin.cpp:110] [0m[1;36mWindPlugin: received command -> speed=[0m[1;36m0[0m[1;36m dir=[0m[1;36m0[0m[1;36m
[gzserver-2] [0m[1;36m[Dbg] [wind_plugin.cpp:110] [0m[1;36mWindPlugin: received command -> speed=[0m[1;36m0[0m[1;36m dir=[0m[1;36m0[0m[1;36m
[gzserver-2] [0m[1;36m[Dbg] [wind_plugin.cpp:110] [0m[1;36mWindPlugin: received command -> speed=[0m[1;36m0[0m[1;36m dir=[0m[1;36m0[0m[1;36m
[gzserver-2] [0m[1;36m[Dbg] [wind_plugin.cpp:110] [0m[1;36mWindPlugin: received command -> speed=[0m[1;36m0[0m[1;36m dir=[0m[1;36m0[0m[1;36m
[gzserver-2] [0mEntering flying model!
[gzserver-2] [INFO] [1773141751.754493267] [gazebo_wind_plugin_node]: WindPlugin: set wind_speed=1.01 wind_direction=-73.4
[gzserver-2] [INFO] [1773141751.989057055] [gazebo_wind_plugin_node]: WindPlugin: set wind_speed=1.01 wind_direction=-73.4
[gzserver-2] [INFO] [1773141752.228087863] [gazebo_wind_plugin_node]: WindPlugin: set wind_speed=1.17 wind_direction=-75.1
[gzserver-2] [INFO] [1773141752.467189011] [gazebo_wind_plugin_node]: WindPlugin: set wind_speed=1.17 wind_direction=-75.1
[gzserver-2] [INFO] [1773141752.705677100] [gazebo_wind_plugin_node]: WindPlugin: set wind_speed=1.17 wind_direction=-75.1
[gzserver-2] [INFO] [1773141752.939706395] [gazebo_wind_plugin_node]: WindPlugin: set wind_speed=1.17 wind_direction=-75.1
[gzserver-2] [INFO] [1773141753.173476382] [gazebo_wind_plugin_node]: WindPlugin: set wind_speed=1.21 wind_direction=-77.4
[gzserver-2] [INFO] [1773141753.413317472] [gazebo_wind_plugin_node]: WindPlugin: set wind_speed=1.21 wind_direction=-77.4
[gzserver-2] [INFO] [1773141753.651939495] [gazebo_wind_plugin_node]: WindPlugin: set wind_speed=1.21 wind_direction=-77.4
[gzserver-2] [INFO] [1773141753.881369609] [gazebo_wind_plugin_node]: WindPlugin: set wind_speed=1.21 wind_direction=-77.4
[gzserver-2] [INFO] [1773141754.120855670] [gazebo_wind_plugin_node]: WindPlugin: set wind_speed=0.87 wind_direction=-76.1
[gzserver-2] [INFO] [1773141754.355914250] [gazebo_wind_plugin_node]: WindPlugin: set wind_speed=0.87 wind_direction=-76.1
[gzserver-2] [INFO] [1773141754.590023765] [gazebo_wind_plugin_node]: WindPlugin: set wind_speed=0.87 wind_direction=-76.1
[gzserver-2] [INFO] [1773141754.829548808] [gazebo_wind_plugin_node]: WindPlugin: set wind_speed=0.87 wind_direction=-76.1
[gzserver-2] [INFO] [1773141755.058174875] [gazebo_wind_plugin_node]: WindPlugin: set wind_speed=0.87 wind_direction=-76.1
[gzserver-2] [INFO] [1773141755.301291411] [gazebo_wind_plugin_node]: WindPlugin: set wind_speed=1.13 wind_direction=-74.0
[gzserver-2] [INFO] [1773141755.536479903] [gazebo_wind_plugin_node]: WindPlugin: set wind_speed=1.13 wind_direction=-74.0
[gzserver-2] [INFO] [1773141755.775612252] [gazebo_wind_plugin_node]: WindPlugin: set wind_speed=1.13 wind_direction=-74.0
[gzserver-2] [INFO] [1773141755.821704399] [drone.simple_drone]: Quadrotor lands!!
[gzserver-2] [INFO] [1773141756.023312652] [gazebo_wind_plugin_node]: WindPlugin: set wind_speed=1.13 wind_direction=-74.0
[gzserver-2] [INFO] [1773141756.257614798] [gazebo_wind_plugin_node]: WindPlugin: set wind_speed=1.36 wind_direction=-73.8
[gzserver-2] [INFO] [1773141756.496954442] [gazebo_wind_plugin_node]: WindPlugin: set wind_speed=1.36 wind_direction=-73.8
[gzserver-2] [INFO] [1773141756.736425306] [gazebo_wind_plugin_node]: WindPlugin: set wind_speed=1.36 wind_direction=-73.8
[gzserver-2] [1;36m[Dbg] [wind_plugin.cpp:110] [0m[1;36mWindPlugin: received command -> speed=[0m[1;36m1.00661[0m[1;36m dir=[0m[1;36m-73.4331[0m[1;36m
[gzserver-2] [0m[1;36m[Dbg] [wind_plugin.cpp:110] [0m[1;36mWindPlugin: received command -> speed=[0m[1;36m1.00661[0m[1;36m dir=[0m[1;36m-73.4331[0m[1;36m
[gzserver-2] [0m[1;36m[Dbg] [wind_plugin.cpp:110] [0m[1;36mWindPlugin: received command -> speed=[0m[1;36m1.16856[0m[1;36m dir=[0m[1;36m-75.0792[0m[1;36m
[gzserver-2] [0m[1;36m[Dbg] [wind_plugin.cpp:110] [0m[1;36mWindPlugin: received command -> speed=[0m[1;36m1.16856[0m[1;36m dir=[0m[1;36m-75.0792[0m[1;36m
[gzserver-2] [0m[1;36m[Dbg] [wind_plugin.cpp:110] [0m[1;36mWindPlugin: received command -> speed=[0m[1;36m1.16856[0m[1;36m dir=[0m[1;36m-75.0792[0m[1;36m
[gzserver-2] [0m[1;36m[Dbg] [wind_plugin.cpp:110] [0m[1;36mWindPlugin: received command -> speed=[0m[1;36m1.16856[0m[1;36m dir=[0m[1;36m-75.0792[0m[1;36m
[gzserver-2] [0m[1;36m[Dbg] [wind_plugin.cpp:110] [0m[1;36mWindPlugin: received command -> speed=[0m[1;36m1.21298[0m[1;36m dir=[0m[1;36m-77.377[0m[1;36m
[gzserver-2] [0m[1;36m[Dbg] [wind_plugin.cpp:110] [0m[1;36mWindPlugin: received command -> speed=[0m[1;36m1.21298[0m[1;36m dir=[0m[1;36m-77.377[0m[1;36m
[gzserver-2] [0m[1;36m[Dbg] [wind_plugin.cpp:110] [0m[1;36mWindPlugin: received command -> speed=[0m[1;36m1.21298[0m[1;36m dir=[0m[1;36m-77.377[0m[1;36m
[gzserver-2] [0m[1;36m[Dbg] [wind_plugin.cpp:110] [0m[1;36mWindPlugin: received command -> speed=[0m[1;36m1.21298[0m[1;36m dir=[0m[1;36m-77.377[0m[1;36m
[gzserver-2] [0m[1;36m[Dbg] [wind_plugin.cpp:110] [0m[1;36mWindPlugin: received command -> speed=[0m[1;36m0.873013[0m[1;36m dir=[0m[1;36m-76.1466[0m[1;36m
[gzserver-2] [0m[1;36m[Dbg] [wind_plugin.cpp:110] [0m[1;36mWindPlugin: received command -> speed=[0m[1;36m0.873013[0m[1;36m dir=[0m[1;36m-76.1466[0m[1;36m
[gzserver-2] [0m[1;36m[Dbg] [wind_plugin.cpp:110] [0m[1;36mWindPlugin: received command -> speed=[0m[1;36m0.873013[0m[1;36m dir=[0m[1;36m-76.1466[0m[1;36m
[gzserver-2] [0m[1;36m[Dbg] [wind_plugin.cpp:110] [0m[1;36mWindPlugin: received command -> speed=[0m[1;36m0.873013[0m[1;36m dir=[0m[1;36m-76.1466[0m[1;36m
[gzserver-2] [0m[1;36m[Dbg] [wind_plugin.cpp:110] [0m[1;36mWindPlugin: received command -> speed=[0m[1;36m0.873013[0m[1;36m dir=[0m[1;36m-76.1466[0m[1;36m
[gzserver-2] [0m[1;36m[Dbg] [wind_plugin.cpp:110] [0m[1;36mWindPlugin: received command -> speed=[0m[1;36m1.12694[0m[1;36m dir=[0m[1;36m-74.0227[0m[1;36m
[gzserver-2] [0m[1;36m[Dbg] [wind_plugin.cpp:110] [0m[1;36mWindPlugin: received command -> speed=[0m[1;36m1.12694[0m[1;36m dir=[0m[1;36m-74.0227[0m[1;36m
[gzserver-2] [0m[1;36m[Dbg] [wind_plugin.cpp:110] [0m[1;36mWindPlugin: received command -> speed=[0m[1;36m1.12694[0m[1;36m dir=[0m[1;36m-74.0227[0m[1;36m
[gzserver-2] [0m[1;36m[Dbg] [wind_plugin.cpp:110] [0m[1;36mWindPlugin: received command -> speed=[0m[1;36m1.12694[0m[1;36m dir=[0m[1;36m-74.0227[0m[1;36m
[gzserver-2] [0m[1;36m[Dbg] [wind_plugin.cpp:110] [0m[1;36mWindPlugin: received command -> speed=[0m[1;36m1.36341[0m[1;36m dir=[0m[1;36m-73.7758[0m[1;36m
[gzserver-2] [0m[1;36m[Dbg] [wind_plugin.cpp:110] [0m[1;36mWindPlugin: received command -> speed=[0m[1;36m1.36341[0m[1;36m dir=[0m[1;36m-73.7758[0m[1;36m
[gzserver-2] [0m[1;36m[Dbg] [wind_plugin.cpp:110] [0m[1;36mWindPlugin: received command -> speed=[0m[1;36m1.36341[0m[1;36m dir=[0m[1;36m-73.7758[0m[1;36m
[gzserver-2] [0mLanded!
[gzserver-2] [INFO] [1773141756.965511398] [gazebo_wind_plugin_node]: WindPlugin: set wind_speed=1.36 wind_direction=-73.8
[gzserver-2] [INFO] [1773141757.204608477] [gazebo_wind_plugin_node]: WindPlugin: set wind_speed=1.00 wind_direction=-74.5
[gzserver-2] [INFO] [1773141757.443842951] [gazebo_wind_plugin_node]: WindPlugin: set wind_speed=1.00 wind_direction=-74.5
[gzserver-2] [INFO] [1773141757.672424378] [gazebo_wind_plugin_node]: WindPlugin: set wind_speed=1.00 wind_direction=-74.5
[gzserver-2] [INFO] [1773141757.911185735] [gazebo_wind_plugin_node]: WindPlugin: set wind_speed=1.00 wind_direction=-74.5
[gzserver-2] [INFO] [1773141758.145695342] [gazebo_wind_plugin_node]: WindPlugin: set wind_speed=0.99 wind_direction=-77.0
[gzserver-2] [INFO] [1773141758.385527601] [gazebo_wind_plugin_node]: WindPlugin: set wind_speed=0.99 wind_direction=-77.0
[gzserver-2] [INFO] [1773141758.624962143] [gazebo_wind_plugin_node]: WindPlugin: set wind_speed=0.99 wind_direction=-77.0
