[INFO] [launch]: All log files can be found below /home/j/.ros/log/2026-03-10-13-40-05-030708-j-1868693
[INFO] [launch]: Default logging verbosity is set to INFO
[INFO] [launch.user]: [bringup] Apriltag config: camera=/drone/bottom, image=/drone/bottom/image_raw, tags=/drone/bottom/tags, bridge=/landing_tag_state, standalone=true, use_target_id=true, target_id=0
[INFO] [rviz2-1]: process started with pid [1868694]
[INFO] [gzserver-2]: process started with pid [1868696]
[INFO] [robot_state_publisher-3]: process started with pid [1868698]
[INFO] [joint_state_publisher-4]: process started with pid [1868700]
[INFO] [spawn_drone-5]: process started with pid [1868702]
[INFO] [static_transform_publisher-6]: process started with pid [1868704]
[INFO] [joy_node-7]: process started with pid [1868706]
[INFO] [teleop_joystick-8]: process started with pid [1868708]
[INFO] [apriltag_detector_node-9]: process started with pid [1868710]
[INFO] [apriltag_state_bridge-10]: process started with pid [1868712]
[static_transform_publisher-6] [WARN] [1773117605.507749446] []: Old-style arguments are deprecated; see --help for new-style arguments
[static_transform_publisher-6] [INFO] [1773117605.512898355] [static_transform_publisher_fjROvZHQjRbxC7sp]: Spinning until stopped - publishing transform
[static_transform_publisher-6] translation: ('0.000000', '0.000000', '0.000000')
[static_transform_publisher-6] rotation: ('0.000000', '0.000000', '0.000000', '1.000000')
[static_transform_publisher-6] from 'world' to '/drone/odom'
[robot_state_publisher-3] [INFO] [1773117605.528860901] [drone.robot_state_publisher]: got segment base_footprint
[robot_state_publisher-3] [INFO] [1773117605.528925972] [drone.robot_state_publisher]: got segment base_link
[robot_state_publisher-3] [INFO] [1773117605.528931682] [drone.robot_state_publisher]: got segment bottom_cam_link
[robot_state_publisher-3] [INFO] [1773117605.528934746] [drone.robot_state_publisher]: got segment front_cam_link
[robot_state_publisher-3] [INFO] [1773117605.528937625] [drone.robot_state_publisher]: got segment sonar_link
[rviz2-1] 
[rviz2-1] (rviz2:1868694): dbind-WARNING **: 13:40:05.532: Couldn't connect to accessibility bus: Failed to connect to socket /root/.cache/at-spi/bus_0: 허가 거부
[apriltag_detector_node-9] [INFO] [1773117605.556853967] [apriltag_detector_node]: tag detector type: umich
[teleop_joystick-8] Traceback (most recent call last):
[teleop_joystick-8]   File "/home/j/INCSL/IICC26_ws/install/sjtu_drone_control/lib/sjtu_drone_control/teleop_joystick", line 33, in <module>
[teleop_joystick-8]     sys.exit(load_entry_point('sjtu_drone_control==0.0.0', 'console_scripts', 'teleop_joystick')())
[teleop_joystick-8]   File "/home/j/INCSL/IICC26_ws/install/sjtu_drone_control/lib/sjtu_drone_control/teleop_joystick", line 22, in importlib_load_entry_point
[teleop_joystick-8]     for entry_point in distribution(dist_name).entry_points
[teleop_joystick-8]   File "/usr/lib/python3.10/importlib/metadata/__init__.py", line 969, in distribution
[teleop_joystick-8]     return Distribution.from_name(distribution_name)
[teleop_joystick-8]   File "/usr/lib/python3.10/importlib/metadata/__init__.py", line 548, in from_name
[teleop_joystick-8]     raise PackageNotFoundError(name)
[teleop_joystick-8] importlib.metadata.PackageNotFoundError: No package metadata was found for sjtu_drone_control
[ERROR] [teleop_joystick-8]: process has died [pid 1868708, exit code 1, cmd '/home/j/INCSL/IICC26_ws/install/sjtu_drone_control/lib/sjtu_drone_control/teleop_joystick --ros-args -r __ns:=/drone'].
[gzserver-2] Gazebo multi-robot simulator, version 11.10.2
[gzserver-2] Copyright (C) 2012 Open Source Robotics Foundation.
[gzserver-2] Released under the Apache 2 License.
[gzserver-2] http://gazebosim.org
[gzserver-2] 
[joint_state_publisher-4] [INFO] [1773117605.763061521] [drone.joint_state_publisher]: Waiting for robot_description to be published on the robot_description topic...
[apriltag_state_bridge-10] [INFO] [1773117605.783677929] [apriltag_state_bridge]: AprilTag bridge started: /drone/bottom/tags -> /landing_tag_state, use_target_id=True, target_id=0
[gzserver-2] [1;33m[Wrn] [gazebo_ros_init.cpp:178] [0m[1;33m
[gzserver-2] #     # ####### ####### ###  #####  #######
[gzserver-2] ##    # #     #    #     #  #     # #
[gzserver-2] # #   # #     #    #     #  #       #
[gzserver-2] #  #  # #     #    #     #  #       #####
[gzserver-2] #   # # #     #    #     #  #       #
[gzserver-2] #    ## #     #    #     #  #     # #
[gzserver-2] #     # #######    #    ###  #####  #######
[gzserver-2] 
[gzserver-2] This version of Gazebo, now called Gazebo classic, reaches end-of-life
[gzserver-2] in January 2025. Users are highly encouraged to migrate to the new Gazebo
[gzserver-2] using our migration guides (https://gazebosim.org/docs/latest/gazebo_classic_migration?utm_source=gazebo_ros_pkgs&utm_medium=cli)
[gzserver-2] 
[gzserver-2] [0m[1;33m
[rviz2-1] [INFO] [1773117606.337424415] [rviz2]: Stereo is NOT SUPPORTED
[rviz2-1] [INFO] [1773117606.337517330] [rviz2]: OpenGl version: 4.6 (GLSL 4.6)
[rviz2-1] [INFO] [1773117606.429786057] [rviz2]: Stereo is NOT SUPPORTED
[rviz2-1] [INFO] [1773117606.508240889] [rviz2]: Stereo is NOT SUPPORTED
[spawn_drone-5] [INFO] [1773117606.896685615] [spawn_drone]: Result False Entity pushed to spawn queue, but spawn service timed outwaiting for entity to appear in simulation under the name [/drone]
[gzserver-2] [1;32m[Msg] [0m[1;32mWaiting for master.[0m[1;32m
[gzserver-2] [0m[1;32m[0m[1;32m[0m[1;32m[Msg] [0m[1;32mConnected to gazebo master @ [0m[1;32mhttp://127.0.0.1:11345[0m[1;32m
[gzserver-2] [0m[1;32m[0m[1;32m[0m[1;32m[Msg] [0m[1;32mPublicized address: [0m[1;32m172.16.52.147[0m[1;32m
[gzserver-2] [0m[1;32m[0m[1;32m[0m[1;32m[Msg] [0m[1;32mLoading world file [[0m[1;32m/home/j/INCSL/IICC26_ws/install/sjtu_drone_description/share/sjtu_drone_description/worlds/landingPad.world[0m[1;32m][0m[1;32m
[gzserver-2] [0m[1;32m[0m[1;32m[0m[1;36m[Dbg] [wind_plugin.cpp:96] [0m[1;36mWindPlugin loaded: speed=[0m[1;36m0[0m[1;36m dir=[0m[1;36m0[0m[1;36m deg area=[0m[1;36m0.1[0m[1;36m coeff=[0m[1;36m1[0m[1;36m
[gzserver-2] [0m[1;33m[0m[1;33m[0m[1;31m[Err] [Sensor.cc:510] [0m[1;31mGet noise index not valid[0m[1;31m
[gzserver-2] [0m[1;31m[0m[1;31m[0m[1;31m[Err] [Sensor.cc:510] [0m[1;31mGet noise index not valid[0m[1;31m
[gzserver-2] [0m[1;31m[0m[1;31m[0m[1;31m[Err] [Sensor.cc:510] [0m[1;31mGet noise index not valid[0m[1;31m
[gzserver-2] [0m[1;31m[0m[1;31m[0m[1;31m[Err] [Sensor.cc:510] [0m[1;31mGet noise index not valid[0m[1;31m
[gzserver-2] [0m[1;31m[0m[1;31m[0m[1;31m[Err] [Sensor.cc:510] [0m[1;31mGet noise index not valid[0m[1;31m
[gzserver-2] [0m[1;31m[0m[1;31m[0m[1;31m[Err] [Sensor.cc:510] [0m[1;31mGet noise index not valid[0m[1;31m
[gzserver-2] [0m[1;31m[0m[1;31m[0mTopic [default//drone/base_footprint/down_camera/image] is not valid.
[gzserver-2] [INFO] [1773117606.929738251] [drone.collision_plugin]: Publishing contact states to [/drone/bumper_states]
[gzserver-2] Topic [default//drone/base_footprint/front_camera/image] is not valid.
[gzserver-2] [1;33m[Wrn] [Event.cc:61] [0m[1;33mWarning: Deleting a connection right after creation. [0m[1;33mMake sure to save the ConnectionPtr from a Connect call
[INFO] [spawn_drone-5]: process has finished cleanly [pid 1868702]
[gzserver-2] [0m[INFO] [1773117607.509281547] [drone.camera_bottom]: Publishing camera info to [/drone/bottom/camera_info]
[gzserver-2] [INFO] [1773117607.514326537] [drone.camera_front]: Publishing camera info to [/drone/front/camera_info]
[gzserver-2] [INFO] [1773117607.636352537] [drone.simple_drone]: The drone plugin is loading!
[gzserver-2] [INFO] [1773117607.636569756] [drone.simple_drone]: pub_odom: 1
[gzserver-2] [INFO] [1773117607.636604441] [drone.simple_drone]: Using following parameters: 
[gzserver-2] 		link_name: base_footprint,
[gzserver-2] 		max_force: 30,
[gzserver-2] 		motion_small_noise: 0,
[gzserver-2] 		motion_drift_noise: 0,
[gzserver-2] 		motion_drift_noise_time: 50,
[gzserver-2] 		takeoff_hover_height: 2.23,
[gzserver-2] 		takeoff_vertical_speed: 0.2
[gzserver-2] [INFO] [1773117607.648142789] [drone.simple_drone]: Using the PID parameters: 
[gzserver-2] 	Roll Pitch:
[gzserver-2] 		kP: 10, kI: 0,kD: 5, Limit: 0.5, Time Constant: 0
[gzserver-2] 	Yaw:
[gzserver-2] 		kP: 2, kI: 0,kD: 1, Limit: 1.5, Time Constant: 0
[gzserver-2] 	Velocity X:
[gzserver-2] 		kP: 5, kI: 0,kD: 2.3, Limit: 2, Time Constant: 0
[gzserver-2] 	Velocity Y:
[gzserver-2] 		kP: 5, kI: 0,kD: 2.3, Limit: 2, Time Constant: 0
[gzserver-2] 	Velocity Z:
[gzserver-2] 		kP: 5, kI: 0,kD: 1, Limit: -1, Time Constant: 0
[gzserver-2] 	Position XY:
[gzserver-2] 		kP: 1.1, kI: 0,kD: 0, Limit: 5, Time Constant: 0
[gzserver-2] 	Position Z:
[gzserver-2] 		kP: 1, kI: 0,kD: 0.2, Limit: -1, Time Constant: 0
[gzserver-2] [INFO] [1773117607.648276864] [drone.simple_drone]: The drone plugin finished loading!
[gzserver-2] [INFO] [1773117614.857862557] [gazebo_wind_plugin_node]: WindPlugin: set wind_speed=0.00 wind_direction=0.0
[gzserver-2] [INFO] [1773117615.130499417] [gazebo_wind_plugin_node]: WindPlugin: set wind_speed=0.00 wind_direction=0.0
[gzserver-2] [INFO] [1773117615.166091756] [drone.simple_drone]: Quadrotor takes off!!
[gzserver-2] [INFO] [1773117615.367959174] [gazebo_wind_plugin_node]: WindPlugin: set wind_speed=0.00 wind_direction=0.0
[gzserver-2] [INFO] [1773117615.607986510] [gazebo_wind_plugin_node]: WindPlugin: set wind_speed=0.00 wind_direction=0.0
[gzserver-2] [INFO] [1773117615.849502220] [gazebo_wind_plugin_node]: WindPlugin: set wind_speed=0.00 wind_direction=0.0
[gzserver-2] [INFO] [1773117616.089338852] [gazebo_wind_plugin_node]: WindPlugin: set wind_speed=0.00 wind_direction=0.0
[gzserver-2] [INFO] [1773117616.328885828] [gazebo_wind_plugin_node]: WindPlugin: set wind_speed=0.00 wind_direction=0.0
[gzserver-2] [INFO] [1773117616.565104433] [gazebo_wind_plugin_node]: WindPlugin: set wind_speed=0.00 wind_direction=0.0
[gzserver-2] [INFO] [1773117616.794511903] [gazebo_wind_plugin_node]: WindPlugin: set wind_speed=0.00 wind_direction=0.0
[gzserver-2] [0m[1;36m[Dbg] [wind_plugin.cpp:110] [0m[1;36mWindPlugin: received command -> speed=[0m[1;36m0[0m[1;36m dir=[0m[1;36m0[0m[1;36m
[gzserver-2] [0m[1;36m[Dbg] [wind_plugin.cpp:110] [0m[1;36mWindPlugin: received command -> speed=[0m[1;36m0[0m[1;36m dir=[0m[1;36m0[0m[1;36m
[gzserver-2] [0m[1;36m[Dbg] [wind_plugin.cpp:110] [0m[1;36mWindPlugin: received command -> speed=[0m[1;36m0[0m[1;36m dir=[0m[1;36m0[0m[1;36m
[gzserver-2] [0m[1;36m[Dbg] [wind_plugin.cpp:110] [0m[1;36mWindPlugin: received command -> speed=[0m[1;36m0[0m[1;36m dir=[0m[1;36m0[0m[1;36m
[gzserver-2] [0m[1;36m[Dbg] [wind_plugin.cpp:110] [0m[1;36mWindPlugin: received command -> speed=[0m[1;36m0[0m[1;36m dir=[0m[1;36m0[0m[1;36m
[gzserver-2] [0m[1;36m[Dbg] [wind_plugin.cpp:110] [0m[1;36mWindPlugin: received command -> speed=[0m[1;36m0[0m[1;36m dir=[0m[1;36m0[0m[1;36m
[gzserver-2] [0m[1;36m[Dbg] [wind_plugin.cpp:110] [0m[1;36mWindPlugin: received command -> speed=[0m[1;36m0[0m[1;36m dir=[0m[1;36m0[0m[1;36m
[gzserver-2] [0m[1;36m[Dbg] [wind_plugin.cpp:110] [0m[1;36mWindPlugin: received command -> speed=[0m[1;36m0[0m[1;36m dir=[0m[1;36m0[0m[1;36m
[gzserver-2] [0m[1;36m[Dbg] [wind_plugin.cpp:110] [0m[1;36mWindPlugin: received command -> speed=[0m[1;36m0[0m[1;36m dir=[0m[1;36m0[0m[1;36m
[gzserver-2] [0mEntering flying model!
[gzserver-2] [INFO] [1773117617.033730529] [gazebo_wind_plugin_node]: WindPlugin: set wind_speed=0.00 wind_direction=0.0
[gzserver-2] [INFO] [1773117617.274224464] [gazebo_wind_plugin_node]: WindPlugin: set wind_speed=1.86 wind_direction=-146.7
[gzserver-2] [INFO] [1773117617.513644090] [gazebo_wind_plugin_node]: WindPlugin: set wind_speed=1.87 wind_direction=-151.2
[gzserver-2] [INFO] [1773117617.748059682] [gazebo_wind_plugin_node]: WindPlugin: set wind_speed=1.87 wind_direction=-151.2
[gzserver-2] [INFO] [1773117617.977326800] [gazebo_wind_plugin_node]: WindPlugin: set wind_speed=1.87 wind_direction=-151.2
[gzserver-2] [INFO] [1773117618.206581470] [gazebo_wind_plugin_node]: WindPlugin: set wind_speed=1.87 wind_direction=-151.2
[gzserver-2] [INFO] [1773117618.446711079] [gazebo_wind_plugin_node]: WindPlugin: set wind_speed=1.95 wind_direction=-149.0
[gzserver-2] [INFO] [1773117618.686182250] [gazebo_wind_plugin_node]: WindPlugin: set wind_speed=1.95 wind_direction=-149.0
[gzserver-2] [INFO] [1773117618.925431711] [gazebo_wind_plugin_node]: WindPlugin: set wind_speed=1.95 wind_direction=-149.0
[gzserver-2] [INFO] [1773117619.165024580] [gazebo_wind_plugin_node]: WindPlugin: set wind_speed=1.95 wind_direction=-149.0
[gzserver-2] [INFO] [1773117619.404160124] [gazebo_wind_plugin_node]: WindPlugin: set wind_speed=1.92 wind_direction=-148.7
[gzserver-2] [INFO] [1773117619.638140700] [gazebo_wind_plugin_node]: WindPlugin: set wind_speed=1.92 wind_direction=-148.7
[gzserver-2] [INFO] [1773117619.872135694] [gazebo_wind_plugin_node]: WindPlugin: set wind_speed=1.92 wind_direction=-148.7
[gzserver-2] [INFO] [1773117620.106107855] [gazebo_wind_plugin_node]: WindPlugin: set wind_speed=1.92 wind_direction=-148.7
[gzserver-2] [INFO] [1773117620.144087386] [drone.simple_drone]: Quadrotor lands!!
[gzserver-2] [INFO] [1773117620.345489017] [gazebo_wind_plugin_node]: WindPlugin: set wind_speed=1.92 wind_direction=-148.7
[gzserver-2] [INFO] [1773117620.584816932] [gazebo_wind_plugin_node]: WindPlugin: set wind_speed=1.83 wind_direction=-148.5
[gzserver-2] [INFO] [1773117620.818681178] [gazebo_wind_plugin_node]: WindPlugin: set wind_speed=1.83 wind_direction=-148.5
[gzserver-2] [INFO] [1773117621.058045293] [gazebo_wind_plugin_node]: WindPlugin: set wind_speed=1.83 wind_direction=-148.5
[gzserver-2] [1;36m[Dbg] [wind_plugin.cpp:110] [0m[1;36mWindPlugin: received command -> speed=[0m[1;36m0[0m[1;36m dir=[0m[1;36m0[0m[1;36m
[gzserver-2] [0m[1;36m[Dbg] [wind_plugin.cpp:110] [0m[1;36mWindPlugin: received command -> speed=[0m[1;36m1.85855[0m[1;36m dir=[0m[1;36m-146.714[0m[1;36m
[gzserver-2] [0m[1;36m[Dbg] [wind_plugin.cpp:110] [0m[1;36mWindPlugin: received command -> speed=[0m[1;36m1.87389[0m[1;36m dir=[0m[1;36m-151.155[0m[1;36m
[gzserver-2] [0m[1;36m[Dbg] [wind_plugin.cpp:110] [0m[1;36mWindPlugin: received command -> speed=[0m[1;36m1.87389[0m[1;36m dir=[0m[1;36m-151.155[0m[1;36m
[gzserver-2] [0m[1;36m[Dbg] [wind_plugin.cpp:110] [0m[1;36mWindPlugin: received command -> speed=[0m[1;36m1.87389[0m[1;36m dir=[0m[1;36m-151.155[0m[1;36m
[gzserver-2] [0m[1;36m[Dbg] [wind_plugin.cpp:110] [0m[1;36mWindPlugin: received command -> speed=[0m[1;36m1.87389[0m[1;36m dir=[0m[1;36m-151.155[0m[1;36m
[gzserver-2] [0m[1;36m[Dbg] [wind_plugin.cpp:110] [0m[1;36mWindPlugin: received command -> speed=[0m[1;36m1.94583[0m[1;36m dir=[0m[1;36m-149.017[0m[1;36m
[gzserver-2] [0m[1;36m[Dbg] [wind_plugin.cpp:110] [0m[1;36mWindPlugin: received command -> speed=[0m[1;36m1.94583[0m[1;36m dir=[0m[1;36m-149.017[0m[1;36m
[gzserver-2] [0m[1;36m[Dbg] [wind_plugin.cpp:110] [0m[1;36mWindPlugin: received command -> speed=[0m[1;36m1.94583[0m[1;36m dir=[0m[1;36m-149.017[0m[1;36m
[gzserver-2] [0m[1;36m[Dbg] [wind_plugin.cpp:110] [0m[1;36mWindPlugin: received command -> speed=[0m[1;36m1.94583[0m[1;36m dir=[0m[1;36m-149.017[0m[1;36m
[gzserver-2] [0m[1;36m[Dbg] [wind_plugin.cpp:110] [0m[1;36mWindPlugin: received command -> speed=[0m[1;36m1.92337[0m[1;36m dir=[0m[1;36m-148.699[0m[1;36m
[gzserver-2] [0m[1;36m[Dbg] [wind_plugin.cpp:110] [0m[1;36mWindPlugin: received command -> speed=[0m[1;36m1.92337[0m[1;36m dir=[0m[1;36m-148.699[0m[1;36m
[gzserver-2] [0m[1;36m[Dbg] [wind_plugin.cpp:110] [0m[1;36mWindPlugin: received command -> speed=[0m[1;36m1.92337[0m[1;36m dir=[0m[1;36m-148.699[0m[1;36m
[gzserver-2] [0m[1;36m[Dbg] [wind_plugin.cpp:110] [0m[1;36mWindPlugin: received command -> speed=[0m[1;36m1.92337[0m[1;36m dir=[0m[1;36m-148.699[0m[1;36m
[gzserver-2] [0m[1;36m[Dbg] [wind_plugin.cpp:110] [0m[1;36mWindPlugin: received command -> speed=[0m[1;36m1.92337[0m[1;36m dir=[0m[1;36m-148.699[0m[1;36m
[gzserver-2] [0m[1;36m[Dbg] [wind_plugin.cpp:110] [0m[1;36mWindPlugin: received command -> speed=[0m[1;36m1.82734[0m[1;36m dir=[0m[1;36m-148.476[0m[1;36m
[gzserver-2] [0m[1;36m[Dbg] [wind_plugin.cpp:110] [0m[1;36mWindPlugin: received command -> speed=[0m[1;36m1.82734[0m[1;36m dir=[0m[1;36m-148.476[0m[1;36m
[gzserver-2] [0m[1;36m[Dbg] [wind_plugin.cpp:110] [0m[1;36mWindPlugin: received command -> speed=[0m[1;36m1.82734[0m[1;36m dir=[0m[1;36m-148.476[0m[1;36m
[gzserver-2] [0mLanded!
[gzserver-2] [INFO] [1773117621.293119920] [gazebo_wind_plugin_node]: WindPlugin: set wind_speed=1.83 wind_direction=-148.5
[gzserver-2] [INFO] [1773117621.532490656] [gazebo_wind_plugin_node]: WindPlugin: set wind_speed=1.81 wind_direction=-151.6
[gzserver-2] [INFO] [1773117621.762826997] [gazebo_wind_plugin_node]: WindPlugin: set wind_speed=1.81 wind_direction=-151.6
[gzserver-2] [INFO] [1773117621.997137392] [gazebo_wind_plugin_node]: WindPlugin: set wind_speed=1.81 wind_direction=-151.6
[gzserver-2] [INFO] [1773117622.236727272] [gazebo_wind_plugin_node]: WindPlugin: set wind_speed=1.81 wind_direction=-151.6
[gzserver-2] [INFO] [1773117622.476715624] [gazebo_wind_plugin_node]: WindPlugin: set wind_speed=1.98 wind_direction=-152.2
[gzserver-2] [INFO] [1773117622.711492220] [gazebo_wind_plugin_node]: WindPlugin: set wind_speed=1.98 wind_direction=-152.2
[gzserver-2] [INFO] [1773117622.950589910] [gazebo_wind_plugin_node]: WindPlugin: set wind_speed=1.98 wind_direction=-152.2
