[INFO] [launch]: All log files can be found below /home/j/.ros/log/2026-03-10-12-07-52-118923-j-987767
[INFO] [launch]: Default logging verbosity is set to INFO
[INFO] [launch.user]: [bringup] Apriltag config: camera=/drone/bottom, image=/drone/bottom/image_raw, tags=/drone/bottom/tags, bridge=/landing_tag_state, standalone=true, use_target_id=true, target_id=0
[INFO] [rviz2-1]: process started with pid [987770]
[INFO] [gzserver-2]: process started with pid [987772]
[INFO] [robot_state_publisher-3]: process started with pid [987774]
[INFO] [joint_state_publisher-4]: process started with pid [987776]
[INFO] [spawn_drone-5]: process started with pid [987778]
[INFO] [static_transform_publisher-6]: process started with pid [987780]
[INFO] [joy_node-7]: process started with pid [987782]
[INFO] [teleop_joystick-8]: process started with pid [987784]
[INFO] [apriltag_detector_node-9]: process started with pid [987786]
[INFO] [apriltag_state_bridge-10]: process started with pid [987788]
[static_transform_publisher-6] [WARN] [1773112072.585317045] []: Old-style arguments are deprecated; see --help for new-style arguments
[static_transform_publisher-6] [INFO] [1773112072.590622492] [static_transform_publisher_EgHIwzJntlVY2wqJ]: Spinning until stopped - publishing transform
[static_transform_publisher-6] translation: ('0.000000', '0.000000', '0.000000')
[static_transform_publisher-6] rotation: ('0.000000', '0.000000', '0.000000', '1.000000')
[static_transform_publisher-6] from 'world' to '/drone/odom'
[robot_state_publisher-3] [INFO] [1773112072.609471093] [drone.robot_state_publisher]: got segment base_footprint
[robot_state_publisher-3] [INFO] [1773112072.609531109] [drone.robot_state_publisher]: got segment base_link
[robot_state_publisher-3] [INFO] [1773112072.609537251] [drone.robot_state_publisher]: got segment bottom_cam_link
[robot_state_publisher-3] [INFO] [1773112072.609540556] [drone.robot_state_publisher]: got segment front_cam_link
[robot_state_publisher-3] [INFO] [1773112072.609543383] [drone.robot_state_publisher]: got segment sonar_link
[rviz2-1] 
[rviz2-1] (rviz2:987770): dbind-WARNING **: 12:07:52.617: Couldn't connect to accessibility bus: Failed to connect to socket /root/.cache/at-spi/bus_0: 허가 거부
[teleop_joystick-8] Traceback (most recent call last):
[teleop_joystick-8]   File "/home/j/INCSL/IICC26_ws/install/sjtu_drone_control/lib/sjtu_drone_control/teleop_joystick", line 33, in <module>
[teleop_joystick-8]     sys.exit(load_entry_point('sjtu_drone_control==0.0.0', 'console_scripts', 'teleop_joystick')())
[teleop_joystick-8]   File "/home/j/INCSL/IICC26_ws/install/sjtu_drone_control/lib/sjtu_drone_control/teleop_joystick", line 22, in importlib_load_entry_point
[teleop_joystick-8]     for entry_point in distribution(dist_name).entry_points
[teleop_joystick-8]   File "/usr/lib/python3.10/importlib/metadata/__init__.py", line 969, in distribution
[teleop_joystick-8]     return Distribution.from_name(distribution_name)
[teleop_joystick-8]   File "/usr/lib/python3.10/importlib/metadata/__init__.py", line 548, in from_name
[teleop_joystick-8]     raise PackageNotFoundError(name)
[teleop_joystick-8] importlib.metadata.PackageNotFoundError: No package metadata was found for sjtu_drone_control
[apriltag_detector_node-9] [INFO] [1773112072.636371624] [apriltag_detector_node]: tag detector type: umich
[ERROR] [teleop_joystick-8]: process has died [pid 987784, exit code 1, cmd '/home/j/INCSL/IICC26_ws/install/sjtu_drone_control/lib/sjtu_drone_control/teleop_joystick --ros-args -r __ns:=/drone'].
[gzserver-2] Gazebo multi-robot simulator, version 11.10.2
[gzserver-2] Copyright (C) 2012 Open Source Robotics Foundation.
[gzserver-2] Released under the Apache 2 License.
[gzserver-2] http://gazebosim.org
[gzserver-2] 
[apriltag_state_bridge-10] [INFO] [1773112072.837191797] [apriltag_state_bridge]: AprilTag bridge started: /drone/bottom/tags -> /landing_tag_state, use_target_id=True, target_id=0
[joint_state_publisher-4] [INFO] [1773112072.868767692] [drone.joint_state_publisher]: Waiting for robot_description to be published on the robot_description topic...
[gzserver-2] [1;33m[Wrn] [gazebo_ros_init.cpp:178] [0m[1;33m
[gzserver-2] #     # ####### ####### ###  #####  #######
[gzserver-2] ##    # #     #    #     #  #     # #
[gzserver-2] # #   # #     #    #     #  #       #
[gzserver-2] #  #  # #     #    #     #  #       #####
[gzserver-2] #   # # #     #    #     #  #       #
[gzserver-2] #    ## #     #    #     #  #     # #
[gzserver-2] #     # #######    #    ###  #####  #######
[gzserver-2] 
[gzserver-2] This version of Gazebo, now called Gazebo classic, reaches end-of-life
[gzserver-2] in January 2025. Users are highly encouraged to migrate to the new Gazebo
[gzserver-2] using our migration guides (https://gazebosim.org/docs/latest/gazebo_classic_migration?utm_source=gazebo_ros_pkgs&utm_medium=cli)
[gzserver-2] 
[gzserver-2] [0m[1;33m
[rviz2-1] [INFO] [1773112073.440095667] [rviz2]: Stereo is NOT SUPPORTED
[rviz2-1] [INFO] [1773112073.440188186] [rviz2]: OpenGl version: 4.6 (GLSL 4.6)
[rviz2-1] [INFO] [1773112073.521679220] [rviz2]: Stereo is NOT SUPPORTED
[rviz2-1] [INFO] [1773112073.609201707] [rviz2]: Stereo is NOT SUPPORTED
[spawn_drone-5] [INFO] [1773112073.987182956] [spawn_drone]: Result False Entity pushed to spawn queue, but spawn service timed outwaiting for entity to appear in simulation under the name [/drone]
[gzserver-2] [1;32m[Msg] [0m[1;32mWaiting for master.[0m[1;32m
[gzserver-2] [0m[1;32m[0m[1;32m[0m[1;32m[Msg] [0m[1;32mConnected to gazebo master @ [0m[1;32mhttp://127.0.0.1:11345[0m[1;32m
[gzserver-2] [0m[1;32m[0m[1;32m[0m[1;32m[Msg] [0m[1;32mPublicized address: [0m[1;32m172.16.52.147[0m[1;32m
[gzserver-2] [0m[1;32m[0m[1;32m[0m[1;32m[Msg] [0m[1;32mLoading world file [[0m[1;32m/home/j/INCSL/IICC26_ws/install/sjtu_drone_description/share/sjtu_drone_description/worlds/landingPad.world[0m[1;32m][0m[1;32m
[gzserver-2] [0m[1;32m[0m[1;32m[0m[1;36m[Dbg] [wind_plugin.cpp:96] [0m[1;36mWindPlugin loaded: speed=[0m[1;36m0[0m[1;36m dir=[0m[1;36m0[0m[1;36m deg area=[0m[1;36m0.1[0m[1;36m coeff=[0m[1;36m1[0m[1;36m
[gzserver-2] [0m[1;33m[0m[1;33m[0m[1;31m[Err] [Sensor.cc:510] [0m[1;31mGet noise index not valid[0m[1;31m
[gzserver-2] [0m[1;31m[0m[1;31m[0m[1;31m[Err] [Sensor.cc:510] [0m[1;31mGet noise index not valid[0m[1;31m
[gzserver-2] [0m[1;31m[0m[1;31m[0m[1;31m[Err] [Sensor.cc:510] [0m[1;31mGet noise index not valid[0m[1;31m
[gzserver-2] [0m[1;31m[0m[1;31m[0m[1;31m[Err] [Sensor.cc:510] [0m[1;31mGet noise index not valid[0m[1;31m
[gzserver-2] [0m[1;31m[0m[1;31m[0m[1;31m[Err] [Sensor.cc:510] [0m[1;31mGet noise index not valid[0m[1;31m
[gzserver-2] [0m[1;31m[0m[1;31m[0m[1;31m[Err] [Sensor.cc:510] [0m[1;31mGet noise index not valid[0m[1;31m
[gzserver-2] [0m[1;31m[0m[1;31m[0mTopic [default//drone/base_footprint/down_camera/image] is not valid.
[gzserver-2] [INFO] [1773112074.017227415] [drone.collision_plugin]: Publishing contact states to [/drone/bumper_states]
[gzserver-2] Topic [default//drone/base_footprint/front_camera/image] is not valid.
[gzserver-2] [1;33m[Wrn] [Event.cc:61] [0m[1;33mWarning: Deleting a connection right after creation. [0m[1;33mMake sure to save the ConnectionPtr from a Connect call
[INFO] [spawn_drone-5]: process has finished cleanly [pid 987778]
[gzserver-2] [0m[INFO] [1773112074.597514786] [drone.camera_bottom]: Publishing camera info to [/drone/bottom/camera_info]
[gzserver-2] [INFO] [1773112074.602295647] [drone.camera_front]: Publishing camera info to [/drone/front/camera_info]
[gzserver-2] [INFO] [1773112074.724162641] [drone.simple_drone]: The drone plugin is loading!
[gzserver-2] [INFO] [1773112074.724362866] [drone.simple_drone]: pub_odom: 1
[gzserver-2] [INFO] [1773112074.724397112] [drone.simple_drone]: Using following parameters: 
[gzserver-2] 		link_name: base_footprint,
[gzserver-2] 		max_force: 30,
[gzserver-2] 		motion_small_noise: 0,
[gzserver-2] 		motion_drift_noise: 0,
[gzserver-2] 		motion_drift_noise_time: 50,
[gzserver-2] 		takeoff_hover_height: 2.45,
[gzserver-2] 		takeoff_vertical_speed: 0.2
[gzserver-2] [INFO] [1773112074.736204331] [drone.simple_drone]: Using the PID parameters: 
[gzserver-2] 	Roll Pitch:
[gzserver-2] 		kP: 10, kI: 0,kD: 5, Limit: 0.5, Time Constant: 0
[gzserver-2] 	Yaw:
[gzserver-2] 		kP: 2, kI: 0,kD: 1, Limit: 1.5, Time Constant: 0
[gzserver-2] 	Velocity X:
[gzserver-2] 		kP: 5, kI: 0,kD: 2.3, Limit: 2, Time Constant: 0
[gzserver-2] 	Velocity Y:
[gzserver-2] 		kP: 5, kI: 0,kD: 2.3, Limit: 2, Time Constant: 0
[gzserver-2] 	Velocity Z:
[gzserver-2] 		kP: 5, kI: 0,kD: 1, Limit: -1, Time Constant: 0
[gzserver-2] 	Position XY:
[gzserver-2] 		kP: 1.1, kI: 0,kD: 0, Limit: 5, Time Constant: 0
[gzserver-2] 	Position Z:
[gzserver-2] 		kP: 1, kI: 0,kD: 0.2, Limit: -1, Time Constant: 0
[gzserver-2] [INFO] [1773112074.736342882] [drone.simple_drone]: The drone plugin finished loading!
[gzserver-2] [INFO] [1773112081.940136570] [gazebo_wind_plugin_node]: WindPlugin: set wind_speed=0.00 wind_direction=0.0
[gzserver-2] [INFO] [1773112082.209923092] [gazebo_wind_plugin_node]: WindPlugin: set wind_speed=0.00 wind_direction=0.0
[gzserver-2] [INFO] [1773112082.243463156] [drone.simple_drone]: Quadrotor takes off!!
[gzserver-2] [INFO] [1773112082.444559456] [gazebo_wind_plugin_node]: WindPlugin: set wind_speed=0.00 wind_direction=0.0
[gzserver-2] [INFO] [1773112082.681694912] [gazebo_wind_plugin_node]: WindPlugin: set wind_speed=0.00 wind_direction=0.0
[gzserver-2] [INFO] [1773112082.915538021] [gazebo_wind_plugin_node]: WindPlugin: set wind_speed=0.00 wind_direction=0.0
[gzserver-2] [INFO] [1773112083.149584476] [gazebo_wind_plugin_node]: WindPlugin: set wind_speed=0.00 wind_direction=0.0
[gzserver-2] [INFO] [1773112083.382883564] [gazebo_wind_plugin_node]: WindPlugin: set wind_speed=0.00 wind_direction=0.0
[gzserver-2] [INFO] [1773112083.622367058] [gazebo_wind_plugin_node]: WindPlugin: set wind_speed=0.00 wind_direction=0.0
[gzserver-2] [INFO] [1773112083.861591878] [gazebo_wind_plugin_node]: WindPlugin: set wind_speed=0.00 wind_direction=0.0
[gzserver-2] [INFO] [1773112084.099019600] [gazebo_wind_plugin_node]: WindPlugin: set wind_speed=0.00 wind_direction=0.0
[gzserver-2] [0m[1;36m[Dbg] [wind_plugin.cpp:110] [0m[1;36mWindPlugin: received command -> speed=[0m[1;36m0[0m[1;36m dir=[0m[1;36m0[0m[1;36m
[gzserver-2] [0m[1;36m[Dbg] [wind_plugin.cpp:110] [0m[1;36mWindPlugin: received command -> speed=[0m[1;36m0[0m[1;36m dir=[0m[1;36m0[0m[1;36m
[gzserver-2] [0m[1;36m[Dbg] [wind_plugin.cpp:110] [0m[1;36mWindPlugin: received command -> speed=[0m[1;36m0[0m[1;36m dir=[0m[1;36m0[0m[1;36m
[gzserver-2] [0m[1;36m[Dbg] [wind_plugin.cpp:110] [0m[1;36mWindPlugin: received command -> speed=[0m[1;36m0[0m[1;36m dir=[0m[1;36m0[0m[1;36m
[gzserver-2] [0m[1;36m[Dbg] [wind_plugin.cpp:110] [0m[1;36mWindPlugin: received command -> speed=[0m[1;36m0[0m[1;36m dir=[0m[1;36m0[0m[1;36m
[gzserver-2] [0m[1;36m[Dbg] [wind_plugin.cpp:110] [0m[1;36mWindPlugin: received command -> speed=[0m[1;36m0[0m[1;36m dir=[0m[1;36m0[0m[1;36m
[gzserver-2] [0m[1;36m[Dbg] [wind_plugin.cpp:110] [0m[1;36mWindPlugin: received command -> speed=[0m[1;36m0[0m[1;36m dir=[0m[1;36m0[0m[1;36m
[gzserver-2] [0m[1;36m[Dbg] [wind_plugin.cpp:110] [0m[1;36mWindPlugin: received command -> speed=[0m[1;36m0[0m[1;36m dir=[0m[1;36m0[0m[1;36m
[gzserver-2] [0m[1;36m[Dbg] [wind_plugin.cpp:110] [0m[1;36mWindPlugin: received command -> speed=[0m[1;36m0[0m[1;36m dir=[0m[1;36m0[0m[1;36m
[gzserver-2] [0m[1;36m[Dbg] [wind_plugin.cpp:110] [0m[1;36mWindPlugin: received command -> speed=[0m[1;36m0[0m[1;36m dir=[0m[1;36m0[0m[1;36m
[gzserver-2] [0mEntering flying model!
[gzserver-2] [INFO] [1773112084.338797937] [gazebo_wind_plugin_node]: WindPlugin: set wind_speed=0.00 wind_direction=0.0
[gzserver-2] [INFO] [1773112084.573331850] [gazebo_wind_plugin_node]: WindPlugin: set wind_speed=0.95 wind_direction=-30.2
[gzserver-2] [INFO] [1773112084.814509005] [gazebo_wind_plugin_node]: WindPlugin: set wind_speed=0.95 wind_direction=-30.2
[gzserver-2] [INFO] [1773112085.053366453] [gazebo_wind_plugin_node]: WindPlugin: set wind_speed=0.95 wind_direction=-30.2
[gzserver-2] [INFO] [1773112085.292727463] [gazebo_wind_plugin_node]: WindPlugin: set wind_speed=0.95 wind_direction=-30.2
[gzserver-2] [INFO] [1773112085.526865638] [gazebo_wind_plugin_node]: WindPlugin: set wind_speed=1.24 wind_direction=-31.6
[gzserver-2] [INFO] [1773112085.767278358] [gazebo_wind_plugin_node]: WindPlugin: set wind_speed=1.24 wind_direction=-31.6
[gzserver-2] [INFO] [1773112086.006925939] [gazebo_wind_plugin_node]: WindPlugin: set wind_speed=1.24 wind_direction=-31.6
[gzserver-2] [INFO] [1773112086.248566020] [gazebo_wind_plugin_node]: WindPlugin: set wind_speed=1.24 wind_direction=-31.6
[gzserver-2] [INFO] [1773112086.487998801] [gazebo_wind_plugin_node]: WindPlugin: set wind_speed=1.31 wind_direction=-28.9
[gzserver-2] [INFO] [1773112086.728999049] [gazebo_wind_plugin_node]: WindPlugin: set wind_speed=1.31 wind_direction=-28.9
[gzserver-2] [INFO] [1773112086.968353310] [gazebo_wind_plugin_node]: WindPlugin: set wind_speed=1.31 wind_direction=-28.9
[gzserver-2] [INFO] [1773112087.204345848] [gazebo_wind_plugin_node]: WindPlugin: set wind_speed=1.31 wind_direction=-28.9
[gzserver-2] [INFO] [1773112087.443811687] [gazebo_wind_plugin_node]: WindPlugin: set wind_speed=1.27 wind_direction=-29.2
[gzserver-2] [INFO] [1773112087.683872369] [gazebo_wind_plugin_node]: WindPlugin: set wind_speed=1.27 wind_direction=-29.2
[gzserver-2] [INFO] [1773112087.923352925] [gazebo_wind_plugin_node]: WindPlugin: set wind_speed=1.27 wind_direction=-29.2
[gzserver-2] [INFO] [1773112088.157910143] [gazebo_wind_plugin_node]: WindPlugin: set wind_speed=1.27 wind_direction=-29.2
[gzserver-2] [INFO] [1773112088.387449502] [gazebo_wind_plugin_node]: WindPlugin: set wind_speed=1.27 wind_direction=-29.2
[gzserver-2] [INFO] [1773112088.626832614] [gazebo_wind_plugin_node]: WindPlugin: set wind_speed=1.25 wind_direction=-29.8
[gzserver-2] [INFO] [1773112088.662305069] [drone.simple_drone]: Quadrotor lands!!
[gzserver-2] [INFO] [1773112088.865161278] [gazebo_wind_plugin_node]: WindPlugin: set wind_speed=1.25 wind_direction=-29.8
[gzserver-2] [INFO] [1773112089.104748291] [gazebo_wind_plugin_node]: WindPlugin: set wind_speed=1.25 wind_direction=-29.8
[gzserver-2] [INFO] [1773112089.339520494] [gazebo_wind_plugin_node]: WindPlugin: set wind_speed=1.25 wind_direction=-29.8
[gzserver-2] [INFO] [1773112089.579177906] [gazebo_wind_plugin_node]: WindPlugin: set wind_speed=1.29 wind_direction=-29.1
[gzserver-2] [1;36m[Dbg] [wind_plugin.cpp:110] [0m[1;36mWindPlugin: received command -> speed=[0m[1;36m0[0m[1;36m dir=[0m[1;36m0[0m[1;36m
[gzserver-2] [0m[1;36m[Dbg] [wind_plugin.cpp:110] [0m[1;36mWindPlugin: received command -> speed=[0m[1;36m0.954728[0m[1;36m dir=[0m[1;36m-30.223[0m[1;36m
[gzserver-2] [0m[1;36m[Dbg] [wind_plugin.cpp:110] [0m[1;36mWindPlugin: received command -> speed=[0m[1;36m0.954728[0m[1;36m dir=[0m[1;36m-30.223[0m[1;36m
[gzserver-2] [0m[1;36m[Dbg] [wind_plugin.cpp:110] [0m[1;36mWindPlugin: received command -> speed=[0m[1;36m0.954728[0m[1;36m dir=[0m[1;36m-30.223[0m[1;36m
[gzserver-2] [0m[1;36m[Dbg] [wind_plugin.cpp:110] [0m[1;36mWindPlugin: received command -> speed=[0m[1;36m0.954728[0m[1;36m dir=[0m[1;36m-30.223[0m[1;36m
[gzserver-2] [0m[1;36m[Dbg] [wind_plugin.cpp:110] [0m[1;36mWindPlugin: received command -> speed=[0m[1;36m1.24032[0m[1;36m dir=[0m[1;36m-31.5572[0m[1;36m
[gzserver-2] [0m[1;36m[Dbg] [wind_plugin.cpp:110] [0m[1;36mWindPlugin: received command -> speed=[0m[1;36m1.24032[0m[1;36m dir=[0m[1;36m-31.5572[0m[1;36m
[gzserver-2] [0m[1;36m[Dbg] [wind_plugin.cpp:110] [0m[1;36mWindPlugin: received command -> speed=[0m[1;36m1.24032[0m[1;36m dir=[0m[1;36m-31.5572[0m[1;36m
[gzserver-2] [0m[1;36m[Dbg] [wind_plugin.cpp:110] [0m[1;36mWindPlugin: received command -> speed=[0m[1;36m1.24032[0m[1;36m dir=[0m[1;36m-31.5572[0m[1;36m
[gzserver-2] [0m[1;36m[Dbg] [wind_plugin.cpp:110] [0m[1;36mWindPlugin: received command -> speed=[0m[1;36m1.31211[0m[1;36m dir=[0m[1;36m-28.8788[0m[1;36m
[gzserver-2] [0m[1;36m[Dbg] [wind_plugin.cpp:110] [0m[1;36mWindPlugin: received command -> speed=[0m[1;36m1.31211[0m[1;36m dir=[0m[1;36m-28.8788[0m[1;36m
[gzserver-2] [0m[1;36m[Dbg] [wind_plugin.cpp:110] [0m[1;36mWindPlugin: received command -> speed=[0m[1;36m1.31211[0m[1;36m dir=[0m[1;36m-28.8788[0m[1;36m
[gzserver-2] [0m[1;36m[Dbg] [wind_plugin.cpp:110] [0m[1;36mWindPlugin: received command -> speed=[0m[1;36m1.31211[0m[1;36m dir=[0m[1;36m-28.8788[0m[1;36m
[gzserver-2] [0m[1;36m[Dbg] [wind_plugin.cpp:110] [0m[1;36mWindPlugin: received command -> speed=[0m[1;36m1.26993[0m[1;36m dir=[0m[1;36m-29.2316[0m[1;36m
[gzserver-2] [0m[1;36m[Dbg] [wind_plugin.cpp:110] [0m[1;36mWindPlugin: received command -> speed=[0m[1;36m1.26993[0m[1;36m dir=[0m[1;36m-29.2316[0m[1;36m
[gzserver-2] [0m[1;36m[Dbg] [wind_plugin.cpp:110] [0m[1;36mWindPlugin: received command -> speed=[0m[1;36m1.26993[0m[1;36m dir=[0m[1;36m-29.2316[0m[1;36m
[gzserver-2] [0m[1;36m[Dbg] [wind_plugin.cpp:110] [0m[1;36mWindPlugin: received command -> speed=[0m[1;36m1.26993[0m[1;36m dir=[0m[1;36m-29.2316[0m[1;36m
[gzserver-2] [0m[1;36m[Dbg] [wind_plugin.cpp:110] [0m[1;36mWindPlugin: received command -> speed=[0m[1;36m1.26993[0m[1;36m dir=[0m[1;36m-29.2316[0m[1;36m
[gzserver-2] [0m[1;36m[Dbg] [wind_plugin.cpp:110] [0m[1;36mWindPlugin: received command -> speed=[0m[1;36m1.24965[0m[1;36m dir=[0m[1;36m-29.7706[0m[1;36m
[gzserver-2] [0m[1;36m[Dbg] [wind_plugin.cpp:110] [0m[1;36mWindPlugin: received command -> speed=[0m[1;36m1.24965[0m[1;36m dir=[0m[1;36m-29.7706[0m[1;36m
[gzserver-2] [0m[1;36m[Dbg] [wind_plugin.cpp:110] [0m[1;36mWindPlugin: received command -> speed=[0m[1;36m1.24965[0m[1;36m dir=[0m[1;36m-29.7706[0m[1;36m
[gzserver-2] [0m[1;36m[Dbg] [wind_plugin.cpp:110] [0m[1;36mWindPlugin: received command -> speed=[0m[1;36m1.24965[0m[1;36m dir=[0m[1;36m-29.7706[0m[1;36m
[gzserver-2] [0m[1;36m[Dbg] [wind_plugin.cpp:110] [0m[1;36mWindPlugin: received command -> speed=[0m[1;36m1.29473[0m[1;36m dir=[0m[1;36m-29.0887[0m[1;36m
[gzserver-2] [0mLanded!
[gzserver-2] [INFO] [1773112089.813172719] [gazebo_wind_plugin_node]: WindPlugin: set wind_speed=1.29 wind_direction=-29.1
[gzserver-2] [INFO] [1773112090.052975694] [gazebo_wind_plugin_node]: WindPlugin: set wind_speed=1.29 wind_direction=-29.1
[gzserver-2] [INFO] [1773112090.292549528] [gazebo_wind_plugin_node]: WindPlugin: set wind_speed=1.29 wind_direction=-29.1
[gzserver-2] [INFO] [1773112090.526191833] [gazebo_wind_plugin_node]: WindPlugin: set wind_speed=1.24 wind_direction=-27.6
[gzserver-2] [INFO] [1773112090.765586628] [gazebo_wind_plugin_node]: WindPlugin: set wind_speed=1.24 wind_direction=-27.6
[gzserver-2] [INFO] [1773112090.999390384] [gazebo_wind_plugin_node]: WindPlugin: set wind_speed=1.24 wind_direction=-27.6
[gzserver-2] [INFO] [1773112091.233562658] [gazebo_wind_plugin_node]: WindPlugin: set wind_speed=1.24 wind_direction=-27.6
[gzserver-2] [INFO] [1773112091.468018193] [gazebo_wind_plugin_node]: WindPlugin: set wind_speed=1.41 wind_direction=-30.2
