[INFO] [launch]: All log files can be found below /home/j/.ros/log/2026-03-10-19-26-51-656756-j-35204
[INFO] [launch]: Default logging verbosity is set to INFO
[INFO] [launch.user]: [bringup] Apriltag config: camera=/drone/bottom, image=/drone/bottom/image_raw, tags=/drone/bottom/tags, bridge=/landing_tag_state, standalone=true, use_target_id=true, target_id=0
[INFO] [rviz2-1]: process started with pid [35219]
[INFO] [gzserver-2]: process started with pid [35221]
[INFO] [robot_state_publisher-3]: process started with pid [35223]
[INFO] [joint_state_publisher-4]: process started with pid [35225]
[INFO] [spawn_drone-5]: process started with pid [35227]
[INFO] [static_transform_publisher-6]: process started with pid [35229]
[INFO] [joy_node-7]: process started with pid [35231]
[INFO] [teleop_joystick-8]: process started with pid [35233]
[INFO] [apriltag_detector_node-9]: process started with pid [35235]
[INFO] [apriltag_state_bridge-10]: process started with pid [35237]
[static_transform_publisher-6] [WARN] [1773138412.142433572] []: Old-style arguments are deprecated; see --help for new-style arguments
[static_transform_publisher-6] [INFO] [1773138412.148112387] [static_transform_publisher_qVR4p5bof3VmKb8a]: Spinning until stopped - publishing transform
[static_transform_publisher-6] translation: ('0.000000', '0.000000', '0.000000')
[static_transform_publisher-6] rotation: ('0.000000', '0.000000', '0.000000', '1.000000')
[static_transform_publisher-6] from 'world' to '/drone/odom'
[robot_state_publisher-3] [INFO] [1773138412.174028990] [drone.robot_state_publisher]: got segment base_footprint
[robot_state_publisher-3] [INFO] [1773138412.174122083] [drone.robot_state_publisher]: got segment base_link
[robot_state_publisher-3] [INFO] [1773138412.174133650] [drone.robot_state_publisher]: got segment bottom_cam_link
[robot_state_publisher-3] [INFO] [1773138412.174141783] [drone.robot_state_publisher]: got segment front_cam_link
[robot_state_publisher-3] [INFO] [1773138412.174148793] [drone.robot_state_publisher]: got segment sonar_link
[rviz2-1] 
[rviz2-1] (rviz2:35219): dbind-WARNING **: 19:26:52.179: Couldn't connect to accessibility bus: Failed to connect to socket /root/.cache/at-spi/bus_0: 허가 거부
[teleop_joystick-8] Traceback (most recent call last):
[teleop_joystick-8]   File "/home/j/INCSL/IICC26_ws/install/sjtu_drone_control/lib/sjtu_drone_control/teleop_joystick", line 33, in <module>
[teleop_joystick-8]     sys.exit(load_entry_point('sjtu_drone_control==0.0.0', 'console_scripts', 'teleop_joystick')())
[teleop_joystick-8]   File "/home/j/INCSL/IICC26_ws/install/sjtu_drone_control/lib/sjtu_drone_control/teleop_joystick", line 22, in importlib_load_entry_point
[teleop_joystick-8]     for entry_point in distribution(dist_name).entry_points
[teleop_joystick-8]   File "/usr/lib/python3.10/importlib/metadata/__init__.py", line 969, in distribution
[teleop_joystick-8]     return Distribution.from_name(distribution_name)
[teleop_joystick-8]   File "/usr/lib/python3.10/importlib/metadata/__init__.py", line 548, in from_name
[teleop_joystick-8]     raise PackageNotFoundError(name)
[teleop_joystick-8] importlib.metadata.PackageNotFoundError: No package metadata was found for sjtu_drone_control
[apriltag_detector_node-9] [INFO] [1773138412.195899212] [apriltag_detector_node]: tag detector type: umich
[ERROR] [teleop_joystick-8]: process has died [pid 35233, exit code 1, cmd '/home/j/INCSL/IICC26_ws/install/sjtu_drone_control/lib/sjtu_drone_control/teleop_joystick --ros-args -r __ns:=/drone'].
[gzserver-2] Gazebo multi-robot simulator, version 11.10.2
[gzserver-2] Copyright (C) 2012 Open Source Robotics Foundation.
[gzserver-2] Released under the Apache 2 License.
[gzserver-2] http://gazebosim.org
[gzserver-2] 
[apriltag_state_bridge-10] [INFO] [1773138412.335228883] [apriltag_state_bridge]: AprilTag bridge started: /drone/bottom/tags -> /landing_tag_state, use_target_id=True, target_id=0
[joint_state_publisher-4] [INFO] [1773138412.436693698] [drone.joint_state_publisher]: Waiting for robot_description to be published on the robot_description topic...
[gzserver-2] [1;33m[Wrn] [gazebo_ros_init.cpp:178] [0m[1;33m
[gzserver-2] #     # ####### ####### ###  #####  #######
[gzserver-2] ##    # #     #    #     #  #     # #
[gzserver-2] # #   # #     #    #     #  #       #
[gzserver-2] #  #  # #     #    #     #  #       #####
[gzserver-2] #   # # #     #    #     #  #       #
[gzserver-2] #    ## #     #    #     #  #     # #
[gzserver-2] #     # #######    #    ###  #####  #######
[gzserver-2] 
[gzserver-2] This version of Gazebo, now called Gazebo classic, reaches end-of-life
[gzserver-2] in January 2025. Users are highly encouraged to migrate to the new Gazebo
[gzserver-2] using our migration guides (https://gazebosim.org/docs/latest/gazebo_classic_migration?utm_source=gazebo_ros_pkgs&utm_medium=cli)
[gzserver-2] 
[gzserver-2] [0m[1;33m
[rviz2-1] [INFO] [1773138412.999226274] [rviz2]: Stereo is NOT SUPPORTED
[rviz2-1] [INFO] [1773138412.999340400] [rviz2]: OpenGl version: 4.6 (GLSL 4.6)
[rviz2-1] [INFO] [1773138413.079463830] [rviz2]: Stereo is NOT SUPPORTED
[rviz2-1] [INFO] [1773138413.169555672] [rviz2]: Stereo is NOT SUPPORTED
[spawn_drone-5] [INFO] [1773138413.570614949] [spawn_drone]: Result False Entity pushed to spawn queue, but spawn service timed outwaiting for entity to appear in simulation under the name [/drone]
[gzserver-2] [1;32m[Msg] [0m[1;32mWaiting for master.[0m[1;32m
[gzserver-2] [0m[1;32m[0m[1;32m[0m[1;32m[Msg] [0m[1;32mConnected to gazebo master @ [0m[1;32mhttp://127.0.0.1:11345[0m[1;32m
[gzserver-2] [0m[1;32m[0m[1;32m[0m[1;32m[Msg] [0m[1;32mPublicized address: [0m[1;32m172.16.52.147[0m[1;32m
[gzserver-2] [0m[1;32m[0m[1;32m[0m[1;32m[Msg] [0m[1;32mLoading world file [[0m[1;32m/home/j/INCSL/IICC26_ws/install/sjtu_drone_description/share/sjtu_drone_description/worlds/landingPad.world[0m[1;32m][0m[1;32m
[gzserver-2] [0m[1;32m[0m[1;32m[0m[1;36m[Dbg] [wind_plugin.cpp:96] [0m[1;36mWindPlugin loaded: speed=[0m[1;36m0[0m[1;36m dir=[0m[1;36m0[0m[1;36m deg area=[0m[1;36m0.1[0m[1;36m coeff=[0m[1;36m1[0m[1;36m
[gzserver-2] [0m[1;33m[0m[1;33m[0m[1;31m[Err] [Sensor.cc:510] [0m[1;31mGet noise index not valid[0m[1;31m
[gzserver-2] [0m[1;31m[0m[1;31m[0m[1;31m[Err] [Sensor.cc:510] [0m[1;31mGet noise index not valid[0m[1;31m
[gzserver-2] [0m[1;31m[0m[1;31m[0m[1;31m[Err] [Sensor.cc:510] [0m[1;31mGet noise index not valid[0m[1;31m
[gzserver-2] [0m[1;31m[0m[1;31m[0m[1;31m[Err] [Sensor.cc:510] [0m[1;31mGet noise index not valid[0m[1;31m
[gzserver-2] [0m[1;31m[0m[1;31m[0m[1;31m[Err] [Sensor.cc:510] [0m[1;31mGet noise index not valid[0m[1;31m
[gzserver-2] [0m[1;31m[0m[1;31m[0m[1;31m[Err] [Sensor.cc:510] [0m[1;31mGet noise index not valid[0m[1;31m
[gzserver-2] [0m[1;31m[0m[1;31m[0mTopic [default//drone/base_footprint/down_camera/image] is not valid.
[gzserver-2] Topic [default//drone/base_footprint/front_camera/image] is not valid.
[gzserver-2] [INFO] [1773138413.603089619] [drone.collision_plugin]: Publishing contact states to [/drone/bumper_states]
[gzserver-2] [1;33m[Wrn] [Event.cc:61] [0m[1;33mWarning: Deleting a connection right after creation. [0m[1;33mMake sure to save the ConnectionPtr from a Connect call
[INFO] [spawn_drone-5]: process has finished cleanly [pid 35227]
[gzserver-2] [0m[INFO] [1773138414.160158354] [drone.camera_bottom]: Publishing camera info to [/drone/bottom/camera_info]
[gzserver-2] [INFO] [1773138414.164487590] [drone.camera_front]: Publishing camera info to [/drone/front/camera_info]
[gzserver-2] [INFO] [1773138414.286223661] [drone.simple_drone]: The drone plugin is loading!
[gzserver-2] [INFO] [1773138414.286428819] [drone.simple_drone]: pub_odom: 1
[gzserver-2] [INFO] [1773138414.286463025] [drone.simple_drone]: Using following parameters: 
[gzserver-2] 		link_name: base_footprint,
[gzserver-2] 		max_force: 30,
[gzserver-2] 		motion_small_noise: 0,
[gzserver-2] 		motion_drift_noise: 0,
[gzserver-2] 		motion_drift_noise_time: 50,
[gzserver-2] 		takeoff_hover_height: 1.8,
[gzserver-2] 		takeoff_vertical_speed: 0.2
[gzserver-2] [INFO] [1773138414.298114424] [drone.simple_drone]: Using the PID parameters: 
[gzserver-2] 	Roll Pitch:
[gzserver-2] 		kP: 10, kI: 0,kD: 5, Limit: 0.5, Time Constant: 0
[gzserver-2] 	Yaw:
[gzserver-2] 		kP: 2, kI: 0,kD: 1, Limit: 1.5, Time Constant: 0
[gzserver-2] 	Velocity X:
[gzserver-2] 		kP: 5, kI: 0,kD: 2.3, Limit: 2, Time Constant: 0
[gzserver-2] 	Velocity Y:
[gzserver-2] 		kP: 5, kI: 0,kD: 2.3, Limit: 2, Time Constant: 0
[gzserver-2] 	Velocity Z:
[gzserver-2] 		kP: 5, kI: 0,kD: 1, Limit: -1, Time Constant: 0
[gzserver-2] 	Position XY:
[gzserver-2] 		kP: 1.1, kI: 0,kD: 0, Limit: 5, Time Constant: 0
[gzserver-2] 	Position Z:
[gzserver-2] 		kP: 1, kI: 0,kD: 0.2, Limit: -1, Time Constant: 0
[gzserver-2] [INFO] [1773138414.298248452] [drone.simple_drone]: The drone plugin finished loading!
[gzserver-2] [INFO] [1773138421.523685328] [gazebo_wind_plugin_node]: WindPlugin: set wind_speed=0.00 wind_direction=0.0
[gzserver-2] [INFO] [1773138421.806236446] [gazebo_wind_plugin_node]: WindPlugin: set wind_speed=0.00 wind_direction=0.0
[gzserver-2] [INFO] [1773138421.840761438] [drone.simple_drone]: Quadrotor takes off!!
[gzserver-2] [INFO] [1773138422.041949255] [gazebo_wind_plugin_node]: WindPlugin: set wind_speed=0.00 wind_direction=0.0
[gzserver-2] [INFO] [1773138422.276378471] [gazebo_wind_plugin_node]: WindPlugin: set wind_speed=0.00 wind_direction=0.0
[gzserver-2] [INFO] [1773138422.511020125] [gazebo_wind_plugin_node]: WindPlugin: set wind_speed=0.00 wind_direction=0.0
[gzserver-2] [INFO] [1773138422.753307110] [gazebo_wind_plugin_node]: WindPlugin: set wind_speed=0.00 wind_direction=0.0
[gzserver-2] [INFO] [1773138422.997841465] [gazebo_wind_plugin_node]: WindPlugin: set wind_speed=0.00 wind_direction=0.0
[gzserver-2] [INFO] [1773138423.239717292] [gazebo_wind_plugin_node]: WindPlugin: set wind_speed=0.00 wind_direction=0.0
[gzserver-2] [0m[1;36m[Dbg] [wind_plugin.cpp:110] [0m[1;36mWindPlugin: received command -> speed=[0m[1;36m0[0m[1;36m dir=[0m[1;36m0[0m[1;36m
[gzserver-2] [0m[1;36m[Dbg] [wind_plugin.cpp:110] [0m[1;36mWindPlugin: received command -> speed=[0m[1;36m0[0m[1;36m dir=[0m[1;36m0[0m[1;36m
[gzserver-2] [0m[1;36m[Dbg] [wind_plugin.cpp:110] [0m[1;36mWindPlugin: received command -> speed=[0m[1;36m0[0m[1;36m dir=[0m[1;36m0[0m[1;36m
[gzserver-2] [0m[1;36m[Dbg] [wind_plugin.cpp:110] [0m[1;36mWindPlugin: received command -> speed=[0m[1;36m0[0m[1;36m dir=[0m[1;36m0[0m[1;36m
[gzserver-2] [0m[1;36m[Dbg] [wind_plugin.cpp:110] [0m[1;36mWindPlugin: received command -> speed=[0m[1;36m0[0m[1;36m dir=[0m[1;36m0[0m[1;36m
[gzserver-2] [0m[1;36m[Dbg] [wind_plugin.cpp:110] [0m[1;36mWindPlugin: received command -> speed=[0m[1;36m0[0m[1;36m dir=[0m[1;36m0[0m[1;36m
[gzserver-2] [0m[1;36m[Dbg] [wind_plugin.cpp:110] [0m[1;36mWindPlugin: received command -> speed=[0m[1;36m0[0m[1;36m dir=[0m[1;36m0[0m[1;36m
[gzserver-2] [0m[1;36m[Dbg] [wind_plugin.cpp:110] [0m[1;36mWindPlugin: received command -> speed=[0m[1;36m0[0m[1;36m dir=[0m[1;36m0[0m[1;36m
[gzserver-2] [0mEntering flying model!
[gzserver-2] [INFO] [1773138423.474336916] [gazebo_wind_plugin_node]: WindPlugin: set wind_speed=0.00 wind_direction=0.0
[gzserver-2] [INFO] [1773138423.714121737] [gazebo_wind_plugin_node]: WindPlugin: set wind_speed=1.07 wind_direction=-112.3
[gzserver-2] [INFO] [1773138423.955948969] [gazebo_wind_plugin_node]: WindPlugin: set wind_speed=1.07 wind_direction=-112.3
[gzserver-2] [INFO] [1773138424.195718005] [gazebo_wind_plugin_node]: WindPlugin: set wind_speed=0.92 wind_direction=-113.6
[gzserver-2] [INFO] [1773138424.437725332] [gazebo_wind_plugin_node]: WindPlugin: set wind_speed=0.92 wind_direction=-113.6
[gzserver-2] [INFO] [1773138424.677634927] [gazebo_wind_plugin_node]: WindPlugin: set wind_speed=0.92 wind_direction=-113.6
[gzserver-2] [INFO] [1773138424.917926796] [gazebo_wind_plugin_node]: WindPlugin: set wind_speed=0.92 wind_direction=-113.6
[gzserver-2] [INFO] [1773138425.163294740] [gazebo_wind_plugin_node]: WindPlugin: set wind_speed=0.93 wind_direction=-114.0
[gzserver-2] [INFO] [1773138425.406721768] [gazebo_wind_plugin_node]: WindPlugin: set wind_speed=0.93 wind_direction=-114.0
[gzserver-2] [INFO] [1773138425.640960070] [gazebo_wind_plugin_node]: WindPlugin: set wind_speed=0.93 wind_direction=-114.0
[gzserver-2] [INFO] [1773138425.880717995] [gazebo_wind_plugin_node]: WindPlugin: set wind_speed=0.93 wind_direction=-114.0
[gzserver-2] [INFO] [1773138426.119955362] [gazebo_wind_plugin_node]: WindPlugin: set wind_speed=0.94 wind_direction=-114.9
[gzserver-2] [INFO] [1773138426.354162031] [gazebo_wind_plugin_node]: WindPlugin: set wind_speed=0.94 wind_direction=-114.9
[gzserver-2] [INFO] [1773138426.595676500] [gazebo_wind_plugin_node]: WindPlugin: set wind_speed=0.94 wind_direction=-114.9
[gzserver-2] [INFO] [1773138426.634491589] [drone.simple_drone]: Quadrotor lands!!
[gzserver-2] [INFO] [1773138426.836113957] [gazebo_wind_plugin_node]: WindPlugin: set wind_speed=0.94 wind_direction=-114.9
[gzserver-2] [INFO] [1773138427.075652837] [gazebo_wind_plugin_node]: WindPlugin: set wind_speed=0.91 wind_direction=-115.1
[gzserver-2] [INFO] [1773138427.314989748] [gazebo_wind_plugin_node]: WindPlugin: set wind_speed=0.91 wind_direction=-115.1
[gzserver-2] [INFO] [1773138427.549546950] [gazebo_wind_plugin_node]: WindPlugin: set wind_speed=0.91 wind_direction=-115.1
[gzserver-2] [1;36m[Dbg] [wind_plugin.cpp:110] [0m[1;36mWindPlugin: received command -> speed=[0m[1;36m0[0m[1;36m dir=[0m[1;36m0[0m[1;36m
[gzserver-2] [0m[1;36m[Dbg] [wind_plugin.cpp:110] [0m[1;36mWindPlugin: received command -> speed=[0m[1;36m1.06894[0m[1;36m dir=[0m[1;36m-112.271[0m[1;36m
[gzserver-2] [0m[1;36m[Dbg] [wind_plugin.cpp:110] [0m[1;36mWindPlugin: received command -> speed=[0m[1;36m1.06894[0m[1;36m dir=[0m[1;36m-112.271[0m[1;36m
[gzserver-2] [0m[1;36m[Dbg] [wind_plugin.cpp:110] [0m[1;36mWindPlugin: received command -> speed=[0m[1;36m0.92085[0m[1;36m dir=[0m[1;36m-113.594[0m[1;36m
[gzserver-2] [0m[1;36m[Dbg] [wind_plugin.cpp:110] [0m[1;36mWindPlugin: received command -> speed=[0m[1;36m0.92085[0m[1;36m dir=[0m[1;36m-113.594[0m[1;36m
[gzserver-2] [0m[1;36m[Dbg] [wind_plugin.cpp:110] [0m[1;36mWindPlugin: received command -> speed=[0m[1;36m0.92085[0m[1;36m dir=[0m[1;36m-113.594[0m[1;36m
[gzserver-2] [0m[1;36m[Dbg] [wind_plugin.cpp:110] [0m[1;36mWindPlugin: received command -> speed=[0m[1;36m0.92085[0m[1;36m dir=[0m[1;36m-113.594[0m[1;36m
[gzserver-2] [0m[1;36m[Dbg] [wind_plugin.cpp:110] [0m[1;36mWindPlugin: received command -> speed=[0m[1;36m0.929384[0m[1;36m dir=[0m[1;36m-113.968[0m[1;36m
[gzserver-2] [0m[1;36m[Dbg] [wind_plugin.cpp:110] [0m[1;36mWindPlugin: received command -> speed=[0m[1;36m0.929384[0m[1;36m dir=[0m[1;36m-113.968[0m[1;36m
[gzserver-2] [0m[1;36m[Dbg] [wind_plugin.cpp:110] [0m[1;36mWindPlugin: received command -> speed=[0m[1;36m0.929384[0m[1;36m dir=[0m[1;36m-113.968[0m[1;36m
[gzserver-2] [0m[1;36m[Dbg] [wind_plugin.cpp:110] [0m[1;36mWindPlugin: received command -> speed=[0m[1;36m0.929384[0m[1;36m dir=[0m[1;36m-113.968[0m[1;36m
[gzserver-2] [0m[1;36m[Dbg] [wind_plugin.cpp:110] [0m[1;36mWindPlugin: received command -> speed=[0m[1;36m0.942333[0m[1;36m dir=[0m[1;36m-114.878[0m[1;36m
[gzserver-2] [0m[1;36m[Dbg] [wind_plugin.cpp:110] [0m[1;36mWindPlugin: received command -> speed=[0m[1;36m0.942333[0m[1;36m dir=[0m[1;36m-114.878[0m[1;36m
[gzserver-2] [0m[1;36m[Dbg] [wind_plugin.cpp:110] [0m[1;36mWindPlugin: received command -> speed=[0m[1;36m0.942333[0m[1;36m dir=[0m[1;36m-114.878[0m[1;36m
[gzserver-2] [0m[1;36m[Dbg] [wind_plugin.cpp:110] [0m[1;36mWindPlugin: received command -> speed=[0m[1;36m0.942333[0m[1;36m dir=[0m[1;36m-114.878[0m[1;36m
[gzserver-2] [0m[1;36m[Dbg] [wind_plugin.cpp:110] [0m[1;36mWindPlugin: received command -> speed=[0m[1;36m0.91355[0m[1;36m dir=[0m[1;36m-115.124[0m[1;36m
[gzserver-2] [0m[1;36m[Dbg] [wind_plugin.cpp:110] [0m[1;36mWindPlugin: received command -> speed=[0m[1;36m0.91355[0m[1;36m dir=[0m[1;36m-115.124[0m[1;36m
[gzserver-2] [0m[1;36m[Dbg] [wind_plugin.cpp:110] [0m[1;36mWindPlugin: received command -> speed=[0m[1;36m0.91355[0m[1;36m dir=[0m[1;36m-115.124[0m[1;36m
[gzserver-2] [0mLanded!
[gzserver-2] [INFO] [1773138427.789000577] [gazebo_wind_plugin_node]: WindPlugin: set wind_speed=0.91 wind_direction=-115.1
[gzserver-2] [INFO] [1773138428.023067408] [gazebo_wind_plugin_node]: WindPlugin: set wind_speed=1.07 wind_direction=-115.1
[gzserver-2] [INFO] [1773138428.262861243] [gazebo_wind_plugin_node]: WindPlugin: set wind_speed=1.07 wind_direction=-115.1
[gzserver-2] [INFO] [1773138428.504358529] [gazebo_wind_plugin_node]: WindPlugin: set wind_speed=1.07 wind_direction=-115.1
[gzserver-2] [INFO] [1773138428.734719325] [gazebo_wind_plugin_node]: WindPlugin: set wind_speed=1.07 wind_direction=-115.1
[gzserver-2] [INFO] [1773138428.974661701] [gazebo_wind_plugin_node]: WindPlugin: set wind_speed=1.07 wind_direction=-115.1
[gzserver-2] [INFO] [1773138429.215361429] [gazebo_wind_plugin_node]: WindPlugin: set wind_speed=0.99 wind_direction=-115.5
[gzserver-2] [INFO] [1773138429.454523674] [gazebo_wind_plugin_node]: WindPlugin: set wind_speed=0.99 wind_direction=-115.5
