[INFO] [launch]: All log files can be found below /home/j/.ros/log/2026-03-11-06-39-56-187780-j-1308891
[INFO] [launch]: Default logging verbosity is set to INFO
[INFO] [launch.user]: [bringup] Apriltag config: camera=/drone/bottom, image=/drone/bottom/image_raw, tags=/drone/bottom/tags, bridge=/landing_tag_state, standalone=true, use_target_id=true, target_id=0
[INFO] [rviz2-1]: process started with pid [1308901]
[INFO] [gzserver-2]: process started with pid [1308904]
[INFO] [robot_state_publisher-3]: process started with pid [1308906]
[INFO] [joint_state_publisher-4]: process started with pid [1308908]
[INFO] [spawn_drone-5]: process started with pid [1308910]
[INFO] [static_transform_publisher-6]: process started with pid [1308912]
[INFO] [joy_node-7]: process started with pid [1308914]
[INFO] [teleop_joystick-8]: process started with pid [1308917]
[INFO] [apriltag_detector_node-9]: process started with pid [1308920]
[INFO] [apriltag_state_bridge-10]: process started with pid [1308922]
[static_transform_publisher-6] [WARN] [1773178796.658247659] []: Old-style arguments are deprecated; see --help for new-style arguments
[static_transform_publisher-6] [INFO] [1773178796.665747965] [static_transform_publisher_l8TZl1r6uwHf7qTi]: Spinning until stopped - publishing transform
[static_transform_publisher-6] translation: ('0.000000', '0.000000', '0.000000')
[static_transform_publisher-6] rotation: ('0.000000', '0.000000', '0.000000', '1.000000')
[static_transform_publisher-6] from 'world' to '/drone/odom'
[robot_state_publisher-3] [INFO] [1773178796.691092847] [drone.robot_state_publisher]: got segment base_footprint
[robot_state_publisher-3] [INFO] [1773178796.691189505] [drone.robot_state_publisher]: got segment base_link
[robot_state_publisher-3] [INFO] [1773178796.691202234] [drone.robot_state_publisher]: got segment bottom_cam_link
[robot_state_publisher-3] [INFO] [1773178796.691210263] [drone.robot_state_publisher]: got segment front_cam_link
[robot_state_publisher-3] [INFO] [1773178796.691217292] [drone.robot_state_publisher]: got segment sonar_link
[rviz2-1] 
[rviz2-1] (rviz2:1308901): dbind-WARNING **: 06:39:56.694: Couldn't connect to accessibility bus: Failed to connect to socket /root/.cache/at-spi/bus_0: 허가 거부
[apriltag_detector_node-9] [INFO] [1773178796.695592351] [apriltag_detector_node]: tag detector type: umich
[teleop_joystick-8] Traceback (most recent call last):
[teleop_joystick-8]   File "/home/j/INCSL/IICC26_ws/install/sjtu_drone_control/lib/sjtu_drone_control/teleop_joystick", line 33, in <module>
[teleop_joystick-8]     sys.exit(load_entry_point('sjtu_drone_control==0.0.0', 'console_scripts', 'teleop_joystick')())
[teleop_joystick-8]   File "/home/j/INCSL/IICC26_ws/install/sjtu_drone_control/lib/sjtu_drone_control/teleop_joystick", line 22, in importlib_load_entry_point
[teleop_joystick-8]     for entry_point in distribution(dist_name).entry_points
[teleop_joystick-8]   File "/usr/lib/python3.10/importlib/metadata/__init__.py", line 969, in distribution
[teleop_joystick-8]     return Distribution.from_name(distribution_name)
[teleop_joystick-8]   File "/usr/lib/python3.10/importlib/metadata/__init__.py", line 548, in from_name
[teleop_joystick-8]     raise PackageNotFoundError(name)
[teleop_joystick-8] importlib.metadata.PackageNotFoundError: No package metadata was found for sjtu_drone_control
[ERROR] [teleop_joystick-8]: process has died [pid 1308917, exit code 1, cmd '/home/j/INCSL/IICC26_ws/install/sjtu_drone_control/lib/sjtu_drone_control/teleop_joystick --ros-args -r __ns:=/drone'].
[apriltag_state_bridge-10] [INFO] [1773178796.848582477] [apriltag_state_bridge]: AprilTag bridge started: /drone/bottom/tags -> /landing_tag_state, use_target_id=True, target_id=0
[gzserver-2] Gazebo multi-robot simulator, version 11.10.2
[gzserver-2] Copyright (C) 2012 Open Source Robotics Foundation.
[gzserver-2] Released under the Apache 2 License.
[gzserver-2] http://gazebosim.org
[gzserver-2] 
[joint_state_publisher-4] [INFO] [1773178796.913603454] [drone.joint_state_publisher]: Waiting for robot_description to be published on the robot_description topic...
[gzserver-2] [1;33m[Wrn] [gazebo_ros_init.cpp:178] [0m[1;33m
[gzserver-2] #     # ####### ####### ###  #####  #######
[gzserver-2] ##    # #     #    #     #  #     # #
[gzserver-2] # #   # #     #    #     #  #       #
[gzserver-2] #  #  # #     #    #     #  #       #####
[gzserver-2] #   # # #     #    #     #  #       #
[gzserver-2] #    ## #     #    #     #  #     # #
[gzserver-2] #     # #######    #    ###  #####  #######
[gzserver-2] 
[gzserver-2] This version of Gazebo, now called Gazebo classic, reaches end-of-life
[gzserver-2] in January 2025. Users are highly encouraged to migrate to the new Gazebo
[gzserver-2] using our migration guides (https://gazebosim.org/docs/latest/gazebo_classic_migration?utm_source=gazebo_ros_pkgs&utm_medium=cli)
[gzserver-2] 
[gzserver-2] [0m[1;33m
[rviz2-1] [INFO] [1773178797.494216512] [rviz2]: Stereo is NOT SUPPORTED
[rviz2-1] [INFO] [1773178797.494339416] [rviz2]: OpenGl version: 4.6 (GLSL 4.6)
[rviz2-1] [INFO] [1773178797.585629598] [rviz2]: Stereo is NOT SUPPORTED
[rviz2-1] [INFO] [1773178797.676193503] [rviz2]: Stereo is NOT SUPPORTED
[gzserver-2] [1;32m[Msg] [0m[1;32mWaiting for master.[0m[1;32m
[gzserver-2] [0m[1;32m[0m[1;32m[0m[1;32m[Msg] [0m[1;32mConnected to gazebo master @ [0m[1;32mhttp://127.0.0.1:11345[0m[1;32m
[gzserver-2] [0m[1;32m[0m[1;32m[0m[1;32m[Msg] [0m[1;32mPublicized address: [0m[1;32m192.168.0.11[0m[1;32m
[gzserver-2] [0m[1;32m[0m[1;32m[0m[1;32m[Msg] [0m[1;32mLoading world file [[0m[1;32m/home/j/INCSL/IICC26_ws/install/sjtu_drone_description/share/sjtu_drone_description/worlds/landingPad.world[0m[1;32m][0m[1;32m
[gzserver-2] [0m[1;32m[0m[1;32m[0m[1;36m[Dbg] [wind_plugin.cpp:96] [0m[1;36mWindPlugin loaded: speed=[0m[1;36m0[0m[1;36m dir=[0m[1;36m0[0m[1;36m deg area=[0m[1;36m0.1[0m[1;36m coeff=[0m[1;36m1[0m[1;36m
[gzserver-2] [0m[1;33m[0m[1;33m[0m[1;31m[Err] [Sensor.cc:510] [0m[1;31mGet noise index not valid[0m[1;31m
[gzserver-2] [0m[1;31m[0m[1;31m[0m[1;31m[Err] [Sensor.cc:510] [0m[1;31mGet noise index not valid[0m[1;31m
[gzserver-2] [0m[1;31m[0m[1;31m[0m[1;31m[Err] [Sensor.cc:510] [0m[1;31mGet noise index not valid[0m[1;31m
[gzserver-2] [0m[1;31m[0m[1;31m[0m[1;31m[Err] [Sensor.cc:510] [0m[1;31mGet noise index not valid[0m[1;31m
[gzserver-2] [0m[1;31m[0m[1;31m[0m[1;31m[Err] [Sensor.cc:510] [0m[1;31mGet noise index not valid[0m[1;31m
[gzserver-2] [0m[1;31m[0m[1;31m[0m[1;31m[Err] [Sensor.cc:510] [0m[1;31mGet noise index not valid[0m[1;31m
[gzserver-2] [0m[1;31m[0m[1;31m[0mTopic [default//drone/base_footprint/down_camera/image] is not valid.
[gzserver-2] [INFO] [1773178798.139543487] [drone.collision_plugin]: Publishing contact states to [/drone/bumper_states]
[gzserver-2] Topic [default//drone/base_footprint/front_camera/image] is not valid.
[gzserver-2] [1;33m[Wrn] [Event.cc:61] [0m[1;33mWarning: Deleting a connection right after creation. [0m[1;33mMake sure to save the ConnectionPtr from a Connect call
[gzserver-2] [0m[INFO] [1773178798.698493811] [drone.camera_bottom]: Publishing camera info to [/drone/bottom/camera_info]
[gzserver-2] [INFO] [1773178798.701501031] [drone.camera_front]: Publishing camera info to [/drone/front/camera_info]
[spawn_drone-5] [INFO] [1773178798.711494087] [spawn_drone]: Result True SpawnEntity: Successfully spawned entity [/drone]
[gzserver-2] [INFO] [1773178798.824706855] [drone.simple_drone]: The drone plugin is loading!
[gzserver-2] [INFO] [1773178798.824915307] [drone.simple_drone]: pub_odom: 1
[gzserver-2] [INFO] [1773178798.824953051] [drone.simple_drone]: Using following parameters: 
[gzserver-2] 		link_name: base_footprint,
[gzserver-2] 		max_force: 30,
[gzserver-2] 		motion_small_noise: 0,
[gzserver-2] 		motion_drift_noise: 0,
[gzserver-2] 		motion_drift_noise_time: 50,
[gzserver-2] 		takeoff_hover_height: 1.99,
[gzserver-2] 		takeoff_vertical_speed: 0.2
[gzserver-2] [INFO] [1773178798.836701549] [drone.simple_drone]: Using the PID parameters: 
[gzserver-2] 	Roll Pitch:
[gzserver-2] 		kP: 10, kI: 0,kD: 5, Limit: 0.5, Time Constant: 0
[gzserver-2] 	Yaw:
[gzserver-2] 		kP: 2, kI: 0,kD: 1, Limit: 1.5, Time Constant: 0
[gzserver-2] 	Velocity X:
[gzserver-2] 		kP: 5, kI: 0,kD: 2.3, Limit: 2, Time Constant: 0
[gzserver-2] 	Velocity Y:
[gzserver-2] 		kP: 5, kI: 0,kD: 2.3, Limit: 2, Time Constant: 0
[gzserver-2] 	Velocity Z:
[gzserver-2] 		kP: 5, kI: 0,kD: 1, Limit: -1, Time Constant: 0
[gzserver-2] 	Position XY:
[gzserver-2] 		kP: 1.1, kI: 0,kD: 0, Limit: 5, Time Constant: 0
[gzserver-2] 	Position Z:
[gzserver-2] 		kP: 1, kI: 0,kD: 0.2, Limit: -1, Time Constant: 0
[gzserver-2] [INFO] [1773178798.836830401] [drone.simple_drone]: The drone plugin finished loading!
[INFO] [spawn_drone-5]: process has finished cleanly [pid 1308910]
[gzserver-2] [INFO] [1773178806.021706552] [gazebo_wind_plugin_node]: WindPlugin: set wind_speed=0.00 wind_direction=0.0
[gzserver-2] [INFO] [1773178806.278815186] [gazebo_wind_plugin_node]: WindPlugin: set wind_speed=0.00 wind_direction=0.0
[gzserver-2] [INFO] [1773178806.318000103] [drone.simple_drone]: Quadrotor takes off!!
[gzserver-2] [INFO] [1773178806.518785474] [gazebo_wind_plugin_node]: WindPlugin: set wind_speed=0.00 wind_direction=0.0
[gzserver-2] [INFO] [1773178806.754753589] [gazebo_wind_plugin_node]: WindPlugin: set wind_speed=0.00 wind_direction=0.0
[gzserver-2] [INFO] [1773178806.994139789] [gazebo_wind_plugin_node]: WindPlugin: set wind_speed=0.00 wind_direction=0.0
[gzserver-2] [INFO] [1773178807.233593888] [gazebo_wind_plugin_node]: WindPlugin: set wind_speed=0.00 wind_direction=0.0
[gzserver-2] [INFO] [1773178807.472925732] [gazebo_wind_plugin_node]: WindPlugin: set wind_speed=0.00 wind_direction=0.0
[gzserver-2] [INFO] [1773178807.707444184] [gazebo_wind_plugin_node]: WindPlugin: set wind_speed=0.00 wind_direction=0.0
[gzserver-2] [0m[1;36m[Dbg] [wind_plugin.cpp:110] [0m[1;36mWindPlugin: received command -> speed=[0m[1;36m0[0m[1;36m dir=[0m[1;36m0[0m[1;36m
[gzserver-2] [0m[1;36m[Dbg] [wind_plugin.cpp:110] [0m[1;36mWindPlugin: received command -> speed=[0m[1;36m0[0m[1;36m dir=[0m[1;36m0[0m[1;36m
[gzserver-2] [0m[1;36m[Dbg] [wind_plugin.cpp:110] [0m[1;36mWindPlugin: received command -> speed=[0m[1;36m0[0m[1;36m dir=[0m[1;36m0[0m[1;36m
[gzserver-2] [0m[1;36m[Dbg] [wind_plugin.cpp:110] [0m[1;36mWindPlugin: received command -> speed=[0m[1;36m0[0m[1;36m dir=[0m[1;36m0[0m[1;36m
[gzserver-2] [0m[1;36m[Dbg] [wind_plugin.cpp:110] [0m[1;36mWindPlugin: received command -> speed=[0m[1;36m0[0m[1;36m dir=[0m[1;36m0[0m[1;36m
[gzserver-2] [0m[1;36m[Dbg] [wind_plugin.cpp:110] [0m[1;36mWindPlugin: received command -> speed=[0m[1;36m0[0m[1;36m dir=[0m[1;36m0[0m[1;36m
[gzserver-2] [0m[1;36m[Dbg] [wind_plugin.cpp:110] [0m[1;36mWindPlugin: received command -> speed=[0m[1;36m0[0m[1;36m dir=[0m[1;36m0[0m[1;36m
[gzserver-2] [0m[1;36m[Dbg] [wind_plugin.cpp:110] [0m[1;36mWindPlugin: received command -> speed=[0m[1;36m0[0m[1;36m dir=[0m[1;36m0[0m[1;36m
[gzserver-2] [0mEntering flying model!
[gzserver-2] [INFO] [1773178807.942286538] [gazebo_wind_plugin_node]: WindPlugin: set wind_speed=0.00 wind_direction=0.0
[gzserver-2] [INFO] [1773178808.182502365] [gazebo_wind_plugin_node]: WindPlugin: set wind_speed=0.84 wind_direction=-77.1
[gzserver-2] [INFO] [1773178808.423875364] [gazebo_wind_plugin_node]: WindPlugin: set wind_speed=0.84 wind_direction=-77.1
[gzserver-2] [INFO] [1773178808.663402533] [gazebo_wind_plugin_node]: WindPlugin: set wind_speed=0.90 wind_direction=-76.1
[gzserver-2] [INFO] [1773178808.904235396] [gazebo_wind_plugin_node]: WindPlugin: set wind_speed=0.90 wind_direction=-76.1
[gzserver-2] [INFO] [1773178809.144087877] [gazebo_wind_plugin_node]: WindPlugin: set wind_speed=0.90 wind_direction=-76.1
[gzserver-2] [INFO] [1773178809.373797060] [gazebo_wind_plugin_node]: WindPlugin: set wind_speed=0.90 wind_direction=-76.1
[gzserver-2] [INFO] [1773178809.613250544] [gazebo_wind_plugin_node]: WindPlugin: set wind_speed=0.81 wind_direction=-75.9
[gzserver-2] [INFO] [1773178809.847259687] [gazebo_wind_plugin_node]: WindPlugin: set wind_speed=0.81 wind_direction=-75.9
[gzserver-2] [INFO] [1773178810.082025185] [gazebo_wind_plugin_node]: WindPlugin: set wind_speed=0.81 wind_direction=-75.9
[gzserver-2] [INFO] [1773178810.322559230] [gazebo_wind_plugin_node]: WindPlugin: set wind_speed=0.81 wind_direction=-75.9
[gzserver-2] [INFO] [1773178810.556621035] [gazebo_wind_plugin_node]: WindPlugin: set wind_speed=0.83 wind_direction=-76.6
[gzserver-2] [INFO] [1773178810.798905078] [gazebo_wind_plugin_node]: WindPlugin: set wind_speed=0.83 wind_direction=-76.6
[gzserver-2] [INFO] [1773178811.038584714] [gazebo_wind_plugin_node]: WindPlugin: set wind_speed=0.83 wind_direction=-76.6
[gzserver-2] [INFO] [1773178811.278361450] [gazebo_wind_plugin_node]: WindPlugin: set wind_speed=0.83 wind_direction=-76.6
[gzserver-2] [INFO] [1773178811.520044743] [gazebo_wind_plugin_node]: WindPlugin: set wind_speed=0.83 wind_direction=-76.6
[gzserver-2] [INFO] [1773178811.558250482] [drone.simple_drone]: Quadrotor lands!!
[gzserver-2] [INFO] [1773178811.759544516] [gazebo_wind_plugin_node]: WindPlugin: set wind_speed=0.91 wind_direction=-79.4
[gzserver-2] [INFO] [1773178811.999058818] [gazebo_wind_plugin_node]: WindPlugin: set wind_speed=0.91 wind_direction=-79.4
[gzserver-2] [INFO] [1773178812.227871987] [gazebo_wind_plugin_node]: WindPlugin: set wind_speed=0.91 wind_direction=-79.4
[gzserver-2] [INFO] [1773178812.469226055] [gazebo_wind_plugin_node]: WindPlugin: set wind_speed=0.91 wind_direction=-79.4
[gzserver-2] [1;36m[Dbg] [wind_plugin.cpp:110] [0m[1;36mWindPlugin: received command -> speed=[0m[1;36m0[0m[1;36m dir=[0m[1;36m0[0m[1;36m
[gzserver-2] [0m[1;36m[Dbg] [wind_plugin.cpp:110] [0m[1;36mWindPlugin: received command -> speed=[0m[1;36m0.839614[0m[1;36m dir=[0m[1;36m-77.1101[0m[1;36m
[gzserver-2] [0m[1;36m[Dbg] [wind_plugin.cpp:110] [0m[1;36mWindPlugin: received command -> speed=[0m[1;36m0.839614[0m[1;36m dir=[0m[1;36m-77.1101[0m[1;36m
[gzserver-2] [0m[1;36m[Dbg] [wind_plugin.cpp:110] [0m[1;36mWindPlugin: received command -> speed=[0m[1;36m0.895558[0m[1;36m dir=[0m[1;36m-76.0625[0m[1;36m
[gzserver-2] [0m[1;36m[Dbg] [wind_plugin.cpp:110] [0m[1;36mWindPlugin: received command -> speed=[0m[1;36m0.895558[0m[1;36m dir=[0m[1;36m-76.0625[0m[1;36m
[gzserver-2] [0m[1;36m[Dbg] [wind_plugin.cpp:110] [0m[1;36mWindPlugin: received command -> speed=[0m[1;36m0.895558[0m[1;36m dir=[0m[1;36m-76.0625[0m[1;36m
[gzserver-2] [0m[1;36m[Dbg] [wind_plugin.cpp:110] [0m[1;36mWindPlugin: received command -> speed=[0m[1;36m0.895558[0m[1;36m dir=[0m[1;36m-76.0625[0m[1;36m
[gzserver-2] [0m[1;36m[Dbg] [wind_plugin.cpp:110] [0m[1;36mWindPlugin: received command -> speed=[0m[1;36m0.808842[0m[1;36m dir=[0m[1;36m-75.8986[0m[1;36m
[gzserver-2] [0m[1;36m[Dbg] [wind_plugin.cpp:110] [0m[1;36mWindPlugin: received command -> speed=[0m[1;36m0.808842[0m[1;36m dir=[0m[1;36m-75.8986[0m[1;36m
[gzserver-2] [0m[1;36m[Dbg] [wind_plugin.cpp:110] [0m[1;36mWindPlugin: received command -> speed=[0m[1;36m0.808842[0m[1;36m dir=[0m[1;36m-75.8986[0m[1;36m
[gzserver-2] [0m[1;36m[Dbg] [wind_plugin.cpp:110] [0m[1;36mWindPlugin: received command -> speed=[0m[1;36m0.808842[0m[1;36m dir=[0m[1;36m-75.8986[0m[1;36m
[gzserver-2] [0m[1;36m[Dbg] [wind_plugin.cpp:110] [0m[1;36mWindPlugin: received command -> speed=[0m[1;36m0.827585[0m[1;36m dir=[0m[1;36m-76.6465[0m[1;36m
[gzserver-2] [0m[1;36m[Dbg] [wind_plugin.cpp:110] [0m[1;36mWindPlugin: received command -> speed=[0m[1;36m0.827585[0m[1;36m dir=[0m[1;36m-76.6465[0m[1;36m
[gzserver-2] [0m[1;36m[Dbg] [wind_plugin.cpp:110] [0m[1;36mWindPlugin: received command -> speed=[0m[1;36m0.827585[0m[1;36m dir=[0m[1;36m-76.6465[0m[1;36m
[gzserver-2] [0m[1;36m[Dbg] [wind_plugin.cpp:110] [0m[1;36mWindPlugin: received command -> speed=[0m[1;36m0.827585[0m[1;36m dir=[0m[1;36m-76.6465[0m[1;36m
[gzserver-2] [0m[1;36m[Dbg] [wind_plugin.cpp:110] [0m[1;36mWindPlugin: received command -> speed=[0m[1;36m0.827585[0m[1;36m dir=[0m[1;36m-76.6465[0m[1;36m
[gzserver-2] [0m[1;36m[Dbg] [wind_plugin.cpp:110] [0m[1;36mWindPlugin: received command -> speed=[0m[1;36m0.908979[0m[1;36m dir=[0m[1;36m-79.4163[0m[1;36m
[gzserver-2] [0m[1;36m[Dbg] [wind_plugin.cpp:110] [0m[1;36mWindPlugin: received command -> speed=[0m[1;36m0.908979[0m[1;36m dir=[0m[1;36m-79.4163[0m[1;36m
[gzserver-2] [0m[1;36m[Dbg] [wind_plugin.cpp:110] [0m[1;36mWindPlugin: received command -> speed=[0m[1;36m0.908979[0m[1;36m dir=[0m[1;36m-79.4163[0m[1;36m
[gzserver-2] [0m[1;36m[Dbg] [wind_plugin.cpp:110] [0m[1;36mWindPlugin: received command -> speed=[0m[1;36m0.908979[0m[1;36m dir=[0m[1;36m-79.4163[0m[1;36m
[gzserver-2] [0mLanded!
[gzserver-2] [INFO] [1773178812.708165747] [gazebo_wind_plugin_node]: WindPlugin: set wind_speed=0.90 wind_direction=-73.9
[gzserver-2] [INFO] [1773178812.942773424] [gazebo_wind_plugin_node]: WindPlugin: set wind_speed=0.90 wind_direction=-73.9
[gzserver-2] [INFO] [1773178813.177124711] [gazebo_wind_plugin_node]: WindPlugin: set wind_speed=0.90 wind_direction=-73.9
[gzserver-2] [INFO] [1773178813.411585599] [gazebo_wind_plugin_node]: WindPlugin: set wind_speed=0.90 wind_direction=-73.9
[gzserver-2] [INFO] [1773178813.646033766] [gazebo_wind_plugin_node]: WindPlugin: set wind_speed=0.84 wind_direction=-79.4
[gzserver-2] [INFO] [1773178813.880533449] [gazebo_wind_plugin_node]: WindPlugin: set wind_speed=0.84 wind_direction=-79.4
[gzserver-2] [INFO] [1773178814.119372046] [gazebo_wind_plugin_node]: WindPlugin: set wind_speed=0.84 wind_direction=-79.4
[gzserver-2] [INFO] [1773178814.358916058] [gazebo_wind_plugin_node]: WindPlugin: set wind_speed=0.84 wind_direction=-79.4
