[INFO] [launch]: All log files can be found below /home/j/.ros/log/2026-03-11-06-41-29-088878-j-1323675
[INFO] [launch]: Default logging verbosity is set to INFO
[INFO] [launch.user]: [bringup] Apriltag config: camera=/drone/bottom, image=/drone/bottom/image_raw, tags=/drone/bottom/tags, bridge=/landing_tag_state, standalone=true, use_target_id=true, target_id=0
[INFO] [rviz2-1]: process started with pid [1323676]
[INFO] [gzserver-2]: process started with pid [1323678]
[INFO] [robot_state_publisher-3]: process started with pid [1323680]
[INFO] [joint_state_publisher-4]: process started with pid [1323682]
[INFO] [spawn_drone-5]: process started with pid [1323684]
[INFO] [static_transform_publisher-6]: process started with pid [1323686]
[INFO] [joy_node-7]: process started with pid [1323688]
[INFO] [teleop_joystick-8]: process started with pid [1323690]
[INFO] [apriltag_detector_node-9]: process started with pid [1323692]
[INFO] [apriltag_state_bridge-10]: process started with pid [1323695]
[static_transform_publisher-6] [WARN] [1773178889.559995065] []: Old-style arguments are deprecated; see --help for new-style arguments
[static_transform_publisher-6] [INFO] [1773178889.567646300] [static_transform_publisher_DvHgk4mv1wrBOs6Q]: Spinning until stopped - publishing transform
[static_transform_publisher-6] translation: ('0.000000', '0.000000', '0.000000')
[static_transform_publisher-6] rotation: ('0.000000', '0.000000', '0.000000', '1.000000')
[static_transform_publisher-6] from 'world' to '/drone/odom'
[robot_state_publisher-3] [INFO] [1773178889.591795578] [drone.robot_state_publisher]: got segment base_footprint
[robot_state_publisher-3] [INFO] [1773178889.591879169] [drone.robot_state_publisher]: got segment base_link
[robot_state_publisher-3] [INFO] [1773178889.591890266] [drone.robot_state_publisher]: got segment bottom_cam_link
[robot_state_publisher-3] [INFO] [1773178889.591897835] [drone.robot_state_publisher]: got segment front_cam_link
[robot_state_publisher-3] [INFO] [1773178889.591904617] [drone.robot_state_publisher]: got segment sonar_link
[rviz2-1] 
[rviz2-1] (rviz2:1323676): dbind-WARNING **: 06:41:29.593: Couldn't connect to accessibility bus: Failed to connect to socket /root/.cache/at-spi/bus_0: 허가 거부
[apriltag_detector_node-9] [INFO] [1773178889.597647265] [apriltag_detector_node]: tag detector type: umich
[teleop_joystick-8] Traceback (most recent call last):
[teleop_joystick-8]   File "/home/j/INCSL/IICC26_ws/install/sjtu_drone_control/lib/sjtu_drone_control/teleop_joystick", line 33, in <module>
[teleop_joystick-8]     sys.exit(load_entry_point('sjtu_drone_control==0.0.0', 'console_scripts', 'teleop_joystick')())
[teleop_joystick-8]   File "/home/j/INCSL/IICC26_ws/install/sjtu_drone_control/lib/sjtu_drone_control/teleop_joystick", line 22, in importlib_load_entry_point
[teleop_joystick-8]     for entry_point in distribution(dist_name).entry_points
[teleop_joystick-8]   File "/usr/lib/python3.10/importlib/metadata/__init__.py", line 969, in distribution
[teleop_joystick-8]     return Distribution.from_name(distribution_name)
[teleop_joystick-8]   File "/usr/lib/python3.10/importlib/metadata/__init__.py", line 548, in from_name
[teleop_joystick-8]     raise PackageNotFoundError(name)
[teleop_joystick-8] importlib.metadata.PackageNotFoundError: No package metadata was found for sjtu_drone_control
[ERROR] [teleop_joystick-8]: process has died [pid 1323690, exit code 1, cmd '/home/j/INCSL/IICC26_ws/install/sjtu_drone_control/lib/sjtu_drone_control/teleop_joystick --ros-args -r __ns:=/drone'].
[gzserver-2] Gazebo multi-robot simulator, version 11.10.2
[gzserver-2] Copyright (C) 2012 Open Source Robotics Foundation.
[gzserver-2] Released under the Apache 2 License.
[gzserver-2] http://gazebosim.org
[gzserver-2] 
[apriltag_state_bridge-10] [INFO] [1773178889.800697925] [apriltag_state_bridge]: AprilTag bridge started: /drone/bottom/tags -> /landing_tag_state, use_target_id=True, target_id=0
[joint_state_publisher-4] [INFO] [1773178889.834237279] [drone.joint_state_publisher]: Waiting for robot_description to be published on the robot_description topic...
[gzserver-2] [1;33m[Wrn] [gazebo_ros_init.cpp:178] [0m[1;33m
[gzserver-2] #     # ####### ####### ###  #####  #######
[gzserver-2] ##    # #     #    #     #  #     # #
[gzserver-2] # #   # #     #    #     #  #       #
[gzserver-2] #  #  # #     #    #     #  #       #####
[gzserver-2] #   # # #     #    #     #  #       #
[gzserver-2] #    ## #     #    #     #  #     # #
[gzserver-2] #     # #######    #    ###  #####  #######
[gzserver-2] 
[gzserver-2] This version of Gazebo, now called Gazebo classic, reaches end-of-life
[gzserver-2] in January 2025. Users are highly encouraged to migrate to the new Gazebo
[gzserver-2] using our migration guides (https://gazebosim.org/docs/latest/gazebo_classic_migration?utm_source=gazebo_ros_pkgs&utm_medium=cli)
[gzserver-2] 
[gzserver-2] [0m[1;33m
[rviz2-1] [INFO] [1773178890.356098888] [rviz2]: Stereo is NOT SUPPORTED
[rviz2-1] [INFO] [1773178890.356191243] [rviz2]: OpenGl version: 4.6 (GLSL 4.6)
[rviz2-1] [INFO] [1773178890.434526110] [rviz2]: Stereo is NOT SUPPORTED
[rviz2-1] [INFO] [1773178890.525832902] [rviz2]: Stereo is NOT SUPPORTED
[gzserver-2] [1;32m[Msg] [0m[1;32mWaiting for master.[0m[1;32m
[gzserver-2] [0m[1;32m[0m[1;32m[0m[1;32m[Msg] [0m[1;32mConnected to gazebo master @ [0m[1;32mhttp://127.0.0.1:11345[0m[1;32m
[gzserver-2] [0m[1;32m[0m[1;32m[0m[1;32m[Msg] [0m[1;32mPublicized address: [0m[1;32m192.168.0.11[0m[1;32m
[gzserver-2] [0m[1;32m[0m[1;32m[0m[1;32m[Msg] [0m[1;32mLoading world file [[0m[1;32m/home/j/INCSL/IICC26_ws/install/sjtu_drone_description/share/sjtu_drone_description/worlds/landingPad.world[0m[1;32m][0m[1;32m
[gzserver-2] [0m[1;32m[0m[1;32m[0m[1;36m[Dbg] [wind_plugin.cpp:96] [0m[1;36mWindPlugin loaded: speed=[0m[1;36m0[0m[1;36m dir=[0m[1;36m0[0m[1;36m deg area=[0m[1;36m0.1[0m[1;36m coeff=[0m[1;36m1[0m[1;36m
[gzserver-2] [0m[1;33m[0m[1;33m[0m[1;31m[Err] [Sensor.cc:510] [0m[1;31mGet noise index not valid[0m[1;31m
[gzserver-2] [0m[1;31m[0m[1;31m[0m[1;31m[Err] [Sensor.cc:510] [0m[1;31mGet noise index not valid[0m[1;31m
[gzserver-2] [0m[1;31m[0m[1;31m[0m[1;31m[Err] [Sensor.cc:510] [0m[1;31mGet noise index not valid[0m[1;31m
[gzserver-2] [0m[1;31m[0m[1;31m[0m[1;31m[Err] [Sensor.cc:510] [0m[1;31mGet noise index not valid[0m[1;31m
[gzserver-2] [0m[1;31m[0m[1;31m[0m[1;31m[Err] [Sensor.cc:510] [0m[1;31mGet noise index not valid[0m[1;31m
[gzserver-2] [0m[1;31m[0m[1;31m[0m[1;31m[Err] [Sensor.cc:510] [0m[1;31mGet noise index not valid[0m[1;31m
[gzserver-2] [0m[1;31m[0m[1;31m[0mTopic [default//drone/base_footprint/down_camera/image] is not valid.
[gzserver-2] [INFO] [1773178891.014421042] [drone.collision_plugin]: Publishing contact states to [/drone/bumper_states]
[gzserver-2] Topic [default//drone/base_footprint/front_camera/image] is not valid.
[gzserver-2] [1;33m[Wrn] [Event.cc:61] [0m[1;33mWarning: Deleting a connection right after creation. [0m[1;33mMake sure to save the ConnectionPtr from a Connect call
[gzserver-2] [0m[INFO] [1773178891.575738751] [drone.camera_bottom]: Publishing camera info to [/drone/bottom/camera_info]
[gzserver-2] [INFO] [1773178891.578541245] [drone.camera_front]: Publishing camera info to [/drone/front/camera_info]
[spawn_drone-5] [INFO] [1773178891.587324367] [spawn_drone]: Result True SpawnEntity: Successfully spawned entity [/drone]
[gzserver-2] [INFO] [1773178891.701197296] [drone.simple_drone]: The drone plugin is loading!
[gzserver-2] [INFO] [1773178891.701423963] [drone.simple_drone]: pub_odom: 1
[gzserver-2] [INFO] [1773178891.701462753] [drone.simple_drone]: Using following parameters: 
[gzserver-2] 		link_name: base_footprint,
[gzserver-2] 		max_force: 30,
[gzserver-2] 		motion_small_noise: 0,
[gzserver-2] 		motion_drift_noise: 0,
[gzserver-2] 		motion_drift_noise_time: 50,
[gzserver-2] 		takeoff_hover_height: 1.54,
[gzserver-2] 		takeoff_vertical_speed: 0.2
[gzserver-2] [INFO] [1773178891.713788415] [drone.simple_drone]: Using the PID parameters: 
[gzserver-2] 	Roll Pitch:
[gzserver-2] 		kP: 10, kI: 0,kD: 5, Limit: 0.5, Time Constant: 0
[gzserver-2] 	Yaw:
[gzserver-2] 		kP: 2, kI: 0,kD: 1, Limit: 1.5, Time Constant: 0
[gzserver-2] 	Velocity X:
[gzserver-2] 		kP: 5, kI: 0,kD: 2.3, Limit: 2, Time Constant: 0
[gzserver-2] 	Velocity Y:
[gzserver-2] 		kP: 5, kI: 0,kD: 2.3, Limit: 2, Time Constant: 0
[gzserver-2] 	Velocity Z:
[gzserver-2] 		kP: 5, kI: 0,kD: 1, Limit: -1, Time Constant: 0
[gzserver-2] 	Position XY:
[gzserver-2] 		kP: 1.1, kI: 0,kD: 0, Limit: 5, Time Constant: 0
[gzserver-2] 	Position Z:
[gzserver-2] 		kP: 1, kI: 0,kD: 0.2, Limit: -1, Time Constant: 0
[gzserver-2] [INFO] [1773178891.713934133] [drone.simple_drone]: The drone plugin finished loading!
[INFO] [spawn_drone-5]: process has finished cleanly [pid 1323684]
[gzserver-2] [INFO] [1773178898.930393281] [gazebo_wind_plugin_node]: WindPlugin: set wind_speed=0.00 wind_direction=0.0
[gzserver-2] [INFO] [1773178899.192301769] [gazebo_wind_plugin_node]: WindPlugin: set wind_speed=0.00 wind_direction=0.0
[gzserver-2] [INFO] [1773178899.225393769] [drone.simple_drone]: Quadrotor takes off!!
[gzserver-2] [INFO] [1773178899.426381587] [gazebo_wind_plugin_node]: WindPlugin: set wind_speed=0.00 wind_direction=0.0
[gzserver-2] [INFO] [1773178899.666799925] [gazebo_wind_plugin_node]: WindPlugin: set wind_speed=0.00 wind_direction=0.0
[gzserver-2] [INFO] [1773178899.906133741] [gazebo_wind_plugin_node]: WindPlugin: set wind_speed=0.00 wind_direction=0.0
[gzserver-2] [INFO] [1773178900.145804053] [gazebo_wind_plugin_node]: WindPlugin: set wind_speed=0.00 wind_direction=0.0
[gzserver-2] [INFO] [1773178900.380341529] [gazebo_wind_plugin_node]: WindPlugin: set wind_speed=0.00 wind_direction=0.0
[gzserver-2] [0m[1;36m[Dbg] [wind_plugin.cpp:110] [0m[1;36mWindPlugin: received command -> speed=[0m[1;36m0[0m[1;36m dir=[0m[1;36m0[0m[1;36m
[gzserver-2] [0m[1;36m[Dbg] [wind_plugin.cpp:110] [0m[1;36mWindPlugin: received command -> speed=[0m[1;36m0[0m[1;36m dir=[0m[1;36m0[0m[1;36m
[gzserver-2] [0m[1;36m[Dbg] [wind_plugin.cpp:110] [0m[1;36mWindPlugin: received command -> speed=[0m[1;36m0[0m[1;36m dir=[0m[1;36m0[0m[1;36m
[gzserver-2] [0m[1;36m[Dbg] [wind_plugin.cpp:110] [0m[1;36mWindPlugin: received command -> speed=[0m[1;36m0[0m[1;36m dir=[0m[1;36m0[0m[1;36m
[gzserver-2] [0m[1;36m[Dbg] [wind_plugin.cpp:110] [0m[1;36mWindPlugin: received command -> speed=[0m[1;36m0[0m[1;36m dir=[0m[1;36m0[0m[1;36m
[gzserver-2] [0m[1;36m[Dbg] [wind_plugin.cpp:110] [0m[1;36mWindPlugin: received command -> speed=[0m[1;36m0[0m[1;36m dir=[0m[1;36m0[0m[1;36m
[gzserver-2] [0m[1;36m[Dbg] [wind_plugin.cpp:110] [0m[1;36mWindPlugin: received command -> speed=[0m[1;36m0[0m[1;36m dir=[0m[1;36m0[0m[1;36m
[gzserver-2] [0mEntering flying model!
[gzserver-2] [INFO] [1773178900.615076510] [gazebo_wind_plugin_node]: WindPlugin: set wind_speed=0.00 wind_direction=0.0
[gzserver-2] [INFO] [1773178900.854649468] [gazebo_wind_plugin_node]: WindPlugin: set wind_speed=1.20 wind_direction=-96.8
[gzserver-2] [INFO] [1773178901.089245668] [gazebo_wind_plugin_node]: WindPlugin: set wind_speed=1.20 wind_direction=-96.8
[gzserver-2] [INFO] [1773178901.330154234] [gazebo_wind_plugin_node]: WindPlugin: set wind_speed=1.20 wind_direction=-96.8
[gzserver-2] [INFO] [1773178901.563440298] [gazebo_wind_plugin_node]: WindPlugin: set wind_speed=1.18 wind_direction=-98.4
[gzserver-2] [INFO] [1773178901.803489294] [gazebo_wind_plugin_node]: WindPlugin: set wind_speed=1.18 wind_direction=-98.4
[gzserver-2] [INFO] [1773178902.043089945] [gazebo_wind_plugin_node]: WindPlugin: set wind_speed=1.18 wind_direction=-98.4
[gzserver-2] [INFO] [1773178902.282935398] [gazebo_wind_plugin_node]: WindPlugin: set wind_speed=1.18 wind_direction=-98.4
[gzserver-2] [INFO] [1773178902.523312395] [gazebo_wind_plugin_node]: WindPlugin: set wind_speed=1.21 wind_direction=-96.2
[gzserver-2] [INFO] [1773178902.762827577] [gazebo_wind_plugin_node]: WindPlugin: set wind_speed=1.21 wind_direction=-96.2
[gzserver-2] [INFO] [1773178903.002044989] [gazebo_wind_plugin_node]: WindPlugin: set wind_speed=1.21 wind_direction=-96.2
[gzserver-2] [INFO] [1773178903.231157311] [gazebo_wind_plugin_node]: WindPlugin: set wind_speed=1.21 wind_direction=-96.2
[gzserver-2] [INFO] [1773178903.470508290] [gazebo_wind_plugin_node]: WindPlugin: set wind_speed=1.21 wind_direction=-99.4
[gzserver-2] [INFO] [1773178903.710163359] [gazebo_wind_plugin_node]: WindPlugin: set wind_speed=1.21 wind_direction=-99.4
[gzserver-2] [INFO] [1773178903.949775594] [gazebo_wind_plugin_node]: WindPlugin: set wind_speed=1.21 wind_direction=-99.4
[gzserver-2] [INFO] [1773178904.190008946] [gazebo_wind_plugin_node]: WindPlugin: set wind_speed=1.21 wind_direction=-99.4
[gzserver-2] [INFO] [1773178904.430071150] [gazebo_wind_plugin_node]: WindPlugin: set wind_speed=1.26 wind_direction=-98.9
[gzserver-2] [INFO] [1773178904.669961191] [gazebo_wind_plugin_node]: WindPlugin: set wind_speed=1.26 wind_direction=-98.9
[gzserver-2] [INFO] [1773178904.905576225] [gazebo_wind_plugin_node]: WindPlugin: set wind_speed=1.26 wind_direction=-98.9
[gzserver-2] [INFO] [1773178904.953768956] [drone.simple_drone]: Quadrotor lands!!
[gzserver-2] [INFO] [1773178905.155210165] [gazebo_wind_plugin_node]: WindPlugin: set wind_speed=1.26 wind_direction=-98.9
[gzserver-2] [INFO] [1773178905.394647541] [gazebo_wind_plugin_node]: WindPlugin: set wind_speed=1.26 wind_direction=-98.9
[gzserver-2] [INFO] [1773178905.634059351] [gazebo_wind_plugin_node]: WindPlugin: set wind_speed=1.06 wind_direction=-100.1
[gzserver-2] [INFO] [1773178905.873477706] [gazebo_wind_plugin_node]: WindPlugin: set wind_speed=1.06 wind_direction=-100.1
[gzserver-2] [1;36m[Dbg] [wind_plugin.cpp:110] [0m[1;36mWindPlugin: received command -> speed=[0m[1;36m0[0m[1;36m dir=[0m[1;36m0[0m[1;36m
[gzserver-2] [0m[1;36m[Dbg] [wind_plugin.cpp:110] [0m[1;36mWindPlugin: received command -> speed=[0m[1;36m1.19549[0m[1;36m dir=[0m[1;36m-96.7933[0m[1;36m
[gzserver-2] [0m[1;36m[Dbg] [wind_plugin.cpp:110] [0m[1;36mWindPlugin: received command -> speed=[0m[1;36m1.19549[0m[1;36m dir=[0m[1;36m-96.7933[0m[1;36m
[gzserver-2] [0m[1;36m[Dbg] [wind_plugin.cpp:110] [0m[1;36mWindPlugin: received command -> speed=[0m[1;36m1.19549[0m[1;36m dir=[0m[1;36m-96.7933[0m[1;36m
[gzserver-2] [0m[1;36m[Dbg] [wind_plugin.cpp:110] [0m[1;36mWindPlugin: received command -> speed=[0m[1;36m1.17863[0m[1;36m dir=[0m[1;36m-98.4415[0m[1;36m
[gzserver-2] [0m[1;36m[Dbg] [wind_plugin.cpp:110] [0m[1;36mWindPlugin: received command -> speed=[0m[1;36m1.17863[0m[1;36m dir=[0m[1;36m-98.4415[0m[1;36m
[gzserver-2] [0m[1;36m[Dbg] [wind_plugin.cpp:110] [0m[1;36mWindPlugin: received command -> speed=[0m[1;36m1.17863[0m[1;36m dir=[0m[1;36m-98.4415[0m[1;36m
[gzserver-2] [0m[1;36m[Dbg] [wind_plugin.cpp:110] [0m[1;36mWindPlugin: received command -> speed=[0m[1;36m1.17863[0m[1;36m dir=[0m[1;36m-98.4415[0m[1;36m
[gzserver-2] [0m[1;36m[Dbg] [wind_plugin.cpp:110] [0m[1;36mWindPlugin: received command -> speed=[0m[1;36m1.20901[0m[1;36m dir=[0m[1;36m-96.1592[0m[1;36m
[gzserver-2] [0m[1;36m[Dbg] [wind_plugin.cpp:110] [0m[1;36mWindPlugin: received command -> speed=[0m[1;36m1.20901[0m[1;36m dir=[0m[1;36m-96.1592[0m[1;36m
[gzserver-2] [0m[1;36m[Dbg] [wind_plugin.cpp:110] [0m[1;36mWindPlugin: received command -> speed=[0m[1;36m1.20901[0m[1;36m dir=[0m[1;36m-96.1592[0m[1;36m
[gzserver-2] [0m[1;36m[Dbg] [wind_plugin.cpp:110] [0m[1;36mWindPlugin: received command -> speed=[0m[1;36m1.20901[0m[1;36m dir=[0m[1;36m-96.1592[0m[1;36m
[gzserver-2] [0m[1;36m[Dbg] [wind_plugin.cpp:110] [0m[1;36mWindPlugin: received command -> speed=[0m[1;36m1.21176[0m[1;36m dir=[0m[1;36m-99.408[0m[1;36m
[gzserver-2] [0m[1;36m[Dbg] [wind_plugin.cpp:110] [0m[1;36mWindPlugin: received command -> speed=[0m[1;36m1.21176[0m[1;36m dir=[0m[1;36m-99.408[0m[1;36m
[gzserver-2] [0m[1;36m[Dbg] [wind_plugin.cpp:110] [0m[1;36mWindPlugin: received command -> speed=[0m[1;36m1.21176[0m[1;36m dir=[0m[1;36m-99.408[0m[1;36m
[gzserver-2] [0m[1;36m[Dbg] [wind_plugin.cpp:110] [0m[1;36mWindPlugin: received command -> speed=[0m[1;36m1.21176[0m[1;36m dir=[0m[1;36m-99.408[0m[1;36m
[gzserver-2] [0m[1;36m[Dbg] [wind_plugin.cpp:110] [0m[1;36mWindPlugin: received command -> speed=[0m[1;36m1.25532[0m[1;36m dir=[0m[1;36m-98.8683[0m[1;36m
[gzserver-2] [0m[1;36m[Dbg] [wind_plugin.cpp:110] [0m[1;36mWindPlugin: received command -> speed=[0m[1;36m1.25532[0m[1;36m dir=[0m[1;36m-98.8683[0m[1;36m
[gzserver-2] [0m[1;36m[Dbg] [wind_plugin.cpp:110] [0m[1;36mWindPlugin: received command -> speed=[0m[1;36m1.25532[0m[1;36m dir=[0m[1;36m-98.8683[0m[1;36m
[gzserver-2] [0m[1;36m[Dbg] [wind_plugin.cpp:110] [0m[1;36mWindPlugin: received command -> speed=[0m[1;36m1.25532[0m[1;36m dir=[0m[1;36m-98.8683[0m[1;36m
[gzserver-2] [0m[1;36m[Dbg] [wind_plugin.cpp:110] [0m[1;36mWindPlugin: received command -> speed=[0m[1;36m1.25532[0m[1;36m dir=[0m[1;36m-98.8683[0m[1;36m
[gzserver-2] [0m[1;36m[Dbg] [wind_plugin.cpp:110] [0m[1;36mWindPlugin: received command -> speed=[0m[1;36m1.0645[0m[1;36m dir=[0m[1;36m-100.127[0m[1;36m
[gzserver-2] [0m[1;36m[Dbg] [wind_plugin.cpp:110] [0m[1;36mWindPlugin: received command -> speed=[0m[1;36m1.0645[0m[1;36m dir=[0m[1;36m-100.127[0m[1;36m
[gzserver-2] [0mLanded!
[gzserver-2] [INFO] [1773178906.112880585] [gazebo_wind_plugin_node]: WindPlugin: set wind_speed=1.06 wind_direction=-100.1
[gzserver-2] [INFO] [1773178906.354070032] [gazebo_wind_plugin_node]: WindPlugin: set wind_speed=1.06 wind_direction=-100.1
[gzserver-2] [INFO] [1773178906.588179045] [gazebo_wind_plugin_node]: WindPlugin: set wind_speed=1.04 wind_direction=-98.9
[gzserver-2] [INFO] [1773178906.827870670] [gazebo_wind_plugin_node]: WindPlugin: set wind_speed=1.04 wind_direction=-98.9
[gzserver-2] [INFO] [1773178907.067631113] [gazebo_wind_plugin_node]: WindPlugin: set wind_speed=1.04 wind_direction=-98.9
[gzserver-2] [INFO] [1773178907.306298484] [gazebo_wind_plugin_node]: WindPlugin: set wind_speed=1.04 wind_direction=-98.9
[gzserver-2] [INFO] [1773178907.545659096] [gazebo_wind_plugin_node]: WindPlugin: set wind_speed=1.10 wind_direction=-100.4
[gzserver-2] [INFO] [1773178907.784897908] [gazebo_wind_plugin_node]: WindPlugin: set wind_speed=1.10 wind_direction=-100.4
