[INFO] [launch]: All log files can be found below /home/j/.ros/log/2026-03-11-03-18-52-227349-j-3590429
[INFO] [launch]: Default logging verbosity is set to INFO
[INFO] [launch.user]: [bringup] Apriltag config: camera=/drone/bottom, image=/drone/bottom/image_raw, tags=/drone/bottom/tags, bridge=/landing_tag_state, standalone=true, use_target_id=true, target_id=0
[INFO] [rviz2-1]: process started with pid [3590432]
[INFO] [gzserver-2]: process started with pid [3590434]
[INFO] [robot_state_publisher-3]: process started with pid [3590436]
[INFO] [joint_state_publisher-4]: process started with pid [3590438]
[INFO] [spawn_drone-5]: process started with pid [3590440]
[INFO] [static_transform_publisher-6]: process started with pid [3590442]
[INFO] [joy_node-7]: process started with pid [3590444]
[INFO] [teleop_joystick-8]: process started with pid [3590446]
[INFO] [apriltag_detector_node-9]: process started with pid [3590448]
[INFO] [apriltag_state_bridge-10]: process started with pid [3590450]
[static_transform_publisher-6] [WARN] [1773166732.696148477] []: Old-style arguments are deprecated; see --help for new-style arguments
[static_transform_publisher-6] [INFO] [1773166732.702912344] [static_transform_publisher_1Qq4H0BGOupcBWeB]: Spinning until stopped - publishing transform
[static_transform_publisher-6] translation: ('0.000000', '0.000000', '0.000000')
[static_transform_publisher-6] rotation: ('0.000000', '0.000000', '0.000000', '1.000000')
[static_transform_publisher-6] from 'world' to '/drone/odom'
[robot_state_publisher-3] [INFO] [1773166732.719784089] [drone.robot_state_publisher]: got segment base_footprint
[robot_state_publisher-3] [INFO] [1773166732.719856494] [drone.robot_state_publisher]: got segment base_link
[robot_state_publisher-3] [INFO] [1773166732.719862181] [drone.robot_state_publisher]: got segment bottom_cam_link
[robot_state_publisher-3] [INFO] [1773166732.719865406] [drone.robot_state_publisher]: got segment front_cam_link
[robot_state_publisher-3] [INFO] [1773166732.719868258] [drone.robot_state_publisher]: got segment sonar_link
[rviz2-1] 
[rviz2-1] (rviz2:3590432): dbind-WARNING **: 03:18:52.727: Couldn't connect to accessibility bus: Failed to connect to socket /root/.cache/at-spi/bus_0: 허가 거부
[apriltag_detector_node-9] [INFO] [1773166732.732335592] [apriltag_detector_node]: tag detector type: umich
[teleop_joystick-8] Traceback (most recent call last):
[teleop_joystick-8]   File "/home/j/INCSL/IICC26_ws/install/sjtu_drone_control/lib/sjtu_drone_control/teleop_joystick", line 33, in <module>
[teleop_joystick-8]     sys.exit(load_entry_point('sjtu_drone_control==0.0.0', 'console_scripts', 'teleop_joystick')())
[teleop_joystick-8]   File "/home/j/INCSL/IICC26_ws/install/sjtu_drone_control/lib/sjtu_drone_control/teleop_joystick", line 22, in importlib_load_entry_point
[teleop_joystick-8]     for entry_point in distribution(dist_name).entry_points
[teleop_joystick-8]   File "/usr/lib/python3.10/importlib/metadata/__init__.py", line 969, in distribution
[teleop_joystick-8]     return Distribution.from_name(distribution_name)
[teleop_joystick-8]   File "/usr/lib/python3.10/importlib/metadata/__init__.py", line 548, in from_name
[teleop_joystick-8]     raise PackageNotFoundError(name)
[teleop_joystick-8] importlib.metadata.PackageNotFoundError: No package metadata was found for sjtu_drone_control
[ERROR] [teleop_joystick-8]: process has died [pid 3590446, exit code 1, cmd '/home/j/INCSL/IICC26_ws/install/sjtu_drone_control/lib/sjtu_drone_control/teleop_joystick --ros-args -r __ns:=/drone'].
[gzserver-2] Gazebo multi-robot simulator, version 11.10.2
[gzserver-2] Copyright (C) 2012 Open Source Robotics Foundation.
[gzserver-2] Released under the Apache 2 License.
[gzserver-2] http://gazebosim.org
[gzserver-2] 
[joint_state_publisher-4] [INFO] [1773166732.952778845] [drone.joint_state_publisher]: Waiting for robot_description to be published on the robot_description topic...
[apriltag_state_bridge-10] [INFO] [1773166732.956082606] [apriltag_state_bridge]: AprilTag bridge started: /drone/bottom/tags -> /landing_tag_state, use_target_id=True, target_id=0
[gzserver-2] [1;33m[Wrn] [gazebo_ros_init.cpp:178] [0m[1;33m
[gzserver-2] #     # ####### ####### ###  #####  #######
[gzserver-2] ##    # #     #    #     #  #     # #
[gzserver-2] # #   # #     #    #     #  #       #
[gzserver-2] #  #  # #     #    #     #  #       #####
[gzserver-2] #   # # #     #    #     #  #       #
[gzserver-2] #    ## #     #    #     #  #     # #
[gzserver-2] #     # #######    #    ###  #####  #######
[gzserver-2] 
[gzserver-2] This version of Gazebo, now called Gazebo classic, reaches end-of-life
[gzserver-2] in January 2025. Users are highly encouraged to migrate to the new Gazebo
[gzserver-2] using our migration guides (https://gazebosim.org/docs/latest/gazebo_classic_migration?utm_source=gazebo_ros_pkgs&utm_medium=cli)
[gzserver-2] 
[gzserver-2] [0m[1;33m
[rviz2-1] [INFO] [1773166733.565806270] [rviz2]: Stereo is NOT SUPPORTED
[rviz2-1] [INFO] [1773166733.565894313] [rviz2]: OpenGl version: 4.6 (GLSL 4.6)
[rviz2-1] [INFO] [1773166733.652768333] [rviz2]: Stereo is NOT SUPPORTED
[rviz2-1] [INFO] [1773166733.745015250] [rviz2]: Stereo is NOT SUPPORTED
[spawn_drone-5] [INFO] [1773166734.155824363] [spawn_drone]: Result False Entity pushed to spawn queue, but spawn service timed outwaiting for entity to appear in simulation under the name [/drone]
[gzserver-2] [1;32m[Msg] [0m[1;32mWaiting for master.[0m[1;32m
[gzserver-2] [0m[1;32m[0m[1;32m[0m[1;32m[Msg] [0m[1;32mConnected to gazebo master @ [0m[1;32mhttp://127.0.0.1:11345[0m[1;32m
[gzserver-2] [0m[1;32m[0m[1;32m[0m[1;32m[Msg] [0m[1;32mPublicized address: [0m[1;32m192.168.0.11[0m[1;32m
[gzserver-2] [0m[1;32m[0m[1;32m[0m[1;32m[Msg] [0m[1;32mLoading world file [[0m[1;32m/home/j/INCSL/IICC26_ws/install/sjtu_drone_description/share/sjtu_drone_description/worlds/landingPad.world[0m[1;32m][0m[1;32m
[gzserver-2] [0m[1;32m[0m[1;32m[0m[1;36m[Dbg] [wind_plugin.cpp:96] [0m[1;36mWindPlugin loaded: speed=[0m[1;36m0[0m[1;36m dir=[0m[1;36m0[0m[1;36m deg area=[0m[1;36m0.1[0m[1;36m coeff=[0m[1;36m1[0m[1;36m
[gzserver-2] [0m[1;33m[0m[1;33m[0m[1;31m[Err] [Sensor.cc:510] [0m[1;31mGet noise index not valid[0m[1;31m
[gzserver-2] [0m[1;31m[0m[1;31m[0m[1;31m[Err] [Sensor.cc:510] [0m[1;31mGet noise index not valid[0m[1;31m
[gzserver-2] [0m[1;31m[0m[1;31m[0m[1;31m[Err] [Sensor.cc:510] [0m[1;31mGet noise index not valid[0m[1;31m
[gzserver-2] [0m[1;31m[0m[1;31m[0m[1;31m[Err] [Sensor.cc:510] [0m[1;31mGet noise index not valid[0m[1;31m
[gzserver-2] [0m[1;31m[0m[1;31m[0m[1;31m[Err] [Sensor.cc:510] [0m[1;31mGet noise index not valid[0m[1;31m
[gzserver-2] [0m[1;31m[0m[1;31m[0m[1;31m[Err] [Sensor.cc:510] [0m[1;31mGet noise index not valid[0m[1;31m
[gzserver-2] [0m[1;31m[0m[1;31m[0mTopic [default//drone/base_footprint/down_camera/image] is not valid.
[gzserver-2] Topic [default//drone/base_footprint/front_camera/image] is not valid.
[gzserver-2] [INFO] [1773166734.187016199] [drone.collision_plugin]: Publishing contact states to [/drone/bumper_states]
[gzserver-2] [1;33m[Wrn] [Event.cc:61] [0m[1;33mWarning: Deleting a connection right after creation. [0m[1;33mMake sure to save the ConnectionPtr from a Connect call
[INFO] [spawn_drone-5]: process has finished cleanly [pid 3590440]
[gzserver-2] [0m[INFO] [1773166734.769433703] [drone.camera_bottom]: Publishing camera info to [/drone/bottom/camera_info]
[gzserver-2] [INFO] [1773166734.773748838] [drone.camera_front]: Publishing camera info to [/drone/front/camera_info]
[gzserver-2] [INFO] [1773166734.896763552] [drone.simple_drone]: The drone plugin is loading!
[gzserver-2] [INFO] [1773166734.896971576] [drone.simple_drone]: pub_odom: 1
[gzserver-2] [INFO] [1773166734.897006984] [drone.simple_drone]: Using following parameters: 
[gzserver-2] 		link_name: base_footprint,
[gzserver-2] 		max_force: 30,
[gzserver-2] 		motion_small_noise: 0,
[gzserver-2] 		motion_drift_noise: 0,
[gzserver-2] 		motion_drift_noise_time: 50,
[gzserver-2] 		takeoff_hover_height: 1.58,
[gzserver-2] 		takeoff_vertical_speed: 0.2
[gzserver-2] [INFO] [1773166734.908844120] [drone.simple_drone]: Using the PID parameters: 
[gzserver-2] 	Roll Pitch:
[gzserver-2] 		kP: 10, kI: 0,kD: 5, Limit: 0.5, Time Constant: 0
[gzserver-2] 	Yaw:
[gzserver-2] 		kP: 2, kI: 0,kD: 1, Limit: 1.5, Time Constant: 0
[gzserver-2] 	Velocity X:
[gzserver-2] 		kP: 5, kI: 0,kD: 2.3, Limit: 2, Time Constant: 0
[gzserver-2] 	Velocity Y:
[gzserver-2] 		kP: 5, kI: 0,kD: 2.3, Limit: 2, Time Constant: 0
[gzserver-2] 	Velocity Z:
[gzserver-2] 		kP: 5, kI: 0,kD: 1, Limit: -1, Time Constant: 0
[gzserver-2] 	Position XY:
[gzserver-2] 		kP: 1.1, kI: 0,kD: 0, Limit: 5, Time Constant: 0
[gzserver-2] 	Position Z:
[gzserver-2] 		kP: 1, kI: 0,kD: 0.2, Limit: -1, Time Constant: 0
[gzserver-2] [INFO] [1773166734.908988079] [drone.simple_drone]: The drone plugin finished loading!
[gzserver-2] [INFO] [1773166742.069950514] [gazebo_wind_plugin_node]: WindPlugin: set wind_speed=0.00 wind_direction=0.0
[gzserver-2] [INFO] [1773166742.342213935] [gazebo_wind_plugin_node]: WindPlugin: set wind_speed=0.00 wind_direction=0.0
[gzserver-2] [INFO] [1773166742.381871281] [drone.simple_drone]: Quadrotor takes off!!
[gzserver-2] [INFO] [1773166742.582895689] [gazebo_wind_plugin_node]: WindPlugin: set wind_speed=0.00 wind_direction=0.0
[gzserver-2] [INFO] [1773166742.822728676] [gazebo_wind_plugin_node]: WindPlugin: set wind_speed=0.00 wind_direction=0.0
[gzserver-2] [INFO] [1773166743.056381494] [gazebo_wind_plugin_node]: WindPlugin: set wind_speed=0.00 wind_direction=0.0
[gzserver-2] [INFO] [1773166743.292178319] [gazebo_wind_plugin_node]: WindPlugin: set wind_speed=0.00 wind_direction=0.0
[gzserver-2] [INFO] [1773166743.529160810] [gazebo_wind_plugin_node]: WindPlugin: set wind_speed=0.00 wind_direction=0.0
[gzserver-2] [0m[1;36m[Dbg] [wind_plugin.cpp:110] [0m[1;36mWindPlugin: received command -> speed=[0m[1;36m0[0m[1;36m dir=[0m[1;36m0[0m[1;36m
[gzserver-2] [0m[1;36m[Dbg] [wind_plugin.cpp:110] [0m[1;36mWindPlugin: received command -> speed=[0m[1;36m0[0m[1;36m dir=[0m[1;36m0[0m[1;36m
[gzserver-2] [0m[1;36m[Dbg] [wind_plugin.cpp:110] [0m[1;36mWindPlugin: received command -> speed=[0m[1;36m0[0m[1;36m dir=[0m[1;36m0[0m[1;36m
[gzserver-2] [0m[1;36m[Dbg] [wind_plugin.cpp:110] [0m[1;36mWindPlugin: received command -> speed=[0m[1;36m0[0m[1;36m dir=[0m[1;36m0[0m[1;36m
[gzserver-2] [0m[1;36m[Dbg] [wind_plugin.cpp:110] [0m[1;36mWindPlugin: received command -> speed=[0m[1;36m0[0m[1;36m dir=[0m[1;36m0[0m[1;36m
[gzserver-2] [0m[1;36m[Dbg] [wind_plugin.cpp:110] [0m[1;36mWindPlugin: received command -> speed=[0m[1;36m0[0m[1;36m dir=[0m[1;36m0[0m[1;36m
[gzserver-2] [0m[1;36m[Dbg] [wind_plugin.cpp:110] [0m[1;36mWindPlugin: received command -> speed=[0m[1;36m0[0m[1;36m dir=[0m[1;36m0[0m[1;36m
[gzserver-2] [0mEntering flying model!
[gzserver-2] [INFO] [1773166743.768493335] [gazebo_wind_plugin_node]: WindPlugin: set wind_speed=0.00 wind_direction=0.0
[gzserver-2] [INFO] [1773166744.007995242] [gazebo_wind_plugin_node]: WindPlugin: set wind_speed=0.10 wind_direction=-59.5
[gzserver-2] [INFO] [1773166744.247444983] [gazebo_wind_plugin_node]: WindPlugin: set wind_speed=0.10 wind_direction=-59.5
[gzserver-2] [INFO] [1773166744.487715037] [gazebo_wind_plugin_node]: WindPlugin: set wind_speed=0.10 wind_direction=-59.5
[gzserver-2] [INFO] [1773166744.722539945] [gazebo_wind_plugin_node]: WindPlugin: set wind_speed=0.10 wind_direction=-58.8
[gzserver-2] [INFO] [1773166744.956936379] [gazebo_wind_plugin_node]: WindPlugin: set wind_speed=0.10 wind_direction=-58.8
[gzserver-2] [INFO] [1773166745.191164701] [gazebo_wind_plugin_node]: WindPlugin: set wind_speed=0.10 wind_direction=-58.8
[gzserver-2] [INFO] [1773166745.425226961] [gazebo_wind_plugin_node]: WindPlugin: set wind_speed=0.10 wind_direction=-58.8
[gzserver-2] [INFO] [1773166745.659355806] [gazebo_wind_plugin_node]: WindPlugin: set wind_speed=0.13 wind_direction=-59.8
[gzserver-2] [INFO] [1773166745.899546093] [gazebo_wind_plugin_node]: WindPlugin: set wind_speed=0.13 wind_direction=-59.8
[gzserver-2] [INFO] [1773166746.135579922] [gazebo_wind_plugin_node]: WindPlugin: set wind_speed=0.13 wind_direction=-59.8
[gzserver-2] [INFO] [1773166746.365567828] [gazebo_wind_plugin_node]: WindPlugin: set wind_speed=0.13 wind_direction=-59.8
[gzserver-2] [INFO] [1773166746.605085488] [gazebo_wind_plugin_node]: WindPlugin: set wind_speed=0.22 wind_direction=-58.4
[gzserver-2] [INFO] [1773166746.839356249] [gazebo_wind_plugin_node]: WindPlugin: set wind_speed=0.22 wind_direction=-58.4
[gzserver-2] [INFO] [1773166747.078703800] [gazebo_wind_plugin_node]: WindPlugin: set wind_speed=0.22 wind_direction=-58.4
[gzserver-2] [INFO] [1773166747.313128282] [gazebo_wind_plugin_node]: WindPlugin: set wind_speed=0.22 wind_direction=-58.4
[gzserver-2] [INFO] [1773166747.553649903] [gazebo_wind_plugin_node]: WindPlugin: set wind_speed=0.22 wind_direction=-58.4
[gzserver-2] [INFO] [1773166747.793351667] [gazebo_wind_plugin_node]: WindPlugin: set wind_speed=0.23 wind_direction=-60.2
[gzserver-2] [INFO] [1773166747.831475491] [drone.simple_drone]: Quadrotor lands!!
[gzserver-2] [INFO] [1773166748.032935327] [gazebo_wind_plugin_node]: WindPlugin: set wind_speed=0.23 wind_direction=-60.2
[gzserver-2] [INFO] [1773166748.267515871] [gazebo_wind_plugin_node]: WindPlugin: set wind_speed=0.23 wind_direction=-60.2
[gzserver-2] [INFO] [1773166748.501772039] [gazebo_wind_plugin_node]: WindPlugin: set wind_speed=0.23 wind_direction=-60.2
[gzserver-2] [INFO] [1773166748.741336827] [gazebo_wind_plugin_node]: WindPlugin: set wind_speed=0.32 wind_direction=-58.3
[gzserver-2] [1;36m[Dbg] [wind_plugin.cpp:110] [0m[1;36mWindPlugin: received command -> speed=[0m[1;36m0[0m[1;36m dir=[0m[1;36m0[0m[1;36m
[gzserver-2] [0m[1;36m[Dbg] [wind_plugin.cpp:110] [0m[1;36mWindPlugin: received command -> speed=[0m[1;36m0.099869[0m[1;36m dir=[0m[1;36m-59.4891[0m[1;36m
[gzserver-2] [0m[1;36m[Dbg] [wind_plugin.cpp:110] [0m[1;36mWindPlugin: received command -> speed=[0m[1;36m0.099869[0m[1;36m dir=[0m[1;36m-59.4891[0m[1;36m
[gzserver-2] [0m[1;36m[Dbg] [wind_plugin.cpp:110] [0m[1;36mWindPlugin: received command -> speed=[0m[1;36m0.099869[0m[1;36m dir=[0m[1;36m-59.4891[0m[1;36m
[gzserver-2] [0m[1;36m[Dbg] [wind_plugin.cpp:110] [0m[1;36mWindPlugin: received command -> speed=[0m[1;36m0.0979982[0m[1;36m dir=[0m[1;36m-58.7556[0m[1;36m
[gzserver-2] [0m[1;36m[Dbg] [wind_plugin.cpp:110] [0m[1;36mWindPlugin: received command -> speed=[0m[1;36m0.0979982[0m[1;36m dir=[0m[1;36m-58.7556[0m[1;36m
[gzserver-2] [0m[1;36m[Dbg] [wind_plugin.cpp:110] [0m[1;36mWindPlugin: received command -> speed=[0m[1;36m0.0979982[0m[1;36m dir=[0m[1;36m-58.7556[0m[1;36m
[gzserver-2] [0m[1;36m[Dbg] [wind_plugin.cpp:110] [0m[1;36mWindPlugin: received command -> speed=[0m[1;36m0.0979982[0m[1;36m dir=[0m[1;36m-58.7556[0m[1;36m
[gzserver-2] [0m[1;36m[Dbg] [wind_plugin.cpp:110] [0m[1;36mWindPlugin: received command -> speed=[0m[1;36m0.133277[0m[1;36m dir=[0m[1;36m-59.7724[0m[1;36m
[gzserver-2] [0m[1;36m[Dbg] [wind_plugin.cpp:110] [0m[1;36mWindPlugin: received command -> speed=[0m[1;36m0.133277[0m[1;36m dir=[0m[1;36m-59.7724[0m[1;36m
[gzserver-2] [0m[1;36m[Dbg] [wind_plugin.cpp:110] [0m[1;36mWindPlugin: received command -> speed=[0m[1;36m0.133277[0m[1;36m dir=[0m[1;36m-59.7724[0m[1;36m
[gzserver-2] [0m[1;36m[Dbg] [wind_plugin.cpp:110] [0m[1;36mWindPlugin: received command -> speed=[0m[1;36m0.133277[0m[1;36m dir=[0m[1;36m-59.7724[0m[1;36m
[gzserver-2] [0m[1;36m[Dbg] [wind_plugin.cpp:110] [0m[1;36mWindPlugin: received command -> speed=[0m[1;36m0.223271[0m[1;36m dir=[0m[1;36m-58.3833[0m[1;36m
[gzserver-2] [0m[1;36m[Dbg] [wind_plugin.cpp:110] [0m[1;36mWindPlugin: received command -> speed=[0m[1;36m0.223271[0m[1;36m dir=[0m[1;36m-58.3833[0m[1;36m
[gzserver-2] [0m[1;36m[Dbg] [wind_plugin.cpp:110] [0m[1;36mWindPlugin: received command -> speed=[0m[1;36m0.223271[0m[1;36m dir=[0m[1;36m-58.3833[0m[1;36m
[gzserver-2] [0m[1;36m[Dbg] [wind_plugin.cpp:110] [0m[1;36mWindPlugin: received command -> speed=[0m[1;36m0.223271[0m[1;36m dir=[0m[1;36m-58.3833[0m[1;36m
[gzserver-2] [0m[1;36m[Dbg] [wind_plugin.cpp:110] [0m[1;36mWindPlugin: received command -> speed=[0m[1;36m0.223271[0m[1;36m dir=[0m[1;36m-58.3833[0m[1;36m
[gzserver-2] [0m[1;36m[Dbg] [wind_plugin.cpp:110] [0m[1;36mWindPlugin: received command -> speed=[0m[1;36m0.22573[0m[1;36m dir=[0m[1;36m-60.246[0m[1;36m
[gzserver-2] [0m[1;36m[Dbg] [wind_plugin.cpp:110] [0m[1;36mWindPlugin: received command -> speed=[0m[1;36m0.22573[0m[1;36m dir=[0m[1;36m-60.246[0m[1;36m
[gzserver-2] [0m[1;36m[Dbg] [wind_plugin.cpp:110] [0m[1;36mWindPlugin: received command -> speed=[0m[1;36m0.22573[0m[1;36m dir=[0m[1;36m-60.246[0m[1;36m
[gzserver-2] [0m[1;36m[Dbg] [wind_plugin.cpp:110] [0m[1;36mWindPlugin: received command -> speed=[0m[1;36m0.22573[0m[1;36m dir=[0m[1;36m-60.246[0m[1;36m
[gzserver-2] [0m[1;36m[Dbg] [wind_plugin.cpp:110] [0m[1;36mWindPlugin: received command -> speed=[0m[1;36m0.315977[0m[1;36m dir=[0m[1;36m-58.3313[0m[1;36m
[gzserver-2] [0mLanded!
[gzserver-2] [INFO] [1773166748.972177831] [gazebo_wind_plugin_node]: WindPlugin: set wind_speed=0.32 wind_direction=-58.3
[gzserver-2] [INFO] [1773166749.211496402] [gazebo_wind_plugin_node]: WindPlugin: set wind_speed=0.32 wind_direction=-58.3
[gzserver-2] [INFO] [1773166749.451084656] [gazebo_wind_plugin_node]: WindPlugin: set wind_speed=0.32 wind_direction=-58.3
[gzserver-2] [INFO] [1773166749.691091623] [gazebo_wind_plugin_node]: WindPlugin: set wind_speed=0.25 wind_direction=-63.6
[gzserver-2] [INFO] [1773166749.930966728] [gazebo_wind_plugin_node]: WindPlugin: set wind_speed=0.25 wind_direction=-63.6
[gzserver-2] [INFO] [1773166750.169947742] [gazebo_wind_plugin_node]: WindPlugin: set wind_speed=0.25 wind_direction=-63.6
[gzserver-2] [INFO] [1773166750.411731358] [gazebo_wind_plugin_node]: WindPlugin: set wind_speed=0.25 wind_direction=-63.6
[gzserver-2] [INFO] [1773166750.651158390] [gazebo_wind_plugin_node]: WindPlugin: set wind_speed=0.32 wind_direction=-60.0
