[INFO] [launch]: All log files can be found below /home/j/.ros/log/2026-03-10-12-41-56-832168-j-1313501
[INFO] [launch]: Default logging verbosity is set to INFO
[INFO] [launch.user]: [bringup] Apriltag config: camera=/drone/bottom, image=/drone/bottom/image_raw, tags=/drone/bottom/tags, bridge=/landing_tag_state, standalone=true, use_target_id=true, target_id=0
[INFO] [rviz2-1]: process started with pid [1313502]
[INFO] [gzserver-2]: process started with pid [1313504]
[INFO] [robot_state_publisher-3]: process started with pid [1313506]
[INFO] [joint_state_publisher-4]: process started with pid [1313508]
[INFO] [spawn_drone-5]: process started with pid [1313510]
[INFO] [static_transform_publisher-6]: process started with pid [1313512]
[INFO] [joy_node-7]: process started with pid [1313514]
[INFO] [teleop_joystick-8]: process started with pid [1313516]
[INFO] [apriltag_detector_node-9]: process started with pid [1313518]
[INFO] [apriltag_state_bridge-10]: process started with pid [1313520]
[static_transform_publisher-6] [WARN] [1773114117.311557169] []: Old-style arguments are deprecated; see --help for new-style arguments
[static_transform_publisher-6] [INFO] [1773114117.316845686] [static_transform_publisher_H5j7kuo7ABC1DvU7]: Spinning until stopped - publishing transform
[static_transform_publisher-6] translation: ('0.000000', '0.000000', '0.000000')
[static_transform_publisher-6] rotation: ('0.000000', '0.000000', '0.000000', '1.000000')
[static_transform_publisher-6] from 'world' to '/drone/odom'
[rviz2-1] 
[rviz2-1] (rviz2:1313502): dbind-WARNING **: 12:41:57.334: Couldn't connect to accessibility bus: Failed to connect to socket /root/.cache/at-spi/bus_0: 허가 거부
[robot_state_publisher-3] [INFO] [1773114117.339090704] [drone.robot_state_publisher]: got segment base_footprint
[robot_state_publisher-3] [INFO] [1773114117.339178654] [drone.robot_state_publisher]: got segment base_link
[robot_state_publisher-3] [INFO] [1773114117.339190442] [drone.robot_state_publisher]: got segment bottom_cam_link
[robot_state_publisher-3] [INFO] [1773114117.339198733] [drone.robot_state_publisher]: got segment front_cam_link
[robot_state_publisher-3] [INFO] [1773114117.339205640] [drone.robot_state_publisher]: got segment sonar_link
[apriltag_detector_node-9] [INFO] [1773114117.344950965] [apriltag_detector_node]: tag detector type: umich
[teleop_joystick-8] Traceback (most recent call last):
[teleop_joystick-8]   File "/home/j/INCSL/IICC26_ws/install/sjtu_drone_control/lib/sjtu_drone_control/teleop_joystick", line 33, in <module>
[teleop_joystick-8]     sys.exit(load_entry_point('sjtu_drone_control==0.0.0', 'console_scripts', 'teleop_joystick')())
[teleop_joystick-8]   File "/home/j/INCSL/IICC26_ws/install/sjtu_drone_control/lib/sjtu_drone_control/teleop_joystick", line 22, in importlib_load_entry_point
[teleop_joystick-8]     for entry_point in distribution(dist_name).entry_points
[teleop_joystick-8]   File "/usr/lib/python3.10/importlib/metadata/__init__.py", line 969, in distribution
[teleop_joystick-8]     return Distribution.from_name(distribution_name)
[teleop_joystick-8]   File "/usr/lib/python3.10/importlib/metadata/__init__.py", line 548, in from_name
[teleop_joystick-8]     raise PackageNotFoundError(name)
[teleop_joystick-8] importlib.metadata.PackageNotFoundError: No package metadata was found for sjtu_drone_control
[ERROR] [teleop_joystick-8]: process has died [pid 1313516, exit code 1, cmd '/home/j/INCSL/IICC26_ws/install/sjtu_drone_control/lib/sjtu_drone_control/teleop_joystick --ros-args -r __ns:=/drone'].
[gzserver-2] Gazebo multi-robot simulator, version 11.10.2
[gzserver-2] Copyright (C) 2012 Open Source Robotics Foundation.
[gzserver-2] Released under the Apache 2 License.
[gzserver-2] http://gazebosim.org
[gzserver-2] 
[joint_state_publisher-4] [INFO] [1773114117.570094145] [drone.joint_state_publisher]: Waiting for robot_description to be published on the robot_description topic...
[apriltag_state_bridge-10] [INFO] [1773114117.583608190] [apriltag_state_bridge]: AprilTag bridge started: /drone/bottom/tags -> /landing_tag_state, use_target_id=True, target_id=0
[gzserver-2] [1;33m[Wrn] [gazebo_ros_init.cpp:178] [0m[1;33m
[gzserver-2] #     # ####### ####### ###  #####  #######
[gzserver-2] ##    # #     #    #     #  #     # #
[gzserver-2] # #   # #     #    #     #  #       #
[gzserver-2] #  #  # #     #    #     #  #       #####
[gzserver-2] #   # # #     #    #     #  #       #
[gzserver-2] #    ## #     #    #     #  #     # #
[gzserver-2] #     # #######    #    ###  #####  #######
[gzserver-2] 
[gzserver-2] This version of Gazebo, now called Gazebo classic, reaches end-of-life
[gzserver-2] in January 2025. Users are highly encouraged to migrate to the new Gazebo
[gzserver-2] using our migration guides (https://gazebosim.org/docs/latest/gazebo_classic_migration?utm_source=gazebo_ros_pkgs&utm_medium=cli)
[gzserver-2] 
[gzserver-2] [0m[1;33m
[rviz2-1] [INFO] [1773114117.947840766] [rviz2]: Stereo is NOT SUPPORTED
[rviz2-1] [INFO] [1773114117.947930549] [rviz2]: OpenGl version: 4.6 (GLSL 4.6)
[rviz2-1] [INFO] [1773114118.028491645] [rviz2]: Stereo is NOT SUPPORTED
[rviz2-1] [INFO] [1773114118.109088110] [rviz2]: Stereo is NOT SUPPORTED
[gzserver-2] [1;32m[Msg] [0m[1;32mWaiting for master.[0m[1;32m
[gzserver-2] [0m[1;32m[0m[1;32m[0m[1;32m[Msg] [0m[1;32mConnected to gazebo master @ [0m[1;32mhttp://127.0.0.1:11345[0m[1;32m
[gzserver-2] [0m[1;32m[0m[1;32m[0m[1;32m[Msg] [0m[1;32mPublicized address: [0m[1;32m172.16.52.147[0m[1;32m
[gzserver-2] [0m[1;32m[0m[1;32m[0m[1;32m[Msg] [0m[1;32mLoading world file [[0m[1;32m/home/j/INCSL/IICC26_ws/install/sjtu_drone_description/share/sjtu_drone_description/worlds/landingPad.world[0m[1;32m][0m[1;32m
[gzserver-2] [0m[1;32m[0m[1;32m[0m[1;36m[Dbg] [wind_plugin.cpp:96] [0m[1;36mWindPlugin loaded: speed=[0m[1;36m0[0m[1;36m dir=[0m[1;36m0[0m[1;36m deg area=[0m[1;36m0.1[0m[1;36m coeff=[0m[1;36m1[0m[1;36m
[gzserver-2] [0m[1;33m[0m[1;33m[0m[1;31m[Err] [Sensor.cc:510] [0m[1;31mGet noise index not valid[0m[1;31m
[gzserver-2] [0m[1;31m[0m[1;31m[0m[1;31m[Err] [Sensor.cc:510] [0m[1;31mGet noise index not valid[0m[1;31m
[gzserver-2] [0m[1;31m[0m[1;31m[0m[1;31m[Err] [Sensor.cc:510] [0m[1;31mGet noise index not valid[0m[1;31m
[gzserver-2] [0m[1;31m[0m[1;31m[0m[1;31m[Err] [Sensor.cc:510] [0m[1;31mGet noise index not valid[0m[1;31m
[gzserver-2] [0m[1;31m[0m[1;31m[0m[1;31m[Err] [Sensor.cc:510] [0m[1;31mGet noise index not valid[0m[1;31m
[gzserver-2] [0m[1;31m[0m[1;31m[0m[1;31m[Err] [Sensor.cc:510] [0m[1;31mGet noise index not valid[0m[1;31m
[gzserver-2] [0m[1;31m[0m[1;31m[0mTopic [default//drone/base_footprint/down_camera/image] is not valid.
[gzserver-2] [INFO] [1773114118.657838231] [drone.collision_plugin]: Publishing contact states to [/drone/bumper_states]
[gzserver-2] Topic [default//drone/base_footprint/front_camera/image] is not valid.
[gzserver-2] [1;33m[Wrn] [Event.cc:61] [0m[1;33mWarning: Deleting a connection right after creation. [0m[1;33mMake sure to save the ConnectionPtr from a Connect call
[gzserver-2] [0m[INFO] [1773114119.219500450] [drone.camera_bottom]: Publishing camera info to [/drone/bottom/camera_info]
[gzserver-2] [INFO] [1773114119.222752549] [drone.camera_front]: Publishing camera info to [/drone/front/camera_info]
[spawn_drone-5] [INFO] [1773114119.231845507] [spawn_drone]: Result True SpawnEntity: Successfully spawned entity [/drone]
[gzserver-2] [INFO] [1773114119.344843704] [drone.simple_drone]: The drone plugin is loading!
[gzserver-2] [INFO] [1773114119.345071707] [drone.simple_drone]: pub_odom: 1
[gzserver-2] [INFO] [1773114119.345111667] [drone.simple_drone]: Using following parameters: 
[gzserver-2] 		link_name: base_footprint,
[gzserver-2] 		max_force: 30,
[gzserver-2] 		motion_small_noise: 0,
[gzserver-2] 		motion_drift_noise: 0,
[gzserver-2] 		motion_drift_noise_time: 50,
[gzserver-2] 		takeoff_hover_height: 2.05,
[gzserver-2] 		takeoff_vertical_speed: 0.2
[gzserver-2] [INFO] [1773114119.357872666] [drone.simple_drone]: Using the PID parameters: 
[gzserver-2] 	Roll Pitch:
[gzserver-2] 		kP: 10, kI: 0,kD: 5, Limit: 0.5, Time Constant: 0
[gzserver-2] 	Yaw:
[gzserver-2] 		kP: 2, kI: 0,kD: 1, Limit: 1.5, Time Constant: 0
[gzserver-2] 	Velocity X:
[gzserver-2] 		kP: 5, kI: 0,kD: 2.3, Limit: 2, Time Constant: 0
[gzserver-2] 	Velocity Y:
[gzserver-2] 		kP: 5, kI: 0,kD: 2.3, Limit: 2, Time Constant: 0
[gzserver-2] 	Velocity Z:
[gzserver-2] 		kP: 5, kI: 0,kD: 1, Limit: -1, Time Constant: 0
[gzserver-2] 	Position XY:
[gzserver-2] 		kP: 1.1, kI: 0,kD: 0, Limit: 5, Time Constant: 0
[gzserver-2] 	Position Z:
[gzserver-2] 		kP: 1, kI: 0,kD: 0.2, Limit: -1, Time Constant: 0
[gzserver-2] [INFO] [1773114119.358023961] [drone.simple_drone]: The drone plugin finished loading!
[INFO] [spawn_drone-5]: process has finished cleanly [pid 1313510]
[gzserver-2] [INFO] [1773114126.668916466] [gazebo_wind_plugin_node]: WindPlugin: set wind_speed=0.00 wind_direction=0.0
[gzserver-2] [INFO] [1773114126.951095401] [gazebo_wind_plugin_node]: WindPlugin: set wind_speed=0.00 wind_direction=0.0
[gzserver-2] [INFO] [1773114126.984526795] [drone.simple_drone]: Quadrotor takes off!!
[gzserver-2] [INFO] [1773114127.185645722] [gazebo_wind_plugin_node]: WindPlugin: set wind_speed=0.00 wind_direction=0.0
[gzserver-2] [INFO] [1773114127.420063469] [gazebo_wind_plugin_node]: WindPlugin: set wind_speed=0.00 wind_direction=0.0
[gzserver-2] [INFO] [1773114127.655252515] [gazebo_wind_plugin_node]: WindPlugin: set wind_speed=0.00 wind_direction=0.0
[gzserver-2] [INFO] [1773114127.889668661] [gazebo_wind_plugin_node]: WindPlugin: set wind_speed=0.00 wind_direction=0.0
[gzserver-2] [INFO] [1773114128.129069870] [gazebo_wind_plugin_node]: WindPlugin: set wind_speed=0.00 wind_direction=0.0
[gzserver-2] [INFO] [1773114128.367939310] [gazebo_wind_plugin_node]: WindPlugin: set wind_speed=0.00 wind_direction=0.0
[gzserver-2] [INFO] [1773114128.606601665] [gazebo_wind_plugin_node]: WindPlugin: set wind_speed=0.00 wind_direction=0.0
[gzserver-2] [0m[1;36m[Dbg] [wind_plugin.cpp:110] [0m[1;36mWindPlugin: received command -> speed=[0m[1;36m0[0m[1;36m dir=[0m[1;36m0[0m[1;36m
[gzserver-2] [0m[1;36m[Dbg] [wind_plugin.cpp:110] [0m[1;36mWindPlugin: received command -> speed=[0m[1;36m0[0m[1;36m dir=[0m[1;36m0[0m[1;36m
[gzserver-2] [0m[1;36m[Dbg] [wind_plugin.cpp:110] [0m[1;36mWindPlugin: received command -> speed=[0m[1;36m0[0m[1;36m dir=[0m[1;36m0[0m[1;36m
[gzserver-2] [0m[1;36m[Dbg] [wind_plugin.cpp:110] [0m[1;36mWindPlugin: received command -> speed=[0m[1;36m0[0m[1;36m dir=[0m[1;36m0[0m[1;36m
[gzserver-2] [0m[1;36m[Dbg] [wind_plugin.cpp:110] [0m[1;36mWindPlugin: received command -> speed=[0m[1;36m0[0m[1;36m dir=[0m[1;36m0[0m[1;36m
[gzserver-2] [0m[1;36m[Dbg] [wind_plugin.cpp:110] [0m[1;36mWindPlugin: received command -> speed=[0m[1;36m0[0m[1;36m dir=[0m[1;36m0[0m[1;36m
[gzserver-2] [0m[1;36m[Dbg] [wind_plugin.cpp:110] [0m[1;36mWindPlugin: received command -> speed=[0m[1;36m0[0m[1;36m dir=[0m[1;36m0[0m[1;36m
[gzserver-2] [0m[1;36m[Dbg] [wind_plugin.cpp:110] [0m[1;36mWindPlugin: received command -> speed=[0m[1;36m0[0m[1;36m dir=[0m[1;36m0[0m[1;36m
[gzserver-2] [0m[1;36m[Dbg] [wind_plugin.cpp:110] [0m[1;36mWindPlugin: received command -> speed=[0m[1;36m0[0m[1;36m dir=[0m[1;36m0[0m[1;36m
[gzserver-2] [0mEntering flying model!
[gzserver-2] [INFO] [1773114128.846995959] [gazebo_wind_plugin_node]: WindPlugin: set wind_speed=0.88 wind_direction=-123.1
[gzserver-2] [INFO] [1773114129.089118555] [gazebo_wind_plugin_node]: WindPlugin: set wind_speed=0.88 wind_direction=-123.1
[gzserver-2] [INFO] [1773114129.324652762] [gazebo_wind_plugin_node]: WindPlugin: set wind_speed=1.07 wind_direction=-121.7
[gzserver-2] [INFO] [1773114129.563886202] [gazebo_wind_plugin_node]: WindPlugin: set wind_speed=1.07 wind_direction=-121.7
[gzserver-2] [INFO] [1773114129.803584384] [gazebo_wind_plugin_node]: WindPlugin: set wind_speed=1.07 wind_direction=-121.7
[gzserver-2] [INFO] [1773114130.042913874] [gazebo_wind_plugin_node]: WindPlugin: set wind_speed=1.07 wind_direction=-121.7
[gzserver-2] [INFO] [1773114130.282259556] [gazebo_wind_plugin_node]: WindPlugin: set wind_speed=0.80 wind_direction=-122.5
[gzserver-2] [INFO] [1773114130.517976265] [gazebo_wind_plugin_node]: WindPlugin: set wind_speed=0.80 wind_direction=-122.5
[gzserver-2] [INFO] [1773114130.757990249] [gazebo_wind_plugin_node]: WindPlugin: set wind_speed=0.80 wind_direction=-122.5
[gzserver-2] [INFO] [1773114130.992709896] [gazebo_wind_plugin_node]: WindPlugin: set wind_speed=0.80 wind_direction=-122.5
[gzserver-2] [INFO] [1773114131.231994457] [gazebo_wind_plugin_node]: WindPlugin: set wind_speed=0.88 wind_direction=-118.5
[gzserver-2] [INFO] [1773114131.471642598] [gazebo_wind_plugin_node]: WindPlugin: set wind_speed=0.88 wind_direction=-118.5
[gzserver-2] [INFO] [1773114131.712127651] [gazebo_wind_plugin_node]: WindPlugin: set wind_speed=0.88 wind_direction=-118.5
[gzserver-2] [INFO] [1773114131.744526277] [drone.simple_drone]: Quadrotor lands!!
[gzserver-2] [INFO] [1773114131.946081670] [gazebo_wind_plugin_node]: WindPlugin: set wind_speed=0.88 wind_direction=-118.5
[gzserver-2] [INFO] [1773114132.185240356] [gazebo_wind_plugin_node]: WindPlugin: set wind_speed=1.10 wind_direction=-121.3
[gzserver-2] [INFO] [1773114132.416176058] [gazebo_wind_plugin_node]: WindPlugin: set wind_speed=1.10 wind_direction=-121.3
[gzserver-2] [INFO] [1773114132.652456399] [gazebo_wind_plugin_node]: WindPlugin: set wind_speed=1.10 wind_direction=-121.3
[gzserver-2] [1;36m[Dbg] [wind_plugin.cpp:110] [0m[1;36mWindPlugin: received command -> speed=[0m[1;36m0.884347[0m[1;36m dir=[0m[1;36m-123.107[0m[1;36m
[gzserver-2] [0m[1;36m[Dbg] [wind_plugin.cpp:110] [0m[1;36mWindPlugin: received command -> speed=[0m[1;36m0.884347[0m[1;36m dir=[0m[1;36m-123.107[0m[1;36m
[gzserver-2] [0m[1;36m[Dbg] [wind_plugin.cpp:110] [0m[1;36mWindPlugin: received command -> speed=[0m[1;36m1.06551[0m[1;36m dir=[0m[1;36m-121.702[0m[1;36m
[gzserver-2] [0m[1;36m[Dbg] [wind_plugin.cpp:110] [0m[1;36mWindPlugin: received command -> speed=[0m[1;36m1.06551[0m[1;36m dir=[0m[1;36m-121.702[0m[1;36m
[gzserver-2] [0m[1;36m[Dbg] [wind_plugin.cpp:110] [0m[1;36mWindPlugin: received command -> speed=[0m[1;36m1.06551[0m[1;36m dir=[0m[1;36m-121.702[0m[1;36m
[gzserver-2] [0m[1;36m[Dbg] [wind_plugin.cpp:110] [0m[1;36mWindPlugin: received command -> speed=[0m[1;36m1.06551[0m[1;36m dir=[0m[1;36m-121.702[0m[1;36m
[gzserver-2] [0m[1;36m[Dbg] [wind_plugin.cpp:110] [0m[1;36mWindPlugin: received command -> speed=[0m[1;36m0.801206[0m[1;36m dir=[0m[1;36m-122.522[0m[1;36m
[gzserver-2] [0m[1;36m[Dbg] [wind_plugin.cpp:110] [0m[1;36mWindPlugin: received command -> speed=[0m[1;36m0.801206[0m[1;36m dir=[0m[1;36m-122.522[0m[1;36m
[gzserver-2] [0m[1;36m[Dbg] [wind_plugin.cpp:110] [0m[1;36mWindPlugin: received command -> speed=[0m[1;36m0.801206[0m[1;36m dir=[0m[1;36m-122.522[0m[1;36m
[gzserver-2] [0m[1;36m[Dbg] [wind_plugin.cpp:110] [0m[1;36mWindPlugin: received command -> speed=[0m[1;36m0.801206[0m[1;36m dir=[0m[1;36m-122.522[0m[1;36m
[gzserver-2] [0m[1;36m[Dbg] [wind_plugin.cpp:110] [0m[1;36mWindPlugin: received command -> speed=[0m[1;36m0.884146[0m[1;36m dir=[0m[1;36m-118.512[0m[1;36m
[gzserver-2] [0m[1;36m[Dbg] [wind_plugin.cpp:110] [0m[1;36mWindPlugin: received command -> speed=[0m[1;36m0.884146[0m[1;36m dir=[0m[1;36m-118.512[0m[1;36m
[gzserver-2] [0m[1;36m[Dbg] [wind_plugin.cpp:110] [0m[1;36mWindPlugin: received command -> speed=[0m[1;36m0.884146[0m[1;36m dir=[0m[1;36m-118.512[0m[1;36m
[gzserver-2] [0m[1;36m[Dbg] [wind_plugin.cpp:110] [0m[1;36mWindPlugin: received command -> speed=[0m[1;36m0.884146[0m[1;36m dir=[0m[1;36m-118.512[0m[1;36m
[gzserver-2] [0m[1;36m[Dbg] [wind_plugin.cpp:110] [0m[1;36mWindPlugin: received command -> speed=[0m[1;36m1.09978[0m[1;36m dir=[0m[1;36m-121.349[0m[1;36m
[gzserver-2] [0m[1;36m[Dbg] [wind_plugin.cpp:110] [0m[1;36mWindPlugin: received command -> speed=[0m[1;36m1.09978[0m[1;36m dir=[0m[1;36m-121.349[0m[1;36m
[gzserver-2] [0m[1;36m[Dbg] [wind_plugin.cpp:110] [0m[1;36mWindPlugin: received command -> speed=[0m[1;36m1.09978[0m[1;36m dir=[0m[1;36m-121.349[0m[1;36m
[gzserver-2] [0mLanded!
[gzserver-2] [INFO] [1773114132.891655751] [gazebo_wind_plugin_node]: WindPlugin: set wind_speed=1.10 wind_direction=-121.3
[gzserver-2] [INFO] [1773114133.125402518] [gazebo_wind_plugin_node]: WindPlugin: set wind_speed=1.10 wind_direction=-121.3
[gzserver-2] [INFO] [1773114133.366493119] [gazebo_wind_plugin_node]: WindPlugin: set wind_speed=1.05 wind_direction=-116.0
[gzserver-2] [INFO] [1773114133.605961240] [gazebo_wind_plugin_node]: WindPlugin: set wind_speed=1.05 wind_direction=-116.0
[gzserver-2] [INFO] [1773114133.845416814] [gazebo_wind_plugin_node]: WindPlugin: set wind_speed=1.05 wind_direction=-116.0
[gzserver-2] [INFO] [1773114134.084139396] [gazebo_wind_plugin_node]: WindPlugin: set wind_speed=1.05 wind_direction=-116.0
[gzserver-2] [INFO] [1773114134.323335955] [gazebo_wind_plugin_node]: WindPlugin: set wind_speed=0.98 wind_direction=-116.7
[gzserver-2] [INFO] [1773114134.562948703] [gazebo_wind_plugin_node]: WindPlugin: set wind_speed=0.98 wind_direction=-116.7
