[INFO] [launch]: All log files can be found below /home/j/.ros/log/2026-03-10-12-52-01-600198-j-1409729
[INFO] [launch]: Default logging verbosity is set to INFO
[INFO] [launch.user]: [bringup] Apriltag config: camera=/drone/bottom, image=/drone/bottom/image_raw, tags=/drone/bottom/tags, bridge=/landing_tag_state, standalone=true, use_target_id=true, target_id=0
[INFO] [rviz2-1]: process started with pid [1409741]
[INFO] [gzserver-2]: process started with pid [1409743]
[INFO] [robot_state_publisher-3]: process started with pid [1409745]
[INFO] [joint_state_publisher-4]: process started with pid [1409747]
[INFO] [spawn_drone-5]: process started with pid [1409749]
[INFO] [static_transform_publisher-6]: process started with pid [1409751]
[INFO] [joy_node-7]: process started with pid [1409753]
[INFO] [teleop_joystick-8]: process started with pid [1409756]
[INFO] [apriltag_detector_node-9]: process started with pid [1409758]
[INFO] [apriltag_state_bridge-10]: process started with pid [1409760]
[static_transform_publisher-6] [WARN] [1773114722.083190616] []: Old-style arguments are deprecated; see --help for new-style arguments
[static_transform_publisher-6] [INFO] [1773114722.089176995] [static_transform_publisher_zwh6xQpcAiPHXgNL]: Spinning until stopped - publishing transform
[static_transform_publisher-6] translation: ('0.000000', '0.000000', '0.000000')
[static_transform_publisher-6] rotation: ('0.000000', '0.000000', '0.000000', '1.000000')
[static_transform_publisher-6] from 'world' to '/drone/odom'
[robot_state_publisher-3] [INFO] [1773114722.106293736] [drone.robot_state_publisher]: got segment base_footprint
[robot_state_publisher-3] [INFO] [1773114722.106357798] [drone.robot_state_publisher]: got segment base_link
[robot_state_publisher-3] [INFO] [1773114722.106363614] [drone.robot_state_publisher]: got segment bottom_cam_link
[robot_state_publisher-3] [INFO] [1773114722.106366848] [drone.robot_state_publisher]: got segment front_cam_link
[robot_state_publisher-3] [INFO] [1773114722.106369676] [drone.robot_state_publisher]: got segment sonar_link
[rviz2-1] 
[rviz2-1] (rviz2:1409741): dbind-WARNING **: 12:52:02.117: Couldn't connect to accessibility bus: Failed to connect to socket /root/.cache/at-spi/bus_0: 허가 거부
[teleop_joystick-8] Traceback (most recent call last):
[teleop_joystick-8]   File "/home/j/INCSL/IICC26_ws/install/sjtu_drone_control/lib/sjtu_drone_control/teleop_joystick", line 33, in <module>
[teleop_joystick-8]     sys.exit(load_entry_point('sjtu_drone_control==0.0.0', 'console_scripts', 'teleop_joystick')())
[teleop_joystick-8]   File "/home/j/INCSL/IICC26_ws/install/sjtu_drone_control/lib/sjtu_drone_control/teleop_joystick", line 22, in importlib_load_entry_point
[teleop_joystick-8]     for entry_point in distribution(dist_name).entry_points
[teleop_joystick-8]   File "/usr/lib/python3.10/importlib/metadata/__init__.py", line 969, in distribution
[teleop_joystick-8]     return Distribution.from_name(distribution_name)
[teleop_joystick-8]   File "/usr/lib/python3.10/importlib/metadata/__init__.py", line 548, in from_name
[teleop_joystick-8]     raise PackageNotFoundError(name)
[teleop_joystick-8] importlib.metadata.PackageNotFoundError: No package metadata was found for sjtu_drone_control
[apriltag_detector_node-9] [INFO] [1773114722.138479413] [apriltag_detector_node]: tag detector type: umich
[ERROR] [teleop_joystick-8]: process has died [pid 1409756, exit code 1, cmd '/home/j/INCSL/IICC26_ws/install/sjtu_drone_control/lib/sjtu_drone_control/teleop_joystick --ros-args -r __ns:=/drone'].
[gzserver-2] Gazebo multi-robot simulator, version 11.10.2
[gzserver-2] Copyright (C) 2012 Open Source Robotics Foundation.
[gzserver-2] Released under the Apache 2 License.
[gzserver-2] http://gazebosim.org
[gzserver-2] 
[apriltag_state_bridge-10] [INFO] [1773114722.286893873] [apriltag_state_bridge]: AprilTag bridge started: /drone/bottom/tags -> /landing_tag_state, use_target_id=True, target_id=0
[joint_state_publisher-4] [INFO] [1773114722.367966194] [drone.joint_state_publisher]: Waiting for robot_description to be published on the robot_description topic...
[gzserver-2] [1;33m[Wrn] [gazebo_ros_init.cpp:178] [0m[1;33m
[gzserver-2] #     # ####### ####### ###  #####  #######
[gzserver-2] ##    # #     #    #     #  #     # #
[gzserver-2] # #   # #     #    #     #  #       #
[gzserver-2] #  #  # #     #    #     #  #       #####
[gzserver-2] #   # # #     #    #     #  #       #
[gzserver-2] #    ## #     #    #     #  #     # #
[gzserver-2] #     # #######    #    ###  #####  #######
[gzserver-2] 
[gzserver-2] This version of Gazebo, now called Gazebo classic, reaches end-of-life
[gzserver-2] in January 2025. Users are highly encouraged to migrate to the new Gazebo
[gzserver-2] using our migration guides (https://gazebosim.org/docs/latest/gazebo_classic_migration?utm_source=gazebo_ros_pkgs&utm_medium=cli)
[gzserver-2] 
[gzserver-2] [0m[1;33m
[rviz2-1] [INFO] [1773114722.839000387] [rviz2]: Stereo is NOT SUPPORTED
[rviz2-1] [INFO] [1773114722.839094017] [rviz2]: OpenGl version: 4.6 (GLSL 4.6)
[rviz2-1] [INFO] [1773114722.899679866] [rviz2]: Stereo is NOT SUPPORTED
[rviz2-1] [INFO] [1773114723.006748289] [rviz2]: Stereo is NOT SUPPORTED
[gzserver-2] [1;32m[Msg] [0m[1;32mWaiting for master.[0m[1;32m
[gzserver-2] [0m[1;32m[0m[1;32m[0m[1;32m[Msg] [0m[1;32mConnected to gazebo master @ [0m[1;32mhttp://127.0.0.1:11345[0m[1;32m
[gzserver-2] [0m[1;32m[0m[1;32m[0m[1;32m[Msg] [0m[1;32mPublicized address: [0m[1;32m172.16.52.147[0m[1;32m
[gzserver-2] [0m[1;32m[0m[1;32m[0m[1;32m[Msg] [0m[1;32mLoading world file [[0m[1;32m/home/j/INCSL/IICC26_ws/install/sjtu_drone_description/share/sjtu_drone_description/worlds/landingPad.world[0m[1;32m][0m[1;32m
[gzserver-2] [0m[1;32m[0m[1;32m[0m[1;36m[Dbg] [wind_plugin.cpp:96] [0m[1;36mWindPlugin loaded: speed=[0m[1;36m0[0m[1;36m dir=[0m[1;36m0[0m[1;36m deg area=[0m[1;36m0.1[0m[1;36m coeff=[0m[1;36m1[0m[1;36m
[gzserver-2] [0m[1;33m[0m[1;33m[0m[1;31m[Err] [Sensor.cc:510] [0m[1;31mGet noise index not valid[0m[1;31m
[gzserver-2] [0m[1;31m[0m[1;31m[0m[1;31m[Err] [Sensor.cc:510] [0m[1;31mGet noise index not valid[0m[1;31m
[gzserver-2] [0m[1;31m[0m[1;31m[0m[1;31m[Err] [Sensor.cc:510] [0m[1;31mGet noise index not valid[0m[1;31m
[gzserver-2] [0m[1;31m[0m[1;31m[0m[1;31m[Err] [Sensor.cc:510] [0m[1;31mGet noise index not valid[0m[1;31m
[gzserver-2] [0m[1;31m[0m[1;31m[0m[1;31m[Err] [Sensor.cc:510] [0m[1;31mGet noise index not valid[0m[1;31m
[gzserver-2] [0m[1;31m[0m[1;31m[0m[1;31m[Err] [Sensor.cc:510] [0m[1;31mGet noise index not valid[0m[1;31m
[gzserver-2] [0m[1;31m[0m[1;31m[0mTopic [default//drone/base_footprint/down_camera/image] is not valid.
[gzserver-2] [INFO] [1773114723.474384629] [drone.collision_plugin]: Publishing contact states to [/drone/bumper_states]
[gzserver-2] Topic [default//drone/base_footprint/front_camera/image] is not valid.
[gzserver-2] [1;33m[Wrn] [Event.cc:61] [0m[1;33mWarning: Deleting a connection right after creation. [0m[1;33mMake sure to save the ConnectionPtr from a Connect call
[gzserver-2] [0m[INFO] [1773114724.033945884] [drone.camera_bottom]: Publishing camera info to [/drone/bottom/camera_info]
[gzserver-2] [INFO] [1773114724.036823369] [drone.camera_front]: Publishing camera info to [/drone/front/camera_info]
[spawn_drone-5] [INFO] [1773114724.045789687] [spawn_drone]: Result True SpawnEntity: Successfully spawned entity [/drone]
[gzserver-2] [INFO] [1773114724.159176136] [drone.simple_drone]: The drone plugin is loading!
[gzserver-2] [INFO] [1773114724.159370516] [drone.simple_drone]: pub_odom: 1
[gzserver-2] [INFO] [1773114724.159402225] [drone.simple_drone]: Using following parameters: 
[gzserver-2] 		link_name: base_footprint,
[gzserver-2] 		max_force: 30,
[gzserver-2] 		motion_small_noise: 0,
[gzserver-2] 		motion_drift_noise: 0,
[gzserver-2] 		motion_drift_noise_time: 50,
[gzserver-2] 		takeoff_hover_height: 2.13,
[gzserver-2] 		takeoff_vertical_speed: 0.2
[gzserver-2] [INFO] [1773114724.171196053] [drone.simple_drone]: Using the PID parameters: 
[gzserver-2] 	Roll Pitch:
[gzserver-2] 		kP: 10, kI: 0,kD: 5, Limit: 0.5, Time Constant: 0
[gzserver-2] 	Yaw:
[gzserver-2] 		kP: 2, kI: 0,kD: 1, Limit: 1.5, Time Constant: 0
[gzserver-2] 	Velocity X:
[gzserver-2] 		kP: 5, kI: 0,kD: 2.3, Limit: 2, Time Constant: 0
[gzserver-2] 	Velocity Y:
[gzserver-2] 		kP: 5, kI: 0,kD: 2.3, Limit: 2, Time Constant: 0
[gzserver-2] 	Velocity Z:
[gzserver-2] 		kP: 5, kI: 0,kD: 1, Limit: -1, Time Constant: 0
[gzserver-2] 	Position XY:
[gzserver-2] 		kP: 1.1, kI: 0,kD: 0, Limit: 5, Time Constant: 0
[gzserver-2] 	Position Z:
[gzserver-2] 		kP: 1, kI: 0,kD: 0.2, Limit: -1, Time Constant: 0
[gzserver-2] [INFO] [1773114724.171332499] [drone.simple_drone]: The drone plugin finished loading!
[INFO] [spawn_drone-5]: process has finished cleanly [pid 1409749]
[gzserver-2] [INFO] [1773114731.428024304] [gazebo_wind_plugin_node]: WindPlugin: set wind_speed=0.00 wind_direction=0.0
[gzserver-2] [INFO] [1773114731.698441620] [gazebo_wind_plugin_node]: WindPlugin: set wind_speed=0.00 wind_direction=0.0
[gzserver-2] [INFO] [1773114731.732076800] [drone.simple_drone]: Quadrotor takes off!!
[gzserver-2] [INFO] [1773114731.932759142] [gazebo_wind_plugin_node]: WindPlugin: set wind_speed=0.00 wind_direction=0.0
[gzserver-2] [INFO] [1773114732.174160920] [gazebo_wind_plugin_node]: WindPlugin: set wind_speed=0.00 wind_direction=0.0
[gzserver-2] [INFO] [1773114732.408163241] [gazebo_wind_plugin_node]: WindPlugin: set wind_speed=0.00 wind_direction=0.0
[gzserver-2] [INFO] [1773114732.648018637] [gazebo_wind_plugin_node]: WindPlugin: set wind_speed=0.00 wind_direction=0.0
[gzserver-2] [INFO] [1773114732.888062891] [gazebo_wind_plugin_node]: WindPlugin: set wind_speed=0.00 wind_direction=0.0
[gzserver-2] [INFO] [1773114733.127299159] [gazebo_wind_plugin_node]: WindPlugin: set wind_speed=0.00 wind_direction=0.0
[gzserver-2] [INFO] [1773114733.361748243] [gazebo_wind_plugin_node]: WindPlugin: set wind_speed=0.00 wind_direction=0.0
[gzserver-2] [0m[1;36m[Dbg] [wind_plugin.cpp:110] [0m[1;36mWindPlugin: received command -> speed=[0m[1;36m0[0m[1;36m dir=[0m[1;36m0[0m[1;36m
[gzserver-2] [0m[1;36m[Dbg] [wind_plugin.cpp:110] [0m[1;36mWindPlugin: received command -> speed=[0m[1;36m0[0m[1;36m dir=[0m[1;36m0[0m[1;36m
[gzserver-2] [0m[1;36m[Dbg] [wind_plugin.cpp:110] [0m[1;36mWindPlugin: received command -> speed=[0m[1;36m0[0m[1;36m dir=[0m[1;36m0[0m[1;36m
[gzserver-2] [0m[1;36m[Dbg] [wind_plugin.cpp:110] [0m[1;36mWindPlugin: received command -> speed=[0m[1;36m0[0m[1;36m dir=[0m[1;36m0[0m[1;36m
[gzserver-2] [0m[1;36m[Dbg] [wind_plugin.cpp:110] [0m[1;36mWindPlugin: received command -> speed=[0m[1;36m0[0m[1;36m dir=[0m[1;36m0[0m[1;36m
[gzserver-2] [0m[1;36m[Dbg] [wind_plugin.cpp:110] [0m[1;36mWindPlugin: received command -> speed=[0m[1;36m0[0m[1;36m dir=[0m[1;36m0[0m[1;36m
[gzserver-2] [0m[1;36m[Dbg] [wind_plugin.cpp:110] [0m[1;36mWindPlugin: received command -> speed=[0m[1;36m0[0m[1;36m dir=[0m[1;36m0[0m[1;36m
[gzserver-2] [0m[1;36m[Dbg] [wind_plugin.cpp:110] [0m[1;36mWindPlugin: received command -> speed=[0m[1;36m0[0m[1;36m dir=[0m[1;36m0[0m[1;36m
[gzserver-2] [0m[1;36m[Dbg] [wind_plugin.cpp:110] [0m[1;36mWindPlugin: received command -> speed=[0m[1;36m0[0m[1;36m dir=[0m[1;36m0[0m[1;36m
[gzserver-2] [0mEntering flying model!
[gzserver-2] [INFO] [1773114733.597143804] [gazebo_wind_plugin_node]: WindPlugin: set wind_speed=0.00 wind_direction=0.0
[gzserver-2] [INFO] [1773114733.836646711] [gazebo_wind_plugin_node]: WindPlugin: set wind_speed=1.15 wind_direction=-89.1
[gzserver-2] [INFO] [1773114734.075909978] [gazebo_wind_plugin_node]: WindPlugin: set wind_speed=1.20 wind_direction=-86.9
[gzserver-2] [INFO] [1773114734.315569709] [gazebo_wind_plugin_node]: WindPlugin: set wind_speed=1.20 wind_direction=-86.9
[gzserver-2] [INFO] [1773114734.549365665] [gazebo_wind_plugin_node]: WindPlugin: set wind_speed=1.20 wind_direction=-86.9
[gzserver-2] [INFO] [1773114734.778832424] [gazebo_wind_plugin_node]: WindPlugin: set wind_speed=1.20 wind_direction=-86.9
[gzserver-2] [INFO] [1773114735.013106422] [gazebo_wind_plugin_node]: WindPlugin: set wind_speed=1.10 wind_direction=-84.7
[gzserver-2] [INFO] [1773114735.252438345] [gazebo_wind_plugin_node]: WindPlugin: set wind_speed=1.10 wind_direction=-84.7
[gzserver-2] [INFO] [1773114735.486000175] [gazebo_wind_plugin_node]: WindPlugin: set wind_speed=1.10 wind_direction=-84.7
[gzserver-2] [INFO] [1773114735.725946763] [gazebo_wind_plugin_node]: WindPlugin: set wind_speed=1.10 wind_direction=-84.7
[gzserver-2] [INFO] [1773114735.967870360] [gazebo_wind_plugin_node]: WindPlugin: set wind_speed=0.94 wind_direction=-86.1
[gzserver-2] [INFO] [1773114736.202271487] [gazebo_wind_plugin_node]: WindPlugin: set wind_speed=0.94 wind_direction=-86.1
[gzserver-2] [INFO] [1773114736.442303827] [gazebo_wind_plugin_node]: WindPlugin: set wind_speed=0.94 wind_direction=-86.1
[gzserver-2] [INFO] [1773114736.676986433] [gazebo_wind_plugin_node]: WindPlugin: set wind_speed=0.94 wind_direction=-86.1
[gzserver-2] [INFO] [1773114736.919234553] [gazebo_wind_plugin_node]: WindPlugin: set wind_speed=0.94 wind_direction=-86.1
[gzserver-2] [INFO] [1773114736.951812609] [drone.simple_drone]: Quadrotor lands!!
[gzserver-2] [INFO] [1773114737.153216824] [gazebo_wind_plugin_node]: WindPlugin: set wind_speed=1.16 wind_direction=-86.2
[gzserver-2] [INFO] [1773114737.393407718] [gazebo_wind_plugin_node]: WindPlugin: set wind_speed=1.16 wind_direction=-86.2
[gzserver-2] [INFO] [1773114737.632717153] [gazebo_wind_plugin_node]: WindPlugin: set wind_speed=1.16 wind_direction=-86.2
[gzserver-2] [INFO] [1773114737.871999751] [gazebo_wind_plugin_node]: WindPlugin: set wind_speed=1.16 wind_direction=-86.2
[gzserver-2] [1;36m[Dbg] [wind_plugin.cpp:110] [0m[1;36mWindPlugin: received command -> speed=[0m[1;36m0[0m[1;36m dir=[0m[1;36m0[0m[1;36m
[gzserver-2] [0m[1;36m[Dbg] [wind_plugin.cpp:110] [0m[1;36mWindPlugin: received command -> speed=[0m[1;36m1.15098[0m[1;36m dir=[0m[1;36m-89.1268[0m[1;36m
[gzserver-2] [0m[1;36m[Dbg] [wind_plugin.cpp:110] [0m[1;36mWindPlugin: received command -> speed=[0m[1;36m1.1987[0m[1;36m dir=[0m[1;36m-86.9196[0m[1;36m
[gzserver-2] [0m[1;36m[Dbg] [wind_plugin.cpp:110] [0m[1;36mWindPlugin: received command -> speed=[0m[1;36m1.1987[0m[1;36m dir=[0m[1;36m-86.9196[0m[1;36m
[gzserver-2] [0m[1;36m[Dbg] [wind_plugin.cpp:110] [0m[1;36mWindPlugin: received command -> speed=[0m[1;36m1.1987[0m[1;36m dir=[0m[1;36m-86.9196[0m[1;36m
[gzserver-2] [0m[1;36m[Dbg] [wind_plugin.cpp:110] [0m[1;36mWindPlugin: received command -> speed=[0m[1;36m1.1987[0m[1;36m dir=[0m[1;36m-86.9196[0m[1;36m
[gzserver-2] [0m[1;36m[Dbg] [wind_plugin.cpp:110] [0m[1;36mWindPlugin: received command -> speed=[0m[1;36m1.09508[0m[1;36m dir=[0m[1;36m-84.7417[0m[1;36m
[gzserver-2] [0m[1;36m[Dbg] [wind_plugin.cpp:110] [0m[1;36mWindPlugin: received command -> speed=[0m[1;36m1.09508[0m[1;36m dir=[0m[1;36m-84.7417[0m[1;36m
[gzserver-2] [0m[1;36m[Dbg] [wind_plugin.cpp:110] [0m[1;36mWindPlugin: received command -> speed=[0m[1;36m1.09508[0m[1;36m dir=[0m[1;36m-84.7417[0m[1;36m
[gzserver-2] [0m[1;36m[Dbg] [wind_plugin.cpp:110] [0m[1;36mWindPlugin: received command -> speed=[0m[1;36m1.09508[0m[1;36m dir=[0m[1;36m-84.7417[0m[1;36m
[gzserver-2] [0m[1;36m[Dbg] [wind_plugin.cpp:110] [0m[1;36mWindPlugin: received command -> speed=[0m[1;36m0.936005[0m[1;36m dir=[0m[1;36m-86.073[0m[1;36m
[gzserver-2] [0m[1;36m[Dbg] [wind_plugin.cpp:110] [0m[1;36mWindPlugin: received command -> speed=[0m[1;36m0.936005[0m[1;36m dir=[0m[1;36m-86.073[0m[1;36m
[gzserver-2] [0m[1;36m[Dbg] [wind_plugin.cpp:110] [0m[1;36mWindPlugin: received command -> speed=[0m[1;36m0.936005[0m[1;36m dir=[0m[1;36m-86.073[0m[1;36m
[gzserver-2] [0m[1;36m[Dbg] [wind_plugin.cpp:110] [0m[1;36mWindPlugin: received command -> speed=[0m[1;36m0.936005[0m[1;36m dir=[0m[1;36m-86.073[0m[1;36m
[gzserver-2] [0m[1;36m[Dbg] [wind_plugin.cpp:110] [0m[1;36mWindPlugin: received command -> speed=[0m[1;36m0.936005[0m[1;36m dir=[0m[1;36m-86.073[0m[1;36m
[gzserver-2] [0m[1;36m[Dbg] [wind_plugin.cpp:110] [0m[1;36mWindPlugin: received command -> speed=[0m[1;36m1.1627[0m[1;36m dir=[0m[1;36m-86.2296[0m[1;36m
[gzserver-2] [0m[1;36m[Dbg] [wind_plugin.cpp:110] [0m[1;36mWindPlugin: received command -> speed=[0m[1;36m1.1627[0m[1;36m dir=[0m[1;36m-86.2296[0m[1;36m
[gzserver-2] [0m[1;36m[Dbg] [wind_plugin.cpp:110] [0m[1;36mWindPlugin: received command -> speed=[0m[1;36m1.1627[0m[1;36m dir=[0m[1;36m-86.2296[0m[1;36m
[gzserver-2] [0m[1;36m[Dbg] [wind_plugin.cpp:110] [0m[1;36mWindPlugin: received command -> speed=[0m[1;36m1.1627[0m[1;36m dir=[0m[1;36m-86.2296[0m[1;36m
[gzserver-2] [0mLanded!
[gzserver-2] [INFO] [1773114738.111446575] [gazebo_wind_plugin_node]: WindPlugin: set wind_speed=1.10 wind_direction=-85.2
[gzserver-2] [INFO] [1773114738.340018313] [gazebo_wind_plugin_node]: WindPlugin: set wind_speed=1.10 wind_direction=-85.2
[gzserver-2] [INFO] [1773114738.579358132] [gazebo_wind_plugin_node]: WindPlugin: set wind_speed=1.10 wind_direction=-85.2
[gzserver-2] [INFO] [1773114738.818683376] [gazebo_wind_plugin_node]: WindPlugin: set wind_speed=1.10 wind_direction=-85.2
[gzserver-2] [INFO] [1773114739.057972297] [gazebo_wind_plugin_node]: WindPlugin: set wind_speed=1.02 wind_direction=-84.9
[gzserver-2] [INFO] [1773114739.296091800] [gazebo_wind_plugin_node]: WindPlugin: set wind_speed=1.02 wind_direction=-84.9
[gzserver-2] [INFO] [1773114739.535243643] [gazebo_wind_plugin_node]: WindPlugin: set wind_speed=1.02 wind_direction=-84.9
[gzserver-2] [INFO] [1773114739.774595675] [gazebo_wind_plugin_node]: WindPlugin: set wind_speed=1.02 wind_direction=-84.9
