[INFO] [launch]: All log files can be found below /home/j/.ros/log/2026-03-10-13-07-35-320329-j-1557822
[INFO] [launch]: Default logging verbosity is set to INFO
[INFO] [launch.user]: [bringup] Apriltag config: camera=/drone/bottom, image=/drone/bottom/image_raw, tags=/drone/bottom/tags, bridge=/landing_tag_state, standalone=true, use_target_id=true, target_id=0
[INFO] [rviz2-1]: process started with pid [1557836]
[INFO] [gzserver-2]: process started with pid [1557838]
[INFO] [robot_state_publisher-3]: process started with pid [1557840]
[INFO] [joint_state_publisher-4]: process started with pid [1557842]
[INFO] [spawn_drone-5]: process started with pid [1557844]
[INFO] [static_transform_publisher-6]: process started with pid [1557846]
[INFO] [joy_node-7]: process started with pid [1557848]
[INFO] [teleop_joystick-8]: process started with pid [1557850]
[INFO] [apriltag_detector_node-9]: process started with pid [1557852]
[INFO] [apriltag_state_bridge-10]: process started with pid [1557854]
[static_transform_publisher-6] [WARN] [1773115655.799599946] []: Old-style arguments are deprecated; see --help for new-style arguments
[static_transform_publisher-6] [INFO] [1773115655.806006120] [static_transform_publisher_QkVMO7cLW1wO7M3k]: Spinning until stopped - publishing transform
[static_transform_publisher-6] translation: ('0.000000', '0.000000', '0.000000')
[static_transform_publisher-6] rotation: ('0.000000', '0.000000', '0.000000', '1.000000')
[static_transform_publisher-6] from 'world' to '/drone/odom'
[robot_state_publisher-3] [INFO] [1773115655.830275369] [drone.robot_state_publisher]: got segment base_footprint
[robot_state_publisher-3] [INFO] [1773115655.830363435] [drone.robot_state_publisher]: got segment base_link
[robot_state_publisher-3] [INFO] [1773115655.830375534] [drone.robot_state_publisher]: got segment bottom_cam_link
[robot_state_publisher-3] [INFO] [1773115655.830384873] [drone.robot_state_publisher]: got segment front_cam_link
[robot_state_publisher-3] [INFO] [1773115655.830392065] [drone.robot_state_publisher]: got segment sonar_link
[apriltag_detector_node-9] [INFO] [1773115655.834941203] [apriltag_detector_node]: tag detector type: umich
[rviz2-1] 
[rviz2-1] (rviz2:1557836): dbind-WARNING **: 13:07:35.837: Couldn't connect to accessibility bus: Failed to connect to socket /root/.cache/at-spi/bus_0: 허가 거부
[teleop_joystick-8] Traceback (most recent call last):
[teleop_joystick-8]   File "/home/j/INCSL/IICC26_ws/install/sjtu_drone_control/lib/sjtu_drone_control/teleop_joystick", line 33, in <module>
[teleop_joystick-8]     sys.exit(load_entry_point('sjtu_drone_control==0.0.0', 'console_scripts', 'teleop_joystick')())
[teleop_joystick-8]   File "/home/j/INCSL/IICC26_ws/install/sjtu_drone_control/lib/sjtu_drone_control/teleop_joystick", line 22, in importlib_load_entry_point
[teleop_joystick-8]     for entry_point in distribution(dist_name).entry_points
[teleop_joystick-8]   File "/usr/lib/python3.10/importlib/metadata/__init__.py", line 969, in distribution
[teleop_joystick-8]     return Distribution.from_name(distribution_name)
[teleop_joystick-8]   File "/usr/lib/python3.10/importlib/metadata/__init__.py", line 548, in from_name
[teleop_joystick-8]     raise PackageNotFoundError(name)
[teleop_joystick-8] importlib.metadata.PackageNotFoundError: No package metadata was found for sjtu_drone_control
[ERROR] [teleop_joystick-8]: process has died [pid 1557850, exit code 1, cmd '/home/j/INCSL/IICC26_ws/install/sjtu_drone_control/lib/sjtu_drone_control/teleop_joystick --ros-args -r __ns:=/drone'].
[gzserver-2] Gazebo multi-robot simulator, version 11.10.2
[gzserver-2] Copyright (C) 2012 Open Source Robotics Foundation.
[gzserver-2] Released under the Apache 2 License.
[gzserver-2] http://gazebosim.org
[gzserver-2] 
[apriltag_state_bridge-10] [INFO] [1773115656.053441417] [apriltag_state_bridge]: AprilTag bridge started: /drone/bottom/tags -> /landing_tag_state, use_target_id=True, target_id=0
[joint_state_publisher-4] [INFO] [1773115656.076312005] [drone.joint_state_publisher]: Waiting for robot_description to be published on the robot_description topic...
[gzserver-2] [1;33m[Wrn] [gazebo_ros_init.cpp:178] [0m[1;33m
[gzserver-2] #     # ####### ####### ###  #####  #######
[gzserver-2] ##    # #     #    #     #  #     # #
[gzserver-2] # #   # #     #    #     #  #       #
[gzserver-2] #  #  # #     #    #     #  #       #####
[gzserver-2] #   # # #     #    #     #  #       #
[gzserver-2] #    ## #     #    #     #  #     # #
[gzserver-2] #     # #######    #    ###  #####  #######
[gzserver-2] 
[gzserver-2] This version of Gazebo, now called Gazebo classic, reaches end-of-life
[gzserver-2] in January 2025. Users are highly encouraged to migrate to the new Gazebo
[gzserver-2] using our migration guides (https://gazebosim.org/docs/latest/gazebo_classic_migration?utm_source=gazebo_ros_pkgs&utm_medium=cli)
[gzserver-2] 
[gzserver-2] [0m[1;33m
[rviz2-1] [INFO] [1773115656.633809452] [rviz2]: Stereo is NOT SUPPORTED
[rviz2-1] [INFO] [1773115656.633902193] [rviz2]: OpenGl version: 4.6 (GLSL 4.6)
[rviz2-1] [INFO] [1773115656.721287000] [rviz2]: Stereo is NOT SUPPORTED
[rviz2-1] [INFO] [1773115656.795890733] [rviz2]: Stereo is NOT SUPPORTED
[spawn_drone-5] [INFO] [1773115657.258459324] [spawn_drone]: Result False Entity pushed to spawn queue, but spawn service timed outwaiting for entity to appear in simulation under the name [/drone]
[gzserver-2] [1;32m[Msg] [0m[1;32mWaiting for master.[0m[1;32m
[gzserver-2] [0m[1;32m[0m[1;32m[0m[1;32m[Msg] [0m[1;32mConnected to gazebo master @ [0m[1;32mhttp://127.0.0.1:11345[0m[1;32m
[gzserver-2] [0m[1;32m[0m[1;32m[0m[1;32m[Msg] [0m[1;32mPublicized address: [0m[1;32m172.16.52.147[0m[1;32m
[gzserver-2] [0m[1;32m[0m[1;32m[0m[1;32m[Msg] [0m[1;32mLoading world file [[0m[1;32m/home/j/INCSL/IICC26_ws/install/sjtu_drone_description/share/sjtu_drone_description/worlds/landingPad.world[0m[1;32m][0m[1;32m
[gzserver-2] [0m[1;32m[0m[1;32m[0m[1;36m[Dbg] [wind_plugin.cpp:96] [0m[1;36mWindPlugin loaded: speed=[0m[1;36m0[0m[1;36m dir=[0m[1;36m0[0m[1;36m deg area=[0m[1;36m0.1[0m[1;36m coeff=[0m[1;36m1[0m[1;36m
[gzserver-2] [0m[1;33m[0m[1;33m[0m[1;31m[Err] [Sensor.cc:510] [0m[1;31mGet noise index not valid[0m[1;31m
[gzserver-2] [0m[1;31m[0m[1;31m[0m[1;31m[Err] [Sensor.cc:510] [0m[1;31mGet noise index not valid[0m[1;31m
[gzserver-2] [0m[1;31m[0m[1;31m[0m[1;31m[Err] [Sensor.cc:510] [0m[1;31mGet noise index not valid[0m[1;31m
[gzserver-2] [0m[1;31m[0m[1;31m[0m[1;31m[Err] [Sensor.cc:510] [0m[1;31mGet noise index not valid[0m[1;31m
[gzserver-2] [0m[1;31m[0m[1;31m[0m[1;31m[Err] [Sensor.cc:510] [0m[1;31mGet noise index not valid[0m[1;31m
[gzserver-2] [0m[1;31m[0m[1;31m[0m[1;31m[Err] [Sensor.cc:510] [0m[1;31mGet noise index not valid[0m[1;31m
[gzserver-2] [0m[1;31m[0m[1;31m[0mTopic [default//drone/base_footprint/down_camera/image] is not valid.
[gzserver-2] [INFO] [1773115657.281562228] [drone.collision_plugin]: Publishing contact states to [/drone/bumper_states]
[gzserver-2] Topic [default//drone/base_footprint/front_camera/image] is not valid.
[gzserver-2] [1;33m[Wrn] [Event.cc:61] [0m[1;33mWarning: Deleting a connection right after creation. [0m[1;33mMake sure to save the ConnectionPtr from a Connect call
[INFO] [spawn_drone-5]: process has finished cleanly [pid 1557844]
[gzserver-2] [0m[INFO] [1773115657.861366023] [drone.camera_bottom]: Publishing camera info to [/drone/bottom/camera_info]
[gzserver-2] [INFO] [1773115657.864355021] [drone.camera_front]: Publishing camera info to [/drone/front/camera_info]
[gzserver-2] [INFO] [1773115657.986427584] [drone.simple_drone]: The drone plugin is loading!
[gzserver-2] [INFO] [1773115657.986632364] [drone.simple_drone]: pub_odom: 1
[gzserver-2] [INFO] [1773115657.986669833] [drone.simple_drone]: Using following parameters: 
[gzserver-2] 		link_name: base_footprint,
[gzserver-2] 		max_force: 30,
[gzserver-2] 		motion_small_noise: 0,
[gzserver-2] 		motion_drift_noise: 0,
[gzserver-2] 		motion_drift_noise_time: 50,
[gzserver-2] 		takeoff_hover_height: 1.51,
[gzserver-2] 		takeoff_vertical_speed: 0.2
[gzserver-2] [INFO] [1773115657.998590393] [drone.simple_drone]: Using the PID parameters: 
[gzserver-2] 	Roll Pitch:
[gzserver-2] 		kP: 10, kI: 0,kD: 5, Limit: 0.5, Time Constant: 0
[gzserver-2] 	Yaw:
[gzserver-2] 		kP: 2, kI: 0,kD: 1, Limit: 1.5, Time Constant: 0
[gzserver-2] 	Velocity X:
[gzserver-2] 		kP: 5, kI: 0,kD: 2.3, Limit: 2, Time Constant: 0
[gzserver-2] 	Velocity Y:
[gzserver-2] 		kP: 5, kI: 0,kD: 2.3, Limit: 2, Time Constant: 0
[gzserver-2] 	Velocity Z:
[gzserver-2] 		kP: 5, kI: 0,kD: 1, Limit: -1, Time Constant: 0
[gzserver-2] 	Position XY:
[gzserver-2] 		kP: 1.1, kI: 0,kD: 0, Limit: 5, Time Constant: 0
[gzserver-2] 	Position Z:
[gzserver-2] 		kP: 1, kI: 0,kD: 0.2, Limit: -1, Time Constant: 0
[gzserver-2] [INFO] [1773115657.998727779] [drone.simple_drone]: The drone plugin finished loading!
[gzserver-2] [INFO] [1773115665.143023222] [gazebo_wind_plugin_node]: WindPlugin: set wind_speed=0.00 wind_direction=0.0
[gzserver-2] [INFO] [1773115665.413475649] [gazebo_wind_plugin_node]: WindPlugin: set wind_speed=0.00 wind_direction=0.0
[gzserver-2] [INFO] [1773115665.442524627] [drone.simple_drone]: Quadrotor takes off!!
[gzserver-2] [INFO] [1773115665.643485331] [gazebo_wind_plugin_node]: WindPlugin: set wind_speed=0.00 wind_direction=0.0
[gzserver-2] [INFO] [1773115665.886098525] [gazebo_wind_plugin_node]: WindPlugin: set wind_speed=0.00 wind_direction=0.0
[gzserver-2] [INFO] [1773115666.127532300] [gazebo_wind_plugin_node]: WindPlugin: set wind_speed=0.00 wind_direction=0.0
[gzserver-2] [INFO] [1773115666.366777618] [gazebo_wind_plugin_node]: WindPlugin: set wind_speed=0.00 wind_direction=0.0
[gzserver-2] [INFO] [1773115666.601371947] [gazebo_wind_plugin_node]: WindPlugin: set wind_speed=0.00 wind_direction=0.0
[gzserver-2] [0m[1;36m[Dbg] [wind_plugin.cpp:110] [0m[1;36mWindPlugin: received command -> speed=[0m[1;36m0[0m[1;36m dir=[0m[1;36m0[0m[1;36m
[gzserver-2] [0m[1;36m[Dbg] [wind_plugin.cpp:110] [0m[1;36mWindPlugin: received command -> speed=[0m[1;36m0[0m[1;36m dir=[0m[1;36m0[0m[1;36m
[gzserver-2] [0m[1;36m[Dbg] [wind_plugin.cpp:110] [0m[1;36mWindPlugin: received command -> speed=[0m[1;36m0[0m[1;36m dir=[0m[1;36m0[0m[1;36m
[gzserver-2] [0m[1;36m[Dbg] [wind_plugin.cpp:110] [0m[1;36mWindPlugin: received command -> speed=[0m[1;36m0[0m[1;36m dir=[0m[1;36m0[0m[1;36m
[gzserver-2] [0m[1;36m[Dbg] [wind_plugin.cpp:110] [0m[1;36mWindPlugin: received command -> speed=[0m[1;36m0[0m[1;36m dir=[0m[1;36m0[0m[1;36m
[gzserver-2] [0m[1;36m[Dbg] [wind_plugin.cpp:110] [0m[1;36mWindPlugin: received command -> speed=[0m[1;36m0[0m[1;36m dir=[0m[1;36m0[0m[1;36m
[gzserver-2] [0m[1;36m[Dbg] [wind_plugin.cpp:110] [0m[1;36mWindPlugin: received command -> speed=[0m[1;36m0[0m[1;36m dir=[0m[1;36m0[0m[1;36m
[gzserver-2] [0mEntering flying model!
[gzserver-2] [INFO] [1773115666.835785993] [gazebo_wind_plugin_node]: WindPlugin: set wind_speed=0.00 wind_direction=0.0
[gzserver-2] [INFO] [1773115667.075203817] [gazebo_wind_plugin_node]: WindPlugin: set wind_speed=0.81 wind_direction=-79.7
[gzserver-2] [INFO] [1773115667.314099706] [gazebo_wind_plugin_node]: WindPlugin: set wind_speed=0.81 wind_direction=-79.7
[gzserver-2] [INFO] [1773115667.552871440] [gazebo_wind_plugin_node]: WindPlugin: set wind_speed=0.81 wind_direction=-79.7
[gzserver-2] [INFO] [1773115667.786740199] [gazebo_wind_plugin_node]: WindPlugin: set wind_speed=0.99 wind_direction=-79.8
[gzserver-2] [INFO] [1773115668.026351452] [gazebo_wind_plugin_node]: WindPlugin: set wind_speed=0.99 wind_direction=-79.8
[gzserver-2] [INFO] [1773115668.259563234] [gazebo_wind_plugin_node]: WindPlugin: set wind_speed=0.99 wind_direction=-79.8
[gzserver-2] [INFO] [1773115668.493926155] [gazebo_wind_plugin_node]: WindPlugin: set wind_speed=0.99 wind_direction=-79.8
[gzserver-2] [INFO] [1773115668.722498164] [gazebo_wind_plugin_node]: WindPlugin: set wind_speed=0.58 wind_direction=-79.6
[gzserver-2] [INFO] [1773115668.961397597] [gazebo_wind_plugin_node]: WindPlugin: set wind_speed=0.58 wind_direction=-79.6
[gzserver-2] [INFO] [1773115669.200747764] [gazebo_wind_plugin_node]: WindPlugin: set wind_speed=0.58 wind_direction=-79.6
[gzserver-2] [INFO] [1773115669.434675228] [gazebo_wind_plugin_node]: WindPlugin: set wind_speed=0.58 wind_direction=-79.6
[gzserver-2] [INFO] [1773115669.663351483] [gazebo_wind_plugin_node]: WindPlugin: set wind_speed=0.71 wind_direction=-77.9
[gzserver-2] [INFO] [1773115669.902659770] [gazebo_wind_plugin_node]: WindPlugin: set wind_speed=0.71 wind_direction=-77.9
[gzserver-2] [INFO] [1773115670.142003670] [gazebo_wind_plugin_node]: WindPlugin: set wind_speed=0.71 wind_direction=-77.9
[gzserver-2] [INFO] [1773115670.381344084] [gazebo_wind_plugin_node]: WindPlugin: set wind_speed=0.71 wind_direction=-77.9
[gzserver-2] [INFO] [1773115670.620730808] [gazebo_wind_plugin_node]: WindPlugin: set wind_speed=0.71 wind_direction=-77.9
[gzserver-2] [INFO] [1773115670.658171878] [drone.simple_drone]: Quadrotor lands!!
[gzserver-2] [INFO] [1773115670.859625075] [gazebo_wind_plugin_node]: WindPlugin: set wind_speed=0.80 wind_direction=-78.5
[gzserver-2] [INFO] [1773115671.098906227] [gazebo_wind_plugin_node]: WindPlugin: set wind_speed=0.80 wind_direction=-78.5
[gzserver-2] [INFO] [1773115671.338307119] [gazebo_wind_plugin_node]: WindPlugin: set wind_speed=0.80 wind_direction=-78.5
[gzserver-2] [INFO] [1773115671.572428542] [gazebo_wind_plugin_node]: WindPlugin: set wind_speed=0.80 wind_direction=-78.5
[gzserver-2] [1;36m[Dbg] [wind_plugin.cpp:110] [0m[1;36mWindPlugin: received command -> speed=[0m[1;36m0[0m[1;36m dir=[0m[1;36m0[0m[1;36m
[gzserver-2] [0m[1;36m[Dbg] [wind_plugin.cpp:110] [0m[1;36mWindPlugin: received command -> speed=[0m[1;36m0.810604[0m[1;36m dir=[0m[1;36m-79.706[0m[1;36m
[gzserver-2] [0m[1;36m[Dbg] [wind_plugin.cpp:110] [0m[1;36mWindPlugin: received command -> speed=[0m[1;36m0.810604[0m[1;36m dir=[0m[1;36m-79.706[0m[1;36m
[gzserver-2] [0m[1;36m[Dbg] [wind_plugin.cpp:110] [0m[1;36mWindPlugin: received command -> speed=[0m[1;36m0.810604[0m[1;36m dir=[0m[1;36m-79.706[0m[1;36m
[gzserver-2] [0m[1;36m[Dbg] [wind_plugin.cpp:110] [0m[1;36mWindPlugin: received command -> speed=[0m[1;36m0.987691[0m[1;36m dir=[0m[1;36m-79.7976[0m[1;36m
[gzserver-2] [0m[1;36m[Dbg] [wind_plugin.cpp:110] [0m[1;36mWindPlugin: received command -> speed=[0m[1;36m0.987691[0m[1;36m dir=[0m[1;36m-79.7976[0m[1;36m
[gzserver-2] [0m[1;36m[Dbg] [wind_plugin.cpp:110] [0m[1;36mWindPlugin: received command -> speed=[0m[1;36m0.987691[0m[1;36m dir=[0m[1;36m-79.7976[0m[1;36m
[gzserver-2] [0m[1;36m[Dbg] [wind_plugin.cpp:110] [0m[1;36mWindPlugin: received command -> speed=[0m[1;36m0.987691[0m[1;36m dir=[0m[1;36m-79.7976[0m[1;36m
[gzserver-2] [0m[1;36m[Dbg] [wind_plugin.cpp:110] [0m[1;36mWindPlugin: received command -> speed=[0m[1;36m0.583147[0m[1;36m dir=[0m[1;36m-79.5651[0m[1;36m
[gzserver-2] [0m[1;36m[Dbg] [wind_plugin.cpp:110] [0m[1;36mWindPlugin: received command -> speed=[0m[1;36m0.583147[0m[1;36m dir=[0m[1;36m-79.5651[0m[1;36m
[gzserver-2] [0m[1;36m[Dbg] [wind_plugin.cpp:110] [0m[1;36mWindPlugin: received command -> speed=[0m[1;36m0.583147[0m[1;36m dir=[0m[1;36m-79.5651[0m[1;36m
[gzserver-2] [0m[1;36m[Dbg] [wind_plugin.cpp:110] [0m[1;36mWindPlugin: received command -> speed=[0m[1;36m0.583147[0m[1;36m dir=[0m[1;36m-79.5651[0m[1;36m
[gzserver-2] [0m[1;36m[Dbg] [wind_plugin.cpp:110] [0m[1;36mWindPlugin: received command -> speed=[0m[1;36m0.709087[0m[1;36m dir=[0m[1;36m-77.8729[0m[1;36m
[gzserver-2] [0m[1;36m[Dbg] [wind_plugin.cpp:110] [0m[1;36mWindPlugin: received command -> speed=[0m[1;36m0.709087[0m[1;36m dir=[0m[1;36m-77.8729[0m[1;36m
[gzserver-2] [0m[1;36m[Dbg] [wind_plugin.cpp:110] [0m[1;36mWindPlugin: received command -> speed=[0m[1;36m0.709087[0m[1;36m dir=[0m[1;36m-77.8729[0m[1;36m
[gzserver-2] [0m[1;36m[Dbg] [wind_plugin.cpp:110] [0m[1;36mWindPlugin: received command -> speed=[0m[1;36m0.709087[0m[1;36m dir=[0m[1;36m-77.8729[0m[1;36m
[gzserver-2] [0m[1;36m[Dbg] [wind_plugin.cpp:110] [0m[1;36mWindPlugin: received command -> speed=[0m[1;36m0.709087[0m[1;36m dir=[0m[1;36m-77.8729[0m[1;36m
[gzserver-2] [0m[1;36m[Dbg] [wind_plugin.cpp:110] [0m[1;36mWindPlugin: received command -> speed=[0m[1;36m0.802781[0m[1;36m dir=[0m[1;36m-78.5048[0m[1;36m
[gzserver-2] [0m[1;36m[Dbg] [wind_plugin.cpp:110] [0m[1;36mWindPlugin: received command -> speed=[0m[1;36m0.802781[0m[1;36m dir=[0m[1;36m-78.5048[0m[1;36m
[gzserver-2] [0m[1;36m[Dbg] [wind_plugin.cpp:110] [0m[1;36mWindPlugin: received command -> speed=[0m[1;36m0.802781[0m[1;36m dir=[0m[1;36m-78.5048[0m[1;36m
[gzserver-2] [0m[1;36m[Dbg] [wind_plugin.cpp:110] [0m[1;36mWindPlugin: received command -> speed=[0m[1;36m0.802781[0m[1;36m dir=[0m[1;36m-78.5048[0m[1;36m
[gzserver-2] [0mLanded!
[gzserver-2] [INFO] [1773115671.811888886] [gazebo_wind_plugin_node]: WindPlugin: set wind_speed=0.80 wind_direction=-80.2
[gzserver-2] [INFO] [1773115672.051361689] [gazebo_wind_plugin_node]: WindPlugin: set wind_speed=0.80 wind_direction=-80.2
[gzserver-2] [INFO] [1773115672.286935746] [gazebo_wind_plugin_node]: WindPlugin: set wind_speed=0.80 wind_direction=-80.2
[gzserver-2] [INFO] [1773115672.525769509] [gazebo_wind_plugin_node]: WindPlugin: set wind_speed=0.80 wind_direction=-80.2
[gzserver-2] [INFO] [1773115672.762488229] [gazebo_wind_plugin_node]: WindPlugin: set wind_speed=0.62 wind_direction=-77.8
[gzserver-2] [INFO] [1773115672.996349528] [gazebo_wind_plugin_node]: WindPlugin: set wind_speed=0.62 wind_direction=-77.8
[gzserver-2] [INFO] [1773115673.231140312] [gazebo_wind_plugin_node]: WindPlugin: set wind_speed=0.62 wind_direction=-77.8
[gzserver-2] [INFO] [1773115673.464880230] [gazebo_wind_plugin_node]: WindPlugin: set wind_speed=0.62 wind_direction=-77.8
