[INFO] [launch]: All log files can be found below /home/j/.ros/log/2026-03-11-08-38-10-652295-j-2400664
[INFO] [launch]: Default logging verbosity is set to INFO
[INFO] [launch.user]: [bringup] Apriltag config: camera=/drone/bottom, image=/drone/bottom/image_raw, tags=/drone/bottom/tags, bridge=/landing_tag_state, standalone=true, use_target_id=true, target_id=0
[INFO] [rviz2-1]: process started with pid [2400666]
[INFO] [gzserver-2]: process started with pid [2400668]
[INFO] [robot_state_publisher-3]: process started with pid [2400670]
[INFO] [joint_state_publisher-4]: process started with pid [2400672]
[INFO] [spawn_drone-5]: process started with pid [2400674]
[INFO] [static_transform_publisher-6]: process started with pid [2400676]
[INFO] [joy_node-7]: process started with pid [2400678]
[INFO] [teleop_joystick-8]: process started with pid [2400680]
[INFO] [apriltag_detector_node-9]: process started with pid [2400683]
[INFO] [apriltag_state_bridge-10]: process started with pid [2400685]
[static_transform_publisher-6] [WARN] [1773185891.124952484] []: Old-style arguments are deprecated; see --help for new-style arguments
[static_transform_publisher-6] [INFO] [1773185891.132914146] [static_transform_publisher_zA6HthvqLAmOuJQR]: Spinning until stopped - publishing transform
[static_transform_publisher-6] translation: ('0.000000', '0.000000', '0.000000')
[static_transform_publisher-6] rotation: ('0.000000', '0.000000', '0.000000', '1.000000')
[static_transform_publisher-6] from 'world' to '/drone/odom'
[robot_state_publisher-3] [INFO] [1773185891.149581384] [drone.robot_state_publisher]: got segment base_footprint
[robot_state_publisher-3] [INFO] [1773185891.149644715] [drone.robot_state_publisher]: got segment base_link
[robot_state_publisher-3] [INFO] [1773185891.149650647] [drone.robot_state_publisher]: got segment bottom_cam_link
[robot_state_publisher-3] [INFO] [1773185891.149653828] [drone.robot_state_publisher]: got segment front_cam_link
[robot_state_publisher-3] [INFO] [1773185891.149656531] [drone.robot_state_publisher]: got segment sonar_link
[rviz2-1] 
[rviz2-1] (rviz2:2400666): dbind-WARNING **: 08:38:11.157: Couldn't connect to accessibility bus: Failed to connect to socket /root/.cache/at-spi/bus_0: 허가 거부
[apriltag_detector_node-9] [INFO] [1773185891.162830594] [apriltag_detector_node]: tag detector type: umich
[teleop_joystick-8] Traceback (most recent call last):
[teleop_joystick-8]   File "/home/j/INCSL/IICC26_ws/install/sjtu_drone_control/lib/sjtu_drone_control/teleop_joystick", line 33, in <module>
[teleop_joystick-8]     sys.exit(load_entry_point('sjtu_drone_control==0.0.0', 'console_scripts', 'teleop_joystick')())
[teleop_joystick-8]   File "/home/j/INCSL/IICC26_ws/install/sjtu_drone_control/lib/sjtu_drone_control/teleop_joystick", line 22, in importlib_load_entry_point
[teleop_joystick-8]     for entry_point in distribution(dist_name).entry_points
[teleop_joystick-8]   File "/usr/lib/python3.10/importlib/metadata/__init__.py", line 969, in distribution
[teleop_joystick-8]     return Distribution.from_name(distribution_name)
[teleop_joystick-8]   File "/usr/lib/python3.10/importlib/metadata/__init__.py", line 548, in from_name
[teleop_joystick-8]     raise PackageNotFoundError(name)
[teleop_joystick-8] importlib.metadata.PackageNotFoundError: No package metadata was found for sjtu_drone_control
[ERROR] [teleop_joystick-8]: process has died [pid 2400680, exit code 1, cmd '/home/j/INCSL/IICC26_ws/install/sjtu_drone_control/lib/sjtu_drone_control/teleop_joystick --ros-args -r __ns:=/drone'].
[gzserver-2] Gazebo multi-robot simulator, version 11.10.2
[gzserver-2] Copyright (C) 2012 Open Source Robotics Foundation.
[gzserver-2] Released under the Apache 2 License.
[gzserver-2] http://gazebosim.org
[gzserver-2] 
[apriltag_state_bridge-10] [INFO] [1773185891.386286105] [apriltag_state_bridge]: AprilTag bridge started: /drone/bottom/tags -> /landing_tag_state, use_target_id=True, target_id=0
[joint_state_publisher-4] [INFO] [1773185891.403135085] [drone.joint_state_publisher]: Waiting for robot_description to be published on the robot_description topic...
[gzserver-2] [1;33m[Wrn] [gazebo_ros_init.cpp:178] [0m[1;33m
[gzserver-2] #     # ####### ####### ###  #####  #######
[gzserver-2] ##    # #     #    #     #  #     # #
[gzserver-2] # #   # #     #    #     #  #       #
[gzserver-2] #  #  # #     #    #     #  #       #####
[gzserver-2] #   # # #     #    #     #  #       #
[gzserver-2] #    ## #     #    #     #  #     # #
[gzserver-2] #     # #######    #    ###  #####  #######
[gzserver-2] 
[gzserver-2] This version of Gazebo, now called Gazebo classic, reaches end-of-life
[gzserver-2] in January 2025. Users are highly encouraged to migrate to the new Gazebo
[gzserver-2] using our migration guides (https://gazebosim.org/docs/latest/gazebo_classic_migration?utm_source=gazebo_ros_pkgs&utm_medium=cli)
[gzserver-2] 
[gzserver-2] [0m[1;33m
[rviz2-1] [INFO] [1773185891.985026107] [rviz2]: Stereo is NOT SUPPORTED
[rviz2-1] [INFO] [1773185891.985115808] [rviz2]: OpenGl version: 4.6 (GLSL 4.6)
[rviz2-1] [INFO] [1773185892.065991978] [rviz2]: Stereo is NOT SUPPORTED
[rviz2-1] [INFO] [1773185892.154421317] [rviz2]: Stereo is NOT SUPPORTED
[spawn_drone-5] [INFO] [1773185892.554375471] [spawn_drone]: Result False Entity pushed to spawn queue, but spawn service timed outwaiting for entity to appear in simulation under the name [/drone]
[gzserver-2] [1;32m[Msg] [0m[1;32mWaiting for master.[0m[1;32m
[gzserver-2] [0m[1;32m[0m[1;32m[0m[1;32m[Msg] [0m[1;32mConnected to gazebo master @ [0m[1;32mhttp://127.0.0.1:11345[0m[1;32m
[gzserver-2] [0m[1;32m[0m[1;32m[0m[1;32m[Msg] [0m[1;32mPublicized address: [0m[1;32m192.168.0.11[0m[1;32m
[gzserver-2] [0m[1;32m[0m[1;32m[0m[1;32m[Msg] [0m[1;32mLoading world file [[0m[1;32m/home/j/INCSL/IICC26_ws/install/sjtu_drone_description/share/sjtu_drone_description/worlds/landingPad.world[0m[1;32m][0m[1;32m
[gzserver-2] [0m[1;32m[0m[1;32m[0m[1;36m[Dbg] [wind_plugin.cpp:96] [0m[1;36mWindPlugin loaded: speed=[0m[1;36m0[0m[1;36m dir=[0m[1;36m0[0m[1;36m deg area=[0m[1;36m0.1[0m[1;36m coeff=[0m[1;36m1[0m[1;36m
[gzserver-2] [0m[1;33m[0m[1;33m[0m[1;31m[Err] [Sensor.cc:510] [0m[1;31mGet noise index not valid[0m[1;31m
[gzserver-2] [0m[1;31m[0m[1;31m[0m[1;31m[Err] [Sensor.cc:510] [0m[1;31mGet noise index not valid[0m[1;31m
[gzserver-2] [0m[1;31m[0m[1;31m[0m[1;31m[Err] [Sensor.cc:510] [0m[1;31mGet noise index not valid[0m[1;31m
[gzserver-2] [0m[1;31m[0m[1;31m[0m[1;31m[Err] [Sensor.cc:510] [0m[1;31mGet noise index not valid[0m[1;31m
[gzserver-2] [0m[1;31m[0m[1;31m[0m[1;31m[Err] [Sensor.cc:510] [0m[1;31mGet noise index not valid[0m[1;31m
[gzserver-2] [0m[1;31m[0m[1;31m[0m[1;31m[Err] [Sensor.cc:510] [0m[1;31mGet noise index not valid[0m[1;31m
[gzserver-2] [0m[1;31m[0m[1;31m[0mTopic [default//drone/base_footprint/down_camera/image] is not valid.
[gzserver-2] [INFO] [1773185892.588088227] [drone.collision_plugin]: Publishing contact states to [/drone/bumper_states]
[gzserver-2] Topic [default//drone/base_footprint/front_camera/image] is not valid.
[gzserver-2] [1;33m[Wrn] [Event.cc:61] [0m[1;33mWarning: Deleting a connection right after creation. [0m[1;33mMake sure to save the ConnectionPtr from a Connect call
[INFO] [spawn_drone-5]: process has finished cleanly [pid 2400674]
[gzserver-2] [0m[INFO] [1773185893.179258233] [drone.camera_bottom]: Publishing camera info to [/drone/bottom/camera_info]
[gzserver-2] [INFO] [1773185893.182056793] [drone.camera_front]: Publishing camera info to [/drone/front/camera_info]
[gzserver-2] [INFO] [1773185893.303486589] [drone.simple_drone]: The drone plugin is loading!
[gzserver-2] [INFO] [1773185893.303695466] [drone.simple_drone]: pub_odom: 1
[gzserver-2] [INFO] [1773185893.303729065] [drone.simple_drone]: Using following parameters: 
[gzserver-2] 		link_name: base_footprint,
[gzserver-2] 		max_force: 30,
[gzserver-2] 		motion_small_noise: 0,
[gzserver-2] 		motion_drift_noise: 0,
[gzserver-2] 		motion_drift_noise_time: 50,
[gzserver-2] 		takeoff_hover_height: 1.51,
[gzserver-2] 		takeoff_vertical_speed: 0.2
[gzserver-2] [INFO] [1773185893.315323661] [drone.simple_drone]: Using the PID parameters: 
[gzserver-2] 	Roll Pitch:
[gzserver-2] 		kP: 10, kI: 0,kD: 5, Limit: 0.5, Time Constant: 0
[gzserver-2] 	Yaw:
[gzserver-2] 		kP: 2, kI: 0,kD: 1, Limit: 1.5, Time Constant: 0
[gzserver-2] 	Velocity X:
[gzserver-2] 		kP: 5, kI: 0,kD: 2.3, Limit: 2, Time Constant: 0
[gzserver-2] 	Velocity Y:
[gzserver-2] 		kP: 5, kI: 0,kD: 2.3, Limit: 2, Time Constant: 0
[gzserver-2] 	Velocity Z:
[gzserver-2] 		kP: 5, kI: 0,kD: 1, Limit: -1, Time Constant: 0
[gzserver-2] 	Position XY:
[gzserver-2] 		kP: 1.1, kI: 0,kD: 0, Limit: 5, Time Constant: 0
[gzserver-2] 	Position Z:
[gzserver-2] 		kP: 1, kI: 0,kD: 0.2, Limit: -1, Time Constant: 0
[gzserver-2] [INFO] [1773185893.315461275] [drone.simple_drone]: The drone plugin finished loading!
[gzserver-2] [INFO] [1773185900.487938275] [gazebo_wind_plugin_node]: WindPlugin: set wind_speed=0.00 wind_direction=0.0
[gzserver-2] [INFO] [1773185900.759211748] [gazebo_wind_plugin_node]: WindPlugin: set wind_speed=0.00 wind_direction=0.0
[gzserver-2] [INFO] [1773185900.797715616] [drone.simple_drone]: Quadrotor takes off!!
[gzserver-2] [INFO] [1773185900.999344775] [gazebo_wind_plugin_node]: WindPlugin: set wind_speed=0.00 wind_direction=0.0
[gzserver-2] [INFO] [1773185901.233616413] [gazebo_wind_plugin_node]: WindPlugin: set wind_speed=0.00 wind_direction=0.0
[gzserver-2] [INFO] [1773185901.475832007] [gazebo_wind_plugin_node]: WindPlugin: set wind_speed=0.00 wind_direction=0.0
[gzserver-2] [INFO] [1773185901.706464630] [gazebo_wind_plugin_node]: WindPlugin: set wind_speed=0.00 wind_direction=0.0
[gzserver-2] [INFO] [1773185901.945989214] [gazebo_wind_plugin_node]: WindPlugin: set wind_speed=0.00 wind_direction=0.0
[gzserver-2] [0m[1;36m[Dbg] [wind_plugin.cpp:110] [0m[1;36mWindPlugin: received command -> speed=[0m[1;36m0[0m[1;36m dir=[0m[1;36m0[0m[1;36m
[gzserver-2] [0m[1;36m[Dbg] [wind_plugin.cpp:110] [0m[1;36mWindPlugin: received command -> speed=[0m[1;36m0[0m[1;36m dir=[0m[1;36m0[0m[1;36m
[gzserver-2] [0m[1;36m[Dbg] [wind_plugin.cpp:110] [0m[1;36mWindPlugin: received command -> speed=[0m[1;36m0[0m[1;36m dir=[0m[1;36m0[0m[1;36m
[gzserver-2] [0m[1;36m[Dbg] [wind_plugin.cpp:110] [0m[1;36mWindPlugin: received command -> speed=[0m[1;36m0[0m[1;36m dir=[0m[1;36m0[0m[1;36m
[gzserver-2] [0m[1;36m[Dbg] [wind_plugin.cpp:110] [0m[1;36mWindPlugin: received command -> speed=[0m[1;36m0[0m[1;36m dir=[0m[1;36m0[0m[1;36m
[gzserver-2] [0m[1;36m[Dbg] [wind_plugin.cpp:110] [0m[1;36mWindPlugin: received command -> speed=[0m[1;36m0[0m[1;36m dir=[0m[1;36m0[0m[1;36m
[gzserver-2] [0m[1;36m[Dbg] [wind_plugin.cpp:110] [0m[1;36mWindPlugin: received command -> speed=[0m[1;36m0[0m[1;36m dir=[0m[1;36m0[0m[1;36m
[gzserver-2] [0mEntering flying model!
[gzserver-2] [INFO] [1773185902.187367113] [gazebo_wind_plugin_node]: WindPlugin: set wind_speed=0.00 wind_direction=0.0
[gzserver-2] [INFO] [1773185902.427198321] [gazebo_wind_plugin_node]: WindPlugin: set wind_speed=3.05 wind_direction=-108.3
[gzserver-2] [INFO] [1773185902.666691013] [gazebo_wind_plugin_node]: WindPlugin: set wind_speed=3.05 wind_direction=-108.3
[gzserver-2] [INFO] [1773185902.901258803] [gazebo_wind_plugin_node]: WindPlugin: set wind_speed=3.05 wind_direction=-108.3
[gzserver-2] [INFO] [1773185903.141239868] [gazebo_wind_plugin_node]: WindPlugin: set wind_speed=2.96 wind_direction=-112.4
[gzserver-2] [INFO] [1773185903.377457558] [gazebo_wind_plugin_node]: WindPlugin: set wind_speed=2.96 wind_direction=-112.4
[gzserver-2] [INFO] [1773185903.619295313] [gazebo_wind_plugin_node]: WindPlugin: set wind_speed=2.96 wind_direction=-112.4
[gzserver-2] [INFO] [1773185903.854168851] [gazebo_wind_plugin_node]: WindPlugin: set wind_speed=2.96 wind_direction=-112.4
[gzserver-2] [INFO] [1773185904.089972995] [gazebo_wind_plugin_node]: WindPlugin: set wind_speed=3.00 wind_direction=-110.6
[gzserver-2] [INFO] [1773185904.329269165] [gazebo_wind_plugin_node]: WindPlugin: set wind_speed=3.00 wind_direction=-110.6
[gzserver-2] [INFO] [1773185904.568766591] [gazebo_wind_plugin_node]: WindPlugin: set wind_speed=3.00 wind_direction=-110.6
[gzserver-2] [INFO] [1773185904.808201042] [gazebo_wind_plugin_node]: WindPlugin: set wind_speed=3.00 wind_direction=-110.6
[gzserver-2] [INFO] [1773185905.049262948] [gazebo_wind_plugin_node]: WindPlugin: set wind_speed=3.17 wind_direction=-110.1
[gzserver-2] [INFO] [1773185905.281932017] [gazebo_wind_plugin_node]: WindPlugin: set wind_speed=3.17 wind_direction=-110.1
[gzserver-2] [INFO] [1773185905.521997158] [gazebo_wind_plugin_node]: WindPlugin: set wind_speed=3.17 wind_direction=-110.1
[gzserver-2] [INFO] [1773185905.761887934] [gazebo_wind_plugin_node]: WindPlugin: set wind_speed=3.17 wind_direction=-110.1
[gzserver-2] [INFO] [1773185905.991900199] [gazebo_wind_plugin_node]: WindPlugin: set wind_speed=3.03 wind_direction=-109.8
[gzserver-2] [INFO] [1773185906.231667246] [gazebo_wind_plugin_node]: WindPlugin: set wind_speed=3.03 wind_direction=-109.8
[gzserver-2] [INFO] [1773185906.471200848] [gazebo_wind_plugin_node]: WindPlugin: set wind_speed=3.03 wind_direction=-109.8
[gzserver-2] [INFO] [1773185906.710352723] [gazebo_wind_plugin_node]: WindPlugin: set wind_speed=3.03 wind_direction=-109.8
[gzserver-2] [INFO] [1773185906.947129999] [gazebo_wind_plugin_node]: WindPlugin: set wind_speed=3.03 wind_direction=-109.8
[gzserver-2] [INFO] [1773185907.176371251] [gazebo_wind_plugin_node]: WindPlugin: set wind_speed=2.92 wind_direction=-111.8
[gzserver-2] [INFO] [1773185907.415958701] [gazebo_wind_plugin_node]: WindPlugin: set wind_speed=2.92 wind_direction=-111.8
[gzserver-2] [INFO] [1773185907.656277441] [gazebo_wind_plugin_node]: WindPlugin: set wind_speed=2.92 wind_direction=-111.8
[gzserver-2] [INFO] [1773185907.890777332] [gazebo_wind_plugin_node]: WindPlugin: set wind_speed=2.92 wind_direction=-111.8
[gzserver-2] [INFO] [1773185908.130501111] [gazebo_wind_plugin_node]: WindPlugin: set wind_speed=2.95 wind_direction=-108.3
[gzserver-2] [INFO] [1773185908.370035290] [gazebo_wind_plugin_node]: WindPlugin: set wind_speed=2.95 wind_direction=-108.3
[gzserver-2] [1;36m[Dbg] [wind_plugin.cpp:110] [0m[1;36mWindPlugin: received command -> speed=[0m[1;36m0[0m[1;36m dir=[0m[1;36m0[0m[1;36m
[gzserver-2] [0m[1;36m[Dbg] [wind_plugin.cpp:110] [0m[1;36mWindPlugin: received command -> speed=[0m[1;36m3.05373[0m[1;36m dir=[0m[1;36m-108.338[0m[1;36m
[gzserver-2] [0m[1;36m[Dbg] [wind_plugin.cpp:110] [0m[1;36mWindPlugin: received command -> speed=[0m[1;36m3.05373[0m[1;36m dir=[0m[1;36m-108.338[0m[1;36m
[gzserver-2] [0m[1;36m[Dbg] [wind_plugin.cpp:110] [0m[1;36mWindPlugin: received command -> speed=[0m[1;36m3.05373[0m[1;36m dir=[0m[1;36m-108.338[0m[1;36m
[gzserver-2] [0m[1;36m[Dbg] [wind_plugin.cpp:110] [0m[1;36mWindPlugin: received command -> speed=[0m[1;36m2.9645[0m[1;36m dir=[0m[1;36m-112.363[0m[1;36m
[gzserver-2] [0m[1;36m[Dbg] [wind_plugin.cpp:110] [0m[1;36mWindPlugin: received command -> speed=[0m[1;36m2.9645[0m[1;36m dir=[0m[1;36m-112.363[0m[1;36m
[gzserver-2] [0m[1;36m[Dbg] [wind_plugin.cpp:110] [0m[1;36mWindPlugin: received command -> speed=[0m[1;36m2.9645[0m[1;36m dir=[0m[1;36m-112.363[0m[1;36m
[gzserver-2] [0m[1;36m[Dbg] [wind_plugin.cpp:110] [0m[1;36mWindPlugin: received command -> speed=[0m[1;36m2.9645[0m[1;36m dir=[0m[1;36m-112.363[0m[1;36m
[gzserver-2] [0m[1;36m[Dbg] [wind_plugin.cpp:110] [0m[1;36mWindPlugin: received command -> speed=[0m[1;36m3.00337[0m[1;36m dir=[0m[1;36m-110.599[0m[1;36m
[gzserver-2] [0m[1;36m[Dbg] [wind_plugin.cpp:110] [0m[1;36mWindPlugin: received command -> speed=[0m[1;36m3.00337[0m[1;36m dir=[0m[1;36m-110.599[0m[1;36m
[gzserver-2] [0m[1;36m[Dbg] [wind_plugin.cpp:110] [0m[1;36mWindPlugin: received command -> speed=[0m[1;36m3.00337[0m[1;36m dir=[0m[1;36m-110.599[0m[1;36m
[gzserver-2] [0m[1;36m[Dbg] [wind_plugin.cpp:110] [0m[1;36mWindPlugin: received command -> speed=[0m[1;36m3.00337[0m[1;36m dir=[0m[1;36m-110.599[0m[1;36m
[gzserver-2] [0m[1;36m[Dbg] [wind_plugin.cpp:110] [0m[1;36mWindPlugin: received command -> speed=[0m[1;36m3.17272[0m[1;36m dir=[0m[1;36m-110.113[0m[1;36m
[gzserver-2] [0m[1;36m[Dbg] [wind_plugin.cpp:110] [0m[1;36mWindPlugin: received command -> speed=[0m[1;36m3.17272[0m[1;36m dir=[0m[1;36m-110.113[0m[1;36m
[gzserver-2] [0m[1;36m[Dbg] [wind_plugin.cpp:110] [0m[1;36mWindPlugin: received command -> speed=[0m[1;36m3.17272[0m[1;36m dir=[0m[1;36m-110.113[0m[1;36m
[gzserver-2] [0m[1;36m[Dbg] [wind_plugin.cpp:110] [0m[1;36mWindPlugin: received command -> speed=[0m[1;36m3.17272[0m[1;36m dir=[0m[1;36m-110.113[0m[1;36m
[gzserver-2] [0m[1;36m[Dbg] [wind_plugin.cpp:110] [0m[1;36mWindPlugin: received command -> speed=[0m[1;36m3.03113[0m[1;36m dir=[0m[1;36m-109.789[0m[1;36m
[gzserver-2] [0m[1;36m[Dbg] [wind_plugin.cpp:110] [0m[1;36mWindPlugin: received command -> speed=[0m[1;36m3.03113[0m[1;36m dir=[0m[1;36m-109.789[0m[1;36m
[gzserver-2] [0m[1;36m[Dbg] [wind_plugin.cpp:110] [0m[1;36mWindPlugin: received command -> speed=[0m[1;36m3.03113[0m[1;36m dir=[0m[1;36m-109.789[0m[1;36m
[gzserver-2] [0m[1;36m[Dbg] [wind_plugin.cpp:110] [0m[1;36mWindPlugin: received command -> speed=[0m[1;36m3.03113[0m[1;36m dir=[0m[1;36m-109.789[0m[1;36m
[gzserver-2] [0m[1;36m[Dbg] [wind_plugin.cpp:110] [0m[1;36mWindPlugin: received command -> speed=[0m[1;36m3.03113[0m[1;36m dir=[0m[1;36m-109.789[0m[1;36m
[gzserver-2] [0m[1;36m[Dbg] [wind_plugin.cpp:110] [0m[1;36mWindPlugin: received command -> speed=[0m[1;36m2.91576[0m[1;36m dir=[0m[1;36m-111.787[0m[1;36m
[gzserver-2] [0m[1;36m[Dbg] [wind_plugin.cpp:110] [0m[1;36mWindPlugin: received command -> speed=[0m[1;36m2.91576[0m[1;36m dir=[0m[1;36m-111.787[0m[1;36m
[gzserver-2] [0m[1;36m[Dbg] [wind_plugin.cpp:110] [0m[1;36mWindPlugin: received command -> speed=[0m[1;36m2.91576[0m[1;36m dir=[0m[1;36m-111.787[0m[1;36m
[gzserver-2] [0m[1;36m[Dbg] [wind_plugin.cpp:110] [0m[1;36mWindPlugin: received command -> speed=[0m[1;36m2.91576[0m[1;36m dir=[0m[1;36m-111.787[0m[1;36m
[gzserver-2] [0m[1;36m[Dbg] [wind_plugin.cpp:110] [0m[1;36mWindPlugin: received command -> speed=[0m[1;36m2.95174[0m[1;36m dir=[0m[1;36m-108.266[0m[1;36m
[gzserver-2] [INFO] [1773185908.605506700] [gazebo_wind_plugin_node]: WindPlugin: set wind_speed=2.95 wind_direction=-108.3
[gzserver-2] [INFO] [1773185908.841707133] [gazebo_wind_plugin_node]: WindPlugin: set wind_speed=2.95 wind_direction=-108.3
[gzserver-2] [INFO] [1773185909.076151092] [gazebo_wind_plugin_node]: WindPlugin: set wind_speed=3.04 wind_direction=-109.7
[gzserver-2] [INFO] [1773185909.312811318] [gazebo_wind_plugin_node]: WindPlugin: set wind_speed=3.04 wind_direction=-109.7
[gzserver-2] [INFO] [1773185909.553995717] [gazebo_wind_plugin_node]: WindPlugin: set wind_speed=3.04 wind_direction=-109.7
[gzserver-2] [INFO] [1773185909.793852292] [gazebo_wind_plugin_node]: WindPlugin: set wind_speed=3.04 wind_direction=-109.7
[gzserver-2] [INFO] [1773185910.036148809] [gazebo_wind_plugin_node]: WindPlugin: set wind_speed=2.91 wind_direction=-112.1
[gzserver-2] [INFO] [1773185910.275562766] [gazebo_wind_plugin_node]: WindPlugin: set wind_speed=2.91 wind_direction=-112.1
[gzserver-2] [INFO] [1773185910.514768093] [gazebo_wind_plugin_node]: WindPlugin: set wind_speed=2.91 wind_direction=-112.1
[gzserver-2] [INFO] [1773185910.754177942] [gazebo_wind_plugin_node]: WindPlugin: set wind_speed=2.91 wind_direction=-112.1
[gzserver-2] [INFO] [1773185910.993744545] [gazebo_wind_plugin_node]: WindPlugin: set wind_speed=2.97 wind_direction=-106.2
[gzserver-2] [INFO] [1773185911.233581367] [gazebo_wind_plugin_node]: WindPlugin: set wind_speed=2.97 wind_direction=-106.2
[gzserver-2] [INFO] [1773185911.473419126] [gazebo_wind_plugin_node]: WindPlugin: set wind_speed=2.97 wind_direction=-106.2
[gzserver-2] [INFO] [1773185911.708023297] [gazebo_wind_plugin_node]: WindPlugin: set wind_speed=2.97 wind_direction=-106.2
[gzserver-2] [INFO] [1773185911.949622512] [gazebo_wind_plugin_node]: WindPlugin: set wind_speed=2.97 wind_direction=-106.2
[gzserver-2] [INFO] [1773185912.185618034] [gazebo_wind_plugin_node]: WindPlugin: set wind_speed=2.98 wind_direction=-108.8
[gzserver-2] [INFO] [1773185912.424866942] [gazebo_wind_plugin_node]: WindPlugin: set wind_speed=2.98 wind_direction=-108.8
[gzserver-2] [INFO] [1773185912.664453424] [gazebo_wind_plugin_node]: WindPlugin: set wind_speed=2.98 wind_direction=-108.8
[gzserver-2] [INFO] [1773185912.898988024] [gazebo_wind_plugin_node]: WindPlugin: set wind_speed=2.98 wind_direction=-108.8
[gzserver-2] [INFO] [1773185913.133628149] [gazebo_wind_plugin_node]: WindPlugin: set wind_speed=2.92 wind_direction=-108.1
[gzserver-2] [INFO] [1773185913.369119638] [gazebo_wind_plugin_node]: WindPlugin: set wind_speed=2.92 wind_direction=-108.1
[gzserver-2] [INFO] [1773185913.603408430] [gazebo_wind_plugin_node]: WindPlugin: set wind_speed=2.92 wind_direction=-108.1
[gzserver-2] [INFO] [1773185913.840730837] [gazebo_wind_plugin_node]: WindPlugin: set wind_speed=2.92 wind_direction=-108.1
[gzserver-2] [INFO] [1773185914.080197438] [gazebo_wind_plugin_node]: WindPlugin: set wind_speed=2.81 wind_direction=-108.7
[gzserver-2] [INFO] [1773185914.314607237] [gazebo_wind_plugin_node]: WindPlugin: set wind_speed=2.81 wind_direction=-108.7
[gzserver-2] [INFO] [1773185914.553886524] [gazebo_wind_plugin_node]: WindPlugin: set wind_speed=2.81 wind_direction=-108.7
[gzserver-2] [INFO] [1773185914.783348532] [gazebo_wind_plugin_node]: WindPlugin: set wind_speed=2.81 wind_direction=-108.7
[gzserver-2] [0m[1;36m[Dbg] [wind_plugin.cpp:110] [0m[1;36mWindPlugin: received command -> speed=[0m[1;36m2.95174[0m[1;36m dir=[0m[1;36m-108.266[0m[1;36m
[gzserver-2] [0m[1;36m[Dbg] [wind_plugin.cpp:110] [0m[1;36mWindPlugin: received command -> speed=[0m[1;36m2.95174[0m[1;36m dir=[0m[1;36m-108.266[0m[1;36m
[gzserver-2] [0m[1;36m[Dbg] [wind_plugin.cpp:110] [0m[1;36mWindPlugin: received command -> speed=[0m[1;36m2.95174[0m[1;36m dir=[0m[1;36m-108.266[0m[1;36m
[gzserver-2] [0m[1;36m[Dbg] [wind_plugin.cpp:110] [0m[1;36mWindPlugin: received command -> speed=[0m[1;36m3.0446[0m[1;36m dir=[0m[1;36m-109.675[0m[1;36m
[gzserver-2] [0m[1;36m[Dbg] [wind_plugin.cpp:110] [0m[1;36mWindPlugin: received command -> speed=[0m[1;36m3.0446[0m[1;36m dir=[0m[1;36m-109.675[0m[1;36m
[gzserver-2] [0m[1;36m[Dbg] [wind_plugin.cpp:110] [0m[1;36mWindPlugin: received command -> speed=[0m[1;36m3.0446[0m[1;36m dir=[0m[1;36m-109.675[0m[1;36m
[gzserver-2] [0m[1;36m[Dbg] [wind_plugin.cpp:110] [0m[1;36mWindPlugin: received command -> speed=[0m[1;36m3.0446[0m[1;36m dir=[0m[1;36m-109.675[0m[1;36m
[gzserver-2] [0m[1;36m[Dbg] [wind_plugin.cpp:110] [0m[1;36mWindPlugin: received command -> speed=[0m[1;36m2.90927[0m[1;36m dir=[0m[1;36m-112.092[0m[1;36m
[gzserver-2] [0m[1;36m[Dbg] [wind_plugin.cpp:110] [0m[1;36mWindPlugin: received command -> speed=[0m[1;36m2.90927[0m[1;36m dir=[0m[1;36m-112.092[0m[1;36m
[gzserver-2] [0m[1;36m[Dbg] [wind_plugin.cpp:110] [0m[1;36mWindPlugin: received command -> speed=[0m[1;36m2.90927[0m[1;36m dir=[0m[1;36m-112.092[0m[1;36m
[gzserver-2] [0m[1;36m[Dbg] [wind_plugin.cpp:110] [0m[1;36mWindPlugin: received command -> speed=[0m[1;36m2.90927[0m[1;36m dir=[0m[1;36m-112.092[0m[1;36m
[gzserver-2] [0m[1;36m[Dbg] [wind_plugin.cpp:110] [0m[1;36mWindPlugin: received command -> speed=[0m[1;36m2.97197[0m[1;36m dir=[0m[1;36m-106.182[0m[1;36m
[gzserver-2] [0m[1;36m[Dbg] [wind_plugin.cpp:110] [0m[1;36mWindPlugin: received command -> speed=[0m[1;36m2.97197[0m[1;36m dir=[0m[1;36m-106.182[0m[1;36m
[gzserver-2] [0m[1;36m[Dbg] [wind_plugin.cpp:110] [0m[1;36mWindPlugin: received command -> speed=[0m[1;36m2.97197[0m[1;36m dir=[0m[1;36m-106.182[0m[1;36m
[gzserver-2] [0m[1;36m[Dbg] [wind_plugin.cpp:110] [0m[1;36mWindPlugin: received command -> speed=[0m[1;36m2.97197[0m[1;36m dir=[0m[1;36m-106.182[0m[1;36m
[gzserver-2] [0m[1;36m[Dbg] [wind_plugin.cpp:110] [0m[1;36mWindPlugin: received command -> speed=[0m[1;36m2.97197[0m[1;36m dir=[0m[1;36m-106.182[0m[1;36m
[gzserver-2] [0m[1;36m[Dbg] [wind_plugin.cpp:110] [0m[1;36mWindPlugin: received command -> speed=[0m[1;36m2.9849[0m[1;36m dir=[0m[1;36m-108.767[0m[1;36m
[gzserver-2] [0m[1;36m[Dbg] [wind_plugin.cpp:110] [0m[1;36mWindPlugin: received command -> speed=[0m[1;36m2.9849[0m[1;36m dir=[0m[1;36m-108.767[0m[1;36m
[gzserver-2] [0m[1;36m[Dbg] [wind_plugin.cpp:110] [0m[1;36mWindPlugin: received command -> speed=[0m[1;36m2.9849[0m[1;36m dir=[0m[1;36m-108.767[0m[1;36m
[gzserver-2] [0m[1;36m[Dbg] [wind_plugin.cpp:110] [0m[1;36mWindPlugin: received command -> speed=[0m[1;36m2.9849[0m[1;36m dir=[0m[1;36m-108.767[0m[1;36m
[gzserver-2] [0m[1;36m[Dbg] [wind_plugin.cpp:110] [0m[1;36mWindPlugin: received command -> speed=[0m[1;36m2.91552[0m[1;36m dir=[0m[1;36m-108.051[0m[1;36m
[gzserver-2] [0m[1;36m[Dbg] [wind_plugin.cpp:110] [0m[1;36mWindPlugin: received command -> speed=[0m[1;36m2.91552[0m[1;36m dir=[0m[1;36m-108.051[0m[1;36m
[gzserver-2] [0m[1;36m[Dbg] [wind_plugin.cpp:110] [0m[1;36mWindPlugin: received command -> speed=[0m[1;36m2.91552[0m[1;36m dir=[0m[1;36m-108.051[0m[1;36m
[gzserver-2] [0m[1;36m[Dbg] [wind_plugin.cpp:110] [0m[1;36mWindPlugin: received command -> speed=[0m[1;36m2.91552[0m[1;36m dir=[0m[1;36m-108.051[0m[1;36m
[gzserver-2] [0m[1;36m[Dbg] [wind_plugin.cpp:110] [0m[1;36mWindPlugin: received command -> speed=[0m[1;36m2.81076[0m[1;36m dir=[0m[1;36m-108.726[0m[1;36m
[gzserver-2] [0m[1;36m[Dbg] [wind_plugin.cpp:110] [0m[1;36mWindPlugin: received command -> speed=[0m[1;36m2.81076[0m[1;36m dir=[0m[1;36m-108.726[0m[1;36m
[gzserver-2] [0m[1;36m[Dbg] [wind_plugin.cpp:110] [0m[1;36mWindPlugin: received command -> speed=[0m[1;36m2.81076[0m[1;36m dir=[0m[1;36m-108.726[0m[1;36m
[gzserver-2] [INFO] [1773185915.022889286] [gazebo_wind_plugin_node]: WindPlugin: set wind_speed=2.90 wind_direction=-110.6
[gzserver-2] [INFO] [1773185915.256827663] [gazebo_wind_plugin_node]: WindPlugin: set wind_speed=2.90 wind_direction=-110.6
[gzserver-2] [INFO] [1773185915.497611506] [gazebo_wind_plugin_node]: WindPlugin: set wind_speed=2.90 wind_direction=-110.6
[gzserver-2] [INFO] [1773185915.727082359] [gazebo_wind_plugin_node]: WindPlugin: set wind_speed=2.90 wind_direction=-110.6
[gzserver-2] [INFO] [1773185915.966718192] [gazebo_wind_plugin_node]: WindPlugin: set wind_speed=2.90 wind_direction=-110.6
[gzserver-2] [INFO] [1773185916.206082280] [gazebo_wind_plugin_node]: WindPlugin: set wind_speed=2.91 wind_direction=-107.3
[gzserver-2] [INFO] [1773185916.446481284] [gazebo_wind_plugin_node]: WindPlugin: set wind_speed=2.91 wind_direction=-107.3
[gzserver-2] [INFO] [1773185916.687882243] [gazebo_wind_plugin_node]: WindPlugin: set wind_speed=2.91 wind_direction=-107.3
[gzserver-2] [INFO] [1773185916.926699972] [gazebo_wind_plugin_node]: WindPlugin: set wind_speed=2.91 wind_direction=-107.3
[gzserver-2] [INFO] [1773185917.166228125] [gazebo_wind_plugin_node]: WindPlugin: set wind_speed=2.85 wind_direction=-108.9
[gzserver-2] [INFO] [1773185917.406130808] [gazebo_wind_plugin_node]: WindPlugin: set wind_speed=2.85 wind_direction=-108.9
[gzserver-2] [INFO] [1773185917.640607148] [gazebo_wind_plugin_node]: WindPlugin: set wind_speed=2.85 wind_direction=-108.9
[gzserver-2] [INFO] [1773185917.880400510] [gazebo_wind_plugin_node]: WindPlugin: set wind_speed=2.85 wind_direction=-108.9
[gzserver-2] [INFO] [1773185918.116432370] [gazebo_wind_plugin_node]: WindPlugin: set wind_speed=2.88 wind_direction=-108.9
[gzserver-2] [INFO] [1773185918.350861291] [gazebo_wind_plugin_node]: WindPlugin: set wind_speed=2.88 wind_direction=-108.9
[gzserver-2] [INFO] [1773185918.590233362] [gazebo_wind_plugin_node]: WindPlugin: set wind_speed=2.88 wind_direction=-108.9
[gzserver-2] [INFO] [1773185918.829439117] [gazebo_wind_plugin_node]: WindPlugin: set wind_speed=2.88 wind_direction=-108.9
[gzserver-2] [INFO] [1773185919.068930711] [gazebo_wind_plugin_node]: WindPlugin: set wind_speed=2.87 wind_direction=-109.5
[gzserver-2] [INFO] [1773185919.308235480] [gazebo_wind_plugin_node]: WindPlugin: set wind_speed=2.87 wind_direction=-109.5
[gzserver-2] [INFO] [1773185919.547274455] [gazebo_wind_plugin_node]: WindPlugin: set wind_speed=2.87 wind_direction=-109.5
[gzserver-2] [INFO] [1773185919.787080274] [gazebo_wind_plugin_node]: WindPlugin: set wind_speed=2.87 wind_direction=-109.5
[gzserver-2] [INFO] [1773185920.021908073] [gazebo_wind_plugin_node]: WindPlugin: set wind_speed=2.70 wind_direction=-106.9
[gzserver-2] [INFO] [1773185920.261458564] [gazebo_wind_plugin_node]: WindPlugin: set wind_speed=2.70 wind_direction=-106.9
[gzserver-2] [INFO] [1773185920.501603394] [gazebo_wind_plugin_node]: WindPlugin: set wind_speed=2.70 wind_direction=-106.9
[gzserver-2] [INFO] [1773185920.735459425] [gazebo_wind_plugin_node]: WindPlugin: set wind_speed=2.70 wind_direction=-106.9
[gzserver-2] [INFO] [1773185920.975584972] [gazebo_wind_plugin_node]: WindPlugin: set wind_speed=2.70 wind_direction=-106.9
[gzserver-2] [INFO] [1773185921.215156718] [gazebo_wind_plugin_node]: WindPlugin: set wind_speed=2.83 wind_direction=-105.0
[gzserver-2] [0m[1;36m[Dbg] [wind_plugin.cpp:110] [0m[1;36mWindPlugin: received command -> speed=[0m[1;36m2.81076[0m[1;36m dir=[0m[1;36m-108.726[0m[1;36m
[gzserver-2] [0m[1;36m[Dbg] [wind_plugin.cpp:110] [0m[1;36mWindPlugin: received command -> speed=[0m[1;36m2.9048[0m[1;36m dir=[0m[1;36m-110.638[0m[1;36m
[gzserver-2] [0m[1;36m[Dbg] [wind_plugin.cpp:110] [0m[1;36mWindPlugin: received command -> speed=[0m[1;36m2.9048[0m[1;36m dir=[0m[1;36m-110.638[0m[1;36m
[gzserver-2] [0m[1;36m[Dbg] [wind_plugin.cpp:110] [0m[1;36mWindPlugin: received command -> speed=[0m[1;36m2.9048[0m[1;36m dir=[0m[1;36m-110.638[0m[1;36m
[gzserver-2] [0m[1;36m[Dbg] [wind_plugin.cpp:110] [0m[1;36mWindPlugin: received command -> speed=[0m[1;36m2.9048[0m[1;36m dir=[0m[1;36m-110.638[0m[1;36m
[gzserver-2] [0m[1;36m[Dbg] [wind_plugin.cpp:110] [0m[1;36mWindPlugin: received command -> speed=[0m[1;36m2.9048[0m[1;36m dir=[0m[1;36m-110.638[0m[1;36m
[gzserver-2] [0m[1;36m[Dbg] [wind_plugin.cpp:110] [0m[1;36mWindPlugin: received command -> speed=[0m[1;36m2.91388[0m[1;36m dir=[0m[1;36m-107.29[0m[1;36m
[gzserver-2] [0m[1;36m[Dbg] [wind_plugin.cpp:110] [0m[1;36mWindPlugin: received command -> speed=[0m[1;36m2.91388[0m[1;36m dir=[0m[1;36m-107.29[0m[1;36m
[gzserver-2] [0m[1;36m[Dbg] [wind_plugin.cpp:110] [0m[1;36mWindPlugin: received command -> speed=[0m[1;36m2.91388[0m[1;36m dir=[0m[1;36m-107.29[0m[1;36m
[gzserver-2] [0m[1;36m[Dbg] [wind_plugin.cpp:110] [0m[1;36mWindPlugin: received command -> speed=[0m[1;36m2.91388[0m[1;36m dir=[0m[1;36m-107.29[0m[1;36m
[gzserver-2] [0m[1;36m[Dbg] [wind_plugin.cpp:110] [0m[1;36mWindPlugin: received command -> speed=[0m[1;36m2.85383[0m[1;36m dir=[0m[1;36m-108.934[0m[1;36m
[gzserver-2] [0m[1;36m[Dbg] [wind_plugin.cpp:110] [0m[1;36mWindPlugin: received command -> speed=[0m[1;36m2.85383[0m[1;36m dir=[0m[1;36m-108.934[0m[1;36m
[gzserver-2] [0m[1;36m[Dbg] [wind_plugin.cpp:110] [0m[1;36mWindPlugin: received command -> speed=[0m[1;36m2.85383[0m[1;36m dir=[0m[1;36m-108.934[0m[1;36m
[gzserver-2] [0m[1;36m[Dbg] [wind_plugin.cpp:110] [0m[1;36mWindPlugin: received command -> speed=[0m[1;36m2.85383[0m[1;36m dir=[0m[1;36m-108.934[0m[1;36m
[gzserver-2] [0m[1;36m[Dbg] [wind_plugin.cpp:110] [0m[1;36mWindPlugin: received command -> speed=[0m[1;36m2.8758[0m[1;36m dir=[0m[1;36m-108.855[0m[1;36m
[gzserver-2] [0m[1;36m[Dbg] [wind_plugin.cpp:110] [0m[1;36mWindPlugin: received command -> speed=[0m[1;36m2.8758[0m[1;36m dir=[0m[1;36m-108.855[0m[1;36m
[gzserver-2] [0m[1;36m[Dbg] [wind_plugin.cpp:110] [0m[1;36mWindPlugin: received command -> speed=[0m[1;36m2.8758[0m[1;36m dir=[0m[1;36m-108.855[0m[1;36m
[gzserver-2] [0m[1;36m[Dbg] [wind_plugin.cpp:110] [0m[1;36mWindPlugin: received command -> speed=[0m[1;36m2.8758[0m[1;36m dir=[0m[1;36m-108.855[0m[1;36m
[gzserver-2] [0m[1;36m[Dbg] [wind_plugin.cpp:110] [0m[1;36mWindPlugin: received command -> speed=[0m[1;36m2.87041[0m[1;36m dir=[0m[1;36m-109.451[0m[1;36m
[gzserver-2] [0m[1;36m[Dbg] [wind_plugin.cpp:110] [0m[1;36mWindPlugin: received command -> speed=[0m[1;36m2.87041[0m[1;36m dir=[0m[1;36m-109.451[0m[1;36m
[gzserver-2] [0m[1;36m[Dbg] [wind_plugin.cpp:110] [0m[1;36mWindPlugin: received command -> speed=[0m[1;36m2.87041[0m[1;36m dir=[0m[1;36m-109.451[0m[1;36m
[gzserver-2] [0m[1;36m[Dbg] [wind_plugin.cpp:110] [0m[1;36mWindPlugin: received command -> speed=[0m[1;36m2.87041[0m[1;36m dir=[0m[1;36m-109.451[0m[1;36m
[gzserver-2] [0m[1;36m[Dbg] [wind_plugin.cpp:110] [0m[1;36mWindPlugin: received command -> speed=[0m[1;36m2.70182[0m[1;36m dir=[0m[1;36m-106.862[0m[1;36m
[gzserver-2] [0m[1;36m[Dbg] [wind_plugin.cpp:110] [0m[1;36mWindPlugin: received command -> speed=[0m[1;36m2.70182[0m[1;36m dir=[0m[1;36m-106.862[0m[1;36m
[gzserver-2] [0m[1;36m[Dbg] [wind_plugin.cpp:110] [0m[1;36mWindPlugin: received command -> speed=[0m[1;36m2.70182[0m[1;36m dir=[0m[1;36m-106.862[0m[1;36m
[gzserver-2] [0m[1;36m[Dbg] [wind_plugin.cpp:110] [0m[1;36mWindPlugin: received command -> speed=[0m[1;36m2.70182[0m[1;36m dir=[0m[1;36m-106.862[0m[1;36m
[gzserver-2] [0m[1;36m[Dbg] [wind_plugin.cpp:110] [0m[1;36mWindPlugin: received command -> speed=[0m[1;36m2.70182[0m[1;36m dir=[0m[1;36m-106.862[0m[1;36m
[gzserver-2] [INFO] [1773185921.454577489] [gazebo_wind_plugin_node]: WindPlugin: set wind_speed=2.83 wind_direction=-105.0
[gzserver-2] [INFO] [1773185921.694043862] [gazebo_wind_plugin_node]: WindPlugin: set wind_speed=2.83 wind_direction=-105.0
[gzserver-2] [INFO] [1773185921.933372498] [gazebo_wind_plugin_node]: WindPlugin: set wind_speed=2.83 wind_direction=-105.0
[gzserver-2] [INFO] [1773185922.172812871] [gazebo_wind_plugin_node]: WindPlugin: set wind_speed=2.86 wind_direction=-105.3
[gzserver-2] [INFO] [1773185922.412845796] [gazebo_wind_plugin_node]: WindPlugin: set wind_speed=2.86 wind_direction=-105.3
[gzserver-2] [INFO] [1773185922.652280330] [gazebo_wind_plugin_node]: WindPlugin: set wind_speed=2.86 wind_direction=-105.3
[gzserver-2] [INFO] [1773185922.886777699] [gazebo_wind_plugin_node]: WindPlugin: set wind_speed=2.86 wind_direction=-105.3
[gzserver-2] [INFO] [1773185923.126367253] [gazebo_wind_plugin_node]: WindPlugin: set wind_speed=2.75 wind_direction=-104.6
[gzserver-2] [INFO] [1773185923.360219793] [gazebo_wind_plugin_node]: WindPlugin: set wind_speed=2.75 wind_direction=-104.6
[gzserver-2] [INFO] [1773185923.595704793] [gazebo_wind_plugin_node]: WindPlugin: set wind_speed=2.75 wind_direction=-104.6
[gzserver-2] [INFO] [1773185923.835169154] [gazebo_wind_plugin_node]: WindPlugin: set wind_speed=2.75 wind_direction=-104.6
[gzserver-2] [INFO] [1773185924.064375592] [gazebo_wind_plugin_node]: WindPlugin: set wind_speed=2.57 wind_direction=-104.7
[gzserver-2] [INFO] [1773185924.298817756] [gazebo_wind_plugin_node]: WindPlugin: set wind_speed=2.57 wind_direction=-104.7
[gzserver-2] [INFO] [1773185924.537774807] [gazebo_wind_plugin_node]: WindPlugin: set wind_speed=2.57 wind_direction=-104.7
[gzserver-2] [INFO] [1773185924.777515235] [gazebo_wind_plugin_node]: WindPlugin: set wind_speed=2.57 wind_direction=-104.7
[gzserver-2] [INFO] [1773185925.019603565] [gazebo_wind_plugin_node]: WindPlugin: set wind_speed=2.80 wind_direction=-105.9
[gzserver-2] [INFO] [1773185925.253947313] [gazebo_wind_plugin_node]: WindPlugin: set wind_speed=2.80 wind_direction=-105.9
[gzserver-2] [INFO] [1773185925.493863943] [gazebo_wind_plugin_node]: WindPlugin: set wind_speed=2.80 wind_direction=-105.9
[gzserver-2] [INFO] [1773185925.733179746] [gazebo_wind_plugin_node]: WindPlugin: set wind_speed=2.80 wind_direction=-105.9
[gzserver-2] [INFO] [1773185925.972612082] [gazebo_wind_plugin_node]: WindPlugin: set wind_speed=2.80 wind_direction=-105.9
[gzserver-2] [INFO] [1773185926.207114802] [gazebo_wind_plugin_node]: WindPlugin: set wind_speed=2.82 wind_direction=-104.5
[gzserver-2] [INFO] [1773185926.446401807] [gazebo_wind_plugin_node]: WindPlugin: set wind_speed=2.82 wind_direction=-104.5
[gzserver-2] [INFO] [1773185926.672744130] [gazebo_wind_plugin_node]: WindPlugin: set wind_speed=2.82 wind_direction=-104.5
[gzserver-2] [INFO] [1773185926.907520315] [gazebo_wind_plugin_node]: WindPlugin: set wind_speed=2.82 wind_direction=-104.5
[gzserver-2] [INFO] [1773185927.141428188] [gazebo_wind_plugin_node]: WindPlugin: set wind_speed=2.59 wind_direction=-106.1
[gzserver-2] [INFO] [1773185927.375584767] [gazebo_wind_plugin_node]: WindPlugin: set wind_speed=2.59 wind_direction=-106.1
[gzserver-2] [INFO] [1773185927.609524773] [gazebo_wind_plugin_node]: WindPlugin: set wind_speed=2.59 wind_direction=-106.1
[gzserver-2] [0m[1;36m[Dbg] [wind_plugin.cpp:110] [0m[1;36mWindPlugin: received command -> speed=[0m[1;36m2.83359[0m[1;36m dir=[0m[1;36m-105.032[0m[1;36m
[gzserver-2] [0m[1;36m[Dbg] [wind_plugin.cpp:110] [0m[1;36mWindPlugin: received command -> speed=[0m[1;36m2.83359[0m[1;36m dir=[0m[1;36m-105.032[0m[1;36m
[gzserver-2] [0m[1;36m[Dbg] [wind_plugin.cpp:110] [0m[1;36mWindPlugin: received command -> speed=[0m[1;36m2.83359[0m[1;36m dir=[0m[1;36m-105.032[0m[1;36m
[gzserver-2] [0m[1;36m[Dbg] [wind_plugin.cpp:110] [0m[1;36mWindPlugin: received command -> speed=[0m[1;36m2.83359[0m[1;36m dir=[0m[1;36m-105.032[0m[1;36m
[gzserver-2] [0m[1;36m[Dbg] [wind_plugin.cpp:110] [0m[1;36mWindPlugin: received command -> speed=[0m[1;36m2.85963[0m[1;36m dir=[0m[1;36m-105.288[0m[1;36m
[gzserver-2] [0m[1;36m[Dbg] [wind_plugin.cpp:110] [0m[1;36mWindPlugin: received command -> speed=[0m[1;36m2.85963[0m[1;36m dir=[0m[1;36m-105.288[0m[1;36m
[gzserver-2] [0m[1;36m[Dbg] [wind_plugin.cpp:110] [0m[1;36mWindPlugin: received command -> speed=[0m[1;36m2.85963[0m[1;36m dir=[0m[1;36m-105.288[0m[1;36m
[gzserver-2] [0m[1;36m[Dbg] [wind_plugin.cpp:110] [0m[1;36mWindPlugin: received command -> speed=[0m[1;36m2.85963[0m[1;36m dir=[0m[1;36m-105.288[0m[1;36m
[gzserver-2] [0m[1;36m[Dbg] [wind_plugin.cpp:110] [0m[1;36mWindPlugin: received command -> speed=[0m[1;36m2.74874[0m[1;36m dir=[0m[1;36m-104.563[0m[1;36m
[gzserver-2] [0m[1;36m[Dbg] [wind_plugin.cpp:110] [0m[1;36mWindPlugin: received command -> speed=[0m[1;36m2.74874[0m[1;36m dir=[0m[1;36m-104.563[0m[1;36m
[gzserver-2] [0m[1;36m[Dbg] [wind_plugin.cpp:110] [0m[1;36mWindPlugin: received command -> speed=[0m[1;36m2.74874[0m[1;36m dir=[0m[1;36m-104.563[0m[1;36m
[gzserver-2] [0m[1;36m[Dbg] [wind_plugin.cpp:110] [0m[1;36mWindPlugin: received command -> speed=[0m[1;36m2.74874[0m[1;36m dir=[0m[1;36m-104.563[0m[1;36m
[gzserver-2] [0m[1;36m[Dbg] [wind_plugin.cpp:110] [0m[1;36mWindPlugin: received command -> speed=[0m[1;36m2.5677[0m[1;36m dir=[0m[1;36m-104.702[0m[1;36m
[gzserver-2] [0m[1;36m[Dbg] [wind_plugin.cpp:110] [0m[1;36mWindPlugin: received command -> speed=[0m[1;36m2.5677[0m[1;36m dir=[0m[1;36m-104.702[0m[1;36m
[gzserver-2] [0m[1;36m[Dbg] [wind_plugin.cpp:110] [0m[1;36mWindPlugin: received command -> speed=[0m[1;36m2.5677[0m[1;36m dir=[0m[1;36m-104.702[0m[1;36m
[gzserver-2] [0m[1;36m[Dbg] [wind_plugin.cpp:110] [0m[1;36mWindPlugin: received command -> speed=[0m[1;36m2.5677[0m[1;36m dir=[0m[1;36m-104.702[0m[1;36m
[gzserver-2] [0m[1;36m[Dbg] [wind_plugin.cpp:110] [0m[1;36mWindPlugin: received command -> speed=[0m[1;36m2.80039[0m[1;36m dir=[0m[1;36m-105.92[0m[1;36m
[gzserver-2] [0m[1;36m[Dbg] [wind_plugin.cpp:110] [0m[1;36mWindPlugin: received command -> speed=[0m[1;36m2.80039[0m[1;36m dir=[0m[1;36m-105.92[0m[1;36m
[gzserver-2] [0m[1;36m[Dbg] [wind_plugin.cpp:110] [0m[1;36mWindPlugin: received command -> speed=[0m[1;36m2.80039[0m[1;36m dir=[0m[1;36m-105.92[0m[1;36m
[gzserver-2] [0m[1;36m[Dbg] [wind_plugin.cpp:110] [0m[1;36mWindPlugin: received command -> speed=[0m[1;36m2.80039[0m[1;36m dir=[0m[1;36m-105.92[0m[1;36m
[gzserver-2] [0m[1;36m[Dbg] [wind_plugin.cpp:110] [0m[1;36mWindPlugin: received command -> speed=[0m[1;36m2.80039[0m[1;36m dir=[0m[1;36m-105.92[0m[1;36m
[gzserver-2] [0m[1;36m[Dbg] [wind_plugin.cpp:110] [0m[1;36mWindPlugin: received command -> speed=[0m[1;36m2.82328[0m[1;36m dir=[0m[1;36m-104.491[0m[1;36m
[gzserver-2] [0m[1;36m[Dbg] [wind_plugin.cpp:110] [0m[1;36mWindPlugin: received command -> speed=[0m[1;36m2.82328[0m[1;36m dir=[0m[1;36m-104.491[0m[1;36m
[gzserver-2] [0m[1;36m[Dbg] [wind_plugin.cpp:110] [0m[1;36mWindPlugin: received command -> speed=[0m[1;36m2.82328[0m[1;36m dir=[0m[1;36m-104.491[0m[1;36m
[gzserver-2] [0m[1;36m[Dbg] [wind_plugin.cpp:110] [0m[1;36mWindPlugin: received command -> speed=[0m[1;36m2.82328[0m[1;36m dir=[0m[1;36m-104.491[0m[1;36m
[gzserver-2] [0m[1;36m[Dbg] [wind_plugin.cpp:110] [0m[1;36mWindPlugin: received command -> speed=[0m[1;36m2.59044[0m[1;36m dir=[0m[1;36m-106.12[0m[1;36m
[gzserver-2] [0m[1;36m[Dbg] [wind_plugin.cpp:110] [0m[1;36mWindPlugin: received command -> speed=[0m[1;36m2.59044[0m[1;36m dir=[0m[1;36m-106.12[0m[1;36m
[gzserver-2] [INFO] [1773185927.849522263] [gazebo_wind_plugin_node]: WindPlugin: set wind_speed=2.59 wind_direction=-106.1
[gzserver-2] [INFO] [1773185928.083604248] [gazebo_wind_plugin_node]: WindPlugin: set wind_speed=2.79 wind_direction=-104.4
[gzserver-2] [INFO] [1773185928.323021161] [gazebo_wind_plugin_node]: WindPlugin: set wind_speed=2.79 wind_direction=-104.4
[gzserver-2] [INFO] [1773185928.563174307] [gazebo_wind_plugin_node]: WindPlugin: set wind_speed=2.79 wind_direction=-104.4
[gzserver-2] [INFO] [1773185928.802710500] [gazebo_wind_plugin_node]: WindPlugin: set wind_speed=2.79 wind_direction=-104.4
[gzserver-2] [INFO] [1773185929.042831027] [gazebo_wind_plugin_node]: WindPlugin: set wind_speed=2.62 wind_direction=-106.0
[gzserver-2] [INFO] [1773185929.279379692] [gazebo_wind_plugin_node]: WindPlugin: set wind_speed=2.62 wind_direction=-106.0
[gzserver-2] [INFO] [1773185929.519378621] [gazebo_wind_plugin_node]: WindPlugin: set wind_speed=2.62 wind_direction=-106.0
[gzserver-2] [INFO] [1773185929.759248974] [gazebo_wind_plugin_node]: WindPlugin: set wind_speed=2.62 wind_direction=-106.0
[gzserver-2] [INFO] [1773185929.993071012] [gazebo_wind_plugin_node]: WindPlugin: set wind_speed=2.76 wind_direction=-105.8
[gzserver-2] [INFO] [1773185930.233420379] [gazebo_wind_plugin_node]: WindPlugin: set wind_speed=2.76 wind_direction=-105.8
[gzserver-2] [INFO] [1773185930.473241504] [gazebo_wind_plugin_node]: WindPlugin: set wind_speed=2.76 wind_direction=-105.8
[gzserver-2] [INFO] [1773185930.707260615] [gazebo_wind_plugin_node]: WindPlugin: set wind_speed=2.76 wind_direction=-105.8
[gzserver-2] [INFO] [1773185930.946481590] [gazebo_wind_plugin_node]: WindPlugin: set wind_speed=2.76 wind_direction=-105.8
[gzserver-2] [INFO] [1773185931.180805365] [gazebo_wind_plugin_node]: WindPlugin: set wind_speed=2.72 wind_direction=-104.6
[gzserver-2] [INFO] [1773185931.414711956] [gazebo_wind_plugin_node]: WindPlugin: set wind_speed=2.72 wind_direction=-104.6
[gzserver-2] [INFO] [1773185931.653986409] [gazebo_wind_plugin_node]: WindPlugin: set wind_speed=2.72 wind_direction=-104.6
[gzserver-2] [INFO] [1773185931.894069136] [gazebo_wind_plugin_node]: WindPlugin: set wind_speed=2.72 wind_direction=-104.6
[gzserver-2] [INFO] [1773185932.134635894] [gazebo_wind_plugin_node]: WindPlugin: set wind_speed=2.62 wind_direction=-105.4
[gzserver-2] [INFO] [1773185932.369171578] [gazebo_wind_plugin_node]: WindPlugin: set wind_speed=2.62 wind_direction=-105.4
[gzserver-2] [INFO] [1773185932.401939073] [drone.simple_drone]: Quadrotor lands!!
[gzserver-2] [INFO] [1773185932.603391802] [gazebo_wind_plugin_node]: WindPlugin: set wind_speed=2.62 wind_direction=-105.4
[gzserver-2] [INFO] [1773185932.838065448] [gazebo_wind_plugin_node]: WindPlugin: set wind_speed=2.62 wind_direction=-105.4
[gzserver-2] [INFO] [1773185933.077846805] [gazebo_wind_plugin_node]: WindPlugin: set wind_speed=2.71 wind_direction=-104.1
[gzserver-2] [INFO] [1773185933.306794621] [gazebo_wind_plugin_node]: WindPlugin: set wind_speed=2.71 wind_direction=-104.1
[gzserver-2] [0m[1;36m[Dbg] [wind_plugin.cpp:110] [0m[1;36mWindPlugin: received command -> speed=[0m[1;36m2.59044[0m[1;36m dir=[0m[1;36m-106.12[0m[1;36m
[gzserver-2] [0m[1;36m[Dbg] [wind_plugin.cpp:110] [0m[1;36mWindPlugin: received command -> speed=[0m[1;36m2.59044[0m[1;36m dir=[0m[1;36m-106.12[0m[1;36m
[gzserver-2] [0m[1;36m[Dbg] [wind_plugin.cpp:110] [0m[1;36mWindPlugin: received command -> speed=[0m[1;36m2.78941[0m[1;36m dir=[0m[1;36m-104.418[0m[1;36m
[gzserver-2] [0m[1;36m[Dbg] [wind_plugin.cpp:110] [0m[1;36mWindPlugin: received command -> speed=[0m[1;36m2.78941[0m[1;36m dir=[0m[1;36m-104.418[0m[1;36m
[gzserver-2] [0m[1;36m[Dbg] [wind_plugin.cpp:110] [0m[1;36mWindPlugin: received command -> speed=[0m[1;36m2.78941[0m[1;36m dir=[0m[1;36m-104.418[0m[1;36m
[gzserver-2] [0m[1;36m[Dbg] [wind_plugin.cpp:110] [0m[1;36mWindPlugin: received command -> speed=[0m[1;36m2.78941[0m[1;36m dir=[0m[1;36m-104.418[0m[1;36m
[gzserver-2] [0m[1;36m[Dbg] [wind_plugin.cpp:110] [0m[1;36mWindPlugin: received command -> speed=[0m[1;36m2.61579[0m[1;36m dir=[0m[1;36m-106.035[0m[1;36m
[gzserver-2] [0m[1;36m[Dbg] [wind_plugin.cpp:110] [0m[1;36mWindPlugin: received command -> speed=[0m[1;36m2.61579[0m[1;36m dir=[0m[1;36m-106.035[0m[1;36m
[gzserver-2] [0m[1;36m[Dbg] [wind_plugin.cpp:110] [0m[1;36mWindPlugin: received command -> speed=[0m[1;36m2.61579[0m[1;36m dir=[0m[1;36m-106.035[0m[1;36m
[gzserver-2] [0m[1;36m[Dbg] [wind_plugin.cpp:110] [0m[1;36mWindPlugin: received command -> speed=[0m[1;36m2.61579[0m[1;36m dir=[0m[1;36m-106.035[0m[1;36m
[gzserver-2] [0m[1;36m[Dbg] [wind_plugin.cpp:110] [0m[1;36mWindPlugin: received command -> speed=[0m[1;36m2.76208[0m[1;36m dir=[0m[1;36m-105.845[0m[1;36m
[gzserver-2] [0m[1;36m[Dbg] [wind_plugin.cpp:110] [0m[1;36mWindPlugin: received command -> speed=[0m[1;36m2.76208[0m[1;36m dir=[0m[1;36m-105.845[0m[1;36m
[gzserver-2] [0m[1;36m[Dbg] [wind_plugin.cpp:110] [0m[1;36mWindPlugin: received command -> speed=[0m[1;36m2.76208[0m[1;36m dir=[0m[1;36m-105.845[0m[1;36m
[gzserver-2] [0m[1;36m[Dbg] [wind_plugin.cpp:110] [0m[1;36mWindPlugin: received command -> speed=[0m[1;36m2.76208[0m[1;36m dir=[0m[1;36m-105.845[0m[1;36m
[gzserver-2] [0m[1;36m[Dbg] [wind_plugin.cpp:110] [0m[1;36mWindPlugin: received command -> speed=[0m[1;36m2.76208[0m[1;36m dir=[0m[1;36m-105.845[0m[1;36m
[gzserver-2] [0m[1;36m[Dbg] [wind_plugin.cpp:110] [0m[1;36mWindPlugin: received command -> speed=[0m[1;36m2.72244[0m[1;36m dir=[0m[1;36m-104.608[0m[1;36m
[gzserver-2] [0m[1;36m[Dbg] [wind_plugin.cpp:110] [0m[1;36mWindPlugin: received command -> speed=[0m[1;36m2.72244[0m[1;36m dir=[0m[1;36m-104.608[0m[1;36m
[gzserver-2] [0m[1;36m[Dbg] [wind_plugin.cpp:110] [0m[1;36mWindPlugin: received command -> speed=[0m[1;36m2.72244[0m[1;36m dir=[0m[1;36m-104.608[0m[1;36m
[gzserver-2] [0m[1;36m[Dbg] [wind_plugin.cpp:110] [0m[1;36mWindPlugin: received command -> speed=[0m[1;36m2.72244[0m[1;36m dir=[0m[1;36m-104.608[0m[1;36m
[gzserver-2] [0m[1;36m[Dbg] [wind_plugin.cpp:110] [0m[1;36mWindPlugin: received command -> speed=[0m[1;36m2.61625[0m[1;36m dir=[0m[1;36m-105.36[0m[1;36m
[gzserver-2] [0m[1;36m[Dbg] [wind_plugin.cpp:110] [0m[1;36mWindPlugin: received command -> speed=[0m[1;36m2.61625[0m[1;36m dir=[0m[1;36m-105.36[0m[1;36m
[gzserver-2] [0m[1;36m[Dbg] [wind_plugin.cpp:110] [0m[1;36mWindPlugin: received command -> speed=[0m[1;36m2.61625[0m[1;36m dir=[0m[1;36m-105.36[0m[1;36m
[gzserver-2] [0m[1;36m[Dbg] [wind_plugin.cpp:110] [0m[1;36mWindPlugin: received command -> speed=[0m[1;36m2.61625[0m[1;36m dir=[0m[1;36m-105.36[0m[1;36m
[gzserver-2] [0m[1;36m[Dbg] [wind_plugin.cpp:110] [0m[1;36mWindPlugin: received command -> speed=[0m[1;36m2.70747[0m[1;36m dir=[0m[1;36m-104.13[0m[1;36m
[gzserver-2] [0m[1;36m[Dbg] [wind_plugin.cpp:110] [0m[1;36mWindPlugin: received command -> speed=[0m[1;36m2.70747[0m[1;36m dir=[0m[1;36m-104.13[0m[1;36m
[gzserver-2] [0mLanded!
[gzserver-2] [INFO] [1773185933.546101748] [gazebo_wind_plugin_node]: WindPlugin: set wind_speed=2.71 wind_direction=-104.1
[gzserver-2] [INFO] [1773185933.785556000] [gazebo_wind_plugin_node]: WindPlugin: set wind_speed=2.71 wind_direction=-104.1
[gzserver-2] [INFO] [1773185934.019517853] [gazebo_wind_plugin_node]: WindPlugin: set wind_speed=2.88 wind_direction=-102.6
[gzserver-2] [INFO] [1773185934.256723588] [gazebo_wind_plugin_node]: WindPlugin: set wind_speed=2.88 wind_direction=-102.6
[gzserver-2] [INFO] [1773185934.496621551] [gazebo_wind_plugin_node]: WindPlugin: set wind_speed=2.88 wind_direction=-102.6
[gzserver-2] [INFO] [1773185934.730815820] [gazebo_wind_plugin_node]: WindPlugin: set wind_speed=2.88 wind_direction=-102.6
[gzserver-2] [INFO] [1773185934.954378080] [gazebo_wind_plugin_node]: WindPlugin: set wind_speed=2.88 wind_direction=-102.6
[gzserver-2] [INFO] [1773185935.188717749] [gazebo_wind_plugin_node]: WindPlugin: set wind_speed=2.54 wind_direction=-104.9
