[INFO] [launch]: All log files can be found below /home/j/.ros/log/2026-03-10-20-06-29-629111-j-38063
[INFO] [launch]: Default logging verbosity is set to INFO
[INFO] [launch.user]: [bringup] Apriltag config: camera=/drone/bottom, image=/drone/bottom/image_raw, tags=/drone/bottom/tags, bridge=/landing_tag_state, standalone=true, use_target_id=true, target_id=0
[INFO] [rviz2-1]: process started with pid [38064]
[INFO] [gzserver-2]: process started with pid [38066]
[INFO] [robot_state_publisher-3]: process started with pid [38068]
[INFO] [joint_state_publisher-4]: process started with pid [38070]
[INFO] [spawn_drone-5]: process started with pid [38072]
[INFO] [static_transform_publisher-6]: process started with pid [38074]
[INFO] [joy_node-7]: process started with pid [38076]
[INFO] [teleop_joystick-8]: process started with pid [38078]
[INFO] [apriltag_detector_node-9]: process started with pid [38080]
[INFO] [apriltag_state_bridge-10]: process started with pid [38082]
[static_transform_publisher-6] [WARN] [1773140790.101953429] []: Old-style arguments are deprecated; see --help for new-style arguments
[static_transform_publisher-6] [INFO] [1773140790.110361396] [static_transform_publisher_OKaGowRxcKoYHoDp]: Spinning until stopped - publishing transform
[static_transform_publisher-6] translation: ('0.000000', '0.000000', '0.000000')
[static_transform_publisher-6] rotation: ('0.000000', '0.000000', '0.000000', '1.000000')
[static_transform_publisher-6] from 'world' to '/drone/odom'
[robot_state_publisher-3] [INFO] [1773140790.126811625] [drone.robot_state_publisher]: got segment base_footprint
[robot_state_publisher-3] [INFO] [1773140790.126877318] [drone.robot_state_publisher]: got segment base_link
[robot_state_publisher-3] [INFO] [1773140790.126883688] [drone.robot_state_publisher]: got segment bottom_cam_link
[robot_state_publisher-3] [INFO] [1773140790.126886761] [drone.robot_state_publisher]: got segment front_cam_link
[robot_state_publisher-3] [INFO] [1773140790.126889444] [drone.robot_state_publisher]: got segment sonar_link
[apriltag_detector_node-9] [INFO] [1773140790.138052589] [apriltag_detector_node]: tag detector type: umich
[rviz2-1] 
[rviz2-1] (rviz2:38064): dbind-WARNING **: 20:06:30.139: Couldn't connect to accessibility bus: Failed to connect to socket /root/.cache/at-spi/bus_0: 허가 거부
[teleop_joystick-8] Traceback (most recent call last):
[teleop_joystick-8]   File "/home/j/INCSL/IICC26_ws/install/sjtu_drone_control/lib/sjtu_drone_control/teleop_joystick", line 33, in <module>
[teleop_joystick-8]     sys.exit(load_entry_point('sjtu_drone_control==0.0.0', 'console_scripts', 'teleop_joystick')())
[teleop_joystick-8]   File "/home/j/INCSL/IICC26_ws/install/sjtu_drone_control/lib/sjtu_drone_control/teleop_joystick", line 22, in importlib_load_entry_point
[teleop_joystick-8]     for entry_point in distribution(dist_name).entry_points
[teleop_joystick-8]   File "/usr/lib/python3.10/importlib/metadata/__init__.py", line 969, in distribution
[teleop_joystick-8]     return Distribution.from_name(distribution_name)
[teleop_joystick-8]   File "/usr/lib/python3.10/importlib/metadata/__init__.py", line 548, in from_name
[teleop_joystick-8]     raise PackageNotFoundError(name)
[teleop_joystick-8] importlib.metadata.PackageNotFoundError: No package metadata was found for sjtu_drone_control
[ERROR] [teleop_joystick-8]: process has died [pid 38078, exit code 1, cmd '/home/j/INCSL/IICC26_ws/install/sjtu_drone_control/lib/sjtu_drone_control/teleop_joystick --ros-args -r __ns:=/drone'].
[gzserver-2] Gazebo multi-robot simulator, version 11.10.2
[gzserver-2] Copyright (C) 2012 Open Source Robotics Foundation.
[gzserver-2] Released under the Apache 2 License.
[gzserver-2] http://gazebosim.org
[gzserver-2] 
[joint_state_publisher-4] [INFO] [1773140790.332238761] [drone.joint_state_publisher]: Waiting for robot_description to be published on the robot_description topic...
[apriltag_state_bridge-10] [INFO] [1773140790.386276905] [apriltag_state_bridge]: AprilTag bridge started: /drone/bottom/tags -> /landing_tag_state, use_target_id=True, target_id=0
[gzserver-2] [1;33m[Wrn] [gazebo_ros_init.cpp:178] [0m[1;33m
[gzserver-2] #     # ####### ####### ###  #####  #######
[gzserver-2] ##    # #     #    #     #  #     # #
[gzserver-2] # #   # #     #    #     #  #       #
[gzserver-2] #  #  # #     #    #     #  #       #####
[gzserver-2] #   # # #     #    #     #  #       #
[gzserver-2] #    ## #     #    #     #  #     # #
[gzserver-2] #     # #######    #    ###  #####  #######
[gzserver-2] 
[gzserver-2] This version of Gazebo, now called Gazebo classic, reaches end-of-life
[gzserver-2] in January 2025. Users are highly encouraged to migrate to the new Gazebo
[gzserver-2] using our migration guides (https://gazebosim.org/docs/latest/gazebo_classic_migration?utm_source=gazebo_ros_pkgs&utm_medium=cli)
[gzserver-2] 
[gzserver-2] [0m[1;33m
[rviz2-1] [INFO] [1773140790.927992817] [rviz2]: Stereo is NOT SUPPORTED
[rviz2-1] [INFO] [1773140790.928098759] [rviz2]: OpenGl version: 4.6 (GLSL 4.6)
[rviz2-1] [INFO] [1773140791.019040521] [rviz2]: Stereo is NOT SUPPORTED
[rviz2-1] [INFO] [1773140791.137837067] [rviz2]: Stereo is NOT SUPPORTED
[gzserver-2] [1;32m[Msg] [0m[1;32mWaiting for master.[0m[1;32m
[gzserver-2] [0m[1;32m[0m[1;32m[0m[1;32m[Msg] [0m[1;32mConnected to gazebo master @ [0m[1;32mhttp://127.0.0.1:11345[0m[1;32m
[gzserver-2] [0m[1;32m[0m[1;32m[0m[1;32m[Msg] [0m[1;32mPublicized address: [0m[1;32m192.168.0.11[0m[1;32m
[gzserver-2] [0m[1;32m[0m[1;32m[0m[1;32m[Msg] [0m[1;32mLoading world file [[0m[1;32m/home/j/INCSL/IICC26_ws/install/sjtu_drone_description/share/sjtu_drone_description/worlds/landingPad.world[0m[1;32m][0m[1;32m
[gzserver-2] [0m[1;32m[0m[1;32m[0m[1;36m[Dbg] [wind_plugin.cpp:96] [0m[1;36mWindPlugin loaded: speed=[0m[1;36m0[0m[1;36m dir=[0m[1;36m0[0m[1;36m deg area=[0m[1;36m0.1[0m[1;36m coeff=[0m[1;36m1[0m[1;36m
[gzserver-2] [0m[1;33m[0m[1;33m[0m[1;31m[Err] [Sensor.cc:510] [0m[1;31mGet noise index not valid[0m[1;31m
[gzserver-2] [0m[1;31m[0m[1;31m[0m[1;31m[Err] [Sensor.cc:510] [0m[1;31mGet noise index not valid[0m[1;31m
[gzserver-2] [0m[1;31m[0m[1;31m[0m[1;31m[Err] [Sensor.cc:510] [0m[1;31mGet noise index not valid[0m[1;31m
[gzserver-2] [0m[1;31m[0m[1;31m[0m[1;31m[Err] [Sensor.cc:510] [0m[1;31mGet noise index not valid[0m[1;31m
[gzserver-2] [0m[1;31m[0m[1;31m[0m[1;31m[Err] [Sensor.cc:510] [0m[1;31mGet noise index not valid[0m[1;31m
[gzserver-2] [0m[1;31m[0m[1;31m[0m[1;31m[Err] [Sensor.cc:510] [0m[1;31mGet noise index not valid[0m[1;31m
[gzserver-2] [0m[1;31m[0m[1;31m[0mTopic [default//drone/base_footprint/down_camera/image] is not valid.
[gzserver-2] [INFO] [1773140791.576000007] [drone.collision_plugin]: Publishing contact states to [/drone/bumper_states]
[gzserver-2] Topic [default//drone/base_footprint/front_camera/image] is not valid.
[gzserver-2] [1;33m[Wrn] [Event.cc:61] [0m[1;33mWarning: Deleting a connection right after creation. [0m[1;33mMake sure to save the ConnectionPtr from a Connect call
[gzserver-2] [0m[INFO] [1773140792.134465204] [drone.camera_bottom]: Publishing camera info to [/drone/bottom/camera_info]
[gzserver-2] [INFO] [1773140792.137290784] [drone.camera_front]: Publishing camera info to [/drone/front/camera_info]
[spawn_drone-5] [INFO] [1773140792.147184331] [spawn_drone]: Result True SpawnEntity: Successfully spawned entity [/drone]
[gzserver-2] [INFO] [1773140792.258807495] [drone.simple_drone]: The drone plugin is loading!
[gzserver-2] [INFO] [1773140792.259010401] [drone.simple_drone]: pub_odom: 1
[gzserver-2] [INFO] [1773140792.259044354] [drone.simple_drone]: Using following parameters: 
[gzserver-2] 		link_name: base_footprint,
[gzserver-2] 		max_force: 30,
[gzserver-2] 		motion_small_noise: 0,
[gzserver-2] 		motion_drift_noise: 0,
[gzserver-2] 		motion_drift_noise_time: 50,
[gzserver-2] 		takeoff_hover_height: 2.45,
[gzserver-2] 		takeoff_vertical_speed: 0.2
[gzserver-2] [INFO] [1773140792.271036679] [drone.simple_drone]: Using the PID parameters: 
[gzserver-2] 	Roll Pitch:
[gzserver-2] 		kP: 10, kI: 0,kD: 5, Limit: 0.5, Time Constant: 0
[gzserver-2] 	Yaw:
[gzserver-2] 		kP: 2, kI: 0,kD: 1, Limit: 1.5, Time Constant: 0
[gzserver-2] 	Velocity X:
[gzserver-2] 		kP: 5, kI: 0,kD: 2.3, Limit: 2, Time Constant: 0
[gzserver-2] 	Velocity Y:
[gzserver-2] 		kP: 5, kI: 0,kD: 2.3, Limit: 2, Time Constant: 0
[gzserver-2] 	Velocity Z:
[gzserver-2] 		kP: 5, kI: 0,kD: 1, Limit: -1, Time Constant: 0
[gzserver-2] 	Position XY:
[gzserver-2] 		kP: 1.1, kI: 0,kD: 0, Limit: 5, Time Constant: 0
[gzserver-2] 	Position Z:
[gzserver-2] 		kP: 1, kI: 0,kD: 0.2, Limit: -1, Time Constant: 0
[gzserver-2] [INFO] [1773140792.271163937] [drone.simple_drone]: The drone plugin finished loading!
[INFO] [spawn_drone-5]: process has finished cleanly [pid 38072]
[gzserver-2] [INFO] [1773140799.528801687] [gazebo_wind_plugin_node]: WindPlugin: set wind_speed=0.00 wind_direction=0.0
[gzserver-2] [INFO] [1773140799.806499567] [gazebo_wind_plugin_node]: WindPlugin: set wind_speed=0.00 wind_direction=0.0
[gzserver-2] [INFO] [1773140799.840069463] [drone.simple_drone]: Quadrotor takes off!!
[gzserver-2] [INFO] [1773140800.040697503] [gazebo_wind_plugin_node]: WindPlugin: set wind_speed=0.00 wind_direction=0.0
[gzserver-2] [INFO] [1773140800.279641988] [gazebo_wind_plugin_node]: WindPlugin: set wind_speed=0.00 wind_direction=0.0
[gzserver-2] [INFO] [1773140800.513231260] [gazebo_wind_plugin_node]: WindPlugin: set wind_speed=0.00 wind_direction=0.0
[gzserver-2] [INFO] [1773140800.752072429] [gazebo_wind_plugin_node]: WindPlugin: set wind_speed=0.00 wind_direction=0.0
[gzserver-2] [INFO] [1773140800.986351119] [gazebo_wind_plugin_node]: WindPlugin: set wind_speed=0.00 wind_direction=0.0
[gzserver-2] [INFO] [1773140801.225623070] [gazebo_wind_plugin_node]: WindPlugin: set wind_speed=0.00 wind_direction=0.0
[gzserver-2] [INFO] [1773140801.465381596] [gazebo_wind_plugin_node]: WindPlugin: set wind_speed=0.00 wind_direction=0.0
[gzserver-2] [INFO] [1773140801.704706338] [gazebo_wind_plugin_node]: WindPlugin: set wind_speed=0.00 wind_direction=0.0
[gzserver-2] [0m[1;36m[Dbg] [wind_plugin.cpp:110] [0m[1;36mWindPlugin: received command -> speed=[0m[1;36m0[0m[1;36m dir=[0m[1;36m0[0m[1;36m
[gzserver-2] [0m[1;36m[Dbg] [wind_plugin.cpp:110] [0m[1;36mWindPlugin: received command -> speed=[0m[1;36m0[0m[1;36m dir=[0m[1;36m0[0m[1;36m
[gzserver-2] [0m[1;36m[Dbg] [wind_plugin.cpp:110] [0m[1;36mWindPlugin: received command -> speed=[0m[1;36m0[0m[1;36m dir=[0m[1;36m0[0m[1;36m
[gzserver-2] [0m[1;36m[Dbg] [wind_plugin.cpp:110] [0m[1;36mWindPlugin: received command -> speed=[0m[1;36m0[0m[1;36m dir=[0m[1;36m0[0m[1;36m
[gzserver-2] [0m[1;36m[Dbg] [wind_plugin.cpp:110] [0m[1;36mWindPlugin: received command -> speed=[0m[1;36m0[0m[1;36m dir=[0m[1;36m0[0m[1;36m
[gzserver-2] [0m[1;36m[Dbg] [wind_plugin.cpp:110] [0m[1;36mWindPlugin: received command -> speed=[0m[1;36m0[0m[1;36m dir=[0m[1;36m0[0m[1;36m
[gzserver-2] [0m[1;36m[Dbg] [wind_plugin.cpp:110] [0m[1;36mWindPlugin: received command -> speed=[0m[1;36m0[0m[1;36m dir=[0m[1;36m0[0m[1;36m
[gzserver-2] [0m[1;36m[Dbg] [wind_plugin.cpp:110] [0m[1;36mWindPlugin: received command -> speed=[0m[1;36m0[0m[1;36m dir=[0m[1;36m0[0m[1;36m
[gzserver-2] [0m[1;36m[Dbg] [wind_plugin.cpp:110] [0m[1;36mWindPlugin: received command -> speed=[0m[1;36m0[0m[1;36m dir=[0m[1;36m0[0m[1;36m
[gzserver-2] [0m[1;36m[Dbg] [wind_plugin.cpp:110] [0m[1;36mWindPlugin: received command -> speed=[0m[1;36m0[0m[1;36m dir=[0m[1;36m0[0m[1;36m
[gzserver-2] [0mEntering flying model!
[gzserver-2] [INFO] [1773140801.938956018] [gazebo_wind_plugin_node]: WindPlugin: set wind_speed=0.00 wind_direction=0.0
[gzserver-2] [INFO] [1773140802.180297258] [gazebo_wind_plugin_node]: WindPlugin: set wind_speed=1.08 wind_direction=-20.9
[gzserver-2] [INFO] [1773140802.420515549] [gazebo_wind_plugin_node]: WindPlugin: set wind_speed=1.08 wind_direction=-20.9
[gzserver-2] [INFO] [1773140802.660590503] [gazebo_wind_plugin_node]: WindPlugin: set wind_speed=1.08 wind_direction=-20.9
[gzserver-2] [INFO] [1773140802.900229631] [gazebo_wind_plugin_node]: WindPlugin: set wind_speed=1.08 wind_direction=-20.9
[gzserver-2] [INFO] [1773140803.139255928] [gazebo_wind_plugin_node]: WindPlugin: set wind_speed=1.15 wind_direction=-22.1
[gzserver-2] [INFO] [1773140803.378418566] [gazebo_wind_plugin_node]: WindPlugin: set wind_speed=1.15 wind_direction=-22.1
[gzserver-2] [INFO] [1773140803.617701819] [gazebo_wind_plugin_node]: WindPlugin: set wind_speed=1.15 wind_direction=-22.1
[gzserver-2] [INFO] [1773140803.851007426] [gazebo_wind_plugin_node]: WindPlugin: set wind_speed=1.15 wind_direction=-22.1
[gzserver-2] [INFO] [1773140804.090887642] [gazebo_wind_plugin_node]: WindPlugin: set wind_speed=1.12 wind_direction=-19.5
[gzserver-2] [INFO] [1773140804.326457432] [gazebo_wind_plugin_node]: WindPlugin: set wind_speed=1.12 wind_direction=-19.5
[gzserver-2] [INFO] [1773140804.565936931] [gazebo_wind_plugin_node]: WindPlugin: set wind_speed=1.12 wind_direction=-19.5
[gzserver-2] [INFO] [1773140804.807579668] [gazebo_wind_plugin_node]: WindPlugin: set wind_speed=1.12 wind_direction=-19.5
[gzserver-2] [INFO] [1773140805.046877636] [gazebo_wind_plugin_node]: WindPlugin: set wind_speed=1.22 wind_direction=-18.4
[gzserver-2] [INFO] [1773140805.286177673] [gazebo_wind_plugin_node]: WindPlugin: set wind_speed=1.22 wind_direction=-18.4
[gzserver-2] [INFO] [1773140805.324894983] [drone.simple_drone]: Quadrotor lands!!
[gzserver-2] [INFO] [1773140805.527247987] [gazebo_wind_plugin_node]: WindPlugin: set wind_speed=1.22 wind_direction=-18.4
[gzserver-2] [INFO] [1773140805.766855845] [gazebo_wind_plugin_node]: WindPlugin: set wind_speed=1.22 wind_direction=-18.4
[gzserver-2] [INFO] [1773140806.006702090] [gazebo_wind_plugin_node]: WindPlugin: set wind_speed=1.22 wind_direction=-18.4
[gzserver-2] [INFO] [1773140806.246521445] [gazebo_wind_plugin_node]: WindPlugin: set wind_speed=1.08 wind_direction=-17.9
[gzserver-2] [1;36m[Dbg] [wind_plugin.cpp:110] [0m[1;36mWindPlugin: received command -> speed=[0m[1;36m0[0m[1;36m dir=[0m[1;36m0[0m[1;36m
[gzserver-2] [0m[1;36m[Dbg] [wind_plugin.cpp:110] [0m[1;36mWindPlugin: received command -> speed=[0m[1;36m1.07506[0m[1;36m dir=[0m[1;36m-20.9256[0m[1;36m
[gzserver-2] [0m[1;36m[Dbg] [wind_plugin.cpp:110] [0m[1;36mWindPlugin: received command -> speed=[0m[1;36m1.07506[0m[1;36m dir=[0m[1;36m-20.9256[0m[1;36m
[gzserver-2] [0m[1;36m[Dbg] [wind_plugin.cpp:110] [0m[1;36mWindPlugin: received command -> speed=[0m[1;36m1.07506[0m[1;36m dir=[0m[1;36m-20.9256[0m[1;36m
[gzserver-2] [0m[1;36m[Dbg] [wind_plugin.cpp:110] [0m[1;36mWindPlugin: received command -> speed=[0m[1;36m1.07506[0m[1;36m dir=[0m[1;36m-20.9256[0m[1;36m
[gzserver-2] [0m[1;36m[Dbg] [wind_plugin.cpp:110] [0m[1;36mWindPlugin: received command -> speed=[0m[1;36m1.14957[0m[1;36m dir=[0m[1;36m-22.1422[0m[1;36m
[gzserver-2] [0m[1;36m[Dbg] [wind_plugin.cpp:110] [0m[1;36mWindPlugin: received command -> speed=[0m[1;36m1.14957[0m[1;36m dir=[0m[1;36m-22.1422[0m[1;36m
[gzserver-2] [0m[1;36m[Dbg] [wind_plugin.cpp:110] [0m[1;36mWindPlugin: received command -> speed=[0m[1;36m1.14957[0m[1;36m dir=[0m[1;36m-22.1422[0m[1;36m
[gzserver-2] [0m[1;36m[Dbg] [wind_plugin.cpp:110] [0m[1;36mWindPlugin: received command -> speed=[0m[1;36m1.14957[0m[1;36m dir=[0m[1;36m-22.1422[0m[1;36m
[gzserver-2] [0m[1;36m[Dbg] [wind_plugin.cpp:110] [0m[1;36mWindPlugin: received command -> speed=[0m[1;36m1.1162[0m[1;36m dir=[0m[1;36m-19.5461[0m[1;36m
[gzserver-2] [0m[1;36m[Dbg] [wind_plugin.cpp:110] [0m[1;36mWindPlugin: received command -> speed=[0m[1;36m1.1162[0m[1;36m dir=[0m[1;36m-19.5461[0m[1;36m
[gzserver-2] [0m[1;36m[Dbg] [wind_plugin.cpp:110] [0m[1;36mWindPlugin: received command -> speed=[0m[1;36m1.1162[0m[1;36m dir=[0m[1;36m-19.5461[0m[1;36m
[gzserver-2] [0m[1;36m[Dbg] [wind_plugin.cpp:110] [0m[1;36mWindPlugin: received command -> speed=[0m[1;36m1.1162[0m[1;36m dir=[0m[1;36m-19.5461[0m[1;36m
[gzserver-2] [0m[1;36m[Dbg] [wind_plugin.cpp:110] [0m[1;36mWindPlugin: received command -> speed=[0m[1;36m1.22118[0m[1;36m dir=[0m[1;36m-18.388[0m[1;36m
[gzserver-2] [0m[1;36m[Dbg] [wind_plugin.cpp:110] [0m[1;36mWindPlugin: received command -> speed=[0m[1;36m1.22118[0m[1;36m dir=[0m[1;36m-18.388[0m[1;36m
[gzserver-2] [0m[1;36m[Dbg] [wind_plugin.cpp:110] [0m[1;36mWindPlugin: received command -> speed=[0m[1;36m1.22118[0m[1;36m dir=[0m[1;36m-18.388[0m[1;36m
[gzserver-2] [0m[1;36m[Dbg] [wind_plugin.cpp:110] [0m[1;36mWindPlugin: received command -> speed=[0m[1;36m1.22118[0m[1;36m dir=[0m[1;36m-18.388[0m[1;36m
[gzserver-2] [0m[1;36m[Dbg] [wind_plugin.cpp:110] [0m[1;36mWindPlugin: received command -> speed=[0m[1;36m1.22118[0m[1;36m dir=[0m[1;36m-18.388[0m[1;36m
[gzserver-2] [0m[1;36m[Dbg] [wind_plugin.cpp:110] [0m[1;36mWindPlugin: received command -> speed=[0m[1;36m1.08417[0m[1;36m dir=[0m[1;36m-17.8991[0m[1;36m
[gzserver-2] [0mLanded!
[gzserver-2] [INFO] [1773140806.480433751] [gazebo_wind_plugin_node]: WindPlugin: set wind_speed=1.08 wind_direction=-17.9
[gzserver-2] [INFO] [1773140806.714975837] [gazebo_wind_plugin_node]: WindPlugin: set wind_speed=1.08 wind_direction=-17.9
[gzserver-2] [INFO] [1773140806.954635378] [gazebo_wind_plugin_node]: WindPlugin: set wind_speed=1.08 wind_direction=-17.9
[gzserver-2] [INFO] [1773140807.189753824] [gazebo_wind_plugin_node]: WindPlugin: set wind_speed=1.13 wind_direction=-18.2
[gzserver-2] [INFO] [1773140807.428864673] [gazebo_wind_plugin_node]: WindPlugin: set wind_speed=1.13 wind_direction=-18.2
[gzserver-2] [INFO] [1773140807.662277521] [gazebo_wind_plugin_node]: WindPlugin: set wind_speed=1.13 wind_direction=-18.2
[gzserver-2] [INFO] [1773140807.901431679] [gazebo_wind_plugin_node]: WindPlugin: set wind_speed=1.13 wind_direction=-18.2
[gzserver-2] [INFO] [1773140808.140542808] [gazebo_wind_plugin_node]: WindPlugin: set wind_speed=1.35 wind_direction=-17.8
