[INFO] [launch]: All log files can be found below /home/j/.ros/log/2026-03-10-16-58-19-360604-j-3276955
[INFO] [launch]: Default logging verbosity is set to INFO
[INFO] [launch.user]: [bringup] Apriltag config: camera=/drone/bottom, image=/drone/bottom/image_raw, tags=/drone/bottom/tags, bridge=/landing_tag_state, standalone=true, use_target_id=true, target_id=0
[INFO] [rviz2-1]: process started with pid [3276956]
[INFO] [gzserver-2]: process started with pid [3276958]
[INFO] [robot_state_publisher-3]: process started with pid [3276960]
[INFO] [joint_state_publisher-4]: process started with pid [3276962]
[INFO] [spawn_drone-5]: process started with pid [3276964]
[INFO] [static_transform_publisher-6]: process started with pid [3276966]
[INFO] [joy_node-7]: process started with pid [3276968]
[INFO] [teleop_joystick-8]: process started with pid [3276970]
[INFO] [apriltag_detector_node-9]: process started with pid [3276972]
[INFO] [apriltag_state_bridge-10]: process started with pid [3276975]
[static_transform_publisher-6] [WARN] [1773129499.835811733] []: Old-style arguments are deprecated; see --help for new-style arguments
[static_transform_publisher-6] [INFO] [1773129499.841984951] [static_transform_publisher_iZkOv9N0CrDWgTr1]: Spinning until stopped - publishing transform
[static_transform_publisher-6] translation: ('0.000000', '0.000000', '0.000000')
[static_transform_publisher-6] rotation: ('0.000000', '0.000000', '0.000000', '1.000000')
[static_transform_publisher-6] from 'world' to '/drone/odom'
[robot_state_publisher-3] [INFO] [1773129499.866125914] [drone.robot_state_publisher]: got segment base_footprint
[robot_state_publisher-3] [INFO] [1773129499.866211210] [drone.robot_state_publisher]: got segment base_link
[robot_state_publisher-3] [INFO] [1773129499.866223128] [drone.robot_state_publisher]: got segment bottom_cam_link
[robot_state_publisher-3] [INFO] [1773129499.866231221] [drone.robot_state_publisher]: got segment front_cam_link
[robot_state_publisher-3] [INFO] [1773129499.866238321] [drone.robot_state_publisher]: got segment sonar_link
[rviz2-1] 
[rviz2-1] (rviz2:3276956): dbind-WARNING **: 16:58:19.869: Couldn't connect to accessibility bus: Failed to connect to socket /root/.cache/at-spi/bus_0: 허가 거부
[apriltag_detector_node-9] [INFO] [1773129499.871879653] [apriltag_detector_node]: tag detector type: umich
[teleop_joystick-8] Traceback (most recent call last):
[teleop_joystick-8]   File "/home/j/INCSL/IICC26_ws/install/sjtu_drone_control/lib/sjtu_drone_control/teleop_joystick", line 33, in <module>
[teleop_joystick-8]     sys.exit(load_entry_point('sjtu_drone_control==0.0.0', 'console_scripts', 'teleop_joystick')())
[teleop_joystick-8]   File "/home/j/INCSL/IICC26_ws/install/sjtu_drone_control/lib/sjtu_drone_control/teleop_joystick", line 22, in importlib_load_entry_point
[teleop_joystick-8]     for entry_point in distribution(dist_name).entry_points
[teleop_joystick-8]   File "/usr/lib/python3.10/importlib/metadata/__init__.py", line 969, in distribution
[teleop_joystick-8]     return Distribution.from_name(distribution_name)
[teleop_joystick-8]   File "/usr/lib/python3.10/importlib/metadata/__init__.py", line 548, in from_name
[teleop_joystick-8]     raise PackageNotFoundError(name)
[teleop_joystick-8] importlib.metadata.PackageNotFoundError: No package metadata was found for sjtu_drone_control
[ERROR] [teleop_joystick-8]: process has died [pid 3276970, exit code 1, cmd '/home/j/INCSL/IICC26_ws/install/sjtu_drone_control/lib/sjtu_drone_control/teleop_joystick --ros-args -r __ns:=/drone'].
[apriltag_state_bridge-10] [INFO] [1773129500.028244875] [apriltag_state_bridge]: AprilTag bridge started: /drone/bottom/tags -> /landing_tag_state, use_target_id=True, target_id=0
[gzserver-2] Gazebo multi-robot simulator, version 11.10.2
[gzserver-2] Copyright (C) 2012 Open Source Robotics Foundation.
[gzserver-2] Released under the Apache 2 License.
[gzserver-2] http://gazebosim.org
[gzserver-2] 
[joint_state_publisher-4] [INFO] [1773129500.126932610] [drone.joint_state_publisher]: Waiting for robot_description to be published on the robot_description topic...
[gzserver-2] [1;33m[Wrn] [gazebo_ros_init.cpp:178] [0m[1;33m
[gzserver-2] #     # ####### ####### ###  #####  #######
[gzserver-2] ##    # #     #    #     #  #     # #
[gzserver-2] # #   # #     #    #     #  #       #
[gzserver-2] #  #  # #     #    #     #  #       #####
[gzserver-2] #   # # #     #    #     #  #       #
[gzserver-2] #    ## #     #    #     #  #     # #
[gzserver-2] #     # #######    #    ###  #####  #######
[gzserver-2] 
[gzserver-2] This version of Gazebo, now called Gazebo classic, reaches end-of-life
[gzserver-2] in January 2025. Users are highly encouraged to migrate to the new Gazebo
[gzserver-2] using our migration guides (https://gazebosim.org/docs/latest/gazebo_classic_migration?utm_source=gazebo_ros_pkgs&utm_medium=cli)
[gzserver-2] 
[gzserver-2] [0m[1;33m
[rviz2-1] [INFO] [1773129500.687153753] [rviz2]: Stereo is NOT SUPPORTED
[rviz2-1] [INFO] [1773129500.687242666] [rviz2]: OpenGl version: 4.6 (GLSL 4.6)
[rviz2-1] [INFO] [1773129500.777552105] [rviz2]: Stereo is NOT SUPPORTED
[rviz2-1] [INFO] [1773129500.867888490] [rviz2]: Stereo is NOT SUPPORTED
[gzserver-2] [1;32m[Msg] [0m[1;32mWaiting for master.[0m[1;32m
[gzserver-2] [0m[1;32m[0m[1;32m[0m[1;32m[Msg] [0m[1;32mConnected to gazebo master @ [0m[1;32mhttp://127.0.0.1:11345[0m[1;32m
[gzserver-2] [0m[1;32m[0m[1;32m[0m[1;32m[Msg] [0m[1;32mPublicized address: [0m[1;32m172.16.52.147[0m[1;32m
[gzserver-2] [0m[1;32m[0m[1;32m[0m[1;32m[Msg] [0m[1;32mLoading world file [[0m[1;32m/home/j/INCSL/IICC26_ws/install/sjtu_drone_description/share/sjtu_drone_description/worlds/landingPad.world[0m[1;32m][0m[1;32m
[gzserver-2] [0m[1;32m[0m[1;32m[0m[1;36m[Dbg] [wind_plugin.cpp:96] [0m[1;36mWindPlugin loaded: speed=[0m[1;36m0[0m[1;36m dir=[0m[1;36m0[0m[1;36m deg area=[0m[1;36m0.1[0m[1;36m coeff=[0m[1;36m1[0m[1;36m
[gzserver-2] [0m[1;33m[0m[1;33m[0m[1;31m[Err] [Sensor.cc:510] [0m[1;31mGet noise index not valid[0m[1;31m
[gzserver-2] [0m[1;31m[0m[1;31m[0m[1;31m[Err] [Sensor.cc:510] [0m[1;31mGet noise index not valid[0m[1;31m
[gzserver-2] [0m[1;31m[0m[1;31m[0m[1;31m[Err] [Sensor.cc:510] [0m[1;31mGet noise index not valid[0m[1;31m
[gzserver-2] [0m[1;31m[0m[1;31m[0m[1;31m[Err] [Sensor.cc:510] [0m[1;31mGet noise index not valid[0m[1;31m
[gzserver-2] [0m[1;31m[0m[1;31m[0m[1;31m[Err] [Sensor.cc:510] [0m[1;31mGet noise index not valid[0m[1;31m
[gzserver-2] [0m[1;31m[0m[1;31m[0m[1;31m[Err] [Sensor.cc:510] [0m[1;31mGet noise index not valid[0m[1;31m
[gzserver-2] [0m[1;31m[0m[1;31m[0mTopic [default//drone/base_footprint/down_camera/image] is not valid.
[gzserver-2] [INFO] [1773129501.331306396] [drone.collision_plugin]: Publishing contact states to [/drone/bumper_states]
[gzserver-2] Topic [default//drone/base_footprint/front_camera/image] is not valid.
[gzserver-2] [1;33m[Wrn] [Event.cc:61] [0m[1;33mWarning: Deleting a connection right after creation. [0m[1;33mMake sure to save the ConnectionPtr from a Connect call
[gzserver-2] [0m[INFO] [1773129501.893878802] [drone.camera_bottom]: Publishing camera info to [/drone/bottom/camera_info]
[gzserver-2] [INFO] [1773129501.896809383] [drone.camera_front]: Publishing camera info to [/drone/front/camera_info]
[spawn_drone-5] [INFO] [1773129501.906101435] [spawn_drone]: Result True SpawnEntity: Successfully spawned entity [/drone]
[gzserver-2] [INFO] [1773129502.019519432] [drone.simple_drone]: The drone plugin is loading!
[gzserver-2] [INFO] [1773129502.019733804] [drone.simple_drone]: pub_odom: 1
[gzserver-2] [INFO] [1773129502.019768224] [drone.simple_drone]: Using following parameters: 
[gzserver-2] 		link_name: base_footprint,
[gzserver-2] 		max_force: 30,
[gzserver-2] 		motion_small_noise: 0,
[gzserver-2] 		motion_drift_noise: 0,
[gzserver-2] 		motion_drift_noise_time: 50,
[gzserver-2] 		takeoff_hover_height: 1.85,
[gzserver-2] 		takeoff_vertical_speed: 0.2
[gzserver-2] [INFO] [1773129502.031335236] [drone.simple_drone]: Using the PID parameters: 
[gzserver-2] 	Roll Pitch:
[gzserver-2] 		kP: 10, kI: 0,kD: 5, Limit: 0.5, Time Constant: 0
[gzserver-2] 	Yaw:
[gzserver-2] 		kP: 2, kI: 0,kD: 1, Limit: 1.5, Time Constant: 0
[gzserver-2] 	Velocity X:
[gzserver-2] 		kP: 5, kI: 0,kD: 2.3, Limit: 2, Time Constant: 0
[gzserver-2] 	Velocity Y:
[gzserver-2] 		kP: 5, kI: 0,kD: 2.3, Limit: 2, Time Constant: 0
[gzserver-2] 	Velocity Z:
[gzserver-2] 		kP: 5, kI: 0,kD: 1, Limit: -1, Time Constant: 0
[gzserver-2] 	Position XY:
[gzserver-2] 		kP: 1.1, kI: 0,kD: 0, Limit: 5, Time Constant: 0
[gzserver-2] 	Position Z:
[gzserver-2] 		kP: 1, kI: 0,kD: 0.2, Limit: -1, Time Constant: 0
[gzserver-2] [INFO] [1773129502.031474066] [drone.simple_drone]: The drone plugin finished loading!
[INFO] [spawn_drone-5]: process has finished cleanly [pid 3276964]
[gzserver-2] [INFO] [1773129509.197471610] [gazebo_wind_plugin_node]: WindPlugin: set wind_speed=0.00 wind_direction=0.0
[gzserver-2] [INFO] [1773129509.468498310] [gazebo_wind_plugin_node]: WindPlugin: set wind_speed=0.00 wind_direction=0.0
[gzserver-2] [INFO] [1773129509.507500144] [drone.simple_drone]: Quadrotor takes off!!
[gzserver-2] [INFO] [1773129509.708480312] [gazebo_wind_plugin_node]: WindPlugin: set wind_speed=0.00 wind_direction=0.0
[gzserver-2] [INFO] [1773129509.942430086] [gazebo_wind_plugin_node]: WindPlugin: set wind_speed=0.00 wind_direction=0.0
[gzserver-2] [INFO] [1773129510.176565832] [gazebo_wind_plugin_node]: WindPlugin: set wind_speed=0.00 wind_direction=0.0
[gzserver-2] [INFO] [1773129510.415960147] [gazebo_wind_plugin_node]: WindPlugin: set wind_speed=0.00 wind_direction=0.0
[gzserver-2] [INFO] [1773129510.656724548] [gazebo_wind_plugin_node]: WindPlugin: set wind_speed=0.00 wind_direction=0.0
[gzserver-2] [INFO] [1773129510.886772300] [gazebo_wind_plugin_node]: WindPlugin: set wind_speed=0.00 wind_direction=0.0
[gzserver-2] [0m[1;36m[Dbg] [wind_plugin.cpp:110] [0m[1;36mWindPlugin: received command -> speed=[0m[1;36m0[0m[1;36m dir=[0m[1;36m0[0m[1;36m
[gzserver-2] [0m[1;36m[Dbg] [wind_plugin.cpp:110] [0m[1;36mWindPlugin: received command -> speed=[0m[1;36m0[0m[1;36m dir=[0m[1;36m0[0m[1;36m
[gzserver-2] [0m[1;36m[Dbg] [wind_plugin.cpp:110] [0m[1;36mWindPlugin: received command -> speed=[0m[1;36m0[0m[1;36m dir=[0m[1;36m0[0m[1;36m
[gzserver-2] [0m[1;36m[Dbg] [wind_plugin.cpp:110] [0m[1;36mWindPlugin: received command -> speed=[0m[1;36m0[0m[1;36m dir=[0m[1;36m0[0m[1;36m
[gzserver-2] [0m[1;36m[Dbg] [wind_plugin.cpp:110] [0m[1;36mWindPlugin: received command -> speed=[0m[1;36m0[0m[1;36m dir=[0m[1;36m0[0m[1;36m
[gzserver-2] [0m[1;36m[Dbg] [wind_plugin.cpp:110] [0m[1;36mWindPlugin: received command -> speed=[0m[1;36m0[0m[1;36m dir=[0m[1;36m0[0m[1;36m
[gzserver-2] [0m[1;36m[Dbg] [wind_plugin.cpp:110] [0m[1;36mWindPlugin: received command -> speed=[0m[1;36m0[0m[1;36m dir=[0m[1;36m0[0m[1;36m
[gzserver-2] [0m[1;36m[Dbg] [wind_plugin.cpp:110] [0m[1;36mWindPlugin: received command -> speed=[0m[1;36m0[0m[1;36m dir=[0m[1;36m0[0m[1;36m
[gzserver-2] [0mEntering flying model!
[gzserver-2] [INFO] [1773129511.126560050] [gazebo_wind_plugin_node]: WindPlugin: set wind_speed=0.00 wind_direction=0.0
[gzserver-2] [INFO] [1773129511.366124155] [gazebo_wind_plugin_node]: WindPlugin: set wind_speed=1.49 wind_direction=152.1
[gzserver-2] [INFO] [1773129511.605714711] [gazebo_wind_plugin_node]: WindPlugin: set wind_speed=1.49 wind_direction=152.1
[gzserver-2] [INFO] [1773129511.841017669] [gazebo_wind_plugin_node]: WindPlugin: set wind_speed=1.58 wind_direction=146.2
[gzserver-2] [INFO] [1773129512.080122863] [gazebo_wind_plugin_node]: WindPlugin: set wind_speed=1.58 wind_direction=146.2
[gzserver-2] [INFO] [1773129512.319620537] [gazebo_wind_plugin_node]: WindPlugin: set wind_speed=1.58 wind_direction=146.2
[gzserver-2] [INFO] [1773129512.558998604] [gazebo_wind_plugin_node]: WindPlugin: set wind_speed=1.58 wind_direction=146.2
[gzserver-2] [INFO] [1773129512.793101467] [gazebo_wind_plugin_node]: WindPlugin: set wind_speed=1.53 wind_direction=147.9
[gzserver-2] [INFO] [1773129513.032537653] [gazebo_wind_plugin_node]: WindPlugin: set wind_speed=1.53 wind_direction=147.9
[gzserver-2] [INFO] [1773129513.272373688] [gazebo_wind_plugin_node]: WindPlugin: set wind_speed=1.53 wind_direction=147.9
[gzserver-2] [INFO] [1773129513.511597222] [gazebo_wind_plugin_node]: WindPlugin: set wind_speed=1.53 wind_direction=147.9
[gzserver-2] [INFO] [1773129513.745630581] [gazebo_wind_plugin_node]: WindPlugin: set wind_speed=1.35 wind_direction=150.0
[gzserver-2] [INFO] [1773129513.984916756] [gazebo_wind_plugin_node]: WindPlugin: set wind_speed=1.35 wind_direction=150.0
[gzserver-2] [INFO] [1773129514.224299949] [gazebo_wind_plugin_node]: WindPlugin: set wind_speed=1.35 wind_direction=150.0
[gzserver-2] [INFO] [1773129514.458447504] [gazebo_wind_plugin_node]: WindPlugin: set wind_speed=1.35 wind_direction=150.0
[gzserver-2] [INFO] [1773129514.698662657] [gazebo_wind_plugin_node]: WindPlugin: set wind_speed=1.78 wind_direction=151.7
[gzserver-2] [INFO] [1773129514.938327983] [gazebo_wind_plugin_node]: WindPlugin: set wind_speed=1.78 wind_direction=151.7
[gzserver-2] [INFO] [1773129515.177362311] [gazebo_wind_plugin_node]: WindPlugin: set wind_speed=1.78 wind_direction=151.7
[gzserver-2] [INFO] [1773129515.416510866] [gazebo_wind_plugin_node]: WindPlugin: set wind_speed=1.78 wind_direction=151.7
[gzserver-2] [INFO] [1773129515.655971267] [gazebo_wind_plugin_node]: WindPlugin: set wind_speed=1.78 wind_direction=151.7
[gzserver-2] [INFO] [1773129515.895459942] [gazebo_wind_plugin_node]: WindPlugin: set wind_speed=1.58 wind_direction=149.1
[gzserver-2] [INFO] [1773129516.135142449] [gazebo_wind_plugin_node]: WindPlugin: set wind_speed=1.58 wind_direction=149.1
[gzserver-2] [INFO] [1773129516.374669731] [gazebo_wind_plugin_node]: WindPlugin: set wind_speed=1.58 wind_direction=149.1
[gzserver-2] [INFO] [1773129516.608440105] [gazebo_wind_plugin_node]: WindPlugin: set wind_speed=1.58 wind_direction=149.1
[gzserver-2] [INFO] [1773129516.845679811] [gazebo_wind_plugin_node]: WindPlugin: set wind_speed=1.67 wind_direction=149.0
[gzserver-2] [INFO] [1773129517.080062577] [gazebo_wind_plugin_node]: WindPlugin: set wind_speed=1.67 wind_direction=149.0
[gzserver-2] [INFO] [1773129517.314168543] [gazebo_wind_plugin_node]: WindPlugin: set wind_speed=1.67 wind_direction=149.0
[gzserver-2] [INFO] [1773129517.353212291] [drone.simple_drone]: Quadrotor lands!!
[gzserver-2] [INFO] [1773129517.554485819] [gazebo_wind_plugin_node]: WindPlugin: set wind_speed=1.67 wind_direction=149.0
[gzserver-2] [1;36m[Dbg] [wind_plugin.cpp:110] [0m[1;36mWindPlugin: received command -> speed=[0m[1;36m0[0m[1;36m dir=[0m[1;36m0[0m[1;36m
[gzserver-2] [0m[1;36m[Dbg] [wind_plugin.cpp:110] [0m[1;36mWindPlugin: received command -> speed=[0m[1;36m1.48669[0m[1;36m dir=[0m[1;36m152.106[0m[1;36m
[gzserver-2] [0m[1;36m[Dbg] [wind_plugin.cpp:110] [0m[1;36mWindPlugin: received command -> speed=[0m[1;36m1.48669[0m[1;36m dir=[0m[1;36m152.106[0m[1;36m
[gzserver-2] [0m[1;36m[Dbg] [wind_plugin.cpp:110] [0m[1;36mWindPlugin: received command -> speed=[0m[1;36m1.584[0m[1;36m dir=[0m[1;36m146.226[0m[1;36m
[gzserver-2] [0m[1;36m[Dbg] [wind_plugin.cpp:110] [0m[1;36mWindPlugin: received command -> speed=[0m[1;36m1.584[0m[1;36m dir=[0m[1;36m146.226[0m[1;36m
[gzserver-2] [0m[1;36m[Dbg] [wind_plugin.cpp:110] [0m[1;36mWindPlugin: received command -> speed=[0m[1;36m1.584[0m[1;36m dir=[0m[1;36m146.226[0m[1;36m
[gzserver-2] [0m[1;36m[Dbg] [wind_plugin.cpp:110] [0m[1;36mWindPlugin: received command -> speed=[0m[1;36m1.584[0m[1;36m dir=[0m[1;36m146.226[0m[1;36m
[gzserver-2] [0m[1;36m[Dbg] [wind_plugin.cpp:110] [0m[1;36mWindPlugin: received command -> speed=[0m[1;36m1.53141[0m[1;36m dir=[0m[1;36m147.907[0m[1;36m
[gzserver-2] [0m[1;36m[Dbg] [wind_plugin.cpp:110] [0m[1;36mWindPlugin: received command -> speed=[0m[1;36m1.53141[0m[1;36m dir=[0m[1;36m147.907[0m[1;36m
[gzserver-2] [0m[1;36m[Dbg] [wind_plugin.cpp:110] [0m[1;36mWindPlugin: received command -> speed=[0m[1;36m1.53141[0m[1;36m dir=[0m[1;36m147.907[0m[1;36m
[gzserver-2] [0m[1;36m[Dbg] [wind_plugin.cpp:110] [0m[1;36mWindPlugin: received command -> speed=[0m[1;36m1.53141[0m[1;36m dir=[0m[1;36m147.907[0m[1;36m
[gzserver-2] [0m[1;36m[Dbg] [wind_plugin.cpp:110] [0m[1;36mWindPlugin: received command -> speed=[0m[1;36m1.35175[0m[1;36m dir=[0m[1;36m150.033[0m[1;36m
[gzserver-2] [0m[1;36m[Dbg] [wind_plugin.cpp:110] [0m[1;36mWindPlugin: received command -> speed=[0m[1;36m1.35175[0m[1;36m dir=[0m[1;36m150.033[0m[1;36m
[gzserver-2] [0m[1;36m[Dbg] [wind_plugin.cpp:110] [0m[1;36mWindPlugin: received command -> speed=[0m[1;36m1.35175[0m[1;36m dir=[0m[1;36m150.033[0m[1;36m
[gzserver-2] [0m[1;36m[Dbg] [wind_plugin.cpp:110] [0m[1;36mWindPlugin: received command -> speed=[0m[1;36m1.35175[0m[1;36m dir=[0m[1;36m150.033[0m[1;36m
[gzserver-2] [0m[1;36m[Dbg] [wind_plugin.cpp:110] [0m[1;36mWindPlugin: received command -> speed=[0m[1;36m1.77912[0m[1;36m dir=[0m[1;36m151.689[0m[1;36m
[gzserver-2] [0m[1;36m[Dbg] [wind_plugin.cpp:110] [0m[1;36mWindPlugin: received command -> speed=[0m[1;36m1.77912[0m[1;36m dir=[0m[1;36m151.689[0m[1;36m
[gzserver-2] [0m[1;36m[Dbg] [wind_plugin.cpp:110] [0m[1;36mWindPlugin: received command -> speed=[0m[1;36m1.77912[0m[1;36m dir=[0m[1;36m151.689[0m[1;36m
[gzserver-2] [0m[1;36m[Dbg] [wind_plugin.cpp:110] [0m[1;36mWindPlugin: received command -> speed=[0m[1;36m1.77912[0m[1;36m dir=[0m[1;36m151.689[0m[1;36m
[gzserver-2] [0m[1;36m[Dbg] [wind_plugin.cpp:110] [0m[1;36mWindPlugin: received command -> speed=[0m[1;36m1.77912[0m[1;36m dir=[0m[1;36m151.689[0m[1;36m
[gzserver-2] [0m[1;36m[Dbg] [wind_plugin.cpp:110] [0m[1;36mWindPlugin: received command -> speed=[0m[1;36m1.57591[0m[1;36m dir=[0m[1;36m149.126[0m[1;36m
[gzserver-2] [0m[1;36m[Dbg] [wind_plugin.cpp:110] [0m[1;36mWindPlugin: received command -> speed=[0m[1;36m1.57591[0m[1;36m dir=[0m[1;36m149.126[0m[1;36m
[gzserver-2] [0m[1;36m[Dbg] [wind_plugin.cpp:110] [0m[1;36mWindPlugin: received command -> speed=[0m[1;36m1.57591[0m[1;36m dir=[0m[1;36m149.126[0m[1;36m
[gzserver-2] [0m[1;36m[Dbg] [wind_plugin.cpp:110] [0m[1;36mWindPlugin: received command -> speed=[0m[1;36m1.57591[0m[1;36m dir=[0m[1;36m149.126[0m[1;36m
[gzserver-2] [0m[1;36m[Dbg] [wind_plugin.cpp:110] [0m[1;36mWindPlugin: received command -> speed=[0m[1;36m1.66603[0m[1;36m dir=[0m[1;36m148.967[0m[1;36m
[gzserver-2] [0m[1;36m[Dbg] [wind_plugin.cpp:110] [0m[1;36mWindPlugin: received command -> speed=[0m[1;36m1.66603[0m[1;36m dir=[0m[1;36m148.967[0m[1;36m
[gzserver-2] [0m[1;36m[Dbg] [wind_plugin.cpp:110] [0m[1;36mWindPlugin: received command -> speed=[0m[1;36m1.66603[0m[1;36m dir=[0m[1;36m148.967[0m[1;36m
[gzserver-2] [INFO] [1773129517.791812866] [gazebo_wind_plugin_node]: WindPlugin: set wind_speed=1.45 wind_direction=150.9
[gzserver-2] [INFO] [1773129518.015241816] [gazebo_wind_plugin_node]: WindPlugin: set wind_speed=1.45 wind_direction=150.9
[gzserver-2] [INFO] [1773129518.254693471] [gazebo_wind_plugin_node]: WindPlugin: set wind_speed=1.45 wind_direction=150.9
[gzserver-2] [0m[1;36m[Dbg] [wind_plugin.cpp:110] [0m[1;36mWindPlugin: received command -> speed=[0m[1;36m1.66603[0m[1;36m dir=[0m[1;36m148.967[0m[1;36m
[gzserver-2] [0m[1;36m[Dbg] [wind_plugin.cpp:110] [0m[1;36mWindPlugin: received command -> speed=[0m[1;36m1.45477[0m[1;36m dir=[0m[1;36m150.926[0m[1;36m
[gzserver-2] [0m[1;36m[Dbg] [wind_plugin.cpp:110] [0m[1;36mWindPlugin: received command -> speed=[0m[1;36m1.45477[0m[1;36m dir=[0m[1;36m150.926[0m[1;36m
[gzserver-2] [0m[1;36m[Dbg] [wind_plugin.cpp:110] [0m[1;36mWindPlugin: received command -> speed=[0m[1;36m1.45477[0m[1;36m dir=[0m[1;36m150.926[0m[1;36m
[gzserver-2] [0mLanded!
[gzserver-2] [INFO] [1773129518.484007652] [gazebo_wind_plugin_node]: WindPlugin: set wind_speed=1.45 wind_direction=150.9
[gzserver-2] [INFO] [1773129518.718998575] [gazebo_wind_plugin_node]: WindPlugin: set wind_speed=1.46 wind_direction=148.7
[gzserver-2] [INFO] [1773129518.948780759] [gazebo_wind_plugin_node]: WindPlugin: set wind_speed=1.46 wind_direction=148.7
[gzserver-2] [INFO] [1773129519.188732129] [gazebo_wind_plugin_node]: WindPlugin: set wind_speed=1.46 wind_direction=148.7
[gzserver-2] [INFO] [1773129519.421777453] [gazebo_wind_plugin_node]: WindPlugin: set wind_speed=1.46 wind_direction=148.7
[gzserver-2] [INFO] [1773129519.656067128] [gazebo_wind_plugin_node]: WindPlugin: set wind_speed=1.46 wind_direction=148.7
[gzserver-2] [INFO] [1773129519.892628832] [gazebo_wind_plugin_node]: WindPlugin: set wind_speed=1.56 wind_direction=150.3
[gzserver-2] [INFO] [1773129520.126515845] [gazebo_wind_plugin_node]: WindPlugin: set wind_speed=1.56 wind_direction=150.3
