[INFO] [launch]: All log files can be found below /home/j/.ros/log/2026-03-10-12-24-57-983148-j-1150711
[INFO] [launch]: Default logging verbosity is set to INFO
[INFO] [launch.user]: [bringup] Apriltag config: camera=/drone/bottom, image=/drone/bottom/image_raw, tags=/drone/bottom/tags, bridge=/landing_tag_state, standalone=true, use_target_id=true, target_id=0
[INFO] [rviz2-1]: process started with pid [1150714]
[INFO] [gzserver-2]: process started with pid [1150716]
[INFO] [robot_state_publisher-3]: process started with pid [1150718]
[INFO] [joint_state_publisher-4]: process started with pid [1150720]
[INFO] [spawn_drone-5]: process started with pid [1150722]
[INFO] [static_transform_publisher-6]: process started with pid [1150724]
[INFO] [joy_node-7]: process started with pid [1150726]
[INFO] [teleop_joystick-8]: process started with pid [1150728]
[INFO] [apriltag_detector_node-9]: process started with pid [1150730]
[INFO] [apriltag_state_bridge-10]: process started with pid [1150733]
[static_transform_publisher-6] [WARN] [1773113098.455818920] []: Old-style arguments are deprecated; see --help for new-style arguments
[static_transform_publisher-6] [INFO] [1773113098.461601763] [static_transform_publisher_hb8zK9Yb0SaztSI0]: Spinning until stopped - publishing transform
[static_transform_publisher-6] translation: ('0.000000', '0.000000', '0.000000')
[static_transform_publisher-6] rotation: ('0.000000', '0.000000', '0.000000', '1.000000')
[static_transform_publisher-6] from 'world' to '/drone/odom'
[robot_state_publisher-3] [INFO] [1773113098.477923753] [drone.robot_state_publisher]: got segment base_footprint
[robot_state_publisher-3] [INFO] [1773113098.477989779] [drone.robot_state_publisher]: got segment base_link
[robot_state_publisher-3] [INFO] [1773113098.477995390] [drone.robot_state_publisher]: got segment bottom_cam_link
[robot_state_publisher-3] [INFO] [1773113098.477998536] [drone.robot_state_publisher]: got segment front_cam_link
[robot_state_publisher-3] [INFO] [1773113098.478001339] [drone.robot_state_publisher]: got segment sonar_link
[rviz2-1] 
[rviz2-1] (rviz2:1150714): dbind-WARNING **: 12:24:58.481: Couldn't connect to accessibility bus: Failed to connect to socket /root/.cache/at-spi/bus_0: 허가 거부
[apriltag_detector_node-9] [INFO] [1773113098.490735112] [apriltag_detector_node]: tag detector type: umich
[teleop_joystick-8] Traceback (most recent call last):
[teleop_joystick-8]   File "/home/j/INCSL/IICC26_ws/install/sjtu_drone_control/lib/sjtu_drone_control/teleop_joystick", line 33, in <module>
[teleop_joystick-8]     sys.exit(load_entry_point('sjtu_drone_control==0.0.0', 'console_scripts', 'teleop_joystick')())
[teleop_joystick-8]   File "/home/j/INCSL/IICC26_ws/install/sjtu_drone_control/lib/sjtu_drone_control/teleop_joystick", line 22, in importlib_load_entry_point
[teleop_joystick-8]     for entry_point in distribution(dist_name).entry_points
[teleop_joystick-8]   File "/usr/lib/python3.10/importlib/metadata/__init__.py", line 969, in distribution
[teleop_joystick-8]     return Distribution.from_name(distribution_name)
[teleop_joystick-8]   File "/usr/lib/python3.10/importlib/metadata/__init__.py", line 548, in from_name
[teleop_joystick-8]     raise PackageNotFoundError(name)
[teleop_joystick-8] importlib.metadata.PackageNotFoundError: No package metadata was found for sjtu_drone_control
[ERROR] [teleop_joystick-8]: process has died [pid 1150728, exit code 1, cmd '/home/j/INCSL/IICC26_ws/install/sjtu_drone_control/lib/sjtu_drone_control/teleop_joystick --ros-args -r __ns:=/drone'].
[gzserver-2] Gazebo multi-robot simulator, version 11.10.2
[gzserver-2] Copyright (C) 2012 Open Source Robotics Foundation.
[gzserver-2] Released under the Apache 2 License.
[gzserver-2] http://gazebosim.org
[gzserver-2] 
[apriltag_state_bridge-10] [INFO] [1773113098.729546625] [apriltag_state_bridge]: AprilTag bridge started: /drone/bottom/tags -> /landing_tag_state, use_target_id=True, target_id=0
[joint_state_publisher-4] [INFO] [1773113098.748321329] [drone.joint_state_publisher]: Waiting for robot_description to be published on the robot_description topic...
[gzserver-2] [1;33m[Wrn] [gazebo_ros_init.cpp:178] [0m[1;33m
[gzserver-2] #     # ####### ####### ###  #####  #######
[gzserver-2] ##    # #     #    #     #  #     # #
[gzserver-2] # #   # #     #    #     #  #       #
[gzserver-2] #  #  # #     #    #     #  #       #####
[gzserver-2] #   # # #     #    #     #  #       #
[gzserver-2] #    ## #     #    #     #  #     # #
[gzserver-2] #     # #######    #    ###  #####  #######
[gzserver-2] 
[gzserver-2] This version of Gazebo, now called Gazebo classic, reaches end-of-life
[gzserver-2] in January 2025. Users are highly encouraged to migrate to the new Gazebo
[gzserver-2] using our migration guides (https://gazebosim.org/docs/latest/gazebo_classic_migration?utm_source=gazebo_ros_pkgs&utm_medium=cli)
[gzserver-2] 
[gzserver-2] [0m[1;33m
[rviz2-1] [INFO] [1773113099.097345973] [rviz2]: Stereo is NOT SUPPORTED
[rviz2-1] [INFO] [1773113099.097436178] [rviz2]: OpenGl version: 4.6 (GLSL 4.6)
[rviz2-1] [INFO] [1773113099.274993244] [rviz2]: Stereo is NOT SUPPORTED
[rviz2-1] [INFO] [1773113099.369048628] [rviz2]: Stereo is NOT SUPPORTED
[spawn_drone-5] [INFO] [1773113099.852798230] [spawn_drone]: Result False Entity pushed to spawn queue, but spawn service timed outwaiting for entity to appear in simulation under the name [/drone]
[gzserver-2] [1;32m[Msg] [0m[1;32mWaiting for master.[0m[1;32m
[gzserver-2] [0m[1;32m[0m[1;32m[0m[1;32m[Msg] [0m[1;32mConnected to gazebo master @ [0m[1;32mhttp://127.0.0.1:11345[0m[1;32m
[gzserver-2] [0m[1;32m[0m[1;32m[0m[1;32m[Msg] [0m[1;32mPublicized address: [0m[1;32m172.16.52.147[0m[1;32m
[gzserver-2] [0m[1;32m[0m[1;32m[0m[1;32m[Msg] [0m[1;32mLoading world file [[0m[1;32m/home/j/INCSL/IICC26_ws/install/sjtu_drone_description/share/sjtu_drone_description/worlds/landingPad.world[0m[1;32m][0m[1;32m
[gzserver-2] [0m[1;32m[0m[1;32m[0m[1;36m[Dbg] [wind_plugin.cpp:96] [0m[1;36mWindPlugin loaded: speed=[0m[1;36m0[0m[1;36m dir=[0m[1;36m0[0m[1;36m deg area=[0m[1;36m0.1[0m[1;36m coeff=[0m[1;36m1[0m[1;36m
[gzserver-2] [0m[1;33m[0m[1;33m[0m[1;31m[Err] [Sensor.cc:510] [0m[1;31mGet noise index not valid[0m[1;31m
[gzserver-2] [0m[1;31m[0m[1;31m[0m[1;31m[Err] [Sensor.cc:510] [0m[1;31mGet noise index not valid[0m[1;31m
[gzserver-2] [0m[1;31m[0m[1;31m[0m[1;31m[Err] [Sensor.cc:510] [0m[1;31mGet noise index not valid[0m[1;31m
[gzserver-2] [0m[1;31m[0m[1;31m[0m[1;31m[Err] [Sensor.cc:510] [0m[1;31mGet noise index not valid[0m[1;31m
[gzserver-2] [0m[1;31m[0m[1;31m[0m[1;31m[Err] [Sensor.cc:510] [0m[1;31mGet noise index not valid[0m[1;31m
[gzserver-2] [0m[1;31m[0m[1;31m[0m[1;31m[Err] [Sensor.cc:510] [0m[1;31mGet noise index not valid[0m[1;31m
[gzserver-2] [0m[1;31m[0m[1;31m[0mTopic [default//drone/base_footprint/down_camera/image] is not valid.
[gzserver-2] [INFO] [1773113099.885419209] [drone.collision_plugin]: Publishing contact states to [/drone/bumper_states]
[gzserver-2] Topic [default//drone/base_footprint/front_camera/image] is not valid.
[gzserver-2] [1;33m[Wrn] [Event.cc:61] [0m[1;33mWarning: Deleting a connection right after creation. [0m[1;33mMake sure to save the ConnectionPtr from a Connect call
[INFO] [spawn_drone-5]: process has finished cleanly [pid 1150722]
[gzserver-2] [0m[INFO] [1773113100.474826484] [drone.camera_bottom]: Publishing camera info to [/drone/bottom/camera_info]
[gzserver-2] [INFO] [1773113100.477686582] [drone.camera_front]: Publishing camera info to [/drone/front/camera_info]
[gzserver-2] [INFO] [1773113100.600525087] [drone.simple_drone]: The drone plugin is loading!
[gzserver-2] [INFO] [1773113100.600740969] [drone.simple_drone]: pub_odom: 1
[gzserver-2] [INFO] [1773113100.600775226] [drone.simple_drone]: Using following parameters: 
[gzserver-2] 		link_name: base_footprint,
[gzserver-2] 		max_force: 30,
[gzserver-2] 		motion_small_noise: 0,
[gzserver-2] 		motion_drift_noise: 0,
[gzserver-2] 		motion_drift_noise_time: 50,
[gzserver-2] 		takeoff_hover_height: 1.74,
[gzserver-2] 		takeoff_vertical_speed: 0.2
[gzserver-2] [INFO] [1773113100.612606602] [drone.simple_drone]: Using the PID parameters: 
[gzserver-2] 	Roll Pitch:
[gzserver-2] 		kP: 10, kI: 0,kD: 5, Limit: 0.5, Time Constant: 0
[gzserver-2] 	Yaw:
[gzserver-2] 		kP: 2, kI: 0,kD: 1, Limit: 1.5, Time Constant: 0
[gzserver-2] 	Velocity X:
[gzserver-2] 		kP: 5, kI: 0,kD: 2.3, Limit: 2, Time Constant: 0
[gzserver-2] 	Velocity Y:
[gzserver-2] 		kP: 5, kI: 0,kD: 2.3, Limit: 2, Time Constant: 0
[gzserver-2] 	Velocity Z:
[gzserver-2] 		kP: 5, kI: 0,kD: 1, Limit: -1, Time Constant: 0
[gzserver-2] 	Position XY:
[gzserver-2] 		kP: 1.1, kI: 0,kD: 0, Limit: 5, Time Constant: 0
[gzserver-2] 	Position Z:
[gzserver-2] 		kP: 1, kI: 0,kD: 0.2, Limit: -1, Time Constant: 0
[gzserver-2] [INFO] [1773113100.612737308] [drone.simple_drone]: The drone plugin finished loading!
[gzserver-2] [INFO] [1773113107.809992175] [gazebo_wind_plugin_node]: WindPlugin: set wind_speed=0.00 wind_direction=0.0
[gzserver-2] [INFO] [1773113108.082806466] [gazebo_wind_plugin_node]: WindPlugin: set wind_speed=0.00 wind_direction=0.0
[gzserver-2] [INFO] [1773113108.121478916] [drone.simple_drone]: Quadrotor takes off!!
[gzserver-2] [INFO] [1773113108.322517910] [gazebo_wind_plugin_node]: WindPlugin: set wind_speed=0.00 wind_direction=0.0
[gzserver-2] [INFO] [1773113108.561506553] [gazebo_wind_plugin_node]: WindPlugin: set wind_speed=0.00 wind_direction=0.0
[gzserver-2] [INFO] [1773113108.798861542] [gazebo_wind_plugin_node]: WindPlugin: set wind_speed=0.00 wind_direction=0.0
[gzserver-2] [INFO] [1773113109.039091914] [gazebo_wind_plugin_node]: WindPlugin: set wind_speed=0.00 wind_direction=0.0
[gzserver-2] [INFO] [1773113109.278073237] [gazebo_wind_plugin_node]: WindPlugin: set wind_speed=0.00 wind_direction=0.0
[gzserver-2] [INFO] [1773113109.517362980] [gazebo_wind_plugin_node]: WindPlugin: set wind_speed=0.00 wind_direction=0.0
[gzserver-2] [0m[1;36m[Dbg] [wind_plugin.cpp:110] [0m[1;36mWindPlugin: received command -> speed=[0m[1;36m0[0m[1;36m dir=[0m[1;36m0[0m[1;36m
[gzserver-2] [0m[1;36m[Dbg] [wind_plugin.cpp:110] [0m[1;36mWindPlugin: received command -> speed=[0m[1;36m0[0m[1;36m dir=[0m[1;36m0[0m[1;36m
[gzserver-2] [0m[1;36m[Dbg] [wind_plugin.cpp:110] [0m[1;36mWindPlugin: received command -> speed=[0m[1;36m0[0m[1;36m dir=[0m[1;36m0[0m[1;36m
[gzserver-2] [0m[1;36m[Dbg] [wind_plugin.cpp:110] [0m[1;36mWindPlugin: received command -> speed=[0m[1;36m0[0m[1;36m dir=[0m[1;36m0[0m[1;36m
[gzserver-2] [0m[1;36m[Dbg] [wind_plugin.cpp:110] [0m[1;36mWindPlugin: received command -> speed=[0m[1;36m0[0m[1;36m dir=[0m[1;36m0[0m[1;36m
[gzserver-2] [0m[1;36m[Dbg] [wind_plugin.cpp:110] [0m[1;36mWindPlugin: received command -> speed=[0m[1;36m0[0m[1;36m dir=[0m[1;36m0[0m[1;36m
[gzserver-2] [0m[1;36m[Dbg] [wind_plugin.cpp:110] [0m[1;36mWindPlugin: received command -> speed=[0m[1;36m0[0m[1;36m dir=[0m[1;36m0[0m[1;36m
[gzserver-2] [0m[1;36m[Dbg] [wind_plugin.cpp:110] [0m[1;36mWindPlugin: received command -> speed=[0m[1;36m0[0m[1;36m dir=[0m[1;36m0[0m[1;36m
[gzserver-2] [0mEntering flying model!
[gzserver-2] [INFO] [1773113109.754007256] [gazebo_wind_plugin_node]: WindPlugin: set wind_speed=0.00 wind_direction=0.0
[gzserver-2] [INFO] [1773113109.993808226] [gazebo_wind_plugin_node]: WindPlugin: set wind_speed=0.73 wind_direction=85.1
[gzserver-2] [INFO] [1773113110.233076885] [gazebo_wind_plugin_node]: WindPlugin: set wind_speed=0.73 wind_direction=85.1
[gzserver-2] [INFO] [1773113110.466274274] [gazebo_wind_plugin_node]: WindPlugin: set wind_speed=0.73 wind_direction=86.3
[gzserver-2] [INFO] [1773113110.703036716] [gazebo_wind_plugin_node]: WindPlugin: set wind_speed=0.73 wind_direction=86.3
[gzserver-2] [INFO] [1773113110.934196220] [gazebo_wind_plugin_node]: WindPlugin: set wind_speed=0.73 wind_direction=86.3
[gzserver-2] [INFO] [1773113111.170526260] [gazebo_wind_plugin_node]: WindPlugin: set wind_speed=0.73 wind_direction=86.3
[gzserver-2] [INFO] [1773113111.411251254] [gazebo_wind_plugin_node]: WindPlugin: set wind_speed=0.99 wind_direction=86.2
[gzserver-2] [INFO] [1773113111.650876230] [gazebo_wind_plugin_node]: WindPlugin: set wind_speed=0.99 wind_direction=86.2
[gzserver-2] [INFO] [1773113111.890058653] [gazebo_wind_plugin_node]: WindPlugin: set wind_speed=0.99 wind_direction=86.2
[gzserver-2] [INFO] [1773113112.129926917] [gazebo_wind_plugin_node]: WindPlugin: set wind_speed=0.99 wind_direction=86.2
[gzserver-2] [INFO] [1773113112.366413478] [gazebo_wind_plugin_node]: WindPlugin: set wind_speed=0.89 wind_direction=82.6
[gzserver-2] [INFO] [1773113112.601243275] [gazebo_wind_plugin_node]: WindPlugin: set wind_speed=0.89 wind_direction=82.6
[gzserver-2] [INFO] [1773113112.840504045] [gazebo_wind_plugin_node]: WindPlugin: set wind_speed=0.89 wind_direction=82.6
[gzserver-2] [INFO] [1773113112.872397055] [drone.simple_drone]: Quadrotor lands!!
[gzserver-2] [INFO] [1773113113.074003694] [gazebo_wind_plugin_node]: WindPlugin: set wind_speed=0.89 wind_direction=82.6
[gzserver-2] [INFO] [1773113113.314650000] [gazebo_wind_plugin_node]: WindPlugin: set wind_speed=0.93 wind_direction=89.7
[gzserver-2] [INFO] [1773113113.553873717] [gazebo_wind_plugin_node]: WindPlugin: set wind_speed=0.93 wind_direction=89.7
[gzserver-2] [INFO] [1773113113.793519675] [gazebo_wind_plugin_node]: WindPlugin: set wind_speed=0.93 wind_direction=89.7
[gzserver-2] [1;36m[Dbg] [wind_plugin.cpp:110] [0m[1;36mWindPlugin: received command -> speed=[0m[1;36m0[0m[1;36m dir=[0m[1;36m0[0m[1;36m
[gzserver-2] [0m[1;36m[Dbg] [wind_plugin.cpp:110] [0m[1;36mWindPlugin: received command -> speed=[0m[1;36m0.727533[0m[1;36m dir=[0m[1;36m85.0633[0m[1;36m
[gzserver-2] [0m[1;36m[Dbg] [wind_plugin.cpp:110] [0m[1;36mWindPlugin: received command -> speed=[0m[1;36m0.727533[0m[1;36m dir=[0m[1;36m85.0633[0m[1;36m
[gzserver-2] [0m[1;36m[Dbg] [wind_plugin.cpp:110] [0m[1;36mWindPlugin: received command -> speed=[0m[1;36m0.729986[0m[1;36m dir=[0m[1;36m86.2612[0m[1;36m
[gzserver-2] [0m[1;36m[Dbg] [wind_plugin.cpp:110] [0m[1;36mWindPlugin: received command -> speed=[0m[1;36m0.729986[0m[1;36m dir=[0m[1;36m86.2612[0m[1;36m
[gzserver-2] [0m[1;36m[Dbg] [wind_plugin.cpp:110] [0m[1;36mWindPlugin: received command -> speed=[0m[1;36m0.729986[0m[1;36m dir=[0m[1;36m86.2612[0m[1;36m
[gzserver-2] [0m[1;36m[Dbg] [wind_plugin.cpp:110] [0m[1;36mWindPlugin: received command -> speed=[0m[1;36m0.729986[0m[1;36m dir=[0m[1;36m86.2612[0m[1;36m
[gzserver-2] [0m[1;36m[Dbg] [wind_plugin.cpp:110] [0m[1;36mWindPlugin: received command -> speed=[0m[1;36m0.991018[0m[1;36m dir=[0m[1;36m86.1951[0m[1;36m
[gzserver-2] [0m[1;36m[Dbg] [wind_plugin.cpp:110] [0m[1;36mWindPlugin: received command -> speed=[0m[1;36m0.991018[0m[1;36m dir=[0m[1;36m86.1951[0m[1;36m
[gzserver-2] [0m[1;36m[Dbg] [wind_plugin.cpp:110] [0m[1;36mWindPlugin: received command -> speed=[0m[1;36m0.991018[0m[1;36m dir=[0m[1;36m86.1951[0m[1;36m
[gzserver-2] [0m[1;36m[Dbg] [wind_plugin.cpp:110] [0m[1;36mWindPlugin: received command -> speed=[0m[1;36m0.991018[0m[1;36m dir=[0m[1;36m86.1951[0m[1;36m
[gzserver-2] [0m[1;36m[Dbg] [wind_plugin.cpp:110] [0m[1;36mWindPlugin: received command -> speed=[0m[1;36m0.888479[0m[1;36m dir=[0m[1;36m82.6336[0m[1;36m
[gzserver-2] [0m[1;36m[Dbg] [wind_plugin.cpp:110] [0m[1;36mWindPlugin: received command -> speed=[0m[1;36m0.888479[0m[1;36m dir=[0m[1;36m82.6336[0m[1;36m
[gzserver-2] [0m[1;36m[Dbg] [wind_plugin.cpp:110] [0m[1;36mWindPlugin: received command -> speed=[0m[1;36m0.888479[0m[1;36m dir=[0m[1;36m82.6336[0m[1;36m
[gzserver-2] [0m[1;36m[Dbg] [wind_plugin.cpp:110] [0m[1;36mWindPlugin: received command -> speed=[0m[1;36m0.888479[0m[1;36m dir=[0m[1;36m82.6336[0m[1;36m
[gzserver-2] [0m[1;36m[Dbg] [wind_plugin.cpp:110] [0m[1;36mWindPlugin: received command -> speed=[0m[1;36m0.925671[0m[1;36m dir=[0m[1;36m89.7044[0m[1;36m
[gzserver-2] [0m[1;36m[Dbg] [wind_plugin.cpp:110] [0m[1;36mWindPlugin: received command -> speed=[0m[1;36m0.925671[0m[1;36m dir=[0m[1;36m89.7044[0m[1;36m
[gzserver-2] [0m[1;36m[Dbg] [wind_plugin.cpp:110] [0m[1;36mWindPlugin: received command -> speed=[0m[1;36m0.925671[0m[1;36m dir=[0m[1;36m89.7044[0m[1;36m
[gzserver-2] [0mLanded!
[gzserver-2] [INFO] [1773113114.032569435] [gazebo_wind_plugin_node]: WindPlugin: set wind_speed=0.93 wind_direction=89.7
[gzserver-2] [INFO] [1773113114.272428542] [gazebo_wind_plugin_node]: WindPlugin: set wind_speed=0.93 wind_direction=89.7
[gzserver-2] [INFO] [1773113114.501624096] [gazebo_wind_plugin_node]: WindPlugin: set wind_speed=0.83 wind_direction=86.4
[gzserver-2] [INFO] [1773113114.731760185] [gazebo_wind_plugin_node]: WindPlugin: set wind_speed=0.83 wind_direction=86.4
[gzserver-2] [INFO] [1773113114.971047230] [gazebo_wind_plugin_node]: WindPlugin: set wind_speed=0.83 wind_direction=86.4
[gzserver-2] [INFO] [1773113115.205721128] [gazebo_wind_plugin_node]: WindPlugin: set wind_speed=0.83 wind_direction=86.4
[gzserver-2] [INFO] [1773113115.445252843] [gazebo_wind_plugin_node]: WindPlugin: set wind_speed=0.73 wind_direction=87.2
[gzserver-2] [INFO] [1773113115.684531735] [gazebo_wind_plugin_node]: WindPlugin: set wind_speed=0.73 wind_direction=87.2
