[INFO] [launch]: All log files can be found below /home/j/.ros/log/2026-03-11-05-13-00-980821-j-486072
[INFO] [launch]: Default logging verbosity is set to INFO
[INFO] [launch.user]: [bringup] Apriltag config: camera=/drone/bottom, image=/drone/bottom/image_raw, tags=/drone/bottom/tags, bridge=/landing_tag_state, standalone=true, use_target_id=true, target_id=0
[INFO] [rviz2-1]: process started with pid [486086]
[INFO] [gzserver-2]: process started with pid [486088]
[INFO] [robot_state_publisher-3]: process started with pid [486090]
[INFO] [joint_state_publisher-4]: process started with pid [486092]
[INFO] [spawn_drone-5]: process started with pid [486094]
[INFO] [static_transform_publisher-6]: process started with pid [486096]
[INFO] [joy_node-7]: process started with pid [486098]
[INFO] [teleop_joystick-8]: process started with pid [486100]
[INFO] [apriltag_detector_node-9]: process started with pid [486102]
[INFO] [apriltag_state_bridge-10]: process started with pid [486104]
[static_transform_publisher-6] [WARN] [1773173581.449308778] []: Old-style arguments are deprecated; see --help for new-style arguments
[static_transform_publisher-6] [INFO] [1773173581.455548717] [static_transform_publisher_iGcBUkEHjaSJULtP]: Spinning until stopped - publishing transform
[static_transform_publisher-6] translation: ('0.000000', '0.000000', '0.000000')
[static_transform_publisher-6] rotation: ('0.000000', '0.000000', '0.000000', '1.000000')
[static_transform_publisher-6] from 'world' to '/drone/odom'
[robot_state_publisher-3] [INFO] [1773173581.481972980] [drone.robot_state_publisher]: got segment base_footprint
[robot_state_publisher-3] [INFO] [1773173581.482067604] [drone.robot_state_publisher]: got segment base_link
[robot_state_publisher-3] [INFO] [1773173581.482080793] [drone.robot_state_publisher]: got segment bottom_cam_link
[robot_state_publisher-3] [INFO] [1773173581.482089002] [drone.robot_state_publisher]: got segment front_cam_link
[robot_state_publisher-3] [INFO] [1773173581.482096206] [drone.robot_state_publisher]: got segment sonar_link
[rviz2-1] 
[rviz2-1] (rviz2:486086): dbind-WARNING **: 05:13:01.499: Couldn't connect to accessibility bus: Failed to connect to socket /root/.cache/at-spi/bus_0: 허가 거부
[teleop_joystick-8] Traceback (most recent call last):
[teleop_joystick-8]   File "/home/j/INCSL/IICC26_ws/install/sjtu_drone_control/lib/sjtu_drone_control/teleop_joystick", line 33, in <module>
[teleop_joystick-8]     sys.exit(load_entry_point('sjtu_drone_control==0.0.0', 'console_scripts', 'teleop_joystick')())
[teleop_joystick-8]   File "/home/j/INCSL/IICC26_ws/install/sjtu_drone_control/lib/sjtu_drone_control/teleop_joystick", line 22, in importlib_load_entry_point
[teleop_joystick-8]     for entry_point in distribution(dist_name).entry_points
[teleop_joystick-8]   File "/usr/lib/python3.10/importlib/metadata/__init__.py", line 969, in distribution
[teleop_joystick-8]     return Distribution.from_name(distribution_name)
[teleop_joystick-8]   File "/usr/lib/python3.10/importlib/metadata/__init__.py", line 548, in from_name
[teleop_joystick-8]     raise PackageNotFoundError(name)
[teleop_joystick-8] importlib.metadata.PackageNotFoundError: No package metadata was found for sjtu_drone_control
[apriltag_detector_node-9] [INFO] [1773173581.503232890] [apriltag_detector_node]: tag detector type: umich
[ERROR] [teleop_joystick-8]: process has died [pid 486100, exit code 1, cmd '/home/j/INCSL/IICC26_ws/install/sjtu_drone_control/lib/sjtu_drone_control/teleop_joystick --ros-args -r __ns:=/drone'].
[gzserver-2] Gazebo multi-robot simulator, version 11.10.2
[gzserver-2] Copyright (C) 2012 Open Source Robotics Foundation.
[gzserver-2] Released under the Apache 2 License.
[gzserver-2] http://gazebosim.org
[gzserver-2] 
[apriltag_state_bridge-10] [INFO] [1773173581.681938934] [apriltag_state_bridge]: AprilTag bridge started: /drone/bottom/tags -> /landing_tag_state, use_target_id=True, target_id=0
[joint_state_publisher-4] [INFO] [1773173581.707318166] [drone.joint_state_publisher]: Waiting for robot_description to be published on the robot_description topic...
[gzserver-2] [1;33m[Wrn] [gazebo_ros_init.cpp:178] [0m[1;33m
[gzserver-2] #     # ####### ####### ###  #####  #######
[gzserver-2] ##    # #     #    #     #  #     # #
[gzserver-2] # #   # #     #    #     #  #       #
[gzserver-2] #  #  # #     #    #     #  #       #####
[gzserver-2] #   # # #     #    #     #  #       #
[gzserver-2] #    ## #     #    #     #  #     # #
[gzserver-2] #     # #######    #    ###  #####  #######
[gzserver-2] 
[gzserver-2] This version of Gazebo, now called Gazebo classic, reaches end-of-life
[gzserver-2] in January 2025. Users are highly encouraged to migrate to the new Gazebo
[gzserver-2] using our migration guides (https://gazebosim.org/docs/latest/gazebo_classic_migration?utm_source=gazebo_ros_pkgs&utm_medium=cli)
[gzserver-2] 
[gzserver-2] [0m[1;33m
[rviz2-1] [INFO] [1773173582.334741823] [rviz2]: Stereo is NOT SUPPORTED
[rviz2-1] [INFO] [1773173582.334893586] [rviz2]: OpenGl version: 4.6 (GLSL 4.6)
[rviz2-1] [INFO] [1773173582.414031334] [rviz2]: Stereo is NOT SUPPORTED
[rviz2-1] [INFO] [1773173582.508959197] [rviz2]: Stereo is NOT SUPPORTED
[gzserver-2] [1;32m[Msg] [0m[1;32mWaiting for master.[0m[1;32m
[gzserver-2] [0m[1;32m[0m[1;32m[0m[1;32m[Msg] [0m[1;32mConnected to gazebo master @ [0m[1;32mhttp://127.0.0.1:11345[0m[1;32m
[gzserver-2] [0m[1;32m[0m[1;32m[0m[1;32m[Msg] [0m[1;32mPublicized address: [0m[1;32m192.168.0.11[0m[1;32m
[gzserver-2] [0m[1;32m[0m[1;32m[0m[1;32m[Msg] [0m[1;32mLoading world file [[0m[1;32m/home/j/INCSL/IICC26_ws/install/sjtu_drone_description/share/sjtu_drone_description/worlds/landingPad.world[0m[1;32m][0m[1;32m
[gzserver-2] [0m[1;32m[0m[1;32m[0m[1;36m[Dbg] [wind_plugin.cpp:96] [0m[1;36mWindPlugin loaded: speed=[0m[1;36m0[0m[1;36m dir=[0m[1;36m0[0m[1;36m deg area=[0m[1;36m0.1[0m[1;36m coeff=[0m[1;36m1[0m[1;36m
[gzserver-2] [0m[1;33m[0m[1;33m[0m[1;31m[Err] [Sensor.cc:510] [0m[1;31mGet noise index not valid[0m[1;31m
[gzserver-2] [0m[1;31m[0m[1;31m[0m[1;31m[Err] [Sensor.cc:510] [0m[1;31mGet noise index not valid[0m[1;31m
[gzserver-2] [0m[1;31m[0m[1;31m[0m[1;31m[Err] [Sensor.cc:510] [0m[1;31mGet noise index not valid[0m[1;31m
[gzserver-2] [0m[1;31m[0m[1;31m[0m[1;31m[Err] [Sensor.cc:510] [0m[1;31mGet noise index not valid[0m[1;31m
[gzserver-2] [0m[1;31m[0m[1;31m[0m[1;31m[Err] [Sensor.cc:510] [0m[1;31mGet noise index not valid[0m[1;31m
[gzserver-2] [0m[1;31m[0m[1;31m[0m[1;31m[Err] [Sensor.cc:510] [0m[1;31mGet noise index not valid[0m[1;31m
[gzserver-2] [0m[1;31m[0m[1;31m[0mTopic [default//drone/base_footprint/down_camera/image] is not valid.
[gzserver-2] Topic [default//drone/base_footprint/front_camera/image] is not valid.
[gzserver-2] [INFO] [1773173582.939325159] [drone.collision_plugin]: Publishing contact states to [/drone/bumper_states]
[gzserver-2] [1;33m[Wrn] [Event.cc:61] [0m[1;33mWarning: Deleting a connection right after creation. [0m[1;33mMake sure to save the ConnectionPtr from a Connect call
[gzserver-2] [0m[INFO] [1773173583.493097037] [drone.camera_bottom]: Publishing camera info to [/drone/bottom/camera_info]
[gzserver-2] [INFO] [1773173583.497419024] [drone.camera_front]: Publishing camera info to [/drone/front/camera_info]
[spawn_drone-5] [INFO] [1773173583.506019039] [spawn_drone]: Result True SpawnEntity: Successfully spawned entity [/drone]
[gzserver-2] [INFO] [1773173583.619373616] [drone.simple_drone]: The drone plugin is loading!
[gzserver-2] [INFO] [1773173583.619568580] [drone.simple_drone]: pub_odom: 1
[gzserver-2] [INFO] [1773173583.619601560] [drone.simple_drone]: Using following parameters: 
[gzserver-2] 		link_name: base_footprint,
[gzserver-2] 		max_force: 30,
[gzserver-2] 		motion_small_noise: 0,
[gzserver-2] 		motion_drift_noise: 0,
[gzserver-2] 		motion_drift_noise_time: 50,
[gzserver-2] 		takeoff_hover_height: 2.12,
[gzserver-2] 		takeoff_vertical_speed: 0.2
[gzserver-2] [INFO] [1773173583.631012059] [drone.simple_drone]: Using the PID parameters: 
[gzserver-2] 	Roll Pitch:
[gzserver-2] 		kP: 10, kI: 0,kD: 5, Limit: 0.5, Time Constant: 0
[gzserver-2] 	Yaw:
[gzserver-2] 		kP: 2, kI: 0,kD: 1, Limit: 1.5, Time Constant: 0
[gzserver-2] 	Velocity X:
[gzserver-2] 		kP: 5, kI: 0,kD: 2.3, Limit: 2, Time Constant: 0
[gzserver-2] 	Velocity Y:
[gzserver-2] 		kP: 5, kI: 0,kD: 2.3, Limit: 2, Time Constant: 0
[gzserver-2] 	Velocity Z:
[gzserver-2] 		kP: 5, kI: 0,kD: 1, Limit: -1, Time Constant: 0
[gzserver-2] 	Position XY:
[gzserver-2] 		kP: 1.1, kI: 0,kD: 0, Limit: 5, Time Constant: 0
[gzserver-2] 	Position Z:
[gzserver-2] 		kP: 1, kI: 0,kD: 0.2, Limit: -1, Time Constant: 0
[gzserver-2] [INFO] [1773173583.631145244] [drone.simple_drone]: The drone plugin finished loading!
[INFO] [spawn_drone-5]: process has finished cleanly [pid 486094]
[gzserver-2] [INFO] [1773173590.811068338] [gazebo_wind_plugin_node]: WindPlugin: set wind_speed=0.00 wind_direction=0.0
[gzserver-2] [INFO] [1773173591.071200471] [gazebo_wind_plugin_node]: WindPlugin: set wind_speed=0.00 wind_direction=0.0
[gzserver-2] [INFO] [1773173591.113605751] [drone.simple_drone]: Quadrotor takes off!!
[gzserver-2] [INFO] [1773173591.317100718] [gazebo_wind_plugin_node]: WindPlugin: set wind_speed=0.00 wind_direction=0.0
[gzserver-2] [INFO] [1773173591.546004420] [gazebo_wind_plugin_node]: WindPlugin: set wind_speed=0.00 wind_direction=0.0
[gzserver-2] [INFO] [1773173591.786040977] [gazebo_wind_plugin_node]: WindPlugin: set wind_speed=0.00 wind_direction=0.0
[gzserver-2] [INFO] [1773173592.025351214] [gazebo_wind_plugin_node]: WindPlugin: set wind_speed=0.00 wind_direction=0.0
[gzserver-2] [INFO] [1773173592.266701671] [gazebo_wind_plugin_node]: WindPlugin: set wind_speed=0.00 wind_direction=0.0
[gzserver-2] [INFO] [1773173592.506034843] [gazebo_wind_plugin_node]: WindPlugin: set wind_speed=0.00 wind_direction=0.0
[gzserver-2] [INFO] [1773173592.739882810] [gazebo_wind_plugin_node]: WindPlugin: set wind_speed=0.00 wind_direction=0.0
[gzserver-2] [0m[1;36m[Dbg] [wind_plugin.cpp:110] [0m[1;36mWindPlugin: received command -> speed=[0m[1;36m0[0m[1;36m dir=[0m[1;36m0[0m[1;36m
[gzserver-2] [0m[1;36m[Dbg] [wind_plugin.cpp:110] [0m[1;36mWindPlugin: received command -> speed=[0m[1;36m0[0m[1;36m dir=[0m[1;36m0[0m[1;36m
[gzserver-2] [0m[1;36m[Dbg] [wind_plugin.cpp:110] [0m[1;36mWindPlugin: received command -> speed=[0m[1;36m0[0m[1;36m dir=[0m[1;36m0[0m[1;36m
[gzserver-2] [0m[1;36m[Dbg] [wind_plugin.cpp:110] [0m[1;36mWindPlugin: received command -> speed=[0m[1;36m0[0m[1;36m dir=[0m[1;36m0[0m[1;36m
[gzserver-2] [0m[1;36m[Dbg] [wind_plugin.cpp:110] [0m[1;36mWindPlugin: received command -> speed=[0m[1;36m0[0m[1;36m dir=[0m[1;36m0[0m[1;36m
[gzserver-2] [0m[1;36m[Dbg] [wind_plugin.cpp:110] [0m[1;36mWindPlugin: received command -> speed=[0m[1;36m0[0m[1;36m dir=[0m[1;36m0[0m[1;36m
[gzserver-2] [0m[1;36m[Dbg] [wind_plugin.cpp:110] [0m[1;36mWindPlugin: received command -> speed=[0m[1;36m0[0m[1;36m dir=[0m[1;36m0[0m[1;36m
[gzserver-2] [0m[1;36m[Dbg] [wind_plugin.cpp:110] [0m[1;36mWindPlugin: received command -> speed=[0m[1;36m0[0m[1;36m dir=[0m[1;36m0[0m[1;36m
[gzserver-2] [0m[1;36m[Dbg] [wind_plugin.cpp:110] [0m[1;36mWindPlugin: received command -> speed=[0m[1;36m0[0m[1;36m dir=[0m[1;36m0[0m[1;36m
[gzserver-2] [0mEntering flying model!
[gzserver-2] [INFO] [1773173592.979289314] [gazebo_wind_plugin_node]: WindPlugin: set wind_speed=0.00 wind_direction=0.0
[gzserver-2] [INFO] [1773173593.213725537] [gazebo_wind_plugin_node]: WindPlugin: set wind_speed=1.43 wind_direction=-85.0
[gzserver-2] [INFO] [1773173593.453698539] [gazebo_wind_plugin_node]: WindPlugin: set wind_speed=1.63 wind_direction=-85.1
[gzserver-2] [INFO] [1773173593.676861591] [gazebo_wind_plugin_node]: WindPlugin: set wind_speed=1.63 wind_direction=-85.1
[gzserver-2] [INFO] [1773173593.911097554] [gazebo_wind_plugin_node]: WindPlugin: set wind_speed=1.63 wind_direction=-85.1
[gzserver-2] [INFO] [1773173594.145161585] [gazebo_wind_plugin_node]: WindPlugin: set wind_speed=1.63 wind_direction=-85.1
[gzserver-2] [INFO] [1773173594.379659008] [gazebo_wind_plugin_node]: WindPlugin: set wind_speed=1.41 wind_direction=-84.1
[gzserver-2] [INFO] [1773173594.616126235] [gazebo_wind_plugin_node]: WindPlugin: set wind_speed=1.41 wind_direction=-84.1
[gzserver-2] [INFO] [1773173594.855535249] [gazebo_wind_plugin_node]: WindPlugin: set wind_speed=1.41 wind_direction=-84.1
[gzserver-2] [INFO] [1773173595.086423718] [gazebo_wind_plugin_node]: WindPlugin: set wind_speed=1.41 wind_direction=-84.1
[gzserver-2] [INFO] [1773173595.326085896] [gazebo_wind_plugin_node]: WindPlugin: set wind_speed=1.52 wind_direction=-85.5
[gzserver-2] [INFO] [1773173595.566283300] [gazebo_wind_plugin_node]: WindPlugin: set wind_speed=1.52 wind_direction=-85.5
[gzserver-2] [INFO] [1773173595.806336512] [gazebo_wind_plugin_node]: WindPlugin: set wind_speed=1.52 wind_direction=-85.5
[gzserver-2] [INFO] [1773173596.041018035] [gazebo_wind_plugin_node]: WindPlugin: set wind_speed=1.52 wind_direction=-85.5
[gzserver-2] [INFO] [1773173596.280573938] [gazebo_wind_plugin_node]: WindPlugin: set wind_speed=1.52 wind_direction=-85.5
[gzserver-2] [INFO] [1773173596.520239664] [gazebo_wind_plugin_node]: WindPlugin: set wind_speed=1.34 wind_direction=-85.0
[gzserver-2] [INFO] [1773173596.760171967] [gazebo_wind_plugin_node]: WindPlugin: set wind_speed=1.34 wind_direction=-85.0
[gzserver-2] [INFO] [1773173596.997829926] [gazebo_wind_plugin_node]: WindPlugin: set wind_speed=1.34 wind_direction=-85.0
[gzserver-2] [INFO] [1773173597.238259682] [gazebo_wind_plugin_node]: WindPlugin: set wind_speed=1.34 wind_direction=-85.0
[gzserver-2] [INFO] [1773173597.478232012] [gazebo_wind_plugin_node]: WindPlugin: set wind_speed=1.45 wind_direction=-83.7
[gzserver-2] [INFO] [1773173597.718849084] [gazebo_wind_plugin_node]: WindPlugin: set wind_speed=1.45 wind_direction=-83.7
[gzserver-2] [INFO] [1773173597.751625570] [drone.simple_drone]: Quadrotor lands!!
[gzserver-2] [INFO] [1773173597.953199215] [gazebo_wind_plugin_node]: WindPlugin: set wind_speed=1.45 wind_direction=-83.7
[gzserver-2] [INFO] [1773173598.192865834] [gazebo_wind_plugin_node]: WindPlugin: set wind_speed=1.45 wind_direction=-83.7
[gzserver-2] [INFO] [1773173598.417603971] [gazebo_wind_plugin_node]: WindPlugin: set wind_speed=1.41 wind_direction=-82.7
[gzserver-2] [INFO] [1773173598.658855404] [gazebo_wind_plugin_node]: WindPlugin: set wind_speed=1.41 wind_direction=-82.7
[gzserver-2] [1;36m[Dbg] [wind_plugin.cpp:110] [0m[1;36mWindPlugin: received command -> speed=[0m[1;36m0[0m[1;36m dir=[0m[1;36m0[0m[1;36m
[gzserver-2] [0m[1;36m[Dbg] [wind_plugin.cpp:110] [0m[1;36mWindPlugin: received command -> speed=[0m[1;36m1.43229[0m[1;36m dir=[0m[1;36m-84.9995[0m[1;36m
[gzserver-2] [0m[1;36m[Dbg] [wind_plugin.cpp:110] [0m[1;36mWindPlugin: received command -> speed=[0m[1;36m1.63188[0m[1;36m dir=[0m[1;36m-85.0603[0m[1;36m
[gzserver-2] [0m[1;36m[Dbg] [wind_plugin.cpp:110] [0m[1;36mWindPlugin: received command -> speed=[0m[1;36m1.63188[0m[1;36m dir=[0m[1;36m-85.0603[0m[1;36m
[gzserver-2] [0m[1;36m[Dbg] [wind_plugin.cpp:110] [0m[1;36mWindPlugin: received command -> speed=[0m[1;36m1.63188[0m[1;36m dir=[0m[1;36m-85.0603[0m[1;36m
[gzserver-2] [0m[1;36m[Dbg] [wind_plugin.cpp:110] [0m[1;36mWindPlugin: received command -> speed=[0m[1;36m1.63188[0m[1;36m dir=[0m[1;36m-85.0603[0m[1;36m
[gzserver-2] [0m[1;36m[Dbg] [wind_plugin.cpp:110] [0m[1;36mWindPlugin: received command -> speed=[0m[1;36m1.40515[0m[1;36m dir=[0m[1;36m-84.1332[0m[1;36m
[gzserver-2] [0m[1;36m[Dbg] [wind_plugin.cpp:110] [0m[1;36mWindPlugin: received command -> speed=[0m[1;36m1.40515[0m[1;36m dir=[0m[1;36m-84.1332[0m[1;36m
[gzserver-2] [0m[1;36m[Dbg] [wind_plugin.cpp:110] [0m[1;36mWindPlugin: received command -> speed=[0m[1;36m1.40515[0m[1;36m dir=[0m[1;36m-84.1332[0m[1;36m
[gzserver-2] [0m[1;36m[Dbg] [wind_plugin.cpp:110] [0m[1;36mWindPlugin: received command -> speed=[0m[1;36m1.40515[0m[1;36m dir=[0m[1;36m-84.1332[0m[1;36m
[gzserver-2] [0m[1;36m[Dbg] [wind_plugin.cpp:110] [0m[1;36mWindPlugin: received command -> speed=[0m[1;36m1.52042[0m[1;36m dir=[0m[1;36m-85.4876[0m[1;36m
[gzserver-2] [0m[1;36m[Dbg] [wind_plugin.cpp:110] [0m[1;36mWindPlugin: received command -> speed=[0m[1;36m1.52042[0m[1;36m dir=[0m[1;36m-85.4876[0m[1;36m
[gzserver-2] [0m[1;36m[Dbg] [wind_plugin.cpp:110] [0m[1;36mWindPlugin: received command -> speed=[0m[1;36m1.52042[0m[1;36m dir=[0m[1;36m-85.4876[0m[1;36m
[gzserver-2] [0m[1;36m[Dbg] [wind_plugin.cpp:110] [0m[1;36mWindPlugin: received command -> speed=[0m[1;36m1.52042[0m[1;36m dir=[0m[1;36m-85.4876[0m[1;36m
[gzserver-2] [0m[1;36m[Dbg] [wind_plugin.cpp:110] [0m[1;36mWindPlugin: received command -> speed=[0m[1;36m1.52042[0m[1;36m dir=[0m[1;36m-85.4876[0m[1;36m
[gzserver-2] [0m[1;36m[Dbg] [wind_plugin.cpp:110] [0m[1;36mWindPlugin: received command -> speed=[0m[1;36m1.34065[0m[1;36m dir=[0m[1;36m-84.9743[0m[1;36m
[gzserver-2] [0m[1;36m[Dbg] [wind_plugin.cpp:110] [0m[1;36mWindPlugin: received command -> speed=[0m[1;36m1.34065[0m[1;36m dir=[0m[1;36m-84.9743[0m[1;36m
[gzserver-2] [0m[1;36m[Dbg] [wind_plugin.cpp:110] [0m[1;36mWindPlugin: received command -> speed=[0m[1;36m1.34065[0m[1;36m dir=[0m[1;36m-84.9743[0m[1;36m
[gzserver-2] [0m[1;36m[Dbg] [wind_plugin.cpp:110] [0m[1;36mWindPlugin: received command -> speed=[0m[1;36m1.34065[0m[1;36m dir=[0m[1;36m-84.9743[0m[1;36m
[gzserver-2] [0m[1;36m[Dbg] [wind_plugin.cpp:110] [0m[1;36mWindPlugin: received command -> speed=[0m[1;36m1.44875[0m[1;36m dir=[0m[1;36m-83.7331[0m[1;36m
[gzserver-2] [0m[1;36m[Dbg] [wind_plugin.cpp:110] [0m[1;36mWindPlugin: received command -> speed=[0m[1;36m1.44875[0m[1;36m dir=[0m[1;36m-83.7331[0m[1;36m
[gzserver-2] [0m[1;36m[Dbg] [wind_plugin.cpp:110] [0m[1;36mWindPlugin: received command -> speed=[0m[1;36m1.44875[0m[1;36m dir=[0m[1;36m-83.7331[0m[1;36m
[gzserver-2] [0m[1;36m[Dbg] [wind_plugin.cpp:110] [0m[1;36mWindPlugin: received command -> speed=[0m[1;36m1.44875[0m[1;36m dir=[0m[1;36m-83.7331[0m[1;36m
[gzserver-2] [0m[1;36m[Dbg] [wind_plugin.cpp:110] [0m[1;36mWindPlugin: received command -> speed=[0m[1;36m1.40946[0m[1;36m dir=[0m[1;36m-82.7377[0m[1;36m
[gzserver-2] [0m[1;36m[Dbg] [wind_plugin.cpp:110] [0m[1;36mWindPlugin: received command -> speed=[0m[1;36m1.40946[0m[1;36m dir=[0m[1;36m-82.7377[0m[1;36m
[gzserver-2] [0mLanded!
[gzserver-2] [INFO] [1773173598.898564870] [gazebo_wind_plugin_node]: WindPlugin: set wind_speed=1.41 wind_direction=-82.7
[gzserver-2] [INFO] [1773173599.138156868] [gazebo_wind_plugin_node]: WindPlugin: set wind_speed=1.41 wind_direction=-82.7
[gzserver-2] [INFO] [1773173599.372485947] [gazebo_wind_plugin_node]: WindPlugin: set wind_speed=1.34 wind_direction=-83.4
[gzserver-2] [INFO] [1773173599.612866071] [gazebo_wind_plugin_node]: WindPlugin: set wind_speed=1.34 wind_direction=-83.4
[gzserver-2] [INFO] [1773173599.852461837] [gazebo_wind_plugin_node]: WindPlugin: set wind_speed=1.34 wind_direction=-83.4
[gzserver-2] [INFO] [1773173600.086645116] [gazebo_wind_plugin_node]: WindPlugin: set wind_speed=1.34 wind_direction=-83.4
[gzserver-2] [INFO] [1773173600.325972788] [gazebo_wind_plugin_node]: WindPlugin: set wind_speed=1.41 wind_direction=-81.7
[gzserver-2] [INFO] [1773173600.559973212] [gazebo_wind_plugin_node]: WindPlugin: set wind_speed=1.41 wind_direction=-81.7
