[INFO] [launch]: All log files can be found below /home/j/.ros/log/2026-03-10-19-32-15-483438-j-87147
[INFO] [launch]: Default logging verbosity is set to INFO
[INFO] [launch.user]: [bringup] Apriltag config: camera=/drone/bottom, image=/drone/bottom/image_raw, tags=/drone/bottom/tags, bridge=/landing_tag_state, standalone=true, use_target_id=true, target_id=0
[INFO] [rviz2-1]: process started with pid [87161]
[INFO] [gzserver-2]: process started with pid [87163]
[INFO] [robot_state_publisher-3]: process started with pid [87165]
[INFO] [joint_state_publisher-4]: process started with pid [87167]
[INFO] [spawn_drone-5]: process started with pid [87169]
[INFO] [static_transform_publisher-6]: process started with pid [87171]
[INFO] [joy_node-7]: process started with pid [87173]
[INFO] [teleop_joystick-8]: process started with pid [87175]
[INFO] [apriltag_detector_node-9]: process started with pid [87177]
[INFO] [apriltag_state_bridge-10]: process started with pid [87179]
[static_transform_publisher-6] [WARN] [1773138735.949157723] []: Old-style arguments are deprecated; see --help for new-style arguments
[static_transform_publisher-6] [INFO] [1773138735.955235978] [static_transform_publisher_FgLi2MtT0SUTARys]: Spinning until stopped - publishing transform
[static_transform_publisher-6] translation: ('0.000000', '0.000000', '0.000000')
[static_transform_publisher-6] rotation: ('0.000000', '0.000000', '0.000000', '1.000000')
[static_transform_publisher-6] from 'world' to '/drone/odom'
[rviz2-1] 
[rviz2-1] (rviz2:87161): dbind-WARNING **: 19:32:15.980: Couldn't connect to accessibility bus: Failed to connect to socket /root/.cache/at-spi/bus_0: 허가 거부
[robot_state_publisher-3] [INFO] [1773138735.981324101] [drone.robot_state_publisher]: got segment base_footprint
[robot_state_publisher-3] [INFO] [1773138735.981415245] [drone.robot_state_publisher]: got segment base_link
[robot_state_publisher-3] [INFO] [1773138735.981427138] [drone.robot_state_publisher]: got segment bottom_cam_link
[robot_state_publisher-3] [INFO] [1773138735.981434713] [drone.robot_state_publisher]: got segment front_cam_link
[robot_state_publisher-3] [INFO] [1773138735.981441251] [drone.robot_state_publisher]: got segment sonar_link
[apriltag_detector_node-9] [INFO] [1773138735.984130432] [apriltag_detector_node]: tag detector type: umich
[teleop_joystick-8] Traceback (most recent call last):
[teleop_joystick-8]   File "/home/j/INCSL/IICC26_ws/install/sjtu_drone_control/lib/sjtu_drone_control/teleop_joystick", line 33, in <module>
[teleop_joystick-8]     sys.exit(load_entry_point('sjtu_drone_control==0.0.0', 'console_scripts', 'teleop_joystick')())
[teleop_joystick-8]   File "/home/j/INCSL/IICC26_ws/install/sjtu_drone_control/lib/sjtu_drone_control/teleop_joystick", line 22, in importlib_load_entry_point
[teleop_joystick-8]     for entry_point in distribution(dist_name).entry_points
[teleop_joystick-8]   File "/usr/lib/python3.10/importlib/metadata/__init__.py", line 969, in distribution
[teleop_joystick-8]     return Distribution.from_name(distribution_name)
[teleop_joystick-8]   File "/usr/lib/python3.10/importlib/metadata/__init__.py", line 548, in from_name
[teleop_joystick-8]     raise PackageNotFoundError(name)
[teleop_joystick-8] importlib.metadata.PackageNotFoundError: No package metadata was found for sjtu_drone_control
[ERROR] [teleop_joystick-8]: process has died [pid 87175, exit code 1, cmd '/home/j/INCSL/IICC26_ws/install/sjtu_drone_control/lib/sjtu_drone_control/teleop_joystick --ros-args -r __ns:=/drone'].
[gzserver-2] Gazebo multi-robot simulator, version 11.10.2
[gzserver-2] Copyright (C) 2012 Open Source Robotics Foundation.
[gzserver-2] Released under the Apache 2 License.
[gzserver-2] http://gazebosim.org
[gzserver-2] 
[apriltag_state_bridge-10] [INFO] [1773138736.184266770] [apriltag_state_bridge]: AprilTag bridge started: /drone/bottom/tags -> /landing_tag_state, use_target_id=True, target_id=0
[joint_state_publisher-4] [INFO] [1773138736.228404706] [drone.joint_state_publisher]: Waiting for robot_description to be published on the robot_description topic...
[gzserver-2] [1;33m[Wrn] [gazebo_ros_init.cpp:178] [0m[1;33m
[gzserver-2] #     # ####### ####### ###  #####  #######
[gzserver-2] ##    # #     #    #     #  #     # #
[gzserver-2] # #   # #     #    #     #  #       #
[gzserver-2] #  #  # #     #    #     #  #       #####
[gzserver-2] #   # # #     #    #     #  #       #
[gzserver-2] #    ## #     #    #     #  #     # #
[gzserver-2] #     # #######    #    ###  #####  #######
[gzserver-2] 
[gzserver-2] This version of Gazebo, now called Gazebo classic, reaches end-of-life
[gzserver-2] in January 2025. Users are highly encouraged to migrate to the new Gazebo
[gzserver-2] using our migration guides (https://gazebosim.org/docs/latest/gazebo_classic_migration?utm_source=gazebo_ros_pkgs&utm_medium=cli)
[gzserver-2] 
[gzserver-2] [0m[1;33m
[rviz2-1] [INFO] [1773138736.357968921] [rviz2]: Stereo is NOT SUPPORTED
[rviz2-1] [INFO] [1773138736.358063187] [rviz2]: OpenGl version: 4.6 (GLSL 4.6)
[rviz2-1] [INFO] [1773138736.386218446] [rviz2]: Stereo is NOT SUPPORTED
[rviz2-1] [INFO] [1773138736.504228905] [rviz2]: Stereo is NOT SUPPORTED
[gzserver-2] [1;32m[Msg] [0m[1;32mWaiting for master.[0m[1;32m
[gzserver-2] [0m[1;32m[0m[1;32m[0m[1;32m[Msg] [0m[1;32mConnected to gazebo master @ [0m[1;32mhttp://127.0.0.1:11345[0m[1;32m
[gzserver-2] [0m[1;32m[0m[1;32m[0m[1;32m[Msg] [0m[1;32mPublicized address: [0m[1;32m172.16.52.147[0m[1;32m
[gzserver-2] [0m[1;32m[0m[1;32m[0m[1;32m[Msg] [0m[1;32mLoading world file [[0m[1;32m/home/j/INCSL/IICC26_ws/install/sjtu_drone_description/share/sjtu_drone_description/worlds/landingPad.world[0m[1;32m][0m[1;32m
[gzserver-2] [0m[1;32m[0m[1;32m[0m[1;36m[Dbg] [wind_plugin.cpp:96] [0m[1;36mWindPlugin loaded: speed=[0m[1;36m0[0m[1;36m dir=[0m[1;36m0[0m[1;36m deg area=[0m[1;36m0.1[0m[1;36m coeff=[0m[1;36m1[0m[1;36m
[gzserver-2] [0m[1;33m[0m[1;33m[0m[1;31m[Err] [Sensor.cc:510] [0m[1;31mGet noise index not valid[0m[1;31m
[gzserver-2] [0m[1;31m[0m[1;31m[0m[1;31m[Err] [Sensor.cc:510] [0m[1;31mGet noise index not valid[0m[1;31m
[gzserver-2] [0m[1;31m[0m[1;31m[0m[1;31m[Err] [Sensor.cc:510] [0m[1;31mGet noise index not valid[0m[1;31m
[gzserver-2] [0m[1;31m[0m[1;31m[0m[1;31m[Err] [Sensor.cc:510] [0m[1;31mGet noise index not valid[0m[1;31m
[gzserver-2] [0m[1;31m[0m[1;31m[0m[1;31m[Err] [Sensor.cc:510] [0m[1;31mGet noise index not valid[0m[1;31m
[gzserver-2] [0m[1;31m[0m[1;31m[0m[1;31m[Err] [Sensor.cc:510] [0m[1;31mGet noise index not valid[0m[1;31m
[gzserver-2] [0m[1;31m[0m[1;31m[0mTopic [default//drone/base_footprint/down_camera/image] is not valid.
[gzserver-2] [INFO] [1773138737.172865882] [drone.collision_plugin]: Publishing contact states to [/drone/bumper_states]
[gzserver-2] Topic [default//drone/base_footprint/front_camera/image] is not valid.
[gzserver-2] [1;33m[Wrn] [Event.cc:61] [0m[1;33mWarning: Deleting a connection right after creation. [0m[1;33mMake sure to save the ConnectionPtr from a Connect call
[gzserver-2] [0m[INFO] [1773138737.732264348] [drone.camera_bottom]: Publishing camera info to [/drone/bottom/camera_info]
[gzserver-2] [INFO] [1773138737.736807207] [drone.camera_front]: Publishing camera info to [/drone/front/camera_info]
[spawn_drone-5] [INFO] [1773138737.745623894] [spawn_drone]: Result True SpawnEntity: Successfully spawned entity [/drone]
[gzserver-2] [INFO] [1773138737.859100377] [drone.simple_drone]: The drone plugin is loading!
[gzserver-2] [INFO] [1773138737.859308682] [drone.simple_drone]: pub_odom: 1
[gzserver-2] [INFO] [1773138737.859342686] [drone.simple_drone]: Using following parameters: 
[gzserver-2] 		link_name: base_footprint,
[gzserver-2] 		max_force: 30,
[gzserver-2] 		motion_small_noise: 0,
[gzserver-2] 		motion_drift_noise: 0,
[gzserver-2] 		motion_drift_noise_time: 50,
[gzserver-2] 		takeoff_hover_height: 1.88,
[gzserver-2] 		takeoff_vertical_speed: 0.2
[gzserver-2] [INFO] [1773138737.871089915] [drone.simple_drone]: Using the PID parameters: 
[gzserver-2] 	Roll Pitch:
[gzserver-2] 		kP: 10, kI: 0,kD: 5, Limit: 0.5, Time Constant: 0
[gzserver-2] 	Yaw:
[gzserver-2] 		kP: 2, kI: 0,kD: 1, Limit: 1.5, Time Constant: 0
[gzserver-2] 	Velocity X:
[gzserver-2] 		kP: 5, kI: 0,kD: 2.3, Limit: 2, Time Constant: 0
[gzserver-2] 	Velocity Y:
[gzserver-2] 		kP: 5, kI: 0,kD: 2.3, Limit: 2, Time Constant: 0
[gzserver-2] 	Velocity Z:
[gzserver-2] 		kP: 5, kI: 0,kD: 1, Limit: -1, Time Constant: 0
[gzserver-2] 	Position XY:
[gzserver-2] 		kP: 1.1, kI: 0,kD: 0, Limit: 5, Time Constant: 0
[gzserver-2] 	Position Z:
[gzserver-2] 		kP: 1, kI: 0,kD: 0.2, Limit: -1, Time Constant: 0
[gzserver-2] [INFO] [1773138737.871222331] [drone.simple_drone]: The drone plugin finished loading!
[INFO] [spawn_drone-5]: process has finished cleanly [pid 87169]
[gzserver-2] [INFO] [1773138745.336242035] [gazebo_wind_plugin_node]: WindPlugin: set wind_speed=0.00 wind_direction=0.0
[gzserver-2] [INFO] [1773138745.609064101] [gazebo_wind_plugin_node]: WindPlugin: set wind_speed=0.00 wind_direction=0.0
[gzserver-2] [INFO] [1773138745.647832290] [drone.simple_drone]: Quadrotor takes off!!
[gzserver-2] [INFO] [1773138745.848989798] [gazebo_wind_plugin_node]: WindPlugin: set wind_speed=0.00 wind_direction=0.0
[gzserver-2] [INFO] [1773138746.088365860] [gazebo_wind_plugin_node]: WindPlugin: set wind_speed=0.00 wind_direction=0.0
[gzserver-2] [INFO] [1773138746.322850543] [gazebo_wind_plugin_node]: WindPlugin: set wind_speed=0.00 wind_direction=0.0
[gzserver-2] [INFO] [1773138746.563167468] [gazebo_wind_plugin_node]: WindPlugin: set wind_speed=0.00 wind_direction=0.0
[gzserver-2] [INFO] [1773138746.802854307] [gazebo_wind_plugin_node]: WindPlugin: set wind_speed=0.00 wind_direction=0.0
[gzserver-2] [INFO] [1773138747.042301581] [gazebo_wind_plugin_node]: WindPlugin: set wind_speed=0.00 wind_direction=0.0
[gzserver-2] [0m[1;36m[Dbg] [wind_plugin.cpp:110] [0m[1;36mWindPlugin: received command -> speed=[0m[1;36m0[0m[1;36m dir=[0m[1;36m0[0m[1;36m
[gzserver-2] [0m[1;36m[Dbg] [wind_plugin.cpp:110] [0m[1;36mWindPlugin: received command -> speed=[0m[1;36m0[0m[1;36m dir=[0m[1;36m0[0m[1;36m
[gzserver-2] [0m[1;36m[Dbg] [wind_plugin.cpp:110] [0m[1;36mWindPlugin: received command -> speed=[0m[1;36m0[0m[1;36m dir=[0m[1;36m0[0m[1;36m
[gzserver-2] [0m[1;36m[Dbg] [wind_plugin.cpp:110] [0m[1;36mWindPlugin: received command -> speed=[0m[1;36m0[0m[1;36m dir=[0m[1;36m0[0m[1;36m
[gzserver-2] [0m[1;36m[Dbg] [wind_plugin.cpp:110] [0m[1;36mWindPlugin: received command -> speed=[0m[1;36m0[0m[1;36m dir=[0m[1;36m0[0m[1;36m
[gzserver-2] [0m[1;36m[Dbg] [wind_plugin.cpp:110] [0m[1;36mWindPlugin: received command -> speed=[0m[1;36m0[0m[1;36m dir=[0m[1;36m0[0m[1;36m
[gzserver-2] [0m[1;36m[Dbg] [wind_plugin.cpp:110] [0m[1;36mWindPlugin: received command -> speed=[0m[1;36m0[0m[1;36m dir=[0m[1;36m0[0m[1;36m
[gzserver-2] [0m[1;36m[Dbg] [wind_plugin.cpp:110] [0m[1;36mWindPlugin: received command -> speed=[0m[1;36m0[0m[1;36m dir=[0m[1;36m0[0m[1;36m
[gzserver-2] [0mEntering flying model!
[gzserver-2] [INFO] [1773138747.281628336] [gazebo_wind_plugin_node]: WindPlugin: set wind_speed=0.00 wind_direction=0.0
[gzserver-2] [INFO] [1773138747.520832048] [gazebo_wind_plugin_node]: WindPlugin: set wind_speed=0.48 wind_direction=-17.5
[gzserver-2] [INFO] [1773138747.755599752] [gazebo_wind_plugin_node]: WindPlugin: set wind_speed=0.48 wind_direction=-17.5
[gzserver-2] [INFO] [1773138747.989354020] [gazebo_wind_plugin_node]: WindPlugin: set wind_speed=0.64 wind_direction=-22.2
[gzserver-2] [INFO] [1773138748.228721323] [gazebo_wind_plugin_node]: WindPlugin: set wind_speed=0.64 wind_direction=-22.2
[gzserver-2] [INFO] [1773138748.468141051] [gazebo_wind_plugin_node]: WindPlugin: set wind_speed=0.64 wind_direction=-22.2
[gzserver-2] [INFO] [1773138748.703030116] [gazebo_wind_plugin_node]: WindPlugin: set wind_speed=0.64 wind_direction=-22.2
[gzserver-2] [INFO] [1773138748.937497493] [gazebo_wind_plugin_node]: WindPlugin: set wind_speed=0.41 wind_direction=-21.1
[gzserver-2] [INFO] [1773138749.177705171] [gazebo_wind_plugin_node]: WindPlugin: set wind_speed=0.41 wind_direction=-21.1
[gzserver-2] [INFO] [1773138749.417005664] [gazebo_wind_plugin_node]: WindPlugin: set wind_speed=0.41 wind_direction=-21.1
[gzserver-2] [INFO] [1773138749.655761786] [gazebo_wind_plugin_node]: WindPlugin: set wind_speed=0.41 wind_direction=-21.1
[gzserver-2] [INFO] [1773138749.895337169] [gazebo_wind_plugin_node]: WindPlugin: set wind_speed=0.68 wind_direction=-22.2
[gzserver-2] [INFO] [1773138750.129216379] [gazebo_wind_plugin_node]: WindPlugin: set wind_speed=0.68 wind_direction=-22.2
[gzserver-2] [INFO] [1773138750.369121916] [gazebo_wind_plugin_node]: WindPlugin: set wind_speed=0.68 wind_direction=-22.2
[gzserver-2] [INFO] [1773138750.407340867] [drone.simple_drone]: Quadrotor lands!!
[gzserver-2] [INFO] [1773138750.608852693] [gazebo_wind_plugin_node]: WindPlugin: set wind_speed=0.68 wind_direction=-22.2
[gzserver-2] [INFO] [1773138750.843848702] [gazebo_wind_plugin_node]: WindPlugin: set wind_speed=0.54 wind_direction=-20.8
[gzserver-2] [INFO] [1773138751.078172187] [gazebo_wind_plugin_node]: WindPlugin: set wind_speed=0.54 wind_direction=-20.8
[gzserver-2] [INFO] [1773138751.308570954] [gazebo_wind_plugin_node]: WindPlugin: set wind_speed=0.54 wind_direction=-20.8
[gzserver-2] [1;36m[Dbg] [wind_plugin.cpp:110] [0m[1;36mWindPlugin: received command -> speed=[0m[1;36m0[0m[1;36m dir=[0m[1;36m0[0m[1;36m
[gzserver-2] [0m[1;36m[Dbg] [wind_plugin.cpp:110] [0m[1;36mWindPlugin: received command -> speed=[0m[1;36m0.477866[0m[1;36m dir=[0m[1;36m-17.4795[0m[1;36m
[gzserver-2] [0m[1;36m[Dbg] [wind_plugin.cpp:110] [0m[1;36mWindPlugin: received command -> speed=[0m[1;36m0.477866[0m[1;36m dir=[0m[1;36m-17.4795[0m[1;36m
[gzserver-2] [0m[1;36m[Dbg] [wind_plugin.cpp:110] [0m[1;36mWindPlugin: received command -> speed=[0m[1;36m0.641316[0m[1;36m dir=[0m[1;36m-22.1524[0m[1;36m
[gzserver-2] [0m[1;36m[Dbg] [wind_plugin.cpp:110] [0m[1;36mWindPlugin: received command -> speed=[0m[1;36m0.641316[0m[1;36m dir=[0m[1;36m-22.1524[0m[1;36m
[gzserver-2] [0m[1;36m[Dbg] [wind_plugin.cpp:110] [0m[1;36mWindPlugin: received command -> speed=[0m[1;36m0.641316[0m[1;36m dir=[0m[1;36m-22.1524[0m[1;36m
[gzserver-2] [0m[1;36m[Dbg] [wind_plugin.cpp:110] [0m[1;36mWindPlugin: received command -> speed=[0m[1;36m0.641316[0m[1;36m dir=[0m[1;36m-22.1524[0m[1;36m
[gzserver-2] [0m[1;36m[Dbg] [wind_plugin.cpp:110] [0m[1;36mWindPlugin: received command -> speed=[0m[1;36m0.407372[0m[1;36m dir=[0m[1;36m-21.0502[0m[1;36m
[gzserver-2] [0m[1;36m[Dbg] [wind_plugin.cpp:110] [0m[1;36mWindPlugin: received command -> speed=[0m[1;36m0.407372[0m[1;36m dir=[0m[1;36m-21.0502[0m[1;36m
[gzserver-2] [0m[1;36m[Dbg] [wind_plugin.cpp:110] [0m[1;36mWindPlugin: received command -> speed=[0m[1;36m0.407372[0m[1;36m dir=[0m[1;36m-21.0502[0m[1;36m
[gzserver-2] [0m[1;36m[Dbg] [wind_plugin.cpp:110] [0m[1;36mWindPlugin: received command -> speed=[0m[1;36m0.407372[0m[1;36m dir=[0m[1;36m-21.0502[0m[1;36m
[gzserver-2] [0m[1;36m[Dbg] [wind_plugin.cpp:110] [0m[1;36mWindPlugin: received command -> speed=[0m[1;36m0.676966[0m[1;36m dir=[0m[1;36m-22.1915[0m[1;36m
[gzserver-2] [0m[1;36m[Dbg] [wind_plugin.cpp:110] [0m[1;36mWindPlugin: received command -> speed=[0m[1;36m0.676966[0m[1;36m dir=[0m[1;36m-22.1915[0m[1;36m
[gzserver-2] [0m[1;36m[Dbg] [wind_plugin.cpp:110] [0m[1;36mWindPlugin: received command -> speed=[0m[1;36m0.676966[0m[1;36m dir=[0m[1;36m-22.1915[0m[1;36m
[gzserver-2] [0m[1;36m[Dbg] [wind_plugin.cpp:110] [0m[1;36mWindPlugin: received command -> speed=[0m[1;36m0.676966[0m[1;36m dir=[0m[1;36m-22.1915[0m[1;36m
[gzserver-2] [0m[1;36m[Dbg] [wind_plugin.cpp:110] [0m[1;36mWindPlugin: received command -> speed=[0m[1;36m0.541791[0m[1;36m dir=[0m[1;36m-20.8457[0m[1;36m
[gzserver-2] [0m[1;36m[Dbg] [wind_plugin.cpp:110] [0m[1;36mWindPlugin: received command -> speed=[0m[1;36m0.541791[0m[1;36m dir=[0m[1;36m-20.8457[0m[1;36m
[gzserver-2] [0m[1;36m[Dbg] [wind_plugin.cpp:110] [0m[1;36mWindPlugin: received command -> speed=[0m[1;36m0.541791[0m[1;36m dir=[0m[1;36m-20.8457[0m[1;36m
[gzserver-2] [0mLanded!
[gzserver-2] [INFO] [1773138751.548102902] [gazebo_wind_plugin_node]: WindPlugin: set wind_speed=0.54 wind_direction=-20.8
[gzserver-2] [INFO] [1773138751.787762463] [gazebo_wind_plugin_node]: WindPlugin: set wind_speed=0.54 wind_direction=-20.8
[gzserver-2] [INFO] [1773138752.027147538] [gazebo_wind_plugin_node]: WindPlugin: set wind_speed=0.51 wind_direction=-20.8
[gzserver-2] [INFO] [1773138752.255743571] [gazebo_wind_plugin_node]: WindPlugin: set wind_speed=0.51 wind_direction=-20.8
[gzserver-2] [INFO] [1773138752.495420623] [gazebo_wind_plugin_node]: WindPlugin: set wind_speed=0.51 wind_direction=-20.8
[gzserver-2] [INFO] [1773138752.729593152] [gazebo_wind_plugin_node]: WindPlugin: set wind_speed=0.51 wind_direction=-20.8
[gzserver-2] [INFO] [1773138752.970567035] [gazebo_wind_plugin_node]: WindPlugin: set wind_speed=0.36 wind_direction=-19.6
[gzserver-2] [INFO] [1773138753.210312397] [gazebo_wind_plugin_node]: WindPlugin: set wind_speed=0.36 wind_direction=-19.6
