[INFO] [launch]: All log files can be found below /home/j/.ros/log/2026-03-10-12-26-29-437608-j-1165491
[INFO] [launch]: Default logging verbosity is set to INFO
[INFO] [launch.user]: [bringup] Apriltag config: camera=/drone/bottom, image=/drone/bottom/image_raw, tags=/drone/bottom/tags, bridge=/landing_tag_state, standalone=true, use_target_id=true, target_id=0
[INFO] [rviz2-1]: process started with pid [1165504]
[INFO] [gzserver-2]: process started with pid [1165506]
[INFO] [robot_state_publisher-3]: process started with pid [1165508]
[INFO] [joint_state_publisher-4]: process started with pid [1165510]
[INFO] [spawn_drone-5]: process started with pid [1165512]
[INFO] [static_transform_publisher-6]: process started with pid [1165514]
[INFO] [joy_node-7]: process started with pid [1165516]
[INFO] [teleop_joystick-8]: process started with pid [1165518]
[INFO] [apriltag_detector_node-9]: process started with pid [1165521]
[INFO] [apriltag_state_bridge-10]: process started with pid [1165523]
[static_transform_publisher-6] [WARN] [1773113189.909667371] []: Old-style arguments are deprecated; see --help for new-style arguments
[static_transform_publisher-6] [INFO] [1773113189.916267746] [static_transform_publisher_6HR9jfhn76HsZXzM]: Spinning until stopped - publishing transform
[static_transform_publisher-6] translation: ('0.000000', '0.000000', '0.000000')
[static_transform_publisher-6] rotation: ('0.000000', '0.000000', '0.000000', '1.000000')
[static_transform_publisher-6] from 'world' to '/drone/odom'
[robot_state_publisher-3] [INFO] [1773113189.932807400] [drone.robot_state_publisher]: got segment base_footprint
[robot_state_publisher-3] [INFO] [1773113189.932872294] [drone.robot_state_publisher]: got segment base_link
[robot_state_publisher-3] [INFO] [1773113189.932878062] [drone.robot_state_publisher]: got segment bottom_cam_link
[robot_state_publisher-3] [INFO] [1773113189.932881368] [drone.robot_state_publisher]: got segment front_cam_link
[robot_state_publisher-3] [INFO] [1773113189.932884211] [drone.robot_state_publisher]: got segment sonar_link
[apriltag_detector_node-9] [INFO] [1773113189.946284456] [apriltag_detector_node]: tag detector type: umich
[rviz2-1] 
[rviz2-1] (rviz2:1165504): dbind-WARNING **: 12:26:29.946: Couldn't connect to accessibility bus: Failed to connect to socket /root/.cache/at-spi/bus_0: 허가 거부
[teleop_joystick-8] Traceback (most recent call last):
[teleop_joystick-8]   File "/home/j/INCSL/IICC26_ws/install/sjtu_drone_control/lib/sjtu_drone_control/teleop_joystick", line 33, in <module>
[teleop_joystick-8]     sys.exit(load_entry_point('sjtu_drone_control==0.0.0', 'console_scripts', 'teleop_joystick')())
[teleop_joystick-8]   File "/home/j/INCSL/IICC26_ws/install/sjtu_drone_control/lib/sjtu_drone_control/teleop_joystick", line 22, in importlib_load_entry_point
[teleop_joystick-8]     for entry_point in distribution(dist_name).entry_points
[teleop_joystick-8]   File "/usr/lib/python3.10/importlib/metadata/__init__.py", line 969, in distribution
[teleop_joystick-8]     return Distribution.from_name(distribution_name)
[teleop_joystick-8]   File "/usr/lib/python3.10/importlib/metadata/__init__.py", line 548, in from_name
[teleop_joystick-8]     raise PackageNotFoundError(name)
[teleop_joystick-8] importlib.metadata.PackageNotFoundError: No package metadata was found for sjtu_drone_control
[ERROR] [teleop_joystick-8]: process has died [pid 1165518, exit code 1, cmd '/home/j/INCSL/IICC26_ws/install/sjtu_drone_control/lib/sjtu_drone_control/teleop_joystick --ros-args -r __ns:=/drone'].
[gzserver-2] Gazebo multi-robot simulator, version 11.10.2
[gzserver-2] Copyright (C) 2012 Open Source Robotics Foundation.
[gzserver-2] Released under the Apache 2 License.
[gzserver-2] http://gazebosim.org
[gzserver-2] 
[apriltag_state_bridge-10] [INFO] [1773113190.200564490] [apriltag_state_bridge]: AprilTag bridge started: /drone/bottom/tags -> /landing_tag_state, use_target_id=True, target_id=0
[joint_state_publisher-4] [INFO] [1773113190.206253779] [drone.joint_state_publisher]: Waiting for robot_description to be published on the robot_description topic...
[gzserver-2] [1;33m[Wrn] [gazebo_ros_init.cpp:178] [0m[1;33m
[gzserver-2] #     # ####### ####### ###  #####  #######
[gzserver-2] ##    # #     #    #     #  #     # #
[gzserver-2] # #   # #     #    #     #  #       #
[gzserver-2] #  #  # #     #    #     #  #       #####
[gzserver-2] #   # # #     #    #     #  #       #
[gzserver-2] #    ## #     #    #     #  #     # #
[gzserver-2] #     # #######    #    ###  #####  #######
[gzserver-2] 
[gzserver-2] This version of Gazebo, now called Gazebo classic, reaches end-of-life
[gzserver-2] in January 2025. Users are highly encouraged to migrate to the new Gazebo
[gzserver-2] using our migration guides (https://gazebosim.org/docs/latest/gazebo_classic_migration?utm_source=gazebo_ros_pkgs&utm_medium=cli)
[gzserver-2] 
[gzserver-2] [0m[1;33m
[rviz2-1] [INFO] [1773113190.720541140] [rviz2]: Stereo is NOT SUPPORTED
[rviz2-1] [INFO] [1773113190.720631909] [rviz2]: OpenGl version: 4.6 (GLSL 4.6)
[rviz2-1] [INFO] [1773113190.807912302] [rviz2]: Stereo is NOT SUPPORTED
[rviz2-1] [INFO] [1773113190.896119787] [rviz2]: Stereo is NOT SUPPORTED
[spawn_drone-5] [INFO] [1773113191.305642791] [spawn_drone]: Result False Entity pushed to spawn queue, but spawn service timed outwaiting for entity to appear in simulation under the name [/drone]
[gzserver-2] [1;32m[Msg] [0m[1;32mWaiting for master.[0m[1;32m
[gzserver-2] [0m[1;32m[0m[1;32m[0m[1;32m[Msg] [0m[1;32mConnected to gazebo master @ [0m[1;32mhttp://127.0.0.1:11345[0m[1;32m
[gzserver-2] [0m[1;32m[0m[1;32m[0m[1;32m[Msg] [0m[1;32mPublicized address: [0m[1;32m172.16.52.147[0m[1;32m
[gzserver-2] [0m[1;32m[0m[1;32m[0m[1;32m[Msg] [0m[1;32mLoading world file [[0m[1;32m/home/j/INCSL/IICC26_ws/install/sjtu_drone_description/share/sjtu_drone_description/worlds/landingPad.world[0m[1;32m][0m[1;32m
[gzserver-2] [0m[1;32m[0m[1;32m[0m[1;36m[Dbg] [wind_plugin.cpp:96] [0m[1;36mWindPlugin loaded: speed=[0m[1;36m0[0m[1;36m dir=[0m[1;36m0[0m[1;36m deg area=[0m[1;36m0.1[0m[1;36m coeff=[0m[1;36m1[0m[1;36m
[gzserver-2] [0m[1;33m[0m[1;33m[0m[1;31m[Err] [Sensor.cc:510] [0m[1;31mGet noise index not valid[0m[1;31m
[gzserver-2] [0m[1;31m[0m[1;31m[0m[1;31m[Err] [Sensor.cc:510] [0m[1;31mGet noise index not valid[0m[1;31m
[gzserver-2] [0m[1;31m[0m[1;31m[0m[1;31m[Err] [Sensor.cc:510] [0m[1;31mGet noise index not valid[0m[1;31m
[gzserver-2] [0m[1;31m[0m[1;31m[0m[1;31m[Err] [Sensor.cc:510] [0m[1;31mGet noise index not valid[0m[1;31m
[gzserver-2] [0m[1;31m[0m[1;31m[0m[1;31m[Err] [Sensor.cc:510] [0m[1;31mGet noise index not valid[0m[1;31m
[gzserver-2] [0m[1;31m[0m[1;31m[0m[1;31m[Err] [Sensor.cc:510] [0m[1;31mGet noise index not valid[0m[1;31m
[gzserver-2] [0m[1;31m[0m[1;31m[0mTopic [default//drone/base_footprint/down_camera/image] is not valid.
[gzserver-2] [INFO] [1773113191.337300731] [drone.collision_plugin]: Publishing contact states to [/drone/bumper_states]
[gzserver-2] Topic [default//drone/base_footprint/front_camera/image] is not valid.
[gzserver-2] [1;33m[Wrn] [Event.cc:61] [0m[1;33mWarning: Deleting a connection right after creation. [0m[1;33mMake sure to save the ConnectionPtr from a Connect call
[INFO] [spawn_drone-5]: process has finished cleanly [pid 1165512]
[gzserver-2] [0m[INFO] [1773113191.918432302] [drone.camera_bottom]: Publishing camera info to [/drone/bottom/camera_info]
[gzserver-2] [INFO] [1773113191.922937214] [drone.camera_front]: Publishing camera info to [/drone/front/camera_info]
[gzserver-2] [INFO] [1773113192.045436869] [drone.simple_drone]: The drone plugin is loading!
[gzserver-2] [INFO] [1773113192.045649157] [drone.simple_drone]: pub_odom: 1
[gzserver-2] [INFO] [1773113192.045682185] [drone.simple_drone]: Using following parameters: 
[gzserver-2] 		link_name: base_footprint,
[gzserver-2] 		max_force: 30,
[gzserver-2] 		motion_small_noise: 0,
[gzserver-2] 		motion_drift_noise: 0,
[gzserver-2] 		motion_drift_noise_time: 50,
[gzserver-2] 		takeoff_hover_height: 2.18,
[gzserver-2] 		takeoff_vertical_speed: 0.2
[gzserver-2] [INFO] [1773113192.057499769] [drone.simple_drone]: Using the PID parameters: 
[gzserver-2] 	Roll Pitch:
[gzserver-2] 		kP: 10, kI: 0,kD: 5, Limit: 0.5, Time Constant: 0
[gzserver-2] 	Yaw:
[gzserver-2] 		kP: 2, kI: 0,kD: 1, Limit: 1.5, Time Constant: 0
[gzserver-2] 	Velocity X:
[gzserver-2] 		kP: 5, kI: 0,kD: 2.3, Limit: 2, Time Constant: 0
[gzserver-2] 	Velocity Y:
[gzserver-2] 		kP: 5, kI: 0,kD: 2.3, Limit: 2, Time Constant: 0
[gzserver-2] 	Velocity Z:
[gzserver-2] 		kP: 5, kI: 0,kD: 1, Limit: -1, Time Constant: 0
[gzserver-2] 	Position XY:
[gzserver-2] 		kP: 1.1, kI: 0,kD: 0, Limit: 5, Time Constant: 0
[gzserver-2] 	Position Z:
[gzserver-2] 		kP: 1, kI: 0,kD: 0.2, Limit: -1, Time Constant: 0
[gzserver-2] [INFO] [1773113192.057635603] [drone.simple_drone]: The drone plugin finished loading!
[gzserver-2] [INFO] [1773113199.257977767] [gazebo_wind_plugin_node]: WindPlugin: set wind_speed=0.00 wind_direction=0.0
[gzserver-2] [INFO] [1773113199.528072841] [gazebo_wind_plugin_node]: WindPlugin: set wind_speed=0.00 wind_direction=0.0
[gzserver-2] [INFO] [1773113199.567075949] [drone.simple_drone]: Quadrotor takes off!!
[gzserver-2] [INFO] [1773113199.769681767] [gazebo_wind_plugin_node]: WindPlugin: set wind_speed=0.00 wind_direction=0.0
[gzserver-2] [INFO] [1773113200.003659719] [gazebo_wind_plugin_node]: WindPlugin: set wind_speed=0.00 wind_direction=0.0
[gzserver-2] [INFO] [1773113200.237271059] [gazebo_wind_plugin_node]: WindPlugin: set wind_speed=0.00 wind_direction=0.0
[gzserver-2] [INFO] [1773113200.476823855] [gazebo_wind_plugin_node]: WindPlugin: set wind_speed=0.00 wind_direction=0.0
[gzserver-2] [INFO] [1773113200.705654986] [gazebo_wind_plugin_node]: WindPlugin: set wind_speed=0.00 wind_direction=0.0
[gzserver-2] [INFO] [1773113200.944865870] [gazebo_wind_plugin_node]: WindPlugin: set wind_speed=0.00 wind_direction=0.0
[gzserver-2] [INFO] [1773113201.179100546] [gazebo_wind_plugin_node]: WindPlugin: set wind_speed=0.00 wind_direction=0.0
[gzserver-2] [0m[1;36m[Dbg] [wind_plugin.cpp:110] [0m[1;36mWindPlugin: received command -> speed=[0m[1;36m0[0m[1;36m dir=[0m[1;36m0[0m[1;36m
[gzserver-2] [0m[1;36m[Dbg] [wind_plugin.cpp:110] [0m[1;36mWindPlugin: received command -> speed=[0m[1;36m0[0m[1;36m dir=[0m[1;36m0[0m[1;36m
[gzserver-2] [0m[1;36m[Dbg] [wind_plugin.cpp:110] [0m[1;36mWindPlugin: received command -> speed=[0m[1;36m0[0m[1;36m dir=[0m[1;36m0[0m[1;36m
[gzserver-2] [0m[1;36m[Dbg] [wind_plugin.cpp:110] [0m[1;36mWindPlugin: received command -> speed=[0m[1;36m0[0m[1;36m dir=[0m[1;36m0[0m[1;36m
[gzserver-2] [0m[1;36m[Dbg] [wind_plugin.cpp:110] [0m[1;36mWindPlugin: received command -> speed=[0m[1;36m0[0m[1;36m dir=[0m[1;36m0[0m[1;36m
[gzserver-2] [0m[1;36m[Dbg] [wind_plugin.cpp:110] [0m[1;36mWindPlugin: received command -> speed=[0m[1;36m0[0m[1;36m dir=[0m[1;36m0[0m[1;36m
[gzserver-2] [0m[1;36m[Dbg] [wind_plugin.cpp:110] [0m[1;36mWindPlugin: received command -> speed=[0m[1;36m0[0m[1;36m dir=[0m[1;36m0[0m[1;36m
[gzserver-2] [0m[1;36m[Dbg] [wind_plugin.cpp:110] [0m[1;36mWindPlugin: received command -> speed=[0m[1;36m0[0m[1;36m dir=[0m[1;36m0[0m[1;36m
[gzserver-2] [0m[1;36m[Dbg] [wind_plugin.cpp:110] [0m[1;36mWindPlugin: received command -> speed=[0m[1;36m0[0m[1;36m dir=[0m[1;36m0[0m[1;36m
[gzserver-2] [0mEntering flying model!
[gzserver-2] [INFO] [1773113201.412547952] [gazebo_wind_plugin_node]: WindPlugin: set wind_speed=0.00 wind_direction=0.0
[gzserver-2] [INFO] [1773113201.646451100] [gazebo_wind_plugin_node]: WindPlugin: set wind_speed=1.88 wind_direction=41.4
[gzserver-2] [INFO] [1773113201.881205025] [gazebo_wind_plugin_node]: WindPlugin: set wind_speed=1.85 wind_direction=44.3
[gzserver-2] [INFO] [1773113202.110262754] [gazebo_wind_plugin_node]: WindPlugin: set wind_speed=1.85 wind_direction=44.3
[gzserver-2] [INFO] [1773113202.344573673] [gazebo_wind_plugin_node]: WindPlugin: set wind_speed=1.85 wind_direction=44.3
[gzserver-2] [INFO] [1773113202.578399633] [gazebo_wind_plugin_node]: WindPlugin: set wind_speed=1.85 wind_direction=44.3
[gzserver-2] [INFO] [1773113202.816994422] [gazebo_wind_plugin_node]: WindPlugin: set wind_speed=1.92 wind_direction=41.6
[gzserver-2] [INFO] [1773113203.048391492] [gazebo_wind_plugin_node]: WindPlugin: set wind_speed=1.92 wind_direction=41.6
[gzserver-2] [INFO] [1773113203.290363950] [gazebo_wind_plugin_node]: WindPlugin: set wind_speed=1.92 wind_direction=41.6
[gzserver-2] [INFO] [1773113203.529817235] [gazebo_wind_plugin_node]: WindPlugin: set wind_speed=1.92 wind_direction=41.6
[gzserver-2] [INFO] [1773113203.764991828] [gazebo_wind_plugin_node]: WindPlugin: set wind_speed=1.78 wind_direction=41.0
[gzserver-2] [INFO] [1773113204.004712167] [gazebo_wind_plugin_node]: WindPlugin: set wind_speed=1.78 wind_direction=41.0
[gzserver-2] [INFO] [1773113204.244194255] [gazebo_wind_plugin_node]: WindPlugin: set wind_speed=1.78 wind_direction=41.0
[gzserver-2] [INFO] [1773113204.484277371] [gazebo_wind_plugin_node]: WindPlugin: set wind_speed=1.78 wind_direction=41.0
[gzserver-2] [INFO] [1773113204.517788097] [drone.simple_drone]: Quadrotor lands!!
[gzserver-2] [INFO] [1773113204.719100696] [gazebo_wind_plugin_node]: WindPlugin: set wind_speed=1.78 wind_direction=41.0
[gzserver-2] [INFO] [1773113204.953097403] [gazebo_wind_plugin_node]: WindPlugin: set wind_speed=1.93 wind_direction=42.1
[gzserver-2] [INFO] [1773113205.187115454] [gazebo_wind_plugin_node]: WindPlugin: set wind_speed=1.93 wind_direction=42.1
[gzserver-2] [INFO] [1773113205.427178041] [gazebo_wind_plugin_node]: WindPlugin: set wind_speed=1.93 wind_direction=42.1
[gzserver-2] [1;36m[Dbg] [wind_plugin.cpp:110] [0m[1;36mWindPlugin: received command -> speed=[0m[1;36m0[0m[1;36m dir=[0m[1;36m0[0m[1;36m
[gzserver-2] [0m[1;36m[Dbg] [wind_plugin.cpp:110] [0m[1;36mWindPlugin: received command -> speed=[0m[1;36m1.8814[0m[1;36m dir=[0m[1;36m41.3633[0m[1;36m
[gzserver-2] [0m[1;36m[Dbg] [wind_plugin.cpp:110] [0m[1;36mWindPlugin: received command -> speed=[0m[1;36m1.85087[0m[1;36m dir=[0m[1;36m44.2727[0m[1;36m
[gzserver-2] [0m[1;36m[Dbg] [wind_plugin.cpp:110] [0m[1;36mWindPlugin: received command -> speed=[0m[1;36m1.85087[0m[1;36m dir=[0m[1;36m44.2727[0m[1;36m
[gzserver-2] [0m[1;36m[Dbg] [wind_plugin.cpp:110] [0m[1;36mWindPlugin: received command -> speed=[0m[1;36m1.85087[0m[1;36m dir=[0m[1;36m44.2727[0m[1;36m
[gzserver-2] [0m[1;36m[Dbg] [wind_plugin.cpp:110] [0m[1;36mWindPlugin: received command -> speed=[0m[1;36m1.85087[0m[1;36m dir=[0m[1;36m44.2727[0m[1;36m
[gzserver-2] [0m[1;36m[Dbg] [wind_plugin.cpp:110] [0m[1;36mWindPlugin: received command -> speed=[0m[1;36m1.9157[0m[1;36m dir=[0m[1;36m41.5856[0m[1;36m
[gzserver-2] [0m[1;36m[Dbg] [wind_plugin.cpp:110] [0m[1;36mWindPlugin: received command -> speed=[0m[1;36m1.9157[0m[1;36m dir=[0m[1;36m41.5856[0m[1;36m
[gzserver-2] [0m[1;36m[Dbg] [wind_plugin.cpp:110] [0m[1;36mWindPlugin: received command -> speed=[0m[1;36m1.9157[0m[1;36m dir=[0m[1;36m41.5856[0m[1;36m
[gzserver-2] [0m[1;36m[Dbg] [wind_plugin.cpp:110] [0m[1;36mWindPlugin: received command -> speed=[0m[1;36m1.9157[0m[1;36m dir=[0m[1;36m41.5856[0m[1;36m
[gzserver-2] [0m[1;36m[Dbg] [wind_plugin.cpp:110] [0m[1;36mWindPlugin: received command -> speed=[0m[1;36m1.78087[0m[1;36m dir=[0m[1;36m41.0276[0m[1;36m
[gzserver-2] [0m[1;36m[Dbg] [wind_plugin.cpp:110] [0m[1;36mWindPlugin: received command -> speed=[0m[1;36m1.78087[0m[1;36m dir=[0m[1;36m41.0276[0m[1;36m
[gzserver-2] [0m[1;36m[Dbg] [wind_plugin.cpp:110] [0m[1;36mWindPlugin: received command -> speed=[0m[1;36m1.78087[0m[1;36m dir=[0m[1;36m41.0276[0m[1;36m
[gzserver-2] [0m[1;36m[Dbg] [wind_plugin.cpp:110] [0m[1;36mWindPlugin: received command -> speed=[0m[1;36m1.78087[0m[1;36m dir=[0m[1;36m41.0276[0m[1;36m
[gzserver-2] [0m[1;36m[Dbg] [wind_plugin.cpp:110] [0m[1;36mWindPlugin: received command -> speed=[0m[1;36m1.78087[0m[1;36m dir=[0m[1;36m41.0276[0m[1;36m
[gzserver-2] [0m[1;36m[Dbg] [wind_plugin.cpp:110] [0m[1;36mWindPlugin: received command -> speed=[0m[1;36m1.92539[0m[1;36m dir=[0m[1;36m42.0519[0m[1;36m
[gzserver-2] [0m[1;36m[Dbg] [wind_plugin.cpp:110] [0m[1;36mWindPlugin: received command -> speed=[0m[1;36m1.92539[0m[1;36m dir=[0m[1;36m42.0519[0m[1;36m
[gzserver-2] [0m[1;36m[Dbg] [wind_plugin.cpp:110] [0m[1;36mWindPlugin: received command -> speed=[0m[1;36m1.92539[0m[1;36m dir=[0m[1;36m42.0519[0m[1;36m
[gzserver-2] [0mLanded!
[gzserver-2] [INFO] [1773113205.666774629] [gazebo_wind_plugin_node]: WindPlugin: set wind_speed=1.93 wind_direction=42.1
[gzserver-2] [INFO] [1773113205.900959229] [gazebo_wind_plugin_node]: WindPlugin: set wind_speed=1.70 wind_direction=42.7
[gzserver-2] [INFO] [1773113206.135369270] [gazebo_wind_plugin_node]: WindPlugin: set wind_speed=1.70 wind_direction=42.7
[gzserver-2] [INFO] [1773113206.370277060] [gazebo_wind_plugin_node]: WindPlugin: set wind_speed=1.70 wind_direction=42.7
[gzserver-2] [INFO] [1773113206.610359516] [gazebo_wind_plugin_node]: WindPlugin: set wind_speed=1.70 wind_direction=42.7
[gzserver-2] [INFO] [1773113206.845081439] [gazebo_wind_plugin_node]: WindPlugin: set wind_speed=1.96 wind_direction=44.6
[gzserver-2] [INFO] [1773113207.079194614] [gazebo_wind_plugin_node]: WindPlugin: set wind_speed=1.96 wind_direction=44.6
[gzserver-2] [INFO] [1773113207.313780179] [gazebo_wind_plugin_node]: WindPlugin: set wind_speed=1.96 wind_direction=44.6
