[INFO] [launch]: All log files can be found below /home/j/.ros/log/2026-03-11-00-01-31-065392-j-2053315
[INFO] [launch]: Default logging verbosity is set to INFO
[INFO] [launch.user]: [bringup] Apriltag config: camera=/drone/bottom, image=/drone/bottom/image_raw, tags=/drone/bottom/tags, bridge=/landing_tag_state, standalone=true, use_target_id=true, target_id=0
[INFO] [rviz2-1]: process started with pid [2053318]
[INFO] [gzserver-2]: process started with pid [2053320]
[INFO] [robot_state_publisher-3]: process started with pid [2053322]
[INFO] [joint_state_publisher-4]: process started with pid [2053324]
[INFO] [spawn_drone-5]: process started with pid [2053326]
[INFO] [static_transform_publisher-6]: process started with pid [2053328]
[INFO] [joy_node-7]: process started with pid [2053330]
[INFO] [teleop_joystick-8]: process started with pid [2053332]
[INFO] [apriltag_detector_node-9]: process started with pid [2053334]
[INFO] [apriltag_state_bridge-10]: process started with pid [2053336]
[static_transform_publisher-6] [WARN] [1773154891.541164250] []: Old-style arguments are deprecated; see --help for new-style arguments
[static_transform_publisher-6] [INFO] [1773154891.549517138] [static_transform_publisher_jszt10ndsoRzqkXZ]: Spinning until stopped - publishing transform
[static_transform_publisher-6] translation: ('0.000000', '0.000000', '0.000000')
[static_transform_publisher-6] rotation: ('0.000000', '0.000000', '0.000000', '1.000000')
[static_transform_publisher-6] from 'world' to '/drone/odom'
[robot_state_publisher-3] [INFO] [1773154891.562387611] [drone.robot_state_publisher]: got segment base_footprint
[robot_state_publisher-3] [INFO] [1773154891.562452700] [drone.robot_state_publisher]: got segment base_link
[robot_state_publisher-3] [INFO] [1773154891.562458538] [drone.robot_state_publisher]: got segment bottom_cam_link
[robot_state_publisher-3] [INFO] [1773154891.562461853] [drone.robot_state_publisher]: got segment front_cam_link
[robot_state_publisher-3] [INFO] [1773154891.562464667] [drone.robot_state_publisher]: got segment sonar_link
[rviz2-1] 
[rviz2-1] (rviz2:2053318): dbind-WARNING **: 00:01:31.569: Couldn't connect to accessibility bus: Failed to connect to socket /root/.cache/at-spi/bus_0: 허가 거부
[apriltag_detector_node-9] [INFO] [1773154891.577190503] [apriltag_detector_node]: tag detector type: umich
[teleop_joystick-8] Traceback (most recent call last):
[teleop_joystick-8]   File "/home/j/INCSL/IICC26_ws/install/sjtu_drone_control/lib/sjtu_drone_control/teleop_joystick", line 33, in <module>
[teleop_joystick-8]     sys.exit(load_entry_point('sjtu_drone_control==0.0.0', 'console_scripts', 'teleop_joystick')())
[teleop_joystick-8]   File "/home/j/INCSL/IICC26_ws/install/sjtu_drone_control/lib/sjtu_drone_control/teleop_joystick", line 22, in importlib_load_entry_point
[teleop_joystick-8]     for entry_point in distribution(dist_name).entry_points
[teleop_joystick-8]   File "/usr/lib/python3.10/importlib/metadata/__init__.py", line 969, in distribution
[teleop_joystick-8]     return Distribution.from_name(distribution_name)
[teleop_joystick-8]   File "/usr/lib/python3.10/importlib/metadata/__init__.py", line 548, in from_name
[teleop_joystick-8]     raise PackageNotFoundError(name)
[teleop_joystick-8] importlib.metadata.PackageNotFoundError: No package metadata was found for sjtu_drone_control
[ERROR] [teleop_joystick-8]: process has died [pid 2053332, exit code 1, cmd '/home/j/INCSL/IICC26_ws/install/sjtu_drone_control/lib/sjtu_drone_control/teleop_joystick --ros-args -r __ns:=/drone'].
[gzserver-2] Gazebo multi-robot simulator, version 11.10.2
[gzserver-2] Copyright (C) 2012 Open Source Robotics Foundation.
[gzserver-2] Released under the Apache 2 License.
[gzserver-2] http://gazebosim.org
[gzserver-2] 
[joint_state_publisher-4] [INFO] [1773154891.820942306] [drone.joint_state_publisher]: Waiting for robot_description to be published on the robot_description topic...
[apriltag_state_bridge-10] [INFO] [1773154891.833707287] [apriltag_state_bridge]: AprilTag bridge started: /drone/bottom/tags -> /landing_tag_state, use_target_id=True, target_id=0
[gzserver-2] [1;33m[Wrn] [gazebo_ros_init.cpp:178] [0m[1;33m
[gzserver-2] #     # ####### ####### ###  #####  #######
[gzserver-2] ##    # #     #    #     #  #     # #
[gzserver-2] # #   # #     #    #     #  #       #
[gzserver-2] #  #  # #     #    #     #  #       #####
[gzserver-2] #   # # #     #    #     #  #       #
[gzserver-2] #    ## #     #    #     #  #     # #
[gzserver-2] #     # #######    #    ###  #####  #######
[gzserver-2] 
[gzserver-2] This version of Gazebo, now called Gazebo classic, reaches end-of-life
[gzserver-2] in January 2025. Users are highly encouraged to migrate to the new Gazebo
[gzserver-2] using our migration guides (https://gazebosim.org/docs/latest/gazebo_classic_migration?utm_source=gazebo_ros_pkgs&utm_medium=cli)
[gzserver-2] 
[gzserver-2] [0m[1;33m
[rviz2-1] [INFO] [1773154892.384680251] [rviz2]: Stereo is NOT SUPPORTED
[rviz2-1] [INFO] [1773154892.384771518] [rviz2]: OpenGl version: 4.6 (GLSL 4.6)
[rviz2-1] [INFO] [1773154892.461567451] [rviz2]: Stereo is NOT SUPPORTED
[rviz2-1] [INFO] [1773154892.562573757] [rviz2]: Stereo is NOT SUPPORTED
[spawn_drone-5] [INFO] [1773154892.795536214] [spawn_drone]: service not available, waiting again...
[gzserver-2] [1;32m[Msg] [0m[1;32mWaiting for master.[0m[1;32m
[gzserver-2] [0m[1;32m[0m[1;32m[0m[1;32m[Msg] [0m[1;32mConnected to gazebo master @ [0m[1;32mhttp://127.0.0.1:11345[0m[1;32m
[gzserver-2] [0m[1;32m[0m[1;32m[0m[1;32m[Msg] [0m[1;32mPublicized address: [0m[1;32m192.168.0.11[0m[1;32m
[gzserver-2] [0m[1;32m[0m[1;32m[0m[1;32m[Msg] [0m[1;32mLoading world file [[0m[1;32m/home/j/INCSL/IICC26_ws/install/sjtu_drone_description/share/sjtu_drone_description/worlds/landingPad.world[0m[1;32m][0m[1;32m
[gzserver-2] [0m[1;32m[0m[1;32m[0m[1;36m[Dbg] [wind_plugin.cpp:96] [0m[1;36mWindPlugin loaded: speed=[0m[1;36m0[0m[1;36m dir=[0m[1;36m0[0m[1;36m deg area=[0m[1;36m0.1[0m[1;36m coeff=[0m[1;36m1[0m[1;36m
[gzserver-2] [0m[1;33m[0m[1;33m[0m[1;31m[Err] [Sensor.cc:510] [0m[1;31mGet noise index not valid[0m[1;31m
[gzserver-2] [0m[1;31m[0m[1;31m[0m[1;31m[Err] [Sensor.cc:510] [0m[1;31mGet noise index not valid[0m[1;31m
[gzserver-2] [0m[1;31m[0m[1;31m[0m[1;31m[Err] [Sensor.cc:510] [0m[1;31mGet noise index not valid[0m[1;31m
[gzserver-2] [0m[1;31m[0m[1;31m[0m[1;31m[Err] [Sensor.cc:510] [0m[1;31mGet noise index not valid[0m[1;31m
[gzserver-2] [0m[1;31m[0m[1;31m[0m[1;31m[Err] [Sensor.cc:510] [0m[1;31mGet noise index not valid[0m[1;31m
[gzserver-2] [0m[1;31m[0m[1;31m[0m[1;31m[Err] [Sensor.cc:510] [0m[1;31mGet noise index not valid[0m[1;31m
[gzserver-2] [0m[1;31m[0m[1;31m[0mTopic [default//drone/base_footprint/down_camera/image] is not valid.
[gzserver-2] Topic [default//drone/base_footprint/front_camera/image] is not valid.
[gzserver-2] [INFO] [1773154893.274478372] [drone.collision_plugin]: Publishing contact states to [/drone/bumper_states]
[gzserver-2] [1;33m[Wrn] [Event.cc:61] [0m[1;33mWarning: Deleting a connection right after creation. [0m[1;33mMake sure to save the ConnectionPtr from a Connect call
[gzserver-2] [0m[INFO] [1773154893.633105749] [drone.camera_bottom]: Publishing camera info to [/drone/bottom/camera_info]
[gzserver-2] [INFO] [1773154893.637645655] [drone.camera_front]: Publishing camera info to [/drone/front/camera_info]
[spawn_drone-5] [INFO] [1773154893.638717535] [spawn_drone]: Result True SpawnEntity: Successfully spawned entity [/drone]
[gzserver-2] [INFO] [1773154893.761070208] [drone.simple_drone]: The drone plugin is loading!
[gzserver-2] [INFO] [1773154893.761286625] [drone.simple_drone]: pub_odom: 1
[gzserver-2] [INFO] [1773154893.761321456] [drone.simple_drone]: Using following parameters: 
[gzserver-2] 		link_name: base_footprint,
[gzserver-2] 		max_force: 30,
[gzserver-2] 		motion_small_noise: 0,
[gzserver-2] 		motion_drift_noise: 0,
[gzserver-2] 		motion_drift_noise_time: 50,
[gzserver-2] 		takeoff_hover_height: 2.42,
[gzserver-2] 		takeoff_vertical_speed: 0.2
[gzserver-2] [INFO] [1773154893.773458474] [drone.simple_drone]: Using the PID parameters: 
[gzserver-2] 	Roll Pitch:
[gzserver-2] 		kP: 10, kI: 0,kD: 5, Limit: 0.5, Time Constant: 0
[gzserver-2] 	Yaw:
[gzserver-2] 		kP: 2, kI: 0,kD: 1, Limit: 1.5, Time Constant: 0
[gzserver-2] 	Velocity X:
[gzserver-2] 		kP: 5, kI: 0,kD: 2.3, Limit: 2, Time Constant: 0
[gzserver-2] 	Velocity Y:
[gzserver-2] 		kP: 5, kI: 0,kD: 2.3, Limit: 2, Time Constant: 0
[gzserver-2] 	Velocity Z:
[gzserver-2] 		kP: 5, kI: 0,kD: 1, Limit: -1, Time Constant: 0
[gzserver-2] 	Position XY:
[gzserver-2] 		kP: 1.1, kI: 0,kD: 0, Limit: 5, Time Constant: 0
[gzserver-2] 	Position Z:
[gzserver-2] 		kP: 1, kI: 0,kD: 0.2, Limit: -1, Time Constant: 0
[gzserver-2] [INFO] [1773154893.773587036] [drone.simple_drone]: The drone plugin finished loading!
[INFO] [spawn_drone-5]: process has finished cleanly [pid 2053326]
[gzserver-2] [INFO] [1773154900.903628736] [gazebo_wind_plugin_node]: WindPlugin: set wind_speed=0.00 wind_direction=0.0
[gzserver-2] [INFO] [1773154901.176641756] [gazebo_wind_plugin_node]: WindPlugin: set wind_speed=0.00 wind_direction=0.0
[gzserver-2] [INFO] [1773154901.210393272] [drone.simple_drone]: Quadrotor takes off!!
[gzserver-2] [INFO] [1773154901.411404213] [gazebo_wind_plugin_node]: WindPlugin: set wind_speed=0.00 wind_direction=0.0
[gzserver-2] [INFO] [1773154901.650613901] [gazebo_wind_plugin_node]: WindPlugin: set wind_speed=0.00 wind_direction=0.0
[gzserver-2] [INFO] [1773154901.884030671] [gazebo_wind_plugin_node]: WindPlugin: set wind_speed=0.00 wind_direction=0.0
[gzserver-2] [INFO] [1773154902.118024189] [gazebo_wind_plugin_node]: WindPlugin: set wind_speed=0.00 wind_direction=0.0
[gzserver-2] [INFO] [1773154902.352017828] [gazebo_wind_plugin_node]: WindPlugin: set wind_speed=0.00 wind_direction=0.0
[gzserver-2] [INFO] [1773154902.586622236] [gazebo_wind_plugin_node]: WindPlugin: set wind_speed=0.00 wind_direction=0.0
[gzserver-2] [INFO] [1773154902.817005862] [gazebo_wind_plugin_node]: WindPlugin: set wind_speed=0.00 wind_direction=0.0
[gzserver-2] [INFO] [1773154903.051237331] [gazebo_wind_plugin_node]: WindPlugin: set wind_speed=0.00 wind_direction=0.0
[gzserver-2] [0m[1;36m[Dbg] [wind_plugin.cpp:110] [0m[1;36mWindPlugin: received command -> speed=[0m[1;36m0[0m[1;36m dir=[0m[1;36m0[0m[1;36m
[gzserver-2] [0m[1;36m[Dbg] [wind_plugin.cpp:110] [0m[1;36mWindPlugin: received command -> speed=[0m[1;36m0[0m[1;36m dir=[0m[1;36m0[0m[1;36m
[gzserver-2] [0m[1;36m[Dbg] [wind_plugin.cpp:110] [0m[1;36mWindPlugin: received command -> speed=[0m[1;36m0[0m[1;36m dir=[0m[1;36m0[0m[1;36m
[gzserver-2] [0m[1;36m[Dbg] [wind_plugin.cpp:110] [0m[1;36mWindPlugin: received command -> speed=[0m[1;36m0[0m[1;36m dir=[0m[1;36m0[0m[1;36m
[gzserver-2] [0m[1;36m[Dbg] [wind_plugin.cpp:110] [0m[1;36mWindPlugin: received command -> speed=[0m[1;36m0[0m[1;36m dir=[0m[1;36m0[0m[1;36m
[gzserver-2] [0m[1;36m[Dbg] [wind_plugin.cpp:110] [0m[1;36mWindPlugin: received command -> speed=[0m[1;36m0[0m[1;36m dir=[0m[1;36m0[0m[1;36m
[gzserver-2] [0m[1;36m[Dbg] [wind_plugin.cpp:110] [0m[1;36mWindPlugin: received command -> speed=[0m[1;36m0[0m[1;36m dir=[0m[1;36m0[0m[1;36m
[gzserver-2] [0m[1;36m[Dbg] [wind_plugin.cpp:110] [0m[1;36mWindPlugin: received command -> speed=[0m[1;36m0[0m[1;36m dir=[0m[1;36m0[0m[1;36m
[gzserver-2] [0m[1;36m[Dbg] [wind_plugin.cpp:110] [0m[1;36mWindPlugin: received command -> speed=[0m[1;36m0[0m[1;36m dir=[0m[1;36m0[0m[1;36m
[gzserver-2] [0m[1;36m[Dbg] [wind_plugin.cpp:110] [0m[1;36mWindPlugin: received command -> speed=[0m[1;36m0[0m[1;36m dir=[0m[1;36m0[0m[1;36m
[gzserver-2] [0mEntering flying model!
[gzserver-2] [INFO] [1773154903.280411293] [gazebo_wind_plugin_node]: WindPlugin: set wind_speed=0.00 wind_direction=0.0
[gzserver-2] [INFO] [1773154903.522585848] [gazebo_wind_plugin_node]: WindPlugin: set wind_speed=1.49 wind_direction=-82.6
[gzserver-2] [INFO] [1773154903.754135024] [gazebo_wind_plugin_node]: WindPlugin: set wind_speed=1.49 wind_direction=-82.6
[gzserver-2] [INFO] [1773154903.993823048] [gazebo_wind_plugin_node]: WindPlugin: set wind_speed=1.49 wind_direction=-82.6
[gzserver-2] [INFO] [1773154904.233409541] [gazebo_wind_plugin_node]: WindPlugin: set wind_speed=1.49 wind_direction=-82.6
[gzserver-2] [INFO] [1773154904.472886537] [gazebo_wind_plugin_node]: WindPlugin: set wind_speed=1.24 wind_direction=-86.5
[gzserver-2] [INFO] [1773154904.707038578] [gazebo_wind_plugin_node]: WindPlugin: set wind_speed=1.24 wind_direction=-86.5
[gzserver-2] [INFO] [1773154904.943788939] [gazebo_wind_plugin_node]: WindPlugin: set wind_speed=1.24 wind_direction=-86.5
[gzserver-2] [INFO] [1773154905.183292848] [gazebo_wind_plugin_node]: WindPlugin: set wind_speed=1.24 wind_direction=-86.5
[gzserver-2] [INFO] [1773154905.422352679] [gazebo_wind_plugin_node]: WindPlugin: set wind_speed=1.30 wind_direction=-85.1
[gzserver-2] [INFO] [1773154905.662090072] [gazebo_wind_plugin_node]: WindPlugin: set wind_speed=1.30 wind_direction=-85.1
[gzserver-2] [INFO] [1773154905.901399496] [gazebo_wind_plugin_node]: WindPlugin: set wind_speed=1.30 wind_direction=-85.1
[gzserver-2] [INFO] [1773154906.130095135] [gazebo_wind_plugin_node]: WindPlugin: set wind_speed=1.30 wind_direction=-85.1
[gzserver-2] [INFO] [1773154906.359080622] [gazebo_wind_plugin_node]: WindPlugin: set wind_speed=1.30 wind_direction=-85.1
[gzserver-2] [INFO] [1773154906.397123982] [drone.simple_drone]: Quadrotor lands!!
[gzserver-2] [INFO] [1773154906.598529800] [gazebo_wind_plugin_node]: WindPlugin: set wind_speed=1.46 wind_direction=-85.8
[gzserver-2] [INFO] [1773154906.834696973] [gazebo_wind_plugin_node]: WindPlugin: set wind_speed=1.46 wind_direction=-85.8
[gzserver-2] [INFO] [1773154907.074387922] [gazebo_wind_plugin_node]: WindPlugin: set wind_speed=1.46 wind_direction=-85.8
[gzserver-2] [INFO] [1773154907.313753366] [gazebo_wind_plugin_node]: WindPlugin: set wind_speed=1.46 wind_direction=-85.8
[gzserver-2] [1;36m[Dbg] [wind_plugin.cpp:110] [0m[1;36mWindPlugin: received command -> speed=[0m[1;36m0[0m[1;36m dir=[0m[1;36m0[0m[1;36m
[gzserver-2] [0m[1;36m[Dbg] [wind_plugin.cpp:110] [0m[1;36mWindPlugin: received command -> speed=[0m[1;36m1.48795[0m[1;36m dir=[0m[1;36m-82.6319[0m[1;36m
[gzserver-2] [0m[1;36m[Dbg] [wind_plugin.cpp:110] [0m[1;36mWindPlugin: received command -> speed=[0m[1;36m1.48795[0m[1;36m dir=[0m[1;36m-82.6319[0m[1;36m
[gzserver-2] [0m[1;36m[Dbg] [wind_plugin.cpp:110] [0m[1;36mWindPlugin: received command -> speed=[0m[1;36m1.48795[0m[1;36m dir=[0m[1;36m-82.6319[0m[1;36m
[gzserver-2] [0m[1;36m[Dbg] [wind_plugin.cpp:110] [0m[1;36mWindPlugin: received command -> speed=[0m[1;36m1.48795[0m[1;36m dir=[0m[1;36m-82.6319[0m[1;36m
[gzserver-2] [0m[1;36m[Dbg] [wind_plugin.cpp:110] [0m[1;36mWindPlugin: received command -> speed=[0m[1;36m1.24277[0m[1;36m dir=[0m[1;36m-86.5419[0m[1;36m
[gzserver-2] [0m[1;36m[Dbg] [wind_plugin.cpp:110] [0m[1;36mWindPlugin: received command -> speed=[0m[1;36m1.24277[0m[1;36m dir=[0m[1;36m-86.5419[0m[1;36m
[gzserver-2] [0m[1;36m[Dbg] [wind_plugin.cpp:110] [0m[1;36mWindPlugin: received command -> speed=[0m[1;36m1.24277[0m[1;36m dir=[0m[1;36m-86.5419[0m[1;36m
[gzserver-2] [0m[1;36m[Dbg] [wind_plugin.cpp:110] [0m[1;36mWindPlugin: received command -> speed=[0m[1;36m1.24277[0m[1;36m dir=[0m[1;36m-86.5419[0m[1;36m
[gzserver-2] [0m[1;36m[Dbg] [wind_plugin.cpp:110] [0m[1;36mWindPlugin: received command -> speed=[0m[1;36m1.30231[0m[1;36m dir=[0m[1;36m-85.1007[0m[1;36m
[gzserver-2] [0m[1;36m[Dbg] [wind_plugin.cpp:110] [0m[1;36mWindPlugin: received command -> speed=[0m[1;36m1.30231[0m[1;36m dir=[0m[1;36m-85.1007[0m[1;36m
[gzserver-2] [0m[1;36m[Dbg] [wind_plugin.cpp:110] [0m[1;36mWindPlugin: received command -> speed=[0m[1;36m1.30231[0m[1;36m dir=[0m[1;36m-85.1007[0m[1;36m
[gzserver-2] [0m[1;36m[Dbg] [wind_plugin.cpp:110] [0m[1;36mWindPlugin: received command -> speed=[0m[1;36m1.30231[0m[1;36m dir=[0m[1;36m-85.1007[0m[1;36m
[gzserver-2] [0m[1;36m[Dbg] [wind_plugin.cpp:110] [0m[1;36mWindPlugin: received command -> speed=[0m[1;36m1.30231[0m[1;36m dir=[0m[1;36m-85.1007[0m[1;36m
[gzserver-2] [0m[1;36m[Dbg] [wind_plugin.cpp:110] [0m[1;36mWindPlugin: received command -> speed=[0m[1;36m1.46003[0m[1;36m dir=[0m[1;36m-85.8174[0m[1;36m
[gzserver-2] [0m[1;36m[Dbg] [wind_plugin.cpp:110] [0m[1;36mWindPlugin: received command -> speed=[0m[1;36m1.46003[0m[1;36m dir=[0m[1;36m-85.8174[0m[1;36m
[gzserver-2] [0m[1;36m[Dbg] [wind_plugin.cpp:110] [0m[1;36mWindPlugin: received command -> speed=[0m[1;36m1.46003[0m[1;36m dir=[0m[1;36m-85.8174[0m[1;36m
[gzserver-2] [0m[1;36m[Dbg] [wind_plugin.cpp:110] [0m[1;36mWindPlugin: received command -> speed=[0m[1;36m1.46003[0m[1;36m dir=[0m[1;36m-85.8174[0m[1;36m
[gzserver-2] [0mLanded!
[gzserver-2] [INFO] [1773154907.553331879] [gazebo_wind_plugin_node]: WindPlugin: set wind_speed=1.42 wind_direction=-87.2
[gzserver-2] [INFO] [1773154907.792642122] [gazebo_wind_plugin_node]: WindPlugin: set wind_speed=1.42 wind_direction=-87.2
[gzserver-2] [INFO] [1773154908.027540129] [gazebo_wind_plugin_node]: WindPlugin: set wind_speed=1.42 wind_direction=-87.2
[gzserver-2] [INFO] [1773154908.266521254] [gazebo_wind_plugin_node]: WindPlugin: set wind_speed=1.42 wind_direction=-87.2
[gzserver-2] [INFO] [1773154908.495688353] [gazebo_wind_plugin_node]: WindPlugin: set wind_speed=1.31 wind_direction=-86.4
[gzserver-2] [INFO] [1773154908.735227976] [gazebo_wind_plugin_node]: WindPlugin: set wind_speed=1.31 wind_direction=-86.4
[gzserver-2] [INFO] [1773154908.974545445] [gazebo_wind_plugin_node]: WindPlugin: set wind_speed=1.31 wind_direction=-86.4
[gzserver-2] [INFO] [1773154909.210798628] [gazebo_wind_plugin_node]: WindPlugin: set wind_speed=1.31 wind_direction=-86.4
