[INFO] [launch]: All log files can be found below /home/j/.ros/log/2026-03-10-23-56-04-306228-j-2003288
[INFO] [launch]: Default logging verbosity is set to INFO
[INFO] [launch.user]: [bringup] Apriltag config: camera=/drone/bottom, image=/drone/bottom/image_raw, tags=/drone/bottom/tags, bridge=/landing_tag_state, standalone=true, use_target_id=true, target_id=0
[INFO] [rviz2-1]: process started with pid [2003289]
[INFO] [gzserver-2]: process started with pid [2003291]
[INFO] [robot_state_publisher-3]: process started with pid [2003293]
[INFO] [joint_state_publisher-4]: process started with pid [2003295]
[INFO] [spawn_drone-5]: process started with pid [2003297]
[INFO] [static_transform_publisher-6]: process started with pid [2003299]
[INFO] [joy_node-7]: process started with pid [2003301]
[INFO] [teleop_joystick-8]: process started with pid [2003303]
[INFO] [apriltag_detector_node-9]: process started with pid [2003305]
[INFO] [apriltag_state_bridge-10]: process started with pid [2003308]
[static_transform_publisher-6] [WARN] [1773154564.790716906] []: Old-style arguments are deprecated; see --help for new-style arguments
[static_transform_publisher-6] [INFO] [1773154564.797464369] [static_transform_publisher_EEkNl3PXSwkhCgGE]: Spinning until stopped - publishing transform
[static_transform_publisher-6] translation: ('0.000000', '0.000000', '0.000000')
[static_transform_publisher-6] rotation: ('0.000000', '0.000000', '0.000000', '1.000000')
[static_transform_publisher-6] from 'world' to '/drone/odom'
[robot_state_publisher-3] [INFO] [1773154564.824093339] [drone.robot_state_publisher]: got segment base_footprint
[robot_state_publisher-3] [INFO] [1773154564.824191988] [drone.robot_state_publisher]: got segment base_link
[robot_state_publisher-3] [INFO] [1773154564.824204504] [drone.robot_state_publisher]: got segment bottom_cam_link
[robot_state_publisher-3] [INFO] [1773154564.824212957] [drone.robot_state_publisher]: got segment front_cam_link
[robot_state_publisher-3] [INFO] [1773154564.824220293] [drone.robot_state_publisher]: got segment sonar_link
[rviz2-1] 
[rviz2-1] (rviz2:2003289): dbind-WARNING **: 23:56:04.824: Couldn't connect to accessibility bus: Failed to connect to socket /root/.cache/at-spi/bus_0: 허가 거부
[teleop_joystick-8] Traceback (most recent call last):
[teleop_joystick-8]   File "/home/j/INCSL/IICC26_ws/install/sjtu_drone_control/lib/sjtu_drone_control/teleop_joystick", line 33, in <module>
[teleop_joystick-8]     sys.exit(load_entry_point('sjtu_drone_control==0.0.0', 'console_scripts', 'teleop_joystick')())
[teleop_joystick-8]   File "/home/j/INCSL/IICC26_ws/install/sjtu_drone_control/lib/sjtu_drone_control/teleop_joystick", line 22, in importlib_load_entry_point
[teleop_joystick-8]     for entry_point in distribution(dist_name).entry_points
[teleop_joystick-8]   File "/usr/lib/python3.10/importlib/metadata/__init__.py", line 969, in distribution
[teleop_joystick-8]     return Distribution.from_name(distribution_name)
[teleop_joystick-8]   File "/usr/lib/python3.10/importlib/metadata/__init__.py", line 548, in from_name
[teleop_joystick-8]     raise PackageNotFoundError(name)
[teleop_joystick-8] importlib.metadata.PackageNotFoundError: No package metadata was found for sjtu_drone_control
[apriltag_detector_node-9] [INFO] [1773154564.845327990] [apriltag_detector_node]: tag detector type: umich
[ERROR] [teleop_joystick-8]: process has died [pid 2003303, exit code 1, cmd '/home/j/INCSL/IICC26_ws/install/sjtu_drone_control/lib/sjtu_drone_control/teleop_joystick --ros-args -r __ns:=/drone'].
[gzserver-2] Gazebo multi-robot simulator, version 11.10.2
[gzserver-2] Copyright (C) 2012 Open Source Robotics Foundation.
[gzserver-2] Released under the Apache 2 License.
[gzserver-2] http://gazebosim.org
[gzserver-2] 
[apriltag_state_bridge-10] [INFO] [1773154565.023715843] [apriltag_state_bridge]: AprilTag bridge started: /drone/bottom/tags -> /landing_tag_state, use_target_id=True, target_id=0
[joint_state_publisher-4] [INFO] [1773154565.065446471] [drone.joint_state_publisher]: Waiting for robot_description to be published on the robot_description topic...
[gzserver-2] [1;33m[Wrn] [gazebo_ros_init.cpp:178] [0m[1;33m
[gzserver-2] #     # ####### ####### ###  #####  #######
[gzserver-2] ##    # #     #    #     #  #     # #
[gzserver-2] # #   # #     #    #     #  #       #
[gzserver-2] #  #  # #     #    #     #  #       #####
[gzserver-2] #   # # #     #    #     #  #       #
[gzserver-2] #    ## #     #    #     #  #     # #
[gzserver-2] #     # #######    #    ###  #####  #######
[gzserver-2] 
[gzserver-2] This version of Gazebo, now called Gazebo classic, reaches end-of-life
[gzserver-2] in January 2025. Users are highly encouraged to migrate to the new Gazebo
[gzserver-2] using our migration guides (https://gazebosim.org/docs/latest/gazebo_classic_migration?utm_source=gazebo_ros_pkgs&utm_medium=cli)
[gzserver-2] 
[gzserver-2] [0m[1;33m
[rviz2-1] [INFO] [1773154565.590702408] [rviz2]: Stereo is NOT SUPPORTED
[rviz2-1] [INFO] [1773154565.590797479] [rviz2]: OpenGl version: 4.6 (GLSL 4.6)
[rviz2-1] [INFO] [1773154565.675030043] [rviz2]: Stereo is NOT SUPPORTED
[rviz2-1] [INFO] [1773154565.735128398] [rviz2]: Stereo is NOT SUPPORTED
[spawn_drone-5] [INFO] [1773154566.145983278] [spawn_drone]: Result False Entity pushed to spawn queue, but spawn service timed outwaiting for entity to appear in simulation under the name [/drone]
[gzserver-2] [1;32m[Msg] [0m[1;32mWaiting for master.[0m[1;32m
[gzserver-2] [0m[1;32m[0m[1;32m[0m[1;32m[Msg] [0m[1;32mConnected to gazebo master @ [0m[1;32mhttp://127.0.0.1:11345[0m[1;32m
[gzserver-2] [0m[1;32m[0m[1;32m[0m[1;32m[Msg] [0m[1;32mPublicized address: [0m[1;32m192.168.0.11[0m[1;32m
[gzserver-2] [0m[1;32m[0m[1;32m[0m[1;32m[Msg] [0m[1;32mLoading world file [[0m[1;32m/home/j/INCSL/IICC26_ws/install/sjtu_drone_description/share/sjtu_drone_description/worlds/landingPad.world[0m[1;32m][0m[1;32m
[gzserver-2] [0m[1;32m[0m[1;32m[0m[1;36m[Dbg] [wind_plugin.cpp:96] [0m[1;36mWindPlugin loaded: speed=[0m[1;36m0[0m[1;36m dir=[0m[1;36m0[0m[1;36m deg area=[0m[1;36m0.1[0m[1;36m coeff=[0m[1;36m1[0m[1;36m
[gzserver-2] [0m[1;33m[0m[1;33m[0m[1;31m[Err] [Sensor.cc:510] [0m[1;31mGet noise index not valid[0m[1;31m
[gzserver-2] [0m[1;31m[0m[1;31m[0m[1;31m[Err] [Sensor.cc:510] [0m[1;31mGet noise index not valid[0m[1;31m
[gzserver-2] [0m[1;31m[0m[1;31m[0m[1;31m[Err] [Sensor.cc:510] [0m[1;31mGet noise index not valid[0m[1;31m
[gzserver-2] [0m[1;31m[0m[1;31m[0m[1;31m[Err] [Sensor.cc:510] [0m[1;31mGet noise index not valid[0m[1;31m
[gzserver-2] [0m[1;31m[0m[1;31m[0m[1;31m[Err] [Sensor.cc:510] [0m[1;31mGet noise index not valid[0m[1;31m
[gzserver-2] [0m[1;31m[0m[1;31m[0m[1;31m[Err] [Sensor.cc:510] [0m[1;31mGet noise index not valid[0m[1;31m
[gzserver-2] [0m[1;31m[0m[1;31m[0mTopic [default//drone/base_footprint/down_camera/image] is not valid.
[gzserver-2] [INFO] [1773154566.175278641] [drone.collision_plugin]: Publishing contact states to [/drone/bumper_states]
[gzserver-2] Topic [default//drone/base_footprint/front_camera/image] is not valid.
[gzserver-2] [1;33m[Wrn] [Event.cc:61] [0m[1;33mWarning: Deleting a connection right after creation. [0m[1;33mMake sure to save the ConnectionPtr from a Connect call
[INFO] [spawn_drone-5]: process has finished cleanly [pid 2003297]
[gzserver-2] [0m[INFO] [1773154566.814504126] [drone.camera_bottom]: Publishing camera info to [/drone/bottom/camera_info]
[gzserver-2] [INFO] [1773154566.819477475] [drone.camera_front]: Publishing camera info to [/drone/front/camera_info]
[gzserver-2] [INFO] [1773154566.941385457] [drone.simple_drone]: The drone plugin is loading!
[gzserver-2] [INFO] [1773154566.941584752] [drone.simple_drone]: pub_odom: 1
[gzserver-2] [INFO] [1773154566.941620889] [drone.simple_drone]: Using following parameters: 
[gzserver-2] 		link_name: base_footprint,
[gzserver-2] 		max_force: 30,
[gzserver-2] 		motion_small_noise: 0,
[gzserver-2] 		motion_drift_noise: 0,
[gzserver-2] 		motion_drift_noise_time: 50,
[gzserver-2] 		takeoff_hover_height: 1.64,
[gzserver-2] 		takeoff_vertical_speed: 0.2
[gzserver-2] [INFO] [1773154566.952880788] [drone.simple_drone]: Using the PID parameters: 
[gzserver-2] 	Roll Pitch:
[gzserver-2] 		kP: 10, kI: 0,kD: 5, Limit: 0.5, Time Constant: 0
[gzserver-2] 	Yaw:
[gzserver-2] 		kP: 2, kI: 0,kD: 1, Limit: 1.5, Time Constant: 0
[gzserver-2] 	Velocity X:
[gzserver-2] 		kP: 5, kI: 0,kD: 2.3, Limit: 2, Time Constant: 0
[gzserver-2] 	Velocity Y:
[gzserver-2] 		kP: 5, kI: 0,kD: 2.3, Limit: 2, Time Constant: 0
[gzserver-2] 	Velocity Z:
[gzserver-2] 		kP: 5, kI: 0,kD: 1, Limit: -1, Time Constant: 0
[gzserver-2] 	Position XY:
[gzserver-2] 		kP: 1.1, kI: 0,kD: 0, Limit: 5, Time Constant: 0
[gzserver-2] 	Position Z:
[gzserver-2] 		kP: 1, kI: 0,kD: 0.2, Limit: -1, Time Constant: 0
[gzserver-2] [INFO] [1773154566.953012153] [drone.simple_drone]: The drone plugin finished loading!
[gzserver-2] [INFO] [1773154574.129484785] [gazebo_wind_plugin_node]: WindPlugin: set wind_speed=0.00 wind_direction=0.0
[gzserver-2] [INFO] [1773154574.417111396] [gazebo_wind_plugin_node]: WindPlugin: set wind_speed=0.00 wind_direction=0.0
[gzserver-2] [INFO] [1773154574.450438644] [drone.simple_drone]: Quadrotor takes off!!
[gzserver-2] [INFO] [1773154574.651698785] [gazebo_wind_plugin_node]: WindPlugin: set wind_speed=0.00 wind_direction=0.0
[gzserver-2] [INFO] [1773154574.897023528] [gazebo_wind_plugin_node]: WindPlugin: set wind_speed=0.00 wind_direction=0.0
[gzserver-2] [INFO] [1773154575.130724314] [gazebo_wind_plugin_node]: WindPlugin: set wind_speed=0.00 wind_direction=0.0
[gzserver-2] [INFO] [1773154575.367306111] [gazebo_wind_plugin_node]: WindPlugin: set wind_speed=0.00 wind_direction=0.0
[gzserver-2] [INFO] [1773154575.601188203] [gazebo_wind_plugin_node]: WindPlugin: set wind_speed=0.00 wind_direction=0.0
[gzserver-2] [0m[1;36m[Dbg] [wind_plugin.cpp:110] [0m[1;36mWindPlugin: received command -> speed=[0m[1;36m0[0m[1;36m dir=[0m[1;36m0[0m[1;36m
[gzserver-2] [0m[1;36m[Dbg] [wind_plugin.cpp:110] [0m[1;36mWindPlugin: received command -> speed=[0m[1;36m0[0m[1;36m dir=[0m[1;36m0[0m[1;36m
[gzserver-2] [0m[1;36m[Dbg] [wind_plugin.cpp:110] [0m[1;36mWindPlugin: received command -> speed=[0m[1;36m0[0m[1;36m dir=[0m[1;36m0[0m[1;36m
[gzserver-2] [0m[1;36m[Dbg] [wind_plugin.cpp:110] [0m[1;36mWindPlugin: received command -> speed=[0m[1;36m0[0m[1;36m dir=[0m[1;36m0[0m[1;36m
[gzserver-2] [0m[1;36m[Dbg] [wind_plugin.cpp:110] [0m[1;36mWindPlugin: received command -> speed=[0m[1;36m0[0m[1;36m dir=[0m[1;36m0[0m[1;36m
[gzserver-2] [0m[1;36m[Dbg] [wind_plugin.cpp:110] [0m[1;36mWindPlugin: received command -> speed=[0m[1;36m0[0m[1;36m dir=[0m[1;36m0[0m[1;36m
[gzserver-2] [0m[1;36m[Dbg] [wind_plugin.cpp:110] [0m[1;36mWindPlugin: received command -> speed=[0m[1;36m0[0m[1;36m dir=[0m[1;36m0[0m[1;36m
[gzserver-2] [0mEntering flying model!
[gzserver-2] [INFO] [1773154575.841750628] [gazebo_wind_plugin_node]: WindPlugin: set wind_speed=0.00 wind_direction=0.0
[gzserver-2] [INFO] [1773154576.081355612] [gazebo_wind_plugin_node]: WindPlugin: set wind_speed=1.11 wind_direction=-90.4
[gzserver-2] [INFO] [1773154576.316135650] [gazebo_wind_plugin_node]: WindPlugin: set wind_speed=1.11 wind_direction=-90.4
[gzserver-2] [INFO] [1773154576.555959270] [gazebo_wind_plugin_node]: WindPlugin: set wind_speed=1.11 wind_direction=-90.4
[gzserver-2] [INFO] [1773154576.797525258] [gazebo_wind_plugin_node]: WindPlugin: set wind_speed=1.20 wind_direction=-91.0
[gzserver-2] [INFO] [1773154577.037576789] [gazebo_wind_plugin_node]: WindPlugin: set wind_speed=1.20 wind_direction=-91.0
[gzserver-2] [INFO] [1773154577.271783752] [gazebo_wind_plugin_node]: WindPlugin: set wind_speed=1.20 wind_direction=-91.0
[gzserver-2] [INFO] [1773154577.512489078] [gazebo_wind_plugin_node]: WindPlugin: set wind_speed=1.20 wind_direction=-91.0
[gzserver-2] [INFO] [1773154577.746747318] [gazebo_wind_plugin_node]: WindPlugin: set wind_speed=1.00 wind_direction=-92.2
[gzserver-2] [INFO] [1773154577.986449921] [gazebo_wind_plugin_node]: WindPlugin: set wind_speed=1.00 wind_direction=-92.2
[gzserver-2] [INFO] [1773154578.228486014] [gazebo_wind_plugin_node]: WindPlugin: set wind_speed=1.00 wind_direction=-92.2
[gzserver-2] [INFO] [1773154578.468039784] [gazebo_wind_plugin_node]: WindPlugin: set wind_speed=1.00 wind_direction=-92.2
[gzserver-2] [INFO] [1773154578.707314397] [gazebo_wind_plugin_node]: WindPlugin: set wind_speed=1.20 wind_direction=-88.5
[gzserver-2] [INFO] [1773154578.941389825] [gazebo_wind_plugin_node]: WindPlugin: set wind_speed=1.20 wind_direction=-88.5
[gzserver-2] [INFO] [1773154578.979453833] [drone.simple_drone]: Quadrotor lands!!
[gzserver-2] [INFO] [1773154579.180837014] [gazebo_wind_plugin_node]: WindPlugin: set wind_speed=1.20 wind_direction=-88.5
[gzserver-2] [INFO] [1773154579.419832760] [gazebo_wind_plugin_node]: WindPlugin: set wind_speed=1.20 wind_direction=-88.5
[gzserver-2] [INFO] [1773154579.659981369] [gazebo_wind_plugin_node]: WindPlugin: set wind_speed=1.08 wind_direction=-90.1
[gzserver-2] [INFO] [1773154579.894285774] [gazebo_wind_plugin_node]: WindPlugin: set wind_speed=1.08 wind_direction=-90.1
[gzserver-2] [1;36m[Dbg] [wind_plugin.cpp:110] [0m[1;36mWindPlugin: received command -> speed=[0m[1;36m0[0m[1;36m dir=[0m[1;36m0[0m[1;36m
[gzserver-2] [0m[1;36m[Dbg] [wind_plugin.cpp:110] [0m[1;36mWindPlugin: received command -> speed=[0m[1;36m1.11312[0m[1;36m dir=[0m[1;36m-90.4399[0m[1;36m
[gzserver-2] [0m[1;36m[Dbg] [wind_plugin.cpp:110] [0m[1;36mWindPlugin: received command -> speed=[0m[1;36m1.11312[0m[1;36m dir=[0m[1;36m-90.4399[0m[1;36m
[gzserver-2] [0m[1;36m[Dbg] [wind_plugin.cpp:110] [0m[1;36mWindPlugin: received command -> speed=[0m[1;36m1.11312[0m[1;36m dir=[0m[1;36m-90.4399[0m[1;36m
[gzserver-2] [0m[1;36m[Dbg] [wind_plugin.cpp:110] [0m[1;36mWindPlugin: received command -> speed=[0m[1;36m1.19586[0m[1;36m dir=[0m[1;36m-91.0448[0m[1;36m
[gzserver-2] [0m[1;36m[Dbg] [wind_plugin.cpp:110] [0m[1;36mWindPlugin: received command -> speed=[0m[1;36m1.19586[0m[1;36m dir=[0m[1;36m-91.0448[0m[1;36m
[gzserver-2] [0m[1;36m[Dbg] [wind_plugin.cpp:110] [0m[1;36mWindPlugin: received command -> speed=[0m[1;36m1.19586[0m[1;36m dir=[0m[1;36m-91.0448[0m[1;36m
[gzserver-2] [0m[1;36m[Dbg] [wind_plugin.cpp:110] [0m[1;36mWindPlugin: received command -> speed=[0m[1;36m1.19586[0m[1;36m dir=[0m[1;36m-91.0448[0m[1;36m
[gzserver-2] [0m[1;36m[Dbg] [wind_plugin.cpp:110] [0m[1;36mWindPlugin: received command -> speed=[0m[1;36m0.996742[0m[1;36m dir=[0m[1;36m-92.2439[0m[1;36m
[gzserver-2] [0m[1;36m[Dbg] [wind_plugin.cpp:110] [0m[1;36mWindPlugin: received command -> speed=[0m[1;36m0.996742[0m[1;36m dir=[0m[1;36m-92.2439[0m[1;36m
[gzserver-2] [0m[1;36m[Dbg] [wind_plugin.cpp:110] [0m[1;36mWindPlugin: received command -> speed=[0m[1;36m0.996742[0m[1;36m dir=[0m[1;36m-92.2439[0m[1;36m
[gzserver-2] [0m[1;36m[Dbg] [wind_plugin.cpp:110] [0m[1;36mWindPlugin: received command -> speed=[0m[1;36m0.996742[0m[1;36m dir=[0m[1;36m-92.2439[0m[1;36m
[gzserver-2] [0m[1;36m[Dbg] [wind_plugin.cpp:110] [0m[1;36mWindPlugin: received command -> speed=[0m[1;36m1.19616[0m[1;36m dir=[0m[1;36m-88.5485[0m[1;36m
[gzserver-2] [0m[1;36m[Dbg] [wind_plugin.cpp:110] [0m[1;36mWindPlugin: received command -> speed=[0m[1;36m1.19616[0m[1;36m dir=[0m[1;36m-88.5485[0m[1;36m
[gzserver-2] [0m[1;36m[Dbg] [wind_plugin.cpp:110] [0m[1;36mWindPlugin: received command -> speed=[0m[1;36m1.19616[0m[1;36m dir=[0m[1;36m-88.5485[0m[1;36m
[gzserver-2] [0m[1;36m[Dbg] [wind_plugin.cpp:110] [0m[1;36mWindPlugin: received command -> speed=[0m[1;36m1.19616[0m[1;36m dir=[0m[1;36m-88.5485[0m[1;36m
[gzserver-2] [0m[1;36m[Dbg] [wind_plugin.cpp:110] [0m[1;36mWindPlugin: received command -> speed=[0m[1;36m1.07972[0m[1;36m dir=[0m[1;36m-90.1316[0m[1;36m
[gzserver-2] [0m[1;36m[Dbg] [wind_plugin.cpp:110] [0m[1;36mWindPlugin: received command -> speed=[0m[1;36m1.07972[0m[1;36m dir=[0m[1;36m-90.1316[0m[1;36m
[gzserver-2] [0mLanded!
[gzserver-2] [INFO] [1773154580.134022524] [gazebo_wind_plugin_node]: WindPlugin: set wind_speed=1.08 wind_direction=-90.1
[gzserver-2] [INFO] [1773154580.369036158] [gazebo_wind_plugin_node]: WindPlugin: set wind_speed=1.08 wind_direction=-90.1
[gzserver-2] [INFO] [1773154580.609888176] [gazebo_wind_plugin_node]: WindPlugin: set wind_speed=1.08 wind_direction=-90.1
[gzserver-2] [INFO] [1773154580.849171115] [gazebo_wind_plugin_node]: WindPlugin: set wind_speed=1.08 wind_direction=-88.5
[gzserver-2] [INFO] [1773154581.088540436] [gazebo_wind_plugin_node]: WindPlugin: set wind_speed=1.08 wind_direction=-88.5
[gzserver-2] [INFO] [1773154581.327965623] [gazebo_wind_plugin_node]: WindPlugin: set wind_speed=1.08 wind_direction=-88.5
[gzserver-2] [INFO] [1773154581.568315114] [gazebo_wind_plugin_node]: WindPlugin: set wind_speed=1.08 wind_direction=-88.5
[gzserver-2] [INFO] [1773154581.807647343] [gazebo_wind_plugin_node]: WindPlugin: set wind_speed=1.43 wind_direction=-90.1
