[INFO] [launch]: All log files can be found below /home/j/.ros/log/2026-03-10-00-52-00-854130-j-633754
[INFO] [launch]: Default logging verbosity is set to INFO
[INFO] [launch.user]: [bringup] Apriltag config: camera=/drone/bottom, image=/drone/bottom/image_raw, tags=/drone/bottom/tags, bridge=/landing_tag_state, standalone=true, use_target_id=true, target_id=0
[INFO] [rviz2-1]: process started with pid [633756]
[INFO] [gzserver-2]: process started with pid [633758]
[INFO] [robot_state_publisher-3]: process started with pid [633760]
[INFO] [joint_state_publisher-4]: process started with pid [633762]
[INFO] [spawn_drone-5]: process started with pid [633764]
[INFO] [static_transform_publisher-6]: process started with pid [633766]
[INFO] [joy_node-7]: process started with pid [633768]
[INFO] [teleop_joystick-8]: process started with pid [633770]
[INFO] [apriltag_detector_node-9]: process started with pid [633772]
[INFO] [apriltag_state_bridge-10]: process started with pid [633775]
[static_transform_publisher-6] [WARN] [1773071521.329894187] []: Old-style arguments are deprecated; see --help for new-style arguments
[static_transform_publisher-6] [INFO] [1773071521.339126472] [static_transform_publisher_uGDTGqMEW6Uzg5qk]: Spinning until stopped - publishing transform
[static_transform_publisher-6] translation: ('0.000000', '0.000000', '0.000000')
[static_transform_publisher-6] rotation: ('0.000000', '0.000000', '0.000000', '1.000000')
[static_transform_publisher-6] from 'world' to '/drone/odom'
[rviz2-1] 
[rviz2-1] (rviz2:633756): dbind-WARNING **: 00:52:01.355: Couldn't connect to accessibility bus: Failed to connect to socket /root/.cache/at-spi/bus_0: 허가 거부
[robot_state_publisher-3] [INFO] [1773071521.363285379] [drone.robot_state_publisher]: got segment base_footprint
[robot_state_publisher-3] [INFO] [1773071521.363392188] [drone.robot_state_publisher]: got segment base_link
[robot_state_publisher-3] [INFO] [1773071521.363405967] [drone.robot_state_publisher]: got segment bottom_cam_link
[robot_state_publisher-3] [INFO] [1773071521.363414933] [drone.robot_state_publisher]: got segment front_cam_link
[robot_state_publisher-3] [INFO] [1773071521.363422809] [drone.robot_state_publisher]: got segment sonar_link
[apriltag_detector_node-9] [INFO] [1773071521.374712636] [apriltag_detector_node]: tag detector type: umich
[teleop_joystick-8] Traceback (most recent call last):
[teleop_joystick-8]   File "/home/j/INCSL/IICC26_ws/install/sjtu_drone_control/lib/sjtu_drone_control/teleop_joystick", line 33, in <module>
[teleop_joystick-8]     sys.exit(load_entry_point('sjtu_drone_control==0.0.0', 'console_scripts', 'teleop_joystick')())
[teleop_joystick-8]   File "/home/j/INCSL/IICC26_ws/install/sjtu_drone_control/lib/sjtu_drone_control/teleop_joystick", line 22, in importlib_load_entry_point
[teleop_joystick-8]     for entry_point in distribution(dist_name).entry_points
[teleop_joystick-8]   File "/usr/lib/python3.10/importlib/metadata/__init__.py", line 969, in distribution
[teleop_joystick-8]     return Distribution.from_name(distribution_name)
[teleop_joystick-8]   File "/usr/lib/python3.10/importlib/metadata/__init__.py", line 548, in from_name
[teleop_joystick-8]     raise PackageNotFoundError(name)
[teleop_joystick-8] importlib.metadata.PackageNotFoundError: No package metadata was found for sjtu_drone_control
[ERROR] [teleop_joystick-8]: process has died [pid 633770, exit code 1, cmd '/home/j/INCSL/IICC26_ws/install/sjtu_drone_control/lib/sjtu_drone_control/teleop_joystick --ros-args -r __ns:=/drone'].
[gzserver-2] Gazebo multi-robot simulator, version 11.10.2
[gzserver-2] Copyright (C) 2012 Open Source Robotics Foundation.
[gzserver-2] Released under the Apache 2 License.
[gzserver-2] http://gazebosim.org
[gzserver-2] 
[apriltag_state_bridge-10] [INFO] [1773071521.648989990] [apriltag_state_bridge]: AprilTag bridge started: /drone/bottom/tags -> /landing_tag_state, use_target_id=True, target_id=0
[joint_state_publisher-4] [INFO] [1773071521.659802594] [drone.joint_state_publisher]: Waiting for robot_description to be published on the robot_description topic...
[gzserver-2] [1;33m[Wrn] [gazebo_ros_init.cpp:178] [0m[1;33m
[gzserver-2] #     # ####### ####### ###  #####  #######
[gzserver-2] ##    # #     #    #     #  #     # #
[gzserver-2] # #   # #     #    #     #  #       #
[gzserver-2] #  #  # #     #    #     #  #       #####
[gzserver-2] #   # # #     #    #     #  #       #
[gzserver-2] #    ## #     #    #     #  #     # #
[gzserver-2] #     # #######    #    ###  #####  #######
[gzserver-2] 
[gzserver-2] This version of Gazebo, now called Gazebo classic, reaches end-of-life
[gzserver-2] in January 2025. Users are highly encouraged to migrate to the new Gazebo
[gzserver-2] using our migration guides (https://gazebosim.org/docs/latest/gazebo_classic_migration?utm_source=gazebo_ros_pkgs&utm_medium=cli)
[gzserver-2] 
[gzserver-2] [0m[1;33m
[rviz2-1] [INFO] [1773071522.066916564] [rviz2]: Stereo is NOT SUPPORTED
[rviz2-1] [INFO] [1773071522.067039228] [rviz2]: OpenGl version: 4.6 (GLSL 4.6)
[rviz2-1] [INFO] [1773071522.232729750] [rviz2]: Stereo is NOT SUPPORTED
[rviz2-1] [INFO] [1773071522.321254060] [rviz2]: Stereo is NOT SUPPORTED
[spawn_drone-5] [INFO] [1773071522.813975216] [spawn_drone]: Result False Entity pushed to spawn queue, but spawn service timed outwaiting for entity to appear in simulation under the name [/drone]
[gzserver-2] [1;32m[Msg] [0m[1;32mWaiting for master.[0m[1;32m
[gzserver-2] [0m[1;32m[0m[1;32m[0m[1;32m[Msg] [0m[1;32mConnected to gazebo master @ [0m[1;32mhttp://127.0.0.1:11345[0m[1;32m
[gzserver-2] [0m[1;32m[0m[1;32m[0m[1;32m[Msg] [0m[1;32mPublicized address: [0m[1;32m192.168.0.11[0m[1;32m
[gzserver-2] [0m[1;32m[0m[1;32m[0m[1;32m[Msg] [0m[1;32mLoading world file [[0m[1;32m/home/j/INCSL/IICC26_ws/install/sjtu_drone_description/share/sjtu_drone_description/worlds/landingPad.world[0m[1;32m][0m[1;32m
[gzserver-2] [0m[1;32m[0m[1;32m[0m[1;36m[Dbg] [wind_plugin.cpp:96] [0m[1;36mWindPlugin loaded: speed=[0m[1;36m0[0m[1;36m dir=[0m[1;36m0[0m[1;36m deg area=[0m[1;36m0.1[0m[1;36m coeff=[0m[1;36m1[0m[1;36m
[gzserver-2] [0m[1;33m[0m[1;33m[0m[1;31m[Err] [Sensor.cc:510] [0m[1;31mGet noise index not valid[0m[1;31m
[gzserver-2] [0m[1;31m[0m[1;31m[0m[1;31m[Err] [Sensor.cc:510] [0m[1;31mGet noise index not valid[0m[1;31m
[gzserver-2] [0m[1;31m[0m[1;31m[0m[1;31m[Err] [Sensor.cc:510] [0m[1;31mGet noise index not valid[0m[1;31m
[gzserver-2] [0m[1;31m[0m[1;31m[0m[1;31m[Err] [Sensor.cc:510] [0m[1;31mGet noise index not valid[0m[1;31m
[gzserver-2] [0m[1;31m[0m[1;31m[0m[1;31m[Err] [Sensor.cc:510] [0m[1;31mGet noise index not valid[0m[1;31m
[gzserver-2] [0m[1;31m[0m[1;31m[0m[1;31m[Err] [Sensor.cc:510] [0m[1;31mGet noise index not valid[0m[1;31m
[gzserver-2] [0m[1;31m[0m[1;31m[0mTopic [default//drone/base_footprint/down_camera/image] is not valid.
[gzserver-2] [INFO] [1773071522.845754379] [drone.collision_plugin]: Publishing contact states to [/drone/bumper_states]
[gzserver-2] Topic [default//drone/base_footprint/front_camera/image] is not valid.
[gzserver-2] [1;33m[Wrn] [Event.cc:61] [0m[1;33mWarning: Deleting a connection right after creation. [0m[1;33mMake sure to save the ConnectionPtr from a Connect call
[INFO] [spawn_drone-5]: process has finished cleanly [pid 633764]
[gzserver-2] [0m[INFO] [1773071523.430307802] [drone.camera_bottom]: Publishing camera info to [/drone/bottom/camera_info]
[gzserver-2] [INFO] [1773071523.433148628] [drone.camera_front]: Publishing camera info to [/drone/front/camera_info]
[gzserver-2] [INFO] [1773071523.555180427] [drone.simple_drone]: The drone plugin is loading!
[gzserver-2] [INFO] [1773071523.555386143] [drone.simple_drone]: pub_odom: 1
[gzserver-2] [INFO] [1773071523.555419623] [drone.simple_drone]: Using following parameters: 
[gzserver-2] 		link_name: base_footprint,
[gzserver-2] 		max_force: 30,
[gzserver-2] 		motion_small_noise: 0,
[gzserver-2] 		motion_drift_noise: 0,
[gzserver-2] 		motion_drift_noise_time: 50,
[gzserver-2] 		takeoff_hover_height: 2.39,
[gzserver-2] 		takeoff_vertical_speed: 0.2
[gzserver-2] [INFO] [1773071523.567091401] [drone.simple_drone]: Using the PID parameters: 
[gzserver-2] 	Roll Pitch:
[gzserver-2] 		kP: 10, kI: 0,kD: 5, Limit: 0.5, Time Constant: 0
[gzserver-2] 	Yaw:
[gzserver-2] 		kP: 2, kI: 0,kD: 1, Limit: 1.5, Time Constant: 0
[gzserver-2] 	Velocity X:
[gzserver-2] 		kP: 5, kI: 0,kD: 2.3, Limit: 2, Time Constant: 0
[gzserver-2] 	Velocity Y:
[gzserver-2] 		kP: 5, kI: 0,kD: 2.3, Limit: 2, Time Constant: 0
[gzserver-2] 	Velocity Z:
[gzserver-2] 		kP: 5, kI: 0,kD: 1, Limit: -1, Time Constant: 0
[gzserver-2] 	Position XY:
[gzserver-2] 		kP: 1.1, kI: 0,kD: 0, Limit: 5, Time Constant: 0
[gzserver-2] 	Position Z:
[gzserver-2] 		kP: 1, kI: 0,kD: 0.2, Limit: -1, Time Constant: 0
[gzserver-2] [INFO] [1773071523.567230288] [drone.simple_drone]: The drone plugin finished loading!
[gzserver-2] [INFO] [1773071530.672768569] [gazebo_wind_plugin_node]: WindPlugin: set wind_speed=0.00 wind_direction=0.0
[gzserver-2] [INFO] [1773071530.944288264] [gazebo_wind_plugin_node]: WindPlugin: set wind_speed=0.00 wind_direction=0.0
[gzserver-2] [INFO] [1773071530.982454830] [drone.simple_drone]: Quadrotor takes off!!
[gzserver-2] [INFO] [1773071531.183305249] [gazebo_wind_plugin_node]: WindPlugin: set wind_speed=0.00 wind_direction=0.0
[gzserver-2] [INFO] [1773071531.422034591] [gazebo_wind_plugin_node]: WindPlugin: set wind_speed=0.00 wind_direction=0.0
[gzserver-2] [INFO] [1773071531.661241796] [gazebo_wind_plugin_node]: WindPlugin: set wind_speed=0.00 wind_direction=0.0
[gzserver-2] [INFO] [1773071531.900508360] [gazebo_wind_plugin_node]: WindPlugin: set wind_speed=0.00 wind_direction=0.0
[gzserver-2] [INFO] [1773071532.141277433] [gazebo_wind_plugin_node]: WindPlugin: set wind_speed=0.00 wind_direction=0.0
[gzserver-2] [INFO] [1773071532.370515850] [gazebo_wind_plugin_node]: WindPlugin: set wind_speed=0.00 wind_direction=0.0
[gzserver-2] [INFO] [1773071532.609833555] [gazebo_wind_plugin_node]: WindPlugin: set wind_speed=0.00 wind_direction=0.0
[gzserver-2] [0m[1;36m[Dbg] [wind_plugin.cpp:110] [0m[1;36mWindPlugin: received command -> speed=[0m[1;36m0[0m[1;36m dir=[0m[1;36m0[0m[1;36m
[gzserver-2] [0m[1;36m[Dbg] [wind_plugin.cpp:110] [0m[1;36mWindPlugin: received command -> speed=[0m[1;36m0[0m[1;36m dir=[0m[1;36m0[0m[1;36m
[gzserver-2] [0m[1;36m[Dbg] [wind_plugin.cpp:110] [0m[1;36mWindPlugin: received command -> speed=[0m[1;36m0[0m[1;36m dir=[0m[1;36m0[0m[1;36m
[gzserver-2] [0m[1;36m[Dbg] [wind_plugin.cpp:110] [0m[1;36mWindPlugin: received command -> speed=[0m[1;36m0[0m[1;36m dir=[0m[1;36m0[0m[1;36m
[gzserver-2] [0m[1;36m[Dbg] [wind_plugin.cpp:110] [0m[1;36mWindPlugin: received command -> speed=[0m[1;36m0[0m[1;36m dir=[0m[1;36m0[0m[1;36m
[gzserver-2] [0m[1;36m[Dbg] [wind_plugin.cpp:110] [0m[1;36mWindPlugin: received command -> speed=[0m[1;36m0[0m[1;36m dir=[0m[1;36m0[0m[1;36m
[gzserver-2] [0m[1;36m[Dbg] [wind_plugin.cpp:110] [0m[1;36mWindPlugin: received command -> speed=[0m[1;36m0[0m[1;36m dir=[0m[1;36m0[0m[1;36m
[gzserver-2] [0m[1;36m[Dbg] [wind_plugin.cpp:110] [0m[1;36mWindPlugin: received command -> speed=[0m[1;36m0[0m[1;36m dir=[0m[1;36m0[0m[1;36m
[gzserver-2] [0m[1;36m[Dbg] [wind_plugin.cpp:110] [0m[1;36mWindPlugin: received command -> speed=[0m[1;36m0[0m[1;36m dir=[0m[1;36m0[0m[1;36m
[gzserver-2] [0mEntering flying model!
[gzserver-2] [INFO] [1773071532.844361024] [gazebo_wind_plugin_node]: WindPlugin: set wind_speed=0.00 wind_direction=0.0
[gzserver-2] [INFO] [1773071533.079666870] [gazebo_wind_plugin_node]: WindPlugin: set wind_speed=0.98 wind_direction=3.9
[gzserver-2] [INFO] [1773071533.318355793] [gazebo_wind_plugin_node]: WindPlugin: set wind_speed=0.83 wind_direction=7.1
[gzserver-2] [INFO] [1773071533.554487070] [gazebo_wind_plugin_node]: WindPlugin: set wind_speed=0.83 wind_direction=7.1
[gzserver-2] [INFO] [1773071533.795137122] [gazebo_wind_plugin_node]: WindPlugin: set wind_speed=0.83 wind_direction=7.1
[gzserver-2] [INFO] [1773071534.034265234] [gazebo_wind_plugin_node]: WindPlugin: set wind_speed=0.83 wind_direction=7.1
[gzserver-2] [INFO] [1773071534.269894916] [gazebo_wind_plugin_node]: WindPlugin: set wind_speed=0.86 wind_direction=7.1
[gzserver-2] [INFO] [1773071534.510665442] [gazebo_wind_plugin_node]: WindPlugin: set wind_speed=0.86 wind_direction=7.1
[gzserver-2] [INFO] [1773071534.751863495] [gazebo_wind_plugin_node]: WindPlugin: set wind_speed=0.86 wind_direction=7.1
[gzserver-2] [INFO] [1773071534.981143673] [gazebo_wind_plugin_node]: WindPlugin: set wind_speed=0.86 wind_direction=7.1
[gzserver-2] [INFO] [1773071535.216111563] [gazebo_wind_plugin_node]: WindPlugin: set wind_speed=0.98 wind_direction=8.2
[gzserver-2] [INFO] [1773071535.455161082] [gazebo_wind_plugin_node]: WindPlugin: set wind_speed=0.98 wind_direction=8.2
[gzserver-2] [INFO] [1773071535.689356801] [gazebo_wind_plugin_node]: WindPlugin: set wind_speed=0.98 wind_direction=8.2
[gzserver-2] [INFO] [1773071535.928293476] [gazebo_wind_plugin_node]: WindPlugin: set wind_speed=0.98 wind_direction=8.2
[gzserver-2] [INFO] [1773071536.157433451] [gazebo_wind_plugin_node]: WindPlugin: set wind_speed=0.98 wind_direction=8.2
[gzserver-2] [INFO] [1773071536.396845535] [gazebo_wind_plugin_node]: WindPlugin: set wind_speed=0.99 wind_direction=10.2
[gzserver-2] [INFO] [1773071536.635347371] [gazebo_wind_plugin_node]: WindPlugin: set wind_speed=0.99 wind_direction=10.2
[gzserver-2] [INFO] [1773071536.875424860] [gazebo_wind_plugin_node]: WindPlugin: set wind_speed=0.99 wind_direction=10.2
[gzserver-2] [INFO] [1773071537.114300987] [gazebo_wind_plugin_node]: WindPlugin: set wind_speed=0.99 wind_direction=10.2
[gzserver-2] [INFO] [1773071537.353814803] [gazebo_wind_plugin_node]: WindPlugin: set wind_speed=0.82 wind_direction=12.4
[gzserver-2] [INFO] [1773071537.588158774] [gazebo_wind_plugin_node]: WindPlugin: set wind_speed=0.82 wind_direction=12.4
[gzserver-2] [INFO] [1773071537.822392921] [gazebo_wind_plugin_node]: WindPlugin: set wind_speed=0.82 wind_direction=12.4
[gzserver-2] [INFO] [1773071538.062219635] [gazebo_wind_plugin_node]: WindPlugin: set wind_speed=0.82 wind_direction=12.4
[gzserver-2] [INFO] [1773071538.296165765] [gazebo_wind_plugin_node]: WindPlugin: set wind_speed=0.62 wind_direction=12.8
[gzserver-2] [INFO] [1773071538.538140163] [gazebo_wind_plugin_node]: WindPlugin: set wind_speed=0.62 wind_direction=12.8
[gzserver-2] [INFO] [1773071538.576168942] [drone.simple_drone]: Quadrotor lands!!
[gzserver-2] [INFO] [1773071538.777564757] [gazebo_wind_plugin_node]: WindPlugin: set wind_speed=0.62 wind_direction=12.8
[gzserver-2] [INFO] [1773071539.012374324] [gazebo_wind_plugin_node]: WindPlugin: set wind_speed=0.62 wind_direction=12.8
[gzserver-2] [1;36m[Dbg] [wind_plugin.cpp:110] [0m[1;36mWindPlugin: received command -> speed=[0m[1;36m0[0m[1;36m dir=[0m[1;36m0[0m[1;36m
[gzserver-2] [0m[1;36m[Dbg] [wind_plugin.cpp:110] [0m[1;36mWindPlugin: received command -> speed=[0m[1;36m0.982615[0m[1;36m dir=[0m[1;36m3.92309[0m[1;36m
[gzserver-2] [0m[1;36m[Dbg] [wind_plugin.cpp:110] [0m[1;36mWindPlugin: received command -> speed=[0m[1;36m0.834823[0m[1;36m dir=[0m[1;36m7.09823[0m[1;36m
[gzserver-2] [0m[1;36m[Dbg] [wind_plugin.cpp:110] [0m[1;36mWindPlugin: received command -> speed=[0m[1;36m0.834823[0m[1;36m dir=[0m[1;36m7.09823[0m[1;36m
[gzserver-2] [0m[1;36m[Dbg] [wind_plugin.cpp:110] [0m[1;36mWindPlugin: received command -> speed=[0m[1;36m0.834823[0m[1;36m dir=[0m[1;36m7.09823[0m[1;36m
[gzserver-2] [0m[1;36m[Dbg] [wind_plugin.cpp:110] [0m[1;36mWindPlugin: received command -> speed=[0m[1;36m0.834823[0m[1;36m dir=[0m[1;36m7.09823[0m[1;36m
[gzserver-2] [0m[1;36m[Dbg] [wind_plugin.cpp:110] [0m[1;36mWindPlugin: received command -> speed=[0m[1;36m0.857607[0m[1;36m dir=[0m[1;36m7.06012[0m[1;36m
[gzserver-2] [0m[1;36m[Dbg] [wind_plugin.cpp:110] [0m[1;36mWindPlugin: received command -> speed=[0m[1;36m0.857607[0m[1;36m dir=[0m[1;36m7.06012[0m[1;36m
[gzserver-2] [0m[1;36m[Dbg] [wind_plugin.cpp:110] [0m[1;36mWindPlugin: received command -> speed=[0m[1;36m0.857607[0m[1;36m dir=[0m[1;36m7.06012[0m[1;36m
[gzserver-2] [0m[1;36m[Dbg] [wind_plugin.cpp:110] [0m[1;36mWindPlugin: received command -> speed=[0m[1;36m0.857607[0m[1;36m dir=[0m[1;36m7.06012[0m[1;36m
[gzserver-2] [0m[1;36m[Dbg] [wind_plugin.cpp:110] [0m[1;36mWindPlugin: received command -> speed=[0m[1;36m0.975555[0m[1;36m dir=[0m[1;36m8.18175[0m[1;36m
[gzserver-2] [0m[1;36m[Dbg] [wind_plugin.cpp:110] [0m[1;36mWindPlugin: received command -> speed=[0m[1;36m0.975555[0m[1;36m dir=[0m[1;36m8.18175[0m[1;36m
[gzserver-2] [0m[1;36m[Dbg] [wind_plugin.cpp:110] [0m[1;36mWindPlugin: received command -> speed=[0m[1;36m0.975555[0m[1;36m dir=[0m[1;36m8.18175[0m[1;36m
[gzserver-2] [0m[1;36m[Dbg] [wind_plugin.cpp:110] [0m[1;36mWindPlugin: received command -> speed=[0m[1;36m0.975555[0m[1;36m dir=[0m[1;36m8.18175[0m[1;36m
[gzserver-2] [0m[1;36m[Dbg] [wind_plugin.cpp:110] [0m[1;36mWindPlugin: received command -> speed=[0m[1;36m0.975555[0m[1;36m dir=[0m[1;36m8.18175[0m[1;36m
[gzserver-2] [0m[1;36m[Dbg] [wind_plugin.cpp:110] [0m[1;36mWindPlugin: received command -> speed=[0m[1;36m0.989238[0m[1;36m dir=[0m[1;36m10.2235[0m[1;36m
[gzserver-2] [0m[1;36m[Dbg] [wind_plugin.cpp:110] [0m[1;36mWindPlugin: received command -> speed=[0m[1;36m0.989238[0m[1;36m dir=[0m[1;36m10.2235[0m[1;36m
[gzserver-2] [0m[1;36m[Dbg] [wind_plugin.cpp:110] [0m[1;36mWindPlugin: received command -> speed=[0m[1;36m0.989238[0m[1;36m dir=[0m[1;36m10.2235[0m[1;36m
[gzserver-2] [0m[1;36m[Dbg] [wind_plugin.cpp:110] [0m[1;36mWindPlugin: received command -> speed=[0m[1;36m0.989238[0m[1;36m dir=[0m[1;36m10.2235[0m[1;36m
[gzserver-2] [0m[1;36m[Dbg] [wind_plugin.cpp:110] [0m[1;36mWindPlugin: received command -> speed=[0m[1;36m0.816469[0m[1;36m dir=[0m[1;36m12.4137[0m[1;36m
[gzserver-2] [0m[1;36m[Dbg] [wind_plugin.cpp:110] [0m[1;36mWindPlugin: received command -> speed=[0m[1;36m0.816469[0m[1;36m dir=[0m[1;36m12.4137[0m[1;36m
[gzserver-2] [0m[1;36m[Dbg] [wind_plugin.cpp:110] [0m[1;36mWindPlugin: received command -> speed=[0m[1;36m0.816469[0m[1;36m dir=[0m[1;36m12.4137[0m[1;36m
[gzserver-2] [0m[1;36m[Dbg] [wind_plugin.cpp:110] [0m[1;36mWindPlugin: received command -> speed=[0m[1;36m0.816469[0m[1;36m dir=[0m[1;36m12.4137[0m[1;36m
[gzserver-2] [0m[1;36m[Dbg] [wind_plugin.cpp:110] [0m[1;36mWindPlugin: received command -> speed=[0m[1;36m0.616857[0m[1;36m dir=[0m[1;36m12.7952[0m[1;36m
[gzserver-2] [0m[1;36m[Dbg] [wind_plugin.cpp:110] [0m[1;36mWindPlugin: received command -> speed=[0m[1;36m0.616857[0m[1;36m dir=[0m[1;36m12.7952[0m[1;36m
[gzserver-2] [0m[1;36m[Dbg] [wind_plugin.cpp:110] [0m[1;36mWindPlugin: received command -> speed=[0m[1;36m0.616857[0m[1;36m dir=[0m[1;36m12.7952[0m[1;36m
[gzserver-2] [INFO] [1773071539.246280981] [gazebo_wind_plugin_node]: WindPlugin: set wind_speed=0.72 wind_direction=12.3
[gzserver-2] [INFO] [1773071539.487584464] [gazebo_wind_plugin_node]: WindPlugin: set wind_speed=0.72 wind_direction=12.3
[gzserver-2] [0m[1;36m[Dbg] [wind_plugin.cpp:110] [0m[1;36mWindPlugin: received command -> speed=[0m[1;36m0.616857[0m[1;36m dir=[0m[1;36m12.7952[0m[1;36m
[gzserver-2] [0m[1;36m[Dbg] [wind_plugin.cpp:110] [0m[1;36mWindPlugin: received command -> speed=[0m[1;36m0.720411[0m[1;36m dir=[0m[1;36m12.2986[0m[1;36m
[gzserver-2] [0m[1;36m[Dbg] [wind_plugin.cpp:110] [0m[1;36mWindPlugin: received command -> speed=[0m[1;36m0.720411[0m[1;36m dir=[0m[1;36m12.2986[0m[1;36m
[gzserver-2] [0mLanded!
[gzserver-2] [INFO] [1773071539.726775043] [gazebo_wind_plugin_node]: WindPlugin: set wind_speed=0.72 wind_direction=12.3
[gzserver-2] [INFO] [1773071539.967737853] [gazebo_wind_plugin_node]: WindPlugin: set wind_speed=0.72 wind_direction=12.3
[gzserver-2] [INFO] [1773071540.207923528] [gazebo_wind_plugin_node]: WindPlugin: set wind_speed=0.77 wind_direction=15.2
[gzserver-2] [INFO] [1773071540.447306396] [gazebo_wind_plugin_node]: WindPlugin: set wind_speed=0.77 wind_direction=15.2
[gzserver-2] [INFO] [1773071540.683841576] [gazebo_wind_plugin_node]: WindPlugin: set wind_speed=0.77 wind_direction=15.2
[gzserver-2] [INFO] [1773071540.922864012] [gazebo_wind_plugin_node]: WindPlugin: set wind_speed=0.77 wind_direction=15.2
[gzserver-2] [INFO] [1773071541.157390976] [gazebo_wind_plugin_node]: WindPlugin: set wind_speed=0.77 wind_direction=15.2
[gzserver-2] [INFO] [1773071541.399407843] [gazebo_wind_plugin_node]: WindPlugin: set wind_speed=1.02 wind_direction=16.4
