[INFO] [launch]: All log files can be found below /home/j/.ros/log/2026-03-11-07-53-38-908646-j-1998814
[INFO] [launch]: Default logging verbosity is set to INFO
[INFO] [launch.user]: [bringup] Apriltag config: camera=/drone/bottom, image=/drone/bottom/image_raw, tags=/drone/bottom/tags, bridge=/landing_tag_state, standalone=true, use_target_id=true, target_id=0
[INFO] [rviz2-1]: process started with pid [1998817]
[INFO] [gzserver-2]: process started with pid [1998819]
[INFO] [robot_state_publisher-3]: process started with pid [1998821]
[INFO] [joint_state_publisher-4]: process started with pid [1998823]
[INFO] [spawn_drone-5]: process started with pid [1998825]
[INFO] [static_transform_publisher-6]: process started with pid [1998827]
[INFO] [joy_node-7]: process started with pid [1998829]
[INFO] [teleop_joystick-8]: process started with pid [1998831]
[INFO] [apriltag_detector_node-9]: process started with pid [1998833]
[INFO] [apriltag_state_bridge-10]: process started with pid [1998836]
[static_transform_publisher-6] [WARN] [1773183219.379412046] []: Old-style arguments are deprecated; see --help for new-style arguments
[static_transform_publisher-6] [INFO] [1773183219.394907268] [static_transform_publisher_6vCbVkt0jz1DivYF]: Spinning until stopped - publishing transform
[static_transform_publisher-6] translation: ('0.000000', '0.000000', '0.000000')
[static_transform_publisher-6] rotation: ('0.000000', '0.000000', '0.000000', '1.000000')
[static_transform_publisher-6] from 'world' to '/drone/odom'
[apriltag_detector_node-9] [INFO] [1773183219.418549364] [apriltag_detector_node]: tag detector type: umich
[robot_state_publisher-3] [INFO] [1773183219.419850508] [drone.robot_state_publisher]: got segment base_footprint
[robot_state_publisher-3] [INFO] [1773183219.419926337] [drone.robot_state_publisher]: got segment base_link
[robot_state_publisher-3] [INFO] [1773183219.419938927] [drone.robot_state_publisher]: got segment bottom_cam_link
[robot_state_publisher-3] [INFO] [1773183219.419947079] [drone.robot_state_publisher]: got segment front_cam_link
[robot_state_publisher-3] [INFO] [1773183219.419954288] [drone.robot_state_publisher]: got segment sonar_link
[rviz2-1] 
[rviz2-1] (rviz2:1998817): dbind-WARNING **: 07:53:39.426: Couldn't connect to accessibility bus: Failed to connect to socket /root/.cache/at-spi/bus_0: 허가 거부
[teleop_joystick-8] Traceback (most recent call last):
[teleop_joystick-8]   File "/home/j/INCSL/IICC26_ws/install/sjtu_drone_control/lib/sjtu_drone_control/teleop_joystick", line 33, in <module>
[teleop_joystick-8]     sys.exit(load_entry_point('sjtu_drone_control==0.0.0', 'console_scripts', 'teleop_joystick')())
[teleop_joystick-8]   File "/home/j/INCSL/IICC26_ws/install/sjtu_drone_control/lib/sjtu_drone_control/teleop_joystick", line 22, in importlib_load_entry_point
[teleop_joystick-8]     for entry_point in distribution(dist_name).entry_points
[teleop_joystick-8]   File "/usr/lib/python3.10/importlib/metadata/__init__.py", line 969, in distribution
[teleop_joystick-8]     return Distribution.from_name(distribution_name)
[teleop_joystick-8]   File "/usr/lib/python3.10/importlib/metadata/__init__.py", line 548, in from_name
[teleop_joystick-8]     raise PackageNotFoundError(name)
[teleop_joystick-8] importlib.metadata.PackageNotFoundError: No package metadata was found for sjtu_drone_control
[ERROR] [teleop_joystick-8]: process has died [pid 1998831, exit code 1, cmd '/home/j/INCSL/IICC26_ws/install/sjtu_drone_control/lib/sjtu_drone_control/teleop_joystick --ros-args -r __ns:=/drone'].
[gzserver-2] Gazebo multi-robot simulator, version 11.10.2
[gzserver-2] Copyright (C) 2012 Open Source Robotics Foundation.
[gzserver-2] Released under the Apache 2 License.
[gzserver-2] http://gazebosim.org
[gzserver-2] 
[apriltag_state_bridge-10] [INFO] [1773183219.632815253] [apriltag_state_bridge]: AprilTag bridge started: /drone/bottom/tags -> /landing_tag_state, use_target_id=True, target_id=0
[joint_state_publisher-4] [INFO] [1773183219.633250717] [drone.joint_state_publisher]: Waiting for robot_description to be published on the robot_description topic...
[gzserver-2] [1;33m[Wrn] [gazebo_ros_init.cpp:178] [0m[1;33m
[gzserver-2] #     # ####### ####### ###  #####  #######
[gzserver-2] ##    # #     #    #     #  #     # #
[gzserver-2] # #   # #     #    #     #  #       #
[gzserver-2] #  #  # #     #    #     #  #       #####
[gzserver-2] #   # # #     #    #     #  #       #
[gzserver-2] #    ## #     #    #     #  #     # #
[gzserver-2] #     # #######    #    ###  #####  #######
[gzserver-2] 
[gzserver-2] This version of Gazebo, now called Gazebo classic, reaches end-of-life
[gzserver-2] in January 2025. Users are highly encouraged to migrate to the new Gazebo
[gzserver-2] using our migration guides (https://gazebosim.org/docs/latest/gazebo_classic_migration?utm_source=gazebo_ros_pkgs&utm_medium=cli)
[gzserver-2] 
[gzserver-2] [0m[1;33m
[rviz2-1] [INFO] [1773183220.258252692] [rviz2]: Stereo is NOT SUPPORTED
[rviz2-1] [INFO] [1773183220.258370868] [rviz2]: OpenGl version: 4.6 (GLSL 4.6)
[rviz2-1] [INFO] [1773183220.341454309] [rviz2]: Stereo is NOT SUPPORTED
[rviz2-1] [INFO] [1773183220.433602037] [rviz2]: Stereo is NOT SUPPORTED
[gzserver-2] [1;32m[Msg] [0m[1;32mWaiting for master.[0m[1;32m
[gzserver-2] [0m[1;32m[0m[1;32m[0m[1;32m[Msg] [0m[1;32mConnected to gazebo master @ [0m[1;32mhttp://127.0.0.1:11345[0m[1;32m
[gzserver-2] [0m[1;32m[0m[1;32m[0m[1;32m[Msg] [0m[1;32mPublicized address: [0m[1;32m192.168.0.11[0m[1;32m
[gzserver-2] [0m[1;32m[0m[1;32m[0m[1;32m[Msg] [0m[1;32mLoading world file [[0m[1;32m/home/j/INCSL/IICC26_ws/install/sjtu_drone_description/share/sjtu_drone_description/worlds/landingPad.world[0m[1;32m][0m[1;32m
[gzserver-2] [0m[1;32m[0m[1;32m[0m[1;36m[Dbg] [wind_plugin.cpp:96] [0m[1;36mWindPlugin loaded: speed=[0m[1;36m0[0m[1;36m dir=[0m[1;36m0[0m[1;36m deg area=[0m[1;36m0.1[0m[1;36m coeff=[0m[1;36m1[0m[1;36m
[gzserver-2] [0m[1;33m[0m[1;33m[0m[1;31m[Err] [Sensor.cc:510] [0m[1;31mGet noise index not valid[0m[1;31m
[gzserver-2] [0m[1;31m[0m[1;31m[0m[1;31m[Err] [Sensor.cc:510] [0m[1;31mGet noise index not valid[0m[1;31m
[gzserver-2] [0m[1;31m[0m[1;31m[0m[1;31m[Err] [Sensor.cc:510] [0m[1;31mGet noise index not valid[0m[1;31m
[gzserver-2] [0m[1;31m[0m[1;31m[0m[1;31m[Err] [Sensor.cc:510] [0m[1;31mGet noise index not valid[0m[1;31m
[gzserver-2] [0m[1;31m[0m[1;31m[0m[1;31m[Err] [Sensor.cc:510] [0m[1;31mGet noise index not valid[0m[1;31m
[gzserver-2] [0m[1;31m[0m[1;31m[0m[1;31m[Err] [Sensor.cc:510] [0m[1;31mGet noise index not valid[0m[1;31m
[gzserver-2] [0m[1;31m[0m[1;31m[0mTopic [default//drone/base_footprint/down_camera/image] is not valid.
[gzserver-2] [INFO] [1773183220.864943287] [drone.collision_plugin]: Publishing contact states to [/drone/bumper_states]
[gzserver-2] Topic [default//drone/base_footprint/front_camera/image] is not valid.
[gzserver-2] [1;33m[Wrn] [Event.cc:61] [0m[1;33mWarning: Deleting a connection right after creation. [0m[1;33mMake sure to save the ConnectionPtr from a Connect call
[gzserver-2] [0m[INFO] [1773183221.423554160] [drone.camera_bottom]: Publishing camera info to [/drone/bottom/camera_info]
[gzserver-2] [INFO] [1773183221.426595733] [drone.camera_front]: Publishing camera info to [/drone/front/camera_info]
[spawn_drone-5] [INFO] [1773183221.436076989] [spawn_drone]: Result True SpawnEntity: Successfully spawned entity [/drone]
[gzserver-2] [INFO] [1773183221.549140739] [drone.simple_drone]: The drone plugin is loading!
[gzserver-2] [INFO] [1773183221.549351828] [drone.simple_drone]: pub_odom: 1
[gzserver-2] [INFO] [1773183221.549385589] [drone.simple_drone]: Using following parameters: 
[gzserver-2] 		link_name: base_footprint,
[gzserver-2] 		max_force: 30,
[gzserver-2] 		motion_small_noise: 0,
[gzserver-2] 		motion_drift_noise: 0,
[gzserver-2] 		motion_drift_noise_time: 50,
[gzserver-2] 		takeoff_hover_height: 2.19,
[gzserver-2] 		takeoff_vertical_speed: 0.2
[gzserver-2] [INFO] [1773183221.561156328] [drone.simple_drone]: Using the PID parameters: 
[gzserver-2] 	Roll Pitch:
[gzserver-2] 		kP: 10, kI: 0,kD: 5, Limit: 0.5, Time Constant: 0
[gzserver-2] 	Yaw:
[gzserver-2] 		kP: 2, kI: 0,kD: 1, Limit: 1.5, Time Constant: 0
[gzserver-2] 	Velocity X:
[gzserver-2] 		kP: 5, kI: 0,kD: 2.3, Limit: 2, Time Constant: 0
[gzserver-2] 	Velocity Y:
[gzserver-2] 		kP: 5, kI: 0,kD: 2.3, Limit: 2, Time Constant: 0
[gzserver-2] 	Velocity Z:
[gzserver-2] 		kP: 5, kI: 0,kD: 1, Limit: -1, Time Constant: 0
[gzserver-2] 	Position XY:
[gzserver-2] 		kP: 1.1, kI: 0,kD: 0, Limit: 5, Time Constant: 0
[gzserver-2] 	Position Z:
[gzserver-2] 		kP: 1, kI: 0,kD: 0.2, Limit: -1, Time Constant: 0
[gzserver-2] [INFO] [1773183221.561287904] [drone.simple_drone]: The drone plugin finished loading!
[INFO] [spawn_drone-5]: process has finished cleanly [pid 1998825]
[gzserver-2] [INFO] [1773183228.747085193] [gazebo_wind_plugin_node]: WindPlugin: set wind_speed=0.00 wind_direction=0.0
[gzserver-2] [INFO] [1773183229.005840750] [gazebo_wind_plugin_node]: WindPlugin: set wind_speed=0.00 wind_direction=0.0
[gzserver-2] [INFO] [1773183229.045172315] [drone.simple_drone]: Quadrotor takes off!!
[gzserver-2] [INFO] [1773183229.246374482] [gazebo_wind_plugin_node]: WindPlugin: set wind_speed=0.00 wind_direction=0.0
[gzserver-2] [INFO] [1773183229.485955775] [gazebo_wind_plugin_node]: WindPlugin: set wind_speed=0.00 wind_direction=0.0
[gzserver-2] [INFO] [1773183229.726082342] [gazebo_wind_plugin_node]: WindPlugin: set wind_speed=0.00 wind_direction=0.0
[gzserver-2] [INFO] [1773183229.966220194] [gazebo_wind_plugin_node]: WindPlugin: set wind_speed=0.00 wind_direction=0.0
[gzserver-2] [INFO] [1773183230.205781143] [gazebo_wind_plugin_node]: WindPlugin: set wind_speed=0.00 wind_direction=0.0
[gzserver-2] [INFO] [1773183230.445041181] [gazebo_wind_plugin_node]: WindPlugin: set wind_speed=0.00 wind_direction=0.0
[gzserver-2] [INFO] [1773183230.679055882] [gazebo_wind_plugin_node]: WindPlugin: set wind_speed=0.00 wind_direction=0.0
[gzserver-2] [0m[1;36m[Dbg] [wind_plugin.cpp:110] [0m[1;36mWindPlugin: received command -> speed=[0m[1;36m0[0m[1;36m dir=[0m[1;36m0[0m[1;36m
[gzserver-2] [0m[1;36m[Dbg] [wind_plugin.cpp:110] [0m[1;36mWindPlugin: received command -> speed=[0m[1;36m0[0m[1;36m dir=[0m[1;36m0[0m[1;36m
[gzserver-2] [0m[1;36m[Dbg] [wind_plugin.cpp:110] [0m[1;36mWindPlugin: received command -> speed=[0m[1;36m0[0m[1;36m dir=[0m[1;36m0[0m[1;36m
[gzserver-2] [0m[1;36m[Dbg] [wind_plugin.cpp:110] [0m[1;36mWindPlugin: received command -> speed=[0m[1;36m0[0m[1;36m dir=[0m[1;36m0[0m[1;36m
[gzserver-2] [0m[1;36m[Dbg] [wind_plugin.cpp:110] [0m[1;36mWindPlugin: received command -> speed=[0m[1;36m0[0m[1;36m dir=[0m[1;36m0[0m[1;36m
[gzserver-2] [0m[1;36m[Dbg] [wind_plugin.cpp:110] [0m[1;36mWindPlugin: received command -> speed=[0m[1;36m0[0m[1;36m dir=[0m[1;36m0[0m[1;36m
[gzserver-2] [0m[1;36m[Dbg] [wind_plugin.cpp:110] [0m[1;36mWindPlugin: received command -> speed=[0m[1;36m0[0m[1;36m dir=[0m[1;36m0[0m[1;36m
[gzserver-2] [0m[1;36m[Dbg] [wind_plugin.cpp:110] [0m[1;36mWindPlugin: received command -> speed=[0m[1;36m0[0m[1;36m dir=[0m[1;36m0[0m[1;36m
[gzserver-2] [0m[1;36m[Dbg] [wind_plugin.cpp:110] [0m[1;36mWindPlugin: received command -> speed=[0m[1;36m0[0m[1;36m dir=[0m[1;36m0[0m[1;36m
[gzserver-2] [0mEntering flying model!
[gzserver-2] [INFO] [1773183230.913264284] [gazebo_wind_plugin_node]: WindPlugin: set wind_speed=0.00 wind_direction=0.0
[gzserver-2] [INFO] [1773183231.147680825] [gazebo_wind_plugin_node]: WindPlugin: set wind_speed=1.32 wind_direction=-49.7
[gzserver-2] [INFO] [1773183231.386933258] [gazebo_wind_plugin_node]: WindPlugin: set wind_speed=1.30 wind_direction=-49.0
[gzserver-2] [INFO] [1773183231.610759935] [gazebo_wind_plugin_node]: WindPlugin: set wind_speed=1.30 wind_direction=-49.0
[gzserver-2] [INFO] [1773183231.845654904] [gazebo_wind_plugin_node]: WindPlugin: set wind_speed=1.30 wind_direction=-49.0
[gzserver-2] [INFO] [1773183232.079373292] [gazebo_wind_plugin_node]: WindPlugin: set wind_speed=1.30 wind_direction=-49.0
[gzserver-2] [INFO] [1773183232.318400825] [gazebo_wind_plugin_node]: WindPlugin: set wind_speed=1.31 wind_direction=-49.6
[gzserver-2] [INFO] [1773183232.558227877] [gazebo_wind_plugin_node]: WindPlugin: set wind_speed=1.31 wind_direction=-49.6
[gzserver-2] [INFO] [1773183232.800718615] [gazebo_wind_plugin_node]: WindPlugin: set wind_speed=1.31 wind_direction=-49.6
[gzserver-2] [INFO] [1773183233.040393773] [gazebo_wind_plugin_node]: WindPlugin: set wind_speed=1.31 wind_direction=-49.6
[gzserver-2] [INFO] [1773183233.280211227] [gazebo_wind_plugin_node]: WindPlugin: set wind_speed=1.24 wind_direction=-47.5
[gzserver-2] [INFO] [1773183233.514409170] [gazebo_wind_plugin_node]: WindPlugin: set wind_speed=1.24 wind_direction=-47.5
[gzserver-2] [INFO] [1773183233.753533984] [gazebo_wind_plugin_node]: WindPlugin: set wind_speed=1.24 wind_direction=-47.5
[gzserver-2] [INFO] [1773183233.992787858] [gazebo_wind_plugin_node]: WindPlugin: set wind_speed=1.24 wind_direction=-47.5
[gzserver-2] [INFO] [1773183234.025890945] [drone.simple_drone]: Quadrotor lands!!
[gzserver-2] [INFO] [1773183234.227242546] [gazebo_wind_plugin_node]: WindPlugin: set wind_speed=1.24 wind_direction=-47.5
[gzserver-2] [INFO] [1773183234.467173230] [gazebo_wind_plugin_node]: WindPlugin: set wind_speed=1.26 wind_direction=-49.1
[gzserver-2] [INFO] [1773183234.701572752] [gazebo_wind_plugin_node]: WindPlugin: set wind_speed=1.26 wind_direction=-49.1
[gzserver-2] [INFO] [1773183234.930297497] [gazebo_wind_plugin_node]: WindPlugin: set wind_speed=1.26 wind_direction=-49.1
[gzserver-2] [1;36m[Dbg] [wind_plugin.cpp:110] [0m[1;36mWindPlugin: received command -> speed=[0m[1;36m0[0m[1;36m dir=[0m[1;36m0[0m[1;36m
[gzserver-2] [0m[1;36m[Dbg] [wind_plugin.cpp:110] [0m[1;36mWindPlugin: received command -> speed=[0m[1;36m1.31905[0m[1;36m dir=[0m[1;36m-49.7344[0m[1;36m
[gzserver-2] [0m[1;36m[Dbg] [wind_plugin.cpp:110] [0m[1;36mWindPlugin: received command -> speed=[0m[1;36m1.30104[0m[1;36m dir=[0m[1;36m-49.0145[0m[1;36m
[gzserver-2] [0m[1;36m[Dbg] [wind_plugin.cpp:110] [0m[1;36mWindPlugin: received command -> speed=[0m[1;36m1.30104[0m[1;36m dir=[0m[1;36m-49.0145[0m[1;36m
[gzserver-2] [0m[1;36m[Dbg] [wind_plugin.cpp:110] [0m[1;36mWindPlugin: received command -> speed=[0m[1;36m1.30104[0m[1;36m dir=[0m[1;36m-49.0145[0m[1;36m
[gzserver-2] [0m[1;36m[Dbg] [wind_plugin.cpp:110] [0m[1;36mWindPlugin: received command -> speed=[0m[1;36m1.30104[0m[1;36m dir=[0m[1;36m-49.0145[0m[1;36m
[gzserver-2] [0m[1;36m[Dbg] [wind_plugin.cpp:110] [0m[1;36mWindPlugin: received command -> speed=[0m[1;36m1.31035[0m[1;36m dir=[0m[1;36m-49.6244[0m[1;36m
[gzserver-2] [0m[1;36m[Dbg] [wind_plugin.cpp:110] [0m[1;36mWindPlugin: received command -> speed=[0m[1;36m1.31035[0m[1;36m dir=[0m[1;36m-49.6244[0m[1;36m
[gzserver-2] [0m[1;36m[Dbg] [wind_plugin.cpp:110] [0m[1;36mWindPlugin: received command -> speed=[0m[1;36m1.31035[0m[1;36m dir=[0m[1;36m-49.6244[0m[1;36m
[gzserver-2] [0m[1;36m[Dbg] [wind_plugin.cpp:110] [0m[1;36mWindPlugin: received command -> speed=[0m[1;36m1.31035[0m[1;36m dir=[0m[1;36m-49.6244[0m[1;36m
[gzserver-2] [0m[1;36m[Dbg] [wind_plugin.cpp:110] [0m[1;36mWindPlugin: received command -> speed=[0m[1;36m1.24342[0m[1;36m dir=[0m[1;36m-47.4844[0m[1;36m
[gzserver-2] [0m[1;36m[Dbg] [wind_plugin.cpp:110] [0m[1;36mWindPlugin: received command -> speed=[0m[1;36m1.24342[0m[1;36m dir=[0m[1;36m-47.4844[0m[1;36m
[gzserver-2] [0m[1;36m[Dbg] [wind_plugin.cpp:110] [0m[1;36mWindPlugin: received command -> speed=[0m[1;36m1.24342[0m[1;36m dir=[0m[1;36m-47.4844[0m[1;36m
[gzserver-2] [0m[1;36m[Dbg] [wind_plugin.cpp:110] [0m[1;36mWindPlugin: received command -> speed=[0m[1;36m1.24342[0m[1;36m dir=[0m[1;36m-47.4844[0m[1;36m
[gzserver-2] [0m[1;36m[Dbg] [wind_plugin.cpp:110] [0m[1;36mWindPlugin: received command -> speed=[0m[1;36m1.24342[0m[1;36m dir=[0m[1;36m-47.4844[0m[1;36m
[gzserver-2] [0m[1;36m[Dbg] [wind_plugin.cpp:110] [0m[1;36mWindPlugin: received command -> speed=[0m[1;36m1.25536[0m[1;36m dir=[0m[1;36m-49.1118[0m[1;36m
[gzserver-2] [0m[1;36m[Dbg] [wind_plugin.cpp:110] [0m[1;36mWindPlugin: received command -> speed=[0m[1;36m1.25536[0m[1;36m dir=[0m[1;36m-49.1118[0m[1;36m
[gzserver-2] [0m[1;36m[Dbg] [wind_plugin.cpp:110] [0m[1;36mWindPlugin: received command -> speed=[0m[1;36m1.25536[0m[1;36m dir=[0m[1;36m-49.1118[0m[1;36m
[gzserver-2] [0mLanded!
[gzserver-2] [INFO] [1773183235.169875566] [gazebo_wind_plugin_node]: WindPlugin: set wind_speed=1.26 wind_direction=-49.1
[gzserver-2] [INFO] [1773183235.404354869] [gazebo_wind_plugin_node]: WindPlugin: set wind_speed=1.33 wind_direction=-49.4
[gzserver-2] [INFO] [1773183235.633477537] [gazebo_wind_plugin_node]: WindPlugin: set wind_speed=1.33 wind_direction=-49.4
[gzserver-2] [INFO] [1773183235.873948905] [gazebo_wind_plugin_node]: WindPlugin: set wind_speed=1.33 wind_direction=-49.4
[gzserver-2] [INFO] [1773183236.108321948] [gazebo_wind_plugin_node]: WindPlugin: set wind_speed=1.33 wind_direction=-49.4
[gzserver-2] [INFO] [1773183236.348778629] [gazebo_wind_plugin_node]: WindPlugin: set wind_speed=1.32 wind_direction=-48.2
[gzserver-2] [INFO] [1773183236.583129140] [gazebo_wind_plugin_node]: WindPlugin: set wind_speed=1.32 wind_direction=-48.2
[gzserver-2] [INFO] [1773183236.823236431] [gazebo_wind_plugin_node]: WindPlugin: set wind_speed=1.32 wind_direction=-48.2
