[INFO] [launch]: All log files can be found below /home/j/.ros/log/2026-03-10-21-08-24-697298-j-572658
[INFO] [launch]: Default logging verbosity is set to INFO
[INFO] [launch.user]: [bringup] Apriltag config: camera=/drone/bottom, image=/drone/bottom/image_raw, tags=/drone/bottom/tags, bridge=/landing_tag_state, standalone=true, use_target_id=true, target_id=0
[INFO] [rviz2-1]: process started with pid [572661]
[INFO] [gzserver-2]: process started with pid [572663]
[INFO] [robot_state_publisher-3]: process started with pid [572665]
[INFO] [joint_state_publisher-4]: process started with pid [572667]
[INFO] [spawn_drone-5]: process started with pid [572669]
[INFO] [static_transform_publisher-6]: process started with pid [572671]
[INFO] [joy_node-7]: process started with pid [572673]
[INFO] [teleop_joystick-8]: process started with pid [572675]
[INFO] [apriltag_detector_node-9]: process started with pid [572677]
[INFO] [apriltag_state_bridge-10]: process started with pid [572679]
[static_transform_publisher-6] [WARN] [1773144505.191621695] []: Old-style arguments are deprecated; see --help for new-style arguments
[static_transform_publisher-6] [INFO] [1773144505.198112766] [static_transform_publisher_u3sLi7ChMCtgn2aK]: Spinning until stopped - publishing transform
[static_transform_publisher-6] translation: ('0.000000', '0.000000', '0.000000')
[static_transform_publisher-6] rotation: ('0.000000', '0.000000', '0.000000', '1.000000')
[static_transform_publisher-6] from 'world' to '/drone/odom'
[apriltag_detector_node-9] [INFO] [1773144505.210176142] [apriltag_detector_node]: tag detector type: umich
[robot_state_publisher-3] [INFO] [1773144505.218457857] [drone.robot_state_publisher]: got segment base_footprint
[robot_state_publisher-3] [INFO] [1773144505.218555276] [drone.robot_state_publisher]: got segment base_link
[robot_state_publisher-3] [INFO] [1773144505.218567603] [drone.robot_state_publisher]: got segment bottom_cam_link
[robot_state_publisher-3] [INFO] [1773144505.218575980] [drone.robot_state_publisher]: got segment front_cam_link
[robot_state_publisher-3] [INFO] [1773144505.218582925] [drone.robot_state_publisher]: got segment sonar_link
[teleop_joystick-8] Traceback (most recent call last):
[teleop_joystick-8]   File "/home/j/INCSL/IICC26_ws/install/sjtu_drone_control/lib/sjtu_drone_control/teleop_joystick", line 33, in <module>
[teleop_joystick-8]     sys.exit(load_entry_point('sjtu_drone_control==0.0.0', 'console_scripts', 'teleop_joystick')())
[teleop_joystick-8]   File "/home/j/INCSL/IICC26_ws/install/sjtu_drone_control/lib/sjtu_drone_control/teleop_joystick", line 22, in importlib_load_entry_point
[teleop_joystick-8]     for entry_point in distribution(dist_name).entry_points
[teleop_joystick-8]   File "/usr/lib/python3.10/importlib/metadata/__init__.py", line 969, in distribution
[teleop_joystick-8]     return Distribution.from_name(distribution_name)
[teleop_joystick-8]   File "/usr/lib/python3.10/importlib/metadata/__init__.py", line 548, in from_name
[teleop_joystick-8]     raise PackageNotFoundError(name)
[teleop_joystick-8] importlib.metadata.PackageNotFoundError: No package metadata was found for sjtu_drone_control
[rviz2-1] 
[rviz2-1] (rviz2:572661): dbind-WARNING **: 21:08:25.229: Couldn't connect to accessibility bus: Failed to connect to socket /root/.cache/at-spi/bus_0: 허가 거부
[ERROR] [teleop_joystick-8]: process has died [pid 572675, exit code 1, cmd '/home/j/INCSL/IICC26_ws/install/sjtu_drone_control/lib/sjtu_drone_control/teleop_joystick --ros-args -r __ns:=/drone'].
[gzserver-2] Gazebo multi-robot simulator, version 11.10.2
[gzserver-2] Copyright (C) 2012 Open Source Robotics Foundation.
[gzserver-2] Released under the Apache 2 License.
[gzserver-2] http://gazebosim.org
[gzserver-2] 
[apriltag_state_bridge-10] [INFO] [1773144505.424359046] [apriltag_state_bridge]: AprilTag bridge started: /drone/bottom/tags -> /landing_tag_state, use_target_id=True, target_id=0
[joint_state_publisher-4] [INFO] [1773144505.460840685] [drone.joint_state_publisher]: Waiting for robot_description to be published on the robot_description topic...
[gzserver-2] [1;33m[Wrn] [gazebo_ros_init.cpp:178] [0m[1;33m
[gzserver-2] #     # ####### ####### ###  #####  #######
[gzserver-2] ##    # #     #    #     #  #     # #
[gzserver-2] # #   # #     #    #     #  #       #
[gzserver-2] #  #  # #     #    #     #  #       #####
[gzserver-2] #   # # #     #    #     #  #       #
[gzserver-2] #    ## #     #    #     #  #     # #
[gzserver-2] #     # #######    #    ###  #####  #######
[gzserver-2] 
[gzserver-2] This version of Gazebo, now called Gazebo classic, reaches end-of-life
[gzserver-2] in January 2025. Users are highly encouraged to migrate to the new Gazebo
[gzserver-2] using our migration guides (https://gazebosim.org/docs/latest/gazebo_classic_migration?utm_source=gazebo_ros_pkgs&utm_medium=cli)
[gzserver-2] 
[gzserver-2] [0m[1;33m
[rviz2-1] [INFO] [1773144505.988516273] [rviz2]: Stereo is NOT SUPPORTED
[rviz2-1] [INFO] [1773144505.988621854] [rviz2]: OpenGl version: 4.6 (GLSL 4.6)
[rviz2-1] [INFO] [1773144506.077135740] [rviz2]: Stereo is NOT SUPPORTED
[rviz2-1] [INFO] [1773144506.196344838] [rviz2]: Stereo is NOT SUPPORTED
[gzserver-2] [1;32m[Msg] [0m[1;32mWaiting for master.[0m[1;32m
[gzserver-2] [0m[1;32m[0m[1;32m[0m[1;32m[Msg] [0m[1;32mConnected to gazebo master @ [0m[1;32mhttp://127.0.0.1:11345[0m[1;32m
[gzserver-2] [0m[1;32m[0m[1;32m[0m[1;32m[Msg] [0m[1;32mPublicized address: [0m[1;32m192.168.0.11[0m[1;32m
[gzserver-2] [0m[1;32m[0m[1;32m[0m[1;32m[Msg] [0m[1;32mLoading world file [[0m[1;32m/home/j/INCSL/IICC26_ws/install/sjtu_drone_description/share/sjtu_drone_description/worlds/landingPad.world[0m[1;32m][0m[1;32m
[gzserver-2] [0m[1;32m[0m[1;32m[0m[1;36m[Dbg] [wind_plugin.cpp:96] [0m[1;36mWindPlugin loaded: speed=[0m[1;36m0[0m[1;36m dir=[0m[1;36m0[0m[1;36m deg area=[0m[1;36m0.1[0m[1;36m coeff=[0m[1;36m1[0m[1;36m
[gzserver-2] [0m[1;33m[0m[1;33m[0m[1;31m[Err] [Sensor.cc:510] [0m[1;31mGet noise index not valid[0m[1;31m
[gzserver-2] [0m[1;31m[0m[1;31m[0m[1;31m[Err] [Sensor.cc:510] [0m[1;31mGet noise index not valid[0m[1;31m
[gzserver-2] [0m[1;31m[0m[1;31m[0m[1;31m[Err] [Sensor.cc:510] [0m[1;31mGet noise index not valid[0m[1;31m
[gzserver-2] [0m[1;31m[0m[1;31m[0m[1;31m[Err] [Sensor.cc:510] [0m[1;31mGet noise index not valid[0m[1;31m
[gzserver-2] [0m[1;31m[0m[1;31m[0m[1;31m[Err] [Sensor.cc:510] [0m[1;31mGet noise index not valid[0m[1;31m
[gzserver-2] [0m[1;31m[0m[1;31m[0m[1;31m[Err] [Sensor.cc:510] [0m[1;31mGet noise index not valid[0m[1;31m
[gzserver-2] [0m[1;31m[0m[1;31m[0mTopic [default//drone/base_footprint/down_camera/image] is not valid.
[gzserver-2] [INFO] [1773144506.630307321] [drone.collision_plugin]: Publishing contact states to [/drone/bumper_states]
[gzserver-2] Topic [default//drone/base_footprint/front_camera/image] is not valid.
[gzserver-2] [1;33m[Wrn] [Event.cc:61] [0m[1;33mWarning: Deleting a connection right after creation. [0m[1;33mMake sure to save the ConnectionPtr from a Connect call
[gzserver-2] [0m[INFO] [1773144507.191633989] [drone.camera_bottom]: Publishing camera info to [/drone/bottom/camera_info]
[gzserver-2] [INFO] [1773144507.196527943] [drone.camera_front]: Publishing camera info to [/drone/front/camera_info]
[spawn_drone-5] [INFO] [1773144507.205407971] [spawn_drone]: Result True SpawnEntity: Successfully spawned entity [/drone]
[gzserver-2] [INFO] [1773144507.318335443] [drone.simple_drone]: The drone plugin is loading!
[gzserver-2] [INFO] [1773144507.318541153] [drone.simple_drone]: pub_odom: 1
[gzserver-2] [INFO] [1773144507.318576112] [drone.simple_drone]: Using following parameters: 
[gzserver-2] 		link_name: base_footprint,
[gzserver-2] 		max_force: 30,
[gzserver-2] 		motion_small_noise: 0,
[gzserver-2] 		motion_drift_noise: 0,
[gzserver-2] 		motion_drift_noise_time: 50,
[gzserver-2] 		takeoff_hover_height: 1.57,
[gzserver-2] 		takeoff_vertical_speed: 0.2
[gzserver-2] [INFO] [1773144507.330325843] [drone.simple_drone]: Using the PID parameters: 
[gzserver-2] 	Roll Pitch:
[gzserver-2] 		kP: 10, kI: 0,kD: 5, Limit: 0.5, Time Constant: 0
[gzserver-2] 	Yaw:
[gzserver-2] 		kP: 2, kI: 0,kD: 1, Limit: 1.5, Time Constant: 0
[gzserver-2] 	Velocity X:
[gzserver-2] 		kP: 5, kI: 0,kD: 2.3, Limit: 2, Time Constant: 0
[gzserver-2] 	Velocity Y:
[gzserver-2] 		kP: 5, kI: 0,kD: 2.3, Limit: 2, Time Constant: 0
[gzserver-2] 	Velocity Z:
[gzserver-2] 		kP: 5, kI: 0,kD: 1, Limit: -1, Time Constant: 0
[gzserver-2] 	Position XY:
[gzserver-2] 		kP: 1.1, kI: 0,kD: 0, Limit: 5, Time Constant: 0
[gzserver-2] 	Position Z:
[gzserver-2] 		kP: 1, kI: 0,kD: 0.2, Limit: -1, Time Constant: 0
[gzserver-2] [INFO] [1773144507.330459374] [drone.simple_drone]: The drone plugin finished loading!
[INFO] [spawn_drone-5]: process has finished cleanly [pid 572669]
[gzserver-2] [INFO] [1773144514.520420585] [gazebo_wind_plugin_node]: WindPlugin: set wind_speed=0.00 wind_direction=0.0
[gzserver-2] [INFO] [1773144514.790461418] [gazebo_wind_plugin_node]: WindPlugin: set wind_speed=0.00 wind_direction=0.0
[gzserver-2] [INFO] [1773144514.828679118] [drone.simple_drone]: Quadrotor takes off!!
[gzserver-2] [INFO] [1773144515.029861375] [gazebo_wind_plugin_node]: WindPlugin: set wind_speed=0.00 wind_direction=0.0
[gzserver-2] [INFO] [1773144515.263825086] [gazebo_wind_plugin_node]: WindPlugin: set wind_speed=0.00 wind_direction=0.0
[gzserver-2] [INFO] [1773144515.502388024] [gazebo_wind_plugin_node]: WindPlugin: set wind_speed=0.00 wind_direction=0.0
[gzserver-2] [INFO] [1773144515.741424028] [gazebo_wind_plugin_node]: WindPlugin: set wind_speed=0.00 wind_direction=0.0
[gzserver-2] [INFO] [1773144515.970012850] [gazebo_wind_plugin_node]: WindPlugin: set wind_speed=0.00 wind_direction=0.0
[gzserver-2] [0m[1;36m[Dbg] [wind_plugin.cpp:110] [0m[1;36mWindPlugin: received command -> speed=[0m[1;36m0[0m[1;36m dir=[0m[1;36m0[0m[1;36m
[gzserver-2] [0m[1;36m[Dbg] [wind_plugin.cpp:110] [0m[1;36mWindPlugin: received command -> speed=[0m[1;36m0[0m[1;36m dir=[0m[1;36m0[0m[1;36m
[gzserver-2] [0m[1;36m[Dbg] [wind_plugin.cpp:110] [0m[1;36mWindPlugin: received command -> speed=[0m[1;36m0[0m[1;36m dir=[0m[1;36m0[0m[1;36m
[gzserver-2] [0m[1;36m[Dbg] [wind_plugin.cpp:110] [0m[1;36mWindPlugin: received command -> speed=[0m[1;36m0[0m[1;36m dir=[0m[1;36m0[0m[1;36m
[gzserver-2] [0m[1;36m[Dbg] [wind_plugin.cpp:110] [0m[1;36mWindPlugin: received command -> speed=[0m[1;36m0[0m[1;36m dir=[0m[1;36m0[0m[1;36m
[gzserver-2] [0m[1;36m[Dbg] [wind_plugin.cpp:110] [0m[1;36mWindPlugin: received command -> speed=[0m[1;36m0[0m[1;36m dir=[0m[1;36m0[0m[1;36m
[gzserver-2] [0m[1;36m[Dbg] [wind_plugin.cpp:110] [0m[1;36mWindPlugin: received command -> speed=[0m[1;36m0[0m[1;36m dir=[0m[1;36m0[0m[1;36m
[gzserver-2] [0mEntering flying model!
[gzserver-2] [INFO] [1773144516.211993033] [gazebo_wind_plugin_node]: WindPlugin: set wind_speed=0.00 wind_direction=0.0
[gzserver-2] [INFO] [1773144516.451736941] [gazebo_wind_plugin_node]: WindPlugin: set wind_speed=3.62 wind_direction=-73.5
[gzserver-2] [INFO] [1773144516.685405313] [gazebo_wind_plugin_node]: WindPlugin: set wind_speed=3.62 wind_direction=-73.5
[gzserver-2] [INFO] [1773144516.924395133] [gazebo_wind_plugin_node]: WindPlugin: set wind_speed=3.62 wind_direction=-73.5
[gzserver-2] [INFO] [1773144517.163771712] [gazebo_wind_plugin_node]: WindPlugin: set wind_speed=3.79 wind_direction=-72.6
[gzserver-2] [INFO] [1773144517.405119589] [gazebo_wind_plugin_node]: WindPlugin: set wind_speed=3.79 wind_direction=-72.6
[gzserver-2] [INFO] [1773144517.638702868] [gazebo_wind_plugin_node]: WindPlugin: set wind_speed=3.79 wind_direction=-72.6
[gzserver-2] [INFO] [1773144517.877887744] [gazebo_wind_plugin_node]: WindPlugin: set wind_speed=3.79 wind_direction=-72.6
[gzserver-2] [INFO] [1773144518.117276581] [gazebo_wind_plugin_node]: WindPlugin: set wind_speed=3.61 wind_direction=-71.8
[gzserver-2] [INFO] [1773144518.356734002] [gazebo_wind_plugin_node]: WindPlugin: set wind_speed=3.61 wind_direction=-71.8
[gzserver-2] [INFO] [1773144518.595331373] [gazebo_wind_plugin_node]: WindPlugin: set wind_speed=3.61 wind_direction=-71.8
[gzserver-2] [INFO] [1773144518.830013946] [gazebo_wind_plugin_node]: WindPlugin: set wind_speed=3.61 wind_direction=-71.8
[gzserver-2] [INFO] [1773144519.069352621] [gazebo_wind_plugin_node]: WindPlugin: set wind_speed=3.64 wind_direction=-71.6
[gzserver-2] [INFO] [1773144519.308650070] [gazebo_wind_plugin_node]: WindPlugin: set wind_speed=3.64 wind_direction=-71.6
[gzserver-2] [INFO] [1773144519.346463554] [drone.simple_drone]: Quadrotor lands!!
[gzserver-2] [INFO] [1773144519.547797316] [gazebo_wind_plugin_node]: WindPlugin: set wind_speed=3.64 wind_direction=-71.6
[gzserver-2] [INFO] [1773144519.789388608] [gazebo_wind_plugin_node]: WindPlugin: set wind_speed=3.64 wind_direction=-71.6
[gzserver-2] [INFO] [1773144520.029076295] [gazebo_wind_plugin_node]: WindPlugin: set wind_speed=3.66 wind_direction=-73.8
[gzserver-2] [INFO] [1773144520.268415130] [gazebo_wind_plugin_node]: WindPlugin: set wind_speed=3.66 wind_direction=-73.8
[gzserver-2] [1;36m[Dbg] [wind_plugin.cpp:110] [0m[1;36mWindPlugin: received command -> speed=[0m[1;36m0[0m[1;36m dir=[0m[1;36m0[0m[1;36m
[gzserver-2] [0m[1;36m[Dbg] [wind_plugin.cpp:110] [0m[1;36mWindPlugin: received command -> speed=[0m[1;36m3.62104[0m[1;36m dir=[0m[1;36m-73.5491[0m[1;36m
[gzserver-2] [0m[1;36m[Dbg] [wind_plugin.cpp:110] [0m[1;36mWindPlugin: received command -> speed=[0m[1;36m3.62104[0m[1;36m dir=[0m[1;36m-73.5491[0m[1;36m
[gzserver-2] [0m[1;36m[Dbg] [wind_plugin.cpp:110] [0m[1;36mWindPlugin: received command -> speed=[0m[1;36m3.62104[0m[1;36m dir=[0m[1;36m-73.5491[0m[1;36m
[gzserver-2] [0m[1;36m[Dbg] [wind_plugin.cpp:110] [0m[1;36mWindPlugin: received command -> speed=[0m[1;36m3.78648[0m[1;36m dir=[0m[1;36m-72.5767[0m[1;36m
[gzserver-2] [0m[1;36m[Dbg] [wind_plugin.cpp:110] [0m[1;36mWindPlugin: received command -> speed=[0m[1;36m3.78648[0m[1;36m dir=[0m[1;36m-72.5767[0m[1;36m
[gzserver-2] [0m[1;36m[Dbg] [wind_plugin.cpp:110] [0m[1;36mWindPlugin: received command -> speed=[0m[1;36m3.78648[0m[1;36m dir=[0m[1;36m-72.5767[0m[1;36m
[gzserver-2] [0m[1;36m[Dbg] [wind_plugin.cpp:110] [0m[1;36mWindPlugin: received command -> speed=[0m[1;36m3.78648[0m[1;36m dir=[0m[1;36m-72.5767[0m[1;36m
[gzserver-2] [0m[1;36m[Dbg] [wind_plugin.cpp:110] [0m[1;36mWindPlugin: received command -> speed=[0m[1;36m3.60823[0m[1;36m dir=[0m[1;36m-71.8215[0m[1;36m
[gzserver-2] [0m[1;36m[Dbg] [wind_plugin.cpp:110] [0m[1;36mWindPlugin: received command -> speed=[0m[1;36m3.60823[0m[1;36m dir=[0m[1;36m-71.8215[0m[1;36m
[gzserver-2] [0m[1;36m[Dbg] [wind_plugin.cpp:110] [0m[1;36mWindPlugin: received command -> speed=[0m[1;36m3.60823[0m[1;36m dir=[0m[1;36m-71.8215[0m[1;36m
[gzserver-2] [0m[1;36m[Dbg] [wind_plugin.cpp:110] [0m[1;36mWindPlugin: received command -> speed=[0m[1;36m3.60823[0m[1;36m dir=[0m[1;36m-71.8215[0m[1;36m
[gzserver-2] [0m[1;36m[Dbg] [wind_plugin.cpp:110] [0m[1;36mWindPlugin: received command -> speed=[0m[1;36m3.64243[0m[1;36m dir=[0m[1;36m-71.5607[0m[1;36m
[gzserver-2] [0m[1;36m[Dbg] [wind_plugin.cpp:110] [0m[1;36mWindPlugin: received command -> speed=[0m[1;36m3.64243[0m[1;36m dir=[0m[1;36m-71.5607[0m[1;36m
[gzserver-2] [0m[1;36m[Dbg] [wind_plugin.cpp:110] [0m[1;36mWindPlugin: received command -> speed=[0m[1;36m3.64243[0m[1;36m dir=[0m[1;36m-71.5607[0m[1;36m
[gzserver-2] [0m[1;36m[Dbg] [wind_plugin.cpp:110] [0m[1;36mWindPlugin: received command -> speed=[0m[1;36m3.64243[0m[1;36m dir=[0m[1;36m-71.5607[0m[1;36m
[gzserver-2] [0m[1;36m[Dbg] [wind_plugin.cpp:110] [0m[1;36mWindPlugin: received command -> speed=[0m[1;36m3.66121[0m[1;36m dir=[0m[1;36m-73.8171[0m[1;36m
[gzserver-2] [0m[1;36m[Dbg] [wind_plugin.cpp:110] [0m[1;36mWindPlugin: received command -> speed=[0m[1;36m3.66121[0m[1;36m dir=[0m[1;36m-73.8171[0m[1;36m
[gzserver-2] [0mLanded!
[gzserver-2] [INFO] [1773144520.504087134] [gazebo_wind_plugin_node]: WindPlugin: set wind_speed=3.66 wind_direction=-73.8
[gzserver-2] [INFO] [1773144520.743427509] [gazebo_wind_plugin_node]: WindPlugin: set wind_speed=3.66 wind_direction=-73.8
[gzserver-2] [INFO] [1773144520.972456778] [gazebo_wind_plugin_node]: WindPlugin: set wind_speed=3.66 wind_direction=-73.8
[gzserver-2] [INFO] [1773144521.205889680] [gazebo_wind_plugin_node]: WindPlugin: set wind_speed=3.52 wind_direction=-70.9
[gzserver-2] [INFO] [1773144521.440382211] [gazebo_wind_plugin_node]: WindPlugin: set wind_speed=3.52 wind_direction=-70.9
[gzserver-2] [INFO] [1773144521.674576106] [gazebo_wind_plugin_node]: WindPlugin: set wind_speed=3.52 wind_direction=-70.9
[gzserver-2] [INFO] [1773144521.904244784] [gazebo_wind_plugin_node]: WindPlugin: set wind_speed=3.52 wind_direction=-70.9
[gzserver-2] [INFO] [1773144522.139100149] [gazebo_wind_plugin_node]: WindPlugin: set wind_speed=3.62 wind_direction=-72.9
