[INFO] [launch]: All log files can be found below /home/j/.ros/log/2026-03-10-20-27-02-810126-j-223282
[INFO] [launch]: Default logging verbosity is set to INFO
[INFO] [launch.user]: [bringup] Apriltag config: camera=/drone/bottom, image=/drone/bottom/image_raw, tags=/drone/bottom/tags, bridge=/landing_tag_state, standalone=true, use_target_id=true, target_id=0
[INFO] [rviz2-1]: process started with pid [223285]
[INFO] [gzserver-2]: process started with pid [223287]
[INFO] [robot_state_publisher-3]: process started with pid [223289]
[INFO] [joint_state_publisher-4]: process started with pid [223291]
[INFO] [spawn_drone-5]: process started with pid [223293]
[INFO] [static_transform_publisher-6]: process started with pid [223295]
[INFO] [joy_node-7]: process started with pid [223297]
[INFO] [teleop_joystick-8]: process started with pid [223299]
[INFO] [apriltag_detector_node-9]: process started with pid [223301]
[INFO] [apriltag_state_bridge-10]: process started with pid [223303]
[static_transform_publisher-6] [WARN] [1773142023.285977050] []: Old-style arguments are deprecated; see --help for new-style arguments
[static_transform_publisher-6] [INFO] [1773142023.293656727] [static_transform_publisher_Bgik5A3upOEoKC0f]: Spinning until stopped - publishing transform
[static_transform_publisher-6] translation: ('0.000000', '0.000000', '0.000000')
[static_transform_publisher-6] rotation: ('0.000000', '0.000000', '0.000000', '1.000000')
[static_transform_publisher-6] from 'world' to '/drone/odom'
[robot_state_publisher-3] [INFO] [1773142023.316520933] [drone.robot_state_publisher]: got segment base_footprint
[robot_state_publisher-3] [INFO] [1773142023.316572657] [drone.robot_state_publisher]: got segment base_link
[robot_state_publisher-3] [INFO] [1773142023.316578164] [drone.robot_state_publisher]: got segment bottom_cam_link
[robot_state_publisher-3] [INFO] [1773142023.316581355] [drone.robot_state_publisher]: got segment front_cam_link
[robot_state_publisher-3] [INFO] [1773142023.316584463] [drone.robot_state_publisher]: got segment sonar_link
[rviz2-1] 
[rviz2-1] (rviz2:223285): dbind-WARNING **: 20:27:03.318: Couldn't connect to accessibility bus: Failed to connect to socket /root/.cache/at-spi/bus_0: 허가 거부
[apriltag_detector_node-9] [INFO] [1773142023.321451145] [apriltag_detector_node]: tag detector type: umich
[teleop_joystick-8] Traceback (most recent call last):
[teleop_joystick-8]   File "/home/j/INCSL/IICC26_ws/install/sjtu_drone_control/lib/sjtu_drone_control/teleop_joystick", line 33, in <module>
[teleop_joystick-8]     sys.exit(load_entry_point('sjtu_drone_control==0.0.0', 'console_scripts', 'teleop_joystick')())
[teleop_joystick-8]   File "/home/j/INCSL/IICC26_ws/install/sjtu_drone_control/lib/sjtu_drone_control/teleop_joystick", line 22, in importlib_load_entry_point
[teleop_joystick-8]     for entry_point in distribution(dist_name).entry_points
[teleop_joystick-8]   File "/usr/lib/python3.10/importlib/metadata/__init__.py", line 969, in distribution
[teleop_joystick-8]     return Distribution.from_name(distribution_name)
[teleop_joystick-8]   File "/usr/lib/python3.10/importlib/metadata/__init__.py", line 548, in from_name
[teleop_joystick-8]     raise PackageNotFoundError(name)
[teleop_joystick-8] importlib.metadata.PackageNotFoundError: No package metadata was found for sjtu_drone_control
[ERROR] [teleop_joystick-8]: process has died [pid 223299, exit code 1, cmd '/home/j/INCSL/IICC26_ws/install/sjtu_drone_control/lib/sjtu_drone_control/teleop_joystick --ros-args -r __ns:=/drone'].
[gzserver-2] Gazebo multi-robot simulator, version 11.10.2
[gzserver-2] Copyright (C) 2012 Open Source Robotics Foundation.
[gzserver-2] Released under the Apache 2 License.
[gzserver-2] http://gazebosim.org
[gzserver-2] 
[gzserver-2] [1;33m[Wrn] [gazebo_ros_init.cpp:178] [0m[1;33m
[gzserver-2] #     # ####### ####### ###  #####  #######
[gzserver-2] ##    # #     #    #     #  #     # #
[gzserver-2] # #   # #     #    #     #  #       #
[gzserver-2] #  #  # #     #    #     #  #       #####
[gzserver-2] #   # # #     #    #     #  #       #
[gzserver-2] #    ## #     #    #     #  #     # #
[gzserver-2] #     # #######    #    ###  #####  #######
[gzserver-2] 
[gzserver-2] This version of Gazebo, now called Gazebo classic, reaches end-of-life
[gzserver-2] in January 2025. Users are highly encouraged to migrate to the new Gazebo
[gzserver-2] using our migration guides (https://gazebosim.org/docs/latest/gazebo_classic_migration?utm_source=gazebo_ros_pkgs&utm_medium=cli)
[gzserver-2] 
[gzserver-2] [0m[1;33m
[apriltag_state_bridge-10] [INFO] [1773142023.516785268] [apriltag_state_bridge]: AprilTag bridge started: /drone/bottom/tags -> /landing_tag_state, use_target_id=True, target_id=0
[joint_state_publisher-4] [INFO] [1773142023.588188090] [drone.joint_state_publisher]: Waiting for robot_description to be published on the robot_description topic...
[rviz2-1] [INFO] [1773142024.012917204] [rviz2]: Stereo is NOT SUPPORTED
[rviz2-1] [INFO] [1773142024.013010860] [rviz2]: OpenGl version: 4.6 (GLSL 4.6)
[rviz2-1] [INFO] [1773142024.151681423] [rviz2]: Stereo is NOT SUPPORTED
[rviz2-1] [INFO] [1773142024.240731923] [rviz2]: Stereo is NOT SUPPORTED
[gzserver-2] [1;32m[Msg] [0m[1;32mWaiting for master.[0m[1;32m
[gzserver-2] [0m[1;32m[0m[1;32m[0m[1;32m[Msg] [0m[1;32mConnected to gazebo master @ [0m[1;32mhttp://127.0.0.1:11345[0m[1;32m
[gzserver-2] [0m[1;32m[0m[1;32m[0m[1;32m[Msg] [0m[1;32mPublicized address: [0m[1;32m192.168.0.11[0m[1;32m
[gzserver-2] [0m[1;32m[0m[1;32m[0m[1;32m[Msg] [0m[1;32mLoading world file [[0m[1;32m/home/j/INCSL/IICC26_ws/install/sjtu_drone_description/share/sjtu_drone_description/worlds/landingPad.world[0m[1;32m][0m[1;32m
[gzserver-2] [0m[1;32m[0m[1;32m[0m[1;36m[Dbg] [wind_plugin.cpp:96] [0m[1;36mWindPlugin loaded: speed=[0m[1;36m0[0m[1;36m dir=[0m[1;36m0[0m[1;36m deg area=[0m[1;36m0.1[0m[1;36m coeff=[0m[1;36m1[0m[1;36m
[gzserver-2] [0m[1;33m[0m[1;33m[0m[1;31m[Err] [Sensor.cc:510] [0m[1;31mGet noise index not valid[0m[1;31m
[gzserver-2] [0m[1;31m[0m[1;31m[0m[1;31m[Err] [Sensor.cc:510] [0m[1;31mGet noise index not valid[0m[1;31m
[gzserver-2] [0m[1;31m[0m[1;31m[0m[1;31m[Err] [Sensor.cc:510] [0m[1;31mGet noise index not valid[0m[1;31m
[gzserver-2] [0m[1;31m[0m[1;31m[0m[1;31m[Err] [Sensor.cc:510] [0m[1;31mGet noise index not valid[0m[1;31m
[gzserver-2] [0m[1;31m[0m[1;31m[0m[1;31m[Err] [Sensor.cc:510] [0m[1;31mGet noise index not valid[0m[1;31m
[gzserver-2] [0m[1;31m[0m[1;31m[0m[1;31m[Err] [Sensor.cc:510] [0m[1;31mGet noise index not valid[0m[1;31m
[gzserver-2] [0m[1;31m[0m[1;31m[0mTopic [default//drone/base_footprint/down_camera/image] is not valid.
[gzserver-2] Topic [default//drone/base_footprint/front_camera/image] is not valid.
[gzserver-2] [INFO] [1773142024.704226359] [drone.collision_plugin]: Publishing contact states to [/drone/bumper_states]
[gzserver-2] [1;33m[Wrn] [Event.cc:61] [0m[1;33mWarning: Deleting a connection right after creation. [0m[1;33mMake sure to save the ConnectionPtr from a Connect call
[gzserver-2] [0m[INFO] [1773142025.263998936] [drone.camera_bottom]: Publishing camera info to [/drone/bottom/camera_info]
[gzserver-2] [INFO] [1773142025.268339096] [drone.camera_front]: Publishing camera info to [/drone/front/camera_info]
[spawn_drone-5] [INFO] [1773142025.278787024] [spawn_drone]: Result True SpawnEntity: Successfully spawned entity [/drone]
[gzserver-2] [INFO] [1773142025.391043004] [drone.simple_drone]: The drone plugin is loading!
[gzserver-2] [INFO] [1773142025.391259074] [drone.simple_drone]: pub_odom: 1
[gzserver-2] [INFO] [1773142025.391294509] [drone.simple_drone]: Using following parameters: 
[gzserver-2] 		link_name: base_footprint,
[gzserver-2] 		max_force: 30,
[gzserver-2] 		motion_small_noise: 0,
[gzserver-2] 		motion_drift_noise: 0,
[gzserver-2] 		motion_drift_noise_time: 50,
[gzserver-2] 		takeoff_hover_height: 2.32,
[gzserver-2] 		takeoff_vertical_speed: 0.2
[gzserver-2] [INFO] [1773142025.403123812] [drone.simple_drone]: Using the PID parameters: 
[gzserver-2] 	Roll Pitch:
[gzserver-2] 		kP: 10, kI: 0,kD: 5, Limit: 0.5, Time Constant: 0
[gzserver-2] 	Yaw:
[gzserver-2] 		kP: 2, kI: 0,kD: 1, Limit: 1.5, Time Constant: 0
[gzserver-2] 	Velocity X:
[gzserver-2] 		kP: 5, kI: 0,kD: 2.3, Limit: 2, Time Constant: 0
[gzserver-2] 	Velocity Y:
[gzserver-2] 		kP: 5, kI: 0,kD: 2.3, Limit: 2, Time Constant: 0
[gzserver-2] 	Velocity Z:
[gzserver-2] 		kP: 5, kI: 0,kD: 1, Limit: -1, Time Constant: 0
[gzserver-2] 	Position XY:
[gzserver-2] 		kP: 1.1, kI: 0,kD: 0, Limit: 5, Time Constant: 0
[gzserver-2] 	Position Z:
[gzserver-2] 		kP: 1, kI: 0,kD: 0.2, Limit: -1, Time Constant: 0
[gzserver-2] [INFO] [1773142025.403250961] [drone.simple_drone]: The drone plugin finished loading!
[INFO] [spawn_drone-5]: process has finished cleanly [pid 223293]
[gzserver-2] [INFO] [1773142032.619068523] [gazebo_wind_plugin_node]: WindPlugin: set wind_speed=0.00 wind_direction=0.0
[gzserver-2] [INFO] [1773142032.889675813] [gazebo_wind_plugin_node]: WindPlugin: set wind_speed=0.00 wind_direction=0.0
[gzserver-2] [INFO] [1773142032.922948558] [drone.simple_drone]: Quadrotor takes off!!
[gzserver-2] [INFO] [1773142033.123639423] [gazebo_wind_plugin_node]: WindPlugin: set wind_speed=0.00 wind_direction=0.0
[gzserver-2] [INFO] [1773142033.362988867] [gazebo_wind_plugin_node]: WindPlugin: set wind_speed=0.00 wind_direction=0.0
[gzserver-2] [INFO] [1773142033.603764378] [gazebo_wind_plugin_node]: WindPlugin: set wind_speed=0.00 wind_direction=0.0
[gzserver-2] [INFO] [1773142033.845561028] [gazebo_wind_plugin_node]: WindPlugin: set wind_speed=0.00 wind_direction=0.0
[gzserver-2] [INFO] [1773142034.074350333] [gazebo_wind_plugin_node]: WindPlugin: set wind_speed=0.00 wind_direction=0.0
[gzserver-2] [INFO] [1773142034.308934646] [gazebo_wind_plugin_node]: WindPlugin: set wind_speed=0.00 wind_direction=0.0
[gzserver-2] [INFO] [1773142034.547923503] [gazebo_wind_plugin_node]: WindPlugin: set wind_speed=0.00 wind_direction=0.0
[gzserver-2] [0m[1;36m[Dbg] [wind_plugin.cpp:110] [0m[1;36mWindPlugin: received command -> speed=[0m[1;36m0[0m[1;36m dir=[0m[1;36m0[0m[1;36m
[gzserver-2] [0m[1;36m[Dbg] [wind_plugin.cpp:110] [0m[1;36mWindPlugin: received command -> speed=[0m[1;36m0[0m[1;36m dir=[0m[1;36m0[0m[1;36m
[gzserver-2] [0m[1;36m[Dbg] [wind_plugin.cpp:110] [0m[1;36mWindPlugin: received command -> speed=[0m[1;36m0[0m[1;36m dir=[0m[1;36m0[0m[1;36m
[gzserver-2] [0m[1;36m[Dbg] [wind_plugin.cpp:110] [0m[1;36mWindPlugin: received command -> speed=[0m[1;36m0[0m[1;36m dir=[0m[1;36m0[0m[1;36m
[gzserver-2] [0m[1;36m[Dbg] [wind_plugin.cpp:110] [0m[1;36mWindPlugin: received command -> speed=[0m[1;36m0[0m[1;36m dir=[0m[1;36m0[0m[1;36m
[gzserver-2] [0m[1;36m[Dbg] [wind_plugin.cpp:110] [0m[1;36mWindPlugin: received command -> speed=[0m[1;36m0[0m[1;36m dir=[0m[1;36m0[0m[1;36m
[gzserver-2] [0m[1;36m[Dbg] [wind_plugin.cpp:110] [0m[1;36mWindPlugin: received command -> speed=[0m[1;36m0[0m[1;36m dir=[0m[1;36m0[0m[1;36m
[gzserver-2] [0m[1;36m[Dbg] [wind_plugin.cpp:110] [0m[1;36mWindPlugin: received command -> speed=[0m[1;36m0[0m[1;36m dir=[0m[1;36m0[0m[1;36m
[gzserver-2] [0m[1;36m[Dbg] [wind_plugin.cpp:110] [0m[1;36mWindPlugin: received command -> speed=[0m[1;36m0[0m[1;36m dir=[0m[1;36m0[0m[1;36m
[gzserver-2] [0mEntering flying model!
[gzserver-2] [INFO] [1773142034.781855110] [gazebo_wind_plugin_node]: WindPlugin: set wind_speed=0.00 wind_direction=0.0
[gzserver-2] [INFO] [1773142035.021033666] [gazebo_wind_plugin_node]: WindPlugin: set wind_speed=1.01 wind_direction=-89.6
[gzserver-2] [INFO] [1773142035.249768958] [gazebo_wind_plugin_node]: WindPlugin: set wind_speed=0.89 wind_direction=-88.9
[gzserver-2] [INFO] [1773142035.488739435] [gazebo_wind_plugin_node]: WindPlugin: set wind_speed=0.89 wind_direction=-88.9
[gzserver-2] [INFO] [1773142035.727960255] [gazebo_wind_plugin_node]: WindPlugin: set wind_speed=0.89 wind_direction=-88.9
[gzserver-2] [INFO] [1773142035.969119840] [gazebo_wind_plugin_node]: WindPlugin: set wind_speed=0.89 wind_direction=-88.9
[gzserver-2] [INFO] [1773142036.203529355] [gazebo_wind_plugin_node]: WindPlugin: set wind_speed=0.86 wind_direction=-88.1
[gzserver-2] [INFO] [1773142036.443917021] [gazebo_wind_plugin_node]: WindPlugin: set wind_speed=0.86 wind_direction=-88.1
[gzserver-2] [INFO] [1773142036.679148097] [gazebo_wind_plugin_node]: WindPlugin: set wind_speed=0.86 wind_direction=-88.1
[gzserver-2] [INFO] [1773142036.917755224] [gazebo_wind_plugin_node]: WindPlugin: set wind_speed=0.86 wind_direction=-88.1
[gzserver-2] [INFO] [1773142037.156667814] [gazebo_wind_plugin_node]: WindPlugin: set wind_speed=1.06 wind_direction=-91.9
[gzserver-2] [INFO] [1773142037.395750568] [gazebo_wind_plugin_node]: WindPlugin: set wind_speed=1.06 wind_direction=-91.9
[gzserver-2] [INFO] [1773142037.629875501] [gazebo_wind_plugin_node]: WindPlugin: set wind_speed=1.06 wind_direction=-91.9
[gzserver-2] [INFO] [1773142037.870584775] [gazebo_wind_plugin_node]: WindPlugin: set wind_speed=1.06 wind_direction=-91.9
[gzserver-2] [INFO] [1773142038.112355784] [gazebo_wind_plugin_node]: WindPlugin: set wind_speed=1.06 wind_direction=-91.9
[gzserver-2] [INFO] [1773142038.353349512] [gazebo_wind_plugin_node]: WindPlugin: set wind_speed=1.18 wind_direction=-89.4
[gzserver-2] [INFO] [1773142038.385490503] [drone.simple_drone]: Quadrotor lands!!
[gzserver-2] [INFO] [1773142038.587134190] [gazebo_wind_plugin_node]: WindPlugin: set wind_speed=1.18 wind_direction=-89.4
[gzserver-2] [INFO] [1773142038.821526837] [gazebo_wind_plugin_node]: WindPlugin: set wind_speed=1.18 wind_direction=-89.4
[gzserver-2] [INFO] [1773142039.055377276] [gazebo_wind_plugin_node]: WindPlugin: set wind_speed=1.18 wind_direction=-89.4
[gzserver-2] [INFO] [1773142039.295063918] [gazebo_wind_plugin_node]: WindPlugin: set wind_speed=1.02 wind_direction=-86.7
[gzserver-2] [1;36m[Dbg] [wind_plugin.cpp:110] [0m[1;36mWindPlugin: received command -> speed=[0m[1;36m0[0m[1;36m dir=[0m[1;36m0[0m[1;36m
[gzserver-2] [0m[1;36m[Dbg] [wind_plugin.cpp:110] [0m[1;36mWindPlugin: received command -> speed=[0m[1;36m1.00731[0m[1;36m dir=[0m[1;36m-89.6208[0m[1;36m
[gzserver-2] [0m[1;36m[Dbg] [wind_plugin.cpp:110] [0m[1;36mWindPlugin: received command -> speed=[0m[1;36m0.894946[0m[1;36m dir=[0m[1;36m-88.8761[0m[1;36m
[gzserver-2] [0m[1;36m[Dbg] [wind_plugin.cpp:110] [0m[1;36mWindPlugin: received command -> speed=[0m[1;36m0.894946[0m[1;36m dir=[0m[1;36m-88.8761[0m[1;36m
[gzserver-2] [0m[1;36m[Dbg] [wind_plugin.cpp:110] [0m[1;36mWindPlugin: received command -> speed=[0m[1;36m0.894946[0m[1;36m dir=[0m[1;36m-88.8761[0m[1;36m
[gzserver-2] [0m[1;36m[Dbg] [wind_plugin.cpp:110] [0m[1;36mWindPlugin: received command -> speed=[0m[1;36m0.894946[0m[1;36m dir=[0m[1;36m-88.8761[0m[1;36m
[gzserver-2] [0m[1;36m[Dbg] [wind_plugin.cpp:110] [0m[1;36mWindPlugin: received command -> speed=[0m[1;36m0.855463[0m[1;36m dir=[0m[1;36m-88.0518[0m[1;36m
[gzserver-2] [0m[1;36m[Dbg] [wind_plugin.cpp:110] [0m[1;36mWindPlugin: received command -> speed=[0m[1;36m0.855463[0m[1;36m dir=[0m[1;36m-88.0518[0m[1;36m
[gzserver-2] [0m[1;36m[Dbg] [wind_plugin.cpp:110] [0m[1;36mWindPlugin: received command -> speed=[0m[1;36m0.855463[0m[1;36m dir=[0m[1;36m-88.0518[0m[1;36m
[gzserver-2] [0m[1;36m[Dbg] [wind_plugin.cpp:110] [0m[1;36mWindPlugin: received command -> speed=[0m[1;36m0.855463[0m[1;36m dir=[0m[1;36m-88.0518[0m[1;36m
[gzserver-2] [0m[1;36m[Dbg] [wind_plugin.cpp:110] [0m[1;36mWindPlugin: received command -> speed=[0m[1;36m1.05956[0m[1;36m dir=[0m[1;36m-91.8902[0m[1;36m
[gzserver-2] [0m[1;36m[Dbg] [wind_plugin.cpp:110] [0m[1;36mWindPlugin: received command -> speed=[0m[1;36m1.05956[0m[1;36m dir=[0m[1;36m-91.8902[0m[1;36m
[gzserver-2] [0m[1;36m[Dbg] [wind_plugin.cpp:110] [0m[1;36mWindPlugin: received command -> speed=[0m[1;36m1.05956[0m[1;36m dir=[0m[1;36m-91.8902[0m[1;36m
[gzserver-2] [0m[1;36m[Dbg] [wind_plugin.cpp:110] [0m[1;36mWindPlugin: received command -> speed=[0m[1;36m1.05956[0m[1;36m dir=[0m[1;36m-91.8902[0m[1;36m
[gzserver-2] [0m[1;36m[Dbg] [wind_plugin.cpp:110] [0m[1;36mWindPlugin: received command -> speed=[0m[1;36m1.05956[0m[1;36m dir=[0m[1;36m-91.8902[0m[1;36m
[gzserver-2] [0m[1;36m[Dbg] [wind_plugin.cpp:110] [0m[1;36mWindPlugin: received command -> speed=[0m[1;36m1.1849[0m[1;36m dir=[0m[1;36m-89.3794[0m[1;36m
[gzserver-2] [0m[1;36m[Dbg] [wind_plugin.cpp:110] [0m[1;36mWindPlugin: received command -> speed=[0m[1;36m1.1849[0m[1;36m dir=[0m[1;36m-89.3794[0m[1;36m
[gzserver-2] [0m[1;36m[Dbg] [wind_plugin.cpp:110] [0m[1;36mWindPlugin: received command -> speed=[0m[1;36m1.1849[0m[1;36m dir=[0m[1;36m-89.3794[0m[1;36m
[gzserver-2] [0m[1;36m[Dbg] [wind_plugin.cpp:110] [0m[1;36mWindPlugin: received command -> speed=[0m[1;36m1.1849[0m[1;36m dir=[0m[1;36m-89.3794[0m[1;36m
[gzserver-2] [0m[1;36m[Dbg] [wind_plugin.cpp:110] [0m[1;36mWindPlugin: received command -> speed=[0m[1;36m1.02156[0m[1;36m dir=[0m[1;36m-86.6932[0m[1;36m
[gzserver-2] [0mLanded!
[gzserver-2] [INFO] [1773142039.529273519] [gazebo_wind_plugin_node]: WindPlugin: set wind_speed=1.02 wind_direction=-86.7
[gzserver-2] [INFO] [1773142039.770348064] [gazebo_wind_plugin_node]: WindPlugin: set wind_speed=1.02 wind_direction=-86.7
[gzserver-2] [INFO] [1773142040.009748662] [gazebo_wind_plugin_node]: WindPlugin: set wind_speed=1.02 wind_direction=-86.7
[gzserver-2] [INFO] [1773142040.249873997] [gazebo_wind_plugin_node]: WindPlugin: set wind_speed=0.93 wind_direction=-88.4
[gzserver-2] [INFO] [1773142040.478498408] [gazebo_wind_plugin_node]: WindPlugin: set wind_speed=0.93 wind_direction=-88.4
[gzserver-2] [INFO] [1773142040.712943048] [gazebo_wind_plugin_node]: WindPlugin: set wind_speed=0.93 wind_direction=-88.4
[gzserver-2] [INFO] [1773142040.951807019] [gazebo_wind_plugin_node]: WindPlugin: set wind_speed=0.93 wind_direction=-88.4
[gzserver-2] [INFO] [1773142041.190724488] [gazebo_wind_plugin_node]: WindPlugin: set wind_speed=1.00 wind_direction=-84.3
