[INFO] [launch]: All log files can be found below /home/j/.ros/log/2026-03-11-01-39-38-837794-j-2901009
[INFO] [launch]: Default logging verbosity is set to INFO
[INFO] [launch.user]: [bringup] Apriltag config: camera=/drone/bottom, image=/drone/bottom/image_raw, tags=/drone/bottom/tags, bridge=/landing_tag_state, standalone=true, use_target_id=true, target_id=0
[INFO] [rviz2-1]: process started with pid [2901012]
[INFO] [gzserver-2]: process started with pid [2901014]
[INFO] [robot_state_publisher-3]: process started with pid [2901016]
[INFO] [joint_state_publisher-4]: process started with pid [2901018]
[INFO] [spawn_drone-5]: process started with pid [2901020]
[INFO] [static_transform_publisher-6]: process started with pid [2901022]
[INFO] [joy_node-7]: process started with pid [2901024]
[INFO] [teleop_joystick-8]: process started with pid [2901026]
[INFO] [apriltag_detector_node-9]: process started with pid [2901028]
[INFO] [apriltag_state_bridge-10]: process started with pid [2901030]
[static_transform_publisher-6] [WARN] [1773160779.317409852] []: Old-style arguments are deprecated; see --help for new-style arguments
[static_transform_publisher-6] [INFO] [1773160779.325131257] [static_transform_publisher_knrY5cjiqy0GyYG9]: Spinning until stopped - publishing transform
[static_transform_publisher-6] translation: ('0.000000', '0.000000', '0.000000')
[static_transform_publisher-6] rotation: ('0.000000', '0.000000', '0.000000', '1.000000')
[static_transform_publisher-6] from 'world' to '/drone/odom'
[robot_state_publisher-3] [INFO] [1773160779.346654931] [drone.robot_state_publisher]: got segment base_footprint
[robot_state_publisher-3] [INFO] [1773160779.346749050] [drone.robot_state_publisher]: got segment base_link
[robot_state_publisher-3] [INFO] [1773160779.346761283] [drone.robot_state_publisher]: got segment bottom_cam_link
[robot_state_publisher-3] [INFO] [1773160779.346769258] [drone.robot_state_publisher]: got segment front_cam_link
[robot_state_publisher-3] [INFO] [1773160779.346776004] [drone.robot_state_publisher]: got segment sonar_link
[apriltag_detector_node-9] [INFO] [1773160779.353911629] [apriltag_detector_node]: tag detector type: umich
[rviz2-1] 
[rviz2-1] (rviz2:2901012): dbind-WARNING **: 01:39:39.356: Couldn't connect to accessibility bus: Failed to connect to socket /root/.cache/at-spi/bus_0: 허가 거부
[teleop_joystick-8] Traceback (most recent call last):
[teleop_joystick-8]   File "/home/j/INCSL/IICC26_ws/install/sjtu_drone_control/lib/sjtu_drone_control/teleop_joystick", line 33, in <module>
[teleop_joystick-8]     sys.exit(load_entry_point('sjtu_drone_control==0.0.0', 'console_scripts', 'teleop_joystick')())
[teleop_joystick-8]   File "/home/j/INCSL/IICC26_ws/install/sjtu_drone_control/lib/sjtu_drone_control/teleop_joystick", line 22, in importlib_load_entry_point
[teleop_joystick-8]     for entry_point in distribution(dist_name).entry_points
[teleop_joystick-8]   File "/usr/lib/python3.10/importlib/metadata/__init__.py", line 969, in distribution
[teleop_joystick-8]     return Distribution.from_name(distribution_name)
[teleop_joystick-8]   File "/usr/lib/python3.10/importlib/metadata/__init__.py", line 548, in from_name
[teleop_joystick-8]     raise PackageNotFoundError(name)
[teleop_joystick-8] importlib.metadata.PackageNotFoundError: No package metadata was found for sjtu_drone_control
[ERROR] [teleop_joystick-8]: process has died [pid 2901026, exit code 1, cmd '/home/j/INCSL/IICC26_ws/install/sjtu_drone_control/lib/sjtu_drone_control/teleop_joystick --ros-args -r __ns:=/drone'].
[gzserver-2] Gazebo multi-robot simulator, version 11.10.2
[gzserver-2] Copyright (C) 2012 Open Source Robotics Foundation.
[gzserver-2] Released under the Apache 2 License.
[gzserver-2] http://gazebosim.org
[gzserver-2] 
[apriltag_state_bridge-10] [INFO] [1773160779.600538653] [apriltag_state_bridge]: AprilTag bridge started: /drone/bottom/tags -> /landing_tag_state, use_target_id=True, target_id=0
[gzserver-2] [1;33m[Wrn] [gazebo_ros_init.cpp:178] [0m[1;33m
[gzserver-2] #     # ####### ####### ###  #####  #######
[gzserver-2] ##    # #     #    #     #  #     # #
[gzserver-2] # #   # #     #    #     #  #       #
[gzserver-2] #  #  # #     #    #     #  #       #####
[gzserver-2] #   # # #     #    #     #  #       #
[gzserver-2] #    ## #     #    #     #  #     # #
[gzserver-2] #     # #######    #    ###  #####  #######
[gzserver-2] 
[gzserver-2] This version of Gazebo, now called Gazebo classic, reaches end-of-life
[gzserver-2] in January 2025. Users are highly encouraged to migrate to the new Gazebo
[gzserver-2] using our migration guides (https://gazebosim.org/docs/latest/gazebo_classic_migration?utm_source=gazebo_ros_pkgs&utm_medium=cli)
[gzserver-2] 
[gzserver-2] [0m[1;33m
[joint_state_publisher-4] [INFO] [1773160779.612186161] [drone.joint_state_publisher]: Waiting for robot_description to be published on the robot_description topic...
[rviz2-1] [INFO] [1773160780.225704491] [rviz2]: Stereo is NOT SUPPORTED
[rviz2-1] [INFO] [1773160780.225797838] [rviz2]: OpenGl version: 4.6 (GLSL 4.6)
[rviz2-1] [INFO] [1773160780.320079530] [rviz2]: Stereo is NOT SUPPORTED
[rviz2-1] [INFO] [1773160780.395175194] [rviz2]: Stereo is NOT SUPPORTED
[spawn_drone-5] [INFO] [1773160780.585345435] [spawn_drone]: service not available, waiting again...
[spawn_drone-5] [INFO] [1773160780.603433882] [spawn_drone]: Result False Entity pushed to spawn queue, but spawn service timed outwaiting for entity to appear in simulation under the name [/drone]
[gzserver-2] [1;32m[Msg] [0m[1;32mWaiting for master.[0m[1;32m
[gzserver-2] [0m[1;32m[0m[1;32m[0m[1;32m[Msg] [0m[1;32mConnected to gazebo master @ [0m[1;32mhttp://127.0.0.1:11345[0m[1;32m
[gzserver-2] [0m[1;32m[0m[1;32m[0m[1;32m[Msg] [0m[1;32mPublicized address: [0m[1;32m192.168.0.11[0m[1;32m
[gzserver-2] [0m[1;32m[0m[1;32m[0m[1;32m[Msg] [0m[1;32mLoading world file [[0m[1;32m/home/j/INCSL/IICC26_ws/install/sjtu_drone_description/share/sjtu_drone_description/worlds/landingPad.world[0m[1;32m][0m[1;32m
[gzserver-2] [0m[1;32m[0m[1;32m[0m[1;36m[Dbg] [wind_plugin.cpp:96] [0m[1;36mWindPlugin loaded: speed=[0m[1;36m0[0m[1;36m dir=[0m[1;36m0[0m[1;36m deg area=[0m[1;36m0.1[0m[1;36m coeff=[0m[1;36m1[0m[1;36m
[gzserver-2] [0m[1;33m[0m[1;33m[0m[1;31m[Err] [Sensor.cc:510] [0m[1;31mGet noise index not valid[0m[1;31m
[gzserver-2] [0m[1;31m[0m[1;31m[0m[1;31m[Err] [Sensor.cc:510] [0m[1;31mGet noise index not valid[0m[1;31m
[gzserver-2] [0m[1;31m[0m[1;31m[0m[1;31m[Err] [Sensor.cc:510] [0m[1;31mGet noise index not valid[0m[1;31m
[gzserver-2] [0m[1;31m[0m[1;31m[0m[1;31m[Err] [Sensor.cc:510] [0m[1;31mGet noise index not valid[0m[1;31m
[gzserver-2] [0m[1;31m[0m[1;31m[0m[1;31m[Err] [Sensor.cc:510] [0m[1;31mGet noise index not valid[0m[1;31m
[gzserver-2] [0m[1;31m[0m[1;31m[0m[1;31m[Err] [Sensor.cc:510] [0m[1;31mGet noise index not valid[0m[1;31m
[gzserver-2] [0m[1;31m[0m[1;31m[0mTopic [default//drone/base_footprint/down_camera/image] is not valid.
[gzserver-2] [INFO] [1773160780.667062446] [drone.collision_plugin]: Publishing contact states to [/drone/bumper_states]
[gzserver-2] Topic [default//drone/base_footprint/front_camera/image] is not valid.
[gzserver-2] [1;33m[Wrn] [Event.cc:61] [0m[1;33mWarning: Deleting a connection right after creation. [0m[1;33mMake sure to save the ConnectionPtr from a Connect call
[INFO] [spawn_drone-5]: process has finished cleanly [pid 2901020]
[gzserver-2] [0m[INFO] [1773160781.423930106] [drone.camera_bottom]: Publishing camera info to [/drone/bottom/camera_info]
[gzserver-2] [INFO] [1773160781.428324244] [drone.camera_front]: Publishing camera info to [/drone/front/camera_info]
[gzserver-2] [INFO] [1773160781.551103752] [drone.simple_drone]: The drone plugin is loading!
[gzserver-2] [INFO] [1773160781.551314158] [drone.simple_drone]: pub_odom: 1
[gzserver-2] [INFO] [1773160781.551347395] [drone.simple_drone]: Using following parameters: 
[gzserver-2] 		link_name: base_footprint,
[gzserver-2] 		max_force: 30,
[gzserver-2] 		motion_small_noise: 0,
[gzserver-2] 		motion_drift_noise: 0,
[gzserver-2] 		motion_drift_noise_time: 50,
[gzserver-2] 		takeoff_hover_height: 1.96,
[gzserver-2] 		takeoff_vertical_speed: 0.2
[gzserver-2] [INFO] [1773160781.562874571] [drone.simple_drone]: Using the PID parameters: 
[gzserver-2] 	Roll Pitch:
[gzserver-2] 		kP: 10, kI: 0,kD: 5, Limit: 0.5, Time Constant: 0
[gzserver-2] 	Yaw:
[gzserver-2] 		kP: 2, kI: 0,kD: 1, Limit: 1.5, Time Constant: 0
[gzserver-2] 	Velocity X:
[gzserver-2] 		kP: 5, kI: 0,kD: 2.3, Limit: 2, Time Constant: 0
[gzserver-2] 	Velocity Y:
[gzserver-2] 		kP: 5, kI: 0,kD: 2.3, Limit: 2, Time Constant: 0
[gzserver-2] 	Velocity Z:
[gzserver-2] 		kP: 5, kI: 0,kD: 1, Limit: -1, Time Constant: 0
[gzserver-2] 	Position XY:
[gzserver-2] 		kP: 1.1, kI: 0,kD: 0, Limit: 5, Time Constant: 0
[gzserver-2] 	Position Z:
[gzserver-2] 		kP: 1, kI: 0,kD: 0.2, Limit: -1, Time Constant: 0
[gzserver-2] [INFO] [1773160781.563004619] [drone.simple_drone]: The drone plugin finished loading!
[gzserver-2] [INFO] [1773160788.665750171] [gazebo_wind_plugin_node]: WindPlugin: set wind_speed=0.00 wind_direction=0.0
[gzserver-2] [INFO] [1773160788.937017817] [gazebo_wind_plugin_node]: WindPlugin: set wind_speed=0.00 wind_direction=0.0
[gzserver-2] [INFO] [1773160788.975418740] [drone.simple_drone]: Quadrotor takes off!!
[gzserver-2] [INFO] [1773160789.176817005] [gazebo_wind_plugin_node]: WindPlugin: set wind_speed=0.00 wind_direction=0.0
[gzserver-2] [INFO] [1773160789.405539644] [gazebo_wind_plugin_node]: WindPlugin: set wind_speed=0.00 wind_direction=0.0
[gzserver-2] [INFO] [1773160789.645156004] [gazebo_wind_plugin_node]: WindPlugin: set wind_speed=0.00 wind_direction=0.0
[gzserver-2] [INFO] [1773160789.881345076] [gazebo_wind_plugin_node]: WindPlugin: set wind_speed=0.00 wind_direction=0.0
[gzserver-2] [INFO] [1773160790.120836763] [gazebo_wind_plugin_node]: WindPlugin: set wind_speed=0.00 wind_direction=0.0
[gzserver-2] [INFO] [1773160790.360476688] [gazebo_wind_plugin_node]: WindPlugin: set wind_speed=0.00 wind_direction=0.0
[gzserver-2] [0m[1;36m[Dbg] [wind_plugin.cpp:110] [0m[1;36mWindPlugin: received command -> speed=[0m[1;36m0[0m[1;36m dir=[0m[1;36m0[0m[1;36m
[gzserver-2] [0m[1;36m[Dbg] [wind_plugin.cpp:110] [0m[1;36mWindPlugin: received command -> speed=[0m[1;36m0[0m[1;36m dir=[0m[1;36m0[0m[1;36m
[gzserver-2] [0m[1;36m[Dbg] [wind_plugin.cpp:110] [0m[1;36mWindPlugin: received command -> speed=[0m[1;36m0[0m[1;36m dir=[0m[1;36m0[0m[1;36m
[gzserver-2] [0m[1;36m[Dbg] [wind_plugin.cpp:110] [0m[1;36mWindPlugin: received command -> speed=[0m[1;36m0[0m[1;36m dir=[0m[1;36m0[0m[1;36m
[gzserver-2] [0m[1;36m[Dbg] [wind_plugin.cpp:110] [0m[1;36mWindPlugin: received command -> speed=[0m[1;36m0[0m[1;36m dir=[0m[1;36m0[0m[1;36m
[gzserver-2] [0m[1;36m[Dbg] [wind_plugin.cpp:110] [0m[1;36mWindPlugin: received command -> speed=[0m[1;36m0[0m[1;36m dir=[0m[1;36m0[0m[1;36m
[gzserver-2] [0m[1;36m[Dbg] [wind_plugin.cpp:110] [0m[1;36mWindPlugin: received command -> speed=[0m[1;36m0[0m[1;36m dir=[0m[1;36m0[0m[1;36m
[gzserver-2] [0m[1;36m[Dbg] [wind_plugin.cpp:110] [0m[1;36mWindPlugin: received command -> speed=[0m[1;36m0[0m[1;36m dir=[0m[1;36m0[0m[1;36m
[gzserver-2] [0mEntering flying model!
[gzserver-2] [INFO] [1773160790.599768769] [gazebo_wind_plugin_node]: WindPlugin: set wind_speed=0.00 wind_direction=0.0
[gzserver-2] [INFO] [1773160790.839521038] [gazebo_wind_plugin_node]: WindPlugin: set wind_speed=3.53 wind_direction=-114.2
[gzserver-2] [INFO] [1773160791.078953329] [gazebo_wind_plugin_node]: WindPlugin: set wind_speed=3.53 wind_direction=-114.2
[gzserver-2] [INFO] [1773160791.315148830] [gazebo_wind_plugin_node]: WindPlugin: set wind_speed=3.68 wind_direction=-114.9
[gzserver-2] [INFO] [1773160791.549602544] [gazebo_wind_plugin_node]: WindPlugin: set wind_speed=3.68 wind_direction=-114.9
[gzserver-2] [INFO] [1773160791.784079064] [gazebo_wind_plugin_node]: WindPlugin: set wind_speed=3.68 wind_direction=-114.9
[gzserver-2] [INFO] [1773160792.017409372] [gazebo_wind_plugin_node]: WindPlugin: set wind_speed=3.68 wind_direction=-114.9
[gzserver-2] [INFO] [1773160792.257165284] [gazebo_wind_plugin_node]: WindPlugin: set wind_speed=3.48 wind_direction=-113.0
[gzserver-2] [INFO] [1773160792.485731755] [gazebo_wind_plugin_node]: WindPlugin: set wind_speed=3.48 wind_direction=-113.0
[gzserver-2] [INFO] [1773160792.715299287] [gazebo_wind_plugin_node]: WindPlugin: set wind_speed=3.48 wind_direction=-113.0
[gzserver-2] [INFO] [1773160792.949199303] [gazebo_wind_plugin_node]: WindPlugin: set wind_speed=3.48 wind_direction=-113.0
[gzserver-2] [INFO] [1773160793.188666899] [gazebo_wind_plugin_node]: WindPlugin: set wind_speed=3.46 wind_direction=-118.5
[gzserver-2] [INFO] [1773160793.422620981] [gazebo_wind_plugin_node]: WindPlugin: set wind_speed=3.46 wind_direction=-118.5
[gzserver-2] [INFO] [1773160793.662028886] [gazebo_wind_plugin_node]: WindPlugin: set wind_speed=3.46 wind_direction=-118.5
[gzserver-2] [INFO] [1773160793.896470580] [gazebo_wind_plugin_node]: WindPlugin: set wind_speed=3.46 wind_direction=-118.5
[gzserver-2] [INFO] [1773160794.136955793] [gazebo_wind_plugin_node]: WindPlugin: set wind_speed=3.46 wind_direction=-118.5
[gzserver-2] [INFO] [1773160794.376039346] [gazebo_wind_plugin_node]: WindPlugin: set wind_speed=3.49 wind_direction=-117.3
[gzserver-2] [INFO] [1773160794.615929057] [gazebo_wind_plugin_node]: WindPlugin: set wind_speed=3.49 wind_direction=-117.3
[gzserver-2] [INFO] [1773160794.856022284] [gazebo_wind_plugin_node]: WindPlugin: set wind_speed=3.49 wind_direction=-117.3
[gzserver-2] [INFO] [1773160795.095728494] [gazebo_wind_plugin_node]: WindPlugin: set wind_speed=3.49 wind_direction=-117.3
[gzserver-2] [INFO] [1773160795.332556843] [gazebo_wind_plugin_node]: WindPlugin: set wind_speed=3.46 wind_direction=-115.8
[gzserver-2] [INFO] [1773160795.558423149] [gazebo_wind_plugin_node]: WindPlugin: set wind_speed=3.46 wind_direction=-115.8
[gzserver-2] [INFO] [1773160795.798041393] [gazebo_wind_plugin_node]: WindPlugin: set wind_speed=3.46 wind_direction=-115.8
[gzserver-2] [INFO] [1773160796.032715232] [gazebo_wind_plugin_node]: WindPlugin: set wind_speed=3.46 wind_direction=-115.8
[gzserver-2] [INFO] [1773160796.272977906] [gazebo_wind_plugin_node]: WindPlugin: set wind_speed=3.42 wind_direction=-115.0
[gzserver-2] [INFO] [1773160796.514001336] [gazebo_wind_plugin_node]: WindPlugin: set wind_speed=3.42 wind_direction=-115.0
[gzserver-2] [INFO] [1773160796.753463628] [gazebo_wind_plugin_node]: WindPlugin: set wind_speed=3.42 wind_direction=-115.0
[gzserver-2] [1;36m[Dbg] [wind_plugin.cpp:110] [0m[1;36mWindPlugin: received command -> speed=[0m[1;36m0[0m[1;36m dir=[0m[1;36m0[0m[1;36m
[gzserver-2] [0m[1;36m[Dbg] [wind_plugin.cpp:110] [0m[1;36mWindPlugin: received command -> speed=[0m[1;36m3.5266[0m[1;36m dir=[0m[1;36m-114.222[0m[1;36m
[gzserver-2] [0m[1;36m[Dbg] [wind_plugin.cpp:110] [0m[1;36mWindPlugin: received command -> speed=[0m[1;36m3.5266[0m[1;36m dir=[0m[1;36m-114.222[0m[1;36m
[gzserver-2] [0m[1;36m[Dbg] [wind_plugin.cpp:110] [0m[1;36mWindPlugin: received command -> speed=[0m[1;36m3.68458[0m[1;36m dir=[0m[1;36m-114.885[0m[1;36m
[gzserver-2] [0m[1;36m[Dbg] [wind_plugin.cpp:110] [0m[1;36mWindPlugin: received command -> speed=[0m[1;36m3.68458[0m[1;36m dir=[0m[1;36m-114.885[0m[1;36m
[gzserver-2] [0m[1;36m[Dbg] [wind_plugin.cpp:110] [0m[1;36mWindPlugin: received command -> speed=[0m[1;36m3.68458[0m[1;36m dir=[0m[1;36m-114.885[0m[1;36m
[gzserver-2] [0m[1;36m[Dbg] [wind_plugin.cpp:110] [0m[1;36mWindPlugin: received command -> speed=[0m[1;36m3.68458[0m[1;36m dir=[0m[1;36m-114.885[0m[1;36m
[gzserver-2] [0m[1;36m[Dbg] [wind_plugin.cpp:110] [0m[1;36mWindPlugin: received command -> speed=[0m[1;36m3.47551[0m[1;36m dir=[0m[1;36m-113.007[0m[1;36m
[gzserver-2] [0m[1;36m[Dbg] [wind_plugin.cpp:110] [0m[1;36mWindPlugin: received command -> speed=[0m[1;36m3.47551[0m[1;36m dir=[0m[1;36m-113.007[0m[1;36m
[gzserver-2] [0m[1;36m[Dbg] [wind_plugin.cpp:110] [0m[1;36mWindPlugin: received command -> speed=[0m[1;36m3.47551[0m[1;36m dir=[0m[1;36m-113.007[0m[1;36m
[gzserver-2] [0m[1;36m[Dbg] [wind_plugin.cpp:110] [0m[1;36mWindPlugin: received command -> speed=[0m[1;36m3.47551[0m[1;36m dir=[0m[1;36m-113.007[0m[1;36m
[gzserver-2] [0m[1;36m[Dbg] [wind_plugin.cpp:110] [0m[1;36mWindPlugin: received command -> speed=[0m[1;36m3.46343[0m[1;36m dir=[0m[1;36m-118.529[0m[1;36m
[gzserver-2] [0m[1;36m[Dbg] [wind_plugin.cpp:110] [0m[1;36mWindPlugin: received command -> speed=[0m[1;36m3.46343[0m[1;36m dir=[0m[1;36m-118.529[0m[1;36m
[gzserver-2] [0m[1;36m[Dbg] [wind_plugin.cpp:110] [0m[1;36mWindPlugin: received command -> speed=[0m[1;36m3.46343[0m[1;36m dir=[0m[1;36m-118.529[0m[1;36m
[gzserver-2] [0m[1;36m[Dbg] [wind_plugin.cpp:110] [0m[1;36mWindPlugin: received command -> speed=[0m[1;36m3.46343[0m[1;36m dir=[0m[1;36m-118.529[0m[1;36m
[gzserver-2] [0m[1;36m[Dbg] [wind_plugin.cpp:110] [0m[1;36mWindPlugin: received command -> speed=[0m[1;36m3.46343[0m[1;36m dir=[0m[1;36m-118.529[0m[1;36m
[gzserver-2] [0m[1;36m[Dbg] [wind_plugin.cpp:110] [0m[1;36mWindPlugin: received command -> speed=[0m[1;36m3.48554[0m[1;36m dir=[0m[1;36m-117.267[0m[1;36m
[gzserver-2] [0m[1;36m[Dbg] [wind_plugin.cpp:110] [0m[1;36mWindPlugin: received command -> speed=[0m[1;36m3.48554[0m[1;36m dir=[0m[1;36m-117.267[0m[1;36m
[gzserver-2] [0m[1;36m[Dbg] [wind_plugin.cpp:110] [0m[1;36mWindPlugin: received command -> speed=[0m[1;36m3.48554[0m[1;36m dir=[0m[1;36m-117.267[0m[1;36m
[gzserver-2] [0m[1;36m[Dbg] [wind_plugin.cpp:110] [0m[1;36mWindPlugin: received command -> speed=[0m[1;36m3.48554[0m[1;36m dir=[0m[1;36m-117.267[0m[1;36m
[gzserver-2] [0m[1;36m[Dbg] [wind_plugin.cpp:110] [0m[1;36mWindPlugin: received command -> speed=[0m[1;36m3.46182[0m[1;36m dir=[0m[1;36m-115.846[0m[1;36m
[gzserver-2] [0m[1;36m[Dbg] [wind_plugin.cpp:110] [0m[1;36mWindPlugin: received command -> speed=[0m[1;36m3.46182[0m[1;36m dir=[0m[1;36m-115.846[0m[1;36m
[gzserver-2] [0m[1;36m[Dbg] [wind_plugin.cpp:110] [0m[1;36mWindPlugin: received command -> speed=[0m[1;36m3.46182[0m[1;36m dir=[0m[1;36m-115.846[0m[1;36m
[gzserver-2] [0m[1;36m[Dbg] [wind_plugin.cpp:110] [0m[1;36mWindPlugin: received command -> speed=[0m[1;36m3.46182[0m[1;36m dir=[0m[1;36m-115.846[0m[1;36m
[gzserver-2] [0m[1;36m[Dbg] [wind_plugin.cpp:110] [0m[1;36mWindPlugin: received command -> speed=[0m[1;36m3.41959[0m[1;36m dir=[0m[1;36m-115.007[0m[1;36m
[gzserver-2] [0m[1;36m[Dbg] [wind_plugin.cpp:110] [0m[1;36mWindPlugin: received command -> speed=[0m[1;36m3.41959[0m[1;36m dir=[0m[1;36m-115.007[0m[1;36m
[gzserver-2] [INFO] [1773160796.992537112] [gazebo_wind_plugin_node]: WindPlugin: set wind_speed=3.42 wind_direction=-115.0
[gzserver-2] [INFO] [1773160797.226988993] [gazebo_wind_plugin_node]: WindPlugin: set wind_speed=3.56 wind_direction=-114.9
[gzserver-2] [INFO] [1773160797.468400469] [gazebo_wind_plugin_node]: WindPlugin: set wind_speed=3.56 wind_direction=-114.9
[gzserver-2] [INFO] [1773160797.707734909] [gazebo_wind_plugin_node]: WindPlugin: set wind_speed=3.56 wind_direction=-114.9
[gzserver-2] [INFO] [1773160797.941678483] [gazebo_wind_plugin_node]: WindPlugin: set wind_speed=3.56 wind_direction=-114.9
[gzserver-2] [INFO] [1773160798.176464314] [gazebo_wind_plugin_node]: WindPlugin: set wind_speed=3.46 wind_direction=-112.9
[gzserver-2] [INFO] [1773160798.410884830] [gazebo_wind_plugin_node]: WindPlugin: set wind_speed=3.46 wind_direction=-112.9
[gzserver-2] [INFO] [1773160798.644732619] [gazebo_wind_plugin_node]: WindPlugin: set wind_speed=3.46 wind_direction=-112.9
[gzserver-2] [INFO] [1773160798.884221322] [gazebo_wind_plugin_node]: WindPlugin: set wind_speed=3.46 wind_direction=-112.9
[gzserver-2] [INFO] [1773160799.123540896] [gazebo_wind_plugin_node]: WindPlugin: set wind_speed=3.46 wind_direction=-112.9
[gzserver-2] [INFO] [1773160799.362463602] [gazebo_wind_plugin_node]: WindPlugin: set wind_speed=3.30 wind_direction=-114.6
[gzserver-2] [INFO] [1773160799.602385307] [gazebo_wind_plugin_node]: WindPlugin: set wind_speed=3.30 wind_direction=-114.6
[gzserver-2] [INFO] [1773160799.831440247] [gazebo_wind_plugin_node]: WindPlugin: set wind_speed=3.30 wind_direction=-114.6
[gzserver-2] [INFO] [1773160800.065445965] [gazebo_wind_plugin_node]: WindPlugin: set wind_speed=3.30 wind_direction=-114.6
[gzserver-2] [INFO] [1773160800.294146697] [gazebo_wind_plugin_node]: WindPlugin: set wind_speed=3.63 wind_direction=-117.8
[gzserver-2] [INFO] [1773160800.528421789] [gazebo_wind_plugin_node]: WindPlugin: set wind_speed=3.63 wind_direction=-117.8
[gzserver-2] [INFO] [1773160800.764528607] [gazebo_wind_plugin_node]: WindPlugin: set wind_speed=3.63 wind_direction=-117.8
[gzserver-2] [INFO] [1773160801.006220323] [gazebo_wind_plugin_node]: WindPlugin: set wind_speed=3.63 wind_direction=-117.8
[gzserver-2] [INFO] [1773160801.245575148] [gazebo_wind_plugin_node]: WindPlugin: set wind_speed=3.64 wind_direction=-115.3
[gzserver-2] [INFO] [1773160801.485531689] [gazebo_wind_plugin_node]: WindPlugin: set wind_speed=3.64 wind_direction=-115.3
[gzserver-2] [INFO] [1773160801.724837214] [gazebo_wind_plugin_node]: WindPlugin: set wind_speed=3.64 wind_direction=-115.3
[gzserver-2] [INFO] [1773160801.958687571] [gazebo_wind_plugin_node]: WindPlugin: set wind_speed=3.64 wind_direction=-115.3
[gzserver-2] [INFO] [1773160802.198169929] [gazebo_wind_plugin_node]: WindPlugin: set wind_speed=3.47 wind_direction=-116.8
[gzserver-2] [INFO] [1773160802.437267681] [gazebo_wind_plugin_node]: WindPlugin: set wind_speed=3.47 wind_direction=-116.8
[gzserver-2] [INFO] [1773160802.672004217] [gazebo_wind_plugin_node]: WindPlugin: set wind_speed=3.47 wind_direction=-116.8
[gzserver-2] [INFO] [1773160802.913362802] [gazebo_wind_plugin_node]: WindPlugin: set wind_speed=3.47 wind_direction=-116.8
[gzserver-2] [INFO] [1773160803.152947183] [gazebo_wind_plugin_node]: WindPlugin: set wind_speed=3.47 wind_direction=-116.8
[gzserver-2] [0m[1;36m[Dbg] [wind_plugin.cpp:110] [0m[1;36mWindPlugin: received command -> speed=[0m[1;36m3.41959[0m[1;36m dir=[0m[1;36m-115.007[0m[1;36m
[gzserver-2] [0m[1;36m[Dbg] [wind_plugin.cpp:110] [0m[1;36mWindPlugin: received command -> speed=[0m[1;36m3.41959[0m[1;36m dir=[0m[1;36m-115.007[0m[1;36m
[gzserver-2] [0m[1;36m[Dbg] [wind_plugin.cpp:110] [0m[1;36mWindPlugin: received command -> speed=[0m[1;36m3.5552[0m[1;36m dir=[0m[1;36m-114.892[0m[1;36m
[gzserver-2] [0m[1;36m[Dbg] [wind_plugin.cpp:110] [0m[1;36mWindPlugin: received command -> speed=[0m[1;36m3.5552[0m[1;36m dir=[0m[1;36m-114.892[0m[1;36m
[gzserver-2] [0m[1;36m[Dbg] [wind_plugin.cpp:110] [0m[1;36mWindPlugin: received command -> speed=[0m[1;36m3.5552[0m[1;36m dir=[0m[1;36m-114.892[0m[1;36m
[gzserver-2] [0m[1;36m[Dbg] [wind_plugin.cpp:110] [0m[1;36mWindPlugin: received command -> speed=[0m[1;36m3.5552[0m[1;36m dir=[0m[1;36m-114.892[0m[1;36m
[gzserver-2] [0m[1;36m[Dbg] [wind_plugin.cpp:110] [0m[1;36mWindPlugin: received command -> speed=[0m[1;36m3.45819[0m[1;36m dir=[0m[1;36m-112.947[0m[1;36m
[gzserver-2] [0m[1;36m[Dbg] [wind_plugin.cpp:110] [0m[1;36mWindPlugin: received command -> speed=[0m[1;36m3.45819[0m[1;36m dir=[0m[1;36m-112.947[0m[1;36m
[gzserver-2] [0m[1;36m[Dbg] [wind_plugin.cpp:110] [0m[1;36mWindPlugin: received command -> speed=[0m[1;36m3.45819[0m[1;36m dir=[0m[1;36m-112.947[0m[1;36m
[gzserver-2] [0m[1;36m[Dbg] [wind_plugin.cpp:110] [0m[1;36mWindPlugin: received command -> speed=[0m[1;36m3.45819[0m[1;36m dir=[0m[1;36m-112.947[0m[1;36m
[gzserver-2] [0m[1;36m[Dbg] [wind_plugin.cpp:110] [0m[1;36mWindPlugin: received command -> speed=[0m[1;36m3.45819[0m[1;36m dir=[0m[1;36m-112.947[0m[1;36m
[gzserver-2] [0m[1;36m[Dbg] [wind_plugin.cpp:110] [0m[1;36mWindPlugin: received command -> speed=[0m[1;36m3.30012[0m[1;36m dir=[0m[1;36m-114.638[0m[1;36m
[gzserver-2] [0m[1;36m[Dbg] [wind_plugin.cpp:110] [0m[1;36mWindPlugin: received command -> speed=[0m[1;36m3.30012[0m[1;36m dir=[0m[1;36m-114.638[0m[1;36m
[gzserver-2] [0m[1;36m[Dbg] [wind_plugin.cpp:110] [0m[1;36mWindPlugin: received command -> speed=[0m[1;36m3.30012[0m[1;36m dir=[0m[1;36m-114.638[0m[1;36m
[gzserver-2] [0m[1;36m[Dbg] [wind_plugin.cpp:110] [0m[1;36mWindPlugin: received command -> speed=[0m[1;36m3.30012[0m[1;36m dir=[0m[1;36m-114.638[0m[1;36m
[gzserver-2] [0m[1;36m[Dbg] [wind_plugin.cpp:110] [0m[1;36mWindPlugin: received command -> speed=[0m[1;36m3.63152[0m[1;36m dir=[0m[1;36m-117.754[0m[1;36m
[gzserver-2] [0m[1;36m[Dbg] [wind_plugin.cpp:110] [0m[1;36mWindPlugin: received command -> speed=[0m[1;36m3.63152[0m[1;36m dir=[0m[1;36m-117.754[0m[1;36m
[gzserver-2] [0m[1;36m[Dbg] [wind_plugin.cpp:110] [0m[1;36mWindPlugin: received command -> speed=[0m[1;36m3.63152[0m[1;36m dir=[0m[1;36m-117.754[0m[1;36m
[gzserver-2] [0m[1;36m[Dbg] [wind_plugin.cpp:110] [0m[1;36mWindPlugin: received command -> speed=[0m[1;36m3.63152[0m[1;36m dir=[0m[1;36m-117.754[0m[1;36m
[gzserver-2] [0m[1;36m[Dbg] [wind_plugin.cpp:110] [0m[1;36mWindPlugin: received command -> speed=[0m[1;36m3.64024[0m[1;36m dir=[0m[1;36m-115.274[0m[1;36m
[gzserver-2] [0m[1;36m[Dbg] [wind_plugin.cpp:110] [0m[1;36mWindPlugin: received command -> speed=[0m[1;36m3.64024[0m[1;36m dir=[0m[1;36m-115.274[0m[1;36m
[gzserver-2] [0m[1;36m[Dbg] [wind_plugin.cpp:110] [0m[1;36mWindPlugin: received command -> speed=[0m[1;36m3.64024[0m[1;36m dir=[0m[1;36m-115.274[0m[1;36m
[gzserver-2] [0m[1;36m[Dbg] [wind_plugin.cpp:110] [0m[1;36mWindPlugin: received command -> speed=[0m[1;36m3.64024[0m[1;36m dir=[0m[1;36m-115.274[0m[1;36m
[gzserver-2] [0m[1;36m[Dbg] [wind_plugin.cpp:110] [0m[1;36mWindPlugin: received command -> speed=[0m[1;36m3.47374[0m[1;36m dir=[0m[1;36m-116.814[0m[1;36m
[gzserver-2] [0m[1;36m[Dbg] [wind_plugin.cpp:110] [0m[1;36mWindPlugin: received command -> speed=[0m[1;36m3.47374[0m[1;36m dir=[0m[1;36m-116.814[0m[1;36m
[gzserver-2] [0m[1;36m[Dbg] [wind_plugin.cpp:110] [0m[1;36mWindPlugin: received command -> speed=[0m[1;36m3.47374[0m[1;36m dir=[0m[1;36m-116.814[0m[1;36m
[gzserver-2] [0m[1;36m[Dbg] [wind_plugin.cpp:110] [0m[1;36mWindPlugin: received command -> speed=[0m[1;36m3.47374[0m[1;36m dir=[0m[1;36m-116.814[0m[1;36m
[gzserver-2] [INFO] [1773160803.392043320] [gazebo_wind_plugin_node]: WindPlugin: set wind_speed=3.48 wind_direction=-114.4
[gzserver-2] [INFO] [1773160803.632113551] [gazebo_wind_plugin_node]: WindPlugin: set wind_speed=3.48 wind_direction=-114.4
[gzserver-2] [INFO] [1773160803.873206518] [gazebo_wind_plugin_node]: WindPlugin: set wind_speed=3.48 wind_direction=-114.4
[gzserver-2] [INFO] [1773160804.112698493] [gazebo_wind_plugin_node]: WindPlugin: set wind_speed=3.48 wind_direction=-114.4
[gzserver-2] [INFO] [1773160804.347023754] [gazebo_wind_plugin_node]: WindPlugin: set wind_speed=3.33 wind_direction=-115.6
[gzserver-2] [INFO] [1773160804.586304392] [gazebo_wind_plugin_node]: WindPlugin: set wind_speed=3.33 wind_direction=-115.6
[gzserver-2] [INFO] [1773160804.825866803] [gazebo_wind_plugin_node]: WindPlugin: set wind_speed=3.33 wind_direction=-115.6
[gzserver-2] [INFO] [1773160805.066196471] [gazebo_wind_plugin_node]: WindPlugin: set wind_speed=3.33 wind_direction=-115.6
[gzserver-2] [INFO] [1773160805.300719254] [gazebo_wind_plugin_node]: WindPlugin: set wind_speed=3.55 wind_direction=-114.1
[gzserver-2] [INFO] [1773160805.540488332] [gazebo_wind_plugin_node]: WindPlugin: set wind_speed=3.55 wind_direction=-114.1
[gzserver-2] [INFO] [1773160805.774177881] [gazebo_wind_plugin_node]: WindPlugin: set wind_speed=3.55 wind_direction=-114.1
[gzserver-2] [INFO] [1773160806.009116685] [gazebo_wind_plugin_node]: WindPlugin: set wind_speed=3.55 wind_direction=-114.1
[gzserver-2] [INFO] [1773160806.249995754] [gazebo_wind_plugin_node]: WindPlugin: set wind_speed=3.46 wind_direction=-115.2
[gzserver-2] [INFO] [1773160806.489116530] [gazebo_wind_plugin_node]: WindPlugin: set wind_speed=3.46 wind_direction=-115.2
[gzserver-2] [INFO] [1773160806.730009568] [gazebo_wind_plugin_node]: WindPlugin: set wind_speed=3.46 wind_direction=-115.2
[gzserver-2] [INFO] [1773160806.969544144] [gazebo_wind_plugin_node]: WindPlugin: set wind_speed=3.46 wind_direction=-115.2
[gzserver-2] [INFO] [1773160807.206372233] [gazebo_wind_plugin_node]: WindPlugin: set wind_speed=3.21 wind_direction=-112.3
[gzserver-2] [INFO] [1773160807.440313991] [gazebo_wind_plugin_node]: WindPlugin: set wind_speed=3.21 wind_direction=-112.3
[gzserver-2] [INFO] [1773160807.679680672] [gazebo_wind_plugin_node]: WindPlugin: set wind_speed=3.21 wind_direction=-112.3
[gzserver-2] [INFO] [1773160807.919395616] [gazebo_wind_plugin_node]: WindPlugin: set wind_speed=3.21 wind_direction=-112.3
[gzserver-2] [INFO] [1773160808.158684540] [gazebo_wind_plugin_node]: WindPlugin: set wind_speed=3.21 wind_direction=-112.3
[gzserver-2] [INFO] [1773160808.388221348] [gazebo_wind_plugin_node]: WindPlugin: set wind_speed=3.44 wind_direction=-117.1
[gzserver-2] [INFO] [1773160808.623463504] [gazebo_wind_plugin_node]: WindPlugin: set wind_speed=3.44 wind_direction=-117.1
[gzserver-2] [INFO] [1773160808.863040471] [gazebo_wind_plugin_node]: WindPlugin: set wind_speed=3.44 wind_direction=-117.1
[gzserver-2] [INFO] [1773160809.102891080] [gazebo_wind_plugin_node]: WindPlugin: set wind_speed=3.44 wind_direction=-117.1
[gzserver-2] [INFO] [1773160809.342062290] [gazebo_wind_plugin_node]: WindPlugin: set wind_speed=3.59 wind_direction=-115.3
[gzserver-2] [INFO] [1773160809.581078646] [gazebo_wind_plugin_node]: WindPlugin: set wind_speed=3.59 wind_direction=-115.3
[gzserver-2] [0m[1;36m[Dbg] [wind_plugin.cpp:110] [0m[1;36mWindPlugin: received command -> speed=[0m[1;36m3.47374[0m[1;36m dir=[0m[1;36m-116.814[0m[1;36m
[gzserver-2] [0m[1;36m[Dbg] [wind_plugin.cpp:110] [0m[1;36mWindPlugin: received command -> speed=[0m[1;36m3.47689[0m[1;36m dir=[0m[1;36m-114.364[0m[1;36m
[gzserver-2] [0m[1;36m[Dbg] [wind_plugin.cpp:110] [0m[1;36mWindPlugin: received command -> speed=[0m[1;36m3.47689[0m[1;36m dir=[0m[1;36m-114.364[0m[1;36m
[gzserver-2] [0m[1;36m[Dbg] [wind_plugin.cpp:110] [0m[1;36mWindPlugin: received command -> speed=[0m[1;36m3.47689[0m[1;36m dir=[0m[1;36m-114.364[0m[1;36m
[gzserver-2] [0m[1;36m[Dbg] [wind_plugin.cpp:110] [0m[1;36mWindPlugin: received command -> speed=[0m[1;36m3.47689[0m[1;36m dir=[0m[1;36m-114.364[0m[1;36m
[gzserver-2] [0m[1;36m[Dbg] [wind_plugin.cpp:110] [0m[1;36mWindPlugin: received command -> speed=[0m[1;36m3.32775[0m[1;36m dir=[0m[1;36m-115.648[0m[1;36m
[gzserver-2] [0m[1;36m[Dbg] [wind_plugin.cpp:110] [0m[1;36mWindPlugin: received command -> speed=[0m[1;36m3.32775[0m[1;36m dir=[0m[1;36m-115.648[0m[1;36m
[gzserver-2] [0m[1;36m[Dbg] [wind_plugin.cpp:110] [0m[1;36mWindPlugin: received command -> speed=[0m[1;36m3.32775[0m[1;36m dir=[0m[1;36m-115.648[0m[1;36m
[gzserver-2] [0m[1;36m[Dbg] [wind_plugin.cpp:110] [0m[1;36mWindPlugin: received command -> speed=[0m[1;36m3.32775[0m[1;36m dir=[0m[1;36m-115.648[0m[1;36m
[gzserver-2] [0m[1;36m[Dbg] [wind_plugin.cpp:110] [0m[1;36mWindPlugin: received command -> speed=[0m[1;36m3.54658[0m[1;36m dir=[0m[1;36m-114.123[0m[1;36m
[gzserver-2] [0m[1;36m[Dbg] [wind_plugin.cpp:110] [0m[1;36mWindPlugin: received command -> speed=[0m[1;36m3.54658[0m[1;36m dir=[0m[1;36m-114.123[0m[1;36m
[gzserver-2] [0m[1;36m[Dbg] [wind_plugin.cpp:110] [0m[1;36mWindPlugin: received command -> speed=[0m[1;36m3.54658[0m[1;36m dir=[0m[1;36m-114.123[0m[1;36m
[gzserver-2] [0m[1;36m[Dbg] [wind_plugin.cpp:110] [0m[1;36mWindPlugin: received command -> speed=[0m[1;36m3.54658[0m[1;36m dir=[0m[1;36m-114.123[0m[1;36m
[gzserver-2] [0m[1;36m[Dbg] [wind_plugin.cpp:110] [0m[1;36mWindPlugin: received command -> speed=[0m[1;36m3.45927[0m[1;36m dir=[0m[1;36m-115.152[0m[1;36m
[gzserver-2] [0m[1;36m[Dbg] [wind_plugin.cpp:110] [0m[1;36mWindPlugin: received command -> speed=[0m[1;36m3.45927[0m[1;36m dir=[0m[1;36m-115.152[0m[1;36m
[gzserver-2] [0m[1;36m[Dbg] [wind_plugin.cpp:110] [0m[1;36mWindPlugin: received command -> speed=[0m[1;36m3.45927[0m[1;36m dir=[0m[1;36m-115.152[0m[1;36m
[gzserver-2] [0m[1;36m[Dbg] [wind_plugin.cpp:110] [0m[1;36mWindPlugin: received command -> speed=[0m[1;36m3.45927[0m[1;36m dir=[0m[1;36m-115.152[0m[1;36m
[gzserver-2] [0m[1;36m[Dbg] [wind_plugin.cpp:110] [0m[1;36mWindPlugin: received command -> speed=[0m[1;36m3.21339[0m[1;36m dir=[0m[1;36m-112.306[0m[1;36m
[gzserver-2] [0m[1;36m[Dbg] [wind_plugin.cpp:110] [0m[1;36mWindPlugin: received command -> speed=[0m[1;36m3.21339[0m[1;36m dir=[0m[1;36m-112.306[0m[1;36m
[gzserver-2] [0m[1;36m[Dbg] [wind_plugin.cpp:110] [0m[1;36mWindPlugin: received command -> speed=[0m[1;36m3.21339[0m[1;36m dir=[0m[1;36m-112.306[0m[1;36m
[gzserver-2] [0m[1;36m[Dbg] [wind_plugin.cpp:110] [0m[1;36mWindPlugin: received command -> speed=[0m[1;36m3.21339[0m[1;36m dir=[0m[1;36m-112.306[0m[1;36m
[gzserver-2] [0m[1;36m[Dbg] [wind_plugin.cpp:110] [0m[1;36mWindPlugin: received command -> speed=[0m[1;36m3.21339[0m[1;36m dir=[0m[1;36m-112.306[0m[1;36m
[gzserver-2] [0m[1;36m[Dbg] [wind_plugin.cpp:110] [0m[1;36mWindPlugin: received command -> speed=[0m[1;36m3.436[0m[1;36m dir=[0m[1;36m-117.09[0m[1;36m
[gzserver-2] [0m[1;36m[Dbg] [wind_plugin.cpp:110] [0m[1;36mWindPlugin: received command -> speed=[0m[1;36m3.436[0m[1;36m dir=[0m[1;36m-117.09[0m[1;36m
[gzserver-2] [0m[1;36m[Dbg] [wind_plugin.cpp:110] [0m[1;36mWindPlugin: received command -> speed=[0m[1;36m3.436[0m[1;36m dir=[0m[1;36m-117.09[0m[1;36m
[gzserver-2] [0m[1;36m[Dbg] [wind_plugin.cpp:110] [0m[1;36mWindPlugin: received command -> speed=[0m[1;36m3.436[0m[1;36m dir=[0m[1;36m-117.09[0m[1;36m
[gzserver-2] [0m[1;36m[Dbg] [wind_plugin.cpp:110] [0m[1;36mWindPlugin: received command -> speed=[0m[1;36m3.59371[0m[1;36m dir=[0m[1;36m-115.302[0m[1;36m
[gzserver-2] [INFO] [1773160809.821541057] [gazebo_wind_plugin_node]: WindPlugin: set wind_speed=3.59 wind_direction=-115.3
[gzserver-2] [INFO] [1773160810.050783170] [gazebo_wind_plugin_node]: WindPlugin: set wind_speed=3.59 wind_direction=-115.3
[gzserver-2] [INFO] [1773160810.290360601] [gazebo_wind_plugin_node]: WindPlugin: set wind_speed=3.50 wind_direction=-115.9
[gzserver-2] [INFO] [1773160810.530019451] [gazebo_wind_plugin_node]: WindPlugin: set wind_speed=3.50 wind_direction=-115.9
[gzserver-2] [INFO] [1773160810.769963842] [gazebo_wind_plugin_node]: WindPlugin: set wind_speed=3.50 wind_direction=-115.9
[gzserver-2] [INFO] [1773160810.998682303] [gazebo_wind_plugin_node]: WindPlugin: set wind_speed=3.50 wind_direction=-115.9
[gzserver-2] [INFO] [1773160811.238311080] [gazebo_wind_plugin_node]: WindPlugin: set wind_speed=3.49 wind_direction=-117.4
[gzserver-2] [INFO] [1773160811.477446837] [gazebo_wind_plugin_node]: WindPlugin: set wind_speed=3.49 wind_direction=-117.4
[gzserver-2] [INFO] [1773160811.716751908] [gazebo_wind_plugin_node]: WindPlugin: set wind_speed=3.49 wind_direction=-117.4
[gzserver-2] [INFO] [1773160811.952087095] [gazebo_wind_plugin_node]: WindPlugin: set wind_speed=3.49 wind_direction=-117.4
[gzserver-2] [INFO] [1773160812.191770408] [gazebo_wind_plugin_node]: WindPlugin: set wind_speed=3.55 wind_direction=-116.5
[gzserver-2] [INFO] [1773160812.432102750] [gazebo_wind_plugin_node]: WindPlugin: set wind_speed=3.55 wind_direction=-116.5
[gzserver-2] [INFO] [1773160812.671691859] [gazebo_wind_plugin_node]: WindPlugin: set wind_speed=3.55 wind_direction=-116.5
[gzserver-2] [INFO] [1773160812.905934390] [gazebo_wind_plugin_node]: WindPlugin: set wind_speed=3.55 wind_direction=-116.5
[gzserver-2] [INFO] [1773160813.145255680] [gazebo_wind_plugin_node]: WindPlugin: set wind_speed=3.55 wind_direction=-116.5
[gzserver-2] [INFO] [1773160813.383899078] [gazebo_wind_plugin_node]: WindPlugin: set wind_speed=3.49 wind_direction=-113.3
[gzserver-2] [INFO] [1773160813.612724384] [gazebo_wind_plugin_node]: WindPlugin: set wind_speed=3.49 wind_direction=-113.3
[gzserver-2] [INFO] [1773160813.847446228] [gazebo_wind_plugin_node]: WindPlugin: set wind_speed=3.49 wind_direction=-113.3
[gzserver-2] [INFO] [1773160814.087323431] [gazebo_wind_plugin_node]: WindPlugin: set wind_speed=3.49 wind_direction=-113.3
[gzserver-2] [INFO] [1773160814.327116421] [gazebo_wind_plugin_node]: WindPlugin: set wind_speed=3.43 wind_direction=-117.2
[gzserver-2] [INFO] [1773160814.566671440] [gazebo_wind_plugin_node]: WindPlugin: set wind_speed=3.43 wind_direction=-117.2
[gzserver-2] [INFO] [1773160814.806506831] [gazebo_wind_plugin_node]: WindPlugin: set wind_speed=3.43 wind_direction=-117.2
[gzserver-2] [INFO] [1773160815.046037027] [gazebo_wind_plugin_node]: WindPlugin: set wind_speed=3.43 wind_direction=-117.2
[gzserver-2] [INFO] [1773160815.285275391] [gazebo_wind_plugin_node]: WindPlugin: set wind_speed=3.41 wind_direction=-113.2
[gzserver-2] [INFO] [1773160815.519011783] [gazebo_wind_plugin_node]: WindPlugin: set wind_speed=3.41 wind_direction=-113.2
[gzserver-2] [INFO] [1773160815.759079165] [gazebo_wind_plugin_node]: WindPlugin: set wind_speed=3.41 wind_direction=-113.2
[gzserver-2] [INFO] [1773160815.998571967] [gazebo_wind_plugin_node]: WindPlugin: set wind_speed=3.41 wind_direction=-113.2
[gzserver-2] [0m[1;36m[Dbg] [wind_plugin.cpp:110] [0m[1;36mWindPlugin: received command -> speed=[0m[1;36m3.59371[0m[1;36m dir=[0m[1;36m-115.302[0m[1;36m
[gzserver-2] [0m[1;36m[Dbg] [wind_plugin.cpp:110] [0m[1;36mWindPlugin: received command -> speed=[0m[1;36m3.59371[0m[1;36m dir=[0m[1;36m-115.302[0m[1;36m
[gzserver-2] [0m[1;36m[Dbg] [wind_plugin.cpp:110] [0m[1;36mWindPlugin: received command -> speed=[0m[1;36m3.59371[0m[1;36m dir=[0m[1;36m-115.302[0m[1;36m
[gzserver-2] [0m[1;36m[Dbg] [wind_plugin.cpp:110] [0m[1;36mWindPlugin: received command -> speed=[0m[1;36m3.50004[0m[1;36m dir=[0m[1;36m-115.888[0m[1;36m
[gzserver-2] [0m[1;36m[Dbg] [wind_plugin.cpp:110] [0m[1;36mWindPlugin: received command -> speed=[0m[1;36m3.50004[0m[1;36m dir=[0m[1;36m-115.888[0m[1;36m
[gzserver-2] [0m[1;36m[Dbg] [wind_plugin.cpp:110] [0m[1;36mWindPlugin: received command -> speed=[0m[1;36m3.50004[0m[1;36m dir=[0m[1;36m-115.888[0m[1;36m
[gzserver-2] [0m[1;36m[Dbg] [wind_plugin.cpp:110] [0m[1;36mWindPlugin: received command -> speed=[0m[1;36m3.50004[0m[1;36m dir=[0m[1;36m-115.888[0m[1;36m
[gzserver-2] [0m[1;36m[Dbg] [wind_plugin.cpp:110] [0m[1;36mWindPlugin: received command -> speed=[0m[1;36m3.48545[0m[1;36m dir=[0m[1;36m-117.423[0m[1;36m
[gzserver-2] [0m[1;36m[Dbg] [wind_plugin.cpp:110] [0m[1;36mWindPlugin: received command -> speed=[0m[1;36m3.48545[0m[1;36m dir=[0m[1;36m-117.423[0m[1;36m
[gzserver-2] [0m[1;36m[Dbg] [wind_plugin.cpp:110] [0m[1;36mWindPlugin: received command -> speed=[0m[1;36m3.48545[0m[1;36m dir=[0m[1;36m-117.423[0m[1;36m
[gzserver-2] [0m[1;36m[Dbg] [wind_plugin.cpp:110] [0m[1;36mWindPlugin: received command -> speed=[0m[1;36m3.48545[0m[1;36m dir=[0m[1;36m-117.423[0m[1;36m
[gzserver-2] [0m[1;36m[Dbg] [wind_plugin.cpp:110] [0m[1;36mWindPlugin: received command -> speed=[0m[1;36m3.55234[0m[1;36m dir=[0m[1;36m-116.512[0m[1;36m
[gzserver-2] [0m[1;36m[Dbg] [wind_plugin.cpp:110] [0m[1;36mWindPlugin: received command -> speed=[0m[1;36m3.55234[0m[1;36m dir=[0m[1;36m-116.512[0m[1;36m
[gzserver-2] [0m[1;36m[Dbg] [wind_plugin.cpp:110] [0m[1;36mWindPlugin: received command -> speed=[0m[1;36m3.55234[0m[1;36m dir=[0m[1;36m-116.512[0m[1;36m
[gzserver-2] [0m[1;36m[Dbg] [wind_plugin.cpp:110] [0m[1;36mWindPlugin: received command -> speed=[0m[1;36m3.55234[0m[1;36m dir=[0m[1;36m-116.512[0m[1;36m
[gzserver-2] [0m[1;36m[Dbg] [wind_plugin.cpp:110] [0m[1;36mWindPlugin: received command -> speed=[0m[1;36m3.55234[0m[1;36m dir=[0m[1;36m-116.512[0m[1;36m
[gzserver-2] [0m[1;36m[Dbg] [wind_plugin.cpp:110] [0m[1;36mWindPlugin: received command -> speed=[0m[1;36m3.49308[0m[1;36m dir=[0m[1;36m-113.328[0m[1;36m
[gzserver-2] [0m[1;36m[Dbg] [wind_plugin.cpp:110] [0m[1;36mWindPlugin: received command -> speed=[0m[1;36m3.49308[0m[1;36m dir=[0m[1;36m-113.328[0m[1;36m
[gzserver-2] [0m[1;36m[Dbg] [wind_plugin.cpp:110] [0m[1;36mWindPlugin: received command -> speed=[0m[1;36m3.49308[0m[1;36m dir=[0m[1;36m-113.328[0m[1;36m
[gzserver-2] [0m[1;36m[Dbg] [wind_plugin.cpp:110] [0m[1;36mWindPlugin: received command -> speed=[0m[1;36m3.49308[0m[1;36m dir=[0m[1;36m-113.328[0m[1;36m
[gzserver-2] [0m[1;36m[Dbg] [wind_plugin.cpp:110] [0m[1;36mWindPlugin: received command -> speed=[0m[1;36m3.43266[0m[1;36m dir=[0m[1;36m-117.236[0m[1;36m
[gzserver-2] [0m[1;36m[Dbg] [wind_plugin.cpp:110] [0m[1;36mWindPlugin: received command -> speed=[0m[1;36m3.43266[0m[1;36m dir=[0m[1;36m-117.236[0m[1;36m
[gzserver-2] [0m[1;36m[Dbg] [wind_plugin.cpp:110] [0m[1;36mWindPlugin: received command -> speed=[0m[1;36m3.43266[0m[1;36m dir=[0m[1;36m-117.236[0m[1;36m
[gzserver-2] [0m[1;36m[Dbg] [wind_plugin.cpp:110] [0m[1;36mWindPlugin: received command -> speed=[0m[1;36m3.43266[0m[1;36m dir=[0m[1;36m-117.236[0m[1;36m
[gzserver-2] [0m[1;36m[Dbg] [wind_plugin.cpp:110] [0m[1;36mWindPlugin: received command -> speed=[0m[1;36m3.40784[0m[1;36m dir=[0m[1;36m-113.245[0m[1;36m
[gzserver-2] [0m[1;36m[Dbg] [wind_plugin.cpp:110] [0m[1;36mWindPlugin: received command -> speed=[0m[1;36m3.40784[0m[1;36m dir=[0m[1;36m-113.245[0m[1;36m
[gzserver-2] [0m[1;36m[Dbg] [wind_plugin.cpp:110] [0m[1;36mWindPlugin: received command -> speed=[0m[1;36m3.40784[0m[1;36m dir=[0m[1;36m-113.245[0m[1;36m
[gzserver-2] [INFO] [1773160816.238182414] [gazebo_wind_plugin_node]: WindPlugin: set wind_speed=3.50 wind_direction=-117.5
[gzserver-2] [INFO] [1773160816.472833767] [gazebo_wind_plugin_node]: WindPlugin: set wind_speed=3.50 wind_direction=-117.5
[gzserver-2] [INFO] [1773160816.707905896] [gazebo_wind_plugin_node]: WindPlugin: set wind_speed=3.50 wind_direction=-117.5
[gzserver-2] [INFO] [1773160816.947674969] [gazebo_wind_plugin_node]: WindPlugin: set wind_speed=3.50 wind_direction=-117.5
[gzserver-2] [INFO] [1773160817.187282701] [gazebo_wind_plugin_node]: WindPlugin: set wind_speed=3.40 wind_direction=-113.6
[gzserver-2] [INFO] [1773160817.426565659] [gazebo_wind_plugin_node]: WindPlugin: set wind_speed=3.40 wind_direction=-113.6
[gzserver-2] [INFO] [1773160817.662699128] [gazebo_wind_plugin_node]: WindPlugin: set wind_speed=3.40 wind_direction=-113.6
[gzserver-2] [INFO] [1773160817.902412791] [gazebo_wind_plugin_node]: WindPlugin: set wind_speed=3.40 wind_direction=-113.6
[gzserver-2] [INFO] [1773160818.141999802] [gazebo_wind_plugin_node]: WindPlugin: set wind_speed=3.40 wind_direction=-113.6
[gzserver-2] [INFO] [1773160818.379195906] [gazebo_wind_plugin_node]: WindPlugin: set wind_speed=3.55 wind_direction=-115.8
[gzserver-2] [INFO] [1773160818.618483884] [gazebo_wind_plugin_node]: WindPlugin: set wind_speed=3.55 wind_direction=-115.8
[gzserver-2] [INFO] [1773160818.857965205] [gazebo_wind_plugin_node]: WindPlugin: set wind_speed=3.55 wind_direction=-115.8
[gzserver-2] [INFO] [1773160819.099673109] [gazebo_wind_plugin_node]: WindPlugin: set wind_speed=3.55 wind_direction=-115.8
[gzserver-2] [INFO] [1773160819.328343172] [gazebo_wind_plugin_node]: WindPlugin: set wind_speed=3.37 wind_direction=-112.7
[gzserver-2] [INFO] [1773160819.568874387] [gazebo_wind_plugin_node]: WindPlugin: set wind_speed=3.37 wind_direction=-112.7
[gzserver-2] [INFO] [1773160819.808440258] [gazebo_wind_plugin_node]: WindPlugin: set wind_speed=3.37 wind_direction=-112.7
[gzserver-2] [INFO] [1773160820.042344004] [gazebo_wind_plugin_node]: WindPlugin: set wind_speed=3.37 wind_direction=-112.7
[gzserver-2] [INFO] [1773160820.278270979] [gazebo_wind_plugin_node]: WindPlugin: set wind_speed=3.73 wind_direction=-116.4
[gzserver-2] [INFO] [1773160820.517872105] [gazebo_wind_plugin_node]: WindPlugin: set wind_speed=3.73 wind_direction=-116.4
[gzserver-2] [INFO] [1773160820.757361330] [gazebo_wind_plugin_node]: WindPlugin: set wind_speed=3.73 wind_direction=-116.4
[gzserver-2] [INFO] [1773160820.796220658] [drone.simple_drone]: Quadrotor lands!!
[gzserver-2] [INFO] [1773160820.998878004] [gazebo_wind_plugin_node]: WindPlugin: set wind_speed=3.73 wind_direction=-116.4
[gzserver-2] [INFO] [1773160821.238688397] [gazebo_wind_plugin_node]: WindPlugin: set wind_speed=3.53 wind_direction=-112.8
[gzserver-2] [INFO] [1773160821.478675067] [gazebo_wind_plugin_node]: WindPlugin: set wind_speed=3.53 wind_direction=-112.8
[gzserver-2] [INFO] [1773160821.718158702] [gazebo_wind_plugin_node]: WindPlugin: set wind_speed=3.53 wind_direction=-112.8
[gzserver-2] [0m[1;36m[Dbg] [wind_plugin.cpp:110] [0m[1;36mWindPlugin: received command -> speed=[0m[1;36m3.40784[0m[1;36m dir=[0m[1;36m-113.245[0m[1;36m
[gzserver-2] [0m[1;36m[Dbg] [wind_plugin.cpp:110] [0m[1;36mWindPlugin: received command -> speed=[0m[1;36m3.5012[0m[1;36m dir=[0m[1;36m-117.458[0m[1;36m
[gzserver-2] [0m[1;36m[Dbg] [wind_plugin.cpp:110] [0m[1;36mWindPlugin: received command -> speed=[0m[1;36m3.5012[0m[1;36m dir=[0m[1;36m-117.458[0m[1;36m
[gzserver-2] [0m[1;36m[Dbg] [wind_plugin.cpp:110] [0m[1;36mWindPlugin: received command -> speed=[0m[1;36m3.5012[0m[1;36m dir=[0m[1;36m-117.458[0m[1;36m
[gzserver-2] [0m[1;36m[Dbg] [wind_plugin.cpp:110] [0m[1;36mWindPlugin: received command -> speed=[0m[1;36m3.5012[0m[1;36m dir=[0m[1;36m-117.458[0m[1;36m
[gzserver-2] [0m[1;36m[Dbg] [wind_plugin.cpp:110] [0m[1;36mWindPlugin: received command -> speed=[0m[1;36m3.39517[0m[1;36m dir=[0m[1;36m-113.574[0m[1;36m
[gzserver-2] [0m[1;36m[Dbg] [wind_plugin.cpp:110] [0m[1;36mWindPlugin: received command -> speed=[0m[1;36m3.39517[0m[1;36m dir=[0m[1;36m-113.574[0m[1;36m
[gzserver-2] [0m[1;36m[Dbg] [wind_plugin.cpp:110] [0m[1;36mWindPlugin: received command -> speed=[0m[1;36m3.39517[0m[1;36m dir=[0m[1;36m-113.574[0m[1;36m
[gzserver-2] [0m[1;36m[Dbg] [wind_plugin.cpp:110] [0m[1;36mWindPlugin: received command -> speed=[0m[1;36m3.39517[0m[1;36m dir=[0m[1;36m-113.574[0m[1;36m
[gzserver-2] [0m[1;36m[Dbg] [wind_plugin.cpp:110] [0m[1;36mWindPlugin: received command -> speed=[0m[1;36m3.39517[0m[1;36m dir=[0m[1;36m-113.574[0m[1;36m
[gzserver-2] [0m[1;36m[Dbg] [wind_plugin.cpp:110] [0m[1;36mWindPlugin: received command -> speed=[0m[1;36m3.54657[0m[1;36m dir=[0m[1;36m-115.826[0m[1;36m
[gzserver-2] [0m[1;36m[Dbg] [wind_plugin.cpp:110] [0m[1;36mWindPlugin: received command -> speed=[0m[1;36m3.54657[0m[1;36m dir=[0m[1;36m-115.826[0m[1;36m
[gzserver-2] [0m[1;36m[Dbg] [wind_plugin.cpp:110] [0m[1;36mWindPlugin: received command -> speed=[0m[1;36m3.54657[0m[1;36m dir=[0m[1;36m-115.826[0m[1;36m
[gzserver-2] [0m[1;36m[Dbg] [wind_plugin.cpp:110] [0m[1;36mWindPlugin: received command -> speed=[0m[1;36m3.54657[0m[1;36m dir=[0m[1;36m-115.826[0m[1;36m
[gzserver-2] [0m[1;36m[Dbg] [wind_plugin.cpp:110] [0m[1;36mWindPlugin: received command -> speed=[0m[1;36m3.37341[0m[1;36m dir=[0m[1;36m-112.737[0m[1;36m
[gzserver-2] [0m[1;36m[Dbg] [wind_plugin.cpp:110] [0m[1;36mWindPlugin: received command -> speed=[0m[1;36m3.37341[0m[1;36m dir=[0m[1;36m-112.737[0m[1;36m
[gzserver-2] [0m[1;36m[Dbg] [wind_plugin.cpp:110] [0m[1;36mWindPlugin: received command -> speed=[0m[1;36m3.37341[0m[1;36m dir=[0m[1;36m-112.737[0m[1;36m
[gzserver-2] [0m[1;36m[Dbg] [wind_plugin.cpp:110] [0m[1;36mWindPlugin: received command -> speed=[0m[1;36m3.37341[0m[1;36m dir=[0m[1;36m-112.737[0m[1;36m
[gzserver-2] [0m[1;36m[Dbg] [wind_plugin.cpp:110] [0m[1;36mWindPlugin: received command -> speed=[0m[1;36m3.72699[0m[1;36m dir=[0m[1;36m-116.4[0m[1;36m
[gzserver-2] [0m[1;36m[Dbg] [wind_plugin.cpp:110] [0m[1;36mWindPlugin: received command -> speed=[0m[1;36m3.72699[0m[1;36m dir=[0m[1;36m-116.4[0m[1;36m
[gzserver-2] [0m[1;36m[Dbg] [wind_plugin.cpp:110] [0m[1;36mWindPlugin: received command -> speed=[0m[1;36m3.72699[0m[1;36m dir=[0m[1;36m-116.4[0m[1;36m
[gzserver-2] [0m[1;36m[Dbg] [wind_plugin.cpp:110] [0m[1;36mWindPlugin: received command -> speed=[0m[1;36m3.72699[0m[1;36m dir=[0m[1;36m-116.4[0m[1;36m
[gzserver-2] [0m[1;36m[Dbg] [wind_plugin.cpp:110] [0m[1;36mWindPlugin: received command -> speed=[0m[1;36m3.53409[0m[1;36m dir=[0m[1;36m-112.835[0m[1;36m
[gzserver-2] [0m[1;36m[Dbg] [wind_plugin.cpp:110] [0m[1;36mWindPlugin: received command -> speed=[0m[1;36m3.53409[0m[1;36m dir=[0m[1;36m-112.835[0m[1;36m
[gzserver-2] [0m[1;36m[Dbg] [wind_plugin.cpp:110] [0m[1;36mWindPlugin: received command -> speed=[0m[1;36m3.53409[0m[1;36m dir=[0m[1;36m-112.835[0m[1;36m
[gzserver-2] [0mLanded!
[gzserver-2] [INFO] [1773160821.957295798] [gazebo_wind_plugin_node]: WindPlugin: set wind_speed=3.53 wind_direction=-112.8
[gzserver-2] [INFO] [1773160822.196654388] [gazebo_wind_plugin_node]: WindPlugin: set wind_speed=3.55 wind_direction=-116.2
[gzserver-2] [INFO] [1773160822.436744650] [gazebo_wind_plugin_node]: WindPlugin: set wind_speed=3.55 wind_direction=-116.2
[gzserver-2] [INFO] [1773160822.666273743] [gazebo_wind_plugin_node]: WindPlugin: set wind_speed=3.55 wind_direction=-116.2
[gzserver-2] [INFO] [1773160822.907539780] [gazebo_wind_plugin_node]: WindPlugin: set wind_speed=3.55 wind_direction=-116.2
[gzserver-2] [INFO] [1773160823.146780265] [gazebo_wind_plugin_node]: WindPlugin: set wind_speed=3.55 wind_direction=-116.2
[gzserver-2] [INFO] [1773160823.386426341] [gazebo_wind_plugin_node]: WindPlugin: set wind_speed=3.58 wind_direction=-116.2
[gzserver-2] [INFO] [1773160823.625948841] [gazebo_wind_plugin_node]: WindPlugin: set wind_speed=3.58 wind_direction=-116.2
