[INFO] [launch]: All log files can be found below /home/j/.ros/log/2026-03-11-05-21-35-937932-j-567543
[INFO] [launch]: Default logging verbosity is set to INFO
[INFO] [launch.user]: [bringup] Apriltag config: camera=/drone/bottom, image=/drone/bottom/image_raw, tags=/drone/bottom/tags, bridge=/landing_tag_state, standalone=true, use_target_id=true, target_id=0
[INFO] [rviz2-1]: process started with pid [567548]
[INFO] [gzserver-2]: process started with pid [567550]
[INFO] [robot_state_publisher-3]: process started with pid [567552]
[INFO] [joint_state_publisher-4]: process started with pid [567554]
[INFO] [spawn_drone-5]: process started with pid [567556]
[INFO] [static_transform_publisher-6]: process started with pid [567558]
[INFO] [joy_node-7]: process started with pid [567560]
[INFO] [teleop_joystick-8]: process started with pid [567562]
[INFO] [apriltag_detector_node-9]: process started with pid [567565]
[INFO] [apriltag_state_bridge-10]: process started with pid [567567]
[static_transform_publisher-6] [WARN] [1773174096.433396419] []: Old-style arguments are deprecated; see --help for new-style arguments
[static_transform_publisher-6] [INFO] [1773174096.440451150] [static_transform_publisher_aE8BaDjHgAHoisBd]: Spinning until stopped - publishing transform
[static_transform_publisher-6] translation: ('0.000000', '0.000000', '0.000000')
[static_transform_publisher-6] rotation: ('0.000000', '0.000000', '0.000000', '1.000000')
[static_transform_publisher-6] from 'world' to '/drone/odom'
[robot_state_publisher-3] [INFO] [1773174096.457654228] [drone.robot_state_publisher]: got segment base_footprint
[robot_state_publisher-3] [INFO] [1773174096.457718695] [drone.robot_state_publisher]: got segment base_link
[robot_state_publisher-3] [INFO] [1773174096.457724446] [drone.robot_state_publisher]: got segment bottom_cam_link
[robot_state_publisher-3] [INFO] [1773174096.457727721] [drone.robot_state_publisher]: got segment front_cam_link
[robot_state_publisher-3] [INFO] [1773174096.457730477] [drone.robot_state_publisher]: got segment sonar_link
[rviz2-1] 
[rviz2-1] (rviz2:567548): dbind-WARNING **: 05:21:36.458: Couldn't connect to accessibility bus: Failed to connect to socket /root/.cache/at-spi/bus_0: 허가 거부
[apriltag_detector_node-9] [INFO] [1773174096.490283055] [apriltag_detector_node]: tag detector type: umich
[teleop_joystick-8] Traceback (most recent call last):
[teleop_joystick-8]   File "/home/j/INCSL/IICC26_ws/install/sjtu_drone_control/lib/sjtu_drone_control/teleop_joystick", line 33, in <module>
[teleop_joystick-8]     sys.exit(load_entry_point('sjtu_drone_control==0.0.0', 'console_scripts', 'teleop_joystick')())
[teleop_joystick-8]   File "/home/j/INCSL/IICC26_ws/install/sjtu_drone_control/lib/sjtu_drone_control/teleop_joystick", line 22, in importlib_load_entry_point
[teleop_joystick-8]     for entry_point in distribution(dist_name).entry_points
[teleop_joystick-8]   File "/usr/lib/python3.10/importlib/metadata/__init__.py", line 969, in distribution
[teleop_joystick-8]     return Distribution.from_name(distribution_name)
[teleop_joystick-8]   File "/usr/lib/python3.10/importlib/metadata/__init__.py", line 548, in from_name
[teleop_joystick-8]     raise PackageNotFoundError(name)
[teleop_joystick-8] importlib.metadata.PackageNotFoundError: No package metadata was found for sjtu_drone_control
[ERROR] [teleop_joystick-8]: process has died [pid 567562, exit code 1, cmd '/home/j/INCSL/IICC26_ws/install/sjtu_drone_control/lib/sjtu_drone_control/teleop_joystick --ros-args -r __ns:=/drone'].
[gzserver-2] Gazebo multi-robot simulator, version 11.10.2
[gzserver-2] Copyright (C) 2012 Open Source Robotics Foundation.
[gzserver-2] Released under the Apache 2 License.
[gzserver-2] http://gazebosim.org
[gzserver-2] 
[apriltag_state_bridge-10] [INFO] [1773174096.683266017] [apriltag_state_bridge]: AprilTag bridge started: /drone/bottom/tags -> /landing_tag_state, use_target_id=True, target_id=0
[joint_state_publisher-4] [INFO] [1773174096.737156395] [drone.joint_state_publisher]: Waiting for robot_description to be published on the robot_description topic...
[gzserver-2] [1;33m[Wrn] [gazebo_ros_init.cpp:178] [0m[1;33m
[gzserver-2] #     # ####### ####### ###  #####  #######
[gzserver-2] ##    # #     #    #     #  #     # #
[gzserver-2] # #   # #     #    #     #  #       #
[gzserver-2] #  #  # #     #    #     #  #       #####
[gzserver-2] #   # # #     #    #     #  #       #
[gzserver-2] #    ## #     #    #     #  #     # #
[gzserver-2] #     # #######    #    ###  #####  #######
[gzserver-2] 
[gzserver-2] This version of Gazebo, now called Gazebo classic, reaches end-of-life
[gzserver-2] in January 2025. Users are highly encouraged to migrate to the new Gazebo
[gzserver-2] using our migration guides (https://gazebosim.org/docs/latest/gazebo_classic_migration?utm_source=gazebo_ros_pkgs&utm_medium=cli)
[gzserver-2] 
[gzserver-2] [0m[1;33m
[rviz2-1] [INFO] [1773174097.263630487] [rviz2]: Stereo is NOT SUPPORTED
[rviz2-1] [INFO] [1773174097.263717867] [rviz2]: OpenGl version: 4.6 (GLSL 4.6)
[rviz2-1] [INFO] [1773174097.364396304] [rviz2]: Stereo is NOT SUPPORTED
[rviz2-1] [INFO] [1773174097.455306166] [rviz2]: Stereo is NOT SUPPORTED
[spawn_drone-5] [INFO] [1773174097.874410658] [spawn_drone]: Result False Entity pushed to spawn queue, but spawn service timed outwaiting for entity to appear in simulation under the name [/drone]
[gzserver-2] [1;32m[Msg] [0m[1;32mWaiting for master.[0m[1;32m
[gzserver-2] [0m[1;32m[0m[1;32m[0m[1;32m[Msg] [0m[1;32mConnected to gazebo master @ [0m[1;32mhttp://127.0.0.1:11345[0m[1;32m
[gzserver-2] [0m[1;32m[0m[1;32m[0m[1;32m[Msg] [0m[1;32mPublicized address: [0m[1;32m192.168.0.11[0m[1;32m
[gzserver-2] [0m[1;32m[0m[1;32m[0m[1;32m[Msg] [0m[1;32mLoading world file [[0m[1;32m/home/j/INCSL/IICC26_ws/install/sjtu_drone_description/share/sjtu_drone_description/worlds/landingPad.world[0m[1;32m][0m[1;32m
[gzserver-2] [0m[1;32m[0m[1;32m[0m[1;36m[Dbg] [wind_plugin.cpp:96] [0m[1;36mWindPlugin loaded: speed=[0m[1;36m0[0m[1;36m dir=[0m[1;36m0[0m[1;36m deg area=[0m[1;36m0.1[0m[1;36m coeff=[0m[1;36m1[0m[1;36m
[gzserver-2] [0m[1;33m[0m[1;33m[0m[1;31m[Err] [Sensor.cc:510] [0m[1;31mGet noise index not valid[0m[1;31m
[gzserver-2] [0m[1;31m[0m[1;31m[0m[1;31m[Err] [Sensor.cc:510] [0m[1;31mGet noise index not valid[0m[1;31m
[gzserver-2] [0m[1;31m[0m[1;31m[0m[1;31m[Err] [Sensor.cc:510] [0m[1;31mGet noise index not valid[0m[1;31m
[gzserver-2] [0m[1;31m[0m[1;31m[0m[1;31m[Err] [Sensor.cc:510] [0m[1;31mGet noise index not valid[0m[1;31m
[gzserver-2] [0m[1;31m[0m[1;31m[0m[1;31m[Err] [Sensor.cc:510] [0m[1;31mGet noise index not valid[0m[1;31m
[gzserver-2] [0m[1;31m[0m[1;31m[0m[1;31m[Err] [Sensor.cc:510] [0m[1;31mGet noise index not valid[0m[1;31m
[gzserver-2] [0m[1;31m[0m[1;31m[0mTopic [default//drone/base_footprint/down_camera/image] is not valid.
[gzserver-2] [INFO] [1773174097.907201829] [drone.collision_plugin]: Publishing contact states to [/drone/bumper_states]
[gzserver-2] Topic [default//drone/base_footprint/front_camera/image] is not valid.
[gzserver-2] [1;33m[Wrn] [Event.cc:61] [0m[1;33mWarning: Deleting a connection right after creation. [0m[1;33mMake sure to save the ConnectionPtr from a Connect call
[INFO] [spawn_drone-5]: process has finished cleanly [pid 567556]
[gzserver-2] [0m[INFO] [1773174098.473140473] [drone.camera_bottom]: Publishing camera info to [/drone/bottom/camera_info]
[gzserver-2] [INFO] [1773174098.475837010] [drone.camera_front]: Publishing camera info to [/drone/front/camera_info]
[gzserver-2] [INFO] [1773174098.598536837] [drone.simple_drone]: The drone plugin is loading!
[gzserver-2] [INFO] [1773174098.598762930] [drone.simple_drone]: pub_odom: 1
[gzserver-2] [INFO] [1773174098.598797655] [drone.simple_drone]: Using following parameters: 
[gzserver-2] 		link_name: base_footprint,
[gzserver-2] 		max_force: 30,
[gzserver-2] 		motion_small_noise: 0,
[gzserver-2] 		motion_drift_noise: 0,
[gzserver-2] 		motion_drift_noise_time: 50,
[gzserver-2] 		takeoff_hover_height: 1.96,
[gzserver-2] 		takeoff_vertical_speed: 0.2
[gzserver-2] [INFO] [1773174098.611169555] [drone.simple_drone]: Using the PID parameters: 
[gzserver-2] 	Roll Pitch:
[gzserver-2] 		kP: 10, kI: 0,kD: 5, Limit: 0.5, Time Constant: 0
[gzserver-2] 	Yaw:
[gzserver-2] 		kP: 2, kI: 0,kD: 1, Limit: 1.5, Time Constant: 0
[gzserver-2] 	Velocity X:
[gzserver-2] 		kP: 5, kI: 0,kD: 2.3, Limit: 2, Time Constant: 0
[gzserver-2] 	Velocity Y:
[gzserver-2] 		kP: 5, kI: 0,kD: 2.3, Limit: 2, Time Constant: 0
[gzserver-2] 	Velocity Z:
[gzserver-2] 		kP: 5, kI: 0,kD: 1, Limit: -1, Time Constant: 0
[gzserver-2] 	Position XY:
[gzserver-2] 		kP: 1.1, kI: 0,kD: 0, Limit: 5, Time Constant: 0
[gzserver-2] 	Position Z:
[gzserver-2] 		kP: 1, kI: 0,kD: 0.2, Limit: -1, Time Constant: 0
[gzserver-2] [INFO] [1773174098.611310028] [drone.simple_drone]: The drone plugin finished loading!
[gzserver-2] [INFO] [1773174105.769548383] [gazebo_wind_plugin_node]: WindPlugin: set wind_speed=0.00 wind_direction=0.0
[gzserver-2] [INFO] [1773174106.041661017] [gazebo_wind_plugin_node]: WindPlugin: set wind_speed=0.00 wind_direction=0.0
[gzserver-2] [INFO] [1773174106.078264517] [drone.simple_drone]: Quadrotor takes off!!
[gzserver-2] [INFO] [1773174106.280074828] [gazebo_wind_plugin_node]: WindPlugin: set wind_speed=0.00 wind_direction=0.0
[gzserver-2] [INFO] [1773174106.520945220] [gazebo_wind_plugin_node]: WindPlugin: set wind_speed=0.00 wind_direction=0.0
[gzserver-2] [INFO] [1773174106.762479422] [gazebo_wind_plugin_node]: WindPlugin: set wind_speed=0.00 wind_direction=0.0
[gzserver-2] [INFO] [1773174107.002017686] [gazebo_wind_plugin_node]: WindPlugin: set wind_speed=0.00 wind_direction=0.0
[gzserver-2] [INFO] [1773174107.236661156] [gazebo_wind_plugin_node]: WindPlugin: set wind_speed=0.00 wind_direction=0.0
[gzserver-2] [INFO] [1773174107.476698690] [gazebo_wind_plugin_node]: WindPlugin: set wind_speed=0.00 wind_direction=0.0
[gzserver-2] [0m[1;36m[Dbg] [wind_plugin.cpp:110] [0m[1;36mWindPlugin: received command -> speed=[0m[1;36m0[0m[1;36m dir=[0m[1;36m0[0m[1;36m
[gzserver-2] [0m[1;36m[Dbg] [wind_plugin.cpp:110] [0m[1;36mWindPlugin: received command -> speed=[0m[1;36m0[0m[1;36m dir=[0m[1;36m0[0m[1;36m
[gzserver-2] [0m[1;36m[Dbg] [wind_plugin.cpp:110] [0m[1;36mWindPlugin: received command -> speed=[0m[1;36m0[0m[1;36m dir=[0m[1;36m0[0m[1;36m
[gzserver-2] [0m[1;36m[Dbg] [wind_plugin.cpp:110] [0m[1;36mWindPlugin: received command -> speed=[0m[1;36m0[0m[1;36m dir=[0m[1;36m0[0m[1;36m
[gzserver-2] [0m[1;36m[Dbg] [wind_plugin.cpp:110] [0m[1;36mWindPlugin: received command -> speed=[0m[1;36m0[0m[1;36m dir=[0m[1;36m0[0m[1;36m
[gzserver-2] [0m[1;36m[Dbg] [wind_plugin.cpp:110] [0m[1;36mWindPlugin: received command -> speed=[0m[1;36m0[0m[1;36m dir=[0m[1;36m0[0m[1;36m
[gzserver-2] [0m[1;36m[Dbg] [wind_plugin.cpp:110] [0m[1;36mWindPlugin: received command -> speed=[0m[1;36m0[0m[1;36m dir=[0m[1;36m0[0m[1;36m
[gzserver-2] [0m[1;36m[Dbg] [wind_plugin.cpp:110] [0m[1;36mWindPlugin: received command -> speed=[0m[1;36m0[0m[1;36m dir=[0m[1;36m0[0m[1;36m
[gzserver-2] [0mEntering flying model!
[gzserver-2] [INFO] [1773174107.717255300] [gazebo_wind_plugin_node]: WindPlugin: set wind_speed=0.00 wind_direction=0.0
[gzserver-2] [INFO] [1773174107.957201679] [gazebo_wind_plugin_node]: WindPlugin: set wind_speed=0.78 wind_direction=-87.2
[gzserver-2] [INFO] [1773174108.198665218] [gazebo_wind_plugin_node]: WindPlugin: set wind_speed=0.78 wind_direction=-87.2
[gzserver-2] [INFO] [1773174108.434018478] [gazebo_wind_plugin_node]: WindPlugin: set wind_speed=0.66 wind_direction=-93.2
[gzserver-2] [INFO] [1773174108.668227320] [gazebo_wind_plugin_node]: WindPlugin: set wind_speed=0.66 wind_direction=-93.2
[gzserver-2] [INFO] [1773174108.897825930] [gazebo_wind_plugin_node]: WindPlugin: set wind_speed=0.66 wind_direction=-93.2
[gzserver-2] [INFO] [1773174109.131680906] [gazebo_wind_plugin_node]: WindPlugin: set wind_speed=0.66 wind_direction=-93.2
[gzserver-2] [INFO] [1773174109.367158692] [gazebo_wind_plugin_node]: WindPlugin: set wind_speed=0.70 wind_direction=-93.5
[gzserver-2] [INFO] [1773174109.600919907] [gazebo_wind_plugin_node]: WindPlugin: set wind_speed=0.70 wind_direction=-93.5
[gzserver-2] [INFO] [1773174109.840240135] [gazebo_wind_plugin_node]: WindPlugin: set wind_speed=0.70 wind_direction=-93.5
[gzserver-2] [INFO] [1773174110.074570416] [gazebo_wind_plugin_node]: WindPlugin: set wind_speed=0.70 wind_direction=-93.5
[gzserver-2] [INFO] [1773174110.308873564] [gazebo_wind_plugin_node]: WindPlugin: set wind_speed=0.76 wind_direction=-92.2
[gzserver-2] [INFO] [1773174110.548126245] [gazebo_wind_plugin_node]: WindPlugin: set wind_speed=0.76 wind_direction=-92.2
[gzserver-2] [INFO] [1773174110.790245006] [gazebo_wind_plugin_node]: WindPlugin: set wind_speed=0.76 wind_direction=-92.2
[gzserver-2] [INFO] [1773174111.025166634] [gazebo_wind_plugin_node]: WindPlugin: set wind_speed=0.76 wind_direction=-92.2
[gzserver-2] [INFO] [1773174111.265378685] [gazebo_wind_plugin_node]: WindPlugin: set wind_speed=0.76 wind_direction=-92.2
[gzserver-2] [INFO] [1773174111.504805898] [gazebo_wind_plugin_node]: WindPlugin: set wind_speed=0.62 wind_direction=-91.5
[gzserver-2] [INFO] [1773174111.532411490] [drone.simple_drone]: Quadrotor lands!!
[gzserver-2] [INFO] [1773174111.734067854] [gazebo_wind_plugin_node]: WindPlugin: set wind_speed=0.62 wind_direction=-91.5
[gzserver-2] [INFO] [1773174111.969246635] [gazebo_wind_plugin_node]: WindPlugin: set wind_speed=0.62 wind_direction=-91.5
[gzserver-2] [INFO] [1773174112.203740328] [gazebo_wind_plugin_node]: WindPlugin: set wind_speed=0.62 wind_direction=-91.5
[gzserver-2] [INFO] [1773174112.440721596] [gazebo_wind_plugin_node]: WindPlugin: set wind_speed=0.66 wind_direction=-91.8
[gzserver-2] [1;36m[Dbg] [wind_plugin.cpp:110] [0m[1;36mWindPlugin: received command -> speed=[0m[1;36m0[0m[1;36m dir=[0m[1;36m0[0m[1;36m
[gzserver-2] [0m[1;36m[Dbg] [wind_plugin.cpp:110] [0m[1;36mWindPlugin: received command -> speed=[0m[1;36m0.778717[0m[1;36m dir=[0m[1;36m-87.2418[0m[1;36m
[gzserver-2] [0m[1;36m[Dbg] [wind_plugin.cpp:110] [0m[1;36mWindPlugin: received command -> speed=[0m[1;36m0.778717[0m[1;36m dir=[0m[1;36m-87.2418[0m[1;36m
[gzserver-2] [0m[1;36m[Dbg] [wind_plugin.cpp:110] [0m[1;36mWindPlugin: received command -> speed=[0m[1;36m0.65677[0m[1;36m dir=[0m[1;36m-93.2112[0m[1;36m
[gzserver-2] [0m[1;36m[Dbg] [wind_plugin.cpp:110] [0m[1;36mWindPlugin: received command -> speed=[0m[1;36m0.65677[0m[1;36m dir=[0m[1;36m-93.2112[0m[1;36m
[gzserver-2] [0m[1;36m[Dbg] [wind_plugin.cpp:110] [0m[1;36mWindPlugin: received command -> speed=[0m[1;36m0.65677[0m[1;36m dir=[0m[1;36m-93.2112[0m[1;36m
[gzserver-2] [0m[1;36m[Dbg] [wind_plugin.cpp:110] [0m[1;36mWindPlugin: received command -> speed=[0m[1;36m0.65677[0m[1;36m dir=[0m[1;36m-93.2112[0m[1;36m
[gzserver-2] [0m[1;36m[Dbg] [wind_plugin.cpp:110] [0m[1;36mWindPlugin: received command -> speed=[0m[1;36m0.702006[0m[1;36m dir=[0m[1;36m-93.4973[0m[1;36m
[gzserver-2] [0m[1;36m[Dbg] [wind_plugin.cpp:110] [0m[1;36mWindPlugin: received command -> speed=[0m[1;36m0.702006[0m[1;36m dir=[0m[1;36m-93.4973[0m[1;36m
[gzserver-2] [0m[1;36m[Dbg] [wind_plugin.cpp:110] [0m[1;36mWindPlugin: received command -> speed=[0m[1;36m0.702006[0m[1;36m dir=[0m[1;36m-93.4973[0m[1;36m
[gzserver-2] [0m[1;36m[Dbg] [wind_plugin.cpp:110] [0m[1;36mWindPlugin: received command -> speed=[0m[1;36m0.702006[0m[1;36m dir=[0m[1;36m-93.4973[0m[1;36m
[gzserver-2] [0m[1;36m[Dbg] [wind_plugin.cpp:110] [0m[1;36mWindPlugin: received command -> speed=[0m[1;36m0.763504[0m[1;36m dir=[0m[1;36m-92.2415[0m[1;36m
[gzserver-2] [0m[1;36m[Dbg] [wind_plugin.cpp:110] [0m[1;36mWindPlugin: received command -> speed=[0m[1;36m0.763504[0m[1;36m dir=[0m[1;36m-92.2415[0m[1;36m
[gzserver-2] [0m[1;36m[Dbg] [wind_plugin.cpp:110] [0m[1;36mWindPlugin: received command -> speed=[0m[1;36m0.763504[0m[1;36m dir=[0m[1;36m-92.2415[0m[1;36m
[gzserver-2] [0m[1;36m[Dbg] [wind_plugin.cpp:110] [0m[1;36mWindPlugin: received command -> speed=[0m[1;36m0.763504[0m[1;36m dir=[0m[1;36m-92.2415[0m[1;36m
[gzserver-2] [0m[1;36m[Dbg] [wind_plugin.cpp:110] [0m[1;36mWindPlugin: received command -> speed=[0m[1;36m0.763504[0m[1;36m dir=[0m[1;36m-92.2415[0m[1;36m
[gzserver-2] [0m[1;36m[Dbg] [wind_plugin.cpp:110] [0m[1;36mWindPlugin: received command -> speed=[0m[1;36m0.619499[0m[1;36m dir=[0m[1;36m-91.5293[0m[1;36m
[gzserver-2] [0m[1;36m[Dbg] [wind_plugin.cpp:110] [0m[1;36mWindPlugin: received command -> speed=[0m[1;36m0.619499[0m[1;36m dir=[0m[1;36m-91.5293[0m[1;36m
[gzserver-2] [0m[1;36m[Dbg] [wind_plugin.cpp:110] [0m[1;36mWindPlugin: received command -> speed=[0m[1;36m0.619499[0m[1;36m dir=[0m[1;36m-91.5293[0m[1;36m
[gzserver-2] [0m[1;36m[Dbg] [wind_plugin.cpp:110] [0m[1;36mWindPlugin: received command -> speed=[0m[1;36m0.619499[0m[1;36m dir=[0m[1;36m-91.5293[0m[1;36m
[gzserver-2] [0m[1;36m[Dbg] [wind_plugin.cpp:110] [0m[1;36mWindPlugin: received command -> speed=[0m[1;36m0.658559[0m[1;36m dir=[0m[1;36m-91.7958[0m[1;36m
[gzserver-2] [0mLanded!
[gzserver-2] [INFO] [1773174112.680400144] [gazebo_wind_plugin_node]: WindPlugin: set wind_speed=0.66 wind_direction=-91.8
[gzserver-2] [INFO] [1773174112.919864127] [gazebo_wind_plugin_node]: WindPlugin: set wind_speed=0.66 wind_direction=-91.8
[gzserver-2] [INFO] [1773174113.154442481] [gazebo_wind_plugin_node]: WindPlugin: set wind_speed=0.66 wind_direction=-91.8
[gzserver-2] [INFO] [1773174113.389383117] [gazebo_wind_plugin_node]: WindPlugin: set wind_speed=0.49 wind_direction=-91.2
[gzserver-2] [INFO] [1773174113.628657409] [gazebo_wind_plugin_node]: WindPlugin: set wind_speed=0.49 wind_direction=-91.2
[gzserver-2] [INFO] [1773174113.868319333] [gazebo_wind_plugin_node]: WindPlugin: set wind_speed=0.49 wind_direction=-91.2
[gzserver-2] [INFO] [1773174114.107607193] [gazebo_wind_plugin_node]: WindPlugin: set wind_speed=0.49 wind_direction=-91.2
[gzserver-2] [INFO] [1773174114.341915434] [gazebo_wind_plugin_node]: WindPlugin: set wind_speed=0.64 wind_direction=-90.5
