[INFO] [launch]: All log files can be found below /home/j/.ros/log/2026-03-10-12-40-24-018744-j-1298709
[INFO] [launch]: Default logging verbosity is set to INFO
[INFO] [launch.user]: [bringup] Apriltag config: camera=/drone/bottom, image=/drone/bottom/image_raw, tags=/drone/bottom/tags, bridge=/landing_tag_state, standalone=true, use_target_id=true, target_id=0
[INFO] [rviz2-1]: process started with pid [1298724]
[INFO] [gzserver-2]: process started with pid [1298726]
[INFO] [robot_state_publisher-3]: process started with pid [1298728]
[INFO] [joint_state_publisher-4]: process started with pid [1298730]
[INFO] [spawn_drone-5]: process started with pid [1298732]
[INFO] [static_transform_publisher-6]: process started with pid [1298734]
[INFO] [joy_node-7]: process started with pid [1298736]
[INFO] [teleop_joystick-8]: process started with pid [1298738]
[INFO] [apriltag_detector_node-9]: process started with pid [1298740]
[INFO] [apriltag_state_bridge-10]: process started with pid [1298742]
[static_transform_publisher-6] [WARN] [1773114024.501619330] []: Old-style arguments are deprecated; see --help for new-style arguments
[static_transform_publisher-6] [INFO] [1773114024.506046034] [static_transform_publisher_FSOT380GhSwd1N7N]: Spinning until stopped - publishing transform
[static_transform_publisher-6] translation: ('0.000000', '0.000000', '0.000000')
[static_transform_publisher-6] rotation: ('0.000000', '0.000000', '0.000000', '1.000000')
[static_transform_publisher-6] from 'world' to '/drone/odom'
[apriltag_detector_node-9] [INFO] [1773114024.521511331] [apriltag_detector_node]: tag detector type: umich
[rviz2-1] 
[rviz2-1] (rviz2:1298724): dbind-WARNING **: 12:40:24.523: Couldn't connect to accessibility bus: Failed to connect to socket /root/.cache/at-spi/bus_0: 허가 거부
[robot_state_publisher-3] [INFO] [1773114024.536608408] [drone.robot_state_publisher]: got segment base_footprint
[robot_state_publisher-3] [INFO] [1773114024.536701709] [drone.robot_state_publisher]: got segment base_link
[robot_state_publisher-3] [INFO] [1773114024.536714029] [drone.robot_state_publisher]: got segment bottom_cam_link
[robot_state_publisher-3] [INFO] [1773114024.536722661] [drone.robot_state_publisher]: got segment front_cam_link
[robot_state_publisher-3] [INFO] [1773114024.536729919] [drone.robot_state_publisher]: got segment sonar_link
[teleop_joystick-8] Traceback (most recent call last):
[teleop_joystick-8]   File "/home/j/INCSL/IICC26_ws/install/sjtu_drone_control/lib/sjtu_drone_control/teleop_joystick", line 33, in <module>
[teleop_joystick-8]     sys.exit(load_entry_point('sjtu_drone_control==0.0.0', 'console_scripts', 'teleop_joystick')())
[teleop_joystick-8]   File "/home/j/INCSL/IICC26_ws/install/sjtu_drone_control/lib/sjtu_drone_control/teleop_joystick", line 22, in importlib_load_entry_point
[teleop_joystick-8]     for entry_point in distribution(dist_name).entry_points
[teleop_joystick-8]   File "/usr/lib/python3.10/importlib/metadata/__init__.py", line 969, in distribution
[teleop_joystick-8]     return Distribution.from_name(distribution_name)
[teleop_joystick-8]   File "/usr/lib/python3.10/importlib/metadata/__init__.py", line 548, in from_name
[teleop_joystick-8]     raise PackageNotFoundError(name)
[teleop_joystick-8] importlib.metadata.PackageNotFoundError: No package metadata was found for sjtu_drone_control
[ERROR] [teleop_joystick-8]: process has died [pid 1298738, exit code 1, cmd '/home/j/INCSL/IICC26_ws/install/sjtu_drone_control/lib/sjtu_drone_control/teleop_joystick --ros-args -r __ns:=/drone'].
[gzserver-2] Gazebo multi-robot simulator, version 11.10.2
[gzserver-2] Copyright (C) 2012 Open Source Robotics Foundation.
[gzserver-2] Released under the Apache 2 License.
[gzserver-2] http://gazebosim.org
[gzserver-2] 
[apriltag_state_bridge-10] [INFO] [1773114024.694701132] [apriltag_state_bridge]: AprilTag bridge started: /drone/bottom/tags -> /landing_tag_state, use_target_id=True, target_id=0
[joint_state_publisher-4] [INFO] [1773114024.770867490] [drone.joint_state_publisher]: Waiting for robot_description to be published on the robot_description topic...
[gzserver-2] [1;33m[Wrn] [gazebo_ros_init.cpp:178] [0m[1;33m
[gzserver-2] #     # ####### ####### ###  #####  #######
[gzserver-2] ##    # #     #    #     #  #     # #
[gzserver-2] # #   # #     #    #     #  #       #
[gzserver-2] #  #  # #     #    #     #  #       #####
[gzserver-2] #   # # #     #    #     #  #       #
[gzserver-2] #    ## #     #    #     #  #     # #
[gzserver-2] #     # #######    #    ###  #####  #######
[gzserver-2] 
[gzserver-2] This version of Gazebo, now called Gazebo classic, reaches end-of-life
[gzserver-2] in January 2025. Users are highly encouraged to migrate to the new Gazebo
[gzserver-2] using our migration guides (https://gazebosim.org/docs/latest/gazebo_classic_migration?utm_source=gazebo_ros_pkgs&utm_medium=cli)
[gzserver-2] 
[gzserver-2] [0m[1;33m
[rviz2-1] [INFO] [1773114025.351762094] [rviz2]: Stereo is NOT SUPPORTED
[rviz2-1] [INFO] [1773114025.351881311] [rviz2]: OpenGl version: 4.6 (GLSL 4.6)
[rviz2-1] [INFO] [1773114025.431538050] [rviz2]: Stereo is NOT SUPPORTED
[rviz2-1] [INFO] [1773114025.520821541] [rviz2]: Stereo is NOT SUPPORTED
[gzserver-2] [1;32m[Msg] [0m[1;32mWaiting for master.[0m[1;32m
[gzserver-2] [0m[1;32m[0m[1;32m[0m[1;32m[Msg] [0m[1;32mConnected to gazebo master @ [0m[1;32mhttp://127.0.0.1:11345[0m[1;32m
[gzserver-2] [0m[1;32m[0m[1;32m[0m[1;32m[Msg] [0m[1;32mPublicized address: [0m[1;32m172.16.52.147[0m[1;32m
[gzserver-2] [0m[1;32m[0m[1;32m[0m[1;32m[Msg] [0m[1;32mLoading world file [[0m[1;32m/home/j/INCSL/IICC26_ws/install/sjtu_drone_description/share/sjtu_drone_description/worlds/landingPad.world[0m[1;32m][0m[1;32m
[gzserver-2] [0m[1;32m[0m[1;32m[0m[1;36m[Dbg] [wind_plugin.cpp:96] [0m[1;36mWindPlugin loaded: speed=[0m[1;36m0[0m[1;36m dir=[0m[1;36m0[0m[1;36m deg area=[0m[1;36m0.1[0m[1;36m coeff=[0m[1;36m1[0m[1;36m
[gzserver-2] [0m[1;33m[0m[1;33m[0m[1;31m[Err] [Sensor.cc:510] [0m[1;31mGet noise index not valid[0m[1;31m
[gzserver-2] [0m[1;31m[0m[1;31m[0m[1;31m[Err] [Sensor.cc:510] [0m[1;31mGet noise index not valid[0m[1;31m
[gzserver-2] [0m[1;31m[0m[1;31m[0m[1;31m[Err] [Sensor.cc:510] [0m[1;31mGet noise index not valid[0m[1;31m
[gzserver-2] [0m[1;31m[0m[1;31m[0m[1;31m[Err] [Sensor.cc:510] [0m[1;31mGet noise index not valid[0m[1;31m
[gzserver-2] [0m[1;31m[0m[1;31m[0m[1;31m[Err] [Sensor.cc:510] [0m[1;31mGet noise index not valid[0m[1;31m
[gzserver-2] [0m[1;31m[0m[1;31m[0m[1;31m[Err] [Sensor.cc:510] [0m[1;31mGet noise index not valid[0m[1;31m
[gzserver-2] [0m[1;31m[0m[1;31m[0mTopic [default//drone/base_footprint/down_camera/image] is not valid.
[gzserver-2] [INFO] [1773114025.951112459] [drone.collision_plugin]: Publishing contact states to [/drone/bumper_states]
[gzserver-2] Topic [default//drone/base_footprint/front_camera/image] is not valid.
[gzserver-2] [1;33m[Wrn] [Event.cc:61] [0m[1;33mWarning: Deleting a connection right after creation. [0m[1;33mMake sure to save the ConnectionPtr from a Connect call
[gzserver-2] [0m[INFO] [1773114026.510593392] [drone.camera_bottom]: Publishing camera info to [/drone/bottom/camera_info]
[gzserver-2] [INFO] [1773114026.513536227] [drone.camera_front]: Publishing camera info to [/drone/front/camera_info]
[spawn_drone-5] [INFO] [1773114026.524201601] [spawn_drone]: Result True SpawnEntity: Successfully spawned entity [/drone]
[gzserver-2] [INFO] [1773114026.635760586] [drone.simple_drone]: The drone plugin is loading!
[gzserver-2] [INFO] [1773114026.635976081] [drone.simple_drone]: pub_odom: 1
[gzserver-2] [INFO] [1773114026.636010567] [drone.simple_drone]: Using following parameters: 
[gzserver-2] 		link_name: base_footprint,
[gzserver-2] 		max_force: 30,
[gzserver-2] 		motion_small_noise: 0,
[gzserver-2] 		motion_drift_noise: 0,
[gzserver-2] 		motion_drift_noise_time: 50,
[gzserver-2] 		takeoff_hover_height: 2.08,
[gzserver-2] 		takeoff_vertical_speed: 0.2
[gzserver-2] [INFO] [1773114026.648108465] [drone.simple_drone]: Using the PID parameters: 
[gzserver-2] 	Roll Pitch:
[gzserver-2] 		kP: 10, kI: 0,kD: 5, Limit: 0.5, Time Constant: 0
[gzserver-2] 	Yaw:
[gzserver-2] 		kP: 2, kI: 0,kD: 1, Limit: 1.5, Time Constant: 0
[gzserver-2] 	Velocity X:
[gzserver-2] 		kP: 5, kI: 0,kD: 2.3, Limit: 2, Time Constant: 0
[gzserver-2] 	Velocity Y:
[gzserver-2] 		kP: 5, kI: 0,kD: 2.3, Limit: 2, Time Constant: 0
[gzserver-2] 	Velocity Z:
[gzserver-2] 		kP: 5, kI: 0,kD: 1, Limit: -1, Time Constant: 0
[gzserver-2] 	Position XY:
[gzserver-2] 		kP: 1.1, kI: 0,kD: 0, Limit: 5, Time Constant: 0
[gzserver-2] 	Position Z:
[gzserver-2] 		kP: 1, kI: 0,kD: 0.2, Limit: -1, Time Constant: 0
[gzserver-2] [INFO] [1773114026.648244694] [drone.simple_drone]: The drone plugin finished loading!
[INFO] [spawn_drone-5]: process has finished cleanly [pid 1298732]
[gzserver-2] [INFO] [1773114033.844977732] [gazebo_wind_plugin_node]: WindPlugin: set wind_speed=0.00 wind_direction=0.0
[gzserver-2] [INFO] [1773114034.115537970] [gazebo_wind_plugin_node]: WindPlugin: set wind_speed=0.00 wind_direction=0.0
[gzserver-2] [INFO] [1773114034.153815208] [drone.simple_drone]: Quadrotor takes off!!
[gzserver-2] [INFO] [1773114034.355058518] [gazebo_wind_plugin_node]: WindPlugin: set wind_speed=0.00 wind_direction=0.0
[gzserver-2] [INFO] [1773114034.592219903] [gazebo_wind_plugin_node]: WindPlugin: set wind_speed=0.00 wind_direction=0.0
[gzserver-2] [INFO] [1773114034.826097239] [gazebo_wind_plugin_node]: WindPlugin: set wind_speed=0.00 wind_direction=0.0
[gzserver-2] [INFO] [1773114035.065067599] [gazebo_wind_plugin_node]: WindPlugin: set wind_speed=0.00 wind_direction=0.0
[gzserver-2] [INFO] [1773114035.304508255] [gazebo_wind_plugin_node]: WindPlugin: set wind_speed=0.00 wind_direction=0.0
[gzserver-2] [INFO] [1773114035.544947858] [gazebo_wind_plugin_node]: WindPlugin: set wind_speed=0.00 wind_direction=0.0
[gzserver-2] [INFO] [1773114035.779058020] [gazebo_wind_plugin_node]: WindPlugin: set wind_speed=0.00 wind_direction=0.0
[gzserver-2] [0m[1;36m[Dbg] [wind_plugin.cpp:110] [0m[1;36mWindPlugin: received command -> speed=[0m[1;36m0[0m[1;36m dir=[0m[1;36m0[0m[1;36m
[gzserver-2] [0m[1;36m[Dbg] [wind_plugin.cpp:110] [0m[1;36mWindPlugin: received command -> speed=[0m[1;36m0[0m[1;36m dir=[0m[1;36m0[0m[1;36m
[gzserver-2] [0m[1;36m[Dbg] [wind_plugin.cpp:110] [0m[1;36mWindPlugin: received command -> speed=[0m[1;36m0[0m[1;36m dir=[0m[1;36m0[0m[1;36m
[gzserver-2] [0m[1;36m[Dbg] [wind_plugin.cpp:110] [0m[1;36mWindPlugin: received command -> speed=[0m[1;36m0[0m[1;36m dir=[0m[1;36m0[0m[1;36m
[gzserver-2] [0m[1;36m[Dbg] [wind_plugin.cpp:110] [0m[1;36mWindPlugin: received command -> speed=[0m[1;36m0[0m[1;36m dir=[0m[1;36m0[0m[1;36m
[gzserver-2] [0m[1;36m[Dbg] [wind_plugin.cpp:110] [0m[1;36mWindPlugin: received command -> speed=[0m[1;36m0[0m[1;36m dir=[0m[1;36m0[0m[1;36m
[gzserver-2] [0m[1;36m[Dbg] [wind_plugin.cpp:110] [0m[1;36mWindPlugin: received command -> speed=[0m[1;36m0[0m[1;36m dir=[0m[1;36m0[0m[1;36m
[gzserver-2] [0m[1;36m[Dbg] [wind_plugin.cpp:110] [0m[1;36mWindPlugin: received command -> speed=[0m[1;36m0[0m[1;36m dir=[0m[1;36m0[0m[1;36m
[gzserver-2] [0m[1;36m[Dbg] [wind_plugin.cpp:110] [0m[1;36mWindPlugin: received command -> speed=[0m[1;36m0[0m[1;36m dir=[0m[1;36m0[0m[1;36m
[gzserver-2] [0mEntering flying model!
[gzserver-2] [INFO] [1773114036.018415188] [gazebo_wind_plugin_node]: WindPlugin: set wind_speed=0.00 wind_direction=0.0
[gzserver-2] [INFO] [1773114036.257806670] [gazebo_wind_plugin_node]: WindPlugin: set wind_speed=1.16 wind_direction=-34.6
[gzserver-2] [INFO] [1773114036.493974906] [gazebo_wind_plugin_node]: WindPlugin: set wind_speed=1.10 wind_direction=-32.6
[gzserver-2] [INFO] [1773114036.728460620] [gazebo_wind_plugin_node]: WindPlugin: set wind_speed=1.10 wind_direction=-32.6
[gzserver-2] [INFO] [1773114036.962728840] [gazebo_wind_plugin_node]: WindPlugin: set wind_speed=1.10 wind_direction=-32.6
[gzserver-2] [INFO] [1773114037.202184999] [gazebo_wind_plugin_node]: WindPlugin: set wind_speed=1.10 wind_direction=-32.6
[gzserver-2] [INFO] [1773114037.441588338] [gazebo_wind_plugin_node]: WindPlugin: set wind_speed=1.15 wind_direction=-34.4
[gzserver-2] [INFO] [1773114037.670756388] [gazebo_wind_plugin_node]: WindPlugin: set wind_speed=1.15 wind_direction=-34.4
[gzserver-2] [INFO] [1773114037.904678319] [gazebo_wind_plugin_node]: WindPlugin: set wind_speed=1.15 wind_direction=-34.4
[gzserver-2] [INFO] [1773114038.144175522] [gazebo_wind_plugin_node]: WindPlugin: set wind_speed=1.15 wind_direction=-34.4
[gzserver-2] [INFO] [1773114038.383307796] [gazebo_wind_plugin_node]: WindPlugin: set wind_speed=1.23 wind_direction=-34.4
[gzserver-2] [INFO] [1773114038.622945786] [gazebo_wind_plugin_node]: WindPlugin: set wind_speed=1.23 wind_direction=-34.4
[gzserver-2] [INFO] [1773114038.857256610] [gazebo_wind_plugin_node]: WindPlugin: set wind_speed=1.23 wind_direction=-34.4
[gzserver-2] [INFO] [1773114039.096304531] [gazebo_wind_plugin_node]: WindPlugin: set wind_speed=1.23 wind_direction=-34.4
[gzserver-2] [INFO] [1773114039.134234167] [drone.simple_drone]: Quadrotor lands!!
[gzserver-2] [INFO] [1773114039.335867646] [gazebo_wind_plugin_node]: WindPlugin: set wind_speed=1.23 wind_direction=-34.4
[gzserver-2] [INFO] [1773114039.567142827] [gazebo_wind_plugin_node]: WindPlugin: set wind_speed=1.02 wind_direction=-32.7
[gzserver-2] [INFO] [1773114039.807350921] [gazebo_wind_plugin_node]: WindPlugin: set wind_speed=1.02 wind_direction=-32.7
[gzserver-2] [INFO] [1773114040.041599463] [gazebo_wind_plugin_node]: WindPlugin: set wind_speed=1.02 wind_direction=-32.7
[gzserver-2] [1;36m[Dbg] [wind_plugin.cpp:110] [0m[1;36mWindPlugin: received command -> speed=[0m[1;36m0[0m[1;36m dir=[0m[1;36m0[0m[1;36m
[gzserver-2] [0m[1;36m[Dbg] [wind_plugin.cpp:110] [0m[1;36mWindPlugin: received command -> speed=[0m[1;36m1.15826[0m[1;36m dir=[0m[1;36m-34.5538[0m[1;36m
[gzserver-2] [0m[1;36m[Dbg] [wind_plugin.cpp:110] [0m[1;36mWindPlugin: received command -> speed=[0m[1;36m1.09912[0m[1;36m dir=[0m[1;36m-32.6013[0m[1;36m
[gzserver-2] [0m[1;36m[Dbg] [wind_plugin.cpp:110] [0m[1;36mWindPlugin: received command -> speed=[0m[1;36m1.09912[0m[1;36m dir=[0m[1;36m-32.6013[0m[1;36m
[gzserver-2] [0m[1;36m[Dbg] [wind_plugin.cpp:110] [0m[1;36mWindPlugin: received command -> speed=[0m[1;36m1.09912[0m[1;36m dir=[0m[1;36m-32.6013[0m[1;36m
[gzserver-2] [0m[1;36m[Dbg] [wind_plugin.cpp:110] [0m[1;36mWindPlugin: received command -> speed=[0m[1;36m1.09912[0m[1;36m dir=[0m[1;36m-32.6013[0m[1;36m
[gzserver-2] [0m[1;36m[Dbg] [wind_plugin.cpp:110] [0m[1;36mWindPlugin: received command -> speed=[0m[1;36m1.14739[0m[1;36m dir=[0m[1;36m-34.3875[0m[1;36m
[gzserver-2] [0m[1;36m[Dbg] [wind_plugin.cpp:110] [0m[1;36mWindPlugin: received command -> speed=[0m[1;36m1.14739[0m[1;36m dir=[0m[1;36m-34.3875[0m[1;36m
[gzserver-2] [0m[1;36m[Dbg] [wind_plugin.cpp:110] [0m[1;36mWindPlugin: received command -> speed=[0m[1;36m1.14739[0m[1;36m dir=[0m[1;36m-34.3875[0m[1;36m
[gzserver-2] [0m[1;36m[Dbg] [wind_plugin.cpp:110] [0m[1;36mWindPlugin: received command -> speed=[0m[1;36m1.14739[0m[1;36m dir=[0m[1;36m-34.3875[0m[1;36m
[gzserver-2] [0m[1;36m[Dbg] [wind_plugin.cpp:110] [0m[1;36mWindPlugin: received command -> speed=[0m[1;36m1.22886[0m[1;36m dir=[0m[1;36m-34.4089[0m[1;36m
[gzserver-2] [0m[1;36m[Dbg] [wind_plugin.cpp:110] [0m[1;36mWindPlugin: received command -> speed=[0m[1;36m1.22886[0m[1;36m dir=[0m[1;36m-34.4089[0m[1;36m
[gzserver-2] [0m[1;36m[Dbg] [wind_plugin.cpp:110] [0m[1;36mWindPlugin: received command -> speed=[0m[1;36m1.22886[0m[1;36m dir=[0m[1;36m-34.4089[0m[1;36m
[gzserver-2] [0m[1;36m[Dbg] [wind_plugin.cpp:110] [0m[1;36mWindPlugin: received command -> speed=[0m[1;36m1.22886[0m[1;36m dir=[0m[1;36m-34.4089[0m[1;36m
[gzserver-2] [0m[1;36m[Dbg] [wind_plugin.cpp:110] [0m[1;36mWindPlugin: received command -> speed=[0m[1;36m1.22886[0m[1;36m dir=[0m[1;36m-34.4089[0m[1;36m
[gzserver-2] [0m[1;36m[Dbg] [wind_plugin.cpp:110] [0m[1;36mWindPlugin: received command -> speed=[0m[1;36m1.02462[0m[1;36m dir=[0m[1;36m-32.7024[0m[1;36m
[gzserver-2] [0m[1;36m[Dbg] [wind_plugin.cpp:110] [0m[1;36mWindPlugin: received command -> speed=[0m[1;36m1.02462[0m[1;36m dir=[0m[1;36m-32.7024[0m[1;36m
[gzserver-2] [0m[1;36m[Dbg] [wind_plugin.cpp:110] [0m[1;36mWindPlugin: received command -> speed=[0m[1;36m1.02462[0m[1;36m dir=[0m[1;36m-32.7024[0m[1;36m
[gzserver-2] [0mLanded!
[gzserver-2] [INFO] [1773114040.280943768] [gazebo_wind_plugin_node]: WindPlugin: set wind_speed=1.02 wind_direction=-32.7
[gzserver-2] [INFO] [1773114040.520050637] [gazebo_wind_plugin_node]: WindPlugin: set wind_speed=1.19 wind_direction=-33.0
[gzserver-2] [INFO] [1773114040.759516872] [gazebo_wind_plugin_node]: WindPlugin: set wind_speed=1.19 wind_direction=-33.0
[gzserver-2] [INFO] [1773114040.988981295] [gazebo_wind_plugin_node]: WindPlugin: set wind_speed=1.19 wind_direction=-33.0
[gzserver-2] [INFO] [1773114041.228751554] [gazebo_wind_plugin_node]: WindPlugin: set wind_speed=1.19 wind_direction=-33.0
[gzserver-2] [INFO] [1773114041.467819816] [gazebo_wind_plugin_node]: WindPlugin: set wind_speed=1.22 wind_direction=-35.9
[gzserver-2] [INFO] [1773114041.702542162] [gazebo_wind_plugin_node]: WindPlugin: set wind_speed=1.22 wind_direction=-35.9
[gzserver-2] [INFO] [1773114041.937279987] [gazebo_wind_plugin_node]: WindPlugin: set wind_speed=1.22 wind_direction=-35.9
