[INFO] [launch]: All log files can be found below /home/j/.ros/log/2026-03-11-04-41-07-182032-j-182481
[INFO] [launch]: Default logging verbosity is set to INFO
[INFO] [launch.user]: [bringup] Apriltag config: camera=/drone/bottom, image=/drone/bottom/image_raw, tags=/drone/bottom/tags, bridge=/landing_tag_state, standalone=true, use_target_id=true, target_id=0
[INFO] [rviz2-1]: process started with pid [182484]
[INFO] [gzserver-2]: process started with pid [182486]
[INFO] [robot_state_publisher-3]: process started with pid [182488]
[INFO] [joint_state_publisher-4]: process started with pid [182490]
[INFO] [spawn_drone-5]: process started with pid [182492]
[INFO] [static_transform_publisher-6]: process started with pid [182494]
[INFO] [joy_node-7]: process started with pid [182496]
[INFO] [teleop_joystick-8]: process started with pid [182498]
[INFO] [apriltag_detector_node-9]: process started with pid [182500]
[INFO] [apriltag_state_bridge-10]: process started with pid [182502]
[static_transform_publisher-6] [WARN] [1773171667.646200622] []: Old-style arguments are deprecated; see --help for new-style arguments
[static_transform_publisher-6] [INFO] [1773171667.652436519] [static_transform_publisher_nZuxHEqgTtzyakuV]: Spinning until stopped - publishing transform
[static_transform_publisher-6] translation: ('0.000000', '0.000000', '0.000000')
[static_transform_publisher-6] rotation: ('0.000000', '0.000000', '0.000000', '1.000000')
[static_transform_publisher-6] from 'world' to '/drone/odom'
[robot_state_publisher-3] [INFO] [1773171667.675820358] [drone.robot_state_publisher]: got segment base_footprint
[robot_state_publisher-3] [INFO] [1773171667.675875774] [drone.robot_state_publisher]: got segment base_link
[robot_state_publisher-3] [INFO] [1773171667.675881424] [drone.robot_state_publisher]: got segment bottom_cam_link
[robot_state_publisher-3] [INFO] [1773171667.675884624] [drone.robot_state_publisher]: got segment front_cam_link
[robot_state_publisher-3] [INFO] [1773171667.675887471] [drone.robot_state_publisher]: got segment sonar_link
[rviz2-1] 
[rviz2-1] (rviz2:182484): dbind-WARNING **: 04:41:07.679: Couldn't connect to accessibility bus: Failed to connect to socket /root/.cache/at-spi/bus_0: 허가 거부
[apriltag_detector_node-9] [INFO] [1773171667.680633122] [apriltag_detector_node]: tag detector type: umich
[teleop_joystick-8] Traceback (most recent call last):
[teleop_joystick-8]   File "/home/j/INCSL/IICC26_ws/install/sjtu_drone_control/lib/sjtu_drone_control/teleop_joystick", line 33, in <module>
[teleop_joystick-8]     sys.exit(load_entry_point('sjtu_drone_control==0.0.0', 'console_scripts', 'teleop_joystick')())
[teleop_joystick-8]   File "/home/j/INCSL/IICC26_ws/install/sjtu_drone_control/lib/sjtu_drone_control/teleop_joystick", line 22, in importlib_load_entry_point
[teleop_joystick-8]     for entry_point in distribution(dist_name).entry_points
[teleop_joystick-8]   File "/usr/lib/python3.10/importlib/metadata/__init__.py", line 969, in distribution
[teleop_joystick-8]     return Distribution.from_name(distribution_name)
[teleop_joystick-8]   File "/usr/lib/python3.10/importlib/metadata/__init__.py", line 548, in from_name
[teleop_joystick-8]     raise PackageNotFoundError(name)
[teleop_joystick-8] importlib.metadata.PackageNotFoundError: No package metadata was found for sjtu_drone_control
[ERROR] [teleop_joystick-8]: process has died [pid 182498, exit code 1, cmd '/home/j/INCSL/IICC26_ws/install/sjtu_drone_control/lib/sjtu_drone_control/teleop_joystick --ros-args -r __ns:=/drone'].
[gzserver-2] Gazebo multi-robot simulator, version 11.10.2
[gzserver-2] Copyright (C) 2012 Open Source Robotics Foundation.
[gzserver-2] Released under the Apache 2 License.
[gzserver-2] http://gazebosim.org
[gzserver-2] 
[joint_state_publisher-4] [INFO] [1773171667.921583418] [drone.joint_state_publisher]: Waiting for robot_description to be published on the robot_description topic...
[apriltag_state_bridge-10] [INFO] [1773171667.924808366] [apriltag_state_bridge]: AprilTag bridge started: /drone/bottom/tags -> /landing_tag_state, use_target_id=True, target_id=0
[gzserver-2] [1;33m[Wrn] [gazebo_ros_init.cpp:178] [0m[1;33m
[gzserver-2] #     # ####### ####### ###  #####  #######
[gzserver-2] ##    # #     #    #     #  #     # #
[gzserver-2] # #   # #     #    #     #  #       #
[gzserver-2] #  #  # #     #    #     #  #       #####
[gzserver-2] #   # # #     #    #     #  #       #
[gzserver-2] #    ## #     #    #     #  #     # #
[gzserver-2] #     # #######    #    ###  #####  #######
[gzserver-2] 
[gzserver-2] This version of Gazebo, now called Gazebo classic, reaches end-of-life
[gzserver-2] in January 2025. Users are highly encouraged to migrate to the new Gazebo
[gzserver-2] using our migration guides (https://gazebosim.org/docs/latest/gazebo_classic_migration?utm_source=gazebo_ros_pkgs&utm_medium=cli)
[gzserver-2] 
[gzserver-2] [0m[1;33m
[rviz2-1] [INFO] [1773171668.455535560] [rviz2]: Stereo is NOT SUPPORTED
[rviz2-1] [INFO] [1773171668.455649285] [rviz2]: OpenGl version: 4.6 (GLSL 4.6)
[rviz2-1] [INFO] [1773171668.578356832] [rviz2]: Stereo is NOT SUPPORTED
[rviz2-1] [INFO] [1773171668.668990287] [rviz2]: Stereo is NOT SUPPORTED
[spawn_drone-5] [INFO] [1773171669.079109085] [spawn_drone]: Result False Entity pushed to spawn queue, but spawn service timed outwaiting for entity to appear in simulation under the name [/drone]
[gzserver-2] [1;32m[Msg] [0m[1;32mWaiting for master.[0m[1;32m
[gzserver-2] [0m[1;32m[0m[1;32m[0m[1;32m[Msg] [0m[1;32mConnected to gazebo master @ [0m[1;32mhttp://127.0.0.1:11345[0m[1;32m
[gzserver-2] [0m[1;32m[0m[1;32m[0m[1;32m[Msg] [0m[1;32mPublicized address: [0m[1;32m192.168.0.11[0m[1;32m
[gzserver-2] [0m[1;32m[0m[1;32m[0m[1;32m[Msg] [0m[1;32mLoading world file [[0m[1;32m/home/j/INCSL/IICC26_ws/install/sjtu_drone_description/share/sjtu_drone_description/worlds/landingPad.world[0m[1;32m][0m[1;32m
[gzserver-2] [0m[1;32m[0m[1;32m[0m[1;36m[Dbg] [wind_plugin.cpp:96] [0m[1;36mWindPlugin loaded: speed=[0m[1;36m0[0m[1;36m dir=[0m[1;36m0[0m[1;36m deg area=[0m[1;36m0.1[0m[1;36m coeff=[0m[1;36m1[0m[1;36m
[gzserver-2] [0m[1;33m[0m[1;33m[0m[1;31m[Err] [Sensor.cc:510] [0m[1;31mGet noise index not valid[0m[1;31m
[gzserver-2] [0m[1;31m[0m[1;31m[0m[1;31m[Err] [Sensor.cc:510] [0m[1;31mGet noise index not valid[0m[1;31m
[gzserver-2] [0m[1;31m[0m[1;31m[0m[1;31m[Err] [Sensor.cc:510] [0m[1;31mGet noise index not valid[0m[1;31m
[gzserver-2] [0m[1;31m[0m[1;31m[0m[1;31m[Err] [Sensor.cc:510] [0m[1;31mGet noise index not valid[0m[1;31m
[gzserver-2] [0m[1;31m[0m[1;31m[0m[1;31m[Err] [Sensor.cc:510] [0m[1;31mGet noise index not valid[0m[1;31m
[gzserver-2] [0m[1;31m[0m[1;31m[0m[1;31m[Err] [Sensor.cc:510] [0m[1;31mGet noise index not valid[0m[1;31m
[gzserver-2] [0m[1;31m[0m[1;31m[0mTopic [default//drone/base_footprint/down_camera/image] is not valid.
[gzserver-2] [INFO] [1773171669.111970232] [drone.collision_plugin]: Publishing contact states to [/drone/bumper_states]
[gzserver-2] Topic [default//drone/base_footprint/front_camera/image] is not valid.
[gzserver-2] [1;33m[Wrn] [Event.cc:61] [0m[1;33mWarning: Deleting a connection right after creation. [0m[1;33mMake sure to save the ConnectionPtr from a Connect call
[INFO] [spawn_drone-5]: process has finished cleanly [pid 182492]
[gzserver-2] [0m[INFO] [1773171669.690234718] [drone.camera_bottom]: Publishing camera info to [/drone/bottom/camera_info]
[gzserver-2] [INFO] [1773171669.693063379] [drone.camera_front]: Publishing camera info to [/drone/front/camera_info]
[gzserver-2] [INFO] [1773171669.816429606] [drone.simple_drone]: The drone plugin is loading!
[gzserver-2] [INFO] [1773171669.816638097] [drone.simple_drone]: pub_odom: 1
[gzserver-2] [INFO] [1773171669.816669292] [drone.simple_drone]: Using following parameters: 
[gzserver-2] 		link_name: base_footprint,
[gzserver-2] 		max_force: 30,
[gzserver-2] 		motion_small_noise: 0,
[gzserver-2] 		motion_drift_noise: 0,
[gzserver-2] 		motion_drift_noise_time: 50,
[gzserver-2] 		takeoff_hover_height: 2.12,
[gzserver-2] 		takeoff_vertical_speed: 0.2
[gzserver-2] [INFO] [1773171669.828303825] [drone.simple_drone]: Using the PID parameters: 
[gzserver-2] 	Roll Pitch:
[gzserver-2] 		kP: 10, kI: 0,kD: 5, Limit: 0.5, Time Constant: 0
[gzserver-2] 	Yaw:
[gzserver-2] 		kP: 2, kI: 0,kD: 1, Limit: 1.5, Time Constant: 0
[gzserver-2] 	Velocity X:
[gzserver-2] 		kP: 5, kI: 0,kD: 2.3, Limit: 2, Time Constant: 0
[gzserver-2] 	Velocity Y:
[gzserver-2] 		kP: 5, kI: 0,kD: 2.3, Limit: 2, Time Constant: 0
[gzserver-2] 	Velocity Z:
[gzserver-2] 		kP: 5, kI: 0,kD: 1, Limit: -1, Time Constant: 0
[gzserver-2] 	Position XY:
[gzserver-2] 		kP: 1.1, kI: 0,kD: 0, Limit: 5, Time Constant: 0
[gzserver-2] 	Position Z:
[gzserver-2] 		kP: 1, kI: 0,kD: 0.2, Limit: -1, Time Constant: 0
[gzserver-2] [INFO] [1773171669.828427254] [drone.simple_drone]: The drone plugin finished loading!
[gzserver-2] [INFO] [1773171677.031083799] [gazebo_wind_plugin_node]: WindPlugin: set wind_speed=0.00 wind_direction=0.0
[gzserver-2] [INFO] [1773171677.309002100] [gazebo_wind_plugin_node]: WindPlugin: set wind_speed=0.00 wind_direction=0.0
[gzserver-2] [INFO] [1773171677.341975739] [drone.simple_drone]: Quadrotor takes off!!
[gzserver-2] [INFO] [1773171677.543065137] [gazebo_wind_plugin_node]: WindPlugin: set wind_speed=0.00 wind_direction=0.0
[gzserver-2] [INFO] [1773171677.782847634] [gazebo_wind_plugin_node]: WindPlugin: set wind_speed=0.00 wind_direction=0.0
[gzserver-2] [INFO] [1773171678.023317184] [gazebo_wind_plugin_node]: WindPlugin: set wind_speed=0.00 wind_direction=0.0
[gzserver-2] [INFO] [1773171678.263589049] [gazebo_wind_plugin_node]: WindPlugin: set wind_speed=0.00 wind_direction=0.0
[gzserver-2] [INFO] [1773171678.497837048] [gazebo_wind_plugin_node]: WindPlugin: set wind_speed=0.00 wind_direction=0.0
[gzserver-2] [INFO] [1773171678.737995712] [gazebo_wind_plugin_node]: WindPlugin: set wind_speed=0.00 wind_direction=0.0
[gzserver-2] [INFO] [1773171678.972772266] [gazebo_wind_plugin_node]: WindPlugin: set wind_speed=0.00 wind_direction=0.0
[gzserver-2] [0m[1;36m[Dbg] [wind_plugin.cpp:110] [0m[1;36mWindPlugin: received command -> speed=[0m[1;36m0[0m[1;36m dir=[0m[1;36m0[0m[1;36m
[gzserver-2] [0m[1;36m[Dbg] [wind_plugin.cpp:110] [0m[1;36mWindPlugin: received command -> speed=[0m[1;36m0[0m[1;36m dir=[0m[1;36m0[0m[1;36m
[gzserver-2] [0m[1;36m[Dbg] [wind_plugin.cpp:110] [0m[1;36mWindPlugin: received command -> speed=[0m[1;36m0[0m[1;36m dir=[0m[1;36m0[0m[1;36m
[gzserver-2] [0m[1;36m[Dbg] [wind_plugin.cpp:110] [0m[1;36mWindPlugin: received command -> speed=[0m[1;36m0[0m[1;36m dir=[0m[1;36m0[0m[1;36m
[gzserver-2] [0m[1;36m[Dbg] [wind_plugin.cpp:110] [0m[1;36mWindPlugin: received command -> speed=[0m[1;36m0[0m[1;36m dir=[0m[1;36m0[0m[1;36m
[gzserver-2] [0m[1;36m[Dbg] [wind_plugin.cpp:110] [0m[1;36mWindPlugin: received command -> speed=[0m[1;36m0[0m[1;36m dir=[0m[1;36m0[0m[1;36m
[gzserver-2] [0m[1;36m[Dbg] [wind_plugin.cpp:110] [0m[1;36mWindPlugin: received command -> speed=[0m[1;36m0[0m[1;36m dir=[0m[1;36m0[0m[1;36m
[gzserver-2] [0m[1;36m[Dbg] [wind_plugin.cpp:110] [0m[1;36mWindPlugin: received command -> speed=[0m[1;36m0[0m[1;36m dir=[0m[1;36m0[0m[1;36m
[gzserver-2] [0m[1;36m[Dbg] [wind_plugin.cpp:110] [0m[1;36mWindPlugin: received command -> speed=[0m[1;36m0[0m[1;36m dir=[0m[1;36m0[0m[1;36m
[gzserver-2] [0mEntering flying model!
[gzserver-2] [INFO] [1773171679.211748742] [gazebo_wind_plugin_node]: WindPlugin: set wind_speed=0.00 wind_direction=0.0
[gzserver-2] [INFO] [1773171679.451870790] [gazebo_wind_plugin_node]: WindPlugin: set wind_speed=0.84 wind_direction=-132.0
[gzserver-2] [INFO] [1773171679.691970182] [gazebo_wind_plugin_node]: WindPlugin: set wind_speed=0.80 wind_direction=-131.8
[gzserver-2] [INFO] [1773171679.932885536] [gazebo_wind_plugin_node]: WindPlugin: set wind_speed=0.80 wind_direction=-131.8
[gzserver-2] [INFO] [1773171680.172091464] [gazebo_wind_plugin_node]: WindPlugin: set wind_speed=0.80 wind_direction=-131.8
[gzserver-2] [INFO] [1773171680.412157915] [gazebo_wind_plugin_node]: WindPlugin: set wind_speed=0.80 wind_direction=-131.8
[gzserver-2] [INFO] [1773171680.653963139] [gazebo_wind_plugin_node]: WindPlugin: set wind_speed=0.65 wind_direction=-135.9
[gzserver-2] [INFO] [1773171680.888317595] [gazebo_wind_plugin_node]: WindPlugin: set wind_speed=0.65 wind_direction=-135.9
[gzserver-2] [INFO] [1773171681.128332415] [gazebo_wind_plugin_node]: WindPlugin: set wind_speed=0.65 wind_direction=-135.9
[gzserver-2] [INFO] [1773171681.365222656] [gazebo_wind_plugin_node]: WindPlugin: set wind_speed=0.65 wind_direction=-135.9
[gzserver-2] [INFO] [1773171681.605971877] [gazebo_wind_plugin_node]: WindPlugin: set wind_speed=0.72 wind_direction=-134.9
[gzserver-2] [INFO] [1773171681.845435270] [gazebo_wind_plugin_node]: WindPlugin: set wind_speed=0.72 wind_direction=-134.9
[gzserver-2] [INFO] [1773171682.084470084] [gazebo_wind_plugin_node]: WindPlugin: set wind_speed=0.72 wind_direction=-134.9
[gzserver-2] [INFO] [1773171682.318769175] [gazebo_wind_plugin_node]: WindPlugin: set wind_speed=0.72 wind_direction=-134.9
[gzserver-2] [INFO] [1773171682.357247745] [drone.simple_drone]: Quadrotor lands!!
[gzserver-2] [INFO] [1773171682.558700503] [gazebo_wind_plugin_node]: WindPlugin: set wind_speed=0.51 wind_direction=-133.8
[gzserver-2] [INFO] [1773171682.797510833] [gazebo_wind_plugin_node]: WindPlugin: set wind_speed=0.51 wind_direction=-133.8
[gzserver-2] [INFO] [1773171683.035015341] [gazebo_wind_plugin_node]: WindPlugin: set wind_speed=0.51 wind_direction=-133.8
[gzserver-2] [INFO] [1773171683.269213595] [gazebo_wind_plugin_node]: WindPlugin: set wind_speed=0.51 wind_direction=-133.8
[gzserver-2] [1;36m[Dbg] [wind_plugin.cpp:110] [0m[1;36mWindPlugin: received command -> speed=[0m[1;36m0[0m[1;36m dir=[0m[1;36m0[0m[1;36m
[gzserver-2] [0m[1;36m[Dbg] [wind_plugin.cpp:110] [0m[1;36mWindPlugin: received command -> speed=[0m[1;36m0.844886[0m[1;36m dir=[0m[1;36m-132.002[0m[1;36m
[gzserver-2] [0m[1;36m[Dbg] [wind_plugin.cpp:110] [0m[1;36mWindPlugin: received command -> speed=[0m[1;36m0.798366[0m[1;36m dir=[0m[1;36m-131.795[0m[1;36m
[gzserver-2] [0m[1;36m[Dbg] [wind_plugin.cpp:110] [0m[1;36mWindPlugin: received command -> speed=[0m[1;36m0.798366[0m[1;36m dir=[0m[1;36m-131.795[0m[1;36m
[gzserver-2] [0m[1;36m[Dbg] [wind_plugin.cpp:110] [0m[1;36mWindPlugin: received command -> speed=[0m[1;36m0.798366[0m[1;36m dir=[0m[1;36m-131.795[0m[1;36m
[gzserver-2] [0m[1;36m[Dbg] [wind_plugin.cpp:110] [0m[1;36mWindPlugin: received command -> speed=[0m[1;36m0.798366[0m[1;36m dir=[0m[1;36m-131.795[0m[1;36m
[gzserver-2] [0m[1;36m[Dbg] [wind_plugin.cpp:110] [0m[1;36mWindPlugin: received command -> speed=[0m[1;36m0.647102[0m[1;36m dir=[0m[1;36m-135.864[0m[1;36m
[gzserver-2] [0m[1;36m[Dbg] [wind_plugin.cpp:110] [0m[1;36mWindPlugin: received command -> speed=[0m[1;36m0.647102[0m[1;36m dir=[0m[1;36m-135.864[0m[1;36m
[gzserver-2] [0m[1;36m[Dbg] [wind_plugin.cpp:110] [0m[1;36mWindPlugin: received command -> speed=[0m[1;36m0.647102[0m[1;36m dir=[0m[1;36m-135.864[0m[1;36m
[gzserver-2] [0m[1;36m[Dbg] [wind_plugin.cpp:110] [0m[1;36mWindPlugin: received command -> speed=[0m[1;36m0.647102[0m[1;36m dir=[0m[1;36m-135.864[0m[1;36m
[gzserver-2] [0m[1;36m[Dbg] [wind_plugin.cpp:110] [0m[1;36mWindPlugin: received command -> speed=[0m[1;36m0.724515[0m[1;36m dir=[0m[1;36m-134.926[0m[1;36m
[gzserver-2] [0m[1;36m[Dbg] [wind_plugin.cpp:110] [0m[1;36mWindPlugin: received command -> speed=[0m[1;36m0.724515[0m[1;36m dir=[0m[1;36m-134.926[0m[1;36m
[gzserver-2] [0m[1;36m[Dbg] [wind_plugin.cpp:110] [0m[1;36mWindPlugin: received command -> speed=[0m[1;36m0.724515[0m[1;36m dir=[0m[1;36m-134.926[0m[1;36m
[gzserver-2] [0m[1;36m[Dbg] [wind_plugin.cpp:110] [0m[1;36mWindPlugin: received command -> speed=[0m[1;36m0.724515[0m[1;36m dir=[0m[1;36m-134.926[0m[1;36m
[gzserver-2] [0m[1;36m[Dbg] [wind_plugin.cpp:110] [0m[1;36mWindPlugin: received command -> speed=[0m[1;36m0.505273[0m[1;36m dir=[0m[1;36m-133.828[0m[1;36m
[gzserver-2] [0m[1;36m[Dbg] [wind_plugin.cpp:110] [0m[1;36mWindPlugin: received command -> speed=[0m[1;36m0.505273[0m[1;36m dir=[0m[1;36m-133.828[0m[1;36m
[gzserver-2] [0m[1;36m[Dbg] [wind_plugin.cpp:110] [0m[1;36mWindPlugin: received command -> speed=[0m[1;36m0.505273[0m[1;36m dir=[0m[1;36m-133.828[0m[1;36m
[gzserver-2] [0m[1;36m[Dbg] [wind_plugin.cpp:110] [0m[1;36mWindPlugin: received command -> speed=[0m[1;36m0.505273[0m[1;36m dir=[0m[1;36m-133.828[0m[1;36m
[gzserver-2] [0mLanded!
[gzserver-2] [INFO] [1773171683.503132314] [gazebo_wind_plugin_node]: WindPlugin: set wind_speed=0.51 wind_direction=-133.8
[gzserver-2] [INFO] [1773171683.745380826] [gazebo_wind_plugin_node]: WindPlugin: set wind_speed=0.70 wind_direction=-135.0
[gzserver-2] [INFO] [1773171683.984830815] [gazebo_wind_plugin_node]: WindPlugin: set wind_speed=0.70 wind_direction=-135.0
[gzserver-2] [INFO] [1773171684.221188199] [gazebo_wind_plugin_node]: WindPlugin: set wind_speed=0.70 wind_direction=-135.0
[gzserver-2] [INFO] [1773171684.455850990] [gazebo_wind_plugin_node]: WindPlugin: set wind_speed=0.70 wind_direction=-135.0
[gzserver-2] [INFO] [1773171684.689568079] [gazebo_wind_plugin_node]: WindPlugin: set wind_speed=0.65 wind_direction=-137.8
[gzserver-2] [INFO] [1773171684.923873839] [gazebo_wind_plugin_node]: WindPlugin: set wind_speed=0.65 wind_direction=-137.8
[gzserver-2] [INFO] [1773171685.153517838] [gazebo_wind_plugin_node]: WindPlugin: set wind_speed=0.65 wind_direction=-137.8
