[INFO] [launch]: All log files can be found below /home/j/.ros/log/2026-03-10-23-39-39-122898-j-1853122
[INFO] [launch]: Default logging verbosity is set to INFO
[INFO] [launch.user]: [bringup] Apriltag config: camera=/drone/bottom, image=/drone/bottom/image_raw, tags=/drone/bottom/tags, bridge=/landing_tag_state, standalone=true, use_target_id=true, target_id=0
[INFO] [rviz2-1]: process started with pid [1853123]
[INFO] [gzserver-2]: process started with pid [1853125]
[INFO] [robot_state_publisher-3]: process started with pid [1853127]
[INFO] [joint_state_publisher-4]: process started with pid [1853129]
[INFO] [spawn_drone-5]: process started with pid [1853131]
[INFO] [static_transform_publisher-6]: process started with pid [1853133]
[INFO] [joy_node-7]: process started with pid [1853135]
[INFO] [teleop_joystick-8]: process started with pid [1853137]
[INFO] [apriltag_detector_node-9]: process started with pid [1853139]
[INFO] [apriltag_state_bridge-10]: process started with pid [1853141]
[static_transform_publisher-6] [WARN] [1773153579.600200353] []: Old-style arguments are deprecated; see --help for new-style arguments
[static_transform_publisher-6] [INFO] [1773153579.607371107] [static_transform_publisher_3vHb63aGXnHohAGJ]: Spinning until stopped - publishing transform
[static_transform_publisher-6] translation: ('0.000000', '0.000000', '0.000000')
[static_transform_publisher-6] rotation: ('0.000000', '0.000000', '0.000000', '1.000000')
[static_transform_publisher-6] from 'world' to '/drone/odom'
[robot_state_publisher-3] [INFO] [1773153579.622002547] [drone.robot_state_publisher]: got segment base_footprint
[robot_state_publisher-3] [INFO] [1773153579.622061257] [drone.robot_state_publisher]: got segment base_link
[robot_state_publisher-3] [INFO] [1773153579.622067262] [drone.robot_state_publisher]: got segment bottom_cam_link
[robot_state_publisher-3] [INFO] [1773153579.622070483] [drone.robot_state_publisher]: got segment front_cam_link
[robot_state_publisher-3] [INFO] [1773153579.622073395] [drone.robot_state_publisher]: got segment sonar_link
[apriltag_detector_node-9] [INFO] [1773153579.632188276] [apriltag_detector_node]: tag detector type: umich
[rviz2-1] 
[rviz2-1] (rviz2:1853123): dbind-WARNING **: 23:39:39.634: Couldn't connect to accessibility bus: Failed to connect to socket /root/.cache/at-spi/bus_0: 허가 거부
[teleop_joystick-8] Traceback (most recent call last):
[teleop_joystick-8]   File "/home/j/INCSL/IICC26_ws/install/sjtu_drone_control/lib/sjtu_drone_control/teleop_joystick", line 33, in <module>
[teleop_joystick-8]     sys.exit(load_entry_point('sjtu_drone_control==0.0.0', 'console_scripts', 'teleop_joystick')())
[teleop_joystick-8]   File "/home/j/INCSL/IICC26_ws/install/sjtu_drone_control/lib/sjtu_drone_control/teleop_joystick", line 22, in importlib_load_entry_point
[teleop_joystick-8]     for entry_point in distribution(dist_name).entry_points
[teleop_joystick-8]   File "/usr/lib/python3.10/importlib/metadata/__init__.py", line 969, in distribution
[teleop_joystick-8]     return Distribution.from_name(distribution_name)
[teleop_joystick-8]   File "/usr/lib/python3.10/importlib/metadata/__init__.py", line 548, in from_name
[teleop_joystick-8]     raise PackageNotFoundError(name)
[teleop_joystick-8] importlib.metadata.PackageNotFoundError: No package metadata was found for sjtu_drone_control
[ERROR] [teleop_joystick-8]: process has died [pid 1853137, exit code 1, cmd '/home/j/INCSL/IICC26_ws/install/sjtu_drone_control/lib/sjtu_drone_control/teleop_joystick --ros-args -r __ns:=/drone'].
[gzserver-2] Gazebo multi-robot simulator, version 11.10.2
[gzserver-2] Copyright (C) 2012 Open Source Robotics Foundation.
[gzserver-2] Released under the Apache 2 License.
[gzserver-2] http://gazebosim.org
[gzserver-2] 
[apriltag_state_bridge-10] [INFO] [1773153579.833728022] [apriltag_state_bridge]: AprilTag bridge started: /drone/bottom/tags -> /landing_tag_state, use_target_id=True, target_id=0
[joint_state_publisher-4] [INFO] [1773153579.888589396] [drone.joint_state_publisher]: Waiting for robot_description to be published on the robot_description topic...
[gzserver-2] [1;33m[Wrn] [gazebo_ros_init.cpp:178] [0m[1;33m
[gzserver-2] #     # ####### ####### ###  #####  #######
[gzserver-2] ##    # #     #    #     #  #     # #
[gzserver-2] # #   # #     #    #     #  #       #
[gzserver-2] #  #  # #     #    #     #  #       #####
[gzserver-2] #   # # #     #    #     #  #       #
[gzserver-2] #    ## #     #    #     #  #     # #
[gzserver-2] #     # #######    #    ###  #####  #######
[gzserver-2] 
[gzserver-2] This version of Gazebo, now called Gazebo classic, reaches end-of-life
[gzserver-2] in January 2025. Users are highly encouraged to migrate to the new Gazebo
[gzserver-2] using our migration guides (https://gazebosim.org/docs/latest/gazebo_classic_migration?utm_source=gazebo_ros_pkgs&utm_medium=cli)
[gzserver-2] 
[gzserver-2] [0m[1;33m
[rviz2-1] [INFO] [1773153580.494809467] [rviz2]: Stereo is NOT SUPPORTED
[rviz2-1] [INFO] [1773153580.494895519] [rviz2]: OpenGl version: 4.6 (GLSL 4.6)
[rviz2-1] [INFO] [1773153580.579100058] [rviz2]: Stereo is NOT SUPPORTED
[rviz2-1] [INFO] [1773153580.671132817] [rviz2]: Stereo is NOT SUPPORTED
[spawn_drone-5] [INFO] [1773153581.057071707] [spawn_drone]: Result False Entity pushed to spawn queue, but spawn service timed outwaiting for entity to appear in simulation under the name [/drone]
[gzserver-2] [1;32m[Msg] [0m[1;32mWaiting for master.[0m[1;32m
[gzserver-2] [0m[1;32m[0m[1;32m[0m[1;32m[Msg] [0m[1;32mConnected to gazebo master @ [0m[1;32mhttp://127.0.0.1:11345[0m[1;32m
[gzserver-2] [0m[1;32m[0m[1;32m[0m[1;32m[Msg] [0m[1;32mPublicized address: [0m[1;32m192.168.0.11[0m[1;32m
[gzserver-2] [0m[1;32m[0m[1;32m[0m[1;32m[Msg] [0m[1;32mLoading world file [[0m[1;32m/home/j/INCSL/IICC26_ws/install/sjtu_drone_description/share/sjtu_drone_description/worlds/landingPad.world[0m[1;32m][0m[1;32m
[gzserver-2] [0m[1;32m[0m[1;32m[0m[1;36m[Dbg] [wind_plugin.cpp:96] [0m[1;36mWindPlugin loaded: speed=[0m[1;36m0[0m[1;36m dir=[0m[1;36m0[0m[1;36m deg area=[0m[1;36m0.1[0m[1;36m coeff=[0m[1;36m1[0m[1;36m
[gzserver-2] [0m[1;33m[0m[1;33m[0m[1;31m[Err] [Sensor.cc:510] [0m[1;31mGet noise index not valid[0m[1;31m
[gzserver-2] [0m[1;31m[0m[1;31m[0m[1;31m[Err] [Sensor.cc:510] [0m[1;31mGet noise index not valid[0m[1;31m
[gzserver-2] [0m[1;31m[0m[1;31m[0m[1;31m[Err] [Sensor.cc:510] [0m[1;31mGet noise index not valid[0m[1;31m
[gzserver-2] [0m[1;31m[0m[1;31m[0m[1;31m[Err] [Sensor.cc:510] [0m[1;31mGet noise index not valid[0m[1;31m
[gzserver-2] [0m[1;31m[0m[1;31m[0m[1;31m[Err] [Sensor.cc:510] [0m[1;31mGet noise index not valid[0m[1;31m
[gzserver-2] [0m[1;31m[0m[1;31m[0m[1;31m[Err] [Sensor.cc:510] [0m[1;31mGet noise index not valid[0m[1;31m
[gzserver-2] [0m[1;31m[0m[1;31m[0mTopic [default//drone/base_footprint/down_camera/image] is not valid.
[gzserver-2] [INFO] [1773153581.087472480] [drone.collision_plugin]: Publishing contact states to [/drone/bumper_states]
[gzserver-2] Topic [default//drone/base_footprint/front_camera/image] is not valid.
[gzserver-2] [1;33m[Wrn] [Event.cc:61] [0m[1;33mWarning: Deleting a connection right after creation. [0m[1;33mMake sure to save the ConnectionPtr from a Connect call
[INFO] [spawn_drone-5]: process has finished cleanly [pid 1853131]
[gzserver-2] [0m[INFO] [1773153581.660038981] [drone.camera_bottom]: Publishing camera info to [/drone/bottom/camera_info]
[gzserver-2] [INFO] [1773153581.662822254] [drone.camera_front]: Publishing camera info to [/drone/front/camera_info]
[gzserver-2] [INFO] [1773153581.785126626] [drone.simple_drone]: The drone plugin is loading!
[gzserver-2] [INFO] [1773153581.785337125] [drone.simple_drone]: pub_odom: 1
[gzserver-2] [INFO] [1773153581.785370175] [drone.simple_drone]: Using following parameters: 
[gzserver-2] 		link_name: base_footprint,
[gzserver-2] 		max_force: 30,
[gzserver-2] 		motion_small_noise: 0,
[gzserver-2] 		motion_drift_noise: 0,
[gzserver-2] 		motion_drift_noise_time: 50,
[gzserver-2] 		takeoff_hover_height: 2.05,
[gzserver-2] 		takeoff_vertical_speed: 0.2
[gzserver-2] [INFO] [1773153581.796835252] [drone.simple_drone]: Using the PID parameters: 
[gzserver-2] 	Roll Pitch:
[gzserver-2] 		kP: 10, kI: 0,kD: 5, Limit: 0.5, Time Constant: 0
[gzserver-2] 	Yaw:
[gzserver-2] 		kP: 2, kI: 0,kD: 1, Limit: 1.5, Time Constant: 0
[gzserver-2] 	Velocity X:
[gzserver-2] 		kP: 5, kI: 0,kD: 2.3, Limit: 2, Time Constant: 0
[gzserver-2] 	Velocity Y:
[gzserver-2] 		kP: 5, kI: 0,kD: 2.3, Limit: 2, Time Constant: 0
[gzserver-2] 	Velocity Z:
[gzserver-2] 		kP: 5, kI: 0,kD: 1, Limit: -1, Time Constant: 0
[gzserver-2] 	Position XY:
[gzserver-2] 		kP: 1.1, kI: 0,kD: 0, Limit: 5, Time Constant: 0
[gzserver-2] 	Position Z:
[gzserver-2] 		kP: 1, kI: 0,kD: 0.2, Limit: -1, Time Constant: 0
[gzserver-2] [INFO] [1773153581.796973216] [drone.simple_drone]: The drone plugin finished loading!
[gzserver-2] [INFO] [1773153588.945359394] [gazebo_wind_plugin_node]: WindPlugin: set wind_speed=0.00 wind_direction=0.0
[gzserver-2] [INFO] [1773153589.211413306] [gazebo_wind_plugin_node]: WindPlugin: set wind_speed=0.00 wind_direction=0.0
[gzserver-2] [INFO] [1773153589.249844433] [drone.simple_drone]: Quadrotor takes off!!
[gzserver-2] [INFO] [1773153589.452412093] [gazebo_wind_plugin_node]: WindPlugin: set wind_speed=0.00 wind_direction=0.0
[gzserver-2] [INFO] [1773153589.686577101] [gazebo_wind_plugin_node]: WindPlugin: set wind_speed=0.00 wind_direction=0.0
[gzserver-2] [INFO] [1773153589.915558804] [gazebo_wind_plugin_node]: WindPlugin: set wind_speed=0.00 wind_direction=0.0
[gzserver-2] [INFO] [1773153590.155129992] [gazebo_wind_plugin_node]: WindPlugin: set wind_speed=0.00 wind_direction=0.0
[gzserver-2] [INFO] [1773153590.394375106] [gazebo_wind_plugin_node]: WindPlugin: set wind_speed=0.00 wind_direction=0.0
[gzserver-2] [INFO] [1773153590.628988277] [gazebo_wind_plugin_node]: WindPlugin: set wind_speed=0.00 wind_direction=0.0
[gzserver-2] [INFO] [1773153590.868710381] [gazebo_wind_plugin_node]: WindPlugin: set wind_speed=0.00 wind_direction=0.0
[gzserver-2] [0m[1;36m[Dbg] [wind_plugin.cpp:110] [0m[1;36mWindPlugin: received command -> speed=[0m[1;36m0[0m[1;36m dir=[0m[1;36m0[0m[1;36m
[gzserver-2] [0m[1;36m[Dbg] [wind_plugin.cpp:110] [0m[1;36mWindPlugin: received command -> speed=[0m[1;36m0[0m[1;36m dir=[0m[1;36m0[0m[1;36m
[gzserver-2] [0m[1;36m[Dbg] [wind_plugin.cpp:110] [0m[1;36mWindPlugin: received command -> speed=[0m[1;36m0[0m[1;36m dir=[0m[1;36m0[0m[1;36m
[gzserver-2] [0m[1;36m[Dbg] [wind_plugin.cpp:110] [0m[1;36mWindPlugin: received command -> speed=[0m[1;36m0[0m[1;36m dir=[0m[1;36m0[0m[1;36m
[gzserver-2] [0m[1;36m[Dbg] [wind_plugin.cpp:110] [0m[1;36mWindPlugin: received command -> speed=[0m[1;36m0[0m[1;36m dir=[0m[1;36m0[0m[1;36m
[gzserver-2] [0m[1;36m[Dbg] [wind_plugin.cpp:110] [0m[1;36mWindPlugin: received command -> speed=[0m[1;36m0[0m[1;36m dir=[0m[1;36m0[0m[1;36m
[gzserver-2] [0m[1;36m[Dbg] [wind_plugin.cpp:110] [0m[1;36mWindPlugin: received command -> speed=[0m[1;36m0[0m[1;36m dir=[0m[1;36m0[0m[1;36m
[gzserver-2] [0m[1;36m[Dbg] [wind_plugin.cpp:110] [0m[1;36mWindPlugin: received command -> speed=[0m[1;36m0[0m[1;36m dir=[0m[1;36m0[0m[1;36m
[gzserver-2] [0m[1;36m[Dbg] [wind_plugin.cpp:110] [0m[1;36mWindPlugin: received command -> speed=[0m[1;36m0[0m[1;36m dir=[0m[1;36m0[0m[1;36m
[gzserver-2] [0mEntering flying model!
[gzserver-2] [INFO] [1773153591.104315445] [gazebo_wind_plugin_node]: WindPlugin: set wind_speed=0.96 wind_direction=-121.1
[gzserver-2] [INFO] [1773153591.343753663] [gazebo_wind_plugin_node]: WindPlugin: set wind_speed=0.96 wind_direction=-121.1
[gzserver-2] [INFO] [1773153591.583200840] [gazebo_wind_plugin_node]: WindPlugin: set wind_speed=0.87 wind_direction=-123.3
[gzserver-2] [INFO] [1773153591.822687506] [gazebo_wind_plugin_node]: WindPlugin: set wind_speed=0.87 wind_direction=-123.3
[gzserver-2] [INFO] [1773153592.062079241] [gazebo_wind_plugin_node]: WindPlugin: set wind_speed=0.87 wind_direction=-123.3
[gzserver-2] [INFO] [1773153592.301568834] [gazebo_wind_plugin_node]: WindPlugin: set wind_speed=0.87 wind_direction=-123.3
[gzserver-2] [INFO] [1773153592.540974747] [gazebo_wind_plugin_node]: WindPlugin: set wind_speed=1.05 wind_direction=-116.9
[gzserver-2] [INFO] [1773153592.782542081] [gazebo_wind_plugin_node]: WindPlugin: set wind_speed=1.05 wind_direction=-116.9
[gzserver-2] [INFO] [1773153593.021896031] [gazebo_wind_plugin_node]: WindPlugin: set wind_speed=1.05 wind_direction=-116.9
[gzserver-2] [INFO] [1773153593.255152889] [gazebo_wind_plugin_node]: WindPlugin: set wind_speed=1.05 wind_direction=-116.9
[gzserver-2] [INFO] [1773153593.490612796] [gazebo_wind_plugin_node]: WindPlugin: set wind_speed=1.08 wind_direction=-120.0
[gzserver-2] [INFO] [1773153593.726288711] [gazebo_wind_plugin_node]: WindPlugin: set wind_speed=1.08 wind_direction=-120.0
[gzserver-2] [INFO] [1773153593.960480301] [gazebo_wind_plugin_node]: WindPlugin: set wind_speed=1.08 wind_direction=-120.0
[gzserver-2] [INFO] [1773153593.998731626] [drone.simple_drone]: Quadrotor lands!!
[gzserver-2] [INFO] [1773153594.200144767] [gazebo_wind_plugin_node]: WindPlugin: set wind_speed=1.08 wind_direction=-120.0
[gzserver-2] [INFO] [1773153594.442184819] [gazebo_wind_plugin_node]: WindPlugin: set wind_speed=1.08 wind_direction=-120.0
[gzserver-2] [INFO] [1773153594.681469521] [gazebo_wind_plugin_node]: WindPlugin: set wind_speed=0.94 wind_direction=-118.1
[gzserver-2] [INFO] [1773153594.921266281] [gazebo_wind_plugin_node]: WindPlugin: set wind_speed=0.94 wind_direction=-118.1
[gzserver-2] [1;36m[Dbg] [wind_plugin.cpp:110] [0m[1;36mWindPlugin: received command -> speed=[0m[1;36m0.960056[0m[1;36m dir=[0m[1;36m-121.14[0m[1;36m
[gzserver-2] [0m[1;36m[Dbg] [wind_plugin.cpp:110] [0m[1;36mWindPlugin: received command -> speed=[0m[1;36m0.960056[0m[1;36m dir=[0m[1;36m-121.14[0m[1;36m
[gzserver-2] [0m[1;36m[Dbg] [wind_plugin.cpp:110] [0m[1;36mWindPlugin: received command -> speed=[0m[1;36m0.873473[0m[1;36m dir=[0m[1;36m-123.254[0m[1;36m
[gzserver-2] [0m[1;36m[Dbg] [wind_plugin.cpp:110] [0m[1;36mWindPlugin: received command -> speed=[0m[1;36m0.873473[0m[1;36m dir=[0m[1;36m-123.254[0m[1;36m
[gzserver-2] [0m[1;36m[Dbg] [wind_plugin.cpp:110] [0m[1;36mWindPlugin: received command -> speed=[0m[1;36m0.873473[0m[1;36m dir=[0m[1;36m-123.254[0m[1;36m
[gzserver-2] [0m[1;36m[Dbg] [wind_plugin.cpp:110] [0m[1;36mWindPlugin: received command -> speed=[0m[1;36m0.873473[0m[1;36m dir=[0m[1;36m-123.254[0m[1;36m
[gzserver-2] [0m[1;36m[Dbg] [wind_plugin.cpp:110] [0m[1;36mWindPlugin: received command -> speed=[0m[1;36m1.04622[0m[1;36m dir=[0m[1;36m-116.908[0m[1;36m
[gzserver-2] [0m[1;36m[Dbg] [wind_plugin.cpp:110] [0m[1;36mWindPlugin: received command -> speed=[0m[1;36m1.04622[0m[1;36m dir=[0m[1;36m-116.908[0m[1;36m
[gzserver-2] [0m[1;36m[Dbg] [wind_plugin.cpp:110] [0m[1;36mWindPlugin: received command -> speed=[0m[1;36m1.04622[0m[1;36m dir=[0m[1;36m-116.908[0m[1;36m
[gzserver-2] [0m[1;36m[Dbg] [wind_plugin.cpp:110] [0m[1;36mWindPlugin: received command -> speed=[0m[1;36m1.04622[0m[1;36m dir=[0m[1;36m-116.908[0m[1;36m
[gzserver-2] [0m[1;36m[Dbg] [wind_plugin.cpp:110] [0m[1;36mWindPlugin: received command -> speed=[0m[1;36m1.07508[0m[1;36m dir=[0m[1;36m-120.045[0m[1;36m
[gzserver-2] [0m[1;36m[Dbg] [wind_plugin.cpp:110] [0m[1;36mWindPlugin: received command -> speed=[0m[1;36m1.07508[0m[1;36m dir=[0m[1;36m-120.045[0m[1;36m
[gzserver-2] [0m[1;36m[Dbg] [wind_plugin.cpp:110] [0m[1;36mWindPlugin: received command -> speed=[0m[1;36m1.07508[0m[1;36m dir=[0m[1;36m-120.045[0m[1;36m
[gzserver-2] [0m[1;36m[Dbg] [wind_plugin.cpp:110] [0m[1;36mWindPlugin: received command -> speed=[0m[1;36m1.07508[0m[1;36m dir=[0m[1;36m-120.045[0m[1;36m
[gzserver-2] [0m[1;36m[Dbg] [wind_plugin.cpp:110] [0m[1;36mWindPlugin: received command -> speed=[0m[1;36m1.07508[0m[1;36m dir=[0m[1;36m-120.045[0m[1;36m
[gzserver-2] [0m[1;36m[Dbg] [wind_plugin.cpp:110] [0m[1;36mWindPlugin: received command -> speed=[0m[1;36m0.941734[0m[1;36m dir=[0m[1;36m-118.136[0m[1;36m
[gzserver-2] [0m[1;36m[Dbg] [wind_plugin.cpp:110] [0m[1;36mWindPlugin: received command -> speed=[0m[1;36m0.941734[0m[1;36m dir=[0m[1;36m-118.136[0m[1;36m
[gzserver-2] [0mLanded!
[gzserver-2] [INFO] [1773153595.161048699] [gazebo_wind_plugin_node]: WindPlugin: set wind_speed=0.94 wind_direction=-118.1
[gzserver-2] [INFO] [1773153595.400869876] [gazebo_wind_plugin_node]: WindPlugin: set wind_speed=0.94 wind_direction=-118.1
[gzserver-2] [INFO] [1773153595.640471076] [gazebo_wind_plugin_node]: WindPlugin: set wind_speed=1.09 wind_direction=-115.0
[gzserver-2] [INFO] [1773153595.879766547] [gazebo_wind_plugin_node]: WindPlugin: set wind_speed=1.09 wind_direction=-115.0
[gzserver-2] [INFO] [1773153596.119406444] [gazebo_wind_plugin_node]: WindPlugin: set wind_speed=1.09 wind_direction=-115.0
[gzserver-2] [INFO] [1773153596.359608985] [gazebo_wind_plugin_node]: WindPlugin: set wind_speed=1.09 wind_direction=-115.0
[gzserver-2] [INFO] [1773153596.588891578] [gazebo_wind_plugin_node]: WindPlugin: set wind_speed=0.84 wind_direction=-116.3
[gzserver-2] [INFO] [1773153596.823177165] [gazebo_wind_plugin_node]: WindPlugin: set wind_speed=0.84 wind_direction=-116.3
