[INFO] [launch]: All log files can be found below /home/j/.ros/log/2026-03-10-12-58-13-483309-j-1468952
[INFO] [launch]: Default logging verbosity is set to INFO
[INFO] [launch.user]: [bringup] Apriltag config: camera=/drone/bottom, image=/drone/bottom/image_raw, tags=/drone/bottom/tags, bridge=/landing_tag_state, standalone=true, use_target_id=true, target_id=0
[INFO] [rviz2-1]: process started with pid [1468967]
[INFO] [gzserver-2]: process started with pid [1468969]
[INFO] [robot_state_publisher-3]: process started with pid [1468971]
[INFO] [joint_state_publisher-4]: process started with pid [1468973]
[INFO] [spawn_drone-5]: process started with pid [1468975]
[INFO] [static_transform_publisher-6]: process started with pid [1468977]
[INFO] [joy_node-7]: process started with pid [1468979]
[INFO] [teleop_joystick-8]: process started with pid [1468981]
[INFO] [apriltag_detector_node-9]: process started with pid [1468983]
[INFO] [apriltag_state_bridge-10]: process started with pid [1468986]
[static_transform_publisher-6] [WARN] [1773115093.976733637] []: Old-style arguments are deprecated; see --help for new-style arguments
[static_transform_publisher-6] [INFO] [1773115093.981917132] [static_transform_publisher_70Wz5bsW4y14Ztu2]: Spinning until stopped - publishing transform
[static_transform_publisher-6] translation: ('0.000000', '0.000000', '0.000000')
[static_transform_publisher-6] rotation: ('0.000000', '0.000000', '0.000000', '1.000000')
[static_transform_publisher-6] from 'world' to '/drone/odom'
[robot_state_publisher-3] [INFO] [1773115093.984822174] [drone.robot_state_publisher]: got segment base_footprint
[robot_state_publisher-3] [INFO] [1773115093.984872760] [drone.robot_state_publisher]: got segment base_link
[robot_state_publisher-3] [INFO] [1773115093.984878137] [drone.robot_state_publisher]: got segment bottom_cam_link
[robot_state_publisher-3] [INFO] [1773115093.984881231] [drone.robot_state_publisher]: got segment front_cam_link
[robot_state_publisher-3] [INFO] [1773115093.984884026] [drone.robot_state_publisher]: got segment sonar_link
[rviz2-1] 
[rviz2-1] (rviz2:1468967): dbind-WARNING **: 12:58:13.994: Couldn't connect to accessibility bus: Failed to connect to socket /root/.cache/at-spi/bus_0: 허가 거부
[apriltag_detector_node-9] [INFO] [1773115093.995686480] [apriltag_detector_node]: tag detector type: umich
[teleop_joystick-8] Traceback (most recent call last):
[teleop_joystick-8]   File "/home/j/INCSL/IICC26_ws/install/sjtu_drone_control/lib/sjtu_drone_control/teleop_joystick", line 33, in <module>
[teleop_joystick-8]     sys.exit(load_entry_point('sjtu_drone_control==0.0.0', 'console_scripts', 'teleop_joystick')())
[teleop_joystick-8]   File "/home/j/INCSL/IICC26_ws/install/sjtu_drone_control/lib/sjtu_drone_control/teleop_joystick", line 22, in importlib_load_entry_point
[teleop_joystick-8]     for entry_point in distribution(dist_name).entry_points
[teleop_joystick-8]   File "/usr/lib/python3.10/importlib/metadata/__init__.py", line 969, in distribution
[teleop_joystick-8]     return Distribution.from_name(distribution_name)
[teleop_joystick-8]   File "/usr/lib/python3.10/importlib/metadata/__init__.py", line 548, in from_name
[teleop_joystick-8]     raise PackageNotFoundError(name)
[teleop_joystick-8] importlib.metadata.PackageNotFoundError: No package metadata was found for sjtu_drone_control
[ERROR] [teleop_joystick-8]: process has died [pid 1468981, exit code 1, cmd '/home/j/INCSL/IICC26_ws/install/sjtu_drone_control/lib/sjtu_drone_control/teleop_joystick --ros-args -r __ns:=/drone'].
[gzserver-2] Gazebo multi-robot simulator, version 11.10.2
[gzserver-2] Copyright (C) 2012 Open Source Robotics Foundation.
[gzserver-2] Released under the Apache 2 License.
[gzserver-2] http://gazebosim.org
[gzserver-2] 
[joint_state_publisher-4] [INFO] [1773115094.222660259] [drone.joint_state_publisher]: Waiting for robot_description to be published on the robot_description topic...
[apriltag_state_bridge-10] [INFO] [1773115094.234826129] [apriltag_state_bridge]: AprilTag bridge started: /drone/bottom/tags -> /landing_tag_state, use_target_id=True, target_id=0
[gzserver-2] [1;33m[Wrn] [gazebo_ros_init.cpp:178] [0m[1;33m
[gzserver-2] #     # ####### ####### ###  #####  #######
[gzserver-2] ##    # #     #    #     #  #     # #
[gzserver-2] # #   # #     #    #     #  #       #
[gzserver-2] #  #  # #     #    #     #  #       #####
[gzserver-2] #   # # #     #    #     #  #       #
[gzserver-2] #    ## #     #    #     #  #     # #
[gzserver-2] #     # #######    #    ###  #####  #######
[gzserver-2] 
[gzserver-2] This version of Gazebo, now called Gazebo classic, reaches end-of-life
[gzserver-2] in January 2025. Users are highly encouraged to migrate to the new Gazebo
[gzserver-2] using our migration guides (https://gazebosim.org/docs/latest/gazebo_classic_migration?utm_source=gazebo_ros_pkgs&utm_medium=cli)
[gzserver-2] 
[gzserver-2] [0m[1;33m
[rviz2-1] [INFO] [1773115094.781899850] [rviz2]: Stereo is NOT SUPPORTED
[rviz2-1] [INFO] [1773115094.782025558] [rviz2]: OpenGl version: 4.6 (GLSL 4.6)
[rviz2-1] [INFO] [1773115094.861138577] [rviz2]: Stereo is NOT SUPPORTED
[rviz2-1] [INFO] [1773115094.953071026] [rviz2]: Stereo is NOT SUPPORTED
[spawn_drone-5] [INFO] [1773115095.413364436] [spawn_drone]: Result False Entity pushed to spawn queue, but spawn service timed outwaiting for entity to appear in simulation under the name [/drone]
[gzserver-2] [1;32m[Msg] [0m[1;32mWaiting for master.[0m[1;32m
[gzserver-2] [0m[1;32m[0m[1;32m[0m[1;32m[Msg] [0m[1;32mConnected to gazebo master @ [0m[1;32mhttp://127.0.0.1:11345[0m[1;32m
[gzserver-2] [0m[1;32m[0m[1;32m[0m[1;32m[Msg] [0m[1;32mPublicized address: [0m[1;32m172.16.52.147[0m[1;32m
[gzserver-2] [0m[1;32m[0m[1;32m[0m[1;32m[Msg] [0m[1;32mLoading world file [[0m[1;32m/home/j/INCSL/IICC26_ws/install/sjtu_drone_description/share/sjtu_drone_description/worlds/landingPad.world[0m[1;32m][0m[1;32m
[gzserver-2] [0m[1;32m[0m[1;32m[0m[1;36m[Dbg] [wind_plugin.cpp:96] [0m[1;36mWindPlugin loaded: speed=[0m[1;36m0[0m[1;36m dir=[0m[1;36m0[0m[1;36m deg area=[0m[1;36m0.1[0m[1;36m coeff=[0m[1;36m1[0m[1;36m
[gzserver-2] [0m[1;33m[0m[1;33m[0m[1;31m[Err] [Sensor.cc:510] [0m[1;31mGet noise index not valid[0m[1;31m
[gzserver-2] [0m[1;31m[0m[1;31m[0m[1;31m[Err] [Sensor.cc:510] [0m[1;31mGet noise index not valid[0m[1;31m
[gzserver-2] [0m[1;31m[0m[1;31m[0m[1;31m[Err] [Sensor.cc:510] [0m[1;31mGet noise index not valid[0m[1;31m
[gzserver-2] [0m[1;31m[0m[1;31m[0m[1;31m[Err] [Sensor.cc:510] [0m[1;31mGet noise index not valid[0m[1;31m
[gzserver-2] [0m[1;31m[0m[1;31m[0m[1;31m[Err] [Sensor.cc:510] [0m[1;31mGet noise index not valid[0m[1;31m
[gzserver-2] [0m[1;31m[0m[1;31m[0m[1;31m[Err] [Sensor.cc:510] [0m[1;31mGet noise index not valid[0m[1;31m
[gzserver-2] [0m[1;31m[0m[1;31m[0mTopic [default//drone/base_footprint/down_camera/image] is not valid.
[gzserver-2] [INFO] [1773115095.444020417] [drone.collision_plugin]: Publishing contact states to [/drone/bumper_states]
[gzserver-2] Topic [default//drone/base_footprint/front_camera/image] is not valid.
[gzserver-2] [1;33m[Wrn] [Event.cc:61] [0m[1;33mWarning: Deleting a connection right after creation. [0m[1;33mMake sure to save the ConnectionPtr from a Connect call
[INFO] [spawn_drone-5]: process has finished cleanly [pid 1468975]
[gzserver-2] [0m[INFO] [1773115096.023570881] [drone.camera_bottom]: Publishing camera info to [/drone/bottom/camera_info]
[gzserver-2] [INFO] [1773115096.026512430] [drone.camera_front]: Publishing camera info to [/drone/front/camera_info]
[gzserver-2] [INFO] [1773115096.148110816] [drone.simple_drone]: The drone plugin is loading!
[gzserver-2] [INFO] [1773115096.148308492] [drone.simple_drone]: pub_odom: 1
[gzserver-2] [INFO] [1773115096.148339541] [drone.simple_drone]: Using following parameters: 
[gzserver-2] 		link_name: base_footprint,
[gzserver-2] 		max_force: 30,
[gzserver-2] 		motion_small_noise: 0,
[gzserver-2] 		motion_drift_noise: 0,
[gzserver-2] 		motion_drift_noise_time: 50,
[gzserver-2] 		takeoff_hover_height: 1.55,
[gzserver-2] 		takeoff_vertical_speed: 0.2
[gzserver-2] [INFO] [1773115096.159979052] [drone.simple_drone]: Using the PID parameters: 
[gzserver-2] 	Roll Pitch:
[gzserver-2] 		kP: 10, kI: 0,kD: 5, Limit: 0.5, Time Constant: 0
[gzserver-2] 	Yaw:
[gzserver-2] 		kP: 2, kI: 0,kD: 1, Limit: 1.5, Time Constant: 0
[gzserver-2] 	Velocity X:
[gzserver-2] 		kP: 5, kI: 0,kD: 2.3, Limit: 2, Time Constant: 0
[gzserver-2] 	Velocity Y:
[gzserver-2] 		kP: 5, kI: 0,kD: 2.3, Limit: 2, Time Constant: 0
[gzserver-2] 	Velocity Z:
[gzserver-2] 		kP: 5, kI: 0,kD: 1, Limit: -1, Time Constant: 0
[gzserver-2] 	Position XY:
[gzserver-2] 		kP: 1.1, kI: 0,kD: 0, Limit: 5, Time Constant: 0
[gzserver-2] 	Position Z:
[gzserver-2] 		kP: 1, kI: 0,kD: 0.2, Limit: -1, Time Constant: 0
[gzserver-2] [INFO] [1773115096.160114322] [drone.simple_drone]: The drone plugin finished loading!
[gzserver-2] [INFO] [1773115103.321695471] [gazebo_wind_plugin_node]: WindPlugin: set wind_speed=0.00 wind_direction=0.0
[gzserver-2] [INFO] [1773115103.592233966] [gazebo_wind_plugin_node]: WindPlugin: set wind_speed=0.00 wind_direction=0.0
[gzserver-2] [INFO] [1773115103.631092597] [drone.simple_drone]: Quadrotor takes off!!
[gzserver-2] [INFO] [1773115103.831818363] [gazebo_wind_plugin_node]: WindPlugin: set wind_speed=0.00 wind_direction=0.0
[gzserver-2] [INFO] [1773115104.071105207] [gazebo_wind_plugin_node]: WindPlugin: set wind_speed=0.00 wind_direction=0.0
[gzserver-2] [INFO] [1773115104.300369280] [gazebo_wind_plugin_node]: WindPlugin: set wind_speed=0.00 wind_direction=0.0
[gzserver-2] [INFO] [1773115104.539529626] [gazebo_wind_plugin_node]: WindPlugin: set wind_speed=0.00 wind_direction=0.0
[gzserver-2] [INFO] [1773115104.771461026] [gazebo_wind_plugin_node]: WindPlugin: set wind_speed=0.00 wind_direction=0.0
[gzserver-2] [0m[1;36m[Dbg] [wind_plugin.cpp:110] [0m[1;36mWindPlugin: received command -> speed=[0m[1;36m0[0m[1;36m dir=[0m[1;36m0[0m[1;36m
[gzserver-2] [0m[1;36m[Dbg] [wind_plugin.cpp:110] [0m[1;36mWindPlugin: received command -> speed=[0m[1;36m0[0m[1;36m dir=[0m[1;36m0[0m[1;36m
[gzserver-2] [0m[1;36m[Dbg] [wind_plugin.cpp:110] [0m[1;36mWindPlugin: received command -> speed=[0m[1;36m0[0m[1;36m dir=[0m[1;36m0[0m[1;36m
[gzserver-2] [0m[1;36m[Dbg] [wind_plugin.cpp:110] [0m[1;36mWindPlugin: received command -> speed=[0m[1;36m0[0m[1;36m dir=[0m[1;36m0[0m[1;36m
[gzserver-2] [0m[1;36m[Dbg] [wind_plugin.cpp:110] [0m[1;36mWindPlugin: received command -> speed=[0m[1;36m0[0m[1;36m dir=[0m[1;36m0[0m[1;36m
[gzserver-2] [0m[1;36m[Dbg] [wind_plugin.cpp:110] [0m[1;36mWindPlugin: received command -> speed=[0m[1;36m0[0m[1;36m dir=[0m[1;36m0[0m[1;36m
[gzserver-2] [0m[1;36m[Dbg] [wind_plugin.cpp:110] [0m[1;36mWindPlugin: received command -> speed=[0m[1;36m0[0m[1;36m dir=[0m[1;36m0[0m[1;36m
[gzserver-2] [0mEntering flying model!
[gzserver-2] [INFO] [1773115105.004918819] [gazebo_wind_plugin_node]: WindPlugin: set wind_speed=0.00 wind_direction=0.0
[gzserver-2] [INFO] [1773115105.244811511] [gazebo_wind_plugin_node]: WindPlugin: set wind_speed=1.09 wind_direction=-89.0
[gzserver-2] [INFO] [1773115105.478696850] [gazebo_wind_plugin_node]: WindPlugin: set wind_speed=1.09 wind_direction=-89.0
[gzserver-2] [INFO] [1773115105.718598224] [gazebo_wind_plugin_node]: WindPlugin: set wind_speed=1.09 wind_direction=-89.0
[gzserver-2] [INFO] [1773115105.952491520] [gazebo_wind_plugin_node]: WindPlugin: set wind_speed=1.25 wind_direction=-88.0
[gzserver-2] [INFO] [1773115106.191929661] [gazebo_wind_plugin_node]: WindPlugin: set wind_speed=1.25 wind_direction=-88.0
[gzserver-2] [INFO] [1773115106.431552116] [gazebo_wind_plugin_node]: WindPlugin: set wind_speed=1.25 wind_direction=-88.0
[gzserver-2] [INFO] [1773115106.670792589] [gazebo_wind_plugin_node]: WindPlugin: set wind_speed=1.25 wind_direction=-88.0
[gzserver-2] [INFO] [1773115106.910267821] [gazebo_wind_plugin_node]: WindPlugin: set wind_speed=1.31 wind_direction=-92.2
[gzserver-2] [INFO] [1773115107.149452329] [gazebo_wind_plugin_node]: WindPlugin: set wind_speed=1.31 wind_direction=-92.2
[gzserver-2] [INFO] [1773115107.383465193] [gazebo_wind_plugin_node]: WindPlugin: set wind_speed=1.31 wind_direction=-92.2
[gzserver-2] [INFO] [1773115107.616606986] [gazebo_wind_plugin_node]: WindPlugin: set wind_speed=1.31 wind_direction=-92.2
[gzserver-2] [INFO] [1773115107.855697049] [gazebo_wind_plugin_node]: WindPlugin: set wind_speed=1.16 wind_direction=-91.1
[gzserver-2] [INFO] [1773115108.095672727] [gazebo_wind_plugin_node]: WindPlugin: set wind_speed=1.16 wind_direction=-91.1
[gzserver-2] [INFO] [1773115108.335790163] [gazebo_wind_plugin_node]: WindPlugin: set wind_speed=1.16 wind_direction=-91.1
[gzserver-2] [INFO] [1773115108.571323262] [gazebo_wind_plugin_node]: WindPlugin: set wind_speed=1.16 wind_direction=-91.1
[gzserver-2] [INFO] [1773115108.811342325] [gazebo_wind_plugin_node]: WindPlugin: set wind_speed=1.16 wind_direction=-91.1
[gzserver-2] [INFO] [1773115109.051745589] [gazebo_wind_plugin_node]: WindPlugin: set wind_speed=1.37 wind_direction=-90.1
[gzserver-2] [INFO] [1773115109.085104342] [drone.simple_drone]: Quadrotor lands!!
[gzserver-2] [INFO] [1773115109.286509026] [gazebo_wind_plugin_node]: WindPlugin: set wind_speed=1.37 wind_direction=-90.1
[gzserver-2] [INFO] [1773115109.518799201] [gazebo_wind_plugin_node]: WindPlugin: set wind_speed=1.37 wind_direction=-90.1
[gzserver-2] [INFO] [1773115109.754549411] [gazebo_wind_plugin_node]: WindPlugin: set wind_speed=1.37 wind_direction=-90.1
[gzserver-2] [INFO] [1773115109.988676284] [gazebo_wind_plugin_node]: WindPlugin: set wind_speed=1.23 wind_direction=-90.3
[gzserver-2] [1;36m[Dbg] [wind_plugin.cpp:110] [0m[1;36mWindPlugin: received command -> speed=[0m[1;36m0[0m[1;36m dir=[0m[1;36m0[0m[1;36m
[gzserver-2] [0m[1;36m[Dbg] [wind_plugin.cpp:110] [0m[1;36mWindPlugin: received command -> speed=[0m[1;36m1.09261[0m[1;36m dir=[0m[1;36m-89.0364[0m[1;36m
[gzserver-2] [0m[1;36m[Dbg] [wind_plugin.cpp:110] [0m[1;36mWindPlugin: received command -> speed=[0m[1;36m1.09261[0m[1;36m dir=[0m[1;36m-89.0364[0m[1;36m
[gzserver-2] [0m[1;36m[Dbg] [wind_plugin.cpp:110] [0m[1;36mWindPlugin: received command -> speed=[0m[1;36m1.09261[0m[1;36m dir=[0m[1;36m-89.0364[0m[1;36m
[gzserver-2] [0m[1;36m[Dbg] [wind_plugin.cpp:110] [0m[1;36mWindPlugin: received command -> speed=[0m[1;36m1.24935[0m[1;36m dir=[0m[1;36m-88.0177[0m[1;36m
[gzserver-2] [0m[1;36m[Dbg] [wind_plugin.cpp:110] [0m[1;36mWindPlugin: received command -> speed=[0m[1;36m1.24935[0m[1;36m dir=[0m[1;36m-88.0177[0m[1;36m
[gzserver-2] [0m[1;36m[Dbg] [wind_plugin.cpp:110] [0m[1;36mWindPlugin: received command -> speed=[0m[1;36m1.24935[0m[1;36m dir=[0m[1;36m-88.0177[0m[1;36m
[gzserver-2] [0m[1;36m[Dbg] [wind_plugin.cpp:110] [0m[1;36mWindPlugin: received command -> speed=[0m[1;36m1.24935[0m[1;36m dir=[0m[1;36m-88.0177[0m[1;36m
[gzserver-2] [0m[1;36m[Dbg] [wind_plugin.cpp:110] [0m[1;36mWindPlugin: received command -> speed=[0m[1;36m1.3055[0m[1;36m dir=[0m[1;36m-92.2052[0m[1;36m
[gzserver-2] [0m[1;36m[Dbg] [wind_plugin.cpp:110] [0m[1;36mWindPlugin: received command -> speed=[0m[1;36m1.3055[0m[1;36m dir=[0m[1;36m-92.2052[0m[1;36m
[gzserver-2] [0m[1;36m[Dbg] [wind_plugin.cpp:110] [0m[1;36mWindPlugin: received command -> speed=[0m[1;36m1.3055[0m[1;36m dir=[0m[1;36m-92.2052[0m[1;36m
[gzserver-2] [0m[1;36m[Dbg] [wind_plugin.cpp:110] [0m[1;36mWindPlugin: received command -> speed=[0m[1;36m1.3055[0m[1;36m dir=[0m[1;36m-92.2052[0m[1;36m
[gzserver-2] [0m[1;36m[Dbg] [wind_plugin.cpp:110] [0m[1;36mWindPlugin: received command -> speed=[0m[1;36m1.15814[0m[1;36m dir=[0m[1;36m-91.113[0m[1;36m
[gzserver-2] [0m[1;36m[Dbg] [wind_plugin.cpp:110] [0m[1;36mWindPlugin: received command -> speed=[0m[1;36m1.15814[0m[1;36m dir=[0m[1;36m-91.113[0m[1;36m
[gzserver-2] [0m[1;36m[Dbg] [wind_plugin.cpp:110] [0m[1;36mWindPlugin: received command -> speed=[0m[1;36m1.15814[0m[1;36m dir=[0m[1;36m-91.113[0m[1;36m
[gzserver-2] [0m[1;36m[Dbg] [wind_plugin.cpp:110] [0m[1;36mWindPlugin: received command -> speed=[0m[1;36m1.15814[0m[1;36m dir=[0m[1;36m-91.113[0m[1;36m
[gzserver-2] [0m[1;36m[Dbg] [wind_plugin.cpp:110] [0m[1;36mWindPlugin: received command -> speed=[0m[1;36m1.15814[0m[1;36m dir=[0m[1;36m-91.113[0m[1;36m
[gzserver-2] [0m[1;36m[Dbg] [wind_plugin.cpp:110] [0m[1;36mWindPlugin: received command -> speed=[0m[1;36m1.3716[0m[1;36m dir=[0m[1;36m-90.1418[0m[1;36m
[gzserver-2] [0m[1;36m[Dbg] [wind_plugin.cpp:110] [0m[1;36mWindPlugin: received command -> speed=[0m[1;36m1.3716[0m[1;36m dir=[0m[1;36m-90.1418[0m[1;36m
[gzserver-2] [0m[1;36m[Dbg] [wind_plugin.cpp:110] [0m[1;36mWindPlugin: received command -> speed=[0m[1;36m1.3716[0m[1;36m dir=[0m[1;36m-90.1418[0m[1;36m
[gzserver-2] [0m[1;36m[Dbg] [wind_plugin.cpp:110] [0m[1;36mWindPlugin: received command -> speed=[0m[1;36m1.3716[0m[1;36m dir=[0m[1;36m-90.1418[0m[1;36m
[gzserver-2] [0m[1;36m[Dbg] [wind_plugin.cpp:110] [0m[1;36mWindPlugin: received command -> speed=[0m[1;36m1.23469[0m[1;36m dir=[0m[1;36m-90.3237[0m[1;36m
[gzserver-2] [0mLanded!
[gzserver-2] [INFO] [1773115110.222587469] [gazebo_wind_plugin_node]: WindPlugin: set wind_speed=1.23 wind_direction=-90.3
[gzserver-2] [INFO] [1773115110.461780292] [gazebo_wind_plugin_node]: WindPlugin: set wind_speed=1.23 wind_direction=-90.3
[gzserver-2] [INFO] [1773115110.696224293] [gazebo_wind_plugin_node]: WindPlugin: set wind_speed=1.23 wind_direction=-90.3
[gzserver-2] [INFO] [1773115110.931670968] [gazebo_wind_plugin_node]: WindPlugin: set wind_speed=1.21 wind_direction=-90.2
[gzserver-2] [INFO] [1773115111.171301541] [gazebo_wind_plugin_node]: WindPlugin: set wind_speed=1.21 wind_direction=-90.2
[gzserver-2] [INFO] [1773115111.410686155] [gazebo_wind_plugin_node]: WindPlugin: set wind_speed=1.21 wind_direction=-90.2
[gzserver-2] [INFO] [1773115111.650078038] [gazebo_wind_plugin_node]: WindPlugin: set wind_speed=1.21 wind_direction=-90.2
[gzserver-2] [INFO] [1773115111.889419546] [gazebo_wind_plugin_node]: WindPlugin: set wind_speed=1.10 wind_direction=-89.1
