[INFO] [launch]: All log files can be found below /home/j/.ros/log/2026-03-11-03-23-29-211933-j-3634857
[INFO] [launch]: Default logging verbosity is set to INFO
[INFO] [launch.user]: [bringup] Apriltag config: camera=/drone/bottom, image=/drone/bottom/image_raw, tags=/drone/bottom/tags, bridge=/landing_tag_state, standalone=true, use_target_id=true, target_id=0
[INFO] [rviz2-1]: process started with pid [3634860]
[INFO] [gzserver-2]: process started with pid [3634862]
[INFO] [robot_state_publisher-3]: process started with pid [3634864]
[INFO] [joint_state_publisher-4]: process started with pid [3634866]
[INFO] [spawn_drone-5]: process started with pid [3634868]
[INFO] [static_transform_publisher-6]: process started with pid [3634870]
[INFO] [joy_node-7]: process started with pid [3634872]
[INFO] [teleop_joystick-8]: process started with pid [3634874]
[INFO] [apriltag_detector_node-9]: process started with pid [3634876]
[INFO] [apriltag_state_bridge-10]: process started with pid [3634879]
[static_transform_publisher-6] [WARN] [1773167009.681950197] []: Old-style arguments are deprecated; see --help for new-style arguments
[static_transform_publisher-6] [INFO] [1773167009.689707959] [static_transform_publisher_r61XMCad5I4uylBl]: Spinning until stopped - publishing transform
[static_transform_publisher-6] translation: ('0.000000', '0.000000', '0.000000')
[static_transform_publisher-6] rotation: ('0.000000', '0.000000', '0.000000', '1.000000')
[static_transform_publisher-6] from 'world' to '/drone/odom'
[rviz2-1] 
[rviz2-1] (rviz2:3634860): dbind-WARNING **: 03:23:29.707: Couldn't connect to accessibility bus: Failed to connect to socket /root/.cache/at-spi/bus_0: 허가 거부
[robot_state_publisher-3] [INFO] [1773167009.714375549] [drone.robot_state_publisher]: got segment base_footprint
[robot_state_publisher-3] [INFO] [1773167009.714461013] [drone.robot_state_publisher]: got segment base_link
[robot_state_publisher-3] [INFO] [1773167009.714473348] [drone.robot_state_publisher]: got segment bottom_cam_link
[robot_state_publisher-3] [INFO] [1773167009.714481518] [drone.robot_state_publisher]: got segment front_cam_link
[robot_state_publisher-3] [INFO] [1773167009.714488933] [drone.robot_state_publisher]: got segment sonar_link
[apriltag_detector_node-9] [INFO] [1773167009.725027307] [apriltag_detector_node]: tag detector type: umich
[teleop_joystick-8] Traceback (most recent call last):
[teleop_joystick-8]   File "/home/j/INCSL/IICC26_ws/install/sjtu_drone_control/lib/sjtu_drone_control/teleop_joystick", line 33, in <module>
[teleop_joystick-8]     sys.exit(load_entry_point('sjtu_drone_control==0.0.0', 'console_scripts', 'teleop_joystick')())
[teleop_joystick-8]   File "/home/j/INCSL/IICC26_ws/install/sjtu_drone_control/lib/sjtu_drone_control/teleop_joystick", line 22, in importlib_load_entry_point
[teleop_joystick-8]     for entry_point in distribution(dist_name).entry_points
[teleop_joystick-8]   File "/usr/lib/python3.10/importlib/metadata/__init__.py", line 969, in distribution
[teleop_joystick-8]     return Distribution.from_name(distribution_name)
[teleop_joystick-8]   File "/usr/lib/python3.10/importlib/metadata/__init__.py", line 548, in from_name
[teleop_joystick-8]     raise PackageNotFoundError(name)
[teleop_joystick-8] importlib.metadata.PackageNotFoundError: No package metadata was found for sjtu_drone_control
[ERROR] [teleop_joystick-8]: process has died [pid 3634874, exit code 1, cmd '/home/j/INCSL/IICC26_ws/install/sjtu_drone_control/lib/sjtu_drone_control/teleop_joystick --ros-args -r __ns:=/drone'].
[gzserver-2] Gazebo multi-robot simulator, version 11.10.2
[gzserver-2] Copyright (C) 2012 Open Source Robotics Foundation.
[gzserver-2] Released under the Apache 2 License.
[gzserver-2] http://gazebosim.org
[gzserver-2] 
[apriltag_state_bridge-10] [INFO] [1773167009.972485618] [apriltag_state_bridge]: AprilTag bridge started: /drone/bottom/tags -> /landing_tag_state, use_target_id=True, target_id=0
[gzserver-2] [1;33m[Wrn] [gazebo_ros_init.cpp:178] [0m[1;33m
[gzserver-2] #     # ####### ####### ###  #####  #######
[gzserver-2] ##    # #     #    #     #  #     # #
[gzserver-2] # #   # #     #    #     #  #       #
[gzserver-2] #  #  # #     #    #     #  #       #####
[gzserver-2] #   # # #     #    #     #  #       #
[gzserver-2] #    ## #     #    #     #  #     # #
[gzserver-2] #     # #######    #    ###  #####  #######
[gzserver-2] 
[gzserver-2] This version of Gazebo, now called Gazebo classic, reaches end-of-life
[gzserver-2] in January 2025. Users are highly encouraged to migrate to the new Gazebo
[gzserver-2] using our migration guides (https://gazebosim.org/docs/latest/gazebo_classic_migration?utm_source=gazebo_ros_pkgs&utm_medium=cli)
[gzserver-2] 
[gzserver-2] [0m[1;33m
[joint_state_publisher-4] [INFO] [1773167009.983141064] [drone.joint_state_publisher]: Waiting for robot_description to be published on the robot_description topic...
[rviz2-1] [INFO] [1773167010.440058342] [rviz2]: Stereo is NOT SUPPORTED
[rviz2-1] [INFO] [1773167010.440167729] [rviz2]: OpenGl version: 4.6 (GLSL 4.6)
[rviz2-1] [INFO] [1773167010.516273241] [rviz2]: Stereo is NOT SUPPORTED
[rviz2-1] [INFO] [1773167010.607444691] [rviz2]: Stereo is NOT SUPPORTED
[spawn_drone-5] [INFO] [1773167011.007073348] [spawn_drone]: Result False Entity pushed to spawn queue, but spawn service timed outwaiting for entity to appear in simulation under the name [/drone]
[gzserver-2] [1;32m[Msg] [0m[1;32mWaiting for master.[0m[1;32m
[gzserver-2] [0m[1;32m[0m[1;32m[0m[1;32m[Msg] [0m[1;32mConnected to gazebo master @ [0m[1;32mhttp://127.0.0.1:11345[0m[1;32m
[gzserver-2] [0m[1;32m[0m[1;32m[0m[1;32m[Msg] [0m[1;32mPublicized address: [0m[1;32m192.168.0.11[0m[1;32m
[gzserver-2] [0m[1;32m[0m[1;32m[0m[1;32m[Msg] [0m[1;32mLoading world file [[0m[1;32m/home/j/INCSL/IICC26_ws/install/sjtu_drone_description/share/sjtu_drone_description/worlds/landingPad.world[0m[1;32m][0m[1;32m
[gzserver-2] [0m[1;32m[0m[1;32m[0m[1;36m[Dbg] [wind_plugin.cpp:96] [0m[1;36mWindPlugin loaded: speed=[0m[1;36m0[0m[1;36m dir=[0m[1;36m0[0m[1;36m deg area=[0m[1;36m0.1[0m[1;36m coeff=[0m[1;36m1[0m[1;36m
[gzserver-2] [0m[1;33m[0m[1;33m[0m[1;31m[Err] [Sensor.cc:510] [0m[1;31mGet noise index not valid[0m[1;31m
[gzserver-2] [0m[1;31m[0m[1;31m[0m[1;31m[Err] [Sensor.cc:510] [0m[1;31mGet noise index not valid[0m[1;31m
[gzserver-2] [0m[1;31m[0m[1;31m[0m[1;31m[Err] [Sensor.cc:510] [0m[1;31mGet noise index not valid[0m[1;31m
[gzserver-2] [0m[1;31m[0m[1;31m[0m[1;31m[Err] [Sensor.cc:510] [0m[1;31mGet noise index not valid[0m[1;31m
[gzserver-2] [0m[1;31m[0m[1;31m[0m[1;31m[Err] [Sensor.cc:510] [0m[1;31mGet noise index not valid[0m[1;31m
[gzserver-2] [0m[1;31m[0m[1;31m[0m[1;31m[Err] [Sensor.cc:510] [0m[1;31mGet noise index not valid[0m[1;31m
[gzserver-2] [0m[1;31m[0m[1;31m[0mTopic [default//drone/base_footprint/down_camera/image] is not valid.
[gzserver-2] [INFO] [1773167011.039686757] [drone.collision_plugin]: Publishing contact states to [/drone/bumper_states]
[gzserver-2] Topic [default//drone/base_footprint/front_camera/image] is not valid.
[gzserver-2] [1;33m[Wrn] [Event.cc:61] [0m[1;33mWarning: Deleting a connection right after creation. [0m[1;33mMake sure to save the ConnectionPtr from a Connect call
[INFO] [spawn_drone-5]: process has finished cleanly [pid 3634868]
[gzserver-2] [0m[INFO] [1773167011.628782495] [drone.camera_bottom]: Publishing camera info to [/drone/bottom/camera_info]
[gzserver-2] [INFO] [1773167011.631630814] [drone.camera_front]: Publishing camera info to [/drone/front/camera_info]
[gzserver-2] [INFO] [1773167011.753996776] [drone.simple_drone]: The drone plugin is loading!
[gzserver-2] [INFO] [1773167011.754212725] [drone.simple_drone]: pub_odom: 1
[gzserver-2] [INFO] [1773167011.754250491] [drone.simple_drone]: Using following parameters: 
[gzserver-2] 		link_name: base_footprint,
[gzserver-2] 		max_force: 30,
[gzserver-2] 		motion_small_noise: 0,
[gzserver-2] 		motion_drift_noise: 0,
[gzserver-2] 		motion_drift_noise_time: 50,
[gzserver-2] 		takeoff_hover_height: 2.04,
[gzserver-2] 		takeoff_vertical_speed: 0.2
[gzserver-2] [INFO] [1773167011.765859217] [drone.simple_drone]: Using the PID parameters: 
[gzserver-2] 	Roll Pitch:
[gzserver-2] 		kP: 10, kI: 0,kD: 5, Limit: 0.5, Time Constant: 0
[gzserver-2] 	Yaw:
[gzserver-2] 		kP: 2, kI: 0,kD: 1, Limit: 1.5, Time Constant: 0
[gzserver-2] 	Velocity X:
[gzserver-2] 		kP: 5, kI: 0,kD: 2.3, Limit: 2, Time Constant: 0
[gzserver-2] 	Velocity Y:
[gzserver-2] 		kP: 5, kI: 0,kD: 2.3, Limit: 2, Time Constant: 0
[gzserver-2] 	Velocity Z:
[gzserver-2] 		kP: 5, kI: 0,kD: 1, Limit: -1, Time Constant: 0
[gzserver-2] 	Position XY:
[gzserver-2] 		kP: 1.1, kI: 0,kD: 0, Limit: 5, Time Constant: 0
[gzserver-2] 	Position Z:
[gzserver-2] 		kP: 1, kI: 0,kD: 0.2, Limit: -1, Time Constant: 0
[gzserver-2] [INFO] [1773167011.765988928] [drone.simple_drone]: The drone plugin finished loading!
[gzserver-2] [INFO] [1773167019.052562395] [gazebo_wind_plugin_node]: WindPlugin: set wind_speed=0.00 wind_direction=0.0
[gzserver-2] [INFO] [1773167019.324255692] [gazebo_wind_plugin_node]: WindPlugin: set wind_speed=0.00 wind_direction=0.0
[gzserver-2] [INFO] [1773167019.363115353] [drone.simple_drone]: Quadrotor takes off!!
[gzserver-2] [INFO] [1773167019.565605352] [gazebo_wind_plugin_node]: WindPlugin: set wind_speed=0.00 wind_direction=0.0
[gzserver-2] [INFO] [1773167019.805454639] [gazebo_wind_plugin_node]: WindPlugin: set wind_speed=0.00 wind_direction=0.0
[gzserver-2] [INFO] [1773167020.041527572] [gazebo_wind_plugin_node]: WindPlugin: set wind_speed=0.00 wind_direction=0.0
[gzserver-2] [INFO] [1773167020.281233824] [gazebo_wind_plugin_node]: WindPlugin: set wind_speed=0.00 wind_direction=0.0
[gzserver-2] [INFO] [1773167020.520348324] [gazebo_wind_plugin_node]: WindPlugin: set wind_speed=0.00 wind_direction=0.0
[gzserver-2] [INFO] [1773167020.749315918] [gazebo_wind_plugin_node]: WindPlugin: set wind_speed=0.00 wind_direction=0.0
[gzserver-2] [0m[1;36m[Dbg] [wind_plugin.cpp:110] [0m[1;36mWindPlugin: received command -> speed=[0m[1;36m0[0m[1;36m dir=[0m[1;36m0[0m[1;36m
[gzserver-2] [0m[1;36m[Dbg] [wind_plugin.cpp:110] [0m[1;36mWindPlugin: received command -> speed=[0m[1;36m0[0m[1;36m dir=[0m[1;36m0[0m[1;36m
[gzserver-2] [0m[1;36m[Dbg] [wind_plugin.cpp:110] [0m[1;36mWindPlugin: received command -> speed=[0m[1;36m0[0m[1;36m dir=[0m[1;36m0[0m[1;36m
[gzserver-2] [0m[1;36m[Dbg] [wind_plugin.cpp:110] [0m[1;36mWindPlugin: received command -> speed=[0m[1;36m0[0m[1;36m dir=[0m[1;36m0[0m[1;36m
[gzserver-2] [0m[1;36m[Dbg] [wind_plugin.cpp:110] [0m[1;36mWindPlugin: received command -> speed=[0m[1;36m0[0m[1;36m dir=[0m[1;36m0[0m[1;36m
[gzserver-2] [0m[1;36m[Dbg] [wind_plugin.cpp:110] [0m[1;36mWindPlugin: received command -> speed=[0m[1;36m0[0m[1;36m dir=[0m[1;36m0[0m[1;36m
[gzserver-2] [0m[1;36m[Dbg] [wind_plugin.cpp:110] [0m[1;36mWindPlugin: received command -> speed=[0m[1;36m0[0m[1;36m dir=[0m[1;36m0[0m[1;36m
[gzserver-2] [0m[1;36m[Dbg] [wind_plugin.cpp:110] [0m[1;36mWindPlugin: received command -> speed=[0m[1;36m0[0m[1;36m dir=[0m[1;36m0[0m[1;36m
[gzserver-2] [0mEntering flying model!
[gzserver-2] [INFO] [1773167020.989138029] [gazebo_wind_plugin_node]: WindPlugin: set wind_speed=0.00 wind_direction=0.0
[gzserver-2] [INFO] [1773167021.223160513] [gazebo_wind_plugin_node]: WindPlugin: set wind_speed=0.96 wind_direction=-17.7
[gzserver-2] [INFO] [1773167021.464555127] [gazebo_wind_plugin_node]: WindPlugin: set wind_speed=0.96 wind_direction=-17.7
[gzserver-2] [INFO] [1773167021.699255672] [gazebo_wind_plugin_node]: WindPlugin: set wind_speed=0.91 wind_direction=-12.6
[gzserver-2] [INFO] [1773167021.938558258] [gazebo_wind_plugin_node]: WindPlugin: set wind_speed=0.91 wind_direction=-12.6
[gzserver-2] [INFO] [1773167022.178117164] [gazebo_wind_plugin_node]: WindPlugin: set wind_speed=0.91 wind_direction=-12.6
[gzserver-2] [INFO] [1773167022.417587307] [gazebo_wind_plugin_node]: WindPlugin: set wind_speed=0.91 wind_direction=-12.6
[gzserver-2] [INFO] [1773167022.656971010] [gazebo_wind_plugin_node]: WindPlugin: set wind_speed=1.05 wind_direction=-17.5
[gzserver-2] [INFO] [1773167022.890880193] [gazebo_wind_plugin_node]: WindPlugin: set wind_speed=1.05 wind_direction=-17.5
[gzserver-2] [INFO] [1773167023.129961008] [gazebo_wind_plugin_node]: WindPlugin: set wind_speed=1.05 wind_direction=-17.5
[gzserver-2] [INFO] [1773167023.369487657] [gazebo_wind_plugin_node]: WindPlugin: set wind_speed=1.05 wind_direction=-17.5
[gzserver-2] [INFO] [1773167023.609233382] [gazebo_wind_plugin_node]: WindPlugin: set wind_speed=0.95 wind_direction=-17.3
[gzserver-2] [INFO] [1773167023.849749327] [gazebo_wind_plugin_node]: WindPlugin: set wind_speed=0.95 wind_direction=-17.3
[gzserver-2] [INFO] [1773167024.089900654] [gazebo_wind_plugin_node]: WindPlugin: set wind_speed=0.95 wind_direction=-17.3
[gzserver-2] [INFO] [1773167024.329392153] [gazebo_wind_plugin_node]: WindPlugin: set wind_speed=0.95 wind_direction=-17.3
[gzserver-2] [INFO] [1773167024.569232220] [gazebo_wind_plugin_node]: WindPlugin: set wind_speed=0.83 wind_direction=-16.9
[gzserver-2] [INFO] [1773167024.810528240] [gazebo_wind_plugin_node]: WindPlugin: set wind_speed=0.83 wind_direction=-16.9
[gzserver-2] [INFO] [1773167025.050176251] [gazebo_wind_plugin_node]: WindPlugin: set wind_speed=0.83 wind_direction=-16.9
[gzserver-2] [INFO] [1773167025.285191054] [gazebo_wind_plugin_node]: WindPlugin: set wind_speed=0.83 wind_direction=-16.9
[gzserver-2] [INFO] [1773167025.527359797] [gazebo_wind_plugin_node]: WindPlugin: set wind_speed=0.83 wind_direction=-16.9
[gzserver-2] [INFO] [1773167025.560810455] [drone.simple_drone]: Quadrotor lands!!
[gzserver-2] [INFO] [1773167025.762085104] [gazebo_wind_plugin_node]: WindPlugin: set wind_speed=0.78 wind_direction=-15.7
[gzserver-2] [INFO] [1773167026.002453050] [gazebo_wind_plugin_node]: WindPlugin: set wind_speed=0.78 wind_direction=-15.7
[gzserver-2] [INFO] [1773167026.231679415] [gazebo_wind_plugin_node]: WindPlugin: set wind_speed=0.78 wind_direction=-15.7
[gzserver-2] [INFO] [1773167026.471208163] [gazebo_wind_plugin_node]: WindPlugin: set wind_speed=0.78 wind_direction=-15.7
[gzserver-2] [1;36m[Dbg] [wind_plugin.cpp:110] [0m[1;36mWindPlugin: received command -> speed=[0m[1;36m0[0m[1;36m dir=[0m[1;36m0[0m[1;36m
[gzserver-2] [0m[1;36m[Dbg] [wind_plugin.cpp:110] [0m[1;36mWindPlugin: received command -> speed=[0m[1;36m0.961111[0m[1;36m dir=[0m[1;36m-17.6883[0m[1;36m
[gzserver-2] [0m[1;36m[Dbg] [wind_plugin.cpp:110] [0m[1;36mWindPlugin: received command -> speed=[0m[1;36m0.961111[0m[1;36m dir=[0m[1;36m-17.6883[0m[1;36m
[gzserver-2] [0m[1;36m[Dbg] [wind_plugin.cpp:110] [0m[1;36mWindPlugin: received command -> speed=[0m[1;36m0.912306[0m[1;36m dir=[0m[1;36m-12.5922[0m[1;36m
[gzserver-2] [0m[1;36m[Dbg] [wind_plugin.cpp:110] [0m[1;36mWindPlugin: received command -> speed=[0m[1;36m0.912306[0m[1;36m dir=[0m[1;36m-12.5922[0m[1;36m
[gzserver-2] [0m[1;36m[Dbg] [wind_plugin.cpp:110] [0m[1;36mWindPlugin: received command -> speed=[0m[1;36m0.912306[0m[1;36m dir=[0m[1;36m-12.5922[0m[1;36m
[gzserver-2] [0m[1;36m[Dbg] [wind_plugin.cpp:110] [0m[1;36mWindPlugin: received command -> speed=[0m[1;36m0.912306[0m[1;36m dir=[0m[1;36m-12.5922[0m[1;36m
[gzserver-2] [0m[1;36m[Dbg] [wind_plugin.cpp:110] [0m[1;36mWindPlugin: received command -> speed=[0m[1;36m1.04534[0m[1;36m dir=[0m[1;36m-17.4846[0m[1;36m
[gzserver-2] [0m[1;36m[Dbg] [wind_plugin.cpp:110] [0m[1;36mWindPlugin: received command -> speed=[0m[1;36m1.04534[0m[1;36m dir=[0m[1;36m-17.4846[0m[1;36m
[gzserver-2] [0m[1;36m[Dbg] [wind_plugin.cpp:110] [0m[1;36mWindPlugin: received command -> speed=[0m[1;36m1.04534[0m[1;36m dir=[0m[1;36m-17.4846[0m[1;36m
[gzserver-2] [0m[1;36m[Dbg] [wind_plugin.cpp:110] [0m[1;36mWindPlugin: received command -> speed=[0m[1;36m1.04534[0m[1;36m dir=[0m[1;36m-17.4846[0m[1;36m
[gzserver-2] [0m[1;36m[Dbg] [wind_plugin.cpp:110] [0m[1;36mWindPlugin: received command -> speed=[0m[1;36m0.954196[0m[1;36m dir=[0m[1;36m-17.2836[0m[1;36m
[gzserver-2] [0m[1;36m[Dbg] [wind_plugin.cpp:110] [0m[1;36mWindPlugin: received command -> speed=[0m[1;36m0.954196[0m[1;36m dir=[0m[1;36m-17.2836[0m[1;36m
[gzserver-2] [0m[1;36m[Dbg] [wind_plugin.cpp:110] [0m[1;36mWindPlugin: received command -> speed=[0m[1;36m0.954196[0m[1;36m dir=[0m[1;36m-17.2836[0m[1;36m
[gzserver-2] [0m[1;36m[Dbg] [wind_plugin.cpp:110] [0m[1;36mWindPlugin: received command -> speed=[0m[1;36m0.954196[0m[1;36m dir=[0m[1;36m-17.2836[0m[1;36m
[gzserver-2] [0m[1;36m[Dbg] [wind_plugin.cpp:110] [0m[1;36mWindPlugin: received command -> speed=[0m[1;36m0.826808[0m[1;36m dir=[0m[1;36m-16.9324[0m[1;36m
[gzserver-2] [0m[1;36m[Dbg] [wind_plugin.cpp:110] [0m[1;36mWindPlugin: received command -> speed=[0m[1;36m0.826808[0m[1;36m dir=[0m[1;36m-16.9324[0m[1;36m
[gzserver-2] [0m[1;36m[Dbg] [wind_plugin.cpp:110] [0m[1;36mWindPlugin: received command -> speed=[0m[1;36m0.826808[0m[1;36m dir=[0m[1;36m-16.9324[0m[1;36m
[gzserver-2] [0m[1;36m[Dbg] [wind_plugin.cpp:110] [0m[1;36mWindPlugin: received command -> speed=[0m[1;36m0.826808[0m[1;36m dir=[0m[1;36m-16.9324[0m[1;36m
[gzserver-2] [0m[1;36m[Dbg] [wind_plugin.cpp:110] [0m[1;36mWindPlugin: received command -> speed=[0m[1;36m0.826808[0m[1;36m dir=[0m[1;36m-16.9324[0m[1;36m
[gzserver-2] [0m[1;36m[Dbg] [wind_plugin.cpp:110] [0m[1;36mWindPlugin: received command -> speed=[0m[1;36m0.776758[0m[1;36m dir=[0m[1;36m-15.7361[0m[1;36m
[gzserver-2] [0m[1;36m[Dbg] [wind_plugin.cpp:110] [0m[1;36mWindPlugin: received command -> speed=[0m[1;36m0.776758[0m[1;36m dir=[0m[1;36m-15.7361[0m[1;36m
[gzserver-2] [0m[1;36m[Dbg] [wind_plugin.cpp:110] [0m[1;36mWindPlugin: received command -> speed=[0m[1;36m0.776758[0m[1;36m dir=[0m[1;36m-15.7361[0m[1;36m
[gzserver-2] [0m[1;36m[Dbg] [wind_plugin.cpp:110] [0m[1;36mWindPlugin: received command -> speed=[0m[1;36m0.776758[0m[1;36m dir=[0m[1;36m-15.7361[0m[1;36m
[gzserver-2] [0mLanded!
[gzserver-2] [INFO] [1773167026.711017064] [gazebo_wind_plugin_node]: WindPlugin: set wind_speed=1.14 wind_direction=-15.6
[gzserver-2] [INFO] [1773167026.945343739] [gazebo_wind_plugin_node]: WindPlugin: set wind_speed=1.14 wind_direction=-15.6
[gzserver-2] [INFO] [1773167027.184607494] [gazebo_wind_plugin_node]: WindPlugin: set wind_speed=1.14 wind_direction=-15.6
[gzserver-2] [INFO] [1773167027.424082591] [gazebo_wind_plugin_node]: WindPlugin: set wind_speed=1.14 wind_direction=-15.6
[gzserver-2] [INFO] [1773167027.653010218] [gazebo_wind_plugin_node]: WindPlugin: set wind_speed=0.84 wind_direction=-15.8
[gzserver-2] [INFO] [1773167027.888128031] [gazebo_wind_plugin_node]: WindPlugin: set wind_speed=0.84 wind_direction=-15.8
[gzserver-2] [INFO] [1773167028.122539228] [gazebo_wind_plugin_node]: WindPlugin: set wind_speed=0.84 wind_direction=-15.8
[gzserver-2] [INFO] [1773167028.356807566] [gazebo_wind_plugin_node]: WindPlugin: set wind_speed=0.84 wind_direction=-15.8
