[INFO] [launch]: All log files can be found below /home/j/.ros/log/2026-03-10-14-13-33-887148-j-2187103
[INFO] [launch]: Default logging verbosity is set to INFO
[INFO] [launch.user]: [bringup] Apriltag config: camera=/drone/bottom, image=/drone/bottom/image_raw, tags=/drone/bottom/tags, bridge=/landing_tag_state, standalone=true, use_target_id=true, target_id=0
[INFO] [rviz2-1]: process started with pid [2187108]
[INFO] [gzserver-2]: process started with pid [2187110]
[INFO] [robot_state_publisher-3]: process started with pid [2187112]
[INFO] [joint_state_publisher-4]: process started with pid [2187114]
[INFO] [spawn_drone-5]: process started with pid [2187116]
[INFO] [static_transform_publisher-6]: process started with pid [2187118]
[INFO] [joy_node-7]: process started with pid [2187120]
[INFO] [teleop_joystick-8]: process started with pid [2187122]
[INFO] [apriltag_detector_node-9]: process started with pid [2187124]
[INFO] [apriltag_state_bridge-10]: process started with pid [2187126]
[static_transform_publisher-6] [WARN] [1773119614.362403950] []: Old-style arguments are deprecated; see --help for new-style arguments
[static_transform_publisher-6] [INFO] [1773119614.368470038] [static_transform_publisher_iL13079EMmCWD0Jx]: Spinning until stopped - publishing transform
[static_transform_publisher-6] translation: ('0.000000', '0.000000', '0.000000')
[static_transform_publisher-6] rotation: ('0.000000', '0.000000', '0.000000', '1.000000')
[static_transform_publisher-6] from 'world' to '/drone/odom'
[rviz2-1] 
[rviz2-1] (rviz2:2187108): dbind-WARNING **: 14:13:34.387: Couldn't connect to accessibility bus: Failed to connect to socket /root/.cache/at-spi/bus_0: 허가 거부
[robot_state_publisher-3] [INFO] [1773119614.391739604] [drone.robot_state_publisher]: got segment base_footprint
[robot_state_publisher-3] [INFO] [1773119614.391800579] [drone.robot_state_publisher]: got segment base_link
[robot_state_publisher-3] [INFO] [1773119614.391806150] [drone.robot_state_publisher]: got segment bottom_cam_link
[robot_state_publisher-3] [INFO] [1773119614.391809387] [drone.robot_state_publisher]: got segment front_cam_link
[robot_state_publisher-3] [INFO] [1773119614.391812322] [drone.robot_state_publisher]: got segment sonar_link
[apriltag_detector_node-9] [INFO] [1773119614.400279099] [apriltag_detector_node]: tag detector type: umich
[teleop_joystick-8] Traceback (most recent call last):
[teleop_joystick-8]   File "/home/j/INCSL/IICC26_ws/install/sjtu_drone_control/lib/sjtu_drone_control/teleop_joystick", line 33, in <module>
[teleop_joystick-8]     sys.exit(load_entry_point('sjtu_drone_control==0.0.0', 'console_scripts', 'teleop_joystick')())
[teleop_joystick-8]   File "/home/j/INCSL/IICC26_ws/install/sjtu_drone_control/lib/sjtu_drone_control/teleop_joystick", line 22, in importlib_load_entry_point
[teleop_joystick-8]     for entry_point in distribution(dist_name).entry_points
[teleop_joystick-8]   File "/usr/lib/python3.10/importlib/metadata/__init__.py", line 969, in distribution
[teleop_joystick-8]     return Distribution.from_name(distribution_name)
[teleop_joystick-8]   File "/usr/lib/python3.10/importlib/metadata/__init__.py", line 548, in from_name
[teleop_joystick-8]     raise PackageNotFoundError(name)
[teleop_joystick-8] importlib.metadata.PackageNotFoundError: No package metadata was found for sjtu_drone_control
[ERROR] [teleop_joystick-8]: process has died [pid 2187122, exit code 1, cmd '/home/j/INCSL/IICC26_ws/install/sjtu_drone_control/lib/sjtu_drone_control/teleop_joystick --ros-args -r __ns:=/drone'].
[gzserver-2] Gazebo multi-robot simulator, version 11.10.2
[gzserver-2] Copyright (C) 2012 Open Source Robotics Foundation.
[gzserver-2] Released under the Apache 2 License.
[gzserver-2] http://gazebosim.org
[gzserver-2] 
[joint_state_publisher-4] [INFO] [1773119614.616580336] [drone.joint_state_publisher]: Waiting for robot_description to be published on the robot_description topic...
[apriltag_state_bridge-10] [INFO] [1773119614.640004686] [apriltag_state_bridge]: AprilTag bridge started: /drone/bottom/tags -> /landing_tag_state, use_target_id=True, target_id=0
[gzserver-2] [1;33m[Wrn] [gazebo_ros_init.cpp:178] [0m[1;33m
[gzserver-2] #     # ####### ####### ###  #####  #######
[gzserver-2] ##    # #     #    #     #  #     # #
[gzserver-2] # #   # #     #    #     #  #       #
[gzserver-2] #  #  # #     #    #     #  #       #####
[gzserver-2] #   # # #     #    #     #  #       #
[gzserver-2] #    ## #     #    #     #  #     # #
[gzserver-2] #     # #######    #    ###  #####  #######
[gzserver-2] 
[gzserver-2] This version of Gazebo, now called Gazebo classic, reaches end-of-life
[gzserver-2] in January 2025. Users are highly encouraged to migrate to the new Gazebo
[gzserver-2] using our migration guides (https://gazebosim.org/docs/latest/gazebo_classic_migration?utm_source=gazebo_ros_pkgs&utm_medium=cli)
[gzserver-2] 
[gzserver-2] [0m[1;33m
[rviz2-1] [INFO] [1773119615.019646540] [rviz2]: Stereo is NOT SUPPORTED
[rviz2-1] [INFO] [1773119615.019734458] [rviz2]: OpenGl version: 4.6 (GLSL 4.6)
[rviz2-1] [INFO] [1773119615.248417306] [rviz2]: Stereo is NOT SUPPORTED
[rviz2-1] [INFO] [1773119615.336783446] [rviz2]: Stereo is NOT SUPPORTED
[spawn_drone-5] [INFO] [1773119615.822832526] [spawn_drone]: Result False Entity pushed to spawn queue, but spawn service timed outwaiting for entity to appear in simulation under the name [/drone]
[gzserver-2] [1;32m[Msg] [0m[1;32mWaiting for master.[0m[1;32m
[gzserver-2] [0m[1;32m[0m[1;32m[0m[1;32m[Msg] [0m[1;32mConnected to gazebo master @ [0m[1;32mhttp://127.0.0.1:11345[0m[1;32m
[gzserver-2] [0m[1;32m[0m[1;32m[0m[1;32m[Msg] [0m[1;32mPublicized address: [0m[1;32m172.16.52.147[0m[1;32m
[gzserver-2] [0m[1;32m[0m[1;32m[0m[1;32m[Msg] [0m[1;32mLoading world file [[0m[1;32m/home/j/INCSL/IICC26_ws/install/sjtu_drone_description/share/sjtu_drone_description/worlds/landingPad.world[0m[1;32m][0m[1;32m
[gzserver-2] [0m[1;32m[0m[1;32m[0m[1;36m[Dbg] [wind_plugin.cpp:96] [0m[1;36mWindPlugin loaded: speed=[0m[1;36m0[0m[1;36m dir=[0m[1;36m0[0m[1;36m deg area=[0m[1;36m0.1[0m[1;36m coeff=[0m[1;36m1[0m[1;36m
[gzserver-2] [0m[1;33m[0m[1;33m[0m[1;31m[Err] [Sensor.cc:510] [0m[1;31mGet noise index not valid[0m[1;31m
[gzserver-2] [0m[1;31m[0m[1;31m[0m[1;31m[Err] [Sensor.cc:510] [0m[1;31mGet noise index not valid[0m[1;31m
[gzserver-2] [0m[1;31m[0m[1;31m[0m[1;31m[Err] [Sensor.cc:510] [0m[1;31mGet noise index not valid[0m[1;31m
[gzserver-2] [0m[1;31m[0m[1;31m[0m[1;31m[Err] [Sensor.cc:510] [0m[1;31mGet noise index not valid[0m[1;31m
[gzserver-2] [0m[1;31m[0m[1;31m[0m[1;31m[Err] [Sensor.cc:510] [0m[1;31mGet noise index not valid[0m[1;31m
[gzserver-2] [0m[1;31m[0m[1;31m[0m[1;31m[Err] [Sensor.cc:510] [0m[1;31mGet noise index not valid[0m[1;31m
[gzserver-2] [0m[1;31m[0m[1;31m[0mTopic [default//drone/base_footprint/down_camera/image] is not valid.
[gzserver-2] [INFO] [1773119615.854081573] [drone.collision_plugin]: Publishing contact states to [/drone/bumper_states]
[gzserver-2] Topic [default//drone/base_footprint/front_camera/image] is not valid.
[gzserver-2] [1;33m[Wrn] [Event.cc:61] [0m[1;33mWarning: Deleting a connection right after creation. [0m[1;33mMake sure to save the ConnectionPtr from a Connect call
[INFO] [spawn_drone-5]: process has finished cleanly [pid 2187116]
[gzserver-2] [0m[INFO] [1773119616.438716227] [drone.camera_bottom]: Publishing camera info to [/drone/bottom/camera_info]
[gzserver-2] [INFO] [1773119616.441583825] [drone.camera_front]: Publishing camera info to [/drone/front/camera_info]
[gzserver-2] [INFO] [1773119616.563224544] [drone.simple_drone]: The drone plugin is loading!
[gzserver-2] [INFO] [1773119616.563437973] [drone.simple_drone]: pub_odom: 1
[gzserver-2] [INFO] [1773119616.563471270] [drone.simple_drone]: Using following parameters: 
[gzserver-2] 		link_name: base_footprint,
[gzserver-2] 		max_force: 30,
[gzserver-2] 		motion_small_noise: 0,
[gzserver-2] 		motion_drift_noise: 0,
[gzserver-2] 		motion_drift_noise_time: 50,
[gzserver-2] 		takeoff_hover_height: 1.64,
[gzserver-2] 		takeoff_vertical_speed: 0.2
[gzserver-2] [INFO] [1773119616.575061369] [drone.simple_drone]: Using the PID parameters: 
[gzserver-2] 	Roll Pitch:
[gzserver-2] 		kP: 10, kI: 0,kD: 5, Limit: 0.5, Time Constant: 0
[gzserver-2] 	Yaw:
[gzserver-2] 		kP: 2, kI: 0,kD: 1, Limit: 1.5, Time Constant: 0
[gzserver-2] 	Velocity X:
[gzserver-2] 		kP: 5, kI: 0,kD: 2.3, Limit: 2, Time Constant: 0
[gzserver-2] 	Velocity Y:
[gzserver-2] 		kP: 5, kI: 0,kD: 2.3, Limit: 2, Time Constant: 0
[gzserver-2] 	Velocity Z:
[gzserver-2] 		kP: 5, kI: 0,kD: 1, Limit: -1, Time Constant: 0
[gzserver-2] 	Position XY:
[gzserver-2] 		kP: 1.1, kI: 0,kD: 0, Limit: 5, Time Constant: 0
[gzserver-2] 	Position Z:
[gzserver-2] 		kP: 1, kI: 0,kD: 0.2, Limit: -1, Time Constant: 0
[gzserver-2] [INFO] [1773119616.575197927] [drone.simple_drone]: The drone plugin finished loading!
[gzserver-2] [INFO] [1773119623.701420624] [gazebo_wind_plugin_node]: WindPlugin: set wind_speed=0.00 wind_direction=0.0
[gzserver-2] [INFO] [1773119623.961186023] [gazebo_wind_plugin_node]: WindPlugin: set wind_speed=0.00 wind_direction=0.0
[gzserver-2] [INFO] [1773119623.999867029] [drone.simple_drone]: Quadrotor takes off!!
[gzserver-2] [INFO] [1773119624.200977138] [gazebo_wind_plugin_node]: WindPlugin: set wind_speed=0.00 wind_direction=0.0
[gzserver-2] [INFO] [1773119624.440630865] [gazebo_wind_plugin_node]: WindPlugin: set wind_speed=0.00 wind_direction=0.0
[gzserver-2] [INFO] [1773119624.680084612] [gazebo_wind_plugin_node]: WindPlugin: set wind_speed=0.00 wind_direction=0.0
[gzserver-2] [INFO] [1773119624.919779741] [gazebo_wind_plugin_node]: WindPlugin: set wind_speed=0.00 wind_direction=0.0
[gzserver-2] [INFO] [1773119625.158817811] [gazebo_wind_plugin_node]: WindPlugin: set wind_speed=0.00 wind_direction=0.0
[gzserver-2] [0m[1;36m[Dbg] [wind_plugin.cpp:110] [0m[1;36mWindPlugin: received command -> speed=[0m[1;36m0[0m[1;36m dir=[0m[1;36m0[0m[1;36m
[gzserver-2] [0m[1;36m[Dbg] [wind_plugin.cpp:110] [0m[1;36mWindPlugin: received command -> speed=[0m[1;36m0[0m[1;36m dir=[0m[1;36m0[0m[1;36m
[gzserver-2] [0m[1;36m[Dbg] [wind_plugin.cpp:110] [0m[1;36mWindPlugin: received command -> speed=[0m[1;36m0[0m[1;36m dir=[0m[1;36m0[0m[1;36m
[gzserver-2] [0m[1;36m[Dbg] [wind_plugin.cpp:110] [0m[1;36mWindPlugin: received command -> speed=[0m[1;36m0[0m[1;36m dir=[0m[1;36m0[0m[1;36m
[gzserver-2] [0m[1;36m[Dbg] [wind_plugin.cpp:110] [0m[1;36mWindPlugin: received command -> speed=[0m[1;36m0[0m[1;36m dir=[0m[1;36m0[0m[1;36m
[gzserver-2] [0m[1;36m[Dbg] [wind_plugin.cpp:110] [0m[1;36mWindPlugin: received command -> speed=[0m[1;36m0[0m[1;36m dir=[0m[1;36m0[0m[1;36m
[gzserver-2] [0m[1;36m[Dbg] [wind_plugin.cpp:110] [0m[1;36mWindPlugin: received command -> speed=[0m[1;36m0[0m[1;36m dir=[0m[1;36m0[0m[1;36m
[gzserver-2] [0mEntering flying model!
[gzserver-2] [INFO] [1773119625.398514033] [gazebo_wind_plugin_node]: WindPlugin: set wind_speed=0.00 wind_direction=0.0
[gzserver-2] [INFO] [1773119625.638239084] [gazebo_wind_plugin_node]: WindPlugin: set wind_speed=2.98 wind_direction=-121.5
[gzserver-2] [INFO] [1773119625.872627369] [gazebo_wind_plugin_node]: WindPlugin: set wind_speed=2.98 wind_direction=-121.5
[gzserver-2] [INFO] [1773119626.106835611] [gazebo_wind_plugin_node]: WindPlugin: set wind_speed=2.98 wind_direction=-121.5
[gzserver-2] [INFO] [1773119626.347152164] [gazebo_wind_plugin_node]: WindPlugin: set wind_speed=2.94 wind_direction=-121.8
[gzserver-2] [INFO] [1773119626.587001552] [gazebo_wind_plugin_node]: WindPlugin: set wind_speed=2.94 wind_direction=-121.8
[gzserver-2] [INFO] [1773119626.825303403] [gazebo_wind_plugin_node]: WindPlugin: set wind_speed=2.94 wind_direction=-121.8
[gzserver-2] [INFO] [1773119627.064539039] [gazebo_wind_plugin_node]: WindPlugin: set wind_speed=2.94 wind_direction=-121.8
[gzserver-2] [INFO] [1773119627.298480627] [gazebo_wind_plugin_node]: WindPlugin: set wind_speed=3.01 wind_direction=-122.1
[gzserver-2] [INFO] [1773119627.538124932] [gazebo_wind_plugin_node]: WindPlugin: set wind_speed=3.01 wind_direction=-122.1
[gzserver-2] [INFO] [1773119627.777494398] [gazebo_wind_plugin_node]: WindPlugin: set wind_speed=3.01 wind_direction=-122.1
[gzserver-2] [INFO] [1773119628.011864173] [gazebo_wind_plugin_node]: WindPlugin: set wind_speed=3.01 wind_direction=-122.1
[gzserver-2] [INFO] [1773119628.246140285] [gazebo_wind_plugin_node]: WindPlugin: set wind_speed=3.07 wind_direction=-119.1
[gzserver-2] [INFO] [1773119628.486954282] [gazebo_wind_plugin_node]: WindPlugin: set wind_speed=3.07 wind_direction=-119.1
[gzserver-2] [INFO] [1773119628.721614852] [gazebo_wind_plugin_node]: WindPlugin: set wind_speed=3.07 wind_direction=-119.1
[gzserver-2] [INFO] [1773119628.958635135] [gazebo_wind_plugin_node]: WindPlugin: set wind_speed=3.07 wind_direction=-119.1
[gzserver-2] [INFO] [1773119629.200547288] [gazebo_wind_plugin_node]: WindPlugin: set wind_speed=3.07 wind_direction=-119.1
[gzserver-2] [INFO] [1773119629.232135916] [drone.simple_drone]: Quadrotor lands!!
[gzserver-2] [INFO] [1773119629.433876665] [gazebo_wind_plugin_node]: WindPlugin: set wind_speed=3.07 wind_direction=-122.1
[gzserver-2] [INFO] [1773119629.674633912] [gazebo_wind_plugin_node]: WindPlugin: set wind_speed=3.07 wind_direction=-122.1
[gzserver-2] [INFO] [1773119629.914175222] [gazebo_wind_plugin_node]: WindPlugin: set wind_speed=3.07 wind_direction=-122.1
[gzserver-2] [INFO] [1773119630.153953544] [gazebo_wind_plugin_node]: WindPlugin: set wind_speed=3.07 wind_direction=-122.1
[gzserver-2] [1;36m[Dbg] [wind_plugin.cpp:110] [0m[1;36mWindPlugin: received command -> speed=[0m[1;36m0[0m[1;36m dir=[0m[1;36m0[0m[1;36m
[gzserver-2] [0m[1;36m[Dbg] [wind_plugin.cpp:110] [0m[1;36mWindPlugin: received command -> speed=[0m[1;36m2.97654[0m[1;36m dir=[0m[1;36m-121.458[0m[1;36m
[gzserver-2] [0m[1;36m[Dbg] [wind_plugin.cpp:110] [0m[1;36mWindPlugin: received command -> speed=[0m[1;36m2.97654[0m[1;36m dir=[0m[1;36m-121.458[0m[1;36m
[gzserver-2] [0m[1;36m[Dbg] [wind_plugin.cpp:110] [0m[1;36mWindPlugin: received command -> speed=[0m[1;36m2.97654[0m[1;36m dir=[0m[1;36m-121.458[0m[1;36m
[gzserver-2] [0m[1;36m[Dbg] [wind_plugin.cpp:110] [0m[1;36mWindPlugin: received command -> speed=[0m[1;36m2.9377[0m[1;36m dir=[0m[1;36m-121.847[0m[1;36m
[gzserver-2] [0m[1;36m[Dbg] [wind_plugin.cpp:110] [0m[1;36mWindPlugin: received command -> speed=[0m[1;36m2.9377[0m[1;36m dir=[0m[1;36m-121.847[0m[1;36m
[gzserver-2] [0m[1;36m[Dbg] [wind_plugin.cpp:110] [0m[1;36mWindPlugin: received command -> speed=[0m[1;36m2.9377[0m[1;36m dir=[0m[1;36m-121.847[0m[1;36m
[gzserver-2] [0m[1;36m[Dbg] [wind_plugin.cpp:110] [0m[1;36mWindPlugin: received command -> speed=[0m[1;36m2.9377[0m[1;36m dir=[0m[1;36m-121.847[0m[1;36m
[gzserver-2] [0m[1;36m[Dbg] [wind_plugin.cpp:110] [0m[1;36mWindPlugin: received command -> speed=[0m[1;36m3.01382[0m[1;36m dir=[0m[1;36m-122.139[0m[1;36m
[gzserver-2] [0m[1;36m[Dbg] [wind_plugin.cpp:110] [0m[1;36mWindPlugin: received command -> speed=[0m[1;36m3.01382[0m[1;36m dir=[0m[1;36m-122.139[0m[1;36m
[gzserver-2] [0m[1;36m[Dbg] [wind_plugin.cpp:110] [0m[1;36mWindPlugin: received command -> speed=[0m[1;36m3.01382[0m[1;36m dir=[0m[1;36m-122.139[0m[1;36m
[gzserver-2] [0m[1;36m[Dbg] [wind_plugin.cpp:110] [0m[1;36mWindPlugin: received command -> speed=[0m[1;36m3.01382[0m[1;36m dir=[0m[1;36m-122.139[0m[1;36m
[gzserver-2] [0m[1;36m[Dbg] [wind_plugin.cpp:110] [0m[1;36mWindPlugin: received command -> speed=[0m[1;36m3.0728[0m[1;36m dir=[0m[1;36m-119.103[0m[1;36m
[gzserver-2] [0m[1;36m[Dbg] [wind_plugin.cpp:110] [0m[1;36mWindPlugin: received command -> speed=[0m[1;36m3.0728[0m[1;36m dir=[0m[1;36m-119.103[0m[1;36m
[gzserver-2] [0m[1;36m[Dbg] [wind_plugin.cpp:110] [0m[1;36mWindPlugin: received command -> speed=[0m[1;36m3.0728[0m[1;36m dir=[0m[1;36m-119.103[0m[1;36m
[gzserver-2] [0m[1;36m[Dbg] [wind_plugin.cpp:110] [0m[1;36mWindPlugin: received command -> speed=[0m[1;36m3.0728[0m[1;36m dir=[0m[1;36m-119.103[0m[1;36m
[gzserver-2] [0m[1;36m[Dbg] [wind_plugin.cpp:110] [0m[1;36mWindPlugin: received command -> speed=[0m[1;36m3.0728[0m[1;36m dir=[0m[1;36m-119.103[0m[1;36m
[gzserver-2] [0m[1;36m[Dbg] [wind_plugin.cpp:110] [0m[1;36mWindPlugin: received command -> speed=[0m[1;36m3.07408[0m[1;36m dir=[0m[1;36m-122.053[0m[1;36m
[gzserver-2] [0m[1;36m[Dbg] [wind_plugin.cpp:110] [0m[1;36mWindPlugin: received command -> speed=[0m[1;36m3.07408[0m[1;36m dir=[0m[1;36m-122.053[0m[1;36m
[gzserver-2] [0m[1;36m[Dbg] [wind_plugin.cpp:110] [0m[1;36mWindPlugin: received command -> speed=[0m[1;36m3.07408[0m[1;36m dir=[0m[1;36m-122.053[0m[1;36m
[gzserver-2] [0m[1;36m[Dbg] [wind_plugin.cpp:110] [0m[1;36mWindPlugin: received command -> speed=[0m[1;36m3.07408[0m[1;36m dir=[0m[1;36m-122.053[0m[1;36m
[gzserver-2] [0mLanded!
[gzserver-2] [INFO] [1773119630.393786077] [gazebo_wind_plugin_node]: WindPlugin: set wind_speed=3.08 wind_direction=-123.4
[gzserver-2] [INFO] [1773119630.632813991] [gazebo_wind_plugin_node]: WindPlugin: set wind_speed=3.08 wind_direction=-123.4
[gzserver-2] [INFO] [1773119630.872042599] [gazebo_wind_plugin_node]: WindPlugin: set wind_speed=3.08 wind_direction=-123.4
[gzserver-2] [INFO] [1773119631.106023692] [gazebo_wind_plugin_node]: WindPlugin: set wind_speed=3.08 wind_direction=-123.4
[gzserver-2] [INFO] [1773119631.342228080] [gazebo_wind_plugin_node]: WindPlugin: set wind_speed=2.97 wind_direction=-124.7
[gzserver-2] [INFO] [1773119631.581808931] [gazebo_wind_plugin_node]: WindPlugin: set wind_speed=2.97 wind_direction=-124.7
[gzserver-2] [INFO] [1773119631.816903513] [gazebo_wind_plugin_node]: WindPlugin: set wind_speed=2.97 wind_direction=-124.7
[gzserver-2] [INFO] [1773119632.046798941] [gazebo_wind_plugin_node]: WindPlugin: set wind_speed=2.97 wind_direction=-124.7
