[INFO] [launch]: All log files can be found below /home/j/.ros/log/2026-03-11-06-08-38-764206-j-1012495
[INFO] [launch]: Default logging verbosity is set to INFO
[INFO] [launch.user]: [bringup] Apriltag config: camera=/drone/bottom, image=/drone/bottom/image_raw, tags=/drone/bottom/tags, bridge=/landing_tag_state, standalone=true, use_target_id=true, target_id=0
[INFO] [rviz2-1]: process started with pid [1012498]
[INFO] [gzserver-2]: process started with pid [1012500]
[INFO] [robot_state_publisher-3]: process started with pid [1012502]
[INFO] [joint_state_publisher-4]: process started with pid [1012504]
[INFO] [spawn_drone-5]: process started with pid [1012506]
[INFO] [static_transform_publisher-6]: process started with pid [1012508]
[INFO] [joy_node-7]: process started with pid [1012510]
[INFO] [teleop_joystick-8]: process started with pid [1012512]
[INFO] [apriltag_detector_node-9]: process started with pid [1012514]
[INFO] [apriltag_state_bridge-10]: process started with pid [1012517]
[static_transform_publisher-6] [WARN] [1773176919.234253386] []: Old-style arguments are deprecated; see --help for new-style arguments
[static_transform_publisher-6] [INFO] [1773176919.242313832] [static_transform_publisher_Gjt2L49muRhzkuoD]: Spinning until stopped - publishing transform
[static_transform_publisher-6] translation: ('0.000000', '0.000000', '0.000000')
[static_transform_publisher-6] rotation: ('0.000000', '0.000000', '0.000000', '1.000000')
[static_transform_publisher-6] from 'world' to '/drone/odom'
[robot_state_publisher-3] [INFO] [1773176919.259215191] [drone.robot_state_publisher]: got segment base_footprint
[robot_state_publisher-3] [INFO] [1773176919.259280656] [drone.robot_state_publisher]: got segment base_link
[robot_state_publisher-3] [INFO] [1773176919.259286369] [drone.robot_state_publisher]: got segment bottom_cam_link
[robot_state_publisher-3] [INFO] [1773176919.259289314] [drone.robot_state_publisher]: got segment front_cam_link
[robot_state_publisher-3] [INFO] [1773176919.259291975] [drone.robot_state_publisher]: got segment sonar_link
[rviz2-1] 
[rviz2-1] (rviz2:1012498): dbind-WARNING **: 06:08:39.267: Couldn't connect to accessibility bus: Failed to connect to socket /root/.cache/at-spi/bus_0: 허가 거부
[apriltag_detector_node-9] [INFO] [1773176919.283919161] [apriltag_detector_node]: tag detector type: umich
[teleop_joystick-8] Traceback (most recent call last):
[teleop_joystick-8]   File "/home/j/INCSL/IICC26_ws/install/sjtu_drone_control/lib/sjtu_drone_control/teleop_joystick", line 33, in <module>
[teleop_joystick-8]     sys.exit(load_entry_point('sjtu_drone_control==0.0.0', 'console_scripts', 'teleop_joystick')())
[teleop_joystick-8]   File "/home/j/INCSL/IICC26_ws/install/sjtu_drone_control/lib/sjtu_drone_control/teleop_joystick", line 22, in importlib_load_entry_point
[teleop_joystick-8]     for entry_point in distribution(dist_name).entry_points
[teleop_joystick-8]   File "/usr/lib/python3.10/importlib/metadata/__init__.py", line 969, in distribution
[teleop_joystick-8]     return Distribution.from_name(distribution_name)
[teleop_joystick-8]   File "/usr/lib/python3.10/importlib/metadata/__init__.py", line 548, in from_name
[teleop_joystick-8]     raise PackageNotFoundError(name)
[teleop_joystick-8] importlib.metadata.PackageNotFoundError: No package metadata was found for sjtu_drone_control
[ERROR] [teleop_joystick-8]: process has died [pid 1012512, exit code 1, cmd '/home/j/INCSL/IICC26_ws/install/sjtu_drone_control/lib/sjtu_drone_control/teleop_joystick --ros-args -r __ns:=/drone'].
[gzserver-2] Gazebo multi-robot simulator, version 11.10.2
[gzserver-2] Copyright (C) 2012 Open Source Robotics Foundation.
[gzserver-2] Released under the Apache 2 License.
[gzserver-2] http://gazebosim.org
[gzserver-2] 
[apriltag_state_bridge-10] [INFO] [1773176919.521708775] [apriltag_state_bridge]: AprilTag bridge started: /drone/bottom/tags -> /landing_tag_state, use_target_id=True, target_id=0
[joint_state_publisher-4] [INFO] [1773176919.528133879] [drone.joint_state_publisher]: Waiting for robot_description to be published on the robot_description topic...
[gzserver-2] [1;33m[Wrn] [gazebo_ros_init.cpp:178] [0m[1;33m
[gzserver-2] #     # ####### ####### ###  #####  #######
[gzserver-2] ##    # #     #    #     #  #     # #
[gzserver-2] # #   # #     #    #     #  #       #
[gzserver-2] #  #  # #     #    #     #  #       #####
[gzserver-2] #   # # #     #    #     #  #       #
[gzserver-2] #    ## #     #    #     #  #     # #
[gzserver-2] #     # #######    #    ###  #####  #######
[gzserver-2] 
[gzserver-2] This version of Gazebo, now called Gazebo classic, reaches end-of-life
[gzserver-2] in January 2025. Users are highly encouraged to migrate to the new Gazebo
[gzserver-2] using our migration guides (https://gazebosim.org/docs/latest/gazebo_classic_migration?utm_source=gazebo_ros_pkgs&utm_medium=cli)
[gzserver-2] 
[gzserver-2] [0m[1;33m
[rviz2-1] [INFO] [1773176919.688683299] [rviz2]: Stereo is NOT SUPPORTED
[rviz2-1] [INFO] [1773176919.688779232] [rviz2]: OpenGl version: 4.6 (GLSL 4.6)
[rviz2-1] [INFO] [1773176919.842162192] [rviz2]: Stereo is NOT SUPPORTED
[rviz2-1] [INFO] [1773176919.965910671] [rviz2]: Stereo is NOT SUPPORTED
[spawn_drone-5] [INFO] [1773176920.560216745] [spawn_drone]: Result False Entity pushed to spawn queue, but spawn service timed outwaiting for entity to appear in simulation under the name [/drone]
[gzserver-2] [1;32m[Msg] [0m[1;32mWaiting for master.[0m[1;32m
[gzserver-2] [0m[1;32m[0m[1;32m[0m[1;32m[Msg] [0m[1;32mConnected to gazebo master @ [0m[1;32mhttp://127.0.0.1:11345[0m[1;32m
[gzserver-2] [0m[1;32m[0m[1;32m[0m[1;32m[Msg] [0m[1;32mPublicized address: [0m[1;32m192.168.0.11[0m[1;32m
[gzserver-2] [0m[1;32m[0m[1;32m[0m[1;32m[Msg] [0m[1;32mLoading world file [[0m[1;32m/home/j/INCSL/IICC26_ws/install/sjtu_drone_description/share/sjtu_drone_description/worlds/landingPad.world[0m[1;32m][0m[1;32m
[gzserver-2] [0m[1;32m[0m[1;32m[0m[1;36m[Dbg] [wind_plugin.cpp:96] [0m[1;36mWindPlugin loaded: speed=[0m[1;36m0[0m[1;36m dir=[0m[1;36m0[0m[1;36m deg area=[0m[1;36m0.1[0m[1;36m coeff=[0m[1;36m1[0m[1;36m
[gzserver-2] [0m[1;33m[0m[1;33m[0m[1;31m[Err] [Sensor.cc:510] [0m[1;31mGet noise index not valid[0m[1;31m
[gzserver-2] [0m[1;31m[0m[1;31m[0m[1;31m[Err] [Sensor.cc:510] [0m[1;31mGet noise index not valid[0m[1;31m
[gzserver-2] [0m[1;31m[0m[1;31m[0m[1;31m[Err] [Sensor.cc:510] [0m[1;31mGet noise index not valid[0m[1;31m
[gzserver-2] [0m[1;31m[0m[1;31m[0m[1;31m[Err] [Sensor.cc:510] [0m[1;31mGet noise index not valid[0m[1;31m
[gzserver-2] [0m[1;31m[0m[1;31m[0m[1;31m[Err] [Sensor.cc:510] [0m[1;31mGet noise index not valid[0m[1;31m
[gzserver-2] [0m[1;31m[0m[1;31m[0m[1;31m[Err] [Sensor.cc:510] [0m[1;31mGet noise index not valid[0m[1;31m
[gzserver-2] [0m[1;31m[0m[1;31m[0mTopic [default//drone/base_footprint/down_camera/image] is not valid.
[gzserver-2] [INFO] [1773176920.591620994] [drone.collision_plugin]: Publishing contact states to [/drone/bumper_states]
[gzserver-2] Topic [default//drone/base_footprint/front_camera/image] is not valid.
[gzserver-2] [1;33m[Wrn] [Event.cc:61] [0m[1;33mWarning: Deleting a connection right after creation. [0m[1;33mMake sure to save the ConnectionPtr from a Connect call
[INFO] [spawn_drone-5]: process has finished cleanly [pid 1012506]
[gzserver-2] [0m[INFO] [1773176921.171160306] [drone.camera_bottom]: Publishing camera info to [/drone/bottom/camera_info]
[gzserver-2] [INFO] [1773176921.173921347] [drone.camera_front]: Publishing camera info to [/drone/front/camera_info]
[gzserver-2] [INFO] [1773176921.296570480] [drone.simple_drone]: The drone plugin is loading!
[gzserver-2] [INFO] [1773176921.296771458] [drone.simple_drone]: pub_odom: 1
[gzserver-2] [INFO] [1773176921.296805035] [drone.simple_drone]: Using following parameters: 
[gzserver-2] 		link_name: base_footprint,
[gzserver-2] 		max_force: 30,
[gzserver-2] 		motion_small_noise: 0,
[gzserver-2] 		motion_drift_noise: 0,
[gzserver-2] 		motion_drift_noise_time: 50,
[gzserver-2] 		takeoff_hover_height: 2.47,
[gzserver-2] 		takeoff_vertical_speed: 0.2
[gzserver-2] [INFO] [1773176921.308945287] [drone.simple_drone]: Using the PID parameters: 
[gzserver-2] 	Roll Pitch:
[gzserver-2] 		kP: 10, kI: 0,kD: 5, Limit: 0.5, Time Constant: 0
[gzserver-2] 	Yaw:
[gzserver-2] 		kP: 2, kI: 0,kD: 1, Limit: 1.5, Time Constant: 0
[gzserver-2] 	Velocity X:
[gzserver-2] 		kP: 5, kI: 0,kD: 2.3, Limit: 2, Time Constant: 0
[gzserver-2] 	Velocity Y:
[gzserver-2] 		kP: 5, kI: 0,kD: 2.3, Limit: 2, Time Constant: 0
[gzserver-2] 	Velocity Z:
[gzserver-2] 		kP: 5, kI: 0,kD: 1, Limit: -1, Time Constant: 0
[gzserver-2] 	Position XY:
[gzserver-2] 		kP: 1.1, kI: 0,kD: 0, Limit: 5, Time Constant: 0
[gzserver-2] 	Position Z:
[gzserver-2] 		kP: 1, kI: 0,kD: 0.2, Limit: -1, Time Constant: 0
[gzserver-2] [INFO] [1773176921.309078136] [drone.simple_drone]: The drone plugin finished loading!
[gzserver-2] [INFO] [1773176928.610339647] [gazebo_wind_plugin_node]: WindPlugin: set wind_speed=0.00 wind_direction=0.0
[gzserver-2] [INFO] [1773176928.882538946] [gazebo_wind_plugin_node]: WindPlugin: set wind_speed=0.00 wind_direction=0.0
[gzserver-2] [INFO] [1773176928.920739335] [drone.simple_drone]: Quadrotor takes off!!
[gzserver-2] [INFO] [1773176929.122013790] [gazebo_wind_plugin_node]: WindPlugin: set wind_speed=0.00 wind_direction=0.0
[gzserver-2] [INFO] [1773176929.355174027] [gazebo_wind_plugin_node]: WindPlugin: set wind_speed=0.00 wind_direction=0.0
[gzserver-2] [INFO] [1773176929.595030953] [gazebo_wind_plugin_node]: WindPlugin: set wind_speed=0.00 wind_direction=0.0
[gzserver-2] [INFO] [1773176929.830054994] [gazebo_wind_plugin_node]: WindPlugin: set wind_speed=0.00 wind_direction=0.0
[gzserver-2] [INFO] [1773176930.060068261] [gazebo_wind_plugin_node]: WindPlugin: set wind_speed=0.00 wind_direction=0.0
[gzserver-2] [INFO] [1773176930.294361823] [gazebo_wind_plugin_node]: WindPlugin: set wind_speed=0.00 wind_direction=0.0
[gzserver-2] [INFO] [1773176930.533982545] [gazebo_wind_plugin_node]: WindPlugin: set wind_speed=0.00 wind_direction=0.0
[gzserver-2] [INFO] [1773176930.773647600] [gazebo_wind_plugin_node]: WindPlugin: set wind_speed=0.00 wind_direction=0.0
[gzserver-2] [0m[1;36m[Dbg] [wind_plugin.cpp:110] [0m[1;36mWindPlugin: received command -> speed=[0m[1;36m0[0m[1;36m dir=[0m[1;36m0[0m[1;36m
[gzserver-2] [0m[1;36m[Dbg] [wind_plugin.cpp:110] [0m[1;36mWindPlugin: received command -> speed=[0m[1;36m0[0m[1;36m dir=[0m[1;36m0[0m[1;36m
[gzserver-2] [0m[1;36m[Dbg] [wind_plugin.cpp:110] [0m[1;36mWindPlugin: received command -> speed=[0m[1;36m0[0m[1;36m dir=[0m[1;36m0[0m[1;36m
[gzserver-2] [0m[1;36m[Dbg] [wind_plugin.cpp:110] [0m[1;36mWindPlugin: received command -> speed=[0m[1;36m0[0m[1;36m dir=[0m[1;36m0[0m[1;36m
[gzserver-2] [0m[1;36m[Dbg] [wind_plugin.cpp:110] [0m[1;36mWindPlugin: received command -> speed=[0m[1;36m0[0m[1;36m dir=[0m[1;36m0[0m[1;36m
[gzserver-2] [0m[1;36m[Dbg] [wind_plugin.cpp:110] [0m[1;36mWindPlugin: received command -> speed=[0m[1;36m0[0m[1;36m dir=[0m[1;36m0[0m[1;36m
[gzserver-2] [0m[1;36m[Dbg] [wind_plugin.cpp:110] [0m[1;36mWindPlugin: received command -> speed=[0m[1;36m0[0m[1;36m dir=[0m[1;36m0[0m[1;36m
[gzserver-2] [0m[1;36m[Dbg] [wind_plugin.cpp:110] [0m[1;36mWindPlugin: received command -> speed=[0m[1;36m0[0m[1;36m dir=[0m[1;36m0[0m[1;36m
[gzserver-2] [0m[1;36m[Dbg] [wind_plugin.cpp:110] [0m[1;36mWindPlugin: received command -> speed=[0m[1;36m0[0m[1;36m dir=[0m[1;36m0[0m[1;36m
[gzserver-2] [0m[1;36m[Dbg] [wind_plugin.cpp:110] [0m[1;36mWindPlugin: received command -> speed=[0m[1;36m0[0m[1;36m dir=[0m[1;36m0[0m[1;36m
[gzserver-2] [0mEntering flying model!
[gzserver-2] [INFO] [1773176931.012869384] [gazebo_wind_plugin_node]: WindPlugin: set wind_speed=0.00 wind_direction=0.0
[gzserver-2] [INFO] [1773176931.252357262] [gazebo_wind_plugin_node]: WindPlugin: set wind_speed=0.93 wind_direction=-83.0
[gzserver-2] [INFO] [1773176931.491760609] [gazebo_wind_plugin_node]: WindPlugin: set wind_speed=0.93 wind_direction=-83.0
[gzserver-2] [INFO] [1773176931.732315583] [gazebo_wind_plugin_node]: WindPlugin: set wind_speed=0.93 wind_direction=-83.0
[gzserver-2] [INFO] [1773176931.968483151] [gazebo_wind_plugin_node]: WindPlugin: set wind_speed=0.93 wind_direction=-83.0
[gzserver-2] [INFO] [1773176932.202699377] [gazebo_wind_plugin_node]: WindPlugin: set wind_speed=0.77 wind_direction=-79.9
[gzserver-2] [INFO] [1773176932.431499939] [gazebo_wind_plugin_node]: WindPlugin: set wind_speed=0.77 wind_direction=-79.9
[gzserver-2] [INFO] [1773176932.672056769] [gazebo_wind_plugin_node]: WindPlugin: set wind_speed=0.77 wind_direction=-79.9
[gzserver-2] [INFO] [1773176932.901984591] [gazebo_wind_plugin_node]: WindPlugin: set wind_speed=0.77 wind_direction=-79.9
[gzserver-2] [INFO] [1773176933.141693601] [gazebo_wind_plugin_node]: WindPlugin: set wind_speed=0.75 wind_direction=-84.9
[gzserver-2] [INFO] [1773176933.375698927] [gazebo_wind_plugin_node]: WindPlugin: set wind_speed=0.75 wind_direction=-84.9
[gzserver-2] [INFO] [1773176933.615146938] [gazebo_wind_plugin_node]: WindPlugin: set wind_speed=0.75 wind_direction=-84.9
[gzserver-2] [INFO] [1773176933.854595697] [gazebo_wind_plugin_node]: WindPlugin: set wind_speed=0.75 wind_direction=-84.9
[gzserver-2] [INFO] [1773176934.093941609] [gazebo_wind_plugin_node]: WindPlugin: set wind_speed=0.75 wind_direction=-84.9
[gzserver-2] [INFO] [1773176934.333397230] [gazebo_wind_plugin_node]: WindPlugin: set wind_speed=0.83 wind_direction=-83.4
[gzserver-2] [INFO] [1773176934.368433371] [drone.simple_drone]: Quadrotor lands!!
[gzserver-2] [INFO] [1773176934.570961056] [gazebo_wind_plugin_node]: WindPlugin: set wind_speed=0.83 wind_direction=-83.4
[gzserver-2] [INFO] [1773176934.816535266] [gazebo_wind_plugin_node]: WindPlugin: set wind_speed=0.83 wind_direction=-83.4
[gzserver-2] [INFO] [1773176935.051603424] [gazebo_wind_plugin_node]: WindPlugin: set wind_speed=0.83 wind_direction=-83.4
[gzserver-2] [INFO] [1773176935.295227059] [gazebo_wind_plugin_node]: WindPlugin: set wind_speed=0.68 wind_direction=-82.8
[gzserver-2] [1;36m[Dbg] [wind_plugin.cpp:110] [0m[1;36mWindPlugin: received command -> speed=[0m[1;36m0[0m[1;36m dir=[0m[1;36m0[0m[1;36m
[gzserver-2] [0m[1;36m[Dbg] [wind_plugin.cpp:110] [0m[1;36mWindPlugin: received command -> speed=[0m[1;36m0.928245[0m[1;36m dir=[0m[1;36m-82.9984[0m[1;36m
[gzserver-2] [0m[1;36m[Dbg] [wind_plugin.cpp:110] [0m[1;36mWindPlugin: received command -> speed=[0m[1;36m0.928245[0m[1;36m dir=[0m[1;36m-82.9984[0m[1;36m
[gzserver-2] [0m[1;36m[Dbg] [wind_plugin.cpp:110] [0m[1;36mWindPlugin: received command -> speed=[0m[1;36m0.928245[0m[1;36m dir=[0m[1;36m-82.9984[0m[1;36m
[gzserver-2] [0m[1;36m[Dbg] [wind_plugin.cpp:110] [0m[1;36mWindPlugin: received command -> speed=[0m[1;36m0.928245[0m[1;36m dir=[0m[1;36m-82.9984[0m[1;36m
[gzserver-2] [0m[1;36m[Dbg] [wind_plugin.cpp:110] [0m[1;36mWindPlugin: received command -> speed=[0m[1;36m0.767666[0m[1;36m dir=[0m[1;36m-79.8607[0m[1;36m
[gzserver-2] [0m[1;36m[Dbg] [wind_plugin.cpp:110] [0m[1;36mWindPlugin: received command -> speed=[0m[1;36m0.767666[0m[1;36m dir=[0m[1;36m-79.8607[0m[1;36m
[gzserver-2] [0m[1;36m[Dbg] [wind_plugin.cpp:110] [0m[1;36mWindPlugin: received command -> speed=[0m[1;36m0.767666[0m[1;36m dir=[0m[1;36m-79.8607[0m[1;36m
[gzserver-2] [0m[1;36m[Dbg] [wind_plugin.cpp:110] [0m[1;36mWindPlugin: received command -> speed=[0m[1;36m0.767666[0m[1;36m dir=[0m[1;36m-79.8607[0m[1;36m
[gzserver-2] [0m[1;36m[Dbg] [wind_plugin.cpp:110] [0m[1;36mWindPlugin: received command -> speed=[0m[1;36m0.751953[0m[1;36m dir=[0m[1;36m-84.8703[0m[1;36m
[gzserver-2] [0m[1;36m[Dbg] [wind_plugin.cpp:110] [0m[1;36mWindPlugin: received command -> speed=[0m[1;36m0.751953[0m[1;36m dir=[0m[1;36m-84.8703[0m[1;36m
[gzserver-2] [0m[1;36m[Dbg] [wind_plugin.cpp:110] [0m[1;36mWindPlugin: received command -> speed=[0m[1;36m0.751953[0m[1;36m dir=[0m[1;36m-84.8703[0m[1;36m
[gzserver-2] [0m[1;36m[Dbg] [wind_plugin.cpp:110] [0m[1;36mWindPlugin: received command -> speed=[0m[1;36m0.751953[0m[1;36m dir=[0m[1;36m-84.8703[0m[1;36m
[gzserver-2] [0m[1;36m[Dbg] [wind_plugin.cpp:110] [0m[1;36mWindPlugin: received command -> speed=[0m[1;36m0.751953[0m[1;36m dir=[0m[1;36m-84.8703[0m[1;36m
[gzserver-2] [0m[1;36m[Dbg] [wind_plugin.cpp:110] [0m[1;36mWindPlugin: received command -> speed=[0m[1;36m0.832769[0m[1;36m dir=[0m[1;36m-83.4312[0m[1;36m
[gzserver-2] [0m[1;36m[Dbg] [wind_plugin.cpp:110] [0m[1;36mWindPlugin: received command -> speed=[0m[1;36m0.832769[0m[1;36m dir=[0m[1;36m-83.4312[0m[1;36m
[gzserver-2] [0m[1;36m[Dbg] [wind_plugin.cpp:110] [0m[1;36mWindPlugin: received command -> speed=[0m[1;36m0.832769[0m[1;36m dir=[0m[1;36m-83.4312[0m[1;36m
[gzserver-2] [0m[1;36m[Dbg] [wind_plugin.cpp:110] [0m[1;36mWindPlugin: received command -> speed=[0m[1;36m0.832769[0m[1;36m dir=[0m[1;36m-83.4312[0m[1;36m
[gzserver-2] [0m[1;36m[Dbg] [wind_plugin.cpp:110] [0m[1;36mWindPlugin: received command -> speed=[0m[1;36m0.680131[0m[1;36m dir=[0m[1;36m-82.8368[0m[1;36m
[gzserver-2] [0mLanded!
[gzserver-2] [INFO] [1773176935.535566847] [gazebo_wind_plugin_node]: WindPlugin: set wind_speed=0.68 wind_direction=-82.8
[gzserver-2] [INFO] [1773176935.773741569] [gazebo_wind_plugin_node]: WindPlugin: set wind_speed=0.68 wind_direction=-82.8
[gzserver-2] [INFO] [1773176936.008068031] [gazebo_wind_plugin_node]: WindPlugin: set wind_speed=0.68 wind_direction=-82.8
[gzserver-2] [INFO] [1773176936.237158743] [gazebo_wind_plugin_node]: WindPlugin: set wind_speed=0.99 wind_direction=-84.0
[gzserver-2] [INFO] [1773176936.476573833] [gazebo_wind_plugin_node]: WindPlugin: set wind_speed=0.99 wind_direction=-84.0
[gzserver-2] [INFO] [1773176936.705736332] [gazebo_wind_plugin_node]: WindPlugin: set wind_speed=0.99 wind_direction=-84.0
[gzserver-2] [INFO] [1773176936.945301952] [gazebo_wind_plugin_node]: WindPlugin: set wind_speed=0.99 wind_direction=-84.0
[gzserver-2] [INFO] [1773176937.171230279] [gazebo_wind_plugin_node]: WindPlugin: set wind_speed=0.84 wind_direction=-83.5
