[INFO] [launch]: All log files can be found below /home/j/.ros/log/2026-03-11-07-54-25-608205-j-2006224
[INFO] [launch]: Default logging verbosity is set to INFO
[INFO] [launch.user]: [bringup] Apriltag config: camera=/drone/bottom, image=/drone/bottom/image_raw, tags=/drone/bottom/tags, bridge=/landing_tag_state, standalone=true, use_target_id=true, target_id=0
[INFO] [rviz2-1]: process started with pid [2006237]
[INFO] [gzserver-2]: process started with pid [2006239]
[INFO] [robot_state_publisher-3]: process started with pid [2006241]
[INFO] [joint_state_publisher-4]: process started with pid [2006243]
[INFO] [spawn_drone-5]: process started with pid [2006245]
[INFO] [static_transform_publisher-6]: process started with pid [2006247]
[INFO] [joy_node-7]: process started with pid [2006249]
[INFO] [teleop_joystick-8]: process started with pid [2006251]
[INFO] [apriltag_detector_node-9]: process started with pid [2006253]
[INFO] [apriltag_state_bridge-10]: process started with pid [2006256]
[static_transform_publisher-6] [WARN] [1773183266.085630336] []: Old-style arguments are deprecated; see --help for new-style arguments
[static_transform_publisher-6] [INFO] [1773183266.093172954] [static_transform_publisher_1rCSVgN8u6XH3lAA]: Spinning until stopped - publishing transform
[static_transform_publisher-6] translation: ('0.000000', '0.000000', '0.000000')
[static_transform_publisher-6] rotation: ('0.000000', '0.000000', '0.000000', '1.000000')
[static_transform_publisher-6] from 'world' to '/drone/odom'
[rviz2-1] 
[rviz2-1] (rviz2:2006237): dbind-WARNING **: 07:54:26.117: Couldn't connect to accessibility bus: Failed to connect to socket /root/.cache/at-spi/bus_0: 허가 거부
[robot_state_publisher-3] [INFO] [1773183266.118409845] [drone.robot_state_publisher]: got segment base_footprint
[robot_state_publisher-3] [INFO] [1773183266.118505832] [drone.robot_state_publisher]: got segment base_link
[robot_state_publisher-3] [INFO] [1773183266.118518338] [drone.robot_state_publisher]: got segment bottom_cam_link
[robot_state_publisher-3] [INFO] [1773183266.118526333] [drone.robot_state_publisher]: got segment front_cam_link
[robot_state_publisher-3] [INFO] [1773183266.118533375] [drone.robot_state_publisher]: got segment sonar_link
[apriltag_detector_node-9] [INFO] [1773183266.130637394] [apriltag_detector_node]: tag detector type: umich
[teleop_joystick-8] Traceback (most recent call last):
[teleop_joystick-8]   File "/home/j/INCSL/IICC26_ws/install/sjtu_drone_control/lib/sjtu_drone_control/teleop_joystick", line 33, in <module>
[teleop_joystick-8]     sys.exit(load_entry_point('sjtu_drone_control==0.0.0', 'console_scripts', 'teleop_joystick')())
[teleop_joystick-8]   File "/home/j/INCSL/IICC26_ws/install/sjtu_drone_control/lib/sjtu_drone_control/teleop_joystick", line 22, in importlib_load_entry_point
[teleop_joystick-8]     for entry_point in distribution(dist_name).entry_points
[teleop_joystick-8]   File "/usr/lib/python3.10/importlib/metadata/__init__.py", line 969, in distribution
[teleop_joystick-8]     return Distribution.from_name(distribution_name)
[teleop_joystick-8]   File "/usr/lib/python3.10/importlib/metadata/__init__.py", line 548, in from_name
[teleop_joystick-8]     raise PackageNotFoundError(name)
[teleop_joystick-8] importlib.metadata.PackageNotFoundError: No package metadata was found for sjtu_drone_control
[ERROR] [teleop_joystick-8]: process has died [pid 2006251, exit code 1, cmd '/home/j/INCSL/IICC26_ws/install/sjtu_drone_control/lib/sjtu_drone_control/teleop_joystick --ros-args -r __ns:=/drone'].
[gzserver-2] Gazebo multi-robot simulator, version 11.10.2
[gzserver-2] Copyright (C) 2012 Open Source Robotics Foundation.
[gzserver-2] Released under the Apache 2 License.
[gzserver-2] http://gazebosim.org
[gzserver-2] 
[gzserver-2] [1;33m[Wrn] [gazebo_ros_init.cpp:178] [0m[1;33m
[gzserver-2] #     # ####### ####### ###  #####  #######
[gzserver-2] ##    # #     #    #     #  #     # #
[gzserver-2] # #   # #     #    #     #  #       #
[gzserver-2] #  #  # #     #    #     #  #       #####
[gzserver-2] #   # # #     #    #     #  #       #
[gzserver-2] #    ## #     #    #     #  #     # #
[gzserver-2] #     # #######    #    ###  #####  #######
[gzserver-2] 
[gzserver-2] This version of Gazebo, now called Gazebo classic, reaches end-of-life
[gzserver-2] in January 2025. Users are highly encouraged to migrate to the new Gazebo
[gzserver-2] using our migration guides (https://gazebosim.org/docs/latest/gazebo_classic_migration?utm_source=gazebo_ros_pkgs&utm_medium=cli)
[gzserver-2] 
[gzserver-2] [0m[1;33m
[joint_state_publisher-4] [INFO] [1773183266.311886479] [drone.joint_state_publisher]: Waiting for robot_description to be published on the robot_description topic...
[apriltag_state_bridge-10] [INFO] [1773183266.331662061] [apriltag_state_bridge]: AprilTag bridge started: /drone/bottom/tags -> /landing_tag_state, use_target_id=True, target_id=0
[rviz2-1] [INFO] [1773183266.829354811] [rviz2]: Stereo is NOT SUPPORTED
[rviz2-1] [INFO] [1773183266.829485796] [rviz2]: OpenGl version: 4.6 (GLSL 4.6)
[rviz2-1] [INFO] [1773183266.931691890] [rviz2]: Stereo is NOT SUPPORTED
[rviz2-1] [INFO] [1773183267.021926889] [rviz2]: Stereo is NOT SUPPORTED
[spawn_drone-5] [INFO] [1773183267.428148509] [spawn_drone]: Result False Entity pushed to spawn queue, but spawn service timed outwaiting for entity to appear in simulation under the name [/drone]
[gzserver-2] [1;32m[Msg] [0m[1;32mWaiting for master.[0m[1;32m
[gzserver-2] [0m[1;32m[0m[1;32m[0m[1;32m[Msg] [0m[1;32mConnected to gazebo master @ [0m[1;32mhttp://127.0.0.1:11345[0m[1;32m
[gzserver-2] [0m[1;32m[0m[1;32m[0m[1;32m[Msg] [0m[1;32mPublicized address: [0m[1;32m192.168.0.11[0m[1;32m
[gzserver-2] [0m[1;32m[0m[1;32m[0m[1;32m[Msg] [0m[1;32mLoading world file [[0m[1;32m/home/j/INCSL/IICC26_ws/install/sjtu_drone_description/share/sjtu_drone_description/worlds/landingPad.world[0m[1;32m][0m[1;32m
[gzserver-2] [0m[1;32m[0m[1;32m[0m[1;36m[Dbg] [wind_plugin.cpp:96] [0m[1;36mWindPlugin loaded: speed=[0m[1;36m0[0m[1;36m dir=[0m[1;36m0[0m[1;36m deg area=[0m[1;36m0.1[0m[1;36m coeff=[0m[1;36m1[0m[1;36m
[gzserver-2] [0m[1;33m[0m[1;33m[0m[1;31m[Err] [Sensor.cc:510] [0m[1;31mGet noise index not valid[0m[1;31m
[gzserver-2] [0m[1;31m[0m[1;31m[0m[1;31m[Err] [Sensor.cc:510] [0m[1;31mGet noise index not valid[0m[1;31m
[gzserver-2] [0m[1;31m[0m[1;31m[0m[1;31m[Err] [Sensor.cc:510] [0m[1;31mGet noise index not valid[0m[1;31m
[gzserver-2] [0m[1;31m[0m[1;31m[0m[1;31m[Err] [Sensor.cc:510] [0m[1;31mGet noise index not valid[0m[1;31m
[gzserver-2] [0m[1;31m[0m[1;31m[0m[1;31m[Err] [Sensor.cc:510] [0m[1;31mGet noise index not valid[0m[1;31m
[gzserver-2] [0m[1;31m[0m[1;31m[0m[1;31m[Err] [Sensor.cc:510] [0m[1;31mGet noise index not valid[0m[1;31m
[gzserver-2] [0m[1;31m[0m[1;31m[0mTopic [default//drone/base_footprint/down_camera/image] is not valid.
[gzserver-2] [INFO] [1773183267.455412159] [drone.collision_plugin]: Publishing contact states to [/drone/bumper_states]
[gzserver-2] Topic [default//drone/base_footprint/front_camera/image] is not valid.
[gzserver-2] [1;33m[Wrn] [Event.cc:61] [0m[1;33mWarning: Deleting a connection right after creation. [0m[1;33mMake sure to save the ConnectionPtr from a Connect call
[INFO] [spawn_drone-5]: process has finished cleanly [pid 2006245]
[gzserver-2] [0m[INFO] [1773183268.044107811] [drone.camera_bottom]: Publishing camera info to [/drone/bottom/camera_info]
[gzserver-2] [INFO] [1773183268.046880468] [drone.camera_front]: Publishing camera info to [/drone/front/camera_info]
[gzserver-2] [INFO] [1773183268.169097899] [drone.simple_drone]: The drone plugin is loading!
[gzserver-2] [INFO] [1773183268.169311521] [drone.simple_drone]: pub_odom: 1
[gzserver-2] [INFO] [1773183268.169347163] [drone.simple_drone]: Using following parameters: 
[gzserver-2] 		link_name: base_footprint,
[gzserver-2] 		max_force: 30,
[gzserver-2] 		motion_small_noise: 0,
[gzserver-2] 		motion_drift_noise: 0,
[gzserver-2] 		motion_drift_noise_time: 50,
[gzserver-2] 		takeoff_hover_height: 1.54,
[gzserver-2] 		takeoff_vertical_speed: 0.2
[gzserver-2] [INFO] [1773183268.181276565] [drone.simple_drone]: Using the PID parameters: 
[gzserver-2] 	Roll Pitch:
[gzserver-2] 		kP: 10, kI: 0,kD: 5, Limit: 0.5, Time Constant: 0
[gzserver-2] 	Yaw:
[gzserver-2] 		kP: 2, kI: 0,kD: 1, Limit: 1.5, Time Constant: 0
[gzserver-2] 	Velocity X:
[gzserver-2] 		kP: 5, kI: 0,kD: 2.3, Limit: 2, Time Constant: 0
[gzserver-2] 	Velocity Y:
[gzserver-2] 		kP: 5, kI: 0,kD: 2.3, Limit: 2, Time Constant: 0
[gzserver-2] 	Velocity Z:
[gzserver-2] 		kP: 5, kI: 0,kD: 1, Limit: -1, Time Constant: 0
[gzserver-2] 	Position XY:
[gzserver-2] 		kP: 1.1, kI: 0,kD: 0, Limit: 5, Time Constant: 0
[gzserver-2] 	Position Z:
[gzserver-2] 		kP: 1, kI: 0,kD: 0.2, Limit: -1, Time Constant: 0
[gzserver-2] [INFO] [1773183268.181410886] [drone.simple_drone]: The drone plugin finished loading!
[gzserver-2] [INFO] [1773183275.442813554] [gazebo_wind_plugin_node]: WindPlugin: set wind_speed=0.00 wind_direction=0.0
[gzserver-2] [INFO] [1773183275.715906957] [gazebo_wind_plugin_node]: WindPlugin: set wind_speed=0.00 wind_direction=0.0
[gzserver-2] [INFO] [1773183275.744203154] [drone.simple_drone]: Quadrotor takes off!!
[gzserver-2] [INFO] [1773183275.945556605] [gazebo_wind_plugin_node]: WindPlugin: set wind_speed=0.00 wind_direction=0.0
[gzserver-2] [INFO] [1773183276.185381755] [gazebo_wind_plugin_node]: WindPlugin: set wind_speed=0.00 wind_direction=0.0
[gzserver-2] [INFO] [1773183276.425479225] [gazebo_wind_plugin_node]: WindPlugin: set wind_speed=0.00 wind_direction=0.0
[gzserver-2] [INFO] [1773183276.659548878] [gazebo_wind_plugin_node]: WindPlugin: set wind_speed=0.00 wind_direction=0.0
[gzserver-2] [INFO] [1773183276.894174748] [gazebo_wind_plugin_node]: WindPlugin: set wind_speed=0.00 wind_direction=0.0
[gzserver-2] [0m[1;36m[Dbg] [wind_plugin.cpp:110] [0m[1;36mWindPlugin: received command -> speed=[0m[1;36m0[0m[1;36m dir=[0m[1;36m0[0m[1;36m
[gzserver-2] [0m[1;36m[Dbg] [wind_plugin.cpp:110] [0m[1;36mWindPlugin: received command -> speed=[0m[1;36m0[0m[1;36m dir=[0m[1;36m0[0m[1;36m
[gzserver-2] [0m[1;36m[Dbg] [wind_plugin.cpp:110] [0m[1;36mWindPlugin: received command -> speed=[0m[1;36m0[0m[1;36m dir=[0m[1;36m0[0m[1;36m
[gzserver-2] [0m[1;36m[Dbg] [wind_plugin.cpp:110] [0m[1;36mWindPlugin: received command -> speed=[0m[1;36m0[0m[1;36m dir=[0m[1;36m0[0m[1;36m
[gzserver-2] [0m[1;36m[Dbg] [wind_plugin.cpp:110] [0m[1;36mWindPlugin: received command -> speed=[0m[1;36m0[0m[1;36m dir=[0m[1;36m0[0m[1;36m
[gzserver-2] [0m[1;36m[Dbg] [wind_plugin.cpp:110] [0m[1;36mWindPlugin: received command -> speed=[0m[1;36m0[0m[1;36m dir=[0m[1;36m0[0m[1;36m
[gzserver-2] [0m[1;36m[Dbg] [wind_plugin.cpp:110] [0m[1;36mWindPlugin: received command -> speed=[0m[1;36m0[0m[1;36m dir=[0m[1;36m0[0m[1;36m
[gzserver-2] [0mEntering flying model!
[gzserver-2] [INFO] [1773183277.128328563] [gazebo_wind_plugin_node]: WindPlugin: set wind_speed=0.00 wind_direction=0.0
[gzserver-2] [INFO] [1773183277.367431461] [gazebo_wind_plugin_node]: WindPlugin: set wind_speed=0.47 wind_direction=-48.9
[gzserver-2] [INFO] [1773183277.601763462] [gazebo_wind_plugin_node]: WindPlugin: set wind_speed=0.47 wind_direction=-48.9
[gzserver-2] [INFO] [1773183277.836481968] [gazebo_wind_plugin_node]: WindPlugin: set wind_speed=0.47 wind_direction=-48.9
[gzserver-2] [INFO] [1773183278.075990235] [gazebo_wind_plugin_node]: WindPlugin: set wind_speed=0.25 wind_direction=-49.8
[gzserver-2] [INFO] [1773183278.311596464] [gazebo_wind_plugin_node]: WindPlugin: set wind_speed=0.25 wind_direction=-49.8
[gzserver-2] [INFO] [1773183278.551368257] [gazebo_wind_plugin_node]: WindPlugin: set wind_speed=0.25 wind_direction=-49.8
[gzserver-2] [INFO] [1773183278.790959900] [gazebo_wind_plugin_node]: WindPlugin: set wind_speed=0.25 wind_direction=-49.8
[gzserver-2] [INFO] [1773183279.030404830] [gazebo_wind_plugin_node]: WindPlugin: set wind_speed=0.21 wind_direction=-52.1
[gzserver-2] [INFO] [1773183279.265811167] [gazebo_wind_plugin_node]: WindPlugin: set wind_speed=0.21 wind_direction=-52.1
[gzserver-2] [INFO] [1773183279.505484164] [gazebo_wind_plugin_node]: WindPlugin: set wind_speed=0.21 wind_direction=-52.1
[gzserver-2] [INFO] [1773183279.741583847] [gazebo_wind_plugin_node]: WindPlugin: set wind_speed=0.21 wind_direction=-52.1
[gzserver-2] [INFO] [1773183279.970503246] [gazebo_wind_plugin_node]: WindPlugin: set wind_speed=0.12 wind_direction=-54.8
[gzserver-2] [INFO] [1773183280.210460554] [gazebo_wind_plugin_node]: WindPlugin: set wind_speed=0.12 wind_direction=-54.8
[gzserver-2] [INFO] [1773183280.243320832] [drone.simple_drone]: Quadrotor lands!!
[gzserver-2] [INFO] [1773183280.444830127] [gazebo_wind_plugin_node]: WindPlugin: set wind_speed=0.12 wind_direction=-54.8
[gzserver-2] [INFO] [1773183280.684787473] [gazebo_wind_plugin_node]: WindPlugin: set wind_speed=0.12 wind_direction=-54.8
[gzserver-2] [INFO] [1773183280.919204864] [gazebo_wind_plugin_node]: WindPlugin: set wind_speed=0.12 wind_direction=-54.8
[gzserver-2] [INFO] [1773183281.158788127] [gazebo_wind_plugin_node]: WindPlugin: set wind_speed=0.26 wind_direction=-51.6
[gzserver-2] [1;36m[Dbg] [wind_plugin.cpp:110] [0m[1;36mWindPlugin: received command -> speed=[0m[1;36m0[0m[1;36m dir=[0m[1;36m0[0m[1;36m
[gzserver-2] [0m[1;36m[Dbg] [wind_plugin.cpp:110] [0m[1;36mWindPlugin: received command -> speed=[0m[1;36m0.466296[0m[1;36m dir=[0m[1;36m-48.8959[0m[1;36m
[gzserver-2] [0m[1;36m[Dbg] [wind_plugin.cpp:110] [0m[1;36mWindPlugin: received command -> speed=[0m[1;36m0.466296[0m[1;36m dir=[0m[1;36m-48.8959[0m[1;36m
[gzserver-2] [0m[1;36m[Dbg] [wind_plugin.cpp:110] [0m[1;36mWindPlugin: received command -> speed=[0m[1;36m0.466296[0m[1;36m dir=[0m[1;36m-48.8959[0m[1;36m
[gzserver-2] [0m[1;36m[Dbg] [wind_plugin.cpp:110] [0m[1;36mWindPlugin: received command -> speed=[0m[1;36m0.245907[0m[1;36m dir=[0m[1;36m-49.7634[0m[1;36m
[gzserver-2] [0m[1;36m[Dbg] [wind_plugin.cpp:110] [0m[1;36mWindPlugin: received command -> speed=[0m[1;36m0.245907[0m[1;36m dir=[0m[1;36m-49.7634[0m[1;36m
[gzserver-2] [0m[1;36m[Dbg] [wind_plugin.cpp:110] [0m[1;36mWindPlugin: received command -> speed=[0m[1;36m0.245907[0m[1;36m dir=[0m[1;36m-49.7634[0m[1;36m
[gzserver-2] [0m[1;36m[Dbg] [wind_plugin.cpp:110] [0m[1;36mWindPlugin: received command -> speed=[0m[1;36m0.245907[0m[1;36m dir=[0m[1;36m-49.7634[0m[1;36m
[gzserver-2] [0m[1;36m[Dbg] [wind_plugin.cpp:110] [0m[1;36mWindPlugin: received command -> speed=[0m[1;36m0.210426[0m[1;36m dir=[0m[1;36m-52.1015[0m[1;36m
[gzserver-2] [0m[1;36m[Dbg] [wind_plugin.cpp:110] [0m[1;36mWindPlugin: received command -> speed=[0m[1;36m0.210426[0m[1;36m dir=[0m[1;36m-52.1015[0m[1;36m
[gzserver-2] [0m[1;36m[Dbg] [wind_plugin.cpp:110] [0m[1;36mWindPlugin: received command -> speed=[0m[1;36m0.210426[0m[1;36m dir=[0m[1;36m-52.1015[0m[1;36m
[gzserver-2] [0m[1;36m[Dbg] [wind_plugin.cpp:110] [0m[1;36mWindPlugin: received command -> speed=[0m[1;36m0.210426[0m[1;36m dir=[0m[1;36m-52.1015[0m[1;36m
[gzserver-2] [0m[1;36m[Dbg] [wind_plugin.cpp:110] [0m[1;36mWindPlugin: received command -> speed=[0m[1;36m0.123623[0m[1;36m dir=[0m[1;36m-54.8041[0m[1;36m
[gzserver-2] [0m[1;36m[Dbg] [wind_plugin.cpp:110] [0m[1;36mWindPlugin: received command -> speed=[0m[1;36m0.123623[0m[1;36m dir=[0m[1;36m-54.8041[0m[1;36m
[gzserver-2] [0m[1;36m[Dbg] [wind_plugin.cpp:110] [0m[1;36mWindPlugin: received command -> speed=[0m[1;36m0.123623[0m[1;36m dir=[0m[1;36m-54.8041[0m[1;36m
[gzserver-2] [0m[1;36m[Dbg] [wind_plugin.cpp:110] [0m[1;36mWindPlugin: received command -> speed=[0m[1;36m0.123623[0m[1;36m dir=[0m[1;36m-54.8041[0m[1;36m
[gzserver-2] [0m[1;36m[Dbg] [wind_plugin.cpp:110] [0m[1;36mWindPlugin: received command -> speed=[0m[1;36m0.123623[0m[1;36m dir=[0m[1;36m-54.8041[0m[1;36m
[gzserver-2] [0m[1;36m[Dbg] [wind_plugin.cpp:110] [0m[1;36mWindPlugin: received command -> speed=[0m[1;36m0.256919[0m[1;36m dir=[0m[1;36m-51.6025[0m[1;36m
[gzserver-2] [0mLanded!
[gzserver-2] [INFO] [1773183281.400025734] [gazebo_wind_plugin_node]: WindPlugin: set wind_speed=0.26 wind_direction=-51.6
[gzserver-2] [INFO] [1773183281.639246994] [gazebo_wind_plugin_node]: WindPlugin: set wind_speed=0.26 wind_direction=-51.6
[gzserver-2] [INFO] [1773183281.873501154] [gazebo_wind_plugin_node]: WindPlugin: set wind_speed=0.26 wind_direction=-51.6
[gzserver-2] [INFO] [1773183282.107525678] [gazebo_wind_plugin_node]: WindPlugin: set wind_speed=0.12 wind_direction=-53.7
[gzserver-2] [INFO] [1773183282.347242884] [gazebo_wind_plugin_node]: WindPlugin: set wind_speed=0.12 wind_direction=-53.7
[gzserver-2] [INFO] [1773183282.589629217] [gazebo_wind_plugin_node]: WindPlugin: set wind_speed=0.12 wind_direction=-53.7
[gzserver-2] [INFO] [1773183282.829447978] [gazebo_wind_plugin_node]: WindPlugin: set wind_speed=0.12 wind_direction=-53.7
[gzserver-2] [INFO] [1773183283.059218331] [gazebo_wind_plugin_node]: WindPlugin: set wind_speed=0.16 wind_direction=-58.3
