[INFO] [launch]: All log files can be found below /home/j/.ros/log/2026-03-10-17-08-28-450203-j-3373217
[INFO] [launch]: Default logging verbosity is set to INFO
[INFO] [launch.user]: [bringup] Apriltag config: camera=/drone/bottom, image=/drone/bottom/image_raw, tags=/drone/bottom/tags, bridge=/landing_tag_state, standalone=true, use_target_id=true, target_id=0
[INFO] [rviz2-1]: process started with pid [3373220]
[INFO] [gzserver-2]: process started with pid [3373222]
[INFO] [robot_state_publisher-3]: process started with pid [3373224]
[INFO] [joint_state_publisher-4]: process started with pid [3373226]
[INFO] [spawn_drone-5]: process started with pid [3373228]
[INFO] [static_transform_publisher-6]: process started with pid [3373230]
[INFO] [joy_node-7]: process started with pid [3373232]
[INFO] [teleop_joystick-8]: process started with pid [3373234]
[INFO] [apriltag_detector_node-9]: process started with pid [3373236]
[INFO] [apriltag_state_bridge-10]: process started with pid [3373238]
[static_transform_publisher-6] [WARN] [1773130108.930022394] []: Old-style arguments are deprecated; see --help for new-style arguments
[static_transform_publisher-6] [INFO] [1773130108.936738540] [static_transform_publisher_69MVFaJrcnsfv9Xk]: Spinning until stopped - publishing transform
[static_transform_publisher-6] translation: ('0.000000', '0.000000', '0.000000')
[static_transform_publisher-6] rotation: ('0.000000', '0.000000', '0.000000', '1.000000')
[static_transform_publisher-6] from 'world' to '/drone/odom'
[robot_state_publisher-3] [INFO] [1773130108.956452026] [drone.robot_state_publisher]: got segment base_footprint
[robot_state_publisher-3] [INFO] [1773130108.956523778] [drone.robot_state_publisher]: got segment base_link
[robot_state_publisher-3] [INFO] [1773130108.956529744] [drone.robot_state_publisher]: got segment bottom_cam_link
[robot_state_publisher-3] [INFO] [1773130108.956532903] [drone.robot_state_publisher]: got segment front_cam_link
[robot_state_publisher-3] [INFO] [1773130108.956535843] [drone.robot_state_publisher]: got segment sonar_link
[rviz2-1] 
[rviz2-1] (rviz2:3373220): dbind-WARNING **: 17:08:28.964: Couldn't connect to accessibility bus: Failed to connect to socket /root/.cache/at-spi/bus_0: 허가 거부
[teleop_joystick-8] Traceback (most recent call last):
[teleop_joystick-8]   File "/home/j/INCSL/IICC26_ws/install/sjtu_drone_control/lib/sjtu_drone_control/teleop_joystick", line 33, in <module>
[teleop_joystick-8]     sys.exit(load_entry_point('sjtu_drone_control==0.0.0', 'console_scripts', 'teleop_joystick')())
[teleop_joystick-8]   File "/home/j/INCSL/IICC26_ws/install/sjtu_drone_control/lib/sjtu_drone_control/teleop_joystick", line 22, in importlib_load_entry_point
[teleop_joystick-8]     for entry_point in distribution(dist_name).entry_points
[teleop_joystick-8]   File "/usr/lib/python3.10/importlib/metadata/__init__.py", line 969, in distribution
[teleop_joystick-8]     return Distribution.from_name(distribution_name)
[teleop_joystick-8]   File "/usr/lib/python3.10/importlib/metadata/__init__.py", line 548, in from_name
[teleop_joystick-8]     raise PackageNotFoundError(name)
[teleop_joystick-8] importlib.metadata.PackageNotFoundError: No package metadata was found for sjtu_drone_control
[apriltag_detector_node-9] [INFO] [1773130108.983476856] [apriltag_detector_node]: tag detector type: umich
[ERROR] [teleop_joystick-8]: process has died [pid 3373234, exit code 1, cmd '/home/j/INCSL/IICC26_ws/install/sjtu_drone_control/lib/sjtu_drone_control/teleop_joystick --ros-args -r __ns:=/drone'].
[gzserver-2] Gazebo multi-robot simulator, version 11.10.2
[gzserver-2] Copyright (C) 2012 Open Source Robotics Foundation.
[gzserver-2] Released under the Apache 2 License.
[gzserver-2] http://gazebosim.org
[gzserver-2] 
[apriltag_state_bridge-10] [INFO] [1773130109.166821785] [apriltag_state_bridge]: AprilTag bridge started: /drone/bottom/tags -> /landing_tag_state, use_target_id=True, target_id=0
[joint_state_publisher-4] [INFO] [1773130109.188319591] [drone.joint_state_publisher]: Waiting for robot_description to be published on the robot_description topic...
[gzserver-2] [1;33m[Wrn] [gazebo_ros_init.cpp:178] [0m[1;33m
[gzserver-2] #     # ####### ####### ###  #####  #######
[gzserver-2] ##    # #     #    #     #  #     # #
[gzserver-2] # #   # #     #    #     #  #       #
[gzserver-2] #  #  # #     #    #     #  #       #####
[gzserver-2] #   # # #     #    #     #  #       #
[gzserver-2] #    ## #     #    #     #  #     # #
[gzserver-2] #     # #######    #    ###  #####  #######
[gzserver-2] 
[gzserver-2] This version of Gazebo, now called Gazebo classic, reaches end-of-life
[gzserver-2] in January 2025. Users are highly encouraged to migrate to the new Gazebo
[gzserver-2] using our migration guides (https://gazebosim.org/docs/latest/gazebo_classic_migration?utm_source=gazebo_ros_pkgs&utm_medium=cli)
[gzserver-2] 
[gzserver-2] [0m[1;33m
[rviz2-1] [INFO] [1773130109.791411438] [rviz2]: Stereo is NOT SUPPORTED
[rviz2-1] [INFO] [1773130109.791501669] [rviz2]: OpenGl version: 4.6 (GLSL 4.6)
[rviz2-1] [INFO] [1773130109.879215936] [rviz2]: Stereo is NOT SUPPORTED
[rviz2-1] [INFO] [1773130109.968240829] [rviz2]: Stereo is NOT SUPPORTED
[gzserver-2] [1;32m[Msg] [0m[1;32mWaiting for master.[0m[1;32m
[gzserver-2] [0m[1;32m[0m[1;32m[0m[1;32m[Msg] [0m[1;32mConnected to gazebo master @ [0m[1;32mhttp://127.0.0.1:11345[0m[1;32m
[gzserver-2] [0m[1;32m[0m[1;32m[0m[1;32m[Msg] [0m[1;32mPublicized address: [0m[1;32m172.16.52.147[0m[1;32m
[gzserver-2] [0m[1;32m[0m[1;32m[0m[1;32m[Msg] [0m[1;32mLoading world file [[0m[1;32m/home/j/INCSL/IICC26_ws/install/sjtu_drone_description/share/sjtu_drone_description/worlds/landingPad.world[0m[1;32m][0m[1;32m
[gzserver-2] [0m[1;32m[0m[1;32m[0m[1;36m[Dbg] [wind_plugin.cpp:96] [0m[1;36mWindPlugin loaded: speed=[0m[1;36m0[0m[1;36m dir=[0m[1;36m0[0m[1;36m deg area=[0m[1;36m0.1[0m[1;36m coeff=[0m[1;36m1[0m[1;36m
[gzserver-2] [0m[1;33m[0m[1;33m[0m[1;31m[Err] [Sensor.cc:510] [0m[1;31mGet noise index not valid[0m[1;31m
[gzserver-2] [0m[1;31m[0m[1;31m[0m[1;31m[Err] [Sensor.cc:510] [0m[1;31mGet noise index not valid[0m[1;31m
[gzserver-2] [0m[1;31m[0m[1;31m[0m[1;31m[Err] [Sensor.cc:510] [0m[1;31mGet noise index not valid[0m[1;31m
[gzserver-2] [0m[1;31m[0m[1;31m[0m[1;31m[Err] [Sensor.cc:510] [0m[1;31mGet noise index not valid[0m[1;31m
[gzserver-2] [0m[1;31m[0m[1;31m[0m[1;31m[Err] [Sensor.cc:510] [0m[1;31mGet noise index not valid[0m[1;31m
[gzserver-2] [0m[1;31m[0m[1;31m[0m[1;31m[Err] [Sensor.cc:510] [0m[1;31mGet noise index not valid[0m[1;31m
[gzserver-2] [0m[1;31m[0m[1;31m[0mTopic [default//drone/base_footprint/down_camera/image] is not valid.
[gzserver-2] [INFO] [1773130110.424864720] [drone.collision_plugin]: Publishing contact states to [/drone/bumper_states]
[gzserver-2] Topic [default//drone/base_footprint/front_camera/image] is not valid.
[gzserver-2] [1;33m[Wrn] [Event.cc:61] [0m[1;33mWarning: Deleting a connection right after creation. [0m[1;33mMake sure to save the ConnectionPtr from a Connect call
[gzserver-2] [0m[INFO] [1773130110.984205420] [drone.camera_bottom]: Publishing camera info to [/drone/bottom/camera_info]
[gzserver-2] [INFO] [1773130110.987542543] [drone.camera_front]: Publishing camera info to [/drone/front/camera_info]
[spawn_drone-5] [INFO] [1773130110.996460031] [spawn_drone]: Result True SpawnEntity: Successfully spawned entity [/drone]
[gzserver-2] [INFO] [1773130111.110422868] [drone.simple_drone]: The drone plugin is loading!
[gzserver-2] [INFO] [1773130111.110644938] [drone.simple_drone]: pub_odom: 1
[gzserver-2] [INFO] [1773130111.110677393] [drone.simple_drone]: Using following parameters: 
[gzserver-2] 		link_name: base_footprint,
[gzserver-2] 		max_force: 30,
[gzserver-2] 		motion_small_noise: 0,
[gzserver-2] 		motion_drift_noise: 0,
[gzserver-2] 		motion_drift_noise_time: 50,
[gzserver-2] 		takeoff_hover_height: 2.09,
[gzserver-2] 		takeoff_vertical_speed: 0.2
[gzserver-2] [INFO] [1773130111.122723884] [drone.simple_drone]: Using the PID parameters: 
[gzserver-2] 	Roll Pitch:
[gzserver-2] 		kP: 10, kI: 0,kD: 5, Limit: 0.5, Time Constant: 0
[gzserver-2] 	Yaw:
[gzserver-2] 		kP: 2, kI: 0,kD: 1, Limit: 1.5, Time Constant: 0
[gzserver-2] 	Velocity X:
[gzserver-2] 		kP: 5, kI: 0,kD: 2.3, Limit: 2, Time Constant: 0
[gzserver-2] 	Velocity Y:
[gzserver-2] 		kP: 5, kI: 0,kD: 2.3, Limit: 2, Time Constant: 0
[gzserver-2] 	Velocity Z:
[gzserver-2] 		kP: 5, kI: 0,kD: 1, Limit: -1, Time Constant: 0
[gzserver-2] 	Position XY:
[gzserver-2] 		kP: 1.1, kI: 0,kD: 0, Limit: 5, Time Constant: 0
[gzserver-2] 	Position Z:
[gzserver-2] 		kP: 1, kI: 0,kD: 0.2, Limit: -1, Time Constant: 0
[gzserver-2] [INFO] [1773130111.122863137] [drone.simple_drone]: The drone plugin finished loading!
[INFO] [spawn_drone-5]: process has finished cleanly [pid 3373228]
[gzserver-2] [INFO] [1773130118.282535381] [gazebo_wind_plugin_node]: WindPlugin: set wind_speed=0.00 wind_direction=0.0
[gzserver-2] [INFO] [1773130118.553712709] [gazebo_wind_plugin_node]: WindPlugin: set wind_speed=0.00 wind_direction=0.0
[gzserver-2] [INFO] [1773130118.587775806] [drone.simple_drone]: Quadrotor takes off!!
[gzserver-2] [INFO] [1773130118.788446667] [gazebo_wind_plugin_node]: WindPlugin: set wind_speed=0.00 wind_direction=0.0
[gzserver-2] [INFO] [1773130119.027779569] [gazebo_wind_plugin_node]: WindPlugin: set wind_speed=0.00 wind_direction=0.0
[gzserver-2] [INFO] [1773130119.267005802] [gazebo_wind_plugin_node]: WindPlugin: set wind_speed=0.00 wind_direction=0.0
[gzserver-2] [INFO] [1773130119.505860411] [gazebo_wind_plugin_node]: WindPlugin: set wind_speed=0.00 wind_direction=0.0
[gzserver-2] [INFO] [1773130119.745601411] [gazebo_wind_plugin_node]: WindPlugin: set wind_speed=0.00 wind_direction=0.0
[gzserver-2] [INFO] [1773130119.985267947] [gazebo_wind_plugin_node]: WindPlugin: set wind_speed=0.00 wind_direction=0.0
[gzserver-2] [INFO] [1773130120.224890687] [gazebo_wind_plugin_node]: WindPlugin: set wind_speed=0.00 wind_direction=0.0
[gzserver-2] [0m[1;36m[Dbg] [wind_plugin.cpp:110] [0m[1;36mWindPlugin: received command -> speed=[0m[1;36m0[0m[1;36m dir=[0m[1;36m0[0m[1;36m
[gzserver-2] [0m[1;36m[Dbg] [wind_plugin.cpp:110] [0m[1;36mWindPlugin: received command -> speed=[0m[1;36m0[0m[1;36m dir=[0m[1;36m0[0m[1;36m
[gzserver-2] [0m[1;36m[Dbg] [wind_plugin.cpp:110] [0m[1;36mWindPlugin: received command -> speed=[0m[1;36m0[0m[1;36m dir=[0m[1;36m0[0m[1;36m
[gzserver-2] [0m[1;36m[Dbg] [wind_plugin.cpp:110] [0m[1;36mWindPlugin: received command -> speed=[0m[1;36m0[0m[1;36m dir=[0m[1;36m0[0m[1;36m
[gzserver-2] [0m[1;36m[Dbg] [wind_plugin.cpp:110] [0m[1;36mWindPlugin: received command -> speed=[0m[1;36m0[0m[1;36m dir=[0m[1;36m0[0m[1;36m
[gzserver-2] [0m[1;36m[Dbg] [wind_plugin.cpp:110] [0m[1;36mWindPlugin: received command -> speed=[0m[1;36m0[0m[1;36m dir=[0m[1;36m0[0m[1;36m
[gzserver-2] [0m[1;36m[Dbg] [wind_plugin.cpp:110] [0m[1;36mWindPlugin: received command -> speed=[0m[1;36m0[0m[1;36m dir=[0m[1;36m0[0m[1;36m
[gzserver-2] [0m[1;36m[Dbg] [wind_plugin.cpp:110] [0m[1;36mWindPlugin: received command -> speed=[0m[1;36m0[0m[1;36m dir=[0m[1;36m0[0m[1;36m
[gzserver-2] [0m[1;36m[Dbg] [wind_plugin.cpp:110] [0m[1;36mWindPlugin: received command -> speed=[0m[1;36m0[0m[1;36m dir=[0m[1;36m0[0m[1;36m
[gzserver-2] [0mEntering flying model!
[gzserver-2] [INFO] [1773130120.459986073] [gazebo_wind_plugin_node]: WindPlugin: set wind_speed=0.00 wind_direction=0.0
[gzserver-2] [INFO] [1773130120.694708737] [gazebo_wind_plugin_node]: WindPlugin: set wind_speed=1.24 wind_direction=38.2
[gzserver-2] [INFO] [1773130120.934186805] [gazebo_wind_plugin_node]: WindPlugin: set wind_speed=1.32 wind_direction=36.2
[gzserver-2] [INFO] [1773130121.177888441] [gazebo_wind_plugin_node]: WindPlugin: set wind_speed=1.32 wind_direction=36.2
[gzserver-2] [INFO] [1773130121.412608989] [gazebo_wind_plugin_node]: WindPlugin: set wind_speed=1.32 wind_direction=36.2
[gzserver-2] [INFO] [1773130121.642567221] [gazebo_wind_plugin_node]: WindPlugin: set wind_speed=1.32 wind_direction=36.2
[gzserver-2] [INFO] [1773130121.876327183] [gazebo_wind_plugin_node]: WindPlugin: set wind_speed=1.27 wind_direction=37.6
[gzserver-2] [INFO] [1773130122.110019622] [gazebo_wind_plugin_node]: WindPlugin: set wind_speed=1.27 wind_direction=37.6
[gzserver-2] [INFO] [1773130122.344343572] [gazebo_wind_plugin_node]: WindPlugin: set wind_speed=1.27 wind_direction=37.6
[gzserver-2] [INFO] [1773130122.578249677] [gazebo_wind_plugin_node]: WindPlugin: set wind_speed=1.27 wind_direction=37.6
[gzserver-2] [INFO] [1773130122.814625930] [gazebo_wind_plugin_node]: WindPlugin: set wind_speed=1.30 wind_direction=36.6
[gzserver-2] [INFO] [1773130123.054194302] [gazebo_wind_plugin_node]: WindPlugin: set wind_speed=1.30 wind_direction=36.6
[gzserver-2] [INFO] [1773130123.293605319] [gazebo_wind_plugin_node]: WindPlugin: set wind_speed=1.30 wind_direction=36.6
[gzserver-2] [INFO] [1773130123.534707091] [gazebo_wind_plugin_node]: WindPlugin: set wind_speed=1.30 wind_direction=36.6
[gzserver-2] [INFO] [1773130123.768997533] [gazebo_wind_plugin_node]: WindPlugin: set wind_speed=1.30 wind_direction=36.6
[gzserver-2] [INFO] [1773130124.008383570] [gazebo_wind_plugin_node]: WindPlugin: set wind_speed=1.16 wind_direction=39.3
[gzserver-2] [INFO] [1773130124.242752471] [gazebo_wind_plugin_node]: WindPlugin: set wind_speed=1.16 wind_direction=39.3
[gzserver-2] [INFO] [1773130124.482078940] [gazebo_wind_plugin_node]: WindPlugin: set wind_speed=1.16 wind_direction=39.3
[gzserver-2] [INFO] [1773130124.721503875] [gazebo_wind_plugin_node]: WindPlugin: set wind_speed=1.16 wind_direction=39.3
[gzserver-2] [INFO] [1773130124.962438813] [gazebo_wind_plugin_node]: WindPlugin: set wind_speed=1.14 wind_direction=36.2
[gzserver-2] [INFO] [1773130125.202952495] [gazebo_wind_plugin_node]: WindPlugin: set wind_speed=1.14 wind_direction=36.2
[gzserver-2] [INFO] [1773130125.443382902] [gazebo_wind_plugin_node]: WindPlugin: set wind_speed=1.14 wind_direction=36.2
[gzserver-2] [INFO] [1773130125.682942599] [gazebo_wind_plugin_node]: WindPlugin: set wind_speed=1.14 wind_direction=36.2
[gzserver-2] [INFO] [1773130125.715867194] [drone.simple_drone]: Quadrotor lands!!
[gzserver-2] [INFO] [1773130125.917334024] [gazebo_wind_plugin_node]: WindPlugin: set wind_speed=1.23 wind_direction=38.5
[gzserver-2] [INFO] [1773130126.151967671] [gazebo_wind_plugin_node]: WindPlugin: set wind_speed=1.23 wind_direction=38.5
[gzserver-2] [INFO] [1773130126.391902207] [gazebo_wind_plugin_node]: WindPlugin: set wind_speed=1.23 wind_direction=38.5
[gzserver-2] [INFO] [1773130126.631186081] [gazebo_wind_plugin_node]: WindPlugin: set wind_speed=1.23 wind_direction=38.5
[gzserver-2] [1;36m[Dbg] [wind_plugin.cpp:110] [0m[1;36mWindPlugin: received command -> speed=[0m[1;36m0[0m[1;36m dir=[0m[1;36m0[0m[1;36m
[gzserver-2] [0m[1;36m[Dbg] [wind_plugin.cpp:110] [0m[1;36mWindPlugin: received command -> speed=[0m[1;36m1.23829[0m[1;36m dir=[0m[1;36m38.1801[0m[1;36m
[gzserver-2] [0m[1;36m[Dbg] [wind_plugin.cpp:110] [0m[1;36mWindPlugin: received command -> speed=[0m[1;36m1.31852[0m[1;36m dir=[0m[1;36m36.1978[0m[1;36m
[gzserver-2] [0m[1;36m[Dbg] [wind_plugin.cpp:110] [0m[1;36mWindPlugin: received command -> speed=[0m[1;36m1.31852[0m[1;36m dir=[0m[1;36m36.1978[0m[1;36m
[gzserver-2] [0m[1;36m[Dbg] [wind_plugin.cpp:110] [0m[1;36mWindPlugin: received command -> speed=[0m[1;36m1.31852[0m[1;36m dir=[0m[1;36m36.1978[0m[1;36m
[gzserver-2] [0m[1;36m[Dbg] [wind_plugin.cpp:110] [0m[1;36mWindPlugin: received command -> speed=[0m[1;36m1.31852[0m[1;36m dir=[0m[1;36m36.1978[0m[1;36m
[gzserver-2] [0m[1;36m[Dbg] [wind_plugin.cpp:110] [0m[1;36mWindPlugin: received command -> speed=[0m[1;36m1.27047[0m[1;36m dir=[0m[1;36m37.6062[0m[1;36m
[gzserver-2] [0m[1;36m[Dbg] [wind_plugin.cpp:110] [0m[1;36mWindPlugin: received command -> speed=[0m[1;36m1.27047[0m[1;36m dir=[0m[1;36m37.6062[0m[1;36m
[gzserver-2] [0m[1;36m[Dbg] [wind_plugin.cpp:110] [0m[1;36mWindPlugin: received command -> speed=[0m[1;36m1.27047[0m[1;36m dir=[0m[1;36m37.6062[0m[1;36m
[gzserver-2] [0m[1;36m[Dbg] [wind_plugin.cpp:110] [0m[1;36mWindPlugin: received command -> speed=[0m[1;36m1.27047[0m[1;36m dir=[0m[1;36m37.6062[0m[1;36m
[gzserver-2] [0m[1;36m[Dbg] [wind_plugin.cpp:110] [0m[1;36mWindPlugin: received command -> speed=[0m[1;36m1.29953[0m[1;36m dir=[0m[1;36m36.5816[0m[1;36m
[gzserver-2] [0m[1;36m[Dbg] [wind_plugin.cpp:110] [0m[1;36mWindPlugin: received command -> speed=[0m[1;36m1.29953[0m[1;36m dir=[0m[1;36m36.5816[0m[1;36m
[gzserver-2] [0m[1;36m[Dbg] [wind_plugin.cpp:110] [0m[1;36mWindPlugin: received command -> speed=[0m[1;36m1.29953[0m[1;36m dir=[0m[1;36m36.5816[0m[1;36m
[gzserver-2] [0m[1;36m[Dbg] [wind_plugin.cpp:110] [0m[1;36mWindPlugin: received command -> speed=[0m[1;36m1.29953[0m[1;36m dir=[0m[1;36m36.5816[0m[1;36m
[gzserver-2] [0m[1;36m[Dbg] [wind_plugin.cpp:110] [0m[1;36mWindPlugin: received command -> speed=[0m[1;36m1.29953[0m[1;36m dir=[0m[1;36m36.5816[0m[1;36m
[gzserver-2] [0m[1;36m[Dbg] [wind_plugin.cpp:110] [0m[1;36mWindPlugin: received command -> speed=[0m[1;36m1.15745[0m[1;36m dir=[0m[1;36m39.283[0m[1;36m
[gzserver-2] [0m[1;36m[Dbg] [wind_plugin.cpp:110] [0m[1;36mWindPlugin: received command -> speed=[0m[1;36m1.15745[0m[1;36m dir=[0m[1;36m39.283[0m[1;36m
[gzserver-2] [0m[1;36m[Dbg] [wind_plugin.cpp:110] [0m[1;36mWindPlugin: received command -> speed=[0m[1;36m1.15745[0m[1;36m dir=[0m[1;36m39.283[0m[1;36m
[gzserver-2] [0m[1;36m[Dbg] [wind_plugin.cpp:110] [0m[1;36mWindPlugin: received command -> speed=[0m[1;36m1.15745[0m[1;36m dir=[0m[1;36m39.283[0m[1;36m
[gzserver-2] [0m[1;36m[Dbg] [wind_plugin.cpp:110] [0m[1;36mWindPlugin: received command -> speed=[0m[1;36m1.13839[0m[1;36m dir=[0m[1;36m36.168[0m[1;36m
[gzserver-2] [0m[1;36m[Dbg] [wind_plugin.cpp:110] [0m[1;36mWindPlugin: received command -> speed=[0m[1;36m1.13839[0m[1;36m dir=[0m[1;36m36.168[0m[1;36m
[gzserver-2] [0m[1;36m[Dbg] [wind_plugin.cpp:110] [0m[1;36mWindPlugin: received command -> speed=[0m[1;36m1.13839[0m[1;36m dir=[0m[1;36m36.168[0m[1;36m
[gzserver-2] [0m[1;36m[Dbg] [wind_plugin.cpp:110] [0m[1;36mWindPlugin: received command -> speed=[0m[1;36m1.13839[0m[1;36m dir=[0m[1;36m36.168[0m[1;36m
[gzserver-2] [0m[1;36m[Dbg] [wind_plugin.cpp:110] [0m[1;36mWindPlugin: received command -> speed=[0m[1;36m1.23495[0m[1;36m dir=[0m[1;36m38.4755[0m[1;36m
[gzserver-2] [0m[1;36m[Dbg] [wind_plugin.cpp:110] [0m[1;36mWindPlugin: received command -> speed=[0m[1;36m1.23495[0m[1;36m dir=[0m[1;36m38.4755[0m[1;36m
[gzserver-2] [0m[1;36m[Dbg] [wind_plugin.cpp:110] [0m[1;36mWindPlugin: received command -> speed=[0m[1;36m1.23495[0m[1;36m dir=[0m[1;36m38.4755[0m[1;36m
[gzserver-2] [0m[1;36m[Dbg] [wind_plugin.cpp:110] [0m[1;36mWindPlugin: received command -> speed=[0m[1;36m1.23495[0m[1;36m dir=[0m[1;36m38.4755[0m[1;36m
[gzserver-2] [0mLanded!
[gzserver-2] [INFO] [1773130126.865676704] [gazebo_wind_plugin_node]: WindPlugin: set wind_speed=1.36 wind_direction=37.5
[gzserver-2] [INFO] [1773130127.099901861] [gazebo_wind_plugin_node]: WindPlugin: set wind_speed=1.36 wind_direction=37.5
[gzserver-2] [INFO] [1773130127.339118770] [gazebo_wind_plugin_node]: WindPlugin: set wind_speed=1.36 wind_direction=37.5
[gzserver-2] [INFO] [1773130127.578463708] [gazebo_wind_plugin_node]: WindPlugin: set wind_speed=1.36 wind_direction=37.5
[gzserver-2] [INFO] [1773130127.818023091] [gazebo_wind_plugin_node]: WindPlugin: set wind_speed=1.26 wind_direction=37.1
[gzserver-2] [INFO] [1773130128.052415816] [gazebo_wind_plugin_node]: WindPlugin: set wind_speed=1.26 wind_direction=37.1
[gzserver-2] [INFO] [1773130128.288800421] [gazebo_wind_plugin_node]: WindPlugin: set wind_speed=1.26 wind_direction=37.1
[gzserver-2] [INFO] [1773130128.523242814] [gazebo_wind_plugin_node]: WindPlugin: set wind_speed=1.26 wind_direction=37.1
