[INFO] [launch]: All log files can be found below /home/j/.ros/log/2026-03-10-14-39-59-277070-j-2438845
[INFO] [launch]: Default logging verbosity is set to INFO
[INFO] [launch.user]: [bringup] Apriltag config: camera=/drone/bottom, image=/drone/bottom/image_raw, tags=/drone/bottom/tags, bridge=/landing_tag_state, standalone=true, use_target_id=true, target_id=0
[INFO] [rviz2-1]: process started with pid [2438848]
[INFO] [gzserver-2]: process started with pid [2438850]
[INFO] [robot_state_publisher-3]: process started with pid [2438852]
[INFO] [joint_state_publisher-4]: process started with pid [2438854]
[INFO] [spawn_drone-5]: process started with pid [2438856]
[INFO] [static_transform_publisher-6]: process started with pid [2438858]
[INFO] [joy_node-7]: process started with pid [2438860]
[INFO] [teleop_joystick-8]: process started with pid [2438862]
[INFO] [apriltag_detector_node-9]: process started with pid [2438864]
[INFO] [apriltag_state_bridge-10]: process started with pid [2438867]
[static_transform_publisher-6] [WARN] [1773121199.744494965] []: Old-style arguments are deprecated; see --help for new-style arguments
[static_transform_publisher-6] [INFO] [1773121199.748862106] [static_transform_publisher_8DZqswPQTiG1XXg2]: Spinning until stopped - publishing transform
[static_transform_publisher-6] translation: ('0.000000', '0.000000', '0.000000')
[static_transform_publisher-6] rotation: ('0.000000', '0.000000', '0.000000', '1.000000')
[static_transform_publisher-6] from 'world' to '/drone/odom'
[robot_state_publisher-3] [INFO] [1773121199.776403596] [drone.robot_state_publisher]: got segment base_footprint
[robot_state_publisher-3] [INFO] [1773121199.776506555] [drone.robot_state_publisher]: got segment base_link
[robot_state_publisher-3] [INFO] [1773121199.776519011] [drone.robot_state_publisher]: got segment bottom_cam_link
[robot_state_publisher-3] [INFO] [1773121199.776527504] [drone.robot_state_publisher]: got segment front_cam_link
[robot_state_publisher-3] [INFO] [1773121199.776534807] [drone.robot_state_publisher]: got segment sonar_link
[apriltag_detector_node-9] [INFO] [1773121199.785896302] [apriltag_detector_node]: tag detector type: umich
[rviz2-1] 
[rviz2-1] (rviz2:2438848): dbind-WARNING **: 14:39:59.797: Couldn't connect to accessibility bus: Failed to connect to socket /root/.cache/at-spi/bus_0: 허가 거부
[teleop_joystick-8] Traceback (most recent call last):
[teleop_joystick-8]   File "/home/j/INCSL/IICC26_ws/install/sjtu_drone_control/lib/sjtu_drone_control/teleop_joystick", line 33, in <module>
[teleop_joystick-8]     sys.exit(load_entry_point('sjtu_drone_control==0.0.0', 'console_scripts', 'teleop_joystick')())
[teleop_joystick-8]   File "/home/j/INCSL/IICC26_ws/install/sjtu_drone_control/lib/sjtu_drone_control/teleop_joystick", line 22, in importlib_load_entry_point
[teleop_joystick-8]     for entry_point in distribution(dist_name).entry_points
[teleop_joystick-8]   File "/usr/lib/python3.10/importlib/metadata/__init__.py", line 969, in distribution
[teleop_joystick-8]     return Distribution.from_name(distribution_name)
[teleop_joystick-8]   File "/usr/lib/python3.10/importlib/metadata/__init__.py", line 548, in from_name
[teleop_joystick-8]     raise PackageNotFoundError(name)
[teleop_joystick-8] importlib.metadata.PackageNotFoundError: No package metadata was found for sjtu_drone_control
[ERROR] [teleop_joystick-8]: process has died [pid 2438862, exit code 1, cmd '/home/j/INCSL/IICC26_ws/install/sjtu_drone_control/lib/sjtu_drone_control/teleop_joystick --ros-args -r __ns:=/drone'].
[gzserver-2] Gazebo multi-robot simulator, version 11.10.2
[gzserver-2] Copyright (C) 2012 Open Source Robotics Foundation.
[gzserver-2] Released under the Apache 2 License.
[gzserver-2] http://gazebosim.org
[gzserver-2] 
[joint_state_publisher-4] [INFO] [1773121200.031728144] [drone.joint_state_publisher]: Waiting for robot_description to be published on the robot_description topic...
[apriltag_state_bridge-10] [INFO] [1773121200.036349717] [apriltag_state_bridge]: AprilTag bridge started: /drone/bottom/tags -> /landing_tag_state, use_target_id=True, target_id=0
[gzserver-2] [1;33m[Wrn] [gazebo_ros_init.cpp:178] [0m[1;33m
[gzserver-2] #     # ####### ####### ###  #####  #######
[gzserver-2] ##    # #     #    #     #  #     # #
[gzserver-2] # #   # #     #    #     #  #       #
[gzserver-2] #  #  # #     #    #     #  #       #####
[gzserver-2] #   # # #     #    #     #  #       #
[gzserver-2] #    ## #     #    #     #  #     # #
[gzserver-2] #     # #######    #    ###  #####  #######
[gzserver-2] 
[gzserver-2] This version of Gazebo, now called Gazebo classic, reaches end-of-life
[gzserver-2] in January 2025. Users are highly encouraged to migrate to the new Gazebo
[gzserver-2] using our migration guides (https://gazebosim.org/docs/latest/gazebo_classic_migration?utm_source=gazebo_ros_pkgs&utm_medium=cli)
[gzserver-2] 
[gzserver-2] [0m[1;33m
[rviz2-1] [INFO] [1773121200.627539772] [rviz2]: Stereo is NOT SUPPORTED
[rviz2-1] [INFO] [1773121200.627627464] [rviz2]: OpenGl version: 4.6 (GLSL 4.6)
[rviz2-1] [INFO] [1773121200.712373143] [rviz2]: Stereo is NOT SUPPORTED
[rviz2-1] [INFO] [1773121200.804631916] [rviz2]: Stereo is NOT SUPPORTED
[gzserver-2] [1;32m[Msg] [0m[1;32mWaiting for master.[0m[1;32m
[gzserver-2] [0m[1;32m[0m[1;32m[0m[1;32m[Msg] [0m[1;32mConnected to gazebo master @ [0m[1;32mhttp://127.0.0.1:11345[0m[1;32m
[gzserver-2] [0m[1;32m[0m[1;32m[0m[1;32m[Msg] [0m[1;32mPublicized address: [0m[1;32m172.16.52.147[0m[1;32m
[gzserver-2] [0m[1;32m[0m[1;32m[0m[1;32m[Msg] [0m[1;32mLoading world file [[0m[1;32m/home/j/INCSL/IICC26_ws/install/sjtu_drone_description/share/sjtu_drone_description/worlds/landingPad.world[0m[1;32m][0m[1;32m
[gzserver-2] [0m[1;32m[0m[1;32m[0m[1;36m[Dbg] [wind_plugin.cpp:96] [0m[1;36mWindPlugin loaded: speed=[0m[1;36m0[0m[1;36m dir=[0m[1;36m0[0m[1;36m deg area=[0m[1;36m0.1[0m[1;36m coeff=[0m[1;36m1[0m[1;36m
[gzserver-2] [0m[1;33m[0m[1;33m[0m[1;31m[Err] [Sensor.cc:510] [0m[1;31mGet noise index not valid[0m[1;31m
[gzserver-2] [0m[1;31m[0m[1;31m[0m[1;31m[Err] [Sensor.cc:510] [0m[1;31mGet noise index not valid[0m[1;31m
[gzserver-2] [0m[1;31m[0m[1;31m[0m[1;31m[Err] [Sensor.cc:510] [0m[1;31mGet noise index not valid[0m[1;31m
[gzserver-2] [0m[1;31m[0m[1;31m[0m[1;31m[Err] [Sensor.cc:510] [0m[1;31mGet noise index not valid[0m[1;31m
[gzserver-2] [0m[1;31m[0m[1;31m[0m[1;31m[Err] [Sensor.cc:510] [0m[1;31mGet noise index not valid[0m[1;31m
[gzserver-2] [0m[1;31m[0m[1;31m[0m[1;31m[Err] [Sensor.cc:510] [0m[1;31mGet noise index not valid[0m[1;31m
[gzserver-2] [0m[1;31m[0m[1;31m[0mTopic [default//drone/base_footprint/down_camera/image] is not valid.
[gzserver-2] [INFO] [1773121201.063118756] [drone.collision_plugin]: Publishing contact states to [/drone/bumper_states]
[gzserver-2] Topic [default//drone/base_footprint/front_camera/image] is not valid.
[gzserver-2] [1;33m[Wrn] [Event.cc:61] [0m[1;33mWarning: Deleting a connection right after creation. [0m[1;33mMake sure to save the ConnectionPtr from a Connect call
[gzserver-2] [0m[INFO] [1773121201.823631836] [drone.camera_bottom]: Publishing camera info to [/drone/bottom/camera_info]
[gzserver-2] [INFO] [1773121201.826612685] [drone.camera_front]: Publishing camera info to [/drone/front/camera_info]
[spawn_drone-5] [INFO] [1773121201.835674596] [spawn_drone]: Result True SpawnEntity: Successfully spawned entity [/drone]
[gzserver-2] [INFO] [1773121201.949248180] [drone.simple_drone]: The drone plugin is loading!
[gzserver-2] [INFO] [1773121201.949466605] [drone.simple_drone]: pub_odom: 1
[gzserver-2] [INFO] [1773121201.949503031] [drone.simple_drone]: Using following parameters: 
[gzserver-2] 		link_name: base_footprint,
[gzserver-2] 		max_force: 30,
[gzserver-2] 		motion_small_noise: 0,
[gzserver-2] 		motion_drift_noise: 0,
[gzserver-2] 		motion_drift_noise_time: 50,
[gzserver-2] 		takeoff_hover_height: 2.46,
[gzserver-2] 		takeoff_vertical_speed: 0.2
[gzserver-2] [INFO] [1773121201.961150587] [drone.simple_drone]: Using the PID parameters: 
[gzserver-2] 	Roll Pitch:
[gzserver-2] 		kP: 10, kI: 0,kD: 5, Limit: 0.5, Time Constant: 0
[gzserver-2] 	Yaw:
[gzserver-2] 		kP: 2, kI: 0,kD: 1, Limit: 1.5, Time Constant: 0
[gzserver-2] 	Velocity X:
[gzserver-2] 		kP: 5, kI: 0,kD: 2.3, Limit: 2, Time Constant: 0
[gzserver-2] 	Velocity Y:
[gzserver-2] 		kP: 5, kI: 0,kD: 2.3, Limit: 2, Time Constant: 0
[gzserver-2] 	Velocity Z:
[gzserver-2] 		kP: 5, kI: 0,kD: 1, Limit: -1, Time Constant: 0
[gzserver-2] 	Position XY:
[gzserver-2] 		kP: 1.1, kI: 0,kD: 0, Limit: 5, Time Constant: 0
[gzserver-2] 	Position Z:
[gzserver-2] 		kP: 1, kI: 0,kD: 0.2, Limit: -1, Time Constant: 0
[gzserver-2] [INFO] [1773121201.961291165] [drone.simple_drone]: The drone plugin finished loading!
[INFO] [spawn_drone-5]: process has finished cleanly [pid 2438856]
[gzserver-2] [INFO] [1773121209.104210526] [gazebo_wind_plugin_node]: WindPlugin: set wind_speed=0.00 wind_direction=0.0
[gzserver-2] [INFO] [1773121209.371754458] [gazebo_wind_plugin_node]: WindPlugin: set wind_speed=0.00 wind_direction=0.0
[gzserver-2] [INFO] [1773121209.409569006] [drone.simple_drone]: Quadrotor takes off!!
[gzserver-2] [INFO] [1773121209.610816329] [gazebo_wind_plugin_node]: WindPlugin: set wind_speed=0.00 wind_direction=0.0
[gzserver-2] [INFO] [1773121209.850405917] [gazebo_wind_plugin_node]: WindPlugin: set wind_speed=0.00 wind_direction=0.0
[gzserver-2] [INFO] [1773121210.086935439] [gazebo_wind_plugin_node]: WindPlugin: set wind_speed=0.00 wind_direction=0.0
[gzserver-2] [INFO] [1773121210.326649484] [gazebo_wind_plugin_node]: WindPlugin: set wind_speed=0.00 wind_direction=0.0
[gzserver-2] [INFO] [1773121210.561061415] [gazebo_wind_plugin_node]: WindPlugin: set wind_speed=0.00 wind_direction=0.0
[gzserver-2] [INFO] [1773121210.801170654] [gazebo_wind_plugin_node]: WindPlugin: set wind_speed=0.00 wind_direction=0.0
[gzserver-2] [INFO] [1773121211.040389985] [gazebo_wind_plugin_node]: WindPlugin: set wind_speed=0.00 wind_direction=0.0
[gzserver-2] [INFO] [1773121211.281680382] [gazebo_wind_plugin_node]: WindPlugin: set wind_speed=0.00 wind_direction=0.0
[gzserver-2] [0m[1;36m[Dbg] [wind_plugin.cpp:110] [0m[1;36mWindPlugin: received command -> speed=[0m[1;36m0[0m[1;36m dir=[0m[1;36m0[0m[1;36m
[gzserver-2] [0m[1;36m[Dbg] [wind_plugin.cpp:110] [0m[1;36mWindPlugin: received command -> speed=[0m[1;36m0[0m[1;36m dir=[0m[1;36m0[0m[1;36m
[gzserver-2] [0m[1;36m[Dbg] [wind_plugin.cpp:110] [0m[1;36mWindPlugin: received command -> speed=[0m[1;36m0[0m[1;36m dir=[0m[1;36m0[0m[1;36m
[gzserver-2] [0m[1;36m[Dbg] [wind_plugin.cpp:110] [0m[1;36mWindPlugin: received command -> speed=[0m[1;36m0[0m[1;36m dir=[0m[1;36m0[0m[1;36m
[gzserver-2] [0m[1;36m[Dbg] [wind_plugin.cpp:110] [0m[1;36mWindPlugin: received command -> speed=[0m[1;36m0[0m[1;36m dir=[0m[1;36m0[0m[1;36m
[gzserver-2] [0m[1;36m[Dbg] [wind_plugin.cpp:110] [0m[1;36mWindPlugin: received command -> speed=[0m[1;36m0[0m[1;36m dir=[0m[1;36m0[0m[1;36m
[gzserver-2] [0m[1;36m[Dbg] [wind_plugin.cpp:110] [0m[1;36mWindPlugin: received command -> speed=[0m[1;36m0[0m[1;36m dir=[0m[1;36m0[0m[1;36m
[gzserver-2] [0m[1;36m[Dbg] [wind_plugin.cpp:110] [0m[1;36mWindPlugin: received command -> speed=[0m[1;36m0[0m[1;36m dir=[0m[1;36m0[0m[1;36m
[gzserver-2] [0m[1;36m[Dbg] [wind_plugin.cpp:110] [0m[1;36mWindPlugin: received command -> speed=[0m[1;36m0[0m[1;36m dir=[0m[1;36m0[0m[1;36m
[gzserver-2] [0m[1;36m[Dbg] [wind_plugin.cpp:110] [0m[1;36mWindPlugin: received command -> speed=[0m[1;36m0[0m[1;36m dir=[0m[1;36m0[0m[1;36m
[gzserver-2] [0mEntering flying model!
[gzserver-2] [INFO] [1773121211.521013465] [gazebo_wind_plugin_node]: WindPlugin: set wind_speed=0.00 wind_direction=0.0
[gzserver-2] [INFO] [1773121211.760584237] [gazebo_wind_plugin_node]: WindPlugin: set wind_speed=2.72 wind_direction=-72.5
[gzserver-2] [INFO] [1773121212.000129843] [gazebo_wind_plugin_node]: WindPlugin: set wind_speed=2.72 wind_direction=-72.5
[gzserver-2] [INFO] [1773121212.239199216] [gazebo_wind_plugin_node]: WindPlugin: set wind_speed=2.72 wind_direction=-72.5
[gzserver-2] [INFO] [1773121212.478562859] [gazebo_wind_plugin_node]: WindPlugin: set wind_speed=2.72 wind_direction=-72.5
[gzserver-2] [INFO] [1773121212.717342226] [gazebo_wind_plugin_node]: WindPlugin: set wind_speed=2.77 wind_direction=-74.3
[gzserver-2] [INFO] [1773121212.951249804] [gazebo_wind_plugin_node]: WindPlugin: set wind_speed=2.77 wind_direction=-74.3
[gzserver-2] [INFO] [1773121213.186214141] [gazebo_wind_plugin_node]: WindPlugin: set wind_speed=2.77 wind_direction=-74.3
[gzserver-2] [INFO] [1773121213.419861802] [gazebo_wind_plugin_node]: WindPlugin: set wind_speed=2.77 wind_direction=-74.3
[gzserver-2] [INFO] [1773121213.660042379] [gazebo_wind_plugin_node]: WindPlugin: set wind_speed=2.72 wind_direction=-74.2
[gzserver-2] [INFO] [1773121213.899717147] [gazebo_wind_plugin_node]: WindPlugin: set wind_speed=2.72 wind_direction=-74.2
[gzserver-2] [INFO] [1773121214.139014265] [gazebo_wind_plugin_node]: WindPlugin: set wind_speed=2.72 wind_direction=-74.2
[gzserver-2] [INFO] [1773121214.378773552] [gazebo_wind_plugin_node]: WindPlugin: set wind_speed=2.72 wind_direction=-74.2
[gzserver-2] [INFO] [1773121214.612428890] [gazebo_wind_plugin_node]: WindPlugin: set wind_speed=2.81 wind_direction=-74.3
[gzserver-2] [INFO] [1773121214.650874897] [drone.simple_drone]: Quadrotor lands!!
[gzserver-2] [INFO] [1773121214.852501700] [gazebo_wind_plugin_node]: WindPlugin: set wind_speed=2.81 wind_direction=-74.3
[gzserver-2] [INFO] [1773121215.092137713] [gazebo_wind_plugin_node]: WindPlugin: set wind_speed=2.81 wind_direction=-74.3
[gzserver-2] [INFO] [1773121215.330740020] [gazebo_wind_plugin_node]: WindPlugin: set wind_speed=2.81 wind_direction=-74.3
[gzserver-2] [INFO] [1773121215.565049707] [gazebo_wind_plugin_node]: WindPlugin: set wind_speed=2.81 wind_direction=-74.3
[gzserver-2] [1;36m[Dbg] [wind_plugin.cpp:110] [0m[1;36mWindPlugin: received command -> speed=[0m[1;36m0[0m[1;36m dir=[0m[1;36m0[0m[1;36m
[gzserver-2] [0m[1;36m[Dbg] [wind_plugin.cpp:110] [0m[1;36mWindPlugin: received command -> speed=[0m[1;36m2.71543[0m[1;36m dir=[0m[1;36m-72.469[0m[1;36m
[gzserver-2] [0m[1;36m[Dbg] [wind_plugin.cpp:110] [0m[1;36mWindPlugin: received command -> speed=[0m[1;36m2.71543[0m[1;36m dir=[0m[1;36m-72.469[0m[1;36m
[gzserver-2] [0m[1;36m[Dbg] [wind_plugin.cpp:110] [0m[1;36mWindPlugin: received command -> speed=[0m[1;36m2.71543[0m[1;36m dir=[0m[1;36m-72.469[0m[1;36m
[gzserver-2] [0m[1;36m[Dbg] [wind_plugin.cpp:110] [0m[1;36mWindPlugin: received command -> speed=[0m[1;36m2.71543[0m[1;36m dir=[0m[1;36m-72.469[0m[1;36m
[gzserver-2] [0m[1;36m[Dbg] [wind_plugin.cpp:110] [0m[1;36mWindPlugin: received command -> speed=[0m[1;36m2.76939[0m[1;36m dir=[0m[1;36m-74.3083[0m[1;36m
[gzserver-2] [0m[1;36m[Dbg] [wind_plugin.cpp:110] [0m[1;36mWindPlugin: received command -> speed=[0m[1;36m2.76939[0m[1;36m dir=[0m[1;36m-74.3083[0m[1;36m
[gzserver-2] [0m[1;36m[Dbg] [wind_plugin.cpp:110] [0m[1;36mWindPlugin: received command -> speed=[0m[1;36m2.76939[0m[1;36m dir=[0m[1;36m-74.3083[0m[1;36m
[gzserver-2] [0m[1;36m[Dbg] [wind_plugin.cpp:110] [0m[1;36mWindPlugin: received command -> speed=[0m[1;36m2.76939[0m[1;36m dir=[0m[1;36m-74.3083[0m[1;36m
[gzserver-2] [0m[1;36m[Dbg] [wind_plugin.cpp:110] [0m[1;36mWindPlugin: received command -> speed=[0m[1;36m2.72487[0m[1;36m dir=[0m[1;36m-74.2011[0m[1;36m
[gzserver-2] [0m[1;36m[Dbg] [wind_plugin.cpp:110] [0m[1;36mWindPlugin: received command -> speed=[0m[1;36m2.72487[0m[1;36m dir=[0m[1;36m-74.2011[0m[1;36m
[gzserver-2] [0m[1;36m[Dbg] [wind_plugin.cpp:110] [0m[1;36mWindPlugin: received command -> speed=[0m[1;36m2.72487[0m[1;36m dir=[0m[1;36m-74.2011[0m[1;36m
[gzserver-2] [0m[1;36m[Dbg] [wind_plugin.cpp:110] [0m[1;36mWindPlugin: received command -> speed=[0m[1;36m2.72487[0m[1;36m dir=[0m[1;36m-74.2011[0m[1;36m
[gzserver-2] [0m[1;36m[Dbg] [wind_plugin.cpp:110] [0m[1;36mWindPlugin: received command -> speed=[0m[1;36m2.81284[0m[1;36m dir=[0m[1;36m-74.2738[0m[1;36m
[gzserver-2] [0m[1;36m[Dbg] [wind_plugin.cpp:110] [0m[1;36mWindPlugin: received command -> speed=[0m[1;36m2.81284[0m[1;36m dir=[0m[1;36m-74.2738[0m[1;36m
[gzserver-2] [0m[1;36m[Dbg] [wind_plugin.cpp:110] [0m[1;36mWindPlugin: received command -> speed=[0m[1;36m2.81284[0m[1;36m dir=[0m[1;36m-74.2738[0m[1;36m
[gzserver-2] [0m[1;36m[Dbg] [wind_plugin.cpp:110] [0m[1;36mWindPlugin: received command -> speed=[0m[1;36m2.81284[0m[1;36m dir=[0m[1;36m-74.2738[0m[1;36m
[gzserver-2] [0m[1;36m[Dbg] [wind_plugin.cpp:110] [0m[1;36mWindPlugin: received command -> speed=[0m[1;36m2.81284[0m[1;36m dir=[0m[1;36m-74.2738[0m[1;36m
[gzserver-2] [0mLanded!
[gzserver-2] [INFO] [1773121215.804791412] [gazebo_wind_plugin_node]: WindPlugin: set wind_speed=2.94 wind_direction=-77.2
[gzserver-2] [INFO] [1773121216.044300580] [gazebo_wind_plugin_node]: WindPlugin: set wind_speed=2.94 wind_direction=-77.2
[gzserver-2] [INFO] [1773121216.278737500] [gazebo_wind_plugin_node]: WindPlugin: set wind_speed=2.94 wind_direction=-77.2
[gzserver-2] [INFO] [1773121216.517739391] [gazebo_wind_plugin_node]: WindPlugin: set wind_speed=2.94 wind_direction=-77.2
[gzserver-2] [INFO] [1773121216.754544468] [gazebo_wind_plugin_node]: WindPlugin: set wind_speed=2.65 wind_direction=-78.4
[gzserver-2] [INFO] [1773121216.996415682] [gazebo_wind_plugin_node]: WindPlugin: set wind_speed=2.65 wind_direction=-78.4
[gzserver-2] [INFO] [1773121217.235489368] [gazebo_wind_plugin_node]: WindPlugin: set wind_speed=2.65 wind_direction=-78.4
[gzserver-2] [INFO] [1773121217.474847489] [gazebo_wind_plugin_node]: WindPlugin: set wind_speed=2.65 wind_direction=-78.4
