[INFO] [launch]: All log files can be found below /home/j/.ros/log/2026-03-11-04-18-33-477843-j-4160591
[INFO] [launch]: Default logging verbosity is set to INFO
[INFO] [launch.user]: [bringup] Apriltag config: camera=/drone/bottom, image=/drone/bottom/image_raw, tags=/drone/bottom/tags, bridge=/landing_tag_state, standalone=true, use_target_id=true, target_id=0
[INFO] [rviz2-1]: process started with pid [4160594]
[INFO] [gzserver-2]: process started with pid [4160596]
[INFO] [robot_state_publisher-3]: process started with pid [4160598]
[INFO] [joint_state_publisher-4]: process started with pid [4160600]
[INFO] [spawn_drone-5]: process started with pid [4160602]
[INFO] [static_transform_publisher-6]: process started with pid [4160604]
[INFO] [joy_node-7]: process started with pid [4160606]
[INFO] [teleop_joystick-8]: process started with pid [4160608]
[INFO] [apriltag_detector_node-9]: process started with pid [4160610]
[INFO] [apriltag_state_bridge-10]: process started with pid [4160613]
[static_transform_publisher-6] [WARN] [1773170313.954901136] []: Old-style arguments are deprecated; see --help for new-style arguments
[static_transform_publisher-6] [INFO] [1773170313.962094112] [static_transform_publisher_t5C0ZOrAI3Aos3hr]: Spinning until stopped - publishing transform
[static_transform_publisher-6] translation: ('0.000000', '0.000000', '0.000000')
[static_transform_publisher-6] rotation: ('0.000000', '0.000000', '0.000000', '1.000000')
[static_transform_publisher-6] from 'world' to '/drone/odom'
[robot_state_publisher-3] [INFO] [1773170313.979648986] [drone.robot_state_publisher]: got segment base_footprint
[robot_state_publisher-3] [INFO] [1773170313.979712767] [drone.robot_state_publisher]: got segment base_link
[robot_state_publisher-3] [INFO] [1773170313.979718883] [drone.robot_state_publisher]: got segment bottom_cam_link
[robot_state_publisher-3] [INFO] [1773170313.979722165] [drone.robot_state_publisher]: got segment front_cam_link
[robot_state_publisher-3] [INFO] [1773170313.979724925] [drone.robot_state_publisher]: got segment sonar_link
[rviz2-1] 
[rviz2-1] (rviz2:4160594): dbind-WARNING **: 04:18:33.991: Couldn't connect to accessibility bus: Failed to connect to socket /root/.cache/at-spi/bus_0: 허가 거부
[apriltag_detector_node-9] [INFO] [1773170313.992208174] [apriltag_detector_node]: tag detector type: umich
[teleop_joystick-8] Traceback (most recent call last):
[teleop_joystick-8]   File "/home/j/INCSL/IICC26_ws/install/sjtu_drone_control/lib/sjtu_drone_control/teleop_joystick", line 33, in <module>
[teleop_joystick-8]     sys.exit(load_entry_point('sjtu_drone_control==0.0.0', 'console_scripts', 'teleop_joystick')())
[teleop_joystick-8]   File "/home/j/INCSL/IICC26_ws/install/sjtu_drone_control/lib/sjtu_drone_control/teleop_joystick", line 22, in importlib_load_entry_point
[teleop_joystick-8]     for entry_point in distribution(dist_name).entry_points
[teleop_joystick-8]   File "/usr/lib/python3.10/importlib/metadata/__init__.py", line 969, in distribution
[teleop_joystick-8]     return Distribution.from_name(distribution_name)
[teleop_joystick-8]   File "/usr/lib/python3.10/importlib/metadata/__init__.py", line 548, in from_name
[teleop_joystick-8]     raise PackageNotFoundError(name)
[teleop_joystick-8] importlib.metadata.PackageNotFoundError: No package metadata was found for sjtu_drone_control
[ERROR] [teleop_joystick-8]: process has died [pid 4160608, exit code 1, cmd '/home/j/INCSL/IICC26_ws/install/sjtu_drone_control/lib/sjtu_drone_control/teleop_joystick --ros-args -r __ns:=/drone'].
[gzserver-2] Gazebo multi-robot simulator, version 11.10.2
[gzserver-2] Copyright (C) 2012 Open Source Robotics Foundation.
[gzserver-2] Released under the Apache 2 License.
[gzserver-2] http://gazebosim.org
[gzserver-2] 
[joint_state_publisher-4] [INFO] [1773170314.221300045] [drone.joint_state_publisher]: Waiting for robot_description to be published on the robot_description topic...
[apriltag_state_bridge-10] [INFO] [1773170314.245107549] [apriltag_state_bridge]: AprilTag bridge started: /drone/bottom/tags -> /landing_tag_state, use_target_id=True, target_id=0
[gzserver-2] [1;33m[Wrn] [gazebo_ros_init.cpp:178] [0m[1;33m
[gzserver-2] #     # ####### ####### ###  #####  #######
[gzserver-2] ##    # #     #    #     #  #     # #
[gzserver-2] # #   # #     #    #     #  #       #
[gzserver-2] #  #  # #     #    #     #  #       #####
[gzserver-2] #   # # #     #    #     #  #       #
[gzserver-2] #    ## #     #    #     #  #     # #
[gzserver-2] #     # #######    #    ###  #####  #######
[gzserver-2] 
[gzserver-2] This version of Gazebo, now called Gazebo classic, reaches end-of-life
[gzserver-2] in January 2025. Users are highly encouraged to migrate to the new Gazebo
[gzserver-2] using our migration guides (https://gazebosim.org/docs/latest/gazebo_classic_migration?utm_source=gazebo_ros_pkgs&utm_medium=cli)
[gzserver-2] 
[gzserver-2] [0m[1;33m
[rviz2-1] [INFO] [1773170314.714936263] [rviz2]: Stereo is NOT SUPPORTED
[rviz2-1] [INFO] [1773170314.715026749] [rviz2]: OpenGl version: 4.6 (GLSL 4.6)
[rviz2-1] [INFO] [1773170314.803123848] [rviz2]: Stereo is NOT SUPPORTED
[rviz2-1] [INFO] [1773170314.896366663] [rviz2]: Stereo is NOT SUPPORTED
[spawn_drone-5] [INFO] [1773170315.351759140] [spawn_drone]: Result False Entity pushed to spawn queue, but spawn service timed outwaiting for entity to appear in simulation under the name [/drone]
[gzserver-2] [1;32m[Msg] [0m[1;32mWaiting for master.[0m[1;32m
[gzserver-2] [0m[1;32m[0m[1;32m[0m[1;32m[Msg] [0m[1;32mConnected to gazebo master @ [0m[1;32mhttp://127.0.0.1:11345[0m[1;32m
[gzserver-2] [0m[1;32m[0m[1;32m[0m[1;32m[Msg] [0m[1;32mPublicized address: [0m[1;32m192.168.0.11[0m[1;32m
[gzserver-2] [0m[1;32m[0m[1;32m[0m[1;32m[Msg] [0m[1;32mLoading world file [[0m[1;32m/home/j/INCSL/IICC26_ws/install/sjtu_drone_description/share/sjtu_drone_description/worlds/landingPad.world[0m[1;32m][0m[1;32m
[gzserver-2] [0m[1;32m[0m[1;32m[0m[1;36m[Dbg] [wind_plugin.cpp:96] [0m[1;36mWindPlugin loaded: speed=[0m[1;36m0[0m[1;36m dir=[0m[1;36m0[0m[1;36m deg area=[0m[1;36m0.1[0m[1;36m coeff=[0m[1;36m1[0m[1;36m
[gzserver-2] [0m[1;33m[0m[1;33m[0m[1;31m[Err] [Sensor.cc:510] [0m[1;31mGet noise index not valid[0m[1;31m
[gzserver-2] [0m[1;31m[0m[1;31m[0m[1;31m[Err] [Sensor.cc:510] [0m[1;31mGet noise index not valid[0m[1;31m
[gzserver-2] [0m[1;31m[0m[1;31m[0m[1;31m[Err] [Sensor.cc:510] [0m[1;31mGet noise index not valid[0m[1;31m
[gzserver-2] [0m[1;31m[0m[1;31m[0m[1;31m[Err] [Sensor.cc:510] [0m[1;31mGet noise index not valid[0m[1;31m
[gzserver-2] [0m[1;31m[0m[1;31m[0m[1;31m[Err] [Sensor.cc:510] [0m[1;31mGet noise index not valid[0m[1;31m
[gzserver-2] [0m[1;31m[0m[1;31m[0m[1;31m[Err] [Sensor.cc:510] [0m[1;31mGet noise index not valid[0m[1;31m
[gzserver-2] [0m[1;31m[0m[1;31m[0mTopic [default//drone/base_footprint/down_camera/image] is not valid.
[gzserver-2] [INFO] [1773170315.384299142] [drone.collision_plugin]: Publishing contact states to [/drone/bumper_states]
[gzserver-2] Topic [default//drone/base_footprint/front_camera/image] is not valid.
[gzserver-2] [1;33m[Wrn] [Event.cc:61] [0m[1;33mWarning: Deleting a connection right after creation. [0m[1;33mMake sure to save the ConnectionPtr from a Connect call
[INFO] [spawn_drone-5]: process has finished cleanly [pid 4160602]
[gzserver-2] [0m[INFO] [1773170315.971084523] [drone.camera_bottom]: Publishing camera info to [/drone/bottom/camera_info]
[gzserver-2] [INFO] [1773170315.974017813] [drone.camera_front]: Publishing camera info to [/drone/front/camera_info]
[gzserver-2] [INFO] [1773170316.095352862] [drone.simple_drone]: The drone plugin is loading!
[gzserver-2] [INFO] [1773170316.095559430] [drone.simple_drone]: pub_odom: 1
[gzserver-2] [INFO] [1773170316.095593586] [drone.simple_drone]: Using following parameters: 
[gzserver-2] 		link_name: base_footprint,
[gzserver-2] 		max_force: 30,
[gzserver-2] 		motion_small_noise: 0,
[gzserver-2] 		motion_drift_noise: 0,
[gzserver-2] 		motion_drift_noise_time: 50,
[gzserver-2] 		takeoff_hover_height: 2.14,
[gzserver-2] 		takeoff_vertical_speed: 0.2
[gzserver-2] [INFO] [1773170316.107113498] [drone.simple_drone]: Using the PID parameters: 
[gzserver-2] 	Roll Pitch:
[gzserver-2] 		kP: 10, kI: 0,kD: 5, Limit: 0.5, Time Constant: 0
[gzserver-2] 	Yaw:
[gzserver-2] 		kP: 2, kI: 0,kD: 1, Limit: 1.5, Time Constant: 0
[gzserver-2] 	Velocity X:
[gzserver-2] 		kP: 5, kI: 0,kD: 2.3, Limit: 2, Time Constant: 0
[gzserver-2] 	Velocity Y:
[gzserver-2] 		kP: 5, kI: 0,kD: 2.3, Limit: 2, Time Constant: 0
[gzserver-2] 	Velocity Z:
[gzserver-2] 		kP: 5, kI: 0,kD: 1, Limit: -1, Time Constant: 0
[gzserver-2] 	Position XY:
[gzserver-2] 		kP: 1.1, kI: 0,kD: 0, Limit: 5, Time Constant: 0
[gzserver-2] 	Position Z:
[gzserver-2] 		kP: 1, kI: 0,kD: 0.2, Limit: -1, Time Constant: 0
[gzserver-2] [INFO] [1773170316.107241700] [drone.simple_drone]: The drone plugin finished loading!
[gzserver-2] [INFO] [1773170323.320026972] [gazebo_wind_plugin_node]: WindPlugin: set wind_speed=0.00 wind_direction=0.0
[gzserver-2] [INFO] [1773170323.587230136] [gazebo_wind_plugin_node]: WindPlugin: set wind_speed=0.00 wind_direction=0.0
[gzserver-2] [INFO] [1773170323.625430321] [drone.simple_drone]: Quadrotor takes off!!
[gzserver-2] [INFO] [1773170323.829183745] [gazebo_wind_plugin_node]: WindPlugin: set wind_speed=0.00 wind_direction=0.0
[gzserver-2] [INFO] [1773170324.068676633] [gazebo_wind_plugin_node]: WindPlugin: set wind_speed=0.00 wind_direction=0.0
[gzserver-2] [INFO] [1773170324.308717966] [gazebo_wind_plugin_node]: WindPlugin: set wind_speed=0.00 wind_direction=0.0
[gzserver-2] [INFO] [1773170324.550560884] [gazebo_wind_plugin_node]: WindPlugin: set wind_speed=0.00 wind_direction=0.0
[gzserver-2] [INFO] [1773170324.785214889] [gazebo_wind_plugin_node]: WindPlugin: set wind_speed=0.00 wind_direction=0.0
[gzserver-2] [INFO] [1773170325.019736038] [gazebo_wind_plugin_node]: WindPlugin: set wind_speed=0.00 wind_direction=0.0
[gzserver-2] [INFO] [1773170325.253406842] [gazebo_wind_plugin_node]: WindPlugin: set wind_speed=0.00 wind_direction=0.0
[gzserver-2] [0m[1;36m[Dbg] [wind_plugin.cpp:110] [0m[1;36mWindPlugin: received command -> speed=[0m[1;36m0[0m[1;36m dir=[0m[1;36m0[0m[1;36m
[gzserver-2] [0m[1;36m[Dbg] [wind_plugin.cpp:110] [0m[1;36mWindPlugin: received command -> speed=[0m[1;36m0[0m[1;36m dir=[0m[1;36m0[0m[1;36m
[gzserver-2] [0m[1;36m[Dbg] [wind_plugin.cpp:110] [0m[1;36mWindPlugin: received command -> speed=[0m[1;36m0[0m[1;36m dir=[0m[1;36m0[0m[1;36m
[gzserver-2] [0m[1;36m[Dbg] [wind_plugin.cpp:110] [0m[1;36mWindPlugin: received command -> speed=[0m[1;36m0[0m[1;36m dir=[0m[1;36m0[0m[1;36m
[gzserver-2] [0m[1;36m[Dbg] [wind_plugin.cpp:110] [0m[1;36mWindPlugin: received command -> speed=[0m[1;36m0[0m[1;36m dir=[0m[1;36m0[0m[1;36m
[gzserver-2] [0m[1;36m[Dbg] [wind_plugin.cpp:110] [0m[1;36mWindPlugin: received command -> speed=[0m[1;36m0[0m[1;36m dir=[0m[1;36m0[0m[1;36m
[gzserver-2] [0m[1;36m[Dbg] [wind_plugin.cpp:110] [0m[1;36mWindPlugin: received command -> speed=[0m[1;36m0[0m[1;36m dir=[0m[1;36m0[0m[1;36m
[gzserver-2] [0m[1;36m[Dbg] [wind_plugin.cpp:110] [0m[1;36mWindPlugin: received command -> speed=[0m[1;36m0[0m[1;36m dir=[0m[1;36m0[0m[1;36m
[gzserver-2] [0m[1;36m[Dbg] [wind_plugin.cpp:110] [0m[1;36mWindPlugin: received command -> speed=[0m[1;36m0[0m[1;36m dir=[0m[1;36m0[0m[1;36m
[gzserver-2] [0mEntering flying model!
[gzserver-2] [INFO] [1773170325.487937457] [gazebo_wind_plugin_node]: WindPlugin: set wind_speed=0.00 wind_direction=0.0
[gzserver-2] [INFO] [1773170325.727462155] [gazebo_wind_plugin_node]: WindPlugin: set wind_speed=2.32 wind_direction=43.1
[gzserver-2] [INFO] [1773170325.960595621] [gazebo_wind_plugin_node]: WindPlugin: set wind_speed=2.19 wind_direction=41.0
[gzserver-2] [INFO] [1773170326.195003159] [gazebo_wind_plugin_node]: WindPlugin: set wind_speed=2.19 wind_direction=41.0
[gzserver-2] [INFO] [1773170326.428936796] [gazebo_wind_plugin_node]: WindPlugin: set wind_speed=2.19 wind_direction=41.0
[gzserver-2] [INFO] [1773170326.662919245] [gazebo_wind_plugin_node]: WindPlugin: set wind_speed=2.19 wind_direction=41.0
[gzserver-2] [INFO] [1773170326.897567665] [gazebo_wind_plugin_node]: WindPlugin: set wind_speed=1.97 wind_direction=44.0
[gzserver-2] [INFO] [1773170327.132105956] [gazebo_wind_plugin_node]: WindPlugin: set wind_speed=1.97 wind_direction=44.0
[gzserver-2] [INFO] [1773170327.365962548] [gazebo_wind_plugin_node]: WindPlugin: set wind_speed=1.97 wind_direction=44.0
[gzserver-2] [INFO] [1773170327.605746049] [gazebo_wind_plugin_node]: WindPlugin: set wind_speed=1.97 wind_direction=44.0
[gzserver-2] [INFO] [1773170327.845458899] [gazebo_wind_plugin_node]: WindPlugin: set wind_speed=2.28 wind_direction=42.8
[gzserver-2] [INFO] [1773170328.084833799] [gazebo_wind_plugin_node]: WindPlugin: set wind_speed=2.28 wind_direction=42.8
[gzserver-2] [INFO] [1773170328.324036340] [gazebo_wind_plugin_node]: WindPlugin: set wind_speed=2.28 wind_direction=42.8
[gzserver-2] [INFO] [1773170328.565123569] [gazebo_wind_plugin_node]: WindPlugin: set wind_speed=2.28 wind_direction=42.8
[gzserver-2] [INFO] [1773170328.804893649] [gazebo_wind_plugin_node]: WindPlugin: set wind_speed=2.28 wind_direction=42.8
[gzserver-2] [INFO] [1773170329.045271566] [gazebo_wind_plugin_node]: WindPlugin: set wind_speed=2.07 wind_direction=40.1
[gzserver-2] [INFO] [1773170329.285622269] [gazebo_wind_plugin_node]: WindPlugin: set wind_speed=2.07 wind_direction=40.1
[gzserver-2] [INFO] [1773170329.524987513] [gazebo_wind_plugin_node]: WindPlugin: set wind_speed=2.07 wind_direction=40.1
[gzserver-2] [INFO] [1773170329.764442725] [gazebo_wind_plugin_node]: WindPlugin: set wind_speed=2.07 wind_direction=40.1
[gzserver-2] [INFO] [1773170330.003689942] [gazebo_wind_plugin_node]: WindPlugin: set wind_speed=2.23 wind_direction=44.5
[gzserver-2] [INFO] [1773170330.036987839] [drone.simple_drone]: Quadrotor lands!!
[gzserver-2] [INFO] [1773170330.238399409] [gazebo_wind_plugin_node]: WindPlugin: set wind_speed=2.23 wind_direction=44.5
[gzserver-2] [INFO] [1773170330.472794709] [gazebo_wind_plugin_node]: WindPlugin: set wind_speed=2.23 wind_direction=44.5
[gzserver-2] [INFO] [1773170330.712154595] [gazebo_wind_plugin_node]: WindPlugin: set wind_speed=2.23 wind_direction=44.5
[gzserver-2] [INFO] [1773170330.947231076] [gazebo_wind_plugin_node]: WindPlugin: set wind_speed=2.17 wind_direction=42.8
[gzserver-2] [1;36m[Dbg] [wind_plugin.cpp:110] [0m[1;36mWindPlugin: received command -> speed=[0m[1;36m0[0m[1;36m dir=[0m[1;36m0[0m[1;36m
[gzserver-2] [0m[1;36m[Dbg] [wind_plugin.cpp:110] [0m[1;36mWindPlugin: received command -> speed=[0m[1;36m2.31952[0m[1;36m dir=[0m[1;36m43.0745[0m[1;36m
[gzserver-2] [0m[1;36m[Dbg] [wind_plugin.cpp:110] [0m[1;36mWindPlugin: received command -> speed=[0m[1;36m2.18646[0m[1;36m dir=[0m[1;36m41.0431[0m[1;36m
[gzserver-2] [0m[1;36m[Dbg] [wind_plugin.cpp:110] [0m[1;36mWindPlugin: received command -> speed=[0m[1;36m2.18646[0m[1;36m dir=[0m[1;36m41.0431[0m[1;36m
[gzserver-2] [0m[1;36m[Dbg] [wind_plugin.cpp:110] [0m[1;36mWindPlugin: received command -> speed=[0m[1;36m2.18646[0m[1;36m dir=[0m[1;36m41.0431[0m[1;36m
[gzserver-2] [0m[1;36m[Dbg] [wind_plugin.cpp:110] [0m[1;36mWindPlugin: received command -> speed=[0m[1;36m2.18646[0m[1;36m dir=[0m[1;36m41.0431[0m[1;36m
[gzserver-2] [0m[1;36m[Dbg] [wind_plugin.cpp:110] [0m[1;36mWindPlugin: received command -> speed=[0m[1;36m1.97148[0m[1;36m dir=[0m[1;36m43.9693[0m[1;36m
[gzserver-2] [0m[1;36m[Dbg] [wind_plugin.cpp:110] [0m[1;36mWindPlugin: received command -> speed=[0m[1;36m1.97148[0m[1;36m dir=[0m[1;36m43.9693[0m[1;36m
[gzserver-2] [0m[1;36m[Dbg] [wind_plugin.cpp:110] [0m[1;36mWindPlugin: received command -> speed=[0m[1;36m1.97148[0m[1;36m dir=[0m[1;36m43.9693[0m[1;36m
[gzserver-2] [0m[1;36m[Dbg] [wind_plugin.cpp:110] [0m[1;36mWindPlugin: received command -> speed=[0m[1;36m1.97148[0m[1;36m dir=[0m[1;36m43.9693[0m[1;36m
[gzserver-2] [0m[1;36m[Dbg] [wind_plugin.cpp:110] [0m[1;36mWindPlugin: received command -> speed=[0m[1;36m2.28419[0m[1;36m dir=[0m[1;36m42.8206[0m[1;36m
[gzserver-2] [0m[1;36m[Dbg] [wind_plugin.cpp:110] [0m[1;36mWindPlugin: received command -> speed=[0m[1;36m2.28419[0m[1;36m dir=[0m[1;36m42.8206[0m[1;36m
[gzserver-2] [0m[1;36m[Dbg] [wind_plugin.cpp:110] [0m[1;36mWindPlugin: received command -> speed=[0m[1;36m2.28419[0m[1;36m dir=[0m[1;36m42.8206[0m[1;36m
[gzserver-2] [0m[1;36m[Dbg] [wind_plugin.cpp:110] [0m[1;36mWindPlugin: received command -> speed=[0m[1;36m2.28419[0m[1;36m dir=[0m[1;36m42.8206[0m[1;36m
[gzserver-2] [0m[1;36m[Dbg] [wind_plugin.cpp:110] [0m[1;36mWindPlugin: received command -> speed=[0m[1;36m2.28419[0m[1;36m dir=[0m[1;36m42.8206[0m[1;36m
[gzserver-2] [0m[1;36m[Dbg] [wind_plugin.cpp:110] [0m[1;36mWindPlugin: received command -> speed=[0m[1;36m2.0736[0m[1;36m dir=[0m[1;36m40.0553[0m[1;36m
[gzserver-2] [0m[1;36m[Dbg] [wind_plugin.cpp:110] [0m[1;36mWindPlugin: received command -> speed=[0m[1;36m2.0736[0m[1;36m dir=[0m[1;36m40.0553[0m[1;36m
[gzserver-2] [0m[1;36m[Dbg] [wind_plugin.cpp:110] [0m[1;36mWindPlugin: received command -> speed=[0m[1;36m2.0736[0m[1;36m dir=[0m[1;36m40.0553[0m[1;36m
[gzserver-2] [0m[1;36m[Dbg] [wind_plugin.cpp:110] [0m[1;36mWindPlugin: received command -> speed=[0m[1;36m2.0736[0m[1;36m dir=[0m[1;36m40.0553[0m[1;36m
[gzserver-2] [0m[1;36m[Dbg] [wind_plugin.cpp:110] [0m[1;36mWindPlugin: received command -> speed=[0m[1;36m2.23499[0m[1;36m dir=[0m[1;36m44.4721[0m[1;36m
[gzserver-2] [0m[1;36m[Dbg] [wind_plugin.cpp:110] [0m[1;36mWindPlugin: received command -> speed=[0m[1;36m2.23499[0m[1;36m dir=[0m[1;36m44.4721[0m[1;36m
[gzserver-2] [0m[1;36m[Dbg] [wind_plugin.cpp:110] [0m[1;36mWindPlugin: received command -> speed=[0m[1;36m2.23499[0m[1;36m dir=[0m[1;36m44.4721[0m[1;36m
[gzserver-2] [0m[1;36m[Dbg] [wind_plugin.cpp:110] [0m[1;36mWindPlugin: received command -> speed=[0m[1;36m2.23499[0m[1;36m dir=[0m[1;36m44.4721[0m[1;36m
[gzserver-2] [0m[1;36m[Dbg] [wind_plugin.cpp:110] [0m[1;36mWindPlugin: received command -> speed=[0m[1;36m2.16779[0m[1;36m dir=[0m[1;36m42.8214[0m[1;36m
[gzserver-2] [0mLanded!
[gzserver-2] [INFO] [1773170331.181796370] [gazebo_wind_plugin_node]: WindPlugin: set wind_speed=2.17 wind_direction=42.8
[gzserver-2] [INFO] [1773170331.423172677] [gazebo_wind_plugin_node]: WindPlugin: set wind_speed=2.17 wind_direction=42.8
[gzserver-2] [INFO] [1773170331.658149903] [gazebo_wind_plugin_node]: WindPlugin: set wind_speed=2.17 wind_direction=42.8
[gzserver-2] [INFO] [1773170331.892823235] [gazebo_wind_plugin_node]: WindPlugin: set wind_speed=2.33 wind_direction=45.6
[gzserver-2] [INFO] [1773170332.132971814] [gazebo_wind_plugin_node]: WindPlugin: set wind_speed=2.33 wind_direction=45.6
[gzserver-2] [INFO] [1773170332.372198457] [gazebo_wind_plugin_node]: WindPlugin: set wind_speed=2.33 wind_direction=45.6
[gzserver-2] [INFO] [1773170332.612200597] [gazebo_wind_plugin_node]: WindPlugin: set wind_speed=2.33 wind_direction=45.6
[gzserver-2] [INFO] [1773170332.853133443] [gazebo_wind_plugin_node]: WindPlugin: set wind_speed=2.09 wind_direction=44.2
