[INFO] [launch]: All log files can be found below /home/j/.ros/log/2026-03-11-04-30-16-527312-j-78821
[INFO] [launch]: Default logging verbosity is set to INFO
[INFO] [launch.user]: [bringup] Apriltag config: camera=/drone/bottom, image=/drone/bottom/image_raw, tags=/drone/bottom/tags, bridge=/landing_tag_state, standalone=true, use_target_id=true, target_id=0
[INFO] [rviz2-1]: process started with pid [78824]
[INFO] [gzserver-2]: process started with pid [78826]
[INFO] [robot_state_publisher-3]: process started with pid [78828]
[INFO] [joint_state_publisher-4]: process started with pid [78830]
[INFO] [spawn_drone-5]: process started with pid [78832]
[INFO] [static_transform_publisher-6]: process started with pid [78834]
[INFO] [joy_node-7]: process started with pid [78836]
[INFO] [teleop_joystick-8]: process started with pid [78838]
[INFO] [apriltag_detector_node-9]: process started with pid [78840]
[INFO] [apriltag_state_bridge-10]: process started with pid [78843]
[static_transform_publisher-6] [WARN] [1773171017.006797563] []: Old-style arguments are deprecated; see --help for new-style arguments
[static_transform_publisher-6] [INFO] [1773171017.013157851] [static_transform_publisher_0XMSEYsYqsFn4chZ]: Spinning until stopped - publishing transform
[static_transform_publisher-6] translation: ('0.000000', '0.000000', '0.000000')
[static_transform_publisher-6] rotation: ('0.000000', '0.000000', '0.000000', '1.000000')
[static_transform_publisher-6] from 'world' to '/drone/odom'
[rviz2-1] 
[rviz2-1] (rviz2:78824): dbind-WARNING **: 04:30:17.030: Couldn't connect to accessibility bus: Failed to connect to socket /root/.cache/at-spi/bus_0: 허가 거부
[robot_state_publisher-3] [INFO] [1773171017.040126393] [drone.robot_state_publisher]: got segment base_footprint
[robot_state_publisher-3] [INFO] [1773171017.040214546] [drone.robot_state_publisher]: got segment base_link
[robot_state_publisher-3] [INFO] [1773171017.040226581] [drone.robot_state_publisher]: got segment bottom_cam_link
[robot_state_publisher-3] [INFO] [1773171017.040235155] [drone.robot_state_publisher]: got segment front_cam_link
[robot_state_publisher-3] [INFO] [1773171017.040242660] [drone.robot_state_publisher]: got segment sonar_link
[apriltag_detector_node-9] [INFO] [1773171017.040930392] [apriltag_detector_node]: tag detector type: umich
[teleop_joystick-8] Traceback (most recent call last):
[teleop_joystick-8]   File "/home/j/INCSL/IICC26_ws/install/sjtu_drone_control/lib/sjtu_drone_control/teleop_joystick", line 33, in <module>
[teleop_joystick-8]     sys.exit(load_entry_point('sjtu_drone_control==0.0.0', 'console_scripts', 'teleop_joystick')())
[teleop_joystick-8]   File "/home/j/INCSL/IICC26_ws/install/sjtu_drone_control/lib/sjtu_drone_control/teleop_joystick", line 22, in importlib_load_entry_point
[teleop_joystick-8]     for entry_point in distribution(dist_name).entry_points
[teleop_joystick-8]   File "/usr/lib/python3.10/importlib/metadata/__init__.py", line 969, in distribution
[teleop_joystick-8]     return Distribution.from_name(distribution_name)
[teleop_joystick-8]   File "/usr/lib/python3.10/importlib/metadata/__init__.py", line 548, in from_name
[teleop_joystick-8]     raise PackageNotFoundError(name)
[teleop_joystick-8] importlib.metadata.PackageNotFoundError: No package metadata was found for sjtu_drone_control
[ERROR] [teleop_joystick-8]: process has died [pid 78838, exit code 1, cmd '/home/j/INCSL/IICC26_ws/install/sjtu_drone_control/lib/sjtu_drone_control/teleop_joystick --ros-args -r __ns:=/drone'].
[gzserver-2] Gazebo multi-robot simulator, version 11.10.2
[gzserver-2] Copyright (C) 2012 Open Source Robotics Foundation.
[gzserver-2] Released under the Apache 2 License.
[gzserver-2] http://gazebosim.org
[gzserver-2] 
[joint_state_publisher-4] [INFO] [1773171017.272937532] [drone.joint_state_publisher]: Waiting for robot_description to be published on the robot_description topic...
[apriltag_state_bridge-10] [INFO] [1773171017.291100903] [apriltag_state_bridge]: AprilTag bridge started: /drone/bottom/tags -> /landing_tag_state, use_target_id=True, target_id=0
[gzserver-2] [1;33m[Wrn] [gazebo_ros_init.cpp:178] [0m[1;33m
[gzserver-2] #     # ####### ####### ###  #####  #######
[gzserver-2] ##    # #     #    #     #  #     # #
[gzserver-2] # #   # #     #    #     #  #       #
[gzserver-2] #  #  # #     #    #     #  #       #####
[gzserver-2] #   # # #     #    #     #  #       #
[gzserver-2] #    ## #     #    #     #  #     # #
[gzserver-2] #     # #######    #    ###  #####  #######
[gzserver-2] 
[gzserver-2] This version of Gazebo, now called Gazebo classic, reaches end-of-life
[gzserver-2] in January 2025. Users are highly encouraged to migrate to the new Gazebo
[gzserver-2] using our migration guides (https://gazebosim.org/docs/latest/gazebo_classic_migration?utm_source=gazebo_ros_pkgs&utm_medium=cli)
[gzserver-2] 
[gzserver-2] [0m[1;33m
[rviz2-1] [INFO] [1773171017.878807991] [rviz2]: Stereo is NOT SUPPORTED
[rviz2-1] [INFO] [1773171017.878911116] [rviz2]: OpenGl version: 4.6 (GLSL 4.6)
[rviz2-1] [INFO] [1773171017.970619767] [rviz2]: Stereo is NOT SUPPORTED
[rviz2-1] [INFO] [1773171018.061042410] [rviz2]: Stereo is NOT SUPPORTED
[gzserver-2] [1;32m[Msg] [0m[1;32mWaiting for master.[0m[1;32m
[gzserver-2] [0m[1;32m[0m[1;32m[0m[1;32m[Msg] [0m[1;32mConnected to gazebo master @ [0m[1;32mhttp://127.0.0.1:11345[0m[1;32m
[gzserver-2] [0m[1;32m[0m[1;32m[0m[1;32m[Msg] [0m[1;32mPublicized address: [0m[1;32m192.168.0.11[0m[1;32m
[gzserver-2] [0m[1;32m[0m[1;32m[0m[1;32m[Msg] [0m[1;32mLoading world file [[0m[1;32m/home/j/INCSL/IICC26_ws/install/sjtu_drone_description/share/sjtu_drone_description/worlds/landingPad.world[0m[1;32m][0m[1;32m
[gzserver-2] [0m[1;32m[0m[1;32m[0m[1;36m[Dbg] [wind_plugin.cpp:96] [0m[1;36mWindPlugin loaded: speed=[0m[1;36m0[0m[1;36m dir=[0m[1;36m0[0m[1;36m deg area=[0m[1;36m0.1[0m[1;36m coeff=[0m[1;36m1[0m[1;36m
[gzserver-2] [0m[1;33m[0m[1;33m[0m[1;31m[Err] [Sensor.cc:510] [0m[1;31mGet noise index not valid[0m[1;31m
[gzserver-2] [0m[1;31m[0m[1;31m[0m[1;31m[Err] [Sensor.cc:510] [0m[1;31mGet noise index not valid[0m[1;31m
[gzserver-2] [0m[1;31m[0m[1;31m[0m[1;31m[Err] [Sensor.cc:510] [0m[1;31mGet noise index not valid[0m[1;31m
[gzserver-2] [0m[1;31m[0m[1;31m[0m[1;31m[Err] [Sensor.cc:510] [0m[1;31mGet noise index not valid[0m[1;31m
[gzserver-2] [0m[1;31m[0m[1;31m[0m[1;31m[Err] [Sensor.cc:510] [0m[1;31mGet noise index not valid[0m[1;31m
[gzserver-2] [0m[1;31m[0m[1;31m[0m[1;31m[Err] [Sensor.cc:510] [0m[1;31mGet noise index not valid[0m[1;31m
[gzserver-2] [0m[1;31m[0m[1;31m[0mTopic [default//drone/base_footprint/down_camera/image] is not valid.
[gzserver-2] [INFO] [1773171018.526769607] [drone.collision_plugin]: Publishing contact states to [/drone/bumper_states]
[gzserver-2] Topic [default//drone/base_footprint/front_camera/image] is not valid.
[gzserver-2] [1;33m[Wrn] [Event.cc:61] [0m[1;33mWarning: Deleting a connection right after creation. [0m[1;33mMake sure to save the ConnectionPtr from a Connect call
[gzserver-2] [0m[INFO] [1773171019.085743660] [drone.camera_bottom]: Publishing camera info to [/drone/bottom/camera_info]
[gzserver-2] [INFO] [1773171019.090244725] [drone.camera_front]: Publishing camera info to [/drone/front/camera_info]
[spawn_drone-5] [INFO] [1773171019.098891544] [spawn_drone]: Result True SpawnEntity: Successfully spawned entity [/drone]
[gzserver-2] [INFO] [1773171019.212315580] [drone.simple_drone]: The drone plugin is loading!
[gzserver-2] [INFO] [1773171019.212519830] [drone.simple_drone]: pub_odom: 1
[gzserver-2] [INFO] [1773171019.212555696] [drone.simple_drone]: Using following parameters: 
[gzserver-2] 		link_name: base_footprint,
[gzserver-2] 		max_force: 30,
[gzserver-2] 		motion_small_noise: 0,
[gzserver-2] 		motion_drift_noise: 0,
[gzserver-2] 		motion_drift_noise_time: 50,
[gzserver-2] 		takeoff_hover_height: 2.01,
[gzserver-2] 		takeoff_vertical_speed: 0.2
[gzserver-2] [INFO] [1773171019.224163098] [drone.simple_drone]: Using the PID parameters: 
[gzserver-2] 	Roll Pitch:
[gzserver-2] 		kP: 10, kI: 0,kD: 5, Limit: 0.5, Time Constant: 0
[gzserver-2] 	Yaw:
[gzserver-2] 		kP: 2, kI: 0,kD: 1, Limit: 1.5, Time Constant: 0
[gzserver-2] 	Velocity X:
[gzserver-2] 		kP: 5, kI: 0,kD: 2.3, Limit: 2, Time Constant: 0
[gzserver-2] 	Velocity Y:
[gzserver-2] 		kP: 5, kI: 0,kD: 2.3, Limit: 2, Time Constant: 0
[gzserver-2] 	Velocity Z:
[gzserver-2] 		kP: 5, kI: 0,kD: 1, Limit: -1, Time Constant: 0
[gzserver-2] 	Position XY:
[gzserver-2] 		kP: 1.1, kI: 0,kD: 0, Limit: 5, Time Constant: 0
[gzserver-2] 	Position Z:
[gzserver-2] 		kP: 1, kI: 0,kD: 0.2, Limit: -1, Time Constant: 0
[gzserver-2] [INFO] [1773171019.224297790] [drone.simple_drone]: The drone plugin finished loading!
[INFO] [spawn_drone-5]: process has finished cleanly [pid 78832]
[gzserver-2] [INFO] [1773171026.362062181] [gazebo_wind_plugin_node]: WindPlugin: set wind_speed=0.00 wind_direction=0.0
[gzserver-2] [INFO] [1773171026.633850822] [gazebo_wind_plugin_node]: WindPlugin: set wind_speed=0.00 wind_direction=0.0
[gzserver-2] [INFO] [1773171026.667254552] [drone.simple_drone]: Quadrotor takes off!!
[gzserver-2] [INFO] [1773171026.869766670] [gazebo_wind_plugin_node]: WindPlugin: set wind_speed=0.00 wind_direction=0.0
[gzserver-2] [INFO] [1773171027.109391326] [gazebo_wind_plugin_node]: WindPlugin: set wind_speed=0.00 wind_direction=0.0
[gzserver-2] [INFO] [1773171027.343432901] [gazebo_wind_plugin_node]: WindPlugin: set wind_speed=0.00 wind_direction=0.0
[gzserver-2] [INFO] [1773171027.583300252] [gazebo_wind_plugin_node]: WindPlugin: set wind_speed=0.00 wind_direction=0.0
[gzserver-2] [INFO] [1773171027.812242006] [gazebo_wind_plugin_node]: WindPlugin: set wind_speed=0.00 wind_direction=0.0
[gzserver-2] [INFO] [1773171028.052005563] [gazebo_wind_plugin_node]: WindPlugin: set wind_speed=0.00 wind_direction=0.0
[gzserver-2] [0m[1;36m[Dbg] [wind_plugin.cpp:110] [0m[1;36mWindPlugin: received command -> speed=[0m[1;36m0[0m[1;36m dir=[0m[1;36m0[0m[1;36m
[gzserver-2] [0m[1;36m[Dbg] [wind_plugin.cpp:110] [0m[1;36mWindPlugin: received command -> speed=[0m[1;36m0[0m[1;36m dir=[0m[1;36m0[0m[1;36m
[gzserver-2] [0m[1;36m[Dbg] [wind_plugin.cpp:110] [0m[1;36mWindPlugin: received command -> speed=[0m[1;36m0[0m[1;36m dir=[0m[1;36m0[0m[1;36m
[gzserver-2] [0m[1;36m[Dbg] [wind_plugin.cpp:110] [0m[1;36mWindPlugin: received command -> speed=[0m[1;36m0[0m[1;36m dir=[0m[1;36m0[0m[1;36m
[gzserver-2] [0m[1;36m[Dbg] [wind_plugin.cpp:110] [0m[1;36mWindPlugin: received command -> speed=[0m[1;36m0[0m[1;36m dir=[0m[1;36m0[0m[1;36m
[gzserver-2] [0m[1;36m[Dbg] [wind_plugin.cpp:110] [0m[1;36mWindPlugin: received command -> speed=[0m[1;36m0[0m[1;36m dir=[0m[1;36m0[0m[1;36m
[gzserver-2] [0m[1;36m[Dbg] [wind_plugin.cpp:110] [0m[1;36mWindPlugin: received command -> speed=[0m[1;36m0[0m[1;36m dir=[0m[1;36m0[0m[1;36m
[gzserver-2] [0m[1;36m[Dbg] [wind_plugin.cpp:110] [0m[1;36mWindPlugin: received command -> speed=[0m[1;36m0[0m[1;36m dir=[0m[1;36m0[0m[1;36m
[gzserver-2] [0mEntering flying model!
[gzserver-2] [INFO] [1773171028.280104336] [gazebo_wind_plugin_node]: WindPlugin: set wind_speed=0.00 wind_direction=0.0
[gzserver-2] [INFO] [1773171028.514945409] [gazebo_wind_plugin_node]: WindPlugin: set wind_speed=1.73 wind_direction=-16.4
[gzserver-2] [INFO] [1773171028.749636975] [gazebo_wind_plugin_node]: WindPlugin: set wind_speed=1.73 wind_direction=-16.4
[gzserver-2] [INFO] [1773171028.983659105] [gazebo_wind_plugin_node]: WindPlugin: set wind_speed=1.72 wind_direction=-15.1
[gzserver-2] [INFO] [1773171029.218036173] [gazebo_wind_plugin_node]: WindPlugin: set wind_speed=1.72 wind_direction=-15.1
[gzserver-2] [INFO] [1773171029.458017386] [gazebo_wind_plugin_node]: WindPlugin: set wind_speed=1.72 wind_direction=-15.1
[gzserver-2] [INFO] [1773171029.687336031] [gazebo_wind_plugin_node]: WindPlugin: set wind_speed=1.72 wind_direction=-15.1
[gzserver-2] [INFO] [1773171029.926949445] [gazebo_wind_plugin_node]: WindPlugin: set wind_speed=1.78 wind_direction=-13.5
[gzserver-2] [INFO] [1773171030.166976909] [gazebo_wind_plugin_node]: WindPlugin: set wind_speed=1.78 wind_direction=-13.5
[gzserver-2] [INFO] [1773171030.405783112] [gazebo_wind_plugin_node]: WindPlugin: set wind_speed=1.78 wind_direction=-13.5
[gzserver-2] [INFO] [1773171030.640341608] [gazebo_wind_plugin_node]: WindPlugin: set wind_speed=1.78 wind_direction=-13.5
[gzserver-2] [INFO] [1773171030.874449419] [gazebo_wind_plugin_node]: WindPlugin: set wind_speed=1.60 wind_direction=-16.8
[gzserver-2] [INFO] [1773171031.116824406] [gazebo_wind_plugin_node]: WindPlugin: set wind_speed=1.60 wind_direction=-16.8
[gzserver-2] [INFO] [1773171031.356100336] [gazebo_wind_plugin_node]: WindPlugin: set wind_speed=1.60 wind_direction=-16.8
[gzserver-2] [INFO] [1773171031.596854512] [gazebo_wind_plugin_node]: WindPlugin: set wind_speed=1.60 wind_direction=-16.8
[gzserver-2] [INFO] [1773171031.836113029] [gazebo_wind_plugin_node]: WindPlugin: set wind_speed=1.60 wind_direction=-16.8
[gzserver-2] [INFO] [1773171031.874358894] [drone.simple_drone]: Quadrotor lands!!
[gzserver-2] [INFO] [1773171032.075758275] [gazebo_wind_plugin_node]: WindPlugin: set wind_speed=1.90 wind_direction=-16.0
[gzserver-2] [INFO] [1773171032.311999080] [gazebo_wind_plugin_node]: WindPlugin: set wind_speed=1.90 wind_direction=-16.0
[gzserver-2] [INFO] [1773171032.551520107] [gazebo_wind_plugin_node]: WindPlugin: set wind_speed=1.90 wind_direction=-16.0
[gzserver-2] [INFO] [1773171032.791039900] [gazebo_wind_plugin_node]: WindPlugin: set wind_speed=1.90 wind_direction=-16.0
[gzserver-2] [1;36m[Dbg] [wind_plugin.cpp:110] [0m[1;36mWindPlugin: received command -> speed=[0m[1;36m0[0m[1;36m dir=[0m[1;36m0[0m[1;36m
[gzserver-2] [0m[1;36m[Dbg] [wind_plugin.cpp:110] [0m[1;36mWindPlugin: received command -> speed=[0m[1;36m1.72753[0m[1;36m dir=[0m[1;36m-16.3943[0m[1;36m
[gzserver-2] [0m[1;36m[Dbg] [wind_plugin.cpp:110] [0m[1;36mWindPlugin: received command -> speed=[0m[1;36m1.72753[0m[1;36m dir=[0m[1;36m-16.3943[0m[1;36m
[gzserver-2] [0m[1;36m[Dbg] [wind_plugin.cpp:110] [0m[1;36mWindPlugin: received command -> speed=[0m[1;36m1.72155[0m[1;36m dir=[0m[1;36m-15.1195[0m[1;36m
[gzserver-2] [0m[1;36m[Dbg] [wind_plugin.cpp:110] [0m[1;36mWindPlugin: received command -> speed=[0m[1;36m1.72155[0m[1;36m dir=[0m[1;36m-15.1195[0m[1;36m
[gzserver-2] [0m[1;36m[Dbg] [wind_plugin.cpp:110] [0m[1;36mWindPlugin: received command -> speed=[0m[1;36m1.72155[0m[1;36m dir=[0m[1;36m-15.1195[0m[1;36m
[gzserver-2] [0m[1;36m[Dbg] [wind_plugin.cpp:110] [0m[1;36mWindPlugin: received command -> speed=[0m[1;36m1.72155[0m[1;36m dir=[0m[1;36m-15.1195[0m[1;36m
[gzserver-2] [0m[1;36m[Dbg] [wind_plugin.cpp:110] [0m[1;36mWindPlugin: received command -> speed=[0m[1;36m1.78189[0m[1;36m dir=[0m[1;36m-13.4805[0m[1;36m
[gzserver-2] [0m[1;36m[Dbg] [wind_plugin.cpp:110] [0m[1;36mWindPlugin: received command -> speed=[0m[1;36m1.78189[0m[1;36m dir=[0m[1;36m-13.4805[0m[1;36m
[gzserver-2] [0m[1;36m[Dbg] [wind_plugin.cpp:110] [0m[1;36mWindPlugin: received command -> speed=[0m[1;36m1.78189[0m[1;36m dir=[0m[1;36m-13.4805[0m[1;36m
[gzserver-2] [0m[1;36m[Dbg] [wind_plugin.cpp:110] [0m[1;36mWindPlugin: received command -> speed=[0m[1;36m1.78189[0m[1;36m dir=[0m[1;36m-13.4805[0m[1;36m
[gzserver-2] [0m[1;36m[Dbg] [wind_plugin.cpp:110] [0m[1;36mWindPlugin: received command -> speed=[0m[1;36m1.59688[0m[1;36m dir=[0m[1;36m-16.759[0m[1;36m
[gzserver-2] [0m[1;36m[Dbg] [wind_plugin.cpp:110] [0m[1;36mWindPlugin: received command -> speed=[0m[1;36m1.59688[0m[1;36m dir=[0m[1;36m-16.759[0m[1;36m
[gzserver-2] [0m[1;36m[Dbg] [wind_plugin.cpp:110] [0m[1;36mWindPlugin: received command -> speed=[0m[1;36m1.59688[0m[1;36m dir=[0m[1;36m-16.759[0m[1;36m
[gzserver-2] [0m[1;36m[Dbg] [wind_plugin.cpp:110] [0m[1;36mWindPlugin: received command -> speed=[0m[1;36m1.59688[0m[1;36m dir=[0m[1;36m-16.759[0m[1;36m
[gzserver-2] [0m[1;36m[Dbg] [wind_plugin.cpp:110] [0m[1;36mWindPlugin: received command -> speed=[0m[1;36m1.59688[0m[1;36m dir=[0m[1;36m-16.759[0m[1;36m
[gzserver-2] [0m[1;36m[Dbg] [wind_plugin.cpp:110] [0m[1;36mWindPlugin: received command -> speed=[0m[1;36m1.8982[0m[1;36m dir=[0m[1;36m-16.0303[0m[1;36m
[gzserver-2] [0m[1;36m[Dbg] [wind_plugin.cpp:110] [0m[1;36mWindPlugin: received command -> speed=[0m[1;36m1.8982[0m[1;36m dir=[0m[1;36m-16.0303[0m[1;36m
[gzserver-2] [0m[1;36m[Dbg] [wind_plugin.cpp:110] [0m[1;36mWindPlugin: received command -> speed=[0m[1;36m1.8982[0m[1;36m dir=[0m[1;36m-16.0303[0m[1;36m
[gzserver-2] [0m[1;36m[Dbg] [wind_plugin.cpp:110] [0m[1;36mWindPlugin: received command -> speed=[0m[1;36m1.8982[0m[1;36m dir=[0m[1;36m-16.0303[0m[1;36m
[gzserver-2] [0mLanded!
[gzserver-2] [INFO] [1773171033.030565379] [gazebo_wind_plugin_node]: WindPlugin: set wind_speed=1.63 wind_direction=-14.1
[gzserver-2] [INFO] [1773171033.270575876] [gazebo_wind_plugin_node]: WindPlugin: set wind_speed=1.63 wind_direction=-14.1
[gzserver-2] [INFO] [1773171033.504434920] [gazebo_wind_plugin_node]: WindPlugin: set wind_speed=1.63 wind_direction=-14.1
[gzserver-2] [INFO] [1773171033.738925608] [gazebo_wind_plugin_node]: WindPlugin: set wind_speed=1.63 wind_direction=-14.1
[gzserver-2] [INFO] [1773171033.973968046] [gazebo_wind_plugin_node]: WindPlugin: set wind_speed=1.58 wind_direction=-14.5
[gzserver-2] [INFO] [1773171034.207905061] [gazebo_wind_plugin_node]: WindPlugin: set wind_speed=1.58 wind_direction=-14.5
[gzserver-2] [INFO] [1773171034.449552978] [gazebo_wind_plugin_node]: WindPlugin: set wind_speed=1.58 wind_direction=-14.5
[gzserver-2] [INFO] [1773171034.680176390] [gazebo_wind_plugin_node]: WindPlugin: set wind_speed=1.58 wind_direction=-14.5
