[INFO] [launch]: All log files can be found below /home/j/.ros/log/2026-03-11-07-52-05-631188-j-1984016
[INFO] [launch]: Default logging verbosity is set to INFO
[INFO] [launch.user]: [bringup] Apriltag config: camera=/drone/bottom, image=/drone/bottom/image_raw, tags=/drone/bottom/tags, bridge=/landing_tag_state, standalone=true, use_target_id=true, target_id=0
[INFO] [rviz2-1]: process started with pid [1984019]
[INFO] [gzserver-2]: process started with pid [1984021]
[INFO] [robot_state_publisher-3]: process started with pid [1984023]
[INFO] [joint_state_publisher-4]: process started with pid [1984025]
[INFO] [spawn_drone-5]: process started with pid [1984027]
[INFO] [static_transform_publisher-6]: process started with pid [1984029]
[INFO] [joy_node-7]: process started with pid [1984031]
[INFO] [teleop_joystick-8]: process started with pid [1984033]
[INFO] [apriltag_detector_node-9]: process started with pid [1984035]
[INFO] [apriltag_state_bridge-10]: process started with pid [1984037]
[static_transform_publisher-6] [WARN] [1773183126.105206567] []: Old-style arguments are deprecated; see --help for new-style arguments
[static_transform_publisher-6] [INFO] [1773183126.114255400] [static_transform_publisher_fcpNiqEcgB1BLPXC]: Spinning until stopped - publishing transform
[static_transform_publisher-6] translation: ('0.000000', '0.000000', '0.000000')
[static_transform_publisher-6] rotation: ('0.000000', '0.000000', '0.000000', '1.000000')
[static_transform_publisher-6] from 'world' to '/drone/odom'
[robot_state_publisher-3] [INFO] [1773183126.128404031] [drone.robot_state_publisher]: got segment base_footprint
[robot_state_publisher-3] [INFO] [1773183126.128474845] [drone.robot_state_publisher]: got segment base_link
[robot_state_publisher-3] [INFO] [1773183126.128481153] [drone.robot_state_publisher]: got segment bottom_cam_link
[robot_state_publisher-3] [INFO] [1773183126.128484393] [drone.robot_state_publisher]: got segment front_cam_link
[robot_state_publisher-3] [INFO] [1773183126.128487273] [drone.robot_state_publisher]: got segment sonar_link
[rviz2-1] 
[rviz2-1] (rviz2:1984019): dbind-WARNING **: 07:52:06.137: Couldn't connect to accessibility bus: Failed to connect to socket /root/.cache/at-spi/bus_0: 허가 거부
[teleop_joystick-8] Traceback (most recent call last):
[teleop_joystick-8]   File "/home/j/INCSL/IICC26_ws/install/sjtu_drone_control/lib/sjtu_drone_control/teleop_joystick", line 33, in <module>
[teleop_joystick-8]     sys.exit(load_entry_point('sjtu_drone_control==0.0.0', 'console_scripts', 'teleop_joystick')())
[teleop_joystick-8]   File "/home/j/INCSL/IICC26_ws/install/sjtu_drone_control/lib/sjtu_drone_control/teleop_joystick", line 22, in importlib_load_entry_point
[teleop_joystick-8]     for entry_point in distribution(dist_name).entry_points
[teleop_joystick-8]   File "/usr/lib/python3.10/importlib/metadata/__init__.py", line 969, in distribution
[teleop_joystick-8]     return Distribution.from_name(distribution_name)
[teleop_joystick-8]   File "/usr/lib/python3.10/importlib/metadata/__init__.py", line 548, in from_name
[teleop_joystick-8]     raise PackageNotFoundError(name)
[teleop_joystick-8] importlib.metadata.PackageNotFoundError: No package metadata was found for sjtu_drone_control
[apriltag_detector_node-9] [INFO] [1773183126.159727005] [apriltag_detector_node]: tag detector type: umich
[ERROR] [teleop_joystick-8]: process has died [pid 1984033, exit code 1, cmd '/home/j/INCSL/IICC26_ws/install/sjtu_drone_control/lib/sjtu_drone_control/teleop_joystick --ros-args -r __ns:=/drone'].
[gzserver-2] Gazebo multi-robot simulator, version 11.10.2
[gzserver-2] Copyright (C) 2012 Open Source Robotics Foundation.
[gzserver-2] Released under the Apache 2 License.
[gzserver-2] http://gazebosim.org
[gzserver-2] 
[joint_state_publisher-4] [INFO] [1773183126.364112689] [drone.joint_state_publisher]: Waiting for robot_description to be published on the robot_description topic...
[apriltag_state_bridge-10] [INFO] [1773183126.390981587] [apriltag_state_bridge]: AprilTag bridge started: /drone/bottom/tags -> /landing_tag_state, use_target_id=True, target_id=0
[gzserver-2] [1;33m[Wrn] [gazebo_ros_init.cpp:178] [0m[1;33m
[gzserver-2] #     # ####### ####### ###  #####  #######
[gzserver-2] ##    # #     #    #     #  #     # #
[gzserver-2] # #   # #     #    #     #  #       #
[gzserver-2] #  #  # #     #    #     #  #       #####
[gzserver-2] #   # # #     #    #     #  #       #
[gzserver-2] #    ## #     #    #     #  #     # #
[gzserver-2] #     # #######    #    ###  #####  #######
[gzserver-2] 
[gzserver-2] This version of Gazebo, now called Gazebo classic, reaches end-of-life
[gzserver-2] in January 2025. Users are highly encouraged to migrate to the new Gazebo
[gzserver-2] using our migration guides (https://gazebosim.org/docs/latest/gazebo_classic_migration?utm_source=gazebo_ros_pkgs&utm_medium=cli)
[gzserver-2] 
[gzserver-2] [0m[1;33m
[rviz2-1] [INFO] [1773183126.919110622] [rviz2]: Stereo is NOT SUPPORTED
[rviz2-1] [INFO] [1773183126.919197812] [rviz2]: OpenGl version: 4.6 (GLSL 4.6)
[rviz2-1] [INFO] [1773183127.024906858] [rviz2]: Stereo is NOT SUPPORTED
[rviz2-1] [INFO] [1773183127.098515115] [rviz2]: Stereo is NOT SUPPORTED
[spawn_drone-5] [INFO] [1773183127.526570354] [spawn_drone]: Result False Entity pushed to spawn queue, but spawn service timed outwaiting for entity to appear in simulation under the name [/drone]
[gzserver-2] [1;32m[Msg] [0m[1;32mWaiting for master.[0m[1;32m
[gzserver-2] [0m[1;32m[0m[1;32m[0m[1;32m[Msg] [0m[1;32mConnected to gazebo master @ [0m[1;32mhttp://127.0.0.1:11345[0m[1;32m
[gzserver-2] [0m[1;32m[0m[1;32m[0m[1;32m[Msg] [0m[1;32mPublicized address: [0m[1;32m192.168.0.11[0m[1;32m
[gzserver-2] [0m[1;32m[0m[1;32m[0m[1;32m[Msg] [0m[1;32mLoading world file [[0m[1;32m/home/j/INCSL/IICC26_ws/install/sjtu_drone_description/share/sjtu_drone_description/worlds/landingPad.world[0m[1;32m][0m[1;32m
[gzserver-2] [0m[1;32m[0m[1;32m[0m[1;36m[Dbg] [wind_plugin.cpp:96] [0m[1;36mWindPlugin loaded: speed=[0m[1;36m0[0m[1;36m dir=[0m[1;36m0[0m[1;36m deg area=[0m[1;36m0.1[0m[1;36m coeff=[0m[1;36m1[0m[1;36m
[gzserver-2] [0m[1;33m[0m[1;33m[0m[1;31m[Err] [Sensor.cc:510] [0m[1;31mGet noise index not valid[0m[1;31m
[gzserver-2] [0m[1;31m[0m[1;31m[0m[1;31m[Err] [Sensor.cc:510] [0m[1;31mGet noise index not valid[0m[1;31m
[gzserver-2] [0m[1;31m[0m[1;31m[0m[1;31m[Err] [Sensor.cc:510] [0m[1;31mGet noise index not valid[0m[1;31m
[gzserver-2] [0m[1;31m[0m[1;31m[0m[1;31m[Err] [Sensor.cc:510] [0m[1;31mGet noise index not valid[0m[1;31m
[gzserver-2] [0m[1;31m[0m[1;31m[0m[1;31m[Err] [Sensor.cc:510] [0m[1;31mGet noise index not valid[0m[1;31m
[gzserver-2] [0m[1;31m[0m[1;31m[0m[1;31m[Err] [Sensor.cc:510] [0m[1;31mGet noise index not valid[0m[1;31m
[gzserver-2] [0m[1;31m[0m[1;31m[0mTopic [default//drone/base_footprint/down_camera/image] is not valid.
[gzserver-2] [INFO] [1773183127.559594653] [drone.collision_plugin]: Publishing contact states to [/drone/bumper_states]
[gzserver-2] Topic [default//drone/base_footprint/front_camera/image] is not valid.
[gzserver-2] [1;33m[Wrn] [Event.cc:61] [0m[1;33mWarning: Deleting a connection right after creation. [0m[1;33mMake sure to save the ConnectionPtr from a Connect call
[INFO] [spawn_drone-5]: process has finished cleanly [pid 1984027]
[gzserver-2] [0m[INFO] [1773183128.136679067] [drone.camera_bottom]: Publishing camera info to [/drone/bottom/camera_info]
[gzserver-2] [INFO] [1773183128.139506043] [drone.camera_front]: Publishing camera info to [/drone/front/camera_info]
[gzserver-2] [INFO] [1773183128.261496557] [drone.simple_drone]: The drone plugin is loading!
[gzserver-2] [INFO] [1773183128.261710783] [drone.simple_drone]: pub_odom: 1
[gzserver-2] [INFO] [1773183128.261747827] [drone.simple_drone]: Using following parameters: 
[gzserver-2] 		link_name: base_footprint,
[gzserver-2] 		max_force: 30,
[gzserver-2] 		motion_small_noise: 0,
[gzserver-2] 		motion_drift_noise: 0,
[gzserver-2] 		motion_drift_noise_time: 50,
[gzserver-2] 		takeoff_hover_height: 1.98,
[gzserver-2] 		takeoff_vertical_speed: 0.2
[gzserver-2] [INFO] [1773183128.273698587] [drone.simple_drone]: Using the PID parameters: 
[gzserver-2] 	Roll Pitch:
[gzserver-2] 		kP: 10, kI: 0,kD: 5, Limit: 0.5, Time Constant: 0
[gzserver-2] 	Yaw:
[gzserver-2] 		kP: 2, kI: 0,kD: 1, Limit: 1.5, Time Constant: 0
[gzserver-2] 	Velocity X:
[gzserver-2] 		kP: 5, kI: 0,kD: 2.3, Limit: 2, Time Constant: 0
[gzserver-2] 	Velocity Y:
[gzserver-2] 		kP: 5, kI: 0,kD: 2.3, Limit: 2, Time Constant: 0
[gzserver-2] 	Velocity Z:
[gzserver-2] 		kP: 5, kI: 0,kD: 1, Limit: -1, Time Constant: 0
[gzserver-2] 	Position XY:
[gzserver-2] 		kP: 1.1, kI: 0,kD: 0, Limit: 5, Time Constant: 0
[gzserver-2] 	Position Z:
[gzserver-2] 		kP: 1, kI: 0,kD: 0.2, Limit: -1, Time Constant: 0
[gzserver-2] [INFO] [1773183128.273831266] [drone.simple_drone]: The drone plugin finished loading!
[gzserver-2] [INFO] [1773183135.476269676] [gazebo_wind_plugin_node]: WindPlugin: set wind_speed=0.00 wind_direction=0.0
[gzserver-2] [INFO] [1773183135.749230562] [gazebo_wind_plugin_node]: WindPlugin: set wind_speed=0.00 wind_direction=0.0
[gzserver-2] [INFO] [1773183135.788363684] [drone.simple_drone]: Quadrotor takes off!!
[gzserver-2] [INFO] [1773183135.991964731] [gazebo_wind_plugin_node]: WindPlugin: set wind_speed=0.00 wind_direction=0.0
[gzserver-2] [INFO] [1773183136.231566200] [gazebo_wind_plugin_node]: WindPlugin: set wind_speed=0.00 wind_direction=0.0
[gzserver-2] [INFO] [1773183136.471675081] [gazebo_wind_plugin_node]: WindPlugin: set wind_speed=0.00 wind_direction=0.0
[gzserver-2] [INFO] [1773183136.706637365] [gazebo_wind_plugin_node]: WindPlugin: set wind_speed=0.00 wind_direction=0.0
[gzserver-2] [INFO] [1773183136.945696656] [gazebo_wind_plugin_node]: WindPlugin: set wind_speed=0.00 wind_direction=0.0
[gzserver-2] [INFO] [1773183137.180180690] [gazebo_wind_plugin_node]: WindPlugin: set wind_speed=0.00 wind_direction=0.0
[gzserver-2] [0m[1;36m[Dbg] [wind_plugin.cpp:110] [0m[1;36mWindPlugin: received command -> speed=[0m[1;36m0[0m[1;36m dir=[0m[1;36m0[0m[1;36m
[gzserver-2] [0m[1;36m[Dbg] [wind_plugin.cpp:110] [0m[1;36mWindPlugin: received command -> speed=[0m[1;36m0[0m[1;36m dir=[0m[1;36m0[0m[1;36m
[gzserver-2] [0m[1;36m[Dbg] [wind_plugin.cpp:110] [0m[1;36mWindPlugin: received command -> speed=[0m[1;36m0[0m[1;36m dir=[0m[1;36m0[0m[1;36m
[gzserver-2] [0m[1;36m[Dbg] [wind_plugin.cpp:110] [0m[1;36mWindPlugin: received command -> speed=[0m[1;36m0[0m[1;36m dir=[0m[1;36m0[0m[1;36m
[gzserver-2] [0m[1;36m[Dbg] [wind_plugin.cpp:110] [0m[1;36mWindPlugin: received command -> speed=[0m[1;36m0[0m[1;36m dir=[0m[1;36m0[0m[1;36m
[gzserver-2] [0m[1;36m[Dbg] [wind_plugin.cpp:110] [0m[1;36mWindPlugin: received command -> speed=[0m[1;36m0[0m[1;36m dir=[0m[1;36m0[0m[1;36m
[gzserver-2] [0m[1;36m[Dbg] [wind_plugin.cpp:110] [0m[1;36mWindPlugin: received command -> speed=[0m[1;36m0[0m[1;36m dir=[0m[1;36m0[0m[1;36m
[gzserver-2] [0m[1;36m[Dbg] [wind_plugin.cpp:110] [0m[1;36mWindPlugin: received command -> speed=[0m[1;36m0[0m[1;36m dir=[0m[1;36m0[0m[1;36m
[gzserver-2] [0mEntering flying model!
[gzserver-2] [INFO] [1773183137.414350893] [gazebo_wind_plugin_node]: WindPlugin: set wind_speed=0.00 wind_direction=0.0
[gzserver-2] [INFO] [1773183137.654401662] [gazebo_wind_plugin_node]: WindPlugin: set wind_speed=1.47 wind_direction=-83.2
[gzserver-2] [INFO] [1773183137.894063834] [gazebo_wind_plugin_node]: WindPlugin: set wind_speed=1.47 wind_direction=-83.2
[gzserver-2] [INFO] [1773183138.128674164] [gazebo_wind_plugin_node]: WindPlugin: set wind_speed=1.74 wind_direction=-80.8
[gzserver-2] [INFO] [1773183138.368246646] [gazebo_wind_plugin_node]: WindPlugin: set wind_speed=1.74 wind_direction=-80.8
[gzserver-2] [INFO] [1773183138.602838918] [gazebo_wind_plugin_node]: WindPlugin: set wind_speed=1.74 wind_direction=-80.8
[gzserver-2] [INFO] [1773183138.831469995] [gazebo_wind_plugin_node]: WindPlugin: set wind_speed=1.74 wind_direction=-80.8
[gzserver-2] [INFO] [1773183139.060931660] [gazebo_wind_plugin_node]: WindPlugin: set wind_speed=1.56 wind_direction=-80.0
[gzserver-2] [INFO] [1773183139.297477647] [gazebo_wind_plugin_node]: WindPlugin: set wind_speed=1.56 wind_direction=-80.0
[gzserver-2] [INFO] [1773183139.526335891] [gazebo_wind_plugin_node]: WindPlugin: set wind_speed=1.56 wind_direction=-80.0
[gzserver-2] [INFO] [1773183139.765667720] [gazebo_wind_plugin_node]: WindPlugin: set wind_speed=1.56 wind_direction=-80.0
[gzserver-2] [INFO] [1773183140.007175966] [gazebo_wind_plugin_node]: WindPlugin: set wind_speed=1.69 wind_direction=-80.7
[gzserver-2] [INFO] [1773183140.246813289] [gazebo_wind_plugin_node]: WindPlugin: set wind_speed=1.69 wind_direction=-80.7
[gzserver-2] [INFO] [1773183140.486042334] [gazebo_wind_plugin_node]: WindPlugin: set wind_speed=1.69 wind_direction=-80.7
[gzserver-2] [INFO] [1773183140.726060625] [gazebo_wind_plugin_node]: WindPlugin: set wind_speed=1.69 wind_direction=-80.7
[gzserver-2] [INFO] [1773183140.965785009] [gazebo_wind_plugin_node]: WindPlugin: set wind_speed=1.69 wind_direction=-80.7
[gzserver-2] [INFO] [1773183140.999698997] [drone.simple_drone]: Quadrotor lands!!
[gzserver-2] [INFO] [1773183141.201162536] [gazebo_wind_plugin_node]: WindPlugin: set wind_speed=1.75 wind_direction=-78.9
[gzserver-2] [INFO] [1773183141.440131159] [gazebo_wind_plugin_node]: WindPlugin: set wind_speed=1.75 wind_direction=-78.9
[gzserver-2] [INFO] [1773183141.679610073] [gazebo_wind_plugin_node]: WindPlugin: set wind_speed=1.75 wind_direction=-78.9
[gzserver-2] [INFO] [1773183141.918949645] [gazebo_wind_plugin_node]: WindPlugin: set wind_speed=1.75 wind_direction=-78.9
[gzserver-2] [1;36m[Dbg] [wind_plugin.cpp:110] [0m[1;36mWindPlugin: received command -> speed=[0m[1;36m0[0m[1;36m dir=[0m[1;36m0[0m[1;36m
[gzserver-2] [0m[1;36m[Dbg] [wind_plugin.cpp:110] [0m[1;36mWindPlugin: received command -> speed=[0m[1;36m1.46781[0m[1;36m dir=[0m[1;36m-83.2456[0m[1;36m
[gzserver-2] [0m[1;36m[Dbg] [wind_plugin.cpp:110] [0m[1;36mWindPlugin: received command -> speed=[0m[1;36m1.46781[0m[1;36m dir=[0m[1;36m-83.2456[0m[1;36m
[gzserver-2] [0m[1;36m[Dbg] [wind_plugin.cpp:110] [0m[1;36mWindPlugin: received command -> speed=[0m[1;36m1.73654[0m[1;36m dir=[0m[1;36m-80.7735[0m[1;36m
[gzserver-2] [0m[1;36m[Dbg] [wind_plugin.cpp:110] [0m[1;36mWindPlugin: received command -> speed=[0m[1;36m1.73654[0m[1;36m dir=[0m[1;36m-80.7735[0m[1;36m
[gzserver-2] [0m[1;36m[Dbg] [wind_plugin.cpp:110] [0m[1;36mWindPlugin: received command -> speed=[0m[1;36m1.73654[0m[1;36m dir=[0m[1;36m-80.7735[0m[1;36m
[gzserver-2] [0m[1;36m[Dbg] [wind_plugin.cpp:110] [0m[1;36mWindPlugin: received command -> speed=[0m[1;36m1.73654[0m[1;36m dir=[0m[1;36m-80.7735[0m[1;36m
[gzserver-2] [0m[1;36m[Dbg] [wind_plugin.cpp:110] [0m[1;36mWindPlugin: received command -> speed=[0m[1;36m1.56156[0m[1;36m dir=[0m[1;36m-80.0187[0m[1;36m
[gzserver-2] [0m[1;36m[Dbg] [wind_plugin.cpp:110] [0m[1;36mWindPlugin: received command -> speed=[0m[1;36m1.56156[0m[1;36m dir=[0m[1;36m-80.0187[0m[1;36m
[gzserver-2] [0m[1;36m[Dbg] [wind_plugin.cpp:110] [0m[1;36mWindPlugin: received command -> speed=[0m[1;36m1.56156[0m[1;36m dir=[0m[1;36m-80.0187[0m[1;36m
[gzserver-2] [0m[1;36m[Dbg] [wind_plugin.cpp:110] [0m[1;36mWindPlugin: received command -> speed=[0m[1;36m1.56156[0m[1;36m dir=[0m[1;36m-80.0187[0m[1;36m
[gzserver-2] [0m[1;36m[Dbg] [wind_plugin.cpp:110] [0m[1;36mWindPlugin: received command -> speed=[0m[1;36m1.68564[0m[1;36m dir=[0m[1;36m-80.7186[0m[1;36m
[gzserver-2] [0m[1;36m[Dbg] [wind_plugin.cpp:110] [0m[1;36mWindPlugin: received command -> speed=[0m[1;36m1.68564[0m[1;36m dir=[0m[1;36m-80.7186[0m[1;36m
[gzserver-2] [0m[1;36m[Dbg] [wind_plugin.cpp:110] [0m[1;36mWindPlugin: received command -> speed=[0m[1;36m1.68564[0m[1;36m dir=[0m[1;36m-80.7186[0m[1;36m
[gzserver-2] [0m[1;36m[Dbg] [wind_plugin.cpp:110] [0m[1;36mWindPlugin: received command -> speed=[0m[1;36m1.68564[0m[1;36m dir=[0m[1;36m-80.7186[0m[1;36m
[gzserver-2] [0m[1;36m[Dbg] [wind_plugin.cpp:110] [0m[1;36mWindPlugin: received command -> speed=[0m[1;36m1.68564[0m[1;36m dir=[0m[1;36m-80.7186[0m[1;36m
[gzserver-2] [0m[1;36m[Dbg] [wind_plugin.cpp:110] [0m[1;36mWindPlugin: received command -> speed=[0m[1;36m1.7542[0m[1;36m dir=[0m[1;36m-78.9139[0m[1;36m
[gzserver-2] [0m[1;36m[Dbg] [wind_plugin.cpp:110] [0m[1;36mWindPlugin: received command -> speed=[0m[1;36m1.7542[0m[1;36m dir=[0m[1;36m-78.9139[0m[1;36m
[gzserver-2] [0m[1;36m[Dbg] [wind_plugin.cpp:110] [0m[1;36mWindPlugin: received command -> speed=[0m[1;36m1.7542[0m[1;36m dir=[0m[1;36m-78.9139[0m[1;36m
[gzserver-2] [0m[1;36m[Dbg] [wind_plugin.cpp:110] [0m[1;36mWindPlugin: received command -> speed=[0m[1;36m1.7542[0m[1;36m dir=[0m[1;36m-78.9139[0m[1;36m
[gzserver-2] [0mLanded!
[gzserver-2] [INFO] [1773183142.160158939] [gazebo_wind_plugin_node]: WindPlugin: set wind_speed=1.70 wind_direction=-77.4
[gzserver-2] [INFO] [1773183142.400604419] [gazebo_wind_plugin_node]: WindPlugin: set wind_speed=1.70 wind_direction=-77.4
[gzserver-2] [INFO] [1773183142.635391054] [gazebo_wind_plugin_node]: WindPlugin: set wind_speed=1.70 wind_direction=-77.4
[gzserver-2] [INFO] [1773183142.871906611] [gazebo_wind_plugin_node]: WindPlugin: set wind_speed=1.70 wind_direction=-77.4
[gzserver-2] [INFO] [1773183143.111278684] [gazebo_wind_plugin_node]: WindPlugin: set wind_speed=1.60 wind_direction=-79.7
[gzserver-2] [INFO] [1773183143.346088216] [gazebo_wind_plugin_node]: WindPlugin: set wind_speed=1.60 wind_direction=-79.7
[gzserver-2] [INFO] [1773183143.586163748] [gazebo_wind_plugin_node]: WindPlugin: set wind_speed=1.60 wind_direction=-79.7
[gzserver-2] [INFO] [1773183143.825570095] [gazebo_wind_plugin_node]: WindPlugin: set wind_speed=1.60 wind_direction=-79.7
