[INFO] [launch]: All log files can be found below /home/j/.ros/log/2026-03-10-23-32-42-745379-j-1789009
[INFO] [launch]: Default logging verbosity is set to INFO
[INFO] [launch.user]: [bringup] Apriltag config: camera=/drone/bottom, image=/drone/bottom/image_raw, tags=/drone/bottom/tags, bridge=/landing_tag_state, standalone=true, use_target_id=true, target_id=0
[INFO] [rviz2-1]: process started with pid [1789010]
[INFO] [gzserver-2]: process started with pid [1789012]
[INFO] [robot_state_publisher-3]: process started with pid [1789014]
[INFO] [joint_state_publisher-4]: process started with pid [1789016]
[INFO] [spawn_drone-5]: process started with pid [1789018]
[INFO] [static_transform_publisher-6]: process started with pid [1789020]
[INFO] [joy_node-7]: process started with pid [1789022]
[INFO] [teleop_joystick-8]: process started with pid [1789024]
[INFO] [apriltag_detector_node-9]: process started with pid [1789026]
[INFO] [apriltag_state_bridge-10]: process started with pid [1789029]
[static_transform_publisher-6] [WARN] [1773153163.214180751] []: Old-style arguments are deprecated; see --help for new-style arguments
[static_transform_publisher-6] [INFO] [1773153163.222715193] [static_transform_publisher_kYBINKyU8AJ80bYb]: Spinning until stopped - publishing transform
[static_transform_publisher-6] translation: ('0.000000', '0.000000', '0.000000')
[static_transform_publisher-6] rotation: ('0.000000', '0.000000', '0.000000', '1.000000')
[static_transform_publisher-6] from 'world' to '/drone/odom'
[robot_state_publisher-3] [INFO] [1773153163.242782467] [drone.robot_state_publisher]: got segment base_footprint
[robot_state_publisher-3] [INFO] [1773153163.242851718] [drone.robot_state_publisher]: got segment base_link
[robot_state_publisher-3] [INFO] [1773153163.242858005] [drone.robot_state_publisher]: got segment bottom_cam_link
[robot_state_publisher-3] [INFO] [1773153163.242861180] [drone.robot_state_publisher]: got segment front_cam_link
[robot_state_publisher-3] [INFO] [1773153163.242863912] [drone.robot_state_publisher]: got segment sonar_link
[rviz2-1] 
[rviz2-1] (rviz2:1789010): dbind-WARNING **: 23:32:43.248: Couldn't connect to accessibility bus: Failed to connect to socket /root/.cache/at-spi/bus_0: 허가 거부
[teleop_joystick-8] Traceback (most recent call last):
[teleop_joystick-8]   File "/home/j/INCSL/IICC26_ws/install/sjtu_drone_control/lib/sjtu_drone_control/teleop_joystick", line 33, in <module>
[teleop_joystick-8]     sys.exit(load_entry_point('sjtu_drone_control==0.0.0', 'console_scripts', 'teleop_joystick')())
[teleop_joystick-8]   File "/home/j/INCSL/IICC26_ws/install/sjtu_drone_control/lib/sjtu_drone_control/teleop_joystick", line 22, in importlib_load_entry_point
[teleop_joystick-8]     for entry_point in distribution(dist_name).entry_points
[teleop_joystick-8]   File "/usr/lib/python3.10/importlib/metadata/__init__.py", line 969, in distribution
[teleop_joystick-8]     return Distribution.from_name(distribution_name)
[teleop_joystick-8]   File "/usr/lib/python3.10/importlib/metadata/__init__.py", line 548, in from_name
[teleop_joystick-8]     raise PackageNotFoundError(name)
[teleop_joystick-8] importlib.metadata.PackageNotFoundError: No package metadata was found for sjtu_drone_control
[apriltag_detector_node-9] [INFO] [1773153163.267891988] [apriltag_detector_node]: tag detector type: umich
[ERROR] [teleop_joystick-8]: process has died [pid 1789024, exit code 1, cmd '/home/j/INCSL/IICC26_ws/install/sjtu_drone_control/lib/sjtu_drone_control/teleop_joystick --ros-args -r __ns:=/drone'].
[apriltag_state_bridge-10] [INFO] [1773153163.437018199] [apriltag_state_bridge]: AprilTag bridge started: /drone/bottom/tags -> /landing_tag_state, use_target_id=True, target_id=0
[gzserver-2] Gazebo multi-robot simulator, version 11.10.2
[gzserver-2] Copyright (C) 2012 Open Source Robotics Foundation.
[gzserver-2] Released under the Apache 2 License.
[gzserver-2] http://gazebosim.org
[gzserver-2] 
[joint_state_publisher-4] [INFO] [1773153163.497689205] [drone.joint_state_publisher]: Waiting for robot_description to be published on the robot_description topic...
[rviz2-1] [INFO] [1773153163.597830303] [rviz2]: Stereo is NOT SUPPORTED
[rviz2-1] [INFO] [1773153163.597922417] [rviz2]: OpenGl version: 4.6 (GLSL 4.6)
[gzserver-2] [1;33m[Wrn] [gazebo_ros_init.cpp:178] [0m[1;33m
[gzserver-2] #     # ####### ####### ###  #####  #######
[gzserver-2] ##    # #     #    #     #  #     # #
[gzserver-2] # #   # #     #    #     #  #       #
[gzserver-2] #  #  # #     #    #     #  #       #####
[gzserver-2] #   # # #     #    #     #  #       #
[gzserver-2] #    ## #     #    #     #  #     # #
[gzserver-2] #     # #######    #    ###  #####  #######
[gzserver-2] 
[gzserver-2] This version of Gazebo, now called Gazebo classic, reaches end-of-life
[gzserver-2] in January 2025. Users are highly encouraged to migrate to the new Gazebo
[gzserver-2] using our migration guides (https://gazebosim.org/docs/latest/gazebo_classic_migration?utm_source=gazebo_ros_pkgs&utm_medium=cli)
[gzserver-2] 
[gzserver-2] [0m[1;33m
[rviz2-1] [INFO] [1773153163.629092928] [rviz2]: Stereo is NOT SUPPORTED
[rviz2-1] [INFO] [1773153163.681702493] [rviz2]: Stereo is NOT SUPPORTED
[spawn_drone-5] [INFO] [1773153164.497743629] [spawn_drone]: Result False Entity pushed to spawn queue, but spawn service timed outwaiting for entity to appear in simulation under the name [/drone]
[gzserver-2] [1;32m[Msg] [0m[1;32mWaiting for master.[0m[1;32m
[gzserver-2] [0m[1;32m[0m[1;32m[0m[1;32m[Msg] [0m[1;32mConnected to gazebo master @ [0m[1;32mhttp://127.0.0.1:11345[0m[1;32m
[gzserver-2] [0m[1;32m[0m[1;32m[0m[1;32m[Msg] [0m[1;32mPublicized address: [0m[1;32m192.168.0.11[0m[1;32m
[gzserver-2] [0m[1;32m[0m[1;32m[0m[1;32m[Msg] [0m[1;32mLoading world file [[0m[1;32m/home/j/INCSL/IICC26_ws/install/sjtu_drone_description/share/sjtu_drone_description/worlds/landingPad.world[0m[1;32m][0m[1;32m
[gzserver-2] [0m[1;32m[0m[1;32m[0m[1;36m[Dbg] [wind_plugin.cpp:96] [0m[1;36mWindPlugin loaded: speed=[0m[1;36m0[0m[1;36m dir=[0m[1;36m0[0m[1;36m deg area=[0m[1;36m0.1[0m[1;36m coeff=[0m[1;36m1[0m[1;36m
[gzserver-2] [0m[1;33m[0m[1;33m[0m[1;31m[Err] [Sensor.cc:510] [0m[1;31mGet noise index not valid[0m[1;31m
[gzserver-2] [0m[1;31m[0m[1;31m[0m[1;31m[Err] [Sensor.cc:510] [0m[1;31mGet noise index not valid[0m[1;31m
[gzserver-2] [0m[1;31m[0m[1;31m[0m[1;31m[Err] [Sensor.cc:510] [0m[1;31mGet noise index not valid[0m[1;31m
[gzserver-2] [0m[1;31m[0m[1;31m[0m[1;31m[Err] [Sensor.cc:510] [0m[1;31mGet noise index not valid[0m[1;31m
[gzserver-2] [0m[1;31m[0m[1;31m[0m[1;31m[Err] [Sensor.cc:510] [0m[1;31mGet noise index not valid[0m[1;31m
[gzserver-2] [0m[1;31m[0m[1;31m[0m[1;31m[Err] [Sensor.cc:510] [0m[1;31mGet noise index not valid[0m[1;31m
[gzserver-2] [0m[1;31m[0m[1;31m[0mTopic [default//drone/base_footprint/down_camera/image] is not valid.
[gzserver-2] Topic [default//drone/base_footprint/front_camera/image] is not valid.
[gzserver-2] [INFO] [1773153164.520342110] [drone.collision_plugin]: Publishing contact states to [/drone/bumper_states]
[gzserver-2] [1;33m[Wrn] [Event.cc:61] [0m[1;33mWarning: Deleting a connection right after creation. [0m[1;33mMake sure to save the ConnectionPtr from a Connect call
[INFO] [spawn_drone-5]: process has finished cleanly [pid 1789018]
[gzserver-2] [0m[INFO] [1773153165.111009643] [drone.camera_bottom]: Publishing camera info to [/drone/bottom/camera_info]
[gzserver-2] [INFO] [1773153165.115409981] [drone.camera_front]: Publishing camera info to [/drone/front/camera_info]
[gzserver-2] [INFO] [1773153165.237530715] [drone.simple_drone]: The drone plugin is loading!
[gzserver-2] [INFO] [1773153165.237732916] [drone.simple_drone]: pub_odom: 1
[gzserver-2] [INFO] [1773153165.237764959] [drone.simple_drone]: Using following parameters: 
[gzserver-2] 		link_name: base_footprint,
[gzserver-2] 		max_force: 30,
[gzserver-2] 		motion_small_noise: 0,
[gzserver-2] 		motion_drift_noise: 0,
[gzserver-2] 		motion_drift_noise_time: 50,
[gzserver-2] 		takeoff_hover_height: 2.39,
[gzserver-2] 		takeoff_vertical_speed: 0.2
[gzserver-2] [INFO] [1773153165.249338452] [drone.simple_drone]: Using the PID parameters: 
[gzserver-2] 	Roll Pitch:
[gzserver-2] 		kP: 10, kI: 0,kD: 5, Limit: 0.5, Time Constant: 0
[gzserver-2] 	Yaw:
[gzserver-2] 		kP: 2, kI: 0,kD: 1, Limit: 1.5, Time Constant: 0
[gzserver-2] 	Velocity X:
[gzserver-2] 		kP: 5, kI: 0,kD: 2.3, Limit: 2, Time Constant: 0
[gzserver-2] 	Velocity Y:
[gzserver-2] 		kP: 5, kI: 0,kD: 2.3, Limit: 2, Time Constant: 0
[gzserver-2] 	Velocity Z:
[gzserver-2] 		kP: 5, kI: 0,kD: 1, Limit: -1, Time Constant: 0
[gzserver-2] 	Position XY:
[gzserver-2] 		kP: 1.1, kI: 0,kD: 0, Limit: 5, Time Constant: 0
[gzserver-2] 	Position Z:
[gzserver-2] 		kP: 1, kI: 0,kD: 0.2, Limit: -1, Time Constant: 0
[gzserver-2] [INFO] [1773153165.249467836] [drone.simple_drone]: The drone plugin finished loading!
[gzserver-2] [INFO] [1773153172.593887848] [gazebo_wind_plugin_node]: WindPlugin: set wind_speed=0.00 wind_direction=0.0
[gzserver-2] [INFO] [1773153172.868048711] [gazebo_wind_plugin_node]: WindPlugin: set wind_speed=0.00 wind_direction=0.0
[gzserver-2] [INFO] [1773153172.901063683] [drone.simple_drone]: Quadrotor takes off!!
[gzserver-2] [INFO] [1773153173.101830999] [gazebo_wind_plugin_node]: WindPlugin: set wind_speed=0.00 wind_direction=0.0
[gzserver-2] [INFO] [1773153173.341077189] [gazebo_wind_plugin_node]: WindPlugin: set wind_speed=0.00 wind_direction=0.0
[gzserver-2] [INFO] [1773153173.582348605] [gazebo_wind_plugin_node]: WindPlugin: set wind_speed=0.00 wind_direction=0.0
[gzserver-2] [INFO] [1773153173.821504039] [gazebo_wind_plugin_node]: WindPlugin: set wind_speed=0.00 wind_direction=0.0
[gzserver-2] [INFO] [1773153174.060687596] [gazebo_wind_plugin_node]: WindPlugin: set wind_speed=0.00 wind_direction=0.0
[gzserver-2] [INFO] [1773153174.342927951] [gazebo_wind_plugin_node]: WindPlugin: set wind_speed=0.00 wind_direction=0.0
[gzserver-2] [INFO] [1773153174.627014760] [gazebo_wind_plugin_node]: WindPlugin: set wind_speed=0.00 wind_direction=0.0
[gzserver-2] [0m[1;36m[Dbg] [wind_plugin.cpp:110] [0m[1;36mWindPlugin: received command -> speed=[0m[1;36m0[0m[1;36m dir=[0m[1;36m0[0m[1;36m
[gzserver-2] [0m[1;36m[Dbg] [wind_plugin.cpp:110] [0m[1;36mWindPlugin: received command -> speed=[0m[1;36m0[0m[1;36m dir=[0m[1;36m0[0m[1;36m
[gzserver-2] [0m[1;36m[Dbg] [wind_plugin.cpp:110] [0m[1;36mWindPlugin: received command -> speed=[0m[1;36m0[0m[1;36m dir=[0m[1;36m0[0m[1;36m
[gzserver-2] [0m[1;36m[Dbg] [wind_plugin.cpp:110] [0m[1;36mWindPlugin: received command -> speed=[0m[1;36m0[0m[1;36m dir=[0m[1;36m0[0m[1;36m
[gzserver-2] [0m[1;36m[Dbg] [wind_plugin.cpp:110] [0m[1;36mWindPlugin: received command -> speed=[0m[1;36m0[0m[1;36m dir=[0m[1;36m0[0m[1;36m
[gzserver-2] [0m[1;36m[Dbg] [wind_plugin.cpp:110] [0m[1;36mWindPlugin: received command -> speed=[0m[1;36m0[0m[1;36m dir=[0m[1;36m0[0m[1;36m
[gzserver-2] [0m[1;36m[Dbg] [wind_plugin.cpp:110] [0m[1;36mWindPlugin: received command -> speed=[0m[1;36m0[0m[1;36m dir=[0m[1;36m0[0m[1;36m
[gzserver-2] [0m[1;36m[Dbg] [wind_plugin.cpp:110] [0m[1;36mWindPlugin: received command -> speed=[0m[1;36m0[0m[1;36m dir=[0m[1;36m0[0m[1;36m
[gzserver-2] [0m[1;36m[Dbg] [wind_plugin.cpp:110] [0m[1;36mWindPlugin: received command -> speed=[0m[1;36m0[0m[1;36m dir=[0m[1;36m0[0m[1;36m
[gzserver-2] [0mEntering flying model!
[gzserver-2] [INFO] [1773153174.864540004] [gazebo_wind_plugin_node]: WindPlugin: set wind_speed=0.00 wind_direction=0.0
[gzserver-2] [INFO] [1773153175.097462660] [gazebo_wind_plugin_node]: WindPlugin: set wind_speed=2.19 wind_direction=33.9
[gzserver-2] [INFO] [1773153175.334782720] [gazebo_wind_plugin_node]: WindPlugin: set wind_speed=2.19 wind_direction=33.9
[gzserver-2] [INFO] [1773153175.568733705] [gazebo_wind_plugin_node]: WindPlugin: set wind_speed=2.19 wind_direction=33.9
[gzserver-2] [INFO] [1773153175.803172112] [gazebo_wind_plugin_node]: WindPlugin: set wind_speed=2.19 wind_direction=33.9
[gzserver-2] [INFO] [1773153176.038194387] [gazebo_wind_plugin_node]: WindPlugin: set wind_speed=2.19 wind_direction=33.9
[gzserver-2] [INFO] [1773153176.272186090] [gazebo_wind_plugin_node]: WindPlugin: set wind_speed=2.18 wind_direction=34.8
[gzserver-2] [INFO] [1773153176.507169544] [gazebo_wind_plugin_node]: WindPlugin: set wind_speed=2.18 wind_direction=34.8
[gzserver-2] [INFO] [1773153176.746980068] [gazebo_wind_plugin_node]: WindPlugin: set wind_speed=2.18 wind_direction=34.8
[gzserver-2] [INFO] [1773153176.986417310] [gazebo_wind_plugin_node]: WindPlugin: set wind_speed=2.18 wind_direction=34.8
[gzserver-2] [INFO] [1773153177.225561368] [gazebo_wind_plugin_node]: WindPlugin: set wind_speed=2.17 wind_direction=34.8
[gzserver-2] [INFO] [1773153177.459641651] [gazebo_wind_plugin_node]: WindPlugin: set wind_speed=2.17 wind_direction=34.8
[gzserver-2] [INFO] [1773153177.699267546] [gazebo_wind_plugin_node]: WindPlugin: set wind_speed=2.17 wind_direction=34.8
[gzserver-2] [INFO] [1773153177.938525681] [gazebo_wind_plugin_node]: WindPlugin: set wind_speed=2.17 wind_direction=34.8
[gzserver-2] [INFO] [1773153177.970769940] [drone.simple_drone]: Quadrotor lands!!
[gzserver-2] [INFO] [1773153178.172323617] [gazebo_wind_plugin_node]: WindPlugin: set wind_speed=2.28 wind_direction=35.2
[gzserver-2] [INFO] [1773153178.406991522] [gazebo_wind_plugin_node]: WindPlugin: set wind_speed=2.28 wind_direction=35.2
[gzserver-2] [INFO] [1773153178.641756677] [gazebo_wind_plugin_node]: WindPlugin: set wind_speed=2.28 wind_direction=35.2
[gzserver-2] [INFO] [1773153178.881950037] [gazebo_wind_plugin_node]: WindPlugin: set wind_speed=2.28 wind_direction=35.2
[gzserver-2] [1;36m[Dbg] [wind_plugin.cpp:110] [0m[1;36mWindPlugin: received command -> speed=[0m[1;36m0[0m[1;36m dir=[0m[1;36m0[0m[1;36m
[gzserver-2] [0m[1;36m[Dbg] [wind_plugin.cpp:110] [0m[1;36mWindPlugin: received command -> speed=[0m[1;36m2.1904[0m[1;36m dir=[0m[1;36m33.9111[0m[1;36m
[gzserver-2] [0m[1;36m[Dbg] [wind_plugin.cpp:110] [0m[1;36mWindPlugin: received command -> speed=[0m[1;36m2.1904[0m[1;36m dir=[0m[1;36m33.9111[0m[1;36m
[gzserver-2] [0m[1;36m[Dbg] [wind_plugin.cpp:110] [0m[1;36mWindPlugin: received command -> speed=[0m[1;36m2.1904[0m[1;36m dir=[0m[1;36m33.9111[0m[1;36m
[gzserver-2] [0m[1;36m[Dbg] [wind_plugin.cpp:110] [0m[1;36mWindPlugin: received command -> speed=[0m[1;36m2.1904[0m[1;36m dir=[0m[1;36m33.9111[0m[1;36m
[gzserver-2] [0m[1;36m[Dbg] [wind_plugin.cpp:110] [0m[1;36mWindPlugin: received command -> speed=[0m[1;36m2.1904[0m[1;36m dir=[0m[1;36m33.9111[0m[1;36m
[gzserver-2] [0m[1;36m[Dbg] [wind_plugin.cpp:110] [0m[1;36mWindPlugin: received command -> speed=[0m[1;36m2.18353[0m[1;36m dir=[0m[1;36m34.7562[0m[1;36m
[gzserver-2] [0m[1;36m[Dbg] [wind_plugin.cpp:110] [0m[1;36mWindPlugin: received command -> speed=[0m[1;36m2.18353[0m[1;36m dir=[0m[1;36m34.7562[0m[1;36m
[gzserver-2] [0m[1;36m[Dbg] [wind_plugin.cpp:110] [0m[1;36mWindPlugin: received command -> speed=[0m[1;36m2.18353[0m[1;36m dir=[0m[1;36m34.7562[0m[1;36m
[gzserver-2] [0m[1;36m[Dbg] [wind_plugin.cpp:110] [0m[1;36mWindPlugin: received command -> speed=[0m[1;36m2.18353[0m[1;36m dir=[0m[1;36m34.7562[0m[1;36m
[gzserver-2] [0m[1;36m[Dbg] [wind_plugin.cpp:110] [0m[1;36mWindPlugin: received command -> speed=[0m[1;36m2.16824[0m[1;36m dir=[0m[1;36m34.8191[0m[1;36m
[gzserver-2] [0m[1;36m[Dbg] [wind_plugin.cpp:110] [0m[1;36mWindPlugin: received command -> speed=[0m[1;36m2.16824[0m[1;36m dir=[0m[1;36m34.8191[0m[1;36m
[gzserver-2] [0m[1;36m[Dbg] [wind_plugin.cpp:110] [0m[1;36mWindPlugin: received command -> speed=[0m[1;36m2.16824[0m[1;36m dir=[0m[1;36m34.8191[0m[1;36m
[gzserver-2] [0m[1;36m[Dbg] [wind_plugin.cpp:110] [0m[1;36mWindPlugin: received command -> speed=[0m[1;36m2.16824[0m[1;36m dir=[0m[1;36m34.8191[0m[1;36m
[gzserver-2] [0m[1;36m[Dbg] [wind_plugin.cpp:110] [0m[1;36mWindPlugin: received command -> speed=[0m[1;36m2.28389[0m[1;36m dir=[0m[1;36m35.1956[0m[1;36m
[gzserver-2] [0m[1;36m[Dbg] [wind_plugin.cpp:110] [0m[1;36mWindPlugin: received command -> speed=[0m[1;36m2.28389[0m[1;36m dir=[0m[1;36m35.1956[0m[1;36m
[gzserver-2] [0m[1;36m[Dbg] [wind_plugin.cpp:110] [0m[1;36mWindPlugin: received command -> speed=[0m[1;36m2.28389[0m[1;36m dir=[0m[1;36m35.1956[0m[1;36m
[gzserver-2] [0m[1;36m[Dbg] [wind_plugin.cpp:110] [0m[1;36mWindPlugin: received command -> speed=[0m[1;36m2.28389[0m[1;36m dir=[0m[1;36m35.1956[0m[1;36m
[gzserver-2] [0mLanded!
[gzserver-2] [INFO] [1773153179.120760292] [gazebo_wind_plugin_node]: WindPlugin: set wind_speed=2.31 wind_direction=37.6
[gzserver-2] [INFO] [1773153179.361183814] [gazebo_wind_plugin_node]: WindPlugin: set wind_speed=2.31 wind_direction=37.6
[gzserver-2] [INFO] [1773153179.600994047] [gazebo_wind_plugin_node]: WindPlugin: set wind_speed=2.31 wind_direction=37.6
[gzserver-2] [INFO] [1773153179.840026133] [gazebo_wind_plugin_node]: WindPlugin: set wind_speed=2.31 wind_direction=37.6
[gzserver-2] [INFO] [1773153180.079739193] [gazebo_wind_plugin_node]: WindPlugin: set wind_speed=2.31 wind_direction=37.6
[gzserver-2] [INFO] [1773153180.319260671] [gazebo_wind_plugin_node]: WindPlugin: set wind_speed=2.18 wind_direction=33.3
[gzserver-2] [INFO] [1773153180.560917572] [gazebo_wind_plugin_node]: WindPlugin: set wind_speed=2.18 wind_direction=33.3
[gzserver-2] [INFO] [1773153180.801360753] [gazebo_wind_plugin_node]: WindPlugin: set wind_speed=2.18 wind_direction=33.3
