[INFO] [launch]: All log files can be found below /home/j/.ros/log/2026-03-11-03-03-23-835145-j-3442330
[INFO] [launch]: Default logging verbosity is set to INFO
[INFO] [launch.user]: [bringup] Apriltag config: camera=/drone/bottom, image=/drone/bottom/image_raw, tags=/drone/bottom/tags, bridge=/landing_tag_state, standalone=true, use_target_id=true, target_id=0
[INFO] [rviz2-1]: process started with pid [3442341]
[INFO] [gzserver-2]: process started with pid [3442343]
[INFO] [robot_state_publisher-3]: process started with pid [3442345]
[INFO] [joint_state_publisher-4]: process started with pid [3442347]
[INFO] [spawn_drone-5]: process started with pid [3442349]
[INFO] [static_transform_publisher-6]: process started with pid [3442351]
[INFO] [joy_node-7]: process started with pid [3442353]
[INFO] [teleop_joystick-8]: process started with pid [3442355]
[INFO] [apriltag_detector_node-9]: process started with pid [3442357]
[INFO] [apriltag_state_bridge-10]: process started with pid [3442359]
[static_transform_publisher-6] [WARN] [1773165804.308445625] []: Old-style arguments are deprecated; see --help for new-style arguments
[static_transform_publisher-6] [INFO] [1773165804.315318547] [static_transform_publisher_1SglgrGCnynWrtnp]: Spinning until stopped - publishing transform
[static_transform_publisher-6] translation: ('0.000000', '0.000000', '0.000000')
[static_transform_publisher-6] rotation: ('0.000000', '0.000000', '0.000000', '1.000000')
[static_transform_publisher-6] from 'world' to '/drone/odom'
[rviz2-1] 
[rviz2-1] (rviz2:3442341): dbind-WARNING **: 03:03:24.332: Couldn't connect to accessibility bus: Failed to connect to socket /root/.cache/at-spi/bus_0: 허가 거부
[robot_state_publisher-3] [INFO] [1773165804.337021397] [drone.robot_state_publisher]: got segment base_footprint
[robot_state_publisher-3] [INFO] [1773165804.337111206] [drone.robot_state_publisher]: got segment base_link
[robot_state_publisher-3] [INFO] [1773165804.337123620] [drone.robot_state_publisher]: got segment bottom_cam_link
[robot_state_publisher-3] [INFO] [1773165804.337131853] [drone.robot_state_publisher]: got segment front_cam_link
[robot_state_publisher-3] [INFO] [1773165804.337138787] [drone.robot_state_publisher]: got segment sonar_link
[apriltag_detector_node-9] [INFO] [1773165804.343335899] [apriltag_detector_node]: tag detector type: umich
[teleop_joystick-8] Traceback (most recent call last):
[teleop_joystick-8]   File "/home/j/INCSL/IICC26_ws/install/sjtu_drone_control/lib/sjtu_drone_control/teleop_joystick", line 33, in <module>
[teleop_joystick-8]     sys.exit(load_entry_point('sjtu_drone_control==0.0.0', 'console_scripts', 'teleop_joystick')())
[teleop_joystick-8]   File "/home/j/INCSL/IICC26_ws/install/sjtu_drone_control/lib/sjtu_drone_control/teleop_joystick", line 22, in importlib_load_entry_point
[teleop_joystick-8]     for entry_point in distribution(dist_name).entry_points
[teleop_joystick-8]   File "/usr/lib/python3.10/importlib/metadata/__init__.py", line 969, in distribution
[teleop_joystick-8]     return Distribution.from_name(distribution_name)
[teleop_joystick-8]   File "/usr/lib/python3.10/importlib/metadata/__init__.py", line 548, in from_name
[teleop_joystick-8]     raise PackageNotFoundError(name)
[teleop_joystick-8] importlib.metadata.PackageNotFoundError: No package metadata was found for sjtu_drone_control
[ERROR] [teleop_joystick-8]: process has died [pid 3442355, exit code 1, cmd '/home/j/INCSL/IICC26_ws/install/sjtu_drone_control/lib/sjtu_drone_control/teleop_joystick --ros-args -r __ns:=/drone'].
[gzserver-2] Gazebo multi-robot simulator, version 11.10.2
[gzserver-2] Copyright (C) 2012 Open Source Robotics Foundation.
[gzserver-2] Released under the Apache 2 License.
[gzserver-2] http://gazebosim.org
[gzserver-2] 
[apriltag_state_bridge-10] [INFO] [1773165804.533308887] [apriltag_state_bridge]: AprilTag bridge started: /drone/bottom/tags -> /landing_tag_state, use_target_id=True, target_id=0
[joint_state_publisher-4] [INFO] [1773165804.593669505] [drone.joint_state_publisher]: Waiting for robot_description to be published on the robot_description topic...
[gzserver-2] [1;33m[Wrn] [gazebo_ros_init.cpp:178] [0m[1;33m
[gzserver-2] #     # ####### ####### ###  #####  #######
[gzserver-2] ##    # #     #    #     #  #     # #
[gzserver-2] # #   # #     #    #     #  #       #
[gzserver-2] #  #  # #     #    #     #  #       #####
[gzserver-2] #   # # #     #    #     #  #       #
[gzserver-2] #    ## #     #    #     #  #     # #
[gzserver-2] #     # #######    #    ###  #####  #######
[gzserver-2] 
[gzserver-2] This version of Gazebo, now called Gazebo classic, reaches end-of-life
[gzserver-2] in January 2025. Users are highly encouraged to migrate to the new Gazebo
[gzserver-2] using our migration guides (https://gazebosim.org/docs/latest/gazebo_classic_migration?utm_source=gazebo_ros_pkgs&utm_medium=cli)
[gzserver-2] 
[gzserver-2] [0m[1;33m
[rviz2-1] [INFO] [1773165805.122291947] [rviz2]: Stereo is NOT SUPPORTED
[rviz2-1] [INFO] [1773165805.122406464] [rviz2]: OpenGl version: 4.6 (GLSL 4.6)
[rviz2-1] [INFO] [1773165805.212448119] [rviz2]: Stereo is NOT SUPPORTED
[rviz2-1] [INFO] [1773165805.304036984] [rviz2]: Stereo is NOT SUPPORTED
[gzserver-2] [1;32m[Msg] [0m[1;32mWaiting for master.[0m[1;32m
[gzserver-2] [0m[1;32m[0m[1;32m[0m[1;32m[Msg] [0m[1;32mConnected to gazebo master @ [0m[1;32mhttp://127.0.0.1:11345[0m[1;32m
[gzserver-2] [0m[1;32m[0m[1;32m[0m[1;32m[Msg] [0m[1;32mPublicized address: [0m[1;32m192.168.0.11[0m[1;32m
[gzserver-2] [0m[1;32m[0m[1;32m[0m[1;32m[Msg] [0m[1;32mLoading world file [[0m[1;32m/home/j/INCSL/IICC26_ws/install/sjtu_drone_description/share/sjtu_drone_description/worlds/landingPad.world[0m[1;32m][0m[1;32m
[gzserver-2] [0m[1;32m[0m[1;32m[0m[1;36m[Dbg] [wind_plugin.cpp:96] [0m[1;36mWindPlugin loaded: speed=[0m[1;36m0[0m[1;36m dir=[0m[1;36m0[0m[1;36m deg area=[0m[1;36m0.1[0m[1;36m coeff=[0m[1;36m1[0m[1;36m
[gzserver-2] [0m[1;33m[0m[1;33m[0m[1;31m[Err] [Sensor.cc:510] [0m[1;31mGet noise index not valid[0m[1;31m
[gzserver-2] [0m[1;31m[0m[1;31m[0m[1;31m[Err] [Sensor.cc:510] [0m[1;31mGet noise index not valid[0m[1;31m
[gzserver-2] [0m[1;31m[0m[1;31m[0m[1;31m[Err] [Sensor.cc:510] [0m[1;31mGet noise index not valid[0m[1;31m
[gzserver-2] [0m[1;31m[0m[1;31m[0m[1;31m[Err] [Sensor.cc:510] [0m[1;31mGet noise index not valid[0m[1;31m
[gzserver-2] [0m[1;31m[0m[1;31m[0m[1;31m[Err] [Sensor.cc:510] [0m[1;31mGet noise index not valid[0m[1;31m
[gzserver-2] [0m[1;31m[0m[1;31m[0m[1;31m[Err] [Sensor.cc:510] [0m[1;31mGet noise index not valid[0m[1;31m
[gzserver-2] [0m[1;31m[0m[1;31m[0mTopic [default//drone/base_footprint/down_camera/image] is not valid.
[gzserver-2] [INFO] [1773165805.773943697] [drone.collision_plugin]: Publishing contact states to [/drone/bumper_states]
[gzserver-2] Topic [default//drone/base_footprint/front_camera/image] is not valid.
[gzserver-2] [1;33m[Wrn] [Event.cc:61] [0m[1;33mWarning: Deleting a connection right after creation. [0m[1;33mMake sure to save the ConnectionPtr from a Connect call
[gzserver-2] [0m[INFO] [1773165806.328011610] [drone.camera_bottom]: Publishing camera info to [/drone/bottom/camera_info]
[gzserver-2] [INFO] [1773165806.332593816] [drone.camera_front]: Publishing camera info to [/drone/front/camera_info]
[spawn_drone-5] [INFO] [1773165806.342586981] [spawn_drone]: Result True SpawnEntity: Successfully spawned entity [/drone]
[gzserver-2] [INFO] [1773165806.454461486] [drone.simple_drone]: The drone plugin is loading!
[gzserver-2] [INFO] [1773165806.454662171] [drone.simple_drone]: pub_odom: 1
[gzserver-2] [INFO] [1773165806.454695204] [drone.simple_drone]: Using following parameters: 
[gzserver-2] 		link_name: base_footprint,
[gzserver-2] 		max_force: 30,
[gzserver-2] 		motion_small_noise: 0,
[gzserver-2] 		motion_drift_noise: 0,
[gzserver-2] 		motion_drift_noise_time: 50,
[gzserver-2] 		takeoff_hover_height: 2.2,
[gzserver-2] 		takeoff_vertical_speed: 0.2
[gzserver-2] [INFO] [1773165806.466439528] [drone.simple_drone]: Using the PID parameters: 
[gzserver-2] 	Roll Pitch:
[gzserver-2] 		kP: 10, kI: 0,kD: 5, Limit: 0.5, Time Constant: 0
[gzserver-2] 	Yaw:
[gzserver-2] 		kP: 2, kI: 0,kD: 1, Limit: 1.5, Time Constant: 0
[gzserver-2] 	Velocity X:
[gzserver-2] 		kP: 5, kI: 0,kD: 2.3, Limit: 2, Time Constant: 0
[gzserver-2] 	Velocity Y:
[gzserver-2] 		kP: 5, kI: 0,kD: 2.3, Limit: 2, Time Constant: 0
[gzserver-2] 	Velocity Z:
[gzserver-2] 		kP: 5, kI: 0,kD: 1, Limit: -1, Time Constant: 0
[gzserver-2] 	Position XY:
[gzserver-2] 		kP: 1.1, kI: 0,kD: 0, Limit: 5, Time Constant: 0
[gzserver-2] 	Position Z:
[gzserver-2] 		kP: 1, kI: 0,kD: 0.2, Limit: -1, Time Constant: 0
[gzserver-2] [INFO] [1773165806.466572340] [drone.simple_drone]: The drone plugin finished loading!
[INFO] [spawn_drone-5]: process has finished cleanly [pid 3442349]
[gzserver-2] [INFO] [1773165813.667097860] [gazebo_wind_plugin_node]: WindPlugin: set wind_speed=0.00 wind_direction=0.0
[gzserver-2] [INFO] [1773165813.939620369] [gazebo_wind_plugin_node]: WindPlugin: set wind_speed=0.00 wind_direction=0.0
[gzserver-2] [INFO] [1773165813.973513032] [drone.simple_drone]: Quadrotor takes off!!
[gzserver-2] [INFO] [1773165814.178042494] [gazebo_wind_plugin_node]: WindPlugin: set wind_speed=0.00 wind_direction=0.0
[gzserver-2] [INFO] [1773165814.409003455] [gazebo_wind_plugin_node]: WindPlugin: set wind_speed=0.00 wind_direction=0.0
[gzserver-2] [INFO] [1773165814.644358898] [gazebo_wind_plugin_node]: WindPlugin: set wind_speed=0.00 wind_direction=0.0
[gzserver-2] [INFO] [1773165814.878850008] [gazebo_wind_plugin_node]: WindPlugin: set wind_speed=0.00 wind_direction=0.0
[gzserver-2] [INFO] [1773165815.112843728] [gazebo_wind_plugin_node]: WindPlugin: set wind_speed=0.00 wind_direction=0.0
[gzserver-2] [INFO] [1773165815.352723994] [gazebo_wind_plugin_node]: WindPlugin: set wind_speed=0.00 wind_direction=0.0
[gzserver-2] [INFO] [1773165815.586858304] [gazebo_wind_plugin_node]: WindPlugin: set wind_speed=0.00 wind_direction=0.0
[gzserver-2] [0m[1;36m[Dbg] [wind_plugin.cpp:110] [0m[1;36mWindPlugin: received command -> speed=[0m[1;36m0[0m[1;36m dir=[0m[1;36m0[0m[1;36m
[gzserver-2] [0m[1;36m[Dbg] [wind_plugin.cpp:110] [0m[1;36mWindPlugin: received command -> speed=[0m[1;36m0[0m[1;36m dir=[0m[1;36m0[0m[1;36m
[gzserver-2] [0m[1;36m[Dbg] [wind_plugin.cpp:110] [0m[1;36mWindPlugin: received command -> speed=[0m[1;36m0[0m[1;36m dir=[0m[1;36m0[0m[1;36m
[gzserver-2] [0m[1;36m[Dbg] [wind_plugin.cpp:110] [0m[1;36mWindPlugin: received command -> speed=[0m[1;36m0[0m[1;36m dir=[0m[1;36m0[0m[1;36m
[gzserver-2] [0m[1;36m[Dbg] [wind_plugin.cpp:110] [0m[1;36mWindPlugin: received command -> speed=[0m[1;36m0[0m[1;36m dir=[0m[1;36m0[0m[1;36m
[gzserver-2] [0m[1;36m[Dbg] [wind_plugin.cpp:110] [0m[1;36mWindPlugin: received command -> speed=[0m[1;36m0[0m[1;36m dir=[0m[1;36m0[0m[1;36m
[gzserver-2] [0m[1;36m[Dbg] [wind_plugin.cpp:110] [0m[1;36mWindPlugin: received command -> speed=[0m[1;36m0[0m[1;36m dir=[0m[1;36m0[0m[1;36m
[gzserver-2] [0m[1;36m[Dbg] [wind_plugin.cpp:110] [0m[1;36mWindPlugin: received command -> speed=[0m[1;36m0[0m[1;36m dir=[0m[1;36m0[0m[1;36m
[gzserver-2] [0m[1;36m[Dbg] [wind_plugin.cpp:110] [0m[1;36mWindPlugin: received command -> speed=[0m[1;36m0[0m[1;36m dir=[0m[1;36m0[0m[1;36m
[gzserver-2] [0mEntering flying model!
[gzserver-2] [INFO] [1773165815.826465045] [gazebo_wind_plugin_node]: WindPlugin: set wind_speed=0.00 wind_direction=0.0
[gzserver-2] [INFO] [1773165816.066720145] [gazebo_wind_plugin_node]: WindPlugin: set wind_speed=1.51 wind_direction=-6.9
[gzserver-2] [INFO] [1773165816.306627171] [gazebo_wind_plugin_node]: WindPlugin: set wind_speed=1.51 wind_direction=-5.8
[gzserver-2] [INFO] [1773165816.540957447] [gazebo_wind_plugin_node]: WindPlugin: set wind_speed=1.51 wind_direction=-5.8
[gzserver-2] [INFO] [1773165816.775413331] [gazebo_wind_plugin_node]: WindPlugin: set wind_speed=1.51 wind_direction=-5.8
[gzserver-2] [INFO] [1773165817.014787170] [gazebo_wind_plugin_node]: WindPlugin: set wind_speed=1.51 wind_direction=-5.8
[gzserver-2] [INFO] [1773165817.253173716] [gazebo_wind_plugin_node]: WindPlugin: set wind_speed=1.33 wind_direction=-11.4
[gzserver-2] [INFO] [1773165817.485769252] [gazebo_wind_plugin_node]: WindPlugin: set wind_speed=1.33 wind_direction=-11.4
[gzserver-2] [INFO] [1773165817.729892472] [gazebo_wind_plugin_node]: WindPlugin: set wind_speed=1.33 wind_direction=-11.4
[gzserver-2] [INFO] [1773165817.965087602] [gazebo_wind_plugin_node]: WindPlugin: set wind_speed=1.33 wind_direction=-11.4
[gzserver-2] [INFO] [1773165818.199857662] [gazebo_wind_plugin_node]: WindPlugin: set wind_speed=1.50 wind_direction=-10.0
[gzserver-2] [INFO] [1773165818.439443615] [gazebo_wind_plugin_node]: WindPlugin: set wind_speed=1.50 wind_direction=-10.0
[gzserver-2] [INFO] [1773165818.678736709] [gazebo_wind_plugin_node]: WindPlugin: set wind_speed=1.50 wind_direction=-10.0
[gzserver-2] [INFO] [1773165818.917640122] [gazebo_wind_plugin_node]: WindPlugin: set wind_speed=1.50 wind_direction=-10.0
[gzserver-2] [INFO] [1773165818.955825235] [drone.simple_drone]: Quadrotor lands!!
[gzserver-2] [INFO] [1773165819.157593175] [gazebo_wind_plugin_node]: WindPlugin: set wind_speed=1.50 wind_direction=-10.0
[gzserver-2] [INFO] [1773165819.398242393] [gazebo_wind_plugin_node]: WindPlugin: set wind_speed=1.39 wind_direction=-10.9
[gzserver-2] [INFO] [1773165819.635654233] [gazebo_wind_plugin_node]: WindPlugin: set wind_speed=1.39 wind_direction=-10.9
[gzserver-2] [INFO] [1773165819.876413065] [gazebo_wind_plugin_node]: WindPlugin: set wind_speed=1.39 wind_direction=-10.9
[gzserver-2] [1;36m[Dbg] [wind_plugin.cpp:110] [0m[1;36mWindPlugin: received command -> speed=[0m[1;36m0[0m[1;36m dir=[0m[1;36m0[0m[1;36m
[gzserver-2] [0m[1;36m[Dbg] [wind_plugin.cpp:110] [0m[1;36mWindPlugin: received command -> speed=[0m[1;36m1.5106[0m[1;36m dir=[0m[1;36m-6.85989[0m[1;36m
[gzserver-2] [0m[1;36m[Dbg] [wind_plugin.cpp:110] [0m[1;36mWindPlugin: received command -> speed=[0m[1;36m1.50585[0m[1;36m dir=[0m[1;36m-5.80631[0m[1;36m
[gzserver-2] [0m[1;36m[Dbg] [wind_plugin.cpp:110] [0m[1;36mWindPlugin: received command -> speed=[0m[1;36m1.50585[0m[1;36m dir=[0m[1;36m-5.80631[0m[1;36m
[gzserver-2] [0m[1;36m[Dbg] [wind_plugin.cpp:110] [0m[1;36mWindPlugin: received command -> speed=[0m[1;36m1.50585[0m[1;36m dir=[0m[1;36m-5.80631[0m[1;36m
[gzserver-2] [0m[1;36m[Dbg] [wind_plugin.cpp:110] [0m[1;36mWindPlugin: received command -> speed=[0m[1;36m1.50585[0m[1;36m dir=[0m[1;36m-5.80631[0m[1;36m
[gzserver-2] [0m[1;36m[Dbg] [wind_plugin.cpp:110] [0m[1;36mWindPlugin: received command -> speed=[0m[1;36m1.33164[0m[1;36m dir=[0m[1;36m-11.4458[0m[1;36m
[gzserver-2] [0m[1;36m[Dbg] [wind_plugin.cpp:110] [0m[1;36mWindPlugin: received command -> speed=[0m[1;36m1.33164[0m[1;36m dir=[0m[1;36m-11.4458[0m[1;36m
[gzserver-2] [0m[1;36m[Dbg] [wind_plugin.cpp:110] [0m[1;36mWindPlugin: received command -> speed=[0m[1;36m1.33164[0m[1;36m dir=[0m[1;36m-11.4458[0m[1;36m
[gzserver-2] [0m[1;36m[Dbg] [wind_plugin.cpp:110] [0m[1;36mWindPlugin: received command -> speed=[0m[1;36m1.33164[0m[1;36m dir=[0m[1;36m-11.4458[0m[1;36m
[gzserver-2] [0m[1;36m[Dbg] [wind_plugin.cpp:110] [0m[1;36mWindPlugin: received command -> speed=[0m[1;36m1.49954[0m[1;36m dir=[0m[1;36m-9.99702[0m[1;36m
[gzserver-2] [0m[1;36m[Dbg] [wind_plugin.cpp:110] [0m[1;36mWindPlugin: received command -> speed=[0m[1;36m1.49954[0m[1;36m dir=[0m[1;36m-9.99702[0m[1;36m
[gzserver-2] [0m[1;36m[Dbg] [wind_plugin.cpp:110] [0m[1;36mWindPlugin: received command -> speed=[0m[1;36m1.49954[0m[1;36m dir=[0m[1;36m-9.99702[0m[1;36m
[gzserver-2] [0m[1;36m[Dbg] [wind_plugin.cpp:110] [0m[1;36mWindPlugin: received command -> speed=[0m[1;36m1.49954[0m[1;36m dir=[0m[1;36m-9.99702[0m[1;36m
[gzserver-2] [0m[1;36m[Dbg] [wind_plugin.cpp:110] [0m[1;36mWindPlugin: received command -> speed=[0m[1;36m1.49954[0m[1;36m dir=[0m[1;36m-9.99702[0m[1;36m
[gzserver-2] [0m[1;36m[Dbg] [wind_plugin.cpp:110] [0m[1;36mWindPlugin: received command -> speed=[0m[1;36m1.38647[0m[1;36m dir=[0m[1;36m-10.8809[0m[1;36m
[gzserver-2] [0m[1;36m[Dbg] [wind_plugin.cpp:110] [0m[1;36mWindPlugin: received command -> speed=[0m[1;36m1.38647[0m[1;36m dir=[0m[1;36m-10.8809[0m[1;36m
[gzserver-2] [0m[1;36m[Dbg] [wind_plugin.cpp:110] [0m[1;36mWindPlugin: received command -> speed=[0m[1;36m1.38647[0m[1;36m dir=[0m[1;36m-10.8809[0m[1;36m
[gzserver-2] [0mLanded!
[gzserver-2] [INFO] [1773165820.116977688] [gazebo_wind_plugin_node]: WindPlugin: set wind_speed=1.39 wind_direction=-10.9
[gzserver-2] [INFO] [1773165820.356175439] [gazebo_wind_plugin_node]: WindPlugin: set wind_speed=1.43 wind_direction=-11.4
[gzserver-2] [INFO] [1773165820.595932305] [gazebo_wind_plugin_node]: WindPlugin: set wind_speed=1.43 wind_direction=-11.4
[gzserver-2] [INFO] [1773165820.835461190] [gazebo_wind_plugin_node]: WindPlugin: set wind_speed=1.43 wind_direction=-11.4
[gzserver-2] [INFO] [1773165821.072159828] [gazebo_wind_plugin_node]: WindPlugin: set wind_speed=1.43 wind_direction=-11.4
[gzserver-2] [INFO] [1773165821.307440798] [gazebo_wind_plugin_node]: WindPlugin: set wind_speed=1.17 wind_direction=-13.2
[gzserver-2] [INFO] [1773165821.537427251] [gazebo_wind_plugin_node]: WindPlugin: set wind_speed=1.17 wind_direction=-13.2
[gzserver-2] [INFO] [1773165821.776972158] [gazebo_wind_plugin_node]: WindPlugin: set wind_speed=1.17 wind_direction=-13.2
