[INFO] [launch]: All log files can be found below /home/j/.ros/log/2026-03-10-10-31-00-661479-j-41482
[INFO] [launch]: Default logging verbosity is set to INFO
[INFO] [launch.user]: [bringup] Apriltag config: camera=/drone/bottom, image=/drone/bottom/image_raw, tags=/drone/bottom/tags, bridge=/landing_tag_state, standalone=true, use_target_id=true, target_id=0
[INFO] [rviz2-1]: process started with pid [41494]
[INFO] [gzserver-2]: process started with pid [41496]
[INFO] [robot_state_publisher-3]: process started with pid [41498]
[INFO] [joint_state_publisher-4]: process started with pid [41500]
[INFO] [spawn_drone-5]: process started with pid [41502]
[INFO] [static_transform_publisher-6]: process started with pid [41504]
[INFO] [joy_node-7]: process started with pid [41506]
[INFO] [teleop_joystick-8]: process started with pid [41508]
[INFO] [apriltag_detector_node-9]: process started with pid [41510]
[INFO] [apriltag_state_bridge-10]: process started with pid [41512]
[static_transform_publisher-6] [WARN] [1773106261.134663080] []: Old-style arguments are deprecated; see --help for new-style arguments
[static_transform_publisher-6] [INFO] [1773106261.141820224] [static_transform_publisher_TGJokQpsGel14g8j]: Spinning until stopped - publishing transform
[static_transform_publisher-6] translation: ('0.000000', '0.000000', '0.000000')
[static_transform_publisher-6] rotation: ('0.000000', '0.000000', '0.000000', '1.000000')
[static_transform_publisher-6] from 'world' to '/drone/odom'
[robot_state_publisher-3] [INFO] [1773106261.170161090] [drone.robot_state_publisher]: got segment base_footprint
[robot_state_publisher-3] [INFO] [1773106261.170252176] [drone.robot_state_publisher]: got segment base_link
[robot_state_publisher-3] [INFO] [1773106261.170263921] [drone.robot_state_publisher]: got segment bottom_cam_link
[robot_state_publisher-3] [INFO] [1773106261.170272076] [drone.robot_state_publisher]: got segment front_cam_link
[robot_state_publisher-3] [INFO] [1773106261.170279010] [drone.robot_state_publisher]: got segment sonar_link
[rviz2-1] 
[rviz2-1] (rviz2:41494): dbind-WARNING **: 10:31:01.180: Couldn't connect to accessibility bus: Failed to connect to socket /root/.cache/at-spi/bus_0: 허가 거부
[teleop_joystick-8] Traceback (most recent call last):
[teleop_joystick-8]   File "/home/j/INCSL/IICC26_ws/install/sjtu_drone_control/lib/sjtu_drone_control/teleop_joystick", line 33, in <module>
[teleop_joystick-8]     sys.exit(load_entry_point('sjtu_drone_control==0.0.0', 'console_scripts', 'teleop_joystick')())
[teleop_joystick-8]   File "/home/j/INCSL/IICC26_ws/install/sjtu_drone_control/lib/sjtu_drone_control/teleop_joystick", line 22, in importlib_load_entry_point
[teleop_joystick-8]     for entry_point in distribution(dist_name).entry_points
[teleop_joystick-8]   File "/usr/lib/python3.10/importlib/metadata/__init__.py", line 969, in distribution
[teleop_joystick-8]     return Distribution.from_name(distribution_name)
[teleop_joystick-8]   File "/usr/lib/python3.10/importlib/metadata/__init__.py", line 548, in from_name
[teleop_joystick-8]     raise PackageNotFoundError(name)
[teleop_joystick-8] importlib.metadata.PackageNotFoundError: No package metadata was found for sjtu_drone_control
[apriltag_detector_node-9] [INFO] [1773106261.193046551] [apriltag_detector_node]: tag detector type: umich
[ERROR] [teleop_joystick-8]: process has died [pid 41508, exit code 1, cmd '/home/j/INCSL/IICC26_ws/install/sjtu_drone_control/lib/sjtu_drone_control/teleop_joystick --ros-args -r __ns:=/drone'].
[gzserver-2] Gazebo multi-robot simulator, version 11.10.2
[gzserver-2] Copyright (C) 2012 Open Source Robotics Foundation.
[gzserver-2] Released under the Apache 2 License.
[gzserver-2] http://gazebosim.org
[gzserver-2] 
[apriltag_state_bridge-10] [INFO] [1773106261.371885547] [apriltag_state_bridge]: AprilTag bridge started: /drone/bottom/tags -> /landing_tag_state, use_target_id=True, target_id=0
[joint_state_publisher-4] [INFO] [1773106261.410974270] [drone.joint_state_publisher]: Waiting for robot_description to be published on the robot_description topic...
[gzserver-2] [1;33m[Wrn] [gazebo_ros_init.cpp:178] [0m[1;33m
[gzserver-2] #     # ####### ####### ###  #####  #######
[gzserver-2] ##    # #     #    #     #  #     # #
[gzserver-2] # #   # #     #    #     #  #       #
[gzserver-2] #  #  # #     #    #     #  #       #####
[gzserver-2] #   # # #     #    #     #  #       #
[gzserver-2] #    ## #     #    #     #  #     # #
[gzserver-2] #     # #######    #    ###  #####  #######
[gzserver-2] 
[gzserver-2] This version of Gazebo, now called Gazebo classic, reaches end-of-life
[gzserver-2] in January 2025. Users are highly encouraged to migrate to the new Gazebo
[gzserver-2] using our migration guides (https://gazebosim.org/docs/latest/gazebo_classic_migration?utm_source=gazebo_ros_pkgs&utm_medium=cli)
[gzserver-2] 
[gzserver-2] [0m[1;33m
[rviz2-1] [INFO] [1773106262.025659102] [rviz2]: Stereo is NOT SUPPORTED
[rviz2-1] [INFO] [1773106262.025757262] [rviz2]: OpenGl version: 4.6 (GLSL 4.6)
[rviz2-1] [INFO] [1773106262.110792089] [rviz2]: Stereo is NOT SUPPORTED
[rviz2-1] [INFO] [1773106262.202655550] [rviz2]: Stereo is NOT SUPPORTED
[spawn_drone-5] [INFO] [1773106262.604053562] [spawn_drone]: Result False Entity pushed to spawn queue, but spawn service timed outwaiting for entity to appear in simulation under the name [/drone]
[gzserver-2] [1;32m[Msg] [0m[1;32mWaiting for master.[0m[1;32m
[gzserver-2] [0m[1;32m[0m[1;32m[0m[1;32m[Msg] [0m[1;32mConnected to gazebo master @ [0m[1;32mhttp://127.0.0.1:11345[0m[1;32m
[gzserver-2] [0m[1;32m[0m[1;32m[0m[1;32m[Msg] [0m[1;32mPublicized address: [0m[1;32m172.16.52.147[0m[1;32m
[gzserver-2] [0m[1;32m[0m[1;32m[0m[1;32m[Msg] [0m[1;32mLoading world file [[0m[1;32m/home/j/INCSL/IICC26_ws/install/sjtu_drone_description/share/sjtu_drone_description/worlds/landingPad.world[0m[1;32m][0m[1;32m
[gzserver-2] [0m[1;32m[0m[1;32m[0m[1;36m[Dbg] [wind_plugin.cpp:96] [0m[1;36mWindPlugin loaded: speed=[0m[1;36m0[0m[1;36m dir=[0m[1;36m0[0m[1;36m deg area=[0m[1;36m0.1[0m[1;36m coeff=[0m[1;36m1[0m[1;36m
[gzserver-2] [0m[1;33m[0m[1;33m[0m[1;31m[Err] [Sensor.cc:510] [0m[1;31mGet noise index not valid[0m[1;31m
[gzserver-2] [0m[1;31m[0m[1;31m[0m[1;31m[Err] [Sensor.cc:510] [0m[1;31mGet noise index not valid[0m[1;31m
[gzserver-2] [0m[1;31m[0m[1;31m[0m[1;31m[Err] [Sensor.cc:510] [0m[1;31mGet noise index not valid[0m[1;31m
[gzserver-2] [0m[1;31m[0m[1;31m[0m[1;31m[Err] [Sensor.cc:510] [0m[1;31mGet noise index not valid[0m[1;31m
[gzserver-2] [0m[1;31m[0m[1;31m[0m[1;31m[Err] [Sensor.cc:510] [0m[1;31mGet noise index not valid[0m[1;31m
[gzserver-2] [0m[1;31m[0m[1;31m[0m[1;31m[Err] [Sensor.cc:510] [0m[1;31mGet noise index not valid[0m[1;31m
[gzserver-2] [0m[1;31m[0m[1;31m[0mTopic [default//drone/base_footprint/down_camera/image] is not valid.
[gzserver-2] Topic [default//drone/base_footprint/front_camera/image] is not valid.
[gzserver-2] [INFO] [1773106262.635452834] [drone.collision_plugin]: Publishing contact states to [/drone/bumper_states]
[gzserver-2] [1;33m[Wrn] [Event.cc:61] [0m[1;33mWarning: Deleting a connection right after creation. [0m[1;33mMake sure to save the ConnectionPtr from a Connect call
[INFO] [spawn_drone-5]: process has finished cleanly [pid 41502]
[gzserver-2] [0m[INFO] [1773106263.191558589] [drone.camera_bottom]: Publishing camera info to [/drone/bottom/camera_info]
[gzserver-2] [INFO] [1773106263.197478529] [drone.camera_front]: Publishing camera info to [/drone/front/camera_info]
[gzserver-2] [INFO] [1773106263.318958652] [drone.simple_drone]: The drone plugin is loading!
[gzserver-2] [INFO] [1773106263.319172649] [drone.simple_drone]: pub_odom: 1
[gzserver-2] [INFO] [1773106263.319207628] [drone.simple_drone]: Using following parameters: 
[gzserver-2] 		link_name: base_footprint,
[gzserver-2] 		max_force: 30,
[gzserver-2] 		motion_small_noise: 0,
[gzserver-2] 		motion_drift_noise: 0,
[gzserver-2] 		motion_drift_noise_time: 50,
[gzserver-2] 		takeoff_hover_height: 2.45,
[gzserver-2] 		takeoff_vertical_speed: 0.2
[gzserver-2] [INFO] [1773106263.330786498] [drone.simple_drone]: Using the PID parameters: 
[gzserver-2] 	Roll Pitch:
[gzserver-2] 		kP: 10, kI: 0,kD: 5, Limit: 0.5, Time Constant: 0
[gzserver-2] 	Yaw:
[gzserver-2] 		kP: 2, kI: 0,kD: 1, Limit: 1.5, Time Constant: 0
[gzserver-2] 	Velocity X:
[gzserver-2] 		kP: 5, kI: 0,kD: 2.3, Limit: 2, Time Constant: 0
[gzserver-2] 	Velocity Y:
[gzserver-2] 		kP: 5, kI: 0,kD: 2.3, Limit: 2, Time Constant: 0
[gzserver-2] 	Velocity Z:
[gzserver-2] 		kP: 5, kI: 0,kD: 1, Limit: -1, Time Constant: 0
[gzserver-2] 	Position XY:
[gzserver-2] 		kP: 1.1, kI: 0,kD: 0, Limit: 5, Time Constant: 0
[gzserver-2] 	Position Z:
[gzserver-2] 		kP: 1, kI: 0,kD: 0.2, Limit: -1, Time Constant: 0
[gzserver-2] [INFO] [1773106263.330931209] [drone.simple_drone]: The drone plugin finished loading!
[gzserver-2] [INFO] [1773106270.579680995] [gazebo_wind_plugin_node]: WindPlugin: set wind_speed=0.00 wind_direction=0.0
[gzserver-2] [INFO] [1773106270.859236617] [gazebo_wind_plugin_node]: WindPlugin: set wind_speed=0.00 wind_direction=0.0
[gzserver-2] [INFO] [1773106270.900829303] [drone.simple_drone]: Quadrotor takes off!!
[gzserver-2] [INFO] [1773106271.102047504] [gazebo_wind_plugin_node]: WindPlugin: set wind_speed=0.00 wind_direction=0.0
[gzserver-2] [INFO] [1773106271.335890315] [gazebo_wind_plugin_node]: WindPlugin: set wind_speed=0.00 wind_direction=0.0
[gzserver-2] [INFO] [1773106271.574103468] [gazebo_wind_plugin_node]: WindPlugin: set wind_speed=0.00 wind_direction=0.0
[gzserver-2] [INFO] [1773106271.817363064] [gazebo_wind_plugin_node]: WindPlugin: set wind_speed=0.00 wind_direction=0.0
[gzserver-2] [INFO] [1773106272.050858468] [gazebo_wind_plugin_node]: WindPlugin: set wind_speed=0.00 wind_direction=0.0
[gzserver-2] [INFO] [1773106272.290050363] [gazebo_wind_plugin_node]: WindPlugin: set wind_speed=0.00 wind_direction=0.0
[gzserver-2] [INFO] [1773106272.529428654] [gazebo_wind_plugin_node]: WindPlugin: set wind_speed=0.00 wind_direction=0.0
[gzserver-2] [INFO] [1773106272.769213579] [gazebo_wind_plugin_node]: WindPlugin: set wind_speed=0.00 wind_direction=0.0
[gzserver-2] [0m[1;36m[Dbg] [wind_plugin.cpp:110] [0m[1;36mWindPlugin: received command -> speed=[0m[1;36m0[0m[1;36m dir=[0m[1;36m0[0m[1;36m
[gzserver-2] [0m[1;36m[Dbg] [wind_plugin.cpp:110] [0m[1;36mWindPlugin: received command -> speed=[0m[1;36m0[0m[1;36m dir=[0m[1;36m0[0m[1;36m
[gzserver-2] [0m[1;36m[Dbg] [wind_plugin.cpp:110] [0m[1;36mWindPlugin: received command -> speed=[0m[1;36m0[0m[1;36m dir=[0m[1;36m0[0m[1;36m
[gzserver-2] [0m[1;36m[Dbg] [wind_plugin.cpp:110] [0m[1;36mWindPlugin: received command -> speed=[0m[1;36m0[0m[1;36m dir=[0m[1;36m0[0m[1;36m
[gzserver-2] [0m[1;36m[Dbg] [wind_plugin.cpp:110] [0m[1;36mWindPlugin: received command -> speed=[0m[1;36m0[0m[1;36m dir=[0m[1;36m0[0m[1;36m
[gzserver-2] [0m[1;36m[Dbg] [wind_plugin.cpp:110] [0m[1;36mWindPlugin: received command -> speed=[0m[1;36m0[0m[1;36m dir=[0m[1;36m0[0m[1;36m
[gzserver-2] [0m[1;36m[Dbg] [wind_plugin.cpp:110] [0m[1;36mWindPlugin: received command -> speed=[0m[1;36m0[0m[1;36m dir=[0m[1;36m0[0m[1;36m
[gzserver-2] [0m[1;36m[Dbg] [wind_plugin.cpp:110] [0m[1;36mWindPlugin: received command -> speed=[0m[1;36m0[0m[1;36m dir=[0m[1;36m0[0m[1;36m
[gzserver-2] [0m[1;36m[Dbg] [wind_plugin.cpp:110] [0m[1;36mWindPlugin: received command -> speed=[0m[1;36m0[0m[1;36m dir=[0m[1;36m0[0m[1;36m
[gzserver-2] [0m[1;36m[Dbg] [wind_plugin.cpp:110] [0m[1;36mWindPlugin: received command -> speed=[0m[1;36m0[0m[1;36m dir=[0m[1;36m0[0m[1;36m
[gzserver-2] [0mEntering flying model!
[gzserver-2] [INFO] [1773106273.010656027] [gazebo_wind_plugin_node]: WindPlugin: set wind_speed=0.00 wind_direction=0.0
[gzserver-2] [INFO] [1773106273.252096847] [gazebo_wind_plugin_node]: WindPlugin: set wind_speed=1.66 wind_direction=-104.1
[gzserver-2] [INFO] [1773106273.491958700] [gazebo_wind_plugin_node]: WindPlugin: set wind_speed=1.66 wind_direction=-104.1
[gzserver-2] [INFO] [1773106273.732085961] [gazebo_wind_plugin_node]: WindPlugin: set wind_speed=1.66 wind_direction=-104.1
[gzserver-2] [INFO] [1773106273.966612170] [gazebo_wind_plugin_node]: WindPlugin: set wind_speed=1.66 wind_direction=-104.1
[gzserver-2] [INFO] [1773106274.206223338] [gazebo_wind_plugin_node]: WindPlugin: set wind_speed=1.87 wind_direction=-103.9
[gzserver-2] [INFO] [1773106274.449358843] [gazebo_wind_plugin_node]: WindPlugin: set wind_speed=1.87 wind_direction=-103.9
[gzserver-2] [INFO] [1773106274.686571124] [gazebo_wind_plugin_node]: WindPlugin: set wind_speed=1.87 wind_direction=-103.9
[gzserver-2] [INFO] [1773106274.920993471] [gazebo_wind_plugin_node]: WindPlugin: set wind_speed=1.87 wind_direction=-103.9
[gzserver-2] [INFO] [1773106275.160019288] [gazebo_wind_plugin_node]: WindPlugin: set wind_speed=1.88 wind_direction=-104.8
[gzserver-2] [INFO] [1773106275.399752641] [gazebo_wind_plugin_node]: WindPlugin: set wind_speed=1.88 wind_direction=-104.8
[gzserver-2] [INFO] [1773106275.639261560] [gazebo_wind_plugin_node]: WindPlugin: set wind_speed=1.88 wind_direction=-104.8
[gzserver-2] [INFO] [1773106275.878525314] [gazebo_wind_plugin_node]: WindPlugin: set wind_speed=1.88 wind_direction=-104.8
[gzserver-2] [INFO] [1773106276.112749666] [gazebo_wind_plugin_node]: WindPlugin: set wind_speed=1.87 wind_direction=-101.9
[gzserver-2] [INFO] [1773106276.353338184] [gazebo_wind_plugin_node]: WindPlugin: set wind_speed=1.87 wind_direction=-101.9
[gzserver-2] [INFO] [1773106276.393802164] [drone.simple_drone]: Quadrotor lands!!
[gzserver-2] [INFO] [1773106276.597043958] [gazebo_wind_plugin_node]: WindPlugin: set wind_speed=1.87 wind_direction=-101.9
[gzserver-2] [INFO] [1773106276.839289625] [gazebo_wind_plugin_node]: WindPlugin: set wind_speed=1.87 wind_direction=-101.9
[gzserver-2] [INFO] [1773106277.078371315] [gazebo_wind_plugin_node]: WindPlugin: set wind_speed=1.87 wind_direction=-101.9
[gzserver-2] [INFO] [1773106277.312507231] [gazebo_wind_plugin_node]: WindPlugin: set wind_speed=1.90 wind_direction=-102.9
[gzserver-2] [1;36m[Dbg] [wind_plugin.cpp:110] [0m[1;36mWindPlugin: received command -> speed=[0m[1;36m0[0m[1;36m dir=[0m[1;36m0[0m[1;36m
[gzserver-2] [0m[1;36m[Dbg] [wind_plugin.cpp:110] [0m[1;36mWindPlugin: received command -> speed=[0m[1;36m1.66091[0m[1;36m dir=[0m[1;36m-104.117[0m[1;36m
[gzserver-2] [0m[1;36m[Dbg] [wind_plugin.cpp:110] [0m[1;36mWindPlugin: received command -> speed=[0m[1;36m1.66091[0m[1;36m dir=[0m[1;36m-104.117[0m[1;36m
[gzserver-2] [0m[1;36m[Dbg] [wind_plugin.cpp:110] [0m[1;36mWindPlugin: received command -> speed=[0m[1;36m1.66091[0m[1;36m dir=[0m[1;36m-104.117[0m[1;36m
[gzserver-2] [0m[1;36m[Dbg] [wind_plugin.cpp:110] [0m[1;36mWindPlugin: received command -> speed=[0m[1;36m1.66091[0m[1;36m dir=[0m[1;36m-104.117[0m[1;36m
[gzserver-2] [0m[1;36m[Dbg] [wind_plugin.cpp:110] [0m[1;36mWindPlugin: received command -> speed=[0m[1;36m1.8657[0m[1;36m dir=[0m[1;36m-103.944[0m[1;36m
[gzserver-2] [0m[1;36m[Dbg] [wind_plugin.cpp:110] [0m[1;36mWindPlugin: received command -> speed=[0m[1;36m1.8657[0m[1;36m dir=[0m[1;36m-103.944[0m[1;36m
[gzserver-2] [0m[1;36m[Dbg] [wind_plugin.cpp:110] [0m[1;36mWindPlugin: received command -> speed=[0m[1;36m1.8657[0m[1;36m dir=[0m[1;36m-103.944[0m[1;36m
[gzserver-2] [0m[1;36m[Dbg] [wind_plugin.cpp:110] [0m[1;36mWindPlugin: received command -> speed=[0m[1;36m1.8657[0m[1;36m dir=[0m[1;36m-103.944[0m[1;36m
[gzserver-2] [0m[1;36m[Dbg] [wind_plugin.cpp:110] [0m[1;36mWindPlugin: received command -> speed=[0m[1;36m1.88176[0m[1;36m dir=[0m[1;36m-104.831[0m[1;36m
[gzserver-2] [0m[1;36m[Dbg] [wind_plugin.cpp:110] [0m[1;36mWindPlugin: received command -> speed=[0m[1;36m1.88176[0m[1;36m dir=[0m[1;36m-104.831[0m[1;36m
[gzserver-2] [0m[1;36m[Dbg] [wind_plugin.cpp:110] [0m[1;36mWindPlugin: received command -> speed=[0m[1;36m1.88176[0m[1;36m dir=[0m[1;36m-104.831[0m[1;36m
[gzserver-2] [0m[1;36m[Dbg] [wind_plugin.cpp:110] [0m[1;36mWindPlugin: received command -> speed=[0m[1;36m1.88176[0m[1;36m dir=[0m[1;36m-104.831[0m[1;36m
[gzserver-2] [0m[1;36m[Dbg] [wind_plugin.cpp:110] [0m[1;36mWindPlugin: received command -> speed=[0m[1;36m1.86686[0m[1;36m dir=[0m[1;36m-101.858[0m[1;36m
[gzserver-2] [0m[1;36m[Dbg] [wind_plugin.cpp:110] [0m[1;36mWindPlugin: received command -> speed=[0m[1;36m1.86686[0m[1;36m dir=[0m[1;36m-101.858[0m[1;36m
[gzserver-2] [0m[1;36m[Dbg] [wind_plugin.cpp:110] [0m[1;36mWindPlugin: received command -> speed=[0m[1;36m1.86686[0m[1;36m dir=[0m[1;36m-101.858[0m[1;36m
[gzserver-2] [0m[1;36m[Dbg] [wind_plugin.cpp:110] [0m[1;36mWindPlugin: received command -> speed=[0m[1;36m1.86686[0m[1;36m dir=[0m[1;36m-101.858[0m[1;36m
[gzserver-2] [0m[1;36m[Dbg] [wind_plugin.cpp:110] [0m[1;36mWindPlugin: received command -> speed=[0m[1;36m1.86686[0m[1;36m dir=[0m[1;36m-101.858[0m[1;36m
[gzserver-2] [0m[1;36m[Dbg] [wind_plugin.cpp:110] [0m[1;36mWindPlugin: received command -> speed=[0m[1;36m1.89578[0m[1;36m dir=[0m[1;36m-102.882[0m[1;36m
[gzserver-2] [0mLanded!
[gzserver-2] [INFO] [1773106277.549510538] [gazebo_wind_plugin_node]: WindPlugin: set wind_speed=1.90 wind_direction=-102.9
[gzserver-2] [INFO] [1773106277.789043525] [gazebo_wind_plugin_node]: WindPlugin: set wind_speed=1.90 wind_direction=-102.9
[gzserver-2] [INFO] [1773106278.028086594] [gazebo_wind_plugin_node]: WindPlugin: set wind_speed=1.90 wind_direction=-102.9
[gzserver-2] [INFO] [1773106278.262206531] [gazebo_wind_plugin_node]: WindPlugin: set wind_speed=1.79 wind_direction=-103.5
[gzserver-2] [INFO] [1773106278.496245652] [gazebo_wind_plugin_node]: WindPlugin: set wind_speed=1.79 wind_direction=-103.5
[gzserver-2] [INFO] [1773106278.730675600] [gazebo_wind_plugin_node]: WindPlugin: set wind_speed=1.79 wind_direction=-103.5
[gzserver-2] [INFO] [1773106278.969820559] [gazebo_wind_plugin_node]: WindPlugin: set wind_speed=1.79 wind_direction=-103.5
[gzserver-2] [INFO] [1773106279.207282660] [gazebo_wind_plugin_node]: WindPlugin: set wind_speed=1.85 wind_direction=-102.0
