[INFO] [launch]: All log files can be found below /home/j/.ros/log/2026-03-10-21-46-03-194218-j-874026
[INFO] [launch]: Default logging verbosity is set to INFO
[INFO] [launch.user]: [bringup] Apriltag config: camera=/drone/bottom, image=/drone/bottom/image_raw, tags=/drone/bottom/tags, bridge=/landing_tag_state, standalone=true, use_target_id=true, target_id=0
[INFO] [rviz2-1]: process started with pid [874029]
[INFO] [gzserver-2]: process started with pid [874031]
[INFO] [robot_state_publisher-3]: process started with pid [874033]
[INFO] [joint_state_publisher-4]: process started with pid [874035]
[INFO] [spawn_drone-5]: process started with pid [874037]
[INFO] [static_transform_publisher-6]: process started with pid [874039]
[INFO] [joy_node-7]: process started with pid [874041]
[INFO] [teleop_joystick-8]: process started with pid [874043]
[INFO] [apriltag_detector_node-9]: process started with pid [874045]
[INFO] [apriltag_state_bridge-10]: process started with pid [874047]
[static_transform_publisher-6] [WARN] [1773146763.668132655] []: Old-style arguments are deprecated; see --help for new-style arguments
[static_transform_publisher-6] [INFO] [1773146763.675099814] [static_transform_publisher_OTA6e0jy6lUhj5kw]: Spinning until stopped - publishing transform
[static_transform_publisher-6] translation: ('0.000000', '0.000000', '0.000000')
[static_transform_publisher-6] rotation: ('0.000000', '0.000000', '0.000000', '1.000000')
[static_transform_publisher-6] from 'world' to '/drone/odom'
[rviz2-1] 
[rviz2-1] (rviz2:874029): dbind-WARNING **: 21:46:03.694: Couldn't connect to accessibility bus: Failed to connect to socket /root/.cache/at-spi/bus_0: 허가 거부
[robot_state_publisher-3] [INFO] [1773146763.702562869] [drone.robot_state_publisher]: got segment base_footprint
[robot_state_publisher-3] [INFO] [1773146763.702651872] [drone.robot_state_publisher]: got segment base_link
[robot_state_publisher-3] [INFO] [1773146763.702664794] [drone.robot_state_publisher]: got segment bottom_cam_link
[robot_state_publisher-3] [INFO] [1773146763.702673571] [drone.robot_state_publisher]: got segment front_cam_link
[robot_state_publisher-3] [INFO] [1773146763.702681265] [drone.robot_state_publisher]: got segment sonar_link
[apriltag_detector_node-9] [INFO] [1773146763.705317720] [apriltag_detector_node]: tag detector type: umich
[teleop_joystick-8] Traceback (most recent call last):
[teleop_joystick-8]   File "/home/j/INCSL/IICC26_ws/install/sjtu_drone_control/lib/sjtu_drone_control/teleop_joystick", line 33, in <module>
[teleop_joystick-8]     sys.exit(load_entry_point('sjtu_drone_control==0.0.0', 'console_scripts', 'teleop_joystick')())
[teleop_joystick-8]   File "/home/j/INCSL/IICC26_ws/install/sjtu_drone_control/lib/sjtu_drone_control/teleop_joystick", line 22, in importlib_load_entry_point
[teleop_joystick-8]     for entry_point in distribution(dist_name).entry_points
[teleop_joystick-8]   File "/usr/lib/python3.10/importlib/metadata/__init__.py", line 969, in distribution
[teleop_joystick-8]     return Distribution.from_name(distribution_name)
[teleop_joystick-8]   File "/usr/lib/python3.10/importlib/metadata/__init__.py", line 548, in from_name
[teleop_joystick-8]     raise PackageNotFoundError(name)
[teleop_joystick-8] importlib.metadata.PackageNotFoundError: No package metadata was found for sjtu_drone_control
[ERROR] [teleop_joystick-8]: process has died [pid 874043, exit code 1, cmd '/home/j/INCSL/IICC26_ws/install/sjtu_drone_control/lib/sjtu_drone_control/teleop_joystick --ros-args -r __ns:=/drone'].
[gzserver-2] Gazebo multi-robot simulator, version 11.10.2
[gzserver-2] Copyright (C) 2012 Open Source Robotics Foundation.
[gzserver-2] Released under the Apache 2 License.
[gzserver-2] http://gazebosim.org
[gzserver-2] 
[apriltag_state_bridge-10] [INFO] [1773146763.947219630] [apriltag_state_bridge]: AprilTag bridge started: /drone/bottom/tags -> /landing_tag_state, use_target_id=True, target_id=0
[joint_state_publisher-4] [INFO] [1773146763.957304274] [drone.joint_state_publisher]: Waiting for robot_description to be published on the robot_description topic...
[gzserver-2] [1;33m[Wrn] [gazebo_ros_init.cpp:178] [0m[1;33m
[gzserver-2] #     # ####### ####### ###  #####  #######
[gzserver-2] ##    # #     #    #     #  #     # #
[gzserver-2] # #   # #     #    #     #  #       #
[gzserver-2] #  #  # #     #    #     #  #       #####
[gzserver-2] #   # # #     #    #     #  #       #
[gzserver-2] #    ## #     #    #     #  #     # #
[gzserver-2] #     # #######    #    ###  #####  #######
[gzserver-2] 
[gzserver-2] This version of Gazebo, now called Gazebo classic, reaches end-of-life
[gzserver-2] in January 2025. Users are highly encouraged to migrate to the new Gazebo
[gzserver-2] using our migration guides (https://gazebosim.org/docs/latest/gazebo_classic_migration?utm_source=gazebo_ros_pkgs&utm_medium=cli)
[gzserver-2] 
[gzserver-2] [0m[1;33m
[rviz2-1] [INFO] [1773146764.312312889] [rviz2]: Stereo is NOT SUPPORTED
[rviz2-1] [INFO] [1773146764.312485416] [rviz2]: OpenGl version: 4.6 (GLSL 4.6)
[rviz2-1] [INFO] [1773146764.413852531] [rviz2]: Stereo is NOT SUPPORTED
[rviz2-1] [INFO] [1773146764.616600163] [rviz2]: Stereo is NOT SUPPORTED
[gzserver-2] [1;32m[Msg] [0m[1;32mWaiting for master.[0m[1;32m
[gzserver-2] [0m[1;32m[0m[1;32m[0m[1;32m[Msg] [0m[1;32mConnected to gazebo master @ [0m[1;32mhttp://127.0.0.1:11345[0m[1;32m
[gzserver-2] [0m[1;32m[0m[1;32m[0m[1;32m[Msg] [0m[1;32mPublicized address: [0m[1;32m192.168.0.11[0m[1;32m
[gzserver-2] [0m[1;32m[0m[1;32m[0m[1;32m[Msg] [0m[1;32mLoading world file [[0m[1;32m/home/j/INCSL/IICC26_ws/install/sjtu_drone_description/share/sjtu_drone_description/worlds/landingPad.world[0m[1;32m][0m[1;32m
[gzserver-2] [0m[1;32m[0m[1;32m[0m[1;36m[Dbg] [wind_plugin.cpp:96] [0m[1;36mWindPlugin loaded: speed=[0m[1;36m0[0m[1;36m dir=[0m[1;36m0[0m[1;36m deg area=[0m[1;36m0.1[0m[1;36m coeff=[0m[1;36m1[0m[1;36m
[gzserver-2] [0m[1;33m[0m[1;33m[0m[1;31m[Err] [Sensor.cc:510] [0m[1;31mGet noise index not valid[0m[1;31m
[gzserver-2] [0m[1;31m[0m[1;31m[0m[1;31m[Err] [Sensor.cc:510] [0m[1;31mGet noise index not valid[0m[1;31m
[gzserver-2] [0m[1;31m[0m[1;31m[0m[1;31m[Err] [Sensor.cc:510] [0m[1;31mGet noise index not valid[0m[1;31m
[gzserver-2] [0m[1;31m[0m[1;31m[0m[1;31m[Err] [Sensor.cc:510] [0m[1;31mGet noise index not valid[0m[1;31m
[gzserver-2] [0m[1;31m[0m[1;31m[0m[1;31m[Err] [Sensor.cc:510] [0m[1;31mGet noise index not valid[0m[1;31m
[gzserver-2] [0m[1;31m[0m[1;31m[0m[1;31m[Err] [Sensor.cc:510] [0m[1;31mGet noise index not valid[0m[1;31m
[gzserver-2] [0m[1;31m[0m[1;31m[0mTopic [default//drone/base_footprint/down_camera/image] is not valid.
[gzserver-2] Topic [default//drone/base_footprint/front_camera/image] is not valid.
[gzserver-2] [INFO] [1773146764.990577985] [drone.collision_plugin]: Publishing contact states to [/drone/bumper_states]
[gzserver-2] [1;33m[Wrn] [Event.cc:61] [0m[1;33mWarning: Deleting a connection right after creation. [0m[1;33mMake sure to save the ConnectionPtr from a Connect call
[gzserver-2] [0m[INFO] [1773146765.752175608] [drone.camera_bottom]: Publishing camera info to [/drone/bottom/camera_info]
[gzserver-2] [INFO] [1773146765.756654224] [drone.camera_front]: Publishing camera info to [/drone/front/camera_info]
[spawn_drone-5] [INFO] [1773146765.765239748] [spawn_drone]: Result True SpawnEntity: Successfully spawned entity [/drone]
[gzserver-2] [INFO] [1773146765.879091447] [drone.simple_drone]: The drone plugin is loading!
[gzserver-2] [INFO] [1773146765.879309774] [drone.simple_drone]: pub_odom: 1
[gzserver-2] [INFO] [1773146765.879346215] [drone.simple_drone]: Using following parameters: 
[gzserver-2] 		link_name: base_footprint,
[gzserver-2] 		max_force: 30,
[gzserver-2] 		motion_small_noise: 0,
[gzserver-2] 		motion_drift_noise: 0,
[gzserver-2] 		motion_drift_noise_time: 50,
[gzserver-2] 		takeoff_hover_height: 2.17,
[gzserver-2] 		takeoff_vertical_speed: 0.2
[gzserver-2] [INFO] [1773146765.891309125] [drone.simple_drone]: Using the PID parameters: 
[gzserver-2] 	Roll Pitch:
[gzserver-2] 		kP: 10, kI: 0,kD: 5, Limit: 0.5, Time Constant: 0
[gzserver-2] 	Yaw:
[gzserver-2] 		kP: 2, kI: 0,kD: 1, Limit: 1.5, Time Constant: 0
[gzserver-2] 	Velocity X:
[gzserver-2] 		kP: 5, kI: 0,kD: 2.3, Limit: 2, Time Constant: 0
[gzserver-2] 	Velocity Y:
[gzserver-2] 		kP: 5, kI: 0,kD: 2.3, Limit: 2, Time Constant: 0
[gzserver-2] 	Velocity Z:
[gzserver-2] 		kP: 5, kI: 0,kD: 1, Limit: -1, Time Constant: 0
[gzserver-2] 	Position XY:
[gzserver-2] 		kP: 1.1, kI: 0,kD: 0, Limit: 5, Time Constant: 0
[gzserver-2] 	Position Z:
[gzserver-2] 		kP: 1, kI: 0,kD: 0.2, Limit: -1, Time Constant: 0
[gzserver-2] [INFO] [1773146765.891451247] [drone.simple_drone]: The drone plugin finished loading!
[INFO] [spawn_drone-5]: process has finished cleanly [pid 874037]
[gzserver-2] [INFO] [1773146773.025156188] [gazebo_wind_plugin_node]: WindPlugin: set wind_speed=0.00 wind_direction=0.0
[gzserver-2] [INFO] [1773146773.296257247] [gazebo_wind_plugin_node]: WindPlugin: set wind_speed=0.00 wind_direction=0.0
[gzserver-2] [INFO] [1773146773.329838968] [drone.simple_drone]: Quadrotor takes off!!
[gzserver-2] [INFO] [1773146773.530542689] [gazebo_wind_plugin_node]: WindPlugin: set wind_speed=0.00 wind_direction=0.0
[gzserver-2] [INFO] [1773146773.772415696] [gazebo_wind_plugin_node]: WindPlugin: set wind_speed=0.00 wind_direction=0.0
[gzserver-2] [INFO] [1773146774.006159562] [gazebo_wind_plugin_node]: WindPlugin: set wind_speed=0.00 wind_direction=0.0
[gzserver-2] [INFO] [1773146774.245189247] [gazebo_wind_plugin_node]: WindPlugin: set wind_speed=0.00 wind_direction=0.0
[gzserver-2] [INFO] [1773146774.484324463] [gazebo_wind_plugin_node]: WindPlugin: set wind_speed=0.00 wind_direction=0.0
[gzserver-2] [INFO] [1773146774.723637536] [gazebo_wind_plugin_node]: WindPlugin: set wind_speed=0.00 wind_direction=0.0
[gzserver-2] [INFO] [1773146774.962815689] [gazebo_wind_plugin_node]: WindPlugin: set wind_speed=0.00 wind_direction=0.0
[gzserver-2] [0m[1;36m[Dbg] [wind_plugin.cpp:110] [0m[1;36mWindPlugin: received command -> speed=[0m[1;36m0[0m[1;36m dir=[0m[1;36m0[0m[1;36m
[gzserver-2] [0m[1;36m[Dbg] [wind_plugin.cpp:110] [0m[1;36mWindPlugin: received command -> speed=[0m[1;36m0[0m[1;36m dir=[0m[1;36m0[0m[1;36m
[gzserver-2] [0m[1;36m[Dbg] [wind_plugin.cpp:110] [0m[1;36mWindPlugin: received command -> speed=[0m[1;36m0[0m[1;36m dir=[0m[1;36m0[0m[1;36m
[gzserver-2] [0m[1;36m[Dbg] [wind_plugin.cpp:110] [0m[1;36mWindPlugin: received command -> speed=[0m[1;36m0[0m[1;36m dir=[0m[1;36m0[0m[1;36m
[gzserver-2] [0m[1;36m[Dbg] [wind_plugin.cpp:110] [0m[1;36mWindPlugin: received command -> speed=[0m[1;36m0[0m[1;36m dir=[0m[1;36m0[0m[1;36m
[gzserver-2] [0m[1;36m[Dbg] [wind_plugin.cpp:110] [0m[1;36mWindPlugin: received command -> speed=[0m[1;36m0[0m[1;36m dir=[0m[1;36m0[0m[1;36m
[gzserver-2] [0m[1;36m[Dbg] [wind_plugin.cpp:110] [0m[1;36mWindPlugin: received command -> speed=[0m[1;36m0[0m[1;36m dir=[0m[1;36m0[0m[1;36m
[gzserver-2] [0m[1;36m[Dbg] [wind_plugin.cpp:110] [0m[1;36mWindPlugin: received command -> speed=[0m[1;36m0[0m[1;36m dir=[0m[1;36m0[0m[1;36m
[gzserver-2] [0m[1;36m[Dbg] [wind_plugin.cpp:110] [0m[1;36mWindPlugin: received command -> speed=[0m[1;36m0[0m[1;36m dir=[0m[1;36m0[0m[1;36m
[gzserver-2] [0mEntering flying model!
[gzserver-2] [INFO] [1773146775.202927704] [gazebo_wind_plugin_node]: WindPlugin: set wind_speed=0.00 wind_direction=0.0
[gzserver-2] [INFO] [1773146775.443527269] [gazebo_wind_plugin_node]: WindPlugin: set wind_speed=0.48 wind_direction=-35.6
[gzserver-2] [INFO] [1773146775.678263801] [gazebo_wind_plugin_node]: WindPlugin: set wind_speed=0.24 wind_direction=-34.5
[gzserver-2] [INFO] [1773146775.913320859] [gazebo_wind_plugin_node]: WindPlugin: set wind_speed=0.24 wind_direction=-34.5
[gzserver-2] [INFO] [1773146776.150241327] [gazebo_wind_plugin_node]: WindPlugin: set wind_speed=0.24 wind_direction=-34.5
[gzserver-2] [INFO] [1773146776.380727116] [gazebo_wind_plugin_node]: WindPlugin: set wind_speed=0.24 wind_direction=-34.5
[gzserver-2] [INFO] [1773146776.615507729] [gazebo_wind_plugin_node]: WindPlugin: set wind_speed=0.27 wind_direction=-39.1
[gzserver-2] [INFO] [1773146776.852078762] [gazebo_wind_plugin_node]: WindPlugin: set wind_speed=0.27 wind_direction=-39.1
[gzserver-2] [INFO] [1773146777.091745295] [gazebo_wind_plugin_node]: WindPlugin: set wind_speed=0.27 wind_direction=-39.1
[gzserver-2] [INFO] [1773146777.333108252] [gazebo_wind_plugin_node]: WindPlugin: set wind_speed=0.27 wind_direction=-39.1
[gzserver-2] [INFO] [1773146777.572439084] [gazebo_wind_plugin_node]: WindPlugin: set wind_speed=0.34 wind_direction=-37.6
[gzserver-2] [INFO] [1773146777.811836185] [gazebo_wind_plugin_node]: WindPlugin: set wind_speed=0.34 wind_direction=-37.6
[gzserver-2] [INFO] [1773146778.051475704] [gazebo_wind_plugin_node]: WindPlugin: set wind_speed=0.34 wind_direction=-37.6
[gzserver-2] [INFO] [1773146778.282979564] [gazebo_wind_plugin_node]: WindPlugin: set wind_speed=0.34 wind_direction=-37.6
[gzserver-2] [INFO] [1773146778.321173608] [drone.simple_drone]: Quadrotor lands!!
[gzserver-2] [INFO] [1773146778.522479268] [gazebo_wind_plugin_node]: WindPlugin: set wind_speed=0.34 wind_direction=-37.6
[gzserver-2] [INFO] [1773146778.751330099] [gazebo_wind_plugin_node]: WindPlugin: set wind_speed=0.45 wind_direction=-35.8
[gzserver-2] [INFO] [1773146778.991690433] [gazebo_wind_plugin_node]: WindPlugin: set wind_speed=0.45 wind_direction=-35.8
[gzserver-2] [INFO] [1773146779.231269186] [gazebo_wind_plugin_node]: WindPlugin: set wind_speed=0.45 wind_direction=-35.8
[gzserver-2] [1;36m[Dbg] [wind_plugin.cpp:110] [0m[1;36mWindPlugin: received command -> speed=[0m[1;36m0[0m[1;36m dir=[0m[1;36m0[0m[1;36m
[gzserver-2] [0m[1;36m[Dbg] [wind_plugin.cpp:110] [0m[1;36mWindPlugin: received command -> speed=[0m[1;36m0.476987[0m[1;36m dir=[0m[1;36m-35.5521[0m[1;36m
[gzserver-2] [0m[1;36m[Dbg] [wind_plugin.cpp:110] [0m[1;36mWindPlugin: received command -> speed=[0m[1;36m0.23544[0m[1;36m dir=[0m[1;36m-34.4672[0m[1;36m
[gzserver-2] [0m[1;36m[Dbg] [wind_plugin.cpp:110] [0m[1;36mWindPlugin: received command -> speed=[0m[1;36m0.23544[0m[1;36m dir=[0m[1;36m-34.4672[0m[1;36m
[gzserver-2] [0m[1;36m[Dbg] [wind_plugin.cpp:110] [0m[1;36mWindPlugin: received command -> speed=[0m[1;36m0.23544[0m[1;36m dir=[0m[1;36m-34.4672[0m[1;36m
[gzserver-2] [0m[1;36m[Dbg] [wind_plugin.cpp:110] [0m[1;36mWindPlugin: received command -> speed=[0m[1;36m0.23544[0m[1;36m dir=[0m[1;36m-34.4672[0m[1;36m
[gzserver-2] [0m[1;36m[Dbg] [wind_plugin.cpp:110] [0m[1;36mWindPlugin: received command -> speed=[0m[1;36m0.267204[0m[1;36m dir=[0m[1;36m-39.0654[0m[1;36m
[gzserver-2] [0m[1;36m[Dbg] [wind_plugin.cpp:110] [0m[1;36mWindPlugin: received command -> speed=[0m[1;36m0.267204[0m[1;36m dir=[0m[1;36m-39.0654[0m[1;36m
[gzserver-2] [0m[1;36m[Dbg] [wind_plugin.cpp:110] [0m[1;36mWindPlugin: received command -> speed=[0m[1;36m0.267204[0m[1;36m dir=[0m[1;36m-39.0654[0m[1;36m
[gzserver-2] [0m[1;36m[Dbg] [wind_plugin.cpp:110] [0m[1;36mWindPlugin: received command -> speed=[0m[1;36m0.267204[0m[1;36m dir=[0m[1;36m-39.0654[0m[1;36m
[gzserver-2] [0m[1;36m[Dbg] [wind_plugin.cpp:110] [0m[1;36mWindPlugin: received command -> speed=[0m[1;36m0.336696[0m[1;36m dir=[0m[1;36m-37.6106[0m[1;36m
[gzserver-2] [0m[1;36m[Dbg] [wind_plugin.cpp:110] [0m[1;36mWindPlugin: received command -> speed=[0m[1;36m0.336696[0m[1;36m dir=[0m[1;36m-37.6106[0m[1;36m
[gzserver-2] [0m[1;36m[Dbg] [wind_plugin.cpp:110] [0m[1;36mWindPlugin: received command -> speed=[0m[1;36m0.336696[0m[1;36m dir=[0m[1;36m-37.6106[0m[1;36m
[gzserver-2] [0m[1;36m[Dbg] [wind_plugin.cpp:110] [0m[1;36mWindPlugin: received command -> speed=[0m[1;36m0.336696[0m[1;36m dir=[0m[1;36m-37.6106[0m[1;36m
[gzserver-2] [0m[1;36m[Dbg] [wind_plugin.cpp:110] [0m[1;36mWindPlugin: received command -> speed=[0m[1;36m0.336696[0m[1;36m dir=[0m[1;36m-37.6106[0m[1;36m
[gzserver-2] [0m[1;36m[Dbg] [wind_plugin.cpp:110] [0m[1;36mWindPlugin: received command -> speed=[0m[1;36m0.445445[0m[1;36m dir=[0m[1;36m-35.8317[0m[1;36m
[gzserver-2] [0m[1;36m[Dbg] [wind_plugin.cpp:110] [0m[1;36mWindPlugin: received command -> speed=[0m[1;36m0.445445[0m[1;36m dir=[0m[1;36m-35.8317[0m[1;36m
[gzserver-2] [0m[1;36m[Dbg] [wind_plugin.cpp:110] [0m[1;36mWindPlugin: received command -> speed=[0m[1;36m0.445445[0m[1;36m dir=[0m[1;36m-35.8317[0m[1;36m
[gzserver-2] [0mLanded!
[gzserver-2] [INFO] [1773146779.470693809] [gazebo_wind_plugin_node]: WindPlugin: set wind_speed=0.45 wind_direction=-35.8
[gzserver-2] [INFO] [1773146779.707572248] [gazebo_wind_plugin_node]: WindPlugin: set wind_speed=0.20 wind_direction=-35.8
[gzserver-2] [INFO] [1773146779.941943856] [gazebo_wind_plugin_node]: WindPlugin: set wind_speed=0.20 wind_direction=-35.8
[gzserver-2] [INFO] [1773146780.181059772] [gazebo_wind_plugin_node]: WindPlugin: set wind_speed=0.20 wind_direction=-35.8
[gzserver-2] [INFO] [1773146780.417806746] [gazebo_wind_plugin_node]: WindPlugin: set wind_speed=0.20 wind_direction=-35.8
[gzserver-2] [INFO] [1773146780.656992706] [gazebo_wind_plugin_node]: WindPlugin: set wind_speed=0.47 wind_direction=-38.4
[gzserver-2] [INFO] [1773146780.896348420] [gazebo_wind_plugin_node]: WindPlugin: set wind_speed=0.47 wind_direction=-38.4
[gzserver-2] [INFO] [1773146781.135851675] [gazebo_wind_plugin_node]: WindPlugin: set wind_speed=0.47 wind_direction=-38.4
