[INFO] [launch]: All log files can be found below /home/j/.ros/log/2026-03-10-20-53-03-449340-j-451324
[INFO] [launch]: Default logging verbosity is set to INFO
[INFO] [launch.user]: [bringup] Apriltag config: camera=/drone/bottom, image=/drone/bottom/image_raw, tags=/drone/bottom/tags, bridge=/landing_tag_state, standalone=true, use_target_id=true, target_id=0
[INFO] [rviz2-1]: process started with pid [451327]
[INFO] [gzserver-2]: process started with pid [451329]
[INFO] [robot_state_publisher-3]: process started with pid [451331]
[INFO] [joint_state_publisher-4]: process started with pid [451333]
[INFO] [spawn_drone-5]: process started with pid [451335]
[INFO] [static_transform_publisher-6]: process started with pid [451337]
[INFO] [joy_node-7]: process started with pid [451339]
[INFO] [teleop_joystick-8]: process started with pid [451341]
[INFO] [apriltag_detector_node-9]: process started with pid [451343]
[INFO] [apriltag_state_bridge-10]: process started with pid [451345]
[static_transform_publisher-6] [WARN] [1773143583.932624951] []: Old-style arguments are deprecated; see --help for new-style arguments
[static_transform_publisher-6] [INFO] [1773143583.938964605] [static_transform_publisher_xNo5EasSD8BZ9CI2]: Spinning until stopped - publishing transform
[static_transform_publisher-6] translation: ('0.000000', '0.000000', '0.000000')
[static_transform_publisher-6] rotation: ('0.000000', '0.000000', '0.000000', '1.000000')
[static_transform_publisher-6] from 'world' to '/drone/odom'
[rviz2-1] 
[rviz2-1] (rviz2:451327): dbind-WARNING **: 20:53:03.961: Couldn't connect to accessibility bus: Failed to connect to socket /root/.cache/at-spi/bus_0: 허가 거부
[robot_state_publisher-3] [INFO] [1773143583.963759294] [drone.robot_state_publisher]: got segment base_footprint
[robot_state_publisher-3] [INFO] [1773143583.963910324] [drone.robot_state_publisher]: got segment base_link
[robot_state_publisher-3] [INFO] [1773143583.963920782] [drone.robot_state_publisher]: got segment bottom_cam_link
[robot_state_publisher-3] [INFO] [1773143583.963925463] [drone.robot_state_publisher]: got segment front_cam_link
[robot_state_publisher-3] [INFO] [1773143583.963929609] [drone.robot_state_publisher]: got segment sonar_link
[apriltag_detector_node-9] [INFO] [1773143583.966078726] [apriltag_detector_node]: tag detector type: umich
[teleop_joystick-8] Traceback (most recent call last):
[teleop_joystick-8]   File "/home/j/INCSL/IICC26_ws/install/sjtu_drone_control/lib/sjtu_drone_control/teleop_joystick", line 33, in <module>
[teleop_joystick-8]     sys.exit(load_entry_point('sjtu_drone_control==0.0.0', 'console_scripts', 'teleop_joystick')())
[teleop_joystick-8]   File "/home/j/INCSL/IICC26_ws/install/sjtu_drone_control/lib/sjtu_drone_control/teleop_joystick", line 22, in importlib_load_entry_point
[teleop_joystick-8]     for entry_point in distribution(dist_name).entry_points
[teleop_joystick-8]   File "/usr/lib/python3.10/importlib/metadata/__init__.py", line 969, in distribution
[teleop_joystick-8]     return Distribution.from_name(distribution_name)
[teleop_joystick-8]   File "/usr/lib/python3.10/importlib/metadata/__init__.py", line 548, in from_name
[teleop_joystick-8]     raise PackageNotFoundError(name)
[teleop_joystick-8] importlib.metadata.PackageNotFoundError: No package metadata was found for sjtu_drone_control
[ERROR] [teleop_joystick-8]: process has died [pid 451341, exit code 1, cmd '/home/j/INCSL/IICC26_ws/install/sjtu_drone_control/lib/sjtu_drone_control/teleop_joystick --ros-args -r __ns:=/drone'].
[gzserver-2] Gazebo multi-robot simulator, version 11.10.2
[gzserver-2] Copyright (C) 2012 Open Source Robotics Foundation.
[gzserver-2] Released under the Apache 2 License.
[gzserver-2] http://gazebosim.org
[gzserver-2] 
[apriltag_state_bridge-10] [INFO] [1773143584.160298053] [apriltag_state_bridge]: AprilTag bridge started: /drone/bottom/tags -> /landing_tag_state, use_target_id=True, target_id=0
[joint_state_publisher-4] [INFO] [1773143584.208255950] [drone.joint_state_publisher]: Waiting for robot_description to be published on the robot_description topic...
[gzserver-2] [1;33m[Wrn] [gazebo_ros_init.cpp:178] [0m[1;33m
[gzserver-2] #     # ####### ####### ###  #####  #######
[gzserver-2] ##    # #     #    #     #  #     # #
[gzserver-2] # #   # #     #    #     #  #       #
[gzserver-2] #  #  # #     #    #     #  #       #####
[gzserver-2] #   # # #     #    #     #  #       #
[gzserver-2] #    ## #     #    #     #  #     # #
[gzserver-2] #     # #######    #    ###  #####  #######
[gzserver-2] 
[gzserver-2] This version of Gazebo, now called Gazebo classic, reaches end-of-life
[gzserver-2] in January 2025. Users are highly encouraged to migrate to the new Gazebo
[gzserver-2] using our migration guides (https://gazebosim.org/docs/latest/gazebo_classic_migration?utm_source=gazebo_ros_pkgs&utm_medium=cli)
[gzserver-2] 
[gzserver-2] [0m[1;33m
[rviz2-1] [INFO] [1773143584.709321489] [rviz2]: Stereo is NOT SUPPORTED
[rviz2-1] [INFO] [1773143584.709407533] [rviz2]: OpenGl version: 4.6 (GLSL 4.6)
[rviz2-1] [INFO] [1773143584.788018049] [rviz2]: Stereo is NOT SUPPORTED
[rviz2-1] [INFO] [1773143584.904452919] [rviz2]: Stereo is NOT SUPPORTED
[spawn_drone-5] [INFO] [1773143585.287563230] [spawn_drone]: Result False Entity pushed to spawn queue, but spawn service timed outwaiting for entity to appear in simulation under the name [/drone]
[gzserver-2] [1;32m[Msg] [0m[1;32mWaiting for master.[0m[1;32m
[gzserver-2] [0m[1;32m[0m[1;32m[0m[1;32m[Msg] [0m[1;32mConnected to gazebo master @ [0m[1;32mhttp://127.0.0.1:11345[0m[1;32m
[gzserver-2] [0m[1;32m[0m[1;32m[0m[1;32m[Msg] [0m[1;32mPublicized address: [0m[1;32m192.168.0.11[0m[1;32m
[gzserver-2] [0m[1;32m[0m[1;32m[0m[1;32m[Msg] [0m[1;32mLoading world file [[0m[1;32m/home/j/INCSL/IICC26_ws/install/sjtu_drone_description/share/sjtu_drone_description/worlds/landingPad.world[0m[1;32m][0m[1;32m
[gzserver-2] [0m[1;32m[0m[1;32m[0m[1;36m[Dbg] [wind_plugin.cpp:96] [0m[1;36mWindPlugin loaded: speed=[0m[1;36m0[0m[1;36m dir=[0m[1;36m0[0m[1;36m deg area=[0m[1;36m0.1[0m[1;36m coeff=[0m[1;36m1[0m[1;36m
[gzserver-2] [0m[1;33m[0m[1;33m[0m[1;31m[Err] [Sensor.cc:510] [0m[1;31mGet noise index not valid[0m[1;31m
[gzserver-2] [0m[1;31m[0m[1;31m[0m[1;31m[Err] [Sensor.cc:510] [0m[1;31mGet noise index not valid[0m[1;31m
[gzserver-2] [0m[1;31m[0m[1;31m[0m[1;31m[Err] [Sensor.cc:510] [0m[1;31mGet noise index not valid[0m[1;31m
[gzserver-2] [0m[1;31m[0m[1;31m[0m[1;31m[Err] [Sensor.cc:510] [0m[1;31mGet noise index not valid[0m[1;31m
[gzserver-2] [0m[1;31m[0m[1;31m[0m[1;31m[Err] [Sensor.cc:510] [0m[1;31mGet noise index not valid[0m[1;31m
[gzserver-2] [0m[1;31m[0m[1;31m[0m[1;31m[Err] [Sensor.cc:510] [0m[1;31mGet noise index not valid[0m[1;31m
[gzserver-2] [0m[1;31m[0m[1;31m[0mTopic [default//drone/base_footprint/down_camera/image] is not valid.
[gzserver-2] [INFO] [1773143585.317324327] [drone.collision_plugin]: Publishing contact states to [/drone/bumper_states]
[gzserver-2] Topic [default//drone/base_footprint/front_camera/image] is not valid.
[gzserver-2] [1;33m[Wrn] [Event.cc:61] [0m[1;33mWarning: Deleting a connection right after creation. [0m[1;33mMake sure to save the ConnectionPtr from a Connect call
[INFO] [spawn_drone-5]: process has finished cleanly [pid 451335]
[gzserver-2] [0m[INFO] [1773143585.903585887] [drone.camera_bottom]: Publishing camera info to [/drone/bottom/camera_info]
[gzserver-2] [INFO] [1773143585.906541413] [drone.camera_front]: Publishing camera info to [/drone/front/camera_info]
[gzserver-2] [INFO] [1773143586.028564024] [drone.simple_drone]: The drone plugin is loading!
[gzserver-2] [INFO] [1773143586.028778869] [drone.simple_drone]: pub_odom: 1
[gzserver-2] [INFO] [1773143586.028809998] [drone.simple_drone]: Using following parameters: 
[gzserver-2] 		link_name: base_footprint,
[gzserver-2] 		max_force: 30,
[gzserver-2] 		motion_small_noise: 0,
[gzserver-2] 		motion_drift_noise: 0,
[gzserver-2] 		motion_drift_noise_time: 50,
[gzserver-2] 		takeoff_hover_height: 2.46,
[gzserver-2] 		takeoff_vertical_speed: 0.2
[gzserver-2] [INFO] [1773143586.040452104] [drone.simple_drone]: Using the PID parameters: 
[gzserver-2] 	Roll Pitch:
[gzserver-2] 		kP: 10, kI: 0,kD: 5, Limit: 0.5, Time Constant: 0
[gzserver-2] 	Yaw:
[gzserver-2] 		kP: 2, kI: 0,kD: 1, Limit: 1.5, Time Constant: 0
[gzserver-2] 	Velocity X:
[gzserver-2] 		kP: 5, kI: 0,kD: 2.3, Limit: 2, Time Constant: 0
[gzserver-2] 	Velocity Y:
[gzserver-2] 		kP: 5, kI: 0,kD: 2.3, Limit: 2, Time Constant: 0
[gzserver-2] 	Velocity Z:
[gzserver-2] 		kP: 5, kI: 0,kD: 1, Limit: -1, Time Constant: 0
[gzserver-2] 	Position XY:
[gzserver-2] 		kP: 1.1, kI: 0,kD: 0, Limit: 5, Time Constant: 0
[gzserver-2] 	Position Z:
[gzserver-2] 		kP: 1, kI: 0,kD: 0.2, Limit: -1, Time Constant: 0
[gzserver-2] [INFO] [1773143586.040574630] [drone.simple_drone]: The drone plugin finished loading!
[gzserver-2] [INFO] [1773143593.264476853] [gazebo_wind_plugin_node]: WindPlugin: set wind_speed=0.00 wind_direction=0.0
[gzserver-2] [INFO] [1773143593.536815698] [gazebo_wind_plugin_node]: WindPlugin: set wind_speed=0.00 wind_direction=0.0
[gzserver-2] [INFO] [1773143593.575555758] [drone.simple_drone]: Quadrotor takes off!!
[gzserver-2] [INFO] [1773143593.775988568] [gazebo_wind_plugin_node]: WindPlugin: set wind_speed=0.00 wind_direction=0.0
[gzserver-2] [INFO] [1773143594.010575605] [gazebo_wind_plugin_node]: WindPlugin: set wind_speed=0.00 wind_direction=0.0
[gzserver-2] [INFO] [1773143594.249715646] [gazebo_wind_plugin_node]: WindPlugin: set wind_speed=0.00 wind_direction=0.0
[gzserver-2] [INFO] [1773143594.484777738] [gazebo_wind_plugin_node]: WindPlugin: set wind_speed=0.00 wind_direction=0.0
[gzserver-2] [INFO] [1773143594.723725524] [gazebo_wind_plugin_node]: WindPlugin: set wind_speed=0.00 wind_direction=0.0
[gzserver-2] [INFO] [1773143594.957836681] [gazebo_wind_plugin_node]: WindPlugin: set wind_speed=0.00 wind_direction=0.0
[gzserver-2] [INFO] [1773143595.196709976] [gazebo_wind_plugin_node]: WindPlugin: set wind_speed=0.00 wind_direction=0.0
[gzserver-2] [INFO] [1773143595.438336900] [gazebo_wind_plugin_node]: WindPlugin: set wind_speed=0.00 wind_direction=0.0
[gzserver-2] [0m[1;36m[Dbg] [wind_plugin.cpp:110] [0m[1;36mWindPlugin: received command -> speed=[0m[1;36m0[0m[1;36m dir=[0m[1;36m0[0m[1;36m
[gzserver-2] [0m[1;36m[Dbg] [wind_plugin.cpp:110] [0m[1;36mWindPlugin: received command -> speed=[0m[1;36m0[0m[1;36m dir=[0m[1;36m0[0m[1;36m
[gzserver-2] [0m[1;36m[Dbg] [wind_plugin.cpp:110] [0m[1;36mWindPlugin: received command -> speed=[0m[1;36m0[0m[1;36m dir=[0m[1;36m0[0m[1;36m
[gzserver-2] [0m[1;36m[Dbg] [wind_plugin.cpp:110] [0m[1;36mWindPlugin: received command -> speed=[0m[1;36m0[0m[1;36m dir=[0m[1;36m0[0m[1;36m
[gzserver-2] [0m[1;36m[Dbg] [wind_plugin.cpp:110] [0m[1;36mWindPlugin: received command -> speed=[0m[1;36m0[0m[1;36m dir=[0m[1;36m0[0m[1;36m
[gzserver-2] [0m[1;36m[Dbg] [wind_plugin.cpp:110] [0m[1;36mWindPlugin: received command -> speed=[0m[1;36m0[0m[1;36m dir=[0m[1;36m0[0m[1;36m
[gzserver-2] [0m[1;36m[Dbg] [wind_plugin.cpp:110] [0m[1;36mWindPlugin: received command -> speed=[0m[1;36m0[0m[1;36m dir=[0m[1;36m0[0m[1;36m
[gzserver-2] [0m[1;36m[Dbg] [wind_plugin.cpp:110] [0m[1;36mWindPlugin: received command -> speed=[0m[1;36m0[0m[1;36m dir=[0m[1;36m0[0m[1;36m
[gzserver-2] [0m[1;36m[Dbg] [wind_plugin.cpp:110] [0m[1;36mWindPlugin: received command -> speed=[0m[1;36m0[0m[1;36m dir=[0m[1;36m0[0m[1;36m
[gzserver-2] [0m[1;36m[Dbg] [wind_plugin.cpp:110] [0m[1;36mWindPlugin: received command -> speed=[0m[1;36m0[0m[1;36m dir=[0m[1;36m0[0m[1;36m
[gzserver-2] [0mEntering flying model!
[gzserver-2] [INFO] [1773143595.677952481] [gazebo_wind_plugin_node]: WindPlugin: set wind_speed=0.00 wind_direction=0.0
[gzserver-2] [INFO] [1773143595.912689816] [gazebo_wind_plugin_node]: WindPlugin: set wind_speed=3.90 wind_direction=-90.4
[gzserver-2] [INFO] [1773143596.149127100] [gazebo_wind_plugin_node]: WindPlugin: set wind_speed=3.90 wind_direction=-90.4
[gzserver-2] [INFO] [1773143596.387957330] [gazebo_wind_plugin_node]: WindPlugin: set wind_speed=3.90 wind_direction=-90.4
[gzserver-2] [INFO] [1773143596.629794650] [gazebo_wind_plugin_node]: WindPlugin: set wind_speed=3.90 wind_direction=-90.4
[gzserver-2] [INFO] [1773143596.863692139] [gazebo_wind_plugin_node]: WindPlugin: set wind_speed=3.96 wind_direction=-94.5
[gzserver-2] [INFO] [1773143597.091898264] [gazebo_wind_plugin_node]: WindPlugin: set wind_speed=3.96 wind_direction=-94.5
[gzserver-2] [INFO] [1773143597.331428343] [gazebo_wind_plugin_node]: WindPlugin: set wind_speed=3.96 wind_direction=-94.5
[gzserver-2] [INFO] [1773143597.565154833] [gazebo_wind_plugin_node]: WindPlugin: set wind_speed=3.96 wind_direction=-94.5
[gzserver-2] [INFO] [1773143597.798475009] [gazebo_wind_plugin_node]: WindPlugin: set wind_speed=4.03 wind_direction=-91.5
[gzserver-2] [INFO] [1773143598.032163571] [gazebo_wind_plugin_node]: WindPlugin: set wind_speed=4.03 wind_direction=-91.5
[gzserver-2] [INFO] [1773143598.271297046] [gazebo_wind_plugin_node]: WindPlugin: set wind_speed=4.03 wind_direction=-91.5
[gzserver-2] [INFO] [1773143598.500258223] [gazebo_wind_plugin_node]: WindPlugin: set wind_speed=4.03 wind_direction=-91.5
[gzserver-2] [INFO] [1773143598.739346255] [gazebo_wind_plugin_node]: WindPlugin: set wind_speed=4.03 wind_direction=-91.5
[gzserver-2] [INFO] [1773143598.777158695] [drone.simple_drone]: Quadrotor lands!!
[gzserver-2] [INFO] [1773143598.978651808] [gazebo_wind_plugin_node]: WindPlugin: set wind_speed=3.91 wind_direction=-92.0
[gzserver-2] [INFO] [1773143599.219865983] [gazebo_wind_plugin_node]: WindPlugin: set wind_speed=3.91 wind_direction=-92.0
[gzserver-2] [INFO] [1773143599.458986146] [gazebo_wind_plugin_node]: WindPlugin: set wind_speed=3.91 wind_direction=-92.0
[gzserver-2] [INFO] [1773143599.698868456] [gazebo_wind_plugin_node]: WindPlugin: set wind_speed=3.91 wind_direction=-92.0
[gzserver-2] [1;36m[Dbg] [wind_plugin.cpp:110] [0m[1;36mWindPlugin: received command -> speed=[0m[1;36m0[0m[1;36m dir=[0m[1;36m0[0m[1;36m
[gzserver-2] [0m[1;36m[Dbg] [wind_plugin.cpp:110] [0m[1;36mWindPlugin: received command -> speed=[0m[1;36m3.90005[0m[1;36m dir=[0m[1;36m-90.3816[0m[1;36m
[gzserver-2] [0m[1;36m[Dbg] [wind_plugin.cpp:110] [0m[1;36mWindPlugin: received command -> speed=[0m[1;36m3.90005[0m[1;36m dir=[0m[1;36m-90.3816[0m[1;36m
[gzserver-2] [0m[1;36m[Dbg] [wind_plugin.cpp:110] [0m[1;36mWindPlugin: received command -> speed=[0m[1;36m3.90005[0m[1;36m dir=[0m[1;36m-90.3816[0m[1;36m
[gzserver-2] [0m[1;36m[Dbg] [wind_plugin.cpp:110] [0m[1;36mWindPlugin: received command -> speed=[0m[1;36m3.90005[0m[1;36m dir=[0m[1;36m-90.3816[0m[1;36m
[gzserver-2] [0m[1;36m[Dbg] [wind_plugin.cpp:110] [0m[1;36mWindPlugin: received command -> speed=[0m[1;36m3.96323[0m[1;36m dir=[0m[1;36m-94.4967[0m[1;36m
[gzserver-2] [0m[1;36m[Dbg] [wind_plugin.cpp:110] [0m[1;36mWindPlugin: received command -> speed=[0m[1;36m3.96323[0m[1;36m dir=[0m[1;36m-94.4967[0m[1;36m
[gzserver-2] [0m[1;36m[Dbg] [wind_plugin.cpp:110] [0m[1;36mWindPlugin: received command -> speed=[0m[1;36m3.96323[0m[1;36m dir=[0m[1;36m-94.4967[0m[1;36m
[gzserver-2] [0m[1;36m[Dbg] [wind_plugin.cpp:110] [0m[1;36mWindPlugin: received command -> speed=[0m[1;36m3.96323[0m[1;36m dir=[0m[1;36m-94.4967[0m[1;36m
[gzserver-2] [0m[1;36m[Dbg] [wind_plugin.cpp:110] [0m[1;36mWindPlugin: received command -> speed=[0m[1;36m4.02639[0m[1;36m dir=[0m[1;36m-91.515[0m[1;36m
[gzserver-2] [0m[1;36m[Dbg] [wind_plugin.cpp:110] [0m[1;36mWindPlugin: received command -> speed=[0m[1;36m4.02639[0m[1;36m dir=[0m[1;36m-91.515[0m[1;36m
[gzserver-2] [0m[1;36m[Dbg] [wind_plugin.cpp:110] [0m[1;36mWindPlugin: received command -> speed=[0m[1;36m4.02639[0m[1;36m dir=[0m[1;36m-91.515[0m[1;36m
[gzserver-2] [0m[1;36m[Dbg] [wind_plugin.cpp:110] [0m[1;36mWindPlugin: received command -> speed=[0m[1;36m4.02639[0m[1;36m dir=[0m[1;36m-91.515[0m[1;36m
[gzserver-2] [0m[1;36m[Dbg] [wind_plugin.cpp:110] [0m[1;36mWindPlugin: received command -> speed=[0m[1;36m4.02639[0m[1;36m dir=[0m[1;36m-91.515[0m[1;36m
[gzserver-2] [0m[1;36m[Dbg] [wind_plugin.cpp:110] [0m[1;36mWindPlugin: received command -> speed=[0m[1;36m3.90967[0m[1;36m dir=[0m[1;36m-91.9954[0m[1;36m
[gzserver-2] [0m[1;36m[Dbg] [wind_plugin.cpp:110] [0m[1;36mWindPlugin: received command -> speed=[0m[1;36m3.90967[0m[1;36m dir=[0m[1;36m-91.9954[0m[1;36m
[gzserver-2] [0m[1;36m[Dbg] [wind_plugin.cpp:110] [0m[1;36mWindPlugin: received command -> speed=[0m[1;36m3.90967[0m[1;36m dir=[0m[1;36m-91.9954[0m[1;36m
[gzserver-2] [0m[1;36m[Dbg] [wind_plugin.cpp:110] [0m[1;36mWindPlugin: received command -> speed=[0m[1;36m3.90967[0m[1;36m dir=[0m[1;36m-91.9954[0m[1;36m
[gzserver-2] [0mLanded!
[gzserver-2] [INFO] [1773143599.937810317] [gazebo_wind_plugin_node]: WindPlugin: set wind_speed=3.94 wind_direction=-90.7
[gzserver-2] [INFO] [1773143600.177012802] [gazebo_wind_plugin_node]: WindPlugin: set wind_speed=3.94 wind_direction=-90.7
[gzserver-2] [INFO] [1773143600.410898745] [gazebo_wind_plugin_node]: WindPlugin: set wind_speed=3.94 wind_direction=-90.7
[gzserver-2] [INFO] [1773143600.649983296] [gazebo_wind_plugin_node]: WindPlugin: set wind_speed=3.94 wind_direction=-90.7
[gzserver-2] [INFO] [1773143600.884453323] [gazebo_wind_plugin_node]: WindPlugin: set wind_speed=4.04 wind_direction=-89.9
[gzserver-2] [INFO] [1773143601.123235912] [gazebo_wind_plugin_node]: WindPlugin: set wind_speed=4.04 wind_direction=-89.9
[gzserver-2] [INFO] [1773143601.364482334] [gazebo_wind_plugin_node]: WindPlugin: set wind_speed=4.04 wind_direction=-89.9
[gzserver-2] [INFO] [1773143601.605121938] [gazebo_wind_plugin_node]: WindPlugin: set wind_speed=4.04 wind_direction=-89.9
