[INFO] [launch]: All log files can be found below /home/j/.ros/log/2026-03-10-17-20-13-441255-j-3484393
[INFO] [launch]: Default logging verbosity is set to INFO
[INFO] [launch.user]: [bringup] Apriltag config: camera=/drone/bottom, image=/drone/bottom/image_raw, tags=/drone/bottom/tags, bridge=/landing_tag_state, standalone=true, use_target_id=true, target_id=0
[INFO] [rviz2-1]: process started with pid [3484396]
[INFO] [gzserver-2]: process started with pid [3484398]
[INFO] [robot_state_publisher-3]: process started with pid [3484400]
[INFO] [joint_state_publisher-4]: process started with pid [3484402]
[INFO] [spawn_drone-5]: process started with pid [3484404]
[INFO] [static_transform_publisher-6]: process started with pid [3484406]
[INFO] [joy_node-7]: process started with pid [3484408]
[INFO] [teleop_joystick-8]: process started with pid [3484410]
[INFO] [apriltag_detector_node-9]: process started with pid [3484412]
[INFO] [apriltag_state_bridge-10]: process started with pid [3484415]
[static_transform_publisher-6] [WARN] [1773130813.913045857] []: Old-style arguments are deprecated; see --help for new-style arguments
[static_transform_publisher-6] [INFO] [1773130813.918878527] [static_transform_publisher_4n9GsaIbuno4hIgH]: Spinning until stopped - publishing transform
[static_transform_publisher-6] translation: ('0.000000', '0.000000', '0.000000')
[static_transform_publisher-6] rotation: ('0.000000', '0.000000', '0.000000', '1.000000')
[static_transform_publisher-6] from 'world' to '/drone/odom'
[robot_state_publisher-3] [INFO] [1773130813.942005864] [drone.robot_state_publisher]: got segment base_footprint
[robot_state_publisher-3] [INFO] [1773130813.942091043] [drone.robot_state_publisher]: got segment base_link
[robot_state_publisher-3] [INFO] [1773130813.942102600] [drone.robot_state_publisher]: got segment bottom_cam_link
[robot_state_publisher-3] [INFO] [1773130813.942110295] [drone.robot_state_publisher]: got segment front_cam_link
[robot_state_publisher-3] [INFO] [1773130813.942117347] [drone.robot_state_publisher]: got segment sonar_link
[rviz2-1] 
[rviz2-1] (rviz2:3484396): dbind-WARNING **: 17:20:13.944: Couldn't connect to accessibility bus: Failed to connect to socket /root/.cache/at-spi/bus_0: 허가 거부
[apriltag_detector_node-9] [INFO] [1773130813.946140758] [apriltag_detector_node]: tag detector type: umich
[teleop_joystick-8] Traceback (most recent call last):
[teleop_joystick-8]   File "/home/j/INCSL/IICC26_ws/install/sjtu_drone_control/lib/sjtu_drone_control/teleop_joystick", line 33, in <module>
[teleop_joystick-8]     sys.exit(load_entry_point('sjtu_drone_control==0.0.0', 'console_scripts', 'teleop_joystick')())
[teleop_joystick-8]   File "/home/j/INCSL/IICC26_ws/install/sjtu_drone_control/lib/sjtu_drone_control/teleop_joystick", line 22, in importlib_load_entry_point
[teleop_joystick-8]     for entry_point in distribution(dist_name).entry_points
[teleop_joystick-8]   File "/usr/lib/python3.10/importlib/metadata/__init__.py", line 969, in distribution
[teleop_joystick-8]     return Distribution.from_name(distribution_name)
[teleop_joystick-8]   File "/usr/lib/python3.10/importlib/metadata/__init__.py", line 548, in from_name
[teleop_joystick-8]     raise PackageNotFoundError(name)
[teleop_joystick-8] importlib.metadata.PackageNotFoundError: No package metadata was found for sjtu_drone_control
[ERROR] [teleop_joystick-8]: process has died [pid 3484410, exit code 1, cmd '/home/j/INCSL/IICC26_ws/install/sjtu_drone_control/lib/sjtu_drone_control/teleop_joystick --ros-args -r __ns:=/drone'].
[gzserver-2] Gazebo multi-robot simulator, version 11.10.2
[gzserver-2] Copyright (C) 2012 Open Source Robotics Foundation.
[gzserver-2] Released under the Apache 2 License.
[gzserver-2] http://gazebosim.org
[gzserver-2] 
[apriltag_state_bridge-10] [INFO] [1773130814.165388721] [apriltag_state_bridge]: AprilTag bridge started: /drone/bottom/tags -> /landing_tag_state, use_target_id=True, target_id=0
[joint_state_publisher-4] [INFO] [1773130814.211187710] [drone.joint_state_publisher]: Waiting for robot_description to be published on the robot_description topic...
[gzserver-2] [1;33m[Wrn] [gazebo_ros_init.cpp:178] [0m[1;33m
[gzserver-2] #     # ####### ####### ###  #####  #######
[gzserver-2] ##    # #     #    #     #  #     # #
[gzserver-2] # #   # #     #    #     #  #       #
[gzserver-2] #  #  # #     #    #     #  #       #####
[gzserver-2] #   # # #     #    #     #  #       #
[gzserver-2] #    ## #     #    #     #  #     # #
[gzserver-2] #     # #######    #    ###  #####  #######
[gzserver-2] 
[gzserver-2] This version of Gazebo, now called Gazebo classic, reaches end-of-life
[gzserver-2] in January 2025. Users are highly encouraged to migrate to the new Gazebo
[gzserver-2] using our migration guides (https://gazebosim.org/docs/latest/gazebo_classic_migration?utm_source=gazebo_ros_pkgs&utm_medium=cli)
[gzserver-2] 
[gzserver-2] [0m[1;33m
[rviz2-1] [INFO] [1773130814.719269767] [rviz2]: Stereo is NOT SUPPORTED
[rviz2-1] [INFO] [1773130814.719358602] [rviz2]: OpenGl version: 4.6 (GLSL 4.6)
[rviz2-1] [INFO] [1773130814.765676362] [rviz2]: Stereo is NOT SUPPORTED
[rviz2-1] [INFO] [1773130814.888614228] [rviz2]: Stereo is NOT SUPPORTED
[spawn_drone-5] [INFO] [1773130815.400915002] [spawn_drone]: Result False Entity pushed to spawn queue, but spawn service timed outwaiting for entity to appear in simulation under the name [/drone]
[gzserver-2] [1;32m[Msg] [0m[1;32mWaiting for master.[0m[1;32m
[gzserver-2] [0m[1;32m[0m[1;32m[0m[1;32m[Msg] [0m[1;32mConnected to gazebo master @ [0m[1;32mhttp://127.0.0.1:11345[0m[1;32m
[gzserver-2] [0m[1;32m[0m[1;32m[0m[1;32m[Msg] [0m[1;32mPublicized address: [0m[1;32m172.16.52.147[0m[1;32m
[gzserver-2] [0m[1;32m[0m[1;32m[0m[1;32m[Msg] [0m[1;32mLoading world file [[0m[1;32m/home/j/INCSL/IICC26_ws/install/sjtu_drone_description/share/sjtu_drone_description/worlds/landingPad.world[0m[1;32m][0m[1;32m
[gzserver-2] [0m[1;32m[0m[1;32m[0m[1;36m[Dbg] [wind_plugin.cpp:96] [0m[1;36mWindPlugin loaded: speed=[0m[1;36m0[0m[1;36m dir=[0m[1;36m0[0m[1;36m deg area=[0m[1;36m0.1[0m[1;36m coeff=[0m[1;36m1[0m[1;36m
[gzserver-2] [0m[1;33m[0m[1;33m[0m[1;31m[Err] [Sensor.cc:510] [0m[1;31mGet noise index not valid[0m[1;31m
[gzserver-2] [0m[1;31m[0m[1;31m[0m[1;31m[Err] [Sensor.cc:510] [0m[1;31mGet noise index not valid[0m[1;31m
[gzserver-2] [0m[1;31m[0m[1;31m[0m[1;31m[Err] [Sensor.cc:510] [0m[1;31mGet noise index not valid[0m[1;31m
[gzserver-2] [0m[1;31m[0m[1;31m[0m[1;31m[Err] [Sensor.cc:510] [0m[1;31mGet noise index not valid[0m[1;31m
[gzserver-2] [0m[1;31m[0m[1;31m[0m[1;31m[Err] [Sensor.cc:510] [0m[1;31mGet noise index not valid[0m[1;31m
[gzserver-2] [0m[1;31m[0m[1;31m[0m[1;31m[Err] [Sensor.cc:510] [0m[1;31mGet noise index not valid[0m[1;31m
[gzserver-2] [0m[1;31m[0m[1;31m[0mTopic [default//drone/base_footprint/down_camera/image] is not valid.
[gzserver-2] [INFO] [1773130815.433342979] [drone.collision_plugin]: Publishing contact states to [/drone/bumper_states]
[gzserver-2] Topic [default//drone/base_footprint/front_camera/image] is not valid.
[gzserver-2] [1;33m[Wrn] [Event.cc:61] [0m[1;33mWarning: Deleting a connection right after creation. [0m[1;33mMake sure to save the ConnectionPtr from a Connect call
[INFO] [spawn_drone-5]: process has finished cleanly [pid 3484404]
[gzserver-2] [0m[INFO] [1773130816.019628173] [drone.camera_bottom]: Publishing camera info to [/drone/bottom/camera_info]
[gzserver-2] [INFO] [1773130816.023878466] [drone.camera_front]: Publishing camera info to [/drone/front/camera_info]
[gzserver-2] [INFO] [1773130816.145941505] [drone.simple_drone]: The drone plugin is loading!
[gzserver-2] [INFO] [1773130816.146161696] [drone.simple_drone]: pub_odom: 1
[gzserver-2] [INFO] [1773130816.146196317] [drone.simple_drone]: Using following parameters: 
[gzserver-2] 		link_name: base_footprint,
[gzserver-2] 		max_force: 30,
[gzserver-2] 		motion_small_noise: 0,
[gzserver-2] 		motion_drift_noise: 0,
[gzserver-2] 		motion_drift_noise_time: 50,
[gzserver-2] 		takeoff_hover_height: 2.45,
[gzserver-2] 		takeoff_vertical_speed: 0.2
[gzserver-2] [INFO] [1773130816.158078842] [drone.simple_drone]: Using the PID parameters: 
[gzserver-2] 	Roll Pitch:
[gzserver-2] 		kP: 10, kI: 0,kD: 5, Limit: 0.5, Time Constant: 0
[gzserver-2] 	Yaw:
[gzserver-2] 		kP: 2, kI: 0,kD: 1, Limit: 1.5, Time Constant: 0
[gzserver-2] 	Velocity X:
[gzserver-2] 		kP: 5, kI: 0,kD: 2.3, Limit: 2, Time Constant: 0
[gzserver-2] 	Velocity Y:
[gzserver-2] 		kP: 5, kI: 0,kD: 2.3, Limit: 2, Time Constant: 0
[gzserver-2] 	Velocity Z:
[gzserver-2] 		kP: 5, kI: 0,kD: 1, Limit: -1, Time Constant: 0
[gzserver-2] 	Position XY:
[gzserver-2] 		kP: 1.1, kI: 0,kD: 0, Limit: 5, Time Constant: 0
[gzserver-2] 	Position Z:
[gzserver-2] 		kP: 1, kI: 0,kD: 0.2, Limit: -1, Time Constant: 0
[gzserver-2] [INFO] [1773130816.158211562] [drone.simple_drone]: The drone plugin finished loading!
[gzserver-2] [INFO] [1773130823.279321341] [gazebo_wind_plugin_node]: WindPlugin: set wind_speed=0.00 wind_direction=0.0
[gzserver-2] [INFO] [1773130823.545188022] [gazebo_wind_plugin_node]: WindPlugin: set wind_speed=0.00 wind_direction=0.0
[gzserver-2] [INFO] [1773130823.584752967] [drone.simple_drone]: Quadrotor takes off!!
[gzserver-2] [INFO] [1773130823.785515158] [gazebo_wind_plugin_node]: WindPlugin: set wind_speed=0.00 wind_direction=0.0
[gzserver-2] [INFO] [1773130824.012230061] [gazebo_wind_plugin_node]: WindPlugin: set wind_speed=0.00 wind_direction=0.0
[gzserver-2] [INFO] [1773130824.246642304] [gazebo_wind_plugin_node]: WindPlugin: set wind_speed=0.00 wind_direction=0.0
[gzserver-2] [INFO] [1773130824.486536855] [gazebo_wind_plugin_node]: WindPlugin: set wind_speed=0.00 wind_direction=0.0
[gzserver-2] [INFO] [1773130824.720920995] [gazebo_wind_plugin_node]: WindPlugin: set wind_speed=0.00 wind_direction=0.0
[gzserver-2] [INFO] [1773130824.955182867] [gazebo_wind_plugin_node]: WindPlugin: set wind_speed=0.00 wind_direction=0.0
[gzserver-2] [INFO] [1773130825.189526453] [gazebo_wind_plugin_node]: WindPlugin: set wind_speed=0.00 wind_direction=0.0
[gzserver-2] [INFO] [1773130825.424018937] [gazebo_wind_plugin_node]: WindPlugin: set wind_speed=0.00 wind_direction=0.0
[gzserver-2] [0m[1;36m[Dbg] [wind_plugin.cpp:110] [0m[1;36mWindPlugin: received command -> speed=[0m[1;36m0[0m[1;36m dir=[0m[1;36m0[0m[1;36m
[gzserver-2] [0m[1;36m[Dbg] [wind_plugin.cpp:110] [0m[1;36mWindPlugin: received command -> speed=[0m[1;36m0[0m[1;36m dir=[0m[1;36m0[0m[1;36m
[gzserver-2] [0m[1;36m[Dbg] [wind_plugin.cpp:110] [0m[1;36mWindPlugin: received command -> speed=[0m[1;36m0[0m[1;36m dir=[0m[1;36m0[0m[1;36m
[gzserver-2] [0m[1;36m[Dbg] [wind_plugin.cpp:110] [0m[1;36mWindPlugin: received command -> speed=[0m[1;36m0[0m[1;36m dir=[0m[1;36m0[0m[1;36m
[gzserver-2] [0m[1;36m[Dbg] [wind_plugin.cpp:110] [0m[1;36mWindPlugin: received command -> speed=[0m[1;36m0[0m[1;36m dir=[0m[1;36m0[0m[1;36m
[gzserver-2] [0m[1;36m[Dbg] [wind_plugin.cpp:110] [0m[1;36mWindPlugin: received command -> speed=[0m[1;36m0[0m[1;36m dir=[0m[1;36m0[0m[1;36m
[gzserver-2] [0m[1;36m[Dbg] [wind_plugin.cpp:110] [0m[1;36mWindPlugin: received command -> speed=[0m[1;36m0[0m[1;36m dir=[0m[1;36m0[0m[1;36m
[gzserver-2] [0m[1;36m[Dbg] [wind_plugin.cpp:110] [0m[1;36mWindPlugin: received command -> speed=[0m[1;36m0[0m[1;36m dir=[0m[1;36m0[0m[1;36m
[gzserver-2] [0m[1;36m[Dbg] [wind_plugin.cpp:110] [0m[1;36mWindPlugin: received command -> speed=[0m[1;36m0[0m[1;36m dir=[0m[1;36m0[0m[1;36m
[gzserver-2] [0m[1;36m[Dbg] [wind_plugin.cpp:110] [0m[1;36mWindPlugin: received command -> speed=[0m[1;36m0[0m[1;36m dir=[0m[1;36m0[0m[1;36m
[gzserver-2] [0mEntering flying model!
[gzserver-2] [INFO] [1773130825.663638138] [gazebo_wind_plugin_node]: WindPlugin: set wind_speed=0.00 wind_direction=0.0
[gzserver-2] [INFO] [1773130825.899873588] [gazebo_wind_plugin_node]: WindPlugin: set wind_speed=2.41 wind_direction=25.4
[gzserver-2] [INFO] [1773130826.139518583] [gazebo_wind_plugin_node]: WindPlugin: set wind_speed=2.41 wind_direction=25.4
[gzserver-2] [INFO] [1773130826.373708835] [gazebo_wind_plugin_node]: WindPlugin: set wind_speed=2.41 wind_direction=25.4
[gzserver-2] [INFO] [1773130826.608451697] [gazebo_wind_plugin_node]: WindPlugin: set wind_speed=2.41 wind_direction=25.4
[gzserver-2] [INFO] [1773130826.848561527] [gazebo_wind_plugin_node]: WindPlugin: set wind_speed=2.61 wind_direction=23.5
[gzserver-2] [INFO] [1773130827.077488951] [gazebo_wind_plugin_node]: WindPlugin: set wind_speed=2.61 wind_direction=23.5
[gzserver-2] [INFO] [1773130827.311770113] [gazebo_wind_plugin_node]: WindPlugin: set wind_speed=2.61 wind_direction=23.5
[gzserver-2] [INFO] [1773130827.545770951] [gazebo_wind_plugin_node]: WindPlugin: set wind_speed=2.61 wind_direction=23.5
[gzserver-2] [INFO] [1773130827.785534962] [gazebo_wind_plugin_node]: WindPlugin: set wind_speed=2.48 wind_direction=24.9
[gzserver-2] [INFO] [1773130828.021383277] [gazebo_wind_plugin_node]: WindPlugin: set wind_speed=2.48 wind_direction=24.9
[gzserver-2] [INFO] [1773130828.255866391] [gazebo_wind_plugin_node]: WindPlugin: set wind_speed=2.48 wind_direction=24.9
[gzserver-2] [INFO] [1773130828.496656706] [gazebo_wind_plugin_node]: WindPlugin: set wind_speed=2.48 wind_direction=24.9
[gzserver-2] [INFO] [1773130828.730257679] [gazebo_wind_plugin_node]: WindPlugin: set wind_speed=2.48 wind_direction=24.9
[gzserver-2] [INFO] [1773130828.971810399] [gazebo_wind_plugin_node]: WindPlugin: set wind_speed=2.44 wind_direction=27.3
[gzserver-2] [INFO] [1773130829.211668633] [gazebo_wind_plugin_node]: WindPlugin: set wind_speed=2.44 wind_direction=27.3
[gzserver-2] [INFO] [1773130829.445819826] [gazebo_wind_plugin_node]: WindPlugin: set wind_speed=2.44 wind_direction=27.3
[gzserver-2] [INFO] [1773130829.675170315] [gazebo_wind_plugin_node]: WindPlugin: set wind_speed=2.44 wind_direction=27.3
[gzserver-2] [INFO] [1773130829.914634957] [gazebo_wind_plugin_node]: WindPlugin: set wind_speed=2.69 wind_direction=24.7
[gzserver-2] [INFO] [1773130830.148707630] [gazebo_wind_plugin_node]: WindPlugin: set wind_speed=2.69 wind_direction=24.7
[gzserver-2] [INFO] [1773130830.390080041] [gazebo_wind_plugin_node]: WindPlugin: set wind_speed=2.69 wind_direction=24.7
[gzserver-2] [INFO] [1773130830.619605540] [gazebo_wind_plugin_node]: WindPlugin: set wind_speed=2.69 wind_direction=24.7
[gzserver-2] [INFO] [1773130830.859040226] [gazebo_wind_plugin_node]: WindPlugin: set wind_speed=2.30 wind_direction=23.9
[gzserver-2] [INFO] [1773130831.098573117] [gazebo_wind_plugin_node]: WindPlugin: set wind_speed=2.30 wind_direction=23.9
[gzserver-2] [INFO] [1773130831.338216369] [gazebo_wind_plugin_node]: WindPlugin: set wind_speed=2.30 wind_direction=23.9
[gzserver-2] [INFO] [1773130831.573003782] [gazebo_wind_plugin_node]: WindPlugin: set wind_speed=2.30 wind_direction=23.9
[gzserver-2] [INFO] [1773130831.812601989] [gazebo_wind_plugin_node]: WindPlugin: set wind_speed=2.46 wind_direction=25.3
[gzserver-2] [INFO] [1773130832.041574450] [gazebo_wind_plugin_node]: WindPlugin: set wind_speed=2.46 wind_direction=25.3
[gzserver-2] [1;36m[Dbg] [wind_plugin.cpp:110] [0m[1;36mWindPlugin: received command -> speed=[0m[1;36m0[0m[1;36m dir=[0m[1;36m0[0m[1;36m
[gzserver-2] [0m[1;36m[Dbg] [wind_plugin.cpp:110] [0m[1;36mWindPlugin: received command -> speed=[0m[1;36m2.41338[0m[1;36m dir=[0m[1;36m25.4252[0m[1;36m
[gzserver-2] [0m[1;36m[Dbg] [wind_plugin.cpp:110] [0m[1;36mWindPlugin: received command -> speed=[0m[1;36m2.41338[0m[1;36m dir=[0m[1;36m25.4252[0m[1;36m
[gzserver-2] [0m[1;36m[Dbg] [wind_plugin.cpp:110] [0m[1;36mWindPlugin: received command -> speed=[0m[1;36m2.41338[0m[1;36m dir=[0m[1;36m25.4252[0m[1;36m
[gzserver-2] [0m[1;36m[Dbg] [wind_plugin.cpp:110] [0m[1;36mWindPlugin: received command -> speed=[0m[1;36m2.41338[0m[1;36m dir=[0m[1;36m25.4252[0m[1;36m
[gzserver-2] [0m[1;36m[Dbg] [wind_plugin.cpp:110] [0m[1;36mWindPlugin: received command -> speed=[0m[1;36m2.61407[0m[1;36m dir=[0m[1;36m23.5[0m[1;36m
[gzserver-2] [0m[1;36m[Dbg] [wind_plugin.cpp:110] [0m[1;36mWindPlugin: received command -> speed=[0m[1;36m2.61407[0m[1;36m dir=[0m[1;36m23.5[0m[1;36m
[gzserver-2] [0m[1;36m[Dbg] [wind_plugin.cpp:110] [0m[1;36mWindPlugin: received command -> speed=[0m[1;36m2.61407[0m[1;36m dir=[0m[1;36m23.5[0m[1;36m
[gzserver-2] [0m[1;36m[Dbg] [wind_plugin.cpp:110] [0m[1;36mWindPlugin: received command -> speed=[0m[1;36m2.61407[0m[1;36m dir=[0m[1;36m23.5[0m[1;36m
[gzserver-2] [0m[1;36m[Dbg] [wind_plugin.cpp:110] [0m[1;36mWindPlugin: received command -> speed=[0m[1;36m2.47771[0m[1;36m dir=[0m[1;36m24.8996[0m[1;36m
[gzserver-2] [0m[1;36m[Dbg] [wind_plugin.cpp:110] [0m[1;36mWindPlugin: received command -> speed=[0m[1;36m2.47771[0m[1;36m dir=[0m[1;36m24.8996[0m[1;36m
[gzserver-2] [0m[1;36m[Dbg] [wind_plugin.cpp:110] [0m[1;36mWindPlugin: received command -> speed=[0m[1;36m2.47771[0m[1;36m dir=[0m[1;36m24.8996[0m[1;36m
[gzserver-2] [0m[1;36m[Dbg] [wind_plugin.cpp:110] [0m[1;36mWindPlugin: received command -> speed=[0m[1;36m2.47771[0m[1;36m dir=[0m[1;36m24.8996[0m[1;36m
[gzserver-2] [0m[1;36m[Dbg] [wind_plugin.cpp:110] [0m[1;36mWindPlugin: received command -> speed=[0m[1;36m2.47771[0m[1;36m dir=[0m[1;36m24.8996[0m[1;36m
[gzserver-2] [0m[1;36m[Dbg] [wind_plugin.cpp:110] [0m[1;36mWindPlugin: received command -> speed=[0m[1;36m2.44231[0m[1;36m dir=[0m[1;36m27.2748[0m[1;36m
[gzserver-2] [0m[1;36m[Dbg] [wind_plugin.cpp:110] [0m[1;36mWindPlugin: received command -> speed=[0m[1;36m2.44231[0m[1;36m dir=[0m[1;36m27.2748[0m[1;36m
[gzserver-2] [0m[1;36m[Dbg] [wind_plugin.cpp:110] [0m[1;36mWindPlugin: received command -> speed=[0m[1;36m2.44231[0m[1;36m dir=[0m[1;36m27.2748[0m[1;36m
[gzserver-2] [0m[1;36m[Dbg] [wind_plugin.cpp:110] [0m[1;36mWindPlugin: received command -> speed=[0m[1;36m2.44231[0m[1;36m dir=[0m[1;36m27.2748[0m[1;36m
[gzserver-2] [0m[1;36m[Dbg] [wind_plugin.cpp:110] [0m[1;36mWindPlugin: received command -> speed=[0m[1;36m2.68937[0m[1;36m dir=[0m[1;36m24.7457[0m[1;36m
[gzserver-2] [0m[1;36m[Dbg] [wind_plugin.cpp:110] [0m[1;36mWindPlugin: received command -> speed=[0m[1;36m2.68937[0m[1;36m dir=[0m[1;36m24.7457[0m[1;36m
[gzserver-2] [0m[1;36m[Dbg] [wind_plugin.cpp:110] [0m[1;36mWindPlugin: received command -> speed=[0m[1;36m2.68937[0m[1;36m dir=[0m[1;36m24.7457[0m[1;36m
[gzserver-2] [0m[1;36m[Dbg] [wind_plugin.cpp:110] [0m[1;36mWindPlugin: received command -> speed=[0m[1;36m2.68937[0m[1;36m dir=[0m[1;36m24.7457[0m[1;36m
[gzserver-2] [0m[1;36m[Dbg] [wind_plugin.cpp:110] [0m[1;36mWindPlugin: received command -> speed=[0m[1;36m2.30218[0m[1;36m dir=[0m[1;36m23.8536[0m[1;36m
[gzserver-2] [0m[1;36m[Dbg] [wind_plugin.cpp:110] [0m[1;36mWindPlugin: received command -> speed=[0m[1;36m2.30218[0m[1;36m dir=[0m[1;36m23.8536[0m[1;36m
[gzserver-2] [0m[1;36m[Dbg] [wind_plugin.cpp:110] [0m[1;36mWindPlugin: received command -> speed=[0m[1;36m2.30218[0m[1;36m dir=[0m[1;36m23.8536[0m[1;36m
[gzserver-2] [0m[1;36m[Dbg] [wind_plugin.cpp:110] [0m[1;36mWindPlugin: received command -> speed=[0m[1;36m2.30218[0m[1;36m dir=[0m[1;36m23.8536[0m[1;36m
[gzserver-2] [0m[1;36m[Dbg] [wind_plugin.cpp:110] [0m[1;36mWindPlugin: received command -> speed=[0m[1;36m2.4585[0m[1;36m dir=[0m[1;36m25.2729[0m[1;36m
[gzserver-2] [INFO] [1773130832.276104177] [gazebo_wind_plugin_node]: WindPlugin: set wind_speed=2.46 wind_direction=25.3
[gzserver-2] [INFO] [1773130832.510584456] [gazebo_wind_plugin_node]: WindPlugin: set wind_speed=2.46 wind_direction=25.3
[gzserver-2] [INFO] [1773130832.746333586] [gazebo_wind_plugin_node]: WindPlugin: set wind_speed=2.46 wind_direction=25.3
[gzserver-2] [INFO] [1773130832.980631102] [gazebo_wind_plugin_node]: WindPlugin: set wind_speed=2.53 wind_direction=24.4
[gzserver-2] [INFO] [1773130833.220564364] [gazebo_wind_plugin_node]: WindPlugin: set wind_speed=2.53 wind_direction=24.4
[gzserver-2] [INFO] [1773130833.459867630] [gazebo_wind_plugin_node]: WindPlugin: set wind_speed=2.53 wind_direction=24.4
[gzserver-2] [INFO] [1773130833.695827741] [gazebo_wind_plugin_node]: WindPlugin: set wind_speed=2.53 wind_direction=24.4
[gzserver-2] [INFO] [1773130833.935476603] [gazebo_wind_plugin_node]: WindPlugin: set wind_speed=2.51 wind_direction=23.9
[gzserver-2] [INFO] [1773130834.177268633] [gazebo_wind_plugin_node]: WindPlugin: set wind_speed=2.51 wind_direction=23.9
[gzserver-2] [INFO] [1773130834.417036756] [gazebo_wind_plugin_node]: WindPlugin: set wind_speed=2.51 wind_direction=23.9
[gzserver-2] [INFO] [1773130834.651513942] [gazebo_wind_plugin_node]: WindPlugin: set wind_speed=2.51 wind_direction=23.9
[gzserver-2] [INFO] [1773130834.885933905] [gazebo_wind_plugin_node]: WindPlugin: set wind_speed=2.47 wind_direction=22.9
[gzserver-2] [INFO] [1773130835.125099162] [gazebo_wind_plugin_node]: WindPlugin: set wind_speed=2.47 wind_direction=22.9
[gzserver-2] [INFO] [1773130835.365482194] [gazebo_wind_plugin_node]: WindPlugin: set wind_speed=2.47 wind_direction=22.9
[gzserver-2] [INFO] [1773130835.606430201] [gazebo_wind_plugin_node]: WindPlugin: set wind_speed=2.47 wind_direction=22.9
[gzserver-2] [INFO] [1773130835.845750050] [gazebo_wind_plugin_node]: WindPlugin: set wind_speed=2.44 wind_direction=24.7
[gzserver-2] [INFO] [1773130836.080155035] [gazebo_wind_plugin_node]: WindPlugin: set wind_speed=2.44 wind_direction=24.7
[gzserver-2] [INFO] [1773130836.319415101] [gazebo_wind_plugin_node]: WindPlugin: set wind_speed=2.44 wind_direction=24.7
[gzserver-2] [INFO] [1773130836.554191557] [gazebo_wind_plugin_node]: WindPlugin: set wind_speed=2.44 wind_direction=24.7
[gzserver-2] [INFO] [1773130836.793650037] [gazebo_wind_plugin_node]: WindPlugin: set wind_speed=2.53 wind_direction=26.3
[gzserver-2] [INFO] [1773130837.028088408] [gazebo_wind_plugin_node]: WindPlugin: set wind_speed=2.53 wind_direction=26.3
[gzserver-2] [INFO] [1773130837.267471448] [gazebo_wind_plugin_node]: WindPlugin: set wind_speed=2.53 wind_direction=26.3
[gzserver-2] [INFO] [1773130837.502938507] [gazebo_wind_plugin_node]: WindPlugin: set wind_speed=2.53 wind_direction=26.3
[gzserver-2] [INFO] [1773130837.737593976] [gazebo_wind_plugin_node]: WindPlugin: set wind_speed=2.53 wind_direction=26.3
[gzserver-2] [INFO] [1773130837.971853958] [gazebo_wind_plugin_node]: WindPlugin: set wind_speed=2.39 wind_direction=24.2
[gzserver-2] [INFO] [1773130838.207523967] [gazebo_wind_plugin_node]: WindPlugin: set wind_speed=2.39 wind_direction=24.2
[gzserver-2] [INFO] [1773130838.446990613] [gazebo_wind_plugin_node]: WindPlugin: set wind_speed=2.39 wind_direction=24.2
[gzserver-2] [0m[1;36m[Dbg] [wind_plugin.cpp:110] [0m[1;36mWindPlugin: received command -> speed=[0m[1;36m2.4585[0m[1;36m dir=[0m[1;36m25.2729[0m[1;36m
[gzserver-2] [0m[1;36m[Dbg] [wind_plugin.cpp:110] [0m[1;36mWindPlugin: received command -> speed=[0m[1;36m2.4585[0m[1;36m dir=[0m[1;36m25.2729[0m[1;36m
[gzserver-2] [0m[1;36m[Dbg] [wind_plugin.cpp:110] [0m[1;36mWindPlugin: received command -> speed=[0m[1;36m2.4585[0m[1;36m dir=[0m[1;36m25.2729[0m[1;36m
[gzserver-2] [0m[1;36m[Dbg] [wind_plugin.cpp:110] [0m[1;36mWindPlugin: received command -> speed=[0m[1;36m2.4585[0m[1;36m dir=[0m[1;36m25.2729[0m[1;36m
[gzserver-2] [0m[1;36m[Dbg] [wind_plugin.cpp:110] [0m[1;36mWindPlugin: received command -> speed=[0m[1;36m2.52926[0m[1;36m dir=[0m[1;36m24.3958[0m[1;36m
[gzserver-2] [0m[1;36m[Dbg] [wind_plugin.cpp:110] [0m[1;36mWindPlugin: received command -> speed=[0m[1;36m2.52926[0m[1;36m dir=[0m[1;36m24.3958[0m[1;36m
[gzserver-2] [0m[1;36m[Dbg] [wind_plugin.cpp:110] [0m[1;36mWindPlugin: received command -> speed=[0m[1;36m2.52926[0m[1;36m dir=[0m[1;36m24.3958[0m[1;36m
[gzserver-2] [0m[1;36m[Dbg] [wind_plugin.cpp:110] [0m[1;36mWindPlugin: received command -> speed=[0m[1;36m2.52926[0m[1;36m dir=[0m[1;36m24.3958[0m[1;36m
[gzserver-2] [0m[1;36m[Dbg] [wind_plugin.cpp:110] [0m[1;36mWindPlugin: received command -> speed=[0m[1;36m2.5065[0m[1;36m dir=[0m[1;36m23.9442[0m[1;36m
[gzserver-2] [0m[1;36m[Dbg] [wind_plugin.cpp:110] [0m[1;36mWindPlugin: received command -> speed=[0m[1;36m2.5065[0m[1;36m dir=[0m[1;36m23.9442[0m[1;36m
[gzserver-2] [0m[1;36m[Dbg] [wind_plugin.cpp:110] [0m[1;36mWindPlugin: received command -> speed=[0m[1;36m2.5065[0m[1;36m dir=[0m[1;36m23.9442[0m[1;36m
[gzserver-2] [0m[1;36m[Dbg] [wind_plugin.cpp:110] [0m[1;36mWindPlugin: received command -> speed=[0m[1;36m2.5065[0m[1;36m dir=[0m[1;36m23.9442[0m[1;36m
[gzserver-2] [0m[1;36m[Dbg] [wind_plugin.cpp:110] [0m[1;36mWindPlugin: received command -> speed=[0m[1;36m2.46769[0m[1;36m dir=[0m[1;36m22.9212[0m[1;36m
[gzserver-2] [0m[1;36m[Dbg] [wind_plugin.cpp:110] [0m[1;36mWindPlugin: received command -> speed=[0m[1;36m2.46769[0m[1;36m dir=[0m[1;36m22.9212[0m[1;36m
[gzserver-2] [0m[1;36m[Dbg] [wind_plugin.cpp:110] [0m[1;36mWindPlugin: received command -> speed=[0m[1;36m2.46769[0m[1;36m dir=[0m[1;36m22.9212[0m[1;36m
[gzserver-2] [0m[1;36m[Dbg] [wind_plugin.cpp:110] [0m[1;36mWindPlugin: received command -> speed=[0m[1;36m2.46769[0m[1;36m dir=[0m[1;36m22.9212[0m[1;36m
[gzserver-2] [0m[1;36m[Dbg] [wind_plugin.cpp:110] [0m[1;36mWindPlugin: received command -> speed=[0m[1;36m2.4397[0m[1;36m dir=[0m[1;36m24.6645[0m[1;36m
[gzserver-2] [0m[1;36m[Dbg] [wind_plugin.cpp:110] [0m[1;36mWindPlugin: received command -> speed=[0m[1;36m2.4397[0m[1;36m dir=[0m[1;36m24.6645[0m[1;36m
[gzserver-2] [0m[1;36m[Dbg] [wind_plugin.cpp:110] [0m[1;36mWindPlugin: received command -> speed=[0m[1;36m2.4397[0m[1;36m dir=[0m[1;36m24.6645[0m[1;36m
[gzserver-2] [0m[1;36m[Dbg] [wind_plugin.cpp:110] [0m[1;36mWindPlugin: received command -> speed=[0m[1;36m2.4397[0m[1;36m dir=[0m[1;36m24.6645[0m[1;36m
[gzserver-2] [0m[1;36m[Dbg] [wind_plugin.cpp:110] [0m[1;36mWindPlugin: received command -> speed=[0m[1;36m2.52637[0m[1;36m dir=[0m[1;36m26.3115[0m[1;36m
[gzserver-2] [0m[1;36m[Dbg] [wind_plugin.cpp:110] [0m[1;36mWindPlugin: received command -> speed=[0m[1;36m2.52637[0m[1;36m dir=[0m[1;36m26.3115[0m[1;36m
[gzserver-2] [0m[1;36m[Dbg] [wind_plugin.cpp:110] [0m[1;36mWindPlugin: received command -> speed=[0m[1;36m2.52637[0m[1;36m dir=[0m[1;36m26.3115[0m[1;36m
[gzserver-2] [0m[1;36m[Dbg] [wind_plugin.cpp:110] [0m[1;36mWindPlugin: received command -> speed=[0m[1;36m2.52637[0m[1;36m dir=[0m[1;36m26.3115[0m[1;36m
[gzserver-2] [0m[1;36m[Dbg] [wind_plugin.cpp:110] [0m[1;36mWindPlugin: received command -> speed=[0m[1;36m2.52637[0m[1;36m dir=[0m[1;36m26.3115[0m[1;36m
[gzserver-2] [0m[1;36m[Dbg] [wind_plugin.cpp:110] [0m[1;36mWindPlugin: received command -> speed=[0m[1;36m2.38529[0m[1;36m dir=[0m[1;36m24.1936[0m[1;36m
[gzserver-2] [0m[1;36m[Dbg] [wind_plugin.cpp:110] [0m[1;36mWindPlugin: received command -> speed=[0m[1;36m2.38529[0m[1;36m dir=[0m[1;36m24.1936[0m[1;36m
[gzserver-2] [INFO] [1773130838.681557403] [gazebo_wind_plugin_node]: WindPlugin: set wind_speed=2.39 wind_direction=24.2
[gzserver-2] [INFO] [1773130838.916408506] [gazebo_wind_plugin_node]: WindPlugin: set wind_speed=2.29 wind_direction=27.3
[gzserver-2] [INFO] [1773130839.155984776] [gazebo_wind_plugin_node]: WindPlugin: set wind_speed=2.29 wind_direction=27.3
[gzserver-2] [INFO] [1773130839.395338756] [gazebo_wind_plugin_node]: WindPlugin: set wind_speed=2.29 wind_direction=27.3
[gzserver-2] [INFO] [1773130839.629555530] [gazebo_wind_plugin_node]: WindPlugin: set wind_speed=2.29 wind_direction=27.3
[gzserver-2] [INFO] [1773130839.869328142] [gazebo_wind_plugin_node]: WindPlugin: set wind_speed=2.57 wind_direction=25.0
[gzserver-2] [INFO] [1773130840.108899840] [gazebo_wind_plugin_node]: WindPlugin: set wind_speed=2.57 wind_direction=25.0
[gzserver-2] [INFO] [1773130840.348152790] [gazebo_wind_plugin_node]: WindPlugin: set wind_speed=2.57 wind_direction=25.0
[gzserver-2] [INFO] [1773130840.582505339] [gazebo_wind_plugin_node]: WindPlugin: set wind_speed=2.57 wind_direction=25.0
[gzserver-2] [INFO] [1773130840.817319116] [gazebo_wind_plugin_node]: WindPlugin: set wind_speed=2.45 wind_direction=26.1
[gzserver-2] [INFO] [1773130841.051557779] [gazebo_wind_plugin_node]: WindPlugin: set wind_speed=2.45 wind_direction=26.1
[gzserver-2] [INFO] [1773130841.286001923] [gazebo_wind_plugin_node]: WindPlugin: set wind_speed=2.45 wind_direction=26.1
[gzserver-2] [INFO] [1773130841.527537075] [gazebo_wind_plugin_node]: WindPlugin: set wind_speed=2.45 wind_direction=26.1
[gzserver-2] [INFO] [1773130841.766602581] [gazebo_wind_plugin_node]: WindPlugin: set wind_speed=2.45 wind_direction=26.1
[gzserver-2] [INFO] [1773130842.006065394] [gazebo_wind_plugin_node]: WindPlugin: set wind_speed=2.67 wind_direction=25.9
[gzserver-2] [INFO] [1773130842.240318108] [gazebo_wind_plugin_node]: WindPlugin: set wind_speed=2.67 wind_direction=25.9
[gzserver-2] [INFO] [1773130842.474285686] [gazebo_wind_plugin_node]: WindPlugin: set wind_speed=2.67 wind_direction=25.9
[gzserver-2] [INFO] [1773130842.714124793] [gazebo_wind_plugin_node]: WindPlugin: set wind_speed=2.67 wind_direction=25.9
[gzserver-2] [INFO] [1773130842.953476300] [gazebo_wind_plugin_node]: WindPlugin: set wind_speed=2.65 wind_direction=23.1
[gzserver-2] [INFO] [1773130843.182166094] [gazebo_wind_plugin_node]: WindPlugin: set wind_speed=2.65 wind_direction=23.1
[gzserver-2] [INFO] [1773130843.416543832] [gazebo_wind_plugin_node]: WindPlugin: set wind_speed=2.65 wind_direction=23.1
[gzserver-2] [INFO] [1773130843.651111489] [gazebo_wind_plugin_node]: WindPlugin: set wind_speed=2.65 wind_direction=23.1
[gzserver-2] [INFO] [1773130843.881251200] [gazebo_wind_plugin_node]: WindPlugin: set wind_speed=2.36 wind_direction=25.5
[gzserver-2] [INFO] [1773130844.123363972] [gazebo_wind_plugin_node]: WindPlugin: set wind_speed=2.36 wind_direction=25.5
[gzserver-2] [INFO] [1773130844.358384034] [gazebo_wind_plugin_node]: WindPlugin: set wind_speed=2.36 wind_direction=25.5
[gzserver-2] [INFO] [1773130844.598023841] [gazebo_wind_plugin_node]: WindPlugin: set wind_speed=2.36 wind_direction=25.5
[gzserver-2] [INFO] [1773130844.837471184] [gazebo_wind_plugin_node]: WindPlugin: set wind_speed=2.45 wind_direction=25.3
[gzserver-2] [0m[1;36m[Dbg] [wind_plugin.cpp:110] [0m[1;36mWindPlugin: received command -> speed=[0m[1;36m2.38529[0m[1;36m dir=[0m[1;36m24.1936[0m[1;36m
[gzserver-2] [0m[1;36m[Dbg] [wind_plugin.cpp:110] [0m[1;36mWindPlugin: received command -> speed=[0m[1;36m2.38529[0m[1;36m dir=[0m[1;36m24.1936[0m[1;36m
[gzserver-2] [0m[1;36m[Dbg] [wind_plugin.cpp:110] [0m[1;36mWindPlugin: received command -> speed=[0m[1;36m2.28679[0m[1;36m dir=[0m[1;36m27.3493[0m[1;36m
[gzserver-2] [0m[1;36m[Dbg] [wind_plugin.cpp:110] [0m[1;36mWindPlugin: received command -> speed=[0m[1;36m2.28679[0m[1;36m dir=[0m[1;36m27.3493[0m[1;36m
[gzserver-2] [0m[1;36m[Dbg] [wind_plugin.cpp:110] [0m[1;36mWindPlugin: received command -> speed=[0m[1;36m2.28679[0m[1;36m dir=[0m[1;36m27.3493[0m[1;36m
[gzserver-2] [0m[1;36m[Dbg] [wind_plugin.cpp:110] [0m[1;36mWindPlugin: received command -> speed=[0m[1;36m2.28679[0m[1;36m dir=[0m[1;36m27.3493[0m[1;36m
[gzserver-2] [0m[1;36m[Dbg] [wind_plugin.cpp:110] [0m[1;36mWindPlugin: received command -> speed=[0m[1;36m2.56627[0m[1;36m dir=[0m[1;36m24.9747[0m[1;36m
[gzserver-2] [0m[1;36m[Dbg] [wind_plugin.cpp:110] [0m[1;36mWindPlugin: received command -> speed=[0m[1;36m2.56627[0m[1;36m dir=[0m[1;36m24.9747[0m[1;36m
[gzserver-2] [0m[1;36m[Dbg] [wind_plugin.cpp:110] [0m[1;36mWindPlugin: received command -> speed=[0m[1;36m2.56627[0m[1;36m dir=[0m[1;36m24.9747[0m[1;36m
[gzserver-2] [0m[1;36m[Dbg] [wind_plugin.cpp:110] [0m[1;36mWindPlugin: received command -> speed=[0m[1;36m2.56627[0m[1;36m dir=[0m[1;36m24.9747[0m[1;36m
[gzserver-2] [0m[1;36m[Dbg] [wind_plugin.cpp:110] [0m[1;36mWindPlugin: received command -> speed=[0m[1;36m2.45204[0m[1;36m dir=[0m[1;36m26.0536[0m[1;36m
[gzserver-2] [0m[1;36m[Dbg] [wind_plugin.cpp:110] [0m[1;36mWindPlugin: received command -> speed=[0m[1;36m2.45204[0m[1;36m dir=[0m[1;36m26.0536[0m[1;36m
[gzserver-2] [0m[1;36m[Dbg] [wind_plugin.cpp:110] [0m[1;36mWindPlugin: received command -> speed=[0m[1;36m2.45204[0m[1;36m dir=[0m[1;36m26.0536[0m[1;36m
[gzserver-2] [0m[1;36m[Dbg] [wind_plugin.cpp:110] [0m[1;36mWindPlugin: received command -> speed=[0m[1;36m2.45204[0m[1;36m dir=[0m[1;36m26.0536[0m[1;36m
[gzserver-2] [0m[1;36m[Dbg] [wind_plugin.cpp:110] [0m[1;36mWindPlugin: received command -> speed=[0m[1;36m2.45204[0m[1;36m dir=[0m[1;36m26.0536[0m[1;36m
[gzserver-2] [0m[1;36m[Dbg] [wind_plugin.cpp:110] [0m[1;36mWindPlugin: received command -> speed=[0m[1;36m2.66923[0m[1;36m dir=[0m[1;36m25.9393[0m[1;36m
[gzserver-2] [0m[1;36m[Dbg] [wind_plugin.cpp:110] [0m[1;36mWindPlugin: received command -> speed=[0m[1;36m2.66923[0m[1;36m dir=[0m[1;36m25.9393[0m[1;36m
[gzserver-2] [0m[1;36m[Dbg] [wind_plugin.cpp:110] [0m[1;36mWindPlugin: received command -> speed=[0m[1;36m2.66923[0m[1;36m dir=[0m[1;36m25.9393[0m[1;36m
[gzserver-2] [0m[1;36m[Dbg] [wind_plugin.cpp:110] [0m[1;36mWindPlugin: received command -> speed=[0m[1;36m2.66923[0m[1;36m dir=[0m[1;36m25.9393[0m[1;36m
[gzserver-2] [0m[1;36m[Dbg] [wind_plugin.cpp:110] [0m[1;36mWindPlugin: received command -> speed=[0m[1;36m2.64866[0m[1;36m dir=[0m[1;36m23.1163[0m[1;36m
[gzserver-2] [0m[1;36m[Dbg] [wind_plugin.cpp:110] [0m[1;36mWindPlugin: received command -> speed=[0m[1;36m2.64866[0m[1;36m dir=[0m[1;36m23.1163[0m[1;36m
[gzserver-2] [0m[1;36m[Dbg] [wind_plugin.cpp:110] [0m[1;36mWindPlugin: received command -> speed=[0m[1;36m2.64866[0m[1;36m dir=[0m[1;36m23.1163[0m[1;36m
[gzserver-2] [0m[1;36m[Dbg] [wind_plugin.cpp:110] [0m[1;36mWindPlugin: received command -> speed=[0m[1;36m2.64866[0m[1;36m dir=[0m[1;36m23.1163[0m[1;36m
[gzserver-2] [0m[1;36m[Dbg] [wind_plugin.cpp:110] [0m[1;36mWindPlugin: received command -> speed=[0m[1;36m2.35628[0m[1;36m dir=[0m[1;36m25.4613[0m[1;36m
[gzserver-2] [0m[1;36m[Dbg] [wind_plugin.cpp:110] [0m[1;36mWindPlugin: received command -> speed=[0m[1;36m2.35628[0m[1;36m dir=[0m[1;36m25.4613[0m[1;36m
[gzserver-2] [0m[1;36m[Dbg] [wind_plugin.cpp:110] [0m[1;36mWindPlugin: received command -> speed=[0m[1;36m2.35628[0m[1;36m dir=[0m[1;36m25.4613[0m[1;36m
[gzserver-2] [0m[1;36m[Dbg] [wind_plugin.cpp:110] [0m[1;36mWindPlugin: received command -> speed=[0m[1;36m2.35628[0m[1;36m dir=[0m[1;36m25.4613[0m[1;36m
[gzserver-2] [INFO] [1773130845.077982525] [gazebo_wind_plugin_node]: WindPlugin: set wind_speed=2.45 wind_direction=25.3
[gzserver-2] [INFO] [1773130845.317459071] [gazebo_wind_plugin_node]: WindPlugin: set wind_speed=2.45 wind_direction=25.3
[gzserver-2] [INFO] [1773130845.552055381] [gazebo_wind_plugin_node]: WindPlugin: set wind_speed=2.45 wind_direction=25.3
[gzserver-2] [INFO] [1773130845.781184039] [gazebo_wind_plugin_node]: WindPlugin: set wind_speed=2.54 wind_direction=27.7
[gzserver-2] [INFO] [1773130846.016192517] [gazebo_wind_plugin_node]: WindPlugin: set wind_speed=2.54 wind_direction=27.7
[gzserver-2] [INFO] [1773130846.255452982] [gazebo_wind_plugin_node]: WindPlugin: set wind_speed=2.54 wind_direction=27.7
[gzserver-2] [INFO] [1773130846.494321708] [gazebo_wind_plugin_node]: WindPlugin: set wind_speed=2.54 wind_direction=27.7
[gzserver-2] [INFO] [1773130846.736780085] [gazebo_wind_plugin_node]: WindPlugin: set wind_speed=2.54 wind_direction=27.7
[gzserver-2] [INFO] [1773130846.975909092] [gazebo_wind_plugin_node]: WindPlugin: set wind_speed=2.58 wind_direction=24.8
[gzserver-2] [INFO] [1773130847.215348376] [gazebo_wind_plugin_node]: WindPlugin: set wind_speed=2.58 wind_direction=24.8
[gzserver-2] [INFO] [1773130847.455258273] [gazebo_wind_plugin_node]: WindPlugin: set wind_speed=2.58 wind_direction=24.8
[gzserver-2] [INFO] [1773130847.689396692] [gazebo_wind_plugin_node]: WindPlugin: set wind_speed=2.58 wind_direction=24.8
[gzserver-2] [INFO] [1773130847.930358081] [gazebo_wind_plugin_node]: WindPlugin: set wind_speed=2.57 wind_direction=25.6
[gzserver-2] [INFO] [1773130848.169999885] [gazebo_wind_plugin_node]: WindPlugin: set wind_speed=2.57 wind_direction=25.6
[gzserver-2] [INFO] [1773130848.403575843] [gazebo_wind_plugin_node]: WindPlugin: set wind_speed=2.57 wind_direction=25.6
[gzserver-2] [INFO] [1773130848.643340786] [gazebo_wind_plugin_node]: WindPlugin: set wind_speed=2.57 wind_direction=25.6
[gzserver-2] [INFO] [1773130848.883318935] [gazebo_wind_plugin_node]: WindPlugin: set wind_speed=2.71 wind_direction=27.1
[gzserver-2] [INFO] [1773130849.128183989] [gazebo_wind_plugin_node]: WindPlugin: set wind_speed=2.71 wind_direction=27.1
[gzserver-2] [INFO] [1773130849.374772876] [gazebo_wind_plugin_node]: WindPlugin: set wind_speed=2.71 wind_direction=27.1
[gzserver-2] [INFO] [1773130849.610869676] [gazebo_wind_plugin_node]: WindPlugin: set wind_speed=2.71 wind_direction=27.1
[gzserver-2] [INFO] [1773130849.850480294] [gazebo_wind_plugin_node]: WindPlugin: set wind_speed=2.63 wind_direction=27.5
[gzserver-2] [INFO] [1773130850.089818212] [gazebo_wind_plugin_node]: WindPlugin: set wind_speed=2.63 wind_direction=27.5
[gzserver-2] [INFO] [1773130850.330297024] [gazebo_wind_plugin_node]: WindPlugin: set wind_speed=2.63 wind_direction=27.5
[gzserver-2] [INFO] [1773130850.570003040] [gazebo_wind_plugin_node]: WindPlugin: set wind_speed=2.63 wind_direction=27.5
[gzserver-2] [INFO] [1773130850.809449670] [gazebo_wind_plugin_node]: WindPlugin: set wind_speed=2.61 wind_direction=25.6
[gzserver-2] [INFO] [1773130851.047654050] [gazebo_wind_plugin_node]: WindPlugin: set wind_speed=2.61 wind_direction=25.6
[gzserver-2] [INFO] [1773130851.287317575] [gazebo_wind_plugin_node]: WindPlugin: set wind_speed=2.61 wind_direction=25.6
[gzserver-2] [0m[1;36m[Dbg] [wind_plugin.cpp:110] [0m[1;36mWindPlugin: received command -> speed=[0m[1;36m2.45162[0m[1;36m dir=[0m[1;36m25.3302[0m[1;36m
[gzserver-2] [0m[1;36m[Dbg] [wind_plugin.cpp:110] [0m[1;36mWindPlugin: received command -> speed=[0m[1;36m2.45162[0m[1;36m dir=[0m[1;36m25.3302[0m[1;36m
[gzserver-2] [0m[1;36m[Dbg] [wind_plugin.cpp:110] [0m[1;36mWindPlugin: received command -> speed=[0m[1;36m2.45162[0m[1;36m dir=[0m[1;36m25.3302[0m[1;36m
[gzserver-2] [0m[1;36m[Dbg] [wind_plugin.cpp:110] [0m[1;36mWindPlugin: received command -> speed=[0m[1;36m2.45162[0m[1;36m dir=[0m[1;36m25.3302[0m[1;36m
[gzserver-2] [0m[1;36m[Dbg] [wind_plugin.cpp:110] [0m[1;36mWindPlugin: received command -> speed=[0m[1;36m2.53571[0m[1;36m dir=[0m[1;36m27.6896[0m[1;36m
[gzserver-2] [0m[1;36m[Dbg] [wind_plugin.cpp:110] [0m[1;36mWindPlugin: received command -> speed=[0m[1;36m2.53571[0m[1;36m dir=[0m[1;36m27.6896[0m[1;36m
[gzserver-2] [0m[1;36m[Dbg] [wind_plugin.cpp:110] [0m[1;36mWindPlugin: received command -> speed=[0m[1;36m2.53571[0m[1;36m dir=[0m[1;36m27.6896[0m[1;36m
[gzserver-2] [0m[1;36m[Dbg] [wind_plugin.cpp:110] [0m[1;36mWindPlugin: received command -> speed=[0m[1;36m2.53571[0m[1;36m dir=[0m[1;36m27.6896[0m[1;36m
[gzserver-2] [0m[1;36m[Dbg] [wind_plugin.cpp:110] [0m[1;36mWindPlugin: received command -> speed=[0m[1;36m2.53571[0m[1;36m dir=[0m[1;36m27.6896[0m[1;36m
[gzserver-2] [0m[1;36m[Dbg] [wind_plugin.cpp:110] [0m[1;36mWindPlugin: received command -> speed=[0m[1;36m2.58033[0m[1;36m dir=[0m[1;36m24.7896[0m[1;36m
[gzserver-2] [0m[1;36m[Dbg] [wind_plugin.cpp:110] [0m[1;36mWindPlugin: received command -> speed=[0m[1;36m2.58033[0m[1;36m dir=[0m[1;36m24.7896[0m[1;36m
[gzserver-2] [0m[1;36m[Dbg] [wind_plugin.cpp:110] [0m[1;36mWindPlugin: received command -> speed=[0m[1;36m2.58033[0m[1;36m dir=[0m[1;36m24.7896[0m[1;36m
[gzserver-2] [0m[1;36m[Dbg] [wind_plugin.cpp:110] [0m[1;36mWindPlugin: received command -> speed=[0m[1;36m2.58033[0m[1;36m dir=[0m[1;36m24.7896[0m[1;36m
[gzserver-2] [0m[1;36m[Dbg] [wind_plugin.cpp:110] [0m[1;36mWindPlugin: received command -> speed=[0m[1;36m2.56744[0m[1;36m dir=[0m[1;36m25.6123[0m[1;36m
[gzserver-2] [0m[1;36m[Dbg] [wind_plugin.cpp:110] [0m[1;36mWindPlugin: received command -> speed=[0m[1;36m2.56744[0m[1;36m dir=[0m[1;36m25.6123[0m[1;36m
[gzserver-2] [0m[1;36m[Dbg] [wind_plugin.cpp:110] [0m[1;36mWindPlugin: received command -> speed=[0m[1;36m2.56744[0m[1;36m dir=[0m[1;36m25.6123[0m[1;36m
[gzserver-2] [0m[1;36m[Dbg] [wind_plugin.cpp:110] [0m[1;36mWindPlugin: received command -> speed=[0m[1;36m2.56744[0m[1;36m dir=[0m[1;36m25.6123[0m[1;36m
[gzserver-2] [0m[1;36m[Dbg] [wind_plugin.cpp:110] [0m[1;36mWindPlugin: received command -> speed=[0m[1;36m2.7123[0m[1;36m dir=[0m[1;36m27.1263[0m[1;36m
[gzserver-2] [0m[1;36m[Dbg] [wind_plugin.cpp:110] [0m[1;36mWindPlugin: received command -> speed=[0m[1;36m2.7123[0m[1;36m dir=[0m[1;36m27.1263[0m[1;36m
[gzserver-2] [0m[1;36m[Dbg] [wind_plugin.cpp:110] [0m[1;36mWindPlugin: received command -> speed=[0m[1;36m2.7123[0m[1;36m dir=[0m[1;36m27.1263[0m[1;36m
[gzserver-2] [0m[1;36m[Dbg] [wind_plugin.cpp:110] [0m[1;36mWindPlugin: received command -> speed=[0m[1;36m2.7123[0m[1;36m dir=[0m[1;36m27.1263[0m[1;36m
[gzserver-2] [0m[1;36m[Dbg] [wind_plugin.cpp:110] [0m[1;36mWindPlugin: received command -> speed=[0m[1;36m2.63015[0m[1;36m dir=[0m[1;36m27.5403[0m[1;36m
[gzserver-2] [0m[1;36m[Dbg] [wind_plugin.cpp:110] [0m[1;36mWindPlugin: received command -> speed=[0m[1;36m2.63015[0m[1;36m dir=[0m[1;36m27.5403[0m[1;36m
[gzserver-2] [0m[1;36m[Dbg] [wind_plugin.cpp:110] [0m[1;36mWindPlugin: received command -> speed=[0m[1;36m2.63015[0m[1;36m dir=[0m[1;36m27.5403[0m[1;36m
[gzserver-2] [0m[1;36m[Dbg] [wind_plugin.cpp:110] [0m[1;36mWindPlugin: received command -> speed=[0m[1;36m2.63015[0m[1;36m dir=[0m[1;36m27.5403[0m[1;36m
[gzserver-2] [0m[1;36m[Dbg] [wind_plugin.cpp:110] [0m[1;36mWindPlugin: received command -> speed=[0m[1;36m2.6147[0m[1;36m dir=[0m[1;36m25.5669[0m[1;36m
[gzserver-2] [0m[1;36m[Dbg] [wind_plugin.cpp:110] [0m[1;36mWindPlugin: received command -> speed=[0m[1;36m2.6147[0m[1;36m dir=[0m[1;36m25.5669[0m[1;36m
[gzserver-2] [INFO] [1773130851.527662049] [gazebo_wind_plugin_node]: WindPlugin: set wind_speed=2.61 wind_direction=25.6
[gzserver-2] [INFO] [1773130851.768250934] [gazebo_wind_plugin_node]: WindPlugin: set wind_speed=2.61 wind_direction=25.6
[gzserver-2] [INFO] [1773130852.007657446] [gazebo_wind_plugin_node]: WindPlugin: set wind_speed=2.43 wind_direction=27.9
[gzserver-2] [INFO] [1773130852.242686946] [gazebo_wind_plugin_node]: WindPlugin: set wind_speed=2.43 wind_direction=27.9
[gzserver-2] [INFO] [1773130852.481939938] [gazebo_wind_plugin_node]: WindPlugin: set wind_speed=2.43 wind_direction=27.9
[gzserver-2] [INFO] [1773130852.715970342] [gazebo_wind_plugin_node]: WindPlugin: set wind_speed=2.43 wind_direction=27.9
[gzserver-2] [INFO] [1773130852.955570302] [gazebo_wind_plugin_node]: WindPlugin: set wind_speed=2.41 wind_direction=28.2
[gzserver-2] [INFO] [1773130853.185115914] [gazebo_wind_plugin_node]: WindPlugin: set wind_speed=2.41 wind_direction=28.2
[gzserver-2] [INFO] [1773130853.420065409] [gazebo_wind_plugin_node]: WindPlugin: set wind_speed=2.41 wind_direction=28.2
[gzserver-2] [INFO] [1773130853.654249846] [gazebo_wind_plugin_node]: WindPlugin: set wind_speed=2.41 wind_direction=28.2
[gzserver-2] [INFO] [1773130853.883577216] [gazebo_wind_plugin_node]: WindPlugin: set wind_speed=2.59 wind_direction=26.3
[gzserver-2] [INFO] [1773130854.118548489] [gazebo_wind_plugin_node]: WindPlugin: set wind_speed=2.59 wind_direction=26.3
[gzserver-2] [INFO] [1773130854.358807301] [gazebo_wind_plugin_node]: WindPlugin: set wind_speed=2.59 wind_direction=26.3
[gzserver-2] [INFO] [1773130854.598044216] [gazebo_wind_plugin_node]: WindPlugin: set wind_speed=2.59 wind_direction=26.3
[gzserver-2] [INFO] [1773130854.837760392] [gazebo_wind_plugin_node]: WindPlugin: set wind_speed=2.64 wind_direction=30.8
[gzserver-2] [INFO] [1773130855.078262156] [gazebo_wind_plugin_node]: WindPlugin: set wind_speed=2.64 wind_direction=30.8
[gzserver-2] [INFO] [1773130855.317451539] [gazebo_wind_plugin_node]: WindPlugin: set wind_speed=2.64 wind_direction=30.8
[gzserver-2] [INFO] [1773130855.554500958] [gazebo_wind_plugin_node]: WindPlugin: set wind_speed=2.64 wind_direction=30.8
[gzserver-2] [INFO] [1773130855.796059320] [gazebo_wind_plugin_node]: WindPlugin: set wind_speed=2.43 wind_direction=30.7
[gzserver-2] [INFO] [1773130855.835450339] [drone.simple_drone]: Quadrotor lands!!
[gzserver-2] [INFO] [1773130856.038055268] [gazebo_wind_plugin_node]: WindPlugin: set wind_speed=2.43 wind_direction=30.7
[gzserver-2] [INFO] [1773130856.278566295] [gazebo_wind_plugin_node]: WindPlugin: set wind_speed=2.43 wind_direction=30.7
[gzserver-2] [INFO] [1773130856.517971145] [gazebo_wind_plugin_node]: WindPlugin: set wind_speed=2.43 wind_direction=30.7
[gzserver-2] [INFO] [1773130856.757123681] [gazebo_wind_plugin_node]: WindPlugin: set wind_speed=2.43 wind_direction=30.7
[gzserver-2] [0m[1;36m[Dbg] [wind_plugin.cpp:110] [0m[1;36mWindPlugin: received command -> speed=[0m[1;36m2.6147[0m[1;36m dir=[0m[1;36m25.5669[0m[1;36m
[gzserver-2] [0m[1;36m[Dbg] [wind_plugin.cpp:110] [0m[1;36mWindPlugin: received command -> speed=[0m[1;36m2.6147[0m[1;36m dir=[0m[1;36m25.5669[0m[1;36m
[gzserver-2] [0m[1;36m[Dbg] [wind_plugin.cpp:110] [0m[1;36mWindPlugin: received command -> speed=[0m[1;36m2.6147[0m[1;36m dir=[0m[1;36m25.5669[0m[1;36m
[gzserver-2] [0m[1;36m[Dbg] [wind_plugin.cpp:110] [0m[1;36mWindPlugin: received command -> speed=[0m[1;36m2.42772[0m[1;36m dir=[0m[1;36m27.8632[0m[1;36m
[gzserver-2] [0m[1;36m[Dbg] [wind_plugin.cpp:110] [0m[1;36mWindPlugin: received command -> speed=[0m[1;36m2.42772[0m[1;36m dir=[0m[1;36m27.8632[0m[1;36m
[gzserver-2] [0m[1;36m[Dbg] [wind_plugin.cpp:110] [0m[1;36mWindPlugin: received command -> speed=[0m[1;36m2.42772[0m[1;36m dir=[0m[1;36m27.8632[0m[1;36m
[gzserver-2] [0m[1;36m[Dbg] [wind_plugin.cpp:110] [0m[1;36mWindPlugin: received command -> speed=[0m[1;36m2.42772[0m[1;36m dir=[0m[1;36m27.8632[0m[1;36m
[gzserver-2] [0m[1;36m[Dbg] [wind_plugin.cpp:110] [0m[1;36mWindPlugin: received command -> speed=[0m[1;36m2.40782[0m[1;36m dir=[0m[1;36m28.1655[0m[1;36m
[gzserver-2] [0m[1;36m[Dbg] [wind_plugin.cpp:110] [0m[1;36mWindPlugin: received command -> speed=[0m[1;36m2.40782[0m[1;36m dir=[0m[1;36m28.1655[0m[1;36m
[gzserver-2] [0m[1;36m[Dbg] [wind_plugin.cpp:110] [0m[1;36mWindPlugin: received command -> speed=[0m[1;36m2.40782[0m[1;36m dir=[0m[1;36m28.1655[0m[1;36m
[gzserver-2] [0m[1;36m[Dbg] [wind_plugin.cpp:110] [0m[1;36mWindPlugin: received command -> speed=[0m[1;36m2.40782[0m[1;36m dir=[0m[1;36m28.1655[0m[1;36m
[gzserver-2] [0m[1;36m[Dbg] [wind_plugin.cpp:110] [0m[1;36mWindPlugin: received command -> speed=[0m[1;36m2.59049[0m[1;36m dir=[0m[1;36m26.3372[0m[1;36m
[gzserver-2] [0m[1;36m[Dbg] [wind_plugin.cpp:110] [0m[1;36mWindPlugin: received command -> speed=[0m[1;36m2.59049[0m[1;36m dir=[0m[1;36m26.3372[0m[1;36m
[gzserver-2] [0m[1;36m[Dbg] [wind_plugin.cpp:110] [0m[1;36mWindPlugin: received command -> speed=[0m[1;36m2.59049[0m[1;36m dir=[0m[1;36m26.3372[0m[1;36m
[gzserver-2] [0m[1;36m[Dbg] [wind_plugin.cpp:110] [0m[1;36mWindPlugin: received command -> speed=[0m[1;36m2.59049[0m[1;36m dir=[0m[1;36m26.3372[0m[1;36m
[gzserver-2] [0m[1;36m[Dbg] [wind_plugin.cpp:110] [0m[1;36mWindPlugin: received command -> speed=[0m[1;36m2.63707[0m[1;36m dir=[0m[1;36m30.7864[0m[1;36m
[gzserver-2] [0m[1;36m[Dbg] [wind_plugin.cpp:110] [0m[1;36mWindPlugin: received command -> speed=[0m[1;36m2.63707[0m[1;36m dir=[0m[1;36m30.7864[0m[1;36m
[gzserver-2] [0m[1;36m[Dbg] [wind_plugin.cpp:110] [0m[1;36mWindPlugin: received command -> speed=[0m[1;36m2.63707[0m[1;36m dir=[0m[1;36m30.7864[0m[1;36m
[gzserver-2] [0m[1;36m[Dbg] [wind_plugin.cpp:110] [0m[1;36mWindPlugin: received command -> speed=[0m[1;36m2.63707[0m[1;36m dir=[0m[1;36m30.7864[0m[1;36m
[gzserver-2] [0m[1;36m[Dbg] [wind_plugin.cpp:110] [0m[1;36mWindPlugin: received command -> speed=[0m[1;36m2.42909[0m[1;36m dir=[0m[1;36m30.7158[0m[1;36m
[gzserver-2] [0m[1;36m[Dbg] [wind_plugin.cpp:110] [0m[1;36mWindPlugin: received command -> speed=[0m[1;36m2.42909[0m[1;36m dir=[0m[1;36m30.7158[0m[1;36m
[gzserver-2] [0m[1;36m[Dbg] [wind_plugin.cpp:110] [0m[1;36mWindPlugin: received command -> speed=[0m[1;36m2.42909[0m[1;36m dir=[0m[1;36m30.7158[0m[1;36m
[gzserver-2] [0m[1;36m[Dbg] [wind_plugin.cpp:110] [0m[1;36mWindPlugin: received command -> speed=[0m[1;36m2.42909[0m[1;36m dir=[0m[1;36m30.7158[0m[1;36m
[gzserver-2] [0m[1;36m[Dbg] [wind_plugin.cpp:110] [0m[1;36mWindPlugin: received command -> speed=[0m[1;36m2.42909[0m[1;36m dir=[0m[1;36m30.7158[0m[1;36m
[gzserver-2] [0mLanded!
[gzserver-2] [INFO] [1773130856.990996030] [gazebo_wind_plugin_node]: WindPlugin: set wind_speed=2.74 wind_direction=28.6
[gzserver-2] [INFO] [1773130857.230218757] [gazebo_wind_plugin_node]: WindPlugin: set wind_speed=2.74 wind_direction=28.6
[gzserver-2] [INFO] [1773130857.469764032] [gazebo_wind_plugin_node]: WindPlugin: set wind_speed=2.74 wind_direction=28.6
[gzserver-2] [INFO] [1773130857.704466684] [gazebo_wind_plugin_node]: WindPlugin: set wind_speed=2.74 wind_direction=28.6
[gzserver-2] [INFO] [1773130857.939251366] [gazebo_wind_plugin_node]: WindPlugin: set wind_speed=2.49 wind_direction=29.5
[gzserver-2] [INFO] [1773130858.179281593] [gazebo_wind_plugin_node]: WindPlugin: set wind_speed=2.49 wind_direction=29.5
[gzserver-2] [INFO] [1773130858.419142776] [gazebo_wind_plugin_node]: WindPlugin: set wind_speed=2.49 wind_direction=29.5
[gzserver-2] [INFO] [1773130858.653629354] [gazebo_wind_plugin_node]: WindPlugin: set wind_speed=2.49 wind_direction=29.5
