[INFO] [launch]: All log files can be found below /home/j/.ros/log/2026-03-11-01-12-26-115999-j-2695638
[INFO] [launch]: Default logging verbosity is set to INFO
[INFO] [launch.user]: [bringup] Apriltag config: camera=/drone/bottom, image=/drone/bottom/image_raw, tags=/drone/bottom/tags, bridge=/landing_tag_state, standalone=true, use_target_id=true, target_id=0
[INFO] [rviz2-1]: process started with pid [2695644]
[INFO] [gzserver-2]: process started with pid [2695646]
[INFO] [robot_state_publisher-3]: process started with pid [2695648]
[INFO] [joint_state_publisher-4]: process started with pid [2695650]
[INFO] [spawn_drone-5]: process started with pid [2695652]
[INFO] [static_transform_publisher-6]: process started with pid [2695654]
[INFO] [joy_node-7]: process started with pid [2695656]
[INFO] [teleop_joystick-8]: process started with pid [2695658]
[INFO] [apriltag_detector_node-9]: process started with pid [2695660]
[INFO] [apriltag_state_bridge-10]: process started with pid [2695662]
[static_transform_publisher-6] [WARN] [1773159146.596181848] []: Old-style arguments are deprecated; see --help for new-style arguments
[static_transform_publisher-6] [INFO] [1773159146.602528603] [static_transform_publisher_axx5iRdZmYvulG8D]: Spinning until stopped - publishing transform
[static_transform_publisher-6] translation: ('0.000000', '0.000000', '0.000000')
[static_transform_publisher-6] rotation: ('0.000000', '0.000000', '0.000000', '1.000000')
[static_transform_publisher-6] from 'world' to '/drone/odom'
[robot_state_publisher-3] [INFO] [1773159146.627269071] [drone.robot_state_publisher]: got segment base_footprint
[robot_state_publisher-3] [INFO] [1773159146.627360812] [drone.robot_state_publisher]: got segment base_link
[robot_state_publisher-3] [INFO] [1773159146.627373939] [drone.robot_state_publisher]: got segment bottom_cam_link
[robot_state_publisher-3] [INFO] [1773159146.627382146] [drone.robot_state_publisher]: got segment front_cam_link
[robot_state_publisher-3] [INFO] [1773159146.627389352] [drone.robot_state_publisher]: got segment sonar_link
[rviz2-1] 
[rviz2-1] (rviz2:2695644): dbind-WARNING **: 01:12:26.629: Couldn't connect to accessibility bus: Failed to connect to socket /root/.cache/at-spi/bus_0: 허가 거부
[apriltag_detector_node-9] [INFO] [1773159146.630682570] [apriltag_detector_node]: tag detector type: umich
[teleop_joystick-8] Traceback (most recent call last):
[teleop_joystick-8]   File "/home/j/INCSL/IICC26_ws/install/sjtu_drone_control/lib/sjtu_drone_control/teleop_joystick", line 33, in <module>
[teleop_joystick-8]     sys.exit(load_entry_point('sjtu_drone_control==0.0.0', 'console_scripts', 'teleop_joystick')())
[teleop_joystick-8]   File "/home/j/INCSL/IICC26_ws/install/sjtu_drone_control/lib/sjtu_drone_control/teleop_joystick", line 22, in importlib_load_entry_point
[teleop_joystick-8]     for entry_point in distribution(dist_name).entry_points
[teleop_joystick-8]   File "/usr/lib/python3.10/importlib/metadata/__init__.py", line 969, in distribution
[teleop_joystick-8]     return Distribution.from_name(distribution_name)
[teleop_joystick-8]   File "/usr/lib/python3.10/importlib/metadata/__init__.py", line 548, in from_name
[teleop_joystick-8]     raise PackageNotFoundError(name)
[teleop_joystick-8] importlib.metadata.PackageNotFoundError: No package metadata was found for sjtu_drone_control
[ERROR] [teleop_joystick-8]: process has died [pid 2695658, exit code 1, cmd '/home/j/INCSL/IICC26_ws/install/sjtu_drone_control/lib/sjtu_drone_control/teleop_joystick --ros-args -r __ns:=/drone'].
[gzserver-2] Gazebo multi-robot simulator, version 11.10.2
[gzserver-2] Copyright (C) 2012 Open Source Robotics Foundation.
[gzserver-2] Released under the Apache 2 License.
[gzserver-2] http://gazebosim.org
[gzserver-2] 
[apriltag_state_bridge-10] [INFO] [1773159146.876792606] [apriltag_state_bridge]: AprilTag bridge started: /drone/bottom/tags -> /landing_tag_state, use_target_id=True, target_id=0
[joint_state_publisher-4] [INFO] [1773159146.887870619] [drone.joint_state_publisher]: Waiting for robot_description to be published on the robot_description topic...
[gzserver-2] [1;33m[Wrn] [gazebo_ros_init.cpp:178] [0m[1;33m
[gzserver-2] #     # ####### ####### ###  #####  #######
[gzserver-2] ##    # #     #    #     #  #     # #
[gzserver-2] # #   # #     #    #     #  #       #
[gzserver-2] #  #  # #     #    #     #  #       #####
[gzserver-2] #   # # #     #    #     #  #       #
[gzserver-2] #    ## #     #    #     #  #     # #
[gzserver-2] #     # #######    #    ###  #####  #######
[gzserver-2] 
[gzserver-2] This version of Gazebo, now called Gazebo classic, reaches end-of-life
[gzserver-2] in January 2025. Users are highly encouraged to migrate to the new Gazebo
[gzserver-2] using our migration guides (https://gazebosim.org/docs/latest/gazebo_classic_migration?utm_source=gazebo_ros_pkgs&utm_medium=cli)
[gzserver-2] 
[gzserver-2] [0m[1;33m
[rviz2-1] [INFO] [1773159147.518083861] [rviz2]: Stereo is NOT SUPPORTED
[rviz2-1] [INFO] [1773159147.518199313] [rviz2]: OpenGl version: 4.6 (GLSL 4.6)
[rviz2-1] [INFO] [1773159147.599854346] [rviz2]: Stereo is NOT SUPPORTED
[rviz2-1] [INFO] [1773159147.691771302] [rviz2]: Stereo is NOT SUPPORTED
[spawn_drone-5] [INFO] [1773159148.067184995] [spawn_drone]: Result False Entity pushed to spawn queue, but spawn service timed outwaiting for entity to appear in simulation under the name [/drone]
[gzserver-2] [1;32m[Msg] [0m[1;32mWaiting for master.[0m[1;32m
[gzserver-2] [0m[1;32m[0m[1;32m[0m[1;32m[Msg] [0m[1;32mConnected to gazebo master @ [0m[1;32mhttp://127.0.0.1:11345[0m[1;32m
[gzserver-2] [0m[1;32m[0m[1;32m[0m[1;32m[Msg] [0m[1;32mPublicized address: [0m[1;32m192.168.0.11[0m[1;32m
[gzserver-2] [0m[1;32m[0m[1;32m[0m[1;32m[Msg] [0m[1;32mLoading world file [[0m[1;32m/home/j/INCSL/IICC26_ws/install/sjtu_drone_description/share/sjtu_drone_description/worlds/landingPad.world[0m[1;32m][0m[1;32m
[gzserver-2] [0m[1;32m[0m[1;32m[0m[1;36m[Dbg] [wind_plugin.cpp:96] [0m[1;36mWindPlugin loaded: speed=[0m[1;36m0[0m[1;36m dir=[0m[1;36m0[0m[1;36m deg area=[0m[1;36m0.1[0m[1;36m coeff=[0m[1;36m1[0m[1;36m
[gzserver-2] [0m[1;33m[0m[1;33m[0m[1;31m[Err] [Sensor.cc:510] [0m[1;31mGet noise index not valid[0m[1;31m
[gzserver-2] [0m[1;31m[0m[1;31m[0m[1;31m[Err] [Sensor.cc:510] [0m[1;31mGet noise index not valid[0m[1;31m
[gzserver-2] [0m[1;31m[0m[1;31m[0m[1;31m[Err] [Sensor.cc:510] [0m[1;31mGet noise index not valid[0m[1;31m
[gzserver-2] [0m[1;31m[0m[1;31m[0m[1;31m[Err] [Sensor.cc:510] [0m[1;31mGet noise index not valid[0m[1;31m
[gzserver-2] [0m[1;31m[0m[1;31m[0m[1;31m[Err] [Sensor.cc:510] [0m[1;31mGet noise index not valid[0m[1;31m
[gzserver-2] [0m[1;31m[0m[1;31m[0m[1;31m[Err] [Sensor.cc:510] [0m[1;31mGet noise index not valid[0m[1;31m
[gzserver-2] [0m[1;31m[0m[1;31m[0mTopic [default//drone/base_footprint/down_camera/image] is not valid.
[gzserver-2] [INFO] [1773159148.098146996] [drone.collision_plugin]: Publishing contact states to [/drone/bumper_states]
[gzserver-2] Topic [default//drone/base_footprint/front_camera/image] is not valid.
[gzserver-2] [1;33m[Wrn] [Event.cc:61] [0m[1;33mWarning: Deleting a connection right after creation. [0m[1;33mMake sure to save the ConnectionPtr from a Connect call
[INFO] [spawn_drone-5]: process has finished cleanly [pid 2695652]
[gzserver-2] [0m[INFO] [1773159148.689682206] [drone.camera_bottom]: Publishing camera info to [/drone/bottom/camera_info]
[gzserver-2] [INFO] [1773159148.692499453] [drone.camera_front]: Publishing camera info to [/drone/front/camera_info]
[gzserver-2] [INFO] [1773159148.814873429] [drone.simple_drone]: The drone plugin is loading!
[gzserver-2] [INFO] [1773159148.815100583] [drone.simple_drone]: pub_odom: 1
[gzserver-2] [INFO] [1773159148.815136518] [drone.simple_drone]: Using following parameters: 
[gzserver-2] 		link_name: base_footprint,
[gzserver-2] 		max_force: 30,
[gzserver-2] 		motion_small_noise: 0,
[gzserver-2] 		motion_drift_noise: 0,
[gzserver-2] 		motion_drift_noise_time: 50,
[gzserver-2] 		takeoff_hover_height: 2.46,
[gzserver-2] 		takeoff_vertical_speed: 0.2
[gzserver-2] [INFO] [1773159148.827771392] [drone.simple_drone]: Using the PID parameters: 
[gzserver-2] 	Roll Pitch:
[gzserver-2] 		kP: 10, kI: 0,kD: 5, Limit: 0.5, Time Constant: 0
[gzserver-2] 	Yaw:
[gzserver-2] 		kP: 2, kI: 0,kD: 1, Limit: 1.5, Time Constant: 0
[gzserver-2] 	Velocity X:
[gzserver-2] 		kP: 5, kI: 0,kD: 2.3, Limit: 2, Time Constant: 0
[gzserver-2] 	Velocity Y:
[gzserver-2] 		kP: 5, kI: 0,kD: 2.3, Limit: 2, Time Constant: 0
[gzserver-2] 	Velocity Z:
[gzserver-2] 		kP: 5, kI: 0,kD: 1, Limit: -1, Time Constant: 0
[gzserver-2] 	Position XY:
[gzserver-2] 		kP: 1.1, kI: 0,kD: 0, Limit: 5, Time Constant: 0
[gzserver-2] 	Position Z:
[gzserver-2] 		kP: 1, kI: 0,kD: 0.2, Limit: -1, Time Constant: 0
[gzserver-2] [INFO] [1773159148.827930319] [drone.simple_drone]: The drone plugin finished loading!
[gzserver-2] [INFO] [1773159155.947617036] [gazebo_wind_plugin_node]: WindPlugin: set wind_speed=0.00 wind_direction=0.0
[gzserver-2] [INFO] [1773159156.213179504] [gazebo_wind_plugin_node]: WindPlugin: set wind_speed=0.00 wind_direction=0.0
[gzserver-2] [INFO] [1773159156.254015653] [drone.simple_drone]: Quadrotor takes off!!
[gzserver-2] [INFO] [1773159156.455496545] [gazebo_wind_plugin_node]: WindPlugin: set wind_speed=0.00 wind_direction=0.0
[gzserver-2] [INFO] [1773159156.694960521] [gazebo_wind_plugin_node]: WindPlugin: set wind_speed=0.00 wind_direction=0.0
[gzserver-2] [INFO] [1773159156.929530156] [gazebo_wind_plugin_node]: WindPlugin: set wind_speed=0.00 wind_direction=0.0
[gzserver-2] [INFO] [1773159157.168911567] [gazebo_wind_plugin_node]: WindPlugin: set wind_speed=0.00 wind_direction=0.0
[gzserver-2] [INFO] [1773159157.409382451] [gazebo_wind_plugin_node]: WindPlugin: set wind_speed=0.00 wind_direction=0.0
[gzserver-2] [INFO] [1773159157.650691592] [gazebo_wind_plugin_node]: WindPlugin: set wind_speed=0.00 wind_direction=0.0
[gzserver-2] [INFO] [1773159157.886876884] [gazebo_wind_plugin_node]: WindPlugin: set wind_speed=0.00 wind_direction=0.0
[gzserver-2] [INFO] [1773159158.121459160] [gazebo_wind_plugin_node]: WindPlugin: set wind_speed=0.00 wind_direction=0.0
[gzserver-2] [0m[1;36m[Dbg] [wind_plugin.cpp:110] [0m[1;36mWindPlugin: received command -> speed=[0m[1;36m0[0m[1;36m dir=[0m[1;36m0[0m[1;36m
[gzserver-2] [0m[1;36m[Dbg] [wind_plugin.cpp:110] [0m[1;36mWindPlugin: received command -> speed=[0m[1;36m0[0m[1;36m dir=[0m[1;36m0[0m[1;36m
[gzserver-2] [0m[1;36m[Dbg] [wind_plugin.cpp:110] [0m[1;36mWindPlugin: received command -> speed=[0m[1;36m0[0m[1;36m dir=[0m[1;36m0[0m[1;36m
[gzserver-2] [0m[1;36m[Dbg] [wind_plugin.cpp:110] [0m[1;36mWindPlugin: received command -> speed=[0m[1;36m0[0m[1;36m dir=[0m[1;36m0[0m[1;36m
[gzserver-2] [0m[1;36m[Dbg] [wind_plugin.cpp:110] [0m[1;36mWindPlugin: received command -> speed=[0m[1;36m0[0m[1;36m dir=[0m[1;36m0[0m[1;36m
[gzserver-2] [0m[1;36m[Dbg] [wind_plugin.cpp:110] [0m[1;36mWindPlugin: received command -> speed=[0m[1;36m0[0m[1;36m dir=[0m[1;36m0[0m[1;36m
[gzserver-2] [0m[1;36m[Dbg] [wind_plugin.cpp:110] [0m[1;36mWindPlugin: received command -> speed=[0m[1;36m0[0m[1;36m dir=[0m[1;36m0[0m[1;36m
[gzserver-2] [0m[1;36m[Dbg] [wind_plugin.cpp:110] [0m[1;36mWindPlugin: received command -> speed=[0m[1;36m0[0m[1;36m dir=[0m[1;36m0[0m[1;36m
[gzserver-2] [0m[1;36m[Dbg] [wind_plugin.cpp:110] [0m[1;36mWindPlugin: received command -> speed=[0m[1;36m0[0m[1;36m dir=[0m[1;36m0[0m[1;36m
[gzserver-2] [0m[1;36m[Dbg] [wind_plugin.cpp:110] [0m[1;36mWindPlugin: received command -> speed=[0m[1;36m0[0m[1;36m dir=[0m[1;36m0[0m[1;36m
[gzserver-2] [0mEntering flying model!
[gzserver-2] [INFO] [1773159158.360957011] [gazebo_wind_plugin_node]: WindPlugin: set wind_speed=0.00 wind_direction=0.0
[gzserver-2] [INFO] [1773159158.595587999] [gazebo_wind_plugin_node]: WindPlugin: set wind_speed=2.62 wind_direction=-117.9
[gzserver-2] [INFO] [1773159158.830138437] [gazebo_wind_plugin_node]: WindPlugin: set wind_speed=2.62 wind_direction=-117.9
[gzserver-2] [INFO] [1773159159.071630326] [gazebo_wind_plugin_node]: WindPlugin: set wind_speed=2.62 wind_direction=-117.9
[gzserver-2] [INFO] [1773159159.311215690] [gazebo_wind_plugin_node]: WindPlugin: set wind_speed=2.62 wind_direction=-117.9
[gzserver-2] [INFO] [1773159159.545941231] [gazebo_wind_plugin_node]: WindPlugin: set wind_speed=2.47 wind_direction=-114.9
[gzserver-2] [INFO] [1773159159.787534072] [gazebo_wind_plugin_node]: WindPlugin: set wind_speed=2.47 wind_direction=-114.9
[gzserver-2] [INFO] [1773159160.027106487] [gazebo_wind_plugin_node]: WindPlugin: set wind_speed=2.47 wind_direction=-114.9
[gzserver-2] [INFO] [1773159160.268495154] [gazebo_wind_plugin_node]: WindPlugin: set wind_speed=2.47 wind_direction=-114.9
[gzserver-2] [INFO] [1773159160.499154141] [gazebo_wind_plugin_node]: WindPlugin: set wind_speed=2.63 wind_direction=-117.1
[gzserver-2] [INFO] [1773159160.738906402] [gazebo_wind_plugin_node]: WindPlugin: set wind_speed=2.63 wind_direction=-117.1
[gzserver-2] [INFO] [1773159160.980715139] [gazebo_wind_plugin_node]: WindPlugin: set wind_speed=2.63 wind_direction=-117.1
[gzserver-2] [INFO] [1773159161.219588934] [gazebo_wind_plugin_node]: WindPlugin: set wind_speed=2.63 wind_direction=-117.1
[gzserver-2] [INFO] [1773159161.459914865] [gazebo_wind_plugin_node]: WindPlugin: set wind_speed=2.53 wind_direction=-114.9
[gzserver-2] [INFO] [1773159161.487695195] [drone.simple_drone]: Quadrotor lands!!
[gzserver-2] [INFO] [1773159161.689399631] [gazebo_wind_plugin_node]: WindPlugin: set wind_speed=2.53 wind_direction=-114.9
[gzserver-2] [INFO] [1773159161.930750947] [gazebo_wind_plugin_node]: WindPlugin: set wind_speed=2.53 wind_direction=-114.9
[gzserver-2] [INFO] [1773159162.170500556] [gazebo_wind_plugin_node]: WindPlugin: set wind_speed=2.53 wind_direction=-114.9
[gzserver-2] [INFO] [1773159162.405577029] [gazebo_wind_plugin_node]: WindPlugin: set wind_speed=2.53 wind_direction=-114.9
[gzserver-2] [1;36m[Dbg] [wind_plugin.cpp:110] [0m[1;36mWindPlugin: received command -> speed=[0m[1;36m0[0m[1;36m dir=[0m[1;36m0[0m[1;36m
[gzserver-2] [0m[1;36m[Dbg] [wind_plugin.cpp:110] [0m[1;36mWindPlugin: received command -> speed=[0m[1;36m2.61559[0m[1;36m dir=[0m[1;36m-117.927[0m[1;36m
[gzserver-2] [0m[1;36m[Dbg] [wind_plugin.cpp:110] [0m[1;36mWindPlugin: received command -> speed=[0m[1;36m2.61559[0m[1;36m dir=[0m[1;36m-117.927[0m[1;36m
[gzserver-2] [0m[1;36m[Dbg] [wind_plugin.cpp:110] [0m[1;36mWindPlugin: received command -> speed=[0m[1;36m2.61559[0m[1;36m dir=[0m[1;36m-117.927[0m[1;36m
[gzserver-2] [0m[1;36m[Dbg] [wind_plugin.cpp:110] [0m[1;36mWindPlugin: received command -> speed=[0m[1;36m2.61559[0m[1;36m dir=[0m[1;36m-117.927[0m[1;36m
[gzserver-2] [0m[1;36m[Dbg] [wind_plugin.cpp:110] [0m[1;36mWindPlugin: received command -> speed=[0m[1;36m2.46798[0m[1;36m dir=[0m[1;36m-114.874[0m[1;36m
[gzserver-2] [0m[1;36m[Dbg] [wind_plugin.cpp:110] [0m[1;36mWindPlugin: received command -> speed=[0m[1;36m2.46798[0m[1;36m dir=[0m[1;36m-114.874[0m[1;36m
[gzserver-2] [0m[1;36m[Dbg] [wind_plugin.cpp:110] [0m[1;36mWindPlugin: received command -> speed=[0m[1;36m2.46798[0m[1;36m dir=[0m[1;36m-114.874[0m[1;36m
[gzserver-2] [0m[1;36m[Dbg] [wind_plugin.cpp:110] [0m[1;36mWindPlugin: received command -> speed=[0m[1;36m2.46798[0m[1;36m dir=[0m[1;36m-114.874[0m[1;36m
[gzserver-2] [0m[1;36m[Dbg] [wind_plugin.cpp:110] [0m[1;36mWindPlugin: received command -> speed=[0m[1;36m2.63452[0m[1;36m dir=[0m[1;36m-117.062[0m[1;36m
[gzserver-2] [0m[1;36m[Dbg] [wind_plugin.cpp:110] [0m[1;36mWindPlugin: received command -> speed=[0m[1;36m2.63452[0m[1;36m dir=[0m[1;36m-117.062[0m[1;36m
[gzserver-2] [0m[1;36m[Dbg] [wind_plugin.cpp:110] [0m[1;36mWindPlugin: received command -> speed=[0m[1;36m2.63452[0m[1;36m dir=[0m[1;36m-117.062[0m[1;36m
[gzserver-2] [0m[1;36m[Dbg] [wind_plugin.cpp:110] [0m[1;36mWindPlugin: received command -> speed=[0m[1;36m2.63452[0m[1;36m dir=[0m[1;36m-117.062[0m[1;36m
[gzserver-2] [0m[1;36m[Dbg] [wind_plugin.cpp:110] [0m[1;36mWindPlugin: received command -> speed=[0m[1;36m2.52964[0m[1;36m dir=[0m[1;36m-114.868[0m[1;36m
[gzserver-2] [0m[1;36m[Dbg] [wind_plugin.cpp:110] [0m[1;36mWindPlugin: received command -> speed=[0m[1;36m2.52964[0m[1;36m dir=[0m[1;36m-114.868[0m[1;36m
[gzserver-2] [0m[1;36m[Dbg] [wind_plugin.cpp:110] [0m[1;36mWindPlugin: received command -> speed=[0m[1;36m2.52964[0m[1;36m dir=[0m[1;36m-114.868[0m[1;36m
[gzserver-2] [0m[1;36m[Dbg] [wind_plugin.cpp:110] [0m[1;36mWindPlugin: received command -> speed=[0m[1;36m2.52964[0m[1;36m dir=[0m[1;36m-114.868[0m[1;36m
[gzserver-2] [0m[1;36m[Dbg] [wind_plugin.cpp:110] [0m[1;36mWindPlugin: received command -> speed=[0m[1;36m2.52964[0m[1;36m dir=[0m[1;36m-114.868[0m[1;36m
[gzserver-2] [0mLanded!
[gzserver-2] [INFO] [1773159162.645680745] [gazebo_wind_plugin_node]: WindPlugin: set wind_speed=2.77 wind_direction=-116.4
[gzserver-2] [INFO] [1773159162.885364526] [gazebo_wind_plugin_node]: WindPlugin: set wind_speed=2.77 wind_direction=-116.4
[gzserver-2] [INFO] [1773159163.127050546] [gazebo_wind_plugin_node]: WindPlugin: set wind_speed=2.77 wind_direction=-116.4
[gzserver-2] [INFO] [1773159163.366872857] [gazebo_wind_plugin_node]: WindPlugin: set wind_speed=2.77 wind_direction=-116.4
[gzserver-2] [INFO] [1773159163.606119390] [gazebo_wind_plugin_node]: WindPlugin: set wind_speed=2.45 wind_direction=-114.1
[gzserver-2] [INFO] [1773159163.847555774] [gazebo_wind_plugin_node]: WindPlugin: set wind_speed=2.45 wind_direction=-114.1
[gzserver-2] [INFO] [1773159164.088288771] [gazebo_wind_plugin_node]: WindPlugin: set wind_speed=2.45 wind_direction=-114.1
[gzserver-2] [INFO] [1773159164.323345422] [gazebo_wind_plugin_node]: WindPlugin: set wind_speed=2.45 wind_direction=-114.1
