[INFO] [launch]: All log files can be found below /home/j/.ros/log/2026-03-10-17-02-12-107298-j-3313995
[INFO] [launch]: Default logging verbosity is set to INFO
[INFO] [launch.user]: [bringup] Apriltag config: camera=/drone/bottom, image=/drone/bottom/image_raw, tags=/drone/bottom/tags, bridge=/landing_tag_state, standalone=true, use_target_id=true, target_id=0
[INFO] [rviz2-1]: process started with pid [3313998]
[INFO] [gzserver-2]: process started with pid [3314000]
[INFO] [robot_state_publisher-3]: process started with pid [3314002]
[INFO] [joint_state_publisher-4]: process started with pid [3314004]
[INFO] [spawn_drone-5]: process started with pid [3314006]
[INFO] [static_transform_publisher-6]: process started with pid [3314008]
[INFO] [joy_node-7]: process started with pid [3314010]
[INFO] [teleop_joystick-8]: process started with pid [3314012]
[INFO] [apriltag_detector_node-9]: process started with pid [3314014]
[INFO] [apriltag_state_bridge-10]: process started with pid [3314017]
[static_transform_publisher-6] [WARN] [1773129732.577037075] []: Old-style arguments are deprecated; see --help for new-style arguments
[static_transform_publisher-6] [INFO] [1773129732.583653222] [static_transform_publisher_rvDqf27WS9rGYh5E]: Spinning until stopped - publishing transform
[static_transform_publisher-6] translation: ('0.000000', '0.000000', '0.000000')
[static_transform_publisher-6] rotation: ('0.000000', '0.000000', '0.000000', '1.000000')
[static_transform_publisher-6] from 'world' to '/drone/odom'
[robot_state_publisher-3] [INFO] [1773129732.610921377] [drone.robot_state_publisher]: got segment base_footprint
[robot_state_publisher-3] [INFO] [1773129732.611006337] [drone.robot_state_publisher]: got segment base_link
[robot_state_publisher-3] [INFO] [1773129732.611018671] [drone.robot_state_publisher]: got segment bottom_cam_link
[robot_state_publisher-3] [INFO] [1773129732.611026833] [drone.robot_state_publisher]: got segment front_cam_link
[robot_state_publisher-3] [INFO] [1773129732.611033877] [drone.robot_state_publisher]: got segment sonar_link
[rviz2-1] 
[rviz2-1] (rviz2:3313998): dbind-WARNING **: 17:02:12.611: Couldn't connect to accessibility bus: Failed to connect to socket /root/.cache/at-spi/bus_0: 허가 거부
[apriltag_detector_node-9] [INFO] [1773129732.611619403] [apriltag_detector_node]: tag detector type: umich
[teleop_joystick-8] Traceback (most recent call last):
[teleop_joystick-8]   File "/home/j/INCSL/IICC26_ws/install/sjtu_drone_control/lib/sjtu_drone_control/teleop_joystick", line 33, in <module>
[teleop_joystick-8]     sys.exit(load_entry_point('sjtu_drone_control==0.0.0', 'console_scripts', 'teleop_joystick')())
[teleop_joystick-8]   File "/home/j/INCSL/IICC26_ws/install/sjtu_drone_control/lib/sjtu_drone_control/teleop_joystick", line 22, in importlib_load_entry_point
[teleop_joystick-8]     for entry_point in distribution(dist_name).entry_points
[teleop_joystick-8]   File "/usr/lib/python3.10/importlib/metadata/__init__.py", line 969, in distribution
[teleop_joystick-8]     return Distribution.from_name(distribution_name)
[teleop_joystick-8]   File "/usr/lib/python3.10/importlib/metadata/__init__.py", line 548, in from_name
[teleop_joystick-8]     raise PackageNotFoundError(name)
[teleop_joystick-8] importlib.metadata.PackageNotFoundError: No package metadata was found for sjtu_drone_control
[ERROR] [teleop_joystick-8]: process has died [pid 3314012, exit code 1, cmd '/home/j/INCSL/IICC26_ws/install/sjtu_drone_control/lib/sjtu_drone_control/teleop_joystick --ros-args -r __ns:=/drone'].
[gzserver-2] Gazebo multi-robot simulator, version 11.10.2
[gzserver-2] Copyright (C) 2012 Open Source Robotics Foundation.
[gzserver-2] Released under the Apache 2 License.
[gzserver-2] http://gazebosim.org
[gzserver-2] 
[joint_state_publisher-4] [INFO] [1773129732.832587060] [drone.joint_state_publisher]: Waiting for robot_description to be published on the robot_description topic...
[apriltag_state_bridge-10] [INFO] [1773129732.878267144] [apriltag_state_bridge]: AprilTag bridge started: /drone/bottom/tags -> /landing_tag_state, use_target_id=True, target_id=0
[gzserver-2] [1;33m[Wrn] [gazebo_ros_init.cpp:178] [0m[1;33m
[gzserver-2] #     # ####### ####### ###  #####  #######
[gzserver-2] ##    # #     #    #     #  #     # #
[gzserver-2] # #   # #     #    #     #  #       #
[gzserver-2] #  #  # #     #    #     #  #       #####
[gzserver-2] #   # # #     #    #     #  #       #
[gzserver-2] #    ## #     #    #     #  #     # #
[gzserver-2] #     # #######    #    ###  #####  #######
[gzserver-2] 
[gzserver-2] This version of Gazebo, now called Gazebo classic, reaches end-of-life
[gzserver-2] in January 2025. Users are highly encouraged to migrate to the new Gazebo
[gzserver-2] using our migration guides (https://gazebosim.org/docs/latest/gazebo_classic_migration?utm_source=gazebo_ros_pkgs&utm_medium=cli)
[gzserver-2] 
[gzserver-2] [0m[1;33m
[rviz2-1] [INFO] [1773129733.341179354] [rviz2]: Stereo is NOT SUPPORTED
[rviz2-1] [INFO] [1773129733.341293001] [rviz2]: OpenGl version: 4.6 (GLSL 4.6)
[rviz2-1] [INFO] [1773129733.372846195] [rviz2]: Stereo is NOT SUPPORTED
[rviz2-1] [INFO] [1773129733.494539869] [rviz2]: Stereo is NOT SUPPORTED
[spawn_drone-5] [INFO] [1773129733.988335343] [spawn_drone]: Result False Entity pushed to spawn queue, but spawn service timed outwaiting for entity to appear in simulation under the name [/drone]
[gzserver-2] [1;32m[Msg] [0m[1;32mWaiting for master.[0m[1;32m
[gzserver-2] [0m[1;32m[0m[1;32m[0m[1;32m[Msg] [0m[1;32mConnected to gazebo master @ [0m[1;32mhttp://127.0.0.1:11345[0m[1;32m
[gzserver-2] [0m[1;32m[0m[1;32m[0m[1;32m[Msg] [0m[1;32mPublicized address: [0m[1;32m172.16.52.147[0m[1;32m
[gzserver-2] [0m[1;32m[0m[1;32m[0m[1;32m[Msg] [0m[1;32mLoading world file [[0m[1;32m/home/j/INCSL/IICC26_ws/install/sjtu_drone_description/share/sjtu_drone_description/worlds/landingPad.world[0m[1;32m][0m[1;32m
[gzserver-2] [0m[1;32m[0m[1;32m[0m[1;36m[Dbg] [wind_plugin.cpp:96] [0m[1;36mWindPlugin loaded: speed=[0m[1;36m0[0m[1;36m dir=[0m[1;36m0[0m[1;36m deg area=[0m[1;36m0.1[0m[1;36m coeff=[0m[1;36m1[0m[1;36m
[gzserver-2] [0m[1;33m[0m[1;33m[0m[1;31m[Err] [Sensor.cc:510] [0m[1;31mGet noise index not valid[0m[1;31m
[gzserver-2] [0m[1;31m[0m[1;31m[0m[1;31m[Err] [Sensor.cc:510] [0m[1;31mGet noise index not valid[0m[1;31m
[gzserver-2] [0m[1;31m[0m[1;31m[0m[1;31m[Err] [Sensor.cc:510] [0m[1;31mGet noise index not valid[0m[1;31m
[gzserver-2] [0m[1;31m[0m[1;31m[0m[1;31m[Err] [Sensor.cc:510] [0m[1;31mGet noise index not valid[0m[1;31m
[gzserver-2] [0m[1;31m[0m[1;31m[0m[1;31m[Err] [Sensor.cc:510] [0m[1;31mGet noise index not valid[0m[1;31m
[gzserver-2] [0m[1;31m[0m[1;31m[0m[1;31m[Err] [Sensor.cc:510] [0m[1;31mGet noise index not valid[0m[1;31m
[gzserver-2] [0m[1;31m[0m[1;31m[0mTopic [default//drone/base_footprint/down_camera/image] is not valid.
[gzserver-2] Topic [default//drone/base_footprint/front_camera/image] is not valid.
[gzserver-2] [INFO] [1773129734.018816258] [drone.collision_plugin]: Publishing contact states to [/drone/bumper_states]
[gzserver-2] [1;33m[Wrn] [Event.cc:61] [0m[1;33mWarning: Deleting a connection right after creation. [0m[1;33mMake sure to save the ConnectionPtr from a Connect call
[INFO] [spawn_drone-5]: process has finished cleanly [pid 3314006]
[gzserver-2] [0m[INFO] [1773129734.607996768] [drone.camera_bottom]: Publishing camera info to [/drone/bottom/camera_info]
[gzserver-2] [INFO] [1773129734.612648829] [drone.camera_front]: Publishing camera info to [/drone/front/camera_info]
[gzserver-2] [INFO] [1773129734.734315467] [drone.simple_drone]: The drone plugin is loading!
[gzserver-2] [INFO] [1773129734.734527600] [drone.simple_drone]: pub_odom: 1
[gzserver-2] [INFO] [1773129734.734560678] [drone.simple_drone]: Using following parameters: 
[gzserver-2] 		link_name: base_footprint,
[gzserver-2] 		max_force: 30,
[gzserver-2] 		motion_small_noise: 0,
[gzserver-2] 		motion_drift_noise: 0,
[gzserver-2] 		motion_drift_noise_time: 50,
[gzserver-2] 		takeoff_hover_height: 2.28,
[gzserver-2] 		takeoff_vertical_speed: 0.2
[gzserver-2] [INFO] [1773129734.746232390] [drone.simple_drone]: Using the PID parameters: 
[gzserver-2] 	Roll Pitch:
[gzserver-2] 		kP: 10, kI: 0,kD: 5, Limit: 0.5, Time Constant: 0
[gzserver-2] 	Yaw:
[gzserver-2] 		kP: 2, kI: 0,kD: 1, Limit: 1.5, Time Constant: 0
[gzserver-2] 	Velocity X:
[gzserver-2] 		kP: 5, kI: 0,kD: 2.3, Limit: 2, Time Constant: 0
[gzserver-2] 	Velocity Y:
[gzserver-2] 		kP: 5, kI: 0,kD: 2.3, Limit: 2, Time Constant: 0
[gzserver-2] 	Velocity Z:
[gzserver-2] 		kP: 5, kI: 0,kD: 1, Limit: -1, Time Constant: 0
[gzserver-2] 	Position XY:
[gzserver-2] 		kP: 1.1, kI: 0,kD: 0, Limit: 5, Time Constant: 0
[gzserver-2] 	Position Z:
[gzserver-2] 		kP: 1, kI: 0,kD: 0.2, Limit: -1, Time Constant: 0
[gzserver-2] [INFO] [1773129734.746384790] [drone.simple_drone]: The drone plugin finished loading!
[gzserver-2] [INFO] [1773129741.944443962] [gazebo_wind_plugin_node]: WindPlugin: set wind_speed=0.00 wind_direction=0.0
[gzserver-2] [INFO] [1773129742.216100268] [gazebo_wind_plugin_node]: WindPlugin: set wind_speed=0.00 wind_direction=0.0
[gzserver-2] [INFO] [1773129742.249520612] [drone.simple_drone]: Quadrotor takes off!!
[gzserver-2] [INFO] [1773129742.453245452] [gazebo_wind_plugin_node]: WindPlugin: set wind_speed=0.00 wind_direction=0.0
[gzserver-2] [INFO] [1773129742.690664051] [gazebo_wind_plugin_node]: WindPlugin: set wind_speed=0.00 wind_direction=0.0
[gzserver-2] [INFO] [1773129742.926224319] [gazebo_wind_plugin_node]: WindPlugin: set wind_speed=0.00 wind_direction=0.0
[gzserver-2] [INFO] [1773129743.161037668] [gazebo_wind_plugin_node]: WindPlugin: set wind_speed=0.00 wind_direction=0.0
[gzserver-2] [INFO] [1773129743.394312830] [gazebo_wind_plugin_node]: WindPlugin: set wind_speed=0.00 wind_direction=0.0
[gzserver-2] [INFO] [1773129743.633692795] [gazebo_wind_plugin_node]: WindPlugin: set wind_speed=0.00 wind_direction=0.0
[gzserver-2] [INFO] [1773129743.873238269] [gazebo_wind_plugin_node]: WindPlugin: set wind_speed=0.00 wind_direction=0.0
[gzserver-2] [0m[1;36m[Dbg] [wind_plugin.cpp:110] [0m[1;36mWindPlugin: received command -> speed=[0m[1;36m0[0m[1;36m dir=[0m[1;36m0[0m[1;36m
[gzserver-2] [0m[1;36m[Dbg] [wind_plugin.cpp:110] [0m[1;36mWindPlugin: received command -> speed=[0m[1;36m0[0m[1;36m dir=[0m[1;36m0[0m[1;36m
[gzserver-2] [0m[1;36m[Dbg] [wind_plugin.cpp:110] [0m[1;36mWindPlugin: received command -> speed=[0m[1;36m0[0m[1;36m dir=[0m[1;36m0[0m[1;36m
[gzserver-2] [0m[1;36m[Dbg] [wind_plugin.cpp:110] [0m[1;36mWindPlugin: received command -> speed=[0m[1;36m0[0m[1;36m dir=[0m[1;36m0[0m[1;36m
[gzserver-2] [0m[1;36m[Dbg] [wind_plugin.cpp:110] [0m[1;36mWindPlugin: received command -> speed=[0m[1;36m0[0m[1;36m dir=[0m[1;36m0[0m[1;36m
[gzserver-2] [0m[1;36m[Dbg] [wind_plugin.cpp:110] [0m[1;36mWindPlugin: received command -> speed=[0m[1;36m0[0m[1;36m dir=[0m[1;36m0[0m[1;36m
[gzserver-2] [0m[1;36m[Dbg] [wind_plugin.cpp:110] [0m[1;36mWindPlugin: received command -> speed=[0m[1;36m0[0m[1;36m dir=[0m[1;36m0[0m[1;36m
[gzserver-2] [0m[1;36m[Dbg] [wind_plugin.cpp:110] [0m[1;36mWindPlugin: received command -> speed=[0m[1;36m0[0m[1;36m dir=[0m[1;36m0[0m[1;36m
[gzserver-2] [0m[1;36m[Dbg] [wind_plugin.cpp:110] [0m[1;36mWindPlugin: received command -> speed=[0m[1;36m0[0m[1;36m dir=[0m[1;36m0[0m[1;36m
[gzserver-2] [0mEntering flying model!
[gzserver-2] [INFO] [1773129744.109918342] [gazebo_wind_plugin_node]: WindPlugin: set wind_speed=0.00 wind_direction=0.0
[gzserver-2] [INFO] [1773129744.344580342] [gazebo_wind_plugin_node]: WindPlugin: set wind_speed=0.88 wind_direction=-67.8
[gzserver-2] [INFO] [1773129744.578942517] [gazebo_wind_plugin_node]: WindPlugin: set wind_speed=0.84 wind_direction=-68.5
[gzserver-2] [INFO] [1773129744.821412624] [gazebo_wind_plugin_node]: WindPlugin: set wind_speed=0.84 wind_direction=-68.5
[gzserver-2] [INFO] [1773129745.056028569] [gazebo_wind_plugin_node]: WindPlugin: set wind_speed=0.84 wind_direction=-68.5
[gzserver-2] [INFO] [1773129745.295274519] [gazebo_wind_plugin_node]: WindPlugin: set wind_speed=0.84 wind_direction=-68.5
[gzserver-2] [INFO] [1773129745.535106397] [gazebo_wind_plugin_node]: WindPlugin: set wind_speed=0.88 wind_direction=-72.7
[gzserver-2] [INFO] [1773129745.770046596] [gazebo_wind_plugin_node]: WindPlugin: set wind_speed=0.88 wind_direction=-72.7
[gzserver-2] [INFO] [1773129746.001086673] [gazebo_wind_plugin_node]: WindPlugin: set wind_speed=0.88 wind_direction=-72.7
[gzserver-2] [INFO] [1773129746.240327468] [gazebo_wind_plugin_node]: WindPlugin: set wind_speed=0.88 wind_direction=-72.7
[gzserver-2] [INFO] [1773129746.474335792] [gazebo_wind_plugin_node]: WindPlugin: set wind_speed=0.75 wind_direction=-70.4
[gzserver-2] [INFO] [1773129746.708256466] [gazebo_wind_plugin_node]: WindPlugin: set wind_speed=0.75 wind_direction=-70.4
[gzserver-2] [INFO] [1773129746.942069406] [gazebo_wind_plugin_node]: WindPlugin: set wind_speed=0.75 wind_direction=-70.4
[gzserver-2] [INFO] [1773129747.181675780] [gazebo_wind_plugin_node]: WindPlugin: set wind_speed=0.75 wind_direction=-70.4
[gzserver-2] [INFO] [1773129747.209112755] [drone.simple_drone]: Quadrotor lands!!
[gzserver-2] [INFO] [1773129747.410485476] [gazebo_wind_plugin_node]: WindPlugin: set wind_speed=0.75 wind_direction=-70.4
[gzserver-2] [INFO] [1773129747.644936160] [gazebo_wind_plugin_node]: WindPlugin: set wind_speed=1.01 wind_direction=-67.1
[gzserver-2] [INFO] [1773129747.884646501] [gazebo_wind_plugin_node]: WindPlugin: set wind_speed=1.01 wind_direction=-67.1
[gzserver-2] [INFO] [1773129748.118490614] [gazebo_wind_plugin_node]: WindPlugin: set wind_speed=1.01 wind_direction=-67.1
[gzserver-2] [1;36m[Dbg] [wind_plugin.cpp:110] [0m[1;36mWindPlugin: received command -> speed=[0m[1;36m0[0m[1;36m dir=[0m[1;36m0[0m[1;36m
[gzserver-2] [0m[1;36m[Dbg] [wind_plugin.cpp:110] [0m[1;36mWindPlugin: received command -> speed=[0m[1;36m0.88309[0m[1;36m dir=[0m[1;36m-67.8428[0m[1;36m
[gzserver-2] [0m[1;36m[Dbg] [wind_plugin.cpp:110] [0m[1;36mWindPlugin: received command -> speed=[0m[1;36m0.842535[0m[1;36m dir=[0m[1;36m-68.5328[0m[1;36m
[gzserver-2] [0m[1;36m[Dbg] [wind_plugin.cpp:110] [0m[1;36mWindPlugin: received command -> speed=[0m[1;36m0.842535[0m[1;36m dir=[0m[1;36m-68.5328[0m[1;36m
[gzserver-2] [0m[1;36m[Dbg] [wind_plugin.cpp:110] [0m[1;36mWindPlugin: received command -> speed=[0m[1;36m0.842535[0m[1;36m dir=[0m[1;36m-68.5328[0m[1;36m
[gzserver-2] [0m[1;36m[Dbg] [wind_plugin.cpp:110] [0m[1;36mWindPlugin: received command -> speed=[0m[1;36m0.842535[0m[1;36m dir=[0m[1;36m-68.5328[0m[1;36m
[gzserver-2] [0m[1;36m[Dbg] [wind_plugin.cpp:110] [0m[1;36mWindPlugin: received command -> speed=[0m[1;36m0.884646[0m[1;36m dir=[0m[1;36m-72.665[0m[1;36m
[gzserver-2] [0m[1;36m[Dbg] [wind_plugin.cpp:110] [0m[1;36mWindPlugin: received command -> speed=[0m[1;36m0.884646[0m[1;36m dir=[0m[1;36m-72.665[0m[1;36m
[gzserver-2] [0m[1;36m[Dbg] [wind_plugin.cpp:110] [0m[1;36mWindPlugin: received command -> speed=[0m[1;36m0.884646[0m[1;36m dir=[0m[1;36m-72.665[0m[1;36m
[gzserver-2] [0m[1;36m[Dbg] [wind_plugin.cpp:110] [0m[1;36mWindPlugin: received command -> speed=[0m[1;36m0.884646[0m[1;36m dir=[0m[1;36m-72.665[0m[1;36m
[gzserver-2] [0m[1;36m[Dbg] [wind_plugin.cpp:110] [0m[1;36mWindPlugin: received command -> speed=[0m[1;36m0.748406[0m[1;36m dir=[0m[1;36m-70.3856[0m[1;36m
[gzserver-2] [0m[1;36m[Dbg] [wind_plugin.cpp:110] [0m[1;36mWindPlugin: received command -> speed=[0m[1;36m0.748406[0m[1;36m dir=[0m[1;36m-70.3856[0m[1;36m
[gzserver-2] [0m[1;36m[Dbg] [wind_plugin.cpp:110] [0m[1;36mWindPlugin: received command -> speed=[0m[1;36m0.748406[0m[1;36m dir=[0m[1;36m-70.3856[0m[1;36m
[gzserver-2] [0m[1;36m[Dbg] [wind_plugin.cpp:110] [0m[1;36mWindPlugin: received command -> speed=[0m[1;36m0.748406[0m[1;36m dir=[0m[1;36m-70.3856[0m[1;36m
[gzserver-2] [0m[1;36m[Dbg] [wind_plugin.cpp:110] [0m[1;36mWindPlugin: received command -> speed=[0m[1;36m0.748406[0m[1;36m dir=[0m[1;36m-70.3856[0m[1;36m
[gzserver-2] [0m[1;36m[Dbg] [wind_plugin.cpp:110] [0m[1;36mWindPlugin: received command -> speed=[0m[1;36m1.01393[0m[1;36m dir=[0m[1;36m-67.0852[0m[1;36m
[gzserver-2] [0m[1;36m[Dbg] [wind_plugin.cpp:110] [0m[1;36mWindPlugin: received command -> speed=[0m[1;36m1.01393[0m[1;36m dir=[0m[1;36m-67.0852[0m[1;36m
[gzserver-2] [0m[1;36m[Dbg] [wind_plugin.cpp:110] [0m[1;36mWindPlugin: received command -> speed=[0m[1;36m1.01393[0m[1;36m dir=[0m[1;36m-67.0852[0m[1;36m
[gzserver-2] [0mLanded!
[gzserver-2] [INFO] [1773129748.357909277] [gazebo_wind_plugin_node]: WindPlugin: set wind_speed=1.01 wind_direction=-67.1
[gzserver-2] [INFO] [1773129748.597299394] [gazebo_wind_plugin_node]: WindPlugin: set wind_speed=0.71 wind_direction=-72.6
[gzserver-2] [INFO] [1773129748.836568605] [gazebo_wind_plugin_node]: WindPlugin: set wind_speed=0.71 wind_direction=-72.6
[gzserver-2] [INFO] [1773129749.070570634] [gazebo_wind_plugin_node]: WindPlugin: set wind_speed=0.71 wind_direction=-72.6
[gzserver-2] [INFO] [1773129749.310564793] [gazebo_wind_plugin_node]: WindPlugin: set wind_speed=0.71 wind_direction=-72.6
[gzserver-2] [INFO] [1773129749.544591742] [gazebo_wind_plugin_node]: WindPlugin: set wind_speed=0.85 wind_direction=-72.3
[gzserver-2] [INFO] [1773129749.784410848] [gazebo_wind_plugin_node]: WindPlugin: set wind_speed=0.85 wind_direction=-72.3
[gzserver-2] [INFO] [1773129750.023196107] [gazebo_wind_plugin_node]: WindPlugin: set wind_speed=0.85 wind_direction=-72.3
