[INFO] [launch]: All log files can be found below /home/j/.ros/log/2026-03-11-01-02-56-029061-j-2620663
[INFO] [launch]: Default logging verbosity is set to INFO
[INFO] [launch.user]: [bringup] Apriltag config: camera=/drone/bottom, image=/drone/bottom/image_raw, tags=/drone/bottom/tags, bridge=/landing_tag_state, standalone=true, use_target_id=true, target_id=0
[INFO] [rviz2-1]: process started with pid [2620666]
[INFO] [gzserver-2]: process started with pid [2620668]
[INFO] [robot_state_publisher-3]: process started with pid [2620670]
[INFO] [joint_state_publisher-4]: process started with pid [2620672]
[INFO] [spawn_drone-5]: process started with pid [2620674]
[INFO] [static_transform_publisher-6]: process started with pid [2620676]
[INFO] [joy_node-7]: process started with pid [2620678]
[INFO] [teleop_joystick-8]: process started with pid [2620680]
[INFO] [apriltag_detector_node-9]: process started with pid [2620682]
[INFO] [apriltag_state_bridge-10]: process started with pid [2620685]
[static_transform_publisher-6] [WARN] [1773158576.502694609] []: Old-style arguments are deprecated; see --help for new-style arguments
[static_transform_publisher-6] [INFO] [1773158576.509890561] [static_transform_publisher_oQM3uvFKn7GcptgI]: Spinning until stopped - publishing transform
[static_transform_publisher-6] translation: ('0.000000', '0.000000', '0.000000')
[static_transform_publisher-6] rotation: ('0.000000', '0.000000', '0.000000', '1.000000')
[static_transform_publisher-6] from 'world' to '/drone/odom'
[robot_state_publisher-3] [INFO] [1773158576.526625780] [drone.robot_state_publisher]: got segment base_footprint
[robot_state_publisher-3] [INFO] [1773158576.526692255] [drone.robot_state_publisher]: got segment base_link
[robot_state_publisher-3] [INFO] [1773158576.526697913] [drone.robot_state_publisher]: got segment bottom_cam_link
[robot_state_publisher-3] [INFO] [1773158576.526701176] [drone.robot_state_publisher]: got segment front_cam_link
[robot_state_publisher-3] [INFO] [1773158576.526704153] [drone.robot_state_publisher]: got segment sonar_link
[rviz2-1] 
[rviz2-1] (rviz2:2620666): dbind-WARNING **: 01:02:56.543: Couldn't connect to accessibility bus: Failed to connect to socket /root/.cache/at-spi/bus_0: 허가 거부
[teleop_joystick-8] Traceback (most recent call last):
[teleop_joystick-8]   File "/home/j/INCSL/IICC26_ws/install/sjtu_drone_control/lib/sjtu_drone_control/teleop_joystick", line 33, in <module>
[teleop_joystick-8]     sys.exit(load_entry_point('sjtu_drone_control==0.0.0', 'console_scripts', 'teleop_joystick')())
[teleop_joystick-8]   File "/home/j/INCSL/IICC26_ws/install/sjtu_drone_control/lib/sjtu_drone_control/teleop_joystick", line 22, in importlib_load_entry_point
[teleop_joystick-8]     for entry_point in distribution(dist_name).entry_points
[teleop_joystick-8]   File "/usr/lib/python3.10/importlib/metadata/__init__.py", line 969, in distribution
[teleop_joystick-8]     return Distribution.from_name(distribution_name)
[teleop_joystick-8]   File "/usr/lib/python3.10/importlib/metadata/__init__.py", line 548, in from_name
[teleop_joystick-8]     raise PackageNotFoundError(name)
[teleop_joystick-8] importlib.metadata.PackageNotFoundError: No package metadata was found for sjtu_drone_control
[apriltag_detector_node-9] [INFO] [1773158576.558995097] [apriltag_detector_node]: tag detector type: umich
[ERROR] [teleop_joystick-8]: process has died [pid 2620680, exit code 1, cmd '/home/j/INCSL/IICC26_ws/install/sjtu_drone_control/lib/sjtu_drone_control/teleop_joystick --ros-args -r __ns:=/drone'].
[gzserver-2] Gazebo multi-robot simulator, version 11.10.2
[gzserver-2] Copyright (C) 2012 Open Source Robotics Foundation.
[gzserver-2] Released under the Apache 2 License.
[gzserver-2] http://gazebosim.org
[gzserver-2] 
[joint_state_publisher-4] [INFO] [1773158576.732479137] [drone.joint_state_publisher]: Waiting for robot_description to be published on the robot_description topic...
[apriltag_state_bridge-10] [INFO] [1773158576.790121010] [apriltag_state_bridge]: AprilTag bridge started: /drone/bottom/tags -> /landing_tag_state, use_target_id=True, target_id=0
[gzserver-2] [1;33m[Wrn] [gazebo_ros_init.cpp:178] [0m[1;33m
[gzserver-2] #     # ####### ####### ###  #####  #######
[gzserver-2] ##    # #     #    #     #  #     # #
[gzserver-2] # #   # #     #    #     #  #       #
[gzserver-2] #  #  # #     #    #     #  #       #####
[gzserver-2] #   # # #     #    #     #  #       #
[gzserver-2] #    ## #     #    #     #  #     # #
[gzserver-2] #     # #######    #    ###  #####  #######
[gzserver-2] 
[gzserver-2] This version of Gazebo, now called Gazebo classic, reaches end-of-life
[gzserver-2] in January 2025. Users are highly encouraged to migrate to the new Gazebo
[gzserver-2] using our migration guides (https://gazebosim.org/docs/latest/gazebo_classic_migration?utm_source=gazebo_ros_pkgs&utm_medium=cli)
[gzserver-2] 
[gzserver-2] [0m[1;33m
[rviz2-1] [INFO] [1773158577.308034046] [rviz2]: Stereo is NOT SUPPORTED
[rviz2-1] [INFO] [1773158577.308119551] [rviz2]: OpenGl version: 4.6 (GLSL 4.6)
[rviz2-1] [INFO] [1773158577.407850068] [rviz2]: Stereo is NOT SUPPORTED
[rviz2-1] [INFO] [1773158577.483688069] [rviz2]: Stereo is NOT SUPPORTED
[spawn_drone-5] [INFO] [1773158577.907451841] [spawn_drone]: Result False Entity pushed to spawn queue, but spawn service timed outwaiting for entity to appear in simulation under the name [/drone]
[gzserver-2] [1;32m[Msg] [0m[1;32mWaiting for master.[0m[1;32m
[gzserver-2] [0m[1;32m[0m[1;32m[0m[1;32m[Msg] [0m[1;32mConnected to gazebo master @ [0m[1;32mhttp://127.0.0.1:11345[0m[1;32m
[gzserver-2] [0m[1;32m[0m[1;32m[0m[1;32m[Msg] [0m[1;32mPublicized address: [0m[1;32m192.168.0.11[0m[1;32m
[gzserver-2] [0m[1;32m[0m[1;32m[0m[1;32m[Msg] [0m[1;32mLoading world file [[0m[1;32m/home/j/INCSL/IICC26_ws/install/sjtu_drone_description/share/sjtu_drone_description/worlds/landingPad.world[0m[1;32m][0m[1;32m
[gzserver-2] [0m[1;32m[0m[1;32m[0m[1;36m[Dbg] [wind_plugin.cpp:96] [0m[1;36mWindPlugin loaded: speed=[0m[1;36m0[0m[1;36m dir=[0m[1;36m0[0m[1;36m deg area=[0m[1;36m0.1[0m[1;36m coeff=[0m[1;36m1[0m[1;36m
[gzserver-2] [0m[1;33m[0m[1;33m[0m[1;31m[Err] [Sensor.cc:510] [0m[1;31mGet noise index not valid[0m[1;31m
[gzserver-2] [0m[1;31m[0m[1;31m[0m[1;31m[Err] [Sensor.cc:510] [0m[1;31mGet noise index not valid[0m[1;31m
[gzserver-2] [0m[1;31m[0m[1;31m[0m[1;31m[Err] [Sensor.cc:510] [0m[1;31mGet noise index not valid[0m[1;31m
[gzserver-2] [0m[1;31m[0m[1;31m[0m[1;31m[Err] [Sensor.cc:510] [0m[1;31mGet noise index not valid[0m[1;31m
[gzserver-2] [0m[1;31m[0m[1;31m[0m[1;31m[Err] [Sensor.cc:510] [0m[1;31mGet noise index not valid[0m[1;31m
[gzserver-2] [0m[1;31m[0m[1;31m[0m[1;31m[Err] [Sensor.cc:510] [0m[1;31mGet noise index not valid[0m[1;31m
[gzserver-2] [0m[1;31m[0m[1;31m[0mTopic [default//drone/base_footprint/down_camera/image] is not valid.
[gzserver-2] [INFO] [1773158577.933788579] [drone.collision_plugin]: Publishing contact states to [/drone/bumper_states]
[gzserver-2] Topic [default//drone/base_footprint/front_camera/image] is not valid.
[gzserver-2] [1;33m[Wrn] [Event.cc:61] [0m[1;33mWarning: Deleting a connection right after creation. [0m[1;33mMake sure to save the ConnectionPtr from a Connect call
[INFO] [spawn_drone-5]: process has finished cleanly [pid 2620674]
[gzserver-2] [0m[INFO] [1773158578.517548561] [drone.camera_bottom]: Publishing camera info to [/drone/bottom/camera_info]
[gzserver-2] [INFO] [1773158578.520461008] [drone.camera_front]: Publishing camera info to [/drone/front/camera_info]
[gzserver-2] [INFO] [1773158578.641780963] [drone.simple_drone]: The drone plugin is loading!
[gzserver-2] [INFO] [1773158578.641976645] [drone.simple_drone]: pub_odom: 1
[gzserver-2] [INFO] [1773158578.642009202] [drone.simple_drone]: Using following parameters: 
[gzserver-2] 		link_name: base_footprint,
[gzserver-2] 		max_force: 30,
[gzserver-2] 		motion_small_noise: 0,
[gzserver-2] 		motion_drift_noise: 0,
[gzserver-2] 		motion_drift_noise_time: 50,
[gzserver-2] 		takeoff_hover_height: 2.4,
[gzserver-2] 		takeoff_vertical_speed: 0.2
[gzserver-2] [INFO] [1773158578.653346986] [drone.simple_drone]: Using the PID parameters: 
[gzserver-2] 	Roll Pitch:
[gzserver-2] 		kP: 10, kI: 0,kD: 5, Limit: 0.5, Time Constant: 0
[gzserver-2] 	Yaw:
[gzserver-2] 		kP: 2, kI: 0,kD: 1, Limit: 1.5, Time Constant: 0
[gzserver-2] 	Velocity X:
[gzserver-2] 		kP: 5, kI: 0,kD: 2.3, Limit: 2, Time Constant: 0
[gzserver-2] 	Velocity Y:
[gzserver-2] 		kP: 5, kI: 0,kD: 2.3, Limit: 2, Time Constant: 0
[gzserver-2] 	Velocity Z:
[gzserver-2] 		kP: 5, kI: 0,kD: 1, Limit: -1, Time Constant: 0
[gzserver-2] 	Position XY:
[gzserver-2] 		kP: 1.1, kI: 0,kD: 0, Limit: 5, Time Constant: 0
[gzserver-2] 	Position Z:
[gzserver-2] 		kP: 1, kI: 0,kD: 0.2, Limit: -1, Time Constant: 0
[gzserver-2] [INFO] [1773158578.653475480] [drone.simple_drone]: The drone plugin finished loading!
[gzserver-2] [INFO] [1773158585.866153301] [gazebo_wind_plugin_node]: WindPlugin: set wind_speed=0.00 wind_direction=0.0
[gzserver-2] [INFO] [1773158586.138199240] [gazebo_wind_plugin_node]: WindPlugin: set wind_speed=0.00 wind_direction=0.0
[gzserver-2] [INFO] [1773158586.171873144] [drone.simple_drone]: Quadrotor takes off!!
[gzserver-2] [INFO] [1773158586.372798453] [gazebo_wind_plugin_node]: WindPlugin: set wind_speed=0.00 wind_direction=0.0
[gzserver-2] [INFO] [1773158586.604721382] [gazebo_wind_plugin_node]: WindPlugin: set wind_speed=0.00 wind_direction=0.0
[gzserver-2] [INFO] [1773158586.844541274] [gazebo_wind_plugin_node]: WindPlugin: set wind_speed=0.00 wind_direction=0.0
[gzserver-2] [INFO] [1773158587.078605322] [gazebo_wind_plugin_node]: WindPlugin: set wind_speed=0.00 wind_direction=0.0
[gzserver-2] [INFO] [1773158587.303014794] [gazebo_wind_plugin_node]: WindPlugin: set wind_speed=0.00 wind_direction=0.0
[gzserver-2] [INFO] [1773158587.542362798] [gazebo_wind_plugin_node]: WindPlugin: set wind_speed=0.00 wind_direction=0.0
[gzserver-2] [INFO] [1773158587.771704524] [gazebo_wind_plugin_node]: WindPlugin: set wind_speed=0.00 wind_direction=0.0
[gzserver-2] [INFO] [1773158588.006163225] [gazebo_wind_plugin_node]: WindPlugin: set wind_speed=0.00 wind_direction=0.0
[gzserver-2] [0m[1;36m[Dbg] [wind_plugin.cpp:110] [0m[1;36mWindPlugin: received command -> speed=[0m[1;36m0[0m[1;36m dir=[0m[1;36m0[0m[1;36m
[gzserver-2] [0m[1;36m[Dbg] [wind_plugin.cpp:110] [0m[1;36mWindPlugin: received command -> speed=[0m[1;36m0[0m[1;36m dir=[0m[1;36m0[0m[1;36m
[gzserver-2] [0m[1;36m[Dbg] [wind_plugin.cpp:110] [0m[1;36mWindPlugin: received command -> speed=[0m[1;36m0[0m[1;36m dir=[0m[1;36m0[0m[1;36m
[gzserver-2] [0m[1;36m[Dbg] [wind_plugin.cpp:110] [0m[1;36mWindPlugin: received command -> speed=[0m[1;36m0[0m[1;36m dir=[0m[1;36m0[0m[1;36m
[gzserver-2] [0m[1;36m[Dbg] [wind_plugin.cpp:110] [0m[1;36mWindPlugin: received command -> speed=[0m[1;36m0[0m[1;36m dir=[0m[1;36m0[0m[1;36m
[gzserver-2] [0m[1;36m[Dbg] [wind_plugin.cpp:110] [0m[1;36mWindPlugin: received command -> speed=[0m[1;36m0[0m[1;36m dir=[0m[1;36m0[0m[1;36m
[gzserver-2] [0m[1;36m[Dbg] [wind_plugin.cpp:110] [0m[1;36mWindPlugin: received command -> speed=[0m[1;36m0[0m[1;36m dir=[0m[1;36m0[0m[1;36m
[gzserver-2] [0m[1;36m[Dbg] [wind_plugin.cpp:110] [0m[1;36mWindPlugin: received command -> speed=[0m[1;36m0[0m[1;36m dir=[0m[1;36m0[0m[1;36m
[gzserver-2] [0m[1;36m[Dbg] [wind_plugin.cpp:110] [0m[1;36mWindPlugin: received command -> speed=[0m[1;36m0[0m[1;36m dir=[0m[1;36m0[0m[1;36m
[gzserver-2] [0m[1;36m[Dbg] [wind_plugin.cpp:110] [0m[1;36mWindPlugin: received command -> speed=[0m[1;36m0[0m[1;36m dir=[0m[1;36m0[0m[1;36m
[gzserver-2] [0mEntering flying model!
[gzserver-2] [INFO] [1773158588.240490988] [gazebo_wind_plugin_node]: WindPlugin: set wind_speed=0.00 wind_direction=0.0
[gzserver-2] [INFO] [1773158588.479952292] [gazebo_wind_plugin_node]: WindPlugin: set wind_speed=2.29 wind_direction=-72.3
[gzserver-2] [INFO] [1773158588.713315660] [gazebo_wind_plugin_node]: WindPlugin: set wind_speed=2.29 wind_direction=-72.3
[gzserver-2] [INFO] [1773158588.948530919] [gazebo_wind_plugin_node]: WindPlugin: set wind_speed=2.29 wind_direction=-72.3
[gzserver-2] [INFO] [1773158589.188706536] [gazebo_wind_plugin_node]: WindPlugin: set wind_speed=2.29 wind_direction=-72.3
[gzserver-2] [INFO] [1773158589.423016734] [gazebo_wind_plugin_node]: WindPlugin: set wind_speed=2.44 wind_direction=-71.4
[gzserver-2] [INFO] [1773158589.652082617] [gazebo_wind_plugin_node]: WindPlugin: set wind_speed=2.44 wind_direction=-71.4
[gzserver-2] [INFO] [1773158589.886361591] [gazebo_wind_plugin_node]: WindPlugin: set wind_speed=2.44 wind_direction=-71.4
[gzserver-2] [INFO] [1773158590.114647976] [gazebo_wind_plugin_node]: WindPlugin: set wind_speed=2.44 wind_direction=-71.4
[gzserver-2] [INFO] [1773158590.354965901] [gazebo_wind_plugin_node]: WindPlugin: set wind_speed=2.44 wind_direction=-71.4
[gzserver-2] [INFO] [1773158590.590006468] [gazebo_wind_plugin_node]: WindPlugin: set wind_speed=2.24 wind_direction=-72.5
[gzserver-2] [INFO] [1773158590.829764292] [gazebo_wind_plugin_node]: WindPlugin: set wind_speed=2.24 wind_direction=-72.5
[gzserver-2] [INFO] [1773158591.069104870] [gazebo_wind_plugin_node]: WindPlugin: set wind_speed=2.24 wind_direction=-72.5
[gzserver-2] [INFO] [1773158591.306054610] [gazebo_wind_plugin_node]: WindPlugin: set wind_speed=2.24 wind_direction=-72.5
[gzserver-2] [INFO] [1773158591.546145537] [gazebo_wind_plugin_node]: WindPlugin: set wind_speed=2.12 wind_direction=-68.7
[gzserver-2] [INFO] [1773158591.581662721] [drone.simple_drone]: Quadrotor lands!!
[gzserver-2] [INFO] [1773158591.783092984] [gazebo_wind_plugin_node]: WindPlugin: set wind_speed=2.12 wind_direction=-68.7
[gzserver-2] [INFO] [1773158592.023663094] [gazebo_wind_plugin_node]: WindPlugin: set wind_speed=2.12 wind_direction=-68.7
[gzserver-2] [INFO] [1773158592.263612002] [gazebo_wind_plugin_node]: WindPlugin: set wind_speed=2.12 wind_direction=-68.7
[gzserver-2] [INFO] [1773158592.503350869] [gazebo_wind_plugin_node]: WindPlugin: set wind_speed=2.20 wind_direction=-68.8
[gzserver-2] [1;36m[Dbg] [wind_plugin.cpp:110] [0m[1;36mWindPlugin: received command -> speed=[0m[1;36m0[0m[1;36m dir=[0m[1;36m0[0m[1;36m
[gzserver-2] [0m[1;36m[Dbg] [wind_plugin.cpp:110] [0m[1;36mWindPlugin: received command -> speed=[0m[1;36m2.28832[0m[1;36m dir=[0m[1;36m-72.2743[0m[1;36m
[gzserver-2] [0m[1;36m[Dbg] [wind_plugin.cpp:110] [0m[1;36mWindPlugin: received command -> speed=[0m[1;36m2.28832[0m[1;36m dir=[0m[1;36m-72.2743[0m[1;36m
[gzserver-2] [0m[1;36m[Dbg] [wind_plugin.cpp:110] [0m[1;36mWindPlugin: received command -> speed=[0m[1;36m2.28832[0m[1;36m dir=[0m[1;36m-72.2743[0m[1;36m
[gzserver-2] [0m[1;36m[Dbg] [wind_plugin.cpp:110] [0m[1;36mWindPlugin: received command -> speed=[0m[1;36m2.28832[0m[1;36m dir=[0m[1;36m-72.2743[0m[1;36m
[gzserver-2] [0m[1;36m[Dbg] [wind_plugin.cpp:110] [0m[1;36mWindPlugin: received command -> speed=[0m[1;36m2.43524[0m[1;36m dir=[0m[1;36m-71.3757[0m[1;36m
[gzserver-2] [0m[1;36m[Dbg] [wind_plugin.cpp:110] [0m[1;36mWindPlugin: received command -> speed=[0m[1;36m2.43524[0m[1;36m dir=[0m[1;36m-71.3757[0m[1;36m
[gzserver-2] [0m[1;36m[Dbg] [wind_plugin.cpp:110] [0m[1;36mWindPlugin: received command -> speed=[0m[1;36m2.43524[0m[1;36m dir=[0m[1;36m-71.3757[0m[1;36m
[gzserver-2] [0m[1;36m[Dbg] [wind_plugin.cpp:110] [0m[1;36mWindPlugin: received command -> speed=[0m[1;36m2.43524[0m[1;36m dir=[0m[1;36m-71.3757[0m[1;36m
[gzserver-2] [0m[1;36m[Dbg] [wind_plugin.cpp:110] [0m[1;36mWindPlugin: received command -> speed=[0m[1;36m2.43524[0m[1;36m dir=[0m[1;36m-71.3757[0m[1;36m
[gzserver-2] [0m[1;36m[Dbg] [wind_plugin.cpp:110] [0m[1;36mWindPlugin: received command -> speed=[0m[1;36m2.23952[0m[1;36m dir=[0m[1;36m-72.4826[0m[1;36m
[gzserver-2] [0m[1;36m[Dbg] [wind_plugin.cpp:110] [0m[1;36mWindPlugin: received command -> speed=[0m[1;36m2.23952[0m[1;36m dir=[0m[1;36m-72.4826[0m[1;36m
[gzserver-2] [0m[1;36m[Dbg] [wind_plugin.cpp:110] [0m[1;36mWindPlugin: received command -> speed=[0m[1;36m2.23952[0m[1;36m dir=[0m[1;36m-72.4826[0m[1;36m
[gzserver-2] [0m[1;36m[Dbg] [wind_plugin.cpp:110] [0m[1;36mWindPlugin: received command -> speed=[0m[1;36m2.23952[0m[1;36m dir=[0m[1;36m-72.4826[0m[1;36m
[gzserver-2] [0m[1;36m[Dbg] [wind_plugin.cpp:110] [0m[1;36mWindPlugin: received command -> speed=[0m[1;36m2.1165[0m[1;36m dir=[0m[1;36m-68.694[0m[1;36m
[gzserver-2] [0m[1;36m[Dbg] [wind_plugin.cpp:110] [0m[1;36mWindPlugin: received command -> speed=[0m[1;36m2.1165[0m[1;36m dir=[0m[1;36m-68.694[0m[1;36m
[gzserver-2] [0m[1;36m[Dbg] [wind_plugin.cpp:110] [0m[1;36mWindPlugin: received command -> speed=[0m[1;36m2.1165[0m[1;36m dir=[0m[1;36m-68.694[0m[1;36m
[gzserver-2] [0m[1;36m[Dbg] [wind_plugin.cpp:110] [0m[1;36mWindPlugin: received command -> speed=[0m[1;36m2.1165[0m[1;36m dir=[0m[1;36m-68.694[0m[1;36m
[gzserver-2] [0m[1;36m[Dbg] [wind_plugin.cpp:110] [0m[1;36mWindPlugin: received command -> speed=[0m[1;36m2.20082[0m[1;36m dir=[0m[1;36m-68.8146[0m[1;36m
[gzserver-2] [0mLanded!
[gzserver-2] [INFO] [1773158592.743437420] [gazebo_wind_plugin_node]: WindPlugin: set wind_speed=2.20 wind_direction=-68.8
[gzserver-2] [INFO] [1773158592.978228177] [gazebo_wind_plugin_node]: WindPlugin: set wind_speed=2.20 wind_direction=-68.8
[gzserver-2] [INFO] [1773158593.217928970] [gazebo_wind_plugin_node]: WindPlugin: set wind_speed=2.20 wind_direction=-68.8
[gzserver-2] [INFO] [1773158593.453022435] [gazebo_wind_plugin_node]: WindPlugin: set wind_speed=2.18 wind_direction=-72.2
[gzserver-2] [INFO] [1773158593.693059132] [gazebo_wind_plugin_node]: WindPlugin: set wind_speed=2.18 wind_direction=-72.2
[gzserver-2] [INFO] [1773158593.937380829] [gazebo_wind_plugin_node]: WindPlugin: set wind_speed=2.18 wind_direction=-72.2
[gzserver-2] [INFO] [1773158594.177814557] [gazebo_wind_plugin_node]: WindPlugin: set wind_speed=2.18 wind_direction=-72.2
[gzserver-2] [INFO] [1773158594.412005826] [gazebo_wind_plugin_node]: WindPlugin: set wind_speed=2.18 wind_direction=-67.4
