[INFO] [launch]: All log files can be found below /home/j/.ros/log/2026-03-10-12-55-51-342548-j-1446748
[INFO] [launch]: Default logging verbosity is set to INFO
[INFO] [launch.user]: [bringup] Apriltag config: camera=/drone/bottom, image=/drone/bottom/image_raw, tags=/drone/bottom/tags, bridge=/landing_tag_state, standalone=true, use_target_id=true, target_id=0
[INFO] [rviz2-1]: process started with pid [1446754]
[INFO] [gzserver-2]: process started with pid [1446756]
[INFO] [robot_state_publisher-3]: process started with pid [1446758]
[INFO] [joint_state_publisher-4]: process started with pid [1446760]
[INFO] [spawn_drone-5]: process started with pid [1446762]
[INFO] [static_transform_publisher-6]: process started with pid [1446764]
[INFO] [joy_node-7]: process started with pid [1446766]
[INFO] [teleop_joystick-8]: process started with pid [1446768]
[INFO] [apriltag_detector_node-9]: process started with pid [1446770]
[INFO] [apriltag_state_bridge-10]: process started with pid [1446773]
[static_transform_publisher-6] [WARN] [1773114951.816168235] []: Old-style arguments are deprecated; see --help for new-style arguments
[static_transform_publisher-6] [INFO] [1773114951.822325825] [static_transform_publisher_8wdi0fT07C69IuZN]: Spinning until stopped - publishing transform
[static_transform_publisher-6] translation: ('0.000000', '0.000000', '0.000000')
[static_transform_publisher-6] rotation: ('0.000000', '0.000000', '0.000000', '1.000000')
[static_transform_publisher-6] from 'world' to '/drone/odom'
[robot_state_publisher-3] [INFO] [1773114951.845793103] [drone.robot_state_publisher]: got segment base_footprint
[robot_state_publisher-3] [INFO] [1773114951.845887518] [drone.robot_state_publisher]: got segment base_link
[robot_state_publisher-3] [INFO] [1773114951.845900285] [drone.robot_state_publisher]: got segment bottom_cam_link
[robot_state_publisher-3] [INFO] [1773114951.845909127] [drone.robot_state_publisher]: got segment front_cam_link
[robot_state_publisher-3] [INFO] [1773114951.845916398] [drone.robot_state_publisher]: got segment sonar_link
[rviz2-1] 
[rviz2-1] (rviz2:1446754): dbind-WARNING **: 12:55:51.846: Couldn't connect to accessibility bus: Failed to connect to socket /root/.cache/at-spi/bus_0: 허가 거부
[apriltag_detector_node-9] [INFO] [1773114951.852089802] [apriltag_detector_node]: tag detector type: umich
[teleop_joystick-8] Traceback (most recent call last):
[teleop_joystick-8]   File "/home/j/INCSL/IICC26_ws/install/sjtu_drone_control/lib/sjtu_drone_control/teleop_joystick", line 33, in <module>
[teleop_joystick-8]     sys.exit(load_entry_point('sjtu_drone_control==0.0.0', 'console_scripts', 'teleop_joystick')())
[teleop_joystick-8]   File "/home/j/INCSL/IICC26_ws/install/sjtu_drone_control/lib/sjtu_drone_control/teleop_joystick", line 22, in importlib_load_entry_point
[teleop_joystick-8]     for entry_point in distribution(dist_name).entry_points
[teleop_joystick-8]   File "/usr/lib/python3.10/importlib/metadata/__init__.py", line 969, in distribution
[teleop_joystick-8]     return Distribution.from_name(distribution_name)
[teleop_joystick-8]   File "/usr/lib/python3.10/importlib/metadata/__init__.py", line 548, in from_name
[teleop_joystick-8]     raise PackageNotFoundError(name)
[teleop_joystick-8] importlib.metadata.PackageNotFoundError: No package metadata was found for sjtu_drone_control
[ERROR] [teleop_joystick-8]: process has died [pid 1446768, exit code 1, cmd '/home/j/INCSL/IICC26_ws/install/sjtu_drone_control/lib/sjtu_drone_control/teleop_joystick --ros-args -r __ns:=/drone'].
[gzserver-2] Gazebo multi-robot simulator, version 11.10.2
[gzserver-2] Copyright (C) 2012 Open Source Robotics Foundation.
[gzserver-2] Released under the Apache 2 License.
[gzserver-2] http://gazebosim.org
[gzserver-2] 
[joint_state_publisher-4] [INFO] [1773114952.056857246] [drone.joint_state_publisher]: Waiting for robot_description to be published on the robot_description topic...
[apriltag_state_bridge-10] [INFO] [1773114952.082768562] [apriltag_state_bridge]: AprilTag bridge started: /drone/bottom/tags -> /landing_tag_state, use_target_id=True, target_id=0
[gzserver-2] [1;33m[Wrn] [gazebo_ros_init.cpp:178] [0m[1;33m
[gzserver-2] #     # ####### ####### ###  #####  #######
[gzserver-2] ##    # #     #    #     #  #     # #
[gzserver-2] # #   # #     #    #     #  #       #
[gzserver-2] #  #  # #     #    #     #  #       #####
[gzserver-2] #   # # #     #    #     #  #       #
[gzserver-2] #    ## #     #    #     #  #     # #
[gzserver-2] #     # #######    #    ###  #####  #######
[gzserver-2] 
[gzserver-2] This version of Gazebo, now called Gazebo classic, reaches end-of-life
[gzserver-2] in January 2025. Users are highly encouraged to migrate to the new Gazebo
[gzserver-2] using our migration guides (https://gazebosim.org/docs/latest/gazebo_classic_migration?utm_source=gazebo_ros_pkgs&utm_medium=cli)
[gzserver-2] 
[gzserver-2] [0m[1;33m
[rviz2-1] [INFO] [1773114952.618138047] [rviz2]: Stereo is NOT SUPPORTED
[rviz2-1] [INFO] [1773114952.618220268] [rviz2]: OpenGl version: 4.6 (GLSL 4.6)
[rviz2-1] [INFO] [1773114952.704793111] [rviz2]: Stereo is NOT SUPPORTED
[rviz2-1] [INFO] [1773114952.794996578] [rviz2]: Stereo is NOT SUPPORTED
[spawn_drone-5] [INFO] [1773114953.251683988] [spawn_drone]: Result False Entity pushed to spawn queue, but spawn service timed outwaiting for entity to appear in simulation under the name [/drone]
[gzserver-2] [1;32m[Msg] [0m[1;32mWaiting for master.[0m[1;32m
[gzserver-2] [0m[1;32m[0m[1;32m[0m[1;32m[Msg] [0m[1;32mConnected to gazebo master @ [0m[1;32mhttp://127.0.0.1:11345[0m[1;32m
[gzserver-2] [0m[1;32m[0m[1;32m[0m[1;32m[Msg] [0m[1;32mPublicized address: [0m[1;32m172.16.52.147[0m[1;32m
[gzserver-2] [0m[1;32m[0m[1;32m[0m[1;32m[Msg] [0m[1;32mLoading world file [[0m[1;32m/home/j/INCSL/IICC26_ws/install/sjtu_drone_description/share/sjtu_drone_description/worlds/landingPad.world[0m[1;32m][0m[1;32m
[gzserver-2] [0m[1;32m[0m[1;32m[0m[1;36m[Dbg] [wind_plugin.cpp:96] [0m[1;36mWindPlugin loaded: speed=[0m[1;36m0[0m[1;36m dir=[0m[1;36m0[0m[1;36m deg area=[0m[1;36m0.1[0m[1;36m coeff=[0m[1;36m1[0m[1;36m
[gzserver-2] [0m[1;33m[0m[1;33m[0m[1;31m[Err] [Sensor.cc:510] [0m[1;31mGet noise index not valid[0m[1;31m
[gzserver-2] [0m[1;31m[0m[1;31m[0m[1;31m[Err] [Sensor.cc:510] [0m[1;31mGet noise index not valid[0m[1;31m
[gzserver-2] [0m[1;31m[0m[1;31m[0m[1;31m[Err] [Sensor.cc:510] [0m[1;31mGet noise index not valid[0m[1;31m
[gzserver-2] [0m[1;31m[0m[1;31m[0m[1;31m[Err] [Sensor.cc:510] [0m[1;31mGet noise index not valid[0m[1;31m
[gzserver-2] [0m[1;31m[0m[1;31m[0m[1;31m[Err] [Sensor.cc:510] [0m[1;31mGet noise index not valid[0m[1;31m
[gzserver-2] [0m[1;31m[0m[1;31m[0m[1;31m[Err] [Sensor.cc:510] [0m[1;31mGet noise index not valid[0m[1;31m
[gzserver-2] [0m[1;31m[0m[1;31m[0mTopic [default//drone/base_footprint/down_camera/image] is not valid.
[gzserver-2] [INFO] [1773114953.282703319] [drone.collision_plugin]: Publishing contact states to [/drone/bumper_states]
[gzserver-2] Topic [default//drone/base_footprint/front_camera/image] is not valid.
[gzserver-2] [1;33m[Wrn] [Event.cc:61] [0m[1;33mWarning: Deleting a connection right after creation. [0m[1;33mMake sure to save the ConnectionPtr from a Connect call
[INFO] [spawn_drone-5]: process has finished cleanly [pid 1446762]
[gzserver-2] [0m[INFO] [1773114953.861730374] [drone.camera_bottom]: Publishing camera info to [/drone/bottom/camera_info]
[gzserver-2] [INFO] [1773114953.864461165] [drone.camera_front]: Publishing camera info to [/drone/front/camera_info]
[gzserver-2] [INFO] [1773114953.986472564] [drone.simple_drone]: The drone plugin is loading!
[gzserver-2] [INFO] [1773114953.986678256] [drone.simple_drone]: pub_odom: 1
[gzserver-2] [INFO] [1773114953.986712558] [drone.simple_drone]: Using following parameters: 
[gzserver-2] 		link_name: base_footprint,
[gzserver-2] 		max_force: 30,
[gzserver-2] 		motion_small_noise: 0,
[gzserver-2] 		motion_drift_noise: 0,
[gzserver-2] 		motion_drift_noise_time: 50,
[gzserver-2] 		takeoff_hover_height: 1.69,
[gzserver-2] 		takeoff_vertical_speed: 0.2
[gzserver-2] [INFO] [1773114953.998518730] [drone.simple_drone]: Using the PID parameters: 
[gzserver-2] 	Roll Pitch:
[gzserver-2] 		kP: 10, kI: 0,kD: 5, Limit: 0.5, Time Constant: 0
[gzserver-2] 	Yaw:
[gzserver-2] 		kP: 2, kI: 0,kD: 1, Limit: 1.5, Time Constant: 0
[gzserver-2] 	Velocity X:
[gzserver-2] 		kP: 5, kI: 0,kD: 2.3, Limit: 2, Time Constant: 0
[gzserver-2] 	Velocity Y:
[gzserver-2] 		kP: 5, kI: 0,kD: 2.3, Limit: 2, Time Constant: 0
[gzserver-2] 	Velocity Z:
[gzserver-2] 		kP: 5, kI: 0,kD: 1, Limit: -1, Time Constant: 0
[gzserver-2] 	Position XY:
[gzserver-2] 		kP: 1.1, kI: 0,kD: 0, Limit: 5, Time Constant: 0
[gzserver-2] 	Position Z:
[gzserver-2] 		kP: 1, kI: 0,kD: 0.2, Limit: -1, Time Constant: 0
[gzserver-2] [INFO] [1773114953.998657199] [drone.simple_drone]: The drone plugin finished loading!
[gzserver-2] [INFO] [1773114961.163029123] [gazebo_wind_plugin_node]: WindPlugin: set wind_speed=0.00 wind_direction=0.0
[gzserver-2] [INFO] [1773114961.428607963] [gazebo_wind_plugin_node]: WindPlugin: set wind_speed=0.00 wind_direction=0.0
[gzserver-2] [INFO] [1773114961.467378055] [drone.simple_drone]: Quadrotor takes off!!
[gzserver-2] [INFO] [1773114961.668328624] [gazebo_wind_plugin_node]: WindPlugin: set wind_speed=0.00 wind_direction=0.0
[gzserver-2] [INFO] [1773114961.902676880] [gazebo_wind_plugin_node]: WindPlugin: set wind_speed=0.00 wind_direction=0.0
[gzserver-2] [INFO] [1773114962.137512325] [gazebo_wind_plugin_node]: WindPlugin: set wind_speed=0.00 wind_direction=0.0
[gzserver-2] [INFO] [1773114962.376916137] [gazebo_wind_plugin_node]: WindPlugin: set wind_speed=0.00 wind_direction=0.0
[gzserver-2] [INFO] [1773114962.616265756] [gazebo_wind_plugin_node]: WindPlugin: set wind_speed=0.00 wind_direction=0.0
[gzserver-2] [INFO] [1773114962.849492788] [gazebo_wind_plugin_node]: WindPlugin: set wind_speed=0.00 wind_direction=0.0
[gzserver-2] [0m[1;36m[Dbg] [wind_plugin.cpp:110] [0m[1;36mWindPlugin: received command -> speed=[0m[1;36m0[0m[1;36m dir=[0m[1;36m0[0m[1;36m
[gzserver-2] [0m[1;36m[Dbg] [wind_plugin.cpp:110] [0m[1;36mWindPlugin: received command -> speed=[0m[1;36m0[0m[1;36m dir=[0m[1;36m0[0m[1;36m
[gzserver-2] [0m[1;36m[Dbg] [wind_plugin.cpp:110] [0m[1;36mWindPlugin: received command -> speed=[0m[1;36m0[0m[1;36m dir=[0m[1;36m0[0m[1;36m
[gzserver-2] [0m[1;36m[Dbg] [wind_plugin.cpp:110] [0m[1;36mWindPlugin: received command -> speed=[0m[1;36m0[0m[1;36m dir=[0m[1;36m0[0m[1;36m
[gzserver-2] [0m[1;36m[Dbg] [wind_plugin.cpp:110] [0m[1;36mWindPlugin: received command -> speed=[0m[1;36m0[0m[1;36m dir=[0m[1;36m0[0m[1;36m
[gzserver-2] [0m[1;36m[Dbg] [wind_plugin.cpp:110] [0m[1;36mWindPlugin: received command -> speed=[0m[1;36m0[0m[1;36m dir=[0m[1;36m0[0m[1;36m
[gzserver-2] [0m[1;36m[Dbg] [wind_plugin.cpp:110] [0m[1;36mWindPlugin: received command -> speed=[0m[1;36m0[0m[1;36m dir=[0m[1;36m0[0m[1;36m
[gzserver-2] [0m[1;36m[Dbg] [wind_plugin.cpp:110] [0m[1;36mWindPlugin: received command -> speed=[0m[1;36m0[0m[1;36m dir=[0m[1;36m0[0m[1;36m
[gzserver-2] [0mEntering flying model!
[gzserver-2] [INFO] [1773114963.088978460] [gazebo_wind_plugin_node]: WindPlugin: set wind_speed=1.14 wind_direction=-106.3
[gzserver-2] [INFO] [1773114963.330550009] [gazebo_wind_plugin_node]: WindPlugin: set wind_speed=1.14 wind_direction=-106.3
[gzserver-2] [INFO] [1773114963.570562817] [gazebo_wind_plugin_node]: WindPlugin: set wind_speed=1.14 wind_direction=-106.3
[gzserver-2] [INFO] [1773114963.805359930] [gazebo_wind_plugin_node]: WindPlugin: set wind_speed=0.94 wind_direction=-110.4
[gzserver-2] [INFO] [1773114964.040659251] [gazebo_wind_plugin_node]: WindPlugin: set wind_speed=0.94 wind_direction=-110.4
[gzserver-2] [INFO] [1773114964.280170035] [gazebo_wind_plugin_node]: WindPlugin: set wind_speed=0.94 wind_direction=-110.4
[gzserver-2] [INFO] [1773114964.514586689] [gazebo_wind_plugin_node]: WindPlugin: set wind_speed=0.94 wind_direction=-110.4
[gzserver-2] [INFO] [1773114964.753328667] [gazebo_wind_plugin_node]: WindPlugin: set wind_speed=0.94 wind_direction=-110.7
[gzserver-2] [INFO] [1773114964.992852222] [gazebo_wind_plugin_node]: WindPlugin: set wind_speed=0.94 wind_direction=-110.7
[gzserver-2] [INFO] [1773114965.226894688] [gazebo_wind_plugin_node]: WindPlugin: set wind_speed=0.94 wind_direction=-110.7
[gzserver-2] [INFO] [1773114965.463590810] [gazebo_wind_plugin_node]: WindPlugin: set wind_speed=0.94 wind_direction=-110.7
[gzserver-2] [INFO] [1773114965.703536796] [gazebo_wind_plugin_node]: WindPlugin: set wind_speed=0.90 wind_direction=-111.3
[gzserver-2] [INFO] [1773114965.942862689] [gazebo_wind_plugin_node]: WindPlugin: set wind_speed=0.90 wind_direction=-111.3
[gzserver-2] [INFO] [1773114966.184518275] [gazebo_wind_plugin_node]: WindPlugin: set wind_speed=0.90 wind_direction=-111.3
[gzserver-2] [INFO] [1773114966.423787414] [gazebo_wind_plugin_node]: WindPlugin: set wind_speed=0.90 wind_direction=-111.3
[gzserver-2] [INFO] [1773114966.451524713] [drone.simple_drone]: Quadrotor lands!!
[gzserver-2] [INFO] [1773114966.652858775] [gazebo_wind_plugin_node]: WindPlugin: set wind_speed=0.90 wind_direction=-111.3
[gzserver-2] [INFO] [1773114966.892373469] [gazebo_wind_plugin_node]: WindPlugin: set wind_speed=0.95 wind_direction=-111.7
[gzserver-2] [INFO] [1773114967.121123759] [gazebo_wind_plugin_node]: WindPlugin: set wind_speed=0.95 wind_direction=-111.7
[gzserver-2] [INFO] [1773114967.361207564] [gazebo_wind_plugin_node]: WindPlugin: set wind_speed=0.95 wind_direction=-111.7
[gzserver-2] [1;36m[Dbg] [wind_plugin.cpp:110] [0m[1;36mWindPlugin: received command -> speed=[0m[1;36m1.14141[0m[1;36m dir=[0m[1;36m-106.307[0m[1;36m
[gzserver-2] [0m[1;36m[Dbg] [wind_plugin.cpp:110] [0m[1;36mWindPlugin: received command -> speed=[0m[1;36m1.14141[0m[1;36m dir=[0m[1;36m-106.307[0m[1;36m
[gzserver-2] [0m[1;36m[Dbg] [wind_plugin.cpp:110] [0m[1;36mWindPlugin: received command -> speed=[0m[1;36m1.14141[0m[1;36m dir=[0m[1;36m-106.307[0m[1;36m
[gzserver-2] [0m[1;36m[Dbg] [wind_plugin.cpp:110] [0m[1;36mWindPlugin: received command -> speed=[0m[1;36m0.93882[0m[1;36m dir=[0m[1;36m-110.374[0m[1;36m
[gzserver-2] [0m[1;36m[Dbg] [wind_plugin.cpp:110] [0m[1;36mWindPlugin: received command -> speed=[0m[1;36m0.93882[0m[1;36m dir=[0m[1;36m-110.374[0m[1;36m
[gzserver-2] [0m[1;36m[Dbg] [wind_plugin.cpp:110] [0m[1;36mWindPlugin: received command -> speed=[0m[1;36m0.93882[0m[1;36m dir=[0m[1;36m-110.374[0m[1;36m
[gzserver-2] [0m[1;36m[Dbg] [wind_plugin.cpp:110] [0m[1;36mWindPlugin: received command -> speed=[0m[1;36m0.93882[0m[1;36m dir=[0m[1;36m-110.374[0m[1;36m
[gzserver-2] [0m[1;36m[Dbg] [wind_plugin.cpp:110] [0m[1;36mWindPlugin: received command -> speed=[0m[1;36m0.941816[0m[1;36m dir=[0m[1;36m-110.732[0m[1;36m
[gzserver-2] [0m[1;36m[Dbg] [wind_plugin.cpp:110] [0m[1;36mWindPlugin: received command -> speed=[0m[1;36m0.941816[0m[1;36m dir=[0m[1;36m-110.732[0m[1;36m
[gzserver-2] [0m[1;36m[Dbg] [wind_plugin.cpp:110] [0m[1;36mWindPlugin: received command -> speed=[0m[1;36m0.941816[0m[1;36m dir=[0m[1;36m-110.732[0m[1;36m
[gzserver-2] [0m[1;36m[Dbg] [wind_plugin.cpp:110] [0m[1;36mWindPlugin: received command -> speed=[0m[1;36m0.941816[0m[1;36m dir=[0m[1;36m-110.732[0m[1;36m
[gzserver-2] [0m[1;36m[Dbg] [wind_plugin.cpp:110] [0m[1;36mWindPlugin: received command -> speed=[0m[1;36m0.897419[0m[1;36m dir=[0m[1;36m-111.347[0m[1;36m
[gzserver-2] [0m[1;36m[Dbg] [wind_plugin.cpp:110] [0m[1;36mWindPlugin: received command -> speed=[0m[1;36m0.897419[0m[1;36m dir=[0m[1;36m-111.347[0m[1;36m
[gzserver-2] [0m[1;36m[Dbg] [wind_plugin.cpp:110] [0m[1;36mWindPlugin: received command -> speed=[0m[1;36m0.897419[0m[1;36m dir=[0m[1;36m-111.347[0m[1;36m
[gzserver-2] [0m[1;36m[Dbg] [wind_plugin.cpp:110] [0m[1;36mWindPlugin: received command -> speed=[0m[1;36m0.897419[0m[1;36m dir=[0m[1;36m-111.347[0m[1;36m
[gzserver-2] [0m[1;36m[Dbg] [wind_plugin.cpp:110] [0m[1;36mWindPlugin: received command -> speed=[0m[1;36m0.897419[0m[1;36m dir=[0m[1;36m-111.347[0m[1;36m
[gzserver-2] [0m[1;36m[Dbg] [wind_plugin.cpp:110] [0m[1;36mWindPlugin: received command -> speed=[0m[1;36m0.952501[0m[1;36m dir=[0m[1;36m-111.666[0m[1;36m
[gzserver-2] [0m[1;36m[Dbg] [wind_plugin.cpp:110] [0m[1;36mWindPlugin: received command -> speed=[0m[1;36m0.952501[0m[1;36m dir=[0m[1;36m-111.666[0m[1;36m
[gzserver-2] [0m[1;36m[Dbg] [wind_plugin.cpp:110] [0m[1;36mWindPlugin: received command -> speed=[0m[1;36m0.952501[0m[1;36m dir=[0m[1;36m-111.666[0m[1;36m
[gzserver-2] [0mLanded!
[gzserver-2] [INFO] [1773114967.600946304] [gazebo_wind_plugin_node]: WindPlugin: set wind_speed=0.95 wind_direction=-111.7
[gzserver-2] [INFO] [1773114967.840396342] [gazebo_wind_plugin_node]: WindPlugin: set wind_speed=1.04 wind_direction=-111.0
[gzserver-2] [INFO] [1773114968.074262822] [gazebo_wind_plugin_node]: WindPlugin: set wind_speed=1.04 wind_direction=-111.0
[gzserver-2] [INFO] [1773114968.308776051] [gazebo_wind_plugin_node]: WindPlugin: set wind_speed=1.04 wind_direction=-111.0
[gzserver-2] [INFO] [1773114968.550638443] [gazebo_wind_plugin_node]: WindPlugin: set wind_speed=1.04 wind_direction=-111.0
[gzserver-2] [INFO] [1773114968.790014896] [gazebo_wind_plugin_node]: WindPlugin: set wind_speed=1.03 wind_direction=-110.8
[gzserver-2] [INFO] [1773114969.029174377] [gazebo_wind_plugin_node]: WindPlugin: set wind_speed=1.03 wind_direction=-110.8
[gzserver-2] [INFO] [1773114969.263232679] [gazebo_wind_plugin_node]: WindPlugin: set wind_speed=1.03 wind_direction=-110.8
