[INFO] [launch]: All log files can be found below /home/j/.ros/log/2026-03-10-14-58-33-124633-j-2616520
[INFO] [launch]: Default logging verbosity is set to INFO
[INFO] [launch.user]: [bringup] Apriltag config: camera=/drone/bottom, image=/drone/bottom/image_raw, tags=/drone/bottom/tags, bridge=/landing_tag_state, standalone=true, use_target_id=true, target_id=0
[INFO] [rviz2-1]: process started with pid [2616523]
[INFO] [gzserver-2]: process started with pid [2616525]
[INFO] [robot_state_publisher-3]: process started with pid [2616527]
[INFO] [joint_state_publisher-4]: process started with pid [2616529]
[INFO] [spawn_drone-5]: process started with pid [2616531]
[INFO] [static_transform_publisher-6]: process started with pid [2616533]
[INFO] [joy_node-7]: process started with pid [2616535]
[INFO] [teleop_joystick-8]: process started with pid [2616537]
[INFO] [apriltag_detector_node-9]: process started with pid [2616539]
[INFO] [apriltag_state_bridge-10]: process started with pid [2616541]
[static_transform_publisher-6] [WARN] [1773122313.597936121] []: Old-style arguments are deprecated; see --help for new-style arguments
[static_transform_publisher-6] [INFO] [1773122313.604117940] [static_transform_publisher_DpKBySBenqDYy6tN]: Spinning until stopped - publishing transform
[static_transform_publisher-6] translation: ('0.000000', '0.000000', '0.000000')
[static_transform_publisher-6] rotation: ('0.000000', '0.000000', '0.000000', '1.000000')
[static_transform_publisher-6] from 'world' to '/drone/odom'
[robot_state_publisher-3] [INFO] [1773122313.619074406] [drone.robot_state_publisher]: got segment base_footprint
[robot_state_publisher-3] [INFO] [1773122313.619141255] [drone.robot_state_publisher]: got segment base_link
[robot_state_publisher-3] [INFO] [1773122313.619146896] [drone.robot_state_publisher]: got segment bottom_cam_link
[robot_state_publisher-3] [INFO] [1773122313.619150014] [drone.robot_state_publisher]: got segment front_cam_link
[robot_state_publisher-3] [INFO] [1773122313.619152836] [drone.robot_state_publisher]: got segment sonar_link
[apriltag_detector_node-9] [INFO] [1773122313.631917985] [apriltag_detector_node]: tag detector type: umich
[rviz2-1] 
[rviz2-1] (rviz2:2616523): dbind-WARNING **: 14:58:33.636: Couldn't connect to accessibility bus: Failed to connect to socket /root/.cache/at-spi/bus_0: 허가 거부
[teleop_joystick-8] Traceback (most recent call last):
[teleop_joystick-8]   File "/home/j/INCSL/IICC26_ws/install/sjtu_drone_control/lib/sjtu_drone_control/teleop_joystick", line 33, in <module>
[teleop_joystick-8]     sys.exit(load_entry_point('sjtu_drone_control==0.0.0', 'console_scripts', 'teleop_joystick')())
[teleop_joystick-8]   File "/home/j/INCSL/IICC26_ws/install/sjtu_drone_control/lib/sjtu_drone_control/teleop_joystick", line 22, in importlib_load_entry_point
[teleop_joystick-8]     for entry_point in distribution(dist_name).entry_points
[teleop_joystick-8]   File "/usr/lib/python3.10/importlib/metadata/__init__.py", line 969, in distribution
[teleop_joystick-8]     return Distribution.from_name(distribution_name)
[teleop_joystick-8]   File "/usr/lib/python3.10/importlib/metadata/__init__.py", line 548, in from_name
[teleop_joystick-8]     raise PackageNotFoundError(name)
[teleop_joystick-8] importlib.metadata.PackageNotFoundError: No package metadata was found for sjtu_drone_control
[ERROR] [teleop_joystick-8]: process has died [pid 2616537, exit code 1, cmd '/home/j/INCSL/IICC26_ws/install/sjtu_drone_control/lib/sjtu_drone_control/teleop_joystick --ros-args -r __ns:=/drone'].
[gzserver-2] Gazebo multi-robot simulator, version 11.10.2
[gzserver-2] Copyright (C) 2012 Open Source Robotics Foundation.
[gzserver-2] Released under the Apache 2 License.
[gzserver-2] http://gazebosim.org
[gzserver-2] 
[apriltag_state_bridge-10] [INFO] [1773122313.859698067] [apriltag_state_bridge]: AprilTag bridge started: /drone/bottom/tags -> /landing_tag_state, use_target_id=True, target_id=0
[joint_state_publisher-4] [INFO] [1773122313.875919777] [drone.joint_state_publisher]: Waiting for robot_description to be published on the robot_description topic...
[gzserver-2] [1;33m[Wrn] [gazebo_ros_init.cpp:178] [0m[1;33m
[gzserver-2] #     # ####### ####### ###  #####  #######
[gzserver-2] ##    # #     #    #     #  #     # #
[gzserver-2] # #   # #     #    #     #  #       #
[gzserver-2] #  #  # #     #    #     #  #       #####
[gzserver-2] #   # # #     #    #     #  #       #
[gzserver-2] #    ## #     #    #     #  #     # #
[gzserver-2] #     # #######    #    ###  #####  #######
[gzserver-2] 
[gzserver-2] This version of Gazebo, now called Gazebo classic, reaches end-of-life
[gzserver-2] in January 2025. Users are highly encouraged to migrate to the new Gazebo
[gzserver-2] using our migration guides (https://gazebosim.org/docs/latest/gazebo_classic_migration?utm_source=gazebo_ros_pkgs&utm_medium=cli)
[gzserver-2] 
[gzserver-2] [0m[1;33m
[rviz2-1] [INFO] [1773122314.402154619] [rviz2]: Stereo is NOT SUPPORTED
[rviz2-1] [INFO] [1773122314.402247891] [rviz2]: OpenGl version: 4.6 (GLSL 4.6)
[rviz2-1] [INFO] [1773122314.496640430] [rviz2]: Stereo is NOT SUPPORTED
[rviz2-1] [INFO] [1773122314.588132162] [rviz2]: Stereo is NOT SUPPORTED
[gzserver-2] [1;32m[Msg] [0m[1;32mWaiting for master.[0m[1;32m
[gzserver-2] [0m[1;32m[0m[1;32m[0m[1;32m[Msg] [0m[1;32mConnected to gazebo master @ [0m[1;32mhttp://127.0.0.1:11345[0m[1;32m
[gzserver-2] [0m[1;32m[0m[1;32m[0m[1;32m[Msg] [0m[1;32mPublicized address: [0m[1;32m172.16.52.147[0m[1;32m
[gzserver-2] [0m[1;32m[0m[1;32m[0m[1;32m[Msg] [0m[1;32mLoading world file [[0m[1;32m/home/j/INCSL/IICC26_ws/install/sjtu_drone_description/share/sjtu_drone_description/worlds/landingPad.world[0m[1;32m][0m[1;32m
[gzserver-2] [0m[1;32m[0m[1;32m[0m[1;36m[Dbg] [wind_plugin.cpp:96] [0m[1;36mWindPlugin loaded: speed=[0m[1;36m0[0m[1;36m dir=[0m[1;36m0[0m[1;36m deg area=[0m[1;36m0.1[0m[1;36m coeff=[0m[1;36m1[0m[1;36m
[gzserver-2] [0m[1;33m[0m[1;33m[0m[1;31m[Err] [Sensor.cc:510] [0m[1;31mGet noise index not valid[0m[1;31m
[gzserver-2] [0m[1;31m[0m[1;31m[0m[1;31m[Err] [Sensor.cc:510] [0m[1;31mGet noise index not valid[0m[1;31m
[gzserver-2] [0m[1;31m[0m[1;31m[0m[1;31m[Err] [Sensor.cc:510] [0m[1;31mGet noise index not valid[0m[1;31m
[gzserver-2] [0m[1;31m[0m[1;31m[0m[1;31m[Err] [Sensor.cc:510] [0m[1;31mGet noise index not valid[0m[1;31m
[gzserver-2] [0m[1;31m[0m[1;31m[0m[1;31m[Err] [Sensor.cc:510] [0m[1;31mGet noise index not valid[0m[1;31m
[gzserver-2] [0m[1;31m[0m[1;31m[0m[1;31m[Err] [Sensor.cc:510] [0m[1;31mGet noise index not valid[0m[1;31m
[gzserver-2] [0m[1;31m[0m[1;31m[0mTopic [default//drone/base_footprint/down_camera/image] is not valid.
[gzserver-2] Topic [default//drone/base_footprint/front_camera/image] is not valid.
[gzserver-2] [INFO] [1773122315.044265566] [drone.collision_plugin]: Publishing contact states to [/drone/bumper_states]
[gzserver-2] [1;33m[Wrn] [Event.cc:61] [0m[1;33mWarning: Deleting a connection right after creation. [0m[1;33mMake sure to save the ConnectionPtr from a Connect call
[gzserver-2] [0m[INFO] [1773122315.604377770] [drone.camera_bottom]: Publishing camera info to [/drone/bottom/camera_info]
[gzserver-2] [INFO] [1773122315.608865649] [drone.camera_front]: Publishing camera info to [/drone/front/camera_info]
[spawn_drone-5] [INFO] [1773122315.618038182] [spawn_drone]: Result True SpawnEntity: Successfully spawned entity [/drone]
[gzserver-2] [INFO] [1773122315.730918317] [drone.simple_drone]: The drone plugin is loading!
[gzserver-2] [INFO] [1773122315.731137394] [drone.simple_drone]: pub_odom: 1
[gzserver-2] [INFO] [1773122315.731172326] [drone.simple_drone]: Using following parameters: 
[gzserver-2] 		link_name: base_footprint,
[gzserver-2] 		max_force: 30,
[gzserver-2] 		motion_small_noise: 0,
[gzserver-2] 		motion_drift_noise: 0,
[gzserver-2] 		motion_drift_noise_time: 50,
[gzserver-2] 		takeoff_hover_height: 1.93,
[gzserver-2] 		takeoff_vertical_speed: 0.2
[gzserver-2] [INFO] [1773122315.743520710] [drone.simple_drone]: Using the PID parameters: 
[gzserver-2] 	Roll Pitch:
[gzserver-2] 		kP: 10, kI: 0,kD: 5, Limit: 0.5, Time Constant: 0
[gzserver-2] 	Yaw:
[gzserver-2] 		kP: 2, kI: 0,kD: 1, Limit: 1.5, Time Constant: 0
[gzserver-2] 	Velocity X:
[gzserver-2] 		kP: 5, kI: 0,kD: 2.3, Limit: 2, Time Constant: 0
[gzserver-2] 	Velocity Y:
[gzserver-2] 		kP: 5, kI: 0,kD: 2.3, Limit: 2, Time Constant: 0
[gzserver-2] 	Velocity Z:
[gzserver-2] 		kP: 5, kI: 0,kD: 1, Limit: -1, Time Constant: 0
[gzserver-2] 	Position XY:
[gzserver-2] 		kP: 1.1, kI: 0,kD: 0, Limit: 5, Time Constant: 0
[gzserver-2] 	Position Z:
[gzserver-2] 		kP: 1, kI: 0,kD: 0.2, Limit: -1, Time Constant: 0
[gzserver-2] [INFO] [1773122315.743660744] [drone.simple_drone]: The drone plugin finished loading!
[INFO] [spawn_drone-5]: process has finished cleanly [pid 2616531]
[gzserver-2] [INFO] [1773122322.955488278] [gazebo_wind_plugin_node]: WindPlugin: set wind_speed=0.00 wind_direction=0.0
[gzserver-2] [INFO] [1773122323.222608030] [gazebo_wind_plugin_node]: WindPlugin: set wind_speed=0.00 wind_direction=0.0
[gzserver-2] [INFO] [1773122323.255269292] [drone.simple_drone]: Quadrotor takes off!!
[gzserver-2] [INFO] [1773122323.456646866] [gazebo_wind_plugin_node]: WindPlugin: set wind_speed=0.00 wind_direction=0.0
[gzserver-2] [INFO] [1773122323.697964743] [gazebo_wind_plugin_node]: WindPlugin: set wind_speed=0.00 wind_direction=0.0
[gzserver-2] [INFO] [1773122323.937443233] [gazebo_wind_plugin_node]: WindPlugin: set wind_speed=0.00 wind_direction=0.0
[gzserver-2] [INFO] [1773122324.176673835] [gazebo_wind_plugin_node]: WindPlugin: set wind_speed=0.00 wind_direction=0.0
[gzserver-2] [INFO] [1773122324.410890863] [gazebo_wind_plugin_node]: WindPlugin: set wind_speed=0.00 wind_direction=0.0
[gzserver-2] [INFO] [1773122324.650612642] [gazebo_wind_plugin_node]: WindPlugin: set wind_speed=0.00 wind_direction=0.0
[gzserver-2] [0m[1;36m[Dbg] [wind_plugin.cpp:110] [0m[1;36mWindPlugin: received command -> speed=[0m[1;36m0[0m[1;36m dir=[0m[1;36m0[0m[1;36m
[gzserver-2] [0m[1;36m[Dbg] [wind_plugin.cpp:110] [0m[1;36mWindPlugin: received command -> speed=[0m[1;36m0[0m[1;36m dir=[0m[1;36m0[0m[1;36m
[gzserver-2] [0m[1;36m[Dbg] [wind_plugin.cpp:110] [0m[1;36mWindPlugin: received command -> speed=[0m[1;36m0[0m[1;36m dir=[0m[1;36m0[0m[1;36m
[gzserver-2] [0m[1;36m[Dbg] [wind_plugin.cpp:110] [0m[1;36mWindPlugin: received command -> speed=[0m[1;36m0[0m[1;36m dir=[0m[1;36m0[0m[1;36m
[gzserver-2] [0m[1;36m[Dbg] [wind_plugin.cpp:110] [0m[1;36mWindPlugin: received command -> speed=[0m[1;36m0[0m[1;36m dir=[0m[1;36m0[0m[1;36m
[gzserver-2] [0m[1;36m[Dbg] [wind_plugin.cpp:110] [0m[1;36mWindPlugin: received command -> speed=[0m[1;36m0[0m[1;36m dir=[0m[1;36m0[0m[1;36m
[gzserver-2] [0m[1;36m[Dbg] [wind_plugin.cpp:110] [0m[1;36mWindPlugin: received command -> speed=[0m[1;36m0[0m[1;36m dir=[0m[1;36m0[0m[1;36m
[gzserver-2] [0m[1;36m[Dbg] [wind_plugin.cpp:110] [0m[1;36mWindPlugin: received command -> speed=[0m[1;36m0[0m[1;36m dir=[0m[1;36m0[0m[1;36m
[gzserver-2] [0mEntering flying model!
[gzserver-2] [INFO] [1773122324.889381837] [gazebo_wind_plugin_node]: WindPlugin: set wind_speed=0.00 wind_direction=0.0
[gzserver-2] [INFO] [1773122325.123490755] [gazebo_wind_plugin_node]: WindPlugin: set wind_speed=2.81 wind_direction=-88.8
[gzserver-2] [INFO] [1773122325.362796665] [gazebo_wind_plugin_node]: WindPlugin: set wind_speed=2.81 wind_direction=-88.8
[gzserver-2] [INFO] [1773122325.596673293] [gazebo_wind_plugin_node]: WindPlugin: set wind_speed=2.94 wind_direction=-87.5
[gzserver-2] [INFO] [1773122325.836017438] [gazebo_wind_plugin_node]: WindPlugin: set wind_speed=2.94 wind_direction=-87.5
[gzserver-2] [INFO] [1773122326.077382801] [gazebo_wind_plugin_node]: WindPlugin: set wind_speed=2.94 wind_direction=-87.5
[gzserver-2] [INFO] [1773122326.339616763] [gazebo_wind_plugin_node]: WindPlugin: set wind_speed=2.94 wind_direction=-87.5
[gzserver-2] [INFO] [1773122326.577568341] [gazebo_wind_plugin_node]: WindPlugin: set wind_speed=3.02 wind_direction=-90.4
[gzserver-2] [INFO] [1773122326.812067393] [gazebo_wind_plugin_node]: WindPlugin: set wind_speed=3.02 wind_direction=-90.4
[gzserver-2] [INFO] [1773122327.052008177] [gazebo_wind_plugin_node]: WindPlugin: set wind_speed=3.02 wind_direction=-90.4
[gzserver-2] [INFO] [1773122327.291433309] [gazebo_wind_plugin_node]: WindPlugin: set wind_speed=3.02 wind_direction=-90.4
[gzserver-2] [INFO] [1773122327.526008977] [gazebo_wind_plugin_node]: WindPlugin: set wind_speed=3.06 wind_direction=-88.4
[gzserver-2] [INFO] [1773122327.765357793] [gazebo_wind_plugin_node]: WindPlugin: set wind_speed=3.06 wind_direction=-88.4
[gzserver-2] [INFO] [1773122328.001864379] [gazebo_wind_plugin_node]: WindPlugin: set wind_speed=3.06 wind_direction=-88.4
[gzserver-2] [INFO] [1773122328.039974082] [drone.simple_drone]: Quadrotor lands!!
[gzserver-2] [INFO] [1773122328.241327756] [gazebo_wind_plugin_node]: WindPlugin: set wind_speed=3.06 wind_direction=-88.4
[gzserver-2] [INFO] [1773122328.475929030] [gazebo_wind_plugin_node]: WindPlugin: set wind_speed=2.99 wind_direction=-89.4
[gzserver-2] [INFO] [1773122328.709940087] [gazebo_wind_plugin_node]: WindPlugin: set wind_speed=2.99 wind_direction=-89.4
[gzserver-2] [INFO] [1773122328.949376888] [gazebo_wind_plugin_node]: WindPlugin: set wind_speed=2.99 wind_direction=-89.4
[gzserver-2] [1;36m[Dbg] [wind_plugin.cpp:110] [0m[1;36mWindPlugin: received command -> speed=[0m[1;36m0[0m[1;36m dir=[0m[1;36m0[0m[1;36m
[gzserver-2] [0m[1;36m[Dbg] [wind_plugin.cpp:110] [0m[1;36mWindPlugin: received command -> speed=[0m[1;36m2.80913[0m[1;36m dir=[0m[1;36m-88.8401[0m[1;36m
[gzserver-2] [0m[1;36m[Dbg] [wind_plugin.cpp:110] [0m[1;36mWindPlugin: received command -> speed=[0m[1;36m2.80913[0m[1;36m dir=[0m[1;36m-88.8401[0m[1;36m
[gzserver-2] [0m[1;36m[Dbg] [wind_plugin.cpp:110] [0m[1;36mWindPlugin: received command -> speed=[0m[1;36m2.93546[0m[1;36m dir=[0m[1;36m-87.5028[0m[1;36m
[gzserver-2] [0m[1;36m[Dbg] [wind_plugin.cpp:110] [0m[1;36mWindPlugin: received command -> speed=[0m[1;36m2.93546[0m[1;36m dir=[0m[1;36m-87.5028[0m[1;36m
[gzserver-2] [0m[1;36m[Dbg] [wind_plugin.cpp:110] [0m[1;36mWindPlugin: received command -> speed=[0m[1;36m2.93546[0m[1;36m dir=[0m[1;36m-87.5028[0m[1;36m
[gzserver-2] [0m[1;36m[Dbg] [wind_plugin.cpp:110] [0m[1;36mWindPlugin: received command -> speed=[0m[1;36m2.93546[0m[1;36m dir=[0m[1;36m-87.5028[0m[1;36m
[gzserver-2] [0m[1;36m[Dbg] [wind_plugin.cpp:110] [0m[1;36mWindPlugin: received command -> speed=[0m[1;36m3.01617[0m[1;36m dir=[0m[1;36m-90.397[0m[1;36m
[gzserver-2] [0m[1;36m[Dbg] [wind_plugin.cpp:110] [0m[1;36mWindPlugin: received command -> speed=[0m[1;36m3.01617[0m[1;36m dir=[0m[1;36m-90.397[0m[1;36m
[gzserver-2] [0m[1;36m[Dbg] [wind_plugin.cpp:110] [0m[1;36mWindPlugin: received command -> speed=[0m[1;36m3.01617[0m[1;36m dir=[0m[1;36m-90.397[0m[1;36m
[gzserver-2] [0m[1;36m[Dbg] [wind_plugin.cpp:110] [0m[1;36mWindPlugin: received command -> speed=[0m[1;36m3.01617[0m[1;36m dir=[0m[1;36m-90.397[0m[1;36m
[gzserver-2] [0m[1;36m[Dbg] [wind_plugin.cpp:110] [0m[1;36mWindPlugin: received command -> speed=[0m[1;36m3.06043[0m[1;36m dir=[0m[1;36m-88.4173[0m[1;36m
[gzserver-2] [0m[1;36m[Dbg] [wind_plugin.cpp:110] [0m[1;36mWindPlugin: received command -> speed=[0m[1;36m3.06043[0m[1;36m dir=[0m[1;36m-88.4173[0m[1;36m
[gzserver-2] [0m[1;36m[Dbg] [wind_plugin.cpp:110] [0m[1;36mWindPlugin: received command -> speed=[0m[1;36m3.06043[0m[1;36m dir=[0m[1;36m-88.4173[0m[1;36m
[gzserver-2] [0m[1;36m[Dbg] [wind_plugin.cpp:110] [0m[1;36mWindPlugin: received command -> speed=[0m[1;36m3.06043[0m[1;36m dir=[0m[1;36m-88.4173[0m[1;36m
[gzserver-2] [0m[1;36m[Dbg] [wind_plugin.cpp:110] [0m[1;36mWindPlugin: received command -> speed=[0m[1;36m2.99133[0m[1;36m dir=[0m[1;36m-89.4076[0m[1;36m
[gzserver-2] [0m[1;36m[Dbg] [wind_plugin.cpp:110] [0m[1;36mWindPlugin: received command -> speed=[0m[1;36m2.99133[0m[1;36m dir=[0m[1;36m-89.4076[0m[1;36m
[gzserver-2] [0m[1;36m[Dbg] [wind_plugin.cpp:110] [0m[1;36mWindPlugin: received command -> speed=[0m[1;36m2.99133[0m[1;36m dir=[0m[1;36m-89.4076[0m[1;36m
[gzserver-2] [0mLanded!
[gzserver-2] [INFO] [1773122329.184140810] [gazebo_wind_plugin_node]: WindPlugin: set wind_speed=2.99 wind_direction=-89.4
[gzserver-2] [INFO] [1773122329.413669204] [gazebo_wind_plugin_node]: WindPlugin: set wind_speed=2.99 wind_direction=-89.4
[gzserver-2] [INFO] [1773122329.648354084] [gazebo_wind_plugin_node]: WindPlugin: set wind_speed=2.99 wind_direction=-88.5
[gzserver-2] [INFO] [1773122329.888484775] [gazebo_wind_plugin_node]: WindPlugin: set wind_speed=2.99 wind_direction=-88.5
[gzserver-2] [INFO] [1773122330.117642729] [gazebo_wind_plugin_node]: WindPlugin: set wind_speed=2.99 wind_direction=-88.5
[gzserver-2] [INFO] [1773122330.351826070] [gazebo_wind_plugin_node]: WindPlugin: set wind_speed=2.99 wind_direction=-88.5
[gzserver-2] [INFO] [1773122330.589150141] [gazebo_wind_plugin_node]: WindPlugin: set wind_speed=2.95 wind_direction=-87.0
[gzserver-2] [INFO] [1773122330.823861568] [gazebo_wind_plugin_node]: WindPlugin: set wind_speed=2.95 wind_direction=-87.0
