[INFO] [launch]: All log files can be found below /home/j/.ros/log/2026-03-11-01-42-54-235557-j-2923742
[INFO] [launch]: Default logging verbosity is set to INFO
[INFO] [launch.user]: [bringup] Apriltag config: camera=/drone/bottom, image=/drone/bottom/image_raw, tags=/drone/bottom/tags, bridge=/landing_tag_state, standalone=true, use_target_id=true, target_id=0
[INFO] [rviz2-1]: process started with pid [2923745]
[INFO] [gzserver-2]: process started with pid [2923747]
[INFO] [robot_state_publisher-3]: process started with pid [2923749]
[INFO] [joint_state_publisher-4]: process started with pid [2923751]
[INFO] [spawn_drone-5]: process started with pid [2923753]
[INFO] [static_transform_publisher-6]: process started with pid [2923755]
[INFO] [joy_node-7]: process started with pid [2923757]
[INFO] [teleop_joystick-8]: process started with pid [2923759]
[INFO] [apriltag_detector_node-9]: process started with pid [2923761]
[INFO] [apriltag_state_bridge-10]: process started with pid [2923764]
[static_transform_publisher-6] [WARN] [1773160974.710952287] []: Old-style arguments are deprecated; see --help for new-style arguments
[static_transform_publisher-6] [INFO] [1773160974.719772954] [static_transform_publisher_nkIb03MuGXIj5GpP]: Spinning until stopped - publishing transform
[static_transform_publisher-6] translation: ('0.000000', '0.000000', '0.000000')
[static_transform_publisher-6] rotation: ('0.000000', '0.000000', '0.000000', '1.000000')
[static_transform_publisher-6] from 'world' to '/drone/odom'
[robot_state_publisher-3] [INFO] [1773160974.734627082] [drone.robot_state_publisher]: got segment base_footprint
[robot_state_publisher-3] [INFO] [1773160974.734689630] [drone.robot_state_publisher]: got segment base_link
[robot_state_publisher-3] [INFO] [1773160974.734695158] [drone.robot_state_publisher]: got segment bottom_cam_link
[robot_state_publisher-3] [INFO] [1773160974.734698452] [drone.robot_state_publisher]: got segment front_cam_link
[robot_state_publisher-3] [INFO] [1773160974.734701187] [drone.robot_state_publisher]: got segment sonar_link
[rviz2-1] 
[rviz2-1] (rviz2:2923745): dbind-WARNING **: 01:42:54.753: Couldn't connect to accessibility bus: Failed to connect to socket /root/.cache/at-spi/bus_0: 허가 거부
[teleop_joystick-8] Traceback (most recent call last):
[teleop_joystick-8]   File "/home/j/INCSL/IICC26_ws/install/sjtu_drone_control/lib/sjtu_drone_control/teleop_joystick", line 33, in <module>
[teleop_joystick-8]     sys.exit(load_entry_point('sjtu_drone_control==0.0.0', 'console_scripts', 'teleop_joystick')())
[teleop_joystick-8]   File "/home/j/INCSL/IICC26_ws/install/sjtu_drone_control/lib/sjtu_drone_control/teleop_joystick", line 22, in importlib_load_entry_point
[teleop_joystick-8]     for entry_point in distribution(dist_name).entry_points
[teleop_joystick-8]   File "/usr/lib/python3.10/importlib/metadata/__init__.py", line 969, in distribution
[teleop_joystick-8]     return Distribution.from_name(distribution_name)
[teleop_joystick-8]   File "/usr/lib/python3.10/importlib/metadata/__init__.py", line 548, in from_name
[teleop_joystick-8]     raise PackageNotFoundError(name)
[teleop_joystick-8] importlib.metadata.PackageNotFoundError: No package metadata was found for sjtu_drone_control
[apriltag_detector_node-9] [INFO] [1773160974.765544587] [apriltag_detector_node]: tag detector type: umich
[ERROR] [teleop_joystick-8]: process has died [pid 2923759, exit code 1, cmd '/home/j/INCSL/IICC26_ws/install/sjtu_drone_control/lib/sjtu_drone_control/teleop_joystick --ros-args -r __ns:=/drone'].
[gzserver-2] Gazebo multi-robot simulator, version 11.10.2
[gzserver-2] Copyright (C) 2012 Open Source Robotics Foundation.
[gzserver-2] Released under the Apache 2 License.
[gzserver-2] http://gazebosim.org
[gzserver-2] 
[apriltag_state_bridge-10] [INFO] [1773160974.952960926] [apriltag_state_bridge]: AprilTag bridge started: /drone/bottom/tags -> /landing_tag_state, use_target_id=True, target_id=0
[joint_state_publisher-4] [INFO] [1773160974.960493680] [drone.joint_state_publisher]: Waiting for robot_description to be published on the robot_description topic...
[gzserver-2] [1;33m[Wrn] [gazebo_ros_init.cpp:178] [0m[1;33m
[gzserver-2] #     # ####### ####### ###  #####  #######
[gzserver-2] ##    # #     #    #     #  #     # #
[gzserver-2] # #   # #     #    #     #  #       #
[gzserver-2] #  #  # #     #    #     #  #       #####
[gzserver-2] #   # # #     #    #     #  #       #
[gzserver-2] #    ## #     #    #     #  #     # #
[gzserver-2] #     # #######    #    ###  #####  #######
[gzserver-2] 
[gzserver-2] This version of Gazebo, now called Gazebo classic, reaches end-of-life
[gzserver-2] in January 2025. Users are highly encouraged to migrate to the new Gazebo
[gzserver-2] using our migration guides (https://gazebosim.org/docs/latest/gazebo_classic_migration?utm_source=gazebo_ros_pkgs&utm_medium=cli)
[gzserver-2] 
[gzserver-2] [0m[1;33m
[rviz2-1] [INFO] [1773160975.571741525] [rviz2]: Stereo is NOT SUPPORTED
[rviz2-1] [INFO] [1773160975.571838260] [rviz2]: OpenGl version: 4.6 (GLSL 4.6)
[rviz2-1] [INFO] [1773160975.651304430] [rviz2]: Stereo is NOT SUPPORTED
[rviz2-1] [INFO] [1773160975.743304097] [rviz2]: Stereo is NOT SUPPORTED
[gzserver-2] [1;32m[Msg] [0m[1;32mWaiting for master.[0m[1;32m
[gzserver-2] [0m[1;32m[0m[1;32m[0m[1;32m[Msg] [0m[1;32mConnected to gazebo master @ [0m[1;32mhttp://127.0.0.1:11345[0m[1;32m
[gzserver-2] [0m[1;32m[0m[1;32m[0m[1;32m[Msg] [0m[1;32mPublicized address: [0m[1;32m192.168.0.11[0m[1;32m
[gzserver-2] [0m[1;32m[0m[1;32m[0m[1;32m[Msg] [0m[1;32mLoading world file [[0m[1;32m/home/j/INCSL/IICC26_ws/install/sjtu_drone_description/share/sjtu_drone_description/worlds/landingPad.world[0m[1;32m][0m[1;32m
[gzserver-2] [0m[1;32m[0m[1;32m[0m[1;36m[Dbg] [wind_plugin.cpp:96] [0m[1;36mWindPlugin loaded: speed=[0m[1;36m0[0m[1;36m dir=[0m[1;36m0[0m[1;36m deg area=[0m[1;36m0.1[0m[1;36m coeff=[0m[1;36m1[0m[1;36m
[gzserver-2] [0m[1;33m[0m[1;33m[0m[1;31m[Err] [Sensor.cc:510] [0m[1;31mGet noise index not valid[0m[1;31m
[gzserver-2] [0m[1;31m[0m[1;31m[0m[1;31m[Err] [Sensor.cc:510] [0m[1;31mGet noise index not valid[0m[1;31m
[gzserver-2] [0m[1;31m[0m[1;31m[0m[1;31m[Err] [Sensor.cc:510] [0m[1;31mGet noise index not valid[0m[1;31m
[gzserver-2] [0m[1;31m[0m[1;31m[0m[1;31m[Err] [Sensor.cc:510] [0m[1;31mGet noise index not valid[0m[1;31m
[gzserver-2] [0m[1;31m[0m[1;31m[0m[1;31m[Err] [Sensor.cc:510] [0m[1;31mGet noise index not valid[0m[1;31m
[gzserver-2] [0m[1;31m[0m[1;31m[0m[1;31m[Err] [Sensor.cc:510] [0m[1;31mGet noise index not valid[0m[1;31m
[gzserver-2] [0m[1;31m[0m[1;31m[0mTopic [default//drone/base_footprint/down_camera/image] is not valid.
[gzserver-2] Topic [default//drone/base_footprint/front_camera/image] is not valid.
[gzserver-2] [INFO] [1773160976.172265127] [drone.collision_plugin]: Publishing contact states to [/drone/bumper_states]
[gzserver-2] [1;33m[Wrn] [Event.cc:61] [0m[1;33mWarning: Deleting a connection right after creation. [0m[1;33mMake sure to save the ConnectionPtr from a Connect call
[gzserver-2] [0m[INFO] [1773160976.731974538] [drone.camera_bottom]: Publishing camera info to [/drone/bottom/camera_info]
[gzserver-2] [INFO] [1773160976.736456921] [drone.camera_front]: Publishing camera info to [/drone/front/camera_info]
[spawn_drone-5] [INFO] [1773160976.745479200] [spawn_drone]: Result True SpawnEntity: Successfully spawned entity [/drone]
[gzserver-2] [INFO] [1773160976.860152538] [drone.simple_drone]: The drone plugin is loading!
[gzserver-2] [INFO] [1773160976.860353625] [drone.simple_drone]: pub_odom: 1
[gzserver-2] [INFO] [1773160976.860390359] [drone.simple_drone]: Using following parameters: 
[gzserver-2] 		link_name: base_footprint,
[gzserver-2] 		max_force: 30,
[gzserver-2] 		motion_small_noise: 0,
[gzserver-2] 		motion_drift_noise: 0,
[gzserver-2] 		motion_drift_noise_time: 50,
[gzserver-2] 		takeoff_hover_height: 1.65,
[gzserver-2] 		takeoff_vertical_speed: 0.2
[gzserver-2] [INFO] [1773160976.872051779] [drone.simple_drone]: Using the PID parameters: 
[gzserver-2] 	Roll Pitch:
[gzserver-2] 		kP: 10, kI: 0,kD: 5, Limit: 0.5, Time Constant: 0
[gzserver-2] 	Yaw:
[gzserver-2] 		kP: 2, kI: 0,kD: 1, Limit: 1.5, Time Constant: 0
[gzserver-2] 	Velocity X:
[gzserver-2] 		kP: 5, kI: 0,kD: 2.3, Limit: 2, Time Constant: 0
[gzserver-2] 	Velocity Y:
[gzserver-2] 		kP: 5, kI: 0,kD: 2.3, Limit: 2, Time Constant: 0
[gzserver-2] 	Velocity Z:
[gzserver-2] 		kP: 5, kI: 0,kD: 1, Limit: -1, Time Constant: 0
[gzserver-2] 	Position XY:
[gzserver-2] 		kP: 1.1, kI: 0,kD: 0, Limit: 5, Time Constant: 0
[gzserver-2] 	Position Z:
[gzserver-2] 		kP: 1, kI: 0,kD: 0.2, Limit: -1, Time Constant: 0
[gzserver-2] [INFO] [1773160976.872192346] [drone.simple_drone]: The drone plugin finished loading!
[INFO] [spawn_drone-5]: process has finished cleanly [pid 2923753]
[gzserver-2] [INFO] [1773160984.070657464] [gazebo_wind_plugin_node]: WindPlugin: set wind_speed=0.00 wind_direction=0.0
[gzserver-2] [INFO] [1773160984.338553885] [gazebo_wind_plugin_node]: WindPlugin: set wind_speed=0.00 wind_direction=0.0
[gzserver-2] [INFO] [1773160984.376874575] [drone.simple_drone]: Quadrotor takes off!!
[gzserver-2] [INFO] [1773160984.578219148] [gazebo_wind_plugin_node]: WindPlugin: set wind_speed=0.00 wind_direction=0.0
[gzserver-2] [INFO] [1773160984.813987297] [gazebo_wind_plugin_node]: WindPlugin: set wind_speed=0.00 wind_direction=0.0
[gzserver-2] [INFO] [1773160985.048590676] [gazebo_wind_plugin_node]: WindPlugin: set wind_speed=0.00 wind_direction=0.0
[gzserver-2] [INFO] [1773160985.287782937] [gazebo_wind_plugin_node]: WindPlugin: set wind_speed=0.00 wind_direction=0.0
[gzserver-2] [INFO] [1773160985.522825033] [gazebo_wind_plugin_node]: WindPlugin: set wind_speed=0.00 wind_direction=0.0
[gzserver-2] [0m[1;36m[Dbg] [wind_plugin.cpp:110] [0m[1;36mWindPlugin: received command -> speed=[0m[1;36m0[0m[1;36m dir=[0m[1;36m0[0m[1;36m
[gzserver-2] [0m[1;36m[Dbg] [wind_plugin.cpp:110] [0m[1;36mWindPlugin: received command -> speed=[0m[1;36m0[0m[1;36m dir=[0m[1;36m0[0m[1;36m
[gzserver-2] [0m[1;36m[Dbg] [wind_plugin.cpp:110] [0m[1;36mWindPlugin: received command -> speed=[0m[1;36m0[0m[1;36m dir=[0m[1;36m0[0m[1;36m
[gzserver-2] [0m[1;36m[Dbg] [wind_plugin.cpp:110] [0m[1;36mWindPlugin: received command -> speed=[0m[1;36m0[0m[1;36m dir=[0m[1;36m0[0m[1;36m
[gzserver-2] [0m[1;36m[Dbg] [wind_plugin.cpp:110] [0m[1;36mWindPlugin: received command -> speed=[0m[1;36m0[0m[1;36m dir=[0m[1;36m0[0m[1;36m
[gzserver-2] [0m[1;36m[Dbg] [wind_plugin.cpp:110] [0m[1;36mWindPlugin: received command -> speed=[0m[1;36m0[0m[1;36m dir=[0m[1;36m0[0m[1;36m
[gzserver-2] [0m[1;36m[Dbg] [wind_plugin.cpp:110] [0m[1;36mWindPlugin: received command -> speed=[0m[1;36m0[0m[1;36m dir=[0m[1;36m0[0m[1;36m
[gzserver-2] [0mEntering flying model!
[gzserver-2] [INFO] [1773160985.762891674] [gazebo_wind_plugin_node]: WindPlugin: set wind_speed=0.00 wind_direction=0.0
[gzserver-2] [INFO] [1773160986.002434416] [gazebo_wind_plugin_node]: WindPlugin: set wind_speed=1.41 wind_direction=-113.4
[gzserver-2] [INFO] [1773160986.241814720] [gazebo_wind_plugin_node]: WindPlugin: set wind_speed=1.41 wind_direction=-113.4
[gzserver-2] [INFO] [1773160986.481338616] [gazebo_wind_plugin_node]: WindPlugin: set wind_speed=1.41 wind_direction=-113.4
[gzserver-2] [INFO] [1773160986.715436412] [gazebo_wind_plugin_node]: WindPlugin: set wind_speed=1.40 wind_direction=-111.0
[gzserver-2] [INFO] [1773160986.952618530] [gazebo_wind_plugin_node]: WindPlugin: set wind_speed=1.40 wind_direction=-111.0
[gzserver-2] [INFO] [1773160987.192271649] [gazebo_wind_plugin_node]: WindPlugin: set wind_speed=1.40 wind_direction=-111.0
[gzserver-2] [INFO] [1773160987.428010784] [gazebo_wind_plugin_node]: WindPlugin: set wind_speed=1.40 wind_direction=-111.0
[gzserver-2] [INFO] [1773160987.662586038] [gazebo_wind_plugin_node]: WindPlugin: set wind_speed=1.52 wind_direction=-110.1
[gzserver-2] [INFO] [1773160987.902459508] [gazebo_wind_plugin_node]: WindPlugin: set wind_speed=1.52 wind_direction=-110.1
[gzserver-2] [INFO] [1773160988.142045500] [gazebo_wind_plugin_node]: WindPlugin: set wind_speed=1.52 wind_direction=-110.1
[gzserver-2] [INFO] [1773160988.381289130] [gazebo_wind_plugin_node]: WindPlugin: set wind_speed=1.52 wind_direction=-110.1
[gzserver-2] [INFO] [1773160988.621053825] [gazebo_wind_plugin_node]: WindPlugin: set wind_speed=1.46 wind_direction=-113.2
[gzserver-2] [INFO] [1773160988.860770155] [gazebo_wind_plugin_node]: WindPlugin: set wind_speed=1.46 wind_direction=-113.2
[gzserver-2] [INFO] [1773160989.100668024] [gazebo_wind_plugin_node]: WindPlugin: set wind_speed=1.46 wind_direction=-113.2
[gzserver-2] [INFO] [1773160989.336244233] [gazebo_wind_plugin_node]: WindPlugin: set wind_speed=1.46 wind_direction=-113.2
[gzserver-2] [INFO] [1773160989.576097442] [gazebo_wind_plugin_node]: WindPlugin: set wind_speed=1.52 wind_direction=-110.1
[gzserver-2] [INFO] [1773160989.811329703] [gazebo_wind_plugin_node]: WindPlugin: set wind_speed=1.52 wind_direction=-110.1
[gzserver-2] [INFO] [1773160990.050518600] [gazebo_wind_plugin_node]: WindPlugin: set wind_speed=1.52 wind_direction=-110.1
[gzserver-2] [INFO] [1773160990.084213976] [drone.simple_drone]: Quadrotor lands!!
[gzserver-2] [INFO] [1773160990.285891204] [gazebo_wind_plugin_node]: WindPlugin: set wind_speed=1.52 wind_direction=-110.1
[gzserver-2] [INFO] [1773160990.520597493] [gazebo_wind_plugin_node]: WindPlugin: set wind_speed=1.52 wind_direction=-110.1
[gzserver-2] [INFO] [1773160990.761243768] [gazebo_wind_plugin_node]: WindPlugin: set wind_speed=1.34 wind_direction=-111.0
[gzserver-2] [INFO] [1773160991.001916647] [gazebo_wind_plugin_node]: WindPlugin: set wind_speed=1.34 wind_direction=-111.0
[gzserver-2] [1;36m[Dbg] [wind_plugin.cpp:110] [0m[1;36mWindPlugin: received command -> speed=[0m[1;36m0[0m[1;36m dir=[0m[1;36m0[0m[1;36m
[gzserver-2] [0m[1;36m[Dbg] [wind_plugin.cpp:110] [0m[1;36mWindPlugin: received command -> speed=[0m[1;36m1.41208[0m[1;36m dir=[0m[1;36m-113.41[0m[1;36m
[gzserver-2] [0m[1;36m[Dbg] [wind_plugin.cpp:110] [0m[1;36mWindPlugin: received command -> speed=[0m[1;36m1.41208[0m[1;36m dir=[0m[1;36m-113.41[0m[1;36m
[gzserver-2] [0m[1;36m[Dbg] [wind_plugin.cpp:110] [0m[1;36mWindPlugin: received command -> speed=[0m[1;36m1.41208[0m[1;36m dir=[0m[1;36m-113.41[0m[1;36m
[gzserver-2] [0m[1;36m[Dbg] [wind_plugin.cpp:110] [0m[1;36mWindPlugin: received command -> speed=[0m[1;36m1.39907[0m[1;36m dir=[0m[1;36m-111.012[0m[1;36m
[gzserver-2] [0m[1;36m[Dbg] [wind_plugin.cpp:110] [0m[1;36mWindPlugin: received command -> speed=[0m[1;36m1.39907[0m[1;36m dir=[0m[1;36m-111.012[0m[1;36m
[gzserver-2] [0m[1;36m[Dbg] [wind_plugin.cpp:110] [0m[1;36mWindPlugin: received command -> speed=[0m[1;36m1.39907[0m[1;36m dir=[0m[1;36m-111.012[0m[1;36m
[gzserver-2] [0m[1;36m[Dbg] [wind_plugin.cpp:110] [0m[1;36mWindPlugin: received command -> speed=[0m[1;36m1.39907[0m[1;36m dir=[0m[1;36m-111.012[0m[1;36m
[gzserver-2] [0m[1;36m[Dbg] [wind_plugin.cpp:110] [0m[1;36mWindPlugin: received command -> speed=[0m[1;36m1.5238[0m[1;36m dir=[0m[1;36m-110.075[0m[1;36m
[gzserver-2] [0m[1;36m[Dbg] [wind_plugin.cpp:110] [0m[1;36mWindPlugin: received command -> speed=[0m[1;36m1.5238[0m[1;36m dir=[0m[1;36m-110.075[0m[1;36m
[gzserver-2] [0m[1;36m[Dbg] [wind_plugin.cpp:110] [0m[1;36mWindPlugin: received command -> speed=[0m[1;36m1.5238[0m[1;36m dir=[0m[1;36m-110.075[0m[1;36m
[gzserver-2] [0m[1;36m[Dbg] [wind_plugin.cpp:110] [0m[1;36mWindPlugin: received command -> speed=[0m[1;36m1.5238[0m[1;36m dir=[0m[1;36m-110.075[0m[1;36m
[gzserver-2] [0m[1;36m[Dbg] [wind_plugin.cpp:110] [0m[1;36mWindPlugin: received command -> speed=[0m[1;36m1.46141[0m[1;36m dir=[0m[1;36m-113.177[0m[1;36m
[gzserver-2] [0m[1;36m[Dbg] [wind_plugin.cpp:110] [0m[1;36mWindPlugin: received command -> speed=[0m[1;36m1.46141[0m[1;36m dir=[0m[1;36m-113.177[0m[1;36m
[gzserver-2] [0m[1;36m[Dbg] [wind_plugin.cpp:110] [0m[1;36mWindPlugin: received command -> speed=[0m[1;36m1.46141[0m[1;36m dir=[0m[1;36m-113.177[0m[1;36m
[gzserver-2] [0m[1;36m[Dbg] [wind_plugin.cpp:110] [0m[1;36mWindPlugin: received command -> speed=[0m[1;36m1.46141[0m[1;36m dir=[0m[1;36m-113.177[0m[1;36m
[gzserver-2] [0m[1;36m[Dbg] [wind_plugin.cpp:110] [0m[1;36mWindPlugin: received command -> speed=[0m[1;36m1.51909[0m[1;36m dir=[0m[1;36m-110.051[0m[1;36m
[gzserver-2] [0m[1;36m[Dbg] [wind_plugin.cpp:110] [0m[1;36mWindPlugin: received command -> speed=[0m[1;36m1.51909[0m[1;36m dir=[0m[1;36m-110.051[0m[1;36m
[gzserver-2] [0m[1;36m[Dbg] [wind_plugin.cpp:110] [0m[1;36mWindPlugin: received command -> speed=[0m[1;36m1.51909[0m[1;36m dir=[0m[1;36m-110.051[0m[1;36m
[gzserver-2] [0m[1;36m[Dbg] [wind_plugin.cpp:110] [0m[1;36mWindPlugin: received command -> speed=[0m[1;36m1.51909[0m[1;36m dir=[0m[1;36m-110.051[0m[1;36m
[gzserver-2] [0m[1;36m[Dbg] [wind_plugin.cpp:110] [0m[1;36mWindPlugin: received command -> speed=[0m[1;36m1.51909[0m[1;36m dir=[0m[1;36m-110.051[0m[1;36m
[gzserver-2] [0m[1;36m[Dbg] [wind_plugin.cpp:110] [0m[1;36mWindPlugin: received command -> speed=[0m[1;36m1.33521[0m[1;36m dir=[0m[1;36m-111.031[0m[1;36m
[gzserver-2] [0m[1;36m[Dbg] [wind_plugin.cpp:110] [0m[1;36mWindPlugin: received command -> speed=[0m[1;36m1.33521[0m[1;36m dir=[0m[1;36m-111.031[0m[1;36m
[gzserver-2] [0mLanded!
[gzserver-2] [INFO] [1773160991.240851891] [gazebo_wind_plugin_node]: WindPlugin: set wind_speed=1.34 wind_direction=-111.0
[gzserver-2] [INFO] [1773160991.480332283] [gazebo_wind_plugin_node]: WindPlugin: set wind_speed=1.34 wind_direction=-111.0
[gzserver-2] [INFO] [1773160991.715105988] [gazebo_wind_plugin_node]: WindPlugin: set wind_speed=1.42 wind_direction=-108.6
[gzserver-2] [INFO] [1773160991.944482878] [gazebo_wind_plugin_node]: WindPlugin: set wind_speed=1.42 wind_direction=-108.6
[gzserver-2] [INFO] [1773160992.183529501] [gazebo_wind_plugin_node]: WindPlugin: set wind_speed=1.42 wind_direction=-108.6
[gzserver-2] [INFO] [1773160992.422966888] [gazebo_wind_plugin_node]: WindPlugin: set wind_speed=1.42 wind_direction=-108.6
[gzserver-2] [INFO] [1773160992.651693467] [gazebo_wind_plugin_node]: WindPlugin: set wind_speed=1.47 wind_direction=-110.5
[gzserver-2] [INFO] [1773160992.886223080] [gazebo_wind_plugin_node]: WindPlugin: set wind_speed=1.47 wind_direction=-110.5
