[INFO] [launch]: All log files can be found below /home/j/.ros/log/2026-03-10-01-30-33-174958-j-983027
[INFO] [launch]: Default logging verbosity is set to INFO
[INFO] [launch.user]: [bringup] Apriltag config: camera=/drone/bottom, image=/drone/bottom/image_raw, tags=/drone/bottom/tags, bridge=/landing_tag_state, standalone=true, use_target_id=true, target_id=0
[INFO] [rviz2-1]: process started with pid [983031]
[INFO] [gzserver-2]: process started with pid [983033]
[INFO] [robot_state_publisher-3]: process started with pid [983035]
[INFO] [joint_state_publisher-4]: process started with pid [983037]
[INFO] [spawn_drone-5]: process started with pid [983039]
[INFO] [static_transform_publisher-6]: process started with pid [983041]
[INFO] [joy_node-7]: process started with pid [983043]
[INFO] [teleop_joystick-8]: process started with pid [983045]
[INFO] [apriltag_detector_node-9]: process started with pid [983047]
[INFO] [apriltag_state_bridge-10]: process started with pid [983050]
[static_transform_publisher-6] [WARN] [1773073833.643002256] []: Old-style arguments are deprecated; see --help for new-style arguments
[static_transform_publisher-6] [INFO] [1773073833.649664381] [static_transform_publisher_yUdQ8xb9vHdUSeCL]: Spinning until stopped - publishing transform
[static_transform_publisher-6] translation: ('0.000000', '0.000000', '0.000000')
[static_transform_publisher-6] rotation: ('0.000000', '0.000000', '0.000000', '1.000000')
[static_transform_publisher-6] from 'world' to '/drone/odom'
[robot_state_publisher-3] [INFO] [1773073833.663450137] [drone.robot_state_publisher]: got segment base_footprint
[robot_state_publisher-3] [INFO] [1773073833.663513753] [drone.robot_state_publisher]: got segment base_link
[robot_state_publisher-3] [INFO] [1773073833.663519658] [drone.robot_state_publisher]: got segment bottom_cam_link
[robot_state_publisher-3] [INFO] [1773073833.663523005] [drone.robot_state_publisher]: got segment front_cam_link
[robot_state_publisher-3] [INFO] [1773073833.663525797] [drone.robot_state_publisher]: got segment sonar_link
[rviz2-1] 
[rviz2-1] (rviz2:983031): dbind-WARNING **: 01:30:33.675: Couldn't connect to accessibility bus: Failed to connect to socket /root/.cache/at-spi/bus_0: 허가 거부
[apriltag_detector_node-9] [INFO] [1773073833.676487615] [apriltag_detector_node]: tag detector type: umich
[teleop_joystick-8] Traceback (most recent call last):
[teleop_joystick-8]   File "/home/j/INCSL/IICC26_ws/install/sjtu_drone_control/lib/sjtu_drone_control/teleop_joystick", line 33, in <module>
[teleop_joystick-8]     sys.exit(load_entry_point('sjtu_drone_control==0.0.0', 'console_scripts', 'teleop_joystick')())
[teleop_joystick-8]   File "/home/j/INCSL/IICC26_ws/install/sjtu_drone_control/lib/sjtu_drone_control/teleop_joystick", line 22, in importlib_load_entry_point
[teleop_joystick-8]     for entry_point in distribution(dist_name).entry_points
[teleop_joystick-8]   File "/usr/lib/python3.10/importlib/metadata/__init__.py", line 969, in distribution
[teleop_joystick-8]     return Distribution.from_name(distribution_name)
[teleop_joystick-8]   File "/usr/lib/python3.10/importlib/metadata/__init__.py", line 548, in from_name
[teleop_joystick-8]     raise PackageNotFoundError(name)
[teleop_joystick-8] importlib.metadata.PackageNotFoundError: No package metadata was found for sjtu_drone_control
[ERROR] [teleop_joystick-8]: process has died [pid 983045, exit code 1, cmd '/home/j/INCSL/IICC26_ws/install/sjtu_drone_control/lib/sjtu_drone_control/teleop_joystick --ros-args -r __ns:=/drone'].
[gzserver-2] Gazebo multi-robot simulator, version 11.10.2
[gzserver-2] Copyright (C) 2012 Open Source Robotics Foundation.
[gzserver-2] Released under the Apache 2 License.
[gzserver-2] http://gazebosim.org
[gzserver-2] 
[apriltag_state_bridge-10] [INFO] [1773073833.939764976] [apriltag_state_bridge]: AprilTag bridge started: /drone/bottom/tags -> /landing_tag_state, use_target_id=True, target_id=0
[joint_state_publisher-4] [INFO] [1773073833.978066682] [drone.joint_state_publisher]: Waiting for robot_description to be published on the robot_description topic...
[gzserver-2] [1;33m[Wrn] [gazebo_ros_init.cpp:178] [0m[1;33m
[gzserver-2] #     # ####### ####### ###  #####  #######
[gzserver-2] ##    # #     #    #     #  #     # #
[gzserver-2] # #   # #     #    #     #  #       #
[gzserver-2] #  #  # #     #    #     #  #       #####
[gzserver-2] #   # # #     #    #     #  #       #
[gzserver-2] #    ## #     #    #     #  #     # #
[gzserver-2] #     # #######    #    ###  #####  #######
[gzserver-2] 
[gzserver-2] This version of Gazebo, now called Gazebo classic, reaches end-of-life
[gzserver-2] in January 2025. Users are highly encouraged to migrate to the new Gazebo
[gzserver-2] using our migration guides (https://gazebosim.org/docs/latest/gazebo_classic_migration?utm_source=gazebo_ros_pkgs&utm_medium=cli)
[gzserver-2] 
[gzserver-2] [0m[1;33m
[rviz2-1] [INFO] [1773073834.246410674] [rviz2]: Stereo is NOT SUPPORTED
[rviz2-1] [INFO] [1773073834.246515662] [rviz2]: OpenGl version: 4.6 (GLSL 4.6)
[rviz2-1] [INFO] [1773073834.384492186] [rviz2]: Stereo is NOT SUPPORTED
[rviz2-1] [INFO] [1773073834.510220213] [rviz2]: Stereo is NOT SUPPORTED
[spawn_drone-5] [INFO] [1773073835.019187438] [spawn_drone]: Result False Entity pushed to spawn queue, but spawn service timed outwaiting for entity to appear in simulation under the name [/drone]
[gzserver-2] [1;32m[Msg] [0m[1;32mWaiting for master.[0m[1;32m
[gzserver-2] [0m[1;32m[0m[1;32m[0m[1;32m[Msg] [0m[1;32mConnected to gazebo master @ [0m[1;32mhttp://127.0.0.1:11345[0m[1;32m
[gzserver-2] [0m[1;32m[0m[1;32m[0m[1;32m[Msg] [0m[1;32mPublicized address: [0m[1;32m192.168.0.11[0m[1;32m
[gzserver-2] [0m[1;32m[0m[1;32m[0m[1;32m[Msg] [0m[1;32mLoading world file [[0m[1;32m/home/j/INCSL/IICC26_ws/install/sjtu_drone_description/share/sjtu_drone_description/worlds/landingPad.world[0m[1;32m][0m[1;32m
[gzserver-2] [0m[1;32m[0m[1;32m[0m[1;36m[Dbg] [wind_plugin.cpp:96] [0m[1;36mWindPlugin loaded: speed=[0m[1;36m0[0m[1;36m dir=[0m[1;36m0[0m[1;36m deg area=[0m[1;36m0.1[0m[1;36m coeff=[0m[1;36m1[0m[1;36m
[gzserver-2] [0m[1;33m[0m[1;33m[0m[1;31m[Err] [Sensor.cc:510] [0m[1;31mGet noise index not valid[0m[1;31m
[gzserver-2] [0m[1;31m[0m[1;31m[0m[1;31m[Err] [Sensor.cc:510] [0m[1;31mGet noise index not valid[0m[1;31m
[gzserver-2] [0m[1;31m[0m[1;31m[0m[1;31m[Err] [Sensor.cc:510] [0m[1;31mGet noise index not valid[0m[1;31m
[gzserver-2] [0m[1;31m[0m[1;31m[0m[1;31m[Err] [Sensor.cc:510] [0m[1;31mGet noise index not valid[0m[1;31m
[gzserver-2] [0m[1;31m[0m[1;31m[0m[1;31m[Err] [Sensor.cc:510] [0m[1;31mGet noise index not valid[0m[1;31m
[gzserver-2] [0m[1;31m[0m[1;31m[0m[1;31m[Err] [Sensor.cc:510] [0m[1;31mGet noise index not valid[0m[1;31m
[gzserver-2] [0m[1;31m[0m[1;31m[0mTopic [default//drone/base_footprint/down_camera/image] is not valid.
[gzserver-2] [INFO] [1773073835.050364301] [drone.collision_plugin]: Publishing contact states to [/drone/bumper_states]
[gzserver-2] Topic [default//drone/base_footprint/front_camera/image] is not valid.
[gzserver-2] [1;33m[Wrn] [Event.cc:61] [0m[1;33mWarning: Deleting a connection right after creation. [0m[1;33mMake sure to save the ConnectionPtr from a Connect call
[INFO] [spawn_drone-5]: process has finished cleanly [pid 983039]
[gzserver-2] [0m[INFO] [1773073835.638055667] [drone.camera_bottom]: Publishing camera info to [/drone/bottom/camera_info]
[gzserver-2] [INFO] [1773073835.640702286] [drone.camera_front]: Publishing camera info to [/drone/front/camera_info]
[gzserver-2] [INFO] [1773073835.762669736] [drone.simple_drone]: The drone plugin is loading!
[gzserver-2] [INFO] [1773073835.762876413] [drone.simple_drone]: pub_odom: 1
[gzserver-2] [INFO] [1773073835.762915288] [drone.simple_drone]: Using following parameters: 
[gzserver-2] 		link_name: base_footprint,
[gzserver-2] 		max_force: 30,
[gzserver-2] 		motion_small_noise: 0,
[gzserver-2] 		motion_drift_noise: 0,
[gzserver-2] 		motion_drift_noise_time: 50,
[gzserver-2] 		takeoff_hover_height: 1.99,
[gzserver-2] 		takeoff_vertical_speed: 0.2
[gzserver-2] [INFO] [1773073835.774561540] [drone.simple_drone]: Using the PID parameters: 
[gzserver-2] 	Roll Pitch:
[gzserver-2] 		kP: 10, kI: 0,kD: 5, Limit: 0.5, Time Constant: 0
[gzserver-2] 	Yaw:
[gzserver-2] 		kP: 2, kI: 0,kD: 1, Limit: 1.5, Time Constant: 0
[gzserver-2] 	Velocity X:
[gzserver-2] 		kP: 5, kI: 0,kD: 2.3, Limit: 2, Time Constant: 0
[gzserver-2] 	Velocity Y:
[gzserver-2] 		kP: 5, kI: 0,kD: 2.3, Limit: 2, Time Constant: 0
[gzserver-2] 	Velocity Z:
[gzserver-2] 		kP: 5, kI: 0,kD: 1, Limit: -1, Time Constant: 0
[gzserver-2] 	Position XY:
[gzserver-2] 		kP: 1.1, kI: 0,kD: 0, Limit: 5, Time Constant: 0
[gzserver-2] 	Position Z:
[gzserver-2] 		kP: 1, kI: 0,kD: 0.2, Limit: -1, Time Constant: 0
[gzserver-2] [INFO] [1773073835.774700388] [drone.simple_drone]: The drone plugin finished loading!
[gzserver-2] [INFO] [1773073843.001025864] [gazebo_wind_plugin_node]: WindPlugin: set wind_speed=0.00 wind_direction=0.0
[gzserver-2] [INFO] [1773073843.266368144] [gazebo_wind_plugin_node]: WindPlugin: set wind_speed=0.00 wind_direction=0.0
[gzserver-2] [INFO] [1773073843.300053261] [drone.simple_drone]: Quadrotor takes off!!
[gzserver-2] [INFO] [1773073843.500851223] [gazebo_wind_plugin_node]: WindPlugin: set wind_speed=0.00 wind_direction=0.0
[gzserver-2] [INFO] [1773073843.739865038] [gazebo_wind_plugin_node]: WindPlugin: set wind_speed=0.00 wind_direction=0.0
[gzserver-2] [INFO] [1773073843.979722469] [gazebo_wind_plugin_node]: WindPlugin: set wind_speed=0.00 wind_direction=0.0
[gzserver-2] [INFO] [1773073844.218437578] [gazebo_wind_plugin_node]: WindPlugin: set wind_speed=0.00 wind_direction=0.0
[gzserver-2] [INFO] [1773073844.447312359] [gazebo_wind_plugin_node]: WindPlugin: set wind_speed=0.00 wind_direction=0.0
[gzserver-2] [INFO] [1773073844.686655326] [gazebo_wind_plugin_node]: WindPlugin: set wind_speed=0.00 wind_direction=0.0
[gzserver-2] [0m[1;36m[Dbg] [wind_plugin.cpp:110] [0m[1;36mWindPlugin: received command -> speed=[0m[1;36m0[0m[1;36m dir=[0m[1;36m0[0m[1;36m
[gzserver-2] [0m[1;36m[Dbg] [wind_plugin.cpp:110] [0m[1;36mWindPlugin: received command -> speed=[0m[1;36m0[0m[1;36m dir=[0m[1;36m0[0m[1;36m
[gzserver-2] [0m[1;36m[Dbg] [wind_plugin.cpp:110] [0m[1;36mWindPlugin: received command -> speed=[0m[1;36m0[0m[1;36m dir=[0m[1;36m0[0m[1;36m
[gzserver-2] [0m[1;36m[Dbg] [wind_plugin.cpp:110] [0m[1;36mWindPlugin: received command -> speed=[0m[1;36m0[0m[1;36m dir=[0m[1;36m0[0m[1;36m
[gzserver-2] [0m[1;36m[Dbg] [wind_plugin.cpp:110] [0m[1;36mWindPlugin: received command -> speed=[0m[1;36m0[0m[1;36m dir=[0m[1;36m0[0m[1;36m
[gzserver-2] [0m[1;36m[Dbg] [wind_plugin.cpp:110] [0m[1;36mWindPlugin: received command -> speed=[0m[1;36m0[0m[1;36m dir=[0m[1;36m0[0m[1;36m
[gzserver-2] [0m[1;36m[Dbg] [wind_plugin.cpp:110] [0m[1;36mWindPlugin: received command -> speed=[0m[1;36m0[0m[1;36m dir=[0m[1;36m0[0m[1;36m
[gzserver-2] [0m[1;36m[Dbg] [wind_plugin.cpp:110] [0m[1;36mWindPlugin: received command -> speed=[0m[1;36m0[0m[1;36m dir=[0m[1;36m0[0m[1;36m
[gzserver-2] [0mEntering flying model!
[gzserver-2] [INFO] [1773073844.920416331] [gazebo_wind_plugin_node]: WindPlugin: set wind_speed=0.00 wind_direction=0.0
[gzserver-2] [INFO] [1773073845.155325820] [gazebo_wind_plugin_node]: WindPlugin: set wind_speed=0.82 wind_direction=-75.6
[gzserver-2] [INFO] [1773073845.394715387] [gazebo_wind_plugin_node]: WindPlugin: set wind_speed=0.82 wind_direction=-75.6
[gzserver-2] [INFO] [1773073845.622978110] [gazebo_wind_plugin_node]: WindPlugin: set wind_speed=0.78 wind_direction=-79.3
[gzserver-2] [INFO] [1773073845.862699234] [gazebo_wind_plugin_node]: WindPlugin: set wind_speed=0.78 wind_direction=-79.3
[gzserver-2] [INFO] [1773073846.096651507] [gazebo_wind_plugin_node]: WindPlugin: set wind_speed=0.78 wind_direction=-79.3
[gzserver-2] [INFO] [1773073846.336038994] [gazebo_wind_plugin_node]: WindPlugin: set wind_speed=0.78 wind_direction=-79.3
[gzserver-2] [INFO] [1773073846.578257275] [gazebo_wind_plugin_node]: WindPlugin: set wind_speed=0.89 wind_direction=-77.8
[gzserver-2] [INFO] [1773073846.817808461] [gazebo_wind_plugin_node]: WindPlugin: set wind_speed=0.89 wind_direction=-77.8
[gzserver-2] [INFO] [1773073847.056785270] [gazebo_wind_plugin_node]: WindPlugin: set wind_speed=0.89 wind_direction=-77.8
[gzserver-2] [INFO] [1773073847.295700078] [gazebo_wind_plugin_node]: WindPlugin: set wind_speed=0.89 wind_direction=-77.8
[gzserver-2] [INFO] [1773073847.535932586] [gazebo_wind_plugin_node]: WindPlugin: set wind_speed=0.80 wind_direction=-80.1
[gzserver-2] [INFO] [1773073847.764647693] [gazebo_wind_plugin_node]: WindPlugin: set wind_speed=0.80 wind_direction=-80.1
[gzserver-2] [INFO] [1773073848.006137270] [gazebo_wind_plugin_node]: WindPlugin: set wind_speed=0.80 wind_direction=-80.1
[gzserver-2] [INFO] [1773073848.247558720] [gazebo_wind_plugin_node]: WindPlugin: set wind_speed=0.80 wind_direction=-80.1
[gzserver-2] [INFO] [1773073848.482019221] [gazebo_wind_plugin_node]: WindPlugin: set wind_speed=0.80 wind_direction=-80.1
[gzserver-2] [INFO] [1773073848.721209262] [gazebo_wind_plugin_node]: WindPlugin: set wind_speed=0.76 wind_direction=-78.1
[gzserver-2] [INFO] [1773073848.951000037] [gazebo_wind_plugin_node]: WindPlugin: set wind_speed=0.76 wind_direction=-78.1
[gzserver-2] [INFO] [1773073849.180191686] [gazebo_wind_plugin_node]: WindPlugin: set wind_speed=0.76 wind_direction=-78.1
[gzserver-2] [INFO] [1773073849.415559095] [gazebo_wind_plugin_node]: WindPlugin: set wind_speed=0.76 wind_direction=-78.1
[gzserver-2] [INFO] [1773073849.649502440] [gazebo_wind_plugin_node]: WindPlugin: set wind_speed=0.78 wind_direction=-76.2
[gzserver-2] [INFO] [1773073849.888848027] [gazebo_wind_plugin_node]: WindPlugin: set wind_speed=0.78 wind_direction=-76.2
[gzserver-2] [INFO] [1773073850.127825773] [gazebo_wind_plugin_node]: WindPlugin: set wind_speed=0.78 wind_direction=-76.2
[gzserver-2] [INFO] [1773073850.362338617] [gazebo_wind_plugin_node]: WindPlugin: set wind_speed=0.78 wind_direction=-76.2
[gzserver-2] [INFO] [1773073850.602154844] [gazebo_wind_plugin_node]: WindPlugin: set wind_speed=0.73 wind_direction=-78.8
[gzserver-2] [INFO] [1773073850.639802346] [drone.simple_drone]: Quadrotor lands!!
[gzserver-2] [INFO] [1773073850.841246265] [gazebo_wind_plugin_node]: WindPlugin: set wind_speed=0.73 wind_direction=-78.8
[gzserver-2] [INFO] [1773073851.080520327] [gazebo_wind_plugin_node]: WindPlugin: set wind_speed=0.73 wind_direction=-78.8
[gzserver-2] [1;36m[Dbg] [wind_plugin.cpp:110] [0m[1;36mWindPlugin: received command -> speed=[0m[1;36m0[0m[1;36m dir=[0m[1;36m0[0m[1;36m
[gzserver-2] [0m[1;36m[Dbg] [wind_plugin.cpp:110] [0m[1;36mWindPlugin: received command -> speed=[0m[1;36m0.818142[0m[1;36m dir=[0m[1;36m-75.5851[0m[1;36m
[gzserver-2] [0m[1;36m[Dbg] [wind_plugin.cpp:110] [0m[1;36mWindPlugin: received command -> speed=[0m[1;36m0.818142[0m[1;36m dir=[0m[1;36m-75.5851[0m[1;36m
[gzserver-2] [0m[1;36m[Dbg] [wind_plugin.cpp:110] [0m[1;36mWindPlugin: received command -> speed=[0m[1;36m0.781362[0m[1;36m dir=[0m[1;36m-79.3497[0m[1;36m
[gzserver-2] [0m[1;36m[Dbg] [wind_plugin.cpp:110] [0m[1;36mWindPlugin: received command -> speed=[0m[1;36m0.781362[0m[1;36m dir=[0m[1;36m-79.3497[0m[1;36m
[gzserver-2] [0m[1;36m[Dbg] [wind_plugin.cpp:110] [0m[1;36mWindPlugin: received command -> speed=[0m[1;36m0.781362[0m[1;36m dir=[0m[1;36m-79.3497[0m[1;36m
[gzserver-2] [0m[1;36m[Dbg] [wind_plugin.cpp:110] [0m[1;36mWindPlugin: received command -> speed=[0m[1;36m0.781362[0m[1;36m dir=[0m[1;36m-79.3497[0m[1;36m
[gzserver-2] [0m[1;36m[Dbg] [wind_plugin.cpp:110] [0m[1;36mWindPlugin: received command -> speed=[0m[1;36m0.886783[0m[1;36m dir=[0m[1;36m-77.7745[0m[1;36m
[gzserver-2] [0m[1;36m[Dbg] [wind_plugin.cpp:110] [0m[1;36mWindPlugin: received command -> speed=[0m[1;36m0.886783[0m[1;36m dir=[0m[1;36m-77.7745[0m[1;36m
[gzserver-2] [0m[1;36m[Dbg] [wind_plugin.cpp:110] [0m[1;36mWindPlugin: received command -> speed=[0m[1;36m0.886783[0m[1;36m dir=[0m[1;36m-77.7745[0m[1;36m
[gzserver-2] [0m[1;36m[Dbg] [wind_plugin.cpp:110] [0m[1;36mWindPlugin: received command -> speed=[0m[1;36m0.886783[0m[1;36m dir=[0m[1;36m-77.7745[0m[1;36m
[gzserver-2] [0m[1;36m[Dbg] [wind_plugin.cpp:110] [0m[1;36mWindPlugin: received command -> speed=[0m[1;36m0.801852[0m[1;36m dir=[0m[1;36m-80.0969[0m[1;36m
[gzserver-2] [0m[1;36m[Dbg] [wind_plugin.cpp:110] [0m[1;36mWindPlugin: received command -> speed=[0m[1;36m0.801852[0m[1;36m dir=[0m[1;36m-80.0969[0m[1;36m
[gzserver-2] [0m[1;36m[Dbg] [wind_plugin.cpp:110] [0m[1;36mWindPlugin: received command -> speed=[0m[1;36m0.801852[0m[1;36m dir=[0m[1;36m-80.0969[0m[1;36m
[gzserver-2] [0m[1;36m[Dbg] [wind_plugin.cpp:110] [0m[1;36mWindPlugin: received command -> speed=[0m[1;36m0.801852[0m[1;36m dir=[0m[1;36m-80.0969[0m[1;36m
[gzserver-2] [0m[1;36m[Dbg] [wind_plugin.cpp:110] [0m[1;36mWindPlugin: received command -> speed=[0m[1;36m0.801852[0m[1;36m dir=[0m[1;36m-80.0969[0m[1;36m
[gzserver-2] [0m[1;36m[Dbg] [wind_plugin.cpp:110] [0m[1;36mWindPlugin: received command -> speed=[0m[1;36m0.75804[0m[1;36m dir=[0m[1;36m-78.069[0m[1;36m
[gzserver-2] [0m[1;36m[Dbg] [wind_plugin.cpp:110] [0m[1;36mWindPlugin: received command -> speed=[0m[1;36m0.75804[0m[1;36m dir=[0m[1;36m-78.069[0m[1;36m
[gzserver-2] [0m[1;36m[Dbg] [wind_plugin.cpp:110] [0m[1;36mWindPlugin: received command -> speed=[0m[1;36m0.75804[0m[1;36m dir=[0m[1;36m-78.069[0m[1;36m
[gzserver-2] [0m[1;36m[Dbg] [wind_plugin.cpp:110] [0m[1;36mWindPlugin: received command -> speed=[0m[1;36m0.75804[0m[1;36m dir=[0m[1;36m-78.069[0m[1;36m
[gzserver-2] [0m[1;36m[Dbg] [wind_plugin.cpp:110] [0m[1;36mWindPlugin: received command -> speed=[0m[1;36m0.781924[0m[1;36m dir=[0m[1;36m-76.2359[0m[1;36m
[gzserver-2] [0m[1;36m[Dbg] [wind_plugin.cpp:110] [0m[1;36mWindPlugin: received command -> speed=[0m[1;36m0.781924[0m[1;36m dir=[0m[1;36m-76.2359[0m[1;36m
[gzserver-2] [0m[1;36m[Dbg] [wind_plugin.cpp:110] [0m[1;36mWindPlugin: received command -> speed=[0m[1;36m0.781924[0m[1;36m dir=[0m[1;36m-76.2359[0m[1;36m
[gzserver-2] [0m[1;36m[Dbg] [wind_plugin.cpp:110] [0m[1;36mWindPlugin: received command -> speed=[0m[1;36m0.781924[0m[1;36m dir=[0m[1;36m-76.2359[0m[1;36m
[gzserver-2] [0m[1;36m[Dbg] [wind_plugin.cpp:110] [0m[1;36mWindPlugin: received command -> speed=[0m[1;36m0.727808[0m[1;36m dir=[0m[1;36m-78.8379[0m[1;36m
[gzserver-2] [0m[1;36m[Dbg] [wind_plugin.cpp:110] [0m[1;36mWindPlugin: received command -> speed=[0m[1;36m0.727808[0m[1;36m dir=[0m[1;36m-78.8379[0m[1;36m
[gzserver-2] [INFO] [1773073851.321388587] [gazebo_wind_plugin_node]: WindPlugin: set wind_speed=0.73 wind_direction=-78.8
[gzserver-2] [INFO] [1773073851.560650809] [gazebo_wind_plugin_node]: WindPlugin: set wind_speed=0.63 wind_direction=-76.5
[gzserver-2] [0m[1;36m[Dbg] [wind_plugin.cpp:110] [0m[1;36mWindPlugin: received command -> speed=[0m[1;36m0.727808[0m[1;36m dir=[0m[1;36m-78.8379[0m[1;36m
[gzserver-2] [0m[1;36m[Dbg] [wind_plugin.cpp:110] [0m[1;36mWindPlugin: received command -> speed=[0m[1;36m0.727808[0m[1;36m dir=[0m[1;36m-78.8379[0m[1;36m
[gzserver-2] [0m[1;36m[Dbg] [wind_plugin.cpp:110] [0m[1;36mWindPlugin: received command -> speed=[0m[1;36m0.625602[0m[1;36m dir=[0m[1;36m-76.4672[0m[1;36m
[gzserver-2] [0mLanded!
[gzserver-2] [INFO] [1773073851.802677402] [gazebo_wind_plugin_node]: WindPlugin: set wind_speed=0.63 wind_direction=-76.5
[gzserver-2] [INFO] [1773073852.036791566] [gazebo_wind_plugin_node]: WindPlugin: set wind_speed=0.63 wind_direction=-76.5
[gzserver-2] [INFO] [1773073852.271443371] [gazebo_wind_plugin_node]: WindPlugin: set wind_speed=0.63 wind_direction=-76.5
[gzserver-2] [INFO] [1773073852.510257943] [gazebo_wind_plugin_node]: WindPlugin: set wind_speed=0.84 wind_direction=-76.9
[gzserver-2] [INFO] [1773073852.749390914] [gazebo_wind_plugin_node]: WindPlugin: set wind_speed=0.84 wind_direction=-76.9
[gzserver-2] [INFO] [1773073852.989146158] [gazebo_wind_plugin_node]: WindPlugin: set wind_speed=0.84 wind_direction=-76.9
[gzserver-2] [INFO] [1773073853.228116717] [gazebo_wind_plugin_node]: WindPlugin: set wind_speed=0.84 wind_direction=-76.9
[gzserver-2] [INFO] [1773073853.461816623] [gazebo_wind_plugin_node]: WindPlugin: set wind_speed=0.84 wind_direction=-76.9
