[INFO] [launch]: All log files can be found below /home/j/.ros/log/2026-03-10-21-39-52-469281-j-817067
[INFO] [launch]: Default logging verbosity is set to INFO
[INFO] [launch.user]: [bringup] Apriltag config: camera=/drone/bottom, image=/drone/bottom/image_raw, tags=/drone/bottom/tags, bridge=/landing_tag_state, standalone=true, use_target_id=true, target_id=0
[INFO] [rviz2-1]: process started with pid [817068]
[INFO] [gzserver-2]: process started with pid [817070]
[INFO] [robot_state_publisher-3]: process started with pid [817072]
[INFO] [joint_state_publisher-4]: process started with pid [817074]
[INFO] [spawn_drone-5]: process started with pid [817076]
[INFO] [static_transform_publisher-6]: process started with pid [817078]
[INFO] [joy_node-7]: process started with pid [817080]
[INFO] [teleop_joystick-8]: process started with pid [817082]
[INFO] [apriltag_detector_node-9]: process started with pid [817084]
[INFO] [apriltag_state_bridge-10]: process started with pid [817086]
[static_transform_publisher-6] [WARN] [1773146392.962016230] []: Old-style arguments are deprecated; see --help for new-style arguments
[static_transform_publisher-6] [INFO] [1773146392.968334534] [static_transform_publisher_UXu3J1F1710ICevr]: Spinning until stopped - publishing transform
[static_transform_publisher-6] translation: ('0.000000', '0.000000', '0.000000')
[static_transform_publisher-6] rotation: ('0.000000', '0.000000', '0.000000', '1.000000')
[static_transform_publisher-6] from 'world' to '/drone/odom'
[robot_state_publisher-3] [INFO] [1773146392.989397448] [drone.robot_state_publisher]: got segment base_footprint
[robot_state_publisher-3] [INFO] [1773146392.989498552] [drone.robot_state_publisher]: got segment base_link
[robot_state_publisher-3] [INFO] [1773146392.989511219] [drone.robot_state_publisher]: got segment bottom_cam_link
[robot_state_publisher-3] [INFO] [1773146392.989519536] [drone.robot_state_publisher]: got segment front_cam_link
[robot_state_publisher-3] [INFO] [1773146392.989526872] [drone.robot_state_publisher]: got segment sonar_link
[rviz2-1] 
[rviz2-1] (rviz2:817068): dbind-WARNING **: 21:39:52.990: Couldn't connect to accessibility bus: Failed to connect to socket /root/.cache/at-spi/bus_0: 허가 거부
[apriltag_detector_node-9] [INFO] [1773146392.998492363] [apriltag_detector_node]: tag detector type: umich
[teleop_joystick-8] Traceback (most recent call last):
[teleop_joystick-8]   File "/home/j/INCSL/IICC26_ws/install/sjtu_drone_control/lib/sjtu_drone_control/teleop_joystick", line 33, in <module>
[teleop_joystick-8]     sys.exit(load_entry_point('sjtu_drone_control==0.0.0', 'console_scripts', 'teleop_joystick')())
[teleop_joystick-8]   File "/home/j/INCSL/IICC26_ws/install/sjtu_drone_control/lib/sjtu_drone_control/teleop_joystick", line 22, in importlib_load_entry_point
[teleop_joystick-8]     for entry_point in distribution(dist_name).entry_points
[teleop_joystick-8]   File "/usr/lib/python3.10/importlib/metadata/__init__.py", line 969, in distribution
[teleop_joystick-8]     return Distribution.from_name(distribution_name)
[teleop_joystick-8]   File "/usr/lib/python3.10/importlib/metadata/__init__.py", line 548, in from_name
[teleop_joystick-8]     raise PackageNotFoundError(name)
[teleop_joystick-8] importlib.metadata.PackageNotFoundError: No package metadata was found for sjtu_drone_control
[ERROR] [teleop_joystick-8]: process has died [pid 817082, exit code 1, cmd '/home/j/INCSL/IICC26_ws/install/sjtu_drone_control/lib/sjtu_drone_control/teleop_joystick --ros-args -r __ns:=/drone'].
[gzserver-2] Gazebo multi-robot simulator, version 11.10.2
[gzserver-2] Copyright (C) 2012 Open Source Robotics Foundation.
[gzserver-2] Released under the Apache 2 License.
[gzserver-2] http://gazebosim.org
[gzserver-2] 
[apriltag_state_bridge-10] [INFO] [1773146393.200587006] [apriltag_state_bridge]: AprilTag bridge started: /drone/bottom/tags -> /landing_tag_state, use_target_id=True, target_id=0
[joint_state_publisher-4] [INFO] [1773146393.240703366] [drone.joint_state_publisher]: Waiting for robot_description to be published on the robot_description topic...
[gzserver-2] [1;33m[Wrn] [gazebo_ros_init.cpp:178] [0m[1;33m
[gzserver-2] #     # ####### ####### ###  #####  #######
[gzserver-2] ##    # #     #    #     #  #     # #
[gzserver-2] # #   # #     #    #     #  #       #
[gzserver-2] #  #  # #     #    #     #  #       #####
[gzserver-2] #   # # #     #    #     #  #       #
[gzserver-2] #    ## #     #    #     #  #     # #
[gzserver-2] #     # #######    #    ###  #####  #######
[gzserver-2] 
[gzserver-2] This version of Gazebo, now called Gazebo classic, reaches end-of-life
[gzserver-2] in January 2025. Users are highly encouraged to migrate to the new Gazebo
[gzserver-2] using our migration guides (https://gazebosim.org/docs/latest/gazebo_classic_migration?utm_source=gazebo_ros_pkgs&utm_medium=cli)
[gzserver-2] 
[gzserver-2] [0m[1;33m
[rviz2-1] [INFO] [1773146393.567561323] [rviz2]: Stereo is NOT SUPPORTED
[rviz2-1] [INFO] [1773146393.567656034] [rviz2]: OpenGl version: 4.6 (GLSL 4.6)
[rviz2-1] [INFO] [1773146393.682563058] [rviz2]: Stereo is NOT SUPPORTED
[rviz2-1] [INFO] [1773146393.759488118] [rviz2]: Stereo is NOT SUPPORTED
[gzserver-2] [1;32m[Msg] [0m[1;32mWaiting for master.[0m[1;32m
[gzserver-2] [0m[1;32m[0m[1;32m[0m[1;32m[Msg] [0m[1;32mConnected to gazebo master @ [0m[1;32mhttp://127.0.0.1:11345[0m[1;32m
[gzserver-2] [0m[1;32m[0m[1;32m[0m[1;32m[Msg] [0m[1;32mPublicized address: [0m[1;32m192.168.0.11[0m[1;32m
[gzserver-2] [0m[1;32m[0m[1;32m[0m[1;32m[Msg] [0m[1;32mLoading world file [[0m[1;32m/home/j/INCSL/IICC26_ws/install/sjtu_drone_description/share/sjtu_drone_description/worlds/landingPad.world[0m[1;32m][0m[1;32m
[gzserver-2] [0m[1;32m[0m[1;32m[0m[1;36m[Dbg] [wind_plugin.cpp:96] [0m[1;36mWindPlugin loaded: speed=[0m[1;36m0[0m[1;36m dir=[0m[1;36m0[0m[1;36m deg area=[0m[1;36m0.1[0m[1;36m coeff=[0m[1;36m1[0m[1;36m
[gzserver-2] [0m[1;33m[0m[1;33m[0m[1;31m[Err] [Sensor.cc:510] [0m[1;31mGet noise index not valid[0m[1;31m
[gzserver-2] [0m[1;31m[0m[1;31m[0m[1;31m[Err] [Sensor.cc:510] [0m[1;31mGet noise index not valid[0m[1;31m
[gzserver-2] [0m[1;31m[0m[1;31m[0m[1;31m[Err] [Sensor.cc:510] [0m[1;31mGet noise index not valid[0m[1;31m
[gzserver-2] [0m[1;31m[0m[1;31m[0m[1;31m[Err] [Sensor.cc:510] [0m[1;31mGet noise index not valid[0m[1;31m
[gzserver-2] [0m[1;31m[0m[1;31m[0m[1;31m[Err] [Sensor.cc:510] [0m[1;31mGet noise index not valid[0m[1;31m
[gzserver-2] [0m[1;31m[0m[1;31m[0m[1;31m[Err] [Sensor.cc:510] [0m[1;31mGet noise index not valid[0m[1;31m
[gzserver-2] [0m[1;31m[0m[1;31m[0mTopic [default//drone/base_footprint/down_camera/image] is not valid.
[gzserver-2] Topic [default//drone/base_footprint/front_camera/image] is not valid.
[gzserver-2] [INFO] [1773146394.308797066] [drone.collision_plugin]: Publishing contact states to [/drone/bumper_states]
[gzserver-2] [1;33m[Wrn] [Event.cc:61] [0m[1;33mWarning: Deleting a connection right after creation. [0m[1;33mMake sure to save the ConnectionPtr from a Connect call
[gzserver-2] [0m[INFO] [1773146394.869431315] [drone.camera_bottom]: Publishing camera info to [/drone/bottom/camera_info]
[gzserver-2] [INFO] [1773146394.874103923] [drone.camera_front]: Publishing camera info to [/drone/front/camera_info]
[spawn_drone-5] [INFO] [1773146394.882958655] [spawn_drone]: Result True SpawnEntity: Successfully spawned entity [/drone]
[gzserver-2] [INFO] [1773146394.996059197] [drone.simple_drone]: The drone plugin is loading!
[gzserver-2] [INFO] [1773146394.996262911] [drone.simple_drone]: pub_odom: 1
[gzserver-2] [INFO] [1773146394.996297051] [drone.simple_drone]: Using following parameters: 
[gzserver-2] 		link_name: base_footprint,
[gzserver-2] 		max_force: 30,
[gzserver-2] 		motion_small_noise: 0,
[gzserver-2] 		motion_drift_noise: 0,
[gzserver-2] 		motion_drift_noise_time: 50,
[gzserver-2] 		takeoff_hover_height: 2.44,
[gzserver-2] 		takeoff_vertical_speed: 0.2
[gzserver-2] [INFO] [1773146395.007948805] [drone.simple_drone]: Using the PID parameters: 
[gzserver-2] 	Roll Pitch:
[gzserver-2] 		kP: 10, kI: 0,kD: 5, Limit: 0.5, Time Constant: 0
[gzserver-2] 	Yaw:
[gzserver-2] 		kP: 2, kI: 0,kD: 1, Limit: 1.5, Time Constant: 0
[gzserver-2] 	Velocity X:
[gzserver-2] 		kP: 5, kI: 0,kD: 2.3, Limit: 2, Time Constant: 0
[gzserver-2] 	Velocity Y:
[gzserver-2] 		kP: 5, kI: 0,kD: 2.3, Limit: 2, Time Constant: 0
[gzserver-2] 	Velocity Z:
[gzserver-2] 		kP: 5, kI: 0,kD: 1, Limit: -1, Time Constant: 0
[gzserver-2] 	Position XY:
[gzserver-2] 		kP: 1.1, kI: 0,kD: 0, Limit: 5, Time Constant: 0
[gzserver-2] 	Position Z:
[gzserver-2] 		kP: 1, kI: 0,kD: 0.2, Limit: -1, Time Constant: 0
[gzserver-2] [INFO] [1773146395.008087472] [drone.simple_drone]: The drone plugin finished loading!
[INFO] [spawn_drone-5]: process has finished cleanly [pid 817076]
[gzserver-2] [INFO] [1773146402.294875351] [gazebo_wind_plugin_node]: WindPlugin: set wind_speed=0.00 wind_direction=0.0
[gzserver-2] [INFO] [1773146402.566831623] [gazebo_wind_plugin_node]: WindPlugin: set wind_speed=0.00 wind_direction=0.0
[gzserver-2] [INFO] [1773146402.606796774] [drone.simple_drone]: Quadrotor takes off!!
[gzserver-2] [INFO] [1773146402.809296766] [gazebo_wind_plugin_node]: WindPlugin: set wind_speed=0.00 wind_direction=0.0
[gzserver-2] [INFO] [1773146403.049142427] [gazebo_wind_plugin_node]: WindPlugin: set wind_speed=0.00 wind_direction=0.0
[gzserver-2] [INFO] [1773146403.286051984] [gazebo_wind_plugin_node]: WindPlugin: set wind_speed=0.00 wind_direction=0.0
[gzserver-2] [INFO] [1773146403.519748621] [gazebo_wind_plugin_node]: WindPlugin: set wind_speed=0.00 wind_direction=0.0
[gzserver-2] [INFO] [1773146403.755509289] [gazebo_wind_plugin_node]: WindPlugin: set wind_speed=0.00 wind_direction=0.0
[gzserver-2] [INFO] [1773146403.988942253] [gazebo_wind_plugin_node]: WindPlugin: set wind_speed=0.00 wind_direction=0.0
[gzserver-2] [INFO] [1773146404.228307264] [gazebo_wind_plugin_node]: WindPlugin: set wind_speed=0.00 wind_direction=0.0
[gzserver-2] [INFO] [1773146404.467777674] [gazebo_wind_plugin_node]: WindPlugin: set wind_speed=0.00 wind_direction=0.0
[gzserver-2] [0m[1;36m[Dbg] [wind_plugin.cpp:110] [0m[1;36mWindPlugin: received command -> speed=[0m[1;36m0[0m[1;36m dir=[0m[1;36m0[0m[1;36m
[gzserver-2] [0m[1;36m[Dbg] [wind_plugin.cpp:110] [0m[1;36mWindPlugin: received command -> speed=[0m[1;36m0[0m[1;36m dir=[0m[1;36m0[0m[1;36m
[gzserver-2] [0m[1;36m[Dbg] [wind_plugin.cpp:110] [0m[1;36mWindPlugin: received command -> speed=[0m[1;36m0[0m[1;36m dir=[0m[1;36m0[0m[1;36m
[gzserver-2] [0m[1;36m[Dbg] [wind_plugin.cpp:110] [0m[1;36mWindPlugin: received command -> speed=[0m[1;36m0[0m[1;36m dir=[0m[1;36m0[0m[1;36m
[gzserver-2] [0m[1;36m[Dbg] [wind_plugin.cpp:110] [0m[1;36mWindPlugin: received command -> speed=[0m[1;36m0[0m[1;36m dir=[0m[1;36m0[0m[1;36m
[gzserver-2] [0m[1;36m[Dbg] [wind_plugin.cpp:110] [0m[1;36mWindPlugin: received command -> speed=[0m[1;36m0[0m[1;36m dir=[0m[1;36m0[0m[1;36m
[gzserver-2] [0m[1;36m[Dbg] [wind_plugin.cpp:110] [0m[1;36mWindPlugin: received command -> speed=[0m[1;36m0[0m[1;36m dir=[0m[1;36m0[0m[1;36m
[gzserver-2] [0m[1;36m[Dbg] [wind_plugin.cpp:110] [0m[1;36mWindPlugin: received command -> speed=[0m[1;36m0[0m[1;36m dir=[0m[1;36m0[0m[1;36m
[gzserver-2] [0m[1;36m[Dbg] [wind_plugin.cpp:110] [0m[1;36mWindPlugin: received command -> speed=[0m[1;36m0[0m[1;36m dir=[0m[1;36m0[0m[1;36m
[gzserver-2] [0m[1;36m[Dbg] [wind_plugin.cpp:110] [0m[1;36mWindPlugin: received command -> speed=[0m[1;36m0[0m[1;36m dir=[0m[1;36m0[0m[1;36m
[gzserver-2] [0mEntering flying model!
[gzserver-2] [INFO] [1773146404.707379057] [gazebo_wind_plugin_node]: WindPlugin: set wind_speed=0.00 wind_direction=0.0
[gzserver-2] [INFO] [1773146404.947534962] [gazebo_wind_plugin_node]: WindPlugin: set wind_speed=2.35 wind_direction=29.2
[gzserver-2] [INFO] [1773146405.177134241] [gazebo_wind_plugin_node]: WindPlugin: set wind_speed=2.35 wind_direction=29.2
[gzserver-2] [INFO] [1773146405.416589750] [gazebo_wind_plugin_node]: WindPlugin: set wind_speed=2.35 wind_direction=29.2
[gzserver-2] [INFO] [1773146405.650830824] [gazebo_wind_plugin_node]: WindPlugin: set wind_speed=2.35 wind_direction=29.2
[gzserver-2] [INFO] [1773146405.890149707] [gazebo_wind_plugin_node]: WindPlugin: set wind_speed=2.44 wind_direction=25.4
[gzserver-2] [INFO] [1773146406.124390714] [gazebo_wind_plugin_node]: WindPlugin: set wind_speed=2.44 wind_direction=25.4
[gzserver-2] [INFO] [1773146406.363314178] [gazebo_wind_plugin_node]: WindPlugin: set wind_speed=2.44 wind_direction=25.4
[gzserver-2] [INFO] [1773146406.605206915] [gazebo_wind_plugin_node]: WindPlugin: set wind_speed=2.44 wind_direction=25.4
[gzserver-2] [INFO] [1773146406.844735142] [gazebo_wind_plugin_node]: WindPlugin: set wind_speed=2.50 wind_direction=23.5
[gzserver-2] [INFO] [1773146407.083755200] [gazebo_wind_plugin_node]: WindPlugin: set wind_speed=2.50 wind_direction=23.5
[gzserver-2] [INFO] [1773146407.318178274] [gazebo_wind_plugin_node]: WindPlugin: set wind_speed=2.50 wind_direction=23.5
[gzserver-2] [INFO] [1773146407.552885111] [gazebo_wind_plugin_node]: WindPlugin: set wind_speed=2.50 wind_direction=23.5
[gzserver-2] [INFO] [1773146407.792240062] [gazebo_wind_plugin_node]: WindPlugin: set wind_speed=2.50 wind_direction=23.5
[gzserver-2] [INFO] [1773146408.031380090] [gazebo_wind_plugin_node]: WindPlugin: set wind_speed=2.33 wind_direction=25.6
[gzserver-2] [INFO] [1773146408.064194427] [drone.simple_drone]: Quadrotor lands!!
[gzserver-2] [INFO] [1773146408.265626353] [gazebo_wind_plugin_node]: WindPlugin: set wind_speed=2.33 wind_direction=25.6
[gzserver-2] [INFO] [1773146408.506051224] [gazebo_wind_plugin_node]: WindPlugin: set wind_speed=2.33 wind_direction=25.6
[gzserver-2] [INFO] [1773146408.745785705] [gazebo_wind_plugin_node]: WindPlugin: set wind_speed=2.33 wind_direction=25.6
[gzserver-2] [INFO] [1773146408.974736782] [gazebo_wind_plugin_node]: WindPlugin: set wind_speed=2.34 wind_direction=27.6
[gzserver-2] [1;36m[Dbg] [wind_plugin.cpp:110] [0m[1;36mWindPlugin: received command -> speed=[0m[1;36m0[0m[1;36m dir=[0m[1;36m0[0m[1;36m
[gzserver-2] [0m[1;36m[Dbg] [wind_plugin.cpp:110] [0m[1;36mWindPlugin: received command -> speed=[0m[1;36m2.35365[0m[1;36m dir=[0m[1;36m29.2039[0m[1;36m
[gzserver-2] [0m[1;36m[Dbg] [wind_plugin.cpp:110] [0m[1;36mWindPlugin: received command -> speed=[0m[1;36m2.35365[0m[1;36m dir=[0m[1;36m29.2039[0m[1;36m
[gzserver-2] [0m[1;36m[Dbg] [wind_plugin.cpp:110] [0m[1;36mWindPlugin: received command -> speed=[0m[1;36m2.35365[0m[1;36m dir=[0m[1;36m29.2039[0m[1;36m
[gzserver-2] [0m[1;36m[Dbg] [wind_plugin.cpp:110] [0m[1;36mWindPlugin: received command -> speed=[0m[1;36m2.35365[0m[1;36m dir=[0m[1;36m29.2039[0m[1;36m
[gzserver-2] [0m[1;36m[Dbg] [wind_plugin.cpp:110] [0m[1;36mWindPlugin: received command -> speed=[0m[1;36m2.4385[0m[1;36m dir=[0m[1;36m25.3707[0m[1;36m
[gzserver-2] [0m[1;36m[Dbg] [wind_plugin.cpp:110] [0m[1;36mWindPlugin: received command -> speed=[0m[1;36m2.4385[0m[1;36m dir=[0m[1;36m25.3707[0m[1;36m
[gzserver-2] [0m[1;36m[Dbg] [wind_plugin.cpp:110] [0m[1;36mWindPlugin: received command -> speed=[0m[1;36m2.4385[0m[1;36m dir=[0m[1;36m25.3707[0m[1;36m
[gzserver-2] [0m[1;36m[Dbg] [wind_plugin.cpp:110] [0m[1;36mWindPlugin: received command -> speed=[0m[1;36m2.4385[0m[1;36m dir=[0m[1;36m25.3707[0m[1;36m
[gzserver-2] [0m[1;36m[Dbg] [wind_plugin.cpp:110] [0m[1;36mWindPlugin: received command -> speed=[0m[1;36m2.50185[0m[1;36m dir=[0m[1;36m23.4835[0m[1;36m
[gzserver-2] [0m[1;36m[Dbg] [wind_plugin.cpp:110] [0m[1;36mWindPlugin: received command -> speed=[0m[1;36m2.50185[0m[1;36m dir=[0m[1;36m23.4835[0m[1;36m
[gzserver-2] [0m[1;36m[Dbg] [wind_plugin.cpp:110] [0m[1;36mWindPlugin: received command -> speed=[0m[1;36m2.50185[0m[1;36m dir=[0m[1;36m23.4835[0m[1;36m
[gzserver-2] [0m[1;36m[Dbg] [wind_plugin.cpp:110] [0m[1;36mWindPlugin: received command -> speed=[0m[1;36m2.50185[0m[1;36m dir=[0m[1;36m23.4835[0m[1;36m
[gzserver-2] [0m[1;36m[Dbg] [wind_plugin.cpp:110] [0m[1;36mWindPlugin: received command -> speed=[0m[1;36m2.50185[0m[1;36m dir=[0m[1;36m23.4835[0m[1;36m
[gzserver-2] [0m[1;36m[Dbg] [wind_plugin.cpp:110] [0m[1;36mWindPlugin: received command -> speed=[0m[1;36m2.33033[0m[1;36m dir=[0m[1;36m25.5845[0m[1;36m
[gzserver-2] [0m[1;36m[Dbg] [wind_plugin.cpp:110] [0m[1;36mWindPlugin: received command -> speed=[0m[1;36m2.33033[0m[1;36m dir=[0m[1;36m25.5845[0m[1;36m
[gzserver-2] [0m[1;36m[Dbg] [wind_plugin.cpp:110] [0m[1;36mWindPlugin: received command -> speed=[0m[1;36m2.33033[0m[1;36m dir=[0m[1;36m25.5845[0m[1;36m
[gzserver-2] [0m[1;36m[Dbg] [wind_plugin.cpp:110] [0m[1;36mWindPlugin: received command -> speed=[0m[1;36m2.33033[0m[1;36m dir=[0m[1;36m25.5845[0m[1;36m
[gzserver-2] [0m[1;36m[Dbg] [wind_plugin.cpp:110] [0m[1;36mWindPlugin: received command -> speed=[0m[1;36m2.33731[0m[1;36m dir=[0m[1;36m27.5829[0m[1;36m
[gzserver-2] [0mLanded!
[gzserver-2] [INFO] [1773146409.213992520] [gazebo_wind_plugin_node]: WindPlugin: set wind_speed=2.34 wind_direction=27.6
[gzserver-2] [INFO] [1773146409.453713050] [gazebo_wind_plugin_node]: WindPlugin: set wind_speed=2.34 wind_direction=27.6
[gzserver-2] [INFO] [1773146409.687783621] [gazebo_wind_plugin_node]: WindPlugin: set wind_speed=2.34 wind_direction=27.6
[gzserver-2] [INFO] [1773146409.924563061] [gazebo_wind_plugin_node]: WindPlugin: set wind_speed=2.48 wind_direction=27.7
[gzserver-2] [INFO] [1773146410.153731725] [gazebo_wind_plugin_node]: WindPlugin: set wind_speed=2.48 wind_direction=27.7
[gzserver-2] [INFO] [1773146410.393015193] [gazebo_wind_plugin_node]: WindPlugin: set wind_speed=2.48 wind_direction=27.7
[gzserver-2] [INFO] [1773146410.632932100] [gazebo_wind_plugin_node]: WindPlugin: set wind_speed=2.48 wind_direction=27.7
[gzserver-2] [INFO] [1773146410.874116564] [gazebo_wind_plugin_node]: WindPlugin: set wind_speed=2.55 wind_direction=28.6
