[INFO] [launch]: All log files can be found below /home/j/.ros/log/2026-03-09-16-37-49-745909-j-1548508
[INFO] [launch]: Default logging verbosity is set to INFO
[INFO] [launch.user]: [bringup] Apriltag config: camera=/drone/bottom, image=/drone/bottom/image_raw, tags=/drone/bottom/tags, bridge=/landing_tag_state, standalone=true, use_target_id=true, target_id=0
[INFO] [rviz2-1]: process started with pid [1548524]
[INFO] [gzserver-2]: process started with pid [1548526]
[INFO] [robot_state_publisher-3]: process started with pid [1548528]
[INFO] [joint_state_publisher-4]: process started with pid [1548530]
[INFO] [spawn_drone-5]: process started with pid [1548532]
[INFO] [static_transform_publisher-6]: process started with pid [1548534]
[INFO] [joy_node-7]: process started with pid [1548536]
[INFO] [teleop_joystick-8]: process started with pid [1548538]
[INFO] [apriltag_detector_node-9]: process started with pid [1548540]
[INFO] [apriltag_state_bridge-10]: process started with pid [1548542]
[static_transform_publisher-6] [WARN] [1773041870.343255342] []: Old-style arguments are deprecated; see --help for new-style arguments
[robot_state_publisher-3] [INFO] [1773041870.410458420] [drone.robot_state_publisher]: got segment base_footprint
[robot_state_publisher-3] [INFO] [1773041870.426112517] [drone.robot_state_publisher]: got segment base_link
[robot_state_publisher-3] [INFO] [1773041870.426857864] [drone.robot_state_publisher]: got segment bottom_cam_link
[robot_state_publisher-3] [INFO] [1773041870.427347098] [drone.robot_state_publisher]: got segment front_cam_link
[robot_state_publisher-3] [INFO] [1773041870.427714191] [drone.robot_state_publisher]: got segment sonar_link
[static_transform_publisher-6] [INFO] [1773041870.433496944] [static_transform_publisher_HE2vGY8osRGiovON]: Spinning until stopped - publishing transform
[static_transform_publisher-6] translation: ('0.000000', '0.000000', '0.000000')
[static_transform_publisher-6] rotation: ('0.000000', '0.000000', '0.000000', '1.000000')
[static_transform_publisher-6] from 'world' to '/drone/odom'
[apriltag_detector_node-9] [INFO] [1773041870.599030652] [apriltag_detector_node]: tag detector type: umich
[teleop_joystick-8] Traceback (most recent call last):
[teleop_joystick-8]   File "/home/j/INCSL/IICC26_ws/install/sjtu_drone_control/lib/sjtu_drone_control/teleop_joystick", line 33, in <module>
[teleop_joystick-8]     sys.exit(load_entry_point('sjtu_drone_control==0.0.0', 'console_scripts', 'teleop_joystick')())
[teleop_joystick-8]   File "/home/j/INCSL/IICC26_ws/install/sjtu_drone_control/lib/sjtu_drone_control/teleop_joystick", line 22, in importlib_load_entry_point
[teleop_joystick-8]     for entry_point in distribution(dist_name).entry_points
[teleop_joystick-8]   File "/usr/lib/python3.10/importlib/metadata/__init__.py", line 969, in distribution
[teleop_joystick-8]     return Distribution.from_name(distribution_name)
[teleop_joystick-8]   File "/usr/lib/python3.10/importlib/metadata/__init__.py", line 548, in from_name
[teleop_joystick-8]     raise PackageNotFoundError(name)
[teleop_joystick-8] importlib.metadata.PackageNotFoundError: No package metadata was found for sjtu_drone_control
[ERROR] [teleop_joystick-8]: process has died [pid 1548538, exit code 1, cmd '/home/j/INCSL/IICC26_ws/install/sjtu_drone_control/lib/sjtu_drone_control/teleop_joystick --ros-args -r __ns:=/drone'].
[gzserver-2] Gazebo multi-robot simulator, version 11.10.2
[gzserver-2] Copyright (C) 2012 Open Source Robotics Foundation.
[gzserver-2] Released under the Apache 2 License.
[gzserver-2] http://gazebosim.org
[gzserver-2] 
[gzserver-2] [1;33m[Wrn] [gazebo_ros_init.cpp:178] [0m[1;33m
[gzserver-2] #     # ####### ####### ###  #####  #######
[gzserver-2] ##    # #     #    #     #  #     # #
[gzserver-2] # #   # #     #    #     #  #       #
[gzserver-2] #  #  # #     #    #     #  #       #####
[gzserver-2] #   # # #     #    #     #  #       #
[gzserver-2] #    ## #     #    #     #  #     # #
[gzserver-2] #     # #######    #    ###  #####  #######
[gzserver-2] 
[gzserver-2] This version of Gazebo, now called Gazebo classic, reaches end-of-life
[gzserver-2] in January 2025. Users are highly encouraged to migrate to the new Gazebo
[gzserver-2] using our migration guides (https://gazebosim.org/docs/latest/gazebo_classic_migration?utm_source=gazebo_ros_pkgs&utm_medium=cli)
[gzserver-2] 
[gzserver-2] [0m[1;33m
[joint_state_publisher-4] [INFO] [1773041874.050401507] [drone.joint_state_publisher]: Waiting for robot_description to be published on the robot_description topic...
[apriltag_state_bridge-10] [INFO] [1773041874.961010159] [apriltag_state_bridge]: AprilTag bridge started: /drone/bottom/tags -> /landing_tag_state, use_target_id=True, target_id=0
[rviz2-1] [INFO] [1773041876.131399897] [rviz2]: Stereo is NOT SUPPORTED
[rviz2-1] [INFO] [1773041876.132448929] [rviz2]: OpenGl version: 4.6 (GLSL 4.6)
[rviz2-1] [INFO] [1773041876.160788668] [rviz2]: Stereo is NOT SUPPORTED
[rviz2-1] [INFO] [1773041876.348120761] [rviz2]: Stereo is NOT SUPPORTED
[gzserver-2] [1;32m[Msg] [0m[1;32mWaiting for master.[0m[1;32m
[gzserver-2] [0m[1;32m[0m[1;32m[0m[1;32m[Msg] [0m[1;32mConnected to gazebo master @ [0m[1;32mhttp://127.0.0.1:11345[0m[1;32m
[gzserver-2] [0m[1;32m[0m[1;32m[0m[1;32m[Msg] [0m[1;32mPublicized address: [0m[1;32m172.16.52.147[0m[1;32m
[gzserver-2] [0m[1;32m[0m[1;32m[0m[1;32m[Msg] [0m[1;32mLoading world file [[0m[1;32m/home/j/INCSL/IICC26_ws/install/sjtu_drone_description/share/sjtu_drone_description/worlds/landingPad.world[0m[1;32m][0m[1;32m
[gzserver-2] [0m[1;32m[0m[1;32m[0m[1;36m[Dbg] [wind_plugin.cpp:96] [0m[1;36mWindPlugin loaded: speed=[0m[1;36m0[0m[1;36m dir=[0m[1;36m0[0m[1;36m deg area=[0m[1;36m0.1[0m[1;36m coeff=[0m[1;36m1[0m[1;36m
[gzserver-2] [0m[1;33m[0m[1;33m[0m[1;31m[Err] [Sensor.cc:510] [0m[1;31mGet noise index not valid[0m[1;31m
[gzserver-2] [0m[1;31m[0m[1;31m[0m[1;31m[Err] [Sensor.cc:510] [0m[1;31mGet noise index not valid[0m[1;31m
[gzserver-2] [0m[1;31m[0m[1;31m[0m[1;31m[Err] [Sensor.cc:510] [0m[1;31mGet noise index not valid[0m[1;31m
[gzserver-2] [0m[1;31m[0m[1;31m[0m[1;31m[Err] [Sensor.cc:510] [0m[1;31mGet noise index not valid[0m[1;31m
[gzserver-2] [0m[1;31m[0m[1;31m[0m[1;31m[Err] [Sensor.cc:510] [0m[1;31mGet noise index not valid[0m[1;31m
[gzserver-2] [0m[1;31m[0m[1;31m[0m[1;31m[Err] [Sensor.cc:510] [0m[1;31mGet noise index not valid[0m[1;31m
[gzserver-2] [0m[1;31m[0m[1;31m[0mTopic [default//drone/base_footprint/down_camera/image] is not valid.
[gzserver-2] [INFO] [1773041877.022815746] [drone.collision_plugin]: Publishing contact states to [/drone/bumper_states]
[gzserver-2] Topic [default//drone/base_footprint/front_camera/image] is not valid.
[gzserver-2] [1;33m[Wrn] [Event.cc:61] [0m[1;33mWarning: Deleting a connection right after creation. [0m[1;33mMake sure to save the ConnectionPtr from a Connect call
[gzserver-2] [0m[INFO] [1773041877.494775297] [drone.camera_bottom]: Publishing camera info to [/drone/bottom/camera_info]
[gzserver-2] [INFO] [1773041877.531611806] [drone.camera_front]: Publishing camera info to [/drone/front/camera_info]
[spawn_drone-5] [INFO] [1773041877.545520288] [spawn_drone]: Result True SpawnEntity: Successfully spawned entity [/drone]
[gzserver-2] [INFO] [1773041877.686874401] [drone.simple_drone]: The drone plugin is loading!
[gzserver-2] [INFO] [1773041877.687228128] [drone.simple_drone]: pub_odom: 1
[gzserver-2] [INFO] [1773041877.687280313] [drone.simple_drone]: Using following parameters: 
[gzserver-2] 		link_name: base_footprint,
[gzserver-2] 		max_force: 30,
[gzserver-2] 		motion_small_noise: 0,
[gzserver-2] 		motion_drift_noise: 0,
[gzserver-2] 		motion_drift_noise_time: 50,
[gzserver-2] 		takeoff_hover_height: 1.89,
[gzserver-2] 		takeoff_vertical_speed: 0.2
[gzserver-2] [INFO] [1773041877.714980540] [drone.simple_drone]: Using the PID parameters: 
[gzserver-2] 	Roll Pitch:
[gzserver-2] 		kP: 10, kI: 0,kD: 5, Limit: 0.5, Time Constant: 0
[gzserver-2] 	Yaw:
[gzserver-2] 		kP: 2, kI: 0,kD: 1, Limit: 1.5, Time Constant: 0
[gzserver-2] 	Velocity X:
[gzserver-2] 		kP: 5, kI: 0,kD: 2.3, Limit: 2, Time Constant: 0
[gzserver-2] 	Velocity Y:
[gzserver-2] 		kP: 5, kI: 0,kD: 2.3, Limit: 2, Time Constant: 0
[gzserver-2] 	Velocity Z:
[gzserver-2] 		kP: 5, kI: 0,kD: 1, Limit: -1, Time Constant: 0
[gzserver-2] 	Position XY:
[gzserver-2] 		kP: 1.1, kI: 0,kD: 0, Limit: 5, Time Constant: 0
[gzserver-2] 	Position Z:
[gzserver-2] 		kP: 1, kI: 0,kD: 0.2, Limit: -1, Time Constant: 0
[gzserver-2] [INFO] [1773041877.715316479] [drone.simple_drone]: The drone plugin finished loading!
[INFO] [spawn_drone-5]: process has finished cleanly [pid 1548532]
[gzserver-2] [INFO] [1773041879.640435570] [gazebo_wind_plugin_node]: WindPlugin: set wind_speed=0.00 wind_direction=0.0
[gzserver-2] [INFO] [1773041880.130813234] [drone.simple_drone]: Quadrotor takes off!!
[gzserver-2] [INFO] [1773041880.335297047] [gazebo_wind_plugin_node]: WindPlugin: set wind_speed=0.00 wind_direction=0.0
[gzserver-2] [INFO] [1773041881.082308476] [gazebo_wind_plugin_node]: WindPlugin: set wind_speed=0.00 wind_direction=0.0
[gzserver-2] [0m[1;36m[Dbg] [wind_plugin.cpp:110] [0m[1;36mWindPlugin: received command -> speed=[0m[1;36m0[0m[1;36m dir=[0m[1;36m0[0m[1;36m
[gzserver-2] [0m[1;36m[Dbg] [wind_plugin.cpp:110] [0m[1;36mWindPlugin: received command -> speed=[0m[1;36m0[0m[1;36m dir=[0m[1;36m0[0m[1;36m
[gzserver-2] [0m[1;36m[Dbg] [wind_plugin.cpp:110] [0m[1;36mWindPlugin: received command -> speed=[0m[1;36m0[0m[1;36m dir=[0m[1;36m0[0m[1;36m
[gzserver-2] [0mEntering flying model!
[gzserver-2] [INFO] [1773041881.802076419] [gazebo_wind_plugin_node]: WindPlugin: set wind_speed=0.00 wind_direction=0.0
[gzserver-2] [INFO] [1773041882.518299043] [gazebo_wind_plugin_node]: WindPlugin: set wind_speed=0.00 wind_direction=0.0
[gzserver-2] [INFO] [1773041883.230610870] [gazebo_wind_plugin_node]: WindPlugin: set wind_speed=0.00 wind_direction=0.0
[gzserver-2] [INFO] [1773041883.953845145] [gazebo_wind_plugin_node]: WindPlugin: set wind_speed=0.00 wind_direction=0.0
[gzserver-2] [INFO] [1773041884.674599071] [gazebo_wind_plugin_node]: WindPlugin: set wind_speed=0.00 wind_direction=0.0
[gzserver-2] [INFO] [1773041885.381400887] [gazebo_wind_plugin_node]: WindPlugin: set wind_speed=0.00 wind_direction=0.0
[gzserver-2] [INFO] [1773041886.104952524] [gazebo_wind_plugin_node]: WindPlugin: set wind_speed=0.00 wind_direction=0.0
[gzserver-2] [INFO] [1773041886.818676919] [gazebo_wind_plugin_node]: WindPlugin: set wind_speed=0.00 wind_direction=0.0
[gzserver-2] [INFO] [1773041887.539653605] [gazebo_wind_plugin_node]: WindPlugin: set wind_speed=0.00 wind_direction=0.0
[gzserver-2] [INFO] [1773041888.255313048] [gazebo_wind_plugin_node]: WindPlugin: set wind_speed=0.00 wind_direction=0.0
[gzserver-2] [INFO] [1773041888.963343610] [gazebo_wind_plugin_node]: WindPlugin: set wind_speed=0.00 wind_direction=0.0
[gzserver-2] [INFO] [1773041889.683996523] [gazebo_wind_plugin_node]: WindPlugin: set wind_speed=0.00 wind_direction=0.0
[gzserver-2] [INFO] [1773041890.395255526] [gazebo_wind_plugin_node]: WindPlugin: set wind_speed=4.27 wind_direction=-88.8
[gzserver-2] [INFO] [1773041891.099872946] [gazebo_wind_plugin_node]: WindPlugin: set wind_speed=5.15 wind_direction=-86.4
[gzserver-2] [INFO] [1773041891.803168759] [gazebo_wind_plugin_node]: WindPlugin: set wind_speed=5.63 wind_direction=-85.0
[gzserver-2] [INFO] [1773041892.509451300] [gazebo_wind_plugin_node]: WindPlugin: set wind_speed=5.82 wind_direction=-84.4
[gzserver-2] [INFO] [1773041893.230753749] [gazebo_wind_plugin_node]: WindPlugin: set wind_speed=5.33 wind_direction=-77.8
[gzserver-2] [INFO] [1773041893.934241554] [gazebo_wind_plugin_node]: WindPlugin: set wind_speed=4.07 wind_direction=-90.6
[gzserver-2] [INFO] [1773041894.643331638] [gazebo_wind_plugin_node]: WindPlugin: set wind_speed=3.43 wind_direction=-94.6
[gzserver-2] [INFO] [1773041895.359279044] [gazebo_wind_plugin_node]: WindPlugin: set wind_speed=3.65 wind_direction=-95.3
[gzserver-2] [INFO] [1773041896.073386101] [gazebo_wind_plugin_node]: WindPlugin: set wind_speed=4.42 wind_direction=-103.0
[gzserver-2] [INFO] [1773041896.776809934] [gazebo_wind_plugin_node]: WindPlugin: set wind_speed=5.53 wind_direction=-99.9
[gzserver-2] [INFO] [1773041897.497031366] [gazebo_wind_plugin_node]: WindPlugin: set wind_speed=5.70 wind_direction=-104.2
[gzserver-2] [INFO] [1773041898.206634218] [gazebo_wind_plugin_node]: WindPlugin: set wind_speed=5.61 wind_direction=-103.4
[gzserver-2] [INFO] [1773041898.922401009] [gazebo_wind_plugin_node]: WindPlugin: set wind_speed=4.82 wind_direction=-103.1
[gzserver-2] [INFO] [1773041899.642007070] [gazebo_wind_plugin_node]: WindPlugin: set wind_speed=4.04 wind_direction=-98.9
[gzserver-2] [INFO] [1773041900.362325402] [gazebo_wind_plugin_node]: WindPlugin: set wind_speed=3.54 wind_direction=-95.2
[gzserver-2] [INFO] [1773041901.082155814] [gazebo_wind_plugin_node]: WindPlugin: set wind_speed=3.77 wind_direction=-89.7
[gzserver-2] [1;36m[Dbg] [wind_plugin.cpp:110] [0m[1;36mWindPlugin: received command -> speed=[0m[1;36m0[0m[1;36m dir=[0m[1;36m0[0m[1;36m
[gzserver-2] [0m[1;36m[Dbg] [wind_plugin.cpp:110] [0m[1;36mWindPlugin: received command -> speed=[0m[1;36m0[0m[1;36m dir=[0m[1;36m0[0m[1;36m
[gzserver-2] [0m[1;36m[Dbg] [wind_plugin.cpp:110] [0m[1;36mWindPlugin: received command -> speed=[0m[1;36m0[0m[1;36m dir=[0m[1;36m0[0m[1;36m
[gzserver-2] [0m[1;36m[Dbg] [wind_plugin.cpp:110] [0m[1;36mWindPlugin: received command -> speed=[0m[1;36m0[0m[1;36m dir=[0m[1;36m0[0m[1;36m
[gzserver-2] [0m[1;36m[Dbg] [wind_plugin.cpp:110] [0m[1;36mWindPlugin: received command -> speed=[0m[1;36m0[0m[1;36m dir=[0m[1;36m0[0m[1;36m
[gzserver-2] [0m[1;36m[Dbg] [wind_plugin.cpp:110] [0m[1;36mWindPlugin: received command -> speed=[0m[1;36m0[0m[1;36m dir=[0m[1;36m0[0m[1;36m
[gzserver-2] [0m[1;36m[Dbg] [wind_plugin.cpp:110] [0m[1;36mWindPlugin: received command -> speed=[0m[1;36m0[0m[1;36m dir=[0m[1;36m0[0m[1;36m
[gzserver-2] [0m[1;36m[Dbg] [wind_plugin.cpp:110] [0m[1;36mWindPlugin: received command -> speed=[0m[1;36m0[0m[1;36m dir=[0m[1;36m0[0m[1;36m
[gzserver-2] [0m[1;36m[Dbg] [wind_plugin.cpp:110] [0m[1;36mWindPlugin: received command -> speed=[0m[1;36m0[0m[1;36m dir=[0m[1;36m0[0m[1;36m
[gzserver-2] [0m[1;36m[Dbg] [wind_plugin.cpp:110] [0m[1;36mWindPlugin: received command -> speed=[0m[1;36m0[0m[1;36m dir=[0m[1;36m0[0m[1;36m
[gzserver-2] [0m[1;36m[Dbg] [wind_plugin.cpp:110] [0m[1;36mWindPlugin: received command -> speed=[0m[1;36m0[0m[1;36m dir=[0m[1;36m0[0m[1;36m
[gzserver-2] [0m[1;36m[Dbg] [wind_plugin.cpp:110] [0m[1;36mWindPlugin: received command -> speed=[0m[1;36m0[0m[1;36m dir=[0m[1;36m0[0m[1;36m
[gzserver-2] [0m[1;36m[Dbg] [wind_plugin.cpp:110] [0m[1;36mWindPlugin: received command -> speed=[0m[1;36m4.26589[0m[1;36m dir=[0m[1;36m-88.799[0m[1;36m
[gzserver-2] [0m[1;36m[Dbg] [wind_plugin.cpp:110] [0m[1;36mWindPlugin: received command -> speed=[0m[1;36m5.14686[0m[1;36m dir=[0m[1;36m-86.4249[0m[1;36m
[gzserver-2] [0m[1;36m[Dbg] [wind_plugin.cpp:110] [0m[1;36mWindPlugin: received command -> speed=[0m[1;36m5.62982[0m[1;36m dir=[0m[1;36m-84.9861[0m[1;36m
[gzserver-2] [0m[1;36m[Dbg] [wind_plugin.cpp:110] [0m[1;36mWindPlugin: received command -> speed=[0m[1;36m5.82192[0m[1;36m dir=[0m[1;36m-84.3642[0m[1;36m
[gzserver-2] [0m[1;36m[Dbg] [wind_plugin.cpp:110] [0m[1;36mWindPlugin: received command -> speed=[0m[1;36m5.3324[0m[1;36m dir=[0m[1;36m-77.7624[0m[1;36m
[gzserver-2] [0m[1;36m[Dbg] [wind_plugin.cpp:110] [0m[1;36mWindPlugin: received command -> speed=[0m[1;36m4.0691[0m[1;36m dir=[0m[1;36m-90.563[0m[1;36m
[gzserver-2] [0m[1;36m[Dbg] [wind_plugin.cpp:110] [0m[1;36mWindPlugin: received command -> speed=[0m[1;36m3.42558[0m[1;36m dir=[0m[1;36m-94.5558[0m[1;36m
[gzserver-2] [0m[1;36m[Dbg] [wind_plugin.cpp:110] [0m[1;36mWindPlugin: received command -> speed=[0m[1;36m3.65483[0m[1;36m dir=[0m[1;36m-95.2705[0m[1;36m
[gzserver-2] [0m[1;36m[Dbg] [wind_plugin.cpp:110] [0m[1;36mWindPlugin: received command -> speed=[0m[1;36m4.42097[0m[1;36m dir=[0m[1;36m-103.009[0m[1;36m
[gzserver-2] [0m[1;36m[Dbg] [wind_plugin.cpp:110] [0m[1;36mWindPlugin: received command -> speed=[0m[1;36m5.52942[0m[1;36m dir=[0m[1;36m-99.9452[0m[1;36m
[gzserver-2] [0m[1;36m[Dbg] [wind_plugin.cpp:110] [0m[1;36mWindPlugin: received command -> speed=[0m[1;36m5.7021[0m[1;36m dir=[0m[1;36m-104.19[0m[1;36m
[gzserver-2] [0m[1;36m[Dbg] [wind_plugin.cpp:110] [0m[1;36mWindPlugin: received command -> speed=[0m[1;36m5.61488[0m[1;36m dir=[0m[1;36m-103.396[0m[1;36m
[gzserver-2] [0m[1;36m[Dbg] [wind_plugin.cpp:110] [0m[1;36mWindPlugin: received command -> speed=[0m[1;36m4.82082[0m[1;36m dir=[0m[1;36m-103.133[0m[1;36m
[gzserver-2] [0m[1;36m[Dbg] [wind_plugin.cpp:110] [0m[1;36mWindPlugin: received command -> speed=[0m[1;36m4.03656[0m[1;36m dir=[0m[1;36m-98.9416[0m[1;36m
[gzserver-2] [0m[1;36m[Dbg] [wind_plugin.cpp:110] [0m[1;36mWindPlugin: received command -> speed=[0m[1;36m3.5364[0m[1;36m dir=[0m[1;36m-95.1613[0m[1;36m
[gzserver-2] [INFO] [1773041901.791487876] [gazebo_wind_plugin_node]: WindPlugin: set wind_speed=4.51 wind_direction=-83.4
[gzserver-2] [INFO] [1773041902.506828300] [gazebo_wind_plugin_node]: WindPlugin: set wind_speed=5.58 wind_direction=-91.4
[gzserver-2] [INFO] [1773041903.217071659] [gazebo_wind_plugin_node]: WindPlugin: set wind_speed=5.78 wind_direction=-82.1
[gzserver-2] [INFO] [1773041903.930204032] [gazebo_wind_plugin_node]: WindPlugin: set wind_speed=5.69 wind_direction=-88.0
[gzserver-2] [INFO] [1773041904.639000314] [gazebo_wind_plugin_node]: WindPlugin: set wind_speed=4.97 wind_direction=-86.7
[gzserver-2] [INFO] [1773041905.357354023] [gazebo_wind_plugin_node]: WindPlugin: set wind_speed=3.62 wind_direction=-91.0
[gzserver-2] [INFO] [1773041906.072882176] [gazebo_wind_plugin_node]: WindPlugin: set wind_speed=3.43 wind_direction=-90.0
[gzserver-2] [INFO] [1773041906.777878331] [gazebo_wind_plugin_node]: WindPlugin: set wind_speed=3.60 wind_direction=-99.8
[gzserver-2] [INFO] [1773041907.493588631] [gazebo_wind_plugin_node]: WindPlugin: set wind_speed=4.86 wind_direction=-99.2
[gzserver-2] [INFO] [1773041908.212714243] [gazebo_wind_plugin_node]: WindPlugin: set wind_speed=5.38 wind_direction=-99.7
[gzserver-2] [INFO] [1773041908.922808453] [gazebo_wind_plugin_node]: WindPlugin: set wind_speed=5.66 wind_direction=-105.8
