[INFO] [launch]: All log files can be found below /home/j/.ros/log/2026-03-10-21-18-58-826049-j-658305
[INFO] [launch]: Default logging verbosity is set to INFO
[INFO] [launch.user]: [bringup] Apriltag config: camera=/drone/bottom, image=/drone/bottom/image_raw, tags=/drone/bottom/tags, bridge=/landing_tag_state, standalone=true, use_target_id=true, target_id=0
[INFO] [rviz2-1]: process started with pid [658306]
[INFO] [gzserver-2]: process started with pid [658308]
[INFO] [robot_state_publisher-3]: process started with pid [658310]
[INFO] [joint_state_publisher-4]: process started with pid [658312]
[INFO] [spawn_drone-5]: process started with pid [658314]
[INFO] [static_transform_publisher-6]: process started with pid [658316]
[INFO] [joy_node-7]: process started with pid [658318]
[INFO] [teleop_joystick-8]: process started with pid [658320]
[INFO] [apriltag_detector_node-9]: process started with pid [658322]
[INFO] [apriltag_state_bridge-10]: process started with pid [658324]
[static_transform_publisher-6] [WARN] [1773145139.315516595] []: Old-style arguments are deprecated; see --help for new-style arguments
[static_transform_publisher-6] [INFO] [1773145139.321864783] [static_transform_publisher_q0LIDbHkz0Gia6ty]: Spinning until stopped - publishing transform
[static_transform_publisher-6] translation: ('0.000000', '0.000000', '0.000000')
[static_transform_publisher-6] rotation: ('0.000000', '0.000000', '0.000000', '1.000000')
[static_transform_publisher-6] from 'world' to '/drone/odom'
[robot_state_publisher-3] [INFO] [1773145139.335143002] [drone.robot_state_publisher]: got segment base_footprint
[robot_state_publisher-3] [INFO] [1773145139.335203935] [drone.robot_state_publisher]: got segment base_link
[robot_state_publisher-3] [INFO] [1773145139.335209457] [drone.robot_state_publisher]: got segment bottom_cam_link
[robot_state_publisher-3] [INFO] [1773145139.335212650] [drone.robot_state_publisher]: got segment front_cam_link
[robot_state_publisher-3] [INFO] [1773145139.335216426] [drone.robot_state_publisher]: got segment sonar_link
[rviz2-1] 
[rviz2-1] (rviz2:658306): dbind-WARNING **: 21:18:59.346: Couldn't connect to accessibility bus: Failed to connect to socket /root/.cache/at-spi/bus_0: 허가 거부
[apriltag_detector_node-9] [INFO] [1773145139.349626043] [apriltag_detector_node]: tag detector type: umich
[teleop_joystick-8] Traceback (most recent call last):
[teleop_joystick-8]   File "/home/j/INCSL/IICC26_ws/install/sjtu_drone_control/lib/sjtu_drone_control/teleop_joystick", line 33, in <module>
[teleop_joystick-8]     sys.exit(load_entry_point('sjtu_drone_control==0.0.0', 'console_scripts', 'teleop_joystick')())
[teleop_joystick-8]   File "/home/j/INCSL/IICC26_ws/install/sjtu_drone_control/lib/sjtu_drone_control/teleop_joystick", line 22, in importlib_load_entry_point
[teleop_joystick-8]     for entry_point in distribution(dist_name).entry_points
[teleop_joystick-8]   File "/usr/lib/python3.10/importlib/metadata/__init__.py", line 969, in distribution
[teleop_joystick-8]     return Distribution.from_name(distribution_name)
[teleop_joystick-8]   File "/usr/lib/python3.10/importlib/metadata/__init__.py", line 548, in from_name
[teleop_joystick-8]     raise PackageNotFoundError(name)
[teleop_joystick-8] importlib.metadata.PackageNotFoundError: No package metadata was found for sjtu_drone_control
[ERROR] [teleop_joystick-8]: process has died [pid 658320, exit code 1, cmd '/home/j/INCSL/IICC26_ws/install/sjtu_drone_control/lib/sjtu_drone_control/teleop_joystick --ros-args -r __ns:=/drone'].
[gzserver-2] Gazebo multi-robot simulator, version 11.10.2
[gzserver-2] Copyright (C) 2012 Open Source Robotics Foundation.
[gzserver-2] Released under the Apache 2 License.
[gzserver-2] http://gazebosim.org
[gzserver-2] 
[apriltag_state_bridge-10] [INFO] [1773145139.577415037] [apriltag_state_bridge]: AprilTag bridge started: /drone/bottom/tags -> /landing_tag_state, use_target_id=True, target_id=0
[joint_state_publisher-4] [INFO] [1773145139.600939790] [drone.joint_state_publisher]: Waiting for robot_description to be published on the robot_description topic...
[gzserver-2] [1;33m[Wrn] [gazebo_ros_init.cpp:178] [0m[1;33m
[gzserver-2] #     # ####### ####### ###  #####  #######
[gzserver-2] ##    # #     #    #     #  #     # #
[gzserver-2] # #   # #     #    #     #  #       #
[gzserver-2] #  #  # #     #    #     #  #       #####
[gzserver-2] #   # # #     #    #     #  #       #
[gzserver-2] #    ## #     #    #     #  #     # #
[gzserver-2] #     # #######    #    ###  #####  #######
[gzserver-2] 
[gzserver-2] This version of Gazebo, now called Gazebo classic, reaches end-of-life
[gzserver-2] in January 2025. Users are highly encouraged to migrate to the new Gazebo
[gzserver-2] using our migration guides (https://gazebosim.org/docs/latest/gazebo_classic_migration?utm_source=gazebo_ros_pkgs&utm_medium=cli)
[gzserver-2] 
[gzserver-2] [0m[1;33m
[rviz2-1] [INFO] [1773145140.100233565] [rviz2]: Stereo is NOT SUPPORTED
[rviz2-1] [INFO] [1773145140.100345232] [rviz2]: OpenGl version: 4.6 (GLSL 4.6)
[rviz2-1] [INFO] [1773145140.189324024] [rviz2]: Stereo is NOT SUPPORTED
[rviz2-1] [INFO] [1773145140.268313307] [rviz2]: Stereo is NOT SUPPORTED
[spawn_drone-5] [INFO] [1773145140.723181869] [spawn_drone]: Result False Entity pushed to spawn queue, but spawn service timed outwaiting for entity to appear in simulation under the name [/drone]
[gzserver-2] [1;32m[Msg] [0m[1;32mWaiting for master.[0m[1;32m
[gzserver-2] [0m[1;32m[0m[1;32m[0m[1;32m[Msg] [0m[1;32mConnected to gazebo master @ [0m[1;32mhttp://127.0.0.1:11345[0m[1;32m
[gzserver-2] [0m[1;32m[0m[1;32m[0m[1;32m[Msg] [0m[1;32mPublicized address: [0m[1;32m192.168.0.11[0m[1;32m
[gzserver-2] [0m[1;32m[0m[1;32m[0m[1;32m[Msg] [0m[1;32mLoading world file [[0m[1;32m/home/j/INCSL/IICC26_ws/install/sjtu_drone_description/share/sjtu_drone_description/worlds/landingPad.world[0m[1;32m][0m[1;32m
[gzserver-2] [0m[1;32m[0m[1;32m[0m[1;36m[Dbg] [wind_plugin.cpp:96] [0m[1;36mWindPlugin loaded: speed=[0m[1;36m0[0m[1;36m dir=[0m[1;36m0[0m[1;36m deg area=[0m[1;36m0.1[0m[1;36m coeff=[0m[1;36m1[0m[1;36m
[gzserver-2] [0m[1;33m[0m[1;33m[0m[1;31m[Err] [Sensor.cc:510] [0m[1;31mGet noise index not valid[0m[1;31m
[gzserver-2] [0m[1;31m[0m[1;31m[0m[1;31m[Err] [Sensor.cc:510] [0m[1;31mGet noise index not valid[0m[1;31m
[gzserver-2] [0m[1;31m[0m[1;31m[0m[1;31m[Err] [Sensor.cc:510] [0m[1;31mGet noise index not valid[0m[1;31m
[gzserver-2] [0m[1;31m[0m[1;31m[0m[1;31m[Err] [Sensor.cc:510] [0m[1;31mGet noise index not valid[0m[1;31m
[gzserver-2] [0m[1;31m[0m[1;31m[0m[1;31m[Err] [Sensor.cc:510] [0m[1;31mGet noise index not valid[0m[1;31m
[gzserver-2] [0m[1;31m[0m[1;31m[0m[1;31m[Err] [Sensor.cc:510] [0m[1;31mGet noise index not valid[0m[1;31m
[gzserver-2] [0m[1;31m[0m[1;31m[0mTopic [default//drone/base_footprint/down_camera/image] is not valid.
[gzserver-2] [INFO] [1773145140.754847709] [drone.collision_plugin]: Publishing contact states to [/drone/bumper_states]
[gzserver-2] Topic [default//drone/base_footprint/front_camera/image] is not valid.
[gzserver-2] [1;33m[Wrn] [Event.cc:61] [0m[1;33mWarning: Deleting a connection right after creation. [0m[1;33mMake sure to save the ConnectionPtr from a Connect call
[INFO] [spawn_drone-5]: process has finished cleanly [pid 658314]
[gzserver-2] [0m[INFO] [1773145141.342252899] [drone.camera_bottom]: Publishing camera info to [/drone/bottom/camera_info]
[gzserver-2] [INFO] [1773145141.345088496] [drone.camera_front]: Publishing camera info to [/drone/front/camera_info]
[gzserver-2] [INFO] [1773145141.466627109] [drone.simple_drone]: The drone plugin is loading!
[gzserver-2] [INFO] [1773145141.466820019] [drone.simple_drone]: pub_odom: 1
[gzserver-2] [INFO] [1773145141.466852823] [drone.simple_drone]: Using following parameters: 
[gzserver-2] 		link_name: base_footprint,
[gzserver-2] 		max_force: 30,
[gzserver-2] 		motion_small_noise: 0,
[gzserver-2] 		motion_drift_noise: 0,
[gzserver-2] 		motion_drift_noise_time: 50,
[gzserver-2] 		takeoff_hover_height: 1.65,
[gzserver-2] 		takeoff_vertical_speed: 0.2
[gzserver-2] [INFO] [1773145141.478802548] [drone.simple_drone]: Using the PID parameters: 
[gzserver-2] 	Roll Pitch:
[gzserver-2] 		kP: 10, kI: 0,kD: 5, Limit: 0.5, Time Constant: 0
[gzserver-2] 	Yaw:
[gzserver-2] 		kP: 2, kI: 0,kD: 1, Limit: 1.5, Time Constant: 0
[gzserver-2] 	Velocity X:
[gzserver-2] 		kP: 5, kI: 0,kD: 2.3, Limit: 2, Time Constant: 0
[gzserver-2] 	Velocity Y:
[gzserver-2] 		kP: 5, kI: 0,kD: 2.3, Limit: 2, Time Constant: 0
[gzserver-2] 	Velocity Z:
[gzserver-2] 		kP: 5, kI: 0,kD: 1, Limit: -1, Time Constant: 0
[gzserver-2] 	Position XY:
[gzserver-2] 		kP: 1.1, kI: 0,kD: 0, Limit: 5, Time Constant: 0
[gzserver-2] 	Position Z:
[gzserver-2] 		kP: 1, kI: 0,kD: 0.2, Limit: -1, Time Constant: 0
[gzserver-2] [INFO] [1773145141.478930862] [drone.simple_drone]: The drone plugin finished loading!
[gzserver-2] [INFO] [1773145148.652521962] [gazebo_wind_plugin_node]: WindPlugin: set wind_speed=0.00 wind_direction=0.0
[gzserver-2] [INFO] [1773145148.925715956] [gazebo_wind_plugin_node]: WindPlugin: set wind_speed=0.00 wind_direction=0.0
[gzserver-2] [INFO] [1773145148.964448708] [drone.simple_drone]: Quadrotor takes off!!
[gzserver-2] [INFO] [1773145149.165064433] [gazebo_wind_plugin_node]: WindPlugin: set wind_speed=0.00 wind_direction=0.0
[gzserver-2] [INFO] [1773145149.398797871] [gazebo_wind_plugin_node]: WindPlugin: set wind_speed=0.00 wind_direction=0.0
[gzserver-2] [INFO] [1773145149.627638735] [gazebo_wind_plugin_node]: WindPlugin: set wind_speed=0.00 wind_direction=0.0
[gzserver-2] [INFO] [1773145149.860976010] [gazebo_wind_plugin_node]: WindPlugin: set wind_speed=0.00 wind_direction=0.0
[gzserver-2] [INFO] [1773145150.100130046] [gazebo_wind_plugin_node]: WindPlugin: set wind_speed=0.00 wind_direction=0.0
[gzserver-2] [0m[1;36m[Dbg] [wind_plugin.cpp:110] [0m[1;36mWindPlugin: received command -> speed=[0m[1;36m0[0m[1;36m dir=[0m[1;36m0[0m[1;36m
[gzserver-2] [0m[1;36m[Dbg] [wind_plugin.cpp:110] [0m[1;36mWindPlugin: received command -> speed=[0m[1;36m0[0m[1;36m dir=[0m[1;36m0[0m[1;36m
[gzserver-2] [0m[1;36m[Dbg] [wind_plugin.cpp:110] [0m[1;36mWindPlugin: received command -> speed=[0m[1;36m0[0m[1;36m dir=[0m[1;36m0[0m[1;36m
[gzserver-2] [0m[1;36m[Dbg] [wind_plugin.cpp:110] [0m[1;36mWindPlugin: received command -> speed=[0m[1;36m0[0m[1;36m dir=[0m[1;36m0[0m[1;36m
[gzserver-2] [0m[1;36m[Dbg] [wind_plugin.cpp:110] [0m[1;36mWindPlugin: received command -> speed=[0m[1;36m0[0m[1;36m dir=[0m[1;36m0[0m[1;36m
[gzserver-2] [0m[1;36m[Dbg] [wind_plugin.cpp:110] [0m[1;36mWindPlugin: received command -> speed=[0m[1;36m0[0m[1;36m dir=[0m[1;36m0[0m[1;36m
[gzserver-2] [0m[1;36m[Dbg] [wind_plugin.cpp:110] [0m[1;36mWindPlugin: received command -> speed=[0m[1;36m0[0m[1;36m dir=[0m[1;36m0[0m[1;36m
[gzserver-2] [0mEntering flying model!
[gzserver-2] [INFO] [1773145150.329669952] [gazebo_wind_plugin_node]: WindPlugin: set wind_speed=0.00 wind_direction=0.0
[gzserver-2] [INFO] [1773145150.568716224] [gazebo_wind_plugin_node]: WindPlugin: set wind_speed=2.63 wind_direction=-91.7
[gzserver-2] [INFO] [1773145150.807903588] [gazebo_wind_plugin_node]: WindPlugin: set wind_speed=2.63 wind_direction=-91.7
[gzserver-2] [INFO] [1773145151.047357313] [gazebo_wind_plugin_node]: WindPlugin: set wind_speed=2.63 wind_direction=-91.7
[gzserver-2] [INFO] [1773145151.284008126] [gazebo_wind_plugin_node]: WindPlugin: set wind_speed=2.50 wind_direction=-89.1
[gzserver-2] [INFO] [1773145151.519065821] [gazebo_wind_plugin_node]: WindPlugin: set wind_speed=2.50 wind_direction=-89.1
[gzserver-2] [INFO] [1773145151.758195548] [gazebo_wind_plugin_node]: WindPlugin: set wind_speed=2.50 wind_direction=-89.1
[gzserver-2] [INFO] [1773145151.992180046] [gazebo_wind_plugin_node]: WindPlugin: set wind_speed=2.50 wind_direction=-89.1
[gzserver-2] [INFO] [1773145152.231965237] [gazebo_wind_plugin_node]: WindPlugin: set wind_speed=2.46 wind_direction=-87.3
[gzserver-2] [INFO] [1773145152.465689552] [gazebo_wind_plugin_node]: WindPlugin: set wind_speed=2.46 wind_direction=-87.3
[gzserver-2] [INFO] [1773145152.699795773] [gazebo_wind_plugin_node]: WindPlugin: set wind_speed=2.46 wind_direction=-87.3
[gzserver-2] [INFO] [1773145152.933475830] [gazebo_wind_plugin_node]: WindPlugin: set wind_speed=2.46 wind_direction=-87.3
[gzserver-2] [INFO] [1773145153.172875917] [gazebo_wind_plugin_node]: WindPlugin: set wind_speed=2.45 wind_direction=-90.6
[gzserver-2] [INFO] [1773145153.402272990] [gazebo_wind_plugin_node]: WindPlugin: set wind_speed=2.45 wind_direction=-90.6
[gzserver-2] [INFO] [1773145153.435055780] [drone.simple_drone]: Quadrotor lands!!
[gzserver-2] [INFO] [1773145153.636480783] [gazebo_wind_plugin_node]: WindPlugin: set wind_speed=2.45 wind_direction=-90.6
[gzserver-2] [INFO] [1773145153.870593382] [gazebo_wind_plugin_node]: WindPlugin: set wind_speed=2.45 wind_direction=-90.6
[gzserver-2] [INFO] [1773145154.110087867] [gazebo_wind_plugin_node]: WindPlugin: set wind_speed=2.45 wind_direction=-90.6
[gzserver-2] [INFO] [1773145154.344132833] [gazebo_wind_plugin_node]: WindPlugin: set wind_speed=2.59 wind_direction=-92.2
[gzserver-2] [1;36m[Dbg] [wind_plugin.cpp:110] [0m[1;36mWindPlugin: received command -> speed=[0m[1;36m0[0m[1;36m dir=[0m[1;36m0[0m[1;36m
[gzserver-2] [0m[1;36m[Dbg] [wind_plugin.cpp:110] [0m[1;36mWindPlugin: received command -> speed=[0m[1;36m2.62729[0m[1;36m dir=[0m[1;36m-91.6571[0m[1;36m
[gzserver-2] [0m[1;36m[Dbg] [wind_plugin.cpp:110] [0m[1;36mWindPlugin: received command -> speed=[0m[1;36m2.62729[0m[1;36m dir=[0m[1;36m-91.6571[0m[1;36m
[gzserver-2] [0m[1;36m[Dbg] [wind_plugin.cpp:110] [0m[1;36mWindPlugin: received command -> speed=[0m[1;36m2.62729[0m[1;36m dir=[0m[1;36m-91.6571[0m[1;36m
[gzserver-2] [0m[1;36m[Dbg] [wind_plugin.cpp:110] [0m[1;36mWindPlugin: received command -> speed=[0m[1;36m2.49893[0m[1;36m dir=[0m[1;36m-89.1488[0m[1;36m
[gzserver-2] [0m[1;36m[Dbg] [wind_plugin.cpp:110] [0m[1;36mWindPlugin: received command -> speed=[0m[1;36m2.49893[0m[1;36m dir=[0m[1;36m-89.1488[0m[1;36m
[gzserver-2] [0m[1;36m[Dbg] [wind_plugin.cpp:110] [0m[1;36mWindPlugin: received command -> speed=[0m[1;36m2.49893[0m[1;36m dir=[0m[1;36m-89.1488[0m[1;36m
[gzserver-2] [0m[1;36m[Dbg] [wind_plugin.cpp:110] [0m[1;36mWindPlugin: received command -> speed=[0m[1;36m2.49893[0m[1;36m dir=[0m[1;36m-89.1488[0m[1;36m
[gzserver-2] [0m[1;36m[Dbg] [wind_plugin.cpp:110] [0m[1;36mWindPlugin: received command -> speed=[0m[1;36m2.45812[0m[1;36m dir=[0m[1;36m-87.3037[0m[1;36m
[gzserver-2] [0m[1;36m[Dbg] [wind_plugin.cpp:110] [0m[1;36mWindPlugin: received command -> speed=[0m[1;36m2.45812[0m[1;36m dir=[0m[1;36m-87.3037[0m[1;36m
[gzserver-2] [0m[1;36m[Dbg] [wind_plugin.cpp:110] [0m[1;36mWindPlugin: received command -> speed=[0m[1;36m2.45812[0m[1;36m dir=[0m[1;36m-87.3037[0m[1;36m
[gzserver-2] [0m[1;36m[Dbg] [wind_plugin.cpp:110] [0m[1;36mWindPlugin: received command -> speed=[0m[1;36m2.45812[0m[1;36m dir=[0m[1;36m-87.3037[0m[1;36m
[gzserver-2] [0m[1;36m[Dbg] [wind_plugin.cpp:110] [0m[1;36mWindPlugin: received command -> speed=[0m[1;36m2.44705[0m[1;36m dir=[0m[1;36m-90.6496[0m[1;36m
[gzserver-2] [0m[1;36m[Dbg] [wind_plugin.cpp:110] [0m[1;36mWindPlugin: received command -> speed=[0m[1;36m2.44705[0m[1;36m dir=[0m[1;36m-90.6496[0m[1;36m
[gzserver-2] [0m[1;36m[Dbg] [wind_plugin.cpp:110] [0m[1;36mWindPlugin: received command -> speed=[0m[1;36m2.44705[0m[1;36m dir=[0m[1;36m-90.6496[0m[1;36m
[gzserver-2] [0m[1;36m[Dbg] [wind_plugin.cpp:110] [0m[1;36mWindPlugin: received command -> speed=[0m[1;36m2.44705[0m[1;36m dir=[0m[1;36m-90.6496[0m[1;36m
[gzserver-2] [0m[1;36m[Dbg] [wind_plugin.cpp:110] [0m[1;36mWindPlugin: received command -> speed=[0m[1;36m2.44705[0m[1;36m dir=[0m[1;36m-90.6496[0m[1;36m
[gzserver-2] [0m[1;36m[Dbg] [wind_plugin.cpp:110] [0m[1;36mWindPlugin: received command -> speed=[0m[1;36m2.58818[0m[1;36m dir=[0m[1;36m-92.1739[0m[1;36m
[gzserver-2] [0mLanded!
[gzserver-2] [INFO] [1773145154.578578478] [gazebo_wind_plugin_node]: WindPlugin: set wind_speed=2.59 wind_direction=-92.2
[gzserver-2] [INFO] [1773145154.817699666] [gazebo_wind_plugin_node]: WindPlugin: set wind_speed=2.59 wind_direction=-92.2
[gzserver-2] [INFO] [1773145155.051645691] [gazebo_wind_plugin_node]: WindPlugin: set wind_speed=2.59 wind_direction=-92.2
[gzserver-2] [INFO] [1773145155.291178401] [gazebo_wind_plugin_node]: WindPlugin: set wind_speed=2.55 wind_direction=-91.3
[gzserver-2] [INFO] [1773145155.531148367] [gazebo_wind_plugin_node]: WindPlugin: set wind_speed=2.55 wind_direction=-91.3
[gzserver-2] [INFO] [1773145155.770997344] [gazebo_wind_plugin_node]: WindPlugin: set wind_speed=2.55 wind_direction=-91.3
[gzserver-2] [INFO] [1773145156.007542795] [gazebo_wind_plugin_node]: WindPlugin: set wind_speed=2.55 wind_direction=-91.3
[gzserver-2] [INFO] [1773145156.247985730] [gazebo_wind_plugin_node]: WindPlugin: set wind_speed=2.67 wind_direction=-89.8
