[INFO] [launch]: All log files can be found below /home/j/.ros/log/2026-03-10-14-12-47-621388-j-2179709
[INFO] [launch]: Default logging verbosity is set to INFO
[INFO] [launch.user]: [bringup] Apriltag config: camera=/drone/bottom, image=/drone/bottom/image_raw, tags=/drone/bottom/tags, bridge=/landing_tag_state, standalone=true, use_target_id=true, target_id=0
[INFO] [rviz2-1]: process started with pid [2179712]
[INFO] [gzserver-2]: process started with pid [2179714]
[INFO] [robot_state_publisher-3]: process started with pid [2179716]
[INFO] [joint_state_publisher-4]: process started with pid [2179718]
[INFO] [spawn_drone-5]: process started with pid [2179720]
[INFO] [static_transform_publisher-6]: process started with pid [2179722]
[INFO] [joy_node-7]: process started with pid [2179724]
[INFO] [teleop_joystick-8]: process started with pid [2179726]
[INFO] [apriltag_detector_node-9]: process started with pid [2179728]
[INFO] [apriltag_state_bridge-10]: process started with pid [2179730]
[static_transform_publisher-6] [WARN] [1773119568.093843322] []: Old-style arguments are deprecated; see --help for new-style arguments
[static_transform_publisher-6] [INFO] [1773119568.099981154] [static_transform_publisher_H2VdUDq7eWIaYzBY]: Spinning until stopped - publishing transform
[static_transform_publisher-6] translation: ('0.000000', '0.000000', '0.000000')
[static_transform_publisher-6] rotation: ('0.000000', '0.000000', '0.000000', '1.000000')
[static_transform_publisher-6] from 'world' to '/drone/odom'
[robot_state_publisher-3] [INFO] [1773119568.125944224] [drone.robot_state_publisher]: got segment base_footprint
[robot_state_publisher-3] [INFO] [1773119568.126034948] [drone.robot_state_publisher]: got segment base_link
[robot_state_publisher-3] [INFO] [1773119568.126047587] [drone.robot_state_publisher]: got segment bottom_cam_link
[robot_state_publisher-3] [INFO] [1773119568.126056050] [drone.robot_state_publisher]: got segment front_cam_link
[robot_state_publisher-3] [INFO] [1773119568.126063209] [drone.robot_state_publisher]: got segment sonar_link
[apriltag_detector_node-9] [INFO] [1773119568.129675526] [apriltag_detector_node]: tag detector type: umich
[rviz2-1] 
[rviz2-1] (rviz2:2179712): dbind-WARNING **: 14:12:48.130: Couldn't connect to accessibility bus: Failed to connect to socket /root/.cache/at-spi/bus_0: 허가 거부
[teleop_joystick-8] Traceback (most recent call last):
[teleop_joystick-8]   File "/home/j/INCSL/IICC26_ws/install/sjtu_drone_control/lib/sjtu_drone_control/teleop_joystick", line 33, in <module>
[teleop_joystick-8]     sys.exit(load_entry_point('sjtu_drone_control==0.0.0', 'console_scripts', 'teleop_joystick')())
[teleop_joystick-8]   File "/home/j/INCSL/IICC26_ws/install/sjtu_drone_control/lib/sjtu_drone_control/teleop_joystick", line 22, in importlib_load_entry_point
[teleop_joystick-8]     for entry_point in distribution(dist_name).entry_points
[teleop_joystick-8]   File "/usr/lib/python3.10/importlib/metadata/__init__.py", line 969, in distribution
[teleop_joystick-8]     return Distribution.from_name(distribution_name)
[teleop_joystick-8]   File "/usr/lib/python3.10/importlib/metadata/__init__.py", line 548, in from_name
[teleop_joystick-8]     raise PackageNotFoundError(name)
[teleop_joystick-8] importlib.metadata.PackageNotFoundError: No package metadata was found for sjtu_drone_control
[ERROR] [teleop_joystick-8]: process has died [pid 2179726, exit code 1, cmd '/home/j/INCSL/IICC26_ws/install/sjtu_drone_control/lib/sjtu_drone_control/teleop_joystick --ros-args -r __ns:=/drone'].
[gzserver-2] Gazebo multi-robot simulator, version 11.10.2
[gzserver-2] Copyright (C) 2012 Open Source Robotics Foundation.
[gzserver-2] Released under the Apache 2 License.
[gzserver-2] http://gazebosim.org
[gzserver-2] 
[joint_state_publisher-4] [INFO] [1773119568.318185070] [drone.joint_state_publisher]: Waiting for robot_description to be published on the robot_description topic...
[apriltag_state_bridge-10] [INFO] [1773119568.370012308] [apriltag_state_bridge]: AprilTag bridge started: /drone/bottom/tags -> /landing_tag_state, use_target_id=True, target_id=0
[gzserver-2] [1;33m[Wrn] [gazebo_ros_init.cpp:178] [0m[1;33m
[gzserver-2] #     # ####### ####### ###  #####  #######
[gzserver-2] ##    # #     #    #     #  #     # #
[gzserver-2] # #   # #     #    #     #  #       #
[gzserver-2] #  #  # #     #    #     #  #       #####
[gzserver-2] #   # # #     #    #     #  #       #
[gzserver-2] #    ## #     #    #     #  #     # #
[gzserver-2] #     # #######    #    ###  #####  #######
[gzserver-2] 
[gzserver-2] This version of Gazebo, now called Gazebo classic, reaches end-of-life
[gzserver-2] in January 2025. Users are highly encouraged to migrate to the new Gazebo
[gzserver-2] using our migration guides (https://gazebosim.org/docs/latest/gazebo_classic_migration?utm_source=gazebo_ros_pkgs&utm_medium=cli)
[gzserver-2] 
[gzserver-2] [0m[1;33m
[rviz2-1] [INFO] [1773119568.772023566] [rviz2]: Stereo is NOT SUPPORTED
[rviz2-1] [INFO] [1773119568.772112100] [rviz2]: OpenGl version: 4.6 (GLSL 4.6)
[rviz2-1] [INFO] [1773119568.955919337] [rviz2]: Stereo is NOT SUPPORTED
[rviz2-1] [INFO] [1773119569.030347743] [rviz2]: Stereo is NOT SUPPORTED
[spawn_drone-5] [INFO] [1773119569.520216196] [spawn_drone]: Result False Entity pushed to spawn queue, but spawn service timed outwaiting for entity to appear in simulation under the name [/drone]
[gzserver-2] [1;32m[Msg] [0m[1;32mWaiting for master.[0m[1;32m
[gzserver-2] [0m[1;32m[0m[1;32m[0m[1;32m[Msg] [0m[1;32mConnected to gazebo master @ [0m[1;32mhttp://127.0.0.1:11345[0m[1;32m
[gzserver-2] [0m[1;32m[0m[1;32m[0m[1;32m[Msg] [0m[1;32mPublicized address: [0m[1;32m172.16.52.147[0m[1;32m
[gzserver-2] [0m[1;32m[0m[1;32m[0m[1;32m[Msg] [0m[1;32mLoading world file [[0m[1;32m/home/j/INCSL/IICC26_ws/install/sjtu_drone_description/share/sjtu_drone_description/worlds/landingPad.world[0m[1;32m][0m[1;32m
[gzserver-2] [0m[1;32m[0m[1;32m[0m[1;36m[Dbg] [wind_plugin.cpp:96] [0m[1;36mWindPlugin loaded: speed=[0m[1;36m0[0m[1;36m dir=[0m[1;36m0[0m[1;36m deg area=[0m[1;36m0.1[0m[1;36m coeff=[0m[1;36m1[0m[1;36m
[gzserver-2] [0m[1;33m[0m[1;33m[0m[1;31m[Err] [Sensor.cc:510] [0m[1;31mGet noise index not valid[0m[1;31m
[gzserver-2] [0m[1;31m[0m[1;31m[0m[1;31m[Err] [Sensor.cc:510] [0m[1;31mGet noise index not valid[0m[1;31m
[gzserver-2] [0m[1;31m[0m[1;31m[0m[1;31m[Err] [Sensor.cc:510] [0m[1;31mGet noise index not valid[0m[1;31m
[gzserver-2] [0m[1;31m[0m[1;31m[0m[1;31m[Err] [Sensor.cc:510] [0m[1;31mGet noise index not valid[0m[1;31m
[gzserver-2] [0m[1;31m[0m[1;31m[0m[1;31m[Err] [Sensor.cc:510] [0m[1;31mGet noise index not valid[0m[1;31m
[gzserver-2] [0m[1;31m[0m[1;31m[0m[1;31m[Err] [Sensor.cc:510] [0m[1;31mGet noise index not valid[0m[1;31m
[gzserver-2] [0m[1;31m[0m[1;31m[0mTopic [default//drone/base_footprint/down_camera/image] is not valid.
[gzserver-2] [INFO] [1773119569.550783284] [drone.collision_plugin]: Publishing contact states to [/drone/bumper_states]
[gzserver-2] Topic [default//drone/base_footprint/front_camera/image] is not valid.
[gzserver-2] [1;33m[Wrn] [Event.cc:61] [0m[1;33mWarning: Deleting a connection right after creation. [0m[1;33mMake sure to save the ConnectionPtr from a Connect call
[INFO] [spawn_drone-5]: process has finished cleanly [pid 2179720]
[gzserver-2] [0m[INFO] [1773119570.144103905] [drone.camera_bottom]: Publishing camera info to [/drone/bottom/camera_info]
[gzserver-2] [INFO] [1773119570.148436540] [drone.camera_front]: Publishing camera info to [/drone/front/camera_info]
[gzserver-2] [INFO] [1773119570.269385047] [drone.simple_drone]: The drone plugin is loading!
[gzserver-2] [INFO] [1773119570.269596388] [drone.simple_drone]: pub_odom: 1
[gzserver-2] [INFO] [1773119570.269628828] [drone.simple_drone]: Using following parameters: 
[gzserver-2] 		link_name: base_footprint,
[gzserver-2] 		max_force: 30,
[gzserver-2] 		motion_small_noise: 0,
[gzserver-2] 		motion_drift_noise: 0,
[gzserver-2] 		motion_drift_noise_time: 50,
[gzserver-2] 		takeoff_hover_height: 2.16,
[gzserver-2] 		takeoff_vertical_speed: 0.2
[gzserver-2] [INFO] [1773119570.281364338] [drone.simple_drone]: Using the PID parameters: 
[gzserver-2] 	Roll Pitch:
[gzserver-2] 		kP: 10, kI: 0,kD: 5, Limit: 0.5, Time Constant: 0
[gzserver-2] 	Yaw:
[gzserver-2] 		kP: 2, kI: 0,kD: 1, Limit: 1.5, Time Constant: 0
[gzserver-2] 	Velocity X:
[gzserver-2] 		kP: 5, kI: 0,kD: 2.3, Limit: 2, Time Constant: 0
[gzserver-2] 	Velocity Y:
[gzserver-2] 		kP: 5, kI: 0,kD: 2.3, Limit: 2, Time Constant: 0
[gzserver-2] 	Velocity Z:
[gzserver-2] 		kP: 5, kI: 0,kD: 1, Limit: -1, Time Constant: 0
[gzserver-2] 	Position XY:
[gzserver-2] 		kP: 1.1, kI: 0,kD: 0, Limit: 5, Time Constant: 0
[gzserver-2] 	Position Z:
[gzserver-2] 		kP: 1, kI: 0,kD: 0.2, Limit: -1, Time Constant: 0
[gzserver-2] [INFO] [1773119570.281503283] [drone.simple_drone]: The drone plugin finished loading!
[gzserver-2] [INFO] [1773119577.447860850] [gazebo_wind_plugin_node]: WindPlugin: set wind_speed=0.00 wind_direction=0.0
[gzserver-2] [INFO] [1773119577.713561219] [gazebo_wind_plugin_node]: WindPlugin: set wind_speed=0.00 wind_direction=0.0
[gzserver-2] [INFO] [1773119577.752254438] [drone.simple_drone]: Quadrotor takes off!!
[gzserver-2] [INFO] [1773119577.953313367] [gazebo_wind_plugin_node]: WindPlugin: set wind_speed=0.00 wind_direction=0.0
[gzserver-2] [INFO] [1773119578.190476152] [gazebo_wind_plugin_node]: WindPlugin: set wind_speed=0.00 wind_direction=0.0
[gzserver-2] [INFO] [1773119578.424516321] [gazebo_wind_plugin_node]: WindPlugin: set wind_speed=0.00 wind_direction=0.0
[gzserver-2] [INFO] [1773119578.664250158] [gazebo_wind_plugin_node]: WindPlugin: set wind_speed=0.00 wind_direction=0.0
[gzserver-2] [INFO] [1773119578.898430977] [gazebo_wind_plugin_node]: WindPlugin: set wind_speed=0.00 wind_direction=0.0
[gzserver-2] [INFO] [1773119579.137595506] [gazebo_wind_plugin_node]: WindPlugin: set wind_speed=0.00 wind_direction=0.0
[gzserver-2] [INFO] [1773119579.377471586] [gazebo_wind_plugin_node]: WindPlugin: set wind_speed=0.00 wind_direction=0.0
[gzserver-2] [0m[1;36m[Dbg] [wind_plugin.cpp:110] [0m[1;36mWindPlugin: received command -> speed=[0m[1;36m0[0m[1;36m dir=[0m[1;36m0[0m[1;36m
[gzserver-2] [0m[1;36m[Dbg] [wind_plugin.cpp:110] [0m[1;36mWindPlugin: received command -> speed=[0m[1;36m0[0m[1;36m dir=[0m[1;36m0[0m[1;36m
[gzserver-2] [0m[1;36m[Dbg] [wind_plugin.cpp:110] [0m[1;36mWindPlugin: received command -> speed=[0m[1;36m0[0m[1;36m dir=[0m[1;36m0[0m[1;36m
[gzserver-2] [0m[1;36m[Dbg] [wind_plugin.cpp:110] [0m[1;36mWindPlugin: received command -> speed=[0m[1;36m0[0m[1;36m dir=[0m[1;36m0[0m[1;36m
[gzserver-2] [0m[1;36m[Dbg] [wind_plugin.cpp:110] [0m[1;36mWindPlugin: received command -> speed=[0m[1;36m0[0m[1;36m dir=[0m[1;36m0[0m[1;36m
[gzserver-2] [0m[1;36m[Dbg] [wind_plugin.cpp:110] [0m[1;36mWindPlugin: received command -> speed=[0m[1;36m0[0m[1;36m dir=[0m[1;36m0[0m[1;36m
[gzserver-2] [0m[1;36m[Dbg] [wind_plugin.cpp:110] [0m[1;36mWindPlugin: received command -> speed=[0m[1;36m0[0m[1;36m dir=[0m[1;36m0[0m[1;36m
[gzserver-2] [0m[1;36m[Dbg] [wind_plugin.cpp:110] [0m[1;36mWindPlugin: received command -> speed=[0m[1;36m0[0m[1;36m dir=[0m[1;36m0[0m[1;36m
[gzserver-2] [0m[1;36m[Dbg] [wind_plugin.cpp:110] [0m[1;36mWindPlugin: received command -> speed=[0m[1;36m0[0m[1;36m dir=[0m[1;36m0[0m[1;36m
[gzserver-2] [0mEntering flying model!
[gzserver-2] [INFO] [1773119579.616792983] [gazebo_wind_plugin_node]: WindPlugin: set wind_speed=0.00 wind_direction=0.0
[gzserver-2] [INFO] [1773119579.846173694] [gazebo_wind_plugin_node]: WindPlugin: set wind_speed=2.76 wind_direction=-127.9
[gzserver-2] [INFO] [1773119580.085480775] [gazebo_wind_plugin_node]: WindPlugin: set wind_speed=3.02 wind_direction=-127.2
[gzserver-2] [INFO] [1773119580.324865298] [gazebo_wind_plugin_node]: WindPlugin: set wind_speed=3.02 wind_direction=-127.2
[gzserver-2] [INFO] [1773119580.564275199] [gazebo_wind_plugin_node]: WindPlugin: set wind_speed=3.02 wind_direction=-127.2
[gzserver-2] [INFO] [1773119580.799339620] [gazebo_wind_plugin_node]: WindPlugin: set wind_speed=3.02 wind_direction=-127.2
[gzserver-2] [INFO] [1773119581.033455894] [gazebo_wind_plugin_node]: WindPlugin: set wind_speed=3.02 wind_direction=-129.7
[gzserver-2] [INFO] [1773119581.273237495] [gazebo_wind_plugin_node]: WindPlugin: set wind_speed=3.02 wind_direction=-129.7
[gzserver-2] [INFO] [1773119581.514633061] [gazebo_wind_plugin_node]: WindPlugin: set wind_speed=3.02 wind_direction=-129.7
[gzserver-2] [INFO] [1773119581.754025242] [gazebo_wind_plugin_node]: WindPlugin: set wind_speed=3.02 wind_direction=-129.7
[gzserver-2] [INFO] [1773119581.993518727] [gazebo_wind_plugin_node]: WindPlugin: set wind_speed=2.98 wind_direction=-125.3
[gzserver-2] [INFO] [1773119582.232951349] [gazebo_wind_plugin_node]: WindPlugin: set wind_speed=2.98 wind_direction=-125.3
[gzserver-2] [INFO] [1773119582.472444277] [gazebo_wind_plugin_node]: WindPlugin: set wind_speed=2.98 wind_direction=-125.3
[gzserver-2] [INFO] [1773119582.706821574] [gazebo_wind_plugin_node]: WindPlugin: set wind_speed=2.98 wind_direction=-125.3
[gzserver-2] [INFO] [1773119582.738522625] [drone.simple_drone]: Quadrotor lands!!
[gzserver-2] [INFO] [1773119582.940371041] [gazebo_wind_plugin_node]: WindPlugin: set wind_speed=2.98 wind_direction=-125.3
[gzserver-2] [INFO] [1773119583.179777323] [gazebo_wind_plugin_node]: WindPlugin: set wind_speed=2.95 wind_direction=-125.3
[gzserver-2] [INFO] [1773119583.414984815] [gazebo_wind_plugin_node]: WindPlugin: set wind_speed=2.95 wind_direction=-125.3
[gzserver-2] [INFO] [1773119583.651110891] [gazebo_wind_plugin_node]: WindPlugin: set wind_speed=2.95 wind_direction=-125.3
[gzserver-2] [1;36m[Dbg] [wind_plugin.cpp:110] [0m[1;36mWindPlugin: received command -> speed=[0m[1;36m0[0m[1;36m dir=[0m[1;36m0[0m[1;36m
[gzserver-2] [0m[1;36m[Dbg] [wind_plugin.cpp:110] [0m[1;36mWindPlugin: received command -> speed=[0m[1;36m2.75722[0m[1;36m dir=[0m[1;36m-127.893[0m[1;36m
[gzserver-2] [0m[1;36m[Dbg] [wind_plugin.cpp:110] [0m[1;36mWindPlugin: received command -> speed=[0m[1;36m3.02101[0m[1;36m dir=[0m[1;36m-127.183[0m[1;36m
[gzserver-2] [0m[1;36m[Dbg] [wind_plugin.cpp:110] [0m[1;36mWindPlugin: received command -> speed=[0m[1;36m3.02101[0m[1;36m dir=[0m[1;36m-127.183[0m[1;36m
[gzserver-2] [0m[1;36m[Dbg] [wind_plugin.cpp:110] [0m[1;36mWindPlugin: received command -> speed=[0m[1;36m3.02101[0m[1;36m dir=[0m[1;36m-127.183[0m[1;36m
[gzserver-2] [0m[1;36m[Dbg] [wind_plugin.cpp:110] [0m[1;36mWindPlugin: received command -> speed=[0m[1;36m3.02101[0m[1;36m dir=[0m[1;36m-127.183[0m[1;36m
[gzserver-2] [0m[1;36m[Dbg] [wind_plugin.cpp:110] [0m[1;36mWindPlugin: received command -> speed=[0m[1;36m3.0167[0m[1;36m dir=[0m[1;36m-129.735[0m[1;36m
[gzserver-2] [0m[1;36m[Dbg] [wind_plugin.cpp:110] [0m[1;36mWindPlugin: received command -> speed=[0m[1;36m3.0167[0m[1;36m dir=[0m[1;36m-129.735[0m[1;36m
[gzserver-2] [0m[1;36m[Dbg] [wind_plugin.cpp:110] [0m[1;36mWindPlugin: received command -> speed=[0m[1;36m3.0167[0m[1;36m dir=[0m[1;36m-129.735[0m[1;36m
[gzserver-2] [0m[1;36m[Dbg] [wind_plugin.cpp:110] [0m[1;36mWindPlugin: received command -> speed=[0m[1;36m3.0167[0m[1;36m dir=[0m[1;36m-129.735[0m[1;36m
[gzserver-2] [0m[1;36m[Dbg] [wind_plugin.cpp:110] [0m[1;36mWindPlugin: received command -> speed=[0m[1;36m2.97747[0m[1;36m dir=[0m[1;36m-125.323[0m[1;36m
[gzserver-2] [0m[1;36m[Dbg] [wind_plugin.cpp:110] [0m[1;36mWindPlugin: received command -> speed=[0m[1;36m2.97747[0m[1;36m dir=[0m[1;36m-125.323[0m[1;36m
[gzserver-2] [0m[1;36m[Dbg] [wind_plugin.cpp:110] [0m[1;36mWindPlugin: received command -> speed=[0m[1;36m2.97747[0m[1;36m dir=[0m[1;36m-125.323[0m[1;36m
[gzserver-2] [0m[1;36m[Dbg] [wind_plugin.cpp:110] [0m[1;36mWindPlugin: received command -> speed=[0m[1;36m2.97747[0m[1;36m dir=[0m[1;36m-125.323[0m[1;36m
[gzserver-2] [0m[1;36m[Dbg] [wind_plugin.cpp:110] [0m[1;36mWindPlugin: received command -> speed=[0m[1;36m2.97747[0m[1;36m dir=[0m[1;36m-125.323[0m[1;36m
[gzserver-2] [0m[1;36m[Dbg] [wind_plugin.cpp:110] [0m[1;36mWindPlugin: received command -> speed=[0m[1;36m2.95159[0m[1;36m dir=[0m[1;36m-125.299[0m[1;36m
[gzserver-2] [0m[1;36m[Dbg] [wind_plugin.cpp:110] [0m[1;36mWindPlugin: received command -> speed=[0m[1;36m2.95159[0m[1;36m dir=[0m[1;36m-125.299[0m[1;36m
[gzserver-2] [0m[1;36m[Dbg] [wind_plugin.cpp:110] [0m[1;36mWindPlugin: received command -> speed=[0m[1;36m2.95159[0m[1;36m dir=[0m[1;36m-125.299[0m[1;36m
[gzserver-2] [0mLanded!
[gzserver-2] [INFO] [1773119583.891045888] [gazebo_wind_plugin_node]: WindPlugin: set wind_speed=2.95 wind_direction=-125.3
[gzserver-2] [INFO] [1773119584.130734533] [gazebo_wind_plugin_node]: WindPlugin: set wind_speed=3.09 wind_direction=-126.1
[gzserver-2] [INFO] [1773119584.369958332] [gazebo_wind_plugin_node]: WindPlugin: set wind_speed=3.09 wind_direction=-126.1
[gzserver-2] [INFO] [1773119584.609992273] [gazebo_wind_plugin_node]: WindPlugin: set wind_speed=3.09 wind_direction=-126.1
[gzserver-2] [INFO] [1773119584.843905123] [gazebo_wind_plugin_node]: WindPlugin: set wind_speed=3.09 wind_direction=-126.1
[gzserver-2] [INFO] [1773119585.084084631] [gazebo_wind_plugin_node]: WindPlugin: set wind_speed=3.10 wind_direction=-125.6
[gzserver-2] [INFO] [1773119585.323404856] [gazebo_wind_plugin_node]: WindPlugin: set wind_speed=3.10 wind_direction=-125.6
[gzserver-2] [INFO] [1773119585.562756458] [gazebo_wind_plugin_node]: WindPlugin: set wind_speed=3.10 wind_direction=-125.6
