[INFO] [launch]: All log files can be found below /home/j/.ros/log/2026-03-10-20-05-42-751191-j-30885
[INFO] [launch]: Default logging verbosity is set to INFO
[INFO] [launch.user]: [bringup] Apriltag config: camera=/drone/bottom, image=/drone/bottom/image_raw, tags=/drone/bottom/tags, bridge=/landing_tag_state, standalone=true, use_target_id=true, target_id=0
[INFO] [rviz2-1]: process started with pid [30888]
[INFO] [gzserver-2]: process started with pid [30890]
[INFO] [robot_state_publisher-3]: process started with pid [30892]
[INFO] [joint_state_publisher-4]: process started with pid [30894]
[INFO] [spawn_drone-5]: process started with pid [30896]
[INFO] [static_transform_publisher-6]: process started with pid [30898]
[INFO] [joy_node-7]: process started with pid [30900]
[INFO] [teleop_joystick-8]: process started with pid [30902]
[INFO] [apriltag_detector_node-9]: process started with pid [30904]
[INFO] [apriltag_state_bridge-10]: process started with pid [30906]
[static_transform_publisher-6] [WARN] [1773140743.230364965] []: Old-style arguments are deprecated; see --help for new-style arguments
[static_transform_publisher-6] [INFO] [1773140743.238432700] [static_transform_publisher_mAxoIMq0s3yyHbDI]: Spinning until stopped - publishing transform
[static_transform_publisher-6] translation: ('0.000000', '0.000000', '0.000000')
[static_transform_publisher-6] rotation: ('0.000000', '0.000000', '0.000000', '1.000000')
[static_transform_publisher-6] from 'world' to '/drone/odom'
[rviz2-1] 
[rviz2-1] (rviz2:30888): dbind-WARNING **: 20:05:43.261: Couldn't connect to accessibility bus: Failed to connect to socket /root/.cache/at-spi/bus_0: 허가 거부
[robot_state_publisher-3] [INFO] [1773140743.265474882] [drone.robot_state_publisher]: got segment base_footprint
[robot_state_publisher-3] [INFO] [1773140743.265572059] [drone.robot_state_publisher]: got segment base_link
[robot_state_publisher-3] [INFO] [1773140743.265584579] [drone.robot_state_publisher]: got segment bottom_cam_link
[robot_state_publisher-3] [INFO] [1773140743.265592984] [drone.robot_state_publisher]: got segment front_cam_link
[robot_state_publisher-3] [INFO] [1773140743.265600031] [drone.robot_state_publisher]: got segment sonar_link
[teleop_joystick-8] Traceback (most recent call last):
[teleop_joystick-8]   File "/home/j/INCSL/IICC26_ws/install/sjtu_drone_control/lib/sjtu_drone_control/teleop_joystick", line 33, in <module>
[teleop_joystick-8]     sys.exit(load_entry_point('sjtu_drone_control==0.0.0', 'console_scripts', 'teleop_joystick')())
[teleop_joystick-8]   File "/home/j/INCSL/IICC26_ws/install/sjtu_drone_control/lib/sjtu_drone_control/teleop_joystick", line 22, in importlib_load_entry_point
[teleop_joystick-8]     for entry_point in distribution(dist_name).entry_points
[teleop_joystick-8]   File "/usr/lib/python3.10/importlib/metadata/__init__.py", line 969, in distribution
[teleop_joystick-8]     return Distribution.from_name(distribution_name)
[teleop_joystick-8]   File "/usr/lib/python3.10/importlib/metadata/__init__.py", line 548, in from_name
[teleop_joystick-8]     raise PackageNotFoundError(name)
[teleop_joystick-8] importlib.metadata.PackageNotFoundError: No package metadata was found for sjtu_drone_control
[apriltag_detector_node-9] [INFO] [1773140743.283357892] [apriltag_detector_node]: tag detector type: umich
[ERROR] [teleop_joystick-8]: process has died [pid 30902, exit code 1, cmd '/home/j/INCSL/IICC26_ws/install/sjtu_drone_control/lib/sjtu_drone_control/teleop_joystick --ros-args -r __ns:=/drone'].
[gzserver-2] Gazebo multi-robot simulator, version 11.10.2
[gzserver-2] Copyright (C) 2012 Open Source Robotics Foundation.
[gzserver-2] Released under the Apache 2 License.
[gzserver-2] http://gazebosim.org
[gzserver-2] 
[apriltag_state_bridge-10] [INFO] [1773140743.477207062] [apriltag_state_bridge]: AprilTag bridge started: /drone/bottom/tags -> /landing_tag_state, use_target_id=True, target_id=0
[joint_state_publisher-4] [INFO] [1773140743.516059481] [drone.joint_state_publisher]: Waiting for robot_description to be published on the robot_description topic...
[gzserver-2] [1;33m[Wrn] [gazebo_ros_init.cpp:178] [0m[1;33m
[gzserver-2] #     # ####### ####### ###  #####  #######
[gzserver-2] ##    # #     #    #     #  #     # #
[gzserver-2] # #   # #     #    #     #  #       #
[gzserver-2] #  #  # #     #    #     #  #       #####
[gzserver-2] #   # # #     #    #     #  #       #
[gzserver-2] #    ## #     #    #     #  #     # #
[gzserver-2] #     # #######    #    ###  #####  #######
[gzserver-2] 
[gzserver-2] This version of Gazebo, now called Gazebo classic, reaches end-of-life
[gzserver-2] in January 2025. Users are highly encouraged to migrate to the new Gazebo
[gzserver-2] using our migration guides (https://gazebosim.org/docs/latest/gazebo_classic_migration?utm_source=gazebo_ros_pkgs&utm_medium=cli)
[gzserver-2] 
[gzserver-2] [0m[1;33m
[rviz2-1] [INFO] [1773140743.850609954] [rviz2]: Stereo is NOT SUPPORTED
[rviz2-1] [INFO] [1773140743.850690375] [rviz2]: OpenGl version: 4.6 (GLSL 4.6)
[rviz2-1] [INFO] [1773140744.027386391] [rviz2]: Stereo is NOT SUPPORTED
[rviz2-1] [INFO] [1773140744.107362668] [rviz2]: Stereo is NOT SUPPORTED
[gzserver-2] [1;32m[Msg] [0m[1;32mWaiting for master.[0m[1;32m
[gzserver-2] [0m[1;32m[0m[1;32m[0m[1;32m[Msg] [0m[1;32mConnected to gazebo master @ [0m[1;32mhttp://127.0.0.1:11345[0m[1;32m
[gzserver-2] [0m[1;32m[0m[1;32m[0m[1;32m[Msg] [0m[1;32mPublicized address: [0m[1;32m192.168.0.11[0m[1;32m
[gzserver-2] [0m[1;32m[0m[1;32m[0m[1;32m[Msg] [0m[1;32mLoading world file [[0m[1;32m/home/j/INCSL/IICC26_ws/install/sjtu_drone_description/share/sjtu_drone_description/worlds/landingPad.world[0m[1;32m][0m[1;32m
[gzserver-2] [0m[1;32m[0m[1;32m[0m[1;36m[Dbg] [wind_plugin.cpp:96] [0m[1;36mWindPlugin loaded: speed=[0m[1;36m0[0m[1;36m dir=[0m[1;36m0[0m[1;36m deg area=[0m[1;36m0.1[0m[1;36m coeff=[0m[1;36m1[0m[1;36m
[gzserver-2] [0m[1;33m[0m[1;33m[0m[1;31m[Err] [Sensor.cc:510] [0m[1;31mGet noise index not valid[0m[1;31m
[gzserver-2] [0m[1;31m[0m[1;31m[0m[1;31m[Err] [Sensor.cc:510] [0m[1;31mGet noise index not valid[0m[1;31m
[gzserver-2] [0m[1;31m[0m[1;31m[0m[1;31m[Err] [Sensor.cc:510] [0m[1;31mGet noise index not valid[0m[1;31m
[gzserver-2] [0m[1;31m[0m[1;31m[0m[1;31m[Err] [Sensor.cc:510] [0m[1;31mGet noise index not valid[0m[1;31m
[gzserver-2] [0m[1;31m[0m[1;31m[0m[1;31m[Err] [Sensor.cc:510] [0m[1;31mGet noise index not valid[0m[1;31m
[gzserver-2] [0m[1;31m[0m[1;31m[0m[1;31m[Err] [Sensor.cc:510] [0m[1;31mGet noise index not valid[0m[1;31m
[gzserver-2] [0m[1;31m[0m[1;31m[0mTopic [default//drone/base_footprint/down_camera/image] is not valid.
[gzserver-2] [INFO] [1773140744.652722102] [drone.collision_plugin]: Publishing contact states to [/drone/bumper_states]
[gzserver-2] Topic [default//drone/base_footprint/front_camera/image] is not valid.
[gzserver-2] [1;33m[Wrn] [Event.cc:61] [0m[1;33mWarning: Deleting a connection right after creation. [0m[1;33mMake sure to save the ConnectionPtr from a Connect call
[gzserver-2] [0m[INFO] [1773140745.215532097] [drone.camera_bottom]: Publishing camera info to [/drone/bottom/camera_info]
[gzserver-2] [INFO] [1773140745.220235720] [drone.camera_front]: Publishing camera info to [/drone/front/camera_info]
[spawn_drone-5] [INFO] [1773140745.228775330] [spawn_drone]: Result True SpawnEntity: Successfully spawned entity [/drone]
[gzserver-2] [INFO] [1773140745.342191102] [drone.simple_drone]: The drone plugin is loading!
[gzserver-2] [INFO] [1773140745.342398067] [drone.simple_drone]: pub_odom: 1
[gzserver-2] [INFO] [1773140745.342431710] [drone.simple_drone]: Using following parameters: 
[gzserver-2] 		link_name: base_footprint,
[gzserver-2] 		max_force: 30,
[gzserver-2] 		motion_small_noise: 0,
[gzserver-2] 		motion_drift_noise: 0,
[gzserver-2] 		motion_drift_noise_time: 50,
[gzserver-2] 		takeoff_hover_height: 2.03,
[gzserver-2] 		takeoff_vertical_speed: 0.2
[gzserver-2] [INFO] [1773140745.354339955] [drone.simple_drone]: Using the PID parameters: 
[gzserver-2] 	Roll Pitch:
[gzserver-2] 		kP: 10, kI: 0,kD: 5, Limit: 0.5, Time Constant: 0
[gzserver-2] 	Yaw:
[gzserver-2] 		kP: 2, kI: 0,kD: 1, Limit: 1.5, Time Constant: 0
[gzserver-2] 	Velocity X:
[gzserver-2] 		kP: 5, kI: 0,kD: 2.3, Limit: 2, Time Constant: 0
[gzserver-2] 	Velocity Y:
[gzserver-2] 		kP: 5, kI: 0,kD: 2.3, Limit: 2, Time Constant: 0
[gzserver-2] 	Velocity Z:
[gzserver-2] 		kP: 5, kI: 0,kD: 1, Limit: -1, Time Constant: 0
[gzserver-2] 	Position XY:
[gzserver-2] 		kP: 1.1, kI: 0,kD: 0, Limit: 5, Time Constant: 0
[gzserver-2] 	Position Z:
[gzserver-2] 		kP: 1, kI: 0,kD: 0.2, Limit: -1, Time Constant: 0
[gzserver-2] [INFO] [1773140745.354474940] [drone.simple_drone]: The drone plugin finished loading!
[INFO] [spawn_drone-5]: process has finished cleanly [pid 30896]
[gzserver-2] [INFO] [1773140752.609606836] [gazebo_wind_plugin_node]: WindPlugin: set wind_speed=0.00 wind_direction=0.0
[gzserver-2] [INFO] [1773140752.882801837] [gazebo_wind_plugin_node]: WindPlugin: set wind_speed=0.00 wind_direction=0.0
[gzserver-2] [INFO] [1773140752.922321998] [drone.simple_drone]: Quadrotor takes off!!
[gzserver-2] [INFO] [1773140753.123235478] [gazebo_wind_plugin_node]: WindPlugin: set wind_speed=0.00 wind_direction=0.0
[gzserver-2] [INFO] [1773140753.362002890] [gazebo_wind_plugin_node]: WindPlugin: set wind_speed=0.00 wind_direction=0.0
[gzserver-2] [INFO] [1773140753.609076811] [gazebo_wind_plugin_node]: WindPlugin: set wind_speed=0.00 wind_direction=0.0
[gzserver-2] [INFO] [1773140753.847903075] [gazebo_wind_plugin_node]: WindPlugin: set wind_speed=0.00 wind_direction=0.0
[gzserver-2] [INFO] [1773140754.088764071] [gazebo_wind_plugin_node]: WindPlugin: set wind_speed=0.00 wind_direction=0.0
[gzserver-2] [INFO] [1773140754.329413055] [gazebo_wind_plugin_node]: WindPlugin: set wind_speed=0.00 wind_direction=0.0
[gzserver-2] [0m[1;36m[Dbg] [wind_plugin.cpp:110] [0m[1;36mWindPlugin: received command -> speed=[0m[1;36m0[0m[1;36m dir=[0m[1;36m0[0m[1;36m
[gzserver-2] [0m[1;36m[Dbg] [wind_plugin.cpp:110] [0m[1;36mWindPlugin: received command -> speed=[0m[1;36m0[0m[1;36m dir=[0m[1;36m0[0m[1;36m
[gzserver-2] [0m[1;36m[Dbg] [wind_plugin.cpp:110] [0m[1;36mWindPlugin: received command -> speed=[0m[1;36m0[0m[1;36m dir=[0m[1;36m0[0m[1;36m
[gzserver-2] [0m[1;36m[Dbg] [wind_plugin.cpp:110] [0m[1;36mWindPlugin: received command -> speed=[0m[1;36m0[0m[1;36m dir=[0m[1;36m0[0m[1;36m
[gzserver-2] [0m[1;36m[Dbg] [wind_plugin.cpp:110] [0m[1;36mWindPlugin: received command -> speed=[0m[1;36m0[0m[1;36m dir=[0m[1;36m0[0m[1;36m
[gzserver-2] [0m[1;36m[Dbg] [wind_plugin.cpp:110] [0m[1;36mWindPlugin: received command -> speed=[0m[1;36m0[0m[1;36m dir=[0m[1;36m0[0m[1;36m
[gzserver-2] [0m[1;36m[Dbg] [wind_plugin.cpp:110] [0m[1;36mWindPlugin: received command -> speed=[0m[1;36m0[0m[1;36m dir=[0m[1;36m0[0m[1;36m
[gzserver-2] [0m[1;36m[Dbg] [wind_plugin.cpp:110] [0m[1;36mWindPlugin: received command -> speed=[0m[1;36m0[0m[1;36m dir=[0m[1;36m0[0m[1;36m
[gzserver-2] [0mEntering flying model!
[gzserver-2] [INFO] [1773140754.568917199] [gazebo_wind_plugin_node]: WindPlugin: set wind_speed=0.00 wind_direction=0.0
[gzserver-2] [INFO] [1773140754.808992543] [gazebo_wind_plugin_node]: WindPlugin: set wind_speed=0.85 wind_direction=-111.8
[gzserver-2] [INFO] [1773140755.050237142] [gazebo_wind_plugin_node]: WindPlugin: set wind_speed=0.85 wind_direction=-111.8
[gzserver-2] [INFO] [1773140755.289249416] [gazebo_wind_plugin_node]: WindPlugin: set wind_speed=0.95 wind_direction=-110.5
[gzserver-2] [INFO] [1773140755.523225706] [gazebo_wind_plugin_node]: WindPlugin: set wind_speed=0.95 wind_direction=-110.5
[gzserver-2] [INFO] [1773140755.762337482] [gazebo_wind_plugin_node]: WindPlugin: set wind_speed=0.95 wind_direction=-110.5
[gzserver-2] [INFO] [1773140755.995895452] [gazebo_wind_plugin_node]: WindPlugin: set wind_speed=0.95 wind_direction=-110.5
[gzserver-2] [INFO] [1773140756.231118170] [gazebo_wind_plugin_node]: WindPlugin: set wind_speed=1.13 wind_direction=-112.5
[gzserver-2] [INFO] [1773140756.464887065] [gazebo_wind_plugin_node]: WindPlugin: set wind_speed=1.13 wind_direction=-112.5
[gzserver-2] [INFO] [1773140756.704223294] [gazebo_wind_plugin_node]: WindPlugin: set wind_speed=1.13 wind_direction=-112.5
[gzserver-2] [INFO] [1773140756.943702906] [gazebo_wind_plugin_node]: WindPlugin: set wind_speed=1.13 wind_direction=-112.5
[gzserver-2] [INFO] [1773140757.177687038] [gazebo_wind_plugin_node]: WindPlugin: set wind_speed=1.02 wind_direction=-113.6
[gzserver-2] [INFO] [1773140757.418957511] [gazebo_wind_plugin_node]: WindPlugin: set wind_speed=1.02 wind_direction=-113.6
[gzserver-2] [INFO] [1773140757.658508842] [gazebo_wind_plugin_node]: WindPlugin: set wind_speed=1.02 wind_direction=-113.6
[gzserver-2] [INFO] [1773140757.897933620] [gazebo_wind_plugin_node]: WindPlugin: set wind_speed=1.02 wind_direction=-113.6
[gzserver-2] [INFO] [1773140758.145483904] [gazebo_wind_plugin_node]: WindPlugin: set wind_speed=1.05 wind_direction=-114.7
[gzserver-2] [INFO] [1773140758.395176284] [gazebo_wind_plugin_node]: WindPlugin: set wind_speed=1.05 wind_direction=-114.7
[gzserver-2] [INFO] [1773140758.634175406] [gazebo_wind_plugin_node]: WindPlugin: set wind_speed=1.05 wind_direction=-114.7
[gzserver-2] [INFO] [1773140758.682735444] [drone.simple_drone]: Quadrotor lands!!
[gzserver-2] [INFO] [1773140758.885022318] [gazebo_wind_plugin_node]: WindPlugin: set wind_speed=1.05 wind_direction=-114.7
[gzserver-2] [INFO] [1773140759.137097597] [gazebo_wind_plugin_node]: WindPlugin: set wind_speed=1.19 wind_direction=-115.6
[gzserver-2] [INFO] [1773140759.392647217] [gazebo_wind_plugin_node]: WindPlugin: set wind_speed=1.19 wind_direction=-115.6
[gzserver-2] [INFO] [1773140759.630449390] [gazebo_wind_plugin_node]: WindPlugin: set wind_speed=1.19 wind_direction=-115.6
[gzserver-2] [1;36m[Dbg] [wind_plugin.cpp:110] [0m[1;36mWindPlugin: received command -> speed=[0m[1;36m0[0m[1;36m dir=[0m[1;36m0[0m[1;36m
[gzserver-2] [0m[1;36m[Dbg] [wind_plugin.cpp:110] [0m[1;36mWindPlugin: received command -> speed=[0m[1;36m0.84639[0m[1;36m dir=[0m[1;36m-111.775[0m[1;36m
[gzserver-2] [0m[1;36m[Dbg] [wind_plugin.cpp:110] [0m[1;36mWindPlugin: received command -> speed=[0m[1;36m0.84639[0m[1;36m dir=[0m[1;36m-111.775[0m[1;36m
[gzserver-2] [0m[1;36m[Dbg] [wind_plugin.cpp:110] [0m[1;36mWindPlugin: received command -> speed=[0m[1;36m0.946164[0m[1;36m dir=[0m[1;36m-110.53[0m[1;36m
[gzserver-2] [0m[1;36m[Dbg] [wind_plugin.cpp:110] [0m[1;36mWindPlugin: received command -> speed=[0m[1;36m0.946164[0m[1;36m dir=[0m[1;36m-110.53[0m[1;36m
[gzserver-2] [0m[1;36m[Dbg] [wind_plugin.cpp:110] [0m[1;36mWindPlugin: received command -> speed=[0m[1;36m0.946164[0m[1;36m dir=[0m[1;36m-110.53[0m[1;36m
[gzserver-2] [0m[1;36m[Dbg] [wind_plugin.cpp:110] [0m[1;36mWindPlugin: received command -> speed=[0m[1;36m0.946164[0m[1;36m dir=[0m[1;36m-110.53[0m[1;36m
[gzserver-2] [0m[1;36m[Dbg] [wind_plugin.cpp:110] [0m[1;36mWindPlugin: received command -> speed=[0m[1;36m1.13275[0m[1;36m dir=[0m[1;36m-112.488[0m[1;36m
[gzserver-2] [0m[1;36m[Dbg] [wind_plugin.cpp:110] [0m[1;36mWindPlugin: received command -> speed=[0m[1;36m1.13275[0m[1;36m dir=[0m[1;36m-112.488[0m[1;36m
[gzserver-2] [0m[1;36m[Dbg] [wind_plugin.cpp:110] [0m[1;36mWindPlugin: received command -> speed=[0m[1;36m1.13275[0m[1;36m dir=[0m[1;36m-112.488[0m[1;36m
[gzserver-2] [0m[1;36m[Dbg] [wind_plugin.cpp:110] [0m[1;36mWindPlugin: received command -> speed=[0m[1;36m1.13275[0m[1;36m dir=[0m[1;36m-112.488[0m[1;36m
[gzserver-2] [0m[1;36m[Dbg] [wind_plugin.cpp:110] [0m[1;36mWindPlugin: received command -> speed=[0m[1;36m1.01979[0m[1;36m dir=[0m[1;36m-113.647[0m[1;36m
[gzserver-2] [0m[1;36m[Dbg] [wind_plugin.cpp:110] [0m[1;36mWindPlugin: received command -> speed=[0m[1;36m1.01979[0m[1;36m dir=[0m[1;36m-113.647[0m[1;36m
[gzserver-2] [0m[1;36m[Dbg] [wind_plugin.cpp:110] [0m[1;36mWindPlugin: received command -> speed=[0m[1;36m1.01979[0m[1;36m dir=[0m[1;36m-113.647[0m[1;36m
[gzserver-2] [0m[1;36m[Dbg] [wind_plugin.cpp:110] [0m[1;36mWindPlugin: received command -> speed=[0m[1;36m1.01979[0m[1;36m dir=[0m[1;36m-113.647[0m[1;36m
[gzserver-2] [0m[1;36m[Dbg] [wind_plugin.cpp:110] [0m[1;36mWindPlugin: received command -> speed=[0m[1;36m1.04964[0m[1;36m dir=[0m[1;36m-114.7[0m[1;36m
[gzserver-2] [0m[1;36m[Dbg] [wind_plugin.cpp:110] [0m[1;36mWindPlugin: received command -> speed=[0m[1;36m1.04964[0m[1;36m dir=[0m[1;36m-114.7[0m[1;36m
[gzserver-2] [0m[1;36m[Dbg] [wind_plugin.cpp:110] [0m[1;36mWindPlugin: received command -> speed=[0m[1;36m1.04964[0m[1;36m dir=[0m[1;36m-114.7[0m[1;36m
[gzserver-2] [0m[1;36m[Dbg] [wind_plugin.cpp:110] [0m[1;36mWindPlugin: received command -> speed=[0m[1;36m1.04964[0m[1;36m dir=[0m[1;36m-114.7[0m[1;36m
[gzserver-2] [0m[1;36m[Dbg] [wind_plugin.cpp:110] [0m[1;36mWindPlugin: received command -> speed=[0m[1;36m1.18788[0m[1;36m dir=[0m[1;36m-115.576[0m[1;36m
[gzserver-2] [0m[1;36m[Dbg] [wind_plugin.cpp:110] [0m[1;36mWindPlugin: received command -> speed=[0m[1;36m1.18788[0m[1;36m dir=[0m[1;36m-115.576[0m[1;36m
[gzserver-2] [0m[1;36m[Dbg] [wind_plugin.cpp:110] [0m[1;36mWindPlugin: received command -> speed=[0m[1;36m1.18788[0m[1;36m dir=[0m[1;36m-115.576[0m[1;36m
[gzserver-2] [0mLanded!
[gzserver-2] [INFO] [1773140759.883974187] [gazebo_wind_plugin_node]: WindPlugin: set wind_speed=1.19 wind_direction=-115.6
[gzserver-2] [INFO] [1773140760.125262819] [gazebo_wind_plugin_node]: WindPlugin: set wind_speed=1.08 wind_direction=-112.7
[gzserver-2] [INFO] [1773140760.361216961] [gazebo_wind_plugin_node]: WindPlugin: set wind_speed=1.08 wind_direction=-112.7
[gzserver-2] [INFO] [1773140760.601478070] [gazebo_wind_plugin_node]: WindPlugin: set wind_speed=1.08 wind_direction=-112.7
[gzserver-2] [INFO] [1773140760.837736954] [gazebo_wind_plugin_node]: WindPlugin: set wind_speed=1.08 wind_direction=-112.7
[gzserver-2] [INFO] [1773140761.076780616] [gazebo_wind_plugin_node]: WindPlugin: set wind_speed=1.08 wind_direction=-112.7
[gzserver-2] [INFO] [1773140761.315658669] [gazebo_wind_plugin_node]: WindPlugin: set wind_speed=1.00 wind_direction=-112.2
[gzserver-2] [INFO] [1773140761.550223360] [gazebo_wind_plugin_node]: WindPlugin: set wind_speed=1.00 wind_direction=-112.2
