[INFO] [launch]: All log files can be found below /home/j/.ros/log/2026-03-11-08-33-44-294522-j-2363244
[INFO] [launch]: Default logging verbosity is set to INFO
[INFO] [launch.user]: [bringup] Apriltag config: camera=/drone/bottom, image=/drone/bottom/image_raw, tags=/drone/bottom/tags, bridge=/landing_tag_state, standalone=true, use_target_id=true, target_id=0
[INFO] [rviz2-1]: process started with pid [2363245]
[INFO] [gzserver-2]: process started with pid [2363247]
[INFO] [robot_state_publisher-3]: process started with pid [2363249]
[INFO] [joint_state_publisher-4]: process started with pid [2363251]
[INFO] [spawn_drone-5]: process started with pid [2363253]
[INFO] [static_transform_publisher-6]: process started with pid [2363255]
[INFO] [joy_node-7]: process started with pid [2363257]
[INFO] [teleop_joystick-8]: process started with pid [2363259]
[INFO] [apriltag_detector_node-9]: process started with pid [2363261]
[INFO] [apriltag_state_bridge-10]: process started with pid [2363263]
[static_transform_publisher-6] [WARN] [1773185624.769222370] []: Old-style arguments are deprecated; see --help for new-style arguments
[static_transform_publisher-6] [INFO] [1773185624.776764741] [static_transform_publisher_IelrbXpleis2yKs2]: Spinning until stopped - publishing transform
[static_transform_publisher-6] translation: ('0.000000', '0.000000', '0.000000')
[static_transform_publisher-6] rotation: ('0.000000', '0.000000', '0.000000', '1.000000')
[static_transform_publisher-6] from 'world' to '/drone/odom'
[robot_state_publisher-3] [INFO] [1773185624.799896531] [drone.robot_state_publisher]: got segment base_footprint
[robot_state_publisher-3] [INFO] [1773185624.799997145] [drone.robot_state_publisher]: got segment base_link
[robot_state_publisher-3] [INFO] [1773185624.800011150] [drone.robot_state_publisher]: got segment bottom_cam_link
[robot_state_publisher-3] [INFO] [1773185624.800020738] [drone.robot_state_publisher]: got segment front_cam_link
[robot_state_publisher-3] [INFO] [1773185624.800029126] [drone.robot_state_publisher]: got segment sonar_link
[rviz2-1] 
[rviz2-1] (rviz2:2363245): dbind-WARNING **: 08:33:44.803: Couldn't connect to accessibility bus: Failed to connect to socket /root/.cache/at-spi/bus_0: 허가 거부
[apriltag_detector_node-9] [INFO] [1773185624.808397534] [apriltag_detector_node]: tag detector type: umich
[teleop_joystick-8] Traceback (most recent call last):
[teleop_joystick-8]   File "/home/j/INCSL/IICC26_ws/install/sjtu_drone_control/lib/sjtu_drone_control/teleop_joystick", line 33, in <module>
[teleop_joystick-8]     sys.exit(load_entry_point('sjtu_drone_control==0.0.0', 'console_scripts', 'teleop_joystick')())
[teleop_joystick-8]   File "/home/j/INCSL/IICC26_ws/install/sjtu_drone_control/lib/sjtu_drone_control/teleop_joystick", line 22, in importlib_load_entry_point
[teleop_joystick-8]     for entry_point in distribution(dist_name).entry_points
[teleop_joystick-8]   File "/usr/lib/python3.10/importlib/metadata/__init__.py", line 969, in distribution
[teleop_joystick-8]     return Distribution.from_name(distribution_name)
[teleop_joystick-8]   File "/usr/lib/python3.10/importlib/metadata/__init__.py", line 548, in from_name
[teleop_joystick-8]     raise PackageNotFoundError(name)
[teleop_joystick-8] importlib.metadata.PackageNotFoundError: No package metadata was found for sjtu_drone_control
[ERROR] [teleop_joystick-8]: process has died [pid 2363259, exit code 1, cmd '/home/j/INCSL/IICC26_ws/install/sjtu_drone_control/lib/sjtu_drone_control/teleop_joystick --ros-args -r __ns:=/drone'].
[gzserver-2] Gazebo multi-robot simulator, version 11.10.2
[gzserver-2] Copyright (C) 2012 Open Source Robotics Foundation.
[gzserver-2] Released under the Apache 2 License.
[gzserver-2] http://gazebosim.org
[gzserver-2] 
[apriltag_state_bridge-10] [INFO] [1773185625.067513563] [apriltag_state_bridge]: AprilTag bridge started: /drone/bottom/tags -> /landing_tag_state, use_target_id=True, target_id=0
[joint_state_publisher-4] [INFO] [1773185625.095025878] [drone.joint_state_publisher]: Waiting for robot_description to be published on the robot_description topic...
[gzserver-2] [1;33m[Wrn] [gazebo_ros_init.cpp:178] [0m[1;33m
[gzserver-2] #     # ####### ####### ###  #####  #######
[gzserver-2] ##    # #     #    #     #  #     # #
[gzserver-2] # #   # #     #    #     #  #       #
[gzserver-2] #  #  # #     #    #     #  #       #####
[gzserver-2] #   # # #     #    #     #  #       #
[gzserver-2] #    ## #     #    #     #  #     # #
[gzserver-2] #     # #######    #    ###  #####  #######
[gzserver-2] 
[gzserver-2] This version of Gazebo, now called Gazebo classic, reaches end-of-life
[gzserver-2] in January 2025. Users are highly encouraged to migrate to the new Gazebo
[gzserver-2] using our migration guides (https://gazebosim.org/docs/latest/gazebo_classic_migration?utm_source=gazebo_ros_pkgs&utm_medium=cli)
[gzserver-2] 
[gzserver-2] [0m[1;33m
[rviz2-1] [INFO] [1773185625.576513695] [rviz2]: Stereo is NOT SUPPORTED
[rviz2-1] [INFO] [1773185625.576610468] [rviz2]: OpenGl version: 4.6 (GLSL 4.6)
[rviz2-1] [INFO] [1773185625.665038471] [rviz2]: Stereo is NOT SUPPORTED
[rviz2-1] [INFO] [1773185625.726965887] [rviz2]: Stereo is NOT SUPPORTED
[spawn_drone-5] [INFO] [1773185626.172302563] [spawn_drone]: Result False Entity pushed to spawn queue, but spawn service timed outwaiting for entity to appear in simulation under the name [/drone]
[gzserver-2] [1;32m[Msg] [0m[1;32mWaiting for master.[0m[1;32m
[gzserver-2] [0m[1;32m[0m[1;32m[0m[1;32m[Msg] [0m[1;32mConnected to gazebo master @ [0m[1;32mhttp://127.0.0.1:11345[0m[1;32m
[gzserver-2] [0m[1;32m[0m[1;32m[0m[1;32m[Msg] [0m[1;32mPublicized address: [0m[1;32m192.168.0.11[0m[1;32m
[gzserver-2] [0m[1;32m[0m[1;32m[0m[1;32m[Msg] [0m[1;32mLoading world file [[0m[1;32m/home/j/INCSL/IICC26_ws/install/sjtu_drone_description/share/sjtu_drone_description/worlds/landingPad.world[0m[1;32m][0m[1;32m
[gzserver-2] [0m[1;32m[0m[1;32m[0m[1;36m[Dbg] [wind_plugin.cpp:96] [0m[1;36mWindPlugin loaded: speed=[0m[1;36m0[0m[1;36m dir=[0m[1;36m0[0m[1;36m deg area=[0m[1;36m0.1[0m[1;36m coeff=[0m[1;36m1[0m[1;36m
[gzserver-2] [0m[1;33m[0m[1;33m[0m[1;31m[Err] [Sensor.cc:510] [0m[1;31mGet noise index not valid[0m[1;31m
[gzserver-2] [0m[1;31m[0m[1;31m[0m[1;31m[Err] [Sensor.cc:510] [0m[1;31mGet noise index not valid[0m[1;31m
[gzserver-2] [0m[1;31m[0m[1;31m[0m[1;31m[Err] [Sensor.cc:510] [0m[1;31mGet noise index not valid[0m[1;31m
[gzserver-2] [0m[1;31m[0m[1;31m[0m[1;31m[Err] [Sensor.cc:510] [0m[1;31mGet noise index not valid[0m[1;31m
[gzserver-2] [0m[1;31m[0m[1;31m[0m[1;31m[Err] [Sensor.cc:510] [0m[1;31mGet noise index not valid[0m[1;31m
[gzserver-2] [0m[1;31m[0m[1;31m[0m[1;31m[Err] [Sensor.cc:510] [0m[1;31mGet noise index not valid[0m[1;31m
[gzserver-2] [0m[1;31m[0m[1;31m[0mTopic [default//drone/base_footprint/down_camera/image] is not valid.
[gzserver-2] [INFO] [1773185626.202739935] [drone.collision_plugin]: Publishing contact states to [/drone/bumper_states]
[gzserver-2] Topic [default//drone/base_footprint/front_camera/image] is not valid.
[gzserver-2] [1;33m[Wrn] [Event.cc:61] [0m[1;33mWarning: Deleting a connection right after creation. [0m[1;33mMake sure to save the ConnectionPtr from a Connect call
[INFO] [spawn_drone-5]: process has finished cleanly [pid 2363253]
[gzserver-2] [0m[INFO] [1773185626.783363479] [drone.camera_bottom]: Publishing camera info to [/drone/bottom/camera_info]
[gzserver-2] [INFO] [1773185626.786287671] [drone.camera_front]: Publishing camera info to [/drone/front/camera_info]
[gzserver-2] [INFO] [1773185626.908899090] [drone.simple_drone]: The drone plugin is loading!
[gzserver-2] [INFO] [1773185626.909099930] [drone.simple_drone]: pub_odom: 1
[gzserver-2] [INFO] [1773185626.909133401] [drone.simple_drone]: Using following parameters: 
[gzserver-2] 		link_name: base_footprint,
[gzserver-2] 		max_force: 30,
[gzserver-2] 		motion_small_noise: 0,
[gzserver-2] 		motion_drift_noise: 0,
[gzserver-2] 		motion_drift_noise_time: 50,
[gzserver-2] 		takeoff_hover_height: 2.27,
[gzserver-2] 		takeoff_vertical_speed: 0.2
[gzserver-2] [INFO] [1773185626.920743604] [drone.simple_drone]: Using the PID parameters: 
[gzserver-2] 	Roll Pitch:
[gzserver-2] 		kP: 10, kI: 0,kD: 5, Limit: 0.5, Time Constant: 0
[gzserver-2] 	Yaw:
[gzserver-2] 		kP: 2, kI: 0,kD: 1, Limit: 1.5, Time Constant: 0
[gzserver-2] 	Velocity X:
[gzserver-2] 		kP: 5, kI: 0,kD: 2.3, Limit: 2, Time Constant: 0
[gzserver-2] 	Velocity Y:
[gzserver-2] 		kP: 5, kI: 0,kD: 2.3, Limit: 2, Time Constant: 0
[gzserver-2] 	Velocity Z:
[gzserver-2] 		kP: 5, kI: 0,kD: 1, Limit: -1, Time Constant: 0
[gzserver-2] 	Position XY:
[gzserver-2] 		kP: 1.1, kI: 0,kD: 0, Limit: 5, Time Constant: 0
[gzserver-2] 	Position Z:
[gzserver-2] 		kP: 1, kI: 0,kD: 0.2, Limit: -1, Time Constant: 0
[gzserver-2] [INFO] [1773185626.920876818] [drone.simple_drone]: The drone plugin finished loading!
[gzserver-2] [INFO] [1773185634.131978884] [gazebo_wind_plugin_node]: WindPlugin: set wind_speed=0.00 wind_direction=0.0
[gzserver-2] [INFO] [1773185634.400212218] [gazebo_wind_plugin_node]: WindPlugin: set wind_speed=0.00 wind_direction=0.0
[gzserver-2] [INFO] [1773185634.433467351] [drone.simple_drone]: Quadrotor takes off!!
[gzserver-2] [INFO] [1773185634.634923662] [gazebo_wind_plugin_node]: WindPlugin: set wind_speed=0.00 wind_direction=0.0
[gzserver-2] [INFO] [1773185634.875230309] [gazebo_wind_plugin_node]: WindPlugin: set wind_speed=0.00 wind_direction=0.0
[gzserver-2] [INFO] [1773185635.114951152] [gazebo_wind_plugin_node]: WindPlugin: set wind_speed=0.00 wind_direction=0.0
[gzserver-2] [INFO] [1773185635.354650502] [gazebo_wind_plugin_node]: WindPlugin: set wind_speed=0.00 wind_direction=0.0
[gzserver-2] [INFO] [1773185635.589201179] [gazebo_wind_plugin_node]: WindPlugin: set wind_speed=0.00 wind_direction=0.0
[gzserver-2] [INFO] [1773185635.828819234] [gazebo_wind_plugin_node]: WindPlugin: set wind_speed=0.00 wind_direction=0.0
[gzserver-2] [INFO] [1773185636.069254874] [gazebo_wind_plugin_node]: WindPlugin: set wind_speed=0.00 wind_direction=0.0
[gzserver-2] [0m[1;36m[Dbg] [wind_plugin.cpp:110] [0m[1;36mWindPlugin: received command -> speed=[0m[1;36m0[0m[1;36m dir=[0m[1;36m0[0m[1;36m
[gzserver-2] [0m[1;36m[Dbg] [wind_plugin.cpp:110] [0m[1;36mWindPlugin: received command -> speed=[0m[1;36m0[0m[1;36m dir=[0m[1;36m0[0m[1;36m
[gzserver-2] [0m[1;36m[Dbg] [wind_plugin.cpp:110] [0m[1;36mWindPlugin: received command -> speed=[0m[1;36m0[0m[1;36m dir=[0m[1;36m0[0m[1;36m
[gzserver-2] [0m[1;36m[Dbg] [wind_plugin.cpp:110] [0m[1;36mWindPlugin: received command -> speed=[0m[1;36m0[0m[1;36m dir=[0m[1;36m0[0m[1;36m
[gzserver-2] [0m[1;36m[Dbg] [wind_plugin.cpp:110] [0m[1;36mWindPlugin: received command -> speed=[0m[1;36m0[0m[1;36m dir=[0m[1;36m0[0m[1;36m
[gzserver-2] [0m[1;36m[Dbg] [wind_plugin.cpp:110] [0m[1;36mWindPlugin: received command -> speed=[0m[1;36m0[0m[1;36m dir=[0m[1;36m0[0m[1;36m
[gzserver-2] [0m[1;36m[Dbg] [wind_plugin.cpp:110] [0m[1;36mWindPlugin: received command -> speed=[0m[1;36m0[0m[1;36m dir=[0m[1;36m0[0m[1;36m
[gzserver-2] [0m[1;36m[Dbg] [wind_plugin.cpp:110] [0m[1;36mWindPlugin: received command -> speed=[0m[1;36m0[0m[1;36m dir=[0m[1;36m0[0m[1;36m
[gzserver-2] [0m[1;36m[Dbg] [wind_plugin.cpp:110] [0m[1;36mWindPlugin: received command -> speed=[0m[1;36m0[0m[1;36m dir=[0m[1;36m0[0m[1;36m
[gzserver-2] [0mEntering flying model!
[gzserver-2] [INFO] [1773185636.303749725] [gazebo_wind_plugin_node]: WindPlugin: set wind_speed=0.00 wind_direction=0.0
[gzserver-2] [INFO] [1773185636.538400544] [gazebo_wind_plugin_node]: WindPlugin: set wind_speed=2.35 wind_direction=158.2
[gzserver-2] [INFO] [1773185636.772307380] [gazebo_wind_plugin_node]: WindPlugin: set wind_speed=2.20 wind_direction=159.2
[gzserver-2] [INFO] [1773185637.012395012] [gazebo_wind_plugin_node]: WindPlugin: set wind_speed=2.20 wind_direction=159.2
[gzserver-2] [INFO] [1773185637.252014304] [gazebo_wind_plugin_node]: WindPlugin: set wind_speed=2.20 wind_direction=159.2
[gzserver-2] [INFO] [1773185637.487205218] [gazebo_wind_plugin_node]: WindPlugin: set wind_speed=2.20 wind_direction=159.2
[gzserver-2] [INFO] [1773185637.723618128] [gazebo_wind_plugin_node]: WindPlugin: set wind_speed=2.44 wind_direction=157.2
[gzserver-2] [INFO] [1773185637.963814560] [gazebo_wind_plugin_node]: WindPlugin: set wind_speed=2.44 wind_direction=157.2
[gzserver-2] [INFO] [1773185638.198843696] [gazebo_wind_plugin_node]: WindPlugin: set wind_speed=2.44 wind_direction=157.2
[gzserver-2] [INFO] [1773185638.438301280] [gazebo_wind_plugin_node]: WindPlugin: set wind_speed=2.44 wind_direction=157.2
[gzserver-2] [INFO] [1773185638.672555271] [gazebo_wind_plugin_node]: WindPlugin: set wind_speed=2.41 wind_direction=157.1
[gzserver-2] [INFO] [1773185638.906732976] [gazebo_wind_plugin_node]: WindPlugin: set wind_speed=2.41 wind_direction=157.1
[gzserver-2] [INFO] [1773185639.141984765] [gazebo_wind_plugin_node]: WindPlugin: set wind_speed=2.41 wind_direction=157.1
[gzserver-2] [INFO] [1773185639.375775511] [gazebo_wind_plugin_node]: WindPlugin: set wind_speed=2.41 wind_direction=157.1
[gzserver-2] [INFO] [1773185639.415287545] [drone.simple_drone]: Quadrotor lands!!
[gzserver-2] [INFO] [1773185639.616941934] [gazebo_wind_plugin_node]: WindPlugin: set wind_speed=2.41 wind_direction=157.1
[gzserver-2] [INFO] [1773185639.853124998] [gazebo_wind_plugin_node]: WindPlugin: set wind_speed=2.40 wind_direction=159.9
[gzserver-2] [INFO] [1773185640.081788868] [gazebo_wind_plugin_node]: WindPlugin: set wind_speed=2.40 wind_direction=159.9
[gzserver-2] [INFO] [1773185640.321589069] [gazebo_wind_plugin_node]: WindPlugin: set wind_speed=2.40 wind_direction=159.9
[gzserver-2] [1;36m[Dbg] [wind_plugin.cpp:110] [0m[1;36mWindPlugin: received command -> speed=[0m[1;36m0[0m[1;36m dir=[0m[1;36m0[0m[1;36m
[gzserver-2] [0m[1;36m[Dbg] [wind_plugin.cpp:110] [0m[1;36mWindPlugin: received command -> speed=[0m[1;36m2.34916[0m[1;36m dir=[0m[1;36m158.191[0m[1;36m
[gzserver-2] [0m[1;36m[Dbg] [wind_plugin.cpp:110] [0m[1;36mWindPlugin: received command -> speed=[0m[1;36m2.20296[0m[1;36m dir=[0m[1;36m159.22[0m[1;36m
[gzserver-2] [0m[1;36m[Dbg] [wind_plugin.cpp:110] [0m[1;36mWindPlugin: received command -> speed=[0m[1;36m2.20296[0m[1;36m dir=[0m[1;36m159.22[0m[1;36m
[gzserver-2] [0m[1;36m[Dbg] [wind_plugin.cpp:110] [0m[1;36mWindPlugin: received command -> speed=[0m[1;36m2.20296[0m[1;36m dir=[0m[1;36m159.22[0m[1;36m
[gzserver-2] [0m[1;36m[Dbg] [wind_plugin.cpp:110] [0m[1;36mWindPlugin: received command -> speed=[0m[1;36m2.20296[0m[1;36m dir=[0m[1;36m159.22[0m[1;36m
[gzserver-2] [0m[1;36m[Dbg] [wind_plugin.cpp:110] [0m[1;36mWindPlugin: received command -> speed=[0m[1;36m2.44347[0m[1;36m dir=[0m[1;36m157.215[0m[1;36m
[gzserver-2] [0m[1;36m[Dbg] [wind_plugin.cpp:110] [0m[1;36mWindPlugin: received command -> speed=[0m[1;36m2.44347[0m[1;36m dir=[0m[1;36m157.215[0m[1;36m
[gzserver-2] [0m[1;36m[Dbg] [wind_plugin.cpp:110] [0m[1;36mWindPlugin: received command -> speed=[0m[1;36m2.44347[0m[1;36m dir=[0m[1;36m157.215[0m[1;36m
[gzserver-2] [0m[1;36m[Dbg] [wind_plugin.cpp:110] [0m[1;36mWindPlugin: received command -> speed=[0m[1;36m2.44347[0m[1;36m dir=[0m[1;36m157.215[0m[1;36m
[gzserver-2] [0m[1;36m[Dbg] [wind_plugin.cpp:110] [0m[1;36mWindPlugin: received command -> speed=[0m[1;36m2.41015[0m[1;36m dir=[0m[1;36m157.087[0m[1;36m
[gzserver-2] [0m[1;36m[Dbg] [wind_plugin.cpp:110] [0m[1;36mWindPlugin: received command -> speed=[0m[1;36m2.41015[0m[1;36m dir=[0m[1;36m157.087[0m[1;36m
[gzserver-2] [0m[1;36m[Dbg] [wind_plugin.cpp:110] [0m[1;36mWindPlugin: received command -> speed=[0m[1;36m2.41015[0m[1;36m dir=[0m[1;36m157.087[0m[1;36m
[gzserver-2] [0m[1;36m[Dbg] [wind_plugin.cpp:110] [0m[1;36mWindPlugin: received command -> speed=[0m[1;36m2.41015[0m[1;36m dir=[0m[1;36m157.087[0m[1;36m
[gzserver-2] [0m[1;36m[Dbg] [wind_plugin.cpp:110] [0m[1;36mWindPlugin: received command -> speed=[0m[1;36m2.41015[0m[1;36m dir=[0m[1;36m157.087[0m[1;36m
[gzserver-2] [0m[1;36m[Dbg] [wind_plugin.cpp:110] [0m[1;36mWindPlugin: received command -> speed=[0m[1;36m2.39826[0m[1;36m dir=[0m[1;36m159.872[0m[1;36m
[gzserver-2] [0m[1;36m[Dbg] [wind_plugin.cpp:110] [0m[1;36mWindPlugin: received command -> speed=[0m[1;36m2.39826[0m[1;36m dir=[0m[1;36m159.872[0m[1;36m
[gzserver-2] [0m[1;36m[Dbg] [wind_plugin.cpp:110] [0m[1;36mWindPlugin: received command -> speed=[0m[1;36m2.39826[0m[1;36m dir=[0m[1;36m159.872[0m[1;36m
[gzserver-2] [0mLanded!
[gzserver-2] [INFO] [1773185640.561848333] [gazebo_wind_plugin_node]: WindPlugin: set wind_speed=2.40 wind_direction=159.9
[gzserver-2] [INFO] [1773185640.804010297] [gazebo_wind_plugin_node]: WindPlugin: set wind_speed=2.04 wind_direction=159.1
[gzserver-2] [INFO] [1773185641.043540482] [gazebo_wind_plugin_node]: WindPlugin: set wind_speed=2.04 wind_direction=159.1
[gzserver-2] [INFO] [1773185641.282900131] [gazebo_wind_plugin_node]: WindPlugin: set wind_speed=2.04 wind_direction=159.1
[gzserver-2] [INFO] [1773185641.512244963] [gazebo_wind_plugin_node]: WindPlugin: set wind_speed=2.04 wind_direction=159.1
[gzserver-2] [INFO] [1773185641.751884482] [gazebo_wind_plugin_node]: WindPlugin: set wind_speed=2.27 wind_direction=158.7
[gzserver-2] [INFO] [1773185641.985616181] [gazebo_wind_plugin_node]: WindPlugin: set wind_speed=2.27 wind_direction=158.7
[gzserver-2] [INFO] [1773185642.220535621] [gazebo_wind_plugin_node]: WindPlugin: set wind_speed=2.27 wind_direction=158.7
