[INFO] [launch]: All log files can be found below /home/j/.ros/log/2026-03-11-04-24-45-942981-j-26926
[INFO] [launch]: Default logging verbosity is set to INFO
[INFO] [launch.user]: [bringup] Apriltag config: camera=/drone/bottom, image=/drone/bottom/image_raw, tags=/drone/bottom/tags, bridge=/landing_tag_state, standalone=true, use_target_id=true, target_id=0
[INFO] [rviz2-1]: process started with pid [26940]
[INFO] [gzserver-2]: process started with pid [26942]
[INFO] [robot_state_publisher-3]: process started with pid [26944]
[INFO] [joint_state_publisher-4]: process started with pid [26946]
[INFO] [spawn_drone-5]: process started with pid [26948]
[INFO] [static_transform_publisher-6]: process started with pid [26950]
[INFO] [joy_node-7]: process started with pid [26952]
[INFO] [teleop_joystick-8]: process started with pid [26954]
[INFO] [apriltag_detector_node-9]: process started with pid [26956]
[INFO] [apriltag_state_bridge-10]: process started with pid [26958]
[static_transform_publisher-6] [WARN] [1773170686.421189949] []: Old-style arguments are deprecated; see --help for new-style arguments
[static_transform_publisher-6] [INFO] [1773170686.429119644] [static_transform_publisher_TzxFTv2Q7K4Mq934]: Spinning until stopped - publishing transform
[static_transform_publisher-6] translation: ('0.000000', '0.000000', '0.000000')
[static_transform_publisher-6] rotation: ('0.000000', '0.000000', '0.000000', '1.000000')
[static_transform_publisher-6] from 'world' to '/drone/odom'
[robot_state_publisher-3] [INFO] [1773170686.452243633] [drone.robot_state_publisher]: got segment base_footprint
[robot_state_publisher-3] [INFO] [1773170686.452339351] [drone.robot_state_publisher]: got segment base_link
[robot_state_publisher-3] [INFO] [1773170686.452352316] [drone.robot_state_publisher]: got segment bottom_cam_link
[robot_state_publisher-3] [INFO] [1773170686.452360288] [drone.robot_state_publisher]: got segment front_cam_link
[robot_state_publisher-3] [INFO] [1773170686.452367108] [drone.robot_state_publisher]: got segment sonar_link
[rviz2-1] 
[rviz2-1] (rviz2:26940): dbind-WARNING **: 04:24:46.452: Couldn't connect to accessibility bus: Failed to connect to socket /root/.cache/at-spi/bus_0: 허가 거부
[apriltag_detector_node-9] [INFO] [1773170686.460701145] [apriltag_detector_node]: tag detector type: umich
[teleop_joystick-8] Traceback (most recent call last):
[teleop_joystick-8]   File "/home/j/INCSL/IICC26_ws/install/sjtu_drone_control/lib/sjtu_drone_control/teleop_joystick", line 33, in <module>
[teleop_joystick-8]     sys.exit(load_entry_point('sjtu_drone_control==0.0.0', 'console_scripts', 'teleop_joystick')())
[teleop_joystick-8]   File "/home/j/INCSL/IICC26_ws/install/sjtu_drone_control/lib/sjtu_drone_control/teleop_joystick", line 22, in importlib_load_entry_point
[teleop_joystick-8]     for entry_point in distribution(dist_name).entry_points
[teleop_joystick-8]   File "/usr/lib/python3.10/importlib/metadata/__init__.py", line 969, in distribution
[teleop_joystick-8]     return Distribution.from_name(distribution_name)
[teleop_joystick-8]   File "/usr/lib/python3.10/importlib/metadata/__init__.py", line 548, in from_name
[teleop_joystick-8]     raise PackageNotFoundError(name)
[teleop_joystick-8] importlib.metadata.PackageNotFoundError: No package metadata was found for sjtu_drone_control
[ERROR] [teleop_joystick-8]: process has died [pid 26954, exit code 1, cmd '/home/j/INCSL/IICC26_ws/install/sjtu_drone_control/lib/sjtu_drone_control/teleop_joystick --ros-args -r __ns:=/drone'].
[gzserver-2] Gazebo multi-robot simulator, version 11.10.2
[gzserver-2] Copyright (C) 2012 Open Source Robotics Foundation.
[gzserver-2] Released under the Apache 2 License.
[gzserver-2] http://gazebosim.org
[gzserver-2] 
[apriltag_state_bridge-10] [INFO] [1773170686.688022690] [apriltag_state_bridge]: AprilTag bridge started: /drone/bottom/tags -> /landing_tag_state, use_target_id=True, target_id=0
[joint_state_publisher-4] [INFO] [1773170686.691728815] [drone.joint_state_publisher]: Waiting for robot_description to be published on the robot_description topic...
[gzserver-2] [1;33m[Wrn] [gazebo_ros_init.cpp:178] [0m[1;33m
[gzserver-2] #     # ####### ####### ###  #####  #######
[gzserver-2] ##    # #     #    #     #  #     # #
[gzserver-2] # #   # #     #    #     #  #       #
[gzserver-2] #  #  # #     #    #     #  #       #####
[gzserver-2] #   # # #     #    #     #  #       #
[gzserver-2] #    ## #     #    #     #  #     # #
[gzserver-2] #     # #######    #    ###  #####  #######
[gzserver-2] 
[gzserver-2] This version of Gazebo, now called Gazebo classic, reaches end-of-life
[gzserver-2] in January 2025. Users are highly encouraged to migrate to the new Gazebo
[gzserver-2] using our migration guides (https://gazebosim.org/docs/latest/gazebo_classic_migration?utm_source=gazebo_ros_pkgs&utm_medium=cli)
[gzserver-2] 
[gzserver-2] [0m[1;33m
[rviz2-1] [INFO] [1773170687.063929742] [rviz2]: Stereo is NOT SUPPORTED
[rviz2-1] [INFO] [1773170687.064074102] [rviz2]: OpenGl version: 4.6 (GLSL 4.6)
[rviz2-1] [INFO] [1773170687.200392065] [rviz2]: Stereo is NOT SUPPORTED
[rviz2-1] [INFO] [1773170687.328116731] [rviz2]: Stereo is NOT SUPPORTED
[spawn_drone-5] [INFO] [1773170687.839837497] [spawn_drone]: Result False Entity pushed to spawn queue, but spawn service timed outwaiting for entity to appear in simulation under the name [/drone]
[gzserver-2] [1;32m[Msg] [0m[1;32mWaiting for master.[0m[1;32m
[gzserver-2] [0m[1;32m[0m[1;32m[0m[1;32m[Msg] [0m[1;32mConnected to gazebo master @ [0m[1;32mhttp://127.0.0.1:11345[0m[1;32m
[gzserver-2] [0m[1;32m[0m[1;32m[0m[1;32m[Msg] [0m[1;32mPublicized address: [0m[1;32m192.168.0.11[0m[1;32m
[gzserver-2] [0m[1;32m[0m[1;32m[0m[1;32m[Msg] [0m[1;32mLoading world file [[0m[1;32m/home/j/INCSL/IICC26_ws/install/sjtu_drone_description/share/sjtu_drone_description/worlds/landingPad.world[0m[1;32m][0m[1;32m
[gzserver-2] [0m[1;32m[0m[1;32m[0m[1;36m[Dbg] [wind_plugin.cpp:96] [0m[1;36mWindPlugin loaded: speed=[0m[1;36m0[0m[1;36m dir=[0m[1;36m0[0m[1;36m deg area=[0m[1;36m0.1[0m[1;36m coeff=[0m[1;36m1[0m[1;36m
[gzserver-2] [0m[1;33m[0m[1;33m[0m[1;31m[Err] [Sensor.cc:510] [0m[1;31mGet noise index not valid[0m[1;31m
[gzserver-2] [0m[1;31m[0m[1;31m[0m[1;31m[Err] [Sensor.cc:510] [0m[1;31mGet noise index not valid[0m[1;31m
[gzserver-2] [0m[1;31m[0m[1;31m[0m[1;31m[Err] [Sensor.cc:510] [0m[1;31mGet noise index not valid[0m[1;31m
[gzserver-2] [0m[1;31m[0m[1;31m[0m[1;31m[Err] [Sensor.cc:510] [0m[1;31mGet noise index not valid[0m[1;31m
[gzserver-2] [0m[1;31m[0m[1;31m[0m[1;31m[Err] [Sensor.cc:510] [0m[1;31mGet noise index not valid[0m[1;31m
[gzserver-2] [0m[1;31m[0m[1;31m[0m[1;31m[Err] [Sensor.cc:510] [0m[1;31mGet noise index not valid[0m[1;31m
[gzserver-2] [0m[1;31m[0m[1;31m[0mTopic [default//drone/base_footprint/down_camera/image] is not valid.
[gzserver-2] [INFO] [1773170687.873746665] [drone.collision_plugin]: Publishing contact states to [/drone/bumper_states]
[gzserver-2] Topic [default//drone/base_footprint/front_camera/image] is not valid.
[gzserver-2] [1;33m[Wrn] [Event.cc:61] [0m[1;33mWarning: Deleting a connection right after creation. [0m[1;33mMake sure to save the ConnectionPtr from a Connect call
[INFO] [spawn_drone-5]: process has finished cleanly [pid 26948]
[gzserver-2] [0m[INFO] [1773170688.458370977] [drone.camera_bottom]: Publishing camera info to [/drone/bottom/camera_info]
[gzserver-2] [INFO] [1773170688.461266948] [drone.camera_front]: Publishing camera info to [/drone/front/camera_info]
[gzserver-2] [INFO] [1773170688.583615783] [drone.simple_drone]: The drone plugin is loading!
[gzserver-2] [INFO] [1773170688.583826303] [drone.simple_drone]: pub_odom: 1
[gzserver-2] [INFO] [1773170688.583870817] [drone.simple_drone]: Using following parameters: 
[gzserver-2] 		link_name: base_footprint,
[gzserver-2] 		max_force: 30,
[gzserver-2] 		motion_small_noise: 0,
[gzserver-2] 		motion_drift_noise: 0,
[gzserver-2] 		motion_drift_noise_time: 50,
[gzserver-2] 		takeoff_hover_height: 1.76,
[gzserver-2] 		takeoff_vertical_speed: 0.2
[gzserver-2] [INFO] [1773170688.595775955] [drone.simple_drone]: Using the PID parameters: 
[gzserver-2] 	Roll Pitch:
[gzserver-2] 		kP: 10, kI: 0,kD: 5, Limit: 0.5, Time Constant: 0
[gzserver-2] 	Yaw:
[gzserver-2] 		kP: 2, kI: 0,kD: 1, Limit: 1.5, Time Constant: 0
[gzserver-2] 	Velocity X:
[gzserver-2] 		kP: 5, kI: 0,kD: 2.3, Limit: 2, Time Constant: 0
[gzserver-2] 	Velocity Y:
[gzserver-2] 		kP: 5, kI: 0,kD: 2.3, Limit: 2, Time Constant: 0
[gzserver-2] 	Velocity Z:
[gzserver-2] 		kP: 5, kI: 0,kD: 1, Limit: -1, Time Constant: 0
[gzserver-2] 	Position XY:
[gzserver-2] 		kP: 1.1, kI: 0,kD: 0, Limit: 5, Time Constant: 0
[gzserver-2] 	Position Z:
[gzserver-2] 		kP: 1, kI: 0,kD: 0.2, Limit: -1, Time Constant: 0
[gzserver-2] [INFO] [1773170688.595928634] [drone.simple_drone]: The drone plugin finished loading!
[gzserver-2] [INFO] [1773170695.777099358] [gazebo_wind_plugin_node]: WindPlugin: set wind_speed=0.00 wind_direction=0.0
[gzserver-2] [INFO] [1773170696.047729870] [gazebo_wind_plugin_node]: WindPlugin: set wind_speed=0.00 wind_direction=0.0
[gzserver-2] [INFO] [1773170696.086243661] [drone.simple_drone]: Quadrotor takes off!!
[gzserver-2] [INFO] [1773170696.287254314] [gazebo_wind_plugin_node]: WindPlugin: set wind_speed=0.00 wind_direction=0.0
[gzserver-2] [INFO] [1773170696.518666541] [gazebo_wind_plugin_node]: WindPlugin: set wind_speed=0.00 wind_direction=0.0
[gzserver-2] [INFO] [1773170696.752927857] [gazebo_wind_plugin_node]: WindPlugin: set wind_speed=0.00 wind_direction=0.0
[gzserver-2] [INFO] [1773170696.981335670] [gazebo_wind_plugin_node]: WindPlugin: set wind_speed=0.00 wind_direction=0.0
[gzserver-2] [INFO] [1773170697.220482829] [gazebo_wind_plugin_node]: WindPlugin: set wind_speed=0.00 wind_direction=0.0
[gzserver-2] [INFO] [1773170697.459901722] [gazebo_wind_plugin_node]: WindPlugin: set wind_speed=0.00 wind_direction=0.0
[gzserver-2] [0m[1;36m[Dbg] [wind_plugin.cpp:110] [0m[1;36mWindPlugin: received command -> speed=[0m[1;36m0[0m[1;36m dir=[0m[1;36m0[0m[1;36m
[gzserver-2] [0m[1;36m[Dbg] [wind_plugin.cpp:110] [0m[1;36mWindPlugin: received command -> speed=[0m[1;36m0[0m[1;36m dir=[0m[1;36m0[0m[1;36m
[gzserver-2] [0m[1;36m[Dbg] [wind_plugin.cpp:110] [0m[1;36mWindPlugin: received command -> speed=[0m[1;36m0[0m[1;36m dir=[0m[1;36m0[0m[1;36m
[gzserver-2] [0m[1;36m[Dbg] [wind_plugin.cpp:110] [0m[1;36mWindPlugin: received command -> speed=[0m[1;36m0[0m[1;36m dir=[0m[1;36m0[0m[1;36m
[gzserver-2] [0m[1;36m[Dbg] [wind_plugin.cpp:110] [0m[1;36mWindPlugin: received command -> speed=[0m[1;36m0[0m[1;36m dir=[0m[1;36m0[0m[1;36m
[gzserver-2] [0m[1;36m[Dbg] [wind_plugin.cpp:110] [0m[1;36mWindPlugin: received command -> speed=[0m[1;36m0[0m[1;36m dir=[0m[1;36m0[0m[1;36m
[gzserver-2] [0m[1;36m[Dbg] [wind_plugin.cpp:110] [0m[1;36mWindPlugin: received command -> speed=[0m[1;36m0[0m[1;36m dir=[0m[1;36m0[0m[1;36m
[gzserver-2] [0m[1;36m[Dbg] [wind_plugin.cpp:110] [0m[1;36mWindPlugin: received command -> speed=[0m[1;36m0[0m[1;36m dir=[0m[1;36m0[0m[1;36m
[gzserver-2] [0mEntering flying model!
[gzserver-2] [INFO] [1773170697.699872269] [gazebo_wind_plugin_node]: WindPlugin: set wind_speed=0.00 wind_direction=0.0
[gzserver-2] [INFO] [1773170697.939453569] [gazebo_wind_plugin_node]: WindPlugin: set wind_speed=1.27 wind_direction=17.3
[gzserver-2] [INFO] [1773170698.179084276] [gazebo_wind_plugin_node]: WindPlugin: set wind_speed=1.27 wind_direction=17.3
[gzserver-2] [INFO] [1773170698.414095776] [gazebo_wind_plugin_node]: WindPlugin: set wind_speed=1.44 wind_direction=15.4
[gzserver-2] [INFO] [1773170698.650449210] [gazebo_wind_plugin_node]: WindPlugin: set wind_speed=1.44 wind_direction=15.4
[gzserver-2] [INFO] [1773170698.890007718] [gazebo_wind_plugin_node]: WindPlugin: set wind_speed=1.44 wind_direction=15.4
[gzserver-2] [INFO] [1773170699.123778975] [gazebo_wind_plugin_node]: WindPlugin: set wind_speed=1.44 wind_direction=15.4
[gzserver-2] [INFO] [1773170699.363341612] [gazebo_wind_plugin_node]: WindPlugin: set wind_speed=1.31 wind_direction=16.7
[gzserver-2] [INFO] [1773170699.602922973] [gazebo_wind_plugin_node]: WindPlugin: set wind_speed=1.31 wind_direction=16.7
[gzserver-2] [INFO] [1773170699.844802566] [gazebo_wind_plugin_node]: WindPlugin: set wind_speed=1.31 wind_direction=16.7
[gzserver-2] [INFO] [1773170700.083835379] [gazebo_wind_plugin_node]: WindPlugin: set wind_speed=1.31 wind_direction=16.7
[gzserver-2] [INFO] [1773170700.318192166] [gazebo_wind_plugin_node]: WindPlugin: set wind_speed=1.20 wind_direction=17.0
[gzserver-2] [INFO] [1773170700.557336114] [gazebo_wind_plugin_node]: WindPlugin: set wind_speed=1.20 wind_direction=17.0
[gzserver-2] [INFO] [1773170700.796828204] [gazebo_wind_plugin_node]: WindPlugin: set wind_speed=1.20 wind_direction=17.0
[gzserver-2] [INFO] [1773170701.036098713] [gazebo_wind_plugin_node]: WindPlugin: set wind_speed=1.20 wind_direction=17.0
[gzserver-2] [INFO] [1773170701.276148999] [gazebo_wind_plugin_node]: WindPlugin: set wind_speed=1.20 wind_direction=17.0
[gzserver-2] [INFO] [1773170701.516076973] [gazebo_wind_plugin_node]: WindPlugin: set wind_speed=1.30 wind_direction=17.6
[gzserver-2] [INFO] [1773170701.757018994] [gazebo_wind_plugin_node]: WindPlugin: set wind_speed=1.30 wind_direction=17.6
[gzserver-2] [INFO] [1773170701.789636305] [drone.simple_drone]: Quadrotor lands!!
[gzserver-2] [INFO] [1773170701.991207323] [gazebo_wind_plugin_node]: WindPlugin: set wind_speed=1.30 wind_direction=17.6
[gzserver-2] [INFO] [1773170702.225587894] [gazebo_wind_plugin_node]: WindPlugin: set wind_speed=1.30 wind_direction=17.6
[gzserver-2] [INFO] [1773170702.459688349] [gazebo_wind_plugin_node]: WindPlugin: set wind_speed=1.38 wind_direction=15.0
[gzserver-2] [INFO] [1773170702.699080299] [gazebo_wind_plugin_node]: WindPlugin: set wind_speed=1.38 wind_direction=15.0
[gzserver-2] [1;36m[Dbg] [wind_plugin.cpp:110] [0m[1;36mWindPlugin: received command -> speed=[0m[1;36m0[0m[1;36m dir=[0m[1;36m0[0m[1;36m
[gzserver-2] [0m[1;36m[Dbg] [wind_plugin.cpp:110] [0m[1;36mWindPlugin: received command -> speed=[0m[1;36m1.26658[0m[1;36m dir=[0m[1;36m17.336[0m[1;36m
[gzserver-2] [0m[1;36m[Dbg] [wind_plugin.cpp:110] [0m[1;36mWindPlugin: received command -> speed=[0m[1;36m1.26658[0m[1;36m dir=[0m[1;36m17.336[0m[1;36m
[gzserver-2] [0m[1;36m[Dbg] [wind_plugin.cpp:110] [0m[1;36mWindPlugin: received command -> speed=[0m[1;36m1.43795[0m[1;36m dir=[0m[1;36m15.4271[0m[1;36m
[gzserver-2] [0m[1;36m[Dbg] [wind_plugin.cpp:110] [0m[1;36mWindPlugin: received command -> speed=[0m[1;36m1.43795[0m[1;36m dir=[0m[1;36m15.4271[0m[1;36m
[gzserver-2] [0m[1;36m[Dbg] [wind_plugin.cpp:110] [0m[1;36mWindPlugin: received command -> speed=[0m[1;36m1.43795[0m[1;36m dir=[0m[1;36m15.4271[0m[1;36m
[gzserver-2] [0m[1;36m[Dbg] [wind_plugin.cpp:110] [0m[1;36mWindPlugin: received command -> speed=[0m[1;36m1.43795[0m[1;36m dir=[0m[1;36m15.4271[0m[1;36m
[gzserver-2] [0m[1;36m[Dbg] [wind_plugin.cpp:110] [0m[1;36mWindPlugin: received command -> speed=[0m[1;36m1.30728[0m[1;36m dir=[0m[1;36m16.7498[0m[1;36m
[gzserver-2] [0m[1;36m[Dbg] [wind_plugin.cpp:110] [0m[1;36mWindPlugin: received command -> speed=[0m[1;36m1.30728[0m[1;36m dir=[0m[1;36m16.7498[0m[1;36m
[gzserver-2] [0m[1;36m[Dbg] [wind_plugin.cpp:110] [0m[1;36mWindPlugin: received command -> speed=[0m[1;36m1.30728[0m[1;36m dir=[0m[1;36m16.7498[0m[1;36m
[gzserver-2] [0m[1;36m[Dbg] [wind_plugin.cpp:110] [0m[1;36mWindPlugin: received command -> speed=[0m[1;36m1.30728[0m[1;36m dir=[0m[1;36m16.7498[0m[1;36m
[gzserver-2] [0m[1;36m[Dbg] [wind_plugin.cpp:110] [0m[1;36mWindPlugin: received command -> speed=[0m[1;36m1.20103[0m[1;36m dir=[0m[1;36m16.9548[0m[1;36m
[gzserver-2] [0m[1;36m[Dbg] [wind_plugin.cpp:110] [0m[1;36mWindPlugin: received command -> speed=[0m[1;36m1.20103[0m[1;36m dir=[0m[1;36m16.9548[0m[1;36m
[gzserver-2] [0m[1;36m[Dbg] [wind_plugin.cpp:110] [0m[1;36mWindPlugin: received command -> speed=[0m[1;36m1.20103[0m[1;36m dir=[0m[1;36m16.9548[0m[1;36m
[gzserver-2] [0m[1;36m[Dbg] [wind_plugin.cpp:110] [0m[1;36mWindPlugin: received command -> speed=[0m[1;36m1.20103[0m[1;36m dir=[0m[1;36m16.9548[0m[1;36m
[gzserver-2] [0m[1;36m[Dbg] [wind_plugin.cpp:110] [0m[1;36mWindPlugin: received command -> speed=[0m[1;36m1.20103[0m[1;36m dir=[0m[1;36m16.9548[0m[1;36m
[gzserver-2] [0m[1;36m[Dbg] [wind_plugin.cpp:110] [0m[1;36mWindPlugin: received command -> speed=[0m[1;36m1.2975[0m[1;36m dir=[0m[1;36m17.6259[0m[1;36m
[gzserver-2] [0m[1;36m[Dbg] [wind_plugin.cpp:110] [0m[1;36mWindPlugin: received command -> speed=[0m[1;36m1.2975[0m[1;36m dir=[0m[1;36m17.6259[0m[1;36m
[gzserver-2] [0m[1;36m[Dbg] [wind_plugin.cpp:110] [0m[1;36mWindPlugin: received command -> speed=[0m[1;36m1.2975[0m[1;36m dir=[0m[1;36m17.6259[0m[1;36m
[gzserver-2] [0m[1;36m[Dbg] [wind_plugin.cpp:110] [0m[1;36mWindPlugin: received command -> speed=[0m[1;36m1.2975[0m[1;36m dir=[0m[1;36m17.6259[0m[1;36m
[gzserver-2] [0m[1;36m[Dbg] [wind_plugin.cpp:110] [0m[1;36mWindPlugin: received command -> speed=[0m[1;36m1.38182[0m[1;36m dir=[0m[1;36m14.9967[0m[1;36m
[gzserver-2] [0m[1;36m[Dbg] [wind_plugin.cpp:110] [0m[1;36mWindPlugin: received command -> speed=[0m[1;36m1.38182[0m[1;36m dir=[0m[1;36m14.9967[0m[1;36m
[gzserver-2] [0mLanded!
[gzserver-2] [INFO] [1773170702.928222558] [gazebo_wind_plugin_node]: WindPlugin: set wind_speed=1.38 wind_direction=15.0
[gzserver-2] [INFO] [1773170703.163217389] [gazebo_wind_plugin_node]: WindPlugin: set wind_speed=1.38 wind_direction=15.0
[gzserver-2] [INFO] [1773170703.392183816] [gazebo_wind_plugin_node]: WindPlugin: set wind_speed=1.30 wind_direction=15.6
[gzserver-2] [INFO] [1773170703.631517586] [gazebo_wind_plugin_node]: WindPlugin: set wind_speed=1.30 wind_direction=15.6
[gzserver-2] [INFO] [1773170703.865310730] [gazebo_wind_plugin_node]: WindPlugin: set wind_speed=1.30 wind_direction=15.6
[gzserver-2] [INFO] [1773170704.104674419] [gazebo_wind_plugin_node]: WindPlugin: set wind_speed=1.30 wind_direction=15.6
[gzserver-2] [INFO] [1773170704.344500587] [gazebo_wind_plugin_node]: WindPlugin: set wind_speed=1.31 wind_direction=16.0
[gzserver-2] [INFO] [1773170704.573362965] [gazebo_wind_plugin_node]: WindPlugin: set wind_speed=1.31 wind_direction=16.0
