[INFO] [launch]: All log files can be found below /home/j/.ros/log/2026-03-11-07-08-48-509459-j-1583160
[INFO] [launch]: Default logging verbosity is set to INFO
[INFO] [launch.user]: [bringup] Apriltag config: camera=/drone/bottom, image=/drone/bottom/image_raw, tags=/drone/bottom/tags, bridge=/landing_tag_state, standalone=true, use_target_id=true, target_id=0
[INFO] [rviz2-1]: process started with pid [1583169]
[INFO] [gzserver-2]: process started with pid [1583171]
[INFO] [robot_state_publisher-3]: process started with pid [1583174]
[INFO] [joint_state_publisher-4]: process started with pid [1583177]
[INFO] [spawn_drone-5]: process started with pid [1583180]
[INFO] [static_transform_publisher-6]: process started with pid [1583182]
[INFO] [joy_node-7]: process started with pid [1583184]
[INFO] [teleop_joystick-8]: process started with pid [1583186]
[INFO] [apriltag_detector_node-9]: process started with pid [1583188]
[INFO] [apriltag_state_bridge-10]: process started with pid [1583190]
[static_transform_publisher-6] [WARN] [1773180528.979718785] []: Old-style arguments are deprecated; see --help for new-style arguments
[static_transform_publisher-6] [INFO] [1773180528.989782460] [static_transform_publisher_V41znZBihzfHsyJt]: Spinning until stopped - publishing transform
[static_transform_publisher-6] translation: ('0.000000', '0.000000', '0.000000')
[static_transform_publisher-6] rotation: ('0.000000', '0.000000', '0.000000', '1.000000')
[static_transform_publisher-6] from 'world' to '/drone/odom'
[robot_state_publisher-3] [INFO] [1773180529.014562199] [drone.robot_state_publisher]: got segment base_footprint
[robot_state_publisher-3] [INFO] [1773180529.014646932] [drone.robot_state_publisher]: got segment base_link
[robot_state_publisher-3] [INFO] [1773180529.014659992] [drone.robot_state_publisher]: got segment bottom_cam_link
[robot_state_publisher-3] [INFO] [1773180529.014668946] [drone.robot_state_publisher]: got segment front_cam_link
[robot_state_publisher-3] [INFO] [1773180529.014676759] [drone.robot_state_publisher]: got segment sonar_link
[apriltag_detector_node-9] [INFO] [1773180529.016105053] [apriltag_detector_node]: tag detector type: umich
[rviz2-1] 
[rviz2-1] (rviz2:1583169): dbind-WARNING **: 07:08:49.022: Couldn't connect to accessibility bus: Failed to connect to socket /root/.cache/at-spi/bus_0: 허가 거부
[teleop_joystick-8] Traceback (most recent call last):
[teleop_joystick-8]   File "/home/j/INCSL/IICC26_ws/install/sjtu_drone_control/lib/sjtu_drone_control/teleop_joystick", line 33, in <module>
[teleop_joystick-8]     sys.exit(load_entry_point('sjtu_drone_control==0.0.0', 'console_scripts', 'teleop_joystick')())
[teleop_joystick-8]   File "/home/j/INCSL/IICC26_ws/install/sjtu_drone_control/lib/sjtu_drone_control/teleop_joystick", line 22, in importlib_load_entry_point
[teleop_joystick-8]     for entry_point in distribution(dist_name).entry_points
[teleop_joystick-8]   File "/usr/lib/python3.10/importlib/metadata/__init__.py", line 969, in distribution
[teleop_joystick-8]     return Distribution.from_name(distribution_name)
[teleop_joystick-8]   File "/usr/lib/python3.10/importlib/metadata/__init__.py", line 548, in from_name
[teleop_joystick-8]     raise PackageNotFoundError(name)
[teleop_joystick-8] importlib.metadata.PackageNotFoundError: No package metadata was found for sjtu_drone_control
[ERROR] [teleop_joystick-8]: process has died [pid 1583186, exit code 1, cmd '/home/j/INCSL/IICC26_ws/install/sjtu_drone_control/lib/sjtu_drone_control/teleop_joystick --ros-args -r __ns:=/drone'].
[apriltag_state_bridge-10] [INFO] [1773180529.210578632] [apriltag_state_bridge]: AprilTag bridge started: /drone/bottom/tags -> /landing_tag_state, use_target_id=True, target_id=0
[gzserver-2] Gazebo multi-robot simulator, version 11.10.2
[gzserver-2] Copyright (C) 2012 Open Source Robotics Foundation.
[gzserver-2] Released under the Apache 2 License.
[gzserver-2] http://gazebosim.org
[gzserver-2] 
[joint_state_publisher-4] [INFO] [1773180529.234523081] [drone.joint_state_publisher]: Waiting for robot_description to be published on the robot_description topic...
[gzserver-2] [1;33m[Wrn] [gazebo_ros_init.cpp:178] [0m[1;33m
[gzserver-2] #     # ####### ####### ###  #####  #######
[gzserver-2] ##    # #     #    #     #  #     # #
[gzserver-2] # #   # #     #    #     #  #       #
[gzserver-2] #  #  # #     #    #     #  #       #####
[gzserver-2] #   # # #     #    #     #  #       #
[gzserver-2] #    ## #     #    #     #  #     # #
[gzserver-2] #     # #######    #    ###  #####  #######
[gzserver-2] 
[gzserver-2] This version of Gazebo, now called Gazebo classic, reaches end-of-life
[gzserver-2] in January 2025. Users are highly encouraged to migrate to the new Gazebo
[gzserver-2] using our migration guides (https://gazebosim.org/docs/latest/gazebo_classic_migration?utm_source=gazebo_ros_pkgs&utm_medium=cli)
[gzserver-2] 
[gzserver-2] [0m[1;33m
[rviz2-1] [INFO] [1773180529.449415426] [rviz2]: Stereo is NOT SUPPORTED
[rviz2-1] [INFO] [1773180529.449507615] [rviz2]: OpenGl version: 4.6 (GLSL 4.6)
[rviz2-1] [INFO] [1773180529.572672562] [rviz2]: Stereo is NOT SUPPORTED
[rviz2-1] [INFO] [1773180529.705603325] [rviz2]: Stereo is NOT SUPPORTED
[gzserver-2] [1;32m[Msg] [0m[1;32mWaiting for master.[0m[1;32m
[gzserver-2] [0m[1;32m[0m[1;32m[0m[1;32m[Msg] [0m[1;32mConnected to gazebo master @ [0m[1;32mhttp://127.0.0.1:11345[0m[1;32m
[gzserver-2] [0m[1;32m[0m[1;32m[0m[1;32m[Msg] [0m[1;32mPublicized address: [0m[1;32m192.168.0.11[0m[1;32m
[gzserver-2] [0m[1;32m[0m[1;32m[0m[1;32m[Msg] [0m[1;32mLoading world file [[0m[1;32m/home/j/INCSL/IICC26_ws/install/sjtu_drone_description/share/sjtu_drone_description/worlds/landingPad.world[0m[1;32m][0m[1;32m
[gzserver-2] [0m[1;32m[0m[1;32m[0m[1;36m[Dbg] [wind_plugin.cpp:96] [0m[1;36mWindPlugin loaded: speed=[0m[1;36m0[0m[1;36m dir=[0m[1;36m0[0m[1;36m deg area=[0m[1;36m0.1[0m[1;36m coeff=[0m[1;36m1[0m[1;36m
[gzserver-2] [0m[1;33m[0m[1;33m[0m[1;31m[Err] [Sensor.cc:510] [0m[1;31mGet noise index not valid[0m[1;31m
[gzserver-2] [0m[1;31m[0m[1;31m[0m[1;31m[Err] [Sensor.cc:510] [0m[1;31mGet noise index not valid[0m[1;31m
[gzserver-2] [0m[1;31m[0m[1;31m[0m[1;31m[Err] [Sensor.cc:510] [0m[1;31mGet noise index not valid[0m[1;31m
[gzserver-2] [0m[1;31m[0m[1;31m[0m[1;31m[Err] [Sensor.cc:510] [0m[1;31mGet noise index not valid[0m[1;31m
[gzserver-2] [0m[1;31m[0m[1;31m[0m[1;31m[Err] [Sensor.cc:510] [0m[1;31mGet noise index not valid[0m[1;31m
[gzserver-2] [0m[1;31m[0m[1;31m[0m[1;31m[Err] [Sensor.cc:510] [0m[1;31mGet noise index not valid[0m[1;31m
[gzserver-2] [0m[1;31m[0m[1;31m[0mTopic [default//drone/base_footprint/down_camera/image] is not valid.
[gzserver-2] [INFO] [1773180530.351951905] [drone.collision_plugin]: Publishing contact states to [/drone/bumper_states]
[gzserver-2] Topic [default//drone/base_footprint/front_camera/image] is not valid.
[gzserver-2] [1;33m[Wrn] [Event.cc:61] [0m[1;33mWarning: Deleting a connection right after creation. [0m[1;33mMake sure to save the ConnectionPtr from a Connect call
[gzserver-2] [0m[INFO] [1773180530.910747963] [drone.camera_bottom]: Publishing camera info to [/drone/bottom/camera_info]
[gzserver-2] [INFO] [1773180530.913681592] [drone.camera_front]: Publishing camera info to [/drone/front/camera_info]
[spawn_drone-5] [INFO] [1773180530.922779107] [spawn_drone]: Result True SpawnEntity: Successfully spawned entity [/drone]
[gzserver-2] [INFO] [1773180531.038021504] [drone.simple_drone]: The drone plugin is loading!
[gzserver-2] [INFO] [1773180531.038229404] [drone.simple_drone]: pub_odom: 1
[gzserver-2] [INFO] [1773180531.038262756] [drone.simple_drone]: Using following parameters: 
[gzserver-2] 		link_name: base_footprint,
[gzserver-2] 		max_force: 30,
[gzserver-2] 		motion_small_noise: 0,
[gzserver-2] 		motion_drift_noise: 0,
[gzserver-2] 		motion_drift_noise_time: 50,
[gzserver-2] 		takeoff_hover_height: 2.08,
[gzserver-2] 		takeoff_vertical_speed: 0.2
[gzserver-2] [INFO] [1773180531.050174869] [drone.simple_drone]: Using the PID parameters: 
[gzserver-2] 	Roll Pitch:
[gzserver-2] 		kP: 10, kI: 0,kD: 5, Limit: 0.5, Time Constant: 0
[gzserver-2] 	Yaw:
[gzserver-2] 		kP: 2, kI: 0,kD: 1, Limit: 1.5, Time Constant: 0
[gzserver-2] 	Velocity X:
[gzserver-2] 		kP: 5, kI: 0,kD: 2.3, Limit: 2, Time Constant: 0
[gzserver-2] 	Velocity Y:
[gzserver-2] 		kP: 5, kI: 0,kD: 2.3, Limit: 2, Time Constant: 0
[gzserver-2] 	Velocity Z:
[gzserver-2] 		kP: 5, kI: 0,kD: 1, Limit: -1, Time Constant: 0
[gzserver-2] 	Position XY:
[gzserver-2] 		kP: 1.1, kI: 0,kD: 0, Limit: 5, Time Constant: 0
[gzserver-2] 	Position Z:
[gzserver-2] 		kP: 1, kI: 0,kD: 0.2, Limit: -1, Time Constant: 0
[gzserver-2] [INFO] [1773180531.050305882] [drone.simple_drone]: The drone plugin finished loading!
[INFO] [spawn_drone-5]: process has finished cleanly [pid 1583180]
[gzserver-2] [INFO] [1773180538.351890870] [gazebo_wind_plugin_node]: WindPlugin: set wind_speed=0.00 wind_direction=0.0
[gzserver-2] [INFO] [1773180538.623388934] [gazebo_wind_plugin_node]: WindPlugin: set wind_speed=0.00 wind_direction=0.0
[gzserver-2] [INFO] [1773180538.661805609] [drone.simple_drone]: Quadrotor takes off!!
[gzserver-2] [INFO] [1773180538.862830810] [gazebo_wind_plugin_node]: WindPlugin: set wind_speed=0.00 wind_direction=0.0
[gzserver-2] [INFO] [1773180539.097602959] [gazebo_wind_plugin_node]: WindPlugin: set wind_speed=0.00 wind_direction=0.0
[gzserver-2] [INFO] [1773180539.333240700] [gazebo_wind_plugin_node]: WindPlugin: set wind_speed=0.00 wind_direction=0.0
[gzserver-2] [INFO] [1773180539.567748195] [gazebo_wind_plugin_node]: WindPlugin: set wind_speed=0.00 wind_direction=0.0
[gzserver-2] [INFO] [1773180539.807016247] [gazebo_wind_plugin_node]: WindPlugin: set wind_speed=0.00 wind_direction=0.0
[gzserver-2] [INFO] [1773180540.046288987] [gazebo_wind_plugin_node]: WindPlugin: set wind_speed=0.00 wind_direction=0.0
[gzserver-2] [INFO] [1773180540.285784007] [gazebo_wind_plugin_node]: WindPlugin: set wind_speed=0.00 wind_direction=0.0
[gzserver-2] [0m[1;36m[Dbg] [wind_plugin.cpp:110] [0m[1;36mWindPlugin: received command -> speed=[0m[1;36m0[0m[1;36m dir=[0m[1;36m0[0m[1;36m
[gzserver-2] [0m[1;36m[Dbg] [wind_plugin.cpp:110] [0m[1;36mWindPlugin: received command -> speed=[0m[1;36m0[0m[1;36m dir=[0m[1;36m0[0m[1;36m
[gzserver-2] [0m[1;36m[Dbg] [wind_plugin.cpp:110] [0m[1;36mWindPlugin: received command -> speed=[0m[1;36m0[0m[1;36m dir=[0m[1;36m0[0m[1;36m
[gzserver-2] [0m[1;36m[Dbg] [wind_plugin.cpp:110] [0m[1;36mWindPlugin: received command -> speed=[0m[1;36m0[0m[1;36m dir=[0m[1;36m0[0m[1;36m
[gzserver-2] [0m[1;36m[Dbg] [wind_plugin.cpp:110] [0m[1;36mWindPlugin: received command -> speed=[0m[1;36m0[0m[1;36m dir=[0m[1;36m0[0m[1;36m
[gzserver-2] [0m[1;36m[Dbg] [wind_plugin.cpp:110] [0m[1;36mWindPlugin: received command -> speed=[0m[1;36m0[0m[1;36m dir=[0m[1;36m0[0m[1;36m
[gzserver-2] [0m[1;36m[Dbg] [wind_plugin.cpp:110] [0m[1;36mWindPlugin: received command -> speed=[0m[1;36m0[0m[1;36m dir=[0m[1;36m0[0m[1;36m
[gzserver-2] [0m[1;36m[Dbg] [wind_plugin.cpp:110] [0m[1;36mWindPlugin: received command -> speed=[0m[1;36m0[0m[1;36m dir=[0m[1;36m0[0m[1;36m
[gzserver-2] [0m[1;36m[Dbg] [wind_plugin.cpp:110] [0m[1;36mWindPlugin: received command -> speed=[0m[1;36m0[0m[1;36m dir=[0m[1;36m0[0m[1;36m
[gzserver-2] [0mEntering flying model!
[gzserver-2] [INFO] [1773180540.525456503] [gazebo_wind_plugin_node]: WindPlugin: set wind_speed=0.00 wind_direction=0.0
[gzserver-2] [INFO] [1773180540.764673857] [gazebo_wind_plugin_node]: WindPlugin: set wind_speed=1.98 wind_direction=179.4
[gzserver-2] [INFO] [1773180541.003573444] [gazebo_wind_plugin_node]: WindPlugin: set wind_speed=1.87 wind_direction=179.9
[gzserver-2] [INFO] [1773180541.243556354] [gazebo_wind_plugin_node]: WindPlugin: set wind_speed=1.87 wind_direction=179.9
[gzserver-2] [INFO] [1773180541.480471503] [gazebo_wind_plugin_node]: WindPlugin: set wind_speed=1.87 wind_direction=179.9
[gzserver-2] [INFO] [1773180541.720018728] [gazebo_wind_plugin_node]: WindPlugin: set wind_speed=1.87 wind_direction=179.9
[gzserver-2] [INFO] [1773180541.961844357] [gazebo_wind_plugin_node]: WindPlugin: set wind_speed=1.82 wind_direction=-178.2
[gzserver-2] [INFO] [1773180542.200966975] [gazebo_wind_plugin_node]: WindPlugin: set wind_speed=1.82 wind_direction=-178.2
[gzserver-2] [INFO] [1773180542.434944530] [gazebo_wind_plugin_node]: WindPlugin: set wind_speed=1.82 wind_direction=-178.2
[gzserver-2] [INFO] [1773180542.671388329] [gazebo_wind_plugin_node]: WindPlugin: set wind_speed=1.82 wind_direction=-178.2
[gzserver-2] [INFO] [1773180542.902308497] [gazebo_wind_plugin_node]: WindPlugin: set wind_speed=1.64 wind_direction=-178.6
[gzserver-2] [INFO] [1773180543.141662851] [gazebo_wind_plugin_node]: WindPlugin: set wind_speed=1.64 wind_direction=-178.6
[gzserver-2] [INFO] [1773180543.370874877] [gazebo_wind_plugin_node]: WindPlugin: set wind_speed=1.64 wind_direction=-178.6
[gzserver-2] [INFO] [1773180543.610443299] [gazebo_wind_plugin_node]: WindPlugin: set wind_speed=1.64 wind_direction=-178.6
[gzserver-2] [INFO] [1773180543.648931065] [drone.simple_drone]: Quadrotor lands!!
[gzserver-2] [INFO] [1773180543.850146487] [gazebo_wind_plugin_node]: WindPlugin: set wind_speed=1.64 wind_direction=-178.6
[gzserver-2] [INFO] [1773180544.090196195] [gazebo_wind_plugin_node]: WindPlugin: set wind_speed=1.89 wind_direction=-176.9
[gzserver-2] [INFO] [1773180544.319169073] [gazebo_wind_plugin_node]: WindPlugin: set wind_speed=1.89 wind_direction=-176.9
[gzserver-2] [INFO] [1773180544.558906393] [gazebo_wind_plugin_node]: WindPlugin: set wind_speed=1.89 wind_direction=-176.9
[gzserver-2] [1;36m[Dbg] [wind_plugin.cpp:110] [0m[1;36mWindPlugin: received command -> speed=[0m[1;36m0[0m[1;36m dir=[0m[1;36m0[0m[1;36m
[gzserver-2] [0m[1;36m[Dbg] [wind_plugin.cpp:110] [0m[1;36mWindPlugin: received command -> speed=[0m[1;36m1.97841[0m[1;36m dir=[0m[1;36m179.406[0m[1;36m
[gzserver-2] [0m[1;36m[Dbg] [wind_plugin.cpp:110] [0m[1;36mWindPlugin: received command -> speed=[0m[1;36m1.86818[0m[1;36m dir=[0m[1;36m179.915[0m[1;36m
[gzserver-2] [0m[1;36m[Dbg] [wind_plugin.cpp:110] [0m[1;36mWindPlugin: received command -> speed=[0m[1;36m1.86818[0m[1;36m dir=[0m[1;36m179.915[0m[1;36m
[gzserver-2] [0m[1;36m[Dbg] [wind_plugin.cpp:110] [0m[1;36mWindPlugin: received command -> speed=[0m[1;36m1.86818[0m[1;36m dir=[0m[1;36m179.915[0m[1;36m
[gzserver-2] [0m[1;36m[Dbg] [wind_plugin.cpp:110] [0m[1;36mWindPlugin: received command -> speed=[0m[1;36m1.86818[0m[1;36m dir=[0m[1;36m179.915[0m[1;36m
[gzserver-2] [0m[1;36m[Dbg] [wind_plugin.cpp:110] [0m[1;36mWindPlugin: received command -> speed=[0m[1;36m1.82084[0m[1;36m dir=[0m[1;36m-178.207[0m[1;36m
[gzserver-2] [0m[1;36m[Dbg] [wind_plugin.cpp:110] [0m[1;36mWindPlugin: received command -> speed=[0m[1;36m1.82084[0m[1;36m dir=[0m[1;36m-178.207[0m[1;36m
[gzserver-2] [0m[1;36m[Dbg] [wind_plugin.cpp:110] [0m[1;36mWindPlugin: received command -> speed=[0m[1;36m1.82084[0m[1;36m dir=[0m[1;36m-178.207[0m[1;36m
[gzserver-2] [0m[1;36m[Dbg] [wind_plugin.cpp:110] [0m[1;36mWindPlugin: received command -> speed=[0m[1;36m1.82084[0m[1;36m dir=[0m[1;36m-178.207[0m[1;36m
[gzserver-2] [0m[1;36m[Dbg] [wind_plugin.cpp:110] [0m[1;36mWindPlugin: received command -> speed=[0m[1;36m1.63705[0m[1;36m dir=[0m[1;36m-178.597[0m[1;36m
[gzserver-2] [0m[1;36m[Dbg] [wind_plugin.cpp:110] [0m[1;36mWindPlugin: received command -> speed=[0m[1;36m1.63705[0m[1;36m dir=[0m[1;36m-178.597[0m[1;36m
[gzserver-2] [0m[1;36m[Dbg] [wind_plugin.cpp:110] [0m[1;36mWindPlugin: received command -> speed=[0m[1;36m1.63705[0m[1;36m dir=[0m[1;36m-178.597[0m[1;36m
[gzserver-2] [0m[1;36m[Dbg] [wind_plugin.cpp:110] [0m[1;36mWindPlugin: received command -> speed=[0m[1;36m1.63705[0m[1;36m dir=[0m[1;36m-178.597[0m[1;36m
[gzserver-2] [0m[1;36m[Dbg] [wind_plugin.cpp:110] [0m[1;36mWindPlugin: received command -> speed=[0m[1;36m1.63705[0m[1;36m dir=[0m[1;36m-178.597[0m[1;36m
[gzserver-2] [0m[1;36m[Dbg] [wind_plugin.cpp:110] [0m[1;36mWindPlugin: received command -> speed=[0m[1;36m1.89219[0m[1;36m dir=[0m[1;36m-176.861[0m[1;36m
[gzserver-2] [0m[1;36m[Dbg] [wind_plugin.cpp:110] [0m[1;36mWindPlugin: received command -> speed=[0m[1;36m1.89219[0m[1;36m dir=[0m[1;36m-176.861[0m[1;36m
[gzserver-2] [0m[1;36m[Dbg] [wind_plugin.cpp:110] [0m[1;36mWindPlugin: received command -> speed=[0m[1;36m1.89219[0m[1;36m dir=[0m[1;36m-176.861[0m[1;36m
[gzserver-2] [0mLanded!
[gzserver-2] [INFO] [1773180544.799394370] [gazebo_wind_plugin_node]: WindPlugin: set wind_speed=1.89 wind_direction=-176.9
[gzserver-2] [INFO] [1773180545.038865021] [gazebo_wind_plugin_node]: WindPlugin: set wind_speed=1.71 wind_direction=-175.9
[gzserver-2] [INFO] [1773180545.278442216] [gazebo_wind_plugin_node]: WindPlugin: set wind_speed=1.71 wind_direction=-175.9
[gzserver-2] [INFO] [1773180545.517888878] [gazebo_wind_plugin_node]: WindPlugin: set wind_speed=1.71 wind_direction=-175.9
[gzserver-2] [INFO] [1773180545.757777653] [gazebo_wind_plugin_node]: WindPlugin: set wind_speed=1.71 wind_direction=-175.9
[gzserver-2] [INFO] [1773180545.997066563] [gazebo_wind_plugin_node]: WindPlugin: set wind_speed=1.87 wind_direction=-173.9
[gzserver-2] [INFO] [1773180546.236561014] [gazebo_wind_plugin_node]: WindPlugin: set wind_speed=1.87 wind_direction=-173.9
[gzserver-2] [INFO] [1773180546.476465854] [gazebo_wind_plugin_node]: WindPlugin: set wind_speed=1.87 wind_direction=-173.9
