[INFO] [launch]: All log files can be found below /home/j/.ros/log/2026-03-11-04-53-33-582716-j-300975
[INFO] [launch]: Default logging verbosity is set to INFO
[INFO] [launch.user]: [bringup] Apriltag config: camera=/drone/bottom, image=/drone/bottom/image_raw, tags=/drone/bottom/tags, bridge=/landing_tag_state, standalone=true, use_target_id=true, target_id=0
[INFO] [rviz2-1]: process started with pid [300976]
[INFO] [gzserver-2]: process started with pid [300978]
[INFO] [robot_state_publisher-3]: process started with pid [300980]
[INFO] [joint_state_publisher-4]: process started with pid [300982]
[INFO] [spawn_drone-5]: process started with pid [300984]
[INFO] [static_transform_publisher-6]: process started with pid [300986]
[INFO] [joy_node-7]: process started with pid [300988]
[INFO] [teleop_joystick-8]: process started with pid [300990]
[INFO] [apriltag_detector_node-9]: process started with pid [300992]
[INFO] [apriltag_state_bridge-10]: process started with pid [300994]
[static_transform_publisher-6] [WARN] [1773172414.062960786] []: Old-style arguments are deprecated; see --help for new-style arguments
[static_transform_publisher-6] [INFO] [1773172414.070897926] [static_transform_publisher_M7GJT1LM07QEMbYh]: Spinning until stopped - publishing transform
[static_transform_publisher-6] translation: ('0.000000', '0.000000', '0.000000')
[static_transform_publisher-6] rotation: ('0.000000', '0.000000', '0.000000', '1.000000')
[static_transform_publisher-6] from 'world' to '/drone/odom'
[rviz2-1] 
[rviz2-1] (rviz2:300976): dbind-WARNING **: 04:53:34.096: Couldn't connect to accessibility bus: Failed to connect to socket /root/.cache/at-spi/bus_0: 허가 거부
[apriltag_detector_node-9] [INFO] [1773172414.097342598] [apriltag_detector_node]: tag detector type: umich
[robot_state_publisher-3] [INFO] [1773172414.097401119] [drone.robot_state_publisher]: got segment base_footprint
[robot_state_publisher-3] [INFO] [1773172414.097476706] [drone.robot_state_publisher]: got segment base_link
[robot_state_publisher-3] [INFO] [1773172414.097488969] [drone.robot_state_publisher]: got segment bottom_cam_link
[robot_state_publisher-3] [INFO] [1773172414.097497586] [drone.robot_state_publisher]: got segment front_cam_link
[robot_state_publisher-3] [INFO] [1773172414.097505168] [drone.robot_state_publisher]: got segment sonar_link
[teleop_joystick-8] Traceback (most recent call last):
[teleop_joystick-8]   File "/home/j/INCSL/IICC26_ws/install/sjtu_drone_control/lib/sjtu_drone_control/teleop_joystick", line 33, in <module>
[teleop_joystick-8]     sys.exit(load_entry_point('sjtu_drone_control==0.0.0', 'console_scripts', 'teleop_joystick')())
[teleop_joystick-8]   File "/home/j/INCSL/IICC26_ws/install/sjtu_drone_control/lib/sjtu_drone_control/teleop_joystick", line 22, in importlib_load_entry_point
[teleop_joystick-8]     for entry_point in distribution(dist_name).entry_points
[teleop_joystick-8]   File "/usr/lib/python3.10/importlib/metadata/__init__.py", line 969, in distribution
[teleop_joystick-8]     return Distribution.from_name(distribution_name)
[teleop_joystick-8]   File "/usr/lib/python3.10/importlib/metadata/__init__.py", line 548, in from_name
[teleop_joystick-8]     raise PackageNotFoundError(name)
[teleop_joystick-8] importlib.metadata.PackageNotFoundError: No package metadata was found for sjtu_drone_control
[ERROR] [teleop_joystick-8]: process has died [pid 300990, exit code 1, cmd '/home/j/INCSL/IICC26_ws/install/sjtu_drone_control/lib/sjtu_drone_control/teleop_joystick --ros-args -r __ns:=/drone'].
[gzserver-2] Gazebo multi-robot simulator, version 11.10.2
[gzserver-2] Copyright (C) 2012 Open Source Robotics Foundation.
[gzserver-2] Released under the Apache 2 License.
[gzserver-2] http://gazebosim.org
[gzserver-2] 
[joint_state_publisher-4] [INFO] [1773172414.337987947] [drone.joint_state_publisher]: Waiting for robot_description to be published on the robot_description topic...
[apriltag_state_bridge-10] [INFO] [1773172414.350662641] [apriltag_state_bridge]: AprilTag bridge started: /drone/bottom/tags -> /landing_tag_state, use_target_id=True, target_id=0
[gzserver-2] [1;33m[Wrn] [gazebo_ros_init.cpp:178] [0m[1;33m
[gzserver-2] #     # ####### ####### ###  #####  #######
[gzserver-2] ##    # #     #    #     #  #     # #
[gzserver-2] # #   # #     #    #     #  #       #
[gzserver-2] #  #  # #     #    #     #  #       #####
[gzserver-2] #   # # #     #    #     #  #       #
[gzserver-2] #    ## #     #    #     #  #     # #
[gzserver-2] #     # #######    #    ###  #####  #######
[gzserver-2] 
[gzserver-2] This version of Gazebo, now called Gazebo classic, reaches end-of-life
[gzserver-2] in January 2025. Users are highly encouraged to migrate to the new Gazebo
[gzserver-2] using our migration guides (https://gazebosim.org/docs/latest/gazebo_classic_migration?utm_source=gazebo_ros_pkgs&utm_medium=cli)
[gzserver-2] 
[gzserver-2] [0m[1;33m
[rviz2-1] [INFO] [1773172414.929422933] [rviz2]: Stereo is NOT SUPPORTED
[rviz2-1] [INFO] [1773172414.929554920] [rviz2]: OpenGl version: 4.6 (GLSL 4.6)
[rviz2-1] [INFO] [1773172415.035158899] [rviz2]: Stereo is NOT SUPPORTED
[rviz2-1] [INFO] [1773172415.112243713] [rviz2]: Stereo is NOT SUPPORTED
[spawn_drone-5] [INFO] [1773172415.531266484] [spawn_drone]: Result False Entity pushed to spawn queue, but spawn service timed outwaiting for entity to appear in simulation under the name [/drone]
[gzserver-2] [1;32m[Msg] [0m[1;32mWaiting for master.[0m[1;32m
[gzserver-2] [0m[1;32m[0m[1;32m[0m[1;32m[Msg] [0m[1;32mConnected to gazebo master @ [0m[1;32mhttp://127.0.0.1:11345[0m[1;32m
[gzserver-2] [0m[1;32m[0m[1;32m[0m[1;32m[Msg] [0m[1;32mPublicized address: [0m[1;32m192.168.0.11[0m[1;32m
[gzserver-2] [0m[1;32m[0m[1;32m[0m[1;32m[Msg] [0m[1;32mLoading world file [[0m[1;32m/home/j/INCSL/IICC26_ws/install/sjtu_drone_description/share/sjtu_drone_description/worlds/landingPad.world[0m[1;32m][0m[1;32m
[gzserver-2] [0m[1;32m[0m[1;32m[0m[1;36m[Dbg] [wind_plugin.cpp:96] [0m[1;36mWindPlugin loaded: speed=[0m[1;36m0[0m[1;36m dir=[0m[1;36m0[0m[1;36m deg area=[0m[1;36m0.1[0m[1;36m coeff=[0m[1;36m1[0m[1;36m
[gzserver-2] [0m[1;33m[0m[1;33m[0m[1;31m[Err] [Sensor.cc:510] [0m[1;31mGet noise index not valid[0m[1;31m
[gzserver-2] [0m[1;31m[0m[1;31m[0m[1;31m[Err] [Sensor.cc:510] [0m[1;31mGet noise index not valid[0m[1;31m
[gzserver-2] [0m[1;31m[0m[1;31m[0m[1;31m[Err] [Sensor.cc:510] [0m[1;31mGet noise index not valid[0m[1;31m
[gzserver-2] [0m[1;31m[0m[1;31m[0m[1;31m[Err] [Sensor.cc:510] [0m[1;31mGet noise index not valid[0m[1;31m
[gzserver-2] [0m[1;31m[0m[1;31m[0m[1;31m[Err] [Sensor.cc:510] [0m[1;31mGet noise index not valid[0m[1;31m
[gzserver-2] [0m[1;31m[0m[1;31m[0m[1;31m[Err] [Sensor.cc:510] [0m[1;31mGet noise index not valid[0m[1;31m
[gzserver-2] [0m[1;31m[0m[1;31m[0mTopic [default//drone/base_footprint/down_camera/image] is not valid.
[gzserver-2] [INFO] [1773172415.563006237] [drone.collision_plugin]: Publishing contact states to [/drone/bumper_states]
[gzserver-2] Topic [default//drone/base_footprint/front_camera/image] is not valid.
[gzserver-2] [1;33m[Wrn] [Event.cc:61] [0m[1;33mWarning: Deleting a connection right after creation. [0m[1;33mMake sure to save the ConnectionPtr from a Connect call
[INFO] [spawn_drone-5]: process has finished cleanly [pid 300984]
[gzserver-2] [0m[INFO] [1773172416.152773656] [drone.camera_bottom]: Publishing camera info to [/drone/bottom/camera_info]
[gzserver-2] [INFO] [1773172416.157016458] [drone.camera_front]: Publishing camera info to [/drone/front/camera_info]
[gzserver-2] [INFO] [1773172416.278703319] [drone.simple_drone]: The drone plugin is loading!
[gzserver-2] [INFO] [1773172416.278898537] [drone.simple_drone]: pub_odom: 1
[gzserver-2] [INFO] [1773172416.278931071] [drone.simple_drone]: Using following parameters: 
[gzserver-2] 		link_name: base_footprint,
[gzserver-2] 		max_force: 30,
[gzserver-2] 		motion_small_noise: 0,
[gzserver-2] 		motion_drift_noise: 0,
[gzserver-2] 		motion_drift_noise_time: 50,
[gzserver-2] 		takeoff_hover_height: 1.73,
[gzserver-2] 		takeoff_vertical_speed: 0.2
[gzserver-2] [INFO] [1773172416.290501752] [drone.simple_drone]: Using the PID parameters: 
[gzserver-2] 	Roll Pitch:
[gzserver-2] 		kP: 10, kI: 0,kD: 5, Limit: 0.5, Time Constant: 0
[gzserver-2] 	Yaw:
[gzserver-2] 		kP: 2, kI: 0,kD: 1, Limit: 1.5, Time Constant: 0
[gzserver-2] 	Velocity X:
[gzserver-2] 		kP: 5, kI: 0,kD: 2.3, Limit: 2, Time Constant: 0
[gzserver-2] 	Velocity Y:
[gzserver-2] 		kP: 5, kI: 0,kD: 2.3, Limit: 2, Time Constant: 0
[gzserver-2] 	Velocity Z:
[gzserver-2] 		kP: 5, kI: 0,kD: 1, Limit: -1, Time Constant: 0
[gzserver-2] 	Position XY:
[gzserver-2] 		kP: 1.1, kI: 0,kD: 0, Limit: 5, Time Constant: 0
[gzserver-2] 	Position Z:
[gzserver-2] 		kP: 1, kI: 0,kD: 0.2, Limit: -1, Time Constant: 0
[gzserver-2] [INFO] [1773172416.290635281] [drone.simple_drone]: The drone plugin finished loading!
[gzserver-2] [INFO] [1773172423.423605688] [gazebo_wind_plugin_node]: WindPlugin: set wind_speed=0.00 wind_direction=0.0
[gzserver-2] [INFO] [1773172423.695069798] [gazebo_wind_plugin_node]: WindPlugin: set wind_speed=0.00 wind_direction=0.0
[gzserver-2] [INFO] [1773172423.734791181] [drone.simple_drone]: Quadrotor takes off!!
[gzserver-2] [INFO] [1773172423.939901493] [gazebo_wind_plugin_node]: WindPlugin: set wind_speed=0.00 wind_direction=0.0
[gzserver-2] [INFO] [1773172424.181777399] [gazebo_wind_plugin_node]: WindPlugin: set wind_speed=0.00 wind_direction=0.0
[gzserver-2] [INFO] [1773172424.405429034] [gazebo_wind_plugin_node]: WindPlugin: set wind_speed=0.00 wind_direction=0.0
[gzserver-2] [INFO] [1773172424.645638247] [gazebo_wind_plugin_node]: WindPlugin: set wind_speed=0.00 wind_direction=0.0
[gzserver-2] [INFO] [1773172424.885063341] [gazebo_wind_plugin_node]: WindPlugin: set wind_speed=0.00 wind_direction=0.0
[gzserver-2] [INFO] [1773172425.124613213] [gazebo_wind_plugin_node]: WindPlugin: set wind_speed=0.00 wind_direction=0.0
[gzserver-2] [0m[1;36m[Dbg] [wind_plugin.cpp:110] [0m[1;36mWindPlugin: received command -> speed=[0m[1;36m0[0m[1;36m dir=[0m[1;36m0[0m[1;36m
[gzserver-2] [0m[1;36m[Dbg] [wind_plugin.cpp:110] [0m[1;36mWindPlugin: received command -> speed=[0m[1;36m0[0m[1;36m dir=[0m[1;36m0[0m[1;36m
[gzserver-2] [0m[1;36m[Dbg] [wind_plugin.cpp:110] [0m[1;36mWindPlugin: received command -> speed=[0m[1;36m0[0m[1;36m dir=[0m[1;36m0[0m[1;36m
[gzserver-2] [0m[1;36m[Dbg] [wind_plugin.cpp:110] [0m[1;36mWindPlugin: received command -> speed=[0m[1;36m0[0m[1;36m dir=[0m[1;36m0[0m[1;36m
[gzserver-2] [0m[1;36m[Dbg] [wind_plugin.cpp:110] [0m[1;36mWindPlugin: received command -> speed=[0m[1;36m0[0m[1;36m dir=[0m[1;36m0[0m[1;36m
[gzserver-2] [0m[1;36m[Dbg] [wind_plugin.cpp:110] [0m[1;36mWindPlugin: received command -> speed=[0m[1;36m0[0m[1;36m dir=[0m[1;36m0[0m[1;36m
[gzserver-2] [0m[1;36m[Dbg] [wind_plugin.cpp:110] [0m[1;36mWindPlugin: received command -> speed=[0m[1;36m0[0m[1;36m dir=[0m[1;36m0[0m[1;36m
[gzserver-2] [0m[1;36m[Dbg] [wind_plugin.cpp:110] [0m[1;36mWindPlugin: received command -> speed=[0m[1;36m0[0m[1;36m dir=[0m[1;36m0[0m[1;36m
[gzserver-2] [0mEntering flying model!
[gzserver-2] [INFO] [1773172425.363848887] [gazebo_wind_plugin_node]: WindPlugin: set wind_speed=0.00 wind_direction=0.0
[gzserver-2] [INFO] [1773172425.603216645] [gazebo_wind_plugin_node]: WindPlugin: set wind_speed=0.44 wind_direction=-56.0
[gzserver-2] [INFO] [1773172425.843139421] [gazebo_wind_plugin_node]: WindPlugin: set wind_speed=0.44 wind_direction=-56.0
[gzserver-2] [INFO] [1773172426.073211763] [gazebo_wind_plugin_node]: WindPlugin: set wind_speed=0.43 wind_direction=-52.1
[gzserver-2] [INFO] [1773172426.307964205] [gazebo_wind_plugin_node]: WindPlugin: set wind_speed=0.43 wind_direction=-52.1
[gzserver-2] [INFO] [1773172426.542253329] [gazebo_wind_plugin_node]: WindPlugin: set wind_speed=0.43 wind_direction=-52.1
[gzserver-2] [INFO] [1773172426.782968694] [gazebo_wind_plugin_node]: WindPlugin: set wind_speed=0.43 wind_direction=-52.1
[gzserver-2] [INFO] [1773172427.022534003] [gazebo_wind_plugin_node]: WindPlugin: set wind_speed=0.29 wind_direction=-53.8
[gzserver-2] [INFO] [1773172427.261989958] [gazebo_wind_plugin_node]: WindPlugin: set wind_speed=0.29 wind_direction=-53.8
[gzserver-2] [INFO] [1773172427.496170243] [gazebo_wind_plugin_node]: WindPlugin: set wind_speed=0.29 wind_direction=-53.8
[gzserver-2] [INFO] [1773172427.730977793] [gazebo_wind_plugin_node]: WindPlugin: set wind_speed=0.29 wind_direction=-53.8
[gzserver-2] [INFO] [1773172427.965705844] [gazebo_wind_plugin_node]: WindPlugin: set wind_speed=0.34 wind_direction=-52.6
[gzserver-2] [INFO] [1773172428.206173643] [gazebo_wind_plugin_node]: WindPlugin: set wind_speed=0.34 wind_direction=-52.6
[gzserver-2] [INFO] [1773172428.445578942] [gazebo_wind_plugin_node]: WindPlugin: set wind_speed=0.34 wind_direction=-52.6
[gzserver-2] [INFO] [1773172428.478328500] [drone.simple_drone]: Quadrotor lands!!
[gzserver-2] [INFO] [1773172428.679667499] [gazebo_wind_plugin_node]: WindPlugin: set wind_speed=0.34 wind_direction=-52.6
[gzserver-2] [INFO] [1773172428.915213097] [gazebo_wind_plugin_node]: WindPlugin: set wind_speed=0.34 wind_direction=-52.6
[gzserver-2] [INFO] [1773172429.149453260] [gazebo_wind_plugin_node]: WindPlugin: set wind_speed=0.17 wind_direction=-54.8
[gzserver-2] [INFO] [1773172429.388906130] [gazebo_wind_plugin_node]: WindPlugin: set wind_speed=0.17 wind_direction=-54.8
[gzserver-2] [1;36m[Dbg] [wind_plugin.cpp:110] [0m[1;36mWindPlugin: received command -> speed=[0m[1;36m0[0m[1;36m dir=[0m[1;36m0[0m[1;36m
[gzserver-2] [0m[1;36m[Dbg] [wind_plugin.cpp:110] [0m[1;36mWindPlugin: received command -> speed=[0m[1;36m0.437483[0m[1;36m dir=[0m[1;36m-56.0458[0m[1;36m
[gzserver-2] [0m[1;36m[Dbg] [wind_plugin.cpp:110] [0m[1;36mWindPlugin: received command -> speed=[0m[1;36m0.437483[0m[1;36m dir=[0m[1;36m-56.0458[0m[1;36m
[gzserver-2] [0m[1;36m[Dbg] [wind_plugin.cpp:110] [0m[1;36mWindPlugin: received command -> speed=[0m[1;36m0.431496[0m[1;36m dir=[0m[1;36m-52.1137[0m[1;36m
[gzserver-2] [0m[1;36m[Dbg] [wind_plugin.cpp:110] [0m[1;36mWindPlugin: received command -> speed=[0m[1;36m0.431496[0m[1;36m dir=[0m[1;36m-52.1137[0m[1;36m
[gzserver-2] [0m[1;36m[Dbg] [wind_plugin.cpp:110] [0m[1;36mWindPlugin: received command -> speed=[0m[1;36m0.431496[0m[1;36m dir=[0m[1;36m-52.1137[0m[1;36m
[gzserver-2] [0m[1;36m[Dbg] [wind_plugin.cpp:110] [0m[1;36mWindPlugin: received command -> speed=[0m[1;36m0.431496[0m[1;36m dir=[0m[1;36m-52.1137[0m[1;36m
[gzserver-2] [0m[1;36m[Dbg] [wind_plugin.cpp:110] [0m[1;36mWindPlugin: received command -> speed=[0m[1;36m0.292849[0m[1;36m dir=[0m[1;36m-53.7927[0m[1;36m
[gzserver-2] [0m[1;36m[Dbg] [wind_plugin.cpp:110] [0m[1;36mWindPlugin: received command -> speed=[0m[1;36m0.292849[0m[1;36m dir=[0m[1;36m-53.7927[0m[1;36m
[gzserver-2] [0m[1;36m[Dbg] [wind_plugin.cpp:110] [0m[1;36mWindPlugin: received command -> speed=[0m[1;36m0.292849[0m[1;36m dir=[0m[1;36m-53.7927[0m[1;36m
[gzserver-2] [0m[1;36m[Dbg] [wind_plugin.cpp:110] [0m[1;36mWindPlugin: received command -> speed=[0m[1;36m0.292849[0m[1;36m dir=[0m[1;36m-53.7927[0m[1;36m
[gzserver-2] [0m[1;36m[Dbg] [wind_plugin.cpp:110] [0m[1;36mWindPlugin: received command -> speed=[0m[1;36m0.343088[0m[1;36m dir=[0m[1;36m-52.6148[0m[1;36m
[gzserver-2] [0m[1;36m[Dbg] [wind_plugin.cpp:110] [0m[1;36mWindPlugin: received command -> speed=[0m[1;36m0.343088[0m[1;36m dir=[0m[1;36m-52.6148[0m[1;36m
[gzserver-2] [0m[1;36m[Dbg] [wind_plugin.cpp:110] [0m[1;36mWindPlugin: received command -> speed=[0m[1;36m0.343088[0m[1;36m dir=[0m[1;36m-52.6148[0m[1;36m
[gzserver-2] [0m[1;36m[Dbg] [wind_plugin.cpp:110] [0m[1;36mWindPlugin: received command -> speed=[0m[1;36m0.343088[0m[1;36m dir=[0m[1;36m-52.6148[0m[1;36m
[gzserver-2] [0m[1;36m[Dbg] [wind_plugin.cpp:110] [0m[1;36mWindPlugin: received command -> speed=[0m[1;36m0.343088[0m[1;36m dir=[0m[1;36m-52.6148[0m[1;36m
[gzserver-2] [0m[1;36m[Dbg] [wind_plugin.cpp:110] [0m[1;36mWindPlugin: received command -> speed=[0m[1;36m0.168418[0m[1;36m dir=[0m[1;36m-54.8141[0m[1;36m
[gzserver-2] [0m[1;36m[Dbg] [wind_plugin.cpp:110] [0m[1;36mWindPlugin: received command -> speed=[0m[1;36m0.168418[0m[1;36m dir=[0m[1;36m-54.8141[0m[1;36m
[gzserver-2] [0mLanded!
[gzserver-2] [INFO] [1773172429.623224524] [gazebo_wind_plugin_node]: WindPlugin: set wind_speed=0.17 wind_direction=-54.8
[gzserver-2] [INFO] [1773172429.857478510] [gazebo_wind_plugin_node]: WindPlugin: set wind_speed=0.17 wind_direction=-54.8
[gzserver-2] [INFO] [1773172430.092134858] [gazebo_wind_plugin_node]: WindPlugin: set wind_speed=0.26 wind_direction=-52.6
[gzserver-2] [INFO] [1773172430.326461099] [gazebo_wind_plugin_node]: WindPlugin: set wind_speed=0.26 wind_direction=-52.6
[gzserver-2] [INFO] [1773172430.560319426] [gazebo_wind_plugin_node]: WindPlugin: set wind_speed=0.26 wind_direction=-52.6
[gzserver-2] [INFO] [1773172430.800339033] [gazebo_wind_plugin_node]: WindPlugin: set wind_speed=0.26 wind_direction=-52.6
[gzserver-2] [INFO] [1773172431.039575576] [gazebo_wind_plugin_node]: WindPlugin: set wind_speed=0.48 wind_direction=-51.0
[gzserver-2] [INFO] [1773172431.279326612] [gazebo_wind_plugin_node]: WindPlugin: set wind_speed=0.48 wind_direction=-51.0
