[INFO] [launch]: All log files can be found below /home/j/.ros/log/2026-03-10-12-37-20-095498-j-1269119
[INFO] [launch]: Default logging verbosity is set to INFO
[INFO] [launch.user]: [bringup] Apriltag config: camera=/drone/bottom, image=/drone/bottom/image_raw, tags=/drone/bottom/tags, bridge=/landing_tag_state, standalone=true, use_target_id=true, target_id=0
[INFO] [rviz2-1]: process started with pid [1269133]
[INFO] [gzserver-2]: process started with pid [1269135]
[INFO] [robot_state_publisher-3]: process started with pid [1269137]
[INFO] [joint_state_publisher-4]: process started with pid [1269139]
[INFO] [spawn_drone-5]: process started with pid [1269141]
[INFO] [static_transform_publisher-6]: process started with pid [1269143]
[INFO] [joy_node-7]: process started with pid [1269145]
[INFO] [teleop_joystick-8]: process started with pid [1269147]
[INFO] [apriltag_detector_node-9]: process started with pid [1269149]
[INFO] [apriltag_state_bridge-10]: process started with pid [1269151]
[static_transform_publisher-6] [WARN] [1773113840.572658347] []: Old-style arguments are deprecated; see --help for new-style arguments
[static_transform_publisher-6] [INFO] [1773113840.578416608] [static_transform_publisher_2DQWgPOtd3dn4OK5]: Spinning until stopped - publishing transform
[static_transform_publisher-6] translation: ('0.000000', '0.000000', '0.000000')
[static_transform_publisher-6] rotation: ('0.000000', '0.000000', '0.000000', '1.000000')
[static_transform_publisher-6] from 'world' to '/drone/odom'
[robot_state_publisher-3] [INFO] [1773113840.600647794] [drone.robot_state_publisher]: got segment base_footprint
[robot_state_publisher-3] [INFO] [1773113840.600743685] [drone.robot_state_publisher]: got segment base_link
[robot_state_publisher-3] [INFO] [1773113840.600755134] [drone.robot_state_publisher]: got segment bottom_cam_link
[robot_state_publisher-3] [INFO] [1773113840.600763065] [drone.robot_state_publisher]: got segment front_cam_link
[robot_state_publisher-3] [INFO] [1773113840.600770422] [drone.robot_state_publisher]: got segment sonar_link
[rviz2-1] 
[rviz2-1] (rviz2:1269133): dbind-WARNING **: 12:37:20.605: Couldn't connect to accessibility bus: Failed to connect to socket /root/.cache/at-spi/bus_0: 허가 거부
[apriltag_detector_node-9] [INFO] [1773113840.611500196] [apriltag_detector_node]: tag detector type: umich
[teleop_joystick-8] Traceback (most recent call last):
[teleop_joystick-8]   File "/home/j/INCSL/IICC26_ws/install/sjtu_drone_control/lib/sjtu_drone_control/teleop_joystick", line 33, in <module>
[teleop_joystick-8]     sys.exit(load_entry_point('sjtu_drone_control==0.0.0', 'console_scripts', 'teleop_joystick')())
[teleop_joystick-8]   File "/home/j/INCSL/IICC26_ws/install/sjtu_drone_control/lib/sjtu_drone_control/teleop_joystick", line 22, in importlib_load_entry_point
[teleop_joystick-8]     for entry_point in distribution(dist_name).entry_points
[teleop_joystick-8]   File "/usr/lib/python3.10/importlib/metadata/__init__.py", line 969, in distribution
[teleop_joystick-8]     return Distribution.from_name(distribution_name)
[teleop_joystick-8]   File "/usr/lib/python3.10/importlib/metadata/__init__.py", line 548, in from_name
[teleop_joystick-8]     raise PackageNotFoundError(name)
[teleop_joystick-8] importlib.metadata.PackageNotFoundError: No package metadata was found for sjtu_drone_control
[ERROR] [teleop_joystick-8]: process has died [pid 1269147, exit code 1, cmd '/home/j/INCSL/IICC26_ws/install/sjtu_drone_control/lib/sjtu_drone_control/teleop_joystick --ros-args -r __ns:=/drone'].
[gzserver-2] Gazebo multi-robot simulator, version 11.10.2
[gzserver-2] Copyright (C) 2012 Open Source Robotics Foundation.
[gzserver-2] Released under the Apache 2 License.
[gzserver-2] http://gazebosim.org
[gzserver-2] 
[apriltag_state_bridge-10] [INFO] [1773113840.834415371] [apriltag_state_bridge]: AprilTag bridge started: /drone/bottom/tags -> /landing_tag_state, use_target_id=True, target_id=0
[joint_state_publisher-4] [INFO] [1773113840.853586633] [drone.joint_state_publisher]: Waiting for robot_description to be published on the robot_description topic...
[gzserver-2] [1;33m[Wrn] [gazebo_ros_init.cpp:178] [0m[1;33m
[gzserver-2] #     # ####### ####### ###  #####  #######
[gzserver-2] ##    # #     #    #     #  #     # #
[gzserver-2] # #   # #     #    #     #  #       #
[gzserver-2] #  #  # #     #    #     #  #       #####
[gzserver-2] #   # # #     #    #     #  #       #
[gzserver-2] #    ## #     #    #     #  #     # #
[gzserver-2] #     # #######    #    ###  #####  #######
[gzserver-2] 
[gzserver-2] This version of Gazebo, now called Gazebo classic, reaches end-of-life
[gzserver-2] in January 2025. Users are highly encouraged to migrate to the new Gazebo
[gzserver-2] using our migration guides (https://gazebosim.org/docs/latest/gazebo_classic_migration?utm_source=gazebo_ros_pkgs&utm_medium=cli)
[gzserver-2] 
[gzserver-2] [0m[1;33m
[rviz2-1] [INFO] [1773113841.461667792] [rviz2]: Stereo is NOT SUPPORTED
[rviz2-1] [INFO] [1773113841.461786464] [rviz2]: OpenGl version: 4.6 (GLSL 4.6)
[rviz2-1] [INFO] [1773113841.549700207] [rviz2]: Stereo is NOT SUPPORTED
[rviz2-1] [INFO] [1773113841.641289956] [rviz2]: Stereo is NOT SUPPORTED
[spawn_drone-5] [INFO] [1773113842.041269480] [spawn_drone]: Result False Entity pushed to spawn queue, but spawn service timed outwaiting for entity to appear in simulation under the name [/drone]
[gzserver-2] [1;32m[Msg] [0m[1;32mWaiting for master.[0m[1;32m
[gzserver-2] [0m[1;32m[0m[1;32m[0m[1;32m[Msg] [0m[1;32mConnected to gazebo master @ [0m[1;32mhttp://127.0.0.1:11345[0m[1;32m
[gzserver-2] [0m[1;32m[0m[1;32m[0m[1;32m[Msg] [0m[1;32mPublicized address: [0m[1;32m172.16.52.147[0m[1;32m
[gzserver-2] [0m[1;32m[0m[1;32m[0m[1;32m[Msg] [0m[1;32mLoading world file [[0m[1;32m/home/j/INCSL/IICC26_ws/install/sjtu_drone_description/share/sjtu_drone_description/worlds/landingPad.world[0m[1;32m][0m[1;32m
[gzserver-2] [0m[1;32m[0m[1;32m[0m[1;36m[Dbg] [wind_plugin.cpp:96] [0m[1;36mWindPlugin loaded: speed=[0m[1;36m0[0m[1;36m dir=[0m[1;36m0[0m[1;36m deg area=[0m[1;36m0.1[0m[1;36m coeff=[0m[1;36m1[0m[1;36m
[gzserver-2] [0m[1;33m[0m[1;33m[0m[1;31m[Err] [Sensor.cc:510] [0m[1;31mGet noise index not valid[0m[1;31m
[gzserver-2] [0m[1;31m[0m[1;31m[0m[1;31m[Err] [Sensor.cc:510] [0m[1;31mGet noise index not valid[0m[1;31m
[gzserver-2] [0m[1;31m[0m[1;31m[0m[1;31m[Err] [Sensor.cc:510] [0m[1;31mGet noise index not valid[0m[1;31m
[gzserver-2] [0m[1;31m[0m[1;31m[0m[1;31m[Err] [Sensor.cc:510] [0m[1;31mGet noise index not valid[0m[1;31m
[gzserver-2] [0m[1;31m[0m[1;31m[0m[1;31m[Err] [Sensor.cc:510] [0m[1;31mGet noise index not valid[0m[1;31m
[gzserver-2] [0m[1;31m[0m[1;31m[0m[1;31m[Err] [Sensor.cc:510] [0m[1;31mGet noise index not valid[0m[1;31m
[gzserver-2] [0m[1;31m[0m[1;31m[0mTopic [default//drone/base_footprint/down_camera/image] is not valid.
[gzserver-2] Topic [default//drone/base_footprint/front_camera/image] is not valid.
[gzserver-2] [INFO] [1773113842.073715976] [drone.collision_plugin]: Publishing contact states to [/drone/bumper_states]
[gzserver-2] [1;33m[Wrn] [Event.cc:61] [0m[1;33mWarning: Deleting a connection right after creation. [0m[1;33mMake sure to save the ConnectionPtr from a Connect call
[INFO] [spawn_drone-5]: process has finished cleanly [pid 1269141]
[gzserver-2] [0m[INFO] [1773113842.632955170] [drone.camera_bottom]: Publishing camera info to [/drone/bottom/camera_info]
[gzserver-2] [INFO] [1773113842.637948478] [drone.camera_front]: Publishing camera info to [/drone/front/camera_info]
[gzserver-2] [INFO] [1773113842.760743300] [drone.simple_drone]: The drone plugin is loading!
[gzserver-2] [INFO] [1773113842.760964581] [drone.simple_drone]: pub_odom: 1
[gzserver-2] [INFO] [1773113842.761000697] [drone.simple_drone]: Using following parameters: 
[gzserver-2] 		link_name: base_footprint,
[gzserver-2] 		max_force: 30,
[gzserver-2] 		motion_small_noise: 0,
[gzserver-2] 		motion_drift_noise: 0,
[gzserver-2] 		motion_drift_noise_time: 50,
[gzserver-2] 		takeoff_hover_height: 1.96,
[gzserver-2] 		takeoff_vertical_speed: 0.2
[gzserver-2] [INFO] [1773113842.773193467] [drone.simple_drone]: Using the PID parameters: 
[gzserver-2] 	Roll Pitch:
[gzserver-2] 		kP: 10, kI: 0,kD: 5, Limit: 0.5, Time Constant: 0
[gzserver-2] 	Yaw:
[gzserver-2] 		kP: 2, kI: 0,kD: 1, Limit: 1.5, Time Constant: 0
[gzserver-2] 	Velocity X:
[gzserver-2] 		kP: 5, kI: 0,kD: 2.3, Limit: 2, Time Constant: 0
[gzserver-2] 	Velocity Y:
[gzserver-2] 		kP: 5, kI: 0,kD: 2.3, Limit: 2, Time Constant: 0
[gzserver-2] 	Velocity Z:
[gzserver-2] 		kP: 5, kI: 0,kD: 1, Limit: -1, Time Constant: 0
[gzserver-2] 	Position XY:
[gzserver-2] 		kP: 1.1, kI: 0,kD: 0, Limit: 5, Time Constant: 0
[gzserver-2] 	Position Z:
[gzserver-2] 		kP: 1, kI: 0,kD: 0.2, Limit: -1, Time Constant: 0
[gzserver-2] [INFO] [1773113842.773339748] [drone.simple_drone]: The drone plugin finished loading!
[gzserver-2] [INFO] [1773113849.922956666] [gazebo_wind_plugin_node]: WindPlugin: set wind_speed=0.00 wind_direction=0.0
[gzserver-2] [INFO] [1773113850.194951530] [gazebo_wind_plugin_node]: WindPlugin: set wind_speed=0.00 wind_direction=0.0
[gzserver-2] [INFO] [1773113850.233624492] [drone.simple_drone]: Quadrotor takes off!!
[gzserver-2] [INFO] [1773113850.434458630] [gazebo_wind_plugin_node]: WindPlugin: set wind_speed=0.00 wind_direction=0.0
[gzserver-2] [INFO] [1773113850.669349419] [gazebo_wind_plugin_node]: WindPlugin: set wind_speed=0.00 wind_direction=0.0
[gzserver-2] [INFO] [1773113850.908483320] [gazebo_wind_plugin_node]: WindPlugin: set wind_speed=0.00 wind_direction=0.0
[gzserver-2] [INFO] [1773113851.147545852] [gazebo_wind_plugin_node]: WindPlugin: set wind_speed=0.00 wind_direction=0.0
[gzserver-2] [INFO] [1773113851.382394345] [gazebo_wind_plugin_node]: WindPlugin: set wind_speed=0.00 wind_direction=0.0
[gzserver-2] [INFO] [1773113851.616997324] [gazebo_wind_plugin_node]: WindPlugin: set wind_speed=0.00 wind_direction=0.0
[gzserver-2] [0m[1;36m[Dbg] [wind_plugin.cpp:110] [0m[1;36mWindPlugin: received command -> speed=[0m[1;36m0[0m[1;36m dir=[0m[1;36m0[0m[1;36m
[gzserver-2] [0m[1;36m[Dbg] [wind_plugin.cpp:110] [0m[1;36mWindPlugin: received command -> speed=[0m[1;36m0[0m[1;36m dir=[0m[1;36m0[0m[1;36m
[gzserver-2] [0m[1;36m[Dbg] [wind_plugin.cpp:110] [0m[1;36mWindPlugin: received command -> speed=[0m[1;36m0[0m[1;36m dir=[0m[1;36m0[0m[1;36m
[gzserver-2] [0m[1;36m[Dbg] [wind_plugin.cpp:110] [0m[1;36mWindPlugin: received command -> speed=[0m[1;36m0[0m[1;36m dir=[0m[1;36m0[0m[1;36m
[gzserver-2] [0m[1;36m[Dbg] [wind_plugin.cpp:110] [0m[1;36mWindPlugin: received command -> speed=[0m[1;36m0[0m[1;36m dir=[0m[1;36m0[0m[1;36m
[gzserver-2] [0m[1;36m[Dbg] [wind_plugin.cpp:110] [0m[1;36mWindPlugin: received command -> speed=[0m[1;36m0[0m[1;36m dir=[0m[1;36m0[0m[1;36m
[gzserver-2] [0m[1;36m[Dbg] [wind_plugin.cpp:110] [0m[1;36mWindPlugin: received command -> speed=[0m[1;36m0[0m[1;36m dir=[0m[1;36m0[0m[1;36m
[gzserver-2] [0m[1;36m[Dbg] [wind_plugin.cpp:110] [0m[1;36mWindPlugin: received command -> speed=[0m[1;36m0[0m[1;36m dir=[0m[1;36m0[0m[1;36m
[gzserver-2] [0mEntering flying model!
[gzserver-2] [INFO] [1773113851.856145723] [gazebo_wind_plugin_node]: WindPlugin: set wind_speed=0.00 wind_direction=0.0
[gzserver-2] [INFO] [1773113852.092593249] [gazebo_wind_plugin_node]: WindPlugin: set wind_speed=1.90 wind_direction=-35.7
[gzserver-2] [INFO] [1773113852.323791181] [gazebo_wind_plugin_node]: WindPlugin: set wind_speed=1.90 wind_direction=-35.7
[gzserver-2] [INFO] [1773113852.558102478] [gazebo_wind_plugin_node]: WindPlugin: set wind_speed=1.74 wind_direction=-31.7
[gzserver-2] [INFO] [1773113852.797696103] [gazebo_wind_plugin_node]: WindPlugin: set wind_speed=1.74 wind_direction=-31.7
[gzserver-2] [INFO] [1773113853.037403040] [gazebo_wind_plugin_node]: WindPlugin: set wind_speed=1.74 wind_direction=-31.7
[gzserver-2] [INFO] [1773113853.272540939] [gazebo_wind_plugin_node]: WindPlugin: set wind_speed=1.74 wind_direction=-31.7
[gzserver-2] [INFO] [1773113853.512106328] [gazebo_wind_plugin_node]: WindPlugin: set wind_speed=1.84 wind_direction=-32.4
[gzserver-2] [INFO] [1773113853.751790186] [gazebo_wind_plugin_node]: WindPlugin: set wind_speed=1.84 wind_direction=-32.4
[gzserver-2] [INFO] [1773113853.985822202] [gazebo_wind_plugin_node]: WindPlugin: set wind_speed=1.84 wind_direction=-32.4
[gzserver-2] [INFO] [1773113854.224838031] [gazebo_wind_plugin_node]: WindPlugin: set wind_speed=1.84 wind_direction=-32.4
[gzserver-2] [INFO] [1773113854.464188180] [gazebo_wind_plugin_node]: WindPlugin: set wind_speed=1.55 wind_direction=-30.2
[gzserver-2] [INFO] [1773113854.698405584] [gazebo_wind_plugin_node]: WindPlugin: set wind_speed=1.55 wind_direction=-30.2
[gzserver-2] [INFO] [1773113854.937846607] [gazebo_wind_plugin_node]: WindPlugin: set wind_speed=1.55 wind_direction=-30.2
[gzserver-2] [INFO] [1773113854.971476269] [drone.simple_drone]: Quadrotor lands!!
[gzserver-2] [INFO] [1773113855.172957575] [gazebo_wind_plugin_node]: WindPlugin: set wind_speed=1.55 wind_direction=-30.2
[gzserver-2] [INFO] [1773113855.412536626] [gazebo_wind_plugin_node]: WindPlugin: set wind_speed=1.55 wind_direction=-30.2
[gzserver-2] [INFO] [1773113855.651590225] [gazebo_wind_plugin_node]: WindPlugin: set wind_speed=1.63 wind_direction=-30.4
[gzserver-2] [INFO] [1773113855.886041968] [gazebo_wind_plugin_node]: WindPlugin: set wind_speed=1.63 wind_direction=-30.4
[gzserver-2] [1;36m[Dbg] [wind_plugin.cpp:110] [0m[1;36mWindPlugin: received command -> speed=[0m[1;36m0[0m[1;36m dir=[0m[1;36m0[0m[1;36m
[gzserver-2] [0m[1;36m[Dbg] [wind_plugin.cpp:110] [0m[1;36mWindPlugin: received command -> speed=[0m[1;36m1.89965[0m[1;36m dir=[0m[1;36m-35.6894[0m[1;36m
[gzserver-2] [0m[1;36m[Dbg] [wind_plugin.cpp:110] [0m[1;36mWindPlugin: received command -> speed=[0m[1;36m1.89965[0m[1;36m dir=[0m[1;36m-35.6894[0m[1;36m
[gzserver-2] [0m[1;36m[Dbg] [wind_plugin.cpp:110] [0m[1;36mWindPlugin: received command -> speed=[0m[1;36m1.73601[0m[1;36m dir=[0m[1;36m-31.6789[0m[1;36m
[gzserver-2] [0m[1;36m[Dbg] [wind_plugin.cpp:110] [0m[1;36mWindPlugin: received command -> speed=[0m[1;36m1.73601[0m[1;36m dir=[0m[1;36m-31.6789[0m[1;36m
[gzserver-2] [0m[1;36m[Dbg] [wind_plugin.cpp:110] [0m[1;36mWindPlugin: received command -> speed=[0m[1;36m1.73601[0m[1;36m dir=[0m[1;36m-31.6789[0m[1;36m
[gzserver-2] [0m[1;36m[Dbg] [wind_plugin.cpp:110] [0m[1;36mWindPlugin: received command -> speed=[0m[1;36m1.73601[0m[1;36m dir=[0m[1;36m-31.6789[0m[1;36m
[gzserver-2] [0m[1;36m[Dbg] [wind_plugin.cpp:110] [0m[1;36mWindPlugin: received command -> speed=[0m[1;36m1.83801[0m[1;36m dir=[0m[1;36m-32.4042[0m[1;36m
[gzserver-2] [0m[1;36m[Dbg] [wind_plugin.cpp:110] [0m[1;36mWindPlugin: received command -> speed=[0m[1;36m1.83801[0m[1;36m dir=[0m[1;36m-32.4042[0m[1;36m
[gzserver-2] [0m[1;36m[Dbg] [wind_plugin.cpp:110] [0m[1;36mWindPlugin: received command -> speed=[0m[1;36m1.83801[0m[1;36m dir=[0m[1;36m-32.4042[0m[1;36m
[gzserver-2] [0m[1;36m[Dbg] [wind_plugin.cpp:110] [0m[1;36mWindPlugin: received command -> speed=[0m[1;36m1.83801[0m[1;36m dir=[0m[1;36m-32.4042[0m[1;36m
[gzserver-2] [0m[1;36m[Dbg] [wind_plugin.cpp:110] [0m[1;36mWindPlugin: received command -> speed=[0m[1;36m1.55359[0m[1;36m dir=[0m[1;36m-30.1631[0m[1;36m
[gzserver-2] [0m[1;36m[Dbg] [wind_plugin.cpp:110] [0m[1;36mWindPlugin: received command -> speed=[0m[1;36m1.55359[0m[1;36m dir=[0m[1;36m-30.1631[0m[1;36m
[gzserver-2] [0m[1;36m[Dbg] [wind_plugin.cpp:110] [0m[1;36mWindPlugin: received command -> speed=[0m[1;36m1.55359[0m[1;36m dir=[0m[1;36m-30.1631[0m[1;36m
[gzserver-2] [0m[1;36m[Dbg] [wind_plugin.cpp:110] [0m[1;36mWindPlugin: received command -> speed=[0m[1;36m1.55359[0m[1;36m dir=[0m[1;36m-30.1631[0m[1;36m
[gzserver-2] [0m[1;36m[Dbg] [wind_plugin.cpp:110] [0m[1;36mWindPlugin: received command -> speed=[0m[1;36m1.55359[0m[1;36m dir=[0m[1;36m-30.1631[0m[1;36m
[gzserver-2] [0m[1;36m[Dbg] [wind_plugin.cpp:110] [0m[1;36mWindPlugin: received command -> speed=[0m[1;36m1.63151[0m[1;36m dir=[0m[1;36m-30.3509[0m[1;36m
[gzserver-2] [0m[1;36m[Dbg] [wind_plugin.cpp:110] [0m[1;36mWindPlugin: received command -> speed=[0m[1;36m1.63151[0m[1;36m dir=[0m[1;36m-30.3509[0m[1;36m
[gzserver-2] [0mLanded!
[gzserver-2] [INFO] [1773113856.120246564] [gazebo_wind_plugin_node]: WindPlugin: set wind_speed=1.63 wind_direction=-30.4
[gzserver-2] [INFO] [1773113856.354721094] [gazebo_wind_plugin_node]: WindPlugin: set wind_speed=1.63 wind_direction=-30.4
[gzserver-2] [INFO] [1773113856.589184110] [gazebo_wind_plugin_node]: WindPlugin: set wind_speed=1.84 wind_direction=-29.0
[gzserver-2] [INFO] [1773113856.829805121] [gazebo_wind_plugin_node]: WindPlugin: set wind_speed=1.84 wind_direction=-29.0
[gzserver-2] [INFO] [1773113857.069108898] [gazebo_wind_plugin_node]: WindPlugin: set wind_speed=1.84 wind_direction=-29.0
[gzserver-2] [INFO] [1773113857.302846482] [gazebo_wind_plugin_node]: WindPlugin: set wind_speed=1.84 wind_direction=-29.0
[gzserver-2] [INFO] [1773113857.541560395] [gazebo_wind_plugin_node]: WindPlugin: set wind_speed=1.76 wind_direction=-29.7
[gzserver-2] [INFO] [1773113857.772610772] [gazebo_wind_plugin_node]: WindPlugin: set wind_speed=1.76 wind_direction=-29.7
