[INFO] [launch]: All log files can be found below /home/j/.ros/log/2026-03-10-22-14-41-173658-j-1130502
[INFO] [launch]: Default logging verbosity is set to INFO
[INFO] [launch.user]: [bringup] Apriltag config: camera=/drone/bottom, image=/drone/bottom/image_raw, tags=/drone/bottom/tags, bridge=/landing_tag_state, standalone=true, use_target_id=true, target_id=0
[INFO] [rviz2-1]: process started with pid [1130503]
[INFO] [gzserver-2]: process started with pid [1130505]
[INFO] [robot_state_publisher-3]: process started with pid [1130507]
[INFO] [joint_state_publisher-4]: process started with pid [1130509]
[INFO] [spawn_drone-5]: process started with pid [1130511]
[INFO] [static_transform_publisher-6]: process started with pid [1130513]
[INFO] [joy_node-7]: process started with pid [1130515]
[INFO] [teleop_joystick-8]: process started with pid [1130517]
[INFO] [apriltag_detector_node-9]: process started with pid [1130520]
[INFO] [apriltag_state_bridge-10]: process started with pid [1130522]
[static_transform_publisher-6] [WARN] [1773148481.653004772] []: Old-style arguments are deprecated; see --help for new-style arguments
[static_transform_publisher-6] [INFO] [1773148481.660469679] [static_transform_publisher_V21baVcF9jGA9wn2]: Spinning until stopped - publishing transform
[static_transform_publisher-6] translation: ('0.000000', '0.000000', '0.000000')
[static_transform_publisher-6] rotation: ('0.000000', '0.000000', '0.000000', '1.000000')
[static_transform_publisher-6] from 'world' to '/drone/odom'
[robot_state_publisher-3] [INFO] [1773148481.681061074] [drone.robot_state_publisher]: got segment base_footprint
[robot_state_publisher-3] [INFO] [1773148481.681128896] [drone.robot_state_publisher]: got segment base_link
[robot_state_publisher-3] [INFO] [1773148481.681135010] [drone.robot_state_publisher]: got segment bottom_cam_link
[robot_state_publisher-3] [INFO] [1773148481.681137965] [drone.robot_state_publisher]: got segment front_cam_link
[robot_state_publisher-3] [INFO] [1773148481.681140779] [drone.robot_state_publisher]: got segment sonar_link
[rviz2-1] 
[rviz2-1] (rviz2:1130503): dbind-WARNING **: 22:14:41.691: Couldn't connect to accessibility bus: Failed to connect to socket /root/.cache/at-spi/bus_0: 허가 거부
[apriltag_detector_node-9] [INFO] [1773148481.703147376] [apriltag_detector_node]: tag detector type: umich
[teleop_joystick-8] Traceback (most recent call last):
[teleop_joystick-8]   File "/home/j/INCSL/IICC26_ws/install/sjtu_drone_control/lib/sjtu_drone_control/teleop_joystick", line 33, in <module>
[teleop_joystick-8]     sys.exit(load_entry_point('sjtu_drone_control==0.0.0', 'console_scripts', 'teleop_joystick')())
[teleop_joystick-8]   File "/home/j/INCSL/IICC26_ws/install/sjtu_drone_control/lib/sjtu_drone_control/teleop_joystick", line 22, in importlib_load_entry_point
[teleop_joystick-8]     for entry_point in distribution(dist_name).entry_points
[teleop_joystick-8]   File "/usr/lib/python3.10/importlib/metadata/__init__.py", line 969, in distribution
[teleop_joystick-8]     return Distribution.from_name(distribution_name)
[teleop_joystick-8]   File "/usr/lib/python3.10/importlib/metadata/__init__.py", line 548, in from_name
[teleop_joystick-8]     raise PackageNotFoundError(name)
[teleop_joystick-8] importlib.metadata.PackageNotFoundError: No package metadata was found for sjtu_drone_control
[ERROR] [teleop_joystick-8]: process has died [pid 1130517, exit code 1, cmd '/home/j/INCSL/IICC26_ws/install/sjtu_drone_control/lib/sjtu_drone_control/teleop_joystick --ros-args -r __ns:=/drone'].
[gzserver-2] Gazebo multi-robot simulator, version 11.10.2
[gzserver-2] Copyright (C) 2012 Open Source Robotics Foundation.
[gzserver-2] Released under the Apache 2 License.
[gzserver-2] http://gazebosim.org
[gzserver-2] 
[apriltag_state_bridge-10] [INFO] [1773148481.908678987] [apriltag_state_bridge]: AprilTag bridge started: /drone/bottom/tags -> /landing_tag_state, use_target_id=True, target_id=0
[joint_state_publisher-4] [INFO] [1773148481.915198456] [drone.joint_state_publisher]: Waiting for robot_description to be published on the robot_description topic...
[gzserver-2] [1;33m[Wrn] [gazebo_ros_init.cpp:178] [0m[1;33m
[gzserver-2] #     # ####### ####### ###  #####  #######
[gzserver-2] ##    # #     #    #     #  #     # #
[gzserver-2] # #   # #     #    #     #  #       #
[gzserver-2] #  #  # #     #    #     #  #       #####
[gzserver-2] #   # # #     #    #     #  #       #
[gzserver-2] #    ## #     #    #     #  #     # #
[gzserver-2] #     # #######    #    ###  #####  #######
[gzserver-2] 
[gzserver-2] This version of Gazebo, now called Gazebo classic, reaches end-of-life
[gzserver-2] in January 2025. Users are highly encouraged to migrate to the new Gazebo
[gzserver-2] using our migration guides (https://gazebosim.org/docs/latest/gazebo_classic_migration?utm_source=gazebo_ros_pkgs&utm_medium=cli)
[gzserver-2] 
[gzserver-2] [0m[1;33m
[rviz2-1] [INFO] [1773148482.496236948] [rviz2]: Stereo is NOT SUPPORTED
[rviz2-1] [INFO] [1773148482.496353926] [rviz2]: OpenGl version: 4.6 (GLSL 4.6)
[rviz2-1] [INFO] [1773148482.585650201] [rviz2]: Stereo is NOT SUPPORTED
[rviz2-1] [INFO] [1773148482.702102523] [rviz2]: Stereo is NOT SUPPORTED
[gzserver-2] [1;32m[Msg] [0m[1;32mWaiting for master.[0m[1;32m
[gzserver-2] [0m[1;32m[0m[1;32m[0m[1;32m[Msg] [0m[1;32mConnected to gazebo master @ [0m[1;32mhttp://127.0.0.1:11345[0m[1;32m
[gzserver-2] [0m[1;32m[0m[1;32m[0m[1;32m[Msg] [0m[1;32mPublicized address: [0m[1;32m192.168.0.11[0m[1;32m
[gzserver-2] [0m[1;32m[0m[1;32m[0m[1;32m[Msg] [0m[1;32mLoading world file [[0m[1;32m/home/j/INCSL/IICC26_ws/install/sjtu_drone_description/share/sjtu_drone_description/worlds/landingPad.world[0m[1;32m][0m[1;32m
[gzserver-2] [0m[1;32m[0m[1;32m[0m[1;36m[Dbg] [wind_plugin.cpp:96] [0m[1;36mWindPlugin loaded: speed=[0m[1;36m0[0m[1;36m dir=[0m[1;36m0[0m[1;36m deg area=[0m[1;36m0.1[0m[1;36m coeff=[0m[1;36m1[0m[1;36m
[gzserver-2] [0m[1;33m[0m[1;33m[0m[1;31m[Err] [Sensor.cc:510] [0m[1;31mGet noise index not valid[0m[1;31m
[gzserver-2] [0m[1;31m[0m[1;31m[0m[1;31m[Err] [Sensor.cc:510] [0m[1;31mGet noise index not valid[0m[1;31m
[gzserver-2] [0m[1;31m[0m[1;31m[0m[1;31m[Err] [Sensor.cc:510] [0m[1;31mGet noise index not valid[0m[1;31m
[gzserver-2] [0m[1;31m[0m[1;31m[0m[1;31m[Err] [Sensor.cc:510] [0m[1;31mGet noise index not valid[0m[1;31m
[gzserver-2] [0m[1;31m[0m[1;31m[0m[1;31m[Err] [Sensor.cc:510] [0m[1;31mGet noise index not valid[0m[1;31m
[gzserver-2] [0m[1;31m[0m[1;31m[0m[1;31m[Err] [Sensor.cc:510] [0m[1;31mGet noise index not valid[0m[1;31m
[gzserver-2] [0m[1;31m[0m[1;31m[0mTopic [default//drone/base_footprint/down_camera/image] is not valid.
[gzserver-2] [INFO] [1773148483.137791929] [drone.collision_plugin]: Publishing contact states to [/drone/bumper_states]
[gzserver-2] Topic [default//drone/base_footprint/front_camera/image] is not valid.
[gzserver-2] [1;33m[Wrn] [Event.cc:61] [0m[1;33mWarning: Deleting a connection right after creation. [0m[1;33mMake sure to save the ConnectionPtr from a Connect call
[gzserver-2] [0m[INFO] [1773148483.697127264] [drone.camera_bottom]: Publishing camera info to [/drone/bottom/camera_info]
[gzserver-2] [INFO] [1773148483.701770376] [drone.camera_front]: Publishing camera info to [/drone/front/camera_info]
[spawn_drone-5] [INFO] [1773148483.710609353] [spawn_drone]: Result True SpawnEntity: Successfully spawned entity [/drone]
[gzserver-2] [INFO] [1773148483.824765400] [drone.simple_drone]: The drone plugin is loading!
[gzserver-2] [INFO] [1773148483.824969247] [drone.simple_drone]: pub_odom: 1
[gzserver-2] [INFO] [1773148483.825003562] [drone.simple_drone]: Using following parameters: 
[gzserver-2] 		link_name: base_footprint,
[gzserver-2] 		max_force: 30,
[gzserver-2] 		motion_small_noise: 0,
[gzserver-2] 		motion_drift_noise: 0,
[gzserver-2] 		motion_drift_noise_time: 50,
[gzserver-2] 		takeoff_hover_height: 2.15,
[gzserver-2] 		takeoff_vertical_speed: 0.2
[gzserver-2] [INFO] [1773148483.836858491] [drone.simple_drone]: Using the PID parameters: 
[gzserver-2] 	Roll Pitch:
[gzserver-2] 		kP: 10, kI: 0,kD: 5, Limit: 0.5, Time Constant: 0
[gzserver-2] 	Yaw:
[gzserver-2] 		kP: 2, kI: 0,kD: 1, Limit: 1.5, Time Constant: 0
[gzserver-2] 	Velocity X:
[gzserver-2] 		kP: 5, kI: 0,kD: 2.3, Limit: 2, Time Constant: 0
[gzserver-2] 	Velocity Y:
[gzserver-2] 		kP: 5, kI: 0,kD: 2.3, Limit: 2, Time Constant: 0
[gzserver-2] 	Velocity Z:
[gzserver-2] 		kP: 5, kI: 0,kD: 1, Limit: -1, Time Constant: 0
[gzserver-2] 	Position XY:
[gzserver-2] 		kP: 1.1, kI: 0,kD: 0, Limit: 5, Time Constant: 0
[gzserver-2] 	Position Z:
[gzserver-2] 		kP: 1, kI: 0,kD: 0.2, Limit: -1, Time Constant: 0
[gzserver-2] [INFO] [1773148483.836991609] [drone.simple_drone]: The drone plugin finished loading!
[INFO] [spawn_drone-5]: process has finished cleanly [pid 1130511]
[gzserver-2] [INFO] [1773148490.997703510] [gazebo_wind_plugin_node]: WindPlugin: set wind_speed=0.00 wind_direction=0.0
[gzserver-2] [INFO] [1773148491.269029431] [gazebo_wind_plugin_node]: WindPlugin: set wind_speed=0.00 wind_direction=0.0
[gzserver-2] [INFO] [1773148491.307384621] [drone.simple_drone]: Quadrotor takes off!!
[gzserver-2] [INFO] [1773148491.509251903] [gazebo_wind_plugin_node]: WindPlugin: set wind_speed=0.00 wind_direction=0.0
[gzserver-2] [INFO] [1773148491.749968530] [gazebo_wind_plugin_node]: WindPlugin: set wind_speed=0.00 wind_direction=0.0
[gzserver-2] [INFO] [1773148491.989080281] [gazebo_wind_plugin_node]: WindPlugin: set wind_speed=0.00 wind_direction=0.0
[gzserver-2] [INFO] [1773148492.228340106] [gazebo_wind_plugin_node]: WindPlugin: set wind_speed=0.00 wind_direction=0.0
[gzserver-2] [INFO] [1773148492.462223952] [gazebo_wind_plugin_node]: WindPlugin: set wind_speed=0.00 wind_direction=0.0
[gzserver-2] [INFO] [1773148492.701947349] [gazebo_wind_plugin_node]: WindPlugin: set wind_speed=0.00 wind_direction=0.0
[gzserver-2] [INFO] [1773148492.941182787] [gazebo_wind_plugin_node]: WindPlugin: set wind_speed=0.00 wind_direction=0.0
[gzserver-2] [0m[1;36m[Dbg] [wind_plugin.cpp:110] [0m[1;36mWindPlugin: received command -> speed=[0m[1;36m0[0m[1;36m dir=[0m[1;36m0[0m[1;36m
[gzserver-2] [0m[1;36m[Dbg] [wind_plugin.cpp:110] [0m[1;36mWindPlugin: received command -> speed=[0m[1;36m0[0m[1;36m dir=[0m[1;36m0[0m[1;36m
[gzserver-2] [0m[1;36m[Dbg] [wind_plugin.cpp:110] [0m[1;36mWindPlugin: received command -> speed=[0m[1;36m0[0m[1;36m dir=[0m[1;36m0[0m[1;36m
[gzserver-2] [0m[1;36m[Dbg] [wind_plugin.cpp:110] [0m[1;36mWindPlugin: received command -> speed=[0m[1;36m0[0m[1;36m dir=[0m[1;36m0[0m[1;36m
[gzserver-2] [0m[1;36m[Dbg] [wind_plugin.cpp:110] [0m[1;36mWindPlugin: received command -> speed=[0m[1;36m0[0m[1;36m dir=[0m[1;36m0[0m[1;36m
[gzserver-2] [0m[1;36m[Dbg] [wind_plugin.cpp:110] [0m[1;36mWindPlugin: received command -> speed=[0m[1;36m0[0m[1;36m dir=[0m[1;36m0[0m[1;36m
[gzserver-2] [0m[1;36m[Dbg] [wind_plugin.cpp:110] [0m[1;36mWindPlugin: received command -> speed=[0m[1;36m0[0m[1;36m dir=[0m[1;36m0[0m[1;36m
[gzserver-2] [0m[1;36m[Dbg] [wind_plugin.cpp:110] [0m[1;36mWindPlugin: received command -> speed=[0m[1;36m0[0m[1;36m dir=[0m[1;36m0[0m[1;36m
[gzserver-2] [0m[1;36m[Dbg] [wind_plugin.cpp:110] [0m[1;36mWindPlugin: received command -> speed=[0m[1;36m0[0m[1;36m dir=[0m[1;36m0[0m[1;36m
[gzserver-2] [0mEntering flying model!
[gzserver-2] [INFO] [1773148493.180501817] [gazebo_wind_plugin_node]: WindPlugin: set wind_speed=0.00 wind_direction=0.0
[gzserver-2] [INFO] [1773148493.416710570] [gazebo_wind_plugin_node]: WindPlugin: set wind_speed=2.30 wind_direction=-146.1
[gzserver-2] [INFO] [1773148493.651104585] [gazebo_wind_plugin_node]: WindPlugin: set wind_speed=2.22 wind_direction=-145.7
[gzserver-2] [INFO] [1773148493.884987693] [gazebo_wind_plugin_node]: WindPlugin: set wind_speed=2.22 wind_direction=-145.7
[gzserver-2] [INFO] [1773148494.124186789] [gazebo_wind_plugin_node]: WindPlugin: set wind_speed=2.22 wind_direction=-145.7
[gzserver-2] [INFO] [1773148494.352784713] [gazebo_wind_plugin_node]: WindPlugin: set wind_speed=2.22 wind_direction=-145.7
[gzserver-2] [INFO] [1773148494.586818822] [gazebo_wind_plugin_node]: WindPlugin: set wind_speed=2.23 wind_direction=-146.2
[gzserver-2] [INFO] [1773148494.820322657] [gazebo_wind_plugin_node]: WindPlugin: set wind_speed=2.23 wind_direction=-146.2
[gzserver-2] [INFO] [1773148495.059647462] [gazebo_wind_plugin_node]: WindPlugin: set wind_speed=2.23 wind_direction=-146.2
[gzserver-2] [INFO] [1773148495.288209685] [gazebo_wind_plugin_node]: WindPlugin: set wind_speed=2.23 wind_direction=-146.2
[gzserver-2] [INFO] [1773148495.529017254] [gazebo_wind_plugin_node]: WindPlugin: set wind_speed=2.14 wind_direction=-148.5
[gzserver-2] [INFO] [1773148495.768361238] [gazebo_wind_plugin_node]: WindPlugin: set wind_speed=2.14 wind_direction=-148.5
[gzserver-2] [INFO] [1773148495.998160813] [gazebo_wind_plugin_node]: WindPlugin: set wind_speed=2.14 wind_direction=-148.5
[gzserver-2] [INFO] [1773148496.237637491] [gazebo_wind_plugin_node]: WindPlugin: set wind_speed=2.14 wind_direction=-148.5
[gzserver-2] [INFO] [1773148496.477032054] [gazebo_wind_plugin_node]: WindPlugin: set wind_speed=2.14 wind_direction=-148.5
[gzserver-2] [INFO] [1773148496.711351432] [gazebo_wind_plugin_node]: WindPlugin: set wind_speed=2.28 wind_direction=-145.9
[gzserver-2] [INFO] [1773148496.951371034] [gazebo_wind_plugin_node]: WindPlugin: set wind_speed=2.28 wind_direction=-145.9
[gzserver-2] [INFO] [1773148497.185498355] [gazebo_wind_plugin_node]: WindPlugin: set wind_speed=2.28 wind_direction=-145.9
[gzserver-2] [INFO] [1773148497.425124301] [gazebo_wind_plugin_node]: WindPlugin: set wind_speed=2.28 wind_direction=-145.9
[gzserver-2] [INFO] [1773148497.660092338] [gazebo_wind_plugin_node]: WindPlugin: set wind_speed=2.38 wind_direction=-145.6
[gzserver-2] [INFO] [1773148497.891752828] [gazebo_wind_plugin_node]: WindPlugin: set wind_speed=2.38 wind_direction=-145.6
[gzserver-2] [INFO] [1773148498.130950184] [gazebo_wind_plugin_node]: WindPlugin: set wind_speed=2.38 wind_direction=-145.6
[gzserver-2] [INFO] [1773148498.370244827] [gazebo_wind_plugin_node]: WindPlugin: set wind_speed=2.38 wind_direction=-145.6
[gzserver-2] [INFO] [1773148498.609768488] [gazebo_wind_plugin_node]: WindPlugin: set wind_speed=2.25 wind_direction=-145.2
[gzserver-2] [INFO] [1773148498.848837144] [gazebo_wind_plugin_node]: WindPlugin: set wind_speed=2.25 wind_direction=-145.2
[gzserver-2] [INFO] [1773148499.088276553] [gazebo_wind_plugin_node]: WindPlugin: set wind_speed=2.25 wind_direction=-145.2
[gzserver-2] [INFO] [1773148499.316952823] [gazebo_wind_plugin_node]: WindPlugin: set wind_speed=2.25 wind_direction=-145.2
[gzserver-2] [1;36m[Dbg] [wind_plugin.cpp:110] [0m[1;36mWindPlugin: received command -> speed=[0m[1;36m0[0m[1;36m dir=[0m[1;36m0[0m[1;36m
[gzserver-2] [0m[1;36m[Dbg] [wind_plugin.cpp:110] [0m[1;36mWindPlugin: received command -> speed=[0m[1;36m2.29696[0m[1;36m dir=[0m[1;36m-146.067[0m[1;36m
[gzserver-2] [0m[1;36m[Dbg] [wind_plugin.cpp:110] [0m[1;36mWindPlugin: received command -> speed=[0m[1;36m2.217[0m[1;36m dir=[0m[1;36m-145.729[0m[1;36m
[gzserver-2] [0m[1;36m[Dbg] [wind_plugin.cpp:110] [0m[1;36mWindPlugin: received command -> speed=[0m[1;36m2.217[0m[1;36m dir=[0m[1;36m-145.729[0m[1;36m
[gzserver-2] [0m[1;36m[Dbg] [wind_plugin.cpp:110] [0m[1;36mWindPlugin: received command -> speed=[0m[1;36m2.217[0m[1;36m dir=[0m[1;36m-145.729[0m[1;36m
[gzserver-2] [0m[1;36m[Dbg] [wind_plugin.cpp:110] [0m[1;36mWindPlugin: received command -> speed=[0m[1;36m2.217[0m[1;36m dir=[0m[1;36m-145.729[0m[1;36m
[gzserver-2] [0m[1;36m[Dbg] [wind_plugin.cpp:110] [0m[1;36mWindPlugin: received command -> speed=[0m[1;36m2.22982[0m[1;36m dir=[0m[1;36m-146.159[0m[1;36m
[gzserver-2] [0m[1;36m[Dbg] [wind_plugin.cpp:110] [0m[1;36mWindPlugin: received command -> speed=[0m[1;36m2.22982[0m[1;36m dir=[0m[1;36m-146.159[0m[1;36m
[gzserver-2] [0m[1;36m[Dbg] [wind_plugin.cpp:110] [0m[1;36mWindPlugin: received command -> speed=[0m[1;36m2.22982[0m[1;36m dir=[0m[1;36m-146.159[0m[1;36m
[gzserver-2] [0m[1;36m[Dbg] [wind_plugin.cpp:110] [0m[1;36mWindPlugin: received command -> speed=[0m[1;36m2.22982[0m[1;36m dir=[0m[1;36m-146.159[0m[1;36m
[gzserver-2] [0m[1;36m[Dbg] [wind_plugin.cpp:110] [0m[1;36mWindPlugin: received command -> speed=[0m[1;36m2.13694[0m[1;36m dir=[0m[1;36m-148.498[0m[1;36m
[gzserver-2] [0m[1;36m[Dbg] [wind_plugin.cpp:110] [0m[1;36mWindPlugin: received command -> speed=[0m[1;36m2.13694[0m[1;36m dir=[0m[1;36m-148.498[0m[1;36m
[gzserver-2] [0m[1;36m[Dbg] [wind_plugin.cpp:110] [0m[1;36mWindPlugin: received command -> speed=[0m[1;36m2.13694[0m[1;36m dir=[0m[1;36m-148.498[0m[1;36m
[gzserver-2] [0m[1;36m[Dbg] [wind_plugin.cpp:110] [0m[1;36mWindPlugin: received command -> speed=[0m[1;36m2.13694[0m[1;36m dir=[0m[1;36m-148.498[0m[1;36m
[gzserver-2] [0m[1;36m[Dbg] [wind_plugin.cpp:110] [0m[1;36mWindPlugin: received command -> speed=[0m[1;36m2.13694[0m[1;36m dir=[0m[1;36m-148.498[0m[1;36m
[gzserver-2] [0m[1;36m[Dbg] [wind_plugin.cpp:110] [0m[1;36mWindPlugin: received command -> speed=[0m[1;36m2.28439[0m[1;36m dir=[0m[1;36m-145.895[0m[1;36m
[gzserver-2] [0m[1;36m[Dbg] [wind_plugin.cpp:110] [0m[1;36mWindPlugin: received command -> speed=[0m[1;36m2.28439[0m[1;36m dir=[0m[1;36m-145.895[0m[1;36m
[gzserver-2] [0m[1;36m[Dbg] [wind_plugin.cpp:110] [0m[1;36mWindPlugin: received command -> speed=[0m[1;36m2.28439[0m[1;36m dir=[0m[1;36m-145.895[0m[1;36m
[gzserver-2] [0m[1;36m[Dbg] [wind_plugin.cpp:110] [0m[1;36mWindPlugin: received command -> speed=[0m[1;36m2.28439[0m[1;36m dir=[0m[1;36m-145.895[0m[1;36m
[gzserver-2] [0m[1;36m[Dbg] [wind_plugin.cpp:110] [0m[1;36mWindPlugin: received command -> speed=[0m[1;36m2.37548[0m[1;36m dir=[0m[1;36m-145.567[0m[1;36m
[gzserver-2] [0m[1;36m[Dbg] [wind_plugin.cpp:110] [0m[1;36mWindPlugin: received command -> speed=[0m[1;36m2.37548[0m[1;36m dir=[0m[1;36m-145.567[0m[1;36m
[gzserver-2] [0m[1;36m[Dbg] [wind_plugin.cpp:110] [0m[1;36mWindPlugin: received command -> speed=[0m[1;36m2.37548[0m[1;36m dir=[0m[1;36m-145.567[0m[1;36m
[gzserver-2] [0m[1;36m[Dbg] [wind_plugin.cpp:110] [0m[1;36mWindPlugin: received command -> speed=[0m[1;36m2.37548[0m[1;36m dir=[0m[1;36m-145.567[0m[1;36m
[gzserver-2] [0m[1;36m[Dbg] [wind_plugin.cpp:110] [0m[1;36mWindPlugin: received command -> speed=[0m[1;36m2.24709[0m[1;36m dir=[0m[1;36m-145.225[0m[1;36m
[gzserver-2] [0m[1;36m[Dbg] [wind_plugin.cpp:110] [0m[1;36mWindPlugin: received command -> speed=[0m[1;36m2.24709[0m[1;36m dir=[0m[1;36m-145.225[0m[1;36m
[gzserver-2] [0m[1;36m[Dbg] [wind_plugin.cpp:110] [0m[1;36mWindPlugin: received command -> speed=[0m[1;36m2.24709[0m[1;36m dir=[0m[1;36m-145.225[0m[1;36m
[gzserver-2] [INFO] [1773148499.556701637] [gazebo_wind_plugin_node]: WindPlugin: set wind_speed=2.25 wind_direction=-142.7
[gzserver-2] [INFO] [1773148499.795934771] [gazebo_wind_plugin_node]: WindPlugin: set wind_speed=2.25 wind_direction=-142.7
[gzserver-2] [INFO] [1773148500.029650569] [gazebo_wind_plugin_node]: WindPlugin: set wind_speed=2.25 wind_direction=-142.7
[gzserver-2] [INFO] [1773148500.268890673] [gazebo_wind_plugin_node]: WindPlugin: set wind_speed=2.25 wind_direction=-142.7
[gzserver-2] [INFO] [1773148500.503051462] [gazebo_wind_plugin_node]: WindPlugin: set wind_speed=2.08 wind_direction=-143.5
[gzserver-2] [INFO] [1773148500.742604826] [gazebo_wind_plugin_node]: WindPlugin: set wind_speed=2.08 wind_direction=-143.5
[gzserver-2] [INFO] [1773148500.977024557] [gazebo_wind_plugin_node]: WindPlugin: set wind_speed=2.08 wind_direction=-143.5
[gzserver-2] [INFO] [1773148501.214220160] [gazebo_wind_plugin_node]: WindPlugin: set wind_speed=2.08 wind_direction=-143.5
[gzserver-2] [INFO] [1773148501.453837784] [gazebo_wind_plugin_node]: WindPlugin: set wind_speed=2.08 wind_direction=-143.5
[gzserver-2] [INFO] [1773148501.693284618] [gazebo_wind_plugin_node]: WindPlugin: set wind_speed=2.28 wind_direction=-146.2
[gzserver-2] [INFO] [1773148501.927070942] [gazebo_wind_plugin_node]: WindPlugin: set wind_speed=2.28 wind_direction=-146.2
[gzserver-2] [INFO] [1773148502.165785355] [gazebo_wind_plugin_node]: WindPlugin: set wind_speed=2.28 wind_direction=-146.2
[gzserver-2] [INFO] [1773148502.405067352] [gazebo_wind_plugin_node]: WindPlugin: set wind_speed=2.28 wind_direction=-146.2
[gzserver-2] [INFO] [1773148502.646986425] [gazebo_wind_plugin_node]: WindPlugin: set wind_speed=2.12 wind_direction=-144.6
[gzserver-2] [INFO] [1773148502.886807165] [gazebo_wind_plugin_node]: WindPlugin: set wind_speed=2.12 wind_direction=-144.6
[gzserver-2] [INFO] [1773148503.128762321] [gazebo_wind_plugin_node]: WindPlugin: set wind_speed=2.12 wind_direction=-144.6
[gzserver-2] [INFO] [1773148503.367406952] [gazebo_wind_plugin_node]: WindPlugin: set wind_speed=2.12 wind_direction=-144.6
[gzserver-2] [INFO] [1773148503.606408238] [gazebo_wind_plugin_node]: WindPlugin: set wind_speed=2.23 wind_direction=-144.2
[gzserver-2] [INFO] [1773148503.845688134] [gazebo_wind_plugin_node]: WindPlugin: set wind_speed=2.23 wind_direction=-144.2
[gzserver-2] [INFO] [1773148504.079951631] [gazebo_wind_plugin_node]: WindPlugin: set wind_speed=2.23 wind_direction=-144.2
[gzserver-2] [INFO] [1773148504.321512774] [gazebo_wind_plugin_node]: WindPlugin: set wind_speed=2.23 wind_direction=-144.2
[gzserver-2] [INFO] [1773148504.556166745] [gazebo_wind_plugin_node]: WindPlugin: set wind_speed=2.24 wind_direction=-144.7
[gzserver-2] [INFO] [1773148504.795759927] [gazebo_wind_plugin_node]: WindPlugin: set wind_speed=2.24 wind_direction=-144.7
[gzserver-2] [INFO] [1773148505.034599553] [gazebo_wind_plugin_node]: WindPlugin: set wind_speed=2.24 wind_direction=-144.7
[gzserver-2] [INFO] [1773148505.269429603] [gazebo_wind_plugin_node]: WindPlugin: set wind_speed=2.24 wind_direction=-144.7
[gzserver-2] [INFO] [1773148505.503384706] [gazebo_wind_plugin_node]: WindPlugin: set wind_speed=2.28 wind_direction=-141.8
[gzserver-2] [INFO] [1773148505.742004325] [gazebo_wind_plugin_node]: WindPlugin: set wind_speed=2.28 wind_direction=-141.8
[gzserver-2] [0m[1;36m[Dbg] [wind_plugin.cpp:110] [0m[1;36mWindPlugin: received command -> speed=[0m[1;36m2.24709[0m[1;36m dir=[0m[1;36m-145.225[0m[1;36m
[gzserver-2] [0m[1;36m[Dbg] [wind_plugin.cpp:110] [0m[1;36mWindPlugin: received command -> speed=[0m[1;36m2.25176[0m[1;36m dir=[0m[1;36m-142.736[0m[1;36m
[gzserver-2] [0m[1;36m[Dbg] [wind_plugin.cpp:110] [0m[1;36mWindPlugin: received command -> speed=[0m[1;36m2.25176[0m[1;36m dir=[0m[1;36m-142.736[0m[1;36m
[gzserver-2] [0m[1;36m[Dbg] [wind_plugin.cpp:110] [0m[1;36mWindPlugin: received command -> speed=[0m[1;36m2.25176[0m[1;36m dir=[0m[1;36m-142.736[0m[1;36m
[gzserver-2] [0m[1;36m[Dbg] [wind_plugin.cpp:110] [0m[1;36mWindPlugin: received command -> speed=[0m[1;36m2.25176[0m[1;36m dir=[0m[1;36m-142.736[0m[1;36m
[gzserver-2] [0m[1;36m[Dbg] [wind_plugin.cpp:110] [0m[1;36mWindPlugin: received command -> speed=[0m[1;36m2.07502[0m[1;36m dir=[0m[1;36m-143.511[0m[1;36m
[gzserver-2] [0m[1;36m[Dbg] [wind_plugin.cpp:110] [0m[1;36mWindPlugin: received command -> speed=[0m[1;36m2.07502[0m[1;36m dir=[0m[1;36m-143.511[0m[1;36m
[gzserver-2] [0m[1;36m[Dbg] [wind_plugin.cpp:110] [0m[1;36mWindPlugin: received command -> speed=[0m[1;36m2.07502[0m[1;36m dir=[0m[1;36m-143.511[0m[1;36m
[gzserver-2] [0m[1;36m[Dbg] [wind_plugin.cpp:110] [0m[1;36mWindPlugin: received command -> speed=[0m[1;36m2.07502[0m[1;36m dir=[0m[1;36m-143.511[0m[1;36m
[gzserver-2] [0m[1;36m[Dbg] [wind_plugin.cpp:110] [0m[1;36mWindPlugin: received command -> speed=[0m[1;36m2.07502[0m[1;36m dir=[0m[1;36m-143.511[0m[1;36m
[gzserver-2] [0m[1;36m[Dbg] [wind_plugin.cpp:110] [0m[1;36mWindPlugin: received command -> speed=[0m[1;36m2.2826[0m[1;36m dir=[0m[1;36m-146.224[0m[1;36m
[gzserver-2] [0m[1;36m[Dbg] [wind_plugin.cpp:110] [0m[1;36mWindPlugin: received command -> speed=[0m[1;36m2.2826[0m[1;36m dir=[0m[1;36m-146.224[0m[1;36m
[gzserver-2] [0m[1;36m[Dbg] [wind_plugin.cpp:110] [0m[1;36mWindPlugin: received command -> speed=[0m[1;36m2.2826[0m[1;36m dir=[0m[1;36m-146.224[0m[1;36m
[gzserver-2] [0m[1;36m[Dbg] [wind_plugin.cpp:110] [0m[1;36mWindPlugin: received command -> speed=[0m[1;36m2.2826[0m[1;36m dir=[0m[1;36m-146.224[0m[1;36m
[gzserver-2] [0m[1;36m[Dbg] [wind_plugin.cpp:110] [0m[1;36mWindPlugin: received command -> speed=[0m[1;36m2.12169[0m[1;36m dir=[0m[1;36m-144.585[0m[1;36m
[gzserver-2] [0m[1;36m[Dbg] [wind_plugin.cpp:110] [0m[1;36mWindPlugin: received command -> speed=[0m[1;36m2.12169[0m[1;36m dir=[0m[1;36m-144.585[0m[1;36m
[gzserver-2] [0m[1;36m[Dbg] [wind_plugin.cpp:110] [0m[1;36mWindPlugin: received command -> speed=[0m[1;36m2.12169[0m[1;36m dir=[0m[1;36m-144.585[0m[1;36m
[gzserver-2] [0m[1;36m[Dbg] [wind_plugin.cpp:110] [0m[1;36mWindPlugin: received command -> speed=[0m[1;36m2.12169[0m[1;36m dir=[0m[1;36m-144.585[0m[1;36m
[gzserver-2] [0m[1;36m[Dbg] [wind_plugin.cpp:110] [0m[1;36mWindPlugin: received command -> speed=[0m[1;36m2.22761[0m[1;36m dir=[0m[1;36m-144.208[0m[1;36m
[gzserver-2] [0m[1;36m[Dbg] [wind_plugin.cpp:110] [0m[1;36mWindPlugin: received command -> speed=[0m[1;36m2.22761[0m[1;36m dir=[0m[1;36m-144.208[0m[1;36m
[gzserver-2] [0m[1;36m[Dbg] [wind_plugin.cpp:110] [0m[1;36mWindPlugin: received command -> speed=[0m[1;36m2.22761[0m[1;36m dir=[0m[1;36m-144.208[0m[1;36m
[gzserver-2] [0m[1;36m[Dbg] [wind_plugin.cpp:110] [0m[1;36mWindPlugin: received command -> speed=[0m[1;36m2.22761[0m[1;36m dir=[0m[1;36m-144.208[0m[1;36m
[gzserver-2] [0m[1;36m[Dbg] [wind_plugin.cpp:110] [0m[1;36mWindPlugin: received command -> speed=[0m[1;36m2.23971[0m[1;36m dir=[0m[1;36m-144.678[0m[1;36m
[gzserver-2] [0m[1;36m[Dbg] [wind_plugin.cpp:110] [0m[1;36mWindPlugin: received command -> speed=[0m[1;36m2.23971[0m[1;36m dir=[0m[1;36m-144.678[0m[1;36m
[gzserver-2] [0m[1;36m[Dbg] [wind_plugin.cpp:110] [0m[1;36mWindPlugin: received command -> speed=[0m[1;36m2.23971[0m[1;36m dir=[0m[1;36m-144.678[0m[1;36m
[gzserver-2] [0m[1;36m[Dbg] [wind_plugin.cpp:110] [0m[1;36mWindPlugin: received command -> speed=[0m[1;36m2.23971[0m[1;36m dir=[0m[1;36m-144.678[0m[1;36m
[gzserver-2] [0m[1;36m[Dbg] [wind_plugin.cpp:110] [0m[1;36mWindPlugin: received command -> speed=[0m[1;36m2.27772[0m[1;36m dir=[0m[1;36m-141.824[0m[1;36m
[gzserver-2] [INFO] [1773148505.981493550] [gazebo_wind_plugin_node]: WindPlugin: set wind_speed=2.28 wind_direction=-141.8
[gzserver-2] [INFO] [1773148506.223329229] [gazebo_wind_plugin_node]: WindPlugin: set wind_speed=2.28 wind_direction=-141.8
[gzserver-2] [INFO] [1773148506.459680874] [gazebo_wind_plugin_node]: WindPlugin: set wind_speed=2.28 wind_direction=-141.8
[gzserver-2] [INFO] [1773148506.689700691] [gazebo_wind_plugin_node]: WindPlugin: set wind_speed=2.30 wind_direction=-141.5
[gzserver-2] [INFO] [1773148506.928950186] [gazebo_wind_plugin_node]: WindPlugin: set wind_speed=2.30 wind_direction=-141.5
[gzserver-2] [INFO] [1773148507.168209683] [gazebo_wind_plugin_node]: WindPlugin: set wind_speed=2.30 wind_direction=-141.5
[gzserver-2] [INFO] [1773148507.404319221] [gazebo_wind_plugin_node]: WindPlugin: set wind_speed=2.30 wind_direction=-141.5
[gzserver-2] [INFO] [1773148507.637998354] [gazebo_wind_plugin_node]: WindPlugin: set wind_speed=2.26 wind_direction=-141.8
[gzserver-2] [INFO] [1773148507.872598356] [gazebo_wind_plugin_node]: WindPlugin: set wind_speed=2.26 wind_direction=-141.8
[gzserver-2] [INFO] [1773148508.106185152] [gazebo_wind_plugin_node]: WindPlugin: set wind_speed=2.26 wind_direction=-141.8
[gzserver-2] [INFO] [1773148508.347324702] [gazebo_wind_plugin_node]: WindPlugin: set wind_speed=2.26 wind_direction=-141.8
[gzserver-2] [INFO] [1773148508.576252800] [gazebo_wind_plugin_node]: WindPlugin: set wind_speed=2.28 wind_direction=-141.4
[gzserver-2] [INFO] [1773148508.815498706] [gazebo_wind_plugin_node]: WindPlugin: set wind_speed=2.28 wind_direction=-141.4
[gzserver-2] [INFO] [1773148509.054265518] [gazebo_wind_plugin_node]: WindPlugin: set wind_speed=2.28 wind_direction=-141.4
[gzserver-2] [INFO] [1773148509.296815403] [gazebo_wind_plugin_node]: WindPlugin: set wind_speed=2.28 wind_direction=-141.4
[gzserver-2] [INFO] [1773148509.538257051] [gazebo_wind_plugin_node]: WindPlugin: set wind_speed=2.44 wind_direction=-139.6
[gzserver-2] [INFO] [1773148509.779322025] [gazebo_wind_plugin_node]: WindPlugin: set wind_speed=2.44 wind_direction=-139.6
[gzserver-2] [INFO] [1773148510.018719378] [gazebo_wind_plugin_node]: WindPlugin: set wind_speed=2.44 wind_direction=-139.6
[gzserver-2] [INFO] [1773148510.260476317] [gazebo_wind_plugin_node]: WindPlugin: set wind_speed=2.44 wind_direction=-139.6
[gzserver-2] [INFO] [1773148510.499850379] [gazebo_wind_plugin_node]: WindPlugin: set wind_speed=2.17 wind_direction=-139.9
[gzserver-2] [INFO] [1773148510.739250258] [gazebo_wind_plugin_node]: WindPlugin: set wind_speed=2.17 wind_direction=-139.9
[gzserver-2] [INFO] [1773148510.980166250] [gazebo_wind_plugin_node]: WindPlugin: set wind_speed=2.17 wind_direction=-139.9
[gzserver-2] [INFO] [1773148511.210465886] [gazebo_wind_plugin_node]: WindPlugin: set wind_speed=2.17 wind_direction=-139.9
[gzserver-2] [INFO] [1773148511.449677789] [gazebo_wind_plugin_node]: WindPlugin: set wind_speed=2.17 wind_direction=-139.9
[gzserver-2] [INFO] [1773148511.690371432] [gazebo_wind_plugin_node]: WindPlugin: set wind_speed=2.34 wind_direction=-140.6
[gzserver-2] [INFO] [1773148511.929725204] [gazebo_wind_plugin_node]: WindPlugin: set wind_speed=2.34 wind_direction=-140.6
[gzserver-2] [INFO] [1773148512.163765411] [gazebo_wind_plugin_node]: WindPlugin: set wind_speed=2.34 wind_direction=-140.6
[gzserver-2] [0m[1;36m[Dbg] [wind_plugin.cpp:110] [0m[1;36mWindPlugin: received command -> speed=[0m[1;36m2.27772[0m[1;36m dir=[0m[1;36m-141.824[0m[1;36m
[gzserver-2] [0m[1;36m[Dbg] [wind_plugin.cpp:110] [0m[1;36mWindPlugin: received command -> speed=[0m[1;36m2.27772[0m[1;36m dir=[0m[1;36m-141.824[0m[1;36m
[gzserver-2] [0m[1;36m[Dbg] [wind_plugin.cpp:110] [0m[1;36mWindPlugin: received command -> speed=[0m[1;36m2.27772[0m[1;36m dir=[0m[1;36m-141.824[0m[1;36m
[gzserver-2] [0m[1;36m[Dbg] [wind_plugin.cpp:110] [0m[1;36mWindPlugin: received command -> speed=[0m[1;36m2.27772[0m[1;36m dir=[0m[1;36m-141.824[0m[1;36m
[gzserver-2] [0m[1;36m[Dbg] [wind_plugin.cpp:110] [0m[1;36mWindPlugin: received command -> speed=[0m[1;36m2.29586[0m[1;36m dir=[0m[1;36m-141.476[0m[1;36m
[gzserver-2] [0m[1;36m[Dbg] [wind_plugin.cpp:110] [0m[1;36mWindPlugin: received command -> speed=[0m[1;36m2.29586[0m[1;36m dir=[0m[1;36m-141.476[0m[1;36m
[gzserver-2] [0m[1;36m[Dbg] [wind_plugin.cpp:110] [0m[1;36mWindPlugin: received command -> speed=[0m[1;36m2.29586[0m[1;36m dir=[0m[1;36m-141.476[0m[1;36m
[gzserver-2] [0m[1;36m[Dbg] [wind_plugin.cpp:110] [0m[1;36mWindPlugin: received command -> speed=[0m[1;36m2.29586[0m[1;36m dir=[0m[1;36m-141.476[0m[1;36m
[gzserver-2] [0m[1;36m[Dbg] [wind_plugin.cpp:110] [0m[1;36mWindPlugin: received command -> speed=[0m[1;36m2.26212[0m[1;36m dir=[0m[1;36m-141.771[0m[1;36m
[gzserver-2] [0m[1;36m[Dbg] [wind_plugin.cpp:110] [0m[1;36mWindPlugin: received command -> speed=[0m[1;36m2.26212[0m[1;36m dir=[0m[1;36m-141.771[0m[1;36m
[gzserver-2] [0m[1;36m[Dbg] [wind_plugin.cpp:110] [0m[1;36mWindPlugin: received command -> speed=[0m[1;36m2.26212[0m[1;36m dir=[0m[1;36m-141.771[0m[1;36m
[gzserver-2] [0m[1;36m[Dbg] [wind_plugin.cpp:110] [0m[1;36mWindPlugin: received command -> speed=[0m[1;36m2.26212[0m[1;36m dir=[0m[1;36m-141.771[0m[1;36m
[gzserver-2] [0m[1;36m[Dbg] [wind_plugin.cpp:110] [0m[1;36mWindPlugin: received command -> speed=[0m[1;36m2.27986[0m[1;36m dir=[0m[1;36m-141.396[0m[1;36m
[gzserver-2] [0m[1;36m[Dbg] [wind_plugin.cpp:110] [0m[1;36mWindPlugin: received command -> speed=[0m[1;36m2.27986[0m[1;36m dir=[0m[1;36m-141.396[0m[1;36m
[gzserver-2] [0m[1;36m[Dbg] [wind_plugin.cpp:110] [0m[1;36mWindPlugin: received command -> speed=[0m[1;36m2.27986[0m[1;36m dir=[0m[1;36m-141.396[0m[1;36m
[gzserver-2] [0m[1;36m[Dbg] [wind_plugin.cpp:110] [0m[1;36mWindPlugin: received command -> speed=[0m[1;36m2.27986[0m[1;36m dir=[0m[1;36m-141.396[0m[1;36m
[gzserver-2] [0m[1;36m[Dbg] [wind_plugin.cpp:110] [0m[1;36mWindPlugin: received command -> speed=[0m[1;36m2.43747[0m[1;36m dir=[0m[1;36m-139.577[0m[1;36m
[gzserver-2] [0m[1;36m[Dbg] [wind_plugin.cpp:110] [0m[1;36mWindPlugin: received command -> speed=[0m[1;36m2.43747[0m[1;36m dir=[0m[1;36m-139.577[0m[1;36m
[gzserver-2] [0m[1;36m[Dbg] [wind_plugin.cpp:110] [0m[1;36mWindPlugin: received command -> speed=[0m[1;36m2.43747[0m[1;36m dir=[0m[1;36m-139.577[0m[1;36m
[gzserver-2] [0m[1;36m[Dbg] [wind_plugin.cpp:110] [0m[1;36mWindPlugin: received command -> speed=[0m[1;36m2.43747[0m[1;36m dir=[0m[1;36m-139.577[0m[1;36m
[gzserver-2] [0m[1;36m[Dbg] [wind_plugin.cpp:110] [0m[1;36mWindPlugin: received command -> speed=[0m[1;36m2.16951[0m[1;36m dir=[0m[1;36m-139.892[0m[1;36m
[gzserver-2] [0m[1;36m[Dbg] [wind_plugin.cpp:110] [0m[1;36mWindPlugin: received command -> speed=[0m[1;36m2.16951[0m[1;36m dir=[0m[1;36m-139.892[0m[1;36m
[gzserver-2] [0m[1;36m[Dbg] [wind_plugin.cpp:110] [0m[1;36mWindPlugin: received command -> speed=[0m[1;36m2.16951[0m[1;36m dir=[0m[1;36m-139.892[0m[1;36m
[gzserver-2] [0m[1;36m[Dbg] [wind_plugin.cpp:110] [0m[1;36mWindPlugin: received command -> speed=[0m[1;36m2.16951[0m[1;36m dir=[0m[1;36m-139.892[0m[1;36m
[gzserver-2] [0m[1;36m[Dbg] [wind_plugin.cpp:110] [0m[1;36mWindPlugin: received command -> speed=[0m[1;36m2.16951[0m[1;36m dir=[0m[1;36m-139.892[0m[1;36m
[gzserver-2] [0m[1;36m[Dbg] [wind_plugin.cpp:110] [0m[1;36mWindPlugin: received command -> speed=[0m[1;36m2.34053[0m[1;36m dir=[0m[1;36m-140.569[0m[1;36m
[gzserver-2] [0m[1;36m[Dbg] [wind_plugin.cpp:110] [0m[1;36mWindPlugin: received command -> speed=[0m[1;36m2.34053[0m[1;36m dir=[0m[1;36m-140.569[0m[1;36m
[gzserver-2] [INFO] [1773148512.397932171] [gazebo_wind_plugin_node]: WindPlugin: set wind_speed=2.34 wind_direction=-140.6
[gzserver-2] [INFO] [1773148512.637321825] [gazebo_wind_plugin_node]: WindPlugin: set wind_speed=2.32 wind_direction=-136.2
[gzserver-2] [INFO] [1773148512.870982383] [gazebo_wind_plugin_node]: WindPlugin: set wind_speed=2.32 wind_direction=-136.2
[gzserver-2] [INFO] [1773148513.105341445] [gazebo_wind_plugin_node]: WindPlugin: set wind_speed=2.32 wind_direction=-136.2
[gzserver-2] [INFO] [1773148513.339290850] [gazebo_wind_plugin_node]: WindPlugin: set wind_speed=2.32 wind_direction=-136.2
[gzserver-2] [INFO] [1773148513.578112896] [gazebo_wind_plugin_node]: WindPlugin: set wind_speed=2.24 wind_direction=-135.0
[gzserver-2] [INFO] [1773148513.812232616] [gazebo_wind_plugin_node]: WindPlugin: set wind_speed=2.24 wind_direction=-135.0
[gzserver-2] [INFO] [1773148514.046668563] [gazebo_wind_plugin_node]: WindPlugin: set wind_speed=2.24 wind_direction=-135.0
[gzserver-2] [INFO] [1773148514.280511786] [gazebo_wind_plugin_node]: WindPlugin: set wind_speed=2.24 wind_direction=-135.0
[gzserver-2] [INFO] [1773148514.519062542] [gazebo_wind_plugin_node]: WindPlugin: set wind_speed=2.29 wind_direction=-135.8
[gzserver-2] [INFO] [1773148514.753742324] [gazebo_wind_plugin_node]: WindPlugin: set wind_speed=2.29 wind_direction=-135.8
[gzserver-2] [INFO] [1773148514.982964611] [gazebo_wind_plugin_node]: WindPlugin: set wind_speed=2.29 wind_direction=-135.8
[gzserver-2] [INFO] [1773148515.223190718] [gazebo_wind_plugin_node]: WindPlugin: set wind_speed=2.29 wind_direction=-135.8
[gzserver-2] [INFO] [1773148515.462777379] [gazebo_wind_plugin_node]: WindPlugin: set wind_speed=2.29 wind_direction=-135.8
[gzserver-2] [INFO] [1773148515.702508344] [gazebo_wind_plugin_node]: WindPlugin: set wind_speed=2.68 wind_direction=-137.0
[gzserver-2] [INFO] [1773148515.941934122] [gazebo_wind_plugin_node]: WindPlugin: set wind_speed=2.68 wind_direction=-137.0
[gzserver-2] [INFO] [1773148516.181363706] [gazebo_wind_plugin_node]: WindPlugin: set wind_speed=2.68 wind_direction=-137.0
[gzserver-2] [INFO] [1773148516.422496235] [gazebo_wind_plugin_node]: WindPlugin: set wind_speed=2.68 wind_direction=-137.0
[gzserver-2] [INFO] [1773148516.652008171] [gazebo_wind_plugin_node]: WindPlugin: set wind_speed=2.29 wind_direction=-135.2
[gzserver-2] [INFO] [1773148516.890997693] [gazebo_wind_plugin_node]: WindPlugin: set wind_speed=2.29 wind_direction=-135.2
[gzserver-2] [INFO] [1773148517.130685844] [gazebo_wind_plugin_node]: WindPlugin: set wind_speed=2.29 wind_direction=-135.2
[gzserver-2] [INFO] [1773148517.370122072] [gazebo_wind_plugin_node]: WindPlugin: set wind_speed=2.29 wind_direction=-135.2
[gzserver-2] [INFO] [1773148517.610584962] [gazebo_wind_plugin_node]: WindPlugin: set wind_speed=2.51 wind_direction=-132.0
[gzserver-2] [INFO] [1773148517.845317312] [gazebo_wind_plugin_node]: WindPlugin: set wind_speed=2.51 wind_direction=-132.0
[gzserver-2] [INFO] [1773148518.084684033] [gazebo_wind_plugin_node]: WindPlugin: set wind_speed=2.51 wind_direction=-132.0
[gzserver-2] [INFO] [1773148518.323744176] [gazebo_wind_plugin_node]: WindPlugin: set wind_speed=2.51 wind_direction=-132.0
[gzserver-2] [INFO] [1773148518.565498094] [gazebo_wind_plugin_node]: WindPlugin: set wind_speed=2.47 wind_direction=-129.7
[gzserver-2] [0m[1;36m[Dbg] [wind_plugin.cpp:110] [0m[1;36mWindPlugin: received command -> speed=[0m[1;36m2.34053[0m[1;36m dir=[0m[1;36m-140.569[0m[1;36m
[gzserver-2] [0m[1;36m[Dbg] [wind_plugin.cpp:110] [0m[1;36mWindPlugin: received command -> speed=[0m[1;36m2.34053[0m[1;36m dir=[0m[1;36m-140.569[0m[1;36m
[gzserver-2] [0m[1;36m[Dbg] [wind_plugin.cpp:110] [0m[1;36mWindPlugin: received command -> speed=[0m[1;36m2.31506[0m[1;36m dir=[0m[1;36m-136.159[0m[1;36m
[gzserver-2] [0m[1;36m[Dbg] [wind_plugin.cpp:110] [0m[1;36mWindPlugin: received command -> speed=[0m[1;36m2.31506[0m[1;36m dir=[0m[1;36m-136.159[0m[1;36m
[gzserver-2] [0m[1;36m[Dbg] [wind_plugin.cpp:110] [0m[1;36mWindPlugin: received command -> speed=[0m[1;36m2.31506[0m[1;36m dir=[0m[1;36m-136.159[0m[1;36m
[gzserver-2] [0m[1;36m[Dbg] [wind_plugin.cpp:110] [0m[1;36mWindPlugin: received command -> speed=[0m[1;36m2.31506[0m[1;36m dir=[0m[1;36m-136.159[0m[1;36m
[gzserver-2] [0m[1;36m[Dbg] [wind_plugin.cpp:110] [0m[1;36mWindPlugin: received command -> speed=[0m[1;36m2.23887[0m[1;36m dir=[0m[1;36m-135.04[0m[1;36m
[gzserver-2] [0m[1;36m[Dbg] [wind_plugin.cpp:110] [0m[1;36mWindPlugin: received command -> speed=[0m[1;36m2.23887[0m[1;36m dir=[0m[1;36m-135.04[0m[1;36m
[gzserver-2] [0m[1;36m[Dbg] [wind_plugin.cpp:110] [0m[1;36mWindPlugin: received command -> speed=[0m[1;36m2.23887[0m[1;36m dir=[0m[1;36m-135.04[0m[1;36m
[gzserver-2] [0m[1;36m[Dbg] [wind_plugin.cpp:110] [0m[1;36mWindPlugin: received command -> speed=[0m[1;36m2.23887[0m[1;36m dir=[0m[1;36m-135.04[0m[1;36m
[gzserver-2] [0m[1;36m[Dbg] [wind_plugin.cpp:110] [0m[1;36mWindPlugin: received command -> speed=[0m[1;36m2.29073[0m[1;36m dir=[0m[1;36m-135.778[0m[1;36m
[gzserver-2] [0m[1;36m[Dbg] [wind_plugin.cpp:110] [0m[1;36mWindPlugin: received command -> speed=[0m[1;36m2.29073[0m[1;36m dir=[0m[1;36m-135.778[0m[1;36m
[gzserver-2] [0m[1;36m[Dbg] [wind_plugin.cpp:110] [0m[1;36mWindPlugin: received command -> speed=[0m[1;36m2.29073[0m[1;36m dir=[0m[1;36m-135.778[0m[1;36m
[gzserver-2] [0m[1;36m[Dbg] [wind_plugin.cpp:110] [0m[1;36mWindPlugin: received command -> speed=[0m[1;36m2.29073[0m[1;36m dir=[0m[1;36m-135.778[0m[1;36m
[gzserver-2] [0m[1;36m[Dbg] [wind_plugin.cpp:110] [0m[1;36mWindPlugin: received command -> speed=[0m[1;36m2.29073[0m[1;36m dir=[0m[1;36m-135.778[0m[1;36m
[gzserver-2] [0m[1;36m[Dbg] [wind_plugin.cpp:110] [0m[1;36mWindPlugin: received command -> speed=[0m[1;36m2.68053[0m[1;36m dir=[0m[1;36m-136.991[0m[1;36m
[gzserver-2] [0m[1;36m[Dbg] [wind_plugin.cpp:110] [0m[1;36mWindPlugin: received command -> speed=[0m[1;36m2.68053[0m[1;36m dir=[0m[1;36m-136.991[0m[1;36m
[gzserver-2] [0m[1;36m[Dbg] [wind_plugin.cpp:110] [0m[1;36mWindPlugin: received command -> speed=[0m[1;36m2.68053[0m[1;36m dir=[0m[1;36m-136.991[0m[1;36m
[gzserver-2] [0m[1;36m[Dbg] [wind_plugin.cpp:110] [0m[1;36mWindPlugin: received command -> speed=[0m[1;36m2.68053[0m[1;36m dir=[0m[1;36m-136.991[0m[1;36m
[gzserver-2] [0m[1;36m[Dbg] [wind_plugin.cpp:110] [0m[1;36mWindPlugin: received command -> speed=[0m[1;36m2.28924[0m[1;36m dir=[0m[1;36m-135.192[0m[1;36m
[gzserver-2] [0m[1;36m[Dbg] [wind_plugin.cpp:110] [0m[1;36mWindPlugin: received command -> speed=[0m[1;36m2.28924[0m[1;36m dir=[0m[1;36m-135.192[0m[1;36m
[gzserver-2] [0m[1;36m[Dbg] [wind_plugin.cpp:110] [0m[1;36mWindPlugin: received command -> speed=[0m[1;36m2.28924[0m[1;36m dir=[0m[1;36m-135.192[0m[1;36m
[gzserver-2] [0m[1;36m[Dbg] [wind_plugin.cpp:110] [0m[1;36mWindPlugin: received command -> speed=[0m[1;36m2.28924[0m[1;36m dir=[0m[1;36m-135.192[0m[1;36m
[gzserver-2] [0m[1;36m[Dbg] [wind_plugin.cpp:110] [0m[1;36mWindPlugin: received command -> speed=[0m[1;36m2.512[0m[1;36m dir=[0m[1;36m-131.984[0m[1;36m
[gzserver-2] [0m[1;36m[Dbg] [wind_plugin.cpp:110] [0m[1;36mWindPlugin: received command -> speed=[0m[1;36m2.512[0m[1;36m dir=[0m[1;36m-131.984[0m[1;36m
[gzserver-2] [0m[1;36m[Dbg] [wind_plugin.cpp:110] [0m[1;36mWindPlugin: received command -> speed=[0m[1;36m2.512[0m[1;36m dir=[0m[1;36m-131.984[0m[1;36m
[gzserver-2] [0m[1;36m[Dbg] [wind_plugin.cpp:110] [0m[1;36mWindPlugin: received command -> speed=[0m[1;36m2.512[0m[1;36m dir=[0m[1;36m-131.984[0m[1;36m
[gzserver-2] [INFO] [1773148518.799249501] [gazebo_wind_plugin_node]: WindPlugin: set wind_speed=2.47 wind_direction=-129.7
[gzserver-2] [INFO] [1773148519.040939640] [gazebo_wind_plugin_node]: WindPlugin: set wind_speed=2.47 wind_direction=-129.7
[gzserver-2] [INFO] [1773148519.280574027] [gazebo_wind_plugin_node]: WindPlugin: set wind_speed=2.47 wind_direction=-129.7
[gzserver-2] [INFO] [1773148519.516874772] [gazebo_wind_plugin_node]: WindPlugin: set wind_speed=2.62 wind_direction=-132.6
[gzserver-2] [INFO] [1773148519.756959669] [gazebo_wind_plugin_node]: WindPlugin: set wind_speed=2.62 wind_direction=-132.6
[gzserver-2] [INFO] [1773148519.990649861] [gazebo_wind_plugin_node]: WindPlugin: set wind_speed=2.62 wind_direction=-132.6
[gzserver-2] [INFO] [1773148520.229875955] [gazebo_wind_plugin_node]: WindPlugin: set wind_speed=2.62 wind_direction=-132.6
[gzserver-2] [INFO] [1773148520.469375391] [gazebo_wind_plugin_node]: WindPlugin: set wind_speed=2.62 wind_direction=-132.6
[gzserver-2] [INFO] [1773148520.708208075] [gazebo_wind_plugin_node]: WindPlugin: set wind_speed=2.73 wind_direction=-130.6
[gzserver-2] [INFO] [1773148520.944629632] [gazebo_wind_plugin_node]: WindPlugin: set wind_speed=2.73 wind_direction=-130.6
[gzserver-2] [INFO] [1773148521.184082607] [gazebo_wind_plugin_node]: WindPlugin: set wind_speed=2.73 wind_direction=-130.6
[gzserver-2] [INFO] [1773148521.423365387] [gazebo_wind_plugin_node]: WindPlugin: set wind_speed=2.73 wind_direction=-130.6
[gzserver-2] [INFO] [1773148521.662849033] [gazebo_wind_plugin_node]: WindPlugin: set wind_speed=2.61 wind_direction=-126.2
[gzserver-2] [INFO] [1773148521.902654033] [gazebo_wind_plugin_node]: WindPlugin: set wind_speed=2.61 wind_direction=-126.2
[gzserver-2] [INFO] [1773148522.142109751] [gazebo_wind_plugin_node]: WindPlugin: set wind_speed=2.61 wind_direction=-126.2
[gzserver-2] [INFO] [1773148522.382291225] [gazebo_wind_plugin_node]: WindPlugin: set wind_speed=2.61 wind_direction=-126.2
[gzserver-2] [INFO] [1773148522.620972322] [gazebo_wind_plugin_node]: WindPlugin: set wind_speed=2.58 wind_direction=-124.9
[gzserver-2] [INFO] [1773148522.860600174] [gazebo_wind_plugin_node]: WindPlugin: set wind_speed=2.58 wind_direction=-124.9
[gzserver-2] [INFO] [1773148523.094830174] [gazebo_wind_plugin_node]: WindPlugin: set wind_speed=2.58 wind_direction=-124.9
[gzserver-2] [INFO] [1773148523.328051782] [gazebo_wind_plugin_node]: WindPlugin: set wind_speed=2.58 wind_direction=-124.9
[gzserver-2] [INFO] [1773148523.366430259] [drone.simple_drone]: Quadrotor lands!!
[gzserver-2] [INFO] [1773148523.567909047] [gazebo_wind_plugin_node]: WindPlugin: set wind_speed=2.68 wind_direction=-126.1
[gzserver-2] [INFO] [1773148523.802234198] [gazebo_wind_plugin_node]: WindPlugin: set wind_speed=2.68 wind_direction=-126.1
[gzserver-2] [INFO] [1773148524.043220861] [gazebo_wind_plugin_node]: WindPlugin: set wind_speed=2.68 wind_direction=-126.1
[gzserver-2] [INFO] [1773148524.282702846] [gazebo_wind_plugin_node]: WindPlugin: set wind_speed=2.68 wind_direction=-126.1
[gzserver-2] [0m[1;36m[Dbg] [wind_plugin.cpp:110] [0m[1;36mWindPlugin: received command -> speed=[0m[1;36m2.4674[0m[1;36m dir=[0m[1;36m-129.738[0m[1;36m
[gzserver-2] [0m[1;36m[Dbg] [wind_plugin.cpp:110] [0m[1;36mWindPlugin: received command -> speed=[0m[1;36m2.4674[0m[1;36m dir=[0m[1;36m-129.738[0m[1;36m
[gzserver-2] [0m[1;36m[Dbg] [wind_plugin.cpp:110] [0m[1;36mWindPlugin: received command -> speed=[0m[1;36m2.4674[0m[1;36m dir=[0m[1;36m-129.738[0m[1;36m
[gzserver-2] [0m[1;36m[Dbg] [wind_plugin.cpp:110] [0m[1;36mWindPlugin: received command -> speed=[0m[1;36m2.4674[0m[1;36m dir=[0m[1;36m-129.738[0m[1;36m
[gzserver-2] [0m[1;36m[Dbg] [wind_plugin.cpp:110] [0m[1;36mWindPlugin: received command -> speed=[0m[1;36m2.61707[0m[1;36m dir=[0m[1;36m-132.626[0m[1;36m
[gzserver-2] [0m[1;36m[Dbg] [wind_plugin.cpp:110] [0m[1;36mWindPlugin: received command -> speed=[0m[1;36m2.61707[0m[1;36m dir=[0m[1;36m-132.626[0m[1;36m
[gzserver-2] [0m[1;36m[Dbg] [wind_plugin.cpp:110] [0m[1;36mWindPlugin: received command -> speed=[0m[1;36m2.61707[0m[1;36m dir=[0m[1;36m-132.626[0m[1;36m
[gzserver-2] [0m[1;36m[Dbg] [wind_plugin.cpp:110] [0m[1;36mWindPlugin: received command -> speed=[0m[1;36m2.61707[0m[1;36m dir=[0m[1;36m-132.626[0m[1;36m
[gzserver-2] [0m[1;36m[Dbg] [wind_plugin.cpp:110] [0m[1;36mWindPlugin: received command -> speed=[0m[1;36m2.61707[0m[1;36m dir=[0m[1;36m-132.626[0m[1;36m
[gzserver-2] [0m[1;36m[Dbg] [wind_plugin.cpp:110] [0m[1;36mWindPlugin: received command -> speed=[0m[1;36m2.7252[0m[1;36m dir=[0m[1;36m-130.629[0m[1;36m
[gzserver-2] [0m[1;36m[Dbg] [wind_plugin.cpp:110] [0m[1;36mWindPlugin: received command -> speed=[0m[1;36m2.7252[0m[1;36m dir=[0m[1;36m-130.629[0m[1;36m
[gzserver-2] [0m[1;36m[Dbg] [wind_plugin.cpp:110] [0m[1;36mWindPlugin: received command -> speed=[0m[1;36m2.7252[0m[1;36m dir=[0m[1;36m-130.629[0m[1;36m
[gzserver-2] [0m[1;36m[Dbg] [wind_plugin.cpp:110] [0m[1;36mWindPlugin: received command -> speed=[0m[1;36m2.7252[0m[1;36m dir=[0m[1;36m-130.629[0m[1;36m
[gzserver-2] [0m[1;36m[Dbg] [wind_plugin.cpp:110] [0m[1;36mWindPlugin: received command -> speed=[0m[1;36m2.60648[0m[1;36m dir=[0m[1;36m-126.2[0m[1;36m
[gzserver-2] [0m[1;36m[Dbg] [wind_plugin.cpp:110] [0m[1;36mWindPlugin: received command -> speed=[0m[1;36m2.60648[0m[1;36m dir=[0m[1;36m-126.2[0m[1;36m
[gzserver-2] [0m[1;36m[Dbg] [wind_plugin.cpp:110] [0m[1;36mWindPlugin: received command -> speed=[0m[1;36m2.60648[0m[1;36m dir=[0m[1;36m-126.2[0m[1;36m
[gzserver-2] [0m[1;36m[Dbg] [wind_plugin.cpp:110] [0m[1;36mWindPlugin: received command -> speed=[0m[1;36m2.60648[0m[1;36m dir=[0m[1;36m-126.2[0m[1;36m
[gzserver-2] [0m[1;36m[Dbg] [wind_plugin.cpp:110] [0m[1;36mWindPlugin: received command -> speed=[0m[1;36m2.58182[0m[1;36m dir=[0m[1;36m-124.876[0m[1;36m
[gzserver-2] [0m[1;36m[Dbg] [wind_plugin.cpp:110] [0m[1;36mWindPlugin: received command -> speed=[0m[1;36m2.58182[0m[1;36m dir=[0m[1;36m-124.876[0m[1;36m
[gzserver-2] [0m[1;36m[Dbg] [wind_plugin.cpp:110] [0m[1;36mWindPlugin: received command -> speed=[0m[1;36m2.58182[0m[1;36m dir=[0m[1;36m-124.876[0m[1;36m
[gzserver-2] [0m[1;36m[Dbg] [wind_plugin.cpp:110] [0m[1;36mWindPlugin: received command -> speed=[0m[1;36m2.58182[0m[1;36m dir=[0m[1;36m-124.876[0m[1;36m
[gzserver-2] [0m[1;36m[Dbg] [wind_plugin.cpp:110] [0m[1;36mWindPlugin: received command -> speed=[0m[1;36m2.68078[0m[1;36m dir=[0m[1;36m-126.065[0m[1;36m
[gzserver-2] [0m[1;36m[Dbg] [wind_plugin.cpp:110] [0m[1;36mWindPlugin: received command -> speed=[0m[1;36m2.68078[0m[1;36m dir=[0m[1;36m-126.065[0m[1;36m
[gzserver-2] [0m[1;36m[Dbg] [wind_plugin.cpp:110] [0m[1;36mWindPlugin: received command -> speed=[0m[1;36m2.68078[0m[1;36m dir=[0m[1;36m-126.065[0m[1;36m
[gzserver-2] [0m[1;36m[Dbg] [wind_plugin.cpp:110] [0m[1;36mWindPlugin: received command -> speed=[0m[1;36m2.68078[0m[1;36m dir=[0m[1;36m-126.065[0m[1;36m
[gzserver-2] [0mLanded!
[gzserver-2] [INFO] [1773148524.522304026] [gazebo_wind_plugin_node]: WindPlugin: set wind_speed=2.85 wind_direction=-123.4
[gzserver-2] [INFO] [1773148524.761433771] [gazebo_wind_plugin_node]: WindPlugin: set wind_speed=2.85 wind_direction=-123.4
[gzserver-2] [INFO] [1773148524.999990406] [gazebo_wind_plugin_node]: WindPlugin: set wind_speed=2.85 wind_direction=-123.4
[gzserver-2] [INFO] [1773148525.235053543] [gazebo_wind_plugin_node]: WindPlugin: set wind_speed=2.85 wind_direction=-123.4
[gzserver-2] [INFO] [1773148525.469770274] [gazebo_wind_plugin_node]: WindPlugin: set wind_speed=2.85 wind_direction=-123.4
[gzserver-2] [INFO] [1773148525.704093357] [gazebo_wind_plugin_node]: WindPlugin: set wind_speed=2.67 wind_direction=-123.3
[gzserver-2] [INFO] [1773148525.938803210] [gazebo_wind_plugin_node]: WindPlugin: set wind_speed=2.67 wind_direction=-123.3
[gzserver-2] [INFO] [1773148526.178378277] [gazebo_wind_plugin_node]: WindPlugin: set wind_speed=2.67 wind_direction=-123.3
