[INFO] [launch]: All log files can be found below /home/j/.ros/log/2026-03-10-18-04-17-644686-j-3897783
[INFO] [launch]: Default logging verbosity is set to INFO
[INFO] [launch.user]: [bringup] Apriltag config: camera=/drone/bottom, image=/drone/bottom/image_raw, tags=/drone/bottom/tags, bridge=/landing_tag_state, standalone=true, use_target_id=true, target_id=0
[INFO] [rviz2-1]: process started with pid [3897787]
[INFO] [gzserver-2]: process started with pid [3897789]
[INFO] [robot_state_publisher-3]: process started with pid [3897791]
[INFO] [joint_state_publisher-4]: process started with pid [3897793]
[INFO] [spawn_drone-5]: process started with pid [3897795]
[INFO] [static_transform_publisher-6]: process started with pid [3897797]
[INFO] [joy_node-7]: process started with pid [3897799]
[INFO] [teleop_joystick-8]: process started with pid [3897801]
[INFO] [apriltag_detector_node-9]: process started with pid [3897803]
[INFO] [apriltag_state_bridge-10]: process started with pid [3897806]
[static_transform_publisher-6] [WARN] [1773133458.135307411] []: Old-style arguments are deprecated; see --help for new-style arguments
[static_transform_publisher-6] [INFO] [1773133458.141462592] [static_transform_publisher_KwOj8FLLb63pjj9k]: Spinning until stopped - publishing transform
[static_transform_publisher-6] translation: ('0.000000', '0.000000', '0.000000')
[static_transform_publisher-6] rotation: ('0.000000', '0.000000', '0.000000', '1.000000')
[static_transform_publisher-6] from 'world' to '/drone/odom'
[robot_state_publisher-3] [INFO] [1773133458.159698887] [drone.robot_state_publisher]: got segment base_footprint
[robot_state_publisher-3] [INFO] [1773133458.159768651] [drone.robot_state_publisher]: got segment base_link
[robot_state_publisher-3] [INFO] [1773133458.159774771] [drone.robot_state_publisher]: got segment bottom_cam_link
[robot_state_publisher-3] [INFO] [1773133458.159778099] [drone.robot_state_publisher]: got segment front_cam_link
[robot_state_publisher-3] [INFO] [1773133458.159780925] [drone.robot_state_publisher]: got segment sonar_link
[rviz2-1] 
[rviz2-1] (rviz2:3897787): dbind-WARNING **: 18:04:18.191: Couldn't connect to accessibility bus: Failed to connect to socket /root/.cache/at-spi/bus_0: 허가 거부
[apriltag_detector_node-9] [INFO] [1773133458.191881314] [apriltag_detector_node]: tag detector type: umich
[teleop_joystick-8] Traceback (most recent call last):
[teleop_joystick-8]   File "/home/j/INCSL/IICC26_ws/install/sjtu_drone_control/lib/sjtu_drone_control/teleop_joystick", line 33, in <module>
[teleop_joystick-8]     sys.exit(load_entry_point('sjtu_drone_control==0.0.0', 'console_scripts', 'teleop_joystick')())
[teleop_joystick-8]   File "/home/j/INCSL/IICC26_ws/install/sjtu_drone_control/lib/sjtu_drone_control/teleop_joystick", line 22, in importlib_load_entry_point
[teleop_joystick-8]     for entry_point in distribution(dist_name).entry_points
[teleop_joystick-8]   File "/usr/lib/python3.10/importlib/metadata/__init__.py", line 969, in distribution
[teleop_joystick-8]     return Distribution.from_name(distribution_name)
[teleop_joystick-8]   File "/usr/lib/python3.10/importlib/metadata/__init__.py", line 548, in from_name
[teleop_joystick-8]     raise PackageNotFoundError(name)
[teleop_joystick-8] importlib.metadata.PackageNotFoundError: No package metadata was found for sjtu_drone_control
[ERROR] [teleop_joystick-8]: process has died [pid 3897801, exit code 1, cmd '/home/j/INCSL/IICC26_ws/install/sjtu_drone_control/lib/sjtu_drone_control/teleop_joystick --ros-args -r __ns:=/drone'].
[gzserver-2] Gazebo multi-robot simulator, version 11.10.2
[gzserver-2] Copyright (C) 2012 Open Source Robotics Foundation.
[gzserver-2] Released under the Apache 2 License.
[gzserver-2] http://gazebosim.org
[gzserver-2] 
[apriltag_state_bridge-10] [INFO] [1773133458.385672168] [apriltag_state_bridge]: AprilTag bridge started: /drone/bottom/tags -> /landing_tag_state, use_target_id=True, target_id=0
[joint_state_publisher-4] [INFO] [1773133458.393071391] [drone.joint_state_publisher]: Waiting for robot_description to be published on the robot_description topic...
[gzserver-2] [1;33m[Wrn] [gazebo_ros_init.cpp:178] [0m[1;33m
[gzserver-2] #     # ####### ####### ###  #####  #######
[gzserver-2] ##    # #     #    #     #  #     # #
[gzserver-2] # #   # #     #    #     #  #       #
[gzserver-2] #  #  # #     #    #     #  #       #####
[gzserver-2] #   # # #     #    #     #  #       #
[gzserver-2] #    ## #     #    #     #  #     # #
[gzserver-2] #     # #######    #    ###  #####  #######
[gzserver-2] 
[gzserver-2] This version of Gazebo, now called Gazebo classic, reaches end-of-life
[gzserver-2] in January 2025. Users are highly encouraged to migrate to the new Gazebo
[gzserver-2] using our migration guides (https://gazebosim.org/docs/latest/gazebo_classic_migration?utm_source=gazebo_ros_pkgs&utm_medium=cli)
[gzserver-2] 
[gzserver-2] [0m[1;33m
[rviz2-1] [INFO] [1773133459.195181511] [rviz2]: Stereo is NOT SUPPORTED
[rviz2-1] [INFO] [1773133459.195271587] [rviz2]: OpenGl version: 4.6 (GLSL 4.6)
[rviz2-1] [INFO] [1773133459.240558553] [rviz2]: Stereo is NOT SUPPORTED
[rviz2-1] [INFO] [1773133459.365330757] [rviz2]: Stereo is NOT SUPPORTED
[spawn_drone-5] [INFO] [1773133459.437012323] [spawn_drone]: service not available, waiting again...
[spawn_drone-5] [INFO] [1773133459.783495261] [spawn_drone]: Result False Entity pushed to spawn queue, but spawn service timed outwaiting for entity to appear in simulation under the name [/drone]
[gzserver-2] [1;32m[Msg] [0m[1;32mWaiting for master.[0m[1;32m
[gzserver-2] [0m[1;32m[0m[1;32m[0m[1;32m[Msg] [0m[1;32mConnected to gazebo master @ [0m[1;32mhttp://127.0.0.1:11345[0m[1;32m
[gzserver-2] [0m[1;32m[0m[1;32m[0m[1;32m[Msg] [0m[1;32mPublicized address: [0m[1;32m172.16.52.147[0m[1;32m
[gzserver-2] [0m[1;32m[0m[1;32m[0m[1;32m[Msg] [0m[1;32mLoading world file [[0m[1;32m/home/j/INCSL/IICC26_ws/install/sjtu_drone_description/share/sjtu_drone_description/worlds/landingPad.world[0m[1;32m][0m[1;32m
[gzserver-2] [0m[1;32m[0m[1;32m[0m[1;36m[Dbg] [wind_plugin.cpp:96] [0m[1;36mWindPlugin loaded: speed=[0m[1;36m0[0m[1;36m dir=[0m[1;36m0[0m[1;36m deg area=[0m[1;36m0.1[0m[1;36m coeff=[0m[1;36m1[0m[1;36m
[gzserver-2] [0m[1;33m[0m[1;33m[0m[1;31m[Err] [Sensor.cc:510] [0m[1;31mGet noise index not valid[0m[1;31m
[gzserver-2] [0m[1;31m[0m[1;31m[0m[1;31m[Err] [Sensor.cc:510] [0m[1;31mGet noise index not valid[0m[1;31m
[gzserver-2] [0m[1;31m[0m[1;31m[0m[1;31m[Err] [Sensor.cc:510] [0m[1;31mGet noise index not valid[0m[1;31m
[gzserver-2] [0m[1;31m[0m[1;31m[0m[1;31m[Err] [Sensor.cc:510] [0m[1;31mGet noise index not valid[0m[1;31m
[gzserver-2] [0m[1;31m[0m[1;31m[0m[1;31m[Err] [Sensor.cc:510] [0m[1;31mGet noise index not valid[0m[1;31m
[gzserver-2] [0m[1;31m[0m[1;31m[0m[1;31m[Err] [Sensor.cc:510] [0m[1;31mGet noise index not valid[0m[1;31m
[gzserver-2] [0m[1;31m[0m[1;31m[0mTopic [default//drone/base_footprint/down_camera/image] is not valid.
[gzserver-2] [INFO] [1773133459.826154491] [drone.collision_plugin]: Publishing contact states to [/drone/bumper_states]
[gzserver-2] Topic [default//drone/base_footprint/front_camera/image] is not valid.
[gzserver-2] [1;33m[Wrn] [Event.cc:61] [0m[1;33mWarning: Deleting a connection right after creation. [0m[1;33mMake sure to save the ConnectionPtr from a Connect call
[INFO] [spawn_drone-5]: process has finished cleanly [pid 3897795]
[gzserver-2] [0m[INFO] [1773133460.388291936] [drone.camera_bottom]: Publishing camera info to [/drone/bottom/camera_info]
[gzserver-2] [INFO] [1773133460.392823441] [drone.camera_front]: Publishing camera info to [/drone/front/camera_info]
[gzserver-2] [INFO] [1773133460.517126517] [drone.simple_drone]: The drone plugin is loading!
[gzserver-2] [INFO] [1773133460.517365778] [drone.simple_drone]: pub_odom: 1
[gzserver-2] [INFO] [1773133460.517402847] [drone.simple_drone]: Using following parameters: 
[gzserver-2] 		link_name: base_footprint,
[gzserver-2] 		max_force: 30,
[gzserver-2] 		motion_small_noise: 0,
[gzserver-2] 		motion_drift_noise: 0,
[gzserver-2] 		motion_drift_noise_time: 50,
[gzserver-2] 		takeoff_hover_height: 1.92,
[gzserver-2] 		takeoff_vertical_speed: 0.2
[gzserver-2] [INFO] [1773133460.529627095] [drone.simple_drone]: Using the PID parameters: 
[gzserver-2] 	Roll Pitch:
[gzserver-2] 		kP: 10, kI: 0,kD: 5, Limit: 0.5, Time Constant: 0
[gzserver-2] 	Yaw:
[gzserver-2] 		kP: 2, kI: 0,kD: 1, Limit: 1.5, Time Constant: 0
[gzserver-2] 	Velocity X:
[gzserver-2] 		kP: 5, kI: 0,kD: 2.3, Limit: 2, Time Constant: 0
[gzserver-2] 	Velocity Y:
[gzserver-2] 		kP: 5, kI: 0,kD: 2.3, Limit: 2, Time Constant: 0
[gzserver-2] 	Velocity Z:
[gzserver-2] 		kP: 5, kI: 0,kD: 1, Limit: -1, Time Constant: 0
[gzserver-2] 	Position XY:
[gzserver-2] 		kP: 1.1, kI: 0,kD: 0, Limit: 5, Time Constant: 0
[gzserver-2] 	Position Z:
[gzserver-2] 		kP: 1, kI: 0,kD: 0.2, Limit: -1, Time Constant: 0
[gzserver-2] [INFO] [1773133460.529770278] [drone.simple_drone]: The drone plugin finished loading!
[gzserver-2] [INFO] [1773133467.458345407] [gazebo_wind_plugin_node]: WindPlugin: set wind_speed=0.00 wind_direction=0.0
[gzserver-2] [INFO] [1773133467.726387242] [gazebo_wind_plugin_node]: WindPlugin: set wind_speed=0.00 wind_direction=0.0
[gzserver-2] [INFO] [1773133467.769335752] [drone.simple_drone]: Quadrotor takes off!!
[gzserver-2] [INFO] [1773133467.975719987] [gazebo_wind_plugin_node]: WindPlugin: set wind_speed=0.00 wind_direction=0.0
[gzserver-2] [INFO] [1773133468.215654758] [gazebo_wind_plugin_node]: WindPlugin: set wind_speed=0.00 wind_direction=0.0
[gzserver-2] [INFO] [1773133468.447630107] [gazebo_wind_plugin_node]: WindPlugin: set wind_speed=0.00 wind_direction=0.0
[gzserver-2] [INFO] [1773133468.687908578] [gazebo_wind_plugin_node]: WindPlugin: set wind_speed=0.00 wind_direction=0.0
[gzserver-2] [INFO] [1773133468.928102835] [gazebo_wind_plugin_node]: WindPlugin: set wind_speed=0.00 wind_direction=0.0
[gzserver-2] [INFO] [1773133469.162455301] [gazebo_wind_plugin_node]: WindPlugin: set wind_speed=0.00 wind_direction=0.0
[gzserver-2] [0m[1;36m[Dbg] [wind_plugin.cpp:110] [0m[1;36mWindPlugin: received command -> speed=[0m[1;36m0[0m[1;36m dir=[0m[1;36m0[0m[1;36m
[gzserver-2] [0m[1;36m[Dbg] [wind_plugin.cpp:110] [0m[1;36mWindPlugin: received command -> speed=[0m[1;36m0[0m[1;36m dir=[0m[1;36m0[0m[1;36m
[gzserver-2] [0m[1;36m[Dbg] [wind_plugin.cpp:110] [0m[1;36mWindPlugin: received command -> speed=[0m[1;36m0[0m[1;36m dir=[0m[1;36m0[0m[1;36m
[gzserver-2] [0m[1;36m[Dbg] [wind_plugin.cpp:110] [0m[1;36mWindPlugin: received command -> speed=[0m[1;36m0[0m[1;36m dir=[0m[1;36m0[0m[1;36m
[gzserver-2] [0m[1;36m[Dbg] [wind_plugin.cpp:110] [0m[1;36mWindPlugin: received command -> speed=[0m[1;36m0[0m[1;36m dir=[0m[1;36m0[0m[1;36m
[gzserver-2] [0m[1;36m[Dbg] [wind_plugin.cpp:110] [0m[1;36mWindPlugin: received command -> speed=[0m[1;36m0[0m[1;36m dir=[0m[1;36m0[0m[1;36m
[gzserver-2] [0m[1;36m[Dbg] [wind_plugin.cpp:110] [0m[1;36mWindPlugin: received command -> speed=[0m[1;36m0[0m[1;36m dir=[0m[1;36m0[0m[1;36m
[gzserver-2] [0m[1;36m[Dbg] [wind_plugin.cpp:110] [0m[1;36mWindPlugin: received command -> speed=[0m[1;36m0[0m[1;36m dir=[0m[1;36m0[0m[1;36m
[gzserver-2] [0mEntering flying model!
[gzserver-2] [INFO] [1773133469.401882982] [gazebo_wind_plugin_node]: WindPlugin: set wind_speed=0.00 wind_direction=0.0
[gzserver-2] [INFO] [1773133469.639779310] [gazebo_wind_plugin_node]: WindPlugin: set wind_speed=1.14 wind_direction=-72.4
[gzserver-2] [INFO] [1773133469.875318933] [gazebo_wind_plugin_node]: WindPlugin: set wind_speed=1.14 wind_direction=-72.4
[gzserver-2] [INFO] [1773133470.112200942] [gazebo_wind_plugin_node]: WindPlugin: set wind_speed=0.97 wind_direction=-74.7
[gzserver-2] [INFO] [1773133470.351795158] [gazebo_wind_plugin_node]: WindPlugin: set wind_speed=0.97 wind_direction=-74.7
[gzserver-2] [INFO] [1773133470.580780848] [gazebo_wind_plugin_node]: WindPlugin: set wind_speed=0.97 wind_direction=-74.7
[gzserver-2] [INFO] [1773133470.816080627] [gazebo_wind_plugin_node]: WindPlugin: set wind_speed=0.97 wind_direction=-74.7
[gzserver-2] [INFO] [1773133471.050448312] [gazebo_wind_plugin_node]: WindPlugin: set wind_speed=1.10 wind_direction=-73.7
[gzserver-2] [INFO] [1773133471.284929977] [gazebo_wind_plugin_node]: WindPlugin: set wind_speed=1.10 wind_direction=-73.7
[gzserver-2] [INFO] [1773133471.521505924] [gazebo_wind_plugin_node]: WindPlugin: set wind_speed=1.10 wind_direction=-73.7
[gzserver-2] [INFO] [1773133471.750877589] [gazebo_wind_plugin_node]: WindPlugin: set wind_speed=1.10 wind_direction=-73.7
[gzserver-2] [INFO] [1773133471.986093643] [gazebo_wind_plugin_node]: WindPlugin: set wind_speed=1.21 wind_direction=-76.8
[gzserver-2] [INFO] [1773133472.225512631] [gazebo_wind_plugin_node]: WindPlugin: set wind_speed=1.21 wind_direction=-76.8
[gzserver-2] [INFO] [1773133472.466127205] [gazebo_wind_plugin_node]: WindPlugin: set wind_speed=1.21 wind_direction=-76.8
[gzserver-2] [INFO] [1773133472.708738992] [gazebo_wind_plugin_node]: WindPlugin: set wind_speed=1.21 wind_direction=-76.8
[gzserver-2] [INFO] [1773133472.951096877] [gazebo_wind_plugin_node]: WindPlugin: set wind_speed=1.21 wind_direction=-76.8
[gzserver-2] [INFO] [1773133472.995758446] [drone.simple_drone]: Quadrotor lands!!
[gzserver-2] [INFO] [1773133473.199745953] [gazebo_wind_plugin_node]: WindPlugin: set wind_speed=1.16 wind_direction=-75.6
[gzserver-2] [INFO] [1773133473.443126997] [gazebo_wind_plugin_node]: WindPlugin: set wind_speed=1.16 wind_direction=-75.6
[gzserver-2] [INFO] [1773133473.683114080] [gazebo_wind_plugin_node]: WindPlugin: set wind_speed=1.16 wind_direction=-75.6
[gzserver-2] [INFO] [1773133473.912620279] [gazebo_wind_plugin_node]: WindPlugin: set wind_speed=1.16 wind_direction=-75.6
[gzserver-2] [1;36m[Dbg] [wind_plugin.cpp:110] [0m[1;36mWindPlugin: received command -> speed=[0m[1;36m0[0m[1;36m dir=[0m[1;36m0[0m[1;36m
[gzserver-2] [0m[1;36m[Dbg] [wind_plugin.cpp:110] [0m[1;36mWindPlugin: received command -> speed=[0m[1;36m1.14197[0m[1;36m dir=[0m[1;36m-72.4021[0m[1;36m
[gzserver-2] [0m[1;36m[Dbg] [wind_plugin.cpp:110] [0m[1;36mWindPlugin: received command -> speed=[0m[1;36m1.14197[0m[1;36m dir=[0m[1;36m-72.4021[0m[1;36m
[gzserver-2] [0m[1;36m[Dbg] [wind_plugin.cpp:110] [0m[1;36mWindPlugin: received command -> speed=[0m[1;36m0.974674[0m[1;36m dir=[0m[1;36m-74.736[0m[1;36m
[gzserver-2] [0m[1;36m[Dbg] [wind_plugin.cpp:110] [0m[1;36mWindPlugin: received command -> speed=[0m[1;36m0.974674[0m[1;36m dir=[0m[1;36m-74.736[0m[1;36m
[gzserver-2] [0m[1;36m[Dbg] [wind_plugin.cpp:110] [0m[1;36mWindPlugin: received command -> speed=[0m[1;36m0.974674[0m[1;36m dir=[0m[1;36m-74.736[0m[1;36m
[gzserver-2] [0m[1;36m[Dbg] [wind_plugin.cpp:110] [0m[1;36mWindPlugin: received command -> speed=[0m[1;36m0.974674[0m[1;36m dir=[0m[1;36m-74.736[0m[1;36m
[gzserver-2] [0m[1;36m[Dbg] [wind_plugin.cpp:110] [0m[1;36mWindPlugin: received command -> speed=[0m[1;36m1.09667[0m[1;36m dir=[0m[1;36m-73.6617[0m[1;36m
[gzserver-2] [0m[1;36m[Dbg] [wind_plugin.cpp:110] [0m[1;36mWindPlugin: received command -> speed=[0m[1;36m1.09667[0m[1;36m dir=[0m[1;36m-73.6617[0m[1;36m
[gzserver-2] [0m[1;36m[Dbg] [wind_plugin.cpp:110] [0m[1;36mWindPlugin: received command -> speed=[0m[1;36m1.09667[0m[1;36m dir=[0m[1;36m-73.6617[0m[1;36m
[gzserver-2] [0m[1;36m[Dbg] [wind_plugin.cpp:110] [0m[1;36mWindPlugin: received command -> speed=[0m[1;36m1.09667[0m[1;36m dir=[0m[1;36m-73.6617[0m[1;36m
[gzserver-2] [0m[1;36m[Dbg] [wind_plugin.cpp:110] [0m[1;36mWindPlugin: received command -> speed=[0m[1;36m1.20617[0m[1;36m dir=[0m[1;36m-76.8152[0m[1;36m
[gzserver-2] [0m[1;36m[Dbg] [wind_plugin.cpp:110] [0m[1;36mWindPlugin: received command -> speed=[0m[1;36m1.20617[0m[1;36m dir=[0m[1;36m-76.8152[0m[1;36m
[gzserver-2] [0m[1;36m[Dbg] [wind_plugin.cpp:110] [0m[1;36mWindPlugin: received command -> speed=[0m[1;36m1.20617[0m[1;36m dir=[0m[1;36m-76.8152[0m[1;36m
[gzserver-2] [0m[1;36m[Dbg] [wind_plugin.cpp:110] [0m[1;36mWindPlugin: received command -> speed=[0m[1;36m1.20617[0m[1;36m dir=[0m[1;36m-76.8152[0m[1;36m
[gzserver-2] [0m[1;36m[Dbg] [wind_plugin.cpp:110] [0m[1;36mWindPlugin: received command -> speed=[0m[1;36m1.20617[0m[1;36m dir=[0m[1;36m-76.8152[0m[1;36m
[gzserver-2] [0m[1;36m[Dbg] [wind_plugin.cpp:110] [0m[1;36mWindPlugin: received command -> speed=[0m[1;36m1.16336[0m[1;36m dir=[0m[1;36m-75.6412[0m[1;36m
[gzserver-2] [0m[1;36m[Dbg] [wind_plugin.cpp:110] [0m[1;36mWindPlugin: received command -> speed=[0m[1;36m1.16336[0m[1;36m dir=[0m[1;36m-75.6412[0m[1;36m
[gzserver-2] [0m[1;36m[Dbg] [wind_plugin.cpp:110] [0m[1;36mWindPlugin: received command -> speed=[0m[1;36m1.16336[0m[1;36m dir=[0m[1;36m-75.6412[0m[1;36m
[gzserver-2] [0m[1;36m[Dbg] [wind_plugin.cpp:110] [0m[1;36mWindPlugin: received command -> speed=[0m[1;36m1.16336[0m[1;36m dir=[0m[1;36m-75.6412[0m[1;36m
[gzserver-2] [0mLanded!
[gzserver-2] [INFO] [1773133474.152041730] [gazebo_wind_plugin_node]: WindPlugin: set wind_speed=1.06 wind_direction=-74.8
[gzserver-2] [INFO] [1773133474.386412175] [gazebo_wind_plugin_node]: WindPlugin: set wind_speed=1.06 wind_direction=-74.8
[gzserver-2] [INFO] [1773133474.629034056] [gazebo_wind_plugin_node]: WindPlugin: set wind_speed=1.06 wind_direction=-74.8
[gzserver-2] [INFO] [1773133474.869001742] [gazebo_wind_plugin_node]: WindPlugin: set wind_speed=1.06 wind_direction=-74.8
[gzserver-2] [INFO] [1773133475.109067815] [gazebo_wind_plugin_node]: WindPlugin: set wind_speed=1.11 wind_direction=-73.7
[gzserver-2] [INFO] [1773133475.348384266] [gazebo_wind_plugin_node]: WindPlugin: set wind_speed=1.11 wind_direction=-73.7
[gzserver-2] [INFO] [1773133475.577637280] [gazebo_wind_plugin_node]: WindPlugin: set wind_speed=1.11 wind_direction=-73.7
[gzserver-2] [INFO] [1773133475.812930534] [gazebo_wind_plugin_node]: WindPlugin: set wind_speed=1.11 wind_direction=-73.7
