[INFO] [launch]: All log files can be found below /home/j/.ros/log/2026-03-11-04-47-21-778535-j-241736
[INFO] [launch]: Default logging verbosity is set to INFO
[INFO] [launch.user]: [bringup] Apriltag config: camera=/drone/bottom, image=/drone/bottom/image_raw, tags=/drone/bottom/tags, bridge=/landing_tag_state, standalone=true, use_target_id=true, target_id=0
[INFO] [rviz2-1]: process started with pid [241744]
[INFO] [gzserver-2]: process started with pid [241746]
[INFO] [robot_state_publisher-3]: process started with pid [241748]
[INFO] [joint_state_publisher-4]: process started with pid [241750]
[INFO] [spawn_drone-5]: process started with pid [241752]
[INFO] [static_transform_publisher-6]: process started with pid [241754]
[INFO] [joy_node-7]: process started with pid [241756]
[INFO] [teleop_joystick-8]: process started with pid [241758]
[INFO] [apriltag_detector_node-9]: process started with pid [241760]
[INFO] [apriltag_state_bridge-10]: process started with pid [241763]
[static_transform_publisher-6] [WARN] [1773172042.259539901] []: Old-style arguments are deprecated; see --help for new-style arguments
[static_transform_publisher-6] [INFO] [1773172042.266123894] [static_transform_publisher_DhnyCnhheliVFZPW]: Spinning until stopped - publishing transform
[static_transform_publisher-6] translation: ('0.000000', '0.000000', '0.000000')
[static_transform_publisher-6] rotation: ('0.000000', '0.000000', '0.000000', '1.000000')
[static_transform_publisher-6] from 'world' to '/drone/odom'
[rviz2-1] 
[rviz2-1] (rviz2:241744): dbind-WARNING **: 04:47:22.285: Couldn't connect to accessibility bus: Failed to connect to socket /root/.cache/at-spi/bus_0: 허가 거부
[robot_state_publisher-3] [INFO] [1773172042.293955864] [drone.robot_state_publisher]: got segment base_footprint
[robot_state_publisher-3] [INFO] [1773172042.294047907] [drone.robot_state_publisher]: got segment base_link
[robot_state_publisher-3] [INFO] [1773172042.294060276] [drone.robot_state_publisher]: got segment bottom_cam_link
[robot_state_publisher-3] [INFO] [1773172042.294068596] [drone.robot_state_publisher]: got segment front_cam_link
[robot_state_publisher-3] [INFO] [1773172042.294076162] [drone.robot_state_publisher]: got segment sonar_link
[teleop_joystick-8] Traceback (most recent call last):
[teleop_joystick-8]   File "/home/j/INCSL/IICC26_ws/install/sjtu_drone_control/lib/sjtu_drone_control/teleop_joystick", line 33, in <module>
[teleop_joystick-8]     sys.exit(load_entry_point('sjtu_drone_control==0.0.0', 'console_scripts', 'teleop_joystick')())
[teleop_joystick-8]   File "/home/j/INCSL/IICC26_ws/install/sjtu_drone_control/lib/sjtu_drone_control/teleop_joystick", line 22, in importlib_load_entry_point
[teleop_joystick-8]     for entry_point in distribution(dist_name).entry_points
[teleop_joystick-8]   File "/usr/lib/python3.10/importlib/metadata/__init__.py", line 969, in distribution
[teleop_joystick-8]     return Distribution.from_name(distribution_name)
[teleop_joystick-8]   File "/usr/lib/python3.10/importlib/metadata/__init__.py", line 548, in from_name
[teleop_joystick-8]     raise PackageNotFoundError(name)
[teleop_joystick-8] importlib.metadata.PackageNotFoundError: No package metadata was found for sjtu_drone_control
[apriltag_detector_node-9] [INFO] [1773172042.316114590] [apriltag_detector_node]: tag detector type: umich
[ERROR] [teleop_joystick-8]: process has died [pid 241758, exit code 1, cmd '/home/j/INCSL/IICC26_ws/install/sjtu_drone_control/lib/sjtu_drone_control/teleop_joystick --ros-args -r __ns:=/drone'].
[gzserver-2] Gazebo multi-robot simulator, version 11.10.2
[gzserver-2] Copyright (C) 2012 Open Source Robotics Foundation.
[gzserver-2] Released under the Apache 2 License.
[gzserver-2] http://gazebosim.org
[gzserver-2] 
[joint_state_publisher-4] [INFO] [1773172042.484459393] [drone.joint_state_publisher]: Waiting for robot_description to be published on the robot_description topic...
[apriltag_state_bridge-10] [INFO] [1773172042.505599889] [apriltag_state_bridge]: AprilTag bridge started: /drone/bottom/tags -> /landing_tag_state, use_target_id=True, target_id=0
[gzserver-2] [1;33m[Wrn] [gazebo_ros_init.cpp:178] [0m[1;33m
[gzserver-2] #     # ####### ####### ###  #####  #######
[gzserver-2] ##    # #     #    #     #  #     # #
[gzserver-2] # #   # #     #    #     #  #       #
[gzserver-2] #  #  # #     #    #     #  #       #####
[gzserver-2] #   # # #     #    #     #  #       #
[gzserver-2] #    ## #     #    #     #  #     # #
[gzserver-2] #     # #######    #    ###  #####  #######
[gzserver-2] 
[gzserver-2] This version of Gazebo, now called Gazebo classic, reaches end-of-life
[gzserver-2] in January 2025. Users are highly encouraged to migrate to the new Gazebo
[gzserver-2] using our migration guides (https://gazebosim.org/docs/latest/gazebo_classic_migration?utm_source=gazebo_ros_pkgs&utm_medium=cli)
[gzserver-2] 
[gzserver-2] [0m[1;33m
[rviz2-1] [INFO] [1773172042.847991162] [rviz2]: Stereo is NOT SUPPORTED
[rviz2-1] [INFO] [1773172042.848102457] [rviz2]: OpenGl version: 4.6 (GLSL 4.6)
[rviz2-1] [INFO] [1773172042.958038867] [rviz2]: Stereo is NOT SUPPORTED
[rviz2-1] [INFO] [1773172043.133773728] [rviz2]: Stereo is NOT SUPPORTED
[gzserver-2] [1;32m[Msg] [0m[1;32mWaiting for master.[0m[1;32m
[gzserver-2] [0m[1;32m[0m[1;32m[0m[1;32m[Msg] [0m[1;32mConnected to gazebo master @ [0m[1;32mhttp://127.0.0.1:11345[0m[1;32m
[gzserver-2] [0m[1;32m[0m[1;32m[0m[1;32m[Msg] [0m[1;32mPublicized address: [0m[1;32m192.168.0.11[0m[1;32m
[gzserver-2] [0m[1;32m[0m[1;32m[0m[1;32m[Msg] [0m[1;32mLoading world file [[0m[1;32m/home/j/INCSL/IICC26_ws/install/sjtu_drone_description/share/sjtu_drone_description/worlds/landingPad.world[0m[1;32m][0m[1;32m
[gzserver-2] [0m[1;32m[0m[1;32m[0m[1;36m[Dbg] [wind_plugin.cpp:96] [0m[1;36mWindPlugin loaded: speed=[0m[1;36m0[0m[1;36m dir=[0m[1;36m0[0m[1;36m deg area=[0m[1;36m0.1[0m[1;36m coeff=[0m[1;36m1[0m[1;36m
[gzserver-2] [0m[1;33m[0m[1;33m[0m[1;31m[Err] [Sensor.cc:510] [0m[1;31mGet noise index not valid[0m[1;31m
[gzserver-2] [0m[1;31m[0m[1;31m[0m[1;31m[Err] [Sensor.cc:510] [0m[1;31mGet noise index not valid[0m[1;31m
[gzserver-2] [0m[1;31m[0m[1;31m[0m[1;31m[Err] [Sensor.cc:510] [0m[1;31mGet noise index not valid[0m[1;31m
[gzserver-2] [0m[1;31m[0m[1;31m[0m[1;31m[Err] [Sensor.cc:510] [0m[1;31mGet noise index not valid[0m[1;31m
[gzserver-2] [0m[1;31m[0m[1;31m[0m[1;31m[Err] [Sensor.cc:510] [0m[1;31mGet noise index not valid[0m[1;31m
[gzserver-2] [0m[1;31m[0m[1;31m[0m[1;31m[Err] [Sensor.cc:510] [0m[1;31mGet noise index not valid[0m[1;31m
[gzserver-2] [0m[1;31m[0m[1;31m[0mTopic [default//drone/base_footprint/down_camera/image] is not valid.
[gzserver-2] [INFO] [1773172043.707245052] [drone.collision_plugin]: Publishing contact states to [/drone/bumper_states]
[gzserver-2] Topic [default//drone/base_footprint/front_camera/image] is not valid.
[gzserver-2] [1;33m[Wrn] [Event.cc:61] [0m[1;33mWarning: Deleting a connection right after creation. [0m[1;33mMake sure to save the ConnectionPtr from a Connect call
[gzserver-2] [0m[INFO] [1773172044.267105881] [drone.camera_bottom]: Publishing camera info to [/drone/bottom/camera_info]
[gzserver-2] [INFO] [1773172044.269929298] [drone.camera_front]: Publishing camera info to [/drone/front/camera_info]
[spawn_drone-5] [INFO] [1773172044.278870913] [spawn_drone]: Result True SpawnEntity: Successfully spawned entity [/drone]
[gzserver-2] [INFO] [1773172044.392674559] [drone.simple_drone]: The drone plugin is loading!
[gzserver-2] [INFO] [1773172044.392883294] [drone.simple_drone]: pub_odom: 1
[gzserver-2] [INFO] [1773172044.392916605] [drone.simple_drone]: Using following parameters: 
[gzserver-2] 		link_name: base_footprint,
[gzserver-2] 		max_force: 30,
[gzserver-2] 		motion_small_noise: 0,
[gzserver-2] 		motion_drift_noise: 0,
[gzserver-2] 		motion_drift_noise_time: 50,
[gzserver-2] 		takeoff_hover_height: 2.29,
[gzserver-2] 		takeoff_vertical_speed: 0.2
[gzserver-2] [INFO] [1773172044.404698900] [drone.simple_drone]: Using the PID parameters: 
[gzserver-2] 	Roll Pitch:
[gzserver-2] 		kP: 10, kI: 0,kD: 5, Limit: 0.5, Time Constant: 0
[gzserver-2] 	Yaw:
[gzserver-2] 		kP: 2, kI: 0,kD: 1, Limit: 1.5, Time Constant: 0
[gzserver-2] 	Velocity X:
[gzserver-2] 		kP: 5, kI: 0,kD: 2.3, Limit: 2, Time Constant: 0
[gzserver-2] 	Velocity Y:
[gzserver-2] 		kP: 5, kI: 0,kD: 2.3, Limit: 2, Time Constant: 0
[gzserver-2] 	Velocity Z:
[gzserver-2] 		kP: 5, kI: 0,kD: 1, Limit: -1, Time Constant: 0
[gzserver-2] 	Position XY:
[gzserver-2] 		kP: 1.1, kI: 0,kD: 0, Limit: 5, Time Constant: 0
[gzserver-2] 	Position Z:
[gzserver-2] 		kP: 1, kI: 0,kD: 0.2, Limit: -1, Time Constant: 0
[gzserver-2] [INFO] [1773172044.404830516] [drone.simple_drone]: The drone plugin finished loading!
[INFO] [spawn_drone-5]: process has finished cleanly [pid 241752]
[gzserver-2] [INFO] [1773172051.609411122] [gazebo_wind_plugin_node]: WindPlugin: set wind_speed=0.00 wind_direction=0.0
[gzserver-2] [INFO] [1773172051.882173570] [gazebo_wind_plugin_node]: WindPlugin: set wind_speed=0.00 wind_direction=0.0
[gzserver-2] [INFO] [1773172051.914843222] [drone.simple_drone]: Quadrotor takes off!!
[gzserver-2] [INFO] [1773172052.116006750] [gazebo_wind_plugin_node]: WindPlugin: set wind_speed=0.00 wind_direction=0.0
[gzserver-2] [INFO] [1773172052.350327463] [gazebo_wind_plugin_node]: WindPlugin: set wind_speed=0.00 wind_direction=0.0
[gzserver-2] [INFO] [1773172052.592085910] [gazebo_wind_plugin_node]: WindPlugin: set wind_speed=0.00 wind_direction=0.0
[gzserver-2] [INFO] [1773172052.831305429] [gazebo_wind_plugin_node]: WindPlugin: set wind_speed=0.00 wind_direction=0.0
[gzserver-2] [INFO] [1773172053.071343015] [gazebo_wind_plugin_node]: WindPlugin: set wind_speed=0.00 wind_direction=0.0
[gzserver-2] [INFO] [1773172053.310638058] [gazebo_wind_plugin_node]: WindPlugin: set wind_speed=0.00 wind_direction=0.0
[gzserver-2] [INFO] [1773172053.539658922] [gazebo_wind_plugin_node]: WindPlugin: set wind_speed=0.00 wind_direction=0.0
[gzserver-2] [0m[1;36m[Dbg] [wind_plugin.cpp:110] [0m[1;36mWindPlugin: received command -> speed=[0m[1;36m0[0m[1;36m dir=[0m[1;36m0[0m[1;36m
[gzserver-2] [0m[1;36m[Dbg] [wind_plugin.cpp:110] [0m[1;36mWindPlugin: received command -> speed=[0m[1;36m0[0m[1;36m dir=[0m[1;36m0[0m[1;36m
[gzserver-2] [0m[1;36m[Dbg] [wind_plugin.cpp:110] [0m[1;36mWindPlugin: received command -> speed=[0m[1;36m0[0m[1;36m dir=[0m[1;36m0[0m[1;36m
[gzserver-2] [0m[1;36m[Dbg] [wind_plugin.cpp:110] [0m[1;36mWindPlugin: received command -> speed=[0m[1;36m0[0m[1;36m dir=[0m[1;36m0[0m[1;36m
[gzserver-2] [0m[1;36m[Dbg] [wind_plugin.cpp:110] [0m[1;36mWindPlugin: received command -> speed=[0m[1;36m0[0m[1;36m dir=[0m[1;36m0[0m[1;36m
[gzserver-2] [0m[1;36m[Dbg] [wind_plugin.cpp:110] [0m[1;36mWindPlugin: received command -> speed=[0m[1;36m0[0m[1;36m dir=[0m[1;36m0[0m[1;36m
[gzserver-2] [0m[1;36m[Dbg] [wind_plugin.cpp:110] [0m[1;36mWindPlugin: received command -> speed=[0m[1;36m0[0m[1;36m dir=[0m[1;36m0[0m[1;36m
[gzserver-2] [0m[1;36m[Dbg] [wind_plugin.cpp:110] [0m[1;36mWindPlugin: received command -> speed=[0m[1;36m0[0m[1;36m dir=[0m[1;36m0[0m[1;36m
[gzserver-2] [0m[1;36m[Dbg] [wind_plugin.cpp:110] [0m[1;36mWindPlugin: received command -> speed=[0m[1;36m0[0m[1;36m dir=[0m[1;36m0[0m[1;36m
[gzserver-2] [0mEntering flying model!
[gzserver-2] [INFO] [1773172053.779364781] [gazebo_wind_plugin_node]: WindPlugin: set wind_speed=0.00 wind_direction=0.0
[gzserver-2] [INFO] [1773172054.018886361] [gazebo_wind_plugin_node]: WindPlugin: set wind_speed=1.51 wind_direction=-108.4
[gzserver-2] [INFO] [1773172054.254839644] [gazebo_wind_plugin_node]: WindPlugin: set wind_speed=1.45 wind_direction=-107.0
[gzserver-2] [INFO] [1773172054.495986821] [gazebo_wind_plugin_node]: WindPlugin: set wind_speed=1.45 wind_direction=-107.0
[gzserver-2] [INFO] [1773172054.737396488] [gazebo_wind_plugin_node]: WindPlugin: set wind_speed=1.45 wind_direction=-107.0
[gzserver-2] [INFO] [1773172054.977072236] [gazebo_wind_plugin_node]: WindPlugin: set wind_speed=1.45 wind_direction=-107.0
[gzserver-2] [INFO] [1773172055.211214524] [gazebo_wind_plugin_node]: WindPlugin: set wind_speed=1.48 wind_direction=-107.6
[gzserver-2] [INFO] [1773172055.450419190] [gazebo_wind_plugin_node]: WindPlugin: set wind_speed=1.48 wind_direction=-107.6
[gzserver-2] [INFO] [1773172055.691831191] [gazebo_wind_plugin_node]: WindPlugin: set wind_speed=1.48 wind_direction=-107.6
[gzserver-2] [INFO] [1773172055.931062404] [gazebo_wind_plugin_node]: WindPlugin: set wind_speed=1.48 wind_direction=-107.6
[gzserver-2] [INFO] [1773172056.167128587] [gazebo_wind_plugin_node]: WindPlugin: set wind_speed=1.68 wind_direction=-104.4
[gzserver-2] [INFO] [1773172056.401751707] [gazebo_wind_plugin_node]: WindPlugin: set wind_speed=1.68 wind_direction=-104.4
[gzserver-2] [INFO] [1773172056.642040458] [gazebo_wind_plugin_node]: WindPlugin: set wind_speed=1.68 wind_direction=-104.4
[gzserver-2] [INFO] [1773172056.881483701] [gazebo_wind_plugin_node]: WindPlugin: set wind_speed=1.68 wind_direction=-104.4
[gzserver-2] [INFO] [1773172057.116018095] [gazebo_wind_plugin_node]: WindPlugin: set wind_speed=1.59 wind_direction=-108.2
[gzserver-2] [INFO] [1773172057.350408807] [gazebo_wind_plugin_node]: WindPlugin: set wind_speed=1.59 wind_direction=-108.2
[gzserver-2] [INFO] [1773172057.585204117] [gazebo_wind_plugin_node]: WindPlugin: set wind_speed=1.59 wind_direction=-108.2
[gzserver-2] [INFO] [1773172057.824563276] [gazebo_wind_plugin_node]: WindPlugin: set wind_speed=1.59 wind_direction=-108.2
[gzserver-2] [INFO] [1773172057.852195003] [drone.simple_drone]: Quadrotor lands!!
[gzserver-2] [INFO] [1773172058.053481939] [gazebo_wind_plugin_node]: WindPlugin: set wind_speed=1.59 wind_direction=-108.2
[gzserver-2] [INFO] [1773172058.288717000] [gazebo_wind_plugin_node]: WindPlugin: set wind_speed=1.63 wind_direction=-107.0
[gzserver-2] [INFO] [1773172058.527339819] [gazebo_wind_plugin_node]: WindPlugin: set wind_speed=1.63 wind_direction=-107.0
[gzserver-2] [INFO] [1773172058.766793453] [gazebo_wind_plugin_node]: WindPlugin: set wind_speed=1.63 wind_direction=-107.0
[gzserver-2] [1;36m[Dbg] [wind_plugin.cpp:110] [0m[1;36mWindPlugin: received command -> speed=[0m[1;36m0[0m[1;36m dir=[0m[1;36m0[0m[1;36m
[gzserver-2] [0m[1;36m[Dbg] [wind_plugin.cpp:110] [0m[1;36mWindPlugin: received command -> speed=[0m[1;36m1.51024[0m[1;36m dir=[0m[1;36m-108.378[0m[1;36m
[gzserver-2] [0m[1;36m[Dbg] [wind_plugin.cpp:110] [0m[1;36mWindPlugin: received command -> speed=[0m[1;36m1.45443[0m[1;36m dir=[0m[1;36m-107[0m[1;36m
[gzserver-2] [0m[1;36m[Dbg] [wind_plugin.cpp:110] [0m[1;36mWindPlugin: received command -> speed=[0m[1;36m1.45443[0m[1;36m dir=[0m[1;36m-107[0m[1;36m
[gzserver-2] [0m[1;36m[Dbg] [wind_plugin.cpp:110] [0m[1;36mWindPlugin: received command -> speed=[0m[1;36m1.45443[0m[1;36m dir=[0m[1;36m-107[0m[1;36m
[gzserver-2] [0m[1;36m[Dbg] [wind_plugin.cpp:110] [0m[1;36mWindPlugin: received command -> speed=[0m[1;36m1.45443[0m[1;36m dir=[0m[1;36m-107[0m[1;36m
[gzserver-2] [0m[1;36m[Dbg] [wind_plugin.cpp:110] [0m[1;36mWindPlugin: received command -> speed=[0m[1;36m1.48382[0m[1;36m dir=[0m[1;36m-107.558[0m[1;36m
[gzserver-2] [0m[1;36m[Dbg] [wind_plugin.cpp:110] [0m[1;36mWindPlugin: received command -> speed=[0m[1;36m1.48382[0m[1;36m dir=[0m[1;36m-107.558[0m[1;36m
[gzserver-2] [0m[1;36m[Dbg] [wind_plugin.cpp:110] [0m[1;36mWindPlugin: received command -> speed=[0m[1;36m1.48382[0m[1;36m dir=[0m[1;36m-107.558[0m[1;36m
[gzserver-2] [0m[1;36m[Dbg] [wind_plugin.cpp:110] [0m[1;36mWindPlugin: received command -> speed=[0m[1;36m1.48382[0m[1;36m dir=[0m[1;36m-107.558[0m[1;36m
[gzserver-2] [0m[1;36m[Dbg] [wind_plugin.cpp:110] [0m[1;36mWindPlugin: received command -> speed=[0m[1;36m1.68176[0m[1;36m dir=[0m[1;36m-104.423[0m[1;36m
[gzserver-2] [0m[1;36m[Dbg] [wind_plugin.cpp:110] [0m[1;36mWindPlugin: received command -> speed=[0m[1;36m1.68176[0m[1;36m dir=[0m[1;36m-104.423[0m[1;36m
[gzserver-2] [0m[1;36m[Dbg] [wind_plugin.cpp:110] [0m[1;36mWindPlugin: received command -> speed=[0m[1;36m1.68176[0m[1;36m dir=[0m[1;36m-104.423[0m[1;36m
[gzserver-2] [0m[1;36m[Dbg] [wind_plugin.cpp:110] [0m[1;36mWindPlugin: received command -> speed=[0m[1;36m1.68176[0m[1;36m dir=[0m[1;36m-104.423[0m[1;36m
[gzserver-2] [0m[1;36m[Dbg] [wind_plugin.cpp:110] [0m[1;36mWindPlugin: received command -> speed=[0m[1;36m1.58619[0m[1;36m dir=[0m[1;36m-108.155[0m[1;36m
[gzserver-2] [0m[1;36m[Dbg] [wind_plugin.cpp:110] [0m[1;36mWindPlugin: received command -> speed=[0m[1;36m1.58619[0m[1;36m dir=[0m[1;36m-108.155[0m[1;36m
[gzserver-2] [0m[1;36m[Dbg] [wind_plugin.cpp:110] [0m[1;36mWindPlugin: received command -> speed=[0m[1;36m1.58619[0m[1;36m dir=[0m[1;36m-108.155[0m[1;36m
[gzserver-2] [0m[1;36m[Dbg] [wind_plugin.cpp:110] [0m[1;36mWindPlugin: received command -> speed=[0m[1;36m1.58619[0m[1;36m dir=[0m[1;36m-108.155[0m[1;36m
[gzserver-2] [0m[1;36m[Dbg] [wind_plugin.cpp:110] [0m[1;36mWindPlugin: received command -> speed=[0m[1;36m1.58619[0m[1;36m dir=[0m[1;36m-108.155[0m[1;36m
[gzserver-2] [0m[1;36m[Dbg] [wind_plugin.cpp:110] [0m[1;36mWindPlugin: received command -> speed=[0m[1;36m1.62751[0m[1;36m dir=[0m[1;36m-107.025[0m[1;36m
[gzserver-2] [0m[1;36m[Dbg] [wind_plugin.cpp:110] [0m[1;36mWindPlugin: received command -> speed=[0m[1;36m1.62751[0m[1;36m dir=[0m[1;36m-107.025[0m[1;36m
[gzserver-2] [0m[1;36m[Dbg] [wind_plugin.cpp:110] [0m[1;36mWindPlugin: received command -> speed=[0m[1;36m1.62751[0m[1;36m dir=[0m[1;36m-107.025[0m[1;36m
[gzserver-2] [0mLanded!
[gzserver-2] [INFO] [1773172059.006453040] [gazebo_wind_plugin_node]: WindPlugin: set wind_speed=1.63 wind_direction=-107.0
[gzserver-2] [INFO] [1773172059.246084096] [gazebo_wind_plugin_node]: WindPlugin: set wind_speed=1.40 wind_direction=-107.5
[gzserver-2] [INFO] [1773172059.480005255] [gazebo_wind_plugin_node]: WindPlugin: set wind_speed=1.40 wind_direction=-107.5
[gzserver-2] [INFO] [1773172059.714471472] [gazebo_wind_plugin_node]: WindPlugin: set wind_speed=1.40 wind_direction=-107.5
[gzserver-2] [INFO] [1773172059.953729775] [gazebo_wind_plugin_node]: WindPlugin: set wind_speed=1.40 wind_direction=-107.5
[gzserver-2] [INFO] [1773172060.192593102] [gazebo_wind_plugin_node]: WindPlugin: set wind_speed=1.61 wind_direction=-107.1
[gzserver-2] [INFO] [1773172060.427040427] [gazebo_wind_plugin_node]: WindPlugin: set wind_speed=1.61 wind_direction=-107.1
[gzserver-2] [INFO] [1773172060.662056731] [gazebo_wind_plugin_node]: WindPlugin: set wind_speed=1.61 wind_direction=-107.1
