[INFO] [launch]: All log files can be found below /home/j/.ros/log/2026-03-11-04-59-46-760309-j-360235
[INFO] [launch]: Default logging verbosity is set to INFO
[INFO] [launch.user]: [bringup] Apriltag config: camera=/drone/bottom, image=/drone/bottom/image_raw, tags=/drone/bottom/tags, bridge=/landing_tag_state, standalone=true, use_target_id=true, target_id=0
[INFO] [rviz2-1]: process started with pid [360238]
[INFO] [gzserver-2]: process started with pid [360240]
[INFO] [robot_state_publisher-3]: process started with pid [360242]
[INFO] [joint_state_publisher-4]: process started with pid [360244]
[INFO] [spawn_drone-5]: process started with pid [360246]
[INFO] [static_transform_publisher-6]: process started with pid [360248]
[INFO] [joy_node-7]: process started with pid [360250]
[INFO] [teleop_joystick-8]: process started with pid [360252]
[INFO] [apriltag_detector_node-9]: process started with pid [360254]
[INFO] [apriltag_state_bridge-10]: process started with pid [360257]
[static_transform_publisher-6] [WARN] [1773172787.231732627] []: Old-style arguments are deprecated; see --help for new-style arguments
[static_transform_publisher-6] [INFO] [1773172787.238539480] [static_transform_publisher_zZjFTnVLFjdTUu6O]: Spinning until stopped - publishing transform
[static_transform_publisher-6] translation: ('0.000000', '0.000000', '0.000000')
[static_transform_publisher-6] rotation: ('0.000000', '0.000000', '0.000000', '1.000000')
[static_transform_publisher-6] from 'world' to '/drone/odom'
[robot_state_publisher-3] [INFO] [1773172787.262601884] [drone.robot_state_publisher]: got segment base_footprint
[robot_state_publisher-3] [INFO] [1773172787.262689426] [drone.robot_state_publisher]: got segment base_link
[robot_state_publisher-3] [INFO] [1773172787.262701602] [drone.robot_state_publisher]: got segment bottom_cam_link
[robot_state_publisher-3] [INFO] [1773172787.262710027] [drone.robot_state_publisher]: got segment front_cam_link
[robot_state_publisher-3] [INFO] [1773172787.262717473] [drone.robot_state_publisher]: got segment sonar_link
[apriltag_detector_node-9] [INFO] [1773172787.266216408] [apriltag_detector_node]: tag detector type: umich
[rviz2-1] 
[rviz2-1] (rviz2:360238): dbind-WARNING **: 04:59:47.266: Couldn't connect to accessibility bus: Failed to connect to socket /root/.cache/at-spi/bus_0: 허가 거부
[teleop_joystick-8] Traceback (most recent call last):
[teleop_joystick-8]   File "/home/j/INCSL/IICC26_ws/install/sjtu_drone_control/lib/sjtu_drone_control/teleop_joystick", line 33, in <module>
[teleop_joystick-8]     sys.exit(load_entry_point('sjtu_drone_control==0.0.0', 'console_scripts', 'teleop_joystick')())
[teleop_joystick-8]   File "/home/j/INCSL/IICC26_ws/install/sjtu_drone_control/lib/sjtu_drone_control/teleop_joystick", line 22, in importlib_load_entry_point
[teleop_joystick-8]     for entry_point in distribution(dist_name).entry_points
[teleop_joystick-8]   File "/usr/lib/python3.10/importlib/metadata/__init__.py", line 969, in distribution
[teleop_joystick-8]     return Distribution.from_name(distribution_name)
[teleop_joystick-8]   File "/usr/lib/python3.10/importlib/metadata/__init__.py", line 548, in from_name
[teleop_joystick-8]     raise PackageNotFoundError(name)
[teleop_joystick-8] importlib.metadata.PackageNotFoundError: No package metadata was found for sjtu_drone_control
[ERROR] [teleop_joystick-8]: process has died [pid 360252, exit code 1, cmd '/home/j/INCSL/IICC26_ws/install/sjtu_drone_control/lib/sjtu_drone_control/teleop_joystick --ros-args -r __ns:=/drone'].
[gzserver-2] Gazebo multi-robot simulator, version 11.10.2
[gzserver-2] Copyright (C) 2012 Open Source Robotics Foundation.
[gzserver-2] Released under the Apache 2 License.
[gzserver-2] http://gazebosim.org
[gzserver-2] 
[apriltag_state_bridge-10] [INFO] [1773172787.496813757] [apriltag_state_bridge]: AprilTag bridge started: /drone/bottom/tags -> /landing_tag_state, use_target_id=True, target_id=0
[joint_state_publisher-4] [INFO] [1773172787.519538137] [drone.joint_state_publisher]: Waiting for robot_description to be published on the robot_description topic...
[gzserver-2] [1;33m[Wrn] [gazebo_ros_init.cpp:178] [0m[1;33m
[gzserver-2] #     # ####### ####### ###  #####  #######
[gzserver-2] ##    # #     #    #     #  #     # #
[gzserver-2] # #   # #     #    #     #  #       #
[gzserver-2] #  #  # #     #    #     #  #       #####
[gzserver-2] #   # # #     #    #     #  #       #
[gzserver-2] #    ## #     #    #     #  #     # #
[gzserver-2] #     # #######    #    ###  #####  #######
[gzserver-2] 
[gzserver-2] This version of Gazebo, now called Gazebo classic, reaches end-of-life
[gzserver-2] in January 2025. Users are highly encouraged to migrate to the new Gazebo
[gzserver-2] using our migration guides (https://gazebosim.org/docs/latest/gazebo_classic_migration?utm_source=gazebo_ros_pkgs&utm_medium=cli)
[gzserver-2] 
[gzserver-2] [0m[1;33m
[rviz2-1] [INFO] [1773172788.117960433] [rviz2]: Stereo is NOT SUPPORTED
[rviz2-1] [INFO] [1773172788.118080688] [rviz2]: OpenGl version: 4.6 (GLSL 4.6)
[rviz2-1] [INFO] [1773172788.199418786] [rviz2]: Stereo is NOT SUPPORTED
[rviz2-1] [INFO] [1773172788.288420298] [rviz2]: Stereo is NOT SUPPORTED
[gzserver-2] [1;32m[Msg] [0m[1;32mWaiting for master.[0m[1;32m
[gzserver-2] [0m[1;32m[0m[1;32m[0m[1;32m[Msg] [0m[1;32mConnected to gazebo master @ [0m[1;32mhttp://127.0.0.1:11345[0m[1;32m
[gzserver-2] [0m[1;32m[0m[1;32m[0m[1;32m[Msg] [0m[1;32mPublicized address: [0m[1;32m192.168.0.11[0m[1;32m
[gzserver-2] [0m[1;32m[0m[1;32m[0m[1;32m[Msg] [0m[1;32mLoading world file [[0m[1;32m/home/j/INCSL/IICC26_ws/install/sjtu_drone_description/share/sjtu_drone_description/worlds/landingPad.world[0m[1;32m][0m[1;32m
[gzserver-2] [0m[1;32m[0m[1;32m[0m[1;36m[Dbg] [wind_plugin.cpp:96] [0m[1;36mWindPlugin loaded: speed=[0m[1;36m0[0m[1;36m dir=[0m[1;36m0[0m[1;36m deg area=[0m[1;36m0.1[0m[1;36m coeff=[0m[1;36m1[0m[1;36m
[gzserver-2] [0m[1;33m[0m[1;33m[0m[1;31m[Err] [Sensor.cc:510] [0m[1;31mGet noise index not valid[0m[1;31m
[gzserver-2] [0m[1;31m[0m[1;31m[0m[1;31m[Err] [Sensor.cc:510] [0m[1;31mGet noise index not valid[0m[1;31m
[gzserver-2] [0m[1;31m[0m[1;31m[0m[1;31m[Err] [Sensor.cc:510] [0m[1;31mGet noise index not valid[0m[1;31m
[gzserver-2] [0m[1;31m[0m[1;31m[0m[1;31m[Err] [Sensor.cc:510] [0m[1;31mGet noise index not valid[0m[1;31m
[gzserver-2] [0m[1;31m[0m[1;31m[0m[1;31m[Err] [Sensor.cc:510] [0m[1;31mGet noise index not valid[0m[1;31m
[gzserver-2] [0m[1;31m[0m[1;31m[0m[1;31m[Err] [Sensor.cc:510] [0m[1;31mGet noise index not valid[0m[1;31m
[gzserver-2] [0m[1;31m[0m[1;31m[0mTopic [default//drone/base_footprint/down_camera/image] is not valid.
[gzserver-2] [INFO] [1773172788.720495894] [drone.collision_plugin]: Publishing contact states to [/drone/bumper_states]
[gzserver-2] Topic [default//drone/base_footprint/front_camera/image] is not valid.
[gzserver-2] [1;33m[Wrn] [Event.cc:61] [0m[1;33mWarning: Deleting a connection right after creation. [0m[1;33mMake sure to save the ConnectionPtr from a Connect call
[gzserver-2] [0m[INFO] [1773172789.280398610] [drone.camera_bottom]: Publishing camera info to [/drone/bottom/camera_info]
[gzserver-2] [INFO] [1773172789.283167911] [drone.camera_front]: Publishing camera info to [/drone/front/camera_info]
[spawn_drone-5] [INFO] [1773172789.292183984] [spawn_drone]: Result True SpawnEntity: Successfully spawned entity [/drone]
[gzserver-2] [INFO] [1773172789.405227940] [drone.simple_drone]: The drone plugin is loading!
[gzserver-2] [INFO] [1773172789.405435625] [drone.simple_drone]: pub_odom: 1
[gzserver-2] [INFO] [1773172789.405468877] [drone.simple_drone]: Using following parameters: 
[gzserver-2] 		link_name: base_footprint,
[gzserver-2] 		max_force: 30,
[gzserver-2] 		motion_small_noise: 0,
[gzserver-2] 		motion_drift_noise: 0,
[gzserver-2] 		motion_drift_noise_time: 50,
[gzserver-2] 		takeoff_hover_height: 1.52,
[gzserver-2] 		takeoff_vertical_speed: 0.2
[gzserver-2] [INFO] [1773172789.417398759] [drone.simple_drone]: Using the PID parameters: 
[gzserver-2] 	Roll Pitch:
[gzserver-2] 		kP: 10, kI: 0,kD: 5, Limit: 0.5, Time Constant: 0
[gzserver-2] 	Yaw:
[gzserver-2] 		kP: 2, kI: 0,kD: 1, Limit: 1.5, Time Constant: 0
[gzserver-2] 	Velocity X:
[gzserver-2] 		kP: 5, kI: 0,kD: 2.3, Limit: 2, Time Constant: 0
[gzserver-2] 	Velocity Y:
[gzserver-2] 		kP: 5, kI: 0,kD: 2.3, Limit: 2, Time Constant: 0
[gzserver-2] 	Velocity Z:
[gzserver-2] 		kP: 5, kI: 0,kD: 1, Limit: -1, Time Constant: 0
[gzserver-2] 	Position XY:
[gzserver-2] 		kP: 1.1, kI: 0,kD: 0, Limit: 5, Time Constant: 0
[gzserver-2] 	Position Z:
[gzserver-2] 		kP: 1, kI: 0,kD: 0.2, Limit: -1, Time Constant: 0
[gzserver-2] [INFO] [1773172789.417524273] [drone.simple_drone]: The drone plugin finished loading!
[INFO] [spawn_drone-5]: process has finished cleanly [pid 360246]
[gzserver-2] [INFO] [1773172796.592996008] [gazebo_wind_plugin_node]: WindPlugin: set wind_speed=0.00 wind_direction=0.0
[gzserver-2] [INFO] [1773172796.855409130] [gazebo_wind_plugin_node]: WindPlugin: set wind_speed=0.00 wind_direction=0.0
[gzserver-2] [INFO] [1773172796.893780293] [drone.simple_drone]: Quadrotor takes off!!
[gzserver-2] [INFO] [1773172797.094880342] [gazebo_wind_plugin_node]: WindPlugin: set wind_speed=0.00 wind_direction=0.0
[gzserver-2] [INFO] [1773172797.328570982] [gazebo_wind_plugin_node]: WindPlugin: set wind_speed=0.00 wind_direction=0.0
[gzserver-2] [INFO] [1773172797.562384135] [gazebo_wind_plugin_node]: WindPlugin: set wind_speed=0.00 wind_direction=0.0
[gzserver-2] [INFO] [1773172797.801925875] [gazebo_wind_plugin_node]: WindPlugin: set wind_speed=0.00 wind_direction=0.0
[gzserver-2] [INFO] [1773172798.041215333] [gazebo_wind_plugin_node]: WindPlugin: set wind_speed=0.00 wind_direction=0.0
[gzserver-2] [0m[1;36m[Dbg] [wind_plugin.cpp:110] [0m[1;36mWindPlugin: received command -> speed=[0m[1;36m0[0m[1;36m dir=[0m[1;36m0[0m[1;36m
[gzserver-2] [0m[1;36m[Dbg] [wind_plugin.cpp:110] [0m[1;36mWindPlugin: received command -> speed=[0m[1;36m0[0m[1;36m dir=[0m[1;36m0[0m[1;36m
[gzserver-2] [0m[1;36m[Dbg] [wind_plugin.cpp:110] [0m[1;36mWindPlugin: received command -> speed=[0m[1;36m0[0m[1;36m dir=[0m[1;36m0[0m[1;36m
[gzserver-2] [0m[1;36m[Dbg] [wind_plugin.cpp:110] [0m[1;36mWindPlugin: received command -> speed=[0m[1;36m0[0m[1;36m dir=[0m[1;36m0[0m[1;36m
[gzserver-2] [0m[1;36m[Dbg] [wind_plugin.cpp:110] [0m[1;36mWindPlugin: received command -> speed=[0m[1;36m0[0m[1;36m dir=[0m[1;36m0[0m[1;36m
[gzserver-2] [0m[1;36m[Dbg] [wind_plugin.cpp:110] [0m[1;36mWindPlugin: received command -> speed=[0m[1;36m0[0m[1;36m dir=[0m[1;36m0[0m[1;36m
[gzserver-2] [0m[1;36m[Dbg] [wind_plugin.cpp:110] [0m[1;36mWindPlugin: received command -> speed=[0m[1;36m0[0m[1;36m dir=[0m[1;36m0[0m[1;36m
[gzserver-2] [0mEntering flying model!
[gzserver-2] [INFO] [1773172798.275767106] [gazebo_wind_plugin_node]: WindPlugin: set wind_speed=0.00 wind_direction=0.0
[gzserver-2] [INFO] [1773172798.515445652] [gazebo_wind_plugin_node]: WindPlugin: set wind_speed=0.71 wind_direction=-31.2
[gzserver-2] [INFO] [1773172798.754948387] [gazebo_wind_plugin_node]: WindPlugin: set wind_speed=0.71 wind_direction=-31.2
[gzserver-2] [INFO] [1773172798.997313921] [gazebo_wind_plugin_node]: WindPlugin: set wind_speed=0.71 wind_direction=-31.2
[gzserver-2] [INFO] [1773172799.237972248] [gazebo_wind_plugin_node]: WindPlugin: set wind_speed=0.76 wind_direction=-28.9
[gzserver-2] [INFO] [1773172799.476959233] [gazebo_wind_plugin_node]: WindPlugin: set wind_speed=0.76 wind_direction=-28.9
[gzserver-2] [INFO] [1773172799.712290202] [gazebo_wind_plugin_node]: WindPlugin: set wind_speed=0.76 wind_direction=-28.9
[gzserver-2] [INFO] [1773172799.954355508] [gazebo_wind_plugin_node]: WindPlugin: set wind_speed=0.76 wind_direction=-28.9
[gzserver-2] [INFO] [1773172800.189801666] [gazebo_wind_plugin_node]: WindPlugin: set wind_speed=0.74 wind_direction=-26.3
[gzserver-2] [INFO] [1773172800.428893322] [gazebo_wind_plugin_node]: WindPlugin: set wind_speed=0.74 wind_direction=-26.3
[gzserver-2] [INFO] [1773172800.663224536] [gazebo_wind_plugin_node]: WindPlugin: set wind_speed=0.74 wind_direction=-26.3
[gzserver-2] [INFO] [1773172800.902942008] [gazebo_wind_plugin_node]: WindPlugin: set wind_speed=0.74 wind_direction=-26.3
[gzserver-2] [INFO] [1773172801.142143819] [gazebo_wind_plugin_node]: WindPlugin: set wind_speed=0.91 wind_direction=-29.3
[gzserver-2] [INFO] [1773172801.381759314] [gazebo_wind_plugin_node]: WindPlugin: set wind_speed=0.91 wind_direction=-29.3
[gzserver-2] [INFO] [1773172801.617317122] [gazebo_wind_plugin_node]: WindPlugin: set wind_speed=0.91 wind_direction=-29.3
[gzserver-2] [INFO] [1773172801.870907994] [gazebo_wind_plugin_node]: WindPlugin: set wind_speed=0.91 wind_direction=-29.3
[gzserver-2] [INFO] [1773172802.125643766] [gazebo_wind_plugin_node]: WindPlugin: set wind_speed=0.87 wind_direction=-26.0
[gzserver-2] [INFO] [1773172802.365109850] [gazebo_wind_plugin_node]: WindPlugin: set wind_speed=0.87 wind_direction=-26.0
[gzserver-2] [INFO] [1773172802.413112166] [drone.simple_drone]: Quadrotor lands!!
[gzserver-2] [INFO] [1773172802.614519914] [gazebo_wind_plugin_node]: WindPlugin: set wind_speed=0.87 wind_direction=-26.0
[gzserver-2] [INFO] [1773172802.858112738] [gazebo_wind_plugin_node]: WindPlugin: set wind_speed=0.87 wind_direction=-26.0
[gzserver-2] [INFO] [1773172803.092835248] [gazebo_wind_plugin_node]: WindPlugin: set wind_speed=0.89 wind_direction=-25.5
[gzserver-2] [INFO] [1773172803.334011099] [gazebo_wind_plugin_node]: WindPlugin: set wind_speed=0.89 wind_direction=-25.5
[gzserver-2] [1;36m[Dbg] [wind_plugin.cpp:110] [0m[1;36mWindPlugin: received command -> speed=[0m[1;36m0[0m[1;36m dir=[0m[1;36m0[0m[1;36m
[gzserver-2] [0m[1;36m[Dbg] [wind_plugin.cpp:110] [0m[1;36mWindPlugin: received command -> speed=[0m[1;36m0.713339[0m[1;36m dir=[0m[1;36m-31.184[0m[1;36m
[gzserver-2] [0m[1;36m[Dbg] [wind_plugin.cpp:110] [0m[1;36mWindPlugin: received command -> speed=[0m[1;36m0.713339[0m[1;36m dir=[0m[1;36m-31.184[0m[1;36m
[gzserver-2] [0m[1;36m[Dbg] [wind_plugin.cpp:110] [0m[1;36mWindPlugin: received command -> speed=[0m[1;36m0.713339[0m[1;36m dir=[0m[1;36m-31.184[0m[1;36m
[gzserver-2] [0m[1;36m[Dbg] [wind_plugin.cpp:110] [0m[1;36mWindPlugin: received command -> speed=[0m[1;36m0.762021[0m[1;36m dir=[0m[1;36m-28.8572[0m[1;36m
[gzserver-2] [0m[1;36m[Dbg] [wind_plugin.cpp:110] [0m[1;36mWindPlugin: received command -> speed=[0m[1;36m0.762021[0m[1;36m dir=[0m[1;36m-28.8572[0m[1;36m
[gzserver-2] [0m[1;36m[Dbg] [wind_plugin.cpp:110] [0m[1;36mWindPlugin: received command -> speed=[0m[1;36m0.762021[0m[1;36m dir=[0m[1;36m-28.8572[0m[1;36m
[gzserver-2] [0m[1;36m[Dbg] [wind_plugin.cpp:110] [0m[1;36mWindPlugin: received command -> speed=[0m[1;36m0.762021[0m[1;36m dir=[0m[1;36m-28.8572[0m[1;36m
[gzserver-2] [0m[1;36m[Dbg] [wind_plugin.cpp:110] [0m[1;36mWindPlugin: received command -> speed=[0m[1;36m0.738989[0m[1;36m dir=[0m[1;36m-26.2592[0m[1;36m
[gzserver-2] [0m[1;36m[Dbg] [wind_plugin.cpp:110] [0m[1;36mWindPlugin: received command -> speed=[0m[1;36m0.738989[0m[1;36m dir=[0m[1;36m-26.2592[0m[1;36m
[gzserver-2] [0m[1;36m[Dbg] [wind_plugin.cpp:110] [0m[1;36mWindPlugin: received command -> speed=[0m[1;36m0.738989[0m[1;36m dir=[0m[1;36m-26.2592[0m[1;36m
[gzserver-2] [0m[1;36m[Dbg] [wind_plugin.cpp:110] [0m[1;36mWindPlugin: received command -> speed=[0m[1;36m0.738989[0m[1;36m dir=[0m[1;36m-26.2592[0m[1;36m
[gzserver-2] [0m[1;36m[Dbg] [wind_plugin.cpp:110] [0m[1;36mWindPlugin: received command -> speed=[0m[1;36m0.914171[0m[1;36m dir=[0m[1;36m-29.3276[0m[1;36m
[gzserver-2] [0m[1;36m[Dbg] [wind_plugin.cpp:110] [0m[1;36mWindPlugin: received command -> speed=[0m[1;36m0.914171[0m[1;36m dir=[0m[1;36m-29.3276[0m[1;36m
[gzserver-2] [0m[1;36m[Dbg] [wind_plugin.cpp:110] [0m[1;36mWindPlugin: received command -> speed=[0m[1;36m0.914171[0m[1;36m dir=[0m[1;36m-29.3276[0m[1;36m
[gzserver-2] [0m[1;36m[Dbg] [wind_plugin.cpp:110] [0m[1;36mWindPlugin: received command -> speed=[0m[1;36m0.914171[0m[1;36m dir=[0m[1;36m-29.3276[0m[1;36m
[gzserver-2] [0m[1;36m[Dbg] [wind_plugin.cpp:110] [0m[1;36mWindPlugin: received command -> speed=[0m[1;36m0.874933[0m[1;36m dir=[0m[1;36m-26.0217[0m[1;36m
[gzserver-2] [0m[1;36m[Dbg] [wind_plugin.cpp:110] [0m[1;36mWindPlugin: received command -> speed=[0m[1;36m0.874933[0m[1;36m dir=[0m[1;36m-26.0217[0m[1;36m
[gzserver-2] [0m[1;36m[Dbg] [wind_plugin.cpp:110] [0m[1;36mWindPlugin: received command -> speed=[0m[1;36m0.874933[0m[1;36m dir=[0m[1;36m-26.0217[0m[1;36m
[gzserver-2] [0m[1;36m[Dbg] [wind_plugin.cpp:110] [0m[1;36mWindPlugin: received command -> speed=[0m[1;36m0.874933[0m[1;36m dir=[0m[1;36m-26.0217[0m[1;36m
[gzserver-2] [0m[1;36m[Dbg] [wind_plugin.cpp:110] [0m[1;36mWindPlugin: received command -> speed=[0m[1;36m0.886537[0m[1;36m dir=[0m[1;36m-25.5263[0m[1;36m
[gzserver-2] [0m[1;36m[Dbg] [wind_plugin.cpp:110] [0m[1;36mWindPlugin: received command -> speed=[0m[1;36m0.886537[0m[1;36m dir=[0m[1;36m-25.5263[0m[1;36m
[gzserver-2] [0mLanded!
[gzserver-2] [INFO] [1773172803.573459659] [gazebo_wind_plugin_node]: WindPlugin: set wind_speed=0.89 wind_direction=-25.5
[gzserver-2] [INFO] [1773172803.799626918] [gazebo_wind_plugin_node]: WindPlugin: set wind_speed=0.89 wind_direction=-25.5
[gzserver-2] [INFO] [1773172804.039042330] [gazebo_wind_plugin_node]: WindPlugin: set wind_speed=0.89 wind_direction=-25.5
[gzserver-2] [INFO] [1773172804.273228774] [gazebo_wind_plugin_node]: WindPlugin: set wind_speed=0.79 wind_direction=-30.5
[gzserver-2] [INFO] [1773172804.497204590] [gazebo_wind_plugin_node]: WindPlugin: set wind_speed=0.79 wind_direction=-30.5
[gzserver-2] [INFO] [1773172804.739059333] [gazebo_wind_plugin_node]: WindPlugin: set wind_speed=0.79 wind_direction=-30.5
[gzserver-2] [INFO] [1773172804.980661064] [gazebo_wind_plugin_node]: WindPlugin: set wind_speed=0.79 wind_direction=-30.5
[gzserver-2] [INFO] [1773172805.220099975] [gazebo_wind_plugin_node]: WindPlugin: set wind_speed=0.75 wind_direction=-22.6
