[INFO] [launch]: All log files can be found below /home/j/.ros/log/2026-03-11-08-55-14-467440-j-2542762
[INFO] [launch]: Default logging verbosity is set to INFO
[INFO] [launch.user]: [bringup] Apriltag config: camera=/drone/bottom, image=/drone/bottom/image_raw, tags=/drone/bottom/tags, bridge=/landing_tag_state, standalone=true, use_target_id=true, target_id=0
[INFO] [rviz2-1]: process started with pid [2542777]
[INFO] [gzserver-2]: process started with pid [2542779]
[INFO] [robot_state_publisher-3]: process started with pid [2542781]
[INFO] [joint_state_publisher-4]: process started with pid [2542783]
[INFO] [spawn_drone-5]: process started with pid [2542785]
[INFO] [static_transform_publisher-6]: process started with pid [2542787]
[INFO] [joy_node-7]: process started with pid [2542789]
[INFO] [teleop_joystick-8]: process started with pid [2542791]
[INFO] [apriltag_detector_node-9]: process started with pid [2542793]
[INFO] [apriltag_state_bridge-10]: process started with pid [2542795]
[static_transform_publisher-6] [WARN] [1773186914.941257276] []: Old-style arguments are deprecated; see --help for new-style arguments
[static_transform_publisher-6] [INFO] [1773186914.947571766] [static_transform_publisher_8gKXHPSRKgEF4KKE]: Spinning until stopped - publishing transform
[static_transform_publisher-6] translation: ('0.000000', '0.000000', '0.000000')
[static_transform_publisher-6] rotation: ('0.000000', '0.000000', '0.000000', '1.000000')
[static_transform_publisher-6] from 'world' to '/drone/odom'
[robot_state_publisher-3] [INFO] [1773186914.970410467] [drone.robot_state_publisher]: got segment base_footprint
[robot_state_publisher-3] [INFO] [1773186914.970515299] [drone.robot_state_publisher]: got segment base_link
[robot_state_publisher-3] [INFO] [1773186914.970527907] [drone.robot_state_publisher]: got segment bottom_cam_link
[robot_state_publisher-3] [INFO] [1773186914.970536423] [drone.robot_state_publisher]: got segment front_cam_link
[robot_state_publisher-3] [INFO] [1773186914.970543894] [drone.robot_state_publisher]: got segment sonar_link
[rviz2-1] 
[rviz2-1] (rviz2:2542777): dbind-WARNING **: 08:55:14.975: Couldn't connect to accessibility bus: Failed to connect to socket /root/.cache/at-spi/bus_0: 허가 거부
[apriltag_detector_node-9] [INFO] [1773186914.997933723] [apriltag_detector_node]: tag detector type: umich
[teleop_joystick-8] Traceback (most recent call last):
[teleop_joystick-8]   File "/home/j/INCSL/IICC26_ws/install/sjtu_drone_control/lib/sjtu_drone_control/teleop_joystick", line 33, in <module>
[teleop_joystick-8]     sys.exit(load_entry_point('sjtu_drone_control==0.0.0', 'console_scripts', 'teleop_joystick')())
[teleop_joystick-8]   File "/home/j/INCSL/IICC26_ws/install/sjtu_drone_control/lib/sjtu_drone_control/teleop_joystick", line 22, in importlib_load_entry_point
[teleop_joystick-8]     for entry_point in distribution(dist_name).entry_points
[teleop_joystick-8]   File "/usr/lib/python3.10/importlib/metadata/__init__.py", line 969, in distribution
[teleop_joystick-8]     return Distribution.from_name(distribution_name)
[teleop_joystick-8]   File "/usr/lib/python3.10/importlib/metadata/__init__.py", line 548, in from_name
[teleop_joystick-8]     raise PackageNotFoundError(name)
[teleop_joystick-8] importlib.metadata.PackageNotFoundError: No package metadata was found for sjtu_drone_control
[ERROR] [teleop_joystick-8]: process has died [pid 2542791, exit code 1, cmd '/home/j/INCSL/IICC26_ws/install/sjtu_drone_control/lib/sjtu_drone_control/teleop_joystick --ros-args -r __ns:=/drone'].
[gzserver-2] Gazebo multi-robot simulator, version 11.10.2
[gzserver-2] Copyright (C) 2012 Open Source Robotics Foundation.
[gzserver-2] Released under the Apache 2 License.
[gzserver-2] http://gazebosim.org
[gzserver-2] 
[apriltag_state_bridge-10] [INFO] [1773186915.237299868] [apriltag_state_bridge]: AprilTag bridge started: /drone/bottom/tags -> /landing_tag_state, use_target_id=True, target_id=0
[joint_state_publisher-4] [INFO] [1773186915.245936944] [drone.joint_state_publisher]: Waiting for robot_description to be published on the robot_description topic...
[gzserver-2] [1;33m[Wrn] [gazebo_ros_init.cpp:178] [0m[1;33m
[gzserver-2] #     # ####### ####### ###  #####  #######
[gzserver-2] ##    # #     #    #     #  #     # #
[gzserver-2] # #   # #     #    #     #  #       #
[gzserver-2] #  #  # #     #    #     #  #       #####
[gzserver-2] #   # # #     #    #     #  #       #
[gzserver-2] #    ## #     #    #     #  #     # #
[gzserver-2] #     # #######    #    ###  #####  #######
[gzserver-2] 
[gzserver-2] This version of Gazebo, now called Gazebo classic, reaches end-of-life
[gzserver-2] in January 2025. Users are highly encouraged to migrate to the new Gazebo
[gzserver-2] using our migration guides (https://gazebosim.org/docs/latest/gazebo_classic_migration?utm_source=gazebo_ros_pkgs&utm_medium=cli)
[gzserver-2] 
[gzserver-2] [0m[1;33m
[rviz2-1] [INFO] [1773186915.826501960] [rviz2]: Stereo is NOT SUPPORTED
[rviz2-1] [INFO] [1773186915.826591403] [rviz2]: OpenGl version: 4.6 (GLSL 4.6)
[rviz2-1] [INFO] [1773186915.903906424] [rviz2]: Stereo is NOT SUPPORTED
[rviz2-1] [INFO] [1773186915.993303341] [rviz2]: Stereo is NOT SUPPORTED
[spawn_drone-5] [INFO] [1773186916.371608276] [spawn_drone]: Result False Entity pushed to spawn queue, but spawn service timed outwaiting for entity to appear in simulation under the name [/drone]
[gzserver-2] [1;32m[Msg] [0m[1;32mWaiting for master.[0m[1;32m
[gzserver-2] [0m[1;32m[0m[1;32m[0m[1;32m[Msg] [0m[1;32mConnected to gazebo master @ [0m[1;32mhttp://127.0.0.1:11345[0m[1;32m
[gzserver-2] [0m[1;32m[0m[1;32m[0m[1;32m[Msg] [0m[1;32mPublicized address: [0m[1;32m172.16.52.147[0m[1;32m
[gzserver-2] [0m[1;32m[0m[1;32m[0m[1;32m[Msg] [0m[1;32mLoading world file [[0m[1;32m/home/j/INCSL/IICC26_ws/install/sjtu_drone_description/share/sjtu_drone_description/worlds/landingPad.world[0m[1;32m][0m[1;32m
[gzserver-2] [0m[1;32m[0m[1;32m[0m[1;36m[Dbg] [wind_plugin.cpp:96] [0m[1;36mWindPlugin loaded: speed=[0m[1;36m0[0m[1;36m dir=[0m[1;36m0[0m[1;36m deg area=[0m[1;36m0.1[0m[1;36m coeff=[0m[1;36m1[0m[1;36m
[gzserver-2] [0m[1;33m[0m[1;33m[0m[1;31m[Err] [Sensor.cc:510] [0m[1;31mGet noise index not valid[0m[1;31m
[gzserver-2] [0m[1;31m[0m[1;31m[0m[1;31m[Err] [Sensor.cc:510] [0m[1;31mGet noise index not valid[0m[1;31m
[gzserver-2] [0m[1;31m[0m[1;31m[0m[1;31m[Err] [Sensor.cc:510] [0m[1;31mGet noise index not valid[0m[1;31m
[gzserver-2] [0m[1;31m[0m[1;31m[0m[1;31m[Err] [Sensor.cc:510] [0m[1;31mGet noise index not valid[0m[1;31m
[gzserver-2] [0m[1;31m[0m[1;31m[0m[1;31m[Err] [Sensor.cc:510] [0m[1;31mGet noise index not valid[0m[1;31m
[gzserver-2] [0m[1;31m[0m[1;31m[0m[1;31m[Err] [Sensor.cc:510] [0m[1;31mGet noise index not valid[0m[1;31m
[gzserver-2] [0m[1;31m[0m[1;31m[0mTopic [default//drone/base_footprint/down_camera/image] is not valid.
[gzserver-2] [INFO] [1773186916.403979820] [drone.collision_plugin]: Publishing contact states to [/drone/bumper_states]
[gzserver-2] Topic [default//drone/base_footprint/front_camera/image] is not valid.
[gzserver-2] [1;33m[Wrn] [Event.cc:61] [0m[1;33mWarning: Deleting a connection right after creation. [0m[1;33mMake sure to save the ConnectionPtr from a Connect call
[INFO] [spawn_drone-5]: process has finished cleanly [pid 2542785]
[gzserver-2] [0m[INFO] [1773186916.988062021] [drone.camera_bottom]: Publishing camera info to [/drone/bottom/camera_info]
[gzserver-2] [INFO] [1773186916.991019258] [drone.camera_front]: Publishing camera info to [/drone/front/camera_info]
[gzserver-2] [INFO] [1773186917.113423286] [drone.simple_drone]: The drone plugin is loading!
[gzserver-2] [INFO] [1773186917.113629526] [drone.simple_drone]: pub_odom: 1
[gzserver-2] [INFO] [1773186917.113662770] [drone.simple_drone]: Using following parameters: 
[gzserver-2] 		link_name: base_footprint,
[gzserver-2] 		max_force: 30,
[gzserver-2] 		motion_small_noise: 0,
[gzserver-2] 		motion_drift_noise: 0,
[gzserver-2] 		motion_drift_noise_time: 50,
[gzserver-2] 		takeoff_hover_height: 1.86,
[gzserver-2] 		takeoff_vertical_speed: 0.2
[gzserver-2] [INFO] [1773186917.126189064] [drone.simple_drone]: Using the PID parameters: 
[gzserver-2] 	Roll Pitch:
[gzserver-2] 		kP: 10, kI: 0,kD: 5, Limit: 0.5, Time Constant: 0
[gzserver-2] 	Yaw:
[gzserver-2] 		kP: 2, kI: 0,kD: 1, Limit: 1.5, Time Constant: 0
[gzserver-2] 	Velocity X:
[gzserver-2] 		kP: 5, kI: 0,kD: 2.3, Limit: 2, Time Constant: 0
[gzserver-2] 	Velocity Y:
[gzserver-2] 		kP: 5, kI: 0,kD: 2.3, Limit: 2, Time Constant: 0
[gzserver-2] 	Velocity Z:
[gzserver-2] 		kP: 5, kI: 0,kD: 1, Limit: -1, Time Constant: 0
[gzserver-2] 	Position XY:
[gzserver-2] 		kP: 1.1, kI: 0,kD: 0, Limit: 5, Time Constant: 0
[gzserver-2] 	Position Z:
[gzserver-2] 		kP: 1, kI: 0,kD: 0.2, Limit: -1, Time Constant: 0
[gzserver-2] [INFO] [1773186917.126351933] [drone.simple_drone]: The drone plugin finished loading!
[gzserver-2] [INFO] [1773186924.320695721] [gazebo_wind_plugin_node]: WindPlugin: set wind_speed=0.00 wind_direction=0.0
[gzserver-2] [INFO] [1773186924.588824863] [gazebo_wind_plugin_node]: WindPlugin: set wind_speed=0.00 wind_direction=0.0
[gzserver-2] [INFO] [1773186924.630168660] [drone.simple_drone]: Quadrotor takes off!!
[gzserver-2] [INFO] [1773186924.832193225] [gazebo_wind_plugin_node]: WindPlugin: set wind_speed=0.00 wind_direction=0.0
[gzserver-2] [INFO] [1773186925.072204085] [gazebo_wind_plugin_node]: WindPlugin: set wind_speed=0.00 wind_direction=0.0
[gzserver-2] [INFO] [1773186925.307364836] [gazebo_wind_plugin_node]: WindPlugin: set wind_speed=0.00 wind_direction=0.0
[gzserver-2] [INFO] [1773186925.546856436] [gazebo_wind_plugin_node]: WindPlugin: set wind_speed=0.00 wind_direction=0.0
[gzserver-2] [INFO] [1773186925.775916563] [gazebo_wind_plugin_node]: WindPlugin: set wind_speed=0.00 wind_direction=0.0
[gzserver-2] [INFO] [1773186926.015496881] [gazebo_wind_plugin_node]: WindPlugin: set wind_speed=0.00 wind_direction=0.0
[gzserver-2] [0m[1;36m[Dbg] [wind_plugin.cpp:110] [0m[1;36mWindPlugin: received command -> speed=[0m[1;36m0[0m[1;36m dir=[0m[1;36m0[0m[1;36m
[gzserver-2] [0m[1;36m[Dbg] [wind_plugin.cpp:110] [0m[1;36mWindPlugin: received command -> speed=[0m[1;36m0[0m[1;36m dir=[0m[1;36m0[0m[1;36m
[gzserver-2] [0m[1;36m[Dbg] [wind_plugin.cpp:110] [0m[1;36mWindPlugin: received command -> speed=[0m[1;36m0[0m[1;36m dir=[0m[1;36m0[0m[1;36m
[gzserver-2] [0m[1;36m[Dbg] [wind_plugin.cpp:110] [0m[1;36mWindPlugin: received command -> speed=[0m[1;36m0[0m[1;36m dir=[0m[1;36m0[0m[1;36m
[gzserver-2] [0m[1;36m[Dbg] [wind_plugin.cpp:110] [0m[1;36mWindPlugin: received command -> speed=[0m[1;36m0[0m[1;36m dir=[0m[1;36m0[0m[1;36m
[gzserver-2] [0m[1;36m[Dbg] [wind_plugin.cpp:110] [0m[1;36mWindPlugin: received command -> speed=[0m[1;36m0[0m[1;36m dir=[0m[1;36m0[0m[1;36m
[gzserver-2] [0m[1;36m[Dbg] [wind_plugin.cpp:110] [0m[1;36mWindPlugin: received command -> speed=[0m[1;36m0[0m[1;36m dir=[0m[1;36m0[0m[1;36m
[gzserver-2] [0m[1;36m[Dbg] [wind_plugin.cpp:110] [0m[1;36mWindPlugin: received command -> speed=[0m[1;36m0[0m[1;36m dir=[0m[1;36m0[0m[1;36m
[gzserver-2] [0mEntering flying model!
[gzserver-2] [INFO] [1773186926.249601105] [gazebo_wind_plugin_node]: WindPlugin: set wind_speed=0.00 wind_direction=0.0
[gzserver-2] [INFO] [1773186926.490006708] [gazebo_wind_plugin_node]: WindPlugin: set wind_speed=2.56 wind_direction=-41.2
[gzserver-2] [INFO] [1773186926.729707042] [gazebo_wind_plugin_node]: WindPlugin: set wind_speed=2.56 wind_direction=-41.2
[gzserver-2] [INFO] [1773186926.964174754] [gazebo_wind_plugin_node]: WindPlugin: set wind_speed=2.50 wind_direction=-42.4
[gzserver-2] [INFO] [1773186927.198676736] [gazebo_wind_plugin_node]: WindPlugin: set wind_speed=2.50 wind_direction=-42.4
[gzserver-2] [INFO] [1773186927.433332996] [gazebo_wind_plugin_node]: WindPlugin: set wind_speed=2.50 wind_direction=-42.4
[gzserver-2] [INFO] [1773186927.673071239] [gazebo_wind_plugin_node]: WindPlugin: set wind_speed=2.50 wind_direction=-42.4
[gzserver-2] [INFO] [1773186927.907719928] [gazebo_wind_plugin_node]: WindPlugin: set wind_speed=2.48 wind_direction=-38.0
[gzserver-2] [INFO] [1773186928.142298121] [gazebo_wind_plugin_node]: WindPlugin: set wind_speed=2.48 wind_direction=-38.0
[gzserver-2] [INFO] [1773186928.382274271] [gazebo_wind_plugin_node]: WindPlugin: set wind_speed=2.48 wind_direction=-38.0
[gzserver-2] [INFO] [1773186928.622030769] [gazebo_wind_plugin_node]: WindPlugin: set wind_speed=2.48 wind_direction=-38.0
[gzserver-2] [INFO] [1773186928.850975803] [gazebo_wind_plugin_node]: WindPlugin: set wind_speed=2.46 wind_direction=-39.8
[gzserver-2] [INFO] [1773186929.089995321] [gazebo_wind_plugin_node]: WindPlugin: set wind_speed=2.46 wind_direction=-39.8
[gzserver-2] [INFO] [1773186929.324622549] [gazebo_wind_plugin_node]: WindPlugin: set wind_speed=2.46 wind_direction=-39.8
[gzserver-2] [INFO] [1773186929.364008191] [drone.simple_drone]: Quadrotor lands!!
[gzserver-2] [INFO] [1773186929.565671624] [gazebo_wind_plugin_node]: WindPlugin: set wind_speed=2.46 wind_direction=-39.8
[gzserver-2] [INFO] [1773186929.805361585] [gazebo_wind_plugin_node]: WindPlugin: set wind_speed=2.46 wind_direction=-39.8
[gzserver-2] [INFO] [1773186930.045267261] [gazebo_wind_plugin_node]: WindPlugin: set wind_speed=2.86 wind_direction=-38.3
[gzserver-2] [INFO] [1773186930.284546259] [gazebo_wind_plugin_node]: WindPlugin: set wind_speed=2.86 wind_direction=-38.3
[gzserver-2] [1;36m[Dbg] [wind_plugin.cpp:110] [0m[1;36mWindPlugin: received command -> speed=[0m[1;36m0[0m[1;36m dir=[0m[1;36m0[0m[1;36m
[gzserver-2] [0m[1;36m[Dbg] [wind_plugin.cpp:110] [0m[1;36mWindPlugin: received command -> speed=[0m[1;36m2.55703[0m[1;36m dir=[0m[1;36m-41.2218[0m[1;36m
[gzserver-2] [0m[1;36m[Dbg] [wind_plugin.cpp:110] [0m[1;36mWindPlugin: received command -> speed=[0m[1;36m2.55703[0m[1;36m dir=[0m[1;36m-41.2218[0m[1;36m
[gzserver-2] [0m[1;36m[Dbg] [wind_plugin.cpp:110] [0m[1;36mWindPlugin: received command -> speed=[0m[1;36m2.5043[0m[1;36m dir=[0m[1;36m-42.4221[0m[1;36m
[gzserver-2] [0m[1;36m[Dbg] [wind_plugin.cpp:110] [0m[1;36mWindPlugin: received command -> speed=[0m[1;36m2.5043[0m[1;36m dir=[0m[1;36m-42.4221[0m[1;36m
[gzserver-2] [0m[1;36m[Dbg] [wind_plugin.cpp:110] [0m[1;36mWindPlugin: received command -> speed=[0m[1;36m2.5043[0m[1;36m dir=[0m[1;36m-42.4221[0m[1;36m
[gzserver-2] [0m[1;36m[Dbg] [wind_plugin.cpp:110] [0m[1;36mWindPlugin: received command -> speed=[0m[1;36m2.5043[0m[1;36m dir=[0m[1;36m-42.4221[0m[1;36m
[gzserver-2] [0m[1;36m[Dbg] [wind_plugin.cpp:110] [0m[1;36mWindPlugin: received command -> speed=[0m[1;36m2.48077[0m[1;36m dir=[0m[1;36m-37.9876[0m[1;36m
[gzserver-2] [0m[1;36m[Dbg] [wind_plugin.cpp:110] [0m[1;36mWindPlugin: received command -> speed=[0m[1;36m2.48077[0m[1;36m dir=[0m[1;36m-37.9876[0m[1;36m
[gzserver-2] [0m[1;36m[Dbg] [wind_plugin.cpp:110] [0m[1;36mWindPlugin: received command -> speed=[0m[1;36m2.48077[0m[1;36m dir=[0m[1;36m-37.9876[0m[1;36m
[gzserver-2] [0m[1;36m[Dbg] [wind_plugin.cpp:110] [0m[1;36mWindPlugin: received command -> speed=[0m[1;36m2.48077[0m[1;36m dir=[0m[1;36m-37.9876[0m[1;36m
[gzserver-2] [0m[1;36m[Dbg] [wind_plugin.cpp:110] [0m[1;36mWindPlugin: received command -> speed=[0m[1;36m2.46485[0m[1;36m dir=[0m[1;36m-39.791[0m[1;36m
[gzserver-2] [0m[1;36m[Dbg] [wind_plugin.cpp:110] [0m[1;36mWindPlugin: received command -> speed=[0m[1;36m2.46485[0m[1;36m dir=[0m[1;36m-39.791[0m[1;36m
[gzserver-2] [0m[1;36m[Dbg] [wind_plugin.cpp:110] [0m[1;36mWindPlugin: received command -> speed=[0m[1;36m2.46485[0m[1;36m dir=[0m[1;36m-39.791[0m[1;36m
[gzserver-2] [0m[1;36m[Dbg] [wind_plugin.cpp:110] [0m[1;36mWindPlugin: received command -> speed=[0m[1;36m2.46485[0m[1;36m dir=[0m[1;36m-39.791[0m[1;36m
[gzserver-2] [0m[1;36m[Dbg] [wind_plugin.cpp:110] [0m[1;36mWindPlugin: received command -> speed=[0m[1;36m2.46485[0m[1;36m dir=[0m[1;36m-39.791[0m[1;36m
[gzserver-2] [0m[1;36m[Dbg] [wind_plugin.cpp:110] [0m[1;36mWindPlugin: received command -> speed=[0m[1;36m2.86107[0m[1;36m dir=[0m[1;36m-38.346[0m[1;36m
[gzserver-2] [0m[1;36m[Dbg] [wind_plugin.cpp:110] [0m[1;36mWindPlugin: received command -> speed=[0m[1;36m2.86107[0m[1;36m dir=[0m[1;36m-38.346[0m[1;36m
[gzserver-2] [0mLanded!
[gzserver-2] [INFO] [1773186930.523790336] [gazebo_wind_plugin_node]: WindPlugin: set wind_speed=2.86 wind_direction=-38.3
[gzserver-2] [INFO] [1773186930.763453718] [gazebo_wind_plugin_node]: WindPlugin: set wind_speed=2.86 wind_direction=-38.3
[gzserver-2] [INFO] [1773186930.992596783] [gazebo_wind_plugin_node]: WindPlugin: set wind_speed=2.45 wind_direction=-36.8
[gzserver-2] [INFO] [1773186931.227563049] [gazebo_wind_plugin_node]: WindPlugin: set wind_speed=2.45 wind_direction=-36.8
[gzserver-2] [INFO] [1773186931.461880970] [gazebo_wind_plugin_node]: WindPlugin: set wind_speed=2.45 wind_direction=-36.8
[gzserver-2] [INFO] [1773186931.696431190] [gazebo_wind_plugin_node]: WindPlugin: set wind_speed=2.45 wind_direction=-36.8
[gzserver-2] [INFO] [1773186931.936175548] [gazebo_wind_plugin_node]: WindPlugin: set wind_speed=2.64 wind_direction=-35.6
[gzserver-2] [INFO] [1773186932.175988700] [gazebo_wind_plugin_node]: WindPlugin: set wind_speed=2.64 wind_direction=-35.6
