[INFO] [launch]: All log files can be found below /home/j/.ros/log/2026-03-11-04-21-39-740378-j-4190213
[INFO] [launch]: Default logging verbosity is set to INFO
[INFO] [launch.user]: [bringup] Apriltag config: camera=/drone/bottom, image=/drone/bottom/image_raw, tags=/drone/bottom/tags, bridge=/landing_tag_state, standalone=true, use_target_id=true, target_id=0
[INFO] [rviz2-1]: process started with pid [4190227]
[INFO] [gzserver-2]: process started with pid [4190229]
[INFO] [robot_state_publisher-3]: process started with pid [4190231]
[INFO] [joint_state_publisher-4]: process started with pid [4190233]
[INFO] [spawn_drone-5]: process started with pid [4190235]
[INFO] [static_transform_publisher-6]: process started with pid [4190237]
[INFO] [joy_node-7]: process started with pid [4190239]
[INFO] [teleop_joystick-8]: process started with pid [4190241]
[INFO] [apriltag_detector_node-9]: process started with pid [4190243]
[INFO] [apriltag_state_bridge-10]: process started with pid [4190245]
[static_transform_publisher-6] [WARN] [1773170500.215568441] []: Old-style arguments are deprecated; see --help for new-style arguments
[static_transform_publisher-6] [INFO] [1773170500.222498069] [static_transform_publisher_k2FWyvDHc8PL6nEA]: Spinning until stopped - publishing transform
[static_transform_publisher-6] translation: ('0.000000', '0.000000', '0.000000')
[static_transform_publisher-6] rotation: ('0.000000', '0.000000', '0.000000', '1.000000')
[static_transform_publisher-6] from 'world' to '/drone/odom'
[rviz2-1] 
[rviz2-1] (rviz2:4190227): dbind-WARNING **: 04:21:40.247: Couldn't connect to accessibility bus: Failed to connect to socket /root/.cache/at-spi/bus_0: 허가 거부
[robot_state_publisher-3] [INFO] [1773170500.248262925] [drone.robot_state_publisher]: got segment base_footprint
[robot_state_publisher-3] [INFO] [1773170500.248319914] [drone.robot_state_publisher]: got segment base_link
[robot_state_publisher-3] [INFO] [1773170500.248326578] [drone.robot_state_publisher]: got segment bottom_cam_link
[robot_state_publisher-3] [INFO] [1773170500.248330903] [drone.robot_state_publisher]: got segment front_cam_link
[robot_state_publisher-3] [INFO] [1773170500.248334783] [drone.robot_state_publisher]: got segment sonar_link
[apriltag_detector_node-9] [INFO] [1773170500.252032502] [apriltag_detector_node]: tag detector type: umich
[teleop_joystick-8] Traceback (most recent call last):
[teleop_joystick-8]   File "/home/j/INCSL/IICC26_ws/install/sjtu_drone_control/lib/sjtu_drone_control/teleop_joystick", line 33, in <module>
[teleop_joystick-8]     sys.exit(load_entry_point('sjtu_drone_control==0.0.0', 'console_scripts', 'teleop_joystick')())
[teleop_joystick-8]   File "/home/j/INCSL/IICC26_ws/install/sjtu_drone_control/lib/sjtu_drone_control/teleop_joystick", line 22, in importlib_load_entry_point
[teleop_joystick-8]     for entry_point in distribution(dist_name).entry_points
[teleop_joystick-8]   File "/usr/lib/python3.10/importlib/metadata/__init__.py", line 969, in distribution
[teleop_joystick-8]     return Distribution.from_name(distribution_name)
[teleop_joystick-8]   File "/usr/lib/python3.10/importlib/metadata/__init__.py", line 548, in from_name
[teleop_joystick-8]     raise PackageNotFoundError(name)
[teleop_joystick-8] importlib.metadata.PackageNotFoundError: No package metadata was found for sjtu_drone_control
[ERROR] [teleop_joystick-8]: process has died [pid 4190241, exit code 1, cmd '/home/j/INCSL/IICC26_ws/install/sjtu_drone_control/lib/sjtu_drone_control/teleop_joystick --ros-args -r __ns:=/drone'].
[gzserver-2] Gazebo multi-robot simulator, version 11.10.2
[gzserver-2] Copyright (C) 2012 Open Source Robotics Foundation.
[gzserver-2] Released under the Apache 2 License.
[gzserver-2] http://gazebosim.org
[gzserver-2] 
[apriltag_state_bridge-10] [INFO] [1773170500.474286034] [apriltag_state_bridge]: AprilTag bridge started: /drone/bottom/tags -> /landing_tag_state, use_target_id=True, target_id=0
[joint_state_publisher-4] [INFO] [1773170500.506148378] [drone.joint_state_publisher]: Waiting for robot_description to be published on the robot_description topic...
[gzserver-2] [1;33m[Wrn] [gazebo_ros_init.cpp:178] [0m[1;33m
[gzserver-2] #     # ####### ####### ###  #####  #######
[gzserver-2] ##    # #     #    #     #  #     # #
[gzserver-2] # #   # #     #    #     #  #       #
[gzserver-2] #  #  # #     #    #     #  #       #####
[gzserver-2] #   # # #     #    #     #  #       #
[gzserver-2] #    ## #     #    #     #  #     # #
[gzserver-2] #     # #######    #    ###  #####  #######
[gzserver-2] 
[gzserver-2] This version of Gazebo, now called Gazebo classic, reaches end-of-life
[gzserver-2] in January 2025. Users are highly encouraged to migrate to the new Gazebo
[gzserver-2] using our migration guides (https://gazebosim.org/docs/latest/gazebo_classic_migration?utm_source=gazebo_ros_pkgs&utm_medium=cli)
[gzserver-2] 
[gzserver-2] [0m[1;33m
[rviz2-1] [INFO] [1773170501.093982155] [rviz2]: Stereo is NOT SUPPORTED
[rviz2-1] [INFO] [1773170501.094101397] [rviz2]: OpenGl version: 4.6 (GLSL 4.6)
[rviz2-1] [INFO] [1773170501.182360429] [rviz2]: Stereo is NOT SUPPORTED
[rviz2-1] [INFO] [1773170501.273192453] [rviz2]: Stereo is NOT SUPPORTED
[gzserver-2] [1;32m[Msg] [0m[1;32mWaiting for master.[0m[1;32m
[gzserver-2] [0m[1;32m[0m[1;32m[0m[1;32m[Msg] [0m[1;32mConnected to gazebo master @ [0m[1;32mhttp://127.0.0.1:11345[0m[1;32m
[gzserver-2] [0m[1;32m[0m[1;32m[0m[1;32m[Msg] [0m[1;32mPublicized address: [0m[1;32m192.168.0.11[0m[1;32m
[gzserver-2] [0m[1;32m[0m[1;32m[0m[1;32m[Msg] [0m[1;32mLoading world file [[0m[1;32m/home/j/INCSL/IICC26_ws/install/sjtu_drone_description/share/sjtu_drone_description/worlds/landingPad.world[0m[1;32m][0m[1;32m
[gzserver-2] [0m[1;32m[0m[1;32m[0m[1;36m[Dbg] [wind_plugin.cpp:96] [0m[1;36mWindPlugin loaded: speed=[0m[1;36m0[0m[1;36m dir=[0m[1;36m0[0m[1;36m deg area=[0m[1;36m0.1[0m[1;36m coeff=[0m[1;36m1[0m[1;36m
[gzserver-2] [0m[1;33m[0m[1;33m[0m[1;31m[Err] [Sensor.cc:510] [0m[1;31mGet noise index not valid[0m[1;31m
[gzserver-2] [0m[1;31m[0m[1;31m[0m[1;31m[Err] [Sensor.cc:510] [0m[1;31mGet noise index not valid[0m[1;31m
[gzserver-2] [0m[1;31m[0m[1;31m[0m[1;31m[Err] [Sensor.cc:510] [0m[1;31mGet noise index not valid[0m[1;31m
[gzserver-2] [0m[1;31m[0m[1;31m[0m[1;31m[Err] [Sensor.cc:510] [0m[1;31mGet noise index not valid[0m[1;31m
[gzserver-2] [0m[1;31m[0m[1;31m[0m[1;31m[Err] [Sensor.cc:510] [0m[1;31mGet noise index not valid[0m[1;31m
[gzserver-2] [0m[1;31m[0m[1;31m[0m[1;31m[Err] [Sensor.cc:510] [0m[1;31mGet noise index not valid[0m[1;31m
[gzserver-2] [0m[1;31m[0m[1;31m[0mTopic [default//drone/base_footprint/down_camera/image] is not valid.
[gzserver-2] [INFO] [1773170501.739710740] [drone.collision_plugin]: Publishing contact states to [/drone/bumper_states]
[gzserver-2] Topic [default//drone/base_footprint/front_camera/image] is not valid.
[gzserver-2] [1;33m[Wrn] [Event.cc:61] [0m[1;33mWarning: Deleting a connection right after creation. [0m[1;33mMake sure to save the ConnectionPtr from a Connect call
[gzserver-2] [0m[INFO] [1773170502.298486886] [drone.camera_bottom]: Publishing camera info to [/drone/bottom/camera_info]
[gzserver-2] [INFO] [1773170502.302827516] [drone.camera_front]: Publishing camera info to [/drone/front/camera_info]
[spawn_drone-5] [INFO] [1773170502.311695161] [spawn_drone]: Result True SpawnEntity: Successfully spawned entity [/drone]
[gzserver-2] [INFO] [1773170502.426081128] [drone.simple_drone]: The drone plugin is loading!
[gzserver-2] [INFO] [1773170502.426294607] [drone.simple_drone]: pub_odom: 1
[gzserver-2] [INFO] [1773170502.426329472] [drone.simple_drone]: Using following parameters: 
[gzserver-2] 		link_name: base_footprint,
[gzserver-2] 		max_force: 30,
[gzserver-2] 		motion_small_noise: 0,
[gzserver-2] 		motion_drift_noise: 0,
[gzserver-2] 		motion_drift_noise_time: 50,
[gzserver-2] 		takeoff_hover_height: 2.45,
[gzserver-2] 		takeoff_vertical_speed: 0.2
[gzserver-2] [INFO] [1773170502.439159023] [drone.simple_drone]: Using the PID parameters: 
[gzserver-2] 	Roll Pitch:
[gzserver-2] 		kP: 10, kI: 0,kD: 5, Limit: 0.5, Time Constant: 0
[gzserver-2] 	Yaw:
[gzserver-2] 		kP: 2, kI: 0,kD: 1, Limit: 1.5, Time Constant: 0
[gzserver-2] 	Velocity X:
[gzserver-2] 		kP: 5, kI: 0,kD: 2.3, Limit: 2, Time Constant: 0
[gzserver-2] 	Velocity Y:
[gzserver-2] 		kP: 5, kI: 0,kD: 2.3, Limit: 2, Time Constant: 0
[gzserver-2] 	Velocity Z:
[gzserver-2] 		kP: 5, kI: 0,kD: 1, Limit: -1, Time Constant: 0
[gzserver-2] 	Position XY:
[gzserver-2] 		kP: 1.1, kI: 0,kD: 0, Limit: 5, Time Constant: 0
[gzserver-2] 	Position Z:
[gzserver-2] 		kP: 1, kI: 0,kD: 0.2, Limit: -1, Time Constant: 0
[gzserver-2] [INFO] [1773170502.439300919] [drone.simple_drone]: The drone plugin finished loading!
[INFO] [spawn_drone-5]: process has finished cleanly [pid 4190235]
[gzserver-2] [INFO] [1773170509.580181910] [gazebo_wind_plugin_node]: WindPlugin: set wind_speed=0.00 wind_direction=0.0
[gzserver-2] [INFO] [1773170509.846519034] [gazebo_wind_plugin_node]: WindPlugin: set wind_speed=0.00 wind_direction=0.0
[gzserver-2] [INFO] [1773170509.877031403] [drone.simple_drone]: Quadrotor takes off!!
[gzserver-2] [INFO] [1773170510.078283262] [gazebo_wind_plugin_node]: WindPlugin: set wind_speed=0.00 wind_direction=0.0
[gzserver-2] [INFO] [1773170510.318150405] [gazebo_wind_plugin_node]: WindPlugin: set wind_speed=0.00 wind_direction=0.0
[gzserver-2] [INFO] [1773170510.558041345] [gazebo_wind_plugin_node]: WindPlugin: set wind_speed=0.00 wind_direction=0.0
[gzserver-2] [INFO] [1773170510.797931333] [gazebo_wind_plugin_node]: WindPlugin: set wind_speed=0.00 wind_direction=0.0
[gzserver-2] [INFO] [1773170511.037624808] [gazebo_wind_plugin_node]: WindPlugin: set wind_speed=0.00 wind_direction=0.0
[gzserver-2] [INFO] [1773170511.271783075] [gazebo_wind_plugin_node]: WindPlugin: set wind_speed=0.00 wind_direction=0.0
[gzserver-2] [INFO] [1773170511.505950747] [gazebo_wind_plugin_node]: WindPlugin: set wind_speed=0.00 wind_direction=0.0
[gzserver-2] [INFO] [1773170511.745735720] [gazebo_wind_plugin_node]: WindPlugin: set wind_speed=0.00 wind_direction=0.0
[gzserver-2] [0m[1;36m[Dbg] [wind_plugin.cpp:110] [0m[1;36mWindPlugin: received command -> speed=[0m[1;36m0[0m[1;36m dir=[0m[1;36m0[0m[1;36m
[gzserver-2] [0m[1;36m[Dbg] [wind_plugin.cpp:110] [0m[1;36mWindPlugin: received command -> speed=[0m[1;36m0[0m[1;36m dir=[0m[1;36m0[0m[1;36m
[gzserver-2] [0m[1;36m[Dbg] [wind_plugin.cpp:110] [0m[1;36mWindPlugin: received command -> speed=[0m[1;36m0[0m[1;36m dir=[0m[1;36m0[0m[1;36m
[gzserver-2] [0m[1;36m[Dbg] [wind_plugin.cpp:110] [0m[1;36mWindPlugin: received command -> speed=[0m[1;36m0[0m[1;36m dir=[0m[1;36m0[0m[1;36m
[gzserver-2] [0m[1;36m[Dbg] [wind_plugin.cpp:110] [0m[1;36mWindPlugin: received command -> speed=[0m[1;36m0[0m[1;36m dir=[0m[1;36m0[0m[1;36m
[gzserver-2] [0m[1;36m[Dbg] [wind_plugin.cpp:110] [0m[1;36mWindPlugin: received command -> speed=[0m[1;36m0[0m[1;36m dir=[0m[1;36m0[0m[1;36m
[gzserver-2] [0m[1;36m[Dbg] [wind_plugin.cpp:110] [0m[1;36mWindPlugin: received command -> speed=[0m[1;36m0[0m[1;36m dir=[0m[1;36m0[0m[1;36m
[gzserver-2] [0m[1;36m[Dbg] [wind_plugin.cpp:110] [0m[1;36mWindPlugin: received command -> speed=[0m[1;36m0[0m[1;36m dir=[0m[1;36m0[0m[1;36m
[gzserver-2] [0m[1;36m[Dbg] [wind_plugin.cpp:110] [0m[1;36mWindPlugin: received command -> speed=[0m[1;36m0[0m[1;36m dir=[0m[1;36m0[0m[1;36m
[gzserver-2] [0m[1;36m[Dbg] [wind_plugin.cpp:110] [0m[1;36mWindPlugin: received command -> speed=[0m[1;36m0[0m[1;36m dir=[0m[1;36m0[0m[1;36m
[gzserver-2] [0mEntering flying model!
[gzserver-2] [INFO] [1773170511.985175701] [gazebo_wind_plugin_node]: WindPlugin: set wind_speed=0.00 wind_direction=0.0
[gzserver-2] [INFO] [1773170512.223112578] [gazebo_wind_plugin_node]: WindPlugin: set wind_speed=1.81 wind_direction=17.9
[gzserver-2] [INFO] [1773170512.457919141] [gazebo_wind_plugin_node]: WindPlugin: set wind_speed=1.81 wind_direction=17.9
[gzserver-2] [INFO] [1773170512.697694390] [gazebo_wind_plugin_node]: WindPlugin: set wind_speed=1.81 wind_direction=17.9
[gzserver-2] [INFO] [1773170512.938088007] [gazebo_wind_plugin_node]: WindPlugin: set wind_speed=1.81 wind_direction=17.9
[gzserver-2] [INFO] [1773170513.177464024] [gazebo_wind_plugin_node]: WindPlugin: set wind_speed=1.80 wind_direction=17.8
[gzserver-2] [INFO] [1773170513.413168141] [gazebo_wind_plugin_node]: WindPlugin: set wind_speed=1.80 wind_direction=17.8
[gzserver-2] [INFO] [1773170513.647561165] [gazebo_wind_plugin_node]: WindPlugin: set wind_speed=1.80 wind_direction=17.8
[gzserver-2] [INFO] [1773170513.888760176] [gazebo_wind_plugin_node]: WindPlugin: set wind_speed=1.80 wind_direction=17.8
[gzserver-2] [INFO] [1773170514.128089277] [gazebo_wind_plugin_node]: WindPlugin: set wind_speed=1.98 wind_direction=18.1
[gzserver-2] [INFO] [1773170514.368498512] [gazebo_wind_plugin_node]: WindPlugin: set wind_speed=1.98 wind_direction=18.1
[gzserver-2] [INFO] [1773170514.608170682] [gazebo_wind_plugin_node]: WindPlugin: set wind_speed=1.98 wind_direction=18.1
[gzserver-2] [INFO] [1773170514.842422049] [gazebo_wind_plugin_node]: WindPlugin: set wind_speed=1.98 wind_direction=18.1
[gzserver-2] [INFO] [1773170515.082771955] [gazebo_wind_plugin_node]: WindPlugin: set wind_speed=1.94 wind_direction=17.0
[gzserver-2] [INFO] [1773170515.322786791] [gazebo_wind_plugin_node]: WindPlugin: set wind_speed=1.94 wind_direction=17.0
[gzserver-2] [INFO] [1773170515.355506412] [drone.simple_drone]: Quadrotor lands!!
[gzserver-2] [INFO] [1773170515.556875283] [gazebo_wind_plugin_node]: WindPlugin: set wind_speed=1.94 wind_direction=17.0
[gzserver-2] [INFO] [1773170515.792939287] [gazebo_wind_plugin_node]: WindPlugin: set wind_speed=1.94 wind_direction=17.0
[gzserver-2] [INFO] [1773170516.027297730] [gazebo_wind_plugin_node]: WindPlugin: set wind_speed=1.94 wind_direction=17.0
[gzserver-2] [INFO] [1773170516.261560183] [gazebo_wind_plugin_node]: WindPlugin: set wind_speed=1.89 wind_direction=18.2
[gzserver-2] [1;36m[Dbg] [wind_plugin.cpp:110] [0m[1;36mWindPlugin: received command -> speed=[0m[1;36m0[0m[1;36m dir=[0m[1;36m0[0m[1;36m
[gzserver-2] [0m[1;36m[Dbg] [wind_plugin.cpp:110] [0m[1;36mWindPlugin: received command -> speed=[0m[1;36m1.80793[0m[1;36m dir=[0m[1;36m17.9007[0m[1;36m
[gzserver-2] [0m[1;36m[Dbg] [wind_plugin.cpp:110] [0m[1;36mWindPlugin: received command -> speed=[0m[1;36m1.80793[0m[1;36m dir=[0m[1;36m17.9007[0m[1;36m
[gzserver-2] [0m[1;36m[Dbg] [wind_plugin.cpp:110] [0m[1;36mWindPlugin: received command -> speed=[0m[1;36m1.80793[0m[1;36m dir=[0m[1;36m17.9007[0m[1;36m
[gzserver-2] [0m[1;36m[Dbg] [wind_plugin.cpp:110] [0m[1;36mWindPlugin: received command -> speed=[0m[1;36m1.80793[0m[1;36m dir=[0m[1;36m17.9007[0m[1;36m
[gzserver-2] [0m[1;36m[Dbg] [wind_plugin.cpp:110] [0m[1;36mWindPlugin: received command -> speed=[0m[1;36m1.79783[0m[1;36m dir=[0m[1;36m17.7621[0m[1;36m
[gzserver-2] [0m[1;36m[Dbg] [wind_plugin.cpp:110] [0m[1;36mWindPlugin: received command -> speed=[0m[1;36m1.79783[0m[1;36m dir=[0m[1;36m17.7621[0m[1;36m
[gzserver-2] [0m[1;36m[Dbg] [wind_plugin.cpp:110] [0m[1;36mWindPlugin: received command -> speed=[0m[1;36m1.79783[0m[1;36m dir=[0m[1;36m17.7621[0m[1;36m
[gzserver-2] [0m[1;36m[Dbg] [wind_plugin.cpp:110] [0m[1;36mWindPlugin: received command -> speed=[0m[1;36m1.79783[0m[1;36m dir=[0m[1;36m17.7621[0m[1;36m
[gzserver-2] [0m[1;36m[Dbg] [wind_plugin.cpp:110] [0m[1;36mWindPlugin: received command -> speed=[0m[1;36m1.97887[0m[1;36m dir=[0m[1;36m18.1016[0m[1;36m
[gzserver-2] [0m[1;36m[Dbg] [wind_plugin.cpp:110] [0m[1;36mWindPlugin: received command -> speed=[0m[1;36m1.97887[0m[1;36m dir=[0m[1;36m18.1016[0m[1;36m
[gzserver-2] [0m[1;36m[Dbg] [wind_plugin.cpp:110] [0m[1;36mWindPlugin: received command -> speed=[0m[1;36m1.97887[0m[1;36m dir=[0m[1;36m18.1016[0m[1;36m
[gzserver-2] [0m[1;36m[Dbg] [wind_plugin.cpp:110] [0m[1;36mWindPlugin: received command -> speed=[0m[1;36m1.97887[0m[1;36m dir=[0m[1;36m18.1016[0m[1;36m
[gzserver-2] [0m[1;36m[Dbg] [wind_plugin.cpp:110] [0m[1;36mWindPlugin: received command -> speed=[0m[1;36m1.93703[0m[1;36m dir=[0m[1;36m17.0111[0m[1;36m
[gzserver-2] [0m[1;36m[Dbg] [wind_plugin.cpp:110] [0m[1;36mWindPlugin: received command -> speed=[0m[1;36m1.93703[0m[1;36m dir=[0m[1;36m17.0111[0m[1;36m
[gzserver-2] [0m[1;36m[Dbg] [wind_plugin.cpp:110] [0m[1;36mWindPlugin: received command -> speed=[0m[1;36m1.93703[0m[1;36m dir=[0m[1;36m17.0111[0m[1;36m
[gzserver-2] [0m[1;36m[Dbg] [wind_plugin.cpp:110] [0m[1;36mWindPlugin: received command -> speed=[0m[1;36m1.93703[0m[1;36m dir=[0m[1;36m17.0111[0m[1;36m
[gzserver-2] [0m[1;36m[Dbg] [wind_plugin.cpp:110] [0m[1;36mWindPlugin: received command -> speed=[0m[1;36m1.93703[0m[1;36m dir=[0m[1;36m17.0111[0m[1;36m
[gzserver-2] [0m[1;36m[Dbg] [wind_plugin.cpp:110] [0m[1;36mWindPlugin: received command -> speed=[0m[1;36m1.89398[0m[1;36m dir=[0m[1;36m18.1804[0m[1;36m
[gzserver-2] [0mLanded!
[gzserver-2] [INFO] [1773170516.495848742] [gazebo_wind_plugin_node]: WindPlugin: set wind_speed=1.89 wind_direction=18.2
[gzserver-2] [INFO] [1773170516.735198761] [gazebo_wind_plugin_node]: WindPlugin: set wind_speed=1.89 wind_direction=18.2
[gzserver-2] [INFO] [1773170516.975368044] [gazebo_wind_plugin_node]: WindPlugin: set wind_speed=1.89 wind_direction=18.2
[gzserver-2] [INFO] [1773170517.210060094] [gazebo_wind_plugin_node]: WindPlugin: set wind_speed=1.89 wind_direction=17.1
[gzserver-2] [INFO] [1773170517.449500733] [gazebo_wind_plugin_node]: WindPlugin: set wind_speed=1.89 wind_direction=17.1
[gzserver-2] [INFO] [1773170517.689520265] [gazebo_wind_plugin_node]: WindPlugin: set wind_speed=1.89 wind_direction=17.1
[gzserver-2] [INFO] [1773170517.923978542] [gazebo_wind_plugin_node]: WindPlugin: set wind_speed=1.89 wind_direction=17.1
[gzserver-2] [INFO] [1773170518.163391622] [gazebo_wind_plugin_node]: WindPlugin: set wind_speed=1.91 wind_direction=18.6
