[INFO] [launch]: All log files can be found below /home/j/.ros/log/2026-03-11-06-24-22-004064-j-1160694
[INFO] [launch]: Default logging verbosity is set to INFO
[INFO] [launch.user]: [bringup] Apriltag config: camera=/drone/bottom, image=/drone/bottom/image_raw, tags=/drone/bottom/tags, bridge=/landing_tag_state, standalone=true, use_target_id=true, target_id=0
[INFO] [rviz2-1]: process started with pid [1160695]
[INFO] [gzserver-2]: process started with pid [1160697]
[INFO] [robot_state_publisher-3]: process started with pid [1160699]
[INFO] [joint_state_publisher-4]: process started with pid [1160701]
[INFO] [spawn_drone-5]: process started with pid [1160703]
[INFO] [static_transform_publisher-6]: process started with pid [1160705]
[INFO] [joy_node-7]: process started with pid [1160707]
[INFO] [teleop_joystick-8]: process started with pid [1160709]
[INFO] [apriltag_detector_node-9]: process started with pid [1160711]
[INFO] [apriltag_state_bridge-10]: process started with pid [1160714]
[static_transform_publisher-6] [WARN] [1773177862.473950758] []: Old-style arguments are deprecated; see --help for new-style arguments
[static_transform_publisher-6] [INFO] [1773177862.482562176] [static_transform_publisher_k056JHRWoXZ9GoSl]: Spinning until stopped - publishing transform
[static_transform_publisher-6] translation: ('0.000000', '0.000000', '0.000000')
[static_transform_publisher-6] rotation: ('0.000000', '0.000000', '0.000000', '1.000000')
[static_transform_publisher-6] from 'world' to '/drone/odom'
[robot_state_publisher-3] [INFO] [1773177862.498186947] [drone.robot_state_publisher]: got segment base_footprint
[robot_state_publisher-3] [INFO] [1773177862.498251838] [drone.robot_state_publisher]: got segment base_link
[robot_state_publisher-3] [INFO] [1773177862.498257458] [drone.robot_state_publisher]: got segment bottom_cam_link
[robot_state_publisher-3] [INFO] [1773177862.498260732] [drone.robot_state_publisher]: got segment front_cam_link
[robot_state_publisher-3] [INFO] [1773177862.498263527] [drone.robot_state_publisher]: got segment sonar_link
[rviz2-1] 
[rviz2-1] (rviz2:1160695): dbind-WARNING **: 06:24:22.506: Couldn't connect to accessibility bus: Failed to connect to socket /root/.cache/at-spi/bus_0: 허가 거부
[apriltag_detector_node-9] [INFO] [1773177862.511450048] [apriltag_detector_node]: tag detector type: umich
[teleop_joystick-8] Traceback (most recent call last):
[teleop_joystick-8]   File "/home/j/INCSL/IICC26_ws/install/sjtu_drone_control/lib/sjtu_drone_control/teleop_joystick", line 33, in <module>
[teleop_joystick-8]     sys.exit(load_entry_point('sjtu_drone_control==0.0.0', 'console_scripts', 'teleop_joystick')())
[teleop_joystick-8]   File "/home/j/INCSL/IICC26_ws/install/sjtu_drone_control/lib/sjtu_drone_control/teleop_joystick", line 22, in importlib_load_entry_point
[teleop_joystick-8]     for entry_point in distribution(dist_name).entry_points
[teleop_joystick-8]   File "/usr/lib/python3.10/importlib/metadata/__init__.py", line 969, in distribution
[teleop_joystick-8]     return Distribution.from_name(distribution_name)
[teleop_joystick-8]   File "/usr/lib/python3.10/importlib/metadata/__init__.py", line 548, in from_name
[teleop_joystick-8]     raise PackageNotFoundError(name)
[teleop_joystick-8] importlib.metadata.PackageNotFoundError: No package metadata was found for sjtu_drone_control
[ERROR] [teleop_joystick-8]: process has died [pid 1160709, exit code 1, cmd '/home/j/INCSL/IICC26_ws/install/sjtu_drone_control/lib/sjtu_drone_control/teleop_joystick --ros-args -r __ns:=/drone'].
[gzserver-2] Gazebo multi-robot simulator, version 11.10.2
[gzserver-2] Copyright (C) 2012 Open Source Robotics Foundation.
[gzserver-2] Released under the Apache 2 License.
[gzserver-2] http://gazebosim.org
[gzserver-2] 
[joint_state_publisher-4] [INFO] [1773177862.715372484] [drone.joint_state_publisher]: Waiting for robot_description to be published on the robot_description topic...
[apriltag_state_bridge-10] [INFO] [1773177862.752369767] [apriltag_state_bridge]: AprilTag bridge started: /drone/bottom/tags -> /landing_tag_state, use_target_id=True, target_id=0
[gzserver-2] [1;33m[Wrn] [gazebo_ros_init.cpp:178] [0m[1;33m
[gzserver-2] #     # ####### ####### ###  #####  #######
[gzserver-2] ##    # #     #    #     #  #     # #
[gzserver-2] # #   # #     #    #     #  #       #
[gzserver-2] #  #  # #     #    #     #  #       #####
[gzserver-2] #   # # #     #    #     #  #       #
[gzserver-2] #    ## #     #    #     #  #     # #
[gzserver-2] #     # #######    #    ###  #####  #######
[gzserver-2] 
[gzserver-2] This version of Gazebo, now called Gazebo classic, reaches end-of-life
[gzserver-2] in January 2025. Users are highly encouraged to migrate to the new Gazebo
[gzserver-2] using our migration guides (https://gazebosim.org/docs/latest/gazebo_classic_migration?utm_source=gazebo_ros_pkgs&utm_medium=cli)
[gzserver-2] 
[gzserver-2] [0m[1;33m
[rviz2-1] [INFO] [1773177863.378082946] [rviz2]: Stereo is NOT SUPPORTED
[rviz2-1] [INFO] [1773177863.378172089] [rviz2]: OpenGl version: 4.6 (GLSL 4.6)
[rviz2-1] [INFO] [1773177863.463681109] [rviz2]: Stereo is NOT SUPPORTED
[rviz2-1] [INFO] [1773177863.555645869] [rviz2]: Stereo is NOT SUPPORTED
[spawn_drone-5] [INFO] [1773177863.723539172] [spawn_drone]: service not available, waiting again...
[gzserver-2] [1;32m[Msg] [0m[1;32mWaiting for master.[0m[1;32m
[gzserver-2] [0m[1;32m[0m[1;32m[0m[1;32m[Msg] [0m[1;32mConnected to gazebo master @ [0m[1;32mhttp://127.0.0.1:11345[0m[1;32m
[gzserver-2] [0m[1;32m[0m[1;32m[0m[1;32m[Msg] [0m[1;32mPublicized address: [0m[1;32m192.168.0.11[0m[1;32m
[gzserver-2] [0m[1;32m[0m[1;32m[0m[1;32m[Msg] [0m[1;32mLoading world file [[0m[1;32m/home/j/INCSL/IICC26_ws/install/sjtu_drone_description/share/sjtu_drone_description/worlds/landingPad.world[0m[1;32m][0m[1;32m
[gzserver-2] [0m[1;32m[0m[1;32m[0m[1;36m[Dbg] [wind_plugin.cpp:96] [0m[1;36mWindPlugin loaded: speed=[0m[1;36m0[0m[1;36m dir=[0m[1;36m0[0m[1;36m deg area=[0m[1;36m0.1[0m[1;36m coeff=[0m[1;36m1[0m[1;36m
[gzserver-2] [0m[1;33m[0m[1;33m[0m[1;31m[Err] [Sensor.cc:510] [0m[1;31mGet noise index not valid[0m[1;31m
[gzserver-2] [0m[1;31m[0m[1;31m[0m[1;31m[Err] [Sensor.cc:510] [0m[1;31mGet noise index not valid[0m[1;31m
[gzserver-2] [0m[1;31m[0m[1;31m[0m[1;31m[Err] [Sensor.cc:510] [0m[1;31mGet noise index not valid[0m[1;31m
[gzserver-2] [0m[1;31m[0m[1;31m[0m[1;31m[Err] [Sensor.cc:510] [0m[1;31mGet noise index not valid[0m[1;31m
[gzserver-2] [0m[1;31m[0m[1;31m[0m[1;31m[Err] [Sensor.cc:510] [0m[1;31mGet noise index not valid[0m[1;31m
[gzserver-2] [0m[1;31m[0m[1;31m[0m[1;31m[Err] [Sensor.cc:510] [0m[1;31mGet noise index not valid[0m[1;31m
[gzserver-2] [0m[1;31m[0m[1;31m[0mTopic [default//drone/base_footprint/down_camera/image] is not valid.
[gzserver-2] [INFO] [1773177864.185018776] [drone.collision_plugin]: Publishing contact states to [/drone/bumper_states]
[gzserver-2] Topic [default//drone/base_footprint/front_camera/image] is not valid.
[gzserver-2] [1;33m[Wrn] [Event.cc:61] [0m[1;33mWarning: Deleting a connection right after creation. [0m[1;33mMake sure to save the ConnectionPtr from a Connect call
[gzserver-2] [0m[INFO] [1773177864.544752612] [drone.camera_bottom]: Publishing camera info to [/drone/bottom/camera_info]
[gzserver-2] [INFO] [1773177864.547692803] [drone.camera_front]: Publishing camera info to [/drone/front/camera_info]
[spawn_drone-5] [INFO] [1773177864.548688607] [spawn_drone]: Result True SpawnEntity: Successfully spawned entity [/drone]
[gzserver-2] [INFO] [1773177864.670115781] [drone.simple_drone]: The drone plugin is loading!
[gzserver-2] [INFO] [1773177864.670321111] [drone.simple_drone]: pub_odom: 1
[gzserver-2] [INFO] [1773177864.670355238] [drone.simple_drone]: Using following parameters: 
[gzserver-2] 		link_name: base_footprint,
[gzserver-2] 		max_force: 30,
[gzserver-2] 		motion_small_noise: 0,
[gzserver-2] 		motion_drift_noise: 0,
[gzserver-2] 		motion_drift_noise_time: 50,
[gzserver-2] 		takeoff_hover_height: 1.59,
[gzserver-2] 		takeoff_vertical_speed: 0.2
[gzserver-2] [INFO] [1773177864.682224130] [drone.simple_drone]: Using the PID parameters: 
[gzserver-2] 	Roll Pitch:
[gzserver-2] 		kP: 10, kI: 0,kD: 5, Limit: 0.5, Time Constant: 0
[gzserver-2] 	Yaw:
[gzserver-2] 		kP: 2, kI: 0,kD: 1, Limit: 1.5, Time Constant: 0
[gzserver-2] 	Velocity X:
[gzserver-2] 		kP: 5, kI: 0,kD: 2.3, Limit: 2, Time Constant: 0
[gzserver-2] 	Velocity Y:
[gzserver-2] 		kP: 5, kI: 0,kD: 2.3, Limit: 2, Time Constant: 0
[gzserver-2] 	Velocity Z:
[gzserver-2] 		kP: 5, kI: 0,kD: 1, Limit: -1, Time Constant: 0
[gzserver-2] 	Position XY:
[gzserver-2] 		kP: 1.1, kI: 0,kD: 0, Limit: 5, Time Constant: 0
[gzserver-2] 	Position Z:
[gzserver-2] 		kP: 1, kI: 0,kD: 0.2, Limit: -1, Time Constant: 0
[gzserver-2] [INFO] [1773177864.682356106] [drone.simple_drone]: The drone plugin finished loading!
[INFO] [spawn_drone-5]: process has finished cleanly [pid 1160703]
[gzserver-2] [INFO] [1773177871.828072286] [gazebo_wind_plugin_node]: WindPlugin: set wind_speed=0.00 wind_direction=0.0
[gzserver-2] [INFO] [1773177872.095666769] [gazebo_wind_plugin_node]: WindPlugin: set wind_speed=0.00 wind_direction=0.0
[gzserver-2] [INFO] [1773177872.122687023] [drone.simple_drone]: Quadrotor takes off!!
[gzserver-2] [INFO] [1773177872.324347829] [gazebo_wind_plugin_node]: WindPlugin: set wind_speed=0.00 wind_direction=0.0
[gzserver-2] [INFO] [1773177872.559460341] [gazebo_wind_plugin_node]: WindPlugin: set wind_speed=0.00 wind_direction=0.0
[gzserver-2] [INFO] [1773177872.793267353] [gazebo_wind_plugin_node]: WindPlugin: set wind_speed=0.00 wind_direction=0.0
[gzserver-2] [INFO] [1773177873.027080385] [gazebo_wind_plugin_node]: WindPlugin: set wind_speed=0.00 wind_direction=0.0
[gzserver-2] [INFO] [1773177873.260869930] [gazebo_wind_plugin_node]: WindPlugin: set wind_speed=0.00 wind_direction=0.0
[gzserver-2] [0m[1;36m[Dbg] [wind_plugin.cpp:110] [0m[1;36mWindPlugin: received command -> speed=[0m[1;36m0[0m[1;36m dir=[0m[1;36m0[0m[1;36m
[gzserver-2] [0m[1;36m[Dbg] [wind_plugin.cpp:110] [0m[1;36mWindPlugin: received command -> speed=[0m[1;36m0[0m[1;36m dir=[0m[1;36m0[0m[1;36m
[gzserver-2] [0m[1;36m[Dbg] [wind_plugin.cpp:110] [0m[1;36mWindPlugin: received command -> speed=[0m[1;36m0[0m[1;36m dir=[0m[1;36m0[0m[1;36m
[gzserver-2] [0m[1;36m[Dbg] [wind_plugin.cpp:110] [0m[1;36mWindPlugin: received command -> speed=[0m[1;36m0[0m[1;36m dir=[0m[1;36m0[0m[1;36m
[gzserver-2] [0m[1;36m[Dbg] [wind_plugin.cpp:110] [0m[1;36mWindPlugin: received command -> speed=[0m[1;36m0[0m[1;36m dir=[0m[1;36m0[0m[1;36m
[gzserver-2] [0m[1;36m[Dbg] [wind_plugin.cpp:110] [0m[1;36mWindPlugin: received command -> speed=[0m[1;36m0[0m[1;36m dir=[0m[1;36m0[0m[1;36m
[gzserver-2] [0m[1;36m[Dbg] [wind_plugin.cpp:110] [0m[1;36mWindPlugin: received command -> speed=[0m[1;36m0[0m[1;36m dir=[0m[1;36m0[0m[1;36m
[gzserver-2] [0mEntering flying model!
[gzserver-2] [INFO] [1773177873.500960595] [gazebo_wind_plugin_node]: WindPlugin: set wind_speed=0.00 wind_direction=0.0
[gzserver-2] [INFO] [1773177873.740595522] [gazebo_wind_plugin_node]: WindPlugin: set wind_speed=1.50 wind_direction=-68.5
[gzserver-2] [INFO] [1773177873.981402971] [gazebo_wind_plugin_node]: WindPlugin: set wind_speed=1.50 wind_direction=-68.5
[gzserver-2] [INFO] [1773177874.223246257] [gazebo_wind_plugin_node]: WindPlugin: set wind_speed=1.50 wind_direction=-68.5
[gzserver-2] [INFO] [1773177874.462460431] [gazebo_wind_plugin_node]: WindPlugin: set wind_speed=1.52 wind_direction=-64.7
[gzserver-2] [INFO] [1773177874.697374590] [gazebo_wind_plugin_node]: WindPlugin: set wind_speed=1.52 wind_direction=-64.7
[gzserver-2] [INFO] [1773177874.931120772] [gazebo_wind_plugin_node]: WindPlugin: set wind_speed=1.52 wind_direction=-64.7
[gzserver-2] [INFO] [1773177875.165607568] [gazebo_wind_plugin_node]: WindPlugin: set wind_speed=1.52 wind_direction=-64.7
[gzserver-2] [INFO] [1773177875.399321024] [gazebo_wind_plugin_node]: WindPlugin: set wind_speed=1.40 wind_direction=-69.2
[gzserver-2] [INFO] [1773177875.628377324] [gazebo_wind_plugin_node]: WindPlugin: set wind_speed=1.40 wind_direction=-69.2
[gzserver-2] [INFO] [1773177875.862366406] [gazebo_wind_plugin_node]: WindPlugin: set wind_speed=1.40 wind_direction=-69.2
[gzserver-2] [INFO] [1773177876.096980226] [gazebo_wind_plugin_node]: WindPlugin: set wind_speed=1.40 wind_direction=-69.2
[gzserver-2] [INFO] [1773177876.336061792] [gazebo_wind_plugin_node]: WindPlugin: set wind_speed=1.50 wind_direction=-67.8
[gzserver-2] [INFO] [1773177876.575712683] [gazebo_wind_plugin_node]: WindPlugin: set wind_speed=1.50 wind_direction=-67.8
[gzserver-2] [INFO] [1773177876.613780156] [drone.simple_drone]: Quadrotor lands!!
[gzserver-2] [INFO] [1773177876.815241541] [gazebo_wind_plugin_node]: WindPlugin: set wind_speed=1.50 wind_direction=-67.8
[gzserver-2] [INFO] [1773177877.044402917] [gazebo_wind_plugin_node]: WindPlugin: set wind_speed=1.50 wind_direction=-67.8
[gzserver-2] [INFO] [1773177877.284415511] [gazebo_wind_plugin_node]: WindPlugin: set wind_speed=1.50 wind_direction=-67.8
[gzserver-2] [INFO] [1773177877.523786385] [gazebo_wind_plugin_node]: WindPlugin: set wind_speed=1.41 wind_direction=-68.2
[gzserver-2] [1;36m[Dbg] [wind_plugin.cpp:110] [0m[1;36mWindPlugin: received command -> speed=[0m[1;36m0[0m[1;36m dir=[0m[1;36m0[0m[1;36m
[gzserver-2] [0m[1;36m[Dbg] [wind_plugin.cpp:110] [0m[1;36mWindPlugin: received command -> speed=[0m[1;36m1.497[0m[1;36m dir=[0m[1;36m-68.4753[0m[1;36m
[gzserver-2] [0m[1;36m[Dbg] [wind_plugin.cpp:110] [0m[1;36mWindPlugin: received command -> speed=[0m[1;36m1.497[0m[1;36m dir=[0m[1;36m-68.4753[0m[1;36m
[gzserver-2] [0m[1;36m[Dbg] [wind_plugin.cpp:110] [0m[1;36mWindPlugin: received command -> speed=[0m[1;36m1.497[0m[1;36m dir=[0m[1;36m-68.4753[0m[1;36m
[gzserver-2] [0m[1;36m[Dbg] [wind_plugin.cpp:110] [0m[1;36mWindPlugin: received command -> speed=[0m[1;36m1.51937[0m[1;36m dir=[0m[1;36m-64.6658[0m[1;36m
[gzserver-2] [0m[1;36m[Dbg] [wind_plugin.cpp:110] [0m[1;36mWindPlugin: received command -> speed=[0m[1;36m1.51937[0m[1;36m dir=[0m[1;36m-64.6658[0m[1;36m
[gzserver-2] [0m[1;36m[Dbg] [wind_plugin.cpp:110] [0m[1;36mWindPlugin: received command -> speed=[0m[1;36m1.51937[0m[1;36m dir=[0m[1;36m-64.6658[0m[1;36m
[gzserver-2] [0m[1;36m[Dbg] [wind_plugin.cpp:110] [0m[1;36mWindPlugin: received command -> speed=[0m[1;36m1.51937[0m[1;36m dir=[0m[1;36m-64.6658[0m[1;36m
[gzserver-2] [0m[1;36m[Dbg] [wind_plugin.cpp:110] [0m[1;36mWindPlugin: received command -> speed=[0m[1;36m1.39849[0m[1;36m dir=[0m[1;36m-69.1696[0m[1;36m
[gzserver-2] [0m[1;36m[Dbg] [wind_plugin.cpp:110] [0m[1;36mWindPlugin: received command -> speed=[0m[1;36m1.39849[0m[1;36m dir=[0m[1;36m-69.1696[0m[1;36m
[gzserver-2] [0m[1;36m[Dbg] [wind_plugin.cpp:110] [0m[1;36mWindPlugin: received command -> speed=[0m[1;36m1.39849[0m[1;36m dir=[0m[1;36m-69.1696[0m[1;36m
[gzserver-2] [0m[1;36m[Dbg] [wind_plugin.cpp:110] [0m[1;36mWindPlugin: received command -> speed=[0m[1;36m1.39849[0m[1;36m dir=[0m[1;36m-69.1696[0m[1;36m
[gzserver-2] [0m[1;36m[Dbg] [wind_plugin.cpp:110] [0m[1;36mWindPlugin: received command -> speed=[0m[1;36m1.49531[0m[1;36m dir=[0m[1;36m-67.7701[0m[1;36m
[gzserver-2] [0m[1;36m[Dbg] [wind_plugin.cpp:110] [0m[1;36mWindPlugin: received command -> speed=[0m[1;36m1.49531[0m[1;36m dir=[0m[1;36m-67.7701[0m[1;36m
[gzserver-2] [0m[1;36m[Dbg] [wind_plugin.cpp:110] [0m[1;36mWindPlugin: received command -> speed=[0m[1;36m1.49531[0m[1;36m dir=[0m[1;36m-67.7701[0m[1;36m
[gzserver-2] [0m[1;36m[Dbg] [wind_plugin.cpp:110] [0m[1;36mWindPlugin: received command -> speed=[0m[1;36m1.49531[0m[1;36m dir=[0m[1;36m-67.7701[0m[1;36m
[gzserver-2] [0m[1;36m[Dbg] [wind_plugin.cpp:110] [0m[1;36mWindPlugin: received command -> speed=[0m[1;36m1.49531[0m[1;36m dir=[0m[1;36m-67.7701[0m[1;36m
[gzserver-2] [0m[1;36m[Dbg] [wind_plugin.cpp:110] [0m[1;36mWindPlugin: received command -> speed=[0m[1;36m1.40921[0m[1;36m dir=[0m[1;36m-68.2402[0m[1;36m
[gzserver-2] [0mLanded!
[gzserver-2] [INFO] [1773177877.758214672] [gazebo_wind_plugin_node]: WindPlugin: set wind_speed=1.41 wind_direction=-68.2
[gzserver-2] [INFO] [1773177877.997787163] [gazebo_wind_plugin_node]: WindPlugin: set wind_speed=1.41 wind_direction=-68.2
[gzserver-2] [INFO] [1773177878.237509841] [gazebo_wind_plugin_node]: WindPlugin: set wind_speed=1.41 wind_direction=-68.2
[gzserver-2] [INFO] [1773177878.471405813] [gazebo_wind_plugin_node]: WindPlugin: set wind_speed=1.55 wind_direction=-67.0
[gzserver-2] [INFO] [1773177878.711231305] [gazebo_wind_plugin_node]: WindPlugin: set wind_speed=1.55 wind_direction=-67.0
[gzserver-2] [INFO] [1773177878.950793556] [gazebo_wind_plugin_node]: WindPlugin: set wind_speed=1.55 wind_direction=-67.0
[gzserver-2] [INFO] [1773177879.185919119] [gazebo_wind_plugin_node]: WindPlugin: set wind_speed=1.55 wind_direction=-67.0
[gzserver-2] [INFO] [1773177879.425326636] [gazebo_wind_plugin_node]: WindPlugin: set wind_speed=1.42 wind_direction=-69.2
