[INFO] [launch]: All log files can be found below /home/j/.ros/log/2026-03-11-04-17-47-225214-j-4153197
[INFO] [launch]: Default logging verbosity is set to INFO
[INFO] [launch.user]: [bringup] Apriltag config: camera=/drone/bottom, image=/drone/bottom/image_raw, tags=/drone/bottom/tags, bridge=/landing_tag_state, standalone=true, use_target_id=true, target_id=0
[INFO] [rviz2-1]: process started with pid [4153213]
[INFO] [gzserver-2]: process started with pid [4153215]
[INFO] [robot_state_publisher-3]: process started with pid [4153217]
[INFO] [joint_state_publisher-4]: process started with pid [4153219]
[INFO] [spawn_drone-5]: process started with pid [4153221]
[INFO] [static_transform_publisher-6]: process started with pid [4153223]
[INFO] [joy_node-7]: process started with pid [4153225]
[INFO] [teleop_joystick-8]: process started with pid [4153227]
[INFO] [apriltag_detector_node-9]: process started with pid [4153229]
[INFO] [apriltag_state_bridge-10]: process started with pid [4153232]
[static_transform_publisher-6] [WARN] [1773170267.705435135] []: Old-style arguments are deprecated; see --help for new-style arguments
[static_transform_publisher-6] [INFO] [1773170267.711975566] [static_transform_publisher_Eplqm3oxhiK9tPHi]: Spinning until stopped - publishing transform
[static_transform_publisher-6] translation: ('0.000000', '0.000000', '0.000000')
[static_transform_publisher-6] rotation: ('0.000000', '0.000000', '0.000000', '1.000000')
[static_transform_publisher-6] from 'world' to '/drone/odom'
[robot_state_publisher-3] [INFO] [1773170267.734820600] [drone.robot_state_publisher]: got segment base_footprint
[robot_state_publisher-3] [INFO] [1773170267.734912599] [drone.robot_state_publisher]: got segment base_link
[robot_state_publisher-3] [INFO] [1773170267.734924572] [drone.robot_state_publisher]: got segment bottom_cam_link
[robot_state_publisher-3] [INFO] [1773170267.734932734] [drone.robot_state_publisher]: got segment front_cam_link
[robot_state_publisher-3] [INFO] [1773170267.734939870] [drone.robot_state_publisher]: got segment sonar_link
[apriltag_detector_node-9] [INFO] [1773170267.740243180] [apriltag_detector_node]: tag detector type: umich
[rviz2-1] 
[rviz2-1] (rviz2:4153213): dbind-WARNING **: 04:17:47.749: Couldn't connect to accessibility bus: Failed to connect to socket /root/.cache/at-spi/bus_0: 허가 거부
[teleop_joystick-8] Traceback (most recent call last):
[teleop_joystick-8]   File "/home/j/INCSL/IICC26_ws/install/sjtu_drone_control/lib/sjtu_drone_control/teleop_joystick", line 33, in <module>
[teleop_joystick-8]     sys.exit(load_entry_point('sjtu_drone_control==0.0.0', 'console_scripts', 'teleop_joystick')())
[teleop_joystick-8]   File "/home/j/INCSL/IICC26_ws/install/sjtu_drone_control/lib/sjtu_drone_control/teleop_joystick", line 22, in importlib_load_entry_point
[teleop_joystick-8]     for entry_point in distribution(dist_name).entry_points
[teleop_joystick-8]   File "/usr/lib/python3.10/importlib/metadata/__init__.py", line 969, in distribution
[teleop_joystick-8]     return Distribution.from_name(distribution_name)
[teleop_joystick-8]   File "/usr/lib/python3.10/importlib/metadata/__init__.py", line 548, in from_name
[teleop_joystick-8]     raise PackageNotFoundError(name)
[teleop_joystick-8] importlib.metadata.PackageNotFoundError: No package metadata was found for sjtu_drone_control
[ERROR] [teleop_joystick-8]: process has died [pid 4153227, exit code 1, cmd '/home/j/INCSL/IICC26_ws/install/sjtu_drone_control/lib/sjtu_drone_control/teleop_joystick --ros-args -r __ns:=/drone'].
[gzserver-2] Gazebo multi-robot simulator, version 11.10.2
[gzserver-2] Copyright (C) 2012 Open Source Robotics Foundation.
[gzserver-2] Released under the Apache 2 License.
[gzserver-2] http://gazebosim.org
[gzserver-2] 
[apriltag_state_bridge-10] [INFO] [1773170267.925211297] [apriltag_state_bridge]: AprilTag bridge started: /drone/bottom/tags -> /landing_tag_state, use_target_id=True, target_id=0
[joint_state_publisher-4] [INFO] [1773170267.966188649] [drone.joint_state_publisher]: Waiting for robot_description to be published on the robot_description topic...
[gzserver-2] [1;33m[Wrn] [gazebo_ros_init.cpp:178] [0m[1;33m
[gzserver-2] #     # ####### ####### ###  #####  #######
[gzserver-2] ##    # #     #    #     #  #     # #
[gzserver-2] # #   # #     #    #     #  #       #
[gzserver-2] #  #  # #     #    #     #  #       #####
[gzserver-2] #   # # #     #    #     #  #       #
[gzserver-2] #    ## #     #    #     #  #     # #
[gzserver-2] #     # #######    #    ###  #####  #######
[gzserver-2] 
[gzserver-2] This version of Gazebo, now called Gazebo classic, reaches end-of-life
[gzserver-2] in January 2025. Users are highly encouraged to migrate to the new Gazebo
[gzserver-2] using our migration guides (https://gazebosim.org/docs/latest/gazebo_classic_migration?utm_source=gazebo_ros_pkgs&utm_medium=cli)
[gzserver-2] 
[gzserver-2] [0m[1;33m
[rviz2-1] [INFO] [1773170268.541850533] [rviz2]: Stereo is NOT SUPPORTED
[rviz2-1] [INFO] [1773170268.541951392] [rviz2]: OpenGl version: 4.6 (GLSL 4.6)
[rviz2-1] [INFO] [1773170268.628294425] [rviz2]: Stereo is NOT SUPPORTED
[rviz2-1] [INFO] [1773170268.718281527] [rviz2]: Stereo is NOT SUPPORTED
[spawn_drone-5] [INFO] [1773170269.106402319] [spawn_drone]: Result False Entity pushed to spawn queue, but spawn service timed outwaiting for entity to appear in simulation under the name [/drone]
[gzserver-2] [1;32m[Msg] [0m[1;32mWaiting for master.[0m[1;32m
[gzserver-2] [0m[1;32m[0m[1;32m[0m[1;32m[Msg] [0m[1;32mConnected to gazebo master @ [0m[1;32mhttp://127.0.0.1:11345[0m[1;32m
[gzserver-2] [0m[1;32m[0m[1;32m[0m[1;32m[Msg] [0m[1;32mPublicized address: [0m[1;32m192.168.0.11[0m[1;32m
[gzserver-2] [0m[1;32m[0m[1;32m[0m[1;32m[Msg] [0m[1;32mLoading world file [[0m[1;32m/home/j/INCSL/IICC26_ws/install/sjtu_drone_description/share/sjtu_drone_description/worlds/landingPad.world[0m[1;32m][0m[1;32m
[gzserver-2] [0m[1;32m[0m[1;32m[0m[1;36m[Dbg] [wind_plugin.cpp:96] [0m[1;36mWindPlugin loaded: speed=[0m[1;36m0[0m[1;36m dir=[0m[1;36m0[0m[1;36m deg area=[0m[1;36m0.1[0m[1;36m coeff=[0m[1;36m1[0m[1;36m
[gzserver-2] [0m[1;33m[0m[1;33m[0m[1;31m[Err] [Sensor.cc:510] [0m[1;31mGet noise index not valid[0m[1;31m
[gzserver-2] [0m[1;31m[0m[1;31m[0m[1;31m[Err] [Sensor.cc:510] [0m[1;31mGet noise index not valid[0m[1;31m
[gzserver-2] [0m[1;31m[0m[1;31m[0m[1;31m[Err] [Sensor.cc:510] [0m[1;31mGet noise index not valid[0m[1;31m
[gzserver-2] [0m[1;31m[0m[1;31m[0m[1;31m[Err] [Sensor.cc:510] [0m[1;31mGet noise index not valid[0m[1;31m
[gzserver-2] [0m[1;31m[0m[1;31m[0m[1;31m[Err] [Sensor.cc:510] [0m[1;31mGet noise index not valid[0m[1;31m
[gzserver-2] [0m[1;31m[0m[1;31m[0m[1;31m[Err] [Sensor.cc:510] [0m[1;31mGet noise index not valid[0m[1;31m
[gzserver-2] [0m[1;31m[0m[1;31m[0mTopic [default//drone/base_footprint/down_camera/image] is not valid.
[gzserver-2] [INFO] [1773170269.137890067] [drone.collision_plugin]: Publishing contact states to [/drone/bumper_states]
[gzserver-2] Topic [default//drone/base_footprint/front_camera/image] is not valid.
[gzserver-2] [1;33m[Wrn] [Event.cc:61] [0m[1;33mWarning: Deleting a connection right after creation. [0m[1;33mMake sure to save the ConnectionPtr from a Connect call
[INFO] [spawn_drone-5]: process has finished cleanly [pid 4153221]
[gzserver-2] [0m[INFO] [1773170269.712987470] [drone.camera_bottom]: Publishing camera info to [/drone/bottom/camera_info]
[gzserver-2] [INFO] [1773170269.718093673] [drone.camera_front]: Publishing camera info to [/drone/front/camera_info]
[gzserver-2] [INFO] [1773170269.851477360] [drone.simple_drone]: The drone plugin is loading!
[gzserver-2] [INFO] [1773170269.851706167] [drone.simple_drone]: pub_odom: 1
[gzserver-2] [INFO] [1773170269.851743177] [drone.simple_drone]: Using following parameters: 
[gzserver-2] 		link_name: base_footprint,
[gzserver-2] 		max_force: 30,
[gzserver-2] 		motion_small_noise: 0,
[gzserver-2] 		motion_drift_noise: 0,
[gzserver-2] 		motion_drift_noise_time: 50,
[gzserver-2] 		takeoff_hover_height: 2.1,
[gzserver-2] 		takeoff_vertical_speed: 0.2
[gzserver-2] [INFO] [1773170269.863628729] [drone.simple_drone]: Using the PID parameters: 
[gzserver-2] 	Roll Pitch:
[gzserver-2] 		kP: 10, kI: 0,kD: 5, Limit: 0.5, Time Constant: 0
[gzserver-2] 	Yaw:
[gzserver-2] 		kP: 2, kI: 0,kD: 1, Limit: 1.5, Time Constant: 0
[gzserver-2] 	Velocity X:
[gzserver-2] 		kP: 5, kI: 0,kD: 2.3, Limit: 2, Time Constant: 0
[gzserver-2] 	Velocity Y:
[gzserver-2] 		kP: 5, kI: 0,kD: 2.3, Limit: 2, Time Constant: 0
[gzserver-2] 	Velocity Z:
[gzserver-2] 		kP: 5, kI: 0,kD: 1, Limit: -1, Time Constant: 0
[gzserver-2] 	Position XY:
[gzserver-2] 		kP: 1.1, kI: 0,kD: 0, Limit: 5, Time Constant: 0
[gzserver-2] 	Position Z:
[gzserver-2] 		kP: 1, kI: 0,kD: 0.2, Limit: -1, Time Constant: 0
[gzserver-2] [INFO] [1773170269.863766728] [drone.simple_drone]: The drone plugin finished loading!
[gzserver-2] [INFO] [1773170277.061039412] [gazebo_wind_plugin_node]: WindPlugin: set wind_speed=0.00 wind_direction=0.0
[gzserver-2] [INFO] [1773170277.331727333] [gazebo_wind_plugin_node]: WindPlugin: set wind_speed=0.00 wind_direction=0.0
[gzserver-2] [INFO] [1773170277.370541028] [drone.simple_drone]: Quadrotor takes off!!
[gzserver-2] [INFO] [1773170277.571535313] [gazebo_wind_plugin_node]: WindPlugin: set wind_speed=0.00 wind_direction=0.0
[gzserver-2] [INFO] [1773170277.806555647] [gazebo_wind_plugin_node]: WindPlugin: set wind_speed=0.00 wind_direction=0.0
[gzserver-2] [INFO] [1773170278.040642687] [gazebo_wind_plugin_node]: WindPlugin: set wind_speed=0.00 wind_direction=0.0
[gzserver-2] [INFO] [1773170278.275388967] [gazebo_wind_plugin_node]: WindPlugin: set wind_speed=0.00 wind_direction=0.0
[gzserver-2] [INFO] [1773170278.509334327] [gazebo_wind_plugin_node]: WindPlugin: set wind_speed=0.00 wind_direction=0.0
[gzserver-2] [INFO] [1773170278.748903646] [gazebo_wind_plugin_node]: WindPlugin: set wind_speed=0.00 wind_direction=0.0
[gzserver-2] [INFO] [1773170278.983499261] [gazebo_wind_plugin_node]: WindPlugin: set wind_speed=0.00 wind_direction=0.0
[gzserver-2] [0m[1;36m[Dbg] [wind_plugin.cpp:110] [0m[1;36mWindPlugin: received command -> speed=[0m[1;36m0[0m[1;36m dir=[0m[1;36m0[0m[1;36m
[gzserver-2] [0m[1;36m[Dbg] [wind_plugin.cpp:110] [0m[1;36mWindPlugin: received command -> speed=[0m[1;36m0[0m[1;36m dir=[0m[1;36m0[0m[1;36m
[gzserver-2] [0m[1;36m[Dbg] [wind_plugin.cpp:110] [0m[1;36mWindPlugin: received command -> speed=[0m[1;36m0[0m[1;36m dir=[0m[1;36m0[0m[1;36m
[gzserver-2] [0m[1;36m[Dbg] [wind_plugin.cpp:110] [0m[1;36mWindPlugin: received command -> speed=[0m[1;36m0[0m[1;36m dir=[0m[1;36m0[0m[1;36m
[gzserver-2] [0m[1;36m[Dbg] [wind_plugin.cpp:110] [0m[1;36mWindPlugin: received command -> speed=[0m[1;36m0[0m[1;36m dir=[0m[1;36m0[0m[1;36m
[gzserver-2] [0m[1;36m[Dbg] [wind_plugin.cpp:110] [0m[1;36mWindPlugin: received command -> speed=[0m[1;36m0[0m[1;36m dir=[0m[1;36m0[0m[1;36m
[gzserver-2] [0m[1;36m[Dbg] [wind_plugin.cpp:110] [0m[1;36mWindPlugin: received command -> speed=[0m[1;36m0[0m[1;36m dir=[0m[1;36m0[0m[1;36m
[gzserver-2] [0m[1;36m[Dbg] [wind_plugin.cpp:110] [0m[1;36mWindPlugin: received command -> speed=[0m[1;36m0[0m[1;36m dir=[0m[1;36m0[0m[1;36m
[gzserver-2] [0m[1;36m[Dbg] [wind_plugin.cpp:110] [0m[1;36mWindPlugin: received command -> speed=[0m[1;36m0[0m[1;36m dir=[0m[1;36m0[0m[1;36m
[gzserver-2] [0mEntering flying model!
[gzserver-2] [INFO] [1773170279.223770124] [gazebo_wind_plugin_node]: WindPlugin: set wind_speed=0.00 wind_direction=0.0
[gzserver-2] [INFO] [1773170279.463903337] [gazebo_wind_plugin_node]: WindPlugin: set wind_speed=2.23 wind_direction=32.9
[gzserver-2] [INFO] [1773170279.703765667] [gazebo_wind_plugin_node]: WindPlugin: set wind_speed=2.27 wind_direction=33.1
[gzserver-2] [INFO] [1773170279.943543841] [gazebo_wind_plugin_node]: WindPlugin: set wind_speed=2.27 wind_direction=33.1
[gzserver-2] [INFO] [1773170280.182487264] [gazebo_wind_plugin_node]: WindPlugin: set wind_speed=2.27 wind_direction=33.1
[gzserver-2] [INFO] [1773170280.417858966] [gazebo_wind_plugin_node]: WindPlugin: set wind_speed=2.27 wind_direction=33.1
[gzserver-2] [INFO] [1773170280.652551574] [gazebo_wind_plugin_node]: WindPlugin: set wind_speed=2.26 wind_direction=35.3
[gzserver-2] [INFO] [1773170280.891822569] [gazebo_wind_plugin_node]: WindPlugin: set wind_speed=2.26 wind_direction=35.3
[gzserver-2] [INFO] [1773170281.131252509] [gazebo_wind_plugin_node]: WindPlugin: set wind_speed=2.26 wind_direction=35.3
[gzserver-2] [INFO] [1773170281.370561129] [gazebo_wind_plugin_node]: WindPlugin: set wind_speed=2.26 wind_direction=35.3
[gzserver-2] [INFO] [1773170281.609985806] [gazebo_wind_plugin_node]: WindPlugin: set wind_speed=2.16 wind_direction=32.6
[gzserver-2] [INFO] [1773170281.849330059] [gazebo_wind_plugin_node]: WindPlugin: set wind_speed=2.16 wind_direction=32.6
[gzserver-2] [INFO] [1773170282.083666540] [gazebo_wind_plugin_node]: WindPlugin: set wind_speed=2.16 wind_direction=32.6
[gzserver-2] [INFO] [1773170282.317873293] [gazebo_wind_plugin_node]: WindPlugin: set wind_speed=2.16 wind_direction=32.6
[gzserver-2] [INFO] [1773170282.356180239] [drone.simple_drone]: Quadrotor lands!!
[gzserver-2] [INFO] [1773170282.557850301] [gazebo_wind_plugin_node]: WindPlugin: set wind_speed=2.16 wind_direction=32.6
[gzserver-2] [INFO] [1773170282.787161848] [gazebo_wind_plugin_node]: WindPlugin: set wind_speed=2.28 wind_direction=33.3
[gzserver-2] [INFO] [1773170283.026526151] [gazebo_wind_plugin_node]: WindPlugin: set wind_speed=2.28 wind_direction=33.3
[gzserver-2] [INFO] [1773170283.266345767] [gazebo_wind_plugin_node]: WindPlugin: set wind_speed=2.28 wind_direction=33.3
[gzserver-2] [1;36m[Dbg] [wind_plugin.cpp:110] [0m[1;36mWindPlugin: received command -> speed=[0m[1;36m0[0m[1;36m dir=[0m[1;36m0[0m[1;36m
[gzserver-2] [0m[1;36m[Dbg] [wind_plugin.cpp:110] [0m[1;36mWindPlugin: received command -> speed=[0m[1;36m2.23259[0m[1;36m dir=[0m[1;36m32.8656[0m[1;36m
[gzserver-2] [0m[1;36m[Dbg] [wind_plugin.cpp:110] [0m[1;36mWindPlugin: received command -> speed=[0m[1;36m2.26919[0m[1;36m dir=[0m[1;36m33.1262[0m[1;36m
[gzserver-2] [0m[1;36m[Dbg] [wind_plugin.cpp:110] [0m[1;36mWindPlugin: received command -> speed=[0m[1;36m2.26919[0m[1;36m dir=[0m[1;36m33.1262[0m[1;36m
[gzserver-2] [0m[1;36m[Dbg] [wind_plugin.cpp:110] [0m[1;36mWindPlugin: received command -> speed=[0m[1;36m2.26919[0m[1;36m dir=[0m[1;36m33.1262[0m[1;36m
[gzserver-2] [0m[1;36m[Dbg] [wind_plugin.cpp:110] [0m[1;36mWindPlugin: received command -> speed=[0m[1;36m2.26919[0m[1;36m dir=[0m[1;36m33.1262[0m[1;36m
[gzserver-2] [0m[1;36m[Dbg] [wind_plugin.cpp:110] [0m[1;36mWindPlugin: received command -> speed=[0m[1;36m2.25648[0m[1;36m dir=[0m[1;36m35.2989[0m[1;36m
[gzserver-2] [0m[1;36m[Dbg] [wind_plugin.cpp:110] [0m[1;36mWindPlugin: received command -> speed=[0m[1;36m2.25648[0m[1;36m dir=[0m[1;36m35.2989[0m[1;36m
[gzserver-2] [0m[1;36m[Dbg] [wind_plugin.cpp:110] [0m[1;36mWindPlugin: received command -> speed=[0m[1;36m2.25648[0m[1;36m dir=[0m[1;36m35.2989[0m[1;36m
[gzserver-2] [0m[1;36m[Dbg] [wind_plugin.cpp:110] [0m[1;36mWindPlugin: received command -> speed=[0m[1;36m2.25648[0m[1;36m dir=[0m[1;36m35.2989[0m[1;36m
[gzserver-2] [0m[1;36m[Dbg] [wind_plugin.cpp:110] [0m[1;36mWindPlugin: received command -> speed=[0m[1;36m2.16176[0m[1;36m dir=[0m[1;36m32.6109[0m[1;36m
[gzserver-2] [0m[1;36m[Dbg] [wind_plugin.cpp:110] [0m[1;36mWindPlugin: received command -> speed=[0m[1;36m2.16176[0m[1;36m dir=[0m[1;36m32.6109[0m[1;36m
[gzserver-2] [0m[1;36m[Dbg] [wind_plugin.cpp:110] [0m[1;36mWindPlugin: received command -> speed=[0m[1;36m2.16176[0m[1;36m dir=[0m[1;36m32.6109[0m[1;36m
[gzserver-2] [0m[1;36m[Dbg] [wind_plugin.cpp:110] [0m[1;36mWindPlugin: received command -> speed=[0m[1;36m2.16176[0m[1;36m dir=[0m[1;36m32.6109[0m[1;36m
[gzserver-2] [0m[1;36m[Dbg] [wind_plugin.cpp:110] [0m[1;36mWindPlugin: received command -> speed=[0m[1;36m2.16176[0m[1;36m dir=[0m[1;36m32.6109[0m[1;36m
[gzserver-2] [0m[1;36m[Dbg] [wind_plugin.cpp:110] [0m[1;36mWindPlugin: received command -> speed=[0m[1;36m2.27996[0m[1;36m dir=[0m[1;36m33.2873[0m[1;36m
[gzserver-2] [0m[1;36m[Dbg] [wind_plugin.cpp:110] [0m[1;36mWindPlugin: received command -> speed=[0m[1;36m2.27996[0m[1;36m dir=[0m[1;36m33.2873[0m[1;36m
[gzserver-2] [0m[1;36m[Dbg] [wind_plugin.cpp:110] [0m[1;36mWindPlugin: received command -> speed=[0m[1;36m2.27996[0m[1;36m dir=[0m[1;36m33.2873[0m[1;36m
[gzserver-2] [0mLanded!
[gzserver-2] [INFO] [1773170283.506275308] [gazebo_wind_plugin_node]: WindPlugin: set wind_speed=2.28 wind_direction=33.3
[gzserver-2] [INFO] [1773170283.745973722] [gazebo_wind_plugin_node]: WindPlugin: set wind_speed=2.14 wind_direction=32.7
[gzserver-2] [INFO] [1773170283.985688816] [gazebo_wind_plugin_node]: WindPlugin: set wind_speed=2.14 wind_direction=32.7
[gzserver-2] [INFO] [1773170284.215430855] [gazebo_wind_plugin_node]: WindPlugin: set wind_speed=2.14 wind_direction=32.7
[gzserver-2] [INFO] [1773170284.454484878] [gazebo_wind_plugin_node]: WindPlugin: set wind_speed=2.14 wind_direction=32.7
[gzserver-2] [INFO] [1773170284.690195629] [gazebo_wind_plugin_node]: WindPlugin: set wind_speed=2.36 wind_direction=32.0
[gzserver-2] [INFO] [1773170284.924082187] [gazebo_wind_plugin_node]: WindPlugin: set wind_speed=2.36 wind_direction=32.0
[gzserver-2] [INFO] [1773170285.158402972] [gazebo_wind_plugin_node]: WindPlugin: set wind_speed=2.36 wind_direction=32.0
