[INFO] [launch]: All log files can be found below /home/j/.ros/log/2026-03-10-00-51-12-123391-j-626326
[INFO] [launch]: Default logging verbosity is set to INFO
[INFO] [launch.user]: [bringup] Apriltag config: camera=/drone/bottom, image=/drone/bottom/image_raw, tags=/drone/bottom/tags, bridge=/landing_tag_state, standalone=true, use_target_id=true, target_id=0
[INFO] [rviz2-1]: process started with pid [626343]
[INFO] [gzserver-2]: process started with pid [626345]
[INFO] [robot_state_publisher-3]: process started with pid [626347]
[INFO] [joint_state_publisher-4]: process started with pid [626349]
[INFO] [spawn_drone-5]: process started with pid [626351]
[INFO] [static_transform_publisher-6]: process started with pid [626353]
[INFO] [joy_node-7]: process started with pid [626355]
[INFO] [teleop_joystick-8]: process started with pid [626357]
[INFO] [apriltag_detector_node-9]: process started with pid [626359]
[INFO] [apriltag_state_bridge-10]: process started with pid [626361]
[static_transform_publisher-6] [WARN] [1773071472.616432386] []: Old-style arguments are deprecated; see --help for new-style arguments
[static_transform_publisher-6] [INFO] [1773071472.623058249] [static_transform_publisher_uVlAqu6Iy0pSnTNc]: Spinning until stopped - publishing transform
[static_transform_publisher-6] translation: ('0.000000', '0.000000', '0.000000')
[static_transform_publisher-6] rotation: ('0.000000', '0.000000', '0.000000', '1.000000')
[static_transform_publisher-6] from 'world' to '/drone/odom'
[robot_state_publisher-3] [INFO] [1773071472.644607928] [drone.robot_state_publisher]: got segment base_footprint
[robot_state_publisher-3] [INFO] [1773071472.644683573] [drone.robot_state_publisher]: got segment base_link
[robot_state_publisher-3] [INFO] [1773071472.644690751] [drone.robot_state_publisher]: got segment bottom_cam_link
[robot_state_publisher-3] [INFO] [1773071472.644694396] [drone.robot_state_publisher]: got segment front_cam_link
[robot_state_publisher-3] [INFO] [1773071472.644697793] [drone.robot_state_publisher]: got segment sonar_link
[rviz2-1] 
[rviz2-1] (rviz2:626343): dbind-WARNING **: 00:51:12.660: Couldn't connect to accessibility bus: Failed to connect to socket /root/.cache/at-spi/bus_0: 허가 거부
[teleop_joystick-8] Traceback (most recent call last):
[teleop_joystick-8]   File "/home/j/INCSL/IICC26_ws/install/sjtu_drone_control/lib/sjtu_drone_control/teleop_joystick", line 33, in <module>
[teleop_joystick-8]     sys.exit(load_entry_point('sjtu_drone_control==0.0.0', 'console_scripts', 'teleop_joystick')())
[teleop_joystick-8]   File "/home/j/INCSL/IICC26_ws/install/sjtu_drone_control/lib/sjtu_drone_control/teleop_joystick", line 22, in importlib_load_entry_point
[teleop_joystick-8]     for entry_point in distribution(dist_name).entry_points
[teleop_joystick-8]   File "/usr/lib/python3.10/importlib/metadata/__init__.py", line 969, in distribution
[teleop_joystick-8]     return Distribution.from_name(distribution_name)
[teleop_joystick-8]   File "/usr/lib/python3.10/importlib/metadata/__init__.py", line 548, in from_name
[teleop_joystick-8]     raise PackageNotFoundError(name)
[teleop_joystick-8] importlib.metadata.PackageNotFoundError: No package metadata was found for sjtu_drone_control
[apriltag_detector_node-9] [INFO] [1773071472.674546138] [apriltag_detector_node]: tag detector type: umich
[ERROR] [teleop_joystick-8]: process has died [pid 626357, exit code 1, cmd '/home/j/INCSL/IICC26_ws/install/sjtu_drone_control/lib/sjtu_drone_control/teleop_joystick --ros-args -r __ns:=/drone'].
[gzserver-2] Gazebo multi-robot simulator, version 11.10.2
[gzserver-2] Copyright (C) 2012 Open Source Robotics Foundation.
[gzserver-2] Released under the Apache 2 License.
[gzserver-2] http://gazebosim.org
[gzserver-2] 
[apriltag_state_bridge-10] [INFO] [1773071472.915300260] [apriltag_state_bridge]: AprilTag bridge started: /drone/bottom/tags -> /landing_tag_state, use_target_id=True, target_id=0
[joint_state_publisher-4] [INFO] [1773071472.932873018] [drone.joint_state_publisher]: Waiting for robot_description to be published on the robot_description topic...
[gzserver-2] [1;33m[Wrn] [gazebo_ros_init.cpp:178] [0m[1;33m
[gzserver-2] #     # ####### ####### ###  #####  #######
[gzserver-2] ##    # #     #    #     #  #     # #
[gzserver-2] # #   # #     #    #     #  #       #
[gzserver-2] #  #  # #     #    #     #  #       #####
[gzserver-2] #   # # #     #    #     #  #       #
[gzserver-2] #    ## #     #    #     #  #     # #
[gzserver-2] #     # #######    #    ###  #####  #######
[gzserver-2] 
[gzserver-2] This version of Gazebo, now called Gazebo classic, reaches end-of-life
[gzserver-2] in January 2025. Users are highly encouraged to migrate to the new Gazebo
[gzserver-2] using our migration guides (https://gazebosim.org/docs/latest/gazebo_classic_migration?utm_source=gazebo_ros_pkgs&utm_medium=cli)
[gzserver-2] 
[gzserver-2] [0m[1;33m
[rviz2-1] [INFO] [1773071473.340491465] [rviz2]: Stereo is NOT SUPPORTED
[rviz2-1] [INFO] [1773071473.340593811] [rviz2]: OpenGl version: 4.6 (GLSL 4.6)
[rviz2-1] [INFO] [1773071473.439557179] [rviz2]: Stereo is NOT SUPPORTED
[rviz2-1] [INFO] [1773071473.546259742] [rviz2]: Stereo is NOT SUPPORTED
[spawn_drone-5] [INFO] [1773071474.013750097] [spawn_drone]: Result False Entity pushed to spawn queue, but spawn service timed outwaiting for entity to appear in simulation under the name [/drone]
[gzserver-2] [1;32m[Msg] [0m[1;32mWaiting for master.[0m[1;32m
[gzserver-2] [0m[1;32m[0m[1;32m[0m[1;32m[Msg] [0m[1;32mConnected to gazebo master @ [0m[1;32mhttp://127.0.0.1:11345[0m[1;32m
[gzserver-2] [0m[1;32m[0m[1;32m[0m[1;32m[Msg] [0m[1;32mPublicized address: [0m[1;32m192.168.0.11[0m[1;32m
[gzserver-2] [0m[1;32m[0m[1;32m[0m[1;32m[Msg] [0m[1;32mLoading world file [[0m[1;32m/home/j/INCSL/IICC26_ws/install/sjtu_drone_description/share/sjtu_drone_description/worlds/landingPad.world[0m[1;32m][0m[1;32m
[gzserver-2] [0m[1;32m[0m[1;32m[0m[1;36m[Dbg] [wind_plugin.cpp:96] [0m[1;36mWindPlugin loaded: speed=[0m[1;36m0[0m[1;36m dir=[0m[1;36m0[0m[1;36m deg area=[0m[1;36m0.1[0m[1;36m coeff=[0m[1;36m1[0m[1;36m
[gzserver-2] [0m[1;33m[0m[1;33m[0m[1;31m[Err] [Sensor.cc:510] [0m[1;31mGet noise index not valid[0m[1;31m
[gzserver-2] [0m[1;31m[0m[1;31m[0m[1;31m[Err] [Sensor.cc:510] [0m[1;31mGet noise index not valid[0m[1;31m
[gzserver-2] [0m[1;31m[0m[1;31m[0m[1;31m[Err] [Sensor.cc:510] [0m[1;31mGet noise index not valid[0m[1;31m
[gzserver-2] [0m[1;31m[0m[1;31m[0m[1;31m[Err] [Sensor.cc:510] [0m[1;31mGet noise index not valid[0m[1;31m
[gzserver-2] [0m[1;31m[0m[1;31m[0m[1;31m[Err] [Sensor.cc:510] [0m[1;31mGet noise index not valid[0m[1;31m
[gzserver-2] [0m[1;31m[0m[1;31m[0m[1;31m[Err] [Sensor.cc:510] [0m[1;31mGet noise index not valid[0m[1;31m
[gzserver-2] [0m[1;31m[0m[1;31m[0mTopic [default//drone/base_footprint/down_camera/image] is not valid.
[gzserver-2] Topic [default//drone/base_footprint/front_camera/image] is not valid.
[gzserver-2] [INFO] [1773071474.045887320] [drone.collision_plugin]: Publishing contact states to [/drone/bumper_states]
[gzserver-2] [1;33m[Wrn] [Event.cc:61] [0m[1;33mWarning: Deleting a connection right after creation. [0m[1;33mMake sure to save the ConnectionPtr from a Connect call
[INFO] [spawn_drone-5]: process has finished cleanly [pid 626351]
[gzserver-2] [0m[INFO] [1773071474.646422094] [drone.camera_bottom]: Publishing camera info to [/drone/bottom/camera_info]
[gzserver-2] [INFO] [1773071474.650810144] [drone.camera_front]: Publishing camera info to [/drone/front/camera_info]
[gzserver-2] [INFO] [1773071474.774889518] [drone.simple_drone]: The drone plugin is loading!
[gzserver-2] [INFO] [1773071474.775099020] [drone.simple_drone]: pub_odom: 1
[gzserver-2] [INFO] [1773071474.775131035] [drone.simple_drone]: Using following parameters: 
[gzserver-2] 		link_name: base_footprint,
[gzserver-2] 		max_force: 30,
[gzserver-2] 		motion_small_noise: 0,
[gzserver-2] 		motion_drift_noise: 0,
[gzserver-2] 		motion_drift_noise_time: 50,
[gzserver-2] 		takeoff_hover_height: 2.39,
[gzserver-2] 		takeoff_vertical_speed: 0.2
[gzserver-2] [INFO] [1773071474.786812613] [drone.simple_drone]: Using the PID parameters: 
[gzserver-2] 	Roll Pitch:
[gzserver-2] 		kP: 10, kI: 0,kD: 5, Limit: 0.5, Time Constant: 0
[gzserver-2] 	Yaw:
[gzserver-2] 		kP: 2, kI: 0,kD: 1, Limit: 1.5, Time Constant: 0
[gzserver-2] 	Velocity X:
[gzserver-2] 		kP: 5, kI: 0,kD: 2.3, Limit: 2, Time Constant: 0
[gzserver-2] 	Velocity Y:
[gzserver-2] 		kP: 5, kI: 0,kD: 2.3, Limit: 2, Time Constant: 0
[gzserver-2] 	Velocity Z:
[gzserver-2] 		kP: 5, kI: 0,kD: 1, Limit: -1, Time Constant: 0
[gzserver-2] 	Position XY:
[gzserver-2] 		kP: 1.1, kI: 0,kD: 0, Limit: 5, Time Constant: 0
[gzserver-2] 	Position Z:
[gzserver-2] 		kP: 1, kI: 0,kD: 0.2, Limit: -1, Time Constant: 0
[gzserver-2] [INFO] [1773071474.786943164] [drone.simple_drone]: The drone plugin finished loading!
[gzserver-2] [INFO] [1773071481.935070935] [gazebo_wind_plugin_node]: WindPlugin: set wind_speed=0.00 wind_direction=0.0
[gzserver-2] [INFO] [1773071482.204946173] [gazebo_wind_plugin_node]: WindPlugin: set wind_speed=0.00 wind_direction=0.0
[gzserver-2] [INFO] [1773071482.237895992] [drone.simple_drone]: Quadrotor takes off!!
[gzserver-2] [INFO] [1773071482.438692070] [gazebo_wind_plugin_node]: WindPlugin: set wind_speed=0.00 wind_direction=0.0
[gzserver-2] [INFO] [1773071482.677807663] [gazebo_wind_plugin_node]: WindPlugin: set wind_speed=0.00 wind_direction=0.0
[gzserver-2] [INFO] [1773071482.918107760] [gazebo_wind_plugin_node]: WindPlugin: set wind_speed=0.00 wind_direction=0.0
[gzserver-2] [INFO] [1773071483.157508324] [gazebo_wind_plugin_node]: WindPlugin: set wind_speed=0.00 wind_direction=0.0
[gzserver-2] [INFO] [1773071483.396498875] [gazebo_wind_plugin_node]: WindPlugin: set wind_speed=0.00 wind_direction=0.0
[gzserver-2] [INFO] [1773071483.631266536] [gazebo_wind_plugin_node]: WindPlugin: set wind_speed=0.00 wind_direction=0.0
[gzserver-2] [INFO] [1773071483.870040538] [gazebo_wind_plugin_node]: WindPlugin: set wind_speed=0.00 wind_direction=0.0
[gzserver-2] [0m[1;36m[Dbg] [wind_plugin.cpp:110] [0m[1;36mWindPlugin: received command -> speed=[0m[1;36m0[0m[1;36m dir=[0m[1;36m0[0m[1;36m
[gzserver-2] [0m[1;36m[Dbg] [wind_plugin.cpp:110] [0m[1;36mWindPlugin: received command -> speed=[0m[1;36m0[0m[1;36m dir=[0m[1;36m0[0m[1;36m
[gzserver-2] [0m[1;36m[Dbg] [wind_plugin.cpp:110] [0m[1;36mWindPlugin: received command -> speed=[0m[1;36m0[0m[1;36m dir=[0m[1;36m0[0m[1;36m
[gzserver-2] [0m[1;36m[Dbg] [wind_plugin.cpp:110] [0m[1;36mWindPlugin: received command -> speed=[0m[1;36m0[0m[1;36m dir=[0m[1;36m0[0m[1;36m
[gzserver-2] [0m[1;36m[Dbg] [wind_plugin.cpp:110] [0m[1;36mWindPlugin: received command -> speed=[0m[1;36m0[0m[1;36m dir=[0m[1;36m0[0m[1;36m
[gzserver-2] [0m[1;36m[Dbg] [wind_plugin.cpp:110] [0m[1;36mWindPlugin: received command -> speed=[0m[1;36m0[0m[1;36m dir=[0m[1;36m0[0m[1;36m
[gzserver-2] [0m[1;36m[Dbg] [wind_plugin.cpp:110] [0m[1;36mWindPlugin: received command -> speed=[0m[1;36m0[0m[1;36m dir=[0m[1;36m0[0m[1;36m
[gzserver-2] [0m[1;36m[Dbg] [wind_plugin.cpp:110] [0m[1;36mWindPlugin: received command -> speed=[0m[1;36m0[0m[1;36m dir=[0m[1;36m0[0m[1;36m
[gzserver-2] [0m[1;36m[Dbg] [wind_plugin.cpp:110] [0m[1;36mWindPlugin: received command -> speed=[0m[1;36m0[0m[1;36m dir=[0m[1;36m0[0m[1;36m
[gzserver-2] [0mEntering flying model!
[gzserver-2] [INFO] [1773071484.105530618] [gazebo_wind_plugin_node]: WindPlugin: set wind_speed=0.00 wind_direction=0.0
[gzserver-2] [INFO] [1773071484.345121746] [gazebo_wind_plugin_node]: WindPlugin: set wind_speed=0.84 wind_direction=-3.3
[gzserver-2] [INFO] [1773071484.573741258] [gazebo_wind_plugin_node]: WindPlugin: set wind_speed=0.79 wind_direction=-4.2
[gzserver-2] [INFO] [1773071484.807665763] [gazebo_wind_plugin_node]: WindPlugin: set wind_speed=0.79 wind_direction=-4.2
[gzserver-2] [INFO] [1773071485.040896572] [gazebo_wind_plugin_node]: WindPlugin: set wind_speed=0.79 wind_direction=-4.2
[gzserver-2] [INFO] [1773071485.280020744] [gazebo_wind_plugin_node]: WindPlugin: set wind_speed=0.79 wind_direction=-4.2
[gzserver-2] [INFO] [1773071485.514599640] [gazebo_wind_plugin_node]: WindPlugin: set wind_speed=0.82 wind_direction=-1.7
[gzserver-2] [INFO] [1773071485.753717267] [gazebo_wind_plugin_node]: WindPlugin: set wind_speed=0.82 wind_direction=-1.7
[gzserver-2] [INFO] [1773071485.987718389] [gazebo_wind_plugin_node]: WindPlugin: set wind_speed=0.82 wind_direction=-1.7
[gzserver-2] [INFO] [1773071486.227588283] [gazebo_wind_plugin_node]: WindPlugin: set wind_speed=0.82 wind_direction=-1.7
[gzserver-2] [INFO] [1773071486.468914732] [gazebo_wind_plugin_node]: WindPlugin: set wind_speed=0.98 wind_direction=-1.1
[gzserver-2] [INFO] [1773071486.708073512] [gazebo_wind_plugin_node]: WindPlugin: set wind_speed=0.98 wind_direction=-1.1
[gzserver-2] [INFO] [1773071486.946820732] [gazebo_wind_plugin_node]: WindPlugin: set wind_speed=0.98 wind_direction=-1.1
[gzserver-2] [INFO] [1773071487.180396444] [gazebo_wind_plugin_node]: WindPlugin: set wind_speed=0.98 wind_direction=-1.1
[gzserver-2] [INFO] [1773071487.419508698] [gazebo_wind_plugin_node]: WindPlugin: set wind_speed=0.98 wind_direction=-1.1
[gzserver-2] [INFO] [1773071487.650505013] [gazebo_wind_plugin_node]: WindPlugin: set wind_speed=1.03 wind_direction=0.2
[gzserver-2] [INFO] [1773071487.890660173] [gazebo_wind_plugin_node]: WindPlugin: set wind_speed=1.03 wind_direction=0.2
[gzserver-2] [INFO] [1773071488.129936655] [gazebo_wind_plugin_node]: WindPlugin: set wind_speed=1.03 wind_direction=0.2
[gzserver-2] [INFO] [1773071488.369168904] [gazebo_wind_plugin_node]: WindPlugin: set wind_speed=1.03 wind_direction=0.2
[gzserver-2] [INFO] [1773071488.605142528] [gazebo_wind_plugin_node]: WindPlugin: set wind_speed=0.99 wind_direction=0.6
[gzserver-2] [INFO] [1773071488.844222144] [gazebo_wind_plugin_node]: WindPlugin: set wind_speed=0.99 wind_direction=0.6
[gzserver-2] [INFO] [1773071489.078310180] [gazebo_wind_plugin_node]: WindPlugin: set wind_speed=0.99 wind_direction=0.6
[gzserver-2] [INFO] [1773071489.307581081] [gazebo_wind_plugin_node]: WindPlugin: set wind_speed=0.99 wind_direction=0.6
[gzserver-2] [INFO] [1773071489.546608204] [gazebo_wind_plugin_node]: WindPlugin: set wind_speed=1.00 wind_direction=3.4
[gzserver-2] [INFO] [1773071489.782354877] [gazebo_wind_plugin_node]: WindPlugin: set wind_speed=1.00 wind_direction=3.4
[gzserver-2] [INFO] [1773071489.810438655] [drone.simple_drone]: Quadrotor lands!!
[gzserver-2] [INFO] [1773071490.011808582] [gazebo_wind_plugin_node]: WindPlugin: set wind_speed=1.00 wind_direction=3.4
[gzserver-2] [INFO] [1773071490.241276956] [gazebo_wind_plugin_node]: WindPlugin: set wind_speed=1.00 wind_direction=3.4
[gzserver-2] [1;36m[Dbg] [wind_plugin.cpp:110] [0m[1;36mWindPlugin: received command -> speed=[0m[1;36m0[0m[1;36m dir=[0m[1;36m0[0m[1;36m
[gzserver-2] [0m[1;36m[Dbg] [wind_plugin.cpp:110] [0m[1;36mWindPlugin: received command -> speed=[0m[1;36m0.836375[0m[1;36m dir=[0m[1;36m-3.31857[0m[1;36m
[gzserver-2] [0m[1;36m[Dbg] [wind_plugin.cpp:110] [0m[1;36mWindPlugin: received command -> speed=[0m[1;36m0.794206[0m[1;36m dir=[0m[1;36m-4.15885[0m[1;36m
[gzserver-2] [0m[1;36m[Dbg] [wind_plugin.cpp:110] [0m[1;36mWindPlugin: received command -> speed=[0m[1;36m0.794206[0m[1;36m dir=[0m[1;36m-4.15885[0m[1;36m
[gzserver-2] [0m[1;36m[Dbg] [wind_plugin.cpp:110] [0m[1;36mWindPlugin: received command -> speed=[0m[1;36m0.794206[0m[1;36m dir=[0m[1;36m-4.15885[0m[1;36m
[gzserver-2] [0m[1;36m[Dbg] [wind_plugin.cpp:110] [0m[1;36mWindPlugin: received command -> speed=[0m[1;36m0.794206[0m[1;36m dir=[0m[1;36m-4.15885[0m[1;36m
[gzserver-2] [0m[1;36m[Dbg] [wind_plugin.cpp:110] [0m[1;36mWindPlugin: received command -> speed=[0m[1;36m0.817456[0m[1;36m dir=[0m[1;36m-1.70342[0m[1;36m
[gzserver-2] [0m[1;36m[Dbg] [wind_plugin.cpp:110] [0m[1;36mWindPlugin: received command -> speed=[0m[1;36m0.817456[0m[1;36m dir=[0m[1;36m-1.70342[0m[1;36m
[gzserver-2] [0m[1;36m[Dbg] [wind_plugin.cpp:110] [0m[1;36mWindPlugin: received command -> speed=[0m[1;36m0.817456[0m[1;36m dir=[0m[1;36m-1.70342[0m[1;36m
[gzserver-2] [0m[1;36m[Dbg] [wind_plugin.cpp:110] [0m[1;36mWindPlugin: received command -> speed=[0m[1;36m0.817456[0m[1;36m dir=[0m[1;36m-1.70342[0m[1;36m
[gzserver-2] [0m[1;36m[Dbg] [wind_plugin.cpp:110] [0m[1;36mWindPlugin: received command -> speed=[0m[1;36m0.982754[0m[1;36m dir=[0m[1;36m-1.12413[0m[1;36m
[gzserver-2] [0m[1;36m[Dbg] [wind_plugin.cpp:110] [0m[1;36mWindPlugin: received command -> speed=[0m[1;36m0.982754[0m[1;36m dir=[0m[1;36m-1.12413[0m[1;36m
[gzserver-2] [0m[1;36m[Dbg] [wind_plugin.cpp:110] [0m[1;36mWindPlugin: received command -> speed=[0m[1;36m0.982754[0m[1;36m dir=[0m[1;36m-1.12413[0m[1;36m
[gzserver-2] [0m[1;36m[Dbg] [wind_plugin.cpp:110] [0m[1;36mWindPlugin: received command -> speed=[0m[1;36m0.982754[0m[1;36m dir=[0m[1;36m-1.12413[0m[1;36m
[gzserver-2] [0m[1;36m[Dbg] [wind_plugin.cpp:110] [0m[1;36mWindPlugin: received command -> speed=[0m[1;36m0.982754[0m[1;36m dir=[0m[1;36m-1.12413[0m[1;36m
[gzserver-2] [0m[1;36m[Dbg] [wind_plugin.cpp:110] [0m[1;36mWindPlugin: received command -> speed=[0m[1;36m1.03401[0m[1;36m dir=[0m[1;36m0.246252[0m[1;36m
[gzserver-2] [0m[1;36m[Dbg] [wind_plugin.cpp:110] [0m[1;36mWindPlugin: received command -> speed=[0m[1;36m1.03401[0m[1;36m dir=[0m[1;36m0.246252[0m[1;36m
[gzserver-2] [0m[1;36m[Dbg] [wind_plugin.cpp:110] [0m[1;36mWindPlugin: received command -> speed=[0m[1;36m1.03401[0m[1;36m dir=[0m[1;36m0.246252[0m[1;36m
[gzserver-2] [0m[1;36m[Dbg] [wind_plugin.cpp:110] [0m[1;36mWindPlugin: received command -> speed=[0m[1;36m1.03401[0m[1;36m dir=[0m[1;36m0.246252[0m[1;36m
[gzserver-2] [0m[1;36m[Dbg] [wind_plugin.cpp:110] [0m[1;36mWindPlugin: received command -> speed=[0m[1;36m0.989909[0m[1;36m dir=[0m[1;36m0.598095[0m[1;36m
[gzserver-2] [0m[1;36m[Dbg] [wind_plugin.cpp:110] [0m[1;36mWindPlugin: received command -> speed=[0m[1;36m0.989909[0m[1;36m dir=[0m[1;36m0.598095[0m[1;36m
[gzserver-2] [0m[1;36m[Dbg] [wind_plugin.cpp:110] [0m[1;36mWindPlugin: received command -> speed=[0m[1;36m0.989909[0m[1;36m dir=[0m[1;36m0.598095[0m[1;36m
[gzserver-2] [0m[1;36m[Dbg] [wind_plugin.cpp:110] [0m[1;36mWindPlugin: received command -> speed=[0m[1;36m0.989909[0m[1;36m dir=[0m[1;36m0.598095[0m[1;36m
[gzserver-2] [0m[1;36m[Dbg] [wind_plugin.cpp:110] [0m[1;36mWindPlugin: received command -> speed=[0m[1;36m1.00466[0m[1;36m dir=[0m[1;36m3.42548[0m[1;36m
[gzserver-2] [0m[1;36m[Dbg] [wind_plugin.cpp:110] [0m[1;36mWindPlugin: received command -> speed=[0m[1;36m1.00466[0m[1;36m dir=[0m[1;36m3.42548[0m[1;36m
[gzserver-2] [0m[1;36m[Dbg] [wind_plugin.cpp:110] [0m[1;36mWindPlugin: received command -> speed=[0m[1;36m1.00466[0m[1;36m dir=[0m[1;36m3.42548[0m[1;36m
[gzserver-2] [INFO] [1773071490.481338511] [gazebo_wind_plugin_node]: WindPlugin: set wind_speed=0.79 wind_direction=3.9
[gzserver-2] [INFO] [1773071490.715429473] [gazebo_wind_plugin_node]: WindPlugin: set wind_speed=0.79 wind_direction=3.9
[gzserver-2] [0m[1;36m[Dbg] [wind_plugin.cpp:110] [0m[1;36mWindPlugin: received command -> speed=[0m[1;36m1.00466[0m[1;36m dir=[0m[1;36m3.42548[0m[1;36m
[gzserver-2] [0m[1;36m[Dbg] [wind_plugin.cpp:110] [0m[1;36mWindPlugin: received command -> speed=[0m[1;36m0.786506[0m[1;36m dir=[0m[1;36m3.8511[0m[1;36m
[gzserver-2] [0m[1;36m[Dbg] [wind_plugin.cpp:110] [0m[1;36mWindPlugin: received command -> speed=[0m[1;36m0.786506[0m[1;36m dir=[0m[1;36m3.8511[0m[1;36m
[gzserver-2] [0mLanded!
[gzserver-2] [INFO] [1773071490.944676356] [gazebo_wind_plugin_node]: WindPlugin: set wind_speed=0.79 wind_direction=3.9
[gzserver-2] [INFO] [1773071491.178741698] [gazebo_wind_plugin_node]: WindPlugin: set wind_speed=0.79 wind_direction=3.9
[gzserver-2] [INFO] [1773071491.413000807] [gazebo_wind_plugin_node]: WindPlugin: set wind_speed=0.79 wind_direction=3.9
[gzserver-2] [INFO] [1773071491.646908944] [gazebo_wind_plugin_node]: WindPlugin: set wind_speed=0.88 wind_direction=4.9
[gzserver-2] [INFO] [1773071491.886334873] [gazebo_wind_plugin_node]: WindPlugin: set wind_speed=0.88 wind_direction=4.9
[gzserver-2] [INFO] [1773071492.125683412] [gazebo_wind_plugin_node]: WindPlugin: set wind_speed=0.88 wind_direction=4.9
[gzserver-2] [INFO] [1773071492.365290681] [gazebo_wind_plugin_node]: WindPlugin: set wind_speed=0.88 wind_direction=4.9
[gzserver-2] [INFO] [1773071492.588951404] [gazebo_wind_plugin_node]: WindPlugin: set wind_speed=1.03 wind_direction=7.1
