[INFO] [launch]: All log files can be found below /home/j/.ros/log/2026-03-10-22-18-58-257924-j-1166168
[INFO] [launch]: Default logging verbosity is set to INFO
[INFO] [launch.user]: [bringup] Apriltag config: camera=/drone/bottom, image=/drone/bottom/image_raw, tags=/drone/bottom/tags, bridge=/landing_tag_state, standalone=true, use_target_id=true, target_id=0
[INFO] [rviz2-1]: process started with pid [1166171]
[INFO] [gzserver-2]: process started with pid [1166173]
[INFO] [robot_state_publisher-3]: process started with pid [1166175]
[INFO] [joint_state_publisher-4]: process started with pid [1166177]
[INFO] [spawn_drone-5]: process started with pid [1166179]
[INFO] [static_transform_publisher-6]: process started with pid [1166181]
[INFO] [joy_node-7]: process started with pid [1166183]
[INFO] [teleop_joystick-8]: process started with pid [1166185]
[INFO] [apriltag_detector_node-9]: process started with pid [1166187]
[INFO] [apriltag_state_bridge-10]: process started with pid [1166189]
[static_transform_publisher-6] [WARN] [1773148738.731588948] []: Old-style arguments are deprecated; see --help for new-style arguments
[static_transform_publisher-6] [INFO] [1773148738.738386145] [static_transform_publisher_KmKTMMGS8P5YcLen]: Spinning until stopped - publishing transform
[static_transform_publisher-6] translation: ('0.000000', '0.000000', '0.000000')
[static_transform_publisher-6] rotation: ('0.000000', '0.000000', '0.000000', '1.000000')
[static_transform_publisher-6] from 'world' to '/drone/odom'
[rviz2-1] 
[rviz2-1] (rviz2:1166171): dbind-WARNING **: 22:18:58.756: Couldn't connect to accessibility bus: Failed to connect to socket /root/.cache/at-spi/bus_0: 허가 거부
[robot_state_publisher-3] [INFO] [1773148738.764045366] [drone.robot_state_publisher]: got segment base_footprint
[robot_state_publisher-3] [INFO] [1773148738.764138408] [drone.robot_state_publisher]: got segment base_link
[robot_state_publisher-3] [INFO] [1773148738.764149978] [drone.robot_state_publisher]: got segment bottom_cam_link
[robot_state_publisher-3] [INFO] [1773148738.764157873] [drone.robot_state_publisher]: got segment front_cam_link
[robot_state_publisher-3] [INFO] [1773148738.764164987] [drone.robot_state_publisher]: got segment sonar_link
[teleop_joystick-8] Traceback (most recent call last):
[teleop_joystick-8]   File "/home/j/INCSL/IICC26_ws/install/sjtu_drone_control/lib/sjtu_drone_control/teleop_joystick", line 33, in <module>
[teleop_joystick-8]     sys.exit(load_entry_point('sjtu_drone_control==0.0.0', 'console_scripts', 'teleop_joystick')())
[teleop_joystick-8]   File "/home/j/INCSL/IICC26_ws/install/sjtu_drone_control/lib/sjtu_drone_control/teleop_joystick", line 22, in importlib_load_entry_point
[teleop_joystick-8]     for entry_point in distribution(dist_name).entry_points
[teleop_joystick-8]   File "/usr/lib/python3.10/importlib/metadata/__init__.py", line 969, in distribution
[teleop_joystick-8]     return Distribution.from_name(distribution_name)
[teleop_joystick-8]   File "/usr/lib/python3.10/importlib/metadata/__init__.py", line 548, in from_name
[teleop_joystick-8]     raise PackageNotFoundError(name)
[teleop_joystick-8] importlib.metadata.PackageNotFoundError: No package metadata was found for sjtu_drone_control
[apriltag_detector_node-9] [INFO] [1773148738.785255840] [apriltag_detector_node]: tag detector type: umich
[ERROR] [teleop_joystick-8]: process has died [pid 1166185, exit code 1, cmd '/home/j/INCSL/IICC26_ws/install/sjtu_drone_control/lib/sjtu_drone_control/teleop_joystick --ros-args -r __ns:=/drone'].
[gzserver-2] Gazebo multi-robot simulator, version 11.10.2
[gzserver-2] Copyright (C) 2012 Open Source Robotics Foundation.
[gzserver-2] Released under the Apache 2 License.
[gzserver-2] http://gazebosim.org
[gzserver-2] 
[joint_state_publisher-4] [INFO] [1773148738.997803040] [drone.joint_state_publisher]: Waiting for robot_description to be published on the robot_description topic...
[apriltag_state_bridge-10] [INFO] [1773148739.018558338] [apriltag_state_bridge]: AprilTag bridge started: /drone/bottom/tags -> /landing_tag_state, use_target_id=True, target_id=0
[gzserver-2] [1;33m[Wrn] [gazebo_ros_init.cpp:178] [0m[1;33m
[gzserver-2] #     # ####### ####### ###  #####  #######
[gzserver-2] ##    # #     #    #     #  #     # #
[gzserver-2] # #   # #     #    #     #  #       #
[gzserver-2] #  #  # #     #    #     #  #       #####
[gzserver-2] #   # # #     #    #     #  #       #
[gzserver-2] #    ## #     #    #     #  #     # #
[gzserver-2] #     # #######    #    ###  #####  #######
[gzserver-2] 
[gzserver-2] This version of Gazebo, now called Gazebo classic, reaches end-of-life
[gzserver-2] in January 2025. Users are highly encouraged to migrate to the new Gazebo
[gzserver-2] using our migration guides (https://gazebosim.org/docs/latest/gazebo_classic_migration?utm_source=gazebo_ros_pkgs&utm_medium=cli)
[gzserver-2] 
[gzserver-2] [0m[1;33m
[rviz2-1] [INFO] [1773148739.627726362] [rviz2]: Stereo is NOT SUPPORTED
[rviz2-1] [INFO] [1773148739.627819483] [rviz2]: OpenGl version: 4.6 (GLSL 4.6)
[rviz2-1] [INFO] [1773148739.717947339] [rviz2]: Stereo is NOT SUPPORTED
[rviz2-1] [INFO] [1773148739.836760126] [rviz2]: Stereo is NOT SUPPORTED
[gzserver-2] [1;32m[Msg] [0m[1;32mWaiting for master.[0m[1;32m
[gzserver-2] [0m[1;32m[0m[1;32m[0m[1;32m[Msg] [0m[1;32mConnected to gazebo master @ [0m[1;32mhttp://127.0.0.1:11345[0m[1;32m
[gzserver-2] [0m[1;32m[0m[1;32m[0m[1;32m[Msg] [0m[1;32mPublicized address: [0m[1;32m192.168.0.11[0m[1;32m
[gzserver-2] [0m[1;32m[0m[1;32m[0m[1;32m[Msg] [0m[1;32mLoading world file [[0m[1;32m/home/j/INCSL/IICC26_ws/install/sjtu_drone_description/share/sjtu_drone_description/worlds/landingPad.world[0m[1;32m][0m[1;32m
[gzserver-2] [0m[1;32m[0m[1;32m[0m[1;36m[Dbg] [wind_plugin.cpp:96] [0m[1;36mWindPlugin loaded: speed=[0m[1;36m0[0m[1;36m dir=[0m[1;36m0[0m[1;36m deg area=[0m[1;36m0.1[0m[1;36m coeff=[0m[1;36m1[0m[1;36m
[gzserver-2] [0m[1;33m[0m[1;33m[0m[1;31m[Err] [Sensor.cc:510] [0m[1;31mGet noise index not valid[0m[1;31m
[gzserver-2] [0m[1;31m[0m[1;31m[0m[1;31m[Err] [Sensor.cc:510] [0m[1;31mGet noise index not valid[0m[1;31m
[gzserver-2] [0m[1;31m[0m[1;31m[0m[1;31m[Err] [Sensor.cc:510] [0m[1;31mGet noise index not valid[0m[1;31m
[gzserver-2] [0m[1;31m[0m[1;31m[0m[1;31m[Err] [Sensor.cc:510] [0m[1;31mGet noise index not valid[0m[1;31m
[gzserver-2] [0m[1;31m[0m[1;31m[0m[1;31m[Err] [Sensor.cc:510] [0m[1;31mGet noise index not valid[0m[1;31m
[gzserver-2] [0m[1;31m[0m[1;31m[0m[1;31m[Err] [Sensor.cc:510] [0m[1;31mGet noise index not valid[0m[1;31m
[gzserver-2] [0m[1;31m[0m[1;31m[0mTopic [default//drone/base_footprint/down_camera/image] is not valid.
[gzserver-2] [INFO] [1773148740.249622707] [drone.collision_plugin]: Publishing contact states to [/drone/bumper_states]
[gzserver-2] Topic [default//drone/base_footprint/front_camera/image] is not valid.
[gzserver-2] [1;33m[Wrn] [Event.cc:61] [0m[1;33mWarning: Deleting a connection right after creation. [0m[1;33mMake sure to save the ConnectionPtr from a Connect call
[gzserver-2] [0m[INFO] [1773148740.808845365] [drone.camera_bottom]: Publishing camera info to [/drone/bottom/camera_info]
[gzserver-2] [INFO] [1773148740.813443828] [drone.camera_front]: Publishing camera info to [/drone/front/camera_info]
[spawn_drone-5] [INFO] [1773148740.822125515] [spawn_drone]: Result True SpawnEntity: Successfully spawned entity [/drone]
[gzserver-2] [INFO] [1773148740.935066243] [drone.simple_drone]: The drone plugin is loading!
[gzserver-2] [INFO] [1773148740.935280850] [drone.simple_drone]: pub_odom: 1
[gzserver-2] [INFO] [1773148740.935313766] [drone.simple_drone]: Using following parameters: 
[gzserver-2] 		link_name: base_footprint,
[gzserver-2] 		max_force: 30,
[gzserver-2] 		motion_small_noise: 0,
[gzserver-2] 		motion_drift_noise: 0,
[gzserver-2] 		motion_drift_noise_time: 50,
[gzserver-2] 		takeoff_hover_height: 2.42,
[gzserver-2] 		takeoff_vertical_speed: 0.2
[gzserver-2] [INFO] [1773148740.947009773] [drone.simple_drone]: Using the PID parameters: 
[gzserver-2] 	Roll Pitch:
[gzserver-2] 		kP: 10, kI: 0,kD: 5, Limit: 0.5, Time Constant: 0
[gzserver-2] 	Yaw:
[gzserver-2] 		kP: 2, kI: 0,kD: 1, Limit: 1.5, Time Constant: 0
[gzserver-2] 	Velocity X:
[gzserver-2] 		kP: 5, kI: 0,kD: 2.3, Limit: 2, Time Constant: 0
[gzserver-2] 	Velocity Y:
[gzserver-2] 		kP: 5, kI: 0,kD: 2.3, Limit: 2, Time Constant: 0
[gzserver-2] 	Velocity Z:
[gzserver-2] 		kP: 5, kI: 0,kD: 1, Limit: -1, Time Constant: 0
[gzserver-2] 	Position XY:
[gzserver-2] 		kP: 1.1, kI: 0,kD: 0, Limit: 5, Time Constant: 0
[gzserver-2] 	Position Z:
[gzserver-2] 		kP: 1, kI: 0,kD: 0.2, Limit: -1, Time Constant: 0
[gzserver-2] [INFO] [1773148740.947141958] [drone.simple_drone]: The drone plugin finished loading!
[INFO] [spawn_drone-5]: process has finished cleanly [pid 1166179]
[gzserver-2] [INFO] [1773148748.085919994] [gazebo_wind_plugin_node]: WindPlugin: set wind_speed=0.00 wind_direction=0.0
[gzserver-2] [INFO] [1773148748.357317904] [gazebo_wind_plugin_node]: WindPlugin: set wind_speed=0.00 wind_direction=0.0
[gzserver-2] [INFO] [1773148748.386549869] [drone.simple_drone]: Quadrotor takes off!!
[gzserver-2] [INFO] [1773148748.590730063] [gazebo_wind_plugin_node]: WindPlugin: set wind_speed=0.00 wind_direction=0.0
[gzserver-2] [INFO] [1773148748.830841762] [gazebo_wind_plugin_node]: WindPlugin: set wind_speed=0.00 wind_direction=0.0
[gzserver-2] [INFO] [1773148749.070688238] [gazebo_wind_plugin_node]: WindPlugin: set wind_speed=0.00 wind_direction=0.0
[gzserver-2] [INFO] [1773148749.310399804] [gazebo_wind_plugin_node]: WindPlugin: set wind_speed=0.00 wind_direction=0.0
[gzserver-2] [INFO] [1773148749.549540089] [gazebo_wind_plugin_node]: WindPlugin: set wind_speed=0.00 wind_direction=0.0
[gzserver-2] [INFO] [1773148749.788781363] [gazebo_wind_plugin_node]: WindPlugin: set wind_speed=0.00 wind_direction=0.0
[gzserver-2] [INFO] [1773148750.023828696] [gazebo_wind_plugin_node]: WindPlugin: set wind_speed=0.00 wind_direction=0.0
[gzserver-2] [INFO] [1773148750.253290150] [gazebo_wind_plugin_node]: WindPlugin: set wind_speed=0.00 wind_direction=0.0
[gzserver-2] [0m[1;36m[Dbg] [wind_plugin.cpp:110] [0m[1;36mWindPlugin: received command -> speed=[0m[1;36m0[0m[1;36m dir=[0m[1;36m0[0m[1;36m
[gzserver-2] [0m[1;36m[Dbg] [wind_plugin.cpp:110] [0m[1;36mWindPlugin: received command -> speed=[0m[1;36m0[0m[1;36m dir=[0m[1;36m0[0m[1;36m
[gzserver-2] [0m[1;36m[Dbg] [wind_plugin.cpp:110] [0m[1;36mWindPlugin: received command -> speed=[0m[1;36m0[0m[1;36m dir=[0m[1;36m0[0m[1;36m
[gzserver-2] [0m[1;36m[Dbg] [wind_plugin.cpp:110] [0m[1;36mWindPlugin: received command -> speed=[0m[1;36m0[0m[1;36m dir=[0m[1;36m0[0m[1;36m
[gzserver-2] [0m[1;36m[Dbg] [wind_plugin.cpp:110] [0m[1;36mWindPlugin: received command -> speed=[0m[1;36m0[0m[1;36m dir=[0m[1;36m0[0m[1;36m
[gzserver-2] [0m[1;36m[Dbg] [wind_plugin.cpp:110] [0m[1;36mWindPlugin: received command -> speed=[0m[1;36m0[0m[1;36m dir=[0m[1;36m0[0m[1;36m
[gzserver-2] [0m[1;36m[Dbg] [wind_plugin.cpp:110] [0m[1;36mWindPlugin: received command -> speed=[0m[1;36m0[0m[1;36m dir=[0m[1;36m0[0m[1;36m
[gzserver-2] [0m[1;36m[Dbg] [wind_plugin.cpp:110] [0m[1;36mWindPlugin: received command -> speed=[0m[1;36m0[0m[1;36m dir=[0m[1;36m0[0m[1;36m
[gzserver-2] [0m[1;36m[Dbg] [wind_plugin.cpp:110] [0m[1;36mWindPlugin: received command -> speed=[0m[1;36m0[0m[1;36m dir=[0m[1;36m0[0m[1;36m
[gzserver-2] [0m[1;36m[Dbg] [wind_plugin.cpp:110] [0m[1;36mWindPlugin: received command -> speed=[0m[1;36m0[0m[1;36m dir=[0m[1;36m0[0m[1;36m
[gzserver-2] [0mEntering flying model!
[gzserver-2] [INFO] [1773148750.495595531] [gazebo_wind_plugin_node]: WindPlugin: set wind_speed=3.92 wind_direction=-93.3
[gzserver-2] [INFO] [1773148750.735656846] [gazebo_wind_plugin_node]: WindPlugin: set wind_speed=3.90 wind_direction=-90.4
[gzserver-2] [INFO] [1773148750.970611406] [gazebo_wind_plugin_node]: WindPlugin: set wind_speed=3.90 wind_direction=-90.4
[gzserver-2] [INFO] [1773148751.205227774] [gazebo_wind_plugin_node]: WindPlugin: set wind_speed=3.90 wind_direction=-90.4
[gzserver-2] [INFO] [1773148751.444330703] [gazebo_wind_plugin_node]: WindPlugin: set wind_speed=3.90 wind_direction=-90.4
[gzserver-2] [INFO] [1773148751.678407205] [gazebo_wind_plugin_node]: WindPlugin: set wind_speed=3.96 wind_direction=-94.5
[gzserver-2] [INFO] [1773148751.913604253] [gazebo_wind_plugin_node]: WindPlugin: set wind_speed=3.96 wind_direction=-94.5
[gzserver-2] [INFO] [1773148752.152913476] [gazebo_wind_plugin_node]: WindPlugin: set wind_speed=3.96 wind_direction=-94.5
[gzserver-2] [INFO] [1773148752.391699276] [gazebo_wind_plugin_node]: WindPlugin: set wind_speed=3.96 wind_direction=-94.5
[gzserver-2] [INFO] [1773148752.630967143] [gazebo_wind_plugin_node]: WindPlugin: set wind_speed=4.03 wind_direction=-91.5
[gzserver-2] [INFO] [1773148752.872949100] [gazebo_wind_plugin_node]: WindPlugin: set wind_speed=4.03 wind_direction=-91.5
[gzserver-2] [INFO] [1773148753.107274771] [gazebo_wind_plugin_node]: WindPlugin: set wind_speed=4.03 wind_direction=-91.5
[gzserver-2] [INFO] [1773148753.341480428] [gazebo_wind_plugin_node]: WindPlugin: set wind_speed=4.03 wind_direction=-91.5
[gzserver-2] [INFO] [1773148753.583143329] [gazebo_wind_plugin_node]: WindPlugin: set wind_speed=4.03 wind_direction=-91.5
[gzserver-2] [INFO] [1773148753.817189555] [gazebo_wind_plugin_node]: WindPlugin: set wind_speed=3.91 wind_direction=-92.0
[gzserver-2] [INFO] [1773148754.057564922] [gazebo_wind_plugin_node]: WindPlugin: set wind_speed=3.91 wind_direction=-92.0
[gzserver-2] [INFO] [1773148754.299251873] [gazebo_wind_plugin_node]: WindPlugin: set wind_speed=3.91 wind_direction=-92.0
[gzserver-2] [INFO] [1773148754.529026732] [gazebo_wind_plugin_node]: WindPlugin: set wind_speed=3.91 wind_direction=-92.0
[gzserver-2] [INFO] [1773148754.771784124] [gazebo_wind_plugin_node]: WindPlugin: set wind_speed=3.94 wind_direction=-90.7
[gzserver-2] [INFO] [1773148755.005893916] [gazebo_wind_plugin_node]: WindPlugin: set wind_speed=3.94 wind_direction=-90.7
[gzserver-2] [INFO] [1773148755.245463009] [gazebo_wind_plugin_node]: WindPlugin: set wind_speed=3.94 wind_direction=-90.7
[gzserver-2] [INFO] [1773148755.479631157] [gazebo_wind_plugin_node]: WindPlugin: set wind_speed=3.94 wind_direction=-90.7
[gzserver-2] [INFO] [1773148755.714077249] [gazebo_wind_plugin_node]: WindPlugin: set wind_speed=4.04 wind_direction=-89.9
[gzserver-2] [INFO] [1773148755.954180015] [gazebo_wind_plugin_node]: WindPlugin: set wind_speed=4.04 wind_direction=-89.9
[gzserver-2] [INFO] [1773148756.190501169] [gazebo_wind_plugin_node]: WindPlugin: set wind_speed=4.04 wind_direction=-89.9
[gzserver-2] [INFO] [1773148756.419570777] [gazebo_wind_plugin_node]: WindPlugin: set wind_speed=4.04 wind_direction=-89.9
[gzserver-2] [INFO] [1773148756.659357038] [gazebo_wind_plugin_node]: WindPlugin: set wind_speed=4.02 wind_direction=-89.6
[gzserver-2] [1;36m[Dbg] [wind_plugin.cpp:110] [0m[1;36mWindPlugin: received command -> speed=[0m[1;36m3.9173[0m[1;36m dir=[0m[1;36m-93.3242[0m[1;36m
[gzserver-2] [0m[1;36m[Dbg] [wind_plugin.cpp:110] [0m[1;36mWindPlugin: received command -> speed=[0m[1;36m3.90005[0m[1;36m dir=[0m[1;36m-90.3816[0m[1;36m
[gzserver-2] [0m[1;36m[Dbg] [wind_plugin.cpp:110] [0m[1;36mWindPlugin: received command -> speed=[0m[1;36m3.90005[0m[1;36m dir=[0m[1;36m-90.3816[0m[1;36m
[gzserver-2] [0m[1;36m[Dbg] [wind_plugin.cpp:110] [0m[1;36mWindPlugin: received command -> speed=[0m[1;36m3.90005[0m[1;36m dir=[0m[1;36m-90.3816[0m[1;36m
[gzserver-2] [0m[1;36m[Dbg] [wind_plugin.cpp:110] [0m[1;36mWindPlugin: received command -> speed=[0m[1;36m3.90005[0m[1;36m dir=[0m[1;36m-90.3816[0m[1;36m
[gzserver-2] [0m[1;36m[Dbg] [wind_plugin.cpp:110] [0m[1;36mWindPlugin: received command -> speed=[0m[1;36m3.96323[0m[1;36m dir=[0m[1;36m-94.4967[0m[1;36m
[gzserver-2] [0m[1;36m[Dbg] [wind_plugin.cpp:110] [0m[1;36mWindPlugin: received command -> speed=[0m[1;36m3.96323[0m[1;36m dir=[0m[1;36m-94.4967[0m[1;36m
[gzserver-2] [0m[1;36m[Dbg] [wind_plugin.cpp:110] [0m[1;36mWindPlugin: received command -> speed=[0m[1;36m3.96323[0m[1;36m dir=[0m[1;36m-94.4967[0m[1;36m
[gzserver-2] [0m[1;36m[Dbg] [wind_plugin.cpp:110] [0m[1;36mWindPlugin: received command -> speed=[0m[1;36m3.96323[0m[1;36m dir=[0m[1;36m-94.4967[0m[1;36m
[gzserver-2] [0m[1;36m[Dbg] [wind_plugin.cpp:110] [0m[1;36mWindPlugin: received command -> speed=[0m[1;36m4.02639[0m[1;36m dir=[0m[1;36m-91.515[0m[1;36m
[gzserver-2] [0m[1;36m[Dbg] [wind_plugin.cpp:110] [0m[1;36mWindPlugin: received command -> speed=[0m[1;36m4.02639[0m[1;36m dir=[0m[1;36m-91.515[0m[1;36m
[gzserver-2] [0m[1;36m[Dbg] [wind_plugin.cpp:110] [0m[1;36mWindPlugin: received command -> speed=[0m[1;36m4.02639[0m[1;36m dir=[0m[1;36m-91.515[0m[1;36m
[gzserver-2] [0m[1;36m[Dbg] [wind_plugin.cpp:110] [0m[1;36mWindPlugin: received command -> speed=[0m[1;36m4.02639[0m[1;36m dir=[0m[1;36m-91.515[0m[1;36m
[gzserver-2] [0m[1;36m[Dbg] [wind_plugin.cpp:110] [0m[1;36mWindPlugin: received command -> speed=[0m[1;36m4.02639[0m[1;36m dir=[0m[1;36m-91.515[0m[1;36m
[gzserver-2] [0m[1;36m[Dbg] [wind_plugin.cpp:110] [0m[1;36mWindPlugin: received command -> speed=[0m[1;36m3.90967[0m[1;36m dir=[0m[1;36m-91.9954[0m[1;36m
[gzserver-2] [0m[1;36m[Dbg] [wind_plugin.cpp:110] [0m[1;36mWindPlugin: received command -> speed=[0m[1;36m3.90967[0m[1;36m dir=[0m[1;36m-91.9954[0m[1;36m
[gzserver-2] [0m[1;36m[Dbg] [wind_plugin.cpp:110] [0m[1;36mWindPlugin: received command -> speed=[0m[1;36m3.90967[0m[1;36m dir=[0m[1;36m-91.9954[0m[1;36m
[gzserver-2] [0m[1;36m[Dbg] [wind_plugin.cpp:110] [0m[1;36mWindPlugin: received command -> speed=[0m[1;36m3.90967[0m[1;36m dir=[0m[1;36m-91.9954[0m[1;36m
[gzserver-2] [0m[1;36m[Dbg] [wind_plugin.cpp:110] [0m[1;36mWindPlugin: received command -> speed=[0m[1;36m3.93714[0m[1;36m dir=[0m[1;36m-90.7456[0m[1;36m
[gzserver-2] [0m[1;36m[Dbg] [wind_plugin.cpp:110] [0m[1;36mWindPlugin: received command -> speed=[0m[1;36m3.93714[0m[1;36m dir=[0m[1;36m-90.7456[0m[1;36m
[gzserver-2] [0m[1;36m[Dbg] [wind_plugin.cpp:110] [0m[1;36mWindPlugin: received command -> speed=[0m[1;36m3.93714[0m[1;36m dir=[0m[1;36m-90.7456[0m[1;36m
[gzserver-2] [0m[1;36m[Dbg] [wind_plugin.cpp:110] [0m[1;36mWindPlugin: received command -> speed=[0m[1;36m3.93714[0m[1;36m dir=[0m[1;36m-90.7456[0m[1;36m
[gzserver-2] [0m[1;36m[Dbg] [wind_plugin.cpp:110] [0m[1;36mWindPlugin: received command -> speed=[0m[1;36m4.03673[0m[1;36m dir=[0m[1;36m-89.906[0m[1;36m
[gzserver-2] [0m[1;36m[Dbg] [wind_plugin.cpp:110] [0m[1;36mWindPlugin: received command -> speed=[0m[1;36m4.03673[0m[1;36m dir=[0m[1;36m-89.906[0m[1;36m
[gzserver-2] [0m[1;36m[Dbg] [wind_plugin.cpp:110] [0m[1;36mWindPlugin: received command -> speed=[0m[1;36m4.03673[0m[1;36m dir=[0m[1;36m-89.906[0m[1;36m
[gzserver-2] [0m[1;36m[Dbg] [wind_plugin.cpp:110] [0m[1;36mWindPlugin: received command -> speed=[0m[1;36m4.03673[0m[1;36m dir=[0m[1;36m-89.906[0m[1;36m
[gzserver-2] [INFO] [1773148756.898591552] [gazebo_wind_plugin_node]: WindPlugin: set wind_speed=4.02 wind_direction=-89.6
[gzserver-2] [INFO] [1773148757.132807558] [gazebo_wind_plugin_node]: WindPlugin: set wind_speed=4.02 wind_direction=-89.6
[gzserver-2] [INFO] [1773148757.372537240] [gazebo_wind_plugin_node]: WindPlugin: set wind_speed=4.02 wind_direction=-89.6
[gzserver-2] [INFO] [1773148757.612364535] [gazebo_wind_plugin_node]: WindPlugin: set wind_speed=4.10 wind_direction=-89.2
[gzserver-2] [INFO] [1773148757.847041736] [gazebo_wind_plugin_node]: WindPlugin: set wind_speed=4.10 wind_direction=-89.2
[gzserver-2] [INFO] [1773148758.081460224] [gazebo_wind_plugin_node]: WindPlugin: set wind_speed=4.10 wind_direction=-89.2
[gzserver-2] [INFO] [1773148758.321457136] [gazebo_wind_plugin_node]: WindPlugin: set wind_speed=4.10 wind_direction=-89.2
[gzserver-2] [INFO] [1773148758.555687505] [gazebo_wind_plugin_node]: WindPlugin: set wind_speed=4.10 wind_direction=-89.2
[gzserver-2] [INFO] [1773148758.795166450] [gazebo_wind_plugin_node]: WindPlugin: set wind_speed=3.98 wind_direction=-92.2
[gzserver-2] [INFO] [1773148759.029587284] [gazebo_wind_plugin_node]: WindPlugin: set wind_speed=3.98 wind_direction=-92.2
[gzserver-2] [INFO] [1773148759.268521049] [gazebo_wind_plugin_node]: WindPlugin: set wind_speed=3.98 wind_direction=-92.2
[gzserver-2] [INFO] [1773148759.507606174] [gazebo_wind_plugin_node]: WindPlugin: set wind_speed=3.98 wind_direction=-92.2
[gzserver-2] [INFO] [1773148759.736277705] [gazebo_wind_plugin_node]: WindPlugin: set wind_speed=3.85 wind_direction=-90.9
[gzserver-2] [INFO] [1773148759.970839674] [gazebo_wind_plugin_node]: WindPlugin: set wind_speed=3.85 wind_direction=-90.9
[gzserver-2] [INFO] [1773148760.206358512] [gazebo_wind_plugin_node]: WindPlugin: set wind_speed=3.85 wind_direction=-90.9
[gzserver-2] [INFO] [1773148760.440870965] [gazebo_wind_plugin_node]: WindPlugin: set wind_speed=3.85 wind_direction=-90.9
[gzserver-2] [INFO] [1773148760.680359296] [gazebo_wind_plugin_node]: WindPlugin: set wind_speed=3.94 wind_direction=-89.5
[gzserver-2] [INFO] [1773148760.919753202] [gazebo_wind_plugin_node]: WindPlugin: set wind_speed=3.94 wind_direction=-89.5
[gzserver-2] [INFO] [1773148761.158936863] [gazebo_wind_plugin_node]: WindPlugin: set wind_speed=3.94 wind_direction=-89.5
[gzserver-2] [INFO] [1773148761.398344741] [gazebo_wind_plugin_node]: WindPlugin: set wind_speed=3.94 wind_direction=-89.5
[gzserver-2] [INFO] [1773148761.629101551] [gazebo_wind_plugin_node]: WindPlugin: set wind_speed=3.89 wind_direction=-87.9
[gzserver-2] [INFO] [1773148761.863930390] [gazebo_wind_plugin_node]: WindPlugin: set wind_speed=3.89 wind_direction=-87.9
[gzserver-2] [INFO] [1773148762.103128525] [gazebo_wind_plugin_node]: WindPlugin: set wind_speed=3.89 wind_direction=-87.9
[gzserver-2] [INFO] [1773148762.344560850] [gazebo_wind_plugin_node]: WindPlugin: set wind_speed=3.89 wind_direction=-87.9
[gzserver-2] [INFO] [1773148762.583798727] [gazebo_wind_plugin_node]: WindPlugin: set wind_speed=3.89 wind_direction=-87.9
[gzserver-2] [INFO] [1773148762.818125290] [gazebo_wind_plugin_node]: WindPlugin: set wind_speed=4.05 wind_direction=-89.6
[gzserver-2] [INFO] [1773148763.057492135] [gazebo_wind_plugin_node]: WindPlugin: set wind_speed=4.05 wind_direction=-89.6
[gzserver-2] [0m[1;36m[Dbg] [wind_plugin.cpp:110] [0m[1;36mWindPlugin: received command -> speed=[0m[1;36m4.01633[0m[1;36m dir=[0m[1;36m-89.6437[0m[1;36m
[gzserver-2] [0m[1;36m[Dbg] [wind_plugin.cpp:110] [0m[1;36mWindPlugin: received command -> speed=[0m[1;36m4.01633[0m[1;36m dir=[0m[1;36m-89.6437[0m[1;36m
[gzserver-2] [0m[1;36m[Dbg] [wind_plugin.cpp:110] [0m[1;36mWindPlugin: received command -> speed=[0m[1;36m4.01633[0m[1;36m dir=[0m[1;36m-89.6437[0m[1;36m
[gzserver-2] [0m[1;36m[Dbg] [wind_plugin.cpp:110] [0m[1;36mWindPlugin: received command -> speed=[0m[1;36m4.01633[0m[1;36m dir=[0m[1;36m-89.6437[0m[1;36m
[gzserver-2] [0m[1;36m[Dbg] [wind_plugin.cpp:110] [0m[1;36mWindPlugin: received command -> speed=[0m[1;36m4.10206[0m[1;36m dir=[0m[1;36m-89.2308[0m[1;36m
[gzserver-2] [0m[1;36m[Dbg] [wind_plugin.cpp:110] [0m[1;36mWindPlugin: received command -> speed=[0m[1;36m4.10206[0m[1;36m dir=[0m[1;36m-89.2308[0m[1;36m
[gzserver-2] [0m[1;36m[Dbg] [wind_plugin.cpp:110] [0m[1;36mWindPlugin: received command -> speed=[0m[1;36m4.10206[0m[1;36m dir=[0m[1;36m-89.2308[0m[1;36m
[gzserver-2] [0m[1;36m[Dbg] [wind_plugin.cpp:110] [0m[1;36mWindPlugin: received command -> speed=[0m[1;36m4.10206[0m[1;36m dir=[0m[1;36m-89.2308[0m[1;36m
[gzserver-2] [0m[1;36m[Dbg] [wind_plugin.cpp:110] [0m[1;36mWindPlugin: received command -> speed=[0m[1;36m4.10206[0m[1;36m dir=[0m[1;36m-89.2308[0m[1;36m
[gzserver-2] [0m[1;36m[Dbg] [wind_plugin.cpp:110] [0m[1;36mWindPlugin: received command -> speed=[0m[1;36m3.98186[0m[1;36m dir=[0m[1;36m-92.1653[0m[1;36m
[gzserver-2] [0m[1;36m[Dbg] [wind_plugin.cpp:110] [0m[1;36mWindPlugin: received command -> speed=[0m[1;36m3.98186[0m[1;36m dir=[0m[1;36m-92.1653[0m[1;36m
[gzserver-2] [0m[1;36m[Dbg] [wind_plugin.cpp:110] [0m[1;36mWindPlugin: received command -> speed=[0m[1;36m3.98186[0m[1;36m dir=[0m[1;36m-92.1653[0m[1;36m
[gzserver-2] [0m[1;36m[Dbg] [wind_plugin.cpp:110] [0m[1;36mWindPlugin: received command -> speed=[0m[1;36m3.98186[0m[1;36m dir=[0m[1;36m-92.1653[0m[1;36m
[gzserver-2] [0m[1;36m[Dbg] [wind_plugin.cpp:110] [0m[1;36mWindPlugin: received command -> speed=[0m[1;36m3.85336[0m[1;36m dir=[0m[1;36m-90.9268[0m[1;36m
[gzserver-2] [0m[1;36m[Dbg] [wind_plugin.cpp:110] [0m[1;36mWindPlugin: received command -> speed=[0m[1;36m3.85336[0m[1;36m dir=[0m[1;36m-90.9268[0m[1;36m
[gzserver-2] [0m[1;36m[Dbg] [wind_plugin.cpp:110] [0m[1;36mWindPlugin: received command -> speed=[0m[1;36m3.85336[0m[1;36m dir=[0m[1;36m-90.9268[0m[1;36m
[gzserver-2] [0m[1;36m[Dbg] [wind_plugin.cpp:110] [0m[1;36mWindPlugin: received command -> speed=[0m[1;36m3.85336[0m[1;36m dir=[0m[1;36m-90.9268[0m[1;36m
[gzserver-2] [0m[1;36m[Dbg] [wind_plugin.cpp:110] [0m[1;36mWindPlugin: received command -> speed=[0m[1;36m3.93583[0m[1;36m dir=[0m[1;36m-89.4656[0m[1;36m
[gzserver-2] [0m[1;36m[Dbg] [wind_plugin.cpp:110] [0m[1;36mWindPlugin: received command -> speed=[0m[1;36m3.93583[0m[1;36m dir=[0m[1;36m-89.4656[0m[1;36m
[gzserver-2] [0m[1;36m[Dbg] [wind_plugin.cpp:110] [0m[1;36mWindPlugin: received command -> speed=[0m[1;36m3.93583[0m[1;36m dir=[0m[1;36m-89.4656[0m[1;36m
[gzserver-2] [0m[1;36m[Dbg] [wind_plugin.cpp:110] [0m[1;36mWindPlugin: received command -> speed=[0m[1;36m3.93583[0m[1;36m dir=[0m[1;36m-89.4656[0m[1;36m
[gzserver-2] [0m[1;36m[Dbg] [wind_plugin.cpp:110] [0m[1;36mWindPlugin: received command -> speed=[0m[1;36m3.89186[0m[1;36m dir=[0m[1;36m-87.8911[0m[1;36m
[gzserver-2] [0m[1;36m[Dbg] [wind_plugin.cpp:110] [0m[1;36mWindPlugin: received command -> speed=[0m[1;36m3.89186[0m[1;36m dir=[0m[1;36m-87.8911[0m[1;36m
[gzserver-2] [0m[1;36m[Dbg] [wind_plugin.cpp:110] [0m[1;36mWindPlugin: received command -> speed=[0m[1;36m3.89186[0m[1;36m dir=[0m[1;36m-87.8911[0m[1;36m
[gzserver-2] [0m[1;36m[Dbg] [wind_plugin.cpp:110] [0m[1;36mWindPlugin: received command -> speed=[0m[1;36m3.89186[0m[1;36m dir=[0m[1;36m-87.8911[0m[1;36m
[gzserver-2] [0m[1;36m[Dbg] [wind_plugin.cpp:110] [0m[1;36mWindPlugin: received command -> speed=[0m[1;36m3.89186[0m[1;36m dir=[0m[1;36m-87.8911[0m[1;36m
[gzserver-2] [0m[1;36m[Dbg] [wind_plugin.cpp:110] [0m[1;36mWindPlugin: received command -> speed=[0m[1;36m4.05072[0m[1;36m dir=[0m[1;36m-89.6479[0m[1;36m
[gzserver-2] [INFO] [1773148763.297042368] [gazebo_wind_plugin_node]: WindPlugin: set wind_speed=4.05 wind_direction=-89.6
[gzserver-2] [INFO] [1773148763.536353121] [gazebo_wind_plugin_node]: WindPlugin: set wind_speed=4.05 wind_direction=-89.6
[gzserver-2] [INFO] [1773148763.770505293] [gazebo_wind_plugin_node]: WindPlugin: set wind_speed=4.04 wind_direction=-87.9
[gzserver-2] [INFO] [1773148764.004877679] [gazebo_wind_plugin_node]: WindPlugin: set wind_speed=4.04 wind_direction=-87.9
[gzserver-2] [INFO] [1773148764.244019811] [gazebo_wind_plugin_node]: WindPlugin: set wind_speed=4.04 wind_direction=-87.9
[gzserver-2] [INFO] [1773148764.477935247] [gazebo_wind_plugin_node]: WindPlugin: set wind_speed=4.04 wind_direction=-87.9
[gzserver-2] [INFO] [1773148764.712606611] [gazebo_wind_plugin_node]: WindPlugin: set wind_speed=3.99 wind_direction=-88.2
[gzserver-2] [INFO] [1773148764.946356275] [gazebo_wind_plugin_node]: WindPlugin: set wind_speed=3.99 wind_direction=-88.2
[gzserver-2] [INFO] [1773148765.183063040] [gazebo_wind_plugin_node]: WindPlugin: set wind_speed=3.99 wind_direction=-88.2
[gzserver-2] [INFO] [1773148765.411807585] [gazebo_wind_plugin_node]: WindPlugin: set wind_speed=3.99 wind_direction=-88.2
[gzserver-2] [INFO] [1773148765.651060424] [gazebo_wind_plugin_node]: WindPlugin: set wind_speed=3.93 wind_direction=-90.9
[gzserver-2] [INFO] [1773148765.879913171] [gazebo_wind_plugin_node]: WindPlugin: set wind_speed=3.93 wind_direction=-90.9
[gzserver-2] [INFO] [1773148766.109126661] [gazebo_wind_plugin_node]: WindPlugin: set wind_speed=3.93 wind_direction=-90.9
[gzserver-2] [INFO] [1773148766.349263143] [gazebo_wind_plugin_node]: WindPlugin: set wind_speed=3.93 wind_direction=-90.9
[gzserver-2] [INFO] [1773148766.579324298] [gazebo_wind_plugin_node]: WindPlugin: set wind_speed=3.93 wind_direction=-90.9
[gzserver-2] [INFO] [1773148766.809404583] [gazebo_wind_plugin_node]: WindPlugin: set wind_speed=4.04 wind_direction=-85.7
[gzserver-2] [INFO] [1773148767.038995459] [gazebo_wind_plugin_node]: WindPlugin: set wind_speed=4.04 wind_direction=-85.7
[gzserver-2] [INFO] [1773148767.280428384] [gazebo_wind_plugin_node]: WindPlugin: set wind_speed=4.04 wind_direction=-85.7
[gzserver-2] [INFO] [1773148767.519692835] [gazebo_wind_plugin_node]: WindPlugin: set wind_speed=4.04 wind_direction=-85.7
[gzserver-2] [INFO] [1773148767.758918771] [gazebo_wind_plugin_node]: WindPlugin: set wind_speed=3.88 wind_direction=-85.3
[gzserver-2] [INFO] [1773148767.999006378] [gazebo_wind_plugin_node]: WindPlugin: set wind_speed=3.88 wind_direction=-85.3
[gzserver-2] [INFO] [1773148768.238223067] [gazebo_wind_plugin_node]: WindPlugin: set wind_speed=3.88 wind_direction=-85.3
[gzserver-2] [INFO] [1773148768.472119869] [gazebo_wind_plugin_node]: WindPlugin: set wind_speed=3.88 wind_direction=-85.3
[gzserver-2] [INFO] [1773148768.706322437] [gazebo_wind_plugin_node]: WindPlugin: set wind_speed=3.92 wind_direction=-86.5
[gzserver-2] [INFO] [1773148768.948080679] [gazebo_wind_plugin_node]: WindPlugin: set wind_speed=3.92 wind_direction=-86.5
[gzserver-2] [INFO] [1773148769.187058900] [gazebo_wind_plugin_node]: WindPlugin: set wind_speed=3.92 wind_direction=-86.5
[gzserver-2] [INFO] [1773148769.421044514] [gazebo_wind_plugin_node]: WindPlugin: set wind_speed=3.92 wind_direction=-86.5
[gzserver-2] [0m[1;36m[Dbg] [wind_plugin.cpp:110] [0m[1;36mWindPlugin: received command -> speed=[0m[1;36m4.05072[0m[1;36m dir=[0m[1;36m-89.6479[0m[1;36m
[gzserver-2] [0m[1;36m[Dbg] [wind_plugin.cpp:110] [0m[1;36mWindPlugin: received command -> speed=[0m[1;36m4.05072[0m[1;36m dir=[0m[1;36m-89.6479[0m[1;36m
[gzserver-2] [0m[1;36m[Dbg] [wind_plugin.cpp:110] [0m[1;36mWindPlugin: received command -> speed=[0m[1;36m4.05072[0m[1;36m dir=[0m[1;36m-89.6479[0m[1;36m
[gzserver-2] [0m[1;36m[Dbg] [wind_plugin.cpp:110] [0m[1;36mWindPlugin: received command -> speed=[0m[1;36m4.03714[0m[1;36m dir=[0m[1;36m-87.9225[0m[1;36m
[gzserver-2] [0m[1;36m[Dbg] [wind_plugin.cpp:110] [0m[1;36mWindPlugin: received command -> speed=[0m[1;36m4.03714[0m[1;36m dir=[0m[1;36m-87.9225[0m[1;36m
[gzserver-2] [0m[1;36m[Dbg] [wind_plugin.cpp:110] [0m[1;36mWindPlugin: received command -> speed=[0m[1;36m4.03714[0m[1;36m dir=[0m[1;36m-87.9225[0m[1;36m
[gzserver-2] [0m[1;36m[Dbg] [wind_plugin.cpp:110] [0m[1;36mWindPlugin: received command -> speed=[0m[1;36m4.03714[0m[1;36m dir=[0m[1;36m-87.9225[0m[1;36m
[gzserver-2] [0m[1;36m[Dbg] [wind_plugin.cpp:110] [0m[1;36mWindPlugin: received command -> speed=[0m[1;36m3.99374[0m[1;36m dir=[0m[1;36m-88.1546[0m[1;36m
[gzserver-2] [0m[1;36m[Dbg] [wind_plugin.cpp:110] [0m[1;36mWindPlugin: received command -> speed=[0m[1;36m3.99374[0m[1;36m dir=[0m[1;36m-88.1546[0m[1;36m
[gzserver-2] [0m[1;36m[Dbg] [wind_plugin.cpp:110] [0m[1;36mWindPlugin: received command -> speed=[0m[1;36m3.99374[0m[1;36m dir=[0m[1;36m-88.1546[0m[1;36m
[gzserver-2] [0m[1;36m[Dbg] [wind_plugin.cpp:110] [0m[1;36mWindPlugin: received command -> speed=[0m[1;36m3.99374[0m[1;36m dir=[0m[1;36m-88.1546[0m[1;36m
[gzserver-2] [0m[1;36m[Dbg] [wind_plugin.cpp:110] [0m[1;36mWindPlugin: received command -> speed=[0m[1;36m3.93331[0m[1;36m dir=[0m[1;36m-90.8873[0m[1;36m
[gzserver-2] [0m[1;36m[Dbg] [wind_plugin.cpp:110] [0m[1;36mWindPlugin: received command -> speed=[0m[1;36m3.93331[0m[1;36m dir=[0m[1;36m-90.8873[0m[1;36m
[gzserver-2] [0m[1;36m[Dbg] [wind_plugin.cpp:110] [0m[1;36mWindPlugin: received command -> speed=[0m[1;36m3.93331[0m[1;36m dir=[0m[1;36m-90.8873[0m[1;36m
[gzserver-2] [0m[1;36m[Dbg] [wind_plugin.cpp:110] [0m[1;36mWindPlugin: received command -> speed=[0m[1;36m3.93331[0m[1;36m dir=[0m[1;36m-90.8873[0m[1;36m
[gzserver-2] [0m[1;36m[Dbg] [wind_plugin.cpp:110] [0m[1;36mWindPlugin: received command -> speed=[0m[1;36m3.93331[0m[1;36m dir=[0m[1;36m-90.8873[0m[1;36m
[gzserver-2] [0m[1;36m[Dbg] [wind_plugin.cpp:110] [0m[1;36mWindPlugin: received command -> speed=[0m[1;36m4.03576[0m[1;36m dir=[0m[1;36m-85.7198[0m[1;36m
[gzserver-2] [0m[1;36m[Dbg] [wind_plugin.cpp:110] [0m[1;36mWindPlugin: received command -> speed=[0m[1;36m4.03576[0m[1;36m dir=[0m[1;36m-85.7198[0m[1;36m
[gzserver-2] [0m[1;36m[Dbg] [wind_plugin.cpp:110] [0m[1;36mWindPlugin: received command -> speed=[0m[1;36m4.03576[0m[1;36m dir=[0m[1;36m-85.7198[0m[1;36m
[gzserver-2] [0m[1;36m[Dbg] [wind_plugin.cpp:110] [0m[1;36mWindPlugin: received command -> speed=[0m[1;36m4.03576[0m[1;36m dir=[0m[1;36m-85.7198[0m[1;36m
[gzserver-2] [0m[1;36m[Dbg] [wind_plugin.cpp:110] [0m[1;36mWindPlugin: received command -> speed=[0m[1;36m3.87595[0m[1;36m dir=[0m[1;36m-85.3281[0m[1;36m
[gzserver-2] [0m[1;36m[Dbg] [wind_plugin.cpp:110] [0m[1;36mWindPlugin: received command -> speed=[0m[1;36m3.87595[0m[1;36m dir=[0m[1;36m-85.3281[0m[1;36m
[gzserver-2] [0m[1;36m[Dbg] [wind_plugin.cpp:110] [0m[1;36mWindPlugin: received command -> speed=[0m[1;36m3.87595[0m[1;36m dir=[0m[1;36m-85.3281[0m[1;36m
[gzserver-2] [0m[1;36m[Dbg] [wind_plugin.cpp:110] [0m[1;36mWindPlugin: received command -> speed=[0m[1;36m3.87595[0m[1;36m dir=[0m[1;36m-85.3281[0m[1;36m
[gzserver-2] [0m[1;36m[Dbg] [wind_plugin.cpp:110] [0m[1;36mWindPlugin: received command -> speed=[0m[1;36m3.91915[0m[1;36m dir=[0m[1;36m-86.4962[0m[1;36m
[gzserver-2] [0m[1;36m[Dbg] [wind_plugin.cpp:110] [0m[1;36mWindPlugin: received command -> speed=[0m[1;36m3.91915[0m[1;36m dir=[0m[1;36m-86.4962[0m[1;36m
[gzserver-2] [0m[1;36m[Dbg] [wind_plugin.cpp:110] [0m[1;36mWindPlugin: received command -> speed=[0m[1;36m3.91915[0m[1;36m dir=[0m[1;36m-86.4962[0m[1;36m
[gzserver-2] [INFO] [1773148769.660323185] [gazebo_wind_plugin_node]: WindPlugin: set wind_speed=4.04 wind_direction=-86.4
[gzserver-2] [INFO] [1773148769.894573860] [gazebo_wind_plugin_node]: WindPlugin: set wind_speed=4.04 wind_direction=-86.4
[gzserver-2] [INFO] [1773148770.123744838] [gazebo_wind_plugin_node]: WindPlugin: set wind_speed=4.04 wind_direction=-86.4
[gzserver-2] [INFO] [1773148770.352311932] [gazebo_wind_plugin_node]: WindPlugin: set wind_speed=4.04 wind_direction=-86.4
[gzserver-2] [INFO] [1773148770.591499868] [gazebo_wind_plugin_node]: WindPlugin: set wind_speed=4.15 wind_direction=-85.1
[gzserver-2] [INFO] [1773148770.831531779] [gazebo_wind_plugin_node]: WindPlugin: set wind_speed=4.15 wind_direction=-85.1
[gzserver-2] [INFO] [1773148771.071081880] [gazebo_wind_plugin_node]: WindPlugin: set wind_speed=4.15 wind_direction=-85.1
[gzserver-2] [INFO] [1773148771.310599036] [gazebo_wind_plugin_node]: WindPlugin: set wind_speed=4.15 wind_direction=-85.1
[gzserver-2] [INFO] [1773148771.552353649] [gazebo_wind_plugin_node]: WindPlugin: set wind_speed=4.15 wind_direction=-85.1
[gzserver-2] [INFO] [1773148771.791587724] [gazebo_wind_plugin_node]: WindPlugin: set wind_speed=3.93 wind_direction=-83.1
[gzserver-2] [INFO] [1773148772.025572434] [gazebo_wind_plugin_node]: WindPlugin: set wind_speed=3.93 wind_direction=-83.1
[gzserver-2] [INFO] [1773148772.265120297] [gazebo_wind_plugin_node]: WindPlugin: set wind_speed=3.93 wind_direction=-83.1
[gzserver-2] [INFO] [1773148772.504380869] [gazebo_wind_plugin_node]: WindPlugin: set wind_speed=3.93 wind_direction=-83.1
[gzserver-2] [INFO] [1773148772.738410900] [gazebo_wind_plugin_node]: WindPlugin: set wind_speed=3.96 wind_direction=-86.2
[gzserver-2] [INFO] [1773148772.977915986] [gazebo_wind_plugin_node]: WindPlugin: set wind_speed=3.96 wind_direction=-86.2
[gzserver-2] [INFO] [1773148773.219724878] [gazebo_wind_plugin_node]: WindPlugin: set wind_speed=3.96 wind_direction=-86.2
[gzserver-2] [INFO] [1773148773.458940168] [gazebo_wind_plugin_node]: WindPlugin: set wind_speed=3.96 wind_direction=-86.2
[gzserver-2] [INFO] [1773148773.693666212] [gazebo_wind_plugin_node]: WindPlugin: set wind_speed=3.83 wind_direction=-84.8
[gzserver-2] [INFO] [1773148773.928474886] [gazebo_wind_plugin_node]: WindPlugin: set wind_speed=3.83 wind_direction=-84.8
[gzserver-2] [INFO] [1773148774.162419416] [gazebo_wind_plugin_node]: WindPlugin: set wind_speed=3.83 wind_direction=-84.8
[gzserver-2] [INFO] [1773148774.401039288] [gazebo_wind_plugin_node]: WindPlugin: set wind_speed=3.83 wind_direction=-84.8
[gzserver-2] [INFO] [1773148774.641898545] [gazebo_wind_plugin_node]: WindPlugin: set wind_speed=3.69 wind_direction=-85.5
[gzserver-2] [INFO] [1773148774.883396062] [gazebo_wind_plugin_node]: WindPlugin: set wind_speed=3.69 wind_direction=-85.5
[gzserver-2] [INFO] [1773148775.122512470] [gazebo_wind_plugin_node]: WindPlugin: set wind_speed=3.69 wind_direction=-85.5
[gzserver-2] [INFO] [1773148775.361848906] [gazebo_wind_plugin_node]: WindPlugin: set wind_speed=3.69 wind_direction=-85.5
[gzserver-2] [INFO] [1773148775.601715714] [gazebo_wind_plugin_node]: WindPlugin: set wind_speed=3.97 wind_direction=-80.5
[gzserver-2] [INFO] [1773148775.840858608] [gazebo_wind_plugin_node]: WindPlugin: set wind_speed=3.97 wind_direction=-80.5
[gzserver-2] [0m[1;36m[Dbg] [wind_plugin.cpp:110] [0m[1;36mWindPlugin: received command -> speed=[0m[1;36m3.91915[0m[1;36m dir=[0m[1;36m-86.4962[0m[1;36m
[gzserver-2] [0m[1;36m[Dbg] [wind_plugin.cpp:110] [0m[1;36mWindPlugin: received command -> speed=[0m[1;36m4.04143[0m[1;36m dir=[0m[1;36m-86.3875[0m[1;36m
[gzserver-2] [0m[1;36m[Dbg] [wind_plugin.cpp:110] [0m[1;36mWindPlugin: received command -> speed=[0m[1;36m4.04143[0m[1;36m dir=[0m[1;36m-86.3875[0m[1;36m
[gzserver-2] [0m[1;36m[Dbg] [wind_plugin.cpp:110] [0m[1;36mWindPlugin: received command -> speed=[0m[1;36m4.04143[0m[1;36m dir=[0m[1;36m-86.3875[0m[1;36m
[gzserver-2] [0m[1;36m[Dbg] [wind_plugin.cpp:110] [0m[1;36mWindPlugin: received command -> speed=[0m[1;36m4.04143[0m[1;36m dir=[0m[1;36m-86.3875[0m[1;36m
[gzserver-2] [0m[1;36m[Dbg] [wind_plugin.cpp:110] [0m[1;36mWindPlugin: received command -> speed=[0m[1;36m4.1468[0m[1;36m dir=[0m[1;36m-85.0563[0m[1;36m
[gzserver-2] [0m[1;36m[Dbg] [wind_plugin.cpp:110] [0m[1;36mWindPlugin: received command -> speed=[0m[1;36m4.1468[0m[1;36m dir=[0m[1;36m-85.0563[0m[1;36m
[gzserver-2] [0m[1;36m[Dbg] [wind_plugin.cpp:110] [0m[1;36mWindPlugin: received command -> speed=[0m[1;36m4.1468[0m[1;36m dir=[0m[1;36m-85.0563[0m[1;36m
[gzserver-2] [0m[1;36m[Dbg] [wind_plugin.cpp:110] [0m[1;36mWindPlugin: received command -> speed=[0m[1;36m4.1468[0m[1;36m dir=[0m[1;36m-85.0563[0m[1;36m
[gzserver-2] [0m[1;36m[Dbg] [wind_plugin.cpp:110] [0m[1;36mWindPlugin: received command -> speed=[0m[1;36m4.1468[0m[1;36m dir=[0m[1;36m-85.0563[0m[1;36m
[gzserver-2] [0m[1;36m[Dbg] [wind_plugin.cpp:110] [0m[1;36mWindPlugin: received command -> speed=[0m[1;36m3.92933[0m[1;36m dir=[0m[1;36m-83.0535[0m[1;36m
[gzserver-2] [0m[1;36m[Dbg] [wind_plugin.cpp:110] [0m[1;36mWindPlugin: received command -> speed=[0m[1;36m3.92933[0m[1;36m dir=[0m[1;36m-83.0535[0m[1;36m
[gzserver-2] [0m[1;36m[Dbg] [wind_plugin.cpp:110] [0m[1;36mWindPlugin: received command -> speed=[0m[1;36m3.92933[0m[1;36m dir=[0m[1;36m-83.0535[0m[1;36m
[gzserver-2] [0m[1;36m[Dbg] [wind_plugin.cpp:110] [0m[1;36mWindPlugin: received command -> speed=[0m[1;36m3.92933[0m[1;36m dir=[0m[1;36m-83.0535[0m[1;36m
[gzserver-2] [0m[1;36m[Dbg] [wind_plugin.cpp:110] [0m[1;36mWindPlugin: received command -> speed=[0m[1;36m3.96307[0m[1;36m dir=[0m[1;36m-86.1932[0m[1;36m
[gzserver-2] [0m[1;36m[Dbg] [wind_plugin.cpp:110] [0m[1;36mWindPlugin: received command -> speed=[0m[1;36m3.96307[0m[1;36m dir=[0m[1;36m-86.1932[0m[1;36m
[gzserver-2] [0m[1;36m[Dbg] [wind_plugin.cpp:110] [0m[1;36mWindPlugin: received command -> speed=[0m[1;36m3.96307[0m[1;36m dir=[0m[1;36m-86.1932[0m[1;36m
[gzserver-2] [0m[1;36m[Dbg] [wind_plugin.cpp:110] [0m[1;36mWindPlugin: received command -> speed=[0m[1;36m3.96307[0m[1;36m dir=[0m[1;36m-86.1932[0m[1;36m
[gzserver-2] [0m[1;36m[Dbg] [wind_plugin.cpp:110] [0m[1;36mWindPlugin: received command -> speed=[0m[1;36m3.8346[0m[1;36m dir=[0m[1;36m-84.8329[0m[1;36m
[gzserver-2] [0m[1;36m[Dbg] [wind_plugin.cpp:110] [0m[1;36mWindPlugin: received command -> speed=[0m[1;36m3.8346[0m[1;36m dir=[0m[1;36m-84.8329[0m[1;36m
[gzserver-2] [0m[1;36m[Dbg] [wind_plugin.cpp:110] [0m[1;36mWindPlugin: received command -> speed=[0m[1;36m3.8346[0m[1;36m dir=[0m[1;36m-84.8329[0m[1;36m
[gzserver-2] [0m[1;36m[Dbg] [wind_plugin.cpp:110] [0m[1;36mWindPlugin: received command -> speed=[0m[1;36m3.8346[0m[1;36m dir=[0m[1;36m-84.8329[0m[1;36m
[gzserver-2] [0m[1;36m[Dbg] [wind_plugin.cpp:110] [0m[1;36mWindPlugin: received command -> speed=[0m[1;36m3.68562[0m[1;36m dir=[0m[1;36m-85.4653[0m[1;36m
[gzserver-2] [0m[1;36m[Dbg] [wind_plugin.cpp:110] [0m[1;36mWindPlugin: received command -> speed=[0m[1;36m3.68562[0m[1;36m dir=[0m[1;36m-85.4653[0m[1;36m
[gzserver-2] [0m[1;36m[Dbg] [wind_plugin.cpp:110] [0m[1;36mWindPlugin: received command -> speed=[0m[1;36m3.68562[0m[1;36m dir=[0m[1;36m-85.4653[0m[1;36m
[gzserver-2] [0m[1;36m[Dbg] [wind_plugin.cpp:110] [0m[1;36mWindPlugin: received command -> speed=[0m[1;36m3.68562[0m[1;36m dir=[0m[1;36m-85.4653[0m[1;36m
[gzserver-2] [0m[1;36m[Dbg] [wind_plugin.cpp:110] [0m[1;36mWindPlugin: received command -> speed=[0m[1;36m3.96621[0m[1;36m dir=[0m[1;36m-80.4858[0m[1;36m
[gzserver-2] [INFO] [1773148776.080468258] [gazebo_wind_plugin_node]: WindPlugin: set wind_speed=3.97 wind_direction=-80.5
[gzserver-2] [INFO] [1773148776.319783546] [gazebo_wind_plugin_node]: WindPlugin: set wind_speed=3.97 wind_direction=-80.5
[gzserver-2] [INFO] [1773148776.559153622] [gazebo_wind_plugin_node]: WindPlugin: set wind_speed=3.97 wind_direction=-80.5
[gzserver-2] [INFO] [1773148776.793276636] [gazebo_wind_plugin_node]: WindPlugin: set wind_speed=3.83 wind_direction=-82.3
[gzserver-2] [INFO] [1773148777.028253679] [gazebo_wind_plugin_node]: WindPlugin: set wind_speed=3.83 wind_direction=-82.3
[gzserver-2] [INFO] [1773148777.263737868] [gazebo_wind_plugin_node]: WindPlugin: set wind_speed=3.83 wind_direction=-82.3
[gzserver-2] [INFO] [1773148777.497826729] [gazebo_wind_plugin_node]: WindPlugin: set wind_speed=3.83 wind_direction=-82.3
[gzserver-2] [INFO] [1773148777.737075295] [gazebo_wind_plugin_node]: WindPlugin: set wind_speed=3.96 wind_direction=-79.5
[gzserver-2] [INFO] [1773148777.966230445] [gazebo_wind_plugin_node]: WindPlugin: set wind_speed=3.96 wind_direction=-79.5
[gzserver-2] [INFO] [1773148778.201137472] [gazebo_wind_plugin_node]: WindPlugin: set wind_speed=3.96 wind_direction=-79.5
[gzserver-2] [INFO] [1773148778.434623794] [gazebo_wind_plugin_node]: WindPlugin: set wind_speed=3.96 wind_direction=-79.5
[gzserver-2] [INFO] [1773148778.668777437] [gazebo_wind_plugin_node]: WindPlugin: set wind_speed=3.97 wind_direction=-82.4
[gzserver-2] [INFO] [1773148778.908318250] [gazebo_wind_plugin_node]: WindPlugin: set wind_speed=3.97 wind_direction=-82.4
[gzserver-2] [INFO] [1773148779.148540574] [gazebo_wind_plugin_node]: WindPlugin: set wind_speed=3.97 wind_direction=-82.4
[gzserver-2] [INFO] [1773148779.387692184] [gazebo_wind_plugin_node]: WindPlugin: set wind_speed=3.97 wind_direction=-82.4
[gzserver-2] [INFO] [1773148779.626956271] [gazebo_wind_plugin_node]: WindPlugin: set wind_speed=3.78 wind_direction=-82.2
[gzserver-2] [INFO] [1773148779.861345755] [gazebo_wind_plugin_node]: WindPlugin: set wind_speed=3.78 wind_direction=-82.2
[gzserver-2] [INFO] [1773148780.095394434] [gazebo_wind_plugin_node]: WindPlugin: set wind_speed=3.78 wind_direction=-82.2
[gzserver-2] [INFO] [1773148780.329522158] [gazebo_wind_plugin_node]: WindPlugin: set wind_speed=3.78 wind_direction=-82.2
[gzserver-2] [INFO] [1773148780.367633933] [drone.simple_drone]: Quadrotor lands!!
[gzserver-2] [INFO] [1773148780.568986120] [gazebo_wind_plugin_node]: WindPlugin: set wind_speed=3.78 wind_direction=-82.2
[gzserver-2] [INFO] [1773148780.808390420] [gazebo_wind_plugin_node]: WindPlugin: set wind_speed=3.84 wind_direction=-79.7
[gzserver-2] [INFO] [1773148781.034015968] [gazebo_wind_plugin_node]: WindPlugin: set wind_speed=3.84 wind_direction=-79.7
[gzserver-2] [INFO] [1773148781.273392245] [gazebo_wind_plugin_node]: WindPlugin: set wind_speed=3.84 wind_direction=-79.7
[gzserver-2] [0m[1;36m[Dbg] [wind_plugin.cpp:110] [0m[1;36mWindPlugin: received command -> speed=[0m[1;36m3.96621[0m[1;36m dir=[0m[1;36m-80.4858[0m[1;36m
[gzserver-2] [0m[1;36m[Dbg] [wind_plugin.cpp:110] [0m[1;36mWindPlugin: received command -> speed=[0m[1;36m3.96621[0m[1;36m dir=[0m[1;36m-80.4858[0m[1;36m
[gzserver-2] [0m[1;36m[Dbg] [wind_plugin.cpp:110] [0m[1;36mWindPlugin: received command -> speed=[0m[1;36m3.96621[0m[1;36m dir=[0m[1;36m-80.4858[0m[1;36m
[gzserver-2] [0m[1;36m[Dbg] [wind_plugin.cpp:110] [0m[1;36mWindPlugin: received command -> speed=[0m[1;36m3.96621[0m[1;36m dir=[0m[1;36m-80.4858[0m[1;36m
[gzserver-2] [0m[1;36m[Dbg] [wind_plugin.cpp:110] [0m[1;36mWindPlugin: received command -> speed=[0m[1;36m3.83212[0m[1;36m dir=[0m[1;36m-82.3482[0m[1;36m
[gzserver-2] [0m[1;36m[Dbg] [wind_plugin.cpp:110] [0m[1;36mWindPlugin: received command -> speed=[0m[1;36m3.83212[0m[1;36m dir=[0m[1;36m-82.3482[0m[1;36m
[gzserver-2] [0m[1;36m[Dbg] [wind_plugin.cpp:110] [0m[1;36mWindPlugin: received command -> speed=[0m[1;36m3.83212[0m[1;36m dir=[0m[1;36m-82.3482[0m[1;36m
[gzserver-2] [0m[1;36m[Dbg] [wind_plugin.cpp:110] [0m[1;36mWindPlugin: received command -> speed=[0m[1;36m3.83212[0m[1;36m dir=[0m[1;36m-82.3482[0m[1;36m
[gzserver-2] [0m[1;36m[Dbg] [wind_plugin.cpp:110] [0m[1;36mWindPlugin: received command -> speed=[0m[1;36m3.96015[0m[1;36m dir=[0m[1;36m-79.5243[0m[1;36m
[gzserver-2] [0m[1;36m[Dbg] [wind_plugin.cpp:110] [0m[1;36mWindPlugin: received command -> speed=[0m[1;36m3.96015[0m[1;36m dir=[0m[1;36m-79.5243[0m[1;36m
[gzserver-2] [0m[1;36m[Dbg] [wind_plugin.cpp:110] [0m[1;36mWindPlugin: received command -> speed=[0m[1;36m3.96015[0m[1;36m dir=[0m[1;36m-79.5243[0m[1;36m
[gzserver-2] [0m[1;36m[Dbg] [wind_plugin.cpp:110] [0m[1;36mWindPlugin: received command -> speed=[0m[1;36m3.96015[0m[1;36m dir=[0m[1;36m-79.5243[0m[1;36m
[gzserver-2] [0m[1;36m[Dbg] [wind_plugin.cpp:110] [0m[1;36mWindPlugin: received command -> speed=[0m[1;36m3.97278[0m[1;36m dir=[0m[1;36m-82.3871[0m[1;36m
[gzserver-2] [0m[1;36m[Dbg] [wind_plugin.cpp:110] [0m[1;36mWindPlugin: received command -> speed=[0m[1;36m3.97278[0m[1;36m dir=[0m[1;36m-82.3871[0m[1;36m
[gzserver-2] [0m[1;36m[Dbg] [wind_plugin.cpp:110] [0m[1;36mWindPlugin: received command -> speed=[0m[1;36m3.97278[0m[1;36m dir=[0m[1;36m-82.3871[0m[1;36m
[gzserver-2] [0m[1;36m[Dbg] [wind_plugin.cpp:110] [0m[1;36mWindPlugin: received command -> speed=[0m[1;36m3.97278[0m[1;36m dir=[0m[1;36m-82.3871[0m[1;36m
[gzserver-2] [0m[1;36m[Dbg] [wind_plugin.cpp:110] [0m[1;36mWindPlugin: received command -> speed=[0m[1;36m3.77599[0m[1;36m dir=[0m[1;36m-82.1537[0m[1;36m
[gzserver-2] [0m[1;36m[Dbg] [wind_plugin.cpp:110] [0m[1;36mWindPlugin: received command -> speed=[0m[1;36m3.77599[0m[1;36m dir=[0m[1;36m-82.1537[0m[1;36m
[gzserver-2] [0m[1;36m[Dbg] [wind_plugin.cpp:110] [0m[1;36mWindPlugin: received command -> speed=[0m[1;36m3.77599[0m[1;36m dir=[0m[1;36m-82.1537[0m[1;36m
[gzserver-2] [0m[1;36m[Dbg] [wind_plugin.cpp:110] [0m[1;36mWindPlugin: received command -> speed=[0m[1;36m3.77599[0m[1;36m dir=[0m[1;36m-82.1537[0m[1;36m
[gzserver-2] [0m[1;36m[Dbg] [wind_plugin.cpp:110] [0m[1;36mWindPlugin: received command -> speed=[0m[1;36m3.77599[0m[1;36m dir=[0m[1;36m-82.1537[0m[1;36m
[gzserver-2] [0m[1;36m[Dbg] [wind_plugin.cpp:110] [0m[1;36mWindPlugin: received command -> speed=[0m[1;36m3.84354[0m[1;36m dir=[0m[1;36m-79.7451[0m[1;36m
[gzserver-2] [0m[1;36m[Dbg] [wind_plugin.cpp:110] [0m[1;36mWindPlugin: received command -> speed=[0m[1;36m3.84354[0m[1;36m dir=[0m[1;36m-79.7451[0m[1;36m
[gzserver-2] [0m[1;36m[Dbg] [wind_plugin.cpp:110] [0m[1;36mWindPlugin: received command -> speed=[0m[1;36m3.84354[0m[1;36m dir=[0m[1;36m-79.7451[0m[1;36m
[gzserver-2] [0mLanded!
[gzserver-2] [INFO] [1773148781.507242484] [gazebo_wind_plugin_node]: WindPlugin: set wind_speed=3.84 wind_direction=-79.7
[gzserver-2] [INFO] [1773148781.746549786] [gazebo_wind_plugin_node]: WindPlugin: set wind_speed=3.85 wind_direction=-81.0
[gzserver-2] [INFO] [1773148781.981243320] [gazebo_wind_plugin_node]: WindPlugin: set wind_speed=3.85 wind_direction=-81.0
[gzserver-2] [INFO] [1773148782.221266831] [gazebo_wind_plugin_node]: WindPlugin: set wind_speed=3.85 wind_direction=-81.0
[gzserver-2] [INFO] [1773148782.461818664] [gazebo_wind_plugin_node]: WindPlugin: set wind_speed=3.85 wind_direction=-81.0
[gzserver-2] [INFO] [1773148782.701462169] [gazebo_wind_plugin_node]: WindPlugin: set wind_speed=3.83 wind_direction=-79.2
[gzserver-2] [INFO] [1773148782.940586073] [gazebo_wind_plugin_node]: WindPlugin: set wind_speed=3.83 wind_direction=-79.2
[gzserver-2] [INFO] [1773148783.174368929] [gazebo_wind_plugin_node]: WindPlugin: set wind_speed=3.83 wind_direction=-79.2
