[INFO] [launch]: All log files can be found below /home/j/.ros/log/2026-03-11-00-17-51-638311-j-2203534
[INFO] [launch]: Default logging verbosity is set to INFO
[INFO] [launch.user]: [bringup] Apriltag config: camera=/drone/bottom, image=/drone/bottom/image_raw, tags=/drone/bottom/tags, bridge=/landing_tag_state, standalone=true, use_target_id=true, target_id=0
[INFO] [rviz2-1]: process started with pid [2203537]
[INFO] [gzserver-2]: process started with pid [2203539]
[INFO] [robot_state_publisher-3]: process started with pid [2203541]
[INFO] [joint_state_publisher-4]: process started with pid [2203543]
[INFO] [spawn_drone-5]: process started with pid [2203545]
[INFO] [static_transform_publisher-6]: process started with pid [2203547]
[INFO] [joy_node-7]: process started with pid [2203549]
[INFO] [teleop_joystick-8]: process started with pid [2203551]
[INFO] [apriltag_detector_node-9]: process started with pid [2203553]
[INFO] [apriltag_state_bridge-10]: process started with pid [2203556]
[static_transform_publisher-6] [WARN] [1773155872.210810525] []: Old-style arguments are deprecated; see --help for new-style arguments
[static_transform_publisher-6] [INFO] [1773155872.219902308] [static_transform_publisher_3mK4bM6iXkVmDJzD]: Spinning until stopped - publishing transform
[static_transform_publisher-6] translation: ('0.000000', '0.000000', '0.000000')
[static_transform_publisher-6] rotation: ('0.000000', '0.000000', '0.000000', '1.000000')
[static_transform_publisher-6] from 'world' to '/drone/odom'
[robot_state_publisher-3] [INFO] [1773155872.235334769] [drone.robot_state_publisher]: got segment base_footprint
[robot_state_publisher-3] [INFO] [1773155872.235400860] [drone.robot_state_publisher]: got segment base_link
[robot_state_publisher-3] [INFO] [1773155872.235406514] [drone.robot_state_publisher]: got segment bottom_cam_link
[robot_state_publisher-3] [INFO] [1773155872.235409621] [drone.robot_state_publisher]: got segment front_cam_link
[robot_state_publisher-3] [INFO] [1773155872.235412399] [drone.robot_state_publisher]: got segment sonar_link
[rviz2-1] 
[rviz2-1] (rviz2:2203537): dbind-WARNING **: 00:17:52.235: Couldn't connect to accessibility bus: Failed to connect to socket /root/.cache/at-spi/bus_0: 허가 거부
[teleop_joystick-8] Traceback (most recent call last):
[teleop_joystick-8]   File "/home/j/INCSL/IICC26_ws/install/sjtu_drone_control/lib/sjtu_drone_control/teleop_joystick", line 33, in <module>
[teleop_joystick-8]     sys.exit(load_entry_point('sjtu_drone_control==0.0.0', 'console_scripts', 'teleop_joystick')())
[teleop_joystick-8]   File "/home/j/INCSL/IICC26_ws/install/sjtu_drone_control/lib/sjtu_drone_control/teleop_joystick", line 22, in importlib_load_entry_point
[teleop_joystick-8]     for entry_point in distribution(dist_name).entry_points
[teleop_joystick-8]   File "/usr/lib/python3.10/importlib/metadata/__init__.py", line 969, in distribution
[teleop_joystick-8]     return Distribution.from_name(distribution_name)
[teleop_joystick-8]   File "/usr/lib/python3.10/importlib/metadata/__init__.py", line 548, in from_name
[teleop_joystick-8]     raise PackageNotFoundError(name)
[teleop_joystick-8] importlib.metadata.PackageNotFoundError: No package metadata was found for sjtu_drone_control
[apriltag_detector_node-9] [INFO] [1773155872.266394746] [apriltag_detector_node]: tag detector type: umich
[ERROR] [teleop_joystick-8]: process has died [pid 2203551, exit code 1, cmd '/home/j/INCSL/IICC26_ws/install/sjtu_drone_control/lib/sjtu_drone_control/teleop_joystick --ros-args -r __ns:=/drone'].
[gzserver-2] Gazebo multi-robot simulator, version 11.10.2
[gzserver-2] Copyright (C) 2012 Open Source Robotics Foundation.
[gzserver-2] Released under the Apache 2 License.
[gzserver-2] http://gazebosim.org
[gzserver-2] 
[joint_state_publisher-4] [INFO] [1773155872.506138525] [drone.joint_state_publisher]: Waiting for robot_description to be published on the robot_description topic...
[apriltag_state_bridge-10] [INFO] [1773155872.509019172] [apriltag_state_bridge]: AprilTag bridge started: /drone/bottom/tags -> /landing_tag_state, use_target_id=True, target_id=0
[gzserver-2] [1;33m[Wrn] [gazebo_ros_init.cpp:178] [0m[1;33m
[gzserver-2] #     # ####### ####### ###  #####  #######
[gzserver-2] ##    # #     #    #     #  #     # #
[gzserver-2] # #   # #     #    #     #  #       #
[gzserver-2] #  #  # #     #    #     #  #       #####
[gzserver-2] #   # # #     #    #     #  #       #
[gzserver-2] #    ## #     #    #     #  #     # #
[gzserver-2] #     # #######    #    ###  #####  #######
[gzserver-2] 
[gzserver-2] This version of Gazebo, now called Gazebo classic, reaches end-of-life
[gzserver-2] in January 2025. Users are highly encouraged to migrate to the new Gazebo
[gzserver-2] using our migration guides (https://gazebosim.org/docs/latest/gazebo_classic_migration?utm_source=gazebo_ros_pkgs&utm_medium=cli)
[gzserver-2] 
[gzserver-2] [0m[1;33m
[rviz2-1] [INFO] [1773155872.634662136] [rviz2]: Stereo is NOT SUPPORTED
[rviz2-1] [INFO] [1773155872.634750082] [rviz2]: OpenGl version: 4.6 (GLSL 4.6)
[rviz2-1] [INFO] [1773155872.662305283] [rviz2]: Stereo is NOT SUPPORTED
[rviz2-1] [INFO] [1773155872.765680384] [rviz2]: Stereo is NOT SUPPORTED
[gzserver-2] [1;32m[Msg] [0m[1;32mWaiting for master.[0m[1;32m
[gzserver-2] [0m[1;32m[0m[1;32m[0m[1;32m[Msg] [0m[1;32mConnected to gazebo master @ [0m[1;32mhttp://127.0.0.1:11345[0m[1;32m
[gzserver-2] [0m[1;32m[0m[1;32m[0m[1;32m[Msg] [0m[1;32mPublicized address: [0m[1;32m192.168.0.11[0m[1;32m
[gzserver-2] [0m[1;32m[0m[1;32m[0m[1;32m[Msg] [0m[1;32mLoading world file [[0m[1;32m/home/j/INCSL/IICC26_ws/install/sjtu_drone_description/share/sjtu_drone_description/worlds/landingPad.world[0m[1;32m][0m[1;32m
[gzserver-2] [0m[1;32m[0m[1;32m[0m[1;36m[Dbg] [wind_plugin.cpp:96] [0m[1;36mWindPlugin loaded: speed=[0m[1;36m0[0m[1;36m dir=[0m[1;36m0[0m[1;36m deg area=[0m[1;36m0.1[0m[1;36m coeff=[0m[1;36m1[0m[1;36m
[gzserver-2] [0m[1;33m[0m[1;33m[0m[1;31m[Err] [Sensor.cc:510] [0m[1;31mGet noise index not valid[0m[1;31m
[gzserver-2] [0m[1;31m[0m[1;31m[0m[1;31m[Err] [Sensor.cc:510] [0m[1;31mGet noise index not valid[0m[1;31m
[gzserver-2] [0m[1;31m[0m[1;31m[0m[1;31m[Err] [Sensor.cc:510] [0m[1;31mGet noise index not valid[0m[1;31m
[gzserver-2] [0m[1;31m[0m[1;31m[0m[1;31m[Err] [Sensor.cc:510] [0m[1;31mGet noise index not valid[0m[1;31m
[gzserver-2] [0m[1;31m[0m[1;31m[0m[1;31m[Err] [Sensor.cc:510] [0m[1;31mGet noise index not valid[0m[1;31m
[gzserver-2] [0m[1;31m[0m[1;31m[0m[1;31m[Err] [Sensor.cc:510] [0m[1;31mGet noise index not valid[0m[1;31m
[gzserver-2] [0m[1;31m[0m[1;31m[0mTopic [default//drone/base_footprint/down_camera/image] is not valid.
[gzserver-2] [INFO] [1773155873.581176395] [drone.collision_plugin]: Publishing contact states to [/drone/bumper_states]
[gzserver-2] Topic [default//drone/base_footprint/front_camera/image] is not valid.
[gzserver-2] [1;33m[Wrn] [Event.cc:61] [0m[1;33mWarning: Deleting a connection right after creation. [0m[1;33mMake sure to save the ConnectionPtr from a Connect call
[gzserver-2] [0m[INFO] [1773155874.142304474] [drone.camera_bottom]: Publishing camera info to [/drone/bottom/camera_info]
[gzserver-2] [INFO] [1773155874.145608128] [drone.camera_front]: Publishing camera info to [/drone/front/camera_info]
[spawn_drone-5] [INFO] [1773155874.155312184] [spawn_drone]: Result True SpawnEntity: Successfully spawned entity [/drone]
[gzserver-2] [INFO] [1773155874.267573249] [drone.simple_drone]: The drone plugin is loading!
[gzserver-2] [INFO] [1773155874.267782550] [drone.simple_drone]: pub_odom: 1
[gzserver-2] [INFO] [1773155874.267821707] [drone.simple_drone]: Using following parameters: 
[gzserver-2] 		link_name: base_footprint,
[gzserver-2] 		max_force: 30,
[gzserver-2] 		motion_small_noise: 0,
[gzserver-2] 		motion_drift_noise: 0,
[gzserver-2] 		motion_drift_noise_time: 50,
[gzserver-2] 		takeoff_hover_height: 1.94,
[gzserver-2] 		takeoff_vertical_speed: 0.2
[gzserver-2] [INFO] [1773155874.279672051] [drone.simple_drone]: Using the PID parameters: 
[gzserver-2] 	Roll Pitch:
[gzserver-2] 		kP: 10, kI: 0,kD: 5, Limit: 0.5, Time Constant: 0
[gzserver-2] 	Yaw:
[gzserver-2] 		kP: 2, kI: 0,kD: 1, Limit: 1.5, Time Constant: 0
[gzserver-2] 	Velocity X:
[gzserver-2] 		kP: 5, kI: 0,kD: 2.3, Limit: 2, Time Constant: 0
[gzserver-2] 	Velocity Y:
[gzserver-2] 		kP: 5, kI: 0,kD: 2.3, Limit: 2, Time Constant: 0
[gzserver-2] 	Velocity Z:
[gzserver-2] 		kP: 5, kI: 0,kD: 1, Limit: -1, Time Constant: 0
[gzserver-2] 	Position XY:
[gzserver-2] 		kP: 1.1, kI: 0,kD: 0, Limit: 5, Time Constant: 0
[gzserver-2] 	Position Z:
[gzserver-2] 		kP: 1, kI: 0,kD: 0.2, Limit: -1, Time Constant: 0
[gzserver-2] [INFO] [1773155874.279826169] [drone.simple_drone]: The drone plugin finished loading!
[INFO] [spawn_drone-5]: process has finished cleanly [pid 2203545]
[gzserver-2] [INFO] [1773155881.455608780] [gazebo_wind_plugin_node]: WindPlugin: set wind_speed=0.00 wind_direction=0.0
[gzserver-2] [INFO] [1773155881.733243044] [gazebo_wind_plugin_node]: WindPlugin: set wind_speed=0.00 wind_direction=0.0
[gzserver-2] [INFO] [1773155881.773689494] [drone.simple_drone]: Quadrotor takes off!!
[gzserver-2] [INFO] [1773155881.974752975] [gazebo_wind_plugin_node]: WindPlugin: set wind_speed=0.00 wind_direction=0.0
[gzserver-2] [INFO] [1773155882.210228688] [gazebo_wind_plugin_node]: WindPlugin: set wind_speed=0.00 wind_direction=0.0
[gzserver-2] [INFO] [1773155882.445523966] [gazebo_wind_plugin_node]: WindPlugin: set wind_speed=0.00 wind_direction=0.0
[gzserver-2] [INFO] [1773155882.685662093] [gazebo_wind_plugin_node]: WindPlugin: set wind_speed=0.00 wind_direction=0.0
[gzserver-2] [INFO] [1773155882.925964103] [gazebo_wind_plugin_node]: WindPlugin: set wind_speed=0.00 wind_direction=0.0
[gzserver-2] [INFO] [1773155883.166189861] [gazebo_wind_plugin_node]: WindPlugin: set wind_speed=0.00 wind_direction=0.0
[gzserver-2] [0m[1;36m[Dbg] [wind_plugin.cpp:110] [0m[1;36mWindPlugin: received command -> speed=[0m[1;36m0[0m[1;36m dir=[0m[1;36m0[0m[1;36m
[gzserver-2] [0m[1;36m[Dbg] [wind_plugin.cpp:110] [0m[1;36mWindPlugin: received command -> speed=[0m[1;36m0[0m[1;36m dir=[0m[1;36m0[0m[1;36m
[gzserver-2] [0m[1;36m[Dbg] [wind_plugin.cpp:110] [0m[1;36mWindPlugin: received command -> speed=[0m[1;36m0[0m[1;36m dir=[0m[1;36m0[0m[1;36m
[gzserver-2] [0m[1;36m[Dbg] [wind_plugin.cpp:110] [0m[1;36mWindPlugin: received command -> speed=[0m[1;36m0[0m[1;36m dir=[0m[1;36m0[0m[1;36m
[gzserver-2] [0m[1;36m[Dbg] [wind_plugin.cpp:110] [0m[1;36mWindPlugin: received command -> speed=[0m[1;36m0[0m[1;36m dir=[0m[1;36m0[0m[1;36m
[gzserver-2] [0m[1;36m[Dbg] [wind_plugin.cpp:110] [0m[1;36mWindPlugin: received command -> speed=[0m[1;36m0[0m[1;36m dir=[0m[1;36m0[0m[1;36m
[gzserver-2] [0m[1;36m[Dbg] [wind_plugin.cpp:110] [0m[1;36mWindPlugin: received command -> speed=[0m[1;36m0[0m[1;36m dir=[0m[1;36m0[0m[1;36m
[gzserver-2] [0m[1;36m[Dbg] [wind_plugin.cpp:110] [0m[1;36mWindPlugin: received command -> speed=[0m[1;36m0[0m[1;36m dir=[0m[1;36m0[0m[1;36m
[gzserver-2] [0mEntering flying model!
[gzserver-2] [INFO] [1773155883.400318651] [gazebo_wind_plugin_node]: WindPlugin: set wind_speed=0.00 wind_direction=0.0
[gzserver-2] [INFO] [1773155883.642046509] [gazebo_wind_plugin_node]: WindPlugin: set wind_speed=1.06 wind_direction=-55.7
[gzserver-2] [INFO] [1773155883.882647740] [gazebo_wind_plugin_node]: WindPlugin: set wind_speed=1.06 wind_direction=-55.7
[gzserver-2] [INFO] [1773155884.116851291] [gazebo_wind_plugin_node]: WindPlugin: set wind_speed=1.14 wind_direction=-57.2
[gzserver-2] [INFO] [1773155884.357340361] [gazebo_wind_plugin_node]: WindPlugin: set wind_speed=1.14 wind_direction=-57.2
[gzserver-2] [INFO] [1773155884.597857226] [gazebo_wind_plugin_node]: WindPlugin: set wind_speed=1.14 wind_direction=-57.2
[gzserver-2] [INFO] [1773155884.837196410] [gazebo_wind_plugin_node]: WindPlugin: set wind_speed=1.14 wind_direction=-57.2
[gzserver-2] [INFO] [1773155885.072947926] [gazebo_wind_plugin_node]: WindPlugin: set wind_speed=1.00 wind_direction=-54.2
[gzserver-2] [INFO] [1773155885.312362993] [gazebo_wind_plugin_node]: WindPlugin: set wind_speed=1.00 wind_direction=-54.2
[gzserver-2] [INFO] [1773155885.547017760] [gazebo_wind_plugin_node]: WindPlugin: set wind_speed=1.00 wind_direction=-54.2
[gzserver-2] [INFO] [1773155885.786742305] [gazebo_wind_plugin_node]: WindPlugin: set wind_speed=1.00 wind_direction=-54.2
[gzserver-2] [INFO] [1773155886.026064807] [gazebo_wind_plugin_node]: WindPlugin: set wind_speed=1.24 wind_direction=-56.0
[gzserver-2] [INFO] [1773155886.254792000] [gazebo_wind_plugin_node]: WindPlugin: set wind_speed=1.24 wind_direction=-56.0
[gzserver-2] [INFO] [1773155886.495552232] [gazebo_wind_plugin_node]: WindPlugin: set wind_speed=1.24 wind_direction=-56.0
[gzserver-2] [INFO] [1773155886.533852400] [drone.simple_drone]: Quadrotor lands!!
[gzserver-2] [INFO] [1773155886.735266792] [gazebo_wind_plugin_node]: WindPlugin: set wind_speed=1.24 wind_direction=-56.0
[gzserver-2] [INFO] [1773155886.970487020] [gazebo_wind_plugin_node]: WindPlugin: set wind_speed=0.99 wind_direction=-54.9
[gzserver-2] [INFO] [1773155887.210040580] [gazebo_wind_plugin_node]: WindPlugin: set wind_speed=0.99 wind_direction=-54.9
[gzserver-2] [INFO] [1773155887.443990894] [gazebo_wind_plugin_node]: WindPlugin: set wind_speed=0.99 wind_direction=-54.9
[gzserver-2] [1;36m[Dbg] [wind_plugin.cpp:110] [0m[1;36mWindPlugin: received command -> speed=[0m[1;36m0[0m[1;36m dir=[0m[1;36m0[0m[1;36m
[gzserver-2] [0m[1;36m[Dbg] [wind_plugin.cpp:110] [0m[1;36mWindPlugin: received command -> speed=[0m[1;36m1.05868[0m[1;36m dir=[0m[1;36m-55.6586[0m[1;36m
[gzserver-2] [0m[1;36m[Dbg] [wind_plugin.cpp:110] [0m[1;36mWindPlugin: received command -> speed=[0m[1;36m1.05868[0m[1;36m dir=[0m[1;36m-55.6586[0m[1;36m
[gzserver-2] [0m[1;36m[Dbg] [wind_plugin.cpp:110] [0m[1;36mWindPlugin: received command -> speed=[0m[1;36m1.14335[0m[1;36m dir=[0m[1;36m-57.23[0m[1;36m
[gzserver-2] [0m[1;36m[Dbg] [wind_plugin.cpp:110] [0m[1;36mWindPlugin: received command -> speed=[0m[1;36m1.14335[0m[1;36m dir=[0m[1;36m-57.23[0m[1;36m
[gzserver-2] [0m[1;36m[Dbg] [wind_plugin.cpp:110] [0m[1;36mWindPlugin: received command -> speed=[0m[1;36m1.14335[0m[1;36m dir=[0m[1;36m-57.23[0m[1;36m
[gzserver-2] [0m[1;36m[Dbg] [wind_plugin.cpp:110] [0m[1;36mWindPlugin: received command -> speed=[0m[1;36m1.14335[0m[1;36m dir=[0m[1;36m-57.23[0m[1;36m
[gzserver-2] [0m[1;36m[Dbg] [wind_plugin.cpp:110] [0m[1;36mWindPlugin: received command -> speed=[0m[1;36m0.997209[0m[1;36m dir=[0m[1;36m-54.2381[0m[1;36m
[gzserver-2] [0m[1;36m[Dbg] [wind_plugin.cpp:110] [0m[1;36mWindPlugin: received command -> speed=[0m[1;36m0.997209[0m[1;36m dir=[0m[1;36m-54.2381[0m[1;36m
[gzserver-2] [0m[1;36m[Dbg] [wind_plugin.cpp:110] [0m[1;36mWindPlugin: received command -> speed=[0m[1;36m0.997209[0m[1;36m dir=[0m[1;36m-54.2381[0m[1;36m
[gzserver-2] [0m[1;36m[Dbg] [wind_plugin.cpp:110] [0m[1;36mWindPlugin: received command -> speed=[0m[1;36m0.997209[0m[1;36m dir=[0m[1;36m-54.2381[0m[1;36m
[gzserver-2] [0m[1;36m[Dbg] [wind_plugin.cpp:110] [0m[1;36mWindPlugin: received command -> speed=[0m[1;36m1.23836[0m[1;36m dir=[0m[1;36m-56.0401[0m[1;36m
[gzserver-2] [0m[1;36m[Dbg] [wind_plugin.cpp:110] [0m[1;36mWindPlugin: received command -> speed=[0m[1;36m1.23836[0m[1;36m dir=[0m[1;36m-56.0401[0m[1;36m
[gzserver-2] [0m[1;36m[Dbg] [wind_plugin.cpp:110] [0m[1;36mWindPlugin: received command -> speed=[0m[1;36m1.23836[0m[1;36m dir=[0m[1;36m-56.0401[0m[1;36m
[gzserver-2] [0m[1;36m[Dbg] [wind_plugin.cpp:110] [0m[1;36mWindPlugin: received command -> speed=[0m[1;36m1.23836[0m[1;36m dir=[0m[1;36m-56.0401[0m[1;36m
[gzserver-2] [0m[1;36m[Dbg] [wind_plugin.cpp:110] [0m[1;36mWindPlugin: received command -> speed=[0m[1;36m0.987394[0m[1;36m dir=[0m[1;36m-54.9366[0m[1;36m
[gzserver-2] [0m[1;36m[Dbg] [wind_plugin.cpp:110] [0m[1;36mWindPlugin: received command -> speed=[0m[1;36m0.987394[0m[1;36m dir=[0m[1;36m-54.9366[0m[1;36m
[gzserver-2] [0m[1;36m[Dbg] [wind_plugin.cpp:110] [0m[1;36mWindPlugin: received command -> speed=[0m[1;36m0.987394[0m[1;36m dir=[0m[1;36m-54.9366[0m[1;36m
[gzserver-2] [0mLanded!
[gzserver-2] [INFO] [1773155887.684294448] [gazebo_wind_plugin_node]: WindPlugin: set wind_speed=0.99 wind_direction=-54.9
[gzserver-2] [INFO] [1773155887.915413460] [gazebo_wind_plugin_node]: WindPlugin: set wind_speed=0.99 wind_direction=-54.9
[gzserver-2] [INFO] [1773155888.147813978] [gazebo_wind_plugin_node]: WindPlugin: set wind_speed=1.06 wind_direction=-54.3
[gzserver-2] [INFO] [1773155888.384938618] [gazebo_wind_plugin_node]: WindPlugin: set wind_speed=1.06 wind_direction=-54.3
[gzserver-2] [INFO] [1773155888.622889278] [gazebo_wind_plugin_node]: WindPlugin: set wind_speed=1.06 wind_direction=-54.3
[gzserver-2] [INFO] [1773155888.862594218] [gazebo_wind_plugin_node]: WindPlugin: set wind_speed=1.06 wind_direction=-54.3
[gzserver-2] [INFO] [1773155889.102650146] [gazebo_wind_plugin_node]: WindPlugin: set wind_speed=1.16 wind_direction=-52.5
[gzserver-2] [INFO] [1773155889.343077783] [gazebo_wind_plugin_node]: WindPlugin: set wind_speed=1.16 wind_direction=-52.5
