[INFO] [launch]: All log files can be found below /home/j/.ros/log/2026-03-10-20-16-58-232883-j-130700
[INFO] [launch]: Default logging verbosity is set to INFO
[INFO] [launch.user]: [bringup] Apriltag config: camera=/drone/bottom, image=/drone/bottom/image_raw, tags=/drone/bottom/tags, bridge=/landing_tag_state, standalone=true, use_target_id=true, target_id=0
[INFO] [rviz2-1]: process started with pid [130703]
[INFO] [gzserver-2]: process started with pid [130705]
[INFO] [robot_state_publisher-3]: process started with pid [130707]
[INFO] [joint_state_publisher-4]: process started with pid [130709]
[INFO] [spawn_drone-5]: process started with pid [130711]
[INFO] [static_transform_publisher-6]: process started with pid [130713]
[INFO] [joy_node-7]: process started with pid [130715]
[INFO] [teleop_joystick-8]: process started with pid [130717]
[INFO] [apriltag_detector_node-9]: process started with pid [130719]
[INFO] [apriltag_state_bridge-10]: process started with pid [130721]
[static_transform_publisher-6] [WARN] [1773141418.700511164] []: Old-style arguments are deprecated; see --help for new-style arguments
[static_transform_publisher-6] [INFO] [1773141418.706804625] [static_transform_publisher_BRuMxyTO3y5gsygG]: Spinning until stopped - publishing transform
[static_transform_publisher-6] translation: ('0.000000', '0.000000', '0.000000')
[static_transform_publisher-6] rotation: ('0.000000', '0.000000', '0.000000', '1.000000')
[static_transform_publisher-6] from 'world' to '/drone/odom'
[robot_state_publisher-3] [INFO] [1773141418.729620002] [drone.robot_state_publisher]: got segment base_footprint
[robot_state_publisher-3] [INFO] [1773141418.729703408] [drone.robot_state_publisher]: got segment base_link
[robot_state_publisher-3] [INFO] [1773141418.729715256] [drone.robot_state_publisher]: got segment bottom_cam_link
[robot_state_publisher-3] [INFO] [1773141418.729723313] [drone.robot_state_publisher]: got segment front_cam_link
[robot_state_publisher-3] [INFO] [1773141418.729730616] [drone.robot_state_publisher]: got segment sonar_link
[apriltag_detector_node-9] [INFO] [1773141418.734976562] [apriltag_detector_node]: tag detector type: umich
[rviz2-1] 
[rviz2-1] (rviz2:130703): dbind-WARNING **: 20:16:58.740: Couldn't connect to accessibility bus: Failed to connect to socket /root/.cache/at-spi/bus_0: 허가 거부
[teleop_joystick-8] Traceback (most recent call last):
[teleop_joystick-8]   File "/home/j/INCSL/IICC26_ws/install/sjtu_drone_control/lib/sjtu_drone_control/teleop_joystick", line 33, in <module>
[teleop_joystick-8]     sys.exit(load_entry_point('sjtu_drone_control==0.0.0', 'console_scripts', 'teleop_joystick')())
[teleop_joystick-8]   File "/home/j/INCSL/IICC26_ws/install/sjtu_drone_control/lib/sjtu_drone_control/teleop_joystick", line 22, in importlib_load_entry_point
[teleop_joystick-8]     for entry_point in distribution(dist_name).entry_points
[teleop_joystick-8]   File "/usr/lib/python3.10/importlib/metadata/__init__.py", line 969, in distribution
[teleop_joystick-8]     return Distribution.from_name(distribution_name)
[teleop_joystick-8]   File "/usr/lib/python3.10/importlib/metadata/__init__.py", line 548, in from_name
[teleop_joystick-8]     raise PackageNotFoundError(name)
[teleop_joystick-8] importlib.metadata.PackageNotFoundError: No package metadata was found for sjtu_drone_control
[ERROR] [teleop_joystick-8]: process has died [pid 130717, exit code 1, cmd '/home/j/INCSL/IICC26_ws/install/sjtu_drone_control/lib/sjtu_drone_control/teleop_joystick --ros-args -r __ns:=/drone'].
[gzserver-2] Gazebo multi-robot simulator, version 11.10.2
[gzserver-2] Copyright (C) 2012 Open Source Robotics Foundation.
[gzserver-2] Released under the Apache 2 License.
[gzserver-2] http://gazebosim.org
[gzserver-2] 
[apriltag_state_bridge-10] [INFO] [1773141418.935786390] [apriltag_state_bridge]: AprilTag bridge started: /drone/bottom/tags -> /landing_tag_state, use_target_id=True, target_id=0
[joint_state_publisher-4] [INFO] [1773141418.985297820] [drone.joint_state_publisher]: Waiting for robot_description to be published on the robot_description topic...
[gzserver-2] [1;33m[Wrn] [gazebo_ros_init.cpp:178] [0m[1;33m
[gzserver-2] #     # ####### ####### ###  #####  #######
[gzserver-2] ##    # #     #    #     #  #     # #
[gzserver-2] # #   # #     #    #     #  #       #
[gzserver-2] #  #  # #     #    #     #  #       #####
[gzserver-2] #   # # #     #    #     #  #       #
[gzserver-2] #    ## #     #    #     #  #     # #
[gzserver-2] #     # #######    #    ###  #####  #######
[gzserver-2] 
[gzserver-2] This version of Gazebo, now called Gazebo classic, reaches end-of-life
[gzserver-2] in January 2025. Users are highly encouraged to migrate to the new Gazebo
[gzserver-2] using our migration guides (https://gazebosim.org/docs/latest/gazebo_classic_migration?utm_source=gazebo_ros_pkgs&utm_medium=cli)
[gzserver-2] 
[gzserver-2] [0m[1;33m
[rviz2-1] [INFO] [1773141419.551840356] [rviz2]: Stereo is NOT SUPPORTED
[rviz2-1] [INFO] [1773141419.551990707] [rviz2]: OpenGl version: 4.6 (GLSL 4.6)
[rviz2-1] [INFO] [1773141419.634654696] [rviz2]: Stereo is NOT SUPPORTED
[rviz2-1] [INFO] [1773141419.750921910] [rviz2]: Stereo is NOT SUPPORTED
[spawn_drone-5] [INFO] [1773141420.119398526] [spawn_drone]: Result False Entity pushed to spawn queue, but spawn service timed outwaiting for entity to appear in simulation under the name [/drone]
[gzserver-2] [1;32m[Msg] [0m[1;32mWaiting for master.[0m[1;32m
[gzserver-2] [0m[1;32m[0m[1;32m[0m[1;32m[Msg] [0m[1;32mConnected to gazebo master @ [0m[1;32mhttp://127.0.0.1:11345[0m[1;32m
[gzserver-2] [0m[1;32m[0m[1;32m[0m[1;32m[Msg] [0m[1;32mPublicized address: [0m[1;32m192.168.0.11[0m[1;32m
[gzserver-2] [0m[1;32m[0m[1;32m[0m[1;32m[Msg] [0m[1;32mLoading world file [[0m[1;32m/home/j/INCSL/IICC26_ws/install/sjtu_drone_description/share/sjtu_drone_description/worlds/landingPad.world[0m[1;32m][0m[1;32m
[gzserver-2] [0m[1;32m[0m[1;32m[0m[1;36m[Dbg] [wind_plugin.cpp:96] [0m[1;36mWindPlugin loaded: speed=[0m[1;36m0[0m[1;36m dir=[0m[1;36m0[0m[1;36m deg area=[0m[1;36m0.1[0m[1;36m coeff=[0m[1;36m1[0m[1;36m
[gzserver-2] [0m[1;33m[0m[1;33m[0m[1;31m[Err] [Sensor.cc:510] [0m[1;31mGet noise index not valid[0m[1;31m
[gzserver-2] [0m[1;31m[0m[1;31m[0m[1;31m[Err] [Sensor.cc:510] [0m[1;31mGet noise index not valid[0m[1;31m
[gzserver-2] [0m[1;31m[0m[1;31m[0m[1;31m[Err] [Sensor.cc:510] [0m[1;31mGet noise index not valid[0m[1;31m
[gzserver-2] [0m[1;31m[0m[1;31m[0m[1;31m[Err] [Sensor.cc:510] [0m[1;31mGet noise index not valid[0m[1;31m
[gzserver-2] [0m[1;31m[0m[1;31m[0m[1;31m[Err] [Sensor.cc:510] [0m[1;31mGet noise index not valid[0m[1;31m
[gzserver-2] [0m[1;31m[0m[1;31m[0m[1;31m[Err] [Sensor.cc:510] [0m[1;31mGet noise index not valid[0m[1;31m
[gzserver-2] [0m[1;31m[0m[1;31m[0mTopic [default//drone/base_footprint/down_camera/image] is not valid.
[gzserver-2] [INFO] [1773141420.149716118] [drone.collision_plugin]: Publishing contact states to [/drone/bumper_states]
[gzserver-2] Topic [default//drone/base_footprint/front_camera/image] is not valid.
[gzserver-2] [1;33m[Wrn] [Event.cc:61] [0m[1;33mWarning: Deleting a connection right after creation. [0m[1;33mMake sure to save the ConnectionPtr from a Connect call
[INFO] [spawn_drone-5]: process has finished cleanly [pid 130711]
[gzserver-2] [0m[INFO] [1773141420.715907228] [drone.camera_bottom]: Publishing camera info to [/drone/bottom/camera_info]
[gzserver-2] [INFO] [1773141420.718718002] [drone.camera_front]: Publishing camera info to [/drone/front/camera_info]
[gzserver-2] [INFO] [1773141420.840492042] [drone.simple_drone]: The drone plugin is loading!
[gzserver-2] [INFO] [1773141420.840703218] [drone.simple_drone]: pub_odom: 1
[gzserver-2] [INFO] [1773141420.840739329] [drone.simple_drone]: Using following parameters: 
[gzserver-2] 		link_name: base_footprint,
[gzserver-2] 		max_force: 30,
[gzserver-2] 		motion_small_noise: 0,
[gzserver-2] 		motion_drift_noise: 0,
[gzserver-2] 		motion_drift_noise_time: 50,
[gzserver-2] 		takeoff_hover_height: 1.88,
[gzserver-2] 		takeoff_vertical_speed: 0.2
[gzserver-2] [INFO] [1773141420.852627544] [drone.simple_drone]: Using the PID parameters: 
[gzserver-2] 	Roll Pitch:
[gzserver-2] 		kP: 10, kI: 0,kD: 5, Limit: 0.5, Time Constant: 0
[gzserver-2] 	Yaw:
[gzserver-2] 		kP: 2, kI: 0,kD: 1, Limit: 1.5, Time Constant: 0
[gzserver-2] 	Velocity X:
[gzserver-2] 		kP: 5, kI: 0,kD: 2.3, Limit: 2, Time Constant: 0
[gzserver-2] 	Velocity Y:
[gzserver-2] 		kP: 5, kI: 0,kD: 2.3, Limit: 2, Time Constant: 0
[gzserver-2] 	Velocity Z:
[gzserver-2] 		kP: 5, kI: 0,kD: 1, Limit: -1, Time Constant: 0
[gzserver-2] 	Position XY:
[gzserver-2] 		kP: 1.1, kI: 0,kD: 0, Limit: 5, Time Constant: 0
[gzserver-2] 	Position Z:
[gzserver-2] 		kP: 1, kI: 0,kD: 0.2, Limit: -1, Time Constant: 0
[gzserver-2] [INFO] [1773141420.852764867] [drone.simple_drone]: The drone plugin finished loading!
[gzserver-2] [INFO] [1773141428.071455678] [gazebo_wind_plugin_node]: WindPlugin: set wind_speed=0.00 wind_direction=0.0
[gzserver-2] [INFO] [1773141428.341345262] [gazebo_wind_plugin_node]: WindPlugin: set wind_speed=0.00 wind_direction=0.0
[gzserver-2] [INFO] [1773141428.378095036] [drone.simple_drone]: Quadrotor takes off!!
[gzserver-2] [INFO] [1773141428.584587957] [gazebo_wind_plugin_node]: WindPlugin: set wind_speed=0.00 wind_direction=0.0
[gzserver-2] [INFO] [1773141428.825856839] [gazebo_wind_plugin_node]: WindPlugin: set wind_speed=0.00 wind_direction=0.0
[gzserver-2] [INFO] [1773141429.068077555] [gazebo_wind_plugin_node]: WindPlugin: set wind_speed=0.00 wind_direction=0.0
[gzserver-2] [INFO] [1773141429.302460201] [gazebo_wind_plugin_node]: WindPlugin: set wind_speed=0.00 wind_direction=0.0
[gzserver-2] [INFO] [1773141429.541602578] [gazebo_wind_plugin_node]: WindPlugin: set wind_speed=0.00 wind_direction=0.0
[gzserver-2] [INFO] [1773141429.780841081] [gazebo_wind_plugin_node]: WindPlugin: set wind_speed=0.00 wind_direction=0.0
[gzserver-2] [0m[1;36m[Dbg] [wind_plugin.cpp:110] [0m[1;36mWindPlugin: received command -> speed=[0m[1;36m0[0m[1;36m dir=[0m[1;36m0[0m[1;36m
[gzserver-2] [0m[1;36m[Dbg] [wind_plugin.cpp:110] [0m[1;36mWindPlugin: received command -> speed=[0m[1;36m0[0m[1;36m dir=[0m[1;36m0[0m[1;36m
[gzserver-2] [0m[1;36m[Dbg] [wind_plugin.cpp:110] [0m[1;36mWindPlugin: received command -> speed=[0m[1;36m0[0m[1;36m dir=[0m[1;36m0[0m[1;36m
[gzserver-2] [0m[1;36m[Dbg] [wind_plugin.cpp:110] [0m[1;36mWindPlugin: received command -> speed=[0m[1;36m0[0m[1;36m dir=[0m[1;36m0[0m[1;36m
[gzserver-2] [0m[1;36m[Dbg] [wind_plugin.cpp:110] [0m[1;36mWindPlugin: received command -> speed=[0m[1;36m0[0m[1;36m dir=[0m[1;36m0[0m[1;36m
[gzserver-2] [0m[1;36m[Dbg] [wind_plugin.cpp:110] [0m[1;36mWindPlugin: received command -> speed=[0m[1;36m0[0m[1;36m dir=[0m[1;36m0[0m[1;36m
[gzserver-2] [0m[1;36m[Dbg] [wind_plugin.cpp:110] [0m[1;36mWindPlugin: received command -> speed=[0m[1;36m0[0m[1;36m dir=[0m[1;36m0[0m[1;36m
[gzserver-2] [0m[1;36m[Dbg] [wind_plugin.cpp:110] [0m[1;36mWindPlugin: received command -> speed=[0m[1;36m0[0m[1;36m dir=[0m[1;36m0[0m[1;36m
[gzserver-2] [0mEntering flying model!
[gzserver-2] [INFO] [1773141430.015296577] [gazebo_wind_plugin_node]: WindPlugin: set wind_speed=0.00 wind_direction=0.0
[gzserver-2] [INFO] [1773141430.255076507] [gazebo_wind_plugin_node]: WindPlugin: set wind_speed=1.38 wind_direction=21.1
[gzserver-2] [INFO] [1773141430.497369319] [gazebo_wind_plugin_node]: WindPlugin: set wind_speed=1.38 wind_direction=21.1
[gzserver-2] [INFO] [1773141430.731430786] [gazebo_wind_plugin_node]: WindPlugin: set wind_speed=1.42 wind_direction=24.1
[gzserver-2] [INFO] [1773141430.970429043] [gazebo_wind_plugin_node]: WindPlugin: set wind_speed=1.42 wind_direction=24.1
[gzserver-2] [INFO] [1773141431.207222523] [gazebo_wind_plugin_node]: WindPlugin: set wind_speed=1.42 wind_direction=24.1
[gzserver-2] [INFO] [1773141431.440582040] [gazebo_wind_plugin_node]: WindPlugin: set wind_speed=1.42 wind_direction=24.1
[gzserver-2] [INFO] [1773141431.679744701] [gazebo_wind_plugin_node]: WindPlugin: set wind_speed=1.42 wind_direction=26.7
[gzserver-2] [INFO] [1773141431.909182214] [gazebo_wind_plugin_node]: WindPlugin: set wind_speed=1.42 wind_direction=26.7
[gzserver-2] [INFO] [1773141432.143241441] [gazebo_wind_plugin_node]: WindPlugin: set wind_speed=1.42 wind_direction=26.7
[gzserver-2] [INFO] [1773141432.376798809] [gazebo_wind_plugin_node]: WindPlugin: set wind_speed=1.42 wind_direction=26.7
[gzserver-2] [INFO] [1773141432.610436655] [gazebo_wind_plugin_node]: WindPlugin: set wind_speed=1.44 wind_direction=24.5
[gzserver-2] [INFO] [1773141432.846608934] [gazebo_wind_plugin_node]: WindPlugin: set wind_speed=1.44 wind_direction=24.5
[gzserver-2] [INFO] [1773141433.086512380] [gazebo_wind_plugin_node]: WindPlugin: set wind_speed=1.44 wind_direction=24.5
[gzserver-2] [INFO] [1773141433.124756653] [drone.simple_drone]: Quadrotor lands!!
[gzserver-2] [INFO] [1773141433.326245311] [gazebo_wind_plugin_node]: WindPlugin: set wind_speed=1.44 wind_direction=24.5
[gzserver-2] [INFO] [1773141433.563250089] [gazebo_wind_plugin_node]: WindPlugin: set wind_speed=1.44 wind_direction=24.5
[gzserver-2] [INFO] [1773141433.802675013] [gazebo_wind_plugin_node]: WindPlugin: set wind_speed=1.40 wind_direction=27.4
[gzserver-2] [INFO] [1773141434.039026149] [gazebo_wind_plugin_node]: WindPlugin: set wind_speed=1.40 wind_direction=27.4
[gzserver-2] [1;36m[Dbg] [wind_plugin.cpp:110] [0m[1;36mWindPlugin: received command -> speed=[0m[1;36m0[0m[1;36m dir=[0m[1;36m0[0m[1;36m
[gzserver-2] [0m[1;36m[Dbg] [wind_plugin.cpp:110] [0m[1;36mWindPlugin: received command -> speed=[0m[1;36m1.38473[0m[1;36m dir=[0m[1;36m21.0665[0m[1;36m
[gzserver-2] [0m[1;36m[Dbg] [wind_plugin.cpp:110] [0m[1;36mWindPlugin: received command -> speed=[0m[1;36m1.38473[0m[1;36m dir=[0m[1;36m21.0665[0m[1;36m
[gzserver-2] [0m[1;36m[Dbg] [wind_plugin.cpp:110] [0m[1;36mWindPlugin: received command -> speed=[0m[1;36m1.41645[0m[1;36m dir=[0m[1;36m24.0668[0m[1;36m
[gzserver-2] [0m[1;36m[Dbg] [wind_plugin.cpp:110] [0m[1;36mWindPlugin: received command -> speed=[0m[1;36m1.41645[0m[1;36m dir=[0m[1;36m24.0668[0m[1;36m
[gzserver-2] [0m[1;36m[Dbg] [wind_plugin.cpp:110] [0m[1;36mWindPlugin: received command -> speed=[0m[1;36m1.41645[0m[1;36m dir=[0m[1;36m24.0668[0m[1;36m
[gzserver-2] [0m[1;36m[Dbg] [wind_plugin.cpp:110] [0m[1;36mWindPlugin: received command -> speed=[0m[1;36m1.41645[0m[1;36m dir=[0m[1;36m24.0668[0m[1;36m
[gzserver-2] [0m[1;36m[Dbg] [wind_plugin.cpp:110] [0m[1;36mWindPlugin: received command -> speed=[0m[1;36m1.41794[0m[1;36m dir=[0m[1;36m26.7179[0m[1;36m
[gzserver-2] [0m[1;36m[Dbg] [wind_plugin.cpp:110] [0m[1;36mWindPlugin: received command -> speed=[0m[1;36m1.41794[0m[1;36m dir=[0m[1;36m26.7179[0m[1;36m
[gzserver-2] [0m[1;36m[Dbg] [wind_plugin.cpp:110] [0m[1;36mWindPlugin: received command -> speed=[0m[1;36m1.41794[0m[1;36m dir=[0m[1;36m26.7179[0m[1;36m
[gzserver-2] [0m[1;36m[Dbg] [wind_plugin.cpp:110] [0m[1;36mWindPlugin: received command -> speed=[0m[1;36m1.41794[0m[1;36m dir=[0m[1;36m26.7179[0m[1;36m
[gzserver-2] [0m[1;36m[Dbg] [wind_plugin.cpp:110] [0m[1;36mWindPlugin: received command -> speed=[0m[1;36m1.43728[0m[1;36m dir=[0m[1;36m24.5133[0m[1;36m
[gzserver-2] [0m[1;36m[Dbg] [wind_plugin.cpp:110] [0m[1;36mWindPlugin: received command -> speed=[0m[1;36m1.43728[0m[1;36m dir=[0m[1;36m24.5133[0m[1;36m
[gzserver-2] [0m[1;36m[Dbg] [wind_plugin.cpp:110] [0m[1;36mWindPlugin: received command -> speed=[0m[1;36m1.43728[0m[1;36m dir=[0m[1;36m24.5133[0m[1;36m
[gzserver-2] [0m[1;36m[Dbg] [wind_plugin.cpp:110] [0m[1;36mWindPlugin: received command -> speed=[0m[1;36m1.43728[0m[1;36m dir=[0m[1;36m24.5133[0m[1;36m
[gzserver-2] [0m[1;36m[Dbg] [wind_plugin.cpp:110] [0m[1;36mWindPlugin: received command -> speed=[0m[1;36m1.43728[0m[1;36m dir=[0m[1;36m24.5133[0m[1;36m
[gzserver-2] [0m[1;36m[Dbg] [wind_plugin.cpp:110] [0m[1;36mWindPlugin: received command -> speed=[0m[1;36m1.39679[0m[1;36m dir=[0m[1;36m27.4282[0m[1;36m
[gzserver-2] [0m[1;36m[Dbg] [wind_plugin.cpp:110] [0m[1;36mWindPlugin: received command -> speed=[0m[1;36m1.39679[0m[1;36m dir=[0m[1;36m27.4282[0m[1;36m
[gzserver-2] [0mLanded!
[gzserver-2] [INFO] [1773141434.278296297] [gazebo_wind_plugin_node]: WindPlugin: set wind_speed=1.40 wind_direction=27.4
[gzserver-2] [INFO] [1773141434.518049633] [gazebo_wind_plugin_node]: WindPlugin: set wind_speed=1.40 wind_direction=27.4
[gzserver-2] [INFO] [1773141434.757758418] [gazebo_wind_plugin_node]: WindPlugin: set wind_speed=1.43 wind_direction=22.0
[gzserver-2] [INFO] [1773141434.997155722] [gazebo_wind_plugin_node]: WindPlugin: set wind_speed=1.43 wind_direction=22.0
[gzserver-2] [INFO] [1773141435.236806064] [gazebo_wind_plugin_node]: WindPlugin: set wind_speed=1.43 wind_direction=22.0
[gzserver-2] [INFO] [1773141435.475977997] [gazebo_wind_plugin_node]: WindPlugin: set wind_speed=1.43 wind_direction=22.0
[gzserver-2] [INFO] [1773141435.714635646] [gazebo_wind_plugin_node]: WindPlugin: set wind_speed=1.34 wind_direction=23.2
[gzserver-2] [INFO] [1773141435.953872567] [gazebo_wind_plugin_node]: WindPlugin: set wind_speed=1.34 wind_direction=23.2
