[INFO] [launch]: All log files can be found below /home/j/.ros/log/2026-03-11-04-00-48-811479-j-3990420
[INFO] [launch]: Default logging verbosity is set to INFO
[INFO] [launch.user]: [bringup] Apriltag config: camera=/drone/bottom, image=/drone/bottom/image_raw, tags=/drone/bottom/tags, bridge=/landing_tag_state, standalone=true, use_target_id=true, target_id=0
[INFO] [rviz2-1]: process started with pid [3990421]
[INFO] [gzserver-2]: process started with pid [3990423]
[INFO] [robot_state_publisher-3]: process started with pid [3990425]
[INFO] [joint_state_publisher-4]: process started with pid [3990427]
[INFO] [spawn_drone-5]: process started with pid [3990429]
[INFO] [static_transform_publisher-6]: process started with pid [3990431]
[INFO] [joy_node-7]: process started with pid [3990433]
[INFO] [teleop_joystick-8]: process started with pid [3990435]
[INFO] [apriltag_detector_node-9]: process started with pid [3990437]
[INFO] [apriltag_state_bridge-10]: process started with pid [3990439]
[static_transform_publisher-6] [WARN] [1773169249.287450334] []: Old-style arguments are deprecated; see --help for new-style arguments
[static_transform_publisher-6] [INFO] [1773169249.297293568] [static_transform_publisher_en1pYRK6jhWdFr58]: Spinning until stopped - publishing transform
[static_transform_publisher-6] translation: ('0.000000', '0.000000', '0.000000')
[static_transform_publisher-6] rotation: ('0.000000', '0.000000', '0.000000', '1.000000')
[static_transform_publisher-6] from 'world' to '/drone/odom'
[rviz2-1] 
[rviz2-1] (rviz2:3990421): dbind-WARNING **: 04:00:49.322: Couldn't connect to accessibility bus: Failed to connect to socket /root/.cache/at-spi/bus_0: 허가 거부
[robot_state_publisher-3] [INFO] [1773169249.323319957] [drone.robot_state_publisher]: got segment base_footprint
[robot_state_publisher-3] [INFO] [1773169249.323370062] [drone.robot_state_publisher]: got segment base_link
[robot_state_publisher-3] [INFO] [1773169249.323375299] [drone.robot_state_publisher]: got segment bottom_cam_link
[robot_state_publisher-3] [INFO] [1773169249.323378456] [drone.robot_state_publisher]: got segment front_cam_link
[robot_state_publisher-3] [INFO] [1773169249.323381202] [drone.robot_state_publisher]: got segment sonar_link
[apriltag_detector_node-9] [INFO] [1773169249.325185817] [apriltag_detector_node]: tag detector type: umich
[teleop_joystick-8] Traceback (most recent call last):
[teleop_joystick-8]   File "/home/j/INCSL/IICC26_ws/install/sjtu_drone_control/lib/sjtu_drone_control/teleop_joystick", line 33, in <module>
[teleop_joystick-8]     sys.exit(load_entry_point('sjtu_drone_control==0.0.0', 'console_scripts', 'teleop_joystick')())
[teleop_joystick-8]   File "/home/j/INCSL/IICC26_ws/install/sjtu_drone_control/lib/sjtu_drone_control/teleop_joystick", line 22, in importlib_load_entry_point
[teleop_joystick-8]     for entry_point in distribution(dist_name).entry_points
[teleop_joystick-8]   File "/usr/lib/python3.10/importlib/metadata/__init__.py", line 969, in distribution
[teleop_joystick-8]     return Distribution.from_name(distribution_name)
[teleop_joystick-8]   File "/usr/lib/python3.10/importlib/metadata/__init__.py", line 548, in from_name
[teleop_joystick-8]     raise PackageNotFoundError(name)
[teleop_joystick-8] importlib.metadata.PackageNotFoundError: No package metadata was found for sjtu_drone_control
[ERROR] [teleop_joystick-8]: process has died [pid 3990435, exit code 1, cmd '/home/j/INCSL/IICC26_ws/install/sjtu_drone_control/lib/sjtu_drone_control/teleop_joystick --ros-args -r __ns:=/drone'].
[gzserver-2] Gazebo multi-robot simulator, version 11.10.2
[gzserver-2] Copyright (C) 2012 Open Source Robotics Foundation.
[gzserver-2] Released under the Apache 2 License.
[gzserver-2] http://gazebosim.org
[gzserver-2] 
[joint_state_publisher-4] [INFO] [1773169249.546405055] [drone.joint_state_publisher]: Waiting for robot_description to be published on the robot_description topic...
[apriltag_state_bridge-10] [INFO] [1773169249.554089761] [apriltag_state_bridge]: AprilTag bridge started: /drone/bottom/tags -> /landing_tag_state, use_target_id=True, target_id=0
[gzserver-2] [1;33m[Wrn] [gazebo_ros_init.cpp:178] [0m[1;33m
[gzserver-2] #     # ####### ####### ###  #####  #######
[gzserver-2] ##    # #     #    #     #  #     # #
[gzserver-2] # #   # #     #    #     #  #       #
[gzserver-2] #  #  # #     #    #     #  #       #####
[gzserver-2] #   # # #     #    #     #  #       #
[gzserver-2] #    ## #     #    #     #  #     # #
[gzserver-2] #     # #######    #    ###  #####  #######
[gzserver-2] 
[gzserver-2] This version of Gazebo, now called Gazebo classic, reaches end-of-life
[gzserver-2] in January 2025. Users are highly encouraged to migrate to the new Gazebo
[gzserver-2] using our migration guides (https://gazebosim.org/docs/latest/gazebo_classic_migration?utm_source=gazebo_ros_pkgs&utm_medium=cli)
[gzserver-2] 
[gzserver-2] [0m[1;33m
[rviz2-1] [INFO] [1773169250.148035080] [rviz2]: Stereo is NOT SUPPORTED
[rviz2-1] [INFO] [1773169250.148173663] [rviz2]: OpenGl version: 4.6 (GLSL 4.6)
[rviz2-1] [INFO] [1773169250.239486364] [rviz2]: Stereo is NOT SUPPORTED
[rviz2-1] [INFO] [1773169250.328861584] [rviz2]: Stereo is NOT SUPPORTED
[gzserver-2] [1;32m[Msg] [0m[1;32mWaiting for master.[0m[1;32m
[gzserver-2] [0m[1;32m[0m[1;32m[0m[1;32m[Msg] [0m[1;32mConnected to gazebo master @ [0m[1;32mhttp://127.0.0.1:11345[0m[1;32m
[gzserver-2] [0m[1;32m[0m[1;32m[0m[1;32m[Msg] [0m[1;32mPublicized address: [0m[1;32m192.168.0.11[0m[1;32m
[gzserver-2] [0m[1;32m[0m[1;32m[0m[1;32m[Msg] [0m[1;32mLoading world file [[0m[1;32m/home/j/INCSL/IICC26_ws/install/sjtu_drone_description/share/sjtu_drone_description/worlds/landingPad.world[0m[1;32m][0m[1;32m
[gzserver-2] [0m[1;32m[0m[1;32m[0m[1;36m[Dbg] [wind_plugin.cpp:96] [0m[1;36mWindPlugin loaded: speed=[0m[1;36m0[0m[1;36m dir=[0m[1;36m0[0m[1;36m deg area=[0m[1;36m0.1[0m[1;36m coeff=[0m[1;36m1[0m[1;36m
[gzserver-2] [0m[1;33m[0m[1;33m[0m[1;31m[Err] [Sensor.cc:510] [0m[1;31mGet noise index not valid[0m[1;31m
[gzserver-2] [0m[1;31m[0m[1;31m[0m[1;31m[Err] [Sensor.cc:510] [0m[1;31mGet noise index not valid[0m[1;31m
[gzserver-2] [0m[1;31m[0m[1;31m[0m[1;31m[Err] [Sensor.cc:510] [0m[1;31mGet noise index not valid[0m[1;31m
[gzserver-2] [0m[1;31m[0m[1;31m[0m[1;31m[Err] [Sensor.cc:510] [0m[1;31mGet noise index not valid[0m[1;31m
[gzserver-2] [0m[1;31m[0m[1;31m[0m[1;31m[Err] [Sensor.cc:510] [0m[1;31mGet noise index not valid[0m[1;31m
[gzserver-2] [0m[1;31m[0m[1;31m[0m[1;31m[Err] [Sensor.cc:510] [0m[1;31mGet noise index not valid[0m[1;31m
[gzserver-2] [0m[1;31m[0m[1;31m[0mTopic [default//drone/base_footprint/down_camera/image] is not valid.
[gzserver-2] Topic [default//drone/base_footprint/front_camera/image] is not valid.
[gzserver-2] [INFO] [1773169250.779461188] [drone.collision_plugin]: Publishing contact states to [/drone/bumper_states]
[gzserver-2] [1;33m[Wrn] [Event.cc:61] [0m[1;33mWarning: Deleting a connection right after creation. [0m[1;33mMake sure to save the ConnectionPtr from a Connect call
[gzserver-2] [0m[INFO] [1773169251.335916155] [drone.camera_bottom]: Publishing camera info to [/drone/bottom/camera_info]
[gzserver-2] [INFO] [1773169251.340431271] [drone.camera_front]: Publishing camera info to [/drone/front/camera_info]
[spawn_drone-5] [INFO] [1773169251.349126141] [spawn_drone]: Result True SpawnEntity: Successfully spawned entity [/drone]
[gzserver-2] [INFO] [1773169251.462030222] [drone.simple_drone]: The drone plugin is loading!
[gzserver-2] [INFO] [1773169251.462241396] [drone.simple_drone]: pub_odom: 1
[gzserver-2] [INFO] [1773169251.462273880] [drone.simple_drone]: Using following parameters: 
[gzserver-2] 		link_name: base_footprint,
[gzserver-2] 		max_force: 30,
[gzserver-2] 		motion_small_noise: 0,
[gzserver-2] 		motion_drift_noise: 0,
[gzserver-2] 		motion_drift_noise_time: 50,
[gzserver-2] 		takeoff_hover_height: 1.91,
[gzserver-2] 		takeoff_vertical_speed: 0.2
[gzserver-2] [INFO] [1773169251.474025681] [drone.simple_drone]: Using the PID parameters: 
[gzserver-2] 	Roll Pitch:
[gzserver-2] 		kP: 10, kI: 0,kD: 5, Limit: 0.5, Time Constant: 0
[gzserver-2] 	Yaw:
[gzserver-2] 		kP: 2, kI: 0,kD: 1, Limit: 1.5, Time Constant: 0
[gzserver-2] 	Velocity X:
[gzserver-2] 		kP: 5, kI: 0,kD: 2.3, Limit: 2, Time Constant: 0
[gzserver-2] 	Velocity Y:
[gzserver-2] 		kP: 5, kI: 0,kD: 2.3, Limit: 2, Time Constant: 0
[gzserver-2] 	Velocity Z:
[gzserver-2] 		kP: 5, kI: 0,kD: 1, Limit: -1, Time Constant: 0
[gzserver-2] 	Position XY:
[gzserver-2] 		kP: 1.1, kI: 0,kD: 0, Limit: 5, Time Constant: 0
[gzserver-2] 	Position Z:
[gzserver-2] 		kP: 1, kI: 0,kD: 0.2, Limit: -1, Time Constant: 0
[gzserver-2] [INFO] [1773169251.474152940] [drone.simple_drone]: The drone plugin finished loading!
[INFO] [spawn_drone-5]: process has finished cleanly [pid 3990429]
[gzserver-2] [INFO] [1773169258.647714327] [gazebo_wind_plugin_node]: WindPlugin: set wind_speed=0.00 wind_direction=0.0
[gzserver-2] [INFO] [1773169258.925232444] [gazebo_wind_plugin_node]: WindPlugin: set wind_speed=0.00 wind_direction=0.0
[gzserver-2] [INFO] [1773169258.964325820] [drone.simple_drone]: Quadrotor takes off!!
[gzserver-2] [INFO] [1773169259.165634562] [gazebo_wind_plugin_node]: WindPlugin: set wind_speed=0.00 wind_direction=0.0
[gzserver-2] [INFO] [1773169259.402034712] [gazebo_wind_plugin_node]: WindPlugin: set wind_speed=0.00 wind_direction=0.0
[gzserver-2] [INFO] [1773169259.641580752] [gazebo_wind_plugin_node]: WindPlugin: set wind_speed=0.00 wind_direction=0.0
[gzserver-2] [INFO] [1773169259.880994272] [gazebo_wind_plugin_node]: WindPlugin: set wind_speed=0.00 wind_direction=0.0
[gzserver-2] [INFO] [1773169260.115495339] [gazebo_wind_plugin_node]: WindPlugin: set wind_speed=0.00 wind_direction=0.0
[gzserver-2] [INFO] [1773169260.349662063] [gazebo_wind_plugin_node]: WindPlugin: set wind_speed=0.00 wind_direction=0.0
[gzserver-2] [0m[1;36m[Dbg] [wind_plugin.cpp:110] [0m[1;36mWindPlugin: received command -> speed=[0m[1;36m0[0m[1;36m dir=[0m[1;36m0[0m[1;36m
[gzserver-2] [0m[1;36m[Dbg] [wind_plugin.cpp:110] [0m[1;36mWindPlugin: received command -> speed=[0m[1;36m0[0m[1;36m dir=[0m[1;36m0[0m[1;36m
[gzserver-2] [0m[1;36m[Dbg] [wind_plugin.cpp:110] [0m[1;36mWindPlugin: received command -> speed=[0m[1;36m0[0m[1;36m dir=[0m[1;36m0[0m[1;36m
[gzserver-2] [0m[1;36m[Dbg] [wind_plugin.cpp:110] [0m[1;36mWindPlugin: received command -> speed=[0m[1;36m0[0m[1;36m dir=[0m[1;36m0[0m[1;36m
[gzserver-2] [0m[1;36m[Dbg] [wind_plugin.cpp:110] [0m[1;36mWindPlugin: received command -> speed=[0m[1;36m0[0m[1;36m dir=[0m[1;36m0[0m[1;36m
[gzserver-2] [0m[1;36m[Dbg] [wind_plugin.cpp:110] [0m[1;36mWindPlugin: received command -> speed=[0m[1;36m0[0m[1;36m dir=[0m[1;36m0[0m[1;36m
[gzserver-2] [0m[1;36m[Dbg] [wind_plugin.cpp:110] [0m[1;36mWindPlugin: received command -> speed=[0m[1;36m0[0m[1;36m dir=[0m[1;36m0[0m[1;36m
[gzserver-2] [0m[1;36m[Dbg] [wind_plugin.cpp:110] [0m[1;36mWindPlugin: received command -> speed=[0m[1;36m0[0m[1;36m dir=[0m[1;36m0[0m[1;36m
[gzserver-2] [0mEntering flying model!
[gzserver-2] [INFO] [1773169260.585986466] [gazebo_wind_plugin_node]: WindPlugin: set wind_speed=0.00 wind_direction=0.0
[gzserver-2] [INFO] [1773169260.828493218] [gazebo_wind_plugin_node]: WindPlugin: set wind_speed=1.35 wind_direction=48.3
[gzserver-2] [INFO] [1773169261.062760656] [gazebo_wind_plugin_node]: WindPlugin: set wind_speed=1.35 wind_direction=48.3
[gzserver-2] [INFO] [1773169261.302180164] [gazebo_wind_plugin_node]: WindPlugin: set wind_speed=1.25 wind_direction=47.7
[gzserver-2] [INFO] [1773169261.531409739] [gazebo_wind_plugin_node]: WindPlugin: set wind_speed=1.25 wind_direction=47.7
[gzserver-2] [INFO] [1773169261.765953667] [gazebo_wind_plugin_node]: WindPlugin: set wind_speed=1.25 wind_direction=47.7
[gzserver-2] [INFO] [1773169261.995244742] [gazebo_wind_plugin_node]: WindPlugin: set wind_speed=1.25 wind_direction=47.7
[gzserver-2] [INFO] [1773169262.230410802] [gazebo_wind_plugin_node]: WindPlugin: set wind_speed=1.28 wind_direction=47.8
[gzserver-2] [INFO] [1773169262.470393078] [gazebo_wind_plugin_node]: WindPlugin: set wind_speed=1.28 wind_direction=47.8
[gzserver-2] [INFO] [1773169262.709927936] [gazebo_wind_plugin_node]: WindPlugin: set wind_speed=1.28 wind_direction=47.8
[gzserver-2] [INFO] [1773169262.952295998] [gazebo_wind_plugin_node]: WindPlugin: set wind_speed=1.28 wind_direction=47.8
[gzserver-2] [INFO] [1773169263.191165008] [gazebo_wind_plugin_node]: WindPlugin: set wind_speed=1.32 wind_direction=48.2
[gzserver-2] [INFO] [1773169263.430709652] [gazebo_wind_plugin_node]: WindPlugin: set wind_speed=1.32 wind_direction=48.2
[gzserver-2] [INFO] [1773169263.659694648] [gazebo_wind_plugin_node]: WindPlugin: set wind_speed=1.32 wind_direction=48.2
[gzserver-2] [INFO] [1773169263.698530594] [drone.simple_drone]: Quadrotor lands!!
[gzserver-2] [INFO] [1773169263.901210362] [gazebo_wind_plugin_node]: WindPlugin: set wind_speed=1.32 wind_direction=48.2
[gzserver-2] [INFO] [1773169264.140795902] [gazebo_wind_plugin_node]: WindPlugin: set wind_speed=1.32 wind_direction=48.2
[gzserver-2] [INFO] [1773169264.380344110] [gazebo_wind_plugin_node]: WindPlugin: set wind_speed=1.39 wind_direction=47.9
[gzserver-2] [INFO] [1773169264.619970057] [gazebo_wind_plugin_node]: WindPlugin: set wind_speed=1.39 wind_direction=47.9
[gzserver-2] [1;36m[Dbg] [wind_plugin.cpp:110] [0m[1;36mWindPlugin: received command -> speed=[0m[1;36m0[0m[1;36m dir=[0m[1;36m0[0m[1;36m
[gzserver-2] [0m[1;36m[Dbg] [wind_plugin.cpp:110] [0m[1;36mWindPlugin: received command -> speed=[0m[1;36m1.35469[0m[1;36m dir=[0m[1;36m48.259[0m[1;36m
[gzserver-2] [0m[1;36m[Dbg] [wind_plugin.cpp:110] [0m[1;36mWindPlugin: received command -> speed=[0m[1;36m1.35469[0m[1;36m dir=[0m[1;36m48.259[0m[1;36m
[gzserver-2] [0m[1;36m[Dbg] [wind_plugin.cpp:110] [0m[1;36mWindPlugin: received command -> speed=[0m[1;36m1.24547[0m[1;36m dir=[0m[1;36m47.74[0m[1;36m
[gzserver-2] [0m[1;36m[Dbg] [wind_plugin.cpp:110] [0m[1;36mWindPlugin: received command -> speed=[0m[1;36m1.24547[0m[1;36m dir=[0m[1;36m47.74[0m[1;36m
[gzserver-2] [0m[1;36m[Dbg] [wind_plugin.cpp:110] [0m[1;36mWindPlugin: received command -> speed=[0m[1;36m1.24547[0m[1;36m dir=[0m[1;36m47.74[0m[1;36m
[gzserver-2] [0m[1;36m[Dbg] [wind_plugin.cpp:110] [0m[1;36mWindPlugin: received command -> speed=[0m[1;36m1.24547[0m[1;36m dir=[0m[1;36m47.74[0m[1;36m
[gzserver-2] [0m[1;36m[Dbg] [wind_plugin.cpp:110] [0m[1;36mWindPlugin: received command -> speed=[0m[1;36m1.28434[0m[1;36m dir=[0m[1;36m47.7813[0m[1;36m
[gzserver-2] [0m[1;36m[Dbg] [wind_plugin.cpp:110] [0m[1;36mWindPlugin: received command -> speed=[0m[1;36m1.28434[0m[1;36m dir=[0m[1;36m47.7813[0m[1;36m
[gzserver-2] [0m[1;36m[Dbg] [wind_plugin.cpp:110] [0m[1;36mWindPlugin: received command -> speed=[0m[1;36m1.28434[0m[1;36m dir=[0m[1;36m47.7813[0m[1;36m
[gzserver-2] [0m[1;36m[Dbg] [wind_plugin.cpp:110] [0m[1;36mWindPlugin: received command -> speed=[0m[1;36m1.28434[0m[1;36m dir=[0m[1;36m47.7813[0m[1;36m
[gzserver-2] [0m[1;36m[Dbg] [wind_plugin.cpp:110] [0m[1;36mWindPlugin: received command -> speed=[0m[1;36m1.3164[0m[1;36m dir=[0m[1;36m48.1543[0m[1;36m
[gzserver-2] [0m[1;36m[Dbg] [wind_plugin.cpp:110] [0m[1;36mWindPlugin: received command -> speed=[0m[1;36m1.3164[0m[1;36m dir=[0m[1;36m48.1543[0m[1;36m
[gzserver-2] [0m[1;36m[Dbg] [wind_plugin.cpp:110] [0m[1;36mWindPlugin: received command -> speed=[0m[1;36m1.3164[0m[1;36m dir=[0m[1;36m48.1543[0m[1;36m
[gzserver-2] [0m[1;36m[Dbg] [wind_plugin.cpp:110] [0m[1;36mWindPlugin: received command -> speed=[0m[1;36m1.3164[0m[1;36m dir=[0m[1;36m48.1543[0m[1;36m
[gzserver-2] [0m[1;36m[Dbg] [wind_plugin.cpp:110] [0m[1;36mWindPlugin: received command -> speed=[0m[1;36m1.3164[0m[1;36m dir=[0m[1;36m48.1543[0m[1;36m
[gzserver-2] [0m[1;36m[Dbg] [wind_plugin.cpp:110] [0m[1;36mWindPlugin: received command -> speed=[0m[1;36m1.39269[0m[1;36m dir=[0m[1;36m47.9193[0m[1;36m
[gzserver-2] [0m[1;36m[Dbg] [wind_plugin.cpp:110] [0m[1;36mWindPlugin: received command -> speed=[0m[1;36m1.39269[0m[1;36m dir=[0m[1;36m47.9193[0m[1;36m
[gzserver-2] [0mLanded!
[gzserver-2] [INFO] [1773169264.859272167] [gazebo_wind_plugin_node]: WindPlugin: set wind_speed=1.39 wind_direction=47.9
[gzserver-2] [INFO] [1773169265.098514484] [gazebo_wind_plugin_node]: WindPlugin: set wind_speed=1.39 wind_direction=47.9
[gzserver-2] [INFO] [1773169265.338347861] [gazebo_wind_plugin_node]: WindPlugin: set wind_speed=1.42 wind_direction=47.1
[gzserver-2] [INFO] [1773169265.577938274] [gazebo_wind_plugin_node]: WindPlugin: set wind_speed=1.42 wind_direction=47.1
[gzserver-2] [INFO] [1773169265.817881448] [gazebo_wind_plugin_node]: WindPlugin: set wind_speed=1.42 wind_direction=47.1
[gzserver-2] [INFO] [1773169266.054705939] [gazebo_wind_plugin_node]: WindPlugin: set wind_speed=1.42 wind_direction=47.1
[gzserver-2] [INFO] [1773169266.294716241] [gazebo_wind_plugin_node]: WindPlugin: set wind_speed=1.35 wind_direction=49.9
[gzserver-2] [INFO] [1773169266.533648511] [gazebo_wind_plugin_node]: WindPlugin: set wind_speed=1.35 wind_direction=49.9
