[INFO] [launch]: All log files can be found below /home/j/.ros/log/2026-03-11-00-31-48-203312-j-2338096
[INFO] [launch]: Default logging verbosity is set to INFO
[INFO] [launch.user]: [bringup] Apriltag config: camera=/drone/bottom, image=/drone/bottom/image_raw, tags=/drone/bottom/tags, bridge=/landing_tag_state, standalone=true, use_target_id=true, target_id=0
[INFO] [rviz2-1]: process started with pid [2338099]
[INFO] [gzserver-2]: process started with pid [2338101]
[INFO] [robot_state_publisher-3]: process started with pid [2338103]
[INFO] [joint_state_publisher-4]: process started with pid [2338105]
[INFO] [spawn_drone-5]: process started with pid [2338107]
[INFO] [static_transform_publisher-6]: process started with pid [2338109]
[INFO] [joy_node-7]: process started with pid [2338111]
[INFO] [teleop_joystick-8]: process started with pid [2338113]
[INFO] [apriltag_detector_node-9]: process started with pid [2338115]
[INFO] [apriltag_state_bridge-10]: process started with pid [2338117]
[static_transform_publisher-6] [WARN] [1773156708.678779189] []: Old-style arguments are deprecated; see --help for new-style arguments
[static_transform_publisher-6] [INFO] [1773156708.685622038] [static_transform_publisher_tgipqaHqSpOd9cpt]: Spinning until stopped - publishing transform
[static_transform_publisher-6] translation: ('0.000000', '0.000000', '0.000000')
[static_transform_publisher-6] rotation: ('0.000000', '0.000000', '0.000000', '1.000000')
[static_transform_publisher-6] from 'world' to '/drone/odom'
[robot_state_publisher-3] [INFO] [1773156708.702271774] [drone.robot_state_publisher]: got segment base_footprint
[robot_state_publisher-3] [INFO] [1773156708.702340724] [drone.robot_state_publisher]: got segment base_link
[robot_state_publisher-3] [INFO] [1773156708.702346168] [drone.robot_state_publisher]: got segment bottom_cam_link
[robot_state_publisher-3] [INFO] [1773156708.702349507] [drone.robot_state_publisher]: got segment front_cam_link
[robot_state_publisher-3] [INFO] [1773156708.702352209] [drone.robot_state_publisher]: got segment sonar_link
[rviz2-1] 
[rviz2-1] (rviz2:2338099): dbind-WARNING **: 00:31:48.712: Couldn't connect to accessibility bus: Failed to connect to socket /root/.cache/at-spi/bus_0: 허가 거부
[apriltag_detector_node-9] [INFO] [1773156708.725851787] [apriltag_detector_node]: tag detector type: umich
[teleop_joystick-8] Traceback (most recent call last):
[teleop_joystick-8]   File "/home/j/INCSL/IICC26_ws/install/sjtu_drone_control/lib/sjtu_drone_control/teleop_joystick", line 33, in <module>
[teleop_joystick-8]     sys.exit(load_entry_point('sjtu_drone_control==0.0.0', 'console_scripts', 'teleop_joystick')())
[teleop_joystick-8]   File "/home/j/INCSL/IICC26_ws/install/sjtu_drone_control/lib/sjtu_drone_control/teleop_joystick", line 22, in importlib_load_entry_point
[teleop_joystick-8]     for entry_point in distribution(dist_name).entry_points
[teleop_joystick-8]   File "/usr/lib/python3.10/importlib/metadata/__init__.py", line 969, in distribution
[teleop_joystick-8]     return Distribution.from_name(distribution_name)
[teleop_joystick-8]   File "/usr/lib/python3.10/importlib/metadata/__init__.py", line 548, in from_name
[teleop_joystick-8]     raise PackageNotFoundError(name)
[teleop_joystick-8] importlib.metadata.PackageNotFoundError: No package metadata was found for sjtu_drone_control
[ERROR] [teleop_joystick-8]: process has died [pid 2338113, exit code 1, cmd '/home/j/INCSL/IICC26_ws/install/sjtu_drone_control/lib/sjtu_drone_control/teleop_joystick --ros-args -r __ns:=/drone'].
[gzserver-2] Gazebo multi-robot simulator, version 11.10.2
[gzserver-2] Copyright (C) 2012 Open Source Robotics Foundation.
[gzserver-2] Released under the Apache 2 License.
[gzserver-2] http://gazebosim.org
[gzserver-2] 
[apriltag_state_bridge-10] [INFO] [1773156708.935584436] [apriltag_state_bridge]: AprilTag bridge started: /drone/bottom/tags -> /landing_tag_state, use_target_id=True, target_id=0
[joint_state_publisher-4] [INFO] [1773156708.964313896] [drone.joint_state_publisher]: Waiting for robot_description to be published on the robot_description topic...
[gzserver-2] [1;33m[Wrn] [gazebo_ros_init.cpp:178] [0m[1;33m
[gzserver-2] #     # ####### ####### ###  #####  #######
[gzserver-2] ##    # #     #    #     #  #     # #
[gzserver-2] # #   # #     #    #     #  #       #
[gzserver-2] #  #  # #     #    #     #  #       #####
[gzserver-2] #   # # #     #    #     #  #       #
[gzserver-2] #    ## #     #    #     #  #     # #
[gzserver-2] #     # #######    #    ###  #####  #######
[gzserver-2] 
[gzserver-2] This version of Gazebo, now called Gazebo classic, reaches end-of-life
[gzserver-2] in January 2025. Users are highly encouraged to migrate to the new Gazebo
[gzserver-2] using our migration guides (https://gazebosim.org/docs/latest/gazebo_classic_migration?utm_source=gazebo_ros_pkgs&utm_medium=cli)
[gzserver-2] 
[gzserver-2] [0m[1;33m
[rviz2-1] [INFO] [1773156709.319027813] [rviz2]: Stereo is NOT SUPPORTED
[rviz2-1] [INFO] [1773156709.319117482] [rviz2]: OpenGl version: 4.6 (GLSL 4.6)
[rviz2-1] [INFO] [1773156709.530565741] [rviz2]: Stereo is NOT SUPPORTED
[rviz2-1] [INFO] [1773156709.622932462] [rviz2]: Stereo is NOT SUPPORTED
[gzserver-2] [1;32m[Msg] [0m[1;32mWaiting for master.[0m[1;32m
[gzserver-2] [0m[1;32m[0m[1;32m[0m[1;32m[Msg] [0m[1;32mConnected to gazebo master @ [0m[1;32mhttp://127.0.0.1:11345[0m[1;32m
[gzserver-2] [0m[1;32m[0m[1;32m[0m[1;32m[Msg] [0m[1;32mPublicized address: [0m[1;32m192.168.0.11[0m[1;32m
[gzserver-2] [0m[1;32m[0m[1;32m[0m[1;32m[Msg] [0m[1;32mLoading world file [[0m[1;32m/home/j/INCSL/IICC26_ws/install/sjtu_drone_description/share/sjtu_drone_description/worlds/landingPad.world[0m[1;32m][0m[1;32m
[gzserver-2] [0m[1;32m[0m[1;32m[0m[1;36m[Dbg] [wind_plugin.cpp:96] [0m[1;36mWindPlugin loaded: speed=[0m[1;36m0[0m[1;36m dir=[0m[1;36m0[0m[1;36m deg area=[0m[1;36m0.1[0m[1;36m coeff=[0m[1;36m1[0m[1;36m
[gzserver-2] [0m[1;33m[0m[1;33m[0m[1;31m[Err] [Sensor.cc:510] [0m[1;31mGet noise index not valid[0m[1;31m
[gzserver-2] [0m[1;31m[0m[1;31m[0m[1;31m[Err] [Sensor.cc:510] [0m[1;31mGet noise index not valid[0m[1;31m
[gzserver-2] [0m[1;31m[0m[1;31m[0m[1;31m[Err] [Sensor.cc:510] [0m[1;31mGet noise index not valid[0m[1;31m
[gzserver-2] [0m[1;31m[0m[1;31m[0m[1;31m[Err] [Sensor.cc:510] [0m[1;31mGet noise index not valid[0m[1;31m
[gzserver-2] [0m[1;31m[0m[1;31m[0m[1;31m[Err] [Sensor.cc:510] [0m[1;31mGet noise index not valid[0m[1;31m
[gzserver-2] [0m[1;31m[0m[1;31m[0m[1;31m[Err] [Sensor.cc:510] [0m[1;31mGet noise index not valid[0m[1;31m
[gzserver-2] [0m[1;31m[0m[1;31m[0mTopic [default//drone/base_footprint/down_camera/image] is not valid.
[gzserver-2] [INFO] [1773156710.171928509] [drone.collision_plugin]: Publishing contact states to [/drone/bumper_states]
[gzserver-2] Topic [default//drone/base_footprint/front_camera/image] is not valid.
[gzserver-2] [1;33m[Wrn] [Event.cc:61] [0m[1;33mWarning: Deleting a connection right after creation. [0m[1;33mMake sure to save the ConnectionPtr from a Connect call
[gzserver-2] [0m[INFO] [1773156710.730336514] [drone.camera_bottom]: Publishing camera info to [/drone/bottom/camera_info]
[gzserver-2] [INFO] [1773156710.733269744] [drone.camera_front]: Publishing camera info to [/drone/front/camera_info]
[spawn_drone-5] [INFO] [1773156710.742237401] [spawn_drone]: Result True SpawnEntity: Successfully spawned entity [/drone]
[gzserver-2] [INFO] [1773156710.854996117] [drone.simple_drone]: The drone plugin is loading!
[gzserver-2] [INFO] [1773156710.855200748] [drone.simple_drone]: pub_odom: 1
[gzserver-2] [INFO] [1773156710.855233679] [drone.simple_drone]: Using following parameters: 
[gzserver-2] 		link_name: base_footprint,
[gzserver-2] 		max_force: 30,
[gzserver-2] 		motion_small_noise: 0,
[gzserver-2] 		motion_drift_noise: 0,
[gzserver-2] 		motion_drift_noise_time: 50,
[gzserver-2] 		takeoff_hover_height: 2.47,
[gzserver-2] 		takeoff_vertical_speed: 0.2
[gzserver-2] [INFO] [1773156710.866907846] [drone.simple_drone]: Using the PID parameters: 
[gzserver-2] 	Roll Pitch:
[gzserver-2] 		kP: 10, kI: 0,kD: 5, Limit: 0.5, Time Constant: 0
[gzserver-2] 	Yaw:
[gzserver-2] 		kP: 2, kI: 0,kD: 1, Limit: 1.5, Time Constant: 0
[gzserver-2] 	Velocity X:
[gzserver-2] 		kP: 5, kI: 0,kD: 2.3, Limit: 2, Time Constant: 0
[gzserver-2] 	Velocity Y:
[gzserver-2] 		kP: 5, kI: 0,kD: 2.3, Limit: 2, Time Constant: 0
[gzserver-2] 	Velocity Z:
[gzserver-2] 		kP: 5, kI: 0,kD: 1, Limit: -1, Time Constant: 0
[gzserver-2] 	Position XY:
[gzserver-2] 		kP: 1.1, kI: 0,kD: 0, Limit: 5, Time Constant: 0
[gzserver-2] 	Position Z:
[gzserver-2] 		kP: 1, kI: 0,kD: 0.2, Limit: -1, Time Constant: 0
[gzserver-2] [INFO] [1773156710.867034513] [drone.simple_drone]: The drone plugin finished loading!
[INFO] [spawn_drone-5]: process has finished cleanly [pid 2338107]
[gzserver-2] [INFO] [1773156718.046089579] [gazebo_wind_plugin_node]: WindPlugin: set wind_speed=0.00 wind_direction=0.0
[gzserver-2] [INFO] [1773156718.305879155] [gazebo_wind_plugin_node]: WindPlugin: set wind_speed=0.00 wind_direction=0.0
[gzserver-2] [INFO] [1773156718.338911670] [drone.simple_drone]: Quadrotor takes off!!
[gzserver-2] [INFO] [1773156718.540101342] [gazebo_wind_plugin_node]: WindPlugin: set wind_speed=0.00 wind_direction=0.0
[gzserver-2] [INFO] [1773156718.773806132] [gazebo_wind_plugin_node]: WindPlugin: set wind_speed=0.00 wind_direction=0.0
[gzserver-2] [INFO] [1773156719.002828698] [gazebo_wind_plugin_node]: WindPlugin: set wind_speed=0.00 wind_direction=0.0
[gzserver-2] [INFO] [1773156719.236416402] [gazebo_wind_plugin_node]: WindPlugin: set wind_speed=0.00 wind_direction=0.0
[gzserver-2] [INFO] [1773156719.478359959] [gazebo_wind_plugin_node]: WindPlugin: set wind_speed=0.00 wind_direction=0.0
[gzserver-2] [INFO] [1773156719.707519269] [gazebo_wind_plugin_node]: WindPlugin: set wind_speed=0.00 wind_direction=0.0
[gzserver-2] [INFO] [1773156719.946887443] [gazebo_wind_plugin_node]: WindPlugin: set wind_speed=0.00 wind_direction=0.0
[gzserver-2] [INFO] [1773156720.186341404] [gazebo_wind_plugin_node]: WindPlugin: set wind_speed=0.00 wind_direction=0.0
[gzserver-2] [0m[1;36m[Dbg] [wind_plugin.cpp:110] [0m[1;36mWindPlugin: received command -> speed=[0m[1;36m0[0m[1;36m dir=[0m[1;36m0[0m[1;36m
[gzserver-2] [0m[1;36m[Dbg] [wind_plugin.cpp:110] [0m[1;36mWindPlugin: received command -> speed=[0m[1;36m0[0m[1;36m dir=[0m[1;36m0[0m[1;36m
[gzserver-2] [0m[1;36m[Dbg] [wind_plugin.cpp:110] [0m[1;36mWindPlugin: received command -> speed=[0m[1;36m0[0m[1;36m dir=[0m[1;36m0[0m[1;36m
[gzserver-2] [0m[1;36m[Dbg] [wind_plugin.cpp:110] [0m[1;36mWindPlugin: received command -> speed=[0m[1;36m0[0m[1;36m dir=[0m[1;36m0[0m[1;36m
[gzserver-2] [0m[1;36m[Dbg] [wind_plugin.cpp:110] [0m[1;36mWindPlugin: received command -> speed=[0m[1;36m0[0m[1;36m dir=[0m[1;36m0[0m[1;36m
[gzserver-2] [0m[1;36m[Dbg] [wind_plugin.cpp:110] [0m[1;36mWindPlugin: received command -> speed=[0m[1;36m0[0m[1;36m dir=[0m[1;36m0[0m[1;36m
[gzserver-2] [0m[1;36m[Dbg] [wind_plugin.cpp:110] [0m[1;36mWindPlugin: received command -> speed=[0m[1;36m0[0m[1;36m dir=[0m[1;36m0[0m[1;36m
[gzserver-2] [0m[1;36m[Dbg] [wind_plugin.cpp:110] [0m[1;36mWindPlugin: received command -> speed=[0m[1;36m0[0m[1;36m dir=[0m[1;36m0[0m[1;36m
[gzserver-2] [0m[1;36m[Dbg] [wind_plugin.cpp:110] [0m[1;36mWindPlugin: received command -> speed=[0m[1;36m0[0m[1;36m dir=[0m[1;36m0[0m[1;36m
[gzserver-2] [0m[1;36m[Dbg] [wind_plugin.cpp:110] [0m[1;36mWindPlugin: received command -> speed=[0m[1;36m0[0m[1;36m dir=[0m[1;36m0[0m[1;36m
[gzserver-2] [0mEntering flying model!
[gzserver-2] [INFO] [1773156720.418117241] [gazebo_wind_plugin_node]: WindPlugin: set wind_speed=0.00 wind_direction=0.0
[gzserver-2] [INFO] [1773156720.653214017] [gazebo_wind_plugin_node]: WindPlugin: set wind_speed=1.17 wind_direction=-38.2
[gzserver-2] [INFO] [1773156720.890496421] [gazebo_wind_plugin_node]: WindPlugin: set wind_speed=1.17 wind_direction=-38.2
[gzserver-2] [INFO] [1773156721.130028103] [gazebo_wind_plugin_node]: WindPlugin: set wind_speed=1.17 wind_direction=-38.2
[gzserver-2] [INFO] [1773156721.369615842] [gazebo_wind_plugin_node]: WindPlugin: set wind_speed=1.17 wind_direction=-38.2
[gzserver-2] [INFO] [1773156721.608717276] [gazebo_wind_plugin_node]: WindPlugin: set wind_speed=0.99 wind_direction=-39.9
[gzserver-2] [INFO] [1773156721.842515393] [gazebo_wind_plugin_node]: WindPlugin: set wind_speed=0.99 wind_direction=-39.9
[gzserver-2] [INFO] [1773156722.084757312] [gazebo_wind_plugin_node]: WindPlugin: set wind_speed=0.99 wind_direction=-39.9
[gzserver-2] [INFO] [1773156722.313455507] [gazebo_wind_plugin_node]: WindPlugin: set wind_speed=0.99 wind_direction=-39.9
[gzserver-2] [INFO] [1773156722.547527673] [gazebo_wind_plugin_node]: WindPlugin: set wind_speed=1.12 wind_direction=-42.3
[gzserver-2] [INFO] [1773156722.777053662] [gazebo_wind_plugin_node]: WindPlugin: set wind_speed=1.12 wind_direction=-42.3
[gzserver-2] [INFO] [1773156723.019429638] [gazebo_wind_plugin_node]: WindPlugin: set wind_speed=1.12 wind_direction=-42.3
[gzserver-2] [INFO] [1773156723.250115997] [gazebo_wind_plugin_node]: WindPlugin: set wind_speed=1.12 wind_direction=-42.3
[gzserver-2] [INFO] [1773156723.484180556] [gazebo_wind_plugin_node]: WindPlugin: set wind_speed=1.12 wind_direction=-42.3
[gzserver-2] [INFO] [1773156723.522260864] [drone.simple_drone]: Quadrotor lands!!
[gzserver-2] [INFO] [1773156723.723716822] [gazebo_wind_plugin_node]: WindPlugin: set wind_speed=1.23 wind_direction=-38.5
[gzserver-2] [INFO] [1773156723.963459001] [gazebo_wind_plugin_node]: WindPlugin: set wind_speed=1.23 wind_direction=-38.5
[gzserver-2] [INFO] [1773156724.204949056] [gazebo_wind_plugin_node]: WindPlugin: set wind_speed=1.23 wind_direction=-38.5
[gzserver-2] [INFO] [1773156724.434724866] [gazebo_wind_plugin_node]: WindPlugin: set wind_speed=1.23 wind_direction=-38.5
[gzserver-2] [1;36m[Dbg] [wind_plugin.cpp:110] [0m[1;36mWindPlugin: received command -> speed=[0m[1;36m0[0m[1;36m dir=[0m[1;36m0[0m[1;36m
[gzserver-2] [0m[1;36m[Dbg] [wind_plugin.cpp:110] [0m[1;36mWindPlugin: received command -> speed=[0m[1;36m1.17009[0m[1;36m dir=[0m[1;36m-38.1918[0m[1;36m
[gzserver-2] [0m[1;36m[Dbg] [wind_plugin.cpp:110] [0m[1;36mWindPlugin: received command -> speed=[0m[1;36m1.17009[0m[1;36m dir=[0m[1;36m-38.1918[0m[1;36m
[gzserver-2] [0m[1;36m[Dbg] [wind_plugin.cpp:110] [0m[1;36mWindPlugin: received command -> speed=[0m[1;36m1.17009[0m[1;36m dir=[0m[1;36m-38.1918[0m[1;36m
[gzserver-2] [0m[1;36m[Dbg] [wind_plugin.cpp:110] [0m[1;36mWindPlugin: received command -> speed=[0m[1;36m1.17009[0m[1;36m dir=[0m[1;36m-38.1918[0m[1;36m
[gzserver-2] [0m[1;36m[Dbg] [wind_plugin.cpp:110] [0m[1;36mWindPlugin: received command -> speed=[0m[1;36m0.987852[0m[1;36m dir=[0m[1;36m-39.9231[0m[1;36m
[gzserver-2] [0m[1;36m[Dbg] [wind_plugin.cpp:110] [0m[1;36mWindPlugin: received command -> speed=[0m[1;36m0.987852[0m[1;36m dir=[0m[1;36m-39.9231[0m[1;36m
[gzserver-2] [0m[1;36m[Dbg] [wind_plugin.cpp:110] [0m[1;36mWindPlugin: received command -> speed=[0m[1;36m0.987852[0m[1;36m dir=[0m[1;36m-39.9231[0m[1;36m
[gzserver-2] [0m[1;36m[Dbg] [wind_plugin.cpp:110] [0m[1;36mWindPlugin: received command -> speed=[0m[1;36m0.987852[0m[1;36m dir=[0m[1;36m-39.9231[0m[1;36m
[gzserver-2] [0m[1;36m[Dbg] [wind_plugin.cpp:110] [0m[1;36mWindPlugin: received command -> speed=[0m[1;36m1.12275[0m[1;36m dir=[0m[1;36m-42.269[0m[1;36m
[gzserver-2] [0m[1;36m[Dbg] [wind_plugin.cpp:110] [0m[1;36mWindPlugin: received command -> speed=[0m[1;36m1.12275[0m[1;36m dir=[0m[1;36m-42.269[0m[1;36m
[gzserver-2] [0m[1;36m[Dbg] [wind_plugin.cpp:110] [0m[1;36mWindPlugin: received command -> speed=[0m[1;36m1.12275[0m[1;36m dir=[0m[1;36m-42.269[0m[1;36m
[gzserver-2] [0m[1;36m[Dbg] [wind_plugin.cpp:110] [0m[1;36mWindPlugin: received command -> speed=[0m[1;36m1.12275[0m[1;36m dir=[0m[1;36m-42.269[0m[1;36m
[gzserver-2] [0m[1;36m[Dbg] [wind_plugin.cpp:110] [0m[1;36mWindPlugin: received command -> speed=[0m[1;36m1.12275[0m[1;36m dir=[0m[1;36m-42.269[0m[1;36m
[gzserver-2] [0m[1;36m[Dbg] [wind_plugin.cpp:110] [0m[1;36mWindPlugin: received command -> speed=[0m[1;36m1.23025[0m[1;36m dir=[0m[1;36m-38.5354[0m[1;36m
[gzserver-2] [0m[1;36m[Dbg] [wind_plugin.cpp:110] [0m[1;36mWindPlugin: received command -> speed=[0m[1;36m1.23025[0m[1;36m dir=[0m[1;36m-38.5354[0m[1;36m
[gzserver-2] [0m[1;36m[Dbg] [wind_plugin.cpp:110] [0m[1;36mWindPlugin: received command -> speed=[0m[1;36m1.23025[0m[1;36m dir=[0m[1;36m-38.5354[0m[1;36m
[gzserver-2] [0m[1;36m[Dbg] [wind_plugin.cpp:110] [0m[1;36mWindPlugin: received command -> speed=[0m[1;36m1.23025[0m[1;36m dir=[0m[1;36m-38.5354[0m[1;36m
[gzserver-2] [0mLanded!
[gzserver-2] [INFO] [1773156724.671326806] [gazebo_wind_plugin_node]: WindPlugin: set wind_speed=1.02 wind_direction=-40.5
[gzserver-2] [INFO] [1773156724.910802964] [gazebo_wind_plugin_node]: WindPlugin: set wind_speed=1.02 wind_direction=-40.5
[gzserver-2] [INFO] [1773156725.150276005] [gazebo_wind_plugin_node]: WindPlugin: set wind_speed=1.02 wind_direction=-40.5
[gzserver-2] [INFO] [1773156725.383971693] [gazebo_wind_plugin_node]: WindPlugin: set wind_speed=1.02 wind_direction=-40.5
[gzserver-2] [INFO] [1773156725.623081948] [gazebo_wind_plugin_node]: WindPlugin: set wind_speed=1.00 wind_direction=-41.2
[gzserver-2] [INFO] [1773156725.864936493] [gazebo_wind_plugin_node]: WindPlugin: set wind_speed=1.00 wind_direction=-41.2
[gzserver-2] [INFO] [1773156726.104472265] [gazebo_wind_plugin_node]: WindPlugin: set wind_speed=1.00 wind_direction=-41.2
[gzserver-2] [INFO] [1773156726.343274489] [gazebo_wind_plugin_node]: WindPlugin: set wind_speed=1.00 wind_direction=-41.2
