[INFO] [launch]: All log files can be found below /home/j/.ros/log/2026-03-10-15-18-07-091939-j-2801879
[INFO] [launch]: Default logging verbosity is set to INFO
[INFO] [launch.user]: [bringup] Apriltag config: camera=/drone/bottom, image=/drone/bottom/image_raw, tags=/drone/bottom/tags, bridge=/landing_tag_state, standalone=true, use_target_id=true, target_id=0
[INFO] [rviz2-1]: process started with pid [2801884]
[INFO] [gzserver-2]: process started with pid [2801886]
[INFO] [robot_state_publisher-3]: process started with pid [2801888]
[INFO] [joint_state_publisher-4]: process started with pid [2801890]
[INFO] [spawn_drone-5]: process started with pid [2801892]
[INFO] [static_transform_publisher-6]: process started with pid [2801894]
[INFO] [joy_node-7]: process started with pid [2801896]
[INFO] [teleop_joystick-8]: process started with pid [2801898]
[INFO] [apriltag_detector_node-9]: process started with pid [2801900]
[INFO] [apriltag_state_bridge-10]: process started with pid [2801903]
[static_transform_publisher-6] [WARN] [1773123487.561334075] []: Old-style arguments are deprecated; see --help for new-style arguments
[static_transform_publisher-6] [INFO] [1773123487.568512443] [static_transform_publisher_EtYfKAPSAGKO7JKV]: Spinning until stopped - publishing transform
[static_transform_publisher-6] translation: ('0.000000', '0.000000', '0.000000')
[static_transform_publisher-6] rotation: ('0.000000', '0.000000', '0.000000', '1.000000')
[static_transform_publisher-6] from 'world' to '/drone/odom'
[robot_state_publisher-3] [INFO] [1773123487.596823764] [drone.robot_state_publisher]: got segment base_footprint
[robot_state_publisher-3] [INFO] [1773123487.596923214] [drone.robot_state_publisher]: got segment base_link
[robot_state_publisher-3] [INFO] [1773123487.596936332] [drone.robot_state_publisher]: got segment bottom_cam_link
[robot_state_publisher-3] [INFO] [1773123487.596944451] [drone.robot_state_publisher]: got segment front_cam_link
[robot_state_publisher-3] [INFO] [1773123487.596951711] [drone.robot_state_publisher]: got segment sonar_link
[rviz2-1] 
[rviz2-1] (rviz2:2801884): dbind-WARNING **: 15:18:07.599: Couldn't connect to accessibility bus: Failed to connect to socket /root/.cache/at-spi/bus_0: 허가 거부
[teleop_joystick-8] Traceback (most recent call last):
[teleop_joystick-8]   File "/home/j/INCSL/IICC26_ws/install/sjtu_drone_control/lib/sjtu_drone_control/teleop_joystick", line 33, in <module>
[teleop_joystick-8]     sys.exit(load_entry_point('sjtu_drone_control==0.0.0', 'console_scripts', 'teleop_joystick')())
[teleop_joystick-8]   File "/home/j/INCSL/IICC26_ws/install/sjtu_drone_control/lib/sjtu_drone_control/teleop_joystick", line 22, in importlib_load_entry_point
[teleop_joystick-8]     for entry_point in distribution(dist_name).entry_points
[teleop_joystick-8]   File "/usr/lib/python3.10/importlib/metadata/__init__.py", line 969, in distribution
[teleop_joystick-8]     return Distribution.from_name(distribution_name)
[teleop_joystick-8]   File "/usr/lib/python3.10/importlib/metadata/__init__.py", line 548, in from_name
[teleop_joystick-8]     raise PackageNotFoundError(name)
[teleop_joystick-8] importlib.metadata.PackageNotFoundError: No package metadata was found for sjtu_drone_control
[apriltag_detector_node-9] [INFO] [1773123487.616249948] [apriltag_detector_node]: tag detector type: umich
[ERROR] [teleop_joystick-8]: process has died [pid 2801898, exit code 1, cmd '/home/j/INCSL/IICC26_ws/install/sjtu_drone_control/lib/sjtu_drone_control/teleop_joystick --ros-args -r __ns:=/drone'].
[gzserver-2] Gazebo multi-robot simulator, version 11.10.2
[gzserver-2] Copyright (C) 2012 Open Source Robotics Foundation.
[gzserver-2] Released under the Apache 2 License.
[gzserver-2] http://gazebosim.org
[gzserver-2] 
[apriltag_state_bridge-10] [INFO] [1773123487.798343504] [apriltag_state_bridge]: AprilTag bridge started: /drone/bottom/tags -> /landing_tag_state, use_target_id=True, target_id=0
[joint_state_publisher-4] [INFO] [1773123487.834688970] [drone.joint_state_publisher]: Waiting for robot_description to be published on the robot_description topic...
[gzserver-2] [1;33m[Wrn] [gazebo_ros_init.cpp:178] [0m[1;33m
[gzserver-2] #     # ####### ####### ###  #####  #######
[gzserver-2] ##    # #     #    #     #  #     # #
[gzserver-2] # #   # #     #    #     #  #       #
[gzserver-2] #  #  # #     #    #     #  #       #####
[gzserver-2] #   # # #     #    #     #  #       #
[gzserver-2] #    ## #     #    #     #  #     # #
[gzserver-2] #     # #######    #    ###  #####  #######
[gzserver-2] 
[gzserver-2] This version of Gazebo, now called Gazebo classic, reaches end-of-life
[gzserver-2] in January 2025. Users are highly encouraged to migrate to the new Gazebo
[gzserver-2] using our migration guides (https://gazebosim.org/docs/latest/gazebo_classic_migration?utm_source=gazebo_ros_pkgs&utm_medium=cli)
[gzserver-2] 
[gzserver-2] [0m[1;33m
[rviz2-1] [INFO] [1773123488.363536845] [rviz2]: Stereo is NOT SUPPORTED
[rviz2-1] [INFO] [1773123488.363627949] [rviz2]: OpenGl version: 4.6 (GLSL 4.6)
[rviz2-1] [INFO] [1773123488.443879504] [rviz2]: Stereo is NOT SUPPORTED
[rviz2-1] [INFO] [1773123488.535534880] [rviz2]: Stereo is NOT SUPPORTED
[spawn_drone-5] [INFO] [1773123488.921056903] [spawn_drone]: Result False Entity pushed to spawn queue, but spawn service timed outwaiting for entity to appear in simulation under the name [/drone]
[gzserver-2] [1;32m[Msg] [0m[1;32mWaiting for master.[0m[1;32m
[gzserver-2] [0m[1;32m[0m[1;32m[0m[1;32m[Msg] [0m[1;32mConnected to gazebo master @ [0m[1;32mhttp://127.0.0.1:11345[0m[1;32m
[gzserver-2] [0m[1;32m[0m[1;32m[0m[1;32m[Msg] [0m[1;32mPublicized address: [0m[1;32m172.16.52.147[0m[1;32m
[gzserver-2] [0m[1;32m[0m[1;32m[0m[1;32m[Msg] [0m[1;32mLoading world file [[0m[1;32m/home/j/INCSL/IICC26_ws/install/sjtu_drone_description/share/sjtu_drone_description/worlds/landingPad.world[0m[1;32m][0m[1;32m
[gzserver-2] [0m[1;32m[0m[1;32m[0m[1;36m[Dbg] [wind_plugin.cpp:96] [0m[1;36mWindPlugin loaded: speed=[0m[1;36m0[0m[1;36m dir=[0m[1;36m0[0m[1;36m deg area=[0m[1;36m0.1[0m[1;36m coeff=[0m[1;36m1[0m[1;36m
[gzserver-2] [0m[1;33m[0m[1;33m[0m[1;31m[Err] [Sensor.cc:510] [0m[1;31mGet noise index not valid[0m[1;31m
[gzserver-2] [0m[1;31m[0m[1;31m[0m[1;31m[Err] [Sensor.cc:510] [0m[1;31mGet noise index not valid[0m[1;31m
[gzserver-2] [0m[1;31m[0m[1;31m[0m[1;31m[Err] [Sensor.cc:510] [0m[1;31mGet noise index not valid[0m[1;31m
[gzserver-2] [0m[1;31m[0m[1;31m[0m[1;31m[Err] [Sensor.cc:510] [0m[1;31mGet noise index not valid[0m[1;31m
[gzserver-2] [0m[1;31m[0m[1;31m[0m[1;31m[Err] [Sensor.cc:510] [0m[1;31mGet noise index not valid[0m[1;31m
[gzserver-2] [0m[1;31m[0m[1;31m[0m[1;31m[Err] [Sensor.cc:510] [0m[1;31mGet noise index not valid[0m[1;31m
[gzserver-2] [0m[1;31m[0m[1;31m[0mTopic [default//drone/base_footprint/down_camera/image] is not valid.
[gzserver-2] [INFO] [1773123488.952512113] [drone.collision_plugin]: Publishing contact states to [/drone/bumper_states]
[gzserver-2] Topic [default//drone/base_footprint/front_camera/image] is not valid.
[gzserver-2] [1;33m[Wrn] [Event.cc:61] [0m[1;33mWarning: Deleting a connection right after creation. [0m[1;33mMake sure to save the ConnectionPtr from a Connect call
[INFO] [spawn_drone-5]: process has finished cleanly [pid 2801892]
[gzserver-2] [0m[INFO] [1773123489.544541132] [drone.camera_bottom]: Publishing camera info to [/drone/bottom/camera_info]
[gzserver-2] [INFO] [1773123489.547505270] [drone.camera_front]: Publishing camera info to [/drone/front/camera_info]
[gzserver-2] [INFO] [1773123489.669595471] [drone.simple_drone]: The drone plugin is loading!
[gzserver-2] [INFO] [1773123489.669789840] [drone.simple_drone]: pub_odom: 1
[gzserver-2] [INFO] [1773123489.669821586] [drone.simple_drone]: Using following parameters: 
[gzserver-2] 		link_name: base_footprint,
[gzserver-2] 		max_force: 30,
[gzserver-2] 		motion_small_noise: 0,
[gzserver-2] 		motion_drift_noise: 0,
[gzserver-2] 		motion_drift_noise_time: 50,
[gzserver-2] 		takeoff_hover_height: 2.28,
[gzserver-2] 		takeoff_vertical_speed: 0.2
[gzserver-2] [INFO] [1773123489.681450545] [drone.simple_drone]: Using the PID parameters: 
[gzserver-2] 	Roll Pitch:
[gzserver-2] 		kP: 10, kI: 0,kD: 5, Limit: 0.5, Time Constant: 0
[gzserver-2] 	Yaw:
[gzserver-2] 		kP: 2, kI: 0,kD: 1, Limit: 1.5, Time Constant: 0
[gzserver-2] 	Velocity X:
[gzserver-2] 		kP: 5, kI: 0,kD: 2.3, Limit: 2, Time Constant: 0
[gzserver-2] 	Velocity Y:
[gzserver-2] 		kP: 5, kI: 0,kD: 2.3, Limit: 2, Time Constant: 0
[gzserver-2] 	Velocity Z:
[gzserver-2] 		kP: 5, kI: 0,kD: 1, Limit: -1, Time Constant: 0
[gzserver-2] 	Position XY:
[gzserver-2] 		kP: 1.1, kI: 0,kD: 0, Limit: 5, Time Constant: 0
[gzserver-2] 	Position Z:
[gzserver-2] 		kP: 1, kI: 0,kD: 0.2, Limit: -1, Time Constant: 0
[gzserver-2] [INFO] [1773123489.681587978] [drone.simple_drone]: The drone plugin finished loading!
[gzserver-2] [INFO] [1773123496.936873919] [gazebo_wind_plugin_node]: WindPlugin: set wind_speed=0.00 wind_direction=0.0
[gzserver-2] [INFO] [1773123497.243019909] [gazebo_wind_plugin_node]: WindPlugin: set wind_speed=0.00 wind_direction=0.0
[gzserver-2] [INFO] [1773123497.296139468] [drone.simple_drone]: Quadrotor takes off!!
[gzserver-2] [INFO] [1773123497.509538187] [gazebo_wind_plugin_node]: WindPlugin: set wind_speed=0.00 wind_direction=0.0
[gzserver-2] [INFO] [1773123497.759847367] [gazebo_wind_plugin_node]: WindPlugin: set wind_speed=0.00 wind_direction=0.0
[gzserver-2] [INFO] [1773123498.009068288] [gazebo_wind_plugin_node]: WindPlugin: set wind_speed=0.00 wind_direction=0.0
[gzserver-2] [INFO] [1773123498.263049374] [gazebo_wind_plugin_node]: WindPlugin: set wind_speed=0.00 wind_direction=0.0
[gzserver-2] [INFO] [1773123498.501293751] [gazebo_wind_plugin_node]: WindPlugin: set wind_speed=0.00 wind_direction=0.0
[gzserver-2] [INFO] [1773123498.745153682] [gazebo_wind_plugin_node]: WindPlugin: set wind_speed=0.00 wind_direction=0.0
[gzserver-2] [INFO] [1773123499.006534044] [gazebo_wind_plugin_node]: WindPlugin: set wind_speed=0.00 wind_direction=0.0
[gzserver-2] [0m[1;36m[Dbg] [wind_plugin.cpp:110] [0m[1;36mWindPlugin: received command -> speed=[0m[1;36m0[0m[1;36m dir=[0m[1;36m0[0m[1;36m
[gzserver-2] [0m[1;36m[Dbg] [wind_plugin.cpp:110] [0m[1;36mWindPlugin: received command -> speed=[0m[1;36m0[0m[1;36m dir=[0m[1;36m0[0m[1;36m
[gzserver-2] [0m[1;36m[Dbg] [wind_plugin.cpp:110] [0m[1;36mWindPlugin: received command -> speed=[0m[1;36m0[0m[1;36m dir=[0m[1;36m0[0m[1;36m
[gzserver-2] [0m[1;36m[Dbg] [wind_plugin.cpp:110] [0m[1;36mWindPlugin: received command -> speed=[0m[1;36m0[0m[1;36m dir=[0m[1;36m0[0m[1;36m
[gzserver-2] [0m[1;36m[Dbg] [wind_plugin.cpp:110] [0m[1;36mWindPlugin: received command -> speed=[0m[1;36m0[0m[1;36m dir=[0m[1;36m0[0m[1;36m
[gzserver-2] [0m[1;36m[Dbg] [wind_plugin.cpp:110] [0m[1;36mWindPlugin: received command -> speed=[0m[1;36m0[0m[1;36m dir=[0m[1;36m0[0m[1;36m
[gzserver-2] [0m[1;36m[Dbg] [wind_plugin.cpp:110] [0m[1;36mWindPlugin: received command -> speed=[0m[1;36m0[0m[1;36m dir=[0m[1;36m0[0m[1;36m
[gzserver-2] [0m[1;36m[Dbg] [wind_plugin.cpp:110] [0m[1;36mWindPlugin: received command -> speed=[0m[1;36m0[0m[1;36m dir=[0m[1;36m0[0m[1;36m
[gzserver-2] [0m[1;36m[Dbg] [wind_plugin.cpp:110] [0m[1;36mWindPlugin: received command -> speed=[0m[1;36m0[0m[1;36m dir=[0m[1;36m0[0m[1;36m
[gzserver-2] [0mEntering flying model!
[gzserver-2] [INFO] [1773123499.250561335] [gazebo_wind_plugin_node]: WindPlugin: set wind_speed=0.00 wind_direction=0.0
[gzserver-2] [INFO] [1773123499.498798169] [gazebo_wind_plugin_node]: WindPlugin: set wind_speed=3.13 wind_direction=-65.5
[gzserver-2] [INFO] [1773123499.745048012] [gazebo_wind_plugin_node]: WindPlugin: set wind_speed=3.13 wind_direction=-65.5
[gzserver-2] [INFO] [1773123499.988113538] [gazebo_wind_plugin_node]: WindPlugin: set wind_speed=3.13 wind_direction=-65.5
[gzserver-2] [INFO] [1773123500.227912503] [gazebo_wind_plugin_node]: WindPlugin: set wind_speed=3.13 wind_direction=-65.5
[gzserver-2] [INFO] [1773123500.467720706] [gazebo_wind_plugin_node]: WindPlugin: set wind_speed=3.42 wind_direction=-67.5
[gzserver-2] [INFO] [1773123500.707853106] [gazebo_wind_plugin_node]: WindPlugin: set wind_speed=3.42 wind_direction=-67.5
[gzserver-2] [INFO] [1773123500.937695850] [gazebo_wind_plugin_node]: WindPlugin: set wind_speed=3.42 wind_direction=-67.5
[gzserver-2] [INFO] [1773123501.177269099] [gazebo_wind_plugin_node]: WindPlugin: set wind_speed=3.42 wind_direction=-67.5
[gzserver-2] [INFO] [1773123501.417123512] [gazebo_wind_plugin_node]: WindPlugin: set wind_speed=3.42 wind_direction=-67.5
[gzserver-2] [INFO] [1773123501.660348679] [gazebo_wind_plugin_node]: WindPlugin: set wind_speed=3.16 wind_direction=-62.3
[gzserver-2] [INFO] [1773123501.900547694] [gazebo_wind_plugin_node]: WindPlugin: set wind_speed=3.16 wind_direction=-62.3
[gzserver-2] [INFO] [1773123502.143476994] [gazebo_wind_plugin_node]: WindPlugin: set wind_speed=3.16 wind_direction=-62.3
[gzserver-2] [INFO] [1773123502.384065749] [gazebo_wind_plugin_node]: WindPlugin: set wind_speed=3.16 wind_direction=-62.3
[gzserver-2] [INFO] [1773123502.629729456] [gazebo_wind_plugin_node]: WindPlugin: set wind_speed=3.52 wind_direction=-66.0
[gzserver-2] [INFO] [1773123502.880310465] [gazebo_wind_plugin_node]: WindPlugin: set wind_speed=3.52 wind_direction=-66.0
[gzserver-2] [INFO] [1773123503.130047263] [gazebo_wind_plugin_node]: WindPlugin: set wind_speed=3.52 wind_direction=-66.0
[gzserver-2] [INFO] [1773123503.369766840] [gazebo_wind_plugin_node]: WindPlugin: set wind_speed=3.52 wind_direction=-66.0
[gzserver-2] [INFO] [1773123503.609657926] [gazebo_wind_plugin_node]: WindPlugin: set wind_speed=3.28 wind_direction=-64.9
[gzserver-2] [INFO] [1773123503.849402528] [gazebo_wind_plugin_node]: WindPlugin: set wind_speed=3.28 wind_direction=-64.9
[gzserver-2] [INFO] [1773123503.905675149] [drone.simple_drone]: Quadrotor lands!!
[gzserver-2] [INFO] [1773123504.115161172] [gazebo_wind_plugin_node]: WindPlugin: set wind_speed=3.28 wind_direction=-64.9
[gzserver-2] [INFO] [1773123504.375539860] [gazebo_wind_plugin_node]: WindPlugin: set wind_speed=3.28 wind_direction=-64.9
[gzserver-2] [INFO] [1773123504.626400771] [gazebo_wind_plugin_node]: WindPlugin: set wind_speed=3.41 wind_direction=-63.2
[gzserver-2] [INFO] [1773123504.860029089] [gazebo_wind_plugin_node]: WindPlugin: set wind_speed=3.41 wind_direction=-63.2
[gzserver-2] [1;36m[Dbg] [wind_plugin.cpp:110] [0m[1;36mWindPlugin: received command -> speed=[0m[1;36m0[0m[1;36m dir=[0m[1;36m0[0m[1;36m
[gzserver-2] [0m[1;36m[Dbg] [wind_plugin.cpp:110] [0m[1;36mWindPlugin: received command -> speed=[0m[1;36m3.13471[0m[1;36m dir=[0m[1;36m-65.4711[0m[1;36m
[gzserver-2] [0m[1;36m[Dbg] [wind_plugin.cpp:110] [0m[1;36mWindPlugin: received command -> speed=[0m[1;36m3.13471[0m[1;36m dir=[0m[1;36m-65.4711[0m[1;36m
[gzserver-2] [0m[1;36m[Dbg] [wind_plugin.cpp:110] [0m[1;36mWindPlugin: received command -> speed=[0m[1;36m3.13471[0m[1;36m dir=[0m[1;36m-65.4711[0m[1;36m
[gzserver-2] [0m[1;36m[Dbg] [wind_plugin.cpp:110] [0m[1;36mWindPlugin: received command -> speed=[0m[1;36m3.13471[0m[1;36m dir=[0m[1;36m-65.4711[0m[1;36m
[gzserver-2] [0m[1;36m[Dbg] [wind_plugin.cpp:110] [0m[1;36mWindPlugin: received command -> speed=[0m[1;36m3.42319[0m[1;36m dir=[0m[1;36m-67.4956[0m[1;36m
[gzserver-2] [0m[1;36m[Dbg] [wind_plugin.cpp:110] [0m[1;36mWindPlugin: received command -> speed=[0m[1;36m3.42319[0m[1;36m dir=[0m[1;36m-67.4956[0m[1;36m
[gzserver-2] [0m[1;36m[Dbg] [wind_plugin.cpp:110] [0m[1;36mWindPlugin: received command -> speed=[0m[1;36m3.42319[0m[1;36m dir=[0m[1;36m-67.4956[0m[1;36m
[gzserver-2] [0m[1;36m[Dbg] [wind_plugin.cpp:110] [0m[1;36mWindPlugin: received command -> speed=[0m[1;36m3.42319[0m[1;36m dir=[0m[1;36m-67.4956[0m[1;36m
[gzserver-2] [0m[1;36m[Dbg] [wind_plugin.cpp:110] [0m[1;36mWindPlugin: received command -> speed=[0m[1;36m3.42319[0m[1;36m dir=[0m[1;36m-67.4956[0m[1;36m
[gzserver-2] [0m[1;36m[Dbg] [wind_plugin.cpp:110] [0m[1;36mWindPlugin: received command -> speed=[0m[1;36m3.1615[0m[1;36m dir=[0m[1;36m-62.3499[0m[1;36m
[gzserver-2] [0m[1;36m[Dbg] [wind_plugin.cpp:110] [0m[1;36mWindPlugin: received command -> speed=[0m[1;36m3.1615[0m[1;36m dir=[0m[1;36m-62.3499[0m[1;36m
[gzserver-2] [0m[1;36m[Dbg] [wind_plugin.cpp:110] [0m[1;36mWindPlugin: received command -> speed=[0m[1;36m3.1615[0m[1;36m dir=[0m[1;36m-62.3499[0m[1;36m
[gzserver-2] [0m[1;36m[Dbg] [wind_plugin.cpp:110] [0m[1;36mWindPlugin: received command -> speed=[0m[1;36m3.1615[0m[1;36m dir=[0m[1;36m-62.3499[0m[1;36m
[gzserver-2] [0m[1;36m[Dbg] [wind_plugin.cpp:110] [0m[1;36mWindPlugin: received command -> speed=[0m[1;36m3.51711[0m[1;36m dir=[0m[1;36m-65.9724[0m[1;36m
[gzserver-2] [0m[1;36m[Dbg] [wind_plugin.cpp:110] [0m[1;36mWindPlugin: received command -> speed=[0m[1;36m3.51711[0m[1;36m dir=[0m[1;36m-65.9724[0m[1;36m
[gzserver-2] [0m[1;36m[Dbg] [wind_plugin.cpp:110] [0m[1;36mWindPlugin: received command -> speed=[0m[1;36m3.51711[0m[1;36m dir=[0m[1;36m-65.9724[0m[1;36m
[gzserver-2] [0m[1;36m[Dbg] [wind_plugin.cpp:110] [0m[1;36mWindPlugin: received command -> speed=[0m[1;36m3.51711[0m[1;36m dir=[0m[1;36m-65.9724[0m[1;36m
[gzserver-2] [0m[1;36m[Dbg] [wind_plugin.cpp:110] [0m[1;36mWindPlugin: received command -> speed=[0m[1;36m3.28245[0m[1;36m dir=[0m[1;36m-64.8792[0m[1;36m
[gzserver-2] [0m[1;36m[Dbg] [wind_plugin.cpp:110] [0m[1;36mWindPlugin: received command -> speed=[0m[1;36m3.28245[0m[1;36m dir=[0m[1;36m-64.8792[0m[1;36m
[gzserver-2] [0m[1;36m[Dbg] [wind_plugin.cpp:110] [0m[1;36mWindPlugin: received command -> speed=[0m[1;36m3.28245[0m[1;36m dir=[0m[1;36m-64.8792[0m[1;36m
[gzserver-2] [0m[1;36m[Dbg] [wind_plugin.cpp:110] [0m[1;36mWindPlugin: received command -> speed=[0m[1;36m3.28245[0m[1;36m dir=[0m[1;36m-64.8792[0m[1;36m
[gzserver-2] [0m[1;36m[Dbg] [wind_plugin.cpp:110] [0m[1;36mWindPlugin: received command -> speed=[0m[1;36m3.41121[0m[1;36m dir=[0m[1;36m-63.176[0m[1;36m
[gzserver-2] [0m[1;36m[Dbg] [wind_plugin.cpp:110] [0m[1;36mWindPlugin: received command -> speed=[0m[1;36m3.41121[0m[1;36m dir=[0m[1;36m-63.176[0m[1;36m
[gzserver-2] [0mLanded!
[gzserver-2] [INFO] [1773123505.106654046] [gazebo_wind_plugin_node]: WindPlugin: set wind_speed=3.41 wind_direction=-63.2
[gzserver-2] [INFO] [1773123505.352207625] [gazebo_wind_plugin_node]: WindPlugin: set wind_speed=3.41 wind_direction=-63.2
[gzserver-2] [INFO] [1773123505.586682558] [gazebo_wind_plugin_node]: WindPlugin: set wind_speed=3.30 wind_direction=-63.0
[gzserver-2] [INFO] [1773123505.826956223] [gazebo_wind_plugin_node]: WindPlugin: set wind_speed=3.30 wind_direction=-63.0
[gzserver-2] [INFO] [1773123506.062494393] [gazebo_wind_plugin_node]: WindPlugin: set wind_speed=3.30 wind_direction=-63.0
[gzserver-2] [INFO] [1773123506.297437544] [gazebo_wind_plugin_node]: WindPlugin: set wind_speed=3.30 wind_direction=-63.0
[gzserver-2] [INFO] [1773123506.537250769] [gazebo_wind_plugin_node]: WindPlugin: set wind_speed=3.37 wind_direction=-62.6
[gzserver-2] [INFO] [1773123506.769257871] [gazebo_wind_plugin_node]: WindPlugin: set wind_speed=3.37 wind_direction=-62.6
