[INFO] [launch]: All log files can be found below /home/j/.ros/log/2026-03-10-15-21-17-241076-j-2831545
[INFO] [launch]: Default logging verbosity is set to INFO
[INFO] [launch.user]: [bringup] Apriltag config: camera=/drone/bottom, image=/drone/bottom/image_raw, tags=/drone/bottom/tags, bridge=/landing_tag_state, standalone=true, use_target_id=true, target_id=0
[INFO] [rviz2-1]: process started with pid [2831548]
[INFO] [gzserver-2]: process started with pid [2831550]
[INFO] [robot_state_publisher-3]: process started with pid [2831552]
[INFO] [joint_state_publisher-4]: process started with pid [2831554]
[INFO] [spawn_drone-5]: process started with pid [2831556]
[INFO] [static_transform_publisher-6]: process started with pid [2831558]
[INFO] [joy_node-7]: process started with pid [2831560]
[INFO] [teleop_joystick-8]: process started with pid [2831562]
[INFO] [apriltag_detector_node-9]: process started with pid [2831564]
[INFO] [apriltag_state_bridge-10]: process started with pid [2831567]
[static_transform_publisher-6] [WARN] [1773123677.708581241] []: Old-style arguments are deprecated; see --help for new-style arguments
[static_transform_publisher-6] [INFO] [1773123677.714644460] [static_transform_publisher_pjkKMXZMb7Cd2W24]: Spinning until stopped - publishing transform
[static_transform_publisher-6] translation: ('0.000000', '0.000000', '0.000000')
[static_transform_publisher-6] rotation: ('0.000000', '0.000000', '0.000000', '1.000000')
[static_transform_publisher-6] from 'world' to '/drone/odom'
[robot_state_publisher-3] [INFO] [1773123677.731231628] [drone.robot_state_publisher]: got segment base_footprint
[robot_state_publisher-3] [INFO] [1773123677.731295036] [drone.robot_state_publisher]: got segment base_link
[robot_state_publisher-3] [INFO] [1773123677.731300853] [drone.robot_state_publisher]: got segment bottom_cam_link
[robot_state_publisher-3] [INFO] [1773123677.731304227] [drone.robot_state_publisher]: got segment front_cam_link
[robot_state_publisher-3] [INFO] [1773123677.731306997] [drone.robot_state_publisher]: got segment sonar_link
[rviz2-1] 
[rviz2-1] (rviz2:2831548): dbind-WARNING **: 15:21:17.746: Couldn't connect to accessibility bus: Failed to connect to socket /root/.cache/at-spi/bus_0: 허가 거부
[teleop_joystick-8] Traceback (most recent call last):
[teleop_joystick-8]   File "/home/j/INCSL/IICC26_ws/install/sjtu_drone_control/lib/sjtu_drone_control/teleop_joystick", line 33, in <module>
[teleop_joystick-8]     sys.exit(load_entry_point('sjtu_drone_control==0.0.0', 'console_scripts', 'teleop_joystick')())
[teleop_joystick-8]   File "/home/j/INCSL/IICC26_ws/install/sjtu_drone_control/lib/sjtu_drone_control/teleop_joystick", line 22, in importlib_load_entry_point
[teleop_joystick-8]     for entry_point in distribution(dist_name).entry_points
[teleop_joystick-8]   File "/usr/lib/python3.10/importlib/metadata/__init__.py", line 969, in distribution
[teleop_joystick-8]     return Distribution.from_name(distribution_name)
[teleop_joystick-8]   File "/usr/lib/python3.10/importlib/metadata/__init__.py", line 548, in from_name
[teleop_joystick-8]     raise PackageNotFoundError(name)
[teleop_joystick-8] importlib.metadata.PackageNotFoundError: No package metadata was found for sjtu_drone_control
[apriltag_detector_node-9] [INFO] [1773123677.761623910] [apriltag_detector_node]: tag detector type: umich
[ERROR] [teleop_joystick-8]: process has died [pid 2831562, exit code 1, cmd '/home/j/INCSL/IICC26_ws/install/sjtu_drone_control/lib/sjtu_drone_control/teleop_joystick --ros-args -r __ns:=/drone'].
[gzserver-2] Gazebo multi-robot simulator, version 11.10.2
[gzserver-2] Copyright (C) 2012 Open Source Robotics Foundation.
[gzserver-2] Released under the Apache 2 License.
[gzserver-2] http://gazebosim.org
[gzserver-2] 
[apriltag_state_bridge-10] [INFO] [1773123677.945826234] [apriltag_state_bridge]: AprilTag bridge started: /drone/bottom/tags -> /landing_tag_state, use_target_id=True, target_id=0
[joint_state_publisher-4] [INFO] [1773123677.990536358] [drone.joint_state_publisher]: Waiting for robot_description to be published on the robot_description topic...
[gzserver-2] [1;33m[Wrn] [gazebo_ros_init.cpp:178] [0m[1;33m
[gzserver-2] #     # ####### ####### ###  #####  #######
[gzserver-2] ##    # #     #    #     #  #     # #
[gzserver-2] # #   # #     #    #     #  #       #
[gzserver-2] #  #  # #     #    #     #  #       #####
[gzserver-2] #   # # #     #    #     #  #       #
[gzserver-2] #    ## #     #    #     #  #     # #
[gzserver-2] #     # #######    #    ###  #####  #######
[gzserver-2] 
[gzserver-2] This version of Gazebo, now called Gazebo classic, reaches end-of-life
[gzserver-2] in January 2025. Users are highly encouraged to migrate to the new Gazebo
[gzserver-2] using our migration guides (https://gazebosim.org/docs/latest/gazebo_classic_migration?utm_source=gazebo_ros_pkgs&utm_medium=cli)
[gzserver-2] 
[gzserver-2] [0m[1;33m
[rviz2-1] [INFO] [1773123678.463777524] [rviz2]: Stereo is NOT SUPPORTED
[rviz2-1] [INFO] [1773123678.463873610] [rviz2]: OpenGl version: 4.6 (GLSL 4.6)
[rviz2-1] [INFO] [1773123678.511538590] [rviz2]: Stereo is NOT SUPPORTED
[rviz2-1] [INFO] [1773123678.640120038] [rviz2]: Stereo is NOT SUPPORTED
[spawn_drone-5] [INFO] [1773123679.120662934] [spawn_drone]: Result False Entity pushed to spawn queue, but spawn service timed outwaiting for entity to appear in simulation under the name [/drone]
[gzserver-2] [1;32m[Msg] [0m[1;32mWaiting for master.[0m[1;32m
[gzserver-2] [0m[1;32m[0m[1;32m[0m[1;32m[Msg] [0m[1;32mConnected to gazebo master @ [0m[1;32mhttp://127.0.0.1:11345[0m[1;32m
[gzserver-2] [0m[1;32m[0m[1;32m[0m[1;32m[Msg] [0m[1;32mPublicized address: [0m[1;32m172.16.52.147[0m[1;32m
[gzserver-2] [0m[1;32m[0m[1;32m[0m[1;32m[Msg] [0m[1;32mLoading world file [[0m[1;32m/home/j/INCSL/IICC26_ws/install/sjtu_drone_description/share/sjtu_drone_description/worlds/landingPad.world[0m[1;32m][0m[1;32m
[gzserver-2] [0m[1;32m[0m[1;32m[0m[1;36m[Dbg] [wind_plugin.cpp:96] [0m[1;36mWindPlugin loaded: speed=[0m[1;36m0[0m[1;36m dir=[0m[1;36m0[0m[1;36m deg area=[0m[1;36m0.1[0m[1;36m coeff=[0m[1;36m1[0m[1;36m
[gzserver-2] [0m[1;33m[0m[1;33m[0m[1;31m[Err] [Sensor.cc:510] [0m[1;31mGet noise index not valid[0m[1;31m
[gzserver-2] [0m[1;31m[0m[1;31m[0m[1;31m[Err] [Sensor.cc:510] [0m[1;31mGet noise index not valid[0m[1;31m
[gzserver-2] [0m[1;31m[0m[1;31m[0m[1;31m[Err] [Sensor.cc:510] [0m[1;31mGet noise index not valid[0m[1;31m
[gzserver-2] [0m[1;31m[0m[1;31m[0m[1;31m[Err] [Sensor.cc:510] [0m[1;31mGet noise index not valid[0m[1;31m
[gzserver-2] [0m[1;31m[0m[1;31m[0m[1;31m[Err] [Sensor.cc:510] [0m[1;31mGet noise index not valid[0m[1;31m
[gzserver-2] [0m[1;31m[0m[1;31m[0m[1;31m[Err] [Sensor.cc:510] [0m[1;31mGet noise index not valid[0m[1;31m
[gzserver-2] [0m[1;31m[0m[1;31m[0mTopic [default//drone/base_footprint/down_camera/image] is not valid.
[gzserver-2] [INFO] [1773123679.154282231] [drone.collision_plugin]: Publishing contact states to [/drone/bumper_states]
[gzserver-2] Topic [default//drone/base_footprint/front_camera/image] is not valid.
[gzserver-2] [1;33m[Wrn] [Event.cc:61] [0m[1;33mWarning: Deleting a connection right after creation. [0m[1;33mMake sure to save the ConnectionPtr from a Connect call
[INFO] [spawn_drone-5]: process has finished cleanly [pid 2831556]
[gzserver-2] [0m[INFO] [1773123679.735680099] [drone.camera_bottom]: Publishing camera info to [/drone/bottom/camera_info]
[gzserver-2] [INFO] [1773123679.738497173] [drone.camera_front]: Publishing camera info to [/drone/front/camera_info]
[gzserver-2] [INFO] [1773123679.860710366] [drone.simple_drone]: The drone plugin is loading!
[gzserver-2] [INFO] [1773123679.860920147] [drone.simple_drone]: pub_odom: 1
[gzserver-2] [INFO] [1773123679.860951650] [drone.simple_drone]: Using following parameters: 
[gzserver-2] 		link_name: base_footprint,
[gzserver-2] 		max_force: 30,
[gzserver-2] 		motion_small_noise: 0,
[gzserver-2] 		motion_drift_noise: 0,
[gzserver-2] 		motion_drift_noise_time: 50,
[gzserver-2] 		takeoff_hover_height: 1.94,
[gzserver-2] 		takeoff_vertical_speed: 0.2
[gzserver-2] [INFO] [1773123679.872966678] [drone.simple_drone]: Using the PID parameters: 
[gzserver-2] 	Roll Pitch:
[gzserver-2] 		kP: 10, kI: 0,kD: 5, Limit: 0.5, Time Constant: 0
[gzserver-2] 	Yaw:
[gzserver-2] 		kP: 2, kI: 0,kD: 1, Limit: 1.5, Time Constant: 0
[gzserver-2] 	Velocity X:
[gzserver-2] 		kP: 5, kI: 0,kD: 2.3, Limit: 2, Time Constant: 0
[gzserver-2] 	Velocity Y:
[gzserver-2] 		kP: 5, kI: 0,kD: 2.3, Limit: 2, Time Constant: 0
[gzserver-2] 	Velocity Z:
[gzserver-2] 		kP: 5, kI: 0,kD: 1, Limit: -1, Time Constant: 0
[gzserver-2] 	Position XY:
[gzserver-2] 		kP: 1.1, kI: 0,kD: 0, Limit: 5, Time Constant: 0
[gzserver-2] 	Position Z:
[gzserver-2] 		kP: 1, kI: 0,kD: 0.2, Limit: -1, Time Constant: 0
[gzserver-2] [INFO] [1773123679.873108844] [drone.simple_drone]: The drone plugin finished loading!
[gzserver-2] [INFO] [1773123687.093039602] [gazebo_wind_plugin_node]: WindPlugin: set wind_speed=0.00 wind_direction=0.0
[gzserver-2] [INFO] [1773123687.413508665] [gazebo_wind_plugin_node]: WindPlugin: set wind_speed=0.00 wind_direction=0.0
[gzserver-2] [INFO] [1773123687.467347728] [drone.simple_drone]: Quadrotor takes off!!
[gzserver-2] [INFO] [1773123687.680385889] [gazebo_wind_plugin_node]: WindPlugin: set wind_speed=0.00 wind_direction=0.0
[gzserver-2] [INFO] [1773123687.931741197] [gazebo_wind_plugin_node]: WindPlugin: set wind_speed=0.00 wind_direction=0.0
[gzserver-2] [INFO] [1773123688.186335707] [gazebo_wind_plugin_node]: WindPlugin: set wind_speed=0.00 wind_direction=0.0
[gzserver-2] [INFO] [1773123688.432358516] [gazebo_wind_plugin_node]: WindPlugin: set wind_speed=0.00 wind_direction=0.0
[gzserver-2] [INFO] [1773123688.673074470] [gazebo_wind_plugin_node]: WindPlugin: set wind_speed=0.00 wind_direction=0.0
[gzserver-2] [INFO] [1773123688.915004549] [gazebo_wind_plugin_node]: WindPlugin: set wind_speed=0.00 wind_direction=0.0
[gzserver-2] [0m[1;36m[Dbg] [wind_plugin.cpp:110] [0m[1;36mWindPlugin: received command -> speed=[0m[1;36m0[0m[1;36m dir=[0m[1;36m0[0m[1;36m
[gzserver-2] [0m[1;36m[Dbg] [wind_plugin.cpp:110] [0m[1;36mWindPlugin: received command -> speed=[0m[1;36m0[0m[1;36m dir=[0m[1;36m0[0m[1;36m
[gzserver-2] [0m[1;36m[Dbg] [wind_plugin.cpp:110] [0m[1;36mWindPlugin: received command -> speed=[0m[1;36m0[0m[1;36m dir=[0m[1;36m0[0m[1;36m
[gzserver-2] [0m[1;36m[Dbg] [wind_plugin.cpp:110] [0m[1;36mWindPlugin: received command -> speed=[0m[1;36m0[0m[1;36m dir=[0m[1;36m0[0m[1;36m
[gzserver-2] [0m[1;36m[Dbg] [wind_plugin.cpp:110] [0m[1;36mWindPlugin: received command -> speed=[0m[1;36m0[0m[1;36m dir=[0m[1;36m0[0m[1;36m
[gzserver-2] [0m[1;36m[Dbg] [wind_plugin.cpp:110] [0m[1;36mWindPlugin: received command -> speed=[0m[1;36m0[0m[1;36m dir=[0m[1;36m0[0m[1;36m
[gzserver-2] [0m[1;36m[Dbg] [wind_plugin.cpp:110] [0m[1;36mWindPlugin: received command -> speed=[0m[1;36m0[0m[1;36m dir=[0m[1;36m0[0m[1;36m
[gzserver-2] [0m[1;36m[Dbg] [wind_plugin.cpp:110] [0m[1;36mWindPlugin: received command -> speed=[0m[1;36m0[0m[1;36m dir=[0m[1;36m0[0m[1;36m
[gzserver-2] [0mEntering flying model!
[gzserver-2] [INFO] [1773123689.144991185] [gazebo_wind_plugin_node]: WindPlugin: set wind_speed=0.00 wind_direction=0.0
[gzserver-2] [INFO] [1773123689.392909697] [gazebo_wind_plugin_node]: WindPlugin: set wind_speed=2.89 wind_direction=-71.3
[gzserver-2] [INFO] [1773123689.634611051] [gazebo_wind_plugin_node]: WindPlugin: set wind_speed=2.74 wind_direction=-73.2
[gzserver-2] [INFO] [1773123689.877853117] [gazebo_wind_plugin_node]: WindPlugin: set wind_speed=2.74 wind_direction=-73.2
[gzserver-2] [INFO] [1773123690.117462300] [gazebo_wind_plugin_node]: WindPlugin: set wind_speed=2.74 wind_direction=-73.2
[gzserver-2] [INFO] [1773123690.351867520] [gazebo_wind_plugin_node]: WindPlugin: set wind_speed=2.74 wind_direction=-73.2
[gzserver-2] [INFO] [1773123690.594122276] [gazebo_wind_plugin_node]: WindPlugin: set wind_speed=2.80 wind_direction=-71.6
[gzserver-2] [INFO] [1773123690.833045677] [gazebo_wind_plugin_node]: WindPlugin: set wind_speed=2.80 wind_direction=-71.6
[gzserver-2] [INFO] [1773123691.072637531] [gazebo_wind_plugin_node]: WindPlugin: set wind_speed=2.80 wind_direction=-71.6
[gzserver-2] [INFO] [1773123691.312354789] [gazebo_wind_plugin_node]: WindPlugin: set wind_speed=2.80 wind_direction=-71.6
[gzserver-2] [INFO] [1773123691.547491084] [gazebo_wind_plugin_node]: WindPlugin: set wind_speed=2.80 wind_direction=-71.6
[gzserver-2] [INFO] [1773123691.787255985] [gazebo_wind_plugin_node]: WindPlugin: set wind_speed=2.70 wind_direction=-71.4
[gzserver-2] [INFO] [1773123692.021883632] [gazebo_wind_plugin_node]: WindPlugin: set wind_speed=2.70 wind_direction=-71.4
[gzserver-2] [INFO] [1773123692.252643248] [gazebo_wind_plugin_node]: WindPlugin: set wind_speed=2.70 wind_direction=-71.4
[gzserver-2] [INFO] [1773123692.497201352] [gazebo_wind_plugin_node]: WindPlugin: set wind_speed=2.70 wind_direction=-71.4
[gzserver-2] [INFO] [1773123692.557675660] [drone.simple_drone]: Quadrotor lands!!
[gzserver-2] [INFO] [1773123692.765779496] [gazebo_wind_plugin_node]: WindPlugin: set wind_speed=2.81 wind_direction=-73.6
[gzserver-2] [INFO] [1773123693.019957724] [gazebo_wind_plugin_node]: WindPlugin: set wind_speed=2.81 wind_direction=-73.6
[gzserver-2] [INFO] [1773123693.277099075] [gazebo_wind_plugin_node]: WindPlugin: set wind_speed=2.81 wind_direction=-73.6
[gzserver-2] [INFO] [1773123693.517252701] [gazebo_wind_plugin_node]: WindPlugin: set wind_speed=2.81 wind_direction=-73.6
[gzserver-2] [1;36m[Dbg] [wind_plugin.cpp:110] [0m[1;36mWindPlugin: received command -> speed=[0m[1;36m0[0m[1;36m dir=[0m[1;36m0[0m[1;36m
[gzserver-2] [0m[1;36m[Dbg] [wind_plugin.cpp:110] [0m[1;36mWindPlugin: received command -> speed=[0m[1;36m2.89371[0m[1;36m dir=[0m[1;36m-71.2607[0m[1;36m
[gzserver-2] [0m[1;36m[Dbg] [wind_plugin.cpp:110] [0m[1;36mWindPlugin: received command -> speed=[0m[1;36m2.74495[0m[1;36m dir=[0m[1;36m-73.1766[0m[1;36m
[gzserver-2] [0m[1;36m[Dbg] [wind_plugin.cpp:110] [0m[1;36mWindPlugin: received command -> speed=[0m[1;36m2.74495[0m[1;36m dir=[0m[1;36m-73.1766[0m[1;36m
[gzserver-2] [0m[1;36m[Dbg] [wind_plugin.cpp:110] [0m[1;36mWindPlugin: received command -> speed=[0m[1;36m2.74495[0m[1;36m dir=[0m[1;36m-73.1766[0m[1;36m
[gzserver-2] [0m[1;36m[Dbg] [wind_plugin.cpp:110] [0m[1;36mWindPlugin: received command -> speed=[0m[1;36m2.74495[0m[1;36m dir=[0m[1;36m-73.1766[0m[1;36m
[gzserver-2] [0m[1;36m[Dbg] [wind_plugin.cpp:110] [0m[1;36mWindPlugin: received command -> speed=[0m[1;36m2.80434[0m[1;36m dir=[0m[1;36m-71.6004[0m[1;36m
[gzserver-2] [0m[1;36m[Dbg] [wind_plugin.cpp:110] [0m[1;36mWindPlugin: received command -> speed=[0m[1;36m2.80434[0m[1;36m dir=[0m[1;36m-71.6004[0m[1;36m
[gzserver-2] [0m[1;36m[Dbg] [wind_plugin.cpp:110] [0m[1;36mWindPlugin: received command -> speed=[0m[1;36m2.80434[0m[1;36m dir=[0m[1;36m-71.6004[0m[1;36m
[gzserver-2] [0m[1;36m[Dbg] [wind_plugin.cpp:110] [0m[1;36mWindPlugin: received command -> speed=[0m[1;36m2.80434[0m[1;36m dir=[0m[1;36m-71.6004[0m[1;36m
[gzserver-2] [0m[1;36m[Dbg] [wind_plugin.cpp:110] [0m[1;36mWindPlugin: received command -> speed=[0m[1;36m2.80434[0m[1;36m dir=[0m[1;36m-71.6004[0m[1;36m
[gzserver-2] [0m[1;36m[Dbg] [wind_plugin.cpp:110] [0m[1;36mWindPlugin: received command -> speed=[0m[1;36m2.7019[0m[1;36m dir=[0m[1;36m-71.4319[0m[1;36m
[gzserver-2] [0m[1;36m[Dbg] [wind_plugin.cpp:110] [0m[1;36mWindPlugin: received command -> speed=[0m[1;36m2.7019[0m[1;36m dir=[0m[1;36m-71.4319[0m[1;36m
[gzserver-2] [0m[1;36m[Dbg] [wind_plugin.cpp:110] [0m[1;36mWindPlugin: received command -> speed=[0m[1;36m2.7019[0m[1;36m dir=[0m[1;36m-71.4319[0m[1;36m
[gzserver-2] [0m[1;36m[Dbg] [wind_plugin.cpp:110] [0m[1;36mWindPlugin: received command -> speed=[0m[1;36m2.7019[0m[1;36m dir=[0m[1;36m-71.4319[0m[1;36m
[gzserver-2] [0m[1;36m[Dbg] [wind_plugin.cpp:110] [0m[1;36mWindPlugin: received command -> speed=[0m[1;36m2.80791[0m[1;36m dir=[0m[1;36m-73.5713[0m[1;36m
[gzserver-2] [0m[1;36m[Dbg] [wind_plugin.cpp:110] [0m[1;36mWindPlugin: received command -> speed=[0m[1;36m2.80791[0m[1;36m dir=[0m[1;36m-73.5713[0m[1;36m
[gzserver-2] [0m[1;36m[Dbg] [wind_plugin.cpp:110] [0m[1;36mWindPlugin: received command -> speed=[0m[1;36m2.80791[0m[1;36m dir=[0m[1;36m-73.5713[0m[1;36m
[gzserver-2] [0m[1;36m[Dbg] [wind_plugin.cpp:110] [0m[1;36mWindPlugin: received command -> speed=[0m[1;36m2.80791[0m[1;36m dir=[0m[1;36m-73.5713[0m[1;36m
[gzserver-2] [0mLanded!
[gzserver-2] [INFO] [1773123693.757123491] [gazebo_wind_plugin_node]: WindPlugin: set wind_speed=2.88 wind_direction=-72.5
[gzserver-2] [INFO] [1773123693.988198992] [gazebo_wind_plugin_node]: WindPlugin: set wind_speed=2.88 wind_direction=-72.5
[gzserver-2] [INFO] [1773123694.223298662] [gazebo_wind_plugin_node]: WindPlugin: set wind_speed=2.88 wind_direction=-72.5
[gzserver-2] [INFO] [1773123694.458159078] [gazebo_wind_plugin_node]: WindPlugin: set wind_speed=2.88 wind_direction=-72.5
[gzserver-2] [INFO] [1773123694.697909502] [gazebo_wind_plugin_node]: WindPlugin: set wind_speed=2.65 wind_direction=-70.7
[gzserver-2] [INFO] [1773123694.932359893] [gazebo_wind_plugin_node]: WindPlugin: set wind_speed=2.65 wind_direction=-70.7
[gzserver-2] [INFO] [1773123695.172270589] [gazebo_wind_plugin_node]: WindPlugin: set wind_speed=2.65 wind_direction=-70.7
[gzserver-2] [INFO] [1773123695.412024588] [gazebo_wind_plugin_node]: WindPlugin: set wind_speed=2.65 wind_direction=-70.7
