[INFO] [launch]: All log files can be found below /home/j/.ros/log/2026-03-11-02-29-01-033590-j-3123252
[INFO] [launch]: Default logging verbosity is set to INFO
[INFO] [launch.user]: [bringup] Apriltag config: camera=/drone/bottom, image=/drone/bottom/image_raw, tags=/drone/bottom/tags, bridge=/landing_tag_state, standalone=true, use_target_id=true, target_id=0
[INFO] [rviz2-1]: process started with pid [3123253]
[INFO] [gzserver-2]: process started with pid [3123255]
[INFO] [robot_state_publisher-3]: process started with pid [3123257]
[INFO] [joint_state_publisher-4]: process started with pid [3123259]
[INFO] [spawn_drone-5]: process started with pid [3123261]
[INFO] [static_transform_publisher-6]: process started with pid [3123263]
[INFO] [joy_node-7]: process started with pid [3123265]
[INFO] [teleop_joystick-8]: process started with pid [3123267]
[INFO] [apriltag_detector_node-9]: process started with pid [3123269]
[INFO] [apriltag_state_bridge-10]: process started with pid [3123272]
[static_transform_publisher-6] [WARN] [1773163741.499840252] []: Old-style arguments are deprecated; see --help for new-style arguments
[static_transform_publisher-6] [INFO] [1773163741.508490299] [static_transform_publisher_ySZR6oleoyFPoWcH]: Spinning until stopped - publishing transform
[static_transform_publisher-6] translation: ('0.000000', '0.000000', '0.000000')
[static_transform_publisher-6] rotation: ('0.000000', '0.000000', '0.000000', '1.000000')
[static_transform_publisher-6] from 'world' to '/drone/odom'
[robot_state_publisher-3] [INFO] [1773163741.525575809] [drone.robot_state_publisher]: got segment base_footprint
[robot_state_publisher-3] [INFO] [1773163741.525640494] [drone.robot_state_publisher]: got segment base_link
[robot_state_publisher-3] [INFO] [1773163741.525646024] [drone.robot_state_publisher]: got segment bottom_cam_link
[robot_state_publisher-3] [INFO] [1773163741.525649197] [drone.robot_state_publisher]: got segment front_cam_link
[robot_state_publisher-3] [INFO] [1773163741.525652038] [drone.robot_state_publisher]: got segment sonar_link
[rviz2-1] 
[rviz2-1] (rviz2:3123253): dbind-WARNING **: 02:29:01.532: Couldn't connect to accessibility bus: Failed to connect to socket /root/.cache/at-spi/bus_0: 허가 거부
[apriltag_detector_node-9] [INFO] [1773163741.535595443] [apriltag_detector_node]: tag detector type: umich
[teleop_joystick-8] Traceback (most recent call last):
[teleop_joystick-8]   File "/home/j/INCSL/IICC26_ws/install/sjtu_drone_control/lib/sjtu_drone_control/teleop_joystick", line 33, in <module>
[teleop_joystick-8]     sys.exit(load_entry_point('sjtu_drone_control==0.0.0', 'console_scripts', 'teleop_joystick')())
[teleop_joystick-8]   File "/home/j/INCSL/IICC26_ws/install/sjtu_drone_control/lib/sjtu_drone_control/teleop_joystick", line 22, in importlib_load_entry_point
[teleop_joystick-8]     for entry_point in distribution(dist_name).entry_points
[teleop_joystick-8]   File "/usr/lib/python3.10/importlib/metadata/__init__.py", line 969, in distribution
[teleop_joystick-8]     return Distribution.from_name(distribution_name)
[teleop_joystick-8]   File "/usr/lib/python3.10/importlib/metadata/__init__.py", line 548, in from_name
[teleop_joystick-8]     raise PackageNotFoundError(name)
[teleop_joystick-8] importlib.metadata.PackageNotFoundError: No package metadata was found for sjtu_drone_control
[ERROR] [teleop_joystick-8]: process has died [pid 3123267, exit code 1, cmd '/home/j/INCSL/IICC26_ws/install/sjtu_drone_control/lib/sjtu_drone_control/teleop_joystick --ros-args -r __ns:=/drone'].
[gzserver-2] Gazebo multi-robot simulator, version 11.10.2
[gzserver-2] Copyright (C) 2012 Open Source Robotics Foundation.
[gzserver-2] Released under the Apache 2 License.
[gzserver-2] http://gazebosim.org
[gzserver-2] 
[apriltag_state_bridge-10] [INFO] [1773163741.731833468] [apriltag_state_bridge]: AprilTag bridge started: /drone/bottom/tags -> /landing_tag_state, use_target_id=True, target_id=0
[joint_state_publisher-4] [INFO] [1773163741.792687278] [drone.joint_state_publisher]: Waiting for robot_description to be published on the robot_description topic...
[gzserver-2] [1;33m[Wrn] [gazebo_ros_init.cpp:178] [0m[1;33m
[gzserver-2] #     # ####### ####### ###  #####  #######
[gzserver-2] ##    # #     #    #     #  #     # #
[gzserver-2] # #   # #     #    #     #  #       #
[gzserver-2] #  #  # #     #    #     #  #       #####
[gzserver-2] #   # # #     #    #     #  #       #
[gzserver-2] #    ## #     #    #     #  #     # #
[gzserver-2] #     # #######    #    ###  #####  #######
[gzserver-2] 
[gzserver-2] This version of Gazebo, now called Gazebo classic, reaches end-of-life
[gzserver-2] in January 2025. Users are highly encouraged to migrate to the new Gazebo
[gzserver-2] using our migration guides (https://gazebosim.org/docs/latest/gazebo_classic_migration?utm_source=gazebo_ros_pkgs&utm_medium=cli)
[gzserver-2] 
[gzserver-2] [0m[1;33m
[rviz2-1] [INFO] [1773163742.328201243] [rviz2]: Stereo is NOT SUPPORTED
[rviz2-1] [INFO] [1773163742.328300918] [rviz2]: OpenGl version: 4.6 (GLSL 4.6)
[rviz2-1] [INFO] [1773163742.422347312] [rviz2]: Stereo is NOT SUPPORTED
[rviz2-1] [INFO] [1773163742.515291461] [rviz2]: Stereo is NOT SUPPORTED
[spawn_drone-5] [INFO] [1773163742.921565281] [spawn_drone]: Result False Entity pushed to spawn queue, but spawn service timed outwaiting for entity to appear in simulation under the name [/drone]
[gzserver-2] [1;32m[Msg] [0m[1;32mWaiting for master.[0m[1;32m
[gzserver-2] [0m[1;32m[0m[1;32m[0m[1;32m[Msg] [0m[1;32mConnected to gazebo master @ [0m[1;32mhttp://127.0.0.1:11345[0m[1;32m
[gzserver-2] [0m[1;32m[0m[1;32m[0m[1;32m[Msg] [0m[1;32mPublicized address: [0m[1;32m192.168.0.11[0m[1;32m
[gzserver-2] [0m[1;32m[0m[1;32m[0m[1;32m[Msg] [0m[1;32mLoading world file [[0m[1;32m/home/j/INCSL/IICC26_ws/install/sjtu_drone_description/share/sjtu_drone_description/worlds/landingPad.world[0m[1;32m][0m[1;32m
[gzserver-2] [0m[1;32m[0m[1;32m[0m[1;36m[Dbg] [wind_plugin.cpp:96] [0m[1;36mWindPlugin loaded: speed=[0m[1;36m0[0m[1;36m dir=[0m[1;36m0[0m[1;36m deg area=[0m[1;36m0.1[0m[1;36m coeff=[0m[1;36m1[0m[1;36m
[gzserver-2] [0m[1;33m[0m[1;33m[0m[1;31m[Err] [Sensor.cc:510] [0m[1;31mGet noise index not valid[0m[1;31m
[gzserver-2] [0m[1;31m[0m[1;31m[0m[1;31m[Err] [Sensor.cc:510] [0m[1;31mGet noise index not valid[0m[1;31m
[gzserver-2] [0m[1;31m[0m[1;31m[0m[1;31m[Err] [Sensor.cc:510] [0m[1;31mGet noise index not valid[0m[1;31m
[gzserver-2] [0m[1;31m[0m[1;31m[0m[1;31m[Err] [Sensor.cc:510] [0m[1;31mGet noise index not valid[0m[1;31m
[gzserver-2] [0m[1;31m[0m[1;31m[0m[1;31m[Err] [Sensor.cc:510] [0m[1;31mGet noise index not valid[0m[1;31m
[gzserver-2] [0m[1;31m[0m[1;31m[0m[1;31m[Err] [Sensor.cc:510] [0m[1;31mGet noise index not valid[0m[1;31m
[gzserver-2] [0m[1;31m[0m[1;31m[0mTopic [default//drone/base_footprint/down_camera/image] is not valid.
[gzserver-2] [INFO] [1773163742.952366327] [drone.collision_plugin]: Publishing contact states to [/drone/bumper_states]
[gzserver-2] Topic [default//drone/base_footprint/front_camera/image] is not valid.
[gzserver-2] [1;33m[Wrn] [Event.cc:61] [0m[1;33mWarning: Deleting a connection right after creation. [0m[1;33mMake sure to save the ConnectionPtr from a Connect call
[INFO] [spawn_drone-5]: process has finished cleanly [pid 3123261]
[gzserver-2] [0m[INFO] [1773163743.547760403] [drone.camera_bottom]: Publishing camera info to [/drone/bottom/camera_info]
[gzserver-2] [INFO] [1773163743.550652484] [drone.camera_front]: Publishing camera info to [/drone/front/camera_info]
[gzserver-2] [INFO] [1773163743.672737109] [drone.simple_drone]: The drone plugin is loading!
[gzserver-2] [INFO] [1773163743.672934810] [drone.simple_drone]: pub_odom: 1
[gzserver-2] [INFO] [1773163743.672970969] [drone.simple_drone]: Using following parameters: 
[gzserver-2] 		link_name: base_footprint,
[gzserver-2] 		max_force: 30,
[gzserver-2] 		motion_small_noise: 0,
[gzserver-2] 		motion_drift_noise: 0,
[gzserver-2] 		motion_drift_noise_time: 50,
[gzserver-2] 		takeoff_hover_height: 2.33,
[gzserver-2] 		takeoff_vertical_speed: 0.2
[gzserver-2] [INFO] [1773163743.684475789] [drone.simple_drone]: Using the PID parameters: 
[gzserver-2] 	Roll Pitch:
[gzserver-2] 		kP: 10, kI: 0,kD: 5, Limit: 0.5, Time Constant: 0
[gzserver-2] 	Yaw:
[gzserver-2] 		kP: 2, kI: 0,kD: 1, Limit: 1.5, Time Constant: 0
[gzserver-2] 	Velocity X:
[gzserver-2] 		kP: 5, kI: 0,kD: 2.3, Limit: 2, Time Constant: 0
[gzserver-2] 	Velocity Y:
[gzserver-2] 		kP: 5, kI: 0,kD: 2.3, Limit: 2, Time Constant: 0
[gzserver-2] 	Velocity Z:
[gzserver-2] 		kP: 5, kI: 0,kD: 1, Limit: -1, Time Constant: 0
[gzserver-2] 	Position XY:
[gzserver-2] 		kP: 1.1, kI: 0,kD: 0, Limit: 5, Time Constant: 0
[gzserver-2] 	Position Z:
[gzserver-2] 		kP: 1, kI: 0,kD: 0.2, Limit: -1, Time Constant: 0
[gzserver-2] [INFO] [1773163743.684608690] [drone.simple_drone]: The drone plugin finished loading!
[gzserver-2] [INFO] [1773163750.872059299] [gazebo_wind_plugin_node]: WindPlugin: set wind_speed=0.00 wind_direction=0.0
[gzserver-2] [INFO] [1773163751.138905961] [gazebo_wind_plugin_node]: WindPlugin: set wind_speed=0.00 wind_direction=0.0
[gzserver-2] [INFO] [1773163751.173022552] [drone.simple_drone]: Quadrotor takes off!!
[gzserver-2] [INFO] [1773163751.373524845] [gazebo_wind_plugin_node]: WindPlugin: set wind_speed=0.00 wind_direction=0.0
[gzserver-2] [INFO] [1773163751.602433763] [gazebo_wind_plugin_node]: WindPlugin: set wind_speed=0.00 wind_direction=0.0
[gzserver-2] [INFO] [1773163751.841397089] [gazebo_wind_plugin_node]: WindPlugin: set wind_speed=0.00 wind_direction=0.0
[gzserver-2] [INFO] [1773163752.070080478] [gazebo_wind_plugin_node]: WindPlugin: set wind_speed=0.00 wind_direction=0.0
[gzserver-2] [INFO] [1773163752.309232072] [gazebo_wind_plugin_node]: WindPlugin: set wind_speed=0.00 wind_direction=0.0
[gzserver-2] [INFO] [1773163752.543410062] [gazebo_wind_plugin_node]: WindPlugin: set wind_speed=0.00 wind_direction=0.0
[gzserver-2] [INFO] [1773163752.783119659] [gazebo_wind_plugin_node]: WindPlugin: set wind_speed=0.00 wind_direction=0.0
[gzserver-2] [0m[1;36m[Dbg] [wind_plugin.cpp:110] [0m[1;36mWindPlugin: received command -> speed=[0m[1;36m0[0m[1;36m dir=[0m[1;36m0[0m[1;36m
[gzserver-2] [0m[1;36m[Dbg] [wind_plugin.cpp:110] [0m[1;36mWindPlugin: received command -> speed=[0m[1;36m0[0m[1;36m dir=[0m[1;36m0[0m[1;36m
[gzserver-2] [0m[1;36m[Dbg] [wind_plugin.cpp:110] [0m[1;36mWindPlugin: received command -> speed=[0m[1;36m0[0m[1;36m dir=[0m[1;36m0[0m[1;36m
[gzserver-2] [0m[1;36m[Dbg] [wind_plugin.cpp:110] [0m[1;36mWindPlugin: received command -> speed=[0m[1;36m0[0m[1;36m dir=[0m[1;36m0[0m[1;36m
[gzserver-2] [0m[1;36m[Dbg] [wind_plugin.cpp:110] [0m[1;36mWindPlugin: received command -> speed=[0m[1;36m0[0m[1;36m dir=[0m[1;36m0[0m[1;36m
[gzserver-2] [0m[1;36m[Dbg] [wind_plugin.cpp:110] [0m[1;36mWindPlugin: received command -> speed=[0m[1;36m0[0m[1;36m dir=[0m[1;36m0[0m[1;36m
[gzserver-2] [0m[1;36m[Dbg] [wind_plugin.cpp:110] [0m[1;36mWindPlugin: received command -> speed=[0m[1;36m0[0m[1;36m dir=[0m[1;36m0[0m[1;36m
[gzserver-2] [0m[1;36m[Dbg] [wind_plugin.cpp:110] [0m[1;36mWindPlugin: received command -> speed=[0m[1;36m0[0m[1;36m dir=[0m[1;36m0[0m[1;36m
[gzserver-2] [0m[1;36m[Dbg] [wind_plugin.cpp:110] [0m[1;36mWindPlugin: received command -> speed=[0m[1;36m0[0m[1;36m dir=[0m[1;36m0[0m[1;36m
[gzserver-2] [0mEntering flying model!
[gzserver-2] [INFO] [1773163753.022600948] [gazebo_wind_plugin_node]: WindPlugin: set wind_speed=0.00 wind_direction=0.0
[gzserver-2] [INFO] [1773163753.257598100] [gazebo_wind_plugin_node]: WindPlugin: set wind_speed=1.31 wind_direction=-144.6
[gzserver-2] [INFO] [1773163753.496972506] [gazebo_wind_plugin_node]: WindPlugin: set wind_speed=1.19 wind_direction=-142.6
[gzserver-2] [INFO] [1773163753.736290862] [gazebo_wind_plugin_node]: WindPlugin: set wind_speed=1.19 wind_direction=-142.6
[gzserver-2] [INFO] [1773163753.975728250] [gazebo_wind_plugin_node]: WindPlugin: set wind_speed=1.19 wind_direction=-142.6
[gzserver-2] [INFO] [1773163754.214517515] [gazebo_wind_plugin_node]: WindPlugin: set wind_speed=1.19 wind_direction=-142.6
[gzserver-2] [INFO] [1773163754.453783611] [gazebo_wind_plugin_node]: WindPlugin: set wind_speed=1.30 wind_direction=-141.9
[gzserver-2] [INFO] [1773163754.688283636] [gazebo_wind_plugin_node]: WindPlugin: set wind_speed=1.30 wind_direction=-141.9
[gzserver-2] [INFO] [1773163754.927518727] [gazebo_wind_plugin_node]: WindPlugin: set wind_speed=1.30 wind_direction=-141.9
[gzserver-2] [INFO] [1773163755.161860871] [gazebo_wind_plugin_node]: WindPlugin: set wind_speed=1.30 wind_direction=-141.9
[gzserver-2] [INFO] [1773163755.401653781] [gazebo_wind_plugin_node]: WindPlugin: set wind_speed=1.27 wind_direction=-144.1
[gzserver-2] [INFO] [1773163755.636362736] [gazebo_wind_plugin_node]: WindPlugin: set wind_speed=1.27 wind_direction=-144.1
[gzserver-2] [INFO] [1773163755.871129366] [gazebo_wind_plugin_node]: WindPlugin: set wind_speed=1.27 wind_direction=-144.1
[gzserver-2] [INFO] [1773163756.111411364] [gazebo_wind_plugin_node]: WindPlugin: set wind_speed=1.27 wind_direction=-144.1
[gzserver-2] [INFO] [1773163756.152993925] [drone.simple_drone]: Quadrotor lands!!
[gzserver-2] [INFO] [1773163756.354521866] [gazebo_wind_plugin_node]: WindPlugin: set wind_speed=1.27 wind_direction=-144.1
[gzserver-2] [INFO] [1773163756.594333701] [gazebo_wind_plugin_node]: WindPlugin: set wind_speed=1.30 wind_direction=-144.4
[gzserver-2] [INFO] [1773163756.834394429] [gazebo_wind_plugin_node]: WindPlugin: set wind_speed=1.30 wind_direction=-144.4
[gzserver-2] [INFO] [1773163757.073967576] [gazebo_wind_plugin_node]: WindPlugin: set wind_speed=1.30 wind_direction=-144.4
[gzserver-2] [1;36m[Dbg] [wind_plugin.cpp:110] [0m[1;36mWindPlugin: received command -> speed=[0m[1;36m0[0m[1;36m dir=[0m[1;36m0[0m[1;36m
[gzserver-2] [0m[1;36m[Dbg] [wind_plugin.cpp:110] [0m[1;36mWindPlugin: received command -> speed=[0m[1;36m1.31002[0m[1;36m dir=[0m[1;36m-144.571[0m[1;36m
[gzserver-2] [0m[1;36m[Dbg] [wind_plugin.cpp:110] [0m[1;36mWindPlugin: received command -> speed=[0m[1;36m1.1887[0m[1;36m dir=[0m[1;36m-142.568[0m[1;36m
[gzserver-2] [0m[1;36m[Dbg] [wind_plugin.cpp:110] [0m[1;36mWindPlugin: received command -> speed=[0m[1;36m1.1887[0m[1;36m dir=[0m[1;36m-142.568[0m[1;36m
[gzserver-2] [0m[1;36m[Dbg] [wind_plugin.cpp:110] [0m[1;36mWindPlugin: received command -> speed=[0m[1;36m1.1887[0m[1;36m dir=[0m[1;36m-142.568[0m[1;36m
[gzserver-2] [0m[1;36m[Dbg] [wind_plugin.cpp:110] [0m[1;36mWindPlugin: received command -> speed=[0m[1;36m1.1887[0m[1;36m dir=[0m[1;36m-142.568[0m[1;36m
[gzserver-2] [0m[1;36m[Dbg] [wind_plugin.cpp:110] [0m[1;36mWindPlugin: received command -> speed=[0m[1;36m1.30433[0m[1;36m dir=[0m[1;36m-141.907[0m[1;36m
[gzserver-2] [0m[1;36m[Dbg] [wind_plugin.cpp:110] [0m[1;36mWindPlugin: received command -> speed=[0m[1;36m1.30433[0m[1;36m dir=[0m[1;36m-141.907[0m[1;36m
[gzserver-2] [0m[1;36m[Dbg] [wind_plugin.cpp:110] [0m[1;36mWindPlugin: received command -> speed=[0m[1;36m1.30433[0m[1;36m dir=[0m[1;36m-141.907[0m[1;36m
[gzserver-2] [0m[1;36m[Dbg] [wind_plugin.cpp:110] [0m[1;36mWindPlugin: received command -> speed=[0m[1;36m1.30433[0m[1;36m dir=[0m[1;36m-141.907[0m[1;36m
[gzserver-2] [0m[1;36m[Dbg] [wind_plugin.cpp:110] [0m[1;36mWindPlugin: received command -> speed=[0m[1;36m1.27043[0m[1;36m dir=[0m[1;36m-144.125[0m[1;36m
[gzserver-2] [0m[1;36m[Dbg] [wind_plugin.cpp:110] [0m[1;36mWindPlugin: received command -> speed=[0m[1;36m1.27043[0m[1;36m dir=[0m[1;36m-144.125[0m[1;36m
[gzserver-2] [0m[1;36m[Dbg] [wind_plugin.cpp:110] [0m[1;36mWindPlugin: received command -> speed=[0m[1;36m1.27043[0m[1;36m dir=[0m[1;36m-144.125[0m[1;36m
[gzserver-2] [0m[1;36m[Dbg] [wind_plugin.cpp:110] [0m[1;36mWindPlugin: received command -> speed=[0m[1;36m1.27043[0m[1;36m dir=[0m[1;36m-144.125[0m[1;36m
[gzserver-2] [0m[1;36m[Dbg] [wind_plugin.cpp:110] [0m[1;36mWindPlugin: received command -> speed=[0m[1;36m1.27043[0m[1;36m dir=[0m[1;36m-144.125[0m[1;36m
[gzserver-2] [0m[1;36m[Dbg] [wind_plugin.cpp:110] [0m[1;36mWindPlugin: received command -> speed=[0m[1;36m1.30044[0m[1;36m dir=[0m[1;36m-144.398[0m[1;36m
[gzserver-2] [0m[1;36m[Dbg] [wind_plugin.cpp:110] [0m[1;36mWindPlugin: received command -> speed=[0m[1;36m1.30044[0m[1;36m dir=[0m[1;36m-144.398[0m[1;36m
[gzserver-2] [0m[1;36m[Dbg] [wind_plugin.cpp:110] [0m[1;36mWindPlugin: received command -> speed=[0m[1;36m1.30044[0m[1;36m dir=[0m[1;36m-144.398[0m[1;36m
[gzserver-2] [0mLanded!
[gzserver-2] [INFO] [1773163757.313784567] [gazebo_wind_plugin_node]: WindPlugin: set wind_speed=1.30 wind_direction=-144.4
[gzserver-2] [INFO] [1773163757.552871795] [gazebo_wind_plugin_node]: WindPlugin: set wind_speed=1.24 wind_direction=-146.1
[gzserver-2] [INFO] [1773163757.792527986] [gazebo_wind_plugin_node]: WindPlugin: set wind_speed=1.24 wind_direction=-146.1
[gzserver-2] [INFO] [1773163758.031998547] [gazebo_wind_plugin_node]: WindPlugin: set wind_speed=1.24 wind_direction=-146.1
[gzserver-2] [INFO] [1773163758.271659084] [gazebo_wind_plugin_node]: WindPlugin: set wind_speed=1.24 wind_direction=-146.1
[gzserver-2] [INFO] [1773163758.510882275] [gazebo_wind_plugin_node]: WindPlugin: set wind_speed=1.09 wind_direction=-140.5
[gzserver-2] [INFO] [1773163758.751974971] [gazebo_wind_plugin_node]: WindPlugin: set wind_speed=1.09 wind_direction=-140.5
[gzserver-2] [INFO] [1773163758.991264328] [gazebo_wind_plugin_node]: WindPlugin: set wind_speed=1.09 wind_direction=-140.5
