[INFO] [launch]: All log files can be found below /home/j/.ros/log/2026-03-10-20-13-05-943032-j-95095
[INFO] [launch]: Default logging verbosity is set to INFO
[INFO] [launch.user]: [bringup] Apriltag config: camera=/drone/bottom, image=/drone/bottom/image_raw, tags=/drone/bottom/tags, bridge=/landing_tag_state, standalone=true, use_target_id=true, target_id=0
[INFO] [rviz2-1]: process started with pid [95098]
[INFO] [gzserver-2]: process started with pid [95100]
[INFO] [robot_state_publisher-3]: process started with pid [95102]
[INFO] [joint_state_publisher-4]: process started with pid [95104]
[INFO] [spawn_drone-5]: process started with pid [95106]
[INFO] [static_transform_publisher-6]: process started with pid [95108]
[INFO] [joy_node-7]: process started with pid [95110]
[INFO] [teleop_joystick-8]: process started with pid [95112]
[INFO] [apriltag_detector_node-9]: process started with pid [95114]
[INFO] [apriltag_state_bridge-10]: process started with pid [95116]
[static_transform_publisher-6] [WARN] [1773141186.421212864] []: Old-style arguments are deprecated; see --help for new-style arguments
[static_transform_publisher-6] [INFO] [1773141186.426703035] [static_transform_publisher_kcH1hwiPUil8yIln]: Spinning until stopped - publishing transform
[static_transform_publisher-6] translation: ('0.000000', '0.000000', '0.000000')
[static_transform_publisher-6] rotation: ('0.000000', '0.000000', '0.000000', '1.000000')
[static_transform_publisher-6] from 'world' to '/drone/odom'
[robot_state_publisher-3] [INFO] [1773141186.444005399] [drone.robot_state_publisher]: got segment base_footprint
[robot_state_publisher-3] [INFO] [1773141186.444065870] [drone.robot_state_publisher]: got segment base_link
[robot_state_publisher-3] [INFO] [1773141186.444071788] [drone.robot_state_publisher]: got segment bottom_cam_link
[robot_state_publisher-3] [INFO] [1773141186.444075076] [drone.robot_state_publisher]: got segment front_cam_link
[robot_state_publisher-3] [INFO] [1773141186.444077810] [drone.robot_state_publisher]: got segment sonar_link
[rviz2-1] 
[rviz2-1] (rviz2:95098): dbind-WARNING **: 20:13:06.452: Couldn't connect to accessibility bus: Failed to connect to socket /root/.cache/at-spi/bus_0: 허가 거부
[apriltag_detector_node-9] [INFO] [1773141186.456493338] [apriltag_detector_node]: tag detector type: umich
[teleop_joystick-8] Traceback (most recent call last):
[teleop_joystick-8]   File "/home/j/INCSL/IICC26_ws/install/sjtu_drone_control/lib/sjtu_drone_control/teleop_joystick", line 33, in <module>
[teleop_joystick-8]     sys.exit(load_entry_point('sjtu_drone_control==0.0.0', 'console_scripts', 'teleop_joystick')())
[teleop_joystick-8]   File "/home/j/INCSL/IICC26_ws/install/sjtu_drone_control/lib/sjtu_drone_control/teleop_joystick", line 22, in importlib_load_entry_point
[teleop_joystick-8]     for entry_point in distribution(dist_name).entry_points
[teleop_joystick-8]   File "/usr/lib/python3.10/importlib/metadata/__init__.py", line 969, in distribution
[teleop_joystick-8]     return Distribution.from_name(distribution_name)
[teleop_joystick-8]   File "/usr/lib/python3.10/importlib/metadata/__init__.py", line 548, in from_name
[teleop_joystick-8]     raise PackageNotFoundError(name)
[teleop_joystick-8] importlib.metadata.PackageNotFoundError: No package metadata was found for sjtu_drone_control
[ERROR] [teleop_joystick-8]: process has died [pid 95112, exit code 1, cmd '/home/j/INCSL/IICC26_ws/install/sjtu_drone_control/lib/sjtu_drone_control/teleop_joystick --ros-args -r __ns:=/drone'].
[gzserver-2] Gazebo multi-robot simulator, version 11.10.2
[gzserver-2] Copyright (C) 2012 Open Source Robotics Foundation.
[gzserver-2] Released under the Apache 2 License.
[gzserver-2] http://gazebosim.org
[gzserver-2] 
[apriltag_state_bridge-10] [INFO] [1773141186.673314677] [apriltag_state_bridge]: AprilTag bridge started: /drone/bottom/tags -> /landing_tag_state, use_target_id=True, target_id=0
[joint_state_publisher-4] [INFO] [1773141186.691813601] [drone.joint_state_publisher]: Waiting for robot_description to be published on the robot_description topic...
[gzserver-2] [1;33m[Wrn] [gazebo_ros_init.cpp:178] [0m[1;33m
[gzserver-2] #     # ####### ####### ###  #####  #######
[gzserver-2] ##    # #     #    #     #  #     # #
[gzserver-2] # #   # #     #    #     #  #       #
[gzserver-2] #  #  # #     #    #     #  #       #####
[gzserver-2] #   # # #     #    #     #  #       #
[gzserver-2] #    ## #     #    #     #  #     # #
[gzserver-2] #     # #######    #    ###  #####  #######
[gzserver-2] 
[gzserver-2] This version of Gazebo, now called Gazebo classic, reaches end-of-life
[gzserver-2] in January 2025. Users are highly encouraged to migrate to the new Gazebo
[gzserver-2] using our migration guides (https://gazebosim.org/docs/latest/gazebo_classic_migration?utm_source=gazebo_ros_pkgs&utm_medium=cli)
[gzserver-2] 
[gzserver-2] [0m[1;33m
[rviz2-1] [INFO] [1773141187.262205076] [rviz2]: Stereo is NOT SUPPORTED
[rviz2-1] [INFO] [1773141187.262337949] [rviz2]: OpenGl version: 4.6 (GLSL 4.6)
[rviz2-1] [INFO] [1773141187.345806321] [rviz2]: Stereo is NOT SUPPORTED
[rviz2-1] [INFO] [1773141187.461740052] [rviz2]: Stereo is NOT SUPPORTED
[spawn_drone-5] [INFO] [1773141187.805871834] [spawn_drone]: Result False Entity pushed to spawn queue, but spawn service timed outwaiting for entity to appear in simulation under the name [/drone]
[gzserver-2] [1;32m[Msg] [0m[1;32mWaiting for master.[0m[1;32m
[gzserver-2] [0m[1;32m[0m[1;32m[0m[1;32m[Msg] [0m[1;32mConnected to gazebo master @ [0m[1;32mhttp://127.0.0.1:11345[0m[1;32m
[gzserver-2] [0m[1;32m[0m[1;32m[0m[1;32m[Msg] [0m[1;32mPublicized address: [0m[1;32m192.168.0.11[0m[1;32m
[gzserver-2] [0m[1;32m[0m[1;32m[0m[1;32m[Msg] [0m[1;32mLoading world file [[0m[1;32m/home/j/INCSL/IICC26_ws/install/sjtu_drone_description/share/sjtu_drone_description/worlds/landingPad.world[0m[1;32m][0m[1;32m
[gzserver-2] [0m[1;32m[0m[1;32m[0m[1;36m[Dbg] [wind_plugin.cpp:96] [0m[1;36mWindPlugin loaded: speed=[0m[1;36m0[0m[1;36m dir=[0m[1;36m0[0m[1;36m deg area=[0m[1;36m0.1[0m[1;36m coeff=[0m[1;36m1[0m[1;36m
[gzserver-2] [0m[1;33m[0m[1;33m[0m[1;31m[Err] [Sensor.cc:510] [0m[1;31mGet noise index not valid[0m[1;31m
[gzserver-2] [0m[1;31m[0m[1;31m[0m[1;31m[Err] [Sensor.cc:510] [0m[1;31mGet noise index not valid[0m[1;31m
[gzserver-2] [0m[1;31m[0m[1;31m[0m[1;31m[Err] [Sensor.cc:510] [0m[1;31mGet noise index not valid[0m[1;31m
[gzserver-2] [0m[1;31m[0m[1;31m[0m[1;31m[Err] [Sensor.cc:510] [0m[1;31mGet noise index not valid[0m[1;31m
[gzserver-2] [0m[1;31m[0m[1;31m[0m[1;31m[Err] [Sensor.cc:510] [0m[1;31mGet noise index not valid[0m[1;31m
[gzserver-2] [0m[1;31m[0m[1;31m[0m[1;31m[Err] [Sensor.cc:510] [0m[1;31mGet noise index not valid[0m[1;31m
[gzserver-2] [0m[1;31m[0m[1;31m[0mTopic [default//drone/base_footprint/down_camera/image] is not valid.
[gzserver-2] [INFO] [1773141187.838210995] [drone.collision_plugin]: Publishing contact states to [/drone/bumper_states]
[gzserver-2] Topic [default//drone/base_footprint/front_camera/image] is not valid.
[gzserver-2] [1;33m[Wrn] [Event.cc:61] [0m[1;33mWarning: Deleting a connection right after creation. [0m[1;33mMake sure to save the ConnectionPtr from a Connect call
[INFO] [spawn_drone-5]: process has finished cleanly [pid 95106]
[gzserver-2] [0m[INFO] [1773141188.427436347] [drone.camera_bottom]: Publishing camera info to [/drone/bottom/camera_info]
[gzserver-2] [INFO] [1773141188.430309904] [drone.camera_front]: Publishing camera info to [/drone/front/camera_info]
[gzserver-2] [INFO] [1773141188.552954936] [drone.simple_drone]: The drone plugin is loading!
[gzserver-2] [INFO] [1773141188.553175133] [drone.simple_drone]: pub_odom: 1
[gzserver-2] [INFO] [1773141188.553218929] [drone.simple_drone]: Using following parameters: 
[gzserver-2] 		link_name: base_footprint,
[gzserver-2] 		max_force: 30,
[gzserver-2] 		motion_small_noise: 0,
[gzserver-2] 		motion_drift_noise: 0,
[gzserver-2] 		motion_drift_noise_time: 50,
[gzserver-2] 		takeoff_hover_height: 1.97,
[gzserver-2] 		takeoff_vertical_speed: 0.2
[gzserver-2] [INFO] [1773141188.565113877] [drone.simple_drone]: Using the PID parameters: 
[gzserver-2] 	Roll Pitch:
[gzserver-2] 		kP: 10, kI: 0,kD: 5, Limit: 0.5, Time Constant: 0
[gzserver-2] 	Yaw:
[gzserver-2] 		kP: 2, kI: 0,kD: 1, Limit: 1.5, Time Constant: 0
[gzserver-2] 	Velocity X:
[gzserver-2] 		kP: 5, kI: 0,kD: 2.3, Limit: 2, Time Constant: 0
[gzserver-2] 	Velocity Y:
[gzserver-2] 		kP: 5, kI: 0,kD: 2.3, Limit: 2, Time Constant: 0
[gzserver-2] 	Velocity Z:
[gzserver-2] 		kP: 5, kI: 0,kD: 1, Limit: -1, Time Constant: 0
[gzserver-2] 	Position XY:
[gzserver-2] 		kP: 1.1, kI: 0,kD: 0, Limit: 5, Time Constant: 0
[gzserver-2] 	Position Z:
[gzserver-2] 		kP: 1, kI: 0,kD: 0.2, Limit: -1, Time Constant: 0
[gzserver-2] [INFO] [1773141188.565248538] [drone.simple_drone]: The drone plugin finished loading!
[gzserver-2] [INFO] [1773141195.764084896] [gazebo_wind_plugin_node]: WindPlugin: set wind_speed=0.00 wind_direction=0.0
[gzserver-2] [INFO] [1773141196.034072241] [gazebo_wind_plugin_node]: WindPlugin: set wind_speed=0.00 wind_direction=0.0
[gzserver-2] [INFO] [1773141196.072614776] [drone.simple_drone]: Quadrotor takes off!!
[gzserver-2] [INFO] [1773141196.273143866] [gazebo_wind_plugin_node]: WindPlugin: set wind_speed=0.00 wind_direction=0.0
[gzserver-2] [INFO] [1773141196.509367888] [gazebo_wind_plugin_node]: WindPlugin: set wind_speed=0.00 wind_direction=0.0
[gzserver-2] [INFO] [1773141196.743287089] [gazebo_wind_plugin_node]: WindPlugin: set wind_speed=0.00 wind_direction=0.0
[gzserver-2] [INFO] [1773141196.982509695] [gazebo_wind_plugin_node]: WindPlugin: set wind_speed=0.00 wind_direction=0.0
[gzserver-2] [INFO] [1773141197.210612366] [gazebo_wind_plugin_node]: WindPlugin: set wind_speed=0.00 wind_direction=0.0
[gzserver-2] [INFO] [1773141197.449832956] [gazebo_wind_plugin_node]: WindPlugin: set wind_speed=0.00 wind_direction=0.0
[gzserver-2] [0m[1;36m[Dbg] [wind_plugin.cpp:110] [0m[1;36mWindPlugin: received command -> speed=[0m[1;36m0[0m[1;36m dir=[0m[1;36m0[0m[1;36m
[gzserver-2] [0m[1;36m[Dbg] [wind_plugin.cpp:110] [0m[1;36mWindPlugin: received command -> speed=[0m[1;36m0[0m[1;36m dir=[0m[1;36m0[0m[1;36m
[gzserver-2] [0m[1;36m[Dbg] [wind_plugin.cpp:110] [0m[1;36mWindPlugin: received command -> speed=[0m[1;36m0[0m[1;36m dir=[0m[1;36m0[0m[1;36m
[gzserver-2] [0m[1;36m[Dbg] [wind_plugin.cpp:110] [0m[1;36mWindPlugin: received command -> speed=[0m[1;36m0[0m[1;36m dir=[0m[1;36m0[0m[1;36m
[gzserver-2] [0m[1;36m[Dbg] [wind_plugin.cpp:110] [0m[1;36mWindPlugin: received command -> speed=[0m[1;36m0[0m[1;36m dir=[0m[1;36m0[0m[1;36m
[gzserver-2] [0m[1;36m[Dbg] [wind_plugin.cpp:110] [0m[1;36mWindPlugin: received command -> speed=[0m[1;36m0[0m[1;36m dir=[0m[1;36m0[0m[1;36m
[gzserver-2] [0m[1;36m[Dbg] [wind_plugin.cpp:110] [0m[1;36mWindPlugin: received command -> speed=[0m[1;36m0[0m[1;36m dir=[0m[1;36m0[0m[1;36m
[gzserver-2] [0m[1;36m[Dbg] [wind_plugin.cpp:110] [0m[1;36mWindPlugin: received command -> speed=[0m[1;36m0[0m[1;36m dir=[0m[1;36m0[0m[1;36m
[gzserver-2] [0mEntering flying model!
[gzserver-2] [INFO] [1773141197.683744061] [gazebo_wind_plugin_node]: WindPlugin: set wind_speed=0.00 wind_direction=0.0
[gzserver-2] [INFO] [1773141197.917928920] [gazebo_wind_plugin_node]: WindPlugin: set wind_speed=0.79 wind_direction=91.3
[gzserver-2] [INFO] [1773141198.151660965] [gazebo_wind_plugin_node]: WindPlugin: set wind_speed=0.79 wind_direction=91.3
[gzserver-2] [INFO] [1773141198.385659925] [gazebo_wind_plugin_node]: WindPlugin: set wind_speed=0.84 wind_direction=93.2
[gzserver-2] [INFO] [1773141198.618766156] [gazebo_wind_plugin_node]: WindPlugin: set wind_speed=0.84 wind_direction=93.2
[gzserver-2] [INFO] [1773141198.853595022] [gazebo_wind_plugin_node]: WindPlugin: set wind_speed=0.84 wind_direction=93.2
[gzserver-2] [INFO] [1773141199.082840608] [gazebo_wind_plugin_node]: WindPlugin: set wind_speed=0.84 wind_direction=93.2
[gzserver-2] [INFO] [1773141199.316627015] [gazebo_wind_plugin_node]: WindPlugin: set wind_speed=0.83 wind_direction=92.5
[gzserver-2] [INFO] [1773141199.555370130] [gazebo_wind_plugin_node]: WindPlugin: set wind_speed=0.83 wind_direction=92.5
[gzserver-2] [INFO] [1773141199.794416036] [gazebo_wind_plugin_node]: WindPlugin: set wind_speed=0.83 wind_direction=92.5
[gzserver-2] [INFO] [1773141200.022619917] [gazebo_wind_plugin_node]: WindPlugin: set wind_speed=0.83 wind_direction=92.5
[gzserver-2] [INFO] [1773141200.256754259] [gazebo_wind_plugin_node]: WindPlugin: set wind_speed=0.83 wind_direction=92.5
[gzserver-2] [INFO] [1773141200.490508935] [gazebo_wind_plugin_node]: WindPlugin: set wind_speed=0.88 wind_direction=90.3
[gzserver-2] [INFO] [1773141200.729077520] [gazebo_wind_plugin_node]: WindPlugin: set wind_speed=0.88 wind_direction=90.3
[gzserver-2] [INFO] [1773141200.767384047] [drone.simple_drone]: Quadrotor lands!!
[gzserver-2] [INFO] [1773141200.969183281] [gazebo_wind_plugin_node]: WindPlugin: set wind_speed=0.88 wind_direction=90.3
[gzserver-2] [INFO] [1773141201.209350002] [gazebo_wind_plugin_node]: WindPlugin: set wind_speed=0.88 wind_direction=90.3
[gzserver-2] [INFO] [1773141201.448519833] [gazebo_wind_plugin_node]: WindPlugin: set wind_speed=0.90 wind_direction=92.7
[gzserver-2] [INFO] [1773141201.688253885] [gazebo_wind_plugin_node]: WindPlugin: set wind_speed=0.90 wind_direction=92.7
[gzserver-2] [1;36m[Dbg] [wind_plugin.cpp:110] [0m[1;36mWindPlugin: received command -> speed=[0m[1;36m0[0m[1;36m dir=[0m[1;36m0[0m[1;36m
[gzserver-2] [0m[1;36m[Dbg] [wind_plugin.cpp:110] [0m[1;36mWindPlugin: received command -> speed=[0m[1;36m0.793134[0m[1;36m dir=[0m[1;36m91.3081[0m[1;36m
[gzserver-2] [0m[1;36m[Dbg] [wind_plugin.cpp:110] [0m[1;36mWindPlugin: received command -> speed=[0m[1;36m0.793134[0m[1;36m dir=[0m[1;36m91.3081[0m[1;36m
[gzserver-2] [0m[1;36m[Dbg] [wind_plugin.cpp:110] [0m[1;36mWindPlugin: received command -> speed=[0m[1;36m0.838322[0m[1;36m dir=[0m[1;36m93.1761[0m[1;36m
[gzserver-2] [0m[1;36m[Dbg] [wind_plugin.cpp:110] [0m[1;36mWindPlugin: received command -> speed=[0m[1;36m0.838322[0m[1;36m dir=[0m[1;36m93.1761[0m[1;36m
[gzserver-2] [0m[1;36m[Dbg] [wind_plugin.cpp:110] [0m[1;36mWindPlugin: received command -> speed=[0m[1;36m0.838322[0m[1;36m dir=[0m[1;36m93.1761[0m[1;36m
[gzserver-2] [0m[1;36m[Dbg] [wind_plugin.cpp:110] [0m[1;36mWindPlugin: received command -> speed=[0m[1;36m0.838322[0m[1;36m dir=[0m[1;36m93.1761[0m[1;36m
[gzserver-2] [0m[1;36m[Dbg] [wind_plugin.cpp:110] [0m[1;36mWindPlugin: received command -> speed=[0m[1;36m0.831143[0m[1;36m dir=[0m[1;36m92.534[0m[1;36m
[gzserver-2] [0m[1;36m[Dbg] [wind_plugin.cpp:110] [0m[1;36mWindPlugin: received command -> speed=[0m[1;36m0.831143[0m[1;36m dir=[0m[1;36m92.534[0m[1;36m
[gzserver-2] [0m[1;36m[Dbg] [wind_plugin.cpp:110] [0m[1;36mWindPlugin: received command -> speed=[0m[1;36m0.831143[0m[1;36m dir=[0m[1;36m92.534[0m[1;36m
[gzserver-2] [0m[1;36m[Dbg] [wind_plugin.cpp:110] [0m[1;36mWindPlugin: received command -> speed=[0m[1;36m0.831143[0m[1;36m dir=[0m[1;36m92.534[0m[1;36m
[gzserver-2] [0m[1;36m[Dbg] [wind_plugin.cpp:110] [0m[1;36mWindPlugin: received command -> speed=[0m[1;36m0.831143[0m[1;36m dir=[0m[1;36m92.534[0m[1;36m
[gzserver-2] [0m[1;36m[Dbg] [wind_plugin.cpp:110] [0m[1;36mWindPlugin: received command -> speed=[0m[1;36m0.875206[0m[1;36m dir=[0m[1;36m90.27[0m[1;36m
[gzserver-2] [0m[1;36m[Dbg] [wind_plugin.cpp:110] [0m[1;36mWindPlugin: received command -> speed=[0m[1;36m0.875206[0m[1;36m dir=[0m[1;36m90.27[0m[1;36m
[gzserver-2] [0m[1;36m[Dbg] [wind_plugin.cpp:110] [0m[1;36mWindPlugin: received command -> speed=[0m[1;36m0.875206[0m[1;36m dir=[0m[1;36m90.27[0m[1;36m
[gzserver-2] [0m[1;36m[Dbg] [wind_plugin.cpp:110] [0m[1;36mWindPlugin: received command -> speed=[0m[1;36m0.875206[0m[1;36m dir=[0m[1;36m90.27[0m[1;36m
[gzserver-2] [0m[1;36m[Dbg] [wind_plugin.cpp:110] [0m[1;36mWindPlugin: received command -> speed=[0m[1;36m0.895719[0m[1;36m dir=[0m[1;36m92.6909[0m[1;36m
[gzserver-2] [0m[1;36m[Dbg] [wind_plugin.cpp:110] [0m[1;36mWindPlugin: received command -> speed=[0m[1;36m0.895719[0m[1;36m dir=[0m[1;36m92.6909[0m[1;36m
[gzserver-2] [0mLanded!
[gzserver-2] [INFO] [1773141201.927841830] [gazebo_wind_plugin_node]: WindPlugin: set wind_speed=0.90 wind_direction=92.7
[gzserver-2] [INFO] [1773141202.159232311] [gazebo_wind_plugin_node]: WindPlugin: set wind_speed=0.90 wind_direction=92.7
[gzserver-2] [INFO] [1773141202.398308999] [gazebo_wind_plugin_node]: WindPlugin: set wind_speed=0.84 wind_direction=92.6
[gzserver-2] [INFO] [1773141202.638542949] [gazebo_wind_plugin_node]: WindPlugin: set wind_speed=0.84 wind_direction=92.6
[gzserver-2] [INFO] [1773141202.877973002] [gazebo_wind_plugin_node]: WindPlugin: set wind_speed=0.84 wind_direction=92.6
[gzserver-2] [INFO] [1773141203.117581849] [gazebo_wind_plugin_node]: WindPlugin: set wind_speed=0.84 wind_direction=92.6
[gzserver-2] [INFO] [1773141203.356713934] [gazebo_wind_plugin_node]: WindPlugin: set wind_speed=0.86 wind_direction=94.0
[gzserver-2] [INFO] [1773141203.595831357] [gazebo_wind_plugin_node]: WindPlugin: set wind_speed=0.86 wind_direction=94.0
