[INFO] [launch]: All log files can be found below /home/j/.ros/log/2026-03-10-17-32-18-310740-j-3595676
[INFO] [launch]: Default logging verbosity is set to INFO
[INFO] [launch.user]: [bringup] Apriltag config: camera=/drone/bottom, image=/drone/bottom/image_raw, tags=/drone/bottom/tags, bridge=/landing_tag_state, standalone=true, use_target_id=true, target_id=0
[INFO] [rviz2-1]: process started with pid [3595690]
[INFO] [gzserver-2]: process started with pid [3595692]
[INFO] [robot_state_publisher-3]: process started with pid [3595694]
[INFO] [joint_state_publisher-4]: process started with pid [3595696]
[INFO] [spawn_drone-5]: process started with pid [3595698]
[INFO] [static_transform_publisher-6]: process started with pid [3595700]
[INFO] [joy_node-7]: process started with pid [3595702]
[INFO] [teleop_joystick-8]: process started with pid [3595704]
[INFO] [apriltag_detector_node-9]: process started with pid [3595706]
[INFO] [apriltag_state_bridge-10]: process started with pid [3595709]
[static_transform_publisher-6] [WARN] [1773131538.784810941] []: Old-style arguments are deprecated; see --help for new-style arguments
[static_transform_publisher-6] [INFO] [1773131538.791381678] [static_transform_publisher_B3oLP7whaLnlwlmi]: Spinning until stopped - publishing transform
[static_transform_publisher-6] translation: ('0.000000', '0.000000', '0.000000')
[static_transform_publisher-6] rotation: ('0.000000', '0.000000', '0.000000', '1.000000')
[static_transform_publisher-6] from 'world' to '/drone/odom'
[rviz2-1] 
[rviz2-1] (rviz2:3595690): dbind-WARNING **: 17:32:18.814: Couldn't connect to accessibility bus: Failed to connect to socket /root/.cache/at-spi/bus_0: 허가 거부
[robot_state_publisher-3] [INFO] [1773131538.818577997] [drone.robot_state_publisher]: got segment base_footprint
[robot_state_publisher-3] [INFO] [1773131538.818669649] [drone.robot_state_publisher]: got segment base_link
[robot_state_publisher-3] [INFO] [1773131538.818681510] [drone.robot_state_publisher]: got segment bottom_cam_link
[robot_state_publisher-3] [INFO] [1773131538.818689293] [drone.robot_state_publisher]: got segment front_cam_link
[robot_state_publisher-3] [INFO] [1773131538.818696338] [drone.robot_state_publisher]: got segment sonar_link
[teleop_joystick-8] Traceback (most recent call last):
[teleop_joystick-8]   File "/home/j/INCSL/IICC26_ws/install/sjtu_drone_control/lib/sjtu_drone_control/teleop_joystick", line 33, in <module>
[teleop_joystick-8]     sys.exit(load_entry_point('sjtu_drone_control==0.0.0', 'console_scripts', 'teleop_joystick')())
[teleop_joystick-8]   File "/home/j/INCSL/IICC26_ws/install/sjtu_drone_control/lib/sjtu_drone_control/teleop_joystick", line 22, in importlib_load_entry_point
[teleop_joystick-8]     for entry_point in distribution(dist_name).entry_points
[teleop_joystick-8]   File "/usr/lib/python3.10/importlib/metadata/__init__.py", line 969, in distribution
[teleop_joystick-8]     return Distribution.from_name(distribution_name)
[teleop_joystick-8]   File "/usr/lib/python3.10/importlib/metadata/__init__.py", line 548, in from_name
[teleop_joystick-8]     raise PackageNotFoundError(name)
[teleop_joystick-8] importlib.metadata.PackageNotFoundError: No package metadata was found for sjtu_drone_control
[apriltag_detector_node-9] [INFO] [1773131538.840841343] [apriltag_detector_node]: tag detector type: umich
[ERROR] [teleop_joystick-8]: process has died [pid 3595704, exit code 1, cmd '/home/j/INCSL/IICC26_ws/install/sjtu_drone_control/lib/sjtu_drone_control/teleop_joystick --ros-args -r __ns:=/drone'].
[gzserver-2] Gazebo multi-robot simulator, version 11.10.2
[gzserver-2] Copyright (C) 2012 Open Source Robotics Foundation.
[gzserver-2] Released under the Apache 2 License.
[gzserver-2] http://gazebosim.org
[gzserver-2] 
[joint_state_publisher-4] [INFO] [1773131539.043030553] [drone.joint_state_publisher]: Waiting for robot_description to be published on the robot_description topic...
[apriltag_state_bridge-10] [INFO] [1773131539.054205180] [apriltag_state_bridge]: AprilTag bridge started: /drone/bottom/tags -> /landing_tag_state, use_target_id=True, target_id=0
[gzserver-2] [1;33m[Wrn] [gazebo_ros_init.cpp:178] [0m[1;33m
[gzserver-2] #     # ####### ####### ###  #####  #######
[gzserver-2] ##    # #     #    #     #  #     # #
[gzserver-2] # #   # #     #    #     #  #       #
[gzserver-2] #  #  # #     #    #     #  #       #####
[gzserver-2] #   # # #     #    #     #  #       #
[gzserver-2] #    ## #     #    #     #  #     # #
[gzserver-2] #     # #######    #    ###  #####  #######
[gzserver-2] 
[gzserver-2] This version of Gazebo, now called Gazebo classic, reaches end-of-life
[gzserver-2] in January 2025. Users are highly encouraged to migrate to the new Gazebo
[gzserver-2] using our migration guides (https://gazebosim.org/docs/latest/gazebo_classic_migration?utm_source=gazebo_ros_pkgs&utm_medium=cli)
[gzserver-2] 
[gzserver-2] [0m[1;33m
[rviz2-1] [INFO] [1773131539.616861251] [rviz2]: Stereo is NOT SUPPORTED
[rviz2-1] [INFO] [1773131539.616949610] [rviz2]: OpenGl version: 4.6 (GLSL 4.6)
[rviz2-1] [INFO] [1773131539.706102595] [rviz2]: Stereo is NOT SUPPORTED
[rviz2-1] [INFO] [1773131539.795842066] [rviz2]: Stereo is NOT SUPPORTED
[gzserver-2] [1;32m[Msg] [0m[1;32mWaiting for master.[0m[1;32m
[gzserver-2] [0m[1;32m[0m[1;32m[0m[1;32m[Msg] [0m[1;32mConnected to gazebo master @ [0m[1;32mhttp://127.0.0.1:11345[0m[1;32m
[gzserver-2] [0m[1;32m[0m[1;32m[0m[1;32m[Msg] [0m[1;32mPublicized address: [0m[1;32m172.16.52.147[0m[1;32m
[gzserver-2] [0m[1;32m[0m[1;32m[0m[1;32m[Msg] [0m[1;32mLoading world file [[0m[1;32m/home/j/INCSL/IICC26_ws/install/sjtu_drone_description/share/sjtu_drone_description/worlds/landingPad.world[0m[1;32m][0m[1;32m
[gzserver-2] [0m[1;32m[0m[1;32m[0m[1;36m[Dbg] [wind_plugin.cpp:96] [0m[1;36mWindPlugin loaded: speed=[0m[1;36m0[0m[1;36m dir=[0m[1;36m0[0m[1;36m deg area=[0m[1;36m0.1[0m[1;36m coeff=[0m[1;36m1[0m[1;36m
[gzserver-2] [0m[1;33m[0m[1;33m[0m[1;31m[Err] [Sensor.cc:510] [0m[1;31mGet noise index not valid[0m[1;31m
[gzserver-2] [0m[1;31m[0m[1;31m[0m[1;31m[Err] [Sensor.cc:510] [0m[1;31mGet noise index not valid[0m[1;31m
[gzserver-2] [0m[1;31m[0m[1;31m[0m[1;31m[Err] [Sensor.cc:510] [0m[1;31mGet noise index not valid[0m[1;31m
[gzserver-2] [0m[1;31m[0m[1;31m[0m[1;31m[Err] [Sensor.cc:510] [0m[1;31mGet noise index not valid[0m[1;31m
[gzserver-2] [0m[1;31m[0m[1;31m[0m[1;31m[Err] [Sensor.cc:510] [0m[1;31mGet noise index not valid[0m[1;31m
[gzserver-2] [0m[1;31m[0m[1;31m[0m[1;31m[Err] [Sensor.cc:510] [0m[1;31mGet noise index not valid[0m[1;31m
[gzserver-2] [0m[1;31m[0m[1;31m[0mTopic [default//drone/base_footprint/down_camera/image] is not valid.
[gzserver-2] [INFO] [1773131540.258340632] [drone.collision_plugin]: Publishing contact states to [/drone/bumper_states]
[gzserver-2] Topic [default//drone/base_footprint/front_camera/image] is not valid.
[gzserver-2] [1;33m[Wrn] [Event.cc:61] [0m[1;33mWarning: Deleting a connection right after creation. [0m[1;33mMake sure to save the ConnectionPtr from a Connect call
[gzserver-2] [0m[INFO] [1773131540.818283112] [drone.camera_bottom]: Publishing camera info to [/drone/bottom/camera_info]
[gzserver-2] [INFO] [1773131540.822869214] [drone.camera_front]: Publishing camera info to [/drone/front/camera_info]
[spawn_drone-5] [INFO] [1773131540.831767457] [spawn_drone]: Result True SpawnEntity: Successfully spawned entity [/drone]
[gzserver-2] [INFO] [1773131540.944799776] [drone.simple_drone]: The drone plugin is loading!
[gzserver-2] [INFO] [1773131540.945000642] [drone.simple_drone]: pub_odom: 1
[gzserver-2] [INFO] [1773131540.945039587] [drone.simple_drone]: Using following parameters: 
[gzserver-2] 		link_name: base_footprint,
[gzserver-2] 		max_force: 30,
[gzserver-2] 		motion_small_noise: 0,
[gzserver-2] 		motion_drift_noise: 0,
[gzserver-2] 		motion_drift_noise_time: 50,
[gzserver-2] 		takeoff_hover_height: 2.14,
[gzserver-2] 		takeoff_vertical_speed: 0.2
[gzserver-2] [INFO] [1773131540.956757413] [drone.simple_drone]: Using the PID parameters: 
[gzserver-2] 	Roll Pitch:
[gzserver-2] 		kP: 10, kI: 0,kD: 5, Limit: 0.5, Time Constant: 0
[gzserver-2] 	Yaw:
[gzserver-2] 		kP: 2, kI: 0,kD: 1, Limit: 1.5, Time Constant: 0
[gzserver-2] 	Velocity X:
[gzserver-2] 		kP: 5, kI: 0,kD: 2.3, Limit: 2, Time Constant: 0
[gzserver-2] 	Velocity Y:
[gzserver-2] 		kP: 5, kI: 0,kD: 2.3, Limit: 2, Time Constant: 0
[gzserver-2] 	Velocity Z:
[gzserver-2] 		kP: 5, kI: 0,kD: 1, Limit: -1, Time Constant: 0
[gzserver-2] 	Position XY:
[gzserver-2] 		kP: 1.1, kI: 0,kD: 0, Limit: 5, Time Constant: 0
[gzserver-2] 	Position Z:
[gzserver-2] 		kP: 1, kI: 0,kD: 0.2, Limit: -1, Time Constant: 0
[gzserver-2] [INFO] [1773131540.956889035] [drone.simple_drone]: The drone plugin finished loading!
[INFO] [spawn_drone-5]: process has finished cleanly [pid 3595698]
[gzserver-2] [INFO] [1773131548.149663771] [gazebo_wind_plugin_node]: WindPlugin: set wind_speed=0.00 wind_direction=0.0
[gzserver-2] [INFO] [1773131548.421572593] [gazebo_wind_plugin_node]: WindPlugin: set wind_speed=0.00 wind_direction=0.0
[gzserver-2] [INFO] [1773131548.458212115] [drone.simple_drone]: Quadrotor takes off!!
[gzserver-2] [INFO] [1773131548.659722838] [gazebo_wind_plugin_node]: WindPlugin: set wind_speed=0.00 wind_direction=0.0
[gzserver-2] [INFO] [1773131548.903899433] [gazebo_wind_plugin_node]: WindPlugin: set wind_speed=0.00 wind_direction=0.0
[gzserver-2] [INFO] [1773131549.148230877] [gazebo_wind_plugin_node]: WindPlugin: set wind_speed=0.00 wind_direction=0.0
[gzserver-2] [INFO] [1773131549.390261129] [gazebo_wind_plugin_node]: WindPlugin: set wind_speed=0.00 wind_direction=0.0
[gzserver-2] [INFO] [1773131549.629529762] [gazebo_wind_plugin_node]: WindPlugin: set wind_speed=0.00 wind_direction=0.0
[gzserver-2] [INFO] [1773131549.868838551] [gazebo_wind_plugin_node]: WindPlugin: set wind_speed=0.00 wind_direction=0.0
[gzserver-2] [INFO] [1773131550.102792948] [gazebo_wind_plugin_node]: WindPlugin: set wind_speed=0.00 wind_direction=0.0
[gzserver-2] [0m[1;36m[Dbg] [wind_plugin.cpp:110] [0m[1;36mWindPlugin: received command -> speed=[0m[1;36m0[0m[1;36m dir=[0m[1;36m0[0m[1;36m
[gzserver-2] [0m[1;36m[Dbg] [wind_plugin.cpp:110] [0m[1;36mWindPlugin: received command -> speed=[0m[1;36m0[0m[1;36m dir=[0m[1;36m0[0m[1;36m
[gzserver-2] [0m[1;36m[Dbg] [wind_plugin.cpp:110] [0m[1;36mWindPlugin: received command -> speed=[0m[1;36m0[0m[1;36m dir=[0m[1;36m0[0m[1;36m
[gzserver-2] [0m[1;36m[Dbg] [wind_plugin.cpp:110] [0m[1;36mWindPlugin: received command -> speed=[0m[1;36m0[0m[1;36m dir=[0m[1;36m0[0m[1;36m
[gzserver-2] [0m[1;36m[Dbg] [wind_plugin.cpp:110] [0m[1;36mWindPlugin: received command -> speed=[0m[1;36m0[0m[1;36m dir=[0m[1;36m0[0m[1;36m
[gzserver-2] [0m[1;36m[Dbg] [wind_plugin.cpp:110] [0m[1;36mWindPlugin: received command -> speed=[0m[1;36m0[0m[1;36m dir=[0m[1;36m0[0m[1;36m
[gzserver-2] [0m[1;36m[Dbg] [wind_plugin.cpp:110] [0m[1;36mWindPlugin: received command -> speed=[0m[1;36m0[0m[1;36m dir=[0m[1;36m0[0m[1;36m
[gzserver-2] [0m[1;36m[Dbg] [wind_plugin.cpp:110] [0m[1;36mWindPlugin: received command -> speed=[0m[1;36m0[0m[1;36m dir=[0m[1;36m0[0m[1;36m
[gzserver-2] [0m[1;36m[Dbg] [wind_plugin.cpp:110] [0m[1;36mWindPlugin: received command -> speed=[0m[1;36m0[0m[1;36m dir=[0m[1;36m0[0m[1;36m
[gzserver-2] [0mEntering flying model!
[gzserver-2] [INFO] [1773131550.337166776] [gazebo_wind_plugin_node]: WindPlugin: set wind_speed=0.00 wind_direction=0.0
[gzserver-2] [INFO] [1773131550.576753000] [gazebo_wind_plugin_node]: WindPlugin: set wind_speed=0.84 wind_direction=-81.2
[gzserver-2] [INFO] [1773131550.805270067] [gazebo_wind_plugin_node]: WindPlugin: set wind_speed=0.96 wind_direction=-81.5
[gzserver-2] [INFO] [1773131551.045038545] [gazebo_wind_plugin_node]: WindPlugin: set wind_speed=0.96 wind_direction=-81.5
[gzserver-2] [INFO] [1773131551.276233843] [gazebo_wind_plugin_node]: WindPlugin: set wind_speed=0.96 wind_direction=-81.5
[gzserver-2] [INFO] [1773131551.515277667] [gazebo_wind_plugin_node]: WindPlugin: set wind_speed=0.96 wind_direction=-81.5
[gzserver-2] [INFO] [1773131551.744132329] [gazebo_wind_plugin_node]: WindPlugin: set wind_speed=1.09 wind_direction=-78.9
[gzserver-2] [INFO] [1773131551.983481790] [gazebo_wind_plugin_node]: WindPlugin: set wind_speed=1.09 wind_direction=-78.9
[gzserver-2] [INFO] [1773131552.223563256] [gazebo_wind_plugin_node]: WindPlugin: set wind_speed=1.09 wind_direction=-78.9
[gzserver-2] [INFO] [1773131552.457940097] [gazebo_wind_plugin_node]: WindPlugin: set wind_speed=1.09 wind_direction=-78.9
[gzserver-2] [INFO] [1773131552.697598490] [gazebo_wind_plugin_node]: WindPlugin: set wind_speed=0.97 wind_direction=-82.1
[gzserver-2] [INFO] [1773131552.932270507] [gazebo_wind_plugin_node]: WindPlugin: set wind_speed=0.97 wind_direction=-82.1
[gzserver-2] [INFO] [1773131553.172377103] [gazebo_wind_plugin_node]: WindPlugin: set wind_speed=0.97 wind_direction=-82.1
[gzserver-2] [INFO] [1773131553.411113071] [gazebo_wind_plugin_node]: WindPlugin: set wind_speed=0.97 wind_direction=-82.1
[gzserver-2] [INFO] [1773131553.450139524] [drone.simple_drone]: Quadrotor lands!!
[gzserver-2] [INFO] [1773131553.651501572] [gazebo_wind_plugin_node]: WindPlugin: set wind_speed=0.85 wind_direction=-80.6
[gzserver-2] [INFO] [1773131553.896855170] [gazebo_wind_plugin_node]: WindPlugin: set wind_speed=0.85 wind_direction=-80.6
[gzserver-2] [INFO] [1773131554.136601143] [gazebo_wind_plugin_node]: WindPlugin: set wind_speed=0.85 wind_direction=-80.6
[gzserver-2] [INFO] [1773131554.376492558] [gazebo_wind_plugin_node]: WindPlugin: set wind_speed=0.85 wind_direction=-80.6
[gzserver-2] [1;36m[Dbg] [wind_plugin.cpp:110] [0m[1;36mWindPlugin: received command -> speed=[0m[1;36m0[0m[1;36m dir=[0m[1;36m0[0m[1;36m
[gzserver-2] [0m[1;36m[Dbg] [wind_plugin.cpp:110] [0m[1;36mWindPlugin: received command -> speed=[0m[1;36m0.836303[0m[1;36m dir=[0m[1;36m-81.1643[0m[1;36m
[gzserver-2] [0m[1;36m[Dbg] [wind_plugin.cpp:110] [0m[1;36mWindPlugin: received command -> speed=[0m[1;36m0.95508[0m[1;36m dir=[0m[1;36m-81.4971[0m[1;36m
[gzserver-2] [0m[1;36m[Dbg] [wind_plugin.cpp:110] [0m[1;36mWindPlugin: received command -> speed=[0m[1;36m0.95508[0m[1;36m dir=[0m[1;36m-81.4971[0m[1;36m
[gzserver-2] [0m[1;36m[Dbg] [wind_plugin.cpp:110] [0m[1;36mWindPlugin: received command -> speed=[0m[1;36m0.95508[0m[1;36m dir=[0m[1;36m-81.4971[0m[1;36m
[gzserver-2] [0m[1;36m[Dbg] [wind_plugin.cpp:110] [0m[1;36mWindPlugin: received command -> speed=[0m[1;36m0.95508[0m[1;36m dir=[0m[1;36m-81.4971[0m[1;36m
[gzserver-2] [0m[1;36m[Dbg] [wind_plugin.cpp:110] [0m[1;36mWindPlugin: received command -> speed=[0m[1;36m1.08935[0m[1;36m dir=[0m[1;36m-78.8819[0m[1;36m
[gzserver-2] [0m[1;36m[Dbg] [wind_plugin.cpp:110] [0m[1;36mWindPlugin: received command -> speed=[0m[1;36m1.08935[0m[1;36m dir=[0m[1;36m-78.8819[0m[1;36m
[gzserver-2] [0m[1;36m[Dbg] [wind_plugin.cpp:110] [0m[1;36mWindPlugin: received command -> speed=[0m[1;36m1.08935[0m[1;36m dir=[0m[1;36m-78.8819[0m[1;36m
[gzserver-2] [0m[1;36m[Dbg] [wind_plugin.cpp:110] [0m[1;36mWindPlugin: received command -> speed=[0m[1;36m1.08935[0m[1;36m dir=[0m[1;36m-78.8819[0m[1;36m
[gzserver-2] [0m[1;36m[Dbg] [wind_plugin.cpp:110] [0m[1;36mWindPlugin: received command -> speed=[0m[1;36m0.973963[0m[1;36m dir=[0m[1;36m-82.1346[0m[1;36m
[gzserver-2] [0m[1;36m[Dbg] [wind_plugin.cpp:110] [0m[1;36mWindPlugin: received command -> speed=[0m[1;36m0.973963[0m[1;36m dir=[0m[1;36m-82.1346[0m[1;36m
[gzserver-2] [0m[1;36m[Dbg] [wind_plugin.cpp:110] [0m[1;36mWindPlugin: received command -> speed=[0m[1;36m0.973963[0m[1;36m dir=[0m[1;36m-82.1346[0m[1;36m
[gzserver-2] [0m[1;36m[Dbg] [wind_plugin.cpp:110] [0m[1;36mWindPlugin: received command -> speed=[0m[1;36m0.973963[0m[1;36m dir=[0m[1;36m-82.1346[0m[1;36m
[gzserver-2] [0m[1;36m[Dbg] [wind_plugin.cpp:110] [0m[1;36mWindPlugin: received command -> speed=[0m[1;36m0.847878[0m[1;36m dir=[0m[1;36m-80.5809[0m[1;36m
[gzserver-2] [0m[1;36m[Dbg] [wind_plugin.cpp:110] [0m[1;36mWindPlugin: received command -> speed=[0m[1;36m0.847878[0m[1;36m dir=[0m[1;36m-80.5809[0m[1;36m
[gzserver-2] [0m[1;36m[Dbg] [wind_plugin.cpp:110] [0m[1;36mWindPlugin: received command -> speed=[0m[1;36m0.847878[0m[1;36m dir=[0m[1;36m-80.5809[0m[1;36m
[gzserver-2] [0m[1;36m[Dbg] [wind_plugin.cpp:110] [0m[1;36mWindPlugin: received command -> speed=[0m[1;36m0.847878[0m[1;36m dir=[0m[1;36m-80.5809[0m[1;36m
[gzserver-2] [0mLanded!
[gzserver-2] [INFO] [1773131554.620295502] [gazebo_wind_plugin_node]: WindPlugin: set wind_speed=0.85 wind_direction=-80.6
[gzserver-2] [INFO] [1773131554.859670737] [gazebo_wind_plugin_node]: WindPlugin: set wind_speed=0.94 wind_direction=-80.2
[gzserver-2] [INFO] [1773131555.099028468] [gazebo_wind_plugin_node]: WindPlugin: set wind_speed=0.94 wind_direction=-80.2
[gzserver-2] [INFO] [1773131555.332844895] [gazebo_wind_plugin_node]: WindPlugin: set wind_speed=0.94 wind_direction=-80.2
[gzserver-2] [INFO] [1773131555.572458520] [gazebo_wind_plugin_node]: WindPlugin: set wind_speed=0.94 wind_direction=-80.2
[gzserver-2] [INFO] [1773131555.806939333] [gazebo_wind_plugin_node]: WindPlugin: set wind_speed=0.97 wind_direction=-79.3
[gzserver-2] [INFO] [1773131556.041122990] [gazebo_wind_plugin_node]: WindPlugin: set wind_speed=0.97 wind_direction=-79.3
[gzserver-2] [INFO] [1773131556.280640205] [gazebo_wind_plugin_node]: WindPlugin: set wind_speed=0.97 wind_direction=-79.3
