[INFO] [launch]: All log files can be found below /home/j/.ros/log/2026-03-10-01-19-08-144355-j-878986
[INFO] [launch]: Default logging verbosity is set to INFO
[INFO] [launch.user]: [bringup] Apriltag config: camera=/drone/bottom, image=/drone/bottom/image_raw, tags=/drone/bottom/tags, bridge=/landing_tag_state, standalone=true, use_target_id=true, target_id=0
[INFO] [rviz2-1]: process started with pid [878992]
[INFO] [gzserver-2]: process started with pid [878994]
[INFO] [robot_state_publisher-3]: process started with pid [878996]
[INFO] [joint_state_publisher-4]: process started with pid [878998]
[INFO] [spawn_drone-5]: process started with pid [879000]
[INFO] [static_transform_publisher-6]: process started with pid [879002]
[INFO] [joy_node-7]: process started with pid [879004]
[INFO] [teleop_joystick-8]: process started with pid [879006]
[INFO] [apriltag_detector_node-9]: process started with pid [879008]
[INFO] [apriltag_state_bridge-10]: process started with pid [879011]
[static_transform_publisher-6] [WARN] [1773073148.619236143] []: Old-style arguments are deprecated; see --help for new-style arguments
[static_transform_publisher-6] [INFO] [1773073148.623695571] [static_transform_publisher_BXLOSSAEZC9yezd4]: Spinning until stopped - publishing transform
[static_transform_publisher-6] translation: ('0.000000', '0.000000', '0.000000')
[static_transform_publisher-6] rotation: ('0.000000', '0.000000', '0.000000', '1.000000')
[static_transform_publisher-6] from 'world' to '/drone/odom'
[robot_state_publisher-3] [INFO] [1773073148.641164946] [drone.robot_state_publisher]: got segment base_footprint
[robot_state_publisher-3] [INFO] [1773073148.641235363] [drone.robot_state_publisher]: got segment base_link
[robot_state_publisher-3] [INFO] [1773073148.641241805] [drone.robot_state_publisher]: got segment bottom_cam_link
[robot_state_publisher-3] [INFO] [1773073148.641245234] [drone.robot_state_publisher]: got segment front_cam_link
[robot_state_publisher-3] [INFO] [1773073148.641248223] [drone.robot_state_publisher]: got segment sonar_link
[rviz2-1] 
[rviz2-1] (rviz2:878992): dbind-WARNING **: 01:19:08.651: Couldn't connect to accessibility bus: Failed to connect to socket /root/.cache/at-spi/bus_0: 허가 거부
[apriltag_detector_node-9] [INFO] [1773073148.669137832] [apriltag_detector_node]: tag detector type: umich
[teleop_joystick-8] Traceback (most recent call last):
[teleop_joystick-8]   File "/home/j/INCSL/IICC26_ws/install/sjtu_drone_control/lib/sjtu_drone_control/teleop_joystick", line 33, in <module>
[teleop_joystick-8]     sys.exit(load_entry_point('sjtu_drone_control==0.0.0', 'console_scripts', 'teleop_joystick')())
[teleop_joystick-8]   File "/home/j/INCSL/IICC26_ws/install/sjtu_drone_control/lib/sjtu_drone_control/teleop_joystick", line 22, in importlib_load_entry_point
[teleop_joystick-8]     for entry_point in distribution(dist_name).entry_points
[teleop_joystick-8]   File "/usr/lib/python3.10/importlib/metadata/__init__.py", line 969, in distribution
[teleop_joystick-8]     return Distribution.from_name(distribution_name)
[teleop_joystick-8]   File "/usr/lib/python3.10/importlib/metadata/__init__.py", line 548, in from_name
[teleop_joystick-8]     raise PackageNotFoundError(name)
[teleop_joystick-8] importlib.metadata.PackageNotFoundError: No package metadata was found for sjtu_drone_control
[ERROR] [teleop_joystick-8]: process has died [pid 879006, exit code 1, cmd '/home/j/INCSL/IICC26_ws/install/sjtu_drone_control/lib/sjtu_drone_control/teleop_joystick --ros-args -r __ns:=/drone'].
[gzserver-2] Gazebo multi-robot simulator, version 11.10.2
[gzserver-2] Copyright (C) 2012 Open Source Robotics Foundation.
[gzserver-2] Released under the Apache 2 License.
[gzserver-2] http://gazebosim.org
[gzserver-2] 
[apriltag_state_bridge-10] [INFO] [1773073148.933041031] [apriltag_state_bridge]: AprilTag bridge started: /drone/bottom/tags -> /landing_tag_state, use_target_id=True, target_id=0
[joint_state_publisher-4] [INFO] [1773073148.955019283] [drone.joint_state_publisher]: Waiting for robot_description to be published on the robot_description topic...
[gzserver-2] [1;33m[Wrn] [gazebo_ros_init.cpp:178] [0m[1;33m
[gzserver-2] #     # ####### ####### ###  #####  #######
[gzserver-2] ##    # #     #    #     #  #     # #
[gzserver-2] # #   # #     #    #     #  #       #
[gzserver-2] #  #  # #     #    #     #  #       #####
[gzserver-2] #   # # #     #    #     #  #       #
[gzserver-2] #    ## #     #    #     #  #     # #
[gzserver-2] #     # #######    #    ###  #####  #######
[gzserver-2] 
[gzserver-2] This version of Gazebo, now called Gazebo classic, reaches end-of-life
[gzserver-2] in January 2025. Users are highly encouraged to migrate to the new Gazebo
[gzserver-2] using our migration guides (https://gazebosim.org/docs/latest/gazebo_classic_migration?utm_source=gazebo_ros_pkgs&utm_medium=cli)
[gzserver-2] 
[gzserver-2] [0m[1;33m
[rviz2-1] [INFO] [1773073149.422873048] [rviz2]: Stereo is NOT SUPPORTED
[rviz2-1] [INFO] [1773073149.422962599] [rviz2]: OpenGl version: 4.6 (GLSL 4.6)
[rviz2-1] [INFO] [1773073149.544505235] [rviz2]: Stereo is NOT SUPPORTED
[rviz2-1] [INFO] [1773073149.617630155] [rviz2]: Stereo is NOT SUPPORTED
[spawn_drone-5] [INFO] [1773073150.030507345] [spawn_drone]: Result False Entity pushed to spawn queue, but spawn service timed outwaiting for entity to appear in simulation under the name [/drone]
[gzserver-2] [1;32m[Msg] [0m[1;32mWaiting for master.[0m[1;32m
[gzserver-2] [0m[1;32m[0m[1;32m[0m[1;32m[Msg] [0m[1;32mConnected to gazebo master @ [0m[1;32mhttp://127.0.0.1:11345[0m[1;32m
[gzserver-2] [0m[1;32m[0m[1;32m[0m[1;32m[Msg] [0m[1;32mPublicized address: [0m[1;32m192.168.0.11[0m[1;32m
[gzserver-2] [0m[1;32m[0m[1;32m[0m[1;32m[Msg] [0m[1;32mLoading world file [[0m[1;32m/home/j/INCSL/IICC26_ws/install/sjtu_drone_description/share/sjtu_drone_description/worlds/landingPad.world[0m[1;32m][0m[1;32m
[gzserver-2] [0m[1;32m[0m[1;32m[0m[1;36m[Dbg] [wind_plugin.cpp:96] [0m[1;36mWindPlugin loaded: speed=[0m[1;36m0[0m[1;36m dir=[0m[1;36m0[0m[1;36m deg area=[0m[1;36m0.1[0m[1;36m coeff=[0m[1;36m1[0m[1;36m
[gzserver-2] [0m[1;33m[0m[1;33m[0m[1;31m[Err] [Sensor.cc:510] [0m[1;31mGet noise index not valid[0m[1;31m
[gzserver-2] [0m[1;31m[0m[1;31m[0m[1;31m[Err] [Sensor.cc:510] [0m[1;31mGet noise index not valid[0m[1;31m
[gzserver-2] [0m[1;31m[0m[1;31m[0m[1;31m[Err] [Sensor.cc:510] [0m[1;31mGet noise index not valid[0m[1;31m
[gzserver-2] [0m[1;31m[0m[1;31m[0m[1;31m[Err] [Sensor.cc:510] [0m[1;31mGet noise index not valid[0m[1;31m
[gzserver-2] [0m[1;31m[0m[1;31m[0m[1;31m[Err] [Sensor.cc:510] [0m[1;31mGet noise index not valid[0m[1;31m
[gzserver-2] [0m[1;31m[0m[1;31m[0m[1;31m[Err] [Sensor.cc:510] [0m[1;31mGet noise index not valid[0m[1;31m
[gzserver-2] [0m[1;31m[0m[1;31m[0mTopic [default//drone/base_footprint/down_camera/image] is not valid.
[gzserver-2] Topic [default//drone/base_footprint/front_camera/image] is not valid.
[gzserver-2] [INFO] [1773073150.063968438] [drone.collision_plugin]: Publishing contact states to [/drone/bumper_states]
[gzserver-2] [1;33m[Wrn] [Event.cc:61] [0m[1;33mWarning: Deleting a connection right after creation. [0m[1;33mMake sure to save the ConnectionPtr from a Connect call
[INFO] [spawn_drone-5]: process has finished cleanly [pid 879000]
[gzserver-2] [0m[INFO] [1773073150.656840274] [drone.camera_bottom]: Publishing camera info to [/drone/bottom/camera_info]
[gzserver-2] [INFO] [1773073150.661485971] [drone.camera_front]: Publishing camera info to [/drone/front/camera_info]
[gzserver-2] [INFO] [1773073150.783058730] [drone.simple_drone]: The drone plugin is loading!
[gzserver-2] [INFO] [1773073150.783255417] [drone.simple_drone]: pub_odom: 1
[gzserver-2] [INFO] [1773073150.783293148] [drone.simple_drone]: Using following parameters: 
[gzserver-2] 		link_name: base_footprint,
[gzserver-2] 		max_force: 30,
[gzserver-2] 		motion_small_noise: 0,
[gzserver-2] 		motion_drift_noise: 0,
[gzserver-2] 		motion_drift_noise_time: 50,
[gzserver-2] 		takeoff_hover_height: 2.16,
[gzserver-2] 		takeoff_vertical_speed: 0.2
[gzserver-2] [INFO] [1773073150.794942628] [drone.simple_drone]: Using the PID parameters: 
[gzserver-2] 	Roll Pitch:
[gzserver-2] 		kP: 10, kI: 0,kD: 5, Limit: 0.5, Time Constant: 0
[gzserver-2] 	Yaw:
[gzserver-2] 		kP: 2, kI: 0,kD: 1, Limit: 1.5, Time Constant: 0
[gzserver-2] 	Velocity X:
[gzserver-2] 		kP: 5, kI: 0,kD: 2.3, Limit: 2, Time Constant: 0
[gzserver-2] 	Velocity Y:
[gzserver-2] 		kP: 5, kI: 0,kD: 2.3, Limit: 2, Time Constant: 0
[gzserver-2] 	Velocity Z:
[gzserver-2] 		kP: 5, kI: 0,kD: 1, Limit: -1, Time Constant: 0
[gzserver-2] 	Position XY:
[gzserver-2] 		kP: 1.1, kI: 0,kD: 0, Limit: 5, Time Constant: 0
[gzserver-2] 	Position Z:
[gzserver-2] 		kP: 1, kI: 0,kD: 0.2, Limit: -1, Time Constant: 0
[gzserver-2] [INFO] [1773073150.795084116] [drone.simple_drone]: The drone plugin finished loading!
[gzserver-2] [INFO] [1773073157.969936746] [gazebo_wind_plugin_node]: WindPlugin: set wind_speed=0.00 wind_direction=0.0
[gzserver-2] [INFO] [1773073158.234402920] [gazebo_wind_plugin_node]: WindPlugin: set wind_speed=0.00 wind_direction=0.0
[gzserver-2] [INFO] [1773073158.272993436] [drone.simple_drone]: Quadrotor takes off!!
[gzserver-2] [INFO] [1773073158.474192507] [gazebo_wind_plugin_node]: WindPlugin: set wind_speed=0.00 wind_direction=0.0
[gzserver-2] [INFO] [1773073158.712975474] [gazebo_wind_plugin_node]: WindPlugin: set wind_speed=0.00 wind_direction=0.0
[gzserver-2] [INFO] [1773073158.951886783] [gazebo_wind_plugin_node]: WindPlugin: set wind_speed=0.00 wind_direction=0.0
[gzserver-2] [INFO] [1773073159.185750086] [gazebo_wind_plugin_node]: WindPlugin: set wind_speed=0.00 wind_direction=0.0
[gzserver-2] [INFO] [1773073159.424995191] [gazebo_wind_plugin_node]: WindPlugin: set wind_speed=0.00 wind_direction=0.0
[gzserver-2] [INFO] [1773073159.664088571] [gazebo_wind_plugin_node]: WindPlugin: set wind_speed=0.00 wind_direction=0.0
[gzserver-2] [INFO] [1773073159.903581735] [gazebo_wind_plugin_node]: WindPlugin: set wind_speed=0.00 wind_direction=0.0
[gzserver-2] [0m[1;36m[Dbg] [wind_plugin.cpp:110] [0m[1;36mWindPlugin: received command -> speed=[0m[1;36m0[0m[1;36m dir=[0m[1;36m0[0m[1;36m
[gzserver-2] [0m[1;36m[Dbg] [wind_plugin.cpp:110] [0m[1;36mWindPlugin: received command -> speed=[0m[1;36m0[0m[1;36m dir=[0m[1;36m0[0m[1;36m
[gzserver-2] [0m[1;36m[Dbg] [wind_plugin.cpp:110] [0m[1;36mWindPlugin: received command -> speed=[0m[1;36m0[0m[1;36m dir=[0m[1;36m0[0m[1;36m
[gzserver-2] [0m[1;36m[Dbg] [wind_plugin.cpp:110] [0m[1;36mWindPlugin: received command -> speed=[0m[1;36m0[0m[1;36m dir=[0m[1;36m0[0m[1;36m
[gzserver-2] [0m[1;36m[Dbg] [wind_plugin.cpp:110] [0m[1;36mWindPlugin: received command -> speed=[0m[1;36m0[0m[1;36m dir=[0m[1;36m0[0m[1;36m
[gzserver-2] [0m[1;36m[Dbg] [wind_plugin.cpp:110] [0m[1;36mWindPlugin: received command -> speed=[0m[1;36m0[0m[1;36m dir=[0m[1;36m0[0m[1;36m
[gzserver-2] [0m[1;36m[Dbg] [wind_plugin.cpp:110] [0m[1;36mWindPlugin: received command -> speed=[0m[1;36m0[0m[1;36m dir=[0m[1;36m0[0m[1;36m
[gzserver-2] [0m[1;36m[Dbg] [wind_plugin.cpp:110] [0m[1;36mWindPlugin: received command -> speed=[0m[1;36m0[0m[1;36m dir=[0m[1;36m0[0m[1;36m
[gzserver-2] [0m[1;36m[Dbg] [wind_plugin.cpp:110] [0m[1;36mWindPlugin: received command -> speed=[0m[1;36m0[0m[1;36m dir=[0m[1;36m0[0m[1;36m
[gzserver-2] [0mEntering flying model!
[gzserver-2] [INFO] [1773073160.142535291] [gazebo_wind_plugin_node]: WindPlugin: set wind_speed=0.00 wind_direction=0.0
[gzserver-2] [INFO] [1773073160.383816110] [gazebo_wind_plugin_node]: WindPlugin: set wind_speed=1.92 wind_direction=-3.5
[gzserver-2] [INFO] [1773073160.618103928] [gazebo_wind_plugin_node]: WindPlugin: set wind_speed=1.89 wind_direction=-5.5
[gzserver-2] [INFO] [1773073160.851335909] [gazebo_wind_plugin_node]: WindPlugin: set wind_speed=1.89 wind_direction=-5.5
[gzserver-2] [INFO] [1773073161.090702361] [gazebo_wind_plugin_node]: WindPlugin: set wind_speed=1.89 wind_direction=-5.5
[gzserver-2] [INFO] [1773073161.321224780] [gazebo_wind_plugin_node]: WindPlugin: set wind_speed=1.89 wind_direction=-5.5
[gzserver-2] [INFO] [1773073161.562639336] [gazebo_wind_plugin_node]: WindPlugin: set wind_speed=1.84 wind_direction=-6.5
[gzserver-2] [INFO] [1773073161.797753986] [gazebo_wind_plugin_node]: WindPlugin: set wind_speed=1.84 wind_direction=-6.5
[gzserver-2] [INFO] [1773073162.032048097] [gazebo_wind_plugin_node]: WindPlugin: set wind_speed=1.84 wind_direction=-6.5
[gzserver-2] [INFO] [1773073162.273914718] [gazebo_wind_plugin_node]: WindPlugin: set wind_speed=1.84 wind_direction=-6.5
[gzserver-2] [INFO] [1773073162.508083948] [gazebo_wind_plugin_node]: WindPlugin: set wind_speed=1.99 wind_direction=-4.6
[gzserver-2] [INFO] [1773073162.742238443] [gazebo_wind_plugin_node]: WindPlugin: set wind_speed=1.99 wind_direction=-4.6
[gzserver-2] [INFO] [1773073162.981520291] [gazebo_wind_plugin_node]: WindPlugin: set wind_speed=1.99 wind_direction=-4.6
[gzserver-2] [INFO] [1773073163.220407099] [gazebo_wind_plugin_node]: WindPlugin: set wind_speed=1.99 wind_direction=-4.6
[gzserver-2] [INFO] [1773073163.454818818] [gazebo_wind_plugin_node]: WindPlugin: set wind_speed=1.99 wind_direction=-4.6
[gzserver-2] [INFO] [1773073163.693959985] [gazebo_wind_plugin_node]: WindPlugin: set wind_speed=1.76 wind_direction=-2.6
[gzserver-2] [INFO] [1773073163.933260241] [gazebo_wind_plugin_node]: WindPlugin: set wind_speed=1.76 wind_direction=-2.6
[gzserver-2] [INFO] [1773073164.166832640] [gazebo_wind_plugin_node]: WindPlugin: set wind_speed=1.76 wind_direction=-2.6
[gzserver-2] [INFO] [1773073164.406217149] [gazebo_wind_plugin_node]: WindPlugin: set wind_speed=1.76 wind_direction=-2.6
[gzserver-2] [INFO] [1773073164.645888369] [gazebo_wind_plugin_node]: WindPlugin: set wind_speed=1.77 wind_direction=-2.5
[gzserver-2] [INFO] [1773073164.879843623] [gazebo_wind_plugin_node]: WindPlugin: set wind_speed=1.77 wind_direction=-2.5
[gzserver-2] [INFO] [1773073165.119347079] [gazebo_wind_plugin_node]: WindPlugin: set wind_speed=1.77 wind_direction=-2.5
[gzserver-2] [INFO] [1773073165.359290167] [gazebo_wind_plugin_node]: WindPlugin: set wind_speed=1.77 wind_direction=-2.5
[gzserver-2] [INFO] [1773073165.391581012] [drone.simple_drone]: Quadrotor lands!!
[gzserver-2] [INFO] [1773073165.593021622] [gazebo_wind_plugin_node]: WindPlugin: set wind_speed=1.93 wind_direction=-4.4
[gzserver-2] [INFO] [1773073165.832113179] [gazebo_wind_plugin_node]: WindPlugin: set wind_speed=1.93 wind_direction=-4.4
[gzserver-2] [INFO] [1773073166.070720545] [gazebo_wind_plugin_node]: WindPlugin: set wind_speed=1.93 wind_direction=-4.4
[gzserver-2] [INFO] [1773073166.310020324] [gazebo_wind_plugin_node]: WindPlugin: set wind_speed=1.93 wind_direction=-4.4
[gzserver-2] [1;36m[Dbg] [wind_plugin.cpp:110] [0m[1;36mWindPlugin: received command -> speed=[0m[1;36m0[0m[1;36m dir=[0m[1;36m0[0m[1;36m
[gzserver-2] [0m[1;36m[Dbg] [wind_plugin.cpp:110] [0m[1;36mWindPlugin: received command -> speed=[0m[1;36m1.92331[0m[1;36m dir=[0m[1;36m-3.51811[0m[1;36m
[gzserver-2] [0m[1;36m[Dbg] [wind_plugin.cpp:110] [0m[1;36mWindPlugin: received command -> speed=[0m[1;36m1.89445[0m[1;36m dir=[0m[1;36m-5.48933[0m[1;36m
[gzserver-2] [0m[1;36m[Dbg] [wind_plugin.cpp:110] [0m[1;36mWindPlugin: received command -> speed=[0m[1;36m1.89445[0m[1;36m dir=[0m[1;36m-5.48933[0m[1;36m
[gzserver-2] [0m[1;36m[Dbg] [wind_plugin.cpp:110] [0m[1;36mWindPlugin: received command -> speed=[0m[1;36m1.89445[0m[1;36m dir=[0m[1;36m-5.48933[0m[1;36m
[gzserver-2] [0m[1;36m[Dbg] [wind_plugin.cpp:110] [0m[1;36mWindPlugin: received command -> speed=[0m[1;36m1.89445[0m[1;36m dir=[0m[1;36m-5.48933[0m[1;36m
[gzserver-2] [0m[1;36m[Dbg] [wind_plugin.cpp:110] [0m[1;36mWindPlugin: received command -> speed=[0m[1;36m1.84351[0m[1;36m dir=[0m[1;36m-6.53292[0m[1;36m
[gzserver-2] [0m[1;36m[Dbg] [wind_plugin.cpp:110] [0m[1;36mWindPlugin: received command -> speed=[0m[1;36m1.84351[0m[1;36m dir=[0m[1;36m-6.53292[0m[1;36m
[gzserver-2] [0m[1;36m[Dbg] [wind_plugin.cpp:110] [0m[1;36mWindPlugin: received command -> speed=[0m[1;36m1.84351[0m[1;36m dir=[0m[1;36m-6.53292[0m[1;36m
[gzserver-2] [0m[1;36m[Dbg] [wind_plugin.cpp:110] [0m[1;36mWindPlugin: received command -> speed=[0m[1;36m1.84351[0m[1;36m dir=[0m[1;36m-6.53292[0m[1;36m
[gzserver-2] [0m[1;36m[Dbg] [wind_plugin.cpp:110] [0m[1;36mWindPlugin: received command -> speed=[0m[1;36m1.98503[0m[1;36m dir=[0m[1;36m-4.60852[0m[1;36m
[gzserver-2] [0m[1;36m[Dbg] [wind_plugin.cpp:110] [0m[1;36mWindPlugin: received command -> speed=[0m[1;36m1.98503[0m[1;36m dir=[0m[1;36m-4.60852[0m[1;36m
[gzserver-2] [0m[1;36m[Dbg] [wind_plugin.cpp:110] [0m[1;36mWindPlugin: received command -> speed=[0m[1;36m1.98503[0m[1;36m dir=[0m[1;36m-4.60852[0m[1;36m
[gzserver-2] [0m[1;36m[Dbg] [wind_plugin.cpp:110] [0m[1;36mWindPlugin: received command -> speed=[0m[1;36m1.98503[0m[1;36m dir=[0m[1;36m-4.60852[0m[1;36m
[gzserver-2] [0m[1;36m[Dbg] [wind_plugin.cpp:110] [0m[1;36mWindPlugin: received command -> speed=[0m[1;36m1.98503[0m[1;36m dir=[0m[1;36m-4.60852[0m[1;36m
[gzserver-2] [0m[1;36m[Dbg] [wind_plugin.cpp:110] [0m[1;36mWindPlugin: received command -> speed=[0m[1;36m1.76342[0m[1;36m dir=[0m[1;36m-2.64288[0m[1;36m
[gzserver-2] [0m[1;36m[Dbg] [wind_plugin.cpp:110] [0m[1;36mWindPlugin: received command -> speed=[0m[1;36m1.76342[0m[1;36m dir=[0m[1;36m-2.64288[0m[1;36m
[gzserver-2] [0m[1;36m[Dbg] [wind_plugin.cpp:110] [0m[1;36mWindPlugin: received command -> speed=[0m[1;36m1.76342[0m[1;36m dir=[0m[1;36m-2.64288[0m[1;36m
[gzserver-2] [0m[1;36m[Dbg] [wind_plugin.cpp:110] [0m[1;36mWindPlugin: received command -> speed=[0m[1;36m1.76342[0m[1;36m dir=[0m[1;36m-2.64288[0m[1;36m
[gzserver-2] [0m[1;36m[Dbg] [wind_plugin.cpp:110] [0m[1;36mWindPlugin: received command -> speed=[0m[1;36m1.76715[0m[1;36m dir=[0m[1;36m-2.48112[0m[1;36m
[gzserver-2] [0m[1;36m[Dbg] [wind_plugin.cpp:110] [0m[1;36mWindPlugin: received command -> speed=[0m[1;36m1.76715[0m[1;36m dir=[0m[1;36m-2.48112[0m[1;36m
[gzserver-2] [0m[1;36m[Dbg] [wind_plugin.cpp:110] [0m[1;36mWindPlugin: received command -> speed=[0m[1;36m1.76715[0m[1;36m dir=[0m[1;36m-2.48112[0m[1;36m
[gzserver-2] [0m[1;36m[Dbg] [wind_plugin.cpp:110] [0m[1;36mWindPlugin: received command -> speed=[0m[1;36m1.76715[0m[1;36m dir=[0m[1;36m-2.48112[0m[1;36m
[gzserver-2] [0m[1;36m[Dbg] [wind_plugin.cpp:110] [0m[1;36mWindPlugin: received command -> speed=[0m[1;36m1.92762[0m[1;36m dir=[0m[1;36m-4.43223[0m[1;36m
[gzserver-2] [0m[1;36m[Dbg] [wind_plugin.cpp:110] [0m[1;36mWindPlugin: received command -> speed=[0m[1;36m1.92762[0m[1;36m dir=[0m[1;36m-4.43223[0m[1;36m
[gzserver-2] [0m[1;36m[Dbg] [wind_plugin.cpp:110] [0m[1;36mWindPlugin: received command -> speed=[0m[1;36m1.92762[0m[1;36m dir=[0m[1;36m-4.43223[0m[1;36m
[gzserver-2] [0m[1;36m[Dbg] [wind_plugin.cpp:110] [0m[1;36mWindPlugin: received command -> speed=[0m[1;36m1.92762[0m[1;36m dir=[0m[1;36m-4.43223[0m[1;36m
[gzserver-2] [0mLanded!
[gzserver-2] [INFO] [1773073166.544734309] [gazebo_wind_plugin_node]: WindPlugin: set wind_speed=1.82 wind_direction=-2.8
[gzserver-2] [INFO] [1773073166.773249940] [gazebo_wind_plugin_node]: WindPlugin: set wind_speed=1.82 wind_direction=-2.8
[gzserver-2] [INFO] [1773073166.999369124] [gazebo_wind_plugin_node]: WindPlugin: set wind_speed=1.82 wind_direction=-2.8
[gzserver-2] [INFO] [1773073167.238659201] [gazebo_wind_plugin_node]: WindPlugin: set wind_speed=1.82 wind_direction=-2.8
[gzserver-2] [INFO] [1773073167.477850698] [gazebo_wind_plugin_node]: WindPlugin: set wind_speed=1.80 wind_direction=-2.9
[gzserver-2] [INFO] [1773073167.717814061] [gazebo_wind_plugin_node]: WindPlugin: set wind_speed=1.80 wind_direction=-2.9
[gzserver-2] [INFO] [1773073167.957053291] [gazebo_wind_plugin_node]: WindPlugin: set wind_speed=1.80 wind_direction=-2.9
[gzserver-2] [INFO] [1773073168.195790323] [gazebo_wind_plugin_node]: WindPlugin: set wind_speed=1.80 wind_direction=-2.9
