[INFO] [launch]: All log files can be found below /home/j/.ros/log/2026-03-10-23-05-37-520778-j-1539610
[INFO] [launch]: Default logging verbosity is set to INFO
[INFO] [launch.user]: [bringup] Apriltag config: camera=/drone/bottom, image=/drone/bottom/image_raw, tags=/drone/bottom/tags, bridge=/landing_tag_state, standalone=true, use_target_id=true, target_id=0
[INFO] [rviz2-1]: process started with pid [1539613]
[INFO] [gzserver-2]: process started with pid [1539615]
[INFO] [robot_state_publisher-3]: process started with pid [1539617]
[INFO] [joint_state_publisher-4]: process started with pid [1539619]
[INFO] [spawn_drone-5]: process started with pid [1539621]
[INFO] [static_transform_publisher-6]: process started with pid [1539623]
[INFO] [joy_node-7]: process started with pid [1539625]
[INFO] [teleop_joystick-8]: process started with pid [1539627]
[INFO] [apriltag_detector_node-9]: process started with pid [1539629]
[INFO] [apriltag_state_bridge-10]: process started with pid [1539632]
[static_transform_publisher-6] [WARN] [1773151537.993806849] []: Old-style arguments are deprecated; see --help for new-style arguments
[static_transform_publisher-6] [INFO] [1773151538.002616895] [static_transform_publisher_W70rdQLW3rAwwb52]: Spinning until stopped - publishing transform
[static_transform_publisher-6] translation: ('0.000000', '0.000000', '0.000000')
[static_transform_publisher-6] rotation: ('0.000000', '0.000000', '0.000000', '1.000000')
[static_transform_publisher-6] from 'world' to '/drone/odom'
[robot_state_publisher-3] [INFO] [1773151538.023187049] [drone.robot_state_publisher]: got segment base_footprint
[robot_state_publisher-3] [INFO] [1773151538.023250731] [drone.robot_state_publisher]: got segment base_link
[robot_state_publisher-3] [INFO] [1773151538.023256685] [drone.robot_state_publisher]: got segment bottom_cam_link
[robot_state_publisher-3] [INFO] [1773151538.023260596] [drone.robot_state_publisher]: got segment front_cam_link
[robot_state_publisher-3] [INFO] [1773151538.023263596] [drone.robot_state_publisher]: got segment sonar_link
[apriltag_detector_node-9] [INFO] [1773151538.031027083] [apriltag_detector_node]: tag detector type: umich
[rviz2-1] 
[rviz2-1] (rviz2:1539613): dbind-WARNING **: 23:05:38.036: Couldn't connect to accessibility bus: Failed to connect to socket /root/.cache/at-spi/bus_0: 허가 거부
[teleop_joystick-8] Traceback (most recent call last):
[teleop_joystick-8]   File "/home/j/INCSL/IICC26_ws/install/sjtu_drone_control/lib/sjtu_drone_control/teleop_joystick", line 33, in <module>
[teleop_joystick-8]     sys.exit(load_entry_point('sjtu_drone_control==0.0.0', 'console_scripts', 'teleop_joystick')())
[teleop_joystick-8]   File "/home/j/INCSL/IICC26_ws/install/sjtu_drone_control/lib/sjtu_drone_control/teleop_joystick", line 22, in importlib_load_entry_point
[teleop_joystick-8]     for entry_point in distribution(dist_name).entry_points
[teleop_joystick-8]   File "/usr/lib/python3.10/importlib/metadata/__init__.py", line 969, in distribution
[teleop_joystick-8]     return Distribution.from_name(distribution_name)
[teleop_joystick-8]   File "/usr/lib/python3.10/importlib/metadata/__init__.py", line 548, in from_name
[teleop_joystick-8]     raise PackageNotFoundError(name)
[teleop_joystick-8] importlib.metadata.PackageNotFoundError: No package metadata was found for sjtu_drone_control
[ERROR] [teleop_joystick-8]: process has died [pid 1539627, exit code 1, cmd '/home/j/INCSL/IICC26_ws/install/sjtu_drone_control/lib/sjtu_drone_control/teleop_joystick --ros-args -r __ns:=/drone'].
[gzserver-2] Gazebo multi-robot simulator, version 11.10.2
[gzserver-2] Copyright (C) 2012 Open Source Robotics Foundation.
[gzserver-2] Released under the Apache 2 License.
[gzserver-2] http://gazebosim.org
[gzserver-2] 
[apriltag_state_bridge-10] [INFO] [1773151538.236489660] [apriltag_state_bridge]: AprilTag bridge started: /drone/bottom/tags -> /landing_tag_state, use_target_id=True, target_id=0
[joint_state_publisher-4] [INFO] [1773151538.245082705] [drone.joint_state_publisher]: Waiting for robot_description to be published on the robot_description topic...
[gzserver-2] [1;33m[Wrn] [gazebo_ros_init.cpp:178] [0m[1;33m
[gzserver-2] #     # ####### ####### ###  #####  #######
[gzserver-2] ##    # #     #    #     #  #     # #
[gzserver-2] # #   # #     #    #     #  #       #
[gzserver-2] #  #  # #     #    #     #  #       #####
[gzserver-2] #   # # #     #    #     #  #       #
[gzserver-2] #    ## #     #    #     #  #     # #
[gzserver-2] #     # #######    #    ###  #####  #######
[gzserver-2] 
[gzserver-2] This version of Gazebo, now called Gazebo classic, reaches end-of-life
[gzserver-2] in January 2025. Users are highly encouraged to migrate to the new Gazebo
[gzserver-2] using our migration guides (https://gazebosim.org/docs/latest/gazebo_classic_migration?utm_source=gazebo_ros_pkgs&utm_medium=cli)
[gzserver-2] 
[gzserver-2] [0m[1;33m
[rviz2-1] [INFO] [1773151538.814346190] [rviz2]: Stereo is NOT SUPPORTED
[rviz2-1] [INFO] [1773151538.814435500] [rviz2]: OpenGl version: 4.6 (GLSL 4.6)
[rviz2-1] [INFO] [1773151538.902526941] [rviz2]: Stereo is NOT SUPPORTED
[rviz2-1] [INFO] [1773151538.992457275] [rviz2]: Stereo is NOT SUPPORTED
[spawn_drone-5] [INFO] [1773151539.390854981] [spawn_drone]: Result False Entity pushed to spawn queue, but spawn service timed outwaiting for entity to appear in simulation under the name [/drone]
[gzserver-2] [1;32m[Msg] [0m[1;32mWaiting for master.[0m[1;32m
[gzserver-2] [0m[1;32m[0m[1;32m[0m[1;32m[Msg] [0m[1;32mConnected to gazebo master @ [0m[1;32mhttp://127.0.0.1:11345[0m[1;32m
[gzserver-2] [0m[1;32m[0m[1;32m[0m[1;32m[Msg] [0m[1;32mPublicized address: [0m[1;32m192.168.0.11[0m[1;32m
[gzserver-2] [0m[1;32m[0m[1;32m[0m[1;32m[Msg] [0m[1;32mLoading world file [[0m[1;32m/home/j/INCSL/IICC26_ws/install/sjtu_drone_description/share/sjtu_drone_description/worlds/landingPad.world[0m[1;32m][0m[1;32m
[gzserver-2] [0m[1;32m[0m[1;32m[0m[1;36m[Dbg] [wind_plugin.cpp:96] [0m[1;36mWindPlugin loaded: speed=[0m[1;36m0[0m[1;36m dir=[0m[1;36m0[0m[1;36m deg area=[0m[1;36m0.1[0m[1;36m coeff=[0m[1;36m1[0m[1;36m
[gzserver-2] [0m[1;33m[0m[1;33m[0m[1;31m[Err] [Sensor.cc:510] [0m[1;31mGet noise index not valid[0m[1;31m
[gzserver-2] [0m[1;31m[0m[1;31m[0m[1;31m[Err] [Sensor.cc:510] [0m[1;31mGet noise index not valid[0m[1;31m
[gzserver-2] [0m[1;31m[0m[1;31m[0m[1;31m[Err] [Sensor.cc:510] [0m[1;31mGet noise index not valid[0m[1;31m
[gzserver-2] [0m[1;31m[0m[1;31m[0m[1;31m[Err] [Sensor.cc:510] [0m[1;31mGet noise index not valid[0m[1;31m
[gzserver-2] [0m[1;31m[0m[1;31m[0m[1;31m[Err] [Sensor.cc:510] [0m[1;31mGet noise index not valid[0m[1;31m
[gzserver-2] [0m[1;31m[0m[1;31m[0m[1;31m[Err] [Sensor.cc:510] [0m[1;31mGet noise index not valid[0m[1;31m
[gzserver-2] [0m[1;31m[0m[1;31m[0mTopic [default//drone/base_footprint/down_camera/image] is not valid.
[gzserver-2] [INFO] [1773151539.421515198] [drone.collision_plugin]: Publishing contact states to [/drone/bumper_states]
[gzserver-2] Topic [default//drone/base_footprint/front_camera/image] is not valid.
[gzserver-2] [1;33m[Wrn] [Event.cc:61] [0m[1;33mWarning: Deleting a connection right after creation. [0m[1;33mMake sure to save the ConnectionPtr from a Connect call
[INFO] [spawn_drone-5]: process has finished cleanly [pid 1539621]
[gzserver-2] [0m[INFO] [1773151540.014280567] [drone.camera_bottom]: Publishing camera info to [/drone/bottom/camera_info]
[gzserver-2] [INFO] [1773151540.017031888] [drone.camera_front]: Publishing camera info to [/drone/front/camera_info]
[gzserver-2] [INFO] [1773151540.138353824] [drone.simple_drone]: The drone plugin is loading!
[gzserver-2] [INFO] [1773151540.138556197] [drone.simple_drone]: pub_odom: 1
[gzserver-2] [INFO] [1773151540.138594925] [drone.simple_drone]: Using following parameters: 
[gzserver-2] 		link_name: base_footprint,
[gzserver-2] 		max_force: 30,
[gzserver-2] 		motion_small_noise: 0,
[gzserver-2] 		motion_drift_noise: 0,
[gzserver-2] 		motion_drift_noise_time: 50,
[gzserver-2] 		takeoff_hover_height: 1.77,
[gzserver-2] 		takeoff_vertical_speed: 0.2
[gzserver-2] [INFO] [1773151540.149970670] [drone.simple_drone]: Using the PID parameters: 
[gzserver-2] 	Roll Pitch:
[gzserver-2] 		kP: 10, kI: 0,kD: 5, Limit: 0.5, Time Constant: 0
[gzserver-2] 	Yaw:
[gzserver-2] 		kP: 2, kI: 0,kD: 1, Limit: 1.5, Time Constant: 0
[gzserver-2] 	Velocity X:
[gzserver-2] 		kP: 5, kI: 0,kD: 2.3, Limit: 2, Time Constant: 0
[gzserver-2] 	Velocity Y:
[gzserver-2] 		kP: 5, kI: 0,kD: 2.3, Limit: 2, Time Constant: 0
[gzserver-2] 	Velocity Z:
[gzserver-2] 		kP: 5, kI: 0,kD: 1, Limit: -1, Time Constant: 0
[gzserver-2] 	Position XY:
[gzserver-2] 		kP: 1.1, kI: 0,kD: 0, Limit: 5, Time Constant: 0
[gzserver-2] 	Position Z:
[gzserver-2] 		kP: 1, kI: 0,kD: 0.2, Limit: -1, Time Constant: 0
[gzserver-2] [INFO] [1773151540.150102616] [drone.simple_drone]: The drone plugin finished loading!
[gzserver-2] [INFO] [1773151547.345256570] [gazebo_wind_plugin_node]: WindPlugin: set wind_speed=0.00 wind_direction=0.0
[gzserver-2] [INFO] [1773151547.616803839] [gazebo_wind_plugin_node]: WindPlugin: set wind_speed=0.00 wind_direction=0.0
[gzserver-2] [INFO] [1773151547.645502641] [drone.simple_drone]: Quadrotor takes off!!
[gzserver-2] [INFO] [1773151547.846555152] [gazebo_wind_plugin_node]: WindPlugin: set wind_speed=0.00 wind_direction=0.0
[gzserver-2] [INFO] [1773151548.085935979] [gazebo_wind_plugin_node]: WindPlugin: set wind_speed=0.00 wind_direction=0.0
[gzserver-2] [INFO] [1773151548.325747769] [gazebo_wind_plugin_node]: WindPlugin: set wind_speed=0.00 wind_direction=0.0
[gzserver-2] [INFO] [1773151548.565092772] [gazebo_wind_plugin_node]: WindPlugin: set wind_speed=0.00 wind_direction=0.0
[gzserver-2] [INFO] [1773151548.794202480] [gazebo_wind_plugin_node]: WindPlugin: set wind_speed=0.00 wind_direction=0.0
[gzserver-2] [INFO] [1773151549.028471960] [gazebo_wind_plugin_node]: WindPlugin: set wind_speed=0.00 wind_direction=0.0
[gzserver-2] [0m[1;36m[Dbg] [wind_plugin.cpp:110] [0m[1;36mWindPlugin: received command -> speed=[0m[1;36m0[0m[1;36m dir=[0m[1;36m0[0m[1;36m
[gzserver-2] [0m[1;36m[Dbg] [wind_plugin.cpp:110] [0m[1;36mWindPlugin: received command -> speed=[0m[1;36m0[0m[1;36m dir=[0m[1;36m0[0m[1;36m
[gzserver-2] [0m[1;36m[Dbg] [wind_plugin.cpp:110] [0m[1;36mWindPlugin: received command -> speed=[0m[1;36m0[0m[1;36m dir=[0m[1;36m0[0m[1;36m
[gzserver-2] [0m[1;36m[Dbg] [wind_plugin.cpp:110] [0m[1;36mWindPlugin: received command -> speed=[0m[1;36m0[0m[1;36m dir=[0m[1;36m0[0m[1;36m
[gzserver-2] [0m[1;36m[Dbg] [wind_plugin.cpp:110] [0m[1;36mWindPlugin: received command -> speed=[0m[1;36m0[0m[1;36m dir=[0m[1;36m0[0m[1;36m
[gzserver-2] [0m[1;36m[Dbg] [wind_plugin.cpp:110] [0m[1;36mWindPlugin: received command -> speed=[0m[1;36m0[0m[1;36m dir=[0m[1;36m0[0m[1;36m
[gzserver-2] [0m[1;36m[Dbg] [wind_plugin.cpp:110] [0m[1;36mWindPlugin: received command -> speed=[0m[1;36m0[0m[1;36m dir=[0m[1;36m0[0m[1;36m
[gzserver-2] [0m[1;36m[Dbg] [wind_plugin.cpp:110] [0m[1;36mWindPlugin: received command -> speed=[0m[1;36m0[0m[1;36m dir=[0m[1;36m0[0m[1;36m
[gzserver-2] [0mEntering flying model!
[gzserver-2] [INFO] [1773151549.269890021] [gazebo_wind_plugin_node]: WindPlugin: set wind_speed=0.00 wind_direction=0.0
[gzserver-2] [INFO] [1773151549.510865390] [gazebo_wind_plugin_node]: WindPlugin: set wind_speed=1.21 wind_direction=-30.1
[gzserver-2] [INFO] [1773151549.750496736] [gazebo_wind_plugin_node]: WindPlugin: set wind_speed=1.21 wind_direction=-30.1
[gzserver-2] [INFO] [1773151549.990354123] [gazebo_wind_plugin_node]: WindPlugin: set wind_speed=1.28 wind_direction=-28.3
[gzserver-2] [INFO] [1773151550.225400604] [gazebo_wind_plugin_node]: WindPlugin: set wind_speed=1.28 wind_direction=-28.3
[gzserver-2] [INFO] [1773151550.464631964] [gazebo_wind_plugin_node]: WindPlugin: set wind_speed=1.28 wind_direction=-28.3
[gzserver-2] [INFO] [1773151550.704499728] [gazebo_wind_plugin_node]: WindPlugin: set wind_speed=1.28 wind_direction=-28.3
[gzserver-2] [INFO] [1773151550.939206474] [gazebo_wind_plugin_node]: WindPlugin: set wind_speed=1.14 wind_direction=-29.6
[gzserver-2] [INFO] [1773151551.178757514] [gazebo_wind_plugin_node]: WindPlugin: set wind_speed=1.14 wind_direction=-29.6
[gzserver-2] [INFO] [1773151551.407697154] [gazebo_wind_plugin_node]: WindPlugin: set wind_speed=1.14 wind_direction=-29.6
[gzserver-2] [INFO] [1773151551.647976765] [gazebo_wind_plugin_node]: WindPlugin: set wind_speed=1.14 wind_direction=-29.6
[gzserver-2] [INFO] [1773151551.882172085] [gazebo_wind_plugin_node]: WindPlugin: set wind_speed=1.25 wind_direction=-28.4
[gzserver-2] [INFO] [1773151552.121520067] [gazebo_wind_plugin_node]: WindPlugin: set wind_speed=1.25 wind_direction=-28.4
[gzserver-2] [INFO] [1773151552.361015845] [gazebo_wind_plugin_node]: WindPlugin: set wind_speed=1.25 wind_direction=-28.4
[gzserver-2] [INFO] [1773151552.600571568] [gazebo_wind_plugin_node]: WindPlugin: set wind_speed=1.25 wind_direction=-28.4
[gzserver-2] [INFO] [1773151552.834983335] [gazebo_wind_plugin_node]: WindPlugin: set wind_speed=1.25 wind_direction=-28.4
[gzserver-2] [INFO] [1773151553.077328627] [gazebo_wind_plugin_node]: WindPlugin: set wind_speed=1.22 wind_direction=-28.7
[gzserver-2] [INFO] [1773151553.336792144] [gazebo_wind_plugin_node]: WindPlugin: set wind_speed=1.22 wind_direction=-28.7
[gzserver-2] [INFO] [1773151553.585125224] [gazebo_wind_plugin_node]: WindPlugin: set wind_speed=1.22 wind_direction=-28.7
[gzserver-2] [INFO] [1773151553.616249053] [drone.simple_drone]: Quadrotor lands!!
[gzserver-2] [INFO] [1773151553.817750420] [gazebo_wind_plugin_node]: WindPlugin: set wind_speed=1.22 wind_direction=-28.7
[gzserver-2] [INFO] [1773151554.052181289] [gazebo_wind_plugin_node]: WindPlugin: set wind_speed=1.09 wind_direction=-28.7
[gzserver-2] [INFO] [1773151554.292210259] [gazebo_wind_plugin_node]: WindPlugin: set wind_speed=1.09 wind_direction=-28.7
[gzserver-2] [INFO] [1773151554.537993085] [gazebo_wind_plugin_node]: WindPlugin: set wind_speed=1.09 wind_direction=-28.7
[gzserver-2] [1;36m[Dbg] [wind_plugin.cpp:110] [0m[1;36mWindPlugin: received command -> speed=[0m[1;36m0[0m[1;36m dir=[0m[1;36m0[0m[1;36m
[gzserver-2] [0m[1;36m[Dbg] [wind_plugin.cpp:110] [0m[1;36mWindPlugin: received command -> speed=[0m[1;36m1.20885[0m[1;36m dir=[0m[1;36m-30.1122[0m[1;36m
[gzserver-2] [0m[1;36m[Dbg] [wind_plugin.cpp:110] [0m[1;36mWindPlugin: received command -> speed=[0m[1;36m1.20885[0m[1;36m dir=[0m[1;36m-30.1122[0m[1;36m
[gzserver-2] [0m[1;36m[Dbg] [wind_plugin.cpp:110] [0m[1;36mWindPlugin: received command -> speed=[0m[1;36m1.27804[0m[1;36m dir=[0m[1;36m-28.2749[0m[1;36m
[gzserver-2] [0m[1;36m[Dbg] [wind_plugin.cpp:110] [0m[1;36mWindPlugin: received command -> speed=[0m[1;36m1.27804[0m[1;36m dir=[0m[1;36m-28.2749[0m[1;36m
[gzserver-2] [0m[1;36m[Dbg] [wind_plugin.cpp:110] [0m[1;36mWindPlugin: received command -> speed=[0m[1;36m1.27804[0m[1;36m dir=[0m[1;36m-28.2749[0m[1;36m
[gzserver-2] [0m[1;36m[Dbg] [wind_plugin.cpp:110] [0m[1;36mWindPlugin: received command -> speed=[0m[1;36m1.27804[0m[1;36m dir=[0m[1;36m-28.2749[0m[1;36m
[gzserver-2] [0m[1;36m[Dbg] [wind_plugin.cpp:110] [0m[1;36mWindPlugin: received command -> speed=[0m[1;36m1.13508[0m[1;36m dir=[0m[1;36m-29.6016[0m[1;36m
[gzserver-2] [0m[1;36m[Dbg] [wind_plugin.cpp:110] [0m[1;36mWindPlugin: received command -> speed=[0m[1;36m1.13508[0m[1;36m dir=[0m[1;36m-29.6016[0m[1;36m
[gzserver-2] [0m[1;36m[Dbg] [wind_plugin.cpp:110] [0m[1;36mWindPlugin: received command -> speed=[0m[1;36m1.13508[0m[1;36m dir=[0m[1;36m-29.6016[0m[1;36m
[gzserver-2] [0m[1;36m[Dbg] [wind_plugin.cpp:110] [0m[1;36mWindPlugin: received command -> speed=[0m[1;36m1.13508[0m[1;36m dir=[0m[1;36m-29.6016[0m[1;36m
[gzserver-2] [0m[1;36m[Dbg] [wind_plugin.cpp:110] [0m[1;36mWindPlugin: received command -> speed=[0m[1;36m1.24822[0m[1;36m dir=[0m[1;36m-28.4081[0m[1;36m
[gzserver-2] [0m[1;36m[Dbg] [wind_plugin.cpp:110] [0m[1;36mWindPlugin: received command -> speed=[0m[1;36m1.24822[0m[1;36m dir=[0m[1;36m-28.4081[0m[1;36m
[gzserver-2] [0m[1;36m[Dbg] [wind_plugin.cpp:110] [0m[1;36mWindPlugin: received command -> speed=[0m[1;36m1.24822[0m[1;36m dir=[0m[1;36m-28.4081[0m[1;36m
[gzserver-2] [0m[1;36m[Dbg] [wind_plugin.cpp:110] [0m[1;36mWindPlugin: received command -> speed=[0m[1;36m1.24822[0m[1;36m dir=[0m[1;36m-28.4081[0m[1;36m
[gzserver-2] [0m[1;36m[Dbg] [wind_plugin.cpp:110] [0m[1;36mWindPlugin: received command -> speed=[0m[1;36m1.24822[0m[1;36m dir=[0m[1;36m-28.4081[0m[1;36m
[gzserver-2] [0m[1;36m[Dbg] [wind_plugin.cpp:110] [0m[1;36mWindPlugin: received command -> speed=[0m[1;36m1.21503[0m[1;36m dir=[0m[1;36m-28.7443[0m[1;36m
[gzserver-2] [0m[1;36m[Dbg] [wind_plugin.cpp:110] [0m[1;36mWindPlugin: received command -> speed=[0m[1;36m1.21503[0m[1;36m dir=[0m[1;36m-28.7443[0m[1;36m
[gzserver-2] [0m[1;36m[Dbg] [wind_plugin.cpp:110] [0m[1;36mWindPlugin: received command -> speed=[0m[1;36m1.21503[0m[1;36m dir=[0m[1;36m-28.7443[0m[1;36m
[gzserver-2] [0m[1;36m[Dbg] [wind_plugin.cpp:110] [0m[1;36mWindPlugin: received command -> speed=[0m[1;36m1.21503[0m[1;36m dir=[0m[1;36m-28.7443[0m[1;36m
[gzserver-2] [0m[1;36m[Dbg] [wind_plugin.cpp:110] [0m[1;36mWindPlugin: received command -> speed=[0m[1;36m1.09005[0m[1;36m dir=[0m[1;36m-28.6983[0m[1;36m
[gzserver-2] [0m[1;36m[Dbg] [wind_plugin.cpp:110] [0m[1;36mWindPlugin: received command -> speed=[0m[1;36m1.09005[0m[1;36m dir=[0m[1;36m-28.6983[0m[1;36m
[gzserver-2] [0m[1;36m[Dbg] [wind_plugin.cpp:110] [0m[1;36mWindPlugin: received command -> speed=[0m[1;36m1.09005[0m[1;36m dir=[0m[1;36m-28.6983[0m[1;36m
[gzserver-2] [0mLanded!
[gzserver-2] [INFO] [1773151554.780678648] [gazebo_wind_plugin_node]: WindPlugin: set wind_speed=1.09 wind_direction=-28.7
[gzserver-2] [INFO] [1773151555.017024198] [gazebo_wind_plugin_node]: WindPlugin: set wind_speed=1.16 wind_direction=-27.9
[gzserver-2] [INFO] [1773151555.259472734] [gazebo_wind_plugin_node]: WindPlugin: set wind_speed=1.16 wind_direction=-27.9
[gzserver-2] [INFO] [1773151555.499169260] [gazebo_wind_plugin_node]: WindPlugin: set wind_speed=1.16 wind_direction=-27.9
[gzserver-2] [INFO] [1773151555.728361364] [gazebo_wind_plugin_node]: WindPlugin: set wind_speed=1.16 wind_direction=-27.9
[gzserver-2] [INFO] [1773151555.959476104] [gazebo_wind_plugin_node]: WindPlugin: set wind_speed=1.18 wind_direction=-29.8
[gzserver-2] [INFO] [1773151556.199138934] [gazebo_wind_plugin_node]: WindPlugin: set wind_speed=1.18 wind_direction=-29.8
[gzserver-2] [INFO] [1773151556.433244972] [gazebo_wind_plugin_node]: WindPlugin: set wind_speed=1.18 wind_direction=-29.8
