[INFO] [launch]: All log files can be found below /home/j/.ros/log/2026-03-11-05-15-22-313194-j-508347
[INFO] [launch]: Default logging verbosity is set to INFO
[INFO] [launch.user]: [bringup] Apriltag config: camera=/drone/bottom, image=/drone/bottom/image_raw, tags=/drone/bottom/tags, bridge=/landing_tag_state, standalone=true, use_target_id=true, target_id=0
[INFO] [rviz2-1]: process started with pid [508360]
[INFO] [gzserver-2]: process started with pid [508362]
[INFO] [robot_state_publisher-3]: process started with pid [508364]
[INFO] [joint_state_publisher-4]: process started with pid [508366]
[INFO] [spawn_drone-5]: process started with pid [508368]
[INFO] [static_transform_publisher-6]: process started with pid [508370]
[INFO] [joy_node-7]: process started with pid [508372]
[INFO] [teleop_joystick-8]: process started with pid [508374]
[INFO] [apriltag_detector_node-9]: process started with pid [508376]
[INFO] [apriltag_state_bridge-10]: process started with pid [508379]
[static_transform_publisher-6] [WARN] [1773173722.791868305] []: Old-style arguments are deprecated; see --help for new-style arguments
[static_transform_publisher-6] [INFO] [1773173722.797817757] [static_transform_publisher_KyVAytxM7uZiDhaw]: Spinning until stopped - publishing transform
[static_transform_publisher-6] translation: ('0.000000', '0.000000', '0.000000')
[static_transform_publisher-6] rotation: ('0.000000', '0.000000', '0.000000', '1.000000')
[static_transform_publisher-6] from 'world' to '/drone/odom'
[robot_state_publisher-3] [INFO] [1773173722.816391084] [drone.robot_state_publisher]: got segment base_footprint
[robot_state_publisher-3] [INFO] [1773173722.816455027] [drone.robot_state_publisher]: got segment base_link
[robot_state_publisher-3] [INFO] [1773173722.816460526] [drone.robot_state_publisher]: got segment bottom_cam_link
[robot_state_publisher-3] [INFO] [1773173722.816463737] [drone.robot_state_publisher]: got segment front_cam_link
[robot_state_publisher-3] [INFO] [1773173722.816466459] [drone.robot_state_publisher]: got segment sonar_link
[apriltag_detector_node-9] [INFO] [1773173722.825269496] [apriltag_detector_node]: tag detector type: umich
[rviz2-1] 
[rviz2-1] (rviz2:508360): dbind-WARNING **: 05:15:22.827: Couldn't connect to accessibility bus: Failed to connect to socket /root/.cache/at-spi/bus_0: 허가 거부
[teleop_joystick-8] Traceback (most recent call last):
[teleop_joystick-8]   File "/home/j/INCSL/IICC26_ws/install/sjtu_drone_control/lib/sjtu_drone_control/teleop_joystick", line 33, in <module>
[teleop_joystick-8]     sys.exit(load_entry_point('sjtu_drone_control==0.0.0', 'console_scripts', 'teleop_joystick')())
[teleop_joystick-8]   File "/home/j/INCSL/IICC26_ws/install/sjtu_drone_control/lib/sjtu_drone_control/teleop_joystick", line 22, in importlib_load_entry_point
[teleop_joystick-8]     for entry_point in distribution(dist_name).entry_points
[teleop_joystick-8]   File "/usr/lib/python3.10/importlib/metadata/__init__.py", line 969, in distribution
[teleop_joystick-8]     return Distribution.from_name(distribution_name)
[teleop_joystick-8]   File "/usr/lib/python3.10/importlib/metadata/__init__.py", line 548, in from_name
[teleop_joystick-8]     raise PackageNotFoundError(name)
[teleop_joystick-8] importlib.metadata.PackageNotFoundError: No package metadata was found for sjtu_drone_control
[ERROR] [teleop_joystick-8]: process has died [pid 508374, exit code 1, cmd '/home/j/INCSL/IICC26_ws/install/sjtu_drone_control/lib/sjtu_drone_control/teleop_joystick --ros-args -r __ns:=/drone'].
[gzserver-2] Gazebo multi-robot simulator, version 11.10.2
[gzserver-2] Copyright (C) 2012 Open Source Robotics Foundation.
[gzserver-2] Released under the Apache 2 License.
[gzserver-2] http://gazebosim.org
[gzserver-2] 
[apriltag_state_bridge-10] [INFO] [1773173723.068596227] [apriltag_state_bridge]: AprilTag bridge started: /drone/bottom/tags -> /landing_tag_state, use_target_id=True, target_id=0
[joint_state_publisher-4] [INFO] [1773173723.091494443] [drone.joint_state_publisher]: Waiting for robot_description to be published on the robot_description topic...
[gzserver-2] [1;33m[Wrn] [gazebo_ros_init.cpp:178] [0m[1;33m
[gzserver-2] #     # ####### ####### ###  #####  #######
[gzserver-2] ##    # #     #    #     #  #     # #
[gzserver-2] # #   # #     #    #     #  #       #
[gzserver-2] #  #  # #     #    #     #  #       #####
[gzserver-2] #   # # #     #    #     #  #       #
[gzserver-2] #    ## #     #    #     #  #     # #
[gzserver-2] #     # #######    #    ###  #####  #######
[gzserver-2] 
[gzserver-2] This version of Gazebo, now called Gazebo classic, reaches end-of-life
[gzserver-2] in January 2025. Users are highly encouraged to migrate to the new Gazebo
[gzserver-2] using our migration guides (https://gazebosim.org/docs/latest/gazebo_classic_migration?utm_source=gazebo_ros_pkgs&utm_medium=cli)
[gzserver-2] 
[gzserver-2] [0m[1;33m
[rviz2-1] [INFO] [1773173723.564909166] [rviz2]: Stereo is NOT SUPPORTED
[rviz2-1] [INFO] [1773173723.565030403] [rviz2]: OpenGl version: 4.6 (GLSL 4.6)
[rviz2-1] [INFO] [1773173723.668839652] [rviz2]: Stereo is NOT SUPPORTED
[rviz2-1] [INFO] [1773173723.744482186] [rviz2]: Stereo is NOT SUPPORTED
[gzserver-2] [1;32m[Msg] [0m[1;32mWaiting for master.[0m[1;32m
[gzserver-2] [0m[1;32m[0m[1;32m[0m[1;32m[Msg] [0m[1;32mConnected to gazebo master @ [0m[1;32mhttp://127.0.0.1:11345[0m[1;32m
[gzserver-2] [0m[1;32m[0m[1;32m[0m[1;32m[Msg] [0m[1;32mPublicized address: [0m[1;32m192.168.0.11[0m[1;32m
[gzserver-2] [0m[1;32m[0m[1;32m[0m[1;32m[Msg] [0m[1;32mLoading world file [[0m[1;32m/home/j/INCSL/IICC26_ws/install/sjtu_drone_description/share/sjtu_drone_description/worlds/landingPad.world[0m[1;32m][0m[1;32m
[gzserver-2] [0m[1;32m[0m[1;32m[0m[1;36m[Dbg] [wind_plugin.cpp:96] [0m[1;36mWindPlugin loaded: speed=[0m[1;36m0[0m[1;36m dir=[0m[1;36m0[0m[1;36m deg area=[0m[1;36m0.1[0m[1;36m coeff=[0m[1;36m1[0m[1;36m
[gzserver-2] [0m[1;33m[0m[1;33m[0m[1;31m[Err] [Sensor.cc:510] [0m[1;31mGet noise index not valid[0m[1;31m
[gzserver-2] [0m[1;31m[0m[1;31m[0m[1;31m[Err] [Sensor.cc:510] [0m[1;31mGet noise index not valid[0m[1;31m
[gzserver-2] [0m[1;31m[0m[1;31m[0m[1;31m[Err] [Sensor.cc:510] [0m[1;31mGet noise index not valid[0m[1;31m
[gzserver-2] [0m[1;31m[0m[1;31m[0m[1;31m[Err] [Sensor.cc:510] [0m[1;31mGet noise index not valid[0m[1;31m
[gzserver-2] [0m[1;31m[0m[1;31m[0m[1;31m[Err] [Sensor.cc:510] [0m[1;31mGet noise index not valid[0m[1;31m
[gzserver-2] [0m[1;31m[0m[1;31m[0m[1;31m[Err] [Sensor.cc:510] [0m[1;31mGet noise index not valid[0m[1;31m
[gzserver-2] [0m[1;31m[0m[1;31m[0mTopic [default//drone/base_footprint/down_camera/image] is not valid.
[gzserver-2] [INFO] [1773173724.222000008] [drone.collision_plugin]: Publishing contact states to [/drone/bumper_states]
[gzserver-2] Topic [default//drone/base_footprint/front_camera/image] is not valid.
[gzserver-2] [1;33m[Wrn] [Event.cc:61] [0m[1;33mWarning: Deleting a connection right after creation. [0m[1;33mMake sure to save the ConnectionPtr from a Connect call
[gzserver-2] [0m[INFO] [1773173724.782077532] [drone.camera_bottom]: Publishing camera info to [/drone/bottom/camera_info]
[gzserver-2] [INFO] [1773173724.786590350] [drone.camera_front]: Publishing camera info to [/drone/front/camera_info]
[spawn_drone-5] [INFO] [1773173724.795388250] [spawn_drone]: Result True SpawnEntity: Successfully spawned entity [/drone]
[gzserver-2] [INFO] [1773173724.908944521] [drone.simple_drone]: The drone plugin is loading!
[gzserver-2] [INFO] [1773173724.909141790] [drone.simple_drone]: pub_odom: 1
[gzserver-2] [INFO] [1773173724.909177537] [drone.simple_drone]: Using following parameters: 
[gzserver-2] 		link_name: base_footprint,
[gzserver-2] 		max_force: 30,
[gzserver-2] 		motion_small_noise: 0,
[gzserver-2] 		motion_drift_noise: 0,
[gzserver-2] 		motion_drift_noise_time: 50,
[gzserver-2] 		takeoff_hover_height: 2.2,
[gzserver-2] 		takeoff_vertical_speed: 0.2
[gzserver-2] [INFO] [1773173724.920709729] [drone.simple_drone]: Using the PID parameters: 
[gzserver-2] 	Roll Pitch:
[gzserver-2] 		kP: 10, kI: 0,kD: 5, Limit: 0.5, Time Constant: 0
[gzserver-2] 	Yaw:
[gzserver-2] 		kP: 2, kI: 0,kD: 1, Limit: 1.5, Time Constant: 0
[gzserver-2] 	Velocity X:
[gzserver-2] 		kP: 5, kI: 0,kD: 2.3, Limit: 2, Time Constant: 0
[gzserver-2] 	Velocity Y:
[gzserver-2] 		kP: 5, kI: 0,kD: 2.3, Limit: 2, Time Constant: 0
[gzserver-2] 	Velocity Z:
[gzserver-2] 		kP: 5, kI: 0,kD: 1, Limit: -1, Time Constant: 0
[gzserver-2] 	Position XY:
[gzserver-2] 		kP: 1.1, kI: 0,kD: 0, Limit: 5, Time Constant: 0
[gzserver-2] 	Position Z:
[gzserver-2] 		kP: 1, kI: 0,kD: 0.2, Limit: -1, Time Constant: 0
[gzserver-2] [INFO] [1773173724.920842138] [drone.simple_drone]: The drone plugin finished loading!
[INFO] [spawn_drone-5]: process has finished cleanly [pid 508368]
[gzserver-2] [INFO] [1773173732.147796438] [gazebo_wind_plugin_node]: WindPlugin: set wind_speed=0.00 wind_direction=0.0
[gzserver-2] [INFO] [1773173732.419961236] [gazebo_wind_plugin_node]: WindPlugin: set wind_speed=0.00 wind_direction=0.0
[gzserver-2] [INFO] [1773173732.458174509] [drone.simple_drone]: Quadrotor takes off!!
[gzserver-2] [INFO] [1773173732.659408782] [gazebo_wind_plugin_node]: WindPlugin: set wind_speed=0.00 wind_direction=0.0
[gzserver-2] [INFO] [1773173732.894264316] [gazebo_wind_plugin_node]: WindPlugin: set wind_speed=0.00 wind_direction=0.0
[gzserver-2] [INFO] [1773173733.133488863] [gazebo_wind_plugin_node]: WindPlugin: set wind_speed=0.00 wind_direction=0.0
[gzserver-2] [INFO] [1773173733.362265149] [gazebo_wind_plugin_node]: WindPlugin: set wind_speed=0.00 wind_direction=0.0
[gzserver-2] [INFO] [1773173733.601848701] [gazebo_wind_plugin_node]: WindPlugin: set wind_speed=0.00 wind_direction=0.0
[gzserver-2] [INFO] [1773173733.842103541] [gazebo_wind_plugin_node]: WindPlugin: set wind_speed=0.00 wind_direction=0.0
[gzserver-2] [INFO] [1773173734.079740606] [gazebo_wind_plugin_node]: WindPlugin: set wind_speed=0.00 wind_direction=0.0
[gzserver-2] [0m[1;36m[Dbg] [wind_plugin.cpp:110] [0m[1;36mWindPlugin: received command -> speed=[0m[1;36m0[0m[1;36m dir=[0m[1;36m0[0m[1;36m
[gzserver-2] [0m[1;36m[Dbg] [wind_plugin.cpp:110] [0m[1;36mWindPlugin: received command -> speed=[0m[1;36m0[0m[1;36m dir=[0m[1;36m0[0m[1;36m
[gzserver-2] [0m[1;36m[Dbg] [wind_plugin.cpp:110] [0m[1;36mWindPlugin: received command -> speed=[0m[1;36m0[0m[1;36m dir=[0m[1;36m0[0m[1;36m
[gzserver-2] [0m[1;36m[Dbg] [wind_plugin.cpp:110] [0m[1;36mWindPlugin: received command -> speed=[0m[1;36m0[0m[1;36m dir=[0m[1;36m0[0m[1;36m
[gzserver-2] [0m[1;36m[Dbg] [wind_plugin.cpp:110] [0m[1;36mWindPlugin: received command -> speed=[0m[1;36m0[0m[1;36m dir=[0m[1;36m0[0m[1;36m
[gzserver-2] [0m[1;36m[Dbg] [wind_plugin.cpp:110] [0m[1;36mWindPlugin: received command -> speed=[0m[1;36m0[0m[1;36m dir=[0m[1;36m0[0m[1;36m
[gzserver-2] [0m[1;36m[Dbg] [wind_plugin.cpp:110] [0m[1;36mWindPlugin: received command -> speed=[0m[1;36m0[0m[1;36m dir=[0m[1;36m0[0m[1;36m
[gzserver-2] [0m[1;36m[Dbg] [wind_plugin.cpp:110] [0m[1;36mWindPlugin: received command -> speed=[0m[1;36m0[0m[1;36m dir=[0m[1;36m0[0m[1;36m
[gzserver-2] [0m[1;36m[Dbg] [wind_plugin.cpp:110] [0m[1;36mWindPlugin: received command -> speed=[0m[1;36m0[0m[1;36m dir=[0m[1;36m0[0m[1;36m
[gzserver-2] [0mEntering flying model!
[gzserver-2] [INFO] [1773173734.319505335] [gazebo_wind_plugin_node]: WindPlugin: set wind_speed=0.00 wind_direction=0.0
[gzserver-2] [INFO] [1773173734.554322408] [gazebo_wind_plugin_node]: WindPlugin: set wind_speed=1.07 wind_direction=-86.0
[gzserver-2] [INFO] [1773173734.793559753] [gazebo_wind_plugin_node]: WindPlugin: set wind_speed=1.15 wind_direction=-87.3
[gzserver-2] [INFO] [1773173735.030651312] [gazebo_wind_plugin_node]: WindPlugin: set wind_speed=1.15 wind_direction=-87.3
[gzserver-2] [INFO] [1773173735.264901986] [gazebo_wind_plugin_node]: WindPlugin: set wind_speed=1.15 wind_direction=-87.3
[gzserver-2] [INFO] [1773173735.500182234] [gazebo_wind_plugin_node]: WindPlugin: set wind_speed=1.15 wind_direction=-87.3
[gzserver-2] [INFO] [1773173735.742218284] [gazebo_wind_plugin_node]: WindPlugin: set wind_speed=1.17 wind_direction=-87.4
[gzserver-2] [INFO] [1773173735.981746773] [gazebo_wind_plugin_node]: WindPlugin: set wind_speed=1.17 wind_direction=-87.4
[gzserver-2] [INFO] [1773173736.221318830] [gazebo_wind_plugin_node]: WindPlugin: set wind_speed=1.17 wind_direction=-87.4
[gzserver-2] [INFO] [1773173736.461181463] [gazebo_wind_plugin_node]: WindPlugin: set wind_speed=1.17 wind_direction=-87.4
[gzserver-2] [INFO] [1773173736.691147155] [gazebo_wind_plugin_node]: WindPlugin: set wind_speed=1.05 wind_direction=-85.4
[gzserver-2] [INFO] [1773173736.932767038] [gazebo_wind_plugin_node]: WindPlugin: set wind_speed=1.05 wind_direction=-85.4
[gzserver-2] [INFO] [1773173737.167423625] [gazebo_wind_plugin_node]: WindPlugin: set wind_speed=1.05 wind_direction=-85.4
[gzserver-2] [INFO] [1773173737.402450634] [gazebo_wind_plugin_node]: WindPlugin: set wind_speed=1.05 wind_direction=-85.4
[gzserver-2] [INFO] [1773173737.435475396] [drone.simple_drone]: Quadrotor lands!!
[gzserver-2] [INFO] [1773173737.636876645] [gazebo_wind_plugin_node]: WindPlugin: set wind_speed=1.05 wind_direction=-85.4
[gzserver-2] [INFO] [1773173737.876073822] [gazebo_wind_plugin_node]: WindPlugin: set wind_speed=1.26 wind_direction=-85.4
[gzserver-2] [INFO] [1773173738.116297820] [gazebo_wind_plugin_node]: WindPlugin: set wind_speed=1.26 wind_direction=-85.4
[gzserver-2] [INFO] [1773173738.350792153] [gazebo_wind_plugin_node]: WindPlugin: set wind_speed=1.26 wind_direction=-85.4
[gzserver-2] [1;36m[Dbg] [wind_plugin.cpp:110] [0m[1;36mWindPlugin: received command -> speed=[0m[1;36m0[0m[1;36m dir=[0m[1;36m0[0m[1;36m
[gzserver-2] [0m[1;36m[Dbg] [wind_plugin.cpp:110] [0m[1;36mWindPlugin: received command -> speed=[0m[1;36m1.07003[0m[1;36m dir=[0m[1;36m-86.0472[0m[1;36m
[gzserver-2] [0m[1;36m[Dbg] [wind_plugin.cpp:110] [0m[1;36mWindPlugin: received command -> speed=[0m[1;36m1.146[0m[1;36m dir=[0m[1;36m-87.2537[0m[1;36m
[gzserver-2] [0m[1;36m[Dbg] [wind_plugin.cpp:110] [0m[1;36mWindPlugin: received command -> speed=[0m[1;36m1.146[0m[1;36m dir=[0m[1;36m-87.2537[0m[1;36m
[gzserver-2] [0m[1;36m[Dbg] [wind_plugin.cpp:110] [0m[1;36mWindPlugin: received command -> speed=[0m[1;36m1.146[0m[1;36m dir=[0m[1;36m-87.2537[0m[1;36m
[gzserver-2] [0m[1;36m[Dbg] [wind_plugin.cpp:110] [0m[1;36mWindPlugin: received command -> speed=[0m[1;36m1.146[0m[1;36m dir=[0m[1;36m-87.2537[0m[1;36m
[gzserver-2] [0m[1;36m[Dbg] [wind_plugin.cpp:110] [0m[1;36mWindPlugin: received command -> speed=[0m[1;36m1.17458[0m[1;36m dir=[0m[1;36m-87.3941[0m[1;36m
[gzserver-2] [0m[1;36m[Dbg] [wind_plugin.cpp:110] [0m[1;36mWindPlugin: received command -> speed=[0m[1;36m1.17458[0m[1;36m dir=[0m[1;36m-87.3941[0m[1;36m
[gzserver-2] [0m[1;36m[Dbg] [wind_plugin.cpp:110] [0m[1;36mWindPlugin: received command -> speed=[0m[1;36m1.17458[0m[1;36m dir=[0m[1;36m-87.3941[0m[1;36m
[gzserver-2] [0m[1;36m[Dbg] [wind_plugin.cpp:110] [0m[1;36mWindPlugin: received command -> speed=[0m[1;36m1.17458[0m[1;36m dir=[0m[1;36m-87.3941[0m[1;36m
[gzserver-2] [0m[1;36m[Dbg] [wind_plugin.cpp:110] [0m[1;36mWindPlugin: received command -> speed=[0m[1;36m1.04868[0m[1;36m dir=[0m[1;36m-85.4472[0m[1;36m
[gzserver-2] [0m[1;36m[Dbg] [wind_plugin.cpp:110] [0m[1;36mWindPlugin: received command -> speed=[0m[1;36m1.04868[0m[1;36m dir=[0m[1;36m-85.4472[0m[1;36m
[gzserver-2] [0m[1;36m[Dbg] [wind_plugin.cpp:110] [0m[1;36mWindPlugin: received command -> speed=[0m[1;36m1.04868[0m[1;36m dir=[0m[1;36m-85.4472[0m[1;36m
[gzserver-2] [0m[1;36m[Dbg] [wind_plugin.cpp:110] [0m[1;36mWindPlugin: received command -> speed=[0m[1;36m1.04868[0m[1;36m dir=[0m[1;36m-85.4472[0m[1;36m
[gzserver-2] [0m[1;36m[Dbg] [wind_plugin.cpp:110] [0m[1;36mWindPlugin: received command -> speed=[0m[1;36m1.04868[0m[1;36m dir=[0m[1;36m-85.4472[0m[1;36m
[gzserver-2] [0m[1;36m[Dbg] [wind_plugin.cpp:110] [0m[1;36mWindPlugin: received command -> speed=[0m[1;36m1.26289[0m[1;36m dir=[0m[1;36m-85.4437[0m[1;36m
[gzserver-2] [0m[1;36m[Dbg] [wind_plugin.cpp:110] [0m[1;36mWindPlugin: received command -> speed=[0m[1;36m1.26289[0m[1;36m dir=[0m[1;36m-85.4437[0m[1;36m
[gzserver-2] [0m[1;36m[Dbg] [wind_plugin.cpp:110] [0m[1;36mWindPlugin: received command -> speed=[0m[1;36m1.26289[0m[1;36m dir=[0m[1;36m-85.4437[0m[1;36m
[gzserver-2] [0mLanded!
[gzserver-2] [INFO] [1773173738.590170553] [gazebo_wind_plugin_node]: WindPlugin: set wind_speed=1.26 wind_direction=-85.4
[gzserver-2] [INFO] [1773173738.829561602] [gazebo_wind_plugin_node]: WindPlugin: set wind_speed=1.08 wind_direction=-86.7
[gzserver-2] [INFO] [1773173739.063725988] [gazebo_wind_plugin_node]: WindPlugin: set wind_speed=1.08 wind_direction=-86.7
[gzserver-2] [INFO] [1773173739.313923986] [gazebo_wind_plugin_node]: WindPlugin: set wind_speed=1.08 wind_direction=-86.7
[gzserver-2] [INFO] [1773173739.555726469] [gazebo_wind_plugin_node]: WindPlugin: set wind_speed=1.08 wind_direction=-86.7
[gzserver-2] [INFO] [1773173739.795785704] [gazebo_wind_plugin_node]: WindPlugin: set wind_speed=1.03 wind_direction=-88.6
[gzserver-2] [INFO] [1773173740.035162601] [gazebo_wind_plugin_node]: WindPlugin: set wind_speed=1.03 wind_direction=-88.6
[gzserver-2] [INFO] [1773173740.274676233] [gazebo_wind_plugin_node]: WindPlugin: set wind_speed=1.03 wind_direction=-88.6
