[INFO] [launch]: All log files can be found below /home/j/.ros/log/2026-03-11-05-52-57-116595-j-863887
[INFO] [launch]: Default logging verbosity is set to INFO
[INFO] [launch.user]: [bringup] Apriltag config: camera=/drone/bottom, image=/drone/bottom/image_raw, tags=/drone/bottom/tags, bridge=/landing_tag_state, standalone=true, use_target_id=true, target_id=0
[INFO] [rviz2-1]: process started with pid [863892]
[INFO] [gzserver-2]: process started with pid [863894]
[INFO] [robot_state_publisher-3]: process started with pid [863896]
[INFO] [joint_state_publisher-4]: process started with pid [863898]
[INFO] [spawn_drone-5]: process started with pid [863900]
[INFO] [static_transform_publisher-6]: process started with pid [863902]
[INFO] [joy_node-7]: process started with pid [863904]
[INFO] [teleop_joystick-8]: process started with pid [863906]
[INFO] [apriltag_detector_node-9]: process started with pid [863908]
[INFO] [apriltag_state_bridge-10]: process started with pid [863910]
[static_transform_publisher-6] [WARN] [1773175977.592974241] []: Old-style arguments are deprecated; see --help for new-style arguments
[static_transform_publisher-6] [INFO] [1773175977.602264370] [static_transform_publisher_C0GPjLp6s4i8uEZt]: Spinning until stopped - publishing transform
[static_transform_publisher-6] translation: ('0.000000', '0.000000', '0.000000')
[static_transform_publisher-6] rotation: ('0.000000', '0.000000', '0.000000', '1.000000')
[static_transform_publisher-6] from 'world' to '/drone/odom'
[rviz2-1] 
[rviz2-1] (rviz2:863892): dbind-WARNING **: 05:52:57.622: Couldn't connect to accessibility bus: Failed to connect to socket /root/.cache/at-spi/bus_0: 허가 거부
[robot_state_publisher-3] [INFO] [1773175977.624627234] [drone.robot_state_publisher]: got segment base_footprint
[robot_state_publisher-3] [INFO] [1773175977.624716423] [drone.robot_state_publisher]: got segment base_link
[robot_state_publisher-3] [INFO] [1773175977.624728756] [drone.robot_state_publisher]: got segment bottom_cam_link
[robot_state_publisher-3] [INFO] [1773175977.624737087] [drone.robot_state_publisher]: got segment front_cam_link
[robot_state_publisher-3] [INFO] [1773175977.624744281] [drone.robot_state_publisher]: got segment sonar_link
[apriltag_detector_node-9] [INFO] [1773175977.630668083] [apriltag_detector_node]: tag detector type: umich
[teleop_joystick-8] Traceback (most recent call last):
[teleop_joystick-8]   File "/home/j/INCSL/IICC26_ws/install/sjtu_drone_control/lib/sjtu_drone_control/teleop_joystick", line 33, in <module>
[teleop_joystick-8]     sys.exit(load_entry_point('sjtu_drone_control==0.0.0', 'console_scripts', 'teleop_joystick')())
[teleop_joystick-8]   File "/home/j/INCSL/IICC26_ws/install/sjtu_drone_control/lib/sjtu_drone_control/teleop_joystick", line 22, in importlib_load_entry_point
[teleop_joystick-8]     for entry_point in distribution(dist_name).entry_points
[teleop_joystick-8]   File "/usr/lib/python3.10/importlib/metadata/__init__.py", line 969, in distribution
[teleop_joystick-8]     return Distribution.from_name(distribution_name)
[teleop_joystick-8]   File "/usr/lib/python3.10/importlib/metadata/__init__.py", line 548, in from_name
[teleop_joystick-8]     raise PackageNotFoundError(name)
[teleop_joystick-8] importlib.metadata.PackageNotFoundError: No package metadata was found for sjtu_drone_control
[ERROR] [teleop_joystick-8]: process has died [pid 863906, exit code 1, cmd '/home/j/INCSL/IICC26_ws/install/sjtu_drone_control/lib/sjtu_drone_control/teleop_joystick --ros-args -r __ns:=/drone'].
[gzserver-2] Gazebo multi-robot simulator, version 11.10.2
[gzserver-2] Copyright (C) 2012 Open Source Robotics Foundation.
[gzserver-2] Released under the Apache 2 License.
[gzserver-2] http://gazebosim.org
[gzserver-2] 
[joint_state_publisher-4] [INFO] [1773175977.809145488] [drone.joint_state_publisher]: Waiting for robot_description to be published on the robot_description topic...
[apriltag_state_bridge-10] [INFO] [1773175977.824533721] [apriltag_state_bridge]: AprilTag bridge started: /drone/bottom/tags -> /landing_tag_state, use_target_id=True, target_id=0
[gzserver-2] [1;33m[Wrn] [gazebo_ros_init.cpp:178] [0m[1;33m
[gzserver-2] #     # ####### ####### ###  #####  #######
[gzserver-2] ##    # #     #    #     #  #     # #
[gzserver-2] # #   # #     #    #     #  #       #
[gzserver-2] #  #  # #     #    #     #  #       #####
[gzserver-2] #   # # #     #    #     #  #       #
[gzserver-2] #    ## #     #    #     #  #     # #
[gzserver-2] #     # #######    #    ###  #####  #######
[gzserver-2] 
[gzserver-2] This version of Gazebo, now called Gazebo classic, reaches end-of-life
[gzserver-2] in January 2025. Users are highly encouraged to migrate to the new Gazebo
[gzserver-2] using our migration guides (https://gazebosim.org/docs/latest/gazebo_classic_migration?utm_source=gazebo_ros_pkgs&utm_medium=cli)
[gzserver-2] 
[gzserver-2] [0m[1;33m
[rviz2-1] [INFO] [1773175978.122387487] [rviz2]: Stereo is NOT SUPPORTED
[rviz2-1] [INFO] [1773175978.122499798] [rviz2]: OpenGl version: 4.6 (GLSL 4.6)
[rviz2-1] [INFO] [1773175978.225900164] [rviz2]: Stereo is NOT SUPPORTED
[rviz2-1] [INFO] [1773175978.350600650] [rviz2]: Stereo is NOT SUPPORTED
[gzserver-2] [1;32m[Msg] [0m[1;32mWaiting for master.[0m[1;32m
[gzserver-2] [0m[1;32m[0m[1;32m[0m[1;32m[Msg] [0m[1;32mConnected to gazebo master @ [0m[1;32mhttp://127.0.0.1:11345[0m[1;32m
[gzserver-2] [0m[1;32m[0m[1;32m[0m[1;32m[Msg] [0m[1;32mPublicized address: [0m[1;32m192.168.0.11[0m[1;32m
[gzserver-2] [0m[1;32m[0m[1;32m[0m[1;32m[Msg] [0m[1;32mLoading world file [[0m[1;32m/home/j/INCSL/IICC26_ws/install/sjtu_drone_description/share/sjtu_drone_description/worlds/landingPad.world[0m[1;32m][0m[1;32m
[gzserver-2] [0m[1;32m[0m[1;32m[0m[1;36m[Dbg] [wind_plugin.cpp:96] [0m[1;36mWindPlugin loaded: speed=[0m[1;36m0[0m[1;36m dir=[0m[1;36m0[0m[1;36m deg area=[0m[1;36m0.1[0m[1;36m coeff=[0m[1;36m1[0m[1;36m
[gzserver-2] [0m[1;33m[0m[1;33m[0m[1;31m[Err] [Sensor.cc:510] [0m[1;31mGet noise index not valid[0m[1;31m
[gzserver-2] [0m[1;31m[0m[1;31m[0m[1;31m[Err] [Sensor.cc:510] [0m[1;31mGet noise index not valid[0m[1;31m
[gzserver-2] [0m[1;31m[0m[1;31m[0m[1;31m[Err] [Sensor.cc:510] [0m[1;31mGet noise index not valid[0m[1;31m
[gzserver-2] [0m[1;31m[0m[1;31m[0m[1;31m[Err] [Sensor.cc:510] [0m[1;31mGet noise index not valid[0m[1;31m
[gzserver-2] [0m[1;31m[0m[1;31m[0m[1;31m[Err] [Sensor.cc:510] [0m[1;31mGet noise index not valid[0m[1;31m
[gzserver-2] [0m[1;31m[0m[1;31m[0m[1;31m[Err] [Sensor.cc:510] [0m[1;31mGet noise index not valid[0m[1;31m
[gzserver-2] [0m[1;31m[0m[1;31m[0mTopic [default//drone/base_footprint/down_camera/image] is not valid.
[gzserver-2] [INFO] [1773175978.951343601] [drone.collision_plugin]: Publishing contact states to [/drone/bumper_states]
[gzserver-2] Topic [default//drone/base_footprint/front_camera/image] is not valid.
[gzserver-2] [1;33m[Wrn] [Event.cc:61] [0m[1;33mWarning: Deleting a connection right after creation. [0m[1;33mMake sure to save the ConnectionPtr from a Connect call
[gzserver-2] [0m[INFO] [1773175979.507015283] [drone.camera_bottom]: Publishing camera info to [/drone/bottom/camera_info]
[gzserver-2] [INFO] [1773175979.509884873] [drone.camera_front]: Publishing camera info to [/drone/front/camera_info]
[spawn_drone-5] [INFO] [1773175979.519554889] [spawn_drone]: Result True SpawnEntity: Successfully spawned entity [/drone]
[gzserver-2] [INFO] [1773175979.631894386] [drone.simple_drone]: The drone plugin is loading!
[gzserver-2] [INFO] [1773175979.632102452] [drone.simple_drone]: pub_odom: 1
[gzserver-2] [INFO] [1773175979.632141165] [drone.simple_drone]: Using following parameters: 
[gzserver-2] 		link_name: base_footprint,
[gzserver-2] 		max_force: 30,
[gzserver-2] 		motion_small_noise: 0,
[gzserver-2] 		motion_drift_noise: 0,
[gzserver-2] 		motion_drift_noise_time: 50,
[gzserver-2] 		takeoff_hover_height: 2.43,
[gzserver-2] 		takeoff_vertical_speed: 0.2
[gzserver-2] [INFO] [1773175979.643753360] [drone.simple_drone]: Using the PID parameters: 
[gzserver-2] 	Roll Pitch:
[gzserver-2] 		kP: 10, kI: 0,kD: 5, Limit: 0.5, Time Constant: 0
[gzserver-2] 	Yaw:
[gzserver-2] 		kP: 2, kI: 0,kD: 1, Limit: 1.5, Time Constant: 0
[gzserver-2] 	Velocity X:
[gzserver-2] 		kP: 5, kI: 0,kD: 2.3, Limit: 2, Time Constant: 0
[gzserver-2] 	Velocity Y:
[gzserver-2] 		kP: 5, kI: 0,kD: 2.3, Limit: 2, Time Constant: 0
[gzserver-2] 	Velocity Z:
[gzserver-2] 		kP: 5, kI: 0,kD: 1, Limit: -1, Time Constant: 0
[gzserver-2] 	Position XY:
[gzserver-2] 		kP: 1.1, kI: 0,kD: 0, Limit: 5, Time Constant: 0
[gzserver-2] 	Position Z:
[gzserver-2] 		kP: 1, kI: 0,kD: 0.2, Limit: -1, Time Constant: 0
[gzserver-2] [INFO] [1773175979.643897942] [drone.simple_drone]: The drone plugin finished loading!
[INFO] [spawn_drone-5]: process has finished cleanly [pid 863900]
[gzserver-2] [INFO] [1773175986.956830859] [gazebo_wind_plugin_node]: WindPlugin: set wind_speed=0.00 wind_direction=0.0
[gzserver-2] [INFO] [1773175987.221958134] [gazebo_wind_plugin_node]: WindPlugin: set wind_speed=0.00 wind_direction=0.0
[gzserver-2] [INFO] [1773175987.260504988] [drone.simple_drone]: Quadrotor takes off!!
[gzserver-2] [INFO] [1773175987.462174334] [gazebo_wind_plugin_node]: WindPlugin: set wind_speed=0.00 wind_direction=0.0
[gzserver-2] [INFO] [1773175987.702816234] [gazebo_wind_plugin_node]: WindPlugin: set wind_speed=0.00 wind_direction=0.0
[gzserver-2] [INFO] [1773175987.942755308] [gazebo_wind_plugin_node]: WindPlugin: set wind_speed=0.00 wind_direction=0.0
[gzserver-2] [INFO] [1773175988.182141359] [gazebo_wind_plugin_node]: WindPlugin: set wind_speed=0.00 wind_direction=0.0
[gzserver-2] [INFO] [1773175988.415987362] [gazebo_wind_plugin_node]: WindPlugin: set wind_speed=0.00 wind_direction=0.0
[gzserver-2] [INFO] [1773175988.656179869] [gazebo_wind_plugin_node]: WindPlugin: set wind_speed=0.00 wind_direction=0.0
[gzserver-2] [INFO] [1773175988.884969425] [gazebo_wind_plugin_node]: WindPlugin: set wind_speed=0.00 wind_direction=0.0
[gzserver-2] [INFO] [1773175989.125686146] [gazebo_wind_plugin_node]: WindPlugin: set wind_speed=0.00 wind_direction=0.0
[gzserver-2] [0m[1;36m[Dbg] [wind_plugin.cpp:110] [0m[1;36mWindPlugin: received command -> speed=[0m[1;36m0[0m[1;36m dir=[0m[1;36m0[0m[1;36m
[gzserver-2] [0m[1;36m[Dbg] [wind_plugin.cpp:110] [0m[1;36mWindPlugin: received command -> speed=[0m[1;36m0[0m[1;36m dir=[0m[1;36m0[0m[1;36m
[gzserver-2] [0m[1;36m[Dbg] [wind_plugin.cpp:110] [0m[1;36mWindPlugin: received command -> speed=[0m[1;36m0[0m[1;36m dir=[0m[1;36m0[0m[1;36m
[gzserver-2] [0m[1;36m[Dbg] [wind_plugin.cpp:110] [0m[1;36mWindPlugin: received command -> speed=[0m[1;36m0[0m[1;36m dir=[0m[1;36m0[0m[1;36m
[gzserver-2] [0m[1;36m[Dbg] [wind_plugin.cpp:110] [0m[1;36mWindPlugin: received command -> speed=[0m[1;36m0[0m[1;36m dir=[0m[1;36m0[0m[1;36m
[gzserver-2] [0m[1;36m[Dbg] [wind_plugin.cpp:110] [0m[1;36mWindPlugin: received command -> speed=[0m[1;36m0[0m[1;36m dir=[0m[1;36m0[0m[1;36m
[gzserver-2] [0m[1;36m[Dbg] [wind_plugin.cpp:110] [0m[1;36mWindPlugin: received command -> speed=[0m[1;36m0[0m[1;36m dir=[0m[1;36m0[0m[1;36m
[gzserver-2] [0m[1;36m[Dbg] [wind_plugin.cpp:110] [0m[1;36mWindPlugin: received command -> speed=[0m[1;36m0[0m[1;36m dir=[0m[1;36m0[0m[1;36m
[gzserver-2] [0m[1;36m[Dbg] [wind_plugin.cpp:110] [0m[1;36mWindPlugin: received command -> speed=[0m[1;36m0[0m[1;36m dir=[0m[1;36m0[0m[1;36m
[gzserver-2] [0m[1;36m[Dbg] [wind_plugin.cpp:110] [0m[1;36mWindPlugin: received command -> speed=[0m[1;36m0[0m[1;36m dir=[0m[1;36m0[0m[1;36m
[gzserver-2] [0mEntering flying model!
[gzserver-2] [INFO] [1773175989.365179851] [gazebo_wind_plugin_node]: WindPlugin: set wind_speed=1.04 wind_direction=-85.7
[gzserver-2] [INFO] [1773175989.599406531] [gazebo_wind_plugin_node]: WindPlugin: set wind_speed=0.94 wind_direction=-85.4
[gzserver-2] [INFO] [1773175989.834302117] [gazebo_wind_plugin_node]: WindPlugin: set wind_speed=0.94 wind_direction=-85.4
[gzserver-2] [INFO] [1773175990.070330640] [gazebo_wind_plugin_node]: WindPlugin: set wind_speed=0.94 wind_direction=-85.4
[gzserver-2] [INFO] [1773175990.304556483] [gazebo_wind_plugin_node]: WindPlugin: set wind_speed=0.94 wind_direction=-85.4
[gzserver-2] [INFO] [1773175990.544086438] [gazebo_wind_plugin_node]: WindPlugin: set wind_speed=0.99 wind_direction=-81.5
[gzserver-2] [INFO] [1773175990.781359070] [gazebo_wind_plugin_node]: WindPlugin: set wind_speed=0.99 wind_direction=-81.5
[gzserver-2] [INFO] [1773175991.023663880] [gazebo_wind_plugin_node]: WindPlugin: set wind_speed=0.99 wind_direction=-81.5
[gzserver-2] [INFO] [1773175991.263115995] [gazebo_wind_plugin_node]: WindPlugin: set wind_speed=0.99 wind_direction=-81.5
[gzserver-2] [INFO] [1773175991.503433377] [gazebo_wind_plugin_node]: WindPlugin: set wind_speed=1.02 wind_direction=-84.8
[gzserver-2] [INFO] [1773175991.742964509] [gazebo_wind_plugin_node]: WindPlugin: set wind_speed=1.02 wind_direction=-84.8
[gzserver-2] [INFO] [1773175991.984826221] [gazebo_wind_plugin_node]: WindPlugin: set wind_speed=1.02 wind_direction=-84.8
[gzserver-2] [INFO] [1773175992.225122643] [gazebo_wind_plugin_node]: WindPlugin: set wind_speed=1.02 wind_direction=-84.8
[gzserver-2] [INFO] [1773175992.263015161] [drone.simple_drone]: Quadrotor lands!!
[gzserver-2] [INFO] [1773175992.464687026] [gazebo_wind_plugin_node]: WindPlugin: set wind_speed=0.96 wind_direction=-84.7
[gzserver-2] [INFO] [1773175992.704506618] [gazebo_wind_plugin_node]: WindPlugin: set wind_speed=0.96 wind_direction=-84.7
[gzserver-2] [INFO] [1773175992.939036380] [gazebo_wind_plugin_node]: WindPlugin: set wind_speed=0.96 wind_direction=-84.7
[gzserver-2] [INFO] [1773175993.181229099] [gazebo_wind_plugin_node]: WindPlugin: set wind_speed=0.96 wind_direction=-84.7
[gzserver-2] [1;36m[Dbg] [wind_plugin.cpp:110] [0m[1;36mWindPlugin: received command -> speed=[0m[1;36m1.043[0m[1;36m dir=[0m[1;36m-85.7039[0m[1;36m
[gzserver-2] [0m[1;36m[Dbg] [wind_plugin.cpp:110] [0m[1;36mWindPlugin: received command -> speed=[0m[1;36m0.935982[0m[1;36m dir=[0m[1;36m-85.4287[0m[1;36m
[gzserver-2] [0m[1;36m[Dbg] [wind_plugin.cpp:110] [0m[1;36mWindPlugin: received command -> speed=[0m[1;36m0.935982[0m[1;36m dir=[0m[1;36m-85.4287[0m[1;36m
[gzserver-2] [0m[1;36m[Dbg] [wind_plugin.cpp:110] [0m[1;36mWindPlugin: received command -> speed=[0m[1;36m0.935982[0m[1;36m dir=[0m[1;36m-85.4287[0m[1;36m
[gzserver-2] [0m[1;36m[Dbg] [wind_plugin.cpp:110] [0m[1;36mWindPlugin: received command -> speed=[0m[1;36m0.935982[0m[1;36m dir=[0m[1;36m-85.4287[0m[1;36m
[gzserver-2] [0m[1;36m[Dbg] [wind_plugin.cpp:110] [0m[1;36mWindPlugin: received command -> speed=[0m[1;36m0.98682[0m[1;36m dir=[0m[1;36m-81.4975[0m[1;36m
[gzserver-2] [0m[1;36m[Dbg] [wind_plugin.cpp:110] [0m[1;36mWindPlugin: received command -> speed=[0m[1;36m0.98682[0m[1;36m dir=[0m[1;36m-81.4975[0m[1;36m
[gzserver-2] [0m[1;36m[Dbg] [wind_plugin.cpp:110] [0m[1;36mWindPlugin: received command -> speed=[0m[1;36m0.98682[0m[1;36m dir=[0m[1;36m-81.4975[0m[1;36m
[gzserver-2] [0m[1;36m[Dbg] [wind_plugin.cpp:110] [0m[1;36mWindPlugin: received command -> speed=[0m[1;36m0.98682[0m[1;36m dir=[0m[1;36m-81.4975[0m[1;36m
[gzserver-2] [0m[1;36m[Dbg] [wind_plugin.cpp:110] [0m[1;36mWindPlugin: received command -> speed=[0m[1;36m1.01747[0m[1;36m dir=[0m[1;36m-84.7501[0m[1;36m
[gzserver-2] [0m[1;36m[Dbg] [wind_plugin.cpp:110] [0m[1;36mWindPlugin: received command -> speed=[0m[1;36m1.01747[0m[1;36m dir=[0m[1;36m-84.7501[0m[1;36m
[gzserver-2] [0m[1;36m[Dbg] [wind_plugin.cpp:110] [0m[1;36mWindPlugin: received command -> speed=[0m[1;36m1.01747[0m[1;36m dir=[0m[1;36m-84.7501[0m[1;36m
[gzserver-2] [0m[1;36m[Dbg] [wind_plugin.cpp:110] [0m[1;36mWindPlugin: received command -> speed=[0m[1;36m1.01747[0m[1;36m dir=[0m[1;36m-84.7501[0m[1;36m
[gzserver-2] [0m[1;36m[Dbg] [wind_plugin.cpp:110] [0m[1;36mWindPlugin: received command -> speed=[0m[1;36m0.96323[0m[1;36m dir=[0m[1;36m-84.7027[0m[1;36m
[gzserver-2] [0m[1;36m[Dbg] [wind_plugin.cpp:110] [0m[1;36mWindPlugin: received command -> speed=[0m[1;36m0.96323[0m[1;36m dir=[0m[1;36m-84.7027[0m[1;36m
[gzserver-2] [0m[1;36m[Dbg] [wind_plugin.cpp:110] [0m[1;36mWindPlugin: received command -> speed=[0m[1;36m0.96323[0m[1;36m dir=[0m[1;36m-84.7027[0m[1;36m
[gzserver-2] [0m[1;36m[Dbg] [wind_plugin.cpp:110] [0m[1;36mWindPlugin: received command -> speed=[0m[1;36m0.96323[0m[1;36m dir=[0m[1;36m-84.7027[0m[1;36m
[gzserver-2] [0mLanded!
[gzserver-2] [INFO] [1773175993.417061252] [gazebo_wind_plugin_node]: WindPlugin: set wind_speed=0.96 wind_direction=-84.7
[gzserver-2] [INFO] [1773175993.656393408] [gazebo_wind_plugin_node]: WindPlugin: set wind_speed=0.97 wind_direction=-86.8
[gzserver-2] [INFO] [1773175993.891212953] [gazebo_wind_plugin_node]: WindPlugin: set wind_speed=0.97 wind_direction=-86.8
[gzserver-2] [INFO] [1773175994.123029800] [gazebo_wind_plugin_node]: WindPlugin: set wind_speed=0.97 wind_direction=-86.8
[gzserver-2] [INFO] [1773175994.357677109] [gazebo_wind_plugin_node]: WindPlugin: set wind_speed=0.97 wind_direction=-86.8
[gzserver-2] [INFO] [1773175994.599139766] [gazebo_wind_plugin_node]: WindPlugin: set wind_speed=1.00 wind_direction=-83.7
[gzserver-2] [INFO] [1773175994.833717276] [gazebo_wind_plugin_node]: WindPlugin: set wind_speed=1.00 wind_direction=-83.7
[gzserver-2] [INFO] [1773175995.074231287] [gazebo_wind_plugin_node]: WindPlugin: set wind_speed=1.00 wind_direction=-83.7
