[INFO] [launch]: All log files can be found below /home/j/.ros/log/2026-03-10-01-04-21-524573-j-745201
[INFO] [launch]: Default logging verbosity is set to INFO
[INFO] [launch.user]: [bringup] Apriltag config: camera=/drone/bottom, image=/drone/bottom/image_raw, tags=/drone/bottom/tags, bridge=/landing_tag_state, standalone=true, use_target_id=true, target_id=0
[INFO] [rviz2-1]: process started with pid [745203]
[INFO] [gzserver-2]: process started with pid [745205]
[INFO] [robot_state_publisher-3]: process started with pid [745207]
[INFO] [joint_state_publisher-4]: process started with pid [745209]
[INFO] [spawn_drone-5]: process started with pid [745211]
[INFO] [static_transform_publisher-6]: process started with pid [745213]
[INFO] [joy_node-7]: process started with pid [745215]
[INFO] [teleop_joystick-8]: process started with pid [745217]
[INFO] [apriltag_detector_node-9]: process started with pid [745219]
[INFO] [apriltag_state_bridge-10]: process started with pid [745221]
[static_transform_publisher-6] [WARN] [1773072261.995863549] []: Old-style arguments are deprecated; see --help for new-style arguments
[static_transform_publisher-6] [INFO] [1773072262.002754304] [static_transform_publisher_GIKQiBeZ5dKxLpPU]: Spinning until stopped - publishing transform
[static_transform_publisher-6] translation: ('0.000000', '0.000000', '0.000000')
[static_transform_publisher-6] rotation: ('0.000000', '0.000000', '0.000000', '1.000000')
[static_transform_publisher-6] from 'world' to '/drone/odom'
[robot_state_publisher-3] [INFO] [1773072262.028934316] [drone.robot_state_publisher]: got segment base_footprint
[robot_state_publisher-3] [INFO] [1773072262.029034165] [drone.robot_state_publisher]: got segment base_link
[robot_state_publisher-3] [INFO] [1773072262.029048207] [drone.robot_state_publisher]: got segment bottom_cam_link
[robot_state_publisher-3] [INFO] [1773072262.029058007] [drone.robot_state_publisher]: got segment front_cam_link
[robot_state_publisher-3] [INFO] [1773072262.029066443] [drone.robot_state_publisher]: got segment sonar_link
[apriltag_detector_node-9] [INFO] [1773072262.033202431] [apriltag_detector_node]: tag detector type: umich
[rviz2-1] 
[rviz2-1] (rviz2:745203): dbind-WARNING **: 01:04:22.050: Couldn't connect to accessibility bus: Failed to connect to socket /root/.cache/at-spi/bus_0: 허가 거부
[teleop_joystick-8] Traceback (most recent call last):
[teleop_joystick-8]   File "/home/j/INCSL/IICC26_ws/install/sjtu_drone_control/lib/sjtu_drone_control/teleop_joystick", line 33, in <module>
[teleop_joystick-8]     sys.exit(load_entry_point('sjtu_drone_control==0.0.0', 'console_scripts', 'teleop_joystick')())
[teleop_joystick-8]   File "/home/j/INCSL/IICC26_ws/install/sjtu_drone_control/lib/sjtu_drone_control/teleop_joystick", line 22, in importlib_load_entry_point
[teleop_joystick-8]     for entry_point in distribution(dist_name).entry_points
[teleop_joystick-8]   File "/usr/lib/python3.10/importlib/metadata/__init__.py", line 969, in distribution
[teleop_joystick-8]     return Distribution.from_name(distribution_name)
[teleop_joystick-8]   File "/usr/lib/python3.10/importlib/metadata/__init__.py", line 548, in from_name
[teleop_joystick-8]     raise PackageNotFoundError(name)
[teleop_joystick-8] importlib.metadata.PackageNotFoundError: No package metadata was found for sjtu_drone_control
[ERROR] [teleop_joystick-8]: process has died [pid 745217, exit code 1, cmd '/home/j/INCSL/IICC26_ws/install/sjtu_drone_control/lib/sjtu_drone_control/teleop_joystick --ros-args -r __ns:=/drone'].
[gzserver-2] Gazebo multi-robot simulator, version 11.10.2
[gzserver-2] Copyright (C) 2012 Open Source Robotics Foundation.
[gzserver-2] Released under the Apache 2 License.
[gzserver-2] http://gazebosim.org
[gzserver-2] 
[apriltag_state_bridge-10] [INFO] [1773072262.305370444] [apriltag_state_bridge]: AprilTag bridge started: /drone/bottom/tags -> /landing_tag_state, use_target_id=True, target_id=0
[joint_state_publisher-4] [INFO] [1773072262.318350431] [drone.joint_state_publisher]: Waiting for robot_description to be published on the robot_description topic...
[gzserver-2] [1;33m[Wrn] [gazebo_ros_init.cpp:178] [0m[1;33m
[gzserver-2] #     # ####### ####### ###  #####  #######
[gzserver-2] ##    # #     #    #     #  #     # #
[gzserver-2] # #   # #     #    #     #  #       #
[gzserver-2] #  #  # #     #    #     #  #       #####
[gzserver-2] #   # # #     #    #     #  #       #
[gzserver-2] #    ## #     #    #     #  #     # #
[gzserver-2] #     # #######    #    ###  #####  #######
[gzserver-2] 
[gzserver-2] This version of Gazebo, now called Gazebo classic, reaches end-of-life
[gzserver-2] in January 2025. Users are highly encouraged to migrate to the new Gazebo
[gzserver-2] using our migration guides (https://gazebosim.org/docs/latest/gazebo_classic_migration?utm_source=gazebo_ros_pkgs&utm_medium=cli)
[gzserver-2] 
[gzserver-2] [0m[1;33m
[rviz2-1] [INFO] [1773072262.887992464] [rviz2]: Stereo is NOT SUPPORTED
[rviz2-1] [INFO] [1773072262.888096076] [rviz2]: OpenGl version: 4.6 (GLSL 4.6)
[rviz2-1] [INFO] [1773072262.963113270] [rviz2]: Stereo is NOT SUPPORTED
[rviz2-1] [INFO] [1773072263.053325728] [rviz2]: Stereo is NOT SUPPORTED
[spawn_drone-5] [INFO] [1773072263.458232755] [spawn_drone]: Result False Entity pushed to spawn queue, but spawn service timed outwaiting for entity to appear in simulation under the name [/drone]
[gzserver-2] [1;32m[Msg] [0m[1;32mWaiting for master.[0m[1;32m
[gzserver-2] [0m[1;32m[0m[1;32m[0m[1;32m[Msg] [0m[1;32mConnected to gazebo master @ [0m[1;32mhttp://127.0.0.1:11345[0m[1;32m
[gzserver-2] [0m[1;32m[0m[1;32m[0m[1;32m[Msg] [0m[1;32mPublicized address: [0m[1;32m192.168.0.11[0m[1;32m
[gzserver-2] [0m[1;32m[0m[1;32m[0m[1;32m[Msg] [0m[1;32mLoading world file [[0m[1;32m/home/j/INCSL/IICC26_ws/install/sjtu_drone_description/share/sjtu_drone_description/worlds/landingPad.world[0m[1;32m][0m[1;32m
[gzserver-2] [0m[1;32m[0m[1;32m[0m[1;36m[Dbg] [wind_plugin.cpp:96] [0m[1;36mWindPlugin loaded: speed=[0m[1;36m0[0m[1;36m dir=[0m[1;36m0[0m[1;36m deg area=[0m[1;36m0.1[0m[1;36m coeff=[0m[1;36m1[0m[1;36m
[gzserver-2] [0m[1;33m[0m[1;33m[0m[1;31m[Err] [Sensor.cc:510] [0m[1;31mGet noise index not valid[0m[1;31m
[gzserver-2] [0m[1;31m[0m[1;31m[0m[1;31m[Err] [Sensor.cc:510] [0m[1;31mGet noise index not valid[0m[1;31m
[gzserver-2] [0m[1;31m[0m[1;31m[0m[1;31m[Err] [Sensor.cc:510] [0m[1;31mGet noise index not valid[0m[1;31m
[gzserver-2] [0m[1;31m[0m[1;31m[0m[1;31m[Err] [Sensor.cc:510] [0m[1;31mGet noise index not valid[0m[1;31m
[gzserver-2] [0m[1;31m[0m[1;31m[0m[1;31m[Err] [Sensor.cc:510] [0m[1;31mGet noise index not valid[0m[1;31m
[gzserver-2] [0m[1;31m[0m[1;31m[0m[1;31m[Err] [Sensor.cc:510] [0m[1;31mGet noise index not valid[0m[1;31m
[gzserver-2] [0m[1;31m[0m[1;31m[0mTopic [default//drone/base_footprint/down_camera/image] is not valid.
[gzserver-2] [INFO] [1773072263.488808060] [drone.collision_plugin]: Publishing contact states to [/drone/bumper_states]
[gzserver-2] Topic [default//drone/base_footprint/front_camera/image] is not valid.
[gzserver-2] [1;33m[Wrn] [Event.cc:61] [0m[1;33mWarning: Deleting a connection right after creation. [0m[1;33mMake sure to save the ConnectionPtr from a Connect call
[INFO] [spawn_drone-5]: process has finished cleanly [pid 745211]
[gzserver-2] [0m[INFO] [1773072264.073525771] [drone.camera_bottom]: Publishing camera info to [/drone/bottom/camera_info]
[gzserver-2] [INFO] [1773072264.076569871] [drone.camera_front]: Publishing camera info to [/drone/front/camera_info]
[gzserver-2] [INFO] [1773072264.199510779] [drone.simple_drone]: The drone plugin is loading!
[gzserver-2] [INFO] [1773072264.199709244] [drone.simple_drone]: pub_odom: 1
[gzserver-2] [INFO] [1773072264.199740285] [drone.simple_drone]: Using following parameters: 
[gzserver-2] 		link_name: base_footprint,
[gzserver-2] 		max_force: 30,
[gzserver-2] 		motion_small_noise: 0,
[gzserver-2] 		motion_drift_noise: 0,
[gzserver-2] 		motion_drift_noise_time: 50,
[gzserver-2] 		takeoff_hover_height: 1.99,
[gzserver-2] 		takeoff_vertical_speed: 0.2
[gzserver-2] [INFO] [1773072264.211427856] [drone.simple_drone]: Using the PID parameters: 
[gzserver-2] 	Roll Pitch:
[gzserver-2] 		kP: 10, kI: 0,kD: 5, Limit: 0.5, Time Constant: 0
[gzserver-2] 	Yaw:
[gzserver-2] 		kP: 2, kI: 0,kD: 1, Limit: 1.5, Time Constant: 0
[gzserver-2] 	Velocity X:
[gzserver-2] 		kP: 5, kI: 0,kD: 2.3, Limit: 2, Time Constant: 0
[gzserver-2] 	Velocity Y:
[gzserver-2] 		kP: 5, kI: 0,kD: 2.3, Limit: 2, Time Constant: 0
[gzserver-2] 	Velocity Z:
[gzserver-2] 		kP: 5, kI: 0,kD: 1, Limit: -1, Time Constant: 0
[gzserver-2] 	Position XY:
[gzserver-2] 		kP: 1.1, kI: 0,kD: 0, Limit: 5, Time Constant: 0
[gzserver-2] 	Position Z:
[gzserver-2] 		kP: 1, kI: 0,kD: 0.2, Limit: -1, Time Constant: 0
[gzserver-2] [INFO] [1773072264.211562492] [drone.simple_drone]: The drone plugin finished loading!
[gzserver-2] [INFO] [1773072271.362568919] [gazebo_wind_plugin_node]: WindPlugin: set wind_speed=0.00 wind_direction=0.0
[gzserver-2] [INFO] [1773072271.632096618] [gazebo_wind_plugin_node]: WindPlugin: set wind_speed=0.00 wind_direction=0.0
[gzserver-2] [INFO] [1773072271.665007603] [drone.simple_drone]: Quadrotor takes off!!
[gzserver-2] [INFO] [1773072271.865829891] [gazebo_wind_plugin_node]: WindPlugin: set wind_speed=0.00 wind_direction=0.0
[gzserver-2] [INFO] [1773072272.107249735] [gazebo_wind_plugin_node]: WindPlugin: set wind_speed=0.00 wind_direction=0.0
[gzserver-2] [INFO] [1773072272.341460097] [gazebo_wind_plugin_node]: WindPlugin: set wind_speed=0.00 wind_direction=0.0
[gzserver-2] [INFO] [1773072272.580586809] [gazebo_wind_plugin_node]: WindPlugin: set wind_speed=0.00 wind_direction=0.0
[gzserver-2] [INFO] [1773072272.809713070] [gazebo_wind_plugin_node]: WindPlugin: set wind_speed=0.00 wind_direction=0.0
[gzserver-2] [INFO] [1773072273.048607921] [gazebo_wind_plugin_node]: WindPlugin: set wind_speed=0.00 wind_direction=0.0
[gzserver-2] [0m[1;36m[Dbg] [wind_plugin.cpp:110] [0m[1;36mWindPlugin: received command -> speed=[0m[1;36m0[0m[1;36m dir=[0m[1;36m0[0m[1;36m
[gzserver-2] [0m[1;36m[Dbg] [wind_plugin.cpp:110] [0m[1;36mWindPlugin: received command -> speed=[0m[1;36m0[0m[1;36m dir=[0m[1;36m0[0m[1;36m
[gzserver-2] [0m[1;36m[Dbg] [wind_plugin.cpp:110] [0m[1;36mWindPlugin: received command -> speed=[0m[1;36m0[0m[1;36m dir=[0m[1;36m0[0m[1;36m
[gzserver-2] [0m[1;36m[Dbg] [wind_plugin.cpp:110] [0m[1;36mWindPlugin: received command -> speed=[0m[1;36m0[0m[1;36m dir=[0m[1;36m0[0m[1;36m
[gzserver-2] [0m[1;36m[Dbg] [wind_plugin.cpp:110] [0m[1;36mWindPlugin: received command -> speed=[0m[1;36m0[0m[1;36m dir=[0m[1;36m0[0m[1;36m
[gzserver-2] [0m[1;36m[Dbg] [wind_plugin.cpp:110] [0m[1;36mWindPlugin: received command -> speed=[0m[1;36m0[0m[1;36m dir=[0m[1;36m0[0m[1;36m
[gzserver-2] [0m[1;36m[Dbg] [wind_plugin.cpp:110] [0m[1;36mWindPlugin: received command -> speed=[0m[1;36m0[0m[1;36m dir=[0m[1;36m0[0m[1;36m
[gzserver-2] [0m[1;36m[Dbg] [wind_plugin.cpp:110] [0m[1;36mWindPlugin: received command -> speed=[0m[1;36m0[0m[1;36m dir=[0m[1;36m0[0m[1;36m
[gzserver-2] [0mEntering flying model!
[gzserver-2] [INFO] [1773072273.287971219] [gazebo_wind_plugin_node]: WindPlugin: set wind_speed=0.00 wind_direction=0.0
[gzserver-2] [INFO] [1773072273.523229582] [gazebo_wind_plugin_node]: WindPlugin: set wind_speed=0.96 wind_direction=25.4
[gzserver-2] [INFO] [1773072273.764399963] [gazebo_wind_plugin_node]: WindPlugin: set wind_speed=0.96 wind_direction=25.4
[gzserver-2] [INFO] [1773072273.998760546] [gazebo_wind_plugin_node]: WindPlugin: set wind_speed=1.02 wind_direction=28.7
[gzserver-2] [INFO] [1773072274.233335221] [gazebo_wind_plugin_node]: WindPlugin: set wind_speed=1.02 wind_direction=28.7
[gzserver-2] [INFO] [1773072274.462632464] [gazebo_wind_plugin_node]: WindPlugin: set wind_speed=1.02 wind_direction=28.7
[gzserver-2] [INFO] [1773072274.701530680] [gazebo_wind_plugin_node]: WindPlugin: set wind_speed=1.02 wind_direction=28.7
[gzserver-2] [INFO] [1773072274.942671798] [gazebo_wind_plugin_node]: WindPlugin: set wind_speed=0.86 wind_direction=26.1
[gzserver-2] [INFO] [1773072275.182056379] [gazebo_wind_plugin_node]: WindPlugin: set wind_speed=0.86 wind_direction=26.1
[gzserver-2] [INFO] [1773072275.416254791] [gazebo_wind_plugin_node]: WindPlugin: set wind_speed=0.86 wind_direction=26.1
[gzserver-2] [INFO] [1773072275.655426356] [gazebo_wind_plugin_node]: WindPlugin: set wind_speed=0.86 wind_direction=26.1
[gzserver-2] [INFO] [1773072275.889729270] [gazebo_wind_plugin_node]: WindPlugin: set wind_speed=0.92 wind_direction=28.0
[gzserver-2] [INFO] [1773072276.129398260] [gazebo_wind_plugin_node]: WindPlugin: set wind_speed=0.92 wind_direction=28.0
[gzserver-2] [INFO] [1773072276.363510873] [gazebo_wind_plugin_node]: WindPlugin: set wind_speed=0.92 wind_direction=28.0
[gzserver-2] [INFO] [1773072276.604638281] [gazebo_wind_plugin_node]: WindPlugin: set wind_speed=0.92 wind_direction=28.0
[gzserver-2] [INFO] [1773072276.843946673] [gazebo_wind_plugin_node]: WindPlugin: set wind_speed=0.92 wind_direction=28.0
[gzserver-2] [INFO] [1773072277.072799704] [gazebo_wind_plugin_node]: WindPlugin: set wind_speed=0.72 wind_direction=25.9
[gzserver-2] [INFO] [1773072277.311918631] [gazebo_wind_plugin_node]: WindPlugin: set wind_speed=0.72 wind_direction=25.9
[gzserver-2] [INFO] [1773072277.540580432] [gazebo_wind_plugin_node]: WindPlugin: set wind_speed=0.72 wind_direction=25.9
[gzserver-2] [INFO] [1773072277.779366703] [gazebo_wind_plugin_node]: WindPlugin: set wind_speed=0.72 wind_direction=25.9
[gzserver-2] [INFO] [1773072278.019387731] [gazebo_wind_plugin_node]: WindPlugin: set wind_speed=0.85 wind_direction=24.2
[gzserver-2] [INFO] [1773072278.259031212] [gazebo_wind_plugin_node]: WindPlugin: set wind_speed=0.85 wind_direction=24.2
[gzserver-2] [INFO] [1773072278.498557738] [gazebo_wind_plugin_node]: WindPlugin: set wind_speed=0.85 wind_direction=24.2
[gzserver-2] [INFO] [1773072278.738294069] [gazebo_wind_plugin_node]: WindPlugin: set wind_speed=0.85 wind_direction=24.2
[gzserver-2] [INFO] [1773072278.973397423] [gazebo_wind_plugin_node]: WindPlugin: set wind_speed=0.78 wind_direction=22.4
[gzserver-2] [INFO] [1773072279.207546833] [gazebo_wind_plugin_node]: WindPlugin: set wind_speed=0.78 wind_direction=22.4
[gzserver-2] [INFO] [1773072279.446711276] [gazebo_wind_plugin_node]: WindPlugin: set wind_speed=0.78 wind_direction=22.4
[gzserver-2] [1;36m[Dbg] [wind_plugin.cpp:110] [0m[1;36mWindPlugin: received command -> speed=[0m[1;36m0[0m[1;36m dir=[0m[1;36m0[0m[1;36m
[gzserver-2] [0m[1;36m[Dbg] [wind_plugin.cpp:110] [0m[1;36mWindPlugin: received command -> speed=[0m[1;36m0.964828[0m[1;36m dir=[0m[1;36m25.4267[0m[1;36m
[gzserver-2] [0m[1;36m[Dbg] [wind_plugin.cpp:110] [0m[1;36mWindPlugin: received command -> speed=[0m[1;36m0.964828[0m[1;36m dir=[0m[1;36m25.4267[0m[1;36m
[gzserver-2] [0m[1;36m[Dbg] [wind_plugin.cpp:110] [0m[1;36mWindPlugin: received command -> speed=[0m[1;36m1.02497[0m[1;36m dir=[0m[1;36m28.6596[0m[1;36m
[gzserver-2] [0m[1;36m[Dbg] [wind_plugin.cpp:110] [0m[1;36mWindPlugin: received command -> speed=[0m[1;36m1.02497[0m[1;36m dir=[0m[1;36m28.6596[0m[1;36m
[gzserver-2] [0m[1;36m[Dbg] [wind_plugin.cpp:110] [0m[1;36mWindPlugin: received command -> speed=[0m[1;36m1.02497[0m[1;36m dir=[0m[1;36m28.6596[0m[1;36m
[gzserver-2] [0m[1;36m[Dbg] [wind_plugin.cpp:110] [0m[1;36mWindPlugin: received command -> speed=[0m[1;36m1.02497[0m[1;36m dir=[0m[1;36m28.6596[0m[1;36m
[gzserver-2] [0m[1;36m[Dbg] [wind_plugin.cpp:110] [0m[1;36mWindPlugin: received command -> speed=[0m[1;36m0.859106[0m[1;36m dir=[0m[1;36m26.0883[0m[1;36m
[gzserver-2] [0m[1;36m[Dbg] [wind_plugin.cpp:110] [0m[1;36mWindPlugin: received command -> speed=[0m[1;36m0.859106[0m[1;36m dir=[0m[1;36m26.0883[0m[1;36m
[gzserver-2] [0m[1;36m[Dbg] [wind_plugin.cpp:110] [0m[1;36mWindPlugin: received command -> speed=[0m[1;36m0.859106[0m[1;36m dir=[0m[1;36m26.0883[0m[1;36m
[gzserver-2] [0m[1;36m[Dbg] [wind_plugin.cpp:110] [0m[1;36mWindPlugin: received command -> speed=[0m[1;36m0.859106[0m[1;36m dir=[0m[1;36m26.0883[0m[1;36m
[gzserver-2] [0m[1;36m[Dbg] [wind_plugin.cpp:110] [0m[1;36mWindPlugin: received command -> speed=[0m[1;36m0.923092[0m[1;36m dir=[0m[1;36m28.0471[0m[1;36m
[gzserver-2] [0m[1;36m[Dbg] [wind_plugin.cpp:110] [0m[1;36mWindPlugin: received command -> speed=[0m[1;36m0.923092[0m[1;36m dir=[0m[1;36m28.0471[0m[1;36m
[gzserver-2] [0m[1;36m[Dbg] [wind_plugin.cpp:110] [0m[1;36mWindPlugin: received command -> speed=[0m[1;36m0.923092[0m[1;36m dir=[0m[1;36m28.0471[0m[1;36m
[gzserver-2] [0m[1;36m[Dbg] [wind_plugin.cpp:110] [0m[1;36mWindPlugin: received command -> speed=[0m[1;36m0.923092[0m[1;36m dir=[0m[1;36m28.0471[0m[1;36m
[gzserver-2] [0m[1;36m[Dbg] [wind_plugin.cpp:110] [0m[1;36mWindPlugin: received command -> speed=[0m[1;36m0.923092[0m[1;36m dir=[0m[1;36m28.0471[0m[1;36m
[gzserver-2] [0m[1;36m[Dbg] [wind_plugin.cpp:110] [0m[1;36mWindPlugin: received command -> speed=[0m[1;36m0.719679[0m[1;36m dir=[0m[1;36m25.8909[0m[1;36m
[gzserver-2] [0m[1;36m[Dbg] [wind_plugin.cpp:110] [0m[1;36mWindPlugin: received command -> speed=[0m[1;36m0.719679[0m[1;36m dir=[0m[1;36m25.8909[0m[1;36m
[gzserver-2] [0m[1;36m[Dbg] [wind_plugin.cpp:110] [0m[1;36mWindPlugin: received command -> speed=[0m[1;36m0.719679[0m[1;36m dir=[0m[1;36m25.8909[0m[1;36m
[gzserver-2] [0m[1;36m[Dbg] [wind_plugin.cpp:110] [0m[1;36mWindPlugin: received command -> speed=[0m[1;36m0.719679[0m[1;36m dir=[0m[1;36m25.8909[0m[1;36m
[gzserver-2] [0m[1;36m[Dbg] [wind_plugin.cpp:110] [0m[1;36mWindPlugin: received command -> speed=[0m[1;36m0.847759[0m[1;36m dir=[0m[1;36m24.2058[0m[1;36m
[gzserver-2] [0m[1;36m[Dbg] [wind_plugin.cpp:110] [0m[1;36mWindPlugin: received command -> speed=[0m[1;36m0.847759[0m[1;36m dir=[0m[1;36m24.2058[0m[1;36m
[gzserver-2] [0m[1;36m[Dbg] [wind_plugin.cpp:110] [0m[1;36mWindPlugin: received command -> speed=[0m[1;36m0.847759[0m[1;36m dir=[0m[1;36m24.2058[0m[1;36m
[gzserver-2] [0m[1;36m[Dbg] [wind_plugin.cpp:110] [0m[1;36mWindPlugin: received command -> speed=[0m[1;36m0.847759[0m[1;36m dir=[0m[1;36m24.2058[0m[1;36m
[gzserver-2] [0m[1;36m[Dbg] [wind_plugin.cpp:110] [0m[1;36mWindPlugin: received command -> speed=[0m[1;36m0.777685[0m[1;36m dir=[0m[1;36m22.4093[0m[1;36m
[gzserver-2] [0m[1;36m[Dbg] [wind_plugin.cpp:110] [0m[1;36mWindPlugin: received command -> speed=[0m[1;36m0.777685[0m[1;36m dir=[0m[1;36m22.4093[0m[1;36m
[gzserver-2] [INFO] [1773072279.675025607] [gazebo_wind_plugin_node]: WindPlugin: set wind_speed=0.78 wind_direction=22.4
[gzserver-2] [INFO] [1773072279.914377599] [gazebo_wind_plugin_node]: WindPlugin: set wind_speed=0.84 wind_direction=26.1
[gzserver-2] [INFO] [1773072280.153604323] [gazebo_wind_plugin_node]: WindPlugin: set wind_speed=0.84 wind_direction=26.1
[gzserver-2] [INFO] [1773072280.393255832] [gazebo_wind_plugin_node]: WindPlugin: set wind_speed=0.84 wind_direction=26.1
[gzserver-2] [INFO] [1773072280.632593085] [gazebo_wind_plugin_node]: WindPlugin: set wind_speed=0.84 wind_direction=26.1
[gzserver-2] [INFO] [1773072280.874236006] [gazebo_wind_plugin_node]: WindPlugin: set wind_speed=1.07 wind_direction=24.5
[gzserver-2] [INFO] [1773072281.113611847] [gazebo_wind_plugin_node]: WindPlugin: set wind_speed=1.07 wind_direction=24.5
[gzserver-2] [INFO] [1773072281.145933854] [drone.simple_drone]: Quadrotor lands!!
[gzserver-2] [INFO] [1773072281.347320635] [gazebo_wind_plugin_node]: WindPlugin: set wind_speed=1.07 wind_direction=24.5
[gzserver-2] [INFO] [1773072281.586530132] [gazebo_wind_plugin_node]: WindPlugin: set wind_speed=1.07 wind_direction=24.5
[gzserver-2] [INFO] [1773072281.815040758] [gazebo_wind_plugin_node]: WindPlugin: set wind_speed=1.07 wind_direction=24.5
[gzserver-2] [INFO] [1773072282.054118674] [gazebo_wind_plugin_node]: WindPlugin: set wind_speed=0.83 wind_direction=22.0
[gzserver-2] [0m[1;36m[Dbg] [wind_plugin.cpp:110] [0m[1;36mWindPlugin: received command -> speed=[0m[1;36m0.777685[0m[1;36m dir=[0m[1;36m22.4093[0m[1;36m
[gzserver-2] [0m[1;36m[Dbg] [wind_plugin.cpp:110] [0m[1;36mWindPlugin: received command -> speed=[0m[1;36m0.777685[0m[1;36m dir=[0m[1;36m22.4093[0m[1;36m
[gzserver-2] [0m[1;36m[Dbg] [wind_plugin.cpp:110] [0m[1;36mWindPlugin: received command -> speed=[0m[1;36m0.835926[0m[1;36m dir=[0m[1;36m26.0634[0m[1;36m
[gzserver-2] [0m[1;36m[Dbg] [wind_plugin.cpp:110] [0m[1;36mWindPlugin: received command -> speed=[0m[1;36m0.835926[0m[1;36m dir=[0m[1;36m26.0634[0m[1;36m
[gzserver-2] [0m[1;36m[Dbg] [wind_plugin.cpp:110] [0m[1;36mWindPlugin: received command -> speed=[0m[1;36m0.835926[0m[1;36m dir=[0m[1;36m26.0634[0m[1;36m
[gzserver-2] [0m[1;36m[Dbg] [wind_plugin.cpp:110] [0m[1;36mWindPlugin: received command -> speed=[0m[1;36m0.835926[0m[1;36m dir=[0m[1;36m26.0634[0m[1;36m
[gzserver-2] [0m[1;36m[Dbg] [wind_plugin.cpp:110] [0m[1;36mWindPlugin: received command -> speed=[0m[1;36m1.06956[0m[1;36m dir=[0m[1;36m24.5251[0m[1;36m
[gzserver-2] [0m[1;36m[Dbg] [wind_plugin.cpp:110] [0m[1;36mWindPlugin: received command -> speed=[0m[1;36m1.06956[0m[1;36m dir=[0m[1;36m24.5251[0m[1;36m
[gzserver-2] [0m[1;36m[Dbg] [wind_plugin.cpp:110] [0m[1;36mWindPlugin: received command -> speed=[0m[1;36m1.06956[0m[1;36m dir=[0m[1;36m24.5251[0m[1;36m
[gzserver-2] [0m[1;36m[Dbg] [wind_plugin.cpp:110] [0m[1;36mWindPlugin: received command -> speed=[0m[1;36m1.06956[0m[1;36m dir=[0m[1;36m24.5251[0m[1;36m
[gzserver-2] [0m[1;36m[Dbg] [wind_plugin.cpp:110] [0m[1;36mWindPlugin: received command -> speed=[0m[1;36m1.06956[0m[1;36m dir=[0m[1;36m24.5251[0m[1;36m
[gzserver-2] [0m[1;36m[Dbg] [wind_plugin.cpp:110] [0m[1;36mWindPlugin: received command -> speed=[0m[1;36m0.834081[0m[1;36m dir=[0m[1;36m21.955[0m[1;36m
[gzserver-2] [0mLanded!
[gzserver-2] [INFO] [1773072282.293418763] [gazebo_wind_plugin_node]: WindPlugin: set wind_speed=0.83 wind_direction=22.0
[gzserver-2] [INFO] [1773072282.527839852] [gazebo_wind_plugin_node]: WindPlugin: set wind_speed=0.83 wind_direction=22.0
[gzserver-2] [INFO] [1773072282.762374089] [gazebo_wind_plugin_node]: WindPlugin: set wind_speed=0.83 wind_direction=22.0
[gzserver-2] [INFO] [1773072283.001045911] [gazebo_wind_plugin_node]: WindPlugin: set wind_speed=1.06 wind_direction=22.2
[gzserver-2] [INFO] [1773072283.240399161] [gazebo_wind_plugin_node]: WindPlugin: set wind_speed=1.06 wind_direction=22.2
[gzserver-2] [INFO] [1773072283.479835110] [gazebo_wind_plugin_node]: WindPlugin: set wind_speed=1.06 wind_direction=22.2
[gzserver-2] [INFO] [1773072283.719017895] [gazebo_wind_plugin_node]: WindPlugin: set wind_speed=1.06 wind_direction=22.2
[gzserver-2] [INFO] [1773072283.952576147] [gazebo_wind_plugin_node]: WindPlugin: set wind_speed=0.94 wind_direction=22.2
