[INFO] [launch]: All log files can be found below /home/j/.ros/log/2026-03-10-23-44-20-746290-j-1896037
[INFO] [launch]: Default logging verbosity is set to INFO
[INFO] [launch.user]: [bringup] Apriltag config: camera=/drone/bottom, image=/drone/bottom/image_raw, tags=/drone/bottom/tags, bridge=/landing_tag_state, standalone=true, use_target_id=true, target_id=0
[INFO] [rviz2-1]: process started with pid [1896040]
[INFO] [gzserver-2]: process started with pid [1896042]
[INFO] [robot_state_publisher-3]: process started with pid [1896044]
[INFO] [joint_state_publisher-4]: process started with pid [1896046]
[INFO] [spawn_drone-5]: process started with pid [1896048]
[INFO] [static_transform_publisher-6]: process started with pid [1896050]
[INFO] [joy_node-7]: process started with pid [1896052]
[INFO] [teleop_joystick-8]: process started with pid [1896054]
[INFO] [apriltag_detector_node-9]: process started with pid [1896056]
[INFO] [apriltag_state_bridge-10]: process started with pid [1896059]
[static_transform_publisher-6] [WARN] [1773153861.212650036] []: Old-style arguments are deprecated; see --help for new-style arguments
[static_transform_publisher-6] [INFO] [1773153861.221283444] [static_transform_publisher_4eKFNii3KLYraBJZ]: Spinning until stopped - publishing transform
[static_transform_publisher-6] translation: ('0.000000', '0.000000', '0.000000')
[static_transform_publisher-6] rotation: ('0.000000', '0.000000', '0.000000', '1.000000')
[static_transform_publisher-6] from 'world' to '/drone/odom'
[robot_state_publisher-3] [INFO] [1773153861.238070858] [drone.robot_state_publisher]: got segment base_footprint
[robot_state_publisher-3] [INFO] [1773153861.238136208] [drone.robot_state_publisher]: got segment base_link
[robot_state_publisher-3] [INFO] [1773153861.238142252] [drone.robot_state_publisher]: got segment bottom_cam_link
[robot_state_publisher-3] [INFO] [1773153861.238145564] [drone.robot_state_publisher]: got segment front_cam_link
[robot_state_publisher-3] [INFO] [1773153861.238148296] [drone.robot_state_publisher]: got segment sonar_link
[apriltag_detector_node-9] [INFO] [1773153861.255394314] [apriltag_detector_node]: tag detector type: umich
[rviz2-1] 
[rviz2-1] (rviz2:1896040): dbind-WARNING **: 23:44:21.259: Couldn't connect to accessibility bus: Failed to connect to socket /root/.cache/at-spi/bus_0: 허가 거부
[teleop_joystick-8] Traceback (most recent call last):
[teleop_joystick-8]   File "/home/j/INCSL/IICC26_ws/install/sjtu_drone_control/lib/sjtu_drone_control/teleop_joystick", line 33, in <module>
[teleop_joystick-8]     sys.exit(load_entry_point('sjtu_drone_control==0.0.0', 'console_scripts', 'teleop_joystick')())
[teleop_joystick-8]   File "/home/j/INCSL/IICC26_ws/install/sjtu_drone_control/lib/sjtu_drone_control/teleop_joystick", line 22, in importlib_load_entry_point
[teleop_joystick-8]     for entry_point in distribution(dist_name).entry_points
[teleop_joystick-8]   File "/usr/lib/python3.10/importlib/metadata/__init__.py", line 969, in distribution
[teleop_joystick-8]     return Distribution.from_name(distribution_name)
[teleop_joystick-8]   File "/usr/lib/python3.10/importlib/metadata/__init__.py", line 548, in from_name
[teleop_joystick-8]     raise PackageNotFoundError(name)
[teleop_joystick-8] importlib.metadata.PackageNotFoundError: No package metadata was found for sjtu_drone_control
[ERROR] [teleop_joystick-8]: process has died [pid 1896054, exit code 1, cmd '/home/j/INCSL/IICC26_ws/install/sjtu_drone_control/lib/sjtu_drone_control/teleop_joystick --ros-args -r __ns:=/drone'].
[gzserver-2] Gazebo multi-robot simulator, version 11.10.2
[gzserver-2] Copyright (C) 2012 Open Source Robotics Foundation.
[gzserver-2] Released under the Apache 2 License.
[gzserver-2] http://gazebosim.org
[gzserver-2] 
[joint_state_publisher-4] [INFO] [1773153861.478540717] [drone.joint_state_publisher]: Waiting for robot_description to be published on the robot_description topic...
[apriltag_state_bridge-10] [INFO] [1773153861.486267511] [apriltag_state_bridge]: AprilTag bridge started: /drone/bottom/tags -> /landing_tag_state, use_target_id=True, target_id=0
[gzserver-2] [1;33m[Wrn] [gazebo_ros_init.cpp:178] [0m[1;33m
[gzserver-2] #     # ####### ####### ###  #####  #######
[gzserver-2] ##    # #     #    #     #  #     # #
[gzserver-2] # #   # #     #    #     #  #       #
[gzserver-2] #  #  # #     #    #     #  #       #####
[gzserver-2] #   # # #     #    #     #  #       #
[gzserver-2] #    ## #     #    #     #  #     # #
[gzserver-2] #     # #######    #    ###  #####  #######
[gzserver-2] 
[gzserver-2] This version of Gazebo, now called Gazebo classic, reaches end-of-life
[gzserver-2] in January 2025. Users are highly encouraged to migrate to the new Gazebo
[gzserver-2] using our migration guides (https://gazebosim.org/docs/latest/gazebo_classic_migration?utm_source=gazebo_ros_pkgs&utm_medium=cli)
[gzserver-2] 
[gzserver-2] [0m[1;33m
[rviz2-1] [INFO] [1773153862.084078491] [rviz2]: Stereo is NOT SUPPORTED
[rviz2-1] [INFO] [1773153862.084163925] [rviz2]: OpenGl version: 4.6 (GLSL 4.6)
[rviz2-1] [INFO] [1773153862.175609743] [rviz2]: Stereo is NOT SUPPORTED
[rviz2-1] [INFO] [1773153862.266241816] [rviz2]: Stereo is NOT SUPPORTED
[spawn_drone-5] [INFO] [1773153862.684410274] [spawn_drone]: Result False Entity pushed to spawn queue, but spawn service timed outwaiting for entity to appear in simulation under the name [/drone]
[gzserver-2] [1;32m[Msg] [0m[1;32mWaiting for master.[0m[1;32m
[gzserver-2] [0m[1;32m[0m[1;32m[0m[1;32m[Msg] [0m[1;32mConnected to gazebo master @ [0m[1;32mhttp://127.0.0.1:11345[0m[1;32m
[gzserver-2] [0m[1;32m[0m[1;32m[0m[1;32m[Msg] [0m[1;32mPublicized address: [0m[1;32m192.168.0.11[0m[1;32m
[gzserver-2] [0m[1;32m[0m[1;32m[0m[1;32m[Msg] [0m[1;32mLoading world file [[0m[1;32m/home/j/INCSL/IICC26_ws/install/sjtu_drone_description/share/sjtu_drone_description/worlds/landingPad.world[0m[1;32m][0m[1;32m
[gzserver-2] [0m[1;32m[0m[1;32m[0m[1;36m[Dbg] [wind_plugin.cpp:96] [0m[1;36mWindPlugin loaded: speed=[0m[1;36m0[0m[1;36m dir=[0m[1;36m0[0m[1;36m deg area=[0m[1;36m0.1[0m[1;36m coeff=[0m[1;36m1[0m[1;36m
[gzserver-2] [0m[1;33m[0m[1;33m[0m[1;31m[Err] [Sensor.cc:510] [0m[1;31mGet noise index not valid[0m[1;31m
[gzserver-2] [0m[1;31m[0m[1;31m[0m[1;31m[Err] [Sensor.cc:510] [0m[1;31mGet noise index not valid[0m[1;31m
[gzserver-2] [0m[1;31m[0m[1;31m[0m[1;31m[Err] [Sensor.cc:510] [0m[1;31mGet noise index not valid[0m[1;31m
[gzserver-2] [0m[1;31m[0m[1;31m[0m[1;31m[Err] [Sensor.cc:510] [0m[1;31mGet noise index not valid[0m[1;31m
[gzserver-2] [0m[1;31m[0m[1;31m[0m[1;31m[Err] [Sensor.cc:510] [0m[1;31mGet noise index not valid[0m[1;31m
[gzserver-2] [0m[1;31m[0m[1;31m[0m[1;31m[Err] [Sensor.cc:510] [0m[1;31mGet noise index not valid[0m[1;31m
[gzserver-2] [0m[1;31m[0m[1;31m[0mTopic [default//drone/base_footprint/down_camera/image] is not valid.
[gzserver-2] Topic [default//drone/base_footprint/front_camera/image] is not valid.
[gzserver-2] [INFO] [1773153862.715388426] [drone.collision_plugin]: Publishing contact states to [/drone/bumper_states]
[gzserver-2] [1;33m[Wrn] [Event.cc:61] [0m[1;33mWarning: Deleting a connection right after creation. [0m[1;33mMake sure to save the ConnectionPtr from a Connect call
[INFO] [spawn_drone-5]: process has finished cleanly [pid 1896048]
[gzserver-2] [0m[INFO] [1773153863.286910907] [drone.camera_bottom]: Publishing camera info to [/drone/bottom/camera_info]
[gzserver-2] [INFO] [1773153863.291183983] [drone.camera_front]: Publishing camera info to [/drone/front/camera_info]
[gzserver-2] [INFO] [1773153863.413225605] [drone.simple_drone]: The drone plugin is loading!
[gzserver-2] [INFO] [1773153863.413434314] [drone.simple_drone]: pub_odom: 1
[gzserver-2] [INFO] [1773153863.413472726] [drone.simple_drone]: Using following parameters: 
[gzserver-2] 		link_name: base_footprint,
[gzserver-2] 		max_force: 30,
[gzserver-2] 		motion_small_noise: 0,
[gzserver-2] 		motion_drift_noise: 0,
[gzserver-2] 		motion_drift_noise_time: 50,
[gzserver-2] 		takeoff_hover_height: 1.91,
[gzserver-2] 		takeoff_vertical_speed: 0.2
[gzserver-2] [INFO] [1773153863.425503158] [drone.simple_drone]: Using the PID parameters: 
[gzserver-2] 	Roll Pitch:
[gzserver-2] 		kP: 10, kI: 0,kD: 5, Limit: 0.5, Time Constant: 0
[gzserver-2] 	Yaw:
[gzserver-2] 		kP: 2, kI: 0,kD: 1, Limit: 1.5, Time Constant: 0
[gzserver-2] 	Velocity X:
[gzserver-2] 		kP: 5, kI: 0,kD: 2.3, Limit: 2, Time Constant: 0
[gzserver-2] 	Velocity Y:
[gzserver-2] 		kP: 5, kI: 0,kD: 2.3, Limit: 2, Time Constant: 0
[gzserver-2] 	Velocity Z:
[gzserver-2] 		kP: 5, kI: 0,kD: 1, Limit: -1, Time Constant: 0
[gzserver-2] 	Position XY:
[gzserver-2] 		kP: 1.1, kI: 0,kD: 0, Limit: 5, Time Constant: 0
[gzserver-2] 	Position Z:
[gzserver-2] 		kP: 1, kI: 0,kD: 0.2, Limit: -1, Time Constant: 0
[gzserver-2] [INFO] [1773153863.425631489] [drone.simple_drone]: The drone plugin finished loading!
[gzserver-2] [INFO] [1773153870.571782071] [gazebo_wind_plugin_node]: WindPlugin: set wind_speed=0.00 wind_direction=0.0
[gzserver-2] [INFO] [1773153870.843215337] [gazebo_wind_plugin_node]: WindPlugin: set wind_speed=0.00 wind_direction=0.0
[gzserver-2] [INFO] [1773153870.875496023] [drone.simple_drone]: Quadrotor takes off!!
[gzserver-2] [INFO] [1773153871.082549903] [gazebo_wind_plugin_node]: WindPlugin: set wind_speed=0.00 wind_direction=0.0
[gzserver-2] [INFO] [1773153871.322039876] [gazebo_wind_plugin_node]: WindPlugin: set wind_speed=0.00 wind_direction=0.0
[gzserver-2] [INFO] [1773153871.561411041] [gazebo_wind_plugin_node]: WindPlugin: set wind_speed=0.00 wind_direction=0.0
[gzserver-2] [INFO] [1773153871.801473935] [gazebo_wind_plugin_node]: WindPlugin: set wind_speed=0.00 wind_direction=0.0
[gzserver-2] [INFO] [1773153872.040581370] [gazebo_wind_plugin_node]: WindPlugin: set wind_speed=0.00 wind_direction=0.0
[gzserver-2] [INFO] [1773153872.273587845] [gazebo_wind_plugin_node]: WindPlugin: set wind_speed=0.00 wind_direction=0.0
[gzserver-2] [0m[1;36m[Dbg] [wind_plugin.cpp:110] [0m[1;36mWindPlugin: received command -> speed=[0m[1;36m0[0m[1;36m dir=[0m[1;36m0[0m[1;36m
[gzserver-2] [0m[1;36m[Dbg] [wind_plugin.cpp:110] [0m[1;36mWindPlugin: received command -> speed=[0m[1;36m0[0m[1;36m dir=[0m[1;36m0[0m[1;36m
[gzserver-2] [0m[1;36m[Dbg] [wind_plugin.cpp:110] [0m[1;36mWindPlugin: received command -> speed=[0m[1;36m0[0m[1;36m dir=[0m[1;36m0[0m[1;36m
[gzserver-2] [0m[1;36m[Dbg] [wind_plugin.cpp:110] [0m[1;36mWindPlugin: received command -> speed=[0m[1;36m0[0m[1;36m dir=[0m[1;36m0[0m[1;36m
[gzserver-2] [0m[1;36m[Dbg] [wind_plugin.cpp:110] [0m[1;36mWindPlugin: received command -> speed=[0m[1;36m0[0m[1;36m dir=[0m[1;36m0[0m[1;36m
[gzserver-2] [0m[1;36m[Dbg] [wind_plugin.cpp:110] [0m[1;36mWindPlugin: received command -> speed=[0m[1;36m0[0m[1;36m dir=[0m[1;36m0[0m[1;36m
[gzserver-2] [0m[1;36m[Dbg] [wind_plugin.cpp:110] [0m[1;36mWindPlugin: received command -> speed=[0m[1;36m0[0m[1;36m dir=[0m[1;36m0[0m[1;36m
[gzserver-2] [0m[1;36m[Dbg] [wind_plugin.cpp:110] [0m[1;36mWindPlugin: received command -> speed=[0m[1;36m0[0m[1;36m dir=[0m[1;36m0[0m[1;36m
[gzserver-2] [0mEntering flying model!
[gzserver-2] [INFO] [1773153872.513549604] [gazebo_wind_plugin_node]: WindPlugin: set wind_speed=0.00 wind_direction=0.0
[gzserver-2] [INFO] [1773153872.754058655] [gazebo_wind_plugin_node]: WindPlugin: set wind_speed=0.56 wind_direction=-60.8
[gzserver-2] [INFO] [1773153872.993755960] [gazebo_wind_plugin_node]: WindPlugin: set wind_speed=0.56 wind_direction=-60.8
[gzserver-2] [INFO] [1773153873.228020944] [gazebo_wind_plugin_node]: WindPlugin: set wind_speed=0.65 wind_direction=-59.8
[gzserver-2] [INFO] [1773153873.469317430] [gazebo_wind_plugin_node]: WindPlugin: set wind_speed=0.65 wind_direction=-59.8
[gzserver-2] [INFO] [1773153873.708355890] [gazebo_wind_plugin_node]: WindPlugin: set wind_speed=0.65 wind_direction=-59.8
[gzserver-2] [INFO] [1773153873.947305716] [gazebo_wind_plugin_node]: WindPlugin: set wind_speed=0.65 wind_direction=-59.8
[gzserver-2] [INFO] [1773153874.181759139] [gazebo_wind_plugin_node]: WindPlugin: set wind_speed=0.65 wind_direction=-59.4
[gzserver-2] [INFO] [1773153874.415526569] [gazebo_wind_plugin_node]: WindPlugin: set wind_speed=0.65 wind_direction=-59.4
[gzserver-2] [INFO] [1773153874.654875717] [gazebo_wind_plugin_node]: WindPlugin: set wind_speed=0.65 wind_direction=-59.4
[gzserver-2] [INFO] [1773153874.883422341] [gazebo_wind_plugin_node]: WindPlugin: set wind_speed=0.65 wind_direction=-59.4
[gzserver-2] [INFO] [1773153875.122820913] [gazebo_wind_plugin_node]: WindPlugin: set wind_speed=0.50 wind_direction=-60.3
[gzserver-2] [INFO] [1773153875.357517203] [gazebo_wind_plugin_node]: WindPlugin: set wind_speed=0.50 wind_direction=-60.3
[gzserver-2] [INFO] [1773153875.586229465] [gazebo_wind_plugin_node]: WindPlugin: set wind_speed=0.50 wind_direction=-60.3
[gzserver-2] [INFO] [1773153875.613761036] [drone.simple_drone]: Quadrotor lands!!
[gzserver-2] [INFO] [1773153875.815564886] [gazebo_wind_plugin_node]: WindPlugin: set wind_speed=0.50 wind_direction=-60.3
[gzserver-2] [INFO] [1773153876.050309629] [gazebo_wind_plugin_node]: WindPlugin: set wind_speed=0.50 wind_direction=-60.3
[gzserver-2] [INFO] [1773153876.286605021] [gazebo_wind_plugin_node]: WindPlugin: set wind_speed=0.56 wind_direction=-59.8
[gzserver-2] [INFO] [1773153876.521582233] [gazebo_wind_plugin_node]: WindPlugin: set wind_speed=0.56 wind_direction=-59.8
[gzserver-2] [1;36m[Dbg] [wind_plugin.cpp:110] [0m[1;36mWindPlugin: received command -> speed=[0m[1;36m0[0m[1;36m dir=[0m[1;36m0[0m[1;36m
[gzserver-2] [0m[1;36m[Dbg] [wind_plugin.cpp:110] [0m[1;36mWindPlugin: received command -> speed=[0m[1;36m0.564635[0m[1;36m dir=[0m[1;36m-60.7524[0m[1;36m
[gzserver-2] [0m[1;36m[Dbg] [wind_plugin.cpp:110] [0m[1;36mWindPlugin: received command -> speed=[0m[1;36m0.564635[0m[1;36m dir=[0m[1;36m-60.7524[0m[1;36m
[gzserver-2] [0m[1;36m[Dbg] [wind_plugin.cpp:110] [0m[1;36mWindPlugin: received command -> speed=[0m[1;36m0.650971[0m[1;36m dir=[0m[1;36m-59.7758[0m[1;36m
[gzserver-2] [0m[1;36m[Dbg] [wind_plugin.cpp:110] [0m[1;36mWindPlugin: received command -> speed=[0m[1;36m0.650971[0m[1;36m dir=[0m[1;36m-59.7758[0m[1;36m
[gzserver-2] [0m[1;36m[Dbg] [wind_plugin.cpp:110] [0m[1;36mWindPlugin: received command -> speed=[0m[1;36m0.650971[0m[1;36m dir=[0m[1;36m-59.7758[0m[1;36m
[gzserver-2] [0m[1;36m[Dbg] [wind_plugin.cpp:110] [0m[1;36mWindPlugin: received command -> speed=[0m[1;36m0.650971[0m[1;36m dir=[0m[1;36m-59.7758[0m[1;36m
[gzserver-2] [0m[1;36m[Dbg] [wind_plugin.cpp:110] [0m[1;36mWindPlugin: received command -> speed=[0m[1;36m0.648052[0m[1;36m dir=[0m[1;36m-59.4419[0m[1;36m
[gzserver-2] [0m[1;36m[Dbg] [wind_plugin.cpp:110] [0m[1;36mWindPlugin: received command -> speed=[0m[1;36m0.648052[0m[1;36m dir=[0m[1;36m-59.4419[0m[1;36m
[gzserver-2] [0m[1;36m[Dbg] [wind_plugin.cpp:110] [0m[1;36mWindPlugin: received command -> speed=[0m[1;36m0.648052[0m[1;36m dir=[0m[1;36m-59.4419[0m[1;36m
[gzserver-2] [0m[1;36m[Dbg] [wind_plugin.cpp:110] [0m[1;36mWindPlugin: received command -> speed=[0m[1;36m0.648052[0m[1;36m dir=[0m[1;36m-59.4419[0m[1;36m
[gzserver-2] [0m[1;36m[Dbg] [wind_plugin.cpp:110] [0m[1;36mWindPlugin: received command -> speed=[0m[1;36m0.499798[0m[1;36m dir=[0m[1;36m-60.2669[0m[1;36m
[gzserver-2] [0m[1;36m[Dbg] [wind_plugin.cpp:110] [0m[1;36mWindPlugin: received command -> speed=[0m[1;36m0.499798[0m[1;36m dir=[0m[1;36m-60.2669[0m[1;36m
[gzserver-2] [0m[1;36m[Dbg] [wind_plugin.cpp:110] [0m[1;36mWindPlugin: received command -> speed=[0m[1;36m0.499798[0m[1;36m dir=[0m[1;36m-60.2669[0m[1;36m
[gzserver-2] [0m[1;36m[Dbg] [wind_plugin.cpp:110] [0m[1;36mWindPlugin: received command -> speed=[0m[1;36m0.499798[0m[1;36m dir=[0m[1;36m-60.2669[0m[1;36m
[gzserver-2] [0m[1;36m[Dbg] [wind_plugin.cpp:110] [0m[1;36mWindPlugin: received command -> speed=[0m[1;36m0.499798[0m[1;36m dir=[0m[1;36m-60.2669[0m[1;36m
[gzserver-2] [0m[1;36m[Dbg] [wind_plugin.cpp:110] [0m[1;36mWindPlugin: received command -> speed=[0m[1;36m0.56058[0m[1;36m dir=[0m[1;36m-59.7701[0m[1;36m
[gzserver-2] [0m[1;36m[Dbg] [wind_plugin.cpp:110] [0m[1;36mWindPlugin: received command -> speed=[0m[1;36m0.56058[0m[1;36m dir=[0m[1;36m-59.7701[0m[1;36m
[gzserver-2] [0mLanded!
[gzserver-2] [INFO] [1773153876.762174063] [gazebo_wind_plugin_node]: WindPlugin: set wind_speed=0.56 wind_direction=-59.8
[gzserver-2] [INFO] [1773153876.997536334] [gazebo_wind_plugin_node]: WindPlugin: set wind_speed=0.56 wind_direction=-59.8
[gzserver-2] [INFO] [1773153877.231802292] [gazebo_wind_plugin_node]: WindPlugin: set wind_speed=0.66 wind_direction=-61.4
[gzserver-2] [INFO] [1773153877.471358902] [gazebo_wind_plugin_node]: WindPlugin: set wind_speed=0.66 wind_direction=-61.4
[gzserver-2] [INFO] [1773153877.700063312] [gazebo_wind_plugin_node]: WindPlugin: set wind_speed=0.66 wind_direction=-61.4
[gzserver-2] [INFO] [1773153877.939598371] [gazebo_wind_plugin_node]: WindPlugin: set wind_speed=0.66 wind_direction=-61.4
[gzserver-2] [INFO] [1773153878.181413203] [gazebo_wind_plugin_node]: WindPlugin: set wind_speed=0.68 wind_direction=-57.1
[gzserver-2] [INFO] [1773153878.420742709] [gazebo_wind_plugin_node]: WindPlugin: set wind_speed=0.68 wind_direction=-57.1
