[INFO] [launch]: All log files can be found below /home/j/.ros/log/2026-03-10-01-17-27-602108-j-864108
[INFO] [launch]: Default logging verbosity is set to INFO
[INFO] [launch.user]: [bringup] Apriltag config: camera=/drone/bottom, image=/drone/bottom/image_raw, tags=/drone/bottom/tags, bridge=/landing_tag_state, standalone=true, use_target_id=true, target_id=0
[INFO] [rviz2-1]: process started with pid [864110]
[INFO] [gzserver-2]: process started with pid [864112]
[INFO] [robot_state_publisher-3]: process started with pid [864114]
[INFO] [joint_state_publisher-4]: process started with pid [864116]
[INFO] [spawn_drone-5]: process started with pid [864118]
[INFO] [static_transform_publisher-6]: process started with pid [864120]
[INFO] [joy_node-7]: process started with pid [864122]
[INFO] [teleop_joystick-8]: process started with pid [864124]
[INFO] [apriltag_detector_node-9]: process started with pid [864126]
[INFO] [apriltag_state_bridge-10]: process started with pid [864128]
[static_transform_publisher-6] [WARN] [1773073048.079174676] []: Old-style arguments are deprecated; see --help for new-style arguments
[static_transform_publisher-6] [INFO] [1773073048.084855570] [static_transform_publisher_HcDmWgRBI2U2yYW3]: Spinning until stopped - publishing transform
[static_transform_publisher-6] translation: ('0.000000', '0.000000', '0.000000')
[static_transform_publisher-6] rotation: ('0.000000', '0.000000', '0.000000', '1.000000')
[static_transform_publisher-6] from 'world' to '/drone/odom'
[robot_state_publisher-3] [INFO] [1773073048.099173656] [drone.robot_state_publisher]: got segment base_footprint
[robot_state_publisher-3] [INFO] [1773073048.099241423] [drone.robot_state_publisher]: got segment base_link
[robot_state_publisher-3] [INFO] [1773073048.099247300] [drone.robot_state_publisher]: got segment bottom_cam_link
[robot_state_publisher-3] [INFO] [1773073048.099250865] [drone.robot_state_publisher]: got segment front_cam_link
[robot_state_publisher-3] [INFO] [1773073048.099253846] [drone.robot_state_publisher]: got segment sonar_link
[rviz2-1] 
[rviz2-1] (rviz2:864110): dbind-WARNING **: 01:17:28.117: Couldn't connect to accessibility bus: Failed to connect to socket /root/.cache/at-spi/bus_0: 허가 거부
[apriltag_detector_node-9] [INFO] [1773073048.136266779] [apriltag_detector_node]: tag detector type: umich
[teleop_joystick-8] Traceback (most recent call last):
[teleop_joystick-8]   File "/home/j/INCSL/IICC26_ws/install/sjtu_drone_control/lib/sjtu_drone_control/teleop_joystick", line 33, in <module>
[teleop_joystick-8]     sys.exit(load_entry_point('sjtu_drone_control==0.0.0', 'console_scripts', 'teleop_joystick')())
[teleop_joystick-8]   File "/home/j/INCSL/IICC26_ws/install/sjtu_drone_control/lib/sjtu_drone_control/teleop_joystick", line 22, in importlib_load_entry_point
[teleop_joystick-8]     for entry_point in distribution(dist_name).entry_points
[teleop_joystick-8]   File "/usr/lib/python3.10/importlib/metadata/__init__.py", line 969, in distribution
[teleop_joystick-8]     return Distribution.from_name(distribution_name)
[teleop_joystick-8]   File "/usr/lib/python3.10/importlib/metadata/__init__.py", line 548, in from_name
[teleop_joystick-8]     raise PackageNotFoundError(name)
[teleop_joystick-8] importlib.metadata.PackageNotFoundError: No package metadata was found for sjtu_drone_control
[ERROR] [teleop_joystick-8]: process has died [pid 864124, exit code 1, cmd '/home/j/INCSL/IICC26_ws/install/sjtu_drone_control/lib/sjtu_drone_control/teleop_joystick --ros-args -r __ns:=/drone'].
[gzserver-2] Gazebo multi-robot simulator, version 11.10.2
[gzserver-2] Copyright (C) 2012 Open Source Robotics Foundation.
[gzserver-2] Released under the Apache 2 License.
[gzserver-2] http://gazebosim.org
[gzserver-2] 
[apriltag_state_bridge-10] [INFO] [1773073048.388247716] [apriltag_state_bridge]: AprilTag bridge started: /drone/bottom/tags -> /landing_tag_state, use_target_id=True, target_id=0
[joint_state_publisher-4] [INFO] [1773073048.399567630] [drone.joint_state_publisher]: Waiting for robot_description to be published on the robot_description topic...
[gzserver-2] [1;33m[Wrn] [gazebo_ros_init.cpp:178] [0m[1;33m
[gzserver-2] #     # ####### ####### ###  #####  #######
[gzserver-2] ##    # #     #    #     #  #     # #
[gzserver-2] # #   # #     #    #     #  #       #
[gzserver-2] #  #  # #     #    #     #  #       #####
[gzserver-2] #   # # #     #    #     #  #       #
[gzserver-2] #    ## #     #    #     #  #     # #
[gzserver-2] #     # #######    #    ###  #####  #######
[gzserver-2] 
[gzserver-2] This version of Gazebo, now called Gazebo classic, reaches end-of-life
[gzserver-2] in January 2025. Users are highly encouraged to migrate to the new Gazebo
[gzserver-2] using our migration guides (https://gazebosim.org/docs/latest/gazebo_classic_migration?utm_source=gazebo_ros_pkgs&utm_medium=cli)
[gzserver-2] 
[gzserver-2] [0m[1;33m
[rviz2-1] [INFO] [1773073048.668224144] [rviz2]: Stereo is NOT SUPPORTED
[rviz2-1] [INFO] [1773073048.668311827] [rviz2]: OpenGl version: 4.6 (GLSL 4.6)
[rviz2-1] [INFO] [1773073048.782348969] [rviz2]: Stereo is NOT SUPPORTED
[rviz2-1] [INFO] [1773073048.958635929] [rviz2]: Stereo is NOT SUPPORTED
[gzserver-2] [1;32m[Msg] [0m[1;32mWaiting for master.[0m[1;32m
[gzserver-2] [0m[1;32m[0m[1;32m[0m[1;32m[Msg] [0m[1;32mConnected to gazebo master @ [0m[1;32mhttp://127.0.0.1:11345[0m[1;32m
[gzserver-2] [0m[1;32m[0m[1;32m[0m[1;32m[Msg] [0m[1;32mPublicized address: [0m[1;32m192.168.0.11[0m[1;32m
[gzserver-2] [0m[1;32m[0m[1;32m[0m[1;32m[Msg] [0m[1;32mLoading world file [[0m[1;32m/home/j/INCSL/IICC26_ws/install/sjtu_drone_description/share/sjtu_drone_description/worlds/landingPad.world[0m[1;32m][0m[1;32m
[gzserver-2] [0m[1;32m[0m[1;32m[0m[1;36m[Dbg] [wind_plugin.cpp:96] [0m[1;36mWindPlugin loaded: speed=[0m[1;36m0[0m[1;36m dir=[0m[1;36m0[0m[1;36m deg area=[0m[1;36m0.1[0m[1;36m coeff=[0m[1;36m1[0m[1;36m
[gzserver-2] [0m[1;33m[0m[1;33m[0m[1;31m[Err] [Sensor.cc:510] [0m[1;31mGet noise index not valid[0m[1;31m
[gzserver-2] [0m[1;31m[0m[1;31m[0m[1;31m[Err] [Sensor.cc:510] [0m[1;31mGet noise index not valid[0m[1;31m
[gzserver-2] [0m[1;31m[0m[1;31m[0m[1;31m[Err] [Sensor.cc:510] [0m[1;31mGet noise index not valid[0m[1;31m
[gzserver-2] [0m[1;31m[0m[1;31m[0m[1;31m[Err] [Sensor.cc:510] [0m[1;31mGet noise index not valid[0m[1;31m
[gzserver-2] [0m[1;31m[0m[1;31m[0m[1;31m[Err] [Sensor.cc:510] [0m[1;31mGet noise index not valid[0m[1;31m
[gzserver-2] [0m[1;31m[0m[1;31m[0m[1;31m[Err] [Sensor.cc:510] [0m[1;31mGet noise index not valid[0m[1;31m
[gzserver-2] [0m[1;31m[0m[1;31m[0mTopic [default//drone/base_footprint/down_camera/image] is not valid.
[gzserver-2] Topic [default//drone/base_footprint/front_camera/image] is not valid.
[gzserver-2] [INFO] [1773073049.547393716] [drone.collision_plugin]: Publishing contact states to [/drone/bumper_states]
[gzserver-2] [1;33m[Wrn] [Event.cc:61] [0m[1;33mWarning: Deleting a connection right after creation. [0m[1;33mMake sure to save the ConnectionPtr from a Connect call
[gzserver-2] [0m[INFO] [1773073050.109012169] [drone.camera_bottom]: Publishing camera info to [/drone/bottom/camera_info]
[gzserver-2] [INFO] [1773073050.113607370] [drone.camera_front]: Publishing camera info to [/drone/front/camera_info]
[spawn_drone-5] [INFO] [1773073050.122081339] [spawn_drone]: Result True SpawnEntity: Successfully spawned entity [/drone]
[gzserver-2] [INFO] [1773073050.235586533] [drone.simple_drone]: The drone plugin is loading!
[gzserver-2] [INFO] [1773073050.235803271] [drone.simple_drone]: pub_odom: 1
[gzserver-2] [INFO] [1773073050.235846611] [drone.simple_drone]: Using following parameters: 
[gzserver-2] 		link_name: base_footprint,
[gzserver-2] 		max_force: 30,
[gzserver-2] 		motion_small_noise: 0,
[gzserver-2] 		motion_drift_noise: 0,
[gzserver-2] 		motion_drift_noise_time: 50,
[gzserver-2] 		takeoff_hover_height: 2.27,
[gzserver-2] 		takeoff_vertical_speed: 0.2
[gzserver-2] [INFO] [1773073050.247797910] [drone.simple_drone]: Using the PID parameters: 
[gzserver-2] 	Roll Pitch:
[gzserver-2] 		kP: 10, kI: 0,kD: 5, Limit: 0.5, Time Constant: 0
[gzserver-2] 	Yaw:
[gzserver-2] 		kP: 2, kI: 0,kD: 1, Limit: 1.5, Time Constant: 0
[gzserver-2] 	Velocity X:
[gzserver-2] 		kP: 5, kI: 0,kD: 2.3, Limit: 2, Time Constant: 0
[gzserver-2] 	Velocity Y:
[gzserver-2] 		kP: 5, kI: 0,kD: 2.3, Limit: 2, Time Constant: 0
[gzserver-2] 	Velocity Z:
[gzserver-2] 		kP: 5, kI: 0,kD: 1, Limit: -1, Time Constant: 0
[gzserver-2] 	Position XY:
[gzserver-2] 		kP: 1.1, kI: 0,kD: 0, Limit: 5, Time Constant: 0
[gzserver-2] 	Position Z:
[gzserver-2] 		kP: 1, kI: 0,kD: 0.2, Limit: -1, Time Constant: 0
[gzserver-2] [INFO] [1773073050.247943193] [drone.simple_drone]: The drone plugin finished loading!
[INFO] [spawn_drone-5]: process has finished cleanly [pid 864118]
[gzserver-2] [INFO] [1773073057.418327649] [gazebo_wind_plugin_node]: WindPlugin: set wind_speed=0.00 wind_direction=0.0
[gzserver-2] [INFO] [1773073057.687523666] [gazebo_wind_plugin_node]: WindPlugin: set wind_speed=0.00 wind_direction=0.0
[gzserver-2] [INFO] [1773073057.725911321] [drone.simple_drone]: Quadrotor takes off!!
[gzserver-2] [INFO] [1773073057.926794014] [gazebo_wind_plugin_node]: WindPlugin: set wind_speed=0.00 wind_direction=0.0
[gzserver-2] [INFO] [1773073058.155592498] [gazebo_wind_plugin_node]: WindPlugin: set wind_speed=0.00 wind_direction=0.0
[gzserver-2] [INFO] [1773073058.394067233] [gazebo_wind_plugin_node]: WindPlugin: set wind_speed=0.00 wind_direction=0.0
[gzserver-2] [INFO] [1773073058.622426591] [gazebo_wind_plugin_node]: WindPlugin: set wind_speed=0.00 wind_direction=0.0
[gzserver-2] [INFO] [1773073058.856566691] [gazebo_wind_plugin_node]: WindPlugin: set wind_speed=0.00 wind_direction=0.0
[gzserver-2] [INFO] [1773073059.092821091] [gazebo_wind_plugin_node]: WindPlugin: set wind_speed=0.00 wind_direction=0.0
[gzserver-2] [INFO] [1773073059.327096501] [gazebo_wind_plugin_node]: WindPlugin: set wind_speed=0.00 wind_direction=0.0
[gzserver-2] [0m[1;36m[Dbg] [wind_plugin.cpp:110] [0m[1;36mWindPlugin: received command -> speed=[0m[1;36m0[0m[1;36m dir=[0m[1;36m0[0m[1;36m
[gzserver-2] [0m[1;36m[Dbg] [wind_plugin.cpp:110] [0m[1;36mWindPlugin: received command -> speed=[0m[1;36m0[0m[1;36m dir=[0m[1;36m0[0m[1;36m
[gzserver-2] [0m[1;36m[Dbg] [wind_plugin.cpp:110] [0m[1;36mWindPlugin: received command -> speed=[0m[1;36m0[0m[1;36m dir=[0m[1;36m0[0m[1;36m
[gzserver-2] [0m[1;36m[Dbg] [wind_plugin.cpp:110] [0m[1;36mWindPlugin: received command -> speed=[0m[1;36m0[0m[1;36m dir=[0m[1;36m0[0m[1;36m
[gzserver-2] [0m[1;36m[Dbg] [wind_plugin.cpp:110] [0m[1;36mWindPlugin: received command -> speed=[0m[1;36m0[0m[1;36m dir=[0m[1;36m0[0m[1;36m
[gzserver-2] [0m[1;36m[Dbg] [wind_plugin.cpp:110] [0m[1;36mWindPlugin: received command -> speed=[0m[1;36m0[0m[1;36m dir=[0m[1;36m0[0m[1;36m
[gzserver-2] [0m[1;36m[Dbg] [wind_plugin.cpp:110] [0m[1;36mWindPlugin: received command -> speed=[0m[1;36m0[0m[1;36m dir=[0m[1;36m0[0m[1;36m
[gzserver-2] [0m[1;36m[Dbg] [wind_plugin.cpp:110] [0m[1;36mWindPlugin: received command -> speed=[0m[1;36m0[0m[1;36m dir=[0m[1;36m0[0m[1;36m
[gzserver-2] [0m[1;36m[Dbg] [wind_plugin.cpp:110] [0m[1;36mWindPlugin: received command -> speed=[0m[1;36m0[0m[1;36m dir=[0m[1;36m0[0m[1;36m
[gzserver-2] [0mEntering flying model!
[gzserver-2] [INFO] [1773073059.561472916] [gazebo_wind_plugin_node]: WindPlugin: set wind_speed=0.00 wind_direction=0.0
[gzserver-2] [INFO] [1773073059.800113417] [gazebo_wind_plugin_node]: WindPlugin: set wind_speed=2.12 wind_direction=-13.8
[gzserver-2] [INFO] [1773073060.029143640] [gazebo_wind_plugin_node]: WindPlugin: set wind_speed=1.89 wind_direction=-17.3
[gzserver-2] [INFO] [1773073060.270772351] [gazebo_wind_plugin_node]: WindPlugin: set wind_speed=1.89 wind_direction=-17.3
[gzserver-2] [INFO] [1773073060.510850611] [gazebo_wind_plugin_node]: WindPlugin: set wind_speed=1.89 wind_direction=-17.3
[gzserver-2] [INFO] [1773073060.752648800] [gazebo_wind_plugin_node]: WindPlugin: set wind_speed=1.89 wind_direction=-17.3
[gzserver-2] [INFO] [1773073060.983565820] [gazebo_wind_plugin_node]: WindPlugin: set wind_speed=1.92 wind_direction=-15.7
[gzserver-2] [INFO] [1773073061.217675654] [gazebo_wind_plugin_node]: WindPlugin: set wind_speed=1.92 wind_direction=-15.7
[gzserver-2] [INFO] [1773073061.456932394] [gazebo_wind_plugin_node]: WindPlugin: set wind_speed=1.92 wind_direction=-15.7
[gzserver-2] [INFO] [1773073061.695924388] [gazebo_wind_plugin_node]: WindPlugin: set wind_speed=1.92 wind_direction=-15.7
[gzserver-2] [INFO] [1773073061.924863867] [gazebo_wind_plugin_node]: WindPlugin: set wind_speed=1.82 wind_direction=-18.0
[gzserver-2] [INFO] [1773073062.163722410] [gazebo_wind_plugin_node]: WindPlugin: set wind_speed=1.82 wind_direction=-18.0
[gzserver-2] [INFO] [1773073062.403008713] [gazebo_wind_plugin_node]: WindPlugin: set wind_speed=1.82 wind_direction=-18.0
[gzserver-2] [INFO] [1773073062.644917250] [gazebo_wind_plugin_node]: WindPlugin: set wind_speed=1.82 wind_direction=-18.0
[gzserver-2] [INFO] [1773073062.879672526] [gazebo_wind_plugin_node]: WindPlugin: set wind_speed=1.82 wind_direction=-18.0
[gzserver-2] [INFO] [1773073063.105045561] [gazebo_wind_plugin_node]: WindPlugin: set wind_speed=1.94 wind_direction=-15.7
[gzserver-2] [INFO] [1773073063.345154593] [gazebo_wind_plugin_node]: WindPlugin: set wind_speed=1.94 wind_direction=-15.7
[gzserver-2] [INFO] [1773073063.584353642] [gazebo_wind_plugin_node]: WindPlugin: set wind_speed=1.94 wind_direction=-15.7
[gzserver-2] [INFO] [1773073063.824814024] [gazebo_wind_plugin_node]: WindPlugin: set wind_speed=1.94 wind_direction=-15.7
[gzserver-2] [INFO] [1773073064.063893288] [gazebo_wind_plugin_node]: WindPlugin: set wind_speed=1.88 wind_direction=-15.9
[gzserver-2] [INFO] [1773073064.302975777] [gazebo_wind_plugin_node]: WindPlugin: set wind_speed=1.88 wind_direction=-15.9
[gzserver-2] [INFO] [1773073064.544375406] [gazebo_wind_plugin_node]: WindPlugin: set wind_speed=1.88 wind_direction=-15.9
[gzserver-2] [INFO] [1773073064.783780597] [gazebo_wind_plugin_node]: WindPlugin: set wind_speed=1.88 wind_direction=-15.9
[gzserver-2] [INFO] [1773073065.019959238] [gazebo_wind_plugin_node]: WindPlugin: set wind_speed=2.00 wind_direction=-15.7
[gzserver-2] [INFO] [1773073065.254318711] [gazebo_wind_plugin_node]: WindPlugin: set wind_speed=2.00 wind_direction=-15.7
[gzserver-2] [INFO] [1773073065.493637757] [gazebo_wind_plugin_node]: WindPlugin: set wind_speed=2.00 wind_direction=-15.7
[gzserver-2] [INFO] [1773073065.727110603] [gazebo_wind_plugin_node]: WindPlugin: set wind_speed=2.00 wind_direction=-15.7
[gzserver-2] [1;36m[Dbg] [wind_plugin.cpp:110] [0m[1;36mWindPlugin: received command -> speed=[0m[1;36m0[0m[1;36m dir=[0m[1;36m0[0m[1;36m
[gzserver-2] [0m[1;36m[Dbg] [wind_plugin.cpp:110] [0m[1;36mWindPlugin: received command -> speed=[0m[1;36m2.12153[0m[1;36m dir=[0m[1;36m-13.7681[0m[1;36m
[gzserver-2] [0m[1;36m[Dbg] [wind_plugin.cpp:110] [0m[1;36mWindPlugin: received command -> speed=[0m[1;36m1.88891[0m[1;36m dir=[0m[1;36m-17.2562[0m[1;36m
[gzserver-2] [0m[1;36m[Dbg] [wind_plugin.cpp:110] [0m[1;36mWindPlugin: received command -> speed=[0m[1;36m1.88891[0m[1;36m dir=[0m[1;36m-17.2562[0m[1;36m
[gzserver-2] [0m[1;36m[Dbg] [wind_plugin.cpp:110] [0m[1;36mWindPlugin: received command -> speed=[0m[1;36m1.88891[0m[1;36m dir=[0m[1;36m-17.2562[0m[1;36m
[gzserver-2] [0m[1;36m[Dbg] [wind_plugin.cpp:110] [0m[1;36mWindPlugin: received command -> speed=[0m[1;36m1.88891[0m[1;36m dir=[0m[1;36m-17.2562[0m[1;36m
[gzserver-2] [0m[1;36m[Dbg] [wind_plugin.cpp:110] [0m[1;36mWindPlugin: received command -> speed=[0m[1;36m1.92432[0m[1;36m dir=[0m[1;36m-15.6633[0m[1;36m
[gzserver-2] [0m[1;36m[Dbg] [wind_plugin.cpp:110] [0m[1;36mWindPlugin: received command -> speed=[0m[1;36m1.92432[0m[1;36m dir=[0m[1;36m-15.6633[0m[1;36m
[gzserver-2] [0m[1;36m[Dbg] [wind_plugin.cpp:110] [0m[1;36mWindPlugin: received command -> speed=[0m[1;36m1.92432[0m[1;36m dir=[0m[1;36m-15.6633[0m[1;36m
[gzserver-2] [0m[1;36m[Dbg] [wind_plugin.cpp:110] [0m[1;36mWindPlugin: received command -> speed=[0m[1;36m1.92432[0m[1;36m dir=[0m[1;36m-15.6633[0m[1;36m
[gzserver-2] [0m[1;36m[Dbg] [wind_plugin.cpp:110] [0m[1;36mWindPlugin: received command -> speed=[0m[1;36m1.81883[0m[1;36m dir=[0m[1;36m-18.0269[0m[1;36m
[gzserver-2] [0m[1;36m[Dbg] [wind_plugin.cpp:110] [0m[1;36mWindPlugin: received command -> speed=[0m[1;36m1.81883[0m[1;36m dir=[0m[1;36m-18.0269[0m[1;36m
[gzserver-2] [0m[1;36m[Dbg] [wind_plugin.cpp:110] [0m[1;36mWindPlugin: received command -> speed=[0m[1;36m1.81883[0m[1;36m dir=[0m[1;36m-18.0269[0m[1;36m
[gzserver-2] [0m[1;36m[Dbg] [wind_plugin.cpp:110] [0m[1;36mWindPlugin: received command -> speed=[0m[1;36m1.81883[0m[1;36m dir=[0m[1;36m-18.0269[0m[1;36m
[gzserver-2] [0m[1;36m[Dbg] [wind_plugin.cpp:110] [0m[1;36mWindPlugin: received command -> speed=[0m[1;36m1.81883[0m[1;36m dir=[0m[1;36m-18.0269[0m[1;36m
[gzserver-2] [0m[1;36m[Dbg] [wind_plugin.cpp:110] [0m[1;36mWindPlugin: received command -> speed=[0m[1;36m1.93884[0m[1;36m dir=[0m[1;36m-15.6554[0m[1;36m
[gzserver-2] [0m[1;36m[Dbg] [wind_plugin.cpp:110] [0m[1;36mWindPlugin: received command -> speed=[0m[1;36m1.93884[0m[1;36m dir=[0m[1;36m-15.6554[0m[1;36m
[gzserver-2] [0m[1;36m[Dbg] [wind_plugin.cpp:110] [0m[1;36mWindPlugin: received command -> speed=[0m[1;36m1.93884[0m[1;36m dir=[0m[1;36m-15.6554[0m[1;36m
[gzserver-2] [0m[1;36m[Dbg] [wind_plugin.cpp:110] [0m[1;36mWindPlugin: received command -> speed=[0m[1;36m1.93884[0m[1;36m dir=[0m[1;36m-15.6554[0m[1;36m
[gzserver-2] [0m[1;36m[Dbg] [wind_plugin.cpp:110] [0m[1;36mWindPlugin: received command -> speed=[0m[1;36m1.87855[0m[1;36m dir=[0m[1;36m-15.8653[0m[1;36m
[gzserver-2] [0m[1;36m[Dbg] [wind_plugin.cpp:110] [0m[1;36mWindPlugin: received command -> speed=[0m[1;36m1.87855[0m[1;36m dir=[0m[1;36m-15.8653[0m[1;36m
[gzserver-2] [0m[1;36m[Dbg] [wind_plugin.cpp:110] [0m[1;36mWindPlugin: received command -> speed=[0m[1;36m1.87855[0m[1;36m dir=[0m[1;36m-15.8653[0m[1;36m
[gzserver-2] [0m[1;36m[Dbg] [wind_plugin.cpp:110] [0m[1;36mWindPlugin: received command -> speed=[0m[1;36m1.87855[0m[1;36m dir=[0m[1;36m-15.8653[0m[1;36m
[gzserver-2] [0m[1;36m[Dbg] [wind_plugin.cpp:110] [0m[1;36mWindPlugin: received command -> speed=[0m[1;36m2.00446[0m[1;36m dir=[0m[1;36m-15.701[0m[1;36m
[gzserver-2] [0m[1;36m[Dbg] [wind_plugin.cpp:110] [0m[1;36mWindPlugin: received command -> speed=[0m[1;36m2.00446[0m[1;36m dir=[0m[1;36m-15.701[0m[1;36m
[gzserver-2] [0m[1;36m[Dbg] [wind_plugin.cpp:110] [0m[1;36mWindPlugin: received command -> speed=[0m[1;36m2.00446[0m[1;36m dir=[0m[1;36m-15.701[0m[1;36m
[gzserver-2] [INFO] [1773073065.966713938] [gazebo_wind_plugin_node]: WindPlugin: set wind_speed=1.97 wind_direction=-15.7
[gzserver-2] [INFO] [1773073066.205802627] [gazebo_wind_plugin_node]: WindPlugin: set wind_speed=1.97 wind_direction=-15.7
[gzserver-2] [INFO] [1773073066.238208732] [drone.simple_drone]: Quadrotor lands!!
[gzserver-2] [INFO] [1773073066.439508255] [gazebo_wind_plugin_node]: WindPlugin: set wind_speed=1.97 wind_direction=-15.7
[gzserver-2] [INFO] [1773073066.678603571] [gazebo_wind_plugin_node]: WindPlugin: set wind_speed=1.97 wind_direction=-15.7
[gzserver-2] [INFO] [1773073066.918110209] [gazebo_wind_plugin_node]: WindPlugin: set wind_speed=2.14 wind_direction=-16.6
[gzserver-2] [INFO] [1773073067.157850046] [gazebo_wind_plugin_node]: WindPlugin: set wind_speed=2.14 wind_direction=-16.6
[gzserver-2] [0m[1;36m[Dbg] [wind_plugin.cpp:110] [0m[1;36mWindPlugin: received command -> speed=[0m[1;36m2.00446[0m[1;36m dir=[0m[1;36m-15.701[0m[1;36m
[gzserver-2] [0m[1;36m[Dbg] [wind_plugin.cpp:110] [0m[1;36mWindPlugin: received command -> speed=[0m[1;36m1.97376[0m[1;36m dir=[0m[1;36m-15.7076[0m[1;36m
[gzserver-2] [0m[1;36m[Dbg] [wind_plugin.cpp:110] [0m[1;36mWindPlugin: received command -> speed=[0m[1;36m1.97376[0m[1;36m dir=[0m[1;36m-15.7076[0m[1;36m
[gzserver-2] [0m[1;36m[Dbg] [wind_plugin.cpp:110] [0m[1;36mWindPlugin: received command -> speed=[0m[1;36m1.97376[0m[1;36m dir=[0m[1;36m-15.7076[0m[1;36m
[gzserver-2] [0m[1;36m[Dbg] [wind_plugin.cpp:110] [0m[1;36mWindPlugin: received command -> speed=[0m[1;36m1.97376[0m[1;36m dir=[0m[1;36m-15.7076[0m[1;36m
[gzserver-2] [0m[1;36m[Dbg] [wind_plugin.cpp:110] [0m[1;36mWindPlugin: received command -> speed=[0m[1;36m2.13783[0m[1;36m dir=[0m[1;36m-16.5534[0m[1;36m
[gzserver-2] [0m[1;36m[Dbg] [wind_plugin.cpp:110] [0m[1;36mWindPlugin: received command -> speed=[0m[1;36m2.13783[0m[1;36m dir=[0m[1;36m-16.5534[0m[1;36m
[gzserver-2] [0mLanded!
[gzserver-2] [INFO] [1773073067.396920255] [gazebo_wind_plugin_node]: WindPlugin: set wind_speed=2.14 wind_direction=-16.6
[gzserver-2] [INFO] [1773073067.626266341] [gazebo_wind_plugin_node]: WindPlugin: set wind_speed=2.14 wind_direction=-16.6
[gzserver-2] [INFO] [1773073067.865372029] [gazebo_wind_plugin_node]: WindPlugin: set wind_speed=2.14 wind_direction=-16.6
[gzserver-2] [INFO] [1773073068.103983801] [gazebo_wind_plugin_node]: WindPlugin: set wind_speed=1.90 wind_direction=-13.4
[gzserver-2] [INFO] [1773073068.337670307] [gazebo_wind_plugin_node]: WindPlugin: set wind_speed=1.90 wind_direction=-13.4
[gzserver-2] [INFO] [1773073068.572389085] [gazebo_wind_plugin_node]: WindPlugin: set wind_speed=1.90 wind_direction=-13.4
[gzserver-2] [INFO] [1773073068.803375219] [gazebo_wind_plugin_node]: WindPlugin: set wind_speed=1.90 wind_direction=-13.4
[gzserver-2] [INFO] [1773073069.041586184] [gazebo_wind_plugin_node]: WindPlugin: set wind_speed=1.82 wind_direction=-17.2
