[INFO] [launch]: All log files can be found below /home/j/.ros/log/2026-03-10-01-13-24-116096-j-826968
[INFO] [launch]: Default logging verbosity is set to INFO
[INFO] [launch.user]: [bringup] Apriltag config: camera=/drone/bottom, image=/drone/bottom/image_raw, tags=/drone/bottom/tags, bridge=/landing_tag_state, standalone=true, use_target_id=true, target_id=0
[INFO] [rviz2-1]: process started with pid [826970]
[INFO] [gzserver-2]: process started with pid [826972]
[INFO] [robot_state_publisher-3]: process started with pid [826974]
[INFO] [joint_state_publisher-4]: process started with pid [826976]
[INFO] [spawn_drone-5]: process started with pid [826978]
[INFO] [static_transform_publisher-6]: process started with pid [826980]
[INFO] [joy_node-7]: process started with pid [826982]
[INFO] [teleop_joystick-8]: process started with pid [826984]
[INFO] [apriltag_detector_node-9]: process started with pid [826986]
[INFO] [apriltag_state_bridge-10]: process started with pid [826989]
[static_transform_publisher-6] [WARN] [1773072804.582166325] []: Old-style arguments are deprecated; see --help for new-style arguments
[static_transform_publisher-6] [INFO] [1773072804.590481573] [static_transform_publisher_wzh26D5UGqlExXOY]: Spinning until stopped - publishing transform
[static_transform_publisher-6] translation: ('0.000000', '0.000000', '0.000000')
[static_transform_publisher-6] rotation: ('0.000000', '0.000000', '0.000000', '1.000000')
[static_transform_publisher-6] from 'world' to '/drone/odom'
[robot_state_publisher-3] [INFO] [1773072804.606136394] [drone.robot_state_publisher]: got segment base_footprint
[robot_state_publisher-3] [INFO] [1773072804.606195012] [drone.robot_state_publisher]: got segment base_link
[robot_state_publisher-3] [INFO] [1773072804.606200356] [drone.robot_state_publisher]: got segment bottom_cam_link
[robot_state_publisher-3] [INFO] [1773072804.606203835] [drone.robot_state_publisher]: got segment front_cam_link
[robot_state_publisher-3] [INFO] [1773072804.606206766] [drone.robot_state_publisher]: got segment sonar_link
[apriltag_detector_node-9] [INFO] [1773072804.622081667] [apriltag_detector_node]: tag detector type: umich
[rviz2-1] 
[rviz2-1] (rviz2:826970): dbind-WARNING **: 01:13:24.630: Couldn't connect to accessibility bus: Failed to connect to socket /root/.cache/at-spi/bus_0: 허가 거부
[teleop_joystick-8] Traceback (most recent call last):
[teleop_joystick-8]   File "/home/j/INCSL/IICC26_ws/install/sjtu_drone_control/lib/sjtu_drone_control/teleop_joystick", line 33, in <module>
[teleop_joystick-8]     sys.exit(load_entry_point('sjtu_drone_control==0.0.0', 'console_scripts', 'teleop_joystick')())
[teleop_joystick-8]   File "/home/j/INCSL/IICC26_ws/install/sjtu_drone_control/lib/sjtu_drone_control/teleop_joystick", line 22, in importlib_load_entry_point
[teleop_joystick-8]     for entry_point in distribution(dist_name).entry_points
[teleop_joystick-8]   File "/usr/lib/python3.10/importlib/metadata/__init__.py", line 969, in distribution
[teleop_joystick-8]     return Distribution.from_name(distribution_name)
[teleop_joystick-8]   File "/usr/lib/python3.10/importlib/metadata/__init__.py", line 548, in from_name
[teleop_joystick-8]     raise PackageNotFoundError(name)
[teleop_joystick-8] importlib.metadata.PackageNotFoundError: No package metadata was found for sjtu_drone_control
[ERROR] [teleop_joystick-8]: process has died [pid 826984, exit code 1, cmd '/home/j/INCSL/IICC26_ws/install/sjtu_drone_control/lib/sjtu_drone_control/teleop_joystick --ros-args -r __ns:=/drone'].
[gzserver-2] Gazebo multi-robot simulator, version 11.10.2
[gzserver-2] Copyright (C) 2012 Open Source Robotics Foundation.
[gzserver-2] Released under the Apache 2 License.
[gzserver-2] http://gazebosim.org
[gzserver-2] 
[joint_state_publisher-4] [INFO] [1773072804.858546160] [drone.joint_state_publisher]: Waiting for robot_description to be published on the robot_description topic...
[apriltag_state_bridge-10] [INFO] [1773072804.892632664] [apriltag_state_bridge]: AprilTag bridge started: /drone/bottom/tags -> /landing_tag_state, use_target_id=True, target_id=0
[gzserver-2] [1;33m[Wrn] [gazebo_ros_init.cpp:178] [0m[1;33m
[gzserver-2] #     # ####### ####### ###  #####  #######
[gzserver-2] ##    # #     #    #     #  #     # #
[gzserver-2] # #   # #     #    #     #  #       #
[gzserver-2] #  #  # #     #    #     #  #       #####
[gzserver-2] #   # # #     #    #     #  #       #
[gzserver-2] #    ## #     #    #     #  #     # #
[gzserver-2] #     # #######    #    ###  #####  #######
[gzserver-2] 
[gzserver-2] This version of Gazebo, now called Gazebo classic, reaches end-of-life
[gzserver-2] in January 2025. Users are highly encouraged to migrate to the new Gazebo
[gzserver-2] using our migration guides (https://gazebosim.org/docs/latest/gazebo_classic_migration?utm_source=gazebo_ros_pkgs&utm_medium=cli)
[gzserver-2] 
[gzserver-2] [0m[1;33m
[rviz2-1] [INFO] [1773072805.522966661] [rviz2]: Stereo is NOT SUPPORTED
[rviz2-1] [INFO] [1773072805.523050712] [rviz2]: OpenGl version: 4.6 (GLSL 4.6)
[rviz2-1] [INFO] [1773072805.626880695] [rviz2]: Stereo is NOT SUPPORTED
[rviz2-1] [INFO] [1773072805.717804646] [rviz2]: Stereo is NOT SUPPORTED
[spawn_drone-5] [INFO] [1773072806.100777217] [spawn_drone]: Result False Entity pushed to spawn queue, but spawn service timed outwaiting for entity to appear in simulation under the name [/drone]
[gzserver-2] [1;32m[Msg] [0m[1;32mWaiting for master.[0m[1;32m
[gzserver-2] [0m[1;32m[0m[1;32m[0m[1;32m[Msg] [0m[1;32mConnected to gazebo master @ [0m[1;32mhttp://127.0.0.1:11345[0m[1;32m
[gzserver-2] [0m[1;32m[0m[1;32m[0m[1;32m[Msg] [0m[1;32mPublicized address: [0m[1;32m192.168.0.11[0m[1;32m
[gzserver-2] [0m[1;32m[0m[1;32m[0m[1;32m[Msg] [0m[1;32mLoading world file [[0m[1;32m/home/j/INCSL/IICC26_ws/install/sjtu_drone_description/share/sjtu_drone_description/worlds/landingPad.world[0m[1;32m][0m[1;32m
[gzserver-2] [0m[1;32m[0m[1;32m[0m[1;36m[Dbg] [wind_plugin.cpp:96] [0m[1;36mWindPlugin loaded: speed=[0m[1;36m0[0m[1;36m dir=[0m[1;36m0[0m[1;36m deg area=[0m[1;36m0.1[0m[1;36m coeff=[0m[1;36m1[0m[1;36m
[gzserver-2] [0m[1;33m[0m[1;33m[0m[1;31m[Err] [Sensor.cc:510] [0m[1;31mGet noise index not valid[0m[1;31m
[gzserver-2] [0m[1;31m[0m[1;31m[0m[1;31m[Err] [Sensor.cc:510] [0m[1;31mGet noise index not valid[0m[1;31m
[gzserver-2] [0m[1;31m[0m[1;31m[0m[1;31m[Err] [Sensor.cc:510] [0m[1;31mGet noise index not valid[0m[1;31m
[gzserver-2] [0m[1;31m[0m[1;31m[0m[1;31m[Err] [Sensor.cc:510] [0m[1;31mGet noise index not valid[0m[1;31m
[gzserver-2] [0m[1;31m[0m[1;31m[0m[1;31m[Err] [Sensor.cc:510] [0m[1;31mGet noise index not valid[0m[1;31m
[gzserver-2] [0m[1;31m[0m[1;31m[0m[1;31m[Err] [Sensor.cc:510] [0m[1;31mGet noise index not valid[0m[1;31m
[gzserver-2] [0m[1;31m[0m[1;31m[0mTopic [default//drone/base_footprint/down_camera/image] is not valid.
[gzserver-2] [INFO] [1773072806.131912933] [drone.collision_plugin]: Publishing contact states to [/drone/bumper_states]
[gzserver-2] Topic [default//drone/base_footprint/front_camera/image] is not valid.
[gzserver-2] [1;33m[Wrn] [Event.cc:61] [0m[1;33mWarning: Deleting a connection right after creation. [0m[1;33mMake sure to save the ConnectionPtr from a Connect call
[INFO] [spawn_drone-5]: process has finished cleanly [pid 826978]
[gzserver-2] [0m[INFO] [1773072806.708425347] [drone.camera_bottom]: Publishing camera info to [/drone/bottom/camera_info]
[gzserver-2] [INFO] [1773072806.711618378] [drone.camera_front]: Publishing camera info to [/drone/front/camera_info]
[gzserver-2] [INFO] [1773072806.833021571] [drone.simple_drone]: The drone plugin is loading!
[gzserver-2] [INFO] [1773072806.833216592] [drone.simple_drone]: pub_odom: 1
[gzserver-2] [INFO] [1773072806.833250090] [drone.simple_drone]: Using following parameters: 
[gzserver-2] 		link_name: base_footprint,
[gzserver-2] 		max_force: 30,
[gzserver-2] 		motion_small_noise: 0,
[gzserver-2] 		motion_drift_noise: 0,
[gzserver-2] 		motion_drift_noise_time: 50,
[gzserver-2] 		takeoff_hover_height: 2.18,
[gzserver-2] 		takeoff_vertical_speed: 0.2
[gzserver-2] [INFO] [1773072806.844902476] [drone.simple_drone]: Using the PID parameters: 
[gzserver-2] 	Roll Pitch:
[gzserver-2] 		kP: 10, kI: 0,kD: 5, Limit: 0.5, Time Constant: 0
[gzserver-2] 	Yaw:
[gzserver-2] 		kP: 2, kI: 0,kD: 1, Limit: 1.5, Time Constant: 0
[gzserver-2] 	Velocity X:
[gzserver-2] 		kP: 5, kI: 0,kD: 2.3, Limit: 2, Time Constant: 0
[gzserver-2] 	Velocity Y:
[gzserver-2] 		kP: 5, kI: 0,kD: 2.3, Limit: 2, Time Constant: 0
[gzserver-2] 	Velocity Z:
[gzserver-2] 		kP: 5, kI: 0,kD: 1, Limit: -1, Time Constant: 0
[gzserver-2] 	Position XY:
[gzserver-2] 		kP: 1.1, kI: 0,kD: 0, Limit: 5, Time Constant: 0
[gzserver-2] 	Position Z:
[gzserver-2] 		kP: 1, kI: 0,kD: 0.2, Limit: -1, Time Constant: 0
[gzserver-2] [INFO] [1773072806.845042623] [drone.simple_drone]: The drone plugin finished loading!
[gzserver-2] [INFO] [1773072813.951552709] [gazebo_wind_plugin_node]: WindPlugin: set wind_speed=0.00 wind_direction=0.0
[gzserver-2] [INFO] [1773072814.223886037] [gazebo_wind_plugin_node]: WindPlugin: set wind_speed=0.00 wind_direction=0.0
[gzserver-2] [INFO] [1773072814.256674992] [drone.simple_drone]: Quadrotor takes off!!
[gzserver-2] [INFO] [1773072814.457925625] [gazebo_wind_plugin_node]: WindPlugin: set wind_speed=0.00 wind_direction=0.0
[gzserver-2] [INFO] [1773072814.692121450] [gazebo_wind_plugin_node]: WindPlugin: set wind_speed=0.00 wind_direction=0.0
[gzserver-2] [INFO] [1773072814.931249401] [gazebo_wind_plugin_node]: WindPlugin: set wind_speed=0.00 wind_direction=0.0
[gzserver-2] [INFO] [1773072815.170313045] [gazebo_wind_plugin_node]: WindPlugin: set wind_speed=0.00 wind_direction=0.0
[gzserver-2] [INFO] [1773072815.409669954] [gazebo_wind_plugin_node]: WindPlugin: set wind_speed=0.00 wind_direction=0.0
[gzserver-2] [INFO] [1773072815.643731376] [gazebo_wind_plugin_node]: WindPlugin: set wind_speed=0.00 wind_direction=0.0
[gzserver-2] [INFO] [1773072815.878277012] [gazebo_wind_plugin_node]: WindPlugin: set wind_speed=0.00 wind_direction=0.0
[gzserver-2] [0m[1;36m[Dbg] [wind_plugin.cpp:110] [0m[1;36mWindPlugin: received command -> speed=[0m[1;36m0[0m[1;36m dir=[0m[1;36m0[0m[1;36m
[gzserver-2] [0m[1;36m[Dbg] [wind_plugin.cpp:110] [0m[1;36mWindPlugin: received command -> speed=[0m[1;36m0[0m[1;36m dir=[0m[1;36m0[0m[1;36m
[gzserver-2] [0m[1;36m[Dbg] [wind_plugin.cpp:110] [0m[1;36mWindPlugin: received command -> speed=[0m[1;36m0[0m[1;36m dir=[0m[1;36m0[0m[1;36m
[gzserver-2] [0m[1;36m[Dbg] [wind_plugin.cpp:110] [0m[1;36mWindPlugin: received command -> speed=[0m[1;36m0[0m[1;36m dir=[0m[1;36m0[0m[1;36m
[gzserver-2] [0m[1;36m[Dbg] [wind_plugin.cpp:110] [0m[1;36mWindPlugin: received command -> speed=[0m[1;36m0[0m[1;36m dir=[0m[1;36m0[0m[1;36m
[gzserver-2] [0m[1;36m[Dbg] [wind_plugin.cpp:110] [0m[1;36mWindPlugin: received command -> speed=[0m[1;36m0[0m[1;36m dir=[0m[1;36m0[0m[1;36m
[gzserver-2] [0m[1;36m[Dbg] [wind_plugin.cpp:110] [0m[1;36mWindPlugin: received command -> speed=[0m[1;36m0[0m[1;36m dir=[0m[1;36m0[0m[1;36m
[gzserver-2] [0m[1;36m[Dbg] [wind_plugin.cpp:110] [0m[1;36mWindPlugin: received command -> speed=[0m[1;36m0[0m[1;36m dir=[0m[1;36m0[0m[1;36m
[gzserver-2] [0m[1;36m[Dbg] [wind_plugin.cpp:110] [0m[1;36mWindPlugin: received command -> speed=[0m[1;36m0[0m[1;36m dir=[0m[1;36m0[0m[1;36m
[gzserver-2] [0mEntering flying model!
[gzserver-2] [INFO] [1773072816.118030310] [gazebo_wind_plugin_node]: WindPlugin: set wind_speed=0.00 wind_direction=0.0
[gzserver-2] [INFO] [1773072816.359848546] [gazebo_wind_plugin_node]: WindPlugin: set wind_speed=1.84 wind_direction=38.6
[gzserver-2] [INFO] [1773072816.594502561] [gazebo_wind_plugin_node]: WindPlugin: set wind_speed=1.95 wind_direction=41.7
[gzserver-2] [INFO] [1773072816.828341239] [gazebo_wind_plugin_node]: WindPlugin: set wind_speed=1.95 wind_direction=41.7
[gzserver-2] [INFO] [1773072817.067453337] [gazebo_wind_plugin_node]: WindPlugin: set wind_speed=1.95 wind_direction=41.7
[gzserver-2] [INFO] [1773072817.306617685] [gazebo_wind_plugin_node]: WindPlugin: set wind_speed=1.95 wind_direction=41.7
[gzserver-2] [INFO] [1773072817.540478468] [gazebo_wind_plugin_node]: WindPlugin: set wind_speed=1.80 wind_direction=40.1
[gzserver-2] [INFO] [1773072817.764405020] [gazebo_wind_plugin_node]: WindPlugin: set wind_speed=1.80 wind_direction=40.1
[gzserver-2] [INFO] [1773072817.998270735] [gazebo_wind_plugin_node]: WindPlugin: set wind_speed=1.80 wind_direction=40.1
[gzserver-2] [INFO] [1773072818.231828124] [gazebo_wind_plugin_node]: WindPlugin: set wind_speed=1.80 wind_direction=40.1
[gzserver-2] [INFO] [1773072818.470942491] [gazebo_wind_plugin_node]: WindPlugin: set wind_speed=1.83 wind_direction=39.6
[gzserver-2] [INFO] [1773072818.705032567] [gazebo_wind_plugin_node]: WindPlugin: set wind_speed=1.83 wind_direction=39.6
[gzserver-2] [INFO] [1773072818.944038626] [gazebo_wind_plugin_node]: WindPlugin: set wind_speed=1.83 wind_direction=39.6
[gzserver-2] [INFO] [1773072819.183518331] [gazebo_wind_plugin_node]: WindPlugin: set wind_speed=1.83 wind_direction=39.6
[gzserver-2] [INFO] [1773072819.425065581] [gazebo_wind_plugin_node]: WindPlugin: set wind_speed=1.83 wind_direction=39.6
[gzserver-2] [INFO] [1773072819.659105095] [gazebo_wind_plugin_node]: WindPlugin: set wind_speed=1.71 wind_direction=37.4
[gzserver-2] [INFO] [1773072819.898405472] [gazebo_wind_plugin_node]: WindPlugin: set wind_speed=1.71 wind_direction=37.4
[gzserver-2] [INFO] [1773072820.140156369] [gazebo_wind_plugin_node]: WindPlugin: set wind_speed=1.71 wind_direction=37.4
[gzserver-2] [INFO] [1773072820.381155223] [gazebo_wind_plugin_node]: WindPlugin: set wind_speed=1.71 wind_direction=37.4
[gzserver-2] [INFO] [1773072820.610515530] [gazebo_wind_plugin_node]: WindPlugin: set wind_speed=1.73 wind_direction=37.5
[gzserver-2] [INFO] [1773072820.852000094] [gazebo_wind_plugin_node]: WindPlugin: set wind_speed=1.73 wind_direction=37.5
[gzserver-2] [INFO] [1773072821.091188683] [gazebo_wind_plugin_node]: WindPlugin: set wind_speed=1.73 wind_direction=37.5
[gzserver-2] [INFO] [1773072821.330254784] [gazebo_wind_plugin_node]: WindPlugin: set wind_speed=1.73 wind_direction=37.5
[gzserver-2] [INFO] [1773072821.368048317] [drone.simple_drone]: Quadrotor lands!!
[gzserver-2] [INFO] [1773072821.569298547] [gazebo_wind_plugin_node]: WindPlugin: set wind_speed=1.85 wind_direction=38.1
[gzserver-2] [INFO] [1773072821.809226052] [gazebo_wind_plugin_node]: WindPlugin: set wind_speed=1.85 wind_direction=38.1
[gzserver-2] [INFO] [1773072822.048726123] [gazebo_wind_plugin_node]: WindPlugin: set wind_speed=1.85 wind_direction=38.1
[gzserver-2] [INFO] [1773072822.282696473] [gazebo_wind_plugin_node]: WindPlugin: set wind_speed=1.85 wind_direction=38.1
[gzserver-2] [1;36m[Dbg] [wind_plugin.cpp:110] [0m[1;36mWindPlugin: received command -> speed=[0m[1;36m0[0m[1;36m dir=[0m[1;36m0[0m[1;36m
[gzserver-2] [0m[1;36m[Dbg] [wind_plugin.cpp:110] [0m[1;36mWindPlugin: received command -> speed=[0m[1;36m1.84019[0m[1;36m dir=[0m[1;36m38.5674[0m[1;36m
[gzserver-2] [0m[1;36m[Dbg] [wind_plugin.cpp:110] [0m[1;36mWindPlugin: received command -> speed=[0m[1;36m1.94551[0m[1;36m dir=[0m[1;36m41.7246[0m[1;36m
[gzserver-2] [0m[1;36m[Dbg] [wind_plugin.cpp:110] [0m[1;36mWindPlugin: received command -> speed=[0m[1;36m1.94551[0m[1;36m dir=[0m[1;36m41.7246[0m[1;36m
[gzserver-2] [0m[1;36m[Dbg] [wind_plugin.cpp:110] [0m[1;36mWindPlugin: received command -> speed=[0m[1;36m1.94551[0m[1;36m dir=[0m[1;36m41.7246[0m[1;36m
[gzserver-2] [0m[1;36m[Dbg] [wind_plugin.cpp:110] [0m[1;36mWindPlugin: received command -> speed=[0m[1;36m1.94551[0m[1;36m dir=[0m[1;36m41.7246[0m[1;36m
[gzserver-2] [0m[1;36m[Dbg] [wind_plugin.cpp:110] [0m[1;36mWindPlugin: received command -> speed=[0m[1;36m1.79715[0m[1;36m dir=[0m[1;36m40.0991[0m[1;36m
[gzserver-2] [0m[1;36m[Dbg] [wind_plugin.cpp:110] [0m[1;36mWindPlugin: received command -> speed=[0m[1;36m1.79715[0m[1;36m dir=[0m[1;36m40.0991[0m[1;36m
[gzserver-2] [0m[1;36m[Dbg] [wind_plugin.cpp:110] [0m[1;36mWindPlugin: received command -> speed=[0m[1;36m1.79715[0m[1;36m dir=[0m[1;36m40.0991[0m[1;36m
[gzserver-2] [0m[1;36m[Dbg] [wind_plugin.cpp:110] [0m[1;36mWindPlugin: received command -> speed=[0m[1;36m1.79715[0m[1;36m dir=[0m[1;36m40.0991[0m[1;36m
[gzserver-2] [0m[1;36m[Dbg] [wind_plugin.cpp:110] [0m[1;36mWindPlugin: received command -> speed=[0m[1;36m1.82967[0m[1;36m dir=[0m[1;36m39.6155[0m[1;36m
[gzserver-2] [0m[1;36m[Dbg] [wind_plugin.cpp:110] [0m[1;36mWindPlugin: received command -> speed=[0m[1;36m1.82967[0m[1;36m dir=[0m[1;36m39.6155[0m[1;36m
[gzserver-2] [0m[1;36m[Dbg] [wind_plugin.cpp:110] [0m[1;36mWindPlugin: received command -> speed=[0m[1;36m1.82967[0m[1;36m dir=[0m[1;36m39.6155[0m[1;36m
[gzserver-2] [0m[1;36m[Dbg] [wind_plugin.cpp:110] [0m[1;36mWindPlugin: received command -> speed=[0m[1;36m1.82967[0m[1;36m dir=[0m[1;36m39.6155[0m[1;36m
[gzserver-2] [0m[1;36m[Dbg] [wind_plugin.cpp:110] [0m[1;36mWindPlugin: received command -> speed=[0m[1;36m1.82967[0m[1;36m dir=[0m[1;36m39.6155[0m[1;36m
[gzserver-2] [0m[1;36m[Dbg] [wind_plugin.cpp:110] [0m[1;36mWindPlugin: received command -> speed=[0m[1;36m1.71303[0m[1;36m dir=[0m[1;36m37.3671[0m[1;36m
[gzserver-2] [0m[1;36m[Dbg] [wind_plugin.cpp:110] [0m[1;36mWindPlugin: received command -> speed=[0m[1;36m1.71303[0m[1;36m dir=[0m[1;36m37.3671[0m[1;36m
[gzserver-2] [0m[1;36m[Dbg] [wind_plugin.cpp:110] [0m[1;36mWindPlugin: received command -> speed=[0m[1;36m1.71303[0m[1;36m dir=[0m[1;36m37.3671[0m[1;36m
[gzserver-2] [0m[1;36m[Dbg] [wind_plugin.cpp:110] [0m[1;36mWindPlugin: received command -> speed=[0m[1;36m1.71303[0m[1;36m dir=[0m[1;36m37.3671[0m[1;36m
[gzserver-2] [0m[1;36m[Dbg] [wind_plugin.cpp:110] [0m[1;36mWindPlugin: received command -> speed=[0m[1;36m1.73126[0m[1;36m dir=[0m[1;36m37.4697[0m[1;36m
[gzserver-2] [0m[1;36m[Dbg] [wind_plugin.cpp:110] [0m[1;36mWindPlugin: received command -> speed=[0m[1;36m1.73126[0m[1;36m dir=[0m[1;36m37.4697[0m[1;36m
[gzserver-2] [0m[1;36m[Dbg] [wind_plugin.cpp:110] [0m[1;36mWindPlugin: received command -> speed=[0m[1;36m1.73126[0m[1;36m dir=[0m[1;36m37.4697[0m[1;36m
[gzserver-2] [0m[1;36m[Dbg] [wind_plugin.cpp:110] [0m[1;36mWindPlugin: received command -> speed=[0m[1;36m1.73126[0m[1;36m dir=[0m[1;36m37.4697[0m[1;36m
[gzserver-2] [0m[1;36m[Dbg] [wind_plugin.cpp:110] [0m[1;36mWindPlugin: received command -> speed=[0m[1;36m1.84717[0m[1;36m dir=[0m[1;36m38.0776[0m[1;36m
[gzserver-2] [0m[1;36m[Dbg] [wind_plugin.cpp:110] [0m[1;36mWindPlugin: received command -> speed=[0m[1;36m1.84717[0m[1;36m dir=[0m[1;36m38.0776[0m[1;36m
[gzserver-2] [0m[1;36m[Dbg] [wind_plugin.cpp:110] [0m[1;36mWindPlugin: received command -> speed=[0m[1;36m1.84717[0m[1;36m dir=[0m[1;36m38.0776[0m[1;36m
[gzserver-2] [0m[1;36m[Dbg] [wind_plugin.cpp:110] [0m[1;36mWindPlugin: received command -> speed=[0m[1;36m1.84717[0m[1;36m dir=[0m[1;36m38.0776[0m[1;36m
[gzserver-2] [0mLanded!
[gzserver-2] [INFO] [1773072822.517398006] [gazebo_wind_plugin_node]: WindPlugin: set wind_speed=1.77 wind_direction=39.7
[gzserver-2] [INFO] [1773072822.756855527] [gazebo_wind_plugin_node]: WindPlugin: set wind_speed=1.77 wind_direction=39.7
[gzserver-2] [INFO] [1773072822.991088927] [gazebo_wind_plugin_node]: WindPlugin: set wind_speed=1.77 wind_direction=39.7
[gzserver-2] [INFO] [1773072823.230360854] [gazebo_wind_plugin_node]: WindPlugin: set wind_speed=1.77 wind_direction=39.7
[gzserver-2] [INFO] [1773072823.469527325] [gazebo_wind_plugin_node]: WindPlugin: set wind_speed=1.79 wind_direction=35.4
[gzserver-2] [INFO] [1773072823.708568180] [gazebo_wind_plugin_node]: WindPlugin: set wind_speed=1.79 wind_direction=35.4
[gzserver-2] [INFO] [1773072823.947924992] [gazebo_wind_plugin_node]: WindPlugin: set wind_speed=1.79 wind_direction=35.4
[gzserver-2] [INFO] [1773072824.186892273] [gazebo_wind_plugin_node]: WindPlugin: set wind_speed=1.79 wind_direction=35.4
