[INFO] [launch]: All log files can be found below /home/j/.ros/log/2026-03-10-17-36-09-719144-j-3632717
[INFO] [launch]: Default logging verbosity is set to INFO
[INFO] [launch.user]: [bringup] Apriltag config: camera=/drone/bottom, image=/drone/bottom/image_raw, tags=/drone/bottom/tags, bridge=/landing_tag_state, standalone=true, use_target_id=true, target_id=0
[INFO] [rviz2-1]: process started with pid [3632720]
[INFO] [gzserver-2]: process started with pid [3632722]
[INFO] [robot_state_publisher-3]: process started with pid [3632724]
[INFO] [joint_state_publisher-4]: process started with pid [3632726]
[INFO] [spawn_drone-5]: process started with pid [3632728]
[INFO] [static_transform_publisher-6]: process started with pid [3632730]
[INFO] [joy_node-7]: process started with pid [3632732]
[INFO] [teleop_joystick-8]: process started with pid [3632734]
[INFO] [apriltag_detector_node-9]: process started with pid [3632736]
[INFO] [apriltag_state_bridge-10]: process started with pid [3632739]
[static_transform_publisher-6] [WARN] [1773131770.190951730] []: Old-style arguments are deprecated; see --help for new-style arguments
[static_transform_publisher-6] [INFO] [1773131770.197110001] [static_transform_publisher_4RcsVYptiFHNBvjR]: Spinning until stopped - publishing transform
[static_transform_publisher-6] translation: ('0.000000', '0.000000', '0.000000')
[static_transform_publisher-6] rotation: ('0.000000', '0.000000', '0.000000', '1.000000')
[static_transform_publisher-6] from 'world' to '/drone/odom'
[robot_state_publisher-3] [INFO] [1773131770.224133367] [drone.robot_state_publisher]: got segment base_footprint
[robot_state_publisher-3] [INFO] [1773131770.224234187] [drone.robot_state_publisher]: got segment base_link
[robot_state_publisher-3] [INFO] [1773131770.224246552] [drone.robot_state_publisher]: got segment bottom_cam_link
[robot_state_publisher-3] [INFO] [1773131770.224254710] [drone.robot_state_publisher]: got segment front_cam_link
[robot_state_publisher-3] [INFO] [1773131770.224262057] [drone.robot_state_publisher]: got segment sonar_link
[rviz2-1] 
[rviz2-1] (rviz2:3632720): dbind-WARNING **: 17:36:10.229: Couldn't connect to accessibility bus: Failed to connect to socket /root/.cache/at-spi/bus_0: 허가 거부
[teleop_joystick-8] Traceback (most recent call last):
[teleop_joystick-8]   File "/home/j/INCSL/IICC26_ws/install/sjtu_drone_control/lib/sjtu_drone_control/teleop_joystick", line 33, in <module>
[teleop_joystick-8]     sys.exit(load_entry_point('sjtu_drone_control==0.0.0', 'console_scripts', 'teleop_joystick')())
[teleop_joystick-8]   File "/home/j/INCSL/IICC26_ws/install/sjtu_drone_control/lib/sjtu_drone_control/teleop_joystick", line 22, in importlib_load_entry_point
[teleop_joystick-8]     for entry_point in distribution(dist_name).entry_points
[teleop_joystick-8]   File "/usr/lib/python3.10/importlib/metadata/__init__.py", line 969, in distribution
[teleop_joystick-8]     return Distribution.from_name(distribution_name)
[teleop_joystick-8]   File "/usr/lib/python3.10/importlib/metadata/__init__.py", line 548, in from_name
[teleop_joystick-8]     raise PackageNotFoundError(name)
[teleop_joystick-8] importlib.metadata.PackageNotFoundError: No package metadata was found for sjtu_drone_control
[apriltag_detector_node-9] [INFO] [1773131770.245237883] [apriltag_detector_node]: tag detector type: umich
[ERROR] [teleop_joystick-8]: process has died [pid 3632734, exit code 1, cmd '/home/j/INCSL/IICC26_ws/install/sjtu_drone_control/lib/sjtu_drone_control/teleop_joystick --ros-args -r __ns:=/drone'].
[gzserver-2] Gazebo multi-robot simulator, version 11.10.2
[gzserver-2] Copyright (C) 2012 Open Source Robotics Foundation.
[gzserver-2] Released under the Apache 2 License.
[gzserver-2] http://gazebosim.org
[gzserver-2] 
[apriltag_state_bridge-10] [INFO] [1773131770.443877612] [apriltag_state_bridge]: AprilTag bridge started: /drone/bottom/tags -> /landing_tag_state, use_target_id=True, target_id=0
[joint_state_publisher-4] [INFO] [1773131770.448015420] [drone.joint_state_publisher]: Waiting for robot_description to be published on the robot_description topic...
[gzserver-2] [1;33m[Wrn] [gazebo_ros_init.cpp:178] [0m[1;33m
[gzserver-2] #     # ####### ####### ###  #####  #######
[gzserver-2] ##    # #     #    #     #  #     # #
[gzserver-2] # #   # #     #    #     #  #       #
[gzserver-2] #  #  # #     #    #     #  #       #####
[gzserver-2] #   # # #     #    #     #  #       #
[gzserver-2] #    ## #     #    #     #  #     # #
[gzserver-2] #     # #######    #    ###  #####  #######
[gzserver-2] 
[gzserver-2] This version of Gazebo, now called Gazebo classic, reaches end-of-life
[gzserver-2] in January 2025. Users are highly encouraged to migrate to the new Gazebo
[gzserver-2] using our migration guides (https://gazebosim.org/docs/latest/gazebo_classic_migration?utm_source=gazebo_ros_pkgs&utm_medium=cli)
[gzserver-2] 
[gzserver-2] [0m[1;33m
[rviz2-1] [INFO] [1773131771.001739115] [rviz2]: Stereo is NOT SUPPORTED
[rviz2-1] [INFO] [1773131771.001829628] [rviz2]: OpenGl version: 4.6 (GLSL 4.6)
[rviz2-1] [INFO] [1773131771.033879040] [rviz2]: Stereo is NOT SUPPORTED
[rviz2-1] [INFO] [1773131771.156609617] [rviz2]: Stereo is NOT SUPPORTED
[spawn_drone-5] [INFO] [1773131771.625527830] [spawn_drone]: Result False Entity pushed to spawn queue, but spawn service timed outwaiting for entity to appear in simulation under the name [/drone]
[gzserver-2] [1;32m[Msg] [0m[1;32mWaiting for master.[0m[1;32m
[gzserver-2] [0m[1;32m[0m[1;32m[0m[1;32m[Msg] [0m[1;32mConnected to gazebo master @ [0m[1;32mhttp://127.0.0.1:11345[0m[1;32m
[gzserver-2] [0m[1;32m[0m[1;32m[0m[1;32m[Msg] [0m[1;32mPublicized address: [0m[1;32m172.16.52.147[0m[1;32m
[gzserver-2] [0m[1;32m[0m[1;32m[0m[1;32m[Msg] [0m[1;32mLoading world file [[0m[1;32m/home/j/INCSL/IICC26_ws/install/sjtu_drone_description/share/sjtu_drone_description/worlds/landingPad.world[0m[1;32m][0m[1;32m
[gzserver-2] [0m[1;32m[0m[1;32m[0m[1;36m[Dbg] [wind_plugin.cpp:96] [0m[1;36mWindPlugin loaded: speed=[0m[1;36m0[0m[1;36m dir=[0m[1;36m0[0m[1;36m deg area=[0m[1;36m0.1[0m[1;36m coeff=[0m[1;36m1[0m[1;36m
[gzserver-2] [0m[1;33m[0m[1;33m[0m[1;31m[Err] [Sensor.cc:510] [0m[1;31mGet noise index not valid[0m[1;31m
[gzserver-2] [0m[1;31m[0m[1;31m[0m[1;31m[Err] [Sensor.cc:510] [0m[1;31mGet noise index not valid[0m[1;31m
[gzserver-2] [0m[1;31m[0m[1;31m[0m[1;31m[Err] [Sensor.cc:510] [0m[1;31mGet noise index not valid[0m[1;31m
[gzserver-2] [0m[1;31m[0m[1;31m[0m[1;31m[Err] [Sensor.cc:510] [0m[1;31mGet noise index not valid[0m[1;31m
[gzserver-2] [0m[1;31m[0m[1;31m[0m[1;31m[Err] [Sensor.cc:510] [0m[1;31mGet noise index not valid[0m[1;31m
[gzserver-2] [0m[1;31m[0m[1;31m[0m[1;31m[Err] [Sensor.cc:510] [0m[1;31mGet noise index not valid[0m[1;31m
[gzserver-2] [0m[1;31m[0m[1;31m[0mTopic [default//drone/base_footprint/down_camera/image] is not valid.
[gzserver-2] [INFO] [1773131771.655402732] [drone.collision_plugin]: Publishing contact states to [/drone/bumper_states]
[gzserver-2] Topic [default//drone/base_footprint/front_camera/image] is not valid.
[gzserver-2] [1;33m[Wrn] [Event.cc:61] [0m[1;33mWarning: Deleting a connection right after creation. [0m[1;33mMake sure to save the ConnectionPtr from a Connect call
[INFO] [spawn_drone-5]: process has finished cleanly [pid 3632728]
[gzserver-2] [0m[INFO] [1773131772.242608757] [drone.camera_bottom]: Publishing camera info to [/drone/bottom/camera_info]
[gzserver-2] [INFO] [1773131772.246977032] [drone.camera_front]: Publishing camera info to [/drone/front/camera_info]
[gzserver-2] [INFO] [1773131772.369016908] [drone.simple_drone]: The drone plugin is loading!
[gzserver-2] [INFO] [1773131772.369242637] [drone.simple_drone]: pub_odom: 1
[gzserver-2] [INFO] [1773131772.369279851] [drone.simple_drone]: Using following parameters: 
[gzserver-2] 		link_name: base_footprint,
[gzserver-2] 		max_force: 30,
[gzserver-2] 		motion_small_noise: 0,
[gzserver-2] 		motion_drift_noise: 0,
[gzserver-2] 		motion_drift_noise_time: 50,
[gzserver-2] 		takeoff_hover_height: 2.14,
[gzserver-2] 		takeoff_vertical_speed: 0.2
[gzserver-2] [INFO] [1773131772.381489475] [drone.simple_drone]: Using the PID parameters: 
[gzserver-2] 	Roll Pitch:
[gzserver-2] 		kP: 10, kI: 0,kD: 5, Limit: 0.5, Time Constant: 0
[gzserver-2] 	Yaw:
[gzserver-2] 		kP: 2, kI: 0,kD: 1, Limit: 1.5, Time Constant: 0
[gzserver-2] 	Velocity X:
[gzserver-2] 		kP: 5, kI: 0,kD: 2.3, Limit: 2, Time Constant: 0
[gzserver-2] 	Velocity Y:
[gzserver-2] 		kP: 5, kI: 0,kD: 2.3, Limit: 2, Time Constant: 0
[gzserver-2] 	Velocity Z:
[gzserver-2] 		kP: 5, kI: 0,kD: 1, Limit: -1, Time Constant: 0
[gzserver-2] 	Position XY:
[gzserver-2] 		kP: 1.1, kI: 0,kD: 0, Limit: 5, Time Constant: 0
[gzserver-2] 	Position Z:
[gzserver-2] 		kP: 1, kI: 0,kD: 0.2, Limit: -1, Time Constant: 0
[gzserver-2] [INFO] [1773131772.381630610] [drone.simple_drone]: The drone plugin finished loading!
[gzserver-2] [INFO] [1773131779.553118729] [gazebo_wind_plugin_node]: WindPlugin: set wind_speed=0.00 wind_direction=0.0
[gzserver-2] [INFO] [1773131779.825094866] [gazebo_wind_plugin_node]: WindPlugin: set wind_speed=0.00 wind_direction=0.0
[gzserver-2] [INFO] [1773131779.863432391] [drone.simple_drone]: Quadrotor takes off!!
[gzserver-2] [INFO] [1773131780.064753036] [gazebo_wind_plugin_node]: WindPlugin: set wind_speed=0.00 wind_direction=0.0
[gzserver-2] [INFO] [1773131780.303447294] [gazebo_wind_plugin_node]: WindPlugin: set wind_speed=0.00 wind_direction=0.0
[gzserver-2] [INFO] [1773131780.538152655] [gazebo_wind_plugin_node]: WindPlugin: set wind_speed=0.00 wind_direction=0.0
[gzserver-2] [INFO] [1773131780.777605001] [gazebo_wind_plugin_node]: WindPlugin: set wind_speed=0.00 wind_direction=0.0
[gzserver-2] [INFO] [1773131781.016804790] [gazebo_wind_plugin_node]: WindPlugin: set wind_speed=0.00 wind_direction=0.0
[gzserver-2] [INFO] [1773131781.251255195] [gazebo_wind_plugin_node]: WindPlugin: set wind_speed=0.00 wind_direction=0.0
[gzserver-2] [INFO] [1773131781.491430196] [gazebo_wind_plugin_node]: WindPlugin: set wind_speed=0.00 wind_direction=0.0
[gzserver-2] [0m[1;36m[Dbg] [wind_plugin.cpp:110] [0m[1;36mWindPlugin: received command -> speed=[0m[1;36m0[0m[1;36m dir=[0m[1;36m0[0m[1;36m
[gzserver-2] [0m[1;36m[Dbg] [wind_plugin.cpp:110] [0m[1;36mWindPlugin: received command -> speed=[0m[1;36m0[0m[1;36m dir=[0m[1;36m0[0m[1;36m
[gzserver-2] [0m[1;36m[Dbg] [wind_plugin.cpp:110] [0m[1;36mWindPlugin: received command -> speed=[0m[1;36m0[0m[1;36m dir=[0m[1;36m0[0m[1;36m
[gzserver-2] [0m[1;36m[Dbg] [wind_plugin.cpp:110] [0m[1;36mWindPlugin: received command -> speed=[0m[1;36m0[0m[1;36m dir=[0m[1;36m0[0m[1;36m
[gzserver-2] [0m[1;36m[Dbg] [wind_plugin.cpp:110] [0m[1;36mWindPlugin: received command -> speed=[0m[1;36m0[0m[1;36m dir=[0m[1;36m0[0m[1;36m
[gzserver-2] [0m[1;36m[Dbg] [wind_plugin.cpp:110] [0m[1;36mWindPlugin: received command -> speed=[0m[1;36m0[0m[1;36m dir=[0m[1;36m0[0m[1;36m
[gzserver-2] [0m[1;36m[Dbg] [wind_plugin.cpp:110] [0m[1;36mWindPlugin: received command -> speed=[0m[1;36m0[0m[1;36m dir=[0m[1;36m0[0m[1;36m
[gzserver-2] [0m[1;36m[Dbg] [wind_plugin.cpp:110] [0m[1;36mWindPlugin: received command -> speed=[0m[1;36m0[0m[1;36m dir=[0m[1;36m0[0m[1;36m
[gzserver-2] [0m[1;36m[Dbg] [wind_plugin.cpp:110] [0m[1;36mWindPlugin: received command -> speed=[0m[1;36m0[0m[1;36m dir=[0m[1;36m0[0m[1;36m
[gzserver-2] [0mEntering flying model!
[gzserver-2] [INFO] [1773131781.730984125] [gazebo_wind_plugin_node]: WindPlugin: set wind_speed=0.00 wind_direction=0.0
[gzserver-2] [INFO] [1773131781.970511070] [gazebo_wind_plugin_node]: WindPlugin: set wind_speed=1.66 wind_direction=-13.5
[gzserver-2] [INFO] [1773131782.210233274] [gazebo_wind_plugin_node]: WindPlugin: set wind_speed=1.63 wind_direction=-16.4
[gzserver-2] [INFO] [1773131782.449761714] [gazebo_wind_plugin_node]: WindPlugin: set wind_speed=1.63 wind_direction=-16.4
[gzserver-2] [INFO] [1773131782.689049962] [gazebo_wind_plugin_node]: WindPlugin: set wind_speed=1.63 wind_direction=-16.4
[gzserver-2] [INFO] [1773131782.931354081] [gazebo_wind_plugin_node]: WindPlugin: set wind_speed=1.63 wind_direction=-16.4
[gzserver-2] [INFO] [1773131783.161157705] [gazebo_wind_plugin_node]: WindPlugin: set wind_speed=1.51 wind_direction=-17.3
[gzserver-2] [INFO] [1773131783.400618547] [gazebo_wind_plugin_node]: WindPlugin: set wind_speed=1.51 wind_direction=-17.3
[gzserver-2] [INFO] [1773131783.636992191] [gazebo_wind_plugin_node]: WindPlugin: set wind_speed=1.51 wind_direction=-17.3
[gzserver-2] [INFO] [1773131783.876405308] [gazebo_wind_plugin_node]: WindPlugin: set wind_speed=1.51 wind_direction=-17.3
[gzserver-2] [INFO] [1773131784.118622294] [gazebo_wind_plugin_node]: WindPlugin: set wind_speed=1.70 wind_direction=-15.5
[gzserver-2] [INFO] [1773131784.357968846] [gazebo_wind_plugin_node]: WindPlugin: set wind_speed=1.70 wind_direction=-15.5
[gzserver-2] [INFO] [1773131784.597420992] [gazebo_wind_plugin_node]: WindPlugin: set wind_speed=1.70 wind_direction=-15.5
[gzserver-2] [INFO] [1773131784.836972836] [gazebo_wind_plugin_node]: WindPlugin: set wind_speed=1.70 wind_direction=-15.5
[gzserver-2] [INFO] [1773131785.076394805] [gazebo_wind_plugin_node]: WindPlugin: set wind_speed=1.59 wind_direction=-16.8
[gzserver-2] [INFO] [1773131785.112264355] [drone.simple_drone]: Quadrotor lands!!
[gzserver-2] [INFO] [1773131785.313557860] [gazebo_wind_plugin_node]: WindPlugin: set wind_speed=1.59 wind_direction=-16.8
[gzserver-2] [INFO] [1773131785.548226816] [gazebo_wind_plugin_node]: WindPlugin: set wind_speed=1.59 wind_direction=-16.8
[gzserver-2] [INFO] [1773131785.778108314] [gazebo_wind_plugin_node]: WindPlugin: set wind_speed=1.59 wind_direction=-16.8
[gzserver-2] [INFO] [1773131786.025328359] [gazebo_wind_plugin_node]: WindPlugin: set wind_speed=1.59 wind_direction=-16.8
[gzserver-2] [1;36m[Dbg] [wind_plugin.cpp:110] [0m[1;36mWindPlugin: received command -> speed=[0m[1;36m0[0m[1;36m dir=[0m[1;36m0[0m[1;36m
[gzserver-2] [0m[1;36m[Dbg] [wind_plugin.cpp:110] [0m[1;36mWindPlugin: received command -> speed=[0m[1;36m1.65971[0m[1;36m dir=[0m[1;36m-13.5482[0m[1;36m
[gzserver-2] [0m[1;36m[Dbg] [wind_plugin.cpp:110] [0m[1;36mWindPlugin: received command -> speed=[0m[1;36m1.62501[0m[1;36m dir=[0m[1;36m-16.405[0m[1;36m
[gzserver-2] [0m[1;36m[Dbg] [wind_plugin.cpp:110] [0m[1;36mWindPlugin: received command -> speed=[0m[1;36m1.62501[0m[1;36m dir=[0m[1;36m-16.405[0m[1;36m
[gzserver-2] [0m[1;36m[Dbg] [wind_plugin.cpp:110] [0m[1;36mWindPlugin: received command -> speed=[0m[1;36m1.62501[0m[1;36m dir=[0m[1;36m-16.405[0m[1;36m
[gzserver-2] [0m[1;36m[Dbg] [wind_plugin.cpp:110] [0m[1;36mWindPlugin: received command -> speed=[0m[1;36m1.62501[0m[1;36m dir=[0m[1;36m-16.405[0m[1;36m
[gzserver-2] [0m[1;36m[Dbg] [wind_plugin.cpp:110] [0m[1;36mWindPlugin: received command -> speed=[0m[1;36m1.51203[0m[1;36m dir=[0m[1;36m-17.3133[0m[1;36m
[gzserver-2] [0m[1;36m[Dbg] [wind_plugin.cpp:110] [0m[1;36mWindPlugin: received command -> speed=[0m[1;36m1.51203[0m[1;36m dir=[0m[1;36m-17.3133[0m[1;36m
[gzserver-2] [0m[1;36m[Dbg] [wind_plugin.cpp:110] [0m[1;36mWindPlugin: received command -> speed=[0m[1;36m1.51203[0m[1;36m dir=[0m[1;36m-17.3133[0m[1;36m
[gzserver-2] [0m[1;36m[Dbg] [wind_plugin.cpp:110] [0m[1;36mWindPlugin: received command -> speed=[0m[1;36m1.51203[0m[1;36m dir=[0m[1;36m-17.3133[0m[1;36m
[gzserver-2] [0m[1;36m[Dbg] [wind_plugin.cpp:110] [0m[1;36mWindPlugin: received command -> speed=[0m[1;36m1.70185[0m[1;36m dir=[0m[1;36m-15.4535[0m[1;36m
[gzserver-2] [0m[1;36m[Dbg] [wind_plugin.cpp:110] [0m[1;36mWindPlugin: received command -> speed=[0m[1;36m1.70185[0m[1;36m dir=[0m[1;36m-15.4535[0m[1;36m
[gzserver-2] [0m[1;36m[Dbg] [wind_plugin.cpp:110] [0m[1;36mWindPlugin: received command -> speed=[0m[1;36m1.70185[0m[1;36m dir=[0m[1;36m-15.4535[0m[1;36m
[gzserver-2] [0m[1;36m[Dbg] [wind_plugin.cpp:110] [0m[1;36mWindPlugin: received command -> speed=[0m[1;36m1.70185[0m[1;36m dir=[0m[1;36m-15.4535[0m[1;36m
[gzserver-2] [0m[1;36m[Dbg] [wind_plugin.cpp:110] [0m[1;36mWindPlugin: received command -> speed=[0m[1;36m1.58784[0m[1;36m dir=[0m[1;36m-16.8433[0m[1;36m
[gzserver-2] [0m[1;36m[Dbg] [wind_plugin.cpp:110] [0m[1;36mWindPlugin: received command -> speed=[0m[1;36m1.58784[0m[1;36m dir=[0m[1;36m-16.8433[0m[1;36m
[gzserver-2] [0m[1;36m[Dbg] [wind_plugin.cpp:110] [0m[1;36mWindPlugin: received command -> speed=[0m[1;36m1.58784[0m[1;36m dir=[0m[1;36m-16.8433[0m[1;36m
[gzserver-2] [0m[1;36m[Dbg] [wind_plugin.cpp:110] [0m[1;36mWindPlugin: received command -> speed=[0m[1;36m1.58784[0m[1;36m dir=[0m[1;36m-16.8433[0m[1;36m
[gzserver-2] [0m[1;36m[Dbg] [wind_plugin.cpp:110] [0m[1;36mWindPlugin: received command -> speed=[0m[1;36m1.58784[0m[1;36m dir=[0m[1;36m-16.8433[0m[1;36m
[gzserver-2] [0mLanded!
[gzserver-2] [INFO] [1773131786.264806162] [gazebo_wind_plugin_node]: WindPlugin: set wind_speed=1.54 wind_direction=-16.9
[gzserver-2] [INFO] [1773131786.499514734] [gazebo_wind_plugin_node]: WindPlugin: set wind_speed=1.54 wind_direction=-16.9
[gzserver-2] [INFO] [1773131786.739018210] [gazebo_wind_plugin_node]: WindPlugin: set wind_speed=1.54 wind_direction=-16.9
[gzserver-2] [INFO] [1773131786.978691546] [gazebo_wind_plugin_node]: WindPlugin: set wind_speed=1.54 wind_direction=-16.9
[gzserver-2] [INFO] [1773131787.217902953] [gazebo_wind_plugin_node]: WindPlugin: set wind_speed=1.50 wind_direction=-18.4
[gzserver-2] [INFO] [1773131787.451908548] [gazebo_wind_plugin_node]: WindPlugin: set wind_speed=1.50 wind_direction=-18.4
[gzserver-2] [INFO] [1773131787.691559137] [gazebo_wind_plugin_node]: WindPlugin: set wind_speed=1.50 wind_direction=-18.4
[gzserver-2] [INFO] [1773131787.931448733] [gazebo_wind_plugin_node]: WindPlugin: set wind_speed=1.50 wind_direction=-18.4
