[INFO] [launch]: All log files can be found below /home/j/.ros/log/2026-03-11-08-05-21-682625-j-2109985
[INFO] [launch]: Default logging verbosity is set to INFO
[INFO] [launch.user]: [bringup] Apriltag config: camera=/drone/bottom, image=/drone/bottom/image_raw, tags=/drone/bottom/tags, bridge=/landing_tag_state, standalone=true, use_target_id=true, target_id=0
[INFO] [rviz2-1]: process started with pid [2109989]
[INFO] [gzserver-2]: process started with pid [2109991]
[INFO] [robot_state_publisher-3]: process started with pid [2109993]
[INFO] [joint_state_publisher-4]: process started with pid [2109995]
[INFO] [spawn_drone-5]: process started with pid [2109997]
[INFO] [static_transform_publisher-6]: process started with pid [2109999]
[INFO] [joy_node-7]: process started with pid [2110001]
[INFO] [teleop_joystick-8]: process started with pid [2110003]
[INFO] [apriltag_detector_node-9]: process started with pid [2110006]
[INFO] [apriltag_state_bridge-10]: process started with pid [2110008]
[static_transform_publisher-6] [WARN] [1773183922.155358327] []: Old-style arguments are deprecated; see --help for new-style arguments
[static_transform_publisher-6] [INFO] [1773183922.161357467] [static_transform_publisher_TaumTKoHtPOONt6M]: Spinning until stopped - publishing transform
[static_transform_publisher-6] translation: ('0.000000', '0.000000', '0.000000')
[static_transform_publisher-6] rotation: ('0.000000', '0.000000', '0.000000', '1.000000')
[static_transform_publisher-6] from 'world' to '/drone/odom'
[robot_state_publisher-3] [INFO] [1773183922.176757585] [drone.robot_state_publisher]: got segment base_footprint
[robot_state_publisher-3] [INFO] [1773183922.176820218] [drone.robot_state_publisher]: got segment base_link
[robot_state_publisher-3] [INFO] [1773183922.176826458] [drone.robot_state_publisher]: got segment bottom_cam_link
[robot_state_publisher-3] [INFO] [1773183922.176829545] [drone.robot_state_publisher]: got segment front_cam_link
[robot_state_publisher-3] [INFO] [1773183922.176832463] [drone.robot_state_publisher]: got segment sonar_link
[rviz2-1] 
[rviz2-1] (rviz2:2109989): dbind-WARNING **: 08:05:22.179: Couldn't connect to accessibility bus: Failed to connect to socket /root/.cache/at-spi/bus_0: 허가 거부
[apriltag_detector_node-9] [INFO] [1773183922.194841515] [apriltag_detector_node]: tag detector type: umich
[teleop_joystick-8] Traceback (most recent call last):
[teleop_joystick-8]   File "/home/j/INCSL/IICC26_ws/install/sjtu_drone_control/lib/sjtu_drone_control/teleop_joystick", line 33, in <module>
[teleop_joystick-8]     sys.exit(load_entry_point('sjtu_drone_control==0.0.0', 'console_scripts', 'teleop_joystick')())
[teleop_joystick-8]   File "/home/j/INCSL/IICC26_ws/install/sjtu_drone_control/lib/sjtu_drone_control/teleop_joystick", line 22, in importlib_load_entry_point
[teleop_joystick-8]     for entry_point in distribution(dist_name).entry_points
[teleop_joystick-8]   File "/usr/lib/python3.10/importlib/metadata/__init__.py", line 969, in distribution
[teleop_joystick-8]     return Distribution.from_name(distribution_name)
[teleop_joystick-8]   File "/usr/lib/python3.10/importlib/metadata/__init__.py", line 548, in from_name
[teleop_joystick-8]     raise PackageNotFoundError(name)
[teleop_joystick-8] importlib.metadata.PackageNotFoundError: No package metadata was found for sjtu_drone_control
[ERROR] [teleop_joystick-8]: process has died [pid 2110003, exit code 1, cmd '/home/j/INCSL/IICC26_ws/install/sjtu_drone_control/lib/sjtu_drone_control/teleop_joystick --ros-args -r __ns:=/drone'].
[gzserver-2] Gazebo multi-robot simulator, version 11.10.2
[gzserver-2] Copyright (C) 2012 Open Source Robotics Foundation.
[gzserver-2] Released under the Apache 2 License.
[gzserver-2] http://gazebosim.org
[gzserver-2] 
[apriltag_state_bridge-10] [INFO] [1773183922.391863580] [apriltag_state_bridge]: AprilTag bridge started: /drone/bottom/tags -> /landing_tag_state, use_target_id=True, target_id=0
[joint_state_publisher-4] [INFO] [1773183922.423101100] [drone.joint_state_publisher]: Waiting for robot_description to be published on the robot_description topic...
[gzserver-2] [1;33m[Wrn] [gazebo_ros_init.cpp:178] [0m[1;33m
[gzserver-2] #     # ####### ####### ###  #####  #######
[gzserver-2] ##    # #     #    #     #  #     # #
[gzserver-2] # #   # #     #    #     #  #       #
[gzserver-2] #  #  # #     #    #     #  #       #####
[gzserver-2] #   # # #     #    #     #  #       #
[gzserver-2] #    ## #     #    #     #  #     # #
[gzserver-2] #     # #######    #    ###  #####  #######
[gzserver-2] 
[gzserver-2] This version of Gazebo, now called Gazebo classic, reaches end-of-life
[gzserver-2] in January 2025. Users are highly encouraged to migrate to the new Gazebo
[gzserver-2] using our migration guides (https://gazebosim.org/docs/latest/gazebo_classic_migration?utm_source=gazebo_ros_pkgs&utm_medium=cli)
[gzserver-2] 
[gzserver-2] [0m[1;33m
[rviz2-1] [INFO] [1773183922.791963583] [rviz2]: Stereo is NOT SUPPORTED
[rviz2-1] [INFO] [1773183922.792054941] [rviz2]: OpenGl version: 4.6 (GLSL 4.6)
[rviz2-1] [INFO] [1773183922.891514922] [rviz2]: Stereo is NOT SUPPORTED
[rviz2-1] [INFO] [1773183922.984258998] [rviz2]: Stereo is NOT SUPPORTED
[gzserver-2] [1;32m[Msg] [0m[1;32mWaiting for master.[0m[1;32m
[gzserver-2] [0m[1;32m[0m[1;32m[0m[1;32m[Msg] [0m[1;32mConnected to gazebo master @ [0m[1;32mhttp://127.0.0.1:11345[0m[1;32m
[gzserver-2] [0m[1;32m[0m[1;32m[0m[1;32m[Msg] [0m[1;32mPublicized address: [0m[1;32m192.168.0.11[0m[1;32m
[gzserver-2] [0m[1;32m[0m[1;32m[0m[1;32m[Msg] [0m[1;32mLoading world file [[0m[1;32m/home/j/INCSL/IICC26_ws/install/sjtu_drone_description/share/sjtu_drone_description/worlds/landingPad.world[0m[1;32m][0m[1;32m
[gzserver-2] [0m[1;32m[0m[1;32m[0m[1;36m[Dbg] [wind_plugin.cpp:96] [0m[1;36mWindPlugin loaded: speed=[0m[1;36m0[0m[1;36m dir=[0m[1;36m0[0m[1;36m deg area=[0m[1;36m0.1[0m[1;36m coeff=[0m[1;36m1[0m[1;36m
[gzserver-2] [0m[1;33m[0m[1;33m[0m[1;31m[Err] [Sensor.cc:510] [0m[1;31mGet noise index not valid[0m[1;31m
[gzserver-2] [0m[1;31m[0m[1;31m[0m[1;31m[Err] [Sensor.cc:510] [0m[1;31mGet noise index not valid[0m[1;31m
[gzserver-2] [0m[1;31m[0m[1;31m[0m[1;31m[Err] [Sensor.cc:510] [0m[1;31mGet noise index not valid[0m[1;31m
[gzserver-2] [0m[1;31m[0m[1;31m[0m[1;31m[Err] [Sensor.cc:510] [0m[1;31mGet noise index not valid[0m[1;31m
[gzserver-2] [0m[1;31m[0m[1;31m[0m[1;31m[Err] [Sensor.cc:510] [0m[1;31mGet noise index not valid[0m[1;31m
[gzserver-2] [0m[1;31m[0m[1;31m[0m[1;31m[Err] [Sensor.cc:510] [0m[1;31mGet noise index not valid[0m[1;31m
[gzserver-2] [0m[1;31m[0m[1;31m[0mTopic [default//drone/base_footprint/down_camera/image] is not valid.
[gzserver-2] Topic [default//drone/base_footprint/front_camera/image] is not valid.
[gzserver-2] [INFO] [1773183923.534252069] [drone.collision_plugin]: Publishing contact states to [/drone/bumper_states]
[gzserver-2] [1;33m[Wrn] [Event.cc:61] [0m[1;33mWarning: Deleting a connection right after creation. [0m[1;33mMake sure to save the ConnectionPtr from a Connect call
[gzserver-2] [0m[INFO] [1773183924.093644361] [drone.camera_bottom]: Publishing camera info to [/drone/bottom/camera_info]
[gzserver-2] [INFO] [1773183924.098239122] [drone.camera_front]: Publishing camera info to [/drone/front/camera_info]
[spawn_drone-5] [INFO] [1773183924.109597178] [spawn_drone]: Result True SpawnEntity: Successfully spawned entity [/drone]
[gzserver-2] [INFO] [1773183924.220540985] [drone.simple_drone]: The drone plugin is loading!
[gzserver-2] [INFO] [1773183924.220746746] [drone.simple_drone]: pub_odom: 1
[gzserver-2] [INFO] [1773183924.220780107] [drone.simple_drone]: Using following parameters: 
[gzserver-2] 		link_name: base_footprint,
[gzserver-2] 		max_force: 30,
[gzserver-2] 		motion_small_noise: 0,
[gzserver-2] 		motion_drift_noise: 0,
[gzserver-2] 		motion_drift_noise_time: 50,
[gzserver-2] 		takeoff_hover_height: 2.2,
[gzserver-2] 		takeoff_vertical_speed: 0.2
[gzserver-2] [INFO] [1773183924.232430092] [drone.simple_drone]: Using the PID parameters: 
[gzserver-2] 	Roll Pitch:
[gzserver-2] 		kP: 10, kI: 0,kD: 5, Limit: 0.5, Time Constant: 0
[gzserver-2] 	Yaw:
[gzserver-2] 		kP: 2, kI: 0,kD: 1, Limit: 1.5, Time Constant: 0
[gzserver-2] 	Velocity X:
[gzserver-2] 		kP: 5, kI: 0,kD: 2.3, Limit: 2, Time Constant: 0
[gzserver-2] 	Velocity Y:
[gzserver-2] 		kP: 5, kI: 0,kD: 2.3, Limit: 2, Time Constant: 0
[gzserver-2] 	Velocity Z:
[gzserver-2] 		kP: 5, kI: 0,kD: 1, Limit: -1, Time Constant: 0
[gzserver-2] 	Position XY:
[gzserver-2] 		kP: 1.1, kI: 0,kD: 0, Limit: 5, Time Constant: 0
[gzserver-2] 	Position Z:
[gzserver-2] 		kP: 1, kI: 0,kD: 0.2, Limit: -1, Time Constant: 0
[gzserver-2] [INFO] [1773183924.232564698] [drone.simple_drone]: The drone plugin finished loading!
[INFO] [spawn_drone-5]: process has finished cleanly [pid 2109997]
[gzserver-2] [INFO] [1773183931.515096850] [gazebo_wind_plugin_node]: WindPlugin: set wind_speed=0.00 wind_direction=0.0
[gzserver-2] [INFO] [1773183931.787467685] [gazebo_wind_plugin_node]: WindPlugin: set wind_speed=0.00 wind_direction=0.0
[gzserver-2] [INFO] [1773183931.826967303] [drone.simple_drone]: Quadrotor takes off!!
[gzserver-2] [INFO] [1773183932.028110358] [gazebo_wind_plugin_node]: WindPlugin: set wind_speed=0.00 wind_direction=0.0
[gzserver-2] [INFO] [1773183932.263846461] [gazebo_wind_plugin_node]: WindPlugin: set wind_speed=0.00 wind_direction=0.0
[gzserver-2] [INFO] [1773183932.498439798] [gazebo_wind_plugin_node]: WindPlugin: set wind_speed=0.00 wind_direction=0.0
[gzserver-2] [INFO] [1773183932.738183511] [gazebo_wind_plugin_node]: WindPlugin: set wind_speed=0.00 wind_direction=0.0
[gzserver-2] [INFO] [1773183932.977698677] [gazebo_wind_plugin_node]: WindPlugin: set wind_speed=0.00 wind_direction=0.0
[gzserver-2] [INFO] [1773183933.211739635] [gazebo_wind_plugin_node]: WindPlugin: set wind_speed=0.00 wind_direction=0.0
[gzserver-2] [INFO] [1773183933.451346004] [gazebo_wind_plugin_node]: WindPlugin: set wind_speed=0.00 wind_direction=0.0
[gzserver-2] [0m[1;36m[Dbg] [wind_plugin.cpp:110] [0m[1;36mWindPlugin: received command -> speed=[0m[1;36m0[0m[1;36m dir=[0m[1;36m0[0m[1;36m
[gzserver-2] [0m[1;36m[Dbg] [wind_plugin.cpp:110] [0m[1;36mWindPlugin: received command -> speed=[0m[1;36m0[0m[1;36m dir=[0m[1;36m0[0m[1;36m
[gzserver-2] [0m[1;36m[Dbg] [wind_plugin.cpp:110] [0m[1;36mWindPlugin: received command -> speed=[0m[1;36m0[0m[1;36m dir=[0m[1;36m0[0m[1;36m
[gzserver-2] [0m[1;36m[Dbg] [wind_plugin.cpp:110] [0m[1;36mWindPlugin: received command -> speed=[0m[1;36m0[0m[1;36m dir=[0m[1;36m0[0m[1;36m
[gzserver-2] [0m[1;36m[Dbg] [wind_plugin.cpp:110] [0m[1;36mWindPlugin: received command -> speed=[0m[1;36m0[0m[1;36m dir=[0m[1;36m0[0m[1;36m
[gzserver-2] [0m[1;36m[Dbg] [wind_plugin.cpp:110] [0m[1;36mWindPlugin: received command -> speed=[0m[1;36m0[0m[1;36m dir=[0m[1;36m0[0m[1;36m
[gzserver-2] [0m[1;36m[Dbg] [wind_plugin.cpp:110] [0m[1;36mWindPlugin: received command -> speed=[0m[1;36m0[0m[1;36m dir=[0m[1;36m0[0m[1;36m
[gzserver-2] [0m[1;36m[Dbg] [wind_plugin.cpp:110] [0m[1;36mWindPlugin: received command -> speed=[0m[1;36m0[0m[1;36m dir=[0m[1;36m0[0m[1;36m
[gzserver-2] [0m[1;36m[Dbg] [wind_plugin.cpp:110] [0m[1;36mWindPlugin: received command -> speed=[0m[1;36m0[0m[1;36m dir=[0m[1;36m0[0m[1;36m
[gzserver-2] [0mEntering flying model!
[gzserver-2] [INFO] [1773183933.684603105] [gazebo_wind_plugin_node]: WindPlugin: set wind_speed=0.00 wind_direction=0.0
[gzserver-2] [INFO] [1773183933.924361183] [gazebo_wind_plugin_node]: WindPlugin: set wind_speed=1.60 wind_direction=-61.6
[gzserver-2] [INFO] [1773183934.158887432] [gazebo_wind_plugin_node]: WindPlugin: set wind_speed=1.82 wind_direction=-60.6
[gzserver-2] [INFO] [1773183934.398498691] [gazebo_wind_plugin_node]: WindPlugin: set wind_speed=1.82 wind_direction=-60.6
[gzserver-2] [INFO] [1773183934.632908458] [gazebo_wind_plugin_node]: WindPlugin: set wind_speed=1.82 wind_direction=-60.6
[gzserver-2] [INFO] [1773183934.862625305] [gazebo_wind_plugin_node]: WindPlugin: set wind_speed=1.82 wind_direction=-60.6
[gzserver-2] [INFO] [1773183935.091736733] [gazebo_wind_plugin_node]: WindPlugin: set wind_speed=1.81 wind_direction=-63.6
[gzserver-2] [INFO] [1773183935.331562653] [gazebo_wind_plugin_node]: WindPlugin: set wind_speed=1.81 wind_direction=-63.6
[gzserver-2] [INFO] [1773183935.566059376] [gazebo_wind_plugin_node]: WindPlugin: set wind_speed=1.81 wind_direction=-63.6
[gzserver-2] [INFO] [1773183935.805784425] [gazebo_wind_plugin_node]: WindPlugin: set wind_speed=1.81 wind_direction=-63.6
[gzserver-2] [INFO] [1773183936.040613318] [gazebo_wind_plugin_node]: WindPlugin: set wind_speed=1.78 wind_direction=-63.7
[gzserver-2] [INFO] [1773183936.280271955] [gazebo_wind_plugin_node]: WindPlugin: set wind_speed=1.78 wind_direction=-63.7
[gzserver-2] [INFO] [1773183936.514432084] [gazebo_wind_plugin_node]: WindPlugin: set wind_speed=1.78 wind_direction=-63.7
[gzserver-2] [INFO] [1773183936.753311985] [gazebo_wind_plugin_node]: WindPlugin: set wind_speed=1.78 wind_direction=-63.7
[gzserver-2] [INFO] [1773183936.792321125] [drone.simple_drone]: Quadrotor lands!!
[gzserver-2] [INFO] [1773183936.994831828] [gazebo_wind_plugin_node]: WindPlugin: set wind_speed=1.78 wind_direction=-63.7
[gzserver-2] [INFO] [1773183937.229840376] [gazebo_wind_plugin_node]: WindPlugin: set wind_speed=1.92 wind_direction=-64.8
[gzserver-2] [INFO] [1773183937.470201077] [gazebo_wind_plugin_node]: WindPlugin: set wind_speed=1.92 wind_direction=-64.8
[gzserver-2] [INFO] [1773183937.704092501] [gazebo_wind_plugin_node]: WindPlugin: set wind_speed=1.92 wind_direction=-64.8
[gzserver-2] [1;36m[Dbg] [wind_plugin.cpp:110] [0m[1;36mWindPlugin: received command -> speed=[0m[1;36m0[0m[1;36m dir=[0m[1;36m0[0m[1;36m
[gzserver-2] [0m[1;36m[Dbg] [wind_plugin.cpp:110] [0m[1;36mWindPlugin: received command -> speed=[0m[1;36m1.59904[0m[1;36m dir=[0m[1;36m-61.5779[0m[1;36m
[gzserver-2] [0m[1;36m[Dbg] [wind_plugin.cpp:110] [0m[1;36mWindPlugin: received command -> speed=[0m[1;36m1.818[0m[1;36m dir=[0m[1;36m-60.6282[0m[1;36m
[gzserver-2] [0m[1;36m[Dbg] [wind_plugin.cpp:110] [0m[1;36mWindPlugin: received command -> speed=[0m[1;36m1.818[0m[1;36m dir=[0m[1;36m-60.6282[0m[1;36m
[gzserver-2] [0m[1;36m[Dbg] [wind_plugin.cpp:110] [0m[1;36mWindPlugin: received command -> speed=[0m[1;36m1.818[0m[1;36m dir=[0m[1;36m-60.6282[0m[1;36m
[gzserver-2] [0m[1;36m[Dbg] [wind_plugin.cpp:110] [0m[1;36mWindPlugin: received command -> speed=[0m[1;36m1.818[0m[1;36m dir=[0m[1;36m-60.6282[0m[1;36m
[gzserver-2] [0m[1;36m[Dbg] [wind_plugin.cpp:110] [0m[1;36mWindPlugin: received command -> speed=[0m[1;36m1.8093[0m[1;36m dir=[0m[1;36m-63.5811[0m[1;36m
[gzserver-2] [0m[1;36m[Dbg] [wind_plugin.cpp:110] [0m[1;36mWindPlugin: received command -> speed=[0m[1;36m1.8093[0m[1;36m dir=[0m[1;36m-63.5811[0m[1;36m
[gzserver-2] [0m[1;36m[Dbg] [wind_plugin.cpp:110] [0m[1;36mWindPlugin: received command -> speed=[0m[1;36m1.8093[0m[1;36m dir=[0m[1;36m-63.5811[0m[1;36m
[gzserver-2] [0m[1;36m[Dbg] [wind_plugin.cpp:110] [0m[1;36mWindPlugin: received command -> speed=[0m[1;36m1.8093[0m[1;36m dir=[0m[1;36m-63.5811[0m[1;36m
[gzserver-2] [0m[1;36m[Dbg] [wind_plugin.cpp:110] [0m[1;36mWindPlugin: received command -> speed=[0m[1;36m1.78252[0m[1;36m dir=[0m[1;36m-63.7245[0m[1;36m
[gzserver-2] [0m[1;36m[Dbg] [wind_plugin.cpp:110] [0m[1;36mWindPlugin: received command -> speed=[0m[1;36m1.78252[0m[1;36m dir=[0m[1;36m-63.7245[0m[1;36m
[gzserver-2] [0m[1;36m[Dbg] [wind_plugin.cpp:110] [0m[1;36mWindPlugin: received command -> speed=[0m[1;36m1.78252[0m[1;36m dir=[0m[1;36m-63.7245[0m[1;36m
[gzserver-2] [0m[1;36m[Dbg] [wind_plugin.cpp:110] [0m[1;36mWindPlugin: received command -> speed=[0m[1;36m1.78252[0m[1;36m dir=[0m[1;36m-63.7245[0m[1;36m
[gzserver-2] [0m[1;36m[Dbg] [wind_plugin.cpp:110] [0m[1;36mWindPlugin: received command -> speed=[0m[1;36m1.78252[0m[1;36m dir=[0m[1;36m-63.7245[0m[1;36m
[gzserver-2] [0m[1;36m[Dbg] [wind_plugin.cpp:110] [0m[1;36mWindPlugin: received command -> speed=[0m[1;36m1.91544[0m[1;36m dir=[0m[1;36m-64.7839[0m[1;36m
[gzserver-2] [0m[1;36m[Dbg] [wind_plugin.cpp:110] [0m[1;36mWindPlugin: received command -> speed=[0m[1;36m1.91544[0m[1;36m dir=[0m[1;36m-64.7839[0m[1;36m
[gzserver-2] [0m[1;36m[Dbg] [wind_plugin.cpp:110] [0m[1;36mWindPlugin: received command -> speed=[0m[1;36m1.91544[0m[1;36m dir=[0m[1;36m-64.7839[0m[1;36m
[gzserver-2] [0mLanded!
[gzserver-2] [INFO] [1773183937.943966666] [gazebo_wind_plugin_node]: WindPlugin: set wind_speed=1.92 wind_direction=-64.8
[gzserver-2] [INFO] [1773183938.184346112] [gazebo_wind_plugin_node]: WindPlugin: set wind_speed=2.07 wind_direction=-61.4
[gzserver-2] [INFO] [1773183938.419266656] [gazebo_wind_plugin_node]: WindPlugin: set wind_speed=2.07 wind_direction=-61.4
[gzserver-2] [INFO] [1773183938.660933165] [gazebo_wind_plugin_node]: WindPlugin: set wind_speed=2.07 wind_direction=-61.4
[gzserver-2] [INFO] [1773183938.900510724] [gazebo_wind_plugin_node]: WindPlugin: set wind_speed=2.07 wind_direction=-61.4
[gzserver-2] [INFO] [1773183939.142589478] [gazebo_wind_plugin_node]: WindPlugin: set wind_speed=1.73 wind_direction=-62.7
[gzserver-2] [INFO] [1773183939.377209976] [gazebo_wind_plugin_node]: WindPlugin: set wind_speed=1.73 wind_direction=-62.7
[gzserver-2] [INFO] [1773183939.611436710] [gazebo_wind_plugin_node]: WindPlugin: set wind_speed=1.73 wind_direction=-62.7
