[INFO] [launch]: All log files can be found below /home/j/.ros/log/2026-03-11-08-49-19-070799-j-2490575
[INFO] [launch]: Default logging verbosity is set to INFO
[INFO] [launch.user]: [bringup] Apriltag config: camera=/drone/bottom, image=/drone/bottom/image_raw, tags=/drone/bottom/tags, bridge=/landing_tag_state, standalone=true, use_target_id=true, target_id=0
[INFO] [rviz2-1]: process started with pid [2490578]
[INFO] [gzserver-2]: process started with pid [2490580]
[INFO] [robot_state_publisher-3]: process started with pid [2490582]
[INFO] [joint_state_publisher-4]: process started with pid [2490584]
[INFO] [spawn_drone-5]: process started with pid [2490586]
[INFO] [static_transform_publisher-6]: process started with pid [2490588]
[INFO] [joy_node-7]: process started with pid [2490590]
[INFO] [teleop_joystick-8]: process started with pid [2490592]
[INFO] [apriltag_detector_node-9]: process started with pid [2490594]
[INFO] [apriltag_state_bridge-10]: process started with pid [2490596]
[static_transform_publisher-6] [WARN] [1773186559.541815864] []: Old-style arguments are deprecated; see --help for new-style arguments
[static_transform_publisher-6] [INFO] [1773186559.549096731] [static_transform_publisher_r58wy8BiabXi23TQ]: Spinning until stopped - publishing transform
[static_transform_publisher-6] translation: ('0.000000', '0.000000', '0.000000')
[static_transform_publisher-6] rotation: ('0.000000', '0.000000', '0.000000', '1.000000')
[static_transform_publisher-6] from 'world' to '/drone/odom'
[rviz2-1] 
[rviz2-1] (rviz2:2490578): dbind-WARNING **: 08:49:19.573: Couldn't connect to accessibility bus: Failed to connect to socket /root/.cache/at-spi/bus_0: 허가 거부
[robot_state_publisher-3] [INFO] [1773186559.576089862] [drone.robot_state_publisher]: got segment base_footprint
[robot_state_publisher-3] [INFO] [1773186559.576188896] [drone.robot_state_publisher]: got segment base_link
[robot_state_publisher-3] [INFO] [1773186559.576201830] [drone.robot_state_publisher]: got segment bottom_cam_link
[robot_state_publisher-3] [INFO] [1773186559.576210155] [drone.robot_state_publisher]: got segment front_cam_link
[robot_state_publisher-3] [INFO] [1773186559.576217227] [drone.robot_state_publisher]: got segment sonar_link
[teleop_joystick-8] Traceback (most recent call last):
[teleop_joystick-8]   File "/home/j/INCSL/IICC26_ws/install/sjtu_drone_control/lib/sjtu_drone_control/teleop_joystick", line 33, in <module>
[teleop_joystick-8]     sys.exit(load_entry_point('sjtu_drone_control==0.0.0', 'console_scripts', 'teleop_joystick')())
[teleop_joystick-8]   File "/home/j/INCSL/IICC26_ws/install/sjtu_drone_control/lib/sjtu_drone_control/teleop_joystick", line 22, in importlib_load_entry_point
[teleop_joystick-8]     for entry_point in distribution(dist_name).entry_points
[teleop_joystick-8]   File "/usr/lib/python3.10/importlib/metadata/__init__.py", line 969, in distribution
[teleop_joystick-8]     return Distribution.from_name(distribution_name)
[teleop_joystick-8]   File "/usr/lib/python3.10/importlib/metadata/__init__.py", line 548, in from_name
[teleop_joystick-8]     raise PackageNotFoundError(name)
[teleop_joystick-8] importlib.metadata.PackageNotFoundError: No package metadata was found for sjtu_drone_control
[apriltag_detector_node-9] [INFO] [1773186559.598421195] [apriltag_detector_node]: tag detector type: umich
[ERROR] [teleop_joystick-8]: process has died [pid 2490592, exit code 1, cmd '/home/j/INCSL/IICC26_ws/install/sjtu_drone_control/lib/sjtu_drone_control/teleop_joystick --ros-args -r __ns:=/drone'].
[gzserver-2] Gazebo multi-robot simulator, version 11.10.2
[gzserver-2] Copyright (C) 2012 Open Source Robotics Foundation.
[gzserver-2] Released under the Apache 2 License.
[gzserver-2] http://gazebosim.org
[gzserver-2] 
[apriltag_state_bridge-10] [INFO] [1773186559.799493345] [apriltag_state_bridge]: AprilTag bridge started: /drone/bottom/tags -> /landing_tag_state, use_target_id=True, target_id=0
[gzserver-2] [1;33m[Wrn] [gazebo_ros_init.cpp:178] [0m[1;33m
[gzserver-2] #     # ####### ####### ###  #####  #######
[gzserver-2] ##    # #     #    #     #  #     # #
[gzserver-2] # #   # #     #    #     #  #       #
[gzserver-2] #  #  # #     #    #     #  #       #####
[gzserver-2] #   # # #     #    #     #  #       #
[gzserver-2] #    ## #     #    #     #  #     # #
[gzserver-2] #     # #######    #    ###  #####  #######
[gzserver-2] 
[gzserver-2] This version of Gazebo, now called Gazebo classic, reaches end-of-life
[gzserver-2] in January 2025. Users are highly encouraged to migrate to the new Gazebo
[gzserver-2] using our migration guides (https://gazebosim.org/docs/latest/gazebo_classic_migration?utm_source=gazebo_ros_pkgs&utm_medium=cli)
[gzserver-2] 
[gzserver-2] [0m[1;33m
[joint_state_publisher-4] [INFO] [1773186559.837106266] [drone.joint_state_publisher]: Waiting for robot_description to be published on the robot_description topic...
[rviz2-1] [INFO] [1773186560.422950888] [rviz2]: Stereo is NOT SUPPORTED
[rviz2-1] [INFO] [1773186560.423073775] [rviz2]: OpenGl version: 4.6 (GLSL 4.6)
[rviz2-1] [INFO] [1773186560.504665081] [rviz2]: Stereo is NOT SUPPORTED
[rviz2-1] [INFO] [1773186560.598457009] [rviz2]: Stereo is NOT SUPPORTED
[gzserver-2] [1;32m[Msg] [0m[1;32mWaiting for master.[0m[1;32m
[gzserver-2] [0m[1;32m[0m[1;32m[0m[1;32m[Msg] [0m[1;32mConnected to gazebo master @ [0m[1;32mhttp://127.0.0.1:11345[0m[1;32m
[gzserver-2] [0m[1;32m[0m[1;32m[0m[1;32m[Msg] [0m[1;32mPublicized address: [0m[1;32m192.168.0.11[0m[1;32m
[gzserver-2] [0m[1;32m[0m[1;32m[0m[1;32m[Msg] [0m[1;32mLoading world file [[0m[1;32m/home/j/INCSL/IICC26_ws/install/sjtu_drone_description/share/sjtu_drone_description/worlds/landingPad.world[0m[1;32m][0m[1;32m
[gzserver-2] [0m[1;32m[0m[1;32m[0m[1;36m[Dbg] [wind_plugin.cpp:96] [0m[1;36mWindPlugin loaded: speed=[0m[1;36m0[0m[1;36m dir=[0m[1;36m0[0m[1;36m deg area=[0m[1;36m0.1[0m[1;36m coeff=[0m[1;36m1[0m[1;36m
[gzserver-2] [0m[1;33m[0m[1;33m[0m[1;31m[Err] [Sensor.cc:510] [0m[1;31mGet noise index not valid[0m[1;31m
[gzserver-2] [0m[1;31m[0m[1;31m[0m[1;31m[Err] [Sensor.cc:510] [0m[1;31mGet noise index not valid[0m[1;31m
[gzserver-2] [0m[1;31m[0m[1;31m[0m[1;31m[Err] [Sensor.cc:510] [0m[1;31mGet noise index not valid[0m[1;31m
[gzserver-2] [0m[1;31m[0m[1;31m[0m[1;31m[Err] [Sensor.cc:510] [0m[1;31mGet noise index not valid[0m[1;31m
[gzserver-2] [0m[1;31m[0m[1;31m[0m[1;31m[Err] [Sensor.cc:510] [0m[1;31mGet noise index not valid[0m[1;31m
[gzserver-2] [0m[1;31m[0m[1;31m[0m[1;31m[Err] [Sensor.cc:510] [0m[1;31mGet noise index not valid[0m[1;31m
[gzserver-2] [0m[1;31m[0m[1;31m[0mTopic [default//drone/base_footprint/down_camera/image] is not valid.
[gzserver-2] Topic [default//drone/base_footprint/front_camera/image] is not valid.
[gzserver-2] [INFO] [1773186561.025926583] [drone.collision_plugin]: Publishing contact states to [/drone/bumper_states]
[gzserver-2] [1;33m[Wrn] [Event.cc:61] [0m[1;33mWarning: Deleting a connection right after creation. [0m[1;33mMake sure to save the ConnectionPtr from a Connect call
[gzserver-2] [0m[INFO] [1773186561.587512574] [drone.camera_bottom]: Publishing camera info to [/drone/bottom/camera_info]
[gzserver-2] [INFO] [1773186561.591912440] [drone.camera_front]: Publishing camera info to [/drone/front/camera_info]
[spawn_drone-5] [INFO] [1773186561.600936536] [spawn_drone]: Result True SpawnEntity: Successfully spawned entity [/drone]
[gzserver-2] [INFO] [1773186561.717727462] [drone.simple_drone]: The drone plugin is loading!
[gzserver-2] [INFO] [1773186561.717932732] [drone.simple_drone]: pub_odom: 1
[gzserver-2] [INFO] [1773186561.717973008] [drone.simple_drone]: Using following parameters: 
[gzserver-2] 		link_name: base_footprint,
[gzserver-2] 		max_force: 30,
[gzserver-2] 		motion_small_noise: 0,
[gzserver-2] 		motion_drift_noise: 0,
[gzserver-2] 		motion_drift_noise_time: 50,
[gzserver-2] 		takeoff_hover_height: 1.83,
[gzserver-2] 		takeoff_vertical_speed: 0.2
[gzserver-2] [INFO] [1773186561.729858169] [drone.simple_drone]: Using the PID parameters: 
[gzserver-2] 	Roll Pitch:
[gzserver-2] 		kP: 10, kI: 0,kD: 5, Limit: 0.5, Time Constant: 0
[gzserver-2] 	Yaw:
[gzserver-2] 		kP: 2, kI: 0,kD: 1, Limit: 1.5, Time Constant: 0
[gzserver-2] 	Velocity X:
[gzserver-2] 		kP: 5, kI: 0,kD: 2.3, Limit: 2, Time Constant: 0
[gzserver-2] 	Velocity Y:
[gzserver-2] 		kP: 5, kI: 0,kD: 2.3, Limit: 2, Time Constant: 0
[gzserver-2] 	Velocity Z:
[gzserver-2] 		kP: 5, kI: 0,kD: 1, Limit: -1, Time Constant: 0
[gzserver-2] 	Position XY:
[gzserver-2] 		kP: 1.1, kI: 0,kD: 0, Limit: 5, Time Constant: 0
[gzserver-2] 	Position Z:
[gzserver-2] 		kP: 1, kI: 0,kD: 0.2, Limit: -1, Time Constant: 0
[gzserver-2] [INFO] [1773186561.729999068] [drone.simple_drone]: The drone plugin finished loading!
[INFO] [spawn_drone-5]: process has finished cleanly [pid 2490586]
[gzserver-2] [INFO] [1773186568.915014628] [gazebo_wind_plugin_node]: WindPlugin: set wind_speed=0.00 wind_direction=0.0
[gzserver-2] [INFO] [1773186569.189381394] [gazebo_wind_plugin_node]: WindPlugin: set wind_speed=0.00 wind_direction=0.0
[gzserver-2] [INFO] [1773186569.230475567] [drone.simple_drone]: Quadrotor takes off!!
[gzserver-2] [INFO] [1773186569.433855529] [gazebo_wind_plugin_node]: WindPlugin: set wind_speed=0.00 wind_direction=0.0
[gzserver-2] [INFO] [1773186569.676846094] [gazebo_wind_plugin_node]: WindPlugin: set wind_speed=0.00 wind_direction=0.0
[gzserver-2] [INFO] [1773186569.920291346] [gazebo_wind_plugin_node]: WindPlugin: set wind_speed=0.00 wind_direction=0.0
[gzserver-2] [INFO] [1773186570.159960877] [gazebo_wind_plugin_node]: WindPlugin: set wind_speed=0.00 wind_direction=0.0
[gzserver-2] [INFO] [1773186570.399309953] [gazebo_wind_plugin_node]: WindPlugin: set wind_speed=0.00 wind_direction=0.0
[gzserver-2] [INFO] [1773186570.638937558] [gazebo_wind_plugin_node]: WindPlugin: set wind_speed=0.00 wind_direction=0.0
[gzserver-2] [0m[1;36m[Dbg] [wind_plugin.cpp:110] [0m[1;36mWindPlugin: received command -> speed=[0m[1;36m0[0m[1;36m dir=[0m[1;36m0[0m[1;36m
[gzserver-2] [0m[1;36m[Dbg] [wind_plugin.cpp:110] [0m[1;36mWindPlugin: received command -> speed=[0m[1;36m0[0m[1;36m dir=[0m[1;36m0[0m[1;36m
[gzserver-2] [0m[1;36m[Dbg] [wind_plugin.cpp:110] [0m[1;36mWindPlugin: received command -> speed=[0m[1;36m0[0m[1;36m dir=[0m[1;36m0[0m[1;36m
[gzserver-2] [0m[1;36m[Dbg] [wind_plugin.cpp:110] [0m[1;36mWindPlugin: received command -> speed=[0m[1;36m0[0m[1;36m dir=[0m[1;36m0[0m[1;36m
[gzserver-2] [0m[1;36m[Dbg] [wind_plugin.cpp:110] [0m[1;36mWindPlugin: received command -> speed=[0m[1;36m0[0m[1;36m dir=[0m[1;36m0[0m[1;36m
[gzserver-2] [0m[1;36m[Dbg] [wind_plugin.cpp:110] [0m[1;36mWindPlugin: received command -> speed=[0m[1;36m0[0m[1;36m dir=[0m[1;36m0[0m[1;36m
[gzserver-2] [0m[1;36m[Dbg] [wind_plugin.cpp:110] [0m[1;36mWindPlugin: received command -> speed=[0m[1;36m0[0m[1;36m dir=[0m[1;36m0[0m[1;36m
[gzserver-2] [0m[1;36m[Dbg] [wind_plugin.cpp:110] [0m[1;36mWindPlugin: received command -> speed=[0m[1;36m0[0m[1;36m dir=[0m[1;36m0[0m[1;36m
[gzserver-2] [0mEntering flying model!
[gzserver-2] [INFO] [1773186570.877698249] [gazebo_wind_plugin_node]: WindPlugin: set wind_speed=0.00 wind_direction=0.0
[gzserver-2] [INFO] [1773186571.109125767] [gazebo_wind_plugin_node]: WindPlugin: set wind_speed=3.28 wind_direction=-45.0
[gzserver-2] [INFO] [1773186571.346622510] [gazebo_wind_plugin_node]: WindPlugin: set wind_speed=3.28 wind_direction=-45.0
[gzserver-2] [INFO] [1773186571.576362462] [gazebo_wind_plugin_node]: WindPlugin: set wind_speed=3.31 wind_direction=-44.3
[gzserver-2] [INFO] [1773186571.817590052] [gazebo_wind_plugin_node]: WindPlugin: set wind_speed=3.31 wind_direction=-44.3
[gzserver-2] [INFO] [1773186572.059687326] [gazebo_wind_plugin_node]: WindPlugin: set wind_speed=3.31 wind_direction=-44.3
[gzserver-2] [INFO] [1773186572.299297313] [gazebo_wind_plugin_node]: WindPlugin: set wind_speed=3.31 wind_direction=-44.3
[gzserver-2] [INFO] [1773186572.538846009] [gazebo_wind_plugin_node]: WindPlugin: set wind_speed=3.30 wind_direction=-44.6
[gzserver-2] [INFO] [1773186572.780095850] [gazebo_wind_plugin_node]: WindPlugin: set wind_speed=3.30 wind_direction=-44.6
[gzserver-2] [INFO] [1773186573.022441345] [gazebo_wind_plugin_node]: WindPlugin: set wind_speed=3.30 wind_direction=-44.6
[gzserver-2] [INFO] [1773186573.257096817] [gazebo_wind_plugin_node]: WindPlugin: set wind_speed=3.30 wind_direction=-44.6
[gzserver-2] [INFO] [1773186573.494236299] [gazebo_wind_plugin_node]: WindPlugin: set wind_speed=3.15 wind_direction=-43.3
[gzserver-2] [INFO] [1773186573.735218814] [gazebo_wind_plugin_node]: WindPlugin: set wind_speed=3.15 wind_direction=-43.3
[gzserver-2] [INFO] [1773186573.970218294] [gazebo_wind_plugin_node]: WindPlugin: set wind_speed=3.15 wind_direction=-43.3
[gzserver-2] [INFO] [1773186574.209947776] [gazebo_wind_plugin_node]: WindPlugin: set wind_speed=3.15 wind_direction=-43.3
[gzserver-2] [INFO] [1773186574.251497960] [drone.simple_drone]: Quadrotor lands!!
[gzserver-2] [INFO] [1773186574.454366782] [gazebo_wind_plugin_node]: WindPlugin: set wind_speed=3.31 wind_direction=-44.1
[gzserver-2] [INFO] [1773186574.692933632] [gazebo_wind_plugin_node]: WindPlugin: set wind_speed=3.31 wind_direction=-44.1
[gzserver-2] [INFO] [1773186574.934269178] [gazebo_wind_plugin_node]: WindPlugin: set wind_speed=3.31 wind_direction=-44.1
[gzserver-2] [INFO] [1773186575.174140494] [gazebo_wind_plugin_node]: WindPlugin: set wind_speed=3.31 wind_direction=-44.1
[gzserver-2] [1;36m[Dbg] [wind_plugin.cpp:110] [0m[1;36mWindPlugin: received command -> speed=[0m[1;36m0[0m[1;36m dir=[0m[1;36m0[0m[1;36m
[gzserver-2] [0m[1;36m[Dbg] [wind_plugin.cpp:110] [0m[1;36mWindPlugin: received command -> speed=[0m[1;36m3.28236[0m[1;36m dir=[0m[1;36m-45.0094[0m[1;36m
[gzserver-2] [0m[1;36m[Dbg] [wind_plugin.cpp:110] [0m[1;36mWindPlugin: received command -> speed=[0m[1;36m3.28236[0m[1;36m dir=[0m[1;36m-45.0094[0m[1;36m
[gzserver-2] [0m[1;36m[Dbg] [wind_plugin.cpp:110] [0m[1;36mWindPlugin: received command -> speed=[0m[1;36m3.31273[0m[1;36m dir=[0m[1;36m-44.2802[0m[1;36m
[gzserver-2] [0m[1;36m[Dbg] [wind_plugin.cpp:110] [0m[1;36mWindPlugin: received command -> speed=[0m[1;36m3.31273[0m[1;36m dir=[0m[1;36m-44.2802[0m[1;36m
[gzserver-2] [0m[1;36m[Dbg] [wind_plugin.cpp:110] [0m[1;36mWindPlugin: received command -> speed=[0m[1;36m3.31273[0m[1;36m dir=[0m[1;36m-44.2802[0m[1;36m
[gzserver-2] [0m[1;36m[Dbg] [wind_plugin.cpp:110] [0m[1;36mWindPlugin: received command -> speed=[0m[1;36m3.31273[0m[1;36m dir=[0m[1;36m-44.2802[0m[1;36m
[gzserver-2] [0m[1;36m[Dbg] [wind_plugin.cpp:110] [0m[1;36mWindPlugin: received command -> speed=[0m[1;36m3.29741[0m[1;36m dir=[0m[1;36m-44.6213[0m[1;36m
[gzserver-2] [0m[1;36m[Dbg] [wind_plugin.cpp:110] [0m[1;36mWindPlugin: received command -> speed=[0m[1;36m3.29741[0m[1;36m dir=[0m[1;36m-44.6213[0m[1;36m
[gzserver-2] [0m[1;36m[Dbg] [wind_plugin.cpp:110] [0m[1;36mWindPlugin: received command -> speed=[0m[1;36m3.29741[0m[1;36m dir=[0m[1;36m-44.6213[0m[1;36m
[gzserver-2] [0m[1;36m[Dbg] [wind_plugin.cpp:110] [0m[1;36mWindPlugin: received command -> speed=[0m[1;36m3.29741[0m[1;36m dir=[0m[1;36m-44.6213[0m[1;36m
[gzserver-2] [0m[1;36m[Dbg] [wind_plugin.cpp:110] [0m[1;36mWindPlugin: received command -> speed=[0m[1;36m3.14939[0m[1;36m dir=[0m[1;36m-43.337[0m[1;36m
[gzserver-2] [0m[1;36m[Dbg] [wind_plugin.cpp:110] [0m[1;36mWindPlugin: received command -> speed=[0m[1;36m3.14939[0m[1;36m dir=[0m[1;36m-43.337[0m[1;36m
[gzserver-2] [0m[1;36m[Dbg] [wind_plugin.cpp:110] [0m[1;36mWindPlugin: received command -> speed=[0m[1;36m3.14939[0m[1;36m dir=[0m[1;36m-43.337[0m[1;36m
[gzserver-2] [0m[1;36m[Dbg] [wind_plugin.cpp:110] [0m[1;36mWindPlugin: received command -> speed=[0m[1;36m3.14939[0m[1;36m dir=[0m[1;36m-43.337[0m[1;36m
[gzserver-2] [0m[1;36m[Dbg] [wind_plugin.cpp:110] [0m[1;36mWindPlugin: received command -> speed=[0m[1;36m3.31154[0m[1;36m dir=[0m[1;36m-44.0572[0m[1;36m
[gzserver-2] [0m[1;36m[Dbg] [wind_plugin.cpp:110] [0m[1;36mWindPlugin: received command -> speed=[0m[1;36m3.31154[0m[1;36m dir=[0m[1;36m-44.0572[0m[1;36m
[gzserver-2] [0m[1;36m[Dbg] [wind_plugin.cpp:110] [0m[1;36mWindPlugin: received command -> speed=[0m[1;36m3.31154[0m[1;36m dir=[0m[1;36m-44.0572[0m[1;36m
[gzserver-2] [0m[1;36m[Dbg] [wind_plugin.cpp:110] [0m[1;36mWindPlugin: received command -> speed=[0m[1;36m3.31154[0m[1;36m dir=[0m[1;36m-44.0572[0m[1;36m
[gzserver-2] [0mLanded!
[gzserver-2] [INFO] [1773186575.414038564] [gazebo_wind_plugin_node]: WindPlugin: set wind_speed=3.31 wind_direction=-44.1
[gzserver-2] [INFO] [1773186575.651529713] [gazebo_wind_plugin_node]: WindPlugin: set wind_speed=3.28 wind_direction=-44.6
[gzserver-2] [INFO] [1773186575.890961611] [gazebo_wind_plugin_node]: WindPlugin: set wind_speed=3.28 wind_direction=-44.6
[gzserver-2] [INFO] [1773186576.130501490] [gazebo_wind_plugin_node]: WindPlugin: set wind_speed=3.28 wind_direction=-44.6
[gzserver-2] [INFO] [1773186576.365761098] [gazebo_wind_plugin_node]: WindPlugin: set wind_speed=3.28 wind_direction=-44.6
[gzserver-2] [INFO] [1773186576.600350635] [gazebo_wind_plugin_node]: WindPlugin: set wind_speed=3.27 wind_direction=-43.3
[gzserver-2] [INFO] [1773186576.841968475] [gazebo_wind_plugin_node]: WindPlugin: set wind_speed=3.27 wind_direction=-43.3
[gzserver-2] [INFO] [1773186577.081411079] [gazebo_wind_plugin_node]: WindPlugin: set wind_speed=3.27 wind_direction=-43.3
