[INFO] [launch]: All log files can be found below /home/j/.ros/log/2026-03-10-15-02-24-458868-j-2653707
[INFO] [launch]: Default logging verbosity is set to INFO
[INFO] [launch.user]: [bringup] Apriltag config: camera=/drone/bottom, image=/drone/bottom/image_raw, tags=/drone/bottom/tags, bridge=/landing_tag_state, standalone=true, use_target_id=true, target_id=0
[INFO] [rviz2-1]: process started with pid [2653720]
[INFO] [gzserver-2]: process started with pid [2653722]
[INFO] [robot_state_publisher-3]: process started with pid [2653724]
[INFO] [joint_state_publisher-4]: process started with pid [2653726]
[INFO] [spawn_drone-5]: process started with pid [2653728]
[INFO] [static_transform_publisher-6]: process started with pid [2653730]
[INFO] [joy_node-7]: process started with pid [2653732]
[INFO] [teleop_joystick-8]: process started with pid [2653734]
[INFO] [apriltag_detector_node-9]: process started with pid [2653736]
[INFO] [apriltag_state_bridge-10]: process started with pid [2653739]
[static_transform_publisher-6] [WARN] [1773122544.933995127] []: Old-style arguments are deprecated; see --help for new-style arguments
[static_transform_publisher-6] [INFO] [1773122544.939075296] [static_transform_publisher_oBG75LwTO495HIbX]: Spinning until stopped - publishing transform
[static_transform_publisher-6] translation: ('0.000000', '0.000000', '0.000000')
[static_transform_publisher-6] rotation: ('0.000000', '0.000000', '0.000000', '1.000000')
[static_transform_publisher-6] from 'world' to '/drone/odom'
[robot_state_publisher-3] [INFO] [1773122544.961098745] [drone.robot_state_publisher]: got segment base_footprint
[robot_state_publisher-3] [INFO] [1773122544.961215243] [drone.robot_state_publisher]: got segment base_link
[robot_state_publisher-3] [INFO] [1773122544.961228545] [drone.robot_state_publisher]: got segment bottom_cam_link
[robot_state_publisher-3] [INFO] [1773122544.961236716] [drone.robot_state_publisher]: got segment front_cam_link
[robot_state_publisher-3] [INFO] [1773122544.961243570] [drone.robot_state_publisher]: got segment sonar_link
[apriltag_detector_node-9] [INFO] [1773122544.965711051] [apriltag_detector_node]: tag detector type: umich
[rviz2-1] 
[rviz2-1] (rviz2:2653720): dbind-WARNING **: 15:02:24.974: Couldn't connect to accessibility bus: Failed to connect to socket /root/.cache/at-spi/bus_0: 허가 거부
[teleop_joystick-8] Traceback (most recent call last):
[teleop_joystick-8]   File "/home/j/INCSL/IICC26_ws/install/sjtu_drone_control/lib/sjtu_drone_control/teleop_joystick", line 33, in <module>
[teleop_joystick-8]     sys.exit(load_entry_point('sjtu_drone_control==0.0.0', 'console_scripts', 'teleop_joystick')())
[teleop_joystick-8]   File "/home/j/INCSL/IICC26_ws/install/sjtu_drone_control/lib/sjtu_drone_control/teleop_joystick", line 22, in importlib_load_entry_point
[teleop_joystick-8]     for entry_point in distribution(dist_name).entry_points
[teleop_joystick-8]   File "/usr/lib/python3.10/importlib/metadata/__init__.py", line 969, in distribution
[teleop_joystick-8]     return Distribution.from_name(distribution_name)
[teleop_joystick-8]   File "/usr/lib/python3.10/importlib/metadata/__init__.py", line 548, in from_name
[teleop_joystick-8]     raise PackageNotFoundError(name)
[teleop_joystick-8] importlib.metadata.PackageNotFoundError: No package metadata was found for sjtu_drone_control
[ERROR] [teleop_joystick-8]: process has died [pid 2653734, exit code 1, cmd '/home/j/INCSL/IICC26_ws/install/sjtu_drone_control/lib/sjtu_drone_control/teleop_joystick --ros-args -r __ns:=/drone'].
[gzserver-2] Gazebo multi-robot simulator, version 11.10.2
[gzserver-2] Copyright (C) 2012 Open Source Robotics Foundation.
[gzserver-2] Released under the Apache 2 License.
[gzserver-2] http://gazebosim.org
[gzserver-2] 
[apriltag_state_bridge-10] [INFO] [1773122545.201304633] [apriltag_state_bridge]: AprilTag bridge started: /drone/bottom/tags -> /landing_tag_state, use_target_id=True, target_id=0
[joint_state_publisher-4] [INFO] [1773122545.215969021] [drone.joint_state_publisher]: Waiting for robot_description to be published on the robot_description topic...
[gzserver-2] [1;33m[Wrn] [gazebo_ros_init.cpp:178] [0m[1;33m
[gzserver-2] #     # ####### ####### ###  #####  #######
[gzserver-2] ##    # #     #    #     #  #     # #
[gzserver-2] # #   # #     #    #     #  #       #
[gzserver-2] #  #  # #     #    #     #  #       #####
[gzserver-2] #   # # #     #    #     #  #       #
[gzserver-2] #    ## #     #    #     #  #     # #
[gzserver-2] #     # #######    #    ###  #####  #######
[gzserver-2] 
[gzserver-2] This version of Gazebo, now called Gazebo classic, reaches end-of-life
[gzserver-2] in January 2025. Users are highly encouraged to migrate to the new Gazebo
[gzserver-2] using our migration guides (https://gazebosim.org/docs/latest/gazebo_classic_migration?utm_source=gazebo_ros_pkgs&utm_medium=cli)
[gzserver-2] 
[gzserver-2] [0m[1;33m
[rviz2-1] [INFO] [1773122545.753346141] [rviz2]: Stereo is NOT SUPPORTED
[rviz2-1] [INFO] [1773122545.753433007] [rviz2]: OpenGl version: 4.6 (GLSL 4.6)
[rviz2-1] [INFO] [1773122545.854589431] [rviz2]: Stereo is NOT SUPPORTED
[rviz2-1] [INFO] [1773122545.946299863] [rviz2]: Stereo is NOT SUPPORTED
[spawn_drone-5] [INFO] [1773122546.313337738] [spawn_drone]: Result False Entity pushed to spawn queue, but spawn service timed outwaiting for entity to appear in simulation under the name [/drone]
[gzserver-2] [1;32m[Msg] [0m[1;32mWaiting for master.[0m[1;32m
[gzserver-2] [0m[1;32m[0m[1;32m[0m[1;32m[Msg] [0m[1;32mConnected to gazebo master @ [0m[1;32mhttp://127.0.0.1:11345[0m[1;32m
[gzserver-2] [0m[1;32m[0m[1;32m[0m[1;32m[Msg] [0m[1;32mPublicized address: [0m[1;32m172.16.52.147[0m[1;32m
[gzserver-2] [0m[1;32m[0m[1;32m[0m[1;32m[Msg] [0m[1;32mLoading world file [[0m[1;32m/home/j/INCSL/IICC26_ws/install/sjtu_drone_description/share/sjtu_drone_description/worlds/landingPad.world[0m[1;32m][0m[1;32m
[gzserver-2] [0m[1;32m[0m[1;32m[0m[1;36m[Dbg] [wind_plugin.cpp:96] [0m[1;36mWindPlugin loaded: speed=[0m[1;36m0[0m[1;36m dir=[0m[1;36m0[0m[1;36m deg area=[0m[1;36m0.1[0m[1;36m coeff=[0m[1;36m1[0m[1;36m
[gzserver-2] [0m[1;33m[0m[1;33m[0m[1;31m[Err] [Sensor.cc:510] [0m[1;31mGet noise index not valid[0m[1;31m
[gzserver-2] [0m[1;31m[0m[1;31m[0m[1;31m[Err] [Sensor.cc:510] [0m[1;31mGet noise index not valid[0m[1;31m
[gzserver-2] [0m[1;31m[0m[1;31m[0m[1;31m[Err] [Sensor.cc:510] [0m[1;31mGet noise index not valid[0m[1;31m
[gzserver-2] [0m[1;31m[0m[1;31m[0m[1;31m[Err] [Sensor.cc:510] [0m[1;31mGet noise index not valid[0m[1;31m
[gzserver-2] [0m[1;31m[0m[1;31m[0m[1;31m[Err] [Sensor.cc:510] [0m[1;31mGet noise index not valid[0m[1;31m
[gzserver-2] [0m[1;31m[0m[1;31m[0m[1;31m[Err] [Sensor.cc:510] [0m[1;31mGet noise index not valid[0m[1;31m
[gzserver-2] [0m[1;31m[0m[1;31m[0mTopic [default//drone/base_footprint/down_camera/image] is not valid.
[gzserver-2] Topic [default//drone/base_footprint/front_camera/image] is not valid.
[gzserver-2] [INFO] [1773122546.344219951] [drone.collision_plugin]: Publishing contact states to [/drone/bumper_states]
[gzserver-2] [1;33m[Wrn] [Event.cc:61] [0m[1;33mWarning: Deleting a connection right after creation. [0m[1;33mMake sure to save the ConnectionPtr from a Connect call
[INFO] [spawn_drone-5]: process has finished cleanly [pid 2653728]
[gzserver-2] [0m[INFO] [1773122546.931842823] [drone.camera_bottom]: Publishing camera info to [/drone/bottom/camera_info]
[gzserver-2] [INFO] [1773122546.936548730] [drone.camera_front]: Publishing camera info to [/drone/front/camera_info]
[gzserver-2] [INFO] [1773122547.058226137] [drone.simple_drone]: The drone plugin is loading!
[gzserver-2] [INFO] [1773122547.058437154] [drone.simple_drone]: pub_odom: 1
[gzserver-2] [INFO] [1773122547.058469589] [drone.simple_drone]: Using following parameters: 
[gzserver-2] 		link_name: base_footprint,
[gzserver-2] 		max_force: 30,
[gzserver-2] 		motion_small_noise: 0,
[gzserver-2] 		motion_drift_noise: 0,
[gzserver-2] 		motion_drift_noise_time: 50,
[gzserver-2] 		takeoff_hover_height: 2.08,
[gzserver-2] 		takeoff_vertical_speed: 0.2
[gzserver-2] [INFO] [1773122547.069986268] [drone.simple_drone]: Using the PID parameters: 
[gzserver-2] 	Roll Pitch:
[gzserver-2] 		kP: 10, kI: 0,kD: 5, Limit: 0.5, Time Constant: 0
[gzserver-2] 	Yaw:
[gzserver-2] 		kP: 2, kI: 0,kD: 1, Limit: 1.5, Time Constant: 0
[gzserver-2] 	Velocity X:
[gzserver-2] 		kP: 5, kI: 0,kD: 2.3, Limit: 2, Time Constant: 0
[gzserver-2] 	Velocity Y:
[gzserver-2] 		kP: 5, kI: 0,kD: 2.3, Limit: 2, Time Constant: 0
[gzserver-2] 	Velocity Z:
[gzserver-2] 		kP: 5, kI: 0,kD: 1, Limit: -1, Time Constant: 0
[gzserver-2] 	Position XY:
[gzserver-2] 		kP: 1.1, kI: 0,kD: 0, Limit: 5, Time Constant: 0
[gzserver-2] 	Position Z:
[gzserver-2] 		kP: 1, kI: 0,kD: 0.2, Limit: -1, Time Constant: 0
[gzserver-2] [INFO] [1773122547.070127605] [drone.simple_drone]: The drone plugin finished loading!
[gzserver-2] [INFO] [1773122554.335578054] [gazebo_wind_plugin_node]: WindPlugin: set wind_speed=0.00 wind_direction=0.0
[gzserver-2] [INFO] [1773122554.650425924] [gazebo_wind_plugin_node]: WindPlugin: set wind_speed=0.00 wind_direction=0.0
[gzserver-2] [INFO] [1773122554.708476226] [drone.simple_drone]: Quadrotor takes off!!
[gzserver-2] [INFO] [1773122554.922420519] [gazebo_wind_plugin_node]: WindPlugin: set wind_speed=0.00 wind_direction=0.0
[gzserver-2] [INFO] [1773122555.177221797] [gazebo_wind_plugin_node]: WindPlugin: set wind_speed=0.00 wind_direction=0.0
[gzserver-2] [INFO] [1773122555.412520825] [gazebo_wind_plugin_node]: WindPlugin: set wind_speed=0.00 wind_direction=0.0
[gzserver-2] [INFO] [1773122555.649858356] [gazebo_wind_plugin_node]: WindPlugin: set wind_speed=0.00 wind_direction=0.0
[gzserver-2] [INFO] [1773122555.890329507] [gazebo_wind_plugin_node]: WindPlugin: set wind_speed=0.00 wind_direction=0.0
[gzserver-2] [INFO] [1773122556.139130885] [gazebo_wind_plugin_node]: WindPlugin: set wind_speed=0.00 wind_direction=0.0
[gzserver-2] [0m[1;36m[Dbg] [wind_plugin.cpp:110] [0m[1;36mWindPlugin: received command -> speed=[0m[1;36m0[0m[1;36m dir=[0m[1;36m0[0m[1;36m
[gzserver-2] [0m[1;36m[Dbg] [wind_plugin.cpp:110] [0m[1;36mWindPlugin: received command -> speed=[0m[1;36m0[0m[1;36m dir=[0m[1;36m0[0m[1;36m
[gzserver-2] [0m[1;36m[Dbg] [wind_plugin.cpp:110] [0m[1;36mWindPlugin: received command -> speed=[0m[1;36m0[0m[1;36m dir=[0m[1;36m0[0m[1;36m
[gzserver-2] [0m[1;36m[Dbg] [wind_plugin.cpp:110] [0m[1;36mWindPlugin: received command -> speed=[0m[1;36m0[0m[1;36m dir=[0m[1;36m0[0m[1;36m
[gzserver-2] [0m[1;36m[Dbg] [wind_plugin.cpp:110] [0m[1;36mWindPlugin: received command -> speed=[0m[1;36m0[0m[1;36m dir=[0m[1;36m0[0m[1;36m
[gzserver-2] [0m[1;36m[Dbg] [wind_plugin.cpp:110] [0m[1;36mWindPlugin: received command -> speed=[0m[1;36m0[0m[1;36m dir=[0m[1;36m0[0m[1;36m
[gzserver-2] [0m[1;36m[Dbg] [wind_plugin.cpp:110] [0m[1;36mWindPlugin: received command -> speed=[0m[1;36m0[0m[1;36m dir=[0m[1;36m0[0m[1;36m
[gzserver-2] [0m[1;36m[Dbg] [wind_plugin.cpp:110] [0m[1;36mWindPlugin: received command -> speed=[0m[1;36m0[0m[1;36m dir=[0m[1;36m0[0m[1;36m
[gzserver-2] [0mEntering flying model!
[gzserver-2] [INFO] [1773122556.400113897] [gazebo_wind_plugin_node]: WindPlugin: set wind_speed=0.00 wind_direction=0.0
[gzserver-2] [INFO] [1773122556.654310537] [gazebo_wind_plugin_node]: WindPlugin: set wind_speed=4.84 wind_direction=-61.7
[gzserver-2] [INFO] [1773122556.895135229] [gazebo_wind_plugin_node]: WindPlugin: set wind_speed=4.78 wind_direction=-63.5
[gzserver-2] [INFO] [1773122557.133700537] [gazebo_wind_plugin_node]: WindPlugin: set wind_speed=4.78 wind_direction=-63.5
[gzserver-2] [INFO] [1773122557.378564784] [gazebo_wind_plugin_node]: WindPlugin: set wind_speed=4.78 wind_direction=-63.5
[gzserver-2] [INFO] [1773122557.618277140] [gazebo_wind_plugin_node]: WindPlugin: set wind_speed=4.78 wind_direction=-63.5
[gzserver-2] [INFO] [1773122557.853236543] [gazebo_wind_plugin_node]: WindPlugin: set wind_speed=4.79 wind_direction=-62.4
[gzserver-2] [INFO] [1773122558.093372168] [gazebo_wind_plugin_node]: WindPlugin: set wind_speed=4.79 wind_direction=-62.4
[gzserver-2] [INFO] [1773122558.327448059] [gazebo_wind_plugin_node]: WindPlugin: set wind_speed=4.79 wind_direction=-62.4
[gzserver-2] [INFO] [1773122558.567804071] [gazebo_wind_plugin_node]: WindPlugin: set wind_speed=4.79 wind_direction=-62.4
[gzserver-2] [INFO] [1773122558.807448390] [gazebo_wind_plugin_node]: WindPlugin: set wind_speed=4.79 wind_direction=-62.4
[gzserver-2] [INFO] [1773122559.047746582] [gazebo_wind_plugin_node]: WindPlugin: set wind_speed=4.94 wind_direction=-63.6
[gzserver-2] [INFO] [1773122559.287802613] [gazebo_wind_plugin_node]: WindPlugin: set wind_speed=4.94 wind_direction=-63.6
[gzserver-2] [INFO] [1773122559.523796532] [gazebo_wind_plugin_node]: WindPlugin: set wind_speed=4.94 wind_direction=-63.6
[gzserver-2] [INFO] [1773122559.768818668] [gazebo_wind_plugin_node]: WindPlugin: set wind_speed=4.94 wind_direction=-63.6
[gzserver-2] [INFO] [1773122560.017422844] [gazebo_wind_plugin_node]: WindPlugin: set wind_speed=4.88 wind_direction=-63.8
[gzserver-2] [INFO] [1773122560.262466212] [gazebo_wind_plugin_node]: WindPlugin: set wind_speed=4.88 wind_direction=-63.8
[gzserver-2] [INFO] [1773122560.502248038] [gazebo_wind_plugin_node]: WindPlugin: set wind_speed=4.88 wind_direction=-63.8
[gzserver-2] [INFO] [1773122560.746264170] [gazebo_wind_plugin_node]: WindPlugin: set wind_speed=4.88 wind_direction=-63.8
[gzserver-2] [INFO] [1773122560.990944175] [gazebo_wind_plugin_node]: WindPlugin: set wind_speed=4.70 wind_direction=-62.4
[gzserver-2] [INFO] [1773122561.232865845] [gazebo_wind_plugin_node]: WindPlugin: set wind_speed=4.70 wind_direction=-62.4
[gzserver-2] [INFO] [1773122561.289347881] [drone.simple_drone]: Quadrotor lands!!
[gzserver-2] [INFO] [1773122561.498794922] [gazebo_wind_plugin_node]: WindPlugin: set wind_speed=4.70 wind_direction=-62.4
[gzserver-2] [INFO] [1773122561.753684921] [gazebo_wind_plugin_node]: WindPlugin: set wind_speed=4.70 wind_direction=-62.4
[gzserver-2] [INFO] [1773122562.011305953] [gazebo_wind_plugin_node]: WindPlugin: set wind_speed=4.72 wind_direction=-61.4
[gzserver-2] [INFO] [1773122562.258232127] [gazebo_wind_plugin_node]: WindPlugin: set wind_speed=4.72 wind_direction=-61.4
[gzserver-2] [1;36m[Dbg] [wind_plugin.cpp:110] [0m[1;36mWindPlugin: received command -> speed=[0m[1;36m0[0m[1;36m dir=[0m[1;36m0[0m[1;36m
[gzserver-2] [0m[1;36m[Dbg] [wind_plugin.cpp:110] [0m[1;36mWindPlugin: received command -> speed=[0m[1;36m4.84022[0m[1;36m dir=[0m[1;36m-61.7284[0m[1;36m
[gzserver-2] [0m[1;36m[Dbg] [wind_plugin.cpp:110] [0m[1;36mWindPlugin: received command -> speed=[0m[1;36m4.77977[0m[1;36m dir=[0m[1;36m-63.5101[0m[1;36m
[gzserver-2] [0m[1;36m[Dbg] [wind_plugin.cpp:110] [0m[1;36mWindPlugin: received command -> speed=[0m[1;36m4.77977[0m[1;36m dir=[0m[1;36m-63.5101[0m[1;36m
[gzserver-2] [0m[1;36m[Dbg] [wind_plugin.cpp:110] [0m[1;36mWindPlugin: received command -> speed=[0m[1;36m4.77977[0m[1;36m dir=[0m[1;36m-63.5101[0m[1;36m
[gzserver-2] [0m[1;36m[Dbg] [wind_plugin.cpp:110] [0m[1;36mWindPlugin: received command -> speed=[0m[1;36m4.77977[0m[1;36m dir=[0m[1;36m-63.5101[0m[1;36m
[gzserver-2] [0m[1;36m[Dbg] [wind_plugin.cpp:110] [0m[1;36mWindPlugin: received command -> speed=[0m[1;36m4.78633[0m[1;36m dir=[0m[1;36m-62.3622[0m[1;36m
[gzserver-2] [0m[1;36m[Dbg] [wind_plugin.cpp:110] [0m[1;36mWindPlugin: received command -> speed=[0m[1;36m4.78633[0m[1;36m dir=[0m[1;36m-62.3622[0m[1;36m
[gzserver-2] [0m[1;36m[Dbg] [wind_plugin.cpp:110] [0m[1;36mWindPlugin: received command -> speed=[0m[1;36m4.78633[0m[1;36m dir=[0m[1;36m-62.3622[0m[1;36m
[gzserver-2] [0m[1;36m[Dbg] [wind_plugin.cpp:110] [0m[1;36mWindPlugin: received command -> speed=[0m[1;36m4.78633[0m[1;36m dir=[0m[1;36m-62.3622[0m[1;36m
[gzserver-2] [0m[1;36m[Dbg] [wind_plugin.cpp:110] [0m[1;36mWindPlugin: received command -> speed=[0m[1;36m4.78633[0m[1;36m dir=[0m[1;36m-62.3622[0m[1;36m
[gzserver-2] [0m[1;36m[Dbg] [wind_plugin.cpp:110] [0m[1;36mWindPlugin: received command -> speed=[0m[1;36m4.93644[0m[1;36m dir=[0m[1;36m-63.6489[0m[1;36m
[gzserver-2] [0m[1;36m[Dbg] [wind_plugin.cpp:110] [0m[1;36mWindPlugin: received command -> speed=[0m[1;36m4.93644[0m[1;36m dir=[0m[1;36m-63.6489[0m[1;36m
[gzserver-2] [0m[1;36m[Dbg] [wind_plugin.cpp:110] [0m[1;36mWindPlugin: received command -> speed=[0m[1;36m4.93644[0m[1;36m dir=[0m[1;36m-63.6489[0m[1;36m
[gzserver-2] [0m[1;36m[Dbg] [wind_plugin.cpp:110] [0m[1;36mWindPlugin: received command -> speed=[0m[1;36m4.93644[0m[1;36m dir=[0m[1;36m-63.6489[0m[1;36m
[gzserver-2] [0m[1;36m[Dbg] [wind_plugin.cpp:110] [0m[1;36mWindPlugin: received command -> speed=[0m[1;36m4.87832[0m[1;36m dir=[0m[1;36m-63.8032[0m[1;36m
[gzserver-2] [0m[1;36m[Dbg] [wind_plugin.cpp:110] [0m[1;36mWindPlugin: received command -> speed=[0m[1;36m4.87832[0m[1;36m dir=[0m[1;36m-63.8032[0m[1;36m
[gzserver-2] [0m[1;36m[Dbg] [wind_plugin.cpp:110] [0m[1;36mWindPlugin: received command -> speed=[0m[1;36m4.87832[0m[1;36m dir=[0m[1;36m-63.8032[0m[1;36m
[gzserver-2] [0m[1;36m[Dbg] [wind_plugin.cpp:110] [0m[1;36mWindPlugin: received command -> speed=[0m[1;36m4.87832[0m[1;36m dir=[0m[1;36m-63.8032[0m[1;36m
[gzserver-2] [0m[1;36m[Dbg] [wind_plugin.cpp:110] [0m[1;36mWindPlugin: received command -> speed=[0m[1;36m4.69754[0m[1;36m dir=[0m[1;36m-62.3629[0m[1;36m
[gzserver-2] [0m[1;36m[Dbg] [wind_plugin.cpp:110] [0m[1;36mWindPlugin: received command -> speed=[0m[1;36m4.69754[0m[1;36m dir=[0m[1;36m-62.3629[0m[1;36m
[gzserver-2] [0m[1;36m[Dbg] [wind_plugin.cpp:110] [0m[1;36mWindPlugin: received command -> speed=[0m[1;36m4.69754[0m[1;36m dir=[0m[1;36m-62.3629[0m[1;36m
[gzserver-2] [0m[1;36m[Dbg] [wind_plugin.cpp:110] [0m[1;36mWindPlugin: received command -> speed=[0m[1;36m4.69754[0m[1;36m dir=[0m[1;36m-62.3629[0m[1;36m
[gzserver-2] [0m[1;36m[Dbg] [wind_plugin.cpp:110] [0m[1;36mWindPlugin: received command -> speed=[0m[1;36m4.72051[0m[1;36m dir=[0m[1;36m-61.3539[0m[1;36m
[gzserver-2] [0m[1;36m[Dbg] [wind_plugin.cpp:110] [0m[1;36mWindPlugin: received command -> speed=[0m[1;36m4.72051[0m[1;36m dir=[0m[1;36m-61.3539[0m[1;36m
[gzserver-2] [0mLanded!
[gzserver-2] [INFO] [1773122562.502779897] [gazebo_wind_plugin_node]: WindPlugin: set wind_speed=4.72 wind_direction=-61.4
[gzserver-2] [INFO] [1773122562.732790128] [gazebo_wind_plugin_node]: WindPlugin: set wind_speed=4.72 wind_direction=-61.4
[gzserver-2] [INFO] [1773122562.967368376] [gazebo_wind_plugin_node]: WindPlugin: set wind_speed=4.78 wind_direction=-63.0
[gzserver-2] [INFO] [1773122563.209357246] [gazebo_wind_plugin_node]: WindPlugin: set wind_speed=4.78 wind_direction=-63.0
[gzserver-2] [INFO] [1773122563.448876812] [gazebo_wind_plugin_node]: WindPlugin: set wind_speed=4.78 wind_direction=-63.0
[gzserver-2] [INFO] [1773122563.683354026] [gazebo_wind_plugin_node]: WindPlugin: set wind_speed=4.78 wind_direction=-63.0
[gzserver-2] [INFO] [1773122563.918035810] [gazebo_wind_plugin_node]: WindPlugin: set wind_speed=4.83 wind_direction=-62.7
[gzserver-2] [INFO] [1773122564.152632777] [gazebo_wind_plugin_node]: WindPlugin: set wind_speed=4.83 wind_direction=-62.7
