[INFO] [launch]: All log files can be found below /home/j/.ros/log/2026-03-10-14-16-39-389695-j-2216736
[INFO] [launch]: Default logging verbosity is set to INFO
[INFO] [launch.user]: [bringup] Apriltag config: camera=/drone/bottom, image=/drone/bottom/image_raw, tags=/drone/bottom/tags, bridge=/landing_tag_state, standalone=true, use_target_id=true, target_id=0
[INFO] [rviz2-1]: process started with pid [2216737]
[INFO] [gzserver-2]: process started with pid [2216739]
[INFO] [robot_state_publisher-3]: process started with pid [2216741]
[INFO] [joint_state_publisher-4]: process started with pid [2216743]
[INFO] [spawn_drone-5]: process started with pid [2216745]
[INFO] [static_transform_publisher-6]: process started with pid [2216747]
[INFO] [joy_node-7]: process started with pid [2216749]
[INFO] [teleop_joystick-8]: process started with pid [2216751]
[INFO] [apriltag_detector_node-9]: process started with pid [2216753]
[INFO] [apriltag_state_bridge-10]: process started with pid [2216756]
[static_transform_publisher-6] [WARN] [1773119799.861693881] []: Old-style arguments are deprecated; see --help for new-style arguments
[static_transform_publisher-6] [INFO] [1773119799.866378371] [static_transform_publisher_rBXyYwbjR9QYvu0y]: Spinning until stopped - publishing transform
[static_transform_publisher-6] translation: ('0.000000', '0.000000', '0.000000')
[static_transform_publisher-6] rotation: ('0.000000', '0.000000', '0.000000', '1.000000')
[static_transform_publisher-6] from 'world' to '/drone/odom'
[robot_state_publisher-3] [INFO] [1773119799.885638642] [drone.robot_state_publisher]: got segment base_footprint
[robot_state_publisher-3] [INFO] [1773119799.885705689] [drone.robot_state_publisher]: got segment base_link
[robot_state_publisher-3] [INFO] [1773119799.885711776] [drone.robot_state_publisher]: got segment bottom_cam_link
[robot_state_publisher-3] [INFO] [1773119799.885715038] [drone.robot_state_publisher]: got segment front_cam_link
[robot_state_publisher-3] [INFO] [1773119799.885717898] [drone.robot_state_publisher]: got segment sonar_link
[rviz2-1] 
[rviz2-1] (rviz2:2216737): dbind-WARNING **: 14:16:39.903: Couldn't connect to accessibility bus: Failed to connect to socket /root/.cache/at-spi/bus_0: 허가 거부
[apriltag_detector_node-9] [INFO] [1773119799.910945284] [apriltag_detector_node]: tag detector type: umich
[teleop_joystick-8] Traceback (most recent call last):
[teleop_joystick-8]   File "/home/j/INCSL/IICC26_ws/install/sjtu_drone_control/lib/sjtu_drone_control/teleop_joystick", line 33, in <module>
[teleop_joystick-8]     sys.exit(load_entry_point('sjtu_drone_control==0.0.0', 'console_scripts', 'teleop_joystick')())
[teleop_joystick-8]   File "/home/j/INCSL/IICC26_ws/install/sjtu_drone_control/lib/sjtu_drone_control/teleop_joystick", line 22, in importlib_load_entry_point
[teleop_joystick-8]     for entry_point in distribution(dist_name).entry_points
[teleop_joystick-8]   File "/usr/lib/python3.10/importlib/metadata/__init__.py", line 969, in distribution
[teleop_joystick-8]     return Distribution.from_name(distribution_name)
[teleop_joystick-8]   File "/usr/lib/python3.10/importlib/metadata/__init__.py", line 548, in from_name
[teleop_joystick-8]     raise PackageNotFoundError(name)
[teleop_joystick-8] importlib.metadata.PackageNotFoundError: No package metadata was found for sjtu_drone_control
[ERROR] [teleop_joystick-8]: process has died [pid 2216751, exit code 1, cmd '/home/j/INCSL/IICC26_ws/install/sjtu_drone_control/lib/sjtu_drone_control/teleop_joystick --ros-args -r __ns:=/drone'].
[gzserver-2] Gazebo multi-robot simulator, version 11.10.2
[gzserver-2] Copyright (C) 2012 Open Source Robotics Foundation.
[gzserver-2] Released under the Apache 2 License.
[gzserver-2] http://gazebosim.org
[gzserver-2] 
[joint_state_publisher-4] [INFO] [1773119800.121416455] [drone.joint_state_publisher]: Waiting for robot_description to be published on the robot_description topic...
[apriltag_state_bridge-10] [INFO] [1773119800.122909580] [apriltag_state_bridge]: AprilTag bridge started: /drone/bottom/tags -> /landing_tag_state, use_target_id=True, target_id=0
[gzserver-2] [1;33m[Wrn] [gazebo_ros_init.cpp:178] [0m[1;33m
[gzserver-2] #     # ####### ####### ###  #####  #######
[gzserver-2] ##    # #     #    #     #  #     # #
[gzserver-2] # #   # #     #    #     #  #       #
[gzserver-2] #  #  # #     #    #     #  #       #####
[gzserver-2] #   # # #     #    #     #  #       #
[gzserver-2] #    ## #     #    #     #  #     # #
[gzserver-2] #     # #######    #    ###  #####  #######
[gzserver-2] 
[gzserver-2] This version of Gazebo, now called Gazebo classic, reaches end-of-life
[gzserver-2] in January 2025. Users are highly encouraged to migrate to the new Gazebo
[gzserver-2] using our migration guides (https://gazebosim.org/docs/latest/gazebo_classic_migration?utm_source=gazebo_ros_pkgs&utm_medium=cli)
[gzserver-2] 
[gzserver-2] [0m[1;33m
[rviz2-1] [INFO] [1773119800.652607844] [rviz2]: Stereo is NOT SUPPORTED
[rviz2-1] [INFO] [1773119800.652695944] [rviz2]: OpenGl version: 4.6 (GLSL 4.6)
[rviz2-1] [INFO] [1773119800.729880115] [rviz2]: Stereo is NOT SUPPORTED
[rviz2-1] [INFO] [1773119800.818020300] [rviz2]: Stereo is NOT SUPPORTED
[spawn_drone-5] [INFO] [1773119801.249782080] [spawn_drone]: Result False Entity pushed to spawn queue, but spawn service timed outwaiting for entity to appear in simulation under the name [/drone]
[gzserver-2] [1;32m[Msg] [0m[1;32mWaiting for master.[0m[1;32m
[gzserver-2] [0m[1;32m[0m[1;32m[0m[1;32m[Msg] [0m[1;32mConnected to gazebo master @ [0m[1;32mhttp://127.0.0.1:11345[0m[1;32m
[gzserver-2] [0m[1;32m[0m[1;32m[0m[1;32m[Msg] [0m[1;32mPublicized address: [0m[1;32m172.16.52.147[0m[1;32m
[gzserver-2] [0m[1;32m[0m[1;32m[0m[1;32m[Msg] [0m[1;32mLoading world file [[0m[1;32m/home/j/INCSL/IICC26_ws/install/sjtu_drone_description/share/sjtu_drone_description/worlds/landingPad.world[0m[1;32m][0m[1;32m
[gzserver-2] [0m[1;32m[0m[1;32m[0m[1;36m[Dbg] [wind_plugin.cpp:96] [0m[1;36mWindPlugin loaded: speed=[0m[1;36m0[0m[1;36m dir=[0m[1;36m0[0m[1;36m deg area=[0m[1;36m0.1[0m[1;36m coeff=[0m[1;36m1[0m[1;36m
[gzserver-2] [0m[1;33m[0m[1;33m[0m[1;31m[Err] [Sensor.cc:510] [0m[1;31mGet noise index not valid[0m[1;31m
[gzserver-2] [0m[1;31m[0m[1;31m[0m[1;31m[Err] [Sensor.cc:510] [0m[1;31mGet noise index not valid[0m[1;31m
[gzserver-2] [0m[1;31m[0m[1;31m[0m[1;31m[Err] [Sensor.cc:510] [0m[1;31mGet noise index not valid[0m[1;31m
[gzserver-2] [0m[1;31m[0m[1;31m[0m[1;31m[Err] [Sensor.cc:510] [0m[1;31mGet noise index not valid[0m[1;31m
[gzserver-2] [0m[1;31m[0m[1;31m[0m[1;31m[Err] [Sensor.cc:510] [0m[1;31mGet noise index not valid[0m[1;31m
[gzserver-2] [0m[1;31m[0m[1;31m[0m[1;31m[Err] [Sensor.cc:510] [0m[1;31mGet noise index not valid[0m[1;31m
[gzserver-2] [0m[1;31m[0m[1;31m[0mTopic [default//drone/base_footprint/down_camera/image] is not valid.
[gzserver-2] [INFO] [1773119801.279463724] [drone.collision_plugin]: Publishing contact states to [/drone/bumper_states]
[gzserver-2] Topic [default//drone/base_footprint/front_camera/image] is not valid.
[gzserver-2] [1;33m[Wrn] [Event.cc:61] [0m[1;33mWarning: Deleting a connection right after creation. [0m[1;33mMake sure to save the ConnectionPtr from a Connect call
[INFO] [spawn_drone-5]: process has finished cleanly [pid 2216745]
[gzserver-2] [0m[INFO] [1773119801.845915543] [drone.camera_bottom]: Publishing camera info to [/drone/bottom/camera_info]
[gzserver-2] [INFO] [1773119801.848728979] [drone.camera_front]: Publishing camera info to [/drone/front/camera_info]
[gzserver-2] [INFO] [1773119801.970770934] [drone.simple_drone]: The drone plugin is loading!
[gzserver-2] [INFO] [1773119801.970977885] [drone.simple_drone]: pub_odom: 1
[gzserver-2] [INFO] [1773119801.971011676] [drone.simple_drone]: Using following parameters: 
[gzserver-2] 		link_name: base_footprint,
[gzserver-2] 		max_force: 30,
[gzserver-2] 		motion_small_noise: 0,
[gzserver-2] 		motion_drift_noise: 0,
[gzserver-2] 		motion_drift_noise_time: 50,
[gzserver-2] 		takeoff_hover_height: 2.3,
[gzserver-2] 		takeoff_vertical_speed: 0.2
[gzserver-2] [INFO] [1773119801.982456404] [drone.simple_drone]: Using the PID parameters: 
[gzserver-2] 	Roll Pitch:
[gzserver-2] 		kP: 10, kI: 0,kD: 5, Limit: 0.5, Time Constant: 0
[gzserver-2] 	Yaw:
[gzserver-2] 		kP: 2, kI: 0,kD: 1, Limit: 1.5, Time Constant: 0
[gzserver-2] 	Velocity X:
[gzserver-2] 		kP: 5, kI: 0,kD: 2.3, Limit: 2, Time Constant: 0
[gzserver-2] 	Velocity Y:
[gzserver-2] 		kP: 5, kI: 0,kD: 2.3, Limit: 2, Time Constant: 0
[gzserver-2] 	Velocity Z:
[gzserver-2] 		kP: 5, kI: 0,kD: 1, Limit: -1, Time Constant: 0
[gzserver-2] 	Position XY:
[gzserver-2] 		kP: 1.1, kI: 0,kD: 0, Limit: 5, Time Constant: 0
[gzserver-2] 	Position Z:
[gzserver-2] 		kP: 1, kI: 0,kD: 0.2, Limit: -1, Time Constant: 0
[gzserver-2] [INFO] [1773119801.982591960] [drone.simple_drone]: The drone plugin finished loading!
[gzserver-2] [INFO] [1773119809.225382073] [gazebo_wind_plugin_node]: WindPlugin: set wind_speed=0.00 wind_direction=0.0
[gzserver-2] [INFO] [1773119809.496254300] [gazebo_wind_plugin_node]: WindPlugin: set wind_speed=0.00 wind_direction=0.0
[gzserver-2] [INFO] [1773119809.524108890] [drone.simple_drone]: Quadrotor takes off!!
[gzserver-2] [INFO] [1773119809.727261280] [gazebo_wind_plugin_node]: WindPlugin: set wind_speed=0.00 wind_direction=0.0
[gzserver-2] [INFO] [1773119809.966618858] [gazebo_wind_plugin_node]: WindPlugin: set wind_speed=0.00 wind_direction=0.0
[gzserver-2] [INFO] [1773119810.205734204] [gazebo_wind_plugin_node]: WindPlugin: set wind_speed=0.00 wind_direction=0.0
[gzserver-2] [INFO] [1773119810.445023570] [gazebo_wind_plugin_node]: WindPlugin: set wind_speed=0.00 wind_direction=0.0
[gzserver-2] [INFO] [1773119810.680026618] [gazebo_wind_plugin_node]: WindPlugin: set wind_speed=0.00 wind_direction=0.0
[gzserver-2] [INFO] [1773119810.919623202] [gazebo_wind_plugin_node]: WindPlugin: set wind_speed=0.00 wind_direction=0.0
[gzserver-2] [INFO] [1773119811.159127318] [gazebo_wind_plugin_node]: WindPlugin: set wind_speed=0.00 wind_direction=0.0
[gzserver-2] [0m[1;36m[Dbg] [wind_plugin.cpp:110] [0m[1;36mWindPlugin: received command -> speed=[0m[1;36m0[0m[1;36m dir=[0m[1;36m0[0m[1;36m
[gzserver-2] [0m[1;36m[Dbg] [wind_plugin.cpp:110] [0m[1;36mWindPlugin: received command -> speed=[0m[1;36m0[0m[1;36m dir=[0m[1;36m0[0m[1;36m
[gzserver-2] [0m[1;36m[Dbg] [wind_plugin.cpp:110] [0m[1;36mWindPlugin: received command -> speed=[0m[1;36m0[0m[1;36m dir=[0m[1;36m0[0m[1;36m
[gzserver-2] [0m[1;36m[Dbg] [wind_plugin.cpp:110] [0m[1;36mWindPlugin: received command -> speed=[0m[1;36m0[0m[1;36m dir=[0m[1;36m0[0m[1;36m
[gzserver-2] [0m[1;36m[Dbg] [wind_plugin.cpp:110] [0m[1;36mWindPlugin: received command -> speed=[0m[1;36m0[0m[1;36m dir=[0m[1;36m0[0m[1;36m
[gzserver-2] [0m[1;36m[Dbg] [wind_plugin.cpp:110] [0m[1;36mWindPlugin: received command -> speed=[0m[1;36m0[0m[1;36m dir=[0m[1;36m0[0m[1;36m
[gzserver-2] [0m[1;36m[Dbg] [wind_plugin.cpp:110] [0m[1;36mWindPlugin: received command -> speed=[0m[1;36m0[0m[1;36m dir=[0m[1;36m0[0m[1;36m
[gzserver-2] [0m[1;36m[Dbg] [wind_plugin.cpp:110] [0m[1;36mWindPlugin: received command -> speed=[0m[1;36m0[0m[1;36m dir=[0m[1;36m0[0m[1;36m
[gzserver-2] [0m[1;36m[Dbg] [wind_plugin.cpp:110] [0m[1;36mWindPlugin: received command -> speed=[0m[1;36m0[0m[1;36m dir=[0m[1;36m0[0m[1;36m
[gzserver-2] [0mEntering flying model!
[gzserver-2] [INFO] [1773119811.400950544] [gazebo_wind_plugin_node]: WindPlugin: set wind_speed=0.00 wind_direction=0.0
[gzserver-2] [INFO] [1773119811.634595535] [gazebo_wind_plugin_node]: WindPlugin: set wind_speed=1.17 wind_direction=-121.2
[gzserver-2] [INFO] [1773119811.873899664] [gazebo_wind_plugin_node]: WindPlugin: set wind_speed=1.10 wind_direction=-122.4
[gzserver-2] [INFO] [1773119812.115049647] [gazebo_wind_plugin_node]: WindPlugin: set wind_speed=1.10 wind_direction=-122.4
[gzserver-2] [INFO] [1773119812.350295628] [gazebo_wind_plugin_node]: WindPlugin: set wind_speed=1.10 wind_direction=-122.4
[gzserver-2] [INFO] [1773119812.584948890] [gazebo_wind_plugin_node]: WindPlugin: set wind_speed=1.10 wind_direction=-122.4
[gzserver-2] [INFO] [1773119812.824606799] [gazebo_wind_plugin_node]: WindPlugin: set wind_speed=1.37 wind_direction=-118.7
[gzserver-2] [INFO] [1773119813.058882146] [gazebo_wind_plugin_node]: WindPlugin: set wind_speed=1.37 wind_direction=-118.7
[gzserver-2] [INFO] [1773119813.298665854] [gazebo_wind_plugin_node]: WindPlugin: set wind_speed=1.37 wind_direction=-118.7
[gzserver-2] [INFO] [1773119813.538347790] [gazebo_wind_plugin_node]: WindPlugin: set wind_speed=1.37 wind_direction=-118.7
[gzserver-2] [INFO] [1773119813.773827601] [gazebo_wind_plugin_node]: WindPlugin: set wind_speed=1.39 wind_direction=-124.1
[gzserver-2] [INFO] [1773119814.014588496] [gazebo_wind_plugin_node]: WindPlugin: set wind_speed=1.39 wind_direction=-124.1
[gzserver-2] [INFO] [1773119814.248334329] [gazebo_wind_plugin_node]: WindPlugin: set wind_speed=1.39 wind_direction=-124.1
[gzserver-2] [INFO] [1773119814.487711002] [gazebo_wind_plugin_node]: WindPlugin: set wind_speed=1.39 wind_direction=-124.1
[gzserver-2] [INFO] [1773119814.721894683] [gazebo_wind_plugin_node]: WindPlugin: set wind_speed=1.39 wind_direction=-124.1
[gzserver-2] [INFO] [1773119814.962730704] [gazebo_wind_plugin_node]: WindPlugin: set wind_speed=1.53 wind_direction=-123.1
[gzserver-2] [INFO] [1773119815.204807343] [gazebo_wind_plugin_node]: WindPlugin: set wind_speed=1.53 wind_direction=-123.1
[gzserver-2] [INFO] [1773119815.237824837] [drone.simple_drone]: Quadrotor lands!!
[gzserver-2] [INFO] [1773119815.439225176] [gazebo_wind_plugin_node]: WindPlugin: set wind_speed=1.53 wind_direction=-123.1
[gzserver-2] [INFO] [1773119815.680849112] [gazebo_wind_plugin_node]: WindPlugin: set wind_speed=1.53 wind_direction=-123.1
[gzserver-2] [INFO] [1773119815.921097251] [gazebo_wind_plugin_node]: WindPlugin: set wind_speed=1.24 wind_direction=-121.3
[gzserver-2] [INFO] [1773119816.155376012] [gazebo_wind_plugin_node]: WindPlugin: set wind_speed=1.24 wind_direction=-121.3
[gzserver-2] [1;36m[Dbg] [wind_plugin.cpp:110] [0m[1;36mWindPlugin: received command -> speed=[0m[1;36m0[0m[1;36m dir=[0m[1;36m0[0m[1;36m
[gzserver-2] [0m[1;36m[Dbg] [wind_plugin.cpp:110] [0m[1;36mWindPlugin: received command -> speed=[0m[1;36m1.17467[0m[1;36m dir=[0m[1;36m-121.179[0m[1;36m
[gzserver-2] [0m[1;36m[Dbg] [wind_plugin.cpp:110] [0m[1;36mWindPlugin: received command -> speed=[0m[1;36m1.09614[0m[1;36m dir=[0m[1;36m-122.356[0m[1;36m
[gzserver-2] [0m[1;36m[Dbg] [wind_plugin.cpp:110] [0m[1;36mWindPlugin: received command -> speed=[0m[1;36m1.09614[0m[1;36m dir=[0m[1;36m-122.356[0m[1;36m
[gzserver-2] [0m[1;36m[Dbg] [wind_plugin.cpp:110] [0m[1;36mWindPlugin: received command -> speed=[0m[1;36m1.09614[0m[1;36m dir=[0m[1;36m-122.356[0m[1;36m
[gzserver-2] [0m[1;36m[Dbg] [wind_plugin.cpp:110] [0m[1;36mWindPlugin: received command -> speed=[0m[1;36m1.09614[0m[1;36m dir=[0m[1;36m-122.356[0m[1;36m
[gzserver-2] [0m[1;36m[Dbg] [wind_plugin.cpp:110] [0m[1;36mWindPlugin: received command -> speed=[0m[1;36m1.37166[0m[1;36m dir=[0m[1;36m-118.719[0m[1;36m
[gzserver-2] [0m[1;36m[Dbg] [wind_plugin.cpp:110] [0m[1;36mWindPlugin: received command -> speed=[0m[1;36m1.37166[0m[1;36m dir=[0m[1;36m-118.719[0m[1;36m
[gzserver-2] [0m[1;36m[Dbg] [wind_plugin.cpp:110] [0m[1;36mWindPlugin: received command -> speed=[0m[1;36m1.37166[0m[1;36m dir=[0m[1;36m-118.719[0m[1;36m
[gzserver-2] [0m[1;36m[Dbg] [wind_plugin.cpp:110] [0m[1;36mWindPlugin: received command -> speed=[0m[1;36m1.37166[0m[1;36m dir=[0m[1;36m-118.719[0m[1;36m
[gzserver-2] [0m[1;36m[Dbg] [wind_plugin.cpp:110] [0m[1;36mWindPlugin: received command -> speed=[0m[1;36m1.39358[0m[1;36m dir=[0m[1;36m-124.126[0m[1;36m
[gzserver-2] [0m[1;36m[Dbg] [wind_plugin.cpp:110] [0m[1;36mWindPlugin: received command -> speed=[0m[1;36m1.39358[0m[1;36m dir=[0m[1;36m-124.126[0m[1;36m
[gzserver-2] [0m[1;36m[Dbg] [wind_plugin.cpp:110] [0m[1;36mWindPlugin: received command -> speed=[0m[1;36m1.39358[0m[1;36m dir=[0m[1;36m-124.126[0m[1;36m
[gzserver-2] [0m[1;36m[Dbg] [wind_plugin.cpp:110] [0m[1;36mWindPlugin: received command -> speed=[0m[1;36m1.39358[0m[1;36m dir=[0m[1;36m-124.126[0m[1;36m
[gzserver-2] [0m[1;36m[Dbg] [wind_plugin.cpp:110] [0m[1;36mWindPlugin: received command -> speed=[0m[1;36m1.39358[0m[1;36m dir=[0m[1;36m-124.126[0m[1;36m
[gzserver-2] [0m[1;36m[Dbg] [wind_plugin.cpp:110] [0m[1;36mWindPlugin: received command -> speed=[0m[1;36m1.53348[0m[1;36m dir=[0m[1;36m-123.101[0m[1;36m
[gzserver-2] [0m[1;36m[Dbg] [wind_plugin.cpp:110] [0m[1;36mWindPlugin: received command -> speed=[0m[1;36m1.53348[0m[1;36m dir=[0m[1;36m-123.101[0m[1;36m
[gzserver-2] [0m[1;36m[Dbg] [wind_plugin.cpp:110] [0m[1;36mWindPlugin: received command -> speed=[0m[1;36m1.53348[0m[1;36m dir=[0m[1;36m-123.101[0m[1;36m
[gzserver-2] [0m[1;36m[Dbg] [wind_plugin.cpp:110] [0m[1;36mWindPlugin: received command -> speed=[0m[1;36m1.53348[0m[1;36m dir=[0m[1;36m-123.101[0m[1;36m
[gzserver-2] [0m[1;36m[Dbg] [wind_plugin.cpp:110] [0m[1;36mWindPlugin: received command -> speed=[0m[1;36m1.24427[0m[1;36m dir=[0m[1;36m-121.256[0m[1;36m
[gzserver-2] [0m[1;36m[Dbg] [wind_plugin.cpp:110] [0m[1;36mWindPlugin: received command -> speed=[0m[1;36m1.24427[0m[1;36m dir=[0m[1;36m-121.256[0m[1;36m
[gzserver-2] [0mLanded!
[gzserver-2] [INFO] [1773119816.390116469] [gazebo_wind_plugin_node]: WindPlugin: set wind_speed=1.24 wind_direction=-121.3
[gzserver-2] [INFO] [1773119816.630101170] [gazebo_wind_plugin_node]: WindPlugin: set wind_speed=1.24 wind_direction=-121.3
[gzserver-2] [INFO] [1773119816.869428818] [gazebo_wind_plugin_node]: WindPlugin: set wind_speed=1.29 wind_direction=-118.6
[gzserver-2] [INFO] [1773119817.110615551] [gazebo_wind_plugin_node]: WindPlugin: set wind_speed=1.29 wind_direction=-118.6
[gzserver-2] [INFO] [1773119817.350531598] [gazebo_wind_plugin_node]: WindPlugin: set wind_speed=1.29 wind_direction=-118.6
[gzserver-2] [INFO] [1773119817.592833776] [gazebo_wind_plugin_node]: WindPlugin: set wind_speed=1.29 wind_direction=-118.6
[gzserver-2] [INFO] [1773119817.835216449] [gazebo_wind_plugin_node]: WindPlugin: set wind_speed=1.20 wind_direction=-117.3
[gzserver-2] [INFO] [1773119818.075266856] [gazebo_wind_plugin_node]: WindPlugin: set wind_speed=1.20 wind_direction=-117.3
