[INFO] [launch]: All log files can be found below /home/j/.ros/log/2026-03-10-23-43-34-384314-j-1888919
[INFO] [launch]: Default logging verbosity is set to INFO
[INFO] [launch.user]: [bringup] Apriltag config: camera=/drone/bottom, image=/drone/bottom/image_raw, tags=/drone/bottom/tags, bridge=/landing_tag_state, standalone=true, use_target_id=true, target_id=0
[INFO] [rviz2-1]: process started with pid [1888922]
[INFO] [gzserver-2]: process started with pid [1888924]
[INFO] [robot_state_publisher-3]: process started with pid [1888926]
[INFO] [joint_state_publisher-4]: process started with pid [1888928]
[INFO] [spawn_drone-5]: process started with pid [1888930]
[INFO] [static_transform_publisher-6]: process started with pid [1888932]
[INFO] [joy_node-7]: process started with pid [1888934]
[INFO] [teleop_joystick-8]: process started with pid [1888936]
[INFO] [apriltag_detector_node-9]: process started with pid [1888938]
[INFO] [apriltag_state_bridge-10]: process started with pid [1888941]
[static_transform_publisher-6] [WARN] [1773153814.859043335] []: Old-style arguments are deprecated; see --help for new-style arguments
[static_transform_publisher-6] [INFO] [1773153814.866396977] [static_transform_publisher_nBLJ2Zuh1bvdCWa2]: Spinning until stopped - publishing transform
[static_transform_publisher-6] translation: ('0.000000', '0.000000', '0.000000')
[static_transform_publisher-6] rotation: ('0.000000', '0.000000', '0.000000', '1.000000')
[static_transform_publisher-6] from 'world' to '/drone/odom'
[robot_state_publisher-3] [INFO] [1773153814.883222963] [drone.robot_state_publisher]: got segment base_footprint
[robot_state_publisher-3] [INFO] [1773153814.883291486] [drone.robot_state_publisher]: got segment base_link
[robot_state_publisher-3] [INFO] [1773153814.883299222] [drone.robot_state_publisher]: got segment bottom_cam_link
[robot_state_publisher-3] [INFO] [1773153814.883304317] [drone.robot_state_publisher]: got segment front_cam_link
[robot_state_publisher-3] [INFO] [1773153814.883308896] [drone.robot_state_publisher]: got segment sonar_link
[rviz2-1] 
[rviz2-1] (rviz2:1888922): dbind-WARNING **: 23:43:34.884: Couldn't connect to accessibility bus: Failed to connect to socket /root/.cache/at-spi/bus_0: 허가 거부
[apriltag_detector_node-9] [INFO] [1773153814.898409548] [apriltag_detector_node]: tag detector type: umich
[teleop_joystick-8] Traceback (most recent call last):
[teleop_joystick-8]   File "/home/j/INCSL/IICC26_ws/install/sjtu_drone_control/lib/sjtu_drone_control/teleop_joystick", line 33, in <module>
[teleop_joystick-8]     sys.exit(load_entry_point('sjtu_drone_control==0.0.0', 'console_scripts', 'teleop_joystick')())
[teleop_joystick-8]   File "/home/j/INCSL/IICC26_ws/install/sjtu_drone_control/lib/sjtu_drone_control/teleop_joystick", line 22, in importlib_load_entry_point
[teleop_joystick-8]     for entry_point in distribution(dist_name).entry_points
[teleop_joystick-8]   File "/usr/lib/python3.10/importlib/metadata/__init__.py", line 969, in distribution
[teleop_joystick-8]     return Distribution.from_name(distribution_name)
[teleop_joystick-8]   File "/usr/lib/python3.10/importlib/metadata/__init__.py", line 548, in from_name
[teleop_joystick-8]     raise PackageNotFoundError(name)
[teleop_joystick-8] importlib.metadata.PackageNotFoundError: No package metadata was found for sjtu_drone_control
[ERROR] [teleop_joystick-8]: process has died [pid 1888936, exit code 1, cmd '/home/j/INCSL/IICC26_ws/install/sjtu_drone_control/lib/sjtu_drone_control/teleop_joystick --ros-args -r __ns:=/drone'].
[gzserver-2] Gazebo multi-robot simulator, version 11.10.2
[gzserver-2] Copyright (C) 2012 Open Source Robotics Foundation.
[gzserver-2] Released under the Apache 2 License.
[gzserver-2] http://gazebosim.org
[gzserver-2] 
[apriltag_state_bridge-10] [INFO] [1773153815.110248003] [apriltag_state_bridge]: AprilTag bridge started: /drone/bottom/tags -> /landing_tag_state, use_target_id=True, target_id=0
[joint_state_publisher-4] [INFO] [1773153815.146330582] [drone.joint_state_publisher]: Waiting for robot_description to be published on the robot_description topic...
[gzserver-2] [1;33m[Wrn] [gazebo_ros_init.cpp:178] [0m[1;33m
[gzserver-2] #     # ####### ####### ###  #####  #######
[gzserver-2] ##    # #     #    #     #  #     # #
[gzserver-2] # #   # #     #    #     #  #       #
[gzserver-2] #  #  # #     #    #     #  #       #####
[gzserver-2] #   # # #     #    #     #  #       #
[gzserver-2] #    ## #     #    #     #  #     # #
[gzserver-2] #     # #######    #    ###  #####  #######
[gzserver-2] 
[gzserver-2] This version of Gazebo, now called Gazebo classic, reaches end-of-life
[gzserver-2] in January 2025. Users are highly encouraged to migrate to the new Gazebo
[gzserver-2] using our migration guides (https://gazebosim.org/docs/latest/gazebo_classic_migration?utm_source=gazebo_ros_pkgs&utm_medium=cli)
[gzserver-2] 
[gzserver-2] [0m[1;33m
[rviz2-1] [INFO] [1773153815.669691793] [rviz2]: Stereo is NOT SUPPORTED
[rviz2-1] [INFO] [1773153815.669834186] [rviz2]: OpenGl version: 4.6 (GLSL 4.6)
[rviz2-1] [INFO] [1773153815.706177569] [rviz2]: Stereo is NOT SUPPORTED
[rviz2-1] [INFO] [1773153815.828784582] [rviz2]: Stereo is NOT SUPPORTED
[spawn_drone-5] [INFO] [1773153816.291387577] [spawn_drone]: Result False Entity pushed to spawn queue, but spawn service timed outwaiting for entity to appear in simulation under the name [/drone]
[gzserver-2] [1;32m[Msg] [0m[1;32mWaiting for master.[0m[1;32m
[gzserver-2] [0m[1;32m[0m[1;32m[0m[1;32m[Msg] [0m[1;32mConnected to gazebo master @ [0m[1;32mhttp://127.0.0.1:11345[0m[1;32m
[gzserver-2] [0m[1;32m[0m[1;32m[0m[1;32m[Msg] [0m[1;32mPublicized address: [0m[1;32m192.168.0.11[0m[1;32m
[gzserver-2] [0m[1;32m[0m[1;32m[0m[1;32m[Msg] [0m[1;32mLoading world file [[0m[1;32m/home/j/INCSL/IICC26_ws/install/sjtu_drone_description/share/sjtu_drone_description/worlds/landingPad.world[0m[1;32m][0m[1;32m
[gzserver-2] [0m[1;32m[0m[1;32m[0m[1;36m[Dbg] [wind_plugin.cpp:96] [0m[1;36mWindPlugin loaded: speed=[0m[1;36m0[0m[1;36m dir=[0m[1;36m0[0m[1;36m deg area=[0m[1;36m0.1[0m[1;36m coeff=[0m[1;36m1[0m[1;36m
[gzserver-2] [0m[1;33m[0m[1;33m[0m[1;31m[Err] [Sensor.cc:510] [0m[1;31mGet noise index not valid[0m[1;31m
[gzserver-2] [0m[1;31m[0m[1;31m[0m[1;31m[Err] [Sensor.cc:510] [0m[1;31mGet noise index not valid[0m[1;31m
[gzserver-2] [0m[1;31m[0m[1;31m[0m[1;31m[Err] [Sensor.cc:510] [0m[1;31mGet noise index not valid[0m[1;31m
[gzserver-2] [0m[1;31m[0m[1;31m[0m[1;31m[Err] [Sensor.cc:510] [0m[1;31mGet noise index not valid[0m[1;31m
[gzserver-2] [0m[1;31m[0m[1;31m[0m[1;31m[Err] [Sensor.cc:510] [0m[1;31mGet noise index not valid[0m[1;31m
[gzserver-2] [0m[1;31m[0m[1;31m[0m[1;31m[Err] [Sensor.cc:510] [0m[1;31mGet noise index not valid[0m[1;31m
[gzserver-2] [0m[1;31m[0m[1;31m[0mTopic [default//drone/base_footprint/down_camera/image] is not valid.
[gzserver-2] Topic [default//drone/base_footprint/front_camera/image] is not valid.
[gzserver-2] [INFO] [1773153816.321001772] [drone.collision_plugin]: Publishing contact states to [/drone/bumper_states]
[gzserver-2] [1;33m[Wrn] [Event.cc:61] [0m[1;33mWarning: Deleting a connection right after creation. [0m[1;33mMake sure to save the ConnectionPtr from a Connect call
[INFO] [spawn_drone-5]: process has finished cleanly [pid 1888930]
[gzserver-2] [0m[INFO] [1773153816.918048679] [drone.camera_bottom]: Publishing camera info to [/drone/bottom/camera_info]
[gzserver-2] [INFO] [1773153816.922942322] [drone.camera_front]: Publishing camera info to [/drone/front/camera_info]
[gzserver-2] [INFO] [1773153817.045178765] [drone.simple_drone]: The drone plugin is loading!
[gzserver-2] [INFO] [1773153817.045394819] [drone.simple_drone]: pub_odom: 1
[gzserver-2] [INFO] [1773153817.045429567] [drone.simple_drone]: Using following parameters: 
[gzserver-2] 		link_name: base_footprint,
[gzserver-2] 		max_force: 30,
[gzserver-2] 		motion_small_noise: 0,
[gzserver-2] 		motion_drift_noise: 0,
[gzserver-2] 		motion_drift_noise_time: 50,
[gzserver-2] 		takeoff_hover_height: 2.47,
[gzserver-2] 		takeoff_vertical_speed: 0.2
[gzserver-2] [INFO] [1773153817.057438960] [drone.simple_drone]: Using the PID parameters: 
[gzserver-2] 	Roll Pitch:
[gzserver-2] 		kP: 10, kI: 0,kD: 5, Limit: 0.5, Time Constant: 0
[gzserver-2] 	Yaw:
[gzserver-2] 		kP: 2, kI: 0,kD: 1, Limit: 1.5, Time Constant: 0
[gzserver-2] 	Velocity X:
[gzserver-2] 		kP: 5, kI: 0,kD: 2.3, Limit: 2, Time Constant: 0
[gzserver-2] 	Velocity Y:
[gzserver-2] 		kP: 5, kI: 0,kD: 2.3, Limit: 2, Time Constant: 0
[gzserver-2] 	Velocity Z:
[gzserver-2] 		kP: 5, kI: 0,kD: 1, Limit: -1, Time Constant: 0
[gzserver-2] 	Position XY:
[gzserver-2] 		kP: 1.1, kI: 0,kD: 0, Limit: 5, Time Constant: 0
[gzserver-2] 	Position Z:
[gzserver-2] 		kP: 1, kI: 0,kD: 0.2, Limit: -1, Time Constant: 0
[gzserver-2] [INFO] [1773153817.057572475] [drone.simple_drone]: The drone plugin finished loading!
[gzserver-2] [INFO] [1773153824.224693837] [gazebo_wind_plugin_node]: WindPlugin: set wind_speed=0.00 wind_direction=0.0
[gzserver-2] [INFO] [1773153824.495721839] [gazebo_wind_plugin_node]: WindPlugin: set wind_speed=0.00 wind_direction=0.0
[gzserver-2] [INFO] [1773153824.529370962] [drone.simple_drone]: Quadrotor takes off!!
[gzserver-2] [INFO] [1773153824.730187740] [gazebo_wind_plugin_node]: WindPlugin: set wind_speed=0.00 wind_direction=0.0
[gzserver-2] [INFO] [1773153824.969514695] [gazebo_wind_plugin_node]: WindPlugin: set wind_speed=0.00 wind_direction=0.0
[gzserver-2] [INFO] [1773153825.209118023] [gazebo_wind_plugin_node]: WindPlugin: set wind_speed=0.00 wind_direction=0.0
[gzserver-2] [INFO] [1773153825.448684162] [gazebo_wind_plugin_node]: WindPlugin: set wind_speed=0.00 wind_direction=0.0
[gzserver-2] [INFO] [1773153825.687962269] [gazebo_wind_plugin_node]: WindPlugin: set wind_speed=0.00 wind_direction=0.0
[gzserver-2] [INFO] [1773153825.927666699] [gazebo_wind_plugin_node]: WindPlugin: set wind_speed=0.00 wind_direction=0.0
[gzserver-2] [INFO] [1773153826.167179831] [gazebo_wind_plugin_node]: WindPlugin: set wind_speed=0.00 wind_direction=0.0
[gzserver-2] [INFO] [1773153826.401732193] [gazebo_wind_plugin_node]: WindPlugin: set wind_speed=0.00 wind_direction=0.0
[gzserver-2] [0m[1;36m[Dbg] [wind_plugin.cpp:110] [0m[1;36mWindPlugin: received command -> speed=[0m[1;36m0[0m[1;36m dir=[0m[1;36m0[0m[1;36m
[gzserver-2] [0m[1;36m[Dbg] [wind_plugin.cpp:110] [0m[1;36mWindPlugin: received command -> speed=[0m[1;36m0[0m[1;36m dir=[0m[1;36m0[0m[1;36m
[gzserver-2] [0m[1;36m[Dbg] [wind_plugin.cpp:110] [0m[1;36mWindPlugin: received command -> speed=[0m[1;36m0[0m[1;36m dir=[0m[1;36m0[0m[1;36m
[gzserver-2] [0m[1;36m[Dbg] [wind_plugin.cpp:110] [0m[1;36mWindPlugin: received command -> speed=[0m[1;36m0[0m[1;36m dir=[0m[1;36m0[0m[1;36m
[gzserver-2] [0m[1;36m[Dbg] [wind_plugin.cpp:110] [0m[1;36mWindPlugin: received command -> speed=[0m[1;36m0[0m[1;36m dir=[0m[1;36m0[0m[1;36m
[gzserver-2] [0m[1;36m[Dbg] [wind_plugin.cpp:110] [0m[1;36mWindPlugin: received command -> speed=[0m[1;36m0[0m[1;36m dir=[0m[1;36m0[0m[1;36m
[gzserver-2] [0m[1;36m[Dbg] [wind_plugin.cpp:110] [0m[1;36mWindPlugin: received command -> speed=[0m[1;36m0[0m[1;36m dir=[0m[1;36m0[0m[1;36m
[gzserver-2] [0m[1;36m[Dbg] [wind_plugin.cpp:110] [0m[1;36mWindPlugin: received command -> speed=[0m[1;36m0[0m[1;36m dir=[0m[1;36m0[0m[1;36m
[gzserver-2] [0m[1;36m[Dbg] [wind_plugin.cpp:110] [0m[1;36mWindPlugin: received command -> speed=[0m[1;36m0[0m[1;36m dir=[0m[1;36m0[0m[1;36m
[gzserver-2] [0m[1;36m[Dbg] [wind_plugin.cpp:110] [0m[1;36mWindPlugin: received command -> speed=[0m[1;36m0[0m[1;36m dir=[0m[1;36m0[0m[1;36m
[gzserver-2] [0mEntering flying model!
[gzserver-2] [INFO] [1773153826.636597455] [gazebo_wind_plugin_node]: WindPlugin: set wind_speed=0.00 wind_direction=0.0
[gzserver-2] [INFO] [1773153826.876086943] [gazebo_wind_plugin_node]: WindPlugin: set wind_speed=0.49 wind_direction=-34.4
[gzserver-2] [INFO] [1773153827.110446073] [gazebo_wind_plugin_node]: WindPlugin: set wind_speed=0.49 wind_direction=-34.4
[gzserver-2] [INFO] [1773153827.345087784] [gazebo_wind_plugin_node]: WindPlugin: set wind_speed=0.49 wind_direction=-34.4
[gzserver-2] [INFO] [1773153827.580914934] [gazebo_wind_plugin_node]: WindPlugin: set wind_speed=0.49 wind_direction=-34.4
[gzserver-2] [INFO] [1773153827.815412384] [gazebo_wind_plugin_node]: WindPlugin: set wind_speed=0.39 wind_direction=-34.2
[gzserver-2] [INFO] [1773153828.044194180] [gazebo_wind_plugin_node]: WindPlugin: set wind_speed=0.39 wind_direction=-34.2
[gzserver-2] [INFO] [1773153828.283453447] [gazebo_wind_plugin_node]: WindPlugin: set wind_speed=0.39 wind_direction=-34.2
[gzserver-2] [INFO] [1773153828.517476727] [gazebo_wind_plugin_node]: WindPlugin: set wind_speed=0.39 wind_direction=-34.2
[gzserver-2] [INFO] [1773153828.757013024] [gazebo_wind_plugin_node]: WindPlugin: set wind_speed=0.38 wind_direction=-36.6
[gzserver-2] [INFO] [1773153828.996706820] [gazebo_wind_plugin_node]: WindPlugin: set wind_speed=0.38 wind_direction=-36.6
[gzserver-2] [INFO] [1773153829.236670409] [gazebo_wind_plugin_node]: WindPlugin: set wind_speed=0.38 wind_direction=-36.6
[gzserver-2] [INFO] [1773153829.476002007] [gazebo_wind_plugin_node]: WindPlugin: set wind_speed=0.38 wind_direction=-36.6
[gzserver-2] [INFO] [1773153829.714905560] [gazebo_wind_plugin_node]: WindPlugin: set wind_speed=0.38 wind_direction=-36.6
[gzserver-2] [INFO] [1773153829.754160535] [drone.simple_drone]: Quadrotor lands!!
[gzserver-2] [INFO] [1773153829.955390304] [gazebo_wind_plugin_node]: WindPlugin: set wind_speed=0.41 wind_direction=-35.5
[gzserver-2] [INFO] [1773153830.196455698] [gazebo_wind_plugin_node]: WindPlugin: set wind_speed=0.41 wind_direction=-35.5
[gzserver-2] [INFO] [1773153830.435943683] [gazebo_wind_plugin_node]: WindPlugin: set wind_speed=0.41 wind_direction=-35.5
[gzserver-2] [INFO] [1773153830.675169686] [gazebo_wind_plugin_node]: WindPlugin: set wind_speed=0.41 wind_direction=-35.5
[gzserver-2] [1;36m[Dbg] [wind_plugin.cpp:110] [0m[1;36mWindPlugin: received command -> speed=[0m[1;36m0[0m[1;36m dir=[0m[1;36m0[0m[1;36m
[gzserver-2] [0m[1;36m[Dbg] [wind_plugin.cpp:110] [0m[1;36mWindPlugin: received command -> speed=[0m[1;36m0.487229[0m[1;36m dir=[0m[1;36m-34.4005[0m[1;36m
[gzserver-2] [0m[1;36m[Dbg] [wind_plugin.cpp:110] [0m[1;36mWindPlugin: received command -> speed=[0m[1;36m0.487229[0m[1;36m dir=[0m[1;36m-34.4005[0m[1;36m
[gzserver-2] [0m[1;36m[Dbg] [wind_plugin.cpp:110] [0m[1;36mWindPlugin: received command -> speed=[0m[1;36m0.487229[0m[1;36m dir=[0m[1;36m-34.4005[0m[1;36m
[gzserver-2] [0m[1;36m[Dbg] [wind_plugin.cpp:110] [0m[1;36mWindPlugin: received command -> speed=[0m[1;36m0.487229[0m[1;36m dir=[0m[1;36m-34.4005[0m[1;36m
[gzserver-2] [0m[1;36m[Dbg] [wind_plugin.cpp:110] [0m[1;36mWindPlugin: received command -> speed=[0m[1;36m0.393439[0m[1;36m dir=[0m[1;36m-34.1682[0m[1;36m
[gzserver-2] [0m[1;36m[Dbg] [wind_plugin.cpp:110] [0m[1;36mWindPlugin: received command -> speed=[0m[1;36m0.393439[0m[1;36m dir=[0m[1;36m-34.1682[0m[1;36m
[gzserver-2] [0m[1;36m[Dbg] [wind_plugin.cpp:110] [0m[1;36mWindPlugin: received command -> speed=[0m[1;36m0.393439[0m[1;36m dir=[0m[1;36m-34.1682[0m[1;36m
[gzserver-2] [0m[1;36m[Dbg] [wind_plugin.cpp:110] [0m[1;36mWindPlugin: received command -> speed=[0m[1;36m0.393439[0m[1;36m dir=[0m[1;36m-34.1682[0m[1;36m
[gzserver-2] [0m[1;36m[Dbg] [wind_plugin.cpp:110] [0m[1;36mWindPlugin: received command -> speed=[0m[1;36m0.382418[0m[1;36m dir=[0m[1;36m-36.5649[0m[1;36m
[gzserver-2] [0m[1;36m[Dbg] [wind_plugin.cpp:110] [0m[1;36mWindPlugin: received command -> speed=[0m[1;36m0.382418[0m[1;36m dir=[0m[1;36m-36.5649[0m[1;36m
[gzserver-2] [0m[1;36m[Dbg] [wind_plugin.cpp:110] [0m[1;36mWindPlugin: received command -> speed=[0m[1;36m0.382418[0m[1;36m dir=[0m[1;36m-36.5649[0m[1;36m
[gzserver-2] [0m[1;36m[Dbg] [wind_plugin.cpp:110] [0m[1;36mWindPlugin: received command -> speed=[0m[1;36m0.382418[0m[1;36m dir=[0m[1;36m-36.5649[0m[1;36m
[gzserver-2] [0m[1;36m[Dbg] [wind_plugin.cpp:110] [0m[1;36mWindPlugin: received command -> speed=[0m[1;36m0.382418[0m[1;36m dir=[0m[1;36m-36.5649[0m[1;36m
[gzserver-2] [0m[1;36m[Dbg] [wind_plugin.cpp:110] [0m[1;36mWindPlugin: received command -> speed=[0m[1;36m0.414383[0m[1;36m dir=[0m[1;36m-35.5063[0m[1;36m
[gzserver-2] [0m[1;36m[Dbg] [wind_plugin.cpp:110] [0m[1;36mWindPlugin: received command -> speed=[0m[1;36m0.414383[0m[1;36m dir=[0m[1;36m-35.5063[0m[1;36m
[gzserver-2] [0m[1;36m[Dbg] [wind_plugin.cpp:110] [0m[1;36mWindPlugin: received command -> speed=[0m[1;36m0.414383[0m[1;36m dir=[0m[1;36m-35.5063[0m[1;36m
[gzserver-2] [0m[1;36m[Dbg] [wind_plugin.cpp:110] [0m[1;36mWindPlugin: received command -> speed=[0m[1;36m0.414383[0m[1;36m dir=[0m[1;36m-35.5063[0m[1;36m
[gzserver-2] [0mLanded!
[gzserver-2] [INFO] [1773153830.915597274] [gazebo_wind_plugin_node]: WindPlugin: set wind_speed=0.33 wind_direction=-37.6
[gzserver-2] [INFO] [1773153831.150161606] [gazebo_wind_plugin_node]: WindPlugin: set wind_speed=0.33 wind_direction=-37.6
[gzserver-2] [INFO] [1773153831.386678736] [gazebo_wind_plugin_node]: WindPlugin: set wind_speed=0.33 wind_direction=-37.6
[gzserver-2] [INFO] [1773153831.620870885] [gazebo_wind_plugin_node]: WindPlugin: set wind_speed=0.33 wind_direction=-37.6
[gzserver-2] [INFO] [1773153831.860247408] [gazebo_wind_plugin_node]: WindPlugin: set wind_speed=0.33 wind_direction=-35.2
[gzserver-2] [INFO] [1773153832.094848953] [gazebo_wind_plugin_node]: WindPlugin: set wind_speed=0.33 wind_direction=-35.2
[gzserver-2] [INFO] [1773153832.335189905] [gazebo_wind_plugin_node]: WindPlugin: set wind_speed=0.33 wind_direction=-35.2
[gzserver-2] [INFO] [1773153832.574879039] [gazebo_wind_plugin_node]: WindPlugin: set wind_speed=0.33 wind_direction=-35.2
