[INFO] [launch]: All log files can be found below /home/j/.ros/log/2026-03-11-07-34-25-610912-j-1820642
[INFO] [launch]: Default logging verbosity is set to INFO
[INFO] [launch.user]: [bringup] Apriltag config: camera=/drone/bottom, image=/drone/bottom/image_raw, tags=/drone/bottom/tags, bridge=/landing_tag_state, standalone=true, use_target_id=true, target_id=0
[INFO] [rviz2-1]: process started with pid [1820645]
[INFO] [gzserver-2]: process started with pid [1820647]
[INFO] [robot_state_publisher-3]: process started with pid [1820649]
[INFO] [joint_state_publisher-4]: process started with pid [1820651]
[INFO] [spawn_drone-5]: process started with pid [1820653]
[INFO] [static_transform_publisher-6]: process started with pid [1820655]
[INFO] [joy_node-7]: process started with pid [1820657]
[INFO] [teleop_joystick-8]: process started with pid [1820659]
[INFO] [apriltag_detector_node-9]: process started with pid [1820661]
[INFO] [apriltag_state_bridge-10]: process started with pid [1820664]
[static_transform_publisher-6] [WARN] [1773182066.082090782] []: Old-style arguments are deprecated; see --help for new-style arguments
[static_transform_publisher-6] [INFO] [1773182066.090211072] [static_transform_publisher_uWZu1vxaPP4hncVK]: Spinning until stopped - publishing transform
[static_transform_publisher-6] translation: ('0.000000', '0.000000', '0.000000')
[static_transform_publisher-6] rotation: ('0.000000', '0.000000', '0.000000', '1.000000')
[static_transform_publisher-6] from 'world' to '/drone/odom'
[rviz2-1] 
[rviz2-1] (rviz2:1820645): dbind-WARNING **: 07:34:26.114: Couldn't connect to accessibility bus: Failed to connect to socket /root/.cache/at-spi/bus_0: 허가 거부
[robot_state_publisher-3] [INFO] [1773182066.116788701] [drone.robot_state_publisher]: got segment base_footprint
[robot_state_publisher-3] [INFO] [1773182066.116881791] [drone.robot_state_publisher]: got segment base_link
[robot_state_publisher-3] [INFO] [1773182066.116894803] [drone.robot_state_publisher]: got segment bottom_cam_link
[robot_state_publisher-3] [INFO] [1773182066.116902963] [drone.robot_state_publisher]: got segment front_cam_link
[robot_state_publisher-3] [INFO] [1773182066.116909978] [drone.robot_state_publisher]: got segment sonar_link
[teleop_joystick-8] Traceback (most recent call last):
[teleop_joystick-8]   File "/home/j/INCSL/IICC26_ws/install/sjtu_drone_control/lib/sjtu_drone_control/teleop_joystick", line 33, in <module>
[teleop_joystick-8]     sys.exit(load_entry_point('sjtu_drone_control==0.0.0', 'console_scripts', 'teleop_joystick')())
[teleop_joystick-8]   File "/home/j/INCSL/IICC26_ws/install/sjtu_drone_control/lib/sjtu_drone_control/teleop_joystick", line 22, in importlib_load_entry_point
[teleop_joystick-8]     for entry_point in distribution(dist_name).entry_points
[teleop_joystick-8]   File "/usr/lib/python3.10/importlib/metadata/__init__.py", line 969, in distribution
[teleop_joystick-8]     return Distribution.from_name(distribution_name)
[teleop_joystick-8]   File "/usr/lib/python3.10/importlib/metadata/__init__.py", line 548, in from_name
[teleop_joystick-8]     raise PackageNotFoundError(name)
[teleop_joystick-8] importlib.metadata.PackageNotFoundError: No package metadata was found for sjtu_drone_control
[apriltag_detector_node-9] [INFO] [1773182066.138835817] [apriltag_detector_node]: tag detector type: umich
[ERROR] [teleop_joystick-8]: process has died [pid 1820659, exit code 1, cmd '/home/j/INCSL/IICC26_ws/install/sjtu_drone_control/lib/sjtu_drone_control/teleop_joystick --ros-args -r __ns:=/drone'].
[gzserver-2] Gazebo multi-robot simulator, version 11.10.2
[gzserver-2] Copyright (C) 2012 Open Source Robotics Foundation.
[gzserver-2] Released under the Apache 2 License.
[gzserver-2] http://gazebosim.org
[gzserver-2] 
[apriltag_state_bridge-10] [INFO] [1773182066.338940711] [apriltag_state_bridge]: AprilTag bridge started: /drone/bottom/tags -> /landing_tag_state, use_target_id=True, target_id=0
[joint_state_publisher-4] [INFO] [1773182066.373852594] [drone.joint_state_publisher]: Waiting for robot_description to be published on the robot_description topic...
[gzserver-2] [1;33m[Wrn] [gazebo_ros_init.cpp:178] [0m[1;33m
[gzserver-2] #     # ####### ####### ###  #####  #######
[gzserver-2] ##    # #     #    #     #  #     # #
[gzserver-2] # #   # #     #    #     #  #       #
[gzserver-2] #  #  # #     #    #     #  #       #####
[gzserver-2] #   # # #     #    #     #  #       #
[gzserver-2] #    ## #     #    #     #  #     # #
[gzserver-2] #     # #######    #    ###  #####  #######
[gzserver-2] 
[gzserver-2] This version of Gazebo, now called Gazebo classic, reaches end-of-life
[gzserver-2] in January 2025. Users are highly encouraged to migrate to the new Gazebo
[gzserver-2] using our migration guides (https://gazebosim.org/docs/latest/gazebo_classic_migration?utm_source=gazebo_ros_pkgs&utm_medium=cli)
[gzserver-2] 
[gzserver-2] [0m[1;33m
[rviz2-1] [INFO] [1773182066.724629959] [rviz2]: Stereo is NOT SUPPORTED
[rviz2-1] [INFO] [1773182066.724725796] [rviz2]: OpenGl version: 4.6 (GLSL 4.6)
[rviz2-1] [INFO] [1773182066.910826546] [rviz2]: Stereo is NOT SUPPORTED
[rviz2-1] [INFO] [1773182067.004078377] [rviz2]: Stereo is NOT SUPPORTED
[gzserver-2] [1;32m[Msg] [0m[1;32mWaiting for master.[0m[1;32m
[gzserver-2] [0m[1;32m[0m[1;32m[0m[1;32m[Msg] [0m[1;32mConnected to gazebo master @ [0m[1;32mhttp://127.0.0.1:11345[0m[1;32m
[gzserver-2] [0m[1;32m[0m[1;32m[0m[1;32m[Msg] [0m[1;32mPublicized address: [0m[1;32m192.168.0.11[0m[1;32m
[gzserver-2] [0m[1;32m[0m[1;32m[0m[1;32m[Msg] [0m[1;32mLoading world file [[0m[1;32m/home/j/INCSL/IICC26_ws/install/sjtu_drone_description/share/sjtu_drone_description/worlds/landingPad.world[0m[1;32m][0m[1;32m
[gzserver-2] [0m[1;32m[0m[1;32m[0m[1;36m[Dbg] [wind_plugin.cpp:96] [0m[1;36mWindPlugin loaded: speed=[0m[1;36m0[0m[1;36m dir=[0m[1;36m0[0m[1;36m deg area=[0m[1;36m0.1[0m[1;36m coeff=[0m[1;36m1[0m[1;36m
[gzserver-2] [0m[1;33m[0m[1;33m[0m[1;31m[Err] [Sensor.cc:510] [0m[1;31mGet noise index not valid[0m[1;31m
[gzserver-2] [0m[1;31m[0m[1;31m[0m[1;31m[Err] [Sensor.cc:510] [0m[1;31mGet noise index not valid[0m[1;31m
[gzserver-2] [0m[1;31m[0m[1;31m[0m[1;31m[Err] [Sensor.cc:510] [0m[1;31mGet noise index not valid[0m[1;31m
[gzserver-2] [0m[1;31m[0m[1;31m[0m[1;31m[Err] [Sensor.cc:510] [0m[1;31mGet noise index not valid[0m[1;31m
[gzserver-2] [0m[1;31m[0m[1;31m[0m[1;31m[Err] [Sensor.cc:510] [0m[1;31mGet noise index not valid[0m[1;31m
[gzserver-2] [0m[1;31m[0m[1;31m[0m[1;31m[Err] [Sensor.cc:510] [0m[1;31mGet noise index not valid[0m[1;31m
[gzserver-2] [0m[1;31m[0m[1;31m[0mTopic [default//drone/base_footprint/down_camera/image] is not valid.
[gzserver-2] [INFO] [1773182067.612637564] [drone.collision_plugin]: Publishing contact states to [/drone/bumper_states]
[gzserver-2] Topic [default//drone/base_footprint/front_camera/image] is not valid.
[gzserver-2] [1;33m[Wrn] [Event.cc:61] [0m[1;33mWarning: Deleting a connection right after creation. [0m[1;33mMake sure to save the ConnectionPtr from a Connect call
[gzserver-2] [0m[INFO] [1773182068.173013321] [drone.camera_bottom]: Publishing camera info to [/drone/bottom/camera_info]
[gzserver-2] [INFO] [1773182068.176116720] [drone.camera_front]: Publishing camera info to [/drone/front/camera_info]
[spawn_drone-5] [INFO] [1773182068.186762050] [spawn_drone]: Result True SpawnEntity: Successfully spawned entity [/drone]
[gzserver-2] [INFO] [1773182068.298628920] [drone.simple_drone]: The drone plugin is loading!
[gzserver-2] [INFO] [1773182068.298850311] [drone.simple_drone]: pub_odom: 1
[gzserver-2] [INFO] [1773182068.298885480] [drone.simple_drone]: Using following parameters: 
[gzserver-2] 		link_name: base_footprint,
[gzserver-2] 		max_force: 30,
[gzserver-2] 		motion_small_noise: 0,
[gzserver-2] 		motion_drift_noise: 0,
[gzserver-2] 		motion_drift_noise_time: 50,
[gzserver-2] 		takeoff_hover_height: 1.73,
[gzserver-2] 		takeoff_vertical_speed: 0.2
[gzserver-2] [INFO] [1773182068.310595775] [drone.simple_drone]: Using the PID parameters: 
[gzserver-2] 	Roll Pitch:
[gzserver-2] 		kP: 10, kI: 0,kD: 5, Limit: 0.5, Time Constant: 0
[gzserver-2] 	Yaw:
[gzserver-2] 		kP: 2, kI: 0,kD: 1, Limit: 1.5, Time Constant: 0
[gzserver-2] 	Velocity X:
[gzserver-2] 		kP: 5, kI: 0,kD: 2.3, Limit: 2, Time Constant: 0
[gzserver-2] 	Velocity Y:
[gzserver-2] 		kP: 5, kI: 0,kD: 2.3, Limit: 2, Time Constant: 0
[gzserver-2] 	Velocity Z:
[gzserver-2] 		kP: 5, kI: 0,kD: 1, Limit: -1, Time Constant: 0
[gzserver-2] 	Position XY:
[gzserver-2] 		kP: 1.1, kI: 0,kD: 0, Limit: 5, Time Constant: 0
[gzserver-2] 	Position Z:
[gzserver-2] 		kP: 1, kI: 0,kD: 0.2, Limit: -1, Time Constant: 0
[gzserver-2] [INFO] [1773182068.310721947] [drone.simple_drone]: The drone plugin finished loading!
[INFO] [spawn_drone-5]: process has finished cleanly [pid 1820653]
[gzserver-2] [INFO] [1773182075.475167332] [gazebo_wind_plugin_node]: WindPlugin: set wind_speed=0.00 wind_direction=0.0
[gzserver-2] [INFO] [1773182075.747376588] [gazebo_wind_plugin_node]: WindPlugin: set wind_speed=0.00 wind_direction=0.0
[gzserver-2] [INFO] [1773182075.786781151] [drone.simple_drone]: Quadrotor takes off!!
[gzserver-2] [INFO] [1773182075.988020534] [gazebo_wind_plugin_node]: WindPlugin: set wind_speed=0.00 wind_direction=0.0
[gzserver-2] [INFO] [1773182076.221981041] [gazebo_wind_plugin_node]: WindPlugin: set wind_speed=0.00 wind_direction=0.0
[gzserver-2] [INFO] [1773182076.450814702] [gazebo_wind_plugin_node]: WindPlugin: set wind_speed=0.00 wind_direction=0.0
[gzserver-2] [INFO] [1773182076.684544084] [gazebo_wind_plugin_node]: WindPlugin: set wind_speed=0.00 wind_direction=0.0
[gzserver-2] [INFO] [1773182076.923790290] [gazebo_wind_plugin_node]: WindPlugin: set wind_speed=0.00 wind_direction=0.0
[gzserver-2] [INFO] [1773182077.153095877] [gazebo_wind_plugin_node]: WindPlugin: set wind_speed=0.00 wind_direction=0.0
[gzserver-2] [0m[1;36m[Dbg] [wind_plugin.cpp:110] [0m[1;36mWindPlugin: received command -> speed=[0m[1;36m0[0m[1;36m dir=[0m[1;36m0[0m[1;36m
[gzserver-2] [0m[1;36m[Dbg] [wind_plugin.cpp:110] [0m[1;36mWindPlugin: received command -> speed=[0m[1;36m0[0m[1;36m dir=[0m[1;36m0[0m[1;36m
[gzserver-2] [0m[1;36m[Dbg] [wind_plugin.cpp:110] [0m[1;36mWindPlugin: received command -> speed=[0m[1;36m0[0m[1;36m dir=[0m[1;36m0[0m[1;36m
[gzserver-2] [0m[1;36m[Dbg] [wind_plugin.cpp:110] [0m[1;36mWindPlugin: received command -> speed=[0m[1;36m0[0m[1;36m dir=[0m[1;36m0[0m[1;36m
[gzserver-2] [0m[1;36m[Dbg] [wind_plugin.cpp:110] [0m[1;36mWindPlugin: received command -> speed=[0m[1;36m0[0m[1;36m dir=[0m[1;36m0[0m[1;36m
[gzserver-2] [0m[1;36m[Dbg] [wind_plugin.cpp:110] [0m[1;36mWindPlugin: received command -> speed=[0m[1;36m0[0m[1;36m dir=[0m[1;36m0[0m[1;36m
[gzserver-2] [0m[1;36m[Dbg] [wind_plugin.cpp:110] [0m[1;36mWindPlugin: received command -> speed=[0m[1;36m0[0m[1;36m dir=[0m[1;36m0[0m[1;36m
[gzserver-2] [0m[1;36m[Dbg] [wind_plugin.cpp:110] [0m[1;36mWindPlugin: received command -> speed=[0m[1;36m0[0m[1;36m dir=[0m[1;36m0[0m[1;36m
[gzserver-2] [0mEntering flying model!
[gzserver-2] [INFO] [1773182077.392704596] [gazebo_wind_plugin_node]: WindPlugin: set wind_speed=0.00 wind_direction=0.0
[gzserver-2] [INFO] [1773182077.622874131] [gazebo_wind_plugin_node]: WindPlugin: set wind_speed=2.07 wind_direction=-63.8
[gzserver-2] [INFO] [1773182077.865086168] [gazebo_wind_plugin_node]: WindPlugin: set wind_speed=2.07 wind_direction=-63.8
[gzserver-2] [INFO] [1773182078.105704719] [gazebo_wind_plugin_node]: WindPlugin: set wind_speed=2.11 wind_direction=-63.9
[gzserver-2] [INFO] [1773182078.345297277] [gazebo_wind_plugin_node]: WindPlugin: set wind_speed=2.11 wind_direction=-63.9
[gzserver-2] [INFO] [1773182078.584573603] [gazebo_wind_plugin_node]: WindPlugin: set wind_speed=2.11 wind_direction=-63.9
[gzserver-2] [INFO] [1773182078.823408477] [gazebo_wind_plugin_node]: WindPlugin: set wind_speed=2.11 wind_direction=-63.9
[gzserver-2] [INFO] [1773182079.057686319] [gazebo_wind_plugin_node]: WindPlugin: set wind_speed=2.12 wind_direction=-62.7
[gzserver-2] [INFO] [1773182079.291636020] [gazebo_wind_plugin_node]: WindPlugin: set wind_speed=2.12 wind_direction=-62.7
[gzserver-2] [INFO] [1773182079.530812437] [gazebo_wind_plugin_node]: WindPlugin: set wind_speed=2.12 wind_direction=-62.7
[gzserver-2] [INFO] [1773182079.764867253] [gazebo_wind_plugin_node]: WindPlugin: set wind_speed=2.12 wind_direction=-62.7
[gzserver-2] [INFO] [1773182080.004269734] [gazebo_wind_plugin_node]: WindPlugin: set wind_speed=2.08 wind_direction=-65.1
[gzserver-2] [INFO] [1773182080.244237593] [gazebo_wind_plugin_node]: WindPlugin: set wind_speed=2.08 wind_direction=-65.1
[gzserver-2] [INFO] [1773182080.478762748] [gazebo_wind_plugin_node]: WindPlugin: set wind_speed=2.08 wind_direction=-65.1
[gzserver-2] [INFO] [1773182080.718407500] [gazebo_wind_plugin_node]: WindPlugin: set wind_speed=2.08 wind_direction=-65.1
[gzserver-2] [INFO] [1773182080.958384538] [gazebo_wind_plugin_node]: WindPlugin: set wind_speed=2.08 wind_direction=-65.1
[gzserver-2] [INFO] [1773182081.198357984] [gazebo_wind_plugin_node]: WindPlugin: set wind_speed=2.02 wind_direction=-64.8
[gzserver-2] [INFO] [1773182081.429897391] [gazebo_wind_plugin_node]: WindPlugin: set wind_speed=2.02 wind_direction=-64.8
[gzserver-2] [INFO] [1773182081.671280695] [gazebo_wind_plugin_node]: WindPlugin: set wind_speed=2.02 wind_direction=-64.8
[gzserver-2] [INFO] [1773182081.910367520] [gazebo_wind_plugin_node]: WindPlugin: set wind_speed=2.02 wind_direction=-64.8
[gzserver-2] [INFO] [1773182082.144750083] [gazebo_wind_plugin_node]: WindPlugin: set wind_speed=1.95 wind_direction=-62.2
[gzserver-2] [INFO] [1773182082.381014553] [gazebo_wind_plugin_node]: WindPlugin: set wind_speed=1.95 wind_direction=-62.2
[gzserver-2] [INFO] [1773182082.620557351] [gazebo_wind_plugin_node]: WindPlugin: set wind_speed=1.95 wind_direction=-62.2
[gzserver-2] [INFO] [1773182082.860051992] [gazebo_wind_plugin_node]: WindPlugin: set wind_speed=1.95 wind_direction=-62.2
[gzserver-2] [INFO] [1773182083.102343100] [gazebo_wind_plugin_node]: WindPlugin: set wind_speed=2.31 wind_direction=-63.7
[gzserver-2] [INFO] [1773182083.342070283] [gazebo_wind_plugin_node]: WindPlugin: set wind_speed=2.31 wind_direction=-63.7
[gzserver-2] [INFO] [1773182083.581010717] [gazebo_wind_plugin_node]: WindPlugin: set wind_speed=2.31 wind_direction=-63.7
[gzserver-2] [1;36m[Dbg] [wind_plugin.cpp:110] [0m[1;36mWindPlugin: received command -> speed=[0m[1;36m0[0m[1;36m dir=[0m[1;36m0[0m[1;36m
[gzserver-2] [0m[1;36m[Dbg] [wind_plugin.cpp:110] [0m[1;36mWindPlugin: received command -> speed=[0m[1;36m2.06676[0m[1;36m dir=[0m[1;36m-63.8423[0m[1;36m
[gzserver-2] [0m[1;36m[Dbg] [wind_plugin.cpp:110] [0m[1;36mWindPlugin: received command -> speed=[0m[1;36m2.06676[0m[1;36m dir=[0m[1;36m-63.8423[0m[1;36m
[gzserver-2] [0m[1;36m[Dbg] [wind_plugin.cpp:110] [0m[1;36mWindPlugin: received command -> speed=[0m[1;36m2.10815[0m[1;36m dir=[0m[1;36m-63.8857[0m[1;36m
[gzserver-2] [0m[1;36m[Dbg] [wind_plugin.cpp:110] [0m[1;36mWindPlugin: received command -> speed=[0m[1;36m2.10815[0m[1;36m dir=[0m[1;36m-63.8857[0m[1;36m
[gzserver-2] [0m[1;36m[Dbg] [wind_plugin.cpp:110] [0m[1;36mWindPlugin: received command -> speed=[0m[1;36m2.10815[0m[1;36m dir=[0m[1;36m-63.8857[0m[1;36m
[gzserver-2] [0m[1;36m[Dbg] [wind_plugin.cpp:110] [0m[1;36mWindPlugin: received command -> speed=[0m[1;36m2.10815[0m[1;36m dir=[0m[1;36m-63.8857[0m[1;36m
[gzserver-2] [0m[1;36m[Dbg] [wind_plugin.cpp:110] [0m[1;36mWindPlugin: received command -> speed=[0m[1;36m2.12019[0m[1;36m dir=[0m[1;36m-62.6577[0m[1;36m
[gzserver-2] [0m[1;36m[Dbg] [wind_plugin.cpp:110] [0m[1;36mWindPlugin: received command -> speed=[0m[1;36m2.12019[0m[1;36m dir=[0m[1;36m-62.6577[0m[1;36m
[gzserver-2] [0m[1;36m[Dbg] [wind_plugin.cpp:110] [0m[1;36mWindPlugin: received command -> speed=[0m[1;36m2.12019[0m[1;36m dir=[0m[1;36m-62.6577[0m[1;36m
[gzserver-2] [0m[1;36m[Dbg] [wind_plugin.cpp:110] [0m[1;36mWindPlugin: received command -> speed=[0m[1;36m2.12019[0m[1;36m dir=[0m[1;36m-62.6577[0m[1;36m
[gzserver-2] [0m[1;36m[Dbg] [wind_plugin.cpp:110] [0m[1;36mWindPlugin: received command -> speed=[0m[1;36m2.07667[0m[1;36m dir=[0m[1;36m-65.0877[0m[1;36m
[gzserver-2] [0m[1;36m[Dbg] [wind_plugin.cpp:110] [0m[1;36mWindPlugin: received command -> speed=[0m[1;36m2.07667[0m[1;36m dir=[0m[1;36m-65.0877[0m[1;36m
[gzserver-2] [0m[1;36m[Dbg] [wind_plugin.cpp:110] [0m[1;36mWindPlugin: received command -> speed=[0m[1;36m2.07667[0m[1;36m dir=[0m[1;36m-65.0877[0m[1;36m
[gzserver-2] [0m[1;36m[Dbg] [wind_plugin.cpp:110] [0m[1;36mWindPlugin: received command -> speed=[0m[1;36m2.07667[0m[1;36m dir=[0m[1;36m-65.0877[0m[1;36m
[gzserver-2] [0m[1;36m[Dbg] [wind_plugin.cpp:110] [0m[1;36mWindPlugin: received command -> speed=[0m[1;36m2.07667[0m[1;36m dir=[0m[1;36m-65.0877[0m[1;36m
[gzserver-2] [0m[1;36m[Dbg] [wind_plugin.cpp:110] [0m[1;36mWindPlugin: received command -> speed=[0m[1;36m2.02176[0m[1;36m dir=[0m[1;36m-64.7504[0m[1;36m
[gzserver-2] [0m[1;36m[Dbg] [wind_plugin.cpp:110] [0m[1;36mWindPlugin: received command -> speed=[0m[1;36m2.02176[0m[1;36m dir=[0m[1;36m-64.7504[0m[1;36m
[gzserver-2] [0m[1;36m[Dbg] [wind_plugin.cpp:110] [0m[1;36mWindPlugin: received command -> speed=[0m[1;36m2.02176[0m[1;36m dir=[0m[1;36m-64.7504[0m[1;36m
[gzserver-2] [0m[1;36m[Dbg] [wind_plugin.cpp:110] [0m[1;36mWindPlugin: received command -> speed=[0m[1;36m2.02176[0m[1;36m dir=[0m[1;36m-64.7504[0m[1;36m
[gzserver-2] [0m[1;36m[Dbg] [wind_plugin.cpp:110] [0m[1;36mWindPlugin: received command -> speed=[0m[1;36m1.95433[0m[1;36m dir=[0m[1;36m-62.1684[0m[1;36m
[gzserver-2] [0m[1;36m[Dbg] [wind_plugin.cpp:110] [0m[1;36mWindPlugin: received command -> speed=[0m[1;36m1.95433[0m[1;36m dir=[0m[1;36m-62.1684[0m[1;36m
[gzserver-2] [0m[1;36m[Dbg] [wind_plugin.cpp:110] [0m[1;36mWindPlugin: received command -> speed=[0m[1;36m1.95433[0m[1;36m dir=[0m[1;36m-62.1684[0m[1;36m
[gzserver-2] [0m[1;36m[Dbg] [wind_plugin.cpp:110] [0m[1;36mWindPlugin: received command -> speed=[0m[1;36m1.95433[0m[1;36m dir=[0m[1;36m-62.1684[0m[1;36m
[gzserver-2] [0m[1;36m[Dbg] [wind_plugin.cpp:110] [0m[1;36mWindPlugin: received command -> speed=[0m[1;36m2.30556[0m[1;36m dir=[0m[1;36m-63.6775[0m[1;36m
[gzserver-2] [0m[1;36m[Dbg] [wind_plugin.cpp:110] [0m[1;36mWindPlugin: received command -> speed=[0m[1;36m2.30556[0m[1;36m dir=[0m[1;36m-63.6775[0m[1;36m
[gzserver-2] [INFO] [1773182083.820853136] [gazebo_wind_plugin_node]: WindPlugin: set wind_speed=2.31 wind_direction=-63.7
[gzserver-2] [INFO] [1773182084.062840107] [gazebo_wind_plugin_node]: WindPlugin: set wind_speed=2.09 wind_direction=-63.9
[gzserver-2] [INFO] [1773182084.296836292] [gazebo_wind_plugin_node]: WindPlugin: set wind_speed=2.09 wind_direction=-63.9
[gzserver-2] [INFO] [1773182084.531428183] [gazebo_wind_plugin_node]: WindPlugin: set wind_speed=2.09 wind_direction=-63.9
[gzserver-2] [INFO] [1773182084.770408135] [gazebo_wind_plugin_node]: WindPlugin: set wind_speed=2.09 wind_direction=-63.9
[gzserver-2] [INFO] [1773182085.010239045] [gazebo_wind_plugin_node]: WindPlugin: set wind_speed=2.08 wind_direction=-66.3
[gzserver-2] [INFO] [1773182085.034170546] [drone.simple_drone]: Quadrotor lands!!
[gzserver-2] [INFO] [1773182085.236982761] [gazebo_wind_plugin_node]: WindPlugin: set wind_speed=2.08 wind_direction=-66.3
[gzserver-2] [INFO] [1773182085.476563960] [gazebo_wind_plugin_node]: WindPlugin: set wind_speed=2.08 wind_direction=-66.3
[gzserver-2] [INFO] [1773182085.716421094] [gazebo_wind_plugin_node]: WindPlugin: set wind_speed=2.08 wind_direction=-66.3
[gzserver-2] [INFO] [1773182085.956106423] [gazebo_wind_plugin_node]: WindPlugin: set wind_speed=2.08 wind_direction=-66.3
[gzserver-2] [0m[1;36m[Dbg] [wind_plugin.cpp:110] [0m[1;36mWindPlugin: received command -> speed=[0m[1;36m2.30556[0m[1;36m dir=[0m[1;36m-63.6775[0m[1;36m
[gzserver-2] [0m[1;36m[Dbg] [wind_plugin.cpp:110] [0m[1;36mWindPlugin: received command -> speed=[0m[1;36m2.30556[0m[1;36m dir=[0m[1;36m-63.6775[0m[1;36m
[gzserver-2] [0m[1;36m[Dbg] [wind_plugin.cpp:110] [0m[1;36mWindPlugin: received command -> speed=[0m[1;36m2.08823[0m[1;36m dir=[0m[1;36m-63.9439[0m[1;36m
[gzserver-2] [0m[1;36m[Dbg] [wind_plugin.cpp:110] [0m[1;36mWindPlugin: received command -> speed=[0m[1;36m2.08823[0m[1;36m dir=[0m[1;36m-63.9439[0m[1;36m
[gzserver-2] [0m[1;36m[Dbg] [wind_plugin.cpp:110] [0m[1;36mWindPlugin: received command -> speed=[0m[1;36m2.08823[0m[1;36m dir=[0m[1;36m-63.9439[0m[1;36m
[gzserver-2] [0m[1;36m[Dbg] [wind_plugin.cpp:110] [0m[1;36mWindPlugin: received command -> speed=[0m[1;36m2.08823[0m[1;36m dir=[0m[1;36m-63.9439[0m[1;36m
[gzserver-2] [0m[1;36m[Dbg] [wind_plugin.cpp:110] [0m[1;36mWindPlugin: received command -> speed=[0m[1;36m2.08058[0m[1;36m dir=[0m[1;36m-66.3[0m[1;36m
[gzserver-2] [0m[1;36m[Dbg] [wind_plugin.cpp:110] [0m[1;36mWindPlugin: received command -> speed=[0m[1;36m2.08058[0m[1;36m dir=[0m[1;36m-66.3[0m[1;36m
[gzserver-2] [0m[1;36m[Dbg] [wind_plugin.cpp:110] [0m[1;36mWindPlugin: received command -> speed=[0m[1;36m2.08058[0m[1;36m dir=[0m[1;36m-66.3[0m[1;36m
[gzserver-2] [0m[1;36m[Dbg] [wind_plugin.cpp:110] [0m[1;36mWindPlugin: received command -> speed=[0m[1;36m2.08058[0m[1;36m dir=[0m[1;36m-66.3[0m[1;36m
[gzserver-2] [0m[1;36m[Dbg] [wind_plugin.cpp:110] [0m[1;36mWindPlugin: received command -> speed=[0m[1;36m2.08058[0m[1;36m dir=[0m[1;36m-66.3[0m[1;36m
[gzserver-2] [0mLanded!
[gzserver-2] [INFO] [1773182086.195646876] [gazebo_wind_plugin_node]: WindPlugin: set wind_speed=2.12 wind_direction=-63.7
[gzserver-2] [INFO] [1773182086.437253860] [gazebo_wind_plugin_node]: WindPlugin: set wind_speed=2.12 wind_direction=-63.7
[gzserver-2] [INFO] [1773182086.677883749] [gazebo_wind_plugin_node]: WindPlugin: set wind_speed=2.12 wind_direction=-63.7
[gzserver-2] [INFO] [1773182086.917198469] [gazebo_wind_plugin_node]: WindPlugin: set wind_speed=2.12 wind_direction=-63.7
[gzserver-2] [INFO] [1773182087.151756378] [gazebo_wind_plugin_node]: WindPlugin: set wind_speed=2.29 wind_direction=-62.7
[gzserver-2] [INFO] [1773182087.386625540] [gazebo_wind_plugin_node]: WindPlugin: set wind_speed=2.29 wind_direction=-62.7
[gzserver-2] [INFO] [1773182087.626314563] [gazebo_wind_plugin_node]: WindPlugin: set wind_speed=2.29 wind_direction=-62.7
[gzserver-2] [INFO] [1773182087.865622640] [gazebo_wind_plugin_node]: WindPlugin: set wind_speed=2.29 wind_direction=-62.7
