[INFO] [launch]: All log files can be found below /home/j/.ros/log/2026-03-10-21-16-13-134698-j-636879
[INFO] [launch]: Default logging verbosity is set to INFO
[INFO] [launch.user]: [bringup] Apriltag config: camera=/drone/bottom, image=/drone/bottom/image_raw, tags=/drone/bottom/tags, bridge=/landing_tag_state, standalone=true, use_target_id=true, target_id=0
[INFO] [rviz2-1]: process started with pid [636885]
[INFO] [gzserver-2]: process started with pid [636887]
[INFO] [robot_state_publisher-3]: process started with pid [636889]
[INFO] [joint_state_publisher-4]: process started with pid [636891]
[INFO] [spawn_drone-5]: process started with pid [636893]
[INFO] [static_transform_publisher-6]: process started with pid [636895]
[INFO] [joy_node-7]: process started with pid [636897]
[INFO] [teleop_joystick-8]: process started with pid [636899]
[INFO] [apriltag_detector_node-9]: process started with pid [636901]
[INFO] [apriltag_state_bridge-10]: process started with pid [636903]
[static_transform_publisher-6] [WARN] [1773144973.611736844] []: Old-style arguments are deprecated; see --help for new-style arguments
[static_transform_publisher-6] [INFO] [1773144973.617174367] [static_transform_publisher_XsSE62ghFHshoAsb]: Spinning until stopped - publishing transform
[static_transform_publisher-6] translation: ('0.000000', '0.000000', '0.000000')
[static_transform_publisher-6] rotation: ('0.000000', '0.000000', '0.000000', '1.000000')
[static_transform_publisher-6] from 'world' to '/drone/odom'
[robot_state_publisher-3] [INFO] [1773144973.636795818] [drone.robot_state_publisher]: got segment base_footprint
[robot_state_publisher-3] [INFO] [1773144973.636859810] [drone.robot_state_publisher]: got segment base_link
[robot_state_publisher-3] [INFO] [1773144973.636865736] [drone.robot_state_publisher]: got segment bottom_cam_link
[robot_state_publisher-3] [INFO] [1773144973.636868913] [drone.robot_state_publisher]: got segment front_cam_link
[robot_state_publisher-3] [INFO] [1773144973.636871731] [drone.robot_state_publisher]: got segment sonar_link
[apriltag_detector_node-9] [INFO] [1773144973.654002709] [apriltag_detector_node]: tag detector type: umich
[rviz2-1] 
[rviz2-1] (rviz2:636885): dbind-WARNING **: 21:16:13.656: Couldn't connect to accessibility bus: Failed to connect to socket /root/.cache/at-spi/bus_0: 허가 거부
[teleop_joystick-8] Traceback (most recent call last):
[teleop_joystick-8]   File "/home/j/INCSL/IICC26_ws/install/sjtu_drone_control/lib/sjtu_drone_control/teleop_joystick", line 33, in <module>
[teleop_joystick-8]     sys.exit(load_entry_point('sjtu_drone_control==0.0.0', 'console_scripts', 'teleop_joystick')())
[teleop_joystick-8]   File "/home/j/INCSL/IICC26_ws/install/sjtu_drone_control/lib/sjtu_drone_control/teleop_joystick", line 22, in importlib_load_entry_point
[teleop_joystick-8]     for entry_point in distribution(dist_name).entry_points
[teleop_joystick-8]   File "/usr/lib/python3.10/importlib/metadata/__init__.py", line 969, in distribution
[teleop_joystick-8]     return Distribution.from_name(distribution_name)
[teleop_joystick-8]   File "/usr/lib/python3.10/importlib/metadata/__init__.py", line 548, in from_name
[teleop_joystick-8]     raise PackageNotFoundError(name)
[teleop_joystick-8] importlib.metadata.PackageNotFoundError: No package metadata was found for sjtu_drone_control
[ERROR] [teleop_joystick-8]: process has died [pid 636899, exit code 1, cmd '/home/j/INCSL/IICC26_ws/install/sjtu_drone_control/lib/sjtu_drone_control/teleop_joystick --ros-args -r __ns:=/drone'].
[gzserver-2] Gazebo multi-robot simulator, version 11.10.2
[gzserver-2] Copyright (C) 2012 Open Source Robotics Foundation.
[gzserver-2] Released under the Apache 2 License.
[gzserver-2] http://gazebosim.org
[gzserver-2] 
[gzserver-2] [1;33m[Wrn] [gazebo_ros_init.cpp:178] [0m[1;33m
[gzserver-2] #     # ####### ####### ###  #####  #######
[gzserver-2] ##    # #     #    #     #  #     # #
[gzserver-2] # #   # #     #    #     #  #       #
[gzserver-2] #  #  # #     #    #     #  #       #####
[gzserver-2] #   # # #     #    #     #  #       #
[gzserver-2] #    ## #     #    #     #  #     # #
[gzserver-2] #     # #######    #    ###  #####  #######
[gzserver-2] 
[gzserver-2] This version of Gazebo, now called Gazebo classic, reaches end-of-life
[gzserver-2] in January 2025. Users are highly encouraged to migrate to the new Gazebo
[gzserver-2] using our migration guides (https://gazebosim.org/docs/latest/gazebo_classic_migration?utm_source=gazebo_ros_pkgs&utm_medium=cli)
[gzserver-2] 
[gzserver-2] [0m[1;33m
[apriltag_state_bridge-10] [INFO] [1773144973.900637624] [apriltag_state_bridge]: AprilTag bridge started: /drone/bottom/tags -> /landing_tag_state, use_target_id=True, target_id=0
[joint_state_publisher-4] [INFO] [1773144973.905545251] [drone.joint_state_publisher]: Waiting for robot_description to be published on the robot_description topic...
[rviz2-1] [INFO] [1773144974.485521271] [rviz2]: Stereo is NOT SUPPORTED
[rviz2-1] [INFO] [1773144974.485608005] [rviz2]: OpenGl version: 4.6 (GLSL 4.6)
[rviz2-1] [INFO] [1773144974.588022691] [rviz2]: Stereo is NOT SUPPORTED
[rviz2-1] [INFO] [1773144974.649389468] [rviz2]: Stereo is NOT SUPPORTED
[gzserver-2] [1;32m[Msg] [0m[1;32mWaiting for master.[0m[1;32m
[gzserver-2] [0m[1;32m[0m[1;32m[0m[1;32m[Msg] [0m[1;32mConnected to gazebo master @ [0m[1;32mhttp://127.0.0.1:11345[0m[1;32m
[gzserver-2] [0m[1;32m[0m[1;32m[0m[1;32m[Msg] [0m[1;32mPublicized address: [0m[1;32m192.168.0.11[0m[1;32m
[gzserver-2] [0m[1;32m[0m[1;32m[0m[1;32m[Msg] [0m[1;32mLoading world file [[0m[1;32m/home/j/INCSL/IICC26_ws/install/sjtu_drone_description/share/sjtu_drone_description/worlds/landingPad.world[0m[1;32m][0m[1;32m
[gzserver-2] [0m[1;32m[0m[1;32m[0m[1;36m[Dbg] [wind_plugin.cpp:96] [0m[1;36mWindPlugin loaded: speed=[0m[1;36m0[0m[1;36m dir=[0m[1;36m0[0m[1;36m deg area=[0m[1;36m0.1[0m[1;36m coeff=[0m[1;36m1[0m[1;36m
[gzserver-2] [0m[1;33m[0m[1;33m[0m[1;31m[Err] [Sensor.cc:510] [0m[1;31mGet noise index not valid[0m[1;31m
[gzserver-2] [0m[1;31m[0m[1;31m[0m[1;31m[Err] [Sensor.cc:510] [0m[1;31mGet noise index not valid[0m[1;31m
[gzserver-2] [0m[1;31m[0m[1;31m[0m[1;31m[Err] [Sensor.cc:510] [0m[1;31mGet noise index not valid[0m[1;31m
[gzserver-2] [0m[1;31m[0m[1;31m[0m[1;31m[Err] [Sensor.cc:510] [0m[1;31mGet noise index not valid[0m[1;31m
[gzserver-2] [0m[1;31m[0m[1;31m[0m[1;31m[Err] [Sensor.cc:510] [0m[1;31mGet noise index not valid[0m[1;31m
[gzserver-2] [0m[1;31m[0m[1;31m[0m[1;31m[Err] [Sensor.cc:510] [0m[1;31mGet noise index not valid[0m[1;31m
[gzserver-2] [0m[1;31m[0m[1;31m[0mTopic [default//drone/base_footprint/down_camera/image] is not valid.
[gzserver-2] Topic [default//drone/base_footprint/front_camera/image] is not valid.
[gzserver-2] [INFO] [1773144975.111944163] [drone.collision_plugin]: Publishing contact states to [/drone/bumper_states]
[gzserver-2] [1;33m[Wrn] [Event.cc:61] [0m[1;33mWarning: Deleting a connection right after creation. [0m[1;33mMake sure to save the ConnectionPtr from a Connect call
[gzserver-2] [0m[INFO] [1773144975.671207190] [drone.camera_bottom]: Publishing camera info to [/drone/bottom/camera_info]
[gzserver-2] [INFO] [1773144975.675859762] [drone.camera_front]: Publishing camera info to [/drone/front/camera_info]
[spawn_drone-5] [INFO] [1773144975.689065344] [spawn_drone]: Result True SpawnEntity: Successfully spawned entity [/drone]
[gzserver-2] [INFO] [1773144975.797996610] [drone.simple_drone]: The drone plugin is loading!
[gzserver-2] [INFO] [1773144975.798200911] [drone.simple_drone]: pub_odom: 1
[gzserver-2] [INFO] [1773144975.798236837] [drone.simple_drone]: Using following parameters: 
[gzserver-2] 		link_name: base_footprint,
[gzserver-2] 		max_force: 30,
[gzserver-2] 		motion_small_noise: 0,
[gzserver-2] 		motion_drift_noise: 0,
[gzserver-2] 		motion_drift_noise_time: 50,
[gzserver-2] 		takeoff_hover_height: 2.48,
[gzserver-2] 		takeoff_vertical_speed: 0.2
[gzserver-2] [INFO] [1773144975.810097414] [drone.simple_drone]: Using the PID parameters: 
[gzserver-2] 	Roll Pitch:
[gzserver-2] 		kP: 10, kI: 0,kD: 5, Limit: 0.5, Time Constant: 0
[gzserver-2] 	Yaw:
[gzserver-2] 		kP: 2, kI: 0,kD: 1, Limit: 1.5, Time Constant: 0
[gzserver-2] 	Velocity X:
[gzserver-2] 		kP: 5, kI: 0,kD: 2.3, Limit: 2, Time Constant: 0
[gzserver-2] 	Velocity Y:
[gzserver-2] 		kP: 5, kI: 0,kD: 2.3, Limit: 2, Time Constant: 0
[gzserver-2] 	Velocity Z:
[gzserver-2] 		kP: 5, kI: 0,kD: 1, Limit: -1, Time Constant: 0
[gzserver-2] 	Position XY:
[gzserver-2] 		kP: 1.1, kI: 0,kD: 0, Limit: 5, Time Constant: 0
[gzserver-2] 	Position Z:
[gzserver-2] 		kP: 1, kI: 0,kD: 0.2, Limit: -1, Time Constant: 0
[gzserver-2] [INFO] [1773144975.810227031] [drone.simple_drone]: The drone plugin finished loading!
[INFO] [spawn_drone-5]: process has finished cleanly [pid 636893]
[gzserver-2] [INFO] [1773144982.955337074] [gazebo_wind_plugin_node]: WindPlugin: set wind_speed=0.00 wind_direction=0.0
[gzserver-2] [INFO] [1773144983.220211616] [gazebo_wind_plugin_node]: WindPlugin: set wind_speed=0.00 wind_direction=0.0
[gzserver-2] [INFO] [1773144983.253372914] [drone.simple_drone]: Quadrotor takes off!!
[gzserver-2] [INFO] [1773144983.454002685] [gazebo_wind_plugin_node]: WindPlugin: set wind_speed=0.00 wind_direction=0.0
[gzserver-2] [INFO] [1773144983.695425331] [gazebo_wind_plugin_node]: WindPlugin: set wind_speed=0.00 wind_direction=0.0
[gzserver-2] [INFO] [1773144983.934689568] [gazebo_wind_plugin_node]: WindPlugin: set wind_speed=0.00 wind_direction=0.0
[gzserver-2] [INFO] [1773144984.169387589] [gazebo_wind_plugin_node]: WindPlugin: set wind_speed=0.00 wind_direction=0.0
[gzserver-2] [INFO] [1773144984.408231045] [gazebo_wind_plugin_node]: WindPlugin: set wind_speed=0.00 wind_direction=0.0
[gzserver-2] [INFO] [1773144984.647694014] [gazebo_wind_plugin_node]: WindPlugin: set wind_speed=0.00 wind_direction=0.0
[gzserver-2] [INFO] [1773144984.886950219] [gazebo_wind_plugin_node]: WindPlugin: set wind_speed=0.00 wind_direction=0.0
[gzserver-2] [INFO] [1773144985.125506557] [gazebo_wind_plugin_node]: WindPlugin: set wind_speed=0.00 wind_direction=0.0
[gzserver-2] [0m[1;36m[Dbg] [wind_plugin.cpp:110] [0m[1;36mWindPlugin: received command -> speed=[0m[1;36m0[0m[1;36m dir=[0m[1;36m0[0m[1;36m
[gzserver-2] [0m[1;36m[Dbg] [wind_plugin.cpp:110] [0m[1;36mWindPlugin: received command -> speed=[0m[1;36m0[0m[1;36m dir=[0m[1;36m0[0m[1;36m
[gzserver-2] [0m[1;36m[Dbg] [wind_plugin.cpp:110] [0m[1;36mWindPlugin: received command -> speed=[0m[1;36m0[0m[1;36m dir=[0m[1;36m0[0m[1;36m
[gzserver-2] [0m[1;36m[Dbg] [wind_plugin.cpp:110] [0m[1;36mWindPlugin: received command -> speed=[0m[1;36m0[0m[1;36m dir=[0m[1;36m0[0m[1;36m
[gzserver-2] [0m[1;36m[Dbg] [wind_plugin.cpp:110] [0m[1;36mWindPlugin: received command -> speed=[0m[1;36m0[0m[1;36m dir=[0m[1;36m0[0m[1;36m
[gzserver-2] [0m[1;36m[Dbg] [wind_plugin.cpp:110] [0m[1;36mWindPlugin: received command -> speed=[0m[1;36m0[0m[1;36m dir=[0m[1;36m0[0m[1;36m
[gzserver-2] [0m[1;36m[Dbg] [wind_plugin.cpp:110] [0m[1;36mWindPlugin: received command -> speed=[0m[1;36m0[0m[1;36m dir=[0m[1;36m0[0m[1;36m
[gzserver-2] [0m[1;36m[Dbg] [wind_plugin.cpp:110] [0m[1;36mWindPlugin: received command -> speed=[0m[1;36m0[0m[1;36m dir=[0m[1;36m0[0m[1;36m
[gzserver-2] [0m[1;36m[Dbg] [wind_plugin.cpp:110] [0m[1;36mWindPlugin: received command -> speed=[0m[1;36m0[0m[1;36m dir=[0m[1;36m0[0m[1;36m
[gzserver-2] [0m[1;36m[Dbg] [wind_plugin.cpp:110] [0m[1;36mWindPlugin: received command -> speed=[0m[1;36m0[0m[1;36m dir=[0m[1;36m0[0m[1;36m
[gzserver-2] [0mEntering flying model!
[gzserver-2] [INFO] [1773144985.359496245] [gazebo_wind_plugin_node]: WindPlugin: set wind_speed=0.00 wind_direction=0.0
[gzserver-2] [INFO] [1773144985.594014402] [gazebo_wind_plugin_node]: WindPlugin: set wind_speed=2.82 wind_direction=-85.1
[gzserver-2] [INFO] [1773144985.834200261] [gazebo_wind_plugin_node]: WindPlugin: set wind_speed=2.82 wind_direction=-85.1
[gzserver-2] [INFO] [1773144986.067001532] [gazebo_wind_plugin_node]: WindPlugin: set wind_speed=2.82 wind_direction=-85.1
[gzserver-2] [INFO] [1773144986.301778130] [gazebo_wind_plugin_node]: WindPlugin: set wind_speed=2.82 wind_direction=-85.1
[gzserver-2] [INFO] [1773144986.544038753] [gazebo_wind_plugin_node]: WindPlugin: set wind_speed=2.92 wind_direction=-86.1
[gzserver-2] [INFO] [1773144986.785477715] [gazebo_wind_plugin_node]: WindPlugin: set wind_speed=2.92 wind_direction=-86.1
[gzserver-2] [INFO] [1773144987.024427944] [gazebo_wind_plugin_node]: WindPlugin: set wind_speed=2.92 wind_direction=-86.1
[gzserver-2] [INFO] [1773144987.263672232] [gazebo_wind_plugin_node]: WindPlugin: set wind_speed=2.92 wind_direction=-86.1
[gzserver-2] [INFO] [1773144987.502696331] [gazebo_wind_plugin_node]: WindPlugin: set wind_speed=2.78 wind_direction=-82.5
[gzserver-2] [INFO] [1773144987.742112091] [gazebo_wind_plugin_node]: WindPlugin: set wind_speed=2.78 wind_direction=-82.5
[gzserver-2] [INFO] [1773144987.970811829] [gazebo_wind_plugin_node]: WindPlugin: set wind_speed=2.78 wind_direction=-82.5
[gzserver-2] [INFO] [1773144988.199143951] [gazebo_wind_plugin_node]: WindPlugin: set wind_speed=2.78 wind_direction=-82.5
[gzserver-2] [INFO] [1773144988.438420134] [gazebo_wind_plugin_node]: WindPlugin: set wind_speed=2.78 wind_direction=-82.5
[gzserver-2] [INFO] [1773144988.476176147] [drone.simple_drone]: Quadrotor lands!!
[gzserver-2] [INFO] [1773144988.677581377] [gazebo_wind_plugin_node]: WindPlugin: set wind_speed=2.86 wind_direction=-81.9
[gzserver-2] [INFO] [1773144988.919201856] [gazebo_wind_plugin_node]: WindPlugin: set wind_speed=2.86 wind_direction=-81.9
[gzserver-2] [INFO] [1773144989.153641075] [gazebo_wind_plugin_node]: WindPlugin: set wind_speed=2.86 wind_direction=-81.9
[gzserver-2] [INFO] [1773144989.395158967] [gazebo_wind_plugin_node]: WindPlugin: set wind_speed=2.86 wind_direction=-81.9
[gzserver-2] [1;36m[Dbg] [wind_plugin.cpp:110] [0m[1;36mWindPlugin: received command -> speed=[0m[1;36m0[0m[1;36m dir=[0m[1;36m0[0m[1;36m
[gzserver-2] [0m[1;36m[Dbg] [wind_plugin.cpp:110] [0m[1;36mWindPlugin: received command -> speed=[0m[1;36m2.81619[0m[1;36m dir=[0m[1;36m-85.1398[0m[1;36m
[gzserver-2] [0m[1;36m[Dbg] [wind_plugin.cpp:110] [0m[1;36mWindPlugin: received command -> speed=[0m[1;36m2.81619[0m[1;36m dir=[0m[1;36m-85.1398[0m[1;36m
[gzserver-2] [0m[1;36m[Dbg] [wind_plugin.cpp:110] [0m[1;36mWindPlugin: received command -> speed=[0m[1;36m2.81619[0m[1;36m dir=[0m[1;36m-85.1398[0m[1;36m
[gzserver-2] [0m[1;36m[Dbg] [wind_plugin.cpp:110] [0m[1;36mWindPlugin: received command -> speed=[0m[1;36m2.81619[0m[1;36m dir=[0m[1;36m-85.1398[0m[1;36m
[gzserver-2] [0m[1;36m[Dbg] [wind_plugin.cpp:110] [0m[1;36mWindPlugin: received command -> speed=[0m[1;36m2.92182[0m[1;36m dir=[0m[1;36m-86.1456[0m[1;36m
[gzserver-2] [0m[1;36m[Dbg] [wind_plugin.cpp:110] [0m[1;36mWindPlugin: received command -> speed=[0m[1;36m2.92182[0m[1;36m dir=[0m[1;36m-86.1456[0m[1;36m
[gzserver-2] [0m[1;36m[Dbg] [wind_plugin.cpp:110] [0m[1;36mWindPlugin: received command -> speed=[0m[1;36m2.92182[0m[1;36m dir=[0m[1;36m-86.1456[0m[1;36m
[gzserver-2] [0m[1;36m[Dbg] [wind_plugin.cpp:110] [0m[1;36mWindPlugin: received command -> speed=[0m[1;36m2.92182[0m[1;36m dir=[0m[1;36m-86.1456[0m[1;36m
[gzserver-2] [0m[1;36m[Dbg] [wind_plugin.cpp:110] [0m[1;36mWindPlugin: received command -> speed=[0m[1;36m2.77505[0m[1;36m dir=[0m[1;36m-82.4659[0m[1;36m
[gzserver-2] [0m[1;36m[Dbg] [wind_plugin.cpp:110] [0m[1;36mWindPlugin: received command -> speed=[0m[1;36m2.77505[0m[1;36m dir=[0m[1;36m-82.4659[0m[1;36m
[gzserver-2] [0m[1;36m[Dbg] [wind_plugin.cpp:110] [0m[1;36mWindPlugin: received command -> speed=[0m[1;36m2.77505[0m[1;36m dir=[0m[1;36m-82.4659[0m[1;36m
[gzserver-2] [0m[1;36m[Dbg] [wind_plugin.cpp:110] [0m[1;36mWindPlugin: received command -> speed=[0m[1;36m2.77505[0m[1;36m dir=[0m[1;36m-82.4659[0m[1;36m
[gzserver-2] [0m[1;36m[Dbg] [wind_plugin.cpp:110] [0m[1;36mWindPlugin: received command -> speed=[0m[1;36m2.77505[0m[1;36m dir=[0m[1;36m-82.4659[0m[1;36m
[gzserver-2] [0m[1;36m[Dbg] [wind_plugin.cpp:110] [0m[1;36mWindPlugin: received command -> speed=[0m[1;36m2.85854[0m[1;36m dir=[0m[1;36m-81.9339[0m[1;36m
[gzserver-2] [0m[1;36m[Dbg] [wind_plugin.cpp:110] [0m[1;36mWindPlugin: received command -> speed=[0m[1;36m2.85854[0m[1;36m dir=[0m[1;36m-81.9339[0m[1;36m
[gzserver-2] [0m[1;36m[Dbg] [wind_plugin.cpp:110] [0m[1;36mWindPlugin: received command -> speed=[0m[1;36m2.85854[0m[1;36m dir=[0m[1;36m-81.9339[0m[1;36m
[gzserver-2] [0m[1;36m[Dbg] [wind_plugin.cpp:110] [0m[1;36mWindPlugin: received command -> speed=[0m[1;36m2.85854[0m[1;36m dir=[0m[1;36m-81.9339[0m[1;36m
[gzserver-2] [0mLanded!
[gzserver-2] [INFO] [1773144989.634178567] [gazebo_wind_plugin_node]: WindPlugin: set wind_speed=2.72 wind_direction=-87.1
[gzserver-2] [INFO] [1773144989.870532523] [gazebo_wind_plugin_node]: WindPlugin: set wind_speed=2.72 wind_direction=-87.1
[gzserver-2] [INFO] [1773144990.109949011] [gazebo_wind_plugin_node]: WindPlugin: set wind_speed=2.72 wind_direction=-87.1
[gzserver-2] [INFO] [1773144990.349447245] [gazebo_wind_plugin_node]: WindPlugin: set wind_speed=2.72 wind_direction=-87.1
[gzserver-2] [INFO] [1773144990.585831611] [gazebo_wind_plugin_node]: WindPlugin: set wind_speed=2.96 wind_direction=-84.2
[gzserver-2] [INFO] [1773144990.825008900] [gazebo_wind_plugin_node]: WindPlugin: set wind_speed=2.96 wind_direction=-84.2
[gzserver-2] [INFO] [1773144991.061379330] [gazebo_wind_plugin_node]: WindPlugin: set wind_speed=2.96 wind_direction=-84.2
[gzserver-2] [INFO] [1773144991.300446676] [gazebo_wind_plugin_node]: WindPlugin: set wind_speed=2.96 wind_direction=-84.2
