[INFO] [launch]: All log files can be found below /home/j/.ros/log/2026-03-11-07-28-04-567956-j-1761311
[INFO] [launch]: Default logging verbosity is set to INFO
[INFO] [launch.user]: [bringup] Apriltag config: camera=/drone/bottom, image=/drone/bottom/image_raw, tags=/drone/bottom/tags, bridge=/landing_tag_state, standalone=true, use_target_id=true, target_id=0
[INFO] [rviz2-1]: process started with pid [1761312]
[INFO] [gzserver-2]: process started with pid [1761314]
[INFO] [robot_state_publisher-3]: process started with pid [1761316]
[INFO] [joint_state_publisher-4]: process started with pid [1761318]
[INFO] [spawn_drone-5]: process started with pid [1761320]
[INFO] [static_transform_publisher-6]: process started with pid [1761322]
[INFO] [joy_node-7]: process started with pid [1761324]
[INFO] [teleop_joystick-8]: process started with pid [1761326]
[INFO] [apriltag_detector_node-9]: process started with pid [1761328]
[INFO] [apriltag_state_bridge-10]: process started with pid [1761330]
[static_transform_publisher-6] [WARN] [1773181685.040445235] []: Old-style arguments are deprecated; see --help for new-style arguments
[static_transform_publisher-6] [INFO] [1773181685.048465683] [static_transform_publisher_mzcHdqdhicnHs8HQ]: Spinning until stopped - publishing transform
[static_transform_publisher-6] translation: ('0.000000', '0.000000', '0.000000')
[static_transform_publisher-6] rotation: ('0.000000', '0.000000', '0.000000', '1.000000')
[static_transform_publisher-6] from 'world' to '/drone/odom'
[robot_state_publisher-3] [INFO] [1773181685.065035967] [drone.robot_state_publisher]: got segment base_footprint
[robot_state_publisher-3] [INFO] [1773181685.065103833] [drone.robot_state_publisher]: got segment base_link
[robot_state_publisher-3] [INFO] [1773181685.065109955] [drone.robot_state_publisher]: got segment bottom_cam_link
[robot_state_publisher-3] [INFO] [1773181685.065113214] [drone.robot_state_publisher]: got segment front_cam_link
[robot_state_publisher-3] [INFO] [1773181685.065116127] [drone.robot_state_publisher]: got segment sonar_link
[rviz2-1] 
[rviz2-1] (rviz2:1761312): dbind-WARNING **: 07:28:05.074: Couldn't connect to accessibility bus: Failed to connect to socket /root/.cache/at-spi/bus_0: 허가 거부
[apriltag_detector_node-9] [INFO] [1773181685.087680329] [apriltag_detector_node]: tag detector type: umich
[teleop_joystick-8] Traceback (most recent call last):
[teleop_joystick-8]   File "/home/j/INCSL/IICC26_ws/install/sjtu_drone_control/lib/sjtu_drone_control/teleop_joystick", line 33, in <module>
[teleop_joystick-8]     sys.exit(load_entry_point('sjtu_drone_control==0.0.0', 'console_scripts', 'teleop_joystick')())
[teleop_joystick-8]   File "/home/j/INCSL/IICC26_ws/install/sjtu_drone_control/lib/sjtu_drone_control/teleop_joystick", line 22, in importlib_load_entry_point
[teleop_joystick-8]     for entry_point in distribution(dist_name).entry_points
[teleop_joystick-8]   File "/usr/lib/python3.10/importlib/metadata/__init__.py", line 969, in distribution
[teleop_joystick-8]     return Distribution.from_name(distribution_name)
[teleop_joystick-8]   File "/usr/lib/python3.10/importlib/metadata/__init__.py", line 548, in from_name
[teleop_joystick-8]     raise PackageNotFoundError(name)
[teleop_joystick-8] importlib.metadata.PackageNotFoundError: No package metadata was found for sjtu_drone_control
[ERROR] [teleop_joystick-8]: process has died [pid 1761326, exit code 1, cmd '/home/j/INCSL/IICC26_ws/install/sjtu_drone_control/lib/sjtu_drone_control/teleop_joystick --ros-args -r __ns:=/drone'].
[gzserver-2] Gazebo multi-robot simulator, version 11.10.2
[gzserver-2] Copyright (C) 2012 Open Source Robotics Foundation.
[gzserver-2] Released under the Apache 2 License.
[gzserver-2] http://gazebosim.org
[gzserver-2] 
[joint_state_publisher-4] [INFO] [1773181685.267194016] [drone.joint_state_publisher]: Waiting for robot_description to be published on the robot_description topic...
[apriltag_state_bridge-10] [INFO] [1773181685.285791020] [apriltag_state_bridge]: AprilTag bridge started: /drone/bottom/tags -> /landing_tag_state, use_target_id=True, target_id=0
[gzserver-2] [1;33m[Wrn] [gazebo_ros_init.cpp:178] [0m[1;33m
[gzserver-2] #     # ####### ####### ###  #####  #######
[gzserver-2] ##    # #     #    #     #  #     # #
[gzserver-2] # #   # #     #    #     #  #       #
[gzserver-2] #  #  # #     #    #     #  #       #####
[gzserver-2] #   # # #     #    #     #  #       #
[gzserver-2] #    ## #     #    #     #  #     # #
[gzserver-2] #     # #######    #    ###  #####  #######
[gzserver-2] 
[gzserver-2] This version of Gazebo, now called Gazebo classic, reaches end-of-life
[gzserver-2] in January 2025. Users are highly encouraged to migrate to the new Gazebo
[gzserver-2] using our migration guides (https://gazebosim.org/docs/latest/gazebo_classic_migration?utm_source=gazebo_ros_pkgs&utm_medium=cli)
[gzserver-2] 
[gzserver-2] [0m[1;33m
[rviz2-1] [INFO] [1773181685.705850617] [rviz2]: Stereo is NOT SUPPORTED
[rviz2-1] [INFO] [1773181685.705944716] [rviz2]: OpenGl version: 4.6 (GLSL 4.6)
[rviz2-1] [INFO] [1773181685.899743350] [rviz2]: Stereo is NOT SUPPORTED
[rviz2-1] [INFO] [1773181685.977362265] [rviz2]: Stereo is NOT SUPPORTED
[spawn_drone-5] [INFO] [1773181686.455218476] [spawn_drone]: Result False Entity pushed to spawn queue, but spawn service timed outwaiting for entity to appear in simulation under the name [/drone]
[gzserver-2] [1;32m[Msg] [0m[1;32mWaiting for master.[0m[1;32m
[gzserver-2] [0m[1;32m[0m[1;32m[0m[1;32m[Msg] [0m[1;32mConnected to gazebo master @ [0m[1;32mhttp://127.0.0.1:11345[0m[1;32m
[gzserver-2] [0m[1;32m[0m[1;32m[0m[1;32m[Msg] [0m[1;32mPublicized address: [0m[1;32m192.168.0.11[0m[1;32m
[gzserver-2] [0m[1;32m[0m[1;32m[0m[1;32m[Msg] [0m[1;32mLoading world file [[0m[1;32m/home/j/INCSL/IICC26_ws/install/sjtu_drone_description/share/sjtu_drone_description/worlds/landingPad.world[0m[1;32m][0m[1;32m
[gzserver-2] [0m[1;32m[0m[1;32m[0m[1;36m[Dbg] [wind_plugin.cpp:96] [0m[1;36mWindPlugin loaded: speed=[0m[1;36m0[0m[1;36m dir=[0m[1;36m0[0m[1;36m deg area=[0m[1;36m0.1[0m[1;36m coeff=[0m[1;36m1[0m[1;36m
[gzserver-2] [0m[1;33m[0m[1;33m[0m[1;31m[Err] [Sensor.cc:510] [0m[1;31mGet noise index not valid[0m[1;31m
[gzserver-2] [0m[1;31m[0m[1;31m[0m[1;31m[Err] [Sensor.cc:510] [0m[1;31mGet noise index not valid[0m[1;31m
[gzserver-2] [0m[1;31m[0m[1;31m[0m[1;31m[Err] [Sensor.cc:510] [0m[1;31mGet noise index not valid[0m[1;31m
[gzserver-2] [0m[1;31m[0m[1;31m[0m[1;31m[Err] [Sensor.cc:510] [0m[1;31mGet noise index not valid[0m[1;31m
[gzserver-2] [0m[1;31m[0m[1;31m[0m[1;31m[Err] [Sensor.cc:510] [0m[1;31mGet noise index not valid[0m[1;31m
[gzserver-2] [0m[1;31m[0m[1;31m[0m[1;31m[Err] [Sensor.cc:510] [0m[1;31mGet noise index not valid[0m[1;31m
[gzserver-2] [0m[1;31m[0m[1;31m[0mTopic [default//drone/base_footprint/down_camera/image] is not valid.
[gzserver-2] [INFO] [1773181686.484810766] [drone.collision_plugin]: Publishing contact states to [/drone/bumper_states]
[gzserver-2] Topic [default//drone/base_footprint/front_camera/image] is not valid.
[gzserver-2] [1;33m[Wrn] [Event.cc:61] [0m[1;33mWarning: Deleting a connection right after creation. [0m[1;33mMake sure to save the ConnectionPtr from a Connect call
[INFO] [spawn_drone-5]: process has finished cleanly [pid 1761320]
[gzserver-2] [0m[INFO] [1773181687.083687901] [drone.camera_bottom]: Publishing camera info to [/drone/bottom/camera_info]
[gzserver-2] [INFO] [1773181687.086603652] [drone.camera_front]: Publishing camera info to [/drone/front/camera_info]
[gzserver-2] [INFO] [1773181687.208509198] [drone.simple_drone]: The drone plugin is loading!
[gzserver-2] [INFO] [1773181687.208724475] [drone.simple_drone]: pub_odom: 1
[gzserver-2] [INFO] [1773181687.208758783] [drone.simple_drone]: Using following parameters: 
[gzserver-2] 		link_name: base_footprint,
[gzserver-2] 		max_force: 30,
[gzserver-2] 		motion_small_noise: 0,
[gzserver-2] 		motion_drift_noise: 0,
[gzserver-2] 		motion_drift_noise_time: 50,
[gzserver-2] 		takeoff_hover_height: 2.12,
[gzserver-2] 		takeoff_vertical_speed: 0.2
[gzserver-2] [INFO] [1773181687.220897270] [drone.simple_drone]: Using the PID parameters: 
[gzserver-2] 	Roll Pitch:
[gzserver-2] 		kP: 10, kI: 0,kD: 5, Limit: 0.5, Time Constant: 0
[gzserver-2] 	Yaw:
[gzserver-2] 		kP: 2, kI: 0,kD: 1, Limit: 1.5, Time Constant: 0
[gzserver-2] 	Velocity X:
[gzserver-2] 		kP: 5, kI: 0,kD: 2.3, Limit: 2, Time Constant: 0
[gzserver-2] 	Velocity Y:
[gzserver-2] 		kP: 5, kI: 0,kD: 2.3, Limit: 2, Time Constant: 0
[gzserver-2] 	Velocity Z:
[gzserver-2] 		kP: 5, kI: 0,kD: 1, Limit: -1, Time Constant: 0
[gzserver-2] 	Position XY:
[gzserver-2] 		kP: 1.1, kI: 0,kD: 0, Limit: 5, Time Constant: 0
[gzserver-2] 	Position Z:
[gzserver-2] 		kP: 1, kI: 0,kD: 0.2, Limit: -1, Time Constant: 0
[gzserver-2] [INFO] [1773181687.221049594] [drone.simple_drone]: The drone plugin finished loading!
[gzserver-2] [INFO] [1773181694.406203917] [gazebo_wind_plugin_node]: WindPlugin: set wind_speed=0.00 wind_direction=0.0
[gzserver-2] [INFO] [1773181694.676168191] [gazebo_wind_plugin_node]: WindPlugin: set wind_speed=0.00 wind_direction=0.0
[gzserver-2] [INFO] [1773181694.715887315] [drone.simple_drone]: Quadrotor takes off!!
[gzserver-2] [INFO] [1773181694.918991319] [gazebo_wind_plugin_node]: WindPlugin: set wind_speed=0.00 wind_direction=0.0
[gzserver-2] [INFO] [1773181695.155798104] [gazebo_wind_plugin_node]: WindPlugin: set wind_speed=0.00 wind_direction=0.0
[gzserver-2] [INFO] [1773181695.395121937] [gazebo_wind_plugin_node]: WindPlugin: set wind_speed=0.00 wind_direction=0.0
[gzserver-2] [INFO] [1773181695.634547011] [gazebo_wind_plugin_node]: WindPlugin: set wind_speed=0.00 wind_direction=0.0
[gzserver-2] [INFO] [1773181695.872705083] [gazebo_wind_plugin_node]: WindPlugin: set wind_speed=0.00 wind_direction=0.0
[gzserver-2] [INFO] [1773181696.116698351] [gazebo_wind_plugin_node]: WindPlugin: set wind_speed=0.00 wind_direction=0.0
[gzserver-2] [INFO] [1773181696.356387796] [gazebo_wind_plugin_node]: WindPlugin: set wind_speed=0.00 wind_direction=0.0
[gzserver-2] [0m[1;36m[Dbg] [wind_plugin.cpp:110] [0m[1;36mWindPlugin: received command -> speed=[0m[1;36m0[0m[1;36m dir=[0m[1;36m0[0m[1;36m
[gzserver-2] [0m[1;36m[Dbg] [wind_plugin.cpp:110] [0m[1;36mWindPlugin: received command -> speed=[0m[1;36m0[0m[1;36m dir=[0m[1;36m0[0m[1;36m
[gzserver-2] [0m[1;36m[Dbg] [wind_plugin.cpp:110] [0m[1;36mWindPlugin: received command -> speed=[0m[1;36m0[0m[1;36m dir=[0m[1;36m0[0m[1;36m
[gzserver-2] [0m[1;36m[Dbg] [wind_plugin.cpp:110] [0m[1;36mWindPlugin: received command -> speed=[0m[1;36m0[0m[1;36m dir=[0m[1;36m0[0m[1;36m
[gzserver-2] [0m[1;36m[Dbg] [wind_plugin.cpp:110] [0m[1;36mWindPlugin: received command -> speed=[0m[1;36m0[0m[1;36m dir=[0m[1;36m0[0m[1;36m
[gzserver-2] [0m[1;36m[Dbg] [wind_plugin.cpp:110] [0m[1;36mWindPlugin: received command -> speed=[0m[1;36m0[0m[1;36m dir=[0m[1;36m0[0m[1;36m
[gzserver-2] [0m[1;36m[Dbg] [wind_plugin.cpp:110] [0m[1;36mWindPlugin: received command -> speed=[0m[1;36m0[0m[1;36m dir=[0m[1;36m0[0m[1;36m
[gzserver-2] [0m[1;36m[Dbg] [wind_plugin.cpp:110] [0m[1;36mWindPlugin: received command -> speed=[0m[1;36m0[0m[1;36m dir=[0m[1;36m0[0m[1;36m
[gzserver-2] [0m[1;36m[Dbg] [wind_plugin.cpp:110] [0m[1;36mWindPlugin: received command -> speed=[0m[1;36m0[0m[1;36m dir=[0m[1;36m0[0m[1;36m
[gzserver-2] [0mEntering flying model!
[gzserver-2] [INFO] [1773181696.596102508] [gazebo_wind_plugin_node]: WindPlugin: set wind_speed=0.00 wind_direction=0.0
[gzserver-2] [INFO] [1773181696.837039479] [gazebo_wind_plugin_node]: WindPlugin: set wind_speed=1.93 wind_direction=-116.0
[gzserver-2] [INFO] [1773181697.070117544] [gazebo_wind_plugin_node]: WindPlugin: set wind_speed=1.76 wind_direction=-113.4
[gzserver-2] [INFO] [1773181697.310878860] [gazebo_wind_plugin_node]: WindPlugin: set wind_speed=1.76 wind_direction=-113.4
[gzserver-2] [INFO] [1773181697.541885342] [gazebo_wind_plugin_node]: WindPlugin: set wind_speed=1.76 wind_direction=-113.4
[gzserver-2] [INFO] [1773181697.782351883] [gazebo_wind_plugin_node]: WindPlugin: set wind_speed=1.76 wind_direction=-113.4
[gzserver-2] [INFO] [1773181698.011363097] [gazebo_wind_plugin_node]: WindPlugin: set wind_speed=2.09 wind_direction=-116.8
[gzserver-2] [INFO] [1773181698.250973797] [gazebo_wind_plugin_node]: WindPlugin: set wind_speed=2.09 wind_direction=-116.8
[gzserver-2] [INFO] [1773181698.491291778] [gazebo_wind_plugin_node]: WindPlugin: set wind_speed=2.09 wind_direction=-116.8
[gzserver-2] [INFO] [1773181698.730709137] [gazebo_wind_plugin_node]: WindPlugin: set wind_speed=2.09 wind_direction=-116.8
[gzserver-2] [INFO] [1773181698.965124409] [gazebo_wind_plugin_node]: WindPlugin: set wind_speed=1.95 wind_direction=-113.5
[gzserver-2] [INFO] [1773181699.206616097] [gazebo_wind_plugin_node]: WindPlugin: set wind_speed=1.95 wind_direction=-113.5
[gzserver-2] [INFO] [1773181699.445882554] [gazebo_wind_plugin_node]: WindPlugin: set wind_speed=1.95 wind_direction=-113.5
[gzserver-2] [INFO] [1773181699.679781032] [gazebo_wind_plugin_node]: WindPlugin: set wind_speed=1.95 wind_direction=-113.5
[gzserver-2] [INFO] [1773181699.717893083] [drone.simple_drone]: Quadrotor lands!!
[gzserver-2] [INFO] [1773181699.919097993] [gazebo_wind_plugin_node]: WindPlugin: set wind_speed=2.03 wind_direction=-115.8
[gzserver-2] [INFO] [1773181700.161891561] [gazebo_wind_plugin_node]: WindPlugin: set wind_speed=2.03 wind_direction=-115.8
[gzserver-2] [INFO] [1773181700.401399095] [gazebo_wind_plugin_node]: WindPlugin: set wind_speed=2.03 wind_direction=-115.8
[gzserver-2] [INFO] [1773181700.635820510] [gazebo_wind_plugin_node]: WindPlugin: set wind_speed=2.03 wind_direction=-115.8
[gzserver-2] [1;36m[Dbg] [wind_plugin.cpp:110] [0m[1;36mWindPlugin: received command -> speed=[0m[1;36m0[0m[1;36m dir=[0m[1;36m0[0m[1;36m
[gzserver-2] [0m[1;36m[Dbg] [wind_plugin.cpp:110] [0m[1;36mWindPlugin: received command -> speed=[0m[1;36m1.92821[0m[1;36m dir=[0m[1;36m-116.048[0m[1;36m
[gzserver-2] [0m[1;36m[Dbg] [wind_plugin.cpp:110] [0m[1;36mWindPlugin: received command -> speed=[0m[1;36m1.76056[0m[1;36m dir=[0m[1;36m-113.363[0m[1;36m
[gzserver-2] [0m[1;36m[Dbg] [wind_plugin.cpp:110] [0m[1;36mWindPlugin: received command -> speed=[0m[1;36m1.76056[0m[1;36m dir=[0m[1;36m-113.363[0m[1;36m
[gzserver-2] [0m[1;36m[Dbg] [wind_plugin.cpp:110] [0m[1;36mWindPlugin: received command -> speed=[0m[1;36m1.76056[0m[1;36m dir=[0m[1;36m-113.363[0m[1;36m
[gzserver-2] [0m[1;36m[Dbg] [wind_plugin.cpp:110] [0m[1;36mWindPlugin: received command -> speed=[0m[1;36m1.76056[0m[1;36m dir=[0m[1;36m-113.363[0m[1;36m
[gzserver-2] [0m[1;36m[Dbg] [wind_plugin.cpp:110] [0m[1;36mWindPlugin: received command -> speed=[0m[1;36m2.09062[0m[1;36m dir=[0m[1;36m-116.805[0m[1;36m
[gzserver-2] [0m[1;36m[Dbg] [wind_plugin.cpp:110] [0m[1;36mWindPlugin: received command -> speed=[0m[1;36m2.09062[0m[1;36m dir=[0m[1;36m-116.805[0m[1;36m
[gzserver-2] [0m[1;36m[Dbg] [wind_plugin.cpp:110] [0m[1;36mWindPlugin: received command -> speed=[0m[1;36m2.09062[0m[1;36m dir=[0m[1;36m-116.805[0m[1;36m
[gzserver-2] [0m[1;36m[Dbg] [wind_plugin.cpp:110] [0m[1;36mWindPlugin: received command -> speed=[0m[1;36m2.09062[0m[1;36m dir=[0m[1;36m-116.805[0m[1;36m
[gzserver-2] [0m[1;36m[Dbg] [wind_plugin.cpp:110] [0m[1;36mWindPlugin: received command -> speed=[0m[1;36m1.94978[0m[1;36m dir=[0m[1;36m-113.488[0m[1;36m
[gzserver-2] [0m[1;36m[Dbg] [wind_plugin.cpp:110] [0m[1;36mWindPlugin: received command -> speed=[0m[1;36m1.94978[0m[1;36m dir=[0m[1;36m-113.488[0m[1;36m
[gzserver-2] [0m[1;36m[Dbg] [wind_plugin.cpp:110] [0m[1;36mWindPlugin: received command -> speed=[0m[1;36m1.94978[0m[1;36m dir=[0m[1;36m-113.488[0m[1;36m
[gzserver-2] [0m[1;36m[Dbg] [wind_plugin.cpp:110] [0m[1;36mWindPlugin: received command -> speed=[0m[1;36m1.94978[0m[1;36m dir=[0m[1;36m-113.488[0m[1;36m
[gzserver-2] [0m[1;36m[Dbg] [wind_plugin.cpp:110] [0m[1;36mWindPlugin: received command -> speed=[0m[1;36m2.02929[0m[1;36m dir=[0m[1;36m-115.755[0m[1;36m
[gzserver-2] [0m[1;36m[Dbg] [wind_plugin.cpp:110] [0m[1;36mWindPlugin: received command -> speed=[0m[1;36m2.02929[0m[1;36m dir=[0m[1;36m-115.755[0m[1;36m
[gzserver-2] [0m[1;36m[Dbg] [wind_plugin.cpp:110] [0m[1;36mWindPlugin: received command -> speed=[0m[1;36m2.02929[0m[1;36m dir=[0m[1;36m-115.755[0m[1;36m
[gzserver-2] [0m[1;36m[Dbg] [wind_plugin.cpp:110] [0m[1;36mWindPlugin: received command -> speed=[0m[1;36m2.02929[0m[1;36m dir=[0m[1;36m-115.755[0m[1;36m
[gzserver-2] [0mLanded!
[gzserver-2] [INFO] [1773181700.877052919] [gazebo_wind_plugin_node]: WindPlugin: set wind_speed=2.03 wind_direction=-115.8
[gzserver-2] [INFO] [1773181701.116244189] [gazebo_wind_plugin_node]: WindPlugin: set wind_speed=2.05 wind_direction=-112.6
[gzserver-2] [INFO] [1773181701.352326680] [gazebo_wind_plugin_node]: WindPlugin: set wind_speed=2.05 wind_direction=-112.6
[gzserver-2] [INFO] [1773181701.587830510] [gazebo_wind_plugin_node]: WindPlugin: set wind_speed=2.05 wind_direction=-112.6
[gzserver-2] [INFO] [1773181701.817088869] [gazebo_wind_plugin_node]: WindPlugin: set wind_speed=2.05 wind_direction=-112.6
[gzserver-2] [INFO] [1773181702.056955309] [gazebo_wind_plugin_node]: WindPlugin: set wind_speed=2.02 wind_direction=-114.4
[gzserver-2] [INFO] [1773181702.290955991] [gazebo_wind_plugin_node]: WindPlugin: set wind_speed=2.02 wind_direction=-114.4
[gzserver-2] [INFO] [1773181702.530685994] [gazebo_wind_plugin_node]: WindPlugin: set wind_speed=2.02 wind_direction=-114.4
