[INFO] [launch]: All log files can be found below /home/j/.ros/log/2026-03-10-17-11-37-725228-j-3402896
[INFO] [launch]: Default logging verbosity is set to INFO
[INFO] [launch.user]: [bringup] Apriltag config: camera=/drone/bottom, image=/drone/bottom/image_raw, tags=/drone/bottom/tags, bridge=/landing_tag_state, standalone=true, use_target_id=true, target_id=0
[INFO] [rviz2-1]: process started with pid [3402899]
[INFO] [gzserver-2]: process started with pid [3402901]
[INFO] [robot_state_publisher-3]: process started with pid [3402903]
[INFO] [joint_state_publisher-4]: process started with pid [3402905]
[INFO] [spawn_drone-5]: process started with pid [3402907]
[INFO] [static_transform_publisher-6]: process started with pid [3402909]
[INFO] [joy_node-7]: process started with pid [3402911]
[INFO] [teleop_joystick-8]: process started with pid [3402913]
[INFO] [apriltag_detector_node-9]: process started with pid [3402915]
[INFO] [apriltag_state_bridge-10]: process started with pid [3402917]
[static_transform_publisher-6] [WARN] [1773130298.190846085] []: Old-style arguments are deprecated; see --help for new-style arguments
[static_transform_publisher-6] [INFO] [1773130298.197144060] [static_transform_publisher_x3G94BsHnYDSF3Gh]: Spinning until stopped - publishing transform
[static_transform_publisher-6] translation: ('0.000000', '0.000000', '0.000000')
[static_transform_publisher-6] rotation: ('0.000000', '0.000000', '0.000000', '1.000000')
[static_transform_publisher-6] from 'world' to '/drone/odom'
[robot_state_publisher-3] [INFO] [1773130298.214185293] [drone.robot_state_publisher]: got segment base_footprint
[robot_state_publisher-3] [INFO] [1773130298.214253632] [drone.robot_state_publisher]: got segment base_link
[robot_state_publisher-3] [INFO] [1773130298.214259338] [drone.robot_state_publisher]: got segment bottom_cam_link
[robot_state_publisher-3] [INFO] [1773130298.214262625] [drone.robot_state_publisher]: got segment front_cam_link
[robot_state_publisher-3] [INFO] [1773130298.214265454] [drone.robot_state_publisher]: got segment sonar_link
[rviz2-1] 
[rviz2-1] (rviz2:3402899): dbind-WARNING **: 17:11:38.215: Couldn't connect to accessibility bus: Failed to connect to socket /root/.cache/at-spi/bus_0: 허가 거부
[apriltag_detector_node-9] [INFO] [1773130298.244060979] [apriltag_detector_node]: tag detector type: umich
[teleop_joystick-8] Traceback (most recent call last):
[teleop_joystick-8]   File "/home/j/INCSL/IICC26_ws/install/sjtu_drone_control/lib/sjtu_drone_control/teleop_joystick", line 33, in <module>
[teleop_joystick-8]     sys.exit(load_entry_point('sjtu_drone_control==0.0.0', 'console_scripts', 'teleop_joystick')())
[teleop_joystick-8]   File "/home/j/INCSL/IICC26_ws/install/sjtu_drone_control/lib/sjtu_drone_control/teleop_joystick", line 22, in importlib_load_entry_point
[teleop_joystick-8]     for entry_point in distribution(dist_name).entry_points
[teleop_joystick-8]   File "/usr/lib/python3.10/importlib/metadata/__init__.py", line 969, in distribution
[teleop_joystick-8]     return Distribution.from_name(distribution_name)
[teleop_joystick-8]   File "/usr/lib/python3.10/importlib/metadata/__init__.py", line 548, in from_name
[teleop_joystick-8]     raise PackageNotFoundError(name)
[teleop_joystick-8] importlib.metadata.PackageNotFoundError: No package metadata was found for sjtu_drone_control
[ERROR] [teleop_joystick-8]: process has died [pid 3402913, exit code 1, cmd '/home/j/INCSL/IICC26_ws/install/sjtu_drone_control/lib/sjtu_drone_control/teleop_joystick --ros-args -r __ns:=/drone'].
[gzserver-2] Gazebo multi-robot simulator, version 11.10.2
[gzserver-2] Copyright (C) 2012 Open Source Robotics Foundation.
[gzserver-2] Released under the Apache 2 License.
[gzserver-2] http://gazebosim.org
[gzserver-2] 
[apriltag_state_bridge-10] [INFO] [1773130298.412328668] [apriltag_state_bridge]: AprilTag bridge started: /drone/bottom/tags -> /landing_tag_state, use_target_id=True, target_id=0
[joint_state_publisher-4] [INFO] [1773130298.416592860] [drone.joint_state_publisher]: Waiting for robot_description to be published on the robot_description topic...
[gzserver-2] [1;33m[Wrn] [gazebo_ros_init.cpp:178] [0m[1;33m
[gzserver-2] #     # ####### ####### ###  #####  #######
[gzserver-2] ##    # #     #    #     #  #     # #
[gzserver-2] # #   # #     #    #     #  #       #
[gzserver-2] #  #  # #     #    #     #  #       #####
[gzserver-2] #   # # #     #    #     #  #       #
[gzserver-2] #    ## #     #    #     #  #     # #
[gzserver-2] #     # #######    #    ###  #####  #######
[gzserver-2] 
[gzserver-2] This version of Gazebo, now called Gazebo classic, reaches end-of-life
[gzserver-2] in January 2025. Users are highly encouraged to migrate to the new Gazebo
[gzserver-2] using our migration guides (https://gazebosim.org/docs/latest/gazebo_classic_migration?utm_source=gazebo_ros_pkgs&utm_medium=cli)
[gzserver-2] 
[gzserver-2] [0m[1;33m
[rviz2-1] [INFO] [1773130298.911731048] [rviz2]: Stereo is NOT SUPPORTED
[rviz2-1] [INFO] [1773130298.911821516] [rviz2]: OpenGl version: 4.6 (GLSL 4.6)
[rviz2-1] [INFO] [1773130298.993725048] [rviz2]: Stereo is NOT SUPPORTED
[rviz2-1] [INFO] [1773130299.084003725] [rviz2]: Stereo is NOT SUPPORTED
[spawn_drone-5] [INFO] [1773130299.628730316] [spawn_drone]: Result False Entity pushed to spawn queue, but spawn service timed outwaiting for entity to appear in simulation under the name [/drone]
[gzserver-2] [1;32m[Msg] [0m[1;32mWaiting for master.[0m[1;32m
[gzserver-2] [0m[1;32m[0m[1;32m[0m[1;32m[Msg] [0m[1;32mConnected to gazebo master @ [0m[1;32mhttp://127.0.0.1:11345[0m[1;32m
[gzserver-2] [0m[1;32m[0m[1;32m[0m[1;32m[Msg] [0m[1;32mPublicized address: [0m[1;32m172.16.52.147[0m[1;32m
[gzserver-2] [0m[1;32m[0m[1;32m[0m[1;32m[Msg] [0m[1;32mLoading world file [[0m[1;32m/home/j/INCSL/IICC26_ws/install/sjtu_drone_description/share/sjtu_drone_description/worlds/landingPad.world[0m[1;32m][0m[1;32m
[gzserver-2] [0m[1;32m[0m[1;32m[0m[1;36m[Dbg] [wind_plugin.cpp:96] [0m[1;36mWindPlugin loaded: speed=[0m[1;36m0[0m[1;36m dir=[0m[1;36m0[0m[1;36m deg area=[0m[1;36m0.1[0m[1;36m coeff=[0m[1;36m1[0m[1;36m
[gzserver-2] [0m[1;33m[0m[1;33m[0m[1;31m[Err] [Sensor.cc:510] [0m[1;31mGet noise index not valid[0m[1;31m
[gzserver-2] [0m[1;31m[0m[1;31m[0m[1;31m[Err] [Sensor.cc:510] [0m[1;31mGet noise index not valid[0m[1;31m
[gzserver-2] [0m[1;31m[0m[1;31m[0m[1;31m[Err] [Sensor.cc:510] [0m[1;31mGet noise index not valid[0m[1;31m
[gzserver-2] [0m[1;31m[0m[1;31m[0m[1;31m[Err] [Sensor.cc:510] [0m[1;31mGet noise index not valid[0m[1;31m
[gzserver-2] [0m[1;31m[0m[1;31m[0m[1;31m[Err] [Sensor.cc:510] [0m[1;31mGet noise index not valid[0m[1;31m
[gzserver-2] [0m[1;31m[0m[1;31m[0m[1;31m[Err] [Sensor.cc:510] [0m[1;31mGet noise index not valid[0m[1;31m
[gzserver-2] [0m[1;31m[0m[1;31m[0mTopic [default//drone/base_footprint/down_camera/image] is not valid.
[gzserver-2] [INFO] [1773130299.659903689] [drone.collision_plugin]: Publishing contact states to [/drone/bumper_states]
[gzserver-2] Topic [default//drone/base_footprint/front_camera/image] is not valid.
[gzserver-2] [1;33m[Wrn] [Event.cc:61] [0m[1;33mWarning: Deleting a connection right after creation. [0m[1;33mMake sure to save the ConnectionPtr from a Connect call
[INFO] [spawn_drone-5]: process has finished cleanly [pid 3402907]
[gzserver-2] [0m[INFO] [1773130300.238623911] [drone.camera_bottom]: Publishing camera info to [/drone/bottom/camera_info]
[gzserver-2] [INFO] [1773130300.241494722] [drone.camera_front]: Publishing camera info to [/drone/front/camera_info]
[gzserver-2] [INFO] [1773130300.362916555] [drone.simple_drone]: The drone plugin is loading!
[gzserver-2] [INFO] [1773130300.363121546] [drone.simple_drone]: pub_odom: 1
[gzserver-2] [INFO] [1773130300.363159669] [drone.simple_drone]: Using following parameters: 
[gzserver-2] 		link_name: base_footprint,
[gzserver-2] 		max_force: 30,
[gzserver-2] 		motion_small_noise: 0,
[gzserver-2] 		motion_drift_noise: 0,
[gzserver-2] 		motion_drift_noise_time: 50,
[gzserver-2] 		takeoff_hover_height: 2.14,
[gzserver-2] 		takeoff_vertical_speed: 0.2
[gzserver-2] [INFO] [1773130300.374798911] [drone.simple_drone]: Using the PID parameters: 
[gzserver-2] 	Roll Pitch:
[gzserver-2] 		kP: 10, kI: 0,kD: 5, Limit: 0.5, Time Constant: 0
[gzserver-2] 	Yaw:
[gzserver-2] 		kP: 2, kI: 0,kD: 1, Limit: 1.5, Time Constant: 0
[gzserver-2] 	Velocity X:
[gzserver-2] 		kP: 5, kI: 0,kD: 2.3, Limit: 2, Time Constant: 0
[gzserver-2] 	Velocity Y:
[gzserver-2] 		kP: 5, kI: 0,kD: 2.3, Limit: 2, Time Constant: 0
[gzserver-2] 	Velocity Z:
[gzserver-2] 		kP: 5, kI: 0,kD: 1, Limit: -1, Time Constant: 0
[gzserver-2] 	Position XY:
[gzserver-2] 		kP: 1.1, kI: 0,kD: 0, Limit: 5, Time Constant: 0
[gzserver-2] 	Position Z:
[gzserver-2] 		kP: 1, kI: 0,kD: 0.2, Limit: -1, Time Constant: 0
[gzserver-2] [INFO] [1773130300.374927417] [drone.simple_drone]: The drone plugin finished loading!
[gzserver-2] [INFO] [1773130307.556953311] [gazebo_wind_plugin_node]: WindPlugin: set wind_speed=0.00 wind_direction=0.0
[gzserver-2] [INFO] [1773130307.826818634] [gazebo_wind_plugin_node]: WindPlugin: set wind_speed=0.00 wind_direction=0.0
[gzserver-2] [INFO] [1773130307.861304442] [drone.simple_drone]: Quadrotor takes off!!
[gzserver-2] [INFO] [1773130308.062350595] [gazebo_wind_plugin_node]: WindPlugin: set wind_speed=0.00 wind_direction=0.0
[gzserver-2] [INFO] [1773130308.302341213] [gazebo_wind_plugin_node]: WindPlugin: set wind_speed=0.00 wind_direction=0.0
[gzserver-2] [INFO] [1773130308.541931380] [gazebo_wind_plugin_node]: WindPlugin: set wind_speed=0.00 wind_direction=0.0
[gzserver-2] [INFO] [1773130308.775953597] [gazebo_wind_plugin_node]: WindPlugin: set wind_speed=0.00 wind_direction=0.0
[gzserver-2] [INFO] [1773130309.010497223] [gazebo_wind_plugin_node]: WindPlugin: set wind_speed=0.00 wind_direction=0.0
[gzserver-2] [INFO] [1773130309.251206773] [gazebo_wind_plugin_node]: WindPlugin: set wind_speed=0.00 wind_direction=0.0
[gzserver-2] [INFO] [1773130309.485827995] [gazebo_wind_plugin_node]: WindPlugin: set wind_speed=0.00 wind_direction=0.0
[gzserver-2] [0m[1;36m[Dbg] [wind_plugin.cpp:110] [0m[1;36mWindPlugin: received command -> speed=[0m[1;36m0[0m[1;36m dir=[0m[1;36m0[0m[1;36m
[gzserver-2] [0m[1;36m[Dbg] [wind_plugin.cpp:110] [0m[1;36mWindPlugin: received command -> speed=[0m[1;36m0[0m[1;36m dir=[0m[1;36m0[0m[1;36m
[gzserver-2] [0m[1;36m[Dbg] [wind_plugin.cpp:110] [0m[1;36mWindPlugin: received command -> speed=[0m[1;36m0[0m[1;36m dir=[0m[1;36m0[0m[1;36m
[gzserver-2] [0m[1;36m[Dbg] [wind_plugin.cpp:110] [0m[1;36mWindPlugin: received command -> speed=[0m[1;36m0[0m[1;36m dir=[0m[1;36m0[0m[1;36m
[gzserver-2] [0m[1;36m[Dbg] [wind_plugin.cpp:110] [0m[1;36mWindPlugin: received command -> speed=[0m[1;36m0[0m[1;36m dir=[0m[1;36m0[0m[1;36m
[gzserver-2] [0m[1;36m[Dbg] [wind_plugin.cpp:110] [0m[1;36mWindPlugin: received command -> speed=[0m[1;36m0[0m[1;36m dir=[0m[1;36m0[0m[1;36m
[gzserver-2] [0m[1;36m[Dbg] [wind_plugin.cpp:110] [0m[1;36mWindPlugin: received command -> speed=[0m[1;36m0[0m[1;36m dir=[0m[1;36m0[0m[1;36m
[gzserver-2] [0m[1;36m[Dbg] [wind_plugin.cpp:110] [0m[1;36mWindPlugin: received command -> speed=[0m[1;36m0[0m[1;36m dir=[0m[1;36m0[0m[1;36m
[gzserver-2] [0m[1;36m[Dbg] [wind_plugin.cpp:110] [0m[1;36mWindPlugin: received command -> speed=[0m[1;36m0[0m[1;36m dir=[0m[1;36m0[0m[1;36m
[gzserver-2] [0mEntering flying model!
[gzserver-2] [INFO] [1773130309.719967321] [gazebo_wind_plugin_node]: WindPlugin: set wind_speed=0.00 wind_direction=0.0
[gzserver-2] [INFO] [1773130309.959183645] [gazebo_wind_plugin_node]: WindPlugin: set wind_speed=0.81 wind_direction=84.8
[gzserver-2] [INFO] [1773130310.198678057] [gazebo_wind_plugin_node]: WindPlugin: set wind_speed=0.70 wind_direction=84.7
[gzserver-2] [INFO] [1773130310.437950680] [gazebo_wind_plugin_node]: WindPlugin: set wind_speed=0.70 wind_direction=84.7
[gzserver-2] [INFO] [1773130310.674079597] [gazebo_wind_plugin_node]: WindPlugin: set wind_speed=0.70 wind_direction=84.7
[gzserver-2] [INFO] [1773130310.911321931] [gazebo_wind_plugin_node]: WindPlugin: set wind_speed=0.70 wind_direction=84.7
[gzserver-2] [INFO] [1773130311.150785709] [gazebo_wind_plugin_node]: WindPlugin: set wind_speed=0.87 wind_direction=86.4
[gzserver-2] [INFO] [1773130311.385090038] [gazebo_wind_plugin_node]: WindPlugin: set wind_speed=0.87 wind_direction=86.4
[gzserver-2] [INFO] [1773130311.624922560] [gazebo_wind_plugin_node]: WindPlugin: set wind_speed=0.87 wind_direction=86.4
[gzserver-2] [INFO] [1773130311.864322395] [gazebo_wind_plugin_node]: WindPlugin: set wind_speed=0.87 wind_direction=86.4
[gzserver-2] [INFO] [1773130312.098353261] [gazebo_wind_plugin_node]: WindPlugin: set wind_speed=0.58 wind_direction=85.2
[gzserver-2] [INFO] [1773130312.337509311] [gazebo_wind_plugin_node]: WindPlugin: set wind_speed=0.58 wind_direction=85.2
[gzserver-2] [INFO] [1773130312.576926054] [gazebo_wind_plugin_node]: WindPlugin: set wind_speed=0.58 wind_direction=85.2
[gzserver-2] [INFO] [1773130312.813531200] [gazebo_wind_plugin_node]: WindPlugin: set wind_speed=0.58 wind_direction=85.2
[gzserver-2] [INFO] [1773130313.052799144] [gazebo_wind_plugin_node]: WindPlugin: set wind_speed=0.58 wind_direction=85.2
[gzserver-2] [INFO] [1773130313.293363524] [gazebo_wind_plugin_node]: WindPlugin: set wind_speed=0.75 wind_direction=86.8
[gzserver-2] [INFO] [1773130313.527793864] [gazebo_wind_plugin_node]: WindPlugin: set wind_speed=0.75 wind_direction=86.8
[gzserver-2] [INFO] [1773130313.766947456] [gazebo_wind_plugin_node]: WindPlugin: set wind_speed=0.75 wind_direction=86.8
[gzserver-2] [INFO] [1773130314.011793808] [gazebo_wind_plugin_node]: WindPlugin: set wind_speed=0.75 wind_direction=86.8
[gzserver-2] [INFO] [1773130314.251100717] [gazebo_wind_plugin_node]: WindPlugin: set wind_speed=0.93 wind_direction=86.8
[gzserver-2] [INFO] [1773130314.490951369] [gazebo_wind_plugin_node]: WindPlugin: set wind_speed=0.93 wind_direction=86.8
[gzserver-2] [INFO] [1773130314.730745126] [gazebo_wind_plugin_node]: WindPlugin: set wind_speed=0.93 wind_direction=86.8
[gzserver-2] [INFO] [1773130314.771336800] [drone.simple_drone]: Quadrotor lands!!
[gzserver-2] [INFO] [1773130314.972535250] [gazebo_wind_plugin_node]: WindPlugin: set wind_speed=0.93 wind_direction=86.8
[gzserver-2] [INFO] [1773130315.212249950] [gazebo_wind_plugin_node]: WindPlugin: set wind_speed=0.83 wind_direction=84.4
[gzserver-2] [INFO] [1773130315.451414197] [gazebo_wind_plugin_node]: WindPlugin: set wind_speed=0.83 wind_direction=84.4
[gzserver-2] [INFO] [1773130315.690915904] [gazebo_wind_plugin_node]: WindPlugin: set wind_speed=0.83 wind_direction=84.4
[gzserver-2] [1;36m[Dbg] [wind_plugin.cpp:110] [0m[1;36mWindPlugin: received command -> speed=[0m[1;36m0[0m[1;36m dir=[0m[1;36m0[0m[1;36m
[gzserver-2] [0m[1;36m[Dbg] [wind_plugin.cpp:110] [0m[1;36mWindPlugin: received command -> speed=[0m[1;36m0.807344[0m[1;36m dir=[0m[1;36m84.848[0m[1;36m
[gzserver-2] [0m[1;36m[Dbg] [wind_plugin.cpp:110] [0m[1;36mWindPlugin: received command -> speed=[0m[1;36m0.69969[0m[1;36m dir=[0m[1;36m84.6543[0m[1;36m
[gzserver-2] [0m[1;36m[Dbg] [wind_plugin.cpp:110] [0m[1;36mWindPlugin: received command -> speed=[0m[1;36m0.69969[0m[1;36m dir=[0m[1;36m84.6543[0m[1;36m
[gzserver-2] [0m[1;36m[Dbg] [wind_plugin.cpp:110] [0m[1;36mWindPlugin: received command -> speed=[0m[1;36m0.69969[0m[1;36m dir=[0m[1;36m84.6543[0m[1;36m
[gzserver-2] [0m[1;36m[Dbg] [wind_plugin.cpp:110] [0m[1;36mWindPlugin: received command -> speed=[0m[1;36m0.69969[0m[1;36m dir=[0m[1;36m84.6543[0m[1;36m
[gzserver-2] [0m[1;36m[Dbg] [wind_plugin.cpp:110] [0m[1;36mWindPlugin: received command -> speed=[0m[1;36m0.869123[0m[1;36m dir=[0m[1;36m86.4171[0m[1;36m
[gzserver-2] [0m[1;36m[Dbg] [wind_plugin.cpp:110] [0m[1;36mWindPlugin: received command -> speed=[0m[1;36m0.869123[0m[1;36m dir=[0m[1;36m86.4171[0m[1;36m
[gzserver-2] [0m[1;36m[Dbg] [wind_plugin.cpp:110] [0m[1;36mWindPlugin: received command -> speed=[0m[1;36m0.869123[0m[1;36m dir=[0m[1;36m86.4171[0m[1;36m
[gzserver-2] [0m[1;36m[Dbg] [wind_plugin.cpp:110] [0m[1;36mWindPlugin: received command -> speed=[0m[1;36m0.869123[0m[1;36m dir=[0m[1;36m86.4171[0m[1;36m
[gzserver-2] [0m[1;36m[Dbg] [wind_plugin.cpp:110] [0m[1;36mWindPlugin: received command -> speed=[0m[1;36m0.578121[0m[1;36m dir=[0m[1;36m85.1527[0m[1;36m
[gzserver-2] [0m[1;36m[Dbg] [wind_plugin.cpp:110] [0m[1;36mWindPlugin: received command -> speed=[0m[1;36m0.578121[0m[1;36m dir=[0m[1;36m85.1527[0m[1;36m
[gzserver-2] [0m[1;36m[Dbg] [wind_plugin.cpp:110] [0m[1;36mWindPlugin: received command -> speed=[0m[1;36m0.578121[0m[1;36m dir=[0m[1;36m85.1527[0m[1;36m
[gzserver-2] [0m[1;36m[Dbg] [wind_plugin.cpp:110] [0m[1;36mWindPlugin: received command -> speed=[0m[1;36m0.578121[0m[1;36m dir=[0m[1;36m85.1527[0m[1;36m
[gzserver-2] [0m[1;36m[Dbg] [wind_plugin.cpp:110] [0m[1;36mWindPlugin: received command -> speed=[0m[1;36m0.578121[0m[1;36m dir=[0m[1;36m85.1527[0m[1;36m
[gzserver-2] [0m[1;36m[Dbg] [wind_plugin.cpp:110] [0m[1;36mWindPlugin: received command -> speed=[0m[1;36m0.745859[0m[1;36m dir=[0m[1;36m86.8297[0m[1;36m
[gzserver-2] [0m[1;36m[Dbg] [wind_plugin.cpp:110] [0m[1;36mWindPlugin: received command -> speed=[0m[1;36m0.745859[0m[1;36m dir=[0m[1;36m86.8297[0m[1;36m
[gzserver-2] [0m[1;36m[Dbg] [wind_plugin.cpp:110] [0m[1;36mWindPlugin: received command -> speed=[0m[1;36m0.745859[0m[1;36m dir=[0m[1;36m86.8297[0m[1;36m
[gzserver-2] [0m[1;36m[Dbg] [wind_plugin.cpp:110] [0m[1;36mWindPlugin: received command -> speed=[0m[1;36m0.745859[0m[1;36m dir=[0m[1;36m86.8297[0m[1;36m
[gzserver-2] [0m[1;36m[Dbg] [wind_plugin.cpp:110] [0m[1;36mWindPlugin: received command -> speed=[0m[1;36m0.933346[0m[1;36m dir=[0m[1;36m86.8353[0m[1;36m
[gzserver-2] [0m[1;36m[Dbg] [wind_plugin.cpp:110] [0m[1;36mWindPlugin: received command -> speed=[0m[1;36m0.933346[0m[1;36m dir=[0m[1;36m86.8353[0m[1;36m
[gzserver-2] [0m[1;36m[Dbg] [wind_plugin.cpp:110] [0m[1;36mWindPlugin: received command -> speed=[0m[1;36m0.933346[0m[1;36m dir=[0m[1;36m86.8353[0m[1;36m
[gzserver-2] [0m[1;36m[Dbg] [wind_plugin.cpp:110] [0m[1;36mWindPlugin: received command -> speed=[0m[1;36m0.933346[0m[1;36m dir=[0m[1;36m86.8353[0m[1;36m
[gzserver-2] [0m[1;36m[Dbg] [wind_plugin.cpp:110] [0m[1;36mWindPlugin: received command -> speed=[0m[1;36m0.83374[0m[1;36m dir=[0m[1;36m84.3717[0m[1;36m
[gzserver-2] [0m[1;36m[Dbg] [wind_plugin.cpp:110] [0m[1;36mWindPlugin: received command -> speed=[0m[1;36m0.83374[0m[1;36m dir=[0m[1;36m84.3717[0m[1;36m
[gzserver-2] [0m[1;36m[Dbg] [wind_plugin.cpp:110] [0m[1;36mWindPlugin: received command -> speed=[0m[1;36m0.83374[0m[1;36m dir=[0m[1;36m84.3717[0m[1;36m
[gzserver-2] [0mLanded!
[gzserver-2] [INFO] [1773130315.925082026] [gazebo_wind_plugin_node]: WindPlugin: set wind_speed=0.83 wind_direction=84.4
[gzserver-2] [INFO] [1773130316.164630821] [gazebo_wind_plugin_node]: WindPlugin: set wind_speed=0.76 wind_direction=86.8
[gzserver-2] [INFO] [1773130316.394628381] [gazebo_wind_plugin_node]: WindPlugin: set wind_speed=0.76 wind_direction=86.8
[gzserver-2] [INFO] [1773130316.634275248] [gazebo_wind_plugin_node]: WindPlugin: set wind_speed=0.76 wind_direction=86.8
[gzserver-2] [INFO] [1773130316.873806877] [gazebo_wind_plugin_node]: WindPlugin: set wind_speed=0.76 wind_direction=86.8
[gzserver-2] [INFO] [1773130317.108431161] [gazebo_wind_plugin_node]: WindPlugin: set wind_speed=0.89 wind_direction=86.9
[gzserver-2] [INFO] [1773130317.347691873] [gazebo_wind_plugin_node]: WindPlugin: set wind_speed=0.89 wind_direction=86.9
[gzserver-2] [INFO] [1773130317.587243767] [gazebo_wind_plugin_node]: WindPlugin: set wind_speed=0.89 wind_direction=86.9
