[INFO] [launch]: All log files can be found below /home/j/.ros/log/2026-03-10-15-29-52-457322-j-2913039
[INFO] [launch]: Default logging verbosity is set to INFO
[INFO] [launch.user]: [bringup] Apriltag config: camera=/drone/bottom, image=/drone/bottom/image_raw, tags=/drone/bottom/tags, bridge=/landing_tag_state, standalone=true, use_target_id=true, target_id=0
[INFO] [rviz2-1]: process started with pid [2913040]
[INFO] [gzserver-2]: process started with pid [2913042]
[INFO] [robot_state_publisher-3]: process started with pid [2913044]
[INFO] [joint_state_publisher-4]: process started with pid [2913046]
[INFO] [spawn_drone-5]: process started with pid [2913048]
[INFO] [static_transform_publisher-6]: process started with pid [2913050]
[INFO] [joy_node-7]: process started with pid [2913052]
[INFO] [teleop_joystick-8]: process started with pid [2913054]
[INFO] [apriltag_detector_node-9]: process started with pid [2913056]
[INFO] [apriltag_state_bridge-10]: process started with pid [2913059]
[static_transform_publisher-6] [WARN] [1773124192.928670039] []: Old-style arguments are deprecated; see --help for new-style arguments
[static_transform_publisher-6] [INFO] [1773124192.940150248] [static_transform_publisher_4C0BlLwXm0XCNt5l]: Spinning until stopped - publishing transform
[static_transform_publisher-6] translation: ('0.000000', '0.000000', '0.000000')
[static_transform_publisher-6] rotation: ('0.000000', '0.000000', '0.000000', '1.000000')
[static_transform_publisher-6] from 'world' to '/drone/odom'
[robot_state_publisher-3] [INFO] [1773124192.955826925] [drone.robot_state_publisher]: got segment base_footprint
[robot_state_publisher-3] [INFO] [1773124192.955893587] [drone.robot_state_publisher]: got segment base_link
[robot_state_publisher-3] [INFO] [1773124192.955899961] [drone.robot_state_publisher]: got segment bottom_cam_link
[robot_state_publisher-3] [INFO] [1773124192.955903091] [drone.robot_state_publisher]: got segment front_cam_link
[robot_state_publisher-3] [INFO] [1773124192.955905898] [drone.robot_state_publisher]: got segment sonar_link
[rviz2-1] 
[rviz2-1] (rviz2:2913040): dbind-WARNING **: 15:29:52.963: Couldn't connect to accessibility bus: Failed to connect to socket /root/.cache/at-spi/bus_0: 허가 거부
[teleop_joystick-8] Traceback (most recent call last):
[teleop_joystick-8]   File "/home/j/INCSL/IICC26_ws/install/sjtu_drone_control/lib/sjtu_drone_control/teleop_joystick", line 33, in <module>
[teleop_joystick-8]     sys.exit(load_entry_point('sjtu_drone_control==0.0.0', 'console_scripts', 'teleop_joystick')())
[teleop_joystick-8]   File "/home/j/INCSL/IICC26_ws/install/sjtu_drone_control/lib/sjtu_drone_control/teleop_joystick", line 22, in importlib_load_entry_point
[teleop_joystick-8]     for entry_point in distribution(dist_name).entry_points
[teleop_joystick-8]   File "/usr/lib/python3.10/importlib/metadata/__init__.py", line 969, in distribution
[teleop_joystick-8]     return Distribution.from_name(distribution_name)
[teleop_joystick-8]   File "/usr/lib/python3.10/importlib/metadata/__init__.py", line 548, in from_name
[teleop_joystick-8]     raise PackageNotFoundError(name)
[teleop_joystick-8] importlib.metadata.PackageNotFoundError: No package metadata was found for sjtu_drone_control
[apriltag_detector_node-9] [INFO] [1773124192.985016284] [apriltag_detector_node]: tag detector type: umich
[ERROR] [teleop_joystick-8]: process has died [pid 2913054, exit code 1, cmd '/home/j/INCSL/IICC26_ws/install/sjtu_drone_control/lib/sjtu_drone_control/teleop_joystick --ros-args -r __ns:=/drone'].
[gzserver-2] Gazebo multi-robot simulator, version 11.10.2
[gzserver-2] Copyright (C) 2012 Open Source Robotics Foundation.
[gzserver-2] Released under the Apache 2 License.
[gzserver-2] http://gazebosim.org
[gzserver-2] 
[joint_state_publisher-4] [INFO] [1773124193.143148254] [drone.joint_state_publisher]: Waiting for robot_description to be published on the robot_description topic...
[apriltag_state_bridge-10] [INFO] [1773124193.164905874] [apriltag_state_bridge]: AprilTag bridge started: /drone/bottom/tags -> /landing_tag_state, use_target_id=True, target_id=0
[gzserver-2] [1;33m[Wrn] [gazebo_ros_init.cpp:178] [0m[1;33m
[gzserver-2] #     # ####### ####### ###  #####  #######
[gzserver-2] ##    # #     #    #     #  #     # #
[gzserver-2] # #   # #     #    #     #  #       #
[gzserver-2] #  #  # #     #    #     #  #       #####
[gzserver-2] #   # # #     #    #     #  #       #
[gzserver-2] #    ## #     #    #     #  #     # #
[gzserver-2] #     # #######    #    ###  #####  #######
[gzserver-2] 
[gzserver-2] This version of Gazebo, now called Gazebo classic, reaches end-of-life
[gzserver-2] in January 2025. Users are highly encouraged to migrate to the new Gazebo
[gzserver-2] using our migration guides (https://gazebosim.org/docs/latest/gazebo_classic_migration?utm_source=gazebo_ros_pkgs&utm_medium=cli)
[gzserver-2] 
[gzserver-2] [0m[1;33m
[rviz2-1] [INFO] [1773124193.776890807] [rviz2]: Stereo is NOT SUPPORTED
[rviz2-1] [INFO] [1773124193.776990880] [rviz2]: OpenGl version: 4.6 (GLSL 4.6)
[rviz2-1] [INFO] [1773124193.857922135] [rviz2]: Stereo is NOT SUPPORTED
[rviz2-1] [INFO] [1773124193.947517323] [rviz2]: Stereo is NOT SUPPORTED
[gzserver-2] [1;32m[Msg] [0m[1;32mWaiting for master.[0m[1;32m
[gzserver-2] [0m[1;32m[0m[1;32m[0m[1;32m[Msg] [0m[1;32mConnected to gazebo master @ [0m[1;32mhttp://127.0.0.1:11345[0m[1;32m
[gzserver-2] [0m[1;32m[0m[1;32m[0m[1;32m[Msg] [0m[1;32mPublicized address: [0m[1;32m172.16.52.147[0m[1;32m
[gzserver-2] [0m[1;32m[0m[1;32m[0m[1;32m[Msg] [0m[1;32mLoading world file [[0m[1;32m/home/j/INCSL/IICC26_ws/install/sjtu_drone_description/share/sjtu_drone_description/worlds/landingPad.world[0m[1;32m][0m[1;32m
[gzserver-2] [0m[1;32m[0m[1;32m[0m[1;36m[Dbg] [wind_plugin.cpp:96] [0m[1;36mWindPlugin loaded: speed=[0m[1;36m0[0m[1;36m dir=[0m[1;36m0[0m[1;36m deg area=[0m[1;36m0.1[0m[1;36m coeff=[0m[1;36m1[0m[1;36m
[gzserver-2] [0m[1;33m[0m[1;33m[0m[1;31m[Err] [Sensor.cc:510] [0m[1;31mGet noise index not valid[0m[1;31m
[gzserver-2] [0m[1;31m[0m[1;31m[0m[1;31m[Err] [Sensor.cc:510] [0m[1;31mGet noise index not valid[0m[1;31m
[gzserver-2] [0m[1;31m[0m[1;31m[0m[1;31m[Err] [Sensor.cc:510] [0m[1;31mGet noise index not valid[0m[1;31m
[gzserver-2] [0m[1;31m[0m[1;31m[0m[1;31m[Err] [Sensor.cc:510] [0m[1;31mGet noise index not valid[0m[1;31m
[gzserver-2] [0m[1;31m[0m[1;31m[0m[1;31m[Err] [Sensor.cc:510] [0m[1;31mGet noise index not valid[0m[1;31m
[gzserver-2] [0m[1;31m[0m[1;31m[0m[1;31m[Err] [Sensor.cc:510] [0m[1;31mGet noise index not valid[0m[1;31m
[gzserver-2] [0m[1;31m[0m[1;31m[0mTopic [default//drone/base_footprint/down_camera/image] is not valid.
[gzserver-2] Topic [default//drone/base_footprint/front_camera/image] is not valid.
[gzserver-2] [INFO] [1773124194.390499803] [drone.collision_plugin]: Publishing contact states to [/drone/bumper_states]
[gzserver-2] [1;33m[Wrn] [Event.cc:61] [0m[1;33mWarning: Deleting a connection right after creation. [0m[1;33mMake sure to save the ConnectionPtr from a Connect call
[gzserver-2] [0m[INFO] [1773124194.939323245] [drone.camera_bottom]: Publishing camera info to [/drone/bottom/camera_info]
[gzserver-2] [INFO] [1773124194.943667165] [drone.camera_front]: Publishing camera info to [/drone/front/camera_info]
[spawn_drone-5] [INFO] [1773124194.952805062] [spawn_drone]: Result True SpawnEntity: Successfully spawned entity [/drone]
[gzserver-2] [INFO] [1773124195.066834392] [drone.simple_drone]: The drone plugin is loading!
[gzserver-2] [INFO] [1773124195.067057660] [drone.simple_drone]: pub_odom: 1
[gzserver-2] [INFO] [1773124195.067092246] [drone.simple_drone]: Using following parameters: 
[gzserver-2] 		link_name: base_footprint,
[gzserver-2] 		max_force: 30,
[gzserver-2] 		motion_small_noise: 0,
[gzserver-2] 		motion_drift_noise: 0,
[gzserver-2] 		motion_drift_noise_time: 50,
[gzserver-2] 		takeoff_hover_height: 1.82,
[gzserver-2] 		takeoff_vertical_speed: 0.2
[gzserver-2] [INFO] [1773124195.079043634] [drone.simple_drone]: Using the PID parameters: 
[gzserver-2] 	Roll Pitch:
[gzserver-2] 		kP: 10, kI: 0,kD: 5, Limit: 0.5, Time Constant: 0
[gzserver-2] 	Yaw:
[gzserver-2] 		kP: 2, kI: 0,kD: 1, Limit: 1.5, Time Constant: 0
[gzserver-2] 	Velocity X:
[gzserver-2] 		kP: 5, kI: 0,kD: 2.3, Limit: 2, Time Constant: 0
[gzserver-2] 	Velocity Y:
[gzserver-2] 		kP: 5, kI: 0,kD: 2.3, Limit: 2, Time Constant: 0
[gzserver-2] 	Velocity Z:
[gzserver-2] 		kP: 5, kI: 0,kD: 1, Limit: -1, Time Constant: 0
[gzserver-2] 	Position XY:
[gzserver-2] 		kP: 1.1, kI: 0,kD: 0, Limit: 5, Time Constant: 0
[gzserver-2] 	Position Z:
[gzserver-2] 		kP: 1, kI: 0,kD: 0.2, Limit: -1, Time Constant: 0
[gzserver-2] [INFO] [1773124195.079183475] [drone.simple_drone]: The drone plugin finished loading!
[INFO] [spawn_drone-5]: process has finished cleanly [pid 2913048]
[gzserver-2] [INFO] [1773124202.307130744] [gazebo_wind_plugin_node]: WindPlugin: set wind_speed=0.00 wind_direction=0.0
[gzserver-2] [INFO] [1773124202.625541513] [gazebo_wind_plugin_node]: WindPlugin: set wind_speed=0.00 wind_direction=0.0
[gzserver-2] [INFO] [1773124202.671881256] [drone.simple_drone]: Quadrotor takes off!!
[gzserver-2] [INFO] [1773124202.885286360] [gazebo_wind_plugin_node]: WindPlugin: set wind_speed=0.00 wind_direction=0.0
[gzserver-2] [INFO] [1773124203.138139274] [gazebo_wind_plugin_node]: WindPlugin: set wind_speed=0.00 wind_direction=0.0
[gzserver-2] [INFO] [1773124203.391539914] [gazebo_wind_plugin_node]: WindPlugin: set wind_speed=0.00 wind_direction=0.0
[gzserver-2] [INFO] [1773124203.634265921] [gazebo_wind_plugin_node]: WindPlugin: set wind_speed=0.00 wind_direction=0.0
[gzserver-2] [INFO] [1773124203.877585680] [gazebo_wind_plugin_node]: WindPlugin: set wind_speed=0.00 wind_direction=0.0
[gzserver-2] [INFO] [1773124204.112448057] [gazebo_wind_plugin_node]: WindPlugin: set wind_speed=0.00 wind_direction=0.0
[gzserver-2] [0m[1;36m[Dbg] [wind_plugin.cpp:110] [0m[1;36mWindPlugin: received command -> speed=[0m[1;36m0[0m[1;36m dir=[0m[1;36m0[0m[1;36m
[gzserver-2] [0m[1;36m[Dbg] [wind_plugin.cpp:110] [0m[1;36mWindPlugin: received command -> speed=[0m[1;36m0[0m[1;36m dir=[0m[1;36m0[0m[1;36m
[gzserver-2] [0m[1;36m[Dbg] [wind_plugin.cpp:110] [0m[1;36mWindPlugin: received command -> speed=[0m[1;36m0[0m[1;36m dir=[0m[1;36m0[0m[1;36m
[gzserver-2] [0m[1;36m[Dbg] [wind_plugin.cpp:110] [0m[1;36mWindPlugin: received command -> speed=[0m[1;36m0[0m[1;36m dir=[0m[1;36m0[0m[1;36m
[gzserver-2] [0m[1;36m[Dbg] [wind_plugin.cpp:110] [0m[1;36mWindPlugin: received command -> speed=[0m[1;36m0[0m[1;36m dir=[0m[1;36m0[0m[1;36m
[gzserver-2] [0m[1;36m[Dbg] [wind_plugin.cpp:110] [0m[1;36mWindPlugin: received command -> speed=[0m[1;36m0[0m[1;36m dir=[0m[1;36m0[0m[1;36m
[gzserver-2] [0m[1;36m[Dbg] [wind_plugin.cpp:110] [0m[1;36mWindPlugin: received command -> speed=[0m[1;36m0[0m[1;36m dir=[0m[1;36m0[0m[1;36m
[gzserver-2] [0m[1;36m[Dbg] [wind_plugin.cpp:110] [0m[1;36mWindPlugin: received command -> speed=[0m[1;36m0[0m[1;36m dir=[0m[1;36m0[0m[1;36m
[gzserver-2] [0mEntering flying model!
[gzserver-2] [INFO] [1773124204.352413242] [gazebo_wind_plugin_node]: WindPlugin: set wind_speed=0.00 wind_direction=0.0
[gzserver-2] [INFO] [1773124204.610245349] [gazebo_wind_plugin_node]: WindPlugin: set wind_speed=2.31 wind_direction=-72.1
[gzserver-2] [INFO] [1773124204.867274763] [gazebo_wind_plugin_node]: WindPlugin: set wind_speed=2.23 wind_direction=-70.1
[gzserver-2] [INFO] [1773124205.110858703] [gazebo_wind_plugin_node]: WindPlugin: set wind_speed=2.23 wind_direction=-70.1
[gzserver-2] [INFO] [1773124205.351374257] [gazebo_wind_plugin_node]: WindPlugin: set wind_speed=2.23 wind_direction=-70.1
[gzserver-2] [INFO] [1773124205.597582520] [gazebo_wind_plugin_node]: WindPlugin: set wind_speed=2.23 wind_direction=-70.1
[gzserver-2] [INFO] [1773124205.846328960] [gazebo_wind_plugin_node]: WindPlugin: set wind_speed=2.55 wind_direction=-72.4
[gzserver-2] [INFO] [1773124206.092226778] [gazebo_wind_plugin_node]: WindPlugin: set wind_speed=2.55 wind_direction=-72.4
[gzserver-2] [INFO] [1773124206.331129391] [gazebo_wind_plugin_node]: WindPlugin: set wind_speed=2.55 wind_direction=-72.4
[gzserver-2] [INFO] [1773124206.571074627] [gazebo_wind_plugin_node]: WindPlugin: set wind_speed=2.55 wind_direction=-72.4
[gzserver-2] [INFO] [1773124206.811026142] [gazebo_wind_plugin_node]: WindPlugin: set wind_speed=2.61 wind_direction=-71.9
[gzserver-2] [INFO] [1773124207.050875433] [gazebo_wind_plugin_node]: WindPlugin: set wind_speed=2.61 wind_direction=-71.9
[gzserver-2] [INFO] [1773124207.285169508] [gazebo_wind_plugin_node]: WindPlugin: set wind_speed=2.61 wind_direction=-71.9
[gzserver-2] [INFO] [1773124207.526152296] [gazebo_wind_plugin_node]: WindPlugin: set wind_speed=2.61 wind_direction=-71.9
[gzserver-2] [INFO] [1773124207.771441393] [gazebo_wind_plugin_node]: WindPlugin: set wind_speed=2.61 wind_direction=-71.9
[gzserver-2] [INFO] [1773124208.020810994] [gazebo_wind_plugin_node]: WindPlugin: set wind_speed=2.45 wind_direction=-67.6
[gzserver-2] [INFO] [1773124208.266728307] [gazebo_wind_plugin_node]: WindPlugin: set wind_speed=2.45 wind_direction=-67.6
[gzserver-2] [INFO] [1773124208.506625042] [gazebo_wind_plugin_node]: WindPlugin: set wind_speed=2.45 wind_direction=-67.6
[gzserver-2] [INFO] [1773124208.746835746] [gazebo_wind_plugin_node]: WindPlugin: set wind_speed=2.45 wind_direction=-67.6
[gzserver-2] [INFO] [1773124208.987906519] [gazebo_wind_plugin_node]: WindPlugin: set wind_speed=2.35 wind_direction=-67.6
[gzserver-2] [INFO] [1773124209.227587252] [gazebo_wind_plugin_node]: WindPlugin: set wind_speed=2.35 wind_direction=-67.6
[gzserver-2] [INFO] [1773124209.283100819] [drone.simple_drone]: Quadrotor lands!!
[gzserver-2] [INFO] [1773124209.492210331] [gazebo_wind_plugin_node]: WindPlugin: set wind_speed=2.35 wind_direction=-67.6
[gzserver-2] [INFO] [1773124209.747096251] [gazebo_wind_plugin_node]: WindPlugin: set wind_speed=2.35 wind_direction=-67.6
[gzserver-2] [INFO] [1773124209.993816885] [gazebo_wind_plugin_node]: WindPlugin: set wind_speed=2.26 wind_direction=-68.0
[gzserver-2] [INFO] [1773124210.238525693] [gazebo_wind_plugin_node]: WindPlugin: set wind_speed=2.26 wind_direction=-68.0
[gzserver-2] [1;36m[Dbg] [wind_plugin.cpp:110] [0m[1;36mWindPlugin: received command -> speed=[0m[1;36m0[0m[1;36m dir=[0m[1;36m0[0m[1;36m
[gzserver-2] [0m[1;36m[Dbg] [wind_plugin.cpp:110] [0m[1;36mWindPlugin: received command -> speed=[0m[1;36m2.31287[0m[1;36m dir=[0m[1;36m-72.0715[0m[1;36m
[gzserver-2] [0m[1;36m[Dbg] [wind_plugin.cpp:110] [0m[1;36mWindPlugin: received command -> speed=[0m[1;36m2.22555[0m[1;36m dir=[0m[1;36m-70.1419[0m[1;36m
[gzserver-2] [0m[1;36m[Dbg] [wind_plugin.cpp:110] [0m[1;36mWindPlugin: received command -> speed=[0m[1;36m2.22555[0m[1;36m dir=[0m[1;36m-70.1419[0m[1;36m
[gzserver-2] [0m[1;36m[Dbg] [wind_plugin.cpp:110] [0m[1;36mWindPlugin: received command -> speed=[0m[1;36m2.22555[0m[1;36m dir=[0m[1;36m-70.1419[0m[1;36m
[gzserver-2] [0m[1;36m[Dbg] [wind_plugin.cpp:110] [0m[1;36mWindPlugin: received command -> speed=[0m[1;36m2.22555[0m[1;36m dir=[0m[1;36m-70.1419[0m[1;36m
[gzserver-2] [0m[1;36m[Dbg] [wind_plugin.cpp:110] [0m[1;36mWindPlugin: received command -> speed=[0m[1;36m2.5476[0m[1;36m dir=[0m[1;36m-72.3834[0m[1;36m
[gzserver-2] [0m[1;36m[Dbg] [wind_plugin.cpp:110] [0m[1;36mWindPlugin: received command -> speed=[0m[1;36m2.5476[0m[1;36m dir=[0m[1;36m-72.3834[0m[1;36m
[gzserver-2] [0m[1;36m[Dbg] [wind_plugin.cpp:110] [0m[1;36mWindPlugin: received command -> speed=[0m[1;36m2.5476[0m[1;36m dir=[0m[1;36m-72.3834[0m[1;36m
[gzserver-2] [0m[1;36m[Dbg] [wind_plugin.cpp:110] [0m[1;36mWindPlugin: received command -> speed=[0m[1;36m2.5476[0m[1;36m dir=[0m[1;36m-72.3834[0m[1;36m
[gzserver-2] [0m[1;36m[Dbg] [wind_plugin.cpp:110] [0m[1;36mWindPlugin: received command -> speed=[0m[1;36m2.60736[0m[1;36m dir=[0m[1;36m-71.9319[0m[1;36m
[gzserver-2] [0m[1;36m[Dbg] [wind_plugin.cpp:110] [0m[1;36mWindPlugin: received command -> speed=[0m[1;36m2.60736[0m[1;36m dir=[0m[1;36m-71.9319[0m[1;36m
[gzserver-2] [0m[1;36m[Dbg] [wind_plugin.cpp:110] [0m[1;36mWindPlugin: received command -> speed=[0m[1;36m2.60736[0m[1;36m dir=[0m[1;36m-71.9319[0m[1;36m
[gzserver-2] [0m[1;36m[Dbg] [wind_plugin.cpp:110] [0m[1;36mWindPlugin: received command -> speed=[0m[1;36m2.60736[0m[1;36m dir=[0m[1;36m-71.9319[0m[1;36m
[gzserver-2] [0m[1;36m[Dbg] [wind_plugin.cpp:110] [0m[1;36mWindPlugin: received command -> speed=[0m[1;36m2.60736[0m[1;36m dir=[0m[1;36m-71.9319[0m[1;36m
[gzserver-2] [0m[1;36m[Dbg] [wind_plugin.cpp:110] [0m[1;36mWindPlugin: received command -> speed=[0m[1;36m2.44662[0m[1;36m dir=[0m[1;36m-67.5916[0m[1;36m
[gzserver-2] [0m[1;36m[Dbg] [wind_plugin.cpp:110] [0m[1;36mWindPlugin: received command -> speed=[0m[1;36m2.44662[0m[1;36m dir=[0m[1;36m-67.5916[0m[1;36m
[gzserver-2] [0m[1;36m[Dbg] [wind_plugin.cpp:110] [0m[1;36mWindPlugin: received command -> speed=[0m[1;36m2.44662[0m[1;36m dir=[0m[1;36m-67.5916[0m[1;36m
[gzserver-2] [0m[1;36m[Dbg] [wind_plugin.cpp:110] [0m[1;36mWindPlugin: received command -> speed=[0m[1;36m2.44662[0m[1;36m dir=[0m[1;36m-67.5916[0m[1;36m
[gzserver-2] [0m[1;36m[Dbg] [wind_plugin.cpp:110] [0m[1;36mWindPlugin: received command -> speed=[0m[1;36m2.35285[0m[1;36m dir=[0m[1;36m-67.5801[0m[1;36m
[gzserver-2] [0m[1;36m[Dbg] [wind_plugin.cpp:110] [0m[1;36mWindPlugin: received command -> speed=[0m[1;36m2.35285[0m[1;36m dir=[0m[1;36m-67.5801[0m[1;36m
[gzserver-2] [0m[1;36m[Dbg] [wind_plugin.cpp:110] [0m[1;36mWindPlugin: received command -> speed=[0m[1;36m2.35285[0m[1;36m dir=[0m[1;36m-67.5801[0m[1;36m
[gzserver-2] [0m[1;36m[Dbg] [wind_plugin.cpp:110] [0m[1;36mWindPlugin: received command -> speed=[0m[1;36m2.35285[0m[1;36m dir=[0m[1;36m-67.5801[0m[1;36m
[gzserver-2] [0m[1;36m[Dbg] [wind_plugin.cpp:110] [0m[1;36mWindPlugin: received command -> speed=[0m[1;36m2.2575[0m[1;36m dir=[0m[1;36m-67.9784[0m[1;36m
[gzserver-2] [0m[1;36m[Dbg] [wind_plugin.cpp:110] [0m[1;36mWindPlugin: received command -> speed=[0m[1;36m2.2575[0m[1;36m dir=[0m[1;36m-67.9784[0m[1;36m
[gzserver-2] [0mLanded!
[gzserver-2] [INFO] [1773124210.473000124] [gazebo_wind_plugin_node]: WindPlugin: set wind_speed=2.26 wind_direction=-68.0
[gzserver-2] [INFO] [1773124210.713025712] [gazebo_wind_plugin_node]: WindPlugin: set wind_speed=2.26 wind_direction=-68.0
[gzserver-2] [INFO] [1773124210.952540490] [gazebo_wind_plugin_node]: WindPlugin: set wind_speed=2.51 wind_direction=-68.8
[gzserver-2] [INFO] [1773124211.188159502] [gazebo_wind_plugin_node]: WindPlugin: set wind_speed=2.51 wind_direction=-68.8
[gzserver-2] [INFO] [1773124211.430349229] [gazebo_wind_plugin_node]: WindPlugin: set wind_speed=2.51 wind_direction=-68.8
[gzserver-2] [INFO] [1773124211.669731611] [gazebo_wind_plugin_node]: WindPlugin: set wind_speed=2.51 wind_direction=-68.8
[gzserver-2] [INFO] [1773124211.909382250] [gazebo_wind_plugin_node]: WindPlugin: set wind_speed=2.59 wind_direction=-68.9
[gzserver-2] [INFO] [1773124212.152201072] [gazebo_wind_plugin_node]: WindPlugin: set wind_speed=2.59 wind_direction=-68.9
