[INFO] [launch]: All log files can be found below /home/j/.ros/log/2026-03-11-07-28-51-181123-j-1768705
[INFO] [launch]: Default logging verbosity is set to INFO
[INFO] [launch.user]: [bringup] Apriltag config: camera=/drone/bottom, image=/drone/bottom/image_raw, tags=/drone/bottom/tags, bridge=/landing_tag_state, standalone=true, use_target_id=true, target_id=0
[INFO] [rviz2-1]: process started with pid [1768710]
[INFO] [gzserver-2]: process started with pid [1768712]
[INFO] [robot_state_publisher-3]: process started with pid [1768714]
[INFO] [joint_state_publisher-4]: process started with pid [1768716]
[INFO] [spawn_drone-5]: process started with pid [1768718]
[INFO] [static_transform_publisher-6]: process started with pid [1768720]
[INFO] [joy_node-7]: process started with pid [1768722]
[INFO] [teleop_joystick-8]: process started with pid [1768724]
[INFO] [apriltag_detector_node-9]: process started with pid [1768727]
[INFO] [apriltag_state_bridge-10]: process started with pid [1768729]
[static_transform_publisher-6] [WARN] [1773181731.656249971] []: Old-style arguments are deprecated; see --help for new-style arguments
[static_transform_publisher-6] [INFO] [1773181731.663640478] [static_transform_publisher_0yespbNx2pRcJvbe]: Spinning until stopped - publishing transform
[static_transform_publisher-6] translation: ('0.000000', '0.000000', '0.000000')
[static_transform_publisher-6] rotation: ('0.000000', '0.000000', '0.000000', '1.000000')
[static_transform_publisher-6] from 'world' to '/drone/odom'
[robot_state_publisher-3] [INFO] [1773181731.688051410] [drone.robot_state_publisher]: got segment base_footprint
[robot_state_publisher-3] [INFO] [1773181731.688148177] [drone.robot_state_publisher]: got segment base_link
[robot_state_publisher-3] [INFO] [1773181731.688160347] [drone.robot_state_publisher]: got segment bottom_cam_link
[robot_state_publisher-3] [INFO] [1773181731.688168697] [drone.robot_state_publisher]: got segment front_cam_link
[robot_state_publisher-3] [INFO] [1773181731.688175967] [drone.robot_state_publisher]: got segment sonar_link
[apriltag_detector_node-9] [INFO] [1773181731.696517530] [apriltag_detector_node]: tag detector type: umich
[rviz2-1] 
[rviz2-1] (rviz2:1768710): dbind-WARNING **: 07:28:51.698: Couldn't connect to accessibility bus: Failed to connect to socket /root/.cache/at-spi/bus_0: 허가 거부
[teleop_joystick-8] Traceback (most recent call last):
[teleop_joystick-8]   File "/home/j/INCSL/IICC26_ws/install/sjtu_drone_control/lib/sjtu_drone_control/teleop_joystick", line 33, in <module>
[teleop_joystick-8]     sys.exit(load_entry_point('sjtu_drone_control==0.0.0', 'console_scripts', 'teleop_joystick')())
[teleop_joystick-8]   File "/home/j/INCSL/IICC26_ws/install/sjtu_drone_control/lib/sjtu_drone_control/teleop_joystick", line 22, in importlib_load_entry_point
[teleop_joystick-8]     for entry_point in distribution(dist_name).entry_points
[teleop_joystick-8]   File "/usr/lib/python3.10/importlib/metadata/__init__.py", line 969, in distribution
[teleop_joystick-8]     return Distribution.from_name(distribution_name)
[teleop_joystick-8]   File "/usr/lib/python3.10/importlib/metadata/__init__.py", line 548, in from_name
[teleop_joystick-8]     raise PackageNotFoundError(name)
[teleop_joystick-8] importlib.metadata.PackageNotFoundError: No package metadata was found for sjtu_drone_control
[ERROR] [teleop_joystick-8]: process has died [pid 1768724, exit code 1, cmd '/home/j/INCSL/IICC26_ws/install/sjtu_drone_control/lib/sjtu_drone_control/teleop_joystick --ros-args -r __ns:=/drone'].
[gzserver-2] Gazebo multi-robot simulator, version 11.10.2
[gzserver-2] Copyright (C) 2012 Open Source Robotics Foundation.
[gzserver-2] Released under the Apache 2 License.
[gzserver-2] http://gazebosim.org
[gzserver-2] 
[apriltag_state_bridge-10] [INFO] [1773181731.903952656] [apriltag_state_bridge]: AprilTag bridge started: /drone/bottom/tags -> /landing_tag_state, use_target_id=True, target_id=0
[joint_state_publisher-4] [INFO] [1773181731.923757683] [drone.joint_state_publisher]: Waiting for robot_description to be published on the robot_description topic...
[gzserver-2] [1;33m[Wrn] [gazebo_ros_init.cpp:178] [0m[1;33m
[gzserver-2] #     # ####### ####### ###  #####  #######
[gzserver-2] ##    # #     #    #     #  #     # #
[gzserver-2] # #   # #     #    #     #  #       #
[gzserver-2] #  #  # #     #    #     #  #       #####
[gzserver-2] #   # # #     #    #     #  #       #
[gzserver-2] #    ## #     #    #     #  #     # #
[gzserver-2] #     # #######    #    ###  #####  #######
[gzserver-2] 
[gzserver-2] This version of Gazebo, now called Gazebo classic, reaches end-of-life
[gzserver-2] in January 2025. Users are highly encouraged to migrate to the new Gazebo
[gzserver-2] using our migration guides (https://gazebosim.org/docs/latest/gazebo_classic_migration?utm_source=gazebo_ros_pkgs&utm_medium=cli)
[gzserver-2] 
[gzserver-2] [0m[1;33m
[rviz2-1] [INFO] [1773181732.471217241] [rviz2]: Stereo is NOT SUPPORTED
[rviz2-1] [INFO] [1773181732.471338069] [rviz2]: OpenGl version: 4.6 (GLSL 4.6)
[rviz2-1] [INFO] [1773181732.558811823] [rviz2]: Stereo is NOT SUPPORTED
[rviz2-1] [INFO] [1773181732.651562165] [rviz2]: Stereo is NOT SUPPORTED
[spawn_drone-5] [INFO] [1773181733.038126353] [spawn_drone]: Result False Entity pushed to spawn queue, but spawn service timed outwaiting for entity to appear in simulation under the name [/drone]
[gzserver-2] [1;32m[Msg] [0m[1;32mWaiting for master.[0m[1;32m
[gzserver-2] [0m[1;32m[0m[1;32m[0m[1;32m[Msg] [0m[1;32mConnected to gazebo master @ [0m[1;32mhttp://127.0.0.1:11345[0m[1;32m
[gzserver-2] [0m[1;32m[0m[1;32m[0m[1;32m[Msg] [0m[1;32mPublicized address: [0m[1;32m192.168.0.11[0m[1;32m
[gzserver-2] [0m[1;32m[0m[1;32m[0m[1;32m[Msg] [0m[1;32mLoading world file [[0m[1;32m/home/j/INCSL/IICC26_ws/install/sjtu_drone_description/share/sjtu_drone_description/worlds/landingPad.world[0m[1;32m][0m[1;32m
[gzserver-2] [0m[1;32m[0m[1;32m[0m[1;36m[Dbg] [wind_plugin.cpp:96] [0m[1;36mWindPlugin loaded: speed=[0m[1;36m0[0m[1;36m dir=[0m[1;36m0[0m[1;36m deg area=[0m[1;36m0.1[0m[1;36m coeff=[0m[1;36m1[0m[1;36m
[gzserver-2] [0m[1;33m[0m[1;33m[0m[1;31m[Err] [Sensor.cc:510] [0m[1;31mGet noise index not valid[0m[1;31m
[gzserver-2] [0m[1;31m[0m[1;31m[0m[1;31m[Err] [Sensor.cc:510] [0m[1;31mGet noise index not valid[0m[1;31m
[gzserver-2] [0m[1;31m[0m[1;31m[0m[1;31m[Err] [Sensor.cc:510] [0m[1;31mGet noise index not valid[0m[1;31m
[gzserver-2] [0m[1;31m[0m[1;31m[0m[1;31m[Err] [Sensor.cc:510] [0m[1;31mGet noise index not valid[0m[1;31m
[gzserver-2] [0m[1;31m[0m[1;31m[0m[1;31m[Err] [Sensor.cc:510] [0m[1;31mGet noise index not valid[0m[1;31m
[gzserver-2] [0m[1;31m[0m[1;31m[0m[1;31m[Err] [Sensor.cc:510] [0m[1;31mGet noise index not valid[0m[1;31m
[gzserver-2] [0m[1;31m[0m[1;31m[0mTopic [default//drone/base_footprint/down_camera/image] is not valid.
[gzserver-2] [INFO] [1773181733.067162299] [drone.collision_plugin]: Publishing contact states to [/drone/bumper_states]
[gzserver-2] Topic [default//drone/base_footprint/front_camera/image] is not valid.
[gzserver-2] [1;33m[Wrn] [Event.cc:61] [0m[1;33mWarning: Deleting a connection right after creation. [0m[1;33mMake sure to save the ConnectionPtr from a Connect call
[INFO] [spawn_drone-5]: process has finished cleanly [pid 1768718]
[gzserver-2] [0m[INFO] [1773181733.641561342] [drone.camera_bottom]: Publishing camera info to [/drone/bottom/camera_info]
[gzserver-2] [INFO] [1773181733.644327092] [drone.camera_front]: Publishing camera info to [/drone/front/camera_info]
[gzserver-2] [INFO] [1773181733.765795430] [drone.simple_drone]: The drone plugin is loading!
[gzserver-2] [INFO] [1773181733.765992948] [drone.simple_drone]: pub_odom: 1
[gzserver-2] [INFO] [1773181733.766027590] [drone.simple_drone]: Using following parameters: 
[gzserver-2] 		link_name: base_footprint,
[gzserver-2] 		max_force: 30,
[gzserver-2] 		motion_small_noise: 0,
[gzserver-2] 		motion_drift_noise: 0,
[gzserver-2] 		motion_drift_noise_time: 50,
[gzserver-2] 		takeoff_hover_height: 1.6,
[gzserver-2] 		takeoff_vertical_speed: 0.2
[gzserver-2] [INFO] [1773181733.777800462] [drone.simple_drone]: Using the PID parameters: 
[gzserver-2] 	Roll Pitch:
[gzserver-2] 		kP: 10, kI: 0,kD: 5, Limit: 0.5, Time Constant: 0
[gzserver-2] 	Yaw:
[gzserver-2] 		kP: 2, kI: 0,kD: 1, Limit: 1.5, Time Constant: 0
[gzserver-2] 	Velocity X:
[gzserver-2] 		kP: 5, kI: 0,kD: 2.3, Limit: 2, Time Constant: 0
[gzserver-2] 	Velocity Y:
[gzserver-2] 		kP: 5, kI: 0,kD: 2.3, Limit: 2, Time Constant: 0
[gzserver-2] 	Velocity Z:
[gzserver-2] 		kP: 5, kI: 0,kD: 1, Limit: -1, Time Constant: 0
[gzserver-2] 	Position XY:
[gzserver-2] 		kP: 1.1, kI: 0,kD: 0, Limit: 5, Time Constant: 0
[gzserver-2] 	Position Z:
[gzserver-2] 		kP: 1, kI: 0,kD: 0.2, Limit: -1, Time Constant: 0
[gzserver-2] [INFO] [1773181733.777933288] [drone.simple_drone]: The drone plugin finished loading!
[gzserver-2] [INFO] [1773181741.011144924] [gazebo_wind_plugin_node]: WindPlugin: set wind_speed=0.00 wind_direction=0.0
[gzserver-2] [INFO] [1773181741.284001577] [gazebo_wind_plugin_node]: WindPlugin: set wind_speed=0.00 wind_direction=0.0
[gzserver-2] [INFO] [1773181741.322178999] [drone.simple_drone]: Quadrotor takes off!!
[gzserver-2] [INFO] [1773181741.522955842] [gazebo_wind_plugin_node]: WindPlugin: set wind_speed=0.00 wind_direction=0.0
[gzserver-2] [INFO] [1773181741.763942148] [gazebo_wind_plugin_node]: WindPlugin: set wind_speed=0.00 wind_direction=0.0
[gzserver-2] [INFO] [1773181742.004592076] [gazebo_wind_plugin_node]: WindPlugin: set wind_speed=0.00 wind_direction=0.0
[gzserver-2] [INFO] [1773181742.244120884] [gazebo_wind_plugin_node]: WindPlugin: set wind_speed=0.00 wind_direction=0.0
[gzserver-2] [INFO] [1773181742.485432052] [gazebo_wind_plugin_node]: WindPlugin: set wind_speed=0.00 wind_direction=0.0
[gzserver-2] [0m[1;36m[Dbg] [wind_plugin.cpp:110] [0m[1;36mWindPlugin: received command -> speed=[0m[1;36m0[0m[1;36m dir=[0m[1;36m0[0m[1;36m
[gzserver-2] [0m[1;36m[Dbg] [wind_plugin.cpp:110] [0m[1;36mWindPlugin: received command -> speed=[0m[1;36m0[0m[1;36m dir=[0m[1;36m0[0m[1;36m
[gzserver-2] [0m[1;36m[Dbg] [wind_plugin.cpp:110] [0m[1;36mWindPlugin: received command -> speed=[0m[1;36m0[0m[1;36m dir=[0m[1;36m0[0m[1;36m
[gzserver-2] [0m[1;36m[Dbg] [wind_plugin.cpp:110] [0m[1;36mWindPlugin: received command -> speed=[0m[1;36m0[0m[1;36m dir=[0m[1;36m0[0m[1;36m
[gzserver-2] [0m[1;36m[Dbg] [wind_plugin.cpp:110] [0m[1;36mWindPlugin: received command -> speed=[0m[1;36m0[0m[1;36m dir=[0m[1;36m0[0m[1;36m
[gzserver-2] [0m[1;36m[Dbg] [wind_plugin.cpp:110] [0m[1;36mWindPlugin: received command -> speed=[0m[1;36m0[0m[1;36m dir=[0m[1;36m0[0m[1;36m
[gzserver-2] [0m[1;36m[Dbg] [wind_plugin.cpp:110] [0m[1;36mWindPlugin: received command -> speed=[0m[1;36m0[0m[1;36m dir=[0m[1;36m0[0m[1;36m
[gzserver-2] [0mEntering flying model!
[gzserver-2] [INFO] [1773181742.726346032] [gazebo_wind_plugin_node]: WindPlugin: set wind_speed=0.00 wind_direction=0.0
[gzserver-2] [INFO] [1773181742.960871922] [gazebo_wind_plugin_node]: WindPlugin: set wind_speed=2.02 wind_direction=-97.8
[gzserver-2] [INFO] [1773181743.195104364] [gazebo_wind_plugin_node]: WindPlugin: set wind_speed=2.02 wind_direction=-97.8
[gzserver-2] [INFO] [1773181743.429723447] [gazebo_wind_plugin_node]: WindPlugin: set wind_speed=2.02 wind_direction=-97.8
[gzserver-2] [INFO] [1773181743.663937161] [gazebo_wind_plugin_node]: WindPlugin: set wind_speed=1.91 wind_direction=-96.7
[gzserver-2] [INFO] [1773181743.897999938] [gazebo_wind_plugin_node]: WindPlugin: set wind_speed=1.91 wind_direction=-96.7
[gzserver-2] [INFO] [1773181744.133057528] [gazebo_wind_plugin_node]: WindPlugin: set wind_speed=1.91 wind_direction=-96.7
[gzserver-2] [INFO] [1773181744.367100547] [gazebo_wind_plugin_node]: WindPlugin: set wind_speed=1.91 wind_direction=-96.7
[gzserver-2] [INFO] [1773181744.606664433] [gazebo_wind_plugin_node]: WindPlugin: set wind_speed=2.08 wind_direction=-98.3
[gzserver-2] [INFO] [1773181744.836470733] [gazebo_wind_plugin_node]: WindPlugin: set wind_speed=2.08 wind_direction=-98.3
[gzserver-2] [INFO] [1773181745.078005146] [gazebo_wind_plugin_node]: WindPlugin: set wind_speed=2.08 wind_direction=-98.3
[gzserver-2] [INFO] [1773181745.317717143] [gazebo_wind_plugin_node]: WindPlugin: set wind_speed=2.08 wind_direction=-98.3
[gzserver-2] [INFO] [1773181745.557072860] [gazebo_wind_plugin_node]: WindPlugin: set wind_speed=1.95 wind_direction=-98.1
[gzserver-2] [INFO] [1773181745.791407611] [gazebo_wind_plugin_node]: WindPlugin: set wind_speed=1.95 wind_direction=-98.1
[gzserver-2] [INFO] [1773181746.026179759] [gazebo_wind_plugin_node]: WindPlugin: set wind_speed=1.95 wind_direction=-98.1
[gzserver-2] [INFO] [1773181746.265689734] [gazebo_wind_plugin_node]: WindPlugin: set wind_speed=1.95 wind_direction=-98.1
[gzserver-2] [INFO] [1773181746.298618532] [drone.simple_drone]: Quadrotor lands!!
[gzserver-2] [INFO] [1773181746.500129326] [gazebo_wind_plugin_node]: WindPlugin: set wind_speed=1.95 wind_direction=-98.1
[gzserver-2] [INFO] [1773181746.737314105] [gazebo_wind_plugin_node]: WindPlugin: set wind_speed=1.84 wind_direction=-99.7
[gzserver-2] [INFO] [1773181746.977275120] [gazebo_wind_plugin_node]: WindPlugin: set wind_speed=1.84 wind_direction=-99.7
[gzserver-2] [INFO] [1773181747.216705339] [gazebo_wind_plugin_node]: WindPlugin: set wind_speed=1.84 wind_direction=-99.7
[gzserver-2] [1;36m[Dbg] [wind_plugin.cpp:110] [0m[1;36mWindPlugin: received command -> speed=[0m[1;36m0[0m[1;36m dir=[0m[1;36m0[0m[1;36m
[gzserver-2] [0m[1;36m[Dbg] [wind_plugin.cpp:110] [0m[1;36mWindPlugin: received command -> speed=[0m[1;36m2.02286[0m[1;36m dir=[0m[1;36m-97.7777[0m[1;36m
[gzserver-2] [0m[1;36m[Dbg] [wind_plugin.cpp:110] [0m[1;36mWindPlugin: received command -> speed=[0m[1;36m2.02286[0m[1;36m dir=[0m[1;36m-97.7777[0m[1;36m
[gzserver-2] [0m[1;36m[Dbg] [wind_plugin.cpp:110] [0m[1;36mWindPlugin: received command -> speed=[0m[1;36m2.02286[0m[1;36m dir=[0m[1;36m-97.7777[0m[1;36m
[gzserver-2] [0m[1;36m[Dbg] [wind_plugin.cpp:110] [0m[1;36mWindPlugin: received command -> speed=[0m[1;36m1.91478[0m[1;36m dir=[0m[1;36m-96.676[0m[1;36m
[gzserver-2] [0m[1;36m[Dbg] [wind_plugin.cpp:110] [0m[1;36mWindPlugin: received command -> speed=[0m[1;36m1.91478[0m[1;36m dir=[0m[1;36m-96.676[0m[1;36m
[gzserver-2] [0m[1;36m[Dbg] [wind_plugin.cpp:110] [0m[1;36mWindPlugin: received command -> speed=[0m[1;36m1.91478[0m[1;36m dir=[0m[1;36m-96.676[0m[1;36m
[gzserver-2] [0m[1;36m[Dbg] [wind_plugin.cpp:110] [0m[1;36mWindPlugin: received command -> speed=[0m[1;36m1.91478[0m[1;36m dir=[0m[1;36m-96.676[0m[1;36m
[gzserver-2] [0m[1;36m[Dbg] [wind_plugin.cpp:110] [0m[1;36mWindPlugin: received command -> speed=[0m[1;36m2.07508[0m[1;36m dir=[0m[1;36m-98.2666[0m[1;36m
[gzserver-2] [0m[1;36m[Dbg] [wind_plugin.cpp:110] [0m[1;36mWindPlugin: received command -> speed=[0m[1;36m2.07508[0m[1;36m dir=[0m[1;36m-98.2666[0m[1;36m
[gzserver-2] [0m[1;36m[Dbg] [wind_plugin.cpp:110] [0m[1;36mWindPlugin: received command -> speed=[0m[1;36m2.07508[0m[1;36m dir=[0m[1;36m-98.2666[0m[1;36m
[gzserver-2] [0m[1;36m[Dbg] [wind_plugin.cpp:110] [0m[1;36mWindPlugin: received command -> speed=[0m[1;36m2.07508[0m[1;36m dir=[0m[1;36m-98.2666[0m[1;36m
[gzserver-2] [0m[1;36m[Dbg] [wind_plugin.cpp:110] [0m[1;36mWindPlugin: received command -> speed=[0m[1;36m1.95029[0m[1;36m dir=[0m[1;36m-98.0592[0m[1;36m
[gzserver-2] [0m[1;36m[Dbg] [wind_plugin.cpp:110] [0m[1;36mWindPlugin: received command -> speed=[0m[1;36m1.95029[0m[1;36m dir=[0m[1;36m-98.0592[0m[1;36m
[gzserver-2] [0m[1;36m[Dbg] [wind_plugin.cpp:110] [0m[1;36mWindPlugin: received command -> speed=[0m[1;36m1.95029[0m[1;36m dir=[0m[1;36m-98.0592[0m[1;36m
[gzserver-2] [0m[1;36m[Dbg] [wind_plugin.cpp:110] [0m[1;36mWindPlugin: received command -> speed=[0m[1;36m1.95029[0m[1;36m dir=[0m[1;36m-98.0592[0m[1;36m
[gzserver-2] [0m[1;36m[Dbg] [wind_plugin.cpp:110] [0m[1;36mWindPlugin: received command -> speed=[0m[1;36m1.95029[0m[1;36m dir=[0m[1;36m-98.0592[0m[1;36m
[gzserver-2] [0m[1;36m[Dbg] [wind_plugin.cpp:110] [0m[1;36mWindPlugin: received command -> speed=[0m[1;36m1.83871[0m[1;36m dir=[0m[1;36m-99.7262[0m[1;36m
[gzserver-2] [0m[1;36m[Dbg] [wind_plugin.cpp:110] [0m[1;36mWindPlugin: received command -> speed=[0m[1;36m1.83871[0m[1;36m dir=[0m[1;36m-99.7262[0m[1;36m
[gzserver-2] [0m[1;36m[Dbg] [wind_plugin.cpp:110] [0m[1;36mWindPlugin: received command -> speed=[0m[1;36m1.83871[0m[1;36m dir=[0m[1;36m-99.7262[0m[1;36m
[gzserver-2] [0mLanded!
[gzserver-2] [INFO] [1773181747.451629200] [gazebo_wind_plugin_node]: WindPlugin: set wind_speed=1.84 wind_direction=-99.7
[gzserver-2] [INFO] [1773181747.691782373] [gazebo_wind_plugin_node]: WindPlugin: set wind_speed=1.99 wind_direction=-100.3
[gzserver-2] [INFO] [1773181747.931278752] [gazebo_wind_plugin_node]: WindPlugin: set wind_speed=1.99 wind_direction=-100.3
[gzserver-2] [INFO] [1773181748.165968330] [gazebo_wind_plugin_node]: WindPlugin: set wind_speed=1.99 wind_direction=-100.3
[gzserver-2] [INFO] [1773181748.400850691] [gazebo_wind_plugin_node]: WindPlugin: set wind_speed=1.99 wind_direction=-100.3
[gzserver-2] [INFO] [1773181748.635459422] [gazebo_wind_plugin_node]: WindPlugin: set wind_speed=2.07 wind_direction=-98.4
[gzserver-2] [INFO] [1773181748.875712510] [gazebo_wind_plugin_node]: WindPlugin: set wind_speed=2.07 wind_direction=-98.4
[gzserver-2] [INFO] [1773181749.109899144] [gazebo_wind_plugin_node]: WindPlugin: set wind_speed=2.07 wind_direction=-98.4
