[INFO] [launch]: All log files can be found below /home/j/.ros/log/2026-03-10-17-07-42-370628-j-3365834
[INFO] [launch]: Default logging verbosity is set to INFO
[INFO] [launch.user]: [bringup] Apriltag config: camera=/drone/bottom, image=/drone/bottom/image_raw, tags=/drone/bottom/tags, bridge=/landing_tag_state, standalone=true, use_target_id=true, target_id=0
[INFO] [rviz2-1]: process started with pid [3365837]
[INFO] [gzserver-2]: process started with pid [3365839]
[INFO] [robot_state_publisher-3]: process started with pid [3365841]
[INFO] [joint_state_publisher-4]: process started with pid [3365843]
[INFO] [spawn_drone-5]: process started with pid [3365845]
[INFO] [static_transform_publisher-6]: process started with pid [3365847]
[INFO] [joy_node-7]: process started with pid [3365849]
[INFO] [teleop_joystick-8]: process started with pid [3365851]
[INFO] [apriltag_detector_node-9]: process started with pid [3365853]
[INFO] [apriltag_state_bridge-10]: process started with pid [3365855]
[static_transform_publisher-6] [WARN] [1773130062.842783309] []: Old-style arguments are deprecated; see --help for new-style arguments
[static_transform_publisher-6] [INFO] [1773130062.848571702] [static_transform_publisher_xMupkAvtLmsPmv0b]: Spinning until stopped - publishing transform
[static_transform_publisher-6] translation: ('0.000000', '0.000000', '0.000000')
[static_transform_publisher-6] rotation: ('0.000000', '0.000000', '0.000000', '1.000000')
[static_transform_publisher-6] from 'world' to '/drone/odom'
[robot_state_publisher-3] [INFO] [1773130062.873555593] [drone.robot_state_publisher]: got segment base_footprint
[robot_state_publisher-3] [INFO] [1773130062.873618468] [drone.robot_state_publisher]: got segment base_link
[robot_state_publisher-3] [INFO] [1773130062.873624240] [drone.robot_state_publisher]: got segment bottom_cam_link
[robot_state_publisher-3] [INFO] [1773130062.873627433] [drone.robot_state_publisher]: got segment front_cam_link
[robot_state_publisher-3] [INFO] [1773130062.873630332] [drone.robot_state_publisher]: got segment sonar_link
[apriltag_detector_node-9] [INFO] [1773130062.876980181] [apriltag_detector_node]: tag detector type: umich
[rviz2-1] 
[rviz2-1] (rviz2:3365837): dbind-WARNING **: 17:07:42.878: Couldn't connect to accessibility bus: Failed to connect to socket /root/.cache/at-spi/bus_0: 허가 거부
[teleop_joystick-8] Traceback (most recent call last):
[teleop_joystick-8]   File "/home/j/INCSL/IICC26_ws/install/sjtu_drone_control/lib/sjtu_drone_control/teleop_joystick", line 33, in <module>
[teleop_joystick-8]     sys.exit(load_entry_point('sjtu_drone_control==0.0.0', 'console_scripts', 'teleop_joystick')())
[teleop_joystick-8]   File "/home/j/INCSL/IICC26_ws/install/sjtu_drone_control/lib/sjtu_drone_control/teleop_joystick", line 22, in importlib_load_entry_point
[teleop_joystick-8]     for entry_point in distribution(dist_name).entry_points
[teleop_joystick-8]   File "/usr/lib/python3.10/importlib/metadata/__init__.py", line 969, in distribution
[teleop_joystick-8]     return Distribution.from_name(distribution_name)
[teleop_joystick-8]   File "/usr/lib/python3.10/importlib/metadata/__init__.py", line 548, in from_name
[teleop_joystick-8]     raise PackageNotFoundError(name)
[teleop_joystick-8] importlib.metadata.PackageNotFoundError: No package metadata was found for sjtu_drone_control
[ERROR] [teleop_joystick-8]: process has died [pid 3365851, exit code 1, cmd '/home/j/INCSL/IICC26_ws/install/sjtu_drone_control/lib/sjtu_drone_control/teleop_joystick --ros-args -r __ns:=/drone'].
[gzserver-2] Gazebo multi-robot simulator, version 11.10.2
[gzserver-2] Copyright (C) 2012 Open Source Robotics Foundation.
[gzserver-2] Released under the Apache 2 License.
[gzserver-2] http://gazebosim.org
[gzserver-2] 
[joint_state_publisher-4] [INFO] [1773130063.098679394] [drone.joint_state_publisher]: Waiting for robot_description to be published on the robot_description topic...
[apriltag_state_bridge-10] [INFO] [1773130063.145367257] [apriltag_state_bridge]: AprilTag bridge started: /drone/bottom/tags -> /landing_tag_state, use_target_id=True, target_id=0
[gzserver-2] [1;33m[Wrn] [gazebo_ros_init.cpp:178] [0m[1;33m
[gzserver-2] #     # ####### ####### ###  #####  #######
[gzserver-2] ##    # #     #    #     #  #     # #
[gzserver-2] # #   # #     #    #     #  #       #
[gzserver-2] #  #  # #     #    #     #  #       #####
[gzserver-2] #   # # #     #    #     #  #       #
[gzserver-2] #    ## #     #    #     #  #     # #
[gzserver-2] #     # #######    #    ###  #####  #######
[gzserver-2] 
[gzserver-2] This version of Gazebo, now called Gazebo classic, reaches end-of-life
[gzserver-2] in January 2025. Users are highly encouraged to migrate to the new Gazebo
[gzserver-2] using our migration guides (https://gazebosim.org/docs/latest/gazebo_classic_migration?utm_source=gazebo_ros_pkgs&utm_medium=cli)
[gzserver-2] 
[gzserver-2] [0m[1;33m
[rviz2-1] [INFO] [1773130063.680029362] [rviz2]: Stereo is NOT SUPPORTED
[rviz2-1] [INFO] [1773130063.680133296] [rviz2]: OpenGl version: 4.6 (GLSL 4.6)
[rviz2-1] [INFO] [1773130063.787369522] [rviz2]: Stereo is NOT SUPPORTED
[rviz2-1] [INFO] [1773130063.878742209] [rviz2]: Stereo is NOT SUPPORTED
[gzserver-2] [1;32m[Msg] [0m[1;32mWaiting for master.[0m[1;32m
[gzserver-2] [0m[1;32m[0m[1;32m[0m[1;32m[Msg] [0m[1;32mConnected to gazebo master @ [0m[1;32mhttp://127.0.0.1:11345[0m[1;32m
[gzserver-2] [0m[1;32m[0m[1;32m[0m[1;32m[Msg] [0m[1;32mPublicized address: [0m[1;32m172.16.52.147[0m[1;32m
[gzserver-2] [0m[1;32m[0m[1;32m[0m[1;32m[Msg] [0m[1;32mLoading world file [[0m[1;32m/home/j/INCSL/IICC26_ws/install/sjtu_drone_description/share/sjtu_drone_description/worlds/landingPad.world[0m[1;32m][0m[1;32m
[gzserver-2] [0m[1;32m[0m[1;32m[0m[1;36m[Dbg] [wind_plugin.cpp:96] [0m[1;36mWindPlugin loaded: speed=[0m[1;36m0[0m[1;36m dir=[0m[1;36m0[0m[1;36m deg area=[0m[1;36m0.1[0m[1;36m coeff=[0m[1;36m1[0m[1;36m
[gzserver-2] [0m[1;33m[0m[1;33m[0m[1;31m[Err] [Sensor.cc:510] [0m[1;31mGet noise index not valid[0m[1;31m
[gzserver-2] [0m[1;31m[0m[1;31m[0m[1;31m[Err] [Sensor.cc:510] [0m[1;31mGet noise index not valid[0m[1;31m
[gzserver-2] [0m[1;31m[0m[1;31m[0m[1;31m[Err] [Sensor.cc:510] [0m[1;31mGet noise index not valid[0m[1;31m
[gzserver-2] [0m[1;31m[0m[1;31m[0m[1;31m[Err] [Sensor.cc:510] [0m[1;31mGet noise index not valid[0m[1;31m
[gzserver-2] [0m[1;31m[0m[1;31m[0m[1;31m[Err] [Sensor.cc:510] [0m[1;31mGet noise index not valid[0m[1;31m
[gzserver-2] [0m[1;31m[0m[1;31m[0m[1;31m[Err] [Sensor.cc:510] [0m[1;31mGet noise index not valid[0m[1;31m
[gzserver-2] [0m[1;31m[0m[1;31m[0mTopic [default//drone/base_footprint/down_camera/image] is not valid.
[gzserver-2] [INFO] [1773130064.341166295] [drone.collision_plugin]: Publishing contact states to [/drone/bumper_states]
[gzserver-2] Topic [default//drone/base_footprint/front_camera/image] is not valid.
[gzserver-2] [1;33m[Wrn] [Event.cc:61] [0m[1;33mWarning: Deleting a connection right after creation. [0m[1;33mMake sure to save the ConnectionPtr from a Connect call
[gzserver-2] [0m[INFO] [1773130064.901135215] [drone.camera_bottom]: Publishing camera info to [/drone/bottom/camera_info]
[gzserver-2] [INFO] [1773130064.905405018] [drone.camera_front]: Publishing camera info to [/drone/front/camera_info]
[spawn_drone-5] [INFO] [1773130064.914254881] [spawn_drone]: Result True SpawnEntity: Successfully spawned entity [/drone]
[gzserver-2] [INFO] [1773130065.032341256] [drone.simple_drone]: The drone plugin is loading!
[gzserver-2] [INFO] [1773130065.032556139] [drone.simple_drone]: pub_odom: 1
[gzserver-2] [INFO] [1773130065.032591861] [drone.simple_drone]: Using following parameters: 
[gzserver-2] 		link_name: base_footprint,
[gzserver-2] 		max_force: 30,
[gzserver-2] 		motion_small_noise: 0,
[gzserver-2] 		motion_drift_noise: 0,
[gzserver-2] 		motion_drift_noise_time: 50,
[gzserver-2] 		takeoff_hover_height: 1.75,
[gzserver-2] 		takeoff_vertical_speed: 0.2
[gzserver-2] [INFO] [1773130065.044536461] [drone.simple_drone]: Using the PID parameters: 
[gzserver-2] 	Roll Pitch:
[gzserver-2] 		kP: 10, kI: 0,kD: 5, Limit: 0.5, Time Constant: 0
[gzserver-2] 	Yaw:
[gzserver-2] 		kP: 2, kI: 0,kD: 1, Limit: 1.5, Time Constant: 0
[gzserver-2] 	Velocity X:
[gzserver-2] 		kP: 5, kI: 0,kD: 2.3, Limit: 2, Time Constant: 0
[gzserver-2] 	Velocity Y:
[gzserver-2] 		kP: 5, kI: 0,kD: 2.3, Limit: 2, Time Constant: 0
[gzserver-2] 	Velocity Z:
[gzserver-2] 		kP: 5, kI: 0,kD: 1, Limit: -1, Time Constant: 0
[gzserver-2] 	Position XY:
[gzserver-2] 		kP: 1.1, kI: 0,kD: 0, Limit: 5, Time Constant: 0
[gzserver-2] 	Position Z:
[gzserver-2] 		kP: 1, kI: 0,kD: 0.2, Limit: -1, Time Constant: 0
[gzserver-2] [INFO] [1773130065.044678663] [drone.simple_drone]: The drone plugin finished loading!
[INFO] [spawn_drone-5]: process has finished cleanly [pid 3365845]
[gzserver-2] [INFO] [1773130072.210011406] [gazebo_wind_plugin_node]: WindPlugin: set wind_speed=0.00 wind_direction=0.0
[gzserver-2] [INFO] [1773130072.475697322] [gazebo_wind_plugin_node]: WindPlugin: set wind_speed=0.00 wind_direction=0.0
[gzserver-2] [INFO] [1773130072.514629748] [drone.simple_drone]: Quadrotor takes off!!
[gzserver-2] [INFO] [1773130072.715404956] [gazebo_wind_plugin_node]: WindPlugin: set wind_speed=0.00 wind_direction=0.0
[gzserver-2] [INFO] [1773130072.954637263] [gazebo_wind_plugin_node]: WindPlugin: set wind_speed=0.00 wind_direction=0.0
[gzserver-2] [INFO] [1773130073.189232476] [gazebo_wind_plugin_node]: WindPlugin: set wind_speed=0.00 wind_direction=0.0
[gzserver-2] [INFO] [1773130073.429351782] [gazebo_wind_plugin_node]: WindPlugin: set wind_speed=0.00 wind_direction=0.0
[gzserver-2] [INFO] [1773130073.668567279] [gazebo_wind_plugin_node]: WindPlugin: set wind_speed=0.00 wind_direction=0.0
[gzserver-2] [INFO] [1773130073.910021391] [gazebo_wind_plugin_node]: WindPlugin: set wind_speed=0.00 wind_direction=0.0
[gzserver-2] [0m[1;36m[Dbg] [wind_plugin.cpp:110] [0m[1;36mWindPlugin: received command -> speed=[0m[1;36m0[0m[1;36m dir=[0m[1;36m0[0m[1;36m
[gzserver-2] [0m[1;36m[Dbg] [wind_plugin.cpp:110] [0m[1;36mWindPlugin: received command -> speed=[0m[1;36m0[0m[1;36m dir=[0m[1;36m0[0m[1;36m
[gzserver-2] [0m[1;36m[Dbg] [wind_plugin.cpp:110] [0m[1;36mWindPlugin: received command -> speed=[0m[1;36m0[0m[1;36m dir=[0m[1;36m0[0m[1;36m
[gzserver-2] [0m[1;36m[Dbg] [wind_plugin.cpp:110] [0m[1;36mWindPlugin: received command -> speed=[0m[1;36m0[0m[1;36m dir=[0m[1;36m0[0m[1;36m
[gzserver-2] [0m[1;36m[Dbg] [wind_plugin.cpp:110] [0m[1;36mWindPlugin: received command -> speed=[0m[1;36m0[0m[1;36m dir=[0m[1;36m0[0m[1;36m
[gzserver-2] [0m[1;36m[Dbg] [wind_plugin.cpp:110] [0m[1;36mWindPlugin: received command -> speed=[0m[1;36m0[0m[1;36m dir=[0m[1;36m0[0m[1;36m
[gzserver-2] [0m[1;36m[Dbg] [wind_plugin.cpp:110] [0m[1;36mWindPlugin: received command -> speed=[0m[1;36m0[0m[1;36m dir=[0m[1;36m0[0m[1;36m
[gzserver-2] [0m[1;36m[Dbg] [wind_plugin.cpp:110] [0m[1;36mWindPlugin: received command -> speed=[0m[1;36m0[0m[1;36m dir=[0m[1;36m0[0m[1;36m
[gzserver-2] [0mEntering flying model!
[gzserver-2] [INFO] [1773130074.149356309] [gazebo_wind_plugin_node]: WindPlugin: set wind_speed=0.00 wind_direction=0.0
[gzserver-2] [INFO] [1773130074.383765396] [gazebo_wind_plugin_node]: WindPlugin: set wind_speed=0.22 wind_direction=17.0
[gzserver-2] [INFO] [1773130074.618372625] [gazebo_wind_plugin_node]: WindPlugin: set wind_speed=0.22 wind_direction=17.0
[gzserver-2] [INFO] [1773130074.847972819] [gazebo_wind_plugin_node]: WindPlugin: set wind_speed=0.30 wind_direction=21.2
[gzserver-2] [INFO] [1773130075.087837176] [gazebo_wind_plugin_node]: WindPlugin: set wind_speed=0.30 wind_direction=21.2
[gzserver-2] [INFO] [1773130075.327397260] [gazebo_wind_plugin_node]: WindPlugin: set wind_speed=0.30 wind_direction=21.2
[gzserver-2] [INFO] [1773130075.567230101] [gazebo_wind_plugin_node]: WindPlugin: set wind_speed=0.30 wind_direction=21.2
[gzserver-2] [INFO] [1773130075.802589896] [gazebo_wind_plugin_node]: WindPlugin: set wind_speed=0.49 wind_direction=19.5
[gzserver-2] [INFO] [1773130076.042012073] [gazebo_wind_plugin_node]: WindPlugin: set wind_speed=0.49 wind_direction=19.5
[gzserver-2] [INFO] [1773130076.282216577] [gazebo_wind_plugin_node]: WindPlugin: set wind_speed=0.49 wind_direction=19.5
[gzserver-2] [INFO] [1773130076.522031420] [gazebo_wind_plugin_node]: WindPlugin: set wind_speed=0.49 wind_direction=19.5
[gzserver-2] [INFO] [1773130076.756813088] [gazebo_wind_plugin_node]: WindPlugin: set wind_speed=0.41 wind_direction=18.3
[gzserver-2] [INFO] [1773130076.990928310] [gazebo_wind_plugin_node]: WindPlugin: set wind_speed=0.41 wind_direction=18.3
[gzserver-2] [INFO] [1773130077.227653281] [gazebo_wind_plugin_node]: WindPlugin: set wind_speed=0.41 wind_direction=18.3
[gzserver-2] [INFO] [1773130077.458133282] [gazebo_wind_plugin_node]: WindPlugin: set wind_speed=0.41 wind_direction=18.3
[gzserver-2] [INFO] [1773130077.496849378] [drone.simple_drone]: Quadrotor lands!!
[gzserver-2] [INFO] [1773130077.698550118] [gazebo_wind_plugin_node]: WindPlugin: set wind_speed=0.41 wind_direction=18.3
[gzserver-2] [INFO] [1773130077.938062276] [gazebo_wind_plugin_node]: WindPlugin: set wind_speed=0.17 wind_direction=21.7
[gzserver-2] [INFO] [1773130078.180052110] [gazebo_wind_plugin_node]: WindPlugin: set wind_speed=0.17 wind_direction=21.7
[gzserver-2] [INFO] [1773130078.419439610] [gazebo_wind_plugin_node]: WindPlugin: set wind_speed=0.17 wind_direction=21.7
[gzserver-2] [1;36m[Dbg] [wind_plugin.cpp:110] [0m[1;36mWindPlugin: received command -> speed=[0m[1;36m0[0m[1;36m dir=[0m[1;36m0[0m[1;36m
[gzserver-2] [0m[1;36m[Dbg] [wind_plugin.cpp:110] [0m[1;36mWindPlugin: received command -> speed=[0m[1;36m0.215043[0m[1;36m dir=[0m[1;36m16.991[0m[1;36m
[gzserver-2] [0m[1;36m[Dbg] [wind_plugin.cpp:110] [0m[1;36mWindPlugin: received command -> speed=[0m[1;36m0.215043[0m[1;36m dir=[0m[1;36m16.991[0m[1;36m
[gzserver-2] [0m[1;36m[Dbg] [wind_plugin.cpp:110] [0m[1;36mWindPlugin: received command -> speed=[0m[1;36m0.304363[0m[1;36m dir=[0m[1;36m21.1885[0m[1;36m
[gzserver-2] [0m[1;36m[Dbg] [wind_plugin.cpp:110] [0m[1;36mWindPlugin: received command -> speed=[0m[1;36m0.304363[0m[1;36m dir=[0m[1;36m21.1885[0m[1;36m
[gzserver-2] [0m[1;36m[Dbg] [wind_plugin.cpp:110] [0m[1;36mWindPlugin: received command -> speed=[0m[1;36m0.304363[0m[1;36m dir=[0m[1;36m21.1885[0m[1;36m
[gzserver-2] [0m[1;36m[Dbg] [wind_plugin.cpp:110] [0m[1;36mWindPlugin: received command -> speed=[0m[1;36m0.304363[0m[1;36m dir=[0m[1;36m21.1885[0m[1;36m
[gzserver-2] [0m[1;36m[Dbg] [wind_plugin.cpp:110] [0m[1;36mWindPlugin: received command -> speed=[0m[1;36m0.493431[0m[1;36m dir=[0m[1;36m19.4884[0m[1;36m
[gzserver-2] [0m[1;36m[Dbg] [wind_plugin.cpp:110] [0m[1;36mWindPlugin: received command -> speed=[0m[1;36m0.493431[0m[1;36m dir=[0m[1;36m19.4884[0m[1;36m
[gzserver-2] [0m[1;36m[Dbg] [wind_plugin.cpp:110] [0m[1;36mWindPlugin: received command -> speed=[0m[1;36m0.493431[0m[1;36m dir=[0m[1;36m19.4884[0m[1;36m
[gzserver-2] [0m[1;36m[Dbg] [wind_plugin.cpp:110] [0m[1;36mWindPlugin: received command -> speed=[0m[1;36m0.493431[0m[1;36m dir=[0m[1;36m19.4884[0m[1;36m
[gzserver-2] [0m[1;36m[Dbg] [wind_plugin.cpp:110] [0m[1;36mWindPlugin: received command -> speed=[0m[1;36m0.406483[0m[1;36m dir=[0m[1;36m18.3266[0m[1;36m
[gzserver-2] [0m[1;36m[Dbg] [wind_plugin.cpp:110] [0m[1;36mWindPlugin: received command -> speed=[0m[1;36m0.406483[0m[1;36m dir=[0m[1;36m18.3266[0m[1;36m
[gzserver-2] [0m[1;36m[Dbg] [wind_plugin.cpp:110] [0m[1;36mWindPlugin: received command -> speed=[0m[1;36m0.406483[0m[1;36m dir=[0m[1;36m18.3266[0m[1;36m
[gzserver-2] [0m[1;36m[Dbg] [wind_plugin.cpp:110] [0m[1;36mWindPlugin: received command -> speed=[0m[1;36m0.406483[0m[1;36m dir=[0m[1;36m18.3266[0m[1;36m
[gzserver-2] [0m[1;36m[Dbg] [wind_plugin.cpp:110] [0m[1;36mWindPlugin: received command -> speed=[0m[1;36m0.406483[0m[1;36m dir=[0m[1;36m18.3266[0m[1;36m
[gzserver-2] [0m[1;36m[Dbg] [wind_plugin.cpp:110] [0m[1;36mWindPlugin: received command -> speed=[0m[1;36m0.169032[0m[1;36m dir=[0m[1;36m21.6932[0m[1;36m
[gzserver-2] [0m[1;36m[Dbg] [wind_plugin.cpp:110] [0m[1;36mWindPlugin: received command -> speed=[0m[1;36m0.169032[0m[1;36m dir=[0m[1;36m21.6932[0m[1;36m
[gzserver-2] [0m[1;36m[Dbg] [wind_plugin.cpp:110] [0m[1;36mWindPlugin: received command -> speed=[0m[1;36m0.169032[0m[1;36m dir=[0m[1;36m21.6932[0m[1;36m
[gzserver-2] [0mLanded!
[gzserver-2] [INFO] [1773130078.658857239] [gazebo_wind_plugin_node]: WindPlugin: set wind_speed=0.17 wind_direction=21.7
[gzserver-2] [INFO] [1773130078.898101591] [gazebo_wind_plugin_node]: WindPlugin: set wind_speed=0.52 wind_direction=23.0
[gzserver-2] [INFO] [1773130079.132257878] [gazebo_wind_plugin_node]: WindPlugin: set wind_speed=0.52 wind_direction=23.0
[gzserver-2] [INFO] [1773130079.366715524] [gazebo_wind_plugin_node]: WindPlugin: set wind_speed=0.52 wind_direction=23.0
[gzserver-2] [INFO] [1773130079.605932269] [gazebo_wind_plugin_node]: WindPlugin: set wind_speed=0.52 wind_direction=23.0
[gzserver-2] [INFO] [1773130079.834741575] [gazebo_wind_plugin_node]: WindPlugin: set wind_speed=0.21 wind_direction=22.2
[gzserver-2] [INFO] [1773130080.074264992] [gazebo_wind_plugin_node]: WindPlugin: set wind_speed=0.21 wind_direction=22.2
[gzserver-2] [INFO] [1773130080.310801529] [gazebo_wind_plugin_node]: WindPlugin: set wind_speed=0.21 wind_direction=22.2
