[INFO] [launch]: All log files can be found below /home/j/.ros/log/2026-03-10-12-21-06-526166-j-1113718
[INFO] [launch]: Default logging verbosity is set to INFO
[INFO] [launch.user]: [bringup] Apriltag config: camera=/drone/bottom, image=/drone/bottom/image_raw, tags=/drone/bottom/tags, bridge=/landing_tag_state, standalone=true, use_target_id=true, target_id=0
[INFO] [rviz2-1]: process started with pid [1113721]
[INFO] [gzserver-2]: process started with pid [1113723]
[INFO] [robot_state_publisher-3]: process started with pid [1113725]
[INFO] [joint_state_publisher-4]: process started with pid [1113727]
[INFO] [spawn_drone-5]: process started with pid [1113729]
[INFO] [static_transform_publisher-6]: process started with pid [1113731]
[INFO] [joy_node-7]: process started with pid [1113734]
[INFO] [teleop_joystick-8]: process started with pid [1113737]
[INFO] [apriltag_detector_node-9]: process started with pid [1113739]
[INFO] [apriltag_state_bridge-10]: process started with pid [1113742]
[static_transform_publisher-6] [WARN] [1773112867.000168315] []: Old-style arguments are deprecated; see --help for new-style arguments
[static_transform_publisher-6] [INFO] [1773112867.006833253] [static_transform_publisher_IRhyMDwJZRErklCS]: Spinning until stopped - publishing transform
[static_transform_publisher-6] translation: ('0.000000', '0.000000', '0.000000')
[static_transform_publisher-6] rotation: ('0.000000', '0.000000', '0.000000', '1.000000')
[static_transform_publisher-6] from 'world' to '/drone/odom'
[robot_state_publisher-3] [INFO] [1773112867.024036381] [drone.robot_state_publisher]: got segment base_footprint
[robot_state_publisher-3] [INFO] [1773112867.024103570] [drone.robot_state_publisher]: got segment base_link
[robot_state_publisher-3] [INFO] [1773112867.024109393] [drone.robot_state_publisher]: got segment bottom_cam_link
[robot_state_publisher-3] [INFO] [1773112867.024112569] [drone.robot_state_publisher]: got segment front_cam_link
[robot_state_publisher-3] [INFO] [1773112867.024115317] [drone.robot_state_publisher]: got segment sonar_link
[rviz2-1] 
[rviz2-1] (rviz2:1113721): dbind-WARNING **: 12:21:07.032: Couldn't connect to accessibility bus: Failed to connect to socket /root/.cache/at-spi/bus_0: 허가 거부
[apriltag_detector_node-9] [INFO] [1773112867.034441892] [apriltag_detector_node]: tag detector type: umich
[teleop_joystick-8] Traceback (most recent call last):
[teleop_joystick-8]   File "/home/j/INCSL/IICC26_ws/install/sjtu_drone_control/lib/sjtu_drone_control/teleop_joystick", line 33, in <module>
[teleop_joystick-8]     sys.exit(load_entry_point('sjtu_drone_control==0.0.0', 'console_scripts', 'teleop_joystick')())
[teleop_joystick-8]   File "/home/j/INCSL/IICC26_ws/install/sjtu_drone_control/lib/sjtu_drone_control/teleop_joystick", line 22, in importlib_load_entry_point
[teleop_joystick-8]     for entry_point in distribution(dist_name).entry_points
[teleop_joystick-8]   File "/usr/lib/python3.10/importlib/metadata/__init__.py", line 969, in distribution
[teleop_joystick-8]     return Distribution.from_name(distribution_name)
[teleop_joystick-8]   File "/usr/lib/python3.10/importlib/metadata/__init__.py", line 548, in from_name
[teleop_joystick-8]     raise PackageNotFoundError(name)
[teleop_joystick-8] importlib.metadata.PackageNotFoundError: No package metadata was found for sjtu_drone_control
[ERROR] [teleop_joystick-8]: process has died [pid 1113737, exit code 1, cmd '/home/j/INCSL/IICC26_ws/install/sjtu_drone_control/lib/sjtu_drone_control/teleop_joystick --ros-args -r __ns:=/drone'].
[gzserver-2] Gazebo multi-robot simulator, version 11.10.2
[gzserver-2] Copyright (C) 2012 Open Source Robotics Foundation.
[gzserver-2] Released under the Apache 2 License.
[gzserver-2] http://gazebosim.org
[gzserver-2] 
[apriltag_state_bridge-10] [INFO] [1773112867.247264353] [apriltag_state_bridge]: AprilTag bridge started: /drone/bottom/tags -> /landing_tag_state, use_target_id=True, target_id=0
[joint_state_publisher-4] [INFO] [1773112867.289757340] [drone.joint_state_publisher]: Waiting for robot_description to be published on the robot_description topic...
[gzserver-2] [1;33m[Wrn] [gazebo_ros_init.cpp:178] [0m[1;33m
[gzserver-2] #     # ####### ####### ###  #####  #######
[gzserver-2] ##    # #     #    #     #  #     # #
[gzserver-2] # #   # #     #    #     #  #       #
[gzserver-2] #  #  # #     #    #     #  #       #####
[gzserver-2] #   # # #     #    #     #  #       #
[gzserver-2] #    ## #     #    #     #  #     # #
[gzserver-2] #     # #######    #    ###  #####  #######
[gzserver-2] 
[gzserver-2] This version of Gazebo, now called Gazebo classic, reaches end-of-life
[gzserver-2] in January 2025. Users are highly encouraged to migrate to the new Gazebo
[gzserver-2] using our migration guides (https://gazebosim.org/docs/latest/gazebo_classic_migration?utm_source=gazebo_ros_pkgs&utm_medium=cli)
[gzserver-2] 
[gzserver-2] [0m[1;33m
[rviz2-1] [INFO] [1773112867.542744875] [rviz2]: Stereo is NOT SUPPORTED
[rviz2-1] [INFO] [1773112867.542862776] [rviz2]: OpenGl version: 4.6 (GLSL 4.6)
[rviz2-1] [INFO] [1773112867.702044452] [rviz2]: Stereo is NOT SUPPORTED
[rviz2-1] [INFO] [1773112867.861702802] [rviz2]: Stereo is NOT SUPPORTED
[spawn_drone-5] [INFO] [1773112868.376677966] [spawn_drone]: Result False Entity pushed to spawn queue, but spawn service timed outwaiting for entity to appear in simulation under the name [/drone]
[gzserver-2] [1;32m[Msg] [0m[1;32mWaiting for master.[0m[1;32m
[gzserver-2] [0m[1;32m[0m[1;32m[0m[1;32m[Msg] [0m[1;32mConnected to gazebo master @ [0m[1;32mhttp://127.0.0.1:11345[0m[1;32m
[gzserver-2] [0m[1;32m[0m[1;32m[0m[1;32m[Msg] [0m[1;32mPublicized address: [0m[1;32m172.16.52.147[0m[1;32m
[gzserver-2] [0m[1;32m[0m[1;32m[0m[1;32m[Msg] [0m[1;32mLoading world file [[0m[1;32m/home/j/INCSL/IICC26_ws/install/sjtu_drone_description/share/sjtu_drone_description/worlds/landingPad.world[0m[1;32m][0m[1;32m
[gzserver-2] [0m[1;32m[0m[1;32m[0m[1;36m[Dbg] [wind_plugin.cpp:96] [0m[1;36mWindPlugin loaded: speed=[0m[1;36m0[0m[1;36m dir=[0m[1;36m0[0m[1;36m deg area=[0m[1;36m0.1[0m[1;36m coeff=[0m[1;36m1[0m[1;36m
[gzserver-2] [0m[1;33m[0m[1;33m[0m[1;31m[Err] [Sensor.cc:510] [0m[1;31mGet noise index not valid[0m[1;31m
[gzserver-2] [0m[1;31m[0m[1;31m[0m[1;31m[Err] [Sensor.cc:510] [0m[1;31mGet noise index not valid[0m[1;31m
[gzserver-2] [0m[1;31m[0m[1;31m[0m[1;31m[Err] [Sensor.cc:510] [0m[1;31mGet noise index not valid[0m[1;31m
[gzserver-2] [0m[1;31m[0m[1;31m[0m[1;31m[Err] [Sensor.cc:510] [0m[1;31mGet noise index not valid[0m[1;31m
[gzserver-2] [0m[1;31m[0m[1;31m[0m[1;31m[Err] [Sensor.cc:510] [0m[1;31mGet noise index not valid[0m[1;31m
[gzserver-2] [0m[1;31m[0m[1;31m[0m[1;31m[Err] [Sensor.cc:510] [0m[1;31mGet noise index not valid[0m[1;31m
[gzserver-2] [0m[1;31m[0m[1;31m[0mTopic [default//drone/base_footprint/down_camera/image] is not valid.
[gzserver-2] [INFO] [1773112868.408727415] [drone.collision_plugin]: Publishing contact states to [/drone/bumper_states]
[gzserver-2] Topic [default//drone/base_footprint/front_camera/image] is not valid.
[gzserver-2] [1;33m[Wrn] [Event.cc:61] [0m[1;33mWarning: Deleting a connection right after creation. [0m[1;33mMake sure to save the ConnectionPtr from a Connect call
[INFO] [spawn_drone-5]: process has finished cleanly [pid 1113729]
[gzserver-2] [0m[INFO] [1773112868.999982101] [drone.camera_bottom]: Publishing camera info to [/drone/bottom/camera_info]
[gzserver-2] [INFO] [1773112869.002933095] [drone.camera_front]: Publishing camera info to [/drone/front/camera_info]
[gzserver-2] [INFO] [1773112869.124479315] [drone.simple_drone]: The drone plugin is loading!
[gzserver-2] [INFO] [1773112869.124678506] [drone.simple_drone]: pub_odom: 1
[gzserver-2] [INFO] [1773112869.124716105] [drone.simple_drone]: Using following parameters: 
[gzserver-2] 		link_name: base_footprint,
[gzserver-2] 		max_force: 30,
[gzserver-2] 		motion_small_noise: 0,
[gzserver-2] 		motion_drift_noise: 0,
[gzserver-2] 		motion_drift_noise_time: 50,
[gzserver-2] 		takeoff_hover_height: 2.22,
[gzserver-2] 		takeoff_vertical_speed: 0.2
[gzserver-2] [INFO] [1773112869.136535966] [drone.simple_drone]: Using the PID parameters: 
[gzserver-2] 	Roll Pitch:
[gzserver-2] 		kP: 10, kI: 0,kD: 5, Limit: 0.5, Time Constant: 0
[gzserver-2] 	Yaw:
[gzserver-2] 		kP: 2, kI: 0,kD: 1, Limit: 1.5, Time Constant: 0
[gzserver-2] 	Velocity X:
[gzserver-2] 		kP: 5, kI: 0,kD: 2.3, Limit: 2, Time Constant: 0
[gzserver-2] 	Velocity Y:
[gzserver-2] 		kP: 5, kI: 0,kD: 2.3, Limit: 2, Time Constant: 0
[gzserver-2] 	Velocity Z:
[gzserver-2] 		kP: 5, kI: 0,kD: 1, Limit: -1, Time Constant: 0
[gzserver-2] 	Position XY:
[gzserver-2] 		kP: 1.1, kI: 0,kD: 0, Limit: 5, Time Constant: 0
[gzserver-2] 	Position Z:
[gzserver-2] 		kP: 1, kI: 0,kD: 0.2, Limit: -1, Time Constant: 0
[gzserver-2] [INFO] [1773112869.136669489] [drone.simple_drone]: The drone plugin finished loading!
[gzserver-2] [INFO] [1773112876.359839493] [gazebo_wind_plugin_node]: WindPlugin: set wind_speed=0.00 wind_direction=0.0
[gzserver-2] [INFO] [1773112876.630380773] [gazebo_wind_plugin_node]: WindPlugin: set wind_speed=0.00 wind_direction=0.0
[gzserver-2] [INFO] [1773112876.669171836] [drone.simple_drone]: Quadrotor takes off!!
[gzserver-2] [INFO] [1773112876.872540076] [gazebo_wind_plugin_node]: WindPlugin: set wind_speed=0.00 wind_direction=0.0
[gzserver-2] [INFO] [1773112877.107125855] [gazebo_wind_plugin_node]: WindPlugin: set wind_speed=0.00 wind_direction=0.0
[gzserver-2] [INFO] [1773112877.343375296] [gazebo_wind_plugin_node]: WindPlugin: set wind_speed=0.00 wind_direction=0.0
[gzserver-2] [INFO] [1773112877.581952589] [gazebo_wind_plugin_node]: WindPlugin: set wind_speed=0.00 wind_direction=0.0
[gzserver-2] [INFO] [1773112877.821197776] [gazebo_wind_plugin_node]: WindPlugin: set wind_speed=0.00 wind_direction=0.0
[gzserver-2] [INFO] [1773112878.055164952] [gazebo_wind_plugin_node]: WindPlugin: set wind_speed=0.00 wind_direction=0.0
[gzserver-2] [INFO] [1773112878.289246584] [gazebo_wind_plugin_node]: WindPlugin: set wind_speed=0.00 wind_direction=0.0
[gzserver-2] [0m[1;36m[Dbg] [wind_plugin.cpp:110] [0m[1;36mWindPlugin: received command -> speed=[0m[1;36m0[0m[1;36m dir=[0m[1;36m0[0m[1;36m
[gzserver-2] [0m[1;36m[Dbg] [wind_plugin.cpp:110] [0m[1;36mWindPlugin: received command -> speed=[0m[1;36m0[0m[1;36m dir=[0m[1;36m0[0m[1;36m
[gzserver-2] [0m[1;36m[Dbg] [wind_plugin.cpp:110] [0m[1;36mWindPlugin: received command -> speed=[0m[1;36m0[0m[1;36m dir=[0m[1;36m0[0m[1;36m
[gzserver-2] [0m[1;36m[Dbg] [wind_plugin.cpp:110] [0m[1;36mWindPlugin: received command -> speed=[0m[1;36m0[0m[1;36m dir=[0m[1;36m0[0m[1;36m
[gzserver-2] [0m[1;36m[Dbg] [wind_plugin.cpp:110] [0m[1;36mWindPlugin: received command -> speed=[0m[1;36m0[0m[1;36m dir=[0m[1;36m0[0m[1;36m
[gzserver-2] [0m[1;36m[Dbg] [wind_plugin.cpp:110] [0m[1;36mWindPlugin: received command -> speed=[0m[1;36m0[0m[1;36m dir=[0m[1;36m0[0m[1;36m
[gzserver-2] [0m[1;36m[Dbg] [wind_plugin.cpp:110] [0m[1;36mWindPlugin: received command -> speed=[0m[1;36m0[0m[1;36m dir=[0m[1;36m0[0m[1;36m
[gzserver-2] [0m[1;36m[Dbg] [wind_plugin.cpp:110] [0m[1;36mWindPlugin: received command -> speed=[0m[1;36m0[0m[1;36m dir=[0m[1;36m0[0m[1;36m
[gzserver-2] [0m[1;36m[Dbg] [wind_plugin.cpp:110] [0m[1;36mWindPlugin: received command -> speed=[0m[1;36m0[0m[1;36m dir=[0m[1;36m0[0m[1;36m
[gzserver-2] [0mEntering flying model!
[gzserver-2] [INFO] [1773112878.523667647] [gazebo_wind_plugin_node]: WindPlugin: set wind_speed=0.00 wind_direction=0.0
[gzserver-2] [INFO] [1773112878.762978334] [gazebo_wind_plugin_node]: WindPlugin: set wind_speed=0.30 wind_direction=18.3
[gzserver-2] [INFO] [1773112878.992596136] [gazebo_wind_plugin_node]: WindPlugin: set wind_speed=0.27 wind_direction=18.7
[gzserver-2] [INFO] [1773112879.232039908] [gazebo_wind_plugin_node]: WindPlugin: set wind_speed=0.27 wind_direction=18.7
[gzserver-2] [INFO] [1773112879.473815291] [gazebo_wind_plugin_node]: WindPlugin: set wind_speed=0.27 wind_direction=18.7
[gzserver-2] [INFO] [1773112879.708175802] [gazebo_wind_plugin_node]: WindPlugin: set wind_speed=0.27 wind_direction=18.7
[gzserver-2] [INFO] [1773112879.942906020] [gazebo_wind_plugin_node]: WindPlugin: set wind_speed=0.31 wind_direction=18.5
[gzserver-2] [INFO] [1773112880.182542693] [gazebo_wind_plugin_node]: WindPlugin: set wind_speed=0.31 wind_direction=18.5
[gzserver-2] [INFO] [1773112880.412694355] [gazebo_wind_plugin_node]: WindPlugin: set wind_speed=0.31 wind_direction=18.5
[gzserver-2] [INFO] [1773112880.651931993] [gazebo_wind_plugin_node]: WindPlugin: set wind_speed=0.31 wind_direction=18.5
[gzserver-2] [INFO] [1773112880.891752419] [gazebo_wind_plugin_node]: WindPlugin: set wind_speed=0.23 wind_direction=21.1
[gzserver-2] [INFO] [1773112881.125897845] [gazebo_wind_plugin_node]: WindPlugin: set wind_speed=0.23 wind_direction=21.1
[gzserver-2] [INFO] [1773112881.365248725] [gazebo_wind_plugin_node]: WindPlugin: set wind_speed=0.23 wind_direction=21.1
[gzserver-2] [INFO] [1773112881.594319995] [gazebo_wind_plugin_node]: WindPlugin: set wind_speed=0.23 wind_direction=21.1
[gzserver-2] [INFO] [1773112881.632599123] [drone.simple_drone]: Quadrotor lands!!
[gzserver-2] [INFO] [1773112881.833967281] [gazebo_wind_plugin_node]: WindPlugin: set wind_speed=0.23 wind_direction=21.1
[gzserver-2] [INFO] [1773112882.073441596] [gazebo_wind_plugin_node]: WindPlugin: set wind_speed=0.22 wind_direction=21.9
[gzserver-2] [INFO] [1773112882.307338123] [gazebo_wind_plugin_node]: WindPlugin: set wind_speed=0.22 wind_direction=21.9
[gzserver-2] [INFO] [1773112882.547086580] [gazebo_wind_plugin_node]: WindPlugin: set wind_speed=0.22 wind_direction=21.9
[gzserver-2] [1;36m[Dbg] [wind_plugin.cpp:110] [0m[1;36mWindPlugin: received command -> speed=[0m[1;36m0[0m[1;36m dir=[0m[1;36m0[0m[1;36m
[gzserver-2] [0m[1;36m[Dbg] [wind_plugin.cpp:110] [0m[1;36mWindPlugin: received command -> speed=[0m[1;36m0.29651[0m[1;36m dir=[0m[1;36m18.3451[0m[1;36m
[gzserver-2] [0m[1;36m[Dbg] [wind_plugin.cpp:110] [0m[1;36mWindPlugin: received command -> speed=[0m[1;36m0.27373[0m[1;36m dir=[0m[1;36m18.7191[0m[1;36m
[gzserver-2] [0m[1;36m[Dbg] [wind_plugin.cpp:110] [0m[1;36mWindPlugin: received command -> speed=[0m[1;36m0.27373[0m[1;36m dir=[0m[1;36m18.7191[0m[1;36m
[gzserver-2] [0m[1;36m[Dbg] [wind_plugin.cpp:110] [0m[1;36mWindPlugin: received command -> speed=[0m[1;36m0.27373[0m[1;36m dir=[0m[1;36m18.7191[0m[1;36m
[gzserver-2] [0m[1;36m[Dbg] [wind_plugin.cpp:110] [0m[1;36mWindPlugin: received command -> speed=[0m[1;36m0.27373[0m[1;36m dir=[0m[1;36m18.7191[0m[1;36m
[gzserver-2] [0m[1;36m[Dbg] [wind_plugin.cpp:110] [0m[1;36mWindPlugin: received command -> speed=[0m[1;36m0.311605[0m[1;36m dir=[0m[1;36m18.5221[0m[1;36m
[gzserver-2] [0m[1;36m[Dbg] [wind_plugin.cpp:110] [0m[1;36mWindPlugin: received command -> speed=[0m[1;36m0.311605[0m[1;36m dir=[0m[1;36m18.5221[0m[1;36m
[gzserver-2] [0m[1;36m[Dbg] [wind_plugin.cpp:110] [0m[1;36mWindPlugin: received command -> speed=[0m[1;36m0.311605[0m[1;36m dir=[0m[1;36m18.5221[0m[1;36m
[gzserver-2] [0m[1;36m[Dbg] [wind_plugin.cpp:110] [0m[1;36mWindPlugin: received command -> speed=[0m[1;36m0.311605[0m[1;36m dir=[0m[1;36m18.5221[0m[1;36m
[gzserver-2] [0m[1;36m[Dbg] [wind_plugin.cpp:110] [0m[1;36mWindPlugin: received command -> speed=[0m[1;36m0.229305[0m[1;36m dir=[0m[1;36m21.1235[0m[1;36m
[gzserver-2] [0m[1;36m[Dbg] [wind_plugin.cpp:110] [0m[1;36mWindPlugin: received command -> speed=[0m[1;36m0.229305[0m[1;36m dir=[0m[1;36m21.1235[0m[1;36m
[gzserver-2] [0m[1;36m[Dbg] [wind_plugin.cpp:110] [0m[1;36mWindPlugin: received command -> speed=[0m[1;36m0.229305[0m[1;36m dir=[0m[1;36m21.1235[0m[1;36m
[gzserver-2] [0m[1;36m[Dbg] [wind_plugin.cpp:110] [0m[1;36mWindPlugin: received command -> speed=[0m[1;36m0.229305[0m[1;36m dir=[0m[1;36m21.1235[0m[1;36m
[gzserver-2] [0m[1;36m[Dbg] [wind_plugin.cpp:110] [0m[1;36mWindPlugin: received command -> speed=[0m[1;36m0.229305[0m[1;36m dir=[0m[1;36m21.1235[0m[1;36m
[gzserver-2] [0m[1;36m[Dbg] [wind_plugin.cpp:110] [0m[1;36mWindPlugin: received command -> speed=[0m[1;36m0.22306[0m[1;36m dir=[0m[1;36m21.9185[0m[1;36m
[gzserver-2] [0m[1;36m[Dbg] [wind_plugin.cpp:110] [0m[1;36mWindPlugin: received command -> speed=[0m[1;36m0.22306[0m[1;36m dir=[0m[1;36m21.9185[0m[1;36m
[gzserver-2] [0m[1;36m[Dbg] [wind_plugin.cpp:110] [0m[1;36mWindPlugin: received command -> speed=[0m[1;36m0.22306[0m[1;36m dir=[0m[1;36m21.9185[0m[1;36m
[gzserver-2] [0mLanded!
[gzserver-2] [INFO] [1773112882.781549778] [gazebo_wind_plugin_node]: WindPlugin: set wind_speed=0.22 wind_direction=21.9
[gzserver-2] [INFO] [1773112883.020994428] [gazebo_wind_plugin_node]: WindPlugin: set wind_speed=0.30 wind_direction=21.5
[gzserver-2] [INFO] [1773112883.259876956] [gazebo_wind_plugin_node]: WindPlugin: set wind_speed=0.30 wind_direction=21.5
[gzserver-2] [INFO] [1773112883.499977342] [gazebo_wind_plugin_node]: WindPlugin: set wind_speed=0.30 wind_direction=21.5
[gzserver-2] [INFO] [1773112883.733823125] [gazebo_wind_plugin_node]: WindPlugin: set wind_speed=0.30 wind_direction=21.5
[gzserver-2] [INFO] [1773112883.973046711] [gazebo_wind_plugin_node]: WindPlugin: set wind_speed=0.49 wind_direction=21.5
[gzserver-2] [INFO] [1773112884.212563852] [gazebo_wind_plugin_node]: WindPlugin: set wind_speed=0.49 wind_direction=21.5
[gzserver-2] [INFO] [1773112884.452378884] [gazebo_wind_plugin_node]: WindPlugin: set wind_speed=0.49 wind_direction=21.5
