[INFO] [launch]: All log files can be found below /home/j/.ros/log/2026-03-10-13-27-41-981643-j-1750237
[INFO] [launch]: Default logging verbosity is set to INFO
[INFO] [launch.user]: [bringup] Apriltag config: camera=/drone/bottom, image=/drone/bottom/image_raw, tags=/drone/bottom/tags, bridge=/landing_tag_state, standalone=true, use_target_id=true, target_id=0
[INFO] [rviz2-1]: process started with pid [1750250]
[INFO] [gzserver-2]: process started with pid [1750252]
[INFO] [robot_state_publisher-3]: process started with pid [1750254]
[INFO] [joint_state_publisher-4]: process started with pid [1750256]
[INFO] [spawn_drone-5]: process started with pid [1750258]
[INFO] [static_transform_publisher-6]: process started with pid [1750260]
[INFO] [joy_node-7]: process started with pid [1750262]
[INFO] [teleop_joystick-8]: process started with pid [1750264]
[INFO] [apriltag_detector_node-9]: process started with pid [1750266]
[INFO] [apriltag_state_bridge-10]: process started with pid [1750268]
[static_transform_publisher-6] [WARN] [1773116862.459141980] []: Old-style arguments are deprecated; see --help for new-style arguments
[static_transform_publisher-6] [INFO] [1773116862.464926726] [static_transform_publisher_nqfYDlBCJNVfHSpt]: Spinning until stopped - publishing transform
[static_transform_publisher-6] translation: ('0.000000', '0.000000', '0.000000')
[static_transform_publisher-6] rotation: ('0.000000', '0.000000', '0.000000', '1.000000')
[static_transform_publisher-6] from 'world' to '/drone/odom'
[robot_state_publisher-3] [INFO] [1773116862.489707454] [drone.robot_state_publisher]: got segment base_footprint
[robot_state_publisher-3] [INFO] [1773116862.489789073] [drone.robot_state_publisher]: got segment base_link
[robot_state_publisher-3] [INFO] [1773116862.489800546] [drone.robot_state_publisher]: got segment bottom_cam_link
[robot_state_publisher-3] [INFO] [1773116862.489808294] [drone.robot_state_publisher]: got segment front_cam_link
[robot_state_publisher-3] [INFO] [1773116862.489815088] [drone.robot_state_publisher]: got segment sonar_link
[rviz2-1] 
[rviz2-1] (rviz2:1750250): dbind-WARNING **: 13:27:42.490: Couldn't connect to accessibility bus: Failed to connect to socket /root/.cache/at-spi/bus_0: 허가 거부
[apriltag_detector_node-9] [INFO] [1773116862.490852299] [apriltag_detector_node]: tag detector type: umich
[teleop_joystick-8] Traceback (most recent call last):
[teleop_joystick-8]   File "/home/j/INCSL/IICC26_ws/install/sjtu_drone_control/lib/sjtu_drone_control/teleop_joystick", line 33, in <module>
[teleop_joystick-8]     sys.exit(load_entry_point('sjtu_drone_control==0.0.0', 'console_scripts', 'teleop_joystick')())
[teleop_joystick-8]   File "/home/j/INCSL/IICC26_ws/install/sjtu_drone_control/lib/sjtu_drone_control/teleop_joystick", line 22, in importlib_load_entry_point
[teleop_joystick-8]     for entry_point in distribution(dist_name).entry_points
[teleop_joystick-8]   File "/usr/lib/python3.10/importlib/metadata/__init__.py", line 969, in distribution
[teleop_joystick-8]     return Distribution.from_name(distribution_name)
[teleop_joystick-8]   File "/usr/lib/python3.10/importlib/metadata/__init__.py", line 548, in from_name
[teleop_joystick-8]     raise PackageNotFoundError(name)
[teleop_joystick-8] importlib.metadata.PackageNotFoundError: No package metadata was found for sjtu_drone_control
[ERROR] [teleop_joystick-8]: process has died [pid 1750264, exit code 1, cmd '/home/j/INCSL/IICC26_ws/install/sjtu_drone_control/lib/sjtu_drone_control/teleop_joystick --ros-args -r __ns:=/drone'].
[gzserver-2] Gazebo multi-robot simulator, version 11.10.2
[gzserver-2] Copyright (C) 2012 Open Source Robotics Foundation.
[gzserver-2] Released under the Apache 2 License.
[gzserver-2] http://gazebosim.org
[gzserver-2] 
[apriltag_state_bridge-10] [INFO] [1773116862.702981178] [apriltag_state_bridge]: AprilTag bridge started: /drone/bottom/tags -> /landing_tag_state, use_target_id=True, target_id=0
[joint_state_publisher-4] [INFO] [1773116862.742897609] [drone.joint_state_publisher]: Waiting for robot_description to be published on the robot_description topic...
[gzserver-2] [1;33m[Wrn] [gazebo_ros_init.cpp:178] [0m[1;33m
[gzserver-2] #     # ####### ####### ###  #####  #######
[gzserver-2] ##    # #     #    #     #  #     # #
[gzserver-2] # #   # #     #    #     #  #       #
[gzserver-2] #  #  # #     #    #     #  #       #####
[gzserver-2] #   # # #     #    #     #  #       #
[gzserver-2] #    ## #     #    #     #  #     # #
[gzserver-2] #     # #######    #    ###  #####  #######
[gzserver-2] 
[gzserver-2] This version of Gazebo, now called Gazebo classic, reaches end-of-life
[gzserver-2] in January 2025. Users are highly encouraged to migrate to the new Gazebo
[gzserver-2] using our migration guides (https://gazebosim.org/docs/latest/gazebo_classic_migration?utm_source=gazebo_ros_pkgs&utm_medium=cli)
[gzserver-2] 
[gzserver-2] [0m[1;33m
[rviz2-1] [INFO] [1773116862.903132117] [rviz2]: Stereo is NOT SUPPORTED
[rviz2-1] [INFO] [1773116862.903230216] [rviz2]: OpenGl version: 4.6 (GLSL 4.6)
[rviz2-1] [INFO] [1773116862.991281580] [rviz2]: Stereo is NOT SUPPORTED
[rviz2-1] [INFO] [1773116863.160693149] [rviz2]: Stereo is NOT SUPPORTED
[gzserver-2] [1;32m[Msg] [0m[1;32mWaiting for master.[0m[1;32m
[gzserver-2] [0m[1;32m[0m[1;32m[0m[1;32m[Msg] [0m[1;32mConnected to gazebo master @ [0m[1;32mhttp://127.0.0.1:11345[0m[1;32m
[gzserver-2] [0m[1;32m[0m[1;32m[0m[1;32m[Msg] [0m[1;32mPublicized address: [0m[1;32m172.16.52.147[0m[1;32m
[gzserver-2] [0m[1;32m[0m[1;32m[0m[1;32m[Msg] [0m[1;32mLoading world file [[0m[1;32m/home/j/INCSL/IICC26_ws/install/sjtu_drone_description/share/sjtu_drone_description/worlds/landingPad.world[0m[1;32m][0m[1;32m
[gzserver-2] [0m[1;32m[0m[1;32m[0m[1;36m[Dbg] [wind_plugin.cpp:96] [0m[1;36mWindPlugin loaded: speed=[0m[1;36m0[0m[1;36m dir=[0m[1;36m0[0m[1;36m deg area=[0m[1;36m0.1[0m[1;36m coeff=[0m[1;36m1[0m[1;36m
[gzserver-2] [0m[1;33m[0m[1;33m[0m[1;31m[Err] [Sensor.cc:510] [0m[1;31mGet noise index not valid[0m[1;31m
[gzserver-2] [0m[1;31m[0m[1;31m[0m[1;31m[Err] [Sensor.cc:510] [0m[1;31mGet noise index not valid[0m[1;31m
[gzserver-2] [0m[1;31m[0m[1;31m[0m[1;31m[Err] [Sensor.cc:510] [0m[1;31mGet noise index not valid[0m[1;31m
[gzserver-2] [0m[1;31m[0m[1;31m[0m[1;31m[Err] [Sensor.cc:510] [0m[1;31mGet noise index not valid[0m[1;31m
[gzserver-2] [0m[1;31m[0m[1;31m[0m[1;31m[Err] [Sensor.cc:510] [0m[1;31mGet noise index not valid[0m[1;31m
[gzserver-2] [0m[1;31m[0m[1;31m[0m[1;31m[Err] [Sensor.cc:510] [0m[1;31mGet noise index not valid[0m[1;31m
[gzserver-2] [0m[1;31m[0m[1;31m[0mTopic [default//drone/base_footprint/down_camera/image] is not valid.
[gzserver-2] Topic [default//drone/base_footprint/front_camera/image] is not valid.
[gzserver-2] [INFO] [1773116863.995057049] [drone.collision_plugin]: Publishing contact states to [/drone/bumper_states]
[gzserver-2] [1;33m[Wrn] [Event.cc:61] [0m[1;33mWarning: Deleting a connection right after creation. [0m[1;33mMake sure to save the ConnectionPtr from a Connect call
[gzserver-2] [0m[INFO] [1773116864.360579578] [drone.camera_bottom]: Publishing camera info to [/drone/bottom/camera_info]
[gzserver-2] [INFO] [1773116864.365044135] [drone.camera_front]: Publishing camera info to [/drone/front/camera_info]
[spawn_drone-5] [INFO] [1773116864.373830632] [spawn_drone]: Result True SpawnEntity: Successfully spawned entity [/drone]
[gzserver-2] [INFO] [1773116864.487257535] [drone.simple_drone]: The drone plugin is loading!
[gzserver-2] [INFO] [1773116864.487468023] [drone.simple_drone]: pub_odom: 1
[gzserver-2] [INFO] [1773116864.487500061] [drone.simple_drone]: Using following parameters: 
[gzserver-2] 		link_name: base_footprint,
[gzserver-2] 		max_force: 30,
[gzserver-2] 		motion_small_noise: 0,
[gzserver-2] 		motion_drift_noise: 0,
[gzserver-2] 		motion_drift_noise_time: 50,
[gzserver-2] 		takeoff_hover_height: 1.62,
[gzserver-2] 		takeoff_vertical_speed: 0.2
[gzserver-2] [INFO] [1773116864.498995829] [drone.simple_drone]: Using the PID parameters: 
[gzserver-2] 	Roll Pitch:
[gzserver-2] 		kP: 10, kI: 0,kD: 5, Limit: 0.5, Time Constant: 0
[gzserver-2] 	Yaw:
[gzserver-2] 		kP: 2, kI: 0,kD: 1, Limit: 1.5, Time Constant: 0
[gzserver-2] 	Velocity X:
[gzserver-2] 		kP: 5, kI: 0,kD: 2.3, Limit: 2, Time Constant: 0
[gzserver-2] 	Velocity Y:
[gzserver-2] 		kP: 5, kI: 0,kD: 2.3, Limit: 2, Time Constant: 0
[gzserver-2] 	Velocity Z:
[gzserver-2] 		kP: 5, kI: 0,kD: 1, Limit: -1, Time Constant: 0
[gzserver-2] 	Position XY:
[gzserver-2] 		kP: 1.1, kI: 0,kD: 0, Limit: 5, Time Constant: 0
[gzserver-2] 	Position Z:
[gzserver-2] 		kP: 1, kI: 0,kD: 0.2, Limit: -1, Time Constant: 0
[gzserver-2] [INFO] [1773116864.499123198] [drone.simple_drone]: The drone plugin finished loading!
[INFO] [spawn_drone-5]: process has finished cleanly [pid 1750258]
[gzserver-2] [INFO] [1773116871.814725535] [gazebo_wind_plugin_node]: WindPlugin: set wind_speed=0.00 wind_direction=0.0
[gzserver-2] [INFO] [1773116872.085469260] [gazebo_wind_plugin_node]: WindPlugin: set wind_speed=0.00 wind_direction=0.0
[gzserver-2] [INFO] [1773116872.125436313] [drone.simple_drone]: Quadrotor takes off!!
[gzserver-2] [INFO] [1773116872.328107238] [gazebo_wind_plugin_node]: WindPlugin: set wind_speed=0.00 wind_direction=0.0
[gzserver-2] [INFO] [1773116872.567665071] [gazebo_wind_plugin_node]: WindPlugin: set wind_speed=0.00 wind_direction=0.0
[gzserver-2] [INFO] [1773116872.807194087] [gazebo_wind_plugin_node]: WindPlugin: set wind_speed=0.00 wind_direction=0.0
[gzserver-2] [INFO] [1773116873.046015368] [gazebo_wind_plugin_node]: WindPlugin: set wind_speed=0.00 wind_direction=0.0
[gzserver-2] [INFO] [1773116873.280002192] [gazebo_wind_plugin_node]: WindPlugin: set wind_speed=0.00 wind_direction=0.0
[gzserver-2] [0m[1;36m[Dbg] [wind_plugin.cpp:110] [0m[1;36mWindPlugin: received command -> speed=[0m[1;36m0[0m[1;36m dir=[0m[1;36m0[0m[1;36m
[gzserver-2] [0m[1;36m[Dbg] [wind_plugin.cpp:110] [0m[1;36mWindPlugin: received command -> speed=[0m[1;36m0[0m[1;36m dir=[0m[1;36m0[0m[1;36m
[gzserver-2] [0m[1;36m[Dbg] [wind_plugin.cpp:110] [0m[1;36mWindPlugin: received command -> speed=[0m[1;36m0[0m[1;36m dir=[0m[1;36m0[0m[1;36m
[gzserver-2] [0m[1;36m[Dbg] [wind_plugin.cpp:110] [0m[1;36mWindPlugin: received command -> speed=[0m[1;36m0[0m[1;36m dir=[0m[1;36m0[0m[1;36m
[gzserver-2] [0m[1;36m[Dbg] [wind_plugin.cpp:110] [0m[1;36mWindPlugin: received command -> speed=[0m[1;36m0[0m[1;36m dir=[0m[1;36m0[0m[1;36m
[gzserver-2] [0m[1;36m[Dbg] [wind_plugin.cpp:110] [0m[1;36mWindPlugin: received command -> speed=[0m[1;36m0[0m[1;36m dir=[0m[1;36m0[0m[1;36m
[gzserver-2] [0m[1;36m[Dbg] [wind_plugin.cpp:110] [0m[1;36mWindPlugin: received command -> speed=[0m[1;36m0[0m[1;36m dir=[0m[1;36m0[0m[1;36m
[gzserver-2] [0mEntering flying model!
[gzserver-2] [INFO] [1773116873.519402889] [gazebo_wind_plugin_node]: WindPlugin: set wind_speed=0.00 wind_direction=0.0
[gzserver-2] [INFO] [1773116873.750890768] [gazebo_wind_plugin_node]: WindPlugin: set wind_speed=0.90 wind_direction=-173.1
[gzserver-2] [INFO] [1773116873.991419610] [gazebo_wind_plugin_node]: WindPlugin: set wind_speed=0.90 wind_direction=-173.1
[gzserver-2] [INFO] [1773116874.233160354] [gazebo_wind_plugin_node]: WindPlugin: set wind_speed=0.90 wind_direction=-173.1
[gzserver-2] [INFO] [1773116874.472432078] [gazebo_wind_plugin_node]: WindPlugin: set wind_speed=0.99 wind_direction=-175.2
[gzserver-2] [INFO] [1773116874.706974375] [gazebo_wind_plugin_node]: WindPlugin: set wind_speed=0.99 wind_direction=-175.2
[gzserver-2] [INFO] [1773116874.946466583] [gazebo_wind_plugin_node]: WindPlugin: set wind_speed=0.99 wind_direction=-175.2
[gzserver-2] [INFO] [1773116875.185870262] [gazebo_wind_plugin_node]: WindPlugin: set wind_speed=0.99 wind_direction=-175.2
[gzserver-2] [INFO] [1773116875.419947343] [gazebo_wind_plugin_node]: WindPlugin: set wind_speed=0.87 wind_direction=-175.0
[gzserver-2] [INFO] [1773116875.654329520] [gazebo_wind_plugin_node]: WindPlugin: set wind_speed=0.87 wind_direction=-175.0
[gzserver-2] [INFO] [1773116875.888319694] [gazebo_wind_plugin_node]: WindPlugin: set wind_speed=0.87 wind_direction=-175.0
[gzserver-2] [INFO] [1773116876.128234899] [gazebo_wind_plugin_node]: WindPlugin: set wind_speed=0.87 wind_direction=-175.0
[gzserver-2] [INFO] [1773116876.362687536] [gazebo_wind_plugin_node]: WindPlugin: set wind_speed=0.95 wind_direction=-172.5
[gzserver-2] [INFO] [1773116876.602395674] [gazebo_wind_plugin_node]: WindPlugin: set wind_speed=0.95 wind_direction=-172.5
[gzserver-2] [INFO] [1773116876.842148346] [gazebo_wind_plugin_node]: WindPlugin: set wind_speed=0.95 wind_direction=-172.5
[gzserver-2] [INFO] [1773116877.076609762] [gazebo_wind_plugin_node]: WindPlugin: set wind_speed=0.95 wind_direction=-172.5
[gzserver-2] [INFO] [1773116877.316025610] [gazebo_wind_plugin_node]: WindPlugin: set wind_speed=0.86 wind_direction=-172.4
[gzserver-2] [INFO] [1773116877.354410543] [drone.simple_drone]: Quadrotor lands!!
[gzserver-2] [INFO] [1773116877.555609155] [gazebo_wind_plugin_node]: WindPlugin: set wind_speed=0.86 wind_direction=-172.4
[gzserver-2] [INFO] [1773116877.795565157] [gazebo_wind_plugin_node]: WindPlugin: set wind_speed=0.86 wind_direction=-172.4
[gzserver-2] [INFO] [1773116878.035200622] [gazebo_wind_plugin_node]: WindPlugin: set wind_speed=0.86 wind_direction=-172.4
[gzserver-2] [INFO] [1773116878.269006213] [gazebo_wind_plugin_node]: WindPlugin: set wind_speed=0.86 wind_direction=-172.4
[gzserver-2] [1;36m[Dbg] [wind_plugin.cpp:110] [0m[1;36mWindPlugin: received command -> speed=[0m[1;36m0[0m[1;36m dir=[0m[1;36m0[0m[1;36m
[gzserver-2] [0m[1;36m[Dbg] [wind_plugin.cpp:110] [0m[1;36mWindPlugin: received command -> speed=[0m[1;36m0.895541[0m[1;36m dir=[0m[1;36m-173.129[0m[1;36m
[gzserver-2] [0m[1;36m[Dbg] [wind_plugin.cpp:110] [0m[1;36mWindPlugin: received command -> speed=[0m[1;36m0.895541[0m[1;36m dir=[0m[1;36m-173.129[0m[1;36m
[gzserver-2] [0m[1;36m[Dbg] [wind_plugin.cpp:110] [0m[1;36mWindPlugin: received command -> speed=[0m[1;36m0.895541[0m[1;36m dir=[0m[1;36m-173.129[0m[1;36m
[gzserver-2] [0m[1;36m[Dbg] [wind_plugin.cpp:110] [0m[1;36mWindPlugin: received command -> speed=[0m[1;36m0.987505[0m[1;36m dir=[0m[1;36m-175.211[0m[1;36m
[gzserver-2] [0m[1;36m[Dbg] [wind_plugin.cpp:110] [0m[1;36mWindPlugin: received command -> speed=[0m[1;36m0.987505[0m[1;36m dir=[0m[1;36m-175.211[0m[1;36m
[gzserver-2] [0m[1;36m[Dbg] [wind_plugin.cpp:110] [0m[1;36mWindPlugin: received command -> speed=[0m[1;36m0.987505[0m[1;36m dir=[0m[1;36m-175.211[0m[1;36m
[gzserver-2] [0m[1;36m[Dbg] [wind_plugin.cpp:110] [0m[1;36mWindPlugin: received command -> speed=[0m[1;36m0.987505[0m[1;36m dir=[0m[1;36m-175.211[0m[1;36m
[gzserver-2] [0m[1;36m[Dbg] [wind_plugin.cpp:110] [0m[1;36mWindPlugin: received command -> speed=[0m[1;36m0.873689[0m[1;36m dir=[0m[1;36m-175.012[0m[1;36m
[gzserver-2] [0m[1;36m[Dbg] [wind_plugin.cpp:110] [0m[1;36mWindPlugin: received command -> speed=[0m[1;36m0.873689[0m[1;36m dir=[0m[1;36m-175.012[0m[1;36m
[gzserver-2] [0m[1;36m[Dbg] [wind_plugin.cpp:110] [0m[1;36mWindPlugin: received command -> speed=[0m[1;36m0.873689[0m[1;36m dir=[0m[1;36m-175.012[0m[1;36m
[gzserver-2] [0m[1;36m[Dbg] [wind_plugin.cpp:110] [0m[1;36mWindPlugin: received command -> speed=[0m[1;36m0.873689[0m[1;36m dir=[0m[1;36m-175.012[0m[1;36m
[gzserver-2] [0m[1;36m[Dbg] [wind_plugin.cpp:110] [0m[1;36mWindPlugin: received command -> speed=[0m[1;36m0.954444[0m[1;36m dir=[0m[1;36m-172.524[0m[1;36m
[gzserver-2] [0m[1;36m[Dbg] [wind_plugin.cpp:110] [0m[1;36mWindPlugin: received command -> speed=[0m[1;36m0.954444[0m[1;36m dir=[0m[1;36m-172.524[0m[1;36m
[gzserver-2] [0m[1;36m[Dbg] [wind_plugin.cpp:110] [0m[1;36mWindPlugin: received command -> speed=[0m[1;36m0.954444[0m[1;36m dir=[0m[1;36m-172.524[0m[1;36m
[gzserver-2] [0m[1;36m[Dbg] [wind_plugin.cpp:110] [0m[1;36mWindPlugin: received command -> speed=[0m[1;36m0.954444[0m[1;36m dir=[0m[1;36m-172.524[0m[1;36m
[gzserver-2] [0m[1;36m[Dbg] [wind_plugin.cpp:110] [0m[1;36mWindPlugin: received command -> speed=[0m[1;36m0.862914[0m[1;36m dir=[0m[1;36m-172.384[0m[1;36m
[gzserver-2] [0m[1;36m[Dbg] [wind_plugin.cpp:110] [0m[1;36mWindPlugin: received command -> speed=[0m[1;36m0.862914[0m[1;36m dir=[0m[1;36m-172.384[0m[1;36m
[gzserver-2] [0m[1;36m[Dbg] [wind_plugin.cpp:110] [0m[1;36mWindPlugin: received command -> speed=[0m[1;36m0.862914[0m[1;36m dir=[0m[1;36m-172.384[0m[1;36m
[gzserver-2] [0m[1;36m[Dbg] [wind_plugin.cpp:110] [0m[1;36mWindPlugin: received command -> speed=[0m[1;36m0.862914[0m[1;36m dir=[0m[1;36m-172.384[0m[1;36m
[gzserver-2] [0m[1;36m[Dbg] [wind_plugin.cpp:110] [0m[1;36mWindPlugin: received command -> speed=[0m[1;36m0.862914[0m[1;36m dir=[0m[1;36m-172.384[0m[1;36m
[gzserver-2] [0mLanded!
[gzserver-2] [INFO] [1773116878.505486814] [gazebo_wind_plugin_node]: WindPlugin: set wind_speed=0.79 wind_direction=-173.1
[gzserver-2] [INFO] [1773116878.744947800] [gazebo_wind_plugin_node]: WindPlugin: set wind_speed=0.79 wind_direction=-173.1
[gzserver-2] [INFO] [1773116878.984157501] [gazebo_wind_plugin_node]: WindPlugin: set wind_speed=0.79 wind_direction=-173.1
[gzserver-2] [INFO] [1773116879.225292334] [gazebo_wind_plugin_node]: WindPlugin: set wind_speed=0.79 wind_direction=-173.1
[gzserver-2] [INFO] [1773116879.464799344] [gazebo_wind_plugin_node]: WindPlugin: set wind_speed=0.94 wind_direction=-174.6
[gzserver-2] [INFO] [1773116879.704409748] [gazebo_wind_plugin_node]: WindPlugin: set wind_speed=0.94 wind_direction=-174.6
[gzserver-2] [INFO] [1773116879.939626082] [gazebo_wind_plugin_node]: WindPlugin: set wind_speed=0.94 wind_direction=-174.6
[gzserver-2] [INFO] [1773116880.178553095] [gazebo_wind_plugin_node]: WindPlugin: set wind_speed=0.94 wind_direction=-174.6
