[INFO] [launch]: All log files can be found below /home/j/.ros/log/2026-03-11-05-07-32-142711-j-434227
[INFO] [launch]: Default logging verbosity is set to INFO
[INFO] [launch.user]: [bringup] Apriltag config: camera=/drone/bottom, image=/drone/bottom/image_raw, tags=/drone/bottom/tags, bridge=/landing_tag_state, standalone=true, use_target_id=true, target_id=0
[INFO] [rviz2-1]: process started with pid [434230]
[INFO] [gzserver-2]: process started with pid [434232]
[INFO] [robot_state_publisher-3]: process started with pid [434234]
[INFO] [joint_state_publisher-4]: process started with pid [434236]
[INFO] [spawn_drone-5]: process started with pid [434238]
[INFO] [static_transform_publisher-6]: process started with pid [434240]
[INFO] [joy_node-7]: process started with pid [434242]
[INFO] [teleop_joystick-8]: process started with pid [434244]
[INFO] [apriltag_detector_node-9]: process started with pid [434246]
[INFO] [apriltag_state_bridge-10]: process started with pid [434248]
[static_transform_publisher-6] [WARN] [1773173252.617899068] []: Old-style arguments are deprecated; see --help for new-style arguments
[static_transform_publisher-6] [INFO] [1773173252.625036694] [static_transform_publisher_N5CXSMhxnCCJKPn8]: Spinning until stopped - publishing transform
[static_transform_publisher-6] translation: ('0.000000', '0.000000', '0.000000')
[static_transform_publisher-6] rotation: ('0.000000', '0.000000', '0.000000', '1.000000')
[static_transform_publisher-6] from 'world' to '/drone/odom'
[robot_state_publisher-3] [INFO] [1773173252.643092841] [drone.robot_state_publisher]: got segment base_footprint
[robot_state_publisher-3] [INFO] [1773173252.643159321] [drone.robot_state_publisher]: got segment base_link
[robot_state_publisher-3] [INFO] [1773173252.643164588] [drone.robot_state_publisher]: got segment bottom_cam_link
[robot_state_publisher-3] [INFO] [1773173252.643167563] [drone.robot_state_publisher]: got segment front_cam_link
[robot_state_publisher-3] [INFO] [1773173252.643170275] [drone.robot_state_publisher]: got segment sonar_link
[rviz2-1] 
[rviz2-1] (rviz2:434230): dbind-WARNING **: 05:07:32.651: Couldn't connect to accessibility bus: Failed to connect to socket /root/.cache/at-spi/bus_0: 허가 거부
[apriltag_detector_node-9] [INFO] [1773173252.653407875] [apriltag_detector_node]: tag detector type: umich
[teleop_joystick-8] Traceback (most recent call last):
[teleop_joystick-8]   File "/home/j/INCSL/IICC26_ws/install/sjtu_drone_control/lib/sjtu_drone_control/teleop_joystick", line 33, in <module>
[teleop_joystick-8]     sys.exit(load_entry_point('sjtu_drone_control==0.0.0', 'console_scripts', 'teleop_joystick')())
[teleop_joystick-8]   File "/home/j/INCSL/IICC26_ws/install/sjtu_drone_control/lib/sjtu_drone_control/teleop_joystick", line 22, in importlib_load_entry_point
[teleop_joystick-8]     for entry_point in distribution(dist_name).entry_points
[teleop_joystick-8]   File "/usr/lib/python3.10/importlib/metadata/__init__.py", line 969, in distribution
[teleop_joystick-8]     return Distribution.from_name(distribution_name)
[teleop_joystick-8]   File "/usr/lib/python3.10/importlib/metadata/__init__.py", line 548, in from_name
[teleop_joystick-8]     raise PackageNotFoundError(name)
[teleop_joystick-8] importlib.metadata.PackageNotFoundError: No package metadata was found for sjtu_drone_control
[ERROR] [teleop_joystick-8]: process has died [pid 434244, exit code 1, cmd '/home/j/INCSL/IICC26_ws/install/sjtu_drone_control/lib/sjtu_drone_control/teleop_joystick --ros-args -r __ns:=/drone'].
[gzserver-2] Gazebo multi-robot simulator, version 11.10.2
[gzserver-2] Copyright (C) 2012 Open Source Robotics Foundation.
[gzserver-2] Released under the Apache 2 License.
[gzserver-2] http://gazebosim.org
[gzserver-2] 
[apriltag_state_bridge-10] [INFO] [1773173252.848292936] [apriltag_state_bridge]: AprilTag bridge started: /drone/bottom/tags -> /landing_tag_state, use_target_id=True, target_id=0
[joint_state_publisher-4] [INFO] [1773173252.875201284] [drone.joint_state_publisher]: Waiting for robot_description to be published on the robot_description topic...
[gzserver-2] [1;33m[Wrn] [gazebo_ros_init.cpp:178] [0m[1;33m
[gzserver-2] #     # ####### ####### ###  #####  #######
[gzserver-2] ##    # #     #    #     #  #     # #
[gzserver-2] # #   # #     #    #     #  #       #
[gzserver-2] #  #  # #     #    #     #  #       #####
[gzserver-2] #   # # #     #    #     #  #       #
[gzserver-2] #    ## #     #    #     #  #     # #
[gzserver-2] #     # #######    #    ###  #####  #######
[gzserver-2] 
[gzserver-2] This version of Gazebo, now called Gazebo classic, reaches end-of-life
[gzserver-2] in January 2025. Users are highly encouraged to migrate to the new Gazebo
[gzserver-2] using our migration guides (https://gazebosim.org/docs/latest/gazebo_classic_migration?utm_source=gazebo_ros_pkgs&utm_medium=cli)
[gzserver-2] 
[gzserver-2] [0m[1;33m
[rviz2-1] [INFO] [1773173253.229133332] [rviz2]: Stereo is NOT SUPPORTED
[rviz2-1] [INFO] [1773173253.229225851] [rviz2]: OpenGl version: 4.6 (GLSL 4.6)
[rviz2-1] [INFO] [1773173253.324982987] [rviz2]: Stereo is NOT SUPPORTED
[rviz2-1] [INFO] [1773173253.419509161] [rviz2]: Stereo is NOT SUPPORTED
[gzserver-2] [1;32m[Msg] [0m[1;32mWaiting for master.[0m[1;32m
[gzserver-2] [0m[1;32m[0m[1;32m[0m[1;32m[Msg] [0m[1;32mConnected to gazebo master @ [0m[1;32mhttp://127.0.0.1:11345[0m[1;32m
[gzserver-2] [0m[1;32m[0m[1;32m[0m[1;32m[Msg] [0m[1;32mPublicized address: [0m[1;32m192.168.0.11[0m[1;32m
[gzserver-2] [0m[1;32m[0m[1;32m[0m[1;32m[Msg] [0m[1;32mLoading world file [[0m[1;32m/home/j/INCSL/IICC26_ws/install/sjtu_drone_description/share/sjtu_drone_description/worlds/landingPad.world[0m[1;32m][0m[1;32m
[gzserver-2] [0m[1;32m[0m[1;32m[0m[1;36m[Dbg] [wind_plugin.cpp:96] [0m[1;36mWindPlugin loaded: speed=[0m[1;36m0[0m[1;36m dir=[0m[1;36m0[0m[1;36m deg area=[0m[1;36m0.1[0m[1;36m coeff=[0m[1;36m1[0m[1;36m
[gzserver-2] [0m[1;33m[0m[1;33m[0m[1;31m[Err] [Sensor.cc:510] [0m[1;31mGet noise index not valid[0m[1;31m
[gzserver-2] [0m[1;31m[0m[1;31m[0m[1;31m[Err] [Sensor.cc:510] [0m[1;31mGet noise index not valid[0m[1;31m
[gzserver-2] [0m[1;31m[0m[1;31m[0m[1;31m[Err] [Sensor.cc:510] [0m[1;31mGet noise index not valid[0m[1;31m
[gzserver-2] [0m[1;31m[0m[1;31m[0m[1;31m[Err] [Sensor.cc:510] [0m[1;31mGet noise index not valid[0m[1;31m
[gzserver-2] [0m[1;31m[0m[1;31m[0m[1;31m[Err] [Sensor.cc:510] [0m[1;31mGet noise index not valid[0m[1;31m
[gzserver-2] [0m[1;31m[0m[1;31m[0m[1;31m[Err] [Sensor.cc:510] [0m[1;31mGet noise index not valid[0m[1;31m
[gzserver-2] [0m[1;31m[0m[1;31m[0mTopic [default//drone/base_footprint/down_camera/image] is not valid.
[gzserver-2] [INFO] [1773173253.967333480] [drone.collision_plugin]: Publishing contact states to [/drone/bumper_states]
[gzserver-2] Topic [default//drone/base_footprint/front_camera/image] is not valid.
[gzserver-2] [1;33m[Wrn] [Event.cc:61] [0m[1;33mWarning: Deleting a connection right after creation. [0m[1;33mMake sure to save the ConnectionPtr from a Connect call
[gzserver-2] [0m[INFO] [1773173254.528008932] [drone.camera_bottom]: Publishing camera info to [/drone/bottom/camera_info]
[gzserver-2] [INFO] [1773173254.530937262] [drone.camera_front]: Publishing camera info to [/drone/front/camera_info]
[spawn_drone-5] [INFO] [1773173254.539955337] [spawn_drone]: Result True SpawnEntity: Successfully spawned entity [/drone]
[gzserver-2] [INFO] [1773173254.653005780] [drone.simple_drone]: The drone plugin is loading!
[gzserver-2] [INFO] [1773173254.653218664] [drone.simple_drone]: pub_odom: 1
[gzserver-2] [INFO] [1773173254.653254428] [drone.simple_drone]: Using following parameters: 
[gzserver-2] 		link_name: base_footprint,
[gzserver-2] 		max_force: 30,
[gzserver-2] 		motion_small_noise: 0,
[gzserver-2] 		motion_drift_noise: 0,
[gzserver-2] 		motion_drift_noise_time: 50,
[gzserver-2] 		takeoff_hover_height: 1.85,
[gzserver-2] 		takeoff_vertical_speed: 0.2
[gzserver-2] [INFO] [1773173254.665184337] [drone.simple_drone]: Using the PID parameters: 
[gzserver-2] 	Roll Pitch:
[gzserver-2] 		kP: 10, kI: 0,kD: 5, Limit: 0.5, Time Constant: 0
[gzserver-2] 	Yaw:
[gzserver-2] 		kP: 2, kI: 0,kD: 1, Limit: 1.5, Time Constant: 0
[gzserver-2] 	Velocity X:
[gzserver-2] 		kP: 5, kI: 0,kD: 2.3, Limit: 2, Time Constant: 0
[gzserver-2] 	Velocity Y:
[gzserver-2] 		kP: 5, kI: 0,kD: 2.3, Limit: 2, Time Constant: 0
[gzserver-2] 	Velocity Z:
[gzserver-2] 		kP: 5, kI: 0,kD: 1, Limit: -1, Time Constant: 0
[gzserver-2] 	Position XY:
[gzserver-2] 		kP: 1.1, kI: 0,kD: 0, Limit: 5, Time Constant: 0
[gzserver-2] 	Position Z:
[gzserver-2] 		kP: 1, kI: 0,kD: 0.2, Limit: -1, Time Constant: 0
[gzserver-2] [INFO] [1773173254.665314571] [drone.simple_drone]: The drone plugin finished loading!
[INFO] [spawn_drone-5]: process has finished cleanly [pid 434238]
[gzserver-2] [INFO] [1773173261.984932798] [gazebo_wind_plugin_node]: WindPlugin: set wind_speed=0.00 wind_direction=0.0
[gzserver-2] [INFO] [1773173262.256295540] [gazebo_wind_plugin_node]: WindPlugin: set wind_speed=0.00 wind_direction=0.0
[gzserver-2] [INFO] [1773173262.291783507] [drone.simple_drone]: Quadrotor takes off!!
[gzserver-2] [INFO] [1773173262.494127029] [gazebo_wind_plugin_node]: WindPlugin: set wind_speed=0.00 wind_direction=0.0
[gzserver-2] [INFO] [1773173262.723284192] [gazebo_wind_plugin_node]: WindPlugin: set wind_speed=0.00 wind_direction=0.0
[gzserver-2] [INFO] [1773173262.964566215] [gazebo_wind_plugin_node]: WindPlugin: set wind_speed=0.00 wind_direction=0.0
[gzserver-2] [INFO] [1773173263.203783411] [gazebo_wind_plugin_node]: WindPlugin: set wind_speed=0.00 wind_direction=0.0
[gzserver-2] [INFO] [1773173263.437510935] [gazebo_wind_plugin_node]: WindPlugin: set wind_speed=0.00 wind_direction=0.0
[gzserver-2] [INFO] [1773173263.676954600] [gazebo_wind_plugin_node]: WindPlugin: set wind_speed=0.00 wind_direction=0.0
[gzserver-2] [0m[1;36m[Dbg] [wind_plugin.cpp:110] [0m[1;36mWindPlugin: received command -> speed=[0m[1;36m0[0m[1;36m dir=[0m[1;36m0[0m[1;36m
[gzserver-2] [0m[1;36m[Dbg] [wind_plugin.cpp:110] [0m[1;36mWindPlugin: received command -> speed=[0m[1;36m0[0m[1;36m dir=[0m[1;36m0[0m[1;36m
[gzserver-2] [0m[1;36m[Dbg] [wind_plugin.cpp:110] [0m[1;36mWindPlugin: received command -> speed=[0m[1;36m0[0m[1;36m dir=[0m[1;36m0[0m[1;36m
[gzserver-2] [0m[1;36m[Dbg] [wind_plugin.cpp:110] [0m[1;36mWindPlugin: received command -> speed=[0m[1;36m0[0m[1;36m dir=[0m[1;36m0[0m[1;36m
[gzserver-2] [0m[1;36m[Dbg] [wind_plugin.cpp:110] [0m[1;36mWindPlugin: received command -> speed=[0m[1;36m0[0m[1;36m dir=[0m[1;36m0[0m[1;36m
[gzserver-2] [0m[1;36m[Dbg] [wind_plugin.cpp:110] [0m[1;36mWindPlugin: received command -> speed=[0m[1;36m0[0m[1;36m dir=[0m[1;36m0[0m[1;36m
[gzserver-2] [0m[1;36m[Dbg] [wind_plugin.cpp:110] [0m[1;36mWindPlugin: received command -> speed=[0m[1;36m0[0m[1;36m dir=[0m[1;36m0[0m[1;36m
[gzserver-2] [0m[1;36m[Dbg] [wind_plugin.cpp:110] [0m[1;36mWindPlugin: received command -> speed=[0m[1;36m0[0m[1;36m dir=[0m[1;36m0[0m[1;36m
[gzserver-2] [0mEntering flying model!
[gzserver-2] [INFO] [1773173263.915939327] [gazebo_wind_plugin_node]: WindPlugin: set wind_speed=0.00 wind_direction=0.0
[gzserver-2] [INFO] [1773173264.156387737] [gazebo_wind_plugin_node]: WindPlugin: set wind_speed=0.87 wind_direction=-41.0
[gzserver-2] [INFO] [1773173264.395777188] [gazebo_wind_plugin_node]: WindPlugin: set wind_speed=0.87 wind_direction=-41.0
[gzserver-2] [INFO] [1773173264.630228030] [gazebo_wind_plugin_node]: WindPlugin: set wind_speed=0.87 wind_direction=-43.6
[gzserver-2] [INFO] [1773173264.869701226] [gazebo_wind_plugin_node]: WindPlugin: set wind_speed=0.87 wind_direction=-43.6
[gzserver-2] [INFO] [1773173265.108723834] [gazebo_wind_plugin_node]: WindPlugin: set wind_speed=0.87 wind_direction=-43.6
[gzserver-2] [INFO] [1773173265.343859220] [gazebo_wind_plugin_node]: WindPlugin: set wind_speed=0.87 wind_direction=-43.6
[gzserver-2] [INFO] [1773173265.573684220] [gazebo_wind_plugin_node]: WindPlugin: set wind_speed=0.69 wind_direction=-42.5
[gzserver-2] [INFO] [1773173265.808014187] [gazebo_wind_plugin_node]: WindPlugin: set wind_speed=0.69 wind_direction=-42.5
[gzserver-2] [INFO] [1773173266.042350582] [gazebo_wind_plugin_node]: WindPlugin: set wind_speed=0.69 wind_direction=-42.5
[gzserver-2] [INFO] [1773173266.281889019] [gazebo_wind_plugin_node]: WindPlugin: set wind_speed=0.69 wind_direction=-42.5
[gzserver-2] [INFO] [1773173266.521570116] [gazebo_wind_plugin_node]: WindPlugin: set wind_speed=0.85 wind_direction=-43.7
[gzserver-2] [INFO] [1773173266.755816251] [gazebo_wind_plugin_node]: WindPlugin: set wind_speed=0.85 wind_direction=-43.7
[gzserver-2] [INFO] [1773173266.990259158] [gazebo_wind_plugin_node]: WindPlugin: set wind_speed=0.85 wind_direction=-43.7
[gzserver-2] [INFO] [1773173267.229144379] [gazebo_wind_plugin_node]: WindPlugin: set wind_speed=0.85 wind_direction=-43.7
[gzserver-2] [INFO] [1773173267.470150495] [gazebo_wind_plugin_node]: WindPlugin: set wind_speed=0.85 wind_direction=-43.7
[gzserver-2] [INFO] [1773173267.706631149] [gazebo_wind_plugin_node]: WindPlugin: set wind_speed=0.70 wind_direction=-42.8
[gzserver-2] [INFO] [1773173267.946789876] [gazebo_wind_plugin_node]: WindPlugin: set wind_speed=0.70 wind_direction=-42.8
[gzserver-2] [INFO] [1773173267.983362342] [drone.simple_drone]: Quadrotor lands!!
[gzserver-2] [INFO] [1773173268.184749694] [gazebo_wind_plugin_node]: WindPlugin: set wind_speed=0.70 wind_direction=-42.8
[gzserver-2] [INFO] [1773173268.429224471] [gazebo_wind_plugin_node]: WindPlugin: set wind_speed=0.70 wind_direction=-42.8
[gzserver-2] [INFO] [1773173268.668425167] [gazebo_wind_plugin_node]: WindPlugin: set wind_speed=0.68 wind_direction=-43.6
[gzserver-2] [INFO] [1773173268.898742326] [gazebo_wind_plugin_node]: WindPlugin: set wind_speed=0.68 wind_direction=-43.6
[gzserver-2] [1;36m[Dbg] [wind_plugin.cpp:110] [0m[1;36mWindPlugin: received command -> speed=[0m[1;36m0[0m[1;36m dir=[0m[1;36m0[0m[1;36m
[gzserver-2] [0m[1;36m[Dbg] [wind_plugin.cpp:110] [0m[1;36mWindPlugin: received command -> speed=[0m[1;36m0.869314[0m[1;36m dir=[0m[1;36m-40.957[0m[1;36m
[gzserver-2] [0m[1;36m[Dbg] [wind_plugin.cpp:110] [0m[1;36mWindPlugin: received command -> speed=[0m[1;36m0.869314[0m[1;36m dir=[0m[1;36m-40.957[0m[1;36m
[gzserver-2] [0m[1;36m[Dbg] [wind_plugin.cpp:110] [0m[1;36mWindPlugin: received command -> speed=[0m[1;36m0.866949[0m[1;36m dir=[0m[1;36m-43.563[0m[1;36m
[gzserver-2] [0m[1;36m[Dbg] [wind_plugin.cpp:110] [0m[1;36mWindPlugin: received command -> speed=[0m[1;36m0.866949[0m[1;36m dir=[0m[1;36m-43.563[0m[1;36m
[gzserver-2] [0m[1;36m[Dbg] [wind_plugin.cpp:110] [0m[1;36mWindPlugin: received command -> speed=[0m[1;36m0.866949[0m[1;36m dir=[0m[1;36m-43.563[0m[1;36m
[gzserver-2] [0m[1;36m[Dbg] [wind_plugin.cpp:110] [0m[1;36mWindPlugin: received command -> speed=[0m[1;36m0.866949[0m[1;36m dir=[0m[1;36m-43.563[0m[1;36m
[gzserver-2] [0m[1;36m[Dbg] [wind_plugin.cpp:110] [0m[1;36mWindPlugin: received command -> speed=[0m[1;36m0.68875[0m[1;36m dir=[0m[1;36m-42.4557[0m[1;36m
[gzserver-2] [0m[1;36m[Dbg] [wind_plugin.cpp:110] [0m[1;36mWindPlugin: received command -> speed=[0m[1;36m0.68875[0m[1;36m dir=[0m[1;36m-42.4557[0m[1;36m
[gzserver-2] [0m[1;36m[Dbg] [wind_plugin.cpp:110] [0m[1;36mWindPlugin: received command -> speed=[0m[1;36m0.68875[0m[1;36m dir=[0m[1;36m-42.4557[0m[1;36m
[gzserver-2] [0m[1;36m[Dbg] [wind_plugin.cpp:110] [0m[1;36mWindPlugin: received command -> speed=[0m[1;36m0.68875[0m[1;36m dir=[0m[1;36m-42.4557[0m[1;36m
[gzserver-2] [0m[1;36m[Dbg] [wind_plugin.cpp:110] [0m[1;36mWindPlugin: received command -> speed=[0m[1;36m0.84821[0m[1;36m dir=[0m[1;36m-43.6987[0m[1;36m
[gzserver-2] [0m[1;36m[Dbg] [wind_plugin.cpp:110] [0m[1;36mWindPlugin: received command -> speed=[0m[1;36m0.84821[0m[1;36m dir=[0m[1;36m-43.6987[0m[1;36m
[gzserver-2] [0m[1;36m[Dbg] [wind_plugin.cpp:110] [0m[1;36mWindPlugin: received command -> speed=[0m[1;36m0.84821[0m[1;36m dir=[0m[1;36m-43.6987[0m[1;36m
[gzserver-2] [0m[1;36m[Dbg] [wind_plugin.cpp:110] [0m[1;36mWindPlugin: received command -> speed=[0m[1;36m0.84821[0m[1;36m dir=[0m[1;36m-43.6987[0m[1;36m
[gzserver-2] [0m[1;36m[Dbg] [wind_plugin.cpp:110] [0m[1;36mWindPlugin: received command -> speed=[0m[1;36m0.84821[0m[1;36m dir=[0m[1;36m-43.6987[0m[1;36m
[gzserver-2] [0m[1;36m[Dbg] [wind_plugin.cpp:110] [0m[1;36mWindPlugin: received command -> speed=[0m[1;36m0.70424[0m[1;36m dir=[0m[1;36m-42.8249[0m[1;36m
[gzserver-2] [0m[1;36m[Dbg] [wind_plugin.cpp:110] [0m[1;36mWindPlugin: received command -> speed=[0m[1;36m0.70424[0m[1;36m dir=[0m[1;36m-42.8249[0m[1;36m
[gzserver-2] [0m[1;36m[Dbg] [wind_plugin.cpp:110] [0m[1;36mWindPlugin: received command -> speed=[0m[1;36m0.70424[0m[1;36m dir=[0m[1;36m-42.8249[0m[1;36m
[gzserver-2] [0m[1;36m[Dbg] [wind_plugin.cpp:110] [0m[1;36mWindPlugin: received command -> speed=[0m[1;36m0.70424[0m[1;36m dir=[0m[1;36m-42.8249[0m[1;36m
[gzserver-2] [0m[1;36m[Dbg] [wind_plugin.cpp:110] [0m[1;36mWindPlugin: received command -> speed=[0m[1;36m0.676536[0m[1;36m dir=[0m[1;36m-43.5872[0m[1;36m
[gzserver-2] [0m[1;36m[Dbg] [wind_plugin.cpp:110] [0m[1;36mWindPlugin: received command -> speed=[0m[1;36m0.676536[0m[1;36m dir=[0m[1;36m-43.5872[0m[1;36m
[gzserver-2] [0mLanded!
[gzserver-2] [INFO] [1773173269.137938274] [gazebo_wind_plugin_node]: WindPlugin: set wind_speed=0.68 wind_direction=-43.6
[gzserver-2] [INFO] [1773173269.373227172] [gazebo_wind_plugin_node]: WindPlugin: set wind_speed=0.68 wind_direction=-43.6
[gzserver-2] [INFO] [1773173269.613029850] [gazebo_wind_plugin_node]: WindPlugin: set wind_speed=0.76 wind_direction=-44.3
[gzserver-2] [INFO] [1773173269.856435000] [gazebo_wind_plugin_node]: WindPlugin: set wind_speed=0.76 wind_direction=-44.3
[gzserver-2] [INFO] [1773173270.095703818] [gazebo_wind_plugin_node]: WindPlugin: set wind_speed=0.76 wind_direction=-44.3
[gzserver-2] [INFO] [1773173270.337916806] [gazebo_wind_plugin_node]: WindPlugin: set wind_speed=0.76 wind_direction=-44.3
[gzserver-2] [INFO] [1773173270.577533957] [gazebo_wind_plugin_node]: WindPlugin: set wind_speed=0.79 wind_direction=-46.3
[gzserver-2] [INFO] [1773173270.817102967] [gazebo_wind_plugin_node]: WindPlugin: set wind_speed=0.79 wind_direction=-46.3
