[INFO] [launch]: All log files can be found below /home/j/.ros/log/2026-03-10-17-10-02-854177-j-3388060
[INFO] [launch]: Default logging verbosity is set to INFO
[INFO] [launch.user]: [bringup] Apriltag config: camera=/drone/bottom, image=/drone/bottom/image_raw, tags=/drone/bottom/tags, bridge=/landing_tag_state, standalone=true, use_target_id=true, target_id=0
[INFO] [rviz2-1]: process started with pid [3388063]
[INFO] [gzserver-2]: process started with pid [3388065]
[INFO] [robot_state_publisher-3]: process started with pid [3388067]
[INFO] [joint_state_publisher-4]: process started with pid [3388069]
[INFO] [spawn_drone-5]: process started with pid [3388071]
[INFO] [static_transform_publisher-6]: process started with pid [3388073]
[INFO] [joy_node-7]: process started with pid [3388075]
[INFO] [teleop_joystick-8]: process started with pid [3388077]
[INFO] [apriltag_detector_node-9]: process started with pid [3388079]
[INFO] [apriltag_state_bridge-10]: process started with pid [3388082]
[static_transform_publisher-6] [WARN] [1773130203.319720850] []: Old-style arguments are deprecated; see --help for new-style arguments
[static_transform_publisher-6] [INFO] [1773130203.324822144] [static_transform_publisher_5FmusJNyIUZFbEh9]: Spinning until stopped - publishing transform
[static_transform_publisher-6] translation: ('0.000000', '0.000000', '0.000000')
[static_transform_publisher-6] rotation: ('0.000000', '0.000000', '0.000000', '1.000000')
[static_transform_publisher-6] from 'world' to '/drone/odom'
[robot_state_publisher-3] [INFO] [1773130203.349360647] [drone.robot_state_publisher]: got segment base_footprint
[robot_state_publisher-3] [INFO] [1773130203.349459418] [drone.robot_state_publisher]: got segment base_link
[robot_state_publisher-3] [INFO] [1773130203.349472360] [drone.robot_state_publisher]: got segment bottom_cam_link
[robot_state_publisher-3] [INFO] [1773130203.349480984] [drone.robot_state_publisher]: got segment front_cam_link
[robot_state_publisher-3] [INFO] [1773130203.349488202] [drone.robot_state_publisher]: got segment sonar_link
[rviz2-1] 
[rviz2-1] (rviz2:3388063): dbind-WARNING **: 17:10:03.350: Couldn't connect to accessibility bus: Failed to connect to socket /root/.cache/at-spi/bus_0: 허가 거부
[apriltag_detector_node-9] [INFO] [1773130203.357139704] [apriltag_detector_node]: tag detector type: umich
[teleop_joystick-8] Traceback (most recent call last):
[teleop_joystick-8]   File "/home/j/INCSL/IICC26_ws/install/sjtu_drone_control/lib/sjtu_drone_control/teleop_joystick", line 33, in <module>
[teleop_joystick-8]     sys.exit(load_entry_point('sjtu_drone_control==0.0.0', 'console_scripts', 'teleop_joystick')())
[teleop_joystick-8]   File "/home/j/INCSL/IICC26_ws/install/sjtu_drone_control/lib/sjtu_drone_control/teleop_joystick", line 22, in importlib_load_entry_point
[teleop_joystick-8]     for entry_point in distribution(dist_name).entry_points
[teleop_joystick-8]   File "/usr/lib/python3.10/importlib/metadata/__init__.py", line 969, in distribution
[teleop_joystick-8]     return Distribution.from_name(distribution_name)
[teleop_joystick-8]   File "/usr/lib/python3.10/importlib/metadata/__init__.py", line 548, in from_name
[teleop_joystick-8]     raise PackageNotFoundError(name)
[teleop_joystick-8] importlib.metadata.PackageNotFoundError: No package metadata was found for sjtu_drone_control
[ERROR] [teleop_joystick-8]: process has died [pid 3388077, exit code 1, cmd '/home/j/INCSL/IICC26_ws/install/sjtu_drone_control/lib/sjtu_drone_control/teleop_joystick --ros-args -r __ns:=/drone'].
[gzserver-2] Gazebo multi-robot simulator, version 11.10.2
[gzserver-2] Copyright (C) 2012 Open Source Robotics Foundation.
[gzserver-2] Released under the Apache 2 License.
[gzserver-2] http://gazebosim.org
[gzserver-2] 
[apriltag_state_bridge-10] [INFO] [1773130203.546257863] [apriltag_state_bridge]: AprilTag bridge started: /drone/bottom/tags -> /landing_tag_state, use_target_id=True, target_id=0
[joint_state_publisher-4] [INFO] [1773130203.596744157] [drone.joint_state_publisher]: Waiting for robot_description to be published on the robot_description topic...
[gzserver-2] [1;33m[Wrn] [gazebo_ros_init.cpp:178] [0m[1;33m
[gzserver-2] #     # ####### ####### ###  #####  #######
[gzserver-2] ##    # #     #    #     #  #     # #
[gzserver-2] # #   # #     #    #     #  #       #
[gzserver-2] #  #  # #     #    #     #  #       #####
[gzserver-2] #   # # #     #    #     #  #       #
[gzserver-2] #    ## #     #    #     #  #     # #
[gzserver-2] #     # #######    #    ###  #####  #######
[gzserver-2] 
[gzserver-2] This version of Gazebo, now called Gazebo classic, reaches end-of-life
[gzserver-2] in January 2025. Users are highly encouraged to migrate to the new Gazebo
[gzserver-2] using our migration guides (https://gazebosim.org/docs/latest/gazebo_classic_migration?utm_source=gazebo_ros_pkgs&utm_medium=cli)
[gzserver-2] 
[gzserver-2] [0m[1;33m
[rviz2-1] [INFO] [1773130204.144004505] [rviz2]: Stereo is NOT SUPPORTED
[rviz2-1] [INFO] [1773130204.144121025] [rviz2]: OpenGl version: 4.6 (GLSL 4.6)
[rviz2-1] [INFO] [1773130204.228311976] [rviz2]: Stereo is NOT SUPPORTED
[rviz2-1] [INFO] [1773130204.317391076] [rviz2]: Stereo is NOT SUPPORTED
[spawn_drone-5] [INFO] [1773130204.719618641] [spawn_drone]: Result False Entity pushed to spawn queue, but spawn service timed outwaiting for entity to appear in simulation under the name [/drone]
[gzserver-2] [1;32m[Msg] [0m[1;32mWaiting for master.[0m[1;32m
[gzserver-2] [0m[1;32m[0m[1;32m[0m[1;32m[Msg] [0m[1;32mConnected to gazebo master @ [0m[1;32mhttp://127.0.0.1:11345[0m[1;32m
[gzserver-2] [0m[1;32m[0m[1;32m[0m[1;32m[Msg] [0m[1;32mPublicized address: [0m[1;32m172.16.52.147[0m[1;32m
[gzserver-2] [0m[1;32m[0m[1;32m[0m[1;32m[Msg] [0m[1;32mLoading world file [[0m[1;32m/home/j/INCSL/IICC26_ws/install/sjtu_drone_description/share/sjtu_drone_description/worlds/landingPad.world[0m[1;32m][0m[1;32m
[gzserver-2] [0m[1;32m[0m[1;32m[0m[1;36m[Dbg] [wind_plugin.cpp:96] [0m[1;36mWindPlugin loaded: speed=[0m[1;36m0[0m[1;36m dir=[0m[1;36m0[0m[1;36m deg area=[0m[1;36m0.1[0m[1;36m coeff=[0m[1;36m1[0m[1;36m
[gzserver-2] [0m[1;33m[0m[1;33m[0m[1;31m[Err] [Sensor.cc:510] [0m[1;31mGet noise index not valid[0m[1;31m
[gzserver-2] [0m[1;31m[0m[1;31m[0m[1;31m[Err] [Sensor.cc:510] [0m[1;31mGet noise index not valid[0m[1;31m
[gzserver-2] [0m[1;31m[0m[1;31m[0m[1;31m[Err] [Sensor.cc:510] [0m[1;31mGet noise index not valid[0m[1;31m
[gzserver-2] [0m[1;31m[0m[1;31m[0m[1;31m[Err] [Sensor.cc:510] [0m[1;31mGet noise index not valid[0m[1;31m
[gzserver-2] [0m[1;31m[0m[1;31m[0m[1;31m[Err] [Sensor.cc:510] [0m[1;31mGet noise index not valid[0m[1;31m
[gzserver-2] [0m[1;31m[0m[1;31m[0m[1;31m[Err] [Sensor.cc:510] [0m[1;31mGet noise index not valid[0m[1;31m
[gzserver-2] [0m[1;31m[0m[1;31m[0mTopic [default//drone/base_footprint/down_camera/image] is not valid.
[gzserver-2] [INFO] [1773130204.750446717] [drone.collision_plugin]: Publishing contact states to [/drone/bumper_states]
[gzserver-2] Topic [default//drone/base_footprint/front_camera/image] is not valid.
[gzserver-2] [1;33m[Wrn] [Event.cc:61] [0m[1;33mWarning: Deleting a connection right after creation. [0m[1;33mMake sure to save the ConnectionPtr from a Connect call
[INFO] [spawn_drone-5]: process has finished cleanly [pid 3388071]
[gzserver-2] [0m[INFO] [1773130205.328601673] [drone.camera_bottom]: Publishing camera info to [/drone/bottom/camera_info]
[gzserver-2] [INFO] [1773130205.332947025] [drone.camera_front]: Publishing camera info to [/drone/front/camera_info]
[gzserver-2] [INFO] [1773130205.454462743] [drone.simple_drone]: The drone plugin is loading!
[gzserver-2] [INFO] [1773130205.454668233] [drone.simple_drone]: pub_odom: 1
[gzserver-2] [INFO] [1773130205.454702570] [drone.simple_drone]: Using following parameters: 
[gzserver-2] 		link_name: base_footprint,
[gzserver-2] 		max_force: 30,
[gzserver-2] 		motion_small_noise: 0,
[gzserver-2] 		motion_drift_noise: 0,
[gzserver-2] 		motion_drift_noise_time: 50,
[gzserver-2] 		takeoff_hover_height: 2.05,
[gzserver-2] 		takeoff_vertical_speed: 0.2
[gzserver-2] [INFO] [1773130205.466413135] [drone.simple_drone]: Using the PID parameters: 
[gzserver-2] 	Roll Pitch:
[gzserver-2] 		kP: 10, kI: 0,kD: 5, Limit: 0.5, Time Constant: 0
[gzserver-2] 	Yaw:
[gzserver-2] 		kP: 2, kI: 0,kD: 1, Limit: 1.5, Time Constant: 0
[gzserver-2] 	Velocity X:
[gzserver-2] 		kP: 5, kI: 0,kD: 2.3, Limit: 2, Time Constant: 0
[gzserver-2] 	Velocity Y:
[gzserver-2] 		kP: 5, kI: 0,kD: 2.3, Limit: 2, Time Constant: 0
[gzserver-2] 	Velocity Z:
[gzserver-2] 		kP: 5, kI: 0,kD: 1, Limit: -1, Time Constant: 0
[gzserver-2] 	Position XY:
[gzserver-2] 		kP: 1.1, kI: 0,kD: 0, Limit: 5, Time Constant: 0
[gzserver-2] 	Position Z:
[gzserver-2] 		kP: 1, kI: 0,kD: 0.2, Limit: -1, Time Constant: 0
[gzserver-2] [INFO] [1773130205.466552182] [drone.simple_drone]: The drone plugin finished loading!
[gzserver-2] [INFO] [1773130212.690920213] [gazebo_wind_plugin_node]: WindPlugin: set wind_speed=0.00 wind_direction=0.0
[gzserver-2] [INFO] [1773130212.959499523] [gazebo_wind_plugin_node]: WindPlugin: set wind_speed=0.00 wind_direction=0.0
[gzserver-2] [INFO] [1773130212.997936588] [drone.simple_drone]: Quadrotor takes off!!
[gzserver-2] [INFO] [1773130213.198811703] [gazebo_wind_plugin_node]: WindPlugin: set wind_speed=0.00 wind_direction=0.0
[gzserver-2] [INFO] [1773130213.438199820] [gazebo_wind_plugin_node]: WindPlugin: set wind_speed=0.00 wind_direction=0.0
[gzserver-2] [INFO] [1773130213.677352645] [gazebo_wind_plugin_node]: WindPlugin: set wind_speed=0.00 wind_direction=0.0
[gzserver-2] [INFO] [1773130213.915428309] [gazebo_wind_plugin_node]: WindPlugin: set wind_speed=0.00 wind_direction=0.0
[gzserver-2] [INFO] [1773130214.149363507] [gazebo_wind_plugin_node]: WindPlugin: set wind_speed=0.00 wind_direction=0.0
[gzserver-2] [INFO] [1773130214.383628125] [gazebo_wind_plugin_node]: WindPlugin: set wind_speed=0.00 wind_direction=0.0
[gzserver-2] [INFO] [1773130214.618242122] [gazebo_wind_plugin_node]: WindPlugin: set wind_speed=0.00 wind_direction=0.0
[gzserver-2] [0m[1;36m[Dbg] [wind_plugin.cpp:110] [0m[1;36mWindPlugin: received command -> speed=[0m[1;36m0[0m[1;36m dir=[0m[1;36m0[0m[1;36m
[gzserver-2] [0m[1;36m[Dbg] [wind_plugin.cpp:110] [0m[1;36mWindPlugin: received command -> speed=[0m[1;36m0[0m[1;36m dir=[0m[1;36m0[0m[1;36m
[gzserver-2] [0m[1;36m[Dbg] [wind_plugin.cpp:110] [0m[1;36mWindPlugin: received command -> speed=[0m[1;36m0[0m[1;36m dir=[0m[1;36m0[0m[1;36m
[gzserver-2] [0m[1;36m[Dbg] [wind_plugin.cpp:110] [0m[1;36mWindPlugin: received command -> speed=[0m[1;36m0[0m[1;36m dir=[0m[1;36m0[0m[1;36m
[gzserver-2] [0m[1;36m[Dbg] [wind_plugin.cpp:110] [0m[1;36mWindPlugin: received command -> speed=[0m[1;36m0[0m[1;36m dir=[0m[1;36m0[0m[1;36m
[gzserver-2] [0m[1;36m[Dbg] [wind_plugin.cpp:110] [0m[1;36mWindPlugin: received command -> speed=[0m[1;36m0[0m[1;36m dir=[0m[1;36m0[0m[1;36m
[gzserver-2] [0m[1;36m[Dbg] [wind_plugin.cpp:110] [0m[1;36mWindPlugin: received command -> speed=[0m[1;36m0[0m[1;36m dir=[0m[1;36m0[0m[1;36m
[gzserver-2] [0m[1;36m[Dbg] [wind_plugin.cpp:110] [0m[1;36mWindPlugin: received command -> speed=[0m[1;36m0[0m[1;36m dir=[0m[1;36m0[0m[1;36m
[gzserver-2] [0m[1;36m[Dbg] [wind_plugin.cpp:110] [0m[1;36mWindPlugin: received command -> speed=[0m[1;36m0[0m[1;36m dir=[0m[1;36m0[0m[1;36m
[gzserver-2] [0mEntering flying model!
[gzserver-2] [INFO] [1773130214.858772201] [gazebo_wind_plugin_node]: WindPlugin: set wind_speed=1.52 wind_direction=41.0
[gzserver-2] [INFO] [1773130215.098635072] [gazebo_wind_plugin_node]: WindPlugin: set wind_speed=1.52 wind_direction=41.0
[gzserver-2] [INFO] [1773130215.333282507] [gazebo_wind_plugin_node]: WindPlugin: set wind_speed=1.73 wind_direction=40.8
[gzserver-2] [INFO] [1773130215.572805484] [gazebo_wind_plugin_node]: WindPlugin: set wind_speed=1.73 wind_direction=40.8
[gzserver-2] [INFO] [1773130215.812174121] [gazebo_wind_plugin_node]: WindPlugin: set wind_speed=1.73 wind_direction=40.8
[gzserver-2] [INFO] [1773130216.046526431] [gazebo_wind_plugin_node]: WindPlugin: set wind_speed=1.73 wind_direction=40.8
[gzserver-2] [INFO] [1773130216.286019041] [gazebo_wind_plugin_node]: WindPlugin: set wind_speed=1.53 wind_direction=41.2
[gzserver-2] [INFO] [1773130216.524320533] [gazebo_wind_plugin_node]: WindPlugin: set wind_speed=1.53 wind_direction=41.2
[gzserver-2] [INFO] [1773130216.764082762] [gazebo_wind_plugin_node]: WindPlugin: set wind_speed=1.53 wind_direction=41.2
[gzserver-2] [INFO] [1773130216.992798097] [gazebo_wind_plugin_node]: WindPlugin: set wind_speed=1.53 wind_direction=41.2
[gzserver-2] [INFO] [1773130217.226697151] [gazebo_wind_plugin_node]: WindPlugin: set wind_speed=1.53 wind_direction=41.7
[gzserver-2] [INFO] [1773130217.456050872] [gazebo_wind_plugin_node]: WindPlugin: set wind_speed=1.53 wind_direction=41.7
[gzserver-2] [INFO] [1773130217.695072790] [gazebo_wind_plugin_node]: WindPlugin: set wind_speed=1.53 wind_direction=41.7
[gzserver-2] [INFO] [1773130217.924273439] [gazebo_wind_plugin_node]: WindPlugin: set wind_speed=1.53 wind_direction=41.7
[gzserver-2] [INFO] [1773130218.163661472] [gazebo_wind_plugin_node]: WindPlugin: set wind_speed=1.53 wind_direction=41.7
[gzserver-2] [INFO] [1773130218.403408067] [gazebo_wind_plugin_node]: WindPlugin: set wind_speed=1.50 wind_direction=41.6
[gzserver-2] [INFO] [1773130218.644071824] [gazebo_wind_plugin_node]: WindPlugin: set wind_speed=1.50 wind_direction=41.6
[gzserver-2] [INFO] [1773130218.883447988] [gazebo_wind_plugin_node]: WindPlugin: set wind_speed=1.50 wind_direction=41.6
[gzserver-2] [INFO] [1773130219.122883275] [gazebo_wind_plugin_node]: WindPlugin: set wind_speed=1.50 wind_direction=41.6
[gzserver-2] [INFO] [1773130219.352188340] [gazebo_wind_plugin_node]: WindPlugin: set wind_speed=1.24 wind_direction=40.9
[gzserver-2] [INFO] [1773130219.587252172] [gazebo_wind_plugin_node]: WindPlugin: set wind_speed=1.24 wind_direction=40.9
[gzserver-2] [INFO] [1773130219.822900576] [gazebo_wind_plugin_node]: WindPlugin: set wind_speed=1.24 wind_direction=40.9
[gzserver-2] [INFO] [1773130220.062505256] [gazebo_wind_plugin_node]: WindPlugin: set wind_speed=1.24 wind_direction=40.9
[gzserver-2] [INFO] [1773130220.294922097] [gazebo_wind_plugin_node]: WindPlugin: set wind_speed=1.67 wind_direction=42.3
[gzserver-2] [INFO] [1773130220.529291716] [gazebo_wind_plugin_node]: WindPlugin: set wind_speed=1.67 wind_direction=42.3
[gzserver-2] [INFO] [1773130220.768550792] [gazebo_wind_plugin_node]: WindPlugin: set wind_speed=1.67 wind_direction=42.3
[gzserver-2] [INFO] [1773130220.802125314] [drone.simple_drone]: Quadrotor lands!!
[gzserver-2] [INFO] [1773130221.004726426] [gazebo_wind_plugin_node]: WindPlugin: set wind_speed=1.67 wind_direction=42.3
[gzserver-2] [1;36m[Dbg] [wind_plugin.cpp:110] [0m[1;36mWindPlugin: received command -> speed=[0m[1;36m1.5165[0m[1;36m dir=[0m[1;36m40.9765[0m[1;36m
[gzserver-2] [0m[1;36m[Dbg] [wind_plugin.cpp:110] [0m[1;36mWindPlugin: received command -> speed=[0m[1;36m1.5165[0m[1;36m dir=[0m[1;36m40.9765[0m[1;36m
[gzserver-2] [0m[1;36m[Dbg] [wind_plugin.cpp:110] [0m[1;36mWindPlugin: received command -> speed=[0m[1;36m1.72521[0m[1;36m dir=[0m[1;36m40.8462[0m[1;36m
[gzserver-2] [0m[1;36m[Dbg] [wind_plugin.cpp:110] [0m[1;36mWindPlugin: received command -> speed=[0m[1;36m1.72521[0m[1;36m dir=[0m[1;36m40.8462[0m[1;36m
[gzserver-2] [0m[1;36m[Dbg] [wind_plugin.cpp:110] [0m[1;36mWindPlugin: received command -> speed=[0m[1;36m1.72521[0m[1;36m dir=[0m[1;36m40.8462[0m[1;36m
[gzserver-2] [0m[1;36m[Dbg] [wind_plugin.cpp:110] [0m[1;36mWindPlugin: received command -> speed=[0m[1;36m1.72521[0m[1;36m dir=[0m[1;36m40.8462[0m[1;36m
[gzserver-2] [0m[1;36m[Dbg] [wind_plugin.cpp:110] [0m[1;36mWindPlugin: received command -> speed=[0m[1;36m1.52696[0m[1;36m dir=[0m[1;36m41.2205[0m[1;36m
[gzserver-2] [0m[1;36m[Dbg] [wind_plugin.cpp:110] [0m[1;36mWindPlugin: received command -> speed=[0m[1;36m1.52696[0m[1;36m dir=[0m[1;36m41.2205[0m[1;36m
[gzserver-2] [0m[1;36m[Dbg] [wind_plugin.cpp:110] [0m[1;36mWindPlugin: received command -> speed=[0m[1;36m1.52696[0m[1;36m dir=[0m[1;36m41.2205[0m[1;36m
[gzserver-2] [0m[1;36m[Dbg] [wind_plugin.cpp:110] [0m[1;36mWindPlugin: received command -> speed=[0m[1;36m1.52696[0m[1;36m dir=[0m[1;36m41.2205[0m[1;36m
[gzserver-2] [0m[1;36m[Dbg] [wind_plugin.cpp:110] [0m[1;36mWindPlugin: received command -> speed=[0m[1;36m1.53231[0m[1;36m dir=[0m[1;36m41.7489[0m[1;36m
[gzserver-2] [0m[1;36m[Dbg] [wind_plugin.cpp:110] [0m[1;36mWindPlugin: received command -> speed=[0m[1;36m1.53231[0m[1;36m dir=[0m[1;36m41.7489[0m[1;36m
[gzserver-2] [0m[1;36m[Dbg] [wind_plugin.cpp:110] [0m[1;36mWindPlugin: received command -> speed=[0m[1;36m1.53231[0m[1;36m dir=[0m[1;36m41.7489[0m[1;36m
[gzserver-2] [0m[1;36m[Dbg] [wind_plugin.cpp:110] [0m[1;36mWindPlugin: received command -> speed=[0m[1;36m1.53231[0m[1;36m dir=[0m[1;36m41.7489[0m[1;36m
[gzserver-2] [0m[1;36m[Dbg] [wind_plugin.cpp:110] [0m[1;36mWindPlugin: received command -> speed=[0m[1;36m1.53231[0m[1;36m dir=[0m[1;36m41.7489[0m[1;36m
[gzserver-2] [0m[1;36m[Dbg] [wind_plugin.cpp:110] [0m[1;36mWindPlugin: received command -> speed=[0m[1;36m1.50233[0m[1;36m dir=[0m[1;36m41.5925[0m[1;36m
[gzserver-2] [0m[1;36m[Dbg] [wind_plugin.cpp:110] [0m[1;36mWindPlugin: received command -> speed=[0m[1;36m1.50233[0m[1;36m dir=[0m[1;36m41.5925[0m[1;36m
[gzserver-2] [0m[1;36m[Dbg] [wind_plugin.cpp:110] [0m[1;36mWindPlugin: received command -> speed=[0m[1;36m1.50233[0m[1;36m dir=[0m[1;36m41.5925[0m[1;36m
[gzserver-2] [0m[1;36m[Dbg] [wind_plugin.cpp:110] [0m[1;36mWindPlugin: received command -> speed=[0m[1;36m1.50233[0m[1;36m dir=[0m[1;36m41.5925[0m[1;36m
[gzserver-2] [0m[1;36m[Dbg] [wind_plugin.cpp:110] [0m[1;36mWindPlugin: received command -> speed=[0m[1;36m1.24111[0m[1;36m dir=[0m[1;36m40.9098[0m[1;36m
[gzserver-2] [0m[1;36m[Dbg] [wind_plugin.cpp:110] [0m[1;36mWindPlugin: received command -> speed=[0m[1;36m1.24111[0m[1;36m dir=[0m[1;36m40.9098[0m[1;36m
[gzserver-2] [0m[1;36m[Dbg] [wind_plugin.cpp:110] [0m[1;36mWindPlugin: received command -> speed=[0m[1;36m1.24111[0m[1;36m dir=[0m[1;36m40.9098[0m[1;36m
[gzserver-2] [0m[1;36m[Dbg] [wind_plugin.cpp:110] [0m[1;36mWindPlugin: received command -> speed=[0m[1;36m1.24111[0m[1;36m dir=[0m[1;36m40.9098[0m[1;36m
[gzserver-2] [0m[1;36m[Dbg] [wind_plugin.cpp:110] [0m[1;36mWindPlugin: received command -> speed=[0m[1;36m1.67271[0m[1;36m dir=[0m[1;36m42.266[0m[1;36m
[gzserver-2] [0m[1;36m[Dbg] [wind_plugin.cpp:110] [0m[1;36mWindPlugin: received command -> speed=[0m[1;36m1.67271[0m[1;36m dir=[0m[1;36m42.266[0m[1;36m
[gzserver-2] [0m[1;36m[Dbg] [wind_plugin.cpp:110] [0m[1;36mWindPlugin: received command -> speed=[0m[1;36m1.67271[0m[1;36m dir=[0m[1;36m42.266[0m[1;36m
[gzserver-2] [0m[1;36m[Dbg] [wind_plugin.cpp:110] [0m[1;36mWindPlugin: received command -> speed=[0m[1;36m1.67271[0m[1;36m dir=[0m[1;36m42.266[0m[1;36m
[gzserver-2] [INFO] [1773130221.245954501] [gazebo_wind_plugin_node]: WindPlugin: set wind_speed=1.52 wind_direction=39.4
[gzserver-2] [INFO] [1773130221.480738078] [gazebo_wind_plugin_node]: WindPlugin: set wind_speed=1.52 wind_direction=39.4
[gzserver-2] [INFO] [1773130221.717438570] [gazebo_wind_plugin_node]: WindPlugin: set wind_speed=1.52 wind_direction=39.4
[gzserver-2] [0m[1;36m[Dbg] [wind_plugin.cpp:110] [0m[1;36mWindPlugin: received command -> speed=[0m[1;36m1.52122[0m[1;36m dir=[0m[1;36m39.4454[0m[1;36m
[gzserver-2] [0m[1;36m[Dbg] [wind_plugin.cpp:110] [0m[1;36mWindPlugin: received command -> speed=[0m[1;36m1.52122[0m[1;36m dir=[0m[1;36m39.4454[0m[1;36m
[gzserver-2] [0m[1;36m[Dbg] [wind_plugin.cpp:110] [0m[1;36mWindPlugin: received command -> speed=[0m[1;36m1.52122[0m[1;36m dir=[0m[1;36m39.4454[0m[1;36m
[gzserver-2] [0mLanded!
[gzserver-2] [INFO] [1773130221.958442219] [gazebo_wind_plugin_node]: WindPlugin: set wind_speed=1.52 wind_direction=39.4
[gzserver-2] [INFO] [1773130222.198356567] [gazebo_wind_plugin_node]: WindPlugin: set wind_speed=1.60 wind_direction=43.0
[gzserver-2] [INFO] [1773130222.432650803] [gazebo_wind_plugin_node]: WindPlugin: set wind_speed=1.60 wind_direction=43.0
[gzserver-2] [INFO] [1773130222.671558887] [gazebo_wind_plugin_node]: WindPlugin: set wind_speed=1.60 wind_direction=43.0
[gzserver-2] [INFO] [1773130222.911414979] [gazebo_wind_plugin_node]: WindPlugin: set wind_speed=1.60 wind_direction=43.0
[gzserver-2] [INFO] [1773130223.150538447] [gazebo_wind_plugin_node]: WindPlugin: set wind_speed=1.60 wind_direction=43.0
[gzserver-2] [INFO] [1773130223.389918908] [gazebo_wind_plugin_node]: WindPlugin: set wind_speed=1.71 wind_direction=41.6
[gzserver-2] [INFO] [1773130223.619918153] [gazebo_wind_plugin_node]: WindPlugin: set wind_speed=1.71 wind_direction=41.6
