[INFO] [launch]: All log files can be found below /home/j/.ros/log/2026-03-11-00-56-40-143178-j-2568353
[INFO] [launch]: Default logging verbosity is set to INFO
[INFO] [launch.user]: [bringup] Apriltag config: camera=/drone/bottom, image=/drone/bottom/image_raw, tags=/drone/bottom/tags, bridge=/landing_tag_state, standalone=true, use_target_id=true, target_id=0
[INFO] [rviz2-1]: process started with pid [2568356]
[INFO] [gzserver-2]: process started with pid [2568358]
[INFO] [robot_state_publisher-3]: process started with pid [2568360]
[INFO] [joint_state_publisher-4]: process started with pid [2568362]
[INFO] [spawn_drone-5]: process started with pid [2568364]
[INFO] [static_transform_publisher-6]: process started with pid [2568366]
[INFO] [joy_node-7]: process started with pid [2568368]
[INFO] [teleop_joystick-8]: process started with pid [2568370]
[INFO] [apriltag_detector_node-9]: process started with pid [2568372]
[INFO] [apriltag_state_bridge-10]: process started with pid [2568375]
[static_transform_publisher-6] [WARN] [1773158200.622479178] []: Old-style arguments are deprecated; see --help for new-style arguments
[static_transform_publisher-6] [INFO] [1773158200.628085106] [static_transform_publisher_lI2q7Evzt1svAiN5]: Spinning until stopped - publishing transform
[static_transform_publisher-6] translation: ('0.000000', '0.000000', '0.000000')
[static_transform_publisher-6] rotation: ('0.000000', '0.000000', '0.000000', '1.000000')
[static_transform_publisher-6] from 'world' to '/drone/odom'
[robot_state_publisher-3] [INFO] [1773158200.642705406] [drone.robot_state_publisher]: got segment base_footprint
[robot_state_publisher-3] [INFO] [1773158200.642767648] [drone.robot_state_publisher]: got segment base_link
[robot_state_publisher-3] [INFO] [1773158200.642773052] [drone.robot_state_publisher]: got segment bottom_cam_link
[robot_state_publisher-3] [INFO] [1773158200.642776129] [drone.robot_state_publisher]: got segment front_cam_link
[robot_state_publisher-3] [INFO] [1773158200.642778925] [drone.robot_state_publisher]: got segment sonar_link
[rviz2-1] 
[rviz2-1] (rviz2:2568356): dbind-WARNING **: 00:56:40.649: Couldn't connect to accessibility bus: Failed to connect to socket /root/.cache/at-spi/bus_0: 허가 거부
[apriltag_detector_node-9] [INFO] [1773158200.676852223] [apriltag_detector_node]: tag detector type: umich
[teleop_joystick-8] Traceback (most recent call last):
[teleop_joystick-8]   File "/home/j/INCSL/IICC26_ws/install/sjtu_drone_control/lib/sjtu_drone_control/teleop_joystick", line 33, in <module>
[teleop_joystick-8]     sys.exit(load_entry_point('sjtu_drone_control==0.0.0', 'console_scripts', 'teleop_joystick')())
[teleop_joystick-8]   File "/home/j/INCSL/IICC26_ws/install/sjtu_drone_control/lib/sjtu_drone_control/teleop_joystick", line 22, in importlib_load_entry_point
[teleop_joystick-8]     for entry_point in distribution(dist_name).entry_points
[teleop_joystick-8]   File "/usr/lib/python3.10/importlib/metadata/__init__.py", line 969, in distribution
[teleop_joystick-8]     return Distribution.from_name(distribution_name)
[teleop_joystick-8]   File "/usr/lib/python3.10/importlib/metadata/__init__.py", line 548, in from_name
[teleop_joystick-8]     raise PackageNotFoundError(name)
[teleop_joystick-8] importlib.metadata.PackageNotFoundError: No package metadata was found for sjtu_drone_control
[ERROR] [teleop_joystick-8]: process has died [pid 2568370, exit code 1, cmd '/home/j/INCSL/IICC26_ws/install/sjtu_drone_control/lib/sjtu_drone_control/teleop_joystick --ros-args -r __ns:=/drone'].
[gzserver-2] Gazebo multi-robot simulator, version 11.10.2
[gzserver-2] Copyright (C) 2012 Open Source Robotics Foundation.
[gzserver-2] Released under the Apache 2 License.
[gzserver-2] http://gazebosim.org
[gzserver-2] 
[joint_state_publisher-4] [INFO] [1773158200.854301825] [drone.joint_state_publisher]: Waiting for robot_description to be published on the robot_description topic...
[apriltag_state_bridge-10] [INFO] [1773158200.870621563] [apriltag_state_bridge]: AprilTag bridge started: /drone/bottom/tags -> /landing_tag_state, use_target_id=True, target_id=0
[gzserver-2] [1;33m[Wrn] [gazebo_ros_init.cpp:178] [0m[1;33m
[gzserver-2] #     # ####### ####### ###  #####  #######
[gzserver-2] ##    # #     #    #     #  #     # #
[gzserver-2] # #   # #     #    #     #  #       #
[gzserver-2] #  #  # #     #    #     #  #       #####
[gzserver-2] #   # # #     #    #     #  #       #
[gzserver-2] #    ## #     #    #     #  #     # #
[gzserver-2] #     # #######    #    ###  #####  #######
[gzserver-2] 
[gzserver-2] This version of Gazebo, now called Gazebo classic, reaches end-of-life
[gzserver-2] in January 2025. Users are highly encouraged to migrate to the new Gazebo
[gzserver-2] using our migration guides (https://gazebosim.org/docs/latest/gazebo_classic_migration?utm_source=gazebo_ros_pkgs&utm_medium=cli)
[gzserver-2] 
[gzserver-2] [0m[1;33m
[rviz2-1] [INFO] [1773158201.488929114] [rviz2]: Stereo is NOT SUPPORTED
[rviz2-1] [INFO] [1773158201.489020043] [rviz2]: OpenGl version: 4.6 (GLSL 4.6)
[rviz2-1] [INFO] [1773158201.595753896] [rviz2]: Stereo is NOT SUPPORTED
[rviz2-1] [INFO] [1773158201.669123474] [rviz2]: Stereo is NOT SUPPORTED
[spawn_drone-5] [INFO] [1773158202.106990094] [spawn_drone]: Result False Entity pushed to spawn queue, but spawn service timed outwaiting for entity to appear in simulation under the name [/drone]
[gzserver-2] [1;32m[Msg] [0m[1;32mWaiting for master.[0m[1;32m
[gzserver-2] [0m[1;32m[0m[1;32m[0m[1;32m[Msg] [0m[1;32mConnected to gazebo master @ [0m[1;32mhttp://127.0.0.1:11345[0m[1;32m
[gzserver-2] [0m[1;32m[0m[1;32m[0m[1;32m[Msg] [0m[1;32mPublicized address: [0m[1;32m192.168.0.11[0m[1;32m
[gzserver-2] [0m[1;32m[0m[1;32m[0m[1;32m[Msg] [0m[1;32mLoading world file [[0m[1;32m/home/j/INCSL/IICC26_ws/install/sjtu_drone_description/share/sjtu_drone_description/worlds/landingPad.world[0m[1;32m][0m[1;32m
[gzserver-2] [0m[1;32m[0m[1;32m[0m[1;36m[Dbg] [wind_plugin.cpp:96] [0m[1;36mWindPlugin loaded: speed=[0m[1;36m0[0m[1;36m dir=[0m[1;36m0[0m[1;36m deg area=[0m[1;36m0.1[0m[1;36m coeff=[0m[1;36m1[0m[1;36m
[gzserver-2] [0m[1;33m[0m[1;33m[0m[1;31m[Err] [Sensor.cc:510] [0m[1;31mGet noise index not valid[0m[1;31m
[gzserver-2] [0m[1;31m[0m[1;31m[0m[1;31m[Err] [Sensor.cc:510] [0m[1;31mGet noise index not valid[0m[1;31m
[gzserver-2] [0m[1;31m[0m[1;31m[0m[1;31m[Err] [Sensor.cc:510] [0m[1;31mGet noise index not valid[0m[1;31m
[gzserver-2] [0m[1;31m[0m[1;31m[0m[1;31m[Err] [Sensor.cc:510] [0m[1;31mGet noise index not valid[0m[1;31m
[gzserver-2] [0m[1;31m[0m[1;31m[0m[1;31m[Err] [Sensor.cc:510] [0m[1;31mGet noise index not valid[0m[1;31m
[gzserver-2] [0m[1;31m[0m[1;31m[0m[1;31m[Err] [Sensor.cc:510] [0m[1;31mGet noise index not valid[0m[1;31m
[gzserver-2] [0m[1;31m[0m[1;31m[0mTopic [default//drone/base_footprint/down_camera/image] is not valid.
[gzserver-2] [INFO] [1773158202.136787670] [drone.collision_plugin]: Publishing contact states to [/drone/bumper_states]
[gzserver-2] Topic [default//drone/base_footprint/front_camera/image] is not valid.
[gzserver-2] [1;33m[Wrn] [Event.cc:61] [0m[1;33mWarning: Deleting a connection right after creation. [0m[1;33mMake sure to save the ConnectionPtr from a Connect call
[INFO] [spawn_drone-5]: process has finished cleanly [pid 2568364]
[gzserver-2] [0m[INFO] [1773158202.708922462] [drone.camera_bottom]: Publishing camera info to [/drone/bottom/camera_info]
[gzserver-2] [INFO] [1773158202.711761688] [drone.camera_front]: Publishing camera info to [/drone/front/camera_info]
[gzserver-2] [INFO] [1773158202.834831398] [drone.simple_drone]: The drone plugin is loading!
[gzserver-2] [INFO] [1773158202.835030687] [drone.simple_drone]: pub_odom: 1
[gzserver-2] [INFO] [1773158202.835067433] [drone.simple_drone]: Using following parameters: 
[gzserver-2] 		link_name: base_footprint,
[gzserver-2] 		max_force: 30,
[gzserver-2] 		motion_small_noise: 0,
[gzserver-2] 		motion_drift_noise: 0,
[gzserver-2] 		motion_drift_noise_time: 50,
[gzserver-2] 		takeoff_hover_height: 2.25,
[gzserver-2] 		takeoff_vertical_speed: 0.2
[gzserver-2] [INFO] [1773158202.846818849] [drone.simple_drone]: Using the PID parameters: 
[gzserver-2] 	Roll Pitch:
[gzserver-2] 		kP: 10, kI: 0,kD: 5, Limit: 0.5, Time Constant: 0
[gzserver-2] 	Yaw:
[gzserver-2] 		kP: 2, kI: 0,kD: 1, Limit: 1.5, Time Constant: 0
[gzserver-2] 	Velocity X:
[gzserver-2] 		kP: 5, kI: 0,kD: 2.3, Limit: 2, Time Constant: 0
[gzserver-2] 	Velocity Y:
[gzserver-2] 		kP: 5, kI: 0,kD: 2.3, Limit: 2, Time Constant: 0
[gzserver-2] 	Velocity Z:
[gzserver-2] 		kP: 5, kI: 0,kD: 1, Limit: -1, Time Constant: 0
[gzserver-2] 	Position XY:
[gzserver-2] 		kP: 1.1, kI: 0,kD: 0, Limit: 5, Time Constant: 0
[gzserver-2] 	Position Z:
[gzserver-2] 		kP: 1, kI: 0,kD: 0.2, Limit: -1, Time Constant: 0
[gzserver-2] [INFO] [1773158202.846946912] [drone.simple_drone]: The drone plugin finished loading!
[gzserver-2] [INFO] [1773158209.971405538] [gazebo_wind_plugin_node]: WindPlugin: set wind_speed=0.00 wind_direction=0.0
[gzserver-2] [INFO] [1773158210.236968125] [gazebo_wind_plugin_node]: WindPlugin: set wind_speed=0.00 wind_direction=0.0
[gzserver-2] [INFO] [1773158210.278505245] [drone.simple_drone]: Quadrotor takes off!!
[gzserver-2] [INFO] [1773158210.480044332] [gazebo_wind_plugin_node]: WindPlugin: set wind_speed=0.00 wind_direction=0.0
[gzserver-2] [INFO] [1773158210.719141957] [gazebo_wind_plugin_node]: WindPlugin: set wind_speed=0.00 wind_direction=0.0
[gzserver-2] [INFO] [1773158210.956082124] [gazebo_wind_plugin_node]: WindPlugin: set wind_speed=0.00 wind_direction=0.0
[gzserver-2] [INFO] [1773158211.195541495] [gazebo_wind_plugin_node]: WindPlugin: set wind_speed=0.00 wind_direction=0.0
[gzserver-2] [INFO] [1773158211.434260004] [gazebo_wind_plugin_node]: WindPlugin: set wind_speed=0.00 wind_direction=0.0
[gzserver-2] [INFO] [1773158211.668650194] [gazebo_wind_plugin_node]: WindPlugin: set wind_speed=0.00 wind_direction=0.0
[gzserver-2] [INFO] [1773158211.907895286] [gazebo_wind_plugin_node]: WindPlugin: set wind_speed=0.00 wind_direction=0.0
[gzserver-2] [0m[1;36m[Dbg] [wind_plugin.cpp:110] [0m[1;36mWindPlugin: received command -> speed=[0m[1;36m0[0m[1;36m dir=[0m[1;36m0[0m[1;36m
[gzserver-2] [0m[1;36m[Dbg] [wind_plugin.cpp:110] [0m[1;36mWindPlugin: received command -> speed=[0m[1;36m0[0m[1;36m dir=[0m[1;36m0[0m[1;36m
[gzserver-2] [0m[1;36m[Dbg] [wind_plugin.cpp:110] [0m[1;36mWindPlugin: received command -> speed=[0m[1;36m0[0m[1;36m dir=[0m[1;36m0[0m[1;36m
[gzserver-2] [0m[1;36m[Dbg] [wind_plugin.cpp:110] [0m[1;36mWindPlugin: received command -> speed=[0m[1;36m0[0m[1;36m dir=[0m[1;36m0[0m[1;36m
[gzserver-2] [0m[1;36m[Dbg] [wind_plugin.cpp:110] [0m[1;36mWindPlugin: received command -> speed=[0m[1;36m0[0m[1;36m dir=[0m[1;36m0[0m[1;36m
[gzserver-2] [0m[1;36m[Dbg] [wind_plugin.cpp:110] [0m[1;36mWindPlugin: received command -> speed=[0m[1;36m0[0m[1;36m dir=[0m[1;36m0[0m[1;36m
[gzserver-2] [0m[1;36m[Dbg] [wind_plugin.cpp:110] [0m[1;36mWindPlugin: received command -> speed=[0m[1;36m0[0m[1;36m dir=[0m[1;36m0[0m[1;36m
[gzserver-2] [0m[1;36m[Dbg] [wind_plugin.cpp:110] [0m[1;36mWindPlugin: received command -> speed=[0m[1;36m0[0m[1;36m dir=[0m[1;36m0[0m[1;36m
[gzserver-2] [0m[1;36m[Dbg] [wind_plugin.cpp:110] [0m[1;36mWindPlugin: received command -> speed=[0m[1;36m0[0m[1;36m dir=[0m[1;36m0[0m[1;36m
[gzserver-2] [0mEntering flying model!
[gzserver-2] [INFO] [1773158212.147923703] [gazebo_wind_plugin_node]: WindPlugin: set wind_speed=0.00 wind_direction=0.0
[gzserver-2] [INFO] [1773158212.387070211] [gazebo_wind_plugin_node]: WindPlugin: set wind_speed=2.36 wind_direction=-131.9
[gzserver-2] [INFO] [1773158212.622577891] [gazebo_wind_plugin_node]: WindPlugin: set wind_speed=2.77 wind_direction=-132.2
[gzserver-2] [INFO] [1773158212.861995188] [gazebo_wind_plugin_node]: WindPlugin: set wind_speed=2.77 wind_direction=-132.2
[gzserver-2] [INFO] [1773158213.102111886] [gazebo_wind_plugin_node]: WindPlugin: set wind_speed=2.77 wind_direction=-132.2
[gzserver-2] [INFO] [1773158213.341636477] [gazebo_wind_plugin_node]: WindPlugin: set wind_speed=2.77 wind_direction=-132.2
[gzserver-2] [INFO] [1773158213.570579236] [gazebo_wind_plugin_node]: WindPlugin: set wind_speed=2.69 wind_direction=-131.2
[gzserver-2] [INFO] [1773158213.805273698] [gazebo_wind_plugin_node]: WindPlugin: set wind_speed=2.69 wind_direction=-131.2
[gzserver-2] [INFO] [1773158214.045454143] [gazebo_wind_plugin_node]: WindPlugin: set wind_speed=2.69 wind_direction=-131.2
[gzserver-2] [INFO] [1773158214.284999138] [gazebo_wind_plugin_node]: WindPlugin: set wind_speed=2.69 wind_direction=-131.2
[gzserver-2] [INFO] [1773158214.524107598] [gazebo_wind_plugin_node]: WindPlugin: set wind_speed=2.66 wind_direction=-131.2
[gzserver-2] [INFO] [1773158214.763498797] [gazebo_wind_plugin_node]: WindPlugin: set wind_speed=2.66 wind_direction=-131.2
[gzserver-2] [INFO] [1773158215.003138349] [gazebo_wind_plugin_node]: WindPlugin: set wind_speed=2.66 wind_direction=-131.2
[gzserver-2] [INFO] [1773158215.237625062] [gazebo_wind_plugin_node]: WindPlugin: set wind_speed=2.66 wind_direction=-131.2
[gzserver-2] [INFO] [1773158215.277486436] [drone.simple_drone]: Quadrotor lands!!
[gzserver-2] [INFO] [1773158215.480229696] [gazebo_wind_plugin_node]: WindPlugin: set wind_speed=2.74 wind_direction=-131.5
[gzserver-2] [INFO] [1773158215.719842881] [gazebo_wind_plugin_node]: WindPlugin: set wind_speed=2.74 wind_direction=-131.5
[gzserver-2] [INFO] [1773158215.959390736] [gazebo_wind_plugin_node]: WindPlugin: set wind_speed=2.74 wind_direction=-131.5
[gzserver-2] [INFO] [1773158216.198329493] [gazebo_wind_plugin_node]: WindPlugin: set wind_speed=2.74 wind_direction=-131.5
[gzserver-2] [1;36m[Dbg] [wind_plugin.cpp:110] [0m[1;36mWindPlugin: received command -> speed=[0m[1;36m0[0m[1;36m dir=[0m[1;36m0[0m[1;36m
[gzserver-2] [0m[1;36m[Dbg] [wind_plugin.cpp:110] [0m[1;36mWindPlugin: received command -> speed=[0m[1;36m2.36326[0m[1;36m dir=[0m[1;36m-131.878[0m[1;36m
[gzserver-2] [0m[1;36m[Dbg] [wind_plugin.cpp:110] [0m[1;36mWindPlugin: received command -> speed=[0m[1;36m2.77443[0m[1;36m dir=[0m[1;36m-132.158[0m[1;36m
[gzserver-2] [0m[1;36m[Dbg] [wind_plugin.cpp:110] [0m[1;36mWindPlugin: received command -> speed=[0m[1;36m2.77443[0m[1;36m dir=[0m[1;36m-132.158[0m[1;36m
[gzserver-2] [0m[1;36m[Dbg] [wind_plugin.cpp:110] [0m[1;36mWindPlugin: received command -> speed=[0m[1;36m2.77443[0m[1;36m dir=[0m[1;36m-132.158[0m[1;36m
[gzserver-2] [0m[1;36m[Dbg] [wind_plugin.cpp:110] [0m[1;36mWindPlugin: received command -> speed=[0m[1;36m2.77443[0m[1;36m dir=[0m[1;36m-132.158[0m[1;36m
[gzserver-2] [0m[1;36m[Dbg] [wind_plugin.cpp:110] [0m[1;36mWindPlugin: received command -> speed=[0m[1;36m2.68725[0m[1;36m dir=[0m[1;36m-131.238[0m[1;36m
[gzserver-2] [0m[1;36m[Dbg] [wind_plugin.cpp:110] [0m[1;36mWindPlugin: received command -> speed=[0m[1;36m2.68725[0m[1;36m dir=[0m[1;36m-131.238[0m[1;36m
[gzserver-2] [0m[1;36m[Dbg] [wind_plugin.cpp:110] [0m[1;36mWindPlugin: received command -> speed=[0m[1;36m2.68725[0m[1;36m dir=[0m[1;36m-131.238[0m[1;36m
[gzserver-2] [0m[1;36m[Dbg] [wind_plugin.cpp:110] [0m[1;36mWindPlugin: received command -> speed=[0m[1;36m2.68725[0m[1;36m dir=[0m[1;36m-131.238[0m[1;36m
[gzserver-2] [0m[1;36m[Dbg] [wind_plugin.cpp:110] [0m[1;36mWindPlugin: received command -> speed=[0m[1;36m2.66494[0m[1;36m dir=[0m[1;36m-131.19[0m[1;36m
[gzserver-2] [0m[1;36m[Dbg] [wind_plugin.cpp:110] [0m[1;36mWindPlugin: received command -> speed=[0m[1;36m2.66494[0m[1;36m dir=[0m[1;36m-131.19[0m[1;36m
[gzserver-2] [0m[1;36m[Dbg] [wind_plugin.cpp:110] [0m[1;36mWindPlugin: received command -> speed=[0m[1;36m2.66494[0m[1;36m dir=[0m[1;36m-131.19[0m[1;36m
[gzserver-2] [0m[1;36m[Dbg] [wind_plugin.cpp:110] [0m[1;36mWindPlugin: received command -> speed=[0m[1;36m2.66494[0m[1;36m dir=[0m[1;36m-131.19[0m[1;36m
[gzserver-2] [0m[1;36m[Dbg] [wind_plugin.cpp:110] [0m[1;36mWindPlugin: received command -> speed=[0m[1;36m2.74245[0m[1;36m dir=[0m[1;36m-131.485[0m[1;36m
[gzserver-2] [0m[1;36m[Dbg] [wind_plugin.cpp:110] [0m[1;36mWindPlugin: received command -> speed=[0m[1;36m2.74245[0m[1;36m dir=[0m[1;36m-131.485[0m[1;36m
[gzserver-2] [0m[1;36m[Dbg] [wind_plugin.cpp:110] [0m[1;36mWindPlugin: received command -> speed=[0m[1;36m2.74245[0m[1;36m dir=[0m[1;36m-131.485[0m[1;36m
[gzserver-2] [0m[1;36m[Dbg] [wind_plugin.cpp:110] [0m[1;36mWindPlugin: received command -> speed=[0m[1;36m2.74245[0m[1;36m dir=[0m[1;36m-131.485[0m[1;36m
[gzserver-2] [0mLanded!
[gzserver-2] [INFO] [1773158216.437992864] [gazebo_wind_plugin_node]: WindPlugin: set wind_speed=2.74 wind_direction=-131.5
[gzserver-2] [INFO] [1773158216.667149067] [gazebo_wind_plugin_node]: WindPlugin: set wind_speed=3.02 wind_direction=-132.2
[gzserver-2] [INFO] [1773158216.906538297] [gazebo_wind_plugin_node]: WindPlugin: set wind_speed=3.02 wind_direction=-132.2
[gzserver-2] [INFO] [1773158217.146207403] [gazebo_wind_plugin_node]: WindPlugin: set wind_speed=3.02 wind_direction=-132.2
[gzserver-2] [INFO] [1773158217.385525124] [gazebo_wind_plugin_node]: WindPlugin: set wind_speed=3.02 wind_direction=-132.2
[gzserver-2] [INFO] [1773158217.624948963] [gazebo_wind_plugin_node]: WindPlugin: set wind_speed=2.85 wind_direction=-128.4
[gzserver-2] [INFO] [1773158217.864939087] [gazebo_wind_plugin_node]: WindPlugin: set wind_speed=2.85 wind_direction=-128.4
[gzserver-2] [INFO] [1773158218.104398037] [gazebo_wind_plugin_node]: WindPlugin: set wind_speed=2.85 wind_direction=-128.4
