[INFO] [launch]: All log files can be found below /home/j/.ros/log/2026-03-11-00-18-37-847322-j-2212158
[INFO] [launch]: Default logging verbosity is set to INFO
[INFO] [launch.user]: [bringup] Apriltag config: camera=/drone/bottom, image=/drone/bottom/image_raw, tags=/drone/bottom/tags, bridge=/landing_tag_state, standalone=true, use_target_id=true, target_id=0
[INFO] [rviz2-1]: process started with pid [2212161]
[INFO] [gzserver-2]: process started with pid [2212163]
[INFO] [robot_state_publisher-3]: process started with pid [2212165]
[INFO] [joint_state_publisher-4]: process started with pid [2212167]
[INFO] [spawn_drone-5]: process started with pid [2212169]
[INFO] [static_transform_publisher-6]: process started with pid [2212171]
[INFO] [joy_node-7]: process started with pid [2212173]
[INFO] [teleop_joystick-8]: process started with pid [2212175]
[INFO] [apriltag_detector_node-9]: process started with pid [2212177]
[INFO] [apriltag_state_bridge-10]: process started with pid [2212179]
[static_transform_publisher-6] [WARN] [1773155918.326080051] []: Old-style arguments are deprecated; see --help for new-style arguments
[static_transform_publisher-6] [INFO] [1773155918.332259571] [static_transform_publisher_WksvDtWYy2cslvrr]: Spinning until stopped - publishing transform
[static_transform_publisher-6] translation: ('0.000000', '0.000000', '0.000000')
[static_transform_publisher-6] rotation: ('0.000000', '0.000000', '0.000000', '1.000000')
[static_transform_publisher-6] from 'world' to '/drone/odom'
[robot_state_publisher-3] [INFO] [1773155918.346779380] [drone.robot_state_publisher]: got segment base_footprint
[robot_state_publisher-3] [INFO] [1773155918.346845092] [drone.robot_state_publisher]: got segment base_link
[robot_state_publisher-3] [INFO] [1773155918.346850907] [drone.robot_state_publisher]: got segment bottom_cam_link
[robot_state_publisher-3] [INFO] [1773155918.346853979] [drone.robot_state_publisher]: got segment front_cam_link
[robot_state_publisher-3] [INFO] [1773155918.346856771] [drone.robot_state_publisher]: got segment sonar_link
[rviz2-1] 
[rviz2-1] (rviz2:2212161): dbind-WARNING **: 00:18:38.355: Couldn't connect to accessibility bus: Failed to connect to socket /root/.cache/at-spi/bus_0: 허가 거부
[apriltag_detector_node-9] [INFO] [1773155918.358735462] [apriltag_detector_node]: tag detector type: umich
[teleop_joystick-8] Traceback (most recent call last):
[teleop_joystick-8]   File "/home/j/INCSL/IICC26_ws/install/sjtu_drone_control/lib/sjtu_drone_control/teleop_joystick", line 33, in <module>
[teleop_joystick-8]     sys.exit(load_entry_point('sjtu_drone_control==0.0.0', 'console_scripts', 'teleop_joystick')())
[teleop_joystick-8]   File "/home/j/INCSL/IICC26_ws/install/sjtu_drone_control/lib/sjtu_drone_control/teleop_joystick", line 22, in importlib_load_entry_point
[teleop_joystick-8]     for entry_point in distribution(dist_name).entry_points
[teleop_joystick-8]   File "/usr/lib/python3.10/importlib/metadata/__init__.py", line 969, in distribution
[teleop_joystick-8]     return Distribution.from_name(distribution_name)
[teleop_joystick-8]   File "/usr/lib/python3.10/importlib/metadata/__init__.py", line 548, in from_name
[teleop_joystick-8]     raise PackageNotFoundError(name)
[teleop_joystick-8] importlib.metadata.PackageNotFoundError: No package metadata was found for sjtu_drone_control
[ERROR] [teleop_joystick-8]: process has died [pid 2212175, exit code 1, cmd '/home/j/INCSL/IICC26_ws/install/sjtu_drone_control/lib/sjtu_drone_control/teleop_joystick --ros-args -r __ns:=/drone'].
[gzserver-2] Gazebo multi-robot simulator, version 11.10.2
[gzserver-2] Copyright (C) 2012 Open Source Robotics Foundation.
[gzserver-2] Released under the Apache 2 License.
[gzserver-2] http://gazebosim.org
[gzserver-2] 
[joint_state_publisher-4] [INFO] [1773155918.574247878] [drone.joint_state_publisher]: Waiting for robot_description to be published on the robot_description topic...
[apriltag_state_bridge-10] [INFO] [1773155918.583203402] [apriltag_state_bridge]: AprilTag bridge started: /drone/bottom/tags -> /landing_tag_state, use_target_id=True, target_id=0
[gzserver-2] [1;33m[Wrn] [gazebo_ros_init.cpp:178] [0m[1;33m
[gzserver-2] #     # ####### ####### ###  #####  #######
[gzserver-2] ##    # #     #    #     #  #     # #
[gzserver-2] # #   # #     #    #     #  #       #
[gzserver-2] #  #  # #     #    #     #  #       #####
[gzserver-2] #   # # #     #    #     #  #       #
[gzserver-2] #    ## #     #    #     #  #     # #
[gzserver-2] #     # #######    #    ###  #####  #######
[gzserver-2] 
[gzserver-2] This version of Gazebo, now called Gazebo classic, reaches end-of-life
[gzserver-2] in January 2025. Users are highly encouraged to migrate to the new Gazebo
[gzserver-2] using our migration guides (https://gazebosim.org/docs/latest/gazebo_classic_migration?utm_source=gazebo_ros_pkgs&utm_medium=cli)
[gzserver-2] 
[gzserver-2] [0m[1;33m
[rviz2-1] [INFO] [1773155919.308410930] [rviz2]: Stereo is NOT SUPPORTED
[rviz2-1] [INFO] [1773155919.308509251] [rviz2]: OpenGl version: 4.6 (GLSL 4.6)
[rviz2-1] [INFO] [1773155919.481246424] [rviz2]: Stereo is NOT SUPPORTED
[spawn_drone-5] [INFO] [1773155919.625106952] [spawn_drone]: service not available, waiting again...
[rviz2-1] [INFO] [1773155919.730330518] [rviz2]: Stereo is NOT SUPPORTED
[gzserver-2] [1;32m[Msg] [0m[1;32mWaiting for master.[0m[1;32m
[gzserver-2] [0m[1;32m[0m[1;32m[0m[1;32m[Msg] [0m[1;32mConnected to gazebo master @ [0m[1;32mhttp://127.0.0.1:11345[0m[1;32m
[gzserver-2] [0m[1;32m[0m[1;32m[0m[1;32m[Msg] [0m[1;32mPublicized address: [0m[1;32m192.168.0.11[0m[1;32m
[gzserver-2] [0m[1;32m[0m[1;32m[0m[1;32m[Msg] [0m[1;32mLoading world file [[0m[1;32m/home/j/INCSL/IICC26_ws/install/sjtu_drone_description/share/sjtu_drone_description/worlds/landingPad.world[0m[1;32m][0m[1;32m
[gzserver-2] [0m[1;32m[0m[1;32m[0m[1;36m[Dbg] [wind_plugin.cpp:96] [0m[1;36mWindPlugin loaded: speed=[0m[1;36m0[0m[1;36m dir=[0m[1;36m0[0m[1;36m deg area=[0m[1;36m0.1[0m[1;36m coeff=[0m[1;36m1[0m[1;36m
[gzserver-2] [0m[1;33m[0m[1;33m[0m[1;31m[Err] [Sensor.cc:510] [0m[1;31mGet noise index not valid[0m[1;31m
[gzserver-2] [0m[1;31m[0m[1;31m[0m[1;31m[Err] [Sensor.cc:510] [0m[1;31mGet noise index not valid[0m[1;31m
[gzserver-2] [0m[1;31m[0m[1;31m[0m[1;31m[Err] [Sensor.cc:510] [0m[1;31mGet noise index not valid[0m[1;31m
[gzserver-2] [0m[1;31m[0m[1;31m[0m[1;31m[Err] [Sensor.cc:510] [0m[1;31mGet noise index not valid[0m[1;31m
[gzserver-2] [0m[1;31m[0m[1;31m[0m[1;31m[Err] [Sensor.cc:510] [0m[1;31mGet noise index not valid[0m[1;31m
[gzserver-2] [0m[1;31m[0m[1;31m[0m[1;31m[Err] [Sensor.cc:510] [0m[1;31mGet noise index not valid[0m[1;31m
[gzserver-2] [0m[1;31m[0m[1;31m[0mTopic [default//drone/base_footprint/down_camera/image] is not valid.
[gzserver-2] [INFO] [1773155920.307919752] [drone.collision_plugin]: Publishing contact states to [/drone/bumper_states]
[gzserver-2] Topic [default//drone/base_footprint/front_camera/image] is not valid.
[gzserver-2] [1;33m[Wrn] [Event.cc:61] [0m[1;33mWarning: Deleting a connection right after creation. [0m[1;33mMake sure to save the ConnectionPtr from a Connect call
[gzserver-2] [0m[INFO] [1773155920.867155727] [drone.camera_bottom]: Publishing camera info to [/drone/bottom/camera_info]
[gzserver-2] [INFO] [1773155920.870060923] [drone.camera_front]: Publishing camera info to [/drone/front/camera_info]
[spawn_drone-5] [INFO] [1773155920.871079701] [spawn_drone]: Result True SpawnEntity: Successfully spawned entity [/drone]
[gzserver-2] [INFO] [1773155920.992643976] [drone.simple_drone]: The drone plugin is loading!
[gzserver-2] [INFO] [1773155920.992854758] [drone.simple_drone]: pub_odom: 1
[gzserver-2] [INFO] [1773155920.992891236] [drone.simple_drone]: Using following parameters: 
[gzserver-2] 		link_name: base_footprint,
[gzserver-2] 		max_force: 30,
[gzserver-2] 		motion_small_noise: 0,
[gzserver-2] 		motion_drift_noise: 0,
[gzserver-2] 		motion_drift_noise_time: 50,
[gzserver-2] 		takeoff_hover_height: 2.06,
[gzserver-2] 		takeoff_vertical_speed: 0.2
[gzserver-2] [INFO] [1773155921.004709291] [drone.simple_drone]: Using the PID parameters: 
[gzserver-2] 	Roll Pitch:
[gzserver-2] 		kP: 10, kI: 0,kD: 5, Limit: 0.5, Time Constant: 0
[gzserver-2] 	Yaw:
[gzserver-2] 		kP: 2, kI: 0,kD: 1, Limit: 1.5, Time Constant: 0
[gzserver-2] 	Velocity X:
[gzserver-2] 		kP: 5, kI: 0,kD: 2.3, Limit: 2, Time Constant: 0
[gzserver-2] 	Velocity Y:
[gzserver-2] 		kP: 5, kI: 0,kD: 2.3, Limit: 2, Time Constant: 0
[gzserver-2] 	Velocity Z:
[gzserver-2] 		kP: 5, kI: 0,kD: 1, Limit: -1, Time Constant: 0
[gzserver-2] 	Position XY:
[gzserver-2] 		kP: 1.1, kI: 0,kD: 0, Limit: 5, Time Constant: 0
[gzserver-2] 	Position Z:
[gzserver-2] 		kP: 1, kI: 0,kD: 0.2, Limit: -1, Time Constant: 0
[gzserver-2] [INFO] [1773155921.004849684] [drone.simple_drone]: The drone plugin finished loading!
[INFO] [spawn_drone-5]: process has finished cleanly [pid 2212169]
[gzserver-2] [INFO] [1773155927.680959447] [gazebo_wind_plugin_node]: WindPlugin: set wind_speed=0.00 wind_direction=0.0
[gzserver-2] [INFO] [1773155927.942341236] [gazebo_wind_plugin_node]: WindPlugin: set wind_speed=0.00 wind_direction=0.0
[gzserver-2] [INFO] [1773155927.975468757] [drone.simple_drone]: Quadrotor takes off!!
[gzserver-2] [INFO] [1773155928.176649561] [gazebo_wind_plugin_node]: WindPlugin: set wind_speed=0.00 wind_direction=0.0
[gzserver-2] [INFO] [1773155928.416099702] [gazebo_wind_plugin_node]: WindPlugin: set wind_speed=0.00 wind_direction=0.0
[gzserver-2] [INFO] [1773155928.645951572] [gazebo_wind_plugin_node]: WindPlugin: set wind_speed=0.00 wind_direction=0.0
[gzserver-2] [INFO] [1773155928.880321783] [gazebo_wind_plugin_node]: WindPlugin: set wind_speed=0.00 wind_direction=0.0
[gzserver-2] [INFO] [1773155929.120293176] [gazebo_wind_plugin_node]: WindPlugin: set wind_speed=0.00 wind_direction=0.0
[gzserver-2] [INFO] [1773155929.359495485] [gazebo_wind_plugin_node]: WindPlugin: set wind_speed=0.00 wind_direction=0.0
[gzserver-2] [INFO] [1773155929.598692071] [gazebo_wind_plugin_node]: WindPlugin: set wind_speed=0.00 wind_direction=0.0
[gzserver-2] [0m[1;36m[Dbg] [wind_plugin.cpp:110] [0m[1;36mWindPlugin: received command -> speed=[0m[1;36m0[0m[1;36m dir=[0m[1;36m0[0m[1;36m
[gzserver-2] [0m[1;36m[Dbg] [wind_plugin.cpp:110] [0m[1;36mWindPlugin: received command -> speed=[0m[1;36m0[0m[1;36m dir=[0m[1;36m0[0m[1;36m
[gzserver-2] [0m[1;36m[Dbg] [wind_plugin.cpp:110] [0m[1;36mWindPlugin: received command -> speed=[0m[1;36m0[0m[1;36m dir=[0m[1;36m0[0m[1;36m
[gzserver-2] [0m[1;36m[Dbg] [wind_plugin.cpp:110] [0m[1;36mWindPlugin: received command -> speed=[0m[1;36m0[0m[1;36m dir=[0m[1;36m0[0m[1;36m
[gzserver-2] [0m[1;36m[Dbg] [wind_plugin.cpp:110] [0m[1;36mWindPlugin: received command -> speed=[0m[1;36m0[0m[1;36m dir=[0m[1;36m0[0m[1;36m
[gzserver-2] [0m[1;36m[Dbg] [wind_plugin.cpp:110] [0m[1;36mWindPlugin: received command -> speed=[0m[1;36m0[0m[1;36m dir=[0m[1;36m0[0m[1;36m
[gzserver-2] [0m[1;36m[Dbg] [wind_plugin.cpp:110] [0m[1;36mWindPlugin: received command -> speed=[0m[1;36m0[0m[1;36m dir=[0m[1;36m0[0m[1;36m
[gzserver-2] [0m[1;36m[Dbg] [wind_plugin.cpp:110] [0m[1;36mWindPlugin: received command -> speed=[0m[1;36m0[0m[1;36m dir=[0m[1;36m0[0m[1;36m
[gzserver-2] [0m[1;36m[Dbg] [wind_plugin.cpp:110] [0m[1;36mWindPlugin: received command -> speed=[0m[1;36m0[0m[1;36m dir=[0m[1;36m0[0m[1;36m
[gzserver-2] [0mEntering flying model!
[gzserver-2] [INFO] [1773155929.838431746] [gazebo_wind_plugin_node]: WindPlugin: set wind_speed=0.81 wind_direction=-63.5
[gzserver-2] [INFO] [1773155930.077931704] [gazebo_wind_plugin_node]: WindPlugin: set wind_speed=0.81 wind_direction=-63.5
[gzserver-2] [INFO] [1773155930.313182377] [gazebo_wind_plugin_node]: WindPlugin: set wind_speed=0.97 wind_direction=-63.5
[gzserver-2] [INFO] [1773155930.552422462] [gazebo_wind_plugin_node]: WindPlugin: set wind_speed=0.97 wind_direction=-63.5
[gzserver-2] [INFO] [1773155930.792228117] [gazebo_wind_plugin_node]: WindPlugin: set wind_speed=0.97 wind_direction=-63.5
[gzserver-2] [INFO] [1773155931.031888200] [gazebo_wind_plugin_node]: WindPlugin: set wind_speed=0.97 wind_direction=-63.5
[gzserver-2] [INFO] [1773155931.271303298] [gazebo_wind_plugin_node]: WindPlugin: set wind_speed=0.89 wind_direction=-63.6
[gzserver-2] [INFO] [1773155931.506380933] [gazebo_wind_plugin_node]: WindPlugin: set wind_speed=0.89 wind_direction=-63.6
[gzserver-2] [INFO] [1773155931.740626270] [gazebo_wind_plugin_node]: WindPlugin: set wind_speed=0.89 wind_direction=-63.6
[gzserver-2] [INFO] [1773155931.980814815] [gazebo_wind_plugin_node]: WindPlugin: set wind_speed=0.89 wind_direction=-63.6
[gzserver-2] [INFO] [1773155932.220025678] [gazebo_wind_plugin_node]: WindPlugin: set wind_speed=1.10 wind_direction=-64.0
[gzserver-2] [INFO] [1773155932.454862866] [gazebo_wind_plugin_node]: WindPlugin: set wind_speed=1.10 wind_direction=-64.0
[gzserver-2] [INFO] [1773155932.694232969] [gazebo_wind_plugin_node]: WindPlugin: set wind_speed=1.10 wind_direction=-64.0
[gzserver-2] [INFO] [1773155932.732395766] [drone.simple_drone]: Quadrotor lands!!
[gzserver-2] [INFO] [1773155932.933984614] [gazebo_wind_plugin_node]: WindPlugin: set wind_speed=1.10 wind_direction=-64.0
[gzserver-2] [INFO] [1773155933.167723294] [gazebo_wind_plugin_node]: WindPlugin: set wind_speed=1.10 wind_direction=-64.0
[gzserver-2] [INFO] [1773155933.407998741] [gazebo_wind_plugin_node]: WindPlugin: set wind_speed=0.87 wind_direction=-62.9
[gzserver-2] [INFO] [1773155933.647420304] [gazebo_wind_plugin_node]: WindPlugin: set wind_speed=0.87 wind_direction=-62.9
[gzserver-2] [1;36m[Dbg] [wind_plugin.cpp:110] [0m[1;36mWindPlugin: received command -> speed=[0m[1;36m0.810181[0m[1;36m dir=[0m[1;36m-63.4525[0m[1;36m
[gzserver-2] [0m[1;36m[Dbg] [wind_plugin.cpp:110] [0m[1;36mWindPlugin: received command -> speed=[0m[1;36m0.810181[0m[1;36m dir=[0m[1;36m-63.4525[0m[1;36m
[gzserver-2] [0m[1;36m[Dbg] [wind_plugin.cpp:110] [0m[1;36mWindPlugin: received command -> speed=[0m[1;36m0.973097[0m[1;36m dir=[0m[1;36m-63.5472[0m[1;36m
[gzserver-2] [0m[1;36m[Dbg] [wind_plugin.cpp:110] [0m[1;36mWindPlugin: received command -> speed=[0m[1;36m0.973097[0m[1;36m dir=[0m[1;36m-63.5472[0m[1;36m
[gzserver-2] [0m[1;36m[Dbg] [wind_plugin.cpp:110] [0m[1;36mWindPlugin: received command -> speed=[0m[1;36m0.973097[0m[1;36m dir=[0m[1;36m-63.5472[0m[1;36m
[gzserver-2] [0m[1;36m[Dbg] [wind_plugin.cpp:110] [0m[1;36mWindPlugin: received command -> speed=[0m[1;36m0.973097[0m[1;36m dir=[0m[1;36m-63.5472[0m[1;36m
[gzserver-2] [0m[1;36m[Dbg] [wind_plugin.cpp:110] [0m[1;36mWindPlugin: received command -> speed=[0m[1;36m0.888113[0m[1;36m dir=[0m[1;36m-63.5615[0m[1;36m
[gzserver-2] [0m[1;36m[Dbg] [wind_plugin.cpp:110] [0m[1;36mWindPlugin: received command -> speed=[0m[1;36m0.888113[0m[1;36m dir=[0m[1;36m-63.5615[0m[1;36m
[gzserver-2] [0m[1;36m[Dbg] [wind_plugin.cpp:110] [0m[1;36mWindPlugin: received command -> speed=[0m[1;36m0.888113[0m[1;36m dir=[0m[1;36m-63.5615[0m[1;36m
[gzserver-2] [0m[1;36m[Dbg] [wind_plugin.cpp:110] [0m[1;36mWindPlugin: received command -> speed=[0m[1;36m0.888113[0m[1;36m dir=[0m[1;36m-63.5615[0m[1;36m
[gzserver-2] [0m[1;36m[Dbg] [wind_plugin.cpp:110] [0m[1;36mWindPlugin: received command -> speed=[0m[1;36m1.10161[0m[1;36m dir=[0m[1;36m-63.9835[0m[1;36m
[gzserver-2] [0m[1;36m[Dbg] [wind_plugin.cpp:110] [0m[1;36mWindPlugin: received command -> speed=[0m[1;36m1.10161[0m[1;36m dir=[0m[1;36m-63.9835[0m[1;36m
[gzserver-2] [0m[1;36m[Dbg] [wind_plugin.cpp:110] [0m[1;36mWindPlugin: received command -> speed=[0m[1;36m1.10161[0m[1;36m dir=[0m[1;36m-63.9835[0m[1;36m
[gzserver-2] [0m[1;36m[Dbg] [wind_plugin.cpp:110] [0m[1;36mWindPlugin: received command -> speed=[0m[1;36m1.10161[0m[1;36m dir=[0m[1;36m-63.9835[0m[1;36m
[gzserver-2] [0m[1;36m[Dbg] [wind_plugin.cpp:110] [0m[1;36mWindPlugin: received command -> speed=[0m[1;36m1.10161[0m[1;36m dir=[0m[1;36m-63.9835[0m[1;36m
[gzserver-2] [0m[1;36m[Dbg] [wind_plugin.cpp:110] [0m[1;36mWindPlugin: received command -> speed=[0m[1;36m0.87057[0m[1;36m dir=[0m[1;36m-62.8773[0m[1;36m
[gzserver-2] [0m[1;36m[Dbg] [wind_plugin.cpp:110] [0m[1;36mWindPlugin: received command -> speed=[0m[1;36m0.87057[0m[1;36m dir=[0m[1;36m-62.8773[0m[1;36m
[gzserver-2] [0mLanded!
[gzserver-2] [INFO] [1773155933.886807161] [gazebo_wind_plugin_node]: WindPlugin: set wind_speed=0.87 wind_direction=-62.9
[gzserver-2] [INFO] [1773155934.120722938] [gazebo_wind_plugin_node]: WindPlugin: set wind_speed=0.87 wind_direction=-62.9
[gzserver-2] [INFO] [1773155934.360080572] [gazebo_wind_plugin_node]: WindPlugin: set wind_speed=0.85 wind_direction=-63.1
[gzserver-2] [INFO] [1773155934.588545903] [gazebo_wind_plugin_node]: WindPlugin: set wind_speed=0.85 wind_direction=-63.1
[gzserver-2] [INFO] [1773155934.822855667] [gazebo_wind_plugin_node]: WindPlugin: set wind_speed=0.85 wind_direction=-63.1
[gzserver-2] [INFO] [1773155935.062469086] [gazebo_wind_plugin_node]: WindPlugin: set wind_speed=0.85 wind_direction=-63.1
[gzserver-2] [INFO] [1773155935.302205139] [gazebo_wind_plugin_node]: WindPlugin: set wind_speed=0.93 wind_direction=-62.7
[gzserver-2] [INFO] [1773155935.541849043] [gazebo_wind_plugin_node]: WindPlugin: set wind_speed=0.93 wind_direction=-62.7
