[INFO] [launch]: All log files can be found below /home/j/.ros/log/2026-03-10-09-57-41-771086-j-1324018
[INFO] [launch]: Default logging verbosity is set to INFO
[INFO] [launch.user]: [bringup] Apriltag config: camera=/drone/bottom, image=/drone/bottom/image_raw, tags=/drone/bottom/tags, bridge=/landing_tag_state, standalone=true, use_target_id=true, target_id=0
[INFO] [rviz2-1]: process started with pid [1324032]
[INFO] [gzserver-2]: process started with pid [1324034]
[INFO] [robot_state_publisher-3]: process started with pid [1324036]
[INFO] [joint_state_publisher-4]: process started with pid [1324038]
[INFO] [spawn_drone-5]: process started with pid [1324040]
[INFO] [static_transform_publisher-6]: process started with pid [1324042]
[INFO] [joy_node-7]: process started with pid [1324044]
[INFO] [teleop_joystick-8]: process started with pid [1324046]
[INFO] [apriltag_detector_node-9]: process started with pid [1324048]
[INFO] [apriltag_state_bridge-10]: process started with pid [1324050]
[static_transform_publisher-6] [WARN] [1773104262.239850776] []: Old-style arguments are deprecated; see --help for new-style arguments
[static_transform_publisher-6] [INFO] [1773104262.247454947] [static_transform_publisher_ArNZmUOmr4xZbBjm]: Spinning until stopped - publishing transform
[static_transform_publisher-6] translation: ('0.000000', '0.000000', '0.000000')
[static_transform_publisher-6] rotation: ('0.000000', '0.000000', '0.000000', '1.000000')
[static_transform_publisher-6] from 'world' to '/drone/odom'
[robot_state_publisher-3] [INFO] [1773104262.265259630] [drone.robot_state_publisher]: got segment base_footprint
[robot_state_publisher-3] [INFO] [1773104262.265325828] [drone.robot_state_publisher]: got segment base_link
[robot_state_publisher-3] [INFO] [1773104262.265332014] [drone.robot_state_publisher]: got segment bottom_cam_link
[robot_state_publisher-3] [INFO] [1773104262.265335304] [drone.robot_state_publisher]: got segment front_cam_link
[robot_state_publisher-3] [INFO] [1773104262.265338054] [drone.robot_state_publisher]: got segment sonar_link
[rviz2-1] 
[rviz2-1] (rviz2:1324032): dbind-WARNING **: 09:57:42.272: Couldn't connect to accessibility bus: Failed to connect to socket /root/.cache/at-spi/bus_0: 허가 거부
[teleop_joystick-8] Traceback (most recent call last):
[teleop_joystick-8]   File "/home/j/INCSL/IICC26_ws/install/sjtu_drone_control/lib/sjtu_drone_control/teleop_joystick", line 33, in <module>
[teleop_joystick-8]     sys.exit(load_entry_point('sjtu_drone_control==0.0.0', 'console_scripts', 'teleop_joystick')())
[teleop_joystick-8]   File "/home/j/INCSL/IICC26_ws/install/sjtu_drone_control/lib/sjtu_drone_control/teleop_joystick", line 22, in importlib_load_entry_point
[teleop_joystick-8]     for entry_point in distribution(dist_name).entry_points
[teleop_joystick-8]   File "/usr/lib/python3.10/importlib/metadata/__init__.py", line 969, in distribution
[teleop_joystick-8]     return Distribution.from_name(distribution_name)
[teleop_joystick-8]   File "/usr/lib/python3.10/importlib/metadata/__init__.py", line 548, in from_name
[teleop_joystick-8]     raise PackageNotFoundError(name)
[teleop_joystick-8] importlib.metadata.PackageNotFoundError: No package metadata was found for sjtu_drone_control
[apriltag_detector_node-9] [INFO] [1773104262.297442095] [apriltag_detector_node]: tag detector type: umich
[ERROR] [teleop_joystick-8]: process has died [pid 1324046, exit code 1, cmd '/home/j/INCSL/IICC26_ws/install/sjtu_drone_control/lib/sjtu_drone_control/teleop_joystick --ros-args -r __ns:=/drone'].
[gzserver-2] Gazebo multi-robot simulator, version 11.10.2
[gzserver-2] Copyright (C) 2012 Open Source Robotics Foundation.
[gzserver-2] Released under the Apache 2 License.
[gzserver-2] http://gazebosim.org
[gzserver-2] 
[apriltag_state_bridge-10] [INFO] [1773104262.473067896] [apriltag_state_bridge]: AprilTag bridge started: /drone/bottom/tags -> /landing_tag_state, use_target_id=True, target_id=0
[joint_state_publisher-4] [INFO] [1773104262.508009404] [drone.joint_state_publisher]: Waiting for robot_description to be published on the robot_description topic...
[gzserver-2] [1;33m[Wrn] [gazebo_ros_init.cpp:178] [0m[1;33m
[gzserver-2] #     # ####### ####### ###  #####  #######
[gzserver-2] ##    # #     #    #     #  #     # #
[gzserver-2] # #   # #     #    #     #  #       #
[gzserver-2] #  #  # #     #    #     #  #       #####
[gzserver-2] #   # # #     #    #     #  #       #
[gzserver-2] #    ## #     #    #     #  #     # #
[gzserver-2] #     # #######    #    ###  #####  #######
[gzserver-2] 
[gzserver-2] This version of Gazebo, now called Gazebo classic, reaches end-of-life
[gzserver-2] in January 2025. Users are highly encouraged to migrate to the new Gazebo
[gzserver-2] using our migration guides (https://gazebosim.org/docs/latest/gazebo_classic_migration?utm_source=gazebo_ros_pkgs&utm_medium=cli)
[gzserver-2] 
[gzserver-2] [0m[1;33m
[rviz2-1] [INFO] [1773104262.983649953] [rviz2]: Stereo is NOT SUPPORTED
[rviz2-1] [INFO] [1773104262.983741182] [rviz2]: OpenGl version: 4.6 (GLSL 4.6)
[rviz2-1] [INFO] [1773104263.077002806] [rviz2]: Stereo is NOT SUPPORTED
[rviz2-1] [INFO] [1773104263.151448837] [rviz2]: Stereo is NOT SUPPORTED
[spawn_drone-5] [INFO] [1773104263.578999766] [spawn_drone]: Result False Entity pushed to spawn queue, but spawn service timed outwaiting for entity to appear in simulation under the name [/drone]
[gzserver-2] [1;32m[Msg] [0m[1;32mWaiting for master.[0m[1;32m
[gzserver-2] [0m[1;32m[0m[1;32m[0m[1;32m[Msg] [0m[1;32mConnected to gazebo master @ [0m[1;32mhttp://127.0.0.1:11345[0m[1;32m
[gzserver-2] [0m[1;32m[0m[1;32m[0m[1;32m[Msg] [0m[1;32mPublicized address: [0m[1;32m192.168.0.11[0m[1;32m
[gzserver-2] [0m[1;32m[0m[1;32m[0m[1;32m[Msg] [0m[1;32mLoading world file [[0m[1;32m/home/j/INCSL/IICC26_ws/install/sjtu_drone_description/share/sjtu_drone_description/worlds/landingPad.world[0m[1;32m][0m[1;32m
[gzserver-2] [0m[1;32m[0m[1;32m[0m[1;36m[Dbg] [wind_plugin.cpp:96] [0m[1;36mWindPlugin loaded: speed=[0m[1;36m0[0m[1;36m dir=[0m[1;36m0[0m[1;36m deg area=[0m[1;36m0.1[0m[1;36m coeff=[0m[1;36m1[0m[1;36m
[gzserver-2] [0m[1;33m[0m[1;33m[0m[1;31m[Err] [Sensor.cc:510] [0m[1;31mGet noise index not valid[0m[1;31m
[gzserver-2] [0m[1;31m[0m[1;31m[0m[1;31m[Err] [Sensor.cc:510] [0m[1;31mGet noise index not valid[0m[1;31m
[gzserver-2] [0m[1;31m[0m[1;31m[0m[1;31m[Err] [Sensor.cc:510] [0m[1;31mGet noise index not valid[0m[1;31m
[gzserver-2] [0m[1;31m[0m[1;31m[0m[1;31m[Err] [Sensor.cc:510] [0m[1;31mGet noise index not valid[0m[1;31m
[gzserver-2] [0m[1;31m[0m[1;31m[0m[1;31m[Err] [Sensor.cc:510] [0m[1;31mGet noise index not valid[0m[1;31m
[gzserver-2] [0m[1;31m[0m[1;31m[0m[1;31m[Err] [Sensor.cc:510] [0m[1;31mGet noise index not valid[0m[1;31m
[gzserver-2] [0m[1;31m[0m[1;31m[0mTopic [default//drone/base_footprint/down_camera/image] is not valid.
[gzserver-2] [INFO] [1773104263.609835709] [drone.collision_plugin]: Publishing contact states to [/drone/bumper_states]
[gzserver-2] Topic [default//drone/base_footprint/front_camera/image] is not valid.
[gzserver-2] [1;33m[Wrn] [Event.cc:61] [0m[1;33mWarning: Deleting a connection right after creation. [0m[1;33mMake sure to save the ConnectionPtr from a Connect call
[INFO] [spawn_drone-5]: process has finished cleanly [pid 1324040]
[gzserver-2] [0m[INFO] [1773104264.194588480] [drone.camera_bottom]: Publishing camera info to [/drone/bottom/camera_info]
[gzserver-2] [INFO] [1773104264.197224065] [drone.camera_front]: Publishing camera info to [/drone/front/camera_info]
[gzserver-2] [INFO] [1773104264.318390087] [drone.simple_drone]: The drone plugin is loading!
[gzserver-2] [INFO] [1773104264.318581944] [drone.simple_drone]: pub_odom: 1
[gzserver-2] [INFO] [1773104264.318614709] [drone.simple_drone]: Using following parameters: 
[gzserver-2] 		link_name: base_footprint,
[gzserver-2] 		max_force: 30,
[gzserver-2] 		motion_small_noise: 0,
[gzserver-2] 		motion_drift_noise: 0,
[gzserver-2] 		motion_drift_noise_time: 50,
[gzserver-2] 		takeoff_hover_height: 1.87,
[gzserver-2] 		takeoff_vertical_speed: 0.2
[gzserver-2] [INFO] [1773104264.330139518] [drone.simple_drone]: Using the PID parameters: 
[gzserver-2] 	Roll Pitch:
[gzserver-2] 		kP: 10, kI: 0,kD: 5, Limit: 0.5, Time Constant: 0
[gzserver-2] 	Yaw:
[gzserver-2] 		kP: 2, kI: 0,kD: 1, Limit: 1.5, Time Constant: 0
[gzserver-2] 	Velocity X:
[gzserver-2] 		kP: 5, kI: 0,kD: 2.3, Limit: 2, Time Constant: 0
[gzserver-2] 	Velocity Y:
[gzserver-2] 		kP: 5, kI: 0,kD: 2.3, Limit: 2, Time Constant: 0
[gzserver-2] 	Velocity Z:
[gzserver-2] 		kP: 5, kI: 0,kD: 1, Limit: -1, Time Constant: 0
[gzserver-2] 	Position XY:
[gzserver-2] 		kP: 1.1, kI: 0,kD: 0, Limit: 5, Time Constant: 0
[gzserver-2] 	Position Z:
[gzserver-2] 		kP: 1, kI: 0,kD: 0.2, Limit: -1, Time Constant: 0
[gzserver-2] [INFO] [1773104264.330274855] [drone.simple_drone]: The drone plugin finished loading!
[gzserver-2] [INFO] [1773104271.620282176] [gazebo_wind_plugin_node]: WindPlugin: set wind_speed=0.00 wind_direction=0.0
[gzserver-2] [INFO] [1773104271.894701300] [gazebo_wind_plugin_node]: WindPlugin: set wind_speed=0.00 wind_direction=0.0
[gzserver-2] [INFO] [1773104271.924471075] [drone.simple_drone]: Quadrotor takes off!!
[gzserver-2] [INFO] [1773104272.128766521] [gazebo_wind_plugin_node]: WindPlugin: set wind_speed=0.00 wind_direction=0.0
[gzserver-2] [INFO] [1773104272.368474188] [gazebo_wind_plugin_node]: WindPlugin: set wind_speed=0.00 wind_direction=0.0
[gzserver-2] [INFO] [1773104272.607798303] [gazebo_wind_plugin_node]: WindPlugin: set wind_speed=0.00 wind_direction=0.0
[gzserver-2] [INFO] [1773104272.847742147] [gazebo_wind_plugin_node]: WindPlugin: set wind_speed=0.00 wind_direction=0.0
[gzserver-2] [INFO] [1773104273.089295230] [gazebo_wind_plugin_node]: WindPlugin: set wind_speed=0.00 wind_direction=0.0
[gzserver-2] [INFO] [1773104273.330747240] [gazebo_wind_plugin_node]: WindPlugin: set wind_speed=0.00 wind_direction=0.0
[gzserver-2] [0m[1;36m[Dbg] [wind_plugin.cpp:110] [0m[1;36mWindPlugin: received command -> speed=[0m[1;36m0[0m[1;36m dir=[0m[1;36m0[0m[1;36m
[gzserver-2] [0m[1;36m[Dbg] [wind_plugin.cpp:110] [0m[1;36mWindPlugin: received command -> speed=[0m[1;36m0[0m[1;36m dir=[0m[1;36m0[0m[1;36m
[gzserver-2] [0m[1;36m[Dbg] [wind_plugin.cpp:110] [0m[1;36mWindPlugin: received command -> speed=[0m[1;36m0[0m[1;36m dir=[0m[1;36m0[0m[1;36m
[gzserver-2] [0m[1;36m[Dbg] [wind_plugin.cpp:110] [0m[1;36mWindPlugin: received command -> speed=[0m[1;36m0[0m[1;36m dir=[0m[1;36m0[0m[1;36m
[gzserver-2] [0m[1;36m[Dbg] [wind_plugin.cpp:110] [0m[1;36mWindPlugin: received command -> speed=[0m[1;36m0[0m[1;36m dir=[0m[1;36m0[0m[1;36m
[gzserver-2] [0m[1;36m[Dbg] [wind_plugin.cpp:110] [0m[1;36mWindPlugin: received command -> speed=[0m[1;36m0[0m[1;36m dir=[0m[1;36m0[0m[1;36m
[gzserver-2] [0m[1;36m[Dbg] [wind_plugin.cpp:110] [0m[1;36mWindPlugin: received command -> speed=[0m[1;36m0[0m[1;36m dir=[0m[1;36m0[0m[1;36m
[gzserver-2] [0m[1;36m[Dbg] [wind_plugin.cpp:110] [0m[1;36mWindPlugin: received command -> speed=[0m[1;36m0[0m[1;36m dir=[0m[1;36m0[0m[1;36m
[gzserver-2] [0mEntering flying model!
[gzserver-2] [INFO] [1773104273.572033688] [gazebo_wind_plugin_node]: WindPlugin: set wind_speed=0.00 wind_direction=0.0
[gzserver-2] [INFO] [1773104273.806927023] [gazebo_wind_plugin_node]: WindPlugin: set wind_speed=2.75 wind_direction=-114.0
[gzserver-2] [INFO] [1773104274.047111919] [gazebo_wind_plugin_node]: WindPlugin: set wind_speed=2.75 wind_direction=-114.0
[gzserver-2] [INFO] [1773104274.288404273] [gazebo_wind_plugin_node]: WindPlugin: set wind_speed=2.92 wind_direction=-114.7
[gzserver-2] [INFO] [1773104274.528304378] [gazebo_wind_plugin_node]: WindPlugin: set wind_speed=2.92 wind_direction=-114.7
[gzserver-2] [INFO] [1773104274.768548366] [gazebo_wind_plugin_node]: WindPlugin: set wind_speed=2.92 wind_direction=-114.7
[gzserver-2] [INFO] [1773104275.008059312] [gazebo_wind_plugin_node]: WindPlugin: set wind_speed=2.92 wind_direction=-114.7
[gzserver-2] [INFO] [1773104275.247559037] [gazebo_wind_plugin_node]: WindPlugin: set wind_speed=2.89 wind_direction=-114.7
[gzserver-2] [INFO] [1773104275.487273855] [gazebo_wind_plugin_node]: WindPlugin: set wind_speed=2.89 wind_direction=-114.7
[gzserver-2] [INFO] [1773104275.727572998] [gazebo_wind_plugin_node]: WindPlugin: set wind_speed=2.89 wind_direction=-114.7
[gzserver-2] [INFO] [1773104275.967280370] [gazebo_wind_plugin_node]: WindPlugin: set wind_speed=2.89 wind_direction=-114.7
[gzserver-2] [INFO] [1773104276.207015810] [gazebo_wind_plugin_node]: WindPlugin: set wind_speed=2.63 wind_direction=-112.6
[gzserver-2] [INFO] [1773104276.442738487] [gazebo_wind_plugin_node]: WindPlugin: set wind_speed=2.63 wind_direction=-112.6
[gzserver-2] [INFO] [1773104276.682180977] [gazebo_wind_plugin_node]: WindPlugin: set wind_speed=2.63 wind_direction=-112.6
[gzserver-2] [INFO] [1773104276.917414710] [gazebo_wind_plugin_node]: WindPlugin: set wind_speed=2.63 wind_direction=-112.6
[gzserver-2] [INFO] [1773104277.166022014] [gazebo_wind_plugin_node]: WindPlugin: set wind_speed=2.68 wind_direction=-116.0
[gzserver-2] [INFO] [1773104277.417689460] [gazebo_wind_plugin_node]: WindPlugin: set wind_speed=2.68 wind_direction=-116.0
[gzserver-2] [INFO] [1773104277.652336855] [gazebo_wind_plugin_node]: WindPlugin: set wind_speed=2.68 wind_direction=-116.0
[gzserver-2] [INFO] [1773104277.892004627] [gazebo_wind_plugin_node]: WindPlugin: set wind_speed=2.68 wind_direction=-116.0
[gzserver-2] [INFO] [1773104277.934572864] [drone.simple_drone]: Quadrotor lands!!
[gzserver-2] [INFO] [1773104278.136560118] [gazebo_wind_plugin_node]: WindPlugin: set wind_speed=2.70 wind_direction=-115.6
[gzserver-2] [INFO] [1773104278.380129636] [gazebo_wind_plugin_node]: WindPlugin: set wind_speed=2.70 wind_direction=-115.6
[gzserver-2] [INFO] [1773104278.617356478] [gazebo_wind_plugin_node]: WindPlugin: set wind_speed=2.70 wind_direction=-115.6
[gzserver-2] [INFO] [1773104278.856932488] [gazebo_wind_plugin_node]: WindPlugin: set wind_speed=2.70 wind_direction=-115.6
[gzserver-2] [1;36m[Dbg] [wind_plugin.cpp:110] [0m[1;36mWindPlugin: received command -> speed=[0m[1;36m0[0m[1;36m dir=[0m[1;36m0[0m[1;36m
[gzserver-2] [0m[1;36m[Dbg] [wind_plugin.cpp:110] [0m[1;36mWindPlugin: received command -> speed=[0m[1;36m2.75495[0m[1;36m dir=[0m[1;36m-113.987[0m[1;36m
[gzserver-2] [0m[1;36m[Dbg] [wind_plugin.cpp:110] [0m[1;36mWindPlugin: received command -> speed=[0m[1;36m2.75495[0m[1;36m dir=[0m[1;36m-113.987[0m[1;36m
[gzserver-2] [0m[1;36m[Dbg] [wind_plugin.cpp:110] [0m[1;36mWindPlugin: received command -> speed=[0m[1;36m2.92185[0m[1;36m dir=[0m[1;36m-114.701[0m[1;36m
[gzserver-2] [0m[1;36m[Dbg] [wind_plugin.cpp:110] [0m[1;36mWindPlugin: received command -> speed=[0m[1;36m2.92185[0m[1;36m dir=[0m[1;36m-114.701[0m[1;36m
[gzserver-2] [0m[1;36m[Dbg] [wind_plugin.cpp:110] [0m[1;36mWindPlugin: received command -> speed=[0m[1;36m2.92185[0m[1;36m dir=[0m[1;36m-114.701[0m[1;36m
[gzserver-2] [0m[1;36m[Dbg] [wind_plugin.cpp:110] [0m[1;36mWindPlugin: received command -> speed=[0m[1;36m2.92185[0m[1;36m dir=[0m[1;36m-114.701[0m[1;36m
[gzserver-2] [0m[1;36m[Dbg] [wind_plugin.cpp:110] [0m[1;36mWindPlugin: received command -> speed=[0m[1;36m2.892[0m[1;36m dir=[0m[1;36m-114.658[0m[1;36m
[gzserver-2] [0m[1;36m[Dbg] [wind_plugin.cpp:110] [0m[1;36mWindPlugin: received command -> speed=[0m[1;36m2.892[0m[1;36m dir=[0m[1;36m-114.658[0m[1;36m
[gzserver-2] [0m[1;36m[Dbg] [wind_plugin.cpp:110] [0m[1;36mWindPlugin: received command -> speed=[0m[1;36m2.892[0m[1;36m dir=[0m[1;36m-114.658[0m[1;36m
[gzserver-2] [0m[1;36m[Dbg] [wind_plugin.cpp:110] [0m[1;36mWindPlugin: received command -> speed=[0m[1;36m2.892[0m[1;36m dir=[0m[1;36m-114.658[0m[1;36m
[gzserver-2] [0m[1;36m[Dbg] [wind_plugin.cpp:110] [0m[1;36mWindPlugin: received command -> speed=[0m[1;36m2.63141[0m[1;36m dir=[0m[1;36m-112.64[0m[1;36m
[gzserver-2] [0m[1;36m[Dbg] [wind_plugin.cpp:110] [0m[1;36mWindPlugin: received command -> speed=[0m[1;36m2.63141[0m[1;36m dir=[0m[1;36m-112.64[0m[1;36m
[gzserver-2] [0m[1;36m[Dbg] [wind_plugin.cpp:110] [0m[1;36mWindPlugin: received command -> speed=[0m[1;36m2.63141[0m[1;36m dir=[0m[1;36m-112.64[0m[1;36m
[gzserver-2] [0m[1;36m[Dbg] [wind_plugin.cpp:110] [0m[1;36mWindPlugin: received command -> speed=[0m[1;36m2.63141[0m[1;36m dir=[0m[1;36m-112.64[0m[1;36m
[gzserver-2] [0m[1;36m[Dbg] [wind_plugin.cpp:110] [0m[1;36mWindPlugin: received command -> speed=[0m[1;36m2.68368[0m[1;36m dir=[0m[1;36m-115.981[0m[1;36m
[gzserver-2] [0m[1;36m[Dbg] [wind_plugin.cpp:110] [0m[1;36mWindPlugin: received command -> speed=[0m[1;36m2.68368[0m[1;36m dir=[0m[1;36m-115.981[0m[1;36m
[gzserver-2] [0m[1;36m[Dbg] [wind_plugin.cpp:110] [0m[1;36mWindPlugin: received command -> speed=[0m[1;36m2.68368[0m[1;36m dir=[0m[1;36m-115.981[0m[1;36m
[gzserver-2] [0m[1;36m[Dbg] [wind_plugin.cpp:110] [0m[1;36mWindPlugin: received command -> speed=[0m[1;36m2.68368[0m[1;36m dir=[0m[1;36m-115.981[0m[1;36m
[gzserver-2] [0m[1;36m[Dbg] [wind_plugin.cpp:110] [0m[1;36mWindPlugin: received command -> speed=[0m[1;36m2.69821[0m[1;36m dir=[0m[1;36m-115.649[0m[1;36m
[gzserver-2] [0m[1;36m[Dbg] [wind_plugin.cpp:110] [0m[1;36mWindPlugin: received command -> speed=[0m[1;36m2.69821[0m[1;36m dir=[0m[1;36m-115.649[0m[1;36m
[gzserver-2] [0m[1;36m[Dbg] [wind_plugin.cpp:110] [0m[1;36mWindPlugin: received command -> speed=[0m[1;36m2.69821[0m[1;36m dir=[0m[1;36m-115.649[0m[1;36m
[gzserver-2] [0m[1;36m[Dbg] [wind_plugin.cpp:110] [0m[1;36mWindPlugin: received command -> speed=[0m[1;36m2.69821[0m[1;36m dir=[0m[1;36m-115.649[0m[1;36m
[gzserver-2] [0mLanded!
[gzserver-2] [INFO] [1773104279.091948109] [gazebo_wind_plugin_node]: WindPlugin: set wind_speed=2.70 wind_direction=-115.6
[gzserver-2] [INFO] [1773104279.326237777] [gazebo_wind_plugin_node]: WindPlugin: set wind_speed=2.65 wind_direction=-114.2
[gzserver-2] [INFO] [1773104279.567056191] [gazebo_wind_plugin_node]: WindPlugin: set wind_speed=2.65 wind_direction=-114.2
[gzserver-2] [INFO] [1773104279.809344875] [gazebo_wind_plugin_node]: WindPlugin: set wind_speed=2.65 wind_direction=-114.2
[gzserver-2] [INFO] [1773104280.048740864] [gazebo_wind_plugin_node]: WindPlugin: set wind_speed=2.65 wind_direction=-114.2
[gzserver-2] [INFO] [1773104280.289534130] [gazebo_wind_plugin_node]: WindPlugin: set wind_speed=2.55 wind_direction=-112.8
[gzserver-2] [INFO] [1773104280.529644101] [gazebo_wind_plugin_node]: WindPlugin: set wind_speed=2.55 wind_direction=-112.8
[gzserver-2] [INFO] [1773104280.769137024] [gazebo_wind_plugin_node]: WindPlugin: set wind_speed=2.55 wind_direction=-112.8
