[INFO] [launch]: All log files can be found below /home/j/.ros/log/2026-03-10-13-59-34-785284-j-2053822
[INFO] [launch]: Default logging verbosity is set to INFO
[INFO] [launch.user]: [bringup] Apriltag config: camera=/drone/bottom, image=/drone/bottom/image_raw, tags=/drone/bottom/tags, bridge=/landing_tag_state, standalone=true, use_target_id=true, target_id=0
[INFO] [rviz2-1]: process started with pid [2053825]
[INFO] [gzserver-2]: process started with pid [2053827]
[INFO] [robot_state_publisher-3]: process started with pid [2053829]
[INFO] [joint_state_publisher-4]: process started with pid [2053831]
[INFO] [spawn_drone-5]: process started with pid [2053833]
[INFO] [static_transform_publisher-6]: process started with pid [2053835]
[INFO] [joy_node-7]: process started with pid [2053837]
[INFO] [teleop_joystick-8]: process started with pid [2053839]
[INFO] [apriltag_detector_node-9]: process started with pid [2053841]
[INFO] [apriltag_state_bridge-10]: process started with pid [2053843]
[static_transform_publisher-6] [WARN] [1773118775.254392984] []: Old-style arguments are deprecated; see --help for new-style arguments
[static_transform_publisher-6] [INFO] [1773118775.262135345] [static_transform_publisher_iru8Q2DC0sNRgRZn]: Spinning until stopped - publishing transform
[static_transform_publisher-6] translation: ('0.000000', '0.000000', '0.000000')
[static_transform_publisher-6] rotation: ('0.000000', '0.000000', '0.000000', '1.000000')
[static_transform_publisher-6] from 'world' to '/drone/odom'
[robot_state_publisher-3] [INFO] [1773118775.277592995] [drone.robot_state_publisher]: got segment base_footprint
[robot_state_publisher-3] [INFO] [1773118775.277660813] [drone.robot_state_publisher]: got segment base_link
[robot_state_publisher-3] [INFO] [1773118775.277666498] [drone.robot_state_publisher]: got segment bottom_cam_link
[robot_state_publisher-3] [INFO] [1773118775.277669680] [drone.robot_state_publisher]: got segment front_cam_link
[robot_state_publisher-3] [INFO] [1773118775.277672483] [drone.robot_state_publisher]: got segment sonar_link
[rviz2-1] 
[rviz2-1] (rviz2:2053825): dbind-WARNING **: 13:59:35.279: Couldn't connect to accessibility bus: Failed to connect to socket /root/.cache/at-spi/bus_0: 허가 거부
[apriltag_detector_node-9] [INFO] [1773118775.289425653] [apriltag_detector_node]: tag detector type: umich
[teleop_joystick-8] Traceback (most recent call last):
[teleop_joystick-8]   File "/home/j/INCSL/IICC26_ws/install/sjtu_drone_control/lib/sjtu_drone_control/teleop_joystick", line 33, in <module>
[teleop_joystick-8]     sys.exit(load_entry_point('sjtu_drone_control==0.0.0', 'console_scripts', 'teleop_joystick')())
[teleop_joystick-8]   File "/home/j/INCSL/IICC26_ws/install/sjtu_drone_control/lib/sjtu_drone_control/teleop_joystick", line 22, in importlib_load_entry_point
[teleop_joystick-8]     for entry_point in distribution(dist_name).entry_points
[teleop_joystick-8]   File "/usr/lib/python3.10/importlib/metadata/__init__.py", line 969, in distribution
[teleop_joystick-8]     return Distribution.from_name(distribution_name)
[teleop_joystick-8]   File "/usr/lib/python3.10/importlib/metadata/__init__.py", line 548, in from_name
[teleop_joystick-8]     raise PackageNotFoundError(name)
[teleop_joystick-8] importlib.metadata.PackageNotFoundError: No package metadata was found for sjtu_drone_control
[ERROR] [teleop_joystick-8]: process has died [pid 2053839, exit code 1, cmd '/home/j/INCSL/IICC26_ws/install/sjtu_drone_control/lib/sjtu_drone_control/teleop_joystick --ros-args -r __ns:=/drone'].
[gzserver-2] Gazebo multi-robot simulator, version 11.10.2
[gzserver-2] Copyright (C) 2012 Open Source Robotics Foundation.
[gzserver-2] Released under the Apache 2 License.
[gzserver-2] http://gazebosim.org
[gzserver-2] 
[joint_state_publisher-4] [INFO] [1773118775.507533197] [drone.joint_state_publisher]: Waiting for robot_description to be published on the robot_description topic...
[apriltag_state_bridge-10] [INFO] [1773118775.546725282] [apriltag_state_bridge]: AprilTag bridge started: /drone/bottom/tags -> /landing_tag_state, use_target_id=True, target_id=0
[gzserver-2] [1;33m[Wrn] [gazebo_ros_init.cpp:178] [0m[1;33m
[gzserver-2] #     # ####### ####### ###  #####  #######
[gzserver-2] ##    # #     #    #     #  #     # #
[gzserver-2] # #   # #     #    #     #  #       #
[gzserver-2] #  #  # #     #    #     #  #       #####
[gzserver-2] #   # # #     #    #     #  #       #
[gzserver-2] #    ## #     #    #     #  #     # #
[gzserver-2] #     # #######    #    ###  #####  #######
[gzserver-2] 
[gzserver-2] This version of Gazebo, now called Gazebo classic, reaches end-of-life
[gzserver-2] in January 2025. Users are highly encouraged to migrate to the new Gazebo
[gzserver-2] using our migration guides (https://gazebosim.org/docs/latest/gazebo_classic_migration?utm_source=gazebo_ros_pkgs&utm_medium=cli)
[gzserver-2] 
[gzserver-2] [0m[1;33m
[rviz2-1] [INFO] [1773118776.085883500] [rviz2]: Stereo is NOT SUPPORTED
[rviz2-1] [INFO] [1773118776.085971386] [rviz2]: OpenGl version: 4.6 (GLSL 4.6)
[rviz2-1] [INFO] [1773118776.189615142] [rviz2]: Stereo is NOT SUPPORTED
[rviz2-1] [INFO] [1773118776.285231822] [rviz2]: Stereo is NOT SUPPORTED
[spawn_drone-5] [INFO] [1773118776.691957122] [spawn_drone]: Result False Entity pushed to spawn queue, but spawn service timed outwaiting for entity to appear in simulation under the name [/drone]
[gzserver-2] [1;32m[Msg] [0m[1;32mWaiting for master.[0m[1;32m
[gzserver-2] [0m[1;32m[0m[1;32m[0m[1;32m[Msg] [0m[1;32mConnected to gazebo master @ [0m[1;32mhttp://127.0.0.1:11345[0m[1;32m
[gzserver-2] [0m[1;32m[0m[1;32m[0m[1;32m[Msg] [0m[1;32mPublicized address: [0m[1;32m172.16.52.147[0m[1;32m
[gzserver-2] [0m[1;32m[0m[1;32m[0m[1;32m[Msg] [0m[1;32mLoading world file [[0m[1;32m/home/j/INCSL/IICC26_ws/install/sjtu_drone_description/share/sjtu_drone_description/worlds/landingPad.world[0m[1;32m][0m[1;32m
[gzserver-2] [0m[1;32m[0m[1;32m[0m[1;36m[Dbg] [wind_plugin.cpp:96] [0m[1;36mWindPlugin loaded: speed=[0m[1;36m0[0m[1;36m dir=[0m[1;36m0[0m[1;36m deg area=[0m[1;36m0.1[0m[1;36m coeff=[0m[1;36m1[0m[1;36m
[gzserver-2] [0m[1;33m[0m[1;33m[0m[1;31m[Err] [Sensor.cc:510] [0m[1;31mGet noise index not valid[0m[1;31m
[gzserver-2] [0m[1;31m[0m[1;31m[0m[1;31m[Err] [Sensor.cc:510] [0m[1;31mGet noise index not valid[0m[1;31m
[gzserver-2] [0m[1;31m[0m[1;31m[0m[1;31m[Err] [Sensor.cc:510] [0m[1;31mGet noise index not valid[0m[1;31m
[gzserver-2] [0m[1;31m[0m[1;31m[0m[1;31m[Err] [Sensor.cc:510] [0m[1;31mGet noise index not valid[0m[1;31m
[gzserver-2] [0m[1;31m[0m[1;31m[0m[1;31m[Err] [Sensor.cc:510] [0m[1;31mGet noise index not valid[0m[1;31m
[gzserver-2] [0m[1;31m[0m[1;31m[0m[1;31m[Err] [Sensor.cc:510] [0m[1;31mGet noise index not valid[0m[1;31m
[gzserver-2] [0m[1;31m[0m[1;31m[0mTopic [default//drone/base_footprint/down_camera/image] is not valid.
[gzserver-2] [INFO] [1773118776.726292675] [drone.collision_plugin]: Publishing contact states to [/drone/bumper_states]
[gzserver-2] Topic [default//drone/base_footprint/front_camera/image] is not valid.
[gzserver-2] [1;33m[Wrn] [Event.cc:61] [0m[1;33mWarning: Deleting a connection right after creation. [0m[1;33mMake sure to save the ConnectionPtr from a Connect call
[INFO] [spawn_drone-5]: process has finished cleanly [pid 2053833]
[gzserver-2] [0m[INFO] [1773118777.305123525] [drone.camera_bottom]: Publishing camera info to [/drone/bottom/camera_info]
[gzserver-2] [INFO] [1773118777.307877846] [drone.camera_front]: Publishing camera info to [/drone/front/camera_info]
[gzserver-2] [INFO] [1773118777.430285890] [drone.simple_drone]: The drone plugin is loading!
[gzserver-2] [INFO] [1773118777.430489421] [drone.simple_drone]: pub_odom: 1
[gzserver-2] [INFO] [1773118777.430523307] [drone.simple_drone]: Using following parameters: 
[gzserver-2] 		link_name: base_footprint,
[gzserver-2] 		max_force: 30,
[gzserver-2] 		motion_small_noise: 0,
[gzserver-2] 		motion_drift_noise: 0,
[gzserver-2] 		motion_drift_noise_time: 50,
[gzserver-2] 		takeoff_hover_height: 2.28,
[gzserver-2] 		takeoff_vertical_speed: 0.2
[gzserver-2] [INFO] [1773118777.442032574] [drone.simple_drone]: Using the PID parameters: 
[gzserver-2] 	Roll Pitch:
[gzserver-2] 		kP: 10, kI: 0,kD: 5, Limit: 0.5, Time Constant: 0
[gzserver-2] 	Yaw:
[gzserver-2] 		kP: 2, kI: 0,kD: 1, Limit: 1.5, Time Constant: 0
[gzserver-2] 	Velocity X:
[gzserver-2] 		kP: 5, kI: 0,kD: 2.3, Limit: 2, Time Constant: 0
[gzserver-2] 	Velocity Y:
[gzserver-2] 		kP: 5, kI: 0,kD: 2.3, Limit: 2, Time Constant: 0
[gzserver-2] 	Velocity Z:
[gzserver-2] 		kP: 5, kI: 0,kD: 1, Limit: -1, Time Constant: 0
[gzserver-2] 	Position XY:
[gzserver-2] 		kP: 1.1, kI: 0,kD: 0, Limit: 5, Time Constant: 0
[gzserver-2] 	Position Z:
[gzserver-2] 		kP: 1, kI: 0,kD: 0.2, Limit: -1, Time Constant: 0
[gzserver-2] [INFO] [1773118777.442163120] [drone.simple_drone]: The drone plugin finished loading!
[gzserver-2] [INFO] [1773118784.608515070] [gazebo_wind_plugin_node]: WindPlugin: set wind_speed=0.00 wind_direction=0.0
[gzserver-2] [INFO] [1773118784.880447564] [gazebo_wind_plugin_node]: WindPlugin: set wind_speed=0.00 wind_direction=0.0
[gzserver-2] [INFO] [1773118784.915047727] [drone.simple_drone]: Quadrotor takes off!!
[gzserver-2] [INFO] [1773118785.117541591] [gazebo_wind_plugin_node]: WindPlugin: set wind_speed=0.00 wind_direction=0.0
[gzserver-2] [INFO] [1773118785.356347715] [gazebo_wind_plugin_node]: WindPlugin: set wind_speed=0.00 wind_direction=0.0
[gzserver-2] [INFO] [1773118785.590291130] [gazebo_wind_plugin_node]: WindPlugin: set wind_speed=0.00 wind_direction=0.0
[gzserver-2] [INFO] [1773118785.824172718] [gazebo_wind_plugin_node]: WindPlugin: set wind_speed=0.00 wind_direction=0.0
[gzserver-2] [INFO] [1773118786.063732275] [gazebo_wind_plugin_node]: WindPlugin: set wind_speed=0.00 wind_direction=0.0
[gzserver-2] [INFO] [1773118786.302999214] [gazebo_wind_plugin_node]: WindPlugin: set wind_speed=0.00 wind_direction=0.0
[gzserver-2] [INFO] [1773118786.543288119] [gazebo_wind_plugin_node]: WindPlugin: set wind_speed=0.00 wind_direction=0.0
[gzserver-2] [0m[1;36m[Dbg] [wind_plugin.cpp:110] [0m[1;36mWindPlugin: received command -> speed=[0m[1;36m0[0m[1;36m dir=[0m[1;36m0[0m[1;36m
[gzserver-2] [0m[1;36m[Dbg] [wind_plugin.cpp:110] [0m[1;36mWindPlugin: received command -> speed=[0m[1;36m0[0m[1;36m dir=[0m[1;36m0[0m[1;36m
[gzserver-2] [0m[1;36m[Dbg] [wind_plugin.cpp:110] [0m[1;36mWindPlugin: received command -> speed=[0m[1;36m0[0m[1;36m dir=[0m[1;36m0[0m[1;36m
[gzserver-2] [0m[1;36m[Dbg] [wind_plugin.cpp:110] [0m[1;36mWindPlugin: received command -> speed=[0m[1;36m0[0m[1;36m dir=[0m[1;36m0[0m[1;36m
[gzserver-2] [0m[1;36m[Dbg] [wind_plugin.cpp:110] [0m[1;36mWindPlugin: received command -> speed=[0m[1;36m0[0m[1;36m dir=[0m[1;36m0[0m[1;36m
[gzserver-2] [0m[1;36m[Dbg] [wind_plugin.cpp:110] [0m[1;36mWindPlugin: received command -> speed=[0m[1;36m0[0m[1;36m dir=[0m[1;36m0[0m[1;36m
[gzserver-2] [0m[1;36m[Dbg] [wind_plugin.cpp:110] [0m[1;36mWindPlugin: received command -> speed=[0m[1;36m0[0m[1;36m dir=[0m[1;36m0[0m[1;36m
[gzserver-2] [0m[1;36m[Dbg] [wind_plugin.cpp:110] [0m[1;36mWindPlugin: received command -> speed=[0m[1;36m0[0m[1;36m dir=[0m[1;36m0[0m[1;36m
[gzserver-2] [0m[1;36m[Dbg] [wind_plugin.cpp:110] [0m[1;36mWindPlugin: received command -> speed=[0m[1;36m0[0m[1;36m dir=[0m[1;36m0[0m[1;36m
[gzserver-2] [0mEntering flying model!
[gzserver-2] [INFO] [1773118786.783414131] [gazebo_wind_plugin_node]: WindPlugin: set wind_speed=0.00 wind_direction=0.0
[gzserver-2] [INFO] [1773118787.023797848] [gazebo_wind_plugin_node]: WindPlugin: set wind_speed=3.73 wind_direction=-114.9
[gzserver-2] [INFO] [1773118787.265754425] [gazebo_wind_plugin_node]: WindPlugin: set wind_speed=3.59 wind_direction=-111.4
[gzserver-2] [INFO] [1773118787.494593284] [gazebo_wind_plugin_node]: WindPlugin: set wind_speed=3.59 wind_direction=-111.4
[gzserver-2] [INFO] [1773118787.735161636] [gazebo_wind_plugin_node]: WindPlugin: set wind_speed=3.59 wind_direction=-111.4
[gzserver-2] [INFO] [1773118787.974359376] [gazebo_wind_plugin_node]: WindPlugin: set wind_speed=3.59 wind_direction=-111.4
[gzserver-2] [INFO] [1773118788.213763853] [gazebo_wind_plugin_node]: WindPlugin: set wind_speed=3.72 wind_direction=-111.5
[gzserver-2] [INFO] [1773118788.449281957] [gazebo_wind_plugin_node]: WindPlugin: set wind_speed=3.72 wind_direction=-111.5
[gzserver-2] [INFO] [1773118788.683936451] [gazebo_wind_plugin_node]: WindPlugin: set wind_speed=3.72 wind_direction=-111.5
[gzserver-2] [INFO] [1773118788.919074538] [gazebo_wind_plugin_node]: WindPlugin: set wind_speed=3.72 wind_direction=-111.5
[gzserver-2] [INFO] [1773118789.159467039] [gazebo_wind_plugin_node]: WindPlugin: set wind_speed=3.91 wind_direction=-114.3
[gzserver-2] [INFO] [1773118789.398884380] [gazebo_wind_plugin_node]: WindPlugin: set wind_speed=3.91 wind_direction=-114.3
[gzserver-2] [INFO] [1773118789.632676921] [gazebo_wind_plugin_node]: WindPlugin: set wind_speed=3.91 wind_direction=-114.3
[gzserver-2] [INFO] [1773118789.872383086] [gazebo_wind_plugin_node]: WindPlugin: set wind_speed=3.91 wind_direction=-114.3
[gzserver-2] [INFO] [1773118789.905363805] [drone.simple_drone]: Quadrotor lands!!
[gzserver-2] [INFO] [1773118790.106768782] [gazebo_wind_plugin_node]: WindPlugin: set wind_speed=3.91 wind_direction=-114.3
[gzserver-2] [INFO] [1773118790.347076029] [gazebo_wind_plugin_node]: WindPlugin: set wind_speed=3.63 wind_direction=-110.0
[gzserver-2] [INFO] [1773118790.587148798] [gazebo_wind_plugin_node]: WindPlugin: set wind_speed=3.63 wind_direction=-110.0
[gzserver-2] [INFO] [1773118790.822661686] [gazebo_wind_plugin_node]: WindPlugin: set wind_speed=3.63 wind_direction=-110.0
[gzserver-2] [1;36m[Dbg] [wind_plugin.cpp:110] [0m[1;36mWindPlugin: received command -> speed=[0m[1;36m0[0m[1;36m dir=[0m[1;36m0[0m[1;36m
[gzserver-2] [0m[1;36m[Dbg] [wind_plugin.cpp:110] [0m[1;36mWindPlugin: received command -> speed=[0m[1;36m3.7334[0m[1;36m dir=[0m[1;36m-114.922[0m[1;36m
[gzserver-2] [0m[1;36m[Dbg] [wind_plugin.cpp:110] [0m[1;36mWindPlugin: received command -> speed=[0m[1;36m3.59145[0m[1;36m dir=[0m[1;36m-111.415[0m[1;36m
[gzserver-2] [0m[1;36m[Dbg] [wind_plugin.cpp:110] [0m[1;36mWindPlugin: received command -> speed=[0m[1;36m3.59145[0m[1;36m dir=[0m[1;36m-111.415[0m[1;36m
[gzserver-2] [0m[1;36m[Dbg] [wind_plugin.cpp:110] [0m[1;36mWindPlugin: received command -> speed=[0m[1;36m3.59145[0m[1;36m dir=[0m[1;36m-111.415[0m[1;36m
[gzserver-2] [0m[1;36m[Dbg] [wind_plugin.cpp:110] [0m[1;36mWindPlugin: received command -> speed=[0m[1;36m3.59145[0m[1;36m dir=[0m[1;36m-111.415[0m[1;36m
[gzserver-2] [0m[1;36m[Dbg] [wind_plugin.cpp:110] [0m[1;36mWindPlugin: received command -> speed=[0m[1;36m3.72057[0m[1;36m dir=[0m[1;36m-111.502[0m[1;36m
[gzserver-2] [0m[1;36m[Dbg] [wind_plugin.cpp:110] [0m[1;36mWindPlugin: received command -> speed=[0m[1;36m3.72057[0m[1;36m dir=[0m[1;36m-111.502[0m[1;36m
[gzserver-2] [0m[1;36m[Dbg] [wind_plugin.cpp:110] [0m[1;36mWindPlugin: received command -> speed=[0m[1;36m3.72057[0m[1;36m dir=[0m[1;36m-111.502[0m[1;36m
[gzserver-2] [0m[1;36m[Dbg] [wind_plugin.cpp:110] [0m[1;36mWindPlugin: received command -> speed=[0m[1;36m3.72057[0m[1;36m dir=[0m[1;36m-111.502[0m[1;36m
[gzserver-2] [0m[1;36m[Dbg] [wind_plugin.cpp:110] [0m[1;36mWindPlugin: received command -> speed=[0m[1;36m3.91021[0m[1;36m dir=[0m[1;36m-114.328[0m[1;36m
[gzserver-2] [0m[1;36m[Dbg] [wind_plugin.cpp:110] [0m[1;36mWindPlugin: received command -> speed=[0m[1;36m3.91021[0m[1;36m dir=[0m[1;36m-114.328[0m[1;36m
[gzserver-2] [0m[1;36m[Dbg] [wind_plugin.cpp:110] [0m[1;36mWindPlugin: received command -> speed=[0m[1;36m3.91021[0m[1;36m dir=[0m[1;36m-114.328[0m[1;36m
[gzserver-2] [0m[1;36m[Dbg] [wind_plugin.cpp:110] [0m[1;36mWindPlugin: received command -> speed=[0m[1;36m3.91021[0m[1;36m dir=[0m[1;36m-114.328[0m[1;36m
[gzserver-2] [0m[1;36m[Dbg] [wind_plugin.cpp:110] [0m[1;36mWindPlugin: received command -> speed=[0m[1;36m3.91021[0m[1;36m dir=[0m[1;36m-114.328[0m[1;36m
[gzserver-2] [0m[1;36m[Dbg] [wind_plugin.cpp:110] [0m[1;36mWindPlugin: received command -> speed=[0m[1;36m3.62808[0m[1;36m dir=[0m[1;36m-110.018[0m[1;36m
[gzserver-2] [0m[1;36m[Dbg] [wind_plugin.cpp:110] [0m[1;36mWindPlugin: received command -> speed=[0m[1;36m3.62808[0m[1;36m dir=[0m[1;36m-110.018[0m[1;36m
[gzserver-2] [0m[1;36m[Dbg] [wind_plugin.cpp:110] [0m[1;36mWindPlugin: received command -> speed=[0m[1;36m3.62808[0m[1;36m dir=[0m[1;36m-110.018[0m[1;36m
[gzserver-2] [0mLanded!
[gzserver-2] [INFO] [1773118791.061873434] [gazebo_wind_plugin_node]: WindPlugin: set wind_speed=3.63 wind_direction=-110.0
[gzserver-2] [INFO] [1773118791.296287582] [gazebo_wind_plugin_node]: WindPlugin: set wind_speed=3.64 wind_direction=-113.6
[gzserver-2] [INFO] [1773118791.531536536] [gazebo_wind_plugin_node]: WindPlugin: set wind_speed=3.64 wind_direction=-113.6
[gzserver-2] [INFO] [1773118791.765557883] [gazebo_wind_plugin_node]: WindPlugin: set wind_speed=3.64 wind_direction=-113.6
[gzserver-2] [INFO] [1773118791.999819398] [gazebo_wind_plugin_node]: WindPlugin: set wind_speed=3.64 wind_direction=-113.6
[gzserver-2] [INFO] [1773118792.233495312] [gazebo_wind_plugin_node]: WindPlugin: set wind_speed=3.70 wind_direction=-111.1
[gzserver-2] [INFO] [1773118792.474572750] [gazebo_wind_plugin_node]: WindPlugin: set wind_speed=3.70 wind_direction=-111.1
[gzserver-2] [INFO] [1773118792.714643499] [gazebo_wind_plugin_node]: WindPlugin: set wind_speed=3.70 wind_direction=-111.1
