[INFO] [launch]: All log files can be found below /home/j/.ros/log/2026-03-11-05-23-11-794629-j-582372
[INFO] [launch]: Default logging verbosity is set to INFO
[INFO] [launch.user]: [bringup] Apriltag config: camera=/drone/bottom, image=/drone/bottom/image_raw, tags=/drone/bottom/tags, bridge=/landing_tag_state, standalone=true, use_target_id=true, target_id=0
[INFO] [rviz2-1]: process started with pid [582375]
[INFO] [gzserver-2]: process started with pid [582377]
[INFO] [robot_state_publisher-3]: process started with pid [582379]
[INFO] [joint_state_publisher-4]: process started with pid [582381]
[INFO] [spawn_drone-5]: process started with pid [582383]
[INFO] [static_transform_publisher-6]: process started with pid [582385]
[INFO] [joy_node-7]: process started with pid [582387]
[INFO] [teleop_joystick-8]: process started with pid [582389]
[INFO] [apriltag_detector_node-9]: process started with pid [582391]
[INFO] [apriltag_state_bridge-10]: process started with pid [582393]
[static_transform_publisher-6] [WARN] [1773174192.268460876] []: Old-style arguments are deprecated; see --help for new-style arguments
[static_transform_publisher-6] [INFO] [1773174192.274154544] [static_transform_publisher_ptU2BBMUAVUGZwHV]: Spinning until stopped - publishing transform
[static_transform_publisher-6] translation: ('0.000000', '0.000000', '0.000000')
[static_transform_publisher-6] rotation: ('0.000000', '0.000000', '0.000000', '1.000000')
[static_transform_publisher-6] from 'world' to '/drone/odom'
[rviz2-1] 
[rviz2-1] (rviz2:582375): dbind-WARNING **: 05:23:12.300: Couldn't connect to accessibility bus: Failed to connect to socket /root/.cache/at-spi/bus_0: 허가 거부
[robot_state_publisher-3] [INFO] [1773174192.300953642] [drone.robot_state_publisher]: got segment base_footprint
[robot_state_publisher-3] [INFO] [1773174192.301045224] [drone.robot_state_publisher]: got segment base_link
[robot_state_publisher-3] [INFO] [1773174192.301057724] [drone.robot_state_publisher]: got segment bottom_cam_link
[robot_state_publisher-3] [INFO] [1773174192.301065724] [drone.robot_state_publisher]: got segment front_cam_link
[robot_state_publisher-3] [INFO] [1773174192.301072792] [drone.robot_state_publisher]: got segment sonar_link
[teleop_joystick-8] Traceback (most recent call last):
[teleop_joystick-8]   File "/home/j/INCSL/IICC26_ws/install/sjtu_drone_control/lib/sjtu_drone_control/teleop_joystick", line 33, in <module>
[teleop_joystick-8]     sys.exit(load_entry_point('sjtu_drone_control==0.0.0', 'console_scripts', 'teleop_joystick')())
[teleop_joystick-8]   File "/home/j/INCSL/IICC26_ws/install/sjtu_drone_control/lib/sjtu_drone_control/teleop_joystick", line 22, in importlib_load_entry_point
[teleop_joystick-8]     for entry_point in distribution(dist_name).entry_points
[teleop_joystick-8]   File "/usr/lib/python3.10/importlib/metadata/__init__.py", line 969, in distribution
[teleop_joystick-8]     return Distribution.from_name(distribution_name)
[teleop_joystick-8]   File "/usr/lib/python3.10/importlib/metadata/__init__.py", line 548, in from_name
[teleop_joystick-8]     raise PackageNotFoundError(name)
[teleop_joystick-8] importlib.metadata.PackageNotFoundError: No package metadata was found for sjtu_drone_control
[apriltag_detector_node-9] [INFO] [1773174192.317505899] [apriltag_detector_node]: tag detector type: umich
[ERROR] [teleop_joystick-8]: process has died [pid 582389, exit code 1, cmd '/home/j/INCSL/IICC26_ws/install/sjtu_drone_control/lib/sjtu_drone_control/teleop_joystick --ros-args -r __ns:=/drone'].
[gzserver-2] Gazebo multi-robot simulator, version 11.10.2
[gzserver-2] Copyright (C) 2012 Open Source Robotics Foundation.
[gzserver-2] Released under the Apache 2 License.
[gzserver-2] http://gazebosim.org
[gzserver-2] 
[apriltag_state_bridge-10] [INFO] [1773174192.518515400] [apriltag_state_bridge]: AprilTag bridge started: /drone/bottom/tags -> /landing_tag_state, use_target_id=True, target_id=0
[joint_state_publisher-4] [INFO] [1773174192.553913441] [drone.joint_state_publisher]: Waiting for robot_description to be published on the robot_description topic...
[gzserver-2] [1;33m[Wrn] [gazebo_ros_init.cpp:178] [0m[1;33m
[gzserver-2] #     # ####### ####### ###  #####  #######
[gzserver-2] ##    # #     #    #     #  #     # #
[gzserver-2] # #   # #     #    #     #  #       #
[gzserver-2] #  #  # #     #    #     #  #       #####
[gzserver-2] #   # # #     #    #     #  #       #
[gzserver-2] #    ## #     #    #     #  #     # #
[gzserver-2] #     # #######    #    ###  #####  #######
[gzserver-2] 
[gzserver-2] This version of Gazebo, now called Gazebo classic, reaches end-of-life
[gzserver-2] in January 2025. Users are highly encouraged to migrate to the new Gazebo
[gzserver-2] using our migration guides (https://gazebosim.org/docs/latest/gazebo_classic_migration?utm_source=gazebo_ros_pkgs&utm_medium=cli)
[gzserver-2] 
[gzserver-2] [0m[1;33m
[rviz2-1] [INFO] [1773174193.076689366] [rviz2]: Stereo is NOT SUPPORTED
[rviz2-1] [INFO] [1773174193.076776763] [rviz2]: OpenGl version: 4.6 (GLSL 4.6)
[rviz2-1] [INFO] [1773174193.163868183] [rviz2]: Stereo is NOT SUPPORTED
[rviz2-1] [INFO] [1773174193.255759131] [rviz2]: Stereo is NOT SUPPORTED
[gzserver-2] [1;32m[Msg] [0m[1;32mWaiting for master.[0m[1;32m
[gzserver-2] [0m[1;32m[0m[1;32m[0m[1;32m[Msg] [0m[1;32mConnected to gazebo master @ [0m[1;32mhttp://127.0.0.1:11345[0m[1;32m
[gzserver-2] [0m[1;32m[0m[1;32m[0m[1;32m[Msg] [0m[1;32mPublicized address: [0m[1;32m192.168.0.11[0m[1;32m
[gzserver-2] [0m[1;32m[0m[1;32m[0m[1;32m[Msg] [0m[1;32mLoading world file [[0m[1;32m/home/j/INCSL/IICC26_ws/install/sjtu_drone_description/share/sjtu_drone_description/worlds/landingPad.world[0m[1;32m][0m[1;32m
[gzserver-2] [0m[1;32m[0m[1;32m[0m[1;36m[Dbg] [wind_plugin.cpp:96] [0m[1;36mWindPlugin loaded: speed=[0m[1;36m0[0m[1;36m dir=[0m[1;36m0[0m[1;36m deg area=[0m[1;36m0.1[0m[1;36m coeff=[0m[1;36m1[0m[1;36m
[gzserver-2] [0m[1;33m[0m[1;33m[0m[1;31m[Err] [Sensor.cc:510] [0m[1;31mGet noise index not valid[0m[1;31m
[gzserver-2] [0m[1;31m[0m[1;31m[0m[1;31m[Err] [Sensor.cc:510] [0m[1;31mGet noise index not valid[0m[1;31m
[gzserver-2] [0m[1;31m[0m[1;31m[0m[1;31m[Err] [Sensor.cc:510] [0m[1;31mGet noise index not valid[0m[1;31m
[gzserver-2] [0m[1;31m[0m[1;31m[0m[1;31m[Err] [Sensor.cc:510] [0m[1;31mGet noise index not valid[0m[1;31m
[gzserver-2] [0m[1;31m[0m[1;31m[0m[1;31m[Err] [Sensor.cc:510] [0m[1;31mGet noise index not valid[0m[1;31m
[gzserver-2] [0m[1;31m[0m[1;31m[0m[1;31m[Err] [Sensor.cc:510] [0m[1;31mGet noise index not valid[0m[1;31m
[gzserver-2] [0m[1;31m[0m[1;31m[0mTopic [default//drone/base_footprint/down_camera/image] is not valid.
[gzserver-2] [INFO] [1773174193.713633050] [drone.collision_plugin]: Publishing contact states to [/drone/bumper_states]
[gzserver-2] Topic [default//drone/base_footprint/front_camera/image] is not valid.
[gzserver-2] [1;33m[Wrn] [Event.cc:61] [0m[1;33mWarning: Deleting a connection right after creation. [0m[1;33mMake sure to save the ConnectionPtr from a Connect call
[gzserver-2] [0m[INFO] [1773174194.273203240] [drone.camera_bottom]: Publishing camera info to [/drone/bottom/camera_info]
[gzserver-2] [INFO] [1773174194.276170852] [drone.camera_front]: Publishing camera info to [/drone/front/camera_info]
[spawn_drone-5] [INFO] [1773174194.285236703] [spawn_drone]: Result True SpawnEntity: Successfully spawned entity [/drone]
[gzserver-2] [INFO] [1773174194.400697422] [drone.simple_drone]: The drone plugin is loading!
[gzserver-2] [INFO] [1773174194.400902956] [drone.simple_drone]: pub_odom: 1
[gzserver-2] [INFO] [1773174194.400938780] [drone.simple_drone]: Using following parameters: 
[gzserver-2] 		link_name: base_footprint,
[gzserver-2] 		max_force: 30,
[gzserver-2] 		motion_small_noise: 0,
[gzserver-2] 		motion_drift_noise: 0,
[gzserver-2] 		motion_drift_noise_time: 50,
[gzserver-2] 		takeoff_hover_height: 1.86,
[gzserver-2] 		takeoff_vertical_speed: 0.2
[gzserver-2] [INFO] [1773174194.412974698] [drone.simple_drone]: Using the PID parameters: 
[gzserver-2] 	Roll Pitch:
[gzserver-2] 		kP: 10, kI: 0,kD: 5, Limit: 0.5, Time Constant: 0
[gzserver-2] 	Yaw:
[gzserver-2] 		kP: 2, kI: 0,kD: 1, Limit: 1.5, Time Constant: 0
[gzserver-2] 	Velocity X:
[gzserver-2] 		kP: 5, kI: 0,kD: 2.3, Limit: 2, Time Constant: 0
[gzserver-2] 	Velocity Y:
[gzserver-2] 		kP: 5, kI: 0,kD: 2.3, Limit: 2, Time Constant: 0
[gzserver-2] 	Velocity Z:
[gzserver-2] 		kP: 5, kI: 0,kD: 1, Limit: -1, Time Constant: 0
[gzserver-2] 	Position XY:
[gzserver-2] 		kP: 1.1, kI: 0,kD: 0, Limit: 5, Time Constant: 0
[gzserver-2] 	Position Z:
[gzserver-2] 		kP: 1, kI: 0,kD: 0.2, Limit: -1, Time Constant: 0
[gzserver-2] [INFO] [1773174194.413115434] [drone.simple_drone]: The drone plugin finished loading!
[INFO] [spawn_drone-5]: process has finished cleanly [pid 582383]
[gzserver-2] [INFO] [1773174201.631077368] [gazebo_wind_plugin_node]: WindPlugin: set wind_speed=0.00 wind_direction=0.0
[gzserver-2] [INFO] [1773174201.903487811] [gazebo_wind_plugin_node]: WindPlugin: set wind_speed=0.00 wind_direction=0.0
[gzserver-2] [INFO] [1773174201.942560627] [drone.simple_drone]: Quadrotor takes off!!
[gzserver-2] [INFO] [1773174202.143980774] [gazebo_wind_plugin_node]: WindPlugin: set wind_speed=0.00 wind_direction=0.0
[gzserver-2] [INFO] [1773174202.384203872] [gazebo_wind_plugin_node]: WindPlugin: set wind_speed=0.00 wind_direction=0.0
[gzserver-2] [INFO] [1773174202.623337071] [gazebo_wind_plugin_node]: WindPlugin: set wind_speed=0.00 wind_direction=0.0
[gzserver-2] [INFO] [1773174202.857206934] [gazebo_wind_plugin_node]: WindPlugin: set wind_speed=0.00 wind_direction=0.0
[gzserver-2] [INFO] [1773174203.096940474] [gazebo_wind_plugin_node]: WindPlugin: set wind_speed=0.00 wind_direction=0.0
[gzserver-2] [INFO] [1773174203.336250561] [gazebo_wind_plugin_node]: WindPlugin: set wind_speed=0.00 wind_direction=0.0
[gzserver-2] [0m[1;36m[Dbg] [wind_plugin.cpp:110] [0m[1;36mWindPlugin: received command -> speed=[0m[1;36m0[0m[1;36m dir=[0m[1;36m0[0m[1;36m
[gzserver-2] [0m[1;36m[Dbg] [wind_plugin.cpp:110] [0m[1;36mWindPlugin: received command -> speed=[0m[1;36m0[0m[1;36m dir=[0m[1;36m0[0m[1;36m
[gzserver-2] [0m[1;36m[Dbg] [wind_plugin.cpp:110] [0m[1;36mWindPlugin: received command -> speed=[0m[1;36m0[0m[1;36m dir=[0m[1;36m0[0m[1;36m
[gzserver-2] [0m[1;36m[Dbg] [wind_plugin.cpp:110] [0m[1;36mWindPlugin: received command -> speed=[0m[1;36m0[0m[1;36m dir=[0m[1;36m0[0m[1;36m
[gzserver-2] [0m[1;36m[Dbg] [wind_plugin.cpp:110] [0m[1;36mWindPlugin: received command -> speed=[0m[1;36m0[0m[1;36m dir=[0m[1;36m0[0m[1;36m
[gzserver-2] [0m[1;36m[Dbg] [wind_plugin.cpp:110] [0m[1;36mWindPlugin: received command -> speed=[0m[1;36m0[0m[1;36m dir=[0m[1;36m0[0m[1;36m
[gzserver-2] [0m[1;36m[Dbg] [wind_plugin.cpp:110] [0m[1;36mWindPlugin: received command -> speed=[0m[1;36m0[0m[1;36m dir=[0m[1;36m0[0m[1;36m
[gzserver-2] [0m[1;36m[Dbg] [wind_plugin.cpp:110] [0m[1;36mWindPlugin: received command -> speed=[0m[1;36m0[0m[1;36m dir=[0m[1;36m0[0m[1;36m
[gzserver-2] [0mEntering flying model!
[gzserver-2] [INFO] [1773174203.576336709] [gazebo_wind_plugin_node]: WindPlugin: set wind_speed=0.00 wind_direction=0.0
[gzserver-2] [INFO] [1773174203.810901027] [gazebo_wind_plugin_node]: WindPlugin: set wind_speed=1.03 wind_direction=-92.2
[gzserver-2] [INFO] [1773174204.050989391] [gazebo_wind_plugin_node]: WindPlugin: set wind_speed=1.03 wind_direction=-92.2
[gzserver-2] [INFO] [1773174204.290503480] [gazebo_wind_plugin_node]: WindPlugin: set wind_speed=1.11 wind_direction=-93.3
[gzserver-2] [INFO] [1773174204.519761015] [gazebo_wind_plugin_node]: WindPlugin: set wind_speed=1.11 wind_direction=-93.3
[gzserver-2] [INFO] [1773174204.749307346] [gazebo_wind_plugin_node]: WindPlugin: set wind_speed=1.11 wind_direction=-93.3
[gzserver-2] [INFO] [1773174204.990747989] [gazebo_wind_plugin_node]: WindPlugin: set wind_speed=1.11 wind_direction=-93.3
[gzserver-2] [INFO] [1773174205.229876172] [gazebo_wind_plugin_node]: WindPlugin: set wind_speed=1.24 wind_direction=-91.2
[gzserver-2] [INFO] [1773174205.465106320] [gazebo_wind_plugin_node]: WindPlugin: set wind_speed=1.24 wind_direction=-91.2
[gzserver-2] [INFO] [1773174205.702258959] [gazebo_wind_plugin_node]: WindPlugin: set wind_speed=1.24 wind_direction=-91.2
[gzserver-2] [INFO] [1773174205.933192297] [gazebo_wind_plugin_node]: WindPlugin: set wind_speed=1.24 wind_direction=-91.2
[gzserver-2] [INFO] [1773174206.172433919] [gazebo_wind_plugin_node]: WindPlugin: set wind_speed=1.09 wind_direction=-92.0
[gzserver-2] [INFO] [1773174206.415242202] [gazebo_wind_plugin_node]: WindPlugin: set wind_speed=1.09 wind_direction=-92.0
[gzserver-2] [INFO] [1773174206.644323815] [gazebo_wind_plugin_node]: WindPlugin: set wind_speed=1.09 wind_direction=-92.0
[gzserver-2] [INFO] [1773174206.881445860] [gazebo_wind_plugin_node]: WindPlugin: set wind_speed=1.09 wind_direction=-92.0
[gzserver-2] [INFO] [1773174207.123063121] [gazebo_wind_plugin_node]: WindPlugin: set wind_speed=1.09 wind_direction=-92.0
[gzserver-2] [INFO] [1773174207.363119760] [gazebo_wind_plugin_node]: WindPlugin: set wind_speed=1.06 wind_direction=-93.2
[gzserver-2] [INFO] [1773174207.604415118] [gazebo_wind_plugin_node]: WindPlugin: set wind_speed=1.06 wind_direction=-93.2
[gzserver-2] [INFO] [1773174207.853231708] [gazebo_wind_plugin_node]: WindPlugin: set wind_speed=1.06 wind_direction=-93.2
[gzserver-2] [INFO] [1773174207.891740868] [drone.simple_drone]: Quadrotor lands!!
[gzserver-2] [INFO] [1773174208.094682037] [gazebo_wind_plugin_node]: WindPlugin: set wind_speed=1.06 wind_direction=-93.2
[gzserver-2] [INFO] [1773174208.334409086] [gazebo_wind_plugin_node]: WindPlugin: set wind_speed=1.22 wind_direction=-90.6
[gzserver-2] [INFO] [1773174208.569485557] [gazebo_wind_plugin_node]: WindPlugin: set wind_speed=1.22 wind_direction=-90.6
[gzserver-2] [INFO] [1773174208.809362796] [gazebo_wind_plugin_node]: WindPlugin: set wind_speed=1.22 wind_direction=-90.6
[gzserver-2] [1;36m[Dbg] [wind_plugin.cpp:110] [0m[1;36mWindPlugin: received command -> speed=[0m[1;36m0[0m[1;36m dir=[0m[1;36m0[0m[1;36m
[gzserver-2] [0m[1;36m[Dbg] [wind_plugin.cpp:110] [0m[1;36mWindPlugin: received command -> speed=[0m[1;36m1.03135[0m[1;36m dir=[0m[1;36m-92.2133[0m[1;36m
[gzserver-2] [0m[1;36m[Dbg] [wind_plugin.cpp:110] [0m[1;36mWindPlugin: received command -> speed=[0m[1;36m1.03135[0m[1;36m dir=[0m[1;36m-92.2133[0m[1;36m
[gzserver-2] [0m[1;36m[Dbg] [wind_plugin.cpp:110] [0m[1;36mWindPlugin: received command -> speed=[0m[1;36m1.11352[0m[1;36m dir=[0m[1;36m-93.3048[0m[1;36m
[gzserver-2] [0m[1;36m[Dbg] [wind_plugin.cpp:110] [0m[1;36mWindPlugin: received command -> speed=[0m[1;36m1.11352[0m[1;36m dir=[0m[1;36m-93.3048[0m[1;36m
[gzserver-2] [0m[1;36m[Dbg] [wind_plugin.cpp:110] [0m[1;36mWindPlugin: received command -> speed=[0m[1;36m1.11352[0m[1;36m dir=[0m[1;36m-93.3048[0m[1;36m
[gzserver-2] [0m[1;36m[Dbg] [wind_plugin.cpp:110] [0m[1;36mWindPlugin: received command -> speed=[0m[1;36m1.11352[0m[1;36m dir=[0m[1;36m-93.3048[0m[1;36m
[gzserver-2] [0m[1;36m[Dbg] [wind_plugin.cpp:110] [0m[1;36mWindPlugin: received command -> speed=[0m[1;36m1.23991[0m[1;36m dir=[0m[1;36m-91.1765[0m[1;36m
[gzserver-2] [0m[1;36m[Dbg] [wind_plugin.cpp:110] [0m[1;36mWindPlugin: received command -> speed=[0m[1;36m1.23991[0m[1;36m dir=[0m[1;36m-91.1765[0m[1;36m
[gzserver-2] [0m[1;36m[Dbg] [wind_plugin.cpp:110] [0m[1;36mWindPlugin: received command -> speed=[0m[1;36m1.23991[0m[1;36m dir=[0m[1;36m-91.1765[0m[1;36m
[gzserver-2] [0m[1;36m[Dbg] [wind_plugin.cpp:110] [0m[1;36mWindPlugin: received command -> speed=[0m[1;36m1.23991[0m[1;36m dir=[0m[1;36m-91.1765[0m[1;36m
[gzserver-2] [0m[1;36m[Dbg] [wind_plugin.cpp:110] [0m[1;36mWindPlugin: received command -> speed=[0m[1;36m1.08869[0m[1;36m dir=[0m[1;36m-92.0226[0m[1;36m
[gzserver-2] [0m[1;36m[Dbg] [wind_plugin.cpp:110] [0m[1;36mWindPlugin: received command -> speed=[0m[1;36m1.08869[0m[1;36m dir=[0m[1;36m-92.0226[0m[1;36m
[gzserver-2] [0m[1;36m[Dbg] [wind_plugin.cpp:110] [0m[1;36mWindPlugin: received command -> speed=[0m[1;36m1.08869[0m[1;36m dir=[0m[1;36m-92.0226[0m[1;36m
[gzserver-2] [0m[1;36m[Dbg] [wind_plugin.cpp:110] [0m[1;36mWindPlugin: received command -> speed=[0m[1;36m1.08869[0m[1;36m dir=[0m[1;36m-92.0226[0m[1;36m
[gzserver-2] [0m[1;36m[Dbg] [wind_plugin.cpp:110] [0m[1;36mWindPlugin: received command -> speed=[0m[1;36m1.08869[0m[1;36m dir=[0m[1;36m-92.0226[0m[1;36m
[gzserver-2] [0m[1;36m[Dbg] [wind_plugin.cpp:110] [0m[1;36mWindPlugin: received command -> speed=[0m[1;36m1.0598[0m[1;36m dir=[0m[1;36m-93.2232[0m[1;36m
[gzserver-2] [0m[1;36m[Dbg] [wind_plugin.cpp:110] [0m[1;36mWindPlugin: received command -> speed=[0m[1;36m1.0598[0m[1;36m dir=[0m[1;36m-93.2232[0m[1;36m
[gzserver-2] [0m[1;36m[Dbg] [wind_plugin.cpp:110] [0m[1;36mWindPlugin: received command -> speed=[0m[1;36m1.0598[0m[1;36m dir=[0m[1;36m-93.2232[0m[1;36m
[gzserver-2] [0m[1;36m[Dbg] [wind_plugin.cpp:110] [0m[1;36mWindPlugin: received command -> speed=[0m[1;36m1.0598[0m[1;36m dir=[0m[1;36m-93.2232[0m[1;36m
[gzserver-2] [0m[1;36m[Dbg] [wind_plugin.cpp:110] [0m[1;36mWindPlugin: received command -> speed=[0m[1;36m1.21701[0m[1;36m dir=[0m[1;36m-90.6278[0m[1;36m
[gzserver-2] [0m[1;36m[Dbg] [wind_plugin.cpp:110] [0m[1;36mWindPlugin: received command -> speed=[0m[1;36m1.21701[0m[1;36m dir=[0m[1;36m-90.6278[0m[1;36m
[gzserver-2] [0m[1;36m[Dbg] [wind_plugin.cpp:110] [0m[1;36mWindPlugin: received command -> speed=[0m[1;36m1.21701[0m[1;36m dir=[0m[1;36m-90.6278[0m[1;36m
[gzserver-2] [0mLanded!
[gzserver-2] [INFO] [1773174209.049869825] [gazebo_wind_plugin_node]: WindPlugin: set wind_speed=1.22 wind_direction=-90.6
[gzserver-2] [INFO] [1773174209.290022087] [gazebo_wind_plugin_node]: WindPlugin: set wind_speed=1.04 wind_direction=-93.3
[gzserver-2] [INFO] [1773174209.530168770] [gazebo_wind_plugin_node]: WindPlugin: set wind_speed=1.04 wind_direction=-93.3
[gzserver-2] [INFO] [1773174209.759969322] [gazebo_wind_plugin_node]: WindPlugin: set wind_speed=1.04 wind_direction=-93.3
[gzserver-2] [INFO] [1773174209.993825191] [gazebo_wind_plugin_node]: WindPlugin: set wind_speed=1.04 wind_direction=-93.3
[gzserver-2] [INFO] [1773174210.233116562] [gazebo_wind_plugin_node]: WindPlugin: set wind_speed=0.93 wind_direction=-93.9
[gzserver-2] [INFO] [1773174210.472600525] [gazebo_wind_plugin_node]: WindPlugin: set wind_speed=0.93 wind_direction=-93.9
[gzserver-2] [INFO] [1773174210.711696729] [gazebo_wind_plugin_node]: WindPlugin: set wind_speed=0.93 wind_direction=-93.9
