[INFO] [launch]: All log files can be found below /home/j/.ros/log/2026-03-10-17-13-57-883708-j-3425077
[INFO] [launch]: Default logging verbosity is set to INFO
[INFO] [launch.user]: [bringup] Apriltag config: camera=/drone/bottom, image=/drone/bottom/image_raw, tags=/drone/bottom/tags, bridge=/landing_tag_state, standalone=true, use_target_id=true, target_id=0
[INFO] [rviz2-1]: process started with pid [3425080]
[INFO] [gzserver-2]: process started with pid [3425082]
[INFO] [robot_state_publisher-3]: process started with pid [3425084]
[INFO] [joint_state_publisher-4]: process started with pid [3425086]
[INFO] [spawn_drone-5]: process started with pid [3425088]
[INFO] [static_transform_publisher-6]: process started with pid [3425090]
[INFO] [joy_node-7]: process started with pid [3425092]
[INFO] [teleop_joystick-8]: process started with pid [3425094]
[INFO] [apriltag_detector_node-9]: process started with pid [3425096]
[INFO] [apriltag_state_bridge-10]: process started with pid [3425099]
[static_transform_publisher-6] [WARN] [1773130438.352744711] []: Old-style arguments are deprecated; see --help for new-style arguments
[static_transform_publisher-6] [INFO] [1773130438.359536915] [static_transform_publisher_OwsUnVw49GTHSCzp]: Spinning until stopped - publishing transform
[static_transform_publisher-6] translation: ('0.000000', '0.000000', '0.000000')
[static_transform_publisher-6] rotation: ('0.000000', '0.000000', '0.000000', '1.000000')
[static_transform_publisher-6] from 'world' to '/drone/odom'
[robot_state_publisher-3] [INFO] [1773130438.384166769] [drone.robot_state_publisher]: got segment base_footprint
[robot_state_publisher-3] [INFO] [1773130438.384223377] [drone.robot_state_publisher]: got segment base_link
[robot_state_publisher-3] [INFO] [1773130438.384229054] [drone.robot_state_publisher]: got segment bottom_cam_link
[robot_state_publisher-3] [INFO] [1773130438.384232253] [drone.robot_state_publisher]: got segment front_cam_link
[robot_state_publisher-3] [INFO] [1773130438.384235117] [drone.robot_state_publisher]: got segment sonar_link
[rviz2-1] 
[rviz2-1] (rviz2:3425080): dbind-WARNING **: 17:13:58.386: Couldn't connect to accessibility bus: Failed to connect to socket /root/.cache/at-spi/bus_0: 허가 거부
[apriltag_detector_node-9] [INFO] [1773130438.389413859] [apriltag_detector_node]: tag detector type: umich
[teleop_joystick-8] Traceback (most recent call last):
[teleop_joystick-8]   File "/home/j/INCSL/IICC26_ws/install/sjtu_drone_control/lib/sjtu_drone_control/teleop_joystick", line 33, in <module>
[teleop_joystick-8]     sys.exit(load_entry_point('sjtu_drone_control==0.0.0', 'console_scripts', 'teleop_joystick')())
[teleop_joystick-8]   File "/home/j/INCSL/IICC26_ws/install/sjtu_drone_control/lib/sjtu_drone_control/teleop_joystick", line 22, in importlib_load_entry_point
[teleop_joystick-8]     for entry_point in distribution(dist_name).entry_points
[teleop_joystick-8]   File "/usr/lib/python3.10/importlib/metadata/__init__.py", line 969, in distribution
[teleop_joystick-8]     return Distribution.from_name(distribution_name)
[teleop_joystick-8]   File "/usr/lib/python3.10/importlib/metadata/__init__.py", line 548, in from_name
[teleop_joystick-8]     raise PackageNotFoundError(name)
[teleop_joystick-8] importlib.metadata.PackageNotFoundError: No package metadata was found for sjtu_drone_control
[ERROR] [teleop_joystick-8]: process has died [pid 3425094, exit code 1, cmd '/home/j/INCSL/IICC26_ws/install/sjtu_drone_control/lib/sjtu_drone_control/teleop_joystick --ros-args -r __ns:=/drone'].
[gzserver-2] Gazebo multi-robot simulator, version 11.10.2
[gzserver-2] Copyright (C) 2012 Open Source Robotics Foundation.
[gzserver-2] Released under the Apache 2 License.
[gzserver-2] http://gazebosim.org
[gzserver-2] 
[apriltag_state_bridge-10] [INFO] [1773130438.617269874] [apriltag_state_bridge]: AprilTag bridge started: /drone/bottom/tags -> /landing_tag_state, use_target_id=True, target_id=0
[joint_state_publisher-4] [INFO] [1773130438.634625060] [drone.joint_state_publisher]: Waiting for robot_description to be published on the robot_description topic...
[gzserver-2] [1;33m[Wrn] [gazebo_ros_init.cpp:178] [0m[1;33m
[gzserver-2] #     # ####### ####### ###  #####  #######
[gzserver-2] ##    # #     #    #     #  #     # #
[gzserver-2] # #   # #     #    #     #  #       #
[gzserver-2] #  #  # #     #    #     #  #       #####
[gzserver-2] #   # # #     #    #     #  #       #
[gzserver-2] #    ## #     #    #     #  #     # #
[gzserver-2] #     # #######    #    ###  #####  #######
[gzserver-2] 
[gzserver-2] This version of Gazebo, now called Gazebo classic, reaches end-of-life
[gzserver-2] in January 2025. Users are highly encouraged to migrate to the new Gazebo
[gzserver-2] using our migration guides (https://gazebosim.org/docs/latest/gazebo_classic_migration?utm_source=gazebo_ros_pkgs&utm_medium=cli)
[gzserver-2] 
[gzserver-2] [0m[1;33m
[rviz2-1] [INFO] [1773130439.103499640] [rviz2]: Stereo is NOT SUPPORTED
[rviz2-1] [INFO] [1773130439.103584916] [rviz2]: OpenGl version: 4.6 (GLSL 4.6)
[rviz2-1] [INFO] [1773130439.183579103] [rviz2]: Stereo is NOT SUPPORTED
[rviz2-1] [INFO] [1773130439.274348995] [rviz2]: Stereo is NOT SUPPORTED
[spawn_drone-5] [INFO] [1773130439.752818505] [spawn_drone]: Result False Entity pushed to spawn queue, but spawn service timed outwaiting for entity to appear in simulation under the name [/drone]
[gzserver-2] [1;32m[Msg] [0m[1;32mWaiting for master.[0m[1;32m
[gzserver-2] [0m[1;32m[0m[1;32m[0m[1;32m[Msg] [0m[1;32mConnected to gazebo master @ [0m[1;32mhttp://127.0.0.1:11345[0m[1;32m
[gzserver-2] [0m[1;32m[0m[1;32m[0m[1;32m[Msg] [0m[1;32mPublicized address: [0m[1;32m172.16.52.147[0m[1;32m
[gzserver-2] [0m[1;32m[0m[1;32m[0m[1;32m[Msg] [0m[1;32mLoading world file [[0m[1;32m/home/j/INCSL/IICC26_ws/install/sjtu_drone_description/share/sjtu_drone_description/worlds/landingPad.world[0m[1;32m][0m[1;32m
[gzserver-2] [0m[1;32m[0m[1;32m[0m[1;36m[Dbg] [wind_plugin.cpp:96] [0m[1;36mWindPlugin loaded: speed=[0m[1;36m0[0m[1;36m dir=[0m[1;36m0[0m[1;36m deg area=[0m[1;36m0.1[0m[1;36m coeff=[0m[1;36m1[0m[1;36m
[gzserver-2] [0m[1;33m[0m[1;33m[0m[1;31m[Err] [Sensor.cc:510] [0m[1;31mGet noise index not valid[0m[1;31m
[gzserver-2] [0m[1;31m[0m[1;31m[0m[1;31m[Err] [Sensor.cc:510] [0m[1;31mGet noise index not valid[0m[1;31m
[gzserver-2] [0m[1;31m[0m[1;31m[0m[1;31m[Err] [Sensor.cc:510] [0m[1;31mGet noise index not valid[0m[1;31m
[gzserver-2] [0m[1;31m[0m[1;31m[0m[1;31m[Err] [Sensor.cc:510] [0m[1;31mGet noise index not valid[0m[1;31m
[gzserver-2] [0m[1;31m[0m[1;31m[0m[1;31m[Err] [Sensor.cc:510] [0m[1;31mGet noise index not valid[0m[1;31m
[gzserver-2] [0m[1;31m[0m[1;31m[0m[1;31m[Err] [Sensor.cc:510] [0m[1;31mGet noise index not valid[0m[1;31m
[gzserver-2] [0m[1;31m[0m[1;31m[0mTopic [default//drone/base_footprint/down_camera/image] is not valid.
[gzserver-2] [INFO] [1773130439.784493337] [drone.collision_plugin]: Publishing contact states to [/drone/bumper_states]
[gzserver-2] Topic [default//drone/base_footprint/front_camera/image] is not valid.
[gzserver-2] [1;33m[Wrn] [Event.cc:61] [0m[1;33mWarning: Deleting a connection right after creation. [0m[1;33mMake sure to save the ConnectionPtr from a Connect call
[INFO] [spawn_drone-5]: process has finished cleanly [pid 3425088]
[gzserver-2] [0m[INFO] [1773130440.371296629] [drone.camera_bottom]: Publishing camera info to [/drone/bottom/camera_info]
[gzserver-2] [INFO] [1773130440.374061013] [drone.camera_front]: Publishing camera info to [/drone/front/camera_info]
[gzserver-2] [INFO] [1773130440.496104906] [drone.simple_drone]: The drone plugin is loading!
[gzserver-2] [INFO] [1773130440.496312218] [drone.simple_drone]: pub_odom: 1
[gzserver-2] [INFO] [1773130440.496345840] [drone.simple_drone]: Using following parameters: 
[gzserver-2] 		link_name: base_footprint,
[gzserver-2] 		max_force: 30,
[gzserver-2] 		motion_small_noise: 0,
[gzserver-2] 		motion_drift_noise: 0,
[gzserver-2] 		motion_drift_noise_time: 50,
[gzserver-2] 		takeoff_hover_height: 1.81,
[gzserver-2] 		takeoff_vertical_speed: 0.2
[gzserver-2] [INFO] [1773130440.508151349] [drone.simple_drone]: Using the PID parameters: 
[gzserver-2] 	Roll Pitch:
[gzserver-2] 		kP: 10, kI: 0,kD: 5, Limit: 0.5, Time Constant: 0
[gzserver-2] 	Yaw:
[gzserver-2] 		kP: 2, kI: 0,kD: 1, Limit: 1.5, Time Constant: 0
[gzserver-2] 	Velocity X:
[gzserver-2] 		kP: 5, kI: 0,kD: 2.3, Limit: 2, Time Constant: 0
[gzserver-2] 	Velocity Y:
[gzserver-2] 		kP: 5, kI: 0,kD: 2.3, Limit: 2, Time Constant: 0
[gzserver-2] 	Velocity Z:
[gzserver-2] 		kP: 5, kI: 0,kD: 1, Limit: -1, Time Constant: 0
[gzserver-2] 	Position XY:
[gzserver-2] 		kP: 1.1, kI: 0,kD: 0, Limit: 5, Time Constant: 0
[gzserver-2] 	Position Z:
[gzserver-2] 		kP: 1, kI: 0,kD: 0.2, Limit: -1, Time Constant: 0
[gzserver-2] [INFO] [1773130440.508291278] [drone.simple_drone]: The drone plugin finished loading!
[gzserver-2] [INFO] [1773130447.724179704] [gazebo_wind_plugin_node]: WindPlugin: set wind_speed=0.00 wind_direction=0.0
[gzserver-2] [INFO] [1773130447.996932846] [gazebo_wind_plugin_node]: WindPlugin: set wind_speed=0.00 wind_direction=0.0
[gzserver-2] [INFO] [1773130448.029842447] [drone.simple_drone]: Quadrotor takes off!!
[gzserver-2] [INFO] [1773130448.230465210] [gazebo_wind_plugin_node]: WindPlugin: set wind_speed=0.00 wind_direction=0.0
[gzserver-2] [INFO] [1773130448.470472142] [gazebo_wind_plugin_node]: WindPlugin: set wind_speed=0.00 wind_direction=0.0
[gzserver-2] [INFO] [1773130448.705330235] [gazebo_wind_plugin_node]: WindPlugin: set wind_speed=0.00 wind_direction=0.0
[gzserver-2] [INFO] [1773130448.944808046] [gazebo_wind_plugin_node]: WindPlugin: set wind_speed=0.00 wind_direction=0.0
[gzserver-2] [INFO] [1773130449.178942059] [gazebo_wind_plugin_node]: WindPlugin: set wind_speed=0.00 wind_direction=0.0
[gzserver-2] [INFO] [1773130449.420418263] [gazebo_wind_plugin_node]: WindPlugin: set wind_speed=0.00 wind_direction=0.0
[gzserver-2] [0m[1;36m[Dbg] [wind_plugin.cpp:110] [0m[1;36mWindPlugin: received command -> speed=[0m[1;36m0[0m[1;36m dir=[0m[1;36m0[0m[1;36m
[gzserver-2] [0m[1;36m[Dbg] [wind_plugin.cpp:110] [0m[1;36mWindPlugin: received command -> speed=[0m[1;36m0[0m[1;36m dir=[0m[1;36m0[0m[1;36m
[gzserver-2] [0m[1;36m[Dbg] [wind_plugin.cpp:110] [0m[1;36mWindPlugin: received command -> speed=[0m[1;36m0[0m[1;36m dir=[0m[1;36m0[0m[1;36m
[gzserver-2] [0m[1;36m[Dbg] [wind_plugin.cpp:110] [0m[1;36mWindPlugin: received command -> speed=[0m[1;36m0[0m[1;36m dir=[0m[1;36m0[0m[1;36m
[gzserver-2] [0m[1;36m[Dbg] [wind_plugin.cpp:110] [0m[1;36mWindPlugin: received command -> speed=[0m[1;36m0[0m[1;36m dir=[0m[1;36m0[0m[1;36m
[gzserver-2] [0m[1;36m[Dbg] [wind_plugin.cpp:110] [0m[1;36mWindPlugin: received command -> speed=[0m[1;36m0[0m[1;36m dir=[0m[1;36m0[0m[1;36m
[gzserver-2] [0m[1;36m[Dbg] [wind_plugin.cpp:110] [0m[1;36mWindPlugin: received command -> speed=[0m[1;36m0[0m[1;36m dir=[0m[1;36m0[0m[1;36m
[gzserver-2] [0m[1;36m[Dbg] [wind_plugin.cpp:110] [0m[1;36mWindPlugin: received command -> speed=[0m[1;36m0[0m[1;36m dir=[0m[1;36m0[0m[1;36m
[gzserver-2] [0mEntering flying model!
[gzserver-2] [INFO] [1773130449.659939216] [gazebo_wind_plugin_node]: WindPlugin: set wind_speed=0.00 wind_direction=0.0
[gzserver-2] [INFO] [1773130449.899488845] [gazebo_wind_plugin_node]: WindPlugin: set wind_speed=2.26 wind_direction=21.7
[gzserver-2] [INFO] [1773130450.133764760] [gazebo_wind_plugin_node]: WindPlugin: set wind_speed=2.26 wind_direction=21.7
[gzserver-2] [INFO] [1773130450.367322116] [gazebo_wind_plugin_node]: WindPlugin: set wind_speed=2.32 wind_direction=20.8
[gzserver-2] [INFO] [1773130450.606785751] [gazebo_wind_plugin_node]: WindPlugin: set wind_speed=2.32 wind_direction=20.8
[gzserver-2] [INFO] [1773130450.846220330] [gazebo_wind_plugin_node]: WindPlugin: set wind_speed=2.32 wind_direction=20.8
[gzserver-2] [INFO] [1773130451.086007820] [gazebo_wind_plugin_node]: WindPlugin: set wind_speed=2.32 wind_direction=20.8
[gzserver-2] [INFO] [1773130451.325934744] [gazebo_wind_plugin_node]: WindPlugin: set wind_speed=2.43 wind_direction=19.9
[gzserver-2] [INFO] [1773130451.567655944] [gazebo_wind_plugin_node]: WindPlugin: set wind_speed=2.43 wind_direction=19.9
[gzserver-2] [INFO] [1773130451.807001990] [gazebo_wind_plugin_node]: WindPlugin: set wind_speed=2.43 wind_direction=19.9
[gzserver-2] [INFO] [1773130452.046447765] [gazebo_wind_plugin_node]: WindPlugin: set wind_speed=2.43 wind_direction=19.9
[gzserver-2] [INFO] [1773130452.275505201] [gazebo_wind_plugin_node]: WindPlugin: set wind_speed=2.47 wind_direction=22.5
[gzserver-2] [INFO] [1773130452.509325712] [gazebo_wind_plugin_node]: WindPlugin: set wind_speed=2.47 wind_direction=22.5
[gzserver-2] [INFO] [1773130452.748832638] [gazebo_wind_plugin_node]: WindPlugin: set wind_speed=2.47 wind_direction=22.5
[gzserver-2] [INFO] [1773130452.776817246] [drone.simple_drone]: Quadrotor lands!!
[gzserver-2] [INFO] [1773130452.978455860] [gazebo_wind_plugin_node]: WindPlugin: set wind_speed=2.47 wind_direction=22.5
[gzserver-2] [INFO] [1773130453.213573328] [gazebo_wind_plugin_node]: WindPlugin: set wind_speed=2.47 wind_direction=22.5
[gzserver-2] [INFO] [1773130453.455898715] [gazebo_wind_plugin_node]: WindPlugin: set wind_speed=2.40 wind_direction=23.5
[gzserver-2] [INFO] [1773130453.695223927] [gazebo_wind_plugin_node]: WindPlugin: set wind_speed=2.40 wind_direction=23.5
[gzserver-2] [1;36m[Dbg] [wind_plugin.cpp:110] [0m[1;36mWindPlugin: received command -> speed=[0m[1;36m0[0m[1;36m dir=[0m[1;36m0[0m[1;36m
[gzserver-2] [0m[1;36m[Dbg] [wind_plugin.cpp:110] [0m[1;36mWindPlugin: received command -> speed=[0m[1;36m2.26489[0m[1;36m dir=[0m[1;36m21.7048[0m[1;36m
[gzserver-2] [0m[1;36m[Dbg] [wind_plugin.cpp:110] [0m[1;36mWindPlugin: received command -> speed=[0m[1;36m2.26489[0m[1;36m dir=[0m[1;36m21.7048[0m[1;36m
[gzserver-2] [0m[1;36m[Dbg] [wind_plugin.cpp:110] [0m[1;36mWindPlugin: received command -> speed=[0m[1;36m2.32192[0m[1;36m dir=[0m[1;36m20.7753[0m[1;36m
[gzserver-2] [0m[1;36m[Dbg] [wind_plugin.cpp:110] [0m[1;36mWindPlugin: received command -> speed=[0m[1;36m2.32192[0m[1;36m dir=[0m[1;36m20.7753[0m[1;36m
[gzserver-2] [0m[1;36m[Dbg] [wind_plugin.cpp:110] [0m[1;36mWindPlugin: received command -> speed=[0m[1;36m2.32192[0m[1;36m dir=[0m[1;36m20.7753[0m[1;36m
[gzserver-2] [0m[1;36m[Dbg] [wind_plugin.cpp:110] [0m[1;36mWindPlugin: received command -> speed=[0m[1;36m2.32192[0m[1;36m dir=[0m[1;36m20.7753[0m[1;36m
[gzserver-2] [0m[1;36m[Dbg] [wind_plugin.cpp:110] [0m[1;36mWindPlugin: received command -> speed=[0m[1;36m2.42817[0m[1;36m dir=[0m[1;36m19.8706[0m[1;36m
[gzserver-2] [0m[1;36m[Dbg] [wind_plugin.cpp:110] [0m[1;36mWindPlugin: received command -> speed=[0m[1;36m2.42817[0m[1;36m dir=[0m[1;36m19.8706[0m[1;36m
[gzserver-2] [0m[1;36m[Dbg] [wind_plugin.cpp:110] [0m[1;36mWindPlugin: received command -> speed=[0m[1;36m2.42817[0m[1;36m dir=[0m[1;36m19.8706[0m[1;36m
[gzserver-2] [0m[1;36m[Dbg] [wind_plugin.cpp:110] [0m[1;36mWindPlugin: received command -> speed=[0m[1;36m2.42817[0m[1;36m dir=[0m[1;36m19.8706[0m[1;36m
[gzserver-2] [0m[1;36m[Dbg] [wind_plugin.cpp:110] [0m[1;36mWindPlugin: received command -> speed=[0m[1;36m2.47037[0m[1;36m dir=[0m[1;36m22.5135[0m[1;36m
[gzserver-2] [0m[1;36m[Dbg] [wind_plugin.cpp:110] [0m[1;36mWindPlugin: received command -> speed=[0m[1;36m2.47037[0m[1;36m dir=[0m[1;36m22.5135[0m[1;36m
[gzserver-2] [0m[1;36m[Dbg] [wind_plugin.cpp:110] [0m[1;36mWindPlugin: received command -> speed=[0m[1;36m2.47037[0m[1;36m dir=[0m[1;36m22.5135[0m[1;36m
[gzserver-2] [0m[1;36m[Dbg] [wind_plugin.cpp:110] [0m[1;36mWindPlugin: received command -> speed=[0m[1;36m2.47037[0m[1;36m dir=[0m[1;36m22.5135[0m[1;36m
[gzserver-2] [0m[1;36m[Dbg] [wind_plugin.cpp:110] [0m[1;36mWindPlugin: received command -> speed=[0m[1;36m2.47037[0m[1;36m dir=[0m[1;36m22.5135[0m[1;36m
[gzserver-2] [0m[1;36m[Dbg] [wind_plugin.cpp:110] [0m[1;36mWindPlugin: received command -> speed=[0m[1;36m2.39962[0m[1;36m dir=[0m[1;36m23.5061[0m[1;36m
[gzserver-2] [0m[1;36m[Dbg] [wind_plugin.cpp:110] [0m[1;36mWindPlugin: received command -> speed=[0m[1;36m2.39962[0m[1;36m dir=[0m[1;36m23.5061[0m[1;36m
[gzserver-2] [0mLanded!
[gzserver-2] [INFO] [1773130453.932337670] [gazebo_wind_plugin_node]: WindPlugin: set wind_speed=2.40 wind_direction=23.5
[gzserver-2] [INFO] [1773130454.169443394] [gazebo_wind_plugin_node]: WindPlugin: set wind_speed=2.40 wind_direction=23.5
[gzserver-2] [INFO] [1773130454.409424948] [gazebo_wind_plugin_node]: WindPlugin: set wind_speed=2.44 wind_direction=22.1
[gzserver-2] [INFO] [1773130454.645231167] [gazebo_wind_plugin_node]: WindPlugin: set wind_speed=2.44 wind_direction=22.1
[gzserver-2] [INFO] [1773130454.881620062] [gazebo_wind_plugin_node]: WindPlugin: set wind_speed=2.44 wind_direction=22.1
[gzserver-2] [INFO] [1773130455.110419622] [gazebo_wind_plugin_node]: WindPlugin: set wind_speed=2.44 wind_direction=22.1
[gzserver-2] [INFO] [1773130455.350620915] [gazebo_wind_plugin_node]: WindPlugin: set wind_speed=2.38 wind_direction=22.1
[gzserver-2] [INFO] [1773130455.590164485] [gazebo_wind_plugin_node]: WindPlugin: set wind_speed=2.38 wind_direction=22.1
