[INFO] [launch]: All log files can be found below /home/j/.ros/log/2026-03-11-08-52-27-386330-j-2520250
[INFO] [launch]: Default logging verbosity is set to INFO
[INFO] [launch.user]: [bringup] Apriltag config: camera=/drone/bottom, image=/drone/bottom/image_raw, tags=/drone/bottom/tags, bridge=/landing_tag_state, standalone=true, use_target_id=true, target_id=0
[INFO] [rviz2-1]: process started with pid [2520253]
[INFO] [gzserver-2]: process started with pid [2520255]
[INFO] [robot_state_publisher-3]: process started with pid [2520257]
[INFO] [joint_state_publisher-4]: process started with pid [2520259]
[INFO] [spawn_drone-5]: process started with pid [2520261]
[INFO] [static_transform_publisher-6]: process started with pid [2520263]
[INFO] [joy_node-7]: process started with pid [2520265]
[INFO] [teleop_joystick-8]: process started with pid [2520267]
[INFO] [apriltag_detector_node-9]: process started with pid [2520269]
[INFO] [apriltag_state_bridge-10]: process started with pid [2520272]
[static_transform_publisher-6] [WARN] [1773186747.858794484] []: Old-style arguments are deprecated; see --help for new-style arguments
[static_transform_publisher-6] [INFO] [1773186747.862163443] [static_transform_publisher_fseOoi4jSiljVLHQ]: Spinning until stopped - publishing transform
[static_transform_publisher-6] translation: ('0.000000', '0.000000', '0.000000')
[static_transform_publisher-6] rotation: ('0.000000', '0.000000', '0.000000', '1.000000')
[static_transform_publisher-6] from 'world' to '/drone/odom'
[robot_state_publisher-3] [INFO] [1773186747.881385559] [drone.robot_state_publisher]: got segment base_footprint
[robot_state_publisher-3] [INFO] [1773186747.881450901] [drone.robot_state_publisher]: got segment base_link
[robot_state_publisher-3] [INFO] [1773186747.881456579] [drone.robot_state_publisher]: got segment bottom_cam_link
[robot_state_publisher-3] [INFO] [1773186747.881459943] [drone.robot_state_publisher]: got segment front_cam_link
[robot_state_publisher-3] [INFO] [1773186747.881462941] [drone.robot_state_publisher]: got segment sonar_link
[rviz2-1] 
[rviz2-1] (rviz2:2520253): dbind-WARNING **: 08:52:27.895: Couldn't connect to accessibility bus: Failed to connect to socket /root/.cache/at-spi/bus_0: 허가 거부
[apriltag_detector_node-9] [INFO] [1773186747.901401868] [apriltag_detector_node]: tag detector type: umich
[teleop_joystick-8] Traceback (most recent call last):
[teleop_joystick-8]   File "/home/j/INCSL/IICC26_ws/install/sjtu_drone_control/lib/sjtu_drone_control/teleop_joystick", line 33, in <module>
[teleop_joystick-8]     sys.exit(load_entry_point('sjtu_drone_control==0.0.0', 'console_scripts', 'teleop_joystick')())
[teleop_joystick-8]   File "/home/j/INCSL/IICC26_ws/install/sjtu_drone_control/lib/sjtu_drone_control/teleop_joystick", line 22, in importlib_load_entry_point
[teleop_joystick-8]     for entry_point in distribution(dist_name).entry_points
[teleop_joystick-8]   File "/usr/lib/python3.10/importlib/metadata/__init__.py", line 969, in distribution
[teleop_joystick-8]     return Distribution.from_name(distribution_name)
[teleop_joystick-8]   File "/usr/lib/python3.10/importlib/metadata/__init__.py", line 548, in from_name
[teleop_joystick-8]     raise PackageNotFoundError(name)
[teleop_joystick-8] importlib.metadata.PackageNotFoundError: No package metadata was found for sjtu_drone_control
[ERROR] [teleop_joystick-8]: process has died [pid 2520267, exit code 1, cmd '/home/j/INCSL/IICC26_ws/install/sjtu_drone_control/lib/sjtu_drone_control/teleop_joystick --ros-args -r __ns:=/drone'].
[gzserver-2] Gazebo multi-robot simulator, version 11.10.2
[gzserver-2] Copyright (C) 2012 Open Source Robotics Foundation.
[gzserver-2] Released under the Apache 2 License.
[gzserver-2] http://gazebosim.org
[gzserver-2] 
[joint_state_publisher-4] [INFO] [1773186748.171452069] [drone.joint_state_publisher]: Waiting for robot_description to be published on the robot_description topic...
[apriltag_state_bridge-10] [INFO] [1773186748.175172784] [apriltag_state_bridge]: AprilTag bridge started: /drone/bottom/tags -> /landing_tag_state, use_target_id=True, target_id=0
[gzserver-2] [1;33m[Wrn] [gazebo_ros_init.cpp:178] [0m[1;33m
[gzserver-2] #     # ####### ####### ###  #####  #######
[gzserver-2] ##    # #     #    #     #  #     # #
[gzserver-2] # #   # #     #    #     #  #       #
[gzserver-2] #  #  # #     #    #     #  #       #####
[gzserver-2] #   # # #     #    #     #  #       #
[gzserver-2] #    ## #     #    #     #  #     # #
[gzserver-2] #     # #######    #    ###  #####  #######
[gzserver-2] 
[gzserver-2] This version of Gazebo, now called Gazebo classic, reaches end-of-life
[gzserver-2] in January 2025. Users are highly encouraged to migrate to the new Gazebo
[gzserver-2] using our migration guides (https://gazebosim.org/docs/latest/gazebo_classic_migration?utm_source=gazebo_ros_pkgs&utm_medium=cli)
[gzserver-2] 
[gzserver-2] [0m[1;33m
[rviz2-1] [INFO] [1773186748.518959250] [rviz2]: Stereo is NOT SUPPORTED
[rviz2-1] [INFO] [1773186748.519051681] [rviz2]: OpenGl version: 4.6 (GLSL 4.6)
[rviz2-1] [INFO] [1773186748.634971961] [rviz2]: Stereo is NOT SUPPORTED
[rviz2-1] [INFO] [1773186748.732961931] [rviz2]: Stereo is NOT SUPPORTED
[spawn_drone-5] [INFO] [1773186749.220721935] [spawn_drone]: Result False Entity pushed to spawn queue, but spawn service timed outwaiting for entity to appear in simulation under the name [/drone]
[gzserver-2] [1;32m[Msg] [0m[1;32mWaiting for master.[0m[1;32m
[gzserver-2] [0m[1;32m[0m[1;32m[0m[1;32m[Msg] [0m[1;32mConnected to gazebo master @ [0m[1;32mhttp://127.0.0.1:11345[0m[1;32m
[gzserver-2] [0m[1;32m[0m[1;32m[0m[1;32m[Msg] [0m[1;32mPublicized address: [0m[1;32m192.168.0.11[0m[1;32m
[gzserver-2] [0m[1;32m[0m[1;32m[0m[1;32m[Msg] [0m[1;32mLoading world file [[0m[1;32m/home/j/INCSL/IICC26_ws/install/sjtu_drone_description/share/sjtu_drone_description/worlds/landingPad.world[0m[1;32m][0m[1;32m
[gzserver-2] [0m[1;32m[0m[1;32m[0m[1;36m[Dbg] [wind_plugin.cpp:96] [0m[1;36mWindPlugin loaded: speed=[0m[1;36m0[0m[1;36m dir=[0m[1;36m0[0m[1;36m deg area=[0m[1;36m0.1[0m[1;36m coeff=[0m[1;36m1[0m[1;36m
[gzserver-2] [0m[1;33m[0m[1;33m[0m[1;31m[Err] [Sensor.cc:510] [0m[1;31mGet noise index not valid[0m[1;31m
[gzserver-2] [0m[1;31m[0m[1;31m[0m[1;31m[Err] [Sensor.cc:510] [0m[1;31mGet noise index not valid[0m[1;31m
[gzserver-2] [0m[1;31m[0m[1;31m[0m[1;31m[Err] [Sensor.cc:510] [0m[1;31mGet noise index not valid[0m[1;31m
[gzserver-2] [0m[1;31m[0m[1;31m[0m[1;31m[Err] [Sensor.cc:510] [0m[1;31mGet noise index not valid[0m[1;31m
[gzserver-2] [0m[1;31m[0m[1;31m[0m[1;31m[Err] [Sensor.cc:510] [0m[1;31mGet noise index not valid[0m[1;31m
[gzserver-2] [0m[1;31m[0m[1;31m[0m[1;31m[Err] [Sensor.cc:510] [0m[1;31mGet noise index not valid[0m[1;31m
[gzserver-2] [0m[1;31m[0m[1;31m[0mTopic [default//drone/base_footprint/down_camera/image] is not valid.
[gzserver-2] [INFO] [1773186749.252179102] [drone.collision_plugin]: Publishing contact states to [/drone/bumper_states]
[gzserver-2] Topic [default//drone/base_footprint/front_camera/image] is not valid.
[gzserver-2] [1;33m[Wrn] [Event.cc:61] [0m[1;33mWarning: Deleting a connection right after creation. [0m[1;33mMake sure to save the ConnectionPtr from a Connect call
[INFO] [spawn_drone-5]: process has finished cleanly [pid 2520261]
[gzserver-2] [0mException sending a multicast message:Network is unreachable
[gzserver-2] Exception sending a multicast message:Network is unreachable
[gzserver-2] Exception sending a multicast message:Network is unreachable
[gzserver-2] Exception sending a multicast message:Network is unreachable
[gzserver-2] Exception sending a multicast message:Network is unreachable
[gzserver-2] Exception sending a multicast message:Network is unreachable
[gzserver-2] Exception sending a multicast message:Network is unreachable
[gzserver-2] Exception sending a multicast message:Network is unreachable
[gzserver-2] Exception sending a multicast message:Network is unreachable
[gzserver-2] Exception sending a multicast message:Network is unreachable
[gzserver-2] Exception sending a multicast message:Network is unreachable
[gzserver-2] [INFO] [1773186749.834126158] [drone.camera_bottom]: Publishing camera info to [/drone/bottom/camera_info]
[gzserver-2] [INFO] [1773186749.838703134] [drone.camera_front]: Publishing camera info to [/drone/front/camera_info]
[gzserver-2] [INFO] [1773186749.961192667] [drone.simple_drone]: The drone plugin is loading!
[gzserver-2] [INFO] [1773186749.961416291] [drone.simple_drone]: pub_odom: 1
[gzserver-2] [INFO] [1773186749.961448773] [drone.simple_drone]: Using following parameters: 
[gzserver-2] 		link_name: base_footprint,
[gzserver-2] 		max_force: 30,
[gzserver-2] 		motion_small_noise: 0,
[gzserver-2] 		motion_drift_noise: 0,
[gzserver-2] 		motion_drift_noise_time: 50,
[gzserver-2] 		takeoff_hover_height: 2.35,
[gzserver-2] 		takeoff_vertical_speed: 0.2
[gzserver-2] [INFO] [1773186749.973702574] [drone.simple_drone]: Using the PID parameters: 
[gzserver-2] 	Roll Pitch:
[gzserver-2] 		kP: 10, kI: 0,kD: 5, Limit: 0.5, Time Constant: 0
[gzserver-2] 	Yaw:
[gzserver-2] 		kP: 2, kI: 0,kD: 1, Limit: 1.5, Time Constant: 0
[gzserver-2] 	Velocity X:
[gzserver-2] 		kP: 5, kI: 0,kD: 2.3, Limit: 2, Time Constant: 0
[gzserver-2] 	Velocity Y:
[gzserver-2] 		kP: 5, kI: 0,kD: 2.3, Limit: 2, Time Constant: 0
[gzserver-2] 	Velocity Z:
[gzserver-2] 		kP: 5, kI: 0,kD: 1, Limit: -1, Time Constant: 0
[gzserver-2] 	Position XY:
[gzserver-2] 		kP: 1.1, kI: 0,kD: 0, Limit: 5, Time Constant: 0
[gzserver-2] 	Position Z:
[gzserver-2] 		kP: 1, kI: 0,kD: 0.2, Limit: -1, Time Constant: 0
[gzserver-2] [INFO] [1773186749.973838717] [drone.simple_drone]: The drone plugin finished loading!
[gzserver-2] Exception sending a multicast message:Network is unreachable
[gzserver-2] Exception sending a multicast message:Network is unreachable
[gzserver-2] Exception sending a multicast message:Network is unreachable
[gzserver-2] Exception sending a multicast message:Network is unreachable
[gzserver-2] Exception sending a multicast message:Network is unreachable
[gzserver-2] Exception sending a multicast message:Network is unreachable
[gzserver-2] Exception sending a multicast message:Network is unreachable
[gzserver-2] Exception sending a multicast message:Network is unreachable
[gzserver-2] Exception sending a multicast message:Network is unreachable
[gzserver-2] Exception sending a multicast message:Network is unreachable
[gzserver-2] Exception sending a multicast message:Network is unreachable
[gzserver-2] Exception sending a multicast message:Network is unreachableException sending a multicast message:Network is unreachable
[gzserver-2] 
[gzserver-2] Exception sending a multicast message:Network is unreachable
[gzserver-2] Exception sending a multicast message:Network is unreachable
[gzserver-2] Exception sending a multicast message:Network is unreachable
[gzserver-2] Exception sending a multicast message:Network is unreachable
[gzserver-2] Exception sending a multicast message:Network is unreachable
[gzserver-2] Exception sending a multicast message:Network is unreachable
[gzserver-2] Exception sending a multicast message:Network is unreachable
[gzserver-2] Exception sending a multicast message:Network is unreachable
[gzserver-2] Exception sending a multicast message:Network is unreachable
[gzserver-2] Exception sending a multicast message:Network is unreachable
[gzserver-2] Exception sending a multicast message:Network is unreachable
[gzserver-2] Exception sending a multicast message:Network is unreachable
[gzserver-2] Exception sending a multicast message:Network is unreachable
[gzserver-2] Exception sending a multicast message:Network is unreachable
[gzserver-2] Exception sending a multicast message:Network is unreachable
[gzserver-2] Exception sending a multicast message:Network is unreachable
[gzserver-2] Exception sending a multicast message:Network is unreachable
[gzserver-2] Exception sending a multicast message:Network is unreachable
[gzserver-2] Exception sending a multicast message:Network is unreachable
[gzserver-2] Exception sending a multicast message:Network is unreachable
[gzserver-2] Exception sending a multicast message:Network is unreachable
[gzserver-2] Exception sending a multicast message:Network is unreachable
[gzserver-2] Exception sending a multicast message:Network is unreachable
[gzserver-2] Exception sending a multicast message:Network is unreachable
[gzserver-2] Exception sending a multicast message:Network is unreachable
[gzserver-2] Exception sending a multicast message:Network is unreachable
[gzserver-2] Exception sending a multicast message:Network is unreachable
[gzserver-2] Exception sending a multicast message:Network is unreachable
[gzserver-2] Exception sending a multicast message:Network is unreachable
[gzserver-2] Exception sending a multicast message:Network is unreachable
[gzserver-2] Exception sending a multicast message:Network is unreachable
[gzserver-2] Exception sending a multicast message:Network is unreachable
[gzserver-2] Exception sending a multicast message:Network is unreachable
[gzserver-2] Exception sending a multicast message:Network is unreachable
[gzserver-2] Exception sending a multicast message:Network is unreachable
[gzserver-2] Exception sending a multicast message:Network is unreachable
[gzserver-2] Exception sending a multicast message:Network is unreachable
[gzserver-2] Exception sending a multicast message:Network is unreachable
[gzserver-2] Exception sending a multicast message:Network is unreachable
[gzserver-2] Exception sending a multicast message:Network is unreachable
[gzserver-2] Exception sending a multicast message:Network is unreachable
[gzserver-2] Exception sending a multicast message:Network is unreachable
[gzserver-2] Exception sending a multicast message:Network is unreachable
[gzserver-2] Exception sending a multicast message:Network is unreachable
[gzserver-2] Exception sending a multicast message:Network is unreachable
[gzserver-2] Exception sending a multicast message:Network is unreachable
[gzserver-2] Exception sending a multicast message:Network is unreachable
[gzserver-2] Exception sending a multicast message:Network is unreachable
[gzserver-2] Exception sending a multicast message:Network is unreachable
[gzserver-2] Exception sending a multicast message:Network is unreachable
[gzserver-2] Exception sending a multicast message:Network is unreachable
[gzserver-2] Exception sending a multicast message:Network is unreachable
[gzserver-2] Exception sending a multicast message:Network is unreachable
[gzserver-2] Exception sending a multicast message:Network is unreachable
[gzserver-2] Exception sending a multicast message:Network is unreachable
[gzserver-2] Exception sending a multicast message:Network is unreachable
[gzserver-2] Exception sending a multicast message:Network is unreachable
[gzserver-2] Exception sending a multicast message:Network is unreachable
[gzserver-2] Exception sending a multicast message:Network is unreachable
[gzserver-2] Exception sending a multicast message:Network is unreachable
[gzserver-2] Exception sending a multicast message:Network is unreachable
[gzserver-2] Exception sending a multicast message:Network is unreachable
[gzserver-2] Exception sending a multicast message:Network is unreachable
[gzserver-2] Exception sending a multicast message:Network is unreachable
[gzserver-2] [INFO] [1773186757.227961018] [gazebo_wind_plugin_node]: WindPlugin: set wind_speed=0.00 wind_direction=0.0
[gzserver-2] [INFO] [1773186757.501797329] [gazebo_wind_plugin_node]: WindPlugin: set wind_speed=0.00 wind_direction=0.0
[gzserver-2] [INFO] [1773186757.540780481] [drone.simple_drone]: Quadrotor takes off!!
[gzserver-2] [INFO] [1773186757.743775586] [gazebo_wind_plugin_node]: WindPlugin: set wind_speed=0.00 wind_direction=0.0
[gzserver-2] [0m[1;36m[Dbg] [wind_plugin.cpp:110] [0m[1;36mWindPlugin: received command -> speed=[0m[1;36m0[0m[1;36m dir=[0m[1;36m0[0m[1;36m
[gzserver-2] [0m[1;36m[Dbg] [wind_plugin.cpp:110] [0m[1;36mWindPlugin: received command -> speed=[0m[1;36m0[0m[1;36m dir=[0m[1;36m0[0m[1;36m
[gzserver-2] [0m[1;36m[Dbg] [wind_plugin.cpp:110] [0m[1;36mWindPlugin: received command -> speed=[0m[1;36m0[0m[1;36m dir=[0m[1;36m0[0m[1;36m
[gzserver-2] Exception sending a multicast message:Network is unreachable
[gzserver-2] Exception sending a multicast message:Network is unreachable
[gzserver-2] Exception sending a multicast message:Network is unreachable
[gzserver-2] Exception sending a multicast message:Network is unreachable
[gzserver-2] Exception sending a multicast message:Network is unreachable
[gzserver-2] Exception sending a multicast message:Network is unreachable
[gzserver-2] Exception sending a multicast message:Network is unreachable
[gzserver-2] Exception sending a multicast message:Network is unreachable
[gzserver-2] Exception sending a multicast message:Network is unreachable
[gzserver-2] Exception sending a multicast message:Network is unreachable
[gzserver-2] Exception sending a multicast message:Network is unreachable
[gzserver-2] [INFO] [1773186757.983448793] [gazebo_wind_plugin_node]: WindPlugin: set wind_speed=0.00 wind_direction=0.0
[gzserver-2] [INFO] [1773186758.226364469] [gazebo_wind_plugin_node]: WindPlugin: set wind_speed=0.00 wind_direction=0.0
[gzserver-2] [INFO] [1773186758.471028331] [gazebo_wind_plugin_node]: WindPlugin: set wind_speed=0.00 wind_direction=0.0
[gzserver-2] [INFO] [1773186758.705786951] [gazebo_wind_plugin_node]: WindPlugin: set wind_speed=0.00 wind_direction=0.0
[gzserver-2] [0m[1;36m[Dbg] [wind_plugin.cpp:110] [0m[1;36mWindPlugin: received command -> speed=[0m[1;36m0[0m[1;36m dir=[0m[1;36m0[0m[1;36m
[gzserver-2] [0m[1;36m[Dbg] [wind_plugin.cpp:110] [0m[1;36mWindPlugin: received command -> speed=[0m[1;36m0[0m[1;36m dir=[0m[1;36m0[0m[1;36m
[gzserver-2] [0m[1;36m[Dbg] [wind_plugin.cpp:110] [0m[1;36mWindPlugin: received command -> speed=[0m[1;36m0[0m[1;36m dir=[0m[1;36m0[0m[1;36m
[gzserver-2] [0m[1;36m[Dbg] [wind_plugin.cpp:110] [0m[1;36mWindPlugin: received command -> speed=[0m[1;36m0[0m[1;36m dir=[0m[1;36m0[0m[1;36m
[gzserver-2] Exception sending a multicast message:Network is unreachable
[gzserver-2] Exception sending a multicast message:Network is unreachable
[gzserver-2] Exception sending a multicast message:Network is unreachable
[gzserver-2] Exception sending a multicast message:Network is unreachable
[gzserver-2] Exception sending a multicast message:Network is unreachable
[gzserver-2] Exception sending a multicast message:Network is unreachable
[gzserver-2] Exception sending a multicast message:Network is unreachable
[gzserver-2] Exception sending a multicast message:Network is unreachable
[gzserver-2] Exception sending a multicast message:Network is unreachable
[gzserver-2] Exception sending a multicast message:Network is unreachable
[gzserver-2] Exception sending a multicast message:Network is unreachable
[gzserver-2] [INFO] [1773186758.940463661] [gazebo_wind_plugin_node]: WindPlugin: set wind_speed=0.00 wind_direction=0.0
[gzserver-2] [INFO] [1773186759.179811422] [gazebo_wind_plugin_node]: WindPlugin: set wind_speed=0.00 wind_direction=0.0
[gzserver-2] [0m[1;36m[Dbg] [wind_plugin.cpp:110] [0m[1;36mWindPlugin: received command -> speed=[0m[1;36m0[0m[1;36m dir=[0m[1;36m0[0m[1;36m
[gzserver-2] [0m[1;36m[Dbg] [wind_plugin.cpp:110] [0m[1;36mWindPlugin: received command -> speed=[0m[1;36m0[0m[1;36m dir=[0m[1;36m0[0m[1;36m
[gzserver-2] [0mEntering flying model!
[gzserver-2] [INFO] [1773186759.419516270] [gazebo_wind_plugin_node]: WindPlugin: set wind_speed=0.00 wind_direction=0.0
[gzserver-2] [INFO] [1773186759.659537425] [gazebo_wind_plugin_node]: WindPlugin: set wind_speed=3.58 wind_direction=-62.9
[gzserver-2] [1;36m[Dbg] [wind_plugin.cpp:110] [0m[1;36mWindPlugin: received command -> speed=[0m[1;36m0[0m[1;36m dir=[0m[1;36m0[0m[1;36m
[gzserver-2] [0m[1;36m[Dbg] [wind_plugin.cpp:110] [0m[1;36mWindPlugin: received command -> speed=[0m[1;36m3.58348[0m[1;36m dir=[0m[1;36m-62.8974[0m[1;36m
[gzserver-2] Exception sending a multicast message:Network is unreachable
[gzserver-2] Exception sending a multicast message:Network is unreachable
[gzserver-2] Exception sending a multicast message:Network is unreachable
[gzserver-2] Exception sending a multicast message:Network is unreachable
[gzserver-2] Exception sending a multicast message:Network is unreachable
[gzserver-2] Exception sending a multicast message:Network is unreachable
[gzserver-2] Exception sending a multicast message:Network is unreachable
[gzserver-2] Exception sending a multicast message:Network is unreachable
[gzserver-2] Exception sending a multicast message:Network is unreachable
[gzserver-2] Exception sending a multicast message:Network is unreachable
[gzserver-2] Exception sending a multicast message:Network is unreachable
[gzserver-2] [INFO] [1773186759.894832134] [gazebo_wind_plugin_node]: WindPlugin: set wind_speed=3.47 wind_direction=-65.8
[gzserver-2] [INFO] [1773186760.125086484] [gazebo_wind_plugin_node]: WindPlugin: set wind_speed=3.47 wind_direction=-65.8
[gzserver-2] [INFO] [1773186760.364013182] [gazebo_wind_plugin_node]: WindPlugin: set wind_speed=3.47 wind_direction=-65.8
[gzserver-2] [INFO] [1773186760.604346657] [gazebo_wind_plugin_node]: WindPlugin: set wind_speed=3.47 wind_direction=-65.8
[gzserver-2] [0m[1;36m[Dbg] [wind_plugin.cpp:110] [0m[1;36mWindPlugin: received command -> speed=[0m[1;36m3.46845[0m[1;36m dir=[0m[1;36m-65.7958[0m[1;36m
[gzserver-2] [0m[1;36m[Dbg] [wind_plugin.cpp:110] [0m[1;36mWindPlugin: received command -> speed=[0m[1;36m3.46845[0m[1;36m dir=[0m[1;36m-65.7958[0m[1;36m
[gzserver-2] [0m[1;36m[Dbg] [wind_plugin.cpp:110] [0m[1;36mWindPlugin: received command -> speed=[0m[1;36m3.46845[0m[1;36m dir=[0m[1;36m-65.7958[0m[1;36m
[gzserver-2] [0m[1;36m[Dbg] [wind_plugin.cpp:110] [0m[1;36mWindPlugin: received command -> speed=[0m[1;36m3.46845[0m[1;36m dir=[0m[1;36m-65.7958[0m[1;36m
[gzserver-2] Exception sending a multicast message:Network is unreachable
[gzserver-2] Exception sending a multicast message:Network is unreachable
[gzserver-2] Exception sending a multicast message:Network is unreachable
[gzserver-2] Exception sending a multicast message:Network is unreachable
[gzserver-2] Exception sending a multicast message:Network is unreachable
[gzserver-2] Exception sending a multicast message:Network is unreachable
[gzserver-2] Exception sending a multicast message:Network is unreachable
[gzserver-2] Exception sending a multicast message:Network is unreachable
[gzserver-2] Exception sending a multicast message:Network is unreachable
[gzserver-2] Exception sending a multicast message:Network is unreachable
[gzserver-2] Exception sending a multicast message:Network is unreachable
[gzserver-2] [INFO] [1773186760.838937136] [gazebo_wind_plugin_node]: WindPlugin: set wind_speed=3.51 wind_direction=-65.5
[gzserver-2] [INFO] [1773186761.073662811] [gazebo_wind_plugin_node]: WindPlugin: set wind_speed=3.51 wind_direction=-65.5
[gzserver-2] [INFO] [1773186761.310613534] [gazebo_wind_plugin_node]: WindPlugin: set wind_speed=3.51 wind_direction=-65.5
[gzserver-2] [INFO] [1773186761.542288831] [gazebo_wind_plugin_node]: WindPlugin: set wind_speed=3.51 wind_direction=-65.5
[gzserver-2] [INFO] [1773186761.781875833] [gazebo_wind_plugin_node]: WindPlugin: set wind_speed=3.65 wind_direction=-63.7
[gzserver-2] [0m[1;36m[Dbg] [wind_plugin.cpp:110] [0m[1;36mWindPlugin: received command -> speed=[0m[1;36m3.51039[0m[1;36m dir=[0m[1;36m-65.473[0m[1;36m
[gzserver-2] [0m[1;36m[Dbg] [wind_plugin.cpp:110] [0m[1;36mWindPlugin: received command -> speed=[0m[1;36m3.51039[0m[1;36m dir=[0m[1;36m-65.473[0m[1;36m
[gzserver-2] [0m[1;36m[Dbg] [wind_plugin.cpp:110] [0m[1;36mWindPlugin: received command -> speed=[0m[1;36m3.51039[0m[1;36m dir=[0m[1;36m-65.473[0m[1;36m
[gzserver-2] [0m[1;36m[Dbg] [wind_plugin.cpp:110] [0m[1;36mWindPlugin: received command -> speed=[0m[1;36m3.51039[0m[1;36m dir=[0m[1;36m-65.473[0m[1;36m
[gzserver-2] [0m[1;36m[Dbg] [wind_plugin.cpp:110] [0m[1;36mWindPlugin: received command -> speed=[0m[1;36m3.64734[0m[1;36m dir=[0m[1;36m-63.7141[0m[1;36m
[gzserver-2] Exception sending a multicast message:Network is unreachable
[gzserver-2] Exception sending a multicast message:Network is unreachable
[gzserver-2] Exception sending a multicast message:Network is unreachable
[gzserver-2] Exception sending a multicast message:Network is unreachable
[gzserver-2] Exception sending a multicast message:Network is unreachable
[gzserver-2] Exception sending a multicast message:Network is unreachable
[gzserver-2] Exception sending a multicast message:Network is unreachable
[gzserver-2] Exception sending a multicast message:Network is unreachable
[gzserver-2] Exception sending a multicast message:Network is unreachable
[gzserver-2] Exception sending a multicast message:Network is unreachable
[gzserver-2] Exception sending a multicast message:Network is unreachable
[gzserver-2] [INFO] [1773186762.021515865] [gazebo_wind_plugin_node]: WindPlugin: set wind_speed=3.65 wind_direction=-63.7
[gzserver-2] [INFO] [1773186762.261438894] [gazebo_wind_plugin_node]: WindPlugin: set wind_speed=3.65 wind_direction=-63.7
[gzserver-2] [INFO] [1773186762.496054983] [gazebo_wind_plugin_node]: WindPlugin: set wind_speed=3.65 wind_direction=-63.7
[gzserver-2] [INFO] [1773186762.533879129] [drone.simple_drone]: Quadrotor lands!!
[gzserver-2] [INFO] [1773186762.735660008] [gazebo_wind_plugin_node]: WindPlugin: set wind_speed=3.31 wind_direction=-60.8
[gzserver-2] [0m[1;36m[Dbg] [wind_plugin.cpp:110] [0m[1;36mWindPlugin: received command -> speed=[0m[1;36m3.64734[0m[1;36m dir=[0m[1;36m-63.7141[0m[1;36m
[gzserver-2] [0m[1;36m[Dbg] [wind_plugin.cpp:110] [0m[1;36mWindPlugin: received command -> speed=[0m[1;36m3.64734[0m[1;36m dir=[0m[1;36m-63.7141[0m[1;36m
[gzserver-2] [0m[1;36m[Dbg] [wind_plugin.cpp:110] [0m[1;36mWindPlugin: received command -> speed=[0m[1;36m3.64734[0m[1;36m dir=[0m[1;36m-63.7141[0m[1;36m
[gzserver-2] [0m[1;36m[Dbg] [wind_plugin.cpp:110] [0m[1;36mWindPlugin: received command -> speed=[0m[1;36m3.31352[0m[1;36m dir=[0m[1;36m-60.8142[0m[1;36m
[gzserver-2] Exception sending a multicast message:Network is unreachable
[gzserver-2] Exception sending a multicast message:Network is unreachable
[gzserver-2] Exception sending a multicast message:Network is unreachable
[gzserver-2] Exception sending a multicast message:Network is unreachable
[gzserver-2] Exception sending a multicast message:Network is unreachable
[gzserver-2] Exception sending a multicast message:Network is unreachable
[gzserver-2] Exception sending a multicast message:Network is unreachable
[gzserver-2] Exception sending a multicast message:Network is unreachable
[gzserver-2] Exception sending a multicast message:Network is unreachable
[gzserver-2] Exception sending a multicast message:Network is unreachable
[gzserver-2] Exception sending a multicast message:Network is unreachable
[gzserver-2] [INFO] [1773186762.979532484] [gazebo_wind_plugin_node]: WindPlugin: set wind_speed=3.31 wind_direction=-60.8
[gzserver-2] [INFO] [1773186763.219499378] [gazebo_wind_plugin_node]: WindPlugin: set wind_speed=3.31 wind_direction=-60.8
[gzserver-2] [INFO] [1773186763.459072512] [gazebo_wind_plugin_node]: WindPlugin: set wind_speed=3.31 wind_direction=-60.8
[gzserver-2] [0m[1;36m[Dbg] [wind_plugin.cpp:110] [0m[1;36mWindPlugin: received command -> speed=[0m[1;36m3.31352[0m[1;36m dir=[0m[1;36m-60.8142[0m[1;36m
[gzserver-2] [0m[1;36m[Dbg] [wind_plugin.cpp:110] [0m[1;36mWindPlugin: received command -> speed=[0m[1;36m3.31352[0m[1;36m dir=[0m[1;36m-60.8142[0m[1;36m
[gzserver-2] [0m[1;36m[Dbg] [wind_plugin.cpp:110] [0m[1;36mWindPlugin: received command -> speed=[0m[1;36m3.31352[0m[1;36m dir=[0m[1;36m-60.8142[0m[1;36m
[gzserver-2] [0mLanded!
[gzserver-2] [INFO] [1773186763.699241848] [gazebo_wind_plugin_node]: WindPlugin: set wind_speed=3.31 wind_direction=-60.8
[gzserver-2] [1;36m[Dbg] [wind_plugin.cpp:110] [0m[1;36mWindPlugin: received command -> speed=[0m[1;36m3.31352[0m[1;36m dir=[0m[1;36m-60.8142[0m[1;36m
[gzserver-2] Exception sending a multicast message:Network is unreachable
[gzserver-2] Exception sending a multicast message:Network is unreachable
[gzserver-2] Exception sending a multicast message:Network is unreachable
[gzserver-2] Exception sending a multicast message:Network is unreachable
[gzserver-2] Exception sending a multicast message:Network is unreachable
[gzserver-2] Exception sending a multicast message:Network is unreachable
[gzserver-2] Exception sending a multicast message:Network is unreachable
[gzserver-2] Exception sending a multicast message:Network is unreachable
[gzserver-2] Exception sending a multicast message:Network is unreachable
[gzserver-2] Exception sending a multicast message:Network is unreachable
[gzserver-2] Exception sending a multicast message:Network is unreachable
[gzserver-2] [INFO] [1773186763.933560897] [gazebo_wind_plugin_node]: WindPlugin: set wind_speed=3.35 wind_direction=-63.9
[gzserver-2] [INFO] [1773186764.173324617] [gazebo_wind_plugin_node]: WindPlugin: set wind_speed=3.35 wind_direction=-63.9
[gzserver-2] [INFO] [1773186764.413128389] [gazebo_wind_plugin_node]: WindPlugin: set wind_speed=3.35 wind_direction=-63.9
[gzserver-2] [INFO] [1773186764.652833034] [gazebo_wind_plugin_node]: WindPlugin: set wind_speed=3.35 wind_direction=-63.9
[gzserver-2] [0m[1;36m[Dbg] [wind_plugin.cpp:110] [0m[1;36mWindPlugin: received command -> speed=[0m[1;36m3.35061[0m[1;36m dir=[0m[1;36m-63.8575[0m[1;36m
[gzserver-2] [0m[1;36m[Dbg] [wind_plugin.cpp:110] [0m[1;36mWindPlugin: received command -> speed=[0m[1;36m3.35061[0m[1;36m dir=[0m[1;36m-63.8575[0m[1;36m
[gzserver-2] [0m[1;36m[Dbg] [wind_plugin.cpp:110] [0m[1;36mWindPlugin: received command -> speed=[0m[1;36m3.35061[0m[1;36m dir=[0m[1;36m-63.8575[0m[1;36m
[gzserver-2] [0m[1;36m[Dbg] [wind_plugin.cpp:110] [0m[1;36mWindPlugin: received command -> speed=[0m[1;36m3.35061[0m[1;36m dir=[0m[1;36m-63.8575[0m[1;36m
[gzserver-2] Exception sending a multicast message:Network is unreachable
[gzserver-2] Exception sending a multicast message:Network is unreachable
[gzserver-2] Exception sending a multicast message:Network is unreachable
[gzserver-2] Exception sending a multicast message:Network is unreachable
[gzserver-2] Exception sending a multicast message:Network is unreachable
[gzserver-2] Exception sending a multicast message:Network is unreachable
[gzserver-2] Exception sending a multicast message:Network is unreachable
[gzserver-2] Exception sending a multicast message:Network is unreachable
[gzserver-2] Exception sending a multicast message:Network is unreachable
[gzserver-2] Exception sending a multicast message:Network is unreachable
[gzserver-2] Exception sending a multicast message:Network is unreachable
[gzserver-2] [INFO] [1773186764.893311097] [gazebo_wind_plugin_node]: WindPlugin: set wind_speed=3.66 wind_direction=-65.0
[gzserver-2] [INFO] [1773186765.132767356] [gazebo_wind_plugin_node]: WindPlugin: set wind_speed=3.66 wind_direction=-65.0
[gzserver-2] [INFO] [1773186765.366918717] [gazebo_wind_plugin_node]: WindPlugin: set wind_speed=3.66 wind_direction=-65.0
[gzserver-2] [0m[1;36m[Dbg] [wind_plugin.cpp:110] [0m[1;36mWindPlugin: received command -> speed=[0m[1;36m3.66057[0m[1;36m dir=[0m[1;36m-65.021[0m[1;36m
[gzserver-2] [0m[1;36m[Dbg] [wind_plugin.cpp:110] [0m[1;36mWindPlugin: received command -> speed=[0m[1;36m3.66057[0m[1;36m dir=[0m[1;36m-65.021[0m[1;36m
[gzserver-2] [0m[1;36m[Dbg] [wind_plugin.cpp:110] [0m[1;36mWindPlugin: received command -> speed=[0m[1;36m3.66057[0m[1;36m dir=[0m[1;36m-65.021[0m[1;36m
[gzserver-2] Exception sending a multicast message:Network is unreachable
[gzserver-2] Exception sending a multicast message:Network is unreachable
[gzserver-2] Exception sending a multicast message:Network is unreachable
[gzserver-2] Exception sending a multicast message:Network is unreachable
[gzserver-2] Exception sending a multicast message:Network is unreachable
[gzserver-2] Exception sending a multicast message:Network is unreachable
[gzserver-2] Exception sending a multicast message:Network is unreachable
[gzserver-2] Exception sending a multicast message:Network is unreachable
[gzserver-2] Exception sending a multicast message:Network is unreachable
[gzserver-2] Exception sending a multicast message:Network is unreachable
[gzserver-2] Exception sending a multicast message:Network is unreachable
[gzserver-2] Exception sending a multicast message:Network is unreachable
[gzserver-2] Exception sending a multicast message:Network is unreachable
[gzserver-2] Exception sending a multicast message:Network is unreachable
[gzserver-2] Exception sending a multicast message:Network is unreachable
[gzserver-2] Exception sending a multicast message:Network is unreachable
[gzserver-2] Exception sending a multicast message:Network is unreachable
[gzserver-2] Exception sending a multicast message:Network is unreachable
[gzserver-2] Exception sending a multicast message:Network is unreachable
[gzserver-2] Exception sending a multicast message:Network is unreachable
[gzserver-2] Exception sending a multicast message:Network is unreachable
[gzserver-2] Exception sending a multicast message:Network is unreachable
[gzserver-2] Exception sending a multicast message:Network is unreachable
[gzserver-2] Exception sending a multicast message:Network is unreachable
[gzserver-2] Exception sending a multicast message:Network is unreachable
[gzserver-2] Exception sending a multicast message:Network is unreachable
[gzserver-2] Exception sending a multicast message:Network is unreachable
[gzserver-2] Exception sending a multicast message:Network is unreachable
[gzserver-2] Exception sending a multicast message:Network is unreachable
[gzserver-2] Exception sending a multicast message:Network is unreachable
[gzserver-2] Exception sending a multicast message:Network is unreachable
[gzserver-2] Exception sending a multicast message:Network is unreachable
[gzserver-2] Exception sending a multicast message:Network is unreachable
[gzserver-2] Exception sending a multicast message:Network is unreachable
[gzserver-2] Exception sending a multicast message:Network is unreachable
[gzserver-2] Exception sending a multicast message:Network is unreachable
[gzserver-2] Exception sending a multicast message:Network is unreachable
[gzserver-2] Exception sending a multicast message:Network is unreachable
[gzserver-2] Exception sending a multicast message:Network is unreachable
[gzserver-2] Exception sending a multicast message:Network is unreachable
[gzserver-2] Exception sending a multicast message:Network is unreachable
[gzserver-2] Exception sending a multicast message:Network is unreachable
[gzserver-2] Exception sending a multicast message:Network is unreachable
[gzserver-2] Exception sending a multicast message:Network is unreachable
[gzserver-2] Exception sending a multicast message:Network is unreachable
[gzserver-2] Exception sending a multicast message:Network is unreachable
[gzserver-2] Exception sending a multicast message:Network is unreachable
[gzserver-2] Exception sending a multicast message:Network is unreachable
[gzserver-2] Exception sending a multicast message:Network is unreachable
[gzserver-2] Exception sending a multicast message:Network is unreachable
[gzserver-2] Exception sending a multicast message:Network is unreachable
[gzserver-2] Exception sending a multicast message:Network is unreachable
[gzserver-2] Exception sending a multicast message:Network is unreachable
[gzserver-2] Exception sending a multicast message:Network is unreachable
[gzserver-2] Exception sending a multicast message:Network is unreachable
