[INFO] [launch]: All log files can be found below /home/j/.ros/log/2026-03-11-07-15-01-659464-j-1642506
[INFO] [launch]: Default logging verbosity is set to INFO
[INFO] [launch.user]: [bringup] Apriltag config: camera=/drone/bottom, image=/drone/bottom/image_raw, tags=/drone/bottom/tags, bridge=/landing_tag_state, standalone=true, use_target_id=true, target_id=0
[INFO] [rviz2-1]: process started with pid [1642507]
[INFO] [gzserver-2]: process started with pid [1642509]
[INFO] [robot_state_publisher-3]: process started with pid [1642511]
[INFO] [joint_state_publisher-4]: process started with pid [1642513]
[INFO] [spawn_drone-5]: process started with pid [1642515]
[INFO] [static_transform_publisher-6]: process started with pid [1642517]
[INFO] [joy_node-7]: process started with pid [1642519]
[INFO] [teleop_joystick-8]: process started with pid [1642521]
[INFO] [apriltag_detector_node-9]: process started with pid [1642523]
[INFO] [apriltag_state_bridge-10]: process started with pid [1642525]
[static_transform_publisher-6] [WARN] [1773180902.130088899] []: Old-style arguments are deprecated; see --help for new-style arguments
[static_transform_publisher-6] [INFO] [1773180902.136228775] [static_transform_publisher_jujRd9fnV1GkkyOm]: Spinning until stopped - publishing transform
[static_transform_publisher-6] translation: ('0.000000', '0.000000', '0.000000')
[static_transform_publisher-6] rotation: ('0.000000', '0.000000', '0.000000', '1.000000')
[static_transform_publisher-6] from 'world' to '/drone/odom'
[robot_state_publisher-3] [INFO] [1773180902.151344334] [drone.robot_state_publisher]: got segment base_footprint
[robot_state_publisher-3] [INFO] [1773180902.151415373] [drone.robot_state_publisher]: got segment base_link
[robot_state_publisher-3] [INFO] [1773180902.151421254] [drone.robot_state_publisher]: got segment bottom_cam_link
[robot_state_publisher-3] [INFO] [1773180902.151424565] [drone.robot_state_publisher]: got segment front_cam_link
[robot_state_publisher-3] [INFO] [1773180902.151427276] [drone.robot_state_publisher]: got segment sonar_link
[rviz2-1] 
[rviz2-1] (rviz2:1642507): dbind-WARNING **: 07:15:02.167: Couldn't connect to accessibility bus: Failed to connect to socket /root/.cache/at-spi/bus_0: 허가 거부
[teleop_joystick-8] Traceback (most recent call last):
[teleop_joystick-8]   File "/home/j/INCSL/IICC26_ws/install/sjtu_drone_control/lib/sjtu_drone_control/teleop_joystick", line 33, in <module>
[teleop_joystick-8]     sys.exit(load_entry_point('sjtu_drone_control==0.0.0', 'console_scripts', 'teleop_joystick')())
[teleop_joystick-8]   File "/home/j/INCSL/IICC26_ws/install/sjtu_drone_control/lib/sjtu_drone_control/teleop_joystick", line 22, in importlib_load_entry_point
[teleop_joystick-8]     for entry_point in distribution(dist_name).entry_points
[teleop_joystick-8]   File "/usr/lib/python3.10/importlib/metadata/__init__.py", line 969, in distribution
[teleop_joystick-8]     return Distribution.from_name(distribution_name)
[teleop_joystick-8]   File "/usr/lib/python3.10/importlib/metadata/__init__.py", line 548, in from_name
[teleop_joystick-8]     raise PackageNotFoundError(name)
[teleop_joystick-8] importlib.metadata.PackageNotFoundError: No package metadata was found for sjtu_drone_control
[apriltag_detector_node-9] [INFO] [1773180902.184099843] [apriltag_detector_node]: tag detector type: umich
[ERROR] [teleop_joystick-8]: process has died [pid 1642521, exit code 1, cmd '/home/j/INCSL/IICC26_ws/install/sjtu_drone_control/lib/sjtu_drone_control/teleop_joystick --ros-args -r __ns:=/drone'].
[gzserver-2] Gazebo multi-robot simulator, version 11.10.2
[gzserver-2] Copyright (C) 2012 Open Source Robotics Foundation.
[gzserver-2] Released under the Apache 2 License.
[gzserver-2] http://gazebosim.org
[gzserver-2] 
[apriltag_state_bridge-10] [INFO] [1773180902.337710470] [apriltag_state_bridge]: AprilTag bridge started: /drone/bottom/tags -> /landing_tag_state, use_target_id=True, target_id=0
[joint_state_publisher-4] [INFO] [1773180902.424297286] [drone.joint_state_publisher]: Waiting for robot_description to be published on the robot_description topic...
[gzserver-2] [1;33m[Wrn] [gazebo_ros_init.cpp:178] [0m[1;33m
[gzserver-2] #     # ####### ####### ###  #####  #######
[gzserver-2] ##    # #     #    #     #  #     # #
[gzserver-2] # #   # #     #    #     #  #       #
[gzserver-2] #  #  # #     #    #     #  #       #####
[gzserver-2] #   # # #     #    #     #  #       #
[gzserver-2] #    ## #     #    #     #  #     # #
[gzserver-2] #     # #######    #    ###  #####  #######
[gzserver-2] 
[gzserver-2] This version of Gazebo, now called Gazebo classic, reaches end-of-life
[gzserver-2] in January 2025. Users are highly encouraged to migrate to the new Gazebo
[gzserver-2] using our migration guides (https://gazebosim.org/docs/latest/gazebo_classic_migration?utm_source=gazebo_ros_pkgs&utm_medium=cli)
[gzserver-2] 
[gzserver-2] [0m[1;33m
[rviz2-1] [INFO] [1773180903.017094090] [rviz2]: Stereo is NOT SUPPORTED
[rviz2-1] [INFO] [1773180903.017217726] [rviz2]: OpenGl version: 4.6 (GLSL 4.6)
[rviz2-1] [INFO] [1773180903.132507362] [rviz2]: Stereo is NOT SUPPORTED
[rviz2-1] [INFO] [1773180903.207341804] [rviz2]: Stereo is NOT SUPPORTED
[spawn_drone-5] [INFO] [1773180903.394167722] [spawn_drone]: service not available, waiting again...
[spawn_drone-5] [INFO] [1773180903.411850921] [spawn_drone]: Result False Entity pushed to spawn queue, but spawn service timed outwaiting for entity to appear in simulation under the name [/drone]
[gzserver-2] [1;32m[Msg] [0m[1;32mWaiting for master.[0m[1;32m
[gzserver-2] [0m[1;32m[0m[1;32m[0m[1;32m[Msg] [0m[1;32mConnected to gazebo master @ [0m[1;32mhttp://127.0.0.1:11345[0m[1;32m
[gzserver-2] [0m[1;32m[0m[1;32m[0m[1;32m[Msg] [0m[1;32mPublicized address: [0m[1;32m192.168.0.11[0m[1;32m
[gzserver-2] [0m[1;32m[0m[1;32m[0m[1;32m[Msg] [0m[1;32mLoading world file [[0m[1;32m/home/j/INCSL/IICC26_ws/install/sjtu_drone_description/share/sjtu_drone_description/worlds/landingPad.world[0m[1;32m][0m[1;32m
[gzserver-2] [0m[1;32m[0m[1;32m[0m[1;36m[Dbg] [wind_plugin.cpp:96] [0m[1;36mWindPlugin loaded: speed=[0m[1;36m0[0m[1;36m dir=[0m[1;36m0[0m[1;36m deg area=[0m[1;36m0.1[0m[1;36m coeff=[0m[1;36m1[0m[1;36m
[gzserver-2] [0m[1;33m[0m[1;33m[0m[1;31m[Err] [Sensor.cc:510] [0m[1;31mGet noise index not valid[0m[1;31m
[gzserver-2] [0m[1;31m[0m[1;31m[0m[1;31m[Err] [Sensor.cc:510] [0m[1;31mGet noise index not valid[0m[1;31m
[gzserver-2] [0m[1;31m[0m[1;31m[0m[1;31m[Err] [Sensor.cc:510] [0m[1;31mGet noise index not valid[0m[1;31m
[gzserver-2] [0m[1;31m[0m[1;31m[0m[1;31m[Err] [Sensor.cc:510] [0m[1;31mGet noise index not valid[0m[1;31m
[gzserver-2] [0m[1;31m[0m[1;31m[0m[1;31m[Err] [Sensor.cc:510] [0m[1;31mGet noise index not valid[0m[1;31m
[gzserver-2] [0m[1;31m[0m[1;31m[0m[1;31m[Err] [Sensor.cc:510] [0m[1;31mGet noise index not valid[0m[1;31m
[gzserver-2] [0m[1;31m[0m[1;31m[0mTopic [default//drone/base_footprint/down_camera/image] is not valid.
[gzserver-2] [INFO] [1773180903.456462630] [drone.collision_plugin]: Publishing contact states to [/drone/bumper_states]
[gzserver-2] Topic [default//drone/base_footprint/front_camera/image] is not valid.
[gzserver-2] [1;33m[Wrn] [Event.cc:61] [0m[1;33mWarning: Deleting a connection right after creation. [0m[1;33mMake sure to save the ConnectionPtr from a Connect call
[INFO] [spawn_drone-5]: process has finished cleanly [pid 1642515]
[gzserver-2] [0m[INFO] [1773180904.215838246] [drone.camera_bottom]: Publishing camera info to [/drone/bottom/camera_info]
[gzserver-2] [INFO] [1773180904.218659683] [drone.camera_front]: Publishing camera info to [/drone/front/camera_info]
[gzserver-2] [INFO] [1773180904.340515358] [drone.simple_drone]: The drone plugin is loading!
[gzserver-2] [INFO] [1773180904.340714885] [drone.simple_drone]: pub_odom: 1
[gzserver-2] [INFO] [1773180904.340748140] [drone.simple_drone]: Using following parameters: 
[gzserver-2] 		link_name: base_footprint,
[gzserver-2] 		max_force: 30,
[gzserver-2] 		motion_small_noise: 0,
[gzserver-2] 		motion_drift_noise: 0,
[gzserver-2] 		motion_drift_noise_time: 50,
[gzserver-2] 		takeoff_hover_height: 1.86,
[gzserver-2] 		takeoff_vertical_speed: 0.2
[gzserver-2] [INFO] [1773180904.352129150] [drone.simple_drone]: Using the PID parameters: 
[gzserver-2] 	Roll Pitch:
[gzserver-2] 		kP: 10, kI: 0,kD: 5, Limit: 0.5, Time Constant: 0
[gzserver-2] 	Yaw:
[gzserver-2] 		kP: 2, kI: 0,kD: 1, Limit: 1.5, Time Constant: 0
[gzserver-2] 	Velocity X:
[gzserver-2] 		kP: 5, kI: 0,kD: 2.3, Limit: 2, Time Constant: 0
[gzserver-2] 	Velocity Y:
[gzserver-2] 		kP: 5, kI: 0,kD: 2.3, Limit: 2, Time Constant: 0
[gzserver-2] 	Velocity Z:
[gzserver-2] 		kP: 5, kI: 0,kD: 1, Limit: -1, Time Constant: 0
[gzserver-2] 	Position XY:
[gzserver-2] 		kP: 1.1, kI: 0,kD: 0, Limit: 5, Time Constant: 0
[gzserver-2] 	Position Z:
[gzserver-2] 		kP: 1, kI: 0,kD: 0.2, Limit: -1, Time Constant: 0
[gzserver-2] [INFO] [1773180904.352265878] [drone.simple_drone]: The drone plugin finished loading!
[gzserver-2] [INFO] [1773180911.510210413] [gazebo_wind_plugin_node]: WindPlugin: set wind_speed=0.00 wind_direction=0.0
[gzserver-2] [INFO] [1773180911.782196029] [gazebo_wind_plugin_node]: WindPlugin: set wind_speed=0.00 wind_direction=0.0
[gzserver-2] [INFO] [1773180911.821174152] [drone.simple_drone]: Quadrotor takes off!!
[gzserver-2] [INFO] [1773180912.022059718] [gazebo_wind_plugin_node]: WindPlugin: set wind_speed=0.00 wind_direction=0.0
[gzserver-2] [INFO] [1773180912.256463368] [gazebo_wind_plugin_node]: WindPlugin: set wind_speed=0.00 wind_direction=0.0
[gzserver-2] [INFO] [1773180912.496157670] [gazebo_wind_plugin_node]: WindPlugin: set wind_speed=0.00 wind_direction=0.0
[gzserver-2] [INFO] [1773180912.735936367] [gazebo_wind_plugin_node]: WindPlugin: set wind_speed=0.00 wind_direction=0.0
[gzserver-2] [INFO] [1773180912.975156576] [gazebo_wind_plugin_node]: WindPlugin: set wind_speed=0.00 wind_direction=0.0
[gzserver-2] [INFO] [1773180913.204039703] [gazebo_wind_plugin_node]: WindPlugin: set wind_speed=0.00 wind_direction=0.0
[gzserver-2] [0m[1;36m[Dbg] [wind_plugin.cpp:110] [0m[1;36mWindPlugin: received command -> speed=[0m[1;36m0[0m[1;36m dir=[0m[1;36m0[0m[1;36m
[gzserver-2] [0m[1;36m[Dbg] [wind_plugin.cpp:110] [0m[1;36mWindPlugin: received command -> speed=[0m[1;36m0[0m[1;36m dir=[0m[1;36m0[0m[1;36m
[gzserver-2] [0m[1;36m[Dbg] [wind_plugin.cpp:110] [0m[1;36mWindPlugin: received command -> speed=[0m[1;36m0[0m[1;36m dir=[0m[1;36m0[0m[1;36m
[gzserver-2] [0m[1;36m[Dbg] [wind_plugin.cpp:110] [0m[1;36mWindPlugin: received command -> speed=[0m[1;36m0[0m[1;36m dir=[0m[1;36m0[0m[1;36m
[gzserver-2] [0m[1;36m[Dbg] [wind_plugin.cpp:110] [0m[1;36mWindPlugin: received command -> speed=[0m[1;36m0[0m[1;36m dir=[0m[1;36m0[0m[1;36m
[gzserver-2] [0m[1;36m[Dbg] [wind_plugin.cpp:110] [0m[1;36mWindPlugin: received command -> speed=[0m[1;36m0[0m[1;36m dir=[0m[1;36m0[0m[1;36m
[gzserver-2] [0m[1;36m[Dbg] [wind_plugin.cpp:110] [0m[1;36mWindPlugin: received command -> speed=[0m[1;36m0[0m[1;36m dir=[0m[1;36m0[0m[1;36m
[gzserver-2] [0m[1;36m[Dbg] [wind_plugin.cpp:110] [0m[1;36mWindPlugin: received command -> speed=[0m[1;36m0[0m[1;36m dir=[0m[1;36m0[0m[1;36m
[gzserver-2] [0mEntering flying model!
[gzserver-2] [INFO] [1773180913.443311788] [gazebo_wind_plugin_node]: WindPlugin: set wind_speed=0.00 wind_direction=0.0
[gzserver-2] [INFO] [1773180913.684926842] [gazebo_wind_plugin_node]: WindPlugin: set wind_speed=0.72 wind_direction=163.0
[gzserver-2] [INFO] [1773180913.926722426] [gazebo_wind_plugin_node]: WindPlugin: set wind_speed=0.72 wind_direction=163.0
[gzserver-2] [INFO] [1773180914.166269618] [gazebo_wind_plugin_node]: WindPlugin: set wind_speed=0.75 wind_direction=165.5
[gzserver-2] [INFO] [1773180914.405699452] [gazebo_wind_plugin_node]: WindPlugin: set wind_speed=0.75 wind_direction=165.5
[gzserver-2] [INFO] [1773180914.640026876] [gazebo_wind_plugin_node]: WindPlugin: set wind_speed=0.75 wind_direction=165.5
[gzserver-2] [INFO] [1773180914.873945413] [gazebo_wind_plugin_node]: WindPlugin: set wind_speed=0.75 wind_direction=165.5
[gzserver-2] [INFO] [1773180915.107934397] [gazebo_wind_plugin_node]: WindPlugin: set wind_speed=0.71 wind_direction=165.3
[gzserver-2] [INFO] [1773180915.346987208] [gazebo_wind_plugin_node]: WindPlugin: set wind_speed=0.71 wind_direction=165.3
[gzserver-2] [INFO] [1773180915.586276995] [gazebo_wind_plugin_node]: WindPlugin: set wind_speed=0.71 wind_direction=165.3
[gzserver-2] [INFO] [1773180915.825817181] [gazebo_wind_plugin_node]: WindPlugin: set wind_speed=0.71 wind_direction=165.3
[gzserver-2] [INFO] [1773180916.065372387] [gazebo_wind_plugin_node]: WindPlugin: set wind_speed=0.77 wind_direction=166.3
[gzserver-2] [INFO] [1773180916.305524462] [gazebo_wind_plugin_node]: WindPlugin: set wind_speed=0.77 wind_direction=166.3
[gzserver-2] [INFO] [1773180916.540026725] [gazebo_wind_plugin_node]: WindPlugin: set wind_speed=0.77 wind_direction=166.3
[gzserver-2] [INFO] [1773180916.774366131] [gazebo_wind_plugin_node]: WindPlugin: set wind_speed=0.77 wind_direction=166.3
[gzserver-2] [INFO] [1773180916.812857548] [drone.simple_drone]: Quadrotor lands!!
[gzserver-2] [INFO] [1773180917.014229229] [gazebo_wind_plugin_node]: WindPlugin: set wind_speed=0.84 wind_direction=168.1
[gzserver-2] [INFO] [1773180917.249738040] [gazebo_wind_plugin_node]: WindPlugin: set wind_speed=0.84 wind_direction=168.1
[gzserver-2] [INFO] [1773180917.489645524] [gazebo_wind_plugin_node]: WindPlugin: set wind_speed=0.84 wind_direction=168.1
[gzserver-2] [INFO] [1773180917.719238256] [gazebo_wind_plugin_node]: WindPlugin: set wind_speed=0.84 wind_direction=168.1
[gzserver-2] [1;36m[Dbg] [wind_plugin.cpp:110] [0m[1;36mWindPlugin: received command -> speed=[0m[1;36m0[0m[1;36m dir=[0m[1;36m0[0m[1;36m
[gzserver-2] [0m[1;36m[Dbg] [wind_plugin.cpp:110] [0m[1;36mWindPlugin: received command -> speed=[0m[1;36m0.71987[0m[1;36m dir=[0m[1;36m163.026[0m[1;36m
[gzserver-2] [0m[1;36m[Dbg] [wind_plugin.cpp:110] [0m[1;36mWindPlugin: received command -> speed=[0m[1;36m0.71987[0m[1;36m dir=[0m[1;36m163.026[0m[1;36m
[gzserver-2] [0m[1;36m[Dbg] [wind_plugin.cpp:110] [0m[1;36mWindPlugin: received command -> speed=[0m[1;36m0.746292[0m[1;36m dir=[0m[1;36m165.519[0m[1;36m
[gzserver-2] [0m[1;36m[Dbg] [wind_plugin.cpp:110] [0m[1;36mWindPlugin: received command -> speed=[0m[1;36m0.746292[0m[1;36m dir=[0m[1;36m165.519[0m[1;36m
[gzserver-2] [0m[1;36m[Dbg] [wind_plugin.cpp:110] [0m[1;36mWindPlugin: received command -> speed=[0m[1;36m0.746292[0m[1;36m dir=[0m[1;36m165.519[0m[1;36m
[gzserver-2] [0m[1;36m[Dbg] [wind_plugin.cpp:110] [0m[1;36mWindPlugin: received command -> speed=[0m[1;36m0.746292[0m[1;36m dir=[0m[1;36m165.519[0m[1;36m
[gzserver-2] [0m[1;36m[Dbg] [wind_plugin.cpp:110] [0m[1;36mWindPlugin: received command -> speed=[0m[1;36m0.714455[0m[1;36m dir=[0m[1;36m165.311[0m[1;36m
[gzserver-2] [0m[1;36m[Dbg] [wind_plugin.cpp:110] [0m[1;36mWindPlugin: received command -> speed=[0m[1;36m0.714455[0m[1;36m dir=[0m[1;36m165.311[0m[1;36m
[gzserver-2] [0m[1;36m[Dbg] [wind_plugin.cpp:110] [0m[1;36mWindPlugin: received command -> speed=[0m[1;36m0.714455[0m[1;36m dir=[0m[1;36m165.311[0m[1;36m
[gzserver-2] [0m[1;36m[Dbg] [wind_plugin.cpp:110] [0m[1;36mWindPlugin: received command -> speed=[0m[1;36m0.714455[0m[1;36m dir=[0m[1;36m165.311[0m[1;36m
[gzserver-2] [0m[1;36m[Dbg] [wind_plugin.cpp:110] [0m[1;36mWindPlugin: received command -> speed=[0m[1;36m0.771083[0m[1;36m dir=[0m[1;36m166.301[0m[1;36m
[gzserver-2] [0m[1;36m[Dbg] [wind_plugin.cpp:110] [0m[1;36mWindPlugin: received command -> speed=[0m[1;36m0.771083[0m[1;36m dir=[0m[1;36m166.301[0m[1;36m
[gzserver-2] [0m[1;36m[Dbg] [wind_plugin.cpp:110] [0m[1;36mWindPlugin: received command -> speed=[0m[1;36m0.771083[0m[1;36m dir=[0m[1;36m166.301[0m[1;36m
[gzserver-2] [0m[1;36m[Dbg] [wind_plugin.cpp:110] [0m[1;36mWindPlugin: received command -> speed=[0m[1;36m0.771083[0m[1;36m dir=[0m[1;36m166.301[0m[1;36m
[gzserver-2] [0m[1;36m[Dbg] [wind_plugin.cpp:110] [0m[1;36mWindPlugin: received command -> speed=[0m[1;36m0.843361[0m[1;36m dir=[0m[1;36m168.108[0m[1;36m
[gzserver-2] [0m[1;36m[Dbg] [wind_plugin.cpp:110] [0m[1;36mWindPlugin: received command -> speed=[0m[1;36m0.843361[0m[1;36m dir=[0m[1;36m168.108[0m[1;36m
[gzserver-2] [0m[1;36m[Dbg] [wind_plugin.cpp:110] [0m[1;36mWindPlugin: received command -> speed=[0m[1;36m0.843361[0m[1;36m dir=[0m[1;36m168.108[0m[1;36m
[gzserver-2] [0m[1;36m[Dbg] [wind_plugin.cpp:110] [0m[1;36mWindPlugin: received command -> speed=[0m[1;36m0.843361[0m[1;36m dir=[0m[1;36m168.108[0m[1;36m
[gzserver-2] [0mLanded!
[gzserver-2] [INFO] [1773180917.954033667] [gazebo_wind_plugin_node]: WindPlugin: set wind_speed=0.84 wind_direction=168.1
[gzserver-2] [INFO] [1773180918.193412171] [gazebo_wind_plugin_node]: WindPlugin: set wind_speed=0.80 wind_direction=166.0
[gzserver-2] [INFO] [1773180918.433133241] [gazebo_wind_plugin_node]: WindPlugin: set wind_speed=0.80 wind_direction=166.0
[gzserver-2] [INFO] [1773180918.667824995] [gazebo_wind_plugin_node]: WindPlugin: set wind_speed=0.80 wind_direction=166.0
[gzserver-2] [INFO] [1773180918.907246832] [gazebo_wind_plugin_node]: WindPlugin: set wind_speed=0.80 wind_direction=166.0
[gzserver-2] [INFO] [1773180919.149548134] [gazebo_wind_plugin_node]: WindPlugin: set wind_speed=0.67 wind_direction=167.0
[gzserver-2] [INFO] [1773180919.388870217] [gazebo_wind_plugin_node]: WindPlugin: set wind_speed=0.67 wind_direction=167.0
[gzserver-2] [INFO] [1773180919.625460572] [gazebo_wind_plugin_node]: WindPlugin: set wind_speed=0.67 wind_direction=167.0
