[INFO] [launch]: All log files can be found below /home/j/.ros/log/2026-03-10-18-07-24-160051-j-3927543
[INFO] [launch]: Default logging verbosity is set to INFO
[INFO] [launch.user]: [bringup] Apriltag config: camera=/drone/bottom, image=/drone/bottom/image_raw, tags=/drone/bottom/tags, bridge=/landing_tag_state, standalone=true, use_target_id=true, target_id=0
[INFO] [rviz2-1]: process started with pid [3927555]
[INFO] [gzserver-2]: process started with pid [3927557]
[INFO] [robot_state_publisher-3]: process started with pid [3927559]
[INFO] [joint_state_publisher-4]: process started with pid [3927561]
[INFO] [spawn_drone-5]: process started with pid [3927563]
[INFO] [static_transform_publisher-6]: process started with pid [3927565]
[INFO] [joy_node-7]: process started with pid [3927567]
[INFO] [teleop_joystick-8]: process started with pid [3927569]
[INFO] [apriltag_detector_node-9]: process started with pid [3927571]
[INFO] [apriltag_state_bridge-10]: process started with pid [3927574]
[static_transform_publisher-6] [WARN] [1773133644.629173523] []: Old-style arguments are deprecated; see --help for new-style arguments
[static_transform_publisher-6] [INFO] [1773133644.634796677] [static_transform_publisher_6kE93y70GTeEMJOm]: Spinning until stopped - publishing transform
[static_transform_publisher-6] translation: ('0.000000', '0.000000', '0.000000')
[static_transform_publisher-6] rotation: ('0.000000', '0.000000', '0.000000', '1.000000')
[static_transform_publisher-6] from 'world' to '/drone/odom'
[robot_state_publisher-3] [INFO] [1773133644.658483004] [drone.robot_state_publisher]: got segment base_footprint
[robot_state_publisher-3] [INFO] [1773133644.658543018] [drone.robot_state_publisher]: got segment base_link
[robot_state_publisher-3] [INFO] [1773133644.658548741] [drone.robot_state_publisher]: got segment bottom_cam_link
[robot_state_publisher-3] [INFO] [1773133644.658552073] [drone.robot_state_publisher]: got segment front_cam_link
[robot_state_publisher-3] [INFO] [1773133644.658554901] [drone.robot_state_publisher]: got segment sonar_link
[rviz2-1] 
[rviz2-1] (rviz2:3927555): dbind-WARNING **: 18:07:24.661: Couldn't connect to accessibility bus: Failed to connect to socket /root/.cache/at-spi/bus_0: 허가 거부
[apriltag_detector_node-9] [INFO] [1773133644.662308648] [apriltag_detector_node]: tag detector type: umich
[teleop_joystick-8] Traceback (most recent call last):
[teleop_joystick-8]   File "/home/j/INCSL/IICC26_ws/install/sjtu_drone_control/lib/sjtu_drone_control/teleop_joystick", line 33, in <module>
[teleop_joystick-8]     sys.exit(load_entry_point('sjtu_drone_control==0.0.0', 'console_scripts', 'teleop_joystick')())
[teleop_joystick-8]   File "/home/j/INCSL/IICC26_ws/install/sjtu_drone_control/lib/sjtu_drone_control/teleop_joystick", line 22, in importlib_load_entry_point
[teleop_joystick-8]     for entry_point in distribution(dist_name).entry_points
[teleop_joystick-8]   File "/usr/lib/python3.10/importlib/metadata/__init__.py", line 969, in distribution
[teleop_joystick-8]     return Distribution.from_name(distribution_name)
[teleop_joystick-8]   File "/usr/lib/python3.10/importlib/metadata/__init__.py", line 548, in from_name
[teleop_joystick-8]     raise PackageNotFoundError(name)
[teleop_joystick-8] importlib.metadata.PackageNotFoundError: No package metadata was found for sjtu_drone_control
[ERROR] [teleop_joystick-8]: process has died [pid 3927569, exit code 1, cmd '/home/j/INCSL/IICC26_ws/install/sjtu_drone_control/lib/sjtu_drone_control/teleop_joystick --ros-args -r __ns:=/drone'].
[gzserver-2] Gazebo multi-robot simulator, version 11.10.2
[gzserver-2] Copyright (C) 2012 Open Source Robotics Foundation.
[gzserver-2] Released under the Apache 2 License.
[gzserver-2] http://gazebosim.org
[gzserver-2] 
[apriltag_state_bridge-10] [INFO] [1773133644.897488686] [apriltag_state_bridge]: AprilTag bridge started: /drone/bottom/tags -> /landing_tag_state, use_target_id=True, target_id=0
[joint_state_publisher-4] [INFO] [1773133644.926351340] [drone.joint_state_publisher]: Waiting for robot_description to be published on the robot_description topic...
[gzserver-2] [1;33m[Wrn] [gazebo_ros_init.cpp:178] [0m[1;33m
[gzserver-2] #     # ####### ####### ###  #####  #######
[gzserver-2] ##    # #     #    #     #  #     # #
[gzserver-2] # #   # #     #    #     #  #       #
[gzserver-2] #  #  # #     #    #     #  #       #####
[gzserver-2] #   # # #     #    #     #  #       #
[gzserver-2] #    ## #     #    #     #  #     # #
[gzserver-2] #     # #######    #    ###  #####  #######
[gzserver-2] 
[gzserver-2] This version of Gazebo, now called Gazebo classic, reaches end-of-life
[gzserver-2] in January 2025. Users are highly encouraged to migrate to the new Gazebo
[gzserver-2] using our migration guides (https://gazebosim.org/docs/latest/gazebo_classic_migration?utm_source=gazebo_ros_pkgs&utm_medium=cli)
[gzserver-2] 
[gzserver-2] [0m[1;33m
[rviz2-1] [INFO] [1773133645.529707184] [rviz2]: Stereo is NOT SUPPORTED
[rviz2-1] [INFO] [1773133645.529831811] [rviz2]: OpenGl version: 4.6 (GLSL 4.6)
[rviz2-1] [INFO] [1773133645.653071232] [rviz2]: Stereo is NOT SUPPORTED
[rviz2-1] [INFO] [1773133645.728700734] [rviz2]: Stereo is NOT SUPPORTED
[spawn_drone-5] [INFO] [1773133645.899910935] [spawn_drone]: service not available, waiting again...
[spawn_drone-5] [INFO] [1773133645.914203285] [spawn_drone]: Result False Entity pushed to spawn queue, but spawn service timed outwaiting for entity to appear in simulation under the name [/drone]
[gzserver-2] [1;32m[Msg] [0m[1;32mWaiting for master.[0m[1;32m
[gzserver-2] [0m[1;32m[0m[1;32m[0m[1;32m[Msg] [0m[1;32mConnected to gazebo master @ [0m[1;32mhttp://127.0.0.1:11345[0m[1;32m
[gzserver-2] [0m[1;32m[0m[1;32m[0m[1;32m[Msg] [0m[1;32mPublicized address: [0m[1;32m172.16.52.147[0m[1;32m
[gzserver-2] [0m[1;32m[0m[1;32m[0m[1;32m[Msg] [0m[1;32mLoading world file [[0m[1;32m/home/j/INCSL/IICC26_ws/install/sjtu_drone_description/share/sjtu_drone_description/worlds/landingPad.world[0m[1;32m][0m[1;32m
[gzserver-2] [0m[1;32m[0m[1;32m[0m[1;36m[Dbg] [wind_plugin.cpp:96] [0m[1;36mWindPlugin loaded: speed=[0m[1;36m0[0m[1;36m dir=[0m[1;36m0[0m[1;36m deg area=[0m[1;36m0.1[0m[1;36m coeff=[0m[1;36m1[0m[1;36m
[gzserver-2] [0m[1;33m[0m[1;33m[0m[1;31m[Err] [Sensor.cc:510] [0m[1;31mGet noise index not valid[0m[1;31m
[gzserver-2] [0m[1;31m[0m[1;31m[0m[1;31m[Err] [Sensor.cc:510] [0m[1;31mGet noise index not valid[0m[1;31m
[gzserver-2] [0m[1;31m[0m[1;31m[0m[1;31m[Err] [Sensor.cc:510] [0m[1;31mGet noise index not valid[0m[1;31m
[gzserver-2] [0m[1;31m[0m[1;31m[0m[1;31m[Err] [Sensor.cc:510] [0m[1;31mGet noise index not valid[0m[1;31m
[gzserver-2] [0m[1;31m[0m[1;31m[0m[1;31m[Err] [Sensor.cc:510] [0m[1;31mGet noise index not valid[0m[1;31m
[gzserver-2] [0m[1;31m[0m[1;31m[0m[1;31m[Err] [Sensor.cc:510] [0m[1;31mGet noise index not valid[0m[1;31m
[gzserver-2] [0m[1;31m[0m[1;31m[0mTopic [default//drone/base_footprint/down_camera/image] is not valid.
[gzserver-2] [INFO] [1773133645.974736387] [drone.collision_plugin]: Publishing contact states to [/drone/bumper_states]
[gzserver-2] Topic [default//drone/base_footprint/front_camera/image] is not valid.
[gzserver-2] [1;33m[Wrn] [Event.cc:61] [0m[1;33mWarning: Deleting a connection right after creation. [0m[1;33mMake sure to save the ConnectionPtr from a Connect call
[INFO] [spawn_drone-5]: process has finished cleanly [pid 3927563]
[gzserver-2] [0m[INFO] [1773133646.735220649] [drone.camera_bottom]: Publishing camera info to [/drone/bottom/camera_info]
[gzserver-2] [INFO] [1773133646.738039699] [drone.camera_front]: Publishing camera info to [/drone/front/camera_info]
[gzserver-2] [INFO] [1773133646.859602275] [drone.simple_drone]: The drone plugin is loading!
[gzserver-2] [INFO] [1773133646.859805730] [drone.simple_drone]: pub_odom: 1
[gzserver-2] [INFO] [1773133646.859840237] [drone.simple_drone]: Using following parameters: 
[gzserver-2] 		link_name: base_footprint,
[gzserver-2] 		max_force: 30,
[gzserver-2] 		motion_small_noise: 0,
[gzserver-2] 		motion_drift_noise: 0,
[gzserver-2] 		motion_drift_noise_time: 50,
[gzserver-2] 		takeoff_hover_height: 2.41,
[gzserver-2] 		takeoff_vertical_speed: 0.2
[gzserver-2] [INFO] [1773133646.871850367] [drone.simple_drone]: Using the PID parameters: 
[gzserver-2] 	Roll Pitch:
[gzserver-2] 		kP: 10, kI: 0,kD: 5, Limit: 0.5, Time Constant: 0
[gzserver-2] 	Yaw:
[gzserver-2] 		kP: 2, kI: 0,kD: 1, Limit: 1.5, Time Constant: 0
[gzserver-2] 	Velocity X:
[gzserver-2] 		kP: 5, kI: 0,kD: 2.3, Limit: 2, Time Constant: 0
[gzserver-2] 	Velocity Y:
[gzserver-2] 		kP: 5, kI: 0,kD: 2.3, Limit: 2, Time Constant: 0
[gzserver-2] 	Velocity Z:
[gzserver-2] 		kP: 5, kI: 0,kD: 1, Limit: -1, Time Constant: 0
[gzserver-2] 	Position XY:
[gzserver-2] 		kP: 1.1, kI: 0,kD: 0, Limit: 5, Time Constant: 0
[gzserver-2] 	Position Z:
[gzserver-2] 		kP: 1, kI: 0,kD: 0.2, Limit: -1, Time Constant: 0
[gzserver-2] [INFO] [1773133646.871977478] [drone.simple_drone]: The drone plugin finished loading!
[gzserver-2] [INFO] [1773133654.012377694] [gazebo_wind_plugin_node]: WindPlugin: set wind_speed=0.00 wind_direction=0.0
[gzserver-2] [INFO] [1773133654.284742267] [gazebo_wind_plugin_node]: WindPlugin: set wind_speed=0.00 wind_direction=0.0
[gzserver-2] [INFO] [1773133654.319232909] [drone.simple_drone]: Quadrotor takes off!!
[gzserver-2] [INFO] [1773133654.526262507] [gazebo_wind_plugin_node]: WindPlugin: set wind_speed=0.00 wind_direction=0.0
[gzserver-2] [INFO] [1773133654.765831828] [gazebo_wind_plugin_node]: WindPlugin: set wind_speed=0.00 wind_direction=0.0
[gzserver-2] [INFO] [1773133654.999808405] [gazebo_wind_plugin_node]: WindPlugin: set wind_speed=0.00 wind_direction=0.0
[gzserver-2] [INFO] [1773133655.239036658] [gazebo_wind_plugin_node]: WindPlugin: set wind_speed=0.00 wind_direction=0.0
[gzserver-2] [INFO] [1773133655.478423331] [gazebo_wind_plugin_node]: WindPlugin: set wind_speed=0.00 wind_direction=0.0
[gzserver-2] [INFO] [1773133655.720524518] [gazebo_wind_plugin_node]: WindPlugin: set wind_speed=0.00 wind_direction=0.0
[gzserver-2] [INFO] [1773133655.959735548] [gazebo_wind_plugin_node]: WindPlugin: set wind_speed=0.00 wind_direction=0.0
[gzserver-2] [0m[1;36m[Dbg] [wind_plugin.cpp:110] [0m[1;36mWindPlugin: received command -> speed=[0m[1;36m0[0m[1;36m dir=[0m[1;36m0[0m[1;36m
[gzserver-2] [0m[1;36m[Dbg] [wind_plugin.cpp:110] [0m[1;36mWindPlugin: received command -> speed=[0m[1;36m0[0m[1;36m dir=[0m[1;36m0[0m[1;36m
[gzserver-2] [0m[1;36m[Dbg] [wind_plugin.cpp:110] [0m[1;36mWindPlugin: received command -> speed=[0m[1;36m0[0m[1;36m dir=[0m[1;36m0[0m[1;36m
[gzserver-2] [0m[1;36m[Dbg] [wind_plugin.cpp:110] [0m[1;36mWindPlugin: received command -> speed=[0m[1;36m0[0m[1;36m dir=[0m[1;36m0[0m[1;36m
[gzserver-2] [0m[1;36m[Dbg] [wind_plugin.cpp:110] [0m[1;36mWindPlugin: received command -> speed=[0m[1;36m0[0m[1;36m dir=[0m[1;36m0[0m[1;36m
[gzserver-2] [0m[1;36m[Dbg] [wind_plugin.cpp:110] [0m[1;36mWindPlugin: received command -> speed=[0m[1;36m0[0m[1;36m dir=[0m[1;36m0[0m[1;36m
[gzserver-2] [0m[1;36m[Dbg] [wind_plugin.cpp:110] [0m[1;36mWindPlugin: received command -> speed=[0m[1;36m0[0m[1;36m dir=[0m[1;36m0[0m[1;36m
[gzserver-2] [0m[1;36m[Dbg] [wind_plugin.cpp:110] [0m[1;36mWindPlugin: received command -> speed=[0m[1;36m0[0m[1;36m dir=[0m[1;36m0[0m[1;36m
[gzserver-2] [0m[1;36m[Dbg] [wind_plugin.cpp:110] [0m[1;36mWindPlugin: received command -> speed=[0m[1;36m0[0m[1;36m dir=[0m[1;36m0[0m[1;36m
[gzserver-2] [0mEntering flying model!
[gzserver-2] [INFO] [1773133656.193839242] [gazebo_wind_plugin_node]: WindPlugin: set wind_speed=0.00 wind_direction=0.0
[gzserver-2] [INFO] [1773133656.433419730] [gazebo_wind_plugin_node]: WindPlugin: set wind_speed=0.88 wind_direction=-71.4
[gzserver-2] [INFO] [1773133656.668054329] [gazebo_wind_plugin_node]: WindPlugin: set wind_speed=0.78 wind_direction=-71.9
[gzserver-2] [INFO] [1773133656.907450382] [gazebo_wind_plugin_node]: WindPlugin: set wind_speed=0.78 wind_direction=-71.9
[gzserver-2] [INFO] [1773133657.146768532] [gazebo_wind_plugin_node]: WindPlugin: set wind_speed=0.78 wind_direction=-71.9
[gzserver-2] [INFO] [1773133657.386282023] [gazebo_wind_plugin_node]: WindPlugin: set wind_speed=0.78 wind_direction=-71.9
[gzserver-2] [INFO] [1773133657.622776874] [gazebo_wind_plugin_node]: WindPlugin: set wind_speed=0.77 wind_direction=-72.8
[gzserver-2] [INFO] [1773133657.861973211] [gazebo_wind_plugin_node]: WindPlugin: set wind_speed=0.77 wind_direction=-72.8
[gzserver-2] [INFO] [1773133658.101951189] [gazebo_wind_plugin_node]: WindPlugin: set wind_speed=0.77 wind_direction=-72.8
[gzserver-2] [INFO] [1773133658.341719463] [gazebo_wind_plugin_node]: WindPlugin: set wind_speed=0.77 wind_direction=-72.8
[gzserver-2] [INFO] [1773133658.571262510] [gazebo_wind_plugin_node]: WindPlugin: set wind_speed=0.68 wind_direction=-74.5
[gzserver-2] [INFO] [1773133658.805858518] [gazebo_wind_plugin_node]: WindPlugin: set wind_speed=0.68 wind_direction=-74.5
[gzserver-2] [INFO] [1773133659.045438694] [gazebo_wind_plugin_node]: WindPlugin: set wind_speed=0.68 wind_direction=-74.5
[gzserver-2] [INFO] [1773133659.284825307] [gazebo_wind_plugin_node]: WindPlugin: set wind_speed=0.68 wind_direction=-74.5
[gzserver-2] [INFO] [1773133659.524535043] [gazebo_wind_plugin_node]: WindPlugin: set wind_speed=0.68 wind_direction=-74.0
[gzserver-2] [INFO] [1773133659.766164904] [gazebo_wind_plugin_node]: WindPlugin: set wind_speed=0.68 wind_direction=-74.0
[gzserver-2] [INFO] [1773133659.798663974] [drone.simple_drone]: Quadrotor lands!!
[gzserver-2] [INFO] [1773133660.000094782] [gazebo_wind_plugin_node]: WindPlugin: set wind_speed=0.68 wind_direction=-74.0
[gzserver-2] [INFO] [1773133660.234281324] [gazebo_wind_plugin_node]: WindPlugin: set wind_speed=0.68 wind_direction=-74.0
[gzserver-2] [INFO] [1773133660.473509095] [gazebo_wind_plugin_node]: WindPlugin: set wind_speed=0.68 wind_direction=-74.0
[gzserver-2] [INFO] [1773133660.713256972] [gazebo_wind_plugin_node]: WindPlugin: set wind_speed=0.68 wind_direction=-71.0
[gzserver-2] [1;36m[Dbg] [wind_plugin.cpp:110] [0m[1;36mWindPlugin: received command -> speed=[0m[1;36m0[0m[1;36m dir=[0m[1;36m0[0m[1;36m
[gzserver-2] [0m[1;36m[Dbg] [wind_plugin.cpp:110] [0m[1;36mWindPlugin: received command -> speed=[0m[1;36m0.879776[0m[1;36m dir=[0m[1;36m-71.4083[0m[1;36m
[gzserver-2] [0m[1;36m[Dbg] [wind_plugin.cpp:110] [0m[1;36mWindPlugin: received command -> speed=[0m[1;36m0.784097[0m[1;36m dir=[0m[1;36m-71.9297[0m[1;36m
[gzserver-2] [0m[1;36m[Dbg] [wind_plugin.cpp:110] [0m[1;36mWindPlugin: received command -> speed=[0m[1;36m0.784097[0m[1;36m dir=[0m[1;36m-71.9297[0m[1;36m
[gzserver-2] [0m[1;36m[Dbg] [wind_plugin.cpp:110] [0m[1;36mWindPlugin: received command -> speed=[0m[1;36m0.784097[0m[1;36m dir=[0m[1;36m-71.9297[0m[1;36m
[gzserver-2] [0m[1;36m[Dbg] [wind_plugin.cpp:110] [0m[1;36mWindPlugin: received command -> speed=[0m[1;36m0.784097[0m[1;36m dir=[0m[1;36m-71.9297[0m[1;36m
[gzserver-2] [0m[1;36m[Dbg] [wind_plugin.cpp:110] [0m[1;36mWindPlugin: received command -> speed=[0m[1;36m0.77221[0m[1;36m dir=[0m[1;36m-72.7762[0m[1;36m
[gzserver-2] [0m[1;36m[Dbg] [wind_plugin.cpp:110] [0m[1;36mWindPlugin: received command -> speed=[0m[1;36m0.77221[0m[1;36m dir=[0m[1;36m-72.7762[0m[1;36m
[gzserver-2] [0m[1;36m[Dbg] [wind_plugin.cpp:110] [0m[1;36mWindPlugin: received command -> speed=[0m[1;36m0.77221[0m[1;36m dir=[0m[1;36m-72.7762[0m[1;36m
[gzserver-2] [0m[1;36m[Dbg] [wind_plugin.cpp:110] [0m[1;36mWindPlugin: received command -> speed=[0m[1;36m0.77221[0m[1;36m dir=[0m[1;36m-72.7762[0m[1;36m
[gzserver-2] [0m[1;36m[Dbg] [wind_plugin.cpp:110] [0m[1;36mWindPlugin: received command -> speed=[0m[1;36m0.683233[0m[1;36m dir=[0m[1;36m-74.5334[0m[1;36m
[gzserver-2] [0m[1;36m[Dbg] [wind_plugin.cpp:110] [0m[1;36mWindPlugin: received command -> speed=[0m[1;36m0.683233[0m[1;36m dir=[0m[1;36m-74.5334[0m[1;36m
[gzserver-2] [0m[1;36m[Dbg] [wind_plugin.cpp:110] [0m[1;36mWindPlugin: received command -> speed=[0m[1;36m0.683233[0m[1;36m dir=[0m[1;36m-74.5334[0m[1;36m
[gzserver-2] [0m[1;36m[Dbg] [wind_plugin.cpp:110] [0m[1;36mWindPlugin: received command -> speed=[0m[1;36m0.683233[0m[1;36m dir=[0m[1;36m-74.5334[0m[1;36m
[gzserver-2] [0m[1;36m[Dbg] [wind_plugin.cpp:110] [0m[1;36mWindPlugin: received command -> speed=[0m[1;36m0.677521[0m[1;36m dir=[0m[1;36m-74.0248[0m[1;36m
[gzserver-2] [0m[1;36m[Dbg] [wind_plugin.cpp:110] [0m[1;36mWindPlugin: received command -> speed=[0m[1;36m0.677521[0m[1;36m dir=[0m[1;36m-74.0248[0m[1;36m
[gzserver-2] [0m[1;36m[Dbg] [wind_plugin.cpp:110] [0m[1;36mWindPlugin: received command -> speed=[0m[1;36m0.677521[0m[1;36m dir=[0m[1;36m-74.0248[0m[1;36m
[gzserver-2] [0m[1;36m[Dbg] [wind_plugin.cpp:110] [0m[1;36mWindPlugin: received command -> speed=[0m[1;36m0.677521[0m[1;36m dir=[0m[1;36m-74.0248[0m[1;36m
[gzserver-2] [0m[1;36m[Dbg] [wind_plugin.cpp:110] [0m[1;36mWindPlugin: received command -> speed=[0m[1;36m0.677521[0m[1;36m dir=[0m[1;36m-74.0248[0m[1;36m
[gzserver-2] [0m[1;36m[Dbg] [wind_plugin.cpp:110] [0m[1;36mWindPlugin: received command -> speed=[0m[1;36m0.683836[0m[1;36m dir=[0m[1;36m-71.0392[0m[1;36m
[gzserver-2] [0mLanded!
[gzserver-2] [INFO] [1773133660.952603565] [gazebo_wind_plugin_node]: WindPlugin: set wind_speed=0.68 wind_direction=-71.0
[gzserver-2] [INFO] [1773133661.192255443] [gazebo_wind_plugin_node]: WindPlugin: set wind_speed=0.68 wind_direction=-71.0
[gzserver-2] [INFO] [1773133661.427104528] [gazebo_wind_plugin_node]: WindPlugin: set wind_speed=0.68 wind_direction=-71.0
[gzserver-2] [INFO] [1773133661.666132329] [gazebo_wind_plugin_node]: WindPlugin: set wind_speed=0.64 wind_direction=-71.2
[gzserver-2] [INFO] [1773133661.906976296] [gazebo_wind_plugin_node]: WindPlugin: set wind_speed=0.64 wind_direction=-71.2
[gzserver-2] [INFO] [1773133662.146292506] [gazebo_wind_plugin_node]: WindPlugin: set wind_speed=0.64 wind_direction=-71.2
[gzserver-2] [INFO] [1773133662.386512951] [gazebo_wind_plugin_node]: WindPlugin: set wind_speed=0.64 wind_direction=-71.2
[gzserver-2] [INFO] [1773133662.626255144] [gazebo_wind_plugin_node]: WindPlugin: set wind_speed=0.67 wind_direction=-70.9
