[INFO] [launch]: All log files can be found below /home/j/.ros/log/2026-03-10-21-41-24-238700-j-831298
[INFO] [launch]: Default logging verbosity is set to INFO
[INFO] [launch.user]: [bringup] Apriltag config: camera=/drone/bottom, image=/drone/bottom/image_raw, tags=/drone/bottom/tags, bridge=/landing_tag_state, standalone=true, use_target_id=true, target_id=0
[INFO] [rviz2-1]: process started with pid [831301]
[INFO] [gzserver-2]: process started with pid [831303]
[INFO] [robot_state_publisher-3]: process started with pid [831305]
[INFO] [joint_state_publisher-4]: process started with pid [831307]
[INFO] [spawn_drone-5]: process started with pid [831309]
[INFO] [static_transform_publisher-6]: process started with pid [831311]
[INFO] [joy_node-7]: process started with pid [831313]
[INFO] [teleop_joystick-8]: process started with pid [831315]
[INFO] [apriltag_detector_node-9]: process started with pid [831317]
[INFO] [apriltag_state_bridge-10]: process started with pid [831320]
[static_transform_publisher-6] [WARN] [1773146484.725079527] []: Old-style arguments are deprecated; see --help for new-style arguments
[robot_state_publisher-3] [INFO] [1773146484.730823109] [drone.robot_state_publisher]: got segment base_footprint
[robot_state_publisher-3] [INFO] [1773146484.730877116] [drone.robot_state_publisher]: got segment base_link
[robot_state_publisher-3] [INFO] [1773146484.730882546] [drone.robot_state_publisher]: got segment bottom_cam_link
[robot_state_publisher-3] [INFO] [1773146484.730886243] [drone.robot_state_publisher]: got segment front_cam_link
[robot_state_publisher-3] [INFO] [1773146484.730889014] [drone.robot_state_publisher]: got segment sonar_link
[static_transform_publisher-6] [INFO] [1773146484.730948713] [static_transform_publisher_Q2uN0ysglgInx17Q]: Spinning until stopped - publishing transform
[static_transform_publisher-6] translation: ('0.000000', '0.000000', '0.000000')
[static_transform_publisher-6] rotation: ('0.000000', '0.000000', '0.000000', '1.000000')
[static_transform_publisher-6] from 'world' to '/drone/odom'
[rviz2-1] 
[rviz2-1] (rviz2:831301): dbind-WARNING **: 21:41:24.734: Couldn't connect to accessibility bus: Failed to connect to socket /root/.cache/at-spi/bus_0: 허가 거부
[apriltag_detector_node-9] [INFO] [1773146484.744126397] [apriltag_detector_node]: tag detector type: umich
[teleop_joystick-8] Traceback (most recent call last):
[teleop_joystick-8]   File "/home/j/INCSL/IICC26_ws/install/sjtu_drone_control/lib/sjtu_drone_control/teleop_joystick", line 33, in <module>
[teleop_joystick-8]     sys.exit(load_entry_point('sjtu_drone_control==0.0.0', 'console_scripts', 'teleop_joystick')())
[teleop_joystick-8]   File "/home/j/INCSL/IICC26_ws/install/sjtu_drone_control/lib/sjtu_drone_control/teleop_joystick", line 22, in importlib_load_entry_point
[teleop_joystick-8]     for entry_point in distribution(dist_name).entry_points
[teleop_joystick-8]   File "/usr/lib/python3.10/importlib/metadata/__init__.py", line 969, in distribution
[teleop_joystick-8]     return Distribution.from_name(distribution_name)
[teleop_joystick-8]   File "/usr/lib/python3.10/importlib/metadata/__init__.py", line 548, in from_name
[teleop_joystick-8]     raise PackageNotFoundError(name)
[teleop_joystick-8] importlib.metadata.PackageNotFoundError: No package metadata was found for sjtu_drone_control
[ERROR] [teleop_joystick-8]: process has died [pid 831315, exit code 1, cmd '/home/j/INCSL/IICC26_ws/install/sjtu_drone_control/lib/sjtu_drone_control/teleop_joystick --ros-args -r __ns:=/drone'].
[gzserver-2] Gazebo multi-robot simulator, version 11.10.2
[gzserver-2] Copyright (C) 2012 Open Source Robotics Foundation.
[gzserver-2] Released under the Apache 2 License.
[gzserver-2] http://gazebosim.org
[gzserver-2] 
[apriltag_state_bridge-10] [INFO] [1773146484.955466708] [apriltag_state_bridge]: AprilTag bridge started: /drone/bottom/tags -> /landing_tag_state, use_target_id=True, target_id=0
[joint_state_publisher-4] [INFO] [1773146484.975748051] [drone.joint_state_publisher]: Waiting for robot_description to be published on the robot_description topic...
[gzserver-2] [1;33m[Wrn] [gazebo_ros_init.cpp:178] [0m[1;33m
[gzserver-2] #     # ####### ####### ###  #####  #######
[gzserver-2] ##    # #     #    #     #  #     # #
[gzserver-2] # #   # #     #    #     #  #       #
[gzserver-2] #  #  # #     #    #     #  #       #####
[gzserver-2] #   # # #     #    #     #  #       #
[gzserver-2] #    ## #     #    #     #  #     # #
[gzserver-2] #     # #######    #    ###  #####  #######
[gzserver-2] 
[gzserver-2] This version of Gazebo, now called Gazebo classic, reaches end-of-life
[gzserver-2] in January 2025. Users are highly encouraged to migrate to the new Gazebo
[gzserver-2] using our migration guides (https://gazebosim.org/docs/latest/gazebo_classic_migration?utm_source=gazebo_ros_pkgs&utm_medium=cli)
[gzserver-2] 
[gzserver-2] [0m[1;33m
[rviz2-1] [INFO] [1773146485.496618466] [rviz2]: Stereo is NOT SUPPORTED
[rviz2-1] [INFO] [1773146485.496707908] [rviz2]: OpenGl version: 4.6 (GLSL 4.6)
[rviz2-1] [INFO] [1773146485.582804961] [rviz2]: Stereo is NOT SUPPORTED
[rviz2-1] [INFO] [1773146485.699673302] [rviz2]: Stereo is NOT SUPPORTED
[spawn_drone-5] [INFO] [1773146486.077158085] [spawn_drone]: Result False Entity pushed to spawn queue, but spawn service timed outwaiting for entity to appear in simulation under the name [/drone]
[gzserver-2] [1;32m[Msg] [0m[1;32mWaiting for master.[0m[1;32m
[gzserver-2] [0m[1;32m[0m[1;32m[0m[1;32m[Msg] [0m[1;32mConnected to gazebo master @ [0m[1;32mhttp://127.0.0.1:11345[0m[1;32m
[gzserver-2] [0m[1;32m[0m[1;32m[0m[1;32m[Msg] [0m[1;32mPublicized address: [0m[1;32m192.168.0.11[0m[1;32m
[gzserver-2] [0m[1;32m[0m[1;32m[0m[1;32m[Msg] [0m[1;32mLoading world file [[0m[1;32m/home/j/INCSL/IICC26_ws/install/sjtu_drone_description/share/sjtu_drone_description/worlds/landingPad.world[0m[1;32m][0m[1;32m
[gzserver-2] [0m[1;32m[0m[1;32m[0m[1;36m[Dbg] [wind_plugin.cpp:96] [0m[1;36mWindPlugin loaded: speed=[0m[1;36m0[0m[1;36m dir=[0m[1;36m0[0m[1;36m deg area=[0m[1;36m0.1[0m[1;36m coeff=[0m[1;36m1[0m[1;36m
[gzserver-2] [0m[1;33m[0m[1;33m[0m[1;31m[Err] [Sensor.cc:510] [0m[1;31mGet noise index not valid[0m[1;31m
[gzserver-2] [0m[1;31m[0m[1;31m[0m[1;31m[Err] [Sensor.cc:510] [0m[1;31mGet noise index not valid[0m[1;31m
[gzserver-2] [0m[1;31m[0m[1;31m[0m[1;31m[Err] [Sensor.cc:510] [0m[1;31mGet noise index not valid[0m[1;31m
[gzserver-2] [0m[1;31m[0m[1;31m[0m[1;31m[Err] [Sensor.cc:510] [0m[1;31mGet noise index not valid[0m[1;31m
[gzserver-2] [0m[1;31m[0m[1;31m[0m[1;31m[Err] [Sensor.cc:510] [0m[1;31mGet noise index not valid[0m[1;31m
[gzserver-2] [0m[1;31m[0m[1;31m[0m[1;31m[Err] [Sensor.cc:510] [0m[1;31mGet noise index not valid[0m[1;31m
[gzserver-2] [0m[1;31m[0m[1;31m[0mTopic [default//drone/base_footprint/down_camera/image] is not valid.
[gzserver-2] [INFO] [1773146486.107484342] [drone.collision_plugin]: Publishing contact states to [/drone/bumper_states]
[gzserver-2] Topic [default//drone/base_footprint/front_camera/image] is not valid.
[gzserver-2] [1;33m[Wrn] [Event.cc:61] [0m[1;33mWarning: Deleting a connection right after creation. [0m[1;33mMake sure to save the ConnectionPtr from a Connect call
[INFO] [spawn_drone-5]: process has finished cleanly [pid 831309]
[gzserver-2] [0m[INFO] [1773146486.697620526] [drone.camera_bottom]: Publishing camera info to [/drone/bottom/camera_info]
[gzserver-2] [INFO] [1773146486.700655158] [drone.camera_front]: Publishing camera info to [/drone/front/camera_info]
[gzserver-2] [INFO] [1773146486.822425821] [drone.simple_drone]: The drone plugin is loading!
[gzserver-2] [INFO] [1773146486.822642761] [drone.simple_drone]: pub_odom: 1
[gzserver-2] [INFO] [1773146486.822677105] [drone.simple_drone]: Using following parameters: 
[gzserver-2] 		link_name: base_footprint,
[gzserver-2] 		max_force: 30,
[gzserver-2] 		motion_small_noise: 0,
[gzserver-2] 		motion_drift_noise: 0,
[gzserver-2] 		motion_drift_noise_time: 50,
[gzserver-2] 		takeoff_hover_height: 1.7,
[gzserver-2] 		takeoff_vertical_speed: 0.2
[gzserver-2] [INFO] [1773146486.834522485] [drone.simple_drone]: Using the PID parameters: 
[gzserver-2] 	Roll Pitch:
[gzserver-2] 		kP: 10, kI: 0,kD: 5, Limit: 0.5, Time Constant: 0
[gzserver-2] 	Yaw:
[gzserver-2] 		kP: 2, kI: 0,kD: 1, Limit: 1.5, Time Constant: 0
[gzserver-2] 	Velocity X:
[gzserver-2] 		kP: 5, kI: 0,kD: 2.3, Limit: 2, Time Constant: 0
[gzserver-2] 	Velocity Y:
[gzserver-2] 		kP: 5, kI: 0,kD: 2.3, Limit: 2, Time Constant: 0
[gzserver-2] 	Velocity Z:
[gzserver-2] 		kP: 5, kI: 0,kD: 1, Limit: -1, Time Constant: 0
[gzserver-2] 	Position XY:
[gzserver-2] 		kP: 1.1, kI: 0,kD: 0, Limit: 5, Time Constant: 0
[gzserver-2] 	Position Z:
[gzserver-2] 		kP: 1, kI: 0,kD: 0.2, Limit: -1, Time Constant: 0
[gzserver-2] [INFO] [1773146486.834648008] [drone.simple_drone]: The drone plugin finished loading!
[gzserver-2] [INFO] [1773146494.064603937] [gazebo_wind_plugin_node]: WindPlugin: set wind_speed=0.00 wind_direction=0.0
[gzserver-2] [INFO] [1773146494.335604935] [gazebo_wind_plugin_node]: WindPlugin: set wind_speed=0.00 wind_direction=0.0
[gzserver-2] [INFO] [1773146494.374931619] [drone.simple_drone]: Quadrotor takes off!!
[gzserver-2] [INFO] [1773146494.577061265] [gazebo_wind_plugin_node]: WindPlugin: set wind_speed=0.00 wind_direction=0.0
[gzserver-2] [INFO] [1773146494.811397560] [gazebo_wind_plugin_node]: WindPlugin: set wind_speed=0.00 wind_direction=0.0
[gzserver-2] [INFO] [1773146495.050630755] [gazebo_wind_plugin_node]: WindPlugin: set wind_speed=0.00 wind_direction=0.0
[gzserver-2] [INFO] [1773146495.283808522] [gazebo_wind_plugin_node]: WindPlugin: set wind_speed=0.00 wind_direction=0.0
[gzserver-2] [INFO] [1773146495.520764749] [gazebo_wind_plugin_node]: WindPlugin: set wind_speed=0.00 wind_direction=0.0
[gzserver-2] [INFO] [1773146495.749429710] [gazebo_wind_plugin_node]: WindPlugin: set wind_speed=0.00 wind_direction=0.0
[gzserver-2] [0m[1;36m[Dbg] [wind_plugin.cpp:110] [0m[1;36mWindPlugin: received command -> speed=[0m[1;36m0[0m[1;36m dir=[0m[1;36m0[0m[1;36m
[gzserver-2] [0m[1;36m[Dbg] [wind_plugin.cpp:110] [0m[1;36mWindPlugin: received command -> speed=[0m[1;36m0[0m[1;36m dir=[0m[1;36m0[0m[1;36m
[gzserver-2] [0m[1;36m[Dbg] [wind_plugin.cpp:110] [0m[1;36mWindPlugin: received command -> speed=[0m[1;36m0[0m[1;36m dir=[0m[1;36m0[0m[1;36m
[gzserver-2] [0m[1;36m[Dbg] [wind_plugin.cpp:110] [0m[1;36mWindPlugin: received command -> speed=[0m[1;36m0[0m[1;36m dir=[0m[1;36m0[0m[1;36m
[gzserver-2] [0m[1;36m[Dbg] [wind_plugin.cpp:110] [0m[1;36mWindPlugin: received command -> speed=[0m[1;36m0[0m[1;36m dir=[0m[1;36m0[0m[1;36m
[gzserver-2] [0m[1;36m[Dbg] [wind_plugin.cpp:110] [0m[1;36mWindPlugin: received command -> speed=[0m[1;36m0[0m[1;36m dir=[0m[1;36m0[0m[1;36m
[gzserver-2] [0m[1;36m[Dbg] [wind_plugin.cpp:110] [0m[1;36mWindPlugin: received command -> speed=[0m[1;36m0[0m[1;36m dir=[0m[1;36m0[0m[1;36m
[gzserver-2] [0m[1;36m[Dbg] [wind_plugin.cpp:110] [0m[1;36mWindPlugin: received command -> speed=[0m[1;36m0[0m[1;36m dir=[0m[1;36m0[0m[1;36m
[gzserver-2] [0mEntering flying model!
[gzserver-2] [INFO] [1773146495.985664926] [gazebo_wind_plugin_node]: WindPlugin: set wind_speed=0.00 wind_direction=0.0
[gzserver-2] [INFO] [1773146496.219679954] [gazebo_wind_plugin_node]: WindPlugin: set wind_speed=1.88 wind_direction=49.9
[gzserver-2] [INFO] [1773146496.459002173] [gazebo_wind_plugin_node]: WindPlugin: set wind_speed=1.88 wind_direction=49.9
[gzserver-2] [INFO] [1773146496.698796526] [gazebo_wind_plugin_node]: WindPlugin: set wind_speed=1.74 wind_direction=50.0
[gzserver-2] [INFO] [1773146496.927877270] [gazebo_wind_plugin_node]: WindPlugin: set wind_speed=1.74 wind_direction=50.0
[gzserver-2] [INFO] [1773146497.168188003] [gazebo_wind_plugin_node]: WindPlugin: set wind_speed=1.74 wind_direction=50.0
[gzserver-2] [INFO] [1773146497.407660935] [gazebo_wind_plugin_node]: WindPlugin: set wind_speed=1.74 wind_direction=50.0
[gzserver-2] [INFO] [1773146497.646768301] [gazebo_wind_plugin_node]: WindPlugin: set wind_speed=1.70 wind_direction=52.2
[gzserver-2] [INFO] [1773146497.886182757] [gazebo_wind_plugin_node]: WindPlugin: set wind_speed=1.70 wind_direction=52.2
[gzserver-2] [INFO] [1773146498.126499334] [gazebo_wind_plugin_node]: WindPlugin: set wind_speed=1.70 wind_direction=52.2
[gzserver-2] [INFO] [1773146498.366142277] [gazebo_wind_plugin_node]: WindPlugin: set wind_speed=1.70 wind_direction=52.2
[gzserver-2] [INFO] [1773146498.599659965] [gazebo_wind_plugin_node]: WindPlugin: set wind_speed=1.79 wind_direction=50.3
[gzserver-2] [INFO] [1773146498.839233001] [gazebo_wind_plugin_node]: WindPlugin: set wind_speed=1.79 wind_direction=50.3
[gzserver-2] [INFO] [1773146499.074721079] [gazebo_wind_plugin_node]: WindPlugin: set wind_speed=1.79 wind_direction=50.3
[gzserver-2] [INFO] [1773146499.316092085] [gazebo_wind_plugin_node]: WindPlugin: set wind_speed=1.79 wind_direction=50.3
[gzserver-2] [INFO] [1773146499.557011498] [gazebo_wind_plugin_node]: WindPlugin: set wind_speed=1.79 wind_direction=50.3
[gzserver-2] [INFO] [1773146499.791998797] [gazebo_wind_plugin_node]: WindPlugin: set wind_speed=1.75 wind_direction=50.2
[gzserver-2] [INFO] [1773146499.824745445] [drone.simple_drone]: Quadrotor lands!!
[gzserver-2] [INFO] [1773146500.026124939] [gazebo_wind_plugin_node]: WindPlugin: set wind_speed=1.75 wind_direction=50.2
[gzserver-2] [INFO] [1773146500.265463083] [gazebo_wind_plugin_node]: WindPlugin: set wind_speed=1.75 wind_direction=50.2
[gzserver-2] [INFO] [1773146500.505034073] [gazebo_wind_plugin_node]: WindPlugin: set wind_speed=1.75 wind_direction=50.2
[gzserver-2] [INFO] [1773146500.744484925] [gazebo_wind_plugin_node]: WindPlugin: set wind_speed=1.87 wind_direction=50.1
[gzserver-2] [1;36m[Dbg] [wind_plugin.cpp:110] [0m[1;36mWindPlugin: received command -> speed=[0m[1;36m0[0m[1;36m dir=[0m[1;36m0[0m[1;36m
[gzserver-2] [0m[1;36m[Dbg] [wind_plugin.cpp:110] [0m[1;36mWindPlugin: received command -> speed=[0m[1;36m1.87867[0m[1;36m dir=[0m[1;36m49.8982[0m[1;36m
[gzserver-2] [0m[1;36m[Dbg] [wind_plugin.cpp:110] [0m[1;36mWindPlugin: received command -> speed=[0m[1;36m1.87867[0m[1;36m dir=[0m[1;36m49.8982[0m[1;36m
[gzserver-2] [0m[1;36m[Dbg] [wind_plugin.cpp:110] [0m[1;36mWindPlugin: received command -> speed=[0m[1;36m1.74361[0m[1;36m dir=[0m[1;36m49.9897[0m[1;36m
[gzserver-2] [0m[1;36m[Dbg] [wind_plugin.cpp:110] [0m[1;36mWindPlugin: received command -> speed=[0m[1;36m1.74361[0m[1;36m dir=[0m[1;36m49.9897[0m[1;36m
[gzserver-2] [0m[1;36m[Dbg] [wind_plugin.cpp:110] [0m[1;36mWindPlugin: received command -> speed=[0m[1;36m1.74361[0m[1;36m dir=[0m[1;36m49.9897[0m[1;36m
[gzserver-2] [0m[1;36m[Dbg] [wind_plugin.cpp:110] [0m[1;36mWindPlugin: received command -> speed=[0m[1;36m1.74361[0m[1;36m dir=[0m[1;36m49.9897[0m[1;36m
[gzserver-2] [0m[1;36m[Dbg] [wind_plugin.cpp:110] [0m[1;36mWindPlugin: received command -> speed=[0m[1;36m1.702[0m[1;36m dir=[0m[1;36m52.1548[0m[1;36m
[gzserver-2] [0m[1;36m[Dbg] [wind_plugin.cpp:110] [0m[1;36mWindPlugin: received command -> speed=[0m[1;36m1.702[0m[1;36m dir=[0m[1;36m52.1548[0m[1;36m
[gzserver-2] [0m[1;36m[Dbg] [wind_plugin.cpp:110] [0m[1;36mWindPlugin: received command -> speed=[0m[1;36m1.702[0m[1;36m dir=[0m[1;36m52.1548[0m[1;36m
[gzserver-2] [0m[1;36m[Dbg] [wind_plugin.cpp:110] [0m[1;36mWindPlugin: received command -> speed=[0m[1;36m1.702[0m[1;36m dir=[0m[1;36m52.1548[0m[1;36m
[gzserver-2] [0m[1;36m[Dbg] [wind_plugin.cpp:110] [0m[1;36mWindPlugin: received command -> speed=[0m[1;36m1.79067[0m[1;36m dir=[0m[1;36m50.3043[0m[1;36m
[gzserver-2] [0m[1;36m[Dbg] [wind_plugin.cpp:110] [0m[1;36mWindPlugin: received command -> speed=[0m[1;36m1.79067[0m[1;36m dir=[0m[1;36m50.3043[0m[1;36m
[gzserver-2] [0m[1;36m[Dbg] [wind_plugin.cpp:110] [0m[1;36mWindPlugin: received command -> speed=[0m[1;36m1.79067[0m[1;36m dir=[0m[1;36m50.3043[0m[1;36m
[gzserver-2] [0m[1;36m[Dbg] [wind_plugin.cpp:110] [0m[1;36mWindPlugin: received command -> speed=[0m[1;36m1.79067[0m[1;36m dir=[0m[1;36m50.3043[0m[1;36m
[gzserver-2] [0m[1;36m[Dbg] [wind_plugin.cpp:110] [0m[1;36mWindPlugin: received command -> speed=[0m[1;36m1.79067[0m[1;36m dir=[0m[1;36m50.3043[0m[1;36m
[gzserver-2] [0m[1;36m[Dbg] [wind_plugin.cpp:110] [0m[1;36mWindPlugin: received command -> speed=[0m[1;36m1.75475[0m[1;36m dir=[0m[1;36m50.177[0m[1;36m
[gzserver-2] [0m[1;36m[Dbg] [wind_plugin.cpp:110] [0m[1;36mWindPlugin: received command -> speed=[0m[1;36m1.75475[0m[1;36m dir=[0m[1;36m50.177[0m[1;36m
[gzserver-2] [0m[1;36m[Dbg] [wind_plugin.cpp:110] [0m[1;36mWindPlugin: received command -> speed=[0m[1;36m1.75475[0m[1;36m dir=[0m[1;36m50.177[0m[1;36m
[gzserver-2] [0m[1;36m[Dbg] [wind_plugin.cpp:110] [0m[1;36mWindPlugin: received command -> speed=[0m[1;36m1.75475[0m[1;36m dir=[0m[1;36m50.177[0m[1;36m
[gzserver-2] [0m[1;36m[Dbg] [wind_plugin.cpp:110] [0m[1;36mWindPlugin: received command -> speed=[0m[1;36m1.86972[0m[1;36m dir=[0m[1;36m50.0569[0m[1;36m
[gzserver-2] [0mLanded!
[gzserver-2] [INFO] [1773146500.985534311] [gazebo_wind_plugin_node]: WindPlugin: set wind_speed=1.87 wind_direction=50.1
[gzserver-2] [INFO] [1773146501.225141005] [gazebo_wind_plugin_node]: WindPlugin: set wind_speed=1.87 wind_direction=50.1
[gzserver-2] [INFO] [1773146501.464480057] [gazebo_wind_plugin_node]: WindPlugin: set wind_speed=1.87 wind_direction=50.1
[gzserver-2] [INFO] [1773146501.699204887] [gazebo_wind_plugin_node]: WindPlugin: set wind_speed=1.76 wind_direction=50.4
[gzserver-2] [INFO] [1773146501.933431210] [gazebo_wind_plugin_node]: WindPlugin: set wind_speed=1.76 wind_direction=50.4
[gzserver-2] [INFO] [1773146502.173769387] [gazebo_wind_plugin_node]: WindPlugin: set wind_speed=1.76 wind_direction=50.4
[gzserver-2] [INFO] [1773146502.407777036] [gazebo_wind_plugin_node]: WindPlugin: set wind_speed=1.76 wind_direction=50.4
[gzserver-2] [INFO] [1773146502.647214001] [gazebo_wind_plugin_node]: WindPlugin: set wind_speed=1.65 wind_direction=51.5
