[INFO] [launch]: All log files can be found below /home/j/.ros/log/2026-03-11-00-04-39-661814-j-2081850
[INFO] [launch]: Default logging verbosity is set to INFO
[INFO] [launch.user]: [bringup] Apriltag config: camera=/drone/bottom, image=/drone/bottom/image_raw, tags=/drone/bottom/tags, bridge=/landing_tag_state, standalone=true, use_target_id=true, target_id=0
[INFO] [rviz2-1]: process started with pid [2081853]
[INFO] [gzserver-2]: process started with pid [2081855]
[INFO] [robot_state_publisher-3]: process started with pid [2081857]
[INFO] [joint_state_publisher-4]: process started with pid [2081859]
[INFO] [spawn_drone-5]: process started with pid [2081861]
[INFO] [static_transform_publisher-6]: process started with pid [2081863]
[INFO] [joy_node-7]: process started with pid [2081865]
[INFO] [teleop_joystick-8]: process started with pid [2081867]
[INFO] [apriltag_detector_node-9]: process started with pid [2081869]
[INFO] [apriltag_state_bridge-10]: process started with pid [2081871]
[static_transform_publisher-6] [WARN] [1773155080.141328927] []: Old-style arguments are deprecated; see --help for new-style arguments
[static_transform_publisher-6] [INFO] [1773155080.147765186] [static_transform_publisher_9oSrSGqY2tIBhNtW]: Spinning until stopped - publishing transform
[static_transform_publisher-6] translation: ('0.000000', '0.000000', '0.000000')
[static_transform_publisher-6] rotation: ('0.000000', '0.000000', '0.000000', '1.000000')
[static_transform_publisher-6] from 'world' to '/drone/odom'
[robot_state_publisher-3] [INFO] [1773155080.163540890] [drone.robot_state_publisher]: got segment base_footprint
[robot_state_publisher-3] [INFO] [1773155080.163606029] [drone.robot_state_publisher]: got segment base_link
[robot_state_publisher-3] [INFO] [1773155080.163611782] [drone.robot_state_publisher]: got segment bottom_cam_link
[robot_state_publisher-3] [INFO] [1773155080.163614910] [drone.robot_state_publisher]: got segment front_cam_link
[robot_state_publisher-3] [INFO] [1773155080.163617660] [drone.robot_state_publisher]: got segment sonar_link
[apriltag_detector_node-9] [INFO] [1773155080.175854355] [apriltag_detector_node]: tag detector type: umich
[rviz2-1] 
[rviz2-1] (rviz2:2081853): dbind-WARNING **: 00:04:40.176: Couldn't connect to accessibility bus: Failed to connect to socket /root/.cache/at-spi/bus_0: 허가 거부
[teleop_joystick-8] Traceback (most recent call last):
[teleop_joystick-8]   File "/home/j/INCSL/IICC26_ws/install/sjtu_drone_control/lib/sjtu_drone_control/teleop_joystick", line 33, in <module>
[teleop_joystick-8]     sys.exit(load_entry_point('sjtu_drone_control==0.0.0', 'console_scripts', 'teleop_joystick')())
[teleop_joystick-8]   File "/home/j/INCSL/IICC26_ws/install/sjtu_drone_control/lib/sjtu_drone_control/teleop_joystick", line 22, in importlib_load_entry_point
[teleop_joystick-8]     for entry_point in distribution(dist_name).entry_points
[teleop_joystick-8]   File "/usr/lib/python3.10/importlib/metadata/__init__.py", line 969, in distribution
[teleop_joystick-8]     return Distribution.from_name(distribution_name)
[teleop_joystick-8]   File "/usr/lib/python3.10/importlib/metadata/__init__.py", line 548, in from_name
[teleop_joystick-8]     raise PackageNotFoundError(name)
[teleop_joystick-8] importlib.metadata.PackageNotFoundError: No package metadata was found for sjtu_drone_control
[ERROR] [teleop_joystick-8]: process has died [pid 2081867, exit code 1, cmd '/home/j/INCSL/IICC26_ws/install/sjtu_drone_control/lib/sjtu_drone_control/teleop_joystick --ros-args -r __ns:=/drone'].
[gzserver-2] Gazebo multi-robot simulator, version 11.10.2
[gzserver-2] Copyright (C) 2012 Open Source Robotics Foundation.
[gzserver-2] Released under the Apache 2 License.
[gzserver-2] http://gazebosim.org
[gzserver-2] 
[joint_state_publisher-4] [INFO] [1773155080.404732780] [drone.joint_state_publisher]: Waiting for robot_description to be published on the robot_description topic...
[apriltag_state_bridge-10] [INFO] [1773155080.429077754] [apriltag_state_bridge]: AprilTag bridge started: /drone/bottom/tags -> /landing_tag_state, use_target_id=True, target_id=0
[gzserver-2] [1;33m[Wrn] [gazebo_ros_init.cpp:178] [0m[1;33m
[gzserver-2] #     # ####### ####### ###  #####  #######
[gzserver-2] ##    # #     #    #     #  #     # #
[gzserver-2] # #   # #     #    #     #  #       #
[gzserver-2] #  #  # #     #    #     #  #       #####
[gzserver-2] #   # # #     #    #     #  #       #
[gzserver-2] #    ## #     #    #     #  #     # #
[gzserver-2] #     # #######    #    ###  #####  #######
[gzserver-2] 
[gzserver-2] This version of Gazebo, now called Gazebo classic, reaches end-of-life
[gzserver-2] in January 2025. Users are highly encouraged to migrate to the new Gazebo
[gzserver-2] using our migration guides (https://gazebosim.org/docs/latest/gazebo_classic_migration?utm_source=gazebo_ros_pkgs&utm_medium=cli)
[gzserver-2] 
[gzserver-2] [0m[1;33m
[rviz2-1] [INFO] [1773155081.004647408] [rviz2]: Stereo is NOT SUPPORTED
[rviz2-1] [INFO] [1773155081.004750956] [rviz2]: OpenGl version: 4.6 (GLSL 4.6)
[rviz2-1] [INFO] [1773155081.157156291] [rviz2]: Stereo is NOT SUPPORTED
[rviz2-1] [INFO] [1773155081.247239451] [rviz2]: Stereo is NOT SUPPORTED
[spawn_drone-5] [INFO] [1773155081.408416717] [spawn_drone]: service not available, waiting again...
[gzserver-2] [1;32m[Msg] [0m[1;32mWaiting for master.[0m[1;32m
[gzserver-2] [0m[1;32m[0m[1;32m[0m[1;32m[Msg] [0m[1;32mConnected to gazebo master @ [0m[1;32mhttp://127.0.0.1:11345[0m[1;32m
[gzserver-2] [0m[1;32m[0m[1;32m[0m[1;32m[Msg] [0m[1;32mPublicized address: [0m[1;32m192.168.0.11[0m[1;32m
[gzserver-2] [0m[1;32m[0m[1;32m[0m[1;32m[Msg] [0m[1;32mLoading world file [[0m[1;32m/home/j/INCSL/IICC26_ws/install/sjtu_drone_description/share/sjtu_drone_description/worlds/landingPad.world[0m[1;32m][0m[1;32m
[gzserver-2] [0m[1;32m[0m[1;32m[0m[1;36m[Dbg] [wind_plugin.cpp:96] [0m[1;36mWindPlugin loaded: speed=[0m[1;36m0[0m[1;36m dir=[0m[1;36m0[0m[1;36m deg area=[0m[1;36m0.1[0m[1;36m coeff=[0m[1;36m1[0m[1;36m
[gzserver-2] [0m[1;33m[0m[1;33m[0m[1;31m[Err] [Sensor.cc:510] [0m[1;31mGet noise index not valid[0m[1;31m
[gzserver-2] [0m[1;31m[0m[1;31m[0m[1;31m[Err] [Sensor.cc:510] [0m[1;31mGet noise index not valid[0m[1;31m
[gzserver-2] [0m[1;31m[0m[1;31m[0m[1;31m[Err] [Sensor.cc:510] [0m[1;31mGet noise index not valid[0m[1;31m
[gzserver-2] [0m[1;31m[0m[1;31m[0m[1;31m[Err] [Sensor.cc:510] [0m[1;31mGet noise index not valid[0m[1;31m
[gzserver-2] [0m[1;31m[0m[1;31m[0m[1;31m[Err] [Sensor.cc:510] [0m[1;31mGet noise index not valid[0m[1;31m
[gzserver-2] [0m[1;31m[0m[1;31m[0m[1;31m[Err] [Sensor.cc:510] [0m[1;31mGet noise index not valid[0m[1;31m
[gzserver-2] [0m[1;31m[0m[1;31m[0mTopic [default//drone/base_footprint/down_camera/image] is not valid.
[gzserver-2] [INFO] [1773155081.891353086] [drone.collision_plugin]: Publishing contact states to [/drone/bumper_states]
[gzserver-2] Topic [default//drone/base_footprint/front_camera/image] is not valid.
[gzserver-2] [1;33m[Wrn] [Event.cc:61] [0m[1;33mWarning: Deleting a connection right after creation. [0m[1;33mMake sure to save the ConnectionPtr from a Connect call
[gzserver-2] [0m[INFO] [1773155082.270839833] [drone.camera_bottom]: Publishing camera info to [/drone/bottom/camera_info]
[gzserver-2] [INFO] [1773155082.273514105] [drone.camera_front]: Publishing camera info to [/drone/front/camera_info]
[spawn_drone-5] [INFO] [1773155082.274462713] [spawn_drone]: Result True SpawnEntity: Successfully spawned entity [/drone]
[gzserver-2] [INFO] [1773155082.396097901] [drone.simple_drone]: The drone plugin is loading!
[gzserver-2] [INFO] [1773155082.396312185] [drone.simple_drone]: pub_odom: 1
[gzserver-2] [INFO] [1773155082.396347586] [drone.simple_drone]: Using following parameters: 
[gzserver-2] 		link_name: base_footprint,
[gzserver-2] 		max_force: 30,
[gzserver-2] 		motion_small_noise: 0,
[gzserver-2] 		motion_drift_noise: 0,
[gzserver-2] 		motion_drift_noise_time: 50,
[gzserver-2] 		takeoff_hover_height: 1.53,
[gzserver-2] 		takeoff_vertical_speed: 0.2
[gzserver-2] [INFO] [1773155082.408202236] [drone.simple_drone]: Using the PID parameters: 
[gzserver-2] 	Roll Pitch:
[gzserver-2] 		kP: 10, kI: 0,kD: 5, Limit: 0.5, Time Constant: 0
[gzserver-2] 	Yaw:
[gzserver-2] 		kP: 2, kI: 0,kD: 1, Limit: 1.5, Time Constant: 0
[gzserver-2] 	Velocity X:
[gzserver-2] 		kP: 5, kI: 0,kD: 2.3, Limit: 2, Time Constant: 0
[gzserver-2] 	Velocity Y:
[gzserver-2] 		kP: 5, kI: 0,kD: 2.3, Limit: 2, Time Constant: 0
[gzserver-2] 	Velocity Z:
[gzserver-2] 		kP: 5, kI: 0,kD: 1, Limit: -1, Time Constant: 0
[gzserver-2] 	Position XY:
[gzserver-2] 		kP: 1.1, kI: 0,kD: 0, Limit: 5, Time Constant: 0
[gzserver-2] 	Position Z:
[gzserver-2] 		kP: 1, kI: 0,kD: 0.2, Limit: -1, Time Constant: 0
[gzserver-2] [INFO] [1773155082.408338556] [drone.simple_drone]: The drone plugin finished loading!
[INFO] [spawn_drone-5]: process has finished cleanly [pid 2081861]
[gzserver-2] [INFO] [1773155089.503488297] [gazebo_wind_plugin_node]: WindPlugin: set wind_speed=0.00 wind_direction=0.0
[gzserver-2] [INFO] [1773155089.770301488] [gazebo_wind_plugin_node]: WindPlugin: set wind_speed=0.00 wind_direction=0.0
[gzserver-2] [INFO] [1773155089.808988160] [drone.simple_drone]: Quadrotor takes off!!
[gzserver-2] [INFO] [1773155090.009862662] [gazebo_wind_plugin_node]: WindPlugin: set wind_speed=0.00 wind_direction=0.0
[gzserver-2] [INFO] [1773155090.244614113] [gazebo_wind_plugin_node]: WindPlugin: set wind_speed=0.00 wind_direction=0.0
[gzserver-2] [INFO] [1773155090.486176670] [gazebo_wind_plugin_node]: WindPlugin: set wind_speed=0.00 wind_direction=0.0
[gzserver-2] [INFO] [1773155090.725734188] [gazebo_wind_plugin_node]: WindPlugin: set wind_speed=0.00 wind_direction=0.0
[gzserver-2] [INFO] [1773155090.965145390] [gazebo_wind_plugin_node]: WindPlugin: set wind_speed=0.00 wind_direction=0.0
[gzserver-2] [0m[1;36m[Dbg] [wind_plugin.cpp:110] [0m[1;36mWindPlugin: received command -> speed=[0m[1;36m0[0m[1;36m dir=[0m[1;36m0[0m[1;36m
[gzserver-2] [0m[1;36m[Dbg] [wind_plugin.cpp:110] [0m[1;36mWindPlugin: received command -> speed=[0m[1;36m0[0m[1;36m dir=[0m[1;36m0[0m[1;36m
[gzserver-2] [0m[1;36m[Dbg] [wind_plugin.cpp:110] [0m[1;36mWindPlugin: received command -> speed=[0m[1;36m0[0m[1;36m dir=[0m[1;36m0[0m[1;36m
[gzserver-2] [0m[1;36m[Dbg] [wind_plugin.cpp:110] [0m[1;36mWindPlugin: received command -> speed=[0m[1;36m0[0m[1;36m dir=[0m[1;36m0[0m[1;36m
[gzserver-2] [0m[1;36m[Dbg] [wind_plugin.cpp:110] [0m[1;36mWindPlugin: received command -> speed=[0m[1;36m0[0m[1;36m dir=[0m[1;36m0[0m[1;36m
[gzserver-2] [0m[1;36m[Dbg] [wind_plugin.cpp:110] [0m[1;36mWindPlugin: received command -> speed=[0m[1;36m0[0m[1;36m dir=[0m[1;36m0[0m[1;36m
[gzserver-2] [0m[1;36m[Dbg] [wind_plugin.cpp:110] [0m[1;36mWindPlugin: received command -> speed=[0m[1;36m0[0m[1;36m dir=[0m[1;36m0[0m[1;36m
[gzserver-2] [0mEntering flying model!
[gzserver-2] [INFO] [1773155091.204746975] [gazebo_wind_plugin_node]: WindPlugin: set wind_speed=0.00 wind_direction=0.0
[gzserver-2] [INFO] [1773155091.444531918] [gazebo_wind_plugin_node]: WindPlugin: set wind_speed=0.96 wind_direction=-92.7
[gzserver-2] [INFO] [1773155091.683948078] [gazebo_wind_plugin_node]: WindPlugin: set wind_speed=0.96 wind_direction=-92.7
[gzserver-2] [INFO] [1773155091.920556263] [gazebo_wind_plugin_node]: WindPlugin: set wind_speed=0.96 wind_direction=-92.7
[gzserver-2] [INFO] [1773155092.159734817] [gazebo_wind_plugin_node]: WindPlugin: set wind_speed=1.19 wind_direction=-95.0
[gzserver-2] [INFO] [1773155092.388805276] [gazebo_wind_plugin_node]: WindPlugin: set wind_speed=1.19 wind_direction=-95.0
[gzserver-2] [INFO] [1773155092.623279579] [gazebo_wind_plugin_node]: WindPlugin: set wind_speed=1.19 wind_direction=-95.0
[gzserver-2] [INFO] [1773155092.856844496] [gazebo_wind_plugin_node]: WindPlugin: set wind_speed=1.19 wind_direction=-95.0
[gzserver-2] [INFO] [1773155093.091550475] [gazebo_wind_plugin_node]: WindPlugin: set wind_speed=1.00 wind_direction=-95.4
[gzserver-2] [INFO] [1773155093.321912205] [gazebo_wind_plugin_node]: WindPlugin: set wind_speed=1.00 wind_direction=-95.4
[gzserver-2] [INFO] [1773155093.556451412] [gazebo_wind_plugin_node]: WindPlugin: set wind_speed=1.00 wind_direction=-95.4
[gzserver-2] [INFO] [1773155093.791257488] [gazebo_wind_plugin_node]: WindPlugin: set wind_speed=1.00 wind_direction=-95.4
[gzserver-2] [INFO] [1773155094.030674914] [gazebo_wind_plugin_node]: WindPlugin: set wind_speed=1.20 wind_direction=-92.9
[gzserver-2] [INFO] [1773155094.260053612] [gazebo_wind_plugin_node]: WindPlugin: set wind_speed=1.20 wind_direction=-92.9
[gzserver-2] [INFO] [1773155094.294915438] [drone.simple_drone]: Quadrotor lands!!
[gzserver-2] [INFO] [1773155094.497218748] [gazebo_wind_plugin_node]: WindPlugin: set wind_speed=1.20 wind_direction=-92.9
[gzserver-2] [INFO] [1773155094.726541501] [gazebo_wind_plugin_node]: WindPlugin: set wind_speed=1.20 wind_direction=-92.9
[gzserver-2] [INFO] [1773155094.971036827] [gazebo_wind_plugin_node]: WindPlugin: set wind_speed=1.20 wind_direction=-92.9
[gzserver-2] [INFO] [1773155095.211699679] [gazebo_wind_plugin_node]: WindPlugin: set wind_speed=1.09 wind_direction=-93.7
[gzserver-2] [1;36m[Dbg] [wind_plugin.cpp:110] [0m[1;36mWindPlugin: received command -> speed=[0m[1;36m0[0m[1;36m dir=[0m[1;36m0[0m[1;36m
[gzserver-2] [0m[1;36m[Dbg] [wind_plugin.cpp:110] [0m[1;36mWindPlugin: received command -> speed=[0m[1;36m0.9613[0m[1;36m dir=[0m[1;36m-92.7017[0m[1;36m
[gzserver-2] [0m[1;36m[Dbg] [wind_plugin.cpp:110] [0m[1;36mWindPlugin: received command -> speed=[0m[1;36m0.9613[0m[1;36m dir=[0m[1;36m-92.7017[0m[1;36m
[gzserver-2] [0m[1;36m[Dbg] [wind_plugin.cpp:110] [0m[1;36mWindPlugin: received command -> speed=[0m[1;36m0.9613[0m[1;36m dir=[0m[1;36m-92.7017[0m[1;36m
[gzserver-2] [0m[1;36m[Dbg] [wind_plugin.cpp:110] [0m[1;36mWindPlugin: received command -> speed=[0m[1;36m1.19016[0m[1;36m dir=[0m[1;36m-94.9799[0m[1;36m
[gzserver-2] [0m[1;36m[Dbg] [wind_plugin.cpp:110] [0m[1;36mWindPlugin: received command -> speed=[0m[1;36m1.19016[0m[1;36m dir=[0m[1;36m-94.9799[0m[1;36m
[gzserver-2] [0m[1;36m[Dbg] [wind_plugin.cpp:110] [0m[1;36mWindPlugin: received command -> speed=[0m[1;36m1.19016[0m[1;36m dir=[0m[1;36m-94.9799[0m[1;36m
[gzserver-2] [0m[1;36m[Dbg] [wind_plugin.cpp:110] [0m[1;36mWindPlugin: received command -> speed=[0m[1;36m1.19016[0m[1;36m dir=[0m[1;36m-94.9799[0m[1;36m
[gzserver-2] [0m[1;36m[Dbg] [wind_plugin.cpp:110] [0m[1;36mWindPlugin: received command -> speed=[0m[1;36m1.00187[0m[1;36m dir=[0m[1;36m-95.3846[0m[1;36m
[gzserver-2] [0m[1;36m[Dbg] [wind_plugin.cpp:110] [0m[1;36mWindPlugin: received command -> speed=[0m[1;36m1.00187[0m[1;36m dir=[0m[1;36m-95.3846[0m[1;36m
[gzserver-2] [0m[1;36m[Dbg] [wind_plugin.cpp:110] [0m[1;36mWindPlugin: received command -> speed=[0m[1;36m1.00187[0m[1;36m dir=[0m[1;36m-95.3846[0m[1;36m
[gzserver-2] [0m[1;36m[Dbg] [wind_plugin.cpp:110] [0m[1;36mWindPlugin: received command -> speed=[0m[1;36m1.00187[0m[1;36m dir=[0m[1;36m-95.3846[0m[1;36m
[gzserver-2] [0m[1;36m[Dbg] [wind_plugin.cpp:110] [0m[1;36mWindPlugin: received command -> speed=[0m[1;36m1.19806[0m[1;36m dir=[0m[1;36m-92.8537[0m[1;36m
[gzserver-2] [0m[1;36m[Dbg] [wind_plugin.cpp:110] [0m[1;36mWindPlugin: received command -> speed=[0m[1;36m1.19806[0m[1;36m dir=[0m[1;36m-92.8537[0m[1;36m
[gzserver-2] [0m[1;36m[Dbg] [wind_plugin.cpp:110] [0m[1;36mWindPlugin: received command -> speed=[0m[1;36m1.19806[0m[1;36m dir=[0m[1;36m-92.8537[0m[1;36m
[gzserver-2] [0m[1;36m[Dbg] [wind_plugin.cpp:110] [0m[1;36mWindPlugin: received command -> speed=[0m[1;36m1.19806[0m[1;36m dir=[0m[1;36m-92.8537[0m[1;36m
[gzserver-2] [0m[1;36m[Dbg] [wind_plugin.cpp:110] [0m[1;36mWindPlugin: received command -> speed=[0m[1;36m1.19806[0m[1;36m dir=[0m[1;36m-92.8537[0m[1;36m
[gzserver-2] [0m[1;36m[Dbg] [wind_plugin.cpp:110] [0m[1;36mWindPlugin: received command -> speed=[0m[1;36m1.09145[0m[1;36m dir=[0m[1;36m-93.695[0m[1;36m
[gzserver-2] [0mLanded!
[gzserver-2] [INFO] [1773155095.446386355] [gazebo_wind_plugin_node]: WindPlugin: set wind_speed=1.09 wind_direction=-93.7
[gzserver-2] [INFO] [1773155095.677798791] [gazebo_wind_plugin_node]: WindPlugin: set wind_speed=1.09 wind_direction=-93.7
[gzserver-2] [INFO] [1773155095.918242102] [gazebo_wind_plugin_node]: WindPlugin: set wind_speed=1.09 wind_direction=-93.7
[gzserver-2] [INFO] [1773155096.158183435] [gazebo_wind_plugin_node]: WindPlugin: set wind_speed=1.16 wind_direction=-91.2
[gzserver-2] [INFO] [1773155096.394756373] [gazebo_wind_plugin_node]: WindPlugin: set wind_speed=1.16 wind_direction=-91.2
[gzserver-2] [INFO] [1773155096.630471845] [gazebo_wind_plugin_node]: WindPlugin: set wind_speed=1.16 wind_direction=-91.2
[gzserver-2] [INFO] [1773155096.864428180] [gazebo_wind_plugin_node]: WindPlugin: set wind_speed=1.16 wind_direction=-91.2
[gzserver-2] [INFO] [1773155097.099921189] [gazebo_wind_plugin_node]: WindPlugin: set wind_speed=0.98 wind_direction=-92.3
