[INFO] [launch]: All log files can be found below /home/j/.ros/log/2026-03-10-14-32-13-828794-j-2364790
[INFO] [launch]: Default logging verbosity is set to INFO
[INFO] [launch.user]: [bringup] Apriltag config: camera=/drone/bottom, image=/drone/bottom/image_raw, tags=/drone/bottom/tags, bridge=/landing_tag_state, standalone=true, use_target_id=true, target_id=0
[INFO] [rviz2-1]: process started with pid [2364793]
[INFO] [gzserver-2]: process started with pid [2364795]
[INFO] [robot_state_publisher-3]: process started with pid [2364797]
[INFO] [joint_state_publisher-4]: process started with pid [2364799]
[INFO] [spawn_drone-5]: process started with pid [2364801]
[INFO] [static_transform_publisher-6]: process started with pid [2364803]
[INFO] [joy_node-7]: process started with pid [2364805]
[INFO] [teleop_joystick-8]: process started with pid [2364807]
[INFO] [apriltag_detector_node-9]: process started with pid [2364809]
[INFO] [apriltag_state_bridge-10]: process started with pid [2364812]
[static_transform_publisher-6] [WARN] [1773120734.300515835] []: Old-style arguments are deprecated; see --help for new-style arguments
[static_transform_publisher-6] [INFO] [1773120734.307238995] [static_transform_publisher_jWLXUXU3a0AWDAqX]: Spinning until stopped - publishing transform
[static_transform_publisher-6] translation: ('0.000000', '0.000000', '0.000000')
[static_transform_publisher-6] rotation: ('0.000000', '0.000000', '0.000000', '1.000000')
[static_transform_publisher-6] from 'world' to '/drone/odom'
[robot_state_publisher-3] [INFO] [1773120734.323376222] [drone.robot_state_publisher]: got segment base_footprint
[robot_state_publisher-3] [INFO] [1773120734.323439826] [drone.robot_state_publisher]: got segment base_link
[robot_state_publisher-3] [INFO] [1773120734.323445743] [drone.robot_state_publisher]: got segment bottom_cam_link
[robot_state_publisher-3] [INFO] [1773120734.323448961] [drone.robot_state_publisher]: got segment front_cam_link
[robot_state_publisher-3] [INFO] [1773120734.323452041] [drone.robot_state_publisher]: got segment sonar_link
[apriltag_detector_node-9] [INFO] [1773120734.334513062] [apriltag_detector_node]: tag detector type: umich
[rviz2-1] 
[rviz2-1] (rviz2:2364793): dbind-WARNING **: 14:32:14.353: Couldn't connect to accessibility bus: Failed to connect to socket /root/.cache/at-spi/bus_0: 허가 거부
[teleop_joystick-8] Traceback (most recent call last):
[teleop_joystick-8]   File "/home/j/INCSL/IICC26_ws/install/sjtu_drone_control/lib/sjtu_drone_control/teleop_joystick", line 33, in <module>
[teleop_joystick-8]     sys.exit(load_entry_point('sjtu_drone_control==0.0.0', 'console_scripts', 'teleop_joystick')())
[teleop_joystick-8]   File "/home/j/INCSL/IICC26_ws/install/sjtu_drone_control/lib/sjtu_drone_control/teleop_joystick", line 22, in importlib_load_entry_point
[teleop_joystick-8]     for entry_point in distribution(dist_name).entry_points
[teleop_joystick-8]   File "/usr/lib/python3.10/importlib/metadata/__init__.py", line 969, in distribution
[teleop_joystick-8]     return Distribution.from_name(distribution_name)
[teleop_joystick-8]   File "/usr/lib/python3.10/importlib/metadata/__init__.py", line 548, in from_name
[teleop_joystick-8]     raise PackageNotFoundError(name)
[teleop_joystick-8] importlib.metadata.PackageNotFoundError: No package metadata was found for sjtu_drone_control
[ERROR] [teleop_joystick-8]: process has died [pid 2364807, exit code 1, cmd '/home/j/INCSL/IICC26_ws/install/sjtu_drone_control/lib/sjtu_drone_control/teleop_joystick --ros-args -r __ns:=/drone'].
[gzserver-2] Gazebo multi-robot simulator, version 11.10.2
[gzserver-2] Copyright (C) 2012 Open Source Robotics Foundation.
[gzserver-2] Released under the Apache 2 License.
[gzserver-2] http://gazebosim.org
[gzserver-2] 
[joint_state_publisher-4] [INFO] [1773120734.551703871] [drone.joint_state_publisher]: Waiting for robot_description to be published on the robot_description topic...
[apriltag_state_bridge-10] [INFO] [1773120734.590465412] [apriltag_state_bridge]: AprilTag bridge started: /drone/bottom/tags -> /landing_tag_state, use_target_id=True, target_id=0
[gzserver-2] [1;33m[Wrn] [gazebo_ros_init.cpp:178] [0m[1;33m
[gzserver-2] #     # ####### ####### ###  #####  #######
[gzserver-2] ##    # #     #    #     #  #     # #
[gzserver-2] # #   # #     #    #     #  #       #
[gzserver-2] #  #  # #     #    #     #  #       #####
[gzserver-2] #   # # #     #    #     #  #       #
[gzserver-2] #    ## #     #    #     #  #     # #
[gzserver-2] #     # #######    #    ###  #####  #######
[gzserver-2] 
[gzserver-2] This version of Gazebo, now called Gazebo classic, reaches end-of-life
[gzserver-2] in January 2025. Users are highly encouraged to migrate to the new Gazebo
[gzserver-2] using our migration guides (https://gazebosim.org/docs/latest/gazebo_classic_migration?utm_source=gazebo_ros_pkgs&utm_medium=cli)
[gzserver-2] 
[gzserver-2] [0m[1;33m
[rviz2-1] [INFO] [1773120735.112398120] [rviz2]: Stereo is NOT SUPPORTED
[rviz2-1] [INFO] [1773120735.112500044] [rviz2]: OpenGl version: 4.6 (GLSL 4.6)
[rviz2-1] [INFO] [1773120735.201030781] [rviz2]: Stereo is NOT SUPPORTED
[rviz2-1] [INFO] [1773120735.290269327] [rviz2]: Stereo is NOT SUPPORTED
[spawn_drone-5] [INFO] [1773120735.684144300] [spawn_drone]: Result False Entity pushed to spawn queue, but spawn service timed outwaiting for entity to appear in simulation under the name [/drone]
[gzserver-2] [1;32m[Msg] [0m[1;32mWaiting for master.[0m[1;32m
[gzserver-2] [0m[1;32m[0m[1;32m[0m[1;32m[Msg] [0m[1;32mConnected to gazebo master @ [0m[1;32mhttp://127.0.0.1:11345[0m[1;32m
[gzserver-2] [0m[1;32m[0m[1;32m[0m[1;32m[Msg] [0m[1;32mPublicized address: [0m[1;32m172.16.52.147[0m[1;32m
[gzserver-2] [0m[1;32m[0m[1;32m[0m[1;32m[Msg] [0m[1;32mLoading world file [[0m[1;32m/home/j/INCSL/IICC26_ws/install/sjtu_drone_description/share/sjtu_drone_description/worlds/landingPad.world[0m[1;32m][0m[1;32m
[gzserver-2] [0m[1;32m[0m[1;32m[0m[1;36m[Dbg] [wind_plugin.cpp:96] [0m[1;36mWindPlugin loaded: speed=[0m[1;36m0[0m[1;36m dir=[0m[1;36m0[0m[1;36m deg area=[0m[1;36m0.1[0m[1;36m coeff=[0m[1;36m1[0m[1;36m
[gzserver-2] [0m[1;33m[0m[1;33m[0m[1;31m[Err] [Sensor.cc:510] [0m[1;31mGet noise index not valid[0m[1;31m
[gzserver-2] [0m[1;31m[0m[1;31m[0m[1;31m[Err] [Sensor.cc:510] [0m[1;31mGet noise index not valid[0m[1;31m
[gzserver-2] [0m[1;31m[0m[1;31m[0m[1;31m[Err] [Sensor.cc:510] [0m[1;31mGet noise index not valid[0m[1;31m
[gzserver-2] [0m[1;31m[0m[1;31m[0m[1;31m[Err] [Sensor.cc:510] [0m[1;31mGet noise index not valid[0m[1;31m
[gzserver-2] [0m[1;31m[0m[1;31m[0m[1;31m[Err] [Sensor.cc:510] [0m[1;31mGet noise index not valid[0m[1;31m
[gzserver-2] [0m[1;31m[0m[1;31m[0m[1;31m[Err] [Sensor.cc:510] [0m[1;31mGet noise index not valid[0m[1;31m
[gzserver-2] [0m[1;31m[0m[1;31m[0mTopic [default//drone/base_footprint/down_camera/image] is not valid.
[gzserver-2] Topic [default//drone/base_footprint/front_camera/image] is not valid.
[gzserver-2] [INFO] [1773120735.716219758] [drone.collision_plugin]: Publishing contact states to [/drone/bumper_states]
[gzserver-2] [1;33m[Wrn] [Event.cc:61] [0m[1;33mWarning: Deleting a connection right after creation. [0m[1;33mMake sure to save the ConnectionPtr from a Connect call
[INFO] [spawn_drone-5]: process has finished cleanly [pid 2364801]
[gzserver-2] [0m[INFO] [1773120736.316321920] [drone.camera_bottom]: Publishing camera info to [/drone/bottom/camera_info]
[gzserver-2] [INFO] [1773120736.320875775] [drone.camera_front]: Publishing camera info to [/drone/front/camera_info]
[gzserver-2] [INFO] [1773120736.443300593] [drone.simple_drone]: The drone plugin is loading!
[gzserver-2] [INFO] [1773120736.443507398] [drone.simple_drone]: pub_odom: 1
[gzserver-2] [INFO] [1773120736.443546605] [drone.simple_drone]: Using following parameters: 
[gzserver-2] 		link_name: base_footprint,
[gzserver-2] 		max_force: 30,
[gzserver-2] 		motion_small_noise: 0,
[gzserver-2] 		motion_drift_noise: 0,
[gzserver-2] 		motion_drift_noise_time: 50,
[gzserver-2] 		takeoff_hover_height: 2.47,
[gzserver-2] 		takeoff_vertical_speed: 0.2
[gzserver-2] [INFO] [1773120736.455008549] [drone.simple_drone]: Using the PID parameters: 
[gzserver-2] 	Roll Pitch:
[gzserver-2] 		kP: 10, kI: 0,kD: 5, Limit: 0.5, Time Constant: 0
[gzserver-2] 	Yaw:
[gzserver-2] 		kP: 2, kI: 0,kD: 1, Limit: 1.5, Time Constant: 0
[gzserver-2] 	Velocity X:
[gzserver-2] 		kP: 5, kI: 0,kD: 2.3, Limit: 2, Time Constant: 0
[gzserver-2] 	Velocity Y:
[gzserver-2] 		kP: 5, kI: 0,kD: 2.3, Limit: 2, Time Constant: 0
[gzserver-2] 	Velocity Z:
[gzserver-2] 		kP: 5, kI: 0,kD: 1, Limit: -1, Time Constant: 0
[gzserver-2] 	Position XY:
[gzserver-2] 		kP: 1.1, kI: 0,kD: 0, Limit: 5, Time Constant: 0
[gzserver-2] 	Position Z:
[gzserver-2] 		kP: 1, kI: 0,kD: 0.2, Limit: -1, Time Constant: 0
[gzserver-2] [INFO] [1773120736.455139089] [drone.simple_drone]: The drone plugin finished loading!
[gzserver-2] [INFO] [1773120743.646092591] [gazebo_wind_plugin_node]: WindPlugin: set wind_speed=0.00 wind_direction=0.0
[gzserver-2] [INFO] [1773120743.901361208] [gazebo_wind_plugin_node]: WindPlugin: set wind_speed=0.00 wind_direction=0.0
[gzserver-2] [INFO] [1773120743.935375783] [drone.simple_drone]: Quadrotor takes off!!
[gzserver-2] [INFO] [1773120744.136123391] [gazebo_wind_plugin_node]: WindPlugin: set wind_speed=0.00 wind_direction=0.0
[gzserver-2] [INFO] [1773120744.375129632] [gazebo_wind_plugin_node]: WindPlugin: set wind_speed=0.00 wind_direction=0.0
[gzserver-2] [INFO] [1773120744.610677747] [gazebo_wind_plugin_node]: WindPlugin: set wind_speed=0.00 wind_direction=0.0
[gzserver-2] [INFO] [1773120744.849899716] [gazebo_wind_plugin_node]: WindPlugin: set wind_speed=0.00 wind_direction=0.0
[gzserver-2] [INFO] [1773120745.089331862] [gazebo_wind_plugin_node]: WindPlugin: set wind_speed=0.00 wind_direction=0.0
[gzserver-2] [INFO] [1773120745.328617709] [gazebo_wind_plugin_node]: WindPlugin: set wind_speed=0.00 wind_direction=0.0
[gzserver-2] [INFO] [1773120745.568074688] [gazebo_wind_plugin_node]: WindPlugin: set wind_speed=0.00 wind_direction=0.0
[gzserver-2] [INFO] [1773120745.802626160] [gazebo_wind_plugin_node]: WindPlugin: set wind_speed=0.00 wind_direction=0.0
[gzserver-2] [0m[1;36m[Dbg] [wind_plugin.cpp:110] [0m[1;36mWindPlugin: received command -> speed=[0m[1;36m0[0m[1;36m dir=[0m[1;36m0[0m[1;36m
[gzserver-2] [0m[1;36m[Dbg] [wind_plugin.cpp:110] [0m[1;36mWindPlugin: received command -> speed=[0m[1;36m0[0m[1;36m dir=[0m[1;36m0[0m[1;36m
[gzserver-2] [0m[1;36m[Dbg] [wind_plugin.cpp:110] [0m[1;36mWindPlugin: received command -> speed=[0m[1;36m0[0m[1;36m dir=[0m[1;36m0[0m[1;36m
[gzserver-2] [0m[1;36m[Dbg] [wind_plugin.cpp:110] [0m[1;36mWindPlugin: received command -> speed=[0m[1;36m0[0m[1;36m dir=[0m[1;36m0[0m[1;36m
[gzserver-2] [0m[1;36m[Dbg] [wind_plugin.cpp:110] [0m[1;36mWindPlugin: received command -> speed=[0m[1;36m0[0m[1;36m dir=[0m[1;36m0[0m[1;36m
[gzserver-2] [0m[1;36m[Dbg] [wind_plugin.cpp:110] [0m[1;36mWindPlugin: received command -> speed=[0m[1;36m0[0m[1;36m dir=[0m[1;36m0[0m[1;36m
[gzserver-2] [0m[1;36m[Dbg] [wind_plugin.cpp:110] [0m[1;36mWindPlugin: received command -> speed=[0m[1;36m0[0m[1;36m dir=[0m[1;36m0[0m[1;36m
[gzserver-2] [0m[1;36m[Dbg] [wind_plugin.cpp:110] [0m[1;36mWindPlugin: received command -> speed=[0m[1;36m0[0m[1;36m dir=[0m[1;36m0[0m[1;36m
[gzserver-2] [0m[1;36m[Dbg] [wind_plugin.cpp:110] [0m[1;36mWindPlugin: received command -> speed=[0m[1;36m0[0m[1;36m dir=[0m[1;36m0[0m[1;36m
[gzserver-2] [0m[1;36m[Dbg] [wind_plugin.cpp:110] [0m[1;36mWindPlugin: received command -> speed=[0m[1;36m0[0m[1;36m dir=[0m[1;36m0[0m[1;36m
[gzserver-2] [0mEntering flying model!
[gzserver-2] [INFO] [1773120746.041806914] [gazebo_wind_plugin_node]: WindPlugin: set wind_speed=0.00 wind_direction=0.0
[gzserver-2] [INFO] [1773120746.281570000] [gazebo_wind_plugin_node]: WindPlugin: set wind_speed=3.74 wind_direction=-112.8
[gzserver-2] [INFO] [1773120746.515660427] [gazebo_wind_plugin_node]: WindPlugin: set wind_speed=3.74 wind_direction=-112.8
[gzserver-2] [INFO] [1773120746.754973324] [gazebo_wind_plugin_node]: WindPlugin: set wind_speed=3.74 wind_direction=-112.8
[gzserver-2] [INFO] [1773120746.994330277] [gazebo_wind_plugin_node]: WindPlugin: set wind_speed=3.74 wind_direction=-112.8
[gzserver-2] [INFO] [1773120747.234025023] [gazebo_wind_plugin_node]: WindPlugin: set wind_speed=3.48 wind_direction=-116.9
[gzserver-2] [INFO] [1773120747.473439874] [gazebo_wind_plugin_node]: WindPlugin: set wind_speed=3.48 wind_direction=-116.9
[gzserver-2] [INFO] [1773120747.712520521] [gazebo_wind_plugin_node]: WindPlugin: set wind_speed=3.48 wind_direction=-116.9
[gzserver-2] [INFO] [1773120747.952280123] [gazebo_wind_plugin_node]: WindPlugin: set wind_speed=3.48 wind_direction=-116.9
[gzserver-2] [INFO] [1773120748.181736322] [gazebo_wind_plugin_node]: WindPlugin: set wind_speed=3.50 wind_direction=-116.5
[gzserver-2] [INFO] [1773120748.421107774] [gazebo_wind_plugin_node]: WindPlugin: set wind_speed=3.50 wind_direction=-116.5
[gzserver-2] [INFO] [1773120748.649860849] [gazebo_wind_plugin_node]: WindPlugin: set wind_speed=3.50 wind_direction=-116.5
[gzserver-2] [INFO] [1773120748.890239822] [gazebo_wind_plugin_node]: WindPlugin: set wind_speed=3.50 wind_direction=-116.5
[gzserver-2] [INFO] [1773120749.129309679] [gazebo_wind_plugin_node]: WindPlugin: set wind_speed=3.50 wind_direction=-116.5
[gzserver-2] [INFO] [1773120749.369999556] [gazebo_wind_plugin_node]: WindPlugin: set wind_speed=3.46 wind_direction=-114.8
[gzserver-2] [INFO] [1773120749.604384301] [gazebo_wind_plugin_node]: WindPlugin: set wind_speed=3.46 wind_direction=-114.8
[gzserver-2] [INFO] [1773120749.833695334] [gazebo_wind_plugin_node]: WindPlugin: set wind_speed=3.46 wind_direction=-114.8
[gzserver-2] [INFO] [1773120750.067980764] [gazebo_wind_plugin_node]: WindPlugin: set wind_speed=3.46 wind_direction=-114.8
[gzserver-2] [INFO] [1773120750.307801209] [gazebo_wind_plugin_node]: WindPlugin: set wind_speed=3.52 wind_direction=-114.0
[gzserver-2] [INFO] [1773120750.536524760] [gazebo_wind_plugin_node]: WindPlugin: set wind_speed=3.52 wind_direction=-114.0
[gzserver-2] [INFO] [1773120750.771264353] [gazebo_wind_plugin_node]: WindPlugin: set wind_speed=3.52 wind_direction=-114.0
[gzserver-2] [INFO] [1773120751.010429473] [gazebo_wind_plugin_node]: WindPlugin: set wind_speed=3.52 wind_direction=-114.0
[gzserver-2] [INFO] [1773120751.239272573] [gazebo_wind_plugin_node]: WindPlugin: set wind_speed=3.70 wind_direction=-117.9
[gzserver-2] [INFO] [1773120751.479954413] [gazebo_wind_plugin_node]: WindPlugin: set wind_speed=3.70 wind_direction=-117.9
[gzserver-2] [INFO] [1773120751.517816381] [drone.simple_drone]: Quadrotor lands!!
[gzserver-2] [INFO] [1773120751.719217120] [gazebo_wind_plugin_node]: WindPlugin: set wind_speed=3.70 wind_direction=-117.9
[gzserver-2] [INFO] [1773120751.953741912] [gazebo_wind_plugin_node]: WindPlugin: set wind_speed=3.70 wind_direction=-117.9
[gzserver-2] [INFO] [1773120752.189809368] [gazebo_wind_plugin_node]: WindPlugin: set wind_speed=3.52 wind_direction=-115.5
[gzserver-2] [1;36m[Dbg] [wind_plugin.cpp:110] [0m[1;36mWindPlugin: received command -> speed=[0m[1;36m0[0m[1;36m dir=[0m[1;36m0[0m[1;36m
[gzserver-2] [0m[1;36m[Dbg] [wind_plugin.cpp:110] [0m[1;36mWindPlugin: received command -> speed=[0m[1;36m3.73889[0m[1;36m dir=[0m[1;36m-112.841[0m[1;36m
[gzserver-2] [0m[1;36m[Dbg] [wind_plugin.cpp:110] [0m[1;36mWindPlugin: received command -> speed=[0m[1;36m3.73889[0m[1;36m dir=[0m[1;36m-112.841[0m[1;36m
[gzserver-2] [0m[1;36m[Dbg] [wind_plugin.cpp:110] [0m[1;36mWindPlugin: received command -> speed=[0m[1;36m3.73889[0m[1;36m dir=[0m[1;36m-112.841[0m[1;36m
[gzserver-2] [0m[1;36m[Dbg] [wind_plugin.cpp:110] [0m[1;36mWindPlugin: received command -> speed=[0m[1;36m3.73889[0m[1;36m dir=[0m[1;36m-112.841[0m[1;36m
[gzserver-2] [0m[1;36m[Dbg] [wind_plugin.cpp:110] [0m[1;36mWindPlugin: received command -> speed=[0m[1;36m3.48419[0m[1;36m dir=[0m[1;36m-116.923[0m[1;36m
[gzserver-2] [0m[1;36m[Dbg] [wind_plugin.cpp:110] [0m[1;36mWindPlugin: received command -> speed=[0m[1;36m3.48419[0m[1;36m dir=[0m[1;36m-116.923[0m[1;36m
[gzserver-2] [0m[1;36m[Dbg] [wind_plugin.cpp:110] [0m[1;36mWindPlugin: received command -> speed=[0m[1;36m3.48419[0m[1;36m dir=[0m[1;36m-116.923[0m[1;36m
[gzserver-2] [0m[1;36m[Dbg] [wind_plugin.cpp:110] [0m[1;36mWindPlugin: received command -> speed=[0m[1;36m3.48419[0m[1;36m dir=[0m[1;36m-116.923[0m[1;36m
[gzserver-2] [0m[1;36m[Dbg] [wind_plugin.cpp:110] [0m[1;36mWindPlugin: received command -> speed=[0m[1;36m3.49997[0m[1;36m dir=[0m[1;36m-116.528[0m[1;36m
[gzserver-2] [0m[1;36m[Dbg] [wind_plugin.cpp:110] [0m[1;36mWindPlugin: received command -> speed=[0m[1;36m3.49997[0m[1;36m dir=[0m[1;36m-116.528[0m[1;36m
[gzserver-2] [0m[1;36m[Dbg] [wind_plugin.cpp:110] [0m[1;36mWindPlugin: received command -> speed=[0m[1;36m3.49997[0m[1;36m dir=[0m[1;36m-116.528[0m[1;36m
[gzserver-2] [0m[1;36m[Dbg] [wind_plugin.cpp:110] [0m[1;36mWindPlugin: received command -> speed=[0m[1;36m3.49997[0m[1;36m dir=[0m[1;36m-116.528[0m[1;36m
[gzserver-2] [0m[1;36m[Dbg] [wind_plugin.cpp:110] [0m[1;36mWindPlugin: received command -> speed=[0m[1;36m3.49997[0m[1;36m dir=[0m[1;36m-116.528[0m[1;36m
[gzserver-2] [0m[1;36m[Dbg] [wind_plugin.cpp:110] [0m[1;36mWindPlugin: received command -> speed=[0m[1;36m3.46072[0m[1;36m dir=[0m[1;36m-114.784[0m[1;36m
[gzserver-2] [0m[1;36m[Dbg] [wind_plugin.cpp:110] [0m[1;36mWindPlugin: received command -> speed=[0m[1;36m3.46072[0m[1;36m dir=[0m[1;36m-114.784[0m[1;36m
[gzserver-2] [0m[1;36m[Dbg] [wind_plugin.cpp:110] [0m[1;36mWindPlugin: received command -> speed=[0m[1;36m3.46072[0m[1;36m dir=[0m[1;36m-114.784[0m[1;36m
[gzserver-2] [0m[1;36m[Dbg] [wind_plugin.cpp:110] [0m[1;36mWindPlugin: received command -> speed=[0m[1;36m3.46072[0m[1;36m dir=[0m[1;36m-114.784[0m[1;36m
[gzserver-2] [0m[1;36m[Dbg] [wind_plugin.cpp:110] [0m[1;36mWindPlugin: received command -> speed=[0m[1;36m3.5202[0m[1;36m dir=[0m[1;36m-114[0m[1;36m
[gzserver-2] [0m[1;36m[Dbg] [wind_plugin.cpp:110] [0m[1;36mWindPlugin: received command -> speed=[0m[1;36m3.5202[0m[1;36m dir=[0m[1;36m-114[0m[1;36m
[gzserver-2] [0m[1;36m[Dbg] [wind_plugin.cpp:110] [0m[1;36mWindPlugin: received command -> speed=[0m[1;36m3.5202[0m[1;36m dir=[0m[1;36m-114[0m[1;36m
[gzserver-2] [0m[1;36m[Dbg] [wind_plugin.cpp:110] [0m[1;36mWindPlugin: received command -> speed=[0m[1;36m3.5202[0m[1;36m dir=[0m[1;36m-114[0m[1;36m
[gzserver-2] [0m[1;36m[Dbg] [wind_plugin.cpp:110] [0m[1;36mWindPlugin: received command -> speed=[0m[1;36m3.69547[0m[1;36m dir=[0m[1;36m-117.902[0m[1;36m
[gzserver-2] [0m[1;36m[Dbg] [wind_plugin.cpp:110] [0m[1;36mWindPlugin: received command -> speed=[0m[1;36m3.69547[0m[1;36m dir=[0m[1;36m-117.902[0m[1;36m
[gzserver-2] [0m[1;36m[Dbg] [wind_plugin.cpp:110] [0m[1;36mWindPlugin: received command -> speed=[0m[1;36m3.69547[0m[1;36m dir=[0m[1;36m-117.902[0m[1;36m
[gzserver-2] [0m[1;36m[Dbg] [wind_plugin.cpp:110] [0m[1;36mWindPlugin: received command -> speed=[0m[1;36m3.69547[0m[1;36m dir=[0m[1;36m-117.902[0m[1;36m
[gzserver-2] [0m[1;36m[Dbg] [wind_plugin.cpp:110] [0m[1;36mWindPlugin: received command -> speed=[0m[1;36m3.52003[0m[1;36m dir=[0m[1;36m-115.455[0m[1;36m
[gzserver-2] [INFO] [1773120752.431569406] [gazebo_wind_plugin_node]: WindPlugin: set wind_speed=3.52 wind_direction=-115.5
[gzserver-2] [0m[1;36m[Dbg] [wind_plugin.cpp:110] [0m[1;36mWindPlugin: received command -> speed=[0m[1;36m3.52003[0m[1;36m dir=[0m[1;36m-115.455[0m[1;36m
[gzserver-2] [0mLanded!
[gzserver-2] [INFO] [1773120752.667070232] [gazebo_wind_plugin_node]: WindPlugin: set wind_speed=3.52 wind_direction=-115.5
[gzserver-2] [INFO] [1773120752.902202314] [gazebo_wind_plugin_node]: WindPlugin: set wind_speed=3.52 wind_direction=-115.5
[gzserver-2] [INFO] [1773120753.136678972] [gazebo_wind_plugin_node]: WindPlugin: set wind_speed=3.52 wind_direction=-115.5
[gzserver-2] [INFO] [1773120753.376220252] [gazebo_wind_plugin_node]: WindPlugin: set wind_speed=3.63 wind_direction=-113.5
[gzserver-2] [INFO] [1773120753.616614082] [gazebo_wind_plugin_node]: WindPlugin: set wind_speed=3.63 wind_direction=-113.5
[gzserver-2] [INFO] [1773120753.849716004] [gazebo_wind_plugin_node]: WindPlugin: set wind_speed=3.63 wind_direction=-113.5
[gzserver-2] [INFO] [1773120754.089152730] [gazebo_wind_plugin_node]: WindPlugin: set wind_speed=3.63 wind_direction=-113.5
[gzserver-2] [INFO] [1773120754.323631282] [gazebo_wind_plugin_node]: WindPlugin: set wind_speed=3.55 wind_direction=-115.7
