[INFO] [launch]: All log files can be found below /home/j/.ros/log/2026-03-11-02-27-29-634777-j-3108478
[INFO] [launch]: Default logging verbosity is set to INFO
[INFO] [launch.user]: [bringup] Apriltag config: camera=/drone/bottom, image=/drone/bottom/image_raw, tags=/drone/bottom/tags, bridge=/landing_tag_state, standalone=true, use_target_id=true, target_id=0
[INFO] [rviz2-1]: process started with pid [3108481]
[INFO] [gzserver-2]: process started with pid [3108483]
[INFO] [robot_state_publisher-3]: process started with pid [3108485]
[INFO] [joint_state_publisher-4]: process started with pid [3108487]
[INFO] [spawn_drone-5]: process started with pid [3108489]
[INFO] [static_transform_publisher-6]: process started with pid [3108491]
[INFO] [joy_node-7]: process started with pid [3108493]
[INFO] [teleop_joystick-8]: process started with pid [3108495]
[INFO] [apriltag_detector_node-9]: process started with pid [3108497]
[INFO] [apriltag_state_bridge-10]: process started with pid [3108500]
[static_transform_publisher-6] [WARN] [1773163650.110860245] []: Old-style arguments are deprecated; see --help for new-style arguments
[static_transform_publisher-6] [INFO] [1773163650.115810115] [static_transform_publisher_njONCiGPLuP9vVqc]: Spinning until stopped - publishing transform
[static_transform_publisher-6] translation: ('0.000000', '0.000000', '0.000000')
[static_transform_publisher-6] rotation: ('0.000000', '0.000000', '0.000000', '1.000000')
[static_transform_publisher-6] from 'world' to '/drone/odom'
[rviz2-1] 
[rviz2-1] (rviz2:3108481): dbind-WARNING **: 02:27:30.134: Couldn't connect to accessibility bus: Failed to connect to socket /root/.cache/at-spi/bus_0: 허가 거부
[robot_state_publisher-3] [INFO] [1773163650.139356338] [drone.robot_state_publisher]: got segment base_footprint
[robot_state_publisher-3] [INFO] [1773163650.139454590] [drone.robot_state_publisher]: got segment base_link
[robot_state_publisher-3] [INFO] [1773163650.139466979] [drone.robot_state_publisher]: got segment bottom_cam_link
[robot_state_publisher-3] [INFO] [1773163650.139475067] [drone.robot_state_publisher]: got segment front_cam_link
[robot_state_publisher-3] [INFO] [1773163650.139482022] [drone.robot_state_publisher]: got segment sonar_link
[apriltag_detector_node-9] [INFO] [1773163650.147185948] [apriltag_detector_node]: tag detector type: umich
[teleop_joystick-8] Traceback (most recent call last):
[teleop_joystick-8]   File "/home/j/INCSL/IICC26_ws/install/sjtu_drone_control/lib/sjtu_drone_control/teleop_joystick", line 33, in <module>
[teleop_joystick-8]     sys.exit(load_entry_point('sjtu_drone_control==0.0.0', 'console_scripts', 'teleop_joystick')())
[teleop_joystick-8]   File "/home/j/INCSL/IICC26_ws/install/sjtu_drone_control/lib/sjtu_drone_control/teleop_joystick", line 22, in importlib_load_entry_point
[teleop_joystick-8]     for entry_point in distribution(dist_name).entry_points
[teleop_joystick-8]   File "/usr/lib/python3.10/importlib/metadata/__init__.py", line 969, in distribution
[teleop_joystick-8]     return Distribution.from_name(distribution_name)
[teleop_joystick-8]   File "/usr/lib/python3.10/importlib/metadata/__init__.py", line 548, in from_name
[teleop_joystick-8]     raise PackageNotFoundError(name)
[teleop_joystick-8] importlib.metadata.PackageNotFoundError: No package metadata was found for sjtu_drone_control
[ERROR] [teleop_joystick-8]: process has died [pid 3108495, exit code 1, cmd '/home/j/INCSL/IICC26_ws/install/sjtu_drone_control/lib/sjtu_drone_control/teleop_joystick --ros-args -r __ns:=/drone'].
[gzserver-2] Gazebo multi-robot simulator, version 11.10.2
[gzserver-2] Copyright (C) 2012 Open Source Robotics Foundation.
[gzserver-2] Released under the Apache 2 License.
[gzserver-2] http://gazebosim.org
[gzserver-2] 
[apriltag_state_bridge-10] [INFO] [1773163650.331201925] [apriltag_state_bridge]: AprilTag bridge started: /drone/bottom/tags -> /landing_tag_state, use_target_id=True, target_id=0
[joint_state_publisher-4] [INFO] [1773163650.383172119] [drone.joint_state_publisher]: Waiting for robot_description to be published on the robot_description topic...
[gzserver-2] [1;33m[Wrn] [gazebo_ros_init.cpp:178] [0m[1;33m
[gzserver-2] #     # ####### ####### ###  #####  #######
[gzserver-2] ##    # #     #    #     #  #     # #
[gzserver-2] # #   # #     #    #     #  #       #
[gzserver-2] #  #  # #     #    #     #  #       #####
[gzserver-2] #   # # #     #    #     #  #       #
[gzserver-2] #    ## #     #    #     #  #     # #
[gzserver-2] #     # #######    #    ###  #####  #######
[gzserver-2] 
[gzserver-2] This version of Gazebo, now called Gazebo classic, reaches end-of-life
[gzserver-2] in January 2025. Users are highly encouraged to migrate to the new Gazebo
[gzserver-2] using our migration guides (https://gazebosim.org/docs/latest/gazebo_classic_migration?utm_source=gazebo_ros_pkgs&utm_medium=cli)
[gzserver-2] 
[gzserver-2] [0m[1;33m
[rviz2-1] [INFO] [1773163650.724136667] [rviz2]: Stereo is NOT SUPPORTED
[rviz2-1] [INFO] [1773163650.724229794] [rviz2]: OpenGl version: 4.6 (GLSL 4.6)
[rviz2-1] [INFO] [1773163650.807932649] [rviz2]: Stereo is NOT SUPPORTED
[rviz2-1] [INFO] [1773163650.903658224] [rviz2]: Stereo is NOT SUPPORTED
[spawn_drone-5] [INFO] [1773163651.411234217] [spawn_drone]: Result False Entity pushed to spawn queue, but spawn service timed outwaiting for entity to appear in simulation under the name [/drone]
[gzserver-2] [1;32m[Msg] [0m[1;32mWaiting for master.[0m[1;32m
[gzserver-2] [0m[1;32m[0m[1;32m[0m[1;32m[Msg] [0m[1;32mConnected to gazebo master @ [0m[1;32mhttp://127.0.0.1:11345[0m[1;32m
[gzserver-2] [0m[1;32m[0m[1;32m[0m[1;32m[Msg] [0m[1;32mPublicized address: [0m[1;32m192.168.0.11[0m[1;32m
[gzserver-2] [0m[1;32m[0m[1;32m[0m[1;32m[Msg] [0m[1;32mLoading world file [[0m[1;32m/home/j/INCSL/IICC26_ws/install/sjtu_drone_description/share/sjtu_drone_description/worlds/landingPad.world[0m[1;32m][0m[1;32m
[gzserver-2] [0m[1;32m[0m[1;32m[0m[1;36m[Dbg] [wind_plugin.cpp:96] [0m[1;36mWindPlugin loaded: speed=[0m[1;36m0[0m[1;36m dir=[0m[1;36m0[0m[1;36m deg area=[0m[1;36m0.1[0m[1;36m coeff=[0m[1;36m1[0m[1;36m
[gzserver-2] [0m[1;33m[0m[1;33m[0m[1;31m[Err] [Sensor.cc:510] [0m[1;31mGet noise index not valid[0m[1;31m
[gzserver-2] [0m[1;31m[0m[1;31m[0m[1;31m[Err] [Sensor.cc:510] [0m[1;31mGet noise index not valid[0m[1;31m
[gzserver-2] [0m[1;31m[0m[1;31m[0m[1;31m[Err] [Sensor.cc:510] [0m[1;31mGet noise index not valid[0m[1;31m
[gzserver-2] [0m[1;31m[0m[1;31m[0m[1;31m[Err] [Sensor.cc:510] [0m[1;31mGet noise index not valid[0m[1;31m
[gzserver-2] [0m[1;31m[0m[1;31m[0m[1;31m[Err] [Sensor.cc:510] [0m[1;31mGet noise index not valid[0m[1;31m
[gzserver-2] [0m[1;31m[0m[1;31m[0m[1;31m[Err] [Sensor.cc:510] [0m[1;31mGet noise index not valid[0m[1;31m
[gzserver-2] [0m[1;31m[0m[1;31m[0mTopic [default//drone/base_footprint/down_camera/image] is not valid.
[gzserver-2] [INFO] [1773163651.441387791] [drone.collision_plugin]: Publishing contact states to [/drone/bumper_states]
[gzserver-2] Topic [default//drone/base_footprint/front_camera/image] is not valid.
[gzserver-2] [1;33m[Wrn] [Event.cc:61] [0m[1;33mWarning: Deleting a connection right after creation. [0m[1;33mMake sure to save the ConnectionPtr from a Connect call
[INFO] [spawn_drone-5]: process has finished cleanly [pid 3108489]
[gzserver-2] [0m[INFO] [1773163652.009747645] [drone.camera_bottom]: Publishing camera info to [/drone/bottom/camera_info]
[gzserver-2] [INFO] [1773163652.012486326] [drone.camera_front]: Publishing camera info to [/drone/front/camera_info]
[gzserver-2] [INFO] [1773163652.134139992] [drone.simple_drone]: The drone plugin is loading!
[gzserver-2] [INFO] [1773163652.134347945] [drone.simple_drone]: pub_odom: 1
[gzserver-2] [INFO] [1773163652.134380174] [drone.simple_drone]: Using following parameters: 
[gzserver-2] 		link_name: base_footprint,
[gzserver-2] 		max_force: 30,
[gzserver-2] 		motion_small_noise: 0,
[gzserver-2] 		motion_drift_noise: 0,
[gzserver-2] 		motion_drift_noise_time: 50,
[gzserver-2] 		takeoff_hover_height: 1.7,
[gzserver-2] 		takeoff_vertical_speed: 0.2
[gzserver-2] [INFO] [1773163652.145983108] [drone.simple_drone]: Using the PID parameters: 
[gzserver-2] 	Roll Pitch:
[gzserver-2] 		kP: 10, kI: 0,kD: 5, Limit: 0.5, Time Constant: 0
[gzserver-2] 	Yaw:
[gzserver-2] 		kP: 2, kI: 0,kD: 1, Limit: 1.5, Time Constant: 0
[gzserver-2] 	Velocity X:
[gzserver-2] 		kP: 5, kI: 0,kD: 2.3, Limit: 2, Time Constant: 0
[gzserver-2] 	Velocity Y:
[gzserver-2] 		kP: 5, kI: 0,kD: 2.3, Limit: 2, Time Constant: 0
[gzserver-2] 	Velocity Z:
[gzserver-2] 		kP: 5, kI: 0,kD: 1, Limit: -1, Time Constant: 0
[gzserver-2] 	Position XY:
[gzserver-2] 		kP: 1.1, kI: 0,kD: 0, Limit: 5, Time Constant: 0
[gzserver-2] 	Position Z:
[gzserver-2] 		kP: 1, kI: 0,kD: 0.2, Limit: -1, Time Constant: 0
[gzserver-2] [INFO] [1773163652.146115338] [drone.simple_drone]: The drone plugin finished loading!
[gzserver-2] [INFO] [1773163659.475078018] [gazebo_wind_plugin_node]: WindPlugin: set wind_speed=0.00 wind_direction=0.0
[gzserver-2] [INFO] [1773163659.741688461] [gazebo_wind_plugin_node]: WindPlugin: set wind_speed=0.00 wind_direction=0.0
[gzserver-2] [INFO] [1773163659.774866206] [drone.simple_drone]: Quadrotor takes off!!
[gzserver-2] [INFO] [1773163659.976014483] [gazebo_wind_plugin_node]: WindPlugin: set wind_speed=0.00 wind_direction=0.0
[gzserver-2] [INFO] [1773163660.216026558] [gazebo_wind_plugin_node]: WindPlugin: set wind_speed=0.00 wind_direction=0.0
[gzserver-2] [INFO] [1773163660.450361134] [gazebo_wind_plugin_node]: WindPlugin: set wind_speed=0.00 wind_direction=0.0
[gzserver-2] [INFO] [1773163660.685175151] [gazebo_wind_plugin_node]: WindPlugin: set wind_speed=0.00 wind_direction=0.0
[gzserver-2] [INFO] [1773163660.927450171] [gazebo_wind_plugin_node]: WindPlugin: set wind_speed=0.00 wind_direction=0.0
[gzserver-2] [INFO] [1773163661.167437042] [gazebo_wind_plugin_node]: WindPlugin: set wind_speed=0.00 wind_direction=0.0
[gzserver-2] [0m[1;36m[Dbg] [wind_plugin.cpp:110] [0m[1;36mWindPlugin: received command -> speed=[0m[1;36m0[0m[1;36m dir=[0m[1;36m0[0m[1;36m
[gzserver-2] [0m[1;36m[Dbg] [wind_plugin.cpp:110] [0m[1;36mWindPlugin: received command -> speed=[0m[1;36m0[0m[1;36m dir=[0m[1;36m0[0m[1;36m
[gzserver-2] [0m[1;36m[Dbg] [wind_plugin.cpp:110] [0m[1;36mWindPlugin: received command -> speed=[0m[1;36m0[0m[1;36m dir=[0m[1;36m0[0m[1;36m
[gzserver-2] [0m[1;36m[Dbg] [wind_plugin.cpp:110] [0m[1;36mWindPlugin: received command -> speed=[0m[1;36m0[0m[1;36m dir=[0m[1;36m0[0m[1;36m
[gzserver-2] [0m[1;36m[Dbg] [wind_plugin.cpp:110] [0m[1;36mWindPlugin: received command -> speed=[0m[1;36m0[0m[1;36m dir=[0m[1;36m0[0m[1;36m
[gzserver-2] [0m[1;36m[Dbg] [wind_plugin.cpp:110] [0m[1;36mWindPlugin: received command -> speed=[0m[1;36m0[0m[1;36m dir=[0m[1;36m0[0m[1;36m
[gzserver-2] [0m[1;36m[Dbg] [wind_plugin.cpp:110] [0m[1;36mWindPlugin: received command -> speed=[0m[1;36m0[0m[1;36m dir=[0m[1;36m0[0m[1;36m
[gzserver-2] [0m[1;36m[Dbg] [wind_plugin.cpp:110] [0m[1;36mWindPlugin: received command -> speed=[0m[1;36m0[0m[1;36m dir=[0m[1;36m0[0m[1;36m
[gzserver-2] [0mEntering flying model!
[gzserver-2] [INFO] [1773163661.406903596] [gazebo_wind_plugin_node]: WindPlugin: set wind_speed=2.16 wind_direction=-116.0
[gzserver-2] [INFO] [1773163661.646639941] [gazebo_wind_plugin_node]: WindPlugin: set wind_speed=2.16 wind_direction=-116.0
[gzserver-2] [INFO] [1773163661.886021585] [gazebo_wind_plugin_node]: WindPlugin: set wind_speed=2.16 wind_direction=-116.0
[gzserver-2] [INFO] [1773163662.126180473] [gazebo_wind_plugin_node]: WindPlugin: set wind_speed=2.16 wind_direction=-114.6
[gzserver-2] [INFO] [1773163662.365443609] [gazebo_wind_plugin_node]: WindPlugin: set wind_speed=2.16 wind_direction=-114.6
[gzserver-2] [INFO] [1773163662.603873912] [gazebo_wind_plugin_node]: WindPlugin: set wind_speed=2.16 wind_direction=-114.6
[gzserver-2] [INFO] [1773163662.838137341] [gazebo_wind_plugin_node]: WindPlugin: set wind_speed=2.16 wind_direction=-114.6
[gzserver-2] [INFO] [1773163663.077620367] [gazebo_wind_plugin_node]: WindPlugin: set wind_speed=2.08 wind_direction=-115.8
[gzserver-2] [INFO] [1773163663.317332623] [gazebo_wind_plugin_node]: WindPlugin: set wind_speed=2.08 wind_direction=-115.8
[gzserver-2] [INFO] [1773163663.556647256] [gazebo_wind_plugin_node]: WindPlugin: set wind_speed=2.08 wind_direction=-115.8
[gzserver-2] [INFO] [1773163663.796382246] [gazebo_wind_plugin_node]: WindPlugin: set wind_speed=2.08 wind_direction=-115.8
[gzserver-2] [INFO] [1773163664.035561668] [gazebo_wind_plugin_node]: WindPlugin: set wind_speed=2.27 wind_direction=-114.4
[gzserver-2] [INFO] [1773163664.269943850] [gazebo_wind_plugin_node]: WindPlugin: set wind_speed=2.27 wind_direction=-114.4
[gzserver-2] [INFO] [1773163664.302669629] [drone.simple_drone]: Quadrotor lands!!
[gzserver-2] [INFO] [1773163664.504079804] [gazebo_wind_plugin_node]: WindPlugin: set wind_speed=2.27 wind_direction=-114.4
[gzserver-2] [INFO] [1773163664.737898476] [gazebo_wind_plugin_node]: WindPlugin: set wind_speed=2.27 wind_direction=-114.4
[gzserver-2] [INFO] [1773163664.977685082] [gazebo_wind_plugin_node]: WindPlugin: set wind_speed=2.27 wind_direction=-116.1
[gzserver-2] [INFO] [1773163665.212416823] [gazebo_wind_plugin_node]: WindPlugin: set wind_speed=2.27 wind_direction=-116.1
[gzserver-2] [1;36m[Dbg] [wind_plugin.cpp:110] [0m[1;36mWindPlugin: received command -> speed=[0m[1;36m2.16172[0m[1;36m dir=[0m[1;36m-115.974[0m[1;36m
[gzserver-2] [0m[1;36m[Dbg] [wind_plugin.cpp:110] [0m[1;36mWindPlugin: received command -> speed=[0m[1;36m2.16172[0m[1;36m dir=[0m[1;36m-115.974[0m[1;36m
[gzserver-2] [0m[1;36m[Dbg] [wind_plugin.cpp:110] [0m[1;36mWindPlugin: received command -> speed=[0m[1;36m2.16172[0m[1;36m dir=[0m[1;36m-115.974[0m[1;36m
[gzserver-2] [0m[1;36m[Dbg] [wind_plugin.cpp:110] [0m[1;36mWindPlugin: received command -> speed=[0m[1;36m2.16072[0m[1;36m dir=[0m[1;36m-114.602[0m[1;36m
[gzserver-2] [0m[1;36m[Dbg] [wind_plugin.cpp:110] [0m[1;36mWindPlugin: received command -> speed=[0m[1;36m2.16072[0m[1;36m dir=[0m[1;36m-114.602[0m[1;36m
[gzserver-2] [0m[1;36m[Dbg] [wind_plugin.cpp:110] [0m[1;36mWindPlugin: received command -> speed=[0m[1;36m2.16072[0m[1;36m dir=[0m[1;36m-114.602[0m[1;36m
[gzserver-2] [0m[1;36m[Dbg] [wind_plugin.cpp:110] [0m[1;36mWindPlugin: received command -> speed=[0m[1;36m2.16072[0m[1;36m dir=[0m[1;36m-114.602[0m[1;36m
[gzserver-2] [0m[1;36m[Dbg] [wind_plugin.cpp:110] [0m[1;36mWindPlugin: received command -> speed=[0m[1;36m2.08474[0m[1;36m dir=[0m[1;36m-115.8[0m[1;36m
[gzserver-2] [0m[1;36m[Dbg] [wind_plugin.cpp:110] [0m[1;36mWindPlugin: received command -> speed=[0m[1;36m2.08474[0m[1;36m dir=[0m[1;36m-115.8[0m[1;36m
[gzserver-2] [0m[1;36m[Dbg] [wind_plugin.cpp:110] [0m[1;36mWindPlugin: received command -> speed=[0m[1;36m2.08474[0m[1;36m dir=[0m[1;36m-115.8[0m[1;36m
[gzserver-2] [0m[1;36m[Dbg] [wind_plugin.cpp:110] [0m[1;36mWindPlugin: received command -> speed=[0m[1;36m2.08474[0m[1;36m dir=[0m[1;36m-115.8[0m[1;36m
[gzserver-2] [0m[1;36m[Dbg] [wind_plugin.cpp:110] [0m[1;36mWindPlugin: received command -> speed=[0m[1;36m2.26955[0m[1;36m dir=[0m[1;36m-114.387[0m[1;36m
[gzserver-2] [0m[1;36m[Dbg] [wind_plugin.cpp:110] [0m[1;36mWindPlugin: received command -> speed=[0m[1;36m2.26955[0m[1;36m dir=[0m[1;36m-114.387[0m[1;36m
[gzserver-2] [0m[1;36m[Dbg] [wind_plugin.cpp:110] [0m[1;36mWindPlugin: received command -> speed=[0m[1;36m2.26955[0m[1;36m dir=[0m[1;36m-114.387[0m[1;36m
[gzserver-2] [0m[1;36m[Dbg] [wind_plugin.cpp:110] [0m[1;36mWindPlugin: received command -> speed=[0m[1;36m2.26955[0m[1;36m dir=[0m[1;36m-114.387[0m[1;36m
[gzserver-2] [0m[1;36m[Dbg] [wind_plugin.cpp:110] [0m[1;36mWindPlugin: received command -> speed=[0m[1;36m2.26541[0m[1;36m dir=[0m[1;36m-116.147[0m[1;36m
[gzserver-2] [0m[1;36m[Dbg] [wind_plugin.cpp:110] [0m[1;36mWindPlugin: received command -> speed=[0m[1;36m2.26541[0m[1;36m dir=[0m[1;36m-116.147[0m[1;36m
[gzserver-2] [0mLanded!
[gzserver-2] [INFO] [1773163665.451810155] [gazebo_wind_plugin_node]: WindPlugin: set wind_speed=2.27 wind_direction=-116.1
[gzserver-2] [INFO] [1773163665.691113530] [gazebo_wind_plugin_node]: WindPlugin: set wind_speed=2.27 wind_direction=-116.1
[gzserver-2] [INFO] [1773163665.930576928] [gazebo_wind_plugin_node]: WindPlugin: set wind_speed=2.27 wind_direction=-116.1
[gzserver-2] [INFO] [1773163666.169937070] [gazebo_wind_plugin_node]: WindPlugin: set wind_speed=2.21 wind_direction=-114.0
[gzserver-2] [INFO] [1773163666.408828155] [gazebo_wind_plugin_node]: WindPlugin: set wind_speed=2.21 wind_direction=-114.0
[gzserver-2] [INFO] [1773163666.647988407] [gazebo_wind_plugin_node]: WindPlugin: set wind_speed=2.21 wind_direction=-114.0
[gzserver-2] [INFO] [1773163666.877054717] [gazebo_wind_plugin_node]: WindPlugin: set wind_speed=2.21 wind_direction=-114.0
[gzserver-2] [INFO] [1773163667.116155793] [gazebo_wind_plugin_node]: WindPlugin: set wind_speed=2.12 wind_direction=-117.1
