[INFO] [launch]: All log files can be found below /home/j/.ros/log/2026-03-10-23-38-52-588135-j-1845982
[INFO] [launch]: Default logging verbosity is set to INFO
[INFO] [launch.user]: [bringup] Apriltag config: camera=/drone/bottom, image=/drone/bottom/image_raw, tags=/drone/bottom/tags, bridge=/landing_tag_state, standalone=true, use_target_id=true, target_id=0
[INFO] [rviz2-1]: process started with pid [1845987]
[INFO] [gzserver-2]: process started with pid [1845989]
[INFO] [robot_state_publisher-3]: process started with pid [1845991]
[INFO] [joint_state_publisher-4]: process started with pid [1845993]
[INFO] [spawn_drone-5]: process started with pid [1845995]
[INFO] [static_transform_publisher-6]: process started with pid [1845997]
[INFO] [joy_node-7]: process started with pid [1845999]
[INFO] [teleop_joystick-8]: process started with pid [1846001]
[INFO] [apriltag_detector_node-9]: process started with pid [1846003]
[INFO] [apriltag_state_bridge-10]: process started with pid [1846006]
[static_transform_publisher-6] [WARN] [1773153533.067797396] []: Old-style arguments are deprecated; see --help for new-style arguments
[static_transform_publisher-6] [INFO] [1773153533.074042940] [static_transform_publisher_U1wwWBuefg0mvF92]: Spinning until stopped - publishing transform
[static_transform_publisher-6] translation: ('0.000000', '0.000000', '0.000000')
[static_transform_publisher-6] rotation: ('0.000000', '0.000000', '0.000000', '1.000000')
[static_transform_publisher-6] from 'world' to '/drone/odom'
[robot_state_publisher-3] [INFO] [1773153533.090493885] [drone.robot_state_publisher]: got segment base_footprint
[robot_state_publisher-3] [INFO] [1773153533.090560310] [drone.robot_state_publisher]: got segment base_link
[robot_state_publisher-3] [INFO] [1773153533.090565941] [drone.robot_state_publisher]: got segment bottom_cam_link
[robot_state_publisher-3] [INFO] [1773153533.090569209] [drone.robot_state_publisher]: got segment front_cam_link
[robot_state_publisher-3] [INFO] [1773153533.090572015] [drone.robot_state_publisher]: got segment sonar_link
[rviz2-1] 
[rviz2-1] (rviz2:1845987): dbind-WARNING **: 23:38:53.097: Couldn't connect to accessibility bus: Failed to connect to socket /root/.cache/at-spi/bus_0: 허가 거부
[apriltag_detector_node-9] [INFO] [1773153533.120732449] [apriltag_detector_node]: tag detector type: umich
[teleop_joystick-8] Traceback (most recent call last):
[teleop_joystick-8]   File "/home/j/INCSL/IICC26_ws/install/sjtu_drone_control/lib/sjtu_drone_control/teleop_joystick", line 33, in <module>
[teleop_joystick-8]     sys.exit(load_entry_point('sjtu_drone_control==0.0.0', 'console_scripts', 'teleop_joystick')())
[teleop_joystick-8]   File "/home/j/INCSL/IICC26_ws/install/sjtu_drone_control/lib/sjtu_drone_control/teleop_joystick", line 22, in importlib_load_entry_point
[teleop_joystick-8]     for entry_point in distribution(dist_name).entry_points
[teleop_joystick-8]   File "/usr/lib/python3.10/importlib/metadata/__init__.py", line 969, in distribution
[teleop_joystick-8]     return Distribution.from_name(distribution_name)
[teleop_joystick-8]   File "/usr/lib/python3.10/importlib/metadata/__init__.py", line 548, in from_name
[teleop_joystick-8]     raise PackageNotFoundError(name)
[teleop_joystick-8] importlib.metadata.PackageNotFoundError: No package metadata was found for sjtu_drone_control
[ERROR] [teleop_joystick-8]: process has died [pid 1846001, exit code 1, cmd '/home/j/INCSL/IICC26_ws/install/sjtu_drone_control/lib/sjtu_drone_control/teleop_joystick --ros-args -r __ns:=/drone'].
[gzserver-2] Gazebo multi-robot simulator, version 11.10.2
[gzserver-2] Copyright (C) 2012 Open Source Robotics Foundation.
[gzserver-2] Released under the Apache 2 License.
[gzserver-2] http://gazebosim.org
[gzserver-2] 
[joint_state_publisher-4] [INFO] [1773153533.290450849] [drone.joint_state_publisher]: Waiting for robot_description to be published on the robot_description topic...
[apriltag_state_bridge-10] [INFO] [1773153533.320676080] [apriltag_state_bridge]: AprilTag bridge started: /drone/bottom/tags -> /landing_tag_state, use_target_id=True, target_id=0
[gzserver-2] [1;33m[Wrn] [gazebo_ros_init.cpp:178] [0m[1;33m
[gzserver-2] #     # ####### ####### ###  #####  #######
[gzserver-2] ##    # #     #    #     #  #     # #
[gzserver-2] # #   # #     #    #     #  #       #
[gzserver-2] #  #  # #     #    #     #  #       #####
[gzserver-2] #   # # #     #    #     #  #       #
[gzserver-2] #    ## #     #    #     #  #     # #
[gzserver-2] #     # #######    #    ###  #####  #######
[gzserver-2] 
[gzserver-2] This version of Gazebo, now called Gazebo classic, reaches end-of-life
[gzserver-2] in January 2025. Users are highly encouraged to migrate to the new Gazebo
[gzserver-2] using our migration guides (https://gazebosim.org/docs/latest/gazebo_classic_migration?utm_source=gazebo_ros_pkgs&utm_medium=cli)
[gzserver-2] 
[gzserver-2] [0m[1;33m
[rviz2-1] [INFO] [1773153533.847386499] [rviz2]: Stereo is NOT SUPPORTED
[rviz2-1] [INFO] [1773153533.847468205] [rviz2]: OpenGl version: 4.6 (GLSL 4.6)
[rviz2-1] [INFO] [1773153533.953633797] [rviz2]: Stereo is NOT SUPPORTED
[rviz2-1] [INFO] [1773153534.032655310] [rviz2]: Stereo is NOT SUPPORTED
[gzserver-2] [1;32m[Msg] [0m[1;32mWaiting for master.[0m[1;32m
[gzserver-2] [0m[1;32m[0m[1;32m[0m[1;32m[Msg] [0m[1;32mConnected to gazebo master @ [0m[1;32mhttp://127.0.0.1:11345[0m[1;32m
[gzserver-2] [0m[1;32m[0m[1;32m[0m[1;32m[Msg] [0m[1;32mPublicized address: [0m[1;32m192.168.0.11[0m[1;32m
[gzserver-2] [0m[1;32m[0m[1;32m[0m[1;32m[Msg] [0m[1;32mLoading world file [[0m[1;32m/home/j/INCSL/IICC26_ws/install/sjtu_drone_description/share/sjtu_drone_description/worlds/landingPad.world[0m[1;32m][0m[1;32m
[gzserver-2] [0m[1;32m[0m[1;32m[0m[1;36m[Dbg] [wind_plugin.cpp:96] [0m[1;36mWindPlugin loaded: speed=[0m[1;36m0[0m[1;36m dir=[0m[1;36m0[0m[1;36m deg area=[0m[1;36m0.1[0m[1;36m coeff=[0m[1;36m1[0m[1;36m
[gzserver-2] [0m[1;33m[0m[1;33m[0m[1;31m[Err] [Sensor.cc:510] [0m[1;31mGet noise index not valid[0m[1;31m
[gzserver-2] [0m[1;31m[0m[1;31m[0m[1;31m[Err] [Sensor.cc:510] [0m[1;31mGet noise index not valid[0m[1;31m
[gzserver-2] [0m[1;31m[0m[1;31m[0m[1;31m[Err] [Sensor.cc:510] [0m[1;31mGet noise index not valid[0m[1;31m
[gzserver-2] [0m[1;31m[0m[1;31m[0m[1;31m[Err] [Sensor.cc:510] [0m[1;31mGet noise index not valid[0m[1;31m
[gzserver-2] [0m[1;31m[0m[1;31m[0m[1;31m[Err] [Sensor.cc:510] [0m[1;31mGet noise index not valid[0m[1;31m
[gzserver-2] [0m[1;31m[0m[1;31m[0m[1;31m[Err] [Sensor.cc:510] [0m[1;31mGet noise index not valid[0m[1;31m
[gzserver-2] [0m[1;31m[0m[1;31m[0mTopic [default//drone/base_footprint/down_camera/image] is not valid.
[gzserver-2] Topic [default//drone/base_footprint/front_camera/image] is not valid.
[gzserver-2] [INFO] [1773153534.504832745] [drone.collision_plugin]: Publishing contact states to [/drone/bumper_states]
[gzserver-2] [1;33m[Wrn] [Event.cc:61] [0m[1;33mWarning: Deleting a connection right after creation. [0m[1;33mMake sure to save the ConnectionPtr from a Connect call
[gzserver-2] [0m[INFO] [1773153535.065334187] [drone.camera_bottom]: Publishing camera info to [/drone/bottom/camera_info]
[gzserver-2] [INFO] [1773153535.069862026] [drone.camera_front]: Publishing camera info to [/drone/front/camera_info]
[spawn_drone-5] [INFO] [1773153535.078482997] [spawn_drone]: Result True SpawnEntity: Successfully spawned entity [/drone]
[gzserver-2] [INFO] [1773153535.191481327] [drone.simple_drone]: The drone plugin is loading!
[gzserver-2] [INFO] [1773153535.191679331] [drone.simple_drone]: pub_odom: 1
[gzserver-2] [INFO] [1773153535.191713257] [drone.simple_drone]: Using following parameters: 
[gzserver-2] 		link_name: base_footprint,
[gzserver-2] 		max_force: 30,
[gzserver-2] 		motion_small_noise: 0,
[gzserver-2] 		motion_drift_noise: 0,
[gzserver-2] 		motion_drift_noise_time: 50,
[gzserver-2] 		takeoff_hover_height: 2.36,
[gzserver-2] 		takeoff_vertical_speed: 0.2
[gzserver-2] [INFO] [1773153535.203431912] [drone.simple_drone]: Using the PID parameters: 
[gzserver-2] 	Roll Pitch:
[gzserver-2] 		kP: 10, kI: 0,kD: 5, Limit: 0.5, Time Constant: 0
[gzserver-2] 	Yaw:
[gzserver-2] 		kP: 2, kI: 0,kD: 1, Limit: 1.5, Time Constant: 0
[gzserver-2] 	Velocity X:
[gzserver-2] 		kP: 5, kI: 0,kD: 2.3, Limit: 2, Time Constant: 0
[gzserver-2] 	Velocity Y:
[gzserver-2] 		kP: 5, kI: 0,kD: 2.3, Limit: 2, Time Constant: 0
[gzserver-2] 	Velocity Z:
[gzserver-2] 		kP: 5, kI: 0,kD: 1, Limit: -1, Time Constant: 0
[gzserver-2] 	Position XY:
[gzserver-2] 		kP: 1.1, kI: 0,kD: 0, Limit: 5, Time Constant: 0
[gzserver-2] 	Position Z:
[gzserver-2] 		kP: 1, kI: 0,kD: 0.2, Limit: -1, Time Constant: 0
[gzserver-2] [INFO] [1773153535.203562272] [drone.simple_drone]: The drone plugin finished loading!
[INFO] [spawn_drone-5]: process has finished cleanly [pid 1845995]
[gzserver-2] [INFO] [1773153542.413285526] [gazebo_wind_plugin_node]: WindPlugin: set wind_speed=0.00 wind_direction=0.0
[gzserver-2] [INFO] [1773153542.684130407] [gazebo_wind_plugin_node]: WindPlugin: set wind_speed=0.00 wind_direction=0.0
[gzserver-2] [INFO] [1773153542.722211555] [drone.simple_drone]: Quadrotor takes off!!
[gzserver-2] [INFO] [1773153542.923534072] [gazebo_wind_plugin_node]: WindPlugin: set wind_speed=0.00 wind_direction=0.0
[gzserver-2] [INFO] [1773153543.164992838] [gazebo_wind_plugin_node]: WindPlugin: set wind_speed=0.00 wind_direction=0.0
[gzserver-2] [INFO] [1773153543.404107290] [gazebo_wind_plugin_node]: WindPlugin: set wind_speed=0.00 wind_direction=0.0
[gzserver-2] [INFO] [1773153543.643479016] [gazebo_wind_plugin_node]: WindPlugin: set wind_speed=0.00 wind_direction=0.0
[gzserver-2] [INFO] [1773153543.882725962] [gazebo_wind_plugin_node]: WindPlugin: set wind_speed=0.00 wind_direction=0.0
[gzserver-2] [INFO] [1773153544.112016956] [gazebo_wind_plugin_node]: WindPlugin: set wind_speed=0.00 wind_direction=0.0
[gzserver-2] [INFO] [1773153544.346559871] [gazebo_wind_plugin_node]: WindPlugin: set wind_speed=0.00 wind_direction=0.0
[gzserver-2] [0m[1;36m[Dbg] [wind_plugin.cpp:110] [0m[1;36mWindPlugin: received command -> speed=[0m[1;36m0[0m[1;36m dir=[0m[1;36m0[0m[1;36m
[gzserver-2] [0m[1;36m[Dbg] [wind_plugin.cpp:110] [0m[1;36mWindPlugin: received command -> speed=[0m[1;36m0[0m[1;36m dir=[0m[1;36m0[0m[1;36m
[gzserver-2] [0m[1;36m[Dbg] [wind_plugin.cpp:110] [0m[1;36mWindPlugin: received command -> speed=[0m[1;36m0[0m[1;36m dir=[0m[1;36m0[0m[1;36m
[gzserver-2] [0m[1;36m[Dbg] [wind_plugin.cpp:110] [0m[1;36mWindPlugin: received command -> speed=[0m[1;36m0[0m[1;36m dir=[0m[1;36m0[0m[1;36m
[gzserver-2] [0m[1;36m[Dbg] [wind_plugin.cpp:110] [0m[1;36mWindPlugin: received command -> speed=[0m[1;36m0[0m[1;36m dir=[0m[1;36m0[0m[1;36m
[gzserver-2] [0m[1;36m[Dbg] [wind_plugin.cpp:110] [0m[1;36mWindPlugin: received command -> speed=[0m[1;36m0[0m[1;36m dir=[0m[1;36m0[0m[1;36m
[gzserver-2] [0m[1;36m[Dbg] [wind_plugin.cpp:110] [0m[1;36mWindPlugin: received command -> speed=[0m[1;36m0[0m[1;36m dir=[0m[1;36m0[0m[1;36m
[gzserver-2] [0m[1;36m[Dbg] [wind_plugin.cpp:110] [0m[1;36mWindPlugin: received command -> speed=[0m[1;36m0[0m[1;36m dir=[0m[1;36m0[0m[1;36m
[gzserver-2] [0m[1;36m[Dbg] [wind_plugin.cpp:110] [0m[1;36mWindPlugin: received command -> speed=[0m[1;36m0[0m[1;36m dir=[0m[1;36m0[0m[1;36m
[gzserver-2] [0mEntering flying model!
[gzserver-2] [INFO] [1773153544.580216679] [gazebo_wind_plugin_node]: WindPlugin: set wind_speed=0.00 wind_direction=0.0
[gzserver-2] [INFO] [1773153544.815217885] [gazebo_wind_plugin_node]: WindPlugin: set wind_speed=0.09 wind_direction=-83.3
[gzserver-2] [INFO] [1773153545.050632770] [gazebo_wind_plugin_node]: WindPlugin: set wind_speed=0.00 wind_direction=-87.0
[gzserver-2] [INFO] [1773153545.290024605] [gazebo_wind_plugin_node]: WindPlugin: set wind_speed=0.00 wind_direction=-87.0
[gzserver-2] [INFO] [1773153545.531642267] [gazebo_wind_plugin_node]: WindPlugin: set wind_speed=0.00 wind_direction=-87.0
[gzserver-2] [INFO] [1773153545.770856366] [gazebo_wind_plugin_node]: WindPlugin: set wind_speed=0.00 wind_direction=-87.0
[gzserver-2] [INFO] [1773153546.010338428] [gazebo_wind_plugin_node]: WindPlugin: set wind_speed=0.25 wind_direction=-83.9
[gzserver-2] [INFO] [1773153546.249449625] [gazebo_wind_plugin_node]: WindPlugin: set wind_speed=0.25 wind_direction=-83.9
[gzserver-2] [INFO] [1773153546.488681463] [gazebo_wind_plugin_node]: WindPlugin: set wind_speed=0.25 wind_direction=-83.9
[gzserver-2] [INFO] [1773153546.728121008] [gazebo_wind_plugin_node]: WindPlugin: set wind_speed=0.25 wind_direction=-83.9
[gzserver-2] [INFO] [1773153546.961820410] [gazebo_wind_plugin_node]: WindPlugin: set wind_speed=0.17 wind_direction=-82.9
[gzserver-2] [INFO] [1773153547.201065294] [gazebo_wind_plugin_node]: WindPlugin: set wind_speed=0.17 wind_direction=-82.9
[gzserver-2] [INFO] [1773153547.440615096] [gazebo_wind_plugin_node]: WindPlugin: set wind_speed=0.17 wind_direction=-82.9
[gzserver-2] [INFO] [1773153547.675099601] [gazebo_wind_plugin_node]: WindPlugin: set wind_speed=0.17 wind_direction=-82.9
[gzserver-2] [INFO] [1773153547.914589803] [gazebo_wind_plugin_node]: WindPlugin: set wind_speed=0.11 wind_direction=-83.2
[gzserver-2] [INFO] [1773153548.154163334] [gazebo_wind_plugin_node]: WindPlugin: set wind_speed=0.11 wind_direction=-83.2
[gzserver-2] [INFO] [1773153548.187958074] [drone.simple_drone]: Quadrotor lands!!
[gzserver-2] [INFO] [1773153548.390328742] [gazebo_wind_plugin_node]: WindPlugin: set wind_speed=0.11 wind_direction=-83.2
[gzserver-2] [INFO] [1773153548.629905131] [gazebo_wind_plugin_node]: WindPlugin: set wind_speed=0.11 wind_direction=-83.2
[gzserver-2] [INFO] [1773153548.853872052] [gazebo_wind_plugin_node]: WindPlugin: set wind_speed=0.11 wind_direction=-83.2
[gzserver-2] [INFO] [1773153549.093685638] [gazebo_wind_plugin_node]: WindPlugin: set wind_speed=0.00 wind_direction=-85.8
[gzserver-2] [1;36m[Dbg] [wind_plugin.cpp:110] [0m[1;36mWindPlugin: received command -> speed=[0m[1;36m0[0m[1;36m dir=[0m[1;36m0[0m[1;36m
[gzserver-2] [0m[1;36m[Dbg] [wind_plugin.cpp:110] [0m[1;36mWindPlugin: received command -> speed=[0m[1;36m0.0925184[0m[1;36m dir=[0m[1;36m-83.2954[0m[1;36m
[gzserver-2] [0m[1;36m[Dbg] [wind_plugin.cpp:110] [0m[1;36mWindPlugin: received command -> speed=[0m[1;36m0[0m[1;36m dir=[0m[1;36m-87.0452[0m[1;36m
[gzserver-2] [0m[1;36m[Dbg] [wind_plugin.cpp:110] [0m[1;36mWindPlugin: received command -> speed=[0m[1;36m0[0m[1;36m dir=[0m[1;36m-87.0452[0m[1;36m
[gzserver-2] [0m[1;36m[Dbg] [wind_plugin.cpp:110] [0m[1;36mWindPlugin: received command -> speed=[0m[1;36m0[0m[1;36m dir=[0m[1;36m-87.0452[0m[1;36m
[gzserver-2] [0m[1;36m[Dbg] [wind_plugin.cpp:110] [0m[1;36mWindPlugin: received command -> speed=[0m[1;36m0[0m[1;36m dir=[0m[1;36m-87.0452[0m[1;36m
[gzserver-2] [0m[1;36m[Dbg] [wind_plugin.cpp:110] [0m[1;36mWindPlugin: received command -> speed=[0m[1;36m0.246378[0m[1;36m dir=[0m[1;36m-83.9196[0m[1;36m
[gzserver-2] [0m[1;36m[Dbg] [wind_plugin.cpp:110] [0m[1;36mWindPlugin: received command -> speed=[0m[1;36m0.246378[0m[1;36m dir=[0m[1;36m-83.9196[0m[1;36m
[gzserver-2] [0m[1;36m[Dbg] [wind_plugin.cpp:110] [0m[1;36mWindPlugin: received command -> speed=[0m[1;36m0.246378[0m[1;36m dir=[0m[1;36m-83.9196[0m[1;36m
[gzserver-2] [0m[1;36m[Dbg] [wind_plugin.cpp:110] [0m[1;36mWindPlugin: received command -> speed=[0m[1;36m0.246378[0m[1;36m dir=[0m[1;36m-83.9196[0m[1;36m
[gzserver-2] [0m[1;36m[Dbg] [wind_plugin.cpp:110] [0m[1;36mWindPlugin: received command -> speed=[0m[1;36m0.173684[0m[1;36m dir=[0m[1;36m-82.9052[0m[1;36m
[gzserver-2] [0m[1;36m[Dbg] [wind_plugin.cpp:110] [0m[1;36mWindPlugin: received command -> speed=[0m[1;36m0.173684[0m[1;36m dir=[0m[1;36m-82.9052[0m[1;36m
[gzserver-2] [0m[1;36m[Dbg] [wind_plugin.cpp:110] [0m[1;36mWindPlugin: received command -> speed=[0m[1;36m0.173684[0m[1;36m dir=[0m[1;36m-82.9052[0m[1;36m
[gzserver-2] [0m[1;36m[Dbg] [wind_plugin.cpp:110] [0m[1;36mWindPlugin: received command -> speed=[0m[1;36m0.173684[0m[1;36m dir=[0m[1;36m-82.9052[0m[1;36m
[gzserver-2] [0m[1;36m[Dbg] [wind_plugin.cpp:110] [0m[1;36mWindPlugin: received command -> speed=[0m[1;36m0.109243[0m[1;36m dir=[0m[1;36m-83.1762[0m[1;36m
[gzserver-2] [0m[1;36m[Dbg] [wind_plugin.cpp:110] [0m[1;36mWindPlugin: received command -> speed=[0m[1;36m0.109243[0m[1;36m dir=[0m[1;36m-83.1762[0m[1;36m
[gzserver-2] [0m[1;36m[Dbg] [wind_plugin.cpp:110] [0m[1;36mWindPlugin: received command -> speed=[0m[1;36m0.109243[0m[1;36m dir=[0m[1;36m-83.1762[0m[1;36m
[gzserver-2] [0m[1;36m[Dbg] [wind_plugin.cpp:110] [0m[1;36mWindPlugin: received command -> speed=[0m[1;36m0.109243[0m[1;36m dir=[0m[1;36m-83.1762[0m[1;36m
[gzserver-2] [0m[1;36m[Dbg] [wind_plugin.cpp:110] [0m[1;36mWindPlugin: received command -> speed=[0m[1;36m0.109243[0m[1;36m dir=[0m[1;36m-83.1762[0m[1;36m
[gzserver-2] [0m[1;36m[Dbg] [wind_plugin.cpp:110] [0m[1;36mWindPlugin: received command -> speed=[0m[1;36m0[0m[1;36m dir=[0m[1;36m-85.8327[0m[1;36m
[gzserver-2] [0mLanded!
[gzserver-2] [INFO] [1773153549.333487698] [gazebo_wind_plugin_node]: WindPlugin: set wind_speed=0.00 wind_direction=-85.8
[gzserver-2] [INFO] [1773153549.562725025] [gazebo_wind_plugin_node]: WindPlugin: set wind_speed=0.00 wind_direction=-85.8
[gzserver-2] [INFO] [1773153549.791456261] [gazebo_wind_plugin_node]: WindPlugin: set wind_speed=0.00 wind_direction=-85.8
[gzserver-2] [INFO] [1773153550.025797136] [gazebo_wind_plugin_node]: WindPlugin: set wind_speed=0.09 wind_direction=-85.9
[gzserver-2] [INFO] [1773153550.259924982] [gazebo_wind_plugin_node]: WindPlugin: set wind_speed=0.09 wind_direction=-85.9
[gzserver-2] [INFO] [1773153550.494903806] [gazebo_wind_plugin_node]: WindPlugin: set wind_speed=0.09 wind_direction=-85.9
[gzserver-2] [INFO] [1773153550.728449237] [gazebo_wind_plugin_node]: WindPlugin: set wind_speed=0.09 wind_direction=-85.9
[gzserver-2] [INFO] [1773153550.967934683] [gazebo_wind_plugin_node]: WindPlugin: set wind_speed=0.07 wind_direction=-85.0
