[INFO] [launch]: All log files can be found below /home/j/.ros/log/2026-03-10-20-36-22-620893-j-308739
[INFO] [launch]: Default logging verbosity is set to INFO
[INFO] [launch.user]: [bringup] Apriltag config: camera=/drone/bottom, image=/drone/bottom/image_raw, tags=/drone/bottom/tags, bridge=/landing_tag_state, standalone=true, use_target_id=true, target_id=0
[INFO] [rviz2-1]: process started with pid [308742]
[INFO] [gzserver-2]: process started with pid [308744]
[INFO] [robot_state_publisher-3]: process started with pid [308746]
[INFO] [joint_state_publisher-4]: process started with pid [308748]
[INFO] [spawn_drone-5]: process started with pid [308750]
[INFO] [static_transform_publisher-6]: process started with pid [308752]
[INFO] [joy_node-7]: process started with pid [308754]
[INFO] [teleop_joystick-8]: process started with pid [308756]
[INFO] [apriltag_detector_node-9]: process started with pid [308758]
[INFO] [apriltag_state_bridge-10]: process started with pid [308761]
[static_transform_publisher-6] [WARN] [1773142583.112493734] []: Old-style arguments are deprecated; see --help for new-style arguments
[static_transform_publisher-6] [INFO] [1773142583.118144420] [static_transform_publisher_XYZid1IvEKwZhFt1]: Spinning until stopped - publishing transform
[static_transform_publisher-6] translation: ('0.000000', '0.000000', '0.000000')
[static_transform_publisher-6] rotation: ('0.000000', '0.000000', '0.000000', '1.000000')
[static_transform_publisher-6] from 'world' to '/drone/odom'
[robot_state_publisher-3] [INFO] [1773142583.133289665] [drone.robot_state_publisher]: got segment base_footprint
[robot_state_publisher-3] [INFO] [1773142583.133348400] [drone.robot_state_publisher]: got segment base_link
[robot_state_publisher-3] [INFO] [1773142583.133354218] [drone.robot_state_publisher]: got segment bottom_cam_link
[robot_state_publisher-3] [INFO] [1773142583.133357707] [drone.robot_state_publisher]: got segment front_cam_link
[robot_state_publisher-3] [INFO] [1773142583.133360639] [drone.robot_state_publisher]: got segment sonar_link
[apriltag_detector_node-9] [INFO] [1773142583.149268362] [apriltag_detector_node]: tag detector type: umich
[rviz2-1] 
[rviz2-1] (rviz2:308742): dbind-WARNING **: 20:36:23.162: Couldn't connect to accessibility bus: Failed to connect to socket /root/.cache/at-spi/bus_0: 허가 거부
[teleop_joystick-8] Traceback (most recent call last):
[teleop_joystick-8]   File "/home/j/INCSL/IICC26_ws/install/sjtu_drone_control/lib/sjtu_drone_control/teleop_joystick", line 33, in <module>
[teleop_joystick-8]     sys.exit(load_entry_point('sjtu_drone_control==0.0.0', 'console_scripts', 'teleop_joystick')())
[teleop_joystick-8]   File "/home/j/INCSL/IICC26_ws/install/sjtu_drone_control/lib/sjtu_drone_control/teleop_joystick", line 22, in importlib_load_entry_point
[teleop_joystick-8]     for entry_point in distribution(dist_name).entry_points
[teleop_joystick-8]   File "/usr/lib/python3.10/importlib/metadata/__init__.py", line 969, in distribution
[teleop_joystick-8]     return Distribution.from_name(distribution_name)
[teleop_joystick-8]   File "/usr/lib/python3.10/importlib/metadata/__init__.py", line 548, in from_name
[teleop_joystick-8]     raise PackageNotFoundError(name)
[teleop_joystick-8] importlib.metadata.PackageNotFoundError: No package metadata was found for sjtu_drone_control
[ERROR] [teleop_joystick-8]: process has died [pid 308756, exit code 1, cmd '/home/j/INCSL/IICC26_ws/install/sjtu_drone_control/lib/sjtu_drone_control/teleop_joystick --ros-args -r __ns:=/drone'].
[gzserver-2] Gazebo multi-robot simulator, version 11.10.2
[gzserver-2] Copyright (C) 2012 Open Source Robotics Foundation.
[gzserver-2] Released under the Apache 2 License.
[gzserver-2] http://gazebosim.org
[gzserver-2] 
[apriltag_state_bridge-10] [INFO] [1773142583.362443305] [apriltag_state_bridge]: AprilTag bridge started: /drone/bottom/tags -> /landing_tag_state, use_target_id=True, target_id=0
[joint_state_publisher-4] [INFO] [1773142583.400142026] [drone.joint_state_publisher]: Waiting for robot_description to be published on the robot_description topic...
[gzserver-2] [1;33m[Wrn] [gazebo_ros_init.cpp:178] [0m[1;33m
[gzserver-2] #     # ####### ####### ###  #####  #######
[gzserver-2] ##    # #     #    #     #  #     # #
[gzserver-2] # #   # #     #    #     #  #       #
[gzserver-2] #  #  # #     #    #     #  #       #####
[gzserver-2] #   # # #     #    #     #  #       #
[gzserver-2] #    ## #     #    #     #  #     # #
[gzserver-2] #     # #######    #    ###  #####  #######
[gzserver-2] 
[gzserver-2] This version of Gazebo, now called Gazebo classic, reaches end-of-life
[gzserver-2] in January 2025. Users are highly encouraged to migrate to the new Gazebo
[gzserver-2] using our migration guides (https://gazebosim.org/docs/latest/gazebo_classic_migration?utm_source=gazebo_ros_pkgs&utm_medium=cli)
[gzserver-2] 
[gzserver-2] [0m[1;33m
[rviz2-1] [INFO] [1773142584.005784986] [rviz2]: Stereo is NOT SUPPORTED
[rviz2-1] [INFO] [1773142584.005879356] [rviz2]: OpenGl version: 4.6 (GLSL 4.6)
[rviz2-1] [INFO] [1773142584.095986467] [rviz2]: Stereo is NOT SUPPORTED
[rviz2-1] [INFO] [1773142584.211950696] [rviz2]: Stereo is NOT SUPPORTED
[spawn_drone-5] [INFO] [1773142584.595968831] [spawn_drone]: Result False Entity pushed to spawn queue, but spawn service timed outwaiting for entity to appear in simulation under the name [/drone]
[gzserver-2] [1;32m[Msg] [0m[1;32mWaiting for master.[0m[1;32m
[gzserver-2] [0m[1;32m[0m[1;32m[0m[1;32m[Msg] [0m[1;32mConnected to gazebo master @ [0m[1;32mhttp://127.0.0.1:11345[0m[1;32m
[gzserver-2] [0m[1;32m[0m[1;32m[0m[1;32m[Msg] [0m[1;32mPublicized address: [0m[1;32m192.168.0.11[0m[1;32m
[gzserver-2] [0m[1;32m[0m[1;32m[0m[1;32m[Msg] [0m[1;32mLoading world file [[0m[1;32m/home/j/INCSL/IICC26_ws/install/sjtu_drone_description/share/sjtu_drone_description/worlds/landingPad.world[0m[1;32m][0m[1;32m
[gzserver-2] [0m[1;32m[0m[1;32m[0m[1;36m[Dbg] [wind_plugin.cpp:96] [0m[1;36mWindPlugin loaded: speed=[0m[1;36m0[0m[1;36m dir=[0m[1;36m0[0m[1;36m deg area=[0m[1;36m0.1[0m[1;36m coeff=[0m[1;36m1[0m[1;36m
[gzserver-2] [0m[1;33m[0m[1;33m[0m[1;31m[Err] [Sensor.cc:510] [0m[1;31mGet noise index not valid[0m[1;31m
[gzserver-2] [0m[1;31m[0m[1;31m[0m[1;31m[Err] [Sensor.cc:510] [0m[1;31mGet noise index not valid[0m[1;31m
[gzserver-2] [0m[1;31m[0m[1;31m[0m[1;31m[Err] [Sensor.cc:510] [0m[1;31mGet noise index not valid[0m[1;31m
[gzserver-2] [0m[1;31m[0m[1;31m[0m[1;31m[Err] [Sensor.cc:510] [0m[1;31mGet noise index not valid[0m[1;31m
[gzserver-2] [0m[1;31m[0m[1;31m[0m[1;31m[Err] [Sensor.cc:510] [0m[1;31mGet noise index not valid[0m[1;31m
[gzserver-2] [0m[1;31m[0m[1;31m[0m[1;31m[Err] [Sensor.cc:510] [0m[1;31mGet noise index not valid[0m[1;31m
[gzserver-2] [0m[1;31m[0m[1;31m[0mTopic [default//drone/base_footprint/down_camera/image] is not valid.
[gzserver-2] [INFO] [1773142584.621561212] [drone.collision_plugin]: Publishing contact states to [/drone/bumper_states]
[gzserver-2] Topic [default//drone/base_footprint/front_camera/image] is not valid.
[gzserver-2] [1;33m[Wrn] [Event.cc:61] [0m[1;33mWarning: Deleting a connection right after creation. [0m[1;33mMake sure to save the ConnectionPtr from a Connect call
[INFO] [spawn_drone-5]: process has finished cleanly [pid 308750]
[gzserver-2] [0m[INFO] [1773142585.207514501] [drone.camera_bottom]: Publishing camera info to [/drone/bottom/camera_info]
[gzserver-2] [INFO] [1773142585.210287432] [drone.camera_front]: Publishing camera info to [/drone/front/camera_info]
[gzserver-2] [INFO] [1773142585.331409498] [drone.simple_drone]: The drone plugin is loading!
[gzserver-2] [INFO] [1773142585.331611616] [drone.simple_drone]: pub_odom: 1
[gzserver-2] [INFO] [1773142585.331644218] [drone.simple_drone]: Using following parameters: 
[gzserver-2] 		link_name: base_footprint,
[gzserver-2] 		max_force: 30,
[gzserver-2] 		motion_small_noise: 0,
[gzserver-2] 		motion_drift_noise: 0,
[gzserver-2] 		motion_drift_noise_time: 50,
[gzserver-2] 		takeoff_hover_height: 1.89,
[gzserver-2] 		takeoff_vertical_speed: 0.2
[gzserver-2] [INFO] [1773142585.343402216] [drone.simple_drone]: Using the PID parameters: 
[gzserver-2] 	Roll Pitch:
[gzserver-2] 		kP: 10, kI: 0,kD: 5, Limit: 0.5, Time Constant: 0
[gzserver-2] 	Yaw:
[gzserver-2] 		kP: 2, kI: 0,kD: 1, Limit: 1.5, Time Constant: 0
[gzserver-2] 	Velocity X:
[gzserver-2] 		kP: 5, kI: 0,kD: 2.3, Limit: 2, Time Constant: 0
[gzserver-2] 	Velocity Y:
[gzserver-2] 		kP: 5, kI: 0,kD: 2.3, Limit: 2, Time Constant: 0
[gzserver-2] 	Velocity Z:
[gzserver-2] 		kP: 5, kI: 0,kD: 1, Limit: -1, Time Constant: 0
[gzserver-2] 	Position XY:
[gzserver-2] 		kP: 1.1, kI: 0,kD: 0, Limit: 5, Time Constant: 0
[gzserver-2] 	Position Z:
[gzserver-2] 		kP: 1, kI: 0,kD: 0.2, Limit: -1, Time Constant: 0
[gzserver-2] [INFO] [1773142585.343533073] [drone.simple_drone]: The drone plugin finished loading!
[gzserver-2] [INFO] [1773142592.468133260] [gazebo_wind_plugin_node]: WindPlugin: set wind_speed=0.00 wind_direction=0.0
[gzserver-2] [INFO] [1773142592.737274131] [gazebo_wind_plugin_node]: WindPlugin: set wind_speed=0.00 wind_direction=0.0
[gzserver-2] [INFO] [1773142592.775420796] [drone.simple_drone]: Quadrotor takes off!!
[gzserver-2] [INFO] [1773142592.976152483] [gazebo_wind_plugin_node]: WindPlugin: set wind_speed=0.00 wind_direction=0.0
[gzserver-2] [INFO] [1773142593.212648311] [gazebo_wind_plugin_node]: WindPlugin: set wind_speed=0.00 wind_direction=0.0
[gzserver-2] [INFO] [1773142593.451839737] [gazebo_wind_plugin_node]: WindPlugin: set wind_speed=0.00 wind_direction=0.0
[gzserver-2] [INFO] [1773142593.680815391] [gazebo_wind_plugin_node]: WindPlugin: set wind_speed=0.00 wind_direction=0.0
[gzserver-2] [INFO] [1773142593.915055346] [gazebo_wind_plugin_node]: WindPlugin: set wind_speed=0.00 wind_direction=0.0
[gzserver-2] [INFO] [1773142594.154188942] [gazebo_wind_plugin_node]: WindPlugin: set wind_speed=0.00 wind_direction=0.0
[gzserver-2] [0m[1;36m[Dbg] [wind_plugin.cpp:110] [0m[1;36mWindPlugin: received command -> speed=[0m[1;36m0[0m[1;36m dir=[0m[1;36m0[0m[1;36m
[gzserver-2] [0m[1;36m[Dbg] [wind_plugin.cpp:110] [0m[1;36mWindPlugin: received command -> speed=[0m[1;36m0[0m[1;36m dir=[0m[1;36m0[0m[1;36m
[gzserver-2] [0m[1;36m[Dbg] [wind_plugin.cpp:110] [0m[1;36mWindPlugin: received command -> speed=[0m[1;36m0[0m[1;36m dir=[0m[1;36m0[0m[1;36m
[gzserver-2] [0m[1;36m[Dbg] [wind_plugin.cpp:110] [0m[1;36mWindPlugin: received command -> speed=[0m[1;36m0[0m[1;36m dir=[0m[1;36m0[0m[1;36m
[gzserver-2] [0m[1;36m[Dbg] [wind_plugin.cpp:110] [0m[1;36mWindPlugin: received command -> speed=[0m[1;36m0[0m[1;36m dir=[0m[1;36m0[0m[1;36m
[gzserver-2] [0m[1;36m[Dbg] [wind_plugin.cpp:110] [0m[1;36mWindPlugin: received command -> speed=[0m[1;36m0[0m[1;36m dir=[0m[1;36m0[0m[1;36m
[gzserver-2] [0m[1;36m[Dbg] [wind_plugin.cpp:110] [0m[1;36mWindPlugin: received command -> speed=[0m[1;36m0[0m[1;36m dir=[0m[1;36m0[0m[1;36m
[gzserver-2] [0m[1;36m[Dbg] [wind_plugin.cpp:110] [0m[1;36mWindPlugin: received command -> speed=[0m[1;36m0[0m[1;36m dir=[0m[1;36m0[0m[1;36m
[gzserver-2] [0mEntering flying model!
[gzserver-2] [INFO] [1773142594.389373898] [gazebo_wind_plugin_node]: WindPlugin: set wind_speed=0.00 wind_direction=0.0
[gzserver-2] [INFO] [1773142594.625389733] [gazebo_wind_plugin_node]: WindPlugin: set wind_speed=1.49 wind_direction=-75.1
[gzserver-2] [INFO] [1773142594.859353575] [gazebo_wind_plugin_node]: WindPlugin: set wind_speed=1.49 wind_direction=-75.1
[gzserver-2] [INFO] [1773142595.100333270] [gazebo_wind_plugin_node]: WindPlugin: set wind_speed=1.56 wind_direction=-74.5
[gzserver-2] [INFO] [1773142595.339731103] [gazebo_wind_plugin_node]: WindPlugin: set wind_speed=1.56 wind_direction=-74.5
[gzserver-2] [INFO] [1773142595.573806981] [gazebo_wind_plugin_node]: WindPlugin: set wind_speed=1.56 wind_direction=-74.5
[gzserver-2] [INFO] [1773142595.813016918] [gazebo_wind_plugin_node]: WindPlugin: set wind_speed=1.56 wind_direction=-74.5
[gzserver-2] [INFO] [1773142596.052419314] [gazebo_wind_plugin_node]: WindPlugin: set wind_speed=1.38 wind_direction=-73.7
[gzserver-2] [INFO] [1773142596.286296411] [gazebo_wind_plugin_node]: WindPlugin: set wind_speed=1.38 wind_direction=-73.7
[gzserver-2] [INFO] [1773142596.521669788] [gazebo_wind_plugin_node]: WindPlugin: set wind_speed=1.38 wind_direction=-73.7
[gzserver-2] [INFO] [1773142596.761867958] [gazebo_wind_plugin_node]: WindPlugin: set wind_speed=1.38 wind_direction=-73.7
[gzserver-2] [INFO] [1773142596.996720904] [gazebo_wind_plugin_node]: WindPlugin: set wind_speed=1.48 wind_direction=-75.0
[gzserver-2] [INFO] [1773142597.235952415] [gazebo_wind_plugin_node]: WindPlugin: set wind_speed=1.48 wind_direction=-75.0
[gzserver-2] [INFO] [1773142597.471287543] [gazebo_wind_plugin_node]: WindPlugin: set wind_speed=1.48 wind_direction=-75.0
[gzserver-2] [INFO] [1773142597.510203592] [drone.simple_drone]: Quadrotor lands!!
[gzserver-2] [INFO] [1773142597.713204061] [gazebo_wind_plugin_node]: WindPlugin: set wind_speed=1.48 wind_direction=-75.0
[gzserver-2] [INFO] [1773142597.952093695] [gazebo_wind_plugin_node]: WindPlugin: set wind_speed=1.48 wind_direction=-75.0
[gzserver-2] [INFO] [1773142598.191694982] [gazebo_wind_plugin_node]: WindPlugin: set wind_speed=1.39 wind_direction=-72.7
[gzserver-2] [INFO] [1773142598.425889248] [gazebo_wind_plugin_node]: WindPlugin: set wind_speed=1.39 wind_direction=-72.7
[gzserver-2] [1;36m[Dbg] [wind_plugin.cpp:110] [0m[1;36mWindPlugin: received command -> speed=[0m[1;36m0[0m[1;36m dir=[0m[1;36m0[0m[1;36m
[gzserver-2] [0m[1;36m[Dbg] [wind_plugin.cpp:110] [0m[1;36mWindPlugin: received command -> speed=[0m[1;36m1.48647[0m[1;36m dir=[0m[1;36m-75.0632[0m[1;36m
[gzserver-2] [0m[1;36m[Dbg] [wind_plugin.cpp:110] [0m[1;36mWindPlugin: received command -> speed=[0m[1;36m1.48647[0m[1;36m dir=[0m[1;36m-75.0632[0m[1;36m
[gzserver-2] [0m[1;36m[Dbg] [wind_plugin.cpp:110] [0m[1;36mWindPlugin: received command -> speed=[0m[1;36m1.56297[0m[1;36m dir=[0m[1;36m-74.4957[0m[1;36m
[gzserver-2] [0m[1;36m[Dbg] [wind_plugin.cpp:110] [0m[1;36mWindPlugin: received command -> speed=[0m[1;36m1.56297[0m[1;36m dir=[0m[1;36m-74.4957[0m[1;36m
[gzserver-2] [0m[1;36m[Dbg] [wind_plugin.cpp:110] [0m[1;36mWindPlugin: received command -> speed=[0m[1;36m1.56297[0m[1;36m dir=[0m[1;36m-74.4957[0m[1;36m
[gzserver-2] [0m[1;36m[Dbg] [wind_plugin.cpp:110] [0m[1;36mWindPlugin: received command -> speed=[0m[1;36m1.56297[0m[1;36m dir=[0m[1;36m-74.4957[0m[1;36m
[gzserver-2] [0m[1;36m[Dbg] [wind_plugin.cpp:110] [0m[1;36mWindPlugin: received command -> speed=[0m[1;36m1.38322[0m[1;36m dir=[0m[1;36m-73.7166[0m[1;36m
[gzserver-2] [0m[1;36m[Dbg] [wind_plugin.cpp:110] [0m[1;36mWindPlugin: received command -> speed=[0m[1;36m1.38322[0m[1;36m dir=[0m[1;36m-73.7166[0m[1;36m
[gzserver-2] [0m[1;36m[Dbg] [wind_plugin.cpp:110] [0m[1;36mWindPlugin: received command -> speed=[0m[1;36m1.38322[0m[1;36m dir=[0m[1;36m-73.7166[0m[1;36m
[gzserver-2] [0m[1;36m[Dbg] [wind_plugin.cpp:110] [0m[1;36mWindPlugin: received command -> speed=[0m[1;36m1.38322[0m[1;36m dir=[0m[1;36m-73.7166[0m[1;36m
[gzserver-2] [0m[1;36m[Dbg] [wind_plugin.cpp:110] [0m[1;36mWindPlugin: received command -> speed=[0m[1;36m1.48145[0m[1;36m dir=[0m[1;36m-74.9888[0m[1;36m
[gzserver-2] [0m[1;36m[Dbg] [wind_plugin.cpp:110] [0m[1;36mWindPlugin: received command -> speed=[0m[1;36m1.48145[0m[1;36m dir=[0m[1;36m-74.9888[0m[1;36m
[gzserver-2] [0m[1;36m[Dbg] [wind_plugin.cpp:110] [0m[1;36mWindPlugin: received command -> speed=[0m[1;36m1.48145[0m[1;36m dir=[0m[1;36m-74.9888[0m[1;36m
[gzserver-2] [0m[1;36m[Dbg] [wind_plugin.cpp:110] [0m[1;36mWindPlugin: received command -> speed=[0m[1;36m1.48145[0m[1;36m dir=[0m[1;36m-74.9888[0m[1;36m
[gzserver-2] [0m[1;36m[Dbg] [wind_plugin.cpp:110] [0m[1;36mWindPlugin: received command -> speed=[0m[1;36m1.48145[0m[1;36m dir=[0m[1;36m-74.9888[0m[1;36m
[gzserver-2] [0m[1;36m[Dbg] [wind_plugin.cpp:110] [0m[1;36mWindPlugin: received command -> speed=[0m[1;36m1.39392[0m[1;36m dir=[0m[1;36m-72.6693[0m[1;36m
[gzserver-2] [0m[1;36m[Dbg] [wind_plugin.cpp:110] [0m[1;36mWindPlugin: received command -> speed=[0m[1;36m1.39392[0m[1;36m dir=[0m[1;36m-72.6693[0m[1;36m
[gzserver-2] [0mLanded!
[gzserver-2] [INFO] [1773142598.662627266] [gazebo_wind_plugin_node]: WindPlugin: set wind_speed=1.39 wind_direction=-72.7
[gzserver-2] [INFO] [1773142598.902037413] [gazebo_wind_plugin_node]: WindPlugin: set wind_speed=1.39 wind_direction=-72.7
[gzserver-2] [INFO] [1773142599.135391421] [gazebo_wind_plugin_node]: WindPlugin: set wind_speed=1.45 wind_direction=-73.9
[gzserver-2] [INFO] [1773142599.374661733] [gazebo_wind_plugin_node]: WindPlugin: set wind_speed=1.45 wind_direction=-73.9
[gzserver-2] [INFO] [1773142599.603752523] [gazebo_wind_plugin_node]: WindPlugin: set wind_speed=1.45 wind_direction=-73.9
[gzserver-2] [INFO] [1773142599.837908834] [gazebo_wind_plugin_node]: WindPlugin: set wind_speed=1.45 wind_direction=-73.9
[gzserver-2] [INFO] [1773142600.071331052] [gazebo_wind_plugin_node]: WindPlugin: set wind_speed=1.34 wind_direction=-75.0
[gzserver-2] [INFO] [1773142600.305496863] [gazebo_wind_plugin_node]: WindPlugin: set wind_speed=1.34 wind_direction=-75.0
