[INFO] [launch]: All log files can be found below /home/j/.ros/log/2026-03-10-15-26-44-024792-j-2883408
[INFO] [launch]: Default logging verbosity is set to INFO
[INFO] [launch.user]: [bringup] Apriltag config: camera=/drone/bottom, image=/drone/bottom/image_raw, tags=/drone/bottom/tags, bridge=/landing_tag_state, standalone=true, use_target_id=true, target_id=0
[INFO] [rviz2-1]: process started with pid [2883411]
[INFO] [gzserver-2]: process started with pid [2883413]
[INFO] [robot_state_publisher-3]: process started with pid [2883415]
[INFO] [joint_state_publisher-4]: process started with pid [2883417]
[INFO] [spawn_drone-5]: process started with pid [2883419]
[INFO] [static_transform_publisher-6]: process started with pid [2883421]
[INFO] [joy_node-7]: process started with pid [2883423]
[INFO] [teleop_joystick-8]: process started with pid [2883425]
[INFO] [apriltag_detector_node-9]: process started with pid [2883427]
[INFO] [apriltag_state_bridge-10]: process started with pid [2883429]
[static_transform_publisher-6] [WARN] [1773124004.495386454] []: Old-style arguments are deprecated; see --help for new-style arguments
[static_transform_publisher-6] [INFO] [1773124004.501334354] [static_transform_publisher_pKETNGElO1yV8qzr]: Spinning until stopped - publishing transform
[static_transform_publisher-6] translation: ('0.000000', '0.000000', '0.000000')
[static_transform_publisher-6] rotation: ('0.000000', '0.000000', '0.000000', '1.000000')
[static_transform_publisher-6] from 'world' to '/drone/odom'
[rviz2-1] 
[rviz2-1] (rviz2:2883411): dbind-WARNING **: 15:26:44.519: Couldn't connect to accessibility bus: Failed to connect to socket /root/.cache/at-spi/bus_0: 허가 거부
[robot_state_publisher-3] [INFO] [1773124004.524879618] [drone.robot_state_publisher]: got segment base_footprint
[robot_state_publisher-3] [INFO] [1773124004.524965490] [drone.robot_state_publisher]: got segment base_link
[robot_state_publisher-3] [INFO] [1773124004.524978200] [drone.robot_state_publisher]: got segment bottom_cam_link
[robot_state_publisher-3] [INFO] [1773124004.524986878] [drone.robot_state_publisher]: got segment front_cam_link
[robot_state_publisher-3] [INFO] [1773124004.524994308] [drone.robot_state_publisher]: got segment sonar_link
[apriltag_detector_node-9] [INFO] [1773124004.530274847] [apriltag_detector_node]: tag detector type: umich
[teleop_joystick-8] Traceback (most recent call last):
[teleop_joystick-8]   File "/home/j/INCSL/IICC26_ws/install/sjtu_drone_control/lib/sjtu_drone_control/teleop_joystick", line 33, in <module>
[teleop_joystick-8]     sys.exit(load_entry_point('sjtu_drone_control==0.0.0', 'console_scripts', 'teleop_joystick')())
[teleop_joystick-8]   File "/home/j/INCSL/IICC26_ws/install/sjtu_drone_control/lib/sjtu_drone_control/teleop_joystick", line 22, in importlib_load_entry_point
[teleop_joystick-8]     for entry_point in distribution(dist_name).entry_points
[teleop_joystick-8]   File "/usr/lib/python3.10/importlib/metadata/__init__.py", line 969, in distribution
[teleop_joystick-8]     return Distribution.from_name(distribution_name)
[teleop_joystick-8]   File "/usr/lib/python3.10/importlib/metadata/__init__.py", line 548, in from_name
[teleop_joystick-8]     raise PackageNotFoundError(name)
[teleop_joystick-8] importlib.metadata.PackageNotFoundError: No package metadata was found for sjtu_drone_control
[ERROR] [teleop_joystick-8]: process has died [pid 2883425, exit code 1, cmd '/home/j/INCSL/IICC26_ws/install/sjtu_drone_control/lib/sjtu_drone_control/teleop_joystick --ros-args -r __ns:=/drone'].
[gzserver-2] Gazebo multi-robot simulator, version 11.10.2
[gzserver-2] Copyright (C) 2012 Open Source Robotics Foundation.
[gzserver-2] Released under the Apache 2 License.
[gzserver-2] http://gazebosim.org
[gzserver-2] 
[joint_state_publisher-4] [INFO] [1773124004.744094558] [drone.joint_state_publisher]: Waiting for robot_description to be published on the robot_description topic...
[apriltag_state_bridge-10] [INFO] [1773124004.773302495] [apriltag_state_bridge]: AprilTag bridge started: /drone/bottom/tags -> /landing_tag_state, use_target_id=True, target_id=0
[gzserver-2] [1;33m[Wrn] [gazebo_ros_init.cpp:178] [0m[1;33m
[gzserver-2] #     # ####### ####### ###  #####  #######
[gzserver-2] ##    # #     #    #     #  #     # #
[gzserver-2] # #   # #     #    #     #  #       #
[gzserver-2] #  #  # #     #    #     #  #       #####
[gzserver-2] #   # # #     #    #     #  #       #
[gzserver-2] #    ## #     #    #     #  #     # #
[gzserver-2] #     # #######    #    ###  #####  #######
[gzserver-2] 
[gzserver-2] This version of Gazebo, now called Gazebo classic, reaches end-of-life
[gzserver-2] in January 2025. Users are highly encouraged to migrate to the new Gazebo
[gzserver-2] using our migration guides (https://gazebosim.org/docs/latest/gazebo_classic_migration?utm_source=gazebo_ros_pkgs&utm_medium=cli)
[gzserver-2] 
[gzserver-2] [0m[1;33m
[rviz2-1] [INFO] [1773124005.338053802] [rviz2]: Stereo is NOT SUPPORTED
[rviz2-1] [INFO] [1773124005.338142052] [rviz2]: OpenGl version: 4.6 (GLSL 4.6)
[rviz2-1] [INFO] [1773124005.442640014] [rviz2]: Stereo is NOT SUPPORTED
[rviz2-1] [INFO] [1773124005.516037502] [rviz2]: Stereo is NOT SUPPORTED
[spawn_drone-5] [INFO] [1773124005.944993897] [spawn_drone]: Result False Entity pushed to spawn queue, but spawn service timed outwaiting for entity to appear in simulation under the name [/drone]
[gzserver-2] [1;32m[Msg] [0m[1;32mWaiting for master.[0m[1;32m
[gzserver-2] [0m[1;32m[0m[1;32m[0m[1;32m[Msg] [0m[1;32mConnected to gazebo master @ [0m[1;32mhttp://127.0.0.1:11345[0m[1;32m
[gzserver-2] [0m[1;32m[0m[1;32m[0m[1;32m[Msg] [0m[1;32mPublicized address: [0m[1;32m172.16.52.147[0m[1;32m
[gzserver-2] [0m[1;32m[0m[1;32m[0m[1;32m[Msg] [0m[1;32mLoading world file [[0m[1;32m/home/j/INCSL/IICC26_ws/install/sjtu_drone_description/share/sjtu_drone_description/worlds/landingPad.world[0m[1;32m][0m[1;32m
[gzserver-2] [0m[1;32m[0m[1;32m[0m[1;36m[Dbg] [wind_plugin.cpp:96] [0m[1;36mWindPlugin loaded: speed=[0m[1;36m0[0m[1;36m dir=[0m[1;36m0[0m[1;36m deg area=[0m[1;36m0.1[0m[1;36m coeff=[0m[1;36m1[0m[1;36m
[gzserver-2] [0m[1;33m[0m[1;33m[0m[1;31m[Err] [Sensor.cc:510] [0m[1;31mGet noise index not valid[0m[1;31m
[gzserver-2] [0m[1;31m[0m[1;31m[0m[1;31m[Err] [Sensor.cc:510] [0m[1;31mGet noise index not valid[0m[1;31m
[gzserver-2] [0m[1;31m[0m[1;31m[0m[1;31m[Err] [Sensor.cc:510] [0m[1;31mGet noise index not valid[0m[1;31m
[gzserver-2] [0m[1;31m[0m[1;31m[0m[1;31m[Err] [Sensor.cc:510] [0m[1;31mGet noise index not valid[0m[1;31m
[gzserver-2] [0m[1;31m[0m[1;31m[0m[1;31m[Err] [Sensor.cc:510] [0m[1;31mGet noise index not valid[0m[1;31m
[gzserver-2] [0m[1;31m[0m[1;31m[0m[1;31m[Err] [Sensor.cc:510] [0m[1;31mGet noise index not valid[0m[1;31m
[gzserver-2] [0m[1;31m[0m[1;31m[0mTopic [default//drone/base_footprint/down_camera/image] is not valid.
[gzserver-2] Topic [default//drone/base_footprint/front_camera/image] is not valid.
[gzserver-2] [INFO] [1773124005.978075131] [drone.collision_plugin]: Publishing contact states to [/drone/bumper_states]
[gzserver-2] [1;33m[Wrn] [Event.cc:61] [0m[1;33mWarning: Deleting a connection right after creation. [0m[1;33mMake sure to save the ConnectionPtr from a Connect call
[INFO] [spawn_drone-5]: process has finished cleanly [pid 2883419]
[gzserver-2] [0m[INFO] [1773124006.556501827] [drone.camera_bottom]: Publishing camera info to [/drone/bottom/camera_info]
[gzserver-2] [INFO] [1773124006.561002235] [drone.camera_front]: Publishing camera info to [/drone/front/camera_info]
[gzserver-2] [INFO] [1773124006.682622717] [drone.simple_drone]: The drone plugin is loading!
[gzserver-2] [INFO] [1773124006.682829643] [drone.simple_drone]: pub_odom: 1
[gzserver-2] [INFO] [1773124006.682873088] [drone.simple_drone]: Using following parameters: 
[gzserver-2] 		link_name: base_footprint,
[gzserver-2] 		max_force: 30,
[gzserver-2] 		motion_small_noise: 0,
[gzserver-2] 		motion_drift_noise: 0,
[gzserver-2] 		motion_drift_noise_time: 50,
[gzserver-2] 		takeoff_hover_height: 2.26,
[gzserver-2] 		takeoff_vertical_speed: 0.2
[gzserver-2] [INFO] [1773124006.694588413] [drone.simple_drone]: Using the PID parameters: 
[gzserver-2] 	Roll Pitch:
[gzserver-2] 		kP: 10, kI: 0,kD: 5, Limit: 0.5, Time Constant: 0
[gzserver-2] 	Yaw:
[gzserver-2] 		kP: 2, kI: 0,kD: 1, Limit: 1.5, Time Constant: 0
[gzserver-2] 	Velocity X:
[gzserver-2] 		kP: 5, kI: 0,kD: 2.3, Limit: 2, Time Constant: 0
[gzserver-2] 	Velocity Y:
[gzserver-2] 		kP: 5, kI: 0,kD: 2.3, Limit: 2, Time Constant: 0
[gzserver-2] 	Velocity Z:
[gzserver-2] 		kP: 5, kI: 0,kD: 1, Limit: -1, Time Constant: 0
[gzserver-2] 	Position XY:
[gzserver-2] 		kP: 1.1, kI: 0,kD: 0, Limit: 5, Time Constant: 0
[gzserver-2] 	Position Z:
[gzserver-2] 		kP: 1, kI: 0,kD: 0.2, Limit: -1, Time Constant: 0
[gzserver-2] [INFO] [1773124006.694723557] [drone.simple_drone]: The drone plugin finished loading!
[gzserver-2] [INFO] [1773124013.890812240] [gazebo_wind_plugin_node]: WindPlugin: set wind_speed=0.00 wind_direction=0.0
[gzserver-2] [INFO] [1773124014.210615137] [gazebo_wind_plugin_node]: WindPlugin: set wind_speed=0.00 wind_direction=0.0
[gzserver-2] [INFO] [1773124014.259737303] [drone.simple_drone]: Quadrotor takes off!!
[gzserver-2] [INFO] [1773124014.472808554] [gazebo_wind_plugin_node]: WindPlugin: set wind_speed=0.00 wind_direction=0.0
[gzserver-2] [INFO] [1773124014.730008002] [gazebo_wind_plugin_node]: WindPlugin: set wind_speed=0.00 wind_direction=0.0
[gzserver-2] [INFO] [1773124014.970364820] [gazebo_wind_plugin_node]: WindPlugin: set wind_speed=0.00 wind_direction=0.0
[gzserver-2] [INFO] [1773124015.204663289] [gazebo_wind_plugin_node]: WindPlugin: set wind_speed=0.00 wind_direction=0.0
[gzserver-2] [INFO] [1773124015.446465417] [gazebo_wind_plugin_node]: WindPlugin: set wind_speed=0.00 wind_direction=0.0
[gzserver-2] [INFO] [1773124015.691097633] [gazebo_wind_plugin_node]: WindPlugin: set wind_speed=0.00 wind_direction=0.0
[gzserver-2] [INFO] [1773124015.931422053] [gazebo_wind_plugin_node]: WindPlugin: set wind_speed=0.00 wind_direction=0.0
[gzserver-2] [0m[1;36m[Dbg] [wind_plugin.cpp:110] [0m[1;36mWindPlugin: received command -> speed=[0m[1;36m0[0m[1;36m dir=[0m[1;36m0[0m[1;36m
[gzserver-2] [0m[1;36m[Dbg] [wind_plugin.cpp:110] [0m[1;36mWindPlugin: received command -> speed=[0m[1;36m0[0m[1;36m dir=[0m[1;36m0[0m[1;36m
[gzserver-2] [0m[1;36m[Dbg] [wind_plugin.cpp:110] [0m[1;36mWindPlugin: received command -> speed=[0m[1;36m0[0m[1;36m dir=[0m[1;36m0[0m[1;36m
[gzserver-2] [0m[1;36m[Dbg] [wind_plugin.cpp:110] [0m[1;36mWindPlugin: received command -> speed=[0m[1;36m0[0m[1;36m dir=[0m[1;36m0[0m[1;36m
[gzserver-2] [0m[1;36m[Dbg] [wind_plugin.cpp:110] [0m[1;36mWindPlugin: received command -> speed=[0m[1;36m0[0m[1;36m dir=[0m[1;36m0[0m[1;36m
[gzserver-2] [0m[1;36m[Dbg] [wind_plugin.cpp:110] [0m[1;36mWindPlugin: received command -> speed=[0m[1;36m0[0m[1;36m dir=[0m[1;36m0[0m[1;36m
[gzserver-2] [0m[1;36m[Dbg] [wind_plugin.cpp:110] [0m[1;36mWindPlugin: received command -> speed=[0m[1;36m0[0m[1;36m dir=[0m[1;36m0[0m[1;36m
[gzserver-2] [0m[1;36m[Dbg] [wind_plugin.cpp:110] [0m[1;36mWindPlugin: received command -> speed=[0m[1;36m0[0m[1;36m dir=[0m[1;36m0[0m[1;36m
[gzserver-2] [0m[1;36m[Dbg] [wind_plugin.cpp:110] [0m[1;36mWindPlugin: received command -> speed=[0m[1;36m0[0m[1;36m dir=[0m[1;36m0[0m[1;36m
[gzserver-2] [0mEntering flying model!
[gzserver-2] [INFO] [1773124016.171408280] [gazebo_wind_plugin_node]: WindPlugin: set wind_speed=0.00 wind_direction=0.0
[gzserver-2] [INFO] [1773124016.432258232] [gazebo_wind_plugin_node]: WindPlugin: set wind_speed=3.62 wind_direction=-98.8
[gzserver-2] [INFO] [1773124016.689992013] [gazebo_wind_plugin_node]: WindPlugin: set wind_speed=3.62 wind_direction=-98.8
[gzserver-2] [INFO] [1773124016.932656614] [gazebo_wind_plugin_node]: WindPlugin: set wind_speed=3.62 wind_direction=-98.8
[gzserver-2] [INFO] [1773124017.172474198] [gazebo_wind_plugin_node]: WindPlugin: set wind_speed=3.62 wind_direction=-98.8
[gzserver-2] [INFO] [1773124017.411861658] [gazebo_wind_plugin_node]: WindPlugin: set wind_speed=3.77 wind_direction=-99.7
[gzserver-2] [INFO] [1773124017.646325428] [gazebo_wind_plugin_node]: WindPlugin: set wind_speed=3.77 wind_direction=-99.7
[gzserver-2] [INFO] [1773124017.886909873] [gazebo_wind_plugin_node]: WindPlugin: set wind_speed=3.77 wind_direction=-99.7
[gzserver-2] [INFO] [1773124018.121920412] [gazebo_wind_plugin_node]: WindPlugin: set wind_speed=3.77 wind_direction=-99.7
[gzserver-2] [INFO] [1773124018.363807719] [gazebo_wind_plugin_node]: WindPlugin: set wind_speed=3.77 wind_direction=-99.7
[gzserver-2] [INFO] [1773124018.607305896] [gazebo_wind_plugin_node]: WindPlugin: set wind_speed=3.63 wind_direction=-102.1
[gzserver-2] [INFO] [1773124018.847004428] [gazebo_wind_plugin_node]: WindPlugin: set wind_speed=3.63 wind_direction=-102.1
[gzserver-2] [INFO] [1773124019.088230000] [gazebo_wind_plugin_node]: WindPlugin: set wind_speed=3.63 wind_direction=-102.1
[gzserver-2] [INFO] [1773124019.328257237] [gazebo_wind_plugin_node]: WindPlugin: set wind_speed=3.63 wind_direction=-102.1
[gzserver-2] [INFO] [1773124019.367636405] [drone.simple_drone]: Quadrotor lands!!
[gzserver-2] [INFO] [1773124019.573724770] [gazebo_wind_plugin_node]: WindPlugin: set wind_speed=3.59 wind_direction=-101.8
[gzserver-2] [INFO] [1773124019.825631551] [gazebo_wind_plugin_node]: WindPlugin: set wind_speed=3.59 wind_direction=-101.8
[gzserver-2] [INFO] [1773124020.069471742] [gazebo_wind_plugin_node]: WindPlugin: set wind_speed=3.59 wind_direction=-101.8
[gzserver-2] [INFO] [1773124020.304378306] [gazebo_wind_plugin_node]: WindPlugin: set wind_speed=3.59 wind_direction=-101.8
[gzserver-2] [1;36m[Dbg] [wind_plugin.cpp:110] [0m[1;36mWindPlugin: received command -> speed=[0m[1;36m0[0m[1;36m dir=[0m[1;36m0[0m[1;36m
[gzserver-2] [0m[1;36m[Dbg] [wind_plugin.cpp:110] [0m[1;36mWindPlugin: received command -> speed=[0m[1;36m3.62456[0m[1;36m dir=[0m[1;36m-98.8461[0m[1;36m
[gzserver-2] [0m[1;36m[Dbg] [wind_plugin.cpp:110] [0m[1;36mWindPlugin: received command -> speed=[0m[1;36m3.62456[0m[1;36m dir=[0m[1;36m-98.8461[0m[1;36m
[gzserver-2] [0m[1;36m[Dbg] [wind_plugin.cpp:110] [0m[1;36mWindPlugin: received command -> speed=[0m[1;36m3.62456[0m[1;36m dir=[0m[1;36m-98.8461[0m[1;36m
[gzserver-2] [0m[1;36m[Dbg] [wind_plugin.cpp:110] [0m[1;36mWindPlugin: received command -> speed=[0m[1;36m3.62456[0m[1;36m dir=[0m[1;36m-98.8461[0m[1;36m
[gzserver-2] [0m[1;36m[Dbg] [wind_plugin.cpp:110] [0m[1;36mWindPlugin: received command -> speed=[0m[1;36m3.77053[0m[1;36m dir=[0m[1;36m-99.6864[0m[1;36m
[gzserver-2] [0m[1;36m[Dbg] [wind_plugin.cpp:110] [0m[1;36mWindPlugin: received command -> speed=[0m[1;36m3.77053[0m[1;36m dir=[0m[1;36m-99.6864[0m[1;36m
[gzserver-2] [0m[1;36m[Dbg] [wind_plugin.cpp:110] [0m[1;36mWindPlugin: received command -> speed=[0m[1;36m3.77053[0m[1;36m dir=[0m[1;36m-99.6864[0m[1;36m
[gzserver-2] [0m[1;36m[Dbg] [wind_plugin.cpp:110] [0m[1;36mWindPlugin: received command -> speed=[0m[1;36m3.77053[0m[1;36m dir=[0m[1;36m-99.6864[0m[1;36m
[gzserver-2] [0m[1;36m[Dbg] [wind_plugin.cpp:110] [0m[1;36mWindPlugin: received command -> speed=[0m[1;36m3.77053[0m[1;36m dir=[0m[1;36m-99.6864[0m[1;36m
[gzserver-2] [0m[1;36m[Dbg] [wind_plugin.cpp:110] [0m[1;36mWindPlugin: received command -> speed=[0m[1;36m3.63044[0m[1;36m dir=[0m[1;36m-102.138[0m[1;36m
[gzserver-2] [0m[1;36m[Dbg] [wind_plugin.cpp:110] [0m[1;36mWindPlugin: received command -> speed=[0m[1;36m3.63044[0m[1;36m dir=[0m[1;36m-102.138[0m[1;36m
[gzserver-2] [0m[1;36m[Dbg] [wind_plugin.cpp:110] [0m[1;36mWindPlugin: received command -> speed=[0m[1;36m3.63044[0m[1;36m dir=[0m[1;36m-102.138[0m[1;36m
[gzserver-2] [0m[1;36m[Dbg] [wind_plugin.cpp:110] [0m[1;36mWindPlugin: received command -> speed=[0m[1;36m3.63044[0m[1;36m dir=[0m[1;36m-102.138[0m[1;36m
[gzserver-2] [0m[1;36m[Dbg] [wind_plugin.cpp:110] [0m[1;36mWindPlugin: received command -> speed=[0m[1;36m3.59443[0m[1;36m dir=[0m[1;36m-101.774[0m[1;36m
[gzserver-2] [0m[1;36m[Dbg] [wind_plugin.cpp:110] [0m[1;36mWindPlugin: received command -> speed=[0m[1;36m3.59443[0m[1;36m dir=[0m[1;36m-101.774[0m[1;36m
[gzserver-2] [0m[1;36m[Dbg] [wind_plugin.cpp:110] [0m[1;36mWindPlugin: received command -> speed=[0m[1;36m3.59443[0m[1;36m dir=[0m[1;36m-101.774[0m[1;36m
[gzserver-2] [0m[1;36m[Dbg] [wind_plugin.cpp:110] [0m[1;36mWindPlugin: received command -> speed=[0m[1;36m3.59443[0m[1;36m dir=[0m[1;36m-101.774[0m[1;36m
[gzserver-2] [0mLanded!
[gzserver-2] [INFO] [1773124020.543924791] [gazebo_wind_plugin_node]: WindPlugin: set wind_speed=3.48 wind_direction=-100.1
[gzserver-2] [INFO] [1773124020.779294489] [gazebo_wind_plugin_node]: WindPlugin: set wind_speed=3.48 wind_direction=-100.1
[gzserver-2] [INFO] [1773124021.014293823] [gazebo_wind_plugin_node]: WindPlugin: set wind_speed=3.48 wind_direction=-100.1
[gzserver-2] [INFO] [1773124021.254206147] [gazebo_wind_plugin_node]: WindPlugin: set wind_speed=3.48 wind_direction=-100.1
[gzserver-2] [INFO] [1773124021.497515510] [gazebo_wind_plugin_node]: WindPlugin: set wind_speed=3.42 wind_direction=-102.6
[gzserver-2] [INFO] [1773124021.741155073] [gazebo_wind_plugin_node]: WindPlugin: set wind_speed=3.42 wind_direction=-102.6
[gzserver-2] [INFO] [1773124021.982369426] [gazebo_wind_plugin_node]: WindPlugin: set wind_speed=3.42 wind_direction=-102.6
[gzserver-2] [INFO] [1773124022.217238509] [gazebo_wind_plugin_node]: WindPlugin: set wind_speed=3.42 wind_direction=-102.6
