[INFO] [launch]: All log files can be found below /home/j/.ros/log/2026-03-11-05-20-03-404271-j-552755
[INFO] [launch]: Default logging verbosity is set to INFO
[INFO] [launch.user]: [bringup] Apriltag config: camera=/drone/bottom, image=/drone/bottom/image_raw, tags=/drone/bottom/tags, bridge=/landing_tag_state, standalone=true, use_target_id=true, target_id=0
[INFO] [rviz2-1]: process started with pid [552768]
[INFO] [gzserver-2]: process started with pid [552770]
[INFO] [robot_state_publisher-3]: process started with pid [552772]
[INFO] [joint_state_publisher-4]: process started with pid [552774]
[INFO] [spawn_drone-5]: process started with pid [552776]
[INFO] [static_transform_publisher-6]: process started with pid [552778]
[INFO] [joy_node-7]: process started with pid [552780]
[INFO] [teleop_joystick-8]: process started with pid [552782]
[INFO] [apriltag_detector_node-9]: process started with pid [552784]
[INFO] [apriltag_state_bridge-10]: process started with pid [552787]
[static_transform_publisher-6] [WARN] [1773174003.875519483] []: Old-style arguments are deprecated; see --help for new-style arguments
[static_transform_publisher-6] [INFO] [1773174003.881947629] [static_transform_publisher_SO1KxHfEvxO8GIpB]: Spinning until stopped - publishing transform
[static_transform_publisher-6] translation: ('0.000000', '0.000000', '0.000000')
[static_transform_publisher-6] rotation: ('0.000000', '0.000000', '0.000000', '1.000000')
[static_transform_publisher-6] from 'world' to '/drone/odom'
[rviz2-1] 
[rviz2-1] (rviz2:552768): dbind-WARNING **: 05:20:03.903: Couldn't connect to accessibility bus: Failed to connect to socket /root/.cache/at-spi/bus_0: 허가 거부
[robot_state_publisher-3] [INFO] [1773174003.910785806] [drone.robot_state_publisher]: got segment base_footprint
[robot_state_publisher-3] [INFO] [1773174003.910884184] [drone.robot_state_publisher]: got segment base_link
[robot_state_publisher-3] [INFO] [1773174003.910896195] [drone.robot_state_publisher]: got segment bottom_cam_link
[robot_state_publisher-3] [INFO] [1773174003.910904255] [drone.robot_state_publisher]: got segment front_cam_link
[robot_state_publisher-3] [INFO] [1773174003.910911170] [drone.robot_state_publisher]: got segment sonar_link
[teleop_joystick-8] Traceback (most recent call last):
[teleop_joystick-8]   File "/home/j/INCSL/IICC26_ws/install/sjtu_drone_control/lib/sjtu_drone_control/teleop_joystick", line 33, in <module>
[teleop_joystick-8]     sys.exit(load_entry_point('sjtu_drone_control==0.0.0', 'console_scripts', 'teleop_joystick')())
[teleop_joystick-8]   File "/home/j/INCSL/IICC26_ws/install/sjtu_drone_control/lib/sjtu_drone_control/teleop_joystick", line 22, in importlib_load_entry_point
[teleop_joystick-8]     for entry_point in distribution(dist_name).entry_points
[teleop_joystick-8]   File "/usr/lib/python3.10/importlib/metadata/__init__.py", line 969, in distribution
[teleop_joystick-8]     return Distribution.from_name(distribution_name)
[teleop_joystick-8]   File "/usr/lib/python3.10/importlib/metadata/__init__.py", line 548, in from_name
[teleop_joystick-8]     raise PackageNotFoundError(name)
[teleop_joystick-8] importlib.metadata.PackageNotFoundError: No package metadata was found for sjtu_drone_control
[apriltag_detector_node-9] [INFO] [1773174003.932994918] [apriltag_detector_node]: tag detector type: umich
[ERROR] [teleop_joystick-8]: process has died [pid 552782, exit code 1, cmd '/home/j/INCSL/IICC26_ws/install/sjtu_drone_control/lib/sjtu_drone_control/teleop_joystick --ros-args -r __ns:=/drone'].
[gzserver-2] Gazebo multi-robot simulator, version 11.10.2
[gzserver-2] Copyright (C) 2012 Open Source Robotics Foundation.
[gzserver-2] Released under the Apache 2 License.
[gzserver-2] http://gazebosim.org
[gzserver-2] 
[joint_state_publisher-4] [INFO] [1773174004.094261826] [drone.joint_state_publisher]: Waiting for robot_description to be published on the robot_description topic...
[apriltag_state_bridge-10] [INFO] [1773174004.159068904] [apriltag_state_bridge]: AprilTag bridge started: /drone/bottom/tags -> /landing_tag_state, use_target_id=True, target_id=0
[gzserver-2] [1;33m[Wrn] [gazebo_ros_init.cpp:178] [0m[1;33m
[gzserver-2] #     # ####### ####### ###  #####  #######
[gzserver-2] ##    # #     #    #     #  #     # #
[gzserver-2] # #   # #     #    #     #  #       #
[gzserver-2] #  #  # #     #    #     #  #       #####
[gzserver-2] #   # # #     #    #     #  #       #
[gzserver-2] #    ## #     #    #     #  #     # #
[gzserver-2] #     # #######    #    ###  #####  #######
[gzserver-2] 
[gzserver-2] This version of Gazebo, now called Gazebo classic, reaches end-of-life
[gzserver-2] in January 2025. Users are highly encouraged to migrate to the new Gazebo
[gzserver-2] using our migration guides (https://gazebosim.org/docs/latest/gazebo_classic_migration?utm_source=gazebo_ros_pkgs&utm_medium=cli)
[gzserver-2] 
[gzserver-2] [0m[1;33m
[rviz2-1] [INFO] [1773174004.343934052] [rviz2]: Stereo is NOT SUPPORTED
[rviz2-1] [INFO] [1773174004.344037449] [rviz2]: OpenGl version: 4.6 (GLSL 4.6)
[rviz2-1] [INFO] [1773174004.448121618] [rviz2]: Stereo is NOT SUPPORTED
[rviz2-1] [INFO] [1773174004.593140267] [rviz2]: Stereo is NOT SUPPORTED
[gzserver-2] [1;32m[Msg] [0m[1;32mWaiting for master.[0m[1;32m
[gzserver-2] [0m[1;32m[0m[1;32m[0m[1;32m[Msg] [0m[1;32mConnected to gazebo master @ [0m[1;32mhttp://127.0.0.1:11345[0m[1;32m
[gzserver-2] [0m[1;32m[0m[1;32m[0m[1;32m[Msg] [0m[1;32mPublicized address: [0m[1;32m192.168.0.11[0m[1;32m
[gzserver-2] [0m[1;32m[0m[1;32m[0m[1;32m[Msg] [0m[1;32mLoading world file [[0m[1;32m/home/j/INCSL/IICC26_ws/install/sjtu_drone_description/share/sjtu_drone_description/worlds/landingPad.world[0m[1;32m][0m[1;32m
[gzserver-2] [0m[1;32m[0m[1;32m[0m[1;36m[Dbg] [wind_plugin.cpp:96] [0m[1;36mWindPlugin loaded: speed=[0m[1;36m0[0m[1;36m dir=[0m[1;36m0[0m[1;36m deg area=[0m[1;36m0.1[0m[1;36m coeff=[0m[1;36m1[0m[1;36m
[gzserver-2] [0m[1;33m[0m[1;33m[0m[1;31m[Err] [Sensor.cc:510] [0m[1;31mGet noise index not valid[0m[1;31m
[gzserver-2] [0m[1;31m[0m[1;31m[0m[1;31m[Err] [Sensor.cc:510] [0m[1;31mGet noise index not valid[0m[1;31m
[gzserver-2] [0m[1;31m[0m[1;31m[0m[1;31m[Err] [Sensor.cc:510] [0m[1;31mGet noise index not valid[0m[1;31m
[gzserver-2] [0m[1;31m[0m[1;31m[0m[1;31m[Err] [Sensor.cc:510] [0m[1;31mGet noise index not valid[0m[1;31m
[gzserver-2] [0m[1;31m[0m[1;31m[0m[1;31m[Err] [Sensor.cc:510] [0m[1;31mGet noise index not valid[0m[1;31m
[gzserver-2] [0m[1;31m[0m[1;31m[0m[1;31m[Err] [Sensor.cc:510] [0m[1;31mGet noise index not valid[0m[1;31m
[gzserver-2] [0m[1;31m[0m[1;31m[0mTopic [default//drone/base_footprint/down_camera/image] is not valid.
[gzserver-2] [INFO] [1773174005.361358499] [drone.collision_plugin]: Publishing contact states to [/drone/bumper_states]
[gzserver-2] Topic [default//drone/base_footprint/front_camera/image] is not valid.
[gzserver-2] [1;33m[Wrn] [Event.cc:61] [0m[1;33mWarning: Deleting a connection right after creation. [0m[1;33mMake sure to save the ConnectionPtr from a Connect call
[gzserver-2] [0m[INFO] [1773174005.746265740] [drone.camera_bottom]: Publishing camera info to [/drone/bottom/camera_info]
[gzserver-2] [INFO] [1773174005.749205725] [drone.camera_front]: Publishing camera info to [/drone/front/camera_info]
[spawn_drone-5] [INFO] [1773174005.758402565] [spawn_drone]: Result True SpawnEntity: Successfully spawned entity [/drone]
[gzserver-2] [INFO] [1773174005.870790398] [drone.simple_drone]: The drone plugin is loading!
[gzserver-2] [INFO] [1773174005.871001726] [drone.simple_drone]: pub_odom: 1
[gzserver-2] [INFO] [1773174005.871037424] [drone.simple_drone]: Using following parameters: 
[gzserver-2] 		link_name: base_footprint,
[gzserver-2] 		max_force: 30,
[gzserver-2] 		motion_small_noise: 0,
[gzserver-2] 		motion_drift_noise: 0,
[gzserver-2] 		motion_drift_noise_time: 50,
[gzserver-2] 		takeoff_hover_height: 2.09,
[gzserver-2] 		takeoff_vertical_speed: 0.2
[gzserver-2] [INFO] [1773174005.882615278] [drone.simple_drone]: Using the PID parameters: 
[gzserver-2] 	Roll Pitch:
[gzserver-2] 		kP: 10, kI: 0,kD: 5, Limit: 0.5, Time Constant: 0
[gzserver-2] 	Yaw:
[gzserver-2] 		kP: 2, kI: 0,kD: 1, Limit: 1.5, Time Constant: 0
[gzserver-2] 	Velocity X:
[gzserver-2] 		kP: 5, kI: 0,kD: 2.3, Limit: 2, Time Constant: 0
[gzserver-2] 	Velocity Y:
[gzserver-2] 		kP: 5, kI: 0,kD: 2.3, Limit: 2, Time Constant: 0
[gzserver-2] 	Velocity Z:
[gzserver-2] 		kP: 5, kI: 0,kD: 1, Limit: -1, Time Constant: 0
[gzserver-2] 	Position XY:
[gzserver-2] 		kP: 1.1, kI: 0,kD: 0, Limit: 5, Time Constant: 0
[gzserver-2] 	Position Z:
[gzserver-2] 		kP: 1, kI: 0,kD: 0.2, Limit: -1, Time Constant: 0
[gzserver-2] [INFO] [1773174005.882752032] [drone.simple_drone]: The drone plugin finished loading!
[INFO] [spawn_drone-5]: process has finished cleanly [pid 552776]
[gzserver-2] [INFO] [1773174013.250362145] [gazebo_wind_plugin_node]: WindPlugin: set wind_speed=0.00 wind_direction=0.0
[gzserver-2] [INFO] [1773174013.522485543] [gazebo_wind_plugin_node]: WindPlugin: set wind_speed=0.00 wind_direction=0.0
[gzserver-2] [INFO] [1773174013.555924598] [drone.simple_drone]: Quadrotor takes off!!
[gzserver-2] [INFO] [1773174013.756985409] [gazebo_wind_plugin_node]: WindPlugin: set wind_speed=0.00 wind_direction=0.0
[gzserver-2] [INFO] [1773174013.995643259] [gazebo_wind_plugin_node]: WindPlugin: set wind_speed=0.00 wind_direction=0.0
[gzserver-2] [INFO] [1773174014.237132555] [gazebo_wind_plugin_node]: WindPlugin: set wind_speed=0.00 wind_direction=0.0
[gzserver-2] [INFO] [1773174014.476541421] [gazebo_wind_plugin_node]: WindPlugin: set wind_speed=0.00 wind_direction=0.0
[gzserver-2] [INFO] [1773174014.710918873] [gazebo_wind_plugin_node]: WindPlugin: set wind_speed=0.00 wind_direction=0.0
[gzserver-2] [INFO] [1773174014.950499640] [gazebo_wind_plugin_node]: WindPlugin: set wind_speed=0.00 wind_direction=0.0
[gzserver-2] [INFO] [1773174015.190143642] [gazebo_wind_plugin_node]: WindPlugin: set wind_speed=0.00 wind_direction=0.0
[gzserver-2] [0m[1;36m[Dbg] [wind_plugin.cpp:110] [0m[1;36mWindPlugin: received command -> speed=[0m[1;36m0[0m[1;36m dir=[0m[1;36m0[0m[1;36m
[gzserver-2] [0m[1;36m[Dbg] [wind_plugin.cpp:110] [0m[1;36mWindPlugin: received command -> speed=[0m[1;36m0[0m[1;36m dir=[0m[1;36m0[0m[1;36m
[gzserver-2] [0m[1;36m[Dbg] [wind_plugin.cpp:110] [0m[1;36mWindPlugin: received command -> speed=[0m[1;36m0[0m[1;36m dir=[0m[1;36m0[0m[1;36m
[gzserver-2] [0m[1;36m[Dbg] [wind_plugin.cpp:110] [0m[1;36mWindPlugin: received command -> speed=[0m[1;36m0[0m[1;36m dir=[0m[1;36m0[0m[1;36m
[gzserver-2] [0m[1;36m[Dbg] [wind_plugin.cpp:110] [0m[1;36mWindPlugin: received command -> speed=[0m[1;36m0[0m[1;36m dir=[0m[1;36m0[0m[1;36m
[gzserver-2] [0m[1;36m[Dbg] [wind_plugin.cpp:110] [0m[1;36mWindPlugin: received command -> speed=[0m[1;36m0[0m[1;36m dir=[0m[1;36m0[0m[1;36m
[gzserver-2] [0m[1;36m[Dbg] [wind_plugin.cpp:110] [0m[1;36mWindPlugin: received command -> speed=[0m[1;36m0[0m[1;36m dir=[0m[1;36m0[0m[1;36m
[gzserver-2] [0m[1;36m[Dbg] [wind_plugin.cpp:110] [0m[1;36mWindPlugin: received command -> speed=[0m[1;36m0[0m[1;36m dir=[0m[1;36m0[0m[1;36m
[gzserver-2] [0m[1;36m[Dbg] [wind_plugin.cpp:110] [0m[1;36mWindPlugin: received command -> speed=[0m[1;36m0[0m[1;36m dir=[0m[1;36m0[0m[1;36m
[gzserver-2] [0mEntering flying model!
[gzserver-2] [INFO] [1773174015.426400905] [gazebo_wind_plugin_node]: WindPlugin: set wind_speed=0.00 wind_direction=0.0
[gzserver-2] [INFO] [1773174015.660443234] [gazebo_wind_plugin_node]: WindPlugin: set wind_speed=0.95 wind_direction=-78.6
[gzserver-2] [INFO] [1773174015.895026291] [gazebo_wind_plugin_node]: WindPlugin: set wind_speed=0.85 wind_direction=-74.3
[gzserver-2] [INFO] [1773174016.129508561] [gazebo_wind_plugin_node]: WindPlugin: set wind_speed=0.85 wind_direction=-74.3
[gzserver-2] [INFO] [1773174016.368560081] [gazebo_wind_plugin_node]: WindPlugin: set wind_speed=0.85 wind_direction=-74.3
[gzserver-2] [INFO] [1773174016.607790402] [gazebo_wind_plugin_node]: WindPlugin: set wind_speed=0.85 wind_direction=-74.3
[gzserver-2] [INFO] [1773174016.850536532] [gazebo_wind_plugin_node]: WindPlugin: set wind_speed=0.97 wind_direction=-74.4
[gzserver-2] [INFO] [1773174017.084787471] [gazebo_wind_plugin_node]: WindPlugin: set wind_speed=0.97 wind_direction=-74.4
[gzserver-2] [INFO] [1773174017.326712487] [gazebo_wind_plugin_node]: WindPlugin: set wind_speed=0.97 wind_direction=-74.4
[gzserver-2] [INFO] [1773174017.566277310] [gazebo_wind_plugin_node]: WindPlugin: set wind_speed=0.97 wind_direction=-74.4
[gzserver-2] [INFO] [1773174017.795578613] [gazebo_wind_plugin_node]: WindPlugin: set wind_speed=0.92 wind_direction=-78.3
[gzserver-2] [INFO] [1773174018.035318458] [gazebo_wind_plugin_node]: WindPlugin: set wind_speed=0.92 wind_direction=-78.3
[gzserver-2] [INFO] [1773174018.269355696] [gazebo_wind_plugin_node]: WindPlugin: set wind_speed=0.92 wind_direction=-78.3
[gzserver-2] [INFO] [1773174018.508649606] [gazebo_wind_plugin_node]: WindPlugin: set wind_speed=0.92 wind_direction=-78.3
[gzserver-2] [INFO] [1773174018.546666250] [drone.simple_drone]: Quadrotor lands!!
[gzserver-2] [INFO] [1773174018.748032817] [gazebo_wind_plugin_node]: WindPlugin: set wind_speed=0.92 wind_direction=-78.3
[gzserver-2] [INFO] [1773174018.987558009] [gazebo_wind_plugin_node]: WindPlugin: set wind_speed=0.98 wind_direction=-76.1
[gzserver-2] [INFO] [1773174019.226897241] [gazebo_wind_plugin_node]: WindPlugin: set wind_speed=0.98 wind_direction=-76.1
[gzserver-2] [INFO] [1773174019.460741399] [gazebo_wind_plugin_node]: WindPlugin: set wind_speed=0.98 wind_direction=-76.1
[gzserver-2] [1;36m[Dbg] [wind_plugin.cpp:110] [0m[1;36mWindPlugin: received command -> speed=[0m[1;36m0[0m[1;36m dir=[0m[1;36m0[0m[1;36m
[gzserver-2] [0m[1;36m[Dbg] [wind_plugin.cpp:110] [0m[1;36mWindPlugin: received command -> speed=[0m[1;36m0.946968[0m[1;36m dir=[0m[1;36m-78.6205[0m[1;36m
[gzserver-2] [0m[1;36m[Dbg] [wind_plugin.cpp:110] [0m[1;36mWindPlugin: received command -> speed=[0m[1;36m0.853972[0m[1;36m dir=[0m[1;36m-74.2726[0m[1;36m
[gzserver-2] [0m[1;36m[Dbg] [wind_plugin.cpp:110] [0m[1;36mWindPlugin: received command -> speed=[0m[1;36m0.853972[0m[1;36m dir=[0m[1;36m-74.2726[0m[1;36m
[gzserver-2] [0m[1;36m[Dbg] [wind_plugin.cpp:110] [0m[1;36mWindPlugin: received command -> speed=[0m[1;36m0.853972[0m[1;36m dir=[0m[1;36m-74.2726[0m[1;36m
[gzserver-2] [0m[1;36m[Dbg] [wind_plugin.cpp:110] [0m[1;36mWindPlugin: received command -> speed=[0m[1;36m0.853972[0m[1;36m dir=[0m[1;36m-74.2726[0m[1;36m
[gzserver-2] [0m[1;36m[Dbg] [wind_plugin.cpp:110] [0m[1;36mWindPlugin: received command -> speed=[0m[1;36m0.970316[0m[1;36m dir=[0m[1;36m-74.4073[0m[1;36m
[gzserver-2] [0m[1;36m[Dbg] [wind_plugin.cpp:110] [0m[1;36mWindPlugin: received command -> speed=[0m[1;36m0.970316[0m[1;36m dir=[0m[1;36m-74.4073[0m[1;36m
[gzserver-2] [0m[1;36m[Dbg] [wind_plugin.cpp:110] [0m[1;36mWindPlugin: received command -> speed=[0m[1;36m0.970316[0m[1;36m dir=[0m[1;36m-74.4073[0m[1;36m
[gzserver-2] [0m[1;36m[Dbg] [wind_plugin.cpp:110] [0m[1;36mWindPlugin: received command -> speed=[0m[1;36m0.970316[0m[1;36m dir=[0m[1;36m-74.4073[0m[1;36m
[gzserver-2] [0m[1;36m[Dbg] [wind_plugin.cpp:110] [0m[1;36mWindPlugin: received command -> speed=[0m[1;36m0.924375[0m[1;36m dir=[0m[1;36m-78.308[0m[1;36m
[gzserver-2] [0m[1;36m[Dbg] [wind_plugin.cpp:110] [0m[1;36mWindPlugin: received command -> speed=[0m[1;36m0.924375[0m[1;36m dir=[0m[1;36m-78.308[0m[1;36m
[gzserver-2] [0m[1;36m[Dbg] [wind_plugin.cpp:110] [0m[1;36mWindPlugin: received command -> speed=[0m[1;36m0.924375[0m[1;36m dir=[0m[1;36m-78.308[0m[1;36m
[gzserver-2] [0m[1;36m[Dbg] [wind_plugin.cpp:110] [0m[1;36mWindPlugin: received command -> speed=[0m[1;36m0.924375[0m[1;36m dir=[0m[1;36m-78.308[0m[1;36m
[gzserver-2] [0m[1;36m[Dbg] [wind_plugin.cpp:110] [0m[1;36mWindPlugin: received command -> speed=[0m[1;36m0.924375[0m[1;36m dir=[0m[1;36m-78.308[0m[1;36m
[gzserver-2] [0m[1;36m[Dbg] [wind_plugin.cpp:110] [0m[1;36mWindPlugin: received command -> speed=[0m[1;36m0.982135[0m[1;36m dir=[0m[1;36m-76.0524[0m[1;36m
[gzserver-2] [0m[1;36m[Dbg] [wind_plugin.cpp:110] [0m[1;36mWindPlugin: received command -> speed=[0m[1;36m0.982135[0m[1;36m dir=[0m[1;36m-76.0524[0m[1;36m
[gzserver-2] [0m[1;36m[Dbg] [wind_plugin.cpp:110] [0m[1;36mWindPlugin: received command -> speed=[0m[1;36m0.982135[0m[1;36m dir=[0m[1;36m-76.0524[0m[1;36m
[gzserver-2] [0mLanded!
[gzserver-2] [INFO] [1773174019.701467992] [gazebo_wind_plugin_node]: WindPlugin: set wind_speed=0.98 wind_direction=-76.1
[gzserver-2] [INFO] [1773174019.935653392] [gazebo_wind_plugin_node]: WindPlugin: set wind_speed=0.99 wind_direction=-78.3
[gzserver-2] [INFO] [1773174020.174805549] [gazebo_wind_plugin_node]: WindPlugin: set wind_speed=0.99 wind_direction=-78.3
[gzserver-2] [INFO] [1773174020.405066196] [gazebo_wind_plugin_node]: WindPlugin: set wind_speed=0.99 wind_direction=-78.3
[gzserver-2] [INFO] [1773174020.644541650] [gazebo_wind_plugin_node]: WindPlugin: set wind_speed=0.99 wind_direction=-78.3
[gzserver-2] [INFO] [1773174020.868022598] [gazebo_wind_plugin_node]: WindPlugin: set wind_speed=0.98 wind_direction=-77.9
[gzserver-2] [INFO] [1773174021.109039844] [gazebo_wind_plugin_node]: WindPlugin: set wind_speed=0.98 wind_direction=-77.9
[gzserver-2] [INFO] [1773174021.348618905] [gazebo_wind_plugin_node]: WindPlugin: set wind_speed=0.98 wind_direction=-77.9
