[INFO] [launch]: All log files can be found below /home/j/.ros/log/2026-03-10-12-58-59-915708-j-1476340
[INFO] [launch]: Default logging verbosity is set to INFO
[INFO] [launch.user]: [bringup] Apriltag config: camera=/drone/bottom, image=/drone/bottom/image_raw, tags=/drone/bottom/tags, bridge=/landing_tag_state, standalone=true, use_target_id=true, target_id=0
[INFO] [rviz2-1]: process started with pid [1476353]
[INFO] [gzserver-2]: process started with pid [1476355]
[INFO] [robot_state_publisher-3]: process started with pid [1476357]
[INFO] [joint_state_publisher-4]: process started with pid [1476359]
[INFO] [spawn_drone-5]: process started with pid [1476361]
[INFO] [static_transform_publisher-6]: process started with pid [1476363]
[INFO] [joy_node-7]: process started with pid [1476365]
[INFO] [teleop_joystick-8]: process started with pid [1476367]
[INFO] [apriltag_detector_node-9]: process started with pid [1476370]
[INFO] [apriltag_state_bridge-10]: process started with pid [1476372]
[static_transform_publisher-6] [WARN] [1773115140.384431293] []: Old-style arguments are deprecated; see --help for new-style arguments
[static_transform_publisher-6] [INFO] [1773115140.390134444] [static_transform_publisher_YsmVObhWwfb3jd4d]: Spinning until stopped - publishing transform
[static_transform_publisher-6] translation: ('0.000000', '0.000000', '0.000000')
[static_transform_publisher-6] rotation: ('0.000000', '0.000000', '0.000000', '1.000000')
[static_transform_publisher-6] from 'world' to '/drone/odom'
[rviz2-1] 
[rviz2-1] (rviz2:1476353): dbind-WARNING **: 12:59:00.407: Couldn't connect to accessibility bus: Failed to connect to socket /root/.cache/at-spi/bus_0: 허가 거부
[robot_state_publisher-3] [INFO] [1773115140.412757147] [drone.robot_state_publisher]: got segment base_footprint
[robot_state_publisher-3] [INFO] [1773115140.412850984] [drone.robot_state_publisher]: got segment base_link
[robot_state_publisher-3] [INFO] [1773115140.412863688] [drone.robot_state_publisher]: got segment bottom_cam_link
[robot_state_publisher-3] [INFO] [1773115140.412872182] [drone.robot_state_publisher]: got segment front_cam_link
[robot_state_publisher-3] [INFO] [1773115140.412879590] [drone.robot_state_publisher]: got segment sonar_link
[apriltag_detector_node-9] [INFO] [1773115140.419820816] [apriltag_detector_node]: tag detector type: umich
[teleop_joystick-8] Traceback (most recent call last):
[teleop_joystick-8]   File "/home/j/INCSL/IICC26_ws/install/sjtu_drone_control/lib/sjtu_drone_control/teleop_joystick", line 33, in <module>
[teleop_joystick-8]     sys.exit(load_entry_point('sjtu_drone_control==0.0.0', 'console_scripts', 'teleop_joystick')())
[teleop_joystick-8]   File "/home/j/INCSL/IICC26_ws/install/sjtu_drone_control/lib/sjtu_drone_control/teleop_joystick", line 22, in importlib_load_entry_point
[teleop_joystick-8]     for entry_point in distribution(dist_name).entry_points
[teleop_joystick-8]   File "/usr/lib/python3.10/importlib/metadata/__init__.py", line 969, in distribution
[teleop_joystick-8]     return Distribution.from_name(distribution_name)
[teleop_joystick-8]   File "/usr/lib/python3.10/importlib/metadata/__init__.py", line 548, in from_name
[teleop_joystick-8]     raise PackageNotFoundError(name)
[teleop_joystick-8] importlib.metadata.PackageNotFoundError: No package metadata was found for sjtu_drone_control
[ERROR] [teleop_joystick-8]: process has died [pid 1476367, exit code 1, cmd '/home/j/INCSL/IICC26_ws/install/sjtu_drone_control/lib/sjtu_drone_control/teleop_joystick --ros-args -r __ns:=/drone'].
[gzserver-2] Gazebo multi-robot simulator, version 11.10.2
[gzserver-2] Copyright (C) 2012 Open Source Robotics Foundation.
[gzserver-2] Released under the Apache 2 License.
[gzserver-2] http://gazebosim.org
[gzserver-2] 
[joint_state_publisher-4] [INFO] [1773115140.612854965] [drone.joint_state_publisher]: Waiting for robot_description to be published on the robot_description topic...
[apriltag_state_bridge-10] [INFO] [1773115140.619865901] [apriltag_state_bridge]: AprilTag bridge started: /drone/bottom/tags -> /landing_tag_state, use_target_id=True, target_id=0
[gzserver-2] [1;33m[Wrn] [gazebo_ros_init.cpp:178] [0m[1;33m
[gzserver-2] #     # ####### ####### ###  #####  #######
[gzserver-2] ##    # #     #    #     #  #     # #
[gzserver-2] # #   # #     #    #     #  #       #
[gzserver-2] #  #  # #     #    #     #  #       #####
[gzserver-2] #   # # #     #    #     #  #       #
[gzserver-2] #    ## #     #    #     #  #     # #
[gzserver-2] #     # #######    #    ###  #####  #######
[gzserver-2] 
[gzserver-2] This version of Gazebo, now called Gazebo classic, reaches end-of-life
[gzserver-2] in January 2025. Users are highly encouraged to migrate to the new Gazebo
[gzserver-2] using our migration guides (https://gazebosim.org/docs/latest/gazebo_classic_migration?utm_source=gazebo_ros_pkgs&utm_medium=cli)
[gzserver-2] 
[gzserver-2] [0m[1;33m
[rviz2-1] [INFO] [1773115141.173381511] [rviz2]: Stereo is NOT SUPPORTED
[rviz2-1] [INFO] [1773115141.173504414] [rviz2]: OpenGl version: 4.6 (GLSL 4.6)
[rviz2-1] [INFO] [1773115141.252089889] [rviz2]: Stereo is NOT SUPPORTED
[rviz2-1] [INFO] [1773115141.344434048] [rviz2]: Stereo is NOT SUPPORTED
[gzserver-2] [1;32m[Msg] [0m[1;32mWaiting for master.[0m[1;32m
[gzserver-2] [0m[1;32m[0m[1;32m[0m[1;32m[Msg] [0m[1;32mConnected to gazebo master @ [0m[1;32mhttp://127.0.0.1:11345[0m[1;32m
[gzserver-2] [0m[1;32m[0m[1;32m[0m[1;32m[Msg] [0m[1;32mPublicized address: [0m[1;32m172.16.52.147[0m[1;32m
[gzserver-2] [0m[1;32m[0m[1;32m[0m[1;32m[Msg] [0m[1;32mLoading world file [[0m[1;32m/home/j/INCSL/IICC26_ws/install/sjtu_drone_description/share/sjtu_drone_description/worlds/landingPad.world[0m[1;32m][0m[1;32m
[gzserver-2] [0m[1;32m[0m[1;32m[0m[1;36m[Dbg] [wind_plugin.cpp:96] [0m[1;36mWindPlugin loaded: speed=[0m[1;36m0[0m[1;36m dir=[0m[1;36m0[0m[1;36m deg area=[0m[1;36m0.1[0m[1;36m coeff=[0m[1;36m1[0m[1;36m
[gzserver-2] [0m[1;33m[0m[1;33m[0m[1;31m[Err] [Sensor.cc:510] [0m[1;31mGet noise index not valid[0m[1;31m
[gzserver-2] [0m[1;31m[0m[1;31m[0m[1;31m[Err] [Sensor.cc:510] [0m[1;31mGet noise index not valid[0m[1;31m
[gzserver-2] [0m[1;31m[0m[1;31m[0m[1;31m[Err] [Sensor.cc:510] [0m[1;31mGet noise index not valid[0m[1;31m
[gzserver-2] [0m[1;31m[0m[1;31m[0m[1;31m[Err] [Sensor.cc:510] [0m[1;31mGet noise index not valid[0m[1;31m
[gzserver-2] [0m[1;31m[0m[1;31m[0m[1;31m[Err] [Sensor.cc:510] [0m[1;31mGet noise index not valid[0m[1;31m
[gzserver-2] [0m[1;31m[0m[1;31m[0m[1;31m[Err] [Sensor.cc:510] [0m[1;31mGet noise index not valid[0m[1;31m
[gzserver-2] [0m[1;31m[0m[1;31m[0mTopic [default//drone/base_footprint/down_camera/image] is not valid.
[gzserver-2] [INFO] [1773115141.835521021] [drone.collision_plugin]: Publishing contact states to [/drone/bumper_states]
[gzserver-2] Topic [default//drone/base_footprint/front_camera/image] is not valid.
[gzserver-2] [1;33m[Wrn] [Event.cc:61] [0m[1;33mWarning: Deleting a connection right after creation. [0m[1;33mMake sure to save the ConnectionPtr from a Connect call
[gzserver-2] [0m[INFO] [1773115142.392496020] [drone.camera_bottom]: Publishing camera info to [/drone/bottom/camera_info]
[gzserver-2] [INFO] [1773115142.395443402] [drone.camera_front]: Publishing camera info to [/drone/front/camera_info]
[spawn_drone-5] [INFO] [1773115142.406795623] [spawn_drone]: Result True SpawnEntity: Successfully spawned entity [/drone]
[gzserver-2] [INFO] [1773115142.517497228] [drone.simple_drone]: The drone plugin is loading!
[gzserver-2] [INFO] [1773115142.517697175] [drone.simple_drone]: pub_odom: 1
[gzserver-2] [INFO] [1773115142.517729946] [drone.simple_drone]: Using following parameters: 
[gzserver-2] 		link_name: base_footprint,
[gzserver-2] 		max_force: 30,
[gzserver-2] 		motion_small_noise: 0,
[gzserver-2] 		motion_drift_noise: 0,
[gzserver-2] 		motion_drift_noise_time: 50,
[gzserver-2] 		takeoff_hover_height: 2.05,
[gzserver-2] 		takeoff_vertical_speed: 0.2
[gzserver-2] [INFO] [1773115142.529289896] [drone.simple_drone]: Using the PID parameters: 
[gzserver-2] 	Roll Pitch:
[gzserver-2] 		kP: 10, kI: 0,kD: 5, Limit: 0.5, Time Constant: 0
[gzserver-2] 	Yaw:
[gzserver-2] 		kP: 2, kI: 0,kD: 1, Limit: 1.5, Time Constant: 0
[gzserver-2] 	Velocity X:
[gzserver-2] 		kP: 5, kI: 0,kD: 2.3, Limit: 2, Time Constant: 0
[gzserver-2] 	Velocity Y:
[gzserver-2] 		kP: 5, kI: 0,kD: 2.3, Limit: 2, Time Constant: 0
[gzserver-2] 	Velocity Z:
[gzserver-2] 		kP: 5, kI: 0,kD: 1, Limit: -1, Time Constant: 0
[gzserver-2] 	Position XY:
[gzserver-2] 		kP: 1.1, kI: 0,kD: 0, Limit: 5, Time Constant: 0
[gzserver-2] 	Position Z:
[gzserver-2] 		kP: 1, kI: 0,kD: 0.2, Limit: -1, Time Constant: 0
[gzserver-2] [INFO] [1773115142.529422329] [drone.simple_drone]: The drone plugin finished loading!
[INFO] [spawn_drone-5]: process has finished cleanly [pid 1476361]
[gzserver-2] [INFO] [1773115149.738281440] [gazebo_wind_plugin_node]: WindPlugin: set wind_speed=0.00 wind_direction=0.0
[gzserver-2] [INFO] [1773115150.011994517] [gazebo_wind_plugin_node]: WindPlugin: set wind_speed=0.00 wind_direction=0.0
[gzserver-2] [INFO] [1773115150.034557633] [drone.simple_drone]: Quadrotor takes off!!
[gzserver-2] [INFO] [1773115150.235667631] [gazebo_wind_plugin_node]: WindPlugin: set wind_speed=0.00 wind_direction=0.0
[gzserver-2] [INFO] [1773115150.470249811] [gazebo_wind_plugin_node]: WindPlugin: set wind_speed=0.00 wind_direction=0.0
[gzserver-2] [INFO] [1773115150.705031096] [gazebo_wind_plugin_node]: WindPlugin: set wind_speed=0.00 wind_direction=0.0
[gzserver-2] [INFO] [1773115150.944096655] [gazebo_wind_plugin_node]: WindPlugin: set wind_speed=0.00 wind_direction=0.0
[gzserver-2] [INFO] [1773115151.183609194] [gazebo_wind_plugin_node]: WindPlugin: set wind_speed=0.00 wind_direction=0.0
[gzserver-2] [INFO] [1773115151.419925308] [gazebo_wind_plugin_node]: WindPlugin: set wind_speed=0.00 wind_direction=0.0
[gzserver-2] [INFO] [1773115151.654428275] [gazebo_wind_plugin_node]: WindPlugin: set wind_speed=0.00 wind_direction=0.0
[gzserver-2] [0m[1;36m[Dbg] [wind_plugin.cpp:110] [0m[1;36mWindPlugin: received command -> speed=[0m[1;36m0[0m[1;36m dir=[0m[1;36m0[0m[1;36m
[gzserver-2] [0m[1;36m[Dbg] [wind_plugin.cpp:110] [0m[1;36mWindPlugin: received command -> speed=[0m[1;36m0[0m[1;36m dir=[0m[1;36m0[0m[1;36m
[gzserver-2] [0m[1;36m[Dbg] [wind_plugin.cpp:110] [0m[1;36mWindPlugin: received command -> speed=[0m[1;36m0[0m[1;36m dir=[0m[1;36m0[0m[1;36m
[gzserver-2] [0m[1;36m[Dbg] [wind_plugin.cpp:110] [0m[1;36mWindPlugin: received command -> speed=[0m[1;36m0[0m[1;36m dir=[0m[1;36m0[0m[1;36m
[gzserver-2] [0m[1;36m[Dbg] [wind_plugin.cpp:110] [0m[1;36mWindPlugin: received command -> speed=[0m[1;36m0[0m[1;36m dir=[0m[1;36m0[0m[1;36m
[gzserver-2] [0m[1;36m[Dbg] [wind_plugin.cpp:110] [0m[1;36mWindPlugin: received command -> speed=[0m[1;36m0[0m[1;36m dir=[0m[1;36m0[0m[1;36m
[gzserver-2] [0m[1;36m[Dbg] [wind_plugin.cpp:110] [0m[1;36mWindPlugin: received command -> speed=[0m[1;36m0[0m[1;36m dir=[0m[1;36m0[0m[1;36m
[gzserver-2] [0m[1;36m[Dbg] [wind_plugin.cpp:110] [0m[1;36mWindPlugin: received command -> speed=[0m[1;36m0[0m[1;36m dir=[0m[1;36m0[0m[1;36m
[gzserver-2] [0m[1;36m[Dbg] [wind_plugin.cpp:110] [0m[1;36mWindPlugin: received command -> speed=[0m[1;36m0[0m[1;36m dir=[0m[1;36m0[0m[1;36m
[gzserver-2] [0mEntering flying model!
[gzserver-2] [INFO] [1773115151.894613771] [gazebo_wind_plugin_node]: WindPlugin: set wind_speed=1.00 wind_direction=-93.1
[gzserver-2] [INFO] [1773115152.134392939] [gazebo_wind_plugin_node]: WindPlugin: set wind_speed=1.00 wind_direction=-93.1
[gzserver-2] [INFO] [1773115152.371535409] [gazebo_wind_plugin_node]: WindPlugin: set wind_speed=1.08 wind_direction=-91.0
[gzserver-2] [INFO] [1773115152.610839989] [gazebo_wind_plugin_node]: WindPlugin: set wind_speed=1.08 wind_direction=-91.0
[gzserver-2] [INFO] [1773115152.841211849] [gazebo_wind_plugin_node]: WindPlugin: set wind_speed=1.08 wind_direction=-91.0
[gzserver-2] [INFO] [1773115153.080316628] [gazebo_wind_plugin_node]: WindPlugin: set wind_speed=1.08 wind_direction=-91.0
[gzserver-2] [INFO] [1773115153.309144135] [gazebo_wind_plugin_node]: WindPlugin: set wind_speed=0.95 wind_direction=-92.7
[gzserver-2] [INFO] [1773115153.544920274] [gazebo_wind_plugin_node]: WindPlugin: set wind_speed=0.95 wind_direction=-92.7
[gzserver-2] [INFO] [1773115153.778732860] [gazebo_wind_plugin_node]: WindPlugin: set wind_speed=0.95 wind_direction=-92.7
[gzserver-2] [INFO] [1773115154.012845628] [gazebo_wind_plugin_node]: WindPlugin: set wind_speed=0.95 wind_direction=-92.7
[gzserver-2] [INFO] [1773115154.252085837] [gazebo_wind_plugin_node]: WindPlugin: set wind_speed=1.09 wind_direction=-92.4
[gzserver-2] [INFO] [1773115154.487105937] [gazebo_wind_plugin_node]: WindPlugin: set wind_speed=1.09 wind_direction=-92.4
[gzserver-2] [INFO] [1773115154.726267047] [gazebo_wind_plugin_node]: WindPlugin: set wind_speed=1.09 wind_direction=-92.4
[gzserver-2] [INFO] [1773115154.966900074] [gazebo_wind_plugin_node]: WindPlugin: set wind_speed=1.09 wind_direction=-92.4
[gzserver-2] [INFO] [1773115155.207576886] [gazebo_wind_plugin_node]: WindPlugin: set wind_speed=1.09 wind_direction=-92.4
[gzserver-2] [INFO] [1773115155.442316781] [gazebo_wind_plugin_node]: WindPlugin: set wind_speed=1.02 wind_direction=-91.2
[gzserver-2] [INFO] [1773115155.684660584] [gazebo_wind_plugin_node]: WindPlugin: set wind_speed=1.02 wind_direction=-91.2
[gzserver-2] [INFO] [1773115155.713589575] [drone.simple_drone]: Quadrotor lands!!
[gzserver-2] [INFO] [1773115155.916164626] [gazebo_wind_plugin_node]: WindPlugin: set wind_speed=1.02 wind_direction=-91.2
[gzserver-2] [INFO] [1773115156.150753015] [gazebo_wind_plugin_node]: WindPlugin: set wind_speed=1.02 wind_direction=-91.2
[gzserver-2] [INFO] [1773115156.390264875] [gazebo_wind_plugin_node]: WindPlugin: set wind_speed=1.00 wind_direction=-92.9
[gzserver-2] [INFO] [1773115156.629765317] [gazebo_wind_plugin_node]: WindPlugin: set wind_speed=1.00 wind_direction=-92.9
[gzserver-2] [1;36m[Dbg] [wind_plugin.cpp:110] [0m[1;36mWindPlugin: received command -> speed=[0m[1;36m0.997862[0m[1;36m dir=[0m[1;36m-93.0827[0m[1;36m
[gzserver-2] [0m[1;36m[Dbg] [wind_plugin.cpp:110] [0m[1;36mWindPlugin: received command -> speed=[0m[1;36m0.997862[0m[1;36m dir=[0m[1;36m-93.0827[0m[1;36m
[gzserver-2] [0m[1;36m[Dbg] [wind_plugin.cpp:110] [0m[1;36mWindPlugin: received command -> speed=[0m[1;36m1.07535[0m[1;36m dir=[0m[1;36m-91.0092[0m[1;36m
[gzserver-2] [0m[1;36m[Dbg] [wind_plugin.cpp:110] [0m[1;36mWindPlugin: received command -> speed=[0m[1;36m1.07535[0m[1;36m dir=[0m[1;36m-91.0092[0m[1;36m
[gzserver-2] [0m[1;36m[Dbg] [wind_plugin.cpp:110] [0m[1;36mWindPlugin: received command -> speed=[0m[1;36m1.07535[0m[1;36m dir=[0m[1;36m-91.0092[0m[1;36m
[gzserver-2] [0m[1;36m[Dbg] [wind_plugin.cpp:110] [0m[1;36mWindPlugin: received command -> speed=[0m[1;36m1.07535[0m[1;36m dir=[0m[1;36m-91.0092[0m[1;36m
[gzserver-2] [0m[1;36m[Dbg] [wind_plugin.cpp:110] [0m[1;36mWindPlugin: received command -> speed=[0m[1;36m0.946094[0m[1;36m dir=[0m[1;36m-92.6559[0m[1;36m
[gzserver-2] [0m[1;36m[Dbg] [wind_plugin.cpp:110] [0m[1;36mWindPlugin: received command -> speed=[0m[1;36m0.946094[0m[1;36m dir=[0m[1;36m-92.6559[0m[1;36m
[gzserver-2] [0m[1;36m[Dbg] [wind_plugin.cpp:110] [0m[1;36mWindPlugin: received command -> speed=[0m[1;36m0.946094[0m[1;36m dir=[0m[1;36m-92.6559[0m[1;36m
[gzserver-2] [0m[1;36m[Dbg] [wind_plugin.cpp:110] [0m[1;36mWindPlugin: received command -> speed=[0m[1;36m0.946094[0m[1;36m dir=[0m[1;36m-92.6559[0m[1;36m
[gzserver-2] [0m[1;36m[Dbg] [wind_plugin.cpp:110] [0m[1;36mWindPlugin: received command -> speed=[0m[1;36m1.0946[0m[1;36m dir=[0m[1;36m-92.4082[0m[1;36m
[gzserver-2] [0m[1;36m[Dbg] [wind_plugin.cpp:110] [0m[1;36mWindPlugin: received command -> speed=[0m[1;36m1.0946[0m[1;36m dir=[0m[1;36m-92.4082[0m[1;36m
[gzserver-2] [0m[1;36m[Dbg] [wind_plugin.cpp:110] [0m[1;36mWindPlugin: received command -> speed=[0m[1;36m1.0946[0m[1;36m dir=[0m[1;36m-92.4082[0m[1;36m
[gzserver-2] [0m[1;36m[Dbg] [wind_plugin.cpp:110] [0m[1;36mWindPlugin: received command -> speed=[0m[1;36m1.0946[0m[1;36m dir=[0m[1;36m-92.4082[0m[1;36m
[gzserver-2] [0m[1;36m[Dbg] [wind_plugin.cpp:110] [0m[1;36mWindPlugin: received command -> speed=[0m[1;36m1.0946[0m[1;36m dir=[0m[1;36m-92.4082[0m[1;36m
[gzserver-2] [0m[1;36m[Dbg] [wind_plugin.cpp:110] [0m[1;36mWindPlugin: received command -> speed=[0m[1;36m1.01532[0m[1;36m dir=[0m[1;36m-91.1792[0m[1;36m
[gzserver-2] [0m[1;36m[Dbg] [wind_plugin.cpp:110] [0m[1;36mWindPlugin: received command -> speed=[0m[1;36m1.01532[0m[1;36m dir=[0m[1;36m-91.1792[0m[1;36m
[gzserver-2] [0m[1;36m[Dbg] [wind_plugin.cpp:110] [0m[1;36mWindPlugin: received command -> speed=[0m[1;36m1.01532[0m[1;36m dir=[0m[1;36m-91.1792[0m[1;36m
[gzserver-2] [0m[1;36m[Dbg] [wind_plugin.cpp:110] [0m[1;36mWindPlugin: received command -> speed=[0m[1;36m1.01532[0m[1;36m dir=[0m[1;36m-91.1792[0m[1;36m
[gzserver-2] [0m[1;36m[Dbg] [wind_plugin.cpp:110] [0m[1;36mWindPlugin: received command -> speed=[0m[1;36m0.995531[0m[1;36m dir=[0m[1;36m-92.9403[0m[1;36m
[gzserver-2] [0m[1;36m[Dbg] [wind_plugin.cpp:110] [0m[1;36mWindPlugin: received command -> speed=[0m[1;36m0.995531[0m[1;36m dir=[0m[1;36m-92.9403[0m[1;36m
[gzserver-2] [0mLanded!
[gzserver-2] [INFO] [1773115156.858871823] [gazebo_wind_plugin_node]: WindPlugin: set wind_speed=1.00 wind_direction=-92.9
[gzserver-2] [INFO] [1773115157.092971676] [gazebo_wind_plugin_node]: WindPlugin: set wind_speed=1.00 wind_direction=-92.9
[gzserver-2] [INFO] [1773115157.332435619] [gazebo_wind_plugin_node]: WindPlugin: set wind_speed=0.96 wind_direction=-89.8
[gzserver-2] [INFO] [1773115157.572385810] [gazebo_wind_plugin_node]: WindPlugin: set wind_speed=0.96 wind_direction=-89.8
[gzserver-2] [INFO] [1773115157.801842273] [gazebo_wind_plugin_node]: WindPlugin: set wind_speed=0.96 wind_direction=-89.8
[gzserver-2] [INFO] [1773115158.036553956] [gazebo_wind_plugin_node]: WindPlugin: set wind_speed=0.96 wind_direction=-89.8
[gzserver-2] [INFO] [1773115158.276425554] [gazebo_wind_plugin_node]: WindPlugin: set wind_speed=0.92 wind_direction=-91.6
[gzserver-2] [INFO] [1773115158.518284307] [gazebo_wind_plugin_node]: WindPlugin: set wind_speed=0.92 wind_direction=-91.6
