[INFO] [launch]: All log files can be found below /home/j/.ros/log/2026-03-10-13-47-04-514640-j-1935315
[INFO] [launch]: Default logging verbosity is set to INFO
[INFO] [launch.user]: [bringup] Apriltag config: camera=/drone/bottom, image=/drone/bottom/image_raw, tags=/drone/bottom/tags, bridge=/landing_tag_state, standalone=true, use_target_id=true, target_id=0
[INFO] [rviz2-1]: process started with pid [1935327]
[INFO] [gzserver-2]: process started with pid [1935329]
[INFO] [robot_state_publisher-3]: process started with pid [1935331]
[INFO] [joint_state_publisher-4]: process started with pid [1935333]
[INFO] [spawn_drone-5]: process started with pid [1935335]
[INFO] [static_transform_publisher-6]: process started with pid [1935337]
[INFO] [joy_node-7]: process started with pid [1935339]
[INFO] [teleop_joystick-8]: process started with pid [1935341]
[INFO] [apriltag_detector_node-9]: process started with pid [1935344]
[INFO] [apriltag_state_bridge-10]: process started with pid [1935346]
[static_transform_publisher-6] [WARN] [1773118024.986677181] []: Old-style arguments are deprecated; see --help for new-style arguments
[static_transform_publisher-6] [INFO] [1773118024.990869780] [static_transform_publisher_mJAA0Calf96IsJ7x]: Spinning until stopped - publishing transform
[static_transform_publisher-6] translation: ('0.000000', '0.000000', '0.000000')
[static_transform_publisher-6] rotation: ('0.000000', '0.000000', '0.000000', '1.000000')
[static_transform_publisher-6] from 'world' to '/drone/odom'
[rviz2-1] 
[rviz2-1] (rviz2:1935327): dbind-WARNING **: 13:47:05.015: Couldn't connect to accessibility bus: Failed to connect to socket /root/.cache/at-spi/bus_0: 허가 거부
[robot_state_publisher-3] [INFO] [1773118025.019921483] [drone.robot_state_publisher]: got segment base_footprint
[robot_state_publisher-3] [INFO] [1773118025.020027307] [drone.robot_state_publisher]: got segment base_link
[robot_state_publisher-3] [INFO] [1773118025.020042104] [drone.robot_state_publisher]: got segment bottom_cam_link
[robot_state_publisher-3] [INFO] [1773118025.020050965] [drone.robot_state_publisher]: got segment front_cam_link
[robot_state_publisher-3] [INFO] [1773118025.020058613] [drone.robot_state_publisher]: got segment sonar_link
[apriltag_detector_node-9] [INFO] [1773118025.034505950] [apriltag_detector_node]: tag detector type: umich
[teleop_joystick-8] Traceback (most recent call last):
[teleop_joystick-8]   File "/home/j/INCSL/IICC26_ws/install/sjtu_drone_control/lib/sjtu_drone_control/teleop_joystick", line 33, in <module>
[teleop_joystick-8]     sys.exit(load_entry_point('sjtu_drone_control==0.0.0', 'console_scripts', 'teleop_joystick')())
[teleop_joystick-8]   File "/home/j/INCSL/IICC26_ws/install/sjtu_drone_control/lib/sjtu_drone_control/teleop_joystick", line 22, in importlib_load_entry_point
[teleop_joystick-8]     for entry_point in distribution(dist_name).entry_points
[teleop_joystick-8]   File "/usr/lib/python3.10/importlib/metadata/__init__.py", line 969, in distribution
[teleop_joystick-8]     return Distribution.from_name(distribution_name)
[teleop_joystick-8]   File "/usr/lib/python3.10/importlib/metadata/__init__.py", line 548, in from_name
[teleop_joystick-8]     raise PackageNotFoundError(name)
[teleop_joystick-8] importlib.metadata.PackageNotFoundError: No package metadata was found for sjtu_drone_control
[ERROR] [teleop_joystick-8]: process has died [pid 1935341, exit code 1, cmd '/home/j/INCSL/IICC26_ws/install/sjtu_drone_control/lib/sjtu_drone_control/teleop_joystick --ros-args -r __ns:=/drone'].
[gzserver-2] Gazebo multi-robot simulator, version 11.10.2
[gzserver-2] Copyright (C) 2012 Open Source Robotics Foundation.
[gzserver-2] Released under the Apache 2 License.
[gzserver-2] http://gazebosim.org
[gzserver-2] 
[apriltag_state_bridge-10] [INFO] [1773118025.262624736] [apriltag_state_bridge]: AprilTag bridge started: /drone/bottom/tags -> /landing_tag_state, use_target_id=True, target_id=0
[joint_state_publisher-4] [INFO] [1773118025.275598947] [drone.joint_state_publisher]: Waiting for robot_description to be published on the robot_description topic...
[gzserver-2] [1;33m[Wrn] [gazebo_ros_init.cpp:178] [0m[1;33m
[gzserver-2] #     # ####### ####### ###  #####  #######
[gzserver-2] ##    # #     #    #     #  #     # #
[gzserver-2] # #   # #     #    #     #  #       #
[gzserver-2] #  #  # #     #    #     #  #       #####
[gzserver-2] #   # # #     #    #     #  #       #
[gzserver-2] #    ## #     #    #     #  #     # #
[gzserver-2] #     # #######    #    ###  #####  #######
[gzserver-2] 
[gzserver-2] This version of Gazebo, now called Gazebo classic, reaches end-of-life
[gzserver-2] in January 2025. Users are highly encouraged to migrate to the new Gazebo
[gzserver-2] using our migration guides (https://gazebosim.org/docs/latest/gazebo_classic_migration?utm_source=gazebo_ros_pkgs&utm_medium=cli)
[gzserver-2] 
[gzserver-2] [0m[1;33m
[rviz2-1] [INFO] [1773118025.637172685] [rviz2]: Stereo is NOT SUPPORTED
[rviz2-1] [INFO] [1773118025.637273604] [rviz2]: OpenGl version: 4.6 (GLSL 4.6)
[rviz2-1] [INFO] [1773118025.748903905] [rviz2]: Stereo is NOT SUPPORTED
[rviz2-1] [INFO] [1773118025.828840219] [rviz2]: Stereo is NOT SUPPORTED
[spawn_drone-5] [INFO] [1773118026.339667440] [spawn_drone]: Result False Entity pushed to spawn queue, but spawn service timed outwaiting for entity to appear in simulation under the name [/drone]
[gzserver-2] [1;32m[Msg] [0m[1;32mWaiting for master.[0m[1;32m
[gzserver-2] [0m[1;32m[0m[1;32m[0m[1;32m[Msg] [0m[1;32mConnected to gazebo master @ [0m[1;32mhttp://127.0.0.1:11345[0m[1;32m
[gzserver-2] [0m[1;32m[0m[1;32m[0m[1;32m[Msg] [0m[1;32mPublicized address: [0m[1;32m172.16.52.147[0m[1;32m
[gzserver-2] [0m[1;32m[0m[1;32m[0m[1;32m[Msg] [0m[1;32mLoading world file [[0m[1;32m/home/j/INCSL/IICC26_ws/install/sjtu_drone_description/share/sjtu_drone_description/worlds/landingPad.world[0m[1;32m][0m[1;32m
[gzserver-2] [0m[1;32m[0m[1;32m[0m[1;36m[Dbg] [wind_plugin.cpp:96] [0m[1;36mWindPlugin loaded: speed=[0m[1;36m0[0m[1;36m dir=[0m[1;36m0[0m[1;36m deg area=[0m[1;36m0.1[0m[1;36m coeff=[0m[1;36m1[0m[1;36m
[gzserver-2] [0m[1;33m[0m[1;33m[0m[1;31m[Err] [Sensor.cc:510] [0m[1;31mGet noise index not valid[0m[1;31m
[gzserver-2] [0m[1;31m[0m[1;31m[0m[1;31m[Err] [Sensor.cc:510] [0m[1;31mGet noise index not valid[0m[1;31m
[gzserver-2] [0m[1;31m[0m[1;31m[0m[1;31m[Err] [Sensor.cc:510] [0m[1;31mGet noise index not valid[0m[1;31m
[gzserver-2] [0m[1;31m[0m[1;31m[0m[1;31m[Err] [Sensor.cc:510] [0m[1;31mGet noise index not valid[0m[1;31m
[gzserver-2] [0m[1;31m[0m[1;31m[0m[1;31m[Err] [Sensor.cc:510] [0m[1;31mGet noise index not valid[0m[1;31m
[gzserver-2] [0m[1;31m[0m[1;31m[0m[1;31m[Err] [Sensor.cc:510] [0m[1;31mGet noise index not valid[0m[1;31m
[gzserver-2] [0m[1;31m[0m[1;31m[0mTopic [default//drone/base_footprint/down_camera/image] is not valid.
[gzserver-2] [INFO] [1773118026.370140551] [drone.collision_plugin]: Publishing contact states to [/drone/bumper_states]
[gzserver-2] Topic [default//drone/base_footprint/front_camera/image] is not valid.
[gzserver-2] [1;33m[Wrn] [Event.cc:61] [0m[1;33mWarning: Deleting a connection right after creation. [0m[1;33mMake sure to save the ConnectionPtr from a Connect call
[INFO] [spawn_drone-5]: process has finished cleanly [pid 1935335]
[gzserver-2] [0m[INFO] [1773118026.939323023] [drone.camera_bottom]: Publishing camera info to [/drone/bottom/camera_info]
[gzserver-2] [INFO] [1773118026.942200627] [drone.camera_front]: Publishing camera info to [/drone/front/camera_info]
[gzserver-2] [INFO] [1773118027.063616135] [drone.simple_drone]: The drone plugin is loading!
[gzserver-2] [INFO] [1773118027.063833385] [drone.simple_drone]: pub_odom: 1
[gzserver-2] [INFO] [1773118027.063870750] [drone.simple_drone]: Using following parameters: 
[gzserver-2] 		link_name: base_footprint,
[gzserver-2] 		max_force: 30,
[gzserver-2] 		motion_small_noise: 0,
[gzserver-2] 		motion_drift_noise: 0,
[gzserver-2] 		motion_drift_noise_time: 50,
[gzserver-2] 		takeoff_hover_height: 1.86,
[gzserver-2] 		takeoff_vertical_speed: 0.2
[gzserver-2] [INFO] [1773118027.075707382] [drone.simple_drone]: Using the PID parameters: 
[gzserver-2] 	Roll Pitch:
[gzserver-2] 		kP: 10, kI: 0,kD: 5, Limit: 0.5, Time Constant: 0
[gzserver-2] 	Yaw:
[gzserver-2] 		kP: 2, kI: 0,kD: 1, Limit: 1.5, Time Constant: 0
[gzserver-2] 	Velocity X:
[gzserver-2] 		kP: 5, kI: 0,kD: 2.3, Limit: 2, Time Constant: 0
[gzserver-2] 	Velocity Y:
[gzserver-2] 		kP: 5, kI: 0,kD: 2.3, Limit: 2, Time Constant: 0
[gzserver-2] 	Velocity Z:
[gzserver-2] 		kP: 5, kI: 0,kD: 1, Limit: -1, Time Constant: 0
[gzserver-2] 	Position XY:
[gzserver-2] 		kP: 1.1, kI: 0,kD: 0, Limit: 5, Time Constant: 0
[gzserver-2] 	Position Z:
[gzserver-2] 		kP: 1, kI: 0,kD: 0.2, Limit: -1, Time Constant: 0
[gzserver-2] [INFO] [1773118027.075841269] [drone.simple_drone]: The drone plugin finished loading!
[gzserver-2] [INFO] [1773118034.342767137] [gazebo_wind_plugin_node]: WindPlugin: set wind_speed=0.00 wind_direction=0.0
[gzserver-2] [INFO] [1773118034.613584352] [gazebo_wind_plugin_node]: WindPlugin: set wind_speed=0.00 wind_direction=0.0
[gzserver-2] [INFO] [1773118034.652931246] [drone.simple_drone]: Quadrotor takes off!!
[gzserver-2] [INFO] [1773118034.854114297] [gazebo_wind_plugin_node]: WindPlugin: set wind_speed=0.00 wind_direction=0.0
[gzserver-2] [INFO] [1773118035.089382804] [gazebo_wind_plugin_node]: WindPlugin: set wind_speed=0.00 wind_direction=0.0
[gzserver-2] [INFO] [1773118035.322523700] [gazebo_wind_plugin_node]: WindPlugin: set wind_speed=0.00 wind_direction=0.0
[gzserver-2] [INFO] [1773118035.561712074] [gazebo_wind_plugin_node]: WindPlugin: set wind_speed=0.00 wind_direction=0.0
[gzserver-2] [INFO] [1773118035.801016693] [gazebo_wind_plugin_node]: WindPlugin: set wind_speed=0.00 wind_direction=0.0
[gzserver-2] [INFO] [1773118036.036085765] [gazebo_wind_plugin_node]: WindPlugin: set wind_speed=0.00 wind_direction=0.0
[gzserver-2] [0m[1;36m[Dbg] [wind_plugin.cpp:110] [0m[1;36mWindPlugin: received command -> speed=[0m[1;36m0[0m[1;36m dir=[0m[1;36m0[0m[1;36m
[gzserver-2] [0m[1;36m[Dbg] [wind_plugin.cpp:110] [0m[1;36mWindPlugin: received command -> speed=[0m[1;36m0[0m[1;36m dir=[0m[1;36m0[0m[1;36m
[gzserver-2] [0m[1;36m[Dbg] [wind_plugin.cpp:110] [0m[1;36mWindPlugin: received command -> speed=[0m[1;36m0[0m[1;36m dir=[0m[1;36m0[0m[1;36m
[gzserver-2] [0m[1;36m[Dbg] [wind_plugin.cpp:110] [0m[1;36mWindPlugin: received command -> speed=[0m[1;36m0[0m[1;36m dir=[0m[1;36m0[0m[1;36m
[gzserver-2] [0m[1;36m[Dbg] [wind_plugin.cpp:110] [0m[1;36mWindPlugin: received command -> speed=[0m[1;36m0[0m[1;36m dir=[0m[1;36m0[0m[1;36m
[gzserver-2] [0m[1;36m[Dbg] [wind_plugin.cpp:110] [0m[1;36mWindPlugin: received command -> speed=[0m[1;36m0[0m[1;36m dir=[0m[1;36m0[0m[1;36m
[gzserver-2] [0m[1;36m[Dbg] [wind_plugin.cpp:110] [0m[1;36mWindPlugin: received command -> speed=[0m[1;36m0[0m[1;36m dir=[0m[1;36m0[0m[1;36m
[gzserver-2] [0m[1;36m[Dbg] [wind_plugin.cpp:110] [0m[1;36mWindPlugin: received command -> speed=[0m[1;36m0[0m[1;36m dir=[0m[1;36m0[0m[1;36m
[gzserver-2] [0mEntering flying model!
[gzserver-2] [INFO] [1773118036.275479879] [gazebo_wind_plugin_node]: WindPlugin: set wind_speed=0.00 wind_direction=0.0
[gzserver-2] [INFO] [1773118036.511252380] [gazebo_wind_plugin_node]: WindPlugin: set wind_speed=2.09 wind_direction=-53.6
[gzserver-2] [INFO] [1773118036.745646555] [gazebo_wind_plugin_node]: WindPlugin: set wind_speed=2.09 wind_direction=-53.6
[gzserver-2] [INFO] [1773118036.985311106] [gazebo_wind_plugin_node]: WindPlugin: set wind_speed=2.34 wind_direction=-51.1
[gzserver-2] [INFO] [1773118037.224477609] [gazebo_wind_plugin_node]: WindPlugin: set wind_speed=2.34 wind_direction=-51.1
[gzserver-2] [INFO] [1773118037.459671790] [gazebo_wind_plugin_node]: WindPlugin: set wind_speed=2.34 wind_direction=-51.1
[gzserver-2] [INFO] [1773118037.694423940] [gazebo_wind_plugin_node]: WindPlugin: set wind_speed=2.34 wind_direction=-51.1
[gzserver-2] [INFO] [1773118037.930261586] [gazebo_wind_plugin_node]: WindPlugin: set wind_speed=2.22 wind_direction=-52.3
[gzserver-2] [INFO] [1773118038.169917501] [gazebo_wind_plugin_node]: WindPlugin: set wind_speed=2.22 wind_direction=-52.3
[gzserver-2] [INFO] [1773118038.412476751] [gazebo_wind_plugin_node]: WindPlugin: set wind_speed=2.22 wind_direction=-52.3
[gzserver-2] [INFO] [1773118038.646770468] [gazebo_wind_plugin_node]: WindPlugin: set wind_speed=2.22 wind_direction=-52.3
[gzserver-2] [INFO] [1773118038.887000965] [gazebo_wind_plugin_node]: WindPlugin: set wind_speed=2.45 wind_direction=-51.7
[gzserver-2] [INFO] [1773118039.127485772] [gazebo_wind_plugin_node]: WindPlugin: set wind_speed=2.45 wind_direction=-51.7
[gzserver-2] [INFO] [1773118039.366836231] [gazebo_wind_plugin_node]: WindPlugin: set wind_speed=2.45 wind_direction=-51.7
[gzserver-2] [INFO] [1773118039.399555152] [drone.simple_drone]: Quadrotor lands!!
[gzserver-2] [INFO] [1773118039.600812213] [gazebo_wind_plugin_node]: WindPlugin: set wind_speed=2.45 wind_direction=-51.7
[gzserver-2] [INFO] [1773118039.841737905] [gazebo_wind_plugin_node]: WindPlugin: set wind_speed=2.45 wind_direction=-51.7
[gzserver-2] [INFO] [1773118040.081211913] [gazebo_wind_plugin_node]: WindPlugin: set wind_speed=2.20 wind_direction=-53.0
[gzserver-2] [INFO] [1773118040.310500246] [gazebo_wind_plugin_node]: WindPlugin: set wind_speed=2.20 wind_direction=-53.0
[gzserver-2] [1;36m[Dbg] [wind_plugin.cpp:110] [0m[1;36mWindPlugin: received command -> speed=[0m[1;36m0[0m[1;36m dir=[0m[1;36m0[0m[1;36m
[gzserver-2] [0m[1;36m[Dbg] [wind_plugin.cpp:110] [0m[1;36mWindPlugin: received command -> speed=[0m[1;36m2.09324[0m[1;36m dir=[0m[1;36m-53.6226[0m[1;36m
[gzserver-2] [0m[1;36m[Dbg] [wind_plugin.cpp:110] [0m[1;36mWindPlugin: received command -> speed=[0m[1;36m2.09324[0m[1;36m dir=[0m[1;36m-53.6226[0m[1;36m
[gzserver-2] [0m[1;36m[Dbg] [wind_plugin.cpp:110] [0m[1;36mWindPlugin: received command -> speed=[0m[1;36m2.33677[0m[1;36m dir=[0m[1;36m-51.0867[0m[1;36m
[gzserver-2] [0m[1;36m[Dbg] [wind_plugin.cpp:110] [0m[1;36mWindPlugin: received command -> speed=[0m[1;36m2.33677[0m[1;36m dir=[0m[1;36m-51.0867[0m[1;36m
[gzserver-2] [0m[1;36m[Dbg] [wind_plugin.cpp:110] [0m[1;36mWindPlugin: received command -> speed=[0m[1;36m2.33677[0m[1;36m dir=[0m[1;36m-51.0867[0m[1;36m
[gzserver-2] [0m[1;36m[Dbg] [wind_plugin.cpp:110] [0m[1;36mWindPlugin: received command -> speed=[0m[1;36m2.33677[0m[1;36m dir=[0m[1;36m-51.0867[0m[1;36m
[gzserver-2] [0m[1;36m[Dbg] [wind_plugin.cpp:110] [0m[1;36mWindPlugin: received command -> speed=[0m[1;36m2.22449[0m[1;36m dir=[0m[1;36m-52.2687[0m[1;36m
[gzserver-2] [0m[1;36m[Dbg] [wind_plugin.cpp:110] [0m[1;36mWindPlugin: received command -> speed=[0m[1;36m2.22449[0m[1;36m dir=[0m[1;36m-52.2687[0m[1;36m
[gzserver-2] [0m[1;36m[Dbg] [wind_plugin.cpp:110] [0m[1;36mWindPlugin: received command -> speed=[0m[1;36m2.22449[0m[1;36m dir=[0m[1;36m-52.2687[0m[1;36m
[gzserver-2] [0m[1;36m[Dbg] [wind_plugin.cpp:110] [0m[1;36mWindPlugin: received command -> speed=[0m[1;36m2.22449[0m[1;36m dir=[0m[1;36m-52.2687[0m[1;36m
[gzserver-2] [0m[1;36m[Dbg] [wind_plugin.cpp:110] [0m[1;36mWindPlugin: received command -> speed=[0m[1;36m2.45245[0m[1;36m dir=[0m[1;36m-51.7379[0m[1;36m
[gzserver-2] [0m[1;36m[Dbg] [wind_plugin.cpp:110] [0m[1;36mWindPlugin: received command -> speed=[0m[1;36m2.45245[0m[1;36m dir=[0m[1;36m-51.7379[0m[1;36m
[gzserver-2] [0m[1;36m[Dbg] [wind_plugin.cpp:110] [0m[1;36mWindPlugin: received command -> speed=[0m[1;36m2.45245[0m[1;36m dir=[0m[1;36m-51.7379[0m[1;36m
[gzserver-2] [0m[1;36m[Dbg] [wind_plugin.cpp:110] [0m[1;36mWindPlugin: received command -> speed=[0m[1;36m2.45245[0m[1;36m dir=[0m[1;36m-51.7379[0m[1;36m
[gzserver-2] [0m[1;36m[Dbg] [wind_plugin.cpp:110] [0m[1;36mWindPlugin: received command -> speed=[0m[1;36m2.45245[0m[1;36m dir=[0m[1;36m-51.7379[0m[1;36m
[gzserver-2] [0m[1;36m[Dbg] [wind_plugin.cpp:110] [0m[1;36mWindPlugin: received command -> speed=[0m[1;36m2.20094[0m[1;36m dir=[0m[1;36m-53.0441[0m[1;36m
[gzserver-2] [0m[1;36m[Dbg] [wind_plugin.cpp:110] [0m[1;36mWindPlugin: received command -> speed=[0m[1;36m2.20094[0m[1;36m dir=[0m[1;36m-53.0441[0m[1;36m
[gzserver-2] [0mLanded!
[gzserver-2] [INFO] [1773118040.544726667] [gazebo_wind_plugin_node]: WindPlugin: set wind_speed=2.20 wind_direction=-53.0
[gzserver-2] [INFO] [1773118040.784307086] [gazebo_wind_plugin_node]: WindPlugin: set wind_speed=2.20 wind_direction=-53.0
[gzserver-2] [INFO] [1773118041.019018906] [gazebo_wind_plugin_node]: WindPlugin: set wind_speed=2.20 wind_direction=-49.8
[gzserver-2] [INFO] [1773118041.262049007] [gazebo_wind_plugin_node]: WindPlugin: set wind_speed=2.20 wind_direction=-49.8
[gzserver-2] [INFO] [1773118041.501523156] [gazebo_wind_plugin_node]: WindPlugin: set wind_speed=2.20 wind_direction=-49.8
[gzserver-2] [INFO] [1773118041.730706261] [gazebo_wind_plugin_node]: WindPlugin: set wind_speed=2.20 wind_direction=-49.8
[gzserver-2] [INFO] [1773118041.967983554] [gazebo_wind_plugin_node]: WindPlugin: set wind_speed=2.15 wind_direction=-50.4
[gzserver-2] [INFO] [1773118042.206745828] [gazebo_wind_plugin_node]: WindPlugin: set wind_speed=2.15 wind_direction=-50.4
