[INFO] [launch]: All log files can be found below /home/j/.ros/log/2026-03-10-20-21-33-786355-j-173426
[INFO] [launch]: Default logging verbosity is set to INFO
[INFO] [launch.user]: [bringup] Apriltag config: camera=/drone/bottom, image=/drone/bottom/image_raw, tags=/drone/bottom/tags, bridge=/landing_tag_state, standalone=true, use_target_id=true, target_id=0
[INFO] [rviz2-1]: process started with pid [173429]
[INFO] [gzserver-2]: process started with pid [173431]
[INFO] [robot_state_publisher-3]: process started with pid [173433]
[INFO] [joint_state_publisher-4]: process started with pid [173435]
[INFO] [spawn_drone-5]: process started with pid [173437]
[INFO] [static_transform_publisher-6]: process started with pid [173439]
[INFO] [joy_node-7]: process started with pid [173441]
[INFO] [teleop_joystick-8]: process started with pid [173443]
[INFO] [apriltag_detector_node-9]: process started with pid [173445]
[INFO] [apriltag_state_bridge-10]: process started with pid [173447]
[static_transform_publisher-6] [WARN] [1773141694.274412977] []: Old-style arguments are deprecated; see --help for new-style arguments
[static_transform_publisher-6] [INFO] [1773141694.280717511] [static_transform_publisher_Sdj2MCNzWU4EM65P]: Spinning until stopped - publishing transform
[static_transform_publisher-6] translation: ('0.000000', '0.000000', '0.000000')
[static_transform_publisher-6] rotation: ('0.000000', '0.000000', '0.000000', '1.000000')
[static_transform_publisher-6] from 'world' to '/drone/odom'
[rviz2-1] 
[rviz2-1] (rviz2:173429): dbind-WARNING **: 20:21:34.283: Couldn't connect to accessibility bus: Failed to connect to socket /root/.cache/at-spi/bus_0: 허가 거부
[robot_state_publisher-3] [INFO] [1773141694.302409144] [drone.robot_state_publisher]: got segment base_footprint
[robot_state_publisher-3] [INFO] [1773141694.302495363] [drone.robot_state_publisher]: got segment base_link
[robot_state_publisher-3] [INFO] [1773141694.302508255] [drone.robot_state_publisher]: got segment bottom_cam_link
[robot_state_publisher-3] [INFO] [1773141694.302516799] [drone.robot_state_publisher]: got segment front_cam_link
[robot_state_publisher-3] [INFO] [1773141694.302524183] [drone.robot_state_publisher]: got segment sonar_link
[apriltag_detector_node-9] [INFO] [1773141694.306491420] [apriltag_detector_node]: tag detector type: umich
[teleop_joystick-8] Traceback (most recent call last):
[teleop_joystick-8]   File "/home/j/INCSL/IICC26_ws/install/sjtu_drone_control/lib/sjtu_drone_control/teleop_joystick", line 33, in <module>
[teleop_joystick-8]     sys.exit(load_entry_point('sjtu_drone_control==0.0.0', 'console_scripts', 'teleop_joystick')())
[teleop_joystick-8]   File "/home/j/INCSL/IICC26_ws/install/sjtu_drone_control/lib/sjtu_drone_control/teleop_joystick", line 22, in importlib_load_entry_point
[teleop_joystick-8]     for entry_point in distribution(dist_name).entry_points
[teleop_joystick-8]   File "/usr/lib/python3.10/importlib/metadata/__init__.py", line 969, in distribution
[teleop_joystick-8]     return Distribution.from_name(distribution_name)
[teleop_joystick-8]   File "/usr/lib/python3.10/importlib/metadata/__init__.py", line 548, in from_name
[teleop_joystick-8]     raise PackageNotFoundError(name)
[teleop_joystick-8] importlib.metadata.PackageNotFoundError: No package metadata was found for sjtu_drone_control
[ERROR] [teleop_joystick-8]: process has died [pid 173443, exit code 1, cmd '/home/j/INCSL/IICC26_ws/install/sjtu_drone_control/lib/sjtu_drone_control/teleop_joystick --ros-args -r __ns:=/drone'].
[gzserver-2] Gazebo multi-robot simulator, version 11.10.2
[gzserver-2] Copyright (C) 2012 Open Source Robotics Foundation.
[gzserver-2] Released under the Apache 2 License.
[gzserver-2] http://gazebosim.org
[gzserver-2] 
[apriltag_state_bridge-10] [INFO] [1773141694.512027212] [apriltag_state_bridge]: AprilTag bridge started: /drone/bottom/tags -> /landing_tag_state, use_target_id=True, target_id=0
[joint_state_publisher-4] [INFO] [1773141694.541029545] [drone.joint_state_publisher]: Waiting for robot_description to be published on the robot_description topic...
[gzserver-2] [1;33m[Wrn] [gazebo_ros_init.cpp:178] [0m[1;33m
[gzserver-2] #     # ####### ####### ###  #####  #######
[gzserver-2] ##    # #     #    #     #  #     # #
[gzserver-2] # #   # #     #    #     #  #       #
[gzserver-2] #  #  # #     #    #     #  #       #####
[gzserver-2] #   # # #     #    #     #  #       #
[gzserver-2] #    ## #     #    #     #  #     # #
[gzserver-2] #     # #######    #    ###  #####  #######
[gzserver-2] 
[gzserver-2] This version of Gazebo, now called Gazebo classic, reaches end-of-life
[gzserver-2] in January 2025. Users are highly encouraged to migrate to the new Gazebo
[gzserver-2] using our migration guides (https://gazebosim.org/docs/latest/gazebo_classic_migration?utm_source=gazebo_ros_pkgs&utm_medium=cli)
[gzserver-2] 
[gzserver-2] [0m[1;33m
[rviz2-1] [INFO] [1773141695.090689648] [rviz2]: Stereo is NOT SUPPORTED
[rviz2-1] [INFO] [1773141695.090796222] [rviz2]: OpenGl version: 4.6 (GLSL 4.6)
[rviz2-1] [INFO] [1773141695.197304091] [rviz2]: Stereo is NOT SUPPORTED
[rviz2-1] [INFO] [1773141695.287203004] [rviz2]: Stereo is NOT SUPPORTED
[spawn_drone-5] [INFO] [1773141695.682911678] [spawn_drone]: Result False Entity pushed to spawn queue, but spawn service timed outwaiting for entity to appear in simulation under the name [/drone]
[gzserver-2] [1;32m[Msg] [0m[1;32mWaiting for master.[0m[1;32m
[gzserver-2] [0m[1;32m[0m[1;32m[0m[1;32m[Msg] [0m[1;32mConnected to gazebo master @ [0m[1;32mhttp://127.0.0.1:11345[0m[1;32m
[gzserver-2] [0m[1;32m[0m[1;32m[0m[1;32m[Msg] [0m[1;32mPublicized address: [0m[1;32m192.168.0.11[0m[1;32m
[gzserver-2] [0m[1;32m[0m[1;32m[0m[1;32m[Msg] [0m[1;32mLoading world file [[0m[1;32m/home/j/INCSL/IICC26_ws/install/sjtu_drone_description/share/sjtu_drone_description/worlds/landingPad.world[0m[1;32m][0m[1;32m
[gzserver-2] [0m[1;32m[0m[1;32m[0m[1;36m[Dbg] [wind_plugin.cpp:96] [0m[1;36mWindPlugin loaded: speed=[0m[1;36m0[0m[1;36m dir=[0m[1;36m0[0m[1;36m deg area=[0m[1;36m0.1[0m[1;36m coeff=[0m[1;36m1[0m[1;36m
[gzserver-2] [0m[1;33m[0m[1;33m[0m[1;31m[Err] [Sensor.cc:510] [0m[1;31mGet noise index not valid[0m[1;31m
[gzserver-2] [0m[1;31m[0m[1;31m[0m[1;31m[Err] [Sensor.cc:510] [0m[1;31mGet noise index not valid[0m[1;31m
[gzserver-2] [0m[1;31m[0m[1;31m[0m[1;31m[Err] [Sensor.cc:510] [0m[1;31mGet noise index not valid[0m[1;31m
[gzserver-2] [0m[1;31m[0m[1;31m[0m[1;31m[Err] [Sensor.cc:510] [0m[1;31mGet noise index not valid[0m[1;31m
[gzserver-2] [0m[1;31m[0m[1;31m[0m[1;31m[Err] [Sensor.cc:510] [0m[1;31mGet noise index not valid[0m[1;31m
[gzserver-2] [0m[1;31m[0m[1;31m[0m[1;31m[Err] [Sensor.cc:510] [0m[1;31mGet noise index not valid[0m[1;31m
[gzserver-2] [0m[1;31m[0m[1;31m[0mTopic [default//drone/base_footprint/down_camera/image] is not valid.
[gzserver-2] [INFO] [1773141695.715079089] [drone.collision_plugin]: Publishing contact states to [/drone/bumper_states]
[gzserver-2] Topic [default//drone/base_footprint/front_camera/image] is not valid.
[gzserver-2] [1;33m[Wrn] [Event.cc:61] [0m[1;33mWarning: Deleting a connection right after creation. [0m[1;33mMake sure to save the ConnectionPtr from a Connect call
[INFO] [spawn_drone-5]: process has finished cleanly [pid 173437]
[gzserver-2] [0m[INFO] [1773141696.309433406] [drone.camera_bottom]: Publishing camera info to [/drone/bottom/camera_info]
[gzserver-2] [INFO] [1773141696.312279032] [drone.camera_front]: Publishing camera info to [/drone/front/camera_info]
[gzserver-2] [INFO] [1773141696.434346352] [drone.simple_drone]: The drone plugin is loading!
[gzserver-2] [INFO] [1773141696.434552734] [drone.simple_drone]: pub_odom: 1
[gzserver-2] [INFO] [1773141696.434587266] [drone.simple_drone]: Using following parameters: 
[gzserver-2] 		link_name: base_footprint,
[gzserver-2] 		max_force: 30,
[gzserver-2] 		motion_small_noise: 0,
[gzserver-2] 		motion_drift_noise: 0,
[gzserver-2] 		motion_drift_noise_time: 50,
[gzserver-2] 		takeoff_hover_height: 1.54,
[gzserver-2] 		takeoff_vertical_speed: 0.2
[gzserver-2] [INFO] [1773141696.446670918] [drone.simple_drone]: Using the PID parameters: 
[gzserver-2] 	Roll Pitch:
[gzserver-2] 		kP: 10, kI: 0,kD: 5, Limit: 0.5, Time Constant: 0
[gzserver-2] 	Yaw:
[gzserver-2] 		kP: 2, kI: 0,kD: 1, Limit: 1.5, Time Constant: 0
[gzserver-2] 	Velocity X:
[gzserver-2] 		kP: 5, kI: 0,kD: 2.3, Limit: 2, Time Constant: 0
[gzserver-2] 	Velocity Y:
[gzserver-2] 		kP: 5, kI: 0,kD: 2.3, Limit: 2, Time Constant: 0
[gzserver-2] 	Velocity Z:
[gzserver-2] 		kP: 5, kI: 0,kD: 1, Limit: -1, Time Constant: 0
[gzserver-2] 	Position XY:
[gzserver-2] 		kP: 1.1, kI: 0,kD: 0, Limit: 5, Time Constant: 0
[gzserver-2] 	Position Z:
[gzserver-2] 		kP: 1, kI: 0,kD: 0.2, Limit: -1, Time Constant: 0
[gzserver-2] [INFO] [1773141696.446806552] [drone.simple_drone]: The drone plugin finished loading!
[gzserver-2] [INFO] [1773141703.616108050] [gazebo_wind_plugin_node]: WindPlugin: set wind_speed=0.00 wind_direction=0.0
[gzserver-2] [INFO] [1773141703.886039689] [gazebo_wind_plugin_node]: WindPlugin: set wind_speed=0.00 wind_direction=0.0
[gzserver-2] [INFO] [1773141703.919648637] [drone.simple_drone]: Quadrotor takes off!!
[gzserver-2] [INFO] [1773141704.122097631] [gazebo_wind_plugin_node]: WindPlugin: set wind_speed=0.00 wind_direction=0.0
[gzserver-2] [INFO] [1773141704.356609605] [gazebo_wind_plugin_node]: WindPlugin: set wind_speed=0.00 wind_direction=0.0
[gzserver-2] [INFO] [1773141704.590132193] [gazebo_wind_plugin_node]: WindPlugin: set wind_speed=0.00 wind_direction=0.0
[gzserver-2] [INFO] [1773141704.829740550] [gazebo_wind_plugin_node]: WindPlugin: set wind_speed=0.00 wind_direction=0.0
[gzserver-2] [INFO] [1773141705.065758538] [gazebo_wind_plugin_node]: WindPlugin: set wind_speed=0.00 wind_direction=0.0
[gzserver-2] [0m[1;36m[Dbg] [wind_plugin.cpp:110] [0m[1;36mWindPlugin: received command -> speed=[0m[1;36m0[0m[1;36m dir=[0m[1;36m0[0m[1;36m
[gzserver-2] [0m[1;36m[Dbg] [wind_plugin.cpp:110] [0m[1;36mWindPlugin: received command -> speed=[0m[1;36m0[0m[1;36m dir=[0m[1;36m0[0m[1;36m
[gzserver-2] [0m[1;36m[Dbg] [wind_plugin.cpp:110] [0m[1;36mWindPlugin: received command -> speed=[0m[1;36m0[0m[1;36m dir=[0m[1;36m0[0m[1;36m
[gzserver-2] [0m[1;36m[Dbg] [wind_plugin.cpp:110] [0m[1;36mWindPlugin: received command -> speed=[0m[1;36m0[0m[1;36m dir=[0m[1;36m0[0m[1;36m
[gzserver-2] [0m[1;36m[Dbg] [wind_plugin.cpp:110] [0m[1;36mWindPlugin: received command -> speed=[0m[1;36m0[0m[1;36m dir=[0m[1;36m0[0m[1;36m
[gzserver-2] [0m[1;36m[Dbg] [wind_plugin.cpp:110] [0m[1;36mWindPlugin: received command -> speed=[0m[1;36m0[0m[1;36m dir=[0m[1;36m0[0m[1;36m
[gzserver-2] [0m[1;36m[Dbg] [wind_plugin.cpp:110] [0m[1;36mWindPlugin: received command -> speed=[0m[1;36m0[0m[1;36m dir=[0m[1;36m0[0m[1;36m
[gzserver-2] [0mEntering flying model!
[gzserver-2] [INFO] [1773141705.305307432] [gazebo_wind_plugin_node]: WindPlugin: set wind_speed=0.00 wind_direction=0.0
[gzserver-2] [INFO] [1773141705.545434750] [gazebo_wind_plugin_node]: WindPlugin: set wind_speed=0.97 wind_direction=-77.9
[gzserver-2] [INFO] [1773141705.784538169] [gazebo_wind_plugin_node]: WindPlugin: set wind_speed=0.97 wind_direction=-77.9
[gzserver-2] [INFO] [1773141706.024203096] [gazebo_wind_plugin_node]: WindPlugin: set wind_speed=0.97 wind_direction=-77.9
[gzserver-2] [INFO] [1773141706.264296746] [gazebo_wind_plugin_node]: WindPlugin: set wind_speed=1.09 wind_direction=-80.1
[gzserver-2] [INFO] [1773141706.494045120] [gazebo_wind_plugin_node]: WindPlugin: set wind_speed=1.09 wind_direction=-80.1
[gzserver-2] [INFO] [1773141706.727957156] [gazebo_wind_plugin_node]: WindPlugin: set wind_speed=1.09 wind_direction=-80.1
[gzserver-2] [INFO] [1773141706.966701457] [gazebo_wind_plugin_node]: WindPlugin: set wind_speed=1.09 wind_direction=-80.1
[gzserver-2] [INFO] [1773141707.200636567] [gazebo_wind_plugin_node]: WindPlugin: set wind_speed=0.89 wind_direction=-77.1
[gzserver-2] [INFO] [1773141707.434970561] [gazebo_wind_plugin_node]: WindPlugin: set wind_speed=0.89 wind_direction=-77.1
[gzserver-2] [INFO] [1773141707.674183565] [gazebo_wind_plugin_node]: WindPlugin: set wind_speed=0.89 wind_direction=-77.1
[gzserver-2] [INFO] [1773141707.907808413] [gazebo_wind_plugin_node]: WindPlugin: set wind_speed=0.89 wind_direction=-77.1
[gzserver-2] [INFO] [1773141708.147895387] [gazebo_wind_plugin_node]: WindPlugin: set wind_speed=0.98 wind_direction=-80.4
[gzserver-2] [INFO] [1773141708.387969975] [gazebo_wind_plugin_node]: WindPlugin: set wind_speed=0.98 wind_direction=-80.4
[gzserver-2] [INFO] [1773141708.627097162] [gazebo_wind_plugin_node]: WindPlugin: set wind_speed=0.98 wind_direction=-80.4
[gzserver-2] [INFO] [1773141708.863888935] [gazebo_wind_plugin_node]: WindPlugin: set wind_speed=0.98 wind_direction=-80.4
[gzserver-2] [INFO] [1773141708.903948344] [drone.simple_drone]: Quadrotor lands!!
[gzserver-2] [INFO] [1773141709.105324055] [gazebo_wind_plugin_node]: WindPlugin: set wind_speed=0.98 wind_direction=-80.4
[gzserver-2] [INFO] [1773141709.344396273] [gazebo_wind_plugin_node]: WindPlugin: set wind_speed=0.90 wind_direction=-80.5
[gzserver-2] [INFO] [1773141709.583945212] [gazebo_wind_plugin_node]: WindPlugin: set wind_speed=0.90 wind_direction=-80.5
[gzserver-2] [INFO] [1773141709.818266146] [gazebo_wind_plugin_node]: WindPlugin: set wind_speed=0.90 wind_direction=-80.5
[gzserver-2] [1;36m[Dbg] [wind_plugin.cpp:110] [0m[1;36mWindPlugin: received command -> speed=[0m[1;36m0[0m[1;36m dir=[0m[1;36m0[0m[1;36m
[gzserver-2] [0m[1;36m[Dbg] [wind_plugin.cpp:110] [0m[1;36mWindPlugin: received command -> speed=[0m[1;36m0.972281[0m[1;36m dir=[0m[1;36m-77.9323[0m[1;36m
[gzserver-2] [0m[1;36m[Dbg] [wind_plugin.cpp:110] [0m[1;36mWindPlugin: received command -> speed=[0m[1;36m0.972281[0m[1;36m dir=[0m[1;36m-77.9323[0m[1;36m
[gzserver-2] [0m[1;36m[Dbg] [wind_plugin.cpp:110] [0m[1;36mWindPlugin: received command -> speed=[0m[1;36m0.972281[0m[1;36m dir=[0m[1;36m-77.9323[0m[1;36m
[gzserver-2] [0m[1;36m[Dbg] [wind_plugin.cpp:110] [0m[1;36mWindPlugin: received command -> speed=[0m[1;36m1.09211[0m[1;36m dir=[0m[1;36m-80.1151[0m[1;36m
[gzserver-2] [0m[1;36m[Dbg] [wind_plugin.cpp:110] [0m[1;36mWindPlugin: received command -> speed=[0m[1;36m1.09211[0m[1;36m dir=[0m[1;36m-80.1151[0m[1;36m
[gzserver-2] [0m[1;36m[Dbg] [wind_plugin.cpp:110] [0m[1;36mWindPlugin: received command -> speed=[0m[1;36m1.09211[0m[1;36m dir=[0m[1;36m-80.1151[0m[1;36m
[gzserver-2] [0m[1;36m[Dbg] [wind_plugin.cpp:110] [0m[1;36mWindPlugin: received command -> speed=[0m[1;36m1.09211[0m[1;36m dir=[0m[1;36m-80.1151[0m[1;36m
[gzserver-2] [0m[1;36m[Dbg] [wind_plugin.cpp:110] [0m[1;36mWindPlugin: received command -> speed=[0m[1;36m0.894212[0m[1;36m dir=[0m[1;36m-77.1465[0m[1;36m
[gzserver-2] [0m[1;36m[Dbg] [wind_plugin.cpp:110] [0m[1;36mWindPlugin: received command -> speed=[0m[1;36m0.894212[0m[1;36m dir=[0m[1;36m-77.1465[0m[1;36m
[gzserver-2] [0m[1;36m[Dbg] [wind_plugin.cpp:110] [0m[1;36mWindPlugin: received command -> speed=[0m[1;36m0.894212[0m[1;36m dir=[0m[1;36m-77.1465[0m[1;36m
[gzserver-2] [0m[1;36m[Dbg] [wind_plugin.cpp:110] [0m[1;36mWindPlugin: received command -> speed=[0m[1;36m0.894212[0m[1;36m dir=[0m[1;36m-77.1465[0m[1;36m
[gzserver-2] [0m[1;36m[Dbg] [wind_plugin.cpp:110] [0m[1;36mWindPlugin: received command -> speed=[0m[1;36m0.982241[0m[1;36m dir=[0m[1;36m-80.4049[0m[1;36m
[gzserver-2] [0m[1;36m[Dbg] [wind_plugin.cpp:110] [0m[1;36mWindPlugin: received command -> speed=[0m[1;36m0.982241[0m[1;36m dir=[0m[1;36m-80.4049[0m[1;36m
[gzserver-2] [0m[1;36m[Dbg] [wind_plugin.cpp:110] [0m[1;36mWindPlugin: received command -> speed=[0m[1;36m0.982241[0m[1;36m dir=[0m[1;36m-80.4049[0m[1;36m
[gzserver-2] [0m[1;36m[Dbg] [wind_plugin.cpp:110] [0m[1;36mWindPlugin: received command -> speed=[0m[1;36m0.982241[0m[1;36m dir=[0m[1;36m-80.4049[0m[1;36m
[gzserver-2] [0m[1;36m[Dbg] [wind_plugin.cpp:110] [0m[1;36mWindPlugin: received command -> speed=[0m[1;36m0.982241[0m[1;36m dir=[0m[1;36m-80.4049[0m[1;36m
[gzserver-2] [0m[1;36m[Dbg] [wind_plugin.cpp:110] [0m[1;36mWindPlugin: received command -> speed=[0m[1;36m0.901295[0m[1;36m dir=[0m[1;36m-80.5079[0m[1;36m
[gzserver-2] [0m[1;36m[Dbg] [wind_plugin.cpp:110] [0m[1;36mWindPlugin: received command -> speed=[0m[1;36m0.901295[0m[1;36m dir=[0m[1;36m-80.5079[0m[1;36m
[gzserver-2] [0m[1;36m[Dbg] [wind_plugin.cpp:110] [0m[1;36mWindPlugin: received command -> speed=[0m[1;36m0.901295[0m[1;36m dir=[0m[1;36m-80.5079[0m[1;36m
[gzserver-2] [0mLanded!
[gzserver-2] [INFO] [1773141710.052403485] [gazebo_wind_plugin_node]: WindPlugin: set wind_speed=0.90 wind_direction=-80.5
[gzserver-2] [INFO] [1773141710.287494559] [gazebo_wind_plugin_node]: WindPlugin: set wind_speed=0.73 wind_direction=-80.6
[gzserver-2] [INFO] [1773141710.521139788] [gazebo_wind_plugin_node]: WindPlugin: set wind_speed=0.73 wind_direction=-80.6
[gzserver-2] [INFO] [1773141710.762807337] [gazebo_wind_plugin_node]: WindPlugin: set wind_speed=0.73 wind_direction=-80.6
[gzserver-2] [INFO] [1773141711.001785385] [gazebo_wind_plugin_node]: WindPlugin: set wind_speed=0.73 wind_direction=-80.6
[gzserver-2] [INFO] [1773141711.241147238] [gazebo_wind_plugin_node]: WindPlugin: set wind_speed=0.95 wind_direction=-82.0
[gzserver-2] [INFO] [1773141711.470755989] [gazebo_wind_plugin_node]: WindPlugin: set wind_speed=0.95 wind_direction=-82.0
[gzserver-2] [INFO] [1773141711.709307434] [gazebo_wind_plugin_node]: WindPlugin: set wind_speed=0.95 wind_direction=-82.0
