[INFO] [launch]: All log files can be found below /home/j/.ros/log/2026-03-10-23-41-11-378066-j-1867493
[INFO] [launch]: Default logging verbosity is set to INFO
[INFO] [launch.user]: [bringup] Apriltag config: camera=/drone/bottom, image=/drone/bottom/image_raw, tags=/drone/bottom/tags, bridge=/landing_tag_state, standalone=true, use_target_id=true, target_id=0
[INFO] [rviz2-1]: process started with pid [1867494]
[INFO] [gzserver-2]: process started with pid [1867496]
[INFO] [robot_state_publisher-3]: process started with pid [1867498]
[INFO] [joint_state_publisher-4]: process started with pid [1867500]
[INFO] [spawn_drone-5]: process started with pid [1867502]
[INFO] [static_transform_publisher-6]: process started with pid [1867504]
[INFO] [joy_node-7]: process started with pid [1867506]
[INFO] [teleop_joystick-8]: process started with pid [1867508]
[INFO] [apriltag_detector_node-9]: process started with pid [1867510]
[INFO] [apriltag_state_bridge-10]: process started with pid [1867513]
[static_transform_publisher-6] [WARN] [1773153671.851377119] []: Old-style arguments are deprecated; see --help for new-style arguments
[static_transform_publisher-6] [INFO] [1773153671.858728327] [static_transform_publisher_oHxUrEzlM4wvMhf0]: Spinning until stopped - publishing transform
[static_transform_publisher-6] translation: ('0.000000', '0.000000', '0.000000')
[static_transform_publisher-6] rotation: ('0.000000', '0.000000', '0.000000', '1.000000')
[static_transform_publisher-6] from 'world' to '/drone/odom'
[robot_state_publisher-3] [INFO] [1773153671.883770363] [drone.robot_state_publisher]: got segment base_footprint
[robot_state_publisher-3] [INFO] [1773153671.883939282] [drone.robot_state_publisher]: got segment base_link
[robot_state_publisher-3] [INFO] [1773153671.883952124] [drone.robot_state_publisher]: got segment bottom_cam_link
[robot_state_publisher-3] [INFO] [1773153671.883960351] [drone.robot_state_publisher]: got segment front_cam_link
[robot_state_publisher-3] [INFO] [1773153671.883967500] [drone.robot_state_publisher]: got segment sonar_link
[apriltag_detector_node-9] [INFO] [1773153671.886212875] [apriltag_detector_node]: tag detector type: umich
[rviz2-1] 
[rviz2-1] (rviz2:1867494): dbind-WARNING **: 23:41:11.896: Couldn't connect to accessibility bus: Failed to connect to socket /root/.cache/at-spi/bus_0: 허가 거부
[teleop_joystick-8] Traceback (most recent call last):
[teleop_joystick-8]   File "/home/j/INCSL/IICC26_ws/install/sjtu_drone_control/lib/sjtu_drone_control/teleop_joystick", line 33, in <module>
[teleop_joystick-8]     sys.exit(load_entry_point('sjtu_drone_control==0.0.0', 'console_scripts', 'teleop_joystick')())
[teleop_joystick-8]   File "/home/j/INCSL/IICC26_ws/install/sjtu_drone_control/lib/sjtu_drone_control/teleop_joystick", line 22, in importlib_load_entry_point
[teleop_joystick-8]     for entry_point in distribution(dist_name).entry_points
[teleop_joystick-8]   File "/usr/lib/python3.10/importlib/metadata/__init__.py", line 969, in distribution
[teleop_joystick-8]     return Distribution.from_name(distribution_name)
[teleop_joystick-8]   File "/usr/lib/python3.10/importlib/metadata/__init__.py", line 548, in from_name
[teleop_joystick-8]     raise PackageNotFoundError(name)
[teleop_joystick-8] importlib.metadata.PackageNotFoundError: No package metadata was found for sjtu_drone_control
[ERROR] [teleop_joystick-8]: process has died [pid 1867508, exit code 1, cmd '/home/j/INCSL/IICC26_ws/install/sjtu_drone_control/lib/sjtu_drone_control/teleop_joystick --ros-args -r __ns:=/drone'].
[gzserver-2] Gazebo multi-robot simulator, version 11.10.2
[gzserver-2] Copyright (C) 2012 Open Source Robotics Foundation.
[gzserver-2] Released under the Apache 2 License.
[gzserver-2] http://gazebosim.org
[gzserver-2] 
[apriltag_state_bridge-10] [INFO] [1773153672.134862459] [apriltag_state_bridge]: AprilTag bridge started: /drone/bottom/tags -> /landing_tag_state, use_target_id=True, target_id=0
[joint_state_publisher-4] [INFO] [1773153672.154903938] [drone.joint_state_publisher]: Waiting for robot_description to be published on the robot_description topic...
[gzserver-2] [1;33m[Wrn] [gazebo_ros_init.cpp:178] [0m[1;33m
[gzserver-2] #     # ####### ####### ###  #####  #######
[gzserver-2] ##    # #     #    #     #  #     # #
[gzserver-2] # #   # #     #    #     #  #       #
[gzserver-2] #  #  # #     #    #     #  #       #####
[gzserver-2] #   # # #     #    #     #  #       #
[gzserver-2] #    ## #     #    #     #  #     # #
[gzserver-2] #     # #######    #    ###  #####  #######
[gzserver-2] 
[gzserver-2] This version of Gazebo, now called Gazebo classic, reaches end-of-life
[gzserver-2] in January 2025. Users are highly encouraged to migrate to the new Gazebo
[gzserver-2] using our migration guides (https://gazebosim.org/docs/latest/gazebo_classic_migration?utm_source=gazebo_ros_pkgs&utm_medium=cli)
[gzserver-2] 
[gzserver-2] [0m[1;33m
[rviz2-1] [INFO] [1773153672.733875774] [rviz2]: Stereo is NOT SUPPORTED
[rviz2-1] [INFO] [1773153672.733964523] [rviz2]: OpenGl version: 4.6 (GLSL 4.6)
[rviz2-1] [INFO] [1773153672.811488105] [rviz2]: Stereo is NOT SUPPORTED
[rviz2-1] [INFO] [1773153672.900825681] [rviz2]: Stereo is NOT SUPPORTED
[spawn_drone-5] [INFO] [1773153673.287820885] [spawn_drone]: Result False Entity pushed to spawn queue, but spawn service timed outwaiting for entity to appear in simulation under the name [/drone]
[gzserver-2] [1;32m[Msg] [0m[1;32mWaiting for master.[0m[1;32m
[gzserver-2] [0m[1;32m[0m[1;32m[0m[1;32m[Msg] [0m[1;32mConnected to gazebo master @ [0m[1;32mhttp://127.0.0.1:11345[0m[1;32m
[gzserver-2] [0m[1;32m[0m[1;32m[0m[1;32m[Msg] [0m[1;32mPublicized address: [0m[1;32m192.168.0.11[0m[1;32m
[gzserver-2] [0m[1;32m[0m[1;32m[0m[1;32m[Msg] [0m[1;32mLoading world file [[0m[1;32m/home/j/INCSL/IICC26_ws/install/sjtu_drone_description/share/sjtu_drone_description/worlds/landingPad.world[0m[1;32m][0m[1;32m
[gzserver-2] [0m[1;32m[0m[1;32m[0m[1;36m[Dbg] [wind_plugin.cpp:96] [0m[1;36mWindPlugin loaded: speed=[0m[1;36m0[0m[1;36m dir=[0m[1;36m0[0m[1;36m deg area=[0m[1;36m0.1[0m[1;36m coeff=[0m[1;36m1[0m[1;36m
[gzserver-2] [0m[1;33m[0m[1;33m[0m[1;31m[Err] [Sensor.cc:510] [0m[1;31mGet noise index not valid[0m[1;31m
[gzserver-2] [0m[1;31m[0m[1;31m[0m[1;31m[Err] [Sensor.cc:510] [0m[1;31mGet noise index not valid[0m[1;31m
[gzserver-2] [0m[1;31m[0m[1;31m[0m[1;31m[Err] [Sensor.cc:510] [0m[1;31mGet noise index not valid[0m[1;31m
[gzserver-2] [0m[1;31m[0m[1;31m[0m[1;31m[Err] [Sensor.cc:510] [0m[1;31mGet noise index not valid[0m[1;31m
[gzserver-2] [0m[1;31m[0m[1;31m[0m[1;31m[Err] [Sensor.cc:510] [0m[1;31mGet noise index not valid[0m[1;31m
[gzserver-2] [0m[1;31m[0m[1;31m[0m[1;31m[Err] [Sensor.cc:510] [0m[1;31mGet noise index not valid[0m[1;31m
[gzserver-2] [0m[1;31m[0m[1;31m[0mTopic [default//drone/base_footprint/down_camera/image] is not valid.
[gzserver-2] [INFO] [1773153673.316894645] [drone.collision_plugin]: Publishing contact states to [/drone/bumper_states]
[gzserver-2] Topic [default//drone/base_footprint/front_camera/image] is not valid.
[gzserver-2] [1;33m[Wrn] [Event.cc:61] [0m[1;33mWarning: Deleting a connection right after creation. [0m[1;33mMake sure to save the ConnectionPtr from a Connect call
[INFO] [spawn_drone-5]: process has finished cleanly [pid 1867502]
[gzserver-2] [0m[INFO] [1773153673.887766294] [drone.camera_bottom]: Publishing camera info to [/drone/bottom/camera_info]
[gzserver-2] [INFO] [1773153673.892260725] [drone.camera_front]: Publishing camera info to [/drone/front/camera_info]
[gzserver-2] [INFO] [1773153674.013711695] [drone.simple_drone]: The drone plugin is loading!
[gzserver-2] [INFO] [1773153674.013935570] [drone.simple_drone]: pub_odom: 1
[gzserver-2] [INFO] [1773153674.013970916] [drone.simple_drone]: Using following parameters: 
[gzserver-2] 		link_name: base_footprint,
[gzserver-2] 		max_force: 30,
[gzserver-2] 		motion_small_noise: 0,
[gzserver-2] 		motion_drift_noise: 0,
[gzserver-2] 		motion_drift_noise_time: 50,
[gzserver-2] 		takeoff_hover_height: 1.66,
[gzserver-2] 		takeoff_vertical_speed: 0.2
[gzserver-2] [INFO] [1773153674.025841994] [drone.simple_drone]: Using the PID parameters: 
[gzserver-2] 	Roll Pitch:
[gzserver-2] 		kP: 10, kI: 0,kD: 5, Limit: 0.5, Time Constant: 0
[gzserver-2] 	Yaw:
[gzserver-2] 		kP: 2, kI: 0,kD: 1, Limit: 1.5, Time Constant: 0
[gzserver-2] 	Velocity X:
[gzserver-2] 		kP: 5, kI: 0,kD: 2.3, Limit: 2, Time Constant: 0
[gzserver-2] 	Velocity Y:
[gzserver-2] 		kP: 5, kI: 0,kD: 2.3, Limit: 2, Time Constant: 0
[gzserver-2] 	Velocity Z:
[gzserver-2] 		kP: 5, kI: 0,kD: 1, Limit: -1, Time Constant: 0
[gzserver-2] 	Position XY:
[gzserver-2] 		kP: 1.1, kI: 0,kD: 0, Limit: 5, Time Constant: 0
[gzserver-2] 	Position Z:
[gzserver-2] 		kP: 1, kI: 0,kD: 0.2, Limit: -1, Time Constant: 0
[gzserver-2] [INFO] [1773153674.025976457] [drone.simple_drone]: The drone plugin finished loading!
[gzserver-2] [INFO] [1773153681.215330343] [gazebo_wind_plugin_node]: WindPlugin: set wind_speed=0.00 wind_direction=0.0
[gzserver-2] [INFO] [1773153681.525726391] [gazebo_wind_plugin_node]: WindPlugin: set wind_speed=0.00 wind_direction=0.0
[gzserver-2] [INFO] [1773153681.558961438] [drone.simple_drone]: Quadrotor takes off!!
[gzserver-2] [INFO] [1773153681.760054555] [gazebo_wind_plugin_node]: WindPlugin: set wind_speed=0.00 wind_direction=0.0
[gzserver-2] [INFO] [1773153682.000874116] [gazebo_wind_plugin_node]: WindPlugin: set wind_speed=0.00 wind_direction=0.0
[gzserver-2] [INFO] [1773153682.240822145] [gazebo_wind_plugin_node]: WindPlugin: set wind_speed=0.00 wind_direction=0.0
[gzserver-2] [INFO] [1773153682.475144525] [gazebo_wind_plugin_node]: WindPlugin: set wind_speed=0.00 wind_direction=0.0
[gzserver-2] [INFO] [1773153682.709273841] [gazebo_wind_plugin_node]: WindPlugin: set wind_speed=0.00 wind_direction=0.0
[gzserver-2] [0m[1;36m[Dbg] [wind_plugin.cpp:110] [0m[1;36mWindPlugin: received command -> speed=[0m[1;36m0[0m[1;36m dir=[0m[1;36m0[0m[1;36m
[gzserver-2] [0m[1;36m[Dbg] [wind_plugin.cpp:110] [0m[1;36mWindPlugin: received command -> speed=[0m[1;36m0[0m[1;36m dir=[0m[1;36m0[0m[1;36m
[gzserver-2] [0m[1;36m[Dbg] [wind_plugin.cpp:110] [0m[1;36mWindPlugin: received command -> speed=[0m[1;36m0[0m[1;36m dir=[0m[1;36m0[0m[1;36m
[gzserver-2] [0m[1;36m[Dbg] [wind_plugin.cpp:110] [0m[1;36mWindPlugin: received command -> speed=[0m[1;36m0[0m[1;36m dir=[0m[1;36m0[0m[1;36m
[gzserver-2] [0m[1;36m[Dbg] [wind_plugin.cpp:110] [0m[1;36mWindPlugin: received command -> speed=[0m[1;36m0[0m[1;36m dir=[0m[1;36m0[0m[1;36m
[gzserver-2] [0m[1;36m[Dbg] [wind_plugin.cpp:110] [0m[1;36mWindPlugin: received command -> speed=[0m[1;36m0[0m[1;36m dir=[0m[1;36m0[0m[1;36m
[gzserver-2] [0m[1;36m[Dbg] [wind_plugin.cpp:110] [0m[1;36mWindPlugin: received command -> speed=[0m[1;36m0[0m[1;36m dir=[0m[1;36m0[0m[1;36m
[gzserver-2] [0mEntering flying model!
[gzserver-2] [INFO] [1773153682.938365923] [gazebo_wind_plugin_node]: WindPlugin: set wind_speed=0.00 wind_direction=0.0
[gzserver-2] [INFO] [1773153683.177862878] [gazebo_wind_plugin_node]: WindPlugin: set wind_speed=1.05 wind_direction=-106.6
[gzserver-2] [INFO] [1773153683.406700997] [gazebo_wind_plugin_node]: WindPlugin: set wind_speed=1.05 wind_direction=-106.6
[gzserver-2] [INFO] [1773153683.640753319] [gazebo_wind_plugin_node]: WindPlugin: set wind_speed=1.05 wind_direction=-106.6
[gzserver-2] [INFO] [1773153683.876900618] [gazebo_wind_plugin_node]: WindPlugin: set wind_speed=1.28 wind_direction=-105.3
[gzserver-2] [INFO] [1773153684.116251610] [gazebo_wind_plugin_node]: WindPlugin: set wind_speed=1.28 wind_direction=-105.3
[gzserver-2] [INFO] [1773153684.355614658] [gazebo_wind_plugin_node]: WindPlugin: set wind_speed=1.28 wind_direction=-105.3
[gzserver-2] [INFO] [1773153684.594879861] [gazebo_wind_plugin_node]: WindPlugin: set wind_speed=1.28 wind_direction=-105.3
[gzserver-2] [INFO] [1773153684.834367547] [gazebo_wind_plugin_node]: WindPlugin: set wind_speed=1.31 wind_direction=-105.9
[gzserver-2] [INFO] [1773153685.074077443] [gazebo_wind_plugin_node]: WindPlugin: set wind_speed=1.31 wind_direction=-105.9
[gzserver-2] [INFO] [1773153685.313495546] [gazebo_wind_plugin_node]: WindPlugin: set wind_speed=1.31 wind_direction=-105.9
[gzserver-2] [INFO] [1773153685.547820330] [gazebo_wind_plugin_node]: WindPlugin: set wind_speed=1.31 wind_direction=-105.9
[gzserver-2] [INFO] [1773153685.777036255] [gazebo_wind_plugin_node]: WindPlugin: set wind_speed=1.34 wind_direction=-104.9
[gzserver-2] [INFO] [1773153686.016109908] [gazebo_wind_plugin_node]: WindPlugin: set wind_speed=1.34 wind_direction=-104.9
[gzserver-2] [INFO] [1773153686.055955849] [drone.simple_drone]: Quadrotor lands!!
[gzserver-2] [INFO] [1773153686.257529914] [gazebo_wind_plugin_node]: WindPlugin: set wind_speed=1.34 wind_direction=-104.9
[gzserver-2] [INFO] [1773153686.491461492] [gazebo_wind_plugin_node]: WindPlugin: set wind_speed=1.34 wind_direction=-104.9
[gzserver-2] [INFO] [1773153686.726471781] [gazebo_wind_plugin_node]: WindPlugin: set wind_speed=1.21 wind_direction=-107.4
[gzserver-2] [INFO] [1773153686.961280189] [gazebo_wind_plugin_node]: WindPlugin: set wind_speed=1.21 wind_direction=-107.4
[gzserver-2] [1;36m[Dbg] [wind_plugin.cpp:110] [0m[1;36mWindPlugin: received command -> speed=[0m[1;36m0[0m[1;36m dir=[0m[1;36m0[0m[1;36m
[gzserver-2] [0m[1;36m[Dbg] [wind_plugin.cpp:110] [0m[1;36mWindPlugin: received command -> speed=[0m[1;36m1.05271[0m[1;36m dir=[0m[1;36m-106.626[0m[1;36m
[gzserver-2] [0m[1;36m[Dbg] [wind_plugin.cpp:110] [0m[1;36mWindPlugin: received command -> speed=[0m[1;36m1.05271[0m[1;36m dir=[0m[1;36m-106.626[0m[1;36m
[gzserver-2] [0m[1;36m[Dbg] [wind_plugin.cpp:110] [0m[1;36mWindPlugin: received command -> speed=[0m[1;36m1.05271[0m[1;36m dir=[0m[1;36m-106.626[0m[1;36m
[gzserver-2] [0m[1;36m[Dbg] [wind_plugin.cpp:110] [0m[1;36mWindPlugin: received command -> speed=[0m[1;36m1.28169[0m[1;36m dir=[0m[1;36m-105.306[0m[1;36m
[gzserver-2] [0m[1;36m[Dbg] [wind_plugin.cpp:110] [0m[1;36mWindPlugin: received command -> speed=[0m[1;36m1.28169[0m[1;36m dir=[0m[1;36m-105.306[0m[1;36m
[gzserver-2] [0m[1;36m[Dbg] [wind_plugin.cpp:110] [0m[1;36mWindPlugin: received command -> speed=[0m[1;36m1.28169[0m[1;36m dir=[0m[1;36m-105.306[0m[1;36m
[gzserver-2] [0m[1;36m[Dbg] [wind_plugin.cpp:110] [0m[1;36mWindPlugin: received command -> speed=[0m[1;36m1.28169[0m[1;36m dir=[0m[1;36m-105.306[0m[1;36m
[gzserver-2] [0m[1;36m[Dbg] [wind_plugin.cpp:110] [0m[1;36mWindPlugin: received command -> speed=[0m[1;36m1.31044[0m[1;36m dir=[0m[1;36m-105.857[0m[1;36m
[gzserver-2] [0m[1;36m[Dbg] [wind_plugin.cpp:110] [0m[1;36mWindPlugin: received command -> speed=[0m[1;36m1.31044[0m[1;36m dir=[0m[1;36m-105.857[0m[1;36m
[gzserver-2] [0m[1;36m[Dbg] [wind_plugin.cpp:110] [0m[1;36mWindPlugin: received command -> speed=[0m[1;36m1.31044[0m[1;36m dir=[0m[1;36m-105.857[0m[1;36m
[gzserver-2] [0m[1;36m[Dbg] [wind_plugin.cpp:110] [0m[1;36mWindPlugin: received command -> speed=[0m[1;36m1.31044[0m[1;36m dir=[0m[1;36m-105.857[0m[1;36m
[gzserver-2] [0m[1;36m[Dbg] [wind_plugin.cpp:110] [0m[1;36mWindPlugin: received command -> speed=[0m[1;36m1.33916[0m[1;36m dir=[0m[1;36m-104.896[0m[1;36m
[gzserver-2] [0m[1;36m[Dbg] [wind_plugin.cpp:110] [0m[1;36mWindPlugin: received command -> speed=[0m[1;36m1.33916[0m[1;36m dir=[0m[1;36m-104.896[0m[1;36m
[gzserver-2] [0m[1;36m[Dbg] [wind_plugin.cpp:110] [0m[1;36mWindPlugin: received command -> speed=[0m[1;36m1.33916[0m[1;36m dir=[0m[1;36m-104.896[0m[1;36m
[gzserver-2] [0m[1;36m[Dbg] [wind_plugin.cpp:110] [0m[1;36mWindPlugin: received command -> speed=[0m[1;36m1.33916[0m[1;36m dir=[0m[1;36m-104.896[0m[1;36m
[gzserver-2] [0m[1;36m[Dbg] [wind_plugin.cpp:110] [0m[1;36mWindPlugin: received command -> speed=[0m[1;36m1.20732[0m[1;36m dir=[0m[1;36m-107.368[0m[1;36m
[gzserver-2] [0m[1;36m[Dbg] [wind_plugin.cpp:110] [0m[1;36mWindPlugin: received command -> speed=[0m[1;36m1.20732[0m[1;36m dir=[0m[1;36m-107.368[0m[1;36m
[gzserver-2] [0mLanded!
[gzserver-2] [INFO] [1773153687.195051139] [gazebo_wind_plugin_node]: WindPlugin: set wind_speed=1.21 wind_direction=-107.4
[gzserver-2] [INFO] [1773153687.437034747] [gazebo_wind_plugin_node]: WindPlugin: set wind_speed=1.21 wind_direction=-107.4
[gzserver-2] [INFO] [1773153687.671409716] [gazebo_wind_plugin_node]: WindPlugin: set wind_speed=1.21 wind_direction=-107.4
[gzserver-2] [INFO] [1773153687.911136613] [gazebo_wind_plugin_node]: WindPlugin: set wind_speed=1.11 wind_direction=-107.0
[gzserver-2] [INFO] [1773153688.145200732] [gazebo_wind_plugin_node]: WindPlugin: set wind_speed=1.11 wind_direction=-107.0
[gzserver-2] [INFO] [1773153688.379475614] [gazebo_wind_plugin_node]: WindPlugin: set wind_speed=1.11 wind_direction=-107.0
[gzserver-2] [INFO] [1773153688.618613703] [gazebo_wind_plugin_node]: WindPlugin: set wind_speed=1.11 wind_direction=-107.0
[gzserver-2] [INFO] [1773153688.858333866] [gazebo_wind_plugin_node]: WindPlugin: set wind_speed=1.21 wind_direction=-106.4
