[INFO] [launch]: All log files can be found below /home/j/.ros/log/2026-03-11-08-01-27-489109-j-2072918
[INFO] [launch]: Default logging verbosity is set to INFO
[INFO] [launch.user]: [bringup] Apriltag config: camera=/drone/bottom, image=/drone/bottom/image_raw, tags=/drone/bottom/tags, bridge=/landing_tag_state, standalone=true, use_target_id=true, target_id=0
[INFO] [rviz2-1]: process started with pid [2072923]
[INFO] [gzserver-2]: process started with pid [2072925]
[INFO] [robot_state_publisher-3]: process started with pid [2072927]
[INFO] [joint_state_publisher-4]: process started with pid [2072929]
[INFO] [spawn_drone-5]: process started with pid [2072931]
[INFO] [static_transform_publisher-6]: process started with pid [2072933]
[INFO] [joy_node-7]: process started with pid [2072935]
[INFO] [teleop_joystick-8]: process started with pid [2072937]
[INFO] [apriltag_detector_node-9]: process started with pid [2072939]
[INFO] [apriltag_state_bridge-10]: process started with pid [2072942]
[static_transform_publisher-6] [WARN] [1773183687.958041637] []: Old-style arguments are deprecated; see --help for new-style arguments
[static_transform_publisher-6] [INFO] [1773183687.963866750] [static_transform_publisher_oAXfrExKu6gpm1qV]: Spinning until stopped - publishing transform
[static_transform_publisher-6] translation: ('0.000000', '0.000000', '0.000000')
[static_transform_publisher-6] rotation: ('0.000000', '0.000000', '0.000000', '1.000000')
[static_transform_publisher-6] from 'world' to '/drone/odom'
[robot_state_publisher-3] [INFO] [1773183687.981325305] [drone.robot_state_publisher]: got segment base_footprint
[robot_state_publisher-3] [INFO] [1773183687.981393528] [drone.robot_state_publisher]: got segment base_link
[robot_state_publisher-3] [INFO] [1773183687.981399551] [drone.robot_state_publisher]: got segment bottom_cam_link
[robot_state_publisher-3] [INFO] [1773183687.981402915] [drone.robot_state_publisher]: got segment front_cam_link
[robot_state_publisher-3] [INFO] [1773183687.981405870] [drone.robot_state_publisher]: got segment sonar_link
[rviz2-1] 
[rviz2-1] (rviz2:2072923): dbind-WARNING **: 08:01:27.989: Couldn't connect to accessibility bus: Failed to connect to socket /root/.cache/at-spi/bus_0: 허가 거부
[apriltag_detector_node-9] [INFO] [1773183688.005921261] [apriltag_detector_node]: tag detector type: umich
[teleop_joystick-8] Traceback (most recent call last):
[teleop_joystick-8]   File "/home/j/INCSL/IICC26_ws/install/sjtu_drone_control/lib/sjtu_drone_control/teleop_joystick", line 33, in <module>
[teleop_joystick-8]     sys.exit(load_entry_point('sjtu_drone_control==0.0.0', 'console_scripts', 'teleop_joystick')())
[teleop_joystick-8]   File "/home/j/INCSL/IICC26_ws/install/sjtu_drone_control/lib/sjtu_drone_control/teleop_joystick", line 22, in importlib_load_entry_point
[teleop_joystick-8]     for entry_point in distribution(dist_name).entry_points
[teleop_joystick-8]   File "/usr/lib/python3.10/importlib/metadata/__init__.py", line 969, in distribution
[teleop_joystick-8]     return Distribution.from_name(distribution_name)
[teleop_joystick-8]   File "/usr/lib/python3.10/importlib/metadata/__init__.py", line 548, in from_name
[teleop_joystick-8]     raise PackageNotFoundError(name)
[teleop_joystick-8] importlib.metadata.PackageNotFoundError: No package metadata was found for sjtu_drone_control
[ERROR] [teleop_joystick-8]: process has died [pid 2072937, exit code 1, cmd '/home/j/INCSL/IICC26_ws/install/sjtu_drone_control/lib/sjtu_drone_control/teleop_joystick --ros-args -r __ns:=/drone'].
[gzserver-2] Gazebo multi-robot simulator, version 11.10.2
[gzserver-2] Copyright (C) 2012 Open Source Robotics Foundation.
[gzserver-2] Released under the Apache 2 License.
[gzserver-2] http://gazebosim.org
[gzserver-2] 
[apriltag_state_bridge-10] [INFO] [1773183688.195648221] [apriltag_state_bridge]: AprilTag bridge started: /drone/bottom/tags -> /landing_tag_state, use_target_id=True, target_id=0
[joint_state_publisher-4] [INFO] [1773183688.249468984] [drone.joint_state_publisher]: Waiting for robot_description to be published on the robot_description topic...
[gzserver-2] [1;33m[Wrn] [gazebo_ros_init.cpp:178] [0m[1;33m
[gzserver-2] #     # ####### ####### ###  #####  #######
[gzserver-2] ##    # #     #    #     #  #     # #
[gzserver-2] # #   # #     #    #     #  #       #
[gzserver-2] #  #  # #     #    #     #  #       #####
[gzserver-2] #   # # #     #    #     #  #       #
[gzserver-2] #    ## #     #    #     #  #     # #
[gzserver-2] #     # #######    #    ###  #####  #######
[gzserver-2] 
[gzserver-2] This version of Gazebo, now called Gazebo classic, reaches end-of-life
[gzserver-2] in January 2025. Users are highly encouraged to migrate to the new Gazebo
[gzserver-2] using our migration guides (https://gazebosim.org/docs/latest/gazebo_classic_migration?utm_source=gazebo_ros_pkgs&utm_medium=cli)
[gzserver-2] 
[gzserver-2] [0m[1;33m
[rviz2-1] [INFO] [1773183688.762091739] [rviz2]: Stereo is NOT SUPPORTED
[rviz2-1] [INFO] [1773183688.762213172] [rviz2]: OpenGl version: 4.6 (GLSL 4.6)
[rviz2-1] [INFO] [1773183688.852135343] [rviz2]: Stereo is NOT SUPPORTED
[rviz2-1] [INFO] [1773183688.941870662] [rviz2]: Stereo is NOT SUPPORTED
[spawn_drone-5] [INFO] [1773183689.365235948] [spawn_drone]: Result False Entity pushed to spawn queue, but spawn service timed outwaiting for entity to appear in simulation under the name [/drone]
[gzserver-2] [1;32m[Msg] [0m[1;32mWaiting for master.[0m[1;32m
[gzserver-2] [0m[1;32m[0m[1;32m[0m[1;32m[Msg] [0m[1;32mConnected to gazebo master @ [0m[1;32mhttp://127.0.0.1:11345[0m[1;32m
[gzserver-2] [0m[1;32m[0m[1;32m[0m[1;32m[Msg] [0m[1;32mPublicized address: [0m[1;32m192.168.0.11[0m[1;32m
[gzserver-2] [0m[1;32m[0m[1;32m[0m[1;32m[Msg] [0m[1;32mLoading world file [[0m[1;32m/home/j/INCSL/IICC26_ws/install/sjtu_drone_description/share/sjtu_drone_description/worlds/landingPad.world[0m[1;32m][0m[1;32m
[gzserver-2] [0m[1;32m[0m[1;32m[0m[1;36m[Dbg] [wind_plugin.cpp:96] [0m[1;36mWindPlugin loaded: speed=[0m[1;36m0[0m[1;36m dir=[0m[1;36m0[0m[1;36m deg area=[0m[1;36m0.1[0m[1;36m coeff=[0m[1;36m1[0m[1;36m
[gzserver-2] [0m[1;33m[0m[1;33m[0m[1;31m[Err] [Sensor.cc:510] [0m[1;31mGet noise index not valid[0m[1;31m
[gzserver-2] [0m[1;31m[0m[1;31m[0m[1;31m[Err] [Sensor.cc:510] [0m[1;31mGet noise index not valid[0m[1;31m
[gzserver-2] [0m[1;31m[0m[1;31m[0m[1;31m[Err] [Sensor.cc:510] [0m[1;31mGet noise index not valid[0m[1;31m
[gzserver-2] [0m[1;31m[0m[1;31m[0m[1;31m[Err] [Sensor.cc:510] [0m[1;31mGet noise index not valid[0m[1;31m
[gzserver-2] [0m[1;31m[0m[1;31m[0m[1;31m[Err] [Sensor.cc:510] [0m[1;31mGet noise index not valid[0m[1;31m
[gzserver-2] [0m[1;31m[0m[1;31m[0m[1;31m[Err] [Sensor.cc:510] [0m[1;31mGet noise index not valid[0m[1;31m
[gzserver-2] [0m[1;31m[0m[1;31m[0mTopic [default//drone/base_footprint/down_camera/image] is not valid.
[gzserver-2] Topic [default//drone/base_footprint/front_camera/image] is not valid.
[gzserver-2] [INFO] [1773183689.397827548] [drone.collision_plugin]: Publishing contact states to [/drone/bumper_states]
[gzserver-2] [1;33m[Wrn] [Event.cc:61] [0m[1;33mWarning: Deleting a connection right after creation. [0m[1;33mMake sure to save the ConnectionPtr from a Connect call
[INFO] [spawn_drone-5]: process has finished cleanly [pid 2072931]
[gzserver-2] [0m[INFO] [1773183689.966810046] [drone.camera_bottom]: Publishing camera info to [/drone/bottom/camera_info]
[gzserver-2] [INFO] [1773183689.971156683] [drone.camera_front]: Publishing camera info to [/drone/front/camera_info]
[gzserver-2] [INFO] [1773183690.093113751] [drone.simple_drone]: The drone plugin is loading!
[gzserver-2] [INFO] [1773183690.093320573] [drone.simple_drone]: pub_odom: 1
[gzserver-2] [INFO] [1773183690.093353333] [drone.simple_drone]: Using following parameters: 
[gzserver-2] 		link_name: base_footprint,
[gzserver-2] 		max_force: 30,
[gzserver-2] 		motion_small_noise: 0,
[gzserver-2] 		motion_drift_noise: 0,
[gzserver-2] 		motion_drift_noise_time: 50,
[gzserver-2] 		takeoff_hover_height: 1.89,
[gzserver-2] 		takeoff_vertical_speed: 0.2
[gzserver-2] [INFO] [1773183690.105109070] [drone.simple_drone]: Using the PID parameters: 
[gzserver-2] 	Roll Pitch:
[gzserver-2] 		kP: 10, kI: 0,kD: 5, Limit: 0.5, Time Constant: 0
[gzserver-2] 	Yaw:
[gzserver-2] 		kP: 2, kI: 0,kD: 1, Limit: 1.5, Time Constant: 0
[gzserver-2] 	Velocity X:
[gzserver-2] 		kP: 5, kI: 0,kD: 2.3, Limit: 2, Time Constant: 0
[gzserver-2] 	Velocity Y:
[gzserver-2] 		kP: 5, kI: 0,kD: 2.3, Limit: 2, Time Constant: 0
[gzserver-2] 	Velocity Z:
[gzserver-2] 		kP: 5, kI: 0,kD: 1, Limit: -1, Time Constant: 0
[gzserver-2] 	Position XY:
[gzserver-2] 		kP: 1.1, kI: 0,kD: 0, Limit: 5, Time Constant: 0
[gzserver-2] 	Position Z:
[gzserver-2] 		kP: 1, kI: 0,kD: 0.2, Limit: -1, Time Constant: 0
[gzserver-2] [INFO] [1773183690.105238880] [drone.simple_drone]: The drone plugin finished loading!
[gzserver-2] [INFO] [1773183697.317969976] [gazebo_wind_plugin_node]: WindPlugin: set wind_speed=0.00 wind_direction=0.0
[gzserver-2] [INFO] [1773183697.590476073] [gazebo_wind_plugin_node]: WindPlugin: set wind_speed=0.00 wind_direction=0.0
[gzserver-2] [INFO] [1773183697.630147271] [drone.simple_drone]: Quadrotor takes off!!
[gzserver-2] [INFO] [1773183697.830747922] [gazebo_wind_plugin_node]: WindPlugin: set wind_speed=0.00 wind_direction=0.0
[gzserver-2] [INFO] [1773183698.072388721] [gazebo_wind_plugin_node]: WindPlugin: set wind_speed=0.00 wind_direction=0.0
[gzserver-2] [INFO] [1773183698.311984690] [gazebo_wind_plugin_node]: WindPlugin: set wind_speed=0.00 wind_direction=0.0
[gzserver-2] [INFO] [1773183698.546846207] [gazebo_wind_plugin_node]: WindPlugin: set wind_speed=0.00 wind_direction=0.0
[gzserver-2] [INFO] [1773183698.786298104] [gazebo_wind_plugin_node]: WindPlugin: set wind_speed=0.00 wind_direction=0.0
[gzserver-2] [INFO] [1773183699.020622275] [gazebo_wind_plugin_node]: WindPlugin: set wind_speed=0.00 wind_direction=0.0
[gzserver-2] [0m[1;36m[Dbg] [wind_plugin.cpp:110] [0m[1;36mWindPlugin: received command -> speed=[0m[1;36m0[0m[1;36m dir=[0m[1;36m0[0m[1;36m
[gzserver-2] [0m[1;36m[Dbg] [wind_plugin.cpp:110] [0m[1;36mWindPlugin: received command -> speed=[0m[1;36m0[0m[1;36m dir=[0m[1;36m0[0m[1;36m
[gzserver-2] [0m[1;36m[Dbg] [wind_plugin.cpp:110] [0m[1;36mWindPlugin: received command -> speed=[0m[1;36m0[0m[1;36m dir=[0m[1;36m0[0m[1;36m
[gzserver-2] [0m[1;36m[Dbg] [wind_plugin.cpp:110] [0m[1;36mWindPlugin: received command -> speed=[0m[1;36m0[0m[1;36m dir=[0m[1;36m0[0m[1;36m
[gzserver-2] [0m[1;36m[Dbg] [wind_plugin.cpp:110] [0m[1;36mWindPlugin: received command -> speed=[0m[1;36m0[0m[1;36m dir=[0m[1;36m0[0m[1;36m
[gzserver-2] [0m[1;36m[Dbg] [wind_plugin.cpp:110] [0m[1;36mWindPlugin: received command -> speed=[0m[1;36m0[0m[1;36m dir=[0m[1;36m0[0m[1;36m
[gzserver-2] [0m[1;36m[Dbg] [wind_plugin.cpp:110] [0m[1;36mWindPlugin: received command -> speed=[0m[1;36m0[0m[1;36m dir=[0m[1;36m0[0m[1;36m
[gzserver-2] [0m[1;36m[Dbg] [wind_plugin.cpp:110] [0m[1;36mWindPlugin: received command -> speed=[0m[1;36m0[0m[1;36m dir=[0m[1;36m0[0m[1;36m
[gzserver-2] [0mEntering flying model!
[gzserver-2] [INFO] [1773183699.254686169] [gazebo_wind_plugin_node]: WindPlugin: set wind_speed=0.00 wind_direction=0.0
[gzserver-2] [INFO] [1773183699.489085532] [gazebo_wind_plugin_node]: WindPlugin: set wind_speed=1.13 wind_direction=-140.9
[gzserver-2] [INFO] [1773183699.729785322] [gazebo_wind_plugin_node]: WindPlugin: set wind_speed=1.13 wind_direction=-140.9
[gzserver-2] [INFO] [1773183699.969379378] [gazebo_wind_plugin_node]: WindPlugin: set wind_speed=1.32 wind_direction=-140.2
[gzserver-2] [INFO] [1773183700.209020547] [gazebo_wind_plugin_node]: WindPlugin: set wind_speed=1.32 wind_direction=-140.2
[gzserver-2] [INFO] [1773183700.446459367] [gazebo_wind_plugin_node]: WindPlugin: set wind_speed=1.32 wind_direction=-140.2
[gzserver-2] [INFO] [1773183700.686904276] [gazebo_wind_plugin_node]: WindPlugin: set wind_speed=1.32 wind_direction=-140.2
[gzserver-2] [INFO] [1773183700.925923623] [gazebo_wind_plugin_node]: WindPlugin: set wind_speed=1.40 wind_direction=-142.6
[gzserver-2] [INFO] [1773183701.159768672] [gazebo_wind_plugin_node]: WindPlugin: set wind_speed=1.40 wind_direction=-142.6
[gzserver-2] [INFO] [1773183701.399563165] [gazebo_wind_plugin_node]: WindPlugin: set wind_speed=1.40 wind_direction=-142.6
[gzserver-2] [INFO] [1773183701.640860641] [gazebo_wind_plugin_node]: WindPlugin: set wind_speed=1.40 wind_direction=-142.6
[gzserver-2] [INFO] [1773183701.875083870] [gazebo_wind_plugin_node]: WindPlugin: set wind_speed=1.30 wind_direction=-143.1
[gzserver-2] [INFO] [1773183702.114862867] [gazebo_wind_plugin_node]: WindPlugin: set wind_speed=1.30 wind_direction=-143.1
[gzserver-2] [INFO] [1773183702.354628996] [gazebo_wind_plugin_node]: WindPlugin: set wind_speed=1.30 wind_direction=-143.1
[gzserver-2] [INFO] [1773183702.590021730] [gazebo_wind_plugin_node]: WindPlugin: set wind_speed=1.30 wind_direction=-143.1
[gzserver-2] [INFO] [1773183702.624530768] [drone.simple_drone]: Quadrotor lands!!
[gzserver-2] [INFO] [1773183702.825932704] [gazebo_wind_plugin_node]: WindPlugin: set wind_speed=1.37 wind_direction=-142.4
[gzserver-2] [INFO] [1773183703.065510383] [gazebo_wind_plugin_node]: WindPlugin: set wind_speed=1.37 wind_direction=-142.4
[gzserver-2] [INFO] [1773183703.304912510] [gazebo_wind_plugin_node]: WindPlugin: set wind_speed=1.37 wind_direction=-142.4
[gzserver-2] [INFO] [1773183703.539820371] [gazebo_wind_plugin_node]: WindPlugin: set wind_speed=1.37 wind_direction=-142.4
[gzserver-2] [1;36m[Dbg] [wind_plugin.cpp:110] [0m[1;36mWindPlugin: received command -> speed=[0m[1;36m0[0m[1;36m dir=[0m[1;36m0[0m[1;36m
[gzserver-2] [0m[1;36m[Dbg] [wind_plugin.cpp:110] [0m[1;36mWindPlugin: received command -> speed=[0m[1;36m1.12708[0m[1;36m dir=[0m[1;36m-140.874[0m[1;36m
[gzserver-2] [0m[1;36m[Dbg] [wind_plugin.cpp:110] [0m[1;36mWindPlugin: received command -> speed=[0m[1;36m1.12708[0m[1;36m dir=[0m[1;36m-140.874[0m[1;36m
[gzserver-2] [0m[1;36m[Dbg] [wind_plugin.cpp:110] [0m[1;36mWindPlugin: received command -> speed=[0m[1;36m1.31919[0m[1;36m dir=[0m[1;36m-140.247[0m[1;36m
[gzserver-2] [0m[1;36m[Dbg] [wind_plugin.cpp:110] [0m[1;36mWindPlugin: received command -> speed=[0m[1;36m1.31919[0m[1;36m dir=[0m[1;36m-140.247[0m[1;36m
[gzserver-2] [0m[1;36m[Dbg] [wind_plugin.cpp:110] [0m[1;36mWindPlugin: received command -> speed=[0m[1;36m1.31919[0m[1;36m dir=[0m[1;36m-140.247[0m[1;36m
[gzserver-2] [0m[1;36m[Dbg] [wind_plugin.cpp:110] [0m[1;36mWindPlugin: received command -> speed=[0m[1;36m1.31919[0m[1;36m dir=[0m[1;36m-140.247[0m[1;36m
[gzserver-2] [0m[1;36m[Dbg] [wind_plugin.cpp:110] [0m[1;36mWindPlugin: received command -> speed=[0m[1;36m1.40427[0m[1;36m dir=[0m[1;36m-142.598[0m[1;36m
[gzserver-2] [0m[1;36m[Dbg] [wind_plugin.cpp:110] [0m[1;36mWindPlugin: received command -> speed=[0m[1;36m1.40427[0m[1;36m dir=[0m[1;36m-142.598[0m[1;36m
[gzserver-2] [0m[1;36m[Dbg] [wind_plugin.cpp:110] [0m[1;36mWindPlugin: received command -> speed=[0m[1;36m1.40427[0m[1;36m dir=[0m[1;36m-142.598[0m[1;36m
[gzserver-2] [0m[1;36m[Dbg] [wind_plugin.cpp:110] [0m[1;36mWindPlugin: received command -> speed=[0m[1;36m1.40427[0m[1;36m dir=[0m[1;36m-142.598[0m[1;36m
[gzserver-2] [0m[1;36m[Dbg] [wind_plugin.cpp:110] [0m[1;36mWindPlugin: received command -> speed=[0m[1;36m1.30235[0m[1;36m dir=[0m[1;36m-143.142[0m[1;36m
[gzserver-2] [0m[1;36m[Dbg] [wind_plugin.cpp:110] [0m[1;36mWindPlugin: received command -> speed=[0m[1;36m1.30235[0m[1;36m dir=[0m[1;36m-143.142[0m[1;36m
[gzserver-2] [0m[1;36m[Dbg] [wind_plugin.cpp:110] [0m[1;36mWindPlugin: received command -> speed=[0m[1;36m1.30235[0m[1;36m dir=[0m[1;36m-143.142[0m[1;36m
[gzserver-2] [0m[1;36m[Dbg] [wind_plugin.cpp:110] [0m[1;36mWindPlugin: received command -> speed=[0m[1;36m1.30235[0m[1;36m dir=[0m[1;36m-143.142[0m[1;36m
[gzserver-2] [0m[1;36m[Dbg] [wind_plugin.cpp:110] [0m[1;36mWindPlugin: received command -> speed=[0m[1;36m1.37124[0m[1;36m dir=[0m[1;36m-142.387[0m[1;36m
[gzserver-2] [0m[1;36m[Dbg] [wind_plugin.cpp:110] [0m[1;36mWindPlugin: received command -> speed=[0m[1;36m1.37124[0m[1;36m dir=[0m[1;36m-142.387[0m[1;36m
[gzserver-2] [0m[1;36m[Dbg] [wind_plugin.cpp:110] [0m[1;36mWindPlugin: received command -> speed=[0m[1;36m1.37124[0m[1;36m dir=[0m[1;36m-142.387[0m[1;36m
[gzserver-2] [0m[1;36m[Dbg] [wind_plugin.cpp:110] [0m[1;36mWindPlugin: received command -> speed=[0m[1;36m1.37124[0m[1;36m dir=[0m[1;36m-142.387[0m[1;36m
[gzserver-2] [0mLanded!
[gzserver-2] [INFO] [1773183703.777238643] [gazebo_wind_plugin_node]: WindPlugin: set wind_speed=1.37 wind_direction=-142.4
[gzserver-2] [INFO] [1773183704.017746465] [gazebo_wind_plugin_node]: WindPlugin: set wind_speed=1.48 wind_direction=-141.4
[gzserver-2] [INFO] [1773183704.257147442] [gazebo_wind_plugin_node]: WindPlugin: set wind_speed=1.48 wind_direction=-141.4
[gzserver-2] [INFO] [1773183704.493179811] [gazebo_wind_plugin_node]: WindPlugin: set wind_speed=1.48 wind_direction=-141.4
[gzserver-2] [INFO] [1773183704.732904909] [gazebo_wind_plugin_node]: WindPlugin: set wind_speed=1.48 wind_direction=-141.4
[gzserver-2] [INFO] [1773183704.972505509] [gazebo_wind_plugin_node]: WindPlugin: set wind_speed=1.46 wind_direction=-142.6
[gzserver-2] [INFO] [1773183705.212062974] [gazebo_wind_plugin_node]: WindPlugin: set wind_speed=1.46 wind_direction=-142.6
[gzserver-2] [INFO] [1773183705.448864464] [gazebo_wind_plugin_node]: WindPlugin: set wind_speed=1.46 wind_direction=-142.6
