[INFO] [launch]: All log files can be found below /home/j/.ros/log/2026-03-10-17-39-18-942285-j-3662374
[INFO] [launch]: Default logging verbosity is set to INFO
[INFO] [launch.user]: [bringup] Apriltag config: camera=/drone/bottom, image=/drone/bottom/image_raw, tags=/drone/bottom/tags, bridge=/landing_tag_state, standalone=true, use_target_id=true, target_id=0
[INFO] [rviz2-1]: process started with pid [3662390]
[INFO] [gzserver-2]: process started with pid [3662392]
[INFO] [robot_state_publisher-3]: process started with pid [3662394]
[INFO] [joint_state_publisher-4]: process started with pid [3662396]
[INFO] [spawn_drone-5]: process started with pid [3662398]
[INFO] [static_transform_publisher-6]: process started with pid [3662400]
[INFO] [joy_node-7]: process started with pid [3662402]
[INFO] [teleop_joystick-8]: process started with pid [3662404]
[INFO] [apriltag_detector_node-9]: process started with pid [3662406]
[INFO] [apriltag_state_bridge-10]: process started with pid [3662408]
[static_transform_publisher-6] [WARN] [1773131959.422900972] []: Old-style arguments are deprecated; see --help for new-style arguments
[static_transform_publisher-6] [INFO] [1773131959.429151745] [static_transform_publisher_9QczoFot8blzdsNw]: Spinning until stopped - publishing transform
[static_transform_publisher-6] translation: ('0.000000', '0.000000', '0.000000')
[static_transform_publisher-6] rotation: ('0.000000', '0.000000', '0.000000', '1.000000')
[static_transform_publisher-6] from 'world' to '/drone/odom'
[robot_state_publisher-3] [INFO] [1773131959.447350372] [drone.robot_state_publisher]: got segment base_footprint
[robot_state_publisher-3] [INFO] [1773131959.447417653] [drone.robot_state_publisher]: got segment base_link
[robot_state_publisher-3] [INFO] [1773131959.447423514] [drone.robot_state_publisher]: got segment bottom_cam_link
[robot_state_publisher-3] [INFO] [1773131959.447426640] [drone.robot_state_publisher]: got segment front_cam_link
[robot_state_publisher-3] [INFO] [1773131959.447429524] [drone.robot_state_publisher]: got segment sonar_link
[rviz2-1] 
[rviz2-1] (rviz2:3662390): dbind-WARNING **: 17:39:19.461: Couldn't connect to accessibility bus: Failed to connect to socket /root/.cache/at-spi/bus_0: 허가 거부
[teleop_joystick-8] Traceback (most recent call last):
[teleop_joystick-8]   File "/home/j/INCSL/IICC26_ws/install/sjtu_drone_control/lib/sjtu_drone_control/teleop_joystick", line 33, in <module>
[teleop_joystick-8]     sys.exit(load_entry_point('sjtu_drone_control==0.0.0', 'console_scripts', 'teleop_joystick')())
[teleop_joystick-8]   File "/home/j/INCSL/IICC26_ws/install/sjtu_drone_control/lib/sjtu_drone_control/teleop_joystick", line 22, in importlib_load_entry_point
[teleop_joystick-8]     for entry_point in distribution(dist_name).entry_points
[teleop_joystick-8]   File "/usr/lib/python3.10/importlib/metadata/__init__.py", line 969, in distribution
[teleop_joystick-8]     return Distribution.from_name(distribution_name)
[teleop_joystick-8]   File "/usr/lib/python3.10/importlib/metadata/__init__.py", line 548, in from_name
[teleop_joystick-8]     raise PackageNotFoundError(name)
[teleop_joystick-8] importlib.metadata.PackageNotFoundError: No package metadata was found for sjtu_drone_control
[apriltag_detector_node-9] [INFO] [1773131959.478564629] [apriltag_detector_node]: tag detector type: umich
[ERROR] [teleop_joystick-8]: process has died [pid 3662404, exit code 1, cmd '/home/j/INCSL/IICC26_ws/install/sjtu_drone_control/lib/sjtu_drone_control/teleop_joystick --ros-args -r __ns:=/drone'].
[gzserver-2] Gazebo multi-robot simulator, version 11.10.2
[gzserver-2] Copyright (C) 2012 Open Source Robotics Foundation.
[gzserver-2] Released under the Apache 2 License.
[gzserver-2] http://gazebosim.org
[gzserver-2] 
[joint_state_publisher-4] [INFO] [1773131959.658265469] [drone.joint_state_publisher]: Waiting for robot_description to be published on the robot_description topic...
[apriltag_state_bridge-10] [INFO] [1773131959.679502042] [apriltag_state_bridge]: AprilTag bridge started: /drone/bottom/tags -> /landing_tag_state, use_target_id=True, target_id=0
[gzserver-2] [1;33m[Wrn] [gazebo_ros_init.cpp:178] [0m[1;33m
[gzserver-2] #     # ####### ####### ###  #####  #######
[gzserver-2] ##    # #     #    #     #  #     # #
[gzserver-2] # #   # #     #    #     #  #       #
[gzserver-2] #  #  # #     #    #     #  #       #####
[gzserver-2] #   # # #     #    #     #  #       #
[gzserver-2] #    ## #     #    #     #  #     # #
[gzserver-2] #     # #######    #    ###  #####  #######
[gzserver-2] 
[gzserver-2] This version of Gazebo, now called Gazebo classic, reaches end-of-life
[gzserver-2] in January 2025. Users are highly encouraged to migrate to the new Gazebo
[gzserver-2] using our migration guides (https://gazebosim.org/docs/latest/gazebo_classic_migration?utm_source=gazebo_ros_pkgs&utm_medium=cli)
[gzserver-2] 
[gzserver-2] [0m[1;33m
[rviz2-1] [INFO] [1773131960.300864681] [rviz2]: Stereo is NOT SUPPORTED
[rviz2-1] [INFO] [1773131960.300997436] [rviz2]: OpenGl version: 4.6 (GLSL 4.6)
[rviz2-1] [INFO] [1773131960.393971000] [rviz2]: Stereo is NOT SUPPORTED
[rviz2-1] [INFO] [1773131960.486858191] [rviz2]: Stereo is NOT SUPPORTED
[gzserver-2] [1;32m[Msg] [0m[1;32mWaiting for master.[0m[1;32m
[gzserver-2] [0m[1;32m[0m[1;32m[0m[1;32m[Msg] [0m[1;32mConnected to gazebo master @ [0m[1;32mhttp://127.0.0.1:11345[0m[1;32m
[gzserver-2] [0m[1;32m[0m[1;32m[0m[1;32m[Msg] [0m[1;32mPublicized address: [0m[1;32m172.16.52.147[0m[1;32m
[gzserver-2] [0m[1;32m[0m[1;32m[0m[1;32m[Msg] [0m[1;32mLoading world file [[0m[1;32m/home/j/INCSL/IICC26_ws/install/sjtu_drone_description/share/sjtu_drone_description/worlds/landingPad.world[0m[1;32m][0m[1;32m
[gzserver-2] [0m[1;32m[0m[1;32m[0m[1;36m[Dbg] [wind_plugin.cpp:96] [0m[1;36mWindPlugin loaded: speed=[0m[1;36m0[0m[1;36m dir=[0m[1;36m0[0m[1;36m deg area=[0m[1;36m0.1[0m[1;36m coeff=[0m[1;36m1[0m[1;36m
[gzserver-2] [0m[1;33m[0m[1;33m[0m[1;31m[Err] [Sensor.cc:510] [0m[1;31mGet noise index not valid[0m[1;31m
[gzserver-2] [0m[1;31m[0m[1;31m[0m[1;31m[Err] [Sensor.cc:510] [0m[1;31mGet noise index not valid[0m[1;31m
[gzserver-2] [0m[1;31m[0m[1;31m[0m[1;31m[Err] [Sensor.cc:510] [0m[1;31mGet noise index not valid[0m[1;31m
[gzserver-2] [0m[1;31m[0m[1;31m[0m[1;31m[Err] [Sensor.cc:510] [0m[1;31mGet noise index not valid[0m[1;31m
[gzserver-2] [0m[1;31m[0m[1;31m[0m[1;31m[Err] [Sensor.cc:510] [0m[1;31mGet noise index not valid[0m[1;31m
[gzserver-2] [0m[1;31m[0m[1;31m[0m[1;31m[Err] [Sensor.cc:510] [0m[1;31mGet noise index not valid[0m[1;31m
[gzserver-2] [0m[1;31m[0m[1;31m[0mTopic [default//drone/base_footprint/down_camera/image] is not valid.
[gzserver-2] [INFO] [1773131960.929487791] [drone.collision_plugin]: Publishing contact states to [/drone/bumper_states]
[gzserver-2] Topic [default//drone/base_footprint/front_camera/image] is not valid.
[gzserver-2] [1;33m[Wrn] [Event.cc:61] [0m[1;33mWarning: Deleting a connection right after creation. [0m[1;33mMake sure to save the ConnectionPtr from a Connect call
[gzserver-2] [0m[INFO] [1773131961.491223159] [drone.camera_bottom]: Publishing camera info to [/drone/bottom/camera_info]
[gzserver-2] [INFO] [1773131961.495417608] [drone.camera_front]: Publishing camera info to [/drone/front/camera_info]
[spawn_drone-5] [INFO] [1773131961.505604094] [spawn_drone]: Result True SpawnEntity: Successfully spawned entity [/drone]
[gzserver-2] [INFO] [1773131961.618654223] [drone.simple_drone]: The drone plugin is loading!
[gzserver-2] [INFO] [1773131961.618876878] [drone.simple_drone]: pub_odom: 1
[gzserver-2] [INFO] [1773131961.618911858] [drone.simple_drone]: Using following parameters: 
[gzserver-2] 		link_name: base_footprint,
[gzserver-2] 		max_force: 30,
[gzserver-2] 		motion_small_noise: 0,
[gzserver-2] 		motion_drift_noise: 0,
[gzserver-2] 		motion_drift_noise_time: 50,
[gzserver-2] 		takeoff_hover_height: 1.64,
[gzserver-2] 		takeoff_vertical_speed: 0.2
[gzserver-2] [INFO] [1773131961.630511210] [drone.simple_drone]: Using the PID parameters: 
[gzserver-2] 	Roll Pitch:
[gzserver-2] 		kP: 10, kI: 0,kD: 5, Limit: 0.5, Time Constant: 0
[gzserver-2] 	Yaw:
[gzserver-2] 		kP: 2, kI: 0,kD: 1, Limit: 1.5, Time Constant: 0
[gzserver-2] 	Velocity X:
[gzserver-2] 		kP: 5, kI: 0,kD: 2.3, Limit: 2, Time Constant: 0
[gzserver-2] 	Velocity Y:
[gzserver-2] 		kP: 5, kI: 0,kD: 2.3, Limit: 2, Time Constant: 0
[gzserver-2] 	Velocity Z:
[gzserver-2] 		kP: 5, kI: 0,kD: 1, Limit: -1, Time Constant: 0
[gzserver-2] 	Position XY:
[gzserver-2] 		kP: 1.1, kI: 0,kD: 0, Limit: 5, Time Constant: 0
[gzserver-2] 	Position Z:
[gzserver-2] 		kP: 1, kI: 0,kD: 0.2, Limit: -1, Time Constant: 0
[gzserver-2] [INFO] [1773131961.630647145] [drone.simple_drone]: The drone plugin finished loading!
[INFO] [spawn_drone-5]: process has finished cleanly [pid 3662398]
[gzserver-2] [INFO] [1773131968.777246335] [gazebo_wind_plugin_node]: WindPlugin: set wind_speed=0.00 wind_direction=0.0
[gzserver-2] [INFO] [1773131969.051857647] [gazebo_wind_plugin_node]: WindPlugin: set wind_speed=0.00 wind_direction=0.0
[gzserver-2] [INFO] [1773131969.085963928] [drone.simple_drone]: Quadrotor takes off!!
[gzserver-2] [INFO] [1773131969.286587992] [gazebo_wind_plugin_node]: WindPlugin: set wind_speed=0.00 wind_direction=0.0
[gzserver-2] [INFO] [1773131969.526138541] [gazebo_wind_plugin_node]: WindPlugin: set wind_speed=0.00 wind_direction=0.0
[gzserver-2] [INFO] [1773131969.765423696] [gazebo_wind_plugin_node]: WindPlugin: set wind_speed=0.00 wind_direction=0.0
[gzserver-2] [INFO] [1773131970.000217509] [gazebo_wind_plugin_node]: WindPlugin: set wind_speed=0.00 wind_direction=0.0
[gzserver-2] [INFO] [1773131970.241673126] [gazebo_wind_plugin_node]: WindPlugin: set wind_speed=0.00 wind_direction=0.0
[gzserver-2] [0m[1;36m[Dbg] [wind_plugin.cpp:110] [0m[1;36mWindPlugin: received command -> speed=[0m[1;36m0[0m[1;36m dir=[0m[1;36m0[0m[1;36m
[gzserver-2] [0m[1;36m[Dbg] [wind_plugin.cpp:110] [0m[1;36mWindPlugin: received command -> speed=[0m[1;36m0[0m[1;36m dir=[0m[1;36m0[0m[1;36m
[gzserver-2] [0m[1;36m[Dbg] [wind_plugin.cpp:110] [0m[1;36mWindPlugin: received command -> speed=[0m[1;36m0[0m[1;36m dir=[0m[1;36m0[0m[1;36m
[gzserver-2] [0m[1;36m[Dbg] [wind_plugin.cpp:110] [0m[1;36mWindPlugin: received command -> speed=[0m[1;36m0[0m[1;36m dir=[0m[1;36m0[0m[1;36m
[gzserver-2] [0m[1;36m[Dbg] [wind_plugin.cpp:110] [0m[1;36mWindPlugin: received command -> speed=[0m[1;36m0[0m[1;36m dir=[0m[1;36m0[0m[1;36m
[gzserver-2] [0m[1;36m[Dbg] [wind_plugin.cpp:110] [0m[1;36mWindPlugin: received command -> speed=[0m[1;36m0[0m[1;36m dir=[0m[1;36m0[0m[1;36m
[gzserver-2] [0m[1;36m[Dbg] [wind_plugin.cpp:110] [0m[1;36mWindPlugin: received command -> speed=[0m[1;36m0[0m[1;36m dir=[0m[1;36m0[0m[1;36m
[gzserver-2] [0mEntering flying model!
[gzserver-2] [INFO] [1773131970.475807973] [gazebo_wind_plugin_node]: WindPlugin: set wind_speed=0.00 wind_direction=0.0
[gzserver-2] [INFO] [1773131970.716026222] [gazebo_wind_plugin_node]: WindPlugin: set wind_speed=1.12 wind_direction=-86.9
[gzserver-2] [INFO] [1773131970.955465507] [gazebo_wind_plugin_node]: WindPlugin: set wind_speed=1.12 wind_direction=-86.9
[gzserver-2] [INFO] [1773131971.195257403] [gazebo_wind_plugin_node]: WindPlugin: set wind_speed=1.12 wind_direction=-86.9
[gzserver-2] [INFO] [1773131971.429474660] [gazebo_wind_plugin_node]: WindPlugin: set wind_speed=1.26 wind_direction=-86.2
[gzserver-2] [INFO] [1773131971.669121845] [gazebo_wind_plugin_node]: WindPlugin: set wind_speed=1.26 wind_direction=-86.2
[gzserver-2] [INFO] [1773131971.910439164] [gazebo_wind_plugin_node]: WindPlugin: set wind_speed=1.26 wind_direction=-86.2
[gzserver-2] [INFO] [1773131972.144300997] [gazebo_wind_plugin_node]: WindPlugin: set wind_speed=1.26 wind_direction=-86.2
[gzserver-2] [INFO] [1773131972.385453452] [gazebo_wind_plugin_node]: WindPlugin: set wind_speed=1.07 wind_direction=-86.4
[gzserver-2] [INFO] [1773131972.625177136] [gazebo_wind_plugin_node]: WindPlugin: set wind_speed=1.07 wind_direction=-86.4
[gzserver-2] [INFO] [1773131972.864886092] [gazebo_wind_plugin_node]: WindPlugin: set wind_speed=1.07 wind_direction=-86.4
[gzserver-2] [INFO] [1773131973.106819358] [gazebo_wind_plugin_node]: WindPlugin: set wind_speed=1.07 wind_direction=-86.4
[gzserver-2] [INFO] [1773131973.345426942] [gazebo_wind_plugin_node]: WindPlugin: set wind_speed=1.18 wind_direction=-85.8
[gzserver-2] [INFO] [1773131973.584840970] [gazebo_wind_plugin_node]: WindPlugin: set wind_speed=1.18 wind_direction=-85.8
[gzserver-2] [INFO] [1773131973.613946661] [drone.simple_drone]: Quadrotor lands!!
[gzserver-2] [INFO] [1773131973.815349953] [gazebo_wind_plugin_node]: WindPlugin: set wind_speed=1.18 wind_direction=-85.8
[gzserver-2] [INFO] [1773131974.054860072] [gazebo_wind_plugin_node]: WindPlugin: set wind_speed=1.18 wind_direction=-85.8
[gzserver-2] [INFO] [1773131974.289545424] [gazebo_wind_plugin_node]: WindPlugin: set wind_speed=1.09 wind_direction=-85.1
[gzserver-2] [INFO] [1773131974.529540044] [gazebo_wind_plugin_node]: WindPlugin: set wind_speed=1.09 wind_direction=-85.1
[gzserver-2] [1;36m[Dbg] [wind_plugin.cpp:110] [0m[1;36mWindPlugin: received command -> speed=[0m[1;36m0[0m[1;36m dir=[0m[1;36m0[0m[1;36m
[gzserver-2] [0m[1;36m[Dbg] [wind_plugin.cpp:110] [0m[1;36mWindPlugin: received command -> speed=[0m[1;36m1.11761[0m[1;36m dir=[0m[1;36m-86.8806[0m[1;36m
[gzserver-2] [0m[1;36m[Dbg] [wind_plugin.cpp:110] [0m[1;36mWindPlugin: received command -> speed=[0m[1;36m1.11761[0m[1;36m dir=[0m[1;36m-86.8806[0m[1;36m
[gzserver-2] [0m[1;36m[Dbg] [wind_plugin.cpp:110] [0m[1;36mWindPlugin: received command -> speed=[0m[1;36m1.11761[0m[1;36m dir=[0m[1;36m-86.8806[0m[1;36m
[gzserver-2] [0m[1;36m[Dbg] [wind_plugin.cpp:110] [0m[1;36mWindPlugin: received command -> speed=[0m[1;36m1.26281[0m[1;36m dir=[0m[1;36m-86.1886[0m[1;36m
[gzserver-2] [0m[1;36m[Dbg] [wind_plugin.cpp:110] [0m[1;36mWindPlugin: received command -> speed=[0m[1;36m1.26281[0m[1;36m dir=[0m[1;36m-86.1886[0m[1;36m
[gzserver-2] [0m[1;36m[Dbg] [wind_plugin.cpp:110] [0m[1;36mWindPlugin: received command -> speed=[0m[1;36m1.26281[0m[1;36m dir=[0m[1;36m-86.1886[0m[1;36m
[gzserver-2] [0m[1;36m[Dbg] [wind_plugin.cpp:110] [0m[1;36mWindPlugin: received command -> speed=[0m[1;36m1.26281[0m[1;36m dir=[0m[1;36m-86.1886[0m[1;36m
[gzserver-2] [0m[1;36m[Dbg] [wind_plugin.cpp:110] [0m[1;36mWindPlugin: received command -> speed=[0m[1;36m1.0749[0m[1;36m dir=[0m[1;36m-86.4378[0m[1;36m
[gzserver-2] [0m[1;36m[Dbg] [wind_plugin.cpp:110] [0m[1;36mWindPlugin: received command -> speed=[0m[1;36m1.0749[0m[1;36m dir=[0m[1;36m-86.4378[0m[1;36m
[gzserver-2] [0m[1;36m[Dbg] [wind_plugin.cpp:110] [0m[1;36mWindPlugin: received command -> speed=[0m[1;36m1.0749[0m[1;36m dir=[0m[1;36m-86.4378[0m[1;36m
[gzserver-2] [0m[1;36m[Dbg] [wind_plugin.cpp:110] [0m[1;36mWindPlugin: received command -> speed=[0m[1;36m1.0749[0m[1;36m dir=[0m[1;36m-86.4378[0m[1;36m
[gzserver-2] [0m[1;36m[Dbg] [wind_plugin.cpp:110] [0m[1;36mWindPlugin: received command -> speed=[0m[1;36m1.17576[0m[1;36m dir=[0m[1;36m-85.774[0m[1;36m
[gzserver-2] [0m[1;36m[Dbg] [wind_plugin.cpp:110] [0m[1;36mWindPlugin: received command -> speed=[0m[1;36m1.17576[0m[1;36m dir=[0m[1;36m-85.774[0m[1;36m
[gzserver-2] [0m[1;36m[Dbg] [wind_plugin.cpp:110] [0m[1;36mWindPlugin: received command -> speed=[0m[1;36m1.17576[0m[1;36m dir=[0m[1;36m-85.774[0m[1;36m
[gzserver-2] [0m[1;36m[Dbg] [wind_plugin.cpp:110] [0m[1;36mWindPlugin: received command -> speed=[0m[1;36m1.17576[0m[1;36m dir=[0m[1;36m-85.774[0m[1;36m
[gzserver-2] [0m[1;36m[Dbg] [wind_plugin.cpp:110] [0m[1;36mWindPlugin: received command -> speed=[0m[1;36m1.09326[0m[1;36m dir=[0m[1;36m-85.0657[0m[1;36m
[gzserver-2] [0m[1;36m[Dbg] [wind_plugin.cpp:110] [0m[1;36mWindPlugin: received command -> speed=[0m[1;36m1.09326[0m[1;36m dir=[0m[1;36m-85.0657[0m[1;36m
[gzserver-2] [0mLanded!
[gzserver-2] [INFO] [1773131974.768664327] [gazebo_wind_plugin_node]: WindPlugin: set wind_speed=1.09 wind_direction=-85.1
[gzserver-2] [INFO] [1773131975.008451268] [gazebo_wind_plugin_node]: WindPlugin: set wind_speed=1.09 wind_direction=-85.1
[gzserver-2] [INFO] [1773131975.243688747] [gazebo_wind_plugin_node]: WindPlugin: set wind_speed=1.09 wind_direction=-85.1
[gzserver-2] [INFO] [1773131975.482963092] [gazebo_wind_plugin_node]: WindPlugin: set wind_speed=1.22 wind_direction=-89.6
[gzserver-2] [INFO] [1773131975.723215387] [gazebo_wind_plugin_node]: WindPlugin: set wind_speed=1.22 wind_direction=-89.6
[gzserver-2] [INFO] [1773131975.962941516] [gazebo_wind_plugin_node]: WindPlugin: set wind_speed=1.22 wind_direction=-89.6
[gzserver-2] [INFO] [1773131976.202281911] [gazebo_wind_plugin_node]: WindPlugin: set wind_speed=1.22 wind_direction=-89.6
[gzserver-2] [INFO] [1773131976.441969145] [gazebo_wind_plugin_node]: WindPlugin: set wind_speed=1.22 wind_direction=-88.7
