[INFO] [launch]: All log files can be found below /home/j/.ros/log/2026-03-10-19-36-08-351496-j-124221
[INFO] [launch]: Default logging verbosity is set to INFO
[INFO] [launch.user]: [bringup] Apriltag config: camera=/drone/bottom, image=/drone/bottom/image_raw, tags=/drone/bottom/tags, bridge=/landing_tag_state, standalone=true, use_target_id=true, target_id=0
[INFO] [rviz2-1]: process started with pid [124226]
[INFO] [gzserver-2]: process started with pid [124228]
[INFO] [robot_state_publisher-3]: process started with pid [124230]
[INFO] [joint_state_publisher-4]: process started with pid [124232]
[INFO] [spawn_drone-5]: process started with pid [124234]
[INFO] [static_transform_publisher-6]: process started with pid [124236]
[INFO] [joy_node-7]: process started with pid [124238]
[INFO] [teleop_joystick-8]: process started with pid [124240]
[INFO] [apriltag_detector_node-9]: process started with pid [124242]
[INFO] [apriltag_state_bridge-10]: process started with pid [124245]
[static_transform_publisher-6] [WARN] [1773138968.829526951] []: Old-style arguments are deprecated; see --help for new-style arguments
[static_transform_publisher-6] [INFO] [1773138968.835367926] [static_transform_publisher_y25VtYfvtalJbPQp]: Spinning until stopped - publishing transform
[static_transform_publisher-6] translation: ('0.000000', '0.000000', '0.000000')
[static_transform_publisher-6] rotation: ('0.000000', '0.000000', '0.000000', '1.000000')
[static_transform_publisher-6] from 'world' to '/drone/odom'
[robot_state_publisher-3] [INFO] [1773138968.858884820] [drone.robot_state_publisher]: got segment base_footprint
[robot_state_publisher-3] [INFO] [1773138968.858975545] [drone.robot_state_publisher]: got segment base_link
[robot_state_publisher-3] [INFO] [1773138968.858987945] [drone.robot_state_publisher]: got segment bottom_cam_link
[robot_state_publisher-3] [INFO] [1773138968.858996238] [drone.robot_state_publisher]: got segment front_cam_link
[robot_state_publisher-3] [INFO] [1773138968.859003310] [drone.robot_state_publisher]: got segment sonar_link
[rviz2-1] 
[rviz2-1] (rviz2:124226): dbind-WARNING **: 19:36:08.861: Couldn't connect to accessibility bus: Failed to connect to socket /root/.cache/at-spi/bus_0: 허가 거부
[apriltag_detector_node-9] [INFO] [1773138968.865428901] [apriltag_detector_node]: tag detector type: umich
[teleop_joystick-8] Traceback (most recent call last):
[teleop_joystick-8]   File "/home/j/INCSL/IICC26_ws/install/sjtu_drone_control/lib/sjtu_drone_control/teleop_joystick", line 33, in <module>
[teleop_joystick-8]     sys.exit(load_entry_point('sjtu_drone_control==0.0.0', 'console_scripts', 'teleop_joystick')())
[teleop_joystick-8]   File "/home/j/INCSL/IICC26_ws/install/sjtu_drone_control/lib/sjtu_drone_control/teleop_joystick", line 22, in importlib_load_entry_point
[teleop_joystick-8]     for entry_point in distribution(dist_name).entry_points
[teleop_joystick-8]   File "/usr/lib/python3.10/importlib/metadata/__init__.py", line 969, in distribution
[teleop_joystick-8]     return Distribution.from_name(distribution_name)
[teleop_joystick-8]   File "/usr/lib/python3.10/importlib/metadata/__init__.py", line 548, in from_name
[teleop_joystick-8]     raise PackageNotFoundError(name)
[teleop_joystick-8] importlib.metadata.PackageNotFoundError: No package metadata was found for sjtu_drone_control
[ERROR] [teleop_joystick-8]: process has died [pid 124240, exit code 1, cmd '/home/j/INCSL/IICC26_ws/install/sjtu_drone_control/lib/sjtu_drone_control/teleop_joystick --ros-args -r __ns:=/drone'].
[gzserver-2] Gazebo multi-robot simulator, version 11.10.2
[gzserver-2] Copyright (C) 2012 Open Source Robotics Foundation.
[gzserver-2] Released under the Apache 2 License.
[gzserver-2] http://gazebosim.org
[gzserver-2] 
[joint_state_publisher-4] [INFO] [1773138969.078576573] [drone.joint_state_publisher]: Waiting for robot_description to be published on the robot_description topic...
[apriltag_state_bridge-10] [INFO] [1773138969.111843893] [apriltag_state_bridge]: AprilTag bridge started: /drone/bottom/tags -> /landing_tag_state, use_target_id=True, target_id=0
[gzserver-2] [1;33m[Wrn] [gazebo_ros_init.cpp:178] [0m[1;33m
[gzserver-2] #     # ####### ####### ###  #####  #######
[gzserver-2] ##    # #     #    #     #  #     # #
[gzserver-2] # #   # #     #    #     #  #       #
[gzserver-2] #  #  # #     #    #     #  #       #####
[gzserver-2] #   # # #     #    #     #  #       #
[gzserver-2] #    ## #     #    #     #  #     # #
[gzserver-2] #     # #######    #    ###  #####  #######
[gzserver-2] 
[gzserver-2] This version of Gazebo, now called Gazebo classic, reaches end-of-life
[gzserver-2] in January 2025. Users are highly encouraged to migrate to the new Gazebo
[gzserver-2] using our migration guides (https://gazebosim.org/docs/latest/gazebo_classic_migration?utm_source=gazebo_ros_pkgs&utm_medium=cli)
[gzserver-2] 
[gzserver-2] [0m[1;33m
[rviz2-1] [INFO] [1773138969.662082914] [rviz2]: Stereo is NOT SUPPORTED
[rviz2-1] [INFO] [1773138969.662173829] [rviz2]: OpenGl version: 4.6 (GLSL 4.6)
[rviz2-1] [INFO] [1773138969.753660307] [rviz2]: Stereo is NOT SUPPORTED
[rviz2-1] [INFO] [1773138969.843906327] [rviz2]: Stereo is NOT SUPPORTED
[spawn_drone-5] [INFO] [1773138970.240120887] [spawn_drone]: Result False Entity pushed to spawn queue, but spawn service timed outwaiting for entity to appear in simulation under the name [/drone]
[gzserver-2] [1;32m[Msg] [0m[1;32mWaiting for master.[0m[1;32m
[gzserver-2] [0m[1;32m[0m[1;32m[0m[1;32m[Msg] [0m[1;32mConnected to gazebo master @ [0m[1;32mhttp://127.0.0.1:11345[0m[1;32m
[gzserver-2] [0m[1;32m[0m[1;32m[0m[1;32m[Msg] [0m[1;32mPublicized address: [0m[1;32m172.16.52.147[0m[1;32m
[gzserver-2] [0m[1;32m[0m[1;32m[0m[1;32m[Msg] [0m[1;32mLoading world file [[0m[1;32m/home/j/INCSL/IICC26_ws/install/sjtu_drone_description/share/sjtu_drone_description/worlds/landingPad.world[0m[1;32m][0m[1;32m
[gzserver-2] [0m[1;32m[0m[1;32m[0m[1;36m[Dbg] [wind_plugin.cpp:96] [0m[1;36mWindPlugin loaded: speed=[0m[1;36m0[0m[1;36m dir=[0m[1;36m0[0m[1;36m deg area=[0m[1;36m0.1[0m[1;36m coeff=[0m[1;36m1[0m[1;36m
[gzserver-2] [0m[1;33m[0m[1;33m[0m[1;31m[Err] [Sensor.cc:510] [0m[1;31mGet noise index not valid[0m[1;31m
[gzserver-2] [0m[1;31m[0m[1;31m[0m[1;31m[Err] [Sensor.cc:510] [0m[1;31mGet noise index not valid[0m[1;31m
[gzserver-2] [0m[1;31m[0m[1;31m[0m[1;31m[Err] [Sensor.cc:510] [0m[1;31mGet noise index not valid[0m[1;31m
[gzserver-2] [0m[1;31m[0m[1;31m[0m[1;31m[Err] [Sensor.cc:510] [0m[1;31mGet noise index not valid[0m[1;31m
[gzserver-2] [0m[1;31m[0m[1;31m[0m[1;31m[Err] [Sensor.cc:510] [0m[1;31mGet noise index not valid[0m[1;31m
[gzserver-2] [0m[1;31m[0m[1;31m[0m[1;31m[Err] [Sensor.cc:510] [0m[1;31mGet noise index not valid[0m[1;31m
[gzserver-2] [0m[1;31m[0m[1;31m[0mTopic [default//drone/base_footprint/down_camera/image] is not valid.
[gzserver-2] Topic [default//drone/base_footprint/front_camera/image] is not valid.
[gzserver-2] [INFO] [1773138970.271148983] [drone.collision_plugin]: Publishing contact states to [/drone/bumper_states]
[gzserver-2] [1;33m[Wrn] [Event.cc:61] [0m[1;33mWarning: Deleting a connection right after creation. [0m[1;33mMake sure to save the ConnectionPtr from a Connect call
[INFO] [spawn_drone-5]: process has finished cleanly [pid 124234]
[gzserver-2] [0m[INFO] [1773138970.869207762] [drone.camera_bottom]: Publishing camera info to [/drone/bottom/camera_info]
[gzserver-2] [INFO] [1773138970.873877792] [drone.camera_front]: Publishing camera info to [/drone/front/camera_info]
[gzserver-2] [INFO] [1773138970.995221183] [drone.simple_drone]: The drone plugin is loading!
[gzserver-2] [INFO] [1773138970.995422152] [drone.simple_drone]: pub_odom: 1
[gzserver-2] [INFO] [1773138970.995457540] [drone.simple_drone]: Using following parameters: 
[gzserver-2] 		link_name: base_footprint,
[gzserver-2] 		max_force: 30,
[gzserver-2] 		motion_small_noise: 0,
[gzserver-2] 		motion_drift_noise: 0,
[gzserver-2] 		motion_drift_noise_time: 50,
[gzserver-2] 		takeoff_hover_height: 1.57,
[gzserver-2] 		takeoff_vertical_speed: 0.2
[gzserver-2] [INFO] [1773138971.007322072] [drone.simple_drone]: Using the PID parameters: 
[gzserver-2] 	Roll Pitch:
[gzserver-2] 		kP: 10, kI: 0,kD: 5, Limit: 0.5, Time Constant: 0
[gzserver-2] 	Yaw:
[gzserver-2] 		kP: 2, kI: 0,kD: 1, Limit: 1.5, Time Constant: 0
[gzserver-2] 	Velocity X:
[gzserver-2] 		kP: 5, kI: 0,kD: 2.3, Limit: 2, Time Constant: 0
[gzserver-2] 	Velocity Y:
[gzserver-2] 		kP: 5, kI: 0,kD: 2.3, Limit: 2, Time Constant: 0
[gzserver-2] 	Velocity Z:
[gzserver-2] 		kP: 5, kI: 0,kD: 1, Limit: -1, Time Constant: 0
[gzserver-2] 	Position XY:
[gzserver-2] 		kP: 1.1, kI: 0,kD: 0, Limit: 5, Time Constant: 0
[gzserver-2] 	Position Z:
[gzserver-2] 		kP: 1, kI: 0,kD: 0.2, Limit: -1, Time Constant: 0
[gzserver-2] [INFO] [1773138971.007452190] [drone.simple_drone]: The drone plugin finished loading!
[gzserver-2] [INFO] [1773138978.197310529] [gazebo_wind_plugin_node]: WindPlugin: set wind_speed=0.00 wind_direction=0.0
[gzserver-2] [INFO] [1773138978.463324994] [gazebo_wind_plugin_node]: WindPlugin: set wind_speed=0.00 wind_direction=0.0
[gzserver-2] [INFO] [1773138978.501603173] [drone.simple_drone]: Quadrotor takes off!!
[gzserver-2] [INFO] [1773138978.702647929] [gazebo_wind_plugin_node]: WindPlugin: set wind_speed=0.00 wind_direction=0.0
[gzserver-2] [INFO] [1773138978.942268104] [gazebo_wind_plugin_node]: WindPlugin: set wind_speed=0.00 wind_direction=0.0
[gzserver-2] [INFO] [1773138979.184830205] [gazebo_wind_plugin_node]: WindPlugin: set wind_speed=0.00 wind_direction=0.0
[gzserver-2] [INFO] [1773138979.424199651] [gazebo_wind_plugin_node]: WindPlugin: set wind_speed=0.00 wind_direction=0.0
[gzserver-2] [INFO] [1773138979.657392768] [gazebo_wind_plugin_node]: WindPlugin: set wind_speed=0.00 wind_direction=0.0
[gzserver-2] [0m[1;36m[Dbg] [wind_plugin.cpp:110] [0m[1;36mWindPlugin: received command -> speed=[0m[1;36m0[0m[1;36m dir=[0m[1;36m0[0m[1;36m
[gzserver-2] [0m[1;36m[Dbg] [wind_plugin.cpp:110] [0m[1;36mWindPlugin: received command -> speed=[0m[1;36m0[0m[1;36m dir=[0m[1;36m0[0m[1;36m
[gzserver-2] [0m[1;36m[Dbg] [wind_plugin.cpp:110] [0m[1;36mWindPlugin: received command -> speed=[0m[1;36m0[0m[1;36m dir=[0m[1;36m0[0m[1;36m
[gzserver-2] [0m[1;36m[Dbg] [wind_plugin.cpp:110] [0m[1;36mWindPlugin: received command -> speed=[0m[1;36m0[0m[1;36m dir=[0m[1;36m0[0m[1;36m
[gzserver-2] [0m[1;36m[Dbg] [wind_plugin.cpp:110] [0m[1;36mWindPlugin: received command -> speed=[0m[1;36m0[0m[1;36m dir=[0m[1;36m0[0m[1;36m
[gzserver-2] [0m[1;36m[Dbg] [wind_plugin.cpp:110] [0m[1;36mWindPlugin: received command -> speed=[0m[1;36m0[0m[1;36m dir=[0m[1;36m0[0m[1;36m
[gzserver-2] [0m[1;36m[Dbg] [wind_plugin.cpp:110] [0m[1;36mWindPlugin: received command -> speed=[0m[1;36m0[0m[1;36m dir=[0m[1;36m0[0m[1;36m
[gzserver-2] [0mEntering flying model!
[gzserver-2] [INFO] [1773138979.886799845] [gazebo_wind_plugin_node]: WindPlugin: set wind_speed=0.00 wind_direction=0.0
[gzserver-2] [INFO] [1773138980.126900436] [gazebo_wind_plugin_node]: WindPlugin: set wind_speed=1.79 wind_direction=49.9
[gzserver-2] [INFO] [1773138980.360978451] [gazebo_wind_plugin_node]: WindPlugin: set wind_speed=1.79 wind_direction=49.9
[gzserver-2] [INFO] [1773138980.595752144] [gazebo_wind_plugin_node]: WindPlugin: set wind_speed=1.79 wind_direction=49.9
[gzserver-2] [INFO] [1773138980.824876781] [gazebo_wind_plugin_node]: WindPlugin: set wind_speed=1.67 wind_direction=51.0
[gzserver-2] [INFO] [1773138981.059406924] [gazebo_wind_plugin_node]: WindPlugin: set wind_speed=1.67 wind_direction=51.0
[gzserver-2] [INFO] [1773138981.298612608] [gazebo_wind_plugin_node]: WindPlugin: set wind_speed=1.67 wind_direction=51.0
[gzserver-2] [INFO] [1773138981.532693330] [gazebo_wind_plugin_node]: WindPlugin: set wind_speed=1.67 wind_direction=51.0
[gzserver-2] [INFO] [1773138981.767406913] [gazebo_wind_plugin_node]: WindPlugin: set wind_speed=1.80 wind_direction=54.6
[gzserver-2] [INFO] [1773138982.001332370] [gazebo_wind_plugin_node]: WindPlugin: set wind_speed=1.80 wind_direction=54.6
[gzserver-2] [INFO] [1773138982.241093363] [gazebo_wind_plugin_node]: WindPlugin: set wind_speed=1.80 wind_direction=54.6
[gzserver-2] [INFO] [1773138982.484581805] [gazebo_wind_plugin_node]: WindPlugin: set wind_speed=1.80 wind_direction=54.6
[gzserver-2] [INFO] [1773138982.724230953] [gazebo_wind_plugin_node]: WindPlugin: set wind_speed=1.75 wind_direction=50.1
[gzserver-2] [INFO] [1773138982.963709699] [gazebo_wind_plugin_node]: WindPlugin: set wind_speed=1.75 wind_direction=50.1
[gzserver-2] [INFO] [1773138983.001699328] [drone.simple_drone]: Quadrotor lands!!
[gzserver-2] [INFO] [1773138983.203191266] [gazebo_wind_plugin_node]: WindPlugin: set wind_speed=1.75 wind_direction=50.1
[gzserver-2] [INFO] [1773138983.443156994] [gazebo_wind_plugin_node]: WindPlugin: set wind_speed=1.75 wind_direction=50.1
[gzserver-2] [INFO] [1773138983.671982093] [gazebo_wind_plugin_node]: WindPlugin: set wind_speed=1.75 wind_direction=50.1
[gzserver-2] [INFO] [1773138983.911575637] [gazebo_wind_plugin_node]: WindPlugin: set wind_speed=1.91 wind_direction=50.5
[gzserver-2] [1;36m[Dbg] [wind_plugin.cpp:110] [0m[1;36mWindPlugin: received command -> speed=[0m[1;36m0[0m[1;36m dir=[0m[1;36m0[0m[1;36m
[gzserver-2] [0m[1;36m[Dbg] [wind_plugin.cpp:110] [0m[1;36mWindPlugin: received command -> speed=[0m[1;36m1.79167[0m[1;36m dir=[0m[1;36m49.9443[0m[1;36m
[gzserver-2] [0m[1;36m[Dbg] [wind_plugin.cpp:110] [0m[1;36mWindPlugin: received command -> speed=[0m[1;36m1.79167[0m[1;36m dir=[0m[1;36m49.9443[0m[1;36m
[gzserver-2] [0m[1;36m[Dbg] [wind_plugin.cpp:110] [0m[1;36mWindPlugin: received command -> speed=[0m[1;36m1.79167[0m[1;36m dir=[0m[1;36m49.9443[0m[1;36m
[gzserver-2] [0m[1;36m[Dbg] [wind_plugin.cpp:110] [0m[1;36mWindPlugin: received command -> speed=[0m[1;36m1.67032[0m[1;36m dir=[0m[1;36m50.9956[0m[1;36m
[gzserver-2] [0m[1;36m[Dbg] [wind_plugin.cpp:110] [0m[1;36mWindPlugin: received command -> speed=[0m[1;36m1.67032[0m[1;36m dir=[0m[1;36m50.9956[0m[1;36m
[gzserver-2] [0m[1;36m[Dbg] [wind_plugin.cpp:110] [0m[1;36mWindPlugin: received command -> speed=[0m[1;36m1.67032[0m[1;36m dir=[0m[1;36m50.9956[0m[1;36m
[gzserver-2] [0m[1;36m[Dbg] [wind_plugin.cpp:110] [0m[1;36mWindPlugin: received command -> speed=[0m[1;36m1.67032[0m[1;36m dir=[0m[1;36m50.9956[0m[1;36m
[gzserver-2] [0m[1;36m[Dbg] [wind_plugin.cpp:110] [0m[1;36mWindPlugin: received command -> speed=[0m[1;36m1.79675[0m[1;36m dir=[0m[1;36m54.5523[0m[1;36m
[gzserver-2] [0m[1;36m[Dbg] [wind_plugin.cpp:110] [0m[1;36mWindPlugin: received command -> speed=[0m[1;36m1.79675[0m[1;36m dir=[0m[1;36m54.5523[0m[1;36m
[gzserver-2] [0m[1;36m[Dbg] [wind_plugin.cpp:110] [0m[1;36mWindPlugin: received command -> speed=[0m[1;36m1.79675[0m[1;36m dir=[0m[1;36m54.5523[0m[1;36m
[gzserver-2] [0m[1;36m[Dbg] [wind_plugin.cpp:110] [0m[1;36mWindPlugin: received command -> speed=[0m[1;36m1.79675[0m[1;36m dir=[0m[1;36m54.5523[0m[1;36m
[gzserver-2] [0m[1;36m[Dbg] [wind_plugin.cpp:110] [0m[1;36mWindPlugin: received command -> speed=[0m[1;36m1.75172[0m[1;36m dir=[0m[1;36m50.1314[0m[1;36m
[gzserver-2] [0m[1;36m[Dbg] [wind_plugin.cpp:110] [0m[1;36mWindPlugin: received command -> speed=[0m[1;36m1.75172[0m[1;36m dir=[0m[1;36m50.1314[0m[1;36m
[gzserver-2] [0m[1;36m[Dbg] [wind_plugin.cpp:110] [0m[1;36mWindPlugin: received command -> speed=[0m[1;36m1.75172[0m[1;36m dir=[0m[1;36m50.1314[0m[1;36m
[gzserver-2] [0m[1;36m[Dbg] [wind_plugin.cpp:110] [0m[1;36mWindPlugin: received command -> speed=[0m[1;36m1.75172[0m[1;36m dir=[0m[1;36m50.1314[0m[1;36m
[gzserver-2] [0m[1;36m[Dbg] [wind_plugin.cpp:110] [0m[1;36mWindPlugin: received command -> speed=[0m[1;36m1.75172[0m[1;36m dir=[0m[1;36m50.1314[0m[1;36m
[gzserver-2] [0m[1;36m[Dbg] [wind_plugin.cpp:110] [0m[1;36mWindPlugin: received command -> speed=[0m[1;36m1.90708[0m[1;36m dir=[0m[1;36m50.4971[0m[1;36m
[gzserver-2] [0mLanded!
[gzserver-2] [INFO] [1773138984.150801274] [gazebo_wind_plugin_node]: WindPlugin: set wind_speed=1.91 wind_direction=50.5
[gzserver-2] [INFO] [1773138984.391220109] [gazebo_wind_plugin_node]: WindPlugin: set wind_speed=1.91 wind_direction=50.5
[gzserver-2] [INFO] [1773138984.631368259] [gazebo_wind_plugin_node]: WindPlugin: set wind_speed=1.91 wind_direction=50.5
[gzserver-2] [INFO] [1773138984.870290185] [gazebo_wind_plugin_node]: WindPlugin: set wind_speed=1.76 wind_direction=50.7
[gzserver-2] [INFO] [1773138985.099836075] [gazebo_wind_plugin_node]: WindPlugin: set wind_speed=1.76 wind_direction=50.7
[gzserver-2] [INFO] [1773138985.338836975] [gazebo_wind_plugin_node]: WindPlugin: set wind_speed=1.76 wind_direction=50.7
[gzserver-2] [INFO] [1773138985.577396759] [gazebo_wind_plugin_node]: WindPlugin: set wind_speed=1.76 wind_direction=50.7
[gzserver-2] [INFO] [1773138985.806119949] [gazebo_wind_plugin_node]: WindPlugin: set wind_speed=1.75 wind_direction=50.4
