[INFO] [launch]: All log files can be found below /home/j/.ros/log/2026-03-11-06-14-13-185529-j-1064394
[INFO] [launch]: Default logging verbosity is set to INFO
[INFO] [launch.user]: [bringup] Apriltag config: camera=/drone/bottom, image=/drone/bottom/image_raw, tags=/drone/bottom/tags, bridge=/landing_tag_state, standalone=true, use_target_id=true, target_id=0
[INFO] [rviz2-1]: process started with pid [1064395]
[INFO] [gzserver-2]: process started with pid [1064397]
[INFO] [robot_state_publisher-3]: process started with pid [1064399]
[INFO] [joint_state_publisher-4]: process started with pid [1064401]
[INFO] [spawn_drone-5]: process started with pid [1064403]
[INFO] [static_transform_publisher-6]: process started with pid [1064405]
[INFO] [joy_node-7]: process started with pid [1064407]
[INFO] [teleop_joystick-8]: process started with pid [1064409]
[INFO] [apriltag_detector_node-9]: process started with pid [1064411]
[INFO] [apriltag_state_bridge-10]: process started with pid [1064414]
[static_transform_publisher-6] [WARN] [1773177253.654673639] []: Old-style arguments are deprecated; see --help for new-style arguments
[static_transform_publisher-6] [INFO] [1773177253.661631941] [static_transform_publisher_uHWiHa0iHrmG9jtS]: Spinning until stopped - publishing transform
[static_transform_publisher-6] translation: ('0.000000', '0.000000', '0.000000')
[static_transform_publisher-6] rotation: ('0.000000', '0.000000', '0.000000', '1.000000')
[static_transform_publisher-6] from 'world' to '/drone/odom'
[rviz2-1] 
[rviz2-1] (rviz2:1064395): dbind-WARNING **: 06:14:13.680: Couldn't connect to accessibility bus: Failed to connect to socket /root/.cache/at-spi/bus_0: 허가 거부
[robot_state_publisher-3] [INFO] [1773177253.688206044] [drone.robot_state_publisher]: got segment base_footprint
[robot_state_publisher-3] [INFO] [1773177253.688302770] [drone.robot_state_publisher]: got segment base_link
[robot_state_publisher-3] [INFO] [1773177253.688315957] [drone.robot_state_publisher]: got segment bottom_cam_link
[robot_state_publisher-3] [INFO] [1773177253.688324144] [drone.robot_state_publisher]: got segment front_cam_link
[robot_state_publisher-3] [INFO] [1773177253.688331161] [drone.robot_state_publisher]: got segment sonar_link
[teleop_joystick-8] Traceback (most recent call last):
[teleop_joystick-8]   File "/home/j/INCSL/IICC26_ws/install/sjtu_drone_control/lib/sjtu_drone_control/teleop_joystick", line 33, in <module>
[teleop_joystick-8]     sys.exit(load_entry_point('sjtu_drone_control==0.0.0', 'console_scripts', 'teleop_joystick')())
[teleop_joystick-8]   File "/home/j/INCSL/IICC26_ws/install/sjtu_drone_control/lib/sjtu_drone_control/teleop_joystick", line 22, in importlib_load_entry_point
[teleop_joystick-8]     for entry_point in distribution(dist_name).entry_points
[teleop_joystick-8]   File "/usr/lib/python3.10/importlib/metadata/__init__.py", line 969, in distribution
[teleop_joystick-8]     return Distribution.from_name(distribution_name)
[teleop_joystick-8]   File "/usr/lib/python3.10/importlib/metadata/__init__.py", line 548, in from_name
[teleop_joystick-8]     raise PackageNotFoundError(name)
[teleop_joystick-8] importlib.metadata.PackageNotFoundError: No package metadata was found for sjtu_drone_control
[apriltag_detector_node-9] [INFO] [1773177253.709282067] [apriltag_detector_node]: tag detector type: umich
[ERROR] [teleop_joystick-8]: process has died [pid 1064409, exit code 1, cmd '/home/j/INCSL/IICC26_ws/install/sjtu_drone_control/lib/sjtu_drone_control/teleop_joystick --ros-args -r __ns:=/drone'].
[gzserver-2] Gazebo multi-robot simulator, version 11.10.2
[gzserver-2] Copyright (C) 2012 Open Source Robotics Foundation.
[gzserver-2] Released under the Apache 2 License.
[gzserver-2] http://gazebosim.org
[gzserver-2] 
[apriltag_state_bridge-10] [INFO] [1773177253.897698496] [apriltag_state_bridge]: AprilTag bridge started: /drone/bottom/tags -> /landing_tag_state, use_target_id=True, target_id=0
[joint_state_publisher-4] [INFO] [1773177253.950693364] [drone.joint_state_publisher]: Waiting for robot_description to be published on the robot_description topic...
[gzserver-2] [1;33m[Wrn] [gazebo_ros_init.cpp:178] [0m[1;33m
[gzserver-2] #     # ####### ####### ###  #####  #######
[gzserver-2] ##    # #     #    #     #  #     # #
[gzserver-2] # #   # #     #    #     #  #       #
[gzserver-2] #  #  # #     #    #     #  #       #####
[gzserver-2] #   # # #     #    #     #  #       #
[gzserver-2] #    ## #     #    #     #  #     # #
[gzserver-2] #     # #######    #    ###  #####  #######
[gzserver-2] 
[gzserver-2] This version of Gazebo, now called Gazebo classic, reaches end-of-life
[gzserver-2] in January 2025. Users are highly encouraged to migrate to the new Gazebo
[gzserver-2] using our migration guides (https://gazebosim.org/docs/latest/gazebo_classic_migration?utm_source=gazebo_ros_pkgs&utm_medium=cli)
[gzserver-2] 
[gzserver-2] [0m[1;33m
[rviz2-1] [INFO] [1773177254.469248414] [rviz2]: Stereo is NOT SUPPORTED
[rviz2-1] [INFO] [1773177254.469336773] [rviz2]: OpenGl version: 4.6 (GLSL 4.6)
[rviz2-1] [INFO] [1773177254.546973096] [rviz2]: Stereo is NOT SUPPORTED
[rviz2-1] [INFO] [1773177254.637999538] [rviz2]: Stereo is NOT SUPPORTED
[gzserver-2] [1;32m[Msg] [0m[1;32mWaiting for master.[0m[1;32m
[gzserver-2] [0m[1;32m[0m[1;32m[0m[1;32m[Msg] [0m[1;32mConnected to gazebo master @ [0m[1;32mhttp://127.0.0.1:11345[0m[1;32m
[gzserver-2] [0m[1;32m[0m[1;32m[0m[1;32m[Msg] [0m[1;32mPublicized address: [0m[1;32m192.168.0.11[0m[1;32m
[gzserver-2] [0m[1;32m[0m[1;32m[0m[1;32m[Msg] [0m[1;32mLoading world file [[0m[1;32m/home/j/INCSL/IICC26_ws/install/sjtu_drone_description/share/sjtu_drone_description/worlds/landingPad.world[0m[1;32m][0m[1;32m
[gzserver-2] [0m[1;32m[0m[1;32m[0m[1;36m[Dbg] [wind_plugin.cpp:96] [0m[1;36mWindPlugin loaded: speed=[0m[1;36m0[0m[1;36m dir=[0m[1;36m0[0m[1;36m deg area=[0m[1;36m0.1[0m[1;36m coeff=[0m[1;36m1[0m[1;36m
[gzserver-2] [0m[1;33m[0m[1;33m[0m[1;31m[Err] [Sensor.cc:510] [0m[1;31mGet noise index not valid[0m[1;31m
[gzserver-2] [0m[1;31m[0m[1;31m[0m[1;31m[Err] [Sensor.cc:510] [0m[1;31mGet noise index not valid[0m[1;31m
[gzserver-2] [0m[1;31m[0m[1;31m[0m[1;31m[Err] [Sensor.cc:510] [0m[1;31mGet noise index not valid[0m[1;31m
[gzserver-2] [0m[1;31m[0m[1;31m[0m[1;31m[Err] [Sensor.cc:510] [0m[1;31mGet noise index not valid[0m[1;31m
[gzserver-2] [0m[1;31m[0m[1;31m[0m[1;31m[Err] [Sensor.cc:510] [0m[1;31mGet noise index not valid[0m[1;31m
[gzserver-2] [0m[1;31m[0m[1;31m[0m[1;31m[Err] [Sensor.cc:510] [0m[1;31mGet noise index not valid[0m[1;31m
[gzserver-2] [0m[1;31m[0m[1;31m[0mTopic [default//drone/base_footprint/down_camera/image] is not valid.
[gzserver-2] Topic [default//drone/base_footprint/front_camera/image] is not valid.
[gzserver-2] [INFO] [1773177255.132183504] [drone.collision_plugin]: Publishing contact states to [/drone/bumper_states]
[gzserver-2] [1;33m[Wrn] [Event.cc:61] [0m[1;33mWarning: Deleting a connection right after creation. [0m[1;33mMake sure to save the ConnectionPtr from a Connect call
[gzserver-2] [0m[INFO] [1773177255.689658373] [drone.camera_bottom]: Publishing camera info to [/drone/bottom/camera_info]
[gzserver-2] [INFO] [1773177255.694440194] [drone.camera_front]: Publishing camera info to [/drone/front/camera_info]
[spawn_drone-5] [INFO] [1773177255.703434208] [spawn_drone]: Result True SpawnEntity: Successfully spawned entity [/drone]
[gzserver-2] [INFO] [1773177255.816505836] [drone.simple_drone]: The drone plugin is loading!
[gzserver-2] [INFO] [1773177255.816712671] [drone.simple_drone]: pub_odom: 1
[gzserver-2] [INFO] [1773177255.816747400] [drone.simple_drone]: Using following parameters: 
[gzserver-2] 		link_name: base_footprint,
[gzserver-2] 		max_force: 30,
[gzserver-2] 		motion_small_noise: 0,
[gzserver-2] 		motion_drift_noise: 0,
[gzserver-2] 		motion_drift_noise_time: 50,
[gzserver-2] 		takeoff_hover_height: 2.2,
[gzserver-2] 		takeoff_vertical_speed: 0.2
[gzserver-2] [INFO] [1773177255.828554823] [drone.simple_drone]: Using the PID parameters: 
[gzserver-2] 	Roll Pitch:
[gzserver-2] 		kP: 10, kI: 0,kD: 5, Limit: 0.5, Time Constant: 0
[gzserver-2] 	Yaw:
[gzserver-2] 		kP: 2, kI: 0,kD: 1, Limit: 1.5, Time Constant: 0
[gzserver-2] 	Velocity X:
[gzserver-2] 		kP: 5, kI: 0,kD: 2.3, Limit: 2, Time Constant: 0
[gzserver-2] 	Velocity Y:
[gzserver-2] 		kP: 5, kI: 0,kD: 2.3, Limit: 2, Time Constant: 0
[gzserver-2] 	Velocity Z:
[gzserver-2] 		kP: 5, kI: 0,kD: 1, Limit: -1, Time Constant: 0
[gzserver-2] 	Position XY:
[gzserver-2] 		kP: 1.1, kI: 0,kD: 0, Limit: 5, Time Constant: 0
[gzserver-2] 	Position Z:
[gzserver-2] 		kP: 1, kI: 0,kD: 0.2, Limit: -1, Time Constant: 0
[gzserver-2] [INFO] [1773177255.828681470] [drone.simple_drone]: The drone plugin finished loading!
[INFO] [spawn_drone-5]: process has finished cleanly [pid 1064403]
[gzserver-2] [INFO] [1773177263.037188818] [gazebo_wind_plugin_node]: WindPlugin: set wind_speed=0.00 wind_direction=0.0
[gzserver-2] [INFO] [1773177263.308955523] [gazebo_wind_plugin_node]: WindPlugin: set wind_speed=0.00 wind_direction=0.0
[gzserver-2] [INFO] [1773177263.336919744] [drone.simple_drone]: Quadrotor takes off!!
[gzserver-2] [INFO] [1773177263.537949998] [gazebo_wind_plugin_node]: WindPlugin: set wind_speed=0.00 wind_direction=0.0
[gzserver-2] [INFO] [1773177263.771785644] [gazebo_wind_plugin_node]: WindPlugin: set wind_speed=0.00 wind_direction=0.0
[gzserver-2] [INFO] [1773177264.011171598] [gazebo_wind_plugin_node]: WindPlugin: set wind_speed=0.00 wind_direction=0.0
[gzserver-2] [INFO] [1773177264.245755816] [gazebo_wind_plugin_node]: WindPlugin: set wind_speed=0.00 wind_direction=0.0
[gzserver-2] [INFO] [1773177264.485094906] [gazebo_wind_plugin_node]: WindPlugin: set wind_speed=0.00 wind_direction=0.0
[gzserver-2] [INFO] [1773177264.727148408] [gazebo_wind_plugin_node]: WindPlugin: set wind_speed=0.00 wind_direction=0.0
[gzserver-2] [INFO] [1773177264.967043857] [gazebo_wind_plugin_node]: WindPlugin: set wind_speed=0.00 wind_direction=0.0
[gzserver-2] [0m[1;36m[Dbg] [wind_plugin.cpp:110] [0m[1;36mWindPlugin: received command -> speed=[0m[1;36m0[0m[1;36m dir=[0m[1;36m0[0m[1;36m
[gzserver-2] [0m[1;36m[Dbg] [wind_plugin.cpp:110] [0m[1;36mWindPlugin: received command -> speed=[0m[1;36m0[0m[1;36m dir=[0m[1;36m0[0m[1;36m
[gzserver-2] [0m[1;36m[Dbg] [wind_plugin.cpp:110] [0m[1;36mWindPlugin: received command -> speed=[0m[1;36m0[0m[1;36m dir=[0m[1;36m0[0m[1;36m
[gzserver-2] [0m[1;36m[Dbg] [wind_plugin.cpp:110] [0m[1;36mWindPlugin: received command -> speed=[0m[1;36m0[0m[1;36m dir=[0m[1;36m0[0m[1;36m
[gzserver-2] [0m[1;36m[Dbg] [wind_plugin.cpp:110] [0m[1;36mWindPlugin: received command -> speed=[0m[1;36m0[0m[1;36m dir=[0m[1;36m0[0m[1;36m
[gzserver-2] [0m[1;36m[Dbg] [wind_plugin.cpp:110] [0m[1;36mWindPlugin: received command -> speed=[0m[1;36m0[0m[1;36m dir=[0m[1;36m0[0m[1;36m
[gzserver-2] [0m[1;36m[Dbg] [wind_plugin.cpp:110] [0m[1;36mWindPlugin: received command -> speed=[0m[1;36m0[0m[1;36m dir=[0m[1;36m0[0m[1;36m
[gzserver-2] [0m[1;36m[Dbg] [wind_plugin.cpp:110] [0m[1;36mWindPlugin: received command -> speed=[0m[1;36m0[0m[1;36m dir=[0m[1;36m0[0m[1;36m
[gzserver-2] [0m[1;36m[Dbg] [wind_plugin.cpp:110] [0m[1;36mWindPlugin: received command -> speed=[0m[1;36m0[0m[1;36m dir=[0m[1;36m0[0m[1;36m
[gzserver-2] [0mEntering flying model!
[gzserver-2] [INFO] [1773177265.201609882] [gazebo_wind_plugin_node]: WindPlugin: set wind_speed=0.00 wind_direction=0.0
[gzserver-2] [INFO] [1773177265.443861035] [gazebo_wind_plugin_node]: WindPlugin: set wind_speed=1.31 wind_direction=-60.8
[gzserver-2] [INFO] [1773177265.677754989] [gazebo_wind_plugin_node]: WindPlugin: set wind_speed=1.36 wind_direction=-60.9
[gzserver-2] [INFO] [1773177265.912365930] [gazebo_wind_plugin_node]: WindPlugin: set wind_speed=1.36 wind_direction=-60.9
[gzserver-2] [INFO] [1773177266.146113753] [gazebo_wind_plugin_node]: WindPlugin: set wind_speed=1.36 wind_direction=-60.9
[gzserver-2] [INFO] [1773177266.385454785] [gazebo_wind_plugin_node]: WindPlugin: set wind_speed=1.36 wind_direction=-60.9
[gzserver-2] [INFO] [1773177266.625144008] [gazebo_wind_plugin_node]: WindPlugin: set wind_speed=1.25 wind_direction=-60.9
[gzserver-2] [INFO] [1773177266.865034028] [gazebo_wind_plugin_node]: WindPlugin: set wind_speed=1.25 wind_direction=-60.9
[gzserver-2] [INFO] [1773177267.100055853] [gazebo_wind_plugin_node]: WindPlugin: set wind_speed=1.25 wind_direction=-60.9
[gzserver-2] [INFO] [1773177267.339968579] [gazebo_wind_plugin_node]: WindPlugin: set wind_speed=1.25 wind_direction=-60.9
[gzserver-2] [INFO] [1773177267.579156188] [gazebo_wind_plugin_node]: WindPlugin: set wind_speed=1.27 wind_direction=-64.5
[gzserver-2] [INFO] [1773177267.812988467] [gazebo_wind_plugin_node]: WindPlugin: set wind_speed=1.27 wind_direction=-64.5
[gzserver-2] [INFO] [1773177268.052474471] [gazebo_wind_plugin_node]: WindPlugin: set wind_speed=1.27 wind_direction=-64.5
[gzserver-2] [INFO] [1773177268.291403524] [gazebo_wind_plugin_node]: WindPlugin: set wind_speed=1.27 wind_direction=-64.5
[gzserver-2] [INFO] [1773177268.533247111] [gazebo_wind_plugin_node]: WindPlugin: set wind_speed=1.27 wind_direction=-64.5
[gzserver-2] [INFO] [1773177268.768225990] [gazebo_wind_plugin_node]: WindPlugin: set wind_speed=1.31 wind_direction=-65.1
[gzserver-2] [INFO] [1773177269.003063569] [gazebo_wind_plugin_node]: WindPlugin: set wind_speed=1.31 wind_direction=-65.1
[gzserver-2] [INFO] [1773177269.243218404] [gazebo_wind_plugin_node]: WindPlugin: set wind_speed=1.31 wind_direction=-65.1
[gzserver-2] [INFO] [1773177269.282517793] [drone.simple_drone]: Quadrotor lands!!
[gzserver-2] [INFO] [1773177269.484851676] [gazebo_wind_plugin_node]: WindPlugin: set wind_speed=1.31 wind_direction=-65.1
[gzserver-2] [INFO] [1773177269.719364025] [gazebo_wind_plugin_node]: WindPlugin: set wind_speed=1.05 wind_direction=-64.2
[gzserver-2] [INFO] [1773177269.948980336] [gazebo_wind_plugin_node]: WindPlugin: set wind_speed=1.05 wind_direction=-64.2
[gzserver-2] [INFO] [1773177270.183390493] [gazebo_wind_plugin_node]: WindPlugin: set wind_speed=1.05 wind_direction=-64.2
[gzserver-2] [1;36m[Dbg] [wind_plugin.cpp:110] [0m[1;36mWindPlugin: received command -> speed=[0m[1;36m0[0m[1;36m dir=[0m[1;36m0[0m[1;36m
[gzserver-2] [0m[1;36m[Dbg] [wind_plugin.cpp:110] [0m[1;36mWindPlugin: received command -> speed=[0m[1;36m1.31139[0m[1;36m dir=[0m[1;36m-60.7974[0m[1;36m
[gzserver-2] [0m[1;36m[Dbg] [wind_plugin.cpp:110] [0m[1;36mWindPlugin: received command -> speed=[0m[1;36m1.36185[0m[1;36m dir=[0m[1;36m-60.8916[0m[1;36m
[gzserver-2] [0m[1;36m[Dbg] [wind_plugin.cpp:110] [0m[1;36mWindPlugin: received command -> speed=[0m[1;36m1.36185[0m[1;36m dir=[0m[1;36m-60.8916[0m[1;36m
[gzserver-2] [0m[1;36m[Dbg] [wind_plugin.cpp:110] [0m[1;36mWindPlugin: received command -> speed=[0m[1;36m1.36185[0m[1;36m dir=[0m[1;36m-60.8916[0m[1;36m
[gzserver-2] [0m[1;36m[Dbg] [wind_plugin.cpp:110] [0m[1;36mWindPlugin: received command -> speed=[0m[1;36m1.36185[0m[1;36m dir=[0m[1;36m-60.8916[0m[1;36m
[gzserver-2] [0m[1;36m[Dbg] [wind_plugin.cpp:110] [0m[1;36mWindPlugin: received command -> speed=[0m[1;36m1.25395[0m[1;36m dir=[0m[1;36m-60.8933[0m[1;36m
[gzserver-2] [0m[1;36m[Dbg] [wind_plugin.cpp:110] [0m[1;36mWindPlugin: received command -> speed=[0m[1;36m1.25395[0m[1;36m dir=[0m[1;36m-60.8933[0m[1;36m
[gzserver-2] [0m[1;36m[Dbg] [wind_plugin.cpp:110] [0m[1;36mWindPlugin: received command -> speed=[0m[1;36m1.25395[0m[1;36m dir=[0m[1;36m-60.8933[0m[1;36m
[gzserver-2] [0m[1;36m[Dbg] [wind_plugin.cpp:110] [0m[1;36mWindPlugin: received command -> speed=[0m[1;36m1.25395[0m[1;36m dir=[0m[1;36m-60.8933[0m[1;36m
[gzserver-2] [0m[1;36m[Dbg] [wind_plugin.cpp:110] [0m[1;36mWindPlugin: received command -> speed=[0m[1;36m1.26932[0m[1;36m dir=[0m[1;36m-64.4517[0m[1;36m
[gzserver-2] [0m[1;36m[Dbg] [wind_plugin.cpp:110] [0m[1;36mWindPlugin: received command -> speed=[0m[1;36m1.26932[0m[1;36m dir=[0m[1;36m-64.4517[0m[1;36m
[gzserver-2] [0m[1;36m[Dbg] [wind_plugin.cpp:110] [0m[1;36mWindPlugin: received command -> speed=[0m[1;36m1.26932[0m[1;36m dir=[0m[1;36m-64.4517[0m[1;36m
[gzserver-2] [0m[1;36m[Dbg] [wind_plugin.cpp:110] [0m[1;36mWindPlugin: received command -> speed=[0m[1;36m1.26932[0m[1;36m dir=[0m[1;36m-64.4517[0m[1;36m
[gzserver-2] [0m[1;36m[Dbg] [wind_plugin.cpp:110] [0m[1;36mWindPlugin: received command -> speed=[0m[1;36m1.26932[0m[1;36m dir=[0m[1;36m-64.4517[0m[1;36m
[gzserver-2] [0m[1;36m[Dbg] [wind_plugin.cpp:110] [0m[1;36mWindPlugin: received command -> speed=[0m[1;36m1.30896[0m[1;36m dir=[0m[1;36m-65.0803[0m[1;36m
[gzserver-2] [0m[1;36m[Dbg] [wind_plugin.cpp:110] [0m[1;36mWindPlugin: received command -> speed=[0m[1;36m1.30896[0m[1;36m dir=[0m[1;36m-65.0803[0m[1;36m
[gzserver-2] [0m[1;36m[Dbg] [wind_plugin.cpp:110] [0m[1;36mWindPlugin: received command -> speed=[0m[1;36m1.30896[0m[1;36m dir=[0m[1;36m-65.0803[0m[1;36m
[gzserver-2] [0m[1;36m[Dbg] [wind_plugin.cpp:110] [0m[1;36mWindPlugin: received command -> speed=[0m[1;36m1.30896[0m[1;36m dir=[0m[1;36m-65.0803[0m[1;36m
[gzserver-2] [0m[1;36m[Dbg] [wind_plugin.cpp:110] [0m[1;36mWindPlugin: received command -> speed=[0m[1;36m1.05091[0m[1;36m dir=[0m[1;36m-64.1583[0m[1;36m
[gzserver-2] [0m[1;36m[Dbg] [wind_plugin.cpp:110] [0m[1;36mWindPlugin: received command -> speed=[0m[1;36m1.05091[0m[1;36m dir=[0m[1;36m-64.1583[0m[1;36m
[gzserver-2] [0m[1;36m[Dbg] [wind_plugin.cpp:110] [0m[1;36mWindPlugin: received command -> speed=[0m[1;36m1.05091[0m[1;36m dir=[0m[1;36m-64.1583[0m[1;36m
[gzserver-2] [0mLanded!
[gzserver-2] [INFO] [1773177270.419605586] [gazebo_wind_plugin_node]: WindPlugin: set wind_speed=1.05 wind_direction=-64.2
[gzserver-2] [INFO] [1773177270.654389565] [gazebo_wind_plugin_node]: WindPlugin: set wind_speed=1.42 wind_direction=-61.4
[gzserver-2] [INFO] [1773177270.894123686] [gazebo_wind_plugin_node]: WindPlugin: set wind_speed=1.42 wind_direction=-61.4
[gzserver-2] [INFO] [1773177271.128537937] [gazebo_wind_plugin_node]: WindPlugin: set wind_speed=1.42 wind_direction=-61.4
[gzserver-2] [INFO] [1773177271.368183508] [gazebo_wind_plugin_node]: WindPlugin: set wind_speed=1.42 wind_direction=-61.4
[gzserver-2] [INFO] [1773177271.607274569] [gazebo_wind_plugin_node]: WindPlugin: set wind_speed=1.24 wind_direction=-64.6
[gzserver-2] [INFO] [1773177271.843933039] [gazebo_wind_plugin_node]: WindPlugin: set wind_speed=1.24 wind_direction=-64.6
[gzserver-2] [INFO] [1773177272.083396926] [gazebo_wind_plugin_node]: WindPlugin: set wind_speed=1.24 wind_direction=-64.6
