[INFO] [launch]: All log files can be found below /home/j/.ros/log/2026-03-09-18-15-37-742116-j-1758403
[INFO] [launch]: Default logging verbosity is set to INFO
[INFO] [launch.user]: [bringup] Apriltag config: camera=/drone/bottom, image=/drone/bottom/image_raw, tags=/drone/bottom/tags, bridge=/landing_tag_state, standalone=true, use_target_id=true, target_id=0
[INFO] [rviz2-1]: process started with pid [1758415]
[INFO] [gzserver-2]: process started with pid [1758417]
[INFO] [gzclient-3]: process started with pid [1758419]
[INFO] [robot_state_publisher-4]: process started with pid [1758421]
[INFO] [joint_state_publisher-5]: process started with pid [1758423]
[INFO] [spawn_drone-6]: process started with pid [1758425]
[INFO] [static_transform_publisher-7]: process started with pid [1758427]
[INFO] [joy_node-8]: process started with pid [1758429]
[INFO] [teleop_joystick-9]: process started with pid [1758431]
[INFO] [apriltag_detector_node-10]: process started with pid [1758433]
[INFO] [apriltag_state_bridge-11]: process started with pid [1758436]
[static_transform_publisher-7] [WARN] [1773047738.361062305] []: Old-style arguments are deprecated; see --help for new-style arguments
[static_transform_publisher-7] [INFO] [1773047738.366331657] [static_transform_publisher_VbcTAgBB3bUqaXBV]: Spinning until stopped - publishing transform
[static_transform_publisher-7] translation: ('0.000000', '0.000000', '0.000000')
[static_transform_publisher-7] rotation: ('0.000000', '0.000000', '0.000000', '1.000000')
[static_transform_publisher-7] from 'world' to '/drone/odom'
[robot_state_publisher-4] [INFO] [1773047738.384495087] [drone.robot_state_publisher]: got segment base_footprint
[robot_state_publisher-4] [INFO] [1773047738.384561592] [drone.robot_state_publisher]: got segment base_link
[robot_state_publisher-4] [INFO] [1773047738.384567794] [drone.robot_state_publisher]: got segment bottom_cam_link
[robot_state_publisher-4] [INFO] [1773047738.384571556] [drone.robot_state_publisher]: got segment front_cam_link
[robot_state_publisher-4] [INFO] [1773047738.384574873] [drone.robot_state_publisher]: got segment sonar_link
[apriltag_detector_node-10] [INFO] [1773047738.420654047] [apriltag_detector_node]: tag detector type: umich
[teleop_joystick-9] Traceback (most recent call last):
[teleop_joystick-9]   File "/home/j/INCSL/IICC26_ws/install/sjtu_drone_control/lib/sjtu_drone_control/teleop_joystick", line 33, in <module>
[teleop_joystick-9]     sys.exit(load_entry_point('sjtu_drone_control==0.0.0', 'console_scripts', 'teleop_joystick')())
[teleop_joystick-9]   File "/home/j/INCSL/IICC26_ws/install/sjtu_drone_control/lib/sjtu_drone_control/teleop_joystick", line 22, in importlib_load_entry_point
[teleop_joystick-9]     for entry_point in distribution(dist_name).entry_points
[teleop_joystick-9]   File "/usr/lib/python3.10/importlib/metadata/__init__.py", line 969, in distribution
[teleop_joystick-9]     return Distribution.from_name(distribution_name)
[teleop_joystick-9]   File "/usr/lib/python3.10/importlib/metadata/__init__.py", line 548, in from_name
[teleop_joystick-9]     raise PackageNotFoundError(name)
[teleop_joystick-9] importlib.metadata.PackageNotFoundError: No package metadata was found for sjtu_drone_control
[ERROR] [teleop_joystick-9]: process has died [pid 1758431, exit code 1, cmd '/home/j/INCSL/IICC26_ws/install/sjtu_drone_control/lib/sjtu_drone_control/teleop_joystick --ros-args -r __ns:=/drone'].
[gzclient-3] Gazebo multi-robot simulator, version 11.10.2
[gzclient-3] Copyright (C) 2012 Open Source Robotics Foundation.
[gzclient-3] Released under the Apache 2 License.
[gzclient-3] http://gazebosim.org
[gzclient-3] 
[gzserver-2] Gazebo multi-robot simulator, version 11.10.2
[gzserver-2] Copyright (C) 2012 Open Source Robotics Foundation.
[gzserver-2] Released under the Apache 2 License.
[gzserver-2] http://gazebosim.org
[gzserver-2] 
[apriltag_state_bridge-11] [INFO] [1773047738.668862603] [apriltag_state_bridge]: AprilTag bridge started: /drone/bottom/tags -> /landing_tag_state, use_target_id=True, target_id=0
[joint_state_publisher-5] [INFO] [1773047738.671094668] [drone.joint_state_publisher]: Waiting for robot_description to be published on the robot_description topic...
[gzserver-2] [1;33m[Wrn] [gazebo_ros_init.cpp:178] [0m[1;33m
[gzserver-2] #     # ####### ####### ###  #####  #######
[gzserver-2] ##    # #     #    #     #  #     # #
[gzserver-2] # #   # #     #    #     #  #       #
[gzserver-2] #  #  # #     #    #     #  #       #####
[gzserver-2] #   # # #     #    #     #  #       #
[gzserver-2] #    ## #     #    #     #  #     # #
[gzserver-2] #     # #######    #    ###  #####  #######
[gzserver-2] 
[gzserver-2] This version of Gazebo, now called Gazebo classic, reaches end-of-life
[gzserver-2] in January 2025. Users are highly encouraged to migrate to the new Gazebo
[gzserver-2] using our migration guides (https://gazebosim.org/docs/latest/gazebo_classic_migration?utm_source=gazebo_ros_pkgs&utm_medium=cli)
[gzserver-2] 
[gzserver-2] [0m[1;33m
[rviz2-1] [INFO] [1773047738.830309032] [rviz2]: Stereo is NOT SUPPORTED
[rviz2-1] [INFO] [1773047738.830418552] [rviz2]: OpenGl version: 4.6 (GLSL 4.6)
[rviz2-1] [INFO] [1773047738.848667697] [rviz2]: Stereo is NOT SUPPORTED
[rviz2-1] [INFO] [1773047739.029217128] [rviz2]: Stereo is NOT SUPPORTED
[gzserver-2] [1;32m[Msg] [0m[1;32mWaiting for master.[0m[1;32m
[gzserver-2] [0m[1;32m[0m[1;32m[0m[1;32m[Msg] [0m[1;32mConnected to gazebo master @ [0m[1;32mhttp://127.0.0.1:11345[0m[1;32m
[gzserver-2] [0m[1;32m[0m[1;32m[0m[1;32m[Msg] [0m[1;32mPublicized address: [0m[1;32m172.16.52.147[0m[1;32m
[gzserver-2] [0m[1;32m[0m[1;32m[0m[1;32m[Msg] [0m[1;32mLoading world file [[0m[1;32m/home/j/INCSL/IICC26_ws/install/sjtu_drone_description/share/sjtu_drone_description/worlds/landingPad.world[0m[1;32m][0m[1;32m
[gzserver-2] [0m[1;32m[0m[1;32m[0m[1;36m[Dbg] [wind_plugin.cpp:96] [0m[1;36mWindPlugin loaded: speed=[0m[1;36m0[0m[1;36m dir=[0m[1;36m0[0m[1;36m deg area=[0m[1;36m0.1[0m[1;36m coeff=[0m[1;36m1[0m[1;36m
[gzserver-2] [0m[1;33m[0m[1;33m[0m[1;31m[Err] [Sensor.cc:510] [0m[1;31mGet noise index not valid[0m[1;31m
[gzserver-2] [0m[1;31m[0m[1;31m[0m[1;31m[Err] [Sensor.cc:510] [0m[1;31mGet noise index not valid[0m[1;31m
[gzserver-2] [0m[1;31m[0m[1;31m[0m[1;31m[Err] [Sensor.cc:510] [0m[1;31mGet noise index not valid[0m[1;31m
[gzserver-2] [0m[1;31m[0m[1;31m[0m[1;31m[Err] [Sensor.cc:510] [0m[1;31mGet noise index not valid[0m[1;31m
[gzserver-2] [0m[1;31m[0m[1;31m[0m[1;31m[Err] [Sensor.cc:510] [0m[1;31mGet noise index not valid[0m[1;31m
[gzserver-2] [0m[1;31m[0m[1;31m[0m[1;31m[Err] [Sensor.cc:510] [0m[1;31mGet noise index not valid[0m[1;31m
[gzserver-2] [0m[1;31m[0m[1;31m[0mTopic [default//drone/base_footprint/down_camera/image] is not valid.
[gzserver-2] [INFO] [1773047739.705869757] [drone.collision_plugin]: Publishing contact states to [/drone/bumper_states]
[gzserver-2] Topic [default//drone/base_footprint/front_camera/image] is not valid.
[gzserver-2] [1;33m[Wrn] [Event.cc:61] [0m[1;33mWarning: Deleting a connection right after creation. [0m[1;33mMake sure to save the ConnectionPtr from a Connect call
[gzclient-3] [1;32m[Msg] [0m[1;32mWaiting for master.[0m[1;32m
[gzclient-3] [0m[1;32m[0m[1;32m[0m[1;32m[Msg] [0m[1;32mConnected to gazebo master @ [0m[1;32mhttp://127.0.0.1:11345[0m[1;32m
[gzclient-3] [0m[1;32m[0m[1;32m[0m[1;32m[Msg] [0m[1;32mPublicized address: [0m[1;32m172.16.52.147[0m[1;32m
[gzclient-3] [1;31m[Err] [InsertModelWidget.cc:403] [0m[1;31mMissing [0m[1;31mmodel.config[0m[1;31m for model [0m[1;31m"/home/j/.gazebo/models/models"[0m[1;31m
[gzserver-2] [0m[INFO] [1773047740.264365340] [drone.camera_bottom]: Publishing camera info to [/drone/bottom/camera_info]
[gzserver-2] [INFO] [1773047740.267689354] [drone.camera_front]: Publishing camera info to [/drone/front/camera_info]
[spawn_drone-6] [INFO] [1773047740.277355381] [spawn_drone]: Result True SpawnEntity: Successfully spawned entity [/drone]
[gzserver-2] [INFO] [1773047740.390417673] [drone.simple_drone]: The drone plugin is loading!
[gzserver-2] [INFO] [1773047740.390638275] [drone.simple_drone]: pub_odom: 1
[gzserver-2] [INFO] [1773047740.390672085] [drone.simple_drone]: Using following parameters: 
[gzserver-2] 		link_name: base_footprint,
[gzserver-2] 		max_force: 30,
[gzserver-2] 		motion_small_noise: 0,
[gzserver-2] 		motion_drift_noise: 0,
[gzserver-2] 		motion_drift_noise_time: 50,
[gzserver-2] 		takeoff_hover_height: 2.13,
[gzserver-2] 		takeoff_vertical_speed: 0.2
[gzserver-2] [INFO] [1773047740.403525055] [drone.simple_drone]: Using the PID parameters: 
[gzserver-2] 	Roll Pitch:
[gzserver-2] 		kP: 10, kI: 0,kD: 5, Limit: 0.5, Time Constant: 0
[gzserver-2] 	Yaw:
[gzserver-2] 		kP: 2, kI: 0,kD: 1, Limit: 1.5, Time Constant: 0
[gzserver-2] 	Velocity X:
[gzserver-2] 		kP: 5, kI: 0,kD: 2.3, Limit: 2, Time Constant: 0
[gzserver-2] 	Velocity Y:
[gzserver-2] 		kP: 5, kI: 0,kD: 2.3, Limit: 2, Time Constant: 0
[gzserver-2] 	Velocity Z:
[gzserver-2] 		kP: 5, kI: 0,kD: 1, Limit: -1, Time Constant: 0
[gzserver-2] 	Position XY:
[gzserver-2] 		kP: 1.1, kI: 0,kD: 0, Limit: 5, Time Constant: 0
[gzserver-2] 	Position Z:
[gzserver-2] 		kP: 1, kI: 0,kD: 0.2, Limit: -1, Time Constant: 0
[gzserver-2] [INFO] [1773047740.403680990] [drone.simple_drone]: The drone plugin finished loading!
[gzclient-3] [0m[1;33m[Wrn] [Event.cc:61] [0m[1;33mWarning: Deleting a connection right after creation. [0m[1;33mMake sure to save the ConnectionPtr from a Connect call
[INFO] [spawn_drone-6]: process has finished cleanly [pid 1758425]
[gzserver-2] [INFO] [1773047747.626834858] [gazebo_wind_plugin_node]: WindPlugin: set wind_speed=0.00 wind_direction=0.0
[gzserver-2] [INFO] [1773047748.083832796] [drone.simple_drone]: Quadrotor takes off!!
[gzserver-2] [INFO] [1773047748.300656897] [gazebo_wind_plugin_node]: WindPlugin: set wind_speed=0.00 wind_direction=0.0
[gzserver-2] [INFO] [1773047748.829285863] [gazebo_wind_plugin_node]: WindPlugin: set wind_speed=0.00 wind_direction=0.0
[gzserver-2] [INFO] [1773047749.372358583] [gazebo_wind_plugin_node]: WindPlugin: set wind_speed=0.00 wind_direction=0.0
[gzserver-2] [0m[1;36m[Dbg] [wind_plugin.cpp:110] [0m[1;36mWindPlugin: received command -> speed=[0m[1;36m0[0m[1;36m dir=[0m[1;36m0[0m[1;36m
[gzserver-2] [0m[1;36m[Dbg] [wind_plugin.cpp:110] [0m[1;36mWindPlugin: received command -> speed=[0m[1;36m0[0m[1;36m dir=[0m[1;36m0[0m[1;36m
[gzserver-2] [0m[1;36m[Dbg] [wind_plugin.cpp:110] [0m[1;36mWindPlugin: received command -> speed=[0m[1;36m0[0m[1;36m dir=[0m[1;36m0[0m[1;36m
[gzserver-2] [0m[1;36m[Dbg] [wind_plugin.cpp:110] [0m[1;36mWindPlugin: received command -> speed=[0m[1;36m0[0m[1;36m dir=[0m[1;36m0[0m[1;36m
[gzserver-2] [0mEntering flying model!
[gzserver-2] [INFO] [1773047750.104757881] [gazebo_wind_plugin_node]: WindPlugin: set wind_speed=0.00 wind_direction=0.0
[gzserver-2] [INFO] [1773047750.829959616] [gazebo_wind_plugin_node]: WindPlugin: set wind_speed=0.00 wind_direction=0.0
[gzserver-2] [INFO] [1773047751.540145346] [gazebo_wind_plugin_node]: WindPlugin: set wind_speed=0.00 wind_direction=0.0
[gzserver-2] [INFO] [1773047752.266860456] [gazebo_wind_plugin_node]: WindPlugin: set wind_speed=0.00 wind_direction=0.0
[gzserver-2] [INFO] [1773047752.985694637] [gazebo_wind_plugin_node]: WindPlugin: set wind_speed=0.00 wind_direction=0.0
[gzserver-2] [INFO] [1773047753.710750398] [gazebo_wind_plugin_node]: WindPlugin: set wind_speed=0.00 wind_direction=0.0
[gzserver-2] [INFO] [1773047754.421591427] [gazebo_wind_plugin_node]: WindPlugin: set wind_speed=0.00 wind_direction=0.0
[gzserver-2] [INFO] [1773047755.142581239] [gazebo_wind_plugin_node]: WindPlugin: set wind_speed=0.00 wind_direction=0.0
[gzserver-2] [INFO] [1773047755.856897836] [gazebo_wind_plugin_node]: WindPlugin: set wind_speed=0.00 wind_direction=0.0
[gzserver-2] [INFO] [1773047756.561765708] [gazebo_wind_plugin_node]: WindPlugin: set wind_speed=0.00 wind_direction=0.0
[gzserver-2] [INFO] [1773047757.283338395] [gazebo_wind_plugin_node]: WindPlugin: set wind_speed=0.00 wind_direction=0.0
[gzserver-2] [INFO] [1773047757.991026029] [gazebo_wind_plugin_node]: WindPlugin: set wind_speed=0.00 wind_direction=0.0
[gzserver-2] [INFO] [1773047758.714567013] [gazebo_wind_plugin_node]: WindPlugin: set wind_speed=0.68 wind_direction=39.4
[gzserver-2] [INFO] [1773047759.422616127] [gazebo_wind_plugin_node]: WindPlugin: set wind_speed=1.35 wind_direction=39.9
[gzserver-2] [INFO] [1773047760.126015608] [gazebo_wind_plugin_node]: WindPlugin: set wind_speed=0.80 wind_direction=44.6
[gzserver-2] [INFO] [1773047760.845902165] [gazebo_wind_plugin_node]: WindPlugin: set wind_speed=0.87 wind_direction=35.9
[gzserver-2] [INFO] [1773047761.555462704] [gazebo_wind_plugin_node]: WindPlugin: set wind_speed=0.76 wind_direction=36.1
[gzserver-2] [INFO] [1773047762.264997251] [gazebo_wind_plugin_node]: WindPlugin: set wind_speed=0.53 wind_direction=41.0
[gzserver-2] [INFO] [1773047762.967490492] [gazebo_wind_plugin_node]: WindPlugin: set wind_speed=0.54 wind_direction=31.7
[gzserver-2] [INFO] [1773047763.679831760] [gazebo_wind_plugin_node]: WindPlugin: set wind_speed=0.86 wind_direction=23.5
[gzserver-2] [INFO] [1773047764.401405953] [gazebo_wind_plugin_node]: WindPlugin: set wind_speed=0.79 wind_direction=26.6
[gzserver-2] [INFO] [1773047765.110267675] [gazebo_wind_plugin_node]: WindPlugin: set wind_speed=1.19 wind_direction=17.6
[gzserver-2] [INFO] [1773047765.831468445] [gazebo_wind_plugin_node]: WindPlugin: set wind_speed=1.08 wind_direction=19.6
[gzserver-2] [INFO] [1773047766.546586096] [gazebo_wind_plugin_node]: WindPlugin: set wind_speed=1.13 wind_direction=23.5
[gzserver-2] [INFO] [1773047767.261017391] [gazebo_wind_plugin_node]: WindPlugin: set wind_speed=1.01 wind_direction=26.0
[gzserver-2] [INFO] [1773047767.975363269] [gazebo_wind_plugin_node]: WindPlugin: set wind_speed=0.76 wind_direction=31.4
[gzserver-2] [INFO] [1773047768.684088843] [gazebo_wind_plugin_node]: WindPlugin: set wind_speed=0.56 wind_direction=36.3
[gzserver-2] [INFO] [1773047769.404153798] [gazebo_wind_plugin_node]: WindPlugin: set wind_speed=0.90 wind_direction=38.6
[gzserver-2] [1;36m[Dbg] [wind_plugin.cpp:110] [0m[1;36mWindPlugin: received command -> speed=[0m[1;36m0[0m[1;36m dir=[0m[1;36m0[0m[1;36m
[gzserver-2] [0m[1;36m[Dbg] [wind_plugin.cpp:110] [0m[1;36mWindPlugin: received command -> speed=[0m[1;36m0[0m[1;36m dir=[0m[1;36m0[0m[1;36m
[gzserver-2] [0m[1;36m[Dbg] [wind_plugin.cpp:110] [0m[1;36mWindPlugin: received command -> speed=[0m[1;36m0[0m[1;36m dir=[0m[1;36m0[0m[1;36m
[gzserver-2] [0m[1;36m[Dbg] [wind_plugin.cpp:110] [0m[1;36mWindPlugin: received command -> speed=[0m[1;36m0[0m[1;36m dir=[0m[1;36m0[0m[1;36m
[gzserver-2] [0m[1;36m[Dbg] [wind_plugin.cpp:110] [0m[1;36mWindPlugin: received command -> speed=[0m[1;36m0[0m[1;36m dir=[0m[1;36m0[0m[1;36m
[gzserver-2] [0m[1;36m[Dbg] [wind_plugin.cpp:110] [0m[1;36mWindPlugin: received command -> speed=[0m[1;36m0[0m[1;36m dir=[0m[1;36m0[0m[1;36m
[gzserver-2] [0m[1;36m[Dbg] [wind_plugin.cpp:110] [0m[1;36mWindPlugin: received command -> speed=[0m[1;36m0[0m[1;36m dir=[0m[1;36m0[0m[1;36m
[gzserver-2] [0m[1;36m[Dbg] [wind_plugin.cpp:110] [0m[1;36mWindPlugin: received command -> speed=[0m[1;36m0[0m[1;36m dir=[0m[1;36m0[0m[1;36m
[gzserver-2] [0m[1;36m[Dbg] [wind_plugin.cpp:110] [0m[1;36mWindPlugin: received command -> speed=[0m[1;36m0[0m[1;36m dir=[0m[1;36m0[0m[1;36m
[gzserver-2] [0m[1;36m[Dbg] [wind_plugin.cpp:110] [0m[1;36mWindPlugin: received command -> speed=[0m[1;36m0[0m[1;36m dir=[0m[1;36m0[0m[1;36m
[gzserver-2] [0m[1;36m[Dbg] [wind_plugin.cpp:110] [0m[1;36mWindPlugin: received command -> speed=[0m[1;36m0[0m[1;36m dir=[0m[1;36m0[0m[1;36m
[gzserver-2] [0m[1;36m[Dbg] [wind_plugin.cpp:110] [0m[1;36mWindPlugin: received command -> speed=[0m[1;36m0[0m[1;36m dir=[0m[1;36m0[0m[1;36m
[gzserver-2] [0m[1;36m[Dbg] [wind_plugin.cpp:110] [0m[1;36mWindPlugin: received command -> speed=[0m[1;36m0.684808[0m[1;36m dir=[0m[1;36m39.4221[0m[1;36m
[gzserver-2] [0m[1;36m[Dbg] [wind_plugin.cpp:110] [0m[1;36mWindPlugin: received command -> speed=[0m[1;36m1.34638[0m[1;36m dir=[0m[1;36m39.852[0m[1;36m
[gzserver-2] [0m[1;36m[Dbg] [wind_plugin.cpp:110] [0m[1;36mWindPlugin: received command -> speed=[0m[1;36m0.801237[0m[1;36m dir=[0m[1;36m44.5672[0m[1;36m
[gzserver-2] [0m[1;36m[Dbg] [wind_plugin.cpp:110] [0m[1;36mWindPlugin: received command -> speed=[0m[1;36m0.866732[0m[1;36m dir=[0m[1;36m35.8737[0m[1;36m
[gzserver-2] [0m[1;36m[Dbg] [wind_plugin.cpp:110] [0m[1;36mWindPlugin: received command -> speed=[0m[1;36m0.764239[0m[1;36m dir=[0m[1;36m36.1015[0m[1;36m
[gzserver-2] [0m[1;36m[Dbg] [wind_plugin.cpp:110] [0m[1;36mWindPlugin: received command -> speed=[0m[1;36m0.525896[0m[1;36m dir=[0m[1;36m41.0215[0m[1;36m
[gzserver-2] [0m[1;36m[Dbg] [wind_plugin.cpp:110] [0m[1;36mWindPlugin: received command -> speed=[0m[1;36m0.538493[0m[1;36m dir=[0m[1;36m31.7167[0m[1;36m
[gzserver-2] [0m[1;36m[Dbg] [wind_plugin.cpp:110] [0m[1;36mWindPlugin: received command -> speed=[0m[1;36m0.861929[0m[1;36m dir=[0m[1;36m23.499[0m[1;36m
[gzserver-2] [0m[1;36m[Dbg] [wind_plugin.cpp:110] [0m[1;36mWindPlugin: received command -> speed=[0m[1;36m0.793187[0m[1;36m dir=[0m[1;36m26.5775[0m[1;36m
[gzserver-2] [0m[1;36m[Dbg] [wind_plugin.cpp:110] [0m[1;36mWindPlugin: received command -> speed=[0m[1;36m1.19266[0m[1;36m dir=[0m[1;36m17.6281[0m[1;36m
[gzserver-2] [0m[1;36m[Dbg] [wind_plugin.cpp:110] [0m[1;36mWindPlugin: received command -> speed=[0m[1;36m1.08426[0m[1;36m dir=[0m[1;36m19.6171[0m[1;36m
[gzserver-2] [0m[1;36m[Dbg] [wind_plugin.cpp:110] [0m[1;36mWindPlugin: received command -> speed=[0m[1;36m1.12545[0m[1;36m dir=[0m[1;36m23.4779[0m[1;36m
[gzserver-2] [0m[1;36m[Dbg] [wind_plugin.cpp:110] [0m[1;36mWindPlugin: received command -> speed=[0m[1;36m1.00577[0m[1;36m dir=[0m[1;36m26.0307[0m[1;36m
[gzserver-2] [0m[1;36m[Dbg] [wind_plugin.cpp:110] [0m[1;36mWindPlugin: received command -> speed=[0m[1;36m0.755393[0m[1;36m dir=[0m[1;36m31.3656[0m[1;36m
[gzserver-2] [0m[1;36m[Dbg] [wind_plugin.cpp:110] [0m[1;36mWindPlugin: received command -> speed=[0m[1;36m0.558741[0m[1;36m dir=[0m[1;36m36.3345[0m[1;36m
[gzserver-2] [INFO] [1773047770.108094239] [gazebo_wind_plugin_node]: WindPlugin: set wind_speed=0.94 wind_direction=36.0
[gzserver-2] [INFO] [1773047770.807192765] [gazebo_wind_plugin_node]: WindPlugin: set wind_speed=1.18 wind_direction=40.8
[gzserver-2] [INFO] [1773047771.513121107] [gazebo_wind_plugin_node]: WindPlugin: set wind_speed=1.19 wind_direction=40.3
[gzserver-2] [INFO] [1773047772.226519272] [gazebo_wind_plugin_node]: WindPlugin: set wind_speed=1.10 wind_direction=39.6
[gzserver-2] [INFO] [1773047772.937681164] [gazebo_wind_plugin_node]: WindPlugin: set wind_speed=0.71 wind_direction=32.2
[gzserver-2] [INFO] [1773047773.640899743] [gazebo_wind_plugin_node]: WindPlugin: set wind_speed=0.77 wind_direction=32.4
[gzserver-2] [INFO] [1773047774.349308974] [gazebo_wind_plugin_node]: WindPlugin: set wind_speed=0.77 wind_direction=24.3
[gzserver-2] [INFO] [1773047775.051857465] [gazebo_wind_plugin_node]: WindPlugin: set wind_speed=0.72 wind_direction=24.8
[gzserver-2] [INFO] [1773047775.765914887] [gazebo_wind_plugin_node]: WindPlugin: set wind_speed=1.20 wind_direction=18.5
[gzserver-2] [INFO] [1773047776.470951848] [gazebo_wind_plugin_node]: WindPlugin: set wind_speed=1.13 wind_direction=20.6
[gzserver-2] [INFO] [1773047777.190524738] [gazebo_wind_plugin_node]: WindPlugin: set wind_speed=1.15 wind_direction=18.1
[gzserver-2] [INFO] [1773047777.897823693] [gazebo_wind_plugin_node]: WindPlugin: set wind_speed=0.85 wind_direction=20.4
[gzserver-2] [INFO] [1773047778.611559567] [gazebo_wind_plugin_node]: WindPlugin: set wind_speed=0.81 wind_direction=25.9
[gzserver-2] [INFO] [1773047779.330833907] [gazebo_wind_plugin_node]: WindPlugin: set wind_speed=1.00 wind_direction=24.5
[gzserver-2] [INFO] [1773047780.042802586] [gazebo_wind_plugin_node]: WindPlugin: set wind_speed=0.86 wind_direction=35.1
[gzserver-2] [INFO] [1773047780.757693606] [gazebo_wind_plugin_node]: WindPlugin: set wind_speed=0.84 wind_direction=33.7
[gzserver-2] [INFO] [1773047781.461767117] [gazebo_wind_plugin_node]: WindPlugin: set wind_speed=0.97 wind_direction=37.8
[gzserver-2] [INFO] [1773047782.179710250] [gazebo_wind_plugin_node]: WindPlugin: set wind_speed=1.21 wind_direction=40.4
[gzserver-2] [INFO] [1773047782.902904846] [gazebo_wind_plugin_node]: WindPlugin: set wind_speed=1.19 wind_direction=39.2
[gzserver-2] [INFO] [1773047783.624448448] [gazebo_wind_plugin_node]: WindPlugin: set wind_speed=1.02 wind_direction=37.1
[gzserver-2] [INFO] [1773047784.338837837] [gazebo_wind_plugin_node]: WindPlugin: set wind_speed=1.03 wind_direction=32.4
[gzserver-2] [INFO] [1773047785.054538752] [gazebo_wind_plugin_node]: WindPlugin: set wind_speed=0.79 wind_direction=35.9
