[INFO] [launch]: All log files can be found below /home/j/.ros/log/2026-03-10-14-43-49-880084-j-2475825
[INFO] [launch]: Default logging verbosity is set to INFO
[INFO] [launch.user]: [bringup] Apriltag config: camera=/drone/bottom, image=/drone/bottom/image_raw, tags=/drone/bottom/tags, bridge=/landing_tag_state, standalone=true, use_target_id=true, target_id=0
[INFO] [rviz2-1]: process started with pid [2475828]
[INFO] [gzserver-2]: process started with pid [2475830]
[INFO] [robot_state_publisher-3]: process started with pid [2475832]
[INFO] [joint_state_publisher-4]: process started with pid [2475834]
[INFO] [spawn_drone-5]: process started with pid [2475836]
[INFO] [static_transform_publisher-6]: process started with pid [2475838]
[INFO] [joy_node-7]: process started with pid [2475840]
[INFO] [teleop_joystick-8]: process started with pid [2475842]
[INFO] [apriltag_detector_node-9]: process started with pid [2475844]
[INFO] [apriltag_state_bridge-10]: process started with pid [2475847]
[static_transform_publisher-6] [WARN] [1773121430.342875295] []: Old-style arguments are deprecated; see --help for new-style arguments
[static_transform_publisher-6] [INFO] [1773121430.348965112] [static_transform_publisher_xlFXboyjixaxU9dP]: Spinning until stopped - publishing transform
[static_transform_publisher-6] translation: ('0.000000', '0.000000', '0.000000')
[static_transform_publisher-6] rotation: ('0.000000', '0.000000', '0.000000', '1.000000')
[static_transform_publisher-6] from 'world' to '/drone/odom'
[robot_state_publisher-3] [INFO] [1773121430.364641342] [drone.robot_state_publisher]: got segment base_footprint
[robot_state_publisher-3] [INFO] [1773121430.364702457] [drone.robot_state_publisher]: got segment base_link
[robot_state_publisher-3] [INFO] [1773121430.364707818] [drone.robot_state_publisher]: got segment bottom_cam_link
[robot_state_publisher-3] [INFO] [1773121430.364711148] [drone.robot_state_publisher]: got segment front_cam_link
[robot_state_publisher-3] [INFO] [1773121430.364713985] [drone.robot_state_publisher]: got segment sonar_link
[rviz2-1] 
[rviz2-1] (rviz2:2475828): dbind-WARNING **: 14:43:50.376: Couldn't connect to accessibility bus: Failed to connect to socket /root/.cache/at-spi/bus_0: 허가 거부
[apriltag_detector_node-9] [INFO] [1773121430.378734931] [apriltag_detector_node]: tag detector type: umich
[teleop_joystick-8] Traceback (most recent call last):
[teleop_joystick-8]   File "/home/j/INCSL/IICC26_ws/install/sjtu_drone_control/lib/sjtu_drone_control/teleop_joystick", line 33, in <module>
[teleop_joystick-8]     sys.exit(load_entry_point('sjtu_drone_control==0.0.0', 'console_scripts', 'teleop_joystick')())
[teleop_joystick-8]   File "/home/j/INCSL/IICC26_ws/install/sjtu_drone_control/lib/sjtu_drone_control/teleop_joystick", line 22, in importlib_load_entry_point
[teleop_joystick-8]     for entry_point in distribution(dist_name).entry_points
[teleop_joystick-8]   File "/usr/lib/python3.10/importlib/metadata/__init__.py", line 969, in distribution
[teleop_joystick-8]     return Distribution.from_name(distribution_name)
[teleop_joystick-8]   File "/usr/lib/python3.10/importlib/metadata/__init__.py", line 548, in from_name
[teleop_joystick-8]     raise PackageNotFoundError(name)
[teleop_joystick-8] importlib.metadata.PackageNotFoundError: No package metadata was found for sjtu_drone_control
[ERROR] [teleop_joystick-8]: process has died [pid 2475842, exit code 1, cmd '/home/j/INCSL/IICC26_ws/install/sjtu_drone_control/lib/sjtu_drone_control/teleop_joystick --ros-args -r __ns:=/drone'].
[gzserver-2] Gazebo multi-robot simulator, version 11.10.2
[gzserver-2] Copyright (C) 2012 Open Source Robotics Foundation.
[gzserver-2] Released under the Apache 2 License.
[gzserver-2] http://gazebosim.org
[gzserver-2] 
[joint_state_publisher-4] [INFO] [1773121430.611714439] [drone.joint_state_publisher]: Waiting for robot_description to be published on the robot_description topic...
[apriltag_state_bridge-10] [INFO] [1773121430.615780119] [apriltag_state_bridge]: AprilTag bridge started: /drone/bottom/tags -> /landing_tag_state, use_target_id=True, target_id=0
[gzserver-2] [1;33m[Wrn] [gazebo_ros_init.cpp:178] [0m[1;33m
[gzserver-2] #     # ####### ####### ###  #####  #######
[gzserver-2] ##    # #     #    #     #  #     # #
[gzserver-2] # #   # #     #    #     #  #       #
[gzserver-2] #  #  # #     #    #     #  #       #####
[gzserver-2] #   # # #     #    #     #  #       #
[gzserver-2] #    ## #     #    #     #  #     # #
[gzserver-2] #     # #######    #    ###  #####  #######
[gzserver-2] 
[gzserver-2] This version of Gazebo, now called Gazebo classic, reaches end-of-life
[gzserver-2] in January 2025. Users are highly encouraged to migrate to the new Gazebo
[gzserver-2] using our migration guides (https://gazebosim.org/docs/latest/gazebo_classic_migration?utm_source=gazebo_ros_pkgs&utm_medium=cli)
[gzserver-2] 
[gzserver-2] [0m[1;33m
[rviz2-1] [INFO] [1773121431.203083285] [rviz2]: Stereo is NOT SUPPORTED
[rviz2-1] [INFO] [1773121431.203200345] [rviz2]: OpenGl version: 4.6 (GLSL 4.6)
[rviz2-1] [INFO] [1773121431.285221453] [rviz2]: Stereo is NOT SUPPORTED
[rviz2-1] [INFO] [1773121431.378147227] [rviz2]: Stereo is NOT SUPPORTED
[spawn_drone-5] [INFO] [1773121431.739674971] [spawn_drone]: Result False Entity pushed to spawn queue, but spawn service timed outwaiting for entity to appear in simulation under the name [/drone]
[gzserver-2] [1;32m[Msg] [0m[1;32mWaiting for master.[0m[1;32m
[gzserver-2] [0m[1;32m[0m[1;32m[0m[1;32m[Msg] [0m[1;32mConnected to gazebo master @ [0m[1;32mhttp://127.0.0.1:11345[0m[1;32m
[gzserver-2] [0m[1;32m[0m[1;32m[0m[1;32m[Msg] [0m[1;32mPublicized address: [0m[1;32m172.16.52.147[0m[1;32m
[gzserver-2] [0m[1;32m[0m[1;32m[0m[1;32m[Msg] [0m[1;32mLoading world file [[0m[1;32m/home/j/INCSL/IICC26_ws/install/sjtu_drone_description/share/sjtu_drone_description/worlds/landingPad.world[0m[1;32m][0m[1;32m
[gzserver-2] [0m[1;32m[0m[1;32m[0m[1;36m[Dbg] [wind_plugin.cpp:96] [0m[1;36mWindPlugin loaded: speed=[0m[1;36m0[0m[1;36m dir=[0m[1;36m0[0m[1;36m deg area=[0m[1;36m0.1[0m[1;36m coeff=[0m[1;36m1[0m[1;36m
[gzserver-2] [0m[1;33m[0m[1;33m[0m[1;31m[Err] [Sensor.cc:510] [0m[1;31mGet noise index not valid[0m[1;31m
[gzserver-2] [0m[1;31m[0m[1;31m[0m[1;31m[Err] [Sensor.cc:510] [0m[1;31mGet noise index not valid[0m[1;31m
[gzserver-2] [0m[1;31m[0m[1;31m[0m[1;31m[Err] [Sensor.cc:510] [0m[1;31mGet noise index not valid[0m[1;31m
[gzserver-2] [0m[1;31m[0m[1;31m[0m[1;31m[Err] [Sensor.cc:510] [0m[1;31mGet noise index not valid[0m[1;31m
[gzserver-2] [0m[1;31m[0m[1;31m[0m[1;31m[Err] [Sensor.cc:510] [0m[1;31mGet noise index not valid[0m[1;31m
[gzserver-2] [0m[1;31m[0m[1;31m[0m[1;31m[Err] [Sensor.cc:510] [0m[1;31mGet noise index not valid[0m[1;31m
[gzserver-2] [0m[1;31m[0m[1;31m[0mTopic [default//drone/base_footprint/down_camera/image] is not valid.
[gzserver-2] [INFO] [1773121431.770183324] [drone.collision_plugin]: Publishing contact states to [/drone/bumper_states]
[gzserver-2] Topic [default//drone/base_footprint/front_camera/image] is not valid.
[gzserver-2] [1;33m[Wrn] [Event.cc:61] [0m[1;33mWarning: Deleting a connection right after creation. [0m[1;33mMake sure to save the ConnectionPtr from a Connect call
[INFO] [spawn_drone-5]: process has finished cleanly [pid 2475836]
[gzserver-2] [0m[INFO] [1773121432.366354014] [drone.camera_bottom]: Publishing camera info to [/drone/bottom/camera_info]
[gzserver-2] [INFO] [1773121432.371041500] [drone.camera_front]: Publishing camera info to [/drone/front/camera_info]
[gzserver-2] [INFO] [1773121432.492950608] [drone.simple_drone]: The drone plugin is loading!
[gzserver-2] [INFO] [1773121432.493160232] [drone.simple_drone]: pub_odom: 1
[gzserver-2] [INFO] [1773121432.493205053] [drone.simple_drone]: Using following parameters: 
[gzserver-2] 		link_name: base_footprint,
[gzserver-2] 		max_force: 30,
[gzserver-2] 		motion_small_noise: 0,
[gzserver-2] 		motion_drift_noise: 0,
[gzserver-2] 		motion_drift_noise_time: 50,
[gzserver-2] 		takeoff_hover_height: 1.98,
[gzserver-2] 		takeoff_vertical_speed: 0.2
[gzserver-2] [INFO] [1773121432.504846187] [drone.simple_drone]: Using the PID parameters: 
[gzserver-2] 	Roll Pitch:
[gzserver-2] 		kP: 10, kI: 0,kD: 5, Limit: 0.5, Time Constant: 0
[gzserver-2] 	Yaw:
[gzserver-2] 		kP: 2, kI: 0,kD: 1, Limit: 1.5, Time Constant: 0
[gzserver-2] 	Velocity X:
[gzserver-2] 		kP: 5, kI: 0,kD: 2.3, Limit: 2, Time Constant: 0
[gzserver-2] 	Velocity Y:
[gzserver-2] 		kP: 5, kI: 0,kD: 2.3, Limit: 2, Time Constant: 0
[gzserver-2] 	Velocity Z:
[gzserver-2] 		kP: 5, kI: 0,kD: 1, Limit: -1, Time Constant: 0
[gzserver-2] 	Position XY:
[gzserver-2] 		kP: 1.1, kI: 0,kD: 0, Limit: 5, Time Constant: 0
[gzserver-2] 	Position Z:
[gzserver-2] 		kP: 1, kI: 0,kD: 0.2, Limit: -1, Time Constant: 0
[gzserver-2] [INFO] [1773121432.504980754] [drone.simple_drone]: The drone plugin finished loading!
[gzserver-2] [INFO] [1773121439.706825077] [gazebo_wind_plugin_node]: WindPlugin: set wind_speed=0.00 wind_direction=0.0
[gzserver-2] [INFO] [1773121439.979195330] [gazebo_wind_plugin_node]: WindPlugin: set wind_speed=0.00 wind_direction=0.0
[gzserver-2] [INFO] [1773121440.017178100] [drone.simple_drone]: Quadrotor takes off!!
[gzserver-2] [INFO] [1773121440.218370649] [gazebo_wind_plugin_node]: WindPlugin: set wind_speed=0.00 wind_direction=0.0
[gzserver-2] [INFO] [1773121440.458094397] [gazebo_wind_plugin_node]: WindPlugin: set wind_speed=0.00 wind_direction=0.0
[gzserver-2] [INFO] [1773121440.697820895] [gazebo_wind_plugin_node]: WindPlugin: set wind_speed=0.00 wind_direction=0.0
[gzserver-2] [INFO] [1773121440.937456871] [gazebo_wind_plugin_node]: WindPlugin: set wind_speed=0.00 wind_direction=0.0
[gzserver-2] [INFO] [1773121441.176815989] [gazebo_wind_plugin_node]: WindPlugin: set wind_speed=0.00 wind_direction=0.0
[gzserver-2] [INFO] [1773121441.413468791] [gazebo_wind_plugin_node]: WindPlugin: set wind_speed=0.00 wind_direction=0.0
[gzserver-2] [0m[1;36m[Dbg] [wind_plugin.cpp:110] [0m[1;36mWindPlugin: received command -> speed=[0m[1;36m0[0m[1;36m dir=[0m[1;36m0[0m[1;36m
[gzserver-2] [0m[1;36m[Dbg] [wind_plugin.cpp:110] [0m[1;36mWindPlugin: received command -> speed=[0m[1;36m0[0m[1;36m dir=[0m[1;36m0[0m[1;36m
[gzserver-2] [0m[1;36m[Dbg] [wind_plugin.cpp:110] [0m[1;36mWindPlugin: received command -> speed=[0m[1;36m0[0m[1;36m dir=[0m[1;36m0[0m[1;36m
[gzserver-2] [0m[1;36m[Dbg] [wind_plugin.cpp:110] [0m[1;36mWindPlugin: received command -> speed=[0m[1;36m0[0m[1;36m dir=[0m[1;36m0[0m[1;36m
[gzserver-2] [0m[1;36m[Dbg] [wind_plugin.cpp:110] [0m[1;36mWindPlugin: received command -> speed=[0m[1;36m0[0m[1;36m dir=[0m[1;36m0[0m[1;36m
[gzserver-2] [0m[1;36m[Dbg] [wind_plugin.cpp:110] [0m[1;36mWindPlugin: received command -> speed=[0m[1;36m0[0m[1;36m dir=[0m[1;36m0[0m[1;36m
[gzserver-2] [0m[1;36m[Dbg] [wind_plugin.cpp:110] [0m[1;36mWindPlugin: received command -> speed=[0m[1;36m0[0m[1;36m dir=[0m[1;36m0[0m[1;36m
[gzserver-2] [0m[1;36m[Dbg] [wind_plugin.cpp:110] [0m[1;36mWindPlugin: received command -> speed=[0m[1;36m0[0m[1;36m dir=[0m[1;36m0[0m[1;36m
[gzserver-2] [0mEntering flying model!
[gzserver-2] [INFO] [1773121441.652191965] [gazebo_wind_plugin_node]: WindPlugin: set wind_speed=0.00 wind_direction=0.0
[gzserver-2] [INFO] [1773121441.886179035] [gazebo_wind_plugin_node]: WindPlugin: set wind_speed=3.08 wind_direction=-97.2
[gzserver-2] [INFO] [1773121442.125567721] [gazebo_wind_plugin_node]: WindPlugin: set wind_speed=3.08 wind_direction=-97.2
[gzserver-2] [INFO] [1773121442.364882274] [gazebo_wind_plugin_node]: WindPlugin: set wind_speed=3.26 wind_direction=-99.2
[gzserver-2] [INFO] [1773121442.594076804] [gazebo_wind_plugin_node]: WindPlugin: set wind_speed=3.26 wind_direction=-99.2
[gzserver-2] [INFO] [1773121442.822998590] [gazebo_wind_plugin_node]: WindPlugin: set wind_speed=3.26 wind_direction=-99.2
[gzserver-2] [INFO] [1773121443.057587942] [gazebo_wind_plugin_node]: WindPlugin: set wind_speed=3.26 wind_direction=-99.2
[gzserver-2] [INFO] [1773121443.291572048] [gazebo_wind_plugin_node]: WindPlugin: set wind_speed=3.09 wind_direction=-99.3
[gzserver-2] [INFO] [1773121443.531370543] [gazebo_wind_plugin_node]: WindPlugin: set wind_speed=3.09 wind_direction=-99.3
[gzserver-2] [INFO] [1773121443.760705342] [gazebo_wind_plugin_node]: WindPlugin: set wind_speed=3.09 wind_direction=-99.3
[gzserver-2] [INFO] [1773121444.000133384] [gazebo_wind_plugin_node]: WindPlugin: set wind_speed=3.09 wind_direction=-99.3
[gzserver-2] [INFO] [1773121444.239794187] [gazebo_wind_plugin_node]: WindPlugin: set wind_speed=3.41 wind_direction=-96.9
[gzserver-2] [INFO] [1773121444.479764364] [gazebo_wind_plugin_node]: WindPlugin: set wind_speed=3.41 wind_direction=-96.9
[gzserver-2] [INFO] [1773121444.719189177] [gazebo_wind_plugin_node]: WindPlugin: set wind_speed=3.41 wind_direction=-96.9
[gzserver-2] [INFO] [1773121444.756744168] [drone.simple_drone]: Quadrotor lands!!
[gzserver-2] [INFO] [1773121444.958100428] [gazebo_wind_plugin_node]: WindPlugin: set wind_speed=3.41 wind_direction=-96.9
[gzserver-2] [INFO] [1773121445.197605929] [gazebo_wind_plugin_node]: WindPlugin: set wind_speed=3.41 wind_direction=-96.9
[gzserver-2] [INFO] [1773121445.426510762] [gazebo_wind_plugin_node]: WindPlugin: set wind_speed=3.46 wind_direction=-100.1
[gzserver-2] [INFO] [1773121445.660925067] [gazebo_wind_plugin_node]: WindPlugin: set wind_speed=3.46 wind_direction=-100.1
[gzserver-2] [1;36m[Dbg] [wind_plugin.cpp:110] [0m[1;36mWindPlugin: received command -> speed=[0m[1;36m0[0m[1;36m dir=[0m[1;36m0[0m[1;36m
[gzserver-2] [0m[1;36m[Dbg] [wind_plugin.cpp:110] [0m[1;36mWindPlugin: received command -> speed=[0m[1;36m3.0797[0m[1;36m dir=[0m[1;36m-97.2165[0m[1;36m
[gzserver-2] [0m[1;36m[Dbg] [wind_plugin.cpp:110] [0m[1;36mWindPlugin: received command -> speed=[0m[1;36m3.0797[0m[1;36m dir=[0m[1;36m-97.2165[0m[1;36m
[gzserver-2] [0m[1;36m[Dbg] [wind_plugin.cpp:110] [0m[1;36mWindPlugin: received command -> speed=[0m[1;36m3.26009[0m[1;36m dir=[0m[1;36m-99.2089[0m[1;36m
[gzserver-2] [0m[1;36m[Dbg] [wind_plugin.cpp:110] [0m[1;36mWindPlugin: received command -> speed=[0m[1;36m3.26009[0m[1;36m dir=[0m[1;36m-99.2089[0m[1;36m
[gzserver-2] [0m[1;36m[Dbg] [wind_plugin.cpp:110] [0m[1;36mWindPlugin: received command -> speed=[0m[1;36m3.26009[0m[1;36m dir=[0m[1;36m-99.2089[0m[1;36m
[gzserver-2] [0m[1;36m[Dbg] [wind_plugin.cpp:110] [0m[1;36mWindPlugin: received command -> speed=[0m[1;36m3.26009[0m[1;36m dir=[0m[1;36m-99.2089[0m[1;36m
[gzserver-2] [0m[1;36m[Dbg] [wind_plugin.cpp:110] [0m[1;36mWindPlugin: received command -> speed=[0m[1;36m3.0855[0m[1;36m dir=[0m[1;36m-99.2574[0m[1;36m
[gzserver-2] [0m[1;36m[Dbg] [wind_plugin.cpp:110] [0m[1;36mWindPlugin: received command -> speed=[0m[1;36m3.0855[0m[1;36m dir=[0m[1;36m-99.2574[0m[1;36m
[gzserver-2] [0m[1;36m[Dbg] [wind_plugin.cpp:110] [0m[1;36mWindPlugin: received command -> speed=[0m[1;36m3.0855[0m[1;36m dir=[0m[1;36m-99.2574[0m[1;36m
[gzserver-2] [0m[1;36m[Dbg] [wind_plugin.cpp:110] [0m[1;36mWindPlugin: received command -> speed=[0m[1;36m3.0855[0m[1;36m dir=[0m[1;36m-99.2574[0m[1;36m
[gzserver-2] [0m[1;36m[Dbg] [wind_plugin.cpp:110] [0m[1;36mWindPlugin: received command -> speed=[0m[1;36m3.40999[0m[1;36m dir=[0m[1;36m-96.862[0m[1;36m
[gzserver-2] [0m[1;36m[Dbg] [wind_plugin.cpp:110] [0m[1;36mWindPlugin: received command -> speed=[0m[1;36m3.40999[0m[1;36m dir=[0m[1;36m-96.862[0m[1;36m
[gzserver-2] [0m[1;36m[Dbg] [wind_plugin.cpp:110] [0m[1;36mWindPlugin: received command -> speed=[0m[1;36m3.40999[0m[1;36m dir=[0m[1;36m-96.862[0m[1;36m
[gzserver-2] [0m[1;36m[Dbg] [wind_plugin.cpp:110] [0m[1;36mWindPlugin: received command -> speed=[0m[1;36m3.40999[0m[1;36m dir=[0m[1;36m-96.862[0m[1;36m
[gzserver-2] [0m[1;36m[Dbg] [wind_plugin.cpp:110] [0m[1;36mWindPlugin: received command -> speed=[0m[1;36m3.40999[0m[1;36m dir=[0m[1;36m-96.862[0m[1;36m
[gzserver-2] [0m[1;36m[Dbg] [wind_plugin.cpp:110] [0m[1;36mWindPlugin: received command -> speed=[0m[1;36m3.46218[0m[1;36m dir=[0m[1;36m-100.124[0m[1;36m
[gzserver-2] [0m[1;36m[Dbg] [wind_plugin.cpp:110] [0m[1;36mWindPlugin: received command -> speed=[0m[1;36m3.46218[0m[1;36m dir=[0m[1;36m-100.124[0m[1;36m
[gzserver-2] [0mLanded!
[gzserver-2] [INFO] [1773121445.894945674] [gazebo_wind_plugin_node]: WindPlugin: set wind_speed=3.46 wind_direction=-100.1
[gzserver-2] [INFO] [1773121446.134185301] [gazebo_wind_plugin_node]: WindPlugin: set wind_speed=3.46 wind_direction=-100.1
[gzserver-2] [INFO] [1773121446.368433591] [gazebo_wind_plugin_node]: WindPlugin: set wind_speed=3.23 wind_direction=-97.0
[gzserver-2] [INFO] [1773121446.608085003] [gazebo_wind_plugin_node]: WindPlugin: set wind_speed=3.23 wind_direction=-97.0
[gzserver-2] [INFO] [1773121446.847529359] [gazebo_wind_plugin_node]: WindPlugin: set wind_speed=3.23 wind_direction=-97.0
[gzserver-2] [INFO] [1773121447.087197021] [gazebo_wind_plugin_node]: WindPlugin: set wind_speed=3.23 wind_direction=-97.0
[gzserver-2] [INFO] [1773121447.326849664] [gazebo_wind_plugin_node]: WindPlugin: set wind_speed=3.43 wind_direction=-98.6
[gzserver-2] [INFO] [1773121447.565918176] [gazebo_wind_plugin_node]: WindPlugin: set wind_speed=3.43 wind_direction=-98.6
