[INFO] [launch]: All log files can be found below /home/j/.ros/log/2026-03-10-22-20-11-105130-j-1173335
[INFO] [launch]: Default logging verbosity is set to INFO
[INFO] [launch.user]: [bringup] Apriltag config: camera=/drone/bottom, image=/drone/bottom/image_raw, tags=/drone/bottom/tags, bridge=/landing_tag_state, standalone=true, use_target_id=true, target_id=0
[INFO] [rviz2-1]: process started with pid [1173338]
[INFO] [gzserver-2]: process started with pid [1173340]
[INFO] [robot_state_publisher-3]: process started with pid [1173342]
[INFO] [joint_state_publisher-4]: process started with pid [1173344]
[INFO] [spawn_drone-5]: process started with pid [1173346]
[INFO] [static_transform_publisher-6]: process started with pid [1173348]
[INFO] [joy_node-7]: process started with pid [1173350]
[INFO] [teleop_joystick-8]: process started with pid [1173352]
[INFO] [apriltag_detector_node-9]: process started with pid [1173354]
[INFO] [apriltag_state_bridge-10]: process started with pid [1173356]
[static_transform_publisher-6] [WARN] [1773148811.565861890] []: Old-style arguments are deprecated; see --help for new-style arguments
[static_transform_publisher-6] [INFO] [1773148811.571696140] [static_transform_publisher_g9w3vAo4SHiP4XGx]: Spinning until stopped - publishing transform
[static_transform_publisher-6] translation: ('0.000000', '0.000000', '0.000000')
[static_transform_publisher-6] rotation: ('0.000000', '0.000000', '0.000000', '1.000000')
[static_transform_publisher-6] from 'world' to '/drone/odom'
[rviz2-1] 
[rviz2-1] (rviz2:1173338): dbind-WARNING **: 22:20:11.598: Couldn't connect to accessibility bus: Failed to connect to socket /root/.cache/at-spi/bus_0: 허가 거부
[apriltag_detector_node-9] [INFO] [1773148811.599725464] [apriltag_detector_node]: tag detector type: umich
[robot_state_publisher-3] [INFO] [1773148811.601450077] [drone.robot_state_publisher]: got segment base_footprint
[robot_state_publisher-3] [INFO] [1773148811.601533405] [drone.robot_state_publisher]: got segment base_link
[robot_state_publisher-3] [INFO] [1773148811.601545482] [drone.robot_state_publisher]: got segment bottom_cam_link
[robot_state_publisher-3] [INFO] [1773148811.601553790] [drone.robot_state_publisher]: got segment front_cam_link
[robot_state_publisher-3] [INFO] [1773148811.601561197] [drone.robot_state_publisher]: got segment sonar_link
[teleop_joystick-8] Traceback (most recent call last):
[teleop_joystick-8]   File "/home/j/INCSL/IICC26_ws/install/sjtu_drone_control/lib/sjtu_drone_control/teleop_joystick", line 33, in <module>
[teleop_joystick-8]     sys.exit(load_entry_point('sjtu_drone_control==0.0.0', 'console_scripts', 'teleop_joystick')())
[teleop_joystick-8]   File "/home/j/INCSL/IICC26_ws/install/sjtu_drone_control/lib/sjtu_drone_control/teleop_joystick", line 22, in importlib_load_entry_point
[teleop_joystick-8]     for entry_point in distribution(dist_name).entry_points
[teleop_joystick-8]   File "/usr/lib/python3.10/importlib/metadata/__init__.py", line 969, in distribution
[teleop_joystick-8]     return Distribution.from_name(distribution_name)
[teleop_joystick-8]   File "/usr/lib/python3.10/importlib/metadata/__init__.py", line 548, in from_name
[teleop_joystick-8]     raise PackageNotFoundError(name)
[teleop_joystick-8] importlib.metadata.PackageNotFoundError: No package metadata was found for sjtu_drone_control
[ERROR] [teleop_joystick-8]: process has died [pid 1173352, exit code 1, cmd '/home/j/INCSL/IICC26_ws/install/sjtu_drone_control/lib/sjtu_drone_control/teleop_joystick --ros-args -r __ns:=/drone'].
[gzserver-2] Gazebo multi-robot simulator, version 11.10.2
[gzserver-2] Copyright (C) 2012 Open Source Robotics Foundation.
[gzserver-2] Released under the Apache 2 License.
[gzserver-2] http://gazebosim.org
[gzserver-2] 
[apriltag_state_bridge-10] [INFO] [1773148811.857775619] [apriltag_state_bridge]: AprilTag bridge started: /drone/bottom/tags -> /landing_tag_state, use_target_id=True, target_id=0
[joint_state_publisher-4] [INFO] [1773148811.859674329] [drone.joint_state_publisher]: Waiting for robot_description to be published on the robot_description topic...
[gzserver-2] [1;33m[Wrn] [gazebo_ros_init.cpp:178] [0m[1;33m
[gzserver-2] #     # ####### ####### ###  #####  #######
[gzserver-2] ##    # #     #    #     #  #     # #
[gzserver-2] # #   # #     #    #     #  #       #
[gzserver-2] #  #  # #     #    #     #  #       #####
[gzserver-2] #   # # #     #    #     #  #       #
[gzserver-2] #    ## #     #    #     #  #     # #
[gzserver-2] #     # #######    #    ###  #####  #######
[gzserver-2] 
[gzserver-2] This version of Gazebo, now called Gazebo classic, reaches end-of-life
[gzserver-2] in January 2025. Users are highly encouraged to migrate to the new Gazebo
[gzserver-2] using our migration guides (https://gazebosim.org/docs/latest/gazebo_classic_migration?utm_source=gazebo_ros_pkgs&utm_medium=cli)
[gzserver-2] 
[gzserver-2] [0m[1;33m
[rviz2-1] [INFO] [1773148812.207981618] [rviz2]: Stereo is NOT SUPPORTED
[rviz2-1] [INFO] [1773148812.208115494] [rviz2]: OpenGl version: 4.6 (GLSL 4.6)
[rviz2-1] [INFO] [1773148812.340036521] [rviz2]: Stereo is NOT SUPPORTED
[rviz2-1] [INFO] [1773148812.489928000] [rviz2]: Stereo is NOT SUPPORTED
[spawn_drone-5] [INFO] [1773148813.007100041] [spawn_drone]: Result False Entity pushed to spawn queue, but spawn service timed outwaiting for entity to appear in simulation under the name [/drone]
[gzserver-2] [1;32m[Msg] [0m[1;32mWaiting for master.[0m[1;32m
[gzserver-2] [0m[1;32m[0m[1;32m[0m[1;32m[Msg] [0m[1;32mConnected to gazebo master @ [0m[1;32mhttp://127.0.0.1:11345[0m[1;32m
[gzserver-2] [0m[1;32m[0m[1;32m[0m[1;32m[Msg] [0m[1;32mPublicized address: [0m[1;32m192.168.0.11[0m[1;32m
[gzserver-2] [0m[1;32m[0m[1;32m[0m[1;32m[Msg] [0m[1;32mLoading world file [[0m[1;32m/home/j/INCSL/IICC26_ws/install/sjtu_drone_description/share/sjtu_drone_description/worlds/landingPad.world[0m[1;32m][0m[1;32m
[gzserver-2] [0m[1;32m[0m[1;32m[0m[1;36m[Dbg] [wind_plugin.cpp:96] [0m[1;36mWindPlugin loaded: speed=[0m[1;36m0[0m[1;36m dir=[0m[1;36m0[0m[1;36m deg area=[0m[1;36m0.1[0m[1;36m coeff=[0m[1;36m1[0m[1;36m
[gzserver-2] [0m[1;33m[0m[1;33m[0m[1;31m[Err] [Sensor.cc:510] [0m[1;31mGet noise index not valid[0m[1;31m
[gzserver-2] [0m[1;31m[0m[1;31m[0m[1;31m[Err] [Sensor.cc:510] [0m[1;31mGet noise index not valid[0m[1;31m
[gzserver-2] [0m[1;31m[0m[1;31m[0m[1;31m[Err] [Sensor.cc:510] [0m[1;31mGet noise index not valid[0m[1;31m
[gzserver-2] [0m[1;31m[0m[1;31m[0m[1;31m[Err] [Sensor.cc:510] [0m[1;31mGet noise index not valid[0m[1;31m
[gzserver-2] [0m[1;31m[0m[1;31m[0m[1;31m[Err] [Sensor.cc:510] [0m[1;31mGet noise index not valid[0m[1;31m
[gzserver-2] [0m[1;31m[0m[1;31m[0m[1;31m[Err] [Sensor.cc:510] [0m[1;31mGet noise index not valid[0m[1;31m
[gzserver-2] [0m[1;31m[0m[1;31m[0mTopic [default//drone/base_footprint/down_camera/image] is not valid.
[gzserver-2] [INFO] [1773148813.037385631] [drone.collision_plugin]: Publishing contact states to [/drone/bumper_states]
[gzserver-2] Topic [default//drone/base_footprint/front_camera/image] is not valid.
[gzserver-2] [1;33m[Wrn] [Event.cc:61] [0m[1;33mWarning: Deleting a connection right after creation. [0m[1;33mMake sure to save the ConnectionPtr from a Connect call
[INFO] [spawn_drone-5]: process has finished cleanly [pid 1173346]
[gzserver-2] [0m[INFO] [1773148813.630841568] [drone.camera_bottom]: Publishing camera info to [/drone/bottom/camera_info]
[gzserver-2] [INFO] [1773148813.634156881] [drone.camera_front]: Publishing camera info to [/drone/front/camera_info]
[gzserver-2] [INFO] [1773148813.756472915] [drone.simple_drone]: The drone plugin is loading!
[gzserver-2] [INFO] [1773148813.756674432] [drone.simple_drone]: pub_odom: 1
[gzserver-2] [INFO] [1773148813.756712221] [drone.simple_drone]: Using following parameters: 
[gzserver-2] 		link_name: base_footprint,
[gzserver-2] 		max_force: 30,
[gzserver-2] 		motion_small_noise: 0,
[gzserver-2] 		motion_drift_noise: 0,
[gzserver-2] 		motion_drift_noise_time: 50,
[gzserver-2] 		takeoff_hover_height: 2.17,
[gzserver-2] 		takeoff_vertical_speed: 0.2
[gzserver-2] [INFO] [1773148813.768541722] [drone.simple_drone]: Using the PID parameters: 
[gzserver-2] 	Roll Pitch:
[gzserver-2] 		kP: 10, kI: 0,kD: 5, Limit: 0.5, Time Constant: 0
[gzserver-2] 	Yaw:
[gzserver-2] 		kP: 2, kI: 0,kD: 1, Limit: 1.5, Time Constant: 0
[gzserver-2] 	Velocity X:
[gzserver-2] 		kP: 5, kI: 0,kD: 2.3, Limit: 2, Time Constant: 0
[gzserver-2] 	Velocity Y:
[gzserver-2] 		kP: 5, kI: 0,kD: 2.3, Limit: 2, Time Constant: 0
[gzserver-2] 	Velocity Z:
[gzserver-2] 		kP: 5, kI: 0,kD: 1, Limit: -1, Time Constant: 0
[gzserver-2] 	Position XY:
[gzserver-2] 		kP: 1.1, kI: 0,kD: 0, Limit: 5, Time Constant: 0
[gzserver-2] 	Position Z:
[gzserver-2] 		kP: 1, kI: 0,kD: 0.2, Limit: -1, Time Constant: 0
[gzserver-2] [INFO] [1773148813.768670045] [drone.simple_drone]: The drone plugin finished loading!
[gzserver-2] [INFO] [1773148820.933808701] [gazebo_wind_plugin_node]: WindPlugin: set wind_speed=0.00 wind_direction=0.0
[gzserver-2] [INFO] [1773148821.200072747] [gazebo_wind_plugin_node]: WindPlugin: set wind_speed=0.00 wind_direction=0.0
[gzserver-2] [INFO] [1773148821.238836151] [drone.simple_drone]: Quadrotor takes off!!
[gzserver-2] [INFO] [1773148821.440031487] [gazebo_wind_plugin_node]: WindPlugin: set wind_speed=0.00 wind_direction=0.0
[gzserver-2] [INFO] [1773148821.679909119] [gazebo_wind_plugin_node]: WindPlugin: set wind_speed=0.00 wind_direction=0.0
[gzserver-2] [INFO] [1773148821.913583797] [gazebo_wind_plugin_node]: WindPlugin: set wind_speed=0.00 wind_direction=0.0
[gzserver-2] [INFO] [1773148822.147796917] [gazebo_wind_plugin_node]: WindPlugin: set wind_speed=0.00 wind_direction=0.0
[gzserver-2] [INFO] [1773148822.381848436] [gazebo_wind_plugin_node]: WindPlugin: set wind_speed=0.00 wind_direction=0.0
[gzserver-2] [INFO] [1773148822.615659877] [gazebo_wind_plugin_node]: WindPlugin: set wind_speed=0.00 wind_direction=0.0
[gzserver-2] [INFO] [1773148822.855641590] [gazebo_wind_plugin_node]: WindPlugin: set wind_speed=0.00 wind_direction=0.0
[gzserver-2] [0m[1;36m[Dbg] [wind_plugin.cpp:110] [0m[1;36mWindPlugin: received command -> speed=[0m[1;36m0[0m[1;36m dir=[0m[1;36m0[0m[1;36m
[gzserver-2] [0m[1;36m[Dbg] [wind_plugin.cpp:110] [0m[1;36mWindPlugin: received command -> speed=[0m[1;36m0[0m[1;36m dir=[0m[1;36m0[0m[1;36m
[gzserver-2] [0m[1;36m[Dbg] [wind_plugin.cpp:110] [0m[1;36mWindPlugin: received command -> speed=[0m[1;36m0[0m[1;36m dir=[0m[1;36m0[0m[1;36m
[gzserver-2] [0m[1;36m[Dbg] [wind_plugin.cpp:110] [0m[1;36mWindPlugin: received command -> speed=[0m[1;36m0[0m[1;36m dir=[0m[1;36m0[0m[1;36m
[gzserver-2] [0m[1;36m[Dbg] [wind_plugin.cpp:110] [0m[1;36mWindPlugin: received command -> speed=[0m[1;36m0[0m[1;36m dir=[0m[1;36m0[0m[1;36m
[gzserver-2] [0m[1;36m[Dbg] [wind_plugin.cpp:110] [0m[1;36mWindPlugin: received command -> speed=[0m[1;36m0[0m[1;36m dir=[0m[1;36m0[0m[1;36m
[gzserver-2] [0m[1;36m[Dbg] [wind_plugin.cpp:110] [0m[1;36mWindPlugin: received command -> speed=[0m[1;36m0[0m[1;36m dir=[0m[1;36m0[0m[1;36m
[gzserver-2] [0m[1;36m[Dbg] [wind_plugin.cpp:110] [0m[1;36mWindPlugin: received command -> speed=[0m[1;36m0[0m[1;36m dir=[0m[1;36m0[0m[1;36m
[gzserver-2] [0m[1;36m[Dbg] [wind_plugin.cpp:110] [0m[1;36mWindPlugin: received command -> speed=[0m[1;36m0[0m[1;36m dir=[0m[1;36m0[0m[1;36m
[gzserver-2] [0mEntering flying model!
[gzserver-2] [INFO] [1773148823.095327346] [gazebo_wind_plugin_node]: WindPlugin: set wind_speed=0.00 wind_direction=0.0
[gzserver-2] [INFO] [1773148823.329719274] [gazebo_wind_plugin_node]: WindPlugin: set wind_speed=3.43 wind_direction=-85.7
[gzserver-2] [INFO] [1773148823.569884516] [gazebo_wind_plugin_node]: WindPlugin: set wind_speed=3.46 wind_direction=-83.8
[gzserver-2] [INFO] [1773148823.804038577] [gazebo_wind_plugin_node]: WindPlugin: set wind_speed=3.46 wind_direction=-83.8
[gzserver-2] [INFO] [1773148824.044890023] [gazebo_wind_plugin_node]: WindPlugin: set wind_speed=3.46 wind_direction=-83.8
[gzserver-2] [INFO] [1773148824.284535264] [gazebo_wind_plugin_node]: WindPlugin: set wind_speed=3.46 wind_direction=-83.8
[gzserver-2] [INFO] [1773148824.523628190] [gazebo_wind_plugin_node]: WindPlugin: set wind_speed=3.39 wind_direction=-87.5
[gzserver-2] [INFO] [1773148824.757525212] [gazebo_wind_plugin_node]: WindPlugin: set wind_speed=3.39 wind_direction=-87.5
[gzserver-2] [INFO] [1773148824.997012704] [gazebo_wind_plugin_node]: WindPlugin: set wind_speed=3.39 wind_direction=-87.5
[gzserver-2] [INFO] [1773148825.238560690] [gazebo_wind_plugin_node]: WindPlugin: set wind_speed=3.39 wind_direction=-87.5
[gzserver-2] [INFO] [1773148825.472629443] [gazebo_wind_plugin_node]: WindPlugin: set wind_speed=3.47 wind_direction=-87.4
[gzserver-2] [INFO] [1773148825.712254703] [gazebo_wind_plugin_node]: WindPlugin: set wind_speed=3.47 wind_direction=-87.4
[gzserver-2] [INFO] [1773148825.946694631] [gazebo_wind_plugin_node]: WindPlugin: set wind_speed=3.47 wind_direction=-87.4
[gzserver-2] [INFO] [1773148826.185533647] [gazebo_wind_plugin_node]: WindPlugin: set wind_speed=3.47 wind_direction=-87.4
[gzserver-2] [INFO] [1773148826.223409598] [drone.simple_drone]: Quadrotor lands!!
[gzserver-2] [INFO] [1773148826.424876211] [gazebo_wind_plugin_node]: WindPlugin: set wind_speed=3.47 wind_direction=-87.4
[gzserver-2] [INFO] [1773148826.665724043] [gazebo_wind_plugin_node]: WindPlugin: set wind_speed=3.48 wind_direction=-86.7
[gzserver-2] [INFO] [1773148826.895277694] [gazebo_wind_plugin_node]: WindPlugin: set wind_speed=3.48 wind_direction=-86.7
[gzserver-2] [INFO] [1773148827.134376918] [gazebo_wind_plugin_node]: WindPlugin: set wind_speed=3.48 wind_direction=-86.7
[gzserver-2] [1;36m[Dbg] [wind_plugin.cpp:110] [0m[1;36mWindPlugin: received command -> speed=[0m[1;36m0[0m[1;36m dir=[0m[1;36m0[0m[1;36m
[gzserver-2] [0m[1;36m[Dbg] [wind_plugin.cpp:110] [0m[1;36mWindPlugin: received command -> speed=[0m[1;36m3.43043[0m[1;36m dir=[0m[1;36m-85.6933[0m[1;36m
[gzserver-2] [0m[1;36m[Dbg] [wind_plugin.cpp:110] [0m[1;36mWindPlugin: received command -> speed=[0m[1;36m3.45613[0m[1;36m dir=[0m[1;36m-83.8321[0m[1;36m
[gzserver-2] [0m[1;36m[Dbg] [wind_plugin.cpp:110] [0m[1;36mWindPlugin: received command -> speed=[0m[1;36m3.45613[0m[1;36m dir=[0m[1;36m-83.8321[0m[1;36m
[gzserver-2] [0m[1;36m[Dbg] [wind_plugin.cpp:110] [0m[1;36mWindPlugin: received command -> speed=[0m[1;36m3.45613[0m[1;36m dir=[0m[1;36m-83.8321[0m[1;36m
[gzserver-2] [0m[1;36m[Dbg] [wind_plugin.cpp:110] [0m[1;36mWindPlugin: received command -> speed=[0m[1;36m3.45613[0m[1;36m dir=[0m[1;36m-83.8321[0m[1;36m
[gzserver-2] [0m[1;36m[Dbg] [wind_plugin.cpp:110] [0m[1;36mWindPlugin: received command -> speed=[0m[1;36m3.39362[0m[1;36m dir=[0m[1;36m-87.4736[0m[1;36m
[gzserver-2] [0m[1;36m[Dbg] [wind_plugin.cpp:110] [0m[1;36mWindPlugin: received command -> speed=[0m[1;36m3.39362[0m[1;36m dir=[0m[1;36m-87.4736[0m[1;36m
[gzserver-2] [0m[1;36m[Dbg] [wind_plugin.cpp:110] [0m[1;36mWindPlugin: received command -> speed=[0m[1;36m3.39362[0m[1;36m dir=[0m[1;36m-87.4736[0m[1;36m
[gzserver-2] [0m[1;36m[Dbg] [wind_plugin.cpp:110] [0m[1;36mWindPlugin: received command -> speed=[0m[1;36m3.39362[0m[1;36m dir=[0m[1;36m-87.4736[0m[1;36m
[gzserver-2] [0m[1;36m[Dbg] [wind_plugin.cpp:110] [0m[1;36mWindPlugin: received command -> speed=[0m[1;36m3.47222[0m[1;36m dir=[0m[1;36m-87.4493[0m[1;36m
[gzserver-2] [0m[1;36m[Dbg] [wind_plugin.cpp:110] [0m[1;36mWindPlugin: received command -> speed=[0m[1;36m3.47222[0m[1;36m dir=[0m[1;36m-87.4493[0m[1;36m
[gzserver-2] [0m[1;36m[Dbg] [wind_plugin.cpp:110] [0m[1;36mWindPlugin: received command -> speed=[0m[1;36m3.47222[0m[1;36m dir=[0m[1;36m-87.4493[0m[1;36m
[gzserver-2] [0m[1;36m[Dbg] [wind_plugin.cpp:110] [0m[1;36mWindPlugin: received command -> speed=[0m[1;36m3.47222[0m[1;36m dir=[0m[1;36m-87.4493[0m[1;36m
[gzserver-2] [0m[1;36m[Dbg] [wind_plugin.cpp:110] [0m[1;36mWindPlugin: received command -> speed=[0m[1;36m3.47222[0m[1;36m dir=[0m[1;36m-87.4493[0m[1;36m
[gzserver-2] [0m[1;36m[Dbg] [wind_plugin.cpp:110] [0m[1;36mWindPlugin: received command -> speed=[0m[1;36m3.48319[0m[1;36m dir=[0m[1;36m-86.6895[0m[1;36m
[gzserver-2] [0m[1;36m[Dbg] [wind_plugin.cpp:110] [0m[1;36mWindPlugin: received command -> speed=[0m[1;36m3.48319[0m[1;36m dir=[0m[1;36m-86.6895[0m[1;36m
[gzserver-2] [0m[1;36m[Dbg] [wind_plugin.cpp:110] [0m[1;36mWindPlugin: received command -> speed=[0m[1;36m3.48319[0m[1;36m dir=[0m[1;36m-86.6895[0m[1;36m
[gzserver-2] [0mLanded!
[gzserver-2] [INFO] [1773148827.363077750] [gazebo_wind_plugin_node]: WindPlugin: set wind_speed=3.48 wind_direction=-86.7
[gzserver-2] [INFO] [1773148827.602391038] [gazebo_wind_plugin_node]: WindPlugin: set wind_speed=3.48 wind_direction=-86.2
[gzserver-2] [INFO] [1773148827.845050297] [gazebo_wind_plugin_node]: WindPlugin: set wind_speed=3.48 wind_direction=-86.2
[gzserver-2] [INFO] [1773148828.084610270] [gazebo_wind_plugin_node]: WindPlugin: set wind_speed=3.48 wind_direction=-86.2
[gzserver-2] [INFO] [1773148828.319338966] [gazebo_wind_plugin_node]: WindPlugin: set wind_speed=3.48 wind_direction=-86.2
[gzserver-2] [INFO] [1773148828.560493600] [gazebo_wind_plugin_node]: WindPlugin: set wind_speed=3.45 wind_direction=-86.9
[gzserver-2] [INFO] [1773148828.789473422] [gazebo_wind_plugin_node]: WindPlugin: set wind_speed=3.45 wind_direction=-86.9
[gzserver-2] [INFO] [1773148829.028438366] [gazebo_wind_plugin_node]: WindPlugin: set wind_speed=3.45 wind_direction=-86.9
