[INFO] [launch]: All log files can be found below /home/j/.ros/log/2026-03-10-16-44-54-064583-j-3151018
[INFO] [launch]: Default logging verbosity is set to INFO
[INFO] [launch.user]: [bringup] Apriltag config: camera=/drone/bottom, image=/drone/bottom/image_raw, tags=/drone/bottom/tags, bridge=/landing_tag_state, standalone=true, use_target_id=true, target_id=0
[INFO] [rviz2-1]: process started with pid [3151033]
[INFO] [gzserver-2]: process started with pid [3151035]
[INFO] [robot_state_publisher-3]: process started with pid [3151037]
[INFO] [joint_state_publisher-4]: process started with pid [3151039]
[INFO] [spawn_drone-5]: process started with pid [3151041]
[INFO] [static_transform_publisher-6]: process started with pid [3151043]
[INFO] [joy_node-7]: process started with pid [3151045]
[INFO] [teleop_joystick-8]: process started with pid [3151047]
[INFO] [apriltag_detector_node-9]: process started with pid [3151049]
[INFO] [apriltag_state_bridge-10]: process started with pid [3151052]
[static_transform_publisher-6] [WARN] [1773128694.541669318] []: Old-style arguments are deprecated; see --help for new-style arguments
[static_transform_publisher-6] [INFO] [1773128694.547313676] [static_transform_publisher_JZbr0hAQkL4zyn1E]: Spinning until stopped - publishing transform
[static_transform_publisher-6] translation: ('0.000000', '0.000000', '0.000000')
[static_transform_publisher-6] rotation: ('0.000000', '0.000000', '0.000000', '1.000000')
[static_transform_publisher-6] from 'world' to '/drone/odom'
[robot_state_publisher-3] [INFO] [1773128694.570972462] [drone.robot_state_publisher]: got segment base_footprint
[robot_state_publisher-3] [INFO] [1773128694.571068354] [drone.robot_state_publisher]: got segment base_link
[robot_state_publisher-3] [INFO] [1773128694.571080537] [drone.robot_state_publisher]: got segment bottom_cam_link
[robot_state_publisher-3] [INFO] [1773128694.571088948] [drone.robot_state_publisher]: got segment front_cam_link
[robot_state_publisher-3] [INFO] [1773128694.571096331] [drone.robot_state_publisher]: got segment sonar_link
[rviz2-1] 
[rviz2-1] (rviz2:3151033): dbind-WARNING **: 16:44:54.573: Couldn't connect to accessibility bus: Failed to connect to socket /root/.cache/at-spi/bus_0: 허가 거부
[apriltag_detector_node-9] [INFO] [1773128694.576072632] [apriltag_detector_node]: tag detector type: umich
[teleop_joystick-8] Traceback (most recent call last):
[teleop_joystick-8]   File "/home/j/INCSL/IICC26_ws/install/sjtu_drone_control/lib/sjtu_drone_control/teleop_joystick", line 33, in <module>
[teleop_joystick-8]     sys.exit(load_entry_point('sjtu_drone_control==0.0.0', 'console_scripts', 'teleop_joystick')())
[teleop_joystick-8]   File "/home/j/INCSL/IICC26_ws/install/sjtu_drone_control/lib/sjtu_drone_control/teleop_joystick", line 22, in importlib_load_entry_point
[teleop_joystick-8]     for entry_point in distribution(dist_name).entry_points
[teleop_joystick-8]   File "/usr/lib/python3.10/importlib/metadata/__init__.py", line 969, in distribution
[teleop_joystick-8]     return Distribution.from_name(distribution_name)
[teleop_joystick-8]   File "/usr/lib/python3.10/importlib/metadata/__init__.py", line 548, in from_name
[teleop_joystick-8]     raise PackageNotFoundError(name)
[teleop_joystick-8] importlib.metadata.PackageNotFoundError: No package metadata was found for sjtu_drone_control
[ERROR] [teleop_joystick-8]: process has died [pid 3151047, exit code 1, cmd '/home/j/INCSL/IICC26_ws/install/sjtu_drone_control/lib/sjtu_drone_control/teleop_joystick --ros-args -r __ns:=/drone'].
[gzserver-2] Gazebo multi-robot simulator, version 11.10.2
[gzserver-2] Copyright (C) 2012 Open Source Robotics Foundation.
[gzserver-2] Released under the Apache 2 License.
[gzserver-2] http://gazebosim.org
[gzserver-2] 
[apriltag_state_bridge-10] [INFO] [1773128694.811369886] [apriltag_state_bridge]: AprilTag bridge started: /drone/bottom/tags -> /landing_tag_state, use_target_id=True, target_id=0
[joint_state_publisher-4] [INFO] [1773128694.830884374] [drone.joint_state_publisher]: Waiting for robot_description to be published on the robot_description topic...
[gzserver-2] [1;33m[Wrn] [gazebo_ros_init.cpp:178] [0m[1;33m
[gzserver-2] #     # ####### ####### ###  #####  #######
[gzserver-2] ##    # #     #    #     #  #     # #
[gzserver-2] # #   # #     #    #     #  #       #
[gzserver-2] #  #  # #     #    #     #  #       #####
[gzserver-2] #   # # #     #    #     #  #       #
[gzserver-2] #    ## #     #    #     #  #     # #
[gzserver-2] #     # #######    #    ###  #####  #######
[gzserver-2] 
[gzserver-2] This version of Gazebo, now called Gazebo classic, reaches end-of-life
[gzserver-2] in January 2025. Users are highly encouraged to migrate to the new Gazebo
[gzserver-2] using our migration guides (https://gazebosim.org/docs/latest/gazebo_classic_migration?utm_source=gazebo_ros_pkgs&utm_medium=cli)
[gzserver-2] 
[gzserver-2] [0m[1;33m
[rviz2-1] [INFO] [1773128695.122172890] [rviz2]: Stereo is NOT SUPPORTED
[rviz2-1] [INFO] [1773128695.122264518] [rviz2]: OpenGl version: 4.6 (GLSL 4.6)
[rviz2-1] [INFO] [1773128695.232935367] [rviz2]: Stereo is NOT SUPPORTED
[rviz2-1] [INFO] [1773128695.390240031] [rviz2]: Stereo is NOT SUPPORTED
[spawn_drone-5] [INFO] [1773128695.901098895] [spawn_drone]: Result False Entity pushed to spawn queue, but spawn service timed outwaiting for entity to appear in simulation under the name [/drone]
[gzserver-2] [1;32m[Msg] [0m[1;32mWaiting for master.[0m[1;32m
[gzserver-2] [0m[1;32m[0m[1;32m[0m[1;32m[Msg] [0m[1;32mConnected to gazebo master @ [0m[1;32mhttp://127.0.0.1:11345[0m[1;32m
[gzserver-2] [0m[1;32m[0m[1;32m[0m[1;32m[Msg] [0m[1;32mPublicized address: [0m[1;32m172.16.52.147[0m[1;32m
[gzserver-2] [0m[1;32m[0m[1;32m[0m[1;32m[Msg] [0m[1;32mLoading world file [[0m[1;32m/home/j/INCSL/IICC26_ws/install/sjtu_drone_description/share/sjtu_drone_description/worlds/landingPad.world[0m[1;32m][0m[1;32m
[gzserver-2] [0m[1;32m[0m[1;32m[0m[1;36m[Dbg] [wind_plugin.cpp:96] [0m[1;36mWindPlugin loaded: speed=[0m[1;36m0[0m[1;36m dir=[0m[1;36m0[0m[1;36m deg area=[0m[1;36m0.1[0m[1;36m coeff=[0m[1;36m1[0m[1;36m
[gzserver-2] [0m[1;33m[0m[1;33m[0m[1;31m[Err] [Sensor.cc:510] [0m[1;31mGet noise index not valid[0m[1;31m
[gzserver-2] [0m[1;31m[0m[1;31m[0m[1;31m[Err] [Sensor.cc:510] [0m[1;31mGet noise index not valid[0m[1;31m
[gzserver-2] [0m[1;31m[0m[1;31m[0m[1;31m[Err] [Sensor.cc:510] [0m[1;31mGet noise index not valid[0m[1;31m
[gzserver-2] [0m[1;31m[0m[1;31m[0m[1;31m[Err] [Sensor.cc:510] [0m[1;31mGet noise index not valid[0m[1;31m
[gzserver-2] [0m[1;31m[0m[1;31m[0m[1;31m[Err] [Sensor.cc:510] [0m[1;31mGet noise index not valid[0m[1;31m
[gzserver-2] [0m[1;31m[0m[1;31m[0m[1;31m[Err] [Sensor.cc:510] [0m[1;31mGet noise index not valid[0m[1;31m
[gzserver-2] [0m[1;31m[0m[1;31m[0mTopic [default//drone/base_footprint/down_camera/image] is not valid.
[gzserver-2] [INFO] [1773128695.934189816] [drone.collision_plugin]: Publishing contact states to [/drone/bumper_states]
[gzserver-2] Topic [default//drone/base_footprint/front_camera/image] is not valid.
[gzserver-2] [1;33m[Wrn] [Event.cc:61] [0m[1;33mWarning: Deleting a connection right after creation. [0m[1;33mMake sure to save the ConnectionPtr from a Connect call
[INFO] [spawn_drone-5]: process has finished cleanly [pid 3151041]
[gzserver-2] [0m[INFO] [1773128696.530085257] [drone.camera_bottom]: Publishing camera info to [/drone/bottom/camera_info]
[gzserver-2] [INFO] [1773128696.532861237] [drone.camera_front]: Publishing camera info to [/drone/front/camera_info]
[gzserver-2] [INFO] [1773128696.658344458] [drone.simple_drone]: The drone plugin is loading!
[gzserver-2] [INFO] [1773128696.658569586] [drone.simple_drone]: pub_odom: 1
[gzserver-2] [INFO] [1773128696.658604625] [drone.simple_drone]: Using following parameters: 
[gzserver-2] 		link_name: base_footprint,
[gzserver-2] 		max_force: 30,
[gzserver-2] 		motion_small_noise: 0,
[gzserver-2] 		motion_drift_noise: 0,
[gzserver-2] 		motion_drift_noise_time: 50,
[gzserver-2] 		takeoff_hover_height: 1.84,
[gzserver-2] 		takeoff_vertical_speed: 0.2
[gzserver-2] [INFO] [1773128696.670688189] [drone.simple_drone]: Using the PID parameters: 
[gzserver-2] 	Roll Pitch:
[gzserver-2] 		kP: 10, kI: 0,kD: 5, Limit: 0.5, Time Constant: 0
[gzserver-2] 	Yaw:
[gzserver-2] 		kP: 2, kI: 0,kD: 1, Limit: 1.5, Time Constant: 0
[gzserver-2] 	Velocity X:
[gzserver-2] 		kP: 5, kI: 0,kD: 2.3, Limit: 2, Time Constant: 0
[gzserver-2] 	Velocity Y:
[gzserver-2] 		kP: 5, kI: 0,kD: 2.3, Limit: 2, Time Constant: 0
[gzserver-2] 	Velocity Z:
[gzserver-2] 		kP: 5, kI: 0,kD: 1, Limit: -1, Time Constant: 0
[gzserver-2] 	Position XY:
[gzserver-2] 		kP: 1.1, kI: 0,kD: 0, Limit: 5, Time Constant: 0
[gzserver-2] 	Position Z:
[gzserver-2] 		kP: 1, kI: 0,kD: 0.2, Limit: -1, Time Constant: 0
[gzserver-2] [INFO] [1773128696.670824826] [drone.simple_drone]: The drone plugin finished loading!
[gzserver-2] [INFO] [1773128703.889888668] [gazebo_wind_plugin_node]: WindPlugin: set wind_speed=0.00 wind_direction=0.0
[gzserver-2] [INFO] [1773128704.168085459] [gazebo_wind_plugin_node]: WindPlugin: set wind_speed=0.00 wind_direction=0.0
[gzserver-2] [INFO] [1773128704.197224970] [drone.simple_drone]: Quadrotor takes off!!
[gzserver-2] [INFO] [1773128704.402352951] [gazebo_wind_plugin_node]: WindPlugin: set wind_speed=0.00 wind_direction=0.0
[gzserver-2] [INFO] [1773128704.656055387] [gazebo_wind_plugin_node]: WindPlugin: set wind_speed=0.00 wind_direction=0.0
[gzserver-2] [INFO] [1773128704.900581182] [gazebo_wind_plugin_node]: WindPlugin: set wind_speed=0.00 wind_direction=0.0
[gzserver-2] [INFO] [1773128705.134657417] [gazebo_wind_plugin_node]: WindPlugin: set wind_speed=0.00 wind_direction=0.0
[gzserver-2] [INFO] [1773128705.364741696] [gazebo_wind_plugin_node]: WindPlugin: set wind_speed=0.00 wind_direction=0.0
[gzserver-2] [INFO] [1773128705.599485023] [gazebo_wind_plugin_node]: WindPlugin: set wind_speed=0.00 wind_direction=0.0
[gzserver-2] [0m[1;36m[Dbg] [wind_plugin.cpp:110] [0m[1;36mWindPlugin: received command -> speed=[0m[1;36m0[0m[1;36m dir=[0m[1;36m0[0m[1;36m
[gzserver-2] [0m[1;36m[Dbg] [wind_plugin.cpp:110] [0m[1;36mWindPlugin: received command -> speed=[0m[1;36m0[0m[1;36m dir=[0m[1;36m0[0m[1;36m
[gzserver-2] [0m[1;36m[Dbg] [wind_plugin.cpp:110] [0m[1;36mWindPlugin: received command -> speed=[0m[1;36m0[0m[1;36m dir=[0m[1;36m0[0m[1;36m
[gzserver-2] [0m[1;36m[Dbg] [wind_plugin.cpp:110] [0m[1;36mWindPlugin: received command -> speed=[0m[1;36m0[0m[1;36m dir=[0m[1;36m0[0m[1;36m
[gzserver-2] [0m[1;36m[Dbg] [wind_plugin.cpp:110] [0m[1;36mWindPlugin: received command -> speed=[0m[1;36m0[0m[1;36m dir=[0m[1;36m0[0m[1;36m
[gzserver-2] [0m[1;36m[Dbg] [wind_plugin.cpp:110] [0m[1;36mWindPlugin: received command -> speed=[0m[1;36m0[0m[1;36m dir=[0m[1;36m0[0m[1;36m
[gzserver-2] [0m[1;36m[Dbg] [wind_plugin.cpp:110] [0m[1;36mWindPlugin: received command -> speed=[0m[1;36m0[0m[1;36m dir=[0m[1;36m0[0m[1;36m
[gzserver-2] [0m[1;36m[Dbg] [wind_plugin.cpp:110] [0m[1;36mWindPlugin: received command -> speed=[0m[1;36m0[0m[1;36m dir=[0m[1;36m0[0m[1;36m
[gzserver-2] [0mEntering flying model!
[gzserver-2] [INFO] [1773128705.831540705] [gazebo_wind_plugin_node]: WindPlugin: set wind_speed=0.00 wind_direction=0.0
[gzserver-2] [INFO] [1773128706.070796323] [gazebo_wind_plugin_node]: WindPlugin: set wind_speed=1.83 wind_direction=-98.8
[gzserver-2] [INFO] [1773128706.311000666] [gazebo_wind_plugin_node]: WindPlugin: set wind_speed=1.83 wind_direction=-98.8
[gzserver-2] [INFO] [1773128706.545241532] [gazebo_wind_plugin_node]: WindPlugin: set wind_speed=1.95 wind_direction=-98.2
[gzserver-2] [INFO] [1773128706.779993339] [gazebo_wind_plugin_node]: WindPlugin: set wind_speed=1.95 wind_direction=-98.2
[gzserver-2] [INFO] [1773128707.015032936] [gazebo_wind_plugin_node]: WindPlugin: set wind_speed=1.95 wind_direction=-98.2
[gzserver-2] [INFO] [1773128707.254402537] [gazebo_wind_plugin_node]: WindPlugin: set wind_speed=1.95 wind_direction=-98.2
[gzserver-2] [INFO] [1773128707.488853496] [gazebo_wind_plugin_node]: WindPlugin: set wind_speed=1.95 wind_direction=-95.3
[gzserver-2] [INFO] [1773128707.723130923] [gazebo_wind_plugin_node]: WindPlugin: set wind_speed=1.95 wind_direction=-95.3
[gzserver-2] [INFO] [1773128707.964873842] [gazebo_wind_plugin_node]: WindPlugin: set wind_speed=1.95 wind_direction=-95.3
[gzserver-2] [INFO] [1773128708.204108423] [gazebo_wind_plugin_node]: WindPlugin: set wind_speed=1.95 wind_direction=-95.3
[gzserver-2] [INFO] [1773128708.446413935] [gazebo_wind_plugin_node]: WindPlugin: set wind_speed=1.85 wind_direction=-97.8
[gzserver-2] [INFO] [1773128708.685445567] [gazebo_wind_plugin_node]: WindPlugin: set wind_speed=1.85 wind_direction=-97.8
[gzserver-2] [INFO] [1773128708.920350198] [gazebo_wind_plugin_node]: WindPlugin: set wind_speed=1.85 wind_direction=-97.8
[gzserver-2] [INFO] [1773128709.160674023] [gazebo_wind_plugin_node]: WindPlugin: set wind_speed=1.85 wind_direction=-97.8
[gzserver-2] [INFO] [1773128709.397984991] [gazebo_wind_plugin_node]: WindPlugin: set wind_speed=1.87 wind_direction=-96.3
[gzserver-2] [INFO] [1773128709.639576695] [gazebo_wind_plugin_node]: WindPlugin: set wind_speed=1.87 wind_direction=-96.3
[gzserver-2] [INFO] [1773128709.881053409] [gazebo_wind_plugin_node]: WindPlugin: set wind_speed=1.87 wind_direction=-96.3
[gzserver-2] [INFO] [1773128710.120723537] [gazebo_wind_plugin_node]: WindPlugin: set wind_speed=1.87 wind_direction=-96.3
[gzserver-2] [INFO] [1773128710.361164782] [gazebo_wind_plugin_node]: WindPlugin: set wind_speed=1.87 wind_direction=-96.3
[gzserver-2] [INFO] [1773128710.606050864] [gazebo_wind_plugin_node]: WindPlugin: set wind_speed=1.85 wind_direction=-94.5
[gzserver-2] [INFO] [1773128710.854343636] [gazebo_wind_plugin_node]: WindPlugin: set wind_speed=1.85 wind_direction=-94.5
[gzserver-2] [INFO] [1773128711.089285170] [gazebo_wind_plugin_node]: WindPlugin: set wind_speed=1.85 wind_direction=-94.5
[gzserver-2] [INFO] [1773128711.326240891] [gazebo_wind_plugin_node]: WindPlugin: set wind_speed=1.85 wind_direction=-94.5
[gzserver-2] [INFO] [1773128711.562769360] [gazebo_wind_plugin_node]: WindPlugin: set wind_speed=1.84 wind_direction=-96.7
[gzserver-2] [INFO] [1773128711.805362628] [gazebo_wind_plugin_node]: WindPlugin: set wind_speed=1.84 wind_direction=-96.7
[gzserver-2] [INFO] [1773128712.045453334] [gazebo_wind_plugin_node]: WindPlugin: set wind_speed=1.84 wind_direction=-96.7
[gzserver-2] [1;36m[Dbg] [wind_plugin.cpp:110] [0m[1;36mWindPlugin: received command -> speed=[0m[1;36m0[0m[1;36m dir=[0m[1;36m0[0m[1;36m
[gzserver-2] [0m[1;36m[Dbg] [wind_plugin.cpp:110] [0m[1;36mWindPlugin: received command -> speed=[0m[1;36m1.8312[0m[1;36m dir=[0m[1;36m-98.83[0m[1;36m
[gzserver-2] [0m[1;36m[Dbg] [wind_plugin.cpp:110] [0m[1;36mWindPlugin: received command -> speed=[0m[1;36m1.8312[0m[1;36m dir=[0m[1;36m-98.83[0m[1;36m
[gzserver-2] [0m[1;36m[Dbg] [wind_plugin.cpp:110] [0m[1;36mWindPlugin: received command -> speed=[0m[1;36m1.95429[0m[1;36m dir=[0m[1;36m-98.2415[0m[1;36m
[gzserver-2] [0m[1;36m[Dbg] [wind_plugin.cpp:110] [0m[1;36mWindPlugin: received command -> speed=[0m[1;36m1.95429[0m[1;36m dir=[0m[1;36m-98.2415[0m[1;36m
[gzserver-2] [0m[1;36m[Dbg] [wind_plugin.cpp:110] [0m[1;36mWindPlugin: received command -> speed=[0m[1;36m1.95429[0m[1;36m dir=[0m[1;36m-98.2415[0m[1;36m
[gzserver-2] [0m[1;36m[Dbg] [wind_plugin.cpp:110] [0m[1;36mWindPlugin: received command -> speed=[0m[1;36m1.95429[0m[1;36m dir=[0m[1;36m-98.2415[0m[1;36m
[gzserver-2] [0m[1;36m[Dbg] [wind_plugin.cpp:110] [0m[1;36mWindPlugin: received command -> speed=[0m[1;36m1.95101[0m[1;36m dir=[0m[1;36m-95.3413[0m[1;36m
[gzserver-2] [0m[1;36m[Dbg] [wind_plugin.cpp:110] [0m[1;36mWindPlugin: received command -> speed=[0m[1;36m1.95101[0m[1;36m dir=[0m[1;36m-95.3413[0m[1;36m
[gzserver-2] [0m[1;36m[Dbg] [wind_plugin.cpp:110] [0m[1;36mWindPlugin: received command -> speed=[0m[1;36m1.95101[0m[1;36m dir=[0m[1;36m-95.3413[0m[1;36m
[gzserver-2] [0m[1;36m[Dbg] [wind_plugin.cpp:110] [0m[1;36mWindPlugin: received command -> speed=[0m[1;36m1.95101[0m[1;36m dir=[0m[1;36m-95.3413[0m[1;36m
[gzserver-2] [0m[1;36m[Dbg] [wind_plugin.cpp:110] [0m[1;36mWindPlugin: received command -> speed=[0m[1;36m1.85015[0m[1;36m dir=[0m[1;36m-97.7838[0m[1;36m
[gzserver-2] [0m[1;36m[Dbg] [wind_plugin.cpp:110] [0m[1;36mWindPlugin: received command -> speed=[0m[1;36m1.85015[0m[1;36m dir=[0m[1;36m-97.7838[0m[1;36m
[gzserver-2] [0m[1;36m[Dbg] [wind_plugin.cpp:110] [0m[1;36mWindPlugin: received command -> speed=[0m[1;36m1.85015[0m[1;36m dir=[0m[1;36m-97.7838[0m[1;36m
[gzserver-2] [0m[1;36m[Dbg] [wind_plugin.cpp:110] [0m[1;36mWindPlugin: received command -> speed=[0m[1;36m1.85015[0m[1;36m dir=[0m[1;36m-97.7838[0m[1;36m
[gzserver-2] [0m[1;36m[Dbg] [wind_plugin.cpp:110] [0m[1;36mWindPlugin: received command -> speed=[0m[1;36m1.87113[0m[1;36m dir=[0m[1;36m-96.3286[0m[1;36m
[gzserver-2] [0m[1;36m[Dbg] [wind_plugin.cpp:110] [0m[1;36mWindPlugin: received command -> speed=[0m[1;36m1.87113[0m[1;36m dir=[0m[1;36m-96.3286[0m[1;36m
[gzserver-2] [0m[1;36m[Dbg] [wind_plugin.cpp:110] [0m[1;36mWindPlugin: received command -> speed=[0m[1;36m1.87113[0m[1;36m dir=[0m[1;36m-96.3286[0m[1;36m
[gzserver-2] [0m[1;36m[Dbg] [wind_plugin.cpp:110] [0m[1;36mWindPlugin: received command -> speed=[0m[1;36m1.87113[0m[1;36m dir=[0m[1;36m-96.3286[0m[1;36m
[gzserver-2] [0m[1;36m[Dbg] [wind_plugin.cpp:110] [0m[1;36mWindPlugin: received command -> speed=[0m[1;36m1.87113[0m[1;36m dir=[0m[1;36m-96.3286[0m[1;36m
[gzserver-2] [0m[1;36m[Dbg] [wind_plugin.cpp:110] [0m[1;36mWindPlugin: received command -> speed=[0m[1;36m1.84632[0m[1;36m dir=[0m[1;36m-94.4572[0m[1;36m
[gzserver-2] [0m[1;36m[Dbg] [wind_plugin.cpp:110] [0m[1;36mWindPlugin: received command -> speed=[0m[1;36m1.84632[0m[1;36m dir=[0m[1;36m-94.4572[0m[1;36m
[gzserver-2] [0m[1;36m[Dbg] [wind_plugin.cpp:110] [0m[1;36mWindPlugin: received command -> speed=[0m[1;36m1.84632[0m[1;36m dir=[0m[1;36m-94.4572[0m[1;36m
[gzserver-2] [0m[1;36m[Dbg] [wind_plugin.cpp:110] [0m[1;36mWindPlugin: received command -> speed=[0m[1;36m1.84632[0m[1;36m dir=[0m[1;36m-94.4572[0m[1;36m
[gzserver-2] [0m[1;36m[Dbg] [wind_plugin.cpp:110] [0m[1;36mWindPlugin: received command -> speed=[0m[1;36m1.83823[0m[1;36m dir=[0m[1;36m-96.6749[0m[1;36m
[gzserver-2] [0m[1;36m[Dbg] [wind_plugin.cpp:110] [0m[1;36mWindPlugin: received command -> speed=[0m[1;36m1.83823[0m[1;36m dir=[0m[1;36m-96.6749[0m[1;36m
[gzserver-2] [INFO] [1773128712.285442633] [gazebo_wind_plugin_node]: WindPlugin: set wind_speed=1.84 wind_direction=-96.7
[gzserver-2] [INFO] [1773128712.514741592] [gazebo_wind_plugin_node]: WindPlugin: set wind_speed=1.83 wind_direction=-94.3
[gzserver-2] [INFO] [1773128712.750752946] [gazebo_wind_plugin_node]: WindPlugin: set wind_speed=1.83 wind_direction=-94.3
[gzserver-2] [INFO] [1773128712.990399939] [gazebo_wind_plugin_node]: WindPlugin: set wind_speed=1.83 wind_direction=-94.3
[gzserver-2] [INFO] [1773128713.229673424] [gazebo_wind_plugin_node]: WindPlugin: set wind_speed=1.83 wind_direction=-94.3
[gzserver-2] [INFO] [1773128713.469168118] [gazebo_wind_plugin_node]: WindPlugin: set wind_speed=1.60 wind_direction=-97.5
[gzserver-2] [INFO] [1773128713.708590965] [gazebo_wind_plugin_node]: WindPlugin: set wind_speed=1.60 wind_direction=-97.5
[gzserver-2] [INFO] [1773128713.742252918] [drone.simple_drone]: Quadrotor lands!!
[gzserver-2] [INFO] [1773128713.943647572] [gazebo_wind_plugin_node]: WindPlugin: set wind_speed=1.60 wind_direction=-97.5
[gzserver-2] [INFO] [1773128714.182833008] [gazebo_wind_plugin_node]: WindPlugin: set wind_speed=1.60 wind_direction=-97.5
[gzserver-2] [INFO] [1773128714.422587061] [gazebo_wind_plugin_node]: WindPlugin: set wind_speed=1.73 wind_direction=-95.2
[gzserver-2] [INFO] [1773128714.656600313] [gazebo_wind_plugin_node]: WindPlugin: set wind_speed=1.73 wind_direction=-95.2
[gzserver-2] [0m[1;36m[Dbg] [wind_plugin.cpp:110] [0m[1;36mWindPlugin: received command -> speed=[0m[1;36m1.83823[0m[1;36m dir=[0m[1;36m-96.6749[0m[1;36m
[gzserver-2] [0m[1;36m[Dbg] [wind_plugin.cpp:110] [0m[1;36mWindPlugin: received command -> speed=[0m[1;36m1.83823[0m[1;36m dir=[0m[1;36m-96.6749[0m[1;36m
[gzserver-2] [0m[1;36m[Dbg] [wind_plugin.cpp:110] [0m[1;36mWindPlugin: received command -> speed=[0m[1;36m1.83325[0m[1;36m dir=[0m[1;36m-94.3167[0m[1;36m
[gzserver-2] [0m[1;36m[Dbg] [wind_plugin.cpp:110] [0m[1;36mWindPlugin: received command -> speed=[0m[1;36m1.83325[0m[1;36m dir=[0m[1;36m-94.3167[0m[1;36m
[gzserver-2] [0m[1;36m[Dbg] [wind_plugin.cpp:110] [0m[1;36mWindPlugin: received command -> speed=[0m[1;36m1.83325[0m[1;36m dir=[0m[1;36m-94.3167[0m[1;36m
[gzserver-2] [0m[1;36m[Dbg] [wind_plugin.cpp:110] [0m[1;36mWindPlugin: received command -> speed=[0m[1;36m1.83325[0m[1;36m dir=[0m[1;36m-94.3167[0m[1;36m
[gzserver-2] [0m[1;36m[Dbg] [wind_plugin.cpp:110] [0m[1;36mWindPlugin: received command -> speed=[0m[1;36m1.59833[0m[1;36m dir=[0m[1;36m-97.5469[0m[1;36m
[gzserver-2] [0m[1;36m[Dbg] [wind_plugin.cpp:110] [0m[1;36mWindPlugin: received command -> speed=[0m[1;36m1.59833[0m[1;36m dir=[0m[1;36m-97.5469[0m[1;36m
[gzserver-2] [0m[1;36m[Dbg] [wind_plugin.cpp:110] [0m[1;36mWindPlugin: received command -> speed=[0m[1;36m1.59833[0m[1;36m dir=[0m[1;36m-97.5469[0m[1;36m
[gzserver-2] [0m[1;36m[Dbg] [wind_plugin.cpp:110] [0m[1;36mWindPlugin: received command -> speed=[0m[1;36m1.59833[0m[1;36m dir=[0m[1;36m-97.5469[0m[1;36m
[gzserver-2] [0m[1;36m[Dbg] [wind_plugin.cpp:110] [0m[1;36mWindPlugin: received command -> speed=[0m[1;36m1.72724[0m[1;36m dir=[0m[1;36m-95.1945[0m[1;36m
[gzserver-2] [0m[1;36m[Dbg] [wind_plugin.cpp:110] [0m[1;36mWindPlugin: received command -> speed=[0m[1;36m1.72724[0m[1;36m dir=[0m[1;36m-95.1945[0m[1;36m
[gzserver-2] [0mLanded!
[gzserver-2] [INFO] [1773128714.898890862] [gazebo_wind_plugin_node]: WindPlugin: set wind_speed=1.73 wind_direction=-95.2
[gzserver-2] [INFO] [1773128715.138296927] [gazebo_wind_plugin_node]: WindPlugin: set wind_speed=1.73 wind_direction=-95.2
[gzserver-2] [INFO] [1773128715.379609754] [gazebo_wind_plugin_node]: WindPlugin: set wind_speed=1.73 wind_direction=-95.2
[gzserver-2] [INFO] [1773128715.608478075] [gazebo_wind_plugin_node]: WindPlugin: set wind_speed=1.66 wind_direction=-94.7
[gzserver-2] [INFO] [1773128715.847844006] [gazebo_wind_plugin_node]: WindPlugin: set wind_speed=1.66 wind_direction=-94.7
[gzserver-2] [INFO] [1773128716.087146900] [gazebo_wind_plugin_node]: WindPlugin: set wind_speed=1.66 wind_direction=-94.7
[gzserver-2] [INFO] [1773128716.321358112] [gazebo_wind_plugin_node]: WindPlugin: set wind_speed=1.66 wind_direction=-94.7
[gzserver-2] [INFO] [1773128716.558096186] [gazebo_wind_plugin_node]: WindPlugin: set wind_speed=1.73 wind_direction=-94.1
