[INFO] [launch]: All log files can be found below /home/j/.ros/log/2026-03-10-17-29-08-824751-j-3565994
[INFO] [launch]: Default logging verbosity is set to INFO
[INFO] [launch.user]: [bringup] Apriltag config: camera=/drone/bottom, image=/drone/bottom/image_raw, tags=/drone/bottom/tags, bridge=/landing_tag_state, standalone=true, use_target_id=true, target_id=0
[INFO] [rviz2-1]: process started with pid [3565995]
[INFO] [gzserver-2]: process started with pid [3565997]
[INFO] [robot_state_publisher-3]: process started with pid [3565999]
[INFO] [joint_state_publisher-4]: process started with pid [3566001]
[INFO] [spawn_drone-5]: process started with pid [3566003]
[INFO] [static_transform_publisher-6]: process started with pid [3566005]
[INFO] [joy_node-7]: process started with pid [3566007]
[INFO] [teleop_joystick-8]: process started with pid [3566009]
[INFO] [apriltag_detector_node-9]: process started with pid [3566011]
[INFO] [apriltag_state_bridge-10]: process started with pid [3566013]
[static_transform_publisher-6] [WARN] [1773131349.288473514] []: Old-style arguments are deprecated; see --help for new-style arguments
[static_transform_publisher-6] [INFO] [1773131349.295480589] [static_transform_publisher_LvCdLjqPwpCKUfkA]: Spinning until stopped - publishing transform
[static_transform_publisher-6] translation: ('0.000000', '0.000000', '0.000000')
[static_transform_publisher-6] rotation: ('0.000000', '0.000000', '0.000000', '1.000000')
[static_transform_publisher-6] from 'world' to '/drone/odom'
[robot_state_publisher-3] [INFO] [1773131349.313441848] [drone.robot_state_publisher]: got segment base_footprint
[robot_state_publisher-3] [INFO] [1773131349.313511251] [drone.robot_state_publisher]: got segment base_link
[robot_state_publisher-3] [INFO] [1773131349.313517108] [drone.robot_state_publisher]: got segment bottom_cam_link
[robot_state_publisher-3] [INFO] [1773131349.313520162] [drone.robot_state_publisher]: got segment front_cam_link
[robot_state_publisher-3] [INFO] [1773131349.313522932] [drone.robot_state_publisher]: got segment sonar_link
[apriltag_detector_node-9] [INFO] [1773131349.322576710] [apriltag_detector_node]: tag detector type: umich
[rviz2-1] 
[rviz2-1] (rviz2:3565995): dbind-WARNING **: 17:29:09.323: Couldn't connect to accessibility bus: Failed to connect to socket /root/.cache/at-spi/bus_0: 허가 거부
[teleop_joystick-8] Traceback (most recent call last):
[teleop_joystick-8]   File "/home/j/INCSL/IICC26_ws/install/sjtu_drone_control/lib/sjtu_drone_control/teleop_joystick", line 33, in <module>
[teleop_joystick-8]     sys.exit(load_entry_point('sjtu_drone_control==0.0.0', 'console_scripts', 'teleop_joystick')())
[teleop_joystick-8]   File "/home/j/INCSL/IICC26_ws/install/sjtu_drone_control/lib/sjtu_drone_control/teleop_joystick", line 22, in importlib_load_entry_point
[teleop_joystick-8]     for entry_point in distribution(dist_name).entry_points
[teleop_joystick-8]   File "/usr/lib/python3.10/importlib/metadata/__init__.py", line 969, in distribution
[teleop_joystick-8]     return Distribution.from_name(distribution_name)
[teleop_joystick-8]   File "/usr/lib/python3.10/importlib/metadata/__init__.py", line 548, in from_name
[teleop_joystick-8]     raise PackageNotFoundError(name)
[teleop_joystick-8] importlib.metadata.PackageNotFoundError: No package metadata was found for sjtu_drone_control
[ERROR] [teleop_joystick-8]: process has died [pid 3566009, exit code 1, cmd '/home/j/INCSL/IICC26_ws/install/sjtu_drone_control/lib/sjtu_drone_control/teleop_joystick --ros-args -r __ns:=/drone'].
[gzserver-2] Gazebo multi-robot simulator, version 11.10.2
[gzserver-2] Copyright (C) 2012 Open Source Robotics Foundation.
[gzserver-2] Released under the Apache 2 License.
[gzserver-2] http://gazebosim.org
[gzserver-2] 
[apriltag_state_bridge-10] [INFO] [1773131349.514670024] [apriltag_state_bridge]: AprilTag bridge started: /drone/bottom/tags -> /landing_tag_state, use_target_id=True, target_id=0
[joint_state_publisher-4] [INFO] [1773131349.549564331] [drone.joint_state_publisher]: Waiting for robot_description to be published on the robot_description topic...
[gzserver-2] [1;33m[Wrn] [gazebo_ros_init.cpp:178] [0m[1;33m
[gzserver-2] #     # ####### ####### ###  #####  #######
[gzserver-2] ##    # #     #    #     #  #     # #
[gzserver-2] # #   # #     #    #     #  #       #
[gzserver-2] #  #  # #     #    #     #  #       #####
[gzserver-2] #   # # #     #    #     #  #       #
[gzserver-2] #    ## #     #    #     #  #     # #
[gzserver-2] #     # #######    #    ###  #####  #######
[gzserver-2] 
[gzserver-2] This version of Gazebo, now called Gazebo classic, reaches end-of-life
[gzserver-2] in January 2025. Users are highly encouraged to migrate to the new Gazebo
[gzserver-2] using our migration guides (https://gazebosim.org/docs/latest/gazebo_classic_migration?utm_source=gazebo_ros_pkgs&utm_medium=cli)
[gzserver-2] 
[gzserver-2] [0m[1;33m
[rviz2-1] [INFO] [1773131350.051511731] [rviz2]: Stereo is NOT SUPPORTED
[rviz2-1] [INFO] [1773131350.051596001] [rviz2]: OpenGl version: 4.6 (GLSL 4.6)
[rviz2-1] [INFO] [1773131350.142268344] [rviz2]: Stereo is NOT SUPPORTED
[rviz2-1] [INFO] [1773131350.231902754] [rviz2]: Stereo is NOT SUPPORTED
[spawn_drone-5] [INFO] [1773131350.644935729] [spawn_drone]: Result False Entity pushed to spawn queue, but spawn service timed outwaiting for entity to appear in simulation under the name [/drone]
[gzserver-2] [1;32m[Msg] [0m[1;32mWaiting for master.[0m[1;32m
[gzserver-2] [0m[1;32m[0m[1;32m[0m[1;32m[Msg] [0m[1;32mConnected to gazebo master @ [0m[1;32mhttp://127.0.0.1:11345[0m[1;32m
[gzserver-2] [0m[1;32m[0m[1;32m[0m[1;32m[Msg] [0m[1;32mPublicized address: [0m[1;32m172.16.52.147[0m[1;32m
[gzserver-2] [0m[1;32m[0m[1;32m[0m[1;32m[Msg] [0m[1;32mLoading world file [[0m[1;32m/home/j/INCSL/IICC26_ws/install/sjtu_drone_description/share/sjtu_drone_description/worlds/landingPad.world[0m[1;32m][0m[1;32m
[gzserver-2] [0m[1;32m[0m[1;32m[0m[1;36m[Dbg] [wind_plugin.cpp:96] [0m[1;36mWindPlugin loaded: speed=[0m[1;36m0[0m[1;36m dir=[0m[1;36m0[0m[1;36m deg area=[0m[1;36m0.1[0m[1;36m coeff=[0m[1;36m1[0m[1;36m
[gzserver-2] [0m[1;33m[0m[1;33m[0m[1;31m[Err] [Sensor.cc:510] [0m[1;31mGet noise index not valid[0m[1;31m
[gzserver-2] [0m[1;31m[0m[1;31m[0m[1;31m[Err] [Sensor.cc:510] [0m[1;31mGet noise index not valid[0m[1;31m
[gzserver-2] [0m[1;31m[0m[1;31m[0m[1;31m[Err] [Sensor.cc:510] [0m[1;31mGet noise index not valid[0m[1;31m
[gzserver-2] [0m[1;31m[0m[1;31m[0m[1;31m[Err] [Sensor.cc:510] [0m[1;31mGet noise index not valid[0m[1;31m
[gzserver-2] [0m[1;31m[0m[1;31m[0m[1;31m[Err] [Sensor.cc:510] [0m[1;31mGet noise index not valid[0m[1;31m
[gzserver-2] [0m[1;31m[0m[1;31m[0m[1;31m[Err] [Sensor.cc:510] [0m[1;31mGet noise index not valid[0m[1;31m
[gzserver-2] [0m[1;31m[0m[1;31m[0mTopic [default//drone/base_footprint/down_camera/image] is not valid.
[gzserver-2] Topic [default//drone/base_footprint/front_camera/image] is not valid.
[gzserver-2] [INFO] [1773131350.676574098] [drone.collision_plugin]: Publishing contact states to [/drone/bumper_states]
[gzserver-2] [1;33m[Wrn] [Event.cc:61] [0m[1;33mWarning: Deleting a connection right after creation. [0m[1;33mMake sure to save the ConnectionPtr from a Connect call
[INFO] [spawn_drone-5]: process has finished cleanly [pid 3566003]
[gzserver-2] [0m[INFO] [1773131351.255125057] [drone.camera_bottom]: Publishing camera info to [/drone/bottom/camera_info]
[gzserver-2] [INFO] [1773131351.259521649] [drone.camera_front]: Publishing camera info to [/drone/front/camera_info]
[gzserver-2] [INFO] [1773131351.381447255] [drone.simple_drone]: The drone plugin is loading!
[gzserver-2] [INFO] [1773131351.381669160] [drone.simple_drone]: pub_odom: 1
[gzserver-2] [INFO] [1773131351.381707401] [drone.simple_drone]: Using following parameters: 
[gzserver-2] 		link_name: base_footprint,
[gzserver-2] 		max_force: 30,
[gzserver-2] 		motion_small_noise: 0,
[gzserver-2] 		motion_drift_noise: 0,
[gzserver-2] 		motion_drift_noise_time: 50,
[gzserver-2] 		takeoff_hover_height: 2.33,
[gzserver-2] 		takeoff_vertical_speed: 0.2
[gzserver-2] [INFO] [1773131351.393297153] [drone.simple_drone]: Using the PID parameters: 
[gzserver-2] 	Roll Pitch:
[gzserver-2] 		kP: 10, kI: 0,kD: 5, Limit: 0.5, Time Constant: 0
[gzserver-2] 	Yaw:
[gzserver-2] 		kP: 2, kI: 0,kD: 1, Limit: 1.5, Time Constant: 0
[gzserver-2] 	Velocity X:
[gzserver-2] 		kP: 5, kI: 0,kD: 2.3, Limit: 2, Time Constant: 0
[gzserver-2] 	Velocity Y:
[gzserver-2] 		kP: 5, kI: 0,kD: 2.3, Limit: 2, Time Constant: 0
[gzserver-2] 	Velocity Z:
[gzserver-2] 		kP: 5, kI: 0,kD: 1, Limit: -1, Time Constant: 0
[gzserver-2] 	Position XY:
[gzserver-2] 		kP: 1.1, kI: 0,kD: 0, Limit: 5, Time Constant: 0
[gzserver-2] 	Position Z:
[gzserver-2] 		kP: 1, kI: 0,kD: 0.2, Limit: -1, Time Constant: 0
[gzserver-2] [INFO] [1773131351.393423172] [drone.simple_drone]: The drone plugin finished loading!
[gzserver-2] [INFO] [1773131358.667280436] [gazebo_wind_plugin_node]: WindPlugin: set wind_speed=0.00 wind_direction=0.0
[gzserver-2] [INFO] [1773131358.943430258] [gazebo_wind_plugin_node]: WindPlugin: set wind_speed=0.00 wind_direction=0.0
[gzserver-2] [INFO] [1773131358.977669878] [drone.simple_drone]: Quadrotor takes off!!
[gzserver-2] [INFO] [1773131359.178931661] [gazebo_wind_plugin_node]: WindPlugin: set wind_speed=0.00 wind_direction=0.0
[gzserver-2] [INFO] [1773131359.418512418] [gazebo_wind_plugin_node]: WindPlugin: set wind_speed=0.00 wind_direction=0.0
[gzserver-2] [INFO] [1773131359.658529260] [gazebo_wind_plugin_node]: WindPlugin: set wind_speed=0.00 wind_direction=0.0
[gzserver-2] [INFO] [1773131359.893884123] [gazebo_wind_plugin_node]: WindPlugin: set wind_speed=0.00 wind_direction=0.0
[gzserver-2] [INFO] [1773131360.128397810] [gazebo_wind_plugin_node]: WindPlugin: set wind_speed=0.00 wind_direction=0.0
[gzserver-2] [INFO] [1773131360.371421167] [gazebo_wind_plugin_node]: WindPlugin: set wind_speed=0.00 wind_direction=0.0
[gzserver-2] [INFO] [1773131360.626408220] [gazebo_wind_plugin_node]: WindPlugin: set wind_speed=0.00 wind_direction=0.0
[gzserver-2] [0m[1;36m[Dbg] [wind_plugin.cpp:110] [0m[1;36mWindPlugin: received command -> speed=[0m[1;36m0[0m[1;36m dir=[0m[1;36m0[0m[1;36m
[gzserver-2] [0m[1;36m[Dbg] [wind_plugin.cpp:110] [0m[1;36mWindPlugin: received command -> speed=[0m[1;36m0[0m[1;36m dir=[0m[1;36m0[0m[1;36m
[gzserver-2] [0m[1;36m[Dbg] [wind_plugin.cpp:110] [0m[1;36mWindPlugin: received command -> speed=[0m[1;36m0[0m[1;36m dir=[0m[1;36m0[0m[1;36m
[gzserver-2] [0m[1;36m[Dbg] [wind_plugin.cpp:110] [0m[1;36mWindPlugin: received command -> speed=[0m[1;36m0[0m[1;36m dir=[0m[1;36m0[0m[1;36m
[gzserver-2] [0m[1;36m[Dbg] [wind_plugin.cpp:110] [0m[1;36mWindPlugin: received command -> speed=[0m[1;36m0[0m[1;36m dir=[0m[1;36m0[0m[1;36m
[gzserver-2] [0m[1;36m[Dbg] [wind_plugin.cpp:110] [0m[1;36mWindPlugin: received command -> speed=[0m[1;36m0[0m[1;36m dir=[0m[1;36m0[0m[1;36m
[gzserver-2] [0m[1;36m[Dbg] [wind_plugin.cpp:110] [0m[1;36mWindPlugin: received command -> speed=[0m[1;36m0[0m[1;36m dir=[0m[1;36m0[0m[1;36m
[gzserver-2] [0m[1;36m[Dbg] [wind_plugin.cpp:110] [0m[1;36mWindPlugin: received command -> speed=[0m[1;36m0[0m[1;36m dir=[0m[1;36m0[0m[1;36m
[gzserver-2] [0m[1;36m[Dbg] [wind_plugin.cpp:110] [0m[1;36mWindPlugin: received command -> speed=[0m[1;36m0[0m[1;36m dir=[0m[1;36m0[0m[1;36m
[gzserver-2] [0mEntering flying model!
[gzserver-2] [INFO] [1773131360.863170044] [gazebo_wind_plugin_node]: WindPlugin: set wind_speed=0.00 wind_direction=0.0
[gzserver-2] [INFO] [1773131361.103751284] [gazebo_wind_plugin_node]: WindPlugin: set wind_speed=0.84 wind_direction=-124.8
[gzserver-2] [INFO] [1773131361.343047575] [gazebo_wind_plugin_node]: WindPlugin: set wind_speed=0.80 wind_direction=-122.5
[gzserver-2] [INFO] [1773131361.584615121] [gazebo_wind_plugin_node]: WindPlugin: set wind_speed=0.80 wind_direction=-122.5
[gzserver-2] [INFO] [1773131361.818867927] [gazebo_wind_plugin_node]: WindPlugin: set wind_speed=0.80 wind_direction=-122.5
[gzserver-2] [INFO] [1773131362.047780343] [gazebo_wind_plugin_node]: WindPlugin: set wind_speed=0.80 wind_direction=-122.5
[gzserver-2] [INFO] [1773131362.287533196] [gazebo_wind_plugin_node]: WindPlugin: set wind_speed=1.07 wind_direction=-118.1
[gzserver-2] [INFO] [1773131362.516382421] [gazebo_wind_plugin_node]: WindPlugin: set wind_speed=1.07 wind_direction=-118.1
[gzserver-2] [INFO] [1773131362.760155441] [gazebo_wind_plugin_node]: WindPlugin: set wind_speed=1.07 wind_direction=-118.1
[gzserver-2] [INFO] [1773131362.999967968] [gazebo_wind_plugin_node]: WindPlugin: set wind_speed=1.07 wind_direction=-118.1
[gzserver-2] [INFO] [1773131363.234313901] [gazebo_wind_plugin_node]: WindPlugin: set wind_speed=0.99 wind_direction=-117.9
[gzserver-2] [INFO] [1773131363.473807908] [gazebo_wind_plugin_node]: WindPlugin: set wind_speed=0.99 wind_direction=-117.9
[gzserver-2] [INFO] [1773131363.709061502] [gazebo_wind_plugin_node]: WindPlugin: set wind_speed=0.99 wind_direction=-117.9
[gzserver-2] [INFO] [1773131363.943272576] [gazebo_wind_plugin_node]: WindPlugin: set wind_speed=0.99 wind_direction=-117.9
[gzserver-2] [INFO] [1773131364.183458764] [gazebo_wind_plugin_node]: WindPlugin: set wind_speed=0.88 wind_direction=-116.5
[gzserver-2] [INFO] [1773131364.423273284] [gazebo_wind_plugin_node]: WindPlugin: set wind_speed=0.88 wind_direction=-116.5
[gzserver-2] [INFO] [1773131364.663453420] [gazebo_wind_plugin_node]: WindPlugin: set wind_speed=0.88 wind_direction=-116.5
[gzserver-2] [INFO] [1773131364.904143983] [gazebo_wind_plugin_node]: WindPlugin: set wind_speed=0.88 wind_direction=-116.5
[gzserver-2] [INFO] [1773131365.139187009] [gazebo_wind_plugin_node]: WindPlugin: set wind_speed=0.88 wind_direction=-116.5
[gzserver-2] [INFO] [1773131365.368072712] [gazebo_wind_plugin_node]: WindPlugin: set wind_speed=1.00 wind_direction=-117.3
[gzserver-2] [INFO] [1773131365.598214427] [gazebo_wind_plugin_node]: WindPlugin: set wind_speed=1.00 wind_direction=-117.3
[gzserver-2] [INFO] [1773131365.832344372] [gazebo_wind_plugin_node]: WindPlugin: set wind_speed=1.00 wind_direction=-117.3
[gzserver-2] [INFO] [1773131366.071365962] [gazebo_wind_plugin_node]: WindPlugin: set wind_speed=1.00 wind_direction=-117.3
[gzserver-2] [INFO] [1773131366.312024102] [gazebo_wind_plugin_node]: WindPlugin: set wind_speed=1.14 wind_direction=-115.1
[gzserver-2] [INFO] [1773131366.551562422] [gazebo_wind_plugin_node]: WindPlugin: set wind_speed=1.14 wind_direction=-115.1
[gzserver-2] [INFO] [1773131366.591962148] [drone.simple_drone]: Quadrotor lands!!
[gzserver-2] [INFO] [1773131366.794231785] [gazebo_wind_plugin_node]: WindPlugin: set wind_speed=1.14 wind_direction=-115.1
[gzserver-2] [INFO] [1773131367.033984867] [gazebo_wind_plugin_node]: WindPlugin: set wind_speed=1.14 wind_direction=-115.1
[gzserver-2] [1;36m[Dbg] [wind_plugin.cpp:110] [0m[1;36mWindPlugin: received command -> speed=[0m[1;36m0[0m[1;36m dir=[0m[1;36m0[0m[1;36m
[gzserver-2] [0m[1;36m[Dbg] [wind_plugin.cpp:110] [0m[1;36mWindPlugin: received command -> speed=[0m[1;36m0.840495[0m[1;36m dir=[0m[1;36m-124.819[0m[1;36m
[gzserver-2] [0m[1;36m[Dbg] [wind_plugin.cpp:110] [0m[1;36mWindPlugin: received command -> speed=[0m[1;36m0.80434[0m[1;36m dir=[0m[1;36m-122.475[0m[1;36m
[gzserver-2] [0m[1;36m[Dbg] [wind_plugin.cpp:110] [0m[1;36mWindPlugin: received command -> speed=[0m[1;36m0.80434[0m[1;36m dir=[0m[1;36m-122.475[0m[1;36m
[gzserver-2] [0m[1;36m[Dbg] [wind_plugin.cpp:110] [0m[1;36mWindPlugin: received command -> speed=[0m[1;36m0.80434[0m[1;36m dir=[0m[1;36m-122.475[0m[1;36m
[gzserver-2] [0m[1;36m[Dbg] [wind_plugin.cpp:110] [0m[1;36mWindPlugin: received command -> speed=[0m[1;36m0.80434[0m[1;36m dir=[0m[1;36m-122.475[0m[1;36m
[gzserver-2] [0m[1;36m[Dbg] [wind_plugin.cpp:110] [0m[1;36mWindPlugin: received command -> speed=[0m[1;36m1.06636[0m[1;36m dir=[0m[1;36m-118.109[0m[1;36m
[gzserver-2] [0m[1;36m[Dbg] [wind_plugin.cpp:110] [0m[1;36mWindPlugin: received command -> speed=[0m[1;36m1.06636[0m[1;36m dir=[0m[1;36m-118.109[0m[1;36m
[gzserver-2] [0m[1;36m[Dbg] [wind_plugin.cpp:110] [0m[1;36mWindPlugin: received command -> speed=[0m[1;36m1.06636[0m[1;36m dir=[0m[1;36m-118.109[0m[1;36m
[gzserver-2] [0m[1;36m[Dbg] [wind_plugin.cpp:110] [0m[1;36mWindPlugin: received command -> speed=[0m[1;36m1.06636[0m[1;36m dir=[0m[1;36m-118.109[0m[1;36m
[gzserver-2] [0m[1;36m[Dbg] [wind_plugin.cpp:110] [0m[1;36mWindPlugin: received command -> speed=[0m[1;36m0.987064[0m[1;36m dir=[0m[1;36m-117.913[0m[1;36m
[gzserver-2] [0m[1;36m[Dbg] [wind_plugin.cpp:110] [0m[1;36mWindPlugin: received command -> speed=[0m[1;36m0.987064[0m[1;36m dir=[0m[1;36m-117.913[0m[1;36m
[gzserver-2] [0m[1;36m[Dbg] [wind_plugin.cpp:110] [0m[1;36mWindPlugin: received command -> speed=[0m[1;36m0.987064[0m[1;36m dir=[0m[1;36m-117.913[0m[1;36m
[gzserver-2] [0m[1;36m[Dbg] [wind_plugin.cpp:110] [0m[1;36mWindPlugin: received command -> speed=[0m[1;36m0.987064[0m[1;36m dir=[0m[1;36m-117.913[0m[1;36m
[gzserver-2] [0m[1;36m[Dbg] [wind_plugin.cpp:110] [0m[1;36mWindPlugin: received command -> speed=[0m[1;36m0.87905[0m[1;36m dir=[0m[1;36m-116.54[0m[1;36m
[gzserver-2] [0m[1;36m[Dbg] [wind_plugin.cpp:110] [0m[1;36mWindPlugin: received command -> speed=[0m[1;36m0.87905[0m[1;36m dir=[0m[1;36m-116.54[0m[1;36m
[gzserver-2] [0m[1;36m[Dbg] [wind_plugin.cpp:110] [0m[1;36mWindPlugin: received command -> speed=[0m[1;36m0.87905[0m[1;36m dir=[0m[1;36m-116.54[0m[1;36m
[gzserver-2] [0m[1;36m[Dbg] [wind_plugin.cpp:110] [0m[1;36mWindPlugin: received command -> speed=[0m[1;36m0.87905[0m[1;36m dir=[0m[1;36m-116.54[0m[1;36m
[gzserver-2] [0m[1;36m[Dbg] [wind_plugin.cpp:110] [0m[1;36mWindPlugin: received command -> speed=[0m[1;36m0.87905[0m[1;36m dir=[0m[1;36m-116.54[0m[1;36m
[gzserver-2] [0m[1;36m[Dbg] [wind_plugin.cpp:110] [0m[1;36mWindPlugin: received command -> speed=[0m[1;36m1.0045[0m[1;36m dir=[0m[1;36m-117.337[0m[1;36m
[gzserver-2] [0m[1;36m[Dbg] [wind_plugin.cpp:110] [0m[1;36mWindPlugin: received command -> speed=[0m[1;36m1.0045[0m[1;36m dir=[0m[1;36m-117.337[0m[1;36m
[gzserver-2] [0m[1;36m[Dbg] [wind_plugin.cpp:110] [0m[1;36mWindPlugin: received command -> speed=[0m[1;36m1.0045[0m[1;36m dir=[0m[1;36m-117.337[0m[1;36m
[gzserver-2] [0m[1;36m[Dbg] [wind_plugin.cpp:110] [0m[1;36mWindPlugin: received command -> speed=[0m[1;36m1.0045[0m[1;36m dir=[0m[1;36m-117.337[0m[1;36m
[gzserver-2] [0m[1;36m[Dbg] [wind_plugin.cpp:110] [0m[1;36mWindPlugin: received command -> speed=[0m[1;36m1.14101[0m[1;36m dir=[0m[1;36m-115.128[0m[1;36m
[gzserver-2] [0m[1;36m[Dbg] [wind_plugin.cpp:110] [0m[1;36mWindPlugin: received command -> speed=[0m[1;36m1.14101[0m[1;36m dir=[0m[1;36m-115.128[0m[1;36m
[gzserver-2] [0m[1;36m[Dbg] [wind_plugin.cpp:110] [0m[1;36mWindPlugin: received command -> speed=[0m[1;36m1.14101[0m[1;36m dir=[0m[1;36m-115.128[0m[1;36m
[gzserver-2] [INFO] [1773131367.274562387] [gazebo_wind_plugin_node]: WindPlugin: set wind_speed=1.02 wind_direction=-117.1
[gzserver-2] [INFO] [1773131367.509525014] [gazebo_wind_plugin_node]: WindPlugin: set wind_speed=1.02 wind_direction=-117.1
[gzserver-2] [0m[1;36m[Dbg] [wind_plugin.cpp:110] [0m[1;36mWindPlugin: received command -> speed=[0m[1;36m1.14101[0m[1;36m dir=[0m[1;36m-115.128[0m[1;36m
[gzserver-2] [0m[1;36m[Dbg] [wind_plugin.cpp:110] [0m[1;36mWindPlugin: received command -> speed=[0m[1;36m1.01727[0m[1;36m dir=[0m[1;36m-117.066[0m[1;36m
[gzserver-2] [0m[1;36m[Dbg] [wind_plugin.cpp:110] [0m[1;36mWindPlugin: received command -> speed=[0m[1;36m1.01727[0m[1;36m dir=[0m[1;36m-117.066[0m[1;36m
[gzserver-2] [0mLanded!
[gzserver-2] [INFO] [1773131367.749315975] [gazebo_wind_plugin_node]: WindPlugin: set wind_speed=1.02 wind_direction=-117.1
[gzserver-2] [INFO] [1773131367.978113326] [gazebo_wind_plugin_node]: WindPlugin: set wind_speed=1.02 wind_direction=-117.1
[gzserver-2] [INFO] [1773131368.208212819] [gazebo_wind_plugin_node]: WindPlugin: set wind_speed=1.09 wind_direction=-115.8
[gzserver-2] [INFO] [1773131368.448644024] [gazebo_wind_plugin_node]: WindPlugin: set wind_speed=1.09 wind_direction=-115.8
[gzserver-2] [INFO] [1773131368.683383078] [gazebo_wind_plugin_node]: WindPlugin: set wind_speed=1.09 wind_direction=-115.8
[gzserver-2] [INFO] [1773131368.922912116] [gazebo_wind_plugin_node]: WindPlugin: set wind_speed=1.09 wind_direction=-115.8
[gzserver-2] [INFO] [1773131369.158534009] [gazebo_wind_plugin_node]: WindPlugin: set wind_speed=1.09 wind_direction=-115.8
[gzserver-2] [INFO] [1773131369.397723379] [gazebo_wind_plugin_node]: WindPlugin: set wind_speed=0.95 wind_direction=-113.5
