[INFO] [launch]: All log files can be found below /home/j/.ros/log/2026-03-10-15-14-58-952547-j-2772277
[INFO] [launch]: Default logging verbosity is set to INFO
[INFO] [launch.user]: [bringup] Apriltag config: camera=/drone/bottom, image=/drone/bottom/image_raw, tags=/drone/bottom/tags, bridge=/landing_tag_state, standalone=true, use_target_id=true, target_id=0
[INFO] [rviz2-1]: process started with pid [2772280]
[INFO] [gzserver-2]: process started with pid [2772282]
[INFO] [robot_state_publisher-3]: process started with pid [2772284]
[INFO] [joint_state_publisher-4]: process started with pid [2772286]
[INFO] [spawn_drone-5]: process started with pid [2772288]
[INFO] [static_transform_publisher-6]: process started with pid [2772290]
[INFO] [joy_node-7]: process started with pid [2772292]
[INFO] [teleop_joystick-8]: process started with pid [2772294]
[INFO] [apriltag_detector_node-9]: process started with pid [2772297]
[INFO] [apriltag_state_bridge-10]: process started with pid [2772299]
[static_transform_publisher-6] [WARN] [1773123299.414916357] []: Old-style arguments are deprecated; see --help for new-style arguments
[static_transform_publisher-6] [INFO] [1773123299.419247155] [static_transform_publisher_rpeLE12uLnKmPBeO]: Spinning until stopped - publishing transform
[static_transform_publisher-6] translation: ('0.000000', '0.000000', '0.000000')
[static_transform_publisher-6] rotation: ('0.000000', '0.000000', '0.000000', '1.000000')
[static_transform_publisher-6] from 'world' to '/drone/odom'
[robot_state_publisher-3] [INFO] [1773123299.444585390] [drone.robot_state_publisher]: got segment base_footprint
[robot_state_publisher-3] [INFO] [1773123299.444672190] [drone.robot_state_publisher]: got segment base_link
[robot_state_publisher-3] [INFO] [1773123299.444684728] [drone.robot_state_publisher]: got segment bottom_cam_link
[robot_state_publisher-3] [INFO] [1773123299.444692775] [drone.robot_state_publisher]: got segment front_cam_link
[robot_state_publisher-3] [INFO] [1773123299.444700020] [drone.robot_state_publisher]: got segment sonar_link
[apriltag_detector_node-9] [INFO] [1773123299.450980041] [apriltag_detector_node]: tag detector type: umich
[rviz2-1] 
[rviz2-1] (rviz2:2772280): dbind-WARNING **: 15:14:59.463: Couldn't connect to accessibility bus: Failed to connect to socket /root/.cache/at-spi/bus_0: 허가 거부
[teleop_joystick-8] Traceback (most recent call last):
[teleop_joystick-8]   File "/home/j/INCSL/IICC26_ws/install/sjtu_drone_control/lib/sjtu_drone_control/teleop_joystick", line 33, in <module>
[teleop_joystick-8]     sys.exit(load_entry_point('sjtu_drone_control==0.0.0', 'console_scripts', 'teleop_joystick')())
[teleop_joystick-8]   File "/home/j/INCSL/IICC26_ws/install/sjtu_drone_control/lib/sjtu_drone_control/teleop_joystick", line 22, in importlib_load_entry_point
[teleop_joystick-8]     for entry_point in distribution(dist_name).entry_points
[teleop_joystick-8]   File "/usr/lib/python3.10/importlib/metadata/__init__.py", line 969, in distribution
[teleop_joystick-8]     return Distribution.from_name(distribution_name)
[teleop_joystick-8]   File "/usr/lib/python3.10/importlib/metadata/__init__.py", line 548, in from_name
[teleop_joystick-8]     raise PackageNotFoundError(name)
[teleop_joystick-8] importlib.metadata.PackageNotFoundError: No package metadata was found for sjtu_drone_control
[ERROR] [teleop_joystick-8]: process has died [pid 2772294, exit code 1, cmd '/home/j/INCSL/IICC26_ws/install/sjtu_drone_control/lib/sjtu_drone_control/teleop_joystick --ros-args -r __ns:=/drone'].
[gzserver-2] Gazebo multi-robot simulator, version 11.10.2
[gzserver-2] Copyright (C) 2012 Open Source Robotics Foundation.
[gzserver-2] Released under the Apache 2 License.
[gzserver-2] http://gazebosim.org
[gzserver-2] 
[apriltag_state_bridge-10] [INFO] [1773123299.690495430] [apriltag_state_bridge]: AprilTag bridge started: /drone/bottom/tags -> /landing_tag_state, use_target_id=True, target_id=0
[joint_state_publisher-4] [INFO] [1773123299.695874123] [drone.joint_state_publisher]: Waiting for robot_description to be published on the robot_description topic...
[gzserver-2] [1;33m[Wrn] [gazebo_ros_init.cpp:178] [0m[1;33m
[gzserver-2] #     # ####### ####### ###  #####  #######
[gzserver-2] ##    # #     #    #     #  #     # #
[gzserver-2] # #   # #     #    #     #  #       #
[gzserver-2] #  #  # #     #    #     #  #       #####
[gzserver-2] #   # # #     #    #     #  #       #
[gzserver-2] #    ## #     #    #     #  #     # #
[gzserver-2] #     # #######    #    ###  #####  #######
[gzserver-2] 
[gzserver-2] This version of Gazebo, now called Gazebo classic, reaches end-of-life
[gzserver-2] in January 2025. Users are highly encouraged to migrate to the new Gazebo
[gzserver-2] using our migration guides (https://gazebosim.org/docs/latest/gazebo_classic_migration?utm_source=gazebo_ros_pkgs&utm_medium=cli)
[gzserver-2] 
[gzserver-2] [0m[1;33m
[rviz2-1] [INFO] [1773123300.301153003] [rviz2]: Stereo is NOT SUPPORTED
[rviz2-1] [INFO] [1773123300.301249673] [rviz2]: OpenGl version: 4.6 (GLSL 4.6)
[rviz2-1] [INFO] [1773123300.379332075] [rviz2]: Stereo is NOT SUPPORTED
[rviz2-1] [INFO] [1773123300.450031729] [rviz2]: Stereo is NOT SUPPORTED
[spawn_drone-5] [INFO] [1773123300.864546444] [spawn_drone]: Result False Entity pushed to spawn queue, but spawn service timed outwaiting for entity to appear in simulation under the name [/drone]
[gzserver-2] [1;32m[Msg] [0m[1;32mWaiting for master.[0m[1;32m
[gzserver-2] [0m[1;32m[0m[1;32m[0m[1;32m[Msg] [0m[1;32mConnected to gazebo master @ [0m[1;32mhttp://127.0.0.1:11345[0m[1;32m
[gzserver-2] [0m[1;32m[0m[1;32m[0m[1;32m[Msg] [0m[1;32mPublicized address: [0m[1;32m172.16.52.147[0m[1;32m
[gzserver-2] [0m[1;32m[0m[1;32m[0m[1;32m[Msg] [0m[1;32mLoading world file [[0m[1;32m/home/j/INCSL/IICC26_ws/install/sjtu_drone_description/share/sjtu_drone_description/worlds/landingPad.world[0m[1;32m][0m[1;32m
[gzserver-2] [0m[1;32m[0m[1;32m[0m[1;36m[Dbg] [wind_plugin.cpp:96] [0m[1;36mWindPlugin loaded: speed=[0m[1;36m0[0m[1;36m dir=[0m[1;36m0[0m[1;36m deg area=[0m[1;36m0.1[0m[1;36m coeff=[0m[1;36m1[0m[1;36m
[gzserver-2] [0m[1;33m[0m[1;33m[0m[1;31m[Err] [Sensor.cc:510] [0m[1;31mGet noise index not valid[0m[1;31m
[gzserver-2] [0m[1;31m[0m[1;31m[0m[1;31m[Err] [Sensor.cc:510] [0m[1;31mGet noise index not valid[0m[1;31m
[gzserver-2] [0m[1;31m[0m[1;31m[0m[1;31m[Err] [Sensor.cc:510] [0m[1;31mGet noise index not valid[0m[1;31m
[gzserver-2] [0m[1;31m[0m[1;31m[0m[1;31m[Err] [Sensor.cc:510] [0m[1;31mGet noise index not valid[0m[1;31m
[gzserver-2] [0m[1;31m[0m[1;31m[0m[1;31m[Err] [Sensor.cc:510] [0m[1;31mGet noise index not valid[0m[1;31m
[gzserver-2] [0m[1;31m[0m[1;31m[0m[1;31m[Err] [Sensor.cc:510] [0m[1;31mGet noise index not valid[0m[1;31m
[gzserver-2] [0m[1;31m[0m[1;31m[0mTopic [default//drone/base_footprint/down_camera/image] is not valid.
[gzserver-2] Topic [default//drone/base_footprint/front_camera/image] is not valid.
[gzserver-2] [INFO] [1773123300.899866069] [drone.collision_plugin]: Publishing contact states to [/drone/bumper_states]
[gzserver-2] [1;33m[Wrn] [Event.cc:61] [0m[1;33mWarning: Deleting a connection right after creation. [0m[1;33mMake sure to save the ConnectionPtr from a Connect call
[INFO] [spawn_drone-5]: process has finished cleanly [pid 2772288]
[gzserver-2] [0m[INFO] [1773123301.459339334] [drone.camera_bottom]: Publishing camera info to [/drone/bottom/camera_info]
[gzserver-2] [INFO] [1773123301.463667492] [drone.camera_front]: Publishing camera info to [/drone/front/camera_info]
[gzserver-2] [INFO] [1773123301.586840696] [drone.simple_drone]: The drone plugin is loading!
[gzserver-2] [INFO] [1773123301.587055138] [drone.simple_drone]: pub_odom: 1
[gzserver-2] [INFO] [1773123301.587090634] [drone.simple_drone]: Using following parameters: 
[gzserver-2] 		link_name: base_footprint,
[gzserver-2] 		max_force: 30,
[gzserver-2] 		motion_small_noise: 0,
[gzserver-2] 		motion_drift_noise: 0,
[gzserver-2] 		motion_drift_noise_time: 50,
[gzserver-2] 		takeoff_hover_height: 2.22,
[gzserver-2] 		takeoff_vertical_speed: 0.2
[gzserver-2] [INFO] [1773123301.599115543] [drone.simple_drone]: Using the PID parameters: 
[gzserver-2] 	Roll Pitch:
[gzserver-2] 		kP: 10, kI: 0,kD: 5, Limit: 0.5, Time Constant: 0
[gzserver-2] 	Yaw:
[gzserver-2] 		kP: 2, kI: 0,kD: 1, Limit: 1.5, Time Constant: 0
[gzserver-2] 	Velocity X:
[gzserver-2] 		kP: 5, kI: 0,kD: 2.3, Limit: 2, Time Constant: 0
[gzserver-2] 	Velocity Y:
[gzserver-2] 		kP: 5, kI: 0,kD: 2.3, Limit: 2, Time Constant: 0
[gzserver-2] 	Velocity Z:
[gzserver-2] 		kP: 5, kI: 0,kD: 1, Limit: -1, Time Constant: 0
[gzserver-2] 	Position XY:
[gzserver-2] 		kP: 1.1, kI: 0,kD: 0, Limit: 5, Time Constant: 0
[gzserver-2] 	Position Z:
[gzserver-2] 		kP: 1, kI: 0,kD: 0.2, Limit: -1, Time Constant: 0
[gzserver-2] [INFO] [1773123301.599259036] [drone.simple_drone]: The drone plugin finished loading!
[gzserver-2] [INFO] [1773123308.810880812] [gazebo_wind_plugin_node]: WindPlugin: set wind_speed=0.00 wind_direction=0.0
[gzserver-2] [INFO] [1773123309.124645380] [gazebo_wind_plugin_node]: WindPlugin: set wind_speed=0.00 wind_direction=0.0
[gzserver-2] [INFO] [1773123309.178184328] [drone.simple_drone]: Quadrotor takes off!!
[gzserver-2] [INFO] [1773123309.391746548] [gazebo_wind_plugin_node]: WindPlugin: set wind_speed=0.00 wind_direction=0.0
[gzserver-2] [INFO] [1773123309.645192872] [gazebo_wind_plugin_node]: WindPlugin: set wind_speed=0.00 wind_direction=0.0
[gzserver-2] [INFO] [1773123309.886150102] [gazebo_wind_plugin_node]: WindPlugin: set wind_speed=0.00 wind_direction=0.0
[gzserver-2] [INFO] [1773123310.129104660] [gazebo_wind_plugin_node]: WindPlugin: set wind_speed=0.00 wind_direction=0.0
[gzserver-2] [INFO] [1773123310.382574109] [gazebo_wind_plugin_node]: WindPlugin: set wind_speed=0.00 wind_direction=0.0
[gzserver-2] [INFO] [1773123310.624808807] [gazebo_wind_plugin_node]: WindPlugin: set wind_speed=0.00 wind_direction=0.0
[gzserver-2] [INFO] [1773123310.870386155] [gazebo_wind_plugin_node]: WindPlugin: set wind_speed=0.00 wind_direction=0.0
[gzserver-2] [0m[1;36m[Dbg] [wind_plugin.cpp:110] [0m[1;36mWindPlugin: received command -> speed=[0m[1;36m0[0m[1;36m dir=[0m[1;36m0[0m[1;36m
[gzserver-2] [0m[1;36m[Dbg] [wind_plugin.cpp:110] [0m[1;36mWindPlugin: received command -> speed=[0m[1;36m0[0m[1;36m dir=[0m[1;36m0[0m[1;36m
[gzserver-2] [0m[1;36m[Dbg] [wind_plugin.cpp:110] [0m[1;36mWindPlugin: received command -> speed=[0m[1;36m0[0m[1;36m dir=[0m[1;36m0[0m[1;36m
[gzserver-2] [0m[1;36m[Dbg] [wind_plugin.cpp:110] [0m[1;36mWindPlugin: received command -> speed=[0m[1;36m0[0m[1;36m dir=[0m[1;36m0[0m[1;36m
[gzserver-2] [0m[1;36m[Dbg] [wind_plugin.cpp:110] [0m[1;36mWindPlugin: received command -> speed=[0m[1;36m0[0m[1;36m dir=[0m[1;36m0[0m[1;36m
[gzserver-2] [0m[1;36m[Dbg] [wind_plugin.cpp:110] [0m[1;36mWindPlugin: received command -> speed=[0m[1;36m0[0m[1;36m dir=[0m[1;36m0[0m[1;36m
[gzserver-2] [0m[1;36m[Dbg] [wind_plugin.cpp:110] [0m[1;36mWindPlugin: received command -> speed=[0m[1;36m0[0m[1;36m dir=[0m[1;36m0[0m[1;36m
[gzserver-2] [0m[1;36m[Dbg] [wind_plugin.cpp:110] [0m[1;36mWindPlugin: received command -> speed=[0m[1;36m0[0m[1;36m dir=[0m[1;36m0[0m[1;36m
[gzserver-2] [0m[1;36m[Dbg] [wind_plugin.cpp:110] [0m[1;36mWindPlugin: received command -> speed=[0m[1;36m0[0m[1;36m dir=[0m[1;36m0[0m[1;36m
[gzserver-2] [0mEntering flying model!
[gzserver-2] [INFO] [1773123311.120399534] [gazebo_wind_plugin_node]: WindPlugin: set wind_speed=0.00 wind_direction=0.0
[gzserver-2] [INFO] [1773123311.372658851] [gazebo_wind_plugin_node]: WindPlugin: set wind_speed=3.16 wind_direction=-75.5
[gzserver-2] [INFO] [1773123311.602363877] [gazebo_wind_plugin_node]: WindPlugin: set wind_speed=3.16 wind_direction=-75.5
[gzserver-2] [INFO] [1773123311.841985293] [gazebo_wind_plugin_node]: WindPlugin: set wind_speed=3.16 wind_direction=-75.5
[gzserver-2] [INFO] [1773123312.076811131] [gazebo_wind_plugin_node]: WindPlugin: set wind_speed=3.16 wind_direction=-75.5
[gzserver-2] [INFO] [1773123312.316981458] [gazebo_wind_plugin_node]: WindPlugin: set wind_speed=2.95 wind_direction=-76.4
[gzserver-2] [INFO] [1773123312.559891813] [gazebo_wind_plugin_node]: WindPlugin: set wind_speed=2.95 wind_direction=-76.4
[gzserver-2] [INFO] [1773123312.799629787] [gazebo_wind_plugin_node]: WindPlugin: set wind_speed=2.95 wind_direction=-76.4
[gzserver-2] [INFO] [1773123313.041516222] [gazebo_wind_plugin_node]: WindPlugin: set wind_speed=2.95 wind_direction=-76.4
[gzserver-2] [INFO] [1773123313.281219636] [gazebo_wind_plugin_node]: WindPlugin: set wind_speed=2.95 wind_direction=-76.4
[gzserver-2] [INFO] [1773123313.521162156] [gazebo_wind_plugin_node]: WindPlugin: set wind_speed=2.92 wind_direction=-77.6
[gzserver-2] [INFO] [1773123313.760372393] [gazebo_wind_plugin_node]: WindPlugin: set wind_speed=2.92 wind_direction=-77.6
[gzserver-2] [INFO] [1773123313.995642338] [gazebo_wind_plugin_node]: WindPlugin: set wind_speed=2.92 wind_direction=-77.6
[gzserver-2] [INFO] [1773123314.235426841] [gazebo_wind_plugin_node]: WindPlugin: set wind_speed=2.92 wind_direction=-77.6
[gzserver-2] [INFO] [1773123314.285684223] [drone.simple_drone]: Quadrotor lands!!
[gzserver-2] [INFO] [1773123314.491902118] [gazebo_wind_plugin_node]: WindPlugin: set wind_speed=2.91 wind_direction=-78.0
[gzserver-2] [INFO] [1773123314.744602272] [gazebo_wind_plugin_node]: WindPlugin: set wind_speed=2.91 wind_direction=-78.0
[gzserver-2] [INFO] [1773123315.003313108] [gazebo_wind_plugin_node]: WindPlugin: set wind_speed=2.91 wind_direction=-78.0
[gzserver-2] [INFO] [1773123315.243633813] [gazebo_wind_plugin_node]: WindPlugin: set wind_speed=2.91 wind_direction=-78.0
[gzserver-2] [1;36m[Dbg] [wind_plugin.cpp:110] [0m[1;36mWindPlugin: received command -> speed=[0m[1;36m0[0m[1;36m dir=[0m[1;36m0[0m[1;36m
[gzserver-2] [0m[1;36m[Dbg] [wind_plugin.cpp:110] [0m[1;36mWindPlugin: received command -> speed=[0m[1;36m3.16148[0m[1;36m dir=[0m[1;36m-75.518[0m[1;36m
[gzserver-2] [0m[1;36m[Dbg] [wind_plugin.cpp:110] [0m[1;36mWindPlugin: received command -> speed=[0m[1;36m3.16148[0m[1;36m dir=[0m[1;36m-75.518[0m[1;36m
[gzserver-2] [0m[1;36m[Dbg] [wind_plugin.cpp:110] [0m[1;36mWindPlugin: received command -> speed=[0m[1;36m3.16148[0m[1;36m dir=[0m[1;36m-75.518[0m[1;36m
[gzserver-2] [0m[1;36m[Dbg] [wind_plugin.cpp:110] [0m[1;36mWindPlugin: received command -> speed=[0m[1;36m3.16148[0m[1;36m dir=[0m[1;36m-75.518[0m[1;36m
[gzserver-2] [0m[1;36m[Dbg] [wind_plugin.cpp:110] [0m[1;36mWindPlugin: received command -> speed=[0m[1;36m2.95073[0m[1;36m dir=[0m[1;36m-76.3747[0m[1;36m
[gzserver-2] [0m[1;36m[Dbg] [wind_plugin.cpp:110] [0m[1;36mWindPlugin: received command -> speed=[0m[1;36m2.95073[0m[1;36m dir=[0m[1;36m-76.3747[0m[1;36m
[gzserver-2] [0m[1;36m[Dbg] [wind_plugin.cpp:110] [0m[1;36mWindPlugin: received command -> speed=[0m[1;36m2.95073[0m[1;36m dir=[0m[1;36m-76.3747[0m[1;36m
[gzserver-2] [0m[1;36m[Dbg] [wind_plugin.cpp:110] [0m[1;36mWindPlugin: received command -> speed=[0m[1;36m2.95073[0m[1;36m dir=[0m[1;36m-76.3747[0m[1;36m
[gzserver-2] [0m[1;36m[Dbg] [wind_plugin.cpp:110] [0m[1;36mWindPlugin: received command -> speed=[0m[1;36m2.95073[0m[1;36m dir=[0m[1;36m-76.3747[0m[1;36m
[gzserver-2] [0m[1;36m[Dbg] [wind_plugin.cpp:110] [0m[1;36mWindPlugin: received command -> speed=[0m[1;36m2.91799[0m[1;36m dir=[0m[1;36m-77.6282[0m[1;36m
[gzserver-2] [0m[1;36m[Dbg] [wind_plugin.cpp:110] [0m[1;36mWindPlugin: received command -> speed=[0m[1;36m2.91799[0m[1;36m dir=[0m[1;36m-77.6282[0m[1;36m
[gzserver-2] [0m[1;36m[Dbg] [wind_plugin.cpp:110] [0m[1;36mWindPlugin: received command -> speed=[0m[1;36m2.91799[0m[1;36m dir=[0m[1;36m-77.6282[0m[1;36m
[gzserver-2] [0m[1;36m[Dbg] [wind_plugin.cpp:110] [0m[1;36mWindPlugin: received command -> speed=[0m[1;36m2.91799[0m[1;36m dir=[0m[1;36m-77.6282[0m[1;36m
[gzserver-2] [0m[1;36m[Dbg] [wind_plugin.cpp:110] [0m[1;36mWindPlugin: received command -> speed=[0m[1;36m2.91108[0m[1;36m dir=[0m[1;36m-78.0406[0m[1;36m
[gzserver-2] [0m[1;36m[Dbg] [wind_plugin.cpp:110] [0m[1;36mWindPlugin: received command -> speed=[0m[1;36m2.91108[0m[1;36m dir=[0m[1;36m-78.0406[0m[1;36m
[gzserver-2] [0m[1;36m[Dbg] [wind_plugin.cpp:110] [0m[1;36mWindPlugin: received command -> speed=[0m[1;36m2.91108[0m[1;36m dir=[0m[1;36m-78.0406[0m[1;36m
[gzserver-2] [0m[1;36m[Dbg] [wind_plugin.cpp:110] [0m[1;36mWindPlugin: received command -> speed=[0m[1;36m2.91108[0m[1;36m dir=[0m[1;36m-78.0406[0m[1;36m
[gzserver-2] [0mLanded!
[gzserver-2] [INFO] [1773123315.486114883] [gazebo_wind_plugin_node]: WindPlugin: set wind_speed=2.83 wind_direction=-75.5
[gzserver-2] [INFO] [1773123315.726702015] [gazebo_wind_plugin_node]: WindPlugin: set wind_speed=2.83 wind_direction=-75.5
[gzserver-2] [INFO] [1773123315.961982393] [gazebo_wind_plugin_node]: WindPlugin: set wind_speed=2.83 wind_direction=-75.5
[gzserver-2] [INFO] [1773123316.201352292] [gazebo_wind_plugin_node]: WindPlugin: set wind_speed=2.83 wind_direction=-75.5
[gzserver-2] [INFO] [1773123316.441887769] [gazebo_wind_plugin_node]: WindPlugin: set wind_speed=2.96 wind_direction=-72.6
[gzserver-2] [INFO] [1773123316.681665391] [gazebo_wind_plugin_node]: WindPlugin: set wind_speed=2.96 wind_direction=-72.6
[gzserver-2] [INFO] [1773123316.921850698] [gazebo_wind_plugin_node]: WindPlugin: set wind_speed=2.96 wind_direction=-72.6
[gzserver-2] [INFO] [1773123317.156229902] [gazebo_wind_plugin_node]: WindPlugin: set wind_speed=2.96 wind_direction=-72.6
