[INFO] [launch]: All log files can be found below /home/j/.ros/log/2026-03-10-22-03-50-956821-j-1037835
[INFO] [launch]: Default logging verbosity is set to INFO
[INFO] [launch.user]: [bringup] Apriltag config: camera=/drone/bottom, image=/drone/bottom/image_raw, tags=/drone/bottom/tags, bridge=/landing_tag_state, standalone=true, use_target_id=true, target_id=0
[INFO] [rviz2-1]: process started with pid [1037838]
[INFO] [gzserver-2]: process started with pid [1037840]
[INFO] [robot_state_publisher-3]: process started with pid [1037842]
[INFO] [joint_state_publisher-4]: process started with pid [1037844]
[INFO] [spawn_drone-5]: process started with pid [1037846]
[INFO] [static_transform_publisher-6]: process started with pid [1037848]
[INFO] [joy_node-7]: process started with pid [1037850]
[INFO] [teleop_joystick-8]: process started with pid [1037852]
[INFO] [apriltag_detector_node-9]: process started with pid [1037854]
[INFO] [apriltag_state_bridge-10]: process started with pid [1037856]
[static_transform_publisher-6] [WARN] [1773147831.431113571] []: Old-style arguments are deprecated; see --help for new-style arguments
[static_transform_publisher-6] [INFO] [1773147831.437054308] [static_transform_publisher_DvTBkeXG6v7AsYiz]: Spinning until stopped - publishing transform
[static_transform_publisher-6] translation: ('0.000000', '0.000000', '0.000000')
[static_transform_publisher-6] rotation: ('0.000000', '0.000000', '0.000000', '1.000000')
[static_transform_publisher-6] from 'world' to '/drone/odom'
[robot_state_publisher-3] [INFO] [1773147831.454524006] [drone.robot_state_publisher]: got segment base_footprint
[robot_state_publisher-3] [INFO] [1773147831.454587163] [drone.robot_state_publisher]: got segment base_link
[robot_state_publisher-3] [INFO] [1773147831.454592873] [drone.robot_state_publisher]: got segment bottom_cam_link
[robot_state_publisher-3] [INFO] [1773147831.454596137] [drone.robot_state_publisher]: got segment front_cam_link
[robot_state_publisher-3] [INFO] [1773147831.454599080] [drone.robot_state_publisher]: got segment sonar_link
[rviz2-1] 
[rviz2-1] (rviz2:1037838): dbind-WARNING **: 22:03:51.465: Couldn't connect to accessibility bus: Failed to connect to socket /root/.cache/at-spi/bus_0: 허가 거부
[apriltag_detector_node-9] [INFO] [1773147831.477683233] [apriltag_detector_node]: tag detector type: umich
[teleop_joystick-8] Traceback (most recent call last):
[teleop_joystick-8]   File "/home/j/INCSL/IICC26_ws/install/sjtu_drone_control/lib/sjtu_drone_control/teleop_joystick", line 33, in <module>
[teleop_joystick-8]     sys.exit(load_entry_point('sjtu_drone_control==0.0.0', 'console_scripts', 'teleop_joystick')())
[teleop_joystick-8]   File "/home/j/INCSL/IICC26_ws/install/sjtu_drone_control/lib/sjtu_drone_control/teleop_joystick", line 22, in importlib_load_entry_point
[teleop_joystick-8]     for entry_point in distribution(dist_name).entry_points
[teleop_joystick-8]   File "/usr/lib/python3.10/importlib/metadata/__init__.py", line 969, in distribution
[teleop_joystick-8]     return Distribution.from_name(distribution_name)
[teleop_joystick-8]   File "/usr/lib/python3.10/importlib/metadata/__init__.py", line 548, in from_name
[teleop_joystick-8]     raise PackageNotFoundError(name)
[teleop_joystick-8] importlib.metadata.PackageNotFoundError: No package metadata was found for sjtu_drone_control
[ERROR] [teleop_joystick-8]: process has died [pid 1037852, exit code 1, cmd '/home/j/INCSL/IICC26_ws/install/sjtu_drone_control/lib/sjtu_drone_control/teleop_joystick --ros-args -r __ns:=/drone'].
[gzserver-2] Gazebo multi-robot simulator, version 11.10.2
[gzserver-2] Copyright (C) 2012 Open Source Robotics Foundation.
[gzserver-2] Released under the Apache 2 License.
[gzserver-2] http://gazebosim.org
[gzserver-2] 
[joint_state_publisher-4] [INFO] [1773147831.665240064] [drone.joint_state_publisher]: Waiting for robot_description to be published on the robot_description topic...
[apriltag_state_bridge-10] [INFO] [1773147831.702458960] [apriltag_state_bridge]: AprilTag bridge started: /drone/bottom/tags -> /landing_tag_state, use_target_id=True, target_id=0
[gzserver-2] [1;33m[Wrn] [gazebo_ros_init.cpp:178] [0m[1;33m
[gzserver-2] #     # ####### ####### ###  #####  #######
[gzserver-2] ##    # #     #    #     #  #     # #
[gzserver-2] # #   # #     #    #     #  #       #
[gzserver-2] #  #  # #     #    #     #  #       #####
[gzserver-2] #   # # #     #    #     #  #       #
[gzserver-2] #    ## #     #    #     #  #     # #
[gzserver-2] #     # #######    #    ###  #####  #######
[gzserver-2] 
[gzserver-2] This version of Gazebo, now called Gazebo classic, reaches end-of-life
[gzserver-2] in January 2025. Users are highly encouraged to migrate to the new Gazebo
[gzserver-2] using our migration guides (https://gazebosim.org/docs/latest/gazebo_classic_migration?utm_source=gazebo_ros_pkgs&utm_medium=cli)
[gzserver-2] 
[gzserver-2] [0m[1;33m
[rviz2-1] [INFO] [1773147832.268881432] [rviz2]: Stereo is NOT SUPPORTED
[rviz2-1] [INFO] [1773147832.268999317] [rviz2]: OpenGl version: 4.6 (GLSL 4.6)
[rviz2-1] [INFO] [1773147832.357914112] [rviz2]: Stereo is NOT SUPPORTED
[rviz2-1] [INFO] [1773147832.475915231] [rviz2]: Stereo is NOT SUPPORTED
[gzserver-2] [1;32m[Msg] [0m[1;32mWaiting for master.[0m[1;32m
[gzserver-2] [0m[1;32m[0m[1;32m[0m[1;32m[Msg] [0m[1;32mConnected to gazebo master @ [0m[1;32mhttp://127.0.0.1:11345[0m[1;32m
[gzserver-2] [0m[1;32m[0m[1;32m[0m[1;32m[Msg] [0m[1;32mPublicized address: [0m[1;32m192.168.0.11[0m[1;32m
[gzserver-2] [0m[1;32m[0m[1;32m[0m[1;32m[Msg] [0m[1;32mLoading world file [[0m[1;32m/home/j/INCSL/IICC26_ws/install/sjtu_drone_description/share/sjtu_drone_description/worlds/landingPad.world[0m[1;32m][0m[1;32m
[gzserver-2] [0m[1;32m[0m[1;32m[0m[1;36m[Dbg] [wind_plugin.cpp:96] [0m[1;36mWindPlugin loaded: speed=[0m[1;36m0[0m[1;36m dir=[0m[1;36m0[0m[1;36m deg area=[0m[1;36m0.1[0m[1;36m coeff=[0m[1;36m1[0m[1;36m
[gzserver-2] [0m[1;33m[0m[1;33m[0m[1;31m[Err] [Sensor.cc:510] [0m[1;31mGet noise index not valid[0m[1;31m
[gzserver-2] [0m[1;31m[0m[1;31m[0m[1;31m[Err] [Sensor.cc:510] [0m[1;31mGet noise index not valid[0m[1;31m
[gzserver-2] [0m[1;31m[0m[1;31m[0m[1;31m[Err] [Sensor.cc:510] [0m[1;31mGet noise index not valid[0m[1;31m
[gzserver-2] [0m[1;31m[0m[1;31m[0m[1;31m[Err] [Sensor.cc:510] [0m[1;31mGet noise index not valid[0m[1;31m
[gzserver-2] [0m[1;31m[0m[1;31m[0m[1;31m[Err] [Sensor.cc:510] [0m[1;31mGet noise index not valid[0m[1;31m
[gzserver-2] [0m[1;31m[0m[1;31m[0m[1;31m[Err] [Sensor.cc:510] [0m[1;31mGet noise index not valid[0m[1;31m
[gzserver-2] [0m[1;31m[0m[1;31m[0mTopic [default//drone/base_footprint/down_camera/image] is not valid.
[gzserver-2] [INFO] [1773147832.913300972] [drone.collision_plugin]: Publishing contact states to [/drone/bumper_states]
[gzserver-2] Topic [default//drone/base_footprint/front_camera/image] is not valid.
[gzserver-2] [1;33m[Wrn] [Event.cc:61] [0m[1;33mWarning: Deleting a connection right after creation. [0m[1;33mMake sure to save the ConnectionPtr from a Connect call
[gzserver-2] [0m[INFO] [1773147833.472004973] [drone.camera_bottom]: Publishing camera info to [/drone/bottom/camera_info]
[gzserver-2] [INFO] [1773147833.476438913] [drone.camera_front]: Publishing camera info to [/drone/front/camera_info]
[spawn_drone-5] [INFO] [1773147833.486467472] [spawn_drone]: Result True SpawnEntity: Successfully spawned entity [/drone]
[gzserver-2] [INFO] [1773147833.597702786] [drone.simple_drone]: The drone plugin is loading!
[gzserver-2] [INFO] [1773147833.597905085] [drone.simple_drone]: pub_odom: 1
[gzserver-2] [INFO] [1773147833.597940987] [drone.simple_drone]: Using following parameters: 
[gzserver-2] 		link_name: base_footprint,
[gzserver-2] 		max_force: 30,
[gzserver-2] 		motion_small_noise: 0,
[gzserver-2] 		motion_drift_noise: 0,
[gzserver-2] 		motion_drift_noise_time: 50,
[gzserver-2] 		takeoff_hover_height: 2.42,
[gzserver-2] 		takeoff_vertical_speed: 0.2
[gzserver-2] [INFO] [1773147833.609644198] [drone.simple_drone]: Using the PID parameters: 
[gzserver-2] 	Roll Pitch:
[gzserver-2] 		kP: 10, kI: 0,kD: 5, Limit: 0.5, Time Constant: 0
[gzserver-2] 	Yaw:
[gzserver-2] 		kP: 2, kI: 0,kD: 1, Limit: 1.5, Time Constant: 0
[gzserver-2] 	Velocity X:
[gzserver-2] 		kP: 5, kI: 0,kD: 2.3, Limit: 2, Time Constant: 0
[gzserver-2] 	Velocity Y:
[gzserver-2] 		kP: 5, kI: 0,kD: 2.3, Limit: 2, Time Constant: 0
[gzserver-2] 	Velocity Z:
[gzserver-2] 		kP: 5, kI: 0,kD: 1, Limit: -1, Time Constant: 0
[gzserver-2] 	Position XY:
[gzserver-2] 		kP: 1.1, kI: 0,kD: 0, Limit: 5, Time Constant: 0
[gzserver-2] 	Position Z:
[gzserver-2] 		kP: 1, kI: 0,kD: 0.2, Limit: -1, Time Constant: 0
[gzserver-2] [INFO] [1773147833.609779669] [drone.simple_drone]: The drone plugin finished loading!
[INFO] [spawn_drone-5]: process has finished cleanly [pid 1037846]
[gzserver-2] [INFO] [1773147840.784872291] [gazebo_wind_plugin_node]: WindPlugin: set wind_speed=0.00 wind_direction=0.0
[gzserver-2] [INFO] [1773147841.057554750] [gazebo_wind_plugin_node]: WindPlugin: set wind_speed=0.00 wind_direction=0.0
[gzserver-2] [INFO] [1773147841.087804150] [drone.simple_drone]: Quadrotor takes off!!
[gzserver-2] [INFO] [1773147841.289352823] [gazebo_wind_plugin_node]: WindPlugin: set wind_speed=0.00 wind_direction=0.0
[gzserver-2] [INFO] [1773147841.526185487] [gazebo_wind_plugin_node]: WindPlugin: set wind_speed=0.00 wind_direction=0.0
[gzserver-2] [INFO] [1773147841.767765736] [gazebo_wind_plugin_node]: WindPlugin: set wind_speed=0.00 wind_direction=0.0
[gzserver-2] [INFO] [1773147842.007907368] [gazebo_wind_plugin_node]: WindPlugin: set wind_speed=0.00 wind_direction=0.0
[gzserver-2] [INFO] [1773147842.248794480] [gazebo_wind_plugin_node]: WindPlugin: set wind_speed=0.00 wind_direction=0.0
[gzserver-2] [INFO] [1773147842.488110161] [gazebo_wind_plugin_node]: WindPlugin: set wind_speed=0.00 wind_direction=0.0
[gzserver-2] [INFO] [1773147842.723001947] [gazebo_wind_plugin_node]: WindPlugin: set wind_speed=0.00 wind_direction=0.0
[gzserver-2] [0m[1;36m[Dbg] [wind_plugin.cpp:110] [0m[1;36mWindPlugin: received command -> speed=[0m[1;36m0[0m[1;36m dir=[0m[1;36m0[0m[1;36m
[gzserver-2] [0m[1;36m[Dbg] [wind_plugin.cpp:110] [0m[1;36mWindPlugin: received command -> speed=[0m[1;36m0[0m[1;36m dir=[0m[1;36m0[0m[1;36m
[gzserver-2] [0m[1;36m[Dbg] [wind_plugin.cpp:110] [0m[1;36mWindPlugin: received command -> speed=[0m[1;36m0[0m[1;36m dir=[0m[1;36m0[0m[1;36m
[gzserver-2] [0m[1;36m[Dbg] [wind_plugin.cpp:110] [0m[1;36mWindPlugin: received command -> speed=[0m[1;36m0[0m[1;36m dir=[0m[1;36m0[0m[1;36m
[gzserver-2] [0m[1;36m[Dbg] [wind_plugin.cpp:110] [0m[1;36mWindPlugin: received command -> speed=[0m[1;36m0[0m[1;36m dir=[0m[1;36m0[0m[1;36m
[gzserver-2] [0m[1;36m[Dbg] [wind_plugin.cpp:110] [0m[1;36mWindPlugin: received command -> speed=[0m[1;36m0[0m[1;36m dir=[0m[1;36m0[0m[1;36m
[gzserver-2] [0m[1;36m[Dbg] [wind_plugin.cpp:110] [0m[1;36mWindPlugin: received command -> speed=[0m[1;36m0[0m[1;36m dir=[0m[1;36m0[0m[1;36m
[gzserver-2] [0m[1;36m[Dbg] [wind_plugin.cpp:110] [0m[1;36mWindPlugin: received command -> speed=[0m[1;36m0[0m[1;36m dir=[0m[1;36m0[0m[1;36m
[gzserver-2] [0m[1;36m[Dbg] [wind_plugin.cpp:110] [0m[1;36mWindPlugin: received command -> speed=[0m[1;36m0[0m[1;36m dir=[0m[1;36m0[0m[1;36m
[gzserver-2] [0mEntering flying model!
[gzserver-2] [INFO] [1773147842.961556490] [gazebo_wind_plugin_node]: WindPlugin: set wind_speed=0.00 wind_direction=0.0
[gzserver-2] [INFO] [1773147843.199072782] [gazebo_wind_plugin_node]: WindPlugin: set wind_speed=2.06 wind_direction=-55.0
[gzserver-2] [INFO] [1773147843.441490759] [gazebo_wind_plugin_node]: WindPlugin: set wind_speed=2.08 wind_direction=-52.7
[gzserver-2] [INFO] [1773147843.680846023] [gazebo_wind_plugin_node]: WindPlugin: set wind_speed=2.08 wind_direction=-52.7
[gzserver-2] [INFO] [1773147843.920408519] [gazebo_wind_plugin_node]: WindPlugin: set wind_speed=2.08 wind_direction=-52.7
[gzserver-2] [INFO] [1773147844.149792868] [gazebo_wind_plugin_node]: WindPlugin: set wind_speed=2.08 wind_direction=-52.7
[gzserver-2] [INFO] [1773147844.390326505] [gazebo_wind_plugin_node]: WindPlugin: set wind_speed=2.25 wind_direction=-52.2
[gzserver-2] [INFO] [1773147844.626156610] [gazebo_wind_plugin_node]: WindPlugin: set wind_speed=2.25 wind_direction=-52.2
[gzserver-2] [INFO] [1773147844.854889354] [gazebo_wind_plugin_node]: WindPlugin: set wind_speed=2.25 wind_direction=-52.2
[gzserver-2] [INFO] [1773147845.093809063] [gazebo_wind_plugin_node]: WindPlugin: set wind_speed=2.25 wind_direction=-52.2
[gzserver-2] [INFO] [1773147845.322939478] [gazebo_wind_plugin_node]: WindPlugin: set wind_speed=1.98 wind_direction=-53.7
[gzserver-2] [INFO] [1773147845.564938224] [gazebo_wind_plugin_node]: WindPlugin: set wind_speed=1.98 wind_direction=-53.7
[gzserver-2] [INFO] [1773147845.793799786] [gazebo_wind_plugin_node]: WindPlugin: set wind_speed=1.98 wind_direction=-53.7
[gzserver-2] [INFO] [1773147846.033128791] [gazebo_wind_plugin_node]: WindPlugin: set wind_speed=1.98 wind_direction=-53.7
[gzserver-2] [INFO] [1773147846.056695214] [drone.simple_drone]: Quadrotor lands!!
[gzserver-2] [INFO] [1773147846.257408776] [gazebo_wind_plugin_node]: WindPlugin: set wind_speed=1.98 wind_direction=-53.7
[gzserver-2] [INFO] [1773147846.486702962] [gazebo_wind_plugin_node]: WindPlugin: set wind_speed=2.08 wind_direction=-54.3
[gzserver-2] [INFO] [1773147846.721707113] [gazebo_wind_plugin_node]: WindPlugin: set wind_speed=2.08 wind_direction=-54.3
[gzserver-2] [INFO] [1773147846.950890242] [gazebo_wind_plugin_node]: WindPlugin: set wind_speed=2.08 wind_direction=-54.3
[gzserver-2] [1;36m[Dbg] [wind_plugin.cpp:110] [0m[1;36mWindPlugin: received command -> speed=[0m[1;36m0[0m[1;36m dir=[0m[1;36m0[0m[1;36m
[gzserver-2] [0m[1;36m[Dbg] [wind_plugin.cpp:110] [0m[1;36mWindPlugin: received command -> speed=[0m[1;36m2.06409[0m[1;36m dir=[0m[1;36m-55.0201[0m[1;36m
[gzserver-2] [0m[1;36m[Dbg] [wind_plugin.cpp:110] [0m[1;36mWindPlugin: received command -> speed=[0m[1;36m2.08374[0m[1;36m dir=[0m[1;36m-52.7032[0m[1;36m
[gzserver-2] [0m[1;36m[Dbg] [wind_plugin.cpp:110] [0m[1;36mWindPlugin: received command -> speed=[0m[1;36m2.08374[0m[1;36m dir=[0m[1;36m-52.7032[0m[1;36m
[gzserver-2] [0m[1;36m[Dbg] [wind_plugin.cpp:110] [0m[1;36mWindPlugin: received command -> speed=[0m[1;36m2.08374[0m[1;36m dir=[0m[1;36m-52.7032[0m[1;36m
[gzserver-2] [0m[1;36m[Dbg] [wind_plugin.cpp:110] [0m[1;36mWindPlugin: received command -> speed=[0m[1;36m2.08374[0m[1;36m dir=[0m[1;36m-52.7032[0m[1;36m
[gzserver-2] [0m[1;36m[Dbg] [wind_plugin.cpp:110] [0m[1;36mWindPlugin: received command -> speed=[0m[1;36m2.25031[0m[1;36m dir=[0m[1;36m-52.1533[0m[1;36m
[gzserver-2] [0m[1;36m[Dbg] [wind_plugin.cpp:110] [0m[1;36mWindPlugin: received command -> speed=[0m[1;36m2.25031[0m[1;36m dir=[0m[1;36m-52.1533[0m[1;36m
[gzserver-2] [0m[1;36m[Dbg] [wind_plugin.cpp:110] [0m[1;36mWindPlugin: received command -> speed=[0m[1;36m2.25031[0m[1;36m dir=[0m[1;36m-52.1533[0m[1;36m
[gzserver-2] [0m[1;36m[Dbg] [wind_plugin.cpp:110] [0m[1;36mWindPlugin: received command -> speed=[0m[1;36m2.25031[0m[1;36m dir=[0m[1;36m-52.1533[0m[1;36m
[gzserver-2] [0m[1;36m[Dbg] [wind_plugin.cpp:110] [0m[1;36mWindPlugin: received command -> speed=[0m[1;36m1.97806[0m[1;36m dir=[0m[1;36m-53.6856[0m[1;36m
[gzserver-2] [0m[1;36m[Dbg] [wind_plugin.cpp:110] [0m[1;36mWindPlugin: received command -> speed=[0m[1;36m1.97806[0m[1;36m dir=[0m[1;36m-53.6856[0m[1;36m
[gzserver-2] [0m[1;36m[Dbg] [wind_plugin.cpp:110] [0m[1;36mWindPlugin: received command -> speed=[0m[1;36m1.97806[0m[1;36m dir=[0m[1;36m-53.6856[0m[1;36m
[gzserver-2] [0m[1;36m[Dbg] [wind_plugin.cpp:110] [0m[1;36mWindPlugin: received command -> speed=[0m[1;36m1.97806[0m[1;36m dir=[0m[1;36m-53.6856[0m[1;36m
[gzserver-2] [0m[1;36m[Dbg] [wind_plugin.cpp:110] [0m[1;36mWindPlugin: received command -> speed=[0m[1;36m1.97806[0m[1;36m dir=[0m[1;36m-53.6856[0m[1;36m
[gzserver-2] [0m[1;36m[Dbg] [wind_plugin.cpp:110] [0m[1;36mWindPlugin: received command -> speed=[0m[1;36m2.07995[0m[1;36m dir=[0m[1;36m-54.3439[0m[1;36m
[gzserver-2] [0m[1;36m[Dbg] [wind_plugin.cpp:110] [0m[1;36mWindPlugin: received command -> speed=[0m[1;36m2.07995[0m[1;36m dir=[0m[1;36m-54.3439[0m[1;36m
[gzserver-2] [0m[1;36m[Dbg] [wind_plugin.cpp:110] [0m[1;36mWindPlugin: received command -> speed=[0m[1;36m2.07995[0m[1;36m dir=[0m[1;36m-54.3439[0m[1;36m
[gzserver-2] [0mLanded!
[gzserver-2] [INFO] [1773147847.190850090] [gazebo_wind_plugin_node]: WindPlugin: set wind_speed=2.08 wind_direction=-54.3
[gzserver-2] [INFO] [1773147847.430086052] [gazebo_wind_plugin_node]: WindPlugin: set wind_speed=2.07 wind_direction=-52.0
[gzserver-2] [INFO] [1773147847.661076971] [gazebo_wind_plugin_node]: WindPlugin: set wind_speed=2.07 wind_direction=-52.0
[gzserver-2] [INFO] [1773147847.900251209] [gazebo_wind_plugin_node]: WindPlugin: set wind_speed=2.07 wind_direction=-52.0
[gzserver-2] [INFO] [1773147848.139554017] [gazebo_wind_plugin_node]: WindPlugin: set wind_speed=2.07 wind_direction=-52.0
[gzserver-2] [INFO] [1773147848.379843042] [gazebo_wind_plugin_node]: WindPlugin: set wind_speed=1.97 wind_direction=-53.9
[gzserver-2] [INFO] [1773147848.619641619] [gazebo_wind_plugin_node]: WindPlugin: set wind_speed=1.97 wind_direction=-53.9
[gzserver-2] [INFO] [1773147848.858915680] [gazebo_wind_plugin_node]: WindPlugin: set wind_speed=1.97 wind_direction=-53.9
