[INFO] [launch]: All log files can be found below /home/j/.ros/log/2026-03-10-19-33-01-485902-j-94551
[INFO] [launch]: Default logging verbosity is set to INFO
[INFO] [launch.user]: [bringup] Apriltag config: camera=/drone/bottom, image=/drone/bottom/image_raw, tags=/drone/bottom/tags, bridge=/landing_tag_state, standalone=true, use_target_id=true, target_id=0
[INFO] [rviz2-1]: process started with pid [94554]
[INFO] [gzserver-2]: process started with pid [94556]
[INFO] [robot_state_publisher-3]: process started with pid [94558]
[INFO] [joint_state_publisher-4]: process started with pid [94560]
[INFO] [spawn_drone-5]: process started with pid [94562]
[INFO] [static_transform_publisher-6]: process started with pid [94564]
[INFO] [joy_node-7]: process started with pid [94566]
[INFO] [teleop_joystick-8]: process started with pid [94568]
[INFO] [apriltag_detector_node-9]: process started with pid [94570]
[INFO] [apriltag_state_bridge-10]: process started with pid [94572]
[static_transform_publisher-6] [WARN] [1773138781.961010085] []: Old-style arguments are deprecated; see --help for new-style arguments
[static_transform_publisher-6] [INFO] [1773138781.967752273] [static_transform_publisher_ciOD6BKUwalY7Fhb]: Spinning until stopped - publishing transform
[static_transform_publisher-6] translation: ('0.000000', '0.000000', '0.000000')
[static_transform_publisher-6] rotation: ('0.000000', '0.000000', '0.000000', '1.000000')
[static_transform_publisher-6] from 'world' to '/drone/odom'
[robot_state_publisher-3] [INFO] [1773138781.990828965] [drone.robot_state_publisher]: got segment base_footprint
[robot_state_publisher-3] [INFO] [1773138781.990892535] [drone.robot_state_publisher]: got segment base_link
[robot_state_publisher-3] [INFO] [1773138781.990901144] [drone.robot_state_publisher]: got segment bottom_cam_link
[robot_state_publisher-3] [INFO] [1773138781.990906120] [drone.robot_state_publisher]: got segment front_cam_link
[robot_state_publisher-3] [INFO] [1773138781.990910312] [drone.robot_state_publisher]: got segment sonar_link
[rviz2-1] 
[rviz2-1] (rviz2:94554): dbind-WARNING **: 19:33:01.992: Couldn't connect to accessibility bus: Failed to connect to socket /root/.cache/at-spi/bus_0: 허가 거부
[apriltag_detector_node-9] [INFO] [1773138781.994785868] [apriltag_detector_node]: tag detector type: umich
[teleop_joystick-8] Traceback (most recent call last):
[teleop_joystick-8]   File "/home/j/INCSL/IICC26_ws/install/sjtu_drone_control/lib/sjtu_drone_control/teleop_joystick", line 33, in <module>
[teleop_joystick-8]     sys.exit(load_entry_point('sjtu_drone_control==0.0.0', 'console_scripts', 'teleop_joystick')())
[teleop_joystick-8]   File "/home/j/INCSL/IICC26_ws/install/sjtu_drone_control/lib/sjtu_drone_control/teleop_joystick", line 22, in importlib_load_entry_point
[teleop_joystick-8]     for entry_point in distribution(dist_name).entry_points
[teleop_joystick-8]   File "/usr/lib/python3.10/importlib/metadata/__init__.py", line 969, in distribution
[teleop_joystick-8]     return Distribution.from_name(distribution_name)
[teleop_joystick-8]   File "/usr/lib/python3.10/importlib/metadata/__init__.py", line 548, in from_name
[teleop_joystick-8]     raise PackageNotFoundError(name)
[teleop_joystick-8] importlib.metadata.PackageNotFoundError: No package metadata was found for sjtu_drone_control
[ERROR] [teleop_joystick-8]: process has died [pid 94568, exit code 1, cmd '/home/j/INCSL/IICC26_ws/install/sjtu_drone_control/lib/sjtu_drone_control/teleop_joystick --ros-args -r __ns:=/drone'].
[gzserver-2] Gazebo multi-robot simulator, version 11.10.2
[gzserver-2] Copyright (C) 2012 Open Source Robotics Foundation.
[gzserver-2] Released under the Apache 2 License.
[gzserver-2] http://gazebosim.org
[gzserver-2] 
[apriltag_state_bridge-10] [INFO] [1773138782.195665737] [apriltag_state_bridge]: AprilTag bridge started: /drone/bottom/tags -> /landing_tag_state, use_target_id=True, target_id=0
[joint_state_publisher-4] [INFO] [1773138782.226227924] [drone.joint_state_publisher]: Waiting for robot_description to be published on the robot_description topic...
[gzserver-2] [1;33m[Wrn] [gazebo_ros_init.cpp:178] [0m[1;33m
[gzserver-2] #     # ####### ####### ###  #####  #######
[gzserver-2] ##    # #     #    #     #  #     # #
[gzserver-2] # #   # #     #    #     #  #       #
[gzserver-2] #  #  # #     #    #     #  #       #####
[gzserver-2] #   # # #     #    #     #  #       #
[gzserver-2] #    ## #     #    #     #  #     # #
[gzserver-2] #     # #######    #    ###  #####  #######
[gzserver-2] 
[gzserver-2] This version of Gazebo, now called Gazebo classic, reaches end-of-life
[gzserver-2] in January 2025. Users are highly encouraged to migrate to the new Gazebo
[gzserver-2] using our migration guides (https://gazebosim.org/docs/latest/gazebo_classic_migration?utm_source=gazebo_ros_pkgs&utm_medium=cli)
[gzserver-2] 
[gzserver-2] [0m[1;33m
[rviz2-1] [INFO] [1773138782.595507191] [rviz2]: Stereo is NOT SUPPORTED
[rviz2-1] [INFO] [1773138782.595596648] [rviz2]: OpenGl version: 4.6 (GLSL 4.6)
[rviz2-1] [INFO] [1773138782.756980972] [rviz2]: Stereo is NOT SUPPORTED
[rviz2-1] [INFO] [1773138782.849877945] [rviz2]: Stereo is NOT SUPPORTED
[gzserver-2] [1;32m[Msg] [0m[1;32mWaiting for master.[0m[1;32m
[gzserver-2] [0m[1;32m[0m[1;32m[0m[1;32m[Msg] [0m[1;32mConnected to gazebo master @ [0m[1;32mhttp://127.0.0.1:11345[0m[1;32m
[gzserver-2] [0m[1;32m[0m[1;32m[0m[1;32m[Msg] [0m[1;32mPublicized address: [0m[1;32m172.16.52.147[0m[1;32m
[gzserver-2] [0m[1;32m[0m[1;32m[0m[1;32m[Msg] [0m[1;32mLoading world file [[0m[1;32m/home/j/INCSL/IICC26_ws/install/sjtu_drone_description/share/sjtu_drone_description/worlds/landingPad.world[0m[1;32m][0m[1;32m
[gzserver-2] [0m[1;32m[0m[1;32m[0m[1;36m[Dbg] [wind_plugin.cpp:96] [0m[1;36mWindPlugin loaded: speed=[0m[1;36m0[0m[1;36m dir=[0m[1;36m0[0m[1;36m deg area=[0m[1;36m0.1[0m[1;36m coeff=[0m[1;36m1[0m[1;36m
[gzserver-2] [0m[1;33m[0m[1;33m[0m[1;31m[Err] [Sensor.cc:510] [0m[1;31mGet noise index not valid[0m[1;31m
[gzserver-2] [0m[1;31m[0m[1;31m[0m[1;31m[Err] [Sensor.cc:510] [0m[1;31mGet noise index not valid[0m[1;31m
[gzserver-2] [0m[1;31m[0m[1;31m[0m[1;31m[Err] [Sensor.cc:510] [0m[1;31mGet noise index not valid[0m[1;31m
[gzserver-2] [0m[1;31m[0m[1;31m[0m[1;31m[Err] [Sensor.cc:510] [0m[1;31mGet noise index not valid[0m[1;31m
[gzserver-2] [0m[1;31m[0m[1;31m[0m[1;31m[Err] [Sensor.cc:510] [0m[1;31mGet noise index not valid[0m[1;31m
[gzserver-2] [0m[1;31m[0m[1;31m[0m[1;31m[Err] [Sensor.cc:510] [0m[1;31mGet noise index not valid[0m[1;31m
[gzserver-2] [0m[1;31m[0m[1;31m[0mTopic [default//drone/base_footprint/down_camera/image] is not valid.
[gzserver-2] Topic [default//drone/base_footprint/front_camera/image] is not valid.
[gzserver-2] [INFO] [1773138783.399115607] [drone.collision_plugin]: Publishing contact states to [/drone/bumper_states]
[gzserver-2] [1;33m[Wrn] [Event.cc:61] [0m[1;33mWarning: Deleting a connection right after creation. [0m[1;33mMake sure to save the ConnectionPtr from a Connect call
[gzserver-2] [0m[INFO] [1773138783.958185624] [drone.camera_bottom]: Publishing camera info to [/drone/bottom/camera_info]
[gzserver-2] [INFO] [1773138783.962982851] [drone.camera_front]: Publishing camera info to [/drone/front/camera_info]
[spawn_drone-5] [INFO] [1773138783.971826576] [spawn_drone]: Result True SpawnEntity: Successfully spawned entity [/drone]
[gzserver-2] [INFO] [1773138784.084710984] [drone.simple_drone]: The drone plugin is loading!
[gzserver-2] [INFO] [1773138784.084919505] [drone.simple_drone]: pub_odom: 1
[gzserver-2] [INFO] [1773138784.084957304] [drone.simple_drone]: Using following parameters: 
[gzserver-2] 		link_name: base_footprint,
[gzserver-2] 		max_force: 30,
[gzserver-2] 		motion_small_noise: 0,
[gzserver-2] 		motion_drift_noise: 0,
[gzserver-2] 		motion_drift_noise_time: 50,
[gzserver-2] 		takeoff_hover_height: 1.55,
[gzserver-2] 		takeoff_vertical_speed: 0.2
[gzserver-2] [INFO] [1773138784.096448503] [drone.simple_drone]: Using the PID parameters: 
[gzserver-2] 	Roll Pitch:
[gzserver-2] 		kP: 10, kI: 0,kD: 5, Limit: 0.5, Time Constant: 0
[gzserver-2] 	Yaw:
[gzserver-2] 		kP: 2, kI: 0,kD: 1, Limit: 1.5, Time Constant: 0
[gzserver-2] 	Velocity X:
[gzserver-2] 		kP: 5, kI: 0,kD: 2.3, Limit: 2, Time Constant: 0
[gzserver-2] 	Velocity Y:
[gzserver-2] 		kP: 5, kI: 0,kD: 2.3, Limit: 2, Time Constant: 0
[gzserver-2] 	Velocity Z:
[gzserver-2] 		kP: 5, kI: 0,kD: 1, Limit: -1, Time Constant: 0
[gzserver-2] 	Position XY:
[gzserver-2] 		kP: 1.1, kI: 0,kD: 0, Limit: 5, Time Constant: 0
[gzserver-2] 	Position Z:
[gzserver-2] 		kP: 1, kI: 0,kD: 0.2, Limit: -1, Time Constant: 0
[gzserver-2] [INFO] [1773138784.096577321] [drone.simple_drone]: The drone plugin finished loading!
[INFO] [spawn_drone-5]: process has finished cleanly [pid 94562]
[gzserver-2] [INFO] [1773138791.340593623] [gazebo_wind_plugin_node]: WindPlugin: set wind_speed=0.00 wind_direction=0.0
[gzserver-2] [INFO] [1773138791.607944198] [gazebo_wind_plugin_node]: WindPlugin: set wind_speed=0.00 wind_direction=0.0
[gzserver-2] [INFO] [1773138791.636757493] [drone.simple_drone]: Quadrotor takes off!!
[gzserver-2] [INFO] [1773138791.838723679] [gazebo_wind_plugin_node]: WindPlugin: set wind_speed=0.00 wind_direction=0.0
[gzserver-2] [INFO] [1773138792.074356865] [gazebo_wind_plugin_node]: WindPlugin: set wind_speed=0.00 wind_direction=0.0
[gzserver-2] [INFO] [1773138792.314473225] [gazebo_wind_plugin_node]: WindPlugin: set wind_speed=0.00 wind_direction=0.0
[gzserver-2] [INFO] [1773138792.553971397] [gazebo_wind_plugin_node]: WindPlugin: set wind_speed=0.00 wind_direction=0.0
[gzserver-2] [INFO] [1773138792.794587153] [gazebo_wind_plugin_node]: WindPlugin: set wind_speed=0.00 wind_direction=0.0
[gzserver-2] [0m[1;36m[Dbg] [wind_plugin.cpp:110] [0m[1;36mWindPlugin: received command -> speed=[0m[1;36m0[0m[1;36m dir=[0m[1;36m0[0m[1;36m
[gzserver-2] [0m[1;36m[Dbg] [wind_plugin.cpp:110] [0m[1;36mWindPlugin: received command -> speed=[0m[1;36m0[0m[1;36m dir=[0m[1;36m0[0m[1;36m
[gzserver-2] [0m[1;36m[Dbg] [wind_plugin.cpp:110] [0m[1;36mWindPlugin: received command -> speed=[0m[1;36m0[0m[1;36m dir=[0m[1;36m0[0m[1;36m
[gzserver-2] [0m[1;36m[Dbg] [wind_plugin.cpp:110] [0m[1;36mWindPlugin: received command -> speed=[0m[1;36m0[0m[1;36m dir=[0m[1;36m0[0m[1;36m
[gzserver-2] [0m[1;36m[Dbg] [wind_plugin.cpp:110] [0m[1;36mWindPlugin: received command -> speed=[0m[1;36m0[0m[1;36m dir=[0m[1;36m0[0m[1;36m
[gzserver-2] [0m[1;36m[Dbg] [wind_plugin.cpp:110] [0m[1;36mWindPlugin: received command -> speed=[0m[1;36m0[0m[1;36m dir=[0m[1;36m0[0m[1;36m
[gzserver-2] [0m[1;36m[Dbg] [wind_plugin.cpp:110] [0m[1;36mWindPlugin: received command -> speed=[0m[1;36m0[0m[1;36m dir=[0m[1;36m0[0m[1;36m
[gzserver-2] [0mEntering flying model!
[gzserver-2] [INFO] [1773138793.035158744] [gazebo_wind_plugin_node]: WindPlugin: set wind_speed=0.00 wind_direction=0.0
[gzserver-2] [INFO] [1773138793.271517654] [gazebo_wind_plugin_node]: WindPlugin: set wind_speed=1.13 wind_direction=20.6
[gzserver-2] [INFO] [1773138793.511531272] [gazebo_wind_plugin_node]: WindPlugin: set wind_speed=1.13 wind_direction=20.6
[gzserver-2] [INFO] [1773138793.746232318] [gazebo_wind_plugin_node]: WindPlugin: set wind_speed=1.13 wind_direction=20.6
[gzserver-2] [INFO] [1773138793.985976787] [gazebo_wind_plugin_node]: WindPlugin: set wind_speed=1.13 wind_direction=22.4
[gzserver-2] [INFO] [1773138794.225457012] [gazebo_wind_plugin_node]: WindPlugin: set wind_speed=1.13 wind_direction=22.4
[gzserver-2] [INFO] [1773138794.464908061] [gazebo_wind_plugin_node]: WindPlugin: set wind_speed=1.13 wind_direction=22.4
[gzserver-2] [INFO] [1773138794.703936573] [gazebo_wind_plugin_node]: WindPlugin: set wind_speed=1.13 wind_direction=22.4
[gzserver-2] [INFO] [1773138794.943778739] [gazebo_wind_plugin_node]: WindPlugin: set wind_speed=1.19 wind_direction=22.1
[gzserver-2] [INFO] [1773138795.183307118] [gazebo_wind_plugin_node]: WindPlugin: set wind_speed=1.19 wind_direction=22.1
[gzserver-2] [INFO] [1773138795.422736702] [gazebo_wind_plugin_node]: WindPlugin: set wind_speed=1.19 wind_direction=22.1
[gzserver-2] [INFO] [1773138795.656515787] [gazebo_wind_plugin_node]: WindPlugin: set wind_speed=1.19 wind_direction=22.1
[gzserver-2] [INFO] [1773138795.890830379] [gazebo_wind_plugin_node]: WindPlugin: set wind_speed=1.38 wind_direction=22.2
[gzserver-2] [INFO] [1773138796.133157157] [gazebo_wind_plugin_node]: WindPlugin: set wind_speed=1.38 wind_direction=22.2
[gzserver-2] [INFO] [1773138796.357122478] [gazebo_wind_plugin_node]: WindPlugin: set wind_speed=1.38 wind_direction=22.2
[gzserver-2] [INFO] [1773138796.596652152] [gazebo_wind_plugin_node]: WindPlugin: set wind_speed=1.38 wind_direction=22.2
[gzserver-2] [INFO] [1773138796.831220493] [gazebo_wind_plugin_node]: WindPlugin: set wind_speed=1.38 wind_direction=22.2
[gzserver-2] [INFO] [1773138797.070569441] [gazebo_wind_plugin_node]: WindPlugin: set wind_speed=1.07 wind_direction=21.3
[gzserver-2] [INFO] [1773138797.305908025] [gazebo_wind_plugin_node]: WindPlugin: set wind_speed=1.07 wind_direction=21.3
[gzserver-2] [INFO] [1773138797.535601749] [gazebo_wind_plugin_node]: WindPlugin: set wind_speed=1.07 wind_direction=21.3
[gzserver-2] [INFO] [1773138797.774930585] [gazebo_wind_plugin_node]: WindPlugin: set wind_speed=1.07 wind_direction=21.3
[gzserver-2] [INFO] [1773138798.014379560] [gazebo_wind_plugin_node]: WindPlugin: set wind_speed=1.05 wind_direction=25.0
[gzserver-2] [INFO] [1773138798.253867359] [gazebo_wind_plugin_node]: WindPlugin: set wind_speed=1.05 wind_direction=25.0
[gzserver-2] [INFO] [1773138798.493217468] [gazebo_wind_plugin_node]: WindPlugin: set wind_speed=1.05 wind_direction=25.0
[gzserver-2] [INFO] [1773138798.732721181] [gazebo_wind_plugin_node]: WindPlugin: set wind_speed=1.05 wind_direction=25.0
[gzserver-2] [INFO] [1773138798.969666815] [gazebo_wind_plugin_node]: WindPlugin: set wind_speed=1.17 wind_direction=23.0
[gzserver-2] [INFO] [1773138799.209473605] [gazebo_wind_plugin_node]: WindPlugin: set wind_speed=1.17 wind_direction=23.0
[gzserver-2] [INFO] [1773138799.451504816] [gazebo_wind_plugin_node]: WindPlugin: set wind_speed=1.17 wind_direction=23.0
[gzserver-2] [1;36m[Dbg] [wind_plugin.cpp:110] [0m[1;36mWindPlugin: received command -> speed=[0m[1;36m0[0m[1;36m dir=[0m[1;36m0[0m[1;36m
[gzserver-2] [0m[1;36m[Dbg] [wind_plugin.cpp:110] [0m[1;36mWindPlugin: received command -> speed=[0m[1;36m1.12832[0m[1;36m dir=[0m[1;36m20.5857[0m[1;36m
[gzserver-2] [0m[1;36m[Dbg] [wind_plugin.cpp:110] [0m[1;36mWindPlugin: received command -> speed=[0m[1;36m1.12832[0m[1;36m dir=[0m[1;36m20.5857[0m[1;36m
[gzserver-2] [0m[1;36m[Dbg] [wind_plugin.cpp:110] [0m[1;36mWindPlugin: received command -> speed=[0m[1;36m1.12832[0m[1;36m dir=[0m[1;36m20.5857[0m[1;36m
[gzserver-2] [0m[1;36m[Dbg] [wind_plugin.cpp:110] [0m[1;36mWindPlugin: received command -> speed=[0m[1;36m1.13144[0m[1;36m dir=[0m[1;36m22.3745[0m[1;36m
[gzserver-2] [0m[1;36m[Dbg] [wind_plugin.cpp:110] [0m[1;36mWindPlugin: received command -> speed=[0m[1;36m1.13144[0m[1;36m dir=[0m[1;36m22.3745[0m[1;36m
[gzserver-2] [0m[1;36m[Dbg] [wind_plugin.cpp:110] [0m[1;36mWindPlugin: received command -> speed=[0m[1;36m1.13144[0m[1;36m dir=[0m[1;36m22.3745[0m[1;36m
[gzserver-2] [0m[1;36m[Dbg] [wind_plugin.cpp:110] [0m[1;36mWindPlugin: received command -> speed=[0m[1;36m1.13144[0m[1;36m dir=[0m[1;36m22.3745[0m[1;36m
[gzserver-2] [0m[1;36m[Dbg] [wind_plugin.cpp:110] [0m[1;36mWindPlugin: received command -> speed=[0m[1;36m1.19265[0m[1;36m dir=[0m[1;36m22.0588[0m[1;36m
[gzserver-2] [0m[1;36m[Dbg] [wind_plugin.cpp:110] [0m[1;36mWindPlugin: received command -> speed=[0m[1;36m1.19265[0m[1;36m dir=[0m[1;36m22.0588[0m[1;36m
[gzserver-2] [0m[1;36m[Dbg] [wind_plugin.cpp:110] [0m[1;36mWindPlugin: received command -> speed=[0m[1;36m1.19265[0m[1;36m dir=[0m[1;36m22.0588[0m[1;36m
[gzserver-2] [0m[1;36m[Dbg] [wind_plugin.cpp:110] [0m[1;36mWindPlugin: received command -> speed=[0m[1;36m1.19265[0m[1;36m dir=[0m[1;36m22.0588[0m[1;36m
[gzserver-2] [0m[1;36m[Dbg] [wind_plugin.cpp:110] [0m[1;36mWindPlugin: received command -> speed=[0m[1;36m1.37785[0m[1;36m dir=[0m[1;36m22.1941[0m[1;36m
[gzserver-2] [0m[1;36m[Dbg] [wind_plugin.cpp:110] [0m[1;36mWindPlugin: received command -> speed=[0m[1;36m1.37785[0m[1;36m dir=[0m[1;36m22.1941[0m[1;36m
[gzserver-2] [0m[1;36m[Dbg] [wind_plugin.cpp:110] [0m[1;36mWindPlugin: received command -> speed=[0m[1;36m1.37785[0m[1;36m dir=[0m[1;36m22.1941[0m[1;36m
[gzserver-2] [0m[1;36m[Dbg] [wind_plugin.cpp:110] [0m[1;36mWindPlugin: received command -> speed=[0m[1;36m1.37785[0m[1;36m dir=[0m[1;36m22.1941[0m[1;36m
[gzserver-2] [0m[1;36m[Dbg] [wind_plugin.cpp:110] [0m[1;36mWindPlugin: received command -> speed=[0m[1;36m1.37785[0m[1;36m dir=[0m[1;36m22.1941[0m[1;36m
[gzserver-2] [0m[1;36m[Dbg] [wind_plugin.cpp:110] [0m[1;36mWindPlugin: received command -> speed=[0m[1;36m1.07162[0m[1;36m dir=[0m[1;36m21.319[0m[1;36m
[gzserver-2] [0m[1;36m[Dbg] [wind_plugin.cpp:110] [0m[1;36mWindPlugin: received command -> speed=[0m[1;36m1.07162[0m[1;36m dir=[0m[1;36m21.319[0m[1;36m
[gzserver-2] [0m[1;36m[Dbg] [wind_plugin.cpp:110] [0m[1;36mWindPlugin: received command -> speed=[0m[1;36m1.07162[0m[1;36m dir=[0m[1;36m21.319[0m[1;36m
[gzserver-2] [0m[1;36m[Dbg] [wind_plugin.cpp:110] [0m[1;36mWindPlugin: received command -> speed=[0m[1;36m1.07162[0m[1;36m dir=[0m[1;36m21.319[0m[1;36m
[gzserver-2] [0m[1;36m[Dbg] [wind_plugin.cpp:110] [0m[1;36mWindPlugin: received command -> speed=[0m[1;36m1.05078[0m[1;36m dir=[0m[1;36m25.0098[0m[1;36m
[gzserver-2] [0m[1;36m[Dbg] [wind_plugin.cpp:110] [0m[1;36mWindPlugin: received command -> speed=[0m[1;36m1.05078[0m[1;36m dir=[0m[1;36m25.0098[0m[1;36m
[gzserver-2] [0m[1;36m[Dbg] [wind_plugin.cpp:110] [0m[1;36mWindPlugin: received command -> speed=[0m[1;36m1.05078[0m[1;36m dir=[0m[1;36m25.0098[0m[1;36m
[gzserver-2] [0m[1;36m[Dbg] [wind_plugin.cpp:110] [0m[1;36mWindPlugin: received command -> speed=[0m[1;36m1.05078[0m[1;36m dir=[0m[1;36m25.0098[0m[1;36m
[gzserver-2] [0m[1;36m[Dbg] [wind_plugin.cpp:110] [0m[1;36mWindPlugin: received command -> speed=[0m[1;36m1.17184[0m[1;36m dir=[0m[1;36m23.0017[0m[1;36m
[gzserver-2] [0m[1;36m[Dbg] [wind_plugin.cpp:110] [0m[1;36mWindPlugin: received command -> speed=[0m[1;36m1.17184[0m[1;36m dir=[0m[1;36m23.0017[0m[1;36m
[gzserver-2] [INFO] [1773138799.484349012] [drone.simple_drone]: Quadrotor lands!!
[gzserver-2] [INFO] [1773138799.685856803] [gazebo_wind_plugin_node]: WindPlugin: set wind_speed=1.17 wind_direction=23.0
[gzserver-2] [INFO] [1773138799.920461362] [gazebo_wind_plugin_node]: WindPlugin: set wind_speed=1.23 wind_direction=23.8
[gzserver-2] [INFO] [1773138800.150970550] [gazebo_wind_plugin_node]: WindPlugin: set wind_speed=1.23 wind_direction=23.8
[gzserver-2] [INFO] [1773138800.388627199] [gazebo_wind_plugin_node]: WindPlugin: set wind_speed=1.23 wind_direction=23.8
[gzserver-2] [0m[1;36m[Dbg] [wind_plugin.cpp:110] [0m[1;36mWindPlugin: received command -> speed=[0m[1;36m1.17184[0m[1;36m dir=[0m[1;36m23.0017[0m[1;36m
[gzserver-2] [0m[1;36m[Dbg] [wind_plugin.cpp:110] [0m[1;36mWindPlugin: received command -> speed=[0m[1;36m1.17184[0m[1;36m dir=[0m[1;36m23.0017[0m[1;36m
[gzserver-2] [0m[1;36m[Dbg] [wind_plugin.cpp:110] [0m[1;36mWindPlugin: received command -> speed=[0m[1;36m1.23061[0m[1;36m dir=[0m[1;36m23.7646[0m[1;36m
[gzserver-2] [0m[1;36m[Dbg] [wind_plugin.cpp:110] [0m[1;36mWindPlugin: received command -> speed=[0m[1;36m1.23061[0m[1;36m dir=[0m[1;36m23.7646[0m[1;36m
[gzserver-2] [0m[1;36m[Dbg] [wind_plugin.cpp:110] [0m[1;36mWindPlugin: received command -> speed=[0m[1;36m1.23061[0m[1;36m dir=[0m[1;36m23.7646[0m[1;36m
[gzserver-2] [0mLanded!
[gzserver-2] [INFO] [1773138800.623442563] [gazebo_wind_plugin_node]: WindPlugin: set wind_speed=1.23 wind_direction=23.8
[gzserver-2] [INFO] [1773138800.858161499] [gazebo_wind_plugin_node]: WindPlugin: set wind_speed=1.09 wind_direction=20.8
[gzserver-2] [INFO] [1773138801.099247431] [gazebo_wind_plugin_node]: WindPlugin: set wind_speed=1.09 wind_direction=20.8
[gzserver-2] [INFO] [1773138801.339503429] [gazebo_wind_plugin_node]: WindPlugin: set wind_speed=1.09 wind_direction=20.8
[gzserver-2] [INFO] [1773138801.578868072] [gazebo_wind_plugin_node]: WindPlugin: set wind_speed=1.09 wind_direction=20.8
[gzserver-2] [INFO] [1773138801.813363638] [gazebo_wind_plugin_node]: WindPlugin: set wind_speed=1.09 wind_direction=20.8
[gzserver-2] [INFO] [1773138802.052745618] [gazebo_wind_plugin_node]: WindPlugin: set wind_speed=1.27 wind_direction=23.2
[gzserver-2] [INFO] [1773138802.281974627] [gazebo_wind_plugin_node]: WindPlugin: set wind_speed=1.27 wind_direction=23.2
