[INFO] [launch]: All log files can be found below /home/j/.ros/log/2026-03-11-04-48-09-064759-j-249147
[INFO] [launch]: Default logging verbosity is set to INFO
[INFO] [launch.user]: [bringup] Apriltag config: camera=/drone/bottom, image=/drone/bottom/image_raw, tags=/drone/bottom/tags, bridge=/landing_tag_state, standalone=true, use_target_id=true, target_id=0
[INFO] [rviz2-1]: process started with pid [249160]
[INFO] [gzserver-2]: process started with pid [249162]
[INFO] [robot_state_publisher-3]: process started with pid [249164]
[INFO] [joint_state_publisher-4]: process started with pid [249166]
[INFO] [spawn_drone-5]: process started with pid [249168]
[INFO] [static_transform_publisher-6]: process started with pid [249170]
[INFO] [joy_node-7]: process started with pid [249172]
[INFO] [teleop_joystick-8]: process started with pid [249174]
[INFO] [apriltag_detector_node-9]: process started with pid [249176]
[INFO] [apriltag_state_bridge-10]: process started with pid [249179]
[static_transform_publisher-6] [WARN] [1773172089.538961406] []: Old-style arguments are deprecated; see --help for new-style arguments
[static_transform_publisher-6] [INFO] [1773172089.546150904] [static_transform_publisher_BwV1iXtY6hZxKe81]: Spinning until stopped - publishing transform
[static_transform_publisher-6] translation: ('0.000000', '0.000000', '0.000000')
[static_transform_publisher-6] rotation: ('0.000000', '0.000000', '0.000000', '1.000000')
[static_transform_publisher-6] from 'world' to '/drone/odom'
[rviz2-1] 
[rviz2-1] (rviz2:249160): dbind-WARNING **: 04:48:09.566: Couldn't connect to accessibility bus: Failed to connect to socket /root/.cache/at-spi/bus_0: 허가 거부
[robot_state_publisher-3] [INFO] [1773172089.570999043] [drone.robot_state_publisher]: got segment base_footprint
[robot_state_publisher-3] [INFO] [1773172089.571097203] [drone.robot_state_publisher]: got segment base_link
[robot_state_publisher-3] [INFO] [1773172089.571110590] [drone.robot_state_publisher]: got segment bottom_cam_link
[robot_state_publisher-3] [INFO] [1773172089.571118905] [drone.robot_state_publisher]: got segment front_cam_link
[robot_state_publisher-3] [INFO] [1773172089.571126478] [drone.robot_state_publisher]: got segment sonar_link
[apriltag_detector_node-9] [INFO] [1773172089.574657310] [apriltag_detector_node]: tag detector type: umich
[teleop_joystick-8] Traceback (most recent call last):
[teleop_joystick-8]   File "/home/j/INCSL/IICC26_ws/install/sjtu_drone_control/lib/sjtu_drone_control/teleop_joystick", line 33, in <module>
[teleop_joystick-8]     sys.exit(load_entry_point('sjtu_drone_control==0.0.0', 'console_scripts', 'teleop_joystick')())
[teleop_joystick-8]   File "/home/j/INCSL/IICC26_ws/install/sjtu_drone_control/lib/sjtu_drone_control/teleop_joystick", line 22, in importlib_load_entry_point
[teleop_joystick-8]     for entry_point in distribution(dist_name).entry_points
[teleop_joystick-8]   File "/usr/lib/python3.10/importlib/metadata/__init__.py", line 969, in distribution
[teleop_joystick-8]     return Distribution.from_name(distribution_name)
[teleop_joystick-8]   File "/usr/lib/python3.10/importlib/metadata/__init__.py", line 548, in from_name
[teleop_joystick-8]     raise PackageNotFoundError(name)
[teleop_joystick-8] importlib.metadata.PackageNotFoundError: No package metadata was found for sjtu_drone_control
[ERROR] [teleop_joystick-8]: process has died [pid 249174, exit code 1, cmd '/home/j/INCSL/IICC26_ws/install/sjtu_drone_control/lib/sjtu_drone_control/teleop_joystick --ros-args -r __ns:=/drone'].
[gzserver-2] Gazebo multi-robot simulator, version 11.10.2
[gzserver-2] Copyright (C) 2012 Open Source Robotics Foundation.
[gzserver-2] Released under the Apache 2 License.
[gzserver-2] http://gazebosim.org
[gzserver-2] 
[apriltag_state_bridge-10] [INFO] [1773172089.818718541] [apriltag_state_bridge]: AprilTag bridge started: /drone/bottom/tags -> /landing_tag_state, use_target_id=True, target_id=0
[joint_state_publisher-4] [INFO] [1773172089.827225692] [drone.joint_state_publisher]: Waiting for robot_description to be published on the robot_description topic...
[gzserver-2] [1;33m[Wrn] [gazebo_ros_init.cpp:178] [0m[1;33m
[gzserver-2] #     # ####### ####### ###  #####  #######
[gzserver-2] ##    # #     #    #     #  #     # #
[gzserver-2] # #   # #     #    #     #  #       #
[gzserver-2] #  #  # #     #    #     #  #       #####
[gzserver-2] #   # # #     #    #     #  #       #
[gzserver-2] #    ## #     #    #     #  #     # #
[gzserver-2] #     # #######    #    ###  #####  #######
[gzserver-2] 
[gzserver-2] This version of Gazebo, now called Gazebo classic, reaches end-of-life
[gzserver-2] in January 2025. Users are highly encouraged to migrate to the new Gazebo
[gzserver-2] using our migration guides (https://gazebosim.org/docs/latest/gazebo_classic_migration?utm_source=gazebo_ros_pkgs&utm_medium=cli)
[gzserver-2] 
[gzserver-2] [0m[1;33m
[rviz2-1] [INFO] [1773172090.309171449] [rviz2]: Stereo is NOT SUPPORTED
[rviz2-1] [INFO] [1773172090.309268587] [rviz2]: OpenGl version: 4.6 (GLSL 4.6)
[rviz2-1] [INFO] [1773172090.414067538] [rviz2]: Stereo is NOT SUPPORTED
[rviz2-1] [INFO] [1773172090.490886028] [rviz2]: Stereo is NOT SUPPORTED
[spawn_drone-5] [INFO] [1773172090.958372517] [spawn_drone]: Result False Entity pushed to spawn queue, but spawn service timed outwaiting for entity to appear in simulation under the name [/drone]
[gzserver-2] [1;32m[Msg] [0m[1;32mWaiting for master.[0m[1;32m
[gzserver-2] [0m[1;32m[0m[1;32m[0m[1;32m[Msg] [0m[1;32mConnected to gazebo master @ [0m[1;32mhttp://127.0.0.1:11345[0m[1;32m
[gzserver-2] [0m[1;32m[0m[1;32m[0m[1;32m[Msg] [0m[1;32mPublicized address: [0m[1;32m192.168.0.11[0m[1;32m
[gzserver-2] [0m[1;32m[0m[1;32m[0m[1;32m[Msg] [0m[1;32mLoading world file [[0m[1;32m/home/j/INCSL/IICC26_ws/install/sjtu_drone_description/share/sjtu_drone_description/worlds/landingPad.world[0m[1;32m][0m[1;32m
[gzserver-2] [0m[1;32m[0m[1;32m[0m[1;36m[Dbg] [wind_plugin.cpp:96] [0m[1;36mWindPlugin loaded: speed=[0m[1;36m0[0m[1;36m dir=[0m[1;36m0[0m[1;36m deg area=[0m[1;36m0.1[0m[1;36m coeff=[0m[1;36m1[0m[1;36m
[gzserver-2] [0m[1;33m[0m[1;33m[0m[1;31m[Err] [Sensor.cc:510] [0m[1;31mGet noise index not valid[0m[1;31m
[gzserver-2] [0m[1;31m[0m[1;31m[0m[1;31m[Err] [Sensor.cc:510] [0m[1;31mGet noise index not valid[0m[1;31m
[gzserver-2] [0m[1;31m[0m[1;31m[0m[1;31m[Err] [Sensor.cc:510] [0m[1;31mGet noise index not valid[0m[1;31m
[gzserver-2] [0m[1;31m[0m[1;31m[0m[1;31m[Err] [Sensor.cc:510] [0m[1;31mGet noise index not valid[0m[1;31m
[gzserver-2] [0m[1;31m[0m[1;31m[0m[1;31m[Err] [Sensor.cc:510] [0m[1;31mGet noise index not valid[0m[1;31m
[gzserver-2] [0m[1;31m[0m[1;31m[0m[1;31m[Err] [Sensor.cc:510] [0m[1;31mGet noise index not valid[0m[1;31m
[gzserver-2] [0m[1;31m[0m[1;31m[0mTopic [default//drone/base_footprint/down_camera/image] is not valid.
[gzserver-2] [INFO] [1773172090.987400018] [drone.collision_plugin]: Publishing contact states to [/drone/bumper_states]
[gzserver-2] Topic [default//drone/base_footprint/front_camera/image] is not valid.
[gzserver-2] [1;33m[Wrn] [Event.cc:61] [0m[1;33mWarning: Deleting a connection right after creation. [0m[1;33mMake sure to save the ConnectionPtr from a Connect call
[INFO] [spawn_drone-5]: process has finished cleanly [pid 249168]
[gzserver-2] [0m[INFO] [1773172091.575416793] [drone.camera_bottom]: Publishing camera info to [/drone/bottom/camera_info]
[gzserver-2] [INFO] [1773172091.578376267] [drone.camera_front]: Publishing camera info to [/drone/front/camera_info]
[gzserver-2] [INFO] [1773172091.699567895] [drone.simple_drone]: The drone plugin is loading!
[gzserver-2] [INFO] [1773172091.699781333] [drone.simple_drone]: pub_odom: 1
[gzserver-2] [INFO] [1773172091.699824842] [drone.simple_drone]: Using following parameters: 
[gzserver-2] 		link_name: base_footprint,
[gzserver-2] 		max_force: 30,
[gzserver-2] 		motion_small_noise: 0,
[gzserver-2] 		motion_drift_noise: 0,
[gzserver-2] 		motion_drift_noise_time: 50,
[gzserver-2] 		takeoff_hover_height: 1.6,
[gzserver-2] 		takeoff_vertical_speed: 0.2
[gzserver-2] [INFO] [1773172091.711960309] [drone.simple_drone]: Using the PID parameters: 
[gzserver-2] 	Roll Pitch:
[gzserver-2] 		kP: 10, kI: 0,kD: 5, Limit: 0.5, Time Constant: 0
[gzserver-2] 	Yaw:
[gzserver-2] 		kP: 2, kI: 0,kD: 1, Limit: 1.5, Time Constant: 0
[gzserver-2] 	Velocity X:
[gzserver-2] 		kP: 5, kI: 0,kD: 2.3, Limit: 2, Time Constant: 0
[gzserver-2] 	Velocity Y:
[gzserver-2] 		kP: 5, kI: 0,kD: 2.3, Limit: 2, Time Constant: 0
[gzserver-2] 	Velocity Z:
[gzserver-2] 		kP: 5, kI: 0,kD: 1, Limit: -1, Time Constant: 0
[gzserver-2] 	Position XY:
[gzserver-2] 		kP: 1.1, kI: 0,kD: 0, Limit: 5, Time Constant: 0
[gzserver-2] 	Position Z:
[gzserver-2] 		kP: 1, kI: 0,kD: 0.2, Limit: -1, Time Constant: 0
[gzserver-2] [INFO] [1773172091.712103794] [drone.simple_drone]: The drone plugin finished loading!
[gzserver-2] [INFO] [1773172098.894421911] [gazebo_wind_plugin_node]: WindPlugin: set wind_speed=0.00 wind_direction=0.0
[gzserver-2] [INFO] [1773172099.170163089] [gazebo_wind_plugin_node]: WindPlugin: set wind_speed=0.00 wind_direction=0.0
[gzserver-2] [INFO] [1773172099.204186493] [drone.simple_drone]: Quadrotor takes off!!
[gzserver-2] [INFO] [1773172099.409649948] [gazebo_wind_plugin_node]: WindPlugin: set wind_speed=0.00 wind_direction=0.0
[gzserver-2] [INFO] [1773172099.650370743] [gazebo_wind_plugin_node]: WindPlugin: set wind_speed=0.00 wind_direction=0.0
[gzserver-2] [INFO] [1773172099.889508545] [gazebo_wind_plugin_node]: WindPlugin: set wind_speed=0.00 wind_direction=0.0
[gzserver-2] [INFO] [1773172100.128676306] [gazebo_wind_plugin_node]: WindPlugin: set wind_speed=0.00 wind_direction=0.0
[gzserver-2] [INFO] [1773172100.368132885] [gazebo_wind_plugin_node]: WindPlugin: set wind_speed=0.00 wind_direction=0.0
[gzserver-2] [0m[1;36m[Dbg] [wind_plugin.cpp:110] [0m[1;36mWindPlugin: received command -> speed=[0m[1;36m0[0m[1;36m dir=[0m[1;36m0[0m[1;36m
[gzserver-2] [0m[1;36m[Dbg] [wind_plugin.cpp:110] [0m[1;36mWindPlugin: received command -> speed=[0m[1;36m0[0m[1;36m dir=[0m[1;36m0[0m[1;36m
[gzserver-2] [0m[1;36m[Dbg] [wind_plugin.cpp:110] [0m[1;36mWindPlugin: received command -> speed=[0m[1;36m0[0m[1;36m dir=[0m[1;36m0[0m[1;36m
[gzserver-2] [0m[1;36m[Dbg] [wind_plugin.cpp:110] [0m[1;36mWindPlugin: received command -> speed=[0m[1;36m0[0m[1;36m dir=[0m[1;36m0[0m[1;36m
[gzserver-2] [0m[1;36m[Dbg] [wind_plugin.cpp:110] [0m[1;36mWindPlugin: received command -> speed=[0m[1;36m0[0m[1;36m dir=[0m[1;36m0[0m[1;36m
[gzserver-2] [0m[1;36m[Dbg] [wind_plugin.cpp:110] [0m[1;36mWindPlugin: received command -> speed=[0m[1;36m0[0m[1;36m dir=[0m[1;36m0[0m[1;36m
[gzserver-2] [0m[1;36m[Dbg] [wind_plugin.cpp:110] [0m[1;36mWindPlugin: received command -> speed=[0m[1;36m0[0m[1;36m dir=[0m[1;36m0[0m[1;36m
[gzserver-2] [0mEntering flying model!
[gzserver-2] [INFO] [1773172100.608147129] [gazebo_wind_plugin_node]: WindPlugin: set wind_speed=0.00 wind_direction=0.0
[gzserver-2] [INFO] [1773172100.847655079] [gazebo_wind_plugin_node]: WindPlugin: set wind_speed=1.80 wind_direction=-99.2
[gzserver-2] [INFO] [1773172101.087202424] [gazebo_wind_plugin_node]: WindPlugin: set wind_speed=1.80 wind_direction=-99.2
[gzserver-2] [INFO] [1773172101.329167651] [gazebo_wind_plugin_node]: WindPlugin: set wind_speed=1.80 wind_direction=-99.2
[gzserver-2] [INFO] [1773172101.563925600] [gazebo_wind_plugin_node]: WindPlugin: set wind_speed=1.80 wind_direction=-99.5
[gzserver-2] [INFO] [1773172101.803179161] [gazebo_wind_plugin_node]: WindPlugin: set wind_speed=1.80 wind_direction=-99.5
[gzserver-2] [INFO] [1773172102.042660228] [gazebo_wind_plugin_node]: WindPlugin: set wind_speed=1.80 wind_direction=-99.5
[gzserver-2] [INFO] [1773172102.277469066] [gazebo_wind_plugin_node]: WindPlugin: set wind_speed=1.80 wind_direction=-99.5
[gzserver-2] [INFO] [1773172102.516645012] [gazebo_wind_plugin_node]: WindPlugin: set wind_speed=1.67 wind_direction=-99.3
[gzserver-2] [INFO] [1773172102.758420220] [gazebo_wind_plugin_node]: WindPlugin: set wind_speed=1.67 wind_direction=-99.3
[gzserver-2] [INFO] [1773172102.997451151] [gazebo_wind_plugin_node]: WindPlugin: set wind_speed=1.67 wind_direction=-99.3
[gzserver-2] [INFO] [1773172103.231242726] [gazebo_wind_plugin_node]: WindPlugin: set wind_speed=1.67 wind_direction=-99.3
[gzserver-2] [INFO] [1773172103.473203005] [gazebo_wind_plugin_node]: WindPlugin: set wind_speed=1.79 wind_direction=-100.2
[gzserver-2] [INFO] [1773172103.702042957] [gazebo_wind_plugin_node]: WindPlugin: set wind_speed=1.79 wind_direction=-100.2
[gzserver-2] [INFO] [1773172103.741898507] [drone.simple_drone]: Quadrotor lands!!
[gzserver-2] [INFO] [1773172103.943212430] [gazebo_wind_plugin_node]: WindPlugin: set wind_speed=1.79 wind_direction=-100.2
[gzserver-2] [INFO] [1773172104.179545116] [gazebo_wind_plugin_node]: WindPlugin: set wind_speed=1.79 wind_direction=-100.2
[gzserver-2] [INFO] [1773172104.419625532] [gazebo_wind_plugin_node]: WindPlugin: set wind_speed=2.07 wind_direction=-101.6
[gzserver-2] [INFO] [1773172104.654107276] [gazebo_wind_plugin_node]: WindPlugin: set wind_speed=2.07 wind_direction=-101.6
[gzserver-2] [1;36m[Dbg] [wind_plugin.cpp:110] [0m[1;36mWindPlugin: received command -> speed=[0m[1;36m0[0m[1;36m dir=[0m[1;36m0[0m[1;36m
[gzserver-2] [0m[1;36m[Dbg] [wind_plugin.cpp:110] [0m[1;36mWindPlugin: received command -> speed=[0m[1;36m1.80103[0m[1;36m dir=[0m[1;36m-99.223[0m[1;36m
[gzserver-2] [0m[1;36m[Dbg] [wind_plugin.cpp:110] [0m[1;36mWindPlugin: received command -> speed=[0m[1;36m1.80103[0m[1;36m dir=[0m[1;36m-99.223[0m[1;36m
[gzserver-2] [0m[1;36m[Dbg] [wind_plugin.cpp:110] [0m[1;36mWindPlugin: received command -> speed=[0m[1;36m1.80103[0m[1;36m dir=[0m[1;36m-99.223[0m[1;36m
[gzserver-2] [0m[1;36m[Dbg] [wind_plugin.cpp:110] [0m[1;36mWindPlugin: received command -> speed=[0m[1;36m1.80274[0m[1;36m dir=[0m[1;36m-99.4794[0m[1;36m
[gzserver-2] [0m[1;36m[Dbg] [wind_plugin.cpp:110] [0m[1;36mWindPlugin: received command -> speed=[0m[1;36m1.80274[0m[1;36m dir=[0m[1;36m-99.4794[0m[1;36m
[gzserver-2] [0m[1;36m[Dbg] [wind_plugin.cpp:110] [0m[1;36mWindPlugin: received command -> speed=[0m[1;36m1.80274[0m[1;36m dir=[0m[1;36m-99.4794[0m[1;36m
[gzserver-2] [0m[1;36m[Dbg] [wind_plugin.cpp:110] [0m[1;36mWindPlugin: received command -> speed=[0m[1;36m1.80274[0m[1;36m dir=[0m[1;36m-99.4794[0m[1;36m
[gzserver-2] [0m[1;36m[Dbg] [wind_plugin.cpp:110] [0m[1;36mWindPlugin: received command -> speed=[0m[1;36m1.66791[0m[1;36m dir=[0m[1;36m-99.2529[0m[1;36m
[gzserver-2] [0m[1;36m[Dbg] [wind_plugin.cpp:110] [0m[1;36mWindPlugin: received command -> speed=[0m[1;36m1.66791[0m[1;36m dir=[0m[1;36m-99.2529[0m[1;36m
[gzserver-2] [0m[1;36m[Dbg] [wind_plugin.cpp:110] [0m[1;36mWindPlugin: received command -> speed=[0m[1;36m1.66791[0m[1;36m dir=[0m[1;36m-99.2529[0m[1;36m
[gzserver-2] [0m[1;36m[Dbg] [wind_plugin.cpp:110] [0m[1;36mWindPlugin: received command -> speed=[0m[1;36m1.66791[0m[1;36m dir=[0m[1;36m-99.2529[0m[1;36m
[gzserver-2] [0m[1;36m[Dbg] [wind_plugin.cpp:110] [0m[1;36mWindPlugin: received command -> speed=[0m[1;36m1.78849[0m[1;36m dir=[0m[1;36m-100.242[0m[1;36m
[gzserver-2] [0m[1;36m[Dbg] [wind_plugin.cpp:110] [0m[1;36mWindPlugin: received command -> speed=[0m[1;36m1.78849[0m[1;36m dir=[0m[1;36m-100.242[0m[1;36m
[gzserver-2] [0m[1;36m[Dbg] [wind_plugin.cpp:110] [0m[1;36mWindPlugin: received command -> speed=[0m[1;36m1.78849[0m[1;36m dir=[0m[1;36m-100.242[0m[1;36m
[gzserver-2] [0m[1;36m[Dbg] [wind_plugin.cpp:110] [0m[1;36mWindPlugin: received command -> speed=[0m[1;36m1.78849[0m[1;36m dir=[0m[1;36m-100.242[0m[1;36m
[gzserver-2] [0m[1;36m[Dbg] [wind_plugin.cpp:110] [0m[1;36mWindPlugin: received command -> speed=[0m[1;36m2.07219[0m[1;36m dir=[0m[1;36m-101.642[0m[1;36m
[gzserver-2] [0m[1;36m[Dbg] [wind_plugin.cpp:110] [0m[1;36mWindPlugin: received command -> speed=[0m[1;36m2.07219[0m[1;36m dir=[0m[1;36m-101.642[0m[1;36m
[gzserver-2] [0mLanded!
[gzserver-2] [INFO] [1773172104.894336962] [gazebo_wind_plugin_node]: WindPlugin: set wind_speed=2.07 wind_direction=-101.6
[gzserver-2] [INFO] [1773172105.136343320] [gazebo_wind_plugin_node]: WindPlugin: set wind_speed=2.07 wind_direction=-101.6
[gzserver-2] [INFO] [1773172105.370529721] [gazebo_wind_plugin_node]: WindPlugin: set wind_speed=2.07 wind_direction=-101.6
[gzserver-2] [INFO] [1773172105.609666912] [gazebo_wind_plugin_node]: WindPlugin: set wind_speed=1.81 wind_direction=-101.0
[gzserver-2] [INFO] [1773172105.849349383] [gazebo_wind_plugin_node]: WindPlugin: set wind_speed=1.81 wind_direction=-101.0
[gzserver-2] [INFO] [1773172106.083173138] [gazebo_wind_plugin_node]: WindPlugin: set wind_speed=1.81 wind_direction=-101.0
[gzserver-2] [INFO] [1773172106.317778349] [gazebo_wind_plugin_node]: WindPlugin: set wind_speed=1.81 wind_direction=-101.0
[gzserver-2] [INFO] [1773172106.558077824] [gazebo_wind_plugin_node]: WindPlugin: set wind_speed=1.83 wind_direction=-98.6
