[INFO] [launch]: All log files can be found below /home/j/.ros/log/2026-03-11-03-16-31-337065-j-3568222
[INFO] [launch]: Default logging verbosity is set to INFO
[INFO] [launch.user]: [bringup] Apriltag config: camera=/drone/bottom, image=/drone/bottom/image_raw, tags=/drone/bottom/tags, bridge=/landing_tag_state, standalone=true, use_target_id=true, target_id=0
[INFO] [rviz2-1]: process started with pid [3568225]
[INFO] [gzserver-2]: process started with pid [3568227]
[INFO] [robot_state_publisher-3]: process started with pid [3568229]
[INFO] [joint_state_publisher-4]: process started with pid [3568231]
[INFO] [spawn_drone-5]: process started with pid [3568233]
[INFO] [static_transform_publisher-6]: process started with pid [3568235]
[INFO] [joy_node-7]: process started with pid [3568237]
[INFO] [teleop_joystick-8]: process started with pid [3568239]
[INFO] [apriltag_detector_node-9]: process started with pid [3568241]
[INFO] [apriltag_state_bridge-10]: process started with pid [3568243]
[static_transform_publisher-6] [WARN] [1773166591.802974302] []: Old-style arguments are deprecated; see --help for new-style arguments
[static_transform_publisher-6] [INFO] [1773166591.809804585] [static_transform_publisher_KGTb5EzCCkoeDhAr]: Spinning until stopped - publishing transform
[static_transform_publisher-6] translation: ('0.000000', '0.000000', '0.000000')
[static_transform_publisher-6] rotation: ('0.000000', '0.000000', '0.000000', '1.000000')
[static_transform_publisher-6] from 'world' to '/drone/odom'
[robot_state_publisher-3] [INFO] [1773166591.835456496] [drone.robot_state_publisher]: got segment base_footprint
[robot_state_publisher-3] [INFO] [1773166591.835550381] [drone.robot_state_publisher]: got segment base_link
[robot_state_publisher-3] [INFO] [1773166591.835562633] [drone.robot_state_publisher]: got segment bottom_cam_link
[robot_state_publisher-3] [INFO] [1773166591.835570666] [drone.robot_state_publisher]: got segment front_cam_link
[robot_state_publisher-3] [INFO] [1773166591.835577782] [drone.robot_state_publisher]: got segment sonar_link
[rviz2-1] 
[rviz2-1] (rviz2:3568225): dbind-WARNING **: 03:16:31.837: Couldn't connect to accessibility bus: Failed to connect to socket /root/.cache/at-spi/bus_0: 허가 거부
[apriltag_detector_node-9] [INFO] [1773166591.840050424] [apriltag_detector_node]: tag detector type: umich
[teleop_joystick-8] Traceback (most recent call last):
[teleop_joystick-8]   File "/home/j/INCSL/IICC26_ws/install/sjtu_drone_control/lib/sjtu_drone_control/teleop_joystick", line 33, in <module>
[teleop_joystick-8]     sys.exit(load_entry_point('sjtu_drone_control==0.0.0', 'console_scripts', 'teleop_joystick')())
[teleop_joystick-8]   File "/home/j/INCSL/IICC26_ws/install/sjtu_drone_control/lib/sjtu_drone_control/teleop_joystick", line 22, in importlib_load_entry_point
[teleop_joystick-8]     for entry_point in distribution(dist_name).entry_points
[teleop_joystick-8]   File "/usr/lib/python3.10/importlib/metadata/__init__.py", line 969, in distribution
[teleop_joystick-8]     return Distribution.from_name(distribution_name)
[teleop_joystick-8]   File "/usr/lib/python3.10/importlib/metadata/__init__.py", line 548, in from_name
[teleop_joystick-8]     raise PackageNotFoundError(name)
[teleop_joystick-8] importlib.metadata.PackageNotFoundError: No package metadata was found for sjtu_drone_control
[ERROR] [teleop_joystick-8]: process has died [pid 3568239, exit code 1, cmd '/home/j/INCSL/IICC26_ws/install/sjtu_drone_control/lib/sjtu_drone_control/teleop_joystick --ros-args -r __ns:=/drone'].
[gzserver-2] Gazebo multi-robot simulator, version 11.10.2
[gzserver-2] Copyright (C) 2012 Open Source Robotics Foundation.
[gzserver-2] Released under the Apache 2 License.
[gzserver-2] http://gazebosim.org
[gzserver-2] 
[apriltag_state_bridge-10] [INFO] [1773166592.063760005] [apriltag_state_bridge]: AprilTag bridge started: /drone/bottom/tags -> /landing_tag_state, use_target_id=True, target_id=0
[joint_state_publisher-4] [INFO] [1773166592.094565183] [drone.joint_state_publisher]: Waiting for robot_description to be published on the robot_description topic...
[gzserver-2] [1;33m[Wrn] [gazebo_ros_init.cpp:178] [0m[1;33m
[gzserver-2] #     # ####### ####### ###  #####  #######
[gzserver-2] ##    # #     #    #     #  #     # #
[gzserver-2] # #   # #     #    #     #  #       #
[gzserver-2] #  #  # #     #    #     #  #       #####
[gzserver-2] #   # # #     #    #     #  #       #
[gzserver-2] #    ## #     #    #     #  #     # #
[gzserver-2] #     # #######    #    ###  #####  #######
[gzserver-2] 
[gzserver-2] This version of Gazebo, now called Gazebo classic, reaches end-of-life
[gzserver-2] in January 2025. Users are highly encouraged to migrate to the new Gazebo
[gzserver-2] using our migration guides (https://gazebosim.org/docs/latest/gazebo_classic_migration?utm_source=gazebo_ros_pkgs&utm_medium=cli)
[gzserver-2] 
[gzserver-2] [0m[1;33m
[rviz2-1] [INFO] [1773166592.649914126] [rviz2]: Stereo is NOT SUPPORTED
[rviz2-1] [INFO] [1773166592.650044050] [rviz2]: OpenGl version: 4.6 (GLSL 4.6)
[rviz2-1] [INFO] [1773166592.730143229] [rviz2]: Stereo is NOT SUPPORTED
[rviz2-1] [INFO] [1773166592.822706892] [rviz2]: Stereo is NOT SUPPORTED
[spawn_drone-5] [INFO] [1773166593.203892397] [spawn_drone]: Result False Entity pushed to spawn queue, but spawn service timed outwaiting for entity to appear in simulation under the name [/drone]
[gzserver-2] [1;32m[Msg] [0m[1;32mWaiting for master.[0m[1;32m
[gzserver-2] [0m[1;32m[0m[1;32m[0m[1;32m[Msg] [0m[1;32mConnected to gazebo master @ [0m[1;32mhttp://127.0.0.1:11345[0m[1;32m
[gzserver-2] [0m[1;32m[0m[1;32m[0m[1;32m[Msg] [0m[1;32mPublicized address: [0m[1;32m192.168.0.11[0m[1;32m
[gzserver-2] [0m[1;32m[0m[1;32m[0m[1;32m[Msg] [0m[1;32mLoading world file [[0m[1;32m/home/j/INCSL/IICC26_ws/install/sjtu_drone_description/share/sjtu_drone_description/worlds/landingPad.world[0m[1;32m][0m[1;32m
[gzserver-2] [0m[1;32m[0m[1;32m[0m[1;36m[Dbg] [wind_plugin.cpp:96] [0m[1;36mWindPlugin loaded: speed=[0m[1;36m0[0m[1;36m dir=[0m[1;36m0[0m[1;36m deg area=[0m[1;36m0.1[0m[1;36m coeff=[0m[1;36m1[0m[1;36m
[gzserver-2] [0m[1;33m[0m[1;33m[0m[1;31m[Err] [Sensor.cc:510] [0m[1;31mGet noise index not valid[0m[1;31m
[gzserver-2] [0m[1;31m[0m[1;31m[0m[1;31m[Err] [Sensor.cc:510] [0m[1;31mGet noise index not valid[0m[1;31m
[gzserver-2] [0m[1;31m[0m[1;31m[0m[1;31m[Err] [Sensor.cc:510] [0m[1;31mGet noise index not valid[0m[1;31m
[gzserver-2] [0m[1;31m[0m[1;31m[0m[1;31m[Err] [Sensor.cc:510] [0m[1;31mGet noise index not valid[0m[1;31m
[gzserver-2] [0m[1;31m[0m[1;31m[0m[1;31m[Err] [Sensor.cc:510] [0m[1;31mGet noise index not valid[0m[1;31m
[gzserver-2] [0m[1;31m[0m[1;31m[0m[1;31m[Err] [Sensor.cc:510] [0m[1;31mGet noise index not valid[0m[1;31m
[gzserver-2] [0m[1;31m[0m[1;31m[0mTopic [default//drone/base_footprint/down_camera/image] is not valid.
[gzserver-2] [INFO] [1773166593.235277236] [drone.collision_plugin]: Publishing contact states to [/drone/bumper_states]
[gzserver-2] Topic [default//drone/base_footprint/front_camera/image] is not valid.
[gzserver-2] [1;33m[Wrn] [Event.cc:61] [0m[1;33mWarning: Deleting a connection right after creation. [0m[1;33mMake sure to save the ConnectionPtr from a Connect call
[INFO] [spawn_drone-5]: process has finished cleanly [pid 3568233]
[gzserver-2] [0m[INFO] [1773166593.810478575] [drone.camera_bottom]: Publishing camera info to [/drone/bottom/camera_info]
[gzserver-2] [INFO] [1773166593.813504418] [drone.camera_front]: Publishing camera info to [/drone/front/camera_info]
[gzserver-2] [INFO] [1773166593.934958348] [drone.simple_drone]: The drone plugin is loading!
[gzserver-2] [INFO] [1773166593.935161714] [drone.simple_drone]: pub_odom: 1
[gzserver-2] [INFO] [1773166593.935195650] [drone.simple_drone]: Using following parameters: 
[gzserver-2] 		link_name: base_footprint,
[gzserver-2] 		max_force: 30,
[gzserver-2] 		motion_small_noise: 0,
[gzserver-2] 		motion_drift_noise: 0,
[gzserver-2] 		motion_drift_noise_time: 50,
[gzserver-2] 		takeoff_hover_height: 1.91,
[gzserver-2] 		takeoff_vertical_speed: 0.2
[gzserver-2] [INFO] [1773166593.947098358] [drone.simple_drone]: Using the PID parameters: 
[gzserver-2] 	Roll Pitch:
[gzserver-2] 		kP: 10, kI: 0,kD: 5, Limit: 0.5, Time Constant: 0
[gzserver-2] 	Yaw:
[gzserver-2] 		kP: 2, kI: 0,kD: 1, Limit: 1.5, Time Constant: 0
[gzserver-2] 	Velocity X:
[gzserver-2] 		kP: 5, kI: 0,kD: 2.3, Limit: 2, Time Constant: 0
[gzserver-2] 	Velocity Y:
[gzserver-2] 		kP: 5, kI: 0,kD: 2.3, Limit: 2, Time Constant: 0
[gzserver-2] 	Velocity Z:
[gzserver-2] 		kP: 5, kI: 0,kD: 1, Limit: -1, Time Constant: 0
[gzserver-2] 	Position XY:
[gzserver-2] 		kP: 1.1, kI: 0,kD: 0, Limit: 5, Time Constant: 0
[gzserver-2] 	Position Z:
[gzserver-2] 		kP: 1, kI: 0,kD: 0.2, Limit: -1, Time Constant: 0
[gzserver-2] [INFO] [1773166593.947238461] [drone.simple_drone]: The drone plugin finished loading!
[gzserver-2] [INFO] [1773166601.165725397] [gazebo_wind_plugin_node]: WindPlugin: set wind_speed=0.00 wind_direction=0.0
[gzserver-2] [INFO] [1773166601.432973635] [gazebo_wind_plugin_node]: WindPlugin: set wind_speed=0.00 wind_direction=0.0
[gzserver-2] [INFO] [1773166601.466718786] [drone.simple_drone]: Quadrotor takes off!!
[gzserver-2] [INFO] [1773166601.668915716] [gazebo_wind_plugin_node]: WindPlugin: set wind_speed=0.00 wind_direction=0.0
[gzserver-2] [INFO] [1773166601.908653865] [gazebo_wind_plugin_node]: WindPlugin: set wind_speed=0.00 wind_direction=0.0
[gzserver-2] [INFO] [1773166602.148205628] [gazebo_wind_plugin_node]: WindPlugin: set wind_speed=0.00 wind_direction=0.0
[gzserver-2] [INFO] [1773166602.387939311] [gazebo_wind_plugin_node]: WindPlugin: set wind_speed=0.00 wind_direction=0.0
[gzserver-2] [INFO] [1773166602.622088625] [gazebo_wind_plugin_node]: WindPlugin: set wind_speed=0.00 wind_direction=0.0
[gzserver-2] [INFO] [1773166602.861696802] [gazebo_wind_plugin_node]: WindPlugin: set wind_speed=0.00 wind_direction=0.0
[gzserver-2] [0m[1;36m[Dbg] [wind_plugin.cpp:110] [0m[1;36mWindPlugin: received command -> speed=[0m[1;36m0[0m[1;36m dir=[0m[1;36m0[0m[1;36m
[gzserver-2] [0m[1;36m[Dbg] [wind_plugin.cpp:110] [0m[1;36mWindPlugin: received command -> speed=[0m[1;36m0[0m[1;36m dir=[0m[1;36m0[0m[1;36m
[gzserver-2] [0m[1;36m[Dbg] [wind_plugin.cpp:110] [0m[1;36mWindPlugin: received command -> speed=[0m[1;36m0[0m[1;36m dir=[0m[1;36m0[0m[1;36m
[gzserver-2] [0m[1;36m[Dbg] [wind_plugin.cpp:110] [0m[1;36mWindPlugin: received command -> speed=[0m[1;36m0[0m[1;36m dir=[0m[1;36m0[0m[1;36m
[gzserver-2] [0m[1;36m[Dbg] [wind_plugin.cpp:110] [0m[1;36mWindPlugin: received command -> speed=[0m[1;36m0[0m[1;36m dir=[0m[1;36m0[0m[1;36m
[gzserver-2] [0m[1;36m[Dbg] [wind_plugin.cpp:110] [0m[1;36mWindPlugin: received command -> speed=[0m[1;36m0[0m[1;36m dir=[0m[1;36m0[0m[1;36m
[gzserver-2] [0m[1;36m[Dbg] [wind_plugin.cpp:110] [0m[1;36mWindPlugin: received command -> speed=[0m[1;36m0[0m[1;36m dir=[0m[1;36m0[0m[1;36m
[gzserver-2] [0m[1;36m[Dbg] [wind_plugin.cpp:110] [0m[1;36mWindPlugin: received command -> speed=[0m[1;36m0[0m[1;36m dir=[0m[1;36m0[0m[1;36m
[gzserver-2] [0mEntering flying model!
[gzserver-2] [INFO] [1773166603.100938270] [gazebo_wind_plugin_node]: WindPlugin: set wind_speed=0.00 wind_direction=0.0
[gzserver-2] [INFO] [1773166603.335307293] [gazebo_wind_plugin_node]: WindPlugin: set wind_speed=0.32 wind_direction=-59.3
[gzserver-2] [INFO] [1773166603.569975181] [gazebo_wind_plugin_node]: WindPlugin: set wind_speed=0.32 wind_direction=-59.3
[gzserver-2] [INFO] [1773166603.803813830] [gazebo_wind_plugin_node]: WindPlugin: set wind_speed=0.44 wind_direction=-64.4
[gzserver-2] [INFO] [1773166604.043611310] [gazebo_wind_plugin_node]: WindPlugin: set wind_speed=0.44 wind_direction=-64.4
[gzserver-2] [INFO] [1773166604.283827900] [gazebo_wind_plugin_node]: WindPlugin: set wind_speed=0.44 wind_direction=-64.4
[gzserver-2] [INFO] [1773166604.523278419] [gazebo_wind_plugin_node]: WindPlugin: set wind_speed=0.44 wind_direction=-64.4
[gzserver-2] [INFO] [1773166604.757731565] [gazebo_wind_plugin_node]: WindPlugin: set wind_speed=0.32 wind_direction=-61.2
[gzserver-2] [INFO] [1773166604.997030081] [gazebo_wind_plugin_node]: WindPlugin: set wind_speed=0.32 wind_direction=-61.2
[gzserver-2] [INFO] [1773166605.236315671] [gazebo_wind_plugin_node]: WindPlugin: set wind_speed=0.32 wind_direction=-61.2
[gzserver-2] [INFO] [1773166605.475136616] [gazebo_wind_plugin_node]: WindPlugin: set wind_speed=0.32 wind_direction=-61.2
[gzserver-2] [INFO] [1773166605.714019366] [gazebo_wind_plugin_node]: WindPlugin: set wind_speed=0.32 wind_direction=-63.0
[gzserver-2] [INFO] [1773166605.953362226] [gazebo_wind_plugin_node]: WindPlugin: set wind_speed=0.32 wind_direction=-63.0
[gzserver-2] [INFO] [1773166606.182561198] [gazebo_wind_plugin_node]: WindPlugin: set wind_speed=0.32 wind_direction=-63.0
[gzserver-2] [INFO] [1773166606.416782497] [gazebo_wind_plugin_node]: WindPlugin: set wind_speed=0.32 wind_direction=-63.0
[gzserver-2] [INFO] [1773166606.656857783] [gazebo_wind_plugin_node]: WindPlugin: set wind_speed=0.32 wind_direction=-63.0
[gzserver-2] [INFO] [1773166606.896503094] [gazebo_wind_plugin_node]: WindPlugin: set wind_speed=0.28 wind_direction=-62.3
[gzserver-2] [INFO] [1773166607.136143852] [gazebo_wind_plugin_node]: WindPlugin: set wind_speed=0.28 wind_direction=-62.3
[gzserver-2] [INFO] [1773166607.375599328] [gazebo_wind_plugin_node]: WindPlugin: set wind_speed=0.28 wind_direction=-62.3
[gzserver-2] [INFO] [1773166607.413352027] [drone.simple_drone]: Quadrotor lands!!
[gzserver-2] [INFO] [1773166607.614739281] [gazebo_wind_plugin_node]: WindPlugin: set wind_speed=0.28 wind_direction=-62.3
[gzserver-2] [INFO] [1773166607.849106173] [gazebo_wind_plugin_node]: WindPlugin: set wind_speed=0.45 wind_direction=-60.3
[gzserver-2] [INFO] [1773166608.082214358] [gazebo_wind_plugin_node]: WindPlugin: set wind_speed=0.45 wind_direction=-60.3
[gzserver-2] [INFO] [1773166608.321690649] [gazebo_wind_plugin_node]: WindPlugin: set wind_speed=0.45 wind_direction=-60.3
[gzserver-2] [1;36m[Dbg] [wind_plugin.cpp:110] [0m[1;36mWindPlugin: received command -> speed=[0m[1;36m0[0m[1;36m dir=[0m[1;36m0[0m[1;36m
[gzserver-2] [0m[1;36m[Dbg] [wind_plugin.cpp:110] [0m[1;36mWindPlugin: received command -> speed=[0m[1;36m0.31543[0m[1;36m dir=[0m[1;36m-59.3482[0m[1;36m
[gzserver-2] [0m[1;36m[Dbg] [wind_plugin.cpp:110] [0m[1;36mWindPlugin: received command -> speed=[0m[1;36m0.31543[0m[1;36m dir=[0m[1;36m-59.3482[0m[1;36m
[gzserver-2] [0m[1;36m[Dbg] [wind_plugin.cpp:110] [0m[1;36mWindPlugin: received command -> speed=[0m[1;36m0.435341[0m[1;36m dir=[0m[1;36m-64.3556[0m[1;36m
[gzserver-2] [0m[1;36m[Dbg] [wind_plugin.cpp:110] [0m[1;36mWindPlugin: received command -> speed=[0m[1;36m0.435341[0m[1;36m dir=[0m[1;36m-64.3556[0m[1;36m
[gzserver-2] [0m[1;36m[Dbg] [wind_plugin.cpp:110] [0m[1;36mWindPlugin: received command -> speed=[0m[1;36m0.435341[0m[1;36m dir=[0m[1;36m-64.3556[0m[1;36m
[gzserver-2] [0m[1;36m[Dbg] [wind_plugin.cpp:110] [0m[1;36mWindPlugin: received command -> speed=[0m[1;36m0.435341[0m[1;36m dir=[0m[1;36m-64.3556[0m[1;36m
[gzserver-2] [0m[1;36m[Dbg] [wind_plugin.cpp:110] [0m[1;36mWindPlugin: received command -> speed=[0m[1;36m0.31812[0m[1;36m dir=[0m[1;36m-61.1523[0m[1;36m
[gzserver-2] [0m[1;36m[Dbg] [wind_plugin.cpp:110] [0m[1;36mWindPlugin: received command -> speed=[0m[1;36m0.31812[0m[1;36m dir=[0m[1;36m-61.1523[0m[1;36m
[gzserver-2] [0m[1;36m[Dbg] [wind_plugin.cpp:110] [0m[1;36mWindPlugin: received command -> speed=[0m[1;36m0.31812[0m[1;36m dir=[0m[1;36m-61.1523[0m[1;36m
[gzserver-2] [0m[1;36m[Dbg] [wind_plugin.cpp:110] [0m[1;36mWindPlugin: received command -> speed=[0m[1;36m0.31812[0m[1;36m dir=[0m[1;36m-61.1523[0m[1;36m
[gzserver-2] [0m[1;36m[Dbg] [wind_plugin.cpp:110] [0m[1;36mWindPlugin: received command -> speed=[0m[1;36m0.319817[0m[1;36m dir=[0m[1;36m-62.9605[0m[1;36m
[gzserver-2] [0m[1;36m[Dbg] [wind_plugin.cpp:110] [0m[1;36mWindPlugin: received command -> speed=[0m[1;36m0.319817[0m[1;36m dir=[0m[1;36m-62.9605[0m[1;36m
[gzserver-2] [0m[1;36m[Dbg] [wind_plugin.cpp:110] [0m[1;36mWindPlugin: received command -> speed=[0m[1;36m0.319817[0m[1;36m dir=[0m[1;36m-62.9605[0m[1;36m
[gzserver-2] [0m[1;36m[Dbg] [wind_plugin.cpp:110] [0m[1;36mWindPlugin: received command -> speed=[0m[1;36m0.319817[0m[1;36m dir=[0m[1;36m-62.9605[0m[1;36m
[gzserver-2] [0m[1;36m[Dbg] [wind_plugin.cpp:110] [0m[1;36mWindPlugin: received command -> speed=[0m[1;36m0.319817[0m[1;36m dir=[0m[1;36m-62.9605[0m[1;36m
[gzserver-2] [0m[1;36m[Dbg] [wind_plugin.cpp:110] [0m[1;36mWindPlugin: received command -> speed=[0m[1;36m0.283258[0m[1;36m dir=[0m[1;36m-62.3197[0m[1;36m
[gzserver-2] [0m[1;36m[Dbg] [wind_plugin.cpp:110] [0m[1;36mWindPlugin: received command -> speed=[0m[1;36m0.283258[0m[1;36m dir=[0m[1;36m-62.3197[0m[1;36m
[gzserver-2] [0m[1;36m[Dbg] [wind_plugin.cpp:110] [0m[1;36mWindPlugin: received command -> speed=[0m[1;36m0.283258[0m[1;36m dir=[0m[1;36m-62.3197[0m[1;36m
[gzserver-2] [0m[1;36m[Dbg] [wind_plugin.cpp:110] [0m[1;36mWindPlugin: received command -> speed=[0m[1;36m0.283258[0m[1;36m dir=[0m[1;36m-62.3197[0m[1;36m
[gzserver-2] [0m[1;36m[Dbg] [wind_plugin.cpp:110] [0m[1;36mWindPlugin: received command -> speed=[0m[1;36m0.45342[0m[1;36m dir=[0m[1;36m-60.275[0m[1;36m
[gzserver-2] [0m[1;36m[Dbg] [wind_plugin.cpp:110] [0m[1;36mWindPlugin: received command -> speed=[0m[1;36m0.45342[0m[1;36m dir=[0m[1;36m-60.275[0m[1;36m
[gzserver-2] [0m[1;36m[Dbg] [wind_plugin.cpp:110] [0m[1;36mWindPlugin: received command -> speed=[0m[1;36m0.45342[0m[1;36m dir=[0m[1;36m-60.275[0m[1;36m
[gzserver-2] [0mLanded!
[gzserver-2] [INFO] [1773166608.561386680] [gazebo_wind_plugin_node]: WindPlugin: set wind_speed=0.45 wind_direction=-60.3
[gzserver-2] [INFO] [1773166608.801076364] [gazebo_wind_plugin_node]: WindPlugin: set wind_speed=0.25 wind_direction=-65.1
[gzserver-2] [INFO] [1773166609.040505348] [gazebo_wind_plugin_node]: WindPlugin: set wind_speed=0.25 wind_direction=-65.1
[gzserver-2] [INFO] [1773166609.275868558] [gazebo_wind_plugin_node]: WindPlugin: set wind_speed=0.25 wind_direction=-65.1
[gzserver-2] [INFO] [1773166609.512511740] [gazebo_wind_plugin_node]: WindPlugin: set wind_speed=0.25 wind_direction=-65.1
[gzserver-2] [INFO] [1773166609.753397921] [gazebo_wind_plugin_node]: WindPlugin: set wind_speed=0.30 wind_direction=-66.1
[gzserver-2] [INFO] [1773166609.992697811] [gazebo_wind_plugin_node]: WindPlugin: set wind_speed=0.30 wind_direction=-66.1
[gzserver-2] [INFO] [1773166610.232165448] [gazebo_wind_plugin_node]: WindPlugin: set wind_speed=0.30 wind_direction=-66.1
