[INFO] [launch]: All log files can be found below /home/j/.ros/log/2026-03-11-07-59-54-557525-j-2058118
[INFO] [launch]: Default logging verbosity is set to INFO
[INFO] [launch.user]: [bringup] Apriltag config: camera=/drone/bottom, image=/drone/bottom/image_raw, tags=/drone/bottom/tags, bridge=/landing_tag_state, standalone=true, use_target_id=true, target_id=0
[INFO] [rviz2-1]: process started with pid [2058123]
[INFO] [gzserver-2]: process started with pid [2058125]
[INFO] [robot_state_publisher-3]: process started with pid [2058127]
[INFO] [joint_state_publisher-4]: process started with pid [2058129]
[INFO] [spawn_drone-5]: process started with pid [2058131]
[INFO] [static_transform_publisher-6]: process started with pid [2058133]
[INFO] [joy_node-7]: process started with pid [2058135]
[INFO] [teleop_joystick-8]: process started with pid [2058137]
[INFO] [apriltag_detector_node-9]: process started with pid [2058139]
[INFO] [apriltag_state_bridge-10]: process started with pid [2058142]
[static_transform_publisher-6] [WARN] [1773183595.030131173] []: Old-style arguments are deprecated; see --help for new-style arguments
[static_transform_publisher-6] [INFO] [1773183595.037609951] [static_transform_publisher_pduQ2ZEtnxBd5wMn]: Spinning until stopped - publishing transform
[static_transform_publisher-6] translation: ('0.000000', '0.000000', '0.000000')
[static_transform_publisher-6] rotation: ('0.000000', '0.000000', '0.000000', '1.000000')
[static_transform_publisher-6] from 'world' to '/drone/odom'
[robot_state_publisher-3] [INFO] [1773183595.056626896] [drone.robot_state_publisher]: got segment base_footprint
[robot_state_publisher-3] [INFO] [1773183595.056691832] [drone.robot_state_publisher]: got segment base_link
[robot_state_publisher-3] [INFO] [1773183595.056697448] [drone.robot_state_publisher]: got segment bottom_cam_link
[robot_state_publisher-3] [INFO] [1773183595.056700535] [drone.robot_state_publisher]: got segment front_cam_link
[robot_state_publisher-3] [INFO] [1773183595.056703443] [drone.robot_state_publisher]: got segment sonar_link
[rviz2-1] 
[rviz2-1] (rviz2:2058123): dbind-WARNING **: 07:59:55.062: Couldn't connect to accessibility bus: Failed to connect to socket /root/.cache/at-spi/bus_0: 허가 거부
[apriltag_detector_node-9] [INFO] [1773183595.067459395] [apriltag_detector_node]: tag detector type: umich
[teleop_joystick-8] Traceback (most recent call last):
[teleop_joystick-8]   File "/home/j/INCSL/IICC26_ws/install/sjtu_drone_control/lib/sjtu_drone_control/teleop_joystick", line 33, in <module>
[teleop_joystick-8]     sys.exit(load_entry_point('sjtu_drone_control==0.0.0', 'console_scripts', 'teleop_joystick')())
[teleop_joystick-8]   File "/home/j/INCSL/IICC26_ws/install/sjtu_drone_control/lib/sjtu_drone_control/teleop_joystick", line 22, in importlib_load_entry_point
[teleop_joystick-8]     for entry_point in distribution(dist_name).entry_points
[teleop_joystick-8]   File "/usr/lib/python3.10/importlib/metadata/__init__.py", line 969, in distribution
[teleop_joystick-8]     return Distribution.from_name(distribution_name)
[teleop_joystick-8]   File "/usr/lib/python3.10/importlib/metadata/__init__.py", line 548, in from_name
[teleop_joystick-8]     raise PackageNotFoundError(name)
[teleop_joystick-8] importlib.metadata.PackageNotFoundError: No package metadata was found for sjtu_drone_control
[ERROR] [teleop_joystick-8]: process has died [pid 2058137, exit code 1, cmd '/home/j/INCSL/IICC26_ws/install/sjtu_drone_control/lib/sjtu_drone_control/teleop_joystick --ros-args -r __ns:=/drone'].
[gzserver-2] Gazebo multi-robot simulator, version 11.10.2
[gzserver-2] Copyright (C) 2012 Open Source Robotics Foundation.
[gzserver-2] Released under the Apache 2 License.
[gzserver-2] http://gazebosim.org
[gzserver-2] 
[joint_state_publisher-4] [INFO] [1773183595.288135243] [drone.joint_state_publisher]: Waiting for robot_description to be published on the robot_description topic...
[apriltag_state_bridge-10] [INFO] [1773183595.290543101] [apriltag_state_bridge]: AprilTag bridge started: /drone/bottom/tags -> /landing_tag_state, use_target_id=True, target_id=0
[gzserver-2] [1;33m[Wrn] [gazebo_ros_init.cpp:178] [0m[1;33m
[gzserver-2] #     # ####### ####### ###  #####  #######
[gzserver-2] ##    # #     #    #     #  #     # #
[gzserver-2] # #   # #     #    #     #  #       #
[gzserver-2] #  #  # #     #    #     #  #       #####
[gzserver-2] #   # # #     #    #     #  #       #
[gzserver-2] #    ## #     #    #     #  #     # #
[gzserver-2] #     # #######    #    ###  #####  #######
[gzserver-2] 
[gzserver-2] This version of Gazebo, now called Gazebo classic, reaches end-of-life
[gzserver-2] in January 2025. Users are highly encouraged to migrate to the new Gazebo
[gzserver-2] using our migration guides (https://gazebosim.org/docs/latest/gazebo_classic_migration?utm_source=gazebo_ros_pkgs&utm_medium=cli)
[gzserver-2] 
[gzserver-2] [0m[1;33m
[rviz2-1] [INFO] [1773183595.876521493] [rviz2]: Stereo is NOT SUPPORTED
[rviz2-1] [INFO] [1773183595.876614702] [rviz2]: OpenGl version: 4.6 (GLSL 4.6)
[rviz2-1] [INFO] [1773183595.986219001] [rviz2]: Stereo is NOT SUPPORTED
[rviz2-1] [INFO] [1773183596.078594351] [rviz2]: Stereo is NOT SUPPORTED
[spawn_drone-5] [INFO] [1773183596.313190916] [spawn_drone]: Result False Entity pushed to spawn queue, but spawn service timed outwaiting for entity to appear in simulation under the name [/drone]
[gzserver-2] [1;32m[Msg] [0m[1;32mWaiting for master.[0m[1;32m
[gzserver-2] [0m[1;32m[0m[1;32m[0m[1;32m[Msg] [0m[1;32mConnected to gazebo master @ [0m[1;32mhttp://127.0.0.1:11345[0m[1;32m
[gzserver-2] [0m[1;32m[0m[1;32m[0m[1;32m[Msg] [0m[1;32mPublicized address: [0m[1;32m192.168.0.11[0m[1;32m
[gzserver-2] [0m[1;32m[0m[1;32m[0m[1;32m[Msg] [0m[1;32mLoading world file [[0m[1;32m/home/j/INCSL/IICC26_ws/install/sjtu_drone_description/share/sjtu_drone_description/worlds/landingPad.world[0m[1;32m][0m[1;32m
[gzserver-2] [0m[1;32m[0m[1;32m[0m[1;36m[Dbg] [wind_plugin.cpp:96] [0m[1;36mWindPlugin loaded: speed=[0m[1;36m0[0m[1;36m dir=[0m[1;36m0[0m[1;36m deg area=[0m[1;36m0.1[0m[1;36m coeff=[0m[1;36m1[0m[1;36m
[gzserver-2] [0m[1;33m[0m[1;33m[0m[1;31m[Err] [Sensor.cc:510] [0m[1;31mGet noise index not valid[0m[1;31m
[gzserver-2] [0m[1;31m[0m[1;31m[0m[1;31m[Err] [Sensor.cc:510] [0m[1;31mGet noise index not valid[0m[1;31m
[gzserver-2] [0m[1;31m[0m[1;31m[0m[1;31m[Err] [Sensor.cc:510] [0m[1;31mGet noise index not valid[0m[1;31m
[gzserver-2] [0m[1;31m[0m[1;31m[0m[1;31m[Err] [Sensor.cc:510] [0m[1;31mGet noise index not valid[0m[1;31m
[gzserver-2] [0m[1;31m[0m[1;31m[0m[1;31m[Err] [Sensor.cc:510] [0m[1;31mGet noise index not valid[0m[1;31m
[gzserver-2] [0m[1;31m[0m[1;31m[0m[1;31m[Err] [Sensor.cc:510] [0m[1;31mGet noise index not valid[0m[1;31m
[gzserver-2] [0m[1;31m[0m[1;31m[0mTopic [default//drone/base_footprint/down_camera/image] is not valid.
[gzserver-2] [INFO] [1773183596.367070498] [drone.collision_plugin]: Publishing contact states to [/drone/bumper_states]
[gzserver-2] Topic [default//drone/base_footprint/front_camera/image] is not valid.
[gzserver-2] [1;33m[Wrn] [Event.cc:61] [0m[1;33mWarning: Deleting a connection right after creation. [0m[1;33mMake sure to save the ConnectionPtr from a Connect call
[INFO] [spawn_drone-5]: process has finished cleanly [pid 2058131]
[gzserver-2] [0m[INFO] [1773183597.127530894] [drone.camera_bottom]: Publishing camera info to [/drone/bottom/camera_info]
[gzserver-2] [INFO] [1773183597.130159989] [drone.camera_front]: Publishing camera info to [/drone/front/camera_info]
[gzserver-2] [INFO] [1773183597.252431895] [drone.simple_drone]: The drone plugin is loading!
[gzserver-2] [INFO] [1773183597.252635714] [drone.simple_drone]: pub_odom: 1
[gzserver-2] [INFO] [1773183597.252667908] [drone.simple_drone]: Using following parameters: 
[gzserver-2] 		link_name: base_footprint,
[gzserver-2] 		max_force: 30,
[gzserver-2] 		motion_small_noise: 0,
[gzserver-2] 		motion_drift_noise: 0,
[gzserver-2] 		motion_drift_noise_time: 50,
[gzserver-2] 		takeoff_hover_height: 1.78,
[gzserver-2] 		takeoff_vertical_speed: 0.2
[gzserver-2] [INFO] [1773183597.264509614] [drone.simple_drone]: Using the PID parameters: 
[gzserver-2] 	Roll Pitch:
[gzserver-2] 		kP: 10, kI: 0,kD: 5, Limit: 0.5, Time Constant: 0
[gzserver-2] 	Yaw:
[gzserver-2] 		kP: 2, kI: 0,kD: 1, Limit: 1.5, Time Constant: 0
[gzserver-2] 	Velocity X:
[gzserver-2] 		kP: 5, kI: 0,kD: 2.3, Limit: 2, Time Constant: 0
[gzserver-2] 	Velocity Y:
[gzserver-2] 		kP: 5, kI: 0,kD: 2.3, Limit: 2, Time Constant: 0
[gzserver-2] 	Velocity Z:
[gzserver-2] 		kP: 5, kI: 0,kD: 1, Limit: -1, Time Constant: 0
[gzserver-2] 	Position XY:
[gzserver-2] 		kP: 1.1, kI: 0,kD: 0, Limit: 5, Time Constant: 0
[gzserver-2] 	Position Z:
[gzserver-2] 		kP: 1, kI: 0,kD: 0.2, Limit: -1, Time Constant: 0
[gzserver-2] [INFO] [1773183597.264631905] [drone.simple_drone]: The drone plugin finished loading!
[gzserver-2] [INFO] [1773183604.381685837] [gazebo_wind_plugin_node]: WindPlugin: set wind_speed=0.00 wind_direction=0.0
[gzserver-2] [INFO] [1773183604.653422178] [gazebo_wind_plugin_node]: WindPlugin: set wind_speed=0.00 wind_direction=0.0
[gzserver-2] [INFO] [1773183604.687934567] [drone.simple_drone]: Quadrotor takes off!!
[gzserver-2] [INFO] [1773183604.888843361] [gazebo_wind_plugin_node]: WindPlugin: set wind_speed=0.00 wind_direction=0.0
[gzserver-2] [INFO] [1773183605.128450691] [gazebo_wind_plugin_node]: WindPlugin: set wind_speed=0.00 wind_direction=0.0
[gzserver-2] [INFO] [1773183605.370005247] [gazebo_wind_plugin_node]: WindPlugin: set wind_speed=0.00 wind_direction=0.0
[gzserver-2] [INFO] [1773183605.609336308] [gazebo_wind_plugin_node]: WindPlugin: set wind_speed=0.00 wind_direction=0.0
[gzserver-2] [INFO] [1773183605.843543806] [gazebo_wind_plugin_node]: WindPlugin: set wind_speed=0.00 wind_direction=0.0
[gzserver-2] [INFO] [1773183606.083178059] [gazebo_wind_plugin_node]: WindPlugin: set wind_speed=0.00 wind_direction=0.0
[gzserver-2] [0m[1;36m[Dbg] [wind_plugin.cpp:110] [0m[1;36mWindPlugin: received command -> speed=[0m[1;36m0[0m[1;36m dir=[0m[1;36m0[0m[1;36m
[gzserver-2] [0m[1;36m[Dbg] [wind_plugin.cpp:110] [0m[1;36mWindPlugin: received command -> speed=[0m[1;36m0[0m[1;36m dir=[0m[1;36m0[0m[1;36m
[gzserver-2] [0m[1;36m[Dbg] [wind_plugin.cpp:110] [0m[1;36mWindPlugin: received command -> speed=[0m[1;36m0[0m[1;36m dir=[0m[1;36m0[0m[1;36m
[gzserver-2] [0m[1;36m[Dbg] [wind_plugin.cpp:110] [0m[1;36mWindPlugin: received command -> speed=[0m[1;36m0[0m[1;36m dir=[0m[1;36m0[0m[1;36m
[gzserver-2] [0m[1;36m[Dbg] [wind_plugin.cpp:110] [0m[1;36mWindPlugin: received command -> speed=[0m[1;36m0[0m[1;36m dir=[0m[1;36m0[0m[1;36m
[gzserver-2] [0m[1;36m[Dbg] [wind_plugin.cpp:110] [0m[1;36mWindPlugin: received command -> speed=[0m[1;36m0[0m[1;36m dir=[0m[1;36m0[0m[1;36m
[gzserver-2] [0m[1;36m[Dbg] [wind_plugin.cpp:110] [0m[1;36mWindPlugin: received command -> speed=[0m[1;36m0[0m[1;36m dir=[0m[1;36m0[0m[1;36m
[gzserver-2] [0m[1;36m[Dbg] [wind_plugin.cpp:110] [0m[1;36mWindPlugin: received command -> speed=[0m[1;36m0[0m[1;36m dir=[0m[1;36m0[0m[1;36m
[gzserver-2] [0mEntering flying model!
[gzserver-2] [INFO] [1773183606.317949483] [gazebo_wind_plugin_node]: WindPlugin: set wind_speed=0.00 wind_direction=0.0
[gzserver-2] [INFO] [1773183606.557870454] [gazebo_wind_plugin_node]: WindPlugin: set wind_speed=2.12 wind_direction=-76.7
[gzserver-2] [INFO] [1773183606.781816015] [gazebo_wind_plugin_node]: WindPlugin: set wind_speed=2.12 wind_direction=-76.7
[gzserver-2] [INFO] [1773183607.016440432] [gazebo_wind_plugin_node]: WindPlugin: set wind_speed=2.24 wind_direction=-74.7
[gzserver-2] [INFO] [1773183607.250604036] [gazebo_wind_plugin_node]: WindPlugin: set wind_speed=2.24 wind_direction=-74.7
[gzserver-2] [INFO] [1773183607.490012234] [gazebo_wind_plugin_node]: WindPlugin: set wind_speed=2.24 wind_direction=-74.7
[gzserver-2] [INFO] [1773183607.730108143] [gazebo_wind_plugin_node]: WindPlugin: set wind_speed=2.24 wind_direction=-74.7
[gzserver-2] [INFO] [1773183607.964207974] [gazebo_wind_plugin_node]: WindPlugin: set wind_speed=2.14 wind_direction=-74.4
[gzserver-2] [INFO] [1773183608.203981495] [gazebo_wind_plugin_node]: WindPlugin: set wind_speed=2.14 wind_direction=-74.4
[gzserver-2] [INFO] [1773183608.443767425] [gazebo_wind_plugin_node]: WindPlugin: set wind_speed=2.14 wind_direction=-74.4
[gzserver-2] [INFO] [1773183608.678165206] [gazebo_wind_plugin_node]: WindPlugin: set wind_speed=2.14 wind_direction=-74.4
[gzserver-2] [INFO] [1773183608.917054638] [gazebo_wind_plugin_node]: WindPlugin: set wind_speed=2.21 wind_direction=-77.9
[gzserver-2] [INFO] [1773183609.151911726] [gazebo_wind_plugin_node]: WindPlugin: set wind_speed=2.21 wind_direction=-77.9
[gzserver-2] [INFO] [1773183609.385953420] [gazebo_wind_plugin_node]: WindPlugin: set wind_speed=2.21 wind_direction=-77.9
[gzserver-2] [INFO] [1773183609.419848506] [drone.simple_drone]: Quadrotor lands!!
[gzserver-2] [INFO] [1773183609.622567239] [gazebo_wind_plugin_node]: WindPlugin: set wind_speed=2.21 wind_direction=-77.9
[gzserver-2] [INFO] [1773183609.862758164] [gazebo_wind_plugin_node]: WindPlugin: set wind_speed=2.21 wind_direction=-77.9
[gzserver-2] [INFO] [1773183610.102108404] [gazebo_wind_plugin_node]: WindPlugin: set wind_speed=2.15 wind_direction=-76.2
[gzserver-2] [INFO] [1773183610.342189788] [gazebo_wind_plugin_node]: WindPlugin: set wind_speed=2.15 wind_direction=-76.2
[gzserver-2] [1;36m[Dbg] [wind_plugin.cpp:110] [0m[1;36mWindPlugin: received command -> speed=[0m[1;36m0[0m[1;36m dir=[0m[1;36m0[0m[1;36m
[gzserver-2] [0m[1;36m[Dbg] [wind_plugin.cpp:110] [0m[1;36mWindPlugin: received command -> speed=[0m[1;36m2.12051[0m[1;36m dir=[0m[1;36m-76.7489[0m[1;36m
[gzserver-2] [0m[1;36m[Dbg] [wind_plugin.cpp:110] [0m[1;36mWindPlugin: received command -> speed=[0m[1;36m2.12051[0m[1;36m dir=[0m[1;36m-76.7489[0m[1;36m
[gzserver-2] [0m[1;36m[Dbg] [wind_plugin.cpp:110] [0m[1;36mWindPlugin: received command -> speed=[0m[1;36m2.24481[0m[1;36m dir=[0m[1;36m-74.6672[0m[1;36m
[gzserver-2] [0m[1;36m[Dbg] [wind_plugin.cpp:110] [0m[1;36mWindPlugin: received command -> speed=[0m[1;36m2.24481[0m[1;36m dir=[0m[1;36m-74.6672[0m[1;36m
[gzserver-2] [0m[1;36m[Dbg] [wind_plugin.cpp:110] [0m[1;36mWindPlugin: received command -> speed=[0m[1;36m2.24481[0m[1;36m dir=[0m[1;36m-74.6672[0m[1;36m
[gzserver-2] [0m[1;36m[Dbg] [wind_plugin.cpp:110] [0m[1;36mWindPlugin: received command -> speed=[0m[1;36m2.24481[0m[1;36m dir=[0m[1;36m-74.6672[0m[1;36m
[gzserver-2] [0m[1;36m[Dbg] [wind_plugin.cpp:110] [0m[1;36mWindPlugin: received command -> speed=[0m[1;36m2.13958[0m[1;36m dir=[0m[1;36m-74.4303[0m[1;36m
[gzserver-2] [0m[1;36m[Dbg] [wind_plugin.cpp:110] [0m[1;36mWindPlugin: received command -> speed=[0m[1;36m2.13958[0m[1;36m dir=[0m[1;36m-74.4303[0m[1;36m
[gzserver-2] [0m[1;36m[Dbg] [wind_plugin.cpp:110] [0m[1;36mWindPlugin: received command -> speed=[0m[1;36m2.13958[0m[1;36m dir=[0m[1;36m-74.4303[0m[1;36m
[gzserver-2] [0m[1;36m[Dbg] [wind_plugin.cpp:110] [0m[1;36mWindPlugin: received command -> speed=[0m[1;36m2.13958[0m[1;36m dir=[0m[1;36m-74.4303[0m[1;36m
[gzserver-2] [0m[1;36m[Dbg] [wind_plugin.cpp:110] [0m[1;36mWindPlugin: received command -> speed=[0m[1;36m2.20549[0m[1;36m dir=[0m[1;36m-77.8849[0m[1;36m
[gzserver-2] [0m[1;36m[Dbg] [wind_plugin.cpp:110] [0m[1;36mWindPlugin: received command -> speed=[0m[1;36m2.20549[0m[1;36m dir=[0m[1;36m-77.8849[0m[1;36m
[gzserver-2] [0m[1;36m[Dbg] [wind_plugin.cpp:110] [0m[1;36mWindPlugin: received command -> speed=[0m[1;36m2.20549[0m[1;36m dir=[0m[1;36m-77.8849[0m[1;36m
[gzserver-2] [0m[1;36m[Dbg] [wind_plugin.cpp:110] [0m[1;36mWindPlugin: received command -> speed=[0m[1;36m2.20549[0m[1;36m dir=[0m[1;36m-77.8849[0m[1;36m
[gzserver-2] [0m[1;36m[Dbg] [wind_plugin.cpp:110] [0m[1;36mWindPlugin: received command -> speed=[0m[1;36m2.20549[0m[1;36m dir=[0m[1;36m-77.8849[0m[1;36m
[gzserver-2] [0m[1;36m[Dbg] [wind_plugin.cpp:110] [0m[1;36mWindPlugin: received command -> speed=[0m[1;36m2.14706[0m[1;36m dir=[0m[1;36m-76.1769[0m[1;36m
[gzserver-2] [0m[1;36m[Dbg] [wind_plugin.cpp:110] [0m[1;36mWindPlugin: received command -> speed=[0m[1;36m2.14706[0m[1;36m dir=[0m[1;36m-76.1769[0m[1;36m
[gzserver-2] [0mLanded!
[gzserver-2] [INFO] [1773183610.576449036] [gazebo_wind_plugin_node]: WindPlugin: set wind_speed=2.15 wind_direction=-76.2
[gzserver-2] [INFO] [1773183610.810997854] [gazebo_wind_plugin_node]: WindPlugin: set wind_speed=2.15 wind_direction=-76.2
[gzserver-2] [INFO] [1773183611.050340931] [gazebo_wind_plugin_node]: WindPlugin: set wind_speed=2.25 wind_direction=-79.9
[gzserver-2] [INFO] [1773183611.289914852] [gazebo_wind_plugin_node]: WindPlugin: set wind_speed=2.25 wind_direction=-79.9
[gzserver-2] [INFO] [1773183611.524694332] [gazebo_wind_plugin_node]: WindPlugin: set wind_speed=2.25 wind_direction=-79.9
[gzserver-2] [INFO] [1773183611.764728846] [gazebo_wind_plugin_node]: WindPlugin: set wind_speed=2.25 wind_direction=-79.9
[gzserver-2] [INFO] [1773183612.006473148] [gazebo_wind_plugin_node]: WindPlugin: set wind_speed=2.33 wind_direction=-80.2
[gzserver-2] [INFO] [1773183612.241529066] [gazebo_wind_plugin_node]: WindPlugin: set wind_speed=2.33 wind_direction=-80.2
