[INFO] [launch]: All log files can be found below /home/j/.ros/log/2026-03-10-14-17-26-214451-j-2224142
[INFO] [launch]: Default logging verbosity is set to INFO
[INFO] [launch.user]: [bringup] Apriltag config: camera=/drone/bottom, image=/drone/bottom/image_raw, tags=/drone/bottom/tags, bridge=/landing_tag_state, standalone=true, use_target_id=true, target_id=0
[INFO] [rviz2-1]: process started with pid [2224145]
[INFO] [gzserver-2]: process started with pid [2224147]
[INFO] [robot_state_publisher-3]: process started with pid [2224149]
[INFO] [joint_state_publisher-4]: process started with pid [2224151]
[INFO] [spawn_drone-5]: process started with pid [2224153]
[INFO] [static_transform_publisher-6]: process started with pid [2224155]
[INFO] [joy_node-7]: process started with pid [2224157]
[INFO] [teleop_joystick-8]: process started with pid [2224159]
[INFO] [apriltag_detector_node-9]: process started with pid [2224161]
[INFO] [apriltag_state_bridge-10]: process started with pid [2224163]
[static_transform_publisher-6] [WARN] [1773119846.693813579] []: Old-style arguments are deprecated; see --help for new-style arguments
[static_transform_publisher-6] [INFO] [1773119846.699624904] [static_transform_publisher_BkPMMQkF6uIY7ps2]: Spinning until stopped - publishing transform
[static_transform_publisher-6] translation: ('0.000000', '0.000000', '0.000000')
[static_transform_publisher-6] rotation: ('0.000000', '0.000000', '0.000000', '1.000000')
[static_transform_publisher-6] from 'world' to '/drone/odom'
[rviz2-1] 
[rviz2-1] (rviz2:2224145): dbind-WARNING **: 14:17:26.717: Couldn't connect to accessibility bus: Failed to connect to socket /root/.cache/at-spi/bus_0: 허가 거부
[robot_state_publisher-3] [INFO] [1773119846.722418460] [drone.robot_state_publisher]: got segment base_footprint
[robot_state_publisher-3] [INFO] [1773119846.722514324] [drone.robot_state_publisher]: got segment base_link
[robot_state_publisher-3] [INFO] [1773119846.722526576] [drone.robot_state_publisher]: got segment bottom_cam_link
[robot_state_publisher-3] [INFO] [1773119846.722534467] [drone.robot_state_publisher]: got segment front_cam_link
[robot_state_publisher-3] [INFO] [1773119846.722541373] [drone.robot_state_publisher]: got segment sonar_link
[apriltag_detector_node-9] [INFO] [1773119846.727604466] [apriltag_detector_node]: tag detector type: umich
[teleop_joystick-8] Traceback (most recent call last):
[teleop_joystick-8]   File "/home/j/INCSL/IICC26_ws/install/sjtu_drone_control/lib/sjtu_drone_control/teleop_joystick", line 33, in <module>
[teleop_joystick-8]     sys.exit(load_entry_point('sjtu_drone_control==0.0.0', 'console_scripts', 'teleop_joystick')())
[teleop_joystick-8]   File "/home/j/INCSL/IICC26_ws/install/sjtu_drone_control/lib/sjtu_drone_control/teleop_joystick", line 22, in importlib_load_entry_point
[teleop_joystick-8]     for entry_point in distribution(dist_name).entry_points
[teleop_joystick-8]   File "/usr/lib/python3.10/importlib/metadata/__init__.py", line 969, in distribution
[teleop_joystick-8]     return Distribution.from_name(distribution_name)
[teleop_joystick-8]   File "/usr/lib/python3.10/importlib/metadata/__init__.py", line 548, in from_name
[teleop_joystick-8]     raise PackageNotFoundError(name)
[teleop_joystick-8] importlib.metadata.PackageNotFoundError: No package metadata was found for sjtu_drone_control
[ERROR] [teleop_joystick-8]: process has died [pid 2224159, exit code 1, cmd '/home/j/INCSL/IICC26_ws/install/sjtu_drone_control/lib/sjtu_drone_control/teleop_joystick --ros-args -r __ns:=/drone'].
[gzserver-2] Gazebo multi-robot simulator, version 11.10.2
[gzserver-2] Copyright (C) 2012 Open Source Robotics Foundation.
[gzserver-2] Released under the Apache 2 License.
[gzserver-2] http://gazebosim.org
[gzserver-2] 
[apriltag_state_bridge-10] [INFO] [1773119846.943128264] [apriltag_state_bridge]: AprilTag bridge started: /drone/bottom/tags -> /landing_tag_state, use_target_id=True, target_id=0
[joint_state_publisher-4] [INFO] [1773119846.981481717] [drone.joint_state_publisher]: Waiting for robot_description to be published on the robot_description topic...
[gzserver-2] [1;33m[Wrn] [gazebo_ros_init.cpp:178] [0m[1;33m
[gzserver-2] #     # ####### ####### ###  #####  #######
[gzserver-2] ##    # #     #    #     #  #     # #
[gzserver-2] # #   # #     #    #     #  #       #
[gzserver-2] #  #  # #     #    #     #  #       #####
[gzserver-2] #   # # #     #    #     #  #       #
[gzserver-2] #    ## #     #    #     #  #     # #
[gzserver-2] #     # #######    #    ###  #####  #######
[gzserver-2] 
[gzserver-2] This version of Gazebo, now called Gazebo classic, reaches end-of-life
[gzserver-2] in January 2025. Users are highly encouraged to migrate to the new Gazebo
[gzserver-2] using our migration guides (https://gazebosim.org/docs/latest/gazebo_classic_migration?utm_source=gazebo_ros_pkgs&utm_medium=cli)
[gzserver-2] 
[gzserver-2] [0m[1;33m
[rviz2-1] [INFO] [1773119847.514385053] [rviz2]: Stereo is NOT SUPPORTED
[rviz2-1] [INFO] [1773119847.514499192] [rviz2]: OpenGl version: 4.6 (GLSL 4.6)
[rviz2-1] [INFO] [1773119847.604085088] [rviz2]: Stereo is NOT SUPPORTED
[rviz2-1] [INFO] [1773119847.693706025] [rviz2]: Stereo is NOT SUPPORTED
[spawn_drone-5] [INFO] [1773119848.115396851] [spawn_drone]: Result False Entity pushed to spawn queue, but spawn service timed outwaiting for entity to appear in simulation under the name [/drone]
[gzserver-2] [1;32m[Msg] [0m[1;32mWaiting for master.[0m[1;32m
[gzserver-2] [0m[1;32m[0m[1;32m[0m[1;32m[Msg] [0m[1;32mConnected to gazebo master @ [0m[1;32mhttp://127.0.0.1:11345[0m[1;32m
[gzserver-2] [0m[1;32m[0m[1;32m[0m[1;32m[Msg] [0m[1;32mPublicized address: [0m[1;32m172.16.52.147[0m[1;32m
[gzserver-2] [0m[1;32m[0m[1;32m[0m[1;32m[Msg] [0m[1;32mLoading world file [[0m[1;32m/home/j/INCSL/IICC26_ws/install/sjtu_drone_description/share/sjtu_drone_description/worlds/landingPad.world[0m[1;32m][0m[1;32m
[gzserver-2] [0m[1;32m[0m[1;32m[0m[1;36m[Dbg] [wind_plugin.cpp:96] [0m[1;36mWindPlugin loaded: speed=[0m[1;36m0[0m[1;36m dir=[0m[1;36m0[0m[1;36m deg area=[0m[1;36m0.1[0m[1;36m coeff=[0m[1;36m1[0m[1;36m
[gzserver-2] [0m[1;33m[0m[1;33m[0m[1;31m[Err] [Sensor.cc:510] [0m[1;31mGet noise index not valid[0m[1;31m
[gzserver-2] [0m[1;31m[0m[1;31m[0m[1;31m[Err] [Sensor.cc:510] [0m[1;31mGet noise index not valid[0m[1;31m
[gzserver-2] [0m[1;31m[0m[1;31m[0m[1;31m[Err] [Sensor.cc:510] [0m[1;31mGet noise index not valid[0m[1;31m
[gzserver-2] [0m[1;31m[0m[1;31m[0m[1;31m[Err] [Sensor.cc:510] [0m[1;31mGet noise index not valid[0m[1;31m
[gzserver-2] [0m[1;31m[0m[1;31m[0m[1;31m[Err] [Sensor.cc:510] [0m[1;31mGet noise index not valid[0m[1;31m
[gzserver-2] [0m[1;31m[0m[1;31m[0m[1;31m[Err] [Sensor.cc:510] [0m[1;31mGet noise index not valid[0m[1;31m
[gzserver-2] [0m[1;31m[0m[1;31m[0mTopic [default//drone/base_footprint/down_camera/image] is not valid.
[gzserver-2] [INFO] [1773119848.145720826] [drone.collision_plugin]: Publishing contact states to [/drone/bumper_states]
[gzserver-2] Topic [default//drone/base_footprint/front_camera/image] is not valid.
[gzserver-2] [1;33m[Wrn] [Event.cc:61] [0m[1;33mWarning: Deleting a connection right after creation. [0m[1;33mMake sure to save the ConnectionPtr from a Connect call
[INFO] [spawn_drone-5]: process has finished cleanly [pid 2224153]
[gzserver-2] [0m[INFO] [1773119848.717294246] [drone.camera_bottom]: Publishing camera info to [/drone/bottom/camera_info]
[gzserver-2] [INFO] [1773119848.720378386] [drone.camera_front]: Publishing camera info to [/drone/front/camera_info]
[gzserver-2] [INFO] [1773119848.842165447] [drone.simple_drone]: The drone plugin is loading!
[gzserver-2] [INFO] [1773119848.842371921] [drone.simple_drone]: pub_odom: 1
[gzserver-2] [INFO] [1773119848.842406207] [drone.simple_drone]: Using following parameters: 
[gzserver-2] 		link_name: base_footprint,
[gzserver-2] 		max_force: 30,
[gzserver-2] 		motion_small_noise: 0,
[gzserver-2] 		motion_drift_noise: 0,
[gzserver-2] 		motion_drift_noise_time: 50,
[gzserver-2] 		takeoff_hover_height: 1.74,
[gzserver-2] 		takeoff_vertical_speed: 0.2
[gzserver-2] [INFO] [1773119848.853910813] [drone.simple_drone]: Using the PID parameters: 
[gzserver-2] 	Roll Pitch:
[gzserver-2] 		kP: 10, kI: 0,kD: 5, Limit: 0.5, Time Constant: 0
[gzserver-2] 	Yaw:
[gzserver-2] 		kP: 2, kI: 0,kD: 1, Limit: 1.5, Time Constant: 0
[gzserver-2] 	Velocity X:
[gzserver-2] 		kP: 5, kI: 0,kD: 2.3, Limit: 2, Time Constant: 0
[gzserver-2] 	Velocity Y:
[gzserver-2] 		kP: 5, kI: 0,kD: 2.3, Limit: 2, Time Constant: 0
[gzserver-2] 	Velocity Z:
[gzserver-2] 		kP: 5, kI: 0,kD: 1, Limit: -1, Time Constant: 0
[gzserver-2] 	Position XY:
[gzserver-2] 		kP: 1.1, kI: 0,kD: 0, Limit: 5, Time Constant: 0
[gzserver-2] 	Position Z:
[gzserver-2] 		kP: 1, kI: 0,kD: 0.2, Limit: -1, Time Constant: 0
[gzserver-2] [INFO] [1773119848.854037254] [drone.simple_drone]: The drone plugin finished loading!
[gzserver-2] [INFO] [1773119856.032783492] [gazebo_wind_plugin_node]: WindPlugin: set wind_speed=0.00 wind_direction=0.0
[gzserver-2] [INFO] [1773119856.298951633] [gazebo_wind_plugin_node]: WindPlugin: set wind_speed=0.00 wind_direction=0.0
[gzserver-2] [INFO] [1773119856.337790130] [drone.simple_drone]: Quadrotor takes off!!
[gzserver-2] [INFO] [1773119856.538944025] [gazebo_wind_plugin_node]: WindPlugin: set wind_speed=0.00 wind_direction=0.0
[gzserver-2] [INFO] [1773119856.772697190] [gazebo_wind_plugin_node]: WindPlugin: set wind_speed=0.00 wind_direction=0.0
[gzserver-2] [INFO] [1773119857.012603141] [gazebo_wind_plugin_node]: WindPlugin: set wind_speed=0.00 wind_direction=0.0
[gzserver-2] [INFO] [1773119857.252004727] [gazebo_wind_plugin_node]: WindPlugin: set wind_speed=0.00 wind_direction=0.0
[gzserver-2] [INFO] [1773119857.491355109] [gazebo_wind_plugin_node]: WindPlugin: set wind_speed=0.00 wind_direction=0.0
[gzserver-2] [INFO] [1773119857.730513646] [gazebo_wind_plugin_node]: WindPlugin: set wind_speed=0.00 wind_direction=0.0
[gzserver-2] [0m[1;36m[Dbg] [wind_plugin.cpp:110] [0m[1;36mWindPlugin: received command -> speed=[0m[1;36m0[0m[1;36m dir=[0m[1;36m0[0m[1;36m
[gzserver-2] [0m[1;36m[Dbg] [wind_plugin.cpp:110] [0m[1;36mWindPlugin: received command -> speed=[0m[1;36m0[0m[1;36m dir=[0m[1;36m0[0m[1;36m
[gzserver-2] [0m[1;36m[Dbg] [wind_plugin.cpp:110] [0m[1;36mWindPlugin: received command -> speed=[0m[1;36m0[0m[1;36m dir=[0m[1;36m0[0m[1;36m
[gzserver-2] [0m[1;36m[Dbg] [wind_plugin.cpp:110] [0m[1;36mWindPlugin: received command -> speed=[0m[1;36m0[0m[1;36m dir=[0m[1;36m0[0m[1;36m
[gzserver-2] [0m[1;36m[Dbg] [wind_plugin.cpp:110] [0m[1;36mWindPlugin: received command -> speed=[0m[1;36m0[0m[1;36m dir=[0m[1;36m0[0m[1;36m
[gzserver-2] [0m[1;36m[Dbg] [wind_plugin.cpp:110] [0m[1;36mWindPlugin: received command -> speed=[0m[1;36m0[0m[1;36m dir=[0m[1;36m0[0m[1;36m
[gzserver-2] [0m[1;36m[Dbg] [wind_plugin.cpp:110] [0m[1;36mWindPlugin: received command -> speed=[0m[1;36m0[0m[1;36m dir=[0m[1;36m0[0m[1;36m
[gzserver-2] [0m[1;36m[Dbg] [wind_plugin.cpp:110] [0m[1;36mWindPlugin: received command -> speed=[0m[1;36m0[0m[1;36m dir=[0m[1;36m0[0m[1;36m
[gzserver-2] [0mEntering flying model!
[gzserver-2] [INFO] [1773119857.970236797] [gazebo_wind_plugin_node]: WindPlugin: set wind_speed=0.00 wind_direction=0.0
[gzserver-2] [INFO] [1773119858.204664249] [gazebo_wind_plugin_node]: WindPlugin: set wind_speed=3.04 wind_direction=-89.3
[gzserver-2] [INFO] [1773119858.440849906] [gazebo_wind_plugin_node]: WindPlugin: set wind_speed=3.04 wind_direction=-89.3
[gzserver-2] [INFO] [1773119858.680185481] [gazebo_wind_plugin_node]: WindPlugin: set wind_speed=3.15 wind_direction=-89.0
[gzserver-2] [INFO] [1773119858.908244215] [gazebo_wind_plugin_node]: WindPlugin: set wind_speed=3.15 wind_direction=-89.0
[gzserver-2] [INFO] [1773119859.148397384] [gazebo_wind_plugin_node]: WindPlugin: set wind_speed=3.15 wind_direction=-89.0
[gzserver-2] [INFO] [1773119859.388080077] [gazebo_wind_plugin_node]: WindPlugin: set wind_speed=3.15 wind_direction=-89.0
[gzserver-2] [INFO] [1773119859.616776526] [gazebo_wind_plugin_node]: WindPlugin: set wind_speed=3.19 wind_direction=-87.9
[gzserver-2] [INFO] [1773119859.856283874] [gazebo_wind_plugin_node]: WindPlugin: set wind_speed=3.19 wind_direction=-87.9
[gzserver-2] [INFO] [1773119860.085532450] [gazebo_wind_plugin_node]: WindPlugin: set wind_speed=3.19 wind_direction=-87.9
[gzserver-2] [INFO] [1773119860.319376454] [gazebo_wind_plugin_node]: WindPlugin: set wind_speed=3.19 wind_direction=-87.9
[gzserver-2] [INFO] [1773119860.553823455] [gazebo_wind_plugin_node]: WindPlugin: set wind_speed=3.30 wind_direction=-90.2
[gzserver-2] [INFO] [1773119860.788413812] [gazebo_wind_plugin_node]: WindPlugin: set wind_speed=3.30 wind_direction=-90.2
[gzserver-2] [INFO] [1773119861.022096135] [gazebo_wind_plugin_node]: WindPlugin: set wind_speed=3.30 wind_direction=-90.2
[gzserver-2] [INFO] [1773119861.256494008] [gazebo_wind_plugin_node]: WindPlugin: set wind_speed=3.30 wind_direction=-90.2
[gzserver-2] [INFO] [1773119861.491064107] [gazebo_wind_plugin_node]: WindPlugin: set wind_speed=3.30 wind_direction=-90.2
[gzserver-2] [INFO] [1773119861.727090364] [gazebo_wind_plugin_node]: WindPlugin: set wind_speed=3.23 wind_direction=-87.3
[gzserver-2] [INFO] [1773119861.969465351] [gazebo_wind_plugin_node]: WindPlugin: set wind_speed=3.23 wind_direction=-87.3
[gzserver-2] [INFO] [1773119862.209603156] [gazebo_wind_plugin_node]: WindPlugin: set wind_speed=3.23 wind_direction=-87.3
[gzserver-2] [INFO] [1773119862.247840831] [drone.simple_drone]: Quadrotor lands!!
[gzserver-2] [INFO] [1773119862.449172785] [gazebo_wind_plugin_node]: WindPlugin: set wind_speed=3.23 wind_direction=-87.3
[gzserver-2] [INFO] [1773119862.688486714] [gazebo_wind_plugin_node]: WindPlugin: set wind_speed=3.16 wind_direction=-88.4
[gzserver-2] [INFO] [1773119862.919118787] [gazebo_wind_plugin_node]: WindPlugin: set wind_speed=3.16 wind_direction=-88.4
[gzserver-2] [INFO] [1773119863.161045799] [gazebo_wind_plugin_node]: WindPlugin: set wind_speed=3.16 wind_direction=-88.4
[gzserver-2] [1;36m[Dbg] [wind_plugin.cpp:110] [0m[1;36mWindPlugin: received command -> speed=[0m[1;36m0[0m[1;36m dir=[0m[1;36m0[0m[1;36m
[gzserver-2] [0m[1;36m[Dbg] [wind_plugin.cpp:110] [0m[1;36mWindPlugin: received command -> speed=[0m[1;36m3.03559[0m[1;36m dir=[0m[1;36m-89.2564[0m[1;36m
[gzserver-2] [0m[1;36m[Dbg] [wind_plugin.cpp:110] [0m[1;36mWindPlugin: received command -> speed=[0m[1;36m3.03559[0m[1;36m dir=[0m[1;36m-89.2564[0m[1;36m
[gzserver-2] [0m[1;36m[Dbg] [wind_plugin.cpp:110] [0m[1;36mWindPlugin: received command -> speed=[0m[1;36m3.15053[0m[1;36m dir=[0m[1;36m-88.995[0m[1;36m
[gzserver-2] [0m[1;36m[Dbg] [wind_plugin.cpp:110] [0m[1;36mWindPlugin: received command -> speed=[0m[1;36m3.15053[0m[1;36m dir=[0m[1;36m-88.995[0m[1;36m
[gzserver-2] [0m[1;36m[Dbg] [wind_plugin.cpp:110] [0m[1;36mWindPlugin: received command -> speed=[0m[1;36m3.15053[0m[1;36m dir=[0m[1;36m-88.995[0m[1;36m
[gzserver-2] [0m[1;36m[Dbg] [wind_plugin.cpp:110] [0m[1;36mWindPlugin: received command -> speed=[0m[1;36m3.15053[0m[1;36m dir=[0m[1;36m-88.995[0m[1;36m
[gzserver-2] [0m[1;36m[Dbg] [wind_plugin.cpp:110] [0m[1;36mWindPlugin: received command -> speed=[0m[1;36m3.19411[0m[1;36m dir=[0m[1;36m-87.9078[0m[1;36m
[gzserver-2] [0m[1;36m[Dbg] [wind_plugin.cpp:110] [0m[1;36mWindPlugin: received command -> speed=[0m[1;36m3.19411[0m[1;36m dir=[0m[1;36m-87.9078[0m[1;36m
[gzserver-2] [0m[1;36m[Dbg] [wind_plugin.cpp:110] [0m[1;36mWindPlugin: received command -> speed=[0m[1;36m3.19411[0m[1;36m dir=[0m[1;36m-87.9078[0m[1;36m
[gzserver-2] [0m[1;36m[Dbg] [wind_plugin.cpp:110] [0m[1;36mWindPlugin: received command -> speed=[0m[1;36m3.19411[0m[1;36m dir=[0m[1;36m-87.9078[0m[1;36m
[gzserver-2] [0m[1;36m[Dbg] [wind_plugin.cpp:110] [0m[1;36mWindPlugin: received command -> speed=[0m[1;36m3.30149[0m[1;36m dir=[0m[1;36m-90.1788[0m[1;36m
[gzserver-2] [0m[1;36m[Dbg] [wind_plugin.cpp:110] [0m[1;36mWindPlugin: received command -> speed=[0m[1;36m3.30149[0m[1;36m dir=[0m[1;36m-90.1788[0m[1;36m
[gzserver-2] [0m[1;36m[Dbg] [wind_plugin.cpp:110] [0m[1;36mWindPlugin: received command -> speed=[0m[1;36m3.30149[0m[1;36m dir=[0m[1;36m-90.1788[0m[1;36m
[gzserver-2] [0m[1;36m[Dbg] [wind_plugin.cpp:110] [0m[1;36mWindPlugin: received command -> speed=[0m[1;36m3.30149[0m[1;36m dir=[0m[1;36m-90.1788[0m[1;36m
[gzserver-2] [0m[1;36m[Dbg] [wind_plugin.cpp:110] [0m[1;36mWindPlugin: received command -> speed=[0m[1;36m3.30149[0m[1;36m dir=[0m[1;36m-90.1788[0m[1;36m
[gzserver-2] [0m[1;36m[Dbg] [wind_plugin.cpp:110] [0m[1;36mWindPlugin: received command -> speed=[0m[1;36m3.22642[0m[1;36m dir=[0m[1;36m-87.2716[0m[1;36m
[gzserver-2] [0m[1;36m[Dbg] [wind_plugin.cpp:110] [0m[1;36mWindPlugin: received command -> speed=[0m[1;36m3.22642[0m[1;36m dir=[0m[1;36m-87.2716[0m[1;36m
[gzserver-2] [0m[1;36m[Dbg] [wind_plugin.cpp:110] [0m[1;36mWindPlugin: received command -> speed=[0m[1;36m3.22642[0m[1;36m dir=[0m[1;36m-87.2716[0m[1;36m
[gzserver-2] [0m[1;36m[Dbg] [wind_plugin.cpp:110] [0m[1;36mWindPlugin: received command -> speed=[0m[1;36m3.22642[0m[1;36m dir=[0m[1;36m-87.2716[0m[1;36m
[gzserver-2] [0m[1;36m[Dbg] [wind_plugin.cpp:110] [0m[1;36mWindPlugin: received command -> speed=[0m[1;36m3.16186[0m[1;36m dir=[0m[1;36m-88.4366[0m[1;36m
[gzserver-2] [0m[1;36m[Dbg] [wind_plugin.cpp:110] [0m[1;36mWindPlugin: received command -> speed=[0m[1;36m3.16186[0m[1;36m dir=[0m[1;36m-88.4366[0m[1;36m
[gzserver-2] [0m[1;36m[Dbg] [wind_plugin.cpp:110] [0m[1;36mWindPlugin: received command -> speed=[0m[1;36m3.16186[0m[1;36m dir=[0m[1;36m-88.4366[0m[1;36m
[gzserver-2] [0mLanded!
[gzserver-2] [INFO] [1773119863.384771432] [gazebo_wind_plugin_node]: WindPlugin: set wind_speed=3.16 wind_direction=-88.4
[gzserver-2] [INFO] [1773119863.624208809] [gazebo_wind_plugin_node]: WindPlugin: set wind_speed=3.29 wind_direction=-91.5
[gzserver-2] [INFO] [1773119863.863787631] [gazebo_wind_plugin_node]: WindPlugin: set wind_speed=3.29 wind_direction=-91.5
[gzserver-2] [INFO] [1773119864.105454104] [gazebo_wind_plugin_node]: WindPlugin: set wind_speed=3.29 wind_direction=-91.5
[gzserver-2] [INFO] [1773119864.341803530] [gazebo_wind_plugin_node]: WindPlugin: set wind_speed=3.29 wind_direction=-91.5
[gzserver-2] [INFO] [1773119864.581269444] [gazebo_wind_plugin_node]: WindPlugin: set wind_speed=3.26 wind_direction=-89.5
[gzserver-2] [INFO] [1773119864.815694079] [gazebo_wind_plugin_node]: WindPlugin: set wind_speed=3.26 wind_direction=-89.5
[gzserver-2] [INFO] [1773119865.039328300] [gazebo_wind_plugin_node]: WindPlugin: set wind_speed=3.26 wind_direction=-89.5
