[INFO] [launch]: All log files can be found below /home/j/.ros/log/2026-03-10-22-40-30-356164-j-1337454
[INFO] [launch]: Default logging verbosity is set to INFO
[INFO] [launch.user]: [bringup] Apriltag config: camera=/drone/bottom, image=/drone/bottom/image_raw, tags=/drone/bottom/tags, bridge=/landing_tag_state, standalone=true, use_target_id=true, target_id=0
[INFO] [rviz2-1]: process started with pid [1337457]
[INFO] [gzserver-2]: process started with pid [1337459]
[INFO] [robot_state_publisher-3]: process started with pid [1337461]
[INFO] [joint_state_publisher-4]: process started with pid [1337463]
[INFO] [spawn_drone-5]: process started with pid [1337465]
[INFO] [static_transform_publisher-6]: process started with pid [1337467]
[INFO] [joy_node-7]: process started with pid [1337469]
[INFO] [teleop_joystick-8]: process started with pid [1337471]
[INFO] [apriltag_detector_node-9]: process started with pid [1337473]
[INFO] [apriltag_state_bridge-10]: process started with pid [1337475]
[static_transform_publisher-6] [WARN] [1773150030.828483289] []: Old-style arguments are deprecated; see --help for new-style arguments
[static_transform_publisher-6] [INFO] [1773150030.833116412] [static_transform_publisher_NWxNy0g5vIaOrPla]: Spinning until stopped - publishing transform
[static_transform_publisher-6] translation: ('0.000000', '0.000000', '0.000000')
[static_transform_publisher-6] rotation: ('0.000000', '0.000000', '0.000000', '1.000000')
[static_transform_publisher-6] from 'world' to '/drone/odom'
[robot_state_publisher-3] [INFO] [1773150030.860844410] [drone.robot_state_publisher]: got segment base_footprint
[robot_state_publisher-3] [INFO] [1773150030.860927520] [drone.robot_state_publisher]: got segment base_link
[robot_state_publisher-3] [INFO] [1773150030.860940028] [drone.robot_state_publisher]: got segment bottom_cam_link
[robot_state_publisher-3] [INFO] [1773150030.860948028] [drone.robot_state_publisher]: got segment front_cam_link
[robot_state_publisher-3] [INFO] [1773150030.860955482] [drone.robot_state_publisher]: got segment sonar_link
[apriltag_detector_node-9] [INFO] [1773150030.861532706] [apriltag_detector_node]: tag detector type: umich
[rviz2-1] 
[rviz2-1] (rviz2:1337457): dbind-WARNING **: 22:40:30.874: Couldn't connect to accessibility bus: Failed to connect to socket /root/.cache/at-spi/bus_0: 허가 거부
[teleop_joystick-8] Traceback (most recent call last):
[teleop_joystick-8]   File "/home/j/INCSL/IICC26_ws/install/sjtu_drone_control/lib/sjtu_drone_control/teleop_joystick", line 33, in <module>
[teleop_joystick-8]     sys.exit(load_entry_point('sjtu_drone_control==0.0.0', 'console_scripts', 'teleop_joystick')())
[teleop_joystick-8]   File "/home/j/INCSL/IICC26_ws/install/sjtu_drone_control/lib/sjtu_drone_control/teleop_joystick", line 22, in importlib_load_entry_point
[teleop_joystick-8]     for entry_point in distribution(dist_name).entry_points
[teleop_joystick-8]   File "/usr/lib/python3.10/importlib/metadata/__init__.py", line 969, in distribution
[teleop_joystick-8]     return Distribution.from_name(distribution_name)
[teleop_joystick-8]   File "/usr/lib/python3.10/importlib/metadata/__init__.py", line 548, in from_name
[teleop_joystick-8]     raise PackageNotFoundError(name)
[teleop_joystick-8] importlib.metadata.PackageNotFoundError: No package metadata was found for sjtu_drone_control
[ERROR] [teleop_joystick-8]: process has died [pid 1337471, exit code 1, cmd '/home/j/INCSL/IICC26_ws/install/sjtu_drone_control/lib/sjtu_drone_control/teleop_joystick --ros-args -r __ns:=/drone'].
[gzserver-2] Gazebo multi-robot simulator, version 11.10.2
[gzserver-2] Copyright (C) 2012 Open Source Robotics Foundation.
[gzserver-2] Released under the Apache 2 License.
[gzserver-2] http://gazebosim.org
[gzserver-2] 
[apriltag_state_bridge-10] [INFO] [1773150031.083805892] [apriltag_state_bridge]: AprilTag bridge started: /drone/bottom/tags -> /landing_tag_state, use_target_id=True, target_id=0
[joint_state_publisher-4] [INFO] [1773150031.110023716] [drone.joint_state_publisher]: Waiting for robot_description to be published on the robot_description topic...
[gzserver-2] [1;33m[Wrn] [gazebo_ros_init.cpp:178] [0m[1;33m
[gzserver-2] #     # ####### ####### ###  #####  #######
[gzserver-2] ##    # #     #    #     #  #     # #
[gzserver-2] # #   # #     #    #     #  #       #
[gzserver-2] #  #  # #     #    #     #  #       #####
[gzserver-2] #   # # #     #    #     #  #       #
[gzserver-2] #    ## #     #    #     #  #     # #
[gzserver-2] #     # #######    #    ###  #####  #######
[gzserver-2] 
[gzserver-2] This version of Gazebo, now called Gazebo classic, reaches end-of-life
[gzserver-2] in January 2025. Users are highly encouraged to migrate to the new Gazebo
[gzserver-2] using our migration guides (https://gazebosim.org/docs/latest/gazebo_classic_migration?utm_source=gazebo_ros_pkgs&utm_medium=cli)
[gzserver-2] 
[gzserver-2] [0m[1;33m
[rviz2-1] [INFO] [1773150031.701125599] [rviz2]: Stereo is NOT SUPPORTED
[rviz2-1] [INFO] [1773150031.701210854] [rviz2]: OpenGl version: 4.6 (GLSL 4.6)
[rviz2-1] [INFO] [1773150031.805109486] [rviz2]: Stereo is NOT SUPPORTED
[rviz2-1] [INFO] [1773150031.923248243] [rviz2]: Stereo is NOT SUPPORTED
[gzserver-2] [1;32m[Msg] [0m[1;32mWaiting for master.[0m[1;32m
[gzserver-2] [0m[1;32m[0m[1;32m[0m[1;32m[Msg] [0m[1;32mConnected to gazebo master @ [0m[1;32mhttp://127.0.0.1:11345[0m[1;32m
[gzserver-2] [0m[1;32m[0m[1;32m[0m[1;32m[Msg] [0m[1;32mPublicized address: [0m[1;32m192.168.0.11[0m[1;32m
[gzserver-2] [0m[1;32m[0m[1;32m[0m[1;32m[Msg] [0m[1;32mLoading world file [[0m[1;32m/home/j/INCSL/IICC26_ws/install/sjtu_drone_description/share/sjtu_drone_description/worlds/landingPad.world[0m[1;32m][0m[1;32m
[gzserver-2] [0m[1;32m[0m[1;32m[0m[1;36m[Dbg] [wind_plugin.cpp:96] [0m[1;36mWindPlugin loaded: speed=[0m[1;36m0[0m[1;36m dir=[0m[1;36m0[0m[1;36m deg area=[0m[1;36m0.1[0m[1;36m coeff=[0m[1;36m1[0m[1;36m
[gzserver-2] [0m[1;33m[0m[1;33m[0m[1;31m[Err] [Sensor.cc:510] [0m[1;31mGet noise index not valid[0m[1;31m
[gzserver-2] [0m[1;31m[0m[1;31m[0m[1;31m[Err] [Sensor.cc:510] [0m[1;31mGet noise index not valid[0m[1;31m
[gzserver-2] [0m[1;31m[0m[1;31m[0m[1;31m[Err] [Sensor.cc:510] [0m[1;31mGet noise index not valid[0m[1;31m
[gzserver-2] [0m[1;31m[0m[1;31m[0m[1;31m[Err] [Sensor.cc:510] [0m[1;31mGet noise index not valid[0m[1;31m
[gzserver-2] [0m[1;31m[0m[1;31m[0m[1;31m[Err] [Sensor.cc:510] [0m[1;31mGet noise index not valid[0m[1;31m
[gzserver-2] [0m[1;31m[0m[1;31m[0m[1;31m[Err] [Sensor.cc:510] [0m[1;31mGet noise index not valid[0m[1;31m
[gzserver-2] [0m[1;31m[0m[1;31m[0mTopic [default//drone/base_footprint/down_camera/image] is not valid.
[gzserver-2] Topic [default//drone/base_footprint/front_camera/image] is not valid.
[gzserver-2] [INFO] [1773150032.159217251] [drone.collision_plugin]: Publishing contact states to [/drone/bumper_states]
[gzserver-2] [1;33m[Wrn] [Event.cc:61] [0m[1;33mWarning: Deleting a connection right after creation. [0m[1;33mMake sure to save the ConnectionPtr from a Connect call
[gzserver-2] [0m[INFO] [1773150032.919608910] [drone.camera_bottom]: Publishing camera info to [/drone/bottom/camera_info]
[gzserver-2] [INFO] [1773150032.923882326] [drone.camera_front]: Publishing camera info to [/drone/front/camera_info]
[spawn_drone-5] [INFO] [1773150032.932722312] [spawn_drone]: Result True SpawnEntity: Successfully spawned entity [/drone]
[gzserver-2] [INFO] [1773150033.045244317] [drone.simple_drone]: The drone plugin is loading!
[gzserver-2] [INFO] [1773150033.045444963] [drone.simple_drone]: pub_odom: 1
[gzserver-2] [INFO] [1773150033.045478149] [drone.simple_drone]: Using following parameters: 
[gzserver-2] 		link_name: base_footprint,
[gzserver-2] 		max_force: 30,
[gzserver-2] 		motion_small_noise: 0,
[gzserver-2] 		motion_drift_noise: 0,
[gzserver-2] 		motion_drift_noise_time: 50,
[gzserver-2] 		takeoff_hover_height: 1.51,
[gzserver-2] 		takeoff_vertical_speed: 0.2
[gzserver-2] [INFO] [1773150033.057424318] [drone.simple_drone]: Using the PID parameters: 
[gzserver-2] 	Roll Pitch:
[gzserver-2] 		kP: 10, kI: 0,kD: 5, Limit: 0.5, Time Constant: 0
[gzserver-2] 	Yaw:
[gzserver-2] 		kP: 2, kI: 0,kD: 1, Limit: 1.5, Time Constant: 0
[gzserver-2] 	Velocity X:
[gzserver-2] 		kP: 5, kI: 0,kD: 2.3, Limit: 2, Time Constant: 0
[gzserver-2] 	Velocity Y:
[gzserver-2] 		kP: 5, kI: 0,kD: 2.3, Limit: 2, Time Constant: 0
[gzserver-2] 	Velocity Z:
[gzserver-2] 		kP: 5, kI: 0,kD: 1, Limit: -1, Time Constant: 0
[gzserver-2] 	Position XY:
[gzserver-2] 		kP: 1.1, kI: 0,kD: 0, Limit: 5, Time Constant: 0
[gzserver-2] 	Position Z:
[gzserver-2] 		kP: 1, kI: 0,kD: 0.2, Limit: -1, Time Constant: 0
[gzserver-2] [INFO] [1773150033.057553286] [drone.simple_drone]: The drone plugin finished loading!
[INFO] [spawn_drone-5]: process has finished cleanly [pid 1337465]
[gzserver-2] [INFO] [1773150040.184849320] [gazebo_wind_plugin_node]: WindPlugin: set wind_speed=0.00 wind_direction=0.0
[gzserver-2] [INFO] [1773150040.446407317] [gazebo_wind_plugin_node]: WindPlugin: set wind_speed=0.00 wind_direction=0.0
[gzserver-2] [INFO] [1773150040.482006553] [drone.simple_drone]: Quadrotor takes off!!
[gzserver-2] [INFO] [1773150040.683680147] [gazebo_wind_plugin_node]: WindPlugin: set wind_speed=0.00 wind_direction=0.0
[gzserver-2] [INFO] [1773150040.923312910] [gazebo_wind_plugin_node]: WindPlugin: set wind_speed=0.00 wind_direction=0.0
[gzserver-2] [INFO] [1773150041.157806582] [gazebo_wind_plugin_node]: WindPlugin: set wind_speed=0.00 wind_direction=0.0
[gzserver-2] [INFO] [1773150041.398757430] [gazebo_wind_plugin_node]: WindPlugin: set wind_speed=0.00 wind_direction=0.0
[gzserver-2] [INFO] [1773150041.637889604] [gazebo_wind_plugin_node]: WindPlugin: set wind_speed=0.00 wind_direction=0.0
[gzserver-2] [0m[1;36m[Dbg] [wind_plugin.cpp:110] [0m[1;36mWindPlugin: received command -> speed=[0m[1;36m0[0m[1;36m dir=[0m[1;36m0[0m[1;36m
[gzserver-2] [0m[1;36m[Dbg] [wind_plugin.cpp:110] [0m[1;36mWindPlugin: received command -> speed=[0m[1;36m0[0m[1;36m dir=[0m[1;36m0[0m[1;36m
[gzserver-2] [0m[1;36m[Dbg] [wind_plugin.cpp:110] [0m[1;36mWindPlugin: received command -> speed=[0m[1;36m0[0m[1;36m dir=[0m[1;36m0[0m[1;36m
[gzserver-2] [0m[1;36m[Dbg] [wind_plugin.cpp:110] [0m[1;36mWindPlugin: received command -> speed=[0m[1;36m0[0m[1;36m dir=[0m[1;36m0[0m[1;36m
[gzserver-2] [0m[1;36m[Dbg] [wind_plugin.cpp:110] [0m[1;36mWindPlugin: received command -> speed=[0m[1;36m0[0m[1;36m dir=[0m[1;36m0[0m[1;36m
[gzserver-2] [0m[1;36m[Dbg] [wind_plugin.cpp:110] [0m[1;36mWindPlugin: received command -> speed=[0m[1;36m0[0m[1;36m dir=[0m[1;36m0[0m[1;36m
[gzserver-2] [0m[1;36m[Dbg] [wind_plugin.cpp:110] [0m[1;36mWindPlugin: received command -> speed=[0m[1;36m0[0m[1;36m dir=[0m[1;36m0[0m[1;36m
[gzserver-2] [0mEntering flying model!
[gzserver-2] [INFO] [1773150041.877112714] [gazebo_wind_plugin_node]: WindPlugin: set wind_speed=0.00 wind_direction=0.0
[gzserver-2] [INFO] [1773150042.112016082] [gazebo_wind_plugin_node]: WindPlugin: set wind_speed=3.39 wind_direction=-65.2
[gzserver-2] [INFO] [1773150042.352444977] [gazebo_wind_plugin_node]: WindPlugin: set wind_speed=3.39 wind_direction=-65.2
[gzserver-2] [INFO] [1773150042.586915328] [gazebo_wind_plugin_node]: WindPlugin: set wind_speed=3.39 wind_direction=-65.2
[gzserver-2] [INFO] [1773150042.822485708] [gazebo_wind_plugin_node]: WindPlugin: set wind_speed=3.59 wind_direction=-67.7
[gzserver-2] [INFO] [1773150043.057026554] [gazebo_wind_plugin_node]: WindPlugin: set wind_speed=3.59 wind_direction=-67.7
[gzserver-2] [INFO] [1773150043.291707201] [gazebo_wind_plugin_node]: WindPlugin: set wind_speed=3.59 wind_direction=-67.7
[gzserver-2] [INFO] [1773150043.531138860] [gazebo_wind_plugin_node]: WindPlugin: set wind_speed=3.59 wind_direction=-67.7
[gzserver-2] [INFO] [1773150043.770628240] [gazebo_wind_plugin_node]: WindPlugin: set wind_speed=3.36 wind_direction=-67.4
[gzserver-2] [INFO] [1773150044.009837807] [gazebo_wind_plugin_node]: WindPlugin: set wind_speed=3.36 wind_direction=-67.4
[gzserver-2] [INFO] [1773150044.243600555] [gazebo_wind_plugin_node]: WindPlugin: set wind_speed=3.36 wind_direction=-67.4
[gzserver-2] [INFO] [1773150044.482587717] [gazebo_wind_plugin_node]: WindPlugin: set wind_speed=3.36 wind_direction=-67.4
[gzserver-2] [INFO] [1773150044.716233738] [gazebo_wind_plugin_node]: WindPlugin: set wind_speed=3.14 wind_direction=-68.5
[gzserver-2] [INFO] [1773150044.955501569] [gazebo_wind_plugin_node]: WindPlugin: set wind_speed=3.14 wind_direction=-68.5
[gzserver-2] [INFO] [1773150044.983029485] [drone.simple_drone]: Quadrotor lands!!
[gzserver-2] [INFO] [1773150045.184471531] [gazebo_wind_plugin_node]: WindPlugin: set wind_speed=3.14 wind_direction=-68.5
[gzserver-2] [INFO] [1773150045.419779203] [gazebo_wind_plugin_node]: WindPlugin: set wind_speed=3.14 wind_direction=-68.5
[gzserver-2] [INFO] [1773150045.659499748] [gazebo_wind_plugin_node]: WindPlugin: set wind_speed=3.14 wind_direction=-68.5
[gzserver-2] [INFO] [1773150045.898995320] [gazebo_wind_plugin_node]: WindPlugin: set wind_speed=3.44 wind_direction=-64.4
[gzserver-2] [1;36m[Dbg] [wind_plugin.cpp:110] [0m[1;36mWindPlugin: received command -> speed=[0m[1;36m0[0m[1;36m dir=[0m[1;36m0[0m[1;36m
[gzserver-2] [0m[1;36m[Dbg] [wind_plugin.cpp:110] [0m[1;36mWindPlugin: received command -> speed=[0m[1;36m3.39367[0m[1;36m dir=[0m[1;36m-65.1653[0m[1;36m
[gzserver-2] [0m[1;36m[Dbg] [wind_plugin.cpp:110] [0m[1;36mWindPlugin: received command -> speed=[0m[1;36m3.39367[0m[1;36m dir=[0m[1;36m-65.1653[0m[1;36m
[gzserver-2] [0m[1;36m[Dbg] [wind_plugin.cpp:110] [0m[1;36mWindPlugin: received command -> speed=[0m[1;36m3.39367[0m[1;36m dir=[0m[1;36m-65.1653[0m[1;36m
[gzserver-2] [0m[1;36m[Dbg] [wind_plugin.cpp:110] [0m[1;36mWindPlugin: received command -> speed=[0m[1;36m3.59133[0m[1;36m dir=[0m[1;36m-67.6848[0m[1;36m
[gzserver-2] [0m[1;36m[Dbg] [wind_plugin.cpp:110] [0m[1;36mWindPlugin: received command -> speed=[0m[1;36m3.59133[0m[1;36m dir=[0m[1;36m-67.6848[0m[1;36m
[gzserver-2] [0m[1;36m[Dbg] [wind_plugin.cpp:110] [0m[1;36mWindPlugin: received command -> speed=[0m[1;36m3.59133[0m[1;36m dir=[0m[1;36m-67.6848[0m[1;36m
[gzserver-2] [0m[1;36m[Dbg] [wind_plugin.cpp:110] [0m[1;36mWindPlugin: received command -> speed=[0m[1;36m3.59133[0m[1;36m dir=[0m[1;36m-67.6848[0m[1;36m
[gzserver-2] [0m[1;36m[Dbg] [wind_plugin.cpp:110] [0m[1;36mWindPlugin: received command -> speed=[0m[1;36m3.36403[0m[1;36m dir=[0m[1;36m-67.4305[0m[1;36m
[gzserver-2] [0m[1;36m[Dbg] [wind_plugin.cpp:110] [0m[1;36mWindPlugin: received command -> speed=[0m[1;36m3.36403[0m[1;36m dir=[0m[1;36m-67.4305[0m[1;36m
[gzserver-2] [0m[1;36m[Dbg] [wind_plugin.cpp:110] [0m[1;36mWindPlugin: received command -> speed=[0m[1;36m3.36403[0m[1;36m dir=[0m[1;36m-67.4305[0m[1;36m
[gzserver-2] [0m[1;36m[Dbg] [wind_plugin.cpp:110] [0m[1;36mWindPlugin: received command -> speed=[0m[1;36m3.36403[0m[1;36m dir=[0m[1;36m-67.4305[0m[1;36m
[gzserver-2] [0m[1;36m[Dbg] [wind_plugin.cpp:110] [0m[1;36mWindPlugin: received command -> speed=[0m[1;36m3.1382[0m[1;36m dir=[0m[1;36m-68.4814[0m[1;36m
[gzserver-2] [0m[1;36m[Dbg] [wind_plugin.cpp:110] [0m[1;36mWindPlugin: received command -> speed=[0m[1;36m3.1382[0m[1;36m dir=[0m[1;36m-68.4814[0m[1;36m
[gzserver-2] [0m[1;36m[Dbg] [wind_plugin.cpp:110] [0m[1;36mWindPlugin: received command -> speed=[0m[1;36m3.1382[0m[1;36m dir=[0m[1;36m-68.4814[0m[1;36m
[gzserver-2] [0m[1;36m[Dbg] [wind_plugin.cpp:110] [0m[1;36mWindPlugin: received command -> speed=[0m[1;36m3.1382[0m[1;36m dir=[0m[1;36m-68.4814[0m[1;36m
[gzserver-2] [0m[1;36m[Dbg] [wind_plugin.cpp:110] [0m[1;36mWindPlugin: received command -> speed=[0m[1;36m3.1382[0m[1;36m dir=[0m[1;36m-68.4814[0m[1;36m
[gzserver-2] [0m[1;36m[Dbg] [wind_plugin.cpp:110] [0m[1;36mWindPlugin: received command -> speed=[0m[1;36m3.43621[0m[1;36m dir=[0m[1;36m-64.4018[0m[1;36m
[gzserver-2] [0mLanded!
[gzserver-2] [INFO] [1773150046.138312330] [gazebo_wind_plugin_node]: WindPlugin: set wind_speed=3.44 wind_direction=-64.4
[gzserver-2] [INFO] [1773150046.377568755] [gazebo_wind_plugin_node]: WindPlugin: set wind_speed=3.44 wind_direction=-64.4
[gzserver-2] [INFO] [1773150046.616740867] [gazebo_wind_plugin_node]: WindPlugin: set wind_speed=3.44 wind_direction=-64.4
[gzserver-2] [INFO] [1773150046.856583150] [gazebo_wind_plugin_node]: WindPlugin: set wind_speed=3.56 wind_direction=-71.5
[gzserver-2] [INFO] [1773150047.095764062] [gazebo_wind_plugin_node]: WindPlugin: set wind_speed=3.56 wind_direction=-71.5
[gzserver-2] [INFO] [1773150047.332834812] [gazebo_wind_plugin_node]: WindPlugin: set wind_speed=3.56 wind_direction=-71.5
[gzserver-2] [INFO] [1773150047.567216638] [gazebo_wind_plugin_node]: WindPlugin: set wind_speed=3.56 wind_direction=-71.5
[gzserver-2] [INFO] [1773150047.808575064] [gazebo_wind_plugin_node]: WindPlugin: set wind_speed=3.38 wind_direction=-69.5
