[INFO] [launch]: All log files can be found below /home/j/.ros/log/2026-03-11-06-10-58-597884-j-1034738
[INFO] [launch]: Default logging verbosity is set to INFO
[INFO] [launch.user]: [bringup] Apriltag config: camera=/drone/bottom, image=/drone/bottom/image_raw, tags=/drone/bottom/tags, bridge=/landing_tag_state, standalone=true, use_target_id=true, target_id=0
[INFO] [rviz2-1]: process started with pid [1034741]
[INFO] [gzserver-2]: process started with pid [1034743]
[INFO] [robot_state_publisher-3]: process started with pid [1034745]
[INFO] [joint_state_publisher-4]: process started with pid [1034747]
[INFO] [spawn_drone-5]: process started with pid [1034749]
[INFO] [static_transform_publisher-6]: process started with pid [1034751]
[INFO] [joy_node-7]: process started with pid [1034753]
[INFO] [teleop_joystick-8]: process started with pid [1034755]
[INFO] [apriltag_detector_node-9]: process started with pid [1034757]
[INFO] [apriltag_state_bridge-10]: process started with pid [1034759]
[static_transform_publisher-6] [WARN] [1773177059.080975212] []: Old-style arguments are deprecated; see --help for new-style arguments
[static_transform_publisher-6] [INFO] [1773177059.089787531] [static_transform_publisher_evJP1kslgDGrefTj]: Spinning until stopped - publishing transform
[static_transform_publisher-6] translation: ('0.000000', '0.000000', '0.000000')
[static_transform_publisher-6] rotation: ('0.000000', '0.000000', '0.000000', '1.000000')
[static_transform_publisher-6] from 'world' to '/drone/odom'
[robot_state_publisher-3] [INFO] [1773177059.102165820] [drone.robot_state_publisher]: got segment base_footprint
[robot_state_publisher-3] [INFO] [1773177059.102232957] [drone.robot_state_publisher]: got segment base_link
[robot_state_publisher-3] [INFO] [1773177059.102238911] [drone.robot_state_publisher]: got segment bottom_cam_link
[robot_state_publisher-3] [INFO] [1773177059.102242134] [drone.robot_state_publisher]: got segment front_cam_link
[robot_state_publisher-3] [INFO] [1773177059.102244890] [drone.robot_state_publisher]: got segment sonar_link
[rviz2-1] 
[rviz2-1] (rviz2:1034741): dbind-WARNING **: 06:10:59.106: Couldn't connect to accessibility bus: Failed to connect to socket /root/.cache/at-spi/bus_0: 허가 거부
[apriltag_detector_node-9] [INFO] [1773177059.118776886] [apriltag_detector_node]: tag detector type: umich
[teleop_joystick-8] Traceback (most recent call last):
[teleop_joystick-8]   File "/home/j/INCSL/IICC26_ws/install/sjtu_drone_control/lib/sjtu_drone_control/teleop_joystick", line 33, in <module>
[teleop_joystick-8]     sys.exit(load_entry_point('sjtu_drone_control==0.0.0', 'console_scripts', 'teleop_joystick')())
[teleop_joystick-8]   File "/home/j/INCSL/IICC26_ws/install/sjtu_drone_control/lib/sjtu_drone_control/teleop_joystick", line 22, in importlib_load_entry_point
[teleop_joystick-8]     for entry_point in distribution(dist_name).entry_points
[teleop_joystick-8]   File "/usr/lib/python3.10/importlib/metadata/__init__.py", line 969, in distribution
[teleop_joystick-8]     return Distribution.from_name(distribution_name)
[teleop_joystick-8]   File "/usr/lib/python3.10/importlib/metadata/__init__.py", line 548, in from_name
[teleop_joystick-8]     raise PackageNotFoundError(name)
[teleop_joystick-8] importlib.metadata.PackageNotFoundError: No package metadata was found for sjtu_drone_control
[ERROR] [teleop_joystick-8]: process has died [pid 1034755, exit code 1, cmd '/home/j/INCSL/IICC26_ws/install/sjtu_drone_control/lib/sjtu_drone_control/teleop_joystick --ros-args -r __ns:=/drone'].
[gzserver-2] Gazebo multi-robot simulator, version 11.10.2
[gzserver-2] Copyright (C) 2012 Open Source Robotics Foundation.
[gzserver-2] Released under the Apache 2 License.
[gzserver-2] http://gazebosim.org
[gzserver-2] 
[joint_state_publisher-4] [INFO] [1773177059.351504873] [drone.joint_state_publisher]: Waiting for robot_description to be published on the robot_description topic...
[apriltag_state_bridge-10] [INFO] [1773177059.364327416] [apriltag_state_bridge]: AprilTag bridge started: /drone/bottom/tags -> /landing_tag_state, use_target_id=True, target_id=0
[gzserver-2] [1;33m[Wrn] [gazebo_ros_init.cpp:178] [0m[1;33m
[gzserver-2] #     # ####### ####### ###  #####  #######
[gzserver-2] ##    # #     #    #     #  #     # #
[gzserver-2] # #   # #     #    #     #  #       #
[gzserver-2] #  #  # #     #    #     #  #       #####
[gzserver-2] #   # # #     #    #     #  #       #
[gzserver-2] #    ## #     #    #     #  #     # #
[gzserver-2] #     # #######    #    ###  #####  #######
[gzserver-2] 
[gzserver-2] This version of Gazebo, now called Gazebo classic, reaches end-of-life
[gzserver-2] in January 2025. Users are highly encouraged to migrate to the new Gazebo
[gzserver-2] using our migration guides (https://gazebosim.org/docs/latest/gazebo_classic_migration?utm_source=gazebo_ros_pkgs&utm_medium=cli)
[gzserver-2] 
[gzserver-2] [0m[1;33m
[rviz2-1] [INFO] [1773177059.718705462] [rviz2]: Stereo is NOT SUPPORTED
[rviz2-1] [INFO] [1773177059.718832530] [rviz2]: OpenGl version: 4.6 (GLSL 4.6)
[rviz2-1] [INFO] [1773177059.815612427] [rviz2]: Stereo is NOT SUPPORTED
[rviz2-1] [INFO] [1773177059.945918806] [rviz2]: Stereo is NOT SUPPORTED
[spawn_drone-5] [INFO] [1773177060.467426468] [spawn_drone]: Result False Entity pushed to spawn queue, but spawn service timed outwaiting for entity to appear in simulation under the name [/drone]
[gzserver-2] [1;32m[Msg] [0m[1;32mWaiting for master.[0m[1;32m
[gzserver-2] [0m[1;32m[0m[1;32m[0m[1;32m[Msg] [0m[1;32mConnected to gazebo master @ [0m[1;32mhttp://127.0.0.1:11345[0m[1;32m
[gzserver-2] [0m[1;32m[0m[1;32m[0m[1;32m[Msg] [0m[1;32mPublicized address: [0m[1;32m192.168.0.11[0m[1;32m
[gzserver-2] [0m[1;32m[0m[1;32m[0m[1;32m[Msg] [0m[1;32mLoading world file [[0m[1;32m/home/j/INCSL/IICC26_ws/install/sjtu_drone_description/share/sjtu_drone_description/worlds/landingPad.world[0m[1;32m][0m[1;32m
[gzserver-2] [0m[1;32m[0m[1;32m[0m[1;36m[Dbg] [wind_plugin.cpp:96] [0m[1;36mWindPlugin loaded: speed=[0m[1;36m0[0m[1;36m dir=[0m[1;36m0[0m[1;36m deg area=[0m[1;36m0.1[0m[1;36m coeff=[0m[1;36m1[0m[1;36m
[gzserver-2] [0m[1;33m[0m[1;33m[0m[1;31m[Err] [Sensor.cc:510] [0m[1;31mGet noise index not valid[0m[1;31m
[gzserver-2] [0m[1;31m[0m[1;31m[0m[1;31m[Err] [Sensor.cc:510] [0m[1;31mGet noise index not valid[0m[1;31m
[gzserver-2] [0m[1;31m[0m[1;31m[0m[1;31m[Err] [Sensor.cc:510] [0m[1;31mGet noise index not valid[0m[1;31m
[gzserver-2] [0m[1;31m[0m[1;31m[0m[1;31m[Err] [Sensor.cc:510] [0m[1;31mGet noise index not valid[0m[1;31m
[gzserver-2] [0m[1;31m[0m[1;31m[0m[1;31m[Err] [Sensor.cc:510] [0m[1;31mGet noise index not valid[0m[1;31m
[gzserver-2] [0m[1;31m[0m[1;31m[0m[1;31m[Err] [Sensor.cc:510] [0m[1;31mGet noise index not valid[0m[1;31m
[gzserver-2] [0m[1;31m[0m[1;31m[0mTopic [default//drone/base_footprint/down_camera/image] is not valid.
[gzserver-2] Topic [default//drone/base_footprint/front_camera/image] is not valid.
[gzserver-2] [INFO] [1773177060.497360322] [drone.collision_plugin]: Publishing contact states to [/drone/bumper_states]
[gzserver-2] [1;33m[Wrn] [Event.cc:61] [0m[1;33mWarning: Deleting a connection right after creation. [0m[1;33mMake sure to save the ConnectionPtr from a Connect call
[INFO] [spawn_drone-5]: process has finished cleanly [pid 1034749]
[gzserver-2] [0m[INFO] [1773177061.077330033] [drone.camera_bottom]: Publishing camera info to [/drone/bottom/camera_info]
[gzserver-2] [INFO] [1773177061.081744296] [drone.camera_front]: Publishing camera info to [/drone/front/camera_info]
[gzserver-2] [INFO] [1773177061.205556200] [drone.simple_drone]: The drone plugin is loading!
[gzserver-2] [INFO] [1773177061.205756420] [drone.simple_drone]: pub_odom: 1
[gzserver-2] [INFO] [1773177061.205792622] [drone.simple_drone]: Using following parameters: 
[gzserver-2] 		link_name: base_footprint,
[gzserver-2] 		max_force: 30,
[gzserver-2] 		motion_small_noise: 0,
[gzserver-2] 		motion_drift_noise: 0,
[gzserver-2] 		motion_drift_noise_time: 50,
[gzserver-2] 		takeoff_hover_height: 2.07,
[gzserver-2] 		takeoff_vertical_speed: 0.2
[gzserver-2] [INFO] [1773177061.217540597] [drone.simple_drone]: Using the PID parameters: 
[gzserver-2] 	Roll Pitch:
[gzserver-2] 		kP: 10, kI: 0,kD: 5, Limit: 0.5, Time Constant: 0
[gzserver-2] 	Yaw:
[gzserver-2] 		kP: 2, kI: 0,kD: 1, Limit: 1.5, Time Constant: 0
[gzserver-2] 	Velocity X:
[gzserver-2] 		kP: 5, kI: 0,kD: 2.3, Limit: 2, Time Constant: 0
[gzserver-2] 	Velocity Y:
[gzserver-2] 		kP: 5, kI: 0,kD: 2.3, Limit: 2, Time Constant: 0
[gzserver-2] 	Velocity Z:
[gzserver-2] 		kP: 5, kI: 0,kD: 1, Limit: -1, Time Constant: 0
[gzserver-2] 	Position XY:
[gzserver-2] 		kP: 1.1, kI: 0,kD: 0, Limit: 5, Time Constant: 0
[gzserver-2] 	Position Z:
[gzserver-2] 		kP: 1, kI: 0,kD: 0.2, Limit: -1, Time Constant: 0
[gzserver-2] [INFO] [1773177061.217675131] [drone.simple_drone]: The drone plugin finished loading!
[gzserver-2] [INFO] [1773177068.435276164] [gazebo_wind_plugin_node]: WindPlugin: set wind_speed=0.00 wind_direction=0.0
[gzserver-2] [INFO] [1773177068.702983233] [gazebo_wind_plugin_node]: WindPlugin: set wind_speed=0.00 wind_direction=0.0
[gzserver-2] [INFO] [1773177068.740892518] [drone.simple_drone]: Quadrotor takes off!!
[gzserver-2] [INFO] [1773177068.945872613] [gazebo_wind_plugin_node]: WindPlugin: set wind_speed=0.00 wind_direction=0.0
[gzserver-2] [INFO] [1773177069.181814289] [gazebo_wind_plugin_node]: WindPlugin: set wind_speed=0.00 wind_direction=0.0
[gzserver-2] [INFO] [1773177069.420921521] [gazebo_wind_plugin_node]: WindPlugin: set wind_speed=0.00 wind_direction=0.0
[gzserver-2] [INFO] [1773177069.661226737] [gazebo_wind_plugin_node]: WindPlugin: set wind_speed=0.00 wind_direction=0.0
[gzserver-2] [INFO] [1773177069.901070639] [gazebo_wind_plugin_node]: WindPlugin: set wind_speed=0.00 wind_direction=0.0
[gzserver-2] [INFO] [1773177070.140484479] [gazebo_wind_plugin_node]: WindPlugin: set wind_speed=0.00 wind_direction=0.0
[gzserver-2] [0m[1;36m[Dbg] [wind_plugin.cpp:110] [0m[1;36mWindPlugin: received command -> speed=[0m[1;36m0[0m[1;36m dir=[0m[1;36m0[0m[1;36m
[gzserver-2] [0m[1;36m[Dbg] [wind_plugin.cpp:110] [0m[1;36mWindPlugin: received command -> speed=[0m[1;36m0[0m[1;36m dir=[0m[1;36m0[0m[1;36m
[gzserver-2] [0m[1;36m[Dbg] [wind_plugin.cpp:110] [0m[1;36mWindPlugin: received command -> speed=[0m[1;36m0[0m[1;36m dir=[0m[1;36m0[0m[1;36m
[gzserver-2] [0m[1;36m[Dbg] [wind_plugin.cpp:110] [0m[1;36mWindPlugin: received command -> speed=[0m[1;36m0[0m[1;36m dir=[0m[1;36m0[0m[1;36m
[gzserver-2] [0m[1;36m[Dbg] [wind_plugin.cpp:110] [0m[1;36mWindPlugin: received command -> speed=[0m[1;36m0[0m[1;36m dir=[0m[1;36m0[0m[1;36m
[gzserver-2] [0m[1;36m[Dbg] [wind_plugin.cpp:110] [0m[1;36mWindPlugin: received command -> speed=[0m[1;36m0[0m[1;36m dir=[0m[1;36m0[0m[1;36m
[gzserver-2] [0m[1;36m[Dbg] [wind_plugin.cpp:110] [0m[1;36mWindPlugin: received command -> speed=[0m[1;36m0[0m[1;36m dir=[0m[1;36m0[0m[1;36m
[gzserver-2] [0m[1;36m[Dbg] [wind_plugin.cpp:110] [0m[1;36mWindPlugin: received command -> speed=[0m[1;36m0[0m[1;36m dir=[0m[1;36m0[0m[1;36m
[gzserver-2] [0mEntering flying model!
[gzserver-2] [INFO] [1773177070.381275417] [gazebo_wind_plugin_node]: WindPlugin: set wind_speed=0.00 wind_direction=0.0
[gzserver-2] [INFO] [1773177070.620897915] [gazebo_wind_plugin_node]: WindPlugin: set wind_speed=0.58 wind_direction=-83.8
[gzserver-2] [INFO] [1773177070.860413120] [gazebo_wind_plugin_node]: WindPlugin: set wind_speed=0.58 wind_direction=-83.8
[gzserver-2] [INFO] [1773177071.099626522] [gazebo_wind_plugin_node]: WindPlugin: set wind_speed=0.45 wind_direction=-85.7
[gzserver-2] [INFO] [1773177071.339169371] [gazebo_wind_plugin_node]: WindPlugin: set wind_speed=0.45 wind_direction=-85.7
[gzserver-2] [INFO] [1773177071.577415368] [gazebo_wind_plugin_node]: WindPlugin: set wind_speed=0.45 wind_direction=-85.7
[gzserver-2] [INFO] [1773177071.813511205] [gazebo_wind_plugin_node]: WindPlugin: set wind_speed=0.45 wind_direction=-85.7
[gzserver-2] [INFO] [1773177072.052997585] [gazebo_wind_plugin_node]: WindPlugin: set wind_speed=0.52 wind_direction=-86.1
[gzserver-2] [INFO] [1773177072.287207214] [gazebo_wind_plugin_node]: WindPlugin: set wind_speed=0.52 wind_direction=-86.1
[gzserver-2] [INFO] [1773177072.526601903] [gazebo_wind_plugin_node]: WindPlugin: set wind_speed=0.52 wind_direction=-86.1
[gzserver-2] [INFO] [1773177072.765904724] [gazebo_wind_plugin_node]: WindPlugin: set wind_speed=0.52 wind_direction=-86.1
[gzserver-2] [INFO] [1773177073.005664749] [gazebo_wind_plugin_node]: WindPlugin: set wind_speed=0.72 wind_direction=-86.3
[gzserver-2] [INFO] [1773177073.246548422] [gazebo_wind_plugin_node]: WindPlugin: set wind_speed=0.72 wind_direction=-86.3
[gzserver-2] [INFO] [1773177073.480502181] [gazebo_wind_plugin_node]: WindPlugin: set wind_speed=0.72 wind_direction=-86.3
[gzserver-2] [INFO] [1773177073.518692081] [drone.simple_drone]: Quadrotor lands!!
[gzserver-2] [INFO] [1773177073.720134724] [gazebo_wind_plugin_node]: WindPlugin: set wind_speed=0.72 wind_direction=-86.3
[gzserver-2] [INFO] [1773177073.960836550] [gazebo_wind_plugin_node]: WindPlugin: set wind_speed=0.70 wind_direction=-84.8
[gzserver-2] [INFO] [1773177074.200563741] [gazebo_wind_plugin_node]: WindPlugin: set wind_speed=0.70 wind_direction=-84.8
[gzserver-2] [INFO] [1773177074.440070772] [gazebo_wind_plugin_node]: WindPlugin: set wind_speed=0.70 wind_direction=-84.8
[gzserver-2] [1;36m[Dbg] [wind_plugin.cpp:110] [0m[1;36mWindPlugin: received command -> speed=[0m[1;36m0[0m[1;36m dir=[0m[1;36m0[0m[1;36m
[gzserver-2] [0m[1;36m[Dbg] [wind_plugin.cpp:110] [0m[1;36mWindPlugin: received command -> speed=[0m[1;36m0.580233[0m[1;36m dir=[0m[1;36m-83.823[0m[1;36m
[gzserver-2] [0m[1;36m[Dbg] [wind_plugin.cpp:110] [0m[1;36mWindPlugin: received command -> speed=[0m[1;36m0.580233[0m[1;36m dir=[0m[1;36m-83.823[0m[1;36m
[gzserver-2] [0m[1;36m[Dbg] [wind_plugin.cpp:110] [0m[1;36mWindPlugin: received command -> speed=[0m[1;36m0.454338[0m[1;36m dir=[0m[1;36m-85.7314[0m[1;36m
[gzserver-2] [0m[1;36m[Dbg] [wind_plugin.cpp:110] [0m[1;36mWindPlugin: received command -> speed=[0m[1;36m0.454338[0m[1;36m dir=[0m[1;36m-85.7314[0m[1;36m
[gzserver-2] [0m[1;36m[Dbg] [wind_plugin.cpp:110] [0m[1;36mWindPlugin: received command -> speed=[0m[1;36m0.454338[0m[1;36m dir=[0m[1;36m-85.7314[0m[1;36m
[gzserver-2] [0m[1;36m[Dbg] [wind_plugin.cpp:110] [0m[1;36mWindPlugin: received command -> speed=[0m[1;36m0.454338[0m[1;36m dir=[0m[1;36m-85.7314[0m[1;36m
[gzserver-2] [0m[1;36m[Dbg] [wind_plugin.cpp:110] [0m[1;36mWindPlugin: received command -> speed=[0m[1;36m0.524988[0m[1;36m dir=[0m[1;36m-86.0649[0m[1;36m
[gzserver-2] [0m[1;36m[Dbg] [wind_plugin.cpp:110] [0m[1;36mWindPlugin: received command -> speed=[0m[1;36m0.524988[0m[1;36m dir=[0m[1;36m-86.0649[0m[1;36m
[gzserver-2] [0m[1;36m[Dbg] [wind_plugin.cpp:110] [0m[1;36mWindPlugin: received command -> speed=[0m[1;36m0.524988[0m[1;36m dir=[0m[1;36m-86.0649[0m[1;36m
[gzserver-2] [0m[1;36m[Dbg] [wind_plugin.cpp:110] [0m[1;36mWindPlugin: received command -> speed=[0m[1;36m0.524988[0m[1;36m dir=[0m[1;36m-86.0649[0m[1;36m
[gzserver-2] [0m[1;36m[Dbg] [wind_plugin.cpp:110] [0m[1;36mWindPlugin: received command -> speed=[0m[1;36m0.716806[0m[1;36m dir=[0m[1;36m-86.3414[0m[1;36m
[gzserver-2] [0m[1;36m[Dbg] [wind_plugin.cpp:110] [0m[1;36mWindPlugin: received command -> speed=[0m[1;36m0.716806[0m[1;36m dir=[0m[1;36m-86.3414[0m[1;36m
[gzserver-2] [0m[1;36m[Dbg] [wind_plugin.cpp:110] [0m[1;36mWindPlugin: received command -> speed=[0m[1;36m0.716806[0m[1;36m dir=[0m[1;36m-86.3414[0m[1;36m
[gzserver-2] [0m[1;36m[Dbg] [wind_plugin.cpp:110] [0m[1;36mWindPlugin: received command -> speed=[0m[1;36m0.716806[0m[1;36m dir=[0m[1;36m-86.3414[0m[1;36m
[gzserver-2] [0m[1;36m[Dbg] [wind_plugin.cpp:110] [0m[1;36mWindPlugin: received command -> speed=[0m[1;36m0.700475[0m[1;36m dir=[0m[1;36m-84.7691[0m[1;36m
[gzserver-2] [0m[1;36m[Dbg] [wind_plugin.cpp:110] [0m[1;36mWindPlugin: received command -> speed=[0m[1;36m0.700475[0m[1;36m dir=[0m[1;36m-84.7691[0m[1;36m
[gzserver-2] [0m[1;36m[Dbg] [wind_plugin.cpp:110] [0m[1;36mWindPlugin: received command -> speed=[0m[1;36m0.700475[0m[1;36m dir=[0m[1;36m-84.7691[0m[1;36m
[gzserver-2] [0mLanded!
[gzserver-2] [INFO] [1773177074.680285585] [gazebo_wind_plugin_node]: WindPlugin: set wind_speed=0.70 wind_direction=-84.8
[gzserver-2] [INFO] [1773177074.919599679] [gazebo_wind_plugin_node]: WindPlugin: set wind_speed=0.70 wind_direction=-84.8
[gzserver-2] [INFO] [1773177075.159068740] [gazebo_wind_plugin_node]: WindPlugin: set wind_speed=0.82 wind_direction=-85.1
[gzserver-2] [INFO] [1773177075.392995859] [gazebo_wind_plugin_node]: WindPlugin: set wind_speed=0.82 wind_direction=-85.1
[gzserver-2] [INFO] [1773177075.627355916] [gazebo_wind_plugin_node]: WindPlugin: set wind_speed=0.82 wind_direction=-85.1
[gzserver-2] [INFO] [1773177075.867021007] [gazebo_wind_plugin_node]: WindPlugin: set wind_speed=0.82 wind_direction=-85.1
[gzserver-2] [INFO] [1773177076.106908037] [gazebo_wind_plugin_node]: WindPlugin: set wind_speed=0.75 wind_direction=-87.8
[gzserver-2] [INFO] [1773177076.347073441] [gazebo_wind_plugin_node]: WindPlugin: set wind_speed=0.75 wind_direction=-87.8
