[INFO] [launch]: All log files can be found below /home/j/.ros/log/2026-03-11-06-47-40-325257-j-1383154
[INFO] [launch]: Default logging verbosity is set to INFO
[INFO] [launch.user]: [bringup] Apriltag config: camera=/drone/bottom, image=/drone/bottom/image_raw, tags=/drone/bottom/tags, bridge=/landing_tag_state, standalone=true, use_target_id=true, target_id=0
[INFO] [rviz2-1]: process started with pid [1383157]
[INFO] [gzserver-2]: process started with pid [1383159]
[INFO] [robot_state_publisher-3]: process started with pid [1383161]
[INFO] [joint_state_publisher-4]: process started with pid [1383163]
[INFO] [spawn_drone-5]: process started with pid [1383165]
[INFO] [static_transform_publisher-6]: process started with pid [1383167]
[INFO] [joy_node-7]: process started with pid [1383169]
[INFO] [teleop_joystick-8]: process started with pid [1383171]
[INFO] [apriltag_detector_node-9]: process started with pid [1383173]
[INFO] [apriltag_state_bridge-10]: process started with pid [1383175]
[static_transform_publisher-6] [WARN] [1773179260.789237627] []: Old-style arguments are deprecated; see --help for new-style arguments
[static_transform_publisher-6] [INFO] [1773179260.795223525] [static_transform_publisher_Sos40cLRKJmbDQTy]: Spinning until stopped - publishing transform
[static_transform_publisher-6] translation: ('0.000000', '0.000000', '0.000000')
[static_transform_publisher-6] rotation: ('0.000000', '0.000000', '0.000000', '1.000000')
[static_transform_publisher-6] from 'world' to '/drone/odom'
[rviz2-1] 
[rviz2-1] (rviz2:1383157): dbind-WARNING **: 06:47:40.814: Couldn't connect to accessibility bus: Failed to connect to socket /root/.cache/at-spi/bus_0: 허가 거부
[robot_state_publisher-3] [INFO] [1773179260.819224885] [drone.robot_state_publisher]: got segment base_footprint
[robot_state_publisher-3] [INFO] [1773179260.819312635] [drone.robot_state_publisher]: got segment base_link
[robot_state_publisher-3] [INFO] [1773179260.819324692] [drone.robot_state_publisher]: got segment bottom_cam_link
[robot_state_publisher-3] [INFO] [1773179260.819332733] [drone.robot_state_publisher]: got segment front_cam_link
[robot_state_publisher-3] [INFO] [1773179260.819339791] [drone.robot_state_publisher]: got segment sonar_link
[apriltag_detector_node-9] [INFO] [1773179260.826120283] [apriltag_detector_node]: tag detector type: umich
[teleop_joystick-8] Traceback (most recent call last):
[teleop_joystick-8]   File "/home/j/INCSL/IICC26_ws/install/sjtu_drone_control/lib/sjtu_drone_control/teleop_joystick", line 33, in <module>
[teleop_joystick-8]     sys.exit(load_entry_point('sjtu_drone_control==0.0.0', 'console_scripts', 'teleop_joystick')())
[teleop_joystick-8]   File "/home/j/INCSL/IICC26_ws/install/sjtu_drone_control/lib/sjtu_drone_control/teleop_joystick", line 22, in importlib_load_entry_point
[teleop_joystick-8]     for entry_point in distribution(dist_name).entry_points
[teleop_joystick-8]   File "/usr/lib/python3.10/importlib/metadata/__init__.py", line 969, in distribution
[teleop_joystick-8]     return Distribution.from_name(distribution_name)
[teleop_joystick-8]   File "/usr/lib/python3.10/importlib/metadata/__init__.py", line 548, in from_name
[teleop_joystick-8]     raise PackageNotFoundError(name)
[teleop_joystick-8] importlib.metadata.PackageNotFoundError: No package metadata was found for sjtu_drone_control
[ERROR] [teleop_joystick-8]: process has died [pid 1383171, exit code 1, cmd '/home/j/INCSL/IICC26_ws/install/sjtu_drone_control/lib/sjtu_drone_control/teleop_joystick --ros-args -r __ns:=/drone'].
[gzserver-2] Gazebo multi-robot simulator, version 11.10.2
[gzserver-2] Copyright (C) 2012 Open Source Robotics Foundation.
[gzserver-2] Released under the Apache 2 License.
[gzserver-2] http://gazebosim.org
[gzserver-2] 
[apriltag_state_bridge-10] [INFO] [1773179261.024577202] [apriltag_state_bridge]: AprilTag bridge started: /drone/bottom/tags -> /landing_tag_state, use_target_id=True, target_id=0
[joint_state_publisher-4] [INFO] [1773179261.061296461] [drone.joint_state_publisher]: Waiting for robot_description to be published on the robot_description topic...
[gzserver-2] [1;33m[Wrn] [gazebo_ros_init.cpp:178] [0m[1;33m
[gzserver-2] #     # ####### ####### ###  #####  #######
[gzserver-2] ##    # #     #    #     #  #     # #
[gzserver-2] # #   # #     #    #     #  #       #
[gzserver-2] #  #  # #     #    #     #  #       #####
[gzserver-2] #   # # #     #    #     #  #       #
[gzserver-2] #    ## #     #    #     #  #     # #
[gzserver-2] #     # #######    #    ###  #####  #######
[gzserver-2] 
[gzserver-2] This version of Gazebo, now called Gazebo classic, reaches end-of-life
[gzserver-2] in January 2025. Users are highly encouraged to migrate to the new Gazebo
[gzserver-2] using our migration guides (https://gazebosim.org/docs/latest/gazebo_classic_migration?utm_source=gazebo_ros_pkgs&utm_medium=cli)
[gzserver-2] 
[gzserver-2] [0m[1;33m
[rviz2-1] [INFO] [1773179261.636856283] [rviz2]: Stereo is NOT SUPPORTED
[rviz2-1] [INFO] [1773179261.636979007] [rviz2]: OpenGl version: 4.6 (GLSL 4.6)
[rviz2-1] [INFO] [1773179261.711665552] [rviz2]: Stereo is NOT SUPPORTED
[rviz2-1] [INFO] [1773179261.802396137] [rviz2]: Stereo is NOT SUPPORTED
[spawn_drone-5] [INFO] [1773179262.208529369] [spawn_drone]: Result False Entity pushed to spawn queue, but spawn service timed outwaiting for entity to appear in simulation under the name [/drone]
[gzserver-2] [1;32m[Msg] [0m[1;32mWaiting for master.[0m[1;32m
[gzserver-2] [0m[1;32m[0m[1;32m[0m[1;32m[Msg] [0m[1;32mConnected to gazebo master @ [0m[1;32mhttp://127.0.0.1:11345[0m[1;32m
[gzserver-2] [0m[1;32m[0m[1;32m[0m[1;32m[Msg] [0m[1;32mPublicized address: [0m[1;32m192.168.0.11[0m[1;32m
[gzserver-2] [0m[1;32m[0m[1;32m[0m[1;32m[Msg] [0m[1;32mLoading world file [[0m[1;32m/home/j/INCSL/IICC26_ws/install/sjtu_drone_description/share/sjtu_drone_description/worlds/landingPad.world[0m[1;32m][0m[1;32m
[gzserver-2] [0m[1;32m[0m[1;32m[0m[1;36m[Dbg] [wind_plugin.cpp:96] [0m[1;36mWindPlugin loaded: speed=[0m[1;36m0[0m[1;36m dir=[0m[1;36m0[0m[1;36m deg area=[0m[1;36m0.1[0m[1;36m coeff=[0m[1;36m1[0m[1;36m
[gzserver-2] [0m[1;33m[0m[1;33m[0m[1;31m[Err] [Sensor.cc:510] [0m[1;31mGet noise index not valid[0m[1;31m
[gzserver-2] [0m[1;31m[0m[1;31m[0m[1;31m[Err] [Sensor.cc:510] [0m[1;31mGet noise index not valid[0m[1;31m
[gzserver-2] [0m[1;31m[0m[1;31m[0m[1;31m[Err] [Sensor.cc:510] [0m[1;31mGet noise index not valid[0m[1;31m
[gzserver-2] [0m[1;31m[0m[1;31m[0m[1;31m[Err] [Sensor.cc:510] [0m[1;31mGet noise index not valid[0m[1;31m
[gzserver-2] [0m[1;31m[0m[1;31m[0m[1;31m[Err] [Sensor.cc:510] [0m[1;31mGet noise index not valid[0m[1;31m
[gzserver-2] [0m[1;31m[0m[1;31m[0m[1;31m[Err] [Sensor.cc:510] [0m[1;31mGet noise index not valid[0m[1;31m
[gzserver-2] [0m[1;31m[0m[1;31m[0mTopic [default//drone/base_footprint/down_camera/image] is not valid.
[gzserver-2] Topic [default//drone/base_footprint/front_camera/image] is not valid.
[gzserver-2] [INFO] [1773179262.240028324] [drone.collision_plugin]: Publishing contact states to [/drone/bumper_states]
[gzserver-2] [1;33m[Wrn] [Event.cc:61] [0m[1;33mWarning: Deleting a connection right after creation. [0m[1;33mMake sure to save the ConnectionPtr from a Connect call
[INFO] [spawn_drone-5]: process has finished cleanly [pid 1383165]
[gzserver-2] [0m[INFO] [1773179262.827379539] [drone.camera_bottom]: Publishing camera info to [/drone/bottom/camera_info]
[gzserver-2] [INFO] [1773179262.831912817] [drone.camera_front]: Publishing camera info to [/drone/front/camera_info]
[gzserver-2] [INFO] [1773179262.953276703] [drone.simple_drone]: The drone plugin is loading!
[gzserver-2] [INFO] [1773179262.953476191] [drone.simple_drone]: pub_odom: 1
[gzserver-2] [INFO] [1773179262.953513704] [drone.simple_drone]: Using following parameters: 
[gzserver-2] 		link_name: base_footprint,
[gzserver-2] 		max_force: 30,
[gzserver-2] 		motion_small_noise: 0,
[gzserver-2] 		motion_drift_noise: 0,
[gzserver-2] 		motion_drift_noise_time: 50,
[gzserver-2] 		takeoff_hover_height: 1.62,
[gzserver-2] 		takeoff_vertical_speed: 0.2
[gzserver-2] [INFO] [1773179262.965128117] [drone.simple_drone]: Using the PID parameters: 
[gzserver-2] 	Roll Pitch:
[gzserver-2] 		kP: 10, kI: 0,kD: 5, Limit: 0.5, Time Constant: 0
[gzserver-2] 	Yaw:
[gzserver-2] 		kP: 2, kI: 0,kD: 1, Limit: 1.5, Time Constant: 0
[gzserver-2] 	Velocity X:
[gzserver-2] 		kP: 5, kI: 0,kD: 2.3, Limit: 2, Time Constant: 0
[gzserver-2] 	Velocity Y:
[gzserver-2] 		kP: 5, kI: 0,kD: 2.3, Limit: 2, Time Constant: 0
[gzserver-2] 	Velocity Z:
[gzserver-2] 		kP: 5, kI: 0,kD: 1, Limit: -1, Time Constant: 0
[gzserver-2] 	Position XY:
[gzserver-2] 		kP: 1.1, kI: 0,kD: 0, Limit: 5, Time Constant: 0
[gzserver-2] 	Position Z:
[gzserver-2] 		kP: 1, kI: 0,kD: 0.2, Limit: -1, Time Constant: 0
[gzserver-2] [INFO] [1773179262.965259196] [drone.simple_drone]: The drone plugin finished loading!
[gzserver-2] [INFO] [1773179270.157707751] [gazebo_wind_plugin_node]: WindPlugin: set wind_speed=0.00 wind_direction=0.0
[gzserver-2] [INFO] [1773179270.430562060] [gazebo_wind_plugin_node]: WindPlugin: set wind_speed=0.00 wind_direction=0.0
[gzserver-2] [INFO] [1773179270.469167341] [drone.simple_drone]: Quadrotor takes off!!
[gzserver-2] [INFO] [1773179270.670302443] [gazebo_wind_plugin_node]: WindPlugin: set wind_speed=0.00 wind_direction=0.0
[gzserver-2] [INFO] [1773179270.910444950] [gazebo_wind_plugin_node]: WindPlugin: set wind_speed=0.00 wind_direction=0.0
[gzserver-2] [INFO] [1773179271.150891231] [gazebo_wind_plugin_node]: WindPlugin: set wind_speed=0.00 wind_direction=0.0
[gzserver-2] [INFO] [1773179271.390378708] [gazebo_wind_plugin_node]: WindPlugin: set wind_speed=0.00 wind_direction=0.0
[gzserver-2] [INFO] [1773179271.626014109] [gazebo_wind_plugin_node]: WindPlugin: set wind_speed=0.00 wind_direction=0.0
[gzserver-2] [0m[1;36m[Dbg] [wind_plugin.cpp:110] [0m[1;36mWindPlugin: received command -> speed=[0m[1;36m0[0m[1;36m dir=[0m[1;36m0[0m[1;36m
[gzserver-2] [0m[1;36m[Dbg] [wind_plugin.cpp:110] [0m[1;36mWindPlugin: received command -> speed=[0m[1;36m0[0m[1;36m dir=[0m[1;36m0[0m[1;36m
[gzserver-2] [0m[1;36m[Dbg] [wind_plugin.cpp:110] [0m[1;36mWindPlugin: received command -> speed=[0m[1;36m0[0m[1;36m dir=[0m[1;36m0[0m[1;36m
[gzserver-2] [0m[1;36m[Dbg] [wind_plugin.cpp:110] [0m[1;36mWindPlugin: received command -> speed=[0m[1;36m0[0m[1;36m dir=[0m[1;36m0[0m[1;36m
[gzserver-2] [0m[1;36m[Dbg] [wind_plugin.cpp:110] [0m[1;36mWindPlugin: received command -> speed=[0m[1;36m0[0m[1;36m dir=[0m[1;36m0[0m[1;36m
[gzserver-2] [0m[1;36m[Dbg] [wind_plugin.cpp:110] [0m[1;36mWindPlugin: received command -> speed=[0m[1;36m0[0m[1;36m dir=[0m[1;36m0[0m[1;36m
[gzserver-2] [0m[1;36m[Dbg] [wind_plugin.cpp:110] [0m[1;36mWindPlugin: received command -> speed=[0m[1;36m0[0m[1;36m dir=[0m[1;36m0[0m[1;36m
[gzserver-2] [0mEntering flying model!
[gzserver-2] [INFO] [1773179271.860642236] [gazebo_wind_plugin_node]: WindPlugin: set wind_speed=0.00 wind_direction=0.0
[gzserver-2] [INFO] [1773179272.102266731] [gazebo_wind_plugin_node]: WindPlugin: set wind_speed=0.53 wind_direction=-92.7
[gzserver-2] [INFO] [1773179272.342365764] [gazebo_wind_plugin_node]: WindPlugin: set wind_speed=0.53 wind_direction=-92.7
[gzserver-2] [INFO] [1773179272.581452939] [gazebo_wind_plugin_node]: WindPlugin: set wind_speed=0.53 wind_direction=-92.7
[gzserver-2] [INFO] [1773179272.816895909] [gazebo_wind_plugin_node]: WindPlugin: set wind_speed=0.60 wind_direction=-90.0
[gzserver-2] [INFO] [1773179273.057760611] [gazebo_wind_plugin_node]: WindPlugin: set wind_speed=0.60 wind_direction=-90.0
[gzserver-2] [INFO] [1773179273.298068037] [gazebo_wind_plugin_node]: WindPlugin: set wind_speed=0.60 wind_direction=-90.0
[gzserver-2] [INFO] [1773179273.529880722] [gazebo_wind_plugin_node]: WindPlugin: set wind_speed=0.60 wind_direction=-90.0
[gzserver-2] [INFO] [1773179273.764137939] [gazebo_wind_plugin_node]: WindPlugin: set wind_speed=0.31 wind_direction=-92.5
[gzserver-2] [INFO] [1773179274.005998530] [gazebo_wind_plugin_node]: WindPlugin: set wind_speed=0.31 wind_direction=-92.5
[gzserver-2] [INFO] [1773179274.245934951] [gazebo_wind_plugin_node]: WindPlugin: set wind_speed=0.31 wind_direction=-92.5
[gzserver-2] [INFO] [1773179274.480433513] [gazebo_wind_plugin_node]: WindPlugin: set wind_speed=0.31 wind_direction=-92.5
[gzserver-2] [INFO] [1773179274.720179443] [gazebo_wind_plugin_node]: WindPlugin: set wind_speed=0.48 wind_direction=-93.0
[gzserver-2] [INFO] [1773179274.954524730] [gazebo_wind_plugin_node]: WindPlugin: set wind_speed=0.48 wind_direction=-93.0
[gzserver-2] [INFO] [1773179274.982357249] [drone.simple_drone]: Quadrotor lands!!
[gzserver-2] [INFO] [1773179275.183721398] [gazebo_wind_plugin_node]: WindPlugin: set wind_speed=0.48 wind_direction=-93.0
[gzserver-2] [INFO] [1773179275.422831802] [gazebo_wind_plugin_node]: WindPlugin: set wind_speed=0.48 wind_direction=-93.0
[gzserver-2] [INFO] [1773179275.657955298] [gazebo_wind_plugin_node]: WindPlugin: set wind_speed=0.76 wind_direction=-92.3
[gzserver-2] [INFO] [1773179275.898275222] [gazebo_wind_plugin_node]: WindPlugin: set wind_speed=0.76 wind_direction=-92.3
[gzserver-2] [1;36m[Dbg] [wind_plugin.cpp:110] [0m[1;36mWindPlugin: received command -> speed=[0m[1;36m0[0m[1;36m dir=[0m[1;36m0[0m[1;36m
[gzserver-2] [0m[1;36m[Dbg] [wind_plugin.cpp:110] [0m[1;36mWindPlugin: received command -> speed=[0m[1;36m0.526287[0m[1;36m dir=[0m[1;36m-92.6706[0m[1;36m
[gzserver-2] [0m[1;36m[Dbg] [wind_plugin.cpp:110] [0m[1;36mWindPlugin: received command -> speed=[0m[1;36m0.526287[0m[1;36m dir=[0m[1;36m-92.6706[0m[1;36m
[gzserver-2] [0m[1;36m[Dbg] [wind_plugin.cpp:110] [0m[1;36mWindPlugin: received command -> speed=[0m[1;36m0.526287[0m[1;36m dir=[0m[1;36m-92.6706[0m[1;36m
[gzserver-2] [0m[1;36m[Dbg] [wind_plugin.cpp:110] [0m[1;36mWindPlugin: received command -> speed=[0m[1;36m0.600231[0m[1;36m dir=[0m[1;36m-89.9898[0m[1;36m
[gzserver-2] [0m[1;36m[Dbg] [wind_plugin.cpp:110] [0m[1;36mWindPlugin: received command -> speed=[0m[1;36m0.600231[0m[1;36m dir=[0m[1;36m-89.9898[0m[1;36m
[gzserver-2] [0m[1;36m[Dbg] [wind_plugin.cpp:110] [0m[1;36mWindPlugin: received command -> speed=[0m[1;36m0.600231[0m[1;36m dir=[0m[1;36m-89.9898[0m[1;36m
[gzserver-2] [0m[1;36m[Dbg] [wind_plugin.cpp:110] [0m[1;36mWindPlugin: received command -> speed=[0m[1;36m0.600231[0m[1;36m dir=[0m[1;36m-89.9898[0m[1;36m
[gzserver-2] [0m[1;36m[Dbg] [wind_plugin.cpp:110] [0m[1;36mWindPlugin: received command -> speed=[0m[1;36m0.311651[0m[1;36m dir=[0m[1;36m-92.4924[0m[1;36m
[gzserver-2] [0m[1;36m[Dbg] [wind_plugin.cpp:110] [0m[1;36mWindPlugin: received command -> speed=[0m[1;36m0.311651[0m[1;36m dir=[0m[1;36m-92.4924[0m[1;36m
[gzserver-2] [0m[1;36m[Dbg] [wind_plugin.cpp:110] [0m[1;36mWindPlugin: received command -> speed=[0m[1;36m0.311651[0m[1;36m dir=[0m[1;36m-92.4924[0m[1;36m
[gzserver-2] [0m[1;36m[Dbg] [wind_plugin.cpp:110] [0m[1;36mWindPlugin: received command -> speed=[0m[1;36m0.311651[0m[1;36m dir=[0m[1;36m-92.4924[0m[1;36m
[gzserver-2] [0m[1;36m[Dbg] [wind_plugin.cpp:110] [0m[1;36mWindPlugin: received command -> speed=[0m[1;36m0.483487[0m[1;36m dir=[0m[1;36m-93.0323[0m[1;36m
[gzserver-2] [0m[1;36m[Dbg] [wind_plugin.cpp:110] [0m[1;36mWindPlugin: received command -> speed=[0m[1;36m0.483487[0m[1;36m dir=[0m[1;36m-93.0323[0m[1;36m
[gzserver-2] [0m[1;36m[Dbg] [wind_plugin.cpp:110] [0m[1;36mWindPlugin: received command -> speed=[0m[1;36m0.483487[0m[1;36m dir=[0m[1;36m-93.0323[0m[1;36m
[gzserver-2] [0m[1;36m[Dbg] [wind_plugin.cpp:110] [0m[1;36mWindPlugin: received command -> speed=[0m[1;36m0.483487[0m[1;36m dir=[0m[1;36m-93.0323[0m[1;36m
[gzserver-2] [0m[1;36m[Dbg] [wind_plugin.cpp:110] [0m[1;36mWindPlugin: received command -> speed=[0m[1;36m0.763332[0m[1;36m dir=[0m[1;36m-92.2758[0m[1;36m
[gzserver-2] [0m[1;36m[Dbg] [wind_plugin.cpp:110] [0m[1;36mWindPlugin: received command -> speed=[0m[1;36m0.763332[0m[1;36m dir=[0m[1;36m-92.2758[0m[1;36m
[gzserver-2] [0mLanded!
[gzserver-2] [INFO] [1773179276.131912251] [gazebo_wind_plugin_node]: WindPlugin: set wind_speed=0.76 wind_direction=-92.3
[gzserver-2] [INFO] [1773179276.366421937] [gazebo_wind_plugin_node]: WindPlugin: set wind_speed=0.76 wind_direction=-92.3
[gzserver-2] [INFO] [1773179276.606297593] [gazebo_wind_plugin_node]: WindPlugin: set wind_speed=0.76 wind_direction=-92.3
[gzserver-2] [INFO] [1773179276.845908496] [gazebo_wind_plugin_node]: WindPlugin: set wind_speed=0.53 wind_direction=-94.5
[gzserver-2] [INFO] [1773179277.085531428] [gazebo_wind_plugin_node]: WindPlugin: set wind_speed=0.53 wind_direction=-94.5
[gzserver-2] [INFO] [1773179277.324921489] [gazebo_wind_plugin_node]: WindPlugin: set wind_speed=0.53 wind_direction=-94.5
[gzserver-2] [INFO] [1773179277.565487109] [gazebo_wind_plugin_node]: WindPlugin: set wind_speed=0.53 wind_direction=-94.5
[gzserver-2] [INFO] [1773179277.804628962] [gazebo_wind_plugin_node]: WindPlugin: set wind_speed=0.40 wind_direction=-93.9
