[INFO] [launch]: All log files can be found below /home/j/.ros/log/2026-03-11-00-58-58-124067-j-2590562
[INFO] [launch]: Default logging verbosity is set to INFO
[INFO] [launch.user]: [bringup] Apriltag config: camera=/drone/bottom, image=/drone/bottom/image_raw, tags=/drone/bottom/tags, bridge=/landing_tag_state, standalone=true, use_target_id=true, target_id=0
[INFO] [rviz2-1]: process started with pid [2590577]
[INFO] [gzserver-2]: process started with pid [2590579]
[INFO] [robot_state_publisher-3]: process started with pid [2590581]
[INFO] [joint_state_publisher-4]: process started with pid [2590583]
[INFO] [spawn_drone-5]: process started with pid [2590585]
[INFO] [static_transform_publisher-6]: process started with pid [2590587]
[INFO] [joy_node-7]: process started with pid [2590589]
[INFO] [teleop_joystick-8]: process started with pid [2590591]
[INFO] [apriltag_detector_node-9]: process started with pid [2590593]
[INFO] [apriltag_state_bridge-10]: process started with pid [2590595]
[static_transform_publisher-6] [WARN] [1773158338.602512215] []: Old-style arguments are deprecated; see --help for new-style arguments
[static_transform_publisher-6] [INFO] [1773158338.608395988] [static_transform_publisher_gEA33d0kc5TycDWj]: Spinning until stopped - publishing transform
[static_transform_publisher-6] translation: ('0.000000', '0.000000', '0.000000')
[static_transform_publisher-6] rotation: ('0.000000', '0.000000', '0.000000', '1.000000')
[static_transform_publisher-6] from 'world' to '/drone/odom'
[robot_state_publisher-3] [INFO] [1773158338.624855397] [drone.robot_state_publisher]: got segment base_footprint
[robot_state_publisher-3] [INFO] [1773158338.624921823] [drone.robot_state_publisher]: got segment base_link
[robot_state_publisher-3] [INFO] [1773158338.624927744] [drone.robot_state_publisher]: got segment bottom_cam_link
[robot_state_publisher-3] [INFO] [1773158338.624930895] [drone.robot_state_publisher]: got segment front_cam_link
[robot_state_publisher-3] [INFO] [1773158338.624933780] [drone.robot_state_publisher]: got segment sonar_link
[rviz2-1] 
[rviz2-1] (rviz2:2590577): dbind-WARNING **: 00:58:58.655: Couldn't connect to accessibility bus: Failed to connect to socket /root/.cache/at-spi/bus_0: 허가 거부
[apriltag_detector_node-9] [INFO] [1773158338.657603180] [apriltag_detector_node]: tag detector type: umich
[teleop_joystick-8] Traceback (most recent call last):
[teleop_joystick-8]   File "/home/j/INCSL/IICC26_ws/install/sjtu_drone_control/lib/sjtu_drone_control/teleop_joystick", line 33, in <module>
[teleop_joystick-8]     sys.exit(load_entry_point('sjtu_drone_control==0.0.0', 'console_scripts', 'teleop_joystick')())
[teleop_joystick-8]   File "/home/j/INCSL/IICC26_ws/install/sjtu_drone_control/lib/sjtu_drone_control/teleop_joystick", line 22, in importlib_load_entry_point
[teleop_joystick-8]     for entry_point in distribution(dist_name).entry_points
[teleop_joystick-8]   File "/usr/lib/python3.10/importlib/metadata/__init__.py", line 969, in distribution
[teleop_joystick-8]     return Distribution.from_name(distribution_name)
[teleop_joystick-8]   File "/usr/lib/python3.10/importlib/metadata/__init__.py", line 548, in from_name
[teleop_joystick-8]     raise PackageNotFoundError(name)
[teleop_joystick-8] importlib.metadata.PackageNotFoundError: No package metadata was found for sjtu_drone_control
[ERROR] [teleop_joystick-8]: process has died [pid 2590591, exit code 1, cmd '/home/j/INCSL/IICC26_ws/install/sjtu_drone_control/lib/sjtu_drone_control/teleop_joystick --ros-args -r __ns:=/drone'].
[apriltag_state_bridge-10] [INFO] [1773158338.795514776] [apriltag_state_bridge]: AprilTag bridge started: /drone/bottom/tags -> /landing_tag_state, use_target_id=True, target_id=0
[gzserver-2] Gazebo multi-robot simulator, version 11.10.2
[gzserver-2] Copyright (C) 2012 Open Source Robotics Foundation.
[gzserver-2] Released under the Apache 2 License.
[gzserver-2] http://gazebosim.org
[gzserver-2] 
[joint_state_publisher-4] [INFO] [1773158338.874132890] [drone.joint_state_publisher]: Waiting for robot_description to be published on the robot_description topic...
[gzserver-2] [1;33m[Wrn] [gazebo_ros_init.cpp:178] [0m[1;33m
[gzserver-2] #     # ####### ####### ###  #####  #######
[gzserver-2] ##    # #     #    #     #  #     # #
[gzserver-2] # #   # #     #    #     #  #       #
[gzserver-2] #  #  # #     #    #     #  #       #####
[gzserver-2] #   # # #     #    #     #  #       #
[gzserver-2] #    ## #     #    #     #  #     # #
[gzserver-2] #     # #######    #    ###  #####  #######
[gzserver-2] 
[gzserver-2] This version of Gazebo, now called Gazebo classic, reaches end-of-life
[gzserver-2] in January 2025. Users are highly encouraged to migrate to the new Gazebo
[gzserver-2] using our migration guides (https://gazebosim.org/docs/latest/gazebo_classic_migration?utm_source=gazebo_ros_pkgs&utm_medium=cli)
[gzserver-2] 
[gzserver-2] [0m[1;33m
[rviz2-1] [INFO] [1773158339.477837130] [rviz2]: Stereo is NOT SUPPORTED
[rviz2-1] [INFO] [1773158339.477939795] [rviz2]: OpenGl version: 4.6 (GLSL 4.6)
[rviz2-1] [INFO] [1773158339.554615513] [rviz2]: Stereo is NOT SUPPORTED
[rviz2-1] [INFO] [1773158339.643089572] [rviz2]: Stereo is NOT SUPPORTED
[gzserver-2] [1;32m[Msg] [0m[1;32mWaiting for master.[0m[1;32m
[gzserver-2] [0m[1;32m[0m[1;32m[0m[1;32m[Msg] [0m[1;32mConnected to gazebo master @ [0m[1;32mhttp://127.0.0.1:11345[0m[1;32m
[gzserver-2] [0m[1;32m[0m[1;32m[0m[1;32m[Msg] [0m[1;32mPublicized address: [0m[1;32m192.168.0.11[0m[1;32m
[gzserver-2] [0m[1;32m[0m[1;32m[0m[1;32m[Msg] [0m[1;32mLoading world file [[0m[1;32m/home/j/INCSL/IICC26_ws/install/sjtu_drone_description/share/sjtu_drone_description/worlds/landingPad.world[0m[1;32m][0m[1;32m
[gzserver-2] [0m[1;32m[0m[1;32m[0m[1;36m[Dbg] [wind_plugin.cpp:96] [0m[1;36mWindPlugin loaded: speed=[0m[1;36m0[0m[1;36m dir=[0m[1;36m0[0m[1;36m deg area=[0m[1;36m0.1[0m[1;36m coeff=[0m[1;36m1[0m[1;36m
[gzserver-2] [0m[1;33m[0m[1;33m[0m[1;31m[Err] [Sensor.cc:510] [0m[1;31mGet noise index not valid[0m[1;31m
[gzserver-2] [0m[1;31m[0m[1;31m[0m[1;31m[Err] [Sensor.cc:510] [0m[1;31mGet noise index not valid[0m[1;31m
[gzserver-2] [0m[1;31m[0m[1;31m[0m[1;31m[Err] [Sensor.cc:510] [0m[1;31mGet noise index not valid[0m[1;31m
[gzserver-2] [0m[1;31m[0m[1;31m[0m[1;31m[Err] [Sensor.cc:510] [0m[1;31mGet noise index not valid[0m[1;31m
[gzserver-2] [0m[1;31m[0m[1;31m[0m[1;31m[Err] [Sensor.cc:510] [0m[1;31mGet noise index not valid[0m[1;31m
[gzserver-2] [0m[1;31m[0m[1;31m[0m[1;31m[Err] [Sensor.cc:510] [0m[1;31mGet noise index not valid[0m[1;31m
[gzserver-2] [0m[1;31m[0m[1;31m[0mTopic [default//drone/base_footprint/down_camera/image] is not valid.
[gzserver-2] [INFO] [1773158340.119111427] [drone.collision_plugin]: Publishing contact states to [/drone/bumper_states]
[gzserver-2] Topic [default//drone/base_footprint/front_camera/image] is not valid.
[gzserver-2] [1;33m[Wrn] [Event.cc:61] [0m[1;33mWarning: Deleting a connection right after creation. [0m[1;33mMake sure to save the ConnectionPtr from a Connect call
[gzserver-2] [0m[INFO] [1773158340.677044621] [drone.camera_bottom]: Publishing camera info to [/drone/bottom/camera_info]
[gzserver-2] [INFO] [1773158340.681408842] [drone.camera_front]: Publishing camera info to [/drone/front/camera_info]
[spawn_drone-5] [INFO] [1773158340.690097299] [spawn_drone]: Result True SpawnEntity: Successfully spawned entity [/drone]
[gzserver-2] [INFO] [1773158340.803318818] [drone.simple_drone]: The drone plugin is loading!
[gzserver-2] [INFO] [1773158340.803520754] [drone.simple_drone]: pub_odom: 1
[gzserver-2] [INFO] [1773158340.803554561] [drone.simple_drone]: Using following parameters: 
[gzserver-2] 		link_name: base_footprint,
[gzserver-2] 		max_force: 30,
[gzserver-2] 		motion_small_noise: 0,
[gzserver-2] 		motion_drift_noise: 0,
[gzserver-2] 		motion_drift_noise_time: 50,
[gzserver-2] 		takeoff_hover_height: 1.83,
[gzserver-2] 		takeoff_vertical_speed: 0.2
[gzserver-2] [INFO] [1773158340.815219162] [drone.simple_drone]: Using the PID parameters: 
[gzserver-2] 	Roll Pitch:
[gzserver-2] 		kP: 10, kI: 0,kD: 5, Limit: 0.5, Time Constant: 0
[gzserver-2] 	Yaw:
[gzserver-2] 		kP: 2, kI: 0,kD: 1, Limit: 1.5, Time Constant: 0
[gzserver-2] 	Velocity X:
[gzserver-2] 		kP: 5, kI: 0,kD: 2.3, Limit: 2, Time Constant: 0
[gzserver-2] 	Velocity Y:
[gzserver-2] 		kP: 5, kI: 0,kD: 2.3, Limit: 2, Time Constant: 0
[gzserver-2] 	Velocity Z:
[gzserver-2] 		kP: 5, kI: 0,kD: 1, Limit: -1, Time Constant: 0
[gzserver-2] 	Position XY:
[gzserver-2] 		kP: 1.1, kI: 0,kD: 0, Limit: 5, Time Constant: 0
[gzserver-2] 	Position Z:
[gzserver-2] 		kP: 1, kI: 0,kD: 0.2, Limit: -1, Time Constant: 0
[gzserver-2] [INFO] [1773158340.815355406] [drone.simple_drone]: The drone plugin finished loading!
[INFO] [spawn_drone-5]: process has finished cleanly [pid 2590585]
[gzserver-2] [INFO] [1773158347.952506074] [gazebo_wind_plugin_node]: WindPlugin: set wind_speed=0.00 wind_direction=0.0
[gzserver-2] [INFO] [1773158348.223722865] [gazebo_wind_plugin_node]: WindPlugin: set wind_speed=0.00 wind_direction=0.0
[gzserver-2] [INFO] [1773158348.255504556] [drone.simple_drone]: Quadrotor takes off!!
[gzserver-2] [INFO] [1773158348.457354298] [gazebo_wind_plugin_node]: WindPlugin: set wind_speed=0.00 wind_direction=0.0
[gzserver-2] [INFO] [1773158348.696876311] [gazebo_wind_plugin_node]: WindPlugin: set wind_speed=0.00 wind_direction=0.0
[gzserver-2] [INFO] [1773158348.927457208] [gazebo_wind_plugin_node]: WindPlugin: set wind_speed=0.00 wind_direction=0.0
[gzserver-2] [INFO] [1773158349.161510111] [gazebo_wind_plugin_node]: WindPlugin: set wind_speed=0.00 wind_direction=0.0
[gzserver-2] [INFO] [1773158349.395238206] [gazebo_wind_plugin_node]: WindPlugin: set wind_speed=0.00 wind_direction=0.0
[gzserver-2] [INFO] [1773158349.627231638] [gazebo_wind_plugin_node]: WindPlugin: set wind_speed=0.00 wind_direction=0.0
[gzserver-2] [0m[1;36m[Dbg] [wind_plugin.cpp:110] [0m[1;36mWindPlugin: received command -> speed=[0m[1;36m0[0m[1;36m dir=[0m[1;36m0[0m[1;36m
[gzserver-2] [0m[1;36m[Dbg] [wind_plugin.cpp:110] [0m[1;36mWindPlugin: received command -> speed=[0m[1;36m0[0m[1;36m dir=[0m[1;36m0[0m[1;36m
[gzserver-2] [0m[1;36m[Dbg] [wind_plugin.cpp:110] [0m[1;36mWindPlugin: received command -> speed=[0m[1;36m0[0m[1;36m dir=[0m[1;36m0[0m[1;36m
[gzserver-2] [0m[1;36m[Dbg] [wind_plugin.cpp:110] [0m[1;36mWindPlugin: received command -> speed=[0m[1;36m0[0m[1;36m dir=[0m[1;36m0[0m[1;36m
[gzserver-2] [0m[1;36m[Dbg] [wind_plugin.cpp:110] [0m[1;36mWindPlugin: received command -> speed=[0m[1;36m0[0m[1;36m dir=[0m[1;36m0[0m[1;36m
[gzserver-2] [0m[1;36m[Dbg] [wind_plugin.cpp:110] [0m[1;36mWindPlugin: received command -> speed=[0m[1;36m0[0m[1;36m dir=[0m[1;36m0[0m[1;36m
[gzserver-2] [0m[1;36m[Dbg] [wind_plugin.cpp:110] [0m[1;36mWindPlugin: received command -> speed=[0m[1;36m0[0m[1;36m dir=[0m[1;36m0[0m[1;36m
[gzserver-2] [0m[1;36m[Dbg] [wind_plugin.cpp:110] [0m[1;36mWindPlugin: received command -> speed=[0m[1;36m0[0m[1;36m dir=[0m[1;36m0[0m[1;36m
[gzserver-2] [0mEntering flying model!
[gzserver-2] [INFO] [1773158349.861399004] [gazebo_wind_plugin_node]: WindPlugin: set wind_speed=0.00 wind_direction=0.0
[gzserver-2] [INFO] [1773158350.103627500] [gazebo_wind_plugin_node]: WindPlugin: set wind_speed=4.42 wind_direction=-82.0
[gzserver-2] [INFO] [1773158350.338191157] [gazebo_wind_plugin_node]: WindPlugin: set wind_speed=4.42 wind_direction=-82.0
[gzserver-2] [INFO] [1773158350.578039945] [gazebo_wind_plugin_node]: WindPlugin: set wind_speed=4.35 wind_direction=-82.1
[gzserver-2] [INFO] [1773158350.813565918] [gazebo_wind_plugin_node]: WindPlugin: set wind_speed=4.35 wind_direction=-82.1
[gzserver-2] [INFO] [1773158351.047795687] [gazebo_wind_plugin_node]: WindPlugin: set wind_speed=4.35 wind_direction=-82.1
[gzserver-2] [INFO] [1773158351.288312494] [gazebo_wind_plugin_node]: WindPlugin: set wind_speed=4.35 wind_direction=-82.1
[gzserver-2] [INFO] [1773158351.528160542] [gazebo_wind_plugin_node]: WindPlugin: set wind_speed=4.56 wind_direction=-85.4
[gzserver-2] [INFO] [1773158351.767542804] [gazebo_wind_plugin_node]: WindPlugin: set wind_speed=4.56 wind_direction=-85.4
[gzserver-2] [INFO] [1773158352.001662863] [gazebo_wind_plugin_node]: WindPlugin: set wind_speed=4.56 wind_direction=-85.4
[gzserver-2] [INFO] [1773158352.241051670] [gazebo_wind_plugin_node]: WindPlugin: set wind_speed=4.56 wind_direction=-85.4
[gzserver-2] [INFO] [1773158352.476443212] [gazebo_wind_plugin_node]: WindPlugin: set wind_speed=4.54 wind_direction=-84.5
[gzserver-2] [INFO] [1773158352.711225452] [gazebo_wind_plugin_node]: WindPlugin: set wind_speed=4.54 wind_direction=-84.5
[gzserver-2] [INFO] [1773158352.945571476] [gazebo_wind_plugin_node]: WindPlugin: set wind_speed=4.54 wind_direction=-84.5
[gzserver-2] [INFO] [1773158353.179713910] [gazebo_wind_plugin_node]: WindPlugin: set wind_speed=4.54 wind_direction=-84.5
[gzserver-2] [INFO] [1773158353.414202241] [gazebo_wind_plugin_node]: WindPlugin: set wind_speed=4.54 wind_direction=-84.5
[gzserver-2] [INFO] [1773158353.644102448] [gazebo_wind_plugin_node]: WindPlugin: set wind_speed=4.48 wind_direction=-83.2
[gzserver-2] [INFO] [1773158353.882478233] [gazebo_wind_plugin_node]: WindPlugin: set wind_speed=4.48 wind_direction=-83.2
[gzserver-2] [INFO] [1773158354.117906602] [gazebo_wind_plugin_node]: WindPlugin: set wind_speed=4.48 wind_direction=-83.2
[gzserver-2] [INFO] [1773158354.357050369] [gazebo_wind_plugin_node]: WindPlugin: set wind_speed=4.48 wind_direction=-83.2
[gzserver-2] [INFO] [1773158354.596368314] [gazebo_wind_plugin_node]: WindPlugin: set wind_speed=4.58 wind_direction=-85.6
[gzserver-2] [INFO] [1773158354.835653181] [gazebo_wind_plugin_node]: WindPlugin: set wind_speed=4.58 wind_direction=-85.6
[gzserver-2] [INFO] [1773158355.070769380] [gazebo_wind_plugin_node]: WindPlugin: set wind_speed=4.58 wind_direction=-85.6
[gzserver-2] [INFO] [1773158355.311179887] [gazebo_wind_plugin_node]: WindPlugin: set wind_speed=4.58 wind_direction=-85.6
[gzserver-2] [INFO] [1773158355.550971397] [gazebo_wind_plugin_node]: WindPlugin: set wind_speed=4.51 wind_direction=-84.8
[gzserver-2] [INFO] [1773158355.790898682] [gazebo_wind_plugin_node]: WindPlugin: set wind_speed=4.51 wind_direction=-84.8
[gzserver-2] [INFO] [1773158356.030434761] [gazebo_wind_plugin_node]: WindPlugin: set wind_speed=4.51 wind_direction=-84.8
[gzserver-2] [1;36m[Dbg] [wind_plugin.cpp:110] [0m[1;36mWindPlugin: received command -> speed=[0m[1;36m0[0m[1;36m dir=[0m[1;36m0[0m[1;36m
[gzserver-2] [0m[1;36m[Dbg] [wind_plugin.cpp:110] [0m[1;36mWindPlugin: received command -> speed=[0m[1;36m4.42347[0m[1;36m dir=[0m[1;36m-82.0195[0m[1;36m
[gzserver-2] [0m[1;36m[Dbg] [wind_plugin.cpp:110] [0m[1;36mWindPlugin: received command -> speed=[0m[1;36m4.42347[0m[1;36m dir=[0m[1;36m-82.0195[0m[1;36m
[gzserver-2] [0m[1;36m[Dbg] [wind_plugin.cpp:110] [0m[1;36mWindPlugin: received command -> speed=[0m[1;36m4.34918[0m[1;36m dir=[0m[1;36m-82.0626[0m[1;36m
[gzserver-2] [0m[1;36m[Dbg] [wind_plugin.cpp:110] [0m[1;36mWindPlugin: received command -> speed=[0m[1;36m4.34918[0m[1;36m dir=[0m[1;36m-82.0626[0m[1;36m
[gzserver-2] [0m[1;36m[Dbg] [wind_plugin.cpp:110] [0m[1;36mWindPlugin: received command -> speed=[0m[1;36m4.34918[0m[1;36m dir=[0m[1;36m-82.0626[0m[1;36m
[gzserver-2] [0m[1;36m[Dbg] [wind_plugin.cpp:110] [0m[1;36mWindPlugin: received command -> speed=[0m[1;36m4.34918[0m[1;36m dir=[0m[1;36m-82.0626[0m[1;36m
[gzserver-2] [0m[1;36m[Dbg] [wind_plugin.cpp:110] [0m[1;36mWindPlugin: received command -> speed=[0m[1;36m4.56369[0m[1;36m dir=[0m[1;36m-85.4017[0m[1;36m
[gzserver-2] [0m[1;36m[Dbg] [wind_plugin.cpp:110] [0m[1;36mWindPlugin: received command -> speed=[0m[1;36m4.56369[0m[1;36m dir=[0m[1;36m-85.4017[0m[1;36m
[gzserver-2] [0m[1;36m[Dbg] [wind_plugin.cpp:110] [0m[1;36mWindPlugin: received command -> speed=[0m[1;36m4.56369[0m[1;36m dir=[0m[1;36m-85.4017[0m[1;36m
[gzserver-2] [0m[1;36m[Dbg] [wind_plugin.cpp:110] [0m[1;36mWindPlugin: received command -> speed=[0m[1;36m4.56369[0m[1;36m dir=[0m[1;36m-85.4017[0m[1;36m
[gzserver-2] [0m[1;36m[Dbg] [wind_plugin.cpp:110] [0m[1;36mWindPlugin: received command -> speed=[0m[1;36m4.54019[0m[1;36m dir=[0m[1;36m-84.4938[0m[1;36m
[gzserver-2] [0m[1;36m[Dbg] [wind_plugin.cpp:110] [0m[1;36mWindPlugin: received command -> speed=[0m[1;36m4.54019[0m[1;36m dir=[0m[1;36m-84.4938[0m[1;36m
[gzserver-2] [0m[1;36m[Dbg] [wind_plugin.cpp:110] [0m[1;36mWindPlugin: received command -> speed=[0m[1;36m4.54019[0m[1;36m dir=[0m[1;36m-84.4938[0m[1;36m
[gzserver-2] [0m[1;36m[Dbg] [wind_plugin.cpp:110] [0m[1;36mWindPlugin: received command -> speed=[0m[1;36m4.54019[0m[1;36m dir=[0m[1;36m-84.4938[0m[1;36m
[gzserver-2] [0m[1;36m[Dbg] [wind_plugin.cpp:110] [0m[1;36mWindPlugin: received command -> speed=[0m[1;36m4.54019[0m[1;36m dir=[0m[1;36m-84.4938[0m[1;36m
[gzserver-2] [0m[1;36m[Dbg] [wind_plugin.cpp:110] [0m[1;36mWindPlugin: received command -> speed=[0m[1;36m4.47843[0m[1;36m dir=[0m[1;36m-83.2307[0m[1;36m
[gzserver-2] [0m[1;36m[Dbg] [wind_plugin.cpp:110] [0m[1;36mWindPlugin: received command -> speed=[0m[1;36m4.47843[0m[1;36m dir=[0m[1;36m-83.2307[0m[1;36m
[gzserver-2] [0m[1;36m[Dbg] [wind_plugin.cpp:110] [0m[1;36mWindPlugin: received command -> speed=[0m[1;36m4.47843[0m[1;36m dir=[0m[1;36m-83.2307[0m[1;36m
[gzserver-2] [0m[1;36m[Dbg] [wind_plugin.cpp:110] [0m[1;36mWindPlugin: received command -> speed=[0m[1;36m4.47843[0m[1;36m dir=[0m[1;36m-83.2307[0m[1;36m
[gzserver-2] [0m[1;36m[Dbg] [wind_plugin.cpp:110] [0m[1;36mWindPlugin: received command -> speed=[0m[1;36m4.58036[0m[1;36m dir=[0m[1;36m-85.5715[0m[1;36m
[gzserver-2] [0m[1;36m[Dbg] [wind_plugin.cpp:110] [0m[1;36mWindPlugin: received command -> speed=[0m[1;36m4.58036[0m[1;36m dir=[0m[1;36m-85.5715[0m[1;36m
[gzserver-2] [0m[1;36m[Dbg] [wind_plugin.cpp:110] [0m[1;36mWindPlugin: received command -> speed=[0m[1;36m4.58036[0m[1;36m dir=[0m[1;36m-85.5715[0m[1;36m
[gzserver-2] [0m[1;36m[Dbg] [wind_plugin.cpp:110] [0m[1;36mWindPlugin: received command -> speed=[0m[1;36m4.58036[0m[1;36m dir=[0m[1;36m-85.5715[0m[1;36m
[gzserver-2] [0m[1;36m[Dbg] [wind_plugin.cpp:110] [0m[1;36mWindPlugin: received command -> speed=[0m[1;36m4.51437[0m[1;36m dir=[0m[1;36m-84.8283[0m[1;36m
[gzserver-2] [0m[1;36m[Dbg] [wind_plugin.cpp:110] [0m[1;36mWindPlugin: received command -> speed=[0m[1;36m4.51437[0m[1;36m dir=[0m[1;36m-84.8283[0m[1;36m
[gzserver-2] [INFO] [1773158356.270015797] [gazebo_wind_plugin_node]: WindPlugin: set wind_speed=4.51 wind_direction=-84.8
[gzserver-2] [INFO] [1773158356.509756997] [gazebo_wind_plugin_node]: WindPlugin: set wind_speed=4.69 wind_direction=-87.9
[gzserver-2] [INFO] [1773158356.743812326] [gazebo_wind_plugin_node]: WindPlugin: set wind_speed=4.69 wind_direction=-87.9
[gzserver-2] [INFO] [1773158356.984925234] [gazebo_wind_plugin_node]: WindPlugin: set wind_speed=4.69 wind_direction=-87.9
[gzserver-2] [INFO] [1773158357.219455392] [gazebo_wind_plugin_node]: WindPlugin: set wind_speed=4.69 wind_direction=-87.9
[gzserver-2] [INFO] [1773158357.461081609] [gazebo_wind_plugin_node]: WindPlugin: set wind_speed=4.58 wind_direction=-86.9
[gzserver-2] [INFO] [1773158357.690614628] [gazebo_wind_plugin_node]: WindPlugin: set wind_speed=4.58 wind_direction=-86.9
[gzserver-2] [INFO] [1773158357.925216773] [gazebo_wind_plugin_node]: WindPlugin: set wind_speed=4.58 wind_direction=-86.9
[gzserver-2] [INFO] [1773158358.154208010] [gazebo_wind_plugin_node]: WindPlugin: set wind_speed=4.58 wind_direction=-86.9
[gzserver-2] [INFO] [1773158358.393837010] [gazebo_wind_plugin_node]: WindPlugin: set wind_speed=4.58 wind_direction=-86.9
[gzserver-2] [INFO] [1773158358.633244205] [gazebo_wind_plugin_node]: WindPlugin: set wind_speed=4.69 wind_direction=-88.1
[gzserver-2] [INFO] [1773158358.872846372] [gazebo_wind_plugin_node]: WindPlugin: set wind_speed=4.69 wind_direction=-88.1
[gzserver-2] [INFO] [1773158359.101463918] [gazebo_wind_plugin_node]: WindPlugin: set wind_speed=4.69 wind_direction=-88.1
[gzserver-2] [INFO] [1773158359.335884749] [gazebo_wind_plugin_node]: WindPlugin: set wind_speed=4.69 wind_direction=-88.1
[gzserver-2] [INFO] [1773158359.574968617] [gazebo_wind_plugin_node]: WindPlugin: set wind_speed=4.64 wind_direction=-87.2
[gzserver-2] [INFO] [1773158359.814592458] [gazebo_wind_plugin_node]: WindPlugin: set wind_speed=4.64 wind_direction=-87.2
[gzserver-2] [INFO] [1773158360.054569016] [gazebo_wind_plugin_node]: WindPlugin: set wind_speed=4.64 wind_direction=-87.2
[gzserver-2] [INFO] [1773158360.289805634] [gazebo_wind_plugin_node]: WindPlugin: set wind_speed=4.64 wind_direction=-87.2
[gzserver-2] [INFO] [1773158360.529848704] [gazebo_wind_plugin_node]: WindPlugin: set wind_speed=4.79 wind_direction=-89.4
[gzserver-2] [INFO] [1773158360.769223618] [gazebo_wind_plugin_node]: WindPlugin: set wind_speed=4.79 wind_direction=-89.4
[gzserver-2] [INFO] [1773158361.003753892] [gazebo_wind_plugin_node]: WindPlugin: set wind_speed=4.79 wind_direction=-89.4
[gzserver-2] [INFO] [1773158361.243706832] [gazebo_wind_plugin_node]: WindPlugin: set wind_speed=4.79 wind_direction=-89.4
[gzserver-2] [INFO] [1773158361.483633177] [gazebo_wind_plugin_node]: WindPlugin: set wind_speed=4.59 wind_direction=-89.4
[gzserver-2] [INFO] [1773158361.712252564] [gazebo_wind_plugin_node]: WindPlugin: set wind_speed=4.59 wind_direction=-89.4
[gzserver-2] [INFO] [1773158361.952315839] [gazebo_wind_plugin_node]: WindPlugin: set wind_speed=4.59 wind_direction=-89.4
[gzserver-2] [INFO] [1773158362.191774672] [gazebo_wind_plugin_node]: WindPlugin: set wind_speed=4.59 wind_direction=-89.4
[gzserver-2] [INFO] [1773158362.429083751] [gazebo_wind_plugin_node]: WindPlugin: set wind_speed=4.59 wind_direction=-89.4
[gzserver-2] [0m[1;36m[Dbg] [wind_plugin.cpp:110] [0m[1;36mWindPlugin: received command -> speed=[0m[1;36m4.51437[0m[1;36m dir=[0m[1;36m-84.8283[0m[1;36m
[gzserver-2] [0m[1;36m[Dbg] [wind_plugin.cpp:110] [0m[1;36mWindPlugin: received command -> speed=[0m[1;36m4.51437[0m[1;36m dir=[0m[1;36m-84.8283[0m[1;36m
[gzserver-2] [0m[1;36m[Dbg] [wind_plugin.cpp:110] [0m[1;36mWindPlugin: received command -> speed=[0m[1;36m4.68536[0m[1;36m dir=[0m[1;36m-87.8886[0m[1;36m
[gzserver-2] [0m[1;36m[Dbg] [wind_plugin.cpp:110] [0m[1;36mWindPlugin: received command -> speed=[0m[1;36m4.68536[0m[1;36m dir=[0m[1;36m-87.8886[0m[1;36m
[gzserver-2] [0m[1;36m[Dbg] [wind_plugin.cpp:110] [0m[1;36mWindPlugin: received command -> speed=[0m[1;36m4.68536[0m[1;36m dir=[0m[1;36m-87.8886[0m[1;36m
[gzserver-2] [0m[1;36m[Dbg] [wind_plugin.cpp:110] [0m[1;36mWindPlugin: received command -> speed=[0m[1;36m4.68536[0m[1;36m dir=[0m[1;36m-87.8886[0m[1;36m
[gzserver-2] [0m[1;36m[Dbg] [wind_plugin.cpp:110] [0m[1;36mWindPlugin: received command -> speed=[0m[1;36m4.57961[0m[1;36m dir=[0m[1;36m-86.8679[0m[1;36m
[gzserver-2] [0m[1;36m[Dbg] [wind_plugin.cpp:110] [0m[1;36mWindPlugin: received command -> speed=[0m[1;36m4.57961[0m[1;36m dir=[0m[1;36m-86.8679[0m[1;36m
[gzserver-2] [0m[1;36m[Dbg] [wind_plugin.cpp:110] [0m[1;36mWindPlugin: received command -> speed=[0m[1;36m4.57961[0m[1;36m dir=[0m[1;36m-86.8679[0m[1;36m
[gzserver-2] [0m[1;36m[Dbg] [wind_plugin.cpp:110] [0m[1;36mWindPlugin: received command -> speed=[0m[1;36m4.57961[0m[1;36m dir=[0m[1;36m-86.8679[0m[1;36m
[gzserver-2] [0m[1;36m[Dbg] [wind_plugin.cpp:110] [0m[1;36mWindPlugin: received command -> speed=[0m[1;36m4.57961[0m[1;36m dir=[0m[1;36m-86.8679[0m[1;36m
[gzserver-2] [0m[1;36m[Dbg] [wind_plugin.cpp:110] [0m[1;36mWindPlugin: received command -> speed=[0m[1;36m4.68688[0m[1;36m dir=[0m[1;36m-88.0901[0m[1;36m
[gzserver-2] [0m[1;36m[Dbg] [wind_plugin.cpp:110] [0m[1;36mWindPlugin: received command -> speed=[0m[1;36m4.68688[0m[1;36m dir=[0m[1;36m-88.0901[0m[1;36m
[gzserver-2] [0m[1;36m[Dbg] [wind_plugin.cpp:110] [0m[1;36mWindPlugin: received command -> speed=[0m[1;36m4.68688[0m[1;36m dir=[0m[1;36m-88.0901[0m[1;36m
[gzserver-2] [0m[1;36m[Dbg] [wind_plugin.cpp:110] [0m[1;36mWindPlugin: received command -> speed=[0m[1;36m4.68688[0m[1;36m dir=[0m[1;36m-88.0901[0m[1;36m
[gzserver-2] [0m[1;36m[Dbg] [wind_plugin.cpp:110] [0m[1;36mWindPlugin: received command -> speed=[0m[1;36m4.64221[0m[1;36m dir=[0m[1;36m-87.189[0m[1;36m
[gzserver-2] [0m[1;36m[Dbg] [wind_plugin.cpp:110] [0m[1;36mWindPlugin: received command -> speed=[0m[1;36m4.64221[0m[1;36m dir=[0m[1;36m-87.189[0m[1;36m
[gzserver-2] [0m[1;36m[Dbg] [wind_plugin.cpp:110] [0m[1;36mWindPlugin: received command -> speed=[0m[1;36m4.64221[0m[1;36m dir=[0m[1;36m-87.189[0m[1;36m
[gzserver-2] [0m[1;36m[Dbg] [wind_plugin.cpp:110] [0m[1;36mWindPlugin: received command -> speed=[0m[1;36m4.64221[0m[1;36m dir=[0m[1;36m-87.189[0m[1;36m
[gzserver-2] [0m[1;36m[Dbg] [wind_plugin.cpp:110] [0m[1;36mWindPlugin: received command -> speed=[0m[1;36m4.78801[0m[1;36m dir=[0m[1;36m-89.3547[0m[1;36m
[gzserver-2] [0m[1;36m[Dbg] [wind_plugin.cpp:110] [0m[1;36mWindPlugin: received command -> speed=[0m[1;36m4.78801[0m[1;36m dir=[0m[1;36m-89.3547[0m[1;36m
[gzserver-2] [0m[1;36m[Dbg] [wind_plugin.cpp:110] [0m[1;36mWindPlugin: received command -> speed=[0m[1;36m4.78801[0m[1;36m dir=[0m[1;36m-89.3547[0m[1;36m
[gzserver-2] [0m[1;36m[Dbg] [wind_plugin.cpp:110] [0m[1;36mWindPlugin: received command -> speed=[0m[1;36m4.78801[0m[1;36m dir=[0m[1;36m-89.3547[0m[1;36m
[gzserver-2] [0m[1;36m[Dbg] [wind_plugin.cpp:110] [0m[1;36mWindPlugin: received command -> speed=[0m[1;36m4.58721[0m[1;36m dir=[0m[1;36m-89.4242[0m[1;36m
[gzserver-2] [0m[1;36m[Dbg] [wind_plugin.cpp:110] [0m[1;36mWindPlugin: received command -> speed=[0m[1;36m4.58721[0m[1;36m dir=[0m[1;36m-89.4242[0m[1;36m
[gzserver-2] [0m[1;36m[Dbg] [wind_plugin.cpp:110] [0m[1;36mWindPlugin: received command -> speed=[0m[1;36m4.58721[0m[1;36m dir=[0m[1;36m-89.4242[0m[1;36m
[gzserver-2] [0m[1;36m[Dbg] [wind_plugin.cpp:110] [0m[1;36mWindPlugin: received command -> speed=[0m[1;36m4.58721[0m[1;36m dir=[0m[1;36m-89.4242[0m[1;36m
[gzserver-2] [INFO] [1773158362.668375790] [gazebo_wind_plugin_node]: WindPlugin: set wind_speed=4.80 wind_direction=-88.8
[gzserver-2] [INFO] [1773158362.907815949] [gazebo_wind_plugin_node]: WindPlugin: set wind_speed=4.80 wind_direction=-88.8
[gzserver-2] [INFO] [1773158363.146970823] [gazebo_wind_plugin_node]: WindPlugin: set wind_speed=4.80 wind_direction=-88.8
[gzserver-2] [INFO] [1773158363.384052842] [gazebo_wind_plugin_node]: WindPlugin: set wind_speed=4.80 wind_direction=-88.8
[gzserver-2] [INFO] [1773158363.617650998] [gazebo_wind_plugin_node]: WindPlugin: set wind_speed=4.72 wind_direction=-89.6
[gzserver-2] [INFO] [1773158363.857165098] [gazebo_wind_plugin_node]: WindPlugin: set wind_speed=4.72 wind_direction=-89.6
[gzserver-2] [INFO] [1773158364.085854972] [gazebo_wind_plugin_node]: WindPlugin: set wind_speed=4.72 wind_direction=-89.6
[gzserver-2] [INFO] [1773158364.319645530] [gazebo_wind_plugin_node]: WindPlugin: set wind_speed=4.72 wind_direction=-89.6
[gzserver-2] [INFO] [1773158364.555784501] [gazebo_wind_plugin_node]: WindPlugin: set wind_speed=4.74 wind_direction=-91.6
[gzserver-2] [INFO] [1773158364.790057652] [gazebo_wind_plugin_node]: WindPlugin: set wind_speed=4.74 wind_direction=-91.6
[gzserver-2] [INFO] [1773158365.019447012] [gazebo_wind_plugin_node]: WindPlugin: set wind_speed=4.74 wind_direction=-91.6
[gzserver-2] [INFO] [1773158365.259162519] [gazebo_wind_plugin_node]: WindPlugin: set wind_speed=4.74 wind_direction=-91.6
[gzserver-2] [INFO] [1773158365.487900257] [gazebo_wind_plugin_node]: WindPlugin: set wind_speed=4.71 wind_direction=-91.7
[gzserver-2] [INFO] [1773158365.722247266] [gazebo_wind_plugin_node]: WindPlugin: set wind_speed=4.71 wind_direction=-91.7
[gzserver-2] [INFO] [1773158365.956071236] [gazebo_wind_plugin_node]: WindPlugin: set wind_speed=4.71 wind_direction=-91.7
[gzserver-2] [INFO] [1773158366.195564491] [gazebo_wind_plugin_node]: WindPlugin: set wind_speed=4.71 wind_direction=-91.7
[gzserver-2] [INFO] [1773158366.430133380] [gazebo_wind_plugin_node]: WindPlugin: set wind_speed=4.71 wind_direction=-91.7
[gzserver-2] [INFO] [1773158366.669606262] [gazebo_wind_plugin_node]: WindPlugin: set wind_speed=5.01 wind_direction=-92.0
[gzserver-2] [INFO] [1773158366.908979901] [gazebo_wind_plugin_node]: WindPlugin: set wind_speed=5.01 wind_direction=-92.0
[gzserver-2] [INFO] [1773158367.148507443] [gazebo_wind_plugin_node]: WindPlugin: set wind_speed=5.01 wind_direction=-92.0
[gzserver-2] [INFO] [1773158367.385203898] [gazebo_wind_plugin_node]: WindPlugin: set wind_speed=5.01 wind_direction=-92.0
[gzserver-2] [INFO] [1773158367.625345287] [gazebo_wind_plugin_node]: WindPlugin: set wind_speed=5.01 wind_direction=-90.9
[gzserver-2] [INFO] [1773158367.864660019] [gazebo_wind_plugin_node]: WindPlugin: set wind_speed=5.01 wind_direction=-90.9
[gzserver-2] [INFO] [1773158368.103885643] [gazebo_wind_plugin_node]: WindPlugin: set wind_speed=5.01 wind_direction=-90.9
[gzserver-2] [INFO] [1773158368.342798674] [gazebo_wind_plugin_node]: WindPlugin: set wind_speed=5.01 wind_direction=-90.9
[gzserver-2] [INFO] [1773158368.576938847] [gazebo_wind_plugin_node]: WindPlugin: set wind_speed=4.94 wind_direction=-90.6
[gzserver-2] [INFO] [1773158368.818577690] [gazebo_wind_plugin_node]: WindPlugin: set wind_speed=4.94 wind_direction=-90.6
[gzserver-2] [0m[1;36m[Dbg] [wind_plugin.cpp:110] [0m[1;36mWindPlugin: received command -> speed=[0m[1;36m4.58721[0m[1;36m dir=[0m[1;36m-89.4242[0m[1;36m
[gzserver-2] [0m[1;36m[Dbg] [wind_plugin.cpp:110] [0m[1;36mWindPlugin: received command -> speed=[0m[1;36m4.79638[0m[1;36m dir=[0m[1;36m-88.7619[0m[1;36m
[gzserver-2] [0m[1;36m[Dbg] [wind_plugin.cpp:110] [0m[1;36mWindPlugin: received command -> speed=[0m[1;36m4.79638[0m[1;36m dir=[0m[1;36m-88.7619[0m[1;36m
[gzserver-2] [0m[1;36m[Dbg] [wind_plugin.cpp:110] [0m[1;36mWindPlugin: received command -> speed=[0m[1;36m4.79638[0m[1;36m dir=[0m[1;36m-88.7619[0m[1;36m
[gzserver-2] [0m[1;36m[Dbg] [wind_plugin.cpp:110] [0m[1;36mWindPlugin: received command -> speed=[0m[1;36m4.79638[0m[1;36m dir=[0m[1;36m-88.7619[0m[1;36m
[gzserver-2] [0m[1;36m[Dbg] [wind_plugin.cpp:110] [0m[1;36mWindPlugin: received command -> speed=[0m[1;36m4.71817[0m[1;36m dir=[0m[1;36m-89.6385[0m[1;36m
[gzserver-2] [0m[1;36m[Dbg] [wind_plugin.cpp:110] [0m[1;36mWindPlugin: received command -> speed=[0m[1;36m4.71817[0m[1;36m dir=[0m[1;36m-89.6385[0m[1;36m
[gzserver-2] [0m[1;36m[Dbg] [wind_plugin.cpp:110] [0m[1;36mWindPlugin: received command -> speed=[0m[1;36m4.71817[0m[1;36m dir=[0m[1;36m-89.6385[0m[1;36m
[gzserver-2] [0m[1;36m[Dbg] [wind_plugin.cpp:110] [0m[1;36mWindPlugin: received command -> speed=[0m[1;36m4.71817[0m[1;36m dir=[0m[1;36m-89.6385[0m[1;36m
[gzserver-2] [0m[1;36m[Dbg] [wind_plugin.cpp:110] [0m[1;36mWindPlugin: received command -> speed=[0m[1;36m4.73731[0m[1;36m dir=[0m[1;36m-91.56[0m[1;36m
[gzserver-2] [0m[1;36m[Dbg] [wind_plugin.cpp:110] [0m[1;36mWindPlugin: received command -> speed=[0m[1;36m4.73731[0m[1;36m dir=[0m[1;36m-91.56[0m[1;36m
[gzserver-2] [0m[1;36m[Dbg] [wind_plugin.cpp:110] [0m[1;36mWindPlugin: received command -> speed=[0m[1;36m4.73731[0m[1;36m dir=[0m[1;36m-91.56[0m[1;36m
[gzserver-2] [0m[1;36m[Dbg] [wind_plugin.cpp:110] [0m[1;36mWindPlugin: received command -> speed=[0m[1;36m4.73731[0m[1;36m dir=[0m[1;36m-91.56[0m[1;36m
[gzserver-2] [0m[1;36m[Dbg] [wind_plugin.cpp:110] [0m[1;36mWindPlugin: received command -> speed=[0m[1;36m4.70668[0m[1;36m dir=[0m[1;36m-91.6707[0m[1;36m
[gzserver-2] [0m[1;36m[Dbg] [wind_plugin.cpp:110] [0m[1;36mWindPlugin: received command -> speed=[0m[1;36m4.70668[0m[1;36m dir=[0m[1;36m-91.6707[0m[1;36m
[gzserver-2] [0m[1;36m[Dbg] [wind_plugin.cpp:110] [0m[1;36mWindPlugin: received command -> speed=[0m[1;36m4.70668[0m[1;36m dir=[0m[1;36m-91.6707[0m[1;36m
[gzserver-2] [0m[1;36m[Dbg] [wind_plugin.cpp:110] [0m[1;36mWindPlugin: received command -> speed=[0m[1;36m4.70668[0m[1;36m dir=[0m[1;36m-91.6707[0m[1;36m
[gzserver-2] [0m[1;36m[Dbg] [wind_plugin.cpp:110] [0m[1;36mWindPlugin: received command -> speed=[0m[1;36m4.70668[0m[1;36m dir=[0m[1;36m-91.6707[0m[1;36m
[gzserver-2] [0m[1;36m[Dbg] [wind_plugin.cpp:110] [0m[1;36mWindPlugin: received command -> speed=[0m[1;36m5.00645[0m[1;36m dir=[0m[1;36m-92.0139[0m[1;36m
[gzserver-2] [0m[1;36m[Dbg] [wind_plugin.cpp:110] [0m[1;36mWindPlugin: received command -> speed=[0m[1;36m5.00645[0m[1;36m dir=[0m[1;36m-92.0139[0m[1;36m
[gzserver-2] [0m[1;36m[Dbg] [wind_plugin.cpp:110] [0m[1;36mWindPlugin: received command -> speed=[0m[1;36m5.00645[0m[1;36m dir=[0m[1;36m-92.0139[0m[1;36m
[gzserver-2] [0m[1;36m[Dbg] [wind_plugin.cpp:110] [0m[1;36mWindPlugin: received command -> speed=[0m[1;36m5.00645[0m[1;36m dir=[0m[1;36m-92.0139[0m[1;36m
[gzserver-2] [0m[1;36m[Dbg] [wind_plugin.cpp:110] [0m[1;36mWindPlugin: received command -> speed=[0m[1;36m5.0137[0m[1;36m dir=[0m[1;36m-90.9258[0m[1;36m
[gzserver-2] [0m[1;36m[Dbg] [wind_plugin.cpp:110] [0m[1;36mWindPlugin: received command -> speed=[0m[1;36m5.0137[0m[1;36m dir=[0m[1;36m-90.9258[0m[1;36m
[gzserver-2] [0m[1;36m[Dbg] [wind_plugin.cpp:110] [0m[1;36mWindPlugin: received command -> speed=[0m[1;36m5.0137[0m[1;36m dir=[0m[1;36m-90.9258[0m[1;36m
[gzserver-2] [0m[1;36m[Dbg] [wind_plugin.cpp:110] [0m[1;36mWindPlugin: received command -> speed=[0m[1;36m5.0137[0m[1;36m dir=[0m[1;36m-90.9258[0m[1;36m
[gzserver-2] [0m[1;36m[Dbg] [wind_plugin.cpp:110] [0m[1;36mWindPlugin: received command -> speed=[0m[1;36m4.93572[0m[1;36m dir=[0m[1;36m-90.6448[0m[1;36m
[gzserver-2] [INFO] [1773158369.057960474] [gazebo_wind_plugin_node]: WindPlugin: set wind_speed=4.94 wind_direction=-90.6
[gzserver-2] [INFO] [1773158369.294216382] [gazebo_wind_plugin_node]: WindPlugin: set wind_speed=4.94 wind_direction=-90.6
[gzserver-2] [INFO] [1773158369.534478264] [gazebo_wind_plugin_node]: WindPlugin: set wind_speed=4.93 wind_direction=-94.0
[gzserver-2] [INFO] [1773158369.773810954] [gazebo_wind_plugin_node]: WindPlugin: set wind_speed=4.93 wind_direction=-94.0
[gzserver-2] [INFO] [1773158370.013803266] [gazebo_wind_plugin_node]: WindPlugin: set wind_speed=4.93 wind_direction=-94.0
[gzserver-2] [INFO] [1773158370.252759706] [gazebo_wind_plugin_node]: WindPlugin: set wind_speed=4.93 wind_direction=-94.0
[gzserver-2] [INFO] [1773158370.492936085] [gazebo_wind_plugin_node]: WindPlugin: set wind_speed=4.82 wind_direction=-95.1
[gzserver-2] [INFO] [1773158370.732061178] [gazebo_wind_plugin_node]: WindPlugin: set wind_speed=4.82 wind_direction=-95.1
[gzserver-2] [INFO] [1773158370.971763620] [gazebo_wind_plugin_node]: WindPlugin: set wind_speed=4.82 wind_direction=-95.1
[gzserver-2] [INFO] [1773158371.211053144] [gazebo_wind_plugin_node]: WindPlugin: set wind_speed=4.82 wind_direction=-95.1
[gzserver-2] [INFO] [1773158371.450814455] [gazebo_wind_plugin_node]: WindPlugin: set wind_speed=4.82 wind_direction=-95.1
[gzserver-2] [INFO] [1773158371.690998470] [gazebo_wind_plugin_node]: WindPlugin: set wind_speed=5.04 wind_direction=-93.6
[gzserver-2] [INFO] [1773158371.930793935] [gazebo_wind_plugin_node]: WindPlugin: set wind_speed=5.04 wind_direction=-93.6
[gzserver-2] [INFO] [1773158372.161524221] [gazebo_wind_plugin_node]: WindPlugin: set wind_speed=5.04 wind_direction=-93.6
[gzserver-2] [INFO] [1773158372.401098799] [gazebo_wind_plugin_node]: WindPlugin: set wind_speed=5.04 wind_direction=-93.6
[gzserver-2] [INFO] [1773158372.640280017] [gazebo_wind_plugin_node]: WindPlugin: set wind_speed=4.93 wind_direction=-93.3
[gzserver-2] [INFO] [1773158372.880499249] [gazebo_wind_plugin_node]: WindPlugin: set wind_speed=4.93 wind_direction=-93.3
[gzserver-2] [INFO] [1773158373.119786033] [gazebo_wind_plugin_node]: WindPlugin: set wind_speed=4.93 wind_direction=-93.3
[gzserver-2] [INFO] [1773158373.359170151] [gazebo_wind_plugin_node]: WindPlugin: set wind_speed=4.93 wind_direction=-93.3
[gzserver-2] [INFO] [1773158373.598650886] [gazebo_wind_plugin_node]: WindPlugin: set wind_speed=4.92 wind_direction=-92.3
[gzserver-2] [INFO] [1773158373.832334577] [gazebo_wind_plugin_node]: WindPlugin: set wind_speed=4.92 wind_direction=-92.3
[gzserver-2] [INFO] [1773158374.066586812] [gazebo_wind_plugin_node]: WindPlugin: set wind_speed=4.92 wind_direction=-92.3
[gzserver-2] [INFO] [1773158374.300610559] [gazebo_wind_plugin_node]: WindPlugin: set wind_speed=4.92 wind_direction=-92.3
[gzserver-2] [INFO] [1773158374.529719834] [gazebo_wind_plugin_node]: WindPlugin: set wind_speed=4.89 wind_direction=-95.6
[gzserver-2] [INFO] [1773158374.763950389] [gazebo_wind_plugin_node]: WindPlugin: set wind_speed=4.89 wind_direction=-95.6
[gzserver-2] [INFO] [1773158374.998308816] [gazebo_wind_plugin_node]: WindPlugin: set wind_speed=4.89 wind_direction=-95.6
[gzserver-2] [INFO] [1773158375.239235416] [gazebo_wind_plugin_node]: WindPlugin: set wind_speed=4.89 wind_direction=-95.6
[gzserver-2] [0m[1;36m[Dbg] [wind_plugin.cpp:110] [0m[1;36mWindPlugin: received command -> speed=[0m[1;36m4.93572[0m[1;36m dir=[0m[1;36m-90.6448[0m[1;36m
[gzserver-2] [0m[1;36m[Dbg] [wind_plugin.cpp:110] [0m[1;36mWindPlugin: received command -> speed=[0m[1;36m4.93572[0m[1;36m dir=[0m[1;36m-90.6448[0m[1;36m
[gzserver-2] [0m[1;36m[Dbg] [wind_plugin.cpp:110] [0m[1;36mWindPlugin: received command -> speed=[0m[1;36m4.93572[0m[1;36m dir=[0m[1;36m-90.6448[0m[1;36m
[gzserver-2] [0m[1;36m[Dbg] [wind_plugin.cpp:110] [0m[1;36mWindPlugin: received command -> speed=[0m[1;36m4.93086[0m[1;36m dir=[0m[1;36m-94.0375[0m[1;36m
[gzserver-2] [0m[1;36m[Dbg] [wind_plugin.cpp:110] [0m[1;36mWindPlugin: received command -> speed=[0m[1;36m4.93086[0m[1;36m dir=[0m[1;36m-94.0375[0m[1;36m
[gzserver-2] [0m[1;36m[Dbg] [wind_plugin.cpp:110] [0m[1;36mWindPlugin: received command -> speed=[0m[1;36m4.93086[0m[1;36m dir=[0m[1;36m-94.0375[0m[1;36m
[gzserver-2] [0m[1;36m[Dbg] [wind_plugin.cpp:110] [0m[1;36mWindPlugin: received command -> speed=[0m[1;36m4.93086[0m[1;36m dir=[0m[1;36m-94.0375[0m[1;36m
[gzserver-2] [0m[1;36m[Dbg] [wind_plugin.cpp:110] [0m[1;36mWindPlugin: received command -> speed=[0m[1;36m4.81588[0m[1;36m dir=[0m[1;36m-95.0932[0m[1;36m
[gzserver-2] [0m[1;36m[Dbg] [wind_plugin.cpp:110] [0m[1;36mWindPlugin: received command -> speed=[0m[1;36m4.81588[0m[1;36m dir=[0m[1;36m-95.0932[0m[1;36m
[gzserver-2] [0m[1;36m[Dbg] [wind_plugin.cpp:110] [0m[1;36mWindPlugin: received command -> speed=[0m[1;36m4.81588[0m[1;36m dir=[0m[1;36m-95.0932[0m[1;36m
[gzserver-2] [0m[1;36m[Dbg] [wind_plugin.cpp:110] [0m[1;36mWindPlugin: received command -> speed=[0m[1;36m4.81588[0m[1;36m dir=[0m[1;36m-95.0932[0m[1;36m
[gzserver-2] [0m[1;36m[Dbg] [wind_plugin.cpp:110] [0m[1;36mWindPlugin: received command -> speed=[0m[1;36m4.81588[0m[1;36m dir=[0m[1;36m-95.0932[0m[1;36m
[gzserver-2] [0m[1;36m[Dbg] [wind_plugin.cpp:110] [0m[1;36mWindPlugin: received command -> speed=[0m[1;36m5.03535[0m[1;36m dir=[0m[1;36m-93.6372[0m[1;36m
[gzserver-2] [0m[1;36m[Dbg] [wind_plugin.cpp:110] [0m[1;36mWindPlugin: received command -> speed=[0m[1;36m5.03535[0m[1;36m dir=[0m[1;36m-93.6372[0m[1;36m
[gzserver-2] [0m[1;36m[Dbg] [wind_plugin.cpp:110] [0m[1;36mWindPlugin: received command -> speed=[0m[1;36m5.03535[0m[1;36m dir=[0m[1;36m-93.6372[0m[1;36m
[gzserver-2] [0m[1;36m[Dbg] [wind_plugin.cpp:110] [0m[1;36mWindPlugin: received command -> speed=[0m[1;36m5.03535[0m[1;36m dir=[0m[1;36m-93.6372[0m[1;36m
[gzserver-2] [0m[1;36m[Dbg] [wind_plugin.cpp:110] [0m[1;36mWindPlugin: received command -> speed=[0m[1;36m4.92798[0m[1;36m dir=[0m[1;36m-93.2724[0m[1;36m
[gzserver-2] [0m[1;36m[Dbg] [wind_plugin.cpp:110] [0m[1;36mWindPlugin: received command -> speed=[0m[1;36m4.92798[0m[1;36m dir=[0m[1;36m-93.2724[0m[1;36m
[gzserver-2] [0m[1;36m[Dbg] [wind_plugin.cpp:110] [0m[1;36mWindPlugin: received command -> speed=[0m[1;36m4.92798[0m[1;36m dir=[0m[1;36m-93.2724[0m[1;36m
[gzserver-2] [0m[1;36m[Dbg] [wind_plugin.cpp:110] [0m[1;36mWindPlugin: received command -> speed=[0m[1;36m4.92798[0m[1;36m dir=[0m[1;36m-93.2724[0m[1;36m
[gzserver-2] [0m[1;36m[Dbg] [wind_plugin.cpp:110] [0m[1;36mWindPlugin: received command -> speed=[0m[1;36m4.92311[0m[1;36m dir=[0m[1;36m-92.2706[0m[1;36m
[gzserver-2] [0m[1;36m[Dbg] [wind_plugin.cpp:110] [0m[1;36mWindPlugin: received command -> speed=[0m[1;36m4.92311[0m[1;36m dir=[0m[1;36m-92.2706[0m[1;36m
[gzserver-2] [0m[1;36m[Dbg] [wind_plugin.cpp:110] [0m[1;36mWindPlugin: received command -> speed=[0m[1;36m4.92311[0m[1;36m dir=[0m[1;36m-92.2706[0m[1;36m
[gzserver-2] [0m[1;36m[Dbg] [wind_plugin.cpp:110] [0m[1;36mWindPlugin: received command -> speed=[0m[1;36m4.92311[0m[1;36m dir=[0m[1;36m-92.2706[0m[1;36m
[gzserver-2] [0m[1;36m[Dbg] [wind_plugin.cpp:110] [0m[1;36mWindPlugin: received command -> speed=[0m[1;36m4.8885[0m[1;36m dir=[0m[1;36m-95.6012[0m[1;36m
[gzserver-2] [0m[1;36m[Dbg] [wind_plugin.cpp:110] [0m[1;36mWindPlugin: received command -> speed=[0m[1;36m4.8885[0m[1;36m dir=[0m[1;36m-95.6012[0m[1;36m
[gzserver-2] [0m[1;36m[Dbg] [wind_plugin.cpp:110] [0m[1;36mWindPlugin: received command -> speed=[0m[1;36m4.8885[0m[1;36m dir=[0m[1;36m-95.6012[0m[1;36m
[gzserver-2] [INFO] [1773158375.478162014] [gazebo_wind_plugin_node]: WindPlugin: set wind_speed=4.90 wind_direction=-94.6
[gzserver-2] [INFO] [1773158375.717833932] [gazebo_wind_plugin_node]: WindPlugin: set wind_speed=4.90 wind_direction=-94.6
[gzserver-2] [INFO] [1773158375.952302862] [gazebo_wind_plugin_node]: WindPlugin: set wind_speed=4.90 wind_direction=-94.6
[gzserver-2] [INFO] [1773158376.193355680] [gazebo_wind_plugin_node]: WindPlugin: set wind_speed=4.90 wind_direction=-94.6
[gzserver-2] [INFO] [1773158376.432696559] [gazebo_wind_plugin_node]: WindPlugin: set wind_speed=4.90 wind_direction=-94.6
[gzserver-2] [INFO] [1773158376.672009232] [gazebo_wind_plugin_node]: WindPlugin: set wind_speed=4.91 wind_direction=-94.0
[gzserver-2] [INFO] [1773158376.905803306] [gazebo_wind_plugin_node]: WindPlugin: set wind_speed=4.91 wind_direction=-94.0
[gzserver-2] [INFO] [1773158377.145298101] [gazebo_wind_plugin_node]: WindPlugin: set wind_speed=4.91 wind_direction=-94.0
[gzserver-2] [INFO] [1773158377.384517558] [gazebo_wind_plugin_node]: WindPlugin: set wind_speed=4.91 wind_direction=-94.0
[gzserver-2] [INFO] [1773158377.618921006] [gazebo_wind_plugin_node]: WindPlugin: set wind_speed=4.88 wind_direction=-94.2
[gzserver-2] [INFO] [1773158377.853246843] [gazebo_wind_plugin_node]: WindPlugin: set wind_speed=4.88 wind_direction=-94.2
[gzserver-2] [INFO] [1773158378.092437378] [gazebo_wind_plugin_node]: WindPlugin: set wind_speed=4.88 wind_direction=-94.2
[gzserver-2] [INFO] [1773158378.331833402] [gazebo_wind_plugin_node]: WindPlugin: set wind_speed=4.88 wind_direction=-94.2
[gzserver-2] [INFO] [1773158378.566270809] [gazebo_wind_plugin_node]: WindPlugin: set wind_speed=5.08 wind_direction=-91.3
[gzserver-2] [INFO] [1773158378.801368519] [gazebo_wind_plugin_node]: WindPlugin: set wind_speed=5.08 wind_direction=-91.3
[gzserver-2] [INFO] [1773158379.040567563] [gazebo_wind_plugin_node]: WindPlugin: set wind_speed=5.08 wind_direction=-91.3
[gzserver-2] [INFO] [1773158379.280350107] [gazebo_wind_plugin_node]: WindPlugin: set wind_speed=5.08 wind_direction=-91.3
[gzserver-2] [INFO] [1773158379.511423712] [gazebo_wind_plugin_node]: WindPlugin: set wind_speed=4.83 wind_direction=-93.9
[gzserver-2] [INFO] [1773158379.750921065] [gazebo_wind_plugin_node]: WindPlugin: set wind_speed=4.83 wind_direction=-93.9
[gzserver-2] [INFO] [1773158379.992686092] [gazebo_wind_plugin_node]: WindPlugin: set wind_speed=4.83 wind_direction=-93.9
[gzserver-2] [INFO] [1773158380.031057069] [drone.simple_drone]: Quadrotor lands!!
[gzserver-2] [INFO] [1773158380.232669999] [gazebo_wind_plugin_node]: WindPlugin: set wind_speed=4.83 wind_direction=-93.9
[gzserver-2] [INFO] [1773158380.472567702] [gazebo_wind_plugin_node]: WindPlugin: set wind_speed=4.98 wind_direction=-93.7
[gzserver-2] [INFO] [1773158380.711857902] [gazebo_wind_plugin_node]: WindPlugin: set wind_speed=4.98 wind_direction=-93.7
[gzserver-2] [INFO] [1773158380.951184050] [gazebo_wind_plugin_node]: WindPlugin: set wind_speed=4.98 wind_direction=-93.7
[gzserver-2] [0m[1;36m[Dbg] [wind_plugin.cpp:110] [0m[1;36mWindPlugin: received command -> speed=[0m[1;36m4.8885[0m[1;36m dir=[0m[1;36m-95.6012[0m[1;36m
[gzserver-2] [0m[1;36m[Dbg] [wind_plugin.cpp:110] [0m[1;36mWindPlugin: received command -> speed=[0m[1;36m4.89806[0m[1;36m dir=[0m[1;36m-94.5521[0m[1;36m
[gzserver-2] [0m[1;36m[Dbg] [wind_plugin.cpp:110] [0m[1;36mWindPlugin: received command -> speed=[0m[1;36m4.89806[0m[1;36m dir=[0m[1;36m-94.5521[0m[1;36m
[gzserver-2] [0m[1;36m[Dbg] [wind_plugin.cpp:110] [0m[1;36mWindPlugin: received command -> speed=[0m[1;36m4.89806[0m[1;36m dir=[0m[1;36m-94.5521[0m[1;36m
[gzserver-2] [0m[1;36m[Dbg] [wind_plugin.cpp:110] [0m[1;36mWindPlugin: received command -> speed=[0m[1;36m4.89806[0m[1;36m dir=[0m[1;36m-94.5521[0m[1;36m
[gzserver-2] [0m[1;36m[Dbg] [wind_plugin.cpp:110] [0m[1;36mWindPlugin: received command -> speed=[0m[1;36m4.89806[0m[1;36m dir=[0m[1;36m-94.5521[0m[1;36m
[gzserver-2] [0m[1;36m[Dbg] [wind_plugin.cpp:110] [0m[1;36mWindPlugin: received command -> speed=[0m[1;36m4.91445[0m[1;36m dir=[0m[1;36m-93.9581[0m[1;36m
[gzserver-2] [0m[1;36m[Dbg] [wind_plugin.cpp:110] [0m[1;36mWindPlugin: received command -> speed=[0m[1;36m4.91445[0m[1;36m dir=[0m[1;36m-93.9581[0m[1;36m
[gzserver-2] [0m[1;36m[Dbg] [wind_plugin.cpp:110] [0m[1;36mWindPlugin: received command -> speed=[0m[1;36m4.91445[0m[1;36m dir=[0m[1;36m-93.9581[0m[1;36m
[gzserver-2] [0m[1;36m[Dbg] [wind_plugin.cpp:110] [0m[1;36mWindPlugin: received command -> speed=[0m[1;36m4.91445[0m[1;36m dir=[0m[1;36m-93.9581[0m[1;36m
[gzserver-2] [0m[1;36m[Dbg] [wind_plugin.cpp:110] [0m[1;36mWindPlugin: received command -> speed=[0m[1;36m4.88459[0m[1;36m dir=[0m[1;36m-94.1854[0m[1;36m
[gzserver-2] [0m[1;36m[Dbg] [wind_plugin.cpp:110] [0m[1;36mWindPlugin: received command -> speed=[0m[1;36m4.88459[0m[1;36m dir=[0m[1;36m-94.1854[0m[1;36m
[gzserver-2] [0m[1;36m[Dbg] [wind_plugin.cpp:110] [0m[1;36mWindPlugin: received command -> speed=[0m[1;36m4.88459[0m[1;36m dir=[0m[1;36m-94.1854[0m[1;36m
[gzserver-2] [0m[1;36m[Dbg] [wind_plugin.cpp:110] [0m[1;36mWindPlugin: received command -> speed=[0m[1;36m4.88459[0m[1;36m dir=[0m[1;36m-94.1854[0m[1;36m
[gzserver-2] [0m[1;36m[Dbg] [wind_plugin.cpp:110] [0m[1;36mWindPlugin: received command -> speed=[0m[1;36m5.07509[0m[1;36m dir=[0m[1;36m-91.2845[0m[1;36m
[gzserver-2] [0m[1;36m[Dbg] [wind_plugin.cpp:110] [0m[1;36mWindPlugin: received command -> speed=[0m[1;36m5.07509[0m[1;36m dir=[0m[1;36m-91.2845[0m[1;36m
[gzserver-2] [0m[1;36m[Dbg] [wind_plugin.cpp:110] [0m[1;36mWindPlugin: received command -> speed=[0m[1;36m5.07509[0m[1;36m dir=[0m[1;36m-91.2845[0m[1;36m
[gzserver-2] [0m[1;36m[Dbg] [wind_plugin.cpp:110] [0m[1;36mWindPlugin: received command -> speed=[0m[1;36m5.07509[0m[1;36m dir=[0m[1;36m-91.2845[0m[1;36m
[gzserver-2] [0m[1;36m[Dbg] [wind_plugin.cpp:110] [0m[1;36mWindPlugin: received command -> speed=[0m[1;36m4.8279[0m[1;36m dir=[0m[1;36m-93.9299[0m[1;36m
[gzserver-2] [0m[1;36m[Dbg] [wind_plugin.cpp:110] [0m[1;36mWindPlugin: received command -> speed=[0m[1;36m4.8279[0m[1;36m dir=[0m[1;36m-93.9299[0m[1;36m
[gzserver-2] [0m[1;36m[Dbg] [wind_plugin.cpp:110] [0m[1;36mWindPlugin: received command -> speed=[0m[1;36m4.8279[0m[1;36m dir=[0m[1;36m-93.9299[0m[1;36m
[gzserver-2] [0m[1;36m[Dbg] [wind_plugin.cpp:110] [0m[1;36mWindPlugin: received command -> speed=[0m[1;36m4.8279[0m[1;36m dir=[0m[1;36m-93.9299[0m[1;36m
[gzserver-2] [0m[1;36m[Dbg] [wind_plugin.cpp:110] [0m[1;36mWindPlugin: received command -> speed=[0m[1;36m4.98211[0m[1;36m dir=[0m[1;36m-93.658[0m[1;36m
[gzserver-2] [0m[1;36m[Dbg] [wind_plugin.cpp:110] [0m[1;36mWindPlugin: received command -> speed=[0m[1;36m4.98211[0m[1;36m dir=[0m[1;36m-93.658[0m[1;36m
[gzserver-2] [0m[1;36m[Dbg] [wind_plugin.cpp:110] [0m[1;36mWindPlugin: received command -> speed=[0m[1;36m4.98211[0m[1;36m dir=[0m[1;36m-93.658[0m[1;36m
[gzserver-2] [0mLanded!
[gzserver-2] [INFO] [1773158381.181455420] [gazebo_wind_plugin_node]: WindPlugin: set wind_speed=4.98 wind_direction=-93.7
[gzserver-2] [INFO] [1773158381.420470071] [gazebo_wind_plugin_node]: WindPlugin: set wind_speed=4.98 wind_direction=-93.7
[gzserver-2] [INFO] [1773158381.662678571] [gazebo_wind_plugin_node]: WindPlugin: set wind_speed=5.01 wind_direction=-95.9
[gzserver-2] [INFO] [1773158381.902099638] [gazebo_wind_plugin_node]: WindPlugin: set wind_speed=5.01 wind_direction=-95.9
[gzserver-2] [INFO] [1773158382.136552603] [gazebo_wind_plugin_node]: WindPlugin: set wind_speed=5.01 wind_direction=-95.9
[gzserver-2] [INFO] [1773158382.375861665] [gazebo_wind_plugin_node]: WindPlugin: set wind_speed=5.01 wind_direction=-95.9
[gzserver-2] [INFO] [1773158382.610691487] [gazebo_wind_plugin_node]: WindPlugin: set wind_speed=4.78 wind_direction=-94.5
[gzserver-2] [INFO] [1773158382.850962267] [gazebo_wind_plugin_node]: WindPlugin: set wind_speed=4.78 wind_direction=-94.5
