[INFO] [launch]: All log files can be found below /home/j/.ros/log/2026-03-10-10-16-23-200164-j-1515844
[INFO] [launch]: Default logging verbosity is set to INFO
[INFO] [launch.user]: [bringup] Apriltag config: camera=/drone/bottom, image=/drone/bottom/image_raw, tags=/drone/bottom/tags, bridge=/landing_tag_state, standalone=true, use_target_id=true, target_id=0
[INFO] [rviz2-1]: process started with pid [1515858]
[INFO] [gzserver-2]: process started with pid [1515860]
[INFO] [robot_state_publisher-3]: process started with pid [1515862]
[INFO] [joint_state_publisher-4]: process started with pid [1515864]
[INFO] [spawn_drone-5]: process started with pid [1515866]
[INFO] [static_transform_publisher-6]: process started with pid [1515868]
[INFO] [joy_node-7]: process started with pid [1515870]
[INFO] [teleop_joystick-8]: process started with pid [1515872]
[INFO] [apriltag_detector_node-9]: process started with pid [1515874]
[INFO] [apriltag_state_bridge-10]: process started with pid [1515877]
[static_transform_publisher-6] [WARN] [1773105383.689994591] []: Old-style arguments are deprecated; see --help for new-style arguments
[static_transform_publisher-6] [INFO] [1773105383.697194842] [static_transform_publisher_l3f0XvtsmhHTzxI9]: Spinning until stopped - publishing transform
[static_transform_publisher-6] translation: ('0.000000', '0.000000', '0.000000')
[static_transform_publisher-6] rotation: ('0.000000', '0.000000', '0.000000', '1.000000')
[static_transform_publisher-6] from 'world' to '/drone/odom'
[robot_state_publisher-3] [INFO] [1773105383.698207932] [drone.robot_state_publisher]: got segment base_footprint
[robot_state_publisher-3] [INFO] [1773105383.698257566] [drone.robot_state_publisher]: got segment base_link
[robot_state_publisher-3] [INFO] [1773105383.698263839] [drone.robot_state_publisher]: got segment bottom_cam_link
[robot_state_publisher-3] [INFO] [1773105383.698267430] [drone.robot_state_publisher]: got segment front_cam_link
[robot_state_publisher-3] [INFO] [1773105383.698270390] [drone.robot_state_publisher]: got segment sonar_link
[rviz2-1] 
[rviz2-1] (rviz2:1515858): dbind-WARNING **: 10:16:23.715: Couldn't connect to accessibility bus: Failed to connect to socket /root/.cache/at-spi/bus_0: 허가 거부
[apriltag_detector_node-9] [INFO] [1773105383.718264384] [apriltag_detector_node]: tag detector type: umich
[teleop_joystick-8] Traceback (most recent call last):
[teleop_joystick-8]   File "/home/j/INCSL/IICC26_ws/install/sjtu_drone_control/lib/sjtu_drone_control/teleop_joystick", line 33, in <module>
[teleop_joystick-8]     sys.exit(load_entry_point('sjtu_drone_control==0.0.0', 'console_scripts', 'teleop_joystick')())
[teleop_joystick-8]   File "/home/j/INCSL/IICC26_ws/install/sjtu_drone_control/lib/sjtu_drone_control/teleop_joystick", line 22, in importlib_load_entry_point
[teleop_joystick-8]     for entry_point in distribution(dist_name).entry_points
[teleop_joystick-8]   File "/usr/lib/python3.10/importlib/metadata/__init__.py", line 969, in distribution
[teleop_joystick-8]     return Distribution.from_name(distribution_name)
[teleop_joystick-8]   File "/usr/lib/python3.10/importlib/metadata/__init__.py", line 548, in from_name
[teleop_joystick-8]     raise PackageNotFoundError(name)
[teleop_joystick-8] importlib.metadata.PackageNotFoundError: No package metadata was found for sjtu_drone_control
[ERROR] [teleop_joystick-8]: process has died [pid 1515872, exit code 1, cmd '/home/j/INCSL/IICC26_ws/install/sjtu_drone_control/lib/sjtu_drone_control/teleop_joystick --ros-args -r __ns:=/drone'].
[gzserver-2] Gazebo multi-robot simulator, version 11.10.2
[gzserver-2] Copyright (C) 2012 Open Source Robotics Foundation.
[gzserver-2] Released under the Apache 2 License.
[gzserver-2] http://gazebosim.org
[gzserver-2] 
[apriltag_state_bridge-10] [INFO] [1773105383.973578137] [apriltag_state_bridge]: AprilTag bridge started: /drone/bottom/tags -> /landing_tag_state, use_target_id=True, target_id=0
[joint_state_publisher-4] [INFO] [1773105383.977574450] [drone.joint_state_publisher]: Waiting for robot_description to be published on the robot_description topic...
[gzserver-2] [1;33m[Wrn] [gazebo_ros_init.cpp:178] [0m[1;33m
[gzserver-2] #     # ####### ####### ###  #####  #######
[gzserver-2] ##    # #     #    #     #  #     # #
[gzserver-2] # #   # #     #    #     #  #       #
[gzserver-2] #  #  # #     #    #     #  #       #####
[gzserver-2] #   # # #     #    #     #  #       #
[gzserver-2] #    ## #     #    #     #  #     # #
[gzserver-2] #     # #######    #    ###  #####  #######
[gzserver-2] 
[gzserver-2] This version of Gazebo, now called Gazebo classic, reaches end-of-life
[gzserver-2] in January 2025. Users are highly encouraged to migrate to the new Gazebo
[gzserver-2] using our migration guides (https://gazebosim.org/docs/latest/gazebo_classic_migration?utm_source=gazebo_ros_pkgs&utm_medium=cli)
[gzserver-2] 
[gzserver-2] [0m[1;33m
[rviz2-1] [INFO] [1773105384.333938041] [rviz2]: Stereo is NOT SUPPORTED
[rviz2-1] [INFO] [1773105384.334022107] [rviz2]: OpenGl version: 4.6 (GLSL 4.6)
[rviz2-1] [INFO] [1773105384.497299277] [rviz2]: Stereo is NOT SUPPORTED
[rviz2-1] [INFO] [1773105384.590018169] [rviz2]: Stereo is NOT SUPPORTED
[spawn_drone-5] [INFO] [1773105385.025746255] [spawn_drone]: Result False Entity pushed to spawn queue, but spawn service timed outwaiting for entity to appear in simulation under the name [/drone]
[gzserver-2] [1;32m[Msg] [0m[1;32mWaiting for master.[0m[1;32m
[gzserver-2] [0m[1;32m[0m[1;32m[0m[1;32m[Msg] [0m[1;32mConnected to gazebo master @ [0m[1;32mhttp://127.0.0.1:11345[0m[1;32m
[gzserver-2] [0m[1;32m[0m[1;32m[0m[1;32m[Msg] [0m[1;32mPublicized address: [0m[1;32m192.168.0.11[0m[1;32m
[gzserver-2] [0m[1;32m[0m[1;32m[0m[1;32m[Msg] [0m[1;32mLoading world file [[0m[1;32m/home/j/INCSL/IICC26_ws/install/sjtu_drone_description/share/sjtu_drone_description/worlds/landingPad.world[0m[1;32m][0m[1;32m
[gzserver-2] [0m[1;32m[0m[1;32m[0m[1;36m[Dbg] [wind_plugin.cpp:96] [0m[1;36mWindPlugin loaded: speed=[0m[1;36m0[0m[1;36m dir=[0m[1;36m0[0m[1;36m deg area=[0m[1;36m0.1[0m[1;36m coeff=[0m[1;36m1[0m[1;36m
[gzserver-2] [0m[1;33m[0m[1;33m[0m[1;31m[Err] [Sensor.cc:510] [0m[1;31mGet noise index not valid[0m[1;31m
[gzserver-2] [0m[1;31m[0m[1;31m[0m[1;31m[Err] [Sensor.cc:510] [0m[1;31mGet noise index not valid[0m[1;31m
[gzserver-2] [0m[1;31m[0m[1;31m[0m[1;31m[Err] [Sensor.cc:510] [0m[1;31mGet noise index not valid[0m[1;31m
[gzserver-2] [0m[1;31m[0m[1;31m[0m[1;31m[Err] [Sensor.cc:510] [0m[1;31mGet noise index not valid[0m[1;31m
[gzserver-2] [0m[1;31m[0m[1;31m[0m[1;31m[Err] [Sensor.cc:510] [0m[1;31mGet noise index not valid[0m[1;31m
[gzserver-2] [0m[1;31m[0m[1;31m[0m[1;31m[Err] [Sensor.cc:510] [0m[1;31mGet noise index not valid[0m[1;31m
[gzserver-2] [0m[1;31m[0m[1;31m[0mTopic [default//drone/base_footprint/down_camera/image] is not valid.
[gzserver-2] [INFO] [1773105385.056478085] [drone.collision_plugin]: Publishing contact states to [/drone/bumper_states]
[gzserver-2] Topic [default//drone/base_footprint/front_camera/image] is not valid.
[gzserver-2] [1;33m[Wrn] [Event.cc:61] [0m[1;33mWarning: Deleting a connection right after creation. [0m[1;33mMake sure to save the ConnectionPtr from a Connect call
[INFO] [spawn_drone-5]: process has finished cleanly [pid 1515866]
[gzserver-2] [0m[INFO] [1773105385.743531501] [drone.camera_bottom]: Publishing camera info to [/drone/bottom/camera_info]
[gzserver-2] [INFO] [1773105385.746908404] [drone.camera_front]: Publishing camera info to [/drone/front/camera_info]
[gzserver-2] [INFO] [1773105385.868981152] [drone.simple_drone]: The drone plugin is loading!
[gzserver-2] [INFO] [1773105385.869184842] [drone.simple_drone]: pub_odom: 1
[gzserver-2] [INFO] [1773105385.869220843] [drone.simple_drone]: Using following parameters: 
[gzserver-2] 		link_name: base_footprint,
[gzserver-2] 		max_force: 30,
[gzserver-2] 		motion_small_noise: 0,
[gzserver-2] 		motion_drift_noise: 0,
[gzserver-2] 		motion_drift_noise_time: 50,
[gzserver-2] 		takeoff_hover_height: 1.58,
[gzserver-2] 		takeoff_vertical_speed: 0.2
[gzserver-2] [INFO] [1773105385.881777913] [drone.simple_drone]: Using the PID parameters: 
[gzserver-2] 	Roll Pitch:
[gzserver-2] 		kP: 10, kI: 0,kD: 5, Limit: 0.5, Time Constant: 0
[gzserver-2] 	Yaw:
[gzserver-2] 		kP: 2, kI: 0,kD: 1, Limit: 1.5, Time Constant: 0
[gzserver-2] 	Velocity X:
[gzserver-2] 		kP: 5, kI: 0,kD: 2.3, Limit: 2, Time Constant: 0
[gzserver-2] 	Velocity Y:
[gzserver-2] 		kP: 5, kI: 0,kD: 2.3, Limit: 2, Time Constant: 0
[gzserver-2] 	Velocity Z:
[gzserver-2] 		kP: 5, kI: 0,kD: 1, Limit: -1, Time Constant: 0
[gzserver-2] 	Position XY:
[gzserver-2] 		kP: 1.1, kI: 0,kD: 0, Limit: 5, Time Constant: 0
[gzserver-2] 	Position Z:
[gzserver-2] 		kP: 1, kI: 0,kD: 0.2, Limit: -1, Time Constant: 0
[gzserver-2] [INFO] [1773105385.881921506] [drone.simple_drone]: The drone plugin finished loading!
[gzserver-2] Exception sending a multicast message:Network is unreachable
[gzserver-2] Exception sending a multicast message:Network is unreachable
[gzserver-2] Exception sending a multicast message:Network is unreachable
[gzserver-2] Exception sending a multicast message:Network is unreachable
[gzserver-2] Exception sending a multicast message:Network is unreachable
[gzserver-2] Exception sending a multicast message:Network is unreachable
[gzserver-2] Exception sending a multicast message:Network is unreachable
[gzserver-2] Exception sending a multicast message:Network is unreachable
[gzserver-2] Exception sending a multicast message:Network is unreachable
[gzserver-2] Exception sending a multicast message:Network is unreachable
[gzserver-2] Exception sending a multicast message:Network is unreachable
[gzserver-2] Exception sending a multicast message:Network is unreachable
[gzserver-2] Exception sending a multicast message:Network is unreachable
[gzserver-2] Exception sending a multicast message:Network is unreachable
[gzserver-2] Exception sending a multicast message:Network is unreachable
[gzserver-2] Exception sending a multicast message:Network is unreachable
[gzserver-2] Exception sending a multicast message:Network is unreachable
[gzserver-2] Exception sending a multicast message:Network is unreachable
[gzserver-2] Exception sending a multicast message:Network is unreachable
[gzserver-2] Exception sending a multicast message:Network is unreachable
[gzserver-2] Exception sending a multicast message:Network is unreachable
[gzserver-2] Exception sending a multicast message:Network is unreachable
[gzserver-2] [INFO] [1773105393.069929270] [gazebo_wind_plugin_node]: WindPlugin: set wind_speed=0.00 wind_direction=0.0
[gzserver-2] [INFO] [1773105393.337459209] [gazebo_wind_plugin_node]: WindPlugin: set wind_speed=0.00 wind_direction=0.0
[gzserver-2] [INFO] [1773105393.375986626] [drone.simple_drone]: Quadrotor takes off!!
[gzserver-2] [INFO] [1773105393.576983603] [gazebo_wind_plugin_node]: WindPlugin: set wind_speed=0.00 wind_direction=0.0
[gzserver-2] [0m[1;36m[Dbg] [wind_plugin.cpp:110] [0m[1;36mWindPlugin: received command -> speed=[0m[1;36m0[0m[1;36m dir=[0m[1;36m0[0m[1;36m
[gzserver-2] [0m[1;36m[Dbg] [wind_plugin.cpp:110] [0m[1;36mWindPlugin: received command -> speed=[0m[1;36m0[0m[1;36m dir=[0m[1;36m0[0m[1;36m
[gzserver-2] [0m[1;36m[Dbg] [wind_plugin.cpp:110] [0m[1;36mWindPlugin: received command -> speed=[0m[1;36m0[0m[1;36m dir=[0m[1;36m0[0m[1;36m
[gzserver-2] Exception sending a multicast message:Network is unreachable
[gzserver-2] Exception sending a multicast message:Network is unreachable
[gzserver-2] Exception sending a multicast message:Network is unreachable
[gzserver-2] Exception sending a multicast message:Network is unreachable
[gzserver-2] Exception sending a multicast message:Network is unreachable
[gzserver-2] Exception sending a multicast message:Network is unreachable
[gzserver-2] Exception sending a multicast message:Network is unreachable
[gzserver-2] Exception sending a multicast message:Network is unreachable
[gzserver-2] Exception sending a multicast message:Network is unreachable
[gzserver-2] Exception sending a multicast message:Network is unreachable
[gzserver-2] Exception sending a multicast message:Network is unreachable
[gzserver-2] [INFO] [1773105393.816529558] [gazebo_wind_plugin_node]: WindPlugin: set wind_speed=0.00 wind_direction=0.0
[gzserver-2] [INFO] [1773105394.056266908] [gazebo_wind_plugin_node]: WindPlugin: set wind_speed=0.00 wind_direction=0.0
[gzserver-2] [INFO] [1773105394.295831542] [gazebo_wind_plugin_node]: WindPlugin: set wind_speed=0.00 wind_direction=0.0
[gzserver-2] [INFO] [1773105394.531799711] [gazebo_wind_plugin_node]: WindPlugin: set wind_speed=0.00 wind_direction=0.0
[gzserver-2] [0m[1;36m[Dbg] [wind_plugin.cpp:110] [0m[1;36mWindPlugin: received command -> speed=[0m[1;36m0[0m[1;36m dir=[0m[1;36m0[0m[1;36m
[gzserver-2] [0m[1;36m[Dbg] [wind_plugin.cpp:110] [0m[1;36mWindPlugin: received command -> speed=[0m[1;36m0[0m[1;36m dir=[0m[1;36m0[0m[1;36m
[gzserver-2] [0m[1;36m[Dbg] [wind_plugin.cpp:110] [0m[1;36mWindPlugin: received command -> speed=[0m[1;36m0[0m[1;36m dir=[0m[1;36m0[0m[1;36m
[gzserver-2] [0m[1;36m[Dbg] [wind_plugin.cpp:110] [0m[1;36mWindPlugin: received command -> speed=[0m[1;36m0[0m[1;36m dir=[0m[1;36m0[0m[1;36m
[gzserver-2] [0mEntering flying model!
[gzserver-2] Exception sending a multicast message:Network is unreachable
[gzserver-2] Exception sending a multicast message:Network is unreachable
[gzserver-2] Exception sending a multicast message:Network is unreachable
[gzserver-2] Exception sending a multicast message:Network is unreachable
[gzserver-2] Exception sending a multicast message:Network is unreachable
[gzserver-2] Exception sending a multicast message:Network is unreachable
[gzserver-2] Exception sending a multicast message:Network is unreachable
[gzserver-2] Exception sending a multicast message:Network is unreachable
[gzserver-2] Exception sending a multicast message:Network is unreachable
[gzserver-2] Exception sending a multicast message:Network is unreachable
[gzserver-2] Exception sending a multicast message:Network is unreachable
[gzserver-2] [INFO] [1773105394.772911327] [gazebo_wind_plugin_node]: WindPlugin: set wind_speed=0.00 wind_direction=0.0
[gzserver-2] [INFO] [1773105395.013318293] [gazebo_wind_plugin_node]: WindPlugin: set wind_speed=1.17 wind_direction=37.4
[gzserver-2] [INFO] [1773105395.252116012] [gazebo_wind_plugin_node]: WindPlugin: set wind_speed=1.17 wind_direction=37.4
[gzserver-2] [INFO] [1773105395.493220965] [gazebo_wind_plugin_node]: WindPlugin: set wind_speed=1.17 wind_direction=37.4
[gzserver-2] [1;36m[Dbg] [wind_plugin.cpp:110] [0m[1;36mWindPlugin: received command -> speed=[0m[1;36m0[0m[1;36m dir=[0m[1;36m0[0m[1;36m
[gzserver-2] [0m[1;36m[Dbg] [wind_plugin.cpp:110] [0m[1;36mWindPlugin: received command -> speed=[0m[1;36m1.17471[0m[1;36m dir=[0m[1;36m37.4272[0m[1;36m
[gzserver-2] [0m[1;36m[Dbg] [wind_plugin.cpp:110] [0m[1;36mWindPlugin: received command -> speed=[0m[1;36m1.17471[0m[1;36m dir=[0m[1;36m37.4272[0m[1;36m
[gzserver-2] [0m[1;36m[Dbg] [wind_plugin.cpp:110] [0m[1;36mWindPlugin: received command -> speed=[0m[1;36m1.17471[0m[1;36m dir=[0m[1;36m37.4272[0m[1;36m
[gzserver-2] Exception sending a multicast message:Network is unreachable
[gzserver-2] Exception sending a multicast message:Network is unreachable
[gzserver-2] Exception sending a multicast message:Network is unreachable
[gzserver-2] Exception sending a multicast message:Network is unreachable
[gzserver-2] Exception sending a multicast message:Network is unreachable
[gzserver-2] Exception sending a multicast message:Network is unreachable
[gzserver-2] Exception sending a multicast message:Network is unreachable
[gzserver-2] Exception sending a multicast message:Network is unreachable
[gzserver-2] Exception sending a multicast message:Network is unreachable
[gzserver-2] Exception sending a multicast message:Network is unreachable
[gzserver-2] Exception sending a multicast message:Network is unreachable
[gzserver-2] [INFO] [1773105395.732532185] [gazebo_wind_plugin_node]: WindPlugin: set wind_speed=1.23 wind_direction=36.4
[gzserver-2] [INFO] [1773105396.560281011] [gazebo_wind_plugin_node]: WindPlugin: set wind_speed=1.23 wind_direction=36.4
[gzserver-2] [0m[1;36m[Dbg] [wind_plugin.cpp:110] [0m[1;36mWindPlugin: received command -> speed=[0m[1;36m1.2337[0m[1;36m dir=[0m[1;36m36.4037[0m[1;36m
[gzserver-2] [0m[1;36m[Dbg] [wind_plugin.cpp:110] [0m[1;36mWindPlugin: received command -> speed=[0m[1;36m1.2337[0m[1;36m dir=[0m[1;36m36.4037[0m[1;36m
[gzserver-2] Exception sending a multicast message:Network is unreachable
[gzserver-2] Exception sending a multicast message:Network is unreachable
[gzserver-2] Exception sending a multicast message:Network is unreachable
[gzserver-2] Exception sending a multicast message:Network is unreachable
[gzserver-2] Exception sending a multicast message:Network is unreachable
[gzserver-2] Exception sending a multicast message:Network is unreachable
[gzserver-2] Exception sending a multicast message:Network is unreachable
[gzserver-2] Exception sending a multicast message:Network is unreachable
[gzserver-2] Exception sending a multicast message:Network is unreachable
[gzserver-2] Exception sending a multicast message:Network is unreachable
[gzserver-2] Exception sending a multicast message:Network is unreachable
[gzserver-2] [INFO] [1773105396.821940440] [gazebo_wind_plugin_node]: WindPlugin: set wind_speed=1.20 wind_direction=35.3
[gzserver-2] [INFO] [1773105397.548814720] [gazebo_wind_plugin_node]: WindPlugin: set wind_speed=1.20 wind_direction=35.3
[gzserver-2] [0m[1;36m[Dbg] [wind_plugin.cpp:110] [0m[1;36mWindPlugin: received command -> speed=[0m[1;36m1.20483[0m[1;36m dir=[0m[1;36m35.3431[0m[1;36m
[gzserver-2] [0m[1;36m[Dbg] [wind_plugin.cpp:110] [0m[1;36mWindPlugin: received command -> speed=[0m[1;36m1.20483[0m[1;36m dir=[0m[1;36m35.3431[0m[1;36m
[gzserver-2] Exception sending a multicast message:Network is unreachable
[gzserver-2] Exception sending a multicast message:Network is unreachable
[gzserver-2] Exception sending a multicast message:Network is unreachable
[gzserver-2] Exception sending a multicast message:Network is unreachable
[gzserver-2] Exception sending a multicast message:Network is unreachable
[gzserver-2] Exception sending a multicast message:Network is unreachable
[gzserver-2] Exception sending a multicast message:Network is unreachable
[gzserver-2] Exception sending a multicast message:Network is unreachable
[gzserver-2] Exception sending a multicast message:Network is unreachable
[gzserver-2] Exception sending a multicast message:Network is unreachable
[gzserver-2] Exception sending a multicast message:Network is unreachable
[gzserver-2] [INFO] [1773105397.778499351] [gazebo_wind_plugin_node]: WindPlugin: set wind_speed=1.04 wind_direction=37.6
[gzserver-2] [INFO] [1773105397.818609874] [drone.simple_drone]: Quadrotor lands!!
[gzserver-2] [INFO] [1773105398.021324731] [gazebo_wind_plugin_node]: WindPlugin: set wind_speed=1.04 wind_direction=37.6
[gzserver-2] [INFO] [1773105398.254763360] [gazebo_wind_plugin_node]: WindPlugin: set wind_speed=1.04 wind_direction=37.6
[gzserver-2] [INFO] [1773105398.493983785] [gazebo_wind_plugin_node]: WindPlugin: set wind_speed=1.04 wind_direction=37.6
[gzserver-2] [0m[1;36m[Dbg] [wind_plugin.cpp:110] [0m[1;36mWindPlugin: received command -> speed=[0m[1;36m1.04253[0m[1;36m dir=[0m[1;36m37.5594[0m[1;36m
[gzserver-2] [0m[1;36m[Dbg] [wind_plugin.cpp:110] [0m[1;36mWindPlugin: received command -> speed=[0m[1;36m1.04253[0m[1;36m dir=[0m[1;36m37.5594[0m[1;36m
[gzserver-2] [0m[1;36m[Dbg] [wind_plugin.cpp:110] [0m[1;36mWindPlugin: received command -> speed=[0m[1;36m1.04253[0m[1;36m dir=[0m[1;36m37.5594[0m[1;36m
[gzserver-2] [0m[1;36m[Dbg] [wind_plugin.cpp:110] [0m[1;36mWindPlugin: received command -> speed=[0m[1;36m1.04253[0m[1;36m dir=[0m[1;36m37.5594[0m[1;36m
[gzserver-2] Exception sending a multicast message:Network is unreachable
[gzserver-2] Exception sending a multicast message:Network is unreachable
[gzserver-2] Exception sending a multicast message:Network is unreachable
[gzserver-2] Exception sending a multicast message:Network is unreachable
[gzserver-2] Exception sending a multicast message:Network is unreachable
[gzserver-2] Exception sending a multicast message:Network is unreachable
[gzserver-2] Exception sending a multicast message:Network is unreachable
[gzserver-2] Exception sending a multicast message:Network is unreachable
[gzserver-2] Exception sending a multicast message:Network is unreachable
[gzserver-2] Exception sending a multicast message:Network is unreachable
[gzserver-2] Exception sending a multicast message:Network is unreachable
[gzserver-2] [INFO] [1773105398.733288581] [gazebo_wind_plugin_node]: WindPlugin: set wind_speed=1.29 wind_direction=39.8
[gzserver-2] [0m[1;36m[Dbg] [wind_plugin.cpp:110] [0m[1;36mWindPlugin: received command -> speed=[0m[1;36m1.28765[0m[1;36m dir=[0m[1;36m39.8149[0m[1;36m
[gzserver-2] [0mLanded!
[gzserver-2] [INFO] [1773105398.973121702] [gazebo_wind_plugin_node]: WindPlugin: set wind_speed=1.29 wind_direction=39.8
[gzserver-2] [INFO] [1773105399.212370474] [gazebo_wind_plugin_node]: WindPlugin: set wind_speed=1.29 wind_direction=39.8
[gzserver-2] [INFO] [1773105399.448452139] [gazebo_wind_plugin_node]: WindPlugin: set wind_speed=1.29 wind_direction=39.8
[gzserver-2] [INFO] [1773105399.684850113] [gazebo_wind_plugin_node]: WindPlugin: set wind_speed=1.22 wind_direction=38.2
[gzserver-2] [1;36m[Dbg] [wind_plugin.cpp:110] [0m[1;36mWindPlugin: received command -> speed=[0m[1;36m1.28765[0m[1;36m dir=[0m[1;36m39.8149[0m[1;36m
[gzserver-2] [0m[1;36m[Dbg] [wind_plugin.cpp:110] [0m[1;36mWindPlugin: received command -> speed=[0m[1;36m1.28765[0m[1;36m dir=[0m[1;36m39.8149[0m[1;36m
[gzserver-2] [0m[1;36m[Dbg] [wind_plugin.cpp:110] [0m[1;36mWindPlugin: received command -> speed=[0m[1;36m1.28765[0m[1;36m dir=[0m[1;36m39.8149[0m[1;36m
[gzserver-2] [0m[1;36m[Dbg] [wind_plugin.cpp:110] [0m[1;36mWindPlugin: received command -> speed=[0m[1;36m1.21615[0m[1;36m dir=[0m[1;36m38.1813[0m[1;36m
[gzserver-2] Exception sending a multicast message:Network is unreachable
[gzserver-2] Exception sending a multicast message:Network is unreachable
[gzserver-2] Exception sending a multicast message:Network is unreachable
[gzserver-2] Exception sending a multicast message:Network is unreachable
[gzserver-2] Exception sending a multicast message:Network is unreachable
[gzserver-2] Exception sending a multicast message:Network is unreachable
[gzserver-2] Exception sending a multicast message:Network is unreachable
[gzserver-2] Exception sending a multicast message:Network is unreachable
[gzserver-2] Exception sending a multicast message:Network is unreachable
[gzserver-2] Exception sending a multicast message:Network is unreachable
[gzserver-2] Exception sending a multicast message:Network is unreachable
[gzserver-2] [INFO] [1773105399.923828792] [gazebo_wind_plugin_node]: WindPlugin: set wind_speed=1.22 wind_direction=38.2
[gzserver-2] [INFO] [1773105400.161239886] [gazebo_wind_plugin_node]: WindPlugin: set wind_speed=1.22 wind_direction=38.2
[gzserver-2] [INFO] [1773105400.402763385] [gazebo_wind_plugin_node]: WindPlugin: set wind_speed=1.22 wind_direction=38.2
[gzserver-2] [INFO] [1773105400.642143952] [gazebo_wind_plugin_node]: WindPlugin: set wind_speed=1.23 wind_direction=35.0
[gzserver-2] [0m[1;36m[Dbg] [wind_plugin.cpp:110] [0m[1;36mWindPlugin: received command -> speed=[0m[1;36m1.21615[0m[1;36m dir=[0m[1;36m38.1813[0m[1;36m
[gzserver-2] [0m[1;36m[Dbg] [wind_plugin.cpp:110] [0m[1;36mWindPlugin: received command -> speed=[0m[1;36m1.21615[0m[1;36m dir=[0m[1;36m38.1813[0m[1;36m
[gzserver-2] [0m[1;36m[Dbg] [wind_plugin.cpp:110] [0m[1;36mWindPlugin: received command -> speed=[0m[1;36m1.21615[0m[1;36m dir=[0m[1;36m38.1813[0m[1;36m
[gzserver-2] [0m[1;36m[Dbg] [wind_plugin.cpp:110] [0m[1;36mWindPlugin: received command -> speed=[0m[1;36m1.23379[0m[1;36m dir=[0m[1;36m35.0169[0m[1;36m
[gzserver-2] Exception sending a multicast message:Network is unreachable
[gzserver-2] Exception sending a multicast message:Network is unreachable
[gzserver-2] Exception sending a multicast message:Network is unreachable
[gzserver-2] Exception sending a multicast message:Network is unreachable
[gzserver-2] Exception sending a multicast message:Network is unreachable
[gzserver-2] Exception sending a multicast message:Network is unreachable
[gzserver-2] Exception sending a multicast message:Network is unreachable
[gzserver-2] Exception sending a multicast message:Network is unreachable
[gzserver-2] Exception sending a multicast message:Network is unreachable
[gzserver-2] Exception sending a multicast message:Network is unreachable
[gzserver-2] Exception sending a multicast message:Network is unreachable
