[INFO] [launch]: All log files can be found below /home/j/.ros/log/2026-03-10-16-45-44-675426-j-3158471
[INFO] [launch]: Default logging verbosity is set to INFO
[INFO] [launch.user]: [bringup] Apriltag config: camera=/drone/bottom, image=/drone/bottom/image_raw, tags=/drone/bottom/tags, bridge=/landing_tag_state, standalone=true, use_target_id=true, target_id=0
[INFO] [rviz2-1]: process started with pid [3158484]
[INFO] [gzserver-2]: process started with pid [3158486]
[INFO] [robot_state_publisher-3]: process started with pid [3158488]
[INFO] [joint_state_publisher-4]: process started with pid [3158490]
[INFO] [spawn_drone-5]: process started with pid [3158492]
[INFO] [static_transform_publisher-6]: process started with pid [3158494]
[INFO] [joy_node-7]: process started with pid [3158496]
[INFO] [teleop_joystick-8]: process started with pid [3158498]
[INFO] [apriltag_detector_node-9]: process started with pid [3158500]
[INFO] [apriltag_state_bridge-10]: process started with pid [3158503]
[static_transform_publisher-6] [WARN] [1773128745.148493331] []: Old-style arguments are deprecated; see --help for new-style arguments
[static_transform_publisher-6] [INFO] [1773128745.155100831] [static_transform_publisher_Qx443zPseZqUSW0h]: Spinning until stopped - publishing transform
[static_transform_publisher-6] translation: ('0.000000', '0.000000', '0.000000')
[static_transform_publisher-6] rotation: ('0.000000', '0.000000', '0.000000', '1.000000')
[static_transform_publisher-6] from 'world' to '/drone/odom'
[rviz2-1] 
[rviz2-1] (rviz2:3158484): dbind-WARNING **: 16:45:45.174: Couldn't connect to accessibility bus: Failed to connect to socket /root/.cache/at-spi/bus_0: 허가 거부
[robot_state_publisher-3] [INFO] [1773128745.180640508] [drone.robot_state_publisher]: got segment base_footprint
[robot_state_publisher-3] [INFO] [1773128745.180724802] [drone.robot_state_publisher]: got segment base_link
[robot_state_publisher-3] [INFO] [1773128745.180737451] [drone.robot_state_publisher]: got segment bottom_cam_link
[robot_state_publisher-3] [INFO] [1773128745.180745491] [drone.robot_state_publisher]: got segment front_cam_link
[robot_state_publisher-3] [INFO] [1773128745.180752441] [drone.robot_state_publisher]: got segment sonar_link
[apriltag_detector_node-9] [INFO] [1773128745.186946216] [apriltag_detector_node]: tag detector type: umich
[teleop_joystick-8] Traceback (most recent call last):
[teleop_joystick-8]   File "/home/j/INCSL/IICC26_ws/install/sjtu_drone_control/lib/sjtu_drone_control/teleop_joystick", line 33, in <module>
[teleop_joystick-8]     sys.exit(load_entry_point('sjtu_drone_control==0.0.0', 'console_scripts', 'teleop_joystick')())
[teleop_joystick-8]   File "/home/j/INCSL/IICC26_ws/install/sjtu_drone_control/lib/sjtu_drone_control/teleop_joystick", line 22, in importlib_load_entry_point
[teleop_joystick-8]     for entry_point in distribution(dist_name).entry_points
[teleop_joystick-8]   File "/usr/lib/python3.10/importlib/metadata/__init__.py", line 969, in distribution
[teleop_joystick-8]     return Distribution.from_name(distribution_name)
[teleop_joystick-8]   File "/usr/lib/python3.10/importlib/metadata/__init__.py", line 548, in from_name
[teleop_joystick-8]     raise PackageNotFoundError(name)
[teleop_joystick-8] importlib.metadata.PackageNotFoundError: No package metadata was found for sjtu_drone_control
[ERROR] [teleop_joystick-8]: process has died [pid 3158498, exit code 1, cmd '/home/j/INCSL/IICC26_ws/install/sjtu_drone_control/lib/sjtu_drone_control/teleop_joystick --ros-args -r __ns:=/drone'].
[gzserver-2] Gazebo multi-robot simulator, version 11.10.2
[gzserver-2] Copyright (C) 2012 Open Source Robotics Foundation.
[gzserver-2] Released under the Apache 2 License.
[gzserver-2] http://gazebosim.org
[gzserver-2] 
[apriltag_state_bridge-10] [INFO] [1773128745.423554245] [apriltag_state_bridge]: AprilTag bridge started: /drone/bottom/tags -> /landing_tag_state, use_target_id=True, target_id=0
[joint_state_publisher-4] [INFO] [1773128745.434866097] [drone.joint_state_publisher]: Waiting for robot_description to be published on the robot_description topic...
[gzserver-2] [1;33m[Wrn] [gazebo_ros_init.cpp:178] [0m[1;33m
[gzserver-2] #     # ####### ####### ###  #####  #######
[gzserver-2] ##    # #     #    #     #  #     # #
[gzserver-2] # #   # #     #    #     #  #       #
[gzserver-2] #  #  # #     #    #     #  #       #####
[gzserver-2] #   # # #     #    #     #  #       #
[gzserver-2] #    ## #     #    #     #  #     # #
[gzserver-2] #     # #######    #    ###  #####  #######
[gzserver-2] 
[gzserver-2] This version of Gazebo, now called Gazebo classic, reaches end-of-life
[gzserver-2] in January 2025. Users are highly encouraged to migrate to the new Gazebo
[gzserver-2] using our migration guides (https://gazebosim.org/docs/latest/gazebo_classic_migration?utm_source=gazebo_ros_pkgs&utm_medium=cli)
[gzserver-2] 
[gzserver-2] [0m[1;33m
[rviz2-1] [INFO] [1773128745.638755759] [rviz2]: Stereo is NOT SUPPORTED
[rviz2-1] [INFO] [1773128745.638847253] [rviz2]: OpenGl version: 4.6 (GLSL 4.6)
[rviz2-1] [INFO] [1773128745.823477894] [rviz2]: Stereo is NOT SUPPORTED
[rviz2-1] [INFO] [1773128745.985931349] [rviz2]: Stereo is NOT SUPPORTED
[gzserver-2] [1;32m[Msg] [0m[1;32mWaiting for master.[0m[1;32m
[gzserver-2] [0m[1;32m[0m[1;32m[0m[1;32m[Msg] [0m[1;32mConnected to gazebo master @ [0m[1;32mhttp://127.0.0.1:11345[0m[1;32m
[gzserver-2] [0m[1;32m[0m[1;32m[0m[1;32m[Msg] [0m[1;32mPublicized address: [0m[1;32m172.16.52.147[0m[1;32m
[gzserver-2] [0m[1;32m[0m[1;32m[0m[1;32m[Msg] [0m[1;32mLoading world file [[0m[1;32m/home/j/INCSL/IICC26_ws/install/sjtu_drone_description/share/sjtu_drone_description/worlds/landingPad.world[0m[1;32m][0m[1;32m
[gzserver-2] [0m[1;32m[0m[1;32m[0m[1;36m[Dbg] [wind_plugin.cpp:96] [0m[1;36mWindPlugin loaded: speed=[0m[1;36m0[0m[1;36m dir=[0m[1;36m0[0m[1;36m deg area=[0m[1;36m0.1[0m[1;36m coeff=[0m[1;36m1[0m[1;36m
[gzserver-2] [0m[1;33m[0m[1;33m[0m[1;31m[Err] [Sensor.cc:510] [0m[1;31mGet noise index not valid[0m[1;31m
[gzserver-2] [0m[1;31m[0m[1;31m[0m[1;31m[Err] [Sensor.cc:510] [0m[1;31mGet noise index not valid[0m[1;31m
[gzserver-2] [0m[1;31m[0m[1;31m[0m[1;31m[Err] [Sensor.cc:510] [0m[1;31mGet noise index not valid[0m[1;31m
[gzserver-2] [0m[1;31m[0m[1;31m[0m[1;31m[Err] [Sensor.cc:510] [0m[1;31mGet noise index not valid[0m[1;31m
[gzserver-2] [0m[1;31m[0m[1;31m[0m[1;31m[Err] [Sensor.cc:510] [0m[1;31mGet noise index not valid[0m[1;31m
[gzserver-2] [0m[1;31m[0m[1;31m[0m[1;31m[Err] [Sensor.cc:510] [0m[1;31mGet noise index not valid[0m[1;31m
[gzserver-2] [0m[1;31m[0m[1;31m[0mTopic [default//drone/base_footprint/down_camera/image] is not valid.
[gzserver-2] [INFO] [1773128746.566001260] [drone.collision_plugin]: Publishing contact states to [/drone/bumper_states]
[gzserver-2] Topic [default//drone/base_footprint/front_camera/image] is not valid.
[gzserver-2] [1;33m[Wrn] [Event.cc:61] [0m[1;33mWarning: Deleting a connection right after creation. [0m[1;33mMake sure to save the ConnectionPtr from a Connect call
[gzserver-2] [0m[INFO] [1773128747.119346984] [drone.camera_bottom]: Publishing camera info to [/drone/bottom/camera_info]
[gzserver-2] [INFO] [1773128747.123902419] [drone.camera_front]: Publishing camera info to [/drone/front/camera_info]
[spawn_drone-5] [INFO] [1773128747.132409151] [spawn_drone]: Result True SpawnEntity: Successfully spawned entity [/drone]
[gzserver-2] [INFO] [1773128747.245423075] [drone.simple_drone]: The drone plugin is loading!
[gzserver-2] [INFO] [1773128747.245626917] [drone.simple_drone]: pub_odom: 1
[gzserver-2] [INFO] [1773128747.245662140] [drone.simple_drone]: Using following parameters: 
[gzserver-2] 		link_name: base_footprint,
[gzserver-2] 		max_force: 30,
[gzserver-2] 		motion_small_noise: 0,
[gzserver-2] 		motion_drift_noise: 0,
[gzserver-2] 		motion_drift_noise_time: 50,
[gzserver-2] 		takeoff_hover_height: 1.81,
[gzserver-2] 		takeoff_vertical_speed: 0.2
[gzserver-2] [INFO] [1773128747.257260510] [drone.simple_drone]: Using the PID parameters: 
[gzserver-2] 	Roll Pitch:
[gzserver-2] 		kP: 10, kI: 0,kD: 5, Limit: 0.5, Time Constant: 0
[gzserver-2] 	Yaw:
[gzserver-2] 		kP: 2, kI: 0,kD: 1, Limit: 1.5, Time Constant: 0
[gzserver-2] 	Velocity X:
[gzserver-2] 		kP: 5, kI: 0,kD: 2.3, Limit: 2, Time Constant: 0
[gzserver-2] 	Velocity Y:
[gzserver-2] 		kP: 5, kI: 0,kD: 2.3, Limit: 2, Time Constant: 0
[gzserver-2] 	Velocity Z:
[gzserver-2] 		kP: 5, kI: 0,kD: 1, Limit: -1, Time Constant: 0
[gzserver-2] 	Position XY:
[gzserver-2] 		kP: 1.1, kI: 0,kD: 0, Limit: 5, Time Constant: 0
[gzserver-2] 	Position Z:
[gzserver-2] 		kP: 1, kI: 0,kD: 0.2, Limit: -1, Time Constant: 0
[gzserver-2] [INFO] [1773128747.257394042] [drone.simple_drone]: The drone plugin finished loading!
[INFO] [spawn_drone-5]: process has finished cleanly [pid 3158492]
[gzserver-2] [INFO] [1773128754.527266514] [gazebo_wind_plugin_node]: WindPlugin: set wind_speed=0.00 wind_direction=0.0
[gzserver-2] [INFO] [1773128754.799214637] [gazebo_wind_plugin_node]: WindPlugin: set wind_speed=0.00 wind_direction=0.0
[gzserver-2] [INFO] [1773128754.839007705] [drone.simple_drone]: Quadrotor takes off!!
[gzserver-2] [INFO] [1773128755.041291560] [gazebo_wind_plugin_node]: WindPlugin: set wind_speed=0.00 wind_direction=0.0
[gzserver-2] [INFO] [1773128755.280523890] [gazebo_wind_plugin_node]: WindPlugin: set wind_speed=0.00 wind_direction=0.0
[gzserver-2] [INFO] [1773128755.519969686] [gazebo_wind_plugin_node]: WindPlugin: set wind_speed=0.00 wind_direction=0.0
[gzserver-2] [INFO] [1773128755.759395419] [gazebo_wind_plugin_node]: WindPlugin: set wind_speed=0.00 wind_direction=0.0
[gzserver-2] [INFO] [1773128755.995537096] [gazebo_wind_plugin_node]: WindPlugin: set wind_speed=0.00 wind_direction=0.0
[gzserver-2] [INFO] [1773128756.231042660] [gazebo_wind_plugin_node]: WindPlugin: set wind_speed=0.00 wind_direction=0.0
[gzserver-2] [0m[1;36m[Dbg] [wind_plugin.cpp:110] [0m[1;36mWindPlugin: received command -> speed=[0m[1;36m0[0m[1;36m dir=[0m[1;36m0[0m[1;36m
[gzserver-2] [0m[1;36m[Dbg] [wind_plugin.cpp:110] [0m[1;36mWindPlugin: received command -> speed=[0m[1;36m0[0m[1;36m dir=[0m[1;36m0[0m[1;36m
[gzserver-2] [0m[1;36m[Dbg] [wind_plugin.cpp:110] [0m[1;36mWindPlugin: received command -> speed=[0m[1;36m0[0m[1;36m dir=[0m[1;36m0[0m[1;36m
[gzserver-2] [0m[1;36m[Dbg] [wind_plugin.cpp:110] [0m[1;36mWindPlugin: received command -> speed=[0m[1;36m0[0m[1;36m dir=[0m[1;36m0[0m[1;36m
[gzserver-2] [0m[1;36m[Dbg] [wind_plugin.cpp:110] [0m[1;36mWindPlugin: received command -> speed=[0m[1;36m0[0m[1;36m dir=[0m[1;36m0[0m[1;36m
[gzserver-2] [0m[1;36m[Dbg] [wind_plugin.cpp:110] [0m[1;36mWindPlugin: received command -> speed=[0m[1;36m0[0m[1;36m dir=[0m[1;36m0[0m[1;36m
[gzserver-2] [0m[1;36m[Dbg] [wind_plugin.cpp:110] [0m[1;36mWindPlugin: received command -> speed=[0m[1;36m0[0m[1;36m dir=[0m[1;36m0[0m[1;36m
[gzserver-2] [0m[1;36m[Dbg] [wind_plugin.cpp:110] [0m[1;36mWindPlugin: received command -> speed=[0m[1;36m0[0m[1;36m dir=[0m[1;36m0[0m[1;36m
[gzserver-2] [0mEntering flying model!
[gzserver-2] [INFO] [1773128756.465236602] [gazebo_wind_plugin_node]: WindPlugin: set wind_speed=0.00 wind_direction=0.0
[gzserver-2] [INFO] [1773128756.700268803] [gazebo_wind_plugin_node]: WindPlugin: set wind_speed=2.36 wind_direction=-114.6
[gzserver-2] [INFO] [1773128756.939852602] [gazebo_wind_plugin_node]: WindPlugin: set wind_speed=2.36 wind_direction=-114.6
[gzserver-2] [INFO] [1773128757.186995320] [gazebo_wind_plugin_node]: WindPlugin: set wind_speed=2.52 wind_direction=-117.9
[gzserver-2] [INFO] [1773128757.441617525] [gazebo_wind_plugin_node]: WindPlugin: set wind_speed=2.52 wind_direction=-117.9
[gzserver-2] [INFO] [1773128757.684933885] [gazebo_wind_plugin_node]: WindPlugin: set wind_speed=2.52 wind_direction=-117.9
[gzserver-2] [INFO] [1773128757.928876302] [gazebo_wind_plugin_node]: WindPlugin: set wind_speed=2.52 wind_direction=-117.9
[gzserver-2] [INFO] [1773128758.173357391] [gazebo_wind_plugin_node]: WindPlugin: set wind_speed=2.41 wind_direction=-119.8
[gzserver-2] [INFO] [1773128758.413157207] [gazebo_wind_plugin_node]: WindPlugin: set wind_speed=2.41 wind_direction=-119.8
[gzserver-2] [INFO] [1773128758.652155941] [gazebo_wind_plugin_node]: WindPlugin: set wind_speed=2.41 wind_direction=-119.8
[gzserver-2] [INFO] [1773128758.886469582] [gazebo_wind_plugin_node]: WindPlugin: set wind_speed=2.41 wind_direction=-119.8
[gzserver-2] [INFO] [1773128759.121154377] [gazebo_wind_plugin_node]: WindPlugin: set wind_speed=2.35 wind_direction=-118.4
[gzserver-2] [INFO] [1773128759.360909019] [gazebo_wind_plugin_node]: WindPlugin: set wind_speed=2.35 wind_direction=-118.4
[gzserver-2] [INFO] [1773128759.602468778] [gazebo_wind_plugin_node]: WindPlugin: set wind_speed=2.35 wind_direction=-118.4
[gzserver-2] [INFO] [1773128759.835771836] [gazebo_wind_plugin_node]: WindPlugin: set wind_speed=2.35 wind_direction=-118.4
[gzserver-2] [INFO] [1773128760.080923859] [gazebo_wind_plugin_node]: WindPlugin: set wind_speed=2.50 wind_direction=-118.8
[gzserver-2] [INFO] [1773128760.115989772] [drone.simple_drone]: Quadrotor lands!!
[gzserver-2] [INFO] [1773128760.317558595] [gazebo_wind_plugin_node]: WindPlugin: set wind_speed=2.50 wind_direction=-118.8
[gzserver-2] [INFO] [1773128760.556986825] [gazebo_wind_plugin_node]: WindPlugin: set wind_speed=2.50 wind_direction=-118.8
[gzserver-2] [INFO] [1773128760.796655921] [gazebo_wind_plugin_node]: WindPlugin: set wind_speed=2.50 wind_direction=-118.8
[gzserver-2] [INFO] [1773128761.026167965] [gazebo_wind_plugin_node]: WindPlugin: set wind_speed=2.50 wind_direction=-118.8
[gzserver-2] [1;36m[Dbg] [wind_plugin.cpp:110] [0m[1;36mWindPlugin: received command -> speed=[0m[1;36m0[0m[1;36m dir=[0m[1;36m0[0m[1;36m
[gzserver-2] [0m[1;36m[Dbg] [wind_plugin.cpp:110] [0m[1;36mWindPlugin: received command -> speed=[0m[1;36m2.35753[0m[1;36m dir=[0m[1;36m-114.639[0m[1;36m
[gzserver-2] [0m[1;36m[Dbg] [wind_plugin.cpp:110] [0m[1;36mWindPlugin: received command -> speed=[0m[1;36m2.35753[0m[1;36m dir=[0m[1;36m-114.639[0m[1;36m
[gzserver-2] [0m[1;36m[Dbg] [wind_plugin.cpp:110] [0m[1;36mWindPlugin: received command -> speed=[0m[1;36m2.51557[0m[1;36m dir=[0m[1;36m-117.872[0m[1;36m
[gzserver-2] [0m[1;36m[Dbg] [wind_plugin.cpp:110] [0m[1;36mWindPlugin: received command -> speed=[0m[1;36m2.51557[0m[1;36m dir=[0m[1;36m-117.872[0m[1;36m
[gzserver-2] [0m[1;36m[Dbg] [wind_plugin.cpp:110] [0m[1;36mWindPlugin: received command -> speed=[0m[1;36m2.51557[0m[1;36m dir=[0m[1;36m-117.872[0m[1;36m
[gzserver-2] [0m[1;36m[Dbg] [wind_plugin.cpp:110] [0m[1;36mWindPlugin: received command -> speed=[0m[1;36m2.51557[0m[1;36m dir=[0m[1;36m-117.872[0m[1;36m
[gzserver-2] [0m[1;36m[Dbg] [wind_plugin.cpp:110] [0m[1;36mWindPlugin: received command -> speed=[0m[1;36m2.41122[0m[1;36m dir=[0m[1;36m-119.791[0m[1;36m
[gzserver-2] [0m[1;36m[Dbg] [wind_plugin.cpp:110] [0m[1;36mWindPlugin: received command -> speed=[0m[1;36m2.41122[0m[1;36m dir=[0m[1;36m-119.791[0m[1;36m
[gzserver-2] [0m[1;36m[Dbg] [wind_plugin.cpp:110] [0m[1;36mWindPlugin: received command -> speed=[0m[1;36m2.41122[0m[1;36m dir=[0m[1;36m-119.791[0m[1;36m
[gzserver-2] [0m[1;36m[Dbg] [wind_plugin.cpp:110] [0m[1;36mWindPlugin: received command -> speed=[0m[1;36m2.41122[0m[1;36m dir=[0m[1;36m-119.791[0m[1;36m
[gzserver-2] [0m[1;36m[Dbg] [wind_plugin.cpp:110] [0m[1;36mWindPlugin: received command -> speed=[0m[1;36m2.34902[0m[1;36m dir=[0m[1;36m-118.378[0m[1;36m
[gzserver-2] [0m[1;36m[Dbg] [wind_plugin.cpp:110] [0m[1;36mWindPlugin: received command -> speed=[0m[1;36m2.34902[0m[1;36m dir=[0m[1;36m-118.378[0m[1;36m
[gzserver-2] [0m[1;36m[Dbg] [wind_plugin.cpp:110] [0m[1;36mWindPlugin: received command -> speed=[0m[1;36m2.34902[0m[1;36m dir=[0m[1;36m-118.378[0m[1;36m
[gzserver-2] [0m[1;36m[Dbg] [wind_plugin.cpp:110] [0m[1;36mWindPlugin: received command -> speed=[0m[1;36m2.34902[0m[1;36m dir=[0m[1;36m-118.378[0m[1;36m
[gzserver-2] [0m[1;36m[Dbg] [wind_plugin.cpp:110] [0m[1;36mWindPlugin: received command -> speed=[0m[1;36m2.50292[0m[1;36m dir=[0m[1;36m-118.783[0m[1;36m
[gzserver-2] [0m[1;36m[Dbg] [wind_plugin.cpp:110] [0m[1;36mWindPlugin: received command -> speed=[0m[1;36m2.50292[0m[1;36m dir=[0m[1;36m-118.783[0m[1;36m
[gzserver-2] [0m[1;36m[Dbg] [wind_plugin.cpp:110] [0m[1;36mWindPlugin: received command -> speed=[0m[1;36m2.50292[0m[1;36m dir=[0m[1;36m-118.783[0m[1;36m
[gzserver-2] [0m[1;36m[Dbg] [wind_plugin.cpp:110] [0m[1;36mWindPlugin: received command -> speed=[0m[1;36m2.50292[0m[1;36m dir=[0m[1;36m-118.783[0m[1;36m
[gzserver-2] [0m[1;36m[Dbg] [wind_plugin.cpp:110] [0m[1;36mWindPlugin: received command -> speed=[0m[1;36m2.50292[0m[1;36m dir=[0m[1;36m-118.783[0m[1;36m
[gzserver-2] [0mLanded!
[gzserver-2] [INFO] [1773128761.265091197] [gazebo_wind_plugin_node]: WindPlugin: set wind_speed=2.46 wind_direction=-118.9
[gzserver-2] [INFO] [1773128761.504672693] [gazebo_wind_plugin_node]: WindPlugin: set wind_speed=2.46 wind_direction=-118.9
[gzserver-2] [INFO] [1773128761.743972676] [gazebo_wind_plugin_node]: WindPlugin: set wind_speed=2.46 wind_direction=-118.9
[gzserver-2] [INFO] [1773128761.983581605] [gazebo_wind_plugin_node]: WindPlugin: set wind_speed=2.46 wind_direction=-118.9
[gzserver-2] [INFO] [1773128762.217921237] [gazebo_wind_plugin_node]: WindPlugin: set wind_speed=2.11 wind_direction=-119.4
[gzserver-2] [INFO] [1773128762.451732596] [gazebo_wind_plugin_node]: WindPlugin: set wind_speed=2.11 wind_direction=-119.4
[gzserver-2] [INFO] [1773128762.689121298] [gazebo_wind_plugin_node]: WindPlugin: set wind_speed=2.11 wind_direction=-119.4
[gzserver-2] [INFO] [1773128762.921052259] [gazebo_wind_plugin_node]: WindPlugin: set wind_speed=2.11 wind_direction=-119.4
