[INFO] [launch]: All log files can be found below /home/j/.ros/log/2026-03-10-20-26-15-447950-j-216162
[INFO] [launch]: Default logging verbosity is set to INFO
[INFO] [launch.user]: [bringup] Apriltag config: camera=/drone/bottom, image=/drone/bottom/image_raw, tags=/drone/bottom/tags, bridge=/landing_tag_state, standalone=true, use_target_id=true, target_id=0
[INFO] [rviz2-1]: process started with pid [216165]
[INFO] [gzserver-2]: process started with pid [216167]
[INFO] [robot_state_publisher-3]: process started with pid [216169]
[INFO] [joint_state_publisher-4]: process started with pid [216171]
[INFO] [spawn_drone-5]: process started with pid [216173]
[INFO] [static_transform_publisher-6]: process started with pid [216175]
[INFO] [joy_node-7]: process started with pid [216177]
[INFO] [teleop_joystick-8]: process started with pid [216179]
[INFO] [apriltag_detector_node-9]: process started with pid [216181]
[INFO] [apriltag_state_bridge-10]: process started with pid [216183]
[static_transform_publisher-6] [WARN] [1773141975.934105701] []: Old-style arguments are deprecated; see --help for new-style arguments
[static_transform_publisher-6] [INFO] [1773141975.941628493] [static_transform_publisher_E4rEfl590tKVU0Gu]: Spinning until stopped - publishing transform
[static_transform_publisher-6] translation: ('0.000000', '0.000000', '0.000000')
[static_transform_publisher-6] rotation: ('0.000000', '0.000000', '0.000000', '1.000000')
[static_transform_publisher-6] from 'world' to '/drone/odom'
[rviz2-1] 
[rviz2-1] (rviz2:216165): dbind-WARNING **: 20:26:15.965: Couldn't connect to accessibility bus: Failed to connect to socket /root/.cache/at-spi/bus_0: 허가 거부
[apriltag_detector_node-9] [INFO] [1773141975.968745732] [apriltag_detector_node]: tag detector type: umich
[robot_state_publisher-3] [INFO] [1773141975.968945600] [drone.robot_state_publisher]: got segment base_footprint
[robot_state_publisher-3] [INFO] [1773141975.969023174] [drone.robot_state_publisher]: got segment base_link
[robot_state_publisher-3] [INFO] [1773141975.969035655] [drone.robot_state_publisher]: got segment bottom_cam_link
[robot_state_publisher-3] [INFO] [1773141975.969043443] [drone.robot_state_publisher]: got segment front_cam_link
[robot_state_publisher-3] [INFO] [1773141975.969050531] [drone.robot_state_publisher]: got segment sonar_link
[teleop_joystick-8] Traceback (most recent call last):
[teleop_joystick-8]   File "/home/j/INCSL/IICC26_ws/install/sjtu_drone_control/lib/sjtu_drone_control/teleop_joystick", line 33, in <module>
[teleop_joystick-8]     sys.exit(load_entry_point('sjtu_drone_control==0.0.0', 'console_scripts', 'teleop_joystick')())
[teleop_joystick-8]   File "/home/j/INCSL/IICC26_ws/install/sjtu_drone_control/lib/sjtu_drone_control/teleop_joystick", line 22, in importlib_load_entry_point
[teleop_joystick-8]     for entry_point in distribution(dist_name).entry_points
[teleop_joystick-8]   File "/usr/lib/python3.10/importlib/metadata/__init__.py", line 969, in distribution
[teleop_joystick-8]     return Distribution.from_name(distribution_name)
[teleop_joystick-8]   File "/usr/lib/python3.10/importlib/metadata/__init__.py", line 548, in from_name
[teleop_joystick-8]     raise PackageNotFoundError(name)
[teleop_joystick-8] importlib.metadata.PackageNotFoundError: No package metadata was found for sjtu_drone_control
[ERROR] [teleop_joystick-8]: process has died [pid 216179, exit code 1, cmd '/home/j/INCSL/IICC26_ws/install/sjtu_drone_control/lib/sjtu_drone_control/teleop_joystick --ros-args -r __ns:=/drone'].
[gzserver-2] Gazebo multi-robot simulator, version 11.10.2
[gzserver-2] Copyright (C) 2012 Open Source Robotics Foundation.
[gzserver-2] Released under the Apache 2 License.
[gzserver-2] http://gazebosim.org
[gzserver-2] 
[apriltag_state_bridge-10] [INFO] [1773141976.174091358] [apriltag_state_bridge]: AprilTag bridge started: /drone/bottom/tags -> /landing_tag_state, use_target_id=True, target_id=0
[joint_state_publisher-4] [INFO] [1773141976.200459251] [drone.joint_state_publisher]: Waiting for robot_description to be published on the robot_description topic...
[gzserver-2] [1;33m[Wrn] [gazebo_ros_init.cpp:178] [0m[1;33m
[gzserver-2] #     # ####### ####### ###  #####  #######
[gzserver-2] ##    # #     #    #     #  #     # #
[gzserver-2] # #   # #     #    #     #  #       #
[gzserver-2] #  #  # #     #    #     #  #       #####
[gzserver-2] #   # # #     #    #     #  #       #
[gzserver-2] #    ## #     #    #     #  #     # #
[gzserver-2] #     # #######    #    ###  #####  #######
[gzserver-2] 
[gzserver-2] This version of Gazebo, now called Gazebo classic, reaches end-of-life
[gzserver-2] in January 2025. Users are highly encouraged to migrate to the new Gazebo
[gzserver-2] using our migration guides (https://gazebosim.org/docs/latest/gazebo_classic_migration?utm_source=gazebo_ros_pkgs&utm_medium=cli)
[gzserver-2] 
[gzserver-2] [0m[1;33m
[rviz2-1] [INFO] [1773141976.747612458] [rviz2]: Stereo is NOT SUPPORTED
[rviz2-1] [INFO] [1773141976.747735393] [rviz2]: OpenGl version: 4.6 (GLSL 4.6)
[rviz2-1] [INFO] [1773141976.843534932] [rviz2]: Stereo is NOT SUPPORTED
[rviz2-1] [INFO] [1773141976.917847557] [rviz2]: Stereo is NOT SUPPORTED
[gzserver-2] [1;32m[Msg] [0m[1;32mWaiting for master.[0m[1;32m
[gzserver-2] [0m[1;32m[0m[1;32m[0m[1;32m[Msg] [0m[1;32mConnected to gazebo master @ [0m[1;32mhttp://127.0.0.1:11345[0m[1;32m
[gzserver-2] [0m[1;32m[0m[1;32m[0m[1;32m[Msg] [0m[1;32mPublicized address: [0m[1;32m192.168.0.11[0m[1;32m
[gzserver-2] [0m[1;32m[0m[1;32m[0m[1;32m[Msg] [0m[1;32mLoading world file [[0m[1;32m/home/j/INCSL/IICC26_ws/install/sjtu_drone_description/share/sjtu_drone_description/worlds/landingPad.world[0m[1;32m][0m[1;32m
[gzserver-2] [0m[1;32m[0m[1;32m[0m[1;36m[Dbg] [wind_plugin.cpp:96] [0m[1;36mWindPlugin loaded: speed=[0m[1;36m0[0m[1;36m dir=[0m[1;36m0[0m[1;36m deg area=[0m[1;36m0.1[0m[1;36m coeff=[0m[1;36m1[0m[1;36m
[gzserver-2] [0m[1;33m[0m[1;33m[0m[1;31m[Err] [Sensor.cc:510] [0m[1;31mGet noise index not valid[0m[1;31m
[gzserver-2] [0m[1;31m[0m[1;31m[0m[1;31m[Err] [Sensor.cc:510] [0m[1;31mGet noise index not valid[0m[1;31m
[gzserver-2] [0m[1;31m[0m[1;31m[0m[1;31m[Err] [Sensor.cc:510] [0m[1;31mGet noise index not valid[0m[1;31m
[gzserver-2] [0m[1;31m[0m[1;31m[0m[1;31m[Err] [Sensor.cc:510] [0m[1;31mGet noise index not valid[0m[1;31m
[gzserver-2] [0m[1;31m[0m[1;31m[0m[1;31m[Err] [Sensor.cc:510] [0m[1;31mGet noise index not valid[0m[1;31m
[gzserver-2] [0m[1;31m[0m[1;31m[0m[1;31m[Err] [Sensor.cc:510] [0m[1;31mGet noise index not valid[0m[1;31m
[gzserver-2] [0m[1;31m[0m[1;31m[0mTopic [default//drone/base_footprint/down_camera/image] is not valid.
[gzserver-2] Topic [default//drone/base_footprint/front_camera/image] is not valid.
[gzserver-2] [INFO] [1773141977.401978734] [drone.collision_plugin]: Publishing contact states to [/drone/bumper_states]
[gzserver-2] [1;33m[Wrn] [Event.cc:61] [0m[1;33mWarning: Deleting a connection right after creation. [0m[1;33mMake sure to save the ConnectionPtr from a Connect call
[gzserver-2] [0m[INFO] [1773141977.961088855] [drone.camera_bottom]: Publishing camera info to [/drone/bottom/camera_info]
[gzserver-2] [INFO] [1773141977.966018813] [drone.camera_front]: Publishing camera info to [/drone/front/camera_info]
[spawn_drone-5] [INFO] [1773141977.974733149] [spawn_drone]: Result True SpawnEntity: Successfully spawned entity [/drone]
[gzserver-2] [INFO] [1773141978.090007742] [drone.simple_drone]: The drone plugin is loading!
[gzserver-2] [INFO] [1773141978.090216530] [drone.simple_drone]: pub_odom: 1
[gzserver-2] [INFO] [1773141978.090253721] [drone.simple_drone]: Using following parameters: 
[gzserver-2] 		link_name: base_footprint,
[gzserver-2] 		max_force: 30,
[gzserver-2] 		motion_small_noise: 0,
[gzserver-2] 		motion_drift_noise: 0,
[gzserver-2] 		motion_drift_noise_time: 50,
[gzserver-2] 		takeoff_hover_height: 2.11,
[gzserver-2] 		takeoff_vertical_speed: 0.2
[gzserver-2] [INFO] [1773141978.102093769] [drone.simple_drone]: Using the PID parameters: 
[gzserver-2] 	Roll Pitch:
[gzserver-2] 		kP: 10, kI: 0,kD: 5, Limit: 0.5, Time Constant: 0
[gzserver-2] 	Yaw:
[gzserver-2] 		kP: 2, kI: 0,kD: 1, Limit: 1.5, Time Constant: 0
[gzserver-2] 	Velocity X:
[gzserver-2] 		kP: 5, kI: 0,kD: 2.3, Limit: 2, Time Constant: 0
[gzserver-2] 	Velocity Y:
[gzserver-2] 		kP: 5, kI: 0,kD: 2.3, Limit: 2, Time Constant: 0
[gzserver-2] 	Velocity Z:
[gzserver-2] 		kP: 5, kI: 0,kD: 1, Limit: -1, Time Constant: 0
[gzserver-2] 	Position XY:
[gzserver-2] 		kP: 1.1, kI: 0,kD: 0, Limit: 5, Time Constant: 0
[gzserver-2] 	Position Z:
[gzserver-2] 		kP: 1, kI: 0,kD: 0.2, Limit: -1, Time Constant: 0
[gzserver-2] [INFO] [1773141978.102226088] [drone.simple_drone]: The drone plugin finished loading!
[INFO] [spawn_drone-5]: process has finished cleanly [pid 216173]
[gzserver-2] [INFO] [1773141985.256427034] [gazebo_wind_plugin_node]: WindPlugin: set wind_speed=0.00 wind_direction=0.0
[gzserver-2] [INFO] [1773141985.526175236] [gazebo_wind_plugin_node]: WindPlugin: set wind_speed=0.00 wind_direction=0.0
[gzserver-2] [INFO] [1773141985.564189304] [drone.simple_drone]: Quadrotor takes off!!
[gzserver-2] [INFO] [1773141985.765183488] [gazebo_wind_plugin_node]: WindPlugin: set wind_speed=0.00 wind_direction=0.0
[gzserver-2] [INFO] [1773141986.004340182] [gazebo_wind_plugin_node]: WindPlugin: set wind_speed=0.00 wind_direction=0.0
[gzserver-2] [INFO] [1773141986.233272843] [gazebo_wind_plugin_node]: WindPlugin: set wind_speed=0.00 wind_direction=0.0
[gzserver-2] [INFO] [1773141986.468216190] [gazebo_wind_plugin_node]: WindPlugin: set wind_speed=0.00 wind_direction=0.0
[gzserver-2] [INFO] [1773141986.707336260] [gazebo_wind_plugin_node]: WindPlugin: set wind_speed=0.00 wind_direction=0.0
[gzserver-2] [INFO] [1773141986.941406132] [gazebo_wind_plugin_node]: WindPlugin: set wind_speed=0.00 wind_direction=0.0
[gzserver-2] [INFO] [1773141987.170662586] [gazebo_wind_plugin_node]: WindPlugin: set wind_speed=0.00 wind_direction=0.0
[gzserver-2] [0m[1;36m[Dbg] [wind_plugin.cpp:110] [0m[1;36mWindPlugin: received command -> speed=[0m[1;36m0[0m[1;36m dir=[0m[1;36m0[0m[1;36m
[gzserver-2] [0m[1;36m[Dbg] [wind_plugin.cpp:110] [0m[1;36mWindPlugin: received command -> speed=[0m[1;36m0[0m[1;36m dir=[0m[1;36m0[0m[1;36m
[gzserver-2] [0m[1;36m[Dbg] [wind_plugin.cpp:110] [0m[1;36mWindPlugin: received command -> speed=[0m[1;36m0[0m[1;36m dir=[0m[1;36m0[0m[1;36m
[gzserver-2] [0m[1;36m[Dbg] [wind_plugin.cpp:110] [0m[1;36mWindPlugin: received command -> speed=[0m[1;36m0[0m[1;36m dir=[0m[1;36m0[0m[1;36m
[gzserver-2] [0m[1;36m[Dbg] [wind_plugin.cpp:110] [0m[1;36mWindPlugin: received command -> speed=[0m[1;36m0[0m[1;36m dir=[0m[1;36m0[0m[1;36m
[gzserver-2] [0m[1;36m[Dbg] [wind_plugin.cpp:110] [0m[1;36mWindPlugin: received command -> speed=[0m[1;36m0[0m[1;36m dir=[0m[1;36m0[0m[1;36m
[gzserver-2] [0m[1;36m[Dbg] [wind_plugin.cpp:110] [0m[1;36mWindPlugin: received command -> speed=[0m[1;36m0[0m[1;36m dir=[0m[1;36m0[0m[1;36m
[gzserver-2] [0m[1;36m[Dbg] [wind_plugin.cpp:110] [0m[1;36mWindPlugin: received command -> speed=[0m[1;36m0[0m[1;36m dir=[0m[1;36m0[0m[1;36m
[gzserver-2] [0m[1;36m[Dbg] [wind_plugin.cpp:110] [0m[1;36mWindPlugin: received command -> speed=[0m[1;36m0[0m[1;36m dir=[0m[1;36m0[0m[1;36m
[gzserver-2] [0mEntering flying model!
[gzserver-2] [INFO] [1773141987.409877429] [gazebo_wind_plugin_node]: WindPlugin: set wind_speed=0.00 wind_direction=0.0
[gzserver-2] [INFO] [1773141987.649385046] [gazebo_wind_plugin_node]: WindPlugin: set wind_speed=1.38 wind_direction=-103.7
[gzserver-2] [INFO] [1773141987.883027356] [gazebo_wind_plugin_node]: WindPlugin: set wind_speed=1.40 wind_direction=-102.8
[gzserver-2] [INFO] [1773141988.122185580] [gazebo_wind_plugin_node]: WindPlugin: set wind_speed=1.40 wind_direction=-102.8
[gzserver-2] [INFO] [1773141988.350692560] [gazebo_wind_plugin_node]: WindPlugin: set wind_speed=1.40 wind_direction=-102.8
[gzserver-2] [INFO] [1773141988.589909263] [gazebo_wind_plugin_node]: WindPlugin: set wind_speed=1.40 wind_direction=-102.8
[gzserver-2] [INFO] [1773141988.823201226] [gazebo_wind_plugin_node]: WindPlugin: set wind_speed=1.35 wind_direction=-103.0
[gzserver-2] [INFO] [1773141989.062079183] [gazebo_wind_plugin_node]: WindPlugin: set wind_speed=1.35 wind_direction=-103.0
[gzserver-2] [INFO] [1773141989.301367159] [gazebo_wind_plugin_node]: WindPlugin: set wind_speed=1.35 wind_direction=-103.0
[gzserver-2] [INFO] [1773141989.541378447] [gazebo_wind_plugin_node]: WindPlugin: set wind_speed=1.35 wind_direction=-103.0
[gzserver-2] [INFO] [1773141989.781153288] [gazebo_wind_plugin_node]: WindPlugin: set wind_speed=1.38 wind_direction=-102.4
[gzserver-2] [INFO] [1773141990.020266950] [gazebo_wind_plugin_node]: WindPlugin: set wind_speed=1.38 wind_direction=-102.4
[gzserver-2] [INFO] [1773141990.259259979] [gazebo_wind_plugin_node]: WindPlugin: set wind_speed=1.38 wind_direction=-102.4
[gzserver-2] [INFO] [1773141990.498931726] [gazebo_wind_plugin_node]: WindPlugin: set wind_speed=1.38 wind_direction=-102.4
[gzserver-2] [INFO] [1773141990.733364900] [gazebo_wind_plugin_node]: WindPlugin: set wind_speed=1.38 wind_direction=-102.4
[gzserver-2] [INFO] [1773141990.967365128] [gazebo_wind_plugin_node]: WindPlugin: set wind_speed=1.27 wind_direction=-104.8
[gzserver-2] [INFO] [1773141991.207459296] [gazebo_wind_plugin_node]: WindPlugin: set wind_speed=1.27 wind_direction=-104.8
[gzserver-2] [INFO] [1773141991.442192446] [gazebo_wind_plugin_node]: WindPlugin: set wind_speed=1.27 wind_direction=-104.8
[gzserver-2] [INFO] [1773141991.681772044] [gazebo_wind_plugin_node]: WindPlugin: set wind_speed=1.27 wind_direction=-104.8
[gzserver-2] [INFO] [1773141991.922654126] [gazebo_wind_plugin_node]: WindPlugin: set wind_speed=1.32 wind_direction=-104.2
[gzserver-2] [INFO] [1773141991.955051694] [drone.simple_drone]: Quadrotor lands!!
[gzserver-2] [INFO] [1773141992.156571728] [gazebo_wind_plugin_node]: WindPlugin: set wind_speed=1.32 wind_direction=-104.2
[gzserver-2] [INFO] [1773141992.390625189] [gazebo_wind_plugin_node]: WindPlugin: set wind_speed=1.32 wind_direction=-104.2
[gzserver-2] [INFO] [1773141992.624297871] [gazebo_wind_plugin_node]: WindPlugin: set wind_speed=1.32 wind_direction=-104.2
[gzserver-2] [INFO] [1773141992.863494395] [gazebo_wind_plugin_node]: WindPlugin: set wind_speed=1.28 wind_direction=-105.5
[gzserver-2] [1;36m[Dbg] [wind_plugin.cpp:110] [0m[1;36mWindPlugin: received command -> speed=[0m[1;36m0[0m[1;36m dir=[0m[1;36m0[0m[1;36m
[gzserver-2] [0m[1;36m[Dbg] [wind_plugin.cpp:110] [0m[1;36mWindPlugin: received command -> speed=[0m[1;36m1.38368[0m[1;36m dir=[0m[1;36m-103.699[0m[1;36m
[gzserver-2] [0m[1;36m[Dbg] [wind_plugin.cpp:110] [0m[1;36mWindPlugin: received command -> speed=[0m[1;36m1.40081[0m[1;36m dir=[0m[1;36m-102.818[0m[1;36m
[gzserver-2] [0m[1;36m[Dbg] [wind_plugin.cpp:110] [0m[1;36mWindPlugin: received command -> speed=[0m[1;36m1.40081[0m[1;36m dir=[0m[1;36m-102.818[0m[1;36m
[gzserver-2] [0m[1;36m[Dbg] [wind_plugin.cpp:110] [0m[1;36mWindPlugin: received command -> speed=[0m[1;36m1.40081[0m[1;36m dir=[0m[1;36m-102.818[0m[1;36m
[gzserver-2] [0m[1;36m[Dbg] [wind_plugin.cpp:110] [0m[1;36mWindPlugin: received command -> speed=[0m[1;36m1.40081[0m[1;36m dir=[0m[1;36m-102.818[0m[1;36m
[gzserver-2] [0m[1;36m[Dbg] [wind_plugin.cpp:110] [0m[1;36mWindPlugin: received command -> speed=[0m[1;36m1.35474[0m[1;36m dir=[0m[1;36m-102.961[0m[1;36m
[gzserver-2] [0m[1;36m[Dbg] [wind_plugin.cpp:110] [0m[1;36mWindPlugin: received command -> speed=[0m[1;36m1.35474[0m[1;36m dir=[0m[1;36m-102.961[0m[1;36m
[gzserver-2] [0m[1;36m[Dbg] [wind_plugin.cpp:110] [0m[1;36mWindPlugin: received command -> speed=[0m[1;36m1.35474[0m[1;36m dir=[0m[1;36m-102.961[0m[1;36m
[gzserver-2] [0m[1;36m[Dbg] [wind_plugin.cpp:110] [0m[1;36mWindPlugin: received command -> speed=[0m[1;36m1.35474[0m[1;36m dir=[0m[1;36m-102.961[0m[1;36m
[gzserver-2] [0m[1;36m[Dbg] [wind_plugin.cpp:110] [0m[1;36mWindPlugin: received command -> speed=[0m[1;36m1.38388[0m[1;36m dir=[0m[1;36m-102.383[0m[1;36m
[gzserver-2] [0m[1;36m[Dbg] [wind_plugin.cpp:110] [0m[1;36mWindPlugin: received command -> speed=[0m[1;36m1.38388[0m[1;36m dir=[0m[1;36m-102.383[0m[1;36m
[gzserver-2] [0m[1;36m[Dbg] [wind_plugin.cpp:110] [0m[1;36mWindPlugin: received command -> speed=[0m[1;36m1.38388[0m[1;36m dir=[0m[1;36m-102.383[0m[1;36m
[gzserver-2] [0m[1;36m[Dbg] [wind_plugin.cpp:110] [0m[1;36mWindPlugin: received command -> speed=[0m[1;36m1.38388[0m[1;36m dir=[0m[1;36m-102.383[0m[1;36m
[gzserver-2] [0m[1;36m[Dbg] [wind_plugin.cpp:110] [0m[1;36mWindPlugin: received command -> speed=[0m[1;36m1.38388[0m[1;36m dir=[0m[1;36m-102.383[0m[1;36m
[gzserver-2] [0m[1;36m[Dbg] [wind_plugin.cpp:110] [0m[1;36mWindPlugin: received command -> speed=[0m[1;36m1.26839[0m[1;36m dir=[0m[1;36m-104.829[0m[1;36m
[gzserver-2] [0m[1;36m[Dbg] [wind_plugin.cpp:110] [0m[1;36mWindPlugin: received command -> speed=[0m[1;36m1.26839[0m[1;36m dir=[0m[1;36m-104.829[0m[1;36m
[gzserver-2] [0m[1;36m[Dbg] [wind_plugin.cpp:110] [0m[1;36mWindPlugin: received command -> speed=[0m[1;36m1.26839[0m[1;36m dir=[0m[1;36m-104.829[0m[1;36m
[gzserver-2] [0m[1;36m[Dbg] [wind_plugin.cpp:110] [0m[1;36mWindPlugin: received command -> speed=[0m[1;36m1.26839[0m[1;36m dir=[0m[1;36m-104.829[0m[1;36m
[gzserver-2] [0m[1;36m[Dbg] [wind_plugin.cpp:110] [0m[1;36mWindPlugin: received command -> speed=[0m[1;36m1.32464[0m[1;36m dir=[0m[1;36m-104.216[0m[1;36m
[gzserver-2] [0m[1;36m[Dbg] [wind_plugin.cpp:110] [0m[1;36mWindPlugin: received command -> speed=[0m[1;36m1.32464[0m[1;36m dir=[0m[1;36m-104.216[0m[1;36m
[gzserver-2] [0m[1;36m[Dbg] [wind_plugin.cpp:110] [0m[1;36mWindPlugin: received command -> speed=[0m[1;36m1.32464[0m[1;36m dir=[0m[1;36m-104.216[0m[1;36m
[gzserver-2] [0m[1;36m[Dbg] [wind_plugin.cpp:110] [0m[1;36mWindPlugin: received command -> speed=[0m[1;36m1.32464[0m[1;36m dir=[0m[1;36m-104.216[0m[1;36m
[gzserver-2] [0m[1;36m[Dbg] [wind_plugin.cpp:110] [0m[1;36mWindPlugin: received command -> speed=[0m[1;36m1.27613[0m[1;36m dir=[0m[1;36m-105.543[0m[1;36m
[gzserver-2] [0mLanded!
[gzserver-2] [INFO] [1773141993.102441099] [gazebo_wind_plugin_node]: WindPlugin: set wind_speed=1.28 wind_direction=-105.5
[gzserver-2] [INFO] [1773141993.336694520] [gazebo_wind_plugin_node]: WindPlugin: set wind_speed=1.28 wind_direction=-105.5
[gzserver-2] [INFO] [1773141993.577115398] [gazebo_wind_plugin_node]: WindPlugin: set wind_speed=1.28 wind_direction=-105.5
[gzserver-2] [INFO] [1773141993.811398768] [gazebo_wind_plugin_node]: WindPlugin: set wind_speed=1.39 wind_direction=-106.0
[gzserver-2] [INFO] [1773141994.050854418] [gazebo_wind_plugin_node]: WindPlugin: set wind_speed=1.39 wind_direction=-106.0
[gzserver-2] [INFO] [1773141994.285446215] [gazebo_wind_plugin_node]: WindPlugin: set wind_speed=1.39 wind_direction=-106.0
[gzserver-2] [INFO] [1773141994.524423081] [gazebo_wind_plugin_node]: WindPlugin: set wind_speed=1.39 wind_direction=-106.0
[gzserver-2] [INFO] [1773141994.762911791] [gazebo_wind_plugin_node]: WindPlugin: set wind_speed=1.48 wind_direction=-105.7
