[INFO] [launch]: All log files can be found below /home/j/.ros/log/2026-03-11-02-18-07-342966-j-3026471
[INFO] [launch]: Default logging verbosity is set to INFO
[INFO] [launch.user]: [bringup] Apriltag config: camera=/drone/bottom, image=/drone/bottom/image_raw, tags=/drone/bottom/tags, bridge=/landing_tag_state, standalone=true, use_target_id=true, target_id=0
[INFO] [rviz2-1]: process started with pid [3026472]
[INFO] [gzserver-2]: process started with pid [3026474]
[INFO] [robot_state_publisher-3]: process started with pid [3026476]
[INFO] [joint_state_publisher-4]: process started with pid [3026478]
[INFO] [spawn_drone-5]: process started with pid [3026480]
[INFO] [static_transform_publisher-6]: process started with pid [3026482]
[INFO] [joy_node-7]: process started with pid [3026484]
[INFO] [teleop_joystick-8]: process started with pid [3026486]
[INFO] [apriltag_detector_node-9]: process started with pid [3026488]
[INFO] [apriltag_state_bridge-10]: process started with pid [3026491]
[static_transform_publisher-6] [WARN] [1773163087.814671915] []: Old-style arguments are deprecated; see --help for new-style arguments
[static_transform_publisher-6] [INFO] [1773163087.822927953] [static_transform_publisher_Ma5T5bnpNjV2BYSf]: Spinning until stopped - publishing transform
[static_transform_publisher-6] translation: ('0.000000', '0.000000', '0.000000')
[static_transform_publisher-6] rotation: ('0.000000', '0.000000', '0.000000', '1.000000')
[static_transform_publisher-6] from 'world' to '/drone/odom'
[robot_state_publisher-3] [INFO] [1773163087.849096994] [drone.robot_state_publisher]: got segment base_footprint
[robot_state_publisher-3] [INFO] [1773163087.849187400] [drone.robot_state_publisher]: got segment base_link
[robot_state_publisher-3] [INFO] [1773163087.849200651] [drone.robot_state_publisher]: got segment bottom_cam_link
[robot_state_publisher-3] [INFO] [1773163087.849209658] [drone.robot_state_publisher]: got segment front_cam_link
[robot_state_publisher-3] [INFO] [1773163087.849217487] [drone.robot_state_publisher]: got segment sonar_link
[apriltag_detector_node-9] [INFO] [1773163087.851933526] [apriltag_detector_node]: tag detector type: umich
[rviz2-1] 
[rviz2-1] (rviz2:3026472): dbind-WARNING **: 02:18:07.854: Couldn't connect to accessibility bus: Failed to connect to socket /root/.cache/at-spi/bus_0: 허가 거부
[teleop_joystick-8] Traceback (most recent call last):
[teleop_joystick-8]   File "/home/j/INCSL/IICC26_ws/install/sjtu_drone_control/lib/sjtu_drone_control/teleop_joystick", line 33, in <module>
[teleop_joystick-8]     sys.exit(load_entry_point('sjtu_drone_control==0.0.0', 'console_scripts', 'teleop_joystick')())
[teleop_joystick-8]   File "/home/j/INCSL/IICC26_ws/install/sjtu_drone_control/lib/sjtu_drone_control/teleop_joystick", line 22, in importlib_load_entry_point
[teleop_joystick-8]     for entry_point in distribution(dist_name).entry_points
[teleop_joystick-8]   File "/usr/lib/python3.10/importlib/metadata/__init__.py", line 969, in distribution
[teleop_joystick-8]     return Distribution.from_name(distribution_name)
[teleop_joystick-8]   File "/usr/lib/python3.10/importlib/metadata/__init__.py", line 548, in from_name
[teleop_joystick-8]     raise PackageNotFoundError(name)
[teleop_joystick-8] importlib.metadata.PackageNotFoundError: No package metadata was found for sjtu_drone_control
[ERROR] [teleop_joystick-8]: process has died [pid 3026486, exit code 1, cmd '/home/j/INCSL/IICC26_ws/install/sjtu_drone_control/lib/sjtu_drone_control/teleop_joystick --ros-args -r __ns:=/drone'].
[gzserver-2] Gazebo multi-robot simulator, version 11.10.2
[gzserver-2] Copyright (C) 2012 Open Source Robotics Foundation.
[gzserver-2] Released under the Apache 2 License.
[gzserver-2] http://gazebosim.org
[gzserver-2] 
[apriltag_state_bridge-10] [INFO] [1773163088.060375604] [apriltag_state_bridge]: AprilTag bridge started: /drone/bottom/tags -> /landing_tag_state, use_target_id=True, target_id=0
[joint_state_publisher-4] [INFO] [1773163088.067408501] [drone.joint_state_publisher]: Waiting for robot_description to be published on the robot_description topic...
[gzserver-2] [1;33m[Wrn] [gazebo_ros_init.cpp:178] [0m[1;33m
[gzserver-2] #     # ####### ####### ###  #####  #######
[gzserver-2] ##    # #     #    #     #  #     # #
[gzserver-2] # #   # #     #    #     #  #       #
[gzserver-2] #  #  # #     #    #     #  #       #####
[gzserver-2] #   # # #     #    #     #  #       #
[gzserver-2] #    ## #     #    #     #  #     # #
[gzserver-2] #     # #######    #    ###  #####  #######
[gzserver-2] 
[gzserver-2] This version of Gazebo, now called Gazebo classic, reaches end-of-life
[gzserver-2] in January 2025. Users are highly encouraged to migrate to the new Gazebo
[gzserver-2] using our migration guides (https://gazebosim.org/docs/latest/gazebo_classic_migration?utm_source=gazebo_ros_pkgs&utm_medium=cli)
[gzserver-2] 
[gzserver-2] [0m[1;33m
[rviz2-1] [INFO] [1773163088.580197944] [rviz2]: Stereo is NOT SUPPORTED
[rviz2-1] [INFO] [1773163088.580286189] [rviz2]: OpenGl version: 4.6 (GLSL 4.6)
[rviz2-1] [INFO] [1773163088.664692019] [rviz2]: Stereo is NOT SUPPORTED
[rviz2-1] [INFO] [1773163088.736272522] [rviz2]: Stereo is NOT SUPPORTED
[spawn_drone-5] [INFO] [1773163089.169903468] [spawn_drone]: Result False Entity pushed to spawn queue, but spawn service timed outwaiting for entity to appear in simulation under the name [/drone]
[gzserver-2] [1;32m[Msg] [0m[1;32mWaiting for master.[0m[1;32m
[gzserver-2] [0m[1;32m[0m[1;32m[0m[1;32m[Msg] [0m[1;32mConnected to gazebo master @ [0m[1;32mhttp://127.0.0.1:11345[0m[1;32m
[gzserver-2] [0m[1;32m[0m[1;32m[0m[1;32m[Msg] [0m[1;32mPublicized address: [0m[1;32m192.168.0.11[0m[1;32m
[gzserver-2] [0m[1;32m[0m[1;32m[0m[1;32m[Msg] [0m[1;32mLoading world file [[0m[1;32m/home/j/INCSL/IICC26_ws/install/sjtu_drone_description/share/sjtu_drone_description/worlds/landingPad.world[0m[1;32m][0m[1;32m
[gzserver-2] [0m[1;32m[0m[1;32m[0m[1;36m[Dbg] [wind_plugin.cpp:96] [0m[1;36mWindPlugin loaded: speed=[0m[1;36m0[0m[1;36m dir=[0m[1;36m0[0m[1;36m deg area=[0m[1;36m0.1[0m[1;36m coeff=[0m[1;36m1[0m[1;36m
[gzserver-2] [0m[1;33m[0m[1;33m[0m[1;31m[Err] [Sensor.cc:510] [0m[1;31mGet noise index not valid[0m[1;31m
[gzserver-2] [0m[1;31m[0m[1;31m[0m[1;31m[Err] [Sensor.cc:510] [0m[1;31mGet noise index not valid[0m[1;31m
[gzserver-2] [0m[1;31m[0m[1;31m[0m[1;31m[Err] [Sensor.cc:510] [0m[1;31mGet noise index not valid[0m[1;31m
[gzserver-2] [0m[1;31m[0m[1;31m[0m[1;31m[Err] [Sensor.cc:510] [0m[1;31mGet noise index not valid[0m[1;31m
[gzserver-2] [0m[1;31m[0m[1;31m[0m[1;31m[Err] [Sensor.cc:510] [0m[1;31mGet noise index not valid[0m[1;31m
[gzserver-2] [0m[1;31m[0m[1;31m[0m[1;31m[Err] [Sensor.cc:510] [0m[1;31mGet noise index not valid[0m[1;31m
[gzserver-2] [0m[1;31m[0m[1;31m[0mTopic [default//drone/base_footprint/down_camera/image] is not valid.
[gzserver-2] Topic [default//drone/base_footprint/front_camera/image] is not valid.
[gzserver-2] [INFO] [1773163089.199393425] [drone.collision_plugin]: Publishing contact states to [/drone/bumper_states]
[gzserver-2] [1;33m[Wrn] [Event.cc:61] [0m[1;33mWarning: Deleting a connection right after creation. [0m[1;33mMake sure to save the ConnectionPtr from a Connect call
[INFO] [spawn_drone-5]: process has finished cleanly [pid 3026480]
[gzserver-2] [0m[INFO] [1773163089.776330492] [drone.camera_bottom]: Publishing camera info to [/drone/bottom/camera_info]
[gzserver-2] [INFO] [1773163089.781012283] [drone.camera_front]: Publishing camera info to [/drone/front/camera_info]
[gzserver-2] [INFO] [1773163089.903769264] [drone.simple_drone]: The drone plugin is loading!
[gzserver-2] [INFO] [1773163089.903985924] [drone.simple_drone]: pub_odom: 1
[gzserver-2] [INFO] [1773163089.904023191] [drone.simple_drone]: Using following parameters: 
[gzserver-2] 		link_name: base_footprint,
[gzserver-2] 		max_force: 30,
[gzserver-2] 		motion_small_noise: 0,
[gzserver-2] 		motion_drift_noise: 0,
[gzserver-2] 		motion_drift_noise_time: 50,
[gzserver-2] 		takeoff_hover_height: 2.18,
[gzserver-2] 		takeoff_vertical_speed: 0.2
[gzserver-2] [INFO] [1773163089.915645987] [drone.simple_drone]: Using the PID parameters: 
[gzserver-2] 	Roll Pitch:
[gzserver-2] 		kP: 10, kI: 0,kD: 5, Limit: 0.5, Time Constant: 0
[gzserver-2] 	Yaw:
[gzserver-2] 		kP: 2, kI: 0,kD: 1, Limit: 1.5, Time Constant: 0
[gzserver-2] 	Velocity X:
[gzserver-2] 		kP: 5, kI: 0,kD: 2.3, Limit: 2, Time Constant: 0
[gzserver-2] 	Velocity Y:
[gzserver-2] 		kP: 5, kI: 0,kD: 2.3, Limit: 2, Time Constant: 0
[gzserver-2] 	Velocity Z:
[gzserver-2] 		kP: 5, kI: 0,kD: 1, Limit: -1, Time Constant: 0
[gzserver-2] 	Position XY:
[gzserver-2] 		kP: 1.1, kI: 0,kD: 0, Limit: 5, Time Constant: 0
[gzserver-2] 	Position Z:
[gzserver-2] 		kP: 1, kI: 0,kD: 0.2, Limit: -1, Time Constant: 0
[gzserver-2] [INFO] [1773163089.915774426] [drone.simple_drone]: The drone plugin finished loading!
[gzserver-2] [INFO] [1773163097.173779228] [gazebo_wind_plugin_node]: WindPlugin: set wind_speed=0.00 wind_direction=0.0
[gzserver-2] [INFO] [1773163097.443960668] [gazebo_wind_plugin_node]: WindPlugin: set wind_speed=0.00 wind_direction=0.0
[gzserver-2] [INFO] [1773163097.482291953] [drone.simple_drone]: Quadrotor takes off!!
[gzserver-2] [INFO] [1773163097.683597677] [gazebo_wind_plugin_node]: WindPlugin: set wind_speed=0.00 wind_direction=0.0
[gzserver-2] [INFO] [1773163097.922919855] [gazebo_wind_plugin_node]: WindPlugin: set wind_speed=0.00 wind_direction=0.0
[gzserver-2] [INFO] [1773163098.161850432] [gazebo_wind_plugin_node]: WindPlugin: set wind_speed=0.00 wind_direction=0.0
[gzserver-2] [INFO] [1773163098.401110824] [gazebo_wind_plugin_node]: WindPlugin: set wind_speed=0.00 wind_direction=0.0
[gzserver-2] [INFO] [1773163098.639966410] [gazebo_wind_plugin_node]: WindPlugin: set wind_speed=0.00 wind_direction=0.0
[gzserver-2] [INFO] [1773163098.879631816] [gazebo_wind_plugin_node]: WindPlugin: set wind_speed=0.00 wind_direction=0.0
[gzserver-2] [INFO] [1773163099.121007462] [gazebo_wind_plugin_node]: WindPlugin: set wind_speed=0.00 wind_direction=0.0
[gzserver-2] [0m[1;36m[Dbg] [wind_plugin.cpp:110] [0m[1;36mWindPlugin: received command -> speed=[0m[1;36m0[0m[1;36m dir=[0m[1;36m0[0m[1;36m
[gzserver-2] [0m[1;36m[Dbg] [wind_plugin.cpp:110] [0m[1;36mWindPlugin: received command -> speed=[0m[1;36m0[0m[1;36m dir=[0m[1;36m0[0m[1;36m
[gzserver-2] [0m[1;36m[Dbg] [wind_plugin.cpp:110] [0m[1;36mWindPlugin: received command -> speed=[0m[1;36m0[0m[1;36m dir=[0m[1;36m0[0m[1;36m
[gzserver-2] [0m[1;36m[Dbg] [wind_plugin.cpp:110] [0m[1;36mWindPlugin: received command -> speed=[0m[1;36m0[0m[1;36m dir=[0m[1;36m0[0m[1;36m
[gzserver-2] [0m[1;36m[Dbg] [wind_plugin.cpp:110] [0m[1;36mWindPlugin: received command -> speed=[0m[1;36m0[0m[1;36m dir=[0m[1;36m0[0m[1;36m
[gzserver-2] [0m[1;36m[Dbg] [wind_plugin.cpp:110] [0m[1;36mWindPlugin: received command -> speed=[0m[1;36m0[0m[1;36m dir=[0m[1;36m0[0m[1;36m
[gzserver-2] [0m[1;36m[Dbg] [wind_plugin.cpp:110] [0m[1;36mWindPlugin: received command -> speed=[0m[1;36m0[0m[1;36m dir=[0m[1;36m0[0m[1;36m
[gzserver-2] [0m[1;36m[Dbg] [wind_plugin.cpp:110] [0m[1;36mWindPlugin: received command -> speed=[0m[1;36m0[0m[1;36m dir=[0m[1;36m0[0m[1;36m
[gzserver-2] [0m[1;36m[Dbg] [wind_plugin.cpp:110] [0m[1;36mWindPlugin: received command -> speed=[0m[1;36m0[0m[1;36m dir=[0m[1;36m0[0m[1;36m
[gzserver-2] [0mEntering flying model!
[gzserver-2] [INFO] [1773163099.360327542] [gazebo_wind_plugin_node]: WindPlugin: set wind_speed=0.00 wind_direction=0.0
[gzserver-2] [INFO] [1773163099.601320476] [gazebo_wind_plugin_node]: WindPlugin: set wind_speed=1.43 wind_direction=-118.5
[gzserver-2] [INFO] [1773163099.840323342] [gazebo_wind_plugin_node]: WindPlugin: set wind_speed=1.76 wind_direction=-118.9
[gzserver-2] [INFO] [1773163100.080381154] [gazebo_wind_plugin_node]: WindPlugin: set wind_speed=1.76 wind_direction=-118.9
[gzserver-2] [INFO] [1773163100.319902994] [gazebo_wind_plugin_node]: WindPlugin: set wind_speed=1.76 wind_direction=-118.9
[gzserver-2] [INFO] [1773163100.554196705] [gazebo_wind_plugin_node]: WindPlugin: set wind_speed=1.76 wind_direction=-118.9
[gzserver-2] [INFO] [1773163100.789150234] [gazebo_wind_plugin_node]: WindPlugin: set wind_speed=1.61 wind_direction=-116.8
[gzserver-2] [INFO] [1773163101.028858794] [gazebo_wind_plugin_node]: WindPlugin: set wind_speed=1.61 wind_direction=-116.8
[gzserver-2] [INFO] [1773163101.263481193] [gazebo_wind_plugin_node]: WindPlugin: set wind_speed=1.61 wind_direction=-116.8
[gzserver-2] [INFO] [1773163101.503008473] [gazebo_wind_plugin_node]: WindPlugin: set wind_speed=1.61 wind_direction=-116.8
[gzserver-2] [INFO] [1773163101.742506483] [gazebo_wind_plugin_node]: WindPlugin: set wind_speed=1.54 wind_direction=-117.8
[gzserver-2] [INFO] [1773163101.980739441] [gazebo_wind_plugin_node]: WindPlugin: set wind_speed=1.54 wind_direction=-117.8
[gzserver-2] [INFO] [1773163102.220949162] [gazebo_wind_plugin_node]: WindPlugin: set wind_speed=1.54 wind_direction=-117.8
[gzserver-2] [INFO] [1773163102.460232590] [gazebo_wind_plugin_node]: WindPlugin: set wind_speed=1.54 wind_direction=-117.8
[gzserver-2] [INFO] [1773163102.702539124] [gazebo_wind_plugin_node]: WindPlugin: set wind_speed=1.53 wind_direction=-118.9
[gzserver-2] [INFO] [1773163102.944495164] [gazebo_wind_plugin_node]: WindPlugin: set wind_speed=1.53 wind_direction=-118.9
[gzserver-2] [INFO] [1773163102.977157102] [drone.simple_drone]: Quadrotor lands!!
[gzserver-2] [INFO] [1773163103.178579082] [gazebo_wind_plugin_node]: WindPlugin: set wind_speed=1.53 wind_direction=-118.9
[gzserver-2] [INFO] [1773163103.413334835] [gazebo_wind_plugin_node]: WindPlugin: set wind_speed=1.53 wind_direction=-118.9
[gzserver-2] [INFO] [1773163103.648069958] [gazebo_wind_plugin_node]: WindPlugin: set wind_speed=1.53 wind_direction=-118.9
[gzserver-2] [INFO] [1773163103.887115581] [gazebo_wind_plugin_node]: WindPlugin: set wind_speed=1.52 wind_direction=-115.3
[gzserver-2] [1;36m[Dbg] [wind_plugin.cpp:110] [0m[1;36mWindPlugin: received command -> speed=[0m[1;36m0[0m[1;36m dir=[0m[1;36m0[0m[1;36m
[gzserver-2] [0m[1;36m[Dbg] [wind_plugin.cpp:110] [0m[1;36mWindPlugin: received command -> speed=[0m[1;36m1.42802[0m[1;36m dir=[0m[1;36m-118.481[0m[1;36m
[gzserver-2] [0m[1;36m[Dbg] [wind_plugin.cpp:110] [0m[1;36mWindPlugin: received command -> speed=[0m[1;36m1.75745[0m[1;36m dir=[0m[1;36m-118.894[0m[1;36m
[gzserver-2] [0m[1;36m[Dbg] [wind_plugin.cpp:110] [0m[1;36mWindPlugin: received command -> speed=[0m[1;36m1.75745[0m[1;36m dir=[0m[1;36m-118.894[0m[1;36m
[gzserver-2] [0m[1;36m[Dbg] [wind_plugin.cpp:110] [0m[1;36mWindPlugin: received command -> speed=[0m[1;36m1.75745[0m[1;36m dir=[0m[1;36m-118.894[0m[1;36m
[gzserver-2] [0m[1;36m[Dbg] [wind_plugin.cpp:110] [0m[1;36mWindPlugin: received command -> speed=[0m[1;36m1.75745[0m[1;36m dir=[0m[1;36m-118.894[0m[1;36m
[gzserver-2] [0m[1;36m[Dbg] [wind_plugin.cpp:110] [0m[1;36mWindPlugin: received command -> speed=[0m[1;36m1.61401[0m[1;36m dir=[0m[1;36m-116.783[0m[1;36m
[gzserver-2] [0m[1;36m[Dbg] [wind_plugin.cpp:110] [0m[1;36mWindPlugin: received command -> speed=[0m[1;36m1.61401[0m[1;36m dir=[0m[1;36m-116.783[0m[1;36m
[gzserver-2] [0m[1;36m[Dbg] [wind_plugin.cpp:110] [0m[1;36mWindPlugin: received command -> speed=[0m[1;36m1.61401[0m[1;36m dir=[0m[1;36m-116.783[0m[1;36m
[gzserver-2] [0m[1;36m[Dbg] [wind_plugin.cpp:110] [0m[1;36mWindPlugin: received command -> speed=[0m[1;36m1.61401[0m[1;36m dir=[0m[1;36m-116.783[0m[1;36m
[gzserver-2] [0m[1;36m[Dbg] [wind_plugin.cpp:110] [0m[1;36mWindPlugin: received command -> speed=[0m[1;36m1.54451[0m[1;36m dir=[0m[1;36m-117.816[0m[1;36m
[gzserver-2] [0m[1;36m[Dbg] [wind_plugin.cpp:110] [0m[1;36mWindPlugin: received command -> speed=[0m[1;36m1.54451[0m[1;36m dir=[0m[1;36m-117.816[0m[1;36m
[gzserver-2] [0m[1;36m[Dbg] [wind_plugin.cpp:110] [0m[1;36mWindPlugin: received command -> speed=[0m[1;36m1.54451[0m[1;36m dir=[0m[1;36m-117.816[0m[1;36m
[gzserver-2] [0m[1;36m[Dbg] [wind_plugin.cpp:110] [0m[1;36mWindPlugin: received command -> speed=[0m[1;36m1.54451[0m[1;36m dir=[0m[1;36m-117.816[0m[1;36m
[gzserver-2] [0m[1;36m[Dbg] [wind_plugin.cpp:110] [0m[1;36mWindPlugin: received command -> speed=[0m[1;36m1.53342[0m[1;36m dir=[0m[1;36m-118.919[0m[1;36m
[gzserver-2] [0m[1;36m[Dbg] [wind_plugin.cpp:110] [0m[1;36mWindPlugin: received command -> speed=[0m[1;36m1.53342[0m[1;36m dir=[0m[1;36m-118.919[0m[1;36m
[gzserver-2] [0m[1;36m[Dbg] [wind_plugin.cpp:110] [0m[1;36mWindPlugin: received command -> speed=[0m[1;36m1.53342[0m[1;36m dir=[0m[1;36m-118.919[0m[1;36m
[gzserver-2] [0m[1;36m[Dbg] [wind_plugin.cpp:110] [0m[1;36mWindPlugin: received command -> speed=[0m[1;36m1.53342[0m[1;36m dir=[0m[1;36m-118.919[0m[1;36m
[gzserver-2] [0m[1;36m[Dbg] [wind_plugin.cpp:110] [0m[1;36mWindPlugin: received command -> speed=[0m[1;36m1.53342[0m[1;36m dir=[0m[1;36m-118.919[0m[1;36m
[gzserver-2] [0m[1;36m[Dbg] [wind_plugin.cpp:110] [0m[1;36mWindPlugin: received command -> speed=[0m[1;36m1.51764[0m[1;36m dir=[0m[1;36m-115.258[0m[1;36m
[gzserver-2] [0mLanded!
[gzserver-2] [INFO] [1773163104.121448321] [gazebo_wind_plugin_node]: WindPlugin: set wind_speed=1.52 wind_direction=-115.3
[gzserver-2] [INFO] [1773163104.361190163] [gazebo_wind_plugin_node]: WindPlugin: set wind_speed=1.52 wind_direction=-115.3
[gzserver-2] [INFO] [1773163104.585599040] [gazebo_wind_plugin_node]: WindPlugin: set wind_speed=1.52 wind_direction=-115.3
[gzserver-2] [INFO] [1773163104.824921407] [gazebo_wind_plugin_node]: WindPlugin: set wind_speed=1.65 wind_direction=-116.3
[gzserver-2] [INFO] [1773163105.059513344] [gazebo_wind_plugin_node]: WindPlugin: set wind_speed=1.65 wind_direction=-116.3
[gzserver-2] [INFO] [1773163105.293440030] [gazebo_wind_plugin_node]: WindPlugin: set wind_speed=1.65 wind_direction=-116.3
[gzserver-2] [INFO] [1773163105.533183443] [gazebo_wind_plugin_node]: WindPlugin: set wind_speed=1.65 wind_direction=-116.3
[gzserver-2] [INFO] [1773163105.767845679] [gazebo_wind_plugin_node]: WindPlugin: set wind_speed=1.55 wind_direction=-116.0
