[INFO] [launch]: All log files can be found below /home/j/.ros/log/2026-03-11-03-18-06-326581-j-3583027
[INFO] [launch]: Default logging verbosity is set to INFO
[INFO] [launch.user]: [bringup] Apriltag config: camera=/drone/bottom, image=/drone/bottom/image_raw, tags=/drone/bottom/tags, bridge=/landing_tag_state, standalone=true, use_target_id=true, target_id=0
[INFO] [rviz2-1]: process started with pid [3583030]
[INFO] [gzserver-2]: process started with pid [3583032]
[INFO] [robot_state_publisher-3]: process started with pid [3583034]
[INFO] [joint_state_publisher-4]: process started with pid [3583036]
[INFO] [spawn_drone-5]: process started with pid [3583038]
[INFO] [static_transform_publisher-6]: process started with pid [3583040]
[INFO] [joy_node-7]: process started with pid [3583042]
[INFO] [teleop_joystick-8]: process started with pid [3583044]
[INFO] [apriltag_detector_node-9]: process started with pid [3583046]
[INFO] [apriltag_state_bridge-10]: process started with pid [3583049]
[static_transform_publisher-6] [WARN] [1773166686.801761152] []: Old-style arguments are deprecated; see --help for new-style arguments
[static_transform_publisher-6] [INFO] [1773166686.810116330] [static_transform_publisher_0P2yCPtpYXcoA4aL]: Spinning until stopped - publishing transform
[static_transform_publisher-6] translation: ('0.000000', '0.000000', '0.000000')
[static_transform_publisher-6] rotation: ('0.000000', '0.000000', '0.000000', '1.000000')
[static_transform_publisher-6] from 'world' to '/drone/odom'
[robot_state_publisher-3] [INFO] [1773166686.827433407] [drone.robot_state_publisher]: got segment base_footprint
[robot_state_publisher-3] [INFO] [1773166686.827501179] [drone.robot_state_publisher]: got segment base_link
[robot_state_publisher-3] [INFO] [1773166686.827506841] [drone.robot_state_publisher]: got segment bottom_cam_link
[robot_state_publisher-3] [INFO] [1773166686.827510049] [drone.robot_state_publisher]: got segment front_cam_link
[robot_state_publisher-3] [INFO] [1773166686.827512857] [drone.robot_state_publisher]: got segment sonar_link
[rviz2-1] 
[rviz2-1] (rviz2:3583030): dbind-WARNING **: 03:18:06.835: Couldn't connect to accessibility bus: Failed to connect to socket /root/.cache/at-spi/bus_0: 허가 거부
[apriltag_detector_node-9] [INFO] [1773166686.839150891] [apriltag_detector_node]: tag detector type: umich
[teleop_joystick-8] Traceback (most recent call last):
[teleop_joystick-8]   File "/home/j/INCSL/IICC26_ws/install/sjtu_drone_control/lib/sjtu_drone_control/teleop_joystick", line 33, in <module>
[teleop_joystick-8]     sys.exit(load_entry_point('sjtu_drone_control==0.0.0', 'console_scripts', 'teleop_joystick')())
[teleop_joystick-8]   File "/home/j/INCSL/IICC26_ws/install/sjtu_drone_control/lib/sjtu_drone_control/teleop_joystick", line 22, in importlib_load_entry_point
[teleop_joystick-8]     for entry_point in distribution(dist_name).entry_points
[teleop_joystick-8]   File "/usr/lib/python3.10/importlib/metadata/__init__.py", line 969, in distribution
[teleop_joystick-8]     return Distribution.from_name(distribution_name)
[teleop_joystick-8]   File "/usr/lib/python3.10/importlib/metadata/__init__.py", line 548, in from_name
[teleop_joystick-8]     raise PackageNotFoundError(name)
[teleop_joystick-8] importlib.metadata.PackageNotFoundError: No package metadata was found for sjtu_drone_control
[ERROR] [teleop_joystick-8]: process has died [pid 3583044, exit code 1, cmd '/home/j/INCSL/IICC26_ws/install/sjtu_drone_control/lib/sjtu_drone_control/teleop_joystick --ros-args -r __ns:=/drone'].
[gzserver-2] Gazebo multi-robot simulator, version 11.10.2
[gzserver-2] Copyright (C) 2012 Open Source Robotics Foundation.
[gzserver-2] Released under the Apache 2 License.
[gzserver-2] http://gazebosim.org
[gzserver-2] 
[apriltag_state_bridge-10] [INFO] [1773166687.006080772] [apriltag_state_bridge]: AprilTag bridge started: /drone/bottom/tags -> /landing_tag_state, use_target_id=True, target_id=0
[joint_state_publisher-4] [INFO] [1773166687.096794800] [drone.joint_state_publisher]: Waiting for robot_description to be published on the robot_description topic...
[gzserver-2] [1;33m[Wrn] [gazebo_ros_init.cpp:178] [0m[1;33m
[gzserver-2] #     # ####### ####### ###  #####  #######
[gzserver-2] ##    # #     #    #     #  #     # #
[gzserver-2] # #   # #     #    #     #  #       #
[gzserver-2] #  #  # #     #    #     #  #       #####
[gzserver-2] #   # # #     #    #     #  #       #
[gzserver-2] #    ## #     #    #     #  #     # #
[gzserver-2] #     # #######    #    ###  #####  #######
[gzserver-2] 
[gzserver-2] This version of Gazebo, now called Gazebo classic, reaches end-of-life
[gzserver-2] in January 2025. Users are highly encouraged to migrate to the new Gazebo
[gzserver-2] using our migration guides (https://gazebosim.org/docs/latest/gazebo_classic_migration?utm_source=gazebo_ros_pkgs&utm_medium=cli)
[gzserver-2] 
[gzserver-2] [0m[1;33m
[rviz2-1] [INFO] [1773166687.646609543] [rviz2]: Stereo is NOT SUPPORTED
[rviz2-1] [INFO] [1773166687.646730085] [rviz2]: OpenGl version: 4.6 (GLSL 4.6)
[rviz2-1] [INFO] [1773166687.728788485] [rviz2]: Stereo is NOT SUPPORTED
[rviz2-1] [INFO] [1773166687.821232310] [rviz2]: Stereo is NOT SUPPORTED
[gzserver-2] [1;32m[Msg] [0m[1;32mWaiting for master.[0m[1;32m
[gzserver-2] [0m[1;32m[0m[1;32m[0m[1;32m[Msg] [0m[1;32mConnected to gazebo master @ [0m[1;32mhttp://127.0.0.1:11345[0m[1;32m
[gzserver-2] [0m[1;32m[0m[1;32m[0m[1;32m[Msg] [0m[1;32mPublicized address: [0m[1;32m192.168.0.11[0m[1;32m
[gzserver-2] [0m[1;32m[0m[1;32m[0m[1;32m[Msg] [0m[1;32mLoading world file [[0m[1;32m/home/j/INCSL/IICC26_ws/install/sjtu_drone_description/share/sjtu_drone_description/worlds/landingPad.world[0m[1;32m][0m[1;32m
[gzserver-2] [0m[1;32m[0m[1;32m[0m[1;36m[Dbg] [wind_plugin.cpp:96] [0m[1;36mWindPlugin loaded: speed=[0m[1;36m0[0m[1;36m dir=[0m[1;36m0[0m[1;36m deg area=[0m[1;36m0.1[0m[1;36m coeff=[0m[1;36m1[0m[1;36m
[gzserver-2] [0m[1;33m[0m[1;33m[0m[1;31m[Err] [Sensor.cc:510] [0m[1;31mGet noise index not valid[0m[1;31m
[gzserver-2] [0m[1;31m[0m[1;31m[0m[1;31m[Err] [Sensor.cc:510] [0m[1;31mGet noise index not valid[0m[1;31m
[gzserver-2] [0m[1;31m[0m[1;31m[0m[1;31m[Err] [Sensor.cc:510] [0m[1;31mGet noise index not valid[0m[1;31m
[gzserver-2] [0m[1;31m[0m[1;31m[0m[1;31m[Err] [Sensor.cc:510] [0m[1;31mGet noise index not valid[0m[1;31m
[gzserver-2] [0m[1;31m[0m[1;31m[0m[1;31m[Err] [Sensor.cc:510] [0m[1;31mGet noise index not valid[0m[1;31m
[gzserver-2] [0m[1;31m[0m[1;31m[0m[1;31m[Err] [Sensor.cc:510] [0m[1;31mGet noise index not valid[0m[1;31m
[gzserver-2] [0m[1;31m[0m[1;31m[0mTopic [default//drone/base_footprint/down_camera/image] is not valid.
[gzserver-2] [INFO] [1773166688.251066824] [drone.collision_plugin]: Publishing contact states to [/drone/bumper_states]
[gzserver-2] Topic [default//drone/base_footprint/front_camera/image] is not valid.
[gzserver-2] [1;33m[Wrn] [Event.cc:61] [0m[1;33mWarning: Deleting a connection right after creation. [0m[1;33mMake sure to save the ConnectionPtr from a Connect call
[gzserver-2] [0m[INFO] [1773166688.812021708] [drone.camera_bottom]: Publishing camera info to [/drone/bottom/camera_info]
[gzserver-2] [INFO] [1773166688.815154215] [drone.camera_front]: Publishing camera info to [/drone/front/camera_info]
[spawn_drone-5] [INFO] [1773166688.824206181] [spawn_drone]: Result True SpawnEntity: Successfully spawned entity [/drone]
[gzserver-2] [INFO] [1773166688.937852210] [drone.simple_drone]: The drone plugin is loading!
[gzserver-2] [INFO] [1773166688.938053565] [drone.simple_drone]: pub_odom: 1
[gzserver-2] [INFO] [1773166688.938085086] [drone.simple_drone]: Using following parameters: 
[gzserver-2] 		link_name: base_footprint,
[gzserver-2] 		max_force: 30,
[gzserver-2] 		motion_small_noise: 0,
[gzserver-2] 		motion_drift_noise: 0,
[gzserver-2] 		motion_drift_noise_time: 50,
[gzserver-2] 		takeoff_hover_height: 1.8,
[gzserver-2] 		takeoff_vertical_speed: 0.2
[gzserver-2] [INFO] [1773166688.949713611] [drone.simple_drone]: Using the PID parameters: 
[gzserver-2] 	Roll Pitch:
[gzserver-2] 		kP: 10, kI: 0,kD: 5, Limit: 0.5, Time Constant: 0
[gzserver-2] 	Yaw:
[gzserver-2] 		kP: 2, kI: 0,kD: 1, Limit: 1.5, Time Constant: 0
[gzserver-2] 	Velocity X:
[gzserver-2] 		kP: 5, kI: 0,kD: 2.3, Limit: 2, Time Constant: 0
[gzserver-2] 	Velocity Y:
[gzserver-2] 		kP: 5, kI: 0,kD: 2.3, Limit: 2, Time Constant: 0
[gzserver-2] 	Velocity Z:
[gzserver-2] 		kP: 5, kI: 0,kD: 1, Limit: -1, Time Constant: 0
[gzserver-2] 	Position XY:
[gzserver-2] 		kP: 1.1, kI: 0,kD: 0, Limit: 5, Time Constant: 0
[gzserver-2] 	Position Z:
[gzserver-2] 		kP: 1, kI: 0,kD: 0.2, Limit: -1, Time Constant: 0
[gzserver-2] [INFO] [1773166688.949844483] [drone.simple_drone]: The drone plugin finished loading!
[INFO] [spawn_drone-5]: process has finished cleanly [pid 3583038]
[gzserver-2] [INFO] [1773166696.164306213] [gazebo_wind_plugin_node]: WindPlugin: set wind_speed=0.00 wind_direction=0.0
[gzserver-2] [INFO] [1773166696.440794353] [gazebo_wind_plugin_node]: WindPlugin: set wind_speed=0.00 wind_direction=0.0
[gzserver-2] [INFO] [1773166696.484089467] [drone.simple_drone]: Quadrotor takes off!!
[gzserver-2] [INFO] [1773166696.685446039] [gazebo_wind_plugin_node]: WindPlugin: set wind_speed=0.00 wind_direction=0.0
[gzserver-2] [INFO] [1773166696.920622810] [gazebo_wind_plugin_node]: WindPlugin: set wind_speed=0.00 wind_direction=0.0
[gzserver-2] [INFO] [1773166697.154602292] [gazebo_wind_plugin_node]: WindPlugin: set wind_speed=0.00 wind_direction=0.0
[gzserver-2] [INFO] [1773166697.393535238] [gazebo_wind_plugin_node]: WindPlugin: set wind_speed=0.00 wind_direction=0.0
[gzserver-2] [INFO] [1773166697.628348982] [gazebo_wind_plugin_node]: WindPlugin: set wind_speed=0.00 wind_direction=0.0
[gzserver-2] [INFO] [1773166697.864135477] [gazebo_wind_plugin_node]: WindPlugin: set wind_speed=0.00 wind_direction=0.0
[gzserver-2] [0m[1;36m[Dbg] [wind_plugin.cpp:110] [0m[1;36mWindPlugin: received command -> speed=[0m[1;36m0[0m[1;36m dir=[0m[1;36m0[0m[1;36m
[gzserver-2] [0m[1;36m[Dbg] [wind_plugin.cpp:110] [0m[1;36mWindPlugin: received command -> speed=[0m[1;36m0[0m[1;36m dir=[0m[1;36m0[0m[1;36m
[gzserver-2] [0m[1;36m[Dbg] [wind_plugin.cpp:110] [0m[1;36mWindPlugin: received command -> speed=[0m[1;36m0[0m[1;36m dir=[0m[1;36m0[0m[1;36m
[gzserver-2] [0m[1;36m[Dbg] [wind_plugin.cpp:110] [0m[1;36mWindPlugin: received command -> speed=[0m[1;36m0[0m[1;36m dir=[0m[1;36m0[0m[1;36m
[gzserver-2] [0m[1;36m[Dbg] [wind_plugin.cpp:110] [0m[1;36mWindPlugin: received command -> speed=[0m[1;36m0[0m[1;36m dir=[0m[1;36m0[0m[1;36m
[gzserver-2] [0m[1;36m[Dbg] [wind_plugin.cpp:110] [0m[1;36mWindPlugin: received command -> speed=[0m[1;36m0[0m[1;36m dir=[0m[1;36m0[0m[1;36m
[gzserver-2] [0m[1;36m[Dbg] [wind_plugin.cpp:110] [0m[1;36mWindPlugin: received command -> speed=[0m[1;36m0[0m[1;36m dir=[0m[1;36m0[0m[1;36m
[gzserver-2] [0m[1;36m[Dbg] [wind_plugin.cpp:110] [0m[1;36mWindPlugin: received command -> speed=[0m[1;36m0[0m[1;36m dir=[0m[1;36m0[0m[1;36m
[gzserver-2] [0mEntering flying model!
[gzserver-2] [INFO] [1773166698.097675019] [gazebo_wind_plugin_node]: WindPlugin: set wind_speed=0.00 wind_direction=0.0
[gzserver-2] [INFO] [1773166698.327175382] [gazebo_wind_plugin_node]: WindPlugin: set wind_speed=0.14 wind_direction=-44.4
[gzserver-2] [INFO] [1773166698.566785282] [gazebo_wind_plugin_node]: WindPlugin: set wind_speed=0.14 wind_direction=-44.4
[gzserver-2] [INFO] [1773166698.800703408] [gazebo_wind_plugin_node]: WindPlugin: set wind_speed=0.22 wind_direction=-42.8
[gzserver-2] [INFO] [1773166699.035125067] [gazebo_wind_plugin_node]: WindPlugin: set wind_speed=0.22 wind_direction=-42.8
[gzserver-2] [INFO] [1773166699.268897046] [gazebo_wind_plugin_node]: WindPlugin: set wind_speed=0.22 wind_direction=-42.8
[gzserver-2] [INFO] [1773166699.502579704] [gazebo_wind_plugin_node]: WindPlugin: set wind_speed=0.22 wind_direction=-42.8
[gzserver-2] [INFO] [1773166699.731654601] [gazebo_wind_plugin_node]: WindPlugin: set wind_speed=0.21 wind_direction=-42.4
[gzserver-2] [INFO] [1773166699.970938562] [gazebo_wind_plugin_node]: WindPlugin: set wind_speed=0.21 wind_direction=-42.4
[gzserver-2] [INFO] [1773166700.204905711] [gazebo_wind_plugin_node]: WindPlugin: set wind_speed=0.21 wind_direction=-42.4
[gzserver-2] [INFO] [1773166700.444151083] [gazebo_wind_plugin_node]: WindPlugin: set wind_speed=0.21 wind_direction=-42.4
[gzserver-2] [INFO] [1773166700.683737430] [gazebo_wind_plugin_node]: WindPlugin: set wind_speed=0.21 wind_direction=-42.7
[gzserver-2] [INFO] [1773166700.925670613] [gazebo_wind_plugin_node]: WindPlugin: set wind_speed=0.21 wind_direction=-42.7
[gzserver-2] [INFO] [1773166701.165965552] [gazebo_wind_plugin_node]: WindPlugin: set wind_speed=0.21 wind_direction=-42.7
[gzserver-2] [INFO] [1773166701.198712376] [drone.simple_drone]: Quadrotor lands!!
[gzserver-2] [INFO] [1773166701.400235420] [gazebo_wind_plugin_node]: WindPlugin: set wind_speed=0.21 wind_direction=-42.7
[gzserver-2] [INFO] [1773166701.644007569] [gazebo_wind_plugin_node]: WindPlugin: set wind_speed=0.21 wind_direction=-42.7
[gzserver-2] [INFO] [1773166701.881046034] [gazebo_wind_plugin_node]: WindPlugin: set wind_speed=0.14 wind_direction=-44.2
[gzserver-2] [INFO] [1773166702.116565940] [gazebo_wind_plugin_node]: WindPlugin: set wind_speed=0.14 wind_direction=-44.2
[gzserver-2] [1;36m[Dbg] [wind_plugin.cpp:110] [0m[1;36mWindPlugin: received command -> speed=[0m[1;36m0[0m[1;36m dir=[0m[1;36m0[0m[1;36m
[gzserver-2] [0m[1;36m[Dbg] [wind_plugin.cpp:110] [0m[1;36mWindPlugin: received command -> speed=[0m[1;36m0.139206[0m[1;36m dir=[0m[1;36m-44.4213[0m[1;36m
[gzserver-2] [0m[1;36m[Dbg] [wind_plugin.cpp:110] [0m[1;36mWindPlugin: received command -> speed=[0m[1;36m0.139206[0m[1;36m dir=[0m[1;36m-44.4213[0m[1;36m
[gzserver-2] [0m[1;36m[Dbg] [wind_plugin.cpp:110] [0m[1;36mWindPlugin: received command -> speed=[0m[1;36m0.218934[0m[1;36m dir=[0m[1;36m-42.7871[0m[1;36m
[gzserver-2] [0m[1;36m[Dbg] [wind_plugin.cpp:110] [0m[1;36mWindPlugin: received command -> speed=[0m[1;36m0.218934[0m[1;36m dir=[0m[1;36m-42.7871[0m[1;36m
[gzserver-2] [0m[1;36m[Dbg] [wind_plugin.cpp:110] [0m[1;36mWindPlugin: received command -> speed=[0m[1;36m0.218934[0m[1;36m dir=[0m[1;36m-42.7871[0m[1;36m
[gzserver-2] [0m[1;36m[Dbg] [wind_plugin.cpp:110] [0m[1;36mWindPlugin: received command -> speed=[0m[1;36m0.218934[0m[1;36m dir=[0m[1;36m-42.7871[0m[1;36m
[gzserver-2] [0m[1;36m[Dbg] [wind_plugin.cpp:110] [0m[1;36mWindPlugin: received command -> speed=[0m[1;36m0.214974[0m[1;36m dir=[0m[1;36m-42.4399[0m[1;36m
[gzserver-2] [0m[1;36m[Dbg] [wind_plugin.cpp:110] [0m[1;36mWindPlugin: received command -> speed=[0m[1;36m0.214974[0m[1;36m dir=[0m[1;36m-42.4399[0m[1;36m
[gzserver-2] [0m[1;36m[Dbg] [wind_plugin.cpp:110] [0m[1;36mWindPlugin: received command -> speed=[0m[1;36m0.214974[0m[1;36m dir=[0m[1;36m-42.4399[0m[1;36m
[gzserver-2] [0m[1;36m[Dbg] [wind_plugin.cpp:110] [0m[1;36mWindPlugin: received command -> speed=[0m[1;36m0.214974[0m[1;36m dir=[0m[1;36m-42.4399[0m[1;36m
[gzserver-2] [0m[1;36m[Dbg] [wind_plugin.cpp:110] [0m[1;36mWindPlugin: received command -> speed=[0m[1;36m0.210261[0m[1;36m dir=[0m[1;36m-42.7395[0m[1;36m
[gzserver-2] [0m[1;36m[Dbg] [wind_plugin.cpp:110] [0m[1;36mWindPlugin: received command -> speed=[0m[1;36m0.210261[0m[1;36m dir=[0m[1;36m-42.7395[0m[1;36m
[gzserver-2] [0m[1;36m[Dbg] [wind_plugin.cpp:110] [0m[1;36mWindPlugin: received command -> speed=[0m[1;36m0.210261[0m[1;36m dir=[0m[1;36m-42.7395[0m[1;36m
[gzserver-2] [0m[1;36m[Dbg] [wind_plugin.cpp:110] [0m[1;36mWindPlugin: received command -> speed=[0m[1;36m0.210261[0m[1;36m dir=[0m[1;36m-42.7395[0m[1;36m
[gzserver-2] [0m[1;36m[Dbg] [wind_plugin.cpp:110] [0m[1;36mWindPlugin: received command -> speed=[0m[1;36m0.210261[0m[1;36m dir=[0m[1;36m-42.7395[0m[1;36m
[gzserver-2] [0m[1;36m[Dbg] [wind_plugin.cpp:110] [0m[1;36mWindPlugin: received command -> speed=[0m[1;36m0.140599[0m[1;36m dir=[0m[1;36m-44.1794[0m[1;36m
[gzserver-2] [0m[1;36m[Dbg] [wind_plugin.cpp:110] [0m[1;36mWindPlugin: received command -> speed=[0m[1;36m0.140599[0m[1;36m dir=[0m[1;36m-44.1794[0m[1;36m
[gzserver-2] [0mLanded!
[gzserver-2] [INFO] [1773166702.351457682] [gazebo_wind_plugin_node]: WindPlugin: set wind_speed=0.14 wind_direction=-44.2
[gzserver-2] [INFO] [1773166702.591264594] [gazebo_wind_plugin_node]: WindPlugin: set wind_speed=0.14 wind_direction=-44.2
[gzserver-2] [INFO] [1773166702.819796675] [gazebo_wind_plugin_node]: WindPlugin: set wind_speed=0.13 wind_direction=-43.0
[gzserver-2] [INFO] [1773166703.056526187] [gazebo_wind_plugin_node]: WindPlugin: set wind_speed=0.13 wind_direction=-43.0
[gzserver-2] [INFO] [1773166703.295927051] [gazebo_wind_plugin_node]: WindPlugin: set wind_speed=0.13 wind_direction=-43.0
[gzserver-2] [INFO] [1773166703.535115389] [gazebo_wind_plugin_node]: WindPlugin: set wind_speed=0.13 wind_direction=-43.0
[gzserver-2] [INFO] [1773166703.774614289] [gazebo_wind_plugin_node]: WindPlugin: set wind_speed=0.07 wind_direction=-43.3
[gzserver-2] [INFO] [1773166704.008766426] [gazebo_wind_plugin_node]: WindPlugin: set wind_speed=0.07 wind_direction=-43.3
