[INFO] [launch]: All log files can be found below /home/j/.ros/log/2026-03-11-02-42-40-546501-j-3249479
[INFO] [launch]: Default logging verbosity is set to INFO
[INFO] [launch.user]: [bringup] Apriltag config: camera=/drone/bottom, image=/drone/bottom/image_raw, tags=/drone/bottom/tags, bridge=/landing_tag_state, standalone=true, use_target_id=true, target_id=0
[INFO] [rviz2-1]: process started with pid [3249496]
[INFO] [gzserver-2]: process started with pid [3249498]
[INFO] [robot_state_publisher-3]: process started with pid [3249500]
[INFO] [joint_state_publisher-4]: process started with pid [3249502]
[INFO] [spawn_drone-5]: process started with pid [3249504]
[INFO] [static_transform_publisher-6]: process started with pid [3249506]
[INFO] [joy_node-7]: process started with pid [3249508]
[INFO] [teleop_joystick-8]: process started with pid [3249510]
[INFO] [apriltag_detector_node-9]: process started with pid [3249512]
[INFO] [apriltag_state_bridge-10]: process started with pid [3249515]
[static_transform_publisher-6] [WARN] [1773164561.019426598] []: Old-style arguments are deprecated; see --help for new-style arguments
[static_transform_publisher-6] [INFO] [1773164561.026178494] [static_transform_publisher_pJf4iGgKGBMS15L4]: Spinning until stopped - publishing transform
[static_transform_publisher-6] translation: ('0.000000', '0.000000', '0.000000')
[static_transform_publisher-6] rotation: ('0.000000', '0.000000', '0.000000', '1.000000')
[static_transform_publisher-6] from 'world' to '/drone/odom'
[robot_state_publisher-3] [INFO] [1773164561.041229779] [drone.robot_state_publisher]: got segment base_footprint
[robot_state_publisher-3] [INFO] [1773164561.041295223] [drone.robot_state_publisher]: got segment base_link
[robot_state_publisher-3] [INFO] [1773164561.041301151] [drone.robot_state_publisher]: got segment bottom_cam_link
[robot_state_publisher-3] [INFO] [1773164561.041304239] [drone.robot_state_publisher]: got segment front_cam_link
[robot_state_publisher-3] [INFO] [1773164561.041307083] [drone.robot_state_publisher]: got segment sonar_link
[rviz2-1] 
[rviz2-1] (rviz2:3249496): dbind-WARNING **: 02:42:41.049: Couldn't connect to accessibility bus: Failed to connect to socket /root/.cache/at-spi/bus_0: 허가 거부
[apriltag_detector_node-9] [INFO] [1773164561.056521366] [apriltag_detector_node]: tag detector type: umich
[teleop_joystick-8] Traceback (most recent call last):
[teleop_joystick-8]   File "/home/j/INCSL/IICC26_ws/install/sjtu_drone_control/lib/sjtu_drone_control/teleop_joystick", line 33, in <module>
[teleop_joystick-8]     sys.exit(load_entry_point('sjtu_drone_control==0.0.0', 'console_scripts', 'teleop_joystick')())
[teleop_joystick-8]   File "/home/j/INCSL/IICC26_ws/install/sjtu_drone_control/lib/sjtu_drone_control/teleop_joystick", line 22, in importlib_load_entry_point
[teleop_joystick-8]     for entry_point in distribution(dist_name).entry_points
[teleop_joystick-8]   File "/usr/lib/python3.10/importlib/metadata/__init__.py", line 969, in distribution
[teleop_joystick-8]     return Distribution.from_name(distribution_name)
[teleop_joystick-8]   File "/usr/lib/python3.10/importlib/metadata/__init__.py", line 548, in from_name
[teleop_joystick-8]     raise PackageNotFoundError(name)
[teleop_joystick-8] importlib.metadata.PackageNotFoundError: No package metadata was found for sjtu_drone_control
[ERROR] [teleop_joystick-8]: process has died [pid 3249510, exit code 1, cmd '/home/j/INCSL/IICC26_ws/install/sjtu_drone_control/lib/sjtu_drone_control/teleop_joystick --ros-args -r __ns:=/drone'].
[gzserver-2] Gazebo multi-robot simulator, version 11.10.2
[gzserver-2] Copyright (C) 2012 Open Source Robotics Foundation.
[gzserver-2] Released under the Apache 2 License.
[gzserver-2] http://gazebosim.org
[gzserver-2] 
[apriltag_state_bridge-10] [INFO] [1773164561.274846229] [apriltag_state_bridge]: AprilTag bridge started: /drone/bottom/tags -> /landing_tag_state, use_target_id=True, target_id=0
[joint_state_publisher-4] [INFO] [1773164561.283545029] [drone.joint_state_publisher]: Waiting for robot_description to be published on the robot_description topic...
[gzserver-2] [1;33m[Wrn] [gazebo_ros_init.cpp:178] [0m[1;33m
[gzserver-2] #     # ####### ####### ###  #####  #######
[gzserver-2] ##    # #     #    #     #  #     # #
[gzserver-2] # #   # #     #    #     #  #       #
[gzserver-2] #  #  # #     #    #     #  #       #####
[gzserver-2] #   # # #     #    #     #  #       #
[gzserver-2] #    ## #     #    #     #  #     # #
[gzserver-2] #     # #######    #    ###  #####  #######
[gzserver-2] 
[gzserver-2] This version of Gazebo, now called Gazebo classic, reaches end-of-life
[gzserver-2] in January 2025. Users are highly encouraged to migrate to the new Gazebo
[gzserver-2] using our migration guides (https://gazebosim.org/docs/latest/gazebo_classic_migration?utm_source=gazebo_ros_pkgs&utm_medium=cli)
[gzserver-2] 
[gzserver-2] [0m[1;33m
[rviz2-1] [INFO] [1773164561.862357912] [rviz2]: Stereo is NOT SUPPORTED
[rviz2-1] [INFO] [1773164561.862448171] [rviz2]: OpenGl version: 4.6 (GLSL 4.6)
[rviz2-1] [INFO] [1773164561.965902637] [rviz2]: Stereo is NOT SUPPORTED
[rviz2-1] [INFO] [1773164562.044839415] [rviz2]: Stereo is NOT SUPPORTED
[spawn_drone-5] [INFO] [1773164562.465298651] [spawn_drone]: Result False Entity pushed to spawn queue, but spawn service timed outwaiting for entity to appear in simulation under the name [/drone]
[gzserver-2] [1;32m[Msg] [0m[1;32mWaiting for master.[0m[1;32m
[gzserver-2] [0m[1;32m[0m[1;32m[0m[1;32m[Msg] [0m[1;32mConnected to gazebo master @ [0m[1;32mhttp://127.0.0.1:11345[0m[1;32m
[gzserver-2] [0m[1;32m[0m[1;32m[0m[1;32m[Msg] [0m[1;32mPublicized address: [0m[1;32m192.168.0.11[0m[1;32m
[gzserver-2] [0m[1;32m[0m[1;32m[0m[1;32m[Msg] [0m[1;32mLoading world file [[0m[1;32m/home/j/INCSL/IICC26_ws/install/sjtu_drone_description/share/sjtu_drone_description/worlds/landingPad.world[0m[1;32m][0m[1;32m
[gzserver-2] [0m[1;32m[0m[1;32m[0m[1;36m[Dbg] [wind_plugin.cpp:96] [0m[1;36mWindPlugin loaded: speed=[0m[1;36m0[0m[1;36m dir=[0m[1;36m0[0m[1;36m deg area=[0m[1;36m0.1[0m[1;36m coeff=[0m[1;36m1[0m[1;36m
[gzserver-2] [0m[1;33m[0m[1;33m[0m[1;31m[Err] [Sensor.cc:510] [0m[1;31mGet noise index not valid[0m[1;31m
[gzserver-2] [0m[1;31m[0m[1;31m[0m[1;31m[Err] [Sensor.cc:510] [0m[1;31mGet noise index not valid[0m[1;31m
[gzserver-2] [0m[1;31m[0m[1;31m[0m[1;31m[Err] [Sensor.cc:510] [0m[1;31mGet noise index not valid[0m[1;31m
[gzserver-2] [0m[1;31m[0m[1;31m[0m[1;31m[Err] [Sensor.cc:510] [0m[1;31mGet noise index not valid[0m[1;31m
[gzserver-2] [0m[1;31m[0m[1;31m[0m[1;31m[Err] [Sensor.cc:510] [0m[1;31mGet noise index not valid[0m[1;31m
[gzserver-2] [0m[1;31m[0m[1;31m[0m[1;31m[Err] [Sensor.cc:510] [0m[1;31mGet noise index not valid[0m[1;31m
[gzserver-2] [0m[1;31m[0m[1;31m[0mTopic [default//drone/base_footprint/down_camera/image] is not valid.
[gzserver-2] [INFO] [1773164562.496195612] [drone.collision_plugin]: Publishing contact states to [/drone/bumper_states]
[gzserver-2] Topic [default//drone/base_footprint/front_camera/image] is not valid.
[gzserver-2] [1;33m[Wrn] [Event.cc:61] [0m[1;33mWarning: Deleting a connection right after creation. [0m[1;33mMake sure to save the ConnectionPtr from a Connect call
[INFO] [spawn_drone-5]: process has finished cleanly [pid 3249504]
[gzserver-2] [0m[INFO] [1773164563.079426805] [drone.camera_bottom]: Publishing camera info to [/drone/bottom/camera_info]
[gzserver-2] [INFO] [1773164563.083770900] [drone.camera_front]: Publishing camera info to [/drone/front/camera_info]
[gzserver-2] [INFO] [1773164563.205944635] [drone.simple_drone]: The drone plugin is loading!
[gzserver-2] [INFO] [1773164563.206159316] [drone.simple_drone]: pub_odom: 1
[gzserver-2] [INFO] [1773164563.206193993] [drone.simple_drone]: Using following parameters: 
[gzserver-2] 		link_name: base_footprint,
[gzserver-2] 		max_force: 30,
[gzserver-2] 		motion_small_noise: 0,
[gzserver-2] 		motion_drift_noise: 0,
[gzserver-2] 		motion_drift_noise_time: 50,
[gzserver-2] 		takeoff_hover_height: 1.54,
[gzserver-2] 		takeoff_vertical_speed: 0.2
[gzserver-2] [INFO] [1773164563.218019513] [drone.simple_drone]: Using the PID parameters: 
[gzserver-2] 	Roll Pitch:
[gzserver-2] 		kP: 10, kI: 0,kD: 5, Limit: 0.5, Time Constant: 0
[gzserver-2] 	Yaw:
[gzserver-2] 		kP: 2, kI: 0,kD: 1, Limit: 1.5, Time Constant: 0
[gzserver-2] 	Velocity X:
[gzserver-2] 		kP: 5, kI: 0,kD: 2.3, Limit: 2, Time Constant: 0
[gzserver-2] 	Velocity Y:
[gzserver-2] 		kP: 5, kI: 0,kD: 2.3, Limit: 2, Time Constant: 0
[gzserver-2] 	Velocity Z:
[gzserver-2] 		kP: 5, kI: 0,kD: 1, Limit: -1, Time Constant: 0
[gzserver-2] 	Position XY:
[gzserver-2] 		kP: 1.1, kI: 0,kD: 0, Limit: 5, Time Constant: 0
[gzserver-2] 	Position Z:
[gzserver-2] 		kP: 1, kI: 0,kD: 0.2, Limit: -1, Time Constant: 0
[gzserver-2] [INFO] [1773164563.218168803] [drone.simple_drone]: The drone plugin finished loading!
[gzserver-2] [INFO] [1773164570.389253740] [gazebo_wind_plugin_node]: WindPlugin: set wind_speed=0.00 wind_direction=0.0
[gzserver-2] [INFO] [1773164570.655756303] [gazebo_wind_plugin_node]: WindPlugin: set wind_speed=0.00 wind_direction=0.0
[gzserver-2] [INFO] [1773164570.689205937] [drone.simple_drone]: Quadrotor takes off!!
[gzserver-2] [INFO] [1773164570.890009007] [gazebo_wind_plugin_node]: WindPlugin: set wind_speed=0.00 wind_direction=0.0
[gzserver-2] [INFO] [1773164571.129395032] [gazebo_wind_plugin_node]: WindPlugin: set wind_speed=0.00 wind_direction=0.0
[gzserver-2] [INFO] [1773164571.367033055] [gazebo_wind_plugin_node]: WindPlugin: set wind_speed=0.00 wind_direction=0.0
[gzserver-2] [INFO] [1773164571.597566341] [gazebo_wind_plugin_node]: WindPlugin: set wind_speed=0.00 wind_direction=0.0
[gzserver-2] [INFO] [1773164571.837316685] [gazebo_wind_plugin_node]: WindPlugin: set wind_speed=0.00 wind_direction=0.0
[gzserver-2] [0m[1;36m[Dbg] [wind_plugin.cpp:110] [0m[1;36mWindPlugin: received command -> speed=[0m[1;36m0[0m[1;36m dir=[0m[1;36m0[0m[1;36m
[gzserver-2] [0m[1;36m[Dbg] [wind_plugin.cpp:110] [0m[1;36mWindPlugin: received command -> speed=[0m[1;36m0[0m[1;36m dir=[0m[1;36m0[0m[1;36m
[gzserver-2] [0m[1;36m[Dbg] [wind_plugin.cpp:110] [0m[1;36mWindPlugin: received command -> speed=[0m[1;36m0[0m[1;36m dir=[0m[1;36m0[0m[1;36m
[gzserver-2] [0m[1;36m[Dbg] [wind_plugin.cpp:110] [0m[1;36mWindPlugin: received command -> speed=[0m[1;36m0[0m[1;36m dir=[0m[1;36m0[0m[1;36m
[gzserver-2] [0m[1;36m[Dbg] [wind_plugin.cpp:110] [0m[1;36mWindPlugin: received command -> speed=[0m[1;36m0[0m[1;36m dir=[0m[1;36m0[0m[1;36m
[gzserver-2] [0m[1;36m[Dbg] [wind_plugin.cpp:110] [0m[1;36mWindPlugin: received command -> speed=[0m[1;36m0[0m[1;36m dir=[0m[1;36m0[0m[1;36m
[gzserver-2] [0m[1;36m[Dbg] [wind_plugin.cpp:110] [0m[1;36mWindPlugin: received command -> speed=[0m[1;36m0[0m[1;36m dir=[0m[1;36m0[0m[1;36m
[gzserver-2] [0mEntering flying model!
[gzserver-2] [INFO] [1773164572.076833231] [gazebo_wind_plugin_node]: WindPlugin: set wind_speed=0.00 wind_direction=0.0
[gzserver-2] [INFO] [1773164572.316724154] [gazebo_wind_plugin_node]: WindPlugin: set wind_speed=0.60 wind_direction=32.0
[gzserver-2] [INFO] [1773164572.551110422] [gazebo_wind_plugin_node]: WindPlugin: set wind_speed=0.60 wind_direction=32.0
[gzserver-2] [INFO] [1773164572.785758087] [gazebo_wind_plugin_node]: WindPlugin: set wind_speed=0.60 wind_direction=32.0
[gzserver-2] [INFO] [1773164573.025466748] [gazebo_wind_plugin_node]: WindPlugin: set wind_speed=0.68 wind_direction=35.5
[gzserver-2] [INFO] [1773164573.265204668] [gazebo_wind_plugin_node]: WindPlugin: set wind_speed=0.68 wind_direction=35.5
[gzserver-2] [INFO] [1773164573.504817004] [gazebo_wind_plugin_node]: WindPlugin: set wind_speed=0.68 wind_direction=35.5
[gzserver-2] [INFO] [1773164573.738760802] [gazebo_wind_plugin_node]: WindPlugin: set wind_speed=0.68 wind_direction=35.5
[gzserver-2] [INFO] [1773164573.977854845] [gazebo_wind_plugin_node]: WindPlugin: set wind_speed=0.68 wind_direction=35.5
[gzserver-2] [INFO] [1773164574.213523802] [gazebo_wind_plugin_node]: WindPlugin: set wind_speed=0.68 wind_direction=35.5
[gzserver-2] [INFO] [1773164574.449149975] [gazebo_wind_plugin_node]: WindPlugin: set wind_speed=0.68 wind_direction=35.5
[gzserver-2] [INFO] [1773164574.682815330] [gazebo_wind_plugin_node]: WindPlugin: set wind_speed=0.68 wind_direction=35.5
[gzserver-2] [INFO] [1773164574.922389211] [gazebo_wind_plugin_node]: WindPlugin: set wind_speed=0.65 wind_direction=36.3
[gzserver-2] [INFO] [1773164575.161462054] [gazebo_wind_plugin_node]: WindPlugin: set wind_speed=0.65 wind_direction=36.3
[gzserver-2] [INFO] [1773164575.401196981] [gazebo_wind_plugin_node]: WindPlugin: set wind_speed=0.65 wind_direction=36.3
[gzserver-2] [INFO] [1773164575.641527858] [gazebo_wind_plugin_node]: WindPlugin: set wind_speed=0.65 wind_direction=36.3
[gzserver-2] [INFO] [1773164575.881226724] [gazebo_wind_plugin_node]: WindPlugin: set wind_speed=0.65 wind_direction=36.3
[gzserver-2] [INFO] [1773164576.120634873] [gazebo_wind_plugin_node]: WindPlugin: set wind_speed=0.66 wind_direction=35.3
[gzserver-2] [INFO] [1773164576.355077712] [gazebo_wind_plugin_node]: WindPlugin: set wind_speed=0.66 wind_direction=35.3
[gzserver-2] [INFO] [1773164576.589014389] [gazebo_wind_plugin_node]: WindPlugin: set wind_speed=0.66 wind_direction=35.3
[gzserver-2] [INFO] [1773164576.830117611] [gazebo_wind_plugin_node]: WindPlugin: set wind_speed=0.66 wind_direction=35.3
[gzserver-2] [INFO] [1773164577.064407552] [gazebo_wind_plugin_node]: WindPlugin: set wind_speed=0.64 wind_direction=36.4
[gzserver-2] [INFO] [1773164577.303766771] [gazebo_wind_plugin_node]: WindPlugin: set wind_speed=0.64 wind_direction=36.4
[gzserver-2] [INFO] [1773164577.341386625] [drone.simple_drone]: Quadrotor lands!!
[gzserver-2] [INFO] [1773164577.542912490] [gazebo_wind_plugin_node]: WindPlugin: set wind_speed=0.64 wind_direction=36.4
[gzserver-2] [INFO] [1773164577.782973624] [gazebo_wind_plugin_node]: WindPlugin: set wind_speed=0.64 wind_direction=36.4
[gzserver-2] [INFO] [1773164578.011858818] [gazebo_wind_plugin_node]: WindPlugin: set wind_speed=0.66 wind_direction=34.5
[gzserver-2] [INFO] [1773164578.246326389] [gazebo_wind_plugin_node]: WindPlugin: set wind_speed=0.66 wind_direction=34.5
[gzserver-2] [1;36m[Dbg] [wind_plugin.cpp:110] [0m[1;36mWindPlugin: received command -> speed=[0m[1;36m0[0m[1;36m dir=[0m[1;36m0[0m[1;36m
[gzserver-2] [0m[1;36m[Dbg] [wind_plugin.cpp:110] [0m[1;36mWindPlugin: received command -> speed=[0m[1;36m0.598822[0m[1;36m dir=[0m[1;36m31.9899[0m[1;36m
[gzserver-2] [0m[1;36m[Dbg] [wind_plugin.cpp:110] [0m[1;36mWindPlugin: received command -> speed=[0m[1;36m0.598822[0m[1;36m dir=[0m[1;36m31.9899[0m[1;36m
[gzserver-2] [0m[1;36m[Dbg] [wind_plugin.cpp:110] [0m[1;36mWindPlugin: received command -> speed=[0m[1;36m0.598822[0m[1;36m dir=[0m[1;36m31.9899[0m[1;36m
[gzserver-2] [0m[1;36m[Dbg] [wind_plugin.cpp:110] [0m[1;36mWindPlugin: received command -> speed=[0m[1;36m0.681922[0m[1;36m dir=[0m[1;36m35.461[0m[1;36m
[gzserver-2] [0m[1;36m[Dbg] [wind_plugin.cpp:110] [0m[1;36mWindPlugin: received command -> speed=[0m[1;36m0.681922[0m[1;36m dir=[0m[1;36m35.461[0m[1;36m
[gzserver-2] [0m[1;36m[Dbg] [wind_plugin.cpp:110] [0m[1;36mWindPlugin: received command -> speed=[0m[1;36m0.681922[0m[1;36m dir=[0m[1;36m35.461[0m[1;36m
[gzserver-2] [0m[1;36m[Dbg] [wind_plugin.cpp:110] [0m[1;36mWindPlugin: received command -> speed=[0m[1;36m0.681922[0m[1;36m dir=[0m[1;36m35.461[0m[1;36m
[gzserver-2] [0m[1;36m[Dbg] [wind_plugin.cpp:110] [0m[1;36mWindPlugin: received command -> speed=[0m[1;36m0.679341[0m[1;36m dir=[0m[1;36m35.526[0m[1;36m
[gzserver-2] [0m[1;36m[Dbg] [wind_plugin.cpp:110] [0m[1;36mWindPlugin: received command -> speed=[0m[1;36m0.679341[0m[1;36m dir=[0m[1;36m35.526[0m[1;36m
[gzserver-2] [0m[1;36m[Dbg] [wind_plugin.cpp:110] [0m[1;36mWindPlugin: received command -> speed=[0m[1;36m0.679341[0m[1;36m dir=[0m[1;36m35.526[0m[1;36m
[gzserver-2] [0m[1;36m[Dbg] [wind_plugin.cpp:110] [0m[1;36mWindPlugin: received command -> speed=[0m[1;36m0.679341[0m[1;36m dir=[0m[1;36m35.526[0m[1;36m
[gzserver-2] [0m[1;36m[Dbg] [wind_plugin.cpp:110] [0m[1;36mWindPlugin: received command -> speed=[0m[1;36m0.646043[0m[1;36m dir=[0m[1;36m36.3278[0m[1;36m
[gzserver-2] [0m[1;36m[Dbg] [wind_plugin.cpp:110] [0m[1;36mWindPlugin: received command -> speed=[0m[1;36m0.646043[0m[1;36m dir=[0m[1;36m36.3278[0m[1;36m
[gzserver-2] [0m[1;36m[Dbg] [wind_plugin.cpp:110] [0m[1;36mWindPlugin: received command -> speed=[0m[1;36m0.646043[0m[1;36m dir=[0m[1;36m36.3278[0m[1;36m
[gzserver-2] [0m[1;36m[Dbg] [wind_plugin.cpp:110] [0m[1;36mWindPlugin: received command -> speed=[0m[1;36m0.646043[0m[1;36m dir=[0m[1;36m36.3278[0m[1;36m
[gzserver-2] [0m[1;36m[Dbg] [wind_plugin.cpp:110] [0m[1;36mWindPlugin: received command -> speed=[0m[1;36m0.646043[0m[1;36m dir=[0m[1;36m36.3278[0m[1;36m
[gzserver-2] [0m[1;36m[Dbg] [wind_plugin.cpp:110] [0m[1;36mWindPlugin: received command -> speed=[0m[1;36m0.656902[0m[1;36m dir=[0m[1;36m35.2601[0m[1;36m
[gzserver-2] [0m[1;36m[Dbg] [wind_plugin.cpp:110] [0m[1;36mWindPlugin: received command -> speed=[0m[1;36m0.656902[0m[1;36m dir=[0m[1;36m35.2601[0m[1;36m
[gzserver-2] [0m[1;36m[Dbg] [wind_plugin.cpp:110] [0m[1;36mWindPlugin: received command -> speed=[0m[1;36m0.656902[0m[1;36m dir=[0m[1;36m35.2601[0m[1;36m
[gzserver-2] [0m[1;36m[Dbg] [wind_plugin.cpp:110] [0m[1;36mWindPlugin: received command -> speed=[0m[1;36m0.656902[0m[1;36m dir=[0m[1;36m35.2601[0m[1;36m
[gzserver-2] [0m[1;36m[Dbg] [wind_plugin.cpp:110] [0m[1;36mWindPlugin: received command -> speed=[0m[1;36m0.635843[0m[1;36m dir=[0m[1;36m36.4316[0m[1;36m
[gzserver-2] [0m[1;36m[Dbg] [wind_plugin.cpp:110] [0m[1;36mWindPlugin: received command -> speed=[0m[1;36m0.635843[0m[1;36m dir=[0m[1;36m36.4316[0m[1;36m
[gzserver-2] [0m[1;36m[Dbg] [wind_plugin.cpp:110] [0m[1;36mWindPlugin: received command -> speed=[0m[1;36m0.635843[0m[1;36m dir=[0m[1;36m36.4316[0m[1;36m
[gzserver-2] [0m[1;36m[Dbg] [wind_plugin.cpp:110] [0m[1;36mWindPlugin: received command -> speed=[0m[1;36m0.635843[0m[1;36m dir=[0m[1;36m36.4316[0m[1;36m
[gzserver-2] [0m[1;36m[Dbg] [wind_plugin.cpp:110] [0m[1;36mWindPlugin: received command -> speed=[0m[1;36m0.660268[0m[1;36m dir=[0m[1;36m34.5241[0m[1;36m
[gzserver-2] [0m[1;36m[Dbg] [wind_plugin.cpp:110] [0m[1;36mWindPlugin: received command -> speed=[0m[1;36m0.660268[0m[1;36m dir=[0m[1;36m34.5241[0m[1;36m
[gzserver-2] [0mLanded!
[gzserver-2] [INFO] [1773164578.485987439] [gazebo_wind_plugin_node]: WindPlugin: set wind_speed=0.66 wind_direction=34.5
[gzserver-2] [INFO] [1773164578.725956446] [gazebo_wind_plugin_node]: WindPlugin: set wind_speed=0.66 wind_direction=34.5
[gzserver-2] [INFO] [1773164578.967695576] [gazebo_wind_plugin_node]: WindPlugin: set wind_speed=0.53 wind_direction=35.2
[gzserver-2] [INFO] [1773164579.201670293] [gazebo_wind_plugin_node]: WindPlugin: set wind_speed=0.53 wind_direction=35.2
[gzserver-2] [INFO] [1773164579.442308081] [gazebo_wind_plugin_node]: WindPlugin: set wind_speed=0.53 wind_direction=35.2
[gzserver-2] [INFO] [1773164579.681356109] [gazebo_wind_plugin_node]: WindPlugin: set wind_speed=0.53 wind_direction=35.2
[gzserver-2] [INFO] [1773164579.921391631] [gazebo_wind_plugin_node]: WindPlugin: set wind_speed=0.80 wind_direction=38.1
[gzserver-2] [INFO] [1773164580.161545746] [gazebo_wind_plugin_node]: WindPlugin: set wind_speed=0.80 wind_direction=38.1
