[INFO] [launch]: All log files can be found below /home/j/.ros/log/2026-03-11-04-40-20-541753-j-175075
[INFO] [launch]: Default logging verbosity is set to INFO
[INFO] [launch.user]: [bringup] Apriltag config: camera=/drone/bottom, image=/drone/bottom/image_raw, tags=/drone/bottom/tags, bridge=/landing_tag_state, standalone=true, use_target_id=true, target_id=0
[INFO] [rviz2-1]: process started with pid [175078]
[INFO] [gzserver-2]: process started with pid [175080]
[INFO] [robot_state_publisher-3]: process started with pid [175082]
[INFO] [joint_state_publisher-4]: process started with pid [175084]
[INFO] [spawn_drone-5]: process started with pid [175086]
[INFO] [static_transform_publisher-6]: process started with pid [175088]
[INFO] [joy_node-7]: process started with pid [175090]
[INFO] [teleop_joystick-8]: process started with pid [175092]
[INFO] [apriltag_detector_node-9]: process started with pid [175095]
[INFO] [apriltag_state_bridge-10]: process started with pid [175097]
[static_transform_publisher-6] [WARN] [1773171621.020236021] []: Old-style arguments are deprecated; see --help for new-style arguments
[static_transform_publisher-6] [INFO] [1773171621.028217076] [static_transform_publisher_0aJooI1LjZybWJdQ]: Spinning until stopped - publishing transform
[static_transform_publisher-6] translation: ('0.000000', '0.000000', '0.000000')
[static_transform_publisher-6] rotation: ('0.000000', '0.000000', '0.000000', '1.000000')
[static_transform_publisher-6] from 'world' to '/drone/odom'
[robot_state_publisher-3] [INFO] [1773171621.053189074] [drone.robot_state_publisher]: got segment base_footprint
[robot_state_publisher-3] [INFO] [1773171621.053285366] [drone.robot_state_publisher]: got segment base_link
[robot_state_publisher-3] [INFO] [1773171621.053298011] [drone.robot_state_publisher]: got segment bottom_cam_link
[robot_state_publisher-3] [INFO] [1773171621.053306457] [drone.robot_state_publisher]: got segment front_cam_link
[robot_state_publisher-3] [INFO] [1773171621.053313775] [drone.robot_state_publisher]: got segment sonar_link
[rviz2-1] 
[rviz2-1] (rviz2:175078): dbind-WARNING **: 04:40:21.056: Couldn't connect to accessibility bus: Failed to connect to socket /root/.cache/at-spi/bus_0: 허가 거부
[apriltag_detector_node-9] [INFO] [1773171621.060501536] [apriltag_detector_node]: tag detector type: umich
[teleop_joystick-8] Traceback (most recent call last):
[teleop_joystick-8]   File "/home/j/INCSL/IICC26_ws/install/sjtu_drone_control/lib/sjtu_drone_control/teleop_joystick", line 33, in <module>
[teleop_joystick-8]     sys.exit(load_entry_point('sjtu_drone_control==0.0.0', 'console_scripts', 'teleop_joystick')())
[teleop_joystick-8]   File "/home/j/INCSL/IICC26_ws/install/sjtu_drone_control/lib/sjtu_drone_control/teleop_joystick", line 22, in importlib_load_entry_point
[teleop_joystick-8]     for entry_point in distribution(dist_name).entry_points
[teleop_joystick-8]   File "/usr/lib/python3.10/importlib/metadata/__init__.py", line 969, in distribution
[teleop_joystick-8]     return Distribution.from_name(distribution_name)
[teleop_joystick-8]   File "/usr/lib/python3.10/importlib/metadata/__init__.py", line 548, in from_name
[teleop_joystick-8]     raise PackageNotFoundError(name)
[teleop_joystick-8] importlib.metadata.PackageNotFoundError: No package metadata was found for sjtu_drone_control
[ERROR] [teleop_joystick-8]: process has died [pid 175092, exit code 1, cmd '/home/j/INCSL/IICC26_ws/install/sjtu_drone_control/lib/sjtu_drone_control/teleop_joystick --ros-args -r __ns:=/drone'].
[gzserver-2] Gazebo multi-robot simulator, version 11.10.2
[gzserver-2] Copyright (C) 2012 Open Source Robotics Foundation.
[gzserver-2] Released under the Apache 2 License.
[gzserver-2] http://gazebosim.org
[gzserver-2] 
[apriltag_state_bridge-10] [INFO] [1773171621.292468378] [apriltag_state_bridge]: AprilTag bridge started: /drone/bottom/tags -> /landing_tag_state, use_target_id=True, target_id=0
[joint_state_publisher-4] [INFO] [1773171621.320521332] [drone.joint_state_publisher]: Waiting for robot_description to be published on the robot_description topic...
[gzserver-2] [1;33m[Wrn] [gazebo_ros_init.cpp:178] [0m[1;33m
[gzserver-2] #     # ####### ####### ###  #####  #######
[gzserver-2] ##    # #     #    #     #  #     # #
[gzserver-2] # #   # #     #    #     #  #       #
[gzserver-2] #  #  # #     #    #     #  #       #####
[gzserver-2] #   # # #     #    #     #  #       #
[gzserver-2] #    ## #     #    #     #  #     # #
[gzserver-2] #     # #######    #    ###  #####  #######
[gzserver-2] 
[gzserver-2] This version of Gazebo, now called Gazebo classic, reaches end-of-life
[gzserver-2] in January 2025. Users are highly encouraged to migrate to the new Gazebo
[gzserver-2] using our migration guides (https://gazebosim.org/docs/latest/gazebo_classic_migration?utm_source=gazebo_ros_pkgs&utm_medium=cli)
[gzserver-2] 
[gzserver-2] [0m[1;33m
[rviz2-1] [INFO] [1773171621.688998640] [rviz2]: Stereo is NOT SUPPORTED
[rviz2-1] [INFO] [1773171621.689091136] [rviz2]: OpenGl version: 4.6 (GLSL 4.6)
[rviz2-1] [INFO] [1773171621.803772047] [rviz2]: Stereo is NOT SUPPORTED
[rviz2-1] [INFO] [1773171621.898321000] [rviz2]: Stereo is NOT SUPPORTED
[gzserver-2] [1;32m[Msg] [0m[1;32mWaiting for master.[0m[1;32m
[gzserver-2] [0m[1;32m[0m[1;32m[0m[1;32m[Msg] [0m[1;32mConnected to gazebo master @ [0m[1;32mhttp://127.0.0.1:11345[0m[1;32m
[gzserver-2] [0m[1;32m[0m[1;32m[0m[1;32m[Msg] [0m[1;32mPublicized address: [0m[1;32m192.168.0.11[0m[1;32m
[gzserver-2] [0m[1;32m[0m[1;32m[0m[1;32m[Msg] [0m[1;32mLoading world file [[0m[1;32m/home/j/INCSL/IICC26_ws/install/sjtu_drone_description/share/sjtu_drone_description/worlds/landingPad.world[0m[1;32m][0m[1;32m
[gzserver-2] [0m[1;32m[0m[1;32m[0m[1;36m[Dbg] [wind_plugin.cpp:96] [0m[1;36mWindPlugin loaded: speed=[0m[1;36m0[0m[1;36m dir=[0m[1;36m0[0m[1;36m deg area=[0m[1;36m0.1[0m[1;36m coeff=[0m[1;36m1[0m[1;36m
[gzserver-2] [0m[1;33m[0m[1;33m[0m[1;31m[Err] [Sensor.cc:510] [0m[1;31mGet noise index not valid[0m[1;31m
[gzserver-2] [0m[1;31m[0m[1;31m[0m[1;31m[Err] [Sensor.cc:510] [0m[1;31mGet noise index not valid[0m[1;31m
[gzserver-2] [0m[1;31m[0m[1;31m[0m[1;31m[Err] [Sensor.cc:510] [0m[1;31mGet noise index not valid[0m[1;31m
[gzserver-2] [0m[1;31m[0m[1;31m[0m[1;31m[Err] [Sensor.cc:510] [0m[1;31mGet noise index not valid[0m[1;31m
[gzserver-2] [0m[1;31m[0m[1;31m[0m[1;31m[Err] [Sensor.cc:510] [0m[1;31mGet noise index not valid[0m[1;31m
[gzserver-2] [0m[1;31m[0m[1;31m[0m[1;31m[Err] [Sensor.cc:510] [0m[1;31mGet noise index not valid[0m[1;31m
[gzserver-2] [0m[1;31m[0m[1;31m[0mTopic [default//drone/base_footprint/down_camera/image] is not valid.
[gzserver-2] [INFO] [1773171622.448765303] [drone.collision_plugin]: Publishing contact states to [/drone/bumper_states]
[gzserver-2] Topic [default//drone/base_footprint/front_camera/image] is not valid.
[gzserver-2] [1;33m[Wrn] [Event.cc:61] [0m[1;33mWarning: Deleting a connection right after creation. [0m[1;33mMake sure to save the ConnectionPtr from a Connect call
[gzserver-2] [0m[INFO] [1773171623.008248598] [drone.camera_bottom]: Publishing camera info to [/drone/bottom/camera_info]
[gzserver-2] [INFO] [1773171623.011469692] [drone.camera_front]: Publishing camera info to [/drone/front/camera_info]
[spawn_drone-5] [INFO] [1773171623.020644695] [spawn_drone]: Result True SpawnEntity: Successfully spawned entity [/drone]
[gzserver-2] [INFO] [1773171623.133163862] [drone.simple_drone]: The drone plugin is loading!
[gzserver-2] [INFO] [1773171623.133369831] [drone.simple_drone]: pub_odom: 1
[gzserver-2] [INFO] [1773171623.133408221] [drone.simple_drone]: Using following parameters: 
[gzserver-2] 		link_name: base_footprint,
[gzserver-2] 		max_force: 30,
[gzserver-2] 		motion_small_noise: 0,
[gzserver-2] 		motion_drift_noise: 0,
[gzserver-2] 		motion_drift_noise_time: 50,
[gzserver-2] 		takeoff_hover_height: 1.62,
[gzserver-2] 		takeoff_vertical_speed: 0.2
[gzserver-2] [INFO] [1773171623.145047633] [drone.simple_drone]: Using the PID parameters: 
[gzserver-2] 	Roll Pitch:
[gzserver-2] 		kP: 10, kI: 0,kD: 5, Limit: 0.5, Time Constant: 0
[gzserver-2] 	Yaw:
[gzserver-2] 		kP: 2, kI: 0,kD: 1, Limit: 1.5, Time Constant: 0
[gzserver-2] 	Velocity X:
[gzserver-2] 		kP: 5, kI: 0,kD: 2.3, Limit: 2, Time Constant: 0
[gzserver-2] 	Velocity Y:
[gzserver-2] 		kP: 5, kI: 0,kD: 2.3, Limit: 2, Time Constant: 0
[gzserver-2] 	Velocity Z:
[gzserver-2] 		kP: 5, kI: 0,kD: 1, Limit: -1, Time Constant: 0
[gzserver-2] 	Position XY:
[gzserver-2] 		kP: 1.1, kI: 0,kD: 0, Limit: 5, Time Constant: 0
[gzserver-2] 	Position Z:
[gzserver-2] 		kP: 1, kI: 0,kD: 0.2, Limit: -1, Time Constant: 0
[gzserver-2] [INFO] [1773171623.145172828] [drone.simple_drone]: The drone plugin finished loading!
[INFO] [spawn_drone-5]: process has finished cleanly [pid 175086]
[gzserver-2] [INFO] [1773171630.380713057] [gazebo_wind_plugin_node]: WindPlugin: set wind_speed=0.00 wind_direction=0.0
[gzserver-2] [INFO] [1773171630.648681298] [gazebo_wind_plugin_node]: WindPlugin: set wind_speed=0.00 wind_direction=0.0
[gzserver-2] [INFO] [1773171630.687258778] [drone.simple_drone]: Quadrotor takes off!!
[gzserver-2] [INFO] [1773171630.887972699] [gazebo_wind_plugin_node]: WindPlugin: set wind_speed=0.00 wind_direction=0.0
[gzserver-2] [INFO] [1773171631.127055205] [gazebo_wind_plugin_node]: WindPlugin: set wind_speed=0.00 wind_direction=0.0
[gzserver-2] [INFO] [1773171631.366458498] [gazebo_wind_plugin_node]: WindPlugin: set wind_speed=0.00 wind_direction=0.0
[gzserver-2] [INFO] [1773171631.605803027] [gazebo_wind_plugin_node]: WindPlugin: set wind_speed=0.00 wind_direction=0.0
[gzserver-2] [INFO] [1773171631.845266700] [gazebo_wind_plugin_node]: WindPlugin: set wind_speed=0.00 wind_direction=0.0
[gzserver-2] [0m[1;36m[Dbg] [wind_plugin.cpp:110] [0m[1;36mWindPlugin: received command -> speed=[0m[1;36m0[0m[1;36m dir=[0m[1;36m0[0m[1;36m
[gzserver-2] [0m[1;36m[Dbg] [wind_plugin.cpp:110] [0m[1;36mWindPlugin: received command -> speed=[0m[1;36m0[0m[1;36m dir=[0m[1;36m0[0m[1;36m
[gzserver-2] [0m[1;36m[Dbg] [wind_plugin.cpp:110] [0m[1;36mWindPlugin: received command -> speed=[0m[1;36m0[0m[1;36m dir=[0m[1;36m0[0m[1;36m
[gzserver-2] [0m[1;36m[Dbg] [wind_plugin.cpp:110] [0m[1;36mWindPlugin: received command -> speed=[0m[1;36m0[0m[1;36m dir=[0m[1;36m0[0m[1;36m
[gzserver-2] [0m[1;36m[Dbg] [wind_plugin.cpp:110] [0m[1;36mWindPlugin: received command -> speed=[0m[1;36m0[0m[1;36m dir=[0m[1;36m0[0m[1;36m
[gzserver-2] [0m[1;36m[Dbg] [wind_plugin.cpp:110] [0m[1;36mWindPlugin: received command -> speed=[0m[1;36m0[0m[1;36m dir=[0m[1;36m0[0m[1;36m
[gzserver-2] [0m[1;36m[Dbg] [wind_plugin.cpp:110] [0m[1;36mWindPlugin: received command -> speed=[0m[1;36m0[0m[1;36m dir=[0m[1;36m0[0m[1;36m
[gzserver-2] [0mEntering flying model!
[gzserver-2] [INFO] [1773171632.084694448] [gazebo_wind_plugin_node]: WindPlugin: set wind_speed=0.00 wind_direction=0.0
[gzserver-2] [INFO] [1773171632.321433442] [gazebo_wind_plugin_node]: WindPlugin: set wind_speed=1.25 wind_direction=-103.3
[gzserver-2] [INFO] [1773171632.561224887] [gazebo_wind_plugin_node]: WindPlugin: set wind_speed=1.25 wind_direction=-103.3
[gzserver-2] [INFO] [1773171632.795736493] [gazebo_wind_plugin_node]: WindPlugin: set wind_speed=1.25 wind_direction=-103.3
[gzserver-2] [INFO] [1773171633.035131795] [gazebo_wind_plugin_node]: WindPlugin: set wind_speed=0.86 wind_direction=-99.5
[gzserver-2] [INFO] [1773171633.274481978] [gazebo_wind_plugin_node]: WindPlugin: set wind_speed=0.86 wind_direction=-99.5
[gzserver-2] [INFO] [1773171633.514007268] [gazebo_wind_plugin_node]: WindPlugin: set wind_speed=0.86 wind_direction=-99.5
[gzserver-2] [INFO] [1773171633.748201886] [gazebo_wind_plugin_node]: WindPlugin: set wind_speed=0.86 wind_direction=-99.5
[gzserver-2] [INFO] [1773171633.987683571] [gazebo_wind_plugin_node]: WindPlugin: set wind_speed=1.04 wind_direction=-101.4
[gzserver-2] [INFO] [1773171634.226963012] [gazebo_wind_plugin_node]: WindPlugin: set wind_speed=1.04 wind_direction=-101.4
[gzserver-2] [INFO] [1773171634.461330716] [gazebo_wind_plugin_node]: WindPlugin: set wind_speed=1.04 wind_direction=-101.4
[gzserver-2] [INFO] [1773171634.701372614] [gazebo_wind_plugin_node]: WindPlugin: set wind_speed=1.04 wind_direction=-101.4
[gzserver-2] [INFO] [1773171634.940953398] [gazebo_wind_plugin_node]: WindPlugin: set wind_speed=1.20 wind_direction=-100.4
[gzserver-2] [INFO] [1773171635.180390280] [gazebo_wind_plugin_node]: WindPlugin: set wind_speed=1.20 wind_direction=-100.4
[gzserver-2] [INFO] [1773171635.419651271] [gazebo_wind_plugin_node]: WindPlugin: set wind_speed=1.20 wind_direction=-100.4
[gzserver-2] [INFO] [1773171635.659382983] [gazebo_wind_plugin_node]: WindPlugin: set wind_speed=1.20 wind_direction=-100.4
[gzserver-2] [INFO] [1773171635.899648920] [gazebo_wind_plugin_node]: WindPlugin: set wind_speed=0.88 wind_direction=-100.4
[gzserver-2] [INFO] [1773171635.932657195] [drone.simple_drone]: Quadrotor lands!!
[gzserver-2] [INFO] [1773171636.134131806] [gazebo_wind_plugin_node]: WindPlugin: set wind_speed=0.88 wind_direction=-100.4
[gzserver-2] [INFO] [1773171636.377160948] [gazebo_wind_plugin_node]: WindPlugin: set wind_speed=0.88 wind_direction=-100.4
[gzserver-2] [INFO] [1773171636.611719004] [gazebo_wind_plugin_node]: WindPlugin: set wind_speed=0.88 wind_direction=-100.4
[gzserver-2] [INFO] [1773171636.850994745] [gazebo_wind_plugin_node]: WindPlugin: set wind_speed=0.88 wind_direction=-100.4
[gzserver-2] [1;36m[Dbg] [wind_plugin.cpp:110] [0m[1;36mWindPlugin: received command -> speed=[0m[1;36m0[0m[1;36m dir=[0m[1;36m0[0m[1;36m
[gzserver-2] [0m[1;36m[Dbg] [wind_plugin.cpp:110] [0m[1;36mWindPlugin: received command -> speed=[0m[1;36m1.25228[0m[1;36m dir=[0m[1;36m-103.348[0m[1;36m
[gzserver-2] [0m[1;36m[Dbg] [wind_plugin.cpp:110] [0m[1;36mWindPlugin: received command -> speed=[0m[1;36m1.25228[0m[1;36m dir=[0m[1;36m-103.348[0m[1;36m
[gzserver-2] [0m[1;36m[Dbg] [wind_plugin.cpp:110] [0m[1;36mWindPlugin: received command -> speed=[0m[1;36m1.25228[0m[1;36m dir=[0m[1;36m-103.348[0m[1;36m
[gzserver-2] [0m[1;36m[Dbg] [wind_plugin.cpp:110] [0m[1;36mWindPlugin: received command -> speed=[0m[1;36m0.862847[0m[1;36m dir=[0m[1;36m-99.5143[0m[1;36m
[gzserver-2] [0m[1;36m[Dbg] [wind_plugin.cpp:110] [0m[1;36mWindPlugin: received command -> speed=[0m[1;36m0.862847[0m[1;36m dir=[0m[1;36m-99.5143[0m[1;36m
[gzserver-2] [0m[1;36m[Dbg] [wind_plugin.cpp:110] [0m[1;36mWindPlugin: received command -> speed=[0m[1;36m0.862847[0m[1;36m dir=[0m[1;36m-99.5143[0m[1;36m
[gzserver-2] [0m[1;36m[Dbg] [wind_plugin.cpp:110] [0m[1;36mWindPlugin: received command -> speed=[0m[1;36m0.862847[0m[1;36m dir=[0m[1;36m-99.5143[0m[1;36m
[gzserver-2] [0m[1;36m[Dbg] [wind_plugin.cpp:110] [0m[1;36mWindPlugin: received command -> speed=[0m[1;36m1.04144[0m[1;36m dir=[0m[1;36m-101.434[0m[1;36m
[gzserver-2] [0m[1;36m[Dbg] [wind_plugin.cpp:110] [0m[1;36mWindPlugin: received command -> speed=[0m[1;36m1.04144[0m[1;36m dir=[0m[1;36m-101.434[0m[1;36m
[gzserver-2] [0m[1;36m[Dbg] [wind_plugin.cpp:110] [0m[1;36mWindPlugin: received command -> speed=[0m[1;36m1.04144[0m[1;36m dir=[0m[1;36m-101.434[0m[1;36m
[gzserver-2] [0m[1;36m[Dbg] [wind_plugin.cpp:110] [0m[1;36mWindPlugin: received command -> speed=[0m[1;36m1.04144[0m[1;36m dir=[0m[1;36m-101.434[0m[1;36m
[gzserver-2] [0m[1;36m[Dbg] [wind_plugin.cpp:110] [0m[1;36mWindPlugin: received command -> speed=[0m[1;36m1.20145[0m[1;36m dir=[0m[1;36m-100.351[0m[1;36m
[gzserver-2] [0m[1;36m[Dbg] [wind_plugin.cpp:110] [0m[1;36mWindPlugin: received command -> speed=[0m[1;36m1.20145[0m[1;36m dir=[0m[1;36m-100.351[0m[1;36m
[gzserver-2] [0m[1;36m[Dbg] [wind_plugin.cpp:110] [0m[1;36mWindPlugin: received command -> speed=[0m[1;36m1.20145[0m[1;36m dir=[0m[1;36m-100.351[0m[1;36m
[gzserver-2] [0m[1;36m[Dbg] [wind_plugin.cpp:110] [0m[1;36mWindPlugin: received command -> speed=[0m[1;36m1.20145[0m[1;36m dir=[0m[1;36m-100.351[0m[1;36m
[gzserver-2] [0m[1;36m[Dbg] [wind_plugin.cpp:110] [0m[1;36mWindPlugin: received command -> speed=[0m[1;36m0.876793[0m[1;36m dir=[0m[1;36m-100.406[0m[1;36m
[gzserver-2] [0m[1;36m[Dbg] [wind_plugin.cpp:110] [0m[1;36mWindPlugin: received command -> speed=[0m[1;36m0.876793[0m[1;36m dir=[0m[1;36m-100.406[0m[1;36m
[gzserver-2] [0m[1;36m[Dbg] [wind_plugin.cpp:110] [0m[1;36mWindPlugin: received command -> speed=[0m[1;36m0.876793[0m[1;36m dir=[0m[1;36m-100.406[0m[1;36m
[gzserver-2] [0m[1;36m[Dbg] [wind_plugin.cpp:110] [0m[1;36mWindPlugin: received command -> speed=[0m[1;36m0.876793[0m[1;36m dir=[0m[1;36m-100.406[0m[1;36m
[gzserver-2] [0m[1;36m[Dbg] [wind_plugin.cpp:110] [0m[1;36mWindPlugin: received command -> speed=[0m[1;36m0.876793[0m[1;36m dir=[0m[1;36m-100.406[0m[1;36m
[gzserver-2] [0mLanded!
[gzserver-2] [INFO] [1773171637.085076067] [gazebo_wind_plugin_node]: WindPlugin: set wind_speed=1.06 wind_direction=-102.5
[gzserver-2] [INFO] [1773171637.320763249] [gazebo_wind_plugin_node]: WindPlugin: set wind_speed=1.06 wind_direction=-102.5
[gzserver-2] [INFO] [1773171637.560533817] [gazebo_wind_plugin_node]: WindPlugin: set wind_speed=1.06 wind_direction=-102.5
[gzserver-2] [INFO] [1773171637.806178912] [gazebo_wind_plugin_node]: WindPlugin: set wind_speed=1.06 wind_direction=-102.5
[gzserver-2] [INFO] [1773171638.040422841] [gazebo_wind_plugin_node]: WindPlugin: set wind_speed=1.02 wind_direction=-104.3
[gzserver-2] [INFO] [1773171638.279821990] [gazebo_wind_plugin_node]: WindPlugin: set wind_speed=1.02 wind_direction=-104.3
[gzserver-2] [INFO] [1773171638.519639692] [gazebo_wind_plugin_node]: WindPlugin: set wind_speed=1.02 wind_direction=-104.3
[gzserver-2] [INFO] [1773171638.758918481] [gazebo_wind_plugin_node]: WindPlugin: set wind_speed=1.02 wind_direction=-104.3
