[INFO] [launch]: All log files can be found below /home/j/.ros/log/2026-03-11-03-47-31-901637-j-3864463
[INFO] [launch]: Default logging verbosity is set to INFO
[INFO] [launch.user]: [bringup] Apriltag config: camera=/drone/bottom, image=/drone/bottom/image_raw, tags=/drone/bottom/tags, bridge=/landing_tag_state, standalone=true, use_target_id=true, target_id=0
[INFO] [rviz2-1]: process started with pid [3864475]
[INFO] [gzserver-2]: process started with pid [3864477]
[INFO] [robot_state_publisher-3]: process started with pid [3864479]
[INFO] [joint_state_publisher-4]: process started with pid [3864481]
[INFO] [spawn_drone-5]: process started with pid [3864483]
[INFO] [static_transform_publisher-6]: process started with pid [3864485]
[INFO] [joy_node-7]: process started with pid [3864487]
[INFO] [teleop_joystick-8]: process started with pid [3864489]
[INFO] [apriltag_detector_node-9]: process started with pid [3864491]
[INFO] [apriltag_state_bridge-10]: process started with pid [3864493]
[static_transform_publisher-6] [WARN] [1773168452.374630083] []: Old-style arguments are deprecated; see --help for new-style arguments
[static_transform_publisher-6] [INFO] [1773168452.382627364] [static_transform_publisher_aNOJ2ew9SF1KRGzW]: Spinning until stopped - publishing transform
[static_transform_publisher-6] translation: ('0.000000', '0.000000', '0.000000')
[static_transform_publisher-6] rotation: ('0.000000', '0.000000', '0.000000', '1.000000')
[static_transform_publisher-6] from 'world' to '/drone/odom'
[robot_state_publisher-3] [INFO] [1773168452.402032590] [drone.robot_state_publisher]: got segment base_footprint
[robot_state_publisher-3] [INFO] [1773168452.402104295] [drone.robot_state_publisher]: got segment base_link
[robot_state_publisher-3] [INFO] [1773168452.402110614] [drone.robot_state_publisher]: got segment bottom_cam_link
[robot_state_publisher-3] [INFO] [1773168452.402113622] [drone.robot_state_publisher]: got segment front_cam_link
[robot_state_publisher-3] [INFO] [1773168452.402116479] [drone.robot_state_publisher]: got segment sonar_link
[rviz2-1] 
[rviz2-1] (rviz2:3864475): dbind-WARNING **: 03:47:32.407: Couldn't connect to accessibility bus: Failed to connect to socket /root/.cache/at-spi/bus_0: 허가 거부
[apriltag_detector_node-9] [INFO] [1773168452.411758487] [apriltag_detector_node]: tag detector type: umich
[teleop_joystick-8] Traceback (most recent call last):
[teleop_joystick-8]   File "/home/j/INCSL/IICC26_ws/install/sjtu_drone_control/lib/sjtu_drone_control/teleop_joystick", line 33, in <module>
[teleop_joystick-8]     sys.exit(load_entry_point('sjtu_drone_control==0.0.0', 'console_scripts', 'teleop_joystick')())
[teleop_joystick-8]   File "/home/j/INCSL/IICC26_ws/install/sjtu_drone_control/lib/sjtu_drone_control/teleop_joystick", line 22, in importlib_load_entry_point
[teleop_joystick-8]     for entry_point in distribution(dist_name).entry_points
[teleop_joystick-8]   File "/usr/lib/python3.10/importlib/metadata/__init__.py", line 969, in distribution
[teleop_joystick-8]     return Distribution.from_name(distribution_name)
[teleop_joystick-8]   File "/usr/lib/python3.10/importlib/metadata/__init__.py", line 548, in from_name
[teleop_joystick-8]     raise PackageNotFoundError(name)
[teleop_joystick-8] importlib.metadata.PackageNotFoundError: No package metadata was found for sjtu_drone_control
[ERROR] [teleop_joystick-8]: process has died [pid 3864489, exit code 1, cmd '/home/j/INCSL/IICC26_ws/install/sjtu_drone_control/lib/sjtu_drone_control/teleop_joystick --ros-args -r __ns:=/drone'].
[gzserver-2] Gazebo multi-robot simulator, version 11.10.2
[gzserver-2] Copyright (C) 2012 Open Source Robotics Foundation.
[gzserver-2] Released under the Apache 2 License.
[gzserver-2] http://gazebosim.org
[gzserver-2] 
[apriltag_state_bridge-10] [INFO] [1773168452.633718662] [apriltag_state_bridge]: AprilTag bridge started: /drone/bottom/tags -> /landing_tag_state, use_target_id=True, target_id=0
[joint_state_publisher-4] [INFO] [1773168452.645658487] [drone.joint_state_publisher]: Waiting for robot_description to be published on the robot_description topic...
[gzserver-2] [1;33m[Wrn] [gazebo_ros_init.cpp:178] [0m[1;33m
[gzserver-2] #     # ####### ####### ###  #####  #######
[gzserver-2] ##    # #     #    #     #  #     # #
[gzserver-2] # #   # #     #    #     #  #       #
[gzserver-2] #  #  # #     #    #     #  #       #####
[gzserver-2] #   # # #     #    #     #  #       #
[gzserver-2] #    ## #     #    #     #  #     # #
[gzserver-2] #     # #######    #    ###  #####  #######
[gzserver-2] 
[gzserver-2] This version of Gazebo, now called Gazebo classic, reaches end-of-life
[gzserver-2] in January 2025. Users are highly encouraged to migrate to the new Gazebo
[gzserver-2] using our migration guides (https://gazebosim.org/docs/latest/gazebo_classic_migration?utm_source=gazebo_ros_pkgs&utm_medium=cli)
[gzserver-2] 
[gzserver-2] [0m[1;33m
[rviz2-1] [INFO] [1773168453.233532738] [rviz2]: Stereo is NOT SUPPORTED
[rviz2-1] [INFO] [1773168453.233647599] [rviz2]: OpenGl version: 4.6 (GLSL 4.6)
[rviz2-1] [INFO] [1773168453.340081393] [rviz2]: Stereo is NOT SUPPORTED
[rviz2-1] [INFO] [1773168453.433720105] [rviz2]: Stereo is NOT SUPPORTED
[gzserver-2] [1;32m[Msg] [0m[1;32mWaiting for master.[0m[1;32m
[gzserver-2] [0m[1;32m[0m[1;32m[0m[1;32m[Msg] [0m[1;32mConnected to gazebo master @ [0m[1;32mhttp://127.0.0.1:11345[0m[1;32m
[gzserver-2] [0m[1;32m[0m[1;32m[0m[1;32m[Msg] [0m[1;32mPublicized address: [0m[1;32m192.168.0.11[0m[1;32m
[gzserver-2] [0m[1;32m[0m[1;32m[0m[1;32m[Msg] [0m[1;32mLoading world file [[0m[1;32m/home/j/INCSL/IICC26_ws/install/sjtu_drone_description/share/sjtu_drone_description/worlds/landingPad.world[0m[1;32m][0m[1;32m
[gzserver-2] [0m[1;32m[0m[1;32m[0m[1;36m[Dbg] [wind_plugin.cpp:96] [0m[1;36mWindPlugin loaded: speed=[0m[1;36m0[0m[1;36m dir=[0m[1;36m0[0m[1;36m deg area=[0m[1;36m0.1[0m[1;36m coeff=[0m[1;36m1[0m[1;36m
[gzserver-2] [0m[1;33m[0m[1;33m[0m[1;31m[Err] [Sensor.cc:510] [0m[1;31mGet noise index not valid[0m[1;31m
[gzserver-2] [0m[1;31m[0m[1;31m[0m[1;31m[Err] [Sensor.cc:510] [0m[1;31mGet noise index not valid[0m[1;31m
[gzserver-2] [0m[1;31m[0m[1;31m[0m[1;31m[Err] [Sensor.cc:510] [0m[1;31mGet noise index not valid[0m[1;31m
[gzserver-2] [0m[1;31m[0m[1;31m[0m[1;31m[Err] [Sensor.cc:510] [0m[1;31mGet noise index not valid[0m[1;31m
[gzserver-2] [0m[1;31m[0m[1;31m[0m[1;31m[Err] [Sensor.cc:510] [0m[1;31mGet noise index not valid[0m[1;31m
[gzserver-2] [0m[1;31m[0m[1;31m[0m[1;31m[Err] [Sensor.cc:510] [0m[1;31mGet noise index not valid[0m[1;31m
[gzserver-2] [0m[1;31m[0m[1;31m[0mTopic [default//drone/base_footprint/down_camera/image] is not valid.
[gzserver-2] [INFO] [1773168453.896108802] [drone.collision_plugin]: Publishing contact states to [/drone/bumper_states]
[gzserver-2] Topic [default//drone/base_footprint/front_camera/image] is not valid.
[gzserver-2] [1;33m[Wrn] [Event.cc:61] [0m[1;33mWarning: Deleting a connection right after creation. [0m[1;33mMake sure to save the ConnectionPtr from a Connect call
[gzserver-2] [0m[INFO] [1773168454.453329227] [drone.camera_bottom]: Publishing camera info to [/drone/bottom/camera_info]
[gzserver-2] [INFO] [1773168454.456200393] [drone.camera_front]: Publishing camera info to [/drone/front/camera_info]
[spawn_drone-5] [INFO] [1773168454.465204039] [spawn_drone]: Result True SpawnEntity: Successfully spawned entity [/drone]
[gzserver-2] [INFO] [1773168454.579653152] [drone.simple_drone]: The drone plugin is loading!
[gzserver-2] [INFO] [1773168454.579860690] [drone.simple_drone]: pub_odom: 1
[gzserver-2] [INFO] [1773168454.579895590] [drone.simple_drone]: Using following parameters: 
[gzserver-2] 		link_name: base_footprint,
[gzserver-2] 		max_force: 30,
[gzserver-2] 		motion_small_noise: 0,
[gzserver-2] 		motion_drift_noise: 0,
[gzserver-2] 		motion_drift_noise_time: 50,
[gzserver-2] 		takeoff_hover_height: 2.24,
[gzserver-2] 		takeoff_vertical_speed: 0.2
[gzserver-2] [INFO] [1773168454.591458219] [drone.simple_drone]: Using the PID parameters: 
[gzserver-2] 	Roll Pitch:
[gzserver-2] 		kP: 10, kI: 0,kD: 5, Limit: 0.5, Time Constant: 0
[gzserver-2] 	Yaw:
[gzserver-2] 		kP: 2, kI: 0,kD: 1, Limit: 1.5, Time Constant: 0
[gzserver-2] 	Velocity X:
[gzserver-2] 		kP: 5, kI: 0,kD: 2.3, Limit: 2, Time Constant: 0
[gzserver-2] 	Velocity Y:
[gzserver-2] 		kP: 5, kI: 0,kD: 2.3, Limit: 2, Time Constant: 0
[gzserver-2] 	Velocity Z:
[gzserver-2] 		kP: 5, kI: 0,kD: 1, Limit: -1, Time Constant: 0
[gzserver-2] 	Position XY:
[gzserver-2] 		kP: 1.1, kI: 0,kD: 0, Limit: 5, Time Constant: 0
[gzserver-2] 	Position Z:
[gzserver-2] 		kP: 1, kI: 0,kD: 0.2, Limit: -1, Time Constant: 0
[gzserver-2] [INFO] [1773168454.591598363] [drone.simple_drone]: The drone plugin finished loading!
[INFO] [spawn_drone-5]: process has finished cleanly [pid 3864483]
[gzserver-2] [INFO] [1773168461.744390817] [gazebo_wind_plugin_node]: WindPlugin: set wind_speed=0.00 wind_direction=0.0
[gzserver-2] [INFO] [1773168462.013345823] [gazebo_wind_plugin_node]: WindPlugin: set wind_speed=0.00 wind_direction=0.0
[gzserver-2] [INFO] [1773168462.053653640] [drone.simple_drone]: Quadrotor takes off!!
[gzserver-2] [INFO] [1773168462.254794341] [gazebo_wind_plugin_node]: WindPlugin: set wind_speed=0.00 wind_direction=0.0
[gzserver-2] [INFO] [1773168462.495070132] [gazebo_wind_plugin_node]: WindPlugin: set wind_speed=0.00 wind_direction=0.0
[gzserver-2] [INFO] [1773168462.731145548] [gazebo_wind_plugin_node]: WindPlugin: set wind_speed=0.00 wind_direction=0.0
[gzserver-2] [INFO] [1773168462.971472395] [gazebo_wind_plugin_node]: WindPlugin: set wind_speed=0.00 wind_direction=0.0
[gzserver-2] [INFO] [1773168463.202007582] [gazebo_wind_plugin_node]: WindPlugin: set wind_speed=0.00 wind_direction=0.0
[gzserver-2] [INFO] [1773168463.436323477] [gazebo_wind_plugin_node]: WindPlugin: set wind_speed=0.00 wind_direction=0.0
[gzserver-2] [INFO] [1773168463.680343373] [gazebo_wind_plugin_node]: WindPlugin: set wind_speed=0.00 wind_direction=0.0
[gzserver-2] [0m[1;36m[Dbg] [wind_plugin.cpp:110] [0m[1;36mWindPlugin: received command -> speed=[0m[1;36m0[0m[1;36m dir=[0m[1;36m0[0m[1;36m
[gzserver-2] [0m[1;36m[Dbg] [wind_plugin.cpp:110] [0m[1;36mWindPlugin: received command -> speed=[0m[1;36m0[0m[1;36m dir=[0m[1;36m0[0m[1;36m
[gzserver-2] [0m[1;36m[Dbg] [wind_plugin.cpp:110] [0m[1;36mWindPlugin: received command -> speed=[0m[1;36m0[0m[1;36m dir=[0m[1;36m0[0m[1;36m
[gzserver-2] [0m[1;36m[Dbg] [wind_plugin.cpp:110] [0m[1;36mWindPlugin: received command -> speed=[0m[1;36m0[0m[1;36m dir=[0m[1;36m0[0m[1;36m
[gzserver-2] [0m[1;36m[Dbg] [wind_plugin.cpp:110] [0m[1;36mWindPlugin: received command -> speed=[0m[1;36m0[0m[1;36m dir=[0m[1;36m0[0m[1;36m
[gzserver-2] [0m[1;36m[Dbg] [wind_plugin.cpp:110] [0m[1;36mWindPlugin: received command -> speed=[0m[1;36m0[0m[1;36m dir=[0m[1;36m0[0m[1;36m
[gzserver-2] [0m[1;36m[Dbg] [wind_plugin.cpp:110] [0m[1;36mWindPlugin: received command -> speed=[0m[1;36m0[0m[1;36m dir=[0m[1;36m0[0m[1;36m
[gzserver-2] [0m[1;36m[Dbg] [wind_plugin.cpp:110] [0m[1;36mWindPlugin: received command -> speed=[0m[1;36m0[0m[1;36m dir=[0m[1;36m0[0m[1;36m
[gzserver-2] [0m[1;36m[Dbg] [wind_plugin.cpp:110] [0m[1;36mWindPlugin: received command -> speed=[0m[1;36m0[0m[1;36m dir=[0m[1;36m0[0m[1;36m
[gzserver-2] [0mEntering flying model!
[gzserver-2] [INFO] [1773168463.920207904] [gazebo_wind_plugin_node]: WindPlugin: set wind_speed=0.00 wind_direction=0.0
[gzserver-2] [INFO] [1773168464.159853116] [gazebo_wind_plugin_node]: WindPlugin: set wind_speed=1.12 wind_direction=-15.9
[gzserver-2] [INFO] [1773168464.399257597] [gazebo_wind_plugin_node]: WindPlugin: set wind_speed=0.94 wind_direction=-14.8
[gzserver-2] [INFO] [1773168464.634719445] [gazebo_wind_plugin_node]: WindPlugin: set wind_speed=0.94 wind_direction=-14.8
[gzserver-2] [INFO] [1773168464.868837342] [gazebo_wind_plugin_node]: WindPlugin: set wind_speed=0.94 wind_direction=-14.8
[gzserver-2] [INFO] [1773168465.098796912] [gazebo_wind_plugin_node]: WindPlugin: set wind_speed=0.94 wind_direction=-14.8
[gzserver-2] [INFO] [1773168465.338198260] [gazebo_wind_plugin_node]: WindPlugin: set wind_speed=1.22 wind_direction=-17.9
[gzserver-2] [INFO] [1773168465.573506390] [gazebo_wind_plugin_node]: WindPlugin: set wind_speed=1.22 wind_direction=-17.9
[gzserver-2] [INFO] [1773168465.803701246] [gazebo_wind_plugin_node]: WindPlugin: set wind_speed=1.22 wind_direction=-17.9
[gzserver-2] [INFO] [1773168466.043127729] [gazebo_wind_plugin_node]: WindPlugin: set wind_speed=1.22 wind_direction=-17.9
[gzserver-2] [INFO] [1773168466.282609289] [gazebo_wind_plugin_node]: WindPlugin: set wind_speed=1.06 wind_direction=-17.3
[gzserver-2] [INFO] [1773168466.522208063] [gazebo_wind_plugin_node]: WindPlugin: set wind_speed=1.06 wind_direction=-17.3
[gzserver-2] [INFO] [1773168466.756453430] [gazebo_wind_plugin_node]: WindPlugin: set wind_speed=1.06 wind_direction=-17.3
[gzserver-2] [INFO] [1773168466.986696801] [gazebo_wind_plugin_node]: WindPlugin: set wind_speed=1.06 wind_direction=-17.3
[gzserver-2] [INFO] [1773168467.226138119] [gazebo_wind_plugin_node]: WindPlugin: set wind_speed=1.06 wind_direction=-17.3
[gzserver-2] [INFO] [1773168467.466013767] [gazebo_wind_plugin_node]: WindPlugin: set wind_speed=1.00 wind_direction=-19.1
[gzserver-2] [INFO] [1773168467.705603716] [gazebo_wind_plugin_node]: WindPlugin: set wind_speed=1.00 wind_direction=-19.1
[gzserver-2] [INFO] [1773168467.945079491] [gazebo_wind_plugin_node]: WindPlugin: set wind_speed=1.00 wind_direction=-19.1
[gzserver-2] [INFO] [1773168467.977912348] [drone.simple_drone]: Quadrotor lands!!
[gzserver-2] [INFO] [1773168468.179391749] [gazebo_wind_plugin_node]: WindPlugin: set wind_speed=1.00 wind_direction=-19.1
[gzserver-2] [INFO] [1773168468.413910899] [gazebo_wind_plugin_node]: WindPlugin: set wind_speed=1.25 wind_direction=-21.1
[gzserver-2] [INFO] [1773168468.648212941] [gazebo_wind_plugin_node]: WindPlugin: set wind_speed=1.25 wind_direction=-21.1
[gzserver-2] [INFO] [1773168468.883309572] [gazebo_wind_plugin_node]: WindPlugin: set wind_speed=1.25 wind_direction=-21.1
[gzserver-2] [1;36m[Dbg] [wind_plugin.cpp:110] [0m[1;36mWindPlugin: received command -> speed=[0m[1;36m0[0m[1;36m dir=[0m[1;36m0[0m[1;36m
[gzserver-2] [0m[1;36m[Dbg] [wind_plugin.cpp:110] [0m[1;36mWindPlugin: received command -> speed=[0m[1;36m1.11728[0m[1;36m dir=[0m[1;36m-15.9455[0m[1;36m
[gzserver-2] [0m[1;36m[Dbg] [wind_plugin.cpp:110] [0m[1;36mWindPlugin: received command -> speed=[0m[1;36m0.942547[0m[1;36m dir=[0m[1;36m-14.7605[0m[1;36m
[gzserver-2] [0m[1;36m[Dbg] [wind_plugin.cpp:110] [0m[1;36mWindPlugin: received command -> speed=[0m[1;36m0.942547[0m[1;36m dir=[0m[1;36m-14.7605[0m[1;36m
[gzserver-2] [0m[1;36m[Dbg] [wind_plugin.cpp:110] [0m[1;36mWindPlugin: received command -> speed=[0m[1;36m0.942547[0m[1;36m dir=[0m[1;36m-14.7605[0m[1;36m
[gzserver-2] [0m[1;36m[Dbg] [wind_plugin.cpp:110] [0m[1;36mWindPlugin: received command -> speed=[0m[1;36m0.942547[0m[1;36m dir=[0m[1;36m-14.7605[0m[1;36m
[gzserver-2] [0m[1;36m[Dbg] [wind_plugin.cpp:110] [0m[1;36mWindPlugin: received command -> speed=[0m[1;36m1.21572[0m[1;36m dir=[0m[1;36m-17.9176[0m[1;36m
[gzserver-2] [0m[1;36m[Dbg] [wind_plugin.cpp:110] [0m[1;36mWindPlugin: received command -> speed=[0m[1;36m1.21572[0m[1;36m dir=[0m[1;36m-17.9176[0m[1;36m
[gzserver-2] [0m[1;36m[Dbg] [wind_plugin.cpp:110] [0m[1;36mWindPlugin: received command -> speed=[0m[1;36m1.21572[0m[1;36m dir=[0m[1;36m-17.9176[0m[1;36m
[gzserver-2] [0m[1;36m[Dbg] [wind_plugin.cpp:110] [0m[1;36mWindPlugin: received command -> speed=[0m[1;36m1.21572[0m[1;36m dir=[0m[1;36m-17.9176[0m[1;36m
[gzserver-2] [0m[1;36m[Dbg] [wind_plugin.cpp:110] [0m[1;36mWindPlugin: received command -> speed=[0m[1;36m1.05535[0m[1;36m dir=[0m[1;36m-17.3268[0m[1;36m
[gzserver-2] [0m[1;36m[Dbg] [wind_plugin.cpp:110] [0m[1;36mWindPlugin: received command -> speed=[0m[1;36m1.05535[0m[1;36m dir=[0m[1;36m-17.3268[0m[1;36m
[gzserver-2] [0m[1;36m[Dbg] [wind_plugin.cpp:110] [0m[1;36mWindPlugin: received command -> speed=[0m[1;36m1.05535[0m[1;36m dir=[0m[1;36m-17.3268[0m[1;36m
[gzserver-2] [0m[1;36m[Dbg] [wind_plugin.cpp:110] [0m[1;36mWindPlugin: received command -> speed=[0m[1;36m1.05535[0m[1;36m dir=[0m[1;36m-17.3268[0m[1;36m
[gzserver-2] [0m[1;36m[Dbg] [wind_plugin.cpp:110] [0m[1;36mWindPlugin: received command -> speed=[0m[1;36m1.05535[0m[1;36m dir=[0m[1;36m-17.3268[0m[1;36m
[gzserver-2] [0m[1;36m[Dbg] [wind_plugin.cpp:110] [0m[1;36mWindPlugin: received command -> speed=[0m[1;36m1.00415[0m[1;36m dir=[0m[1;36m-19.1402[0m[1;36m
[gzserver-2] [0m[1;36m[Dbg] [wind_plugin.cpp:110] [0m[1;36mWindPlugin: received command -> speed=[0m[1;36m1.00415[0m[1;36m dir=[0m[1;36m-19.1402[0m[1;36m
[gzserver-2] [0m[1;36m[Dbg] [wind_plugin.cpp:110] [0m[1;36mWindPlugin: received command -> speed=[0m[1;36m1.00415[0m[1;36m dir=[0m[1;36m-19.1402[0m[1;36m
[gzserver-2] [0m[1;36m[Dbg] [wind_plugin.cpp:110] [0m[1;36mWindPlugin: received command -> speed=[0m[1;36m1.00415[0m[1;36m dir=[0m[1;36m-19.1402[0m[1;36m
[gzserver-2] [0m[1;36m[Dbg] [wind_plugin.cpp:110] [0m[1;36mWindPlugin: received command -> speed=[0m[1;36m1.25302[0m[1;36m dir=[0m[1;36m-21.1397[0m[1;36m
[gzserver-2] [0m[1;36m[Dbg] [wind_plugin.cpp:110] [0m[1;36mWindPlugin: received command -> speed=[0m[1;36m1.25302[0m[1;36m dir=[0m[1;36m-21.1397[0m[1;36m
[gzserver-2] [0m[1;36m[Dbg] [wind_plugin.cpp:110] [0m[1;36mWindPlugin: received command -> speed=[0m[1;36m1.25302[0m[1;36m dir=[0m[1;36m-21.1397[0m[1;36m
[gzserver-2] [0mLanded!
[gzserver-2] [INFO] [1773168469.112308643] [gazebo_wind_plugin_node]: WindPlugin: set wind_speed=1.25 wind_direction=-21.1
[gzserver-2] [INFO] [1773168469.351502261] [gazebo_wind_plugin_node]: WindPlugin: set wind_speed=1.18 wind_direction=-20.6
[gzserver-2] [INFO] [1773168469.580778228] [gazebo_wind_plugin_node]: WindPlugin: set wind_speed=1.18 wind_direction=-20.6
[gzserver-2] [INFO] [1773168469.820286484] [gazebo_wind_plugin_node]: WindPlugin: set wind_speed=1.18 wind_direction=-20.6
[gzserver-2] [INFO] [1773168470.060135205] [gazebo_wind_plugin_node]: WindPlugin: set wind_speed=1.18 wind_direction=-20.6
[gzserver-2] [INFO] [1773168470.299612212] [gazebo_wind_plugin_node]: WindPlugin: set wind_speed=1.03 wind_direction=-17.6
[gzserver-2] [INFO] [1773168470.539979987] [gazebo_wind_plugin_node]: WindPlugin: set wind_speed=1.03 wind_direction=-17.6
[gzserver-2] [INFO] [1773168470.776900531] [gazebo_wind_plugin_node]: WindPlugin: set wind_speed=1.03 wind_direction=-17.6
