[INFO] [launch]: All log files can be found below /home/j/.ros/log/2026-03-10-17-12-25-733574-j-3410289
[INFO] [launch]: Default logging verbosity is set to INFO
[INFO] [launch.user]: [bringup] Apriltag config: camera=/drone/bottom, image=/drone/bottom/image_raw, tags=/drone/bottom/tags, bridge=/landing_tag_state, standalone=true, use_target_id=true, target_id=0
[INFO] [rviz2-1]: process started with pid [3410305]
[INFO] [gzserver-2]: process started with pid [3410307]
[INFO] [robot_state_publisher-3]: process started with pid [3410309]
[INFO] [joint_state_publisher-4]: process started with pid [3410311]
[INFO] [spawn_drone-5]: process started with pid [3410313]
[INFO] [static_transform_publisher-6]: process started with pid [3410315]
[INFO] [joy_node-7]: process started with pid [3410317]
[INFO] [teleop_joystick-8]: process started with pid [3410319]
[INFO] [apriltag_detector_node-9]: process started with pid [3410321]
[INFO] [apriltag_state_bridge-10]: process started with pid [3410323]
[static_transform_publisher-6] [WARN] [1773130346.206466128] []: Old-style arguments are deprecated; see --help for new-style arguments
[static_transform_publisher-6] [INFO] [1773130346.212438338] [static_transform_publisher_13BGNU8LL1xgF5m8]: Spinning until stopped - publishing transform
[static_transform_publisher-6] translation: ('0.000000', '0.000000', '0.000000')
[static_transform_publisher-6] rotation: ('0.000000', '0.000000', '0.000000', '1.000000')
[static_transform_publisher-6] from 'world' to '/drone/odom'
[robot_state_publisher-3] [INFO] [1773130346.237934459] [drone.robot_state_publisher]: got segment base_footprint
[robot_state_publisher-3] [INFO] [1773130346.238023670] [drone.robot_state_publisher]: got segment base_link
[robot_state_publisher-3] [INFO] [1773130346.238035788] [drone.robot_state_publisher]: got segment bottom_cam_link
[robot_state_publisher-3] [INFO] [1773130346.238043586] [drone.robot_state_publisher]: got segment front_cam_link
[robot_state_publisher-3] [INFO] [1773130346.238050863] [drone.robot_state_publisher]: got segment sonar_link
[rviz2-1] 
[rviz2-1] (rviz2:3410305): dbind-WARNING **: 17:12:26.240: Couldn't connect to accessibility bus: Failed to connect to socket /root/.cache/at-spi/bus_0: 허가 거부
[apriltag_detector_node-9] [INFO] [1773130346.244431585] [apriltag_detector_node]: tag detector type: umich
[teleop_joystick-8] Traceback (most recent call last):
[teleop_joystick-8]   File "/home/j/INCSL/IICC26_ws/install/sjtu_drone_control/lib/sjtu_drone_control/teleop_joystick", line 33, in <module>
[teleop_joystick-8]     sys.exit(load_entry_point('sjtu_drone_control==0.0.0', 'console_scripts', 'teleop_joystick')())
[teleop_joystick-8]   File "/home/j/INCSL/IICC26_ws/install/sjtu_drone_control/lib/sjtu_drone_control/teleop_joystick", line 22, in importlib_load_entry_point
[teleop_joystick-8]     for entry_point in distribution(dist_name).entry_points
[teleop_joystick-8]   File "/usr/lib/python3.10/importlib/metadata/__init__.py", line 969, in distribution
[teleop_joystick-8]     return Distribution.from_name(distribution_name)
[teleop_joystick-8]   File "/usr/lib/python3.10/importlib/metadata/__init__.py", line 548, in from_name
[teleop_joystick-8]     raise PackageNotFoundError(name)
[teleop_joystick-8] importlib.metadata.PackageNotFoundError: No package metadata was found for sjtu_drone_control
[ERROR] [teleop_joystick-8]: process has died [pid 3410319, exit code 1, cmd '/home/j/INCSL/IICC26_ws/install/sjtu_drone_control/lib/sjtu_drone_control/teleop_joystick --ros-args -r __ns:=/drone'].
[gzserver-2] Gazebo multi-robot simulator, version 11.10.2
[gzserver-2] Copyright (C) 2012 Open Source Robotics Foundation.
[gzserver-2] Released under the Apache 2 License.
[gzserver-2] http://gazebosim.org
[gzserver-2] 
[apriltag_state_bridge-10] [INFO] [1773130346.470355795] [apriltag_state_bridge]: AprilTag bridge started: /drone/bottom/tags -> /landing_tag_state, use_target_id=True, target_id=0
[joint_state_publisher-4] [INFO] [1773130346.505646882] [drone.joint_state_publisher]: Waiting for robot_description to be published on the robot_description topic...
[gzserver-2] [1;33m[Wrn] [gazebo_ros_init.cpp:178] [0m[1;33m
[gzserver-2] #     # ####### ####### ###  #####  #######
[gzserver-2] ##    # #     #    #     #  #     # #
[gzserver-2] # #   # #     #    #     #  #       #
[gzserver-2] #  #  # #     #    #     #  #       #####
[gzserver-2] #   # # #     #    #     #  #       #
[gzserver-2] #    ## #     #    #     #  #     # #
[gzserver-2] #     # #######    #    ###  #####  #######
[gzserver-2] 
[gzserver-2] This version of Gazebo, now called Gazebo classic, reaches end-of-life
[gzserver-2] in January 2025. Users are highly encouraged to migrate to the new Gazebo
[gzserver-2] using our migration guides (https://gazebosim.org/docs/latest/gazebo_classic_migration?utm_source=gazebo_ros_pkgs&utm_medium=cli)
[gzserver-2] 
[gzserver-2] [0m[1;33m
[rviz2-1] [INFO] [1773130346.988699369] [rviz2]: Stereo is NOT SUPPORTED
[rviz2-1] [INFO] [1773130346.988813577] [rviz2]: OpenGl version: 4.6 (GLSL 4.6)
[rviz2-1] [INFO] [1773130347.067866616] [rviz2]: Stereo is NOT SUPPORTED
[rviz2-1] [INFO] [1773130347.160455487] [rviz2]: Stereo is NOT SUPPORTED
[spawn_drone-5] [INFO] [1773130347.596287805] [spawn_drone]: Result False Entity pushed to spawn queue, but spawn service timed outwaiting for entity to appear in simulation under the name [/drone]
[gzserver-2] [1;32m[Msg] [0m[1;32mWaiting for master.[0m[1;32m
[gzserver-2] [0m[1;32m[0m[1;32m[0m[1;32m[Msg] [0m[1;32mConnected to gazebo master @ [0m[1;32mhttp://127.0.0.1:11345[0m[1;32m
[gzserver-2] [0m[1;32m[0m[1;32m[0m[1;32m[Msg] [0m[1;32mPublicized address: [0m[1;32m172.16.52.147[0m[1;32m
[gzserver-2] [0m[1;32m[0m[1;32m[0m[1;32m[Msg] [0m[1;32mLoading world file [[0m[1;32m/home/j/INCSL/IICC26_ws/install/sjtu_drone_description/share/sjtu_drone_description/worlds/landingPad.world[0m[1;32m][0m[1;32m
[gzserver-2] [0m[1;32m[0m[1;32m[0m[1;36m[Dbg] [wind_plugin.cpp:96] [0m[1;36mWindPlugin loaded: speed=[0m[1;36m0[0m[1;36m dir=[0m[1;36m0[0m[1;36m deg area=[0m[1;36m0.1[0m[1;36m coeff=[0m[1;36m1[0m[1;36m
[gzserver-2] [0m[1;33m[0m[1;33m[0m[1;31m[Err] [Sensor.cc:510] [0m[1;31mGet noise index not valid[0m[1;31m
[gzserver-2] [0m[1;31m[0m[1;31m[0m[1;31m[Err] [Sensor.cc:510] [0m[1;31mGet noise index not valid[0m[1;31m
[gzserver-2] [0m[1;31m[0m[1;31m[0m[1;31m[Err] [Sensor.cc:510] [0m[1;31mGet noise index not valid[0m[1;31m
[gzserver-2] [0m[1;31m[0m[1;31m[0m[1;31m[Err] [Sensor.cc:510] [0m[1;31mGet noise index not valid[0m[1;31m
[gzserver-2] [0m[1;31m[0m[1;31m[0m[1;31m[Err] [Sensor.cc:510] [0m[1;31mGet noise index not valid[0m[1;31m
[gzserver-2] [0m[1;31m[0m[1;31m[0m[1;31m[Err] [Sensor.cc:510] [0m[1;31mGet noise index not valid[0m[1;31m
[gzserver-2] [0m[1;31m[0m[1;31m[0mTopic [default//drone/base_footprint/down_camera/image] is not valid.
[gzserver-2] [INFO] [1773130347.629429706] [drone.collision_plugin]: Publishing contact states to [/drone/bumper_states]
[gzserver-2] Topic [default//drone/base_footprint/front_camera/image] is not valid.
[gzserver-2] [1;33m[Wrn] [Event.cc:61] [0m[1;33mWarning: Deleting a connection right after creation. [0m[1;33mMake sure to save the ConnectionPtr from a Connect call
[INFO] [spawn_drone-5]: process has finished cleanly [pid 3410313]
[gzserver-2] [0m[INFO] [1773130348.207957773] [drone.camera_bottom]: Publishing camera info to [/drone/bottom/camera_info]
[gzserver-2] [INFO] [1773130348.210835710] [drone.camera_front]: Publishing camera info to [/drone/front/camera_info]
[gzserver-2] [INFO] [1773130348.332616249] [drone.simple_drone]: The drone plugin is loading!
[gzserver-2] [INFO] [1773130348.332829112] [drone.simple_drone]: pub_odom: 1
[gzserver-2] [INFO] [1773130348.332865948] [drone.simple_drone]: Using following parameters: 
[gzserver-2] 		link_name: base_footprint,
[gzserver-2] 		max_force: 30,
[gzserver-2] 		motion_small_noise: 0,
[gzserver-2] 		motion_drift_noise: 0,
[gzserver-2] 		motion_drift_noise_time: 50,
[gzserver-2] 		takeoff_hover_height: 1.64,
[gzserver-2] 		takeoff_vertical_speed: 0.2
[gzserver-2] [INFO] [1773130348.344640005] [drone.simple_drone]: Using the PID parameters: 
[gzserver-2] 	Roll Pitch:
[gzserver-2] 		kP: 10, kI: 0,kD: 5, Limit: 0.5, Time Constant: 0
[gzserver-2] 	Yaw:
[gzserver-2] 		kP: 2, kI: 0,kD: 1, Limit: 1.5, Time Constant: 0
[gzserver-2] 	Velocity X:
[gzserver-2] 		kP: 5, kI: 0,kD: 2.3, Limit: 2, Time Constant: 0
[gzserver-2] 	Velocity Y:
[gzserver-2] 		kP: 5, kI: 0,kD: 2.3, Limit: 2, Time Constant: 0
[gzserver-2] 	Velocity Z:
[gzserver-2] 		kP: 5, kI: 0,kD: 1, Limit: -1, Time Constant: 0
[gzserver-2] 	Position XY:
[gzserver-2] 		kP: 1.1, kI: 0,kD: 0, Limit: 5, Time Constant: 0
[gzserver-2] 	Position Z:
[gzserver-2] 		kP: 1, kI: 0,kD: 0.2, Limit: -1, Time Constant: 0
[gzserver-2] [INFO] [1773130348.344773464] [drone.simple_drone]: The drone plugin finished loading!
[gzserver-2] [INFO] [1773130355.570870645] [gazebo_wind_plugin_node]: WindPlugin: set wind_speed=0.00 wind_direction=0.0
[gzserver-2] [INFO] [1773130355.832610141] [gazebo_wind_plugin_node]: WindPlugin: set wind_speed=0.00 wind_direction=0.0
[gzserver-2] [INFO] [1773130355.871616075] [drone.simple_drone]: Quadrotor takes off!!
[gzserver-2] [INFO] [1773130356.077898975] [gazebo_wind_plugin_node]: WindPlugin: set wind_speed=0.00 wind_direction=0.0
[gzserver-2] [INFO] [1773130356.317595602] [gazebo_wind_plugin_node]: WindPlugin: set wind_speed=0.00 wind_direction=0.0
[gzserver-2] [INFO] [1773130356.556804911] [gazebo_wind_plugin_node]: WindPlugin: set wind_speed=0.00 wind_direction=0.0
[gzserver-2] [INFO] [1773130356.791287305] [gazebo_wind_plugin_node]: WindPlugin: set wind_speed=0.00 wind_direction=0.0
[gzserver-2] [INFO] [1773130357.030723245] [gazebo_wind_plugin_node]: WindPlugin: set wind_speed=0.00 wind_direction=0.0
[gzserver-2] [0m[1;36m[Dbg] [wind_plugin.cpp:110] [0m[1;36mWindPlugin: received command -> speed=[0m[1;36m0[0m[1;36m dir=[0m[1;36m0[0m[1;36m
[gzserver-2] [0m[1;36m[Dbg] [wind_plugin.cpp:110] [0m[1;36mWindPlugin: received command -> speed=[0m[1;36m0[0m[1;36m dir=[0m[1;36m0[0m[1;36m
[gzserver-2] [0m[1;36m[Dbg] [wind_plugin.cpp:110] [0m[1;36mWindPlugin: received command -> speed=[0m[1;36m0[0m[1;36m dir=[0m[1;36m0[0m[1;36m
[gzserver-2] [0m[1;36m[Dbg] [wind_plugin.cpp:110] [0m[1;36mWindPlugin: received command -> speed=[0m[1;36m0[0m[1;36m dir=[0m[1;36m0[0m[1;36m
[gzserver-2] [0m[1;36m[Dbg] [wind_plugin.cpp:110] [0m[1;36mWindPlugin: received command -> speed=[0m[1;36m0[0m[1;36m dir=[0m[1;36m0[0m[1;36m
[gzserver-2] [0m[1;36m[Dbg] [wind_plugin.cpp:110] [0m[1;36mWindPlugin: received command -> speed=[0m[1;36m0[0m[1;36m dir=[0m[1;36m0[0m[1;36m
[gzserver-2] [0m[1;36m[Dbg] [wind_plugin.cpp:110] [0m[1;36mWindPlugin: received command -> speed=[0m[1;36m0[0m[1;36m dir=[0m[1;36m0[0m[1;36m
[gzserver-2] [0mEntering flying model!
[gzserver-2] [INFO] [1773130357.264871028] [gazebo_wind_plugin_node]: WindPlugin: set wind_speed=0.00 wind_direction=0.0
[gzserver-2] [INFO] [1773130357.504489542] [gazebo_wind_plugin_node]: WindPlugin: set wind_speed=0.82 wind_direction=29.8
[gzserver-2] [INFO] [1773130357.733093988] [gazebo_wind_plugin_node]: WindPlugin: set wind_speed=0.82 wind_direction=29.8
[gzserver-2] [INFO] [1773130357.972741187] [gazebo_wind_plugin_node]: WindPlugin: set wind_speed=0.82 wind_direction=29.8
[gzserver-2] [INFO] [1773130358.196876919] [gazebo_wind_plugin_node]: WindPlugin: set wind_speed=0.93 wind_direction=25.7
[gzserver-2] [INFO] [1773130358.431180611] [gazebo_wind_plugin_node]: WindPlugin: set wind_speed=0.93 wind_direction=25.7
[gzserver-2] [INFO] [1773130358.665373399] [gazebo_wind_plugin_node]: WindPlugin: set wind_speed=0.93 wind_direction=25.7
[gzserver-2] [INFO] [1773130358.904255606] [gazebo_wind_plugin_node]: WindPlugin: set wind_speed=0.93 wind_direction=25.7
[gzserver-2] [INFO] [1773130359.138010057] [gazebo_wind_plugin_node]: WindPlugin: set wind_speed=0.77 wind_direction=28.7
[gzserver-2] [INFO] [1773130359.372696393] [gazebo_wind_plugin_node]: WindPlugin: set wind_speed=0.77 wind_direction=28.7
[gzserver-2] [INFO] [1773130359.607088228] [gazebo_wind_plugin_node]: WindPlugin: set wind_speed=0.77 wind_direction=28.7
[gzserver-2] [INFO] [1773130359.846475993] [gazebo_wind_plugin_node]: WindPlugin: set wind_speed=0.77 wind_direction=28.7
[gzserver-2] [INFO] [1773130360.080884978] [gazebo_wind_plugin_node]: WindPlugin: set wind_speed=0.88 wind_direction=24.1
[gzserver-2] [INFO] [1773130360.321011347] [gazebo_wind_plugin_node]: WindPlugin: set wind_speed=0.88 wind_direction=24.1
[gzserver-2] [INFO] [1773130360.560526510] [gazebo_wind_plugin_node]: WindPlugin: set wind_speed=0.88 wind_direction=24.1
[gzserver-2] [INFO] [1773130360.800025029] [gazebo_wind_plugin_node]: WindPlugin: set wind_speed=0.88 wind_direction=24.1
[gzserver-2] [INFO] [1773130361.037613000] [gazebo_wind_plugin_node]: WindPlugin: set wind_speed=0.88 wind_direction=24.1
[gzserver-2] [INFO] [1773130361.070669812] [drone.simple_drone]: Quadrotor lands!!
[gzserver-2] [INFO] [1773130361.272092601] [gazebo_wind_plugin_node]: WindPlugin: set wind_speed=0.91 wind_direction=28.2
[gzserver-2] [INFO] [1773130361.511440609] [gazebo_wind_plugin_node]: WindPlugin: set wind_speed=0.91 wind_direction=28.2
[gzserver-2] [INFO] [1773130361.751923900] [gazebo_wind_plugin_node]: WindPlugin: set wind_speed=0.91 wind_direction=28.2
[gzserver-2] [INFO] [1773130361.991702985] [gazebo_wind_plugin_node]: WindPlugin: set wind_speed=0.91 wind_direction=28.2
[gzserver-2] [1;36m[Dbg] [wind_plugin.cpp:110] [0m[1;36mWindPlugin: received command -> speed=[0m[1;36m0[0m[1;36m dir=[0m[1;36m0[0m[1;36m
[gzserver-2] [0m[1;36m[Dbg] [wind_plugin.cpp:110] [0m[1;36mWindPlugin: received command -> speed=[0m[1;36m0.817788[0m[1;36m dir=[0m[1;36m29.8009[0m[1;36m
[gzserver-2] [0m[1;36m[Dbg] [wind_plugin.cpp:110] [0m[1;36mWindPlugin: received command -> speed=[0m[1;36m0.817788[0m[1;36m dir=[0m[1;36m29.8009[0m[1;36m
[gzserver-2] [0m[1;36m[Dbg] [wind_plugin.cpp:110] [0m[1;36mWindPlugin: received command -> speed=[0m[1;36m0.817788[0m[1;36m dir=[0m[1;36m29.8009[0m[1;36m
[gzserver-2] [0m[1;36m[Dbg] [wind_plugin.cpp:110] [0m[1;36mWindPlugin: received command -> speed=[0m[1;36m0.9287[0m[1;36m dir=[0m[1;36m25.7065[0m[1;36m
[gzserver-2] [0m[1;36m[Dbg] [wind_plugin.cpp:110] [0m[1;36mWindPlugin: received command -> speed=[0m[1;36m0.9287[0m[1;36m dir=[0m[1;36m25.7065[0m[1;36m
[gzserver-2] [0m[1;36m[Dbg] [wind_plugin.cpp:110] [0m[1;36mWindPlugin: received command -> speed=[0m[1;36m0.9287[0m[1;36m dir=[0m[1;36m25.7065[0m[1;36m
[gzserver-2] [0m[1;36m[Dbg] [wind_plugin.cpp:110] [0m[1;36mWindPlugin: received command -> speed=[0m[1;36m0.9287[0m[1;36m dir=[0m[1;36m25.7065[0m[1;36m
[gzserver-2] [0m[1;36m[Dbg] [wind_plugin.cpp:110] [0m[1;36mWindPlugin: received command -> speed=[0m[1;36m0.768296[0m[1;36m dir=[0m[1;36m28.6583[0m[1;36m
[gzserver-2] [0m[1;36m[Dbg] [wind_plugin.cpp:110] [0m[1;36mWindPlugin: received command -> speed=[0m[1;36m0.768296[0m[1;36m dir=[0m[1;36m28.6583[0m[1;36m
[gzserver-2] [0m[1;36m[Dbg] [wind_plugin.cpp:110] [0m[1;36mWindPlugin: received command -> speed=[0m[1;36m0.768296[0m[1;36m dir=[0m[1;36m28.6583[0m[1;36m
[gzserver-2] [0m[1;36m[Dbg] [wind_plugin.cpp:110] [0m[1;36mWindPlugin: received command -> speed=[0m[1;36m0.768296[0m[1;36m dir=[0m[1;36m28.6583[0m[1;36m
[gzserver-2] [0m[1;36m[Dbg] [wind_plugin.cpp:110] [0m[1;36mWindPlugin: received command -> speed=[0m[1;36m0.878049[0m[1;36m dir=[0m[1;36m24.0797[0m[1;36m
[gzserver-2] [0m[1;36m[Dbg] [wind_plugin.cpp:110] [0m[1;36mWindPlugin: received command -> speed=[0m[1;36m0.878049[0m[1;36m dir=[0m[1;36m24.0797[0m[1;36m
[gzserver-2] [0m[1;36m[Dbg] [wind_plugin.cpp:110] [0m[1;36mWindPlugin: received command -> speed=[0m[1;36m0.878049[0m[1;36m dir=[0m[1;36m24.0797[0m[1;36m
[gzserver-2] [0m[1;36m[Dbg] [wind_plugin.cpp:110] [0m[1;36mWindPlugin: received command -> speed=[0m[1;36m0.878049[0m[1;36m dir=[0m[1;36m24.0797[0m[1;36m
[gzserver-2] [0m[1;36m[Dbg] [wind_plugin.cpp:110] [0m[1;36mWindPlugin: received command -> speed=[0m[1;36m0.878049[0m[1;36m dir=[0m[1;36m24.0797[0m[1;36m
[gzserver-2] [0m[1;36m[Dbg] [wind_plugin.cpp:110] [0m[1;36mWindPlugin: received command -> speed=[0m[1;36m0.910149[0m[1;36m dir=[0m[1;36m28.1692[0m[1;36m
[gzserver-2] [0m[1;36m[Dbg] [wind_plugin.cpp:110] [0m[1;36mWindPlugin: received command -> speed=[0m[1;36m0.910149[0m[1;36m dir=[0m[1;36m28.1692[0m[1;36m
[gzserver-2] [0m[1;36m[Dbg] [wind_plugin.cpp:110] [0m[1;36mWindPlugin: received command -> speed=[0m[1;36m0.910149[0m[1;36m dir=[0m[1;36m28.1692[0m[1;36m
[gzserver-2] [0m[1;36m[Dbg] [wind_plugin.cpp:110] [0m[1;36mWindPlugin: received command -> speed=[0m[1;36m0.910149[0m[1;36m dir=[0m[1;36m28.1692[0m[1;36m
[gzserver-2] [0mLanded!
[gzserver-2] [INFO] [1773130362.229562688] [gazebo_wind_plugin_node]: WindPlugin: set wind_speed=0.76 wind_direction=24.6
[gzserver-2] [INFO] [1773130362.469122427] [gazebo_wind_plugin_node]: WindPlugin: set wind_speed=0.76 wind_direction=24.6
[gzserver-2] [INFO] [1773130362.708657630] [gazebo_wind_plugin_node]: WindPlugin: set wind_speed=0.76 wind_direction=24.6
[gzserver-2] [INFO] [1773130362.944599490] [gazebo_wind_plugin_node]: WindPlugin: set wind_speed=0.76 wind_direction=24.6
[gzserver-2] [INFO] [1773130363.181162795] [gazebo_wind_plugin_node]: WindPlugin: set wind_speed=1.01 wind_direction=25.2
[gzserver-2] [INFO] [1773130363.420424727] [gazebo_wind_plugin_node]: WindPlugin: set wind_speed=1.01 wind_direction=25.2
[gzserver-2] [INFO] [1773130363.660951671] [gazebo_wind_plugin_node]: WindPlugin: set wind_speed=1.01 wind_direction=25.2
[gzserver-2] [INFO] [1773130363.900431172] [gazebo_wind_plugin_node]: WindPlugin: set wind_speed=1.01 wind_direction=25.2
