[INFO] [launch]: All log files can be found below /home/j/.ros/log/2026-03-10-13-37-00-307612-j-1839098
[INFO] [launch]: Default logging verbosity is set to INFO
[INFO] [launch.user]: [bringup] Apriltag config: camera=/drone/bottom, image=/drone/bottom/image_raw, tags=/drone/bottom/tags, bridge=/landing_tag_state, standalone=true, use_target_id=true, target_id=0
[INFO] [rviz2-1]: process started with pid [1839102]
[INFO] [gzserver-2]: process started with pid [1839104]
[INFO] [robot_state_publisher-3]: process started with pid [1839106]
[INFO] [joint_state_publisher-4]: process started with pid [1839108]
[INFO] [spawn_drone-5]: process started with pid [1839110]
[INFO] [static_transform_publisher-6]: process started with pid [1839112]
[INFO] [joy_node-7]: process started with pid [1839114]
[INFO] [teleop_joystick-8]: process started with pid [1839116]
[INFO] [apriltag_detector_node-9]: process started with pid [1839118]
[INFO] [apriltag_state_bridge-10]: process started with pid [1839121]
[static_transform_publisher-6] [WARN] [1773117420.771898436] []: Old-style arguments are deprecated; see --help for new-style arguments
[static_transform_publisher-6] [INFO] [1773117420.779035133] [static_transform_publisher_G2ns79YGkbhn8zpS]: Spinning until stopped - publishing transform
[static_transform_publisher-6] translation: ('0.000000', '0.000000', '0.000000')
[static_transform_publisher-6] rotation: ('0.000000', '0.000000', '0.000000', '1.000000')
[static_transform_publisher-6] from 'world' to '/drone/odom'
[robot_state_publisher-3] [INFO] [1773117420.795219680] [drone.robot_state_publisher]: got segment base_footprint
[robot_state_publisher-3] [INFO] [1773117420.795288184] [drone.robot_state_publisher]: got segment base_link
[robot_state_publisher-3] [INFO] [1773117420.795293874] [drone.robot_state_publisher]: got segment bottom_cam_link
[robot_state_publisher-3] [INFO] [1773117420.795297161] [drone.robot_state_publisher]: got segment front_cam_link
[robot_state_publisher-3] [INFO] [1773117420.795299856] [drone.robot_state_publisher]: got segment sonar_link
[rviz2-1] 
[rviz2-1] (rviz2:1839102): dbind-WARNING **: 13:37:00.801: Couldn't connect to accessibility bus: Failed to connect to socket /root/.cache/at-spi/bus_0: 허가 거부
[apriltag_detector_node-9] [INFO] [1773117420.808015893] [apriltag_detector_node]: tag detector type: umich
[teleop_joystick-8] Traceback (most recent call last):
[teleop_joystick-8]   File "/home/j/INCSL/IICC26_ws/install/sjtu_drone_control/lib/sjtu_drone_control/teleop_joystick", line 33, in <module>
[teleop_joystick-8]     sys.exit(load_entry_point('sjtu_drone_control==0.0.0', 'console_scripts', 'teleop_joystick')())
[teleop_joystick-8]   File "/home/j/INCSL/IICC26_ws/install/sjtu_drone_control/lib/sjtu_drone_control/teleop_joystick", line 22, in importlib_load_entry_point
[teleop_joystick-8]     for entry_point in distribution(dist_name).entry_points
[teleop_joystick-8]   File "/usr/lib/python3.10/importlib/metadata/__init__.py", line 969, in distribution
[teleop_joystick-8]     return Distribution.from_name(distribution_name)
[teleop_joystick-8]   File "/usr/lib/python3.10/importlib/metadata/__init__.py", line 548, in from_name
[teleop_joystick-8]     raise PackageNotFoundError(name)
[teleop_joystick-8] importlib.metadata.PackageNotFoundError: No package metadata was found for sjtu_drone_control
[ERROR] [teleop_joystick-8]: process has died [pid 1839116, exit code 1, cmd '/home/j/INCSL/IICC26_ws/install/sjtu_drone_control/lib/sjtu_drone_control/teleop_joystick --ros-args -r __ns:=/drone'].
[gzserver-2] Gazebo multi-robot simulator, version 11.10.2
[gzserver-2] Copyright (C) 2012 Open Source Robotics Foundation.
[gzserver-2] Released under the Apache 2 License.
[gzserver-2] http://gazebosim.org
[gzserver-2] 
[apriltag_state_bridge-10] [INFO] [1773117421.004098434] [apriltag_state_bridge]: AprilTag bridge started: /drone/bottom/tags -> /landing_tag_state, use_target_id=True, target_id=0
[gzserver-2] [1;33m[Wrn] [gazebo_ros_init.cpp:178] [0m[1;33m
[gzserver-2] #     # ####### ####### ###  #####  #######
[gzserver-2] ##    # #     #    #     #  #     # #
[gzserver-2] # #   # #     #    #     #  #       #
[gzserver-2] #  #  # #     #    #     #  #       #####
[gzserver-2] #   # # #     #    #     #  #       #
[gzserver-2] #    ## #     #    #     #  #     # #
[gzserver-2] #     # #######    #    ###  #####  #######
[gzserver-2] 
[gzserver-2] This version of Gazebo, now called Gazebo classic, reaches end-of-life
[gzserver-2] in January 2025. Users are highly encouraged to migrate to the new Gazebo
[gzserver-2] using our migration guides (https://gazebosim.org/docs/latest/gazebo_classic_migration?utm_source=gazebo_ros_pkgs&utm_medium=cli)
[gzserver-2] 
[gzserver-2] [0m[1;33m
[joint_state_publisher-4] [INFO] [1773117421.064958179] [drone.joint_state_publisher]: Waiting for robot_description to be published on the robot_description topic...
[rviz2-1] [INFO] [1773117421.629367824] [rviz2]: Stereo is NOT SUPPORTED
[rviz2-1] [INFO] [1773117421.629464943] [rviz2]: OpenGl version: 4.6 (GLSL 4.6)
[rviz2-1] [INFO] [1773117421.714947917] [rviz2]: Stereo is NOT SUPPORTED
[rviz2-1] [INFO] [1773117421.818687304] [rviz2]: Stereo is NOT SUPPORTED
[spawn_drone-5] [INFO] [1773117422.183031567] [spawn_drone]: Result False Entity pushed to spawn queue, but spawn service timed outwaiting for entity to appear in simulation under the name [/drone]
[gzserver-2] [1;32m[Msg] [0m[1;32mWaiting for master.[0m[1;32m
[gzserver-2] [0m[1;32m[0m[1;32m[0m[1;32m[Msg] [0m[1;32mConnected to gazebo master @ [0m[1;32mhttp://127.0.0.1:11345[0m[1;32m
[gzserver-2] [0m[1;32m[0m[1;32m[0m[1;32m[Msg] [0m[1;32mPublicized address: [0m[1;32m172.16.52.147[0m[1;32m
[gzserver-2] [0m[1;32m[0m[1;32m[0m[1;32m[Msg] [0m[1;32mLoading world file [[0m[1;32m/home/j/INCSL/IICC26_ws/install/sjtu_drone_description/share/sjtu_drone_description/worlds/landingPad.world[0m[1;32m][0m[1;32m
[gzserver-2] [0m[1;32m[0m[1;32m[0m[1;36m[Dbg] [wind_plugin.cpp:96] [0m[1;36mWindPlugin loaded: speed=[0m[1;36m0[0m[1;36m dir=[0m[1;36m0[0m[1;36m deg area=[0m[1;36m0.1[0m[1;36m coeff=[0m[1;36m1[0m[1;36m
[gzserver-2] [0m[1;33m[0m[1;33m[0m[1;31m[Err] [Sensor.cc:510] [0m[1;31mGet noise index not valid[0m[1;31m
[gzserver-2] [0m[1;31m[0m[1;31m[0m[1;31m[Err] [Sensor.cc:510] [0m[1;31mGet noise index not valid[0m[1;31m
[gzserver-2] [0m[1;31m[0m[1;31m[0m[1;31m[Err] [Sensor.cc:510] [0m[1;31mGet noise index not valid[0m[1;31m
[gzserver-2] [0m[1;31m[0m[1;31m[0m[1;31m[Err] [Sensor.cc:510] [0m[1;31mGet noise index not valid[0m[1;31m
[gzserver-2] [0m[1;31m[0m[1;31m[0m[1;31m[Err] [Sensor.cc:510] [0m[1;31mGet noise index not valid[0m[1;31m
[gzserver-2] [0m[1;31m[0m[1;31m[0m[1;31m[Err] [Sensor.cc:510] [0m[1;31mGet noise index not valid[0m[1;31m
[gzserver-2] [0m[1;31m[0m[1;31m[0mTopic [default//drone/base_footprint/down_camera/image] is not valid.
[gzserver-2] [INFO] [1773117422.211753752] [drone.collision_plugin]: Publishing contact states to [/drone/bumper_states]
[gzserver-2] Topic [default//drone/base_footprint/front_camera/image] is not valid.
[gzserver-2] [1;33m[Wrn] [Event.cc:61] [0m[1;33mWarning: Deleting a connection right after creation. [0m[1;33mMake sure to save the ConnectionPtr from a Connect call
[INFO] [spawn_drone-5]: process has finished cleanly [pid 1839110]
[gzserver-2] [0m[INFO] [1773117422.798717660] [drone.camera_bottom]: Publishing camera info to [/drone/bottom/camera_info]
[gzserver-2] [INFO] [1773117422.801624908] [drone.camera_front]: Publishing camera info to [/drone/front/camera_info]
[gzserver-2] [INFO] [1773117422.923356973] [drone.simple_drone]: The drone plugin is loading!
[gzserver-2] [INFO] [1773117422.923562947] [drone.simple_drone]: pub_odom: 1
[gzserver-2] [INFO] [1773117422.923594627] [drone.simple_drone]: Using following parameters: 
[gzserver-2] 		link_name: base_footprint,
[gzserver-2] 		max_force: 30,
[gzserver-2] 		motion_small_noise: 0,
[gzserver-2] 		motion_drift_noise: 0,
[gzserver-2] 		motion_drift_noise_time: 50,
[gzserver-2] 		takeoff_hover_height: 2.47,
[gzserver-2] 		takeoff_vertical_speed: 0.2
[gzserver-2] [INFO] [1773117422.935014257] [drone.simple_drone]: Using the PID parameters: 
[gzserver-2] 	Roll Pitch:
[gzserver-2] 		kP: 10, kI: 0,kD: 5, Limit: 0.5, Time Constant: 0
[gzserver-2] 	Yaw:
[gzserver-2] 		kP: 2, kI: 0,kD: 1, Limit: 1.5, Time Constant: 0
[gzserver-2] 	Velocity X:
[gzserver-2] 		kP: 5, kI: 0,kD: 2.3, Limit: 2, Time Constant: 0
[gzserver-2] 	Velocity Y:
[gzserver-2] 		kP: 5, kI: 0,kD: 2.3, Limit: 2, Time Constant: 0
[gzserver-2] 	Velocity Z:
[gzserver-2] 		kP: 5, kI: 0,kD: 1, Limit: -1, Time Constant: 0
[gzserver-2] 	Position XY:
[gzserver-2] 		kP: 1.1, kI: 0,kD: 0, Limit: 5, Time Constant: 0
[gzserver-2] 	Position Z:
[gzserver-2] 		kP: 1, kI: 0,kD: 0.2, Limit: -1, Time Constant: 0
[gzserver-2] [INFO] [1773117422.935147014] [drone.simple_drone]: The drone plugin finished loading!
[gzserver-2] [INFO] [1773117430.134862263] [gazebo_wind_plugin_node]: WindPlugin: set wind_speed=0.00 wind_direction=0.0
[gzserver-2] [INFO] [1773117430.406944471] [gazebo_wind_plugin_node]: WindPlugin: set wind_speed=0.00 wind_direction=0.0
[gzserver-2] [INFO] [1773117430.445597417] [drone.simple_drone]: Quadrotor takes off!!
[gzserver-2] [INFO] [1773117430.646427625] [gazebo_wind_plugin_node]: WindPlugin: set wind_speed=0.00 wind_direction=0.0
[gzserver-2] [INFO] [1773117430.880159070] [gazebo_wind_plugin_node]: WindPlugin: set wind_speed=0.00 wind_direction=0.0
[gzserver-2] [INFO] [1773117431.118874293] [gazebo_wind_plugin_node]: WindPlugin: set wind_speed=0.00 wind_direction=0.0
[gzserver-2] [INFO] [1773117431.358515882] [gazebo_wind_plugin_node]: WindPlugin: set wind_speed=0.00 wind_direction=0.0
[gzserver-2] [INFO] [1773117431.599746024] [gazebo_wind_plugin_node]: WindPlugin: set wind_speed=0.00 wind_direction=0.0
[gzserver-2] [INFO] [1773117431.839177813] [gazebo_wind_plugin_node]: WindPlugin: set wind_speed=0.00 wind_direction=0.0
[gzserver-2] [INFO] [1773117432.078756785] [gazebo_wind_plugin_node]: WindPlugin: set wind_speed=0.00 wind_direction=0.0
[gzserver-2] [INFO] [1773117432.318479894] [gazebo_wind_plugin_node]: WindPlugin: set wind_speed=0.00 wind_direction=0.0
[gzserver-2] [0m[1;36m[Dbg] [wind_plugin.cpp:110] [0m[1;36mWindPlugin: received command -> speed=[0m[1;36m0[0m[1;36m dir=[0m[1;36m0[0m[1;36m
[gzserver-2] [0m[1;36m[Dbg] [wind_plugin.cpp:110] [0m[1;36mWindPlugin: received command -> speed=[0m[1;36m0[0m[1;36m dir=[0m[1;36m0[0m[1;36m
[gzserver-2] [0m[1;36m[Dbg] [wind_plugin.cpp:110] [0m[1;36mWindPlugin: received command -> speed=[0m[1;36m0[0m[1;36m dir=[0m[1;36m0[0m[1;36m
[gzserver-2] [0m[1;36m[Dbg] [wind_plugin.cpp:110] [0m[1;36mWindPlugin: received command -> speed=[0m[1;36m0[0m[1;36m dir=[0m[1;36m0[0m[1;36m
[gzserver-2] [0m[1;36m[Dbg] [wind_plugin.cpp:110] [0m[1;36mWindPlugin: received command -> speed=[0m[1;36m0[0m[1;36m dir=[0m[1;36m0[0m[1;36m
[gzserver-2] [0m[1;36m[Dbg] [wind_plugin.cpp:110] [0m[1;36mWindPlugin: received command -> speed=[0m[1;36m0[0m[1;36m dir=[0m[1;36m0[0m[1;36m
[gzserver-2] [0m[1;36m[Dbg] [wind_plugin.cpp:110] [0m[1;36mWindPlugin: received command -> speed=[0m[1;36m0[0m[1;36m dir=[0m[1;36m0[0m[1;36m
[gzserver-2] [0m[1;36m[Dbg] [wind_plugin.cpp:110] [0m[1;36mWindPlugin: received command -> speed=[0m[1;36m0[0m[1;36m dir=[0m[1;36m0[0m[1;36m
[gzserver-2] [0m[1;36m[Dbg] [wind_plugin.cpp:110] [0m[1;36mWindPlugin: received command -> speed=[0m[1;36m0[0m[1;36m dir=[0m[1;36m0[0m[1;36m
[gzserver-2] [0m[1;36m[Dbg] [wind_plugin.cpp:110] [0m[1;36mWindPlugin: received command -> speed=[0m[1;36m0[0m[1;36m dir=[0m[1;36m0[0m[1;36m
[gzserver-2] [0mEntering flying model!
[gzserver-2] [INFO] [1773117432.552457158] [gazebo_wind_plugin_node]: WindPlugin: set wind_speed=0.00 wind_direction=0.0
[gzserver-2] [INFO] [1773117432.787270976] [gazebo_wind_plugin_node]: WindPlugin: set wind_speed=1.97 wind_direction=-68.4
[gzserver-2] [INFO] [1773117433.021326198] [gazebo_wind_plugin_node]: WindPlugin: set wind_speed=1.97 wind_direction=-68.4
[gzserver-2] [INFO] [1773117433.255650934] [gazebo_wind_plugin_node]: WindPlugin: set wind_speed=1.97 wind_direction=-68.4
[gzserver-2] [INFO] [1773117433.485654710] [gazebo_wind_plugin_node]: WindPlugin: set wind_speed=1.97 wind_direction=-68.4
[gzserver-2] [INFO] [1773117433.724452046] [gazebo_wind_plugin_node]: WindPlugin: set wind_speed=1.87 wind_direction=-69.1
[gzserver-2] [INFO] [1773117433.963910075] [gazebo_wind_plugin_node]: WindPlugin: set wind_speed=1.87 wind_direction=-69.1
[gzserver-2] [INFO] [1773117434.198222673] [gazebo_wind_plugin_node]: WindPlugin: set wind_speed=1.87 wind_direction=-69.1
[gzserver-2] [INFO] [1773117434.439114408] [gazebo_wind_plugin_node]: WindPlugin: set wind_speed=1.87 wind_direction=-69.1
[gzserver-2] [INFO] [1773117434.675344213] [gazebo_wind_plugin_node]: WindPlugin: set wind_speed=1.96 wind_direction=-69.0
[gzserver-2] [INFO] [1773117434.909681505] [gazebo_wind_plugin_node]: WindPlugin: set wind_speed=1.96 wind_direction=-69.0
[gzserver-2] [INFO] [1773117435.149125001] [gazebo_wind_plugin_node]: WindPlugin: set wind_speed=1.96 wind_direction=-69.0
[gzserver-2] [INFO] [1773117435.388721272] [gazebo_wind_plugin_node]: WindPlugin: set wind_speed=1.96 wind_direction=-69.0
[gzserver-2] [INFO] [1773117435.623105278] [gazebo_wind_plugin_node]: WindPlugin: set wind_speed=1.96 wind_direction=-69.0
[gzserver-2] [INFO] [1773117435.660593657] [drone.simple_drone]: Quadrotor lands!!
[gzserver-2] [INFO] [1773117435.862264313] [gazebo_wind_plugin_node]: WindPlugin: set wind_speed=2.02 wind_direction=-65.8
[gzserver-2] [INFO] [1773117436.094075966] [gazebo_wind_plugin_node]: WindPlugin: set wind_speed=2.02 wind_direction=-65.8
[gzserver-2] [INFO] [1773117436.328498516] [gazebo_wind_plugin_node]: WindPlugin: set wind_speed=2.02 wind_direction=-65.8
[gzserver-2] [INFO] [1773117436.570457508] [gazebo_wind_plugin_node]: WindPlugin: set wind_speed=2.02 wind_direction=-65.8
[gzserver-2] [1;36m[Dbg] [wind_plugin.cpp:110] [0m[1;36mWindPlugin: received command -> speed=[0m[1;36m0[0m[1;36m dir=[0m[1;36m0[0m[1;36m
[gzserver-2] [0m[1;36m[Dbg] [wind_plugin.cpp:110] [0m[1;36mWindPlugin: received command -> speed=[0m[1;36m1.97179[0m[1;36m dir=[0m[1;36m-68.403[0m[1;36m
[gzserver-2] [0m[1;36m[Dbg] [wind_plugin.cpp:110] [0m[1;36mWindPlugin: received command -> speed=[0m[1;36m1.97179[0m[1;36m dir=[0m[1;36m-68.403[0m[1;36m
[gzserver-2] [0m[1;36m[Dbg] [wind_plugin.cpp:110] [0m[1;36mWindPlugin: received command -> speed=[0m[1;36m1.97179[0m[1;36m dir=[0m[1;36m-68.403[0m[1;36m
[gzserver-2] [0m[1;36m[Dbg] [wind_plugin.cpp:110] [0m[1;36mWindPlugin: received command -> speed=[0m[1;36m1.97179[0m[1;36m dir=[0m[1;36m-68.403[0m[1;36m
[gzserver-2] [0m[1;36m[Dbg] [wind_plugin.cpp:110] [0m[1;36mWindPlugin: received command -> speed=[0m[1;36m1.87026[0m[1;36m dir=[0m[1;36m-69.1491[0m[1;36m
[gzserver-2] [0m[1;36m[Dbg] [wind_plugin.cpp:110] [0m[1;36mWindPlugin: received command -> speed=[0m[1;36m1.87026[0m[1;36m dir=[0m[1;36m-69.1491[0m[1;36m
[gzserver-2] [0m[1;36m[Dbg] [wind_plugin.cpp:110] [0m[1;36mWindPlugin: received command -> speed=[0m[1;36m1.87026[0m[1;36m dir=[0m[1;36m-69.1491[0m[1;36m
[gzserver-2] [0m[1;36m[Dbg] [wind_plugin.cpp:110] [0m[1;36mWindPlugin: received command -> speed=[0m[1;36m1.87026[0m[1;36m dir=[0m[1;36m-69.1491[0m[1;36m
[gzserver-2] [0m[1;36m[Dbg] [wind_plugin.cpp:110] [0m[1;36mWindPlugin: received command -> speed=[0m[1;36m1.96398[0m[1;36m dir=[0m[1;36m-68.9925[0m[1;36m
[gzserver-2] [0m[1;36m[Dbg] [wind_plugin.cpp:110] [0m[1;36mWindPlugin: received command -> speed=[0m[1;36m1.96398[0m[1;36m dir=[0m[1;36m-68.9925[0m[1;36m
[gzserver-2] [0m[1;36m[Dbg] [wind_plugin.cpp:110] [0m[1;36mWindPlugin: received command -> speed=[0m[1;36m1.96398[0m[1;36m dir=[0m[1;36m-68.9925[0m[1;36m
[gzserver-2] [0m[1;36m[Dbg] [wind_plugin.cpp:110] [0m[1;36mWindPlugin: received command -> speed=[0m[1;36m1.96398[0m[1;36m dir=[0m[1;36m-68.9925[0m[1;36m
[gzserver-2] [0m[1;36m[Dbg] [wind_plugin.cpp:110] [0m[1;36mWindPlugin: received command -> speed=[0m[1;36m1.96398[0m[1;36m dir=[0m[1;36m-68.9925[0m[1;36m
[gzserver-2] [0m[1;36m[Dbg] [wind_plugin.cpp:110] [0m[1;36mWindPlugin: received command -> speed=[0m[1;36m2.01856[0m[1;36m dir=[0m[1;36m-65.8056[0m[1;36m
[gzserver-2] [0m[1;36m[Dbg] [wind_plugin.cpp:110] [0m[1;36mWindPlugin: received command -> speed=[0m[1;36m2.01856[0m[1;36m dir=[0m[1;36m-65.8056[0m[1;36m
[gzserver-2] [0m[1;36m[Dbg] [wind_plugin.cpp:110] [0m[1;36mWindPlugin: received command -> speed=[0m[1;36m2.01856[0m[1;36m dir=[0m[1;36m-65.8056[0m[1;36m
[gzserver-2] [0m[1;36m[Dbg] [wind_plugin.cpp:110] [0m[1;36mWindPlugin: received command -> speed=[0m[1;36m2.01856[0m[1;36m dir=[0m[1;36m-65.8056[0m[1;36m
[gzserver-2] [0mLanded!
[gzserver-2] [INFO] [1773117436.799464985] [gazebo_wind_plugin_node]: WindPlugin: set wind_speed=1.92 wind_direction=-64.2
[gzserver-2] [INFO] [1773117437.033619600] [gazebo_wind_plugin_node]: WindPlugin: set wind_speed=1.92 wind_direction=-64.2
[gzserver-2] [INFO] [1773117437.273128217] [gazebo_wind_plugin_node]: WindPlugin: set wind_speed=1.92 wind_direction=-64.2
[gzserver-2] [INFO] [1773117437.513079437] [gazebo_wind_plugin_node]: WindPlugin: set wind_speed=1.92 wind_direction=-64.2
[gzserver-2] [INFO] [1773117437.752412445] [gazebo_wind_plugin_node]: WindPlugin: set wind_speed=1.93 wind_direction=-68.3
[gzserver-2] [INFO] [1773117437.987324159] [gazebo_wind_plugin_node]: WindPlugin: set wind_speed=1.93 wind_direction=-68.3
[gzserver-2] [INFO] [1773117438.218155333] [gazebo_wind_plugin_node]: WindPlugin: set wind_speed=1.93 wind_direction=-68.3
[gzserver-2] [INFO] [1773117438.457863240] [gazebo_wind_plugin_node]: WindPlugin: set wind_speed=1.93 wind_direction=-68.3
