[INFO] [launch]: All log files can be found below /home/j/.ros/log/2026-03-11-08-58-25-034712-j-2572474
[INFO] [launch]: Default logging verbosity is set to INFO
[INFO] [launch.user]: [bringup] Apriltag config: camera=/drone/bottom, image=/drone/bottom/image_raw, tags=/drone/bottom/tags, bridge=/landing_tag_state, standalone=true, use_target_id=true, target_id=0
[INFO] [rviz2-1]: process started with pid [2572475]
[INFO] [gzserver-2]: process started with pid [2572477]
[INFO] [robot_state_publisher-3]: process started with pid [2572479]
[INFO] [joint_state_publisher-4]: process started with pid [2572481]
[INFO] [spawn_drone-5]: process started with pid [2572483]
[INFO] [static_transform_publisher-6]: process started with pid [2572485]
[INFO] [joy_node-7]: process started with pid [2572487]
[INFO] [teleop_joystick-8]: process started with pid [2572489]
[INFO] [apriltag_detector_node-9]: process started with pid [2572491]
[INFO] [apriltag_state_bridge-10]: process started with pid [2572493]
[static_transform_publisher-6] [WARN] [1773187105.502341000] []: Old-style arguments are deprecated; see --help for new-style arguments
[static_transform_publisher-6] [INFO] [1773187105.511124238] [static_transform_publisher_pCBxUg6JsiKdS8U8]: Spinning until stopped - publishing transform
[static_transform_publisher-6] translation: ('0.000000', '0.000000', '0.000000')
[static_transform_publisher-6] rotation: ('0.000000', '0.000000', '0.000000', '1.000000')
[static_transform_publisher-6] from 'world' to '/drone/odom'
[rviz2-1] 
[rviz2-1] (rviz2:2572475): dbind-WARNING **: 08:58:25.536: Couldn't connect to accessibility bus: Failed to connect to socket /root/.cache/at-spi/bus_0: 허가 거부
[robot_state_publisher-3] [INFO] [1773187105.539143046] [drone.robot_state_publisher]: got segment base_footprint
[robot_state_publisher-3] [INFO] [1773187105.539232776] [drone.robot_state_publisher]: got segment base_link
[robot_state_publisher-3] [INFO] [1773187105.539245940] [drone.robot_state_publisher]: got segment bottom_cam_link
[robot_state_publisher-3] [INFO] [1773187105.539255543] [drone.robot_state_publisher]: got segment front_cam_link
[robot_state_publisher-3] [INFO] [1773187105.539263163] [drone.robot_state_publisher]: got segment sonar_link
[apriltag_detector_node-9] [INFO] [1773187105.541121434] [apriltag_detector_node]: tag detector type: umich
[teleop_joystick-8] Traceback (most recent call last):
[teleop_joystick-8]   File "/home/j/INCSL/IICC26_ws/install/sjtu_drone_control/lib/sjtu_drone_control/teleop_joystick", line 33, in <module>
[teleop_joystick-8]     sys.exit(load_entry_point('sjtu_drone_control==0.0.0', 'console_scripts', 'teleop_joystick')())
[teleop_joystick-8]   File "/home/j/INCSL/IICC26_ws/install/sjtu_drone_control/lib/sjtu_drone_control/teleop_joystick", line 22, in importlib_load_entry_point
[teleop_joystick-8]     for entry_point in distribution(dist_name).entry_points
[teleop_joystick-8]   File "/usr/lib/python3.10/importlib/metadata/__init__.py", line 969, in distribution
[teleop_joystick-8]     return Distribution.from_name(distribution_name)
[teleop_joystick-8]   File "/usr/lib/python3.10/importlib/metadata/__init__.py", line 548, in from_name
[teleop_joystick-8]     raise PackageNotFoundError(name)
[teleop_joystick-8] importlib.metadata.PackageNotFoundError: No package metadata was found for sjtu_drone_control
[ERROR] [teleop_joystick-8]: process has died [pid 2572489, exit code 1, cmd '/home/j/INCSL/IICC26_ws/install/sjtu_drone_control/lib/sjtu_drone_control/teleop_joystick --ros-args -r __ns:=/drone'].
[gzserver-2] Gazebo multi-robot simulator, version 11.10.2
[gzserver-2] Copyright (C) 2012 Open Source Robotics Foundation.
[gzserver-2] Released under the Apache 2 License.
[gzserver-2] http://gazebosim.org
[gzserver-2] 
[apriltag_state_bridge-10] [INFO] [1773187105.779488060] [apriltag_state_bridge]: AprilTag bridge started: /drone/bottom/tags -> /landing_tag_state, use_target_id=True, target_id=0
[joint_state_publisher-4] [INFO] [1773187105.786358026] [drone.joint_state_publisher]: Waiting for robot_description to be published on the robot_description topic...
[gzserver-2] [1;33m[Wrn] [gazebo_ros_init.cpp:178] [0m[1;33m
[gzserver-2] #     # ####### ####### ###  #####  #######
[gzserver-2] ##    # #     #    #     #  #     # #
[gzserver-2] # #   # #     #    #     #  #       #
[gzserver-2] #  #  # #     #    #     #  #       #####
[gzserver-2] #   # # #     #    #     #  #       #
[gzserver-2] #    ## #     #    #     #  #     # #
[gzserver-2] #     # #######    #    ###  #####  #######
[gzserver-2] 
[gzserver-2] This version of Gazebo, now called Gazebo classic, reaches end-of-life
[gzserver-2] in January 2025. Users are highly encouraged to migrate to the new Gazebo
[gzserver-2] using our migration guides (https://gazebosim.org/docs/latest/gazebo_classic_migration?utm_source=gazebo_ros_pkgs&utm_medium=cli)
[gzserver-2] 
[gzserver-2] [0m[1;33m
[rviz2-1] [INFO] [1773187106.394203409] [rviz2]: Stereo is NOT SUPPORTED
[rviz2-1] [INFO] [1773187106.394294675] [rviz2]: OpenGl version: 4.6 (GLSL 4.6)
[rviz2-1] [INFO] [1773187106.500111711] [rviz2]: Stereo is NOT SUPPORTED
[rviz2-1] [INFO] [1773187106.589017136] [rviz2]: Stereo is NOT SUPPORTED
[spawn_drone-5] [INFO] [1773187107.005667482] [spawn_drone]: Result False Entity pushed to spawn queue, but spawn service timed outwaiting for entity to appear in simulation under the name [/drone]
[gzserver-2] [1;32m[Msg] [0m[1;32mWaiting for master.[0m[1;32m
[gzserver-2] [0m[1;32m[0m[1;32m[0m[1;32m[Msg] [0m[1;32mConnected to gazebo master @ [0m[1;32mhttp://127.0.0.1:11345[0m[1;32m
[gzserver-2] [0m[1;32m[0m[1;32m[0m[1;32m[Msg] [0m[1;32mPublicized address: [0m[1;32m172.16.52.147[0m[1;32m
[gzserver-2] [0m[1;32m[0m[1;32m[0m[1;32m[Msg] [0m[1;32mLoading world file [[0m[1;32m/home/j/INCSL/IICC26_ws/install/sjtu_drone_description/share/sjtu_drone_description/worlds/landingPad.world[0m[1;32m][0m[1;32m
[gzserver-2] [0m[1;32m[0m[1;32m[0m[1;36m[Dbg] [wind_plugin.cpp:96] [0m[1;36mWindPlugin loaded: speed=[0m[1;36m0[0m[1;36m dir=[0m[1;36m0[0m[1;36m deg area=[0m[1;36m0.1[0m[1;36m coeff=[0m[1;36m1[0m[1;36m
[gzserver-2] [0m[1;33m[0m[1;33m[0m[1;31m[Err] [Sensor.cc:510] [0m[1;31mGet noise index not valid[0m[1;31m
[gzserver-2] [0m[1;31m[0m[1;31m[0m[1;31m[Err] [Sensor.cc:510] [0m[1;31mGet noise index not valid[0m[1;31m
[gzserver-2] [0m[1;31m[0m[1;31m[0m[1;31m[Err] [Sensor.cc:510] [0m[1;31mGet noise index not valid[0m[1;31m
[gzserver-2] [0m[1;31m[0m[1;31m[0m[1;31m[Err] [Sensor.cc:510] [0m[1;31mGet noise index not valid[0m[1;31m
[gzserver-2] [0m[1;31m[0m[1;31m[0m[1;31m[Err] [Sensor.cc:510] [0m[1;31mGet noise index not valid[0m[1;31m
[gzserver-2] [0m[1;31m[0m[1;31m[0m[1;31m[Err] [Sensor.cc:510] [0m[1;31mGet noise index not valid[0m[1;31m
[gzserver-2] [0m[1;31m[0m[1;31m[0mTopic [default//drone/base_footprint/down_camera/image] is not valid.
[gzserver-2] [INFO] [1773187107.039087542] [drone.collision_plugin]: Publishing contact states to [/drone/bumper_states]
[gzserver-2] Topic [default//drone/base_footprint/front_camera/image] is not valid.
[gzserver-2] [1;33m[Wrn] [Event.cc:61] [0m[1;33mWarning: Deleting a connection right after creation. [0m[1;33mMake sure to save the ConnectionPtr from a Connect call
[INFO] [spawn_drone-5]: process has finished cleanly [pid 2572483]
[gzserver-2] [0m[INFO] [1773187107.614320144] [drone.camera_bottom]: Publishing camera info to [/drone/bottom/camera_info]
[gzserver-2] [INFO] [1773187107.617374079] [drone.camera_front]: Publishing camera info to [/drone/front/camera_info]
[gzserver-2] [INFO] [1773187107.740351431] [drone.simple_drone]: The drone plugin is loading!
[gzserver-2] [INFO] [1773187107.740570196] [drone.simple_drone]: pub_odom: 1
[gzserver-2] [INFO] [1773187107.740614225] [drone.simple_drone]: Using following parameters: 
[gzserver-2] 		link_name: base_footprint,
[gzserver-2] 		max_force: 30,
[gzserver-2] 		motion_small_noise: 0,
[gzserver-2] 		motion_drift_noise: 0,
[gzserver-2] 		motion_drift_noise_time: 50,
[gzserver-2] 		takeoff_hover_height: 2.22,
[gzserver-2] 		takeoff_vertical_speed: 0.2
[gzserver-2] [INFO] [1773187107.752596732] [drone.simple_drone]: Using the PID parameters: 
[gzserver-2] 	Roll Pitch:
[gzserver-2] 		kP: 10, kI: 0,kD: 5, Limit: 0.5, Time Constant: 0
[gzserver-2] 	Yaw:
[gzserver-2] 		kP: 2, kI: 0,kD: 1, Limit: 1.5, Time Constant: 0
[gzserver-2] 	Velocity X:
[gzserver-2] 		kP: 5, kI: 0,kD: 2.3, Limit: 2, Time Constant: 0
[gzserver-2] 	Velocity Y:
[gzserver-2] 		kP: 5, kI: 0,kD: 2.3, Limit: 2, Time Constant: 0
[gzserver-2] 	Velocity Z:
[gzserver-2] 		kP: 5, kI: 0,kD: 1, Limit: -1, Time Constant: 0
[gzserver-2] 	Position XY:
[gzserver-2] 		kP: 1.1, kI: 0,kD: 0, Limit: 5, Time Constant: 0
[gzserver-2] 	Position Z:
[gzserver-2] 		kP: 1, kI: 0,kD: 0.2, Limit: -1, Time Constant: 0
[gzserver-2] [INFO] [1773187107.752727498] [drone.simple_drone]: The drone plugin finished loading!
[gzserver-2] [INFO] [1773187114.879777574] [gazebo_wind_plugin_node]: WindPlugin: set wind_speed=0.00 wind_direction=0.0
[gzserver-2] [INFO] [1773187115.148212265] [gazebo_wind_plugin_node]: WindPlugin: set wind_speed=0.00 wind_direction=0.0
[gzserver-2] [INFO] [1773187115.189193192] [drone.simple_drone]: Quadrotor takes off!!
[gzserver-2] [INFO] [1773187115.392050341] [gazebo_wind_plugin_node]: WindPlugin: set wind_speed=0.00 wind_direction=0.0
[gzserver-2] [INFO] [1773187115.628943472] [gazebo_wind_plugin_node]: WindPlugin: set wind_speed=0.00 wind_direction=0.0
[gzserver-2] [INFO] [1773187115.864293165] [gazebo_wind_plugin_node]: WindPlugin: set wind_speed=0.00 wind_direction=0.0
[gzserver-2] [INFO] [1773187116.098539348] [gazebo_wind_plugin_node]: WindPlugin: set wind_speed=0.00 wind_direction=0.0
[gzserver-2] [INFO] [1773187116.340004524] [gazebo_wind_plugin_node]: WindPlugin: set wind_speed=0.00 wind_direction=0.0
[gzserver-2] [INFO] [1773187116.581486746] [gazebo_wind_plugin_node]: WindPlugin: set wind_speed=0.00 wind_direction=0.0
[gzserver-2] [INFO] [1773187116.821904016] [gazebo_wind_plugin_node]: WindPlugin: set wind_speed=0.00 wind_direction=0.0
[gzserver-2] [0m[1;36m[Dbg] [wind_plugin.cpp:110] [0m[1;36mWindPlugin: received command -> speed=[0m[1;36m0[0m[1;36m dir=[0m[1;36m0[0m[1;36m
[gzserver-2] [0m[1;36m[Dbg] [wind_plugin.cpp:110] [0m[1;36mWindPlugin: received command -> speed=[0m[1;36m0[0m[1;36m dir=[0m[1;36m0[0m[1;36m
[gzserver-2] [0m[1;36m[Dbg] [wind_plugin.cpp:110] [0m[1;36mWindPlugin: received command -> speed=[0m[1;36m0[0m[1;36m dir=[0m[1;36m0[0m[1;36m
[gzserver-2] [0m[1;36m[Dbg] [wind_plugin.cpp:110] [0m[1;36mWindPlugin: received command -> speed=[0m[1;36m0[0m[1;36m dir=[0m[1;36m0[0m[1;36m
[gzserver-2] [0m[1;36m[Dbg] [wind_plugin.cpp:110] [0m[1;36mWindPlugin: received command -> speed=[0m[1;36m0[0m[1;36m dir=[0m[1;36m0[0m[1;36m
[gzserver-2] [0m[1;36m[Dbg] [wind_plugin.cpp:110] [0m[1;36mWindPlugin: received command -> speed=[0m[1;36m0[0m[1;36m dir=[0m[1;36m0[0m[1;36m
[gzserver-2] [0m[1;36m[Dbg] [wind_plugin.cpp:110] [0m[1;36mWindPlugin: received command -> speed=[0m[1;36m0[0m[1;36m dir=[0m[1;36m0[0m[1;36m
[gzserver-2] [0m[1;36m[Dbg] [wind_plugin.cpp:110] [0m[1;36mWindPlugin: received command -> speed=[0m[1;36m0[0m[1;36m dir=[0m[1;36m0[0m[1;36m
[gzserver-2] [0m[1;36m[Dbg] [wind_plugin.cpp:110] [0m[1;36mWindPlugin: received command -> speed=[0m[1;36m0[0m[1;36m dir=[0m[1;36m0[0m[1;36m
[gzserver-2] [0mEntering flying model!
[gzserver-2] [INFO] [1773187117.061471455] [gazebo_wind_plugin_node]: WindPlugin: set wind_speed=0.00 wind_direction=0.0
[gzserver-2] [INFO] [1773187117.302058480] [gazebo_wind_plugin_node]: WindPlugin: set wind_speed=3.30 wind_direction=-119.2
[gzserver-2] [INFO] [1773187117.544058632] [gazebo_wind_plugin_node]: WindPlugin: set wind_speed=3.30 wind_direction=-115.1
[gzserver-2] [INFO] [1773187117.785622014] [gazebo_wind_plugin_node]: WindPlugin: set wind_speed=3.30 wind_direction=-115.1
[gzserver-2] [INFO] [1773187118.025424921] [gazebo_wind_plugin_node]: WindPlugin: set wind_speed=3.30 wind_direction=-115.1
[gzserver-2] [INFO] [1773187118.265806867] [gazebo_wind_plugin_node]: WindPlugin: set wind_speed=3.30 wind_direction=-115.1
[gzserver-2] [INFO] [1773187118.505377092] [gazebo_wind_plugin_node]: WindPlugin: set wind_speed=3.18 wind_direction=-115.3
[gzserver-2] [INFO] [1773187118.740447515] [gazebo_wind_plugin_node]: WindPlugin: set wind_speed=3.18 wind_direction=-115.3
[gzserver-2] [INFO] [1773187118.980650030] [gazebo_wind_plugin_node]: WindPlugin: set wind_speed=3.18 wind_direction=-115.3
[gzserver-2] [INFO] [1773187119.220562702] [gazebo_wind_plugin_node]: WindPlugin: set wind_speed=3.18 wind_direction=-115.3
[gzserver-2] [INFO] [1773187119.460712529] [gazebo_wind_plugin_node]: WindPlugin: set wind_speed=3.31 wind_direction=-115.9
[gzserver-2] [INFO] [1773187119.700162650] [gazebo_wind_plugin_node]: WindPlugin: set wind_speed=3.31 wind_direction=-115.9
[gzserver-2] [INFO] [1773187119.939343316] [gazebo_wind_plugin_node]: WindPlugin: set wind_speed=3.31 wind_direction=-115.9
[gzserver-2] [INFO] [1773187120.179012840] [gazebo_wind_plugin_node]: WindPlugin: set wind_speed=3.31 wind_direction=-115.9
[gzserver-2] [INFO] [1773187120.213763259] [drone.simple_drone]: Quadrotor lands!!
[gzserver-2] [INFO] [1773187120.414531760] [gazebo_wind_plugin_node]: WindPlugin: set wind_speed=3.34 wind_direction=-116.4
[gzserver-2] [INFO] [1773187120.655197661] [gazebo_wind_plugin_node]: WindPlugin: set wind_speed=3.34 wind_direction=-116.4
[gzserver-2] [INFO] [1773187120.890059631] [gazebo_wind_plugin_node]: WindPlugin: set wind_speed=3.34 wind_direction=-116.4
[gzserver-2] [INFO] [1773187121.129442590] [gazebo_wind_plugin_node]: WindPlugin: set wind_speed=3.34 wind_direction=-116.4
[gzserver-2] [1;36m[Dbg] [wind_plugin.cpp:110] [0m[1;36mWindPlugin: received command -> speed=[0m[1;36m0[0m[1;36m dir=[0m[1;36m0[0m[1;36m
[gzserver-2] [0m[1;36m[Dbg] [wind_plugin.cpp:110] [0m[1;36mWindPlugin: received command -> speed=[0m[1;36m3.30372[0m[1;36m dir=[0m[1;36m-119.229[0m[1;36m
[gzserver-2] [0m[1;36m[Dbg] [wind_plugin.cpp:110] [0m[1;36mWindPlugin: received command -> speed=[0m[1;36m3.30097[0m[1;36m dir=[0m[1;36m-115.104[0m[1;36m
[gzserver-2] [0m[1;36m[Dbg] [wind_plugin.cpp:110] [0m[1;36mWindPlugin: received command -> speed=[0m[1;36m3.30097[0m[1;36m dir=[0m[1;36m-115.104[0m[1;36m
[gzserver-2] [0m[1;36m[Dbg] [wind_plugin.cpp:110] [0m[1;36mWindPlugin: received command -> speed=[0m[1;36m3.30097[0m[1;36m dir=[0m[1;36m-115.104[0m[1;36m
[gzserver-2] [0m[1;36m[Dbg] [wind_plugin.cpp:110] [0m[1;36mWindPlugin: received command -> speed=[0m[1;36m3.30097[0m[1;36m dir=[0m[1;36m-115.104[0m[1;36m
[gzserver-2] [0m[1;36m[Dbg] [wind_plugin.cpp:110] [0m[1;36mWindPlugin: received command -> speed=[0m[1;36m3.17935[0m[1;36m dir=[0m[1;36m-115.328[0m[1;36m
[gzserver-2] [0m[1;36m[Dbg] [wind_plugin.cpp:110] [0m[1;36mWindPlugin: received command -> speed=[0m[1;36m3.17935[0m[1;36m dir=[0m[1;36m-115.328[0m[1;36m
[gzserver-2] [0m[1;36m[Dbg] [wind_plugin.cpp:110] [0m[1;36mWindPlugin: received command -> speed=[0m[1;36m3.17935[0m[1;36m dir=[0m[1;36m-115.328[0m[1;36m
[gzserver-2] [0m[1;36m[Dbg] [wind_plugin.cpp:110] [0m[1;36mWindPlugin: received command -> speed=[0m[1;36m3.17935[0m[1;36m dir=[0m[1;36m-115.328[0m[1;36m
[gzserver-2] [0m[1;36m[Dbg] [wind_plugin.cpp:110] [0m[1;36mWindPlugin: received command -> speed=[0m[1;36m3.30978[0m[1;36m dir=[0m[1;36m-115.94[0m[1;36m
[gzserver-2] [0m[1;36m[Dbg] [wind_plugin.cpp:110] [0m[1;36mWindPlugin: received command -> speed=[0m[1;36m3.30978[0m[1;36m dir=[0m[1;36m-115.94[0m[1;36m
[gzserver-2] [0m[1;36m[Dbg] [wind_plugin.cpp:110] [0m[1;36mWindPlugin: received command -> speed=[0m[1;36m3.30978[0m[1;36m dir=[0m[1;36m-115.94[0m[1;36m
[gzserver-2] [0m[1;36m[Dbg] [wind_plugin.cpp:110] [0m[1;36mWindPlugin: received command -> speed=[0m[1;36m3.30978[0m[1;36m dir=[0m[1;36m-115.94[0m[1;36m
[gzserver-2] [0m[1;36m[Dbg] [wind_plugin.cpp:110] [0m[1;36mWindPlugin: received command -> speed=[0m[1;36m3.34027[0m[1;36m dir=[0m[1;36m-116.358[0m[1;36m
[gzserver-2] [0m[1;36m[Dbg] [wind_plugin.cpp:110] [0m[1;36mWindPlugin: received command -> speed=[0m[1;36m3.34027[0m[1;36m dir=[0m[1;36m-116.358[0m[1;36m
[gzserver-2] [0m[1;36m[Dbg] [wind_plugin.cpp:110] [0m[1;36mWindPlugin: received command -> speed=[0m[1;36m3.34027[0m[1;36m dir=[0m[1;36m-116.358[0m[1;36m
[gzserver-2] [0m[1;36m[Dbg] [wind_plugin.cpp:110] [0m[1;36mWindPlugin: received command -> speed=[0m[1;36m3.34027[0m[1;36m dir=[0m[1;36m-116.358[0m[1;36m
[gzserver-2] [0mLanded!
[gzserver-2] [INFO] [1773187121.369208089] [gazebo_wind_plugin_node]: WindPlugin: set wind_speed=3.34 wind_direction=-116.4
[gzserver-2] [INFO] [1773187121.608796273] [gazebo_wind_plugin_node]: WindPlugin: set wind_speed=3.37 wind_direction=-116.0
[gzserver-2] [INFO] [1773187121.848385723] [gazebo_wind_plugin_node]: WindPlugin: set wind_speed=3.37 wind_direction=-116.0
[gzserver-2] [INFO] [1773187122.088089839] [gazebo_wind_plugin_node]: WindPlugin: set wind_speed=3.37 wind_direction=-116.0
[gzserver-2] [INFO] [1773187122.323027327] [gazebo_wind_plugin_node]: WindPlugin: set wind_speed=3.37 wind_direction=-116.0
[gzserver-2] [INFO] [1773187122.562958905] [gazebo_wind_plugin_node]: WindPlugin: set wind_speed=3.19 wind_direction=-116.4
[gzserver-2] [INFO] [1773187122.797744871] [gazebo_wind_plugin_node]: WindPlugin: set wind_speed=3.19 wind_direction=-116.4
[gzserver-2] [INFO] [1773187123.037447078] [gazebo_wind_plugin_node]: WindPlugin: set wind_speed=3.19 wind_direction=-116.4
