[INFO] [launch]: All log files can be found below /home/j/.ros/log/2026-03-10-21-42-57-397564-j-845544
[INFO] [launch]: Default logging verbosity is set to INFO
[INFO] [launch.user]: [bringup] Apriltag config: camera=/drone/bottom, image=/drone/bottom/image_raw, tags=/drone/bottom/tags, bridge=/landing_tag_state, standalone=true, use_target_id=true, target_id=0
[INFO] [rviz2-1]: process started with pid [845547]
[INFO] [gzserver-2]: process started with pid [845549]
[INFO] [robot_state_publisher-3]: process started with pid [845551]
[INFO] [joint_state_publisher-4]: process started with pid [845553]
[INFO] [spawn_drone-5]: process started with pid [845555]
[INFO] [static_transform_publisher-6]: process started with pid [845557]
[INFO] [joy_node-7]: process started with pid [845559]
[INFO] [teleop_joystick-8]: process started with pid [845561]
[INFO] [apriltag_detector_node-9]: process started with pid [845563]
[INFO] [apriltag_state_bridge-10]: process started with pid [845566]
[static_transform_publisher-6] [WARN] [1773146577.866709688] []: Old-style arguments are deprecated; see --help for new-style arguments
[static_transform_publisher-6] [INFO] [1773146577.873729178] [static_transform_publisher_eIaTgMkD6FR3Qxfg]: Spinning until stopped - publishing transform
[static_transform_publisher-6] translation: ('0.000000', '0.000000', '0.000000')
[static_transform_publisher-6] rotation: ('0.000000', '0.000000', '0.000000', '1.000000')
[static_transform_publisher-6] from 'world' to '/drone/odom'
[robot_state_publisher-3] [INFO] [1773146577.899193500] [drone.robot_state_publisher]: got segment base_footprint
[robot_state_publisher-3] [INFO] [1773146577.899283164] [drone.robot_state_publisher]: got segment base_link
[robot_state_publisher-3] [INFO] [1773146577.899295622] [drone.robot_state_publisher]: got segment bottom_cam_link
[robot_state_publisher-3] [INFO] [1773146577.899303912] [drone.robot_state_publisher]: got segment front_cam_link
[robot_state_publisher-3] [INFO] [1773146577.899311015] [drone.robot_state_publisher]: got segment sonar_link
[rviz2-1] 
[rviz2-1] (rviz2:845547): dbind-WARNING **: 21:42:57.900: Couldn't connect to accessibility bus: Failed to connect to socket /root/.cache/at-spi/bus_0: 허가 거부
[apriltag_detector_node-9] [INFO] [1773146577.905792721] [apriltag_detector_node]: tag detector type: umich
[teleop_joystick-8] Traceback (most recent call last):
[teleop_joystick-8]   File "/home/j/INCSL/IICC26_ws/install/sjtu_drone_control/lib/sjtu_drone_control/teleop_joystick", line 33, in <module>
[teleop_joystick-8]     sys.exit(load_entry_point('sjtu_drone_control==0.0.0', 'console_scripts', 'teleop_joystick')())
[teleop_joystick-8]   File "/home/j/INCSL/IICC26_ws/install/sjtu_drone_control/lib/sjtu_drone_control/teleop_joystick", line 22, in importlib_load_entry_point
[teleop_joystick-8]     for entry_point in distribution(dist_name).entry_points
[teleop_joystick-8]   File "/usr/lib/python3.10/importlib/metadata/__init__.py", line 969, in distribution
[teleop_joystick-8]     return Distribution.from_name(distribution_name)
[teleop_joystick-8]   File "/usr/lib/python3.10/importlib/metadata/__init__.py", line 548, in from_name
[teleop_joystick-8]     raise PackageNotFoundError(name)
[teleop_joystick-8] importlib.metadata.PackageNotFoundError: No package metadata was found for sjtu_drone_control
[ERROR] [teleop_joystick-8]: process has died [pid 845561, exit code 1, cmd '/home/j/INCSL/IICC26_ws/install/sjtu_drone_control/lib/sjtu_drone_control/teleop_joystick --ros-args -r __ns:=/drone'].
[gzserver-2] Gazebo multi-robot simulator, version 11.10.2
[gzserver-2] Copyright (C) 2012 Open Source Robotics Foundation.
[gzserver-2] Released under the Apache 2 License.
[gzserver-2] http://gazebosim.org
[gzserver-2] 
[apriltag_state_bridge-10] [INFO] [1773146578.107241669] [apriltag_state_bridge]: AprilTag bridge started: /drone/bottom/tags -> /landing_tag_state, use_target_id=True, target_id=0
[joint_state_publisher-4] [INFO] [1773146578.142865768] [drone.joint_state_publisher]: Waiting for robot_description to be published on the robot_description topic...
[gzserver-2] [1;33m[Wrn] [gazebo_ros_init.cpp:178] [0m[1;33m
[gzserver-2] #     # ####### ####### ###  #####  #######
[gzserver-2] ##    # #     #    #     #  #     # #
[gzserver-2] # #   # #     #    #     #  #       #
[gzserver-2] #  #  # #     #    #     #  #       #####
[gzserver-2] #   # # #     #    #     #  #       #
[gzserver-2] #    ## #     #    #     #  #     # #
[gzserver-2] #     # #######    #    ###  #####  #######
[gzserver-2] 
[gzserver-2] This version of Gazebo, now called Gazebo classic, reaches end-of-life
[gzserver-2] in January 2025. Users are highly encouraged to migrate to the new Gazebo
[gzserver-2] using our migration guides (https://gazebosim.org/docs/latest/gazebo_classic_migration?utm_source=gazebo_ros_pkgs&utm_medium=cli)
[gzserver-2] 
[gzserver-2] [0m[1;33m
[rviz2-1] [INFO] [1773146578.643647344] [rviz2]: Stereo is NOT SUPPORTED
[rviz2-1] [INFO] [1773146578.643769311] [rviz2]: OpenGl version: 4.6 (GLSL 4.6)
[rviz2-1] [INFO] [1773146578.780309429] [rviz2]: Stereo is NOT SUPPORTED
[rviz2-1] [INFO] [1773146578.853912467] [rviz2]: Stereo is NOT SUPPORTED
[spawn_drone-5] [INFO] [1773146579.272272263] [spawn_drone]: Result False Entity pushed to spawn queue, but spawn service timed outwaiting for entity to appear in simulation under the name [/drone]
[gzserver-2] [1;32m[Msg] [0m[1;32mWaiting for master.[0m[1;32m
[gzserver-2] [0m[1;32m[0m[1;32m[0m[1;32m[Msg] [0m[1;32mConnected to gazebo master @ [0m[1;32mhttp://127.0.0.1:11345[0m[1;32m
[gzserver-2] [0m[1;32m[0m[1;32m[0m[1;32m[Msg] [0m[1;32mPublicized address: [0m[1;32m192.168.0.11[0m[1;32m
[gzserver-2] [0m[1;32m[0m[1;32m[0m[1;32m[Msg] [0m[1;32mLoading world file [[0m[1;32m/home/j/INCSL/IICC26_ws/install/sjtu_drone_description/share/sjtu_drone_description/worlds/landingPad.world[0m[1;32m][0m[1;32m
[gzserver-2] [0m[1;32m[0m[1;32m[0m[1;36m[Dbg] [wind_plugin.cpp:96] [0m[1;36mWindPlugin loaded: speed=[0m[1;36m0[0m[1;36m dir=[0m[1;36m0[0m[1;36m deg area=[0m[1;36m0.1[0m[1;36m coeff=[0m[1;36m1[0m[1;36m
[gzserver-2] [0m[1;33m[0m[1;33m[0m[1;31m[Err] [Sensor.cc:510] [0m[1;31mGet noise index not valid[0m[1;31m
[gzserver-2] [0m[1;31m[0m[1;31m[0m[1;31m[Err] [Sensor.cc:510] [0m[1;31mGet noise index not valid[0m[1;31m
[gzserver-2] [0m[1;31m[0m[1;31m[0m[1;31m[Err] [Sensor.cc:510] [0m[1;31mGet noise index not valid[0m[1;31m
[gzserver-2] [0m[1;31m[0m[1;31m[0m[1;31m[Err] [Sensor.cc:510] [0m[1;31mGet noise index not valid[0m[1;31m
[gzserver-2] [0m[1;31m[0m[1;31m[0m[1;31m[Err] [Sensor.cc:510] [0m[1;31mGet noise index not valid[0m[1;31m
[gzserver-2] [0m[1;31m[0m[1;31m[0m[1;31m[Err] [Sensor.cc:510] [0m[1;31mGet noise index not valid[0m[1;31m
[gzserver-2] [0m[1;31m[0m[1;31m[0mTopic [default//drone/base_footprint/down_camera/image] is not valid.
[gzserver-2] [INFO] [1773146579.304594900] [drone.collision_plugin]: Publishing contact states to [/drone/bumper_states]
[gzserver-2] Topic [default//drone/base_footprint/front_camera/image] is not valid.
[gzserver-2] [1;33m[Wrn] [Event.cc:61] [0m[1;33mWarning: Deleting a connection right after creation. [0m[1;33mMake sure to save the ConnectionPtr from a Connect call
[INFO] [spawn_drone-5]: process has finished cleanly [pid 845555]
[gzserver-2] [0m[INFO] [1773146579.895171504] [drone.camera_bottom]: Publishing camera info to [/drone/bottom/camera_info]
[gzserver-2] [INFO] [1773146579.899496655] [drone.camera_front]: Publishing camera info to [/drone/front/camera_info]
[gzserver-2] [INFO] [1773146580.021758873] [drone.simple_drone]: The drone plugin is loading!
[gzserver-2] [INFO] [1773146580.021976905] [drone.simple_drone]: pub_odom: 1
[gzserver-2] [INFO] [1773146580.022009648] [drone.simple_drone]: Using following parameters: 
[gzserver-2] 		link_name: base_footprint,
[gzserver-2] 		max_force: 30,
[gzserver-2] 		motion_small_noise: 0,
[gzserver-2] 		motion_drift_noise: 0,
[gzserver-2] 		motion_drift_noise_time: 50,
[gzserver-2] 		takeoff_hover_height: 2.3,
[gzserver-2] 		takeoff_vertical_speed: 0.2
[gzserver-2] [INFO] [1773146580.033779211] [drone.simple_drone]: Using the PID parameters: 
[gzserver-2] 	Roll Pitch:
[gzserver-2] 		kP: 10, kI: 0,kD: 5, Limit: 0.5, Time Constant: 0
[gzserver-2] 	Yaw:
[gzserver-2] 		kP: 2, kI: 0,kD: 1, Limit: 1.5, Time Constant: 0
[gzserver-2] 	Velocity X:
[gzserver-2] 		kP: 5, kI: 0,kD: 2.3, Limit: 2, Time Constant: 0
[gzserver-2] 	Velocity Y:
[gzserver-2] 		kP: 5, kI: 0,kD: 2.3, Limit: 2, Time Constant: 0
[gzserver-2] 	Velocity Z:
[gzserver-2] 		kP: 5, kI: 0,kD: 1, Limit: -1, Time Constant: 0
[gzserver-2] 	Position XY:
[gzserver-2] 		kP: 1.1, kI: 0,kD: 0, Limit: 5, Time Constant: 0
[gzserver-2] 	Position Z:
[gzserver-2] 		kP: 1, kI: 0,kD: 0.2, Limit: -1, Time Constant: 0
[gzserver-2] [INFO] [1773146580.033917964] [drone.simple_drone]: The drone plugin finished loading!
[gzserver-2] [INFO] [1773146587.236008300] [gazebo_wind_plugin_node]: WindPlugin: set wind_speed=0.00 wind_direction=0.0
[gzserver-2] [INFO] [1773146587.510085580] [gazebo_wind_plugin_node]: WindPlugin: set wind_speed=0.00 wind_direction=0.0
[gzserver-2] [INFO] [1773146587.548334109] [drone.simple_drone]: Quadrotor takes off!!
[gzserver-2] [INFO] [1773146587.750140075] [gazebo_wind_plugin_node]: WindPlugin: set wind_speed=0.00 wind_direction=0.0
[gzserver-2] [INFO] [1773146587.987254232] [gazebo_wind_plugin_node]: WindPlugin: set wind_speed=0.00 wind_direction=0.0
[gzserver-2] [INFO] [1773146588.226919500] [gazebo_wind_plugin_node]: WindPlugin: set wind_speed=0.00 wind_direction=0.0
[gzserver-2] [INFO] [1773146588.466562222] [gazebo_wind_plugin_node]: WindPlugin: set wind_speed=0.00 wind_direction=0.0
[gzserver-2] [INFO] [1773146588.707706415] [gazebo_wind_plugin_node]: WindPlugin: set wind_speed=0.00 wind_direction=0.0
[gzserver-2] [INFO] [1773146588.942146840] [gazebo_wind_plugin_node]: WindPlugin: set wind_speed=0.00 wind_direction=0.0
[gzserver-2] [INFO] [1773146589.181582543] [gazebo_wind_plugin_node]: WindPlugin: set wind_speed=0.00 wind_direction=0.0
[gzserver-2] [0m[1;36m[Dbg] [wind_plugin.cpp:110] [0m[1;36mWindPlugin: received command -> speed=[0m[1;36m0[0m[1;36m dir=[0m[1;36m0[0m[1;36m
[gzserver-2] [0m[1;36m[Dbg] [wind_plugin.cpp:110] [0m[1;36mWindPlugin: received command -> speed=[0m[1;36m0[0m[1;36m dir=[0m[1;36m0[0m[1;36m
[gzserver-2] [0m[1;36m[Dbg] [wind_plugin.cpp:110] [0m[1;36mWindPlugin: received command -> speed=[0m[1;36m0[0m[1;36m dir=[0m[1;36m0[0m[1;36m
[gzserver-2] [0m[1;36m[Dbg] [wind_plugin.cpp:110] [0m[1;36mWindPlugin: received command -> speed=[0m[1;36m0[0m[1;36m dir=[0m[1;36m0[0m[1;36m
[gzserver-2] [0m[1;36m[Dbg] [wind_plugin.cpp:110] [0m[1;36mWindPlugin: received command -> speed=[0m[1;36m0[0m[1;36m dir=[0m[1;36m0[0m[1;36m
[gzserver-2] [0m[1;36m[Dbg] [wind_plugin.cpp:110] [0m[1;36mWindPlugin: received command -> speed=[0m[1;36m0[0m[1;36m dir=[0m[1;36m0[0m[1;36m
[gzserver-2] [0m[1;36m[Dbg] [wind_plugin.cpp:110] [0m[1;36mWindPlugin: received command -> speed=[0m[1;36m0[0m[1;36m dir=[0m[1;36m0[0m[1;36m
[gzserver-2] [0m[1;36m[Dbg] [wind_plugin.cpp:110] [0m[1;36mWindPlugin: received command -> speed=[0m[1;36m0[0m[1;36m dir=[0m[1;36m0[0m[1;36m
[gzserver-2] [0m[1;36m[Dbg] [wind_plugin.cpp:110] [0m[1;36mWindPlugin: received command -> speed=[0m[1;36m0[0m[1;36m dir=[0m[1;36m0[0m[1;36m
[gzserver-2] [0mEntering flying model!
[gzserver-2] [INFO] [1773146589.415676385] [gazebo_wind_plugin_node]: WindPlugin: set wind_speed=0.00 wind_direction=0.0
[gzserver-2] [INFO] [1773146589.653629990] [gazebo_wind_plugin_node]: WindPlugin: set wind_speed=1.38 wind_direction=21.1
[gzserver-2] [INFO] [1773146589.888460415] [gazebo_wind_plugin_node]: WindPlugin: set wind_speed=1.42 wind_direction=24.1
[gzserver-2] [INFO] [1773146590.128406668] [gazebo_wind_plugin_node]: WindPlugin: set wind_speed=1.42 wind_direction=24.1
[gzserver-2] [INFO] [1773146590.357041641] [gazebo_wind_plugin_node]: WindPlugin: set wind_speed=1.42 wind_direction=24.1
[gzserver-2] [INFO] [1773146590.595701254] [gazebo_wind_plugin_node]: WindPlugin: set wind_speed=1.42 wind_direction=24.1
[gzserver-2] [INFO] [1773146590.824914694] [gazebo_wind_plugin_node]: WindPlugin: set wind_speed=1.42 wind_direction=26.7
[gzserver-2] [INFO] [1773146591.065835369] [gazebo_wind_plugin_node]: WindPlugin: set wind_speed=1.42 wind_direction=26.7
[gzserver-2] [INFO] [1773146591.300068020] [gazebo_wind_plugin_node]: WindPlugin: set wind_speed=1.42 wind_direction=26.7
[gzserver-2] [INFO] [1773146591.539257110] [gazebo_wind_plugin_node]: WindPlugin: set wind_speed=1.42 wind_direction=26.7
[gzserver-2] [INFO] [1773146591.769867412] [gazebo_wind_plugin_node]: WindPlugin: set wind_speed=1.44 wind_direction=24.5
[gzserver-2] [INFO] [1773146592.009319826] [gazebo_wind_plugin_node]: WindPlugin: set wind_speed=1.44 wind_direction=24.5
[gzserver-2] [INFO] [1773146592.238514891] [gazebo_wind_plugin_node]: WindPlugin: set wind_speed=1.44 wind_direction=24.5
[gzserver-2] [INFO] [1773146592.472660574] [gazebo_wind_plugin_node]: WindPlugin: set wind_speed=1.44 wind_direction=24.5
[gzserver-2] [INFO] [1773146592.706878198] [gazebo_wind_plugin_node]: WindPlugin: set wind_speed=1.44 wind_direction=24.5
[gzserver-2] [INFO] [1773146592.946185117] [gazebo_wind_plugin_node]: WindPlugin: set wind_speed=1.40 wind_direction=27.4
[gzserver-2] [INFO] [1773146593.180583427] [gazebo_wind_plugin_node]: WindPlugin: set wind_speed=1.40 wind_direction=27.4
[gzserver-2] [INFO] [1773146593.420941056] [gazebo_wind_plugin_node]: WindPlugin: set wind_speed=1.40 wind_direction=27.4
[gzserver-2] [INFO] [1773146593.663094200] [gazebo_wind_plugin_node]: WindPlugin: set wind_speed=1.40 wind_direction=27.4
[gzserver-2] [INFO] [1773146593.695387412] [drone.simple_drone]: Quadrotor lands!!
[gzserver-2] [INFO] [1773146593.896860460] [gazebo_wind_plugin_node]: WindPlugin: set wind_speed=1.43 wind_direction=22.0
[gzserver-2] [INFO] [1773146594.133200722] [gazebo_wind_plugin_node]: WindPlugin: set wind_speed=1.43 wind_direction=22.0
[gzserver-2] [INFO] [1773146594.372668712] [gazebo_wind_plugin_node]: WindPlugin: set wind_speed=1.43 wind_direction=22.0
[gzserver-2] [INFO] [1773146594.613274292] [gazebo_wind_plugin_node]: WindPlugin: set wind_speed=1.43 wind_direction=22.0
[gzserver-2] [1;36m[Dbg] [wind_plugin.cpp:110] [0m[1;36mWindPlugin: received command -> speed=[0m[1;36m0[0m[1;36m dir=[0m[1;36m0[0m[1;36m
[gzserver-2] [0m[1;36m[Dbg] [wind_plugin.cpp:110] [0m[1;36mWindPlugin: received command -> speed=[0m[1;36m1.38473[0m[1;36m dir=[0m[1;36m21.0665[0m[1;36m
[gzserver-2] [0m[1;36m[Dbg] [wind_plugin.cpp:110] [0m[1;36mWindPlugin: received command -> speed=[0m[1;36m1.41645[0m[1;36m dir=[0m[1;36m24.0668[0m[1;36m
[gzserver-2] [0m[1;36m[Dbg] [wind_plugin.cpp:110] [0m[1;36mWindPlugin: received command -> speed=[0m[1;36m1.41645[0m[1;36m dir=[0m[1;36m24.0668[0m[1;36m
[gzserver-2] [0m[1;36m[Dbg] [wind_plugin.cpp:110] [0m[1;36mWindPlugin: received command -> speed=[0m[1;36m1.41645[0m[1;36m dir=[0m[1;36m24.0668[0m[1;36m
[gzserver-2] [0m[1;36m[Dbg] [wind_plugin.cpp:110] [0m[1;36mWindPlugin: received command -> speed=[0m[1;36m1.41645[0m[1;36m dir=[0m[1;36m24.0668[0m[1;36m
[gzserver-2] [0m[1;36m[Dbg] [wind_plugin.cpp:110] [0m[1;36mWindPlugin: received command -> speed=[0m[1;36m1.41794[0m[1;36m dir=[0m[1;36m26.7179[0m[1;36m
[gzserver-2] [0m[1;36m[Dbg] [wind_plugin.cpp:110] [0m[1;36mWindPlugin: received command -> speed=[0m[1;36m1.41794[0m[1;36m dir=[0m[1;36m26.7179[0m[1;36m
[gzserver-2] [0m[1;36m[Dbg] [wind_plugin.cpp:110] [0m[1;36mWindPlugin: received command -> speed=[0m[1;36m1.41794[0m[1;36m dir=[0m[1;36m26.7179[0m[1;36m
[gzserver-2] [0m[1;36m[Dbg] [wind_plugin.cpp:110] [0m[1;36mWindPlugin: received command -> speed=[0m[1;36m1.41794[0m[1;36m dir=[0m[1;36m26.7179[0m[1;36m
[gzserver-2] [0m[1;36m[Dbg] [wind_plugin.cpp:110] [0m[1;36mWindPlugin: received command -> speed=[0m[1;36m1.43728[0m[1;36m dir=[0m[1;36m24.5133[0m[1;36m
[gzserver-2] [0m[1;36m[Dbg] [wind_plugin.cpp:110] [0m[1;36mWindPlugin: received command -> speed=[0m[1;36m1.43728[0m[1;36m dir=[0m[1;36m24.5133[0m[1;36m
[gzserver-2] [0m[1;36m[Dbg] [wind_plugin.cpp:110] [0m[1;36mWindPlugin: received command -> speed=[0m[1;36m1.43728[0m[1;36m dir=[0m[1;36m24.5133[0m[1;36m
[gzserver-2] [0m[1;36m[Dbg] [wind_plugin.cpp:110] [0m[1;36mWindPlugin: received command -> speed=[0m[1;36m1.43728[0m[1;36m dir=[0m[1;36m24.5133[0m[1;36m
[gzserver-2] [0m[1;36m[Dbg] [wind_plugin.cpp:110] [0m[1;36mWindPlugin: received command -> speed=[0m[1;36m1.43728[0m[1;36m dir=[0m[1;36m24.5133[0m[1;36m
[gzserver-2] [0m[1;36m[Dbg] [wind_plugin.cpp:110] [0m[1;36mWindPlugin: received command -> speed=[0m[1;36m1.39679[0m[1;36m dir=[0m[1;36m27.4282[0m[1;36m
[gzserver-2] [0m[1;36m[Dbg] [wind_plugin.cpp:110] [0m[1;36mWindPlugin: received command -> speed=[0m[1;36m1.39679[0m[1;36m dir=[0m[1;36m27.4282[0m[1;36m
[gzserver-2] [0m[1;36m[Dbg] [wind_plugin.cpp:110] [0m[1;36mWindPlugin: received command -> speed=[0m[1;36m1.39679[0m[1;36m dir=[0m[1;36m27.4282[0m[1;36m
[gzserver-2] [0m[1;36m[Dbg] [wind_plugin.cpp:110] [0m[1;36mWindPlugin: received command -> speed=[0m[1;36m1.39679[0m[1;36m dir=[0m[1;36m27.4282[0m[1;36m
[gzserver-2] [0m[1;36m[Dbg] [wind_plugin.cpp:110] [0m[1;36mWindPlugin: received command -> speed=[0m[1;36m1.42856[0m[1;36m dir=[0m[1;36m22.0233[0m[1;36m
[gzserver-2] [0m[1;36m[Dbg] [wind_plugin.cpp:110] [0m[1;36mWindPlugin: received command -> speed=[0m[1;36m1.42856[0m[1;36m dir=[0m[1;36m22.0233[0m[1;36m
[gzserver-2] [0m[1;36m[Dbg] [wind_plugin.cpp:110] [0m[1;36mWindPlugin: received command -> speed=[0m[1;36m1.42856[0m[1;36m dir=[0m[1;36m22.0233[0m[1;36m
[gzserver-2] [0m[1;36m[Dbg] [wind_plugin.cpp:110] [0m[1;36mWindPlugin: received command -> speed=[0m[1;36m1.42856[0m[1;36m dir=[0m[1;36m22.0233[0m[1;36m
[gzserver-2] [0mLanded!
[gzserver-2] [INFO] [1773146594.853071818] [gazebo_wind_plugin_node]: WindPlugin: set wind_speed=1.34 wind_direction=23.2
[gzserver-2] [INFO] [1773146595.092219263] [gazebo_wind_plugin_node]: WindPlugin: set wind_speed=1.34 wind_direction=23.2
[gzserver-2] [INFO] [1773146595.327069295] [gazebo_wind_plugin_node]: WindPlugin: set wind_speed=1.34 wind_direction=23.2
[gzserver-2] [INFO] [1773146595.561477656] [gazebo_wind_plugin_node]: WindPlugin: set wind_speed=1.34 wind_direction=23.2
[gzserver-2] [INFO] [1773146595.800680715] [gazebo_wind_plugin_node]: WindPlugin: set wind_speed=1.30 wind_direction=27.4
[gzserver-2] [INFO] [1773146596.034289259] [gazebo_wind_plugin_node]: WindPlugin: set wind_speed=1.30 wind_direction=27.4
[gzserver-2] [INFO] [1773146596.273473747] [gazebo_wind_plugin_node]: WindPlugin: set wind_speed=1.30 wind_direction=27.4
[gzserver-2] [INFO] [1773146596.513114468] [gazebo_wind_plugin_node]: WindPlugin: set wind_speed=1.30 wind_direction=27.4
