[INFO] [launch]: All log files can be found below /home/j/.ros/log/2026-03-11-05-23-59-180731-j-589774
[INFO] [launch]: Default logging verbosity is set to INFO
[INFO] [launch.user]: [bringup] Apriltag config: camera=/drone/bottom, image=/drone/bottom/image_raw, tags=/drone/bottom/tags, bridge=/landing_tag_state, standalone=true, use_target_id=true, target_id=0
[INFO] [rviz2-1]: process started with pid [589777]
[INFO] [gzserver-2]: process started with pid [589779]
[INFO] [robot_state_publisher-3]: process started with pid [589781]
[INFO] [joint_state_publisher-4]: process started with pid [589783]
[INFO] [spawn_drone-5]: process started with pid [589785]
[INFO] [static_transform_publisher-6]: process started with pid [589787]
[INFO] [joy_node-7]: process started with pid [589789]
[INFO] [teleop_joystick-8]: process started with pid [589791]
[INFO] [apriltag_detector_node-9]: process started with pid [589793]
[INFO] [apriltag_state_bridge-10]: process started with pid [589796]
[static_transform_publisher-6] [WARN] [1773174239.655266104] []: Old-style arguments are deprecated; see --help for new-style arguments
[static_transform_publisher-6] [INFO] [1773174239.664425490] [static_transform_publisher_1z5yiyoXUd4O7olw]: Spinning until stopped - publishing transform
[static_transform_publisher-6] translation: ('0.000000', '0.000000', '0.000000')
[static_transform_publisher-6] rotation: ('0.000000', '0.000000', '0.000000', '1.000000')
[static_transform_publisher-6] from 'world' to '/drone/odom'
[robot_state_publisher-3] [INFO] [1773174239.681579328] [drone.robot_state_publisher]: got segment base_footprint
[robot_state_publisher-3] [INFO] [1773174239.681645773] [drone.robot_state_publisher]: got segment base_link
[robot_state_publisher-3] [INFO] [1773174239.681651694] [drone.robot_state_publisher]: got segment bottom_cam_link
[robot_state_publisher-3] [INFO] [1773174239.681654714] [drone.robot_state_publisher]: got segment front_cam_link
[robot_state_publisher-3] [INFO] [1773174239.681657489] [drone.robot_state_publisher]: got segment sonar_link
[apriltag_detector_node-9] [INFO] [1773174239.690525448] [apriltag_detector_node]: tag detector type: umich
[rviz2-1] 
[rviz2-1] (rviz2:589777): dbind-WARNING **: 05:23:59.694: Couldn't connect to accessibility bus: Failed to connect to socket /root/.cache/at-spi/bus_0: 허가 거부
[teleop_joystick-8] Traceback (most recent call last):
[teleop_joystick-8]   File "/home/j/INCSL/IICC26_ws/install/sjtu_drone_control/lib/sjtu_drone_control/teleop_joystick", line 33, in <module>
[teleop_joystick-8]     sys.exit(load_entry_point('sjtu_drone_control==0.0.0', 'console_scripts', 'teleop_joystick')())
[teleop_joystick-8]   File "/home/j/INCSL/IICC26_ws/install/sjtu_drone_control/lib/sjtu_drone_control/teleop_joystick", line 22, in importlib_load_entry_point
[teleop_joystick-8]     for entry_point in distribution(dist_name).entry_points
[teleop_joystick-8]   File "/usr/lib/python3.10/importlib/metadata/__init__.py", line 969, in distribution
[teleop_joystick-8]     return Distribution.from_name(distribution_name)
[teleop_joystick-8]   File "/usr/lib/python3.10/importlib/metadata/__init__.py", line 548, in from_name
[teleop_joystick-8]     raise PackageNotFoundError(name)
[teleop_joystick-8] importlib.metadata.PackageNotFoundError: No package metadata was found for sjtu_drone_control
[ERROR] [teleop_joystick-8]: process has died [pid 589791, exit code 1, cmd '/home/j/INCSL/IICC26_ws/install/sjtu_drone_control/lib/sjtu_drone_control/teleop_joystick --ros-args -r __ns:=/drone'].
[gzserver-2] Gazebo multi-robot simulator, version 11.10.2
[gzserver-2] Copyright (C) 2012 Open Source Robotics Foundation.
[gzserver-2] Released under the Apache 2 License.
[gzserver-2] http://gazebosim.org
[gzserver-2] 
[joint_state_publisher-4] [INFO] [1773174239.945851546] [drone.joint_state_publisher]: Waiting for robot_description to be published on the robot_description topic...
[apriltag_state_bridge-10] [INFO] [1773174239.946860761] [apriltag_state_bridge]: AprilTag bridge started: /drone/bottom/tags -> /landing_tag_state, use_target_id=True, target_id=0
[gzserver-2] [1;33m[Wrn] [gazebo_ros_init.cpp:178] [0m[1;33m
[gzserver-2] #     # ####### ####### ###  #####  #######
[gzserver-2] ##    # #     #    #     #  #     # #
[gzserver-2] # #   # #     #    #     #  #       #
[gzserver-2] #  #  # #     #    #     #  #       #####
[gzserver-2] #   # # #     #    #     #  #       #
[gzserver-2] #    ## #     #    #     #  #     # #
[gzserver-2] #     # #######    #    ###  #####  #######
[gzserver-2] 
[gzserver-2] This version of Gazebo, now called Gazebo classic, reaches end-of-life
[gzserver-2] in January 2025. Users are highly encouraged to migrate to the new Gazebo
[gzserver-2] using our migration guides (https://gazebosim.org/docs/latest/gazebo_classic_migration?utm_source=gazebo_ros_pkgs&utm_medium=cli)
[gzserver-2] 
[gzserver-2] [0m[1;33m
[rviz2-1] [INFO] [1773174240.492848930] [rviz2]: Stereo is NOT SUPPORTED
[rviz2-1] [INFO] [1773174240.492945917] [rviz2]: OpenGl version: 4.6 (GLSL 4.6)
[rviz2-1] [INFO] [1773174240.571463641] [rviz2]: Stereo is NOT SUPPORTED
[rviz2-1] [INFO] [1773174240.663492864] [rviz2]: Stereo is NOT SUPPORTED
[spawn_drone-5] [INFO] [1773174241.062239168] [spawn_drone]: Result False Entity pushed to spawn queue, but spawn service timed outwaiting for entity to appear in simulation under the name [/drone]
[gzserver-2] [1;32m[Msg] [0m[1;32mWaiting for master.[0m[1;32m
[gzserver-2] [0m[1;32m[0m[1;32m[0m[1;32m[Msg] [0m[1;32mConnected to gazebo master @ [0m[1;32mhttp://127.0.0.1:11345[0m[1;32m
[gzserver-2] [0m[1;32m[0m[1;32m[0m[1;32m[Msg] [0m[1;32mPublicized address: [0m[1;32m192.168.0.11[0m[1;32m
[gzserver-2] [0m[1;32m[0m[1;32m[0m[1;32m[Msg] [0m[1;32mLoading world file [[0m[1;32m/home/j/INCSL/IICC26_ws/install/sjtu_drone_description/share/sjtu_drone_description/worlds/landingPad.world[0m[1;32m][0m[1;32m
[gzserver-2] [0m[1;32m[0m[1;32m[0m[1;36m[Dbg] [wind_plugin.cpp:96] [0m[1;36mWindPlugin loaded: speed=[0m[1;36m0[0m[1;36m dir=[0m[1;36m0[0m[1;36m deg area=[0m[1;36m0.1[0m[1;36m coeff=[0m[1;36m1[0m[1;36m
[gzserver-2] [0m[1;33m[0m[1;33m[0m[1;31m[Err] [Sensor.cc:510] [0m[1;31mGet noise index not valid[0m[1;31m
[gzserver-2] [0m[1;31m[0m[1;31m[0m[1;31m[Err] [Sensor.cc:510] [0m[1;31mGet noise index not valid[0m[1;31m
[gzserver-2] [0m[1;31m[0m[1;31m[0m[1;31m[Err] [Sensor.cc:510] [0m[1;31mGet noise index not valid[0m[1;31m
[gzserver-2] [0m[1;31m[0m[1;31m[0m[1;31m[Err] [Sensor.cc:510] [0m[1;31mGet noise index not valid[0m[1;31m
[gzserver-2] [0m[1;31m[0m[1;31m[0m[1;31m[Err] [Sensor.cc:510] [0m[1;31mGet noise index not valid[0m[1;31m
[gzserver-2] [0m[1;31m[0m[1;31m[0m[1;31m[Err] [Sensor.cc:510] [0m[1;31mGet noise index not valid[0m[1;31m
[gzserver-2] [0m[1;31m[0m[1;31m[0mTopic [default//drone/base_footprint/down_camera/image] is not valid.
[gzserver-2] [INFO] [1773174241.092251045] [drone.collision_plugin]: Publishing contact states to [/drone/bumper_states]
[gzserver-2] Topic [default//drone/base_footprint/front_camera/image] is not valid.
[gzserver-2] [1;33m[Wrn] [Event.cc:61] [0m[1;33mWarning: Deleting a connection right after creation. [0m[1;33mMake sure to save the ConnectionPtr from a Connect call
[INFO] [spawn_drone-5]: process has finished cleanly [pid 589785]
[gzserver-2] [0m[INFO] [1773174241.687650985] [drone.camera_bottom]: Publishing camera info to [/drone/bottom/camera_info]
[gzserver-2] [INFO] [1773174241.690568596] [drone.camera_front]: Publishing camera info to [/drone/front/camera_info]
[gzserver-2] [INFO] [1773174241.812617062] [drone.simple_drone]: The drone plugin is loading!
[gzserver-2] [INFO] [1773174241.812845796] [drone.simple_drone]: pub_odom: 1
[gzserver-2] [INFO] [1773174241.812882188] [drone.simple_drone]: Using following parameters: 
[gzserver-2] 		link_name: base_footprint,
[gzserver-2] 		max_force: 30,
[gzserver-2] 		motion_small_noise: 0,
[gzserver-2] 		motion_drift_noise: 0,
[gzserver-2] 		motion_drift_noise_time: 50,
[gzserver-2] 		takeoff_hover_height: 2,
[gzserver-2] 		takeoff_vertical_speed: 0.2
[gzserver-2] [INFO] [1773174241.824859125] [drone.simple_drone]: Using the PID parameters: 
[gzserver-2] 	Roll Pitch:
[gzserver-2] 		kP: 10, kI: 0,kD: 5, Limit: 0.5, Time Constant: 0
[gzserver-2] 	Yaw:
[gzserver-2] 		kP: 2, kI: 0,kD: 1, Limit: 1.5, Time Constant: 0
[gzserver-2] 	Velocity X:
[gzserver-2] 		kP: 5, kI: 0,kD: 2.3, Limit: 2, Time Constant: 0
[gzserver-2] 	Velocity Y:
[gzserver-2] 		kP: 5, kI: 0,kD: 2.3, Limit: 2, Time Constant: 0
[gzserver-2] 	Velocity Z:
[gzserver-2] 		kP: 5, kI: 0,kD: 1, Limit: -1, Time Constant: 0
[gzserver-2] 	Position XY:
[gzserver-2] 		kP: 1.1, kI: 0,kD: 0, Limit: 5, Time Constant: 0
[gzserver-2] 	Position Z:
[gzserver-2] 		kP: 1, kI: 0,kD: 0.2, Limit: -1, Time Constant: 0
[gzserver-2] [INFO] [1773174241.824997737] [drone.simple_drone]: The drone plugin finished loading!
[gzserver-2] [INFO] [1773174249.010695539] [gazebo_wind_plugin_node]: WindPlugin: set wind_speed=0.00 wind_direction=0.0
[gzserver-2] [INFO] [1773174249.272675906] [gazebo_wind_plugin_node]: WindPlugin: set wind_speed=0.00 wind_direction=0.0
[gzserver-2] [INFO] [1773174249.313420448] [drone.simple_drone]: Quadrotor takes off!!
[gzserver-2] [INFO] [1773174249.517421575] [gazebo_wind_plugin_node]: WindPlugin: set wind_speed=0.00 wind_direction=0.0
[gzserver-2] [INFO] [1773174249.752510352] [gazebo_wind_plugin_node]: WindPlugin: set wind_speed=0.00 wind_direction=0.0
[gzserver-2] [INFO] [1773174249.994053264] [gazebo_wind_plugin_node]: WindPlugin: set wind_speed=0.00 wind_direction=0.0
[gzserver-2] [INFO] [1773174250.233241207] [gazebo_wind_plugin_node]: WindPlugin: set wind_speed=0.00 wind_direction=0.0
[gzserver-2] [INFO] [1773174250.468184570] [gazebo_wind_plugin_node]: WindPlugin: set wind_speed=0.00 wind_direction=0.0
[gzserver-2] [INFO] [1773174250.707564350] [gazebo_wind_plugin_node]: WindPlugin: set wind_speed=0.00 wind_direction=0.0
[gzserver-2] [0m[1;36m[Dbg] [wind_plugin.cpp:110] [0m[1;36mWindPlugin: received command -> speed=[0m[1;36m0[0m[1;36m dir=[0m[1;36m0[0m[1;36m
[gzserver-2] [0m[1;36m[Dbg] [wind_plugin.cpp:110] [0m[1;36mWindPlugin: received command -> speed=[0m[1;36m0[0m[1;36m dir=[0m[1;36m0[0m[1;36m
[gzserver-2] [0m[1;36m[Dbg] [wind_plugin.cpp:110] [0m[1;36mWindPlugin: received command -> speed=[0m[1;36m0[0m[1;36m dir=[0m[1;36m0[0m[1;36m
[gzserver-2] [0m[1;36m[Dbg] [wind_plugin.cpp:110] [0m[1;36mWindPlugin: received command -> speed=[0m[1;36m0[0m[1;36m dir=[0m[1;36m0[0m[1;36m
[gzserver-2] [0m[1;36m[Dbg] [wind_plugin.cpp:110] [0m[1;36mWindPlugin: received command -> speed=[0m[1;36m0[0m[1;36m dir=[0m[1;36m0[0m[1;36m
[gzserver-2] [0m[1;36m[Dbg] [wind_plugin.cpp:110] [0m[1;36mWindPlugin: received command -> speed=[0m[1;36m0[0m[1;36m dir=[0m[1;36m0[0m[1;36m
[gzserver-2] [0m[1;36m[Dbg] [wind_plugin.cpp:110] [0m[1;36mWindPlugin: received command -> speed=[0m[1;36m0[0m[1;36m dir=[0m[1;36m0[0m[1;36m
[gzserver-2] [0m[1;36m[Dbg] [wind_plugin.cpp:110] [0m[1;36mWindPlugin: received command -> speed=[0m[1;36m0[0m[1;36m dir=[0m[1;36m0[0m[1;36m
[gzserver-2] [0mEntering flying model!
[gzserver-2] [INFO] [1773174250.942940310] [gazebo_wind_plugin_node]: WindPlugin: set wind_speed=0.00 wind_direction=0.0
[gzserver-2] [INFO] [1773174251.181217516] [gazebo_wind_plugin_node]: WindPlugin: set wind_speed=0.42 wind_direction=-95.0
[gzserver-2] [INFO] [1773174251.410655902] [gazebo_wind_plugin_node]: WindPlugin: set wind_speed=0.42 wind_direction=-95.0
[gzserver-2] [INFO] [1773174251.646206322] [gazebo_wind_plugin_node]: WindPlugin: set wind_speed=0.63 wind_direction=-97.9
[gzserver-2] [INFO] [1773174251.880007541] [gazebo_wind_plugin_node]: WindPlugin: set wind_speed=0.63 wind_direction=-97.9
[gzserver-2] [INFO] [1773174252.114325717] [gazebo_wind_plugin_node]: WindPlugin: set wind_speed=0.63 wind_direction=-97.9
[gzserver-2] [INFO] [1773174252.354773068] [gazebo_wind_plugin_node]: WindPlugin: set wind_speed=0.63 wind_direction=-97.9
[gzserver-2] [INFO] [1773174252.594341163] [gazebo_wind_plugin_node]: WindPlugin: set wind_speed=0.51 wind_direction=-94.2
[gzserver-2] [INFO] [1773174252.834570209] [gazebo_wind_plugin_node]: WindPlugin: set wind_speed=0.51 wind_direction=-94.2
[gzserver-2] [INFO] [1773174253.069159281] [gazebo_wind_plugin_node]: WindPlugin: set wind_speed=0.51 wind_direction=-94.2
[gzserver-2] [INFO] [1773174253.308315670] [gazebo_wind_plugin_node]: WindPlugin: set wind_speed=0.51 wind_direction=-94.2
[gzserver-2] [INFO] [1773174253.548674222] [gazebo_wind_plugin_node]: WindPlugin: set wind_speed=0.36 wind_direction=-97.6
[gzserver-2] [INFO] [1773174253.787568061] [gazebo_wind_plugin_node]: WindPlugin: set wind_speed=0.36 wind_direction=-97.6
[gzserver-2] [INFO] [1773174254.029333689] [gazebo_wind_plugin_node]: WindPlugin: set wind_speed=0.36 wind_direction=-97.6
[gzserver-2] [INFO] [1773174254.269688619] [gazebo_wind_plugin_node]: WindPlugin: set wind_speed=0.36 wind_direction=-97.6
[gzserver-2] [INFO] [1773174254.510261243] [gazebo_wind_plugin_node]: WindPlugin: set wind_speed=0.36 wind_direction=-97.6
[gzserver-2] [INFO] [1773174254.745831334] [gazebo_wind_plugin_node]: WindPlugin: set wind_speed=0.47 wind_direction=-98.5
[gzserver-2] [INFO] [1773174254.980986601] [gazebo_wind_plugin_node]: WindPlugin: set wind_speed=0.47 wind_direction=-98.5
[gzserver-2] [INFO] [1773174255.018041754] [drone.simple_drone]: Quadrotor lands!!
[gzserver-2] [INFO] [1773174255.218058159] [gazebo_wind_plugin_node]: WindPlugin: set wind_speed=0.47 wind_direction=-98.5
[gzserver-2] [INFO] [1773174255.458509434] [gazebo_wind_plugin_node]: WindPlugin: set wind_speed=0.47 wind_direction=-98.5
[gzserver-2] [INFO] [1773174255.698175054] [gazebo_wind_plugin_node]: WindPlugin: set wind_speed=0.38 wind_direction=-96.5
[gzserver-2] [INFO] [1773174255.940234681] [gazebo_wind_plugin_node]: WindPlugin: set wind_speed=0.38 wind_direction=-96.5
[gzserver-2] [1;36m[Dbg] [wind_plugin.cpp:110] [0m[1;36mWindPlugin: received command -> speed=[0m[1;36m0[0m[1;36m dir=[0m[1;36m0[0m[1;36m
[gzserver-2] [0m[1;36m[Dbg] [wind_plugin.cpp:110] [0m[1;36mWindPlugin: received command -> speed=[0m[1;36m0.423586[0m[1;36m dir=[0m[1;36m-95.0128[0m[1;36m
[gzserver-2] [0m[1;36m[Dbg] [wind_plugin.cpp:110] [0m[1;36mWindPlugin: received command -> speed=[0m[1;36m0.423586[0m[1;36m dir=[0m[1;36m-95.0128[0m[1;36m
[gzserver-2] [0m[1;36m[Dbg] [wind_plugin.cpp:110] [0m[1;36mWindPlugin: received command -> speed=[0m[1;36m0.630738[0m[1;36m dir=[0m[1;36m-97.9097[0m[1;36m
[gzserver-2] [0m[1;36m[Dbg] [wind_plugin.cpp:110] [0m[1;36mWindPlugin: received command -> speed=[0m[1;36m0.630738[0m[1;36m dir=[0m[1;36m-97.9097[0m[1;36m
[gzserver-2] [0m[1;36m[Dbg] [wind_plugin.cpp:110] [0m[1;36mWindPlugin: received command -> speed=[0m[1;36m0.630738[0m[1;36m dir=[0m[1;36m-97.9097[0m[1;36m
[gzserver-2] [0m[1;36m[Dbg] [wind_plugin.cpp:110] [0m[1;36mWindPlugin: received command -> speed=[0m[1;36m0.630738[0m[1;36m dir=[0m[1;36m-97.9097[0m[1;36m
[gzserver-2] [0m[1;36m[Dbg] [wind_plugin.cpp:110] [0m[1;36mWindPlugin: received command -> speed=[0m[1;36m0.512651[0m[1;36m dir=[0m[1;36m-94.2372[0m[1;36m
[gzserver-2] [0m[1;36m[Dbg] [wind_plugin.cpp:110] [0m[1;36mWindPlugin: received command -> speed=[0m[1;36m0.512651[0m[1;36m dir=[0m[1;36m-94.2372[0m[1;36m
[gzserver-2] [0m[1;36m[Dbg] [wind_plugin.cpp:110] [0m[1;36mWindPlugin: received command -> speed=[0m[1;36m0.512651[0m[1;36m dir=[0m[1;36m-94.2372[0m[1;36m
[gzserver-2] [0m[1;36m[Dbg] [wind_plugin.cpp:110] [0m[1;36mWindPlugin: received command -> speed=[0m[1;36m0.512651[0m[1;36m dir=[0m[1;36m-94.2372[0m[1;36m
[gzserver-2] [0m[1;36m[Dbg] [wind_plugin.cpp:110] [0m[1;36mWindPlugin: received command -> speed=[0m[1;36m0.358431[0m[1;36m dir=[0m[1;36m-97.6445[0m[1;36m
[gzserver-2] [0m[1;36m[Dbg] [wind_plugin.cpp:110] [0m[1;36mWindPlugin: received command -> speed=[0m[1;36m0.358431[0m[1;36m dir=[0m[1;36m-97.6445[0m[1;36m
[gzserver-2] [0m[1;36m[Dbg] [wind_plugin.cpp:110] [0m[1;36mWindPlugin: received command -> speed=[0m[1;36m0.358431[0m[1;36m dir=[0m[1;36m-97.6445[0m[1;36m
[gzserver-2] [0m[1;36m[Dbg] [wind_plugin.cpp:110] [0m[1;36mWindPlugin: received command -> speed=[0m[1;36m0.358431[0m[1;36m dir=[0m[1;36m-97.6445[0m[1;36m
[gzserver-2] [0m[1;36m[Dbg] [wind_plugin.cpp:110] [0m[1;36mWindPlugin: received command -> speed=[0m[1;36m0.358431[0m[1;36m dir=[0m[1;36m-97.6445[0m[1;36m
[gzserver-2] [0m[1;36m[Dbg] [wind_plugin.cpp:110] [0m[1;36mWindPlugin: received command -> speed=[0m[1;36m0.466738[0m[1;36m dir=[0m[1;36m-98.5284[0m[1;36m
[gzserver-2] [0m[1;36m[Dbg] [wind_plugin.cpp:110] [0m[1;36mWindPlugin: received command -> speed=[0m[1;36m0.466738[0m[1;36m dir=[0m[1;36m-98.5284[0m[1;36m
[gzserver-2] [0m[1;36m[Dbg] [wind_plugin.cpp:110] [0m[1;36mWindPlugin: received command -> speed=[0m[1;36m0.466738[0m[1;36m dir=[0m[1;36m-98.5284[0m[1;36m
[gzserver-2] [0m[1;36m[Dbg] [wind_plugin.cpp:110] [0m[1;36mWindPlugin: received command -> speed=[0m[1;36m0.466738[0m[1;36m dir=[0m[1;36m-98.5284[0m[1;36m
[gzserver-2] [0m[1;36m[Dbg] [wind_plugin.cpp:110] [0m[1;36mWindPlugin: received command -> speed=[0m[1;36m0.384122[0m[1;36m dir=[0m[1;36m-96.4889[0m[1;36m
[gzserver-2] [0m[1;36m[Dbg] [wind_plugin.cpp:110] [0m[1;36mWindPlugin: received command -> speed=[0m[1;36m0.384122[0m[1;36m dir=[0m[1;36m-96.4889[0m[1;36m
[gzserver-2] [0mLanded!
[gzserver-2] [INFO] [1773174256.179781471] [gazebo_wind_plugin_node]: WindPlugin: set wind_speed=0.38 wind_direction=-96.5
[gzserver-2] [INFO] [1773174256.418932137] [gazebo_wind_plugin_node]: WindPlugin: set wind_speed=0.38 wind_direction=-96.5
[gzserver-2] [INFO] [1773174256.653272241] [gazebo_wind_plugin_node]: WindPlugin: set wind_speed=0.58 wind_direction=-98.7
[gzserver-2] [INFO] [1773174256.887037253] [gazebo_wind_plugin_node]: WindPlugin: set wind_speed=0.58 wind_direction=-98.7
[gzserver-2] [INFO] [1773174257.116294351] [gazebo_wind_plugin_node]: WindPlugin: set wind_speed=0.58 wind_direction=-98.7
[gzserver-2] [INFO] [1773174257.350167431] [gazebo_wind_plugin_node]: WindPlugin: set wind_speed=0.58 wind_direction=-98.7
[gzserver-2] [INFO] [1773174257.586045983] [gazebo_wind_plugin_node]: WindPlugin: set wind_speed=0.42 wind_direction=-95.7
[gzserver-2] [INFO] [1773174257.820074093] [gazebo_wind_plugin_node]: WindPlugin: set wind_speed=0.42 wind_direction=-95.7
