[INFO] [launch]: All log files can be found below /home/j/.ros/log/2026-03-10-19-34-36-414417-j-109401
[INFO] [launch]: Default logging verbosity is set to INFO
[INFO] [launch.user]: [bringup] Apriltag config: camera=/drone/bottom, image=/drone/bottom/image_raw, tags=/drone/bottom/tags, bridge=/landing_tag_state, standalone=true, use_target_id=true, target_id=0
[INFO] [rviz2-1]: process started with pid [109404]
[INFO] [gzserver-2]: process started with pid [109406]
[INFO] [robot_state_publisher-3]: process started with pid [109408]
[INFO] [joint_state_publisher-4]: process started with pid [109410]
[INFO] [spawn_drone-5]: process started with pid [109412]
[INFO] [static_transform_publisher-6]: process started with pid [109414]
[INFO] [joy_node-7]: process started with pid [109416]
[INFO] [teleop_joystick-8]: process started with pid [109418]
[INFO] [apriltag_detector_node-9]: process started with pid [109420]
[INFO] [apriltag_state_bridge-10]: process started with pid [109423]
[static_transform_publisher-6] [WARN] [1773138876.888547156] []: Old-style arguments are deprecated; see --help for new-style arguments
[static_transform_publisher-6] [INFO] [1773138876.895425221] [static_transform_publisher_hpn7q03IaXJrSmu3]: Spinning until stopped - publishing transform
[static_transform_publisher-6] translation: ('0.000000', '0.000000', '0.000000')
[static_transform_publisher-6] rotation: ('0.000000', '0.000000', '0.000000', '1.000000')
[static_transform_publisher-6] from 'world' to '/drone/odom'
[robot_state_publisher-3] [INFO] [1773138876.921266840] [drone.robot_state_publisher]: got segment base_footprint
[robot_state_publisher-3] [INFO] [1773138876.921360222] [drone.robot_state_publisher]: got segment base_link
[robot_state_publisher-3] [INFO] [1773138876.921372803] [drone.robot_state_publisher]: got segment bottom_cam_link
[robot_state_publisher-3] [INFO] [1773138876.921380887] [drone.robot_state_publisher]: got segment front_cam_link
[robot_state_publisher-3] [INFO] [1773138876.921387991] [drone.robot_state_publisher]: got segment sonar_link
[rviz2-1] 
[rviz2-1] (rviz2:109404): dbind-WARNING **: 19:34:36.922: Couldn't connect to accessibility bus: Failed to connect to socket /root/.cache/at-spi/bus_0: 허가 거부
[apriltag_detector_node-9] [INFO] [1773138876.925379061] [apriltag_detector_node]: tag detector type: umich
[teleop_joystick-8] Traceback (most recent call last):
[teleop_joystick-8]   File "/home/j/INCSL/IICC26_ws/install/sjtu_drone_control/lib/sjtu_drone_control/teleop_joystick", line 33, in <module>
[teleop_joystick-8]     sys.exit(load_entry_point('sjtu_drone_control==0.0.0', 'console_scripts', 'teleop_joystick')())
[teleop_joystick-8]   File "/home/j/INCSL/IICC26_ws/install/sjtu_drone_control/lib/sjtu_drone_control/teleop_joystick", line 22, in importlib_load_entry_point
[teleop_joystick-8]     for entry_point in distribution(dist_name).entry_points
[teleop_joystick-8]   File "/usr/lib/python3.10/importlib/metadata/__init__.py", line 969, in distribution
[teleop_joystick-8]     return Distribution.from_name(distribution_name)
[teleop_joystick-8]   File "/usr/lib/python3.10/importlib/metadata/__init__.py", line 548, in from_name
[teleop_joystick-8]     raise PackageNotFoundError(name)
[teleop_joystick-8] importlib.metadata.PackageNotFoundError: No package metadata was found for sjtu_drone_control
[ERROR] [teleop_joystick-8]: process has died [pid 109418, exit code 1, cmd '/home/j/INCSL/IICC26_ws/install/sjtu_drone_control/lib/sjtu_drone_control/teleop_joystick --ros-args -r __ns:=/drone'].
[gzserver-2] Gazebo multi-robot simulator, version 11.10.2
[gzserver-2] Copyright (C) 2012 Open Source Robotics Foundation.
[gzserver-2] Released under the Apache 2 License.
[gzserver-2] http://gazebosim.org
[gzserver-2] 
[joint_state_publisher-4] [INFO] [1773138877.168421782] [drone.joint_state_publisher]: Waiting for robot_description to be published on the robot_description topic...
[apriltag_state_bridge-10] [INFO] [1773138877.171740161] [apriltag_state_bridge]: AprilTag bridge started: /drone/bottom/tags -> /landing_tag_state, use_target_id=True, target_id=0
[gzserver-2] [1;33m[Wrn] [gazebo_ros_init.cpp:178] [0m[1;33m
[gzserver-2] #     # ####### ####### ###  #####  #######
[gzserver-2] ##    # #     #    #     #  #     # #
[gzserver-2] # #   # #     #    #     #  #       #
[gzserver-2] #  #  # #     #    #     #  #       #####
[gzserver-2] #   # # #     #    #     #  #       #
[gzserver-2] #    ## #     #    #     #  #     # #
[gzserver-2] #     # #######    #    ###  #####  #######
[gzserver-2] 
[gzserver-2] This version of Gazebo, now called Gazebo classic, reaches end-of-life
[gzserver-2] in January 2025. Users are highly encouraged to migrate to the new Gazebo
[gzserver-2] using our migration guides (https://gazebosim.org/docs/latest/gazebo_classic_migration?utm_source=gazebo_ros_pkgs&utm_medium=cli)
[gzserver-2] 
[gzserver-2] [0m[1;33m
[rviz2-1] [INFO] [1773138877.646176747] [rviz2]: Stereo is NOT SUPPORTED
[rviz2-1] [INFO] [1773138877.646300172] [rviz2]: OpenGl version: 4.6 (GLSL 4.6)
[rviz2-1] [INFO] [1773138877.677824849] [rviz2]: Stereo is NOT SUPPORTED
[rviz2-1] [INFO] [1773138877.797067509] [rviz2]: Stereo is NOT SUPPORTED
[gzserver-2] [1;32m[Msg] [0m[1;32mWaiting for master.[0m[1;32m
[gzserver-2] [0m[1;32m[0m[1;32m[0m[1;32m[Msg] [0m[1;32mConnected to gazebo master @ [0m[1;32mhttp://127.0.0.1:11345[0m[1;32m
[gzserver-2] [0m[1;32m[0m[1;32m[0m[1;32m[Msg] [0m[1;32mPublicized address: [0m[1;32m172.16.52.147[0m[1;32m
[gzserver-2] [0m[1;32m[0m[1;32m[0m[1;32m[Msg] [0m[1;32mLoading world file [[0m[1;32m/home/j/INCSL/IICC26_ws/install/sjtu_drone_description/share/sjtu_drone_description/worlds/landingPad.world[0m[1;32m][0m[1;32m
[gzserver-2] [0m[1;32m[0m[1;32m[0m[1;36m[Dbg] [wind_plugin.cpp:96] [0m[1;36mWindPlugin loaded: speed=[0m[1;36m0[0m[1;36m dir=[0m[1;36m0[0m[1;36m deg area=[0m[1;36m0.1[0m[1;36m coeff=[0m[1;36m1[0m[1;36m
[gzserver-2] [0m[1;33m[0m[1;33m[0m[1;31m[Err] [Sensor.cc:510] [0m[1;31mGet noise index not valid[0m[1;31m
[gzserver-2] [0m[1;31m[0m[1;31m[0m[1;31m[Err] [Sensor.cc:510] [0m[1;31mGet noise index not valid[0m[1;31m
[gzserver-2] [0m[1;31m[0m[1;31m[0m[1;31m[Err] [Sensor.cc:510] [0m[1;31mGet noise index not valid[0m[1;31m
[gzserver-2] [0m[1;31m[0m[1;31m[0m[1;31m[Err] [Sensor.cc:510] [0m[1;31mGet noise index not valid[0m[1;31m
[gzserver-2] [0m[1;31m[0m[1;31m[0m[1;31m[Err] [Sensor.cc:510] [0m[1;31mGet noise index not valid[0m[1;31m
[gzserver-2] [0m[1;31m[0m[1;31m[0m[1;31m[Err] [Sensor.cc:510] [0m[1;31mGet noise index not valid[0m[1;31m
[gzserver-2] [0m[1;31m[0m[1;31m[0mTopic [default//drone/base_footprint/down_camera/image] is not valid.
[gzserver-2] [INFO] [1773138878.367784082] [drone.collision_plugin]: Publishing contact states to [/drone/bumper_states]
[gzserver-2] Topic [default//drone/base_footprint/front_camera/image] is not valid.
[gzserver-2] [1;33m[Wrn] [Event.cc:61] [0m[1;33mWarning: Deleting a connection right after creation. [0m[1;33mMake sure to save the ConnectionPtr from a Connect call
[gzserver-2] [0m[INFO] [1773138878.928316516] [drone.camera_bottom]: Publishing camera info to [/drone/bottom/camera_info]
[gzserver-2] [INFO] [1773138878.931397773] [drone.camera_front]: Publishing camera info to [/drone/front/camera_info]
[spawn_drone-5] [INFO] [1773138878.940101248] [spawn_drone]: Result True SpawnEntity: Successfully spawned entity [/drone]
[gzserver-2] [INFO] [1773138879.053433980] [drone.simple_drone]: The drone plugin is loading!
[gzserver-2] [INFO] [1773138879.053647557] [drone.simple_drone]: pub_odom: 1
[gzserver-2] [INFO] [1773138879.053681600] [drone.simple_drone]: Using following parameters: 
[gzserver-2] 		link_name: base_footprint,
[gzserver-2] 		max_force: 30,
[gzserver-2] 		motion_small_noise: 0,
[gzserver-2] 		motion_drift_noise: 0,
[gzserver-2] 		motion_drift_noise_time: 50,
[gzserver-2] 		takeoff_hover_height: 2.41,
[gzserver-2] 		takeoff_vertical_speed: 0.2
[gzserver-2] [INFO] [1773138879.065814809] [drone.simple_drone]: Using the PID parameters: 
[gzserver-2] 	Roll Pitch:
[gzserver-2] 		kP: 10, kI: 0,kD: 5, Limit: 0.5, Time Constant: 0
[gzserver-2] 	Yaw:
[gzserver-2] 		kP: 2, kI: 0,kD: 1, Limit: 1.5, Time Constant: 0
[gzserver-2] 	Velocity X:
[gzserver-2] 		kP: 5, kI: 0,kD: 2.3, Limit: 2, Time Constant: 0
[gzserver-2] 	Velocity Y:
[gzserver-2] 		kP: 5, kI: 0,kD: 2.3, Limit: 2, Time Constant: 0
[gzserver-2] 	Velocity Z:
[gzserver-2] 		kP: 5, kI: 0,kD: 1, Limit: -1, Time Constant: 0
[gzserver-2] 	Position XY:
[gzserver-2] 		kP: 1.1, kI: 0,kD: 0, Limit: 5, Time Constant: 0
[gzserver-2] 	Position Z:
[gzserver-2] 		kP: 1, kI: 0,kD: 0.2, Limit: -1, Time Constant: 0
[gzserver-2] [INFO] [1773138879.065944812] [drone.simple_drone]: The drone plugin finished loading!
[INFO] [spawn_drone-5]: process has finished cleanly [pid 109412]
[gzserver-2] [INFO] [1773138886.263348960] [gazebo_wind_plugin_node]: WindPlugin: set wind_speed=0.00 wind_direction=0.0
[gzserver-2] [INFO] [1773138886.535951547] [gazebo_wind_plugin_node]: WindPlugin: set wind_speed=0.00 wind_direction=0.0
[gzserver-2] [INFO] [1773138886.569396092] [drone.simple_drone]: Quadrotor takes off!!
[gzserver-2] [INFO] [1773138886.770323056] [gazebo_wind_plugin_node]: WindPlugin: set wind_speed=0.00 wind_direction=0.0
[gzserver-2] [INFO] [1773138887.009621672] [gazebo_wind_plugin_node]: WindPlugin: set wind_speed=0.00 wind_direction=0.0
[gzserver-2] [INFO] [1773138887.238405059] [gazebo_wind_plugin_node]: WindPlugin: set wind_speed=0.00 wind_direction=0.0
[gzserver-2] [INFO] [1773138887.477781121] [gazebo_wind_plugin_node]: WindPlugin: set wind_speed=0.00 wind_direction=0.0
[gzserver-2] [INFO] [1773138887.716549030] [gazebo_wind_plugin_node]: WindPlugin: set wind_speed=0.00 wind_direction=0.0
[gzserver-2] [INFO] [1773138887.951068125] [gazebo_wind_plugin_node]: WindPlugin: set wind_speed=0.00 wind_direction=0.0
[gzserver-2] [INFO] [1773138888.185794780] [gazebo_wind_plugin_node]: WindPlugin: set wind_speed=0.00 wind_direction=0.0
[gzserver-2] [INFO] [1773138888.419374856] [gazebo_wind_plugin_node]: WindPlugin: set wind_speed=0.00 wind_direction=0.0
[gzserver-2] [0m[1;36m[Dbg] [wind_plugin.cpp:110] [0m[1;36mWindPlugin: received command -> speed=[0m[1;36m0[0m[1;36m dir=[0m[1;36m0[0m[1;36m
[gzserver-2] [0m[1;36m[Dbg] [wind_plugin.cpp:110] [0m[1;36mWindPlugin: received command -> speed=[0m[1;36m0[0m[1;36m dir=[0m[1;36m0[0m[1;36m
[gzserver-2] [0m[1;36m[Dbg] [wind_plugin.cpp:110] [0m[1;36mWindPlugin: received command -> speed=[0m[1;36m0[0m[1;36m dir=[0m[1;36m0[0m[1;36m
[gzserver-2] [0m[1;36m[Dbg] [wind_plugin.cpp:110] [0m[1;36mWindPlugin: received command -> speed=[0m[1;36m0[0m[1;36m dir=[0m[1;36m0[0m[1;36m
[gzserver-2] [0m[1;36m[Dbg] [wind_plugin.cpp:110] [0m[1;36mWindPlugin: received command -> speed=[0m[1;36m0[0m[1;36m dir=[0m[1;36m0[0m[1;36m
[gzserver-2] [0m[1;36m[Dbg] [wind_plugin.cpp:110] [0m[1;36mWindPlugin: received command -> speed=[0m[1;36m0[0m[1;36m dir=[0m[1;36m0[0m[1;36m
[gzserver-2] [0m[1;36m[Dbg] [wind_plugin.cpp:110] [0m[1;36mWindPlugin: received command -> speed=[0m[1;36m0[0m[1;36m dir=[0m[1;36m0[0m[1;36m
[gzserver-2] [0m[1;36m[Dbg] [wind_plugin.cpp:110] [0m[1;36mWindPlugin: received command -> speed=[0m[1;36m0[0m[1;36m dir=[0m[1;36m0[0m[1;36m
[gzserver-2] [0m[1;36m[Dbg] [wind_plugin.cpp:110] [0m[1;36mWindPlugin: received command -> speed=[0m[1;36m0[0m[1;36m dir=[0m[1;36m0[0m[1;36m
[gzserver-2] [0m[1;36m[Dbg] [wind_plugin.cpp:110] [0m[1;36mWindPlugin: received command -> speed=[0m[1;36m0[0m[1;36m dir=[0m[1;36m0[0m[1;36m
[gzserver-2] [0mEntering flying model!
[gzserver-2] [INFO] [1773138888.658842174] [gazebo_wind_plugin_node]: WindPlugin: set wind_speed=2.39 wind_direction=27.5
[gzserver-2] [INFO] [1773138888.898335810] [gazebo_wind_plugin_node]: WindPlugin: set wind_speed=2.37 wind_direction=26.2
[gzserver-2] [INFO] [1773138889.135152660] [gazebo_wind_plugin_node]: WindPlugin: set wind_speed=2.37 wind_direction=26.2
[gzserver-2] [INFO] [1773138889.375417674] [gazebo_wind_plugin_node]: WindPlugin: set wind_speed=2.37 wind_direction=26.2
[gzserver-2] [INFO] [1773138889.615544558] [gazebo_wind_plugin_node]: WindPlugin: set wind_speed=2.37 wind_direction=26.2
[gzserver-2] [INFO] [1773138889.844664282] [gazebo_wind_plugin_node]: WindPlugin: set wind_speed=2.47 wind_direction=23.6
[gzserver-2] [INFO] [1773138890.084671117] [gazebo_wind_plugin_node]: WindPlugin: set wind_speed=2.47 wind_direction=23.6
[gzserver-2] [INFO] [1773138890.326248185] [gazebo_wind_plugin_node]: WindPlugin: set wind_speed=2.47 wind_direction=23.6
[gzserver-2] [INFO] [1773138890.560701039] [gazebo_wind_plugin_node]: WindPlugin: set wind_speed=2.47 wind_direction=23.6
[gzserver-2] [INFO] [1773138890.799968592] [gazebo_wind_plugin_node]: WindPlugin: set wind_speed=2.42 wind_direction=25.4
[gzserver-2] [INFO] [1773138891.033796406] [gazebo_wind_plugin_node]: WindPlugin: set wind_speed=2.42 wind_direction=25.4
[gzserver-2] [INFO] [1773138891.273074622] [gazebo_wind_plugin_node]: WindPlugin: set wind_speed=2.42 wind_direction=25.4
[gzserver-2] [INFO] [1773138891.512377638] [gazebo_wind_plugin_node]: WindPlugin: set wind_speed=2.42 wind_direction=25.4
[gzserver-2] [INFO] [1773138891.550800809] [drone.simple_drone]: Quadrotor lands!!
[gzserver-2] [INFO] [1773138891.752258590] [gazebo_wind_plugin_node]: WindPlugin: set wind_speed=2.42 wind_direction=25.4
[gzserver-2] [INFO] [1773138891.981178878] [gazebo_wind_plugin_node]: WindPlugin: set wind_speed=2.37 wind_direction=25.6
[gzserver-2] [INFO] [1773138892.220970148] [gazebo_wind_plugin_node]: WindPlugin: set wind_speed=2.37 wind_direction=25.6
[gzserver-2] [INFO] [1773138892.460405230] [gazebo_wind_plugin_node]: WindPlugin: set wind_speed=2.37 wind_direction=25.6
[gzserver-2] [1;36m[Dbg] [wind_plugin.cpp:110] [0m[1;36mWindPlugin: received command -> speed=[0m[1;36m2.39418[0m[1;36m dir=[0m[1;36m27.5034[0m[1;36m
[gzserver-2] [0m[1;36m[Dbg] [wind_plugin.cpp:110] [0m[1;36mWindPlugin: received command -> speed=[0m[1;36m2.37378[0m[1;36m dir=[0m[1;36m26.2382[0m[1;36m
[gzserver-2] [0m[1;36m[Dbg] [wind_plugin.cpp:110] [0m[1;36mWindPlugin: received command -> speed=[0m[1;36m2.37378[0m[1;36m dir=[0m[1;36m26.2382[0m[1;36m
[gzserver-2] [0m[1;36m[Dbg] [wind_plugin.cpp:110] [0m[1;36mWindPlugin: received command -> speed=[0m[1;36m2.37378[0m[1;36m dir=[0m[1;36m26.2382[0m[1;36m
[gzserver-2] [0m[1;36m[Dbg] [wind_plugin.cpp:110] [0m[1;36mWindPlugin: received command -> speed=[0m[1;36m2.37378[0m[1;36m dir=[0m[1;36m26.2382[0m[1;36m
[gzserver-2] [0m[1;36m[Dbg] [wind_plugin.cpp:110] [0m[1;36mWindPlugin: received command -> speed=[0m[1;36m2.47113[0m[1;36m dir=[0m[1;36m23.5942[0m[1;36m
[gzserver-2] [0m[1;36m[Dbg] [wind_plugin.cpp:110] [0m[1;36mWindPlugin: received command -> speed=[0m[1;36m2.47113[0m[1;36m dir=[0m[1;36m23.5942[0m[1;36m
[gzserver-2] [0m[1;36m[Dbg] [wind_plugin.cpp:110] [0m[1;36mWindPlugin: received command -> speed=[0m[1;36m2.47113[0m[1;36m dir=[0m[1;36m23.5942[0m[1;36m
[gzserver-2] [0m[1;36m[Dbg] [wind_plugin.cpp:110] [0m[1;36mWindPlugin: received command -> speed=[0m[1;36m2.47113[0m[1;36m dir=[0m[1;36m23.5942[0m[1;36m
[gzserver-2] [0m[1;36m[Dbg] [wind_plugin.cpp:110] [0m[1;36mWindPlugin: received command -> speed=[0m[1;36m2.41718[0m[1;36m dir=[0m[1;36m25.3661[0m[1;36m
[gzserver-2] [0m[1;36m[Dbg] [wind_plugin.cpp:110] [0m[1;36mWindPlugin: received command -> speed=[0m[1;36m2.41718[0m[1;36m dir=[0m[1;36m25.3661[0m[1;36m
[gzserver-2] [0m[1;36m[Dbg] [wind_plugin.cpp:110] [0m[1;36mWindPlugin: received command -> speed=[0m[1;36m2.41718[0m[1;36m dir=[0m[1;36m25.3661[0m[1;36m
[gzserver-2] [0m[1;36m[Dbg] [wind_plugin.cpp:110] [0m[1;36mWindPlugin: received command -> speed=[0m[1;36m2.41718[0m[1;36m dir=[0m[1;36m25.3661[0m[1;36m
[gzserver-2] [0m[1;36m[Dbg] [wind_plugin.cpp:110] [0m[1;36mWindPlugin: received command -> speed=[0m[1;36m2.41718[0m[1;36m dir=[0m[1;36m25.3661[0m[1;36m
[gzserver-2] [0m[1;36m[Dbg] [wind_plugin.cpp:110] [0m[1;36mWindPlugin: received command -> speed=[0m[1;36m2.36737[0m[1;36m dir=[0m[1;36m25.5849[0m[1;36m
[gzserver-2] [0m[1;36m[Dbg] [wind_plugin.cpp:110] [0m[1;36mWindPlugin: received command -> speed=[0m[1;36m2.36737[0m[1;36m dir=[0m[1;36m25.5849[0m[1;36m
[gzserver-2] [0m[1;36m[Dbg] [wind_plugin.cpp:110] [0m[1;36mWindPlugin: received command -> speed=[0m[1;36m2.36737[0m[1;36m dir=[0m[1;36m25.5849[0m[1;36m
[gzserver-2] [0mLanded!
[gzserver-2] [INFO] [1773138892.694547335] [gazebo_wind_plugin_node]: WindPlugin: set wind_speed=2.37 wind_direction=25.6
[gzserver-2] [INFO] [1773138892.934796693] [gazebo_wind_plugin_node]: WindPlugin: set wind_speed=2.24 wind_direction=23.8
[gzserver-2] [INFO] [1773138893.174314393] [gazebo_wind_plugin_node]: WindPlugin: set wind_speed=2.24 wind_direction=23.8
[gzserver-2] [INFO] [1773138893.409176649] [gazebo_wind_plugin_node]: WindPlugin: set wind_speed=2.24 wind_direction=23.8
[gzserver-2] [INFO] [1773138893.643011673] [gazebo_wind_plugin_node]: WindPlugin: set wind_speed=2.24 wind_direction=23.8
[gzserver-2] [INFO] [1773138893.883590908] [gazebo_wind_plugin_node]: WindPlugin: set wind_speed=2.40 wind_direction=25.2
[gzserver-2] [INFO] [1773138894.117183268] [gazebo_wind_plugin_node]: WindPlugin: set wind_speed=2.40 wind_direction=25.2
[gzserver-2] [INFO] [1773138894.350972974] [gazebo_wind_plugin_node]: WindPlugin: set wind_speed=2.40 wind_direction=25.2
