[INFO] [launch]: All log files can be found below /home/j/.ros/log/2026-03-10-21-36-45-212129-j-788567
[INFO] [launch]: Default logging verbosity is set to INFO
[INFO] [launch.user]: [bringup] Apriltag config: camera=/drone/bottom, image=/drone/bottom/image_raw, tags=/drone/bottom/tags, bridge=/landing_tag_state, standalone=true, use_target_id=true, target_id=0
[INFO] [rviz2-1]: process started with pid [788568]
[INFO] [gzserver-2]: process started with pid [788570]
[INFO] [robot_state_publisher-3]: process started with pid [788572]
[INFO] [joint_state_publisher-4]: process started with pid [788574]
[INFO] [spawn_drone-5]: process started with pid [788576]
[INFO] [static_transform_publisher-6]: process started with pid [788578]
[INFO] [joy_node-7]: process started with pid [788580]
[INFO] [teleop_joystick-8]: process started with pid [788582]
[INFO] [apriltag_detector_node-9]: process started with pid [788584]
[INFO] [apriltag_state_bridge-10]: process started with pid [788586]
[static_transform_publisher-6] [WARN] [1773146205.701973594] []: Old-style arguments are deprecated; see --help for new-style arguments
[static_transform_publisher-6] [INFO] [1773146205.709391401] [static_transform_publisher_JQ7RBqpoHMrxbqZx]: Spinning until stopped - publishing transform
[static_transform_publisher-6] translation: ('0.000000', '0.000000', '0.000000')
[static_transform_publisher-6] rotation: ('0.000000', '0.000000', '0.000000', '1.000000')
[static_transform_publisher-6] from 'world' to '/drone/odom'
[rviz2-1] 
[rviz2-1] (rviz2:788568): dbind-WARNING **: 21:36:45.732: Couldn't connect to accessibility bus: Failed to connect to socket /root/.cache/at-spi/bus_0: 허가 거부
[robot_state_publisher-3] [INFO] [1773146205.736911703] [drone.robot_state_publisher]: got segment base_footprint
[robot_state_publisher-3] [INFO] [1773146205.736999683] [drone.robot_state_publisher]: got segment base_link
[robot_state_publisher-3] [INFO] [1773146205.737011636] [drone.robot_state_publisher]: got segment bottom_cam_link
[robot_state_publisher-3] [INFO] [1773146205.737020084] [drone.robot_state_publisher]: got segment front_cam_link
[robot_state_publisher-3] [INFO] [1773146205.737027200] [drone.robot_state_publisher]: got segment sonar_link
[apriltag_detector_node-9] [INFO] [1773146205.737652661] [apriltag_detector_node]: tag detector type: umich
[teleop_joystick-8] Traceback (most recent call last):
[teleop_joystick-8]   File "/home/j/INCSL/IICC26_ws/install/sjtu_drone_control/lib/sjtu_drone_control/teleop_joystick", line 33, in <module>
[teleop_joystick-8]     sys.exit(load_entry_point('sjtu_drone_control==0.0.0', 'console_scripts', 'teleop_joystick')())
[teleop_joystick-8]   File "/home/j/INCSL/IICC26_ws/install/sjtu_drone_control/lib/sjtu_drone_control/teleop_joystick", line 22, in importlib_load_entry_point
[teleop_joystick-8]     for entry_point in distribution(dist_name).entry_points
[teleop_joystick-8]   File "/usr/lib/python3.10/importlib/metadata/__init__.py", line 969, in distribution
[teleop_joystick-8]     return Distribution.from_name(distribution_name)
[teleop_joystick-8]   File "/usr/lib/python3.10/importlib/metadata/__init__.py", line 548, in from_name
[teleop_joystick-8]     raise PackageNotFoundError(name)
[teleop_joystick-8] importlib.metadata.PackageNotFoundError: No package metadata was found for sjtu_drone_control
[ERROR] [teleop_joystick-8]: process has died [pid 788582, exit code 1, cmd '/home/j/INCSL/IICC26_ws/install/sjtu_drone_control/lib/sjtu_drone_control/teleop_joystick --ros-args -r __ns:=/drone'].
[gzserver-2] Gazebo multi-robot simulator, version 11.10.2
[gzserver-2] Copyright (C) 2012 Open Source Robotics Foundation.
[gzserver-2] Released under the Apache 2 License.
[gzserver-2] http://gazebosim.org
[gzserver-2] 
[joint_state_publisher-4] [INFO] [1773146205.957075864] [drone.joint_state_publisher]: Waiting for robot_description to be published on the robot_description topic...
[apriltag_state_bridge-10] [INFO] [1773146205.968197277] [apriltag_state_bridge]: AprilTag bridge started: /drone/bottom/tags -> /landing_tag_state, use_target_id=True, target_id=0
[gzserver-2] [1;33m[Wrn] [gazebo_ros_init.cpp:178] [0m[1;33m
[gzserver-2] #     # ####### ####### ###  #####  #######
[gzserver-2] ##    # #     #    #     #  #     # #
[gzserver-2] # #   # #     #    #     #  #       #
[gzserver-2] #  #  # #     #    #     #  #       #####
[gzserver-2] #   # # #     #    #     #  #       #
[gzserver-2] #    ## #     #    #     #  #     # #
[gzserver-2] #     # #######    #    ###  #####  #######
[gzserver-2] 
[gzserver-2] This version of Gazebo, now called Gazebo classic, reaches end-of-life
[gzserver-2] in January 2025. Users are highly encouraged to migrate to the new Gazebo
[gzserver-2] using our migration guides (https://gazebosim.org/docs/latest/gazebo_classic_migration?utm_source=gazebo_ros_pkgs&utm_medium=cli)
[gzserver-2] 
[gzserver-2] [0m[1;33m
[rviz2-1] [INFO] [1773146206.149502083] [rviz2]: Stereo is NOT SUPPORTED
[rviz2-1] [INFO] [1773146206.149596316] [rviz2]: OpenGl version: 4.6 (GLSL 4.6)
[rviz2-1] [INFO] [1773146206.286274156] [rviz2]: Stereo is NOT SUPPORTED
[rviz2-1] [INFO] [1773146206.427986490] [rviz2]: Stereo is NOT SUPPORTED
[gzserver-2] [1;32m[Msg] [0m[1;32mWaiting for master.[0m[1;32m
[gzserver-2] [0m[1;32m[0m[1;32m[0m[1;32m[Msg] [0m[1;32mConnected to gazebo master @ [0m[1;32mhttp://127.0.0.1:11345[0m[1;32m
[gzserver-2] [0m[1;32m[0m[1;32m[0m[1;32m[Msg] [0m[1;32mPublicized address: [0m[1;32m192.168.0.11[0m[1;32m
[gzserver-2] [0m[1;32m[0m[1;32m[0m[1;32m[Msg] [0m[1;32mLoading world file [[0m[1;32m/home/j/INCSL/IICC26_ws/install/sjtu_drone_description/share/sjtu_drone_description/worlds/landingPad.world[0m[1;32m][0m[1;32m
[gzserver-2] [0m[1;32m[0m[1;32m[0m[1;36m[Dbg] [wind_plugin.cpp:96] [0m[1;36mWindPlugin loaded: speed=[0m[1;36m0[0m[1;36m dir=[0m[1;36m0[0m[1;36m deg area=[0m[1;36m0.1[0m[1;36m coeff=[0m[1;36m1[0m[1;36m
[gzserver-2] [0m[1;33m[0m[1;33m[0m[1;31m[Err] [Sensor.cc:510] [0m[1;31mGet noise index not valid[0m[1;31m
[gzserver-2] [0m[1;31m[0m[1;31m[0m[1;31m[Err] [Sensor.cc:510] [0m[1;31mGet noise index not valid[0m[1;31m
[gzserver-2] [0m[1;31m[0m[1;31m[0m[1;31m[Err] [Sensor.cc:510] [0m[1;31mGet noise index not valid[0m[1;31m
[gzserver-2] [0m[1;31m[0m[1;31m[0m[1;31m[Err] [Sensor.cc:510] [0m[1;31mGet noise index not valid[0m[1;31m
[gzserver-2] [0m[1;31m[0m[1;31m[0m[1;31m[Err] [Sensor.cc:510] [0m[1;31mGet noise index not valid[0m[1;31m
[gzserver-2] [0m[1;31m[0m[1;31m[0m[1;31m[Err] [Sensor.cc:510] [0m[1;31mGet noise index not valid[0m[1;31m
[gzserver-2] [0m[1;31m[0m[1;31m[0mTopic [default//drone/base_footprint/down_camera/image] is not valid.
[gzserver-2] Topic [default//drone/base_footprint/front_camera/image] is not valid.
[gzserver-2] [INFO] [1773146207.064756123] [drone.collision_plugin]: Publishing contact states to [/drone/bumper_states]
[gzserver-2] [1;33m[Wrn] [Event.cc:61] [0m[1;33mWarning: Deleting a connection right after creation. [0m[1;33mMake sure to save the ConnectionPtr from a Connect call
[gzserver-2] [0m[INFO] [1773146207.626821992] [drone.camera_bottom]: Publishing camera info to [/drone/bottom/camera_info]
[gzserver-2] [INFO] [1773146207.631216638] [drone.camera_front]: Publishing camera info to [/drone/front/camera_info]
[spawn_drone-5] [INFO] [1773146207.643991982] [spawn_drone]: Result True SpawnEntity: Successfully spawned entity [/drone]
[gzserver-2] [INFO] [1773146207.758568041] [drone.simple_drone]: The drone plugin is loading!
[gzserver-2] [INFO] [1773146207.758773159] [drone.simple_drone]: pub_odom: 1
[gzserver-2] [INFO] [1773146207.758806667] [drone.simple_drone]: Using following parameters: 
[gzserver-2] 		link_name: base_footprint,
[gzserver-2] 		max_force: 30,
[gzserver-2] 		motion_small_noise: 0,
[gzserver-2] 		motion_drift_noise: 0,
[gzserver-2] 		motion_drift_noise_time: 50,
[gzserver-2] 		takeoff_hover_height: 1.76,
[gzserver-2] 		takeoff_vertical_speed: 0.2
[gzserver-2] [INFO] [1773146207.770548609] [drone.simple_drone]: Using the PID parameters: 
[gzserver-2] 	Roll Pitch:
[gzserver-2] 		kP: 10, kI: 0,kD: 5, Limit: 0.5, Time Constant: 0
[gzserver-2] 	Yaw:
[gzserver-2] 		kP: 2, kI: 0,kD: 1, Limit: 1.5, Time Constant: 0
[gzserver-2] 	Velocity X:
[gzserver-2] 		kP: 5, kI: 0,kD: 2.3, Limit: 2, Time Constant: 0
[gzserver-2] 	Velocity Y:
[gzserver-2] 		kP: 5, kI: 0,kD: 2.3, Limit: 2, Time Constant: 0
[gzserver-2] 	Velocity Z:
[gzserver-2] 		kP: 5, kI: 0,kD: 1, Limit: -1, Time Constant: 0
[gzserver-2] 	Position XY:
[gzserver-2] 		kP: 1.1, kI: 0,kD: 0, Limit: 5, Time Constant: 0
[gzserver-2] 	Position Z:
[gzserver-2] 		kP: 1, kI: 0,kD: 0.2, Limit: -1, Time Constant: 0
[gzserver-2] [INFO] [1773146207.770681340] [drone.simple_drone]: The drone plugin finished loading!
[INFO] [spawn_drone-5]: process has finished cleanly [pid 788576]
[gzserver-2] [INFO] [1773146215.048651607] [gazebo_wind_plugin_node]: WindPlugin: set wind_speed=0.00 wind_direction=0.0
[gzserver-2] [INFO] [1773146215.319059011] [gazebo_wind_plugin_node]: WindPlugin: set wind_speed=0.00 wind_direction=0.0
[gzserver-2] [INFO] [1773146215.359696395] [drone.simple_drone]: Quadrotor takes off!!
[gzserver-2] [INFO] [1773146215.562002726] [gazebo_wind_plugin_node]: WindPlugin: set wind_speed=0.00 wind_direction=0.0
[gzserver-2] [INFO] [1773146215.802176882] [gazebo_wind_plugin_node]: WindPlugin: set wind_speed=0.00 wind_direction=0.0
[gzserver-2] [INFO] [1773146216.041393931] [gazebo_wind_plugin_node]: WindPlugin: set wind_speed=0.00 wind_direction=0.0
[gzserver-2] [INFO] [1773146216.280616945] [gazebo_wind_plugin_node]: WindPlugin: set wind_speed=0.00 wind_direction=0.0
[gzserver-2] [INFO] [1773146216.520462218] [gazebo_wind_plugin_node]: WindPlugin: set wind_speed=0.00 wind_direction=0.0
[gzserver-2] [INFO] [1773146216.759991197] [gazebo_wind_plugin_node]: WindPlugin: set wind_speed=0.00 wind_direction=0.0
[gzserver-2] [0m[1;36m[Dbg] [wind_plugin.cpp:110] [0m[1;36mWindPlugin: received command -> speed=[0m[1;36m0[0m[1;36m dir=[0m[1;36m0[0m[1;36m
[gzserver-2] [0m[1;36m[Dbg] [wind_plugin.cpp:110] [0m[1;36mWindPlugin: received command -> speed=[0m[1;36m0[0m[1;36m dir=[0m[1;36m0[0m[1;36m
[gzserver-2] [0m[1;36m[Dbg] [wind_plugin.cpp:110] [0m[1;36mWindPlugin: received command -> speed=[0m[1;36m0[0m[1;36m dir=[0m[1;36m0[0m[1;36m
[gzserver-2] [0m[1;36m[Dbg] [wind_plugin.cpp:110] [0m[1;36mWindPlugin: received command -> speed=[0m[1;36m0[0m[1;36m dir=[0m[1;36m0[0m[1;36m
[gzserver-2] [0m[1;36m[Dbg] [wind_plugin.cpp:110] [0m[1;36mWindPlugin: received command -> speed=[0m[1;36m0[0m[1;36m dir=[0m[1;36m0[0m[1;36m
[gzserver-2] [0m[1;36m[Dbg] [wind_plugin.cpp:110] [0m[1;36mWindPlugin: received command -> speed=[0m[1;36m0[0m[1;36m dir=[0m[1;36m0[0m[1;36m
[gzserver-2] [0m[1;36m[Dbg] [wind_plugin.cpp:110] [0m[1;36mWindPlugin: received command -> speed=[0m[1;36m0[0m[1;36m dir=[0m[1;36m0[0m[1;36m
[gzserver-2] [0m[1;36m[Dbg] [wind_plugin.cpp:110] [0m[1;36mWindPlugin: received command -> speed=[0m[1;36m0[0m[1;36m dir=[0m[1;36m0[0m[1;36m
[gzserver-2] [0mEntering flying model!
[gzserver-2] [INFO] [1773146216.999906150] [gazebo_wind_plugin_node]: WindPlugin: set wind_speed=0.00 wind_direction=0.0
[gzserver-2] [INFO] [1773146217.240151023] [gazebo_wind_plugin_node]: WindPlugin: set wind_speed=0.51 wind_direction=-21.8
[gzserver-2] [INFO] [1773146217.475515511] [gazebo_wind_plugin_node]: WindPlugin: set wind_speed=0.51 wind_direction=-21.8
[gzserver-2] [INFO] [1773146217.714660815] [gazebo_wind_plugin_node]: WindPlugin: set wind_speed=0.61 wind_direction=-25.2
[gzserver-2] [INFO] [1773146217.953497382] [gazebo_wind_plugin_node]: WindPlugin: set wind_speed=0.61 wind_direction=-25.2
[gzserver-2] [INFO] [1773146218.187617125] [gazebo_wind_plugin_node]: WindPlugin: set wind_speed=0.61 wind_direction=-25.2
[gzserver-2] [INFO] [1773146218.421504598] [gazebo_wind_plugin_node]: WindPlugin: set wind_speed=0.61 wind_direction=-25.2
[gzserver-2] [INFO] [1773146218.660582219] [gazebo_wind_plugin_node]: WindPlugin: set wind_speed=0.66 wind_direction=-22.3
[gzserver-2] [INFO] [1773146218.891229258] [gazebo_wind_plugin_node]: WindPlugin: set wind_speed=0.66 wind_direction=-22.3
[gzserver-2] [INFO] [1773146219.125999256] [gazebo_wind_plugin_node]: WindPlugin: set wind_speed=0.66 wind_direction=-22.3
[gzserver-2] [INFO] [1773146219.359814263] [gazebo_wind_plugin_node]: WindPlugin: set wind_speed=0.66 wind_direction=-22.3
[gzserver-2] [INFO] [1773146219.593989928] [gazebo_wind_plugin_node]: WindPlugin: set wind_speed=0.54 wind_direction=-21.1
[gzserver-2] [INFO] [1773146219.822954019] [gazebo_wind_plugin_node]: WindPlugin: set wind_speed=0.54 wind_direction=-21.1
[gzserver-2] [INFO] [1773146220.057419693] [gazebo_wind_plugin_node]: WindPlugin: set wind_speed=0.54 wind_direction=-21.1
[gzserver-2] [INFO] [1773146220.090311883] [drone.simple_drone]: Quadrotor lands!!
[gzserver-2] [INFO] [1773146220.291931684] [gazebo_wind_plugin_node]: WindPlugin: set wind_speed=0.54 wind_direction=-21.1
[gzserver-2] [INFO] [1773146220.531370514] [gazebo_wind_plugin_node]: WindPlugin: set wind_speed=0.54 wind_direction=-21.1
[gzserver-2] [INFO] [1773146220.766457353] [gazebo_wind_plugin_node]: WindPlugin: set wind_speed=0.64 wind_direction=-22.3
[gzserver-2] [INFO] [1773146221.005679080] [gazebo_wind_plugin_node]: WindPlugin: set wind_speed=0.64 wind_direction=-22.3
[gzserver-2] [1;36m[Dbg] [wind_plugin.cpp:110] [0m[1;36mWindPlugin: received command -> speed=[0m[1;36m0[0m[1;36m dir=[0m[1;36m0[0m[1;36m
[gzserver-2] [0m[1;36m[Dbg] [wind_plugin.cpp:110] [0m[1;36mWindPlugin: received command -> speed=[0m[1;36m0.510644[0m[1;36m dir=[0m[1;36m-21.7864[0m[1;36m
[gzserver-2] [0m[1;36m[Dbg] [wind_plugin.cpp:110] [0m[1;36mWindPlugin: received command -> speed=[0m[1;36m0.510644[0m[1;36m dir=[0m[1;36m-21.7864[0m[1;36m
[gzserver-2] [0m[1;36m[Dbg] [wind_plugin.cpp:110] [0m[1;36mWindPlugin: received command -> speed=[0m[1;36m0.60609[0m[1;36m dir=[0m[1;36m-25.204[0m[1;36m
[gzserver-2] [0m[1;36m[Dbg] [wind_plugin.cpp:110] [0m[1;36mWindPlugin: received command -> speed=[0m[1;36m0.60609[0m[1;36m dir=[0m[1;36m-25.204[0m[1;36m
[gzserver-2] [0m[1;36m[Dbg] [wind_plugin.cpp:110] [0m[1;36mWindPlugin: received command -> speed=[0m[1;36m0.60609[0m[1;36m dir=[0m[1;36m-25.204[0m[1;36m
[gzserver-2] [0m[1;36m[Dbg] [wind_plugin.cpp:110] [0m[1;36mWindPlugin: received command -> speed=[0m[1;36m0.60609[0m[1;36m dir=[0m[1;36m-25.204[0m[1;36m
[gzserver-2] [0m[1;36m[Dbg] [wind_plugin.cpp:110] [0m[1;36mWindPlugin: received command -> speed=[0m[1;36m0.658885[0m[1;36m dir=[0m[1;36m-22.3241[0m[1;36m
[gzserver-2] [0m[1;36m[Dbg] [wind_plugin.cpp:110] [0m[1;36mWindPlugin: received command -> speed=[0m[1;36m0.658885[0m[1;36m dir=[0m[1;36m-22.3241[0m[1;36m
[gzserver-2] [0m[1;36m[Dbg] [wind_plugin.cpp:110] [0m[1;36mWindPlugin: received command -> speed=[0m[1;36m0.658885[0m[1;36m dir=[0m[1;36m-22.3241[0m[1;36m
[gzserver-2] [0m[1;36m[Dbg] [wind_plugin.cpp:110] [0m[1;36mWindPlugin: received command -> speed=[0m[1;36m0.658885[0m[1;36m dir=[0m[1;36m-22.3241[0m[1;36m
[gzserver-2] [0m[1;36m[Dbg] [wind_plugin.cpp:110] [0m[1;36mWindPlugin: received command -> speed=[0m[1;36m0.537807[0m[1;36m dir=[0m[1;36m-21.113[0m[1;36m
[gzserver-2] [0m[1;36m[Dbg] [wind_plugin.cpp:110] [0m[1;36mWindPlugin: received command -> speed=[0m[1;36m0.537807[0m[1;36m dir=[0m[1;36m-21.113[0m[1;36m
[gzserver-2] [0m[1;36m[Dbg] [wind_plugin.cpp:110] [0m[1;36mWindPlugin: received command -> speed=[0m[1;36m0.537807[0m[1;36m dir=[0m[1;36m-21.113[0m[1;36m
[gzserver-2] [0m[1;36m[Dbg] [wind_plugin.cpp:110] [0m[1;36mWindPlugin: received command -> speed=[0m[1;36m0.537807[0m[1;36m dir=[0m[1;36m-21.113[0m[1;36m
[gzserver-2] [0m[1;36m[Dbg] [wind_plugin.cpp:110] [0m[1;36mWindPlugin: received command -> speed=[0m[1;36m0.537807[0m[1;36m dir=[0m[1;36m-21.113[0m[1;36m
[gzserver-2] [0m[1;36m[Dbg] [wind_plugin.cpp:110] [0m[1;36mWindPlugin: received command -> speed=[0m[1;36m0.63795[0m[1;36m dir=[0m[1;36m-22.32[0m[1;36m
[gzserver-2] [0m[1;36m[Dbg] [wind_plugin.cpp:110] [0m[1;36mWindPlugin: received command -> speed=[0m[1;36m0.63795[0m[1;36m dir=[0m[1;36m-22.32[0m[1;36m
[gzserver-2] [0mLanded!
[gzserver-2] [INFO] [1773146221.239616064] [gazebo_wind_plugin_node]: WindPlugin: set wind_speed=0.64 wind_direction=-22.3
[gzserver-2] [INFO] [1773146221.479027448] [gazebo_wind_plugin_node]: WindPlugin: set wind_speed=0.64 wind_direction=-22.3
[gzserver-2] [INFO] [1773146221.718390643] [gazebo_wind_plugin_node]: WindPlugin: set wind_speed=0.65 wind_direction=-22.2
[gzserver-2] [INFO] [1773146221.952983959] [gazebo_wind_plugin_node]: WindPlugin: set wind_speed=0.65 wind_direction=-22.2
[gzserver-2] [INFO] [1773146222.188974349] [gazebo_wind_plugin_node]: WindPlugin: set wind_speed=0.65 wind_direction=-22.2
[gzserver-2] [INFO] [1773146222.423131524] [gazebo_wind_plugin_node]: WindPlugin: set wind_speed=0.65 wind_direction=-22.2
[gzserver-2] [INFO] [1773146222.653565376] [gazebo_wind_plugin_node]: WindPlugin: set wind_speed=0.76 wind_direction=-22.8
[gzserver-2] [INFO] [1773146222.893036368] [gazebo_wind_plugin_node]: WindPlugin: set wind_speed=0.76 wind_direction=-22.8
