[INFO] [launch]: All log files can be found below /home/j/.ros/log/2026-03-10-01-27-17-138093-j-953285
[INFO] [launch]: Default logging verbosity is set to INFO
[INFO] [launch.user]: [bringup] Apriltag config: camera=/drone/bottom, image=/drone/bottom/image_raw, tags=/drone/bottom/tags, bridge=/landing_tag_state, standalone=true, use_target_id=true, target_id=0
[INFO] [rviz2-1]: process started with pid [953289]
[INFO] [gzserver-2]: process started with pid [953291]
[INFO] [robot_state_publisher-3]: process started with pid [953293]
[INFO] [joint_state_publisher-4]: process started with pid [953295]
[INFO] [spawn_drone-5]: process started with pid [953297]
[INFO] [static_transform_publisher-6]: process started with pid [953299]
[INFO] [joy_node-7]: process started with pid [953301]
[INFO] [teleop_joystick-8]: process started with pid [953303]
[INFO] [apriltag_detector_node-9]: process started with pid [953305]
[INFO] [apriltag_state_bridge-10]: process started with pid [953307]
[static_transform_publisher-6] [WARN] [1773073637.612863002] []: Old-style arguments are deprecated; see --help for new-style arguments
[static_transform_publisher-6] [INFO] [1773073637.620725386] [static_transform_publisher_ekFNRn5yymI2oLuq]: Spinning until stopped - publishing transform
[static_transform_publisher-6] translation: ('0.000000', '0.000000', '0.000000')
[static_transform_publisher-6] rotation: ('0.000000', '0.000000', '0.000000', '1.000000')
[static_transform_publisher-6] from 'world' to '/drone/odom'
[robot_state_publisher-3] [INFO] [1773073637.632599994] [drone.robot_state_publisher]: got segment base_footprint
[robot_state_publisher-3] [INFO] [1773073637.632675692] [drone.robot_state_publisher]: got segment base_link
[robot_state_publisher-3] [INFO] [1773073637.632682196] [drone.robot_state_publisher]: got segment bottom_cam_link
[robot_state_publisher-3] [INFO] [1773073637.632685501] [drone.robot_state_publisher]: got segment front_cam_link
[robot_state_publisher-3] [INFO] [1773073637.632688574] [drone.robot_state_publisher]: got segment sonar_link
[rviz2-1] 
[rviz2-1] (rviz2:953289): dbind-WARNING **: 01:27:17.654: Couldn't connect to accessibility bus: Failed to connect to socket /root/.cache/at-spi/bus_0: 허가 거부
[apriltag_detector_node-9] [INFO] [1773073637.677388324] [apriltag_detector_node]: tag detector type: umich
[teleop_joystick-8] Traceback (most recent call last):
[teleop_joystick-8]   File "/home/j/INCSL/IICC26_ws/install/sjtu_drone_control/lib/sjtu_drone_control/teleop_joystick", line 33, in <module>
[teleop_joystick-8]     sys.exit(load_entry_point('sjtu_drone_control==0.0.0', 'console_scripts', 'teleop_joystick')())
[teleop_joystick-8]   File "/home/j/INCSL/IICC26_ws/install/sjtu_drone_control/lib/sjtu_drone_control/teleop_joystick", line 22, in importlib_load_entry_point
[teleop_joystick-8]     for entry_point in distribution(dist_name).entry_points
[teleop_joystick-8]   File "/usr/lib/python3.10/importlib/metadata/__init__.py", line 969, in distribution
[teleop_joystick-8]     return Distribution.from_name(distribution_name)
[teleop_joystick-8]   File "/usr/lib/python3.10/importlib/metadata/__init__.py", line 548, in from_name
[teleop_joystick-8]     raise PackageNotFoundError(name)
[teleop_joystick-8] importlib.metadata.PackageNotFoundError: No package metadata was found for sjtu_drone_control
[ERROR] [teleop_joystick-8]: process has died [pid 953303, exit code 1, cmd '/home/j/INCSL/IICC26_ws/install/sjtu_drone_control/lib/sjtu_drone_control/teleop_joystick --ros-args -r __ns:=/drone'].
[gzserver-2] Gazebo multi-robot simulator, version 11.10.2
[gzserver-2] Copyright (C) 2012 Open Source Robotics Foundation.
[gzserver-2] Released under the Apache 2 License.
[gzserver-2] http://gazebosim.org
[gzserver-2] 
[apriltag_state_bridge-10] [INFO] [1773073637.961344877] [apriltag_state_bridge]: AprilTag bridge started: /drone/bottom/tags -> /landing_tag_state, use_target_id=True, target_id=0
[joint_state_publisher-4] [INFO] [1773073637.963333069] [drone.joint_state_publisher]: Waiting for robot_description to be published on the robot_description topic...
[gzserver-2] [1;33m[Wrn] [gazebo_ros_init.cpp:178] [0m[1;33m
[gzserver-2] #     # ####### ####### ###  #####  #######
[gzserver-2] ##    # #     #    #     #  #     # #
[gzserver-2] # #   # #     #    #     #  #       #
[gzserver-2] #  #  # #     #    #     #  #       #####
[gzserver-2] #   # # #     #    #     #  #       #
[gzserver-2] #    ## #     #    #     #  #     # #
[gzserver-2] #     # #######    #    ###  #####  #######
[gzserver-2] 
[gzserver-2] This version of Gazebo, now called Gazebo classic, reaches end-of-life
[gzserver-2] in January 2025. Users are highly encouraged to migrate to the new Gazebo
[gzserver-2] using our migration guides (https://gazebosim.org/docs/latest/gazebo_classic_migration?utm_source=gazebo_ros_pkgs&utm_medium=cli)
[gzserver-2] 
[gzserver-2] [0m[1;33m
[rviz2-1] [INFO] [1773073638.512001536] [rviz2]: Stereo is NOT SUPPORTED
[rviz2-1] [INFO] [1773073638.512086914] [rviz2]: OpenGl version: 4.6 (GLSL 4.6)
[rviz2-1] [INFO] [1773073638.603992148] [rviz2]: Stereo is NOT SUPPORTED
[rviz2-1] [INFO] [1773073638.694404349] [rviz2]: Stereo is NOT SUPPORTED
[spawn_drone-5] [INFO] [1773073639.095410335] [spawn_drone]: Result False Entity pushed to spawn queue, but spawn service timed outwaiting for entity to appear in simulation under the name [/drone]
[gzserver-2] [1;32m[Msg] [0m[1;32mWaiting for master.[0m[1;32m
[gzserver-2] [0m[1;32m[0m[1;32m[0m[1;32m[Msg] [0m[1;32mConnected to gazebo master @ [0m[1;32mhttp://127.0.0.1:11345[0m[1;32m
[gzserver-2] [0m[1;32m[0m[1;32m[0m[1;32m[Msg] [0m[1;32mPublicized address: [0m[1;32m192.168.0.11[0m[1;32m
[gzserver-2] [0m[1;32m[0m[1;32m[0m[1;32m[Msg] [0m[1;32mLoading world file [[0m[1;32m/home/j/INCSL/IICC26_ws/install/sjtu_drone_description/share/sjtu_drone_description/worlds/landingPad.world[0m[1;32m][0m[1;32m
[gzserver-2] [0m[1;32m[0m[1;32m[0m[1;36m[Dbg] [wind_plugin.cpp:96] [0m[1;36mWindPlugin loaded: speed=[0m[1;36m0[0m[1;36m dir=[0m[1;36m0[0m[1;36m deg area=[0m[1;36m0.1[0m[1;36m coeff=[0m[1;36m1[0m[1;36m
[gzserver-2] [0m[1;33m[0m[1;33m[0m[1;31m[Err] [Sensor.cc:510] [0m[1;31mGet noise index not valid[0m[1;31m
[gzserver-2] [0m[1;31m[0m[1;31m[0m[1;31m[Err] [Sensor.cc:510] [0m[1;31mGet noise index not valid[0m[1;31m
[gzserver-2] [0m[1;31m[0m[1;31m[0m[1;31m[Err] [Sensor.cc:510] [0m[1;31mGet noise index not valid[0m[1;31m
[gzserver-2] [0m[1;31m[0m[1;31m[0m[1;31m[Err] [Sensor.cc:510] [0m[1;31mGet noise index not valid[0m[1;31m
[gzserver-2] [0m[1;31m[0m[1;31m[0m[1;31m[Err] [Sensor.cc:510] [0m[1;31mGet noise index not valid[0m[1;31m
[gzserver-2] [0m[1;31m[0m[1;31m[0m[1;31m[Err] [Sensor.cc:510] [0m[1;31mGet noise index not valid[0m[1;31m
[gzserver-2] [0m[1;31m[0m[1;31m[0mTopic [default//drone/base_footprint/down_camera/image] is not valid.
[gzserver-2] [INFO] [1773073639.127223835] [drone.collision_plugin]: Publishing contact states to [/drone/bumper_states]
[gzserver-2] Topic [default//drone/base_footprint/front_camera/image] is not valid.
[gzserver-2] [1;33m[Wrn] [Event.cc:61] [0m[1;33mWarning: Deleting a connection right after creation. [0m[1;33mMake sure to save the ConnectionPtr from a Connect call
[INFO] [spawn_drone-5]: process has finished cleanly [pid 953297]
[gzserver-2] [0m[INFO] [1773073639.715661396] [drone.camera_bottom]: Publishing camera info to [/drone/bottom/camera_info]
[gzserver-2] [INFO] [1773073639.718404320] [drone.camera_front]: Publishing camera info to [/drone/front/camera_info]
[gzserver-2] [INFO] [1773073639.839791240] [drone.simple_drone]: The drone plugin is loading!
[gzserver-2] [INFO] [1773073639.840002292] [drone.simple_drone]: pub_odom: 1
[gzserver-2] [INFO] [1773073639.840038090] [drone.simple_drone]: Using following parameters: 
[gzserver-2] 		link_name: base_footprint,
[gzserver-2] 		max_force: 30,
[gzserver-2] 		motion_small_noise: 0,
[gzserver-2] 		motion_drift_noise: 0,
[gzserver-2] 		motion_drift_noise_time: 50,
[gzserver-2] 		takeoff_hover_height: 1.6,
[gzserver-2] 		takeoff_vertical_speed: 0.2
[gzserver-2] [INFO] [1773073639.851425706] [drone.simple_drone]: Using the PID parameters: 
[gzserver-2] 	Roll Pitch:
[gzserver-2] 		kP: 10, kI: 0,kD: 5, Limit: 0.5, Time Constant: 0
[gzserver-2] 	Yaw:
[gzserver-2] 		kP: 2, kI: 0,kD: 1, Limit: 1.5, Time Constant: 0
[gzserver-2] 	Velocity X:
[gzserver-2] 		kP: 5, kI: 0,kD: 2.3, Limit: 2, Time Constant: 0
[gzserver-2] 	Velocity Y:
[gzserver-2] 		kP: 5, kI: 0,kD: 2.3, Limit: 2, Time Constant: 0
[gzserver-2] 	Velocity Z:
[gzserver-2] 		kP: 5, kI: 0,kD: 1, Limit: -1, Time Constant: 0
[gzserver-2] 	Position XY:
[gzserver-2] 		kP: 1.1, kI: 0,kD: 0, Limit: 5, Time Constant: 0
[gzserver-2] 	Position Z:
[gzserver-2] 		kP: 1, kI: 0,kD: 0.2, Limit: -1, Time Constant: 0
[gzserver-2] [INFO] [1773073639.851573819] [drone.simple_drone]: The drone plugin finished loading!
[gzserver-2] [INFO] [1773073646.952528206] [gazebo_wind_plugin_node]: WindPlugin: set wind_speed=0.00 wind_direction=0.0
[gzserver-2] [INFO] [1773073647.223132956] [gazebo_wind_plugin_node]: WindPlugin: set wind_speed=0.00 wind_direction=0.0
[gzserver-2] [INFO] [1773073647.261474729] [drone.simple_drone]: Quadrotor takes off!!
[gzserver-2] [INFO] [1773073647.462217134] [gazebo_wind_plugin_node]: WindPlugin: set wind_speed=0.00 wind_direction=0.0
[gzserver-2] [INFO] [1773073647.697214738] [gazebo_wind_plugin_node]: WindPlugin: set wind_speed=0.00 wind_direction=0.0
[gzserver-2] [INFO] [1773073647.938478203] [gazebo_wind_plugin_node]: WindPlugin: set wind_speed=0.00 wind_direction=0.0
[gzserver-2] [INFO] [1773073648.172414450] [gazebo_wind_plugin_node]: WindPlugin: set wind_speed=0.00 wind_direction=0.0
[gzserver-2] [INFO] [1773073648.411933777] [gazebo_wind_plugin_node]: WindPlugin: set wind_speed=0.00 wind_direction=0.0
[gzserver-2] [0m[1;36m[Dbg] [wind_plugin.cpp:110] [0m[1;36mWindPlugin: received command -> speed=[0m[1;36m0[0m[1;36m dir=[0m[1;36m0[0m[1;36m
[gzserver-2] [0m[1;36m[Dbg] [wind_plugin.cpp:110] [0m[1;36mWindPlugin: received command -> speed=[0m[1;36m0[0m[1;36m dir=[0m[1;36m0[0m[1;36m
[gzserver-2] [0m[1;36m[Dbg] [wind_plugin.cpp:110] [0m[1;36mWindPlugin: received command -> speed=[0m[1;36m0[0m[1;36m dir=[0m[1;36m0[0m[1;36m
[gzserver-2] [0m[1;36m[Dbg] [wind_plugin.cpp:110] [0m[1;36mWindPlugin: received command -> speed=[0m[1;36m0[0m[1;36m dir=[0m[1;36m0[0m[1;36m
[gzserver-2] [0m[1;36m[Dbg] [wind_plugin.cpp:110] [0m[1;36mWindPlugin: received command -> speed=[0m[1;36m0[0m[1;36m dir=[0m[1;36m0[0m[1;36m
[gzserver-2] [0m[1;36m[Dbg] [wind_plugin.cpp:110] [0m[1;36mWindPlugin: received command -> speed=[0m[1;36m0[0m[1;36m dir=[0m[1;36m0[0m[1;36m
[gzserver-2] [0m[1;36m[Dbg] [wind_plugin.cpp:110] [0m[1;36mWindPlugin: received command -> speed=[0m[1;36m0[0m[1;36m dir=[0m[1;36m0[0m[1;36m
[gzserver-2] [0mEntering flying model!
[gzserver-2] [INFO] [1773073648.650904723] [gazebo_wind_plugin_node]: WindPlugin: set wind_speed=0.00 wind_direction=0.0
[gzserver-2] [INFO] [1773073648.891123448] [gazebo_wind_plugin_node]: WindPlugin: set wind_speed=0.70 wind_direction=-31.2
[gzserver-2] [INFO] [1773073649.130654195] [gazebo_wind_plugin_node]: WindPlugin: set wind_speed=0.70 wind_direction=-31.2
[gzserver-2] [INFO] [1773073649.364761602] [gazebo_wind_plugin_node]: WindPlugin: set wind_speed=0.70 wind_direction=-31.2
[gzserver-2] [INFO] [1773073649.599254393] [gazebo_wind_plugin_node]: WindPlugin: set wind_speed=0.71 wind_direction=-29.7
[gzserver-2] [INFO] [1773073649.838214802] [gazebo_wind_plugin_node]: WindPlugin: set wind_speed=0.71 wind_direction=-29.7
[gzserver-2] [INFO] [1773073650.078086116] [gazebo_wind_plugin_node]: WindPlugin: set wind_speed=0.71 wind_direction=-29.7
[gzserver-2] [INFO] [1773073650.317707879] [gazebo_wind_plugin_node]: WindPlugin: set wind_speed=0.71 wind_direction=-29.7
[gzserver-2] [INFO] [1773073650.557628505] [gazebo_wind_plugin_node]: WindPlugin: set wind_speed=0.68 wind_direction=-29.9
[gzserver-2] [INFO] [1773073650.786768743] [gazebo_wind_plugin_node]: WindPlugin: set wind_speed=0.68 wind_direction=-29.9
[gzserver-2] [INFO] [1773073651.010352383] [gazebo_wind_plugin_node]: WindPlugin: set wind_speed=0.68 wind_direction=-29.9
[gzserver-2] [INFO] [1773073651.249384984] [gazebo_wind_plugin_node]: WindPlugin: set wind_speed=0.68 wind_direction=-29.9
[gzserver-2] [INFO] [1773073651.488824724] [gazebo_wind_plugin_node]: WindPlugin: set wind_speed=0.76 wind_direction=-27.0
[gzserver-2] [INFO] [1773073651.727865799] [gazebo_wind_plugin_node]: WindPlugin: set wind_speed=0.76 wind_direction=-27.0
[gzserver-2] [INFO] [1773073651.961997629] [gazebo_wind_plugin_node]: WindPlugin: set wind_speed=0.76 wind_direction=-27.0
[gzserver-2] [INFO] [1773073652.201699759] [gazebo_wind_plugin_node]: WindPlugin: set wind_speed=0.76 wind_direction=-27.0
[gzserver-2] [INFO] [1773073652.437093996] [gazebo_wind_plugin_node]: WindPlugin: set wind_speed=0.76 wind_direction=-27.0
[gzserver-2] [INFO] [1773073652.676151124] [gazebo_wind_plugin_node]: WindPlugin: set wind_speed=0.90 wind_direction=-31.7
[gzserver-2] [INFO] [1773073652.916463451] [gazebo_wind_plugin_node]: WindPlugin: set wind_speed=0.90 wind_direction=-31.7
[gzserver-2] [INFO] [1773073653.156032707] [gazebo_wind_plugin_node]: WindPlugin: set wind_speed=0.90 wind_direction=-31.7
[gzserver-2] [INFO] [1773073653.395449373] [gazebo_wind_plugin_node]: WindPlugin: set wind_speed=0.90 wind_direction=-31.7
[gzserver-2] [INFO] [1773073653.635379817] [gazebo_wind_plugin_node]: WindPlugin: set wind_speed=0.95 wind_direction=-32.1
[gzserver-2] [INFO] [1773073653.874889251] [gazebo_wind_plugin_node]: WindPlugin: set wind_speed=0.95 wind_direction=-32.1
[gzserver-2] [INFO] [1773073654.108695600] [gazebo_wind_plugin_node]: WindPlugin: set wind_speed=0.95 wind_direction=-32.1
[gzserver-2] [INFO] [1773073654.146623719] [drone.simple_drone]: Quadrotor lands!!
[gzserver-2] [INFO] [1773073654.348087434] [gazebo_wind_plugin_node]: WindPlugin: set wind_speed=0.95 wind_direction=-32.1
[gzserver-2] [INFO] [1773073654.587250715] [gazebo_wind_plugin_node]: WindPlugin: set wind_speed=0.78 wind_direction=-27.9
[gzserver-2] [INFO] [1773073654.826749814] [gazebo_wind_plugin_node]: WindPlugin: set wind_speed=0.78 wind_direction=-27.9
[gzserver-2] [1;36m[Dbg] [wind_plugin.cpp:110] [0m[1;36mWindPlugin: received command -> speed=[0m[1;36m0[0m[1;36m dir=[0m[1;36m0[0m[1;36m
[gzserver-2] [0m[1;36m[Dbg] [wind_plugin.cpp:110] [0m[1;36mWindPlugin: received command -> speed=[0m[1;36m0.698741[0m[1;36m dir=[0m[1;36m-31.1721[0m[1;36m
[gzserver-2] [0m[1;36m[Dbg] [wind_plugin.cpp:110] [0m[1;36mWindPlugin: received command -> speed=[0m[1;36m0.698741[0m[1;36m dir=[0m[1;36m-31.1721[0m[1;36m
[gzserver-2] [0m[1;36m[Dbg] [wind_plugin.cpp:110] [0m[1;36mWindPlugin: received command -> speed=[0m[1;36m0.698741[0m[1;36m dir=[0m[1;36m-31.1721[0m[1;36m
[gzserver-2] [0m[1;36m[Dbg] [wind_plugin.cpp:110] [0m[1;36mWindPlugin: received command -> speed=[0m[1;36m0.713309[0m[1;36m dir=[0m[1;36m-29.7214[0m[1;36m
[gzserver-2] [0m[1;36m[Dbg] [wind_plugin.cpp:110] [0m[1;36mWindPlugin: received command -> speed=[0m[1;36m0.713309[0m[1;36m dir=[0m[1;36m-29.7214[0m[1;36m
[gzserver-2] [0m[1;36m[Dbg] [wind_plugin.cpp:110] [0m[1;36mWindPlugin: received command -> speed=[0m[1;36m0.713309[0m[1;36m dir=[0m[1;36m-29.7214[0m[1;36m
[gzserver-2] [0m[1;36m[Dbg] [wind_plugin.cpp:110] [0m[1;36mWindPlugin: received command -> speed=[0m[1;36m0.713309[0m[1;36m dir=[0m[1;36m-29.7214[0m[1;36m
[gzserver-2] [0m[1;36m[Dbg] [wind_plugin.cpp:110] [0m[1;36mWindPlugin: received command -> speed=[0m[1;36m0.681192[0m[1;36m dir=[0m[1;36m-29.921[0m[1;36m
[gzserver-2] [0m[1;36m[Dbg] [wind_plugin.cpp:110] [0m[1;36mWindPlugin: received command -> speed=[0m[1;36m0.681192[0m[1;36m dir=[0m[1;36m-29.921[0m[1;36m
[gzserver-2] [0m[1;36m[Dbg] [wind_plugin.cpp:110] [0m[1;36mWindPlugin: received command -> speed=[0m[1;36m0.681192[0m[1;36m dir=[0m[1;36m-29.921[0m[1;36m
[gzserver-2] [0m[1;36m[Dbg] [wind_plugin.cpp:110] [0m[1;36mWindPlugin: received command -> speed=[0m[1;36m0.681192[0m[1;36m dir=[0m[1;36m-29.921[0m[1;36m
[gzserver-2] [0m[1;36m[Dbg] [wind_plugin.cpp:110] [0m[1;36mWindPlugin: received command -> speed=[0m[1;36m0.761178[0m[1;36m dir=[0m[1;36m-27.0172[0m[1;36m
[gzserver-2] [0m[1;36m[Dbg] [wind_plugin.cpp:110] [0m[1;36mWindPlugin: received command -> speed=[0m[1;36m0.761178[0m[1;36m dir=[0m[1;36m-27.0172[0m[1;36m
[gzserver-2] [0m[1;36m[Dbg] [wind_plugin.cpp:110] [0m[1;36mWindPlugin: received command -> speed=[0m[1;36m0.761178[0m[1;36m dir=[0m[1;36m-27.0172[0m[1;36m
[gzserver-2] [0m[1;36m[Dbg] [wind_plugin.cpp:110] [0m[1;36mWindPlugin: received command -> speed=[0m[1;36m0.761178[0m[1;36m dir=[0m[1;36m-27.0172[0m[1;36m
[gzserver-2] [0m[1;36m[Dbg] [wind_plugin.cpp:110] [0m[1;36mWindPlugin: received command -> speed=[0m[1;36m0.761178[0m[1;36m dir=[0m[1;36m-27.0172[0m[1;36m
[gzserver-2] [0m[1;36m[Dbg] [wind_plugin.cpp:110] [0m[1;36mWindPlugin: received command -> speed=[0m[1;36m0.90398[0m[1;36m dir=[0m[1;36m-31.6921[0m[1;36m
[gzserver-2] [0m[1;36m[Dbg] [wind_plugin.cpp:110] [0m[1;36mWindPlugin: received command -> speed=[0m[1;36m0.90398[0m[1;36m dir=[0m[1;36m-31.6921[0m[1;36m
[gzserver-2] [0m[1;36m[Dbg] [wind_plugin.cpp:110] [0m[1;36mWindPlugin: received command -> speed=[0m[1;36m0.90398[0m[1;36m dir=[0m[1;36m-31.6921[0m[1;36m
[gzserver-2] [0m[1;36m[Dbg] [wind_plugin.cpp:110] [0m[1;36mWindPlugin: received command -> speed=[0m[1;36m0.90398[0m[1;36m dir=[0m[1;36m-31.6921[0m[1;36m
[gzserver-2] [0m[1;36m[Dbg] [wind_plugin.cpp:110] [0m[1;36mWindPlugin: received command -> speed=[0m[1;36m0.952144[0m[1;36m dir=[0m[1;36m-32.1036[0m[1;36m
[gzserver-2] [0m[1;36m[Dbg] [wind_plugin.cpp:110] [0m[1;36mWindPlugin: received command -> speed=[0m[1;36m0.952144[0m[1;36m dir=[0m[1;36m-32.1036[0m[1;36m
[gzserver-2] [0m[1;36m[Dbg] [wind_plugin.cpp:110] [0m[1;36mWindPlugin: received command -> speed=[0m[1;36m0.952144[0m[1;36m dir=[0m[1;36m-32.1036[0m[1;36m
[gzserver-2] [0m[1;36m[Dbg] [wind_plugin.cpp:110] [0m[1;36mWindPlugin: received command -> speed=[0m[1;36m0.952144[0m[1;36m dir=[0m[1;36m-32.1036[0m[1;36m
[gzserver-2] [0m[1;36m[Dbg] [wind_plugin.cpp:110] [0m[1;36mWindPlugin: received command -> speed=[0m[1;36m0.784468[0m[1;36m dir=[0m[1;36m-27.9292[0m[1;36m
[gzserver-2] [INFO] [1773073655.065914123] [gazebo_wind_plugin_node]: WindPlugin: set wind_speed=0.78 wind_direction=-27.9
[gzserver-2] [0m[1;36m[Dbg] [wind_plugin.cpp:110] [0m[1;36mWindPlugin: received command -> speed=[0m[1;36m0.784468[0m[1;36m dir=[0m[1;36m-27.9292[0m[1;36m
[gzserver-2] [0m[1;36m[Dbg] [wind_plugin.cpp:110] [0m[1;36mWindPlugin: received command -> speed=[0m[1;36m0.784468[0m[1;36m dir=[0m[1;36m-27.9292[0m[1;36m
[gzserver-2] [0mLanded!
[gzserver-2] [INFO] [1773073655.301879752] [gazebo_wind_plugin_node]: WindPlugin: set wind_speed=0.78 wind_direction=-27.9
[gzserver-2] [INFO] [1773073655.541377260] [gazebo_wind_plugin_node]: WindPlugin: set wind_speed=0.75 wind_direction=-27.4
[gzserver-2] [INFO] [1773073655.775196732] [gazebo_wind_plugin_node]: WindPlugin: set wind_speed=0.75 wind_direction=-27.4
[gzserver-2] [INFO] [1773073656.014449935] [gazebo_wind_plugin_node]: WindPlugin: set wind_speed=0.75 wind_direction=-27.4
[gzserver-2] [INFO] [1773073656.243182606] [gazebo_wind_plugin_node]: WindPlugin: set wind_speed=0.75 wind_direction=-27.4
[gzserver-2] [INFO] [1773073656.482665626] [gazebo_wind_plugin_node]: WindPlugin: set wind_speed=0.73 wind_direction=-26.3
[gzserver-2] [INFO] [1773073656.717340266] [gazebo_wind_plugin_node]: WindPlugin: set wind_speed=0.73 wind_direction=-26.3
[gzserver-2] [INFO] [1773073656.956687716] [gazebo_wind_plugin_node]: WindPlugin: set wind_speed=0.73 wind_direction=-26.3
