[INFO] [launch]: All log files can be found below /home/j/.ros/log/2026-03-11-08-28-13-380147-j-2311289
[INFO] [launch]: Default logging verbosity is set to INFO
[INFO] [launch.user]: [bringup] Apriltag config: camera=/drone/bottom, image=/drone/bottom/image_raw, tags=/drone/bottom/tags, bridge=/landing_tag_state, standalone=true, use_target_id=true, target_id=0
[INFO] [rviz2-1]: process started with pid [2311304]
[INFO] [gzserver-2]: process started with pid [2311306]
[INFO] [robot_state_publisher-3]: process started with pid [2311308]
[INFO] [joint_state_publisher-4]: process started with pid [2311310]
[INFO] [spawn_drone-5]: process started with pid [2311312]
[INFO] [static_transform_publisher-6]: process started with pid [2311314]
[INFO] [joy_node-7]: process started with pid [2311316]
[INFO] [teleop_joystick-8]: process started with pid [2311318]
[INFO] [apriltag_detector_node-9]: process started with pid [2311320]
[INFO] [apriltag_state_bridge-10]: process started with pid [2311322]
[static_transform_publisher-6] [WARN] [1773185293.853358804] []: Old-style arguments are deprecated; see --help for new-style arguments
[static_transform_publisher-6] [INFO] [1773185293.860778657] [static_transform_publisher_qG201kPdWi55uBVQ]: Spinning until stopped - publishing transform
[static_transform_publisher-6] translation: ('0.000000', '0.000000', '0.000000')
[static_transform_publisher-6] rotation: ('0.000000', '0.000000', '0.000000', '1.000000')
[static_transform_publisher-6] from 'world' to '/drone/odom'
[robot_state_publisher-3] [INFO] [1773185293.878246886] [drone.robot_state_publisher]: got segment base_footprint
[robot_state_publisher-3] [INFO] [1773185293.878314751] [drone.robot_state_publisher]: got segment base_link
[robot_state_publisher-3] [INFO] [1773185293.878321327] [drone.robot_state_publisher]: got segment bottom_cam_link
[robot_state_publisher-3] [INFO] [1773185293.878324648] [drone.robot_state_publisher]: got segment front_cam_link
[robot_state_publisher-3] [INFO] [1773185293.878327436] [drone.robot_state_publisher]: got segment sonar_link
[rviz2-1] 
[rviz2-1] (rviz2:2311304): dbind-WARNING **: 08:28:13.887: Couldn't connect to accessibility bus: Failed to connect to socket /root/.cache/at-spi/bus_0: 허가 거부
[teleop_joystick-8] Traceback (most recent call last):
[teleop_joystick-8]   File "/home/j/INCSL/IICC26_ws/install/sjtu_drone_control/lib/sjtu_drone_control/teleop_joystick", line 33, in <module>
[teleop_joystick-8]     sys.exit(load_entry_point('sjtu_drone_control==0.0.0', 'console_scripts', 'teleop_joystick')())
[teleop_joystick-8]   File "/home/j/INCSL/IICC26_ws/install/sjtu_drone_control/lib/sjtu_drone_control/teleop_joystick", line 22, in importlib_load_entry_point
[teleop_joystick-8]     for entry_point in distribution(dist_name).entry_points
[teleop_joystick-8]   File "/usr/lib/python3.10/importlib/metadata/__init__.py", line 969, in distribution
[teleop_joystick-8]     return Distribution.from_name(distribution_name)
[teleop_joystick-8]   File "/usr/lib/python3.10/importlib/metadata/__init__.py", line 548, in from_name
[teleop_joystick-8]     raise PackageNotFoundError(name)
[teleop_joystick-8] importlib.metadata.PackageNotFoundError: No package metadata was found for sjtu_drone_control
[apriltag_detector_node-9] [INFO] [1773185293.904984819] [apriltag_detector_node]: tag detector type: umich
[ERROR] [teleop_joystick-8]: process has died [pid 2311318, exit code 1, cmd '/home/j/INCSL/IICC26_ws/install/sjtu_drone_control/lib/sjtu_drone_control/teleop_joystick --ros-args -r __ns:=/drone'].
[gzserver-2] Gazebo multi-robot simulator, version 11.10.2
[gzserver-2] Copyright (C) 2012 Open Source Robotics Foundation.
[gzserver-2] Released under the Apache 2 License.
[gzserver-2] http://gazebosim.org
[gzserver-2] 
[joint_state_publisher-4] [INFO] [1773185294.131799383] [drone.joint_state_publisher]: Waiting for robot_description to be published on the robot_description topic...
[apriltag_state_bridge-10] [INFO] [1773185294.133966664] [apriltag_state_bridge]: AprilTag bridge started: /drone/bottom/tags -> /landing_tag_state, use_target_id=True, target_id=0
[gzserver-2] [1;33m[Wrn] [gazebo_ros_init.cpp:178] [0m[1;33m
[gzserver-2] #     # ####### ####### ###  #####  #######
[gzserver-2] ##    # #     #    #     #  #     # #
[gzserver-2] # #   # #     #    #     #  #       #
[gzserver-2] #  #  # #     #    #     #  #       #####
[gzserver-2] #   # # #     #    #     #  #       #
[gzserver-2] #    ## #     #    #     #  #     # #
[gzserver-2] #     # #######    #    ###  #####  #######
[gzserver-2] 
[gzserver-2] This version of Gazebo, now called Gazebo classic, reaches end-of-life
[gzserver-2] in January 2025. Users are highly encouraged to migrate to the new Gazebo
[gzserver-2] using our migration guides (https://gazebosim.org/docs/latest/gazebo_classic_migration?utm_source=gazebo_ros_pkgs&utm_medium=cli)
[gzserver-2] 
[gzserver-2] [0m[1;33m
[rviz2-1] [INFO] [1773185294.621797274] [rviz2]: Stereo is NOT SUPPORTED
[rviz2-1] [INFO] [1773185294.621889587] [rviz2]: OpenGl version: 4.6 (GLSL 4.6)
[rviz2-1] [INFO] [1773185294.728972882] [rviz2]: Stereo is NOT SUPPORTED
[rviz2-1] [INFO] [1773185294.803299762] [rviz2]: Stereo is NOT SUPPORTED
[spawn_drone-5] [INFO] [1773185295.234227019] [spawn_drone]: Result False Entity pushed to spawn queue, but spawn service timed outwaiting for entity to appear in simulation under the name [/drone]
[gzserver-2] [1;32m[Msg] [0m[1;32mWaiting for master.[0m[1;32m
[gzserver-2] [0m[1;32m[0m[1;32m[0m[1;32m[Msg] [0m[1;32mConnected to gazebo master @ [0m[1;32mhttp://127.0.0.1:11345[0m[1;32m
[gzserver-2] [0m[1;32m[0m[1;32m[0m[1;32m[Msg] [0m[1;32mPublicized address: [0m[1;32m192.168.0.11[0m[1;32m
[gzserver-2] [0m[1;32m[0m[1;32m[0m[1;32m[Msg] [0m[1;32mLoading world file [[0m[1;32m/home/j/INCSL/IICC26_ws/install/sjtu_drone_description/share/sjtu_drone_description/worlds/landingPad.world[0m[1;32m][0m[1;32m
[gzserver-2] [0m[1;32m[0m[1;32m[0m[1;36m[Dbg] [wind_plugin.cpp:96] [0m[1;36mWindPlugin loaded: speed=[0m[1;36m0[0m[1;36m dir=[0m[1;36m0[0m[1;36m deg area=[0m[1;36m0.1[0m[1;36m coeff=[0m[1;36m1[0m[1;36m
[gzserver-2] [0m[1;33m[0m[1;33m[0m[1;31m[Err] [Sensor.cc:510] [0m[1;31mGet noise index not valid[0m[1;31m
[gzserver-2] [0m[1;31m[0m[1;31m[0m[1;31m[Err] [Sensor.cc:510] [0m[1;31mGet noise index not valid[0m[1;31m
[gzserver-2] [0m[1;31m[0m[1;31m[0m[1;31m[Err] [Sensor.cc:510] [0m[1;31mGet noise index not valid[0m[1;31m
[gzserver-2] [0m[1;31m[0m[1;31m[0m[1;31m[Err] [Sensor.cc:510] [0m[1;31mGet noise index not valid[0m[1;31m
[gzserver-2] [0m[1;31m[0m[1;31m[0m[1;31m[Err] [Sensor.cc:510] [0m[1;31mGet noise index not valid[0m[1;31m
[gzserver-2] [0m[1;31m[0m[1;31m[0m[1;31m[Err] [Sensor.cc:510] [0m[1;31mGet noise index not valid[0m[1;31m
[gzserver-2] [0m[1;31m[0m[1;31m[0mTopic [default//drone/base_footprint/down_camera/image] is not valid.
[gzserver-2] Topic [default//drone/base_footprint/front_camera/image] is not valid.
[gzserver-2] [INFO] [1773185295.264537060] [drone.collision_plugin]: Publishing contact states to [/drone/bumper_states]
[gzserver-2] [1;33m[Wrn] [Event.cc:61] [0m[1;33mWarning: Deleting a connection right after creation. [0m[1;33mMake sure to save the ConnectionPtr from a Connect call
[INFO] [spawn_drone-5]: process has finished cleanly [pid 2311312]
[gzserver-2] [0m[INFO] [1773185295.839324144] [drone.camera_bottom]: Publishing camera info to [/drone/bottom/camera_info]
[gzserver-2] [INFO] [1773185295.843744815] [drone.camera_front]: Publishing camera info to [/drone/front/camera_info]
[gzserver-2] [INFO] [1773185295.967177914] [drone.simple_drone]: The drone plugin is loading!
[gzserver-2] [INFO] [1773185295.967382153] [drone.simple_drone]: pub_odom: 1
[gzserver-2] [INFO] [1773185295.967416334] [drone.simple_drone]: Using following parameters: 
[gzserver-2] 		link_name: base_footprint,
[gzserver-2] 		max_force: 30,
[gzserver-2] 		motion_small_noise: 0,
[gzserver-2] 		motion_drift_noise: 0,
[gzserver-2] 		motion_drift_noise_time: 50,
[gzserver-2] 		takeoff_hover_height: 2.05,
[gzserver-2] 		takeoff_vertical_speed: 0.2
[gzserver-2] [INFO] [1773185295.979139034] [drone.simple_drone]: Using the PID parameters: 
[gzserver-2] 	Roll Pitch:
[gzserver-2] 		kP: 10, kI: 0,kD: 5, Limit: 0.5, Time Constant: 0
[gzserver-2] 	Yaw:
[gzserver-2] 		kP: 2, kI: 0,kD: 1, Limit: 1.5, Time Constant: 0
[gzserver-2] 	Velocity X:
[gzserver-2] 		kP: 5, kI: 0,kD: 2.3, Limit: 2, Time Constant: 0
[gzserver-2] 	Velocity Y:
[gzserver-2] 		kP: 5, kI: 0,kD: 2.3, Limit: 2, Time Constant: 0
[gzserver-2] 	Velocity Z:
[gzserver-2] 		kP: 5, kI: 0,kD: 1, Limit: -1, Time Constant: 0
[gzserver-2] 	Position XY:
[gzserver-2] 		kP: 1.1, kI: 0,kD: 0, Limit: 5, Time Constant: 0
[gzserver-2] 	Position Z:
[gzserver-2] 		kP: 1, kI: 0,kD: 0.2, Limit: -1, Time Constant: 0
[gzserver-2] [INFO] [1773185295.979271337] [drone.simple_drone]: The drone plugin finished loading!
[gzserver-2] [INFO] [1773185303.225828403] [gazebo_wind_plugin_node]: WindPlugin: set wind_speed=0.00 wind_direction=0.0
[gzserver-2] [INFO] [1773185303.497472855] [gazebo_wind_plugin_node]: WindPlugin: set wind_speed=0.00 wind_direction=0.0
[gzserver-2] [INFO] [1773185303.535761060] [drone.simple_drone]: Quadrotor takes off!!
[gzserver-2] [INFO] [1773185303.736835380] [gazebo_wind_plugin_node]: WindPlugin: set wind_speed=0.00 wind_direction=0.0
[gzserver-2] [INFO] [1773185303.976463722] [gazebo_wind_plugin_node]: WindPlugin: set wind_speed=0.00 wind_direction=0.0
[gzserver-2] [INFO] [1773185304.216824410] [gazebo_wind_plugin_node]: WindPlugin: set wind_speed=0.00 wind_direction=0.0
[gzserver-2] [INFO] [1773185304.450628130] [gazebo_wind_plugin_node]: WindPlugin: set wind_speed=0.00 wind_direction=0.0
[gzserver-2] [INFO] [1773185304.684964141] [gazebo_wind_plugin_node]: WindPlugin: set wind_speed=0.00 wind_direction=0.0
[gzserver-2] [INFO] [1773185304.924680144] [gazebo_wind_plugin_node]: WindPlugin: set wind_speed=0.00 wind_direction=0.0
[gzserver-2] [0m[1;36m[Dbg] [wind_plugin.cpp:110] [0m[1;36mWindPlugin: received command -> speed=[0m[1;36m0[0m[1;36m dir=[0m[1;36m0[0m[1;36m
[gzserver-2] [0m[1;36m[Dbg] [wind_plugin.cpp:110] [0m[1;36mWindPlugin: received command -> speed=[0m[1;36m0[0m[1;36m dir=[0m[1;36m0[0m[1;36m
[gzserver-2] [0m[1;36m[Dbg] [wind_plugin.cpp:110] [0m[1;36mWindPlugin: received command -> speed=[0m[1;36m0[0m[1;36m dir=[0m[1;36m0[0m[1;36m
[gzserver-2] [0m[1;36m[Dbg] [wind_plugin.cpp:110] [0m[1;36mWindPlugin: received command -> speed=[0m[1;36m0[0m[1;36m dir=[0m[1;36m0[0m[1;36m
[gzserver-2] [0m[1;36m[Dbg] [wind_plugin.cpp:110] [0m[1;36mWindPlugin: received command -> speed=[0m[1;36m0[0m[1;36m dir=[0m[1;36m0[0m[1;36m
[gzserver-2] [0m[1;36m[Dbg] [wind_plugin.cpp:110] [0m[1;36mWindPlugin: received command -> speed=[0m[1;36m0[0m[1;36m dir=[0m[1;36m0[0m[1;36m
[gzserver-2] [0m[1;36m[Dbg] [wind_plugin.cpp:110] [0m[1;36mWindPlugin: received command -> speed=[0m[1;36m0[0m[1;36m dir=[0m[1;36m0[0m[1;36m
[gzserver-2] [0m[1;36m[Dbg] [wind_plugin.cpp:110] [0m[1;36mWindPlugin: received command -> speed=[0m[1;36m0[0m[1;36m dir=[0m[1;36m0[0m[1;36m
[gzserver-2] [0mEntering flying model!
[gzserver-2] [INFO] [1773185305.164486256] [gazebo_wind_plugin_node]: WindPlugin: set wind_speed=0.00 wind_direction=0.0
[gzserver-2] [INFO] [1773185305.404346477] [gazebo_wind_plugin_node]: WindPlugin: set wind_speed=1.60 wind_direction=-162.4
[gzserver-2] [INFO] [1773185305.634846597] [gazebo_wind_plugin_node]: WindPlugin: set wind_speed=1.60 wind_direction=-162.4
[gzserver-2] [INFO] [1773185305.874296925] [gazebo_wind_plugin_node]: WindPlugin: set wind_speed=1.55 wind_direction=-164.1
[gzserver-2] [INFO] [1773185306.113838747] [gazebo_wind_plugin_node]: WindPlugin: set wind_speed=1.55 wind_direction=-164.1
[gzserver-2] [INFO] [1773185306.353369528] [gazebo_wind_plugin_node]: WindPlugin: set wind_speed=1.55 wind_direction=-164.1
[gzserver-2] [INFO] [1773185306.592543654] [gazebo_wind_plugin_node]: WindPlugin: set wind_speed=1.55 wind_direction=-164.1
[gzserver-2] [INFO] [1773185306.834161631] [gazebo_wind_plugin_node]: WindPlugin: set wind_speed=1.56 wind_direction=-165.6
[gzserver-2] [INFO] [1773185307.068240537] [gazebo_wind_plugin_node]: WindPlugin: set wind_speed=1.56 wind_direction=-165.6
[gzserver-2] [INFO] [1773185307.302195126] [gazebo_wind_plugin_node]: WindPlugin: set wind_speed=1.56 wind_direction=-165.6
[gzserver-2] [INFO] [1773185307.541252479] [gazebo_wind_plugin_node]: WindPlugin: set wind_speed=1.56 wind_direction=-165.6
[gzserver-2] [INFO] [1773185307.784034825] [gazebo_wind_plugin_node]: WindPlugin: set wind_speed=1.60 wind_direction=-165.6
[gzserver-2] [INFO] [1773185308.023611952] [gazebo_wind_plugin_node]: WindPlugin: set wind_speed=1.60 wind_direction=-165.6
[gzserver-2] [INFO] [1773185308.257979416] [gazebo_wind_plugin_node]: WindPlugin: set wind_speed=1.60 wind_direction=-165.6
[gzserver-2] [INFO] [1773185308.493198206] [gazebo_wind_plugin_node]: WindPlugin: set wind_speed=1.60 wind_direction=-165.6
[gzserver-2] [INFO] [1773185308.734376775] [gazebo_wind_plugin_node]: WindPlugin: set wind_speed=1.39 wind_direction=-165.8
[gzserver-2] [INFO] [1773185308.773501559] [drone.simple_drone]: Quadrotor lands!!
[gzserver-2] [INFO] [1773185308.974785253] [gazebo_wind_plugin_node]: WindPlugin: set wind_speed=1.39 wind_direction=-165.8
[gzserver-2] [INFO] [1773185309.214529986] [gazebo_wind_plugin_node]: WindPlugin: set wind_speed=1.39 wind_direction=-165.8
[gzserver-2] [INFO] [1773185309.457381961] [gazebo_wind_plugin_node]: WindPlugin: set wind_speed=1.39 wind_direction=-165.8
[gzserver-2] [INFO] [1773185309.699707738] [gazebo_wind_plugin_node]: WindPlugin: set wind_speed=1.39 wind_direction=-165.8
[gzserver-2] [1;36m[Dbg] [wind_plugin.cpp:110] [0m[1;36mWindPlugin: received command -> speed=[0m[1;36m0[0m[1;36m dir=[0m[1;36m0[0m[1;36m
[gzserver-2] [0m[1;36m[Dbg] [wind_plugin.cpp:110] [0m[1;36mWindPlugin: received command -> speed=[0m[1;36m1.59959[0m[1;36m dir=[0m[1;36m-162.449[0m[1;36m
[gzserver-2] [0m[1;36m[Dbg] [wind_plugin.cpp:110] [0m[1;36mWindPlugin: received command -> speed=[0m[1;36m1.59959[0m[1;36m dir=[0m[1;36m-162.449[0m[1;36m
[gzserver-2] [0m[1;36m[Dbg] [wind_plugin.cpp:110] [0m[1;36mWindPlugin: received command -> speed=[0m[1;36m1.54844[0m[1;36m dir=[0m[1;36m-164.105[0m[1;36m
[gzserver-2] [0m[1;36m[Dbg] [wind_plugin.cpp:110] [0m[1;36mWindPlugin: received command -> speed=[0m[1;36m1.54844[0m[1;36m dir=[0m[1;36m-164.105[0m[1;36m
[gzserver-2] [0m[1;36m[Dbg] [wind_plugin.cpp:110] [0m[1;36mWindPlugin: received command -> speed=[0m[1;36m1.54844[0m[1;36m dir=[0m[1;36m-164.105[0m[1;36m
[gzserver-2] [0m[1;36m[Dbg] [wind_plugin.cpp:110] [0m[1;36mWindPlugin: received command -> speed=[0m[1;36m1.54844[0m[1;36m dir=[0m[1;36m-164.105[0m[1;36m
[gzserver-2] [0m[1;36m[Dbg] [wind_plugin.cpp:110] [0m[1;36mWindPlugin: received command -> speed=[0m[1;36m1.55869[0m[1;36m dir=[0m[1;36m-165.586[0m[1;36m
[gzserver-2] [0m[1;36m[Dbg] [wind_plugin.cpp:110] [0m[1;36mWindPlugin: received command -> speed=[0m[1;36m1.55869[0m[1;36m dir=[0m[1;36m-165.586[0m[1;36m
[gzserver-2] [0m[1;36m[Dbg] [wind_plugin.cpp:110] [0m[1;36mWindPlugin: received command -> speed=[0m[1;36m1.55869[0m[1;36m dir=[0m[1;36m-165.586[0m[1;36m
[gzserver-2] [0m[1;36m[Dbg] [wind_plugin.cpp:110] [0m[1;36mWindPlugin: received command -> speed=[0m[1;36m1.55869[0m[1;36m dir=[0m[1;36m-165.586[0m[1;36m
[gzserver-2] [0m[1;36m[Dbg] [wind_plugin.cpp:110] [0m[1;36mWindPlugin: received command -> speed=[0m[1;36m1.59762[0m[1;36m dir=[0m[1;36m-165.626[0m[1;36m
[gzserver-2] [0m[1;36m[Dbg] [wind_plugin.cpp:110] [0m[1;36mWindPlugin: received command -> speed=[0m[1;36m1.59762[0m[1;36m dir=[0m[1;36m-165.626[0m[1;36m
[gzserver-2] [0m[1;36m[Dbg] [wind_plugin.cpp:110] [0m[1;36mWindPlugin: received command -> speed=[0m[1;36m1.59762[0m[1;36m dir=[0m[1;36m-165.626[0m[1;36m
[gzserver-2] [0m[1;36m[Dbg] [wind_plugin.cpp:110] [0m[1;36mWindPlugin: received command -> speed=[0m[1;36m1.59762[0m[1;36m dir=[0m[1;36m-165.626[0m[1;36m
[gzserver-2] [0m[1;36m[Dbg] [wind_plugin.cpp:110] [0m[1;36mWindPlugin: received command -> speed=[0m[1;36m1.38837[0m[1;36m dir=[0m[1;36m-165.804[0m[1;36m
[gzserver-2] [0m[1;36m[Dbg] [wind_plugin.cpp:110] [0m[1;36mWindPlugin: received command -> speed=[0m[1;36m1.38837[0m[1;36m dir=[0m[1;36m-165.804[0m[1;36m
[gzserver-2] [0m[1;36m[Dbg] [wind_plugin.cpp:110] [0m[1;36mWindPlugin: received command -> speed=[0m[1;36m1.38837[0m[1;36m dir=[0m[1;36m-165.804[0m[1;36m
[gzserver-2] [0m[1;36m[Dbg] [wind_plugin.cpp:110] [0m[1;36mWindPlugin: received command -> speed=[0m[1;36m1.38837[0m[1;36m dir=[0m[1;36m-165.804[0m[1;36m
[gzserver-2] [0m[1;36m[Dbg] [wind_plugin.cpp:110] [0m[1;36mWindPlugin: received command -> speed=[0m[1;36m1.38837[0m[1;36m dir=[0m[1;36m-165.804[0m[1;36m
[gzserver-2] [0mLanded!
[gzserver-2] [INFO] [1773185309.941537342] [gazebo_wind_plugin_node]: WindPlugin: set wind_speed=1.40 wind_direction=-166.9
[gzserver-2] [INFO] [1773185310.175785102] [gazebo_wind_plugin_node]: WindPlugin: set wind_speed=1.40 wind_direction=-166.9
[gzserver-2] [INFO] [1773185310.412126735] [gazebo_wind_plugin_node]: WindPlugin: set wind_speed=1.40 wind_direction=-166.9
[gzserver-2] [INFO] [1773185310.651968825] [gazebo_wind_plugin_node]: WindPlugin: set wind_speed=1.40 wind_direction=-166.9
[gzserver-2] [INFO] [1773185310.891512269] [gazebo_wind_plugin_node]: WindPlugin: set wind_speed=1.46 wind_direction=-168.2
[gzserver-2] [INFO] [1773185311.125882176] [gazebo_wind_plugin_node]: WindPlugin: set wind_speed=1.46 wind_direction=-168.2
[gzserver-2] [INFO] [1773185311.360057131] [gazebo_wind_plugin_node]: WindPlugin: set wind_speed=1.46 wind_direction=-168.2
[gzserver-2] [INFO] [1773185311.594298486] [gazebo_wind_plugin_node]: WindPlugin: set wind_speed=1.46 wind_direction=-168.2
