[INFO] [launch]: All log files can be found below /home/j/.ros/log/2026-03-11-07-30-27-400495-j-1783561
[INFO] [launch]: Default logging verbosity is set to INFO
[INFO] [launch.user]: [bringup] Apriltag config: camera=/drone/bottom, image=/drone/bottom/image_raw, tags=/drone/bottom/tags, bridge=/landing_tag_state, standalone=true, use_target_id=true, target_id=0
[INFO] [rviz2-1]: process started with pid [1783566]
[INFO] [gzserver-2]: process started with pid [1783568]
[INFO] [robot_state_publisher-3]: process started with pid [1783570]
[INFO] [joint_state_publisher-4]: process started with pid [1783572]
[INFO] [spawn_drone-5]: process started with pid [1783574]
[INFO] [static_transform_publisher-6]: process started with pid [1783576]
[INFO] [joy_node-7]: process started with pid [1783578]
[INFO] [teleop_joystick-8]: process started with pid [1783580]
[INFO] [apriltag_detector_node-9]: process started with pid [1783582]
[INFO] [apriltag_state_bridge-10]: process started with pid [1783584]
[static_transform_publisher-6] [WARN] [1773181827.876543094] []: Old-style arguments are deprecated; see --help for new-style arguments
[static_transform_publisher-6] [INFO] [1773181827.882894830] [static_transform_publisher_cV9iR33DHylQitJG]: Spinning until stopped - publishing transform
[static_transform_publisher-6] translation: ('0.000000', '0.000000', '0.000000')
[static_transform_publisher-6] rotation: ('0.000000', '0.000000', '0.000000', '1.000000')
[static_transform_publisher-6] from 'world' to '/drone/odom'
[robot_state_publisher-3] [INFO] [1773181827.906096039] [drone.robot_state_publisher]: got segment base_footprint
[robot_state_publisher-3] [INFO] [1773181827.906179393] [drone.robot_state_publisher]: got segment base_link
[robot_state_publisher-3] [INFO] [1773181827.906191151] [drone.robot_state_publisher]: got segment bottom_cam_link
[robot_state_publisher-3] [INFO] [1773181827.906198968] [drone.robot_state_publisher]: got segment front_cam_link
[robot_state_publisher-3] [INFO] [1773181827.906205843] [drone.robot_state_publisher]: got segment sonar_link
[rviz2-1] 
[rviz2-1] (rviz2:1783566): dbind-WARNING **: 07:30:27.907: Couldn't connect to accessibility bus: Failed to connect to socket /root/.cache/at-spi/bus_0: 허가 거부
[apriltag_detector_node-9] [INFO] [1773181827.912181407] [apriltag_detector_node]: tag detector type: umich
[teleop_joystick-8] Traceback (most recent call last):
[teleop_joystick-8]   File "/home/j/INCSL/IICC26_ws/install/sjtu_drone_control/lib/sjtu_drone_control/teleop_joystick", line 33, in <module>
[teleop_joystick-8]     sys.exit(load_entry_point('sjtu_drone_control==0.0.0', 'console_scripts', 'teleop_joystick')())
[teleop_joystick-8]   File "/home/j/INCSL/IICC26_ws/install/sjtu_drone_control/lib/sjtu_drone_control/teleop_joystick", line 22, in importlib_load_entry_point
[teleop_joystick-8]     for entry_point in distribution(dist_name).entry_points
[teleop_joystick-8]   File "/usr/lib/python3.10/importlib/metadata/__init__.py", line 969, in distribution
[teleop_joystick-8]     return Distribution.from_name(distribution_name)
[teleop_joystick-8]   File "/usr/lib/python3.10/importlib/metadata/__init__.py", line 548, in from_name
[teleop_joystick-8]     raise PackageNotFoundError(name)
[teleop_joystick-8] importlib.metadata.PackageNotFoundError: No package metadata was found for sjtu_drone_control
[ERROR] [teleop_joystick-8]: process has died [pid 1783580, exit code 1, cmd '/home/j/INCSL/IICC26_ws/install/sjtu_drone_control/lib/sjtu_drone_control/teleop_joystick --ros-args -r __ns:=/drone'].
[gzserver-2] Gazebo multi-robot simulator, version 11.10.2
[gzserver-2] Copyright (C) 2012 Open Source Robotics Foundation.
[gzserver-2] Released under the Apache 2 License.
[gzserver-2] http://gazebosim.org
[gzserver-2] 
[apriltag_state_bridge-10] [INFO] [1773181828.134374655] [apriltag_state_bridge]: AprilTag bridge started: /drone/bottom/tags -> /landing_tag_state, use_target_id=True, target_id=0
[joint_state_publisher-4] [INFO] [1773181828.147850337] [drone.joint_state_publisher]: Waiting for robot_description to be published on the robot_description topic...
[gzserver-2] [1;33m[Wrn] [gazebo_ros_init.cpp:178] [0m[1;33m
[gzserver-2] #     # ####### ####### ###  #####  #######
[gzserver-2] ##    # #     #    #     #  #     # #
[gzserver-2] # #   # #     #    #     #  #       #
[gzserver-2] #  #  # #     #    #     #  #       #####
[gzserver-2] #   # # #     #    #     #  #       #
[gzserver-2] #    ## #     #    #     #  #     # #
[gzserver-2] #     # #######    #    ###  #####  #######
[gzserver-2] 
[gzserver-2] This version of Gazebo, now called Gazebo classic, reaches end-of-life
[gzserver-2] in January 2025. Users are highly encouraged to migrate to the new Gazebo
[gzserver-2] using our migration guides (https://gazebosim.org/docs/latest/gazebo_classic_migration?utm_source=gazebo_ros_pkgs&utm_medium=cli)
[gzserver-2] 
[gzserver-2] [0m[1;33m
[rviz2-1] [INFO] [1773181828.717268680] [rviz2]: Stereo is NOT SUPPORTED
[rviz2-1] [INFO] [1773181828.717389913] [rviz2]: OpenGl version: 4.6 (GLSL 4.6)
[rviz2-1] [INFO] [1773181828.807363009] [rviz2]: Stereo is NOT SUPPORTED
[rviz2-1] [INFO] [1773181828.896915902] [rviz2]: Stereo is NOT SUPPORTED
[spawn_drone-5] [INFO] [1773181829.301213218] [spawn_drone]: Result False Entity pushed to spawn queue, but spawn service timed outwaiting for entity to appear in simulation under the name [/drone]
[gzserver-2] [1;32m[Msg] [0m[1;32mWaiting for master.[0m[1;32m
[gzserver-2] [0m[1;32m[0m[1;32m[0m[1;32m[Msg] [0m[1;32mConnected to gazebo master @ [0m[1;32mhttp://127.0.0.1:11345[0m[1;32m
[gzserver-2] [0m[1;32m[0m[1;32m[0m[1;32m[Msg] [0m[1;32mPublicized address: [0m[1;32m192.168.0.11[0m[1;32m
[gzserver-2] [0m[1;32m[0m[1;32m[0m[1;32m[Msg] [0m[1;32mLoading world file [[0m[1;32m/home/j/INCSL/IICC26_ws/install/sjtu_drone_description/share/sjtu_drone_description/worlds/landingPad.world[0m[1;32m][0m[1;32m
[gzserver-2] [0m[1;32m[0m[1;32m[0m[1;36m[Dbg] [wind_plugin.cpp:96] [0m[1;36mWindPlugin loaded: speed=[0m[1;36m0[0m[1;36m dir=[0m[1;36m0[0m[1;36m deg area=[0m[1;36m0.1[0m[1;36m coeff=[0m[1;36m1[0m[1;36m
[gzserver-2] [0m[1;33m[0m[1;33m[0m[1;31m[Err] [Sensor.cc:510] [0m[1;31mGet noise index not valid[0m[1;31m
[gzserver-2] [0m[1;31m[0m[1;31m[0m[1;31m[Err] [Sensor.cc:510] [0m[1;31mGet noise index not valid[0m[1;31m
[gzserver-2] [0m[1;31m[0m[1;31m[0m[1;31m[Err] [Sensor.cc:510] [0m[1;31mGet noise index not valid[0m[1;31m
[gzserver-2] [0m[1;31m[0m[1;31m[0m[1;31m[Err] [Sensor.cc:510] [0m[1;31mGet noise index not valid[0m[1;31m
[gzserver-2] [0m[1;31m[0m[1;31m[0m[1;31m[Err] [Sensor.cc:510] [0m[1;31mGet noise index not valid[0m[1;31m
[gzserver-2] [0m[1;31m[0m[1;31m[0m[1;31m[Err] [Sensor.cc:510] [0m[1;31mGet noise index not valid[0m[1;31m
[gzserver-2] [0m[1;31m[0m[1;31m[0mTopic [default//drone/base_footprint/down_camera/image] is not valid.
[gzserver-2] [INFO] [1773181829.331733389] [drone.collision_plugin]: Publishing contact states to [/drone/bumper_states]
[gzserver-2] Topic [default//drone/base_footprint/front_camera/image] is not valid.
[gzserver-2] [1;33m[Wrn] [Event.cc:61] [0m[1;33mWarning: Deleting a connection right after creation. [0m[1;33mMake sure to save the ConnectionPtr from a Connect call
[INFO] [spawn_drone-5]: process has finished cleanly [pid 1783574]
[gzserver-2] [0m[INFO] [1773181829.920675547] [drone.camera_bottom]: Publishing camera info to [/drone/bottom/camera_info]
[gzserver-2] [INFO] [1773181829.923618875] [drone.camera_front]: Publishing camera info to [/drone/front/camera_info]
[gzserver-2] [INFO] [1773181830.045441117] [drone.simple_drone]: The drone plugin is loading!
[gzserver-2] [INFO] [1773181830.045640715] [drone.simple_drone]: pub_odom: 1
[gzserver-2] [INFO] [1773181830.045682438] [drone.simple_drone]: Using following parameters: 
[gzserver-2] 		link_name: base_footprint,
[gzserver-2] 		max_force: 30,
[gzserver-2] 		motion_small_noise: 0,
[gzserver-2] 		motion_drift_noise: 0,
[gzserver-2] 		motion_drift_noise_time: 50,
[gzserver-2] 		takeoff_hover_height: 2.39,
[gzserver-2] 		takeoff_vertical_speed: 0.2
[gzserver-2] [INFO] [1773181830.057085701] [drone.simple_drone]: Using the PID parameters: 
[gzserver-2] 	Roll Pitch:
[gzserver-2] 		kP: 10, kI: 0,kD: 5, Limit: 0.5, Time Constant: 0
[gzserver-2] 	Yaw:
[gzserver-2] 		kP: 2, kI: 0,kD: 1, Limit: 1.5, Time Constant: 0
[gzserver-2] 	Velocity X:
[gzserver-2] 		kP: 5, kI: 0,kD: 2.3, Limit: 2, Time Constant: 0
[gzserver-2] 	Velocity Y:
[gzserver-2] 		kP: 5, kI: 0,kD: 2.3, Limit: 2, Time Constant: 0
[gzserver-2] 	Velocity Z:
[gzserver-2] 		kP: 5, kI: 0,kD: 1, Limit: -1, Time Constant: 0
[gzserver-2] 	Position XY:
[gzserver-2] 		kP: 1.1, kI: 0,kD: 0, Limit: 5, Time Constant: 0
[gzserver-2] 	Position Z:
[gzserver-2] 		kP: 1, kI: 0,kD: 0.2, Limit: -1, Time Constant: 0
[gzserver-2] [INFO] [1773181830.057208976] [drone.simple_drone]: The drone plugin finished loading!
[gzserver-2] [INFO] [1773181837.241549551] [gazebo_wind_plugin_node]: WindPlugin: set wind_speed=0.00 wind_direction=0.0
[gzserver-2] [INFO] [1773181837.502238175] [gazebo_wind_plugin_node]: WindPlugin: set wind_speed=0.00 wind_direction=0.0
[gzserver-2] [INFO] [1773181837.541335586] [drone.simple_drone]: Quadrotor takes off!!
[gzserver-2] [INFO] [1773181837.743356835] [gazebo_wind_plugin_node]: WindPlugin: set wind_speed=0.00 wind_direction=0.0
[gzserver-2] [INFO] [1773181837.978024650] [gazebo_wind_plugin_node]: WindPlugin: set wind_speed=0.00 wind_direction=0.0
[gzserver-2] [INFO] [1773181838.217756865] [gazebo_wind_plugin_node]: WindPlugin: set wind_speed=0.00 wind_direction=0.0
[gzserver-2] [INFO] [1773181838.453023178] [gazebo_wind_plugin_node]: WindPlugin: set wind_speed=0.00 wind_direction=0.0
[gzserver-2] [INFO] [1773181838.687620428] [gazebo_wind_plugin_node]: WindPlugin: set wind_speed=0.00 wind_direction=0.0
[gzserver-2] [INFO] [1773181838.926988225] [gazebo_wind_plugin_node]: WindPlugin: set wind_speed=0.00 wind_direction=0.0
[gzserver-2] [INFO] [1773181839.162485212] [gazebo_wind_plugin_node]: WindPlugin: set wind_speed=0.00 wind_direction=0.0
[gzserver-2] [0m[1;36m[Dbg] [wind_plugin.cpp:110] [0m[1;36mWindPlugin: received command -> speed=[0m[1;36m0[0m[1;36m dir=[0m[1;36m0[0m[1;36m
[gzserver-2] [0m[1;36m[Dbg] [wind_plugin.cpp:110] [0m[1;36mWindPlugin: received command -> speed=[0m[1;36m0[0m[1;36m dir=[0m[1;36m0[0m[1;36m
[gzserver-2] [0m[1;36m[Dbg] [wind_plugin.cpp:110] [0m[1;36mWindPlugin: received command -> speed=[0m[1;36m0[0m[1;36m dir=[0m[1;36m0[0m[1;36m
[gzserver-2] [0m[1;36m[Dbg] [wind_plugin.cpp:110] [0m[1;36mWindPlugin: received command -> speed=[0m[1;36m0[0m[1;36m dir=[0m[1;36m0[0m[1;36m
[gzserver-2] [0m[1;36m[Dbg] [wind_plugin.cpp:110] [0m[1;36mWindPlugin: received command -> speed=[0m[1;36m0[0m[1;36m dir=[0m[1;36m0[0m[1;36m
[gzserver-2] [0m[1;36m[Dbg] [wind_plugin.cpp:110] [0m[1;36mWindPlugin: received command -> speed=[0m[1;36m0[0m[1;36m dir=[0m[1;36m0[0m[1;36m
[gzserver-2] [0m[1;36m[Dbg] [wind_plugin.cpp:110] [0m[1;36mWindPlugin: received command -> speed=[0m[1;36m0[0m[1;36m dir=[0m[1;36m0[0m[1;36m
[gzserver-2] [0m[1;36m[Dbg] [wind_plugin.cpp:110] [0m[1;36mWindPlugin: received command -> speed=[0m[1;36m0[0m[1;36m dir=[0m[1;36m0[0m[1;36m
[gzserver-2] [0m[1;36m[Dbg] [wind_plugin.cpp:110] [0m[1;36mWindPlugin: received command -> speed=[0m[1;36m0[0m[1;36m dir=[0m[1;36m0[0m[1;36m
[gzserver-2] [0mEntering flying model!
[gzserver-2] [INFO] [1773181839.396574313] [gazebo_wind_plugin_node]: WindPlugin: set wind_speed=0.00 wind_direction=0.0
[gzserver-2] [INFO] [1773181839.631703483] [gazebo_wind_plugin_node]: WindPlugin: set wind_speed=1.20 wind_direction=-133.4
[gzserver-2] [INFO] [1773181839.871164095] [gazebo_wind_plugin_node]: WindPlugin: set wind_speed=1.23 wind_direction=-134.9
[gzserver-2] [INFO] [1773181840.105758424] [gazebo_wind_plugin_node]: WindPlugin: set wind_speed=1.23 wind_direction=-134.9
[gzserver-2] [INFO] [1773181840.340536481] [gazebo_wind_plugin_node]: WindPlugin: set wind_speed=1.23 wind_direction=-134.9
[gzserver-2] [INFO] [1773181840.579513806] [gazebo_wind_plugin_node]: WindPlugin: set wind_speed=1.23 wind_direction=-134.9
[gzserver-2] [INFO] [1773181840.815279735] [gazebo_wind_plugin_node]: WindPlugin: set wind_speed=1.23 wind_direction=-133.7
[gzserver-2] [INFO] [1773181841.054976192] [gazebo_wind_plugin_node]: WindPlugin: set wind_speed=1.23 wind_direction=-133.7
[gzserver-2] [INFO] [1773181841.289941752] [gazebo_wind_plugin_node]: WindPlugin: set wind_speed=1.23 wind_direction=-133.7
[gzserver-2] [INFO] [1773181841.529426237] [gazebo_wind_plugin_node]: WindPlugin: set wind_speed=1.23 wind_direction=-133.7
[gzserver-2] [INFO] [1773181841.769203370] [gazebo_wind_plugin_node]: WindPlugin: set wind_speed=1.20 wind_direction=-134.1
[gzserver-2] [INFO] [1773181842.003515295] [gazebo_wind_plugin_node]: WindPlugin: set wind_speed=1.20 wind_direction=-134.1
[gzserver-2] [INFO] [1773181842.243272036] [gazebo_wind_plugin_node]: WindPlugin: set wind_speed=1.20 wind_direction=-134.1
[gzserver-2] [INFO] [1773181842.478363335] [gazebo_wind_plugin_node]: WindPlugin: set wind_speed=1.20 wind_direction=-134.1
[gzserver-2] [INFO] [1773181842.711113690] [gazebo_wind_plugin_node]: WindPlugin: set wind_speed=1.20 wind_direction=-134.1
[gzserver-2] [INFO] [1773181842.947197452] [gazebo_wind_plugin_node]: WindPlugin: set wind_speed=1.34 wind_direction=-129.3
[gzserver-2] [INFO] [1773181843.184071086] [gazebo_wind_plugin_node]: WindPlugin: set wind_speed=1.34 wind_direction=-129.3
[gzserver-2] [INFO] [1773181843.428660534] [gazebo_wind_plugin_node]: WindPlugin: set wind_speed=1.34 wind_direction=-129.3
[gzserver-2] [INFO] [1773181843.669879674] [gazebo_wind_plugin_node]: WindPlugin: set wind_speed=1.34 wind_direction=-129.3
[gzserver-2] [INFO] [1773181843.910285669] [gazebo_wind_plugin_node]: WindPlugin: set wind_speed=1.23 wind_direction=-131.9
[gzserver-2] [INFO] [1773181844.149929866] [gazebo_wind_plugin_node]: WindPlugin: set wind_speed=1.23 wind_direction=-131.9
[gzserver-2] [INFO] [1773181844.385147056] [gazebo_wind_plugin_node]: WindPlugin: set wind_speed=1.23 wind_direction=-131.9
[gzserver-2] [INFO] [1773181844.624420057] [gazebo_wind_plugin_node]: WindPlugin: set wind_speed=1.23 wind_direction=-131.9
[gzserver-2] [INFO] [1773181844.864582906] [gazebo_wind_plugin_node]: WindPlugin: set wind_speed=1.28 wind_direction=-130.2
[gzserver-2] [INFO] [1773181845.099870342] [gazebo_wind_plugin_node]: WindPlugin: set wind_speed=1.28 wind_direction=-130.2
[gzserver-2] [INFO] [1773181845.339423124] [gazebo_wind_plugin_node]: WindPlugin: set wind_speed=1.28 wind_direction=-130.2
[gzserver-2] [INFO] [1773181845.573853214] [gazebo_wind_plugin_node]: WindPlugin: set wind_speed=1.28 wind_direction=-130.2
[gzserver-2] [1;36m[Dbg] [wind_plugin.cpp:110] [0m[1;36mWindPlugin: received command -> speed=[0m[1;36m0[0m[1;36m dir=[0m[1;36m0[0m[1;36m
[gzserver-2] [0m[1;36m[Dbg] [wind_plugin.cpp:110] [0m[1;36mWindPlugin: received command -> speed=[0m[1;36m1.2016[0m[1;36m dir=[0m[1;36m-133.436[0m[1;36m
[gzserver-2] [0m[1;36m[Dbg] [wind_plugin.cpp:110] [0m[1;36mWindPlugin: received command -> speed=[0m[1;36m1.23075[0m[1;36m dir=[0m[1;36m-134.888[0m[1;36m
[gzserver-2] [0m[1;36m[Dbg] [wind_plugin.cpp:110] [0m[1;36mWindPlugin: received command -> speed=[0m[1;36m1.23075[0m[1;36m dir=[0m[1;36m-134.888[0m[1;36m
[gzserver-2] [0m[1;36m[Dbg] [wind_plugin.cpp:110] [0m[1;36mWindPlugin: received command -> speed=[0m[1;36m1.23075[0m[1;36m dir=[0m[1;36m-134.888[0m[1;36m
[gzserver-2] [0m[1;36m[Dbg] [wind_plugin.cpp:110] [0m[1;36mWindPlugin: received command -> speed=[0m[1;36m1.23075[0m[1;36m dir=[0m[1;36m-134.888[0m[1;36m
[gzserver-2] [0m[1;36m[Dbg] [wind_plugin.cpp:110] [0m[1;36mWindPlugin: received command -> speed=[0m[1;36m1.22612[0m[1;36m dir=[0m[1;36m-133.677[0m[1;36m
[gzserver-2] [0m[1;36m[Dbg] [wind_plugin.cpp:110] [0m[1;36mWindPlugin: received command -> speed=[0m[1;36m1.22612[0m[1;36m dir=[0m[1;36m-133.677[0m[1;36m
[gzserver-2] [0m[1;36m[Dbg] [wind_plugin.cpp:110] [0m[1;36mWindPlugin: received command -> speed=[0m[1;36m1.22612[0m[1;36m dir=[0m[1;36m-133.677[0m[1;36m
[gzserver-2] [0m[1;36m[Dbg] [wind_plugin.cpp:110] [0m[1;36mWindPlugin: received command -> speed=[0m[1;36m1.22612[0m[1;36m dir=[0m[1;36m-133.677[0m[1;36m
[gzserver-2] [0m[1;36m[Dbg] [wind_plugin.cpp:110] [0m[1;36mWindPlugin: received command -> speed=[0m[1;36m1.20333[0m[1;36m dir=[0m[1;36m-134.09[0m[1;36m
[gzserver-2] [0m[1;36m[Dbg] [wind_plugin.cpp:110] [0m[1;36mWindPlugin: received command -> speed=[0m[1;36m1.20333[0m[1;36m dir=[0m[1;36m-134.09[0m[1;36m
[gzserver-2] [0m[1;36m[Dbg] [wind_plugin.cpp:110] [0m[1;36mWindPlugin: received command -> speed=[0m[1;36m1.20333[0m[1;36m dir=[0m[1;36m-134.09[0m[1;36m
[gzserver-2] [0m[1;36m[Dbg] [wind_plugin.cpp:110] [0m[1;36mWindPlugin: received command -> speed=[0m[1;36m1.20333[0m[1;36m dir=[0m[1;36m-134.09[0m[1;36m
[gzserver-2] [0m[1;36m[Dbg] [wind_plugin.cpp:110] [0m[1;36mWindPlugin: received command -> speed=[0m[1;36m1.20333[0m[1;36m dir=[0m[1;36m-134.09[0m[1;36m
[gzserver-2] [0m[1;36m[Dbg] [wind_plugin.cpp:110] [0m[1;36mWindPlugin: received command -> speed=[0m[1;36m1.34257[0m[1;36m dir=[0m[1;36m-129.339[0m[1;36m
[gzserver-2] [0m[1;36m[Dbg] [wind_plugin.cpp:110] [0m[1;36mWindPlugin: received command -> speed=[0m[1;36m1.34257[0m[1;36m dir=[0m[1;36m-129.339[0m[1;36m
[gzserver-2] [0m[1;36m[Dbg] [wind_plugin.cpp:110] [0m[1;36mWindPlugin: received command -> speed=[0m[1;36m1.34257[0m[1;36m dir=[0m[1;36m-129.339[0m[1;36m
[gzserver-2] [0m[1;36m[Dbg] [wind_plugin.cpp:110] [0m[1;36mWindPlugin: received command -> speed=[0m[1;36m1.34257[0m[1;36m dir=[0m[1;36m-129.339[0m[1;36m
[gzserver-2] [0m[1;36m[Dbg] [wind_plugin.cpp:110] [0m[1;36mWindPlugin: received command -> speed=[0m[1;36m1.23304[0m[1;36m dir=[0m[1;36m-131.926[0m[1;36m
[gzserver-2] [0m[1;36m[Dbg] [wind_plugin.cpp:110] [0m[1;36mWindPlugin: received command -> speed=[0m[1;36m1.23304[0m[1;36m dir=[0m[1;36m-131.926[0m[1;36m
[gzserver-2] [0m[1;36m[Dbg] [wind_plugin.cpp:110] [0m[1;36mWindPlugin: received command -> speed=[0m[1;36m1.23304[0m[1;36m dir=[0m[1;36m-131.926[0m[1;36m
[gzserver-2] [0m[1;36m[Dbg] [wind_plugin.cpp:110] [0m[1;36mWindPlugin: received command -> speed=[0m[1;36m1.23304[0m[1;36m dir=[0m[1;36m-131.926[0m[1;36m
[gzserver-2] [0m[1;36m[Dbg] [wind_plugin.cpp:110] [0m[1;36mWindPlugin: received command -> speed=[0m[1;36m1.28133[0m[1;36m dir=[0m[1;36m-130.195[0m[1;36m
[gzserver-2] [0m[1;36m[Dbg] [wind_plugin.cpp:110] [0m[1;36mWindPlugin: received command -> speed=[0m[1;36m1.28133[0m[1;36m dir=[0m[1;36m-130.195[0m[1;36m
[gzserver-2] [0m[1;36m[Dbg] [wind_plugin.cpp:110] [0m[1;36mWindPlugin: received command -> speed=[0m[1;36m1.28133[0m[1;36m dir=[0m[1;36m-130.195[0m[1;36m
[gzserver-2] [INFO] [1773181845.808084098] [gazebo_wind_plugin_node]: WindPlugin: set wind_speed=0.99 wind_direction=-131.1
[gzserver-2] [INFO] [1773181846.047913448] [gazebo_wind_plugin_node]: WindPlugin: set wind_speed=0.99 wind_direction=-131.1
[gzserver-2] [INFO] [1773181846.287160831] [gazebo_wind_plugin_node]: WindPlugin: set wind_speed=0.99 wind_direction=-131.1
[gzserver-2] [INFO] [1773181846.319814879] [drone.simple_drone]: Quadrotor lands!!
[gzserver-2] [INFO] [1773181846.521311427] [gazebo_wind_plugin_node]: WindPlugin: set wind_speed=0.99 wind_direction=-131.1
[gzserver-2] [INFO] [1773181846.763155813] [gazebo_wind_plugin_node]: WindPlugin: set wind_speed=1.11 wind_direction=-129.2
[gzserver-2] [INFO] [1773181847.003425646] [gazebo_wind_plugin_node]: WindPlugin: set wind_speed=1.11 wind_direction=-129.2
[gzserver-2] [INFO] [1773181847.231968944] [gazebo_wind_plugin_node]: WindPlugin: set wind_speed=1.11 wind_direction=-129.2
[gzserver-2] [0m[1;36m[Dbg] [wind_plugin.cpp:110] [0m[1;36mWindPlugin: received command -> speed=[0m[1;36m1.28133[0m[1;36m dir=[0m[1;36m-130.195[0m[1;36m
[gzserver-2] [0m[1;36m[Dbg] [wind_plugin.cpp:110] [0m[1;36mWindPlugin: received command -> speed=[0m[1;36m0.986306[0m[1;36m dir=[0m[1;36m-131.102[0m[1;36m
[gzserver-2] [0m[1;36m[Dbg] [wind_plugin.cpp:110] [0m[1;36mWindPlugin: received command -> speed=[0m[1;36m0.986306[0m[1;36m dir=[0m[1;36m-131.102[0m[1;36m
[gzserver-2] [0m[1;36m[Dbg] [wind_plugin.cpp:110] [0m[1;36mWindPlugin: received command -> speed=[0m[1;36m0.986306[0m[1;36m dir=[0m[1;36m-131.102[0m[1;36m
[gzserver-2] [0m[1;36m[Dbg] [wind_plugin.cpp:110] [0m[1;36mWindPlugin: received command -> speed=[0m[1;36m0.986306[0m[1;36m dir=[0m[1;36m-131.102[0m[1;36m
[gzserver-2] [0m[1;36m[Dbg] [wind_plugin.cpp:110] [0m[1;36mWindPlugin: received command -> speed=[0m[1;36m1.11241[0m[1;36m dir=[0m[1;36m-129.24[0m[1;36m
[gzserver-2] [0m[1;36m[Dbg] [wind_plugin.cpp:110] [0m[1;36mWindPlugin: received command -> speed=[0m[1;36m1.11241[0m[1;36m dir=[0m[1;36m-129.24[0m[1;36m
[gzserver-2] [0m[1;36m[Dbg] [wind_plugin.cpp:110] [0m[1;36mWindPlugin: received command -> speed=[0m[1;36m1.11241[0m[1;36m dir=[0m[1;36m-129.24[0m[1;36m
[gzserver-2] [0mLanded!
[gzserver-2] [INFO] [1773181847.474999392] [gazebo_wind_plugin_node]: WindPlugin: set wind_speed=1.11 wind_direction=-129.2
[gzserver-2] [INFO] [1773181847.715181303] [gazebo_wind_plugin_node]: WindPlugin: set wind_speed=1.11 wind_direction=-129.2
[gzserver-2] [INFO] [1773181847.956490591] [gazebo_wind_plugin_node]: WindPlugin: set wind_speed=1.16 wind_direction=-129.5
[gzserver-2] [INFO] [1773181848.191928738] [gazebo_wind_plugin_node]: WindPlugin: set wind_speed=1.16 wind_direction=-129.5
[gzserver-2] [INFO] [1773181848.426336961] [gazebo_wind_plugin_node]: WindPlugin: set wind_speed=1.16 wind_direction=-129.5
[gzserver-2] [INFO] [1773181848.660217865] [gazebo_wind_plugin_node]: WindPlugin: set wind_speed=1.16 wind_direction=-129.5
[gzserver-2] [INFO] [1773181848.899938201] [gazebo_wind_plugin_node]: WindPlugin: set wind_speed=1.07 wind_direction=-130.0
[gzserver-2] [INFO] [1773181849.140386317] [gazebo_wind_plugin_node]: WindPlugin: set wind_speed=1.07 wind_direction=-130.0
