[INFO] [launch]: All log files can be found below /home/j/.ros/log/2026-03-10-21-16-59-358907-j-643999
[INFO] [launch]: Default logging verbosity is set to INFO
[INFO] [launch.user]: [bringup] Apriltag config: camera=/drone/bottom, image=/drone/bottom/image_raw, tags=/drone/bottom/tags, bridge=/landing_tag_state, standalone=true, use_target_id=true, target_id=0
[INFO] [rviz2-1]: process started with pid [644002]
[INFO] [gzserver-2]: process started with pid [644004]
[INFO] [robot_state_publisher-3]: process started with pid [644006]
[INFO] [joint_state_publisher-4]: process started with pid [644008]
[INFO] [spawn_drone-5]: process started with pid [644010]
[INFO] [static_transform_publisher-6]: process started with pid [644012]
[INFO] [joy_node-7]: process started with pid [644014]
[INFO] [teleop_joystick-8]: process started with pid [644016]
[INFO] [apriltag_detector_node-9]: process started with pid [644018]
[INFO] [apriltag_state_bridge-10]: process started with pid [644020]
[static_transform_publisher-6] [WARN] [1773145019.836151680] []: Old-style arguments are deprecated; see --help for new-style arguments
[static_transform_publisher-6] [INFO] [1773145019.842547586] [static_transform_publisher_5PLxfH2Zv0tZo0nh]: Spinning until stopped - publishing transform
[static_transform_publisher-6] translation: ('0.000000', '0.000000', '0.000000')
[static_transform_publisher-6] rotation: ('0.000000', '0.000000', '0.000000', '1.000000')
[static_transform_publisher-6] from 'world' to '/drone/odom'
[rviz2-1] 
[rviz2-1] (rviz2:644002): dbind-WARNING **: 21:16:59.861: Couldn't connect to accessibility bus: Failed to connect to socket /root/.cache/at-spi/bus_0: 허가 거부
[robot_state_publisher-3] [INFO] [1773145019.863986655] [drone.robot_state_publisher]: got segment base_footprint
[robot_state_publisher-3] [INFO] [1773145019.864075584] [drone.robot_state_publisher]: got segment base_link
[robot_state_publisher-3] [INFO] [1773145019.864087870] [drone.robot_state_publisher]: got segment bottom_cam_link
[robot_state_publisher-3] [INFO] [1773145019.864096235] [drone.robot_state_publisher]: got segment front_cam_link
[robot_state_publisher-3] [INFO] [1773145019.864103666] [drone.robot_state_publisher]: got segment sonar_link
[apriltag_detector_node-9] [INFO] [1773145019.868639304] [apriltag_detector_node]: tag detector type: umich
[teleop_joystick-8] Traceback (most recent call last):
[teleop_joystick-8]   File "/home/j/INCSL/IICC26_ws/install/sjtu_drone_control/lib/sjtu_drone_control/teleop_joystick", line 33, in <module>
[teleop_joystick-8]     sys.exit(load_entry_point('sjtu_drone_control==0.0.0', 'console_scripts', 'teleop_joystick')())
[teleop_joystick-8]   File "/home/j/INCSL/IICC26_ws/install/sjtu_drone_control/lib/sjtu_drone_control/teleop_joystick", line 22, in importlib_load_entry_point
[teleop_joystick-8]     for entry_point in distribution(dist_name).entry_points
[teleop_joystick-8]   File "/usr/lib/python3.10/importlib/metadata/__init__.py", line 969, in distribution
[teleop_joystick-8]     return Distribution.from_name(distribution_name)
[teleop_joystick-8]   File "/usr/lib/python3.10/importlib/metadata/__init__.py", line 548, in from_name
[teleop_joystick-8]     raise PackageNotFoundError(name)
[teleop_joystick-8] importlib.metadata.PackageNotFoundError: No package metadata was found for sjtu_drone_control
[ERROR] [teleop_joystick-8]: process has died [pid 644016, exit code 1, cmd '/home/j/INCSL/IICC26_ws/install/sjtu_drone_control/lib/sjtu_drone_control/teleop_joystick --ros-args -r __ns:=/drone'].
[gzserver-2] Gazebo multi-robot simulator, version 11.10.2
[gzserver-2] Copyright (C) 2012 Open Source Robotics Foundation.
[gzserver-2] Released under the Apache 2 License.
[gzserver-2] http://gazebosim.org
[gzserver-2] 
[apriltag_state_bridge-10] [INFO] [1773145020.095507308] [apriltag_state_bridge]: AprilTag bridge started: /drone/bottom/tags -> /landing_tag_state, use_target_id=True, target_id=0
[joint_state_publisher-4] [INFO] [1773145020.105398304] [drone.joint_state_publisher]: Waiting for robot_description to be published on the robot_description topic...
[gzserver-2] [1;33m[Wrn] [gazebo_ros_init.cpp:178] [0m[1;33m
[gzserver-2] #     # ####### ####### ###  #####  #######
[gzserver-2] ##    # #     #    #     #  #     # #
[gzserver-2] # #   # #     #    #     #  #       #
[gzserver-2] #  #  # #     #    #     #  #       #####
[gzserver-2] #   # # #     #    #     #  #       #
[gzserver-2] #    ## #     #    #     #  #     # #
[gzserver-2] #     # #######    #    ###  #####  #######
[gzserver-2] 
[gzserver-2] This version of Gazebo, now called Gazebo classic, reaches end-of-life
[gzserver-2] in January 2025. Users are highly encouraged to migrate to the new Gazebo
[gzserver-2] using our migration guides (https://gazebosim.org/docs/latest/gazebo_classic_migration?utm_source=gazebo_ros_pkgs&utm_medium=cli)
[gzserver-2] 
[gzserver-2] [0m[1;33m
[rviz2-1] [INFO] [1773145020.571732975] [rviz2]: Stereo is NOT SUPPORTED
[rviz2-1] [INFO] [1773145020.571856153] [rviz2]: OpenGl version: 4.6 (GLSL 4.6)
[rviz2-1] [INFO] [1773145020.663638576] [rviz2]: Stereo is NOT SUPPORTED
[rviz2-1] [INFO] [1773145020.783941569] [rviz2]: Stereo is NOT SUPPORTED
[spawn_drone-5] [INFO] [1773145021.249294526] [spawn_drone]: Result False Entity pushed to spawn queue, but spawn service timed outwaiting for entity to appear in simulation under the name [/drone]
[gzserver-2] [1;32m[Msg] [0m[1;32mWaiting for master.[0m[1;32m
[gzserver-2] [0m[1;32m[0m[1;32m[0m[1;32m[Msg] [0m[1;32mConnected to gazebo master @ [0m[1;32mhttp://127.0.0.1:11345[0m[1;32m
[gzserver-2] [0m[1;32m[0m[1;32m[0m[1;32m[Msg] [0m[1;32mPublicized address: [0m[1;32m192.168.0.11[0m[1;32m
[gzserver-2] [0m[1;32m[0m[1;32m[0m[1;32m[Msg] [0m[1;32mLoading world file [[0m[1;32m/home/j/INCSL/IICC26_ws/install/sjtu_drone_description/share/sjtu_drone_description/worlds/landingPad.world[0m[1;32m][0m[1;32m
[gzserver-2] [0m[1;32m[0m[1;32m[0m[1;36m[Dbg] [wind_plugin.cpp:96] [0m[1;36mWindPlugin loaded: speed=[0m[1;36m0[0m[1;36m dir=[0m[1;36m0[0m[1;36m deg area=[0m[1;36m0.1[0m[1;36m coeff=[0m[1;36m1[0m[1;36m
[gzserver-2] [0m[1;33m[0m[1;33m[0m[1;31m[Err] [Sensor.cc:510] [0m[1;31mGet noise index not valid[0m[1;31m
[gzserver-2] [0m[1;31m[0m[1;31m[0m[1;31m[Err] [Sensor.cc:510] [0m[1;31mGet noise index not valid[0m[1;31m
[gzserver-2] [0m[1;31m[0m[1;31m[0m[1;31m[Err] [Sensor.cc:510] [0m[1;31mGet noise index not valid[0m[1;31m
[gzserver-2] [0m[1;31m[0m[1;31m[0m[1;31m[Err] [Sensor.cc:510] [0m[1;31mGet noise index not valid[0m[1;31m
[gzserver-2] [0m[1;31m[0m[1;31m[0m[1;31m[Err] [Sensor.cc:510] [0m[1;31mGet noise index not valid[0m[1;31m
[gzserver-2] [0m[1;31m[0m[1;31m[0m[1;31m[Err] [Sensor.cc:510] [0m[1;31mGet noise index not valid[0m[1;31m
[gzserver-2] [0m[1;31m[0m[1;31m[0mTopic [default//drone/base_footprint/down_camera/image] is not valid.
[gzserver-2] [INFO] [1773145021.280616193] [drone.collision_plugin]: Publishing contact states to [/drone/bumper_states]
[gzserver-2] Topic [default//drone/base_footprint/front_camera/image] is not valid.
[gzserver-2] [1;33m[Wrn] [Event.cc:61] [0m[1;33mWarning: Deleting a connection right after creation. [0m[1;33mMake sure to save the ConnectionPtr from a Connect call
[INFO] [spawn_drone-5]: process has finished cleanly [pid 644010]
[gzserver-2] [0m[INFO] [1773145021.876203929] [drone.camera_bottom]: Publishing camera info to [/drone/bottom/camera_info]
[gzserver-2] [INFO] [1773145021.879036013] [drone.camera_front]: Publishing camera info to [/drone/front/camera_info]
[gzserver-2] [INFO] [1773145022.002047354] [drone.simple_drone]: The drone plugin is loading!
[gzserver-2] [INFO] [1773145022.002246010] [drone.simple_drone]: pub_odom: 1
[gzserver-2] [INFO] [1773145022.002278172] [drone.simple_drone]: Using following parameters: 
[gzserver-2] 		link_name: base_footprint,
[gzserver-2] 		max_force: 30,
[gzserver-2] 		motion_small_noise: 0,
[gzserver-2] 		motion_drift_noise: 0,
[gzserver-2] 		motion_drift_noise_time: 50,
[gzserver-2] 		takeoff_hover_height: 2.45,
[gzserver-2] 		takeoff_vertical_speed: 0.2
[gzserver-2] [INFO] [1773145022.014155802] [drone.simple_drone]: Using the PID parameters: 
[gzserver-2] 	Roll Pitch:
[gzserver-2] 		kP: 10, kI: 0,kD: 5, Limit: 0.5, Time Constant: 0
[gzserver-2] 	Yaw:
[gzserver-2] 		kP: 2, kI: 0,kD: 1, Limit: 1.5, Time Constant: 0
[gzserver-2] 	Velocity X:
[gzserver-2] 		kP: 5, kI: 0,kD: 2.3, Limit: 2, Time Constant: 0
[gzserver-2] 	Velocity Y:
[gzserver-2] 		kP: 5, kI: 0,kD: 2.3, Limit: 2, Time Constant: 0
[gzserver-2] 	Velocity Z:
[gzserver-2] 		kP: 5, kI: 0,kD: 1, Limit: -1, Time Constant: 0
[gzserver-2] 	Position XY:
[gzserver-2] 		kP: 1.1, kI: 0,kD: 0, Limit: 5, Time Constant: 0
[gzserver-2] 	Position Z:
[gzserver-2] 		kP: 1, kI: 0,kD: 0.2, Limit: -1, Time Constant: 0
[gzserver-2] [INFO] [1773145022.014285643] [drone.simple_drone]: The drone plugin finished loading!
[gzserver-2] [INFO] [1773145029.169106283] [gazebo_wind_plugin_node]: WindPlugin: set wind_speed=0.00 wind_direction=0.0
[gzserver-2] [INFO] [1773145029.440842530] [gazebo_wind_plugin_node]: WindPlugin: set wind_speed=0.00 wind_direction=0.0
[gzserver-2] [INFO] [1773145029.480327662] [drone.simple_drone]: Quadrotor takes off!!
[gzserver-2] [INFO] [1773145029.681501563] [gazebo_wind_plugin_node]: WindPlugin: set wind_speed=0.00 wind_direction=0.0
[gzserver-2] [INFO] [1773145029.915980498] [gazebo_wind_plugin_node]: WindPlugin: set wind_speed=0.00 wind_direction=0.0
[gzserver-2] [INFO] [1773145030.157208751] [gazebo_wind_plugin_node]: WindPlugin: set wind_speed=0.00 wind_direction=0.0
[gzserver-2] [INFO] [1773145030.396314731] [gazebo_wind_plugin_node]: WindPlugin: set wind_speed=0.00 wind_direction=0.0
[gzserver-2] [INFO] [1773145030.637531212] [gazebo_wind_plugin_node]: WindPlugin: set wind_speed=0.00 wind_direction=0.0
[gzserver-2] [INFO] [1773145030.871928510] [gazebo_wind_plugin_node]: WindPlugin: set wind_speed=0.00 wind_direction=0.0
[gzserver-2] [INFO] [1773145031.105889919] [gazebo_wind_plugin_node]: WindPlugin: set wind_speed=0.00 wind_direction=0.0
[gzserver-2] [INFO] [1773145031.345107243] [gazebo_wind_plugin_node]: WindPlugin: set wind_speed=0.00 wind_direction=0.0
[gzserver-2] [0m[1;36m[Dbg] [wind_plugin.cpp:110] [0m[1;36mWindPlugin: received command -> speed=[0m[1;36m0[0m[1;36m dir=[0m[1;36m0[0m[1;36m
[gzserver-2] [0m[1;36m[Dbg] [wind_plugin.cpp:110] [0m[1;36mWindPlugin: received command -> speed=[0m[1;36m0[0m[1;36m dir=[0m[1;36m0[0m[1;36m
[gzserver-2] [0m[1;36m[Dbg] [wind_plugin.cpp:110] [0m[1;36mWindPlugin: received command -> speed=[0m[1;36m0[0m[1;36m dir=[0m[1;36m0[0m[1;36m
[gzserver-2] [0m[1;36m[Dbg] [wind_plugin.cpp:110] [0m[1;36mWindPlugin: received command -> speed=[0m[1;36m0[0m[1;36m dir=[0m[1;36m0[0m[1;36m
[gzserver-2] [0m[1;36m[Dbg] [wind_plugin.cpp:110] [0m[1;36mWindPlugin: received command -> speed=[0m[1;36m0[0m[1;36m dir=[0m[1;36m0[0m[1;36m
[gzserver-2] [0m[1;36m[Dbg] [wind_plugin.cpp:110] [0m[1;36mWindPlugin: received command -> speed=[0m[1;36m0[0m[1;36m dir=[0m[1;36m0[0m[1;36m
[gzserver-2] [0m[1;36m[Dbg] [wind_plugin.cpp:110] [0m[1;36mWindPlugin: received command -> speed=[0m[1;36m0[0m[1;36m dir=[0m[1;36m0[0m[1;36m
[gzserver-2] [0m[1;36m[Dbg] [wind_plugin.cpp:110] [0m[1;36mWindPlugin: received command -> speed=[0m[1;36m0[0m[1;36m dir=[0m[1;36m0[0m[1;36m
[gzserver-2] [0m[1;36m[Dbg] [wind_plugin.cpp:110] [0m[1;36mWindPlugin: received command -> speed=[0m[1;36m0[0m[1;36m dir=[0m[1;36m0[0m[1;36m
[gzserver-2] [0m[1;36m[Dbg] [wind_plugin.cpp:110] [0m[1;36mWindPlugin: received command -> speed=[0m[1;36m0[0m[1;36m dir=[0m[1;36m0[0m[1;36m
[gzserver-2] [0mEntering flying model!
[gzserver-2] [INFO] [1773145031.586153998] [gazebo_wind_plugin_node]: WindPlugin: set wind_speed=0.00 wind_direction=0.0
[gzserver-2] [INFO] [1773145031.826093216] [gazebo_wind_plugin_node]: WindPlugin: set wind_speed=2.42 wind_direction=-95.7
[gzserver-2] [INFO] [1773145032.066135009] [gazebo_wind_plugin_node]: WindPlugin: set wind_speed=2.42 wind_direction=-95.7
[gzserver-2] [INFO] [1773145032.305129012] [gazebo_wind_plugin_node]: WindPlugin: set wind_speed=2.42 wind_direction=-95.7
[gzserver-2] [INFO] [1773145032.544399578] [gazebo_wind_plugin_node]: WindPlugin: set wind_speed=2.42 wind_direction=-95.7
[gzserver-2] [INFO] [1773145032.783577890] [gazebo_wind_plugin_node]: WindPlugin: set wind_speed=2.58 wind_direction=-95.3
[gzserver-2] [INFO] [1773145033.023005948] [gazebo_wind_plugin_node]: WindPlugin: set wind_speed=2.58 wind_direction=-95.3
[gzserver-2] [INFO] [1773145033.257723473] [gazebo_wind_plugin_node]: WindPlugin: set wind_speed=2.58 wind_direction=-95.3
[gzserver-2] [INFO] [1773145033.498204019] [gazebo_wind_plugin_node]: WindPlugin: set wind_speed=2.58 wind_direction=-95.3
[gzserver-2] [INFO] [1773145033.732326813] [gazebo_wind_plugin_node]: WindPlugin: set wind_speed=2.30 wind_direction=-98.7
[gzserver-2] [INFO] [1773145033.970873315] [gazebo_wind_plugin_node]: WindPlugin: set wind_speed=2.30 wind_direction=-98.7
[gzserver-2] [INFO] [1773145034.210177001] [gazebo_wind_plugin_node]: WindPlugin: set wind_speed=2.30 wind_direction=-98.7
[gzserver-2] [INFO] [1773145034.450925569] [gazebo_wind_plugin_node]: WindPlugin: set wind_speed=2.30 wind_direction=-98.7
[gzserver-2] [INFO] [1773145034.689995696] [gazebo_wind_plugin_node]: WindPlugin: set wind_speed=2.51 wind_direction=-96.8
[gzserver-2] [INFO] [1773145034.929596595] [gazebo_wind_plugin_node]: WindPlugin: set wind_speed=2.51 wind_direction=-96.8
[gzserver-2] [INFO] [1773145035.169155919] [gazebo_wind_plugin_node]: WindPlugin: set wind_speed=2.51 wind_direction=-96.8
[gzserver-2] [INFO] [1773145035.407771485] [gazebo_wind_plugin_node]: WindPlugin: set wind_speed=2.51 wind_direction=-96.8
[gzserver-2] [INFO] [1773145035.647461233] [gazebo_wind_plugin_node]: WindPlugin: set wind_speed=2.51 wind_direction=-96.8
[gzserver-2] [INFO] [1773145035.888190853] [gazebo_wind_plugin_node]: WindPlugin: set wind_speed=2.33 wind_direction=-97.9
[gzserver-2] [INFO] [1773145036.130619455] [gazebo_wind_plugin_node]: WindPlugin: set wind_speed=2.33 wind_direction=-97.9
[gzserver-2] [INFO] [1773145036.369832360] [gazebo_wind_plugin_node]: WindPlugin: set wind_speed=2.33 wind_direction=-97.9
[gzserver-2] [INFO] [1773145036.609798202] [gazebo_wind_plugin_node]: WindPlugin: set wind_speed=2.33 wind_direction=-97.9
[gzserver-2] [INFO] [1773145036.851196280] [gazebo_wind_plugin_node]: WindPlugin: set wind_speed=2.39 wind_direction=-95.4
[gzserver-2] [INFO] [1773145037.085237820] [gazebo_wind_plugin_node]: WindPlugin: set wind_speed=2.39 wind_direction=-95.4
[gzserver-2] [INFO] [1773145037.324779147] [gazebo_wind_plugin_node]: WindPlugin: set wind_speed=2.39 wind_direction=-95.4
[gzserver-2] [INFO] [1773145037.558875705] [gazebo_wind_plugin_node]: WindPlugin: set wind_speed=2.39 wind_direction=-95.4
[gzserver-2] [INFO] [1773145037.793905507] [gazebo_wind_plugin_node]: WindPlugin: set wind_speed=2.50 wind_direction=-95.9
[gzserver-2] [1;36m[Dbg] [wind_plugin.cpp:110] [0m[1;36mWindPlugin: received command -> speed=[0m[1;36m0[0m[1;36m dir=[0m[1;36m0[0m[1;36m
[gzserver-2] [0m[1;36m[Dbg] [wind_plugin.cpp:110] [0m[1;36mWindPlugin: received command -> speed=[0m[1;36m2.42003[0m[1;36m dir=[0m[1;36m-95.6976[0m[1;36m
[gzserver-2] [0m[1;36m[Dbg] [wind_plugin.cpp:110] [0m[1;36mWindPlugin: received command -> speed=[0m[1;36m2.42003[0m[1;36m dir=[0m[1;36m-95.6976[0m[1;36m
[gzserver-2] [0m[1;36m[Dbg] [wind_plugin.cpp:110] [0m[1;36mWindPlugin: received command -> speed=[0m[1;36m2.42003[0m[1;36m dir=[0m[1;36m-95.6976[0m[1;36m
[gzserver-2] [0m[1;36m[Dbg] [wind_plugin.cpp:110] [0m[1;36mWindPlugin: received command -> speed=[0m[1;36m2.42003[0m[1;36m dir=[0m[1;36m-95.6976[0m[1;36m
[gzserver-2] [0m[1;36m[Dbg] [wind_plugin.cpp:110] [0m[1;36mWindPlugin: received command -> speed=[0m[1;36m2.58408[0m[1;36m dir=[0m[1;36m-95.3105[0m[1;36m
[gzserver-2] [0m[1;36m[Dbg] [wind_plugin.cpp:110] [0m[1;36mWindPlugin: received command -> speed=[0m[1;36m2.58408[0m[1;36m dir=[0m[1;36m-95.3105[0m[1;36m
[gzserver-2] [0m[1;36m[Dbg] [wind_plugin.cpp:110] [0m[1;36mWindPlugin: received command -> speed=[0m[1;36m2.58408[0m[1;36m dir=[0m[1;36m-95.3105[0m[1;36m
[gzserver-2] [0m[1;36m[Dbg] [wind_plugin.cpp:110] [0m[1;36mWindPlugin: received command -> speed=[0m[1;36m2.58408[0m[1;36m dir=[0m[1;36m-95.3105[0m[1;36m
[gzserver-2] [0m[1;36m[Dbg] [wind_plugin.cpp:110] [0m[1;36mWindPlugin: received command -> speed=[0m[1;36m2.29593[0m[1;36m dir=[0m[1;36m-98.7297[0m[1;36m
[gzserver-2] [0m[1;36m[Dbg] [wind_plugin.cpp:110] [0m[1;36mWindPlugin: received command -> speed=[0m[1;36m2.29593[0m[1;36m dir=[0m[1;36m-98.7297[0m[1;36m
[gzserver-2] [0m[1;36m[Dbg] [wind_plugin.cpp:110] [0m[1;36mWindPlugin: received command -> speed=[0m[1;36m2.29593[0m[1;36m dir=[0m[1;36m-98.7297[0m[1;36m
[gzserver-2] [0m[1;36m[Dbg] [wind_plugin.cpp:110] [0m[1;36mWindPlugin: received command -> speed=[0m[1;36m2.29593[0m[1;36m dir=[0m[1;36m-98.7297[0m[1;36m
[gzserver-2] [0m[1;36m[Dbg] [wind_plugin.cpp:110] [0m[1;36mWindPlugin: received command -> speed=[0m[1;36m2.50878[0m[1;36m dir=[0m[1;36m-96.7945[0m[1;36m
[gzserver-2] [0m[1;36m[Dbg] [wind_plugin.cpp:110] [0m[1;36mWindPlugin: received command -> speed=[0m[1;36m2.50878[0m[1;36m dir=[0m[1;36m-96.7945[0m[1;36m
[gzserver-2] [0m[1;36m[Dbg] [wind_plugin.cpp:110] [0m[1;36mWindPlugin: received command -> speed=[0m[1;36m2.50878[0m[1;36m dir=[0m[1;36m-96.7945[0m[1;36m
[gzserver-2] [0m[1;36m[Dbg] [wind_plugin.cpp:110] [0m[1;36mWindPlugin: received command -> speed=[0m[1;36m2.50878[0m[1;36m dir=[0m[1;36m-96.7945[0m[1;36m
[gzserver-2] [0m[1;36m[Dbg] [wind_plugin.cpp:110] [0m[1;36mWindPlugin: received command -> speed=[0m[1;36m2.50878[0m[1;36m dir=[0m[1;36m-96.7945[0m[1;36m
[gzserver-2] [0m[1;36m[Dbg] [wind_plugin.cpp:110] [0m[1;36mWindPlugin: received command -> speed=[0m[1;36m2.32598[0m[1;36m dir=[0m[1;36m-97.8854[0m[1;36m
[gzserver-2] [0m[1;36m[Dbg] [wind_plugin.cpp:110] [0m[1;36mWindPlugin: received command -> speed=[0m[1;36m2.32598[0m[1;36m dir=[0m[1;36m-97.8854[0m[1;36m
[gzserver-2] [0m[1;36m[Dbg] [wind_plugin.cpp:110] [0m[1;36mWindPlugin: received command -> speed=[0m[1;36m2.32598[0m[1;36m dir=[0m[1;36m-97.8854[0m[1;36m
[gzserver-2] [0m[1;36m[Dbg] [wind_plugin.cpp:110] [0m[1;36mWindPlugin: received command -> speed=[0m[1;36m2.32598[0m[1;36m dir=[0m[1;36m-97.8854[0m[1;36m
[gzserver-2] [0m[1;36m[Dbg] [wind_plugin.cpp:110] [0m[1;36mWindPlugin: received command -> speed=[0m[1;36m2.39263[0m[1;36m dir=[0m[1;36m-95.3674[0m[1;36m
[gzserver-2] [0m[1;36m[Dbg] [wind_plugin.cpp:110] [0m[1;36mWindPlugin: received command -> speed=[0m[1;36m2.39263[0m[1;36m dir=[0m[1;36m-95.3674[0m[1;36m
[gzserver-2] [0m[1;36m[Dbg] [wind_plugin.cpp:110] [0m[1;36mWindPlugin: received command -> speed=[0m[1;36m2.39263[0m[1;36m dir=[0m[1;36m-95.3674[0m[1;36m
[gzserver-2] [0m[1;36m[Dbg] [wind_plugin.cpp:110] [0m[1;36mWindPlugin: received command -> speed=[0m[1;36m2.39263[0m[1;36m dir=[0m[1;36m-95.3674[0m[1;36m
[gzserver-2] [INFO] [1773145038.033203370] [gazebo_wind_plugin_node]: WindPlugin: set wind_speed=2.50 wind_direction=-95.9
[gzserver-2] [INFO] [1773145038.272217682] [gazebo_wind_plugin_node]: WindPlugin: set wind_speed=2.50 wind_direction=-95.9
[gzserver-2] [INFO] [1773145038.511637710] [gazebo_wind_plugin_node]: WindPlugin: set wind_speed=2.50 wind_direction=-95.9
[gzserver-2] [INFO] [1773145038.745098504] [gazebo_wind_plugin_node]: WindPlugin: set wind_speed=2.57 wind_direction=-97.3
[gzserver-2] [INFO] [1773145038.984427146] [gazebo_wind_plugin_node]: WindPlugin: set wind_speed=2.57 wind_direction=-97.3
[gzserver-2] [INFO] [1773145039.223852254] [gazebo_wind_plugin_node]: WindPlugin: set wind_speed=2.57 wind_direction=-97.3
[gzserver-2] [INFO] [1773145039.463475443] [gazebo_wind_plugin_node]: WindPlugin: set wind_speed=2.57 wind_direction=-97.3
[gzserver-2] [INFO] [1773145039.697488283] [gazebo_wind_plugin_node]: WindPlugin: set wind_speed=2.50 wind_direction=-94.9
[gzserver-2] [INFO] [1773145039.936819351] [gazebo_wind_plugin_node]: WindPlugin: set wind_speed=2.50 wind_direction=-94.9
[gzserver-2] [INFO] [1773145040.175708261] [gazebo_wind_plugin_node]: WindPlugin: set wind_speed=2.50 wind_direction=-94.9
[gzserver-2] [INFO] [1773145040.414653754] [gazebo_wind_plugin_node]: WindPlugin: set wind_speed=2.50 wind_direction=-94.9
[gzserver-2] [INFO] [1773145040.654066757] [gazebo_wind_plugin_node]: WindPlugin: set wind_speed=2.50 wind_direction=-94.9
[gzserver-2] [INFO] [1773145040.887770938] [gazebo_wind_plugin_node]: WindPlugin: set wind_speed=2.68 wind_direction=-95.6
[gzserver-2] [INFO] [1773145041.127190775] [gazebo_wind_plugin_node]: WindPlugin: set wind_speed=2.68 wind_direction=-95.6
[gzserver-2] [INFO] [1773145041.366578174] [gazebo_wind_plugin_node]: WindPlugin: set wind_speed=2.68 wind_direction=-95.6
[gzserver-2] [INFO] [1773145041.605688962] [gazebo_wind_plugin_node]: WindPlugin: set wind_speed=2.68 wind_direction=-95.6
[gzserver-2] [INFO] [1773145041.845042012] [gazebo_wind_plugin_node]: WindPlugin: set wind_speed=2.45 wind_direction=-96.5
[gzserver-2] [INFO] [1773145042.083875428] [gazebo_wind_plugin_node]: WindPlugin: set wind_speed=2.45 wind_direction=-96.5
[gzserver-2] [INFO] [1773145042.312301141] [gazebo_wind_plugin_node]: WindPlugin: set wind_speed=2.45 wind_direction=-96.5
[gzserver-2] [INFO] [1773145042.551388223] [gazebo_wind_plugin_node]: WindPlugin: set wind_speed=2.45 wind_direction=-96.5
[gzserver-2] [INFO] [1773145042.790572086] [gazebo_wind_plugin_node]: WindPlugin: set wind_speed=2.42 wind_direction=-97.1
[gzserver-2] [INFO] [1773145043.019244053] [gazebo_wind_plugin_node]: WindPlugin: set wind_speed=2.42 wind_direction=-97.1
[gzserver-2] [INFO] [1773145043.258324380] [gazebo_wind_plugin_node]: WindPlugin: set wind_speed=2.42 wind_direction=-97.1
[gzserver-2] [INFO] [1773145043.497520843] [gazebo_wind_plugin_node]: WindPlugin: set wind_speed=2.42 wind_direction=-97.1
[gzserver-2] [INFO] [1773145043.731575916] [gazebo_wind_plugin_node]: WindPlugin: set wind_speed=2.56 wind_direction=-98.0
[gzserver-2] [INFO] [1773145043.971006188] [gazebo_wind_plugin_node]: WindPlugin: set wind_speed=2.56 wind_direction=-98.0
[gzserver-2] [INFO] [1773145044.212629880] [gazebo_wind_plugin_node]: WindPlugin: set wind_speed=2.56 wind_direction=-98.0
[gzserver-2] [0m[1;36m[Dbg] [wind_plugin.cpp:110] [0m[1;36mWindPlugin: received command -> speed=[0m[1;36m2.49682[0m[1;36m dir=[0m[1;36m-95.9208[0m[1;36m
[gzserver-2] [0m[1;36m[Dbg] [wind_plugin.cpp:110] [0m[1;36mWindPlugin: received command -> speed=[0m[1;36m2.49682[0m[1;36m dir=[0m[1;36m-95.9208[0m[1;36m
[gzserver-2] [0m[1;36m[Dbg] [wind_plugin.cpp:110] [0m[1;36mWindPlugin: received command -> speed=[0m[1;36m2.49682[0m[1;36m dir=[0m[1;36m-95.9208[0m[1;36m
[gzserver-2] [0m[1;36m[Dbg] [wind_plugin.cpp:110] [0m[1;36mWindPlugin: received command -> speed=[0m[1;36m2.49682[0m[1;36m dir=[0m[1;36m-95.9208[0m[1;36m
[gzserver-2] [0m[1;36m[Dbg] [wind_plugin.cpp:110] [0m[1;36mWindPlugin: received command -> speed=[0m[1;36m2.57264[0m[1;36m dir=[0m[1;36m-97.256[0m[1;36m
[gzserver-2] [0m[1;36m[Dbg] [wind_plugin.cpp:110] [0m[1;36mWindPlugin: received command -> speed=[0m[1;36m2.57264[0m[1;36m dir=[0m[1;36m-97.256[0m[1;36m
[gzserver-2] [0m[1;36m[Dbg] [wind_plugin.cpp:110] [0m[1;36mWindPlugin: received command -> speed=[0m[1;36m2.57264[0m[1;36m dir=[0m[1;36m-97.256[0m[1;36m
[gzserver-2] [0m[1;36m[Dbg] [wind_plugin.cpp:110] [0m[1;36mWindPlugin: received command -> speed=[0m[1;36m2.57264[0m[1;36m dir=[0m[1;36m-97.256[0m[1;36m
[gzserver-2] [0m[1;36m[Dbg] [wind_plugin.cpp:110] [0m[1;36mWindPlugin: received command -> speed=[0m[1;36m2.50227[0m[1;36m dir=[0m[1;36m-94.9265[0m[1;36m
[gzserver-2] [0m[1;36m[Dbg] [wind_plugin.cpp:110] [0m[1;36mWindPlugin: received command -> speed=[0m[1;36m2.50227[0m[1;36m dir=[0m[1;36m-94.9265[0m[1;36m
[gzserver-2] [0m[1;36m[Dbg] [wind_plugin.cpp:110] [0m[1;36mWindPlugin: received command -> speed=[0m[1;36m2.50227[0m[1;36m dir=[0m[1;36m-94.9265[0m[1;36m
[gzserver-2] [0m[1;36m[Dbg] [wind_plugin.cpp:110] [0m[1;36mWindPlugin: received command -> speed=[0m[1;36m2.50227[0m[1;36m dir=[0m[1;36m-94.9265[0m[1;36m
[gzserver-2] [0m[1;36m[Dbg] [wind_plugin.cpp:110] [0m[1;36mWindPlugin: received command -> speed=[0m[1;36m2.50227[0m[1;36m dir=[0m[1;36m-94.9265[0m[1;36m
[gzserver-2] [0m[1;36m[Dbg] [wind_plugin.cpp:110] [0m[1;36mWindPlugin: received command -> speed=[0m[1;36m2.68197[0m[1;36m dir=[0m[1;36m-95.6495[0m[1;36m
[gzserver-2] [0m[1;36m[Dbg] [wind_plugin.cpp:110] [0m[1;36mWindPlugin: received command -> speed=[0m[1;36m2.68197[0m[1;36m dir=[0m[1;36m-95.6495[0m[1;36m
[gzserver-2] [0m[1;36m[Dbg] [wind_plugin.cpp:110] [0m[1;36mWindPlugin: received command -> speed=[0m[1;36m2.68197[0m[1;36m dir=[0m[1;36m-95.6495[0m[1;36m
[gzserver-2] [0m[1;36m[Dbg] [wind_plugin.cpp:110] [0m[1;36mWindPlugin: received command -> speed=[0m[1;36m2.68197[0m[1;36m dir=[0m[1;36m-95.6495[0m[1;36m
[gzserver-2] [0m[1;36m[Dbg] [wind_plugin.cpp:110] [0m[1;36mWindPlugin: received command -> speed=[0m[1;36m2.45365[0m[1;36m dir=[0m[1;36m-96.5362[0m[1;36m
[gzserver-2] [0m[1;36m[Dbg] [wind_plugin.cpp:110] [0m[1;36mWindPlugin: received command -> speed=[0m[1;36m2.45365[0m[1;36m dir=[0m[1;36m-96.5362[0m[1;36m
[gzserver-2] [0m[1;36m[Dbg] [wind_plugin.cpp:110] [0m[1;36mWindPlugin: received command -> speed=[0m[1;36m2.45365[0m[1;36m dir=[0m[1;36m-96.5362[0m[1;36m
[gzserver-2] [0m[1;36m[Dbg] [wind_plugin.cpp:110] [0m[1;36mWindPlugin: received command -> speed=[0m[1;36m2.45365[0m[1;36m dir=[0m[1;36m-96.5362[0m[1;36m
[gzserver-2] [0m[1;36m[Dbg] [wind_plugin.cpp:110] [0m[1;36mWindPlugin: received command -> speed=[0m[1;36m2.41859[0m[1;36m dir=[0m[1;36m-97.1332[0m[1;36m
[gzserver-2] [0m[1;36m[Dbg] [wind_plugin.cpp:110] [0m[1;36mWindPlugin: received command -> speed=[0m[1;36m2.41859[0m[1;36m dir=[0m[1;36m-97.1332[0m[1;36m
[gzserver-2] [0m[1;36m[Dbg] [wind_plugin.cpp:110] [0m[1;36mWindPlugin: received command -> speed=[0m[1;36m2.41859[0m[1;36m dir=[0m[1;36m-97.1332[0m[1;36m
[gzserver-2] [0m[1;36m[Dbg] [wind_plugin.cpp:110] [0m[1;36mWindPlugin: received command -> speed=[0m[1;36m2.41859[0m[1;36m dir=[0m[1;36m-97.1332[0m[1;36m
[gzserver-2] [0m[1;36m[Dbg] [wind_plugin.cpp:110] [0m[1;36mWindPlugin: received command -> speed=[0m[1;36m2.55963[0m[1;36m dir=[0m[1;36m-97.9769[0m[1;36m
[gzserver-2] [0m[1;36m[Dbg] [wind_plugin.cpp:110] [0m[1;36mWindPlugin: received command -> speed=[0m[1;36m2.55963[0m[1;36m dir=[0m[1;36m-97.9769[0m[1;36m
[gzserver-2] [INFO] [1773145044.451835339] [gazebo_wind_plugin_node]: WindPlugin: set wind_speed=2.56 wind_direction=-98.0
[gzserver-2] [INFO] [1773145044.685845186] [gazebo_wind_plugin_node]: WindPlugin: set wind_speed=2.60 wind_direction=-97.9
[gzserver-2] [INFO] [1773145044.924542511] [gazebo_wind_plugin_node]: WindPlugin: set wind_speed=2.60 wind_direction=-97.9
[gzserver-2] [INFO] [1773145045.158366988] [gazebo_wind_plugin_node]: WindPlugin: set wind_speed=2.60 wind_direction=-97.9
[gzserver-2] [INFO] [1773145045.397485730] [gazebo_wind_plugin_node]: WindPlugin: set wind_speed=2.60 wind_direction=-97.9
[gzserver-2] [INFO] [1773145045.631196050] [gazebo_wind_plugin_node]: WindPlugin: set wind_speed=2.60 wind_direction=-97.9
[gzserver-2] [INFO] [1773145045.870994842] [gazebo_wind_plugin_node]: WindPlugin: set wind_speed=2.68 wind_direction=-98.2
[gzserver-2] [INFO] [1773145046.110260390] [gazebo_wind_plugin_node]: WindPlugin: set wind_speed=2.68 wind_direction=-98.2
[gzserver-2] [INFO] [1773145046.349758657] [gazebo_wind_plugin_node]: WindPlugin: set wind_speed=2.68 wind_direction=-98.2
[gzserver-2] [INFO] [1773145046.583660642] [gazebo_wind_plugin_node]: WindPlugin: set wind_speed=2.68 wind_direction=-98.2
[gzserver-2] [INFO] [1773145046.823249298] [gazebo_wind_plugin_node]: WindPlugin: set wind_speed=2.63 wind_direction=-97.3
[gzserver-2] [INFO] [1773145047.062227662] [gazebo_wind_plugin_node]: WindPlugin: set wind_speed=2.63 wind_direction=-97.3
[gzserver-2] [INFO] [1773145047.296026306] [gazebo_wind_plugin_node]: WindPlugin: set wind_speed=2.63 wind_direction=-97.3
[gzserver-2] [INFO] [1773145047.535084960] [gazebo_wind_plugin_node]: WindPlugin: set wind_speed=2.63 wind_direction=-97.3
[gzserver-2] [INFO] [1773145047.774766444] [gazebo_wind_plugin_node]: WindPlugin: set wind_speed=2.50 wind_direction=-99.5
[gzserver-2] [INFO] [1773145048.003723667] [gazebo_wind_plugin_node]: WindPlugin: set wind_speed=2.50 wind_direction=-99.5
[gzserver-2] [INFO] [1773145048.242596680] [gazebo_wind_plugin_node]: WindPlugin: set wind_speed=2.50 wind_direction=-99.5
[gzserver-2] [INFO] [1773145048.476670345] [gazebo_wind_plugin_node]: WindPlugin: set wind_speed=2.50 wind_direction=-99.5
[gzserver-2] [INFO] [1773145048.705885009] [gazebo_wind_plugin_node]: WindPlugin: set wind_speed=2.63 wind_direction=-99.1
[gzserver-2] [INFO] [1773145048.944517863] [gazebo_wind_plugin_node]: WindPlugin: set wind_speed=2.63 wind_direction=-99.1
[gzserver-2] [INFO] [1773145049.178851095] [gazebo_wind_plugin_node]: WindPlugin: set wind_speed=2.63 wind_direction=-99.1
[gzserver-2] [INFO] [1773145049.413159739] [gazebo_wind_plugin_node]: WindPlugin: set wind_speed=2.63 wind_direction=-99.1
[gzserver-2] [INFO] [1773145049.643693742] [gazebo_wind_plugin_node]: WindPlugin: set wind_speed=2.63 wind_direction=-99.1
[gzserver-2] [INFO] [1773145049.882955709] [gazebo_wind_plugin_node]: WindPlugin: set wind_speed=2.47 wind_direction=-97.6
[gzserver-2] [INFO] [1773145050.125018911] [gazebo_wind_plugin_node]: WindPlugin: set wind_speed=2.47 wind_direction=-97.6
[gzserver-2] [INFO] [1773145050.364532872] [gazebo_wind_plugin_node]: WindPlugin: set wind_speed=2.47 wind_direction=-97.6
[gzserver-2] [INFO] [1773145050.598479576] [gazebo_wind_plugin_node]: WindPlugin: set wind_speed=2.47 wind_direction=-97.6
[gzserver-2] [0m[1;36m[Dbg] [wind_plugin.cpp:110] [0m[1;36mWindPlugin: received command -> speed=[0m[1;36m2.55963[0m[1;36m dir=[0m[1;36m-97.9769[0m[1;36m
[gzserver-2] [0m[1;36m[Dbg] [wind_plugin.cpp:110] [0m[1;36mWindPlugin: received command -> speed=[0m[1;36m2.55963[0m[1;36m dir=[0m[1;36m-97.9769[0m[1;36m
[gzserver-2] [0m[1;36m[Dbg] [wind_plugin.cpp:110] [0m[1;36mWindPlugin: received command -> speed=[0m[1;36m2.59547[0m[1;36m dir=[0m[1;36m-97.9491[0m[1;36m
[gzserver-2] [0m[1;36m[Dbg] [wind_plugin.cpp:110] [0m[1;36mWindPlugin: received command -> speed=[0m[1;36m2.59547[0m[1;36m dir=[0m[1;36m-97.9491[0m[1;36m
[gzserver-2] [0m[1;36m[Dbg] [wind_plugin.cpp:110] [0m[1;36mWindPlugin: received command -> speed=[0m[1;36m2.59547[0m[1;36m dir=[0m[1;36m-97.9491[0m[1;36m
[gzserver-2] [0m[1;36m[Dbg] [wind_plugin.cpp:110] [0m[1;36mWindPlugin: received command -> speed=[0m[1;36m2.59547[0m[1;36m dir=[0m[1;36m-97.9491[0m[1;36m
[gzserver-2] [0m[1;36m[Dbg] [wind_plugin.cpp:110] [0m[1;36mWindPlugin: received command -> speed=[0m[1;36m2.59547[0m[1;36m dir=[0m[1;36m-97.9491[0m[1;36m
[gzserver-2] [0m[1;36m[Dbg] [wind_plugin.cpp:110] [0m[1;36mWindPlugin: received command -> speed=[0m[1;36m2.68392[0m[1;36m dir=[0m[1;36m-98.228[0m[1;36m
[gzserver-2] [0m[1;36m[Dbg] [wind_plugin.cpp:110] [0m[1;36mWindPlugin: received command -> speed=[0m[1;36m2.68392[0m[1;36m dir=[0m[1;36m-98.228[0m[1;36m
[gzserver-2] [0m[1;36m[Dbg] [wind_plugin.cpp:110] [0m[1;36mWindPlugin: received command -> speed=[0m[1;36m2.68392[0m[1;36m dir=[0m[1;36m-98.228[0m[1;36m
[gzserver-2] [0m[1;36m[Dbg] [wind_plugin.cpp:110] [0m[1;36mWindPlugin: received command -> speed=[0m[1;36m2.68392[0m[1;36m dir=[0m[1;36m-98.228[0m[1;36m
[gzserver-2] [0m[1;36m[Dbg] [wind_plugin.cpp:110] [0m[1;36mWindPlugin: received command -> speed=[0m[1;36m2.6311[0m[1;36m dir=[0m[1;36m-97.3454[0m[1;36m
[gzserver-2] [0m[1;36m[Dbg] [wind_plugin.cpp:110] [0m[1;36mWindPlugin: received command -> speed=[0m[1;36m2.6311[0m[1;36m dir=[0m[1;36m-97.3454[0m[1;36m
[gzserver-2] [0m[1;36m[Dbg] [wind_plugin.cpp:110] [0m[1;36mWindPlugin: received command -> speed=[0m[1;36m2.6311[0m[1;36m dir=[0m[1;36m-97.3454[0m[1;36m
[gzserver-2] [0m[1;36m[Dbg] [wind_plugin.cpp:110] [0m[1;36mWindPlugin: received command -> speed=[0m[1;36m2.6311[0m[1;36m dir=[0m[1;36m-97.3454[0m[1;36m
[gzserver-2] [0m[1;36m[Dbg] [wind_plugin.cpp:110] [0m[1;36mWindPlugin: received command -> speed=[0m[1;36m2.5026[0m[1;36m dir=[0m[1;36m-99.5016[0m[1;36m
[gzserver-2] [0m[1;36m[Dbg] [wind_plugin.cpp:110] [0m[1;36mWindPlugin: received command -> speed=[0m[1;36m2.5026[0m[1;36m dir=[0m[1;36m-99.5016[0m[1;36m
[gzserver-2] [0m[1;36m[Dbg] [wind_plugin.cpp:110] [0m[1;36mWindPlugin: received command -> speed=[0m[1;36m2.5026[0m[1;36m dir=[0m[1;36m-99.5016[0m[1;36m
[gzserver-2] [0m[1;36m[Dbg] [wind_plugin.cpp:110] [0m[1;36mWindPlugin: received command -> speed=[0m[1;36m2.5026[0m[1;36m dir=[0m[1;36m-99.5016[0m[1;36m
[gzserver-2] [0m[1;36m[Dbg] [wind_plugin.cpp:110] [0m[1;36mWindPlugin: received command -> speed=[0m[1;36m2.63334[0m[1;36m dir=[0m[1;36m-99.0837[0m[1;36m
[gzserver-2] [0m[1;36m[Dbg] [wind_plugin.cpp:110] [0m[1;36mWindPlugin: received command -> speed=[0m[1;36m2.63334[0m[1;36m dir=[0m[1;36m-99.0837[0m[1;36m
[gzserver-2] [0m[1;36m[Dbg] [wind_plugin.cpp:110] [0m[1;36mWindPlugin: received command -> speed=[0m[1;36m2.63334[0m[1;36m dir=[0m[1;36m-99.0837[0m[1;36m
[gzserver-2] [0m[1;36m[Dbg] [wind_plugin.cpp:110] [0m[1;36mWindPlugin: received command -> speed=[0m[1;36m2.63334[0m[1;36m dir=[0m[1;36m-99.0837[0m[1;36m
[gzserver-2] [0m[1;36m[Dbg] [wind_plugin.cpp:110] [0m[1;36mWindPlugin: received command -> speed=[0m[1;36m2.63334[0m[1;36m dir=[0m[1;36m-99.0837[0m[1;36m
[gzserver-2] [0m[1;36m[Dbg] [wind_plugin.cpp:110] [0m[1;36mWindPlugin: received command -> speed=[0m[1;36m2.47422[0m[1;36m dir=[0m[1;36m-97.5804[0m[1;36m
[gzserver-2] [0m[1;36m[Dbg] [wind_plugin.cpp:110] [0m[1;36mWindPlugin: received command -> speed=[0m[1;36m2.47422[0m[1;36m dir=[0m[1;36m-97.5804[0m[1;36m
[gzserver-2] [0m[1;36m[Dbg] [wind_plugin.cpp:110] [0m[1;36mWindPlugin: received command -> speed=[0m[1;36m2.47422[0m[1;36m dir=[0m[1;36m-97.5804[0m[1;36m
[gzserver-2] [INFO] [1773145050.832412958] [gazebo_wind_plugin_node]: WindPlugin: set wind_speed=2.36 wind_direction=-97.6
[gzserver-2] [INFO] [1773145051.071741552] [gazebo_wind_plugin_node]: WindPlugin: set wind_speed=2.36 wind_direction=-97.6
[gzserver-2] [INFO] [1773145051.300411736] [gazebo_wind_plugin_node]: WindPlugin: set wind_speed=2.36 wind_direction=-97.6
[gzserver-2] [INFO] [1773145051.539532014] [gazebo_wind_plugin_node]: WindPlugin: set wind_speed=2.36 wind_direction=-97.6
[gzserver-2] [INFO] [1773145051.782058305] [gazebo_wind_plugin_node]: WindPlugin: set wind_speed=2.50 wind_direction=-99.5
[gzserver-2] [INFO] [1773145052.021344219] [gazebo_wind_plugin_node]: WindPlugin: set wind_speed=2.50 wind_direction=-99.5
[gzserver-2] [INFO] [1773145052.259936579] [gazebo_wind_plugin_node]: WindPlugin: set wind_speed=2.50 wind_direction=-99.5
[gzserver-2] [INFO] [1773145052.495281249] [gazebo_wind_plugin_node]: WindPlugin: set wind_speed=2.50 wind_direction=-99.5
[gzserver-2] [INFO] [1773145052.734241803] [gazebo_wind_plugin_node]: WindPlugin: set wind_speed=2.46 wind_direction=-99.2
[gzserver-2] [INFO] [1773145052.962266745] [gazebo_wind_plugin_node]: WindPlugin: set wind_speed=2.46 wind_direction=-99.2
[gzserver-2] [INFO] [1773145053.196536896] [gazebo_wind_plugin_node]: WindPlugin: set wind_speed=2.46 wind_direction=-99.2
[gzserver-2] [INFO] [1773145053.435256338] [gazebo_wind_plugin_node]: WindPlugin: set wind_speed=2.46 wind_direction=-99.2
[gzserver-2] [INFO] [1773145053.668724514] [gazebo_wind_plugin_node]: WindPlugin: set wind_speed=2.55 wind_direction=-98.4
[gzserver-2] [INFO] [1773145053.902394587] [gazebo_wind_plugin_node]: WindPlugin: set wind_speed=2.55 wind_direction=-98.4
[gzserver-2] [INFO] [1773145054.136512015] [gazebo_wind_plugin_node]: WindPlugin: set wind_speed=2.55 wind_direction=-98.4
[gzserver-2] [INFO] [1773145054.371383749] [gazebo_wind_plugin_node]: WindPlugin: set wind_speed=2.55 wind_direction=-98.4
[gzserver-2] [INFO] [1773145054.610738953] [gazebo_wind_plugin_node]: WindPlugin: set wind_speed=2.55 wind_direction=-98.4
[gzserver-2] [INFO] [1773145054.839985612] [gazebo_wind_plugin_node]: WindPlugin: set wind_speed=2.50 wind_direction=-98.1
[gzserver-2] [INFO] [1773145055.073631295] [gazebo_wind_plugin_node]: WindPlugin: set wind_speed=2.50 wind_direction=-98.1
[gzserver-2] [INFO] [1773145055.307369293] [gazebo_wind_plugin_node]: WindPlugin: set wind_speed=2.50 wind_direction=-98.1
[gzserver-2] [INFO] [1773145055.543507183] [gazebo_wind_plugin_node]: WindPlugin: set wind_speed=2.50 wind_direction=-98.1
[gzserver-2] [INFO] [1773145055.777216881] [gazebo_wind_plugin_node]: WindPlugin: set wind_speed=2.65 wind_direction=-96.4
[gzserver-2] [INFO] [1773145056.011482809] [gazebo_wind_plugin_node]: WindPlugin: set wind_speed=2.65 wind_direction=-96.4
[gzserver-2] [INFO] [1773145056.251400794] [gazebo_wind_plugin_node]: WindPlugin: set wind_speed=2.65 wind_direction=-96.4
[gzserver-2] [INFO] [1773145056.485699869] [gazebo_wind_plugin_node]: WindPlugin: set wind_speed=2.65 wind_direction=-96.4
[gzserver-2] [INFO] [1773145056.725207575] [gazebo_wind_plugin_node]: WindPlugin: set wind_speed=2.60 wind_direction=-95.7
[gzserver-2] [INFO] [1773145056.959504742] [gazebo_wind_plugin_node]: WindPlugin: set wind_speed=2.60 wind_direction=-95.7
[gzserver-2] [0m[1;36m[Dbg] [wind_plugin.cpp:110] [0m[1;36mWindPlugin: received command -> speed=[0m[1;36m2.47422[0m[1;36m dir=[0m[1;36m-97.5804[0m[1;36m
[gzserver-2] [0m[1;36m[Dbg] [wind_plugin.cpp:110] [0m[1;36mWindPlugin: received command -> speed=[0m[1;36m2.36138[0m[1;36m dir=[0m[1;36m-97.5697[0m[1;36m
[gzserver-2] [0m[1;36m[Dbg] [wind_plugin.cpp:110] [0m[1;36mWindPlugin: received command -> speed=[0m[1;36m2.36138[0m[1;36m dir=[0m[1;36m-97.5697[0m[1;36m
[gzserver-2] [0m[1;36m[Dbg] [wind_plugin.cpp:110] [0m[1;36mWindPlugin: received command -> speed=[0m[1;36m2.36138[0m[1;36m dir=[0m[1;36m-97.5697[0m[1;36m
[gzserver-2] [0m[1;36m[Dbg] [wind_plugin.cpp:110] [0m[1;36mWindPlugin: received command -> speed=[0m[1;36m2.36138[0m[1;36m dir=[0m[1;36m-97.5697[0m[1;36m
[gzserver-2] [0m[1;36m[Dbg] [wind_plugin.cpp:110] [0m[1;36mWindPlugin: received command -> speed=[0m[1;36m2.50083[0m[1;36m dir=[0m[1;36m-99.5124[0m[1;36m
[gzserver-2] [0m[1;36m[Dbg] [wind_plugin.cpp:110] [0m[1;36mWindPlugin: received command -> speed=[0m[1;36m2.50083[0m[1;36m dir=[0m[1;36m-99.5124[0m[1;36m
[gzserver-2] [0m[1;36m[Dbg] [wind_plugin.cpp:110] [0m[1;36mWindPlugin: received command -> speed=[0m[1;36m2.50083[0m[1;36m dir=[0m[1;36m-99.5124[0m[1;36m
[gzserver-2] [0m[1;36m[Dbg] [wind_plugin.cpp:110] [0m[1;36mWindPlugin: received command -> speed=[0m[1;36m2.50083[0m[1;36m dir=[0m[1;36m-99.5124[0m[1;36m
[gzserver-2] [0m[1;36m[Dbg] [wind_plugin.cpp:110] [0m[1;36mWindPlugin: received command -> speed=[0m[1;36m2.45641[0m[1;36m dir=[0m[1;36m-99.2187[0m[1;36m
[gzserver-2] [0m[1;36m[Dbg] [wind_plugin.cpp:110] [0m[1;36mWindPlugin: received command -> speed=[0m[1;36m2.45641[0m[1;36m dir=[0m[1;36m-99.2187[0m[1;36m
[gzserver-2] [0m[1;36m[Dbg] [wind_plugin.cpp:110] [0m[1;36mWindPlugin: received command -> speed=[0m[1;36m2.45641[0m[1;36m dir=[0m[1;36m-99.2187[0m[1;36m
[gzserver-2] [0m[1;36m[Dbg] [wind_plugin.cpp:110] [0m[1;36mWindPlugin: received command -> speed=[0m[1;36m2.45641[0m[1;36m dir=[0m[1;36m-99.2187[0m[1;36m
[gzserver-2] [0m[1;36m[Dbg] [wind_plugin.cpp:110] [0m[1;36mWindPlugin: received command -> speed=[0m[1;36m2.54716[0m[1;36m dir=[0m[1;36m-98.4441[0m[1;36m
[gzserver-2] [0m[1;36m[Dbg] [wind_plugin.cpp:110] [0m[1;36mWindPlugin: received command -> speed=[0m[1;36m2.54716[0m[1;36m dir=[0m[1;36m-98.4441[0m[1;36m
[gzserver-2] [0m[1;36m[Dbg] [wind_plugin.cpp:110] [0m[1;36mWindPlugin: received command -> speed=[0m[1;36m2.54716[0m[1;36m dir=[0m[1;36m-98.4441[0m[1;36m
[gzserver-2] [0m[1;36m[Dbg] [wind_plugin.cpp:110] [0m[1;36mWindPlugin: received command -> speed=[0m[1;36m2.54716[0m[1;36m dir=[0m[1;36m-98.4441[0m[1;36m
[gzserver-2] [0m[1;36m[Dbg] [wind_plugin.cpp:110] [0m[1;36mWindPlugin: received command -> speed=[0m[1;36m2.54716[0m[1;36m dir=[0m[1;36m-98.4441[0m[1;36m
[gzserver-2] [0m[1;36m[Dbg] [wind_plugin.cpp:110] [0m[1;36mWindPlugin: received command -> speed=[0m[1;36m2.50309[0m[1;36m dir=[0m[1;36m-98.0764[0m[1;36m
[gzserver-2] [0m[1;36m[Dbg] [wind_plugin.cpp:110] [0m[1;36mWindPlugin: received command -> speed=[0m[1;36m2.50309[0m[1;36m dir=[0m[1;36m-98.0764[0m[1;36m
[gzserver-2] [0m[1;36m[Dbg] [wind_plugin.cpp:110] [0m[1;36mWindPlugin: received command -> speed=[0m[1;36m2.50309[0m[1;36m dir=[0m[1;36m-98.0764[0m[1;36m
[gzserver-2] [0m[1;36m[Dbg] [wind_plugin.cpp:110] [0m[1;36mWindPlugin: received command -> speed=[0m[1;36m2.50309[0m[1;36m dir=[0m[1;36m-98.0764[0m[1;36m
[gzserver-2] [0m[1;36m[Dbg] [wind_plugin.cpp:110] [0m[1;36mWindPlugin: received command -> speed=[0m[1;36m2.65074[0m[1;36m dir=[0m[1;36m-96.4495[0m[1;36m
[gzserver-2] [0m[1;36m[Dbg] [wind_plugin.cpp:110] [0m[1;36mWindPlugin: received command -> speed=[0m[1;36m2.65074[0m[1;36m dir=[0m[1;36m-96.4495[0m[1;36m
[gzserver-2] [0m[1;36m[Dbg] [wind_plugin.cpp:110] [0m[1;36mWindPlugin: received command -> speed=[0m[1;36m2.65074[0m[1;36m dir=[0m[1;36m-96.4495[0m[1;36m
[gzserver-2] [0m[1;36m[Dbg] [wind_plugin.cpp:110] [0m[1;36mWindPlugin: received command -> speed=[0m[1;36m2.65074[0m[1;36m dir=[0m[1;36m-96.4495[0m[1;36m
[gzserver-2] [0m[1;36m[Dbg] [wind_plugin.cpp:110] [0m[1;36mWindPlugin: received command -> speed=[0m[1;36m2.60092[0m[1;36m dir=[0m[1;36m-95.7071[0m[1;36m
[gzserver-2] [INFO] [1773145057.199298275] [gazebo_wind_plugin_node]: WindPlugin: set wind_speed=2.60 wind_direction=-95.7
[gzserver-2] [INFO] [1773145057.438690638] [gazebo_wind_plugin_node]: WindPlugin: set wind_speed=2.60 wind_direction=-95.7
[gzserver-2] [INFO] [1773145057.677944017] [gazebo_wind_plugin_node]: WindPlugin: set wind_speed=2.57 wind_direction=-97.4
[gzserver-2] [INFO] [1773145057.912021555] [gazebo_wind_plugin_node]: WindPlugin: set wind_speed=2.57 wind_direction=-97.4
[gzserver-2] [INFO] [1773145058.146128835] [gazebo_wind_plugin_node]: WindPlugin: set wind_speed=2.57 wind_direction=-97.4
[gzserver-2] [INFO] [1773145058.379555988] [gazebo_wind_plugin_node]: WindPlugin: set wind_speed=2.57 wind_direction=-97.4
[gzserver-2] [INFO] [1773145058.618776093] [gazebo_wind_plugin_node]: WindPlugin: set wind_speed=2.57 wind_direction=-97.4
[gzserver-2] [INFO] [1773145058.858189048] [gazebo_wind_plugin_node]: WindPlugin: set wind_speed=2.74 wind_direction=-100.3
[gzserver-2] [INFO] [1773145059.097342169] [gazebo_wind_plugin_node]: WindPlugin: set wind_speed=2.74 wind_direction=-100.3
[gzserver-2] [INFO] [1773145059.336448453] [gazebo_wind_plugin_node]: WindPlugin: set wind_speed=2.74 wind_direction=-100.3
[gzserver-2] [INFO] [1773145059.570804235] [gazebo_wind_plugin_node]: WindPlugin: set wind_speed=2.74 wind_direction=-100.3
[gzserver-2] [INFO] [1773145059.811403853] [gazebo_wind_plugin_node]: WindPlugin: set wind_speed=2.45 wind_direction=-95.0
[gzserver-2] [INFO] [1773145060.045619417] [gazebo_wind_plugin_node]: WindPlugin: set wind_speed=2.45 wind_direction=-95.0
[gzserver-2] [INFO] [1773145060.279713439] [gazebo_wind_plugin_node]: WindPlugin: set wind_speed=2.45 wind_direction=-95.0
[gzserver-2] [INFO] [1773145060.513929906] [gazebo_wind_plugin_node]: WindPlugin: set wind_speed=2.45 wind_direction=-95.0
[gzserver-2] [INFO] [1773145060.753036855] [gazebo_wind_plugin_node]: WindPlugin: set wind_speed=2.65 wind_direction=-98.5
[gzserver-2] [INFO] [1773145060.983820352] [gazebo_wind_plugin_node]: WindPlugin: set wind_speed=2.65 wind_direction=-98.5
[gzserver-2] [INFO] [1773145061.225082049] [gazebo_wind_plugin_node]: WindPlugin: set wind_speed=2.65 wind_direction=-98.5
[gzserver-2] [INFO] [1773145061.465172299] [gazebo_wind_plugin_node]: WindPlugin: set wind_speed=2.65 wind_direction=-98.5
[gzserver-2] [INFO] [1773145061.704597221] [gazebo_wind_plugin_node]: WindPlugin: set wind_speed=2.55 wind_direction=-98.0
[gzserver-2] [INFO] [1773145061.742577524] [drone.simple_drone]: Quadrotor lands!!
[gzserver-2] [INFO] [1773145061.944070685] [gazebo_wind_plugin_node]: WindPlugin: set wind_speed=2.55 wind_direction=-98.0
[gzserver-2] [INFO] [1773145062.181436173] [gazebo_wind_plugin_node]: WindPlugin: set wind_speed=2.55 wind_direction=-98.0
[gzserver-2] [INFO] [1773145062.420533552] [gazebo_wind_plugin_node]: WindPlugin: set wind_speed=2.55 wind_direction=-98.0
[gzserver-2] [INFO] [1773145062.660085895] [gazebo_wind_plugin_node]: WindPlugin: set wind_speed=2.55 wind_direction=-98.0
[gzserver-2] [0m[1;36m[Dbg] [wind_plugin.cpp:110] [0m[1;36mWindPlugin: received command -> speed=[0m[1;36m2.60092[0m[1;36m dir=[0m[1;36m-95.7071[0m[1;36m
[gzserver-2] [0m[1;36m[Dbg] [wind_plugin.cpp:110] [0m[1;36mWindPlugin: received command -> speed=[0m[1;36m2.60092[0m[1;36m dir=[0m[1;36m-95.7071[0m[1;36m
[gzserver-2] [0m[1;36m[Dbg] [wind_plugin.cpp:110] [0m[1;36mWindPlugin: received command -> speed=[0m[1;36m2.60092[0m[1;36m dir=[0m[1;36m-95.7071[0m[1;36m
[gzserver-2] [0m[1;36m[Dbg] [wind_plugin.cpp:110] [0m[1;36mWindPlugin: received command -> speed=[0m[1;36m2.56962[0m[1;36m dir=[0m[1;36m-97.4417[0m[1;36m
[gzserver-2] [0m[1;36m[Dbg] [wind_plugin.cpp:110] [0m[1;36mWindPlugin: received command -> speed=[0m[1;36m2.56962[0m[1;36m dir=[0m[1;36m-97.4417[0m[1;36m
[gzserver-2] [0m[1;36m[Dbg] [wind_plugin.cpp:110] [0m[1;36mWindPlugin: received command -> speed=[0m[1;36m2.56962[0m[1;36m dir=[0m[1;36m-97.4417[0m[1;36m
[gzserver-2] [0m[1;36m[Dbg] [wind_plugin.cpp:110] [0m[1;36mWindPlugin: received command -> speed=[0m[1;36m2.56962[0m[1;36m dir=[0m[1;36m-97.4417[0m[1;36m
[gzserver-2] [0m[1;36m[Dbg] [wind_plugin.cpp:110] [0m[1;36mWindPlugin: received command -> speed=[0m[1;36m2.56962[0m[1;36m dir=[0m[1;36m-97.4417[0m[1;36m
[gzserver-2] [0m[1;36m[Dbg] [wind_plugin.cpp:110] [0m[1;36mWindPlugin: received command -> speed=[0m[1;36m2.74334[0m[1;36m dir=[0m[1;36m-100.3[0m[1;36m
[gzserver-2] [0m[1;36m[Dbg] [wind_plugin.cpp:110] [0m[1;36mWindPlugin: received command -> speed=[0m[1;36m2.74334[0m[1;36m dir=[0m[1;36m-100.3[0m[1;36m
[gzserver-2] [0m[1;36m[Dbg] [wind_plugin.cpp:110] [0m[1;36mWindPlugin: received command -> speed=[0m[1;36m2.74334[0m[1;36m dir=[0m[1;36m-100.3[0m[1;36m
[gzserver-2] [0m[1;36m[Dbg] [wind_plugin.cpp:110] [0m[1;36mWindPlugin: received command -> speed=[0m[1;36m2.74334[0m[1;36m dir=[0m[1;36m-100.3[0m[1;36m
[gzserver-2] [0m[1;36m[Dbg] [wind_plugin.cpp:110] [0m[1;36mWindPlugin: received command -> speed=[0m[1;36m2.45232[0m[1;36m dir=[0m[1;36m-95.0414[0m[1;36m
[gzserver-2] [0m[1;36m[Dbg] [wind_plugin.cpp:110] [0m[1;36mWindPlugin: received command -> speed=[0m[1;36m2.45232[0m[1;36m dir=[0m[1;36m-95.0414[0m[1;36m
[gzserver-2] [0m[1;36m[Dbg] [wind_plugin.cpp:110] [0m[1;36mWindPlugin: received command -> speed=[0m[1;36m2.45232[0m[1;36m dir=[0m[1;36m-95.0414[0m[1;36m
[gzserver-2] [0m[1;36m[Dbg] [wind_plugin.cpp:110] [0m[1;36mWindPlugin: received command -> speed=[0m[1;36m2.45232[0m[1;36m dir=[0m[1;36m-95.0414[0m[1;36m
[gzserver-2] [0m[1;36m[Dbg] [wind_plugin.cpp:110] [0m[1;36mWindPlugin: received command -> speed=[0m[1;36m2.6466[0m[1;36m dir=[0m[1;36m-98.4881[0m[1;36m
[gzserver-2] [0m[1;36m[Dbg] [wind_plugin.cpp:110] [0m[1;36mWindPlugin: received command -> speed=[0m[1;36m2.6466[0m[1;36m dir=[0m[1;36m-98.4881[0m[1;36m
[gzserver-2] [0m[1;36m[Dbg] [wind_plugin.cpp:110] [0m[1;36mWindPlugin: received command -> speed=[0m[1;36m2.6466[0m[1;36m dir=[0m[1;36m-98.4881[0m[1;36m
[gzserver-2] [0m[1;36m[Dbg] [wind_plugin.cpp:110] [0m[1;36mWindPlugin: received command -> speed=[0m[1;36m2.6466[0m[1;36m dir=[0m[1;36m-98.4881[0m[1;36m
[gzserver-2] [0m[1;36m[Dbg] [wind_plugin.cpp:110] [0m[1;36mWindPlugin: received command -> speed=[0m[1;36m2.55107[0m[1;36m dir=[0m[1;36m-97.9606[0m[1;36m
[gzserver-2] [0m[1;36m[Dbg] [wind_plugin.cpp:110] [0m[1;36mWindPlugin: received command -> speed=[0m[1;36m2.55107[0m[1;36m dir=[0m[1;36m-97.9606[0m[1;36m
[gzserver-2] [0m[1;36m[Dbg] [wind_plugin.cpp:110] [0m[1;36mWindPlugin: received command -> speed=[0m[1;36m2.55107[0m[1;36m dir=[0m[1;36m-97.9606[0m[1;36m
[gzserver-2] [0m[1;36m[Dbg] [wind_plugin.cpp:110] [0m[1;36mWindPlugin: received command -> speed=[0m[1;36m2.55107[0m[1;36m dir=[0m[1;36m-97.9606[0m[1;36m
[gzserver-2] [0m[1;36m[Dbg] [wind_plugin.cpp:110] [0m[1;36mWindPlugin: received command -> speed=[0m[1;36m2.55107[0m[1;36m dir=[0m[1;36m-97.9606[0m[1;36m
[gzserver-2] [0mLanded!
[gzserver-2] [INFO] [1773145062.899799417] [gazebo_wind_plugin_node]: WindPlugin: set wind_speed=2.51 wind_direction=-99.3
[gzserver-2] [INFO] [1773145063.139469377] [gazebo_wind_plugin_node]: WindPlugin: set wind_speed=2.51 wind_direction=-99.3
[gzserver-2] [INFO] [1773145063.378563231] [gazebo_wind_plugin_node]: WindPlugin: set wind_speed=2.51 wind_direction=-99.3
[gzserver-2] [INFO] [1773145063.617667886] [gazebo_wind_plugin_node]: WindPlugin: set wind_speed=2.51 wind_direction=-99.3
[gzserver-2] [INFO] [1773145063.852188731] [gazebo_wind_plugin_node]: WindPlugin: set wind_speed=2.60 wind_direction=-100.7
[gzserver-2] [INFO] [1773145064.093804070] [gazebo_wind_plugin_node]: WindPlugin: set wind_speed=2.60 wind_direction=-100.7
[gzserver-2] [INFO] [1773145064.333089740] [gazebo_wind_plugin_node]: WindPlugin: set wind_speed=2.60 wind_direction=-100.7
[gzserver-2] [INFO] [1773145064.569276234] [gazebo_wind_plugin_node]: WindPlugin: set wind_speed=2.60 wind_direction=-100.7
