[INFO] [launch]: All log files can be found below /home/j/.ros/log/2026-03-10-21-31-35-533157-j-745774
[INFO] [launch]: Default logging verbosity is set to INFO
[INFO] [launch.user]: [bringup] Apriltag config: camera=/drone/bottom, image=/drone/bottom/image_raw, tags=/drone/bottom/tags, bridge=/landing_tag_state, standalone=true, use_target_id=true, target_id=0
[INFO] [rviz2-1]: process started with pid [745777]
[INFO] [gzserver-2]: process started with pid [745779]
[INFO] [robot_state_publisher-3]: process started with pid [745781]
[INFO] [joint_state_publisher-4]: process started with pid [745783]
[INFO] [spawn_drone-5]: process started with pid [745785]
[INFO] [static_transform_publisher-6]: process started with pid [745787]
[INFO] [joy_node-7]: process started with pid [745789]
[INFO] [teleop_joystick-8]: process started with pid [745791]
[INFO] [apriltag_detector_node-9]: process started with pid [745793]
[INFO] [apriltag_state_bridge-10]: process started with pid [745795]
[static_transform_publisher-6] [WARN] [1773145896.018150846] []: Old-style arguments are deprecated; see --help for new-style arguments
[static_transform_publisher-6] [INFO] [1773145896.024283572] [static_transform_publisher_I1mLghgaFgPJpQ0W]: Spinning until stopped - publishing transform
[static_transform_publisher-6] translation: ('0.000000', '0.000000', '0.000000')
[static_transform_publisher-6] rotation: ('0.000000', '0.000000', '0.000000', '1.000000')
[static_transform_publisher-6] from 'world' to '/drone/odom'
[robot_state_publisher-3] [INFO] [1773145896.036907089] [drone.robot_state_publisher]: got segment base_footprint
[robot_state_publisher-3] [INFO] [1773145896.036969410] [drone.robot_state_publisher]: got segment base_link
[robot_state_publisher-3] [INFO] [1773145896.036974816] [drone.robot_state_publisher]: got segment bottom_cam_link
[robot_state_publisher-3] [INFO] [1773145896.036978122] [drone.robot_state_publisher]: got segment front_cam_link
[robot_state_publisher-3] [INFO] [1773145896.036980901] [drone.robot_state_publisher]: got segment sonar_link
[rviz2-1] 
[rviz2-1] (rviz2:745777): dbind-WARNING **: 21:31:36.047: Couldn't connect to accessibility bus: Failed to connect to socket /root/.cache/at-spi/bus_0: 허가 거부
[apriltag_detector_node-9] [INFO] [1773145896.054487724] [apriltag_detector_node]: tag detector type: umich
[teleop_joystick-8] Traceback (most recent call last):
[teleop_joystick-8]   File "/home/j/INCSL/IICC26_ws/install/sjtu_drone_control/lib/sjtu_drone_control/teleop_joystick", line 33, in <module>
[teleop_joystick-8]     sys.exit(load_entry_point('sjtu_drone_control==0.0.0', 'console_scripts', 'teleop_joystick')())
[teleop_joystick-8]   File "/home/j/INCSL/IICC26_ws/install/sjtu_drone_control/lib/sjtu_drone_control/teleop_joystick", line 22, in importlib_load_entry_point
[teleop_joystick-8]     for entry_point in distribution(dist_name).entry_points
[teleop_joystick-8]   File "/usr/lib/python3.10/importlib/metadata/__init__.py", line 969, in distribution
[teleop_joystick-8]     return Distribution.from_name(distribution_name)
[teleop_joystick-8]   File "/usr/lib/python3.10/importlib/metadata/__init__.py", line 548, in from_name
[teleop_joystick-8]     raise PackageNotFoundError(name)
[teleop_joystick-8] importlib.metadata.PackageNotFoundError: No package metadata was found for sjtu_drone_control
[ERROR] [teleop_joystick-8]: process has died [pid 745791, exit code 1, cmd '/home/j/INCSL/IICC26_ws/install/sjtu_drone_control/lib/sjtu_drone_control/teleop_joystick --ros-args -r __ns:=/drone'].
[gzserver-2] Gazebo multi-robot simulator, version 11.10.2
[gzserver-2] Copyright (C) 2012 Open Source Robotics Foundation.
[gzserver-2] Released under the Apache 2 License.
[gzserver-2] http://gazebosim.org
[gzserver-2] 
[apriltag_state_bridge-10] [INFO] [1773145896.278225316] [apriltag_state_bridge]: AprilTag bridge started: /drone/bottom/tags -> /landing_tag_state, use_target_id=True, target_id=0
[joint_state_publisher-4] [INFO] [1773145896.305799313] [drone.joint_state_publisher]: Waiting for robot_description to be published on the robot_description topic...
[gzserver-2] [1;33m[Wrn] [gazebo_ros_init.cpp:178] [0m[1;33m
[gzserver-2] #     # ####### ####### ###  #####  #######
[gzserver-2] ##    # #     #    #     #  #     # #
[gzserver-2] # #   # #     #    #     #  #       #
[gzserver-2] #  #  # #     #    #     #  #       #####
[gzserver-2] #   # # #     #    #     #  #       #
[gzserver-2] #    ## #     #    #     #  #     # #
[gzserver-2] #     # #######    #    ###  #####  #######
[gzserver-2] 
[gzserver-2] This version of Gazebo, now called Gazebo classic, reaches end-of-life
[gzserver-2] in January 2025. Users are highly encouraged to migrate to the new Gazebo
[gzserver-2] using our migration guides (https://gazebosim.org/docs/latest/gazebo_classic_migration?utm_source=gazebo_ros_pkgs&utm_medium=cli)
[gzserver-2] 
[gzserver-2] [0m[1;33m
[rviz2-1] [INFO] [1773145896.868029962] [rviz2]: Stereo is NOT SUPPORTED
[rviz2-1] [INFO] [1773145896.868138464] [rviz2]: OpenGl version: 4.6 (GLSL 4.6)
[rviz2-1] [INFO] [1773145896.945078405] [rviz2]: Stereo is NOT SUPPORTED
[rviz2-1] [INFO] [1773145897.061746186] [rviz2]: Stereo is NOT SUPPORTED
[spawn_drone-5] [INFO] [1773145897.283226742] [spawn_drone]: service not available, waiting again...
[spawn_drone-5] [INFO] [1773145897.500568102] [spawn_drone]: Result False Entity pushed to spawn queue, but spawn service timed outwaiting for entity to appear in simulation under the name [/drone]
[gzserver-2] [1;32m[Msg] [0m[1;32mWaiting for master.[0m[1;32m
[gzserver-2] [0m[1;32m[0m[1;32m[0m[1;32m[Msg] [0m[1;32mConnected to gazebo master @ [0m[1;32mhttp://127.0.0.1:11345[0m[1;32m
[gzserver-2] [0m[1;32m[0m[1;32m[0m[1;32m[Msg] [0m[1;32mPublicized address: [0m[1;32m192.168.0.11[0m[1;32m
[gzserver-2] [0m[1;32m[0m[1;32m[0m[1;32m[Msg] [0m[1;32mLoading world file [[0m[1;32m/home/j/INCSL/IICC26_ws/install/sjtu_drone_description/share/sjtu_drone_description/worlds/landingPad.world[0m[1;32m][0m[1;32m
[gzserver-2] [0m[1;32m[0m[1;32m[0m[1;36m[Dbg] [wind_plugin.cpp:96] [0m[1;36mWindPlugin loaded: speed=[0m[1;36m0[0m[1;36m dir=[0m[1;36m0[0m[1;36m deg area=[0m[1;36m0.1[0m[1;36m coeff=[0m[1;36m1[0m[1;36m
[gzserver-2] [0m[1;33m[0m[1;33m[0m[1;31m[Err] [Sensor.cc:510] [0m[1;31mGet noise index not valid[0m[1;31m
[gzserver-2] [0m[1;31m[0m[1;31m[0m[1;31m[Err] [Sensor.cc:510] [0m[1;31mGet noise index not valid[0m[1;31m
[gzserver-2] [0m[1;31m[0m[1;31m[0m[1;31m[Err] [Sensor.cc:510] [0m[1;31mGet noise index not valid[0m[1;31m
[gzserver-2] [0m[1;31m[0m[1;31m[0m[1;31m[Err] [Sensor.cc:510] [0m[1;31mGet noise index not valid[0m[1;31m
[gzserver-2] [0m[1;31m[0m[1;31m[0m[1;31m[Err] [Sensor.cc:510] [0m[1;31mGet noise index not valid[0m[1;31m
[gzserver-2] [0m[1;31m[0m[1;31m[0m[1;31m[Err] [Sensor.cc:510] [0m[1;31mGet noise index not valid[0m[1;31m
[gzserver-2] [0m[1;31m[0m[1;31m[0mTopic [default//drone/base_footprint/down_camera/image] is not valid.
[gzserver-2] [INFO] [1773145897.537706941] [drone.collision_plugin]: Publishing contact states to [/drone/bumper_states]
[gzserver-2] Topic [default//drone/base_footprint/front_camera/image] is not valid.
[gzserver-2] [1;33m[Wrn] [Event.cc:61] [0m[1;33mWarning: Deleting a connection right after creation. [0m[1;33mMake sure to save the ConnectionPtr from a Connect call
[INFO] [spawn_drone-5]: process has finished cleanly [pid 745785]
[gzserver-2] [0m[INFO] [1773145898.134290302] [drone.camera_bottom]: Publishing camera info to [/drone/bottom/camera_info]
[gzserver-2] [INFO] [1773145898.138767764] [drone.camera_front]: Publishing camera info to [/drone/front/camera_info]
[gzserver-2] [INFO] [1773145898.267547500] [drone.simple_drone]: The drone plugin is loading!
[gzserver-2] [INFO] [1773145898.267760082] [drone.simple_drone]: pub_odom: 1
[gzserver-2] [INFO] [1773145898.267797384] [drone.simple_drone]: Using following parameters: 
[gzserver-2] 		link_name: base_footprint,
[gzserver-2] 		max_force: 30,
[gzserver-2] 		motion_small_noise: 0,
[gzserver-2] 		motion_drift_noise: 0,
[gzserver-2] 		motion_drift_noise_time: 50,
[gzserver-2] 		takeoff_hover_height: 1.85,
[gzserver-2] 		takeoff_vertical_speed: 0.2
[gzserver-2] [INFO] [1773145898.279197217] [drone.simple_drone]: Using the PID parameters: 
[gzserver-2] 	Roll Pitch:
[gzserver-2] 		kP: 10, kI: 0,kD: 5, Limit: 0.5, Time Constant: 0
[gzserver-2] 	Yaw:
[gzserver-2] 		kP: 2, kI: 0,kD: 1, Limit: 1.5, Time Constant: 0
[gzserver-2] 	Velocity X:
[gzserver-2] 		kP: 5, kI: 0,kD: 2.3, Limit: 2, Time Constant: 0
[gzserver-2] 	Velocity Y:
[gzserver-2] 		kP: 5, kI: 0,kD: 2.3, Limit: 2, Time Constant: 0
[gzserver-2] 	Velocity Z:
[gzserver-2] 		kP: 5, kI: 0,kD: 1, Limit: -1, Time Constant: 0
[gzserver-2] 	Position XY:
[gzserver-2] 		kP: 1.1, kI: 0,kD: 0, Limit: 5, Time Constant: 0
[gzserver-2] 	Position Z:
[gzserver-2] 		kP: 1, kI: 0,kD: 0.2, Limit: -1, Time Constant: 0
[gzserver-2] [INFO] [1773145898.279332242] [drone.simple_drone]: The drone plugin finished loading!
[gzserver-2] [INFO] [1773145905.361142628] [gazebo_wind_plugin_node]: WindPlugin: set wind_speed=0.00 wind_direction=0.0
[gzserver-2] [INFO] [1773145905.632796425] [gazebo_wind_plugin_node]: WindPlugin: set wind_speed=0.00 wind_direction=0.0
[gzserver-2] [INFO] [1773145905.666259500] [drone.simple_drone]: Quadrotor takes off!!
[gzserver-2] [INFO] [1773145905.867744585] [gazebo_wind_plugin_node]: WindPlugin: set wind_speed=0.00 wind_direction=0.0
[gzserver-2] [INFO] [1773145906.102374386] [gazebo_wind_plugin_node]: WindPlugin: set wind_speed=0.00 wind_direction=0.0
[gzserver-2] [INFO] [1773145906.341505223] [gazebo_wind_plugin_node]: WindPlugin: set wind_speed=0.00 wind_direction=0.0
[gzserver-2] [INFO] [1773145906.583615059] [gazebo_wind_plugin_node]: WindPlugin: set wind_speed=0.00 wind_direction=0.0
[gzserver-2] [INFO] [1773145906.828247155] [gazebo_wind_plugin_node]: WindPlugin: set wind_speed=0.00 wind_direction=0.0
[gzserver-2] [INFO] [1773145907.065620336] [gazebo_wind_plugin_node]: WindPlugin: set wind_speed=0.00 wind_direction=0.0
[gzserver-2] [0m[1;36m[Dbg] [wind_plugin.cpp:110] [0m[1;36mWindPlugin: received command -> speed=[0m[1;36m0[0m[1;36m dir=[0m[1;36m0[0m[1;36m
[gzserver-2] [0m[1;36m[Dbg] [wind_plugin.cpp:110] [0m[1;36mWindPlugin: received command -> speed=[0m[1;36m0[0m[1;36m dir=[0m[1;36m0[0m[1;36m
[gzserver-2] [0m[1;36m[Dbg] [wind_plugin.cpp:110] [0m[1;36mWindPlugin: received command -> speed=[0m[1;36m0[0m[1;36m dir=[0m[1;36m0[0m[1;36m
[gzserver-2] [0m[1;36m[Dbg] [wind_plugin.cpp:110] [0m[1;36mWindPlugin: received command -> speed=[0m[1;36m0[0m[1;36m dir=[0m[1;36m0[0m[1;36m
[gzserver-2] [0m[1;36m[Dbg] [wind_plugin.cpp:110] [0m[1;36mWindPlugin: received command -> speed=[0m[1;36m0[0m[1;36m dir=[0m[1;36m0[0m[1;36m
[gzserver-2] [0m[1;36m[Dbg] [wind_plugin.cpp:110] [0m[1;36mWindPlugin: received command -> speed=[0m[1;36m0[0m[1;36m dir=[0m[1;36m0[0m[1;36m
[gzserver-2] [0m[1;36m[Dbg] [wind_plugin.cpp:110] [0m[1;36mWindPlugin: received command -> speed=[0m[1;36m0[0m[1;36m dir=[0m[1;36m0[0m[1;36m
[gzserver-2] [0m[1;36m[Dbg] [wind_plugin.cpp:110] [0m[1;36mWindPlugin: received command -> speed=[0m[1;36m0[0m[1;36m dir=[0m[1;36m0[0m[1;36m
[gzserver-2] [0mEntering flying model!
[gzserver-2] [INFO] [1773145907.304816484] [gazebo_wind_plugin_node]: WindPlugin: set wind_speed=0.00 wind_direction=0.0
[gzserver-2] [INFO] [1773145907.545127547] [gazebo_wind_plugin_node]: WindPlugin: set wind_speed=0.85 wind_direction=-111.8
[gzserver-2] [INFO] [1773145907.784475783] [gazebo_wind_plugin_node]: WindPlugin: set wind_speed=0.85 wind_direction=-111.8
[gzserver-2] [INFO] [1773145908.023667115] [gazebo_wind_plugin_node]: WindPlugin: set wind_speed=0.95 wind_direction=-110.5
[gzserver-2] [INFO] [1773145908.263041069] [gazebo_wind_plugin_node]: WindPlugin: set wind_speed=0.95 wind_direction=-110.5
[gzserver-2] [INFO] [1773145908.502283337] [gazebo_wind_plugin_node]: WindPlugin: set wind_speed=0.95 wind_direction=-110.5
[gzserver-2] [INFO] [1773145908.732955117] [gazebo_wind_plugin_node]: WindPlugin: set wind_speed=0.95 wind_direction=-110.5
[gzserver-2] [INFO] [1773145908.968027721] [gazebo_wind_plugin_node]: WindPlugin: set wind_speed=1.13 wind_direction=-112.5
[gzserver-2] [INFO] [1773145909.204636143] [gazebo_wind_plugin_node]: WindPlugin: set wind_speed=1.13 wind_direction=-112.5
[gzserver-2] [INFO] [1773145909.433770700] [gazebo_wind_plugin_node]: WindPlugin: set wind_speed=1.13 wind_direction=-112.5
[gzserver-2] [INFO] [1773145909.673191655] [gazebo_wind_plugin_node]: WindPlugin: set wind_speed=1.13 wind_direction=-112.5
[gzserver-2] [INFO] [1773145909.912695558] [gazebo_wind_plugin_node]: WindPlugin: set wind_speed=1.02 wind_direction=-113.6
[gzserver-2] [INFO] [1773145910.152102298] [gazebo_wind_plugin_node]: WindPlugin: set wind_speed=1.02 wind_direction=-113.6
[gzserver-2] [INFO] [1773145910.386170502] [gazebo_wind_plugin_node]: WindPlugin: set wind_speed=1.02 wind_direction=-113.6
[gzserver-2] [INFO] [1773145910.625405516] [gazebo_wind_plugin_node]: WindPlugin: set wind_speed=1.02 wind_direction=-113.6
[gzserver-2] [INFO] [1773145910.859873452] [gazebo_wind_plugin_node]: WindPlugin: set wind_speed=1.02 wind_direction=-113.6
[gzserver-2] [INFO] [1773145911.094968381] [gazebo_wind_plugin_node]: WindPlugin: set wind_speed=1.05 wind_direction=-114.7
[gzserver-2] [INFO] [1773145911.329497876] [gazebo_wind_plugin_node]: WindPlugin: set wind_speed=1.05 wind_direction=-114.7
[gzserver-2] [INFO] [1773145911.568627276] [gazebo_wind_plugin_node]: WindPlugin: set wind_speed=1.05 wind_direction=-114.7
[gzserver-2] [INFO] [1773145911.803150865] [gazebo_wind_plugin_node]: WindPlugin: set wind_speed=1.05 wind_direction=-114.7
[gzserver-2] [INFO] [1773145912.042203831] [gazebo_wind_plugin_node]: WindPlugin: set wind_speed=1.19 wind_direction=-115.6
[gzserver-2] [INFO] [1773145912.282314707] [gazebo_wind_plugin_node]: WindPlugin: set wind_speed=1.19 wind_direction=-115.6
[gzserver-2] [INFO] [1773145912.521619211] [gazebo_wind_plugin_node]: WindPlugin: set wind_speed=1.19 wind_direction=-115.6
[gzserver-2] [INFO] [1773145912.755912612] [gazebo_wind_plugin_node]: WindPlugin: set wind_speed=1.19 wind_direction=-115.6
[gzserver-2] [INFO] [1773145912.990357170] [gazebo_wind_plugin_node]: WindPlugin: set wind_speed=1.08 wind_direction=-112.7
[gzserver-2] [INFO] [1773145913.219952970] [gazebo_wind_plugin_node]: WindPlugin: set wind_speed=1.08 wind_direction=-112.7
[gzserver-2] [INFO] [1773145913.459494559] [gazebo_wind_plugin_node]: WindPlugin: set wind_speed=1.08 wind_direction=-112.7
[gzserver-2] [1;36m[Dbg] [wind_plugin.cpp:110] [0m[1;36mWindPlugin: received command -> speed=[0m[1;36m0[0m[1;36m dir=[0m[1;36m0[0m[1;36m
[gzserver-2] [0m[1;36m[Dbg] [wind_plugin.cpp:110] [0m[1;36mWindPlugin: received command -> speed=[0m[1;36m0.84639[0m[1;36m dir=[0m[1;36m-111.775[0m[1;36m
[gzserver-2] [0m[1;36m[Dbg] [wind_plugin.cpp:110] [0m[1;36mWindPlugin: received command -> speed=[0m[1;36m0.84639[0m[1;36m dir=[0m[1;36m-111.775[0m[1;36m
[gzserver-2] [0m[1;36m[Dbg] [wind_plugin.cpp:110] [0m[1;36mWindPlugin: received command -> speed=[0m[1;36m0.946164[0m[1;36m dir=[0m[1;36m-110.53[0m[1;36m
[gzserver-2] [0m[1;36m[Dbg] [wind_plugin.cpp:110] [0m[1;36mWindPlugin: received command -> speed=[0m[1;36m0.946164[0m[1;36m dir=[0m[1;36m-110.53[0m[1;36m
[gzserver-2] [0m[1;36m[Dbg] [wind_plugin.cpp:110] [0m[1;36mWindPlugin: received command -> speed=[0m[1;36m0.946164[0m[1;36m dir=[0m[1;36m-110.53[0m[1;36m
[gzserver-2] [0m[1;36m[Dbg] [wind_plugin.cpp:110] [0m[1;36mWindPlugin: received command -> speed=[0m[1;36m0.946164[0m[1;36m dir=[0m[1;36m-110.53[0m[1;36m
[gzserver-2] [0m[1;36m[Dbg] [wind_plugin.cpp:110] [0m[1;36mWindPlugin: received command -> speed=[0m[1;36m1.13275[0m[1;36m dir=[0m[1;36m-112.488[0m[1;36m
[gzserver-2] [0m[1;36m[Dbg] [wind_plugin.cpp:110] [0m[1;36mWindPlugin: received command -> speed=[0m[1;36m1.13275[0m[1;36m dir=[0m[1;36m-112.488[0m[1;36m
[gzserver-2] [0m[1;36m[Dbg] [wind_plugin.cpp:110] [0m[1;36mWindPlugin: received command -> speed=[0m[1;36m1.13275[0m[1;36m dir=[0m[1;36m-112.488[0m[1;36m
[gzserver-2] [0m[1;36m[Dbg] [wind_plugin.cpp:110] [0m[1;36mWindPlugin: received command -> speed=[0m[1;36m1.13275[0m[1;36m dir=[0m[1;36m-112.488[0m[1;36m
[gzserver-2] [0m[1;36m[Dbg] [wind_plugin.cpp:110] [0m[1;36mWindPlugin: received command -> speed=[0m[1;36m1.01979[0m[1;36m dir=[0m[1;36m-113.647[0m[1;36m
[gzserver-2] [0m[1;36m[Dbg] [wind_plugin.cpp:110] [0m[1;36mWindPlugin: received command -> speed=[0m[1;36m1.01979[0m[1;36m dir=[0m[1;36m-113.647[0m[1;36m
[gzserver-2] [0m[1;36m[Dbg] [wind_plugin.cpp:110] [0m[1;36mWindPlugin: received command -> speed=[0m[1;36m1.01979[0m[1;36m dir=[0m[1;36m-113.647[0m[1;36m
[gzserver-2] [0m[1;36m[Dbg] [wind_plugin.cpp:110] [0m[1;36mWindPlugin: received command -> speed=[0m[1;36m1.01979[0m[1;36m dir=[0m[1;36m-113.647[0m[1;36m
[gzserver-2] [0m[1;36m[Dbg] [wind_plugin.cpp:110] [0m[1;36mWindPlugin: received command -> speed=[0m[1;36m1.01979[0m[1;36m dir=[0m[1;36m-113.647[0m[1;36m
[gzserver-2] [0m[1;36m[Dbg] [wind_plugin.cpp:110] [0m[1;36mWindPlugin: received command -> speed=[0m[1;36m1.04964[0m[1;36m dir=[0m[1;36m-114.7[0m[1;36m
[gzserver-2] [0m[1;36m[Dbg] [wind_plugin.cpp:110] [0m[1;36mWindPlugin: received command -> speed=[0m[1;36m1.04964[0m[1;36m dir=[0m[1;36m-114.7[0m[1;36m
[gzserver-2] [0m[1;36m[Dbg] [wind_plugin.cpp:110] [0m[1;36mWindPlugin: received command -> speed=[0m[1;36m1.04964[0m[1;36m dir=[0m[1;36m-114.7[0m[1;36m
[gzserver-2] [0m[1;36m[Dbg] [wind_plugin.cpp:110] [0m[1;36mWindPlugin: received command -> speed=[0m[1;36m1.04964[0m[1;36m dir=[0m[1;36m-114.7[0m[1;36m
[gzserver-2] [0m[1;36m[Dbg] [wind_plugin.cpp:110] [0m[1;36mWindPlugin: received command -> speed=[0m[1;36m1.18788[0m[1;36m dir=[0m[1;36m-115.576[0m[1;36m
[gzserver-2] [0m[1;36m[Dbg] [wind_plugin.cpp:110] [0m[1;36mWindPlugin: received command -> speed=[0m[1;36m1.18788[0m[1;36m dir=[0m[1;36m-115.576[0m[1;36m
[gzserver-2] [0m[1;36m[Dbg] [wind_plugin.cpp:110] [0m[1;36mWindPlugin: received command -> speed=[0m[1;36m1.18788[0m[1;36m dir=[0m[1;36m-115.576[0m[1;36m
[gzserver-2] [0m[1;36m[Dbg] [wind_plugin.cpp:110] [0m[1;36mWindPlugin: received command -> speed=[0m[1;36m1.18788[0m[1;36m dir=[0m[1;36m-115.576[0m[1;36m
[gzserver-2] [0m[1;36m[Dbg] [wind_plugin.cpp:110] [0m[1;36mWindPlugin: received command -> speed=[0m[1;36m1.07566[0m[1;36m dir=[0m[1;36m-112.738[0m[1;36m
[gzserver-2] [0m[1;36m[Dbg] [wind_plugin.cpp:110] [0m[1;36mWindPlugin: received command -> speed=[0m[1;36m1.07566[0m[1;36m dir=[0m[1;36m-112.738[0m[1;36m
[gzserver-2] [INFO] [1773145913.695075466] [gazebo_wind_plugin_node]: WindPlugin: set wind_speed=1.08 wind_direction=-112.7
[gzserver-2] [INFO] [1773145913.934602494] [gazebo_wind_plugin_node]: WindPlugin: set wind_speed=1.00 wind_direction=-112.2
[gzserver-2] [INFO] [1773145914.168868026] [gazebo_wind_plugin_node]: WindPlugin: set wind_speed=1.00 wind_direction=-112.2
[gzserver-2] [INFO] [1773145914.403615913] [gazebo_wind_plugin_node]: WindPlugin: set wind_speed=1.00 wind_direction=-112.2
[gzserver-2] [INFO] [1773145914.637640832] [gazebo_wind_plugin_node]: WindPlugin: set wind_speed=1.00 wind_direction=-112.2
[gzserver-2] [INFO] [1773145914.676325170] [drone.simple_drone]: Quadrotor lands!!
[gzserver-2] [INFO] [1773145914.877716937] [gazebo_wind_plugin_node]: WindPlugin: set wind_speed=1.17 wind_direction=-112.1
[gzserver-2] [INFO] [1773145915.117539971] [gazebo_wind_plugin_node]: WindPlugin: set wind_speed=1.17 wind_direction=-112.1
[gzserver-2] [INFO] [1773145915.357024400] [gazebo_wind_plugin_node]: WindPlugin: set wind_speed=1.17 wind_direction=-112.1
[gzserver-2] [INFO] [1773145915.591821151] [gazebo_wind_plugin_node]: WindPlugin: set wind_speed=1.17 wind_direction=-112.1
[gzserver-2] [0m[1;36m[Dbg] [wind_plugin.cpp:110] [0m[1;36mWindPlugin: received command -> speed=[0m[1;36m1.07566[0m[1;36m dir=[0m[1;36m-112.738[0m[1;36m
[gzserver-2] [0m[1;36m[Dbg] [wind_plugin.cpp:110] [0m[1;36mWindPlugin: received command -> speed=[0m[1;36m1.07566[0m[1;36m dir=[0m[1;36m-112.738[0m[1;36m
[gzserver-2] [0m[1;36m[Dbg] [wind_plugin.cpp:110] [0m[1;36mWindPlugin: received command -> speed=[0m[1;36m1.00446[0m[1;36m dir=[0m[1;36m-112.242[0m[1;36m
[gzserver-2] [0m[1;36m[Dbg] [wind_plugin.cpp:110] [0m[1;36mWindPlugin: received command -> speed=[0m[1;36m1.00446[0m[1;36m dir=[0m[1;36m-112.242[0m[1;36m
[gzserver-2] [0m[1;36m[Dbg] [wind_plugin.cpp:110] [0m[1;36mWindPlugin: received command -> speed=[0m[1;36m1.00446[0m[1;36m dir=[0m[1;36m-112.242[0m[1;36m
[gzserver-2] [0m[1;36m[Dbg] [wind_plugin.cpp:110] [0m[1;36mWindPlugin: received command -> speed=[0m[1;36m1.00446[0m[1;36m dir=[0m[1;36m-112.242[0m[1;36m
[gzserver-2] [0m[1;36m[Dbg] [wind_plugin.cpp:110] [0m[1;36mWindPlugin: received command -> speed=[0m[1;36m1.16668[0m[1;36m dir=[0m[1;36m-112.15[0m[1;36m
[gzserver-2] [0m[1;36m[Dbg] [wind_plugin.cpp:110] [0m[1;36mWindPlugin: received command -> speed=[0m[1;36m1.16668[0m[1;36m dir=[0m[1;36m-112.15[0m[1;36m
[gzserver-2] [0m[1;36m[Dbg] [wind_plugin.cpp:110] [0m[1;36mWindPlugin: received command -> speed=[0m[1;36m1.16668[0m[1;36m dir=[0m[1;36m-112.15[0m[1;36m
[gzserver-2] [0m[1;36m[Dbg] [wind_plugin.cpp:110] [0m[1;36mWindPlugin: received command -> speed=[0m[1;36m1.16668[0m[1;36m dir=[0m[1;36m-112.15[0m[1;36m
[gzserver-2] [0mLanded!
[gzserver-2] [INFO] [1773145915.822213784] [gazebo_wind_plugin_node]: WindPlugin: set wind_speed=1.17 wind_direction=-112.1
[gzserver-2] [INFO] [1773145916.061812426] [gazebo_wind_plugin_node]: WindPlugin: set wind_speed=0.89 wind_direction=-115.7
[gzserver-2] [INFO] [1773145916.296898082] [gazebo_wind_plugin_node]: WindPlugin: set wind_speed=0.89 wind_direction=-115.7
[gzserver-2] [INFO] [1773145916.536201745] [gazebo_wind_plugin_node]: WindPlugin: set wind_speed=0.89 wind_direction=-115.7
[gzserver-2] [INFO] [1773145916.777964612] [gazebo_wind_plugin_node]: WindPlugin: set wind_speed=0.89 wind_direction=-115.7
[gzserver-2] [INFO] [1773145917.016935243] [gazebo_wind_plugin_node]: WindPlugin: set wind_speed=0.92 wind_direction=-114.1
[gzserver-2] [INFO] [1773145917.251348347] [gazebo_wind_plugin_node]: WindPlugin: set wind_speed=0.92 wind_direction=-114.1
[gzserver-2] [INFO] [1773145917.486116462] [gazebo_wind_plugin_node]: WindPlugin: set wind_speed=0.92 wind_direction=-114.1
