[INFO] [launch]: All log files can be found below /home/j/.ros/log/2026-03-10-00-47-04-243380-j-589167
[INFO] [launch]: Default logging verbosity is set to INFO
[INFO] [launch.user]: [bringup] Apriltag config: camera=/drone/bottom, image=/drone/bottom/image_raw, tags=/drone/bottom/tags, bridge=/landing_tag_state, standalone=true, use_target_id=true, target_id=0
[INFO] [rviz2-1]: process started with pid [589169]
[INFO] [gzserver-2]: process started with pid [589171]
[INFO] [robot_state_publisher-3]: process started with pid [589173]
[INFO] [joint_state_publisher-4]: process started with pid [589175]
[INFO] [spawn_drone-5]: process started with pid [589177]
[INFO] [static_transform_publisher-6]: process started with pid [589179]
[INFO] [joy_node-7]: process started with pid [589181]
[INFO] [teleop_joystick-8]: process started with pid [589183]
[INFO] [apriltag_detector_node-9]: process started with pid [589185]
[INFO] [apriltag_state_bridge-10]: process started with pid [589187]
[static_transform_publisher-6] [WARN] [1773071224.724026263] []: Old-style arguments are deprecated; see --help for new-style arguments
[static_transform_publisher-6] [INFO] [1773071224.732521333] [static_transform_publisher_hyBeKKRDIEKCf1kY]: Spinning until stopped - publishing transform
[static_transform_publisher-6] translation: ('0.000000', '0.000000', '0.000000')
[static_transform_publisher-6] rotation: ('0.000000', '0.000000', '0.000000', '1.000000')
[static_transform_publisher-6] from 'world' to '/drone/odom'
[robot_state_publisher-3] [INFO] [1773071224.757507247] [drone.robot_state_publisher]: got segment base_footprint
[robot_state_publisher-3] [INFO] [1773071224.757606525] [drone.robot_state_publisher]: got segment base_link
[robot_state_publisher-3] [INFO] [1773071224.757621210] [drone.robot_state_publisher]: got segment bottom_cam_link
[robot_state_publisher-3] [INFO] [1773071224.757630977] [drone.robot_state_publisher]: got segment front_cam_link
[robot_state_publisher-3] [INFO] [1773071224.757639782] [drone.robot_state_publisher]: got segment sonar_link
[apriltag_detector_node-9] [INFO] [1773071224.758636117] [apriltag_detector_node]: tag detector type: umich
[rviz2-1] 
[rviz2-1] (rviz2:589169): dbind-WARNING **: 00:47:04.761: Couldn't connect to accessibility bus: Failed to connect to socket /root/.cache/at-spi/bus_0: 허가 거부
[teleop_joystick-8] Traceback (most recent call last):
[teleop_joystick-8]   File "/home/j/INCSL/IICC26_ws/install/sjtu_drone_control/lib/sjtu_drone_control/teleop_joystick", line 33, in <module>
[teleop_joystick-8]     sys.exit(load_entry_point('sjtu_drone_control==0.0.0', 'console_scripts', 'teleop_joystick')())
[teleop_joystick-8]   File "/home/j/INCSL/IICC26_ws/install/sjtu_drone_control/lib/sjtu_drone_control/teleop_joystick", line 22, in importlib_load_entry_point
[teleop_joystick-8]     for entry_point in distribution(dist_name).entry_points
[teleop_joystick-8]   File "/usr/lib/python3.10/importlib/metadata/__init__.py", line 969, in distribution
[teleop_joystick-8]     return Distribution.from_name(distribution_name)
[teleop_joystick-8]   File "/usr/lib/python3.10/importlib/metadata/__init__.py", line 548, in from_name
[teleop_joystick-8]     raise PackageNotFoundError(name)
[teleop_joystick-8] importlib.metadata.PackageNotFoundError: No package metadata was found for sjtu_drone_control
[ERROR] [teleop_joystick-8]: process has died [pid 589183, exit code 1, cmd '/home/j/INCSL/IICC26_ws/install/sjtu_drone_control/lib/sjtu_drone_control/teleop_joystick --ros-args -r __ns:=/drone'].
[gzserver-2] Gazebo multi-robot simulator, version 11.10.2
[gzserver-2] Copyright (C) 2012 Open Source Robotics Foundation.
[gzserver-2] Released under the Apache 2 License.
[gzserver-2] http://gazebosim.org
[gzserver-2] 
[joint_state_publisher-4] [INFO] [1773071225.022972370] [drone.joint_state_publisher]: Waiting for robot_description to be published on the robot_description topic...
[apriltag_state_bridge-10] [INFO] [1773071225.033932692] [apriltag_state_bridge]: AprilTag bridge started: /drone/bottom/tags -> /landing_tag_state, use_target_id=True, target_id=0
[gzserver-2] [1;33m[Wrn] [gazebo_ros_init.cpp:178] [0m[1;33m
[gzserver-2] #     # ####### ####### ###  #####  #######
[gzserver-2] ##    # #     #    #     #  #     # #
[gzserver-2] # #   # #     #    #     #  #       #
[gzserver-2] #  #  # #     #    #     #  #       #####
[gzserver-2] #   # # #     #    #     #  #       #
[gzserver-2] #    ## #     #    #     #  #     # #
[gzserver-2] #     # #######    #    ###  #####  #######
[gzserver-2] 
[gzserver-2] This version of Gazebo, now called Gazebo classic, reaches end-of-life
[gzserver-2] in January 2025. Users are highly encouraged to migrate to the new Gazebo
[gzserver-2] using our migration guides (https://gazebosim.org/docs/latest/gazebo_classic_migration?utm_source=gazebo_ros_pkgs&utm_medium=cli)
[gzserver-2] 
[gzserver-2] [0m[1;33m
[rviz2-1] [INFO] [1773071225.548189599] [rviz2]: Stereo is NOT SUPPORTED
[rviz2-1] [INFO] [1773071225.548278968] [rviz2]: OpenGl version: 4.6 (GLSL 4.6)
[rviz2-1] [INFO] [1773071225.635787569] [rviz2]: Stereo is NOT SUPPORTED
[rviz2-1] [INFO] [1773071225.726334625] [rviz2]: Stereo is NOT SUPPORTED
[gzserver-2] [1;32m[Msg] [0m[1;32mWaiting for master.[0m[1;32m
[gzserver-2] [0m[1;32m[0m[1;32m[0m[1;32m[Msg] [0m[1;32mConnected to gazebo master @ [0m[1;32mhttp://127.0.0.1:11345[0m[1;32m
[gzserver-2] [0m[1;32m[0m[1;32m[0m[1;32m[Msg] [0m[1;32mPublicized address: [0m[1;32m192.168.0.11[0m[1;32m
[gzserver-2] [0m[1;32m[0m[1;32m[0m[1;32m[Msg] [0m[1;32mLoading world file [[0m[1;32m/home/j/INCSL/IICC26_ws/install/sjtu_drone_description/share/sjtu_drone_description/worlds/landingPad.world[0m[1;32m][0m[1;32m
[gzserver-2] [0m[1;32m[0m[1;32m[0m[1;36m[Dbg] [wind_plugin.cpp:96] [0m[1;36mWindPlugin loaded: speed=[0m[1;36m0[0m[1;36m dir=[0m[1;36m0[0m[1;36m deg area=[0m[1;36m0.1[0m[1;36m coeff=[0m[1;36m1[0m[1;36m
[gzserver-2] [0m[1;33m[0m[1;33m[0m[1;31m[Err] [Sensor.cc:510] [0m[1;31mGet noise index not valid[0m[1;31m
[gzserver-2] [0m[1;31m[0m[1;31m[0m[1;31m[Err] [Sensor.cc:510] [0m[1;31mGet noise index not valid[0m[1;31m
[gzserver-2] [0m[1;31m[0m[1;31m[0m[1;31m[Err] [Sensor.cc:510] [0m[1;31mGet noise index not valid[0m[1;31m
[gzserver-2] [0m[1;31m[0m[1;31m[0m[1;31m[Err] [Sensor.cc:510] [0m[1;31mGet noise index not valid[0m[1;31m
[gzserver-2] [0m[1;31m[0m[1;31m[0m[1;31m[Err] [Sensor.cc:510] [0m[1;31mGet noise index not valid[0m[1;31m
[gzserver-2] [0m[1;31m[0m[1;31m[0m[1;31m[Err] [Sensor.cc:510] [0m[1;31mGet noise index not valid[0m[1;31m
[gzserver-2] [0m[1;31m[0m[1;31m[0mTopic [default//drone/base_footprint/down_camera/image] is not valid.
[gzserver-2] Topic [default//drone/base_footprint/front_camera/image] is not valid.
[gzserver-2] [INFO] [1773071226.192879678] [drone.collision_plugin]: Publishing contact states to [/drone/bumper_states]
[gzserver-2] [1;33m[Wrn] [Event.cc:61] [0m[1;33mWarning: Deleting a connection right after creation. [0m[1;33mMake sure to save the ConnectionPtr from a Connect call
[gzserver-2] [0m[INFO] [1773071226.753478022] [drone.camera_bottom]: Publishing camera info to [/drone/bottom/camera_info]
[gzserver-2] [INFO] [1773071226.758014664] [drone.camera_front]: Publishing camera info to [/drone/front/camera_info]
[spawn_drone-5] [INFO] [1773071226.766393208] [spawn_drone]: Result True SpawnEntity: Successfully spawned entity [/drone]
[gzserver-2] [INFO] [1773071226.879893044] [drone.simple_drone]: The drone plugin is loading!
[gzserver-2] [INFO] [1773071226.880102239] [drone.simple_drone]: pub_odom: 1
[gzserver-2] [INFO] [1773071226.880136799] [drone.simple_drone]: Using following parameters: 
[gzserver-2] 		link_name: base_footprint,
[gzserver-2] 		max_force: 30,
[gzserver-2] 		motion_small_noise: 0,
[gzserver-2] 		motion_drift_noise: 0,
[gzserver-2] 		motion_drift_noise_time: 50,
[gzserver-2] 		takeoff_hover_height: 2.21,
[gzserver-2] 		takeoff_vertical_speed: 0.2
[gzserver-2] [INFO] [1773071226.891874290] [drone.simple_drone]: Using the PID parameters: 
[gzserver-2] 	Roll Pitch:
[gzserver-2] 		kP: 10, kI: 0,kD: 5, Limit: 0.5, Time Constant: 0
[gzserver-2] 	Yaw:
[gzserver-2] 		kP: 2, kI: 0,kD: 1, Limit: 1.5, Time Constant: 0
[gzserver-2] 	Velocity X:
[gzserver-2] 		kP: 5, kI: 0,kD: 2.3, Limit: 2, Time Constant: 0
[gzserver-2] 	Velocity Y:
[gzserver-2] 		kP: 5, kI: 0,kD: 2.3, Limit: 2, Time Constant: 0
[gzserver-2] 	Velocity Z:
[gzserver-2] 		kP: 5, kI: 0,kD: 1, Limit: -1, Time Constant: 0
[gzserver-2] 	Position XY:
[gzserver-2] 		kP: 1.1, kI: 0,kD: 0, Limit: 5, Time Constant: 0
[gzserver-2] 	Position Z:
[gzserver-2] 		kP: 1, kI: 0,kD: 0.2, Limit: -1, Time Constant: 0
[gzserver-2] [INFO] [1773071226.892023024] [drone.simple_drone]: The drone plugin finished loading!
[INFO] [spawn_drone-5]: process has finished cleanly [pid 589177]
[gzserver-2] [INFO] [1773071234.067767867] [gazebo_wind_plugin_node]: WindPlugin: set wind_speed=0.00 wind_direction=0.0
[gzserver-2] [INFO] [1773071234.345583963] [gazebo_wind_plugin_node]: WindPlugin: set wind_speed=0.00 wind_direction=0.0
[gzserver-2] [INFO] [1773071234.389707984] [drone.simple_drone]: Quadrotor takes off!!
[gzserver-2] [INFO] [1773071234.594362148] [gazebo_wind_plugin_node]: WindPlugin: set wind_speed=0.00 wind_direction=0.0
[gzserver-2] [INFO] [1773071234.833450045] [gazebo_wind_plugin_node]: WindPlugin: set wind_speed=0.00 wind_direction=0.0
[gzserver-2] [INFO] [1773071235.067184722] [gazebo_wind_plugin_node]: WindPlugin: set wind_speed=0.00 wind_direction=0.0
[gzserver-2] [INFO] [1773071235.305929180] [gazebo_wind_plugin_node]: WindPlugin: set wind_speed=0.00 wind_direction=0.0
[gzserver-2] [INFO] [1773071235.539980832] [gazebo_wind_plugin_node]: WindPlugin: set wind_speed=0.00 wind_direction=0.0
[gzserver-2] [INFO] [1773071235.774635655] [gazebo_wind_plugin_node]: WindPlugin: set wind_speed=0.00 wind_direction=0.0
[gzserver-2] [INFO] [1773071236.005272320] [gazebo_wind_plugin_node]: WindPlugin: set wind_speed=0.00 wind_direction=0.0
[gzserver-2] [0m[1;36m[Dbg] [wind_plugin.cpp:110] [0m[1;36mWindPlugin: received command -> speed=[0m[1;36m0[0m[1;36m dir=[0m[1;36m0[0m[1;36m
[gzserver-2] [0m[1;36m[Dbg] [wind_plugin.cpp:110] [0m[1;36mWindPlugin: received command -> speed=[0m[1;36m0[0m[1;36m dir=[0m[1;36m0[0m[1;36m
[gzserver-2] [0m[1;36m[Dbg] [wind_plugin.cpp:110] [0m[1;36mWindPlugin: received command -> speed=[0m[1;36m0[0m[1;36m dir=[0m[1;36m0[0m[1;36m
[gzserver-2] [0m[1;36m[Dbg] [wind_plugin.cpp:110] [0m[1;36mWindPlugin: received command -> speed=[0m[1;36m0[0m[1;36m dir=[0m[1;36m0[0m[1;36m
[gzserver-2] [0m[1;36m[Dbg] [wind_plugin.cpp:110] [0m[1;36mWindPlugin: received command -> speed=[0m[1;36m0[0m[1;36m dir=[0m[1;36m0[0m[1;36m
[gzserver-2] [0m[1;36m[Dbg] [wind_plugin.cpp:110] [0m[1;36mWindPlugin: received command -> speed=[0m[1;36m0[0m[1;36m dir=[0m[1;36m0[0m[1;36m
[gzserver-2] [0m[1;36m[Dbg] [wind_plugin.cpp:110] [0m[1;36mWindPlugin: received command -> speed=[0m[1;36m0[0m[1;36m dir=[0m[1;36m0[0m[1;36m
[gzserver-2] [0m[1;36m[Dbg] [wind_plugin.cpp:110] [0m[1;36mWindPlugin: received command -> speed=[0m[1;36m0[0m[1;36m dir=[0m[1;36m0[0m[1;36m
[gzserver-2] [0m[1;36m[Dbg] [wind_plugin.cpp:110] [0m[1;36mWindPlugin: received command -> speed=[0m[1;36m0[0m[1;36m dir=[0m[1;36m0[0m[1;36m
[gzserver-2] [0mEntering flying model!
[gzserver-2] [INFO] [1773071236.244241504] [gazebo_wind_plugin_node]: WindPlugin: set wind_speed=0.00 wind_direction=0.0
[gzserver-2] [INFO] [1773071236.484147963] [gazebo_wind_plugin_node]: WindPlugin: set wind_speed=0.94 wind_direction=-111.0
[gzserver-2] [INFO] [1773071236.718602978] [gazebo_wind_plugin_node]: WindPlugin: set wind_speed=1.04 wind_direction=-108.9
[gzserver-2] [INFO] [1773071236.947061880] [gazebo_wind_plugin_node]: WindPlugin: set wind_speed=1.04 wind_direction=-108.9
[gzserver-2] [INFO] [1773071237.176224366] [gazebo_wind_plugin_node]: WindPlugin: set wind_speed=1.04 wind_direction=-108.9
[gzserver-2] [INFO] [1773071237.415627952] [gazebo_wind_plugin_node]: WindPlugin: set wind_speed=1.04 wind_direction=-108.9
[gzserver-2] [INFO] [1773071237.654409723] [gazebo_wind_plugin_node]: WindPlugin: set wind_speed=1.02 wind_direction=-110.7
[gzserver-2] [INFO] [1773071237.893434550] [gazebo_wind_plugin_node]: WindPlugin: set wind_speed=1.02 wind_direction=-110.7
[gzserver-2] [INFO] [1773071238.134109788] [gazebo_wind_plugin_node]: WindPlugin: set wind_speed=1.02 wind_direction=-110.7
[gzserver-2] [INFO] [1773071238.373211376] [gazebo_wind_plugin_node]: WindPlugin: set wind_speed=1.02 wind_direction=-110.7
[gzserver-2] [INFO] [1773071238.613346053] [gazebo_wind_plugin_node]: WindPlugin: set wind_speed=1.06 wind_direction=-110.5
[gzserver-2] [INFO] [1773071238.847397163] [gazebo_wind_plugin_node]: WindPlugin: set wind_speed=1.06 wind_direction=-110.5
[gzserver-2] [INFO] [1773071239.086674602] [gazebo_wind_plugin_node]: WindPlugin: set wind_speed=1.06 wind_direction=-110.5
[gzserver-2] [INFO] [1773071239.325946243] [gazebo_wind_plugin_node]: WindPlugin: set wind_speed=1.06 wind_direction=-110.5
[gzserver-2] [INFO] [1773071239.560167893] [gazebo_wind_plugin_node]: WindPlugin: set wind_speed=1.06 wind_direction=-110.5
[gzserver-2] [INFO] [1773071239.799419667] [gazebo_wind_plugin_node]: WindPlugin: set wind_speed=0.93 wind_direction=-112.0
[gzserver-2] [INFO] [1773071240.043470100] [gazebo_wind_plugin_node]: WindPlugin: set wind_speed=0.93 wind_direction=-112.0
[gzserver-2] [INFO] [1773071240.281942165] [gazebo_wind_plugin_node]: WindPlugin: set wind_speed=0.93 wind_direction=-112.0
[gzserver-2] [INFO] [1773071240.521049978] [gazebo_wind_plugin_node]: WindPlugin: set wind_speed=0.93 wind_direction=-112.0
[gzserver-2] [INFO] [1773071240.755685757] [gazebo_wind_plugin_node]: WindPlugin: set wind_speed=0.99 wind_direction=-115.9
[gzserver-2] [INFO] [1773071240.995139179] [gazebo_wind_plugin_node]: WindPlugin: set wind_speed=0.99 wind_direction=-115.9
[gzserver-2] [INFO] [1773071241.234510120] [gazebo_wind_plugin_node]: WindPlugin: set wind_speed=0.99 wind_direction=-115.9
[gzserver-2] [INFO] [1773071241.468114960] [gazebo_wind_plugin_node]: WindPlugin: set wind_speed=0.99 wind_direction=-115.9
[gzserver-2] [INFO] [1773071241.707211775] [gazebo_wind_plugin_node]: WindPlugin: set wind_speed=0.94 wind_direction=-114.3
[gzserver-2] [INFO] [1773071241.946132650] [gazebo_wind_plugin_node]: WindPlugin: set wind_speed=0.94 wind_direction=-114.3
[gzserver-2] [INFO] [1773071241.980977841] [drone.simple_drone]: Quadrotor lands!!
[gzserver-2] [INFO] [1773071242.184187866] [gazebo_wind_plugin_node]: WindPlugin: set wind_speed=0.94 wind_direction=-114.3
[gzserver-2] [INFO] [1773071242.423713308] [gazebo_wind_plugin_node]: WindPlugin: set wind_speed=0.94 wind_direction=-114.3
[gzserver-2] [1;36m[Dbg] [wind_plugin.cpp:110] [0m[1;36mWindPlugin: received command -> speed=[0m[1;36m0[0m[1;36m dir=[0m[1;36m0[0m[1;36m
[gzserver-2] [0m[1;36m[Dbg] [wind_plugin.cpp:110] [0m[1;36mWindPlugin: received command -> speed=[0m[1;36m0.942333[0m[1;36m dir=[0m[1;36m-110.958[0m[1;36m
[gzserver-2] [0m[1;36m[Dbg] [wind_plugin.cpp:110] [0m[1;36mWindPlugin: received command -> speed=[0m[1;36m1.0358[0m[1;36m dir=[0m[1;36m-108.871[0m[1;36m
[gzserver-2] [0m[1;36m[Dbg] [wind_plugin.cpp:110] [0m[1;36mWindPlugin: received command -> speed=[0m[1;36m1.0358[0m[1;36m dir=[0m[1;36m-108.871[0m[1;36m
[gzserver-2] [0m[1;36m[Dbg] [wind_plugin.cpp:110] [0m[1;36mWindPlugin: received command -> speed=[0m[1;36m1.0358[0m[1;36m dir=[0m[1;36m-108.871[0m[1;36m
[gzserver-2] [0m[1;36m[Dbg] [wind_plugin.cpp:110] [0m[1;36mWindPlugin: received command -> speed=[0m[1;36m1.0358[0m[1;36m dir=[0m[1;36m-108.871[0m[1;36m
[gzserver-2] [0m[1;36m[Dbg] [wind_plugin.cpp:110] [0m[1;36mWindPlugin: received command -> speed=[0m[1;36m1.01538[0m[1;36m dir=[0m[1;36m-110.686[0m[1;36m
[gzserver-2] [0m[1;36m[Dbg] [wind_plugin.cpp:110] [0m[1;36mWindPlugin: received command -> speed=[0m[1;36m1.01538[0m[1;36m dir=[0m[1;36m-110.686[0m[1;36m
[gzserver-2] [0m[1;36m[Dbg] [wind_plugin.cpp:110] [0m[1;36mWindPlugin: received command -> speed=[0m[1;36m1.01538[0m[1;36m dir=[0m[1;36m-110.686[0m[1;36m
[gzserver-2] [0m[1;36m[Dbg] [wind_plugin.cpp:110] [0m[1;36mWindPlugin: received command -> speed=[0m[1;36m1.01538[0m[1;36m dir=[0m[1;36m-110.686[0m[1;36m
[gzserver-2] [0m[1;36m[Dbg] [wind_plugin.cpp:110] [0m[1;36mWindPlugin: received command -> speed=[0m[1;36m1.06433[0m[1;36m dir=[0m[1;36m-110.478[0m[1;36m
[gzserver-2] [0m[1;36m[Dbg] [wind_plugin.cpp:110] [0m[1;36mWindPlugin: received command -> speed=[0m[1;36m1.06433[0m[1;36m dir=[0m[1;36m-110.478[0m[1;36m
[gzserver-2] [0m[1;36m[Dbg] [wind_plugin.cpp:110] [0m[1;36mWindPlugin: received command -> speed=[0m[1;36m1.06433[0m[1;36m dir=[0m[1;36m-110.478[0m[1;36m
[gzserver-2] [0m[1;36m[Dbg] [wind_plugin.cpp:110] [0m[1;36mWindPlugin: received command -> speed=[0m[1;36m1.06433[0m[1;36m dir=[0m[1;36m-110.478[0m[1;36m
[gzserver-2] [0m[1;36m[Dbg] [wind_plugin.cpp:110] [0m[1;36mWindPlugin: received command -> speed=[0m[1;36m1.06433[0m[1;36m dir=[0m[1;36m-110.478[0m[1;36m
[gzserver-2] [0m[1;36m[Dbg] [wind_plugin.cpp:110] [0m[1;36mWindPlugin: received command -> speed=[0m[1;36m0.930604[0m[1;36m dir=[0m[1;36m-111.994[0m[1;36m
[gzserver-2] [0m[1;36m[Dbg] [wind_plugin.cpp:110] [0m[1;36mWindPlugin: received command -> speed=[0m[1;36m0.930604[0m[1;36m dir=[0m[1;36m-111.994[0m[1;36m
[gzserver-2] [0m[1;36m[Dbg] [wind_plugin.cpp:110] [0m[1;36mWindPlugin: received command -> speed=[0m[1;36m0.930604[0m[1;36m dir=[0m[1;36m-111.994[0m[1;36m
[gzserver-2] [0m[1;36m[Dbg] [wind_plugin.cpp:110] [0m[1;36mWindPlugin: received command -> speed=[0m[1;36m0.930604[0m[1;36m dir=[0m[1;36m-111.994[0m[1;36m
[gzserver-2] [0m[1;36m[Dbg] [wind_plugin.cpp:110] [0m[1;36mWindPlugin: received command -> speed=[0m[1;36m0.988299[0m[1;36m dir=[0m[1;36m-115.925[0m[1;36m
[gzserver-2] [0m[1;36m[Dbg] [wind_plugin.cpp:110] [0m[1;36mWindPlugin: received command -> speed=[0m[1;36m0.988299[0m[1;36m dir=[0m[1;36m-115.925[0m[1;36m
[gzserver-2] [0m[1;36m[Dbg] [wind_plugin.cpp:110] [0m[1;36mWindPlugin: received command -> speed=[0m[1;36m0.988299[0m[1;36m dir=[0m[1;36m-115.925[0m[1;36m
[gzserver-2] [0m[1;36m[Dbg] [wind_plugin.cpp:110] [0m[1;36mWindPlugin: received command -> speed=[0m[1;36m0.988299[0m[1;36m dir=[0m[1;36m-115.925[0m[1;36m
[gzserver-2] [0m[1;36m[Dbg] [wind_plugin.cpp:110] [0m[1;36mWindPlugin: received command -> speed=[0m[1;36m0.935229[0m[1;36m dir=[0m[1;36m-114.271[0m[1;36m
[gzserver-2] [0m[1;36m[Dbg] [wind_plugin.cpp:110] [0m[1;36mWindPlugin: received command -> speed=[0m[1;36m0.935229[0m[1;36m dir=[0m[1;36m-114.271[0m[1;36m
[gzserver-2] [0m[1;36m[Dbg] [wind_plugin.cpp:110] [0m[1;36mWindPlugin: received command -> speed=[0m[1;36m0.935229[0m[1;36m dir=[0m[1;36m-114.271[0m[1;36m
[gzserver-2] [INFO] [1773071242.663307898] [gazebo_wind_plugin_node]: WindPlugin: set wind_speed=0.90 wind_direction=-113.2
[gzserver-2] [INFO] [1773071242.902621789] [gazebo_wind_plugin_node]: WindPlugin: set wind_speed=0.90 wind_direction=-113.2
[gzserver-2] [0m[1;36m[Dbg] [wind_plugin.cpp:110] [0m[1;36mWindPlugin: received command -> speed=[0m[1;36m0.935229[0m[1;36m dir=[0m[1;36m-114.271[0m[1;36m
[gzserver-2] [0m[1;36m[Dbg] [wind_plugin.cpp:110] [0m[1;36mWindPlugin: received command -> speed=[0m[1;36m0.896374[0m[1;36m dir=[0m[1;36m-113.197[0m[1;36m
[gzserver-2] [0m[1;36m[Dbg] [wind_plugin.cpp:110] [0m[1;36mWindPlugin: received command -> speed=[0m[1;36m0.896374[0m[1;36m dir=[0m[1;36m-113.197[0m[1;36m
[gzserver-2] [0mLanded!
[gzserver-2] [INFO] [1773071243.141940421] [gazebo_wind_plugin_node]: WindPlugin: set wind_speed=0.90 wind_direction=-113.2
[gzserver-2] [INFO] [1773071243.375862684] [gazebo_wind_plugin_node]: WindPlugin: set wind_speed=0.90 wind_direction=-113.2
[gzserver-2] [INFO] [1773071243.610112247] [gazebo_wind_plugin_node]: WindPlugin: set wind_speed=1.10 wind_direction=-118.8
[gzserver-2] [INFO] [1773071243.850323134] [gazebo_wind_plugin_node]: WindPlugin: set wind_speed=1.10 wind_direction=-118.8
[gzserver-2] [INFO] [1773071244.089447566] [gazebo_wind_plugin_node]: WindPlugin: set wind_speed=1.10 wind_direction=-118.8
[gzserver-2] [INFO] [1773071244.330659061] [gazebo_wind_plugin_node]: WindPlugin: set wind_speed=1.10 wind_direction=-118.8
[gzserver-2] [INFO] [1773071244.572403291] [gazebo_wind_plugin_node]: WindPlugin: set wind_speed=0.84 wind_direction=-113.7
[gzserver-2] [INFO] [1773071244.811549481] [gazebo_wind_plugin_node]: WindPlugin: set wind_speed=0.84 wind_direction=-113.7
