[INFO] [launch]: All log files can be found below /home/j/.ros/log/2026-03-11-01-16-52-000779-j-2725952
[INFO] [launch]: Default logging verbosity is set to INFO
[INFO] [launch.user]: [bringup] Apriltag config: camera=/drone/bottom, image=/drone/bottom/image_raw, tags=/drone/bottom/tags, bridge=/landing_tag_state, standalone=true, use_target_id=true, target_id=0
[INFO] [rviz2-1]: process started with pid [2725953]
[INFO] [gzserver-2]: process started with pid [2725955]
[INFO] [robot_state_publisher-3]: process started with pid [2725957]
[INFO] [joint_state_publisher-4]: process started with pid [2725959]
[INFO] [spawn_drone-5]: process started with pid [2725961]
[INFO] [static_transform_publisher-6]: process started with pid [2725963]
[INFO] [joy_node-7]: process started with pid [2725965]
[INFO] [teleop_joystick-8]: process started with pid [2725967]
[INFO] [apriltag_detector_node-9]: process started with pid [2725969]
[INFO] [apriltag_state_bridge-10]: process started with pid [2725971]
[static_transform_publisher-6] [WARN] [1773159412.476521628] []: Old-style arguments are deprecated; see --help for new-style arguments
[static_transform_publisher-6] [INFO] [1773159412.482936306] [static_transform_publisher_GCcXgKcTLMHpP2BD]: Spinning until stopped - publishing transform
[static_transform_publisher-6] translation: ('0.000000', '0.000000', '0.000000')
[static_transform_publisher-6] rotation: ('0.000000', '0.000000', '0.000000', '1.000000')
[static_transform_publisher-6] from 'world' to '/drone/odom'
[rviz2-1] 
[rviz2-1] (rviz2:2725953): dbind-WARNING **: 01:16:52.499: Couldn't connect to accessibility bus: Failed to connect to socket /root/.cache/at-spi/bus_0: 허가 거부
[robot_state_publisher-3] [INFO] [1773159412.505883413] [drone.robot_state_publisher]: got segment base_footprint
[robot_state_publisher-3] [INFO] [1773159412.505971990] [drone.robot_state_publisher]: got segment base_link
[robot_state_publisher-3] [INFO] [1773159412.505983911] [drone.robot_state_publisher]: got segment bottom_cam_link
[robot_state_publisher-3] [INFO] [1773159412.505992232] [drone.robot_state_publisher]: got segment front_cam_link
[robot_state_publisher-3] [INFO] [1773159412.505999357] [drone.robot_state_publisher]: got segment sonar_link
[apriltag_detector_node-9] [INFO] [1773159412.513650778] [apriltag_detector_node]: tag detector type: umich
[teleop_joystick-8] Traceback (most recent call last):
[teleop_joystick-8]   File "/home/j/INCSL/IICC26_ws/install/sjtu_drone_control/lib/sjtu_drone_control/teleop_joystick", line 33, in <module>
[teleop_joystick-8]     sys.exit(load_entry_point('sjtu_drone_control==0.0.0', 'console_scripts', 'teleop_joystick')())
[teleop_joystick-8]   File "/home/j/INCSL/IICC26_ws/install/sjtu_drone_control/lib/sjtu_drone_control/teleop_joystick", line 22, in importlib_load_entry_point
[teleop_joystick-8]     for entry_point in distribution(dist_name).entry_points
[teleop_joystick-8]   File "/usr/lib/python3.10/importlib/metadata/__init__.py", line 969, in distribution
[teleop_joystick-8]     return Distribution.from_name(distribution_name)
[teleop_joystick-8]   File "/usr/lib/python3.10/importlib/metadata/__init__.py", line 548, in from_name
[teleop_joystick-8]     raise PackageNotFoundError(name)
[teleop_joystick-8] importlib.metadata.PackageNotFoundError: No package metadata was found for sjtu_drone_control
[ERROR] [teleop_joystick-8]: process has died [pid 2725967, exit code 1, cmd '/home/j/INCSL/IICC26_ws/install/sjtu_drone_control/lib/sjtu_drone_control/teleop_joystick --ros-args -r __ns:=/drone'].
[gzserver-2] Gazebo multi-robot simulator, version 11.10.2
[gzserver-2] Copyright (C) 2012 Open Source Robotics Foundation.
[gzserver-2] Released under the Apache 2 License.
[gzserver-2] http://gazebosim.org
[gzserver-2] 
[apriltag_state_bridge-10] [INFO] [1773159412.740350380] [apriltag_state_bridge]: AprilTag bridge started: /drone/bottom/tags -> /landing_tag_state, use_target_id=True, target_id=0
[joint_state_publisher-4] [INFO] [1773159412.758300238] [drone.joint_state_publisher]: Waiting for robot_description to be published on the robot_description topic...
[gzserver-2] [1;33m[Wrn] [gazebo_ros_init.cpp:178] [0m[1;33m
[gzserver-2] #     # ####### ####### ###  #####  #######
[gzserver-2] ##    # #     #    #     #  #     # #
[gzserver-2] # #   # #     #    #     #  #       #
[gzserver-2] #  #  # #     #    #     #  #       #####
[gzserver-2] #   # # #     #    #     #  #       #
[gzserver-2] #    ## #     #    #     #  #     # #
[gzserver-2] #     # #######    #    ###  #####  #######
[gzserver-2] 
[gzserver-2] This version of Gazebo, now called Gazebo classic, reaches end-of-life
[gzserver-2] in January 2025. Users are highly encouraged to migrate to the new Gazebo
[gzserver-2] using our migration guides (https://gazebosim.org/docs/latest/gazebo_classic_migration?utm_source=gazebo_ros_pkgs&utm_medium=cli)
[gzserver-2] 
[gzserver-2] [0m[1;33m
[rviz2-1] [INFO] [1773159413.121332201] [rviz2]: Stereo is NOT SUPPORTED
[rviz2-1] [INFO] [1773159413.121421656] [rviz2]: OpenGl version: 4.6 (GLSL 4.6)
[rviz2-1] [INFO] [1773159413.299611770] [rviz2]: Stereo is NOT SUPPORTED
[rviz2-1] [INFO] [1773159413.393846733] [rviz2]: Stereo is NOT SUPPORTED
[spawn_drone-5] [INFO] [1773159413.887074960] [spawn_drone]: Result False Entity pushed to spawn queue, but spawn service timed outwaiting for entity to appear in simulation under the name [/drone]
[gzserver-2] [1;32m[Msg] [0m[1;32mWaiting for master.[0m[1;32m
[gzserver-2] [0m[1;32m[0m[1;32m[0m[1;32m[Msg] [0m[1;32mConnected to gazebo master @ [0m[1;32mhttp://127.0.0.1:11345[0m[1;32m
[gzserver-2] [0m[1;32m[0m[1;32m[0m[1;32m[Msg] [0m[1;32mPublicized address: [0m[1;32m192.168.0.11[0m[1;32m
[gzserver-2] [0m[1;32m[0m[1;32m[0m[1;32m[Msg] [0m[1;32mLoading world file [[0m[1;32m/home/j/INCSL/IICC26_ws/install/sjtu_drone_description/share/sjtu_drone_description/worlds/landingPad.world[0m[1;32m][0m[1;32m
[gzserver-2] [0m[1;32m[0m[1;32m[0m[1;36m[Dbg] [wind_plugin.cpp:96] [0m[1;36mWindPlugin loaded: speed=[0m[1;36m0[0m[1;36m dir=[0m[1;36m0[0m[1;36m deg area=[0m[1;36m0.1[0m[1;36m coeff=[0m[1;36m1[0m[1;36m
[gzserver-2] [0m[1;33m[0m[1;33m[0m[1;31m[Err] [Sensor.cc:510] [0m[1;31mGet noise index not valid[0m[1;31m
[gzserver-2] [0m[1;31m[0m[1;31m[0m[1;31m[Err] [Sensor.cc:510] [0m[1;31mGet noise index not valid[0m[1;31m
[gzserver-2] [0m[1;31m[0m[1;31m[0m[1;31m[Err] [Sensor.cc:510] [0m[1;31mGet noise index not valid[0m[1;31m
[gzserver-2] [0m[1;31m[0m[1;31m[0m[1;31m[Err] [Sensor.cc:510] [0m[1;31mGet noise index not valid[0m[1;31m
[gzserver-2] [0m[1;31m[0m[1;31m[0m[1;31m[Err] [Sensor.cc:510] [0m[1;31mGet noise index not valid[0m[1;31m
[gzserver-2] [0m[1;31m[0m[1;31m[0m[1;31m[Err] [Sensor.cc:510] [0m[1;31mGet noise index not valid[0m[1;31m
[gzserver-2] [0m[1;31m[0m[1;31m[0mTopic [default//drone/base_footprint/down_camera/image] is not valid.
[gzserver-2] [INFO] [1773159413.919703895] [drone.collision_plugin]: Publishing contact states to [/drone/bumper_states]
[gzserver-2] Topic [default//drone/base_footprint/front_camera/image] is not valid.
[gzserver-2] [1;33m[Wrn] [Event.cc:61] [0m[1;33mWarning: Deleting a connection right after creation. [0m[1;33mMake sure to save the ConnectionPtr from a Connect call
[INFO] [spawn_drone-5]: process has finished cleanly [pid 2725961]
[gzserver-2] [0m[INFO] [1773159414.500007185] [drone.camera_bottom]: Publishing camera info to [/drone/bottom/camera_info]
[gzserver-2] [INFO] [1773159414.502878157] [drone.camera_front]: Publishing camera info to [/drone/front/camera_info]
[gzserver-2] [INFO] [1773159414.624404442] [drone.simple_drone]: The drone plugin is loading!
[gzserver-2] [INFO] [1773159414.624614970] [drone.simple_drone]: pub_odom: 1
[gzserver-2] [INFO] [1773159414.624647906] [drone.simple_drone]: Using following parameters: 
[gzserver-2] 		link_name: base_footprint,
[gzserver-2] 		max_force: 30,
[gzserver-2] 		motion_small_noise: 0,
[gzserver-2] 		motion_drift_noise: 0,
[gzserver-2] 		motion_drift_noise_time: 50,
[gzserver-2] 		takeoff_hover_height: 2.3,
[gzserver-2] 		takeoff_vertical_speed: 0.2
[gzserver-2] [INFO] [1773159414.636349934] [drone.simple_drone]: Using the PID parameters: 
[gzserver-2] 	Roll Pitch:
[gzserver-2] 		kP: 10, kI: 0,kD: 5, Limit: 0.5, Time Constant: 0
[gzserver-2] 	Yaw:
[gzserver-2] 		kP: 2, kI: 0,kD: 1, Limit: 1.5, Time Constant: 0
[gzserver-2] 	Velocity X:
[gzserver-2] 		kP: 5, kI: 0,kD: 2.3, Limit: 2, Time Constant: 0
[gzserver-2] 	Velocity Y:
[gzserver-2] 		kP: 5, kI: 0,kD: 2.3, Limit: 2, Time Constant: 0
[gzserver-2] 	Velocity Z:
[gzserver-2] 		kP: 5, kI: 0,kD: 1, Limit: -1, Time Constant: 0
[gzserver-2] 	Position XY:
[gzserver-2] 		kP: 1.1, kI: 0,kD: 0, Limit: 5, Time Constant: 0
[gzserver-2] 	Position Z:
[gzserver-2] 		kP: 1, kI: 0,kD: 0.2, Limit: -1, Time Constant: 0
[gzserver-2] [INFO] [1773159414.636479685] [drone.simple_drone]: The drone plugin finished loading!
[gzserver-2] [INFO] [1773159421.837387501] [gazebo_wind_plugin_node]: WindPlugin: set wind_speed=0.00 wind_direction=0.0
[gzserver-2] [INFO] [1773159422.109023934] [gazebo_wind_plugin_node]: WindPlugin: set wind_speed=0.00 wind_direction=0.0
[gzserver-2] [INFO] [1773159422.143275647] [drone.simple_drone]: Quadrotor takes off!!
[gzserver-2] [INFO] [1773159422.344409900] [gazebo_wind_plugin_node]: WindPlugin: set wind_speed=0.00 wind_direction=0.0
[gzserver-2] [INFO] [1773159422.580691371] [gazebo_wind_plugin_node]: WindPlugin: set wind_speed=0.00 wind_direction=0.0
[gzserver-2] [INFO] [1773159422.815837118] [gazebo_wind_plugin_node]: WindPlugin: set wind_speed=0.00 wind_direction=0.0
[gzserver-2] [INFO] [1773159423.058040801] [gazebo_wind_plugin_node]: WindPlugin: set wind_speed=0.00 wind_direction=0.0
[gzserver-2] [INFO] [1773159423.297569566] [gazebo_wind_plugin_node]: WindPlugin: set wind_speed=0.00 wind_direction=0.0
[gzserver-2] [INFO] [1773159423.531725688] [gazebo_wind_plugin_node]: WindPlugin: set wind_speed=0.00 wind_direction=0.0
[gzserver-2] [INFO] [1773159423.771052465] [gazebo_wind_plugin_node]: WindPlugin: set wind_speed=0.00 wind_direction=0.0
[gzserver-2] [0m[1;36m[Dbg] [wind_plugin.cpp:110] [0m[1;36mWindPlugin: received command -> speed=[0m[1;36m0[0m[1;36m dir=[0m[1;36m0[0m[1;36m
[gzserver-2] [0m[1;36m[Dbg] [wind_plugin.cpp:110] [0m[1;36mWindPlugin: received command -> speed=[0m[1;36m0[0m[1;36m dir=[0m[1;36m0[0m[1;36m
[gzserver-2] [0m[1;36m[Dbg] [wind_plugin.cpp:110] [0m[1;36mWindPlugin: received command -> speed=[0m[1;36m0[0m[1;36m dir=[0m[1;36m0[0m[1;36m
[gzserver-2] [0m[1;36m[Dbg] [wind_plugin.cpp:110] [0m[1;36mWindPlugin: received command -> speed=[0m[1;36m0[0m[1;36m dir=[0m[1;36m0[0m[1;36m
[gzserver-2] [0m[1;36m[Dbg] [wind_plugin.cpp:110] [0m[1;36mWindPlugin: received command -> speed=[0m[1;36m0[0m[1;36m dir=[0m[1;36m0[0m[1;36m
[gzserver-2] [0m[1;36m[Dbg] [wind_plugin.cpp:110] [0m[1;36mWindPlugin: received command -> speed=[0m[1;36m0[0m[1;36m dir=[0m[1;36m0[0m[1;36m
[gzserver-2] [0m[1;36m[Dbg] [wind_plugin.cpp:110] [0m[1;36mWindPlugin: received command -> speed=[0m[1;36m0[0m[1;36m dir=[0m[1;36m0[0m[1;36m
[gzserver-2] [0m[1;36m[Dbg] [wind_plugin.cpp:110] [0m[1;36mWindPlugin: received command -> speed=[0m[1;36m0[0m[1;36m dir=[0m[1;36m0[0m[1;36m
[gzserver-2] [0m[1;36m[Dbg] [wind_plugin.cpp:110] [0m[1;36mWindPlugin: received command -> speed=[0m[1;36m0[0m[1;36m dir=[0m[1;36m0[0m[1;36m
[gzserver-2] [0mEntering flying model!
[gzserver-2] [INFO] [1773159424.010905299] [gazebo_wind_plugin_node]: WindPlugin: set wind_speed=0.00 wind_direction=0.0
[gzserver-2] [INFO] [1773159424.246248470] [gazebo_wind_plugin_node]: WindPlugin: set wind_speed=3.10 wind_direction=-172.2
[gzserver-2] [INFO] [1773159424.481294002] [gazebo_wind_plugin_node]: WindPlugin: set wind_speed=3.06 wind_direction=-173.9
[gzserver-2] [INFO] [1773159424.720487036] [gazebo_wind_plugin_node]: WindPlugin: set wind_speed=3.06 wind_direction=-173.9
[gzserver-2] [INFO] [1773159424.955133689] [gazebo_wind_plugin_node]: WindPlugin: set wind_speed=3.06 wind_direction=-173.9
[gzserver-2] [INFO] [1773159425.194874881] [gazebo_wind_plugin_node]: WindPlugin: set wind_speed=3.06 wind_direction=-173.9
[gzserver-2] [INFO] [1773159425.424192980] [gazebo_wind_plugin_node]: WindPlugin: set wind_speed=3.29 wind_direction=-172.3
[gzserver-2] [INFO] [1773159425.664220620] [gazebo_wind_plugin_node]: WindPlugin: set wind_speed=3.29 wind_direction=-172.3
[gzserver-2] [INFO] [1773159425.893194781] [gazebo_wind_plugin_node]: WindPlugin: set wind_speed=3.29 wind_direction=-172.3
[gzserver-2] [INFO] [1773159426.132552904] [gazebo_wind_plugin_node]: WindPlugin: set wind_speed=3.29 wind_direction=-172.3
[gzserver-2] [INFO] [1773159426.361552335] [gazebo_wind_plugin_node]: WindPlugin: set wind_speed=3.16 wind_direction=-177.7
[gzserver-2] [INFO] [1773159426.601453427] [gazebo_wind_plugin_node]: WindPlugin: set wind_speed=3.16 wind_direction=-177.7
[gzserver-2] [INFO] [1773159426.841095291] [gazebo_wind_plugin_node]: WindPlugin: set wind_speed=3.16 wind_direction=-177.7
[gzserver-2] [INFO] [1773159427.080484770] [gazebo_wind_plugin_node]: WindPlugin: set wind_speed=3.16 wind_direction=-177.7
[gzserver-2] [INFO] [1773159427.320008773] [gazebo_wind_plugin_node]: WindPlugin: set wind_speed=3.16 wind_direction=-177.7
[gzserver-2] [INFO] [1773159427.554472987] [gazebo_wind_plugin_node]: WindPlugin: set wind_speed=3.16 wind_direction=-170.3
[gzserver-2] [INFO] [1773159427.789082252] [gazebo_wind_plugin_node]: WindPlugin: set wind_speed=3.16 wind_direction=-170.3
[gzserver-2] [INFO] [1773159428.028253276] [gazebo_wind_plugin_node]: WindPlugin: set wind_speed=3.16 wind_direction=-170.3
[gzserver-2] [INFO] [1773159428.263713275] [gazebo_wind_plugin_node]: WindPlugin: set wind_speed=3.16 wind_direction=-170.3
[gzserver-2] [INFO] [1773159428.494487336] [gazebo_wind_plugin_node]: WindPlugin: set wind_speed=3.04 wind_direction=-172.2
[gzserver-2] [INFO] [1773159428.734453504] [gazebo_wind_plugin_node]: WindPlugin: set wind_speed=3.04 wind_direction=-172.2
[gzserver-2] [INFO] [1773159428.973940637] [gazebo_wind_plugin_node]: WindPlugin: set wind_speed=3.04 wind_direction=-172.2
[gzserver-2] [INFO] [1773159429.213596570] [gazebo_wind_plugin_node]: WindPlugin: set wind_speed=3.04 wind_direction=-172.2
[gzserver-2] [INFO] [1773159429.448008936] [gazebo_wind_plugin_node]: WindPlugin: set wind_speed=3.18 wind_direction=-172.9
[gzserver-2] [INFO] [1773159429.682973624] [gazebo_wind_plugin_node]: WindPlugin: set wind_speed=3.18 wind_direction=-172.9
[gzserver-2] [INFO] [1773159429.917470178] [gazebo_wind_plugin_node]: WindPlugin: set wind_speed=3.18 wind_direction=-172.9
[gzserver-2] [INFO] [1773159430.157135281] [gazebo_wind_plugin_node]: WindPlugin: set wind_speed=3.18 wind_direction=-172.9
[gzserver-2] [1;36m[Dbg] [wind_plugin.cpp:110] [0m[1;36mWindPlugin: received command -> speed=[0m[1;36m0[0m[1;36m dir=[0m[1;36m0[0m[1;36m
[gzserver-2] [0m[1;36m[Dbg] [wind_plugin.cpp:110] [0m[1;36mWindPlugin: received command -> speed=[0m[1;36m3.09591[0m[1;36m dir=[0m[1;36m-172.176[0m[1;36m
[gzserver-2] [0m[1;36m[Dbg] [wind_plugin.cpp:110] [0m[1;36mWindPlugin: received command -> speed=[0m[1;36m3.05676[0m[1;36m dir=[0m[1;36m-173.935[0m[1;36m
[gzserver-2] [0m[1;36m[Dbg] [wind_plugin.cpp:110] [0m[1;36mWindPlugin: received command -> speed=[0m[1;36m3.05676[0m[1;36m dir=[0m[1;36m-173.935[0m[1;36m
[gzserver-2] [0m[1;36m[Dbg] [wind_plugin.cpp:110] [0m[1;36mWindPlugin: received command -> speed=[0m[1;36m3.05676[0m[1;36m dir=[0m[1;36m-173.935[0m[1;36m
[gzserver-2] [0m[1;36m[Dbg] [wind_plugin.cpp:110] [0m[1;36mWindPlugin: received command -> speed=[0m[1;36m3.05676[0m[1;36m dir=[0m[1;36m-173.935[0m[1;36m
[gzserver-2] [0m[1;36m[Dbg] [wind_plugin.cpp:110] [0m[1;36mWindPlugin: received command -> speed=[0m[1;36m3.29166[0m[1;36m dir=[0m[1;36m-172.292[0m[1;36m
[gzserver-2] [0m[1;36m[Dbg] [wind_plugin.cpp:110] [0m[1;36mWindPlugin: received command -> speed=[0m[1;36m3.29166[0m[1;36m dir=[0m[1;36m-172.292[0m[1;36m
[gzserver-2] [0m[1;36m[Dbg] [wind_plugin.cpp:110] [0m[1;36mWindPlugin: received command -> speed=[0m[1;36m3.29166[0m[1;36m dir=[0m[1;36m-172.292[0m[1;36m
[gzserver-2] [0m[1;36m[Dbg] [wind_plugin.cpp:110] [0m[1;36mWindPlugin: received command -> speed=[0m[1;36m3.29166[0m[1;36m dir=[0m[1;36m-172.292[0m[1;36m
[gzserver-2] [0m[1;36m[Dbg] [wind_plugin.cpp:110] [0m[1;36mWindPlugin: received command -> speed=[0m[1;36m3.16093[0m[1;36m dir=[0m[1;36m-177.712[0m[1;36m
[gzserver-2] [0m[1;36m[Dbg] [wind_plugin.cpp:110] [0m[1;36mWindPlugin: received command -> speed=[0m[1;36m3.16093[0m[1;36m dir=[0m[1;36m-177.712[0m[1;36m
[gzserver-2] [0m[1;36m[Dbg] [wind_plugin.cpp:110] [0m[1;36mWindPlugin: received command -> speed=[0m[1;36m3.16093[0m[1;36m dir=[0m[1;36m-177.712[0m[1;36m
[gzserver-2] [0m[1;36m[Dbg] [wind_plugin.cpp:110] [0m[1;36mWindPlugin: received command -> speed=[0m[1;36m3.16093[0m[1;36m dir=[0m[1;36m-177.712[0m[1;36m
[gzserver-2] [0m[1;36m[Dbg] [wind_plugin.cpp:110] [0m[1;36mWindPlugin: received command -> speed=[0m[1;36m3.16093[0m[1;36m dir=[0m[1;36m-177.712[0m[1;36m
[gzserver-2] [0m[1;36m[Dbg] [wind_plugin.cpp:110] [0m[1;36mWindPlugin: received command -> speed=[0m[1;36m3.15702[0m[1;36m dir=[0m[1;36m-170.289[0m[1;36m
[gzserver-2] [0m[1;36m[Dbg] [wind_plugin.cpp:110] [0m[1;36mWindPlugin: received command -> speed=[0m[1;36m3.15702[0m[1;36m dir=[0m[1;36m-170.289[0m[1;36m
[gzserver-2] [0m[1;36m[Dbg] [wind_plugin.cpp:110] [0m[1;36mWindPlugin: received command -> speed=[0m[1;36m3.15702[0m[1;36m dir=[0m[1;36m-170.289[0m[1;36m
[gzserver-2] [0m[1;36m[Dbg] [wind_plugin.cpp:110] [0m[1;36mWindPlugin: received command -> speed=[0m[1;36m3.15702[0m[1;36m dir=[0m[1;36m-170.289[0m[1;36m
[gzserver-2] [0m[1;36m[Dbg] [wind_plugin.cpp:110] [0m[1;36mWindPlugin: received command -> speed=[0m[1;36m3.03928[0m[1;36m dir=[0m[1;36m-172.173[0m[1;36m
[gzserver-2] [0m[1;36m[Dbg] [wind_plugin.cpp:110] [0m[1;36mWindPlugin: received command -> speed=[0m[1;36m3.03928[0m[1;36m dir=[0m[1;36m-172.173[0m[1;36m
[gzserver-2] [0m[1;36m[Dbg] [wind_plugin.cpp:110] [0m[1;36mWindPlugin: received command -> speed=[0m[1;36m3.03928[0m[1;36m dir=[0m[1;36m-172.173[0m[1;36m
[gzserver-2] [0m[1;36m[Dbg] [wind_plugin.cpp:110] [0m[1;36mWindPlugin: received command -> speed=[0m[1;36m3.03928[0m[1;36m dir=[0m[1;36m-172.173[0m[1;36m
[gzserver-2] [0m[1;36m[Dbg] [wind_plugin.cpp:110] [0m[1;36mWindPlugin: received command -> speed=[0m[1;36m3.17921[0m[1;36m dir=[0m[1;36m-172.88[0m[1;36m
[gzserver-2] [0m[1;36m[Dbg] [wind_plugin.cpp:110] [0m[1;36mWindPlugin: received command -> speed=[0m[1;36m3.17921[0m[1;36m dir=[0m[1;36m-172.88[0m[1;36m
[gzserver-2] [0m[1;36m[Dbg] [wind_plugin.cpp:110] [0m[1;36mWindPlugin: received command -> speed=[0m[1;36m3.17921[0m[1;36m dir=[0m[1;36m-172.88[0m[1;36m
[gzserver-2] [INFO] [1773159430.391470610] [gazebo_wind_plugin_node]: WindPlugin: set wind_speed=3.28 wind_direction=-173.8
[gzserver-2] [INFO] [1773159430.625648129] [gazebo_wind_plugin_node]: WindPlugin: set wind_speed=3.28 wind_direction=-173.8
[gzserver-2] [INFO] [1773159430.860149639] [gazebo_wind_plugin_node]: WindPlugin: set wind_speed=3.28 wind_direction=-173.8
[gzserver-2] [INFO] [1773159431.099379345] [gazebo_wind_plugin_node]: WindPlugin: set wind_speed=3.28 wind_direction=-173.8
[gzserver-2] [INFO] [1773159431.333670250] [gazebo_wind_plugin_node]: WindPlugin: set wind_speed=3.28 wind_direction=-173.8
[gzserver-2] [INFO] [1773159431.567747123] [gazebo_wind_plugin_node]: WindPlugin: set wind_speed=2.97 wind_direction=-174.3
[gzserver-2] [INFO] [1773159431.807038414] [gazebo_wind_plugin_node]: WindPlugin: set wind_speed=2.97 wind_direction=-174.3
[gzserver-2] [INFO] [1773159432.038030665] [gazebo_wind_plugin_node]: WindPlugin: set wind_speed=2.97 wind_direction=-174.3
[gzserver-2] [INFO] [1773159432.272815423] [gazebo_wind_plugin_node]: WindPlugin: set wind_speed=2.97 wind_direction=-174.3
[gzserver-2] [INFO] [1773159432.506572204] [gazebo_wind_plugin_node]: WindPlugin: set wind_speed=2.96 wind_direction=-173.6
[gzserver-2] [INFO] [1773159432.746169663] [gazebo_wind_plugin_node]: WindPlugin: set wind_speed=2.96 wind_direction=-173.6
[gzserver-2] [INFO] [1773159432.986047177] [gazebo_wind_plugin_node]: WindPlugin: set wind_speed=2.96 wind_direction=-173.6
[gzserver-2] [INFO] [1773159433.226146822] [gazebo_wind_plugin_node]: WindPlugin: set wind_speed=2.96 wind_direction=-173.6
[gzserver-2] [INFO] [1773159433.465978786] [gazebo_wind_plugin_node]: WindPlugin: set wind_speed=3.17 wind_direction=-175.5
[gzserver-2] [INFO] [1773159433.703478215] [gazebo_wind_plugin_node]: WindPlugin: set wind_speed=3.17 wind_direction=-175.5
[gzserver-2] [INFO] [1773159433.937211758] [gazebo_wind_plugin_node]: WindPlugin: set wind_speed=3.17 wind_direction=-175.5
[gzserver-2] [INFO] [1773159434.176179589] [gazebo_wind_plugin_node]: WindPlugin: set wind_speed=3.17 wind_direction=-175.5
[gzserver-2] [INFO] [1773159434.415383514] [gazebo_wind_plugin_node]: WindPlugin: set wind_speed=3.10 wind_direction=-172.3
[gzserver-2] [INFO] [1773159434.649754469] [gazebo_wind_plugin_node]: WindPlugin: set wind_speed=3.10 wind_direction=-172.3
[gzserver-2] [INFO] [1773159434.884001986] [gazebo_wind_plugin_node]: WindPlugin: set wind_speed=3.10 wind_direction=-172.3
[gzserver-2] [INFO] [1773159435.118669837] [gazebo_wind_plugin_node]: WindPlugin: set wind_speed=3.10 wind_direction=-172.3
[gzserver-2] [INFO] [1773159435.354698290] [gazebo_wind_plugin_node]: WindPlugin: set wind_speed=3.01 wind_direction=-174.1
[gzserver-2] [INFO] [1773159435.588892100] [gazebo_wind_plugin_node]: WindPlugin: set wind_speed=3.01 wind_direction=-174.1
[gzserver-2] [INFO] [1773159435.824382998] [gazebo_wind_plugin_node]: WindPlugin: set wind_speed=3.01 wind_direction=-174.1
[gzserver-2] [INFO] [1773159436.064225833] [gazebo_wind_plugin_node]: WindPlugin: set wind_speed=3.01 wind_direction=-174.1
[gzserver-2] [INFO] [1773159436.304491878] [gazebo_wind_plugin_node]: WindPlugin: set wind_speed=3.01 wind_direction=-174.1
[gzserver-2] [INFO] [1773159436.538684621] [gazebo_wind_plugin_node]: WindPlugin: set wind_speed=3.08 wind_direction=-171.9
[gzserver-2] [0m[1;36m[Dbg] [wind_plugin.cpp:110] [0m[1;36mWindPlugin: received command -> speed=[0m[1;36m3.17921[0m[1;36m dir=[0m[1;36m-172.88[0m[1;36m
[gzserver-2] [0m[1;36m[Dbg] [wind_plugin.cpp:110] [0m[1;36mWindPlugin: received command -> speed=[0m[1;36m3.28337[0m[1;36m dir=[0m[1;36m-173.819[0m[1;36m
[gzserver-2] [0m[1;36m[Dbg] [wind_plugin.cpp:110] [0m[1;36mWindPlugin: received command -> speed=[0m[1;36m3.28337[0m[1;36m dir=[0m[1;36m-173.819[0m[1;36m
[gzserver-2] [0m[1;36m[Dbg] [wind_plugin.cpp:110] [0m[1;36mWindPlugin: received command -> speed=[0m[1;36m3.28337[0m[1;36m dir=[0m[1;36m-173.819[0m[1;36m
[gzserver-2] [0m[1;36m[Dbg] [wind_plugin.cpp:110] [0m[1;36mWindPlugin: received command -> speed=[0m[1;36m3.28337[0m[1;36m dir=[0m[1;36m-173.819[0m[1;36m
[gzserver-2] [0m[1;36m[Dbg] [wind_plugin.cpp:110] [0m[1;36mWindPlugin: received command -> speed=[0m[1;36m3.28337[0m[1;36m dir=[0m[1;36m-173.819[0m[1;36m
[gzserver-2] [0m[1;36m[Dbg] [wind_plugin.cpp:110] [0m[1;36mWindPlugin: received command -> speed=[0m[1;36m2.97152[0m[1;36m dir=[0m[1;36m-174.338[0m[1;36m
[gzserver-2] [0m[1;36m[Dbg] [wind_plugin.cpp:110] [0m[1;36mWindPlugin: received command -> speed=[0m[1;36m2.97152[0m[1;36m dir=[0m[1;36m-174.338[0m[1;36m
[gzserver-2] [0m[1;36m[Dbg] [wind_plugin.cpp:110] [0m[1;36mWindPlugin: received command -> speed=[0m[1;36m2.97152[0m[1;36m dir=[0m[1;36m-174.338[0m[1;36m
[gzserver-2] [0m[1;36m[Dbg] [wind_plugin.cpp:110] [0m[1;36mWindPlugin: received command -> speed=[0m[1;36m2.97152[0m[1;36m dir=[0m[1;36m-174.338[0m[1;36m
[gzserver-2] [0m[1;36m[Dbg] [wind_plugin.cpp:110] [0m[1;36mWindPlugin: received command -> speed=[0m[1;36m2.96216[0m[1;36m dir=[0m[1;36m-173.608[0m[1;36m
[gzserver-2] [0m[1;36m[Dbg] [wind_plugin.cpp:110] [0m[1;36mWindPlugin: received command -> speed=[0m[1;36m2.96216[0m[1;36m dir=[0m[1;36m-173.608[0m[1;36m
[gzserver-2] [0m[1;36m[Dbg] [wind_plugin.cpp:110] [0m[1;36mWindPlugin: received command -> speed=[0m[1;36m2.96216[0m[1;36m dir=[0m[1;36m-173.608[0m[1;36m
[gzserver-2] [0m[1;36m[Dbg] [wind_plugin.cpp:110] [0m[1;36mWindPlugin: received command -> speed=[0m[1;36m2.96216[0m[1;36m dir=[0m[1;36m-173.608[0m[1;36m
[gzserver-2] [0m[1;36m[Dbg] [wind_plugin.cpp:110] [0m[1;36mWindPlugin: received command -> speed=[0m[1;36m3.17281[0m[1;36m dir=[0m[1;36m-175.461[0m[1;36m
[gzserver-2] [0m[1;36m[Dbg] [wind_plugin.cpp:110] [0m[1;36mWindPlugin: received command -> speed=[0m[1;36m3.17281[0m[1;36m dir=[0m[1;36m-175.461[0m[1;36m
[gzserver-2] [0m[1;36m[Dbg] [wind_plugin.cpp:110] [0m[1;36mWindPlugin: received command -> speed=[0m[1;36m3.17281[0m[1;36m dir=[0m[1;36m-175.461[0m[1;36m
[gzserver-2] [0m[1;36m[Dbg] [wind_plugin.cpp:110] [0m[1;36mWindPlugin: received command -> speed=[0m[1;36m3.17281[0m[1;36m dir=[0m[1;36m-175.461[0m[1;36m
[gzserver-2] [0m[1;36m[Dbg] [wind_plugin.cpp:110] [0m[1;36mWindPlugin: received command -> speed=[0m[1;36m3.09751[0m[1;36m dir=[0m[1;36m-172.337[0m[1;36m
[gzserver-2] [0m[1;36m[Dbg] [wind_plugin.cpp:110] [0m[1;36mWindPlugin: received command -> speed=[0m[1;36m3.09751[0m[1;36m dir=[0m[1;36m-172.337[0m[1;36m
[gzserver-2] [0m[1;36m[Dbg] [wind_plugin.cpp:110] [0m[1;36mWindPlugin: received command -> speed=[0m[1;36m3.09751[0m[1;36m dir=[0m[1;36m-172.337[0m[1;36m
[gzserver-2] [0m[1;36m[Dbg] [wind_plugin.cpp:110] [0m[1;36mWindPlugin: received command -> speed=[0m[1;36m3.09751[0m[1;36m dir=[0m[1;36m-172.337[0m[1;36m
[gzserver-2] [0m[1;36m[Dbg] [wind_plugin.cpp:110] [0m[1;36mWindPlugin: received command -> speed=[0m[1;36m3.00618[0m[1;36m dir=[0m[1;36m-174.062[0m[1;36m
[gzserver-2] [0m[1;36m[Dbg] [wind_plugin.cpp:110] [0m[1;36mWindPlugin: received command -> speed=[0m[1;36m3.00618[0m[1;36m dir=[0m[1;36m-174.062[0m[1;36m
[gzserver-2] [0m[1;36m[Dbg] [wind_plugin.cpp:110] [0m[1;36mWindPlugin: received command -> speed=[0m[1;36m3.00618[0m[1;36m dir=[0m[1;36m-174.062[0m[1;36m
[gzserver-2] [0m[1;36m[Dbg] [wind_plugin.cpp:110] [0m[1;36mWindPlugin: received command -> speed=[0m[1;36m3.00618[0m[1;36m dir=[0m[1;36m-174.062[0m[1;36m
[gzserver-2] [0m[1;36m[Dbg] [wind_plugin.cpp:110] [0m[1;36mWindPlugin: received command -> speed=[0m[1;36m3.00618[0m[1;36m dir=[0m[1;36m-174.062[0m[1;36m
[gzserver-2] [INFO] [1773159436.773162237] [gazebo_wind_plugin_node]: WindPlugin: set wind_speed=3.08 wind_direction=-171.9
[gzserver-2] [INFO] [1773159437.012291213] [gazebo_wind_plugin_node]: WindPlugin: set wind_speed=3.08 wind_direction=-171.9
[gzserver-2] [INFO] [1773159437.246944551] [gazebo_wind_plugin_node]: WindPlugin: set wind_speed=3.08 wind_direction=-171.9
[gzserver-2] [INFO] [1773159437.487162174] [gazebo_wind_plugin_node]: WindPlugin: set wind_speed=3.09 wind_direction=-172.9
[gzserver-2] [INFO] [1773159437.727145940] [gazebo_wind_plugin_node]: WindPlugin: set wind_speed=3.09 wind_direction=-172.9
[gzserver-2] [INFO] [1773159437.961587473] [gazebo_wind_plugin_node]: WindPlugin: set wind_speed=3.09 wind_direction=-172.9
[gzserver-2] [INFO] [1773159438.201072887] [gazebo_wind_plugin_node]: WindPlugin: set wind_speed=3.09 wind_direction=-172.9
[gzserver-2] [INFO] [1773159438.440540592] [gazebo_wind_plugin_node]: WindPlugin: set wind_speed=3.08 wind_direction=-178.4
[gzserver-2] [INFO] [1773159438.680428143] [gazebo_wind_plugin_node]: WindPlugin: set wind_speed=3.08 wind_direction=-178.4
[gzserver-2] [INFO] [1773159438.914750271] [gazebo_wind_plugin_node]: WindPlugin: set wind_speed=3.08 wind_direction=-178.4
[gzserver-2] [INFO] [1773159439.154237443] [gazebo_wind_plugin_node]: WindPlugin: set wind_speed=3.08 wind_direction=-178.4
[gzserver-2] [INFO] [1773159439.394312109] [gazebo_wind_plugin_node]: WindPlugin: set wind_speed=3.21 wind_direction=-174.3
[gzserver-2] [INFO] [1773159439.633886301] [gazebo_wind_plugin_node]: WindPlugin: set wind_speed=3.21 wind_direction=-174.3
[gzserver-2] [INFO] [1773159439.873820636] [gazebo_wind_plugin_node]: WindPlugin: set wind_speed=3.21 wind_direction=-174.3
[gzserver-2] [INFO] [1773159440.109103913] [gazebo_wind_plugin_node]: WindPlugin: set wind_speed=3.21 wind_direction=-174.3
[gzserver-2] [INFO] [1773159440.343357196] [gazebo_wind_plugin_node]: WindPlugin: set wind_speed=3.08 wind_direction=-175.2
[gzserver-2] [INFO] [1773159440.582749284] [gazebo_wind_plugin_node]: WindPlugin: set wind_speed=3.08 wind_direction=-175.2
[gzserver-2] [INFO] [1773159440.822246622] [gazebo_wind_plugin_node]: WindPlugin: set wind_speed=3.08 wind_direction=-175.2
[gzserver-2] [INFO] [1773159441.050958271] [gazebo_wind_plugin_node]: WindPlugin: set wind_speed=3.08 wind_direction=-175.2
[gzserver-2] [INFO] [1773159441.291362003] [gazebo_wind_plugin_node]: WindPlugin: set wind_speed=3.08 wind_direction=-175.2
[gzserver-2] [INFO] [1773159441.530969461] [gazebo_wind_plugin_node]: WindPlugin: set wind_speed=3.08 wind_direction=-174.4
[gzserver-2] [INFO] [1773159441.765385960] [gazebo_wind_plugin_node]: WindPlugin: set wind_speed=3.08 wind_direction=-174.4
[gzserver-2] [INFO] [1773159442.004933765] [gazebo_wind_plugin_node]: WindPlugin: set wind_speed=3.08 wind_direction=-174.4
[gzserver-2] [INFO] [1773159442.244459945] [gazebo_wind_plugin_node]: WindPlugin: set wind_speed=3.08 wind_direction=-174.4
[gzserver-2] [INFO] [1773159442.484576929] [gazebo_wind_plugin_node]: WindPlugin: set wind_speed=2.96 wind_direction=-175.4
[gzserver-2] [INFO] [1773159442.723578917] [gazebo_wind_plugin_node]: WindPlugin: set wind_speed=2.96 wind_direction=-175.4
[gzserver-2] [INFO] [1773159442.963567540] [gazebo_wind_plugin_node]: WindPlugin: set wind_speed=2.96 wind_direction=-175.4
[gzserver-2] [0m[1;36m[Dbg] [wind_plugin.cpp:110] [0m[1;36mWindPlugin: received command -> speed=[0m[1;36m3.07534[0m[1;36m dir=[0m[1;36m-171.872[0m[1;36m
[gzserver-2] [0m[1;36m[Dbg] [wind_plugin.cpp:110] [0m[1;36mWindPlugin: received command -> speed=[0m[1;36m3.07534[0m[1;36m dir=[0m[1;36m-171.872[0m[1;36m
[gzserver-2] [0m[1;36m[Dbg] [wind_plugin.cpp:110] [0m[1;36mWindPlugin: received command -> speed=[0m[1;36m3.07534[0m[1;36m dir=[0m[1;36m-171.872[0m[1;36m
[gzserver-2] [0m[1;36m[Dbg] [wind_plugin.cpp:110] [0m[1;36mWindPlugin: received command -> speed=[0m[1;36m3.07534[0m[1;36m dir=[0m[1;36m-171.872[0m[1;36m
[gzserver-2] [0m[1;36m[Dbg] [wind_plugin.cpp:110] [0m[1;36mWindPlugin: received command -> speed=[0m[1;36m3.09317[0m[1;36m dir=[0m[1;36m-172.864[0m[1;36m
[gzserver-2] [0m[1;36m[Dbg] [wind_plugin.cpp:110] [0m[1;36mWindPlugin: received command -> speed=[0m[1;36m3.09317[0m[1;36m dir=[0m[1;36m-172.864[0m[1;36m
[gzserver-2] [0m[1;36m[Dbg] [wind_plugin.cpp:110] [0m[1;36mWindPlugin: received command -> speed=[0m[1;36m3.09317[0m[1;36m dir=[0m[1;36m-172.864[0m[1;36m
[gzserver-2] [0m[1;36m[Dbg] [wind_plugin.cpp:110] [0m[1;36mWindPlugin: received command -> speed=[0m[1;36m3.09317[0m[1;36m dir=[0m[1;36m-172.864[0m[1;36m
[gzserver-2] [0m[1;36m[Dbg] [wind_plugin.cpp:110] [0m[1;36mWindPlugin: received command -> speed=[0m[1;36m3.07681[0m[1;36m dir=[0m[1;36m-178.416[0m[1;36m
[gzserver-2] [0m[1;36m[Dbg] [wind_plugin.cpp:110] [0m[1;36mWindPlugin: received command -> speed=[0m[1;36m3.07681[0m[1;36m dir=[0m[1;36m-178.416[0m[1;36m
[gzserver-2] [0m[1;36m[Dbg] [wind_plugin.cpp:110] [0m[1;36mWindPlugin: received command -> speed=[0m[1;36m3.07681[0m[1;36m dir=[0m[1;36m-178.416[0m[1;36m
[gzserver-2] [0m[1;36m[Dbg] [wind_plugin.cpp:110] [0m[1;36mWindPlugin: received command -> speed=[0m[1;36m3.07681[0m[1;36m dir=[0m[1;36m-178.416[0m[1;36m
[gzserver-2] [0m[1;36m[Dbg] [wind_plugin.cpp:110] [0m[1;36mWindPlugin: received command -> speed=[0m[1;36m3.20843[0m[1;36m dir=[0m[1;36m-174.264[0m[1;36m
[gzserver-2] [0m[1;36m[Dbg] [wind_plugin.cpp:110] [0m[1;36mWindPlugin: received command -> speed=[0m[1;36m3.20843[0m[1;36m dir=[0m[1;36m-174.264[0m[1;36m
[gzserver-2] [0m[1;36m[Dbg] [wind_plugin.cpp:110] [0m[1;36mWindPlugin: received command -> speed=[0m[1;36m3.20843[0m[1;36m dir=[0m[1;36m-174.264[0m[1;36m
[gzserver-2] [0m[1;36m[Dbg] [wind_plugin.cpp:110] [0m[1;36mWindPlugin: received command -> speed=[0m[1;36m3.20843[0m[1;36m dir=[0m[1;36m-174.264[0m[1;36m
[gzserver-2] [0m[1;36m[Dbg] [wind_plugin.cpp:110] [0m[1;36mWindPlugin: received command -> speed=[0m[1;36m3.08042[0m[1;36m dir=[0m[1;36m-175.181[0m[1;36m
[gzserver-2] [0m[1;36m[Dbg] [wind_plugin.cpp:110] [0m[1;36mWindPlugin: received command -> speed=[0m[1;36m3.08042[0m[1;36m dir=[0m[1;36m-175.181[0m[1;36m
[gzserver-2] [0m[1;36m[Dbg] [wind_plugin.cpp:110] [0m[1;36mWindPlugin: received command -> speed=[0m[1;36m3.08042[0m[1;36m dir=[0m[1;36m-175.181[0m[1;36m
[gzserver-2] [0m[1;36m[Dbg] [wind_plugin.cpp:110] [0m[1;36mWindPlugin: received command -> speed=[0m[1;36m3.08042[0m[1;36m dir=[0m[1;36m-175.181[0m[1;36m
[gzserver-2] [0m[1;36m[Dbg] [wind_plugin.cpp:110] [0m[1;36mWindPlugin: received command -> speed=[0m[1;36m3.08042[0m[1;36m dir=[0m[1;36m-175.181[0m[1;36m
[gzserver-2] [0m[1;36m[Dbg] [wind_plugin.cpp:110] [0m[1;36mWindPlugin: received command -> speed=[0m[1;36m3.07856[0m[1;36m dir=[0m[1;36m-174.402[0m[1;36m
[gzserver-2] [0m[1;36m[Dbg] [wind_plugin.cpp:110] [0m[1;36mWindPlugin: received command -> speed=[0m[1;36m3.07856[0m[1;36m dir=[0m[1;36m-174.402[0m[1;36m
[gzserver-2] [0m[1;36m[Dbg] [wind_plugin.cpp:110] [0m[1;36mWindPlugin: received command -> speed=[0m[1;36m3.07856[0m[1;36m dir=[0m[1;36m-174.402[0m[1;36m
[gzserver-2] [0m[1;36m[Dbg] [wind_plugin.cpp:110] [0m[1;36mWindPlugin: received command -> speed=[0m[1;36m3.07856[0m[1;36m dir=[0m[1;36m-174.402[0m[1;36m
[gzserver-2] [0m[1;36m[Dbg] [wind_plugin.cpp:110] [0m[1;36mWindPlugin: received command -> speed=[0m[1;36m2.95518[0m[1;36m dir=[0m[1;36m-175.379[0m[1;36m
[gzserver-2] [0m[1;36m[Dbg] [wind_plugin.cpp:110] [0m[1;36mWindPlugin: received command -> speed=[0m[1;36m2.95518[0m[1;36m dir=[0m[1;36m-175.379[0m[1;36m
[gzserver-2] [INFO] [1773159443.203312181] [gazebo_wind_plugin_node]: WindPlugin: set wind_speed=2.96 wind_direction=-175.4
[gzserver-2] [INFO] [1773159443.443470219] [gazebo_wind_plugin_node]: WindPlugin: set wind_speed=3.15 wind_direction=-174.9
[gzserver-2] [INFO] [1773159443.677762668] [gazebo_wind_plugin_node]: WindPlugin: set wind_speed=3.15 wind_direction=-174.9
[gzserver-2] [INFO] [1773159443.917255420] [gazebo_wind_plugin_node]: WindPlugin: set wind_speed=3.15 wind_direction=-174.9
[gzserver-2] [INFO] [1773159444.156595458] [gazebo_wind_plugin_node]: WindPlugin: set wind_speed=3.15 wind_direction=-174.9
[gzserver-2] [INFO] [1773159444.384654116] [gazebo_wind_plugin_node]: WindPlugin: set wind_speed=3.11 wind_direction=-178.0
[gzserver-2] [INFO] [1773159444.613894367] [gazebo_wind_plugin_node]: WindPlugin: set wind_speed=3.11 wind_direction=-178.0
[gzserver-2] [INFO] [1773159444.853615123] [gazebo_wind_plugin_node]: WindPlugin: set wind_speed=3.11 wind_direction=-178.0
[gzserver-2] [INFO] [1773159445.083176188] [gazebo_wind_plugin_node]: WindPlugin: set wind_speed=3.11 wind_direction=-178.0
[gzserver-2] [INFO] [1773159445.318236202] [gazebo_wind_plugin_node]: WindPlugin: set wind_speed=3.11 wind_direction=-178.0
[gzserver-2] [INFO] [1773159445.558079748] [gazebo_wind_plugin_node]: WindPlugin: set wind_speed=3.14 wind_direction=-174.0
[gzserver-2] [INFO] [1773159445.791759817] [gazebo_wind_plugin_node]: WindPlugin: set wind_speed=3.14 wind_direction=-174.0
[gzserver-2] [INFO] [1773159446.031029894] [gazebo_wind_plugin_node]: WindPlugin: set wind_speed=3.14 wind_direction=-174.0
[gzserver-2] [INFO] [1773159446.261099922] [gazebo_wind_plugin_node]: WindPlugin: set wind_speed=3.14 wind_direction=-174.0
[gzserver-2] [INFO] [1773159446.497918898] [gazebo_wind_plugin_node]: WindPlugin: set wind_speed=3.01 wind_direction=-175.2
[gzserver-2] [INFO] [1773159446.729116564] [gazebo_wind_plugin_node]: WindPlugin: set wind_speed=3.01 wind_direction=-175.2
[gzserver-2] [INFO] [1773159446.968341721] [gazebo_wind_plugin_node]: WindPlugin: set wind_speed=3.01 wind_direction=-175.2
[gzserver-2] [INFO] [1773159447.202354659] [gazebo_wind_plugin_node]: WindPlugin: set wind_speed=3.01 wind_direction=-175.2
[gzserver-2] [INFO] [1773159447.437046221] [gazebo_wind_plugin_node]: WindPlugin: set wind_speed=3.05 wind_direction=-175.2
[gzserver-2] [INFO] [1773159447.676519658] [gazebo_wind_plugin_node]: WindPlugin: set wind_speed=3.05 wind_direction=-175.2
[gzserver-2] [INFO] [1773159447.915872625] [gazebo_wind_plugin_node]: WindPlugin: set wind_speed=3.05 wind_direction=-175.2
[gzserver-2] [INFO] [1773159448.151004230] [gazebo_wind_plugin_node]: WindPlugin: set wind_speed=3.05 wind_direction=-175.2
[gzserver-2] [INFO] [1773159448.390502317] [gazebo_wind_plugin_node]: WindPlugin: set wind_speed=3.15 wind_direction=-177.8
[gzserver-2] [INFO] [1773159448.629717379] [gazebo_wind_plugin_node]: WindPlugin: set wind_speed=3.15 wind_direction=-177.8
[gzserver-2] [INFO] [1773159448.863506511] [gazebo_wind_plugin_node]: WindPlugin: set wind_speed=3.15 wind_direction=-177.8
[gzserver-2] [INFO] [1773159449.097745975] [gazebo_wind_plugin_node]: WindPlugin: set wind_speed=3.15 wind_direction=-177.8
[gzserver-2] [INFO] [1773159449.331459784] [gazebo_wind_plugin_node]: WindPlugin: set wind_speed=3.15 wind_direction=-177.8
[gzserver-2] [0m[1;36m[Dbg] [wind_plugin.cpp:110] [0m[1;36mWindPlugin: received command -> speed=[0m[1;36m2.95518[0m[1;36m dir=[0m[1;36m-175.379[0m[1;36m
[gzserver-2] [0m[1;36m[Dbg] [wind_plugin.cpp:110] [0m[1;36mWindPlugin: received command -> speed=[0m[1;36m2.95518[0m[1;36m dir=[0m[1;36m-175.379[0m[1;36m
[gzserver-2] [0m[1;36m[Dbg] [wind_plugin.cpp:110] [0m[1;36mWindPlugin: received command -> speed=[0m[1;36m3.14817[0m[1;36m dir=[0m[1;36m-174.909[0m[1;36m
[gzserver-2] [0m[1;36m[Dbg] [wind_plugin.cpp:110] [0m[1;36mWindPlugin: received command -> speed=[0m[1;36m3.14817[0m[1;36m dir=[0m[1;36m-174.909[0m[1;36m
[gzserver-2] [0m[1;36m[Dbg] [wind_plugin.cpp:110] [0m[1;36mWindPlugin: received command -> speed=[0m[1;36m3.14817[0m[1;36m dir=[0m[1;36m-174.909[0m[1;36m
[gzserver-2] [0m[1;36m[Dbg] [wind_plugin.cpp:110] [0m[1;36mWindPlugin: received command -> speed=[0m[1;36m3.14817[0m[1;36m dir=[0m[1;36m-174.909[0m[1;36m
[gzserver-2] [0m[1;36m[Dbg] [wind_plugin.cpp:110] [0m[1;36mWindPlugin: received command -> speed=[0m[1;36m3.10661[0m[1;36m dir=[0m[1;36m-177.964[0m[1;36m
[gzserver-2] [0m[1;36m[Dbg] [wind_plugin.cpp:110] [0m[1;36mWindPlugin: received command -> speed=[0m[1;36m3.10661[0m[1;36m dir=[0m[1;36m-177.964[0m[1;36m
[gzserver-2] [0m[1;36m[Dbg] [wind_plugin.cpp:110] [0m[1;36mWindPlugin: received command -> speed=[0m[1;36m3.10661[0m[1;36m dir=[0m[1;36m-177.964[0m[1;36m
[gzserver-2] [0m[1;36m[Dbg] [wind_plugin.cpp:110] [0m[1;36mWindPlugin: received command -> speed=[0m[1;36m3.10661[0m[1;36m dir=[0m[1;36m-177.964[0m[1;36m
[gzserver-2] [0m[1;36m[Dbg] [wind_plugin.cpp:110] [0m[1;36mWindPlugin: received command -> speed=[0m[1;36m3.10661[0m[1;36m dir=[0m[1;36m-177.964[0m[1;36m
[gzserver-2] [0m[1;36m[Dbg] [wind_plugin.cpp:110] [0m[1;36mWindPlugin: received command -> speed=[0m[1;36m3.13537[0m[1;36m dir=[0m[1;36m-173.965[0m[1;36m
[gzserver-2] [0m[1;36m[Dbg] [wind_plugin.cpp:110] [0m[1;36mWindPlugin: received command -> speed=[0m[1;36m3.13537[0m[1;36m dir=[0m[1;36m-173.965[0m[1;36m
[gzserver-2] [0m[1;36m[Dbg] [wind_plugin.cpp:110] [0m[1;36mWindPlugin: received command -> speed=[0m[1;36m3.13537[0m[1;36m dir=[0m[1;36m-173.965[0m[1;36m
[gzserver-2] [0m[1;36m[Dbg] [wind_plugin.cpp:110] [0m[1;36mWindPlugin: received command -> speed=[0m[1;36m3.13537[0m[1;36m dir=[0m[1;36m-173.965[0m[1;36m
[gzserver-2] [0m[1;36m[Dbg] [wind_plugin.cpp:110] [0m[1;36mWindPlugin: received command -> speed=[0m[1;36m3.00743[0m[1;36m dir=[0m[1;36m-175.219[0m[1;36m
[gzserver-2] [0m[1;36m[Dbg] [wind_plugin.cpp:110] [0m[1;36mWindPlugin: received command -> speed=[0m[1;36m3.00743[0m[1;36m dir=[0m[1;36m-175.219[0m[1;36m
[gzserver-2] [0m[1;36m[Dbg] [wind_plugin.cpp:110] [0m[1;36mWindPlugin: received command -> speed=[0m[1;36m3.00743[0m[1;36m dir=[0m[1;36m-175.219[0m[1;36m
[gzserver-2] [0m[1;36m[Dbg] [wind_plugin.cpp:110] [0m[1;36mWindPlugin: received command -> speed=[0m[1;36m3.00743[0m[1;36m dir=[0m[1;36m-175.219[0m[1;36m
[gzserver-2] [0m[1;36m[Dbg] [wind_plugin.cpp:110] [0m[1;36mWindPlugin: received command -> speed=[0m[1;36m3.0513[0m[1;36m dir=[0m[1;36m-175.245[0m[1;36m
[gzserver-2] [0m[1;36m[Dbg] [wind_plugin.cpp:110] [0m[1;36mWindPlugin: received command -> speed=[0m[1;36m3.0513[0m[1;36m dir=[0m[1;36m-175.245[0m[1;36m
[gzserver-2] [0m[1;36m[Dbg] [wind_plugin.cpp:110] [0m[1;36mWindPlugin: received command -> speed=[0m[1;36m3.0513[0m[1;36m dir=[0m[1;36m-175.245[0m[1;36m
[gzserver-2] [0m[1;36m[Dbg] [wind_plugin.cpp:110] [0m[1;36mWindPlugin: received command -> speed=[0m[1;36m3.0513[0m[1;36m dir=[0m[1;36m-175.245[0m[1;36m
[gzserver-2] [0m[1;36m[Dbg] [wind_plugin.cpp:110] [0m[1;36mWindPlugin: received command -> speed=[0m[1;36m3.15284[0m[1;36m dir=[0m[1;36m-177.797[0m[1;36m
[gzserver-2] [0m[1;36m[Dbg] [wind_plugin.cpp:110] [0m[1;36mWindPlugin: received command -> speed=[0m[1;36m3.15284[0m[1;36m dir=[0m[1;36m-177.797[0m[1;36m
[gzserver-2] [0m[1;36m[Dbg] [wind_plugin.cpp:110] [0m[1;36mWindPlugin: received command -> speed=[0m[1;36m3.15284[0m[1;36m dir=[0m[1;36m-177.797[0m[1;36m
[gzserver-2] [0m[1;36m[Dbg] [wind_plugin.cpp:110] [0m[1;36mWindPlugin: received command -> speed=[0m[1;36m3.15284[0m[1;36m dir=[0m[1;36m-177.797[0m[1;36m
[gzserver-2] [INFO] [1773159449.571946818] [gazebo_wind_plugin_node]: WindPlugin: set wind_speed=3.26 wind_direction=-178.5
[gzserver-2] [INFO] [1773159449.813344145] [gazebo_wind_plugin_node]: WindPlugin: set wind_speed=3.26 wind_direction=-178.5
[gzserver-2] [INFO] [1773159450.054744830] [gazebo_wind_plugin_node]: WindPlugin: set wind_speed=3.26 wind_direction=-178.5
[gzserver-2] [INFO] [1773159450.289121488] [gazebo_wind_plugin_node]: WindPlugin: set wind_speed=3.26 wind_direction=-178.5
[gzserver-2] [INFO] [1773159450.520316031] [gazebo_wind_plugin_node]: WindPlugin: set wind_speed=3.27 wind_direction=-175.4
[gzserver-2] [INFO] [1773159450.760719781] [gazebo_wind_plugin_node]: WindPlugin: set wind_speed=3.27 wind_direction=-175.4
[gzserver-2] [INFO] [1773159451.002387156] [gazebo_wind_plugin_node]: WindPlugin: set wind_speed=3.27 wind_direction=-175.4
[gzserver-2] [INFO] [1773159451.241821456] [gazebo_wind_plugin_node]: WindPlugin: set wind_speed=3.27 wind_direction=-175.4
[gzserver-2] [INFO] [1773159451.482101036] [gazebo_wind_plugin_node]: WindPlugin: set wind_speed=3.33 wind_direction=-178.3
[gzserver-2] [INFO] [1773159451.716809536] [gazebo_wind_plugin_node]: WindPlugin: set wind_speed=3.33 wind_direction=-178.3
[gzserver-2] [INFO] [1773159451.956141621] [gazebo_wind_plugin_node]: WindPlugin: set wind_speed=3.33 wind_direction=-178.3
[gzserver-2] [INFO] [1773159452.195845684] [gazebo_wind_plugin_node]: WindPlugin: set wind_speed=3.33 wind_direction=-178.3
[gzserver-2] [INFO] [1773159452.429572260] [gazebo_wind_plugin_node]: WindPlugin: set wind_speed=3.01 wind_direction=-176.1
[gzserver-2] [INFO] [1773159452.664238256] [gazebo_wind_plugin_node]: WindPlugin: set wind_speed=3.01 wind_direction=-176.1
[gzserver-2] [INFO] [1773159452.904361948] [gazebo_wind_plugin_node]: WindPlugin: set wind_speed=3.01 wind_direction=-176.1
[gzserver-2] [INFO] [1773159453.138010351] [gazebo_wind_plugin_node]: WindPlugin: set wind_speed=3.01 wind_direction=-176.1
[gzserver-2] [INFO] [1773159453.372313627] [gazebo_wind_plugin_node]: WindPlugin: set wind_speed=3.16 wind_direction=-178.3
[gzserver-2] [INFO] [1773159453.606499927] [gazebo_wind_plugin_node]: WindPlugin: set wind_speed=3.16 wind_direction=-178.3
[gzserver-2] [INFO] [1773159453.846390823] [gazebo_wind_plugin_node]: WindPlugin: set wind_speed=3.16 wind_direction=-178.3
[gzserver-2] [INFO] [1773159454.085902275] [gazebo_wind_plugin_node]: WindPlugin: set wind_speed=3.16 wind_direction=-178.3
[gzserver-2] [INFO] [1773159454.124030850] [drone.simple_drone]: Quadrotor lands!!
[gzserver-2] [INFO] [1773159454.325303658] [gazebo_wind_plugin_node]: WindPlugin: set wind_speed=3.16 wind_direction=-178.3
[gzserver-2] [INFO] [1773159454.564650731] [gazebo_wind_plugin_node]: WindPlugin: set wind_speed=3.18 wind_direction=-176.5
[gzserver-2] [INFO] [1773159454.803908110] [gazebo_wind_plugin_node]: WindPlugin: set wind_speed=3.18 wind_direction=-176.5
[gzserver-2] [INFO] [1773159455.038140479] [gazebo_wind_plugin_node]: WindPlugin: set wind_speed=3.18 wind_direction=-176.5
[gzserver-2] [0m[1;36m[Dbg] [wind_plugin.cpp:110] [0m[1;36mWindPlugin: received command -> speed=[0m[1;36m3.15284[0m[1;36m dir=[0m[1;36m-177.797[0m[1;36m
[gzserver-2] [0m[1;36m[Dbg] [wind_plugin.cpp:110] [0m[1;36mWindPlugin: received command -> speed=[0m[1;36m3.25959[0m[1;36m dir=[0m[1;36m-178.537[0m[1;36m
[gzserver-2] [0m[1;36m[Dbg] [wind_plugin.cpp:110] [0m[1;36mWindPlugin: received command -> speed=[0m[1;36m3.25959[0m[1;36m dir=[0m[1;36m-178.537[0m[1;36m
[gzserver-2] [0m[1;36m[Dbg] [wind_plugin.cpp:110] [0m[1;36mWindPlugin: received command -> speed=[0m[1;36m3.25959[0m[1;36m dir=[0m[1;36m-178.537[0m[1;36m
[gzserver-2] [0m[1;36m[Dbg] [wind_plugin.cpp:110] [0m[1;36mWindPlugin: received command -> speed=[0m[1;36m3.25959[0m[1;36m dir=[0m[1;36m-178.537[0m[1;36m
[gzserver-2] [0m[1;36m[Dbg] [wind_plugin.cpp:110] [0m[1;36mWindPlugin: received command -> speed=[0m[1;36m3.26616[0m[1;36m dir=[0m[1;36m-175.449[0m[1;36m
[gzserver-2] [0m[1;36m[Dbg] [wind_plugin.cpp:110] [0m[1;36mWindPlugin: received command -> speed=[0m[1;36m3.26616[0m[1;36m dir=[0m[1;36m-175.449[0m[1;36m
[gzserver-2] [0m[1;36m[Dbg] [wind_plugin.cpp:110] [0m[1;36mWindPlugin: received command -> speed=[0m[1;36m3.26616[0m[1;36m dir=[0m[1;36m-175.449[0m[1;36m
[gzserver-2] [0m[1;36m[Dbg] [wind_plugin.cpp:110] [0m[1;36mWindPlugin: received command -> speed=[0m[1;36m3.26616[0m[1;36m dir=[0m[1;36m-175.449[0m[1;36m
[gzserver-2] [0m[1;36m[Dbg] [wind_plugin.cpp:110] [0m[1;36mWindPlugin: received command -> speed=[0m[1;36m3.32675[0m[1;36m dir=[0m[1;36m-178.29[0m[1;36m
[gzserver-2] [0m[1;36m[Dbg] [wind_plugin.cpp:110] [0m[1;36mWindPlugin: received command -> speed=[0m[1;36m3.32675[0m[1;36m dir=[0m[1;36m-178.29[0m[1;36m
[gzserver-2] [0m[1;36m[Dbg] [wind_plugin.cpp:110] [0m[1;36mWindPlugin: received command -> speed=[0m[1;36m3.32675[0m[1;36m dir=[0m[1;36m-178.29[0m[1;36m
[gzserver-2] [0m[1;36m[Dbg] [wind_plugin.cpp:110] [0m[1;36mWindPlugin: received command -> speed=[0m[1;36m3.32675[0m[1;36m dir=[0m[1;36m-178.29[0m[1;36m
[gzserver-2] [0m[1;36m[Dbg] [wind_plugin.cpp:110] [0m[1;36mWindPlugin: received command -> speed=[0m[1;36m3.01486[0m[1;36m dir=[0m[1;36m-176.121[0m[1;36m
[gzserver-2] [0m[1;36m[Dbg] [wind_plugin.cpp:110] [0m[1;36mWindPlugin: received command -> speed=[0m[1;36m3.01486[0m[1;36m dir=[0m[1;36m-176.121[0m[1;36m
[gzserver-2] [0m[1;36m[Dbg] [wind_plugin.cpp:110] [0m[1;36mWindPlugin: received command -> speed=[0m[1;36m3.01486[0m[1;36m dir=[0m[1;36m-176.121[0m[1;36m
[gzserver-2] [0m[1;36m[Dbg] [wind_plugin.cpp:110] [0m[1;36mWindPlugin: received command -> speed=[0m[1;36m3.01486[0m[1;36m dir=[0m[1;36m-176.121[0m[1;36m
[gzserver-2] [0m[1;36m[Dbg] [wind_plugin.cpp:110] [0m[1;36mWindPlugin: received command -> speed=[0m[1;36m3.15565[0m[1;36m dir=[0m[1;36m-178.282[0m[1;36m
[gzserver-2] [0m[1;36m[Dbg] [wind_plugin.cpp:110] [0m[1;36mWindPlugin: received command -> speed=[0m[1;36m3.15565[0m[1;36m dir=[0m[1;36m-178.282[0m[1;36m
[gzserver-2] [0m[1;36m[Dbg] [wind_plugin.cpp:110] [0m[1;36mWindPlugin: received command -> speed=[0m[1;36m3.15565[0m[1;36m dir=[0m[1;36m-178.282[0m[1;36m
[gzserver-2] [0m[1;36m[Dbg] [wind_plugin.cpp:110] [0m[1;36mWindPlugin: received command -> speed=[0m[1;36m3.15565[0m[1;36m dir=[0m[1;36m-178.282[0m[1;36m
[gzserver-2] [0m[1;36m[Dbg] [wind_plugin.cpp:110] [0m[1;36mWindPlugin: received command -> speed=[0m[1;36m3.15565[0m[1;36m dir=[0m[1;36m-178.282[0m[1;36m
[gzserver-2] [0m[1;36m[Dbg] [wind_plugin.cpp:110] [0m[1;36mWindPlugin: received command -> speed=[0m[1;36m3.18244[0m[1;36m dir=[0m[1;36m-176.536[0m[1;36m
[gzserver-2] [0m[1;36m[Dbg] [wind_plugin.cpp:110] [0m[1;36mWindPlugin: received command -> speed=[0m[1;36m3.18244[0m[1;36m dir=[0m[1;36m-176.536[0m[1;36m
[gzserver-2] [0m[1;36m[Dbg] [wind_plugin.cpp:110] [0m[1;36mWindPlugin: received command -> speed=[0m[1;36m3.18244[0m[1;36m dir=[0m[1;36m-176.536[0m[1;36m
[gzserver-2] [0mLanded!
[gzserver-2] [INFO] [1773159455.277201032] [gazebo_wind_plugin_node]: WindPlugin: set wind_speed=3.18 wind_direction=-176.5
[gzserver-2] [INFO] [1773159455.516423180] [gazebo_wind_plugin_node]: WindPlugin: set wind_speed=2.97 wind_direction=-178.6
[gzserver-2] [INFO] [1773159455.751525031] [gazebo_wind_plugin_node]: WindPlugin: set wind_speed=2.97 wind_direction=-178.6
[gzserver-2] [INFO] [1773159455.991173856] [gazebo_wind_plugin_node]: WindPlugin: set wind_speed=2.97 wind_direction=-178.6
[gzserver-2] [INFO] [1773159456.230835415] [gazebo_wind_plugin_node]: WindPlugin: set wind_speed=2.97 wind_direction=-178.6
[gzserver-2] [INFO] [1773159456.470393548] [gazebo_wind_plugin_node]: WindPlugin: set wind_speed=3.17 wind_direction=-174.5
[gzserver-2] [INFO] [1773159456.704956767] [gazebo_wind_plugin_node]: WindPlugin: set wind_speed=3.17 wind_direction=-174.5
[gzserver-2] [INFO] [1773159456.939512862] [gazebo_wind_plugin_node]: WindPlugin: set wind_speed=3.17 wind_direction=-174.5
