[INFO] [launch]: All log files can be found below /home/j/.ros/log/2026-03-09-16-42-32-521877-j-1579679
[INFO] [launch]: Default logging verbosity is set to INFO
[INFO] [launch.user]: [bringup] Apriltag config: camera=/drone/bottom, image=/drone/bottom/image_raw, tags=/drone/bottom/tags, bridge=/landing_tag_state, standalone=true, use_target_id=true, target_id=0
[INFO] [rviz2-1]: process started with pid [1579683]
[INFO] [gzserver-2]: process started with pid [1579685]
[INFO] [robot_state_publisher-3]: process started with pid [1579687]
[INFO] [joint_state_publisher-4]: process started with pid [1579689]
[INFO] [spawn_drone-5]: process started with pid [1579691]
[INFO] [static_transform_publisher-6]: process started with pid [1579693]
[INFO] [joy_node-7]: process started with pid [1579695]
[INFO] [teleop_joystick-8]: process started with pid [1579697]
[INFO] [apriltag_detector_node-9]: process started with pid [1579699]
[INFO] [apriltag_state_bridge-10]: process started with pid [1579701]
[static_transform_publisher-6] [WARN] [1773042152.997822021] []: Old-style arguments are deprecated; see --help for new-style arguments
[static_transform_publisher-6] [INFO] [1773042153.003441976] [static_transform_publisher_mFblfTlNAyJ2VAn5]: Spinning until stopped - publishing transform
[static_transform_publisher-6] translation: ('0.000000', '0.000000', '0.000000')
[static_transform_publisher-6] rotation: ('0.000000', '0.000000', '0.000000', '1.000000')
[static_transform_publisher-6] from 'world' to '/drone/odom'
[robot_state_publisher-3] [INFO] [1773042153.024815888] [drone.robot_state_publisher]: got segment base_footprint
[robot_state_publisher-3] [INFO] [1773042153.024893597] [drone.robot_state_publisher]: got segment base_link
[robot_state_publisher-3] [INFO] [1773042153.024900555] [drone.robot_state_publisher]: got segment bottom_cam_link
[robot_state_publisher-3] [INFO] [1773042153.024904581] [drone.robot_state_publisher]: got segment front_cam_link
[robot_state_publisher-3] [INFO] [1773042153.024908120] [drone.robot_state_publisher]: got segment sonar_link
[apriltag_detector_node-9] [INFO] [1773042153.050238822] [apriltag_detector_node]: tag detector type: umich
[teleop_joystick-8] Traceback (most recent call last):
[teleop_joystick-8]   File "/home/j/INCSL/IICC26_ws/install/sjtu_drone_control/lib/sjtu_drone_control/teleop_joystick", line 33, in <module>
[teleop_joystick-8]     sys.exit(load_entry_point('sjtu_drone_control==0.0.0', 'console_scripts', 'teleop_joystick')())
[teleop_joystick-8]   File "/home/j/INCSL/IICC26_ws/install/sjtu_drone_control/lib/sjtu_drone_control/teleop_joystick", line 22, in importlib_load_entry_point
[teleop_joystick-8]     for entry_point in distribution(dist_name).entry_points
[teleop_joystick-8]   File "/usr/lib/python3.10/importlib/metadata/__init__.py", line 969, in distribution
[teleop_joystick-8]     return Distribution.from_name(distribution_name)
[teleop_joystick-8]   File "/usr/lib/python3.10/importlib/metadata/__init__.py", line 548, in from_name
[teleop_joystick-8]     raise PackageNotFoundError(name)
[teleop_joystick-8] importlib.metadata.PackageNotFoundError: No package metadata was found for sjtu_drone_control
[ERROR] [teleop_joystick-8]: process has died [pid 1579697, exit code 1, cmd '/home/j/INCSL/IICC26_ws/install/sjtu_drone_control/lib/sjtu_drone_control/teleop_joystick --ros-args -r __ns:=/drone'].
[gzserver-2] Gazebo multi-robot simulator, version 11.10.2
[gzserver-2] Copyright (C) 2012 Open Source Robotics Foundation.
[gzserver-2] Released under the Apache 2 License.
[gzserver-2] http://gazebosim.org
[gzserver-2] 
[joint_state_publisher-4] [INFO] [1773042153.295337983] [drone.joint_state_publisher]: Waiting for robot_description to be published on the robot_description topic...
[apriltag_state_bridge-10] [INFO] [1773042153.312430993] [apriltag_state_bridge]: AprilTag bridge started: /drone/bottom/tags -> /landing_tag_state, use_target_id=True, target_id=0
[gzserver-2] [1;33m[Wrn] [gazebo_ros_init.cpp:178] [0m[1;33m
[gzserver-2] #     # ####### ####### ###  #####  #######
[gzserver-2] ##    # #     #    #     #  #     # #
[gzserver-2] # #   # #     #    #     #  #       #
[gzserver-2] #  #  # #     #    #     #  #       #####
[gzserver-2] #   # # #     #    #     #  #       #
[gzserver-2] #    ## #     #    #     #  #     # #
[gzserver-2] #     # #######    #    ###  #####  #######
[gzserver-2] 
[gzserver-2] This version of Gazebo, now called Gazebo classic, reaches end-of-life
[gzserver-2] in January 2025. Users are highly encouraged to migrate to the new Gazebo
[gzserver-2] using our migration guides (https://gazebosim.org/docs/latest/gazebo_classic_migration?utm_source=gazebo_ros_pkgs&utm_medium=cli)
[gzserver-2] 
[gzserver-2] [0m[1;33m
[rviz2-1] [INFO] [1773042153.583779449] [rviz2]: Stereo is NOT SUPPORTED
[rviz2-1] [INFO] [1773042153.583951326] [rviz2]: OpenGl version: 4.6 (GLSL 4.6)
[rviz2-1] [INFO] [1773042153.684987019] [rviz2]: Stereo is NOT SUPPORTED
[rviz2-1] [INFO] [1773042153.808625769] [rviz2]: Stereo is NOT SUPPORTED
[gzserver-2] [1;32m[Msg] [0m[1;32mWaiting for master.[0m[1;32m
[gzserver-2] [0m[1;32m[0m[1;32m[0m[1;32m[Msg] [0m[1;32mConnected to gazebo master @ [0m[1;32mhttp://127.0.0.1:11345[0m[1;32m
[gzserver-2] [0m[1;32m[0m[1;32m[0m[1;32m[Msg] [0m[1;32mPublicized address: [0m[1;32m172.16.52.147[0m[1;32m
[gzserver-2] [0m[1;32m[0m[1;32m[0m[1;32m[Msg] [0m[1;32mLoading world file [[0m[1;32m/home/j/INCSL/IICC26_ws/install/sjtu_drone_description/share/sjtu_drone_description/worlds/landingPad.world[0m[1;32m][0m[1;32m
[gzserver-2] [0m[1;32m[0m[1;32m[0m[1;36m[Dbg] [wind_plugin.cpp:96] [0m[1;36mWindPlugin loaded: speed=[0m[1;36m0[0m[1;36m dir=[0m[1;36m0[0m[1;36m deg area=[0m[1;36m0.1[0m[1;36m coeff=[0m[1;36m1[0m[1;36m
[gzserver-2] [0m[1;33m[0m[1;33m[0m[1;31m[Err] [Sensor.cc:510] [0m[1;31mGet noise index not valid[0m[1;31m
[gzserver-2] [0m[1;31m[0m[1;31m[0m[1;31m[Err] [Sensor.cc:510] [0m[1;31mGet noise index not valid[0m[1;31m
[gzserver-2] [0m[1;31m[0m[1;31m[0m[1;31m[Err] [Sensor.cc:510] [0m[1;31mGet noise index not valid[0m[1;31m
[gzserver-2] [0m[1;31m[0m[1;31m[0m[1;31m[Err] [Sensor.cc:510] [0m[1;31mGet noise index not valid[0m[1;31m
[gzserver-2] [0m[1;31m[0m[1;31m[0m[1;31m[Err] [Sensor.cc:510] [0m[1;31mGet noise index not valid[0m[1;31m
[gzserver-2] [0m[1;31m[0m[1;31m[0m[1;31m[Err] [Sensor.cc:510] [0m[1;31mGet noise index not valid[0m[1;31m
[gzserver-2] [0m[1;31m[0m[1;31m[0mTopic [default//drone/base_footprint/down_camera/image] is not valid.
[gzserver-2] [INFO] [1773042154.395417952] [drone.collision_plugin]: Publishing contact states to [/drone/bumper_states]
[gzserver-2] Topic [default//drone/base_footprint/front_camera/image] is not valid.
[gzserver-2] [1;33m[Wrn] [Event.cc:61] [0m[1;33mWarning: Deleting a connection right after creation. [0m[1;33mMake sure to save the ConnectionPtr from a Connect call
[gzserver-2] [0m[INFO] [1773042154.952905055] [drone.camera_bottom]: Publishing camera info to [/drone/bottom/camera_info]
[gzserver-2] [INFO] [1773042154.956244644] [drone.camera_front]: Publishing camera info to [/drone/front/camera_info]
[spawn_drone-5] [INFO] [1773042154.965517629] [spawn_drone]: Result True SpawnEntity: Successfully spawned entity [/drone]
[gzserver-2] [INFO] [1773042155.079306927] [drone.simple_drone]: The drone plugin is loading!
[gzserver-2] [INFO] [1773042155.079525053] [drone.simple_drone]: pub_odom: 1
[gzserver-2] [INFO] [1773042155.079559775] [drone.simple_drone]: Using following parameters: 
[gzserver-2] 		link_name: base_footprint,
[gzserver-2] 		max_force: 30,
[gzserver-2] 		motion_small_noise: 0,
[gzserver-2] 		motion_drift_noise: 0,
[gzserver-2] 		motion_drift_noise_time: 50,
[gzserver-2] 		takeoff_hover_height: 1.98,
[gzserver-2] 		takeoff_vertical_speed: 0.2
[gzserver-2] [INFO] [1773042155.092637151] [drone.simple_drone]: Using the PID parameters: 
[gzserver-2] 	Roll Pitch:
[gzserver-2] 		kP: 10, kI: 0,kD: 5, Limit: 0.5, Time Constant: 0
[gzserver-2] 	Yaw:
[gzserver-2] 		kP: 2, kI: 0,kD: 1, Limit: 1.5, Time Constant: 0
[gzserver-2] 	Velocity X:
[gzserver-2] 		kP: 5, kI: 0,kD: 2.3, Limit: 2, Time Constant: 0
[gzserver-2] 	Velocity Y:
[gzserver-2] 		kP: 5, kI: 0,kD: 2.3, Limit: 2, Time Constant: 0
[gzserver-2] 	Velocity Z:
[gzserver-2] 		kP: 5, kI: 0,kD: 1, Limit: -1, Time Constant: 0
[gzserver-2] 	Position XY:
[gzserver-2] 		kP: 1.1, kI: 0,kD: 0, Limit: 5, Time Constant: 0
[gzserver-2] 	Position Z:
[gzserver-2] 		kP: 1, kI: 0,kD: 0.2, Limit: -1, Time Constant: 0
[gzserver-2] [INFO] [1773042155.092892166] [drone.simple_drone]: The drone plugin finished loading!
[INFO] [spawn_drone-5]: process has finished cleanly [pid 1579691]
[gzserver-2] [INFO] [1773042162.465186712] [gazebo_wind_plugin_node]: WindPlugin: set wind_speed=0.00 wind_direction=0.0
[gzserver-2] [INFO] [1773042162.869716226] [drone.simple_drone]: Quadrotor takes off!!
[gzserver-2] [INFO] [1773042163.074693775] [gazebo_wind_plugin_node]: WindPlugin: set wind_speed=0.00 wind_direction=0.0
[gzserver-2] [INFO] [1773042163.820792697] [gazebo_wind_plugin_node]: WindPlugin: set wind_speed=0.00 wind_direction=0.0
[gzserver-2] [0m[1;36m[Dbg] [wind_plugin.cpp:110] [0m[1;36mWindPlugin: received command -> speed=[0m[1;36m0[0m[1;36m dir=[0m[1;36m0[0m[1;36m
[gzserver-2] [0m[1;36m[Dbg] [wind_plugin.cpp:110] [0m[1;36mWindPlugin: received command -> speed=[0m[1;36m0[0m[1;36m dir=[0m[1;36m0[0m[1;36m
[gzserver-2] [0m[1;36m[Dbg] [wind_plugin.cpp:110] [0m[1;36mWindPlugin: received command -> speed=[0m[1;36m0[0m[1;36m dir=[0m[1;36m0[0m[1;36m
[gzserver-2] [0mEntering flying model!
[gzserver-2] [INFO] [1773042164.537827844] [gazebo_wind_plugin_node]: WindPlugin: set wind_speed=0.00 wind_direction=0.0
[gzserver-2] [INFO] [1773042165.249207390] [gazebo_wind_plugin_node]: WindPlugin: set wind_speed=0.00 wind_direction=0.0
[gzserver-2] [INFO] [1773042165.974729949] [gazebo_wind_plugin_node]: WindPlugin: set wind_speed=0.00 wind_direction=0.0
[gzserver-2] [INFO] [1773042166.693855846] [gazebo_wind_plugin_node]: WindPlugin: set wind_speed=0.00 wind_direction=0.0
[gzserver-2] [INFO] [1773042167.391727256] [gazebo_wind_plugin_node]: WindPlugin: set wind_speed=0.00 wind_direction=0.0
[gzserver-2] [INFO] [1773042168.104404060] [gazebo_wind_plugin_node]: WindPlugin: set wind_speed=0.00 wind_direction=0.0
[gzserver-2] [INFO] [1773042168.826521845] [gazebo_wind_plugin_node]: WindPlugin: set wind_speed=0.00 wind_direction=0.0
[gzserver-2] [INFO] [1773042169.541231581] [gazebo_wind_plugin_node]: WindPlugin: set wind_speed=0.00 wind_direction=0.0
[gzserver-2] [INFO] [1773042170.240821741] [gazebo_wind_plugin_node]: WindPlugin: set wind_speed=0.00 wind_direction=0.0
[gzserver-2] [INFO] [1773042170.957976378] [gazebo_wind_plugin_node]: WindPlugin: set wind_speed=0.00 wind_direction=0.0
[gzserver-2] [INFO] [1773042171.671302287] [gazebo_wind_plugin_node]: WindPlugin: set wind_speed=0.00 wind_direction=0.0
[gzserver-2] [INFO] [1773042172.376239184] [gazebo_wind_plugin_node]: WindPlugin: set wind_speed=0.00 wind_direction=0.0
[gzserver-2] [INFO] [1773042173.097428957] [gazebo_wind_plugin_node]: WindPlugin: set wind_speed=1.84 wind_direction=42.1
[gzserver-2] [INFO] [1773042173.812084444] [gazebo_wind_plugin_node]: WindPlugin: set wind_speed=2.15 wind_direction=41.2
[gzserver-2] [INFO] [1773042174.520446070] [gazebo_wind_plugin_node]: WindPlugin: set wind_speed=2.64 wind_direction=41.7
[gzserver-2] [INFO] [1773042175.225002561] [gazebo_wind_plugin_node]: WindPlugin: set wind_speed=2.50 wind_direction=44.6
[gzserver-2] [INFO] [1773042175.944894519] [gazebo_wind_plugin_node]: WindPlugin: set wind_speed=2.51 wind_direction=43.8
[gzserver-2] [INFO] [1773042176.648343210] [gazebo_wind_plugin_node]: WindPlugin: set wind_speed=2.14 wind_direction=36.4
[gzserver-2] [INFO] [1773042177.360994271] [gazebo_wind_plugin_node]: WindPlugin: set wind_speed=1.54 wind_direction=33.4
[gzserver-2] [INFO] [1773042178.065891204] [gazebo_wind_plugin_node]: WindPlugin: set wind_speed=1.79 wind_direction=28.0
[gzserver-2] [INFO] [1773042178.780194226] [gazebo_wind_plugin_node]: WindPlugin: set wind_speed=1.98 wind_direction=21.6
[gzserver-2] [INFO] [1773042179.493823923] [gazebo_wind_plugin_node]: WindPlugin: set wind_speed=2.30 wind_direction=25.4
[gzserver-2] [INFO] [1773042180.197160582] [gazebo_wind_plugin_node]: WindPlugin: set wind_speed=2.87 wind_direction=26.2
[gzserver-2] [INFO] [1773042180.904501858] [gazebo_wind_plugin_node]: WindPlugin: set wind_speed=2.80 wind_direction=23.7
[gzserver-2] [INFO] [1773042181.608244856] [gazebo_wind_plugin_node]: WindPlugin: set wind_speed=2.27 wind_direction=19.5
[gzserver-2] [INFO] [1773042182.322504244] [gazebo_wind_plugin_node]: WindPlugin: set wind_speed=2.13 wind_direction=28.7
[gzserver-2] [INFO] [1773042183.030993414] [gazebo_wind_plugin_node]: WindPlugin: set wind_speed=1.76 wind_direction=32.7
[gzserver-2] [INFO] [1773042183.746550650] [gazebo_wind_plugin_node]: WindPlugin: set wind_speed=1.68 wind_direction=37.9
[gzserver-2] [1;36m[Dbg] [wind_plugin.cpp:110] [0m[1;36mWindPlugin: received command -> speed=[0m[1;36m0[0m[1;36m dir=[0m[1;36m0[0m[1;36m
[gzserver-2] [0m[1;36m[Dbg] [wind_plugin.cpp:110] [0m[1;36mWindPlugin: received command -> speed=[0m[1;36m0[0m[1;36m dir=[0m[1;36m0[0m[1;36m
[gzserver-2] [0m[1;36m[Dbg] [wind_plugin.cpp:110] [0m[1;36mWindPlugin: received command -> speed=[0m[1;36m0[0m[1;36m dir=[0m[1;36m0[0m[1;36m
[gzserver-2] [0m[1;36m[Dbg] [wind_plugin.cpp:110] [0m[1;36mWindPlugin: received command -> speed=[0m[1;36m0[0m[1;36m dir=[0m[1;36m0[0m[1;36m
[gzserver-2] [0m[1;36m[Dbg] [wind_plugin.cpp:110] [0m[1;36mWindPlugin: received command -> speed=[0m[1;36m0[0m[1;36m dir=[0m[1;36m0[0m[1;36m
[gzserver-2] [0m[1;36m[Dbg] [wind_plugin.cpp:110] [0m[1;36mWindPlugin: received command -> speed=[0m[1;36m0[0m[1;36m dir=[0m[1;36m0[0m[1;36m
[gzserver-2] [0m[1;36m[Dbg] [wind_plugin.cpp:110] [0m[1;36mWindPlugin: received command -> speed=[0m[1;36m0[0m[1;36m dir=[0m[1;36m0[0m[1;36m
[gzserver-2] [0m[1;36m[Dbg] [wind_plugin.cpp:110] [0m[1;36mWindPlugin: received command -> speed=[0m[1;36m0[0m[1;36m dir=[0m[1;36m0[0m[1;36m
[gzserver-2] [0m[1;36m[Dbg] [wind_plugin.cpp:110] [0m[1;36mWindPlugin: received command -> speed=[0m[1;36m0[0m[1;36m dir=[0m[1;36m0[0m[1;36m
[gzserver-2] [0m[1;36m[Dbg] [wind_plugin.cpp:110] [0m[1;36mWindPlugin: received command -> speed=[0m[1;36m0[0m[1;36m dir=[0m[1;36m0[0m[1;36m
[gzserver-2] [0m[1;36m[Dbg] [wind_plugin.cpp:110] [0m[1;36mWindPlugin: received command -> speed=[0m[1;36m0[0m[1;36m dir=[0m[1;36m0[0m[1;36m
[gzserver-2] [0m[1;36m[Dbg] [wind_plugin.cpp:110] [0m[1;36mWindPlugin: received command -> speed=[0m[1;36m0[0m[1;36m dir=[0m[1;36m0[0m[1;36m
[gzserver-2] [0m[1;36m[Dbg] [wind_plugin.cpp:110] [0m[1;36mWindPlugin: received command -> speed=[0m[1;36m1.83555[0m[1;36m dir=[0m[1;36m42.1178[0m[1;36m
[gzserver-2] [0m[1;36m[Dbg] [wind_plugin.cpp:110] [0m[1;36mWindPlugin: received command -> speed=[0m[1;36m2.14908[0m[1;36m dir=[0m[1;36m41.1913[0m[1;36m
[gzserver-2] [0m[1;36m[Dbg] [wind_plugin.cpp:110] [0m[1;36mWindPlugin: received command -> speed=[0m[1;36m2.64161[0m[1;36m dir=[0m[1;36m41.7399[0m[1;36m
[gzserver-2] [0m[1;36m[Dbg] [wind_plugin.cpp:110] [0m[1;36mWindPlugin: received command -> speed=[0m[1;36m2.50171[0m[1;36m dir=[0m[1;36m44.5727[0m[1;36m
[gzserver-2] [0m[1;36m[Dbg] [wind_plugin.cpp:110] [0m[1;36mWindPlugin: received command -> speed=[0m[1;36m2.50928[0m[1;36m dir=[0m[1;36m43.8199[0m[1;36m
[gzserver-2] [0m[1;36m[Dbg] [wind_plugin.cpp:110] [0m[1;36mWindPlugin: received command -> speed=[0m[1;36m2.13883[0m[1;36m dir=[0m[1;36m36.386[0m[1;36m
[gzserver-2] [0m[1;36m[Dbg] [wind_plugin.cpp:110] [0m[1;36mWindPlugin: received command -> speed=[0m[1;36m1.5388[0m[1;36m dir=[0m[1;36m33.4373[0m[1;36m
[gzserver-2] [0m[1;36m[Dbg] [wind_plugin.cpp:110] [0m[1;36mWindPlugin: received command -> speed=[0m[1;36m1.78605[0m[1;36m dir=[0m[1;36m27.9936[0m[1;36m
[gzserver-2] [0m[1;36m[Dbg] [wind_plugin.cpp:110] [0m[1;36mWindPlugin: received command -> speed=[0m[1;36m1.97627[0m[1;36m dir=[0m[1;36m21.5736[0m[1;36m
[gzserver-2] [0m[1;36m[Dbg] [wind_plugin.cpp:110] [0m[1;36mWindPlugin: received command -> speed=[0m[1;36m2.30287[0m[1;36m dir=[0m[1;36m25.3968[0m[1;36m
[gzserver-2] [0m[1;36m[Dbg] [wind_plugin.cpp:110] [0m[1;36mWindPlugin: received command -> speed=[0m[1;36m2.8711[0m[1;36m dir=[0m[1;36m26.2202[0m[1;36m
[gzserver-2] [0m[1;36m[Dbg] [wind_plugin.cpp:110] [0m[1;36mWindPlugin: received command -> speed=[0m[1;36m2.79641[0m[1;36m dir=[0m[1;36m23.7157[0m[1;36m
[gzserver-2] [0m[1;36m[Dbg] [wind_plugin.cpp:110] [0m[1;36mWindPlugin: received command -> speed=[0m[1;36m2.26717[0m[1;36m dir=[0m[1;36m19.465[0m[1;36m
[gzserver-2] [0m[1;36m[Dbg] [wind_plugin.cpp:110] [0m[1;36mWindPlugin: received command -> speed=[0m[1;36m2.12611[0m[1;36m dir=[0m[1;36m28.6834[0m[1;36m
[gzserver-2] [0m[1;36m[Dbg] [wind_plugin.cpp:110] [0m[1;36mWindPlugin: received command -> speed=[0m[1;36m1.76314[0m[1;36m dir=[0m[1;36m32.7105[0m[1;36m
[gzserver-2] [INFO] [1773042184.443403387] [gazebo_wind_plugin_node]: WindPlugin: set wind_speed=2.22 wind_direction=37.9
[gzserver-2] [INFO] [1773042185.151567711] [gazebo_wind_plugin_node]: WindPlugin: set wind_speed=2.42 wind_direction=41.1
[gzserver-2] [INFO] [1773042185.860503205] [gazebo_wind_plugin_node]: WindPlugin: set wind_speed=2.87 wind_direction=45.4
[gzserver-2] [INFO] [1773042186.568846048] [gazebo_wind_plugin_node]: WindPlugin: set wind_speed=2.85 wind_direction=37.5
[gzserver-2] [INFO] [1773042187.282020912] [gazebo_wind_plugin_node]: WindPlugin: set wind_speed=2.39 wind_direction=32.7
[gzserver-2] [INFO] [1773042188.000989309] [gazebo_wind_plugin_node]: WindPlugin: set wind_speed=1.67 wind_direction=35.1
[gzserver-2] [INFO] [1773042188.712668776] [gazebo_wind_plugin_node]: WindPlugin: set wind_speed=1.68 wind_direction=33.2
[gzserver-2] [INFO] [1773042189.410333237] [gazebo_wind_plugin_node]: WindPlugin: set wind_speed=1.76 wind_direction=32.1
[gzserver-2] [INFO] [1773042190.118988541] [gazebo_wind_plugin_node]: WindPlugin: set wind_speed=2.17 wind_direction=28.2
[gzserver-2] [INFO] [1773042190.828486426] [gazebo_wind_plugin_node]: WindPlugin: set wind_speed=2.56 wind_direction=21.3
[gzserver-2] [INFO] [1773042191.521195229] [gazebo_wind_plugin_node]: WindPlugin: set wind_speed=2.60 wind_direction=25.6
