[INFO] [launch]: All log files can be found below /home/j/.ros/log/2026-03-11-01-11-13-174907-j-2688018
[INFO] [launch]: Default logging verbosity is set to INFO
[INFO] [launch.user]: [bringup] Apriltag config: camera=/drone/bottom, image=/drone/bottom/image_raw, tags=/drone/bottom/tags, bridge=/landing_tag_state, standalone=true, use_target_id=true, target_id=0
[INFO] [rviz2-1]: process started with pid [2688021]
[INFO] [gzserver-2]: process started with pid [2688023]
[INFO] [robot_state_publisher-3]: process started with pid [2688025]
[INFO] [joint_state_publisher-4]: process started with pid [2688027]
[INFO] [spawn_drone-5]: process started with pid [2688029]
[INFO] [static_transform_publisher-6]: process started with pid [2688031]
[INFO] [joy_node-7]: process started with pid [2688033]
[INFO] [teleop_joystick-8]: process started with pid [2688035]
[INFO] [apriltag_detector_node-9]: process started with pid [2688037]
[INFO] [apriltag_state_bridge-10]: process started with pid [2688039]
[static_transform_publisher-6] [WARN] [1773159073.652844937] []: Old-style arguments are deprecated; see --help for new-style arguments
[static_transform_publisher-6] [INFO] [1773159073.659872504] [static_transform_publisher_WX6h9cFv18ubdwsY]: Spinning until stopped - publishing transform
[static_transform_publisher-6] translation: ('0.000000', '0.000000', '0.000000')
[static_transform_publisher-6] rotation: ('0.000000', '0.000000', '0.000000', '1.000000')
[static_transform_publisher-6] from 'world' to '/drone/odom'
[robot_state_publisher-3] [INFO] [1773159073.682653600] [drone.robot_state_publisher]: got segment base_footprint
[robot_state_publisher-3] [INFO] [1773159073.682739582] [drone.robot_state_publisher]: got segment base_link
[robot_state_publisher-3] [INFO] [1773159073.682751389] [drone.robot_state_publisher]: got segment bottom_cam_link
[robot_state_publisher-3] [INFO] [1773159073.682759229] [drone.robot_state_publisher]: got segment front_cam_link
[robot_state_publisher-3] [INFO] [1773159073.682767567] [drone.robot_state_publisher]: got segment sonar_link
[rviz2-1] 
[rviz2-1] (rviz2:2688021): dbind-WARNING **: 01:11:13.687: Couldn't connect to accessibility bus: Failed to connect to socket /root/.cache/at-spi/bus_0: 허가 거부
[apriltag_detector_node-9] [INFO] [1773159073.688695874] [apriltag_detector_node]: tag detector type: umich
[teleop_joystick-8] Traceback (most recent call last):
[teleop_joystick-8]   File "/home/j/INCSL/IICC26_ws/install/sjtu_drone_control/lib/sjtu_drone_control/teleop_joystick", line 33, in <module>
[teleop_joystick-8]     sys.exit(load_entry_point('sjtu_drone_control==0.0.0', 'console_scripts', 'teleop_joystick')())
[teleop_joystick-8]   File "/home/j/INCSL/IICC26_ws/install/sjtu_drone_control/lib/sjtu_drone_control/teleop_joystick", line 22, in importlib_load_entry_point
[teleop_joystick-8]     for entry_point in distribution(dist_name).entry_points
[teleop_joystick-8]   File "/usr/lib/python3.10/importlib/metadata/__init__.py", line 969, in distribution
[teleop_joystick-8]     return Distribution.from_name(distribution_name)
[teleop_joystick-8]   File "/usr/lib/python3.10/importlib/metadata/__init__.py", line 548, in from_name
[teleop_joystick-8]     raise PackageNotFoundError(name)
[teleop_joystick-8] importlib.metadata.PackageNotFoundError: No package metadata was found for sjtu_drone_control
[ERROR] [teleop_joystick-8]: process has died [pid 2688035, exit code 1, cmd '/home/j/INCSL/IICC26_ws/install/sjtu_drone_control/lib/sjtu_drone_control/teleop_joystick --ros-args -r __ns:=/drone'].
[gzserver-2] Gazebo multi-robot simulator, version 11.10.2
[gzserver-2] Copyright (C) 2012 Open Source Robotics Foundation.
[gzserver-2] Released under the Apache 2 License.
[gzserver-2] http://gazebosim.org
[gzserver-2] 
[apriltag_state_bridge-10] [INFO] [1773159073.914419348] [apriltag_state_bridge]: AprilTag bridge started: /drone/bottom/tags -> /landing_tag_state, use_target_id=True, target_id=0
[joint_state_publisher-4] [INFO] [1773159073.937118002] [drone.joint_state_publisher]: Waiting for robot_description to be published on the robot_description topic...
[gzserver-2] [1;33m[Wrn] [gazebo_ros_init.cpp:178] [0m[1;33m
[gzserver-2] #     # ####### ####### ###  #####  #######
[gzserver-2] ##    # #     #    #     #  #     # #
[gzserver-2] # #   # #     #    #     #  #       #
[gzserver-2] #  #  # #     #    #     #  #       #####
[gzserver-2] #   # # #     #    #     #  #       #
[gzserver-2] #    ## #     #    #     #  #     # #
[gzserver-2] #     # #######    #    ###  #####  #######
[gzserver-2] 
[gzserver-2] This version of Gazebo, now called Gazebo classic, reaches end-of-life
[gzserver-2] in January 2025. Users are highly encouraged to migrate to the new Gazebo
[gzserver-2] using our migration guides (https://gazebosim.org/docs/latest/gazebo_classic_migration?utm_source=gazebo_ros_pkgs&utm_medium=cli)
[gzserver-2] 
[gzserver-2] [0m[1;33m
[rviz2-1] [INFO] [1773159074.183335275] [rviz2]: Stereo is NOT SUPPORTED
[rviz2-1] [INFO] [1773159074.183436247] [rviz2]: OpenGl version: 4.6 (GLSL 4.6)
[rviz2-1] [INFO] [1773159074.329264790] [rviz2]: Stereo is NOT SUPPORTED
[rviz2-1] [INFO] [1773159074.475638740] [rviz2]: Stereo is NOT SUPPORTED
[gzserver-2] [1;32m[Msg] [0m[1;32mWaiting for master.[0m[1;32m
[gzserver-2] [0m[1;32m[0m[1;32m[0m[1;32m[Msg] [0m[1;32mConnected to gazebo master @ [0m[1;32mhttp://127.0.0.1:11345[0m[1;32m
[gzserver-2] [0m[1;32m[0m[1;32m[0m[1;32m[Msg] [0m[1;32mPublicized address: [0m[1;32m192.168.0.11[0m[1;32m
[gzserver-2] [0m[1;32m[0m[1;32m[0m[1;32m[Msg] [0m[1;32mLoading world file [[0m[1;32m/home/j/INCSL/IICC26_ws/install/sjtu_drone_description/share/sjtu_drone_description/worlds/landingPad.world[0m[1;32m][0m[1;32m
[gzserver-2] [0m[1;32m[0m[1;32m[0m[1;36m[Dbg] [wind_plugin.cpp:96] [0m[1;36mWindPlugin loaded: speed=[0m[1;36m0[0m[1;36m dir=[0m[1;36m0[0m[1;36m deg area=[0m[1;36m0.1[0m[1;36m coeff=[0m[1;36m1[0m[1;36m
[gzserver-2] [0m[1;33m[0m[1;33m[0m[1;31m[Err] [Sensor.cc:510] [0m[1;31mGet noise index not valid[0m[1;31m
[gzserver-2] [0m[1;31m[0m[1;31m[0m[1;31m[Err] [Sensor.cc:510] [0m[1;31mGet noise index not valid[0m[1;31m
[gzserver-2] [0m[1;31m[0m[1;31m[0m[1;31m[Err] [Sensor.cc:510] [0m[1;31mGet noise index not valid[0m[1;31m
[gzserver-2] [0m[1;31m[0m[1;31m[0m[1;31m[Err] [Sensor.cc:510] [0m[1;31mGet noise index not valid[0m[1;31m
[gzserver-2] [0m[1;31m[0m[1;31m[0m[1;31m[Err] [Sensor.cc:510] [0m[1;31mGet noise index not valid[0m[1;31m
[gzserver-2] [0m[1;31m[0m[1;31m[0m[1;31m[Err] [Sensor.cc:510] [0m[1;31mGet noise index not valid[0m[1;31m
[gzserver-2] [0m[1;31m[0m[1;31m[0mTopic [default//drone/base_footprint/down_camera/image] is not valid.
[gzserver-2] Topic [default//drone/base_footprint/front_camera/image] is not valid.
[gzserver-2] [INFO] [1773159075.067863024] [drone.collision_plugin]: Publishing contact states to [/drone/bumper_states]
[gzserver-2] [1;33m[Wrn] [Event.cc:61] [0m[1;33mWarning: Deleting a connection right after creation. [0m[1;33mMake sure to save the ConnectionPtr from a Connect call
[gzserver-2] [0m[INFO] [1773159075.625504778] [drone.camera_bottom]: Publishing camera info to [/drone/bottom/camera_info]
[gzserver-2] [INFO] [1773159075.630207637] [drone.camera_front]: Publishing camera info to [/drone/front/camera_info]
[spawn_drone-5] [INFO] [1773159075.638963229] [spawn_drone]: Result True SpawnEntity: Successfully spawned entity [/drone]
[gzserver-2] [INFO] [1773159075.751518646] [drone.simple_drone]: The drone plugin is loading!
[gzserver-2] [INFO] [1773159075.751717451] [drone.simple_drone]: pub_odom: 1
[gzserver-2] [INFO] [1773159075.751754613] [drone.simple_drone]: Using following parameters: 
[gzserver-2] 		link_name: base_footprint,
[gzserver-2] 		max_force: 30,
[gzserver-2] 		motion_small_noise: 0,
[gzserver-2] 		motion_drift_noise: 0,
[gzserver-2] 		motion_drift_noise_time: 50,
[gzserver-2] 		takeoff_hover_height: 1.53,
[gzserver-2] 		takeoff_vertical_speed: 0.2
[gzserver-2] [INFO] [1773159075.763547947] [drone.simple_drone]: Using the PID parameters: 
[gzserver-2] 	Roll Pitch:
[gzserver-2] 		kP: 10, kI: 0,kD: 5, Limit: 0.5, Time Constant: 0
[gzserver-2] 	Yaw:
[gzserver-2] 		kP: 2, kI: 0,kD: 1, Limit: 1.5, Time Constant: 0
[gzserver-2] 	Velocity X:
[gzserver-2] 		kP: 5, kI: 0,kD: 2.3, Limit: 2, Time Constant: 0
[gzserver-2] 	Velocity Y:
[gzserver-2] 		kP: 5, kI: 0,kD: 2.3, Limit: 2, Time Constant: 0
[gzserver-2] 	Velocity Z:
[gzserver-2] 		kP: 5, kI: 0,kD: 1, Limit: -1, Time Constant: 0
[gzserver-2] 	Position XY:
[gzserver-2] 		kP: 1.1, kI: 0,kD: 0, Limit: 5, Time Constant: 0
[gzserver-2] 	Position Z:
[gzserver-2] 		kP: 1, kI: 0,kD: 0.2, Limit: -1, Time Constant: 0
[gzserver-2] [INFO] [1773159075.763676065] [drone.simple_drone]: The drone plugin finished loading!
[INFO] [spawn_drone-5]: process has finished cleanly [pid 2688029]
[gzserver-2] [INFO] [1773159083.015717733] [gazebo_wind_plugin_node]: WindPlugin: set wind_speed=0.00 wind_direction=0.0
[gzserver-2] [INFO] [1773159083.287369063] [gazebo_wind_plugin_node]: WindPlugin: set wind_speed=0.00 wind_direction=0.0
[gzserver-2] [INFO] [1773159083.326732065] [drone.simple_drone]: Quadrotor takes off!!
[gzserver-2] [INFO] [1773159083.529586957] [gazebo_wind_plugin_node]: WindPlugin: set wind_speed=0.00 wind_direction=0.0
[gzserver-2] [INFO] [1773159083.769145840] [gazebo_wind_plugin_node]: WindPlugin: set wind_speed=0.00 wind_direction=0.0
[gzserver-2] [INFO] [1773159084.003086638] [gazebo_wind_plugin_node]: WindPlugin: set wind_speed=0.00 wind_direction=0.0
[gzserver-2] [INFO] [1773159084.244452568] [gazebo_wind_plugin_node]: WindPlugin: set wind_speed=0.00 wind_direction=0.0
[gzserver-2] [INFO] [1773159084.485856333] [gazebo_wind_plugin_node]: WindPlugin: set wind_speed=0.00 wind_direction=0.0
[gzserver-2] [0m[1;36m[Dbg] [wind_plugin.cpp:110] [0m[1;36mWindPlugin: received command -> speed=[0m[1;36m0[0m[1;36m dir=[0m[1;36m0[0m[1;36m
[gzserver-2] [0m[1;36m[Dbg] [wind_plugin.cpp:110] [0m[1;36mWindPlugin: received command -> speed=[0m[1;36m0[0m[1;36m dir=[0m[1;36m0[0m[1;36m
[gzserver-2] [0m[1;36m[Dbg] [wind_plugin.cpp:110] [0m[1;36mWindPlugin: received command -> speed=[0m[1;36m0[0m[1;36m dir=[0m[1;36m0[0m[1;36m
[gzserver-2] [0m[1;36m[Dbg] [wind_plugin.cpp:110] [0m[1;36mWindPlugin: received command -> speed=[0m[1;36m0[0m[1;36m dir=[0m[1;36m0[0m[1;36m
[gzserver-2] [0m[1;36m[Dbg] [wind_plugin.cpp:110] [0m[1;36mWindPlugin: received command -> speed=[0m[1;36m0[0m[1;36m dir=[0m[1;36m0[0m[1;36m
[gzserver-2] [0m[1;36m[Dbg] [wind_plugin.cpp:110] [0m[1;36mWindPlugin: received command -> speed=[0m[1;36m0[0m[1;36m dir=[0m[1;36m0[0m[1;36m
[gzserver-2] [0m[1;36m[Dbg] [wind_plugin.cpp:110] [0m[1;36mWindPlugin: received command -> speed=[0m[1;36m0[0m[1;36m dir=[0m[1;36m0[0m[1;36m
[gzserver-2] [0mEntering flying model!
[gzserver-2] [INFO] [1773159084.725179721] [gazebo_wind_plugin_node]: WindPlugin: set wind_speed=0.00 wind_direction=0.0
[gzserver-2] [INFO] [1773159084.965020750] [gazebo_wind_plugin_node]: WindPlugin: set wind_speed=3.56 wind_direction=-76.2
[gzserver-2] [INFO] [1773159085.200103436] [gazebo_wind_plugin_node]: WindPlugin: set wind_speed=3.56 wind_direction=-76.2
[gzserver-2] [INFO] [1773159085.441888315] [gazebo_wind_plugin_node]: WindPlugin: set wind_speed=3.56 wind_direction=-76.2
[gzserver-2] [INFO] [1773159085.678137068] [gazebo_wind_plugin_node]: WindPlugin: set wind_speed=3.44 wind_direction=-77.2
[gzserver-2] [INFO] [1773159085.913039466] [gazebo_wind_plugin_node]: WindPlugin: set wind_speed=3.44 wind_direction=-77.2
[gzserver-2] [INFO] [1773159086.141788506] [gazebo_wind_plugin_node]: WindPlugin: set wind_speed=3.44 wind_direction=-77.2
[gzserver-2] [INFO] [1773159086.381267431] [gazebo_wind_plugin_node]: WindPlugin: set wind_speed=3.44 wind_direction=-77.2
[gzserver-2] [INFO] [1773159086.620059245] [gazebo_wind_plugin_node]: WindPlugin: set wind_speed=3.38 wind_direction=-71.4
[gzserver-2] [INFO] [1773159086.859640202] [gazebo_wind_plugin_node]: WindPlugin: set wind_speed=3.38 wind_direction=-71.4
[gzserver-2] [INFO] [1773159087.093928508] [gazebo_wind_plugin_node]: WindPlugin: set wind_speed=3.38 wind_direction=-71.4
[gzserver-2] [INFO] [1773159087.334693299] [gazebo_wind_plugin_node]: WindPlugin: set wind_speed=3.38 wind_direction=-71.4
[gzserver-2] [INFO] [1773159087.568871179] [gazebo_wind_plugin_node]: WindPlugin: set wind_speed=3.49 wind_direction=-75.0
[gzserver-2] [INFO] [1773159087.808333270] [gazebo_wind_plugin_node]: WindPlugin: set wind_speed=3.49 wind_direction=-75.0
[gzserver-2] [INFO] [1773159088.047590640] [gazebo_wind_plugin_node]: WindPlugin: set wind_speed=3.49 wind_direction=-75.0
[gzserver-2] [INFO] [1773159088.287320687] [gazebo_wind_plugin_node]: WindPlugin: set wind_speed=3.49 wind_direction=-75.0
[gzserver-2] [INFO] [1773159088.526868487] [gazebo_wind_plugin_node]: WindPlugin: set wind_speed=3.46 wind_direction=-73.7
[gzserver-2] [INFO] [1773159088.766279892] [gazebo_wind_plugin_node]: WindPlugin: set wind_speed=3.46 wind_direction=-73.7
[gzserver-2] [INFO] [1773159089.005941673] [gazebo_wind_plugin_node]: WindPlugin: set wind_speed=3.46 wind_direction=-73.7
[gzserver-2] [INFO] [1773159089.245902891] [gazebo_wind_plugin_node]: WindPlugin: set wind_speed=3.46 wind_direction=-73.7
[gzserver-2] [INFO] [1773159089.483399182] [gazebo_wind_plugin_node]: WindPlugin: set wind_speed=3.46 wind_direction=-73.7
[gzserver-2] [INFO] [1773159089.725092610] [gazebo_wind_plugin_node]: WindPlugin: set wind_speed=3.49 wind_direction=-73.4
[gzserver-2] [INFO] [1773159089.964729798] [gazebo_wind_plugin_node]: WindPlugin: set wind_speed=3.49 wind_direction=-73.4
[gzserver-2] [INFO] [1773159090.204233887] [gazebo_wind_plugin_node]: WindPlugin: set wind_speed=3.49 wind_direction=-73.4
[gzserver-2] [INFO] [1773159090.439659471] [gazebo_wind_plugin_node]: WindPlugin: set wind_speed=3.49 wind_direction=-73.4
[gzserver-2] [INFO] [1773159090.679614507] [gazebo_wind_plugin_node]: WindPlugin: set wind_speed=3.37 wind_direction=-74.6
[gzserver-2] [INFO] [1773159090.914328011] [gazebo_wind_plugin_node]: WindPlugin: set wind_speed=3.37 wind_direction=-74.6
[gzserver-2] [1;36m[Dbg] [wind_plugin.cpp:110] [0m[1;36mWindPlugin: received command -> speed=[0m[1;36m0[0m[1;36m dir=[0m[1;36m0[0m[1;36m
[gzserver-2] [0m[1;36m[Dbg] [wind_plugin.cpp:110] [0m[1;36mWindPlugin: received command -> speed=[0m[1;36m3.55677[0m[1;36m dir=[0m[1;36m-76.1792[0m[1;36m
[gzserver-2] [0m[1;36m[Dbg] [wind_plugin.cpp:110] [0m[1;36mWindPlugin: received command -> speed=[0m[1;36m3.55677[0m[1;36m dir=[0m[1;36m-76.1792[0m[1;36m
[gzserver-2] [0m[1;36m[Dbg] [wind_plugin.cpp:110] [0m[1;36mWindPlugin: received command -> speed=[0m[1;36m3.55677[0m[1;36m dir=[0m[1;36m-76.1792[0m[1;36m
[gzserver-2] [0m[1;36m[Dbg] [wind_plugin.cpp:110] [0m[1;36mWindPlugin: received command -> speed=[0m[1;36m3.44431[0m[1;36m dir=[0m[1;36m-77.2161[0m[1;36m
[gzserver-2] [0m[1;36m[Dbg] [wind_plugin.cpp:110] [0m[1;36mWindPlugin: received command -> speed=[0m[1;36m3.44431[0m[1;36m dir=[0m[1;36m-77.2161[0m[1;36m
[gzserver-2] [0m[1;36m[Dbg] [wind_plugin.cpp:110] [0m[1;36mWindPlugin: received command -> speed=[0m[1;36m3.44431[0m[1;36m dir=[0m[1;36m-77.2161[0m[1;36m
[gzserver-2] [0m[1;36m[Dbg] [wind_plugin.cpp:110] [0m[1;36mWindPlugin: received command -> speed=[0m[1;36m3.44431[0m[1;36m dir=[0m[1;36m-77.2161[0m[1;36m
[gzserver-2] [0m[1;36m[Dbg] [wind_plugin.cpp:110] [0m[1;36mWindPlugin: received command -> speed=[0m[1;36m3.38136[0m[1;36m dir=[0m[1;36m-71.3975[0m[1;36m
[gzserver-2] [0m[1;36m[Dbg] [wind_plugin.cpp:110] [0m[1;36mWindPlugin: received command -> speed=[0m[1;36m3.38136[0m[1;36m dir=[0m[1;36m-71.3975[0m[1;36m
[gzserver-2] [0m[1;36m[Dbg] [wind_plugin.cpp:110] [0m[1;36mWindPlugin: received command -> speed=[0m[1;36m3.38136[0m[1;36m dir=[0m[1;36m-71.3975[0m[1;36m
[gzserver-2] [0m[1;36m[Dbg] [wind_plugin.cpp:110] [0m[1;36mWindPlugin: received command -> speed=[0m[1;36m3.38136[0m[1;36m dir=[0m[1;36m-71.3975[0m[1;36m
[gzserver-2] [0m[1;36m[Dbg] [wind_plugin.cpp:110] [0m[1;36mWindPlugin: received command -> speed=[0m[1;36m3.49273[0m[1;36m dir=[0m[1;36m-75.0083[0m[1;36m
[gzserver-2] [0m[1;36m[Dbg] [wind_plugin.cpp:110] [0m[1;36mWindPlugin: received command -> speed=[0m[1;36m3.49273[0m[1;36m dir=[0m[1;36m-75.0083[0m[1;36m
[gzserver-2] [0m[1;36m[Dbg] [wind_plugin.cpp:110] [0m[1;36mWindPlugin: received command -> speed=[0m[1;36m3.49273[0m[1;36m dir=[0m[1;36m-75.0083[0m[1;36m
[gzserver-2] [0m[1;36m[Dbg] [wind_plugin.cpp:110] [0m[1;36mWindPlugin: received command -> speed=[0m[1;36m3.49273[0m[1;36m dir=[0m[1;36m-75.0083[0m[1;36m
[gzserver-2] [0m[1;36m[Dbg] [wind_plugin.cpp:110] [0m[1;36mWindPlugin: received command -> speed=[0m[1;36m3.45609[0m[1;36m dir=[0m[1;36m-73.6556[0m[1;36m
[gzserver-2] [0m[1;36m[Dbg] [wind_plugin.cpp:110] [0m[1;36mWindPlugin: received command -> speed=[0m[1;36m3.45609[0m[1;36m dir=[0m[1;36m-73.6556[0m[1;36m
[gzserver-2] [0m[1;36m[Dbg] [wind_plugin.cpp:110] [0m[1;36mWindPlugin: received command -> speed=[0m[1;36m3.45609[0m[1;36m dir=[0m[1;36m-73.6556[0m[1;36m
[gzserver-2] [0m[1;36m[Dbg] [wind_plugin.cpp:110] [0m[1;36mWindPlugin: received command -> speed=[0m[1;36m3.45609[0m[1;36m dir=[0m[1;36m-73.6556[0m[1;36m
[gzserver-2] [0m[1;36m[Dbg] [wind_plugin.cpp:110] [0m[1;36mWindPlugin: received command -> speed=[0m[1;36m3.45609[0m[1;36m dir=[0m[1;36m-73.6556[0m[1;36m
[gzserver-2] [0m[1;36m[Dbg] [wind_plugin.cpp:110] [0m[1;36mWindPlugin: received command -> speed=[0m[1;36m3.4884[0m[1;36m dir=[0m[1;36m-73.397[0m[1;36m
[gzserver-2] [0m[1;36m[Dbg] [wind_plugin.cpp:110] [0m[1;36mWindPlugin: received command -> speed=[0m[1;36m3.4884[0m[1;36m dir=[0m[1;36m-73.397[0m[1;36m
[gzserver-2] [0m[1;36m[Dbg] [wind_plugin.cpp:110] [0m[1;36mWindPlugin: received command -> speed=[0m[1;36m3.4884[0m[1;36m dir=[0m[1;36m-73.397[0m[1;36m
[gzserver-2] [0m[1;36m[Dbg] [wind_plugin.cpp:110] [0m[1;36mWindPlugin: received command -> speed=[0m[1;36m3.4884[0m[1;36m dir=[0m[1;36m-73.397[0m[1;36m
[gzserver-2] [0m[1;36m[Dbg] [wind_plugin.cpp:110] [0m[1;36mWindPlugin: received command -> speed=[0m[1;36m3.36605[0m[1;36m dir=[0m[1;36m-74.5708[0m[1;36m
[gzserver-2] [INFO] [1773159091.142591023] [gazebo_wind_plugin_node]: WindPlugin: set wind_speed=3.37 wind_direction=-74.6
[gzserver-2] [INFO] [1773159091.377003792] [gazebo_wind_plugin_node]: WindPlugin: set wind_speed=3.37 wind_direction=-74.6
[gzserver-2] [INFO] [1773159091.617774850] [gazebo_wind_plugin_node]: WindPlugin: set wind_speed=3.31 wind_direction=-74.9
[gzserver-2] [INFO] [1773159091.857062929] [gazebo_wind_plugin_node]: WindPlugin: set wind_speed=3.31 wind_direction=-74.9
[gzserver-2] [INFO] [1773159092.096478478] [gazebo_wind_plugin_node]: WindPlugin: set wind_speed=3.31 wind_direction=-74.9
[gzserver-2] [INFO] [1773159092.332650708] [gazebo_wind_plugin_node]: WindPlugin: set wind_speed=3.31 wind_direction=-74.9
[gzserver-2] [INFO] [1773159092.567292687] [gazebo_wind_plugin_node]: WindPlugin: set wind_speed=3.40 wind_direction=-75.2
[gzserver-2] [INFO] [1773159092.807590188] [gazebo_wind_plugin_node]: WindPlugin: set wind_speed=3.40 wind_direction=-75.2
[gzserver-2] [INFO] [1773159093.047123145] [gazebo_wind_plugin_node]: WindPlugin: set wind_speed=3.40 wind_direction=-75.2
[gzserver-2] [INFO] [1773159093.286726412] [gazebo_wind_plugin_node]: WindPlugin: set wind_speed=3.40 wind_direction=-75.2
[gzserver-2] [INFO] [1773159093.526370469] [gazebo_wind_plugin_node]: WindPlugin: set wind_speed=3.32 wind_direction=-73.7
[gzserver-2] [INFO] [1773159093.749551564] [gazebo_wind_plugin_node]: WindPlugin: set wind_speed=3.32 wind_direction=-73.7
[gzserver-2] [INFO] [1773159093.989001226] [gazebo_wind_plugin_node]: WindPlugin: set wind_speed=3.32 wind_direction=-73.7
[gzserver-2] [INFO] [1773159094.223374970] [gazebo_wind_plugin_node]: WindPlugin: set wind_speed=3.32 wind_direction=-73.7
[gzserver-2] [INFO] [1773159094.462639180] [gazebo_wind_plugin_node]: WindPlugin: set wind_speed=3.32 wind_direction=-73.7
[gzserver-2] [INFO] [1773159094.703099098] [gazebo_wind_plugin_node]: WindPlugin: set wind_speed=3.33 wind_direction=-73.7
[gzserver-2] [INFO] [1773159094.942466309] [gazebo_wind_plugin_node]: WindPlugin: set wind_speed=3.33 wind_direction=-73.7
[gzserver-2] [INFO] [1773159095.181854985] [gazebo_wind_plugin_node]: WindPlugin: set wind_speed=3.33 wind_direction=-73.7
[gzserver-2] [INFO] [1773159095.423030031] [gazebo_wind_plugin_node]: WindPlugin: set wind_speed=3.33 wind_direction=-73.7
[gzserver-2] [INFO] [1773159095.657324798] [gazebo_wind_plugin_node]: WindPlugin: set wind_speed=3.33 wind_direction=-74.1
[gzserver-2] [INFO] [1773159095.891594047] [gazebo_wind_plugin_node]: WindPlugin: set wind_speed=3.33 wind_direction=-74.1
[gzserver-2] [INFO] [1773159096.130834255] [gazebo_wind_plugin_node]: WindPlugin: set wind_speed=3.33 wind_direction=-74.1
[gzserver-2] [INFO] [1773159096.365001124] [gazebo_wind_plugin_node]: WindPlugin: set wind_speed=3.33 wind_direction=-74.1
[gzserver-2] [INFO] [1773159096.604874962] [gazebo_wind_plugin_node]: WindPlugin: set wind_speed=3.45 wind_direction=-75.4
[gzserver-2] [INFO] [1773159096.845086755] [gazebo_wind_plugin_node]: WindPlugin: set wind_speed=3.45 wind_direction=-75.4
[gzserver-2] [INFO] [1773159097.084940208] [gazebo_wind_plugin_node]: WindPlugin: set wind_speed=3.45 wind_direction=-75.4
[gzserver-2] [INFO] [1773159097.324160739] [gazebo_wind_plugin_node]: WindPlugin: set wind_speed=3.45 wind_direction=-75.4
[gzserver-2] [0m[1;36m[Dbg] [wind_plugin.cpp:110] [0m[1;36mWindPlugin: received command -> speed=[0m[1;36m3.36605[0m[1;36m dir=[0m[1;36m-74.5708[0m[1;36m
[gzserver-2] [0m[1;36m[Dbg] [wind_plugin.cpp:110] [0m[1;36mWindPlugin: received command -> speed=[0m[1;36m3.36605[0m[1;36m dir=[0m[1;36m-74.5708[0m[1;36m
[gzserver-2] [0m[1;36m[Dbg] [wind_plugin.cpp:110] [0m[1;36mWindPlugin: received command -> speed=[0m[1;36m3.36605[0m[1;36m dir=[0m[1;36m-74.5708[0m[1;36m
[gzserver-2] [0m[1;36m[Dbg] [wind_plugin.cpp:110] [0m[1;36mWindPlugin: received command -> speed=[0m[1;36m3.31492[0m[1;36m dir=[0m[1;36m-74.9124[0m[1;36m
[gzserver-2] [0m[1;36m[Dbg] [wind_plugin.cpp:110] [0m[1;36mWindPlugin: received command -> speed=[0m[1;36m3.31492[0m[1;36m dir=[0m[1;36m-74.9124[0m[1;36m
[gzserver-2] [0m[1;36m[Dbg] [wind_plugin.cpp:110] [0m[1;36mWindPlugin: received command -> speed=[0m[1;36m3.31492[0m[1;36m dir=[0m[1;36m-74.9124[0m[1;36m
[gzserver-2] [0m[1;36m[Dbg] [wind_plugin.cpp:110] [0m[1;36mWindPlugin: received command -> speed=[0m[1;36m3.31492[0m[1;36m dir=[0m[1;36m-74.9124[0m[1;36m
[gzserver-2] [0m[1;36m[Dbg] [wind_plugin.cpp:110] [0m[1;36mWindPlugin: received command -> speed=[0m[1;36m3.40457[0m[1;36m dir=[0m[1;36m-75.1999[0m[1;36m
[gzserver-2] [0m[1;36m[Dbg] [wind_plugin.cpp:110] [0m[1;36mWindPlugin: received command -> speed=[0m[1;36m3.40457[0m[1;36m dir=[0m[1;36m-75.1999[0m[1;36m
[gzserver-2] [0m[1;36m[Dbg] [wind_plugin.cpp:110] [0m[1;36mWindPlugin: received command -> speed=[0m[1;36m3.40457[0m[1;36m dir=[0m[1;36m-75.1999[0m[1;36m
[gzserver-2] [0m[1;36m[Dbg] [wind_plugin.cpp:110] [0m[1;36mWindPlugin: received command -> speed=[0m[1;36m3.40457[0m[1;36m dir=[0m[1;36m-75.1999[0m[1;36m
[gzserver-2] [0m[1;36m[Dbg] [wind_plugin.cpp:110] [0m[1;36mWindPlugin: received command -> speed=[0m[1;36m3.31836[0m[1;36m dir=[0m[1;36m-73.6894[0m[1;36m
[gzserver-2] [0m[1;36m[Dbg] [wind_plugin.cpp:110] [0m[1;36mWindPlugin: received command -> speed=[0m[1;36m3.31836[0m[1;36m dir=[0m[1;36m-73.6894[0m[1;36m
[gzserver-2] [0m[1;36m[Dbg] [wind_plugin.cpp:110] [0m[1;36mWindPlugin: received command -> speed=[0m[1;36m3.31836[0m[1;36m dir=[0m[1;36m-73.6894[0m[1;36m
[gzserver-2] [0m[1;36m[Dbg] [wind_plugin.cpp:110] [0m[1;36mWindPlugin: received command -> speed=[0m[1;36m3.31836[0m[1;36m dir=[0m[1;36m-73.6894[0m[1;36m
[gzserver-2] [0m[1;36m[Dbg] [wind_plugin.cpp:110] [0m[1;36mWindPlugin: received command -> speed=[0m[1;36m3.31836[0m[1;36m dir=[0m[1;36m-73.6894[0m[1;36m
[gzserver-2] [0m[1;36m[Dbg] [wind_plugin.cpp:110] [0m[1;36mWindPlugin: received command -> speed=[0m[1;36m3.32727[0m[1;36m dir=[0m[1;36m-73.6707[0m[1;36m
[gzserver-2] [0m[1;36m[Dbg] [wind_plugin.cpp:110] [0m[1;36mWindPlugin: received command -> speed=[0m[1;36m3.32727[0m[1;36m dir=[0m[1;36m-73.6707[0m[1;36m
[gzserver-2] [0m[1;36m[Dbg] [wind_plugin.cpp:110] [0m[1;36mWindPlugin: received command -> speed=[0m[1;36m3.32727[0m[1;36m dir=[0m[1;36m-73.6707[0m[1;36m
[gzserver-2] [0m[1;36m[Dbg] [wind_plugin.cpp:110] [0m[1;36mWindPlugin: received command -> speed=[0m[1;36m3.32727[0m[1;36m dir=[0m[1;36m-73.6707[0m[1;36m
[gzserver-2] [0m[1;36m[Dbg] [wind_plugin.cpp:110] [0m[1;36mWindPlugin: received command -> speed=[0m[1;36m3.326[0m[1;36m dir=[0m[1;36m-74.0749[0m[1;36m
[gzserver-2] [0m[1;36m[Dbg] [wind_plugin.cpp:110] [0m[1;36mWindPlugin: received command -> speed=[0m[1;36m3.326[0m[1;36m dir=[0m[1;36m-74.0749[0m[1;36m
[gzserver-2] [0m[1;36m[Dbg] [wind_plugin.cpp:110] [0m[1;36mWindPlugin: received command -> speed=[0m[1;36m3.326[0m[1;36m dir=[0m[1;36m-74.0749[0m[1;36m
[gzserver-2] [0m[1;36m[Dbg] [wind_plugin.cpp:110] [0m[1;36mWindPlugin: received command -> speed=[0m[1;36m3.326[0m[1;36m dir=[0m[1;36m-74.0749[0m[1;36m
[gzserver-2] [0m[1;36m[Dbg] [wind_plugin.cpp:110] [0m[1;36mWindPlugin: received command -> speed=[0m[1;36m3.44792[0m[1;36m dir=[0m[1;36m-75.4316[0m[1;36m
[gzserver-2] [0m[1;36m[Dbg] [wind_plugin.cpp:110] [0m[1;36mWindPlugin: received command -> speed=[0m[1;36m3.44792[0m[1;36m dir=[0m[1;36m-75.4316[0m[1;36m
[gzserver-2] [0m[1;36m[Dbg] [wind_plugin.cpp:110] [0m[1;36mWindPlugin: received command -> speed=[0m[1;36m3.44792[0m[1;36m dir=[0m[1;36m-75.4316[0m[1;36m
[gzserver-2] [INFO] [1773159097.558200885] [gazebo_wind_plugin_node]: WindPlugin: set wind_speed=3.35 wind_direction=-72.9
[gzserver-2] [INFO] [1773159097.798263639] [gazebo_wind_plugin_node]: WindPlugin: set wind_speed=3.35 wind_direction=-72.9
[gzserver-2] [INFO] [1773159098.032068485] [gazebo_wind_plugin_node]: WindPlugin: set wind_speed=3.35 wind_direction=-72.9
[gzserver-2] [INFO] [1773159098.271506469] [gazebo_wind_plugin_node]: WindPlugin: set wind_speed=3.35 wind_direction=-72.9
[gzserver-2] [INFO] [1773159098.511251879] [gazebo_wind_plugin_node]: WindPlugin: set wind_speed=3.35 wind_direction=-72.9
[gzserver-2] [INFO] [1773159098.751837251] [gazebo_wind_plugin_node]: WindPlugin: set wind_speed=3.33 wind_direction=-72.6
[gzserver-2] [INFO] [1773159098.991376569] [gazebo_wind_plugin_node]: WindPlugin: set wind_speed=3.33 wind_direction=-72.6
[gzserver-2] [INFO] [1773159099.232411423] [gazebo_wind_plugin_node]: WindPlugin: set wind_speed=3.33 wind_direction=-72.6
[gzserver-2] [INFO] [1773159099.468740842] [gazebo_wind_plugin_node]: WindPlugin: set wind_speed=3.33 wind_direction=-72.6
[gzserver-2] [INFO] [1773159099.708573729] [gazebo_wind_plugin_node]: WindPlugin: set wind_speed=3.45 wind_direction=-73.1
[gzserver-2] [INFO] [1773159099.947990763] [gazebo_wind_plugin_node]: WindPlugin: set wind_speed=3.45 wind_direction=-73.1
[gzserver-2] [INFO] [1773159100.187002599] [gazebo_wind_plugin_node]: WindPlugin: set wind_speed=3.45 wind_direction=-73.1
[gzserver-2] [INFO] [1773159100.426704534] [gazebo_wind_plugin_node]: WindPlugin: set wind_speed=3.45 wind_direction=-73.1
[gzserver-2] [INFO] [1773159100.666274793] [gazebo_wind_plugin_node]: WindPlugin: set wind_speed=3.43 wind_direction=-74.4
[gzserver-2] [INFO] [1773159100.906380534] [gazebo_wind_plugin_node]: WindPlugin: set wind_speed=3.43 wind_direction=-74.4
[gzserver-2] [INFO] [1773159101.146141194] [gazebo_wind_plugin_node]: WindPlugin: set wind_speed=3.43 wind_direction=-74.4
[gzserver-2] [INFO] [1773159101.386630132] [gazebo_wind_plugin_node]: WindPlugin: set wind_speed=3.43 wind_direction=-74.4
[gzserver-2] [INFO] [1773159101.626292582] [gazebo_wind_plugin_node]: WindPlugin: set wind_speed=3.40 wind_direction=-76.1
[gzserver-2] [INFO] [1773159101.860943637] [gazebo_wind_plugin_node]: WindPlugin: set wind_speed=3.40 wind_direction=-76.1
[gzserver-2] [INFO] [1773159102.095562377] [gazebo_wind_plugin_node]: WindPlugin: set wind_speed=3.40 wind_direction=-76.1
[gzserver-2] [INFO] [1773159102.330313961] [gazebo_wind_plugin_node]: WindPlugin: set wind_speed=3.40 wind_direction=-76.1
[gzserver-2] [INFO] [1773159102.569391076] [gazebo_wind_plugin_node]: WindPlugin: set wind_speed=3.46 wind_direction=-71.8
[gzserver-2] [INFO] [1773159102.808929953] [gazebo_wind_plugin_node]: WindPlugin: set wind_speed=3.46 wind_direction=-71.8
[gzserver-2] [INFO] [1773159103.050807110] [gazebo_wind_plugin_node]: WindPlugin: set wind_speed=3.46 wind_direction=-71.8
[gzserver-2] [INFO] [1773159103.290527861] [gazebo_wind_plugin_node]: WindPlugin: set wind_speed=3.46 wind_direction=-71.8
[gzserver-2] [INFO] [1773159103.520010639] [gazebo_wind_plugin_node]: WindPlugin: set wind_speed=3.36 wind_direction=-74.6
[gzserver-2] [INFO] [1773159103.761486200] [gazebo_wind_plugin_node]: WindPlugin: set wind_speed=3.36 wind_direction=-74.6
[gzserver-2] [0m[1;36m[Dbg] [wind_plugin.cpp:110] [0m[1;36mWindPlugin: received command -> speed=[0m[1;36m3.44792[0m[1;36m dir=[0m[1;36m-75.4316[0m[1;36m
[gzserver-2] [0m[1;36m[Dbg] [wind_plugin.cpp:110] [0m[1;36mWindPlugin: received command -> speed=[0m[1;36m3.34874[0m[1;36m dir=[0m[1;36m-72.9275[0m[1;36m
[gzserver-2] [0m[1;36m[Dbg] [wind_plugin.cpp:110] [0m[1;36mWindPlugin: received command -> speed=[0m[1;36m3.34874[0m[1;36m dir=[0m[1;36m-72.9275[0m[1;36m
[gzserver-2] [0m[1;36m[Dbg] [wind_plugin.cpp:110] [0m[1;36mWindPlugin: received command -> speed=[0m[1;36m3.34874[0m[1;36m dir=[0m[1;36m-72.9275[0m[1;36m
[gzserver-2] [0m[1;36m[Dbg] [wind_plugin.cpp:110] [0m[1;36mWindPlugin: received command -> speed=[0m[1;36m3.34874[0m[1;36m dir=[0m[1;36m-72.9275[0m[1;36m
[gzserver-2] [0m[1;36m[Dbg] [wind_plugin.cpp:110] [0m[1;36mWindPlugin: received command -> speed=[0m[1;36m3.34874[0m[1;36m dir=[0m[1;36m-72.9275[0m[1;36m
[gzserver-2] [0m[1;36m[Dbg] [wind_plugin.cpp:110] [0m[1;36mWindPlugin: received command -> speed=[0m[1;36m3.32721[0m[1;36m dir=[0m[1;36m-72.5602[0m[1;36m
[gzserver-2] [0m[1;36m[Dbg] [wind_plugin.cpp:110] [0m[1;36mWindPlugin: received command -> speed=[0m[1;36m3.32721[0m[1;36m dir=[0m[1;36m-72.5602[0m[1;36m
[gzserver-2] [0m[1;36m[Dbg] [wind_plugin.cpp:110] [0m[1;36mWindPlugin: received command -> speed=[0m[1;36m3.32721[0m[1;36m dir=[0m[1;36m-72.5602[0m[1;36m
[gzserver-2] [0m[1;36m[Dbg] [wind_plugin.cpp:110] [0m[1;36mWindPlugin: received command -> speed=[0m[1;36m3.32721[0m[1;36m dir=[0m[1;36m-72.5602[0m[1;36m
[gzserver-2] [0m[1;36m[Dbg] [wind_plugin.cpp:110] [0m[1;36mWindPlugin: received command -> speed=[0m[1;36m3.44925[0m[1;36m dir=[0m[1;36m-73.0526[0m[1;36m
[gzserver-2] [0m[1;36m[Dbg] [wind_plugin.cpp:110] [0m[1;36mWindPlugin: received command -> speed=[0m[1;36m3.44925[0m[1;36m dir=[0m[1;36m-73.0526[0m[1;36m
[gzserver-2] [0m[1;36m[Dbg] [wind_plugin.cpp:110] [0m[1;36mWindPlugin: received command -> speed=[0m[1;36m3.44925[0m[1;36m dir=[0m[1;36m-73.0526[0m[1;36m
[gzserver-2] [0m[1;36m[Dbg] [wind_plugin.cpp:110] [0m[1;36mWindPlugin: received command -> speed=[0m[1;36m3.44925[0m[1;36m dir=[0m[1;36m-73.0526[0m[1;36m
[gzserver-2] [0m[1;36m[Dbg] [wind_plugin.cpp:110] [0m[1;36mWindPlugin: received command -> speed=[0m[1;36m3.43376[0m[1;36m dir=[0m[1;36m-74.3667[0m[1;36m
[gzserver-2] [0m[1;36m[Dbg] [wind_plugin.cpp:110] [0m[1;36mWindPlugin: received command -> speed=[0m[1;36m3.43376[0m[1;36m dir=[0m[1;36m-74.3667[0m[1;36m
[gzserver-2] [0m[1;36m[Dbg] [wind_plugin.cpp:110] [0m[1;36mWindPlugin: received command -> speed=[0m[1;36m3.43376[0m[1;36m dir=[0m[1;36m-74.3667[0m[1;36m
[gzserver-2] [0m[1;36m[Dbg] [wind_plugin.cpp:110] [0m[1;36mWindPlugin: received command -> speed=[0m[1;36m3.43376[0m[1;36m dir=[0m[1;36m-74.3667[0m[1;36m
[gzserver-2] [0m[1;36m[Dbg] [wind_plugin.cpp:110] [0m[1;36mWindPlugin: received command -> speed=[0m[1;36m3.39946[0m[1;36m dir=[0m[1;36m-76.0899[0m[1;36m
[gzserver-2] [0m[1;36m[Dbg] [wind_plugin.cpp:110] [0m[1;36mWindPlugin: received command -> speed=[0m[1;36m3.39946[0m[1;36m dir=[0m[1;36m-76.0899[0m[1;36m
[gzserver-2] [0m[1;36m[Dbg] [wind_plugin.cpp:110] [0m[1;36mWindPlugin: received command -> speed=[0m[1;36m3.39946[0m[1;36m dir=[0m[1;36m-76.0899[0m[1;36m
[gzserver-2] [0m[1;36m[Dbg] [wind_plugin.cpp:110] [0m[1;36mWindPlugin: received command -> speed=[0m[1;36m3.39946[0m[1;36m dir=[0m[1;36m-76.0899[0m[1;36m
[gzserver-2] [0m[1;36m[Dbg] [wind_plugin.cpp:110] [0m[1;36mWindPlugin: received command -> speed=[0m[1;36m3.45714[0m[1;36m dir=[0m[1;36m-71.7895[0m[1;36m
[gzserver-2] [0m[1;36m[Dbg] [wind_plugin.cpp:110] [0m[1;36mWindPlugin: received command -> speed=[0m[1;36m3.45714[0m[1;36m dir=[0m[1;36m-71.7895[0m[1;36m
[gzserver-2] [0m[1;36m[Dbg] [wind_plugin.cpp:110] [0m[1;36mWindPlugin: received command -> speed=[0m[1;36m3.45714[0m[1;36m dir=[0m[1;36m-71.7895[0m[1;36m
[gzserver-2] [0m[1;36m[Dbg] [wind_plugin.cpp:110] [0m[1;36mWindPlugin: received command -> speed=[0m[1;36m3.45714[0m[1;36m dir=[0m[1;36m-71.7895[0m[1;36m
[gzserver-2] [0m[1;36m[Dbg] [wind_plugin.cpp:110] [0m[1;36mWindPlugin: received command -> speed=[0m[1;36m3.3592[0m[1;36m dir=[0m[1;36m-74.6099[0m[1;36m
[gzserver-2] [INFO] [1773159103.995779580] [gazebo_wind_plugin_node]: WindPlugin: set wind_speed=3.36 wind_direction=-74.6
[gzserver-2] [INFO] [1773159104.237252528] [gazebo_wind_plugin_node]: WindPlugin: set wind_speed=3.36 wind_direction=-74.6
[gzserver-2] [INFO] [1773159104.476420705] [gazebo_wind_plugin_node]: WindPlugin: set wind_speed=3.36 wind_direction=-74.6
[gzserver-2] [INFO] [1773159104.705376933] [gazebo_wind_plugin_node]: WindPlugin: set wind_speed=3.26 wind_direction=-71.7
[gzserver-2] [INFO] [1773159104.941721163] [gazebo_wind_plugin_node]: WindPlugin: set wind_speed=3.26 wind_direction=-71.7
[gzserver-2] [INFO] [1773159105.170622604] [gazebo_wind_plugin_node]: WindPlugin: set wind_speed=3.26 wind_direction=-71.7
[gzserver-2] [INFO] [1773159105.409543665] [gazebo_wind_plugin_node]: WindPlugin: set wind_speed=3.26 wind_direction=-71.7
[gzserver-2] [INFO] [1773159105.638552095] [gazebo_wind_plugin_node]: WindPlugin: set wind_speed=3.38 wind_direction=-73.5
[gzserver-2] [INFO] [1773159105.878215912] [gazebo_wind_plugin_node]: WindPlugin: set wind_speed=3.38 wind_direction=-73.5
[gzserver-2] [INFO] [1773159106.112302970] [gazebo_wind_plugin_node]: WindPlugin: set wind_speed=3.38 wind_direction=-73.5
[gzserver-2] [INFO] [1773159106.352194262] [gazebo_wind_plugin_node]: WindPlugin: set wind_speed=3.38 wind_direction=-73.5
[gzserver-2] [INFO] [1773159106.586539427] [gazebo_wind_plugin_node]: WindPlugin: set wind_speed=3.28 wind_direction=-71.9
[gzserver-2] [INFO] [1773159106.826472774] [gazebo_wind_plugin_node]: WindPlugin: set wind_speed=3.28 wind_direction=-71.9
[gzserver-2] [INFO] [1773159107.061674209] [gazebo_wind_plugin_node]: WindPlugin: set wind_speed=3.28 wind_direction=-71.9
[gzserver-2] [INFO] [1773159107.296321339] [gazebo_wind_plugin_node]: WindPlugin: set wind_speed=3.28 wind_direction=-71.9
[gzserver-2] [INFO] [1773159107.525940729] [gazebo_wind_plugin_node]: WindPlugin: set wind_speed=3.32 wind_direction=-71.7
[gzserver-2] [INFO] [1773159107.765987301] [gazebo_wind_plugin_node]: WindPlugin: set wind_speed=3.32 wind_direction=-71.7
[gzserver-2] [INFO] [1773159108.005281904] [gazebo_wind_plugin_node]: WindPlugin: set wind_speed=3.32 wind_direction=-71.7
[gzserver-2] [INFO] [1773159108.244073917] [gazebo_wind_plugin_node]: WindPlugin: set wind_speed=3.32 wind_direction=-71.7
[gzserver-2] [INFO] [1773159108.484029460] [gazebo_wind_plugin_node]: WindPlugin: set wind_speed=3.32 wind_direction=-71.7
[gzserver-2] [INFO] [1773159108.724972355] [gazebo_wind_plugin_node]: WindPlugin: set wind_speed=3.31 wind_direction=-72.3
[gzserver-2] [INFO] [1773159108.954072335] [gazebo_wind_plugin_node]: WindPlugin: set wind_speed=3.31 wind_direction=-72.3
[gzserver-2] [INFO] [1773159109.188599401] [gazebo_wind_plugin_node]: WindPlugin: set wind_speed=3.31 wind_direction=-72.3
[gzserver-2] [INFO] [1773159109.429692547] [gazebo_wind_plugin_node]: WindPlugin: set wind_speed=3.31 wind_direction=-72.3
[gzserver-2] [INFO] [1773159109.668987064] [gazebo_wind_plugin_node]: WindPlugin: set wind_speed=3.19 wind_direction=-66.7
[gzserver-2] [INFO] [1773159109.908441365] [gazebo_wind_plugin_node]: WindPlugin: set wind_speed=3.19 wind_direction=-66.7
[gzserver-2] [INFO] [1773159110.147553116] [gazebo_wind_plugin_node]: WindPlugin: set wind_speed=3.19 wind_direction=-66.7
[gzserver-2] [0m[1;36m[Dbg] [wind_plugin.cpp:110] [0m[1;36mWindPlugin: received command -> speed=[0m[1;36m3.3592[0m[1;36m dir=[0m[1;36m-74.6099[0m[1;36m
[gzserver-2] [0m[1;36m[Dbg] [wind_plugin.cpp:110] [0m[1;36mWindPlugin: received command -> speed=[0m[1;36m3.3592[0m[1;36m dir=[0m[1;36m-74.6099[0m[1;36m
[gzserver-2] [0m[1;36m[Dbg] [wind_plugin.cpp:110] [0m[1;36mWindPlugin: received command -> speed=[0m[1;36m3.3592[0m[1;36m dir=[0m[1;36m-74.6099[0m[1;36m
[gzserver-2] [0m[1;36m[Dbg] [wind_plugin.cpp:110] [0m[1;36mWindPlugin: received command -> speed=[0m[1;36m3.3592[0m[1;36m dir=[0m[1;36m-74.6099[0m[1;36m
[gzserver-2] [0m[1;36m[Dbg] [wind_plugin.cpp:110] [0m[1;36mWindPlugin: received command -> speed=[0m[1;36m3.25858[0m[1;36m dir=[0m[1;36m-71.688[0m[1;36m
[gzserver-2] [0m[1;36m[Dbg] [wind_plugin.cpp:110] [0m[1;36mWindPlugin: received command -> speed=[0m[1;36m3.25858[0m[1;36m dir=[0m[1;36m-71.688[0m[1;36m
[gzserver-2] [0m[1;36m[Dbg] [wind_plugin.cpp:110] [0m[1;36mWindPlugin: received command -> speed=[0m[1;36m3.25858[0m[1;36m dir=[0m[1;36m-71.688[0m[1;36m
[gzserver-2] [0m[1;36m[Dbg] [wind_plugin.cpp:110] [0m[1;36mWindPlugin: received command -> speed=[0m[1;36m3.25858[0m[1;36m dir=[0m[1;36m-71.688[0m[1;36m
[gzserver-2] [0m[1;36m[Dbg] [wind_plugin.cpp:110] [0m[1;36mWindPlugin: received command -> speed=[0m[1;36m3.37865[0m[1;36m dir=[0m[1;36m-73.5276[0m[1;36m
[gzserver-2] [0m[1;36m[Dbg] [wind_plugin.cpp:110] [0m[1;36mWindPlugin: received command -> speed=[0m[1;36m3.37865[0m[1;36m dir=[0m[1;36m-73.5276[0m[1;36m
[gzserver-2] [0m[1;36m[Dbg] [wind_plugin.cpp:110] [0m[1;36mWindPlugin: received command -> speed=[0m[1;36m3.37865[0m[1;36m dir=[0m[1;36m-73.5276[0m[1;36m
[gzserver-2] [0m[1;36m[Dbg] [wind_plugin.cpp:110] [0m[1;36mWindPlugin: received command -> speed=[0m[1;36m3.37865[0m[1;36m dir=[0m[1;36m-73.5276[0m[1;36m
[gzserver-2] [0m[1;36m[Dbg] [wind_plugin.cpp:110] [0m[1;36mWindPlugin: received command -> speed=[0m[1;36m3.278[0m[1;36m dir=[0m[1;36m-71.9341[0m[1;36m
[gzserver-2] [0m[1;36m[Dbg] [wind_plugin.cpp:110] [0m[1;36mWindPlugin: received command -> speed=[0m[1;36m3.278[0m[1;36m dir=[0m[1;36m-71.9341[0m[1;36m
[gzserver-2] [0m[1;36m[Dbg] [wind_plugin.cpp:110] [0m[1;36mWindPlugin: received command -> speed=[0m[1;36m3.278[0m[1;36m dir=[0m[1;36m-71.9341[0m[1;36m
[gzserver-2] [0m[1;36m[Dbg] [wind_plugin.cpp:110] [0m[1;36mWindPlugin: received command -> speed=[0m[1;36m3.278[0m[1;36m dir=[0m[1;36m-71.9341[0m[1;36m
[gzserver-2] [0m[1;36m[Dbg] [wind_plugin.cpp:110] [0m[1;36mWindPlugin: received command -> speed=[0m[1;36m3.3196[0m[1;36m dir=[0m[1;36m-71.6686[0m[1;36m
[gzserver-2] [0m[1;36m[Dbg] [wind_plugin.cpp:110] [0m[1;36mWindPlugin: received command -> speed=[0m[1;36m3.3196[0m[1;36m dir=[0m[1;36m-71.6686[0m[1;36m
[gzserver-2] [0m[1;36m[Dbg] [wind_plugin.cpp:110] [0m[1;36mWindPlugin: received command -> speed=[0m[1;36m3.3196[0m[1;36m dir=[0m[1;36m-71.6686[0m[1;36m
[gzserver-2] [0m[1;36m[Dbg] [wind_plugin.cpp:110] [0m[1;36mWindPlugin: received command -> speed=[0m[1;36m3.3196[0m[1;36m dir=[0m[1;36m-71.6686[0m[1;36m
[gzserver-2] [0m[1;36m[Dbg] [wind_plugin.cpp:110] [0m[1;36mWindPlugin: received command -> speed=[0m[1;36m3.3196[0m[1;36m dir=[0m[1;36m-71.6686[0m[1;36m
[gzserver-2] [0m[1;36m[Dbg] [wind_plugin.cpp:110] [0m[1;36mWindPlugin: received command -> speed=[0m[1;36m3.30625[0m[1;36m dir=[0m[1;36m-72.3262[0m[1;36m
[gzserver-2] [0m[1;36m[Dbg] [wind_plugin.cpp:110] [0m[1;36mWindPlugin: received command -> speed=[0m[1;36m3.30625[0m[1;36m dir=[0m[1;36m-72.3262[0m[1;36m
[gzserver-2] [0m[1;36m[Dbg] [wind_plugin.cpp:110] [0m[1;36mWindPlugin: received command -> speed=[0m[1;36m3.30625[0m[1;36m dir=[0m[1;36m-72.3262[0m[1;36m
[gzserver-2] [0m[1;36m[Dbg] [wind_plugin.cpp:110] [0m[1;36mWindPlugin: received command -> speed=[0m[1;36m3.30625[0m[1;36m dir=[0m[1;36m-72.3262[0m[1;36m
[gzserver-2] [0m[1;36m[Dbg] [wind_plugin.cpp:110] [0m[1;36mWindPlugin: received command -> speed=[0m[1;36m3.18967[0m[1;36m dir=[0m[1;36m-66.7446[0m[1;36m
[gzserver-2] [0m[1;36m[Dbg] [wind_plugin.cpp:110] [0m[1;36mWindPlugin: received command -> speed=[0m[1;36m3.18967[0m[1;36m dir=[0m[1;36m-66.7446[0m[1;36m
[gzserver-2] [INFO] [1773159110.381855892] [gazebo_wind_plugin_node]: WindPlugin: set wind_speed=3.19 wind_direction=-66.7
[gzserver-2] [INFO] [1773159110.622010703] [gazebo_wind_plugin_node]: WindPlugin: set wind_speed=3.23 wind_direction=-72.1
[gzserver-2] [INFO] [1773159110.856583492] [gazebo_wind_plugin_node]: WindPlugin: set wind_speed=3.23 wind_direction=-72.1
[gzserver-2] [INFO] [1773159111.096650515] [gazebo_wind_plugin_node]: WindPlugin: set wind_speed=3.23 wind_direction=-72.1
[gzserver-2] [INFO] [1773159111.335639474] [gazebo_wind_plugin_node]: WindPlugin: set wind_speed=3.23 wind_direction=-72.1
[gzserver-2] [INFO] [1773159111.575421157] [gazebo_wind_plugin_node]: WindPlugin: set wind_speed=3.11 wind_direction=-72.2
[gzserver-2] [INFO] [1773159111.810008818] [gazebo_wind_plugin_node]: WindPlugin: set wind_speed=3.11 wind_direction=-72.2
[gzserver-2] [INFO] [1773159112.039312824] [gazebo_wind_plugin_node]: WindPlugin: set wind_speed=3.11 wind_direction=-72.2
[gzserver-2] [INFO] [1773159112.278989625] [gazebo_wind_plugin_node]: WindPlugin: set wind_speed=3.11 wind_direction=-72.2
[gzserver-2] [INFO] [1773159112.513417544] [gazebo_wind_plugin_node]: WindPlugin: set wind_speed=3.11 wind_direction=-72.2
[gzserver-2] [INFO] [1773159112.752749039] [gazebo_wind_plugin_node]: WindPlugin: set wind_speed=3.21 wind_direction=-71.6
[gzserver-2] [INFO] [1773159112.989132421] [gazebo_wind_plugin_node]: WindPlugin: set wind_speed=3.21 wind_direction=-71.6
[gzserver-2] [INFO] [1773159113.223634571] [gazebo_wind_plugin_node]: WindPlugin: set wind_speed=3.21 wind_direction=-71.6
[gzserver-2] [INFO] [1773159113.465000166] [gazebo_wind_plugin_node]: WindPlugin: set wind_speed=3.21 wind_direction=-71.6
[gzserver-2] [INFO] [1773159113.704666513] [gazebo_wind_plugin_node]: WindPlugin: set wind_speed=3.03 wind_direction=-72.4
[gzserver-2] [INFO] [1773159113.943810684] [gazebo_wind_plugin_node]: WindPlugin: set wind_speed=3.03 wind_direction=-72.4
[gzserver-2] [INFO] [1773159114.182838859] [gazebo_wind_plugin_node]: WindPlugin: set wind_speed=3.03 wind_direction=-72.4
[gzserver-2] [INFO] [1773159114.422421887] [gazebo_wind_plugin_node]: WindPlugin: set wind_speed=3.03 wind_direction=-72.4
[gzserver-2] [INFO] [1773159114.662015158] [gazebo_wind_plugin_node]: WindPlugin: set wind_speed=3.10 wind_direction=-69.6
[gzserver-2] [INFO] [1773159114.902128044] [gazebo_wind_plugin_node]: WindPlugin: set wind_speed=3.10 wind_direction=-69.6
[gzserver-2] [INFO] [1773159114.940149777] [drone.simple_drone]: Quadrotor lands!!
[gzserver-2] [INFO] [1773159115.141781259] [gazebo_wind_plugin_node]: WindPlugin: set wind_speed=3.10 wind_direction=-69.6
[gzserver-2] [INFO] [1773159115.382883731] [gazebo_wind_plugin_node]: WindPlugin: set wind_speed=3.10 wind_direction=-69.6
[gzserver-2] [INFO] [1773159115.624820334] [gazebo_wind_plugin_node]: WindPlugin: set wind_speed=3.22 wind_direction=-68.0
[gzserver-2] [INFO] [1773159115.853400582] [gazebo_wind_plugin_node]: WindPlugin: set wind_speed=3.22 wind_direction=-68.0
[gzserver-2] [0m[1;36m[Dbg] [wind_plugin.cpp:110] [0m[1;36mWindPlugin: received command -> speed=[0m[1;36m3.18967[0m[1;36m dir=[0m[1;36m-66.7446[0m[1;36m
[gzserver-2] [0m[1;36m[Dbg] [wind_plugin.cpp:110] [0m[1;36mWindPlugin: received command -> speed=[0m[1;36m3.18967[0m[1;36m dir=[0m[1;36m-66.7446[0m[1;36m
[gzserver-2] [0m[1;36m[Dbg] [wind_plugin.cpp:110] [0m[1;36mWindPlugin: received command -> speed=[0m[1;36m3.22559[0m[1;36m dir=[0m[1;36m-72.0607[0m[1;36m
[gzserver-2] [0m[1;36m[Dbg] [wind_plugin.cpp:110] [0m[1;36mWindPlugin: received command -> speed=[0m[1;36m3.22559[0m[1;36m dir=[0m[1;36m-72.0607[0m[1;36m
[gzserver-2] [0m[1;36m[Dbg] [wind_plugin.cpp:110] [0m[1;36mWindPlugin: received command -> speed=[0m[1;36m3.22559[0m[1;36m dir=[0m[1;36m-72.0607[0m[1;36m
[gzserver-2] [0m[1;36m[Dbg] [wind_plugin.cpp:110] [0m[1;36mWindPlugin: received command -> speed=[0m[1;36m3.22559[0m[1;36m dir=[0m[1;36m-72.0607[0m[1;36m
[gzserver-2] [0m[1;36m[Dbg] [wind_plugin.cpp:110] [0m[1;36mWindPlugin: received command -> speed=[0m[1;36m3.1064[0m[1;36m dir=[0m[1;36m-72.2251[0m[1;36m
[gzserver-2] [0m[1;36m[Dbg] [wind_plugin.cpp:110] [0m[1;36mWindPlugin: received command -> speed=[0m[1;36m3.1064[0m[1;36m dir=[0m[1;36m-72.2251[0m[1;36m
[gzserver-2] [0m[1;36m[Dbg] [wind_plugin.cpp:110] [0m[1;36mWindPlugin: received command -> speed=[0m[1;36m3.1064[0m[1;36m dir=[0m[1;36m-72.2251[0m[1;36m
[gzserver-2] [0m[1;36m[Dbg] [wind_plugin.cpp:110] [0m[1;36mWindPlugin: received command -> speed=[0m[1;36m3.1064[0m[1;36m dir=[0m[1;36m-72.2251[0m[1;36m
[gzserver-2] [0m[1;36m[Dbg] [wind_plugin.cpp:110] [0m[1;36mWindPlugin: received command -> speed=[0m[1;36m3.1064[0m[1;36m dir=[0m[1;36m-72.2251[0m[1;36m
[gzserver-2] [0m[1;36m[Dbg] [wind_plugin.cpp:110] [0m[1;36mWindPlugin: received command -> speed=[0m[1;36m3.20753[0m[1;36m dir=[0m[1;36m-71.5564[0m[1;36m
[gzserver-2] [0m[1;36m[Dbg] [wind_plugin.cpp:110] [0m[1;36mWindPlugin: received command -> speed=[0m[1;36m3.20753[0m[1;36m dir=[0m[1;36m-71.5564[0m[1;36m
[gzserver-2] [0m[1;36m[Dbg] [wind_plugin.cpp:110] [0m[1;36mWindPlugin: received command -> speed=[0m[1;36m3.20753[0m[1;36m dir=[0m[1;36m-71.5564[0m[1;36m
[gzserver-2] [0m[1;36m[Dbg] [wind_plugin.cpp:110] [0m[1;36mWindPlugin: received command -> speed=[0m[1;36m3.20753[0m[1;36m dir=[0m[1;36m-71.5564[0m[1;36m
[gzserver-2] [0m[1;36m[Dbg] [wind_plugin.cpp:110] [0m[1;36mWindPlugin: received command -> speed=[0m[1;36m3.03078[0m[1;36m dir=[0m[1;36m-72.4443[0m[1;36m
[gzserver-2] [0m[1;36m[Dbg] [wind_plugin.cpp:110] [0m[1;36mWindPlugin: received command -> speed=[0m[1;36m3.03078[0m[1;36m dir=[0m[1;36m-72.4443[0m[1;36m
[gzserver-2] [0m[1;36m[Dbg] [wind_plugin.cpp:110] [0m[1;36mWindPlugin: received command -> speed=[0m[1;36m3.03078[0m[1;36m dir=[0m[1;36m-72.4443[0m[1;36m
[gzserver-2] [0m[1;36m[Dbg] [wind_plugin.cpp:110] [0m[1;36mWindPlugin: received command -> speed=[0m[1;36m3.03078[0m[1;36m dir=[0m[1;36m-72.4443[0m[1;36m
[gzserver-2] [0m[1;36m[Dbg] [wind_plugin.cpp:110] [0m[1;36mWindPlugin: received command -> speed=[0m[1;36m3.10266[0m[1;36m dir=[0m[1;36m-69.5737[0m[1;36m
[gzserver-2] [0m[1;36m[Dbg] [wind_plugin.cpp:110] [0m[1;36mWindPlugin: received command -> speed=[0m[1;36m3.10266[0m[1;36m dir=[0m[1;36m-69.5737[0m[1;36m
[gzserver-2] [0m[1;36m[Dbg] [wind_plugin.cpp:110] [0m[1;36mWindPlugin: received command -> speed=[0m[1;36m3.10266[0m[1;36m dir=[0m[1;36m-69.5737[0m[1;36m
[gzserver-2] [0m[1;36m[Dbg] [wind_plugin.cpp:110] [0m[1;36mWindPlugin: received command -> speed=[0m[1;36m3.10266[0m[1;36m dir=[0m[1;36m-69.5737[0m[1;36m
[gzserver-2] [0m[1;36m[Dbg] [wind_plugin.cpp:110] [0m[1;36mWindPlugin: received command -> speed=[0m[1;36m3.21783[0m[1;36m dir=[0m[1;36m-68.0001[0m[1;36m
[gzserver-2] [0m[1;36m[Dbg] [wind_plugin.cpp:110] [0m[1;36mWindPlugin: received command -> speed=[0m[1;36m3.21783[0m[1;36m dir=[0m[1;36m-68.0001[0m[1;36m
[gzserver-2] [0mLanded!
[gzserver-2] [INFO] [1773159116.095349906] [gazebo_wind_plugin_node]: WindPlugin: set wind_speed=3.22 wind_direction=-68.0
[gzserver-2] [INFO] [1773159116.330011705] [gazebo_wind_plugin_node]: WindPlugin: set wind_speed=3.22 wind_direction=-68.0
[gzserver-2] [INFO] [1773159116.570511265] [gazebo_wind_plugin_node]: WindPlugin: set wind_speed=3.19 wind_direction=-69.1
[gzserver-2] [INFO] [1773159116.810213415] [gazebo_wind_plugin_node]: WindPlugin: set wind_speed=3.19 wind_direction=-69.1
[gzserver-2] [INFO] [1773159117.049554450] [gazebo_wind_plugin_node]: WindPlugin: set wind_speed=3.19 wind_direction=-69.1
[gzserver-2] [INFO] [1773159117.290900467] [gazebo_wind_plugin_node]: WindPlugin: set wind_speed=3.19 wind_direction=-69.1
[gzserver-2] [INFO] [1773159117.527115327] [gazebo_wind_plugin_node]: WindPlugin: set wind_speed=3.06 wind_direction=-70.5
[gzserver-2] [INFO] [1773159117.765194888] [gazebo_wind_plugin_node]: WindPlugin: set wind_speed=3.06 wind_direction=-70.5
