[INFO] [launch]: All log files can be found below /home/j/.ros/log/2026-03-10-13-32-18-461813-j-1794664
[INFO] [launch]: Default logging verbosity is set to INFO
[INFO] [launch.user]: [bringup] Apriltag config: camera=/drone/bottom, image=/drone/bottom/image_raw, tags=/drone/bottom/tags, bridge=/landing_tag_state, standalone=true, use_target_id=true, target_id=0
[INFO] [rviz2-1]: process started with pid [1794669]
[INFO] [gzserver-2]: process started with pid [1794671]
[INFO] [robot_state_publisher-3]: process started with pid [1794673]
[INFO] [joint_state_publisher-4]: process started with pid [1794675]
[INFO] [spawn_drone-5]: process started with pid [1794677]
[INFO] [static_transform_publisher-6]: process started with pid [1794679]
[INFO] [joy_node-7]: process started with pid [1794681]
[INFO] [teleop_joystick-8]: process started with pid [1794683]
[INFO] [apriltag_detector_node-9]: process started with pid [1794685]
[INFO] [apriltag_state_bridge-10]: process started with pid [1794688]
[static_transform_publisher-6] [WARN] [1773117138.929202995] []: Old-style arguments are deprecated; see --help for new-style arguments
[static_transform_publisher-6] [INFO] [1773117138.933085676] [static_transform_publisher_g4tfDOWNION3Pg3O]: Spinning until stopped - publishing transform
[static_transform_publisher-6] translation: ('0.000000', '0.000000', '0.000000')
[static_transform_publisher-6] rotation: ('0.000000', '0.000000', '0.000000', '1.000000')
[static_transform_publisher-6] from 'world' to '/drone/odom'
[robot_state_publisher-3] [INFO] [1773117138.957771687] [drone.robot_state_publisher]: got segment base_footprint
[robot_state_publisher-3] [INFO] [1773117138.957869288] [drone.robot_state_publisher]: got segment base_link
[robot_state_publisher-3] [INFO] [1773117138.957881019] [drone.robot_state_publisher]: got segment bottom_cam_link
[robot_state_publisher-3] [INFO] [1773117138.957889160] [drone.robot_state_publisher]: got segment front_cam_link
[robot_state_publisher-3] [INFO] [1773117138.957896289] [drone.robot_state_publisher]: got segment sonar_link
[rviz2-1] 
[rviz2-1] (rviz2:1794669): dbind-WARNING **: 13:32:18.962: Couldn't connect to accessibility bus: Failed to connect to socket /root/.cache/at-spi/bus_0: 허가 거부
[apriltag_detector_node-9] [INFO] [1773117138.966457482] [apriltag_detector_node]: tag detector type: umich
[teleop_joystick-8] Traceback (most recent call last):
[teleop_joystick-8]   File "/home/j/INCSL/IICC26_ws/install/sjtu_drone_control/lib/sjtu_drone_control/teleop_joystick", line 33, in <module>
[teleop_joystick-8]     sys.exit(load_entry_point('sjtu_drone_control==0.0.0', 'console_scripts', 'teleop_joystick')())
[teleop_joystick-8]   File "/home/j/INCSL/IICC26_ws/install/sjtu_drone_control/lib/sjtu_drone_control/teleop_joystick", line 22, in importlib_load_entry_point
[teleop_joystick-8]     for entry_point in distribution(dist_name).entry_points
[teleop_joystick-8]   File "/usr/lib/python3.10/importlib/metadata/__init__.py", line 969, in distribution
[teleop_joystick-8]     return Distribution.from_name(distribution_name)
[teleop_joystick-8]   File "/usr/lib/python3.10/importlib/metadata/__init__.py", line 548, in from_name
[teleop_joystick-8]     raise PackageNotFoundError(name)
[teleop_joystick-8] importlib.metadata.PackageNotFoundError: No package metadata was found for sjtu_drone_control
[ERROR] [teleop_joystick-8]: process has died [pid 1794683, exit code 1, cmd '/home/j/INCSL/IICC26_ws/install/sjtu_drone_control/lib/sjtu_drone_control/teleop_joystick --ros-args -r __ns:=/drone'].
[gzserver-2] Gazebo multi-robot simulator, version 11.10.2
[gzserver-2] Copyright (C) 2012 Open Source Robotics Foundation.
[gzserver-2] Released under the Apache 2 License.
[gzserver-2] http://gazebosim.org
[gzserver-2] 
[joint_state_publisher-4] [INFO] [1773117139.217556451] [drone.joint_state_publisher]: Waiting for robot_description to be published on the robot_description topic...
[apriltag_state_bridge-10] [INFO] [1773117139.224008571] [apriltag_state_bridge]: AprilTag bridge started: /drone/bottom/tags -> /landing_tag_state, use_target_id=True, target_id=0
[gzserver-2] [1;33m[Wrn] [gazebo_ros_init.cpp:178] [0m[1;33m
[gzserver-2] #     # ####### ####### ###  #####  #######
[gzserver-2] ##    # #     #    #     #  #     # #
[gzserver-2] # #   # #     #    #     #  #       #
[gzserver-2] #  #  # #     #    #     #  #       #####
[gzserver-2] #   # # #     #    #     #  #       #
[gzserver-2] #    ## #     #    #     #  #     # #
[gzserver-2] #     # #######    #    ###  #####  #######
[gzserver-2] 
[gzserver-2] This version of Gazebo, now called Gazebo classic, reaches end-of-life
[gzserver-2] in January 2025. Users are highly encouraged to migrate to the new Gazebo
[gzserver-2] using our migration guides (https://gazebosim.org/docs/latest/gazebo_classic_migration?utm_source=gazebo_ros_pkgs&utm_medium=cli)
[gzserver-2] 
[gzserver-2] [0m[1;33m
[rviz2-1] [INFO] [1773117139.714602342] [rviz2]: Stereo is NOT SUPPORTED
[rviz2-1] [INFO] [1773117139.714700676] [rviz2]: OpenGl version: 4.6 (GLSL 4.6)
[rviz2-1] [INFO] [1773117139.805891462] [rviz2]: Stereo is NOT SUPPORTED
[rviz2-1] [INFO] [1773117139.891986363] [rviz2]: Stereo is NOT SUPPORTED
[gzserver-2] [1;32m[Msg] [0m[1;32mWaiting for master.[0m[1;32m
[gzserver-2] [0m[1;32m[0m[1;32m[0m[1;32m[Msg] [0m[1;32mConnected to gazebo master @ [0m[1;32mhttp://127.0.0.1:11345[0m[1;32m
[gzserver-2] [0m[1;32m[0m[1;32m[0m[1;32m[Msg] [0m[1;32mPublicized address: [0m[1;32m172.16.52.147[0m[1;32m
[gzserver-2] [0m[1;32m[0m[1;32m[0m[1;32m[Msg] [0m[1;32mLoading world file [[0m[1;32m/home/j/INCSL/IICC26_ws/install/sjtu_drone_description/share/sjtu_drone_description/worlds/landingPad.world[0m[1;32m][0m[1;32m
[gzserver-2] [0m[1;32m[0m[1;32m[0m[1;36m[Dbg] [wind_plugin.cpp:96] [0m[1;36mWindPlugin loaded: speed=[0m[1;36m0[0m[1;36m dir=[0m[1;36m0[0m[1;36m deg area=[0m[1;36m0.1[0m[1;36m coeff=[0m[1;36m1[0m[1;36m
[gzserver-2] [0m[1;33m[0m[1;33m[0m[1;31m[Err] [Sensor.cc:510] [0m[1;31mGet noise index not valid[0m[1;31m
[gzserver-2] [0m[1;31m[0m[1;31m[0m[1;31m[Err] [Sensor.cc:510] [0m[1;31mGet noise index not valid[0m[1;31m
[gzserver-2] [0m[1;31m[0m[1;31m[0m[1;31m[Err] [Sensor.cc:510] [0m[1;31mGet noise index not valid[0m[1;31m
[gzserver-2] [0m[1;31m[0m[1;31m[0m[1;31m[Err] [Sensor.cc:510] [0m[1;31mGet noise index not valid[0m[1;31m
[gzserver-2] [0m[1;31m[0m[1;31m[0m[1;31m[Err] [Sensor.cc:510] [0m[1;31mGet noise index not valid[0m[1;31m
[gzserver-2] [0m[1;31m[0m[1;31m[0m[1;31m[Err] [Sensor.cc:510] [0m[1;31mGet noise index not valid[0m[1;31m
[gzserver-2] [0m[1;31m[0m[1;31m[0mTopic [default//drone/base_footprint/down_camera/image] is not valid.
[gzserver-2] [INFO] [1773117140.361252781] [drone.collision_plugin]: Publishing contact states to [/drone/bumper_states]
[gzserver-2] Topic [default//drone/base_footprint/front_camera/image] is not valid.
[gzserver-2] [1;33m[Wrn] [Event.cc:61] [0m[1;33mWarning: Deleting a connection right after creation. [0m[1;33mMake sure to save the ConnectionPtr from a Connect call
[gzserver-2] [0m[INFO] [1773117140.917415489] [drone.camera_bottom]: Publishing camera info to [/drone/bottom/camera_info]
[gzserver-2] [INFO] [1773117140.921876848] [drone.camera_front]: Publishing camera info to [/drone/front/camera_info]
[spawn_drone-5] [INFO] [1773117140.930769565] [spawn_drone]: Result True SpawnEntity: Successfully spawned entity [/drone]
[gzserver-2] [INFO] [1773117141.043167621] [drone.simple_drone]: The drone plugin is loading!
[gzserver-2] [INFO] [1773117141.043378821] [drone.simple_drone]: pub_odom: 1
[gzserver-2] [INFO] [1773117141.043412256] [drone.simple_drone]: Using following parameters: 
[gzserver-2] 		link_name: base_footprint,
[gzserver-2] 		max_force: 30,
[gzserver-2] 		motion_small_noise: 0,
[gzserver-2] 		motion_drift_noise: 0,
[gzserver-2] 		motion_drift_noise_time: 50,
[gzserver-2] 		takeoff_hover_height: 1.73,
[gzserver-2] 		takeoff_vertical_speed: 0.2
[gzserver-2] [INFO] [1773117141.055203231] [drone.simple_drone]: Using the PID parameters: 
[gzserver-2] 	Roll Pitch:
[gzserver-2] 		kP: 10, kI: 0,kD: 5, Limit: 0.5, Time Constant: 0
[gzserver-2] 	Yaw:
[gzserver-2] 		kP: 2, kI: 0,kD: 1, Limit: 1.5, Time Constant: 0
[gzserver-2] 	Velocity X:
[gzserver-2] 		kP: 5, kI: 0,kD: 2.3, Limit: 2, Time Constant: 0
[gzserver-2] 	Velocity Y:
[gzserver-2] 		kP: 5, kI: 0,kD: 2.3, Limit: 2, Time Constant: 0
[gzserver-2] 	Velocity Z:
[gzserver-2] 		kP: 5, kI: 0,kD: 1, Limit: -1, Time Constant: 0
[gzserver-2] 	Position XY:
[gzserver-2] 		kP: 1.1, kI: 0,kD: 0, Limit: 5, Time Constant: 0
[gzserver-2] 	Position Z:
[gzserver-2] 		kP: 1, kI: 0,kD: 0.2, Limit: -1, Time Constant: 0
[gzserver-2] [INFO] [1773117141.055330481] [drone.simple_drone]: The drone plugin finished loading!
[INFO] [spawn_drone-5]: process has finished cleanly [pid 1794677]
[gzserver-2] [INFO] [1773117148.281092111] [gazebo_wind_plugin_node]: WindPlugin: set wind_speed=0.00 wind_direction=0.0
[gzserver-2] [INFO] [1773117148.546538505] [gazebo_wind_plugin_node]: WindPlugin: set wind_speed=0.00 wind_direction=0.0
[gzserver-2] [INFO] [1773117148.585031174] [drone.simple_drone]: Quadrotor takes off!!
[gzserver-2] [INFO] [1773117148.785891783] [gazebo_wind_plugin_node]: WindPlugin: set wind_speed=0.00 wind_direction=0.0
[gzserver-2] [INFO] [1773117149.025053709] [gazebo_wind_plugin_node]: WindPlugin: set wind_speed=0.00 wind_direction=0.0
[gzserver-2] [INFO] [1773117149.264368460] [gazebo_wind_plugin_node]: WindPlugin: set wind_speed=0.00 wind_direction=0.0
[gzserver-2] [INFO] [1773117149.498315766] [gazebo_wind_plugin_node]: WindPlugin: set wind_speed=0.00 wind_direction=0.0
[gzserver-2] [INFO] [1773117149.737594704] [gazebo_wind_plugin_node]: WindPlugin: set wind_speed=0.00 wind_direction=0.0
[gzserver-2] [INFO] [1773117149.976986417] [gazebo_wind_plugin_node]: WindPlugin: set wind_speed=0.00 wind_direction=0.0
[gzserver-2] [0m[1;36m[Dbg] [wind_plugin.cpp:110] [0m[1;36mWindPlugin: received command -> speed=[0m[1;36m0[0m[1;36m dir=[0m[1;36m0[0m[1;36m
[gzserver-2] [0m[1;36m[Dbg] [wind_plugin.cpp:110] [0m[1;36mWindPlugin: received command -> speed=[0m[1;36m0[0m[1;36m dir=[0m[1;36m0[0m[1;36m
[gzserver-2] [0m[1;36m[Dbg] [wind_plugin.cpp:110] [0m[1;36mWindPlugin: received command -> speed=[0m[1;36m0[0m[1;36m dir=[0m[1;36m0[0m[1;36m
[gzserver-2] [0m[1;36m[Dbg] [wind_plugin.cpp:110] [0m[1;36mWindPlugin: received command -> speed=[0m[1;36m0[0m[1;36m dir=[0m[1;36m0[0m[1;36m
[gzserver-2] [0m[1;36m[Dbg] [wind_plugin.cpp:110] [0m[1;36mWindPlugin: received command -> speed=[0m[1;36m0[0m[1;36m dir=[0m[1;36m0[0m[1;36m
[gzserver-2] [0m[1;36m[Dbg] [wind_plugin.cpp:110] [0m[1;36mWindPlugin: received command -> speed=[0m[1;36m0[0m[1;36m dir=[0m[1;36m0[0m[1;36m
[gzserver-2] [0m[1;36m[Dbg] [wind_plugin.cpp:110] [0m[1;36mWindPlugin: received command -> speed=[0m[1;36m0[0m[1;36m dir=[0m[1;36m0[0m[1;36m
[gzserver-2] [0m[1;36m[Dbg] [wind_plugin.cpp:110] [0m[1;36mWindPlugin: received command -> speed=[0m[1;36m0[0m[1;36m dir=[0m[1;36m0[0m[1;36m
[gzserver-2] [0mEntering flying model!
[gzserver-2] [INFO] [1773117150.211070971] [gazebo_wind_plugin_node]: WindPlugin: set wind_speed=0.00 wind_direction=0.0
[gzserver-2] [INFO] [1773117150.448202376] [gazebo_wind_plugin_node]: WindPlugin: set wind_speed=2.06 wind_direction=-67.2
[gzserver-2] [INFO] [1773117150.688049655] [gazebo_wind_plugin_node]: WindPlugin: set wind_speed=2.06 wind_direction=-67.2
[gzserver-2] [INFO] [1773117150.922150525] [gazebo_wind_plugin_node]: WindPlugin: set wind_speed=1.99 wind_direction=-67.8
[gzserver-2] [INFO] [1773117151.162645667] [gazebo_wind_plugin_node]: WindPlugin: set wind_speed=1.99 wind_direction=-67.8
[gzserver-2] [INFO] [1773117151.401942916] [gazebo_wind_plugin_node]: WindPlugin: set wind_speed=1.99 wind_direction=-67.8
[gzserver-2] [INFO] [1773117151.636583538] [gazebo_wind_plugin_node]: WindPlugin: set wind_speed=1.99 wind_direction=-67.8
[gzserver-2] [INFO] [1773117151.878173233] [gazebo_wind_plugin_node]: WindPlugin: set wind_speed=1.97 wind_direction=-68.7
[gzserver-2] [INFO] [1773117152.107087084] [gazebo_wind_plugin_node]: WindPlugin: set wind_speed=1.97 wind_direction=-68.7
[gzserver-2] [INFO] [1773117152.346663919] [gazebo_wind_plugin_node]: WindPlugin: set wind_speed=1.97 wind_direction=-68.7
[gzserver-2] [INFO] [1773117152.583973440] [gazebo_wind_plugin_node]: WindPlugin: set wind_speed=1.97 wind_direction=-68.7
[gzserver-2] [INFO] [1773117152.823447475] [gazebo_wind_plugin_node]: WindPlugin: set wind_speed=1.98 wind_direction=-70.5
[gzserver-2] [INFO] [1773117153.053105484] [gazebo_wind_plugin_node]: WindPlugin: set wind_speed=1.98 wind_direction=-70.5
[gzserver-2] [INFO] [1773117153.288364686] [gazebo_wind_plugin_node]: WindPlugin: set wind_speed=1.98 wind_direction=-70.5
[gzserver-2] [INFO] [1773117153.522717575] [gazebo_wind_plugin_node]: WindPlugin: set wind_speed=1.98 wind_direction=-70.5
[gzserver-2] [INFO] [1773117153.757575808] [gazebo_wind_plugin_node]: WindPlugin: set wind_speed=1.98 wind_direction=-70.5
[gzserver-2] [INFO] [1773117153.996990980] [gazebo_wind_plugin_node]: WindPlugin: set wind_speed=1.87 wind_direction=-72.7
[gzserver-2] [INFO] [1773117154.034636806] [drone.simple_drone]: Quadrotor lands!!
[gzserver-2] [INFO] [1773117154.236069741] [gazebo_wind_plugin_node]: WindPlugin: set wind_speed=1.87 wind_direction=-72.7
[gzserver-2] [INFO] [1773117154.475806939] [gazebo_wind_plugin_node]: WindPlugin: set wind_speed=1.87 wind_direction=-72.7
[gzserver-2] [INFO] [1773117154.715270403] [gazebo_wind_plugin_node]: WindPlugin: set wind_speed=1.87 wind_direction=-72.7
[gzserver-2] [INFO] [1773117154.951600788] [gazebo_wind_plugin_node]: WindPlugin: set wind_speed=1.87 wind_direction=-71.9
[gzserver-2] [1;36m[Dbg] [wind_plugin.cpp:110] [0m[1;36mWindPlugin: received command -> speed=[0m[1;36m0[0m[1;36m dir=[0m[1;36m0[0m[1;36m
[gzserver-2] [0m[1;36m[Dbg] [wind_plugin.cpp:110] [0m[1;36mWindPlugin: received command -> speed=[0m[1;36m2.06356[0m[1;36m dir=[0m[1;36m-67.2261[0m[1;36m
[gzserver-2] [0m[1;36m[Dbg] [wind_plugin.cpp:110] [0m[1;36mWindPlugin: received command -> speed=[0m[1;36m2.06356[0m[1;36m dir=[0m[1;36m-67.2261[0m[1;36m
[gzserver-2] [0m[1;36m[Dbg] [wind_plugin.cpp:110] [0m[1;36mWindPlugin: received command -> speed=[0m[1;36m1.99323[0m[1;36m dir=[0m[1;36m-67.7748[0m[1;36m
[gzserver-2] [0m[1;36m[Dbg] [wind_plugin.cpp:110] [0m[1;36mWindPlugin: received command -> speed=[0m[1;36m1.99323[0m[1;36m dir=[0m[1;36m-67.7748[0m[1;36m
[gzserver-2] [0m[1;36m[Dbg] [wind_plugin.cpp:110] [0m[1;36mWindPlugin: received command -> speed=[0m[1;36m1.99323[0m[1;36m dir=[0m[1;36m-67.7748[0m[1;36m
[gzserver-2] [0m[1;36m[Dbg] [wind_plugin.cpp:110] [0m[1;36mWindPlugin: received command -> speed=[0m[1;36m1.99323[0m[1;36m dir=[0m[1;36m-67.7748[0m[1;36m
[gzserver-2] [0m[1;36m[Dbg] [wind_plugin.cpp:110] [0m[1;36mWindPlugin: received command -> speed=[0m[1;36m1.96613[0m[1;36m dir=[0m[1;36m-68.6886[0m[1;36m
[gzserver-2] [0m[1;36m[Dbg] [wind_plugin.cpp:110] [0m[1;36mWindPlugin: received command -> speed=[0m[1;36m1.96613[0m[1;36m dir=[0m[1;36m-68.6886[0m[1;36m
[gzserver-2] [0m[1;36m[Dbg] [wind_plugin.cpp:110] [0m[1;36mWindPlugin: received command -> speed=[0m[1;36m1.96613[0m[1;36m dir=[0m[1;36m-68.6886[0m[1;36m
[gzserver-2] [0m[1;36m[Dbg] [wind_plugin.cpp:110] [0m[1;36mWindPlugin: received command -> speed=[0m[1;36m1.96613[0m[1;36m dir=[0m[1;36m-68.6886[0m[1;36m
[gzserver-2] [0m[1;36m[Dbg] [wind_plugin.cpp:110] [0m[1;36mWindPlugin: received command -> speed=[0m[1;36m1.97506[0m[1;36m dir=[0m[1;36m-70.4977[0m[1;36m
[gzserver-2] [0m[1;36m[Dbg] [wind_plugin.cpp:110] [0m[1;36mWindPlugin: received command -> speed=[0m[1;36m1.97506[0m[1;36m dir=[0m[1;36m-70.4977[0m[1;36m
[gzserver-2] [0m[1;36m[Dbg] [wind_plugin.cpp:110] [0m[1;36mWindPlugin: received command -> speed=[0m[1;36m1.97506[0m[1;36m dir=[0m[1;36m-70.4977[0m[1;36m
[gzserver-2] [0m[1;36m[Dbg] [wind_plugin.cpp:110] [0m[1;36mWindPlugin: received command -> speed=[0m[1;36m1.97506[0m[1;36m dir=[0m[1;36m-70.4977[0m[1;36m
[gzserver-2] [0m[1;36m[Dbg] [wind_plugin.cpp:110] [0m[1;36mWindPlugin: received command -> speed=[0m[1;36m1.97506[0m[1;36m dir=[0m[1;36m-70.4977[0m[1;36m
[gzserver-2] [0m[1;36m[Dbg] [wind_plugin.cpp:110] [0m[1;36mWindPlugin: received command -> speed=[0m[1;36m1.87228[0m[1;36m dir=[0m[1;36m-72.7002[0m[1;36m
[gzserver-2] [0m[1;36m[Dbg] [wind_plugin.cpp:110] [0m[1;36mWindPlugin: received command -> speed=[0m[1;36m1.87228[0m[1;36m dir=[0m[1;36m-72.7002[0m[1;36m
[gzserver-2] [0m[1;36m[Dbg] [wind_plugin.cpp:110] [0m[1;36mWindPlugin: received command -> speed=[0m[1;36m1.87228[0m[1;36m dir=[0m[1;36m-72.7002[0m[1;36m
[gzserver-2] [0m[1;36m[Dbg] [wind_plugin.cpp:110] [0m[1;36mWindPlugin: received command -> speed=[0m[1;36m1.87228[0m[1;36m dir=[0m[1;36m-72.7002[0m[1;36m
[gzserver-2] [0m[1;36m[Dbg] [wind_plugin.cpp:110] [0m[1;36mWindPlugin: received command -> speed=[0m[1;36m1.86676[0m[1;36m dir=[0m[1;36m-71.9336[0m[1;36m
[gzserver-2] [0mLanded!
[gzserver-2] [INFO] [1773117155.191400107] [gazebo_wind_plugin_node]: WindPlugin: set wind_speed=1.87 wind_direction=-71.9
[gzserver-2] [INFO] [1773117155.431402088] [gazebo_wind_plugin_node]: WindPlugin: set wind_speed=1.87 wind_direction=-71.9
[gzserver-2] [INFO] [1773117155.670700689] [gazebo_wind_plugin_node]: WindPlugin: set wind_speed=1.87 wind_direction=-71.9
[gzserver-2] [INFO] [1773117155.905191278] [gazebo_wind_plugin_node]: WindPlugin: set wind_speed=1.92 wind_direction=-71.3
[gzserver-2] [INFO] [1773117156.139700163] [gazebo_wind_plugin_node]: WindPlugin: set wind_speed=1.92 wind_direction=-71.3
[gzserver-2] [INFO] [1773117156.373741865] [gazebo_wind_plugin_node]: WindPlugin: set wind_speed=1.92 wind_direction=-71.3
[gzserver-2] [INFO] [1773117156.603091978] [gazebo_wind_plugin_node]: WindPlugin: set wind_speed=1.92 wind_direction=-71.3
[gzserver-2] [INFO] [1773117156.842052989] [gazebo_wind_plugin_node]: WindPlugin: set wind_speed=1.85 wind_direction=-73.6
