[INFO] [launch]: All log files can be found below /home/j/.ros/log/2026-03-11-05-28-40-840881-j-634212
[INFO] [launch]: Default logging verbosity is set to INFO
[INFO] [launch.user]: [bringup] Apriltag config: camera=/drone/bottom, image=/drone/bottom/image_raw, tags=/drone/bottom/tags, bridge=/landing_tag_state, standalone=true, use_target_id=true, target_id=0
[INFO] [rviz2-1]: process started with pid [634223]
[INFO] [gzserver-2]: process started with pid [634225]
[INFO] [robot_state_publisher-3]: process started with pid [634227]
[INFO] [joint_state_publisher-4]: process started with pid [634229]
[INFO] [spawn_drone-5]: process started with pid [634231]
[INFO] [static_transform_publisher-6]: process started with pid [634233]
[INFO] [joy_node-7]: process started with pid [634235]
[INFO] [teleop_joystick-8]: process started with pid [634237]
[INFO] [apriltag_detector_node-9]: process started with pid [634239]
[INFO] [apriltag_state_bridge-10]: process started with pid [634241]
[static_transform_publisher-6] [WARN] [1773174521.316373761] []: Old-style arguments are deprecated; see --help for new-style arguments
[static_transform_publisher-6] [INFO] [1773174521.322920872] [static_transform_publisher_A7wqXYn3TJ7vCUXn]: Spinning until stopped - publishing transform
[static_transform_publisher-6] translation: ('0.000000', '0.000000', '0.000000')
[static_transform_publisher-6] rotation: ('0.000000', '0.000000', '0.000000', '1.000000')
[static_transform_publisher-6] from 'world' to '/drone/odom'
[rviz2-1] 
[rviz2-1] (rviz2:634223): dbind-WARNING **: 05:28:41.339: Couldn't connect to accessibility bus: Failed to connect to socket /root/.cache/at-spi/bus_0: 허가 거부
[robot_state_publisher-3] [INFO] [1773174521.346570560] [drone.robot_state_publisher]: got segment base_footprint
[robot_state_publisher-3] [INFO] [1773174521.346659914] [drone.robot_state_publisher]: got segment base_link
[robot_state_publisher-3] [INFO] [1773174521.346671853] [drone.robot_state_publisher]: got segment bottom_cam_link
[robot_state_publisher-3] [INFO] [1773174521.346680104] [drone.robot_state_publisher]: got segment front_cam_link
[robot_state_publisher-3] [INFO] [1773174521.346687269] [drone.robot_state_publisher]: got segment sonar_link
[apriltag_detector_node-9] [INFO] [1773174521.350703785] [apriltag_detector_node]: tag detector type: umich
[teleop_joystick-8] Traceback (most recent call last):
[teleop_joystick-8]   File "/home/j/INCSL/IICC26_ws/install/sjtu_drone_control/lib/sjtu_drone_control/teleop_joystick", line 33, in <module>
[teleop_joystick-8]     sys.exit(load_entry_point('sjtu_drone_control==0.0.0', 'console_scripts', 'teleop_joystick')())
[teleop_joystick-8]   File "/home/j/INCSL/IICC26_ws/install/sjtu_drone_control/lib/sjtu_drone_control/teleop_joystick", line 22, in importlib_load_entry_point
[teleop_joystick-8]     for entry_point in distribution(dist_name).entry_points
[teleop_joystick-8]   File "/usr/lib/python3.10/importlib/metadata/__init__.py", line 969, in distribution
[teleop_joystick-8]     return Distribution.from_name(distribution_name)
[teleop_joystick-8]   File "/usr/lib/python3.10/importlib/metadata/__init__.py", line 548, in from_name
[teleop_joystick-8]     raise PackageNotFoundError(name)
[teleop_joystick-8] importlib.metadata.PackageNotFoundError: No package metadata was found for sjtu_drone_control
[ERROR] [teleop_joystick-8]: process has died [pid 634237, exit code 1, cmd '/home/j/INCSL/IICC26_ws/install/sjtu_drone_control/lib/sjtu_drone_control/teleop_joystick --ros-args -r __ns:=/drone'].
[gzserver-2] Gazebo multi-robot simulator, version 11.10.2
[gzserver-2] Copyright (C) 2012 Open Source Robotics Foundation.
[gzserver-2] Released under the Apache 2 License.
[gzserver-2] http://gazebosim.org
[gzserver-2] 
[apriltag_state_bridge-10] [INFO] [1773174521.572478481] [apriltag_state_bridge]: AprilTag bridge started: /drone/bottom/tags -> /landing_tag_state, use_target_id=True, target_id=0
[joint_state_publisher-4] [INFO] [1773174521.605412225] [drone.joint_state_publisher]: Waiting for robot_description to be published on the robot_description topic...
[gzserver-2] [1;33m[Wrn] [gazebo_ros_init.cpp:178] [0m[1;33m
[gzserver-2] #     # ####### ####### ###  #####  #######
[gzserver-2] ##    # #     #    #     #  #     # #
[gzserver-2] # #   # #     #    #     #  #       #
[gzserver-2] #  #  # #     #    #     #  #       #####
[gzserver-2] #   # # #     #    #     #  #       #
[gzserver-2] #    ## #     #    #     #  #     # #
[gzserver-2] #     # #######    #    ###  #####  #######
[gzserver-2] 
[gzserver-2] This version of Gazebo, now called Gazebo classic, reaches end-of-life
[gzserver-2] in January 2025. Users are highly encouraged to migrate to the new Gazebo
[gzserver-2] using our migration guides (https://gazebosim.org/docs/latest/gazebo_classic_migration?utm_source=gazebo_ros_pkgs&utm_medium=cli)
[gzserver-2] 
[gzserver-2] [0m[1;33m
[rviz2-1] [INFO] [1773174521.762601216] [rviz2]: Stereo is NOT SUPPORTED
[rviz2-1] [INFO] [1773174521.762690454] [rviz2]: OpenGl version: 4.6 (GLSL 4.6)
[rviz2-1] [INFO] [1773174521.850909311] [rviz2]: Stereo is NOT SUPPORTED
[rviz2-1] [INFO] [1773174522.015530790] [rviz2]: Stereo is NOT SUPPORTED
[gzserver-2] [1;32m[Msg] [0m[1;32mWaiting for master.[0m[1;32m
[gzserver-2] [0m[1;32m[0m[1;32m[0m[1;32m[Msg] [0m[1;32mConnected to gazebo master @ [0m[1;32mhttp://127.0.0.1:11345[0m[1;32m
[gzserver-2] [0m[1;32m[0m[1;32m[0m[1;32m[Msg] [0m[1;32mPublicized address: [0m[1;32m192.168.0.11[0m[1;32m
[gzserver-2] [0m[1;32m[0m[1;32m[0m[1;32m[Msg] [0m[1;32mLoading world file [[0m[1;32m/home/j/INCSL/IICC26_ws/install/sjtu_drone_description/share/sjtu_drone_description/worlds/landingPad.world[0m[1;32m][0m[1;32m
[gzserver-2] [0m[1;32m[0m[1;32m[0m[1;36m[Dbg] [wind_plugin.cpp:96] [0m[1;36mWindPlugin loaded: speed=[0m[1;36m0[0m[1;36m dir=[0m[1;36m0[0m[1;36m deg area=[0m[1;36m0.1[0m[1;36m coeff=[0m[1;36m1[0m[1;36m
[gzserver-2] [0m[1;33m[0m[1;33m[0m[1;31m[Err] [Sensor.cc:510] [0m[1;31mGet noise index not valid[0m[1;31m
[gzserver-2] [0m[1;31m[0m[1;31m[0m[1;31m[Err] [Sensor.cc:510] [0m[1;31mGet noise index not valid[0m[1;31m
[gzserver-2] [0m[1;31m[0m[1;31m[0m[1;31m[Err] [Sensor.cc:510] [0m[1;31mGet noise index not valid[0m[1;31m
[gzserver-2] [0m[1;31m[0m[1;31m[0m[1;31m[Err] [Sensor.cc:510] [0m[1;31mGet noise index not valid[0m[1;31m
[gzserver-2] [0m[1;31m[0m[1;31m[0m[1;31m[Err] [Sensor.cc:510] [0m[1;31mGet noise index not valid[0m[1;31m
[gzserver-2] [0m[1;31m[0m[1;31m[0m[1;31m[Err] [Sensor.cc:510] [0m[1;31mGet noise index not valid[0m[1;31m
[gzserver-2] [0m[1;31m[0m[1;31m[0mTopic [default//drone/base_footprint/down_camera/image] is not valid.
[gzserver-2] [INFO] [1773174522.692683163] [drone.collision_plugin]: Publishing contact states to [/drone/bumper_states]
[gzserver-2] Topic [default//drone/base_footprint/front_camera/image] is not valid.
[gzserver-2] [1;33m[Wrn] [Event.cc:61] [0m[1;33mWarning: Deleting a connection right after creation. [0m[1;33mMake sure to save the ConnectionPtr from a Connect call
[gzserver-2] [0m[INFO] [1773174523.250989487] [drone.camera_bottom]: Publishing camera info to [/drone/bottom/camera_info]
[gzserver-2] [INFO] [1773174523.255666032] [drone.camera_front]: Publishing camera info to [/drone/front/camera_info]
[spawn_drone-5] [INFO] [1773174523.266232048] [spawn_drone]: Result True SpawnEntity: Successfully spawned entity [/drone]
[gzserver-2] [INFO] [1773174523.377344684] [drone.simple_drone]: The drone plugin is loading!
[gzserver-2] [INFO] [1773174523.377553537] [drone.simple_drone]: pub_odom: 1
[gzserver-2] [INFO] [1773174523.377587083] [drone.simple_drone]: Using following parameters: 
[gzserver-2] 		link_name: base_footprint,
[gzserver-2] 		max_force: 30,
[gzserver-2] 		motion_small_noise: 0,
[gzserver-2] 		motion_drift_noise: 0,
[gzserver-2] 		motion_drift_noise_time: 50,
[gzserver-2] 		takeoff_hover_height: 1.93,
[gzserver-2] 		takeoff_vertical_speed: 0.2
[gzserver-2] [INFO] [1773174523.390836496] [drone.simple_drone]: Using the PID parameters: 
[gzserver-2] 	Roll Pitch:
[gzserver-2] 		kP: 10, kI: 0,kD: 5, Limit: 0.5, Time Constant: 0
[gzserver-2] 	Yaw:
[gzserver-2] 		kP: 2, kI: 0,kD: 1, Limit: 1.5, Time Constant: 0
[gzserver-2] 	Velocity X:
[gzserver-2] 		kP: 5, kI: 0,kD: 2.3, Limit: 2, Time Constant: 0
[gzserver-2] 	Velocity Y:
[gzserver-2] 		kP: 5, kI: 0,kD: 2.3, Limit: 2, Time Constant: 0
[gzserver-2] 	Velocity Z:
[gzserver-2] 		kP: 5, kI: 0,kD: 1, Limit: -1, Time Constant: 0
[gzserver-2] 	Position XY:
[gzserver-2] 		kP: 1.1, kI: 0,kD: 0, Limit: 5, Time Constant: 0
[gzserver-2] 	Position Z:
[gzserver-2] 		kP: 1, kI: 0,kD: 0.2, Limit: -1, Time Constant: 0
[gzserver-2] [INFO] [1773174523.390974831] [drone.simple_drone]: The drone plugin finished loading!
[INFO] [spawn_drone-5]: process has finished cleanly [pid 634231]
[gzserver-2] [INFO] [1773174530.678857801] [gazebo_wind_plugin_node]: WindPlugin: set wind_speed=0.00 wind_direction=0.0
[gzserver-2] [INFO] [1773174530.945297754] [gazebo_wind_plugin_node]: WindPlugin: set wind_speed=0.00 wind_direction=0.0
[gzserver-2] [INFO] [1773174530.983687193] [drone.simple_drone]: Quadrotor takes off!!
[gzserver-2] [INFO] [1773174531.184743764] [gazebo_wind_plugin_node]: WindPlugin: set wind_speed=0.00 wind_direction=0.0
[gzserver-2] [INFO] [1773174531.424739848] [gazebo_wind_plugin_node]: WindPlugin: set wind_speed=0.00 wind_direction=0.0
[gzserver-2] [INFO] [1773174531.659145495] [gazebo_wind_plugin_node]: WindPlugin: set wind_speed=0.00 wind_direction=0.0
[gzserver-2] [INFO] [1773174531.898382844] [gazebo_wind_plugin_node]: WindPlugin: set wind_speed=0.00 wind_direction=0.0
[gzserver-2] [INFO] [1773174532.133607402] [gazebo_wind_plugin_node]: WindPlugin: set wind_speed=0.00 wind_direction=0.0
[gzserver-2] [INFO] [1773174532.367866023] [gazebo_wind_plugin_node]: WindPlugin: set wind_speed=0.00 wind_direction=0.0
[gzserver-2] [0m[1;36m[Dbg] [wind_plugin.cpp:110] [0m[1;36mWindPlugin: received command -> speed=[0m[1;36m0[0m[1;36m dir=[0m[1;36m0[0m[1;36m
[gzserver-2] [0m[1;36m[Dbg] [wind_plugin.cpp:110] [0m[1;36mWindPlugin: received command -> speed=[0m[1;36m0[0m[1;36m dir=[0m[1;36m0[0m[1;36m
[gzserver-2] [0m[1;36m[Dbg] [wind_plugin.cpp:110] [0m[1;36mWindPlugin: received command -> speed=[0m[1;36m0[0m[1;36m dir=[0m[1;36m0[0m[1;36m
[gzserver-2] [0m[1;36m[Dbg] [wind_plugin.cpp:110] [0m[1;36mWindPlugin: received command -> speed=[0m[1;36m0[0m[1;36m dir=[0m[1;36m0[0m[1;36m
[gzserver-2] [0m[1;36m[Dbg] [wind_plugin.cpp:110] [0m[1;36mWindPlugin: received command -> speed=[0m[1;36m0[0m[1;36m dir=[0m[1;36m0[0m[1;36m
[gzserver-2] [0m[1;36m[Dbg] [wind_plugin.cpp:110] [0m[1;36mWindPlugin: received command -> speed=[0m[1;36m0[0m[1;36m dir=[0m[1;36m0[0m[1;36m
[gzserver-2] [0m[1;36m[Dbg] [wind_plugin.cpp:110] [0m[1;36mWindPlugin: received command -> speed=[0m[1;36m0[0m[1;36m dir=[0m[1;36m0[0m[1;36m
[gzserver-2] [0m[1;36m[Dbg] [wind_plugin.cpp:110] [0m[1;36mWindPlugin: received command -> speed=[0m[1;36m0[0m[1;36m dir=[0m[1;36m0[0m[1;36m
[gzserver-2] [0mEntering flying model!
[gzserver-2] [INFO] [1773174532.602081169] [gazebo_wind_plugin_node]: WindPlugin: set wind_speed=0.00 wind_direction=0.0
[gzserver-2] [INFO] [1773174532.836600620] [gazebo_wind_plugin_node]: WindPlugin: set wind_speed=1.00 wind_direction=-110.6
[gzserver-2] [INFO] [1773174533.076623822] [gazebo_wind_plugin_node]: WindPlugin: set wind_speed=1.00 wind_direction=-110.6
[gzserver-2] [INFO] [1773174533.315864901] [gazebo_wind_plugin_node]: WindPlugin: set wind_speed=0.82 wind_direction=-107.7
[gzserver-2] [INFO] [1773174533.544843885] [gazebo_wind_plugin_node]: WindPlugin: set wind_speed=0.82 wind_direction=-107.7
[gzserver-2] [INFO] [1773174533.773951189] [gazebo_wind_plugin_node]: WindPlugin: set wind_speed=0.82 wind_direction=-107.7
[gzserver-2] [INFO] [1773174534.013170006] [gazebo_wind_plugin_node]: WindPlugin: set wind_speed=0.82 wind_direction=-107.7
[gzserver-2] [INFO] [1773174534.252034337] [gazebo_wind_plugin_node]: WindPlugin: set wind_speed=1.15 wind_direction=-111.4
[gzserver-2] [INFO] [1773174534.486413689] [gazebo_wind_plugin_node]: WindPlugin: set wind_speed=1.15 wind_direction=-111.4
[gzserver-2] [INFO] [1773174534.726411434] [gazebo_wind_plugin_node]: WindPlugin: set wind_speed=1.15 wind_direction=-111.4
[gzserver-2] [INFO] [1773174534.965897788] [gazebo_wind_plugin_node]: WindPlugin: set wind_speed=1.15 wind_direction=-111.4
[gzserver-2] [INFO] [1773174535.200024349] [gazebo_wind_plugin_node]: WindPlugin: set wind_speed=1.09 wind_direction=-112.7
[gzserver-2] [INFO] [1773174535.439715967] [gazebo_wind_plugin_node]: WindPlugin: set wind_speed=1.09 wind_direction=-112.7
[gzserver-2] [INFO] [1773174535.678954437] [gazebo_wind_plugin_node]: WindPlugin: set wind_speed=1.09 wind_direction=-112.7
[gzserver-2] [INFO] [1773174535.918399660] [gazebo_wind_plugin_node]: WindPlugin: set wind_speed=1.09 wind_direction=-112.7
[gzserver-2] [INFO] [1773174536.157800982] [gazebo_wind_plugin_node]: WindPlugin: set wind_speed=1.09 wind_direction=-112.7
[gzserver-2] [INFO] [1773174536.402848670] [gazebo_wind_plugin_node]: WindPlugin: set wind_speed=1.18 wind_direction=-110.1
[gzserver-2] [INFO] [1773174536.445523432] [drone.simple_drone]: Quadrotor lands!!
[gzserver-2] [INFO] [1773174536.646770924] [gazebo_wind_plugin_node]: WindPlugin: set wind_speed=1.18 wind_direction=-110.1
[gzserver-2] [INFO] [1773174536.886385715] [gazebo_wind_plugin_node]: WindPlugin: set wind_speed=1.18 wind_direction=-110.1
[gzserver-2] [INFO] [1773174537.121371796] [gazebo_wind_plugin_node]: WindPlugin: set wind_speed=1.18 wind_direction=-110.1
[gzserver-2] [INFO] [1773174537.360674686] [gazebo_wind_plugin_node]: WindPlugin: set wind_speed=1.08 wind_direction=-111.4
[gzserver-2] [1;36m[Dbg] [wind_plugin.cpp:110] [0m[1;36mWindPlugin: received command -> speed=[0m[1;36m0[0m[1;36m dir=[0m[1;36m0[0m[1;36m
[gzserver-2] [0m[1;36m[Dbg] [wind_plugin.cpp:110] [0m[1;36mWindPlugin: received command -> speed=[0m[1;36m1.005[0m[1;36m dir=[0m[1;36m-110.614[0m[1;36m
[gzserver-2] [0m[1;36m[Dbg] [wind_plugin.cpp:110] [0m[1;36mWindPlugin: received command -> speed=[0m[1;36m1.005[0m[1;36m dir=[0m[1;36m-110.614[0m[1;36m
[gzserver-2] [0m[1;36m[Dbg] [wind_plugin.cpp:110] [0m[1;36mWindPlugin: received command -> speed=[0m[1;36m0.819566[0m[1;36m dir=[0m[1;36m-107.737[0m[1;36m
[gzserver-2] [0m[1;36m[Dbg] [wind_plugin.cpp:110] [0m[1;36mWindPlugin: received command -> speed=[0m[1;36m0.819566[0m[1;36m dir=[0m[1;36m-107.737[0m[1;36m
[gzserver-2] [0m[1;36m[Dbg] [wind_plugin.cpp:110] [0m[1;36mWindPlugin: received command -> speed=[0m[1;36m0.819566[0m[1;36m dir=[0m[1;36m-107.737[0m[1;36m
[gzserver-2] [0m[1;36m[Dbg] [wind_plugin.cpp:110] [0m[1;36mWindPlugin: received command -> speed=[0m[1;36m0.819566[0m[1;36m dir=[0m[1;36m-107.737[0m[1;36m
[gzserver-2] [0m[1;36m[Dbg] [wind_plugin.cpp:110] [0m[1;36mWindPlugin: received command -> speed=[0m[1;36m1.152[0m[1;36m dir=[0m[1;36m-111.385[0m[1;36m
[gzserver-2] [0m[1;36m[Dbg] [wind_plugin.cpp:110] [0m[1;36mWindPlugin: received command -> speed=[0m[1;36m1.152[0m[1;36m dir=[0m[1;36m-111.385[0m[1;36m
[gzserver-2] [0m[1;36m[Dbg] [wind_plugin.cpp:110] [0m[1;36mWindPlugin: received command -> speed=[0m[1;36m1.152[0m[1;36m dir=[0m[1;36m-111.385[0m[1;36m
[gzserver-2] [0m[1;36m[Dbg] [wind_plugin.cpp:110] [0m[1;36mWindPlugin: received command -> speed=[0m[1;36m1.152[0m[1;36m dir=[0m[1;36m-111.385[0m[1;36m
[gzserver-2] [0m[1;36m[Dbg] [wind_plugin.cpp:110] [0m[1;36mWindPlugin: received command -> speed=[0m[1;36m1.0927[0m[1;36m dir=[0m[1;36m-112.684[0m[1;36m
[gzserver-2] [0m[1;36m[Dbg] [wind_plugin.cpp:110] [0m[1;36mWindPlugin: received command -> speed=[0m[1;36m1.0927[0m[1;36m dir=[0m[1;36m-112.684[0m[1;36m
[gzserver-2] [0m[1;36m[Dbg] [wind_plugin.cpp:110] [0m[1;36mWindPlugin: received command -> speed=[0m[1;36m1.0927[0m[1;36m dir=[0m[1;36m-112.684[0m[1;36m
[gzserver-2] [0m[1;36m[Dbg] [wind_plugin.cpp:110] [0m[1;36mWindPlugin: received command -> speed=[0m[1;36m1.0927[0m[1;36m dir=[0m[1;36m-112.684[0m[1;36m
[gzserver-2] [0m[1;36m[Dbg] [wind_plugin.cpp:110] [0m[1;36mWindPlugin: received command -> speed=[0m[1;36m1.0927[0m[1;36m dir=[0m[1;36m-112.684[0m[1;36m
[gzserver-2] [0m[1;36m[Dbg] [wind_plugin.cpp:110] [0m[1;36mWindPlugin: received command -> speed=[0m[1;36m1.17894[0m[1;36m dir=[0m[1;36m-110.056[0m[1;36m
[gzserver-2] [0m[1;36m[Dbg] [wind_plugin.cpp:110] [0m[1;36mWindPlugin: received command -> speed=[0m[1;36m1.17894[0m[1;36m dir=[0m[1;36m-110.056[0m[1;36m
[gzserver-2] [0m[1;36m[Dbg] [wind_plugin.cpp:110] [0m[1;36mWindPlugin: received command -> speed=[0m[1;36m1.17894[0m[1;36m dir=[0m[1;36m-110.056[0m[1;36m
[gzserver-2] [0m[1;36m[Dbg] [wind_plugin.cpp:110] [0m[1;36mWindPlugin: received command -> speed=[0m[1;36m1.17894[0m[1;36m dir=[0m[1;36m-110.056[0m[1;36m
[gzserver-2] [0m[1;36m[Dbg] [wind_plugin.cpp:110] [0m[1;36mWindPlugin: received command -> speed=[0m[1;36m1.07524[0m[1;36m dir=[0m[1;36m-111.424[0m[1;36m
[gzserver-2] [0mLanded!
[gzserver-2] [INFO] [1773174537.594881260] [gazebo_wind_plugin_node]: WindPlugin: set wind_speed=1.08 wind_direction=-111.4
[gzserver-2] [INFO] [1773174537.834277270] [gazebo_wind_plugin_node]: WindPlugin: set wind_speed=1.08 wind_direction=-111.4
[gzserver-2] [INFO] [1773174538.069306024] [gazebo_wind_plugin_node]: WindPlugin: set wind_speed=1.08 wind_direction=-111.4
[gzserver-2] [INFO] [1773174538.310198859] [gazebo_wind_plugin_node]: WindPlugin: set wind_speed=1.13 wind_direction=-114.2
[gzserver-2] [INFO] [1773174538.549678040] [gazebo_wind_plugin_node]: WindPlugin: set wind_speed=1.13 wind_direction=-114.2
[gzserver-2] [INFO] [1773174538.783846017] [gazebo_wind_plugin_node]: WindPlugin: set wind_speed=1.13 wind_direction=-114.2
[gzserver-2] [INFO] [1773174539.019418294] [gazebo_wind_plugin_node]: WindPlugin: set wind_speed=1.13 wind_direction=-114.2
[gzserver-2] [INFO] [1773174539.253623864] [gazebo_wind_plugin_node]: WindPlugin: set wind_speed=1.06 wind_direction=-109.9
