[INFO] [launch]: All log files can be found below /home/j/.ros/log/2026-03-10-21-40-38-876704-j-824186
[INFO] [launch]: Default logging verbosity is set to INFO
[INFO] [launch.user]: [bringup] Apriltag config: camera=/drone/bottom, image=/drone/bottom/image_raw, tags=/drone/bottom/tags, bridge=/landing_tag_state, standalone=true, use_target_id=true, target_id=0
[INFO] [rviz2-1]: process started with pid [824189]
[INFO] [gzserver-2]: process started with pid [824191]
[INFO] [robot_state_publisher-3]: process started with pid [824193]
[INFO] [joint_state_publisher-4]: process started with pid [824195]
[INFO] [spawn_drone-5]: process started with pid [824197]
[INFO] [static_transform_publisher-6]: process started with pid [824199]
[INFO] [joy_node-7]: process started with pid [824201]
[INFO] [teleop_joystick-8]: process started with pid [824203]
[INFO] [apriltag_detector_node-9]: process started with pid [824206]
[INFO] [apriltag_state_bridge-10]: process started with pid [824208]
[static_transform_publisher-6] [WARN] [1773146439.349046621] []: Old-style arguments are deprecated; see --help for new-style arguments
[static_transform_publisher-6] [INFO] [1773146439.356588484] [static_transform_publisher_MlkLzEwMTg20JP1C]: Spinning until stopped - publishing transform
[static_transform_publisher-6] translation: ('0.000000', '0.000000', '0.000000')
[static_transform_publisher-6] rotation: ('0.000000', '0.000000', '0.000000', '1.000000')
[static_transform_publisher-6] from 'world' to '/drone/odom'
[robot_state_publisher-3] [INFO] [1773146439.371443047] [drone.robot_state_publisher]: got segment base_footprint
[robot_state_publisher-3] [INFO] [1773146439.371508952] [drone.robot_state_publisher]: got segment base_link
[robot_state_publisher-3] [INFO] [1773146439.371514546] [drone.robot_state_publisher]: got segment bottom_cam_link
[robot_state_publisher-3] [INFO] [1773146439.371517970] [drone.robot_state_publisher]: got segment front_cam_link
[robot_state_publisher-3] [INFO] [1773146439.371520779] [drone.robot_state_publisher]: got segment sonar_link
[rviz2-1] 
[rviz2-1] (rviz2:824189): dbind-WARNING **: 21:40:39.372: Couldn't connect to accessibility bus: Failed to connect to socket /root/.cache/at-spi/bus_0: 허가 거부
[apriltag_detector_node-9] [INFO] [1773146439.390043644] [apriltag_detector_node]: tag detector type: umich
[teleop_joystick-8] Traceback (most recent call last):
[teleop_joystick-8]   File "/home/j/INCSL/IICC26_ws/install/sjtu_drone_control/lib/sjtu_drone_control/teleop_joystick", line 33, in <module>
[teleop_joystick-8]     sys.exit(load_entry_point('sjtu_drone_control==0.0.0', 'console_scripts', 'teleop_joystick')())
[teleop_joystick-8]   File "/home/j/INCSL/IICC26_ws/install/sjtu_drone_control/lib/sjtu_drone_control/teleop_joystick", line 22, in importlib_load_entry_point
[teleop_joystick-8]     for entry_point in distribution(dist_name).entry_points
[teleop_joystick-8]   File "/usr/lib/python3.10/importlib/metadata/__init__.py", line 969, in distribution
[teleop_joystick-8]     return Distribution.from_name(distribution_name)
[teleop_joystick-8]   File "/usr/lib/python3.10/importlib/metadata/__init__.py", line 548, in from_name
[teleop_joystick-8]     raise PackageNotFoundError(name)
[teleop_joystick-8] importlib.metadata.PackageNotFoundError: No package metadata was found for sjtu_drone_control
[ERROR] [teleop_joystick-8]: process has died [pid 824203, exit code 1, cmd '/home/j/INCSL/IICC26_ws/install/sjtu_drone_control/lib/sjtu_drone_control/teleop_joystick --ros-args -r __ns:=/drone'].
[gzserver-2] Gazebo multi-robot simulator, version 11.10.2
[gzserver-2] Copyright (C) 2012 Open Source Robotics Foundation.
[gzserver-2] Released under the Apache 2 License.
[gzserver-2] http://gazebosim.org
[gzserver-2] 
[joint_state_publisher-4] [INFO] [1773146439.556624004] [drone.joint_state_publisher]: Waiting for robot_description to be published on the robot_description topic...
[apriltag_state_bridge-10] [INFO] [1773146439.601561505] [apriltag_state_bridge]: AprilTag bridge started: /drone/bottom/tags -> /landing_tag_state, use_target_id=True, target_id=0
[gzserver-2] [1;33m[Wrn] [gazebo_ros_init.cpp:178] [0m[1;33m
[gzserver-2] #     # ####### ####### ###  #####  #######
[gzserver-2] ##    # #     #    #     #  #     # #
[gzserver-2] # #   # #     #    #     #  #       #
[gzserver-2] #  #  # #     #    #     #  #       #####
[gzserver-2] #   # # #     #    #     #  #       #
[gzserver-2] #    ## #     #    #     #  #     # #
[gzserver-2] #     # #######    #    ###  #####  #######
[gzserver-2] 
[gzserver-2] This version of Gazebo, now called Gazebo classic, reaches end-of-life
[gzserver-2] in January 2025. Users are highly encouraged to migrate to the new Gazebo
[gzserver-2] using our migration guides (https://gazebosim.org/docs/latest/gazebo_classic_migration?utm_source=gazebo_ros_pkgs&utm_medium=cli)
[gzserver-2] 
[gzserver-2] [0m[1;33m
[rviz2-1] [INFO] [1773146440.124279587] [rviz2]: Stereo is NOT SUPPORTED
[rviz2-1] [INFO] [1773146440.124392664] [rviz2]: OpenGl version: 4.6 (GLSL 4.6)
[rviz2-1] [INFO] [1773146440.240657097] [rviz2]: Stereo is NOT SUPPORTED
[rviz2-1] [INFO] [1773146440.363543160] [rviz2]: Stereo is NOT SUPPORTED
[spawn_drone-5] [INFO] [1773146440.846276286] [spawn_drone]: Result False Entity pushed to spawn queue, but spawn service timed outwaiting for entity to appear in simulation under the name [/drone]
[gzserver-2] [1;32m[Msg] [0m[1;32mWaiting for master.[0m[1;32m
[gzserver-2] [0m[1;32m[0m[1;32m[0m[1;32m[Msg] [0m[1;32mConnected to gazebo master @ [0m[1;32mhttp://127.0.0.1:11345[0m[1;32m
[gzserver-2] [0m[1;32m[0m[1;32m[0m[1;32m[Msg] [0m[1;32mPublicized address: [0m[1;32m192.168.0.11[0m[1;32m
[gzserver-2] [0m[1;32m[0m[1;32m[0m[1;32m[Msg] [0m[1;32mLoading world file [[0m[1;32m/home/j/INCSL/IICC26_ws/install/sjtu_drone_description/share/sjtu_drone_description/worlds/landingPad.world[0m[1;32m][0m[1;32m
[gzserver-2] [0m[1;32m[0m[1;32m[0m[1;36m[Dbg] [wind_plugin.cpp:96] [0m[1;36mWindPlugin loaded: speed=[0m[1;36m0[0m[1;36m dir=[0m[1;36m0[0m[1;36m deg area=[0m[1;36m0.1[0m[1;36m coeff=[0m[1;36m1[0m[1;36m
[gzserver-2] [0m[1;33m[0m[1;33m[0m[1;31m[Err] [Sensor.cc:510] [0m[1;31mGet noise index not valid[0m[1;31m
[gzserver-2] [0m[1;31m[0m[1;31m[0m[1;31m[Err] [Sensor.cc:510] [0m[1;31mGet noise index not valid[0m[1;31m
[gzserver-2] [0m[1;31m[0m[1;31m[0m[1;31m[Err] [Sensor.cc:510] [0m[1;31mGet noise index not valid[0m[1;31m
[gzserver-2] [0m[1;31m[0m[1;31m[0m[1;31m[Err] [Sensor.cc:510] [0m[1;31mGet noise index not valid[0m[1;31m
[gzserver-2] [0m[1;31m[0m[1;31m[0m[1;31m[Err] [Sensor.cc:510] [0m[1;31mGet noise index not valid[0m[1;31m
[gzserver-2] [0m[1;31m[0m[1;31m[0m[1;31m[Err] [Sensor.cc:510] [0m[1;31mGet noise index not valid[0m[1;31m
[gzserver-2] [0m[1;31m[0m[1;31m[0mTopic [default//drone/base_footprint/down_camera/image] is not valid.
[gzserver-2] Topic [default//drone/base_footprint/front_camera/image] is not valid.
[gzserver-2] [INFO] [1773146440.877365138] [drone.collision_plugin]: Publishing contact states to [/drone/bumper_states]
[gzserver-2] [1;33m[Wrn] [Event.cc:61] [0m[1;33mWarning: Deleting a connection right after creation. [0m[1;33mMake sure to save the ConnectionPtr from a Connect call
[INFO] [spawn_drone-5]: process has finished cleanly [pid 824197]
[gzserver-2] [0m[INFO] [1773146441.468305794] [drone.camera_bottom]: Publishing camera info to [/drone/bottom/camera_info]
[gzserver-2] [INFO] [1773146441.472981843] [drone.camera_front]: Publishing camera info to [/drone/front/camera_info]
[gzserver-2] [INFO] [1773146441.594696724] [drone.simple_drone]: The drone plugin is loading!
[gzserver-2] [INFO] [1773146441.594894795] [drone.simple_drone]: pub_odom: 1
[gzserver-2] [INFO] [1773146441.594935649] [drone.simple_drone]: Using following parameters: 
[gzserver-2] 		link_name: base_footprint,
[gzserver-2] 		max_force: 30,
[gzserver-2] 		motion_small_noise: 0,
[gzserver-2] 		motion_drift_noise: 0,
[gzserver-2] 		motion_drift_noise_time: 50,
[gzserver-2] 		takeoff_hover_height: 1.52,
[gzserver-2] 		takeoff_vertical_speed: 0.2
[gzserver-2] [INFO] [1773146441.606569949] [drone.simple_drone]: Using the PID parameters: 
[gzserver-2] 	Roll Pitch:
[gzserver-2] 		kP: 10, kI: 0,kD: 5, Limit: 0.5, Time Constant: 0
[gzserver-2] 	Yaw:
[gzserver-2] 		kP: 2, kI: 0,kD: 1, Limit: 1.5, Time Constant: 0
[gzserver-2] 	Velocity X:
[gzserver-2] 		kP: 5, kI: 0,kD: 2.3, Limit: 2, Time Constant: 0
[gzserver-2] 	Velocity Y:
[gzserver-2] 		kP: 5, kI: 0,kD: 2.3, Limit: 2, Time Constant: 0
[gzserver-2] 	Velocity Z:
[gzserver-2] 		kP: 5, kI: 0,kD: 1, Limit: -1, Time Constant: 0
[gzserver-2] 	Position XY:
[gzserver-2] 		kP: 1.1, kI: 0,kD: 0, Limit: 5, Time Constant: 0
[gzserver-2] 	Position Z:
[gzserver-2] 		kP: 1, kI: 0,kD: 0.2, Limit: -1, Time Constant: 0
[gzserver-2] [INFO] [1773146441.606707201] [drone.simple_drone]: The drone plugin finished loading!
[gzserver-2] [INFO] [1773146448.711034010] [gazebo_wind_plugin_node]: WindPlugin: set wind_speed=0.00 wind_direction=0.0
[gzserver-2] [INFO] [1773146448.981377222] [gazebo_wind_plugin_node]: WindPlugin: set wind_speed=0.00 wind_direction=0.0
[gzserver-2] [INFO] [1773146449.020528120] [drone.simple_drone]: Quadrotor takes off!!
[gzserver-2] [INFO] [1773146449.221231298] [gazebo_wind_plugin_node]: WindPlugin: set wind_speed=0.00 wind_direction=0.0
[gzserver-2] [INFO] [1773146449.460729165] [gazebo_wind_plugin_node]: WindPlugin: set wind_speed=0.00 wind_direction=0.0
[gzserver-2] [INFO] [1773146449.699642080] [gazebo_wind_plugin_node]: WindPlugin: set wind_speed=0.00 wind_direction=0.0
[gzserver-2] [INFO] [1773146449.933859696] [gazebo_wind_plugin_node]: WindPlugin: set wind_speed=0.00 wind_direction=0.0
[gzserver-2] [INFO] [1773146450.173450565] [gazebo_wind_plugin_node]: WindPlugin: set wind_speed=0.00 wind_direction=0.0
[gzserver-2] [0m[1;36m[Dbg] [wind_plugin.cpp:110] [0m[1;36mWindPlugin: received command -> speed=[0m[1;36m0[0m[1;36m dir=[0m[1;36m0[0m[1;36m
[gzserver-2] [0m[1;36m[Dbg] [wind_plugin.cpp:110] [0m[1;36mWindPlugin: received command -> speed=[0m[1;36m0[0m[1;36m dir=[0m[1;36m0[0m[1;36m
[gzserver-2] [0m[1;36m[Dbg] [wind_plugin.cpp:110] [0m[1;36mWindPlugin: received command -> speed=[0m[1;36m0[0m[1;36m dir=[0m[1;36m0[0m[1;36m
[gzserver-2] [0m[1;36m[Dbg] [wind_plugin.cpp:110] [0m[1;36mWindPlugin: received command -> speed=[0m[1;36m0[0m[1;36m dir=[0m[1;36m0[0m[1;36m
[gzserver-2] [0m[1;36m[Dbg] [wind_plugin.cpp:110] [0m[1;36mWindPlugin: received command -> speed=[0m[1;36m0[0m[1;36m dir=[0m[1;36m0[0m[1;36m
[gzserver-2] [0m[1;36m[Dbg] [wind_plugin.cpp:110] [0m[1;36mWindPlugin: received command -> speed=[0m[1;36m0[0m[1;36m dir=[0m[1;36m0[0m[1;36m
[gzserver-2] [0m[1;36m[Dbg] [wind_plugin.cpp:110] [0m[1;36mWindPlugin: received command -> speed=[0m[1;36m0[0m[1;36m dir=[0m[1;36m0[0m[1;36m
[gzserver-2] [0mEntering flying model!
[gzserver-2] [INFO] [1773146450.407927166] [gazebo_wind_plugin_node]: WindPlugin: set wind_speed=0.00 wind_direction=0.0
[gzserver-2] [INFO] [1773146450.648451829] [gazebo_wind_plugin_node]: WindPlugin: set wind_speed=1.31 wind_direction=48.1
[gzserver-2] [INFO] [1773146450.887660712] [gazebo_wind_plugin_node]: WindPlugin: set wind_speed=1.31 wind_direction=48.1
[gzserver-2] [INFO] [1773146451.126655452] [gazebo_wind_plugin_node]: WindPlugin: set wind_speed=1.31 wind_direction=48.1
[gzserver-2] [INFO] [1773146451.368300791] [gazebo_wind_plugin_node]: WindPlugin: set wind_speed=1.40 wind_direction=50.0
[gzserver-2] [INFO] [1773146451.602586632] [gazebo_wind_plugin_node]: WindPlugin: set wind_speed=1.40 wind_direction=50.0
[gzserver-2] [INFO] [1773146451.836802385] [gazebo_wind_plugin_node]: WindPlugin: set wind_speed=1.40 wind_direction=50.0
[gzserver-2] [INFO] [1773146452.075802238] [gazebo_wind_plugin_node]: WindPlugin: set wind_speed=1.40 wind_direction=50.0
[gzserver-2] [INFO] [1773146452.315180282] [gazebo_wind_plugin_node]: WindPlugin: set wind_speed=1.31 wind_direction=48.1
[gzserver-2] [INFO] [1773146452.549767471] [gazebo_wind_plugin_node]: WindPlugin: set wind_speed=1.31 wind_direction=48.1
[gzserver-2] [INFO] [1773146452.789329767] [gazebo_wind_plugin_node]: WindPlugin: set wind_speed=1.31 wind_direction=48.1
[gzserver-2] [INFO] [1773146453.028854244] [gazebo_wind_plugin_node]: WindPlugin: set wind_speed=1.31 wind_direction=48.1
[gzserver-2] [INFO] [1773146453.262697281] [gazebo_wind_plugin_node]: WindPlugin: set wind_speed=1.03 wind_direction=45.9
[gzserver-2] [INFO] [1773146453.501897127] [gazebo_wind_plugin_node]: WindPlugin: set wind_speed=1.03 wind_direction=45.9
[gzserver-2] [INFO] [1773146453.540114741] [drone.simple_drone]: Quadrotor lands!!
[gzserver-2] [INFO] [1773146453.741552907] [gazebo_wind_plugin_node]: WindPlugin: set wind_speed=1.03 wind_direction=45.9
[gzserver-2] [INFO] [1773146453.975752987] [gazebo_wind_plugin_node]: WindPlugin: set wind_speed=1.03 wind_direction=45.9
[gzserver-2] [INFO] [1773146454.216017051] [gazebo_wind_plugin_node]: WindPlugin: set wind_speed=1.25 wind_direction=47.4
[gzserver-2] [INFO] [1773146454.455386829] [gazebo_wind_plugin_node]: WindPlugin: set wind_speed=1.25 wind_direction=47.4
[gzserver-2] [1;36m[Dbg] [wind_plugin.cpp:110] [0m[1;36mWindPlugin: received command -> speed=[0m[1;36m0[0m[1;36m dir=[0m[1;36m0[0m[1;36m
[gzserver-2] [0m[1;36m[Dbg] [wind_plugin.cpp:110] [0m[1;36mWindPlugin: received command -> speed=[0m[1;36m1.30601[0m[1;36m dir=[0m[1;36m48.0593[0m[1;36m
[gzserver-2] [0m[1;36m[Dbg] [wind_plugin.cpp:110] [0m[1;36mWindPlugin: received command -> speed=[0m[1;36m1.30601[0m[1;36m dir=[0m[1;36m48.0593[0m[1;36m
[gzserver-2] [0m[1;36m[Dbg] [wind_plugin.cpp:110] [0m[1;36mWindPlugin: received command -> speed=[0m[1;36m1.30601[0m[1;36m dir=[0m[1;36m48.0593[0m[1;36m
[gzserver-2] [0m[1;36m[Dbg] [wind_plugin.cpp:110] [0m[1;36mWindPlugin: received command -> speed=[0m[1;36m1.39516[0m[1;36m dir=[0m[1;36m50.0416[0m[1;36m
[gzserver-2] [0m[1;36m[Dbg] [wind_plugin.cpp:110] [0m[1;36mWindPlugin: received command -> speed=[0m[1;36m1.39516[0m[1;36m dir=[0m[1;36m50.0416[0m[1;36m
[gzserver-2] [0m[1;36m[Dbg] [wind_plugin.cpp:110] [0m[1;36mWindPlugin: received command -> speed=[0m[1;36m1.39516[0m[1;36m dir=[0m[1;36m50.0416[0m[1;36m
[gzserver-2] [0m[1;36m[Dbg] [wind_plugin.cpp:110] [0m[1;36mWindPlugin: received command -> speed=[0m[1;36m1.39516[0m[1;36m dir=[0m[1;36m50.0416[0m[1;36m
[gzserver-2] [0m[1;36m[Dbg] [wind_plugin.cpp:110] [0m[1;36mWindPlugin: received command -> speed=[0m[1;36m1.31073[0m[1;36m dir=[0m[1;36m48.1195[0m[1;36m
[gzserver-2] [0m[1;36m[Dbg] [wind_plugin.cpp:110] [0m[1;36mWindPlugin: received command -> speed=[0m[1;36m1.31073[0m[1;36m dir=[0m[1;36m48.1195[0m[1;36m
[gzserver-2] [0m[1;36m[Dbg] [wind_plugin.cpp:110] [0m[1;36mWindPlugin: received command -> speed=[0m[1;36m1.31073[0m[1;36m dir=[0m[1;36m48.1195[0m[1;36m
[gzserver-2] [0m[1;36m[Dbg] [wind_plugin.cpp:110] [0m[1;36mWindPlugin: received command -> speed=[0m[1;36m1.31073[0m[1;36m dir=[0m[1;36m48.1195[0m[1;36m
[gzserver-2] [0m[1;36m[Dbg] [wind_plugin.cpp:110] [0m[1;36mWindPlugin: received command -> speed=[0m[1;36m1.02731[0m[1;36m dir=[0m[1;36m45.8519[0m[1;36m
[gzserver-2] [0m[1;36m[Dbg] [wind_plugin.cpp:110] [0m[1;36mWindPlugin: received command -> speed=[0m[1;36m1.02731[0m[1;36m dir=[0m[1;36m45.8519[0m[1;36m
[gzserver-2] [0m[1;36m[Dbg] [wind_plugin.cpp:110] [0m[1;36mWindPlugin: received command -> speed=[0m[1;36m1.02731[0m[1;36m dir=[0m[1;36m45.8519[0m[1;36m
[gzserver-2] [0m[1;36m[Dbg] [wind_plugin.cpp:110] [0m[1;36mWindPlugin: received command -> speed=[0m[1;36m1.02731[0m[1;36m dir=[0m[1;36m45.8519[0m[1;36m
[gzserver-2] [0m[1;36m[Dbg] [wind_plugin.cpp:110] [0m[1;36mWindPlugin: received command -> speed=[0m[1;36m1.25077[0m[1;36m dir=[0m[1;36m47.4388[0m[1;36m
[gzserver-2] [0m[1;36m[Dbg] [wind_plugin.cpp:110] [0m[1;36mWindPlugin: received command -> speed=[0m[1;36m1.25077[0m[1;36m dir=[0m[1;36m47.4388[0m[1;36m
[gzserver-2] [0mLanded!
[gzserver-2] [INFO] [1773146454.694641039] [gazebo_wind_plugin_node]: WindPlugin: set wind_speed=1.25 wind_direction=47.4
[gzserver-2] [INFO] [1773146454.935725013] [gazebo_wind_plugin_node]: WindPlugin: set wind_speed=1.25 wind_direction=47.4
[gzserver-2] [INFO] [1773146455.176018910] [gazebo_wind_plugin_node]: WindPlugin: set wind_speed=1.25 wind_direction=47.4
[gzserver-2] [INFO] [1773146455.411507173] [gazebo_wind_plugin_node]: WindPlugin: set wind_speed=1.41 wind_direction=48.2
[gzserver-2] [INFO] [1773146455.645852388] [gazebo_wind_plugin_node]: WindPlugin: set wind_speed=1.41 wind_direction=48.2
[gzserver-2] [INFO] [1773146455.885418248] [gazebo_wind_plugin_node]: WindPlugin: set wind_speed=1.41 wind_direction=48.2
[gzserver-2] [INFO] [1773146456.124846432] [gazebo_wind_plugin_node]: WindPlugin: set wind_speed=1.41 wind_direction=48.2
[gzserver-2] [INFO] [1773146456.354141010] [gazebo_wind_plugin_node]: WindPlugin: set wind_speed=1.40 wind_direction=45.3
