[INFO] [launch]: All log files can be found below /home/j/.ros/log/2026-03-10-20-43-43-861156-j-372900
[INFO] [launch]: Default logging verbosity is set to INFO
[INFO] [launch.user]: [bringup] Apriltag config: camera=/drone/bottom, image=/drone/bottom/image_raw, tags=/drone/bottom/tags, bridge=/landing_tag_state, standalone=true, use_target_id=true, target_id=0
[INFO] [rviz2-1]: process started with pid [372903]
[INFO] [gzserver-2]: process started with pid [372905]
[INFO] [robot_state_publisher-3]: process started with pid [372907]
[INFO] [joint_state_publisher-4]: process started with pid [372909]
[INFO] [spawn_drone-5]: process started with pid [372911]
[INFO] [static_transform_publisher-6]: process started with pid [372913]
[INFO] [joy_node-7]: process started with pid [372915]
[INFO] [teleop_joystick-8]: process started with pid [372917]
[INFO] [apriltag_detector_node-9]: process started with pid [372919]
[INFO] [apriltag_state_bridge-10]: process started with pid [372921]
[static_transform_publisher-6] [WARN] [1773143024.337915058] []: Old-style arguments are deprecated; see --help for new-style arguments
[static_transform_publisher-6] [INFO] [1773143024.346327334] [static_transform_publisher_bjHVWy1FeGwGE43H]: Spinning until stopped - publishing transform
[static_transform_publisher-6] translation: ('0.000000', '0.000000', '0.000000')
[static_transform_publisher-6] rotation: ('0.000000', '0.000000', '0.000000', '1.000000')
[static_transform_publisher-6] from 'world' to '/drone/odom'
[robot_state_publisher-3] [INFO] [1773143024.363183508] [drone.robot_state_publisher]: got segment base_footprint
[robot_state_publisher-3] [INFO] [1773143024.363249647] [drone.robot_state_publisher]: got segment base_link
[robot_state_publisher-3] [INFO] [1773143024.363255008] [drone.robot_state_publisher]: got segment bottom_cam_link
[robot_state_publisher-3] [INFO] [1773143024.363258275] [drone.robot_state_publisher]: got segment front_cam_link
[robot_state_publisher-3] [INFO] [1773143024.363261165] [drone.robot_state_publisher]: got segment sonar_link
[rviz2-1] 
[rviz2-1] (rviz2:372903): dbind-WARNING **: 20:43:44.369: Couldn't connect to accessibility bus: Failed to connect to socket /root/.cache/at-spi/bus_0: 허가 거부
[apriltag_detector_node-9] [INFO] [1773143024.373472390] [apriltag_detector_node]: tag detector type: umich
[teleop_joystick-8] Traceback (most recent call last):
[teleop_joystick-8]   File "/home/j/INCSL/IICC26_ws/install/sjtu_drone_control/lib/sjtu_drone_control/teleop_joystick", line 33, in <module>
[teleop_joystick-8]     sys.exit(load_entry_point('sjtu_drone_control==0.0.0', 'console_scripts', 'teleop_joystick')())
[teleop_joystick-8]   File "/home/j/INCSL/IICC26_ws/install/sjtu_drone_control/lib/sjtu_drone_control/teleop_joystick", line 22, in importlib_load_entry_point
[teleop_joystick-8]     for entry_point in distribution(dist_name).entry_points
[teleop_joystick-8]   File "/usr/lib/python3.10/importlib/metadata/__init__.py", line 969, in distribution
[teleop_joystick-8]     return Distribution.from_name(distribution_name)
[teleop_joystick-8]   File "/usr/lib/python3.10/importlib/metadata/__init__.py", line 548, in from_name
[teleop_joystick-8]     raise PackageNotFoundError(name)
[teleop_joystick-8] importlib.metadata.PackageNotFoundError: No package metadata was found for sjtu_drone_control
[ERROR] [teleop_joystick-8]: process has died [pid 372917, exit code 1, cmd '/home/j/INCSL/IICC26_ws/install/sjtu_drone_control/lib/sjtu_drone_control/teleop_joystick --ros-args -r __ns:=/drone'].
[gzserver-2] Gazebo multi-robot simulator, version 11.10.2
[gzserver-2] Copyright (C) 2012 Open Source Robotics Foundation.
[gzserver-2] Released under the Apache 2 License.
[gzserver-2] http://gazebosim.org
[gzserver-2] 
[joint_state_publisher-4] [INFO] [1773143024.610293242] [drone.joint_state_publisher]: Waiting for robot_description to be published on the robot_description topic...
[apriltag_state_bridge-10] [INFO] [1773143024.618449522] [apriltag_state_bridge]: AprilTag bridge started: /drone/bottom/tags -> /landing_tag_state, use_target_id=True, target_id=0
[gzserver-2] [1;33m[Wrn] [gazebo_ros_init.cpp:178] [0m[1;33m
[gzserver-2] #     # ####### ####### ###  #####  #######
[gzserver-2] ##    # #     #    #     #  #     # #
[gzserver-2] # #   # #     #    #     #  #       #
[gzserver-2] #  #  # #     #    #     #  #       #####
[gzserver-2] #   # # #     #    #     #  #       #
[gzserver-2] #    ## #     #    #     #  #     # #
[gzserver-2] #     # #######    #    ###  #####  #######
[gzserver-2] 
[gzserver-2] This version of Gazebo, now called Gazebo classic, reaches end-of-life
[gzserver-2] in January 2025. Users are highly encouraged to migrate to the new Gazebo
[gzserver-2] using our migration guides (https://gazebosim.org/docs/latest/gazebo_classic_migration?utm_source=gazebo_ros_pkgs&utm_medium=cli)
[gzserver-2] 
[gzserver-2] [0m[1;33m
[rviz2-1] [INFO] [1773143025.168818942] [rviz2]: Stereo is NOT SUPPORTED
[rviz2-1] [INFO] [1773143025.168949333] [rviz2]: OpenGl version: 4.6 (GLSL 4.6)
[rviz2-1] [INFO] [1773143025.244903955] [rviz2]: Stereo is NOT SUPPORTED
[rviz2-1] [INFO] [1773143025.333877523] [rviz2]: Stereo is NOT SUPPORTED
[gzserver-2] [1;32m[Msg] [0m[1;32mWaiting for master.[0m[1;32m
[gzserver-2] [0m[1;32m[0m[1;32m[0m[1;32m[Msg] [0m[1;32mConnected to gazebo master @ [0m[1;32mhttp://127.0.0.1:11345[0m[1;32m
[gzserver-2] [0m[1;32m[0m[1;32m[0m[1;32m[Msg] [0m[1;32mPublicized address: [0m[1;32m192.168.0.11[0m[1;32m
[gzserver-2] [0m[1;32m[0m[1;32m[0m[1;32m[Msg] [0m[1;32mLoading world file [[0m[1;32m/home/j/INCSL/IICC26_ws/install/sjtu_drone_description/share/sjtu_drone_description/worlds/landingPad.world[0m[1;32m][0m[1;32m
[gzserver-2] [0m[1;32m[0m[1;32m[0m[1;36m[Dbg] [wind_plugin.cpp:96] [0m[1;36mWindPlugin loaded: speed=[0m[1;36m0[0m[1;36m dir=[0m[1;36m0[0m[1;36m deg area=[0m[1;36m0.1[0m[1;36m coeff=[0m[1;36m1[0m[1;36m
[gzserver-2] [0m[1;33m[0m[1;33m[0m[1;31m[Err] [Sensor.cc:510] [0m[1;31mGet noise index not valid[0m[1;31m
[gzserver-2] [0m[1;31m[0m[1;31m[0m[1;31m[Err] [Sensor.cc:510] [0m[1;31mGet noise index not valid[0m[1;31m
[gzserver-2] [0m[1;31m[0m[1;31m[0m[1;31m[Err] [Sensor.cc:510] [0m[1;31mGet noise index not valid[0m[1;31m
[gzserver-2] [0m[1;31m[0m[1;31m[0m[1;31m[Err] [Sensor.cc:510] [0m[1;31mGet noise index not valid[0m[1;31m
[gzserver-2] [0m[1;31m[0m[1;31m[0m[1;31m[Err] [Sensor.cc:510] [0m[1;31mGet noise index not valid[0m[1;31m
[gzserver-2] [0m[1;31m[0m[1;31m[0m[1;31m[Err] [Sensor.cc:510] [0m[1;31mGet noise index not valid[0m[1;31m
[gzserver-2] [0m[1;31m[0m[1;31m[0mTopic [default//drone/base_footprint/down_camera/image] is not valid.
[gzserver-2] [INFO] [1773143025.798999843] [drone.collision_plugin]: Publishing contact states to [/drone/bumper_states]
[gzserver-2] Topic [default//drone/base_footprint/front_camera/image] is not valid.
[gzserver-2] [1;33m[Wrn] [Event.cc:61] [0m[1;33mWarning: Deleting a connection right after creation. [0m[1;33mMake sure to save the ConnectionPtr from a Connect call
[gzserver-2] [0m[INFO] [1773143026.358139903] [drone.camera_bottom]: Publishing camera info to [/drone/bottom/camera_info]
[gzserver-2] [INFO] [1773143026.361151391] [drone.camera_front]: Publishing camera info to [/drone/front/camera_info]
[spawn_drone-5] [INFO] [1773143026.370221218] [spawn_drone]: Result True SpawnEntity: Successfully spawned entity [/drone]
[gzserver-2] [INFO] [1773143026.483411296] [drone.simple_drone]: The drone plugin is loading!
[gzserver-2] [INFO] [1773143026.483614045] [drone.simple_drone]: pub_odom: 1
[gzserver-2] [INFO] [1773143026.483647081] [drone.simple_drone]: Using following parameters: 
[gzserver-2] 		link_name: base_footprint,
[gzserver-2] 		max_force: 30,
[gzserver-2] 		motion_small_noise: 0,
[gzserver-2] 		motion_drift_noise: 0,
[gzserver-2] 		motion_drift_noise_time: 50,
[gzserver-2] 		takeoff_hover_height: 2.49,
[gzserver-2] 		takeoff_vertical_speed: 0.2
[gzserver-2] [INFO] [1773143026.495570556] [drone.simple_drone]: Using the PID parameters: 
[gzserver-2] 	Roll Pitch:
[gzserver-2] 		kP: 10, kI: 0,kD: 5, Limit: 0.5, Time Constant: 0
[gzserver-2] 	Yaw:
[gzserver-2] 		kP: 2, kI: 0,kD: 1, Limit: 1.5, Time Constant: 0
[gzserver-2] 	Velocity X:
[gzserver-2] 		kP: 5, kI: 0,kD: 2.3, Limit: 2, Time Constant: 0
[gzserver-2] 	Velocity Y:
[gzserver-2] 		kP: 5, kI: 0,kD: 2.3, Limit: 2, Time Constant: 0
[gzserver-2] 	Velocity Z:
[gzserver-2] 		kP: 5, kI: 0,kD: 1, Limit: -1, Time Constant: 0
[gzserver-2] 	Position XY:
[gzserver-2] 		kP: 1.1, kI: 0,kD: 0, Limit: 5, Time Constant: 0
[gzserver-2] 	Position Z:
[gzserver-2] 		kP: 1, kI: 0,kD: 0.2, Limit: -1, Time Constant: 0
[gzserver-2] [INFO] [1773143026.495699775] [drone.simple_drone]: The drone plugin finished loading!
[INFO] [spawn_drone-5]: process has finished cleanly [pid 372911]
[gzserver-2] [INFO] [1773143033.688411641] [gazebo_wind_plugin_node]: WindPlugin: set wind_speed=0.00 wind_direction=0.0
[gzserver-2] [INFO] [1773143033.958805691] [gazebo_wind_plugin_node]: WindPlugin: set wind_speed=0.00 wind_direction=0.0
[gzserver-2] [INFO] [1773143033.992335017] [drone.simple_drone]: Quadrotor takes off!!
[gzserver-2] [INFO] [1773143034.194486552] [gazebo_wind_plugin_node]: WindPlugin: set wind_speed=0.00 wind_direction=0.0
[gzserver-2] [INFO] [1773143034.435173081] [gazebo_wind_plugin_node]: WindPlugin: set wind_speed=0.00 wind_direction=0.0
[gzserver-2] [INFO] [1773143034.668719384] [gazebo_wind_plugin_node]: WindPlugin: set wind_speed=0.00 wind_direction=0.0
[gzserver-2] [INFO] [1773143034.908429968] [gazebo_wind_plugin_node]: WindPlugin: set wind_speed=0.00 wind_direction=0.0
[gzserver-2] [INFO] [1773143035.144918999] [gazebo_wind_plugin_node]: WindPlugin: set wind_speed=0.00 wind_direction=0.0
[gzserver-2] [INFO] [1773143035.384703606] [gazebo_wind_plugin_node]: WindPlugin: set wind_speed=0.00 wind_direction=0.0
[gzserver-2] [INFO] [1773143035.623624346] [gazebo_wind_plugin_node]: WindPlugin: set wind_speed=0.00 wind_direction=0.0
[gzserver-2] [INFO] [1773143035.862816896] [gazebo_wind_plugin_node]: WindPlugin: set wind_speed=0.00 wind_direction=0.0
[gzserver-2] [0m[1;36m[Dbg] [wind_plugin.cpp:110] [0m[1;36mWindPlugin: received command -> speed=[0m[1;36m0[0m[1;36m dir=[0m[1;36m0[0m[1;36m
[gzserver-2] [0m[1;36m[Dbg] [wind_plugin.cpp:110] [0m[1;36mWindPlugin: received command -> speed=[0m[1;36m0[0m[1;36m dir=[0m[1;36m0[0m[1;36m
[gzserver-2] [0m[1;36m[Dbg] [wind_plugin.cpp:110] [0m[1;36mWindPlugin: received command -> speed=[0m[1;36m0[0m[1;36m dir=[0m[1;36m0[0m[1;36m
[gzserver-2] [0m[1;36m[Dbg] [wind_plugin.cpp:110] [0m[1;36mWindPlugin: received command -> speed=[0m[1;36m0[0m[1;36m dir=[0m[1;36m0[0m[1;36m
[gzserver-2] [0m[1;36m[Dbg] [wind_plugin.cpp:110] [0m[1;36mWindPlugin: received command -> speed=[0m[1;36m0[0m[1;36m dir=[0m[1;36m0[0m[1;36m
[gzserver-2] [0m[1;36m[Dbg] [wind_plugin.cpp:110] [0m[1;36mWindPlugin: received command -> speed=[0m[1;36m0[0m[1;36m dir=[0m[1;36m0[0m[1;36m
[gzserver-2] [0m[1;36m[Dbg] [wind_plugin.cpp:110] [0m[1;36mWindPlugin: received command -> speed=[0m[1;36m0[0m[1;36m dir=[0m[1;36m0[0m[1;36m
[gzserver-2] [0m[1;36m[Dbg] [wind_plugin.cpp:110] [0m[1;36mWindPlugin: received command -> speed=[0m[1;36m0[0m[1;36m dir=[0m[1;36m0[0m[1;36m
[gzserver-2] [0m[1;36m[Dbg] [wind_plugin.cpp:110] [0m[1;36mWindPlugin: received command -> speed=[0m[1;36m0[0m[1;36m dir=[0m[1;36m0[0m[1;36m
[gzserver-2] [0m[1;36m[Dbg] [wind_plugin.cpp:110] [0m[1;36mWindPlugin: received command -> speed=[0m[1;36m0[0m[1;36m dir=[0m[1;36m0[0m[1;36m
[gzserver-2] [0mEntering flying model!
[gzserver-2] [INFO] [1773143036.101794014] [gazebo_wind_plugin_node]: WindPlugin: set wind_speed=0.00 wind_direction=0.0
[gzserver-2] [INFO] [1773143036.341751512] [gazebo_wind_plugin_node]: WindPlugin: set wind_speed=2.21 wind_direction=-48.5
[gzserver-2] [INFO] [1773143036.578636006] [gazebo_wind_plugin_node]: WindPlugin: set wind_speed=2.21 wind_direction=-48.5
[gzserver-2] [INFO] [1773143036.812775395] [gazebo_wind_plugin_node]: WindPlugin: set wind_speed=2.21 wind_direction=-48.5
[gzserver-2] [INFO] [1773143037.052593403] [gazebo_wind_plugin_node]: WindPlugin: set wind_speed=2.21 wind_direction=-48.5
[gzserver-2] [INFO] [1773143037.292267180] [gazebo_wind_plugin_node]: WindPlugin: set wind_speed=2.37 wind_direction=-50.5
[gzserver-2] [INFO] [1773143037.526418293] [gazebo_wind_plugin_node]: WindPlugin: set wind_speed=2.37 wind_direction=-50.5
[gzserver-2] [INFO] [1773143037.754865512] [gazebo_wind_plugin_node]: WindPlugin: set wind_speed=2.37 wind_direction=-50.5
[gzserver-2] [INFO] [1773143037.989144283] [gazebo_wind_plugin_node]: WindPlugin: set wind_speed=2.37 wind_direction=-50.5
[gzserver-2] [INFO] [1773143038.229482407] [gazebo_wind_plugin_node]: WindPlugin: set wind_speed=2.31 wind_direction=-51.0
[gzserver-2] [INFO] [1773143038.468436362] [gazebo_wind_plugin_node]: WindPlugin: set wind_speed=2.31 wind_direction=-51.0
[gzserver-2] [INFO] [1773143038.702387046] [gazebo_wind_plugin_node]: WindPlugin: set wind_speed=2.31 wind_direction=-51.0
[gzserver-2] [INFO] [1773143038.944381446] [gazebo_wind_plugin_node]: WindPlugin: set wind_speed=2.31 wind_direction=-51.0
[gzserver-2] [INFO] [1773143039.183290055] [gazebo_wind_plugin_node]: WindPlugin: set wind_speed=2.31 wind_direction=-51.0
[gzserver-2] [INFO] [1773143039.422671201] [gazebo_wind_plugin_node]: WindPlugin: set wind_speed=2.18 wind_direction=-51.6
[gzserver-2] [INFO] [1773143039.663904124] [gazebo_wind_plugin_node]: WindPlugin: set wind_speed=2.18 wind_direction=-51.6
[gzserver-2] [INFO] [1773143039.899172949] [gazebo_wind_plugin_node]: WindPlugin: set wind_speed=2.18 wind_direction=-51.6
[gzserver-2] [INFO] [1773143040.133653480] [gazebo_wind_plugin_node]: WindPlugin: set wind_speed=2.18 wind_direction=-51.6
[gzserver-2] [INFO] [1773143040.371043290] [gazebo_wind_plugin_node]: WindPlugin: set wind_speed=2.43 wind_direction=-53.6
[gzserver-2] [INFO] [1773143040.610587832] [gazebo_wind_plugin_node]: WindPlugin: set wind_speed=2.43 wind_direction=-53.6
[gzserver-2] [INFO] [1773143040.850347346] [gazebo_wind_plugin_node]: WindPlugin: set wind_speed=2.43 wind_direction=-53.6
[gzserver-2] [INFO] [1773143041.084977078] [gazebo_wind_plugin_node]: WindPlugin: set wind_speed=2.43 wind_direction=-53.6
[gzserver-2] [INFO] [1773143041.326264334] [gazebo_wind_plugin_node]: WindPlugin: set wind_speed=2.31 wind_direction=-54.2
[gzserver-2] [INFO] [1773143041.565391093] [gazebo_wind_plugin_node]: WindPlugin: set wind_speed=2.31 wind_direction=-54.2
[gzserver-2] [INFO] [1773143041.805042850] [gazebo_wind_plugin_node]: WindPlugin: set wind_speed=2.31 wind_direction=-54.2
[gzserver-2] [INFO] [1773143042.044494768] [gazebo_wind_plugin_node]: WindPlugin: set wind_speed=2.31 wind_direction=-54.2
[gzserver-2] [INFO] [1773143042.283020607] [gazebo_wind_plugin_node]: WindPlugin: set wind_speed=2.46 wind_direction=-54.7
[gzserver-2] [1;36m[Dbg] [wind_plugin.cpp:110] [0m[1;36mWindPlugin: received command -> speed=[0m[1;36m0[0m[1;36m dir=[0m[1;36m0[0m[1;36m
[gzserver-2] [0m[1;36m[Dbg] [wind_plugin.cpp:110] [0m[1;36mWindPlugin: received command -> speed=[0m[1;36m2.20939[0m[1;36m dir=[0m[1;36m-48.4663[0m[1;36m
[gzserver-2] [0m[1;36m[Dbg] [wind_plugin.cpp:110] [0m[1;36mWindPlugin: received command -> speed=[0m[1;36m2.20939[0m[1;36m dir=[0m[1;36m-48.4663[0m[1;36m
[gzserver-2] [0m[1;36m[Dbg] [wind_plugin.cpp:110] [0m[1;36mWindPlugin: received command -> speed=[0m[1;36m2.20939[0m[1;36m dir=[0m[1;36m-48.4663[0m[1;36m
[gzserver-2] [0m[1;36m[Dbg] [wind_plugin.cpp:110] [0m[1;36mWindPlugin: received command -> speed=[0m[1;36m2.20939[0m[1;36m dir=[0m[1;36m-48.4663[0m[1;36m
[gzserver-2] [0m[1;36m[Dbg] [wind_plugin.cpp:110] [0m[1;36mWindPlugin: received command -> speed=[0m[1;36m2.37343[0m[1;36m dir=[0m[1;36m-50.5083[0m[1;36m
[gzserver-2] [0m[1;36m[Dbg] [wind_plugin.cpp:110] [0m[1;36mWindPlugin: received command -> speed=[0m[1;36m2.37343[0m[1;36m dir=[0m[1;36m-50.5083[0m[1;36m
[gzserver-2] [0m[1;36m[Dbg] [wind_plugin.cpp:110] [0m[1;36mWindPlugin: received command -> speed=[0m[1;36m2.37343[0m[1;36m dir=[0m[1;36m-50.5083[0m[1;36m
[gzserver-2] [0m[1;36m[Dbg] [wind_plugin.cpp:110] [0m[1;36mWindPlugin: received command -> speed=[0m[1;36m2.37343[0m[1;36m dir=[0m[1;36m-50.5083[0m[1;36m
[gzserver-2] [0m[1;36m[Dbg] [wind_plugin.cpp:110] [0m[1;36mWindPlugin: received command -> speed=[0m[1;36m2.31343[0m[1;36m dir=[0m[1;36m-50.9519[0m[1;36m
[gzserver-2] [0m[1;36m[Dbg] [wind_plugin.cpp:110] [0m[1;36mWindPlugin: received command -> speed=[0m[1;36m2.31343[0m[1;36m dir=[0m[1;36m-50.9519[0m[1;36m
[gzserver-2] [0m[1;36m[Dbg] [wind_plugin.cpp:110] [0m[1;36mWindPlugin: received command -> speed=[0m[1;36m2.31343[0m[1;36m dir=[0m[1;36m-50.9519[0m[1;36m
[gzserver-2] [0m[1;36m[Dbg] [wind_plugin.cpp:110] [0m[1;36mWindPlugin: received command -> speed=[0m[1;36m2.31343[0m[1;36m dir=[0m[1;36m-50.9519[0m[1;36m
[gzserver-2] [0m[1;36m[Dbg] [wind_plugin.cpp:110] [0m[1;36mWindPlugin: received command -> speed=[0m[1;36m2.31343[0m[1;36m dir=[0m[1;36m-50.9519[0m[1;36m
[gzserver-2] [0m[1;36m[Dbg] [wind_plugin.cpp:110] [0m[1;36mWindPlugin: received command -> speed=[0m[1;36m2.18458[0m[1;36m dir=[0m[1;36m-51.5528[0m[1;36m
[gzserver-2] [0m[1;36m[Dbg] [wind_plugin.cpp:110] [0m[1;36mWindPlugin: received command -> speed=[0m[1;36m2.18458[0m[1;36m dir=[0m[1;36m-51.5528[0m[1;36m
[gzserver-2] [0m[1;36m[Dbg] [wind_plugin.cpp:110] [0m[1;36mWindPlugin: received command -> speed=[0m[1;36m2.18458[0m[1;36m dir=[0m[1;36m-51.5528[0m[1;36m
[gzserver-2] [0m[1;36m[Dbg] [wind_plugin.cpp:110] [0m[1;36mWindPlugin: received command -> speed=[0m[1;36m2.18458[0m[1;36m dir=[0m[1;36m-51.5528[0m[1;36m
[gzserver-2] [0m[1;36m[Dbg] [wind_plugin.cpp:110] [0m[1;36mWindPlugin: received command -> speed=[0m[1;36m2.42973[0m[1;36m dir=[0m[1;36m-53.6334[0m[1;36m
[gzserver-2] [0m[1;36m[Dbg] [wind_plugin.cpp:110] [0m[1;36mWindPlugin: received command -> speed=[0m[1;36m2.42973[0m[1;36m dir=[0m[1;36m-53.6334[0m[1;36m
[gzserver-2] [0m[1;36m[Dbg] [wind_plugin.cpp:110] [0m[1;36mWindPlugin: received command -> speed=[0m[1;36m2.42973[0m[1;36m dir=[0m[1;36m-53.6334[0m[1;36m
[gzserver-2] [0m[1;36m[Dbg] [wind_plugin.cpp:110] [0m[1;36mWindPlugin: received command -> speed=[0m[1;36m2.42973[0m[1;36m dir=[0m[1;36m-53.6334[0m[1;36m
[gzserver-2] [0m[1;36m[Dbg] [wind_plugin.cpp:110] [0m[1;36mWindPlugin: received command -> speed=[0m[1;36m2.30738[0m[1;36m dir=[0m[1;36m-54.1793[0m[1;36m
[gzserver-2] [0m[1;36m[Dbg] [wind_plugin.cpp:110] [0m[1;36mWindPlugin: received command -> speed=[0m[1;36m2.30738[0m[1;36m dir=[0m[1;36m-54.1793[0m[1;36m
[gzserver-2] [0m[1;36m[Dbg] [wind_plugin.cpp:110] [0m[1;36mWindPlugin: received command -> speed=[0m[1;36m2.30738[0m[1;36m dir=[0m[1;36m-54.1793[0m[1;36m
[gzserver-2] [0m[1;36m[Dbg] [wind_plugin.cpp:110] [0m[1;36mWindPlugin: received command -> speed=[0m[1;36m2.30738[0m[1;36m dir=[0m[1;36m-54.1793[0m[1;36m
[gzserver-2] [INFO] [1773143042.522196679] [gazebo_wind_plugin_node]: WindPlugin: set wind_speed=2.46 wind_direction=-54.7
[gzserver-2] [INFO] [1773143042.755922316] [gazebo_wind_plugin_node]: WindPlugin: set wind_speed=2.46 wind_direction=-54.7
[gzserver-2] [INFO] [1773143042.995169227] [gazebo_wind_plugin_node]: WindPlugin: set wind_speed=2.46 wind_direction=-54.7
[gzserver-2] [INFO] [1773143043.234708974] [gazebo_wind_plugin_node]: WindPlugin: set wind_speed=2.29 wind_direction=-53.5
[gzserver-2] [INFO] [1773143043.474245248] [gazebo_wind_plugin_node]: WindPlugin: set wind_speed=2.29 wind_direction=-53.5
[gzserver-2] [INFO] [1773143043.713332964] [gazebo_wind_plugin_node]: WindPlugin: set wind_speed=2.29 wind_direction=-53.5
[gzserver-2] [INFO] [1773143043.948025111] [gazebo_wind_plugin_node]: WindPlugin: set wind_speed=2.29 wind_direction=-53.5
[gzserver-2] [INFO] [1773143044.182492848] [gazebo_wind_plugin_node]: WindPlugin: set wind_speed=2.29 wind_direction=-53.5
[gzserver-2] [INFO] [1773143044.418110874] [gazebo_wind_plugin_node]: WindPlugin: set wind_speed=2.37 wind_direction=-57.9
[gzserver-2] [INFO] [1773143044.657585077] [gazebo_wind_plugin_node]: WindPlugin: set wind_speed=2.37 wind_direction=-57.9
[gzserver-2] [INFO] [1773143044.886342643] [gazebo_wind_plugin_node]: WindPlugin: set wind_speed=2.37 wind_direction=-57.9
[gzserver-2] [INFO] [1773143045.127805818] [gazebo_wind_plugin_node]: WindPlugin: set wind_speed=2.37 wind_direction=-57.9
[gzserver-2] [INFO] [1773143045.361080358] [gazebo_wind_plugin_node]: WindPlugin: set wind_speed=2.37 wind_direction=-55.7
[gzserver-2] [INFO] [1773143045.601035982] [gazebo_wind_plugin_node]: WindPlugin: set wind_speed=2.37 wind_direction=-55.7
[gzserver-2] [INFO] [1773143045.835386959] [gazebo_wind_plugin_node]: WindPlugin: set wind_speed=2.37 wind_direction=-55.7
[gzserver-2] [INFO] [1773143046.074954406] [gazebo_wind_plugin_node]: WindPlugin: set wind_speed=2.37 wind_direction=-55.7
[gzserver-2] [INFO] [1773143046.308981548] [gazebo_wind_plugin_node]: WindPlugin: set wind_speed=2.36 wind_direction=-50.7
[gzserver-2] [INFO] [1773143046.543353448] [gazebo_wind_plugin_node]: WindPlugin: set wind_speed=2.36 wind_direction=-50.7
[gzserver-2] [INFO] [1773143046.778124787] [gazebo_wind_plugin_node]: WindPlugin: set wind_speed=2.36 wind_direction=-50.7
[gzserver-2] [INFO] [1773143047.013040994] [gazebo_wind_plugin_node]: WindPlugin: set wind_speed=2.36 wind_direction=-50.7
[gzserver-2] [INFO] [1773143047.247708941] [gazebo_wind_plugin_node]: WindPlugin: set wind_speed=2.47 wind_direction=-55.2
[gzserver-2] [INFO] [1773143047.487363475] [gazebo_wind_plugin_node]: WindPlugin: set wind_speed=2.47 wind_direction=-55.2
[gzserver-2] [INFO] [1773143047.726617618] [gazebo_wind_plugin_node]: WindPlugin: set wind_speed=2.47 wind_direction=-55.2
[gzserver-2] [INFO] [1773143047.960215696] [gazebo_wind_plugin_node]: WindPlugin: set wind_speed=2.47 wind_direction=-55.2
[gzserver-2] [INFO] [1773143048.198891923] [gazebo_wind_plugin_node]: WindPlugin: set wind_speed=2.35 wind_direction=-55.4
[gzserver-2] [INFO] [1773143048.427716653] [gazebo_wind_plugin_node]: WindPlugin: set wind_speed=2.35 wind_direction=-55.4
[gzserver-2] [INFO] [1773143048.667788803] [gazebo_wind_plugin_node]: WindPlugin: set wind_speed=2.35 wind_direction=-55.4
[gzserver-2] [0m[1;36m[Dbg] [wind_plugin.cpp:110] [0m[1;36mWindPlugin: received command -> speed=[0m[1;36m2.45667[0m[1;36m dir=[0m[1;36m-54.6538[0m[1;36m
[gzserver-2] [0m[1;36m[Dbg] [wind_plugin.cpp:110] [0m[1;36mWindPlugin: received command -> speed=[0m[1;36m2.45667[0m[1;36m dir=[0m[1;36m-54.6538[0m[1;36m
[gzserver-2] [0m[1;36m[Dbg] [wind_plugin.cpp:110] [0m[1;36mWindPlugin: received command -> speed=[0m[1;36m2.45667[0m[1;36m dir=[0m[1;36m-54.6538[0m[1;36m
[gzserver-2] [0m[1;36m[Dbg] [wind_plugin.cpp:110] [0m[1;36mWindPlugin: received command -> speed=[0m[1;36m2.45667[0m[1;36m dir=[0m[1;36m-54.6538[0m[1;36m
[gzserver-2] [0m[1;36m[Dbg] [wind_plugin.cpp:110] [0m[1;36mWindPlugin: received command -> speed=[0m[1;36m2.28712[0m[1;36m dir=[0m[1;36m-53.4699[0m[1;36m
[gzserver-2] [0m[1;36m[Dbg] [wind_plugin.cpp:110] [0m[1;36mWindPlugin: received command -> speed=[0m[1;36m2.28712[0m[1;36m dir=[0m[1;36m-53.4699[0m[1;36m
[gzserver-2] [0m[1;36m[Dbg] [wind_plugin.cpp:110] [0m[1;36mWindPlugin: received command -> speed=[0m[1;36m2.28712[0m[1;36m dir=[0m[1;36m-53.4699[0m[1;36m
[gzserver-2] [0m[1;36m[Dbg] [wind_plugin.cpp:110] [0m[1;36mWindPlugin: received command -> speed=[0m[1;36m2.28712[0m[1;36m dir=[0m[1;36m-53.4699[0m[1;36m
[gzserver-2] [0m[1;36m[Dbg] [wind_plugin.cpp:110] [0m[1;36mWindPlugin: received command -> speed=[0m[1;36m2.28712[0m[1;36m dir=[0m[1;36m-53.4699[0m[1;36m
[gzserver-2] [0m[1;36m[Dbg] [wind_plugin.cpp:110] [0m[1;36mWindPlugin: received command -> speed=[0m[1;36m2.37034[0m[1;36m dir=[0m[1;36m-57.8673[0m[1;36m
[gzserver-2] [0m[1;36m[Dbg] [wind_plugin.cpp:110] [0m[1;36mWindPlugin: received command -> speed=[0m[1;36m2.37034[0m[1;36m dir=[0m[1;36m-57.8673[0m[1;36m
[gzserver-2] [0m[1;36m[Dbg] [wind_plugin.cpp:110] [0m[1;36mWindPlugin: received command -> speed=[0m[1;36m2.37034[0m[1;36m dir=[0m[1;36m-57.8673[0m[1;36m
[gzserver-2] [0m[1;36m[Dbg] [wind_plugin.cpp:110] [0m[1;36mWindPlugin: received command -> speed=[0m[1;36m2.37034[0m[1;36m dir=[0m[1;36m-57.8673[0m[1;36m
[gzserver-2] [0m[1;36m[Dbg] [wind_plugin.cpp:110] [0m[1;36mWindPlugin: received command -> speed=[0m[1;36m2.37093[0m[1;36m dir=[0m[1;36m-55.6938[0m[1;36m
[gzserver-2] [0m[1;36m[Dbg] [wind_plugin.cpp:110] [0m[1;36mWindPlugin: received command -> speed=[0m[1;36m2.37093[0m[1;36m dir=[0m[1;36m-55.6938[0m[1;36m
[gzserver-2] [0m[1;36m[Dbg] [wind_plugin.cpp:110] [0m[1;36mWindPlugin: received command -> speed=[0m[1;36m2.37093[0m[1;36m dir=[0m[1;36m-55.6938[0m[1;36m
[gzserver-2] [0m[1;36m[Dbg] [wind_plugin.cpp:110] [0m[1;36mWindPlugin: received command -> speed=[0m[1;36m2.37093[0m[1;36m dir=[0m[1;36m-55.6938[0m[1;36m
[gzserver-2] [0m[1;36m[Dbg] [wind_plugin.cpp:110] [0m[1;36mWindPlugin: received command -> speed=[0m[1;36m2.35821[0m[1;36m dir=[0m[1;36m-50.7099[0m[1;36m
[gzserver-2] [0m[1;36m[Dbg] [wind_plugin.cpp:110] [0m[1;36mWindPlugin: received command -> speed=[0m[1;36m2.35821[0m[1;36m dir=[0m[1;36m-50.7099[0m[1;36m
[gzserver-2] [0m[1;36m[Dbg] [wind_plugin.cpp:110] [0m[1;36mWindPlugin: received command -> speed=[0m[1;36m2.35821[0m[1;36m dir=[0m[1;36m-50.7099[0m[1;36m
[gzserver-2] [0m[1;36m[Dbg] [wind_plugin.cpp:110] [0m[1;36mWindPlugin: received command -> speed=[0m[1;36m2.35821[0m[1;36m dir=[0m[1;36m-50.7099[0m[1;36m
[gzserver-2] [0m[1;36m[Dbg] [wind_plugin.cpp:110] [0m[1;36mWindPlugin: received command -> speed=[0m[1;36m2.46933[0m[1;36m dir=[0m[1;36m-55.1593[0m[1;36m
[gzserver-2] [0m[1;36m[Dbg] [wind_plugin.cpp:110] [0m[1;36mWindPlugin: received command -> speed=[0m[1;36m2.46933[0m[1;36m dir=[0m[1;36m-55.1593[0m[1;36m
[gzserver-2] [0m[1;36m[Dbg] [wind_plugin.cpp:110] [0m[1;36mWindPlugin: received command -> speed=[0m[1;36m2.46933[0m[1;36m dir=[0m[1;36m-55.1593[0m[1;36m
[gzserver-2] [0m[1;36m[Dbg] [wind_plugin.cpp:110] [0m[1;36mWindPlugin: received command -> speed=[0m[1;36m2.46933[0m[1;36m dir=[0m[1;36m-55.1593[0m[1;36m
[gzserver-2] [0m[1;36m[Dbg] [wind_plugin.cpp:110] [0m[1;36mWindPlugin: received command -> speed=[0m[1;36m2.35273[0m[1;36m dir=[0m[1;36m-55.3845[0m[1;36m
[gzserver-2] [0m[1;36m[Dbg] [wind_plugin.cpp:110] [0m[1;36mWindPlugin: received command -> speed=[0m[1;36m2.35273[0m[1;36m dir=[0m[1;36m-55.3845[0m[1;36m
[gzserver-2] [INFO] [1773143048.901351288] [gazebo_wind_plugin_node]: WindPlugin: set wind_speed=2.35 wind_direction=-55.4
[gzserver-2] [INFO] [1773143049.130627786] [gazebo_wind_plugin_node]: WindPlugin: set wind_speed=2.35 wind_direction=-55.4
[gzserver-2] [INFO] [1773143049.364327143] [gazebo_wind_plugin_node]: WindPlugin: set wind_speed=2.29 wind_direction=-57.8
[gzserver-2] [INFO] [1773143049.604347479] [gazebo_wind_plugin_node]: WindPlugin: set wind_speed=2.29 wind_direction=-57.8
[gzserver-2] [INFO] [1773143049.833054341] [gazebo_wind_plugin_node]: WindPlugin: set wind_speed=2.29 wind_direction=-57.8
[gzserver-2] [INFO] [1773143050.072239819] [gazebo_wind_plugin_node]: WindPlugin: set wind_speed=2.29 wind_direction=-57.8
[gzserver-2] [INFO] [1773143050.301048798] [gazebo_wind_plugin_node]: WindPlugin: set wind_speed=2.34 wind_direction=-60.0
[gzserver-2] [INFO] [1773143050.540321765] [gazebo_wind_plugin_node]: WindPlugin: set wind_speed=2.34 wind_direction=-60.0
[gzserver-2] [INFO] [1773143050.779513282] [gazebo_wind_plugin_node]: WindPlugin: set wind_speed=2.34 wind_direction=-60.0
[gzserver-2] [INFO] [1773143051.020621415] [gazebo_wind_plugin_node]: WindPlugin: set wind_speed=2.34 wind_direction=-60.0
[gzserver-2] [INFO] [1773143051.257169444] [gazebo_wind_plugin_node]: WindPlugin: set wind_speed=2.43 wind_direction=-57.6
[gzserver-2] [INFO] [1773143051.496431006] [gazebo_wind_plugin_node]: WindPlugin: set wind_speed=2.43 wind_direction=-57.6
[gzserver-2] [INFO] [1773143051.735541680] [gazebo_wind_plugin_node]: WindPlugin: set wind_speed=2.43 wind_direction=-57.6
[gzserver-2] [INFO] [1773143051.969375533] [gazebo_wind_plugin_node]: WindPlugin: set wind_speed=2.43 wind_direction=-57.6
[gzserver-2] [INFO] [1773143052.204149249] [gazebo_wind_plugin_node]: WindPlugin: set wind_speed=2.30 wind_direction=-59.0
[gzserver-2] [INFO] [1773143052.444210188] [gazebo_wind_plugin_node]: WindPlugin: set wind_speed=2.30 wind_direction=-59.0
[gzserver-2] [INFO] [1773143052.683335202] [gazebo_wind_plugin_node]: WindPlugin: set wind_speed=2.30 wind_direction=-59.0
[gzserver-2] [INFO] [1773143052.917088328] [gazebo_wind_plugin_node]: WindPlugin: set wind_speed=2.30 wind_direction=-59.0
[gzserver-2] [INFO] [1773143053.151240692] [gazebo_wind_plugin_node]: WindPlugin: set wind_speed=2.30 wind_direction=-59.0
[gzserver-2] [INFO] [1773143053.390363431] [gazebo_wind_plugin_node]: WindPlugin: set wind_speed=2.30 wind_direction=-57.9
[gzserver-2] [INFO] [1773143053.624130145] [gazebo_wind_plugin_node]: WindPlugin: set wind_speed=2.30 wind_direction=-57.9
[gzserver-2] [INFO] [1773143053.865754614] [gazebo_wind_plugin_node]: WindPlugin: set wind_speed=2.30 wind_direction=-57.9
[gzserver-2] [INFO] [1773143054.104268369] [gazebo_wind_plugin_node]: WindPlugin: set wind_speed=2.30 wind_direction=-57.9
[gzserver-2] [INFO] [1773143054.330604252] [gazebo_wind_plugin_node]: WindPlugin: set wind_speed=2.33 wind_direction=-58.6
[gzserver-2] [INFO] [1773143054.569672159] [gazebo_wind_plugin_node]: WindPlugin: set wind_speed=2.33 wind_direction=-58.6
[gzserver-2] [INFO] [1773143054.808885657] [gazebo_wind_plugin_node]: WindPlugin: set wind_speed=2.33 wind_direction=-58.6
[gzserver-2] [INFO] [1773143055.047885432] [gazebo_wind_plugin_node]: WindPlugin: set wind_speed=2.33 wind_direction=-58.6
[gzserver-2] [0m[1;36m[Dbg] [wind_plugin.cpp:110] [0m[1;36mWindPlugin: received command -> speed=[0m[1;36m2.35273[0m[1;36m dir=[0m[1;36m-55.3845[0m[1;36m
[gzserver-2] [0m[1;36m[Dbg] [wind_plugin.cpp:110] [0m[1;36mWindPlugin: received command -> speed=[0m[1;36m2.35273[0m[1;36m dir=[0m[1;36m-55.3845[0m[1;36m
[gzserver-2] [0m[1;36m[Dbg] [wind_plugin.cpp:110] [0m[1;36mWindPlugin: received command -> speed=[0m[1;36m2.35273[0m[1;36m dir=[0m[1;36m-55.3845[0m[1;36m
[gzserver-2] [0m[1;36m[Dbg] [wind_plugin.cpp:110] [0m[1;36mWindPlugin: received command -> speed=[0m[1;36m2.2875[0m[1;36m dir=[0m[1;36m-57.7742[0m[1;36m
[gzserver-2] [0m[1;36m[Dbg] [wind_plugin.cpp:110] [0m[1;36mWindPlugin: received command -> speed=[0m[1;36m2.2875[0m[1;36m dir=[0m[1;36m-57.7742[0m[1;36m
[gzserver-2] [0m[1;36m[Dbg] [wind_plugin.cpp:110] [0m[1;36mWindPlugin: received command -> speed=[0m[1;36m2.2875[0m[1;36m dir=[0m[1;36m-57.7742[0m[1;36m
[gzserver-2] [0m[1;36m[Dbg] [wind_plugin.cpp:110] [0m[1;36mWindPlugin: received command -> speed=[0m[1;36m2.2875[0m[1;36m dir=[0m[1;36m-57.7742[0m[1;36m
[gzserver-2] [0m[1;36m[Dbg] [wind_plugin.cpp:110] [0m[1;36mWindPlugin: received command -> speed=[0m[1;36m2.33635[0m[1;36m dir=[0m[1;36m-59.9506[0m[1;36m
[gzserver-2] [0m[1;36m[Dbg] [wind_plugin.cpp:110] [0m[1;36mWindPlugin: received command -> speed=[0m[1;36m2.33635[0m[1;36m dir=[0m[1;36m-59.9506[0m[1;36m
[gzserver-2] [0m[1;36m[Dbg] [wind_plugin.cpp:110] [0m[1;36mWindPlugin: received command -> speed=[0m[1;36m2.33635[0m[1;36m dir=[0m[1;36m-59.9506[0m[1;36m
[gzserver-2] [0m[1;36m[Dbg] [wind_plugin.cpp:110] [0m[1;36mWindPlugin: received command -> speed=[0m[1;36m2.33635[0m[1;36m dir=[0m[1;36m-59.9506[0m[1;36m
[gzserver-2] [0m[1;36m[Dbg] [wind_plugin.cpp:110] [0m[1;36mWindPlugin: received command -> speed=[0m[1;36m2.42647[0m[1;36m dir=[0m[1;36m-57.5815[0m[1;36m
[gzserver-2] [0m[1;36m[Dbg] [wind_plugin.cpp:110] [0m[1;36mWindPlugin: received command -> speed=[0m[1;36m2.42647[0m[1;36m dir=[0m[1;36m-57.5815[0m[1;36m
[gzserver-2] [0m[1;36m[Dbg] [wind_plugin.cpp:110] [0m[1;36mWindPlugin: received command -> speed=[0m[1;36m2.42647[0m[1;36m dir=[0m[1;36m-57.5815[0m[1;36m
[gzserver-2] [0m[1;36m[Dbg] [wind_plugin.cpp:110] [0m[1;36mWindPlugin: received command -> speed=[0m[1;36m2.42647[0m[1;36m dir=[0m[1;36m-57.5815[0m[1;36m
[gzserver-2] [0m[1;36m[Dbg] [wind_plugin.cpp:110] [0m[1;36mWindPlugin: received command -> speed=[0m[1;36m2.30167[0m[1;36m dir=[0m[1;36m-58.9988[0m[1;36m
[gzserver-2] [0m[1;36m[Dbg] [wind_plugin.cpp:110] [0m[1;36mWindPlugin: received command -> speed=[0m[1;36m2.30167[0m[1;36m dir=[0m[1;36m-58.9988[0m[1;36m
[gzserver-2] [0m[1;36m[Dbg] [wind_plugin.cpp:110] [0m[1;36mWindPlugin: received command -> speed=[0m[1;36m2.30167[0m[1;36m dir=[0m[1;36m-58.9988[0m[1;36m
[gzserver-2] [0m[1;36m[Dbg] [wind_plugin.cpp:110] [0m[1;36mWindPlugin: received command -> speed=[0m[1;36m2.30167[0m[1;36m dir=[0m[1;36m-58.9988[0m[1;36m
[gzserver-2] [0m[1;36m[Dbg] [wind_plugin.cpp:110] [0m[1;36mWindPlugin: received command -> speed=[0m[1;36m2.30167[0m[1;36m dir=[0m[1;36m-58.9988[0m[1;36m
[gzserver-2] [0m[1;36m[Dbg] [wind_plugin.cpp:110] [0m[1;36mWindPlugin: received command -> speed=[0m[1;36m2.30469[0m[1;36m dir=[0m[1;36m-57.9421[0m[1;36m
[gzserver-2] [0m[1;36m[Dbg] [wind_plugin.cpp:110] [0m[1;36mWindPlugin: received command -> speed=[0m[1;36m2.30469[0m[1;36m dir=[0m[1;36m-57.9421[0m[1;36m
[gzserver-2] [0m[1;36m[Dbg] [wind_plugin.cpp:110] [0m[1;36mWindPlugin: received command -> speed=[0m[1;36m2.30469[0m[1;36m dir=[0m[1;36m-57.9421[0m[1;36m
[gzserver-2] [0m[1;36m[Dbg] [wind_plugin.cpp:110] [0m[1;36mWindPlugin: received command -> speed=[0m[1;36m2.30469[0m[1;36m dir=[0m[1;36m-57.9421[0m[1;36m
[gzserver-2] [0m[1;36m[Dbg] [wind_plugin.cpp:110] [0m[1;36mWindPlugin: received command -> speed=[0m[1;36m2.32549[0m[1;36m dir=[0m[1;36m-58.6102[0m[1;36m
[gzserver-2] [0m[1;36m[Dbg] [wind_plugin.cpp:110] [0m[1;36mWindPlugin: received command -> speed=[0m[1;36m2.32549[0m[1;36m dir=[0m[1;36m-58.6102[0m[1;36m
[gzserver-2] [0m[1;36m[Dbg] [wind_plugin.cpp:110] [0m[1;36mWindPlugin: received command -> speed=[0m[1;36m2.32549[0m[1;36m dir=[0m[1;36m-58.6102[0m[1;36m
[gzserver-2] [INFO] [1773143055.287136081] [gazebo_wind_plugin_node]: WindPlugin: set wind_speed=2.20 wind_direction=-59.8
[gzserver-2] [INFO] [1773143055.526878330] [gazebo_wind_plugin_node]: WindPlugin: set wind_speed=2.20 wind_direction=-59.8
[gzserver-2] [INFO] [1773143055.768473197] [gazebo_wind_plugin_node]: WindPlugin: set wind_speed=2.20 wind_direction=-59.8
[gzserver-2] [INFO] [1773143056.007540173] [gazebo_wind_plugin_node]: WindPlugin: set wind_speed=2.20 wind_direction=-59.8
[gzserver-2] [INFO] [1773143056.235666134] [gazebo_wind_plugin_node]: WindPlugin: set wind_speed=2.20 wind_direction=-61.1
[gzserver-2] [INFO] [1773143056.469912087] [gazebo_wind_plugin_node]: WindPlugin: set wind_speed=2.20 wind_direction=-61.1
[gzserver-2] [INFO] [1773143056.709202953] [gazebo_wind_plugin_node]: WindPlugin: set wind_speed=2.20 wind_direction=-61.1
[gzserver-2] [INFO] [1773143056.938110574] [gazebo_wind_plugin_node]: WindPlugin: set wind_speed=2.20 wind_direction=-61.1
[gzserver-2] [INFO] [1773143057.177013543] [gazebo_wind_plugin_node]: WindPlugin: set wind_speed=2.20 wind_direction=-61.1
[gzserver-2] [INFO] [1773143057.419106125] [gazebo_wind_plugin_node]: WindPlugin: set wind_speed=2.23 wind_direction=-61.0
[gzserver-2] [INFO] [1773143057.653745631] [gazebo_wind_plugin_node]: WindPlugin: set wind_speed=2.23 wind_direction=-61.0
[gzserver-2] [INFO] [1773143057.887691541] [gazebo_wind_plugin_node]: WindPlugin: set wind_speed=2.23 wind_direction=-61.0
[gzserver-2] [INFO] [1773143058.122550312] [gazebo_wind_plugin_node]: WindPlugin: set wind_speed=2.23 wind_direction=-61.0
[gzserver-2] [INFO] [1773143058.356308997] [gazebo_wind_plugin_node]: WindPlugin: set wind_speed=2.43 wind_direction=-59.4
[gzserver-2] [INFO] [1773143058.595795206] [gazebo_wind_plugin_node]: WindPlugin: set wind_speed=2.43 wind_direction=-59.4
[gzserver-2] [INFO] [1773143058.835348909] [gazebo_wind_plugin_node]: WindPlugin: set wind_speed=2.43 wind_direction=-59.4
[gzserver-2] [INFO] [1773143059.074568096] [gazebo_wind_plugin_node]: WindPlugin: set wind_speed=2.43 wind_direction=-59.4
[gzserver-2] [INFO] [1773143059.315141500] [gazebo_wind_plugin_node]: WindPlugin: set wind_speed=2.40 wind_direction=-59.5
[gzserver-2] [INFO] [1773143059.549436907] [gazebo_wind_plugin_node]: WindPlugin: set wind_speed=2.40 wind_direction=-59.5
[gzserver-2] [INFO] [1773143059.783240471] [gazebo_wind_plugin_node]: WindPlugin: set wind_speed=2.40 wind_direction=-59.5
[gzserver-2] [INFO] [1773143060.020259037] [gazebo_wind_plugin_node]: WindPlugin: set wind_speed=2.40 wind_direction=-59.5
[gzserver-2] [INFO] [1773143060.258926534] [gazebo_wind_plugin_node]: WindPlugin: set wind_speed=2.19 wind_direction=-61.8
[gzserver-2] [INFO] [1773143060.498278499] [gazebo_wind_plugin_node]: WindPlugin: set wind_speed=2.19 wind_direction=-61.8
[gzserver-2] [INFO] [1773143060.727436292] [gazebo_wind_plugin_node]: WindPlugin: set wind_speed=2.19 wind_direction=-61.8
[gzserver-2] [INFO] [1773143060.961137162] [gazebo_wind_plugin_node]: WindPlugin: set wind_speed=2.19 wind_direction=-61.8
[gzserver-2] [INFO] [1773143061.195735539] [gazebo_wind_plugin_node]: WindPlugin: set wind_speed=2.23 wind_direction=-60.8
[gzserver-2] [INFO] [1773143061.435993824] [gazebo_wind_plugin_node]: WindPlugin: set wind_speed=2.23 wind_direction=-60.8
[gzserver-2] [0m[1;36m[Dbg] [wind_plugin.cpp:110] [0m[1;36mWindPlugin: received command -> speed=[0m[1;36m2.32549[0m[1;36m dir=[0m[1;36m-58.6102[0m[1;36m
[gzserver-2] [0m[1;36m[Dbg] [wind_plugin.cpp:110] [0m[1;36mWindPlugin: received command -> speed=[0m[1;36m2.19993[0m[1;36m dir=[0m[1;36m-59.7806[0m[1;36m
[gzserver-2] [0m[1;36m[Dbg] [wind_plugin.cpp:110] [0m[1;36mWindPlugin: received command -> speed=[0m[1;36m2.19993[0m[1;36m dir=[0m[1;36m-59.7806[0m[1;36m
[gzserver-2] [0m[1;36m[Dbg] [wind_plugin.cpp:110] [0m[1;36mWindPlugin: received command -> speed=[0m[1;36m2.19993[0m[1;36m dir=[0m[1;36m-59.7806[0m[1;36m
[gzserver-2] [0m[1;36m[Dbg] [wind_plugin.cpp:110] [0m[1;36mWindPlugin: received command -> speed=[0m[1;36m2.19993[0m[1;36m dir=[0m[1;36m-59.7806[0m[1;36m
[gzserver-2] [0m[1;36m[Dbg] [wind_plugin.cpp:110] [0m[1;36mWindPlugin: received command -> speed=[0m[1;36m2.19571[0m[1;36m dir=[0m[1;36m-61.0871[0m[1;36m
[gzserver-2] [0m[1;36m[Dbg] [wind_plugin.cpp:110] [0m[1;36mWindPlugin: received command -> speed=[0m[1;36m2.19571[0m[1;36m dir=[0m[1;36m-61.0871[0m[1;36m
[gzserver-2] [0m[1;36m[Dbg] [wind_plugin.cpp:110] [0m[1;36mWindPlugin: received command -> speed=[0m[1;36m2.19571[0m[1;36m dir=[0m[1;36m-61.0871[0m[1;36m
[gzserver-2] [0m[1;36m[Dbg] [wind_plugin.cpp:110] [0m[1;36mWindPlugin: received command -> speed=[0m[1;36m2.19571[0m[1;36m dir=[0m[1;36m-61.0871[0m[1;36m
[gzserver-2] [0m[1;36m[Dbg] [wind_plugin.cpp:110] [0m[1;36mWindPlugin: received command -> speed=[0m[1;36m2.19571[0m[1;36m dir=[0m[1;36m-61.0871[0m[1;36m
[gzserver-2] [0m[1;36m[Dbg] [wind_plugin.cpp:110] [0m[1;36mWindPlugin: received command -> speed=[0m[1;36m2.22966[0m[1;36m dir=[0m[1;36m-60.9734[0m[1;36m
[gzserver-2] [0m[1;36m[Dbg] [wind_plugin.cpp:110] [0m[1;36mWindPlugin: received command -> speed=[0m[1;36m2.22966[0m[1;36m dir=[0m[1;36m-60.9734[0m[1;36m
[gzserver-2] [0m[1;36m[Dbg] [wind_plugin.cpp:110] [0m[1;36mWindPlugin: received command -> speed=[0m[1;36m2.22966[0m[1;36m dir=[0m[1;36m-60.9734[0m[1;36m
[gzserver-2] [0m[1;36m[Dbg] [wind_plugin.cpp:110] [0m[1;36mWindPlugin: received command -> speed=[0m[1;36m2.22966[0m[1;36m dir=[0m[1;36m-60.9734[0m[1;36m
[gzserver-2] [0m[1;36m[Dbg] [wind_plugin.cpp:110] [0m[1;36mWindPlugin: received command -> speed=[0m[1;36m2.42535[0m[1;36m dir=[0m[1;36m-59.3893[0m[1;36m
[gzserver-2] [0m[1;36m[Dbg] [wind_plugin.cpp:110] [0m[1;36mWindPlugin: received command -> speed=[0m[1;36m2.42535[0m[1;36m dir=[0m[1;36m-59.3893[0m[1;36m
[gzserver-2] [0m[1;36m[Dbg] [wind_plugin.cpp:110] [0m[1;36mWindPlugin: received command -> speed=[0m[1;36m2.42535[0m[1;36m dir=[0m[1;36m-59.3893[0m[1;36m
[gzserver-2] [0m[1;36m[Dbg] [wind_plugin.cpp:110] [0m[1;36mWindPlugin: received command -> speed=[0m[1;36m2.42535[0m[1;36m dir=[0m[1;36m-59.3893[0m[1;36m
[gzserver-2] [0m[1;36m[Dbg] [wind_plugin.cpp:110] [0m[1;36mWindPlugin: received command -> speed=[0m[1;36m2.4007[0m[1;36m dir=[0m[1;36m-59.4596[0m[1;36m
[gzserver-2] [0m[1;36m[Dbg] [wind_plugin.cpp:110] [0m[1;36mWindPlugin: received command -> speed=[0m[1;36m2.4007[0m[1;36m dir=[0m[1;36m-59.4596[0m[1;36m
[gzserver-2] [0m[1;36m[Dbg] [wind_plugin.cpp:110] [0m[1;36mWindPlugin: received command -> speed=[0m[1;36m2.4007[0m[1;36m dir=[0m[1;36m-59.4596[0m[1;36m
[gzserver-2] [0m[1;36m[Dbg] [wind_plugin.cpp:110] [0m[1;36mWindPlugin: received command -> speed=[0m[1;36m2.4007[0m[1;36m dir=[0m[1;36m-59.4596[0m[1;36m
[gzserver-2] [0m[1;36m[Dbg] [wind_plugin.cpp:110] [0m[1;36mWindPlugin: received command -> speed=[0m[1;36m2.19217[0m[1;36m dir=[0m[1;36m-61.802[0m[1;36m
[gzserver-2] [0m[1;36m[Dbg] [wind_plugin.cpp:110] [0m[1;36mWindPlugin: received command -> speed=[0m[1;36m2.19217[0m[1;36m dir=[0m[1;36m-61.802[0m[1;36m
[gzserver-2] [0m[1;36m[Dbg] [wind_plugin.cpp:110] [0m[1;36mWindPlugin: received command -> speed=[0m[1;36m2.19217[0m[1;36m dir=[0m[1;36m-61.802[0m[1;36m
[gzserver-2] [0m[1;36m[Dbg] [wind_plugin.cpp:110] [0m[1;36mWindPlugin: received command -> speed=[0m[1;36m2.19217[0m[1;36m dir=[0m[1;36m-61.802[0m[1;36m
[gzserver-2] [0m[1;36m[Dbg] [wind_plugin.cpp:110] [0m[1;36mWindPlugin: received command -> speed=[0m[1;36m2.22531[0m[1;36m dir=[0m[1;36m-60.7646[0m[1;36m
[gzserver-2] [INFO] [1773143061.675196232] [gazebo_wind_plugin_node]: WindPlugin: set wind_speed=2.23 wind_direction=-60.8
[gzserver-2] [INFO] [1773143061.912167133] [gazebo_wind_plugin_node]: WindPlugin: set wind_speed=2.23 wind_direction=-60.8
[gzserver-2] [INFO] [1773143062.150869748] [gazebo_wind_plugin_node]: WindPlugin: set wind_speed=2.23 wind_direction=-60.8
[gzserver-2] [INFO] [1773143062.384848532] [gazebo_wind_plugin_node]: WindPlugin: set wind_speed=2.18 wind_direction=-59.5
[gzserver-2] [INFO] [1773143062.623900529] [gazebo_wind_plugin_node]: WindPlugin: set wind_speed=2.18 wind_direction=-59.5
[gzserver-2] [INFO] [1773143062.863197974] [gazebo_wind_plugin_node]: WindPlugin: set wind_speed=2.18 wind_direction=-59.5
[gzserver-2] [INFO] [1773143063.103174227] [gazebo_wind_plugin_node]: WindPlugin: set wind_speed=2.18 wind_direction=-59.5
[gzserver-2] [INFO] [1773143063.342553049] [gazebo_wind_plugin_node]: WindPlugin: set wind_speed=2.19 wind_direction=-59.0
[gzserver-2] [INFO] [1773143063.582308455] [gazebo_wind_plugin_node]: WindPlugin: set wind_speed=2.19 wind_direction=-59.0
[gzserver-2] [INFO] [1773143063.824024844] [gazebo_wind_plugin_node]: WindPlugin: set wind_speed=2.19 wind_direction=-59.0
[gzserver-2] [INFO] [1773143064.064969782] [gazebo_wind_plugin_node]: WindPlugin: set wind_speed=2.19 wind_direction=-59.0
[gzserver-2] [INFO] [1773143064.304547958] [gazebo_wind_plugin_node]: WindPlugin: set wind_speed=2.32 wind_direction=-58.0
[gzserver-2] [INFO] [1773143064.538708799] [gazebo_wind_plugin_node]: WindPlugin: set wind_speed=2.32 wind_direction=-58.0
[gzserver-2] [INFO] [1773143064.777360603] [gazebo_wind_plugin_node]: WindPlugin: set wind_speed=2.32 wind_direction=-58.0
[gzserver-2] [INFO] [1773143065.006605981] [gazebo_wind_plugin_node]: WindPlugin: set wind_speed=2.32 wind_direction=-58.0
[gzserver-2] [INFO] [1773143065.245994409] [gazebo_wind_plugin_node]: WindPlugin: set wind_speed=2.35 wind_direction=-59.5
[gzserver-2] [INFO] [1773143065.479684200] [gazebo_wind_plugin_node]: WindPlugin: set wind_speed=2.35 wind_direction=-59.5
[gzserver-2] [INFO] [1773143065.714258770] [gazebo_wind_plugin_node]: WindPlugin: set wind_speed=2.35 wind_direction=-59.5
[gzserver-2] [INFO] [1773143065.948382937] [gazebo_wind_plugin_node]: WindPlugin: set wind_speed=2.35 wind_direction=-59.5
[gzserver-2] [INFO] [1773143066.182207094] [gazebo_wind_plugin_node]: WindPlugin: set wind_speed=2.35 wind_direction=-59.5
[gzserver-2] [INFO] [1773143066.220738716] [drone.simple_drone]: Quadrotor lands!!
[gzserver-2] [INFO] [1773143066.422266751] [gazebo_wind_plugin_node]: WindPlugin: set wind_speed=2.36 wind_direction=-59.0
[gzserver-2] [INFO] [1773143066.651719980] [gazebo_wind_plugin_node]: WindPlugin: set wind_speed=2.36 wind_direction=-59.0
[gzserver-2] [INFO] [1773143066.885356418] [gazebo_wind_plugin_node]: WindPlugin: set wind_speed=2.36 wind_direction=-59.0
[gzserver-2] [INFO] [1773143067.124738741] [gazebo_wind_plugin_node]: WindPlugin: set wind_speed=2.36 wind_direction=-59.0
[gzserver-2] [0m[1;36m[Dbg] [wind_plugin.cpp:110] [0m[1;36mWindPlugin: received command -> speed=[0m[1;36m2.22531[0m[1;36m dir=[0m[1;36m-60.7646[0m[1;36m
[gzserver-2] [0m[1;36m[Dbg] [wind_plugin.cpp:110] [0m[1;36mWindPlugin: received command -> speed=[0m[1;36m2.22531[0m[1;36m dir=[0m[1;36m-60.7646[0m[1;36m
[gzserver-2] [0m[1;36m[Dbg] [wind_plugin.cpp:110] [0m[1;36mWindPlugin: received command -> speed=[0m[1;36m2.22531[0m[1;36m dir=[0m[1;36m-60.7646[0m[1;36m
[gzserver-2] [0m[1;36m[Dbg] [wind_plugin.cpp:110] [0m[1;36mWindPlugin: received command -> speed=[0m[1;36m2.22531[0m[1;36m dir=[0m[1;36m-60.7646[0m[1;36m
[gzserver-2] [0m[1;36m[Dbg] [wind_plugin.cpp:110] [0m[1;36mWindPlugin: received command -> speed=[0m[1;36m2.1786[0m[1;36m dir=[0m[1;36m-59.5256[0m[1;36m
[gzserver-2] [0m[1;36m[Dbg] [wind_plugin.cpp:110] [0m[1;36mWindPlugin: received command -> speed=[0m[1;36m2.1786[0m[1;36m dir=[0m[1;36m-59.5256[0m[1;36m
[gzserver-2] [0m[1;36m[Dbg] [wind_plugin.cpp:110] [0m[1;36mWindPlugin: received command -> speed=[0m[1;36m2.1786[0m[1;36m dir=[0m[1;36m-59.5256[0m[1;36m
[gzserver-2] [0m[1;36m[Dbg] [wind_plugin.cpp:110] [0m[1;36mWindPlugin: received command -> speed=[0m[1;36m2.1786[0m[1;36m dir=[0m[1;36m-59.5256[0m[1;36m
[gzserver-2] [0m[1;36m[Dbg] [wind_plugin.cpp:110] [0m[1;36mWindPlugin: received command -> speed=[0m[1;36m2.19077[0m[1;36m dir=[0m[1;36m-59.0146[0m[1;36m
[gzserver-2] [0m[1;36m[Dbg] [wind_plugin.cpp:110] [0m[1;36mWindPlugin: received command -> speed=[0m[1;36m2.19077[0m[1;36m dir=[0m[1;36m-59.0146[0m[1;36m
[gzserver-2] [0m[1;36m[Dbg] [wind_plugin.cpp:110] [0m[1;36mWindPlugin: received command -> speed=[0m[1;36m2.19077[0m[1;36m dir=[0m[1;36m-59.0146[0m[1;36m
[gzserver-2] [0m[1;36m[Dbg] [wind_plugin.cpp:110] [0m[1;36mWindPlugin: received command -> speed=[0m[1;36m2.19077[0m[1;36m dir=[0m[1;36m-59.0146[0m[1;36m
[gzserver-2] [0m[1;36m[Dbg] [wind_plugin.cpp:110] [0m[1;36mWindPlugin: received command -> speed=[0m[1;36m2.31793[0m[1;36m dir=[0m[1;36m-57.9775[0m[1;36m
[gzserver-2] [0m[1;36m[Dbg] [wind_plugin.cpp:110] [0m[1;36mWindPlugin: received command -> speed=[0m[1;36m2.31793[0m[1;36m dir=[0m[1;36m-57.9775[0m[1;36m
[gzserver-2] [0m[1;36m[Dbg] [wind_plugin.cpp:110] [0m[1;36mWindPlugin: received command -> speed=[0m[1;36m2.31793[0m[1;36m dir=[0m[1;36m-57.9775[0m[1;36m
[gzserver-2] [0m[1;36m[Dbg] [wind_plugin.cpp:110] [0m[1;36mWindPlugin: received command -> speed=[0m[1;36m2.31793[0m[1;36m dir=[0m[1;36m-57.9775[0m[1;36m
[gzserver-2] [0m[1;36m[Dbg] [wind_plugin.cpp:110] [0m[1;36mWindPlugin: received command -> speed=[0m[1;36m2.34649[0m[1;36m dir=[0m[1;36m-59.5026[0m[1;36m
[gzserver-2] [0m[1;36m[Dbg] [wind_plugin.cpp:110] [0m[1;36mWindPlugin: received command -> speed=[0m[1;36m2.34649[0m[1;36m dir=[0m[1;36m-59.5026[0m[1;36m
[gzserver-2] [0m[1;36m[Dbg] [wind_plugin.cpp:110] [0m[1;36mWindPlugin: received command -> speed=[0m[1;36m2.34649[0m[1;36m dir=[0m[1;36m-59.5026[0m[1;36m
[gzserver-2] [0m[1;36m[Dbg] [wind_plugin.cpp:110] [0m[1;36mWindPlugin: received command -> speed=[0m[1;36m2.34649[0m[1;36m dir=[0m[1;36m-59.5026[0m[1;36m
[gzserver-2] [0m[1;36m[Dbg] [wind_plugin.cpp:110] [0m[1;36mWindPlugin: received command -> speed=[0m[1;36m2.34649[0m[1;36m dir=[0m[1;36m-59.5026[0m[1;36m
[gzserver-2] [0m[1;36m[Dbg] [wind_plugin.cpp:110] [0m[1;36mWindPlugin: received command -> speed=[0m[1;36m2.36471[0m[1;36m dir=[0m[1;36m-59.0237[0m[1;36m
[gzserver-2] [0m[1;36m[Dbg] [wind_plugin.cpp:110] [0m[1;36mWindPlugin: received command -> speed=[0m[1;36m2.36471[0m[1;36m dir=[0m[1;36m-59.0237[0m[1;36m
[gzserver-2] [0m[1;36m[Dbg] [wind_plugin.cpp:110] [0m[1;36mWindPlugin: received command -> speed=[0m[1;36m2.36471[0m[1;36m dir=[0m[1;36m-59.0237[0m[1;36m
[gzserver-2] [0m[1;36m[Dbg] [wind_plugin.cpp:110] [0m[1;36mWindPlugin: received command -> speed=[0m[1;36m2.36471[0m[1;36m dir=[0m[1;36m-59.0237[0m[1;36m
[gzserver-2] [0mLanded!
[gzserver-2] [INFO] [1773143067.363840285] [gazebo_wind_plugin_node]: WindPlugin: set wind_speed=2.32 wind_direction=-57.9
[gzserver-2] [INFO] [1773143067.603304417] [gazebo_wind_plugin_node]: WindPlugin: set wind_speed=2.32 wind_direction=-57.9
[gzserver-2] [INFO] [1773143067.837206499] [gazebo_wind_plugin_node]: WindPlugin: set wind_speed=2.32 wind_direction=-57.9
[gzserver-2] [INFO] [1773143068.076350272] [gazebo_wind_plugin_node]: WindPlugin: set wind_speed=2.32 wind_direction=-57.9
[gzserver-2] [INFO] [1773143068.315835827] [gazebo_wind_plugin_node]: WindPlugin: set wind_speed=2.27 wind_direction=-56.3
[gzserver-2] [INFO] [1773143068.555382205] [gazebo_wind_plugin_node]: WindPlugin: set wind_speed=2.27 wind_direction=-56.3
[gzserver-2] [INFO] [1773143068.793193718] [gazebo_wind_plugin_node]: WindPlugin: set wind_speed=2.27 wind_direction=-56.3
[gzserver-2] [INFO] [1773143069.032403762] [gazebo_wind_plugin_node]: WindPlugin: set wind_speed=2.27 wind_direction=-56.3
