[INFO] [launch]: All log files can be found below /home/j/.ros/log/2026-03-11-02-08-38-434153-j-2944352
[INFO] [launch]: Default logging verbosity is set to INFO
[INFO] [launch.user]: [bringup] Apriltag config: camera=/drone/bottom, image=/drone/bottom/image_raw, tags=/drone/bottom/tags, bridge=/landing_tag_state, standalone=true, use_target_id=true, target_id=0
[INFO] [rviz2-1]: process started with pid [2944369]
[INFO] [gzserver-2]: process started with pid [2944371]
[INFO] [robot_state_publisher-3]: process started with pid [2944373]
[INFO] [joint_state_publisher-4]: process started with pid [2944375]
[INFO] [spawn_drone-5]: process started with pid [2944377]
[INFO] [static_transform_publisher-6]: process started with pid [2944379]
[INFO] [joy_node-7]: process started with pid [2944381]
[INFO] [teleop_joystick-8]: process started with pid [2944383]
[INFO] [apriltag_detector_node-9]: process started with pid [2944385]
[INFO] [apriltag_state_bridge-10]: process started with pid [2944388]
[static_transform_publisher-6] [WARN] [1773162518.911198450] []: Old-style arguments are deprecated; see --help for new-style arguments
[static_transform_publisher-6] [INFO] [1773162518.918460028] [static_transform_publisher_B25i6qaHCcueGHRV]: Spinning until stopped - publishing transform
[static_transform_publisher-6] translation: ('0.000000', '0.000000', '0.000000')
[static_transform_publisher-6] rotation: ('0.000000', '0.000000', '0.000000', '1.000000')
[static_transform_publisher-6] from 'world' to '/drone/odom'
[rviz2-1] 
[rviz2-1] (rviz2:2944369): dbind-WARNING **: 02:08:38.935: Couldn't connect to accessibility bus: Failed to connect to socket /root/.cache/at-spi/bus_0: 허가 거부
[robot_state_publisher-3] [INFO] [1773162518.941185878] [drone.robot_state_publisher]: got segment base_footprint
[robot_state_publisher-3] [INFO] [1773162518.941237751] [drone.robot_state_publisher]: got segment base_link
[robot_state_publisher-3] [INFO] [1773162518.941243242] [drone.robot_state_publisher]: got segment bottom_cam_link
[robot_state_publisher-3] [INFO] [1773162518.941246391] [drone.robot_state_publisher]: got segment front_cam_link
[robot_state_publisher-3] [INFO] [1773162518.941249354] [drone.robot_state_publisher]: got segment sonar_link
[apriltag_detector_node-9] [INFO] [1773162518.946215841] [apriltag_detector_node]: tag detector type: umich
[teleop_joystick-8] Traceback (most recent call last):
[teleop_joystick-8]   File "/home/j/INCSL/IICC26_ws/install/sjtu_drone_control/lib/sjtu_drone_control/teleop_joystick", line 33, in <module>
[teleop_joystick-8]     sys.exit(load_entry_point('sjtu_drone_control==0.0.0', 'console_scripts', 'teleop_joystick')())
[teleop_joystick-8]   File "/home/j/INCSL/IICC26_ws/install/sjtu_drone_control/lib/sjtu_drone_control/teleop_joystick", line 22, in importlib_load_entry_point
[teleop_joystick-8]     for entry_point in distribution(dist_name).entry_points
[teleop_joystick-8]   File "/usr/lib/python3.10/importlib/metadata/__init__.py", line 969, in distribution
[teleop_joystick-8]     return Distribution.from_name(distribution_name)
[teleop_joystick-8]   File "/usr/lib/python3.10/importlib/metadata/__init__.py", line 548, in from_name
[teleop_joystick-8]     raise PackageNotFoundError(name)
[teleop_joystick-8] importlib.metadata.PackageNotFoundError: No package metadata was found for sjtu_drone_control
[ERROR] [teleop_joystick-8]: process has died [pid 2944383, exit code 1, cmd '/home/j/INCSL/IICC26_ws/install/sjtu_drone_control/lib/sjtu_drone_control/teleop_joystick --ros-args -r __ns:=/drone'].
[gzserver-2] Gazebo multi-robot simulator, version 11.10.2
[gzserver-2] Copyright (C) 2012 Open Source Robotics Foundation.
[gzserver-2] Released under the Apache 2 License.
[gzserver-2] http://gazebosim.org
[gzserver-2] 
[apriltag_state_bridge-10] [INFO] [1773162519.168101042] [apriltag_state_bridge]: AprilTag bridge started: /drone/bottom/tags -> /landing_tag_state, use_target_id=True, target_id=0
[joint_state_publisher-4] [INFO] [1773162519.205824578] [drone.joint_state_publisher]: Waiting for robot_description to be published on the robot_description topic...
[gzserver-2] [1;33m[Wrn] [gazebo_ros_init.cpp:178] [0m[1;33m
[gzserver-2] #     # ####### ####### ###  #####  #######
[gzserver-2] ##    # #     #    #     #  #     # #
[gzserver-2] # #   # #     #    #     #  #       #
[gzserver-2] #  #  # #     #    #     #  #       #####
[gzserver-2] #   # # #     #    #     #  #       #
[gzserver-2] #    ## #     #    #     #  #     # #
[gzserver-2] #     # #######    #    ###  #####  #######
[gzserver-2] 
[gzserver-2] This version of Gazebo, now called Gazebo classic, reaches end-of-life
[gzserver-2] in January 2025. Users are highly encouraged to migrate to the new Gazebo
[gzserver-2] using our migration guides (https://gazebosim.org/docs/latest/gazebo_classic_migration?utm_source=gazebo_ros_pkgs&utm_medium=cli)
[gzserver-2] 
[gzserver-2] [0m[1;33m
[rviz2-1] [INFO] [1773162519.386666424] [rviz2]: Stereo is NOT SUPPORTED
[rviz2-1] [INFO] [1773162519.386771125] [rviz2]: OpenGl version: 4.6 (GLSL 4.6)
[rviz2-1] [INFO] [1773162519.462297981] [rviz2]: Stereo is NOT SUPPORTED
[rviz2-1] [INFO] [1773162519.581332878] [rviz2]: Stereo is NOT SUPPORTED
[spawn_drone-5] [INFO] [1773162520.122397416] [spawn_drone]: Result False Entity pushed to spawn queue, but spawn service timed outwaiting for entity to appear in simulation under the name [/drone]
[gzserver-2] [1;32m[Msg] [0m[1;32mWaiting for master.[0m[1;32m
[gzserver-2] [0m[1;32m[0m[1;32m[0m[1;32m[Msg] [0m[1;32mConnected to gazebo master @ [0m[1;32mhttp://127.0.0.1:11345[0m[1;32m
[gzserver-2] [0m[1;32m[0m[1;32m[0m[1;32m[Msg] [0m[1;32mPublicized address: [0m[1;32m192.168.0.11[0m[1;32m
[gzserver-2] [0m[1;32m[0m[1;32m[0m[1;32m[Msg] [0m[1;32mLoading world file [[0m[1;32m/home/j/INCSL/IICC26_ws/install/sjtu_drone_description/share/sjtu_drone_description/worlds/landingPad.world[0m[1;32m][0m[1;32m
[gzserver-2] [0m[1;32m[0m[1;32m[0m[1;36m[Dbg] [wind_plugin.cpp:96] [0m[1;36mWindPlugin loaded: speed=[0m[1;36m0[0m[1;36m dir=[0m[1;36m0[0m[1;36m deg area=[0m[1;36m0.1[0m[1;36m coeff=[0m[1;36m1[0m[1;36m
[gzserver-2] [0m[1;33m[0m[1;33m[0m[1;31m[Err] [Sensor.cc:510] [0m[1;31mGet noise index not valid[0m[1;31m
[gzserver-2] [0m[1;31m[0m[1;31m[0m[1;31m[Err] [Sensor.cc:510] [0m[1;31mGet noise index not valid[0m[1;31m
[gzserver-2] [0m[1;31m[0m[1;31m[0m[1;31m[Err] [Sensor.cc:510] [0m[1;31mGet noise index not valid[0m[1;31m
[gzserver-2] [0m[1;31m[0m[1;31m[0m[1;31m[Err] [Sensor.cc:510] [0m[1;31mGet noise index not valid[0m[1;31m
[gzserver-2] [0m[1;31m[0m[1;31m[0m[1;31m[Err] [Sensor.cc:510] [0m[1;31mGet noise index not valid[0m[1;31m
[gzserver-2] [0m[1;31m[0m[1;31m[0m[1;31m[Err] [Sensor.cc:510] [0m[1;31mGet noise index not valid[0m[1;31m
[gzserver-2] [0m[1;31m[0m[1;31m[0mTopic [default//drone/base_footprint/down_camera/image] is not valid.
[gzserver-2] [INFO] [1773162520.155335618] [drone.collision_plugin]: Publishing contact states to [/drone/bumper_states]
[gzserver-2] Topic [default//drone/base_footprint/front_camera/image] is not valid.
[gzserver-2] [1;33m[Wrn] [Event.cc:61] [0m[1;33mWarning: Deleting a connection right after creation. [0m[1;33mMake sure to save the ConnectionPtr from a Connect call
[INFO] [spawn_drone-5]: process has finished cleanly [pid 2944377]
[gzserver-2] [0m[INFO] [1773162520.742784969] [drone.camera_bottom]: Publishing camera info to [/drone/bottom/camera_info]
[gzserver-2] [INFO] [1773162520.745378033] [drone.camera_front]: Publishing camera info to [/drone/front/camera_info]
[gzserver-2] [INFO] [1773162520.867140088] [drone.simple_drone]: The drone plugin is loading!
[gzserver-2] [INFO] [1773162520.867346994] [drone.simple_drone]: pub_odom: 1
[gzserver-2] [INFO] [1773162520.867383876] [drone.simple_drone]: Using following parameters: 
[gzserver-2] 		link_name: base_footprint,
[gzserver-2] 		max_force: 30,
[gzserver-2] 		motion_small_noise: 0,
[gzserver-2] 		motion_drift_noise: 0,
[gzserver-2] 		motion_drift_noise_time: 50,
[gzserver-2] 		takeoff_hover_height: 1.82,
[gzserver-2] 		takeoff_vertical_speed: 0.2
[gzserver-2] [INFO] [1773162520.879080150] [drone.simple_drone]: Using the PID parameters: 
[gzserver-2] 	Roll Pitch:
[gzserver-2] 		kP: 10, kI: 0,kD: 5, Limit: 0.5, Time Constant: 0
[gzserver-2] 	Yaw:
[gzserver-2] 		kP: 2, kI: 0,kD: 1, Limit: 1.5, Time Constant: 0
[gzserver-2] 	Velocity X:
[gzserver-2] 		kP: 5, kI: 0,kD: 2.3, Limit: 2, Time Constant: 0
[gzserver-2] 	Velocity Y:
[gzserver-2] 		kP: 5, kI: 0,kD: 2.3, Limit: 2, Time Constant: 0
[gzserver-2] 	Velocity Z:
[gzserver-2] 		kP: 5, kI: 0,kD: 1, Limit: -1, Time Constant: 0
[gzserver-2] 	Position XY:
[gzserver-2] 		kP: 1.1, kI: 0,kD: 0, Limit: 5, Time Constant: 0
[gzserver-2] 	Position Z:
[gzserver-2] 		kP: 1, kI: 0,kD: 0.2, Limit: -1, Time Constant: 0
[gzserver-2] [INFO] [1773162520.879213306] [drone.simple_drone]: The drone plugin finished loading!
[gzserver-2] [INFO] [1773162528.353202151] [gazebo_wind_plugin_node]: WindPlugin: set wind_speed=0.00 wind_direction=0.0
[gzserver-2] [INFO] [1773162528.734255433] [gazebo_wind_plugin_node]: WindPlugin: set wind_speed=0.00 wind_direction=0.0
[gzserver-2] [INFO] [1773162528.778539810] [drone.simple_drone]: Quadrotor takes off!!
[gzserver-2] [INFO] [1773162528.984674564] [gazebo_wind_plugin_node]: WindPlugin: set wind_speed=0.00 wind_direction=0.0
[gzserver-2] [INFO] [1773162529.229314613] [gazebo_wind_plugin_node]: WindPlugin: set wind_speed=0.00 wind_direction=0.0
[gzserver-2] [INFO] [1773162529.464025829] [gazebo_wind_plugin_node]: WindPlugin: set wind_speed=0.00 wind_direction=0.0
[gzserver-2] [INFO] [1773162529.739408664] [gazebo_wind_plugin_node]: WindPlugin: set wind_speed=0.00 wind_direction=0.0
[gzserver-2] [INFO] [1773162529.979289332] [gazebo_wind_plugin_node]: WindPlugin: set wind_speed=0.00 wind_direction=0.0
[gzserver-2] [INFO] [1773162530.223341258] [gazebo_wind_plugin_node]: WindPlugin: set wind_speed=0.00 wind_direction=0.0
[gzserver-2] [0m[1;36m[Dbg] [wind_plugin.cpp:110] [0m[1;36mWindPlugin: received command -> speed=[0m[1;36m0[0m[1;36m dir=[0m[1;36m0[0m[1;36m
[gzserver-2] [0m[1;36m[Dbg] [wind_plugin.cpp:110] [0m[1;36mWindPlugin: received command -> speed=[0m[1;36m0[0m[1;36m dir=[0m[1;36m0[0m[1;36m
[gzserver-2] [0m[1;36m[Dbg] [wind_plugin.cpp:110] [0m[1;36mWindPlugin: received command -> speed=[0m[1;36m0[0m[1;36m dir=[0m[1;36m0[0m[1;36m
[gzserver-2] [0m[1;36m[Dbg] [wind_plugin.cpp:110] [0m[1;36mWindPlugin: received command -> speed=[0m[1;36m0[0m[1;36m dir=[0m[1;36m0[0m[1;36m
[gzserver-2] [0m[1;36m[Dbg] [wind_plugin.cpp:110] [0m[1;36mWindPlugin: received command -> speed=[0m[1;36m0[0m[1;36m dir=[0m[1;36m0[0m[1;36m
[gzserver-2] [0m[1;36m[Dbg] [wind_plugin.cpp:110] [0m[1;36mWindPlugin: received command -> speed=[0m[1;36m0[0m[1;36m dir=[0m[1;36m0[0m[1;36m
[gzserver-2] [0m[1;36m[Dbg] [wind_plugin.cpp:110] [0m[1;36mWindPlugin: received command -> speed=[0m[1;36m0[0m[1;36m dir=[0m[1;36m0[0m[1;36m
[gzserver-2] [0m[1;36m[Dbg] [wind_plugin.cpp:110] [0m[1;36mWindPlugin: received command -> speed=[0m[1;36m0[0m[1;36m dir=[0m[1;36m0[0m[1;36m
[gzserver-2] [0mEntering flying model!
[gzserver-2] [INFO] [1773162530.474431811] [gazebo_wind_plugin_node]: WindPlugin: set wind_speed=0.00 wind_direction=0.0
[gzserver-2] [INFO] [1773162530.715714747] [gazebo_wind_plugin_node]: WindPlugin: set wind_speed=2.10 wind_direction=-126.7
[gzserver-2] [INFO] [1773162530.957564118] [gazebo_wind_plugin_node]: WindPlugin: set wind_speed=2.29 wind_direction=-128.2
[gzserver-2] [INFO] [1773162531.205664768] [gazebo_wind_plugin_node]: WindPlugin: set wind_speed=2.29 wind_direction=-128.2
[gzserver-2] [INFO] [1773162531.452691029] [gazebo_wind_plugin_node]: WindPlugin: set wind_speed=2.29 wind_direction=-128.2
[gzserver-2] [INFO] [1773162531.701826560] [gazebo_wind_plugin_node]: WindPlugin: set wind_speed=2.29 wind_direction=-128.2
[gzserver-2] [INFO] [1773162531.949980175] [gazebo_wind_plugin_node]: WindPlugin: set wind_speed=2.10 wind_direction=-124.9
[gzserver-2] [INFO] [1773162532.189063113] [gazebo_wind_plugin_node]: WindPlugin: set wind_speed=2.10 wind_direction=-124.9
[gzserver-2] [INFO] [1773162532.431370500] [gazebo_wind_plugin_node]: WindPlugin: set wind_speed=2.10 wind_direction=-124.9
[gzserver-2] [INFO] [1773162532.672692678] [gazebo_wind_plugin_node]: WindPlugin: set wind_speed=2.10 wind_direction=-124.9
[gzserver-2] [INFO] [1773162532.914910326] [gazebo_wind_plugin_node]: WindPlugin: set wind_speed=2.17 wind_direction=-123.9
[gzserver-2] [INFO] [1773162533.156188035] [gazebo_wind_plugin_node]: WindPlugin: set wind_speed=2.17 wind_direction=-123.9
[gzserver-2] [INFO] [1773162533.397796791] [gazebo_wind_plugin_node]: WindPlugin: set wind_speed=2.17 wind_direction=-123.9
[gzserver-2] [INFO] [1773162533.639624870] [gazebo_wind_plugin_node]: WindPlugin: set wind_speed=2.17 wind_direction=-123.9
[gzserver-2] [INFO] [1773162533.883095409] [gazebo_wind_plugin_node]: WindPlugin: set wind_speed=2.08 wind_direction=-128.6
[gzserver-2] [INFO] [1773162534.128142166] [gazebo_wind_plugin_node]: WindPlugin: set wind_speed=2.08 wind_direction=-128.6
[gzserver-2] [INFO] [1773162534.370060808] [gazebo_wind_plugin_node]: WindPlugin: set wind_speed=2.08 wind_direction=-128.6
[gzserver-2] [INFO] [1773162534.613944374] [gazebo_wind_plugin_node]: WindPlugin: set wind_speed=2.08 wind_direction=-128.6
[gzserver-2] [INFO] [1773162534.858676854] [gazebo_wind_plugin_node]: WindPlugin: set wind_speed=2.19 wind_direction=-127.6
[gzserver-2] [INFO] [1773162535.104698895] [gazebo_wind_plugin_node]: WindPlugin: set wind_speed=2.19 wind_direction=-127.6
[gzserver-2] [INFO] [1773162535.342329806] [gazebo_wind_plugin_node]: WindPlugin: set wind_speed=2.19 wind_direction=-127.6
[gzserver-2] [INFO] [1773162535.587643678] [gazebo_wind_plugin_node]: WindPlugin: set wind_speed=2.19 wind_direction=-127.6
[gzserver-2] [INFO] [1773162535.831712229] [gazebo_wind_plugin_node]: WindPlugin: set wind_speed=2.19 wind_direction=-127.6
[gzserver-2] [INFO] [1773162536.073257795] [gazebo_wind_plugin_node]: WindPlugin: set wind_speed=2.16 wind_direction=-125.6
[gzserver-2] [INFO] [1773162536.314062625] [gazebo_wind_plugin_node]: WindPlugin: set wind_speed=2.16 wind_direction=-125.6
[gzserver-2] [INFO] [1773162536.551043641] [gazebo_wind_plugin_node]: WindPlugin: set wind_speed=2.16 wind_direction=-125.6
[gzserver-2] [INFO] [1773162536.796832152] [gazebo_wind_plugin_node]: WindPlugin: set wind_speed=2.16 wind_direction=-125.6
[gzserver-2] [1;36m[Dbg] [wind_plugin.cpp:110] [0m[1;36mWindPlugin: received command -> speed=[0m[1;36m0[0m[1;36m dir=[0m[1;36m0[0m[1;36m
[gzserver-2] [0m[1;36m[Dbg] [wind_plugin.cpp:110] [0m[1;36mWindPlugin: received command -> speed=[0m[1;36m2.10143[0m[1;36m dir=[0m[1;36m-126.747[0m[1;36m
[gzserver-2] [0m[1;36m[Dbg] [wind_plugin.cpp:110] [0m[1;36mWindPlugin: received command -> speed=[0m[1;36m2.29289[0m[1;36m dir=[0m[1;36m-128.197[0m[1;36m
[gzserver-2] [0m[1;36m[Dbg] [wind_plugin.cpp:110] [0m[1;36mWindPlugin: received command -> speed=[0m[1;36m2.29289[0m[1;36m dir=[0m[1;36m-128.197[0m[1;36m
[gzserver-2] [0m[1;36m[Dbg] [wind_plugin.cpp:110] [0m[1;36mWindPlugin: received command -> speed=[0m[1;36m2.29289[0m[1;36m dir=[0m[1;36m-128.197[0m[1;36m
[gzserver-2] [0m[1;36m[Dbg] [wind_plugin.cpp:110] [0m[1;36mWindPlugin: received command -> speed=[0m[1;36m2.29289[0m[1;36m dir=[0m[1;36m-128.197[0m[1;36m
[gzserver-2] [0m[1;36m[Dbg] [wind_plugin.cpp:110] [0m[1;36mWindPlugin: received command -> speed=[0m[1;36m2.10415[0m[1;36m dir=[0m[1;36m-124.865[0m[1;36m
[gzserver-2] [0m[1;36m[Dbg] [wind_plugin.cpp:110] [0m[1;36mWindPlugin: received command -> speed=[0m[1;36m2.10415[0m[1;36m dir=[0m[1;36m-124.865[0m[1;36m
[gzserver-2] [0m[1;36m[Dbg] [wind_plugin.cpp:110] [0m[1;36mWindPlugin: received command -> speed=[0m[1;36m2.10415[0m[1;36m dir=[0m[1;36m-124.865[0m[1;36m
[gzserver-2] [0m[1;36m[Dbg] [wind_plugin.cpp:110] [0m[1;36mWindPlugin: received command -> speed=[0m[1;36m2.10415[0m[1;36m dir=[0m[1;36m-124.865[0m[1;36m
[gzserver-2] [0m[1;36m[Dbg] [wind_plugin.cpp:110] [0m[1;36mWindPlugin: received command -> speed=[0m[1;36m2.16876[0m[1;36m dir=[0m[1;36m-123.93[0m[1;36m
[gzserver-2] [0m[1;36m[Dbg] [wind_plugin.cpp:110] [0m[1;36mWindPlugin: received command -> speed=[0m[1;36m2.16876[0m[1;36m dir=[0m[1;36m-123.93[0m[1;36m
[gzserver-2] [0m[1;36m[Dbg] [wind_plugin.cpp:110] [0m[1;36mWindPlugin: received command -> speed=[0m[1;36m2.16876[0m[1;36m dir=[0m[1;36m-123.93[0m[1;36m
[gzserver-2] [0m[1;36m[Dbg] [wind_plugin.cpp:110] [0m[1;36mWindPlugin: received command -> speed=[0m[1;36m2.16876[0m[1;36m dir=[0m[1;36m-123.93[0m[1;36m
[gzserver-2] [0m[1;36m[Dbg] [wind_plugin.cpp:110] [0m[1;36mWindPlugin: received command -> speed=[0m[1;36m2.07853[0m[1;36m dir=[0m[1;36m-128.639[0m[1;36m
[gzserver-2] [0m[1;36m[Dbg] [wind_plugin.cpp:110] [0m[1;36mWindPlugin: received command -> speed=[0m[1;36m2.07853[0m[1;36m dir=[0m[1;36m-128.639[0m[1;36m
[gzserver-2] [0m[1;36m[Dbg] [wind_plugin.cpp:110] [0m[1;36mWindPlugin: received command -> speed=[0m[1;36m2.07853[0m[1;36m dir=[0m[1;36m-128.639[0m[1;36m
[gzserver-2] [0m[1;36m[Dbg] [wind_plugin.cpp:110] [0m[1;36mWindPlugin: received command -> speed=[0m[1;36m2.07853[0m[1;36m dir=[0m[1;36m-128.639[0m[1;36m
[gzserver-2] [0m[1;36m[Dbg] [wind_plugin.cpp:110] [0m[1;36mWindPlugin: received command -> speed=[0m[1;36m2.19224[0m[1;36m dir=[0m[1;36m-127.638[0m[1;36m
[gzserver-2] [0m[1;36m[Dbg] [wind_plugin.cpp:110] [0m[1;36mWindPlugin: received command -> speed=[0m[1;36m2.19224[0m[1;36m dir=[0m[1;36m-127.638[0m[1;36m
[gzserver-2] [0m[1;36m[Dbg] [wind_plugin.cpp:110] [0m[1;36mWindPlugin: received command -> speed=[0m[1;36m2.19224[0m[1;36m dir=[0m[1;36m-127.638[0m[1;36m
[gzserver-2] [0m[1;36m[Dbg] [wind_plugin.cpp:110] [0m[1;36mWindPlugin: received command -> speed=[0m[1;36m2.19224[0m[1;36m dir=[0m[1;36m-127.638[0m[1;36m
[gzserver-2] [0m[1;36m[Dbg] [wind_plugin.cpp:110] [0m[1;36mWindPlugin: received command -> speed=[0m[1;36m2.19224[0m[1;36m dir=[0m[1;36m-127.638[0m[1;36m
[gzserver-2] [0m[1;36m[Dbg] [wind_plugin.cpp:110] [0m[1;36mWindPlugin: received command -> speed=[0m[1;36m2.1632[0m[1;36m dir=[0m[1;36m-125.568[0m[1;36m
[gzserver-2] [0m[1;36m[Dbg] [wind_plugin.cpp:110] [0m[1;36mWindPlugin: received command -> speed=[0m[1;36m2.1632[0m[1;36m dir=[0m[1;36m-125.568[0m[1;36m
[gzserver-2] [0m[1;36m[Dbg] [wind_plugin.cpp:110] [0m[1;36mWindPlugin: received command -> speed=[0m[1;36m2.1632[0m[1;36m dir=[0m[1;36m-125.568[0m[1;36m
[gzserver-2] [INFO] [1773162537.027353463] [gazebo_wind_plugin_node]: WindPlugin: set wind_speed=2.03 wind_direction=-127.7
[gzserver-2] [INFO] [1773162537.267635992] [gazebo_wind_plugin_node]: WindPlugin: set wind_speed=2.03 wind_direction=-127.7
[gzserver-2] [INFO] [1773162537.508298739] [gazebo_wind_plugin_node]: WindPlugin: set wind_speed=2.03 wind_direction=-127.7
[gzserver-2] [INFO] [1773162537.744097062] [gazebo_wind_plugin_node]: WindPlugin: set wind_speed=2.03 wind_direction=-127.7
[gzserver-2] [INFO] [1773162537.984596419] [gazebo_wind_plugin_node]: WindPlugin: set wind_speed=1.93 wind_direction=-128.7
[gzserver-2] [INFO] [1773162538.227701231] [gazebo_wind_plugin_node]: WindPlugin: set wind_speed=1.93 wind_direction=-128.7
[gzserver-2] [INFO] [1773162538.468416796] [gazebo_wind_plugin_node]: WindPlugin: set wind_speed=1.93 wind_direction=-128.7
[gzserver-2] [INFO] [1773162538.704231224] [gazebo_wind_plugin_node]: WindPlugin: set wind_speed=1.93 wind_direction=-128.7
[gzserver-2] [INFO] [1773162538.945200753] [gazebo_wind_plugin_node]: WindPlugin: set wind_speed=2.06 wind_direction=-125.7
[gzserver-2] [INFO] [1773162539.175895061] [gazebo_wind_plugin_node]: WindPlugin: set wind_speed=2.06 wind_direction=-125.7
[gzserver-2] [INFO] [1773162539.413928458] [gazebo_wind_plugin_node]: WindPlugin: set wind_speed=2.06 wind_direction=-125.7
[gzserver-2] [INFO] [1773162539.649980894] [gazebo_wind_plugin_node]: WindPlugin: set wind_speed=2.06 wind_direction=-125.7
[gzserver-2] [INFO] [1773162539.882646237] [gazebo_wind_plugin_node]: WindPlugin: set wind_speed=2.03 wind_direction=-126.9
[gzserver-2] [INFO] [1773162540.125624454] [gazebo_wind_plugin_node]: WindPlugin: set wind_speed=2.03 wind_direction=-126.9
[gzserver-2] [INFO] [1773162540.366103593] [gazebo_wind_plugin_node]: WindPlugin: set wind_speed=2.03 wind_direction=-126.9
[gzserver-2] [INFO] [1773162540.601579672] [gazebo_wind_plugin_node]: WindPlugin: set wind_speed=2.03 wind_direction=-126.9
[gzserver-2] [INFO] [1773162540.842905488] [gazebo_wind_plugin_node]: WindPlugin: set wind_speed=2.03 wind_direction=-126.9
[gzserver-2] [INFO] [1773162541.083658175] [gazebo_wind_plugin_node]: WindPlugin: set wind_speed=2.11 wind_direction=-127.3
[gzserver-2] [INFO] [1773162541.324173923] [gazebo_wind_plugin_node]: WindPlugin: set wind_speed=2.11 wind_direction=-127.3
[gzserver-2] [INFO] [1773162541.353469041] [drone.simple_drone]: Quadrotor lands!!
[gzserver-2] [INFO] [1773162541.556157318] [gazebo_wind_plugin_node]: WindPlugin: set wind_speed=2.11 wind_direction=-127.3
[gzserver-2] [INFO] [1773162541.798669334] [gazebo_wind_plugin_node]: WindPlugin: set wind_speed=2.11 wind_direction=-127.3
[gzserver-2] [INFO] [1773162542.039836600] [gazebo_wind_plugin_node]: WindPlugin: set wind_speed=1.99 wind_direction=-127.4
[gzserver-2] [INFO] [1773162542.283383411] [gazebo_wind_plugin_node]: WindPlugin: set wind_speed=1.99 wind_direction=-127.4
[gzserver-2] [0m[1;36m[Dbg] [wind_plugin.cpp:110] [0m[1;36mWindPlugin: received command -> speed=[0m[1;36m2.1632[0m[1;36m dir=[0m[1;36m-125.568[0m[1;36m
[gzserver-2] [0m[1;36m[Dbg] [wind_plugin.cpp:110] [0m[1;36mWindPlugin: received command -> speed=[0m[1;36m2.02615[0m[1;36m dir=[0m[1;36m-127.728[0m[1;36m
[gzserver-2] [0m[1;36m[Dbg] [wind_plugin.cpp:110] [0m[1;36mWindPlugin: received command -> speed=[0m[1;36m2.02615[0m[1;36m dir=[0m[1;36m-127.728[0m[1;36m
[gzserver-2] [0m[1;36m[Dbg] [wind_plugin.cpp:110] [0m[1;36mWindPlugin: received command -> speed=[0m[1;36m2.02615[0m[1;36m dir=[0m[1;36m-127.728[0m[1;36m
[gzserver-2] [0m[1;36m[Dbg] [wind_plugin.cpp:110] [0m[1;36mWindPlugin: received command -> speed=[0m[1;36m2.02615[0m[1;36m dir=[0m[1;36m-127.728[0m[1;36m
[gzserver-2] [0m[1;36m[Dbg] [wind_plugin.cpp:110] [0m[1;36mWindPlugin: received command -> speed=[0m[1;36m1.9319[0m[1;36m dir=[0m[1;36m-128.651[0m[1;36m
[gzserver-2] [0m[1;36m[Dbg] [wind_plugin.cpp:110] [0m[1;36mWindPlugin: received command -> speed=[0m[1;36m1.9319[0m[1;36m dir=[0m[1;36m-128.651[0m[1;36m
[gzserver-2] [0m[1;36m[Dbg] [wind_plugin.cpp:110] [0m[1;36mWindPlugin: received command -> speed=[0m[1;36m1.9319[0m[1;36m dir=[0m[1;36m-128.651[0m[1;36m
[gzserver-2] [0m[1;36m[Dbg] [wind_plugin.cpp:110] [0m[1;36mWindPlugin: received command -> speed=[0m[1;36m1.9319[0m[1;36m dir=[0m[1;36m-128.651[0m[1;36m
[gzserver-2] [0m[1;36m[Dbg] [wind_plugin.cpp:110] [0m[1;36mWindPlugin: received command -> speed=[0m[1;36m2.05521[0m[1;36m dir=[0m[1;36m-125.666[0m[1;36m
[gzserver-2] [0m[1;36m[Dbg] [wind_plugin.cpp:110] [0m[1;36mWindPlugin: received command -> speed=[0m[1;36m2.05521[0m[1;36m dir=[0m[1;36m-125.666[0m[1;36m
[gzserver-2] [0m[1;36m[Dbg] [wind_plugin.cpp:110] [0m[1;36mWindPlugin: received command -> speed=[0m[1;36m2.05521[0m[1;36m dir=[0m[1;36m-125.666[0m[1;36m
[gzserver-2] [0m[1;36m[Dbg] [wind_plugin.cpp:110] [0m[1;36mWindPlugin: received command -> speed=[0m[1;36m2.05521[0m[1;36m dir=[0m[1;36m-125.666[0m[1;36m
[gzserver-2] [0m[1;36m[Dbg] [wind_plugin.cpp:110] [0m[1;36mWindPlugin: received command -> speed=[0m[1;36m2.03116[0m[1;36m dir=[0m[1;36m-126.873[0m[1;36m
[gzserver-2] [0m[1;36m[Dbg] [wind_plugin.cpp:110] [0m[1;36mWindPlugin: received command -> speed=[0m[1;36m2.03116[0m[1;36m dir=[0m[1;36m-126.873[0m[1;36m
[gzserver-2] [0m[1;36m[Dbg] [wind_plugin.cpp:110] [0m[1;36mWindPlugin: received command -> speed=[0m[1;36m2.03116[0m[1;36m dir=[0m[1;36m-126.873[0m[1;36m
[gzserver-2] [0m[1;36m[Dbg] [wind_plugin.cpp:110] [0m[1;36mWindPlugin: received command -> speed=[0m[1;36m2.03116[0m[1;36m dir=[0m[1;36m-126.873[0m[1;36m
[gzserver-2] [0m[1;36m[Dbg] [wind_plugin.cpp:110] [0m[1;36mWindPlugin: received command -> speed=[0m[1;36m2.03116[0m[1;36m dir=[0m[1;36m-126.873[0m[1;36m
[gzserver-2] [0m[1;36m[Dbg] [wind_plugin.cpp:110] [0m[1;36mWindPlugin: received command -> speed=[0m[1;36m2.10607[0m[1;36m dir=[0m[1;36m-127.297[0m[1;36m
[gzserver-2] [0m[1;36m[Dbg] [wind_plugin.cpp:110] [0m[1;36mWindPlugin: received command -> speed=[0m[1;36m2.10607[0m[1;36m dir=[0m[1;36m-127.297[0m[1;36m
[gzserver-2] [0m[1;36m[Dbg] [wind_plugin.cpp:110] [0m[1;36mWindPlugin: received command -> speed=[0m[1;36m2.10607[0m[1;36m dir=[0m[1;36m-127.297[0m[1;36m
[gzserver-2] [0m[1;36m[Dbg] [wind_plugin.cpp:110] [0m[1;36mWindPlugin: received command -> speed=[0m[1;36m2.10607[0m[1;36m dir=[0m[1;36m-127.297[0m[1;36m
[gzserver-2] [0m[1;36m[Dbg] [wind_plugin.cpp:110] [0m[1;36mWindPlugin: received command -> speed=[0m[1;36m1.98892[0m[1;36m dir=[0m[1;36m-127.383[0m[1;36m
[gzserver-2] [0m[1;36m[Dbg] [wind_plugin.cpp:110] [0m[1;36mWindPlugin: received command -> speed=[0m[1;36m1.98892[0m[1;36m dir=[0m[1;36m-127.383[0m[1;36m
[gzserver-2] [0mLanded!
[gzserver-2] [INFO] [1773162542.520705833] [gazebo_wind_plugin_node]: WindPlugin: set wind_speed=1.99 wind_direction=-127.4
[gzserver-2] [INFO] [1773162542.764746057] [gazebo_wind_plugin_node]: WindPlugin: set wind_speed=1.99 wind_direction=-127.4
[gzserver-2] [INFO] [1773162543.006099092] [gazebo_wind_plugin_node]: WindPlugin: set wind_speed=2.18 wind_direction=-127.8
[gzserver-2] [INFO] [1773162543.247176426] [gazebo_wind_plugin_node]: WindPlugin: set wind_speed=2.18 wind_direction=-127.8
[gzserver-2] [INFO] [1773162543.479035168] [gazebo_wind_plugin_node]: WindPlugin: set wind_speed=2.18 wind_direction=-127.8
[gzserver-2] [INFO] [1773162543.719670261] [gazebo_wind_plugin_node]: WindPlugin: set wind_speed=2.18 wind_direction=-127.8
[gzserver-2] [INFO] [1773162543.955384712] [gazebo_wind_plugin_node]: WindPlugin: set wind_speed=1.85 wind_direction=-127.1
[gzserver-2] [INFO] [1773162544.185849163] [gazebo_wind_plugin_node]: WindPlugin: set wind_speed=1.85 wind_direction=-127.1
