[INFO] [launch]: All log files can be found below /home/j/.ros/log/2026-03-10-13-14-32-356153-j-1624428
[INFO] [launch]: Default logging verbosity is set to INFO
[INFO] [launch.user]: [bringup] Apriltag config: camera=/drone/bottom, image=/drone/bottom/image_raw, tags=/drone/bottom/tags, bridge=/landing_tag_state, standalone=true, use_target_id=true, target_id=0
[INFO] [rviz2-1]: process started with pid [1624431]
[INFO] [gzserver-2]: process started with pid [1624433]
[INFO] [robot_state_publisher-3]: process started with pid [1624435]
[INFO] [joint_state_publisher-4]: process started with pid [1624437]
[INFO] [spawn_drone-5]: process started with pid [1624439]
[INFO] [static_transform_publisher-6]: process started with pid [1624441]
[INFO] [joy_node-7]: process started with pid [1624443]
[INFO] [teleop_joystick-8]: process started with pid [1624445]
[INFO] [apriltag_detector_node-9]: process started with pid [1624447]
[INFO] [apriltag_state_bridge-10]: process started with pid [1624449]
[static_transform_publisher-6] [WARN] [1773116072.829960039] []: Old-style arguments are deprecated; see --help for new-style arguments
[static_transform_publisher-6] [INFO] [1773116072.835727903] [static_transform_publisher_CtCXnmloSZJ2d3n1]: Spinning until stopped - publishing transform
[static_transform_publisher-6] translation: ('0.000000', '0.000000', '0.000000')
[static_transform_publisher-6] rotation: ('0.000000', '0.000000', '0.000000', '1.000000')
[static_transform_publisher-6] from 'world' to '/drone/odom'
[robot_state_publisher-3] [INFO] [1773116072.854793048] [drone.robot_state_publisher]: got segment base_footprint
[robot_state_publisher-3] [INFO] [1773116072.854858966] [drone.robot_state_publisher]: got segment base_link
[robot_state_publisher-3] [INFO] [1773116072.854864838] [drone.robot_state_publisher]: got segment bottom_cam_link
[robot_state_publisher-3] [INFO] [1773116072.854867812] [drone.robot_state_publisher]: got segment front_cam_link
[robot_state_publisher-3] [INFO] [1773116072.854870601] [drone.robot_state_publisher]: got segment sonar_link
[rviz2-1] 
[rviz2-1] (rviz2:1624431): dbind-WARNING **: 13:14:32.858: Couldn't connect to accessibility bus: Failed to connect to socket /root/.cache/at-spi/bus_0: 허가 거부
[teleop_joystick-8] Traceback (most recent call last):
[teleop_joystick-8]   File "/home/j/INCSL/IICC26_ws/install/sjtu_drone_control/lib/sjtu_drone_control/teleop_joystick", line 33, in <module>
[teleop_joystick-8]     sys.exit(load_entry_point('sjtu_drone_control==0.0.0', 'console_scripts', 'teleop_joystick')())
[teleop_joystick-8]   File "/home/j/INCSL/IICC26_ws/install/sjtu_drone_control/lib/sjtu_drone_control/teleop_joystick", line 22, in importlib_load_entry_point
[teleop_joystick-8]     for entry_point in distribution(dist_name).entry_points
[teleop_joystick-8]   File "/usr/lib/python3.10/importlib/metadata/__init__.py", line 969, in distribution
[teleop_joystick-8]     return Distribution.from_name(distribution_name)
[teleop_joystick-8]   File "/usr/lib/python3.10/importlib/metadata/__init__.py", line 548, in from_name
[teleop_joystick-8]     raise PackageNotFoundError(name)
[teleop_joystick-8] importlib.metadata.PackageNotFoundError: No package metadata was found for sjtu_drone_control
[apriltag_detector_node-9] [INFO] [1773116072.878530291] [apriltag_detector_node]: tag detector type: umich
[ERROR] [teleop_joystick-8]: process has died [pid 1624445, exit code 1, cmd '/home/j/INCSL/IICC26_ws/install/sjtu_drone_control/lib/sjtu_drone_control/teleop_joystick --ros-args -r __ns:=/drone'].
[gzserver-2] Gazebo multi-robot simulator, version 11.10.2
[gzserver-2] Copyright (C) 2012 Open Source Robotics Foundation.
[gzserver-2] Released under the Apache 2 License.
[gzserver-2] http://gazebosim.org
[gzserver-2] 
[apriltag_state_bridge-10] [INFO] [1773116073.120605054] [apriltag_state_bridge]: AprilTag bridge started: /drone/bottom/tags -> /landing_tag_state, use_target_id=True, target_id=0
[joint_state_publisher-4] [INFO] [1773116073.132923736] [drone.joint_state_publisher]: Waiting for robot_description to be published on the robot_description topic...
[gzserver-2] [1;33m[Wrn] [gazebo_ros_init.cpp:178] [0m[1;33m
[gzserver-2] #     # ####### ####### ###  #####  #######
[gzserver-2] ##    # #     #    #     #  #     # #
[gzserver-2] # #   # #     #    #     #  #       #
[gzserver-2] #  #  # #     #    #     #  #       #####
[gzserver-2] #   # # #     #    #     #  #       #
[gzserver-2] #    ## #     #    #     #  #     # #
[gzserver-2] #     # #######    #    ###  #####  #######
[gzserver-2] 
[gzserver-2] This version of Gazebo, now called Gazebo classic, reaches end-of-life
[gzserver-2] in January 2025. Users are highly encouraged to migrate to the new Gazebo
[gzserver-2] using our migration guides (https://gazebosim.org/docs/latest/gazebo_classic_migration?utm_source=gazebo_ros_pkgs&utm_medium=cli)
[gzserver-2] 
[gzserver-2] [0m[1;33m
[rviz2-1] [INFO] [1773116073.582834519] [rviz2]: Stereo is NOT SUPPORTED
[rviz2-1] [INFO] [1773116073.582932714] [rviz2]: OpenGl version: 4.6 (GLSL 4.6)
[rviz2-1] [INFO] [1773116073.690590963] [rviz2]: Stereo is NOT SUPPORTED
[rviz2-1] [INFO] [1773116073.779673929] [rviz2]: Stereo is NOT SUPPORTED
[spawn_drone-5] [INFO] [1773116074.219284404] [spawn_drone]: Result False Entity pushed to spawn queue, but spawn service timed outwaiting for entity to appear in simulation under the name [/drone]
[gzserver-2] [1;32m[Msg] [0m[1;32mWaiting for master.[0m[1;32m
[gzserver-2] [0m[1;32m[0m[1;32m[0m[1;32m[Msg] [0m[1;32mConnected to gazebo master @ [0m[1;32mhttp://127.0.0.1:11345[0m[1;32m
[gzserver-2] [0m[1;32m[0m[1;32m[0m[1;32m[Msg] [0m[1;32mPublicized address: [0m[1;32m172.16.52.147[0m[1;32m
[gzserver-2] [0m[1;32m[0m[1;32m[0m[1;32m[Msg] [0m[1;32mLoading world file [[0m[1;32m/home/j/INCSL/IICC26_ws/install/sjtu_drone_description/share/sjtu_drone_description/worlds/landingPad.world[0m[1;32m][0m[1;32m
[gzserver-2] [0m[1;32m[0m[1;32m[0m[1;36m[Dbg] [wind_plugin.cpp:96] [0m[1;36mWindPlugin loaded: speed=[0m[1;36m0[0m[1;36m dir=[0m[1;36m0[0m[1;36m deg area=[0m[1;36m0.1[0m[1;36m coeff=[0m[1;36m1[0m[1;36m
[gzserver-2] [0m[1;33m[0m[1;33m[0m[1;31m[Err] [Sensor.cc:510] [0m[1;31mGet noise index not valid[0m[1;31m
[gzserver-2] [0m[1;31m[0m[1;31m[0m[1;31m[Err] [Sensor.cc:510] [0m[1;31mGet noise index not valid[0m[1;31m
[gzserver-2] [0m[1;31m[0m[1;31m[0m[1;31m[Err] [Sensor.cc:510] [0m[1;31mGet noise index not valid[0m[1;31m
[gzserver-2] [0m[1;31m[0m[1;31m[0m[1;31m[Err] [Sensor.cc:510] [0m[1;31mGet noise index not valid[0m[1;31m
[gzserver-2] [0m[1;31m[0m[1;31m[0m[1;31m[Err] [Sensor.cc:510] [0m[1;31mGet noise index not valid[0m[1;31m
[gzserver-2] [0m[1;31m[0m[1;31m[0m[1;31m[Err] [Sensor.cc:510] [0m[1;31mGet noise index not valid[0m[1;31m
[gzserver-2] [0m[1;31m[0m[1;31m[0mTopic [default//drone/base_footprint/down_camera/image] is not valid.
[gzserver-2] [INFO] [1773116074.249586618] [drone.collision_plugin]: Publishing contact states to [/drone/bumper_states]
[gzserver-2] Topic [default//drone/base_footprint/front_camera/image] is not valid.
[gzserver-2] [1;33m[Wrn] [Event.cc:61] [0m[1;33mWarning: Deleting a connection right after creation. [0m[1;33mMake sure to save the ConnectionPtr from a Connect call
[INFO] [spawn_drone-5]: process has finished cleanly [pid 1624439]
[gzserver-2] [0m[INFO] [1773116074.830240582] [drone.camera_bottom]: Publishing camera info to [/drone/bottom/camera_info]
[gzserver-2] [INFO] [1773116074.833126339] [drone.camera_front]: Publishing camera info to [/drone/front/camera_info]
[gzserver-2] [INFO] [1773116074.954668754] [drone.simple_drone]: The drone plugin is loading!
[gzserver-2] [INFO] [1773116074.954871636] [drone.simple_drone]: pub_odom: 1
[gzserver-2] [INFO] [1773116074.954904288] [drone.simple_drone]: Using following parameters: 
[gzserver-2] 		link_name: base_footprint,
[gzserver-2] 		max_force: 30,
[gzserver-2] 		motion_small_noise: 0,
[gzserver-2] 		motion_drift_noise: 0,
[gzserver-2] 		motion_drift_noise_time: 50,
[gzserver-2] 		takeoff_hover_height: 2.41,
[gzserver-2] 		takeoff_vertical_speed: 0.2
[gzserver-2] [INFO] [1773116074.966606892] [drone.simple_drone]: Using the PID parameters: 
[gzserver-2] 	Roll Pitch:
[gzserver-2] 		kP: 10, kI: 0,kD: 5, Limit: 0.5, Time Constant: 0
[gzserver-2] 	Yaw:
[gzserver-2] 		kP: 2, kI: 0,kD: 1, Limit: 1.5, Time Constant: 0
[gzserver-2] 	Velocity X:
[gzserver-2] 		kP: 5, kI: 0,kD: 2.3, Limit: 2, Time Constant: 0
[gzserver-2] 	Velocity Y:
[gzserver-2] 		kP: 5, kI: 0,kD: 2.3, Limit: 2, Time Constant: 0
[gzserver-2] 	Velocity Z:
[gzserver-2] 		kP: 5, kI: 0,kD: 1, Limit: -1, Time Constant: 0
[gzserver-2] 	Position XY:
[gzserver-2] 		kP: 1.1, kI: 0,kD: 0, Limit: 5, Time Constant: 0
[gzserver-2] 	Position Z:
[gzserver-2] 		kP: 1, kI: 0,kD: 0.2, Limit: -1, Time Constant: 0
[gzserver-2] [INFO] [1773116074.966745102] [drone.simple_drone]: The drone plugin finished loading!
[gzserver-2] [INFO] [1773116082.204405489] [gazebo_wind_plugin_node]: WindPlugin: set wind_speed=0.00 wind_direction=0.0
[gzserver-2] [INFO] [1773116082.475835370] [gazebo_wind_plugin_node]: WindPlugin: set wind_speed=0.00 wind_direction=0.0
[gzserver-2] [INFO] [1773116082.504610151] [drone.simple_drone]: Quadrotor takes off!!
[gzserver-2] [INFO] [1773116082.705388922] [gazebo_wind_plugin_node]: WindPlugin: set wind_speed=0.00 wind_direction=0.0
[gzserver-2] [INFO] [1773116082.939630790] [gazebo_wind_plugin_node]: WindPlugin: set wind_speed=0.00 wind_direction=0.0
[gzserver-2] [INFO] [1773116083.179639263] [gazebo_wind_plugin_node]: WindPlugin: set wind_speed=0.00 wind_direction=0.0
[gzserver-2] [INFO] [1773116083.413907288] [gazebo_wind_plugin_node]: WindPlugin: set wind_speed=0.00 wind_direction=0.0
[gzserver-2] [INFO] [1773116083.648045891] [gazebo_wind_plugin_node]: WindPlugin: set wind_speed=0.00 wind_direction=0.0
[gzserver-2] [INFO] [1773116083.887166575] [gazebo_wind_plugin_node]: WindPlugin: set wind_speed=0.00 wind_direction=0.0
[gzserver-2] [INFO] [1773116084.127427894] [gazebo_wind_plugin_node]: WindPlugin: set wind_speed=0.00 wind_direction=0.0
[gzserver-2] [INFO] [1773116084.366814132] [gazebo_wind_plugin_node]: WindPlugin: set wind_speed=0.00 wind_direction=0.0
[gzserver-2] [0m[1;36m[Dbg] [wind_plugin.cpp:110] [0m[1;36mWindPlugin: received command -> speed=[0m[1;36m0[0m[1;36m dir=[0m[1;36m0[0m[1;36m
[gzserver-2] [0m[1;36m[Dbg] [wind_plugin.cpp:110] [0m[1;36mWindPlugin: received command -> speed=[0m[1;36m0[0m[1;36m dir=[0m[1;36m0[0m[1;36m
[gzserver-2] [0m[1;36m[Dbg] [wind_plugin.cpp:110] [0m[1;36mWindPlugin: received command -> speed=[0m[1;36m0[0m[1;36m dir=[0m[1;36m0[0m[1;36m
[gzserver-2] [0m[1;36m[Dbg] [wind_plugin.cpp:110] [0m[1;36mWindPlugin: received command -> speed=[0m[1;36m0[0m[1;36m dir=[0m[1;36m0[0m[1;36m
[gzserver-2] [0m[1;36m[Dbg] [wind_plugin.cpp:110] [0m[1;36mWindPlugin: received command -> speed=[0m[1;36m0[0m[1;36m dir=[0m[1;36m0[0m[1;36m
[gzserver-2] [0m[1;36m[Dbg] [wind_plugin.cpp:110] [0m[1;36mWindPlugin: received command -> speed=[0m[1;36m0[0m[1;36m dir=[0m[1;36m0[0m[1;36m
[gzserver-2] [0m[1;36m[Dbg] [wind_plugin.cpp:110] [0m[1;36mWindPlugin: received command -> speed=[0m[1;36m0[0m[1;36m dir=[0m[1;36m0[0m[1;36m
[gzserver-2] [0m[1;36m[Dbg] [wind_plugin.cpp:110] [0m[1;36mWindPlugin: received command -> speed=[0m[1;36m0[0m[1;36m dir=[0m[1;36m0[0m[1;36m
[gzserver-2] [0m[1;36m[Dbg] [wind_plugin.cpp:110] [0m[1;36mWindPlugin: received command -> speed=[0m[1;36m0[0m[1;36m dir=[0m[1;36m0[0m[1;36m
[gzserver-2] [0m[1;36m[Dbg] [wind_plugin.cpp:110] [0m[1;36mWindPlugin: received command -> speed=[0m[1;36m0[0m[1;36m dir=[0m[1;36m0[0m[1;36m
[gzserver-2] [0mEntering flying model!
[gzserver-2] [INFO] [1773116084.601228474] [gazebo_wind_plugin_node]: WindPlugin: set wind_speed=1.77 wind_direction=-59.8
[gzserver-2] [INFO] [1773116084.840913009] [gazebo_wind_plugin_node]: WindPlugin: set wind_speed=1.52 wind_direction=-62.3
[gzserver-2] [INFO] [1773116085.076227383] [gazebo_wind_plugin_node]: WindPlugin: set wind_speed=1.52 wind_direction=-62.3
[gzserver-2] [INFO] [1773116085.310428913] [gazebo_wind_plugin_node]: WindPlugin: set wind_speed=1.52 wind_direction=-62.3
[gzserver-2] [INFO] [1773116085.552072736] [gazebo_wind_plugin_node]: WindPlugin: set wind_speed=1.52 wind_direction=-62.3
[gzserver-2] [INFO] [1773116085.791527823] [gazebo_wind_plugin_node]: WindPlugin: set wind_speed=1.74 wind_direction=-62.1
[gzserver-2] [INFO] [1773116086.026913985] [gazebo_wind_plugin_node]: WindPlugin: set wind_speed=1.74 wind_direction=-62.1
[gzserver-2] [INFO] [1773116086.261721030] [gazebo_wind_plugin_node]: WindPlugin: set wind_speed=1.74 wind_direction=-62.1
[gzserver-2] [INFO] [1773116086.500994525] [gazebo_wind_plugin_node]: WindPlugin: set wind_speed=1.74 wind_direction=-62.1
[gzserver-2] [INFO] [1773116086.742990312] [gazebo_wind_plugin_node]: WindPlugin: set wind_speed=1.69 wind_direction=-63.0
[gzserver-2] [INFO] [1773116086.982260595] [gazebo_wind_plugin_node]: WindPlugin: set wind_speed=1.69 wind_direction=-63.0
[gzserver-2] [INFO] [1773116087.221895127] [gazebo_wind_plugin_node]: WindPlugin: set wind_speed=1.69 wind_direction=-63.0
[gzserver-2] [INFO] [1773116087.461062276] [gazebo_wind_plugin_node]: WindPlugin: set wind_speed=1.69 wind_direction=-63.0
[gzserver-2] [INFO] [1773116087.690996833] [gazebo_wind_plugin_node]: WindPlugin: set wind_speed=1.69 wind_direction=-63.0
[gzserver-2] [INFO] [1773116087.929570783] [gazebo_wind_plugin_node]: WindPlugin: set wind_speed=1.76 wind_direction=-61.0
[gzserver-2] [INFO] [1773116087.962364059] [drone.simple_drone]: Quadrotor lands!!
[gzserver-2] [INFO] [1773116088.163763654] [gazebo_wind_plugin_node]: WindPlugin: set wind_speed=1.76 wind_direction=-61.0
[gzserver-2] [INFO] [1773116088.403254395] [gazebo_wind_plugin_node]: WindPlugin: set wind_speed=1.76 wind_direction=-61.0
[gzserver-2] [INFO] [1773116088.642763223] [gazebo_wind_plugin_node]: WindPlugin: set wind_speed=1.76 wind_direction=-61.0
[gzserver-2] [INFO] [1773116088.882007830] [gazebo_wind_plugin_node]: WindPlugin: set wind_speed=1.67 wind_direction=-62.6
[gzserver-2] [1;36m[Dbg] [wind_plugin.cpp:110] [0m[1;36mWindPlugin: received command -> speed=[0m[1;36m1.76684[0m[1;36m dir=[0m[1;36m-59.8242[0m[1;36m
[gzserver-2] [0m[1;36m[Dbg] [wind_plugin.cpp:110] [0m[1;36mWindPlugin: received command -> speed=[0m[1;36m1.51575[0m[1;36m dir=[0m[1;36m-62.3029[0m[1;36m
[gzserver-2] [0m[1;36m[Dbg] [wind_plugin.cpp:110] [0m[1;36mWindPlugin: received command -> speed=[0m[1;36m1.51575[0m[1;36m dir=[0m[1;36m-62.3029[0m[1;36m
[gzserver-2] [0m[1;36m[Dbg] [wind_plugin.cpp:110] [0m[1;36mWindPlugin: received command -> speed=[0m[1;36m1.51575[0m[1;36m dir=[0m[1;36m-62.3029[0m[1;36m
[gzserver-2] [0m[1;36m[Dbg] [wind_plugin.cpp:110] [0m[1;36mWindPlugin: received command -> speed=[0m[1;36m1.51575[0m[1;36m dir=[0m[1;36m-62.3029[0m[1;36m
[gzserver-2] [0m[1;36m[Dbg] [wind_plugin.cpp:110] [0m[1;36mWindPlugin: received command -> speed=[0m[1;36m1.74452[0m[1;36m dir=[0m[1;36m-62.089[0m[1;36m
[gzserver-2] [0m[1;36m[Dbg] [wind_plugin.cpp:110] [0m[1;36mWindPlugin: received command -> speed=[0m[1;36m1.74452[0m[1;36m dir=[0m[1;36m-62.089[0m[1;36m
[gzserver-2] [0m[1;36m[Dbg] [wind_plugin.cpp:110] [0m[1;36mWindPlugin: received command -> speed=[0m[1;36m1.74452[0m[1;36m dir=[0m[1;36m-62.089[0m[1;36m
[gzserver-2] [0m[1;36m[Dbg] [wind_plugin.cpp:110] [0m[1;36mWindPlugin: received command -> speed=[0m[1;36m1.74452[0m[1;36m dir=[0m[1;36m-62.089[0m[1;36m
[gzserver-2] [0m[1;36m[Dbg] [wind_plugin.cpp:110] [0m[1;36mWindPlugin: received command -> speed=[0m[1;36m1.68508[0m[1;36m dir=[0m[1;36m-62.9879[0m[1;36m
[gzserver-2] [0m[1;36m[Dbg] [wind_plugin.cpp:110] [0m[1;36mWindPlugin: received command -> speed=[0m[1;36m1.68508[0m[1;36m dir=[0m[1;36m-62.9879[0m[1;36m
[gzserver-2] [0m[1;36m[Dbg] [wind_plugin.cpp:110] [0m[1;36mWindPlugin: received command -> speed=[0m[1;36m1.68508[0m[1;36m dir=[0m[1;36m-62.9879[0m[1;36m
[gzserver-2] [0m[1;36m[Dbg] [wind_plugin.cpp:110] [0m[1;36mWindPlugin: received command -> speed=[0m[1;36m1.68508[0m[1;36m dir=[0m[1;36m-62.9879[0m[1;36m
[gzserver-2] [0m[1;36m[Dbg] [wind_plugin.cpp:110] [0m[1;36mWindPlugin: received command -> speed=[0m[1;36m1.68508[0m[1;36m dir=[0m[1;36m-62.9879[0m[1;36m
[gzserver-2] [0m[1;36m[Dbg] [wind_plugin.cpp:110] [0m[1;36mWindPlugin: received command -> speed=[0m[1;36m1.75891[0m[1;36m dir=[0m[1;36m-60.9507[0m[1;36m
[gzserver-2] [0m[1;36m[Dbg] [wind_plugin.cpp:110] [0m[1;36mWindPlugin: received command -> speed=[0m[1;36m1.75891[0m[1;36m dir=[0m[1;36m-60.9507[0m[1;36m
[gzserver-2] [0m[1;36m[Dbg] [wind_plugin.cpp:110] [0m[1;36mWindPlugin: received command -> speed=[0m[1;36m1.75891[0m[1;36m dir=[0m[1;36m-60.9507[0m[1;36m
[gzserver-2] [0m[1;36m[Dbg] [wind_plugin.cpp:110] [0m[1;36mWindPlugin: received command -> speed=[0m[1;36m1.75891[0m[1;36m dir=[0m[1;36m-60.9507[0m[1;36m
[gzserver-2] [0m[1;36m[Dbg] [wind_plugin.cpp:110] [0m[1;36mWindPlugin: received command -> speed=[0m[1;36m1.67065[0m[1;36m dir=[0m[1;36m-62.5644[0m[1;36m
[gzserver-2] [0mLanded!
[gzserver-2] [INFO] [1773116089.118275381] [gazebo_wind_plugin_node]: WindPlugin: set wind_speed=1.67 wind_direction=-62.6
[gzserver-2] [INFO] [1773116089.358265967] [gazebo_wind_plugin_node]: WindPlugin: set wind_speed=1.67 wind_direction=-62.6
[gzserver-2] [INFO] [1773116089.598043031] [gazebo_wind_plugin_node]: WindPlugin: set wind_speed=1.67 wind_direction=-62.6
[gzserver-2] [INFO] [1773116089.834238874] [gazebo_wind_plugin_node]: WindPlugin: set wind_speed=1.73 wind_direction=-61.1
[gzserver-2] [INFO] [1773116090.073421077] [gazebo_wind_plugin_node]: WindPlugin: set wind_speed=1.73 wind_direction=-61.1
[gzserver-2] [INFO] [1773116090.313021530] [gazebo_wind_plugin_node]: WindPlugin: set wind_speed=1.73 wind_direction=-61.1
[gzserver-2] [INFO] [1773116090.541750057] [gazebo_wind_plugin_node]: WindPlugin: set wind_speed=1.73 wind_direction=-61.1
[gzserver-2] [INFO] [1773116090.782202118] [gazebo_wind_plugin_node]: WindPlugin: set wind_speed=1.61 wind_direction=-63.1
