[INFO] [launch]: All log files can be found below /home/j/.ros/log/2026-03-11-02-38-47-583225-j-3212425
[INFO] [launch]: Default logging verbosity is set to INFO
[INFO] [launch.user]: [bringup] Apriltag config: camera=/drone/bottom, image=/drone/bottom/image_raw, tags=/drone/bottom/tags, bridge=/landing_tag_state, standalone=true, use_target_id=true, target_id=0
[INFO] [rviz2-1]: process started with pid [3212437]
[INFO] [gzserver-2]: process started with pid [3212439]
[INFO] [robot_state_publisher-3]: process started with pid [3212441]
[INFO] [joint_state_publisher-4]: process started with pid [3212443]
[INFO] [spawn_drone-5]: process started with pid [3212445]
[INFO] [static_transform_publisher-6]: process started with pid [3212447]
[INFO] [joy_node-7]: process started with pid [3212449]
[INFO] [teleop_joystick-8]: process started with pid [3212451]
[INFO] [apriltag_detector_node-9]: process started with pid [3212453]
[INFO] [apriltag_state_bridge-10]: process started with pid [3212455]
[static_transform_publisher-6] [WARN] [1773164328.057537622] []: Old-style arguments are deprecated; see --help for new-style arguments
[static_transform_publisher-6] [INFO] [1773164328.066178696] [static_transform_publisher_yZFcv3SLL0YEsh6P]: Spinning until stopped - publishing transform
[static_transform_publisher-6] translation: ('0.000000', '0.000000', '0.000000')
[static_transform_publisher-6] rotation: ('0.000000', '0.000000', '0.000000', '1.000000')
[static_transform_publisher-6] from 'world' to '/drone/odom'
[rviz2-1] 
[rviz2-1] (rviz2:3212437): dbind-WARNING **: 02:38:48.082: Couldn't connect to accessibility bus: Failed to connect to socket /root/.cache/at-spi/bus_0: 허가 거부
[robot_state_publisher-3] [INFO] [1773164328.091986189] [drone.robot_state_publisher]: got segment base_footprint
[robot_state_publisher-3] [INFO] [1773164328.092092252] [drone.robot_state_publisher]: got segment base_link
[robot_state_publisher-3] [INFO] [1773164328.092104610] [drone.robot_state_publisher]: got segment bottom_cam_link
[robot_state_publisher-3] [INFO] [1773164328.092112564] [drone.robot_state_publisher]: got segment front_cam_link
[robot_state_publisher-3] [INFO] [1773164328.092119667] [drone.robot_state_publisher]: got segment sonar_link
[teleop_joystick-8] Traceback (most recent call last):
[teleop_joystick-8]   File "/home/j/INCSL/IICC26_ws/install/sjtu_drone_control/lib/sjtu_drone_control/teleop_joystick", line 33, in <module>
[teleop_joystick-8]     sys.exit(load_entry_point('sjtu_drone_control==0.0.0', 'console_scripts', 'teleop_joystick')())
[teleop_joystick-8]   File "/home/j/INCSL/IICC26_ws/install/sjtu_drone_control/lib/sjtu_drone_control/teleop_joystick", line 22, in importlib_load_entry_point
[teleop_joystick-8]     for entry_point in distribution(dist_name).entry_points
[teleop_joystick-8]   File "/usr/lib/python3.10/importlib/metadata/__init__.py", line 969, in distribution
[teleop_joystick-8]     return Distribution.from_name(distribution_name)
[teleop_joystick-8]   File "/usr/lib/python3.10/importlib/metadata/__init__.py", line 548, in from_name
[teleop_joystick-8]     raise PackageNotFoundError(name)
[teleop_joystick-8] importlib.metadata.PackageNotFoundError: No package metadata was found for sjtu_drone_control
[apriltag_detector_node-9] [INFO] [1773164328.111845313] [apriltag_detector_node]: tag detector type: umich
[ERROR] [teleop_joystick-8]: process has died [pid 3212451, exit code 1, cmd '/home/j/INCSL/IICC26_ws/install/sjtu_drone_control/lib/sjtu_drone_control/teleop_joystick --ros-args -r __ns:=/drone'].
[gzserver-2] Gazebo multi-robot simulator, version 11.10.2
[gzserver-2] Copyright (C) 2012 Open Source Robotics Foundation.
[gzserver-2] Released under the Apache 2 License.
[gzserver-2] http://gazebosim.org
[gzserver-2] 
[joint_state_publisher-4] [INFO] [1773164328.308278561] [drone.joint_state_publisher]: Waiting for robot_description to be published on the robot_description topic...
[apriltag_state_bridge-10] [INFO] [1773164328.309878725] [apriltag_state_bridge]: AprilTag bridge started: /drone/bottom/tags -> /landing_tag_state, use_target_id=True, target_id=0
[gzserver-2] [1;33m[Wrn] [gazebo_ros_init.cpp:178] [0m[1;33m
[gzserver-2] #     # ####### ####### ###  #####  #######
[gzserver-2] ##    # #     #    #     #  #     # #
[gzserver-2] # #   # #     #    #     #  #       #
[gzserver-2] #  #  # #     #    #     #  #       #####
[gzserver-2] #   # # #     #    #     #  #       #
[gzserver-2] #    ## #     #    #     #  #     # #
[gzserver-2] #     # #######    #    ###  #####  #######
[gzserver-2] 
[gzserver-2] This version of Gazebo, now called Gazebo classic, reaches end-of-life
[gzserver-2] in January 2025. Users are highly encouraged to migrate to the new Gazebo
[gzserver-2] using our migration guides (https://gazebosim.org/docs/latest/gazebo_classic_migration?utm_source=gazebo_ros_pkgs&utm_medium=cli)
[gzserver-2] 
[gzserver-2] [0m[1;33m
[rviz2-1] [INFO] [1773164328.679274396] [rviz2]: Stereo is NOT SUPPORTED
[rviz2-1] [INFO] [1773164328.679364387] [rviz2]: OpenGl version: 4.6 (GLSL 4.6)
[rviz2-1] [INFO] [1773164328.778102381] [rviz2]: Stereo is NOT SUPPORTED
[rviz2-1] [INFO] [1773164328.872462721] [rviz2]: Stereo is NOT SUPPORTED
[gzserver-2] [1;32m[Msg] [0m[1;32mWaiting for master.[0m[1;32m
[gzserver-2] [0m[1;32m[0m[1;32m[0m[1;32m[Msg] [0m[1;32mConnected to gazebo master @ [0m[1;32mhttp://127.0.0.1:11345[0m[1;32m
[gzserver-2] [0m[1;32m[0m[1;32m[0m[1;32m[Msg] [0m[1;32mPublicized address: [0m[1;32m192.168.0.11[0m[1;32m
[gzserver-2] [0m[1;32m[0m[1;32m[0m[1;32m[Msg] [0m[1;32mLoading world file [[0m[1;32m/home/j/INCSL/IICC26_ws/install/sjtu_drone_description/share/sjtu_drone_description/worlds/landingPad.world[0m[1;32m][0m[1;32m
[gzserver-2] [0m[1;32m[0m[1;32m[0m[1;36m[Dbg] [wind_plugin.cpp:96] [0m[1;36mWindPlugin loaded: speed=[0m[1;36m0[0m[1;36m dir=[0m[1;36m0[0m[1;36m deg area=[0m[1;36m0.1[0m[1;36m coeff=[0m[1;36m1[0m[1;36m
[gzserver-2] [0m[1;33m[0m[1;33m[0m[1;31m[Err] [Sensor.cc:510] [0m[1;31mGet noise index not valid[0m[1;31m
[gzserver-2] [0m[1;31m[0m[1;31m[0m[1;31m[Err] [Sensor.cc:510] [0m[1;31mGet noise index not valid[0m[1;31m
[gzserver-2] [0m[1;31m[0m[1;31m[0m[1;31m[Err] [Sensor.cc:510] [0m[1;31mGet noise index not valid[0m[1;31m
[gzserver-2] [0m[1;31m[0m[1;31m[0m[1;31m[Err] [Sensor.cc:510] [0m[1;31mGet noise index not valid[0m[1;31m
[gzserver-2] [0m[1;31m[0m[1;31m[0m[1;31m[Err] [Sensor.cc:510] [0m[1;31mGet noise index not valid[0m[1;31m
[gzserver-2] [0m[1;31m[0m[1;31m[0m[1;31m[Err] [Sensor.cc:510] [0m[1;31mGet noise index not valid[0m[1;31m
[gzserver-2] [0m[1;31m[0m[1;31m[0mTopic [default//drone/base_footprint/down_camera/image] is not valid.
[gzserver-2] [INFO] [1773164329.423888993] [drone.collision_plugin]: Publishing contact states to [/drone/bumper_states]
[gzserver-2] Topic [default//drone/base_footprint/front_camera/image] is not valid.
[gzserver-2] [1;33m[Wrn] [Event.cc:61] [0m[1;33mWarning: Deleting a connection right after creation. [0m[1;33mMake sure to save the ConnectionPtr from a Connect call
[gzserver-2] [0m[INFO] [1773164329.980291176] [drone.camera_bottom]: Publishing camera info to [/drone/bottom/camera_info]
[gzserver-2] [INFO] [1773164329.984934327] [drone.camera_front]: Publishing camera info to [/drone/front/camera_info]
[spawn_drone-5] [INFO] [1773164329.994873668] [spawn_drone]: Result True SpawnEntity: Successfully spawned entity [/drone]
[gzserver-2] [INFO] [1773164330.106704639] [drone.simple_drone]: The drone plugin is loading!
[gzserver-2] [INFO] [1773164330.106908813] [drone.simple_drone]: pub_odom: 1
[gzserver-2] [INFO] [1773164330.106945042] [drone.simple_drone]: Using following parameters: 
[gzserver-2] 		link_name: base_footprint,
[gzserver-2] 		max_force: 30,
[gzserver-2] 		motion_small_noise: 0,
[gzserver-2] 		motion_drift_noise: 0,
[gzserver-2] 		motion_drift_noise_time: 50,
[gzserver-2] 		takeoff_hover_height: 2.38,
[gzserver-2] 		takeoff_vertical_speed: 0.2
[gzserver-2] [INFO] [1773164330.118502985] [drone.simple_drone]: Using the PID parameters: 
[gzserver-2] 	Roll Pitch:
[gzserver-2] 		kP: 10, kI: 0,kD: 5, Limit: 0.5, Time Constant: 0
[gzserver-2] 	Yaw:
[gzserver-2] 		kP: 2, kI: 0,kD: 1, Limit: 1.5, Time Constant: 0
[gzserver-2] 	Velocity X:
[gzserver-2] 		kP: 5, kI: 0,kD: 2.3, Limit: 2, Time Constant: 0
[gzserver-2] 	Velocity Y:
[gzserver-2] 		kP: 5, kI: 0,kD: 2.3, Limit: 2, Time Constant: 0
[gzserver-2] 	Velocity Z:
[gzserver-2] 		kP: 5, kI: 0,kD: 1, Limit: -1, Time Constant: 0
[gzserver-2] 	Position XY:
[gzserver-2] 		kP: 1.1, kI: 0,kD: 0, Limit: 5, Time Constant: 0
[gzserver-2] 	Position Z:
[gzserver-2] 		kP: 1, kI: 0,kD: 0.2, Limit: -1, Time Constant: 0
[gzserver-2] [INFO] [1773164330.118626108] [drone.simple_drone]: The drone plugin finished loading!
[INFO] [spawn_drone-5]: process has finished cleanly [pid 3212445]
[gzserver-2] [INFO] [1773164337.419771666] [gazebo_wind_plugin_node]: WindPlugin: set wind_speed=0.00 wind_direction=0.0
[gzserver-2] [INFO] [1773164337.691832583] [gazebo_wind_plugin_node]: WindPlugin: set wind_speed=0.00 wind_direction=0.0
[gzserver-2] [INFO] [1773164337.731213799] [drone.simple_drone]: Quadrotor takes off!!
[gzserver-2] [INFO] [1773164337.931744050] [gazebo_wind_plugin_node]: WindPlugin: set wind_speed=0.00 wind_direction=0.0
[gzserver-2] [INFO] [1773164338.165639318] [gazebo_wind_plugin_node]: WindPlugin: set wind_speed=0.00 wind_direction=0.0
[gzserver-2] [INFO] [1773164338.406358332] [gazebo_wind_plugin_node]: WindPlugin: set wind_speed=0.00 wind_direction=0.0
[gzserver-2] [INFO] [1773164338.645731501] [gazebo_wind_plugin_node]: WindPlugin: set wind_speed=0.00 wind_direction=0.0
[gzserver-2] [INFO] [1773164338.885154125] [gazebo_wind_plugin_node]: WindPlugin: set wind_speed=0.00 wind_direction=0.0
[gzserver-2] [INFO] [1773164339.124589430] [gazebo_wind_plugin_node]: WindPlugin: set wind_speed=0.00 wind_direction=0.0
[gzserver-2] [INFO] [1773164339.358326056] [gazebo_wind_plugin_node]: WindPlugin: set wind_speed=0.00 wind_direction=0.0
[gzserver-2] [0m[1;36m[Dbg] [wind_plugin.cpp:110] [0m[1;36mWindPlugin: received command -> speed=[0m[1;36m0[0m[1;36m dir=[0m[1;36m0[0m[1;36m
[gzserver-2] [0m[1;36m[Dbg] [wind_plugin.cpp:110] [0m[1;36mWindPlugin: received command -> speed=[0m[1;36m0[0m[1;36m dir=[0m[1;36m0[0m[1;36m
[gzserver-2] [0m[1;36m[Dbg] [wind_plugin.cpp:110] [0m[1;36mWindPlugin: received command -> speed=[0m[1;36m0[0m[1;36m dir=[0m[1;36m0[0m[1;36m
[gzserver-2] [0m[1;36m[Dbg] [wind_plugin.cpp:110] [0m[1;36mWindPlugin: received command -> speed=[0m[1;36m0[0m[1;36m dir=[0m[1;36m0[0m[1;36m
[gzserver-2] [0m[1;36m[Dbg] [wind_plugin.cpp:110] [0m[1;36mWindPlugin: received command -> speed=[0m[1;36m0[0m[1;36m dir=[0m[1;36m0[0m[1;36m
[gzserver-2] [0m[1;36m[Dbg] [wind_plugin.cpp:110] [0m[1;36mWindPlugin: received command -> speed=[0m[1;36m0[0m[1;36m dir=[0m[1;36m0[0m[1;36m
[gzserver-2] [0m[1;36m[Dbg] [wind_plugin.cpp:110] [0m[1;36mWindPlugin: received command -> speed=[0m[1;36m0[0m[1;36m dir=[0m[1;36m0[0m[1;36m
[gzserver-2] [0m[1;36m[Dbg] [wind_plugin.cpp:110] [0m[1;36mWindPlugin: received command -> speed=[0m[1;36m0[0m[1;36m dir=[0m[1;36m0[0m[1;36m
[gzserver-2] [0m[1;36m[Dbg] [wind_plugin.cpp:110] [0m[1;36mWindPlugin: received command -> speed=[0m[1;36m0[0m[1;36m dir=[0m[1;36m0[0m[1;36m
[gzserver-2] [0mEntering flying model!
[gzserver-2] [INFO] [1773164339.597686370] [gazebo_wind_plugin_node]: WindPlugin: set wind_speed=0.00 wind_direction=0.0
[gzserver-2] [INFO] [1773164339.828997703] [gazebo_wind_plugin_node]: WindPlugin: set wind_speed=1.13 wind_direction=-74.3
[gzserver-2] [INFO] [1773164340.068563351] [gazebo_wind_plugin_node]: WindPlugin: set wind_speed=1.20 wind_direction=-72.6
[gzserver-2] [INFO] [1773164340.310450280] [gazebo_wind_plugin_node]: WindPlugin: set wind_speed=1.20 wind_direction=-72.6
[gzserver-2] [INFO] [1773164340.549941734] [gazebo_wind_plugin_node]: WindPlugin: set wind_speed=1.20 wind_direction=-72.6
[gzserver-2] [INFO] [1773164340.789471538] [gazebo_wind_plugin_node]: WindPlugin: set wind_speed=1.20 wind_direction=-72.6
[gzserver-2] [INFO] [1773164341.024886712] [gazebo_wind_plugin_node]: WindPlugin: set wind_speed=1.16 wind_direction=-70.8
[gzserver-2] [INFO] [1773164341.264336053] [gazebo_wind_plugin_node]: WindPlugin: set wind_speed=1.16 wind_direction=-70.8
[gzserver-2] [INFO] [1773164341.498497069] [gazebo_wind_plugin_node]: WindPlugin: set wind_speed=1.16 wind_direction=-70.8
[gzserver-2] [INFO] [1773164341.733794826] [gazebo_wind_plugin_node]: WindPlugin: set wind_speed=1.16 wind_direction=-70.8
[gzserver-2] [INFO] [1773164341.967479812] [gazebo_wind_plugin_node]: WindPlugin: set wind_speed=0.78 wind_direction=-73.2
[gzserver-2] [INFO] [1773164342.206927230] [gazebo_wind_plugin_node]: WindPlugin: set wind_speed=0.78 wind_direction=-73.2
[gzserver-2] [INFO] [1773164342.441260411] [gazebo_wind_plugin_node]: WindPlugin: set wind_speed=0.78 wind_direction=-73.2
[gzserver-2] [INFO] [1773164342.675432494] [gazebo_wind_plugin_node]: WindPlugin: set wind_speed=0.78 wind_direction=-73.2
[gzserver-2] [INFO] [1773164342.914975650] [gazebo_wind_plugin_node]: WindPlugin: set wind_speed=0.78 wind_direction=-73.2
[gzserver-2] [INFO] [1773164343.154490480] [gazebo_wind_plugin_node]: WindPlugin: set wind_speed=0.83 wind_direction=-74.3
[gzserver-2] [INFO] [1773164343.390034192] [gazebo_wind_plugin_node]: WindPlugin: set wind_speed=0.83 wind_direction=-74.3
[gzserver-2] [INFO] [1773164343.625319615] [gazebo_wind_plugin_node]: WindPlugin: set wind_speed=0.83 wind_direction=-74.3
[gzserver-2] [INFO] [1773164343.864919032] [gazebo_wind_plugin_node]: WindPlugin: set wind_speed=0.83 wind_direction=-74.3
[gzserver-2] [INFO] [1773164343.900229224] [drone.simple_drone]: Quadrotor lands!!
[gzserver-2] [INFO] [1773164344.103609619] [gazebo_wind_plugin_node]: WindPlugin: set wind_speed=1.05 wind_direction=-76.0
[gzserver-2] [INFO] [1773164344.346442964] [gazebo_wind_plugin_node]: WindPlugin: set wind_speed=1.05 wind_direction=-76.0
[gzserver-2] [INFO] [1773164344.580734166] [gazebo_wind_plugin_node]: WindPlugin: set wind_speed=1.05 wind_direction=-76.0
[gzserver-2] [INFO] [1773164344.820563349] [gazebo_wind_plugin_node]: WindPlugin: set wind_speed=1.05 wind_direction=-76.0
[gzserver-2] [1;36m[Dbg] [wind_plugin.cpp:110] [0m[1;36mWindPlugin: received command -> speed=[0m[1;36m0[0m[1;36m dir=[0m[1;36m0[0m[1;36m
[gzserver-2] [0m[1;36m[Dbg] [wind_plugin.cpp:110] [0m[1;36mWindPlugin: received command -> speed=[0m[1;36m1.13014[0m[1;36m dir=[0m[1;36m-74.2886[0m[1;36m
[gzserver-2] [0m[1;36m[Dbg] [wind_plugin.cpp:110] [0m[1;36mWindPlugin: received command -> speed=[0m[1;36m1.19672[0m[1;36m dir=[0m[1;36m-72.6179[0m[1;36m
[gzserver-2] [0m[1;36m[Dbg] [wind_plugin.cpp:110] [0m[1;36mWindPlugin: received command -> speed=[0m[1;36m1.19672[0m[1;36m dir=[0m[1;36m-72.6179[0m[1;36m
[gzserver-2] [0m[1;36m[Dbg] [wind_plugin.cpp:110] [0m[1;36mWindPlugin: received command -> speed=[0m[1;36m1.19672[0m[1;36m dir=[0m[1;36m-72.6179[0m[1;36m
[gzserver-2] [0m[1;36m[Dbg] [wind_plugin.cpp:110] [0m[1;36mWindPlugin: received command -> speed=[0m[1;36m1.19672[0m[1;36m dir=[0m[1;36m-72.6179[0m[1;36m
[gzserver-2] [0m[1;36m[Dbg] [wind_plugin.cpp:110] [0m[1;36mWindPlugin: received command -> speed=[0m[1;36m1.15675[0m[1;36m dir=[0m[1;36m-70.8069[0m[1;36m
[gzserver-2] [0m[1;36m[Dbg] [wind_plugin.cpp:110] [0m[1;36mWindPlugin: received command -> speed=[0m[1;36m1.15675[0m[1;36m dir=[0m[1;36m-70.8069[0m[1;36m
[gzserver-2] [0m[1;36m[Dbg] [wind_plugin.cpp:110] [0m[1;36mWindPlugin: received command -> speed=[0m[1;36m1.15675[0m[1;36m dir=[0m[1;36m-70.8069[0m[1;36m
[gzserver-2] [0m[1;36m[Dbg] [wind_plugin.cpp:110] [0m[1;36mWindPlugin: received command -> speed=[0m[1;36m1.15675[0m[1;36m dir=[0m[1;36m-70.8069[0m[1;36m
[gzserver-2] [0m[1;36m[Dbg] [wind_plugin.cpp:110] [0m[1;36mWindPlugin: received command -> speed=[0m[1;36m0.783696[0m[1;36m dir=[0m[1;36m-73.2447[0m[1;36m
[gzserver-2] [0m[1;36m[Dbg] [wind_plugin.cpp:110] [0m[1;36mWindPlugin: received command -> speed=[0m[1;36m0.783696[0m[1;36m dir=[0m[1;36m-73.2447[0m[1;36m
[gzserver-2] [0m[1;36m[Dbg] [wind_plugin.cpp:110] [0m[1;36mWindPlugin: received command -> speed=[0m[1;36m0.783696[0m[1;36m dir=[0m[1;36m-73.2447[0m[1;36m
[gzserver-2] [0m[1;36m[Dbg] [wind_plugin.cpp:110] [0m[1;36mWindPlugin: received command -> speed=[0m[1;36m0.783696[0m[1;36m dir=[0m[1;36m-73.2447[0m[1;36m
[gzserver-2] [0m[1;36m[Dbg] [wind_plugin.cpp:110] [0m[1;36mWindPlugin: received command -> speed=[0m[1;36m0.783696[0m[1;36m dir=[0m[1;36m-73.2447[0m[1;36m
[gzserver-2] [0m[1;36m[Dbg] [wind_plugin.cpp:110] [0m[1;36mWindPlugin: received command -> speed=[0m[1;36m0.829133[0m[1;36m dir=[0m[1;36m-74.2637[0m[1;36m
[gzserver-2] [0m[1;36m[Dbg] [wind_plugin.cpp:110] [0m[1;36mWindPlugin: received command -> speed=[0m[1;36m0.829133[0m[1;36m dir=[0m[1;36m-74.2637[0m[1;36m
[gzserver-2] [0m[1;36m[Dbg] [wind_plugin.cpp:110] [0m[1;36mWindPlugin: received command -> speed=[0m[1;36m0.829133[0m[1;36m dir=[0m[1;36m-74.2637[0m[1;36m
[gzserver-2] [0m[1;36m[Dbg] [wind_plugin.cpp:110] [0m[1;36mWindPlugin: received command -> speed=[0m[1;36m0.829133[0m[1;36m dir=[0m[1;36m-74.2637[0m[1;36m
[gzserver-2] [0m[1;36m[Dbg] [wind_plugin.cpp:110] [0m[1;36mWindPlugin: received command -> speed=[0m[1;36m1.05204[0m[1;36m dir=[0m[1;36m-76.0309[0m[1;36m
[gzserver-2] [0m[1;36m[Dbg] [wind_plugin.cpp:110] [0m[1;36mWindPlugin: received command -> speed=[0m[1;36m1.05204[0m[1;36m dir=[0m[1;36m-76.0309[0m[1;36m
[gzserver-2] [0m[1;36m[Dbg] [wind_plugin.cpp:110] [0m[1;36mWindPlugin: received command -> speed=[0m[1;36m1.05204[0m[1;36m dir=[0m[1;36m-76.0309[0m[1;36m
[gzserver-2] [0m[1;36m[Dbg] [wind_plugin.cpp:110] [0m[1;36mWindPlugin: received command -> speed=[0m[1;36m1.05204[0m[1;36m dir=[0m[1;36m-76.0309[0m[1;36m
[gzserver-2] [0mLanded!
[gzserver-2] [INFO] [1773164345.062058070] [gazebo_wind_plugin_node]: WindPlugin: set wind_speed=1.01 wind_direction=-73.9
[gzserver-2] [INFO] [1773164345.314453162] [gazebo_wind_plugin_node]: WindPlugin: set wind_speed=1.01 wind_direction=-73.9
[gzserver-2] [INFO] [1773164345.548802188] [gazebo_wind_plugin_node]: WindPlugin: set wind_speed=1.01 wind_direction=-73.9
[gzserver-2] [INFO] [1773164345.783115880] [gazebo_wind_plugin_node]: WindPlugin: set wind_speed=1.01 wind_direction=-73.9
[gzserver-2] [INFO] [1773164346.022761501] [gazebo_wind_plugin_node]: WindPlugin: set wind_speed=0.95 wind_direction=-77.2
[gzserver-2] [INFO] [1773164346.262110358] [gazebo_wind_plugin_node]: WindPlugin: set wind_speed=0.95 wind_direction=-77.2
[gzserver-2] [INFO] [1773164346.496568728] [gazebo_wind_plugin_node]: WindPlugin: set wind_speed=0.95 wind_direction=-77.2
[gzserver-2] [INFO] [1773164346.735716556] [gazebo_wind_plugin_node]: WindPlugin: set wind_speed=0.95 wind_direction=-77.2
