[INFO] [launch]: All log files can be found below /home/j/.ros/log/2026-03-10-13-01-18-275035-j-1498563
[INFO] [launch]: Default logging verbosity is set to INFO
[INFO] [launch.user]: [bringup] Apriltag config: camera=/drone/bottom, image=/drone/bottom/image_raw, tags=/drone/bottom/tags, bridge=/landing_tag_state, standalone=true, use_target_id=true, target_id=0
[INFO] [rviz2-1]: process started with pid [1498564]
[INFO] [gzserver-2]: process started with pid [1498566]
[INFO] [robot_state_publisher-3]: process started with pid [1498568]
[INFO] [joint_state_publisher-4]: process started with pid [1498570]
[INFO] [spawn_drone-5]: process started with pid [1498572]
[INFO] [static_transform_publisher-6]: process started with pid [1498574]
[INFO] [joy_node-7]: process started with pid [1498576]
[INFO] [teleop_joystick-8]: process started with pid [1498578]
[INFO] [apriltag_detector_node-9]: process started with pid [1498580]
[INFO] [apriltag_state_bridge-10]: process started with pid [1498582]
[static_transform_publisher-6] [WARN] [1773115278.746376779] []: Old-style arguments are deprecated; see --help for new-style arguments
[static_transform_publisher-6] [INFO] [1773115278.752143974] [static_transform_publisher_6miApatKrfqL0EJg]: Spinning until stopped - publishing transform
[static_transform_publisher-6] translation: ('0.000000', '0.000000', '0.000000')
[static_transform_publisher-6] rotation: ('0.000000', '0.000000', '0.000000', '1.000000')
[static_transform_publisher-6] from 'world' to '/drone/odom'
[robot_state_publisher-3] [INFO] [1773115278.769919558] [drone.robot_state_publisher]: got segment base_footprint
[robot_state_publisher-3] [INFO] [1773115278.769985713] [drone.robot_state_publisher]: got segment base_link
[robot_state_publisher-3] [INFO] [1773115278.769991523] [drone.robot_state_publisher]: got segment bottom_cam_link
[robot_state_publisher-3] [INFO] [1773115278.769994681] [drone.robot_state_publisher]: got segment front_cam_link
[robot_state_publisher-3] [INFO] [1773115278.769997519] [drone.robot_state_publisher]: got segment sonar_link
[rviz2-1] 
[rviz2-1] (rviz2:1498564): dbind-WARNING **: 13:01:18.778: Couldn't connect to accessibility bus: Failed to connect to socket /root/.cache/at-spi/bus_0: 허가 거부
[teleop_joystick-8] Traceback (most recent call last):
[teleop_joystick-8]   File "/home/j/INCSL/IICC26_ws/install/sjtu_drone_control/lib/sjtu_drone_control/teleop_joystick", line 33, in <module>
[teleop_joystick-8]     sys.exit(load_entry_point('sjtu_drone_control==0.0.0', 'console_scripts', 'teleop_joystick')())
[teleop_joystick-8]   File "/home/j/INCSL/IICC26_ws/install/sjtu_drone_control/lib/sjtu_drone_control/teleop_joystick", line 22, in importlib_load_entry_point
[teleop_joystick-8]     for entry_point in distribution(dist_name).entry_points
[teleop_joystick-8]   File "/usr/lib/python3.10/importlib/metadata/__init__.py", line 969, in distribution
[teleop_joystick-8]     return Distribution.from_name(distribution_name)
[teleop_joystick-8]   File "/usr/lib/python3.10/importlib/metadata/__init__.py", line 548, in from_name
[teleop_joystick-8]     raise PackageNotFoundError(name)
[teleop_joystick-8] importlib.metadata.PackageNotFoundError: No package metadata was found for sjtu_drone_control
[apriltag_detector_node-9] [INFO] [1773115278.801702697] [apriltag_detector_node]: tag detector type: umich
[ERROR] [teleop_joystick-8]: process has died [pid 1498578, exit code 1, cmd '/home/j/INCSL/IICC26_ws/install/sjtu_drone_control/lib/sjtu_drone_control/teleop_joystick --ros-args -r __ns:=/drone'].
[gzserver-2] Gazebo multi-robot simulator, version 11.10.2
[gzserver-2] Copyright (C) 2012 Open Source Robotics Foundation.
[gzserver-2] Released under the Apache 2 License.
[gzserver-2] http://gazebosim.org
[gzserver-2] 
[apriltag_state_bridge-10] [INFO] [1773115279.013389419] [apriltag_state_bridge]: AprilTag bridge started: /drone/bottom/tags -> /landing_tag_state, use_target_id=True, target_id=0
[joint_state_publisher-4] [INFO] [1773115279.030992072] [drone.joint_state_publisher]: Waiting for robot_description to be published on the robot_description topic...
[gzserver-2] [1;33m[Wrn] [gazebo_ros_init.cpp:178] [0m[1;33m
[gzserver-2] #     # ####### ####### ###  #####  #######
[gzserver-2] ##    # #     #    #     #  #     # #
[gzserver-2] # #   # #     #    #     #  #       #
[gzserver-2] #  #  # #     #    #     #  #       #####
[gzserver-2] #   # # #     #    #     #  #       #
[gzserver-2] #    ## #     #    #     #  #     # #
[gzserver-2] #     # #######    #    ###  #####  #######
[gzserver-2] 
[gzserver-2] This version of Gazebo, now called Gazebo classic, reaches end-of-life
[gzserver-2] in January 2025. Users are highly encouraged to migrate to the new Gazebo
[gzserver-2] using our migration guides (https://gazebosim.org/docs/latest/gazebo_classic_migration?utm_source=gazebo_ros_pkgs&utm_medium=cli)
[gzserver-2] 
[gzserver-2] [0m[1;33m
[rviz2-1] [INFO] [1773115279.519207689] [rviz2]: Stereo is NOT SUPPORTED
[rviz2-1] [INFO] [1773115279.519295484] [rviz2]: OpenGl version: 4.6 (GLSL 4.6)
[rviz2-1] [INFO] [1773115279.609129044] [rviz2]: Stereo is NOT SUPPORTED
[rviz2-1] [INFO] [1773115279.702816490] [rviz2]: Stereo is NOT SUPPORTED
[gzserver-2] [1;32m[Msg] [0m[1;32mWaiting for master.[0m[1;32m
[gzserver-2] [0m[1;32m[0m[1;32m[0m[1;32m[Msg] [0m[1;32mConnected to gazebo master @ [0m[1;32mhttp://127.0.0.1:11345[0m[1;32m
[gzserver-2] [0m[1;32m[0m[1;32m[0m[1;32m[Msg] [0m[1;32mPublicized address: [0m[1;32m172.16.52.147[0m[1;32m
[gzserver-2] [0m[1;32m[0m[1;32m[0m[1;32m[Msg] [0m[1;32mLoading world file [[0m[1;32m/home/j/INCSL/IICC26_ws/install/sjtu_drone_description/share/sjtu_drone_description/worlds/landingPad.world[0m[1;32m][0m[1;32m
[gzserver-2] [0m[1;32m[0m[1;32m[0m[1;36m[Dbg] [wind_plugin.cpp:96] [0m[1;36mWindPlugin loaded: speed=[0m[1;36m0[0m[1;36m dir=[0m[1;36m0[0m[1;36m deg area=[0m[1;36m0.1[0m[1;36m coeff=[0m[1;36m1[0m[1;36m
[gzserver-2] [0m[1;33m[0m[1;33m[0m[1;31m[Err] [Sensor.cc:510] [0m[1;31mGet noise index not valid[0m[1;31m
[gzserver-2] [0m[1;31m[0m[1;31m[0m[1;31m[Err] [Sensor.cc:510] [0m[1;31mGet noise index not valid[0m[1;31m
[gzserver-2] [0m[1;31m[0m[1;31m[0m[1;31m[Err] [Sensor.cc:510] [0m[1;31mGet noise index not valid[0m[1;31m
[gzserver-2] [0m[1;31m[0m[1;31m[0m[1;31m[Err] [Sensor.cc:510] [0m[1;31mGet noise index not valid[0m[1;31m
[gzserver-2] [0m[1;31m[0m[1;31m[0m[1;31m[Err] [Sensor.cc:510] [0m[1;31mGet noise index not valid[0m[1;31m
[gzserver-2] [0m[1;31m[0m[1;31m[0m[1;31m[Err] [Sensor.cc:510] [0m[1;31mGet noise index not valid[0m[1;31m
[gzserver-2] [0m[1;31m[0m[1;31m[0mTopic [default//drone/base_footprint/down_camera/image] is not valid.
[gzserver-2] Topic [default//drone/base_footprint/front_camera/image] is not valid.
[gzserver-2] [INFO] [1773115280.173434725] [drone.collision_plugin]: Publishing contact states to [/drone/bumper_states]
[gzserver-2] [1;33m[Wrn] [Event.cc:61] [0m[1;33mWarning: Deleting a connection right after creation. [0m[1;33mMake sure to save the ConnectionPtr from a Connect call
[gzserver-2] [0m[INFO] [1773115280.722448371] [drone.camera_bottom]: Publishing camera info to [/drone/bottom/camera_info]
[gzserver-2] [INFO] [1773115280.726800989] [drone.camera_front]: Publishing camera info to [/drone/front/camera_info]
[spawn_drone-5] [INFO] [1773115280.735812273] [spawn_drone]: Result True SpawnEntity: Successfully spawned entity [/drone]
[gzserver-2] [INFO] [1773115280.849675386] [drone.simple_drone]: The drone plugin is loading!
[gzserver-2] [INFO] [1773115280.849899714] [drone.simple_drone]: pub_odom: 1
[gzserver-2] [INFO] [1773115280.849936666] [drone.simple_drone]: Using following parameters: 
[gzserver-2] 		link_name: base_footprint,
[gzserver-2] 		max_force: 30,
[gzserver-2] 		motion_small_noise: 0,
[gzserver-2] 		motion_drift_noise: 0,
[gzserver-2] 		motion_drift_noise_time: 50,
[gzserver-2] 		takeoff_hover_height: 1.75,
[gzserver-2] 		takeoff_vertical_speed: 0.2
[gzserver-2] [INFO] [1773115280.861800959] [drone.simple_drone]: Using the PID parameters: 
[gzserver-2] 	Roll Pitch:
[gzserver-2] 		kP: 10, kI: 0,kD: 5, Limit: 0.5, Time Constant: 0
[gzserver-2] 	Yaw:
[gzserver-2] 		kP: 2, kI: 0,kD: 1, Limit: 1.5, Time Constant: 0
[gzserver-2] 	Velocity X:
[gzserver-2] 		kP: 5, kI: 0,kD: 2.3, Limit: 2, Time Constant: 0
[gzserver-2] 	Velocity Y:
[gzserver-2] 		kP: 5, kI: 0,kD: 2.3, Limit: 2, Time Constant: 0
[gzserver-2] 	Velocity Z:
[gzserver-2] 		kP: 5, kI: 0,kD: 1, Limit: -1, Time Constant: 0
[gzserver-2] 	Position XY:
[gzserver-2] 		kP: 1.1, kI: 0,kD: 0, Limit: 5, Time Constant: 0
[gzserver-2] 	Position Z:
[gzserver-2] 		kP: 1, kI: 0,kD: 0.2, Limit: -1, Time Constant: 0
[gzserver-2] [INFO] [1773115280.861936314] [drone.simple_drone]: The drone plugin finished loading!
[INFO] [spawn_drone-5]: process has finished cleanly [pid 1498572]
[gzserver-2] [INFO] [1773115288.107064227] [gazebo_wind_plugin_node]: WindPlugin: set wind_speed=0.00 wind_direction=0.0
[gzserver-2] [INFO] [1773115288.368583166] [gazebo_wind_plugin_node]: WindPlugin: set wind_speed=0.00 wind_direction=0.0
[gzserver-2] [INFO] [1773115288.411061452] [drone.simple_drone]: Quadrotor takes off!!
[gzserver-2] [INFO] [1773115288.617088877] [gazebo_wind_plugin_node]: WindPlugin: set wind_speed=0.00 wind_direction=0.0
[gzserver-2] [INFO] [1773115288.857084281] [gazebo_wind_plugin_node]: WindPlugin: set wind_speed=0.00 wind_direction=0.0
[gzserver-2] [INFO] [1773115289.096267318] [gazebo_wind_plugin_node]: WindPlugin: set wind_speed=0.00 wind_direction=0.0
[gzserver-2] [INFO] [1773115289.335314336] [gazebo_wind_plugin_node]: WindPlugin: set wind_speed=0.00 wind_direction=0.0
[gzserver-2] [INFO] [1773115289.574538356] [gazebo_wind_plugin_node]: WindPlugin: set wind_speed=0.00 wind_direction=0.0
[gzserver-2] [INFO] [1773115289.809222678] [gazebo_wind_plugin_node]: WindPlugin: set wind_speed=0.00 wind_direction=0.0
[gzserver-2] [0m[1;36m[Dbg] [wind_plugin.cpp:110] [0m[1;36mWindPlugin: received command -> speed=[0m[1;36m0[0m[1;36m dir=[0m[1;36m0[0m[1;36m
[gzserver-2] [0m[1;36m[Dbg] [wind_plugin.cpp:110] [0m[1;36mWindPlugin: received command -> speed=[0m[1;36m0[0m[1;36m dir=[0m[1;36m0[0m[1;36m
[gzserver-2] [0m[1;36m[Dbg] [wind_plugin.cpp:110] [0m[1;36mWindPlugin: received command -> speed=[0m[1;36m0[0m[1;36m dir=[0m[1;36m0[0m[1;36m
[gzserver-2] [0m[1;36m[Dbg] [wind_plugin.cpp:110] [0m[1;36mWindPlugin: received command -> speed=[0m[1;36m0[0m[1;36m dir=[0m[1;36m0[0m[1;36m
[gzserver-2] [0m[1;36m[Dbg] [wind_plugin.cpp:110] [0m[1;36mWindPlugin: received command -> speed=[0m[1;36m0[0m[1;36m dir=[0m[1;36m0[0m[1;36m
[gzserver-2] [0m[1;36m[Dbg] [wind_plugin.cpp:110] [0m[1;36mWindPlugin: received command -> speed=[0m[1;36m0[0m[1;36m dir=[0m[1;36m0[0m[1;36m
[gzserver-2] [0m[1;36m[Dbg] [wind_plugin.cpp:110] [0m[1;36mWindPlugin: received command -> speed=[0m[1;36m0[0m[1;36m dir=[0m[1;36m0[0m[1;36m
[gzserver-2] [0m[1;36m[Dbg] [wind_plugin.cpp:110] [0m[1;36mWindPlugin: received command -> speed=[0m[1;36m0[0m[1;36m dir=[0m[1;36m0[0m[1;36m
[gzserver-2] [0mEntering flying model!
[gzserver-2] [INFO] [1773115290.048251162] [gazebo_wind_plugin_node]: WindPlugin: set wind_speed=0.00 wind_direction=0.0
[gzserver-2] [INFO] [1773115290.288058341] [gazebo_wind_plugin_node]: WindPlugin: set wind_speed=1.06 wind_direction=-89.9
[gzserver-2] [INFO] [1773115290.527312801] [gazebo_wind_plugin_node]: WindPlugin: set wind_speed=1.06 wind_direction=-89.9
[gzserver-2] [INFO] [1773115290.762282105] [gazebo_wind_plugin_node]: WindPlugin: set wind_speed=1.06 wind_direction=-89.3
[gzserver-2] [INFO] [1773115291.002657812] [gazebo_wind_plugin_node]: WindPlugin: set wind_speed=1.06 wind_direction=-89.3
[gzserver-2] [INFO] [1773115291.236385740] [gazebo_wind_plugin_node]: WindPlugin: set wind_speed=1.06 wind_direction=-89.3
[gzserver-2] [INFO] [1773115291.475746908] [gazebo_wind_plugin_node]: WindPlugin: set wind_speed=1.06 wind_direction=-89.3
[gzserver-2] [INFO] [1773115291.716600792] [gazebo_wind_plugin_node]: WindPlugin: set wind_speed=0.91 wind_direction=-90.9
[gzserver-2] [INFO] [1773115291.956710864] [gazebo_wind_plugin_node]: WindPlugin: set wind_speed=0.91 wind_direction=-90.9
[gzserver-2] [INFO] [1773115292.195828612] [gazebo_wind_plugin_node]: WindPlugin: set wind_speed=0.91 wind_direction=-90.9
[gzserver-2] [INFO] [1773115292.424949770] [gazebo_wind_plugin_node]: WindPlugin: set wind_speed=0.91 wind_direction=-90.9
[gzserver-2] [INFO] [1773115292.664254434] [gazebo_wind_plugin_node]: WindPlugin: set wind_speed=0.94 wind_direction=-87.3
[gzserver-2] [INFO] [1773115292.906089165] [gazebo_wind_plugin_node]: WindPlugin: set wind_speed=0.94 wind_direction=-87.3
[gzserver-2] [INFO] [1773115293.145194824] [gazebo_wind_plugin_node]: WindPlugin: set wind_speed=0.94 wind_direction=-87.3
[gzserver-2] [INFO] [1773115293.384647145] [gazebo_wind_plugin_node]: WindPlugin: set wind_speed=0.94 wind_direction=-87.3
[gzserver-2] [INFO] [1773115293.619113601] [gazebo_wind_plugin_node]: WindPlugin: set wind_speed=0.97 wind_direction=-93.5
[gzserver-2] [INFO] [1773115293.858439434] [gazebo_wind_plugin_node]: WindPlugin: set wind_speed=0.97 wind_direction=-93.5
[gzserver-2] [INFO] [1773115294.092994794] [gazebo_wind_plugin_node]: WindPlugin: set wind_speed=0.97 wind_direction=-93.5
[gzserver-2] [INFO] [1773115294.327646526] [gazebo_wind_plugin_node]: WindPlugin: set wind_speed=0.97 wind_direction=-93.5
[gzserver-2] [INFO] [1773115294.557426083] [gazebo_wind_plugin_node]: WindPlugin: set wind_speed=0.97 wind_direction=-93.5
[gzserver-2] [INFO] [1773115294.796618178] [gazebo_wind_plugin_node]: WindPlugin: set wind_speed=1.15 wind_direction=-90.8
[gzserver-2] [INFO] [1773115295.036145064] [gazebo_wind_plugin_node]: WindPlugin: set wind_speed=1.15 wind_direction=-90.8
[gzserver-2] [INFO] [1773115295.275750600] [gazebo_wind_plugin_node]: WindPlugin: set wind_speed=1.15 wind_direction=-90.8
[gzserver-2] [INFO] [1773115295.508045153] [gazebo_wind_plugin_node]: WindPlugin: set wind_speed=1.15 wind_direction=-90.8
[gzserver-2] [INFO] [1773115295.742480639] [gazebo_wind_plugin_node]: WindPlugin: set wind_speed=1.02 wind_direction=-90.1
[gzserver-2] [INFO] [1773115295.778820906] [drone.simple_drone]: Quadrotor lands!!
[gzserver-2] [INFO] [1773115295.980420902] [gazebo_wind_plugin_node]: WindPlugin: set wind_speed=1.02 wind_direction=-90.1
[gzserver-2] [INFO] [1773115296.217153260] [gazebo_wind_plugin_node]: WindPlugin: set wind_speed=1.02 wind_direction=-90.1
[gzserver-2] [1;36m[Dbg] [wind_plugin.cpp:110] [0m[1;36mWindPlugin: received command -> speed=[0m[1;36m0[0m[1;36m dir=[0m[1;36m0[0m[1;36m
[gzserver-2] [0m[1;36m[Dbg] [wind_plugin.cpp:110] [0m[1;36mWindPlugin: received command -> speed=[0m[1;36m1.05797[0m[1;36m dir=[0m[1;36m-89.9032[0m[1;36m
[gzserver-2] [0m[1;36m[Dbg] [wind_plugin.cpp:110] [0m[1;36mWindPlugin: received command -> speed=[0m[1;36m1.05797[0m[1;36m dir=[0m[1;36m-89.9032[0m[1;36m
[gzserver-2] [0m[1;36m[Dbg] [wind_plugin.cpp:110] [0m[1;36mWindPlugin: received command -> speed=[0m[1;36m1.05916[0m[1;36m dir=[0m[1;36m-89.3449[0m[1;36m
[gzserver-2] [0m[1;36m[Dbg] [wind_plugin.cpp:110] [0m[1;36mWindPlugin: received command -> speed=[0m[1;36m1.05916[0m[1;36m dir=[0m[1;36m-89.3449[0m[1;36m
[gzserver-2] [0m[1;36m[Dbg] [wind_plugin.cpp:110] [0m[1;36mWindPlugin: received command -> speed=[0m[1;36m1.05916[0m[1;36m dir=[0m[1;36m-89.3449[0m[1;36m
[gzserver-2] [0m[1;36m[Dbg] [wind_plugin.cpp:110] [0m[1;36mWindPlugin: received command -> speed=[0m[1;36m1.05916[0m[1;36m dir=[0m[1;36m-89.3449[0m[1;36m
[gzserver-2] [0m[1;36m[Dbg] [wind_plugin.cpp:110] [0m[1;36mWindPlugin: received command -> speed=[0m[1;36m0.913069[0m[1;36m dir=[0m[1;36m-90.8806[0m[1;36m
[gzserver-2] [0m[1;36m[Dbg] [wind_plugin.cpp:110] [0m[1;36mWindPlugin: received command -> speed=[0m[1;36m0.913069[0m[1;36m dir=[0m[1;36m-90.8806[0m[1;36m
[gzserver-2] [0m[1;36m[Dbg] [wind_plugin.cpp:110] [0m[1;36mWindPlugin: received command -> speed=[0m[1;36m0.913069[0m[1;36m dir=[0m[1;36m-90.8806[0m[1;36m
[gzserver-2] [0m[1;36m[Dbg] [wind_plugin.cpp:110] [0m[1;36mWindPlugin: received command -> speed=[0m[1;36m0.913069[0m[1;36m dir=[0m[1;36m-90.8806[0m[1;36m
[gzserver-2] [0m[1;36m[Dbg] [wind_plugin.cpp:110] [0m[1;36mWindPlugin: received command -> speed=[0m[1;36m0.93727[0m[1;36m dir=[0m[1;36m-87.3045[0m[1;36m
[gzserver-2] [0m[1;36m[Dbg] [wind_plugin.cpp:110] [0m[1;36mWindPlugin: received command -> speed=[0m[1;36m0.93727[0m[1;36m dir=[0m[1;36m-87.3045[0m[1;36m
[gzserver-2] [0m[1;36m[Dbg] [wind_plugin.cpp:110] [0m[1;36mWindPlugin: received command -> speed=[0m[1;36m0.93727[0m[1;36m dir=[0m[1;36m-87.3045[0m[1;36m
[gzserver-2] [0m[1;36m[Dbg] [wind_plugin.cpp:110] [0m[1;36mWindPlugin: received command -> speed=[0m[1;36m0.93727[0m[1;36m dir=[0m[1;36m-87.3045[0m[1;36m
[gzserver-2] [0m[1;36m[Dbg] [wind_plugin.cpp:110] [0m[1;36mWindPlugin: received command -> speed=[0m[1;36m0.972154[0m[1;36m dir=[0m[1;36m-93.5122[0m[1;36m
[gzserver-2] [0m[1;36m[Dbg] [wind_plugin.cpp:110] [0m[1;36mWindPlugin: received command -> speed=[0m[1;36m0.972154[0m[1;36m dir=[0m[1;36m-93.5122[0m[1;36m
[gzserver-2] [0m[1;36m[Dbg] [wind_plugin.cpp:110] [0m[1;36mWindPlugin: received command -> speed=[0m[1;36m0.972154[0m[1;36m dir=[0m[1;36m-93.5122[0m[1;36m
[gzserver-2] [0m[1;36m[Dbg] [wind_plugin.cpp:110] [0m[1;36mWindPlugin: received command -> speed=[0m[1;36m0.972154[0m[1;36m dir=[0m[1;36m-93.5122[0m[1;36m
[gzserver-2] [0m[1;36m[Dbg] [wind_plugin.cpp:110] [0m[1;36mWindPlugin: received command -> speed=[0m[1;36m0.972154[0m[1;36m dir=[0m[1;36m-93.5122[0m[1;36m
[gzserver-2] [0m[1;36m[Dbg] [wind_plugin.cpp:110] [0m[1;36mWindPlugin: received command -> speed=[0m[1;36m1.14932[0m[1;36m dir=[0m[1;36m-90.8495[0m[1;36m
[gzserver-2] [0m[1;36m[Dbg] [wind_plugin.cpp:110] [0m[1;36mWindPlugin: received command -> speed=[0m[1;36m1.14932[0m[1;36m dir=[0m[1;36m-90.8495[0m[1;36m
[gzserver-2] [0m[1;36m[Dbg] [wind_plugin.cpp:110] [0m[1;36mWindPlugin: received command -> speed=[0m[1;36m1.14932[0m[1;36m dir=[0m[1;36m-90.8495[0m[1;36m
[gzserver-2] [0m[1;36m[Dbg] [wind_plugin.cpp:110] [0m[1;36mWindPlugin: received command -> speed=[0m[1;36m1.14932[0m[1;36m dir=[0m[1;36m-90.8495[0m[1;36m
[gzserver-2] [0m[1;36m[Dbg] [wind_plugin.cpp:110] [0m[1;36mWindPlugin: received command -> speed=[0m[1;36m1.01854[0m[1;36m dir=[0m[1;36m-90.0825[0m[1;36m
[gzserver-2] [0m[1;36m[Dbg] [wind_plugin.cpp:110] [0m[1;36mWindPlugin: received command -> speed=[0m[1;36m1.01854[0m[1;36m dir=[0m[1;36m-90.0825[0m[1;36m
[gzserver-2] [INFO] [1773115296.456504108] [gazebo_wind_plugin_node]: WindPlugin: set wind_speed=1.02 wind_direction=-90.1
[gzserver-2] [INFO] [1773115296.695794598] [gazebo_wind_plugin_node]: WindPlugin: set wind_speed=1.04 wind_direction=-89.9
[gzserver-2] [0m[1;36m[Dbg] [wind_plugin.cpp:110] [0m[1;36mWindPlugin: received command -> speed=[0m[1;36m1.01854[0m[1;36m dir=[0m[1;36m-90.0825[0m[1;36m
[gzserver-2] [0m[1;36m[Dbg] [wind_plugin.cpp:110] [0m[1;36mWindPlugin: received command -> speed=[0m[1;36m1.01854[0m[1;36m dir=[0m[1;36m-90.0825[0m[1;36m
[gzserver-2] [0m[1;36m[Dbg] [wind_plugin.cpp:110] [0m[1;36mWindPlugin: received command -> speed=[0m[1;36m1.03888[0m[1;36m dir=[0m[1;36m-89.8644[0m[1;36m
[gzserver-2] [0mLanded!
[gzserver-2] [INFO] [1773115296.935219057] [gazebo_wind_plugin_node]: WindPlugin: set wind_speed=1.04 wind_direction=-89.9
[gzserver-2] [INFO] [1773115297.175576560] [gazebo_wind_plugin_node]: WindPlugin: set wind_speed=1.04 wind_direction=-89.9
[gzserver-2] [INFO] [1773115297.417752782] [gazebo_wind_plugin_node]: WindPlugin: set wind_speed=1.04 wind_direction=-89.9
[gzserver-2] [INFO] [1773115297.650952240] [gazebo_wind_plugin_node]: WindPlugin: set wind_speed=0.99 wind_direction=-91.6
[gzserver-2] [INFO] [1773115297.885228416] [gazebo_wind_plugin_node]: WindPlugin: set wind_speed=0.99 wind_direction=-91.6
[gzserver-2] [INFO] [1773115298.122276770] [gazebo_wind_plugin_node]: WindPlugin: set wind_speed=0.99 wind_direction=-91.6
[gzserver-2] [INFO] [1773115298.356309956] [gazebo_wind_plugin_node]: WindPlugin: set wind_speed=0.99 wind_direction=-91.6
[gzserver-2] [INFO] [1773115298.597905177] [gazebo_wind_plugin_node]: WindPlugin: set wind_speed=0.99 wind_direction=-91.6
