[INFO] [launch]: All log files can be found below /home/j/.ros/log/2026-03-10-00-52-49-681062-j-641171
[INFO] [launch]: Default logging verbosity is set to INFO
[INFO] [launch.user]: [bringup] Apriltag config: camera=/drone/bottom, image=/drone/bottom/image_raw, tags=/drone/bottom/tags, bridge=/landing_tag_state, standalone=true, use_target_id=true, target_id=0
[INFO] [rviz2-1]: process started with pid [641173]
[INFO] [gzserver-2]: process started with pid [641175]
[INFO] [robot_state_publisher-3]: process started with pid [641177]
[INFO] [joint_state_publisher-4]: process started with pid [641179]
[INFO] [spawn_drone-5]: process started with pid [641181]
[INFO] [static_transform_publisher-6]: process started with pid [641183]
[INFO] [joy_node-7]: process started with pid [641185]
[INFO] [teleop_joystick-8]: process started with pid [641187]
[INFO] [apriltag_detector_node-9]: process started with pid [641189]
[INFO] [apriltag_state_bridge-10]: process started with pid [641191]
[static_transform_publisher-6] [WARN] [1773071570.152501820] []: Old-style arguments are deprecated; see --help for new-style arguments
[static_transform_publisher-6] [INFO] [1773071570.158778019] [static_transform_publisher_lqgPPSzzcGWcagXD]: Spinning until stopped - publishing transform
[static_transform_publisher-6] translation: ('0.000000', '0.000000', '0.000000')
[static_transform_publisher-6] rotation: ('0.000000', '0.000000', '0.000000', '1.000000')
[static_transform_publisher-6] from 'world' to '/drone/odom'
[robot_state_publisher-3] [INFO] [1773071570.175645322] [drone.robot_state_publisher]: got segment base_footprint
[robot_state_publisher-3] [INFO] [1773071570.175709060] [drone.robot_state_publisher]: got segment base_link
[robot_state_publisher-3] [INFO] [1773071570.175715553] [drone.robot_state_publisher]: got segment bottom_cam_link
[robot_state_publisher-3] [INFO] [1773071570.175719011] [drone.robot_state_publisher]: got segment front_cam_link
[robot_state_publisher-3] [INFO] [1773071570.175721802] [drone.robot_state_publisher]: got segment sonar_link
[rviz2-1] 
[rviz2-1] (rviz2:641173): dbind-WARNING **: 00:52:50.177: Couldn't connect to accessibility bus: Failed to connect to socket /root/.cache/at-spi/bus_0: 허가 거부
[apriltag_detector_node-9] [INFO] [1773071570.207224513] [apriltag_detector_node]: tag detector type: umich
[teleop_joystick-8] Traceback (most recent call last):
[teleop_joystick-8]   File "/home/j/INCSL/IICC26_ws/install/sjtu_drone_control/lib/sjtu_drone_control/teleop_joystick", line 33, in <module>
[teleop_joystick-8]     sys.exit(load_entry_point('sjtu_drone_control==0.0.0', 'console_scripts', 'teleop_joystick')())
[teleop_joystick-8]   File "/home/j/INCSL/IICC26_ws/install/sjtu_drone_control/lib/sjtu_drone_control/teleop_joystick", line 22, in importlib_load_entry_point
[teleop_joystick-8]     for entry_point in distribution(dist_name).entry_points
[teleop_joystick-8]   File "/usr/lib/python3.10/importlib/metadata/__init__.py", line 969, in distribution
[teleop_joystick-8]     return Distribution.from_name(distribution_name)
[teleop_joystick-8]   File "/usr/lib/python3.10/importlib/metadata/__init__.py", line 548, in from_name
[teleop_joystick-8]     raise PackageNotFoundError(name)
[teleop_joystick-8] importlib.metadata.PackageNotFoundError: No package metadata was found for sjtu_drone_control
[ERROR] [teleop_joystick-8]: process has died [pid 641187, exit code 1, cmd '/home/j/INCSL/IICC26_ws/install/sjtu_drone_control/lib/sjtu_drone_control/teleop_joystick --ros-args -r __ns:=/drone'].
[gzserver-2] Gazebo multi-robot simulator, version 11.10.2
[gzserver-2] Copyright (C) 2012 Open Source Robotics Foundation.
[gzserver-2] Released under the Apache 2 License.
[gzserver-2] http://gazebosim.org
[gzserver-2] 
[apriltag_state_bridge-10] [INFO] [1773071570.449633877] [apriltag_state_bridge]: AprilTag bridge started: /drone/bottom/tags -> /landing_tag_state, use_target_id=True, target_id=0
[joint_state_publisher-4] [INFO] [1773071570.474581720] [drone.joint_state_publisher]: Waiting for robot_description to be published on the robot_description topic...
[gzserver-2] [1;33m[Wrn] [gazebo_ros_init.cpp:178] [0m[1;33m
[gzserver-2] #     # ####### ####### ###  #####  #######
[gzserver-2] ##    # #     #    #     #  #     # #
[gzserver-2] # #   # #     #    #     #  #       #
[gzserver-2] #  #  # #     #    #     #  #       #####
[gzserver-2] #   # # #     #    #     #  #       #
[gzserver-2] #    ## #     #    #     #  #     # #
[gzserver-2] #     # #######    #    ###  #####  #######
[gzserver-2] 
[gzserver-2] This version of Gazebo, now called Gazebo classic, reaches end-of-life
[gzserver-2] in January 2025. Users are highly encouraged to migrate to the new Gazebo
[gzserver-2] using our migration guides (https://gazebosim.org/docs/latest/gazebo_classic_migration?utm_source=gazebo_ros_pkgs&utm_medium=cli)
[gzserver-2] 
[gzserver-2] [0m[1;33m
[rviz2-1] [INFO] [1773071570.922368193] [rviz2]: Stereo is NOT SUPPORTED
[rviz2-1] [INFO] [1773071570.922467121] [rviz2]: OpenGl version: 4.6 (GLSL 4.6)
[rviz2-1] [INFO] [1773071571.007161520] [rviz2]: Stereo is NOT SUPPORTED
[rviz2-1] [INFO] [1773071571.103066552] [rviz2]: Stereo is NOT SUPPORTED
[spawn_drone-5] [INFO] [1773071571.586047920] [spawn_drone]: Result False Entity pushed to spawn queue, but spawn service timed outwaiting for entity to appear in simulation under the name [/drone]
[gzserver-2] [1;32m[Msg] [0m[1;32mWaiting for master.[0m[1;32m
[gzserver-2] [0m[1;32m[0m[1;32m[0m[1;32m[Msg] [0m[1;32mConnected to gazebo master @ [0m[1;32mhttp://127.0.0.1:11345[0m[1;32m
[gzserver-2] [0m[1;32m[0m[1;32m[0m[1;32m[Msg] [0m[1;32mPublicized address: [0m[1;32m192.168.0.11[0m[1;32m
[gzserver-2] [0m[1;32m[0m[1;32m[0m[1;32m[Msg] [0m[1;32mLoading world file [[0m[1;32m/home/j/INCSL/IICC26_ws/install/sjtu_drone_description/share/sjtu_drone_description/worlds/landingPad.world[0m[1;32m][0m[1;32m
[gzserver-2] [0m[1;32m[0m[1;32m[0m[1;36m[Dbg] [wind_plugin.cpp:96] [0m[1;36mWindPlugin loaded: speed=[0m[1;36m0[0m[1;36m dir=[0m[1;36m0[0m[1;36m deg area=[0m[1;36m0.1[0m[1;36m coeff=[0m[1;36m1[0m[1;36m
[gzserver-2] [0m[1;33m[0m[1;33m[0m[1;31m[Err] [Sensor.cc:510] [0m[1;31mGet noise index not valid[0m[1;31m
[gzserver-2] [0m[1;31m[0m[1;31m[0m[1;31m[Err] [Sensor.cc:510] [0m[1;31mGet noise index not valid[0m[1;31m
[gzserver-2] [0m[1;31m[0m[1;31m[0m[1;31m[Err] [Sensor.cc:510] [0m[1;31mGet noise index not valid[0m[1;31m
[gzserver-2] [0m[1;31m[0m[1;31m[0m[1;31m[Err] [Sensor.cc:510] [0m[1;31mGet noise index not valid[0m[1;31m
[gzserver-2] [0m[1;31m[0m[1;31m[0m[1;31m[Err] [Sensor.cc:510] [0m[1;31mGet noise index not valid[0m[1;31m
[gzserver-2] [0m[1;31m[0m[1;31m[0m[1;31m[Err] [Sensor.cc:510] [0m[1;31mGet noise index not valid[0m[1;31m
[gzserver-2] [0m[1;31m[0m[1;31m[0mTopic [default//drone/base_footprint/down_camera/image] is not valid.
[gzserver-2] [INFO] [1773071571.617943955] [drone.collision_plugin]: Publishing contact states to [/drone/bumper_states]
[gzserver-2] Topic [default//drone/base_footprint/front_camera/image] is not valid.
[gzserver-2] [1;33m[Wrn] [Event.cc:61] [0m[1;33mWarning: Deleting a connection right after creation. [0m[1;33mMake sure to save the ConnectionPtr from a Connect call
[INFO] [spawn_drone-5]: process has finished cleanly [pid 641181]
[gzserver-2] [0m[INFO] [1773071572.193864442] [drone.camera_bottom]: Publishing camera info to [/drone/bottom/camera_info]
[gzserver-2] [INFO] [1773071572.198340347] [drone.camera_front]: Publishing camera info to [/drone/front/camera_info]
[gzserver-2] [INFO] [1773071572.320400714] [drone.simple_drone]: The drone plugin is loading!
[gzserver-2] [INFO] [1773071572.320605737] [drone.simple_drone]: pub_odom: 1
[gzserver-2] [INFO] [1773071572.320638553] [drone.simple_drone]: Using following parameters: 
[gzserver-2] 		link_name: base_footprint,
[gzserver-2] 		max_force: 30,
[gzserver-2] 		motion_small_noise: 0,
[gzserver-2] 		motion_drift_noise: 0,
[gzserver-2] 		motion_drift_noise_time: 50,
[gzserver-2] 		takeoff_hover_height: 2.5,
[gzserver-2] 		takeoff_vertical_speed: 0.2
[gzserver-2] [INFO] [1773071572.332557851] [drone.simple_drone]: Using the PID parameters: 
[gzserver-2] 	Roll Pitch:
[gzserver-2] 		kP: 10, kI: 0,kD: 5, Limit: 0.5, Time Constant: 0
[gzserver-2] 	Yaw:
[gzserver-2] 		kP: 2, kI: 0,kD: 1, Limit: 1.5, Time Constant: 0
[gzserver-2] 	Velocity X:
[gzserver-2] 		kP: 5, kI: 0,kD: 2.3, Limit: 2, Time Constant: 0
[gzserver-2] 	Velocity Y:
[gzserver-2] 		kP: 5, kI: 0,kD: 2.3, Limit: 2, Time Constant: 0
[gzserver-2] 	Velocity Z:
[gzserver-2] 		kP: 5, kI: 0,kD: 1, Limit: -1, Time Constant: 0
[gzserver-2] 	Position XY:
[gzserver-2] 		kP: 1.1, kI: 0,kD: 0, Limit: 5, Time Constant: 0
[gzserver-2] 	Position Z:
[gzserver-2] 		kP: 1, kI: 0,kD: 0.2, Limit: -1, Time Constant: 0
[gzserver-2] [INFO] [1773071572.332694599] [drone.simple_drone]: The drone plugin finished loading!
[gzserver-2] [INFO] [1773071579.504987028] [gazebo_wind_plugin_node]: WindPlugin: set wind_speed=0.00 wind_direction=0.0
[gzserver-2] [INFO] [1773071579.774531444] [gazebo_wind_plugin_node]: WindPlugin: set wind_speed=0.00 wind_direction=0.0
[gzserver-2] [INFO] [1773071579.812753659] [drone.simple_drone]: Quadrotor takes off!!
[gzserver-2] [INFO] [1773071580.013684984] [gazebo_wind_plugin_node]: WindPlugin: set wind_speed=0.00 wind_direction=0.0
[gzserver-2] [INFO] [1773071580.252136253] [gazebo_wind_plugin_node]: WindPlugin: set wind_speed=0.00 wind_direction=0.0
[gzserver-2] [INFO] [1773071580.494092989] [gazebo_wind_plugin_node]: WindPlugin: set wind_speed=0.00 wind_direction=0.0
[gzserver-2] [INFO] [1773071580.736062510] [gazebo_wind_plugin_node]: WindPlugin: set wind_speed=0.00 wind_direction=0.0
[gzserver-2] [INFO] [1773071580.975362408] [gazebo_wind_plugin_node]: WindPlugin: set wind_speed=0.00 wind_direction=0.0
[gzserver-2] [INFO] [1773071581.214412078] [gazebo_wind_plugin_node]: WindPlugin: set wind_speed=0.00 wind_direction=0.0
[gzserver-2] [INFO] [1773071581.448661412] [gazebo_wind_plugin_node]: WindPlugin: set wind_speed=0.00 wind_direction=0.0
[gzserver-2] [INFO] [1773071581.682160296] [gazebo_wind_plugin_node]: WindPlugin: set wind_speed=0.00 wind_direction=0.0
[gzserver-2] [0m[1;36m[Dbg] [wind_plugin.cpp:110] [0m[1;36mWindPlugin: received command -> speed=[0m[1;36m0[0m[1;36m dir=[0m[1;36m0[0m[1;36m
[gzserver-2] [0m[1;36m[Dbg] [wind_plugin.cpp:110] [0m[1;36mWindPlugin: received command -> speed=[0m[1;36m0[0m[1;36m dir=[0m[1;36m0[0m[1;36m
[gzserver-2] [0m[1;36m[Dbg] [wind_plugin.cpp:110] [0m[1;36mWindPlugin: received command -> speed=[0m[1;36m0[0m[1;36m dir=[0m[1;36m0[0m[1;36m
[gzserver-2] [0m[1;36m[Dbg] [wind_plugin.cpp:110] [0m[1;36mWindPlugin: received command -> speed=[0m[1;36m0[0m[1;36m dir=[0m[1;36m0[0m[1;36m
[gzserver-2] [0m[1;36m[Dbg] [wind_plugin.cpp:110] [0m[1;36mWindPlugin: received command -> speed=[0m[1;36m0[0m[1;36m dir=[0m[1;36m0[0m[1;36m
[gzserver-2] [0m[1;36m[Dbg] [wind_plugin.cpp:110] [0m[1;36mWindPlugin: received command -> speed=[0m[1;36m0[0m[1;36m dir=[0m[1;36m0[0m[1;36m
[gzserver-2] [0m[1;36m[Dbg] [wind_plugin.cpp:110] [0m[1;36mWindPlugin: received command -> speed=[0m[1;36m0[0m[1;36m dir=[0m[1;36m0[0m[1;36m
[gzserver-2] [0m[1;36m[Dbg] [wind_plugin.cpp:110] [0m[1;36mWindPlugin: received command -> speed=[0m[1;36m0[0m[1;36m dir=[0m[1;36m0[0m[1;36m
[gzserver-2] [0m[1;36m[Dbg] [wind_plugin.cpp:110] [0m[1;36mWindPlugin: received command -> speed=[0m[1;36m0[0m[1;36m dir=[0m[1;36m0[0m[1;36m
[gzserver-2] [0m[1;36m[Dbg] [wind_plugin.cpp:110] [0m[1;36mWindPlugin: received command -> speed=[0m[1;36m0[0m[1;36m dir=[0m[1;36m0[0m[1;36m
[gzserver-2] [0mEntering flying model!
[gzserver-2] [INFO] [1773071581.916183997] [gazebo_wind_plugin_node]: WindPlugin: set wind_speed=0.00 wind_direction=0.0
[gzserver-2] [INFO] [1773071582.155455348] [gazebo_wind_plugin_node]: WindPlugin: set wind_speed=0.30 wind_direction=-69.2
[gzserver-2] [INFO] [1773071582.383945631] [gazebo_wind_plugin_node]: WindPlugin: set wind_speed=0.30 wind_direction=-69.2
[gzserver-2] [INFO] [1773071582.622883941] [gazebo_wind_plugin_node]: WindPlugin: set wind_speed=0.30 wind_direction=-69.2
[gzserver-2] [INFO] [1773071582.852080525] [gazebo_wind_plugin_node]: WindPlugin: set wind_speed=0.30 wind_direction=-69.2
[gzserver-2] [INFO] [1773071583.087026326] [gazebo_wind_plugin_node]: WindPlugin: set wind_speed=0.47 wind_direction=-66.1
[gzserver-2] [INFO] [1773071583.320678314] [gazebo_wind_plugin_node]: WindPlugin: set wind_speed=0.47 wind_direction=-66.1
[gzserver-2] [INFO] [1773071583.559721863] [gazebo_wind_plugin_node]: WindPlugin: set wind_speed=0.47 wind_direction=-66.1
[gzserver-2] [INFO] [1773071583.789492573] [gazebo_wind_plugin_node]: WindPlugin: set wind_speed=0.47 wind_direction=-66.1
[gzserver-2] [INFO] [1773071584.028601279] [gazebo_wind_plugin_node]: WindPlugin: set wind_speed=0.40 wind_direction=-68.5
[gzserver-2] [INFO] [1773071584.265446919] [gazebo_wind_plugin_node]: WindPlugin: set wind_speed=0.40 wind_direction=-68.5
[gzserver-2] [INFO] [1773071584.504678012] [gazebo_wind_plugin_node]: WindPlugin: set wind_speed=0.40 wind_direction=-68.5
[gzserver-2] [INFO] [1773071584.744064897] [gazebo_wind_plugin_node]: WindPlugin: set wind_speed=0.40 wind_direction=-68.5
[gzserver-2] [INFO] [1773071584.984300120] [gazebo_wind_plugin_node]: WindPlugin: set wind_speed=0.40 wind_direction=-68.5
[gzserver-2] [INFO] [1773071585.223352776] [gazebo_wind_plugin_node]: WindPlugin: set wind_speed=0.49 wind_direction=-69.0
[gzserver-2] [INFO] [1773071585.457316510] [gazebo_wind_plugin_node]: WindPlugin: set wind_speed=0.49 wind_direction=-69.0
[gzserver-2] [INFO] [1773071585.692574427] [gazebo_wind_plugin_node]: WindPlugin: set wind_speed=0.49 wind_direction=-69.0
[gzserver-2] [INFO] [1773071585.928366343] [gazebo_wind_plugin_node]: WindPlugin: set wind_speed=0.49 wind_direction=-69.0
[gzserver-2] [INFO] [1773071586.162892112] [gazebo_wind_plugin_node]: WindPlugin: set wind_speed=0.46 wind_direction=-71.2
[gzserver-2] [INFO] [1773071586.391920746] [gazebo_wind_plugin_node]: WindPlugin: set wind_speed=0.46 wind_direction=-71.2
[gzserver-2] [INFO] [1773071586.626505245] [gazebo_wind_plugin_node]: WindPlugin: set wind_speed=0.46 wind_direction=-71.2
[gzserver-2] [INFO] [1773071586.860398587] [gazebo_wind_plugin_node]: WindPlugin: set wind_speed=0.46 wind_direction=-71.2
[gzserver-2] [INFO] [1773071587.089405849] [gazebo_wind_plugin_node]: WindPlugin: set wind_speed=0.25 wind_direction=-69.4
[gzserver-2] [INFO] [1773071587.328261065] [gazebo_wind_plugin_node]: WindPlugin: set wind_speed=0.25 wind_direction=-69.4
[gzserver-2] [INFO] [1773071587.569157418] [gazebo_wind_plugin_node]: WindPlugin: set wind_speed=0.25 wind_direction=-69.4
[gzserver-2] [INFO] [1773071587.606384286] [drone.simple_drone]: Quadrotor lands!!
[gzserver-2] [INFO] [1773071587.808147844] [gazebo_wind_plugin_node]: WindPlugin: set wind_speed=0.25 wind_direction=-69.4
[gzserver-2] [INFO] [1773071588.049242381] [gazebo_wind_plugin_node]: WindPlugin: set wind_speed=0.53 wind_direction=-69.4
[gzserver-2] [1;36m[Dbg] [wind_plugin.cpp:110] [0m[1;36mWindPlugin: received command -> speed=[0m[1;36m0[0m[1;36m dir=[0m[1;36m0[0m[1;36m
[gzserver-2] [0m[1;36m[Dbg] [wind_plugin.cpp:110] [0m[1;36mWindPlugin: received command -> speed=[0m[1;36m0.302265[0m[1;36m dir=[0m[1;36m-69.1912[0m[1;36m
[gzserver-2] [0m[1;36m[Dbg] [wind_plugin.cpp:110] [0m[1;36mWindPlugin: received command -> speed=[0m[1;36m0.302265[0m[1;36m dir=[0m[1;36m-69.1912[0m[1;36m
[gzserver-2] [0m[1;36m[Dbg] [wind_plugin.cpp:110] [0m[1;36mWindPlugin: received command -> speed=[0m[1;36m0.302265[0m[1;36m dir=[0m[1;36m-69.1912[0m[1;36m
[gzserver-2] [0m[1;36m[Dbg] [wind_plugin.cpp:110] [0m[1;36mWindPlugin: received command -> speed=[0m[1;36m0.302265[0m[1;36m dir=[0m[1;36m-69.1912[0m[1;36m
[gzserver-2] [0m[1;36m[Dbg] [wind_plugin.cpp:110] [0m[1;36mWindPlugin: received command -> speed=[0m[1;36m0.468425[0m[1;36m dir=[0m[1;36m-66.0947[0m[1;36m
[gzserver-2] [0m[1;36m[Dbg] [wind_plugin.cpp:110] [0m[1;36mWindPlugin: received command -> speed=[0m[1;36m0.468425[0m[1;36m dir=[0m[1;36m-66.0947[0m[1;36m
[gzserver-2] [0m[1;36m[Dbg] [wind_plugin.cpp:110] [0m[1;36mWindPlugin: received command -> speed=[0m[1;36m0.468425[0m[1;36m dir=[0m[1;36m-66.0947[0m[1;36m
[gzserver-2] [0m[1;36m[Dbg] [wind_plugin.cpp:110] [0m[1;36mWindPlugin: received command -> speed=[0m[1;36m0.468425[0m[1;36m dir=[0m[1;36m-66.0947[0m[1;36m
[gzserver-2] [0m[1;36m[Dbg] [wind_plugin.cpp:110] [0m[1;36mWindPlugin: received command -> speed=[0m[1;36m0.404907[0m[1;36m dir=[0m[1;36m-68.5239[0m[1;36m
[gzserver-2] [0m[1;36m[Dbg] [wind_plugin.cpp:110] [0m[1;36mWindPlugin: received command -> speed=[0m[1;36m0.404907[0m[1;36m dir=[0m[1;36m-68.5239[0m[1;36m
[gzserver-2] [0m[1;36m[Dbg] [wind_plugin.cpp:110] [0m[1;36mWindPlugin: received command -> speed=[0m[1;36m0.404907[0m[1;36m dir=[0m[1;36m-68.5239[0m[1;36m
[gzserver-2] [0m[1;36m[Dbg] [wind_plugin.cpp:110] [0m[1;36mWindPlugin: received command -> speed=[0m[1;36m0.404907[0m[1;36m dir=[0m[1;36m-68.5239[0m[1;36m
[gzserver-2] [0m[1;36m[Dbg] [wind_plugin.cpp:110] [0m[1;36mWindPlugin: received command -> speed=[0m[1;36m0.404907[0m[1;36m dir=[0m[1;36m-68.5239[0m[1;36m
[gzserver-2] [0m[1;36m[Dbg] [wind_plugin.cpp:110] [0m[1;36mWindPlugin: received command -> speed=[0m[1;36m0.486477[0m[1;36m dir=[0m[1;36m-69.0103[0m[1;36m
[gzserver-2] [0m[1;36m[Dbg] [wind_plugin.cpp:110] [0m[1;36mWindPlugin: received command -> speed=[0m[1;36m0.486477[0m[1;36m dir=[0m[1;36m-69.0103[0m[1;36m
[gzserver-2] [0m[1;36m[Dbg] [wind_plugin.cpp:110] [0m[1;36mWindPlugin: received command -> speed=[0m[1;36m0.486477[0m[1;36m dir=[0m[1;36m-69.0103[0m[1;36m
[gzserver-2] [0m[1;36m[Dbg] [wind_plugin.cpp:110] [0m[1;36mWindPlugin: received command -> speed=[0m[1;36m0.486477[0m[1;36m dir=[0m[1;36m-69.0103[0m[1;36m
[gzserver-2] [0m[1;36m[Dbg] [wind_plugin.cpp:110] [0m[1;36mWindPlugin: received command -> speed=[0m[1;36m0.458486[0m[1;36m dir=[0m[1;36m-71.2141[0m[1;36m
[gzserver-2] [0m[1;36m[Dbg] [wind_plugin.cpp:110] [0m[1;36mWindPlugin: received command -> speed=[0m[1;36m0.458486[0m[1;36m dir=[0m[1;36m-71.2141[0m[1;36m
[gzserver-2] [0m[1;36m[Dbg] [wind_plugin.cpp:110] [0m[1;36mWindPlugin: received command -> speed=[0m[1;36m0.458486[0m[1;36m dir=[0m[1;36m-71.2141[0m[1;36m
[gzserver-2] [0m[1;36m[Dbg] [wind_plugin.cpp:110] [0m[1;36mWindPlugin: received command -> speed=[0m[1;36m0.458486[0m[1;36m dir=[0m[1;36m-71.2141[0m[1;36m
[gzserver-2] [0m[1;36m[Dbg] [wind_plugin.cpp:110] [0m[1;36mWindPlugin: received command -> speed=[0m[1;36m0.246998[0m[1;36m dir=[0m[1;36m-69.412[0m[1;36m
[gzserver-2] [0m[1;36m[Dbg] [wind_plugin.cpp:110] [0m[1;36mWindPlugin: received command -> speed=[0m[1;36m0.246998[0m[1;36m dir=[0m[1;36m-69.412[0m[1;36m
[gzserver-2] [0m[1;36m[Dbg] [wind_plugin.cpp:110] [0m[1;36mWindPlugin: received command -> speed=[0m[1;36m0.246998[0m[1;36m dir=[0m[1;36m-69.412[0m[1;36m
[gzserver-2] [0m[1;36m[Dbg] [wind_plugin.cpp:110] [0m[1;36mWindPlugin: received command -> speed=[0m[1;36m0.246998[0m[1;36m dir=[0m[1;36m-69.412[0m[1;36m
[gzserver-2] [INFO] [1773071588.289713830] [gazebo_wind_plugin_node]: WindPlugin: set wind_speed=0.53 wind_direction=-69.4
[gzserver-2] [INFO] [1773071588.528208004] [gazebo_wind_plugin_node]: WindPlugin: set wind_speed=0.53 wind_direction=-69.4
[gzserver-2] [0m[1;36m[Dbg] [wind_plugin.cpp:110] [0m[1;36mWindPlugin: received command -> speed=[0m[1;36m0.52567[0m[1;36m dir=[0m[1;36m-69.4151[0m[1;36m
[gzserver-2] [0m[1;36m[Dbg] [wind_plugin.cpp:110] [0m[1;36mWindPlugin: received command -> speed=[0m[1;36m0.52567[0m[1;36m dir=[0m[1;36m-69.4151[0m[1;36m
[gzserver-2] [0m[1;36m[Dbg] [wind_plugin.cpp:110] [0m[1;36mWindPlugin: received command -> speed=[0m[1;36m0.52567[0m[1;36m dir=[0m[1;36m-69.4151[0m[1;36m
[gzserver-2] [0mLanded!
[gzserver-2] [INFO] [1773071588.767564554] [gazebo_wind_plugin_node]: WindPlugin: set wind_speed=0.53 wind_direction=-69.4
[gzserver-2] [INFO] [1773071589.007091945] [gazebo_wind_plugin_node]: WindPlugin: set wind_speed=0.26 wind_direction=-67.4
[gzserver-2] [INFO] [1773071589.246476497] [gazebo_wind_plugin_node]: WindPlugin: set wind_speed=0.26 wind_direction=-67.4
[gzserver-2] [INFO] [1773071589.485670486] [gazebo_wind_plugin_node]: WindPlugin: set wind_speed=0.26 wind_direction=-67.4
[gzserver-2] [INFO] [1773071589.725130246] [gazebo_wind_plugin_node]: WindPlugin: set wind_speed=0.26 wind_direction=-67.4
[gzserver-2] [INFO] [1773071589.959048289] [gazebo_wind_plugin_node]: WindPlugin: set wind_speed=0.26 wind_direction=-67.4
[gzserver-2] [INFO] [1773071590.198049578] [gazebo_wind_plugin_node]: WindPlugin: set wind_speed=0.51 wind_direction=-68.8
[gzserver-2] [INFO] [1773071590.438457223] [gazebo_wind_plugin_node]: WindPlugin: set wind_speed=0.51 wind_direction=-68.8
