[INFO] [launch]: All log files can be found below /home/j/.ros/log/2026-03-10-13-02-06-903434-j-1505977
[INFO] [launch]: Default logging verbosity is set to INFO
[INFO] [launch.user]: [bringup] Apriltag config: camera=/drone/bottom, image=/drone/bottom/image_raw, tags=/drone/bottom/tags, bridge=/landing_tag_state, standalone=true, use_target_id=true, target_id=0
[INFO] [rviz2-1]: process started with pid [1505982]
[INFO] [gzserver-2]: process started with pid [1505984]
[INFO] [robot_state_publisher-3]: process started with pid [1505986]
[INFO] [joint_state_publisher-4]: process started with pid [1505988]
[INFO] [spawn_drone-5]: process started with pid [1505990]
[INFO] [static_transform_publisher-6]: process started with pid [1505992]
[INFO] [joy_node-7]: process started with pid [1505994]
[INFO] [teleop_joystick-8]: process started with pid [1505996]
[INFO] [apriltag_detector_node-9]: process started with pid [1505998]
[INFO] [apriltag_state_bridge-10]: process started with pid [1506000]
[static_transform_publisher-6] [WARN] [1773115327.380314833] []: Old-style arguments are deprecated; see --help for new-style arguments
[static_transform_publisher-6] [INFO] [1773115327.386207336] [static_transform_publisher_GyfoPcKo0Ub4v5Fm]: Spinning until stopped - publishing transform
[static_transform_publisher-6] translation: ('0.000000', '0.000000', '0.000000')
[static_transform_publisher-6] rotation: ('0.000000', '0.000000', '0.000000', '1.000000')
[static_transform_publisher-6] from 'world' to '/drone/odom'
[robot_state_publisher-3] [INFO] [1773115327.401798004] [drone.robot_state_publisher]: got segment base_footprint
[robot_state_publisher-3] [INFO] [1773115327.401866962] [drone.robot_state_publisher]: got segment base_link
[robot_state_publisher-3] [INFO] [1773115327.401872914] [drone.robot_state_publisher]: got segment bottom_cam_link
[robot_state_publisher-3] [INFO] [1773115327.401876287] [drone.robot_state_publisher]: got segment front_cam_link
[robot_state_publisher-3] [INFO] [1773115327.401879187] [drone.robot_state_publisher]: got segment sonar_link
[rviz2-1] 
[rviz2-1] (rviz2:1505982): dbind-WARNING **: 13:02:07.416: Couldn't connect to accessibility bus: Failed to connect to socket /root/.cache/at-spi/bus_0: 허가 거부
[teleop_joystick-8] Traceback (most recent call last):
[teleop_joystick-8]   File "/home/j/INCSL/IICC26_ws/install/sjtu_drone_control/lib/sjtu_drone_control/teleop_joystick", line 33, in <module>
[teleop_joystick-8]     sys.exit(load_entry_point('sjtu_drone_control==0.0.0', 'console_scripts', 'teleop_joystick')())
[teleop_joystick-8]   File "/home/j/INCSL/IICC26_ws/install/sjtu_drone_control/lib/sjtu_drone_control/teleop_joystick", line 22, in importlib_load_entry_point
[teleop_joystick-8]     for entry_point in distribution(dist_name).entry_points
[teleop_joystick-8]   File "/usr/lib/python3.10/importlib/metadata/__init__.py", line 969, in distribution
[teleop_joystick-8]     return Distribution.from_name(distribution_name)
[teleop_joystick-8]   File "/usr/lib/python3.10/importlib/metadata/__init__.py", line 548, in from_name
[teleop_joystick-8]     raise PackageNotFoundError(name)
[teleop_joystick-8] importlib.metadata.PackageNotFoundError: No package metadata was found for sjtu_drone_control
[apriltag_detector_node-9] [INFO] [1773115327.434271738] [apriltag_detector_node]: tag detector type: umich
[ERROR] [teleop_joystick-8]: process has died [pid 1505996, exit code 1, cmd '/home/j/INCSL/IICC26_ws/install/sjtu_drone_control/lib/sjtu_drone_control/teleop_joystick --ros-args -r __ns:=/drone'].
[gzserver-2] Gazebo multi-robot simulator, version 11.10.2
[gzserver-2] Copyright (C) 2012 Open Source Robotics Foundation.
[gzserver-2] Released under the Apache 2 License.
[gzserver-2] http://gazebosim.org
[gzserver-2] 
[joint_state_publisher-4] [INFO] [1773115327.652436147] [drone.joint_state_publisher]: Waiting for robot_description to be published on the robot_description topic...
[apriltag_state_bridge-10] [INFO] [1773115327.657759190] [apriltag_state_bridge]: AprilTag bridge started: /drone/bottom/tags -> /landing_tag_state, use_target_id=True, target_id=0
[gzserver-2] [1;33m[Wrn] [gazebo_ros_init.cpp:178] [0m[1;33m
[gzserver-2] #     # ####### ####### ###  #####  #######
[gzserver-2] ##    # #     #    #     #  #     # #
[gzserver-2] # #   # #     #    #     #  #       #
[gzserver-2] #  #  # #     #    #     #  #       #####
[gzserver-2] #   # # #     #    #     #  #       #
[gzserver-2] #    ## #     #    #     #  #     # #
[gzserver-2] #     # #######    #    ###  #####  #######
[gzserver-2] 
[gzserver-2] This version of Gazebo, now called Gazebo classic, reaches end-of-life
[gzserver-2] in January 2025. Users are highly encouraged to migrate to the new Gazebo
[gzserver-2] using our migration guides (https://gazebosim.org/docs/latest/gazebo_classic_migration?utm_source=gazebo_ros_pkgs&utm_medium=cli)
[gzserver-2] 
[gzserver-2] [0m[1;33m
[rviz2-1] [INFO] [1773115328.169365833] [rviz2]: Stereo is NOT SUPPORTED
[rviz2-1] [INFO] [1773115328.169461816] [rviz2]: OpenGl version: 4.6 (GLSL 4.6)
[rviz2-1] [INFO] [1773115328.204543306] [rviz2]: Stereo is NOT SUPPORTED
[rviz2-1] [INFO] [1773115328.308934120] [rviz2]: Stereo is NOT SUPPORTED
[gzserver-2] [1;32m[Msg] [0m[1;32mWaiting for master.[0m[1;32m
[gzserver-2] [0m[1;32m[0m[1;32m[0m[1;32m[Msg] [0m[1;32mConnected to gazebo master @ [0m[1;32mhttp://127.0.0.1:11345[0m[1;32m
[gzserver-2] [0m[1;32m[0m[1;32m[0m[1;32m[Msg] [0m[1;32mPublicized address: [0m[1;32m172.16.52.147[0m[1;32m
[gzserver-2] [0m[1;32m[0m[1;32m[0m[1;32m[Msg] [0m[1;32mLoading world file [[0m[1;32m/home/j/INCSL/IICC26_ws/install/sjtu_drone_description/share/sjtu_drone_description/worlds/landingPad.world[0m[1;32m][0m[1;32m
[gzserver-2] [0m[1;32m[0m[1;32m[0m[1;36m[Dbg] [wind_plugin.cpp:96] [0m[1;36mWindPlugin loaded: speed=[0m[1;36m0[0m[1;36m dir=[0m[1;36m0[0m[1;36m deg area=[0m[1;36m0.1[0m[1;36m coeff=[0m[1;36m1[0m[1;36m
[gzserver-2] [0m[1;33m[0m[1;33m[0m[1;31m[Err] [Sensor.cc:510] [0m[1;31mGet noise index not valid[0m[1;31m
[gzserver-2] [0m[1;31m[0m[1;31m[0m[1;31m[Err] [Sensor.cc:510] [0m[1;31mGet noise index not valid[0m[1;31m
[gzserver-2] [0m[1;31m[0m[1;31m[0m[1;31m[Err] [Sensor.cc:510] [0m[1;31mGet noise index not valid[0m[1;31m
[gzserver-2] [0m[1;31m[0m[1;31m[0m[1;31m[Err] [Sensor.cc:510] [0m[1;31mGet noise index not valid[0m[1;31m
[gzserver-2] [0m[1;31m[0m[1;31m[0m[1;31m[Err] [Sensor.cc:510] [0m[1;31mGet noise index not valid[0m[1;31m
[gzserver-2] [0m[1;31m[0m[1;31m[0m[1;31m[Err] [Sensor.cc:510] [0m[1;31mGet noise index not valid[0m[1;31m
[gzserver-2] [0m[1;31m[0m[1;31m[0mTopic [default//drone/base_footprint/down_camera/image] is not valid.
[gzserver-2] [INFO] [1773115328.882630194] [drone.collision_plugin]: Publishing contact states to [/drone/bumper_states]
[gzserver-2] Topic [default//drone/base_footprint/front_camera/image] is not valid.
[gzserver-2] [1;33m[Wrn] [Event.cc:61] [0m[1;33mWarning: Deleting a connection right after creation. [0m[1;33mMake sure to save the ConnectionPtr from a Connect call
[gzserver-2] [0m[INFO] [1773115329.443707475] [drone.camera_bottom]: Publishing camera info to [/drone/bottom/camera_info]
[gzserver-2] [INFO] [1773115329.448073647] [drone.camera_front]: Publishing camera info to [/drone/front/camera_info]
[spawn_drone-5] [INFO] [1773115329.459173671] [spawn_drone]: Result True SpawnEntity: Successfully spawned entity [/drone]
[gzserver-2] [INFO] [1773115329.569622823] [drone.simple_drone]: The drone plugin is loading!
[gzserver-2] [INFO] [1773115329.569828964] [drone.simple_drone]: pub_odom: 1
[gzserver-2] [INFO] [1773115329.569865724] [drone.simple_drone]: Using following parameters: 
[gzserver-2] 		link_name: base_footprint,
[gzserver-2] 		max_force: 30,
[gzserver-2] 		motion_small_noise: 0,
[gzserver-2] 		motion_drift_noise: 0,
[gzserver-2] 		motion_drift_noise_time: 50,
[gzserver-2] 		takeoff_hover_height: 2.45,
[gzserver-2] 		takeoff_vertical_speed: 0.2
[gzserver-2] [INFO] [1773115329.581749967] [drone.simple_drone]: Using the PID parameters: 
[gzserver-2] 	Roll Pitch:
[gzserver-2] 		kP: 10, kI: 0,kD: 5, Limit: 0.5, Time Constant: 0
[gzserver-2] 	Yaw:
[gzserver-2] 		kP: 2, kI: 0,kD: 1, Limit: 1.5, Time Constant: 0
[gzserver-2] 	Velocity X:
[gzserver-2] 		kP: 5, kI: 0,kD: 2.3, Limit: 2, Time Constant: 0
[gzserver-2] 	Velocity Y:
[gzserver-2] 		kP: 5, kI: 0,kD: 2.3, Limit: 2, Time Constant: 0
[gzserver-2] 	Velocity Z:
[gzserver-2] 		kP: 5, kI: 0,kD: 1, Limit: -1, Time Constant: 0
[gzserver-2] 	Position XY:
[gzserver-2] 		kP: 1.1, kI: 0,kD: 0, Limit: 5, Time Constant: 0
[gzserver-2] 	Position Z:
[gzserver-2] 		kP: 1, kI: 0,kD: 0.2, Limit: -1, Time Constant: 0
[gzserver-2] [INFO] [1773115329.581879650] [drone.simple_drone]: The drone plugin finished loading!
[INFO] [spawn_drone-5]: process has finished cleanly [pid 1505990]
[gzserver-2] [INFO] [1773115336.727846569] [gazebo_wind_plugin_node]: WindPlugin: set wind_speed=0.00 wind_direction=0.0
[gzserver-2] [INFO] [1773115336.998428049] [gazebo_wind_plugin_node]: WindPlugin: set wind_speed=0.00 wind_direction=0.0
[gzserver-2] [INFO] [1773115337.036771875] [drone.simple_drone]: Quadrotor takes off!!
[gzserver-2] [INFO] [1773115337.238257491] [gazebo_wind_plugin_node]: WindPlugin: set wind_speed=0.00 wind_direction=0.0
[gzserver-2] [INFO] [1773115337.478548744] [gazebo_wind_plugin_node]: WindPlugin: set wind_speed=0.00 wind_direction=0.0
[gzserver-2] [INFO] [1773115337.708199928] [gazebo_wind_plugin_node]: WindPlugin: set wind_speed=0.00 wind_direction=0.0
[gzserver-2] [INFO] [1773115337.948084915] [gazebo_wind_plugin_node]: WindPlugin: set wind_speed=0.00 wind_direction=0.0
[gzserver-2] [INFO] [1773115338.187244076] [gazebo_wind_plugin_node]: WindPlugin: set wind_speed=0.00 wind_direction=0.0
[gzserver-2] [INFO] [1773115338.423334595] [gazebo_wind_plugin_node]: WindPlugin: set wind_speed=0.00 wind_direction=0.0
[gzserver-2] [INFO] [1773115338.663565816] [gazebo_wind_plugin_node]: WindPlugin: set wind_speed=0.00 wind_direction=0.0
[gzserver-2] [INFO] [1773115338.903470865] [gazebo_wind_plugin_node]: WindPlugin: set wind_speed=0.00 wind_direction=0.0
[gzserver-2] [0m[1;36m[Dbg] [wind_plugin.cpp:110] [0m[1;36mWindPlugin: received command -> speed=[0m[1;36m0[0m[1;36m dir=[0m[1;36m0[0m[1;36m
[gzserver-2] [0m[1;36m[Dbg] [wind_plugin.cpp:110] [0m[1;36mWindPlugin: received command -> speed=[0m[1;36m0[0m[1;36m dir=[0m[1;36m0[0m[1;36m
[gzserver-2] [0m[1;36m[Dbg] [wind_plugin.cpp:110] [0m[1;36mWindPlugin: received command -> speed=[0m[1;36m0[0m[1;36m dir=[0m[1;36m0[0m[1;36m
[gzserver-2] [0m[1;36m[Dbg] [wind_plugin.cpp:110] [0m[1;36mWindPlugin: received command -> speed=[0m[1;36m0[0m[1;36m dir=[0m[1;36m0[0m[1;36m
[gzserver-2] [0m[1;36m[Dbg] [wind_plugin.cpp:110] [0m[1;36mWindPlugin: received command -> speed=[0m[1;36m0[0m[1;36m dir=[0m[1;36m0[0m[1;36m
[gzserver-2] [0m[1;36m[Dbg] [wind_plugin.cpp:110] [0m[1;36mWindPlugin: received command -> speed=[0m[1;36m0[0m[1;36m dir=[0m[1;36m0[0m[1;36m
[gzserver-2] [0m[1;36m[Dbg] [wind_plugin.cpp:110] [0m[1;36mWindPlugin: received command -> speed=[0m[1;36m0[0m[1;36m dir=[0m[1;36m0[0m[1;36m
[gzserver-2] [0m[1;36m[Dbg] [wind_plugin.cpp:110] [0m[1;36mWindPlugin: received command -> speed=[0m[1;36m0[0m[1;36m dir=[0m[1;36m0[0m[1;36m
[gzserver-2] [0m[1;36m[Dbg] [wind_plugin.cpp:110] [0m[1;36mWindPlugin: received command -> speed=[0m[1;36m0[0m[1;36m dir=[0m[1;36m0[0m[1;36m
[gzserver-2] [0m[1;36m[Dbg] [wind_plugin.cpp:110] [0m[1;36mWindPlugin: received command -> speed=[0m[1;36m0[0m[1;36m dir=[0m[1;36m0[0m[1;36m
[gzserver-2] [0mEntering flying model!
[gzserver-2] [INFO] [1773115339.142522790] [gazebo_wind_plugin_node]: WindPlugin: set wind_speed=0.00 wind_direction=0.0
[gzserver-2] [INFO] [1773115339.384204094] [gazebo_wind_plugin_node]: WindPlugin: set wind_speed=1.15 wind_direction=-89.7
[gzserver-2] [INFO] [1773115339.623994852] [gazebo_wind_plugin_node]: WindPlugin: set wind_speed=1.15 wind_direction=-89.7
[gzserver-2] [INFO] [1773115339.863644058] [gazebo_wind_plugin_node]: WindPlugin: set wind_speed=1.15 wind_direction=-89.7
[gzserver-2] [INFO] [1773115340.103095399] [gazebo_wind_plugin_node]: WindPlugin: set wind_speed=1.15 wind_direction=-89.7
[gzserver-2] [INFO] [1773115340.336830309] [gazebo_wind_plugin_node]: WindPlugin: set wind_speed=1.18 wind_direction=-88.1
[gzserver-2] [INFO] [1773115340.576222232] [gazebo_wind_plugin_node]: WindPlugin: set wind_speed=1.18 wind_direction=-88.1
[gzserver-2] [INFO] [1773115340.812630676] [gazebo_wind_plugin_node]: WindPlugin: set wind_speed=1.18 wind_direction=-88.1
[gzserver-2] [INFO] [1773115341.051860205] [gazebo_wind_plugin_node]: WindPlugin: set wind_speed=1.18 wind_direction=-88.1
[gzserver-2] [INFO] [1773115341.290490619] [gazebo_wind_plugin_node]: WindPlugin: set wind_speed=1.35 wind_direction=-87.7
[gzserver-2] [INFO] [1773115341.526617170] [gazebo_wind_plugin_node]: WindPlugin: set wind_speed=1.35 wind_direction=-87.7
[gzserver-2] [INFO] [1773115341.760782948] [gazebo_wind_plugin_node]: WindPlugin: set wind_speed=1.35 wind_direction=-87.7
[gzserver-2] [INFO] [1773115342.000984932] [gazebo_wind_plugin_node]: WindPlugin: set wind_speed=1.35 wind_direction=-87.7
[gzserver-2] [INFO] [1773115342.240309450] [gazebo_wind_plugin_node]: WindPlugin: set wind_speed=1.14 wind_direction=-88.0
[gzserver-2] [INFO] [1773115342.480421315] [gazebo_wind_plugin_node]: WindPlugin: set wind_speed=1.14 wind_direction=-88.0
[gzserver-2] [INFO] [1773115342.714315450] [gazebo_wind_plugin_node]: WindPlugin: set wind_speed=1.14 wind_direction=-88.0
[gzserver-2] [INFO] [1773115342.948072817] [gazebo_wind_plugin_node]: WindPlugin: set wind_speed=1.14 wind_direction=-88.0
[gzserver-2] [INFO] [1773115343.187641934] [gazebo_wind_plugin_node]: WindPlugin: set wind_speed=1.14 wind_direction=-88.0
[gzserver-2] [INFO] [1773115343.427824372] [gazebo_wind_plugin_node]: WindPlugin: set wind_speed=1.17 wind_direction=-86.6
[gzserver-2] [INFO] [1773115343.667114929] [gazebo_wind_plugin_node]: WindPlugin: set wind_speed=1.17 wind_direction=-86.6
[gzserver-2] [INFO] [1773115343.906556863] [gazebo_wind_plugin_node]: WindPlugin: set wind_speed=1.17 wind_direction=-86.6
[gzserver-2] [INFO] [1773115344.145828868] [gazebo_wind_plugin_node]: WindPlugin: set wind_speed=1.17 wind_direction=-86.6
[gzserver-2] [INFO] [1773115344.385239237] [gazebo_wind_plugin_node]: WindPlugin: set wind_speed=1.30 wind_direction=-90.5
[gzserver-2] [INFO] [1773115344.624832758] [gazebo_wind_plugin_node]: WindPlugin: set wind_speed=1.30 wind_direction=-90.5
[gzserver-2] [INFO] [1773115344.864223518] [gazebo_wind_plugin_node]: WindPlugin: set wind_speed=1.30 wind_direction=-90.5
[gzserver-2] [INFO] [1773115344.896797091] [drone.simple_drone]: Quadrotor lands!!
[gzserver-2] [INFO] [1773115345.098265814] [gazebo_wind_plugin_node]: WindPlugin: set wind_speed=1.30 wind_direction=-90.5
[gzserver-2] [INFO] [1773115345.337664628] [gazebo_wind_plugin_node]: WindPlugin: set wind_speed=1.32 wind_direction=-88.6
[gzserver-2] [1;36m[Dbg] [wind_plugin.cpp:110] [0m[1;36mWindPlugin: received command -> speed=[0m[1;36m0[0m[1;36m dir=[0m[1;36m0[0m[1;36m
[gzserver-2] [0m[1;36m[Dbg] [wind_plugin.cpp:110] [0m[1;36mWindPlugin: received command -> speed=[0m[1;36m1.15251[0m[1;36m dir=[0m[1;36m-89.7214[0m[1;36m
[gzserver-2] [0m[1;36m[Dbg] [wind_plugin.cpp:110] [0m[1;36mWindPlugin: received command -> speed=[0m[1;36m1.15251[0m[1;36m dir=[0m[1;36m-89.7214[0m[1;36m
[gzserver-2] [0m[1;36m[Dbg] [wind_plugin.cpp:110] [0m[1;36mWindPlugin: received command -> speed=[0m[1;36m1.15251[0m[1;36m dir=[0m[1;36m-89.7214[0m[1;36m
[gzserver-2] [0m[1;36m[Dbg] [wind_plugin.cpp:110] [0m[1;36mWindPlugin: received command -> speed=[0m[1;36m1.15251[0m[1;36m dir=[0m[1;36m-89.7214[0m[1;36m
[gzserver-2] [0m[1;36m[Dbg] [wind_plugin.cpp:110] [0m[1;36mWindPlugin: received command -> speed=[0m[1;36m1.17589[0m[1;36m dir=[0m[1;36m-88.0852[0m[1;36m
[gzserver-2] [0m[1;36m[Dbg] [wind_plugin.cpp:110] [0m[1;36mWindPlugin: received command -> speed=[0m[1;36m1.17589[0m[1;36m dir=[0m[1;36m-88.0852[0m[1;36m
[gzserver-2] [0m[1;36m[Dbg] [wind_plugin.cpp:110] [0m[1;36mWindPlugin: received command -> speed=[0m[1;36m1.17589[0m[1;36m dir=[0m[1;36m-88.0852[0m[1;36m
[gzserver-2] [0m[1;36m[Dbg] [wind_plugin.cpp:110] [0m[1;36mWindPlugin: received command -> speed=[0m[1;36m1.17589[0m[1;36m dir=[0m[1;36m-88.0852[0m[1;36m
[gzserver-2] [0m[1;36m[Dbg] [wind_plugin.cpp:110] [0m[1;36mWindPlugin: received command -> speed=[0m[1;36m1.34836[0m[1;36m dir=[0m[1;36m-87.7305[0m[1;36m
[gzserver-2] [0m[1;36m[Dbg] [wind_plugin.cpp:110] [0m[1;36mWindPlugin: received command -> speed=[0m[1;36m1.34836[0m[1;36m dir=[0m[1;36m-87.7305[0m[1;36m
[gzserver-2] [0m[1;36m[Dbg] [wind_plugin.cpp:110] [0m[1;36mWindPlugin: received command -> speed=[0m[1;36m1.34836[0m[1;36m dir=[0m[1;36m-87.7305[0m[1;36m
[gzserver-2] [0m[1;36m[Dbg] [wind_plugin.cpp:110] [0m[1;36mWindPlugin: received command -> speed=[0m[1;36m1.34836[0m[1;36m dir=[0m[1;36m-87.7305[0m[1;36m
[gzserver-2] [0m[1;36m[Dbg] [wind_plugin.cpp:110] [0m[1;36mWindPlugin: received command -> speed=[0m[1;36m1.14334[0m[1;36m dir=[0m[1;36m-87.954[0m[1;36m
[gzserver-2] [0m[1;36m[Dbg] [wind_plugin.cpp:110] [0m[1;36mWindPlugin: received command -> speed=[0m[1;36m1.14334[0m[1;36m dir=[0m[1;36m-87.954[0m[1;36m
[gzserver-2] [0m[1;36m[Dbg] [wind_plugin.cpp:110] [0m[1;36mWindPlugin: received command -> speed=[0m[1;36m1.14334[0m[1;36m dir=[0m[1;36m-87.954[0m[1;36m
[gzserver-2] [0m[1;36m[Dbg] [wind_plugin.cpp:110] [0m[1;36mWindPlugin: received command -> speed=[0m[1;36m1.14334[0m[1;36m dir=[0m[1;36m-87.954[0m[1;36m
[gzserver-2] [0m[1;36m[Dbg] [wind_plugin.cpp:110] [0m[1;36mWindPlugin: received command -> speed=[0m[1;36m1.14334[0m[1;36m dir=[0m[1;36m-87.954[0m[1;36m
[gzserver-2] [0m[1;36m[Dbg] [wind_plugin.cpp:110] [0m[1;36mWindPlugin: received command -> speed=[0m[1;36m1.16603[0m[1;36m dir=[0m[1;36m-86.582[0m[1;36m
[gzserver-2] [0m[1;36m[Dbg] [wind_plugin.cpp:110] [0m[1;36mWindPlugin: received command -> speed=[0m[1;36m1.16603[0m[1;36m dir=[0m[1;36m-86.582[0m[1;36m
[gzserver-2] [0m[1;36m[Dbg] [wind_plugin.cpp:110] [0m[1;36mWindPlugin: received command -> speed=[0m[1;36m1.16603[0m[1;36m dir=[0m[1;36m-86.582[0m[1;36m
[gzserver-2] [0m[1;36m[Dbg] [wind_plugin.cpp:110] [0m[1;36mWindPlugin: received command -> speed=[0m[1;36m1.16603[0m[1;36m dir=[0m[1;36m-86.582[0m[1;36m
[gzserver-2] [0m[1;36m[Dbg] [wind_plugin.cpp:110] [0m[1;36mWindPlugin: received command -> speed=[0m[1;36m1.29672[0m[1;36m dir=[0m[1;36m-90.5003[0m[1;36m
[gzserver-2] [0m[1;36m[Dbg] [wind_plugin.cpp:110] [0m[1;36mWindPlugin: received command -> speed=[0m[1;36m1.29672[0m[1;36m dir=[0m[1;36m-90.5003[0m[1;36m
[gzserver-2] [0m[1;36m[Dbg] [wind_plugin.cpp:110] [0m[1;36mWindPlugin: received command -> speed=[0m[1;36m1.29672[0m[1;36m dir=[0m[1;36m-90.5003[0m[1;36m
[gzserver-2] [0m[1;36m[Dbg] [wind_plugin.cpp:110] [0m[1;36mWindPlugin: received command -> speed=[0m[1;36m1.29672[0m[1;36m dir=[0m[1;36m-90.5003[0m[1;36m
[gzserver-2] [INFO] [1773115345.577718120] [gazebo_wind_plugin_node]: WindPlugin: set wind_speed=1.32 wind_direction=-88.6
[gzserver-2] [INFO] [1773115345.816969771] [gazebo_wind_plugin_node]: WindPlugin: set wind_speed=1.32 wind_direction=-88.6
[gzserver-2] [0m[1;36m[Dbg] [wind_plugin.cpp:110] [0m[1;36mWindPlugin: received command -> speed=[0m[1;36m1.31985[0m[1;36m dir=[0m[1;36m-88.6105[0m[1;36m
[gzserver-2] [0m[1;36m[Dbg] [wind_plugin.cpp:110] [0m[1;36mWindPlugin: received command -> speed=[0m[1;36m1.31985[0m[1;36m dir=[0m[1;36m-88.6105[0m[1;36m
[gzserver-2] [0m[1;36m[Dbg] [wind_plugin.cpp:110] [0m[1;36mWindPlugin: received command -> speed=[0m[1;36m1.31985[0m[1;36m dir=[0m[1;36m-88.6105[0m[1;36m
[gzserver-2] [0mLanded!
[gzserver-2] [INFO] [1773115346.056508913] [gazebo_wind_plugin_node]: WindPlugin: set wind_speed=1.32 wind_direction=-88.6
[gzserver-2] [INFO] [1773115346.290694245] [gazebo_wind_plugin_node]: WindPlugin: set wind_speed=1.12 wind_direction=-89.1
[gzserver-2] [INFO] [1773115346.525149754] [gazebo_wind_plugin_node]: WindPlugin: set wind_speed=1.12 wind_direction=-89.1
[gzserver-2] [INFO] [1773115346.763927942] [gazebo_wind_plugin_node]: WindPlugin: set wind_speed=1.12 wind_direction=-89.1
[gzserver-2] [INFO] [1773115346.998023948] [gazebo_wind_plugin_node]: WindPlugin: set wind_speed=1.12 wind_direction=-89.1
[gzserver-2] [INFO] [1773115347.232381309] [gazebo_wind_plugin_node]: WindPlugin: set wind_speed=1.22 wind_direction=-87.9
[gzserver-2] [INFO] [1773115347.471239596] [gazebo_wind_plugin_node]: WindPlugin: set wind_speed=1.22 wind_direction=-87.9
[gzserver-2] [INFO] [1773115347.704998801] [gazebo_wind_plugin_node]: WindPlugin: set wind_speed=1.22 wind_direction=-87.9
