[INFO] [launch]: All log files can be found below /home/j/.ros/log/2026-03-11-01-20-04-257144-j-2748654
[INFO] [launch]: Default logging verbosity is set to INFO
[INFO] [launch.user]: [bringup] Apriltag config: camera=/drone/bottom, image=/drone/bottom/image_raw, tags=/drone/bottom/tags, bridge=/landing_tag_state, standalone=true, use_target_id=true, target_id=0
[INFO] [rviz2-1]: process started with pid [2748655]
[INFO] [gzserver-2]: process started with pid [2748657]
[INFO] [robot_state_publisher-3]: process started with pid [2748659]
[INFO] [joint_state_publisher-4]: process started with pid [2748661]
[INFO] [spawn_drone-5]: process started with pid [2748663]
[INFO] [static_transform_publisher-6]: process started with pid [2748665]
[INFO] [joy_node-7]: process started with pid [2748667]
[INFO] [teleop_joystick-8]: process started with pid [2748669]
[INFO] [apriltag_detector_node-9]: process started with pid [2748671]
[INFO] [apriltag_state_bridge-10]: process started with pid [2748673]
[static_transform_publisher-6] [WARN] [1773159604.732188508] []: Old-style arguments are deprecated; see --help for new-style arguments
[static_transform_publisher-6] [INFO] [1773159604.738209947] [static_transform_publisher_RbgllhNpwHApYTg9]: Spinning until stopped - publishing transform
[static_transform_publisher-6] translation: ('0.000000', '0.000000', '0.000000')
[static_transform_publisher-6] rotation: ('0.000000', '0.000000', '0.000000', '1.000000')
[static_transform_publisher-6] from 'world' to '/drone/odom'
[robot_state_publisher-3] [INFO] [1773159604.753586970] [drone.robot_state_publisher]: got segment base_footprint
[robot_state_publisher-3] [INFO] [1773159604.753648947] [drone.robot_state_publisher]: got segment base_link
[robot_state_publisher-3] [INFO] [1773159604.753654662] [drone.robot_state_publisher]: got segment bottom_cam_link
[robot_state_publisher-3] [INFO] [1773159604.753657944] [drone.robot_state_publisher]: got segment front_cam_link
[robot_state_publisher-3] [INFO] [1773159604.753660688] [drone.robot_state_publisher]: got segment sonar_link
[rviz2-1] 
[rviz2-1] (rviz2:2748655): dbind-WARNING **: 01:20:04.767: Couldn't connect to accessibility bus: Failed to connect to socket /root/.cache/at-spi/bus_0: 허가 거부
[apriltag_detector_node-9] [INFO] [1773159604.769329156] [apriltag_detector_node]: tag detector type: umich
[teleop_joystick-8] Traceback (most recent call last):
[teleop_joystick-8]   File "/home/j/INCSL/IICC26_ws/install/sjtu_drone_control/lib/sjtu_drone_control/teleop_joystick", line 33, in <module>
[teleop_joystick-8]     sys.exit(load_entry_point('sjtu_drone_control==0.0.0', 'console_scripts', 'teleop_joystick')())
[teleop_joystick-8]   File "/home/j/INCSL/IICC26_ws/install/sjtu_drone_control/lib/sjtu_drone_control/teleop_joystick", line 22, in importlib_load_entry_point
[teleop_joystick-8]     for entry_point in distribution(dist_name).entry_points
[teleop_joystick-8]   File "/usr/lib/python3.10/importlib/metadata/__init__.py", line 969, in distribution
[teleop_joystick-8]     return Distribution.from_name(distribution_name)
[teleop_joystick-8]   File "/usr/lib/python3.10/importlib/metadata/__init__.py", line 548, in from_name
[teleop_joystick-8]     raise PackageNotFoundError(name)
[teleop_joystick-8] importlib.metadata.PackageNotFoundError: No package metadata was found for sjtu_drone_control
[ERROR] [teleop_joystick-8]: process has died [pid 2748669, exit code 1, cmd '/home/j/INCSL/IICC26_ws/install/sjtu_drone_control/lib/sjtu_drone_control/teleop_joystick --ros-args -r __ns:=/drone'].
[gzserver-2] Gazebo multi-robot simulator, version 11.10.2
[gzserver-2] Copyright (C) 2012 Open Source Robotics Foundation.
[gzserver-2] Released under the Apache 2 License.
[gzserver-2] http://gazebosim.org
[gzserver-2] 
[joint_state_publisher-4] [INFO] [1773159604.990215690] [drone.joint_state_publisher]: Waiting for robot_description to be published on the robot_description topic...
[apriltag_state_bridge-10] [INFO] [1773159605.005132454] [apriltag_state_bridge]: AprilTag bridge started: /drone/bottom/tags -> /landing_tag_state, use_target_id=True, target_id=0
[gzserver-2] [1;33m[Wrn] [gazebo_ros_init.cpp:178] [0m[1;33m
[gzserver-2] #     # ####### ####### ###  #####  #######
[gzserver-2] ##    # #     #    #     #  #     # #
[gzserver-2] # #   # #     #    #     #  #       #
[gzserver-2] #  #  # #     #    #     #  #       #####
[gzserver-2] #   # # #     #    #     #  #       #
[gzserver-2] #    ## #     #    #     #  #     # #
[gzserver-2] #     # #######    #    ###  #####  #######
[gzserver-2] 
[gzserver-2] This version of Gazebo, now called Gazebo classic, reaches end-of-life
[gzserver-2] in January 2025. Users are highly encouraged to migrate to the new Gazebo
[gzserver-2] using our migration guides (https://gazebosim.org/docs/latest/gazebo_classic_migration?utm_source=gazebo_ros_pkgs&utm_medium=cli)
[gzserver-2] 
[gzserver-2] [0m[1;33m
[rviz2-1] [INFO] [1773159605.457219400] [rviz2]: Stereo is NOT SUPPORTED
[rviz2-1] [INFO] [1773159605.457300596] [rviz2]: OpenGl version: 4.6 (GLSL 4.6)
[rviz2-1] [INFO] [1773159605.514237469] [rviz2]: Stereo is NOT SUPPORTED
[rviz2-1] [INFO] [1773159605.622400840] [rviz2]: Stereo is NOT SUPPORTED
[spawn_drone-5] [INFO] [1773159606.124354047] [spawn_drone]: Result False Entity pushed to spawn queue, but spawn service timed outwaiting for entity to appear in simulation under the name [/drone]
[gzserver-2] [1;32m[Msg] [0m[1;32mWaiting for master.[0m[1;32m
[gzserver-2] [0m[1;32m[0m[1;32m[0m[1;32m[Msg] [0m[1;32mConnected to gazebo master @ [0m[1;32mhttp://127.0.0.1:11345[0m[1;32m
[gzserver-2] [0m[1;32m[0m[1;32m[0m[1;32m[Msg] [0m[1;32mPublicized address: [0m[1;32m192.168.0.11[0m[1;32m
[gzserver-2] [0m[1;32m[0m[1;32m[0m[1;32m[Msg] [0m[1;32mLoading world file [[0m[1;32m/home/j/INCSL/IICC26_ws/install/sjtu_drone_description/share/sjtu_drone_description/worlds/landingPad.world[0m[1;32m][0m[1;32m
[gzserver-2] [0m[1;32m[0m[1;32m[0m[1;36m[Dbg] [wind_plugin.cpp:96] [0m[1;36mWindPlugin loaded: speed=[0m[1;36m0[0m[1;36m dir=[0m[1;36m0[0m[1;36m deg area=[0m[1;36m0.1[0m[1;36m coeff=[0m[1;36m1[0m[1;36m
[gzserver-2] [0m[1;33m[0m[1;33m[0m[1;31m[Err] [Sensor.cc:510] [0m[1;31mGet noise index not valid[0m[1;31m
[gzserver-2] [0m[1;31m[0m[1;31m[0m[1;31m[Err] [Sensor.cc:510] [0m[1;31mGet noise index not valid[0m[1;31m
[gzserver-2] [0m[1;31m[0m[1;31m[0m[1;31m[Err] [Sensor.cc:510] [0m[1;31mGet noise index not valid[0m[1;31m
[gzserver-2] [0m[1;31m[0m[1;31m[0m[1;31m[Err] [Sensor.cc:510] [0m[1;31mGet noise index not valid[0m[1;31m
[gzserver-2] [0m[1;31m[0m[1;31m[0m[1;31m[Err] [Sensor.cc:510] [0m[1;31mGet noise index not valid[0m[1;31m
[gzserver-2] [0m[1;31m[0m[1;31m[0m[1;31m[Err] [Sensor.cc:510] [0m[1;31mGet noise index not valid[0m[1;31m
[gzserver-2] [0m[1;31m[0m[1;31m[0mTopic [default//drone/base_footprint/down_camera/image] is not valid.
[gzserver-2] [INFO] [1773159606.155884376] [drone.collision_plugin]: Publishing contact states to [/drone/bumper_states]
[gzserver-2] Topic [default//drone/base_footprint/front_camera/image] is not valid.
[gzserver-2] [1;33m[Wrn] [Event.cc:61] [0m[1;33mWarning: Deleting a connection right after creation. [0m[1;33mMake sure to save the ConnectionPtr from a Connect call
[INFO] [spawn_drone-5]: process has finished cleanly [pid 2748663]
[gzserver-2] [0m[INFO] [1773159606.737900372] [drone.camera_bottom]: Publishing camera info to [/drone/bottom/camera_info]
[gzserver-2] [INFO] [1773159606.740834214] [drone.camera_front]: Publishing camera info to [/drone/front/camera_info]
[gzserver-2] [INFO] [1773159606.863397262] [drone.simple_drone]: The drone plugin is loading!
[gzserver-2] [INFO] [1773159606.863593611] [drone.simple_drone]: pub_odom: 1
[gzserver-2] [INFO] [1773159606.863626357] [drone.simple_drone]: Using following parameters: 
[gzserver-2] 		link_name: base_footprint,
[gzserver-2] 		max_force: 30,
[gzserver-2] 		motion_small_noise: 0,
[gzserver-2] 		motion_drift_noise: 0,
[gzserver-2] 		motion_drift_noise_time: 50,
[gzserver-2] 		takeoff_hover_height: 1.97,
[gzserver-2] 		takeoff_vertical_speed: 0.2
[gzserver-2] [INFO] [1773159606.875163428] [drone.simple_drone]: Using the PID parameters: 
[gzserver-2] 	Roll Pitch:
[gzserver-2] 		kP: 10, kI: 0,kD: 5, Limit: 0.5, Time Constant: 0
[gzserver-2] 	Yaw:
[gzserver-2] 		kP: 2, kI: 0,kD: 1, Limit: 1.5, Time Constant: 0
[gzserver-2] 	Velocity X:
[gzserver-2] 		kP: 5, kI: 0,kD: 2.3, Limit: 2, Time Constant: 0
[gzserver-2] 	Velocity Y:
[gzserver-2] 		kP: 5, kI: 0,kD: 2.3, Limit: 2, Time Constant: 0
[gzserver-2] 	Velocity Z:
[gzserver-2] 		kP: 5, kI: 0,kD: 1, Limit: -1, Time Constant: 0
[gzserver-2] 	Position XY:
[gzserver-2] 		kP: 1.1, kI: 0,kD: 0, Limit: 5, Time Constant: 0
[gzserver-2] 	Position Z:
[gzserver-2] 		kP: 1, kI: 0,kD: 0.2, Limit: -1, Time Constant: 0
[gzserver-2] [INFO] [1773159606.875300175] [drone.simple_drone]: The drone plugin finished loading!
[gzserver-2] [INFO] [1773159614.078587879] [gazebo_wind_plugin_node]: WindPlugin: set wind_speed=0.00 wind_direction=0.0
[gzserver-2] [INFO] [1773159614.349525566] [gazebo_wind_plugin_node]: WindPlugin: set wind_speed=0.00 wind_direction=0.0
[gzserver-2] [INFO] [1773159614.388157937] [drone.simple_drone]: Quadrotor takes off!!
[gzserver-2] [INFO] [1773159614.589136338] [gazebo_wind_plugin_node]: WindPlugin: set wind_speed=0.00 wind_direction=0.0
[gzserver-2] [INFO] [1773159614.828197171] [gazebo_wind_plugin_node]: WindPlugin: set wind_speed=0.00 wind_direction=0.0
[gzserver-2] [INFO] [1773159615.062196843] [gazebo_wind_plugin_node]: WindPlugin: set wind_speed=0.00 wind_direction=0.0
[gzserver-2] [INFO] [1773159615.301592822] [gazebo_wind_plugin_node]: WindPlugin: set wind_speed=0.00 wind_direction=0.0
[gzserver-2] [INFO] [1773159615.541044951] [gazebo_wind_plugin_node]: WindPlugin: set wind_speed=0.00 wind_direction=0.0
[gzserver-2] [INFO] [1773159615.781026389] [gazebo_wind_plugin_node]: WindPlugin: set wind_speed=0.00 wind_direction=0.0
[gzserver-2] [0m[1;36m[Dbg] [wind_plugin.cpp:110] [0m[1;36mWindPlugin: received command -> speed=[0m[1;36m0[0m[1;36m dir=[0m[1;36m0[0m[1;36m
[gzserver-2] [0m[1;36m[Dbg] [wind_plugin.cpp:110] [0m[1;36mWindPlugin: received command -> speed=[0m[1;36m0[0m[1;36m dir=[0m[1;36m0[0m[1;36m
[gzserver-2] [0m[1;36m[Dbg] [wind_plugin.cpp:110] [0m[1;36mWindPlugin: received command -> speed=[0m[1;36m0[0m[1;36m dir=[0m[1;36m0[0m[1;36m
[gzserver-2] [0m[1;36m[Dbg] [wind_plugin.cpp:110] [0m[1;36mWindPlugin: received command -> speed=[0m[1;36m0[0m[1;36m dir=[0m[1;36m0[0m[1;36m
[gzserver-2] [0m[1;36m[Dbg] [wind_plugin.cpp:110] [0m[1;36mWindPlugin: received command -> speed=[0m[1;36m0[0m[1;36m dir=[0m[1;36m0[0m[1;36m
[gzserver-2] [0m[1;36m[Dbg] [wind_plugin.cpp:110] [0m[1;36mWindPlugin: received command -> speed=[0m[1;36m0[0m[1;36m dir=[0m[1;36m0[0m[1;36m
[gzserver-2] [0m[1;36m[Dbg] [wind_plugin.cpp:110] [0m[1;36mWindPlugin: received command -> speed=[0m[1;36m0[0m[1;36m dir=[0m[1;36m0[0m[1;36m
[gzserver-2] [0m[1;36m[Dbg] [wind_plugin.cpp:110] [0m[1;36mWindPlugin: received command -> speed=[0m[1;36m0[0m[1;36m dir=[0m[1;36m0[0m[1;36m
[gzserver-2] [0mEntering flying model!
[gzserver-2] [INFO] [1773159616.022752794] [gazebo_wind_plugin_node]: WindPlugin: set wind_speed=0.00 wind_direction=0.0
[gzserver-2] [INFO] [1773159616.262297019] [gazebo_wind_plugin_node]: WindPlugin: set wind_speed=1.27 wind_direction=-122.3
[gzserver-2] [INFO] [1773159616.504039169] [gazebo_wind_plugin_node]: WindPlugin: set wind_speed=1.27 wind_direction=-122.3
[gzserver-2] [INFO] [1773159616.743550462] [gazebo_wind_plugin_node]: WindPlugin: set wind_speed=1.04 wind_direction=-121.3
[gzserver-2] [INFO] [1773159616.983010863] [gazebo_wind_plugin_node]: WindPlugin: set wind_speed=1.04 wind_direction=-121.3
[gzserver-2] [INFO] [1773159617.212562274] [gazebo_wind_plugin_node]: WindPlugin: set wind_speed=1.04 wind_direction=-121.3
[gzserver-2] [INFO] [1773159617.451896920] [gazebo_wind_plugin_node]: WindPlugin: set wind_speed=1.04 wind_direction=-121.3
[gzserver-2] [INFO] [1773159617.691479019] [gazebo_wind_plugin_node]: WindPlugin: set wind_speed=1.23 wind_direction=-122.5
[gzserver-2] [INFO] [1773159617.932344309] [gazebo_wind_plugin_node]: WindPlugin: set wind_speed=1.23 wind_direction=-122.5
[gzserver-2] [INFO] [1773159618.171860397] [gazebo_wind_plugin_node]: WindPlugin: set wind_speed=1.23 wind_direction=-122.5
[gzserver-2] [INFO] [1773159618.411467513] [gazebo_wind_plugin_node]: WindPlugin: set wind_speed=1.23 wind_direction=-122.5
[gzserver-2] [INFO] [1773159618.650840873] [gazebo_wind_plugin_node]: WindPlugin: set wind_speed=1.28 wind_direction=-122.7
[gzserver-2] [INFO] [1773159618.890422046] [gazebo_wind_plugin_node]: WindPlugin: set wind_speed=1.28 wind_direction=-122.7
[gzserver-2] [INFO] [1773159619.125033197] [gazebo_wind_plugin_node]: WindPlugin: set wind_speed=1.28 wind_direction=-122.7
[gzserver-2] [INFO] [1773159619.364265409] [gazebo_wind_plugin_node]: WindPlugin: set wind_speed=1.28 wind_direction=-122.7
[gzserver-2] [INFO] [1773159619.405188919] [drone.simple_drone]: Quadrotor lands!!
[gzserver-2] [INFO] [1773159619.607229157] [gazebo_wind_plugin_node]: WindPlugin: set wind_speed=1.46 wind_direction=-121.3
[gzserver-2] [INFO] [1773159619.843150580] [gazebo_wind_plugin_node]: WindPlugin: set wind_speed=1.46 wind_direction=-121.3
[gzserver-2] [INFO] [1773159620.074497900] [gazebo_wind_plugin_node]: WindPlugin: set wind_speed=1.46 wind_direction=-121.3
[gzserver-2] [INFO] [1773159620.319691154] [gazebo_wind_plugin_node]: WindPlugin: set wind_speed=1.46 wind_direction=-121.3
[gzserver-2] [1;36m[Dbg] [wind_plugin.cpp:110] [0m[1;36mWindPlugin: received command -> speed=[0m[1;36m0[0m[1;36m dir=[0m[1;36m0[0m[1;36m
[gzserver-2] [0m[1;36m[Dbg] [wind_plugin.cpp:110] [0m[1;36mWindPlugin: received command -> speed=[0m[1;36m1.27174[0m[1;36m dir=[0m[1;36m-122.322[0m[1;36m
[gzserver-2] [0m[1;36m[Dbg] [wind_plugin.cpp:110] [0m[1;36mWindPlugin: received command -> speed=[0m[1;36m1.27174[0m[1;36m dir=[0m[1;36m-122.322[0m[1;36m
[gzserver-2] [0m[1;36m[Dbg] [wind_plugin.cpp:110] [0m[1;36mWindPlugin: received command -> speed=[0m[1;36m1.04347[0m[1;36m dir=[0m[1;36m-121.296[0m[1;36m
[gzserver-2] [0m[1;36m[Dbg] [wind_plugin.cpp:110] [0m[1;36mWindPlugin: received command -> speed=[0m[1;36m1.04347[0m[1;36m dir=[0m[1;36m-121.296[0m[1;36m
[gzserver-2] [0m[1;36m[Dbg] [wind_plugin.cpp:110] [0m[1;36mWindPlugin: received command -> speed=[0m[1;36m1.04347[0m[1;36m dir=[0m[1;36m-121.296[0m[1;36m
[gzserver-2] [0m[1;36m[Dbg] [wind_plugin.cpp:110] [0m[1;36mWindPlugin: received command -> speed=[0m[1;36m1.04347[0m[1;36m dir=[0m[1;36m-121.296[0m[1;36m
[gzserver-2] [0m[1;36m[Dbg] [wind_plugin.cpp:110] [0m[1;36mWindPlugin: received command -> speed=[0m[1;36m1.22711[0m[1;36m dir=[0m[1;36m-122.53[0m[1;36m
[gzserver-2] [0m[1;36m[Dbg] [wind_plugin.cpp:110] [0m[1;36mWindPlugin: received command -> speed=[0m[1;36m1.22711[0m[1;36m dir=[0m[1;36m-122.53[0m[1;36m
[gzserver-2] [0m[1;36m[Dbg] [wind_plugin.cpp:110] [0m[1;36mWindPlugin: received command -> speed=[0m[1;36m1.22711[0m[1;36m dir=[0m[1;36m-122.53[0m[1;36m
[gzserver-2] [0m[1;36m[Dbg] [wind_plugin.cpp:110] [0m[1;36mWindPlugin: received command -> speed=[0m[1;36m1.22711[0m[1;36m dir=[0m[1;36m-122.53[0m[1;36m
[gzserver-2] [0m[1;36m[Dbg] [wind_plugin.cpp:110] [0m[1;36mWindPlugin: received command -> speed=[0m[1;36m1.28375[0m[1;36m dir=[0m[1;36m-122.686[0m[1;36m
[gzserver-2] [0m[1;36m[Dbg] [wind_plugin.cpp:110] [0m[1;36mWindPlugin: received command -> speed=[0m[1;36m1.28375[0m[1;36m dir=[0m[1;36m-122.686[0m[1;36m
[gzserver-2] [0m[1;36m[Dbg] [wind_plugin.cpp:110] [0m[1;36mWindPlugin: received command -> speed=[0m[1;36m1.28375[0m[1;36m dir=[0m[1;36m-122.686[0m[1;36m
[gzserver-2] [0m[1;36m[Dbg] [wind_plugin.cpp:110] [0m[1;36mWindPlugin: received command -> speed=[0m[1;36m1.28375[0m[1;36m dir=[0m[1;36m-122.686[0m[1;36m
[gzserver-2] [0m[1;36m[Dbg] [wind_plugin.cpp:110] [0m[1;36mWindPlugin: received command -> speed=[0m[1;36m1.4634[0m[1;36m dir=[0m[1;36m-121.347[0m[1;36m
[gzserver-2] [0m[1;36m[Dbg] [wind_plugin.cpp:110] [0m[1;36mWindPlugin: received command -> speed=[0m[1;36m1.4634[0m[1;36m dir=[0m[1;36m-121.347[0m[1;36m
[gzserver-2] [0m[1;36m[Dbg] [wind_plugin.cpp:110] [0m[1;36mWindPlugin: received command -> speed=[0m[1;36m1.4634[0m[1;36m dir=[0m[1;36m-121.347[0m[1;36m
[gzserver-2] [0m[1;36m[Dbg] [wind_plugin.cpp:110] [0m[1;36mWindPlugin: received command -> speed=[0m[1;36m1.4634[0m[1;36m dir=[0m[1;36m-121.347[0m[1;36m
[gzserver-2] [0mLanded!
[gzserver-2] [INFO] [1773159620.555209760] [gazebo_wind_plugin_node]: WindPlugin: set wind_speed=1.46 wind_direction=-121.3
[gzserver-2] [INFO] [1773159620.789606955] [gazebo_wind_plugin_node]: WindPlugin: set wind_speed=1.40 wind_direction=-119.4
[gzserver-2] [INFO] [1773159621.029266314] [gazebo_wind_plugin_node]: WindPlugin: set wind_speed=1.40 wind_direction=-119.4
[gzserver-2] [INFO] [1773159621.269306947] [gazebo_wind_plugin_node]: WindPlugin: set wind_speed=1.40 wind_direction=-119.4
[gzserver-2] [INFO] [1773159621.508508468] [gazebo_wind_plugin_node]: WindPlugin: set wind_speed=1.40 wind_direction=-119.4
[gzserver-2] [INFO] [1773159621.738857609] [gazebo_wind_plugin_node]: WindPlugin: set wind_speed=1.44 wind_direction=-119.0
[gzserver-2] [INFO] [1773159621.978287085] [gazebo_wind_plugin_node]: WindPlugin: set wind_speed=1.44 wind_direction=-119.0
[gzserver-2] [INFO] [1773159622.217845471] [gazebo_wind_plugin_node]: WindPlugin: set wind_speed=1.44 wind_direction=-119.0
