[INFO] [launch]: All log files can be found below /home/j/.ros/log/2026-03-10-16-44-07-849280-j-3143576
[INFO] [launch]: Default logging verbosity is set to INFO
[INFO] [launch.user]: [bringup] Apriltag config: camera=/drone/bottom, image=/drone/bottom/image_raw, tags=/drone/bottom/tags, bridge=/landing_tag_state, standalone=true, use_target_id=true, target_id=0
[INFO] [rviz2-1]: process started with pid [3143590]
[INFO] [gzserver-2]: process started with pid [3143592]
[INFO] [robot_state_publisher-3]: process started with pid [3143594]
[INFO] [joint_state_publisher-4]: process started with pid [3143596]
[INFO] [spawn_drone-5]: process started with pid [3143598]
[INFO] [static_transform_publisher-6]: process started with pid [3143600]
[INFO] [joy_node-7]: process started with pid [3143602]
[INFO] [teleop_joystick-8]: process started with pid [3143604]
[INFO] [apriltag_detector_node-9]: process started with pid [3143606]
[INFO] [apriltag_state_bridge-10]: process started with pid [3143608]
[static_transform_publisher-6] [WARN] [1773128648.328364259] []: Old-style arguments are deprecated; see --help for new-style arguments
[static_transform_publisher-6] [INFO] [1773128648.334384450] [static_transform_publisher_L2yPnuvgzj8qtOVk]: Spinning until stopped - publishing transform
[static_transform_publisher-6] translation: ('0.000000', '0.000000', '0.000000')
[static_transform_publisher-6] rotation: ('0.000000', '0.000000', '0.000000', '1.000000')
[static_transform_publisher-6] from 'world' to '/drone/odom'
[rviz2-1] 
[rviz2-1] (rviz2:3143590): dbind-WARNING **: 16:44:08.359: Couldn't connect to accessibility bus: Failed to connect to socket /root/.cache/at-spi/bus_0: 허가 거부
[robot_state_publisher-3] [INFO] [1773128648.359960536] [drone.robot_state_publisher]: got segment base_footprint
[robot_state_publisher-3] [INFO] [1773128648.360051589] [drone.robot_state_publisher]: got segment base_link
[robot_state_publisher-3] [INFO] [1773128648.360063636] [drone.robot_state_publisher]: got segment bottom_cam_link
[robot_state_publisher-3] [INFO] [1773128648.360071735] [drone.robot_state_publisher]: got segment front_cam_link
[robot_state_publisher-3] [INFO] [1773128648.360079474] [drone.robot_state_publisher]: got segment sonar_link
[teleop_joystick-8] Traceback (most recent call last):
[teleop_joystick-8]   File "/home/j/INCSL/IICC26_ws/install/sjtu_drone_control/lib/sjtu_drone_control/teleop_joystick", line 33, in <module>
[teleop_joystick-8]     sys.exit(load_entry_point('sjtu_drone_control==0.0.0', 'console_scripts', 'teleop_joystick')())
[teleop_joystick-8]   File "/home/j/INCSL/IICC26_ws/install/sjtu_drone_control/lib/sjtu_drone_control/teleop_joystick", line 22, in importlib_load_entry_point
[teleop_joystick-8]     for entry_point in distribution(dist_name).entry_points
[teleop_joystick-8]   File "/usr/lib/python3.10/importlib/metadata/__init__.py", line 969, in distribution
[teleop_joystick-8]     return Distribution.from_name(distribution_name)
[teleop_joystick-8]   File "/usr/lib/python3.10/importlib/metadata/__init__.py", line 548, in from_name
[teleop_joystick-8]     raise PackageNotFoundError(name)
[teleop_joystick-8] importlib.metadata.PackageNotFoundError: No package metadata was found for sjtu_drone_control
[apriltag_detector_node-9] [INFO] [1773128648.381528960] [apriltag_detector_node]: tag detector type: umich
[ERROR] [teleop_joystick-8]: process has died [pid 3143604, exit code 1, cmd '/home/j/INCSL/IICC26_ws/install/sjtu_drone_control/lib/sjtu_drone_control/teleop_joystick --ros-args -r __ns:=/drone'].
[gzserver-2] Gazebo multi-robot simulator, version 11.10.2
[gzserver-2] Copyright (C) 2012 Open Source Robotics Foundation.
[gzserver-2] Released under the Apache 2 License.
[gzserver-2] http://gazebosim.org
[gzserver-2] 
[apriltag_state_bridge-10] [INFO] [1773128648.585077454] [apriltag_state_bridge]: AprilTag bridge started: /drone/bottom/tags -> /landing_tag_state, use_target_id=True, target_id=0
[joint_state_publisher-4] [INFO] [1773128648.626813575] [drone.joint_state_publisher]: Waiting for robot_description to be published on the robot_description topic...
[gzserver-2] [1;33m[Wrn] [gazebo_ros_init.cpp:178] [0m[1;33m
[gzserver-2] #     # ####### ####### ###  #####  #######
[gzserver-2] ##    # #     #    #     #  #     # #
[gzserver-2] # #   # #     #    #     #  #       #
[gzserver-2] #  #  # #     #    #     #  #       #####
[gzserver-2] #   # # #     #    #     #  #       #
[gzserver-2] #    ## #     #    #     #  #     # #
[gzserver-2] #     # #######    #    ###  #####  #######
[gzserver-2] 
[gzserver-2] This version of Gazebo, now called Gazebo classic, reaches end-of-life
[gzserver-2] in January 2025. Users are highly encouraged to migrate to the new Gazebo
[gzserver-2] using our migration guides (https://gazebosim.org/docs/latest/gazebo_classic_migration?utm_source=gazebo_ros_pkgs&utm_medium=cli)
[gzserver-2] 
[gzserver-2] [0m[1;33m
[rviz2-1] [INFO] [1773128648.722785606] [rviz2]: Stereo is NOT SUPPORTED
[rviz2-1] [INFO] [1773128648.722882706] [rviz2]: OpenGl version: 4.6 (GLSL 4.6)
[rviz2-1] [INFO] [1773128648.812340130] [rviz2]: Stereo is NOT SUPPORTED
[rviz2-1] [INFO] [1773128648.941306792] [rviz2]: Stereo is NOT SUPPORTED
[gzserver-2] [1;32m[Msg] [0m[1;32mWaiting for master.[0m[1;32m
[gzserver-2] [0m[1;32m[0m[1;32m[0m[1;32m[Msg] [0m[1;32mConnected to gazebo master @ [0m[1;32mhttp://127.0.0.1:11345[0m[1;32m
[gzserver-2] [0m[1;32m[0m[1;32m[0m[1;32m[Msg] [0m[1;32mPublicized address: [0m[1;32m172.16.52.147[0m[1;32m
[gzserver-2] [0m[1;32m[0m[1;32m[0m[1;32m[Msg] [0m[1;32mLoading world file [[0m[1;32m/home/j/INCSL/IICC26_ws/install/sjtu_drone_description/share/sjtu_drone_description/worlds/landingPad.world[0m[1;32m][0m[1;32m
[gzserver-2] [0m[1;32m[0m[1;32m[0m[1;36m[Dbg] [wind_plugin.cpp:96] [0m[1;36mWindPlugin loaded: speed=[0m[1;36m0[0m[1;36m dir=[0m[1;36m0[0m[1;36m deg area=[0m[1;36m0.1[0m[1;36m coeff=[0m[1;36m1[0m[1;36m
[gzserver-2] [0m[1;33m[0m[1;33m[0m[1;31m[Err] [Sensor.cc:510] [0m[1;31mGet noise index not valid[0m[1;31m
[gzserver-2] [0m[1;31m[0m[1;31m[0m[1;31m[Err] [Sensor.cc:510] [0m[1;31mGet noise index not valid[0m[1;31m
[gzserver-2] [0m[1;31m[0m[1;31m[0m[1;31m[Err] [Sensor.cc:510] [0m[1;31mGet noise index not valid[0m[1;31m
[gzserver-2] [0m[1;31m[0m[1;31m[0m[1;31m[Err] [Sensor.cc:510] [0m[1;31mGet noise index not valid[0m[1;31m
[gzserver-2] [0m[1;31m[0m[1;31m[0m[1;31m[Err] [Sensor.cc:510] [0m[1;31mGet noise index not valid[0m[1;31m
[gzserver-2] [0m[1;31m[0m[1;31m[0m[1;31m[Err] [Sensor.cc:510] [0m[1;31mGet noise index not valid[0m[1;31m
[gzserver-2] [0m[1;31m[0m[1;31m[0mTopic [default//drone/base_footprint/down_camera/image] is not valid.
[gzserver-2] Topic [default//drone/base_footprint/front_camera/image] is not valid.
[gzserver-2] [INFO] [1773128649.797646574] [drone.collision_plugin]: Publishing contact states to [/drone/bumper_states]
[gzserver-2] [1;33m[Wrn] [Event.cc:61] [0m[1;33mWarning: Deleting a connection right after creation. [0m[1;33mMake sure to save the ConnectionPtr from a Connect call
[gzserver-2] [0m[INFO] [1773128650.177386893] [drone.camera_bottom]: Publishing camera info to [/drone/bottom/camera_info]
[gzserver-2] [INFO] [1773128650.182256804] [drone.camera_front]: Publishing camera info to [/drone/front/camera_info]
[spawn_drone-5] [INFO] [1773128650.191017886] [spawn_drone]: Result True SpawnEntity: Successfully spawned entity [/drone]
[gzserver-2] [INFO] [1773128650.305057466] [drone.simple_drone]: The drone plugin is loading!
[gzserver-2] [INFO] [1773128650.305293174] [drone.simple_drone]: pub_odom: 1
[gzserver-2] [INFO] [1773128650.305329193] [drone.simple_drone]: Using following parameters: 
[gzserver-2] 		link_name: base_footprint,
[gzserver-2] 		max_force: 30,
[gzserver-2] 		motion_small_noise: 0,
[gzserver-2] 		motion_drift_noise: 0,
[gzserver-2] 		motion_drift_noise_time: 50,
[gzserver-2] 		takeoff_hover_height: 1.86,
[gzserver-2] 		takeoff_vertical_speed: 0.2
[gzserver-2] [INFO] [1773128650.317420185] [drone.simple_drone]: Using the PID parameters: 
[gzserver-2] 	Roll Pitch:
[gzserver-2] 		kP: 10, kI: 0,kD: 5, Limit: 0.5, Time Constant: 0
[gzserver-2] 	Yaw:
[gzserver-2] 		kP: 2, kI: 0,kD: 1, Limit: 1.5, Time Constant: 0
[gzserver-2] 	Velocity X:
[gzserver-2] 		kP: 5, kI: 0,kD: 2.3, Limit: 2, Time Constant: 0
[gzserver-2] 	Velocity Y:
[gzserver-2] 		kP: 5, kI: 0,kD: 2.3, Limit: 2, Time Constant: 0
[gzserver-2] 	Velocity Z:
[gzserver-2] 		kP: 5, kI: 0,kD: 1, Limit: -1, Time Constant: 0
[gzserver-2] 	Position XY:
[gzserver-2] 		kP: 1.1, kI: 0,kD: 0, Limit: 5, Time Constant: 0
[gzserver-2] 	Position Z:
[gzserver-2] 		kP: 1, kI: 0,kD: 0.2, Limit: -1, Time Constant: 0
[gzserver-2] [INFO] [1773128650.317573705] [drone.simple_drone]: The drone plugin finished loading!
[INFO] [spawn_drone-5]: process has finished cleanly [pid 3143598]
[gzserver-2] [INFO] [1773128657.711301675] [gazebo_wind_plugin_node]: WindPlugin: set wind_speed=0.00 wind_direction=0.0
[gzserver-2] [INFO] [1773128658.000618779] [gazebo_wind_plugin_node]: WindPlugin: set wind_speed=0.00 wind_direction=0.0
[gzserver-2] [INFO] [1773128658.047996139] [drone.simple_drone]: Quadrotor takes off!!
[gzserver-2] [INFO] [1773128658.252429888] [gazebo_wind_plugin_node]: WindPlugin: set wind_speed=0.00 wind_direction=0.0
[gzserver-2] [INFO] [1773128658.499438537] [gazebo_wind_plugin_node]: WindPlugin: set wind_speed=0.00 wind_direction=0.0
[gzserver-2] [INFO] [1773128658.741278858] [gazebo_wind_plugin_node]: WindPlugin: set wind_speed=0.00 wind_direction=0.0
[gzserver-2] [INFO] [1773128658.981169315] [gazebo_wind_plugin_node]: WindPlugin: set wind_speed=0.00 wind_direction=0.0
[gzserver-2] [INFO] [1773128659.220948015] [gazebo_wind_plugin_node]: WindPlugin: set wind_speed=0.00 wind_direction=0.0
[gzserver-2] [INFO] [1773128659.456335713] [gazebo_wind_plugin_node]: WindPlugin: set wind_speed=0.00 wind_direction=0.0
[gzserver-2] [0m[1;36m[Dbg] [wind_plugin.cpp:110] [0m[1;36mWindPlugin: received command -> speed=[0m[1;36m0[0m[1;36m dir=[0m[1;36m0[0m[1;36m
[gzserver-2] [0m[1;36m[Dbg] [wind_plugin.cpp:110] [0m[1;36mWindPlugin: received command -> speed=[0m[1;36m0[0m[1;36m dir=[0m[1;36m0[0m[1;36m
[gzserver-2] [0m[1;36m[Dbg] [wind_plugin.cpp:110] [0m[1;36mWindPlugin: received command -> speed=[0m[1;36m0[0m[1;36m dir=[0m[1;36m0[0m[1;36m
[gzserver-2] [0m[1;36m[Dbg] [wind_plugin.cpp:110] [0m[1;36mWindPlugin: received command -> speed=[0m[1;36m0[0m[1;36m dir=[0m[1;36m0[0m[1;36m
[gzserver-2] [0m[1;36m[Dbg] [wind_plugin.cpp:110] [0m[1;36mWindPlugin: received command -> speed=[0m[1;36m0[0m[1;36m dir=[0m[1;36m0[0m[1;36m
[gzserver-2] [0m[1;36m[Dbg] [wind_plugin.cpp:110] [0m[1;36mWindPlugin: received command -> speed=[0m[1;36m0[0m[1;36m dir=[0m[1;36m0[0m[1;36m
[gzserver-2] [0m[1;36m[Dbg] [wind_plugin.cpp:110] [0m[1;36mWindPlugin: received command -> speed=[0m[1;36m0[0m[1;36m dir=[0m[1;36m0[0m[1;36m
[gzserver-2] [0m[1;36m[Dbg] [wind_plugin.cpp:110] [0m[1;36mWindPlugin: received command -> speed=[0m[1;36m0[0m[1;36m dir=[0m[1;36m0[0m[1;36m
[gzserver-2] [0mEntering flying model!
[gzserver-2] [INFO] [1773128659.685458228] [gazebo_wind_plugin_node]: WindPlugin: set wind_speed=0.00 wind_direction=0.0
[gzserver-2] [INFO] [1773128659.918500028] [gazebo_wind_plugin_node]: WindPlugin: set wind_speed=3.16 wind_direction=-99.0
[gzserver-2] [INFO] [1773128660.161398636] [gazebo_wind_plugin_node]: WindPlugin: set wind_speed=3.16 wind_direction=-99.0
[gzserver-2] [INFO] [1773128660.401470323] [gazebo_wind_plugin_node]: WindPlugin: set wind_speed=3.16 wind_direction=-97.7
[gzserver-2] [INFO] [1773128660.641388184] [gazebo_wind_plugin_node]: WindPlugin: set wind_speed=3.16 wind_direction=-97.7
[gzserver-2] [INFO] [1773128660.898229566] [gazebo_wind_plugin_node]: WindPlugin: set wind_speed=3.16 wind_direction=-97.7
[gzserver-2] [INFO] [1773128661.131356141] [gazebo_wind_plugin_node]: WindPlugin: set wind_speed=3.16 wind_direction=-97.7
[gzserver-2] [INFO] [1773128661.369732774] [gazebo_wind_plugin_node]: WindPlugin: set wind_speed=3.01 wind_direction=-100.0
[gzserver-2] [INFO] [1773128661.609733425] [gazebo_wind_plugin_node]: WindPlugin: set wind_speed=3.01 wind_direction=-100.0
[gzserver-2] [INFO] [1773128661.845487927] [gazebo_wind_plugin_node]: WindPlugin: set wind_speed=3.01 wind_direction=-100.0
[gzserver-2] [INFO] [1773128662.088795259] [gazebo_wind_plugin_node]: WindPlugin: set wind_speed=3.01 wind_direction=-100.0
[gzserver-2] [INFO] [1773128662.323800501] [gazebo_wind_plugin_node]: WindPlugin: set wind_speed=3.28 wind_direction=-98.2
[gzserver-2] [INFO] [1773128662.566917485] [gazebo_wind_plugin_node]: WindPlugin: set wind_speed=3.28 wind_direction=-98.2
[gzserver-2] [INFO] [1773128662.803976334] [gazebo_wind_plugin_node]: WindPlugin: set wind_speed=3.28 wind_direction=-98.2
[gzserver-2] [INFO] [1773128662.831957545] [drone.simple_drone]: Quadrotor lands!!
[gzserver-2] [INFO] [1773128663.035994738] [gazebo_wind_plugin_node]: WindPlugin: set wind_speed=3.28 wind_direction=-98.2
[gzserver-2] [INFO] [1773128663.275650452] [gazebo_wind_plugin_node]: WindPlugin: set wind_speed=3.31 wind_direction=-96.8
[gzserver-2] [INFO] [1773128663.504872966] [gazebo_wind_plugin_node]: WindPlugin: set wind_speed=3.31 wind_direction=-96.8
[gzserver-2] [INFO] [1773128663.739951013] [gazebo_wind_plugin_node]: WindPlugin: set wind_speed=3.31 wind_direction=-96.8
[gzserver-2] [1;36m[Dbg] [wind_plugin.cpp:110] [0m[1;36mWindPlugin: received command -> speed=[0m[1;36m0[0m[1;36m dir=[0m[1;36m0[0m[1;36m
[gzserver-2] [0m[1;36m[Dbg] [wind_plugin.cpp:110] [0m[1;36mWindPlugin: received command -> speed=[0m[1;36m3.1566[0m[1;36m dir=[0m[1;36m-98.9896[0m[1;36m
[gzserver-2] [0m[1;36m[Dbg] [wind_plugin.cpp:110] [0m[1;36mWindPlugin: received command -> speed=[0m[1;36m3.1566[0m[1;36m dir=[0m[1;36m-98.9896[0m[1;36m
[gzserver-2] [0m[1;36m[Dbg] [wind_plugin.cpp:110] [0m[1;36mWindPlugin: received command -> speed=[0m[1;36m3.15937[0m[1;36m dir=[0m[1;36m-97.6921[0m[1;36m
[gzserver-2] [0m[1;36m[Dbg] [wind_plugin.cpp:110] [0m[1;36mWindPlugin: received command -> speed=[0m[1;36m3.15937[0m[1;36m dir=[0m[1;36m-97.6921[0m[1;36m
[gzserver-2] [0m[1;36m[Dbg] [wind_plugin.cpp:110] [0m[1;36mWindPlugin: received command -> speed=[0m[1;36m3.15937[0m[1;36m dir=[0m[1;36m-97.6921[0m[1;36m
[gzserver-2] [0m[1;36m[Dbg] [wind_plugin.cpp:110] [0m[1;36mWindPlugin: received command -> speed=[0m[1;36m3.15937[0m[1;36m dir=[0m[1;36m-97.6921[0m[1;36m
[gzserver-2] [0m[1;36m[Dbg] [wind_plugin.cpp:110] [0m[1;36mWindPlugin: received command -> speed=[0m[1;36m3.01212[0m[1;36m dir=[0m[1;36m-100.004[0m[1;36m
[gzserver-2] [0m[1;36m[Dbg] [wind_plugin.cpp:110] [0m[1;36mWindPlugin: received command -> speed=[0m[1;36m3.01212[0m[1;36m dir=[0m[1;36m-100.004[0m[1;36m
[gzserver-2] [0m[1;36m[Dbg] [wind_plugin.cpp:110] [0m[1;36mWindPlugin: received command -> speed=[0m[1;36m3.01212[0m[1;36m dir=[0m[1;36m-100.004[0m[1;36m
[gzserver-2] [0m[1;36m[Dbg] [wind_plugin.cpp:110] [0m[1;36mWindPlugin: received command -> speed=[0m[1;36m3.01212[0m[1;36m dir=[0m[1;36m-100.004[0m[1;36m
[gzserver-2] [0m[1;36m[Dbg] [wind_plugin.cpp:110] [0m[1;36mWindPlugin: received command -> speed=[0m[1;36m3.28477[0m[1;36m dir=[0m[1;36m-98.2011[0m[1;36m
[gzserver-2] [0m[1;36m[Dbg] [wind_plugin.cpp:110] [0m[1;36mWindPlugin: received command -> speed=[0m[1;36m3.28477[0m[1;36m dir=[0m[1;36m-98.2011[0m[1;36m
[gzserver-2] [0m[1;36m[Dbg] [wind_plugin.cpp:110] [0m[1;36mWindPlugin: received command -> speed=[0m[1;36m3.28477[0m[1;36m dir=[0m[1;36m-98.2011[0m[1;36m
[gzserver-2] [0m[1;36m[Dbg] [wind_plugin.cpp:110] [0m[1;36mWindPlugin: received command -> speed=[0m[1;36m3.28477[0m[1;36m dir=[0m[1;36m-98.2011[0m[1;36m
[gzserver-2] [0m[1;36m[Dbg] [wind_plugin.cpp:110] [0m[1;36mWindPlugin: received command -> speed=[0m[1;36m3.30507[0m[1;36m dir=[0m[1;36m-96.8459[0m[1;36m
[gzserver-2] [0m[1;36m[Dbg] [wind_plugin.cpp:110] [0m[1;36mWindPlugin: received command -> speed=[0m[1;36m3.30507[0m[1;36m dir=[0m[1;36m-96.8459[0m[1;36m
[gzserver-2] [0m[1;36m[Dbg] [wind_plugin.cpp:110] [0m[1;36mWindPlugin: received command -> speed=[0m[1;36m3.30507[0m[1;36m dir=[0m[1;36m-96.8459[0m[1;36m
[gzserver-2] [0mLanded!
[gzserver-2] [INFO] [1773128663.970784813] [gazebo_wind_plugin_node]: WindPlugin: set wind_speed=3.31 wind_direction=-96.8
[gzserver-2] [INFO] [1773128664.213786538] [gazebo_wind_plugin_node]: WindPlugin: set wind_speed=3.22 wind_direction=-98.6
[gzserver-2] [INFO] [1773128664.455331333] [gazebo_wind_plugin_node]: WindPlugin: set wind_speed=3.22 wind_direction=-98.6
[gzserver-2] [INFO] [1773128664.694382291] [gazebo_wind_plugin_node]: WindPlugin: set wind_speed=3.22 wind_direction=-98.6
[gzserver-2] [INFO] [1773128664.931126386] [gazebo_wind_plugin_node]: WindPlugin: set wind_speed=3.22 wind_direction=-98.6
[gzserver-2] [INFO] [1773128665.166173995] [gazebo_wind_plugin_node]: WindPlugin: set wind_speed=3.22 wind_direction=-98.6
[gzserver-2] [INFO] [1773128665.409547180] [gazebo_wind_plugin_node]: WindPlugin: set wind_speed=3.25 wind_direction=-99.6
[gzserver-2] [INFO] [1773128665.639984192] [gazebo_wind_plugin_node]: WindPlugin: set wind_speed=3.25 wind_direction=-99.6
