[INFO] [launch]: All log files can be found below /home/j/.ros/log/2026-03-10-12-05-32-155860-j-965564
[INFO] [launch]: Default logging verbosity is set to INFO
[INFO] [launch.user]: [bringup] Apriltag config: camera=/drone/bottom, image=/drone/bottom/image_raw, tags=/drone/bottom/tags, bridge=/landing_tag_state, standalone=true, use_target_id=true, target_id=0
[INFO] [rviz2-1]: process started with pid [965576]
[INFO] [gzserver-2]: process started with pid [965578]
[INFO] [robot_state_publisher-3]: process started with pid [965580]
[INFO] [joint_state_publisher-4]: process started with pid [965582]
[INFO] [spawn_drone-5]: process started with pid [965584]
[INFO] [static_transform_publisher-6]: process started with pid [965586]
[INFO] [joy_node-7]: process started with pid [965590]
[INFO] [teleop_joystick-8]: process started with pid [965592]
[INFO] [apriltag_detector_node-9]: process started with pid [965594]
[INFO] [apriltag_state_bridge-10]: process started with pid [965605]
[static_transform_publisher-6] [WARN] [1773111932.628632764] []: Old-style arguments are deprecated; see --help for new-style arguments
[static_transform_publisher-6] [INFO] [1773111932.635758449] [static_transform_publisher_bFdATfFKD4xl1QSd]: Spinning until stopped - publishing transform
[static_transform_publisher-6] translation: ('0.000000', '0.000000', '0.000000')
[static_transform_publisher-6] rotation: ('0.000000', '0.000000', '0.000000', '1.000000')
[static_transform_publisher-6] from 'world' to '/drone/odom'
[robot_state_publisher-3] [INFO] [1773111932.661152629] [drone.robot_state_publisher]: got segment base_footprint
[robot_state_publisher-3] [INFO] [1773111932.661251666] [drone.robot_state_publisher]: got segment base_link
[robot_state_publisher-3] [INFO] [1773111932.661264146] [drone.robot_state_publisher]: got segment bottom_cam_link
[robot_state_publisher-3] [INFO] [1773111932.661271939] [drone.robot_state_publisher]: got segment front_cam_link
[robot_state_publisher-3] [INFO] [1773111932.661279190] [drone.robot_state_publisher]: got segment sonar_link
[rviz2-1] 
[rviz2-1] (rviz2:965576): dbind-WARNING **: 12:05:32.665: Couldn't connect to accessibility bus: Failed to connect to socket /root/.cache/at-spi/bus_0: 허가 거부
[apriltag_detector_node-9] [INFO] [1773111932.670487466] [apriltag_detector_node]: tag detector type: umich
[teleop_joystick-8] Traceback (most recent call last):
[teleop_joystick-8]   File "/home/j/INCSL/IICC26_ws/install/sjtu_drone_control/lib/sjtu_drone_control/teleop_joystick", line 33, in <module>
[teleop_joystick-8]     sys.exit(load_entry_point('sjtu_drone_control==0.0.0', 'console_scripts', 'teleop_joystick')())
[teleop_joystick-8]   File "/home/j/INCSL/IICC26_ws/install/sjtu_drone_control/lib/sjtu_drone_control/teleop_joystick", line 22, in importlib_load_entry_point
[teleop_joystick-8]     for entry_point in distribution(dist_name).entry_points
[teleop_joystick-8]   File "/usr/lib/python3.10/importlib/metadata/__init__.py", line 969, in distribution
[teleop_joystick-8]     return Distribution.from_name(distribution_name)
[teleop_joystick-8]   File "/usr/lib/python3.10/importlib/metadata/__init__.py", line 548, in from_name
[teleop_joystick-8]     raise PackageNotFoundError(name)
[teleop_joystick-8] importlib.metadata.PackageNotFoundError: No package metadata was found for sjtu_drone_control
[ERROR] [teleop_joystick-8]: process has died [pid 965592, exit code 1, cmd '/home/j/INCSL/IICC26_ws/install/sjtu_drone_control/lib/sjtu_drone_control/teleop_joystick --ros-args -r __ns:=/drone'].
[gzserver-2] Gazebo multi-robot simulator, version 11.10.2
[gzserver-2] Copyright (C) 2012 Open Source Robotics Foundation.
[gzserver-2] Released under the Apache 2 License.
[gzserver-2] http://gazebosim.org
[gzserver-2] 
[apriltag_state_bridge-10] [INFO] [1773111932.895246291] [apriltag_state_bridge]: AprilTag bridge started: /drone/bottom/tags -> /landing_tag_state, use_target_id=True, target_id=0
[joint_state_publisher-4] [INFO] [1773111932.918851311] [drone.joint_state_publisher]: Waiting for robot_description to be published on the robot_description topic...
[gzserver-2] [1;33m[Wrn] [gazebo_ros_init.cpp:178] [0m[1;33m
[gzserver-2] #     # ####### ####### ###  #####  #######
[gzserver-2] ##    # #     #    #     #  #     # #
[gzserver-2] # #   # #     #    #     #  #       #
[gzserver-2] #  #  # #     #    #     #  #       #####
[gzserver-2] #   # # #     #    #     #  #       #
[gzserver-2] #    ## #     #    #     #  #     # #
[gzserver-2] #     # #######    #    ###  #####  #######
[gzserver-2] 
[gzserver-2] This version of Gazebo, now called Gazebo classic, reaches end-of-life
[gzserver-2] in January 2025. Users are highly encouraged to migrate to the new Gazebo
[gzserver-2] using our migration guides (https://gazebosim.org/docs/latest/gazebo_classic_migration?utm_source=gazebo_ros_pkgs&utm_medium=cli)
[gzserver-2] 
[gzserver-2] [0m[1;33m
[rviz2-1] [INFO] [1773111933.398105887] [rviz2]: Stereo is NOT SUPPORTED
[rviz2-1] [INFO] [1773111933.398193281] [rviz2]: OpenGl version: 4.6 (GLSL 4.6)
[rviz2-1] [INFO] [1773111933.435557452] [rviz2]: Stereo is NOT SUPPORTED
[rviz2-1] [INFO] [1773111933.556566267] [rviz2]: Stereo is NOT SUPPORTED
[spawn_drone-5] [INFO] [1773111934.033282682] [spawn_drone]: Result False Entity pushed to spawn queue, but spawn service timed outwaiting for entity to appear in simulation under the name [/drone]
[gzserver-2] [1;32m[Msg] [0m[1;32mWaiting for master.[0m[1;32m
[gzserver-2] [0m[1;32m[0m[1;32m[0m[1;32m[Msg] [0m[1;32mConnected to gazebo master @ [0m[1;32mhttp://127.0.0.1:11345[0m[1;32m
[gzserver-2] [0m[1;32m[0m[1;32m[0m[1;32m[Msg] [0m[1;32mPublicized address: [0m[1;32m172.16.52.147[0m[1;32m
[gzserver-2] [0m[1;32m[0m[1;32m[0m[1;32m[Msg] [0m[1;32mLoading world file [[0m[1;32m/home/j/INCSL/IICC26_ws/install/sjtu_drone_description/share/sjtu_drone_description/worlds/landingPad.world[0m[1;32m][0m[1;32m
[gzserver-2] [0m[1;32m[0m[1;32m[0m[1;36m[Dbg] [wind_plugin.cpp:96] [0m[1;36mWindPlugin loaded: speed=[0m[1;36m0[0m[1;36m dir=[0m[1;36m0[0m[1;36m deg area=[0m[1;36m0.1[0m[1;36m coeff=[0m[1;36m1[0m[1;36m
[gzserver-2] [0m[1;33m[0m[1;33m[0m[1;31m[Err] [Sensor.cc:510] [0m[1;31mGet noise index not valid[0m[1;31m
[gzserver-2] [0m[1;31m[0m[1;31m[0m[1;31m[Err] [Sensor.cc:510] [0m[1;31mGet noise index not valid[0m[1;31m
[gzserver-2] [0m[1;31m[0m[1;31m[0m[1;31m[Err] [Sensor.cc:510] [0m[1;31mGet noise index not valid[0m[1;31m
[gzserver-2] [0m[1;31m[0m[1;31m[0m[1;31m[Err] [Sensor.cc:510] [0m[1;31mGet noise index not valid[0m[1;31m
[gzserver-2] [0m[1;31m[0m[1;31m[0m[1;31m[Err] [Sensor.cc:510] [0m[1;31mGet noise index not valid[0m[1;31m
[gzserver-2] [0m[1;31m[0m[1;31m[0m[1;31m[Err] [Sensor.cc:510] [0m[1;31mGet noise index not valid[0m[1;31m
[gzserver-2] [0m[1;31m[0m[1;31m[0mTopic [default//drone/base_footprint/down_camera/image] is not valid.
[gzserver-2] [INFO] [1773111934.060524244] [drone.collision_plugin]: Publishing contact states to [/drone/bumper_states]
[gzserver-2] Topic [default//drone/base_footprint/front_camera/image] is not valid.
[gzserver-2] [1;33m[Wrn] [Event.cc:61] [0m[1;33mWarning: Deleting a connection right after creation. [0m[1;33mMake sure to save the ConnectionPtr from a Connect call
[INFO] [spawn_drone-5]: process has finished cleanly [pid 965584]
[gzserver-2] [0m[INFO] [1773111934.645926414] [drone.camera_bottom]: Publishing camera info to [/drone/bottom/camera_info]
[gzserver-2] [INFO] [1773111934.648829460] [drone.camera_front]: Publishing camera info to [/drone/front/camera_info]
[gzserver-2] [INFO] [1773111934.771212863] [drone.simple_drone]: The drone plugin is loading!
[gzserver-2] [INFO] [1773111934.771424004] [drone.simple_drone]: pub_odom: 1
[gzserver-2] [INFO] [1773111934.771457728] [drone.simple_drone]: Using following parameters: 
[gzserver-2] 		link_name: base_footprint,
[gzserver-2] 		max_force: 30,
[gzserver-2] 		motion_small_noise: 0,
[gzserver-2] 		motion_drift_noise: 0,
[gzserver-2] 		motion_drift_noise_time: 50,
[gzserver-2] 		takeoff_hover_height: 2.13,
[gzserver-2] 		takeoff_vertical_speed: 0.2
[gzserver-2] [INFO] [1773111934.783113498] [drone.simple_drone]: Using the PID parameters: 
[gzserver-2] 	Roll Pitch:
[gzserver-2] 		kP: 10, kI: 0,kD: 5, Limit: 0.5, Time Constant: 0
[gzserver-2] 	Yaw:
[gzserver-2] 		kP: 2, kI: 0,kD: 1, Limit: 1.5, Time Constant: 0
[gzserver-2] 	Velocity X:
[gzserver-2] 		kP: 5, kI: 0,kD: 2.3, Limit: 2, Time Constant: 0
[gzserver-2] 	Velocity Y:
[gzserver-2] 		kP: 5, kI: 0,kD: 2.3, Limit: 2, Time Constant: 0
[gzserver-2] 	Velocity Z:
[gzserver-2] 		kP: 5, kI: 0,kD: 1, Limit: -1, Time Constant: 0
[gzserver-2] 	Position XY:
[gzserver-2] 		kP: 1.1, kI: 0,kD: 0, Limit: 5, Time Constant: 0
[gzserver-2] 	Position Z:
[gzserver-2] 		kP: 1, kI: 0,kD: 0.2, Limit: -1, Time Constant: 0
[gzserver-2] [INFO] [1773111934.783253918] [drone.simple_drone]: The drone plugin finished loading!
[gzserver-2] [INFO] [1773111941.972644427] [gazebo_wind_plugin_node]: WindPlugin: set wind_speed=0.00 wind_direction=0.0
[gzserver-2] [INFO] [1773111942.237219479] [gazebo_wind_plugin_node]: WindPlugin: set wind_speed=0.00 wind_direction=0.0
[gzserver-2] [INFO] [1773111942.276555882] [drone.simple_drone]: Quadrotor takes off!!
[gzserver-2] [INFO] [1773111942.477515292] [gazebo_wind_plugin_node]: WindPlugin: set wind_speed=0.00 wind_direction=0.0
[gzserver-2] [INFO] [1773111942.716696725] [gazebo_wind_plugin_node]: WindPlugin: set wind_speed=0.00 wind_direction=0.0
[gzserver-2] [INFO] [1773111942.956225366] [gazebo_wind_plugin_node]: WindPlugin: set wind_speed=0.00 wind_direction=0.0
[gzserver-2] [INFO] [1773111943.195371106] [gazebo_wind_plugin_node]: WindPlugin: set wind_speed=0.00 wind_direction=0.0
[gzserver-2] [INFO] [1773111943.434543946] [gazebo_wind_plugin_node]: WindPlugin: set wind_speed=0.00 wind_direction=0.0
[gzserver-2] [INFO] [1773111943.676958802] [gazebo_wind_plugin_node]: WindPlugin: set wind_speed=0.00 wind_direction=0.0
[gzserver-2] [INFO] [1773111943.916247248] [gazebo_wind_plugin_node]: WindPlugin: set wind_speed=0.00 wind_direction=0.0
[gzserver-2] [0m[1;36m[Dbg] [wind_plugin.cpp:110] [0m[1;36mWindPlugin: received command -> speed=[0m[1;36m0[0m[1;36m dir=[0m[1;36m0[0m[1;36m
[gzserver-2] [0m[1;36m[Dbg] [wind_plugin.cpp:110] [0m[1;36mWindPlugin: received command -> speed=[0m[1;36m0[0m[1;36m dir=[0m[1;36m0[0m[1;36m
[gzserver-2] [0m[1;36m[Dbg] [wind_plugin.cpp:110] [0m[1;36mWindPlugin: received command -> speed=[0m[1;36m0[0m[1;36m dir=[0m[1;36m0[0m[1;36m
[gzserver-2] [0m[1;36m[Dbg] [wind_plugin.cpp:110] [0m[1;36mWindPlugin: received command -> speed=[0m[1;36m0[0m[1;36m dir=[0m[1;36m0[0m[1;36m
[gzserver-2] [0m[1;36m[Dbg] [wind_plugin.cpp:110] [0m[1;36mWindPlugin: received command -> speed=[0m[1;36m0[0m[1;36m dir=[0m[1;36m0[0m[1;36m
[gzserver-2] [0m[1;36m[Dbg] [wind_plugin.cpp:110] [0m[1;36mWindPlugin: received command -> speed=[0m[1;36m0[0m[1;36m dir=[0m[1;36m0[0m[1;36m
[gzserver-2] [0m[1;36m[Dbg] [wind_plugin.cpp:110] [0m[1;36mWindPlugin: received command -> speed=[0m[1;36m0[0m[1;36m dir=[0m[1;36m0[0m[1;36m
[gzserver-2] [0m[1;36m[Dbg] [wind_plugin.cpp:110] [0m[1;36mWindPlugin: received command -> speed=[0m[1;36m0[0m[1;36m dir=[0m[1;36m0[0m[1;36m
[gzserver-2] [0m[1;36m[Dbg] [wind_plugin.cpp:110] [0m[1;36mWindPlugin: received command -> speed=[0m[1;36m0[0m[1;36m dir=[0m[1;36m0[0m[1;36m
[gzserver-2] [0mEntering flying model!
[gzserver-2] [INFO] [1773111944.158360309] [gazebo_wind_plugin_node]: WindPlugin: set wind_speed=0.00 wind_direction=0.0
[gzserver-2] [INFO] [1773111944.397568696] [gazebo_wind_plugin_node]: WindPlugin: set wind_speed=0.89 wind_direction=-86.1
[gzserver-2] [INFO] [1773111944.632134543] [gazebo_wind_plugin_node]: WindPlugin: set wind_speed=1.02 wind_direction=-87.2
[gzserver-2] [INFO] [1773111944.866781680] [gazebo_wind_plugin_node]: WindPlugin: set wind_speed=1.02 wind_direction=-87.2
[gzserver-2] [INFO] [1773111945.102154219] [gazebo_wind_plugin_node]: WindPlugin: set wind_speed=1.02 wind_direction=-87.2
[gzserver-2] [INFO] [1773111945.335649138] [gazebo_wind_plugin_node]: WindPlugin: set wind_speed=1.02 wind_direction=-87.2
[gzserver-2] [INFO] [1773111945.570228668] [gazebo_wind_plugin_node]: WindPlugin: set wind_speed=0.90 wind_direction=-83.8
[gzserver-2] [INFO] [1773111945.809564906] [gazebo_wind_plugin_node]: WindPlugin: set wind_speed=0.90 wind_direction=-83.8
[gzserver-2] [INFO] [1773111946.039030614] [gazebo_wind_plugin_node]: WindPlugin: set wind_speed=0.90 wind_direction=-83.8
[gzserver-2] [INFO] [1773111946.275056390] [gazebo_wind_plugin_node]: WindPlugin: set wind_speed=0.90 wind_direction=-83.8
[gzserver-2] [INFO] [1773111946.509459243] [gazebo_wind_plugin_node]: WindPlugin: set wind_speed=0.97 wind_direction=-85.8
[gzserver-2] [INFO] [1773111946.748612196] [gazebo_wind_plugin_node]: WindPlugin: set wind_speed=0.97 wind_direction=-85.8
[gzserver-2] [INFO] [1773111946.988007744] [gazebo_wind_plugin_node]: WindPlugin: set wind_speed=0.97 wind_direction=-85.8
[gzserver-2] [INFO] [1773111947.227618606] [gazebo_wind_plugin_node]: WindPlugin: set wind_speed=0.97 wind_direction=-85.8
[gzserver-2] [INFO] [1773111947.466922997] [gazebo_wind_plugin_node]: WindPlugin: set wind_speed=0.97 wind_direction=-85.8
[gzserver-2] [INFO] [1773111947.706265583] [gazebo_wind_plugin_node]: WindPlugin: set wind_speed=0.71 wind_direction=-86.6
[gzserver-2] [INFO] [1773111947.940812109] [gazebo_wind_plugin_node]: WindPlugin: set wind_speed=0.71 wind_direction=-86.6
[gzserver-2] [INFO] [1773111947.978705575] [drone.simple_drone]: Quadrotor lands!!
[gzserver-2] [INFO] [1773111948.180067527] [gazebo_wind_plugin_node]: WindPlugin: set wind_speed=0.71 wind_direction=-86.6
[gzserver-2] [INFO] [1773111948.415470837] [gazebo_wind_plugin_node]: WindPlugin: set wind_speed=0.71 wind_direction=-86.6
[gzserver-2] [INFO] [1773111948.649204086] [gazebo_wind_plugin_node]: WindPlugin: set wind_speed=1.04 wind_direction=-85.8
[gzserver-2] [INFO] [1773111948.888549625] [gazebo_wind_plugin_node]: WindPlugin: set wind_speed=1.04 wind_direction=-85.8
[gzserver-2] [1;36m[Dbg] [wind_plugin.cpp:110] [0m[1;36mWindPlugin: received command -> speed=[0m[1;36m0[0m[1;36m dir=[0m[1;36m0[0m[1;36m
[gzserver-2] [0m[1;36m[Dbg] [wind_plugin.cpp:110] [0m[1;36mWindPlugin: received command -> speed=[0m[1;36m0.890183[0m[1;36m dir=[0m[1;36m-86.1009[0m[1;36m
[gzserver-2] [0m[1;36m[Dbg] [wind_plugin.cpp:110] [0m[1;36mWindPlugin: received command -> speed=[0m[1;36m1.01945[0m[1;36m dir=[0m[1;36m-87.1798[0m[1;36m
[gzserver-2] [0m[1;36m[Dbg] [wind_plugin.cpp:110] [0m[1;36mWindPlugin: received command -> speed=[0m[1;36m1.01945[0m[1;36m dir=[0m[1;36m-87.1798[0m[1;36m
[gzserver-2] [0m[1;36m[Dbg] [wind_plugin.cpp:110] [0m[1;36mWindPlugin: received command -> speed=[0m[1;36m1.01945[0m[1;36m dir=[0m[1;36m-87.1798[0m[1;36m
[gzserver-2] [0m[1;36m[Dbg] [wind_plugin.cpp:110] [0m[1;36mWindPlugin: received command -> speed=[0m[1;36m1.01945[0m[1;36m dir=[0m[1;36m-87.1798[0m[1;36m
[gzserver-2] [0m[1;36m[Dbg] [wind_plugin.cpp:110] [0m[1;36mWindPlugin: received command -> speed=[0m[1;36m0.895543[0m[1;36m dir=[0m[1;36m-83.8252[0m[1;36m
[gzserver-2] [0m[1;36m[Dbg] [wind_plugin.cpp:110] [0m[1;36mWindPlugin: received command -> speed=[0m[1;36m0.895543[0m[1;36m dir=[0m[1;36m-83.8252[0m[1;36m
[gzserver-2] [0m[1;36m[Dbg] [wind_plugin.cpp:110] [0m[1;36mWindPlugin: received command -> speed=[0m[1;36m0.895543[0m[1;36m dir=[0m[1;36m-83.8252[0m[1;36m
[gzserver-2] [0m[1;36m[Dbg] [wind_plugin.cpp:110] [0m[1;36mWindPlugin: received command -> speed=[0m[1;36m0.895543[0m[1;36m dir=[0m[1;36m-83.8252[0m[1;36m
[gzserver-2] [0m[1;36m[Dbg] [wind_plugin.cpp:110] [0m[1;36mWindPlugin: received command -> speed=[0m[1;36m0.969263[0m[1;36m dir=[0m[1;36m-85.8394[0m[1;36m
[gzserver-2] [0m[1;36m[Dbg] [wind_plugin.cpp:110] [0m[1;36mWindPlugin: received command -> speed=[0m[1;36m0.969263[0m[1;36m dir=[0m[1;36m-85.8394[0m[1;36m
[gzserver-2] [0m[1;36m[Dbg] [wind_plugin.cpp:110] [0m[1;36mWindPlugin: received command -> speed=[0m[1;36m0.969263[0m[1;36m dir=[0m[1;36m-85.8394[0m[1;36m
[gzserver-2] [0m[1;36m[Dbg] [wind_plugin.cpp:110] [0m[1;36mWindPlugin: received command -> speed=[0m[1;36m0.969263[0m[1;36m dir=[0m[1;36m-85.8394[0m[1;36m
[gzserver-2] [0m[1;36m[Dbg] [wind_plugin.cpp:110] [0m[1;36mWindPlugin: received command -> speed=[0m[1;36m0.969263[0m[1;36m dir=[0m[1;36m-85.8394[0m[1;36m
[gzserver-2] [0m[1;36m[Dbg] [wind_plugin.cpp:110] [0m[1;36mWindPlugin: received command -> speed=[0m[1;36m0.708274[0m[1;36m dir=[0m[1;36m-86.5792[0m[1;36m
[gzserver-2] [0m[1;36m[Dbg] [wind_plugin.cpp:110] [0m[1;36mWindPlugin: received command -> speed=[0m[1;36m0.708274[0m[1;36m dir=[0m[1;36m-86.5792[0m[1;36m
[gzserver-2] [0m[1;36m[Dbg] [wind_plugin.cpp:110] [0m[1;36mWindPlugin: received command -> speed=[0m[1;36m0.708274[0m[1;36m dir=[0m[1;36m-86.5792[0m[1;36m
[gzserver-2] [0m[1;36m[Dbg] [wind_plugin.cpp:110] [0m[1;36mWindPlugin: received command -> speed=[0m[1;36m0.708274[0m[1;36m dir=[0m[1;36m-86.5792[0m[1;36m
[gzserver-2] [0m[1;36m[Dbg] [wind_plugin.cpp:110] [0m[1;36mWindPlugin: received command -> speed=[0m[1;36m1.04356[0m[1;36m dir=[0m[1;36m-85.8006[0m[1;36m
[gzserver-2] [0m[1;36m[Dbg] [wind_plugin.cpp:110] [0m[1;36mWindPlugin: received command -> speed=[0m[1;36m1.04356[0m[1;36m dir=[0m[1;36m-85.8006[0m[1;36m
[gzserver-2] [0mLanded!
[gzserver-2] [INFO] [1773111949.122856136] [gazebo_wind_plugin_node]: WindPlugin: set wind_speed=1.04 wind_direction=-85.8
[gzserver-2] [INFO] [1773111949.363537389] [gazebo_wind_plugin_node]: WindPlugin: set wind_speed=1.04 wind_direction=-85.8
[gzserver-2] [INFO] [1773111949.593016710] [gazebo_wind_plugin_node]: WindPlugin: set wind_speed=1.16 wind_direction=-85.6
[gzserver-2] [INFO] [1773111949.832473799] [gazebo_wind_plugin_node]: WindPlugin: set wind_speed=1.16 wind_direction=-85.6
[gzserver-2] [INFO] [1773111950.071854526] [gazebo_wind_plugin_node]: WindPlugin: set wind_speed=1.16 wind_direction=-85.6
[gzserver-2] [INFO] [1773111950.306345777] [gazebo_wind_plugin_node]: WindPlugin: set wind_speed=1.16 wind_direction=-85.6
[gzserver-2] [INFO] [1773111950.547426314] [gazebo_wind_plugin_node]: WindPlugin: set wind_speed=0.96 wind_direction=-86.8
[gzserver-2] [INFO] [1773111950.781353260] [gazebo_wind_plugin_node]: WindPlugin: set wind_speed=0.96 wind_direction=-86.8
