[INFO] [launch]: All log files can be found below /home/j/.ros/log/2026-03-10-21-20-30-577405-j-672539
[INFO] [launch]: Default logging verbosity is set to INFO
[INFO] [launch.user]: [bringup] Apriltag config: camera=/drone/bottom, image=/drone/bottom/image_raw, tags=/drone/bottom/tags, bridge=/landing_tag_state, standalone=true, use_target_id=true, target_id=0
[INFO] [rviz2-1]: process started with pid [672542]
[INFO] [gzserver-2]: process started with pid [672544]
[INFO] [robot_state_publisher-3]: process started with pid [672546]
[INFO] [joint_state_publisher-4]: process started with pid [672548]
[INFO] [spawn_drone-5]: process started with pid [672550]
[INFO] [static_transform_publisher-6]: process started with pid [672552]
[INFO] [joy_node-7]: process started with pid [672554]
[INFO] [teleop_joystick-8]: process started with pid [672556]
[INFO] [apriltag_detector_node-9]: process started with pid [672558]
[INFO] [apriltag_state_bridge-10]: process started with pid [672560]
[static_transform_publisher-6] [WARN] [1773145231.062885175] []: Old-style arguments are deprecated; see --help for new-style arguments
[static_transform_publisher-6] [INFO] [1773145231.069061061] [static_transform_publisher_u4gFwG8AaLyoFxS2]: Spinning until stopped - publishing transform
[static_transform_publisher-6] translation: ('0.000000', '0.000000', '0.000000')
[static_transform_publisher-6] rotation: ('0.000000', '0.000000', '0.000000', '1.000000')
[static_transform_publisher-6] from 'world' to '/drone/odom'
[robot_state_publisher-3] [INFO] [1773145231.087787982] [drone.robot_state_publisher]: got segment base_footprint
[robot_state_publisher-3] [INFO] [1773145231.087860120] [drone.robot_state_publisher]: got segment base_link
[robot_state_publisher-3] [INFO] [1773145231.087865963] [drone.robot_state_publisher]: got segment bottom_cam_link
[robot_state_publisher-3] [INFO] [1773145231.087869232] [drone.robot_state_publisher]: got segment front_cam_link
[robot_state_publisher-3] [INFO] [1773145231.087872139] [drone.robot_state_publisher]: got segment sonar_link
[rviz2-1] 
[rviz2-1] (rviz2:672542): dbind-WARNING **: 21:20:31.096: Couldn't connect to accessibility bus: Failed to connect to socket /root/.cache/at-spi/bus_0: 허가 거부
[apriltag_detector_node-9] [INFO] [1773145231.108686596] [apriltag_detector_node]: tag detector type: umich
[teleop_joystick-8] Traceback (most recent call last):
[teleop_joystick-8]   File "/home/j/INCSL/IICC26_ws/install/sjtu_drone_control/lib/sjtu_drone_control/teleop_joystick", line 33, in <module>
[teleop_joystick-8]     sys.exit(load_entry_point('sjtu_drone_control==0.0.0', 'console_scripts', 'teleop_joystick')())
[teleop_joystick-8]   File "/home/j/INCSL/IICC26_ws/install/sjtu_drone_control/lib/sjtu_drone_control/teleop_joystick", line 22, in importlib_load_entry_point
[teleop_joystick-8]     for entry_point in distribution(dist_name).entry_points
[teleop_joystick-8]   File "/usr/lib/python3.10/importlib/metadata/__init__.py", line 969, in distribution
[teleop_joystick-8]     return Distribution.from_name(distribution_name)
[teleop_joystick-8]   File "/usr/lib/python3.10/importlib/metadata/__init__.py", line 548, in from_name
[teleop_joystick-8]     raise PackageNotFoundError(name)
[teleop_joystick-8] importlib.metadata.PackageNotFoundError: No package metadata was found for sjtu_drone_control
[ERROR] [teleop_joystick-8]: process has died [pid 672556, exit code 1, cmd '/home/j/INCSL/IICC26_ws/install/sjtu_drone_control/lib/sjtu_drone_control/teleop_joystick --ros-args -r __ns:=/drone'].
[gzserver-2] Gazebo multi-robot simulator, version 11.10.2
[gzserver-2] Copyright (C) 2012 Open Source Robotics Foundation.
[gzserver-2] Released under the Apache 2 License.
[gzserver-2] http://gazebosim.org
[gzserver-2] 
[apriltag_state_bridge-10] [INFO] [1773145231.287418321] [apriltag_state_bridge]: AprilTag bridge started: /drone/bottom/tags -> /landing_tag_state, use_target_id=True, target_id=0
[gzserver-2] [1;33m[Wrn] [gazebo_ros_init.cpp:178] [0m[1;33m
[gzserver-2] #     # ####### ####### ###  #####  #######
[gzserver-2] ##    # #     #    #     #  #     # #
[gzserver-2] # #   # #     #    #     #  #       #
[gzserver-2] #  #  # #     #    #     #  #       #####
[gzserver-2] #   # # #     #    #     #  #       #
[gzserver-2] #    ## #     #    #     #  #     # #
[gzserver-2] #     # #######    #    ###  #####  #######
[gzserver-2] 
[gzserver-2] This version of Gazebo, now called Gazebo classic, reaches end-of-life
[gzserver-2] in January 2025. Users are highly encouraged to migrate to the new Gazebo
[gzserver-2] using our migration guides (https://gazebosim.org/docs/latest/gazebo_classic_migration?utm_source=gazebo_ros_pkgs&utm_medium=cli)
[gzserver-2] 
[gzserver-2] [0m[1;33m
[joint_state_publisher-4] [INFO] [1773145231.366249888] [drone.joint_state_publisher]: Waiting for robot_description to be published on the robot_description topic...
[rviz2-1] [INFO] [1773145231.832946092] [rviz2]: Stereo is NOT SUPPORTED
[rviz2-1] [INFO] [1773145231.833033248] [rviz2]: OpenGl version: 4.6 (GLSL 4.6)
[rviz2-1] [INFO] [1773145231.921866978] [rviz2]: Stereo is NOT SUPPORTED
[rviz2-1] [INFO] [1773145232.040264626] [rviz2]: Stereo is NOT SUPPORTED
[gzserver-2] [1;32m[Msg] [0m[1;32mWaiting for master.[0m[1;32m
[gzserver-2] [0m[1;32m[0m[1;32m[0m[1;32m[Msg] [0m[1;32mConnected to gazebo master @ [0m[1;32mhttp://127.0.0.1:11345[0m[1;32m
[gzserver-2] [0m[1;32m[0m[1;32m[0m[1;32m[Msg] [0m[1;32mPublicized address: [0m[1;32m192.168.0.11[0m[1;32m
[gzserver-2] [0m[1;32m[0m[1;32m[0m[1;32m[Msg] [0m[1;32mLoading world file [[0m[1;32m/home/j/INCSL/IICC26_ws/install/sjtu_drone_description/share/sjtu_drone_description/worlds/landingPad.world[0m[1;32m][0m[1;32m
[gzserver-2] [0m[1;32m[0m[1;32m[0m[1;36m[Dbg] [wind_plugin.cpp:96] [0m[1;36mWindPlugin loaded: speed=[0m[1;36m0[0m[1;36m dir=[0m[1;36m0[0m[1;36m deg area=[0m[1;36m0.1[0m[1;36m coeff=[0m[1;36m1[0m[1;36m
[gzserver-2] [0m[1;33m[0m[1;33m[0m[1;31m[Err] [Sensor.cc:510] [0m[1;31mGet noise index not valid[0m[1;31m
[gzserver-2] [0m[1;31m[0m[1;31m[0m[1;31m[Err] [Sensor.cc:510] [0m[1;31mGet noise index not valid[0m[1;31m
[gzserver-2] [0m[1;31m[0m[1;31m[0m[1;31m[Err] [Sensor.cc:510] [0m[1;31mGet noise index not valid[0m[1;31m
[gzserver-2] [0m[1;31m[0m[1;31m[0m[1;31m[Err] [Sensor.cc:510] [0m[1;31mGet noise index not valid[0m[1;31m
[gzserver-2] [0m[1;31m[0m[1;31m[0m[1;31m[Err] [Sensor.cc:510] [0m[1;31mGet noise index not valid[0m[1;31m
[gzserver-2] [0m[1;31m[0m[1;31m[0m[1;31m[Err] [Sensor.cc:510] [0m[1;31mGet noise index not valid[0m[1;31m
[gzserver-2] [0m[1;31m[0m[1;31m[0mTopic [default//drone/base_footprint/down_camera/image] is not valid.
[gzserver-2] Topic [default//drone/base_footprint/front_camera/image] is not valid.
[gzserver-2] [INFO] [1773145232.474784028] [drone.collision_plugin]: Publishing contact states to [/drone/bumper_states]
[gzserver-2] [1;33m[Wrn] [Event.cc:61] [0m[1;33mWarning: Deleting a connection right after creation. [0m[1;33mMake sure to save the ConnectionPtr from a Connect call
[gzserver-2] [0m[INFO] [1773145233.035174286] [drone.camera_bottom]: Publishing camera info to [/drone/bottom/camera_info]
[gzserver-2] [INFO] [1773145233.040035874] [drone.camera_front]: Publishing camera info to [/drone/front/camera_info]
[spawn_drone-5] [INFO] [1773145233.050229559] [spawn_drone]: Result True SpawnEntity: Successfully spawned entity [/drone]
[gzserver-2] [INFO] [1773145233.162295931] [drone.simple_drone]: The drone plugin is loading!
[gzserver-2] [INFO] [1773145233.162534639] [drone.simple_drone]: pub_odom: 1
[gzserver-2] [INFO] [1773145233.162584451] [drone.simple_drone]: Using following parameters: 
[gzserver-2] 		link_name: base_footprint,
[gzserver-2] 		max_force: 30,
[gzserver-2] 		motion_small_noise: 0,
[gzserver-2] 		motion_drift_noise: 0,
[gzserver-2] 		motion_drift_noise_time: 50,
[gzserver-2] 		takeoff_hover_height: 1.63,
[gzserver-2] 		takeoff_vertical_speed: 0.2
[gzserver-2] [INFO] [1773145233.174557038] [drone.simple_drone]: Using the PID parameters: 
[gzserver-2] 	Roll Pitch:
[gzserver-2] 		kP: 10, kI: 0,kD: 5, Limit: 0.5, Time Constant: 0
[gzserver-2] 	Yaw:
[gzserver-2] 		kP: 2, kI: 0,kD: 1, Limit: 1.5, Time Constant: 0
[gzserver-2] 	Velocity X:
[gzserver-2] 		kP: 5, kI: 0,kD: 2.3, Limit: 2, Time Constant: 0
[gzserver-2] 	Velocity Y:
[gzserver-2] 		kP: 5, kI: 0,kD: 2.3, Limit: 2, Time Constant: 0
[gzserver-2] 	Velocity Z:
[gzserver-2] 		kP: 5, kI: 0,kD: 1, Limit: -1, Time Constant: 0
[gzserver-2] 	Position XY:
[gzserver-2] 		kP: 1.1, kI: 0,kD: 0, Limit: 5, Time Constant: 0
[gzserver-2] 	Position Z:
[gzserver-2] 		kP: 1, kI: 0,kD: 0.2, Limit: -1, Time Constant: 0
[gzserver-2] [INFO] [1773145233.174687223] [drone.simple_drone]: The drone plugin finished loading!
[INFO] [spawn_drone-5]: process has finished cleanly [pid 672550]
[gzserver-2] [INFO] [1773145240.388054715] [gazebo_wind_plugin_node]: WindPlugin: set wind_speed=0.00 wind_direction=0.0
[gzserver-2] [INFO] [1773145240.658561426] [gazebo_wind_plugin_node]: WindPlugin: set wind_speed=0.00 wind_direction=0.0
[gzserver-2] [INFO] [1773145240.681305786] [drone.simple_drone]: Quadrotor takes off!!
[gzserver-2] [INFO] [1773145240.882451483] [gazebo_wind_plugin_node]: WindPlugin: set wind_speed=0.00 wind_direction=0.0
[gzserver-2] [INFO] [1773145241.116157891] [gazebo_wind_plugin_node]: WindPlugin: set wind_speed=0.00 wind_direction=0.0
[gzserver-2] [INFO] [1773145241.347015878] [gazebo_wind_plugin_node]: WindPlugin: set wind_speed=0.00 wind_direction=0.0
[gzserver-2] [INFO] [1773145241.586007160] [gazebo_wind_plugin_node]: WindPlugin: set wind_speed=0.00 wind_direction=0.0
[gzserver-2] [INFO] [1773145241.819665366] [gazebo_wind_plugin_node]: WindPlugin: set wind_speed=0.00 wind_direction=0.0
[gzserver-2] [0m[1;36m[Dbg] [wind_plugin.cpp:110] [0m[1;36mWindPlugin: received command -> speed=[0m[1;36m0[0m[1;36m dir=[0m[1;36m0[0m[1;36m
[gzserver-2] [0m[1;36m[Dbg] [wind_plugin.cpp:110] [0m[1;36mWindPlugin: received command -> speed=[0m[1;36m0[0m[1;36m dir=[0m[1;36m0[0m[1;36m
[gzserver-2] [0m[1;36m[Dbg] [wind_plugin.cpp:110] [0m[1;36mWindPlugin: received command -> speed=[0m[1;36m0[0m[1;36m dir=[0m[1;36m0[0m[1;36m
[gzserver-2] [0m[1;36m[Dbg] [wind_plugin.cpp:110] [0m[1;36mWindPlugin: received command -> speed=[0m[1;36m0[0m[1;36m dir=[0m[1;36m0[0m[1;36m
[gzserver-2] [0m[1;36m[Dbg] [wind_plugin.cpp:110] [0m[1;36mWindPlugin: received command -> speed=[0m[1;36m0[0m[1;36m dir=[0m[1;36m0[0m[1;36m
[gzserver-2] [0m[1;36m[Dbg] [wind_plugin.cpp:110] [0m[1;36mWindPlugin: received command -> speed=[0m[1;36m0[0m[1;36m dir=[0m[1;36m0[0m[1;36m
[gzserver-2] [0m[1;36m[Dbg] [wind_plugin.cpp:110] [0m[1;36mWindPlugin: received command -> speed=[0m[1;36m0[0m[1;36m dir=[0m[1;36m0[0m[1;36m
[gzserver-2] [0mEntering flying model!
[gzserver-2] [INFO] [1773145242.061074305] [gazebo_wind_plugin_node]: WindPlugin: set wind_speed=0.00 wind_direction=0.0
[gzserver-2] [INFO] [1773145242.300492166] [gazebo_wind_plugin_node]: WindPlugin: set wind_speed=2.98 wind_direction=-76.5
[gzserver-2] [INFO] [1773145242.539708605] [gazebo_wind_plugin_node]: WindPlugin: set wind_speed=2.98 wind_direction=-76.5
[gzserver-2] [INFO] [1773145242.779023717] [gazebo_wind_plugin_node]: WindPlugin: set wind_speed=2.98 wind_direction=-76.5
[gzserver-2] [INFO] [1773145243.018760803] [gazebo_wind_plugin_node]: WindPlugin: set wind_speed=3.02 wind_direction=-77.8
[gzserver-2] [INFO] [1773145243.254381628] [gazebo_wind_plugin_node]: WindPlugin: set wind_speed=3.02 wind_direction=-77.8
[gzserver-2] [INFO] [1773145243.492976749] [gazebo_wind_plugin_node]: WindPlugin: set wind_speed=3.02 wind_direction=-77.8
[gzserver-2] [INFO] [1773145243.726382406] [gazebo_wind_plugin_node]: WindPlugin: set wind_speed=3.02 wind_direction=-77.8
[gzserver-2] [INFO] [1773145243.961320745] [gazebo_wind_plugin_node]: WindPlugin: set wind_speed=3.06 wind_direction=-78.2
[gzserver-2] [INFO] [1773145244.198005470] [gazebo_wind_plugin_node]: WindPlugin: set wind_speed=3.06 wind_direction=-78.2
[gzserver-2] [INFO] [1773145244.432868992] [gazebo_wind_plugin_node]: WindPlugin: set wind_speed=3.06 wind_direction=-78.2
[gzserver-2] [INFO] [1773145244.674091627] [gazebo_wind_plugin_node]: WindPlugin: set wind_speed=3.06 wind_direction=-78.2
[gzserver-2] [INFO] [1773145244.913184809] [gazebo_wind_plugin_node]: WindPlugin: set wind_speed=3.24 wind_direction=-78.2
[gzserver-2] [INFO] [1773145245.147608148] [gazebo_wind_plugin_node]: WindPlugin: set wind_speed=3.24 wind_direction=-78.2
[gzserver-2] [INFO] [1773145245.382294218] [gazebo_wind_plugin_node]: WindPlugin: set wind_speed=3.24 wind_direction=-78.2
[gzserver-2] [INFO] [1773145245.617454195] [gazebo_wind_plugin_node]: WindPlugin: set wind_speed=3.24 wind_direction=-78.2
[gzserver-2] [INFO] [1773145245.857325596] [gazebo_wind_plugin_node]: WindPlugin: set wind_speed=3.24 wind_direction=-78.2
[gzserver-2] [INFO] [1773145246.091411531] [gazebo_wind_plugin_node]: WindPlugin: set wind_speed=3.05 wind_direction=-75.2
[gzserver-2] [INFO] [1773145246.326249064] [gazebo_wind_plugin_node]: WindPlugin: set wind_speed=3.05 wind_direction=-75.2
[gzserver-2] [INFO] [1773145246.560702039] [gazebo_wind_plugin_node]: WindPlugin: set wind_speed=3.05 wind_direction=-75.2
[gzserver-2] [INFO] [1773145246.799739190] [gazebo_wind_plugin_node]: WindPlugin: set wind_speed=3.05 wind_direction=-75.2
[gzserver-2] [INFO] [1773145247.039702646] [gazebo_wind_plugin_node]: WindPlugin: set wind_speed=3.22 wind_direction=-78.4
[gzserver-2] [INFO] [1773145247.279738633] [gazebo_wind_plugin_node]: WindPlugin: set wind_speed=3.22 wind_direction=-78.4
[gzserver-2] [INFO] [1773145247.519161228] [gazebo_wind_plugin_node]: WindPlugin: set wind_speed=3.22 wind_direction=-78.4
[gzserver-2] [INFO] [1773145247.752164844] [gazebo_wind_plugin_node]: WindPlugin: set wind_speed=3.22 wind_direction=-78.4
[gzserver-2] [INFO] [1773145247.991490196] [gazebo_wind_plugin_node]: WindPlugin: set wind_speed=3.06 wind_direction=-77.2
[gzserver-2] [INFO] [1773145248.225914053] [gazebo_wind_plugin_node]: WindPlugin: set wind_speed=3.06 wind_direction=-77.2
[gzserver-2] [1;36m[Dbg] [wind_plugin.cpp:110] [0m[1;36mWindPlugin: received command -> speed=[0m[1;36m0[0m[1;36m dir=[0m[1;36m0[0m[1;36m
[gzserver-2] [0m[1;36m[Dbg] [wind_plugin.cpp:110] [0m[1;36mWindPlugin: received command -> speed=[0m[1;36m2.9777[0m[1;36m dir=[0m[1;36m-76.4571[0m[1;36m
[gzserver-2] [0m[1;36m[Dbg] [wind_plugin.cpp:110] [0m[1;36mWindPlugin: received command -> speed=[0m[1;36m2.9777[0m[1;36m dir=[0m[1;36m-76.4571[0m[1;36m
[gzserver-2] [0m[1;36m[Dbg] [wind_plugin.cpp:110] [0m[1;36mWindPlugin: received command -> speed=[0m[1;36m2.9777[0m[1;36m dir=[0m[1;36m-76.4571[0m[1;36m
[gzserver-2] [0m[1;36m[Dbg] [wind_plugin.cpp:110] [0m[1;36mWindPlugin: received command -> speed=[0m[1;36m3.02128[0m[1;36m dir=[0m[1;36m-77.7826[0m[1;36m
[gzserver-2] [0m[1;36m[Dbg] [wind_plugin.cpp:110] [0m[1;36mWindPlugin: received command -> speed=[0m[1;36m3.02128[0m[1;36m dir=[0m[1;36m-77.7826[0m[1;36m
[gzserver-2] [0m[1;36m[Dbg] [wind_plugin.cpp:110] [0m[1;36mWindPlugin: received command -> speed=[0m[1;36m3.02128[0m[1;36m dir=[0m[1;36m-77.7826[0m[1;36m
[gzserver-2] [0m[1;36m[Dbg] [wind_plugin.cpp:110] [0m[1;36mWindPlugin: received command -> speed=[0m[1;36m3.02128[0m[1;36m dir=[0m[1;36m-77.7826[0m[1;36m
[gzserver-2] [0m[1;36m[Dbg] [wind_plugin.cpp:110] [0m[1;36mWindPlugin: received command -> speed=[0m[1;36m3.06446[0m[1;36m dir=[0m[1;36m-78.1603[0m[1;36m
[gzserver-2] [0m[1;36m[Dbg] [wind_plugin.cpp:110] [0m[1;36mWindPlugin: received command -> speed=[0m[1;36m3.06446[0m[1;36m dir=[0m[1;36m-78.1603[0m[1;36m
[gzserver-2] [0m[1;36m[Dbg] [wind_plugin.cpp:110] [0m[1;36mWindPlugin: received command -> speed=[0m[1;36m3.06446[0m[1;36m dir=[0m[1;36m-78.1603[0m[1;36m
[gzserver-2] [0m[1;36m[Dbg] [wind_plugin.cpp:110] [0m[1;36mWindPlugin: received command -> speed=[0m[1;36m3.06446[0m[1;36m dir=[0m[1;36m-78.1603[0m[1;36m
[gzserver-2] [0m[1;36m[Dbg] [wind_plugin.cpp:110] [0m[1;36mWindPlugin: received command -> speed=[0m[1;36m3.23652[0m[1;36m dir=[0m[1;36m-78.1732[0m[1;36m
[gzserver-2] [0m[1;36m[Dbg] [wind_plugin.cpp:110] [0m[1;36mWindPlugin: received command -> speed=[0m[1;36m3.23652[0m[1;36m dir=[0m[1;36m-78.1732[0m[1;36m
[gzserver-2] [0m[1;36m[Dbg] [wind_plugin.cpp:110] [0m[1;36mWindPlugin: received command -> speed=[0m[1;36m3.23652[0m[1;36m dir=[0m[1;36m-78.1732[0m[1;36m
[gzserver-2] [0m[1;36m[Dbg] [wind_plugin.cpp:110] [0m[1;36mWindPlugin: received command -> speed=[0m[1;36m3.23652[0m[1;36m dir=[0m[1;36m-78.1732[0m[1;36m
[gzserver-2] [0m[1;36m[Dbg] [wind_plugin.cpp:110] [0m[1;36mWindPlugin: received command -> speed=[0m[1;36m3.23652[0m[1;36m dir=[0m[1;36m-78.1732[0m[1;36m
[gzserver-2] [0m[1;36m[Dbg] [wind_plugin.cpp:110] [0m[1;36mWindPlugin: received command -> speed=[0m[1;36m3.04694[0m[1;36m dir=[0m[1;36m-75.1816[0m[1;36m
[gzserver-2] [0m[1;36m[Dbg] [wind_plugin.cpp:110] [0m[1;36mWindPlugin: received command -> speed=[0m[1;36m3.04694[0m[1;36m dir=[0m[1;36m-75.1816[0m[1;36m
[gzserver-2] [0m[1;36m[Dbg] [wind_plugin.cpp:110] [0m[1;36mWindPlugin: received command -> speed=[0m[1;36m3.04694[0m[1;36m dir=[0m[1;36m-75.1816[0m[1;36m
[gzserver-2] [0m[1;36m[Dbg] [wind_plugin.cpp:110] [0m[1;36mWindPlugin: received command -> speed=[0m[1;36m3.04694[0m[1;36m dir=[0m[1;36m-75.1816[0m[1;36m
[gzserver-2] [0m[1;36m[Dbg] [wind_plugin.cpp:110] [0m[1;36mWindPlugin: received command -> speed=[0m[1;36m3.21553[0m[1;36m dir=[0m[1;36m-78.4478[0m[1;36m
[gzserver-2] [0m[1;36m[Dbg] [wind_plugin.cpp:110] [0m[1;36mWindPlugin: received command -> speed=[0m[1;36m3.21553[0m[1;36m dir=[0m[1;36m-78.4478[0m[1;36m
[gzserver-2] [0m[1;36m[Dbg] [wind_plugin.cpp:110] [0m[1;36mWindPlugin: received command -> speed=[0m[1;36m3.21553[0m[1;36m dir=[0m[1;36m-78.4478[0m[1;36m
[gzserver-2] [0m[1;36m[Dbg] [wind_plugin.cpp:110] [0m[1;36mWindPlugin: received command -> speed=[0m[1;36m3.21553[0m[1;36m dir=[0m[1;36m-78.4478[0m[1;36m
[gzserver-2] [0m[1;36m[Dbg] [wind_plugin.cpp:110] [0m[1;36mWindPlugin: received command -> speed=[0m[1;36m3.0598[0m[1;36m dir=[0m[1;36m-77.2005[0m[1;36m
[gzserver-2] [INFO] [1773145248.465009172] [gazebo_wind_plugin_node]: WindPlugin: set wind_speed=3.06 wind_direction=-77.2
[gzserver-2] [INFO] [1773145248.699569535] [gazebo_wind_plugin_node]: WindPlugin: set wind_speed=3.06 wind_direction=-77.2
[gzserver-2] [INFO] [1773145248.939711372] [gazebo_wind_plugin_node]: WindPlugin: set wind_speed=3.26 wind_direction=-79.6
[gzserver-2] [INFO] [1773145249.168545092] [gazebo_wind_plugin_node]: WindPlugin: set wind_speed=3.26 wind_direction=-79.6
[gzserver-2] [INFO] [1773145249.409472772] [gazebo_wind_plugin_node]: WindPlugin: set wind_speed=3.26 wind_direction=-79.6
[gzserver-2] [INFO] [1773145249.649004138] [gazebo_wind_plugin_node]: WindPlugin: set wind_speed=3.26 wind_direction=-79.6
[gzserver-2] [INFO] [1773145249.888854843] [gazebo_wind_plugin_node]: WindPlugin: set wind_speed=3.28 wind_direction=-80.2
[gzserver-2] [INFO] [1773145250.129378579] [gazebo_wind_plugin_node]: WindPlugin: set wind_speed=3.28 wind_direction=-80.2
[gzserver-2] [INFO] [1773145250.358714952] [gazebo_wind_plugin_node]: WindPlugin: set wind_speed=3.28 wind_direction=-80.2
[gzserver-2] [INFO] [1773145250.598084319] [gazebo_wind_plugin_node]: WindPlugin: set wind_speed=3.28 wind_direction=-80.2
[gzserver-2] [INFO] [1773145250.837010184] [gazebo_wind_plugin_node]: WindPlugin: set wind_speed=3.28 wind_direction=-80.2
[gzserver-2] [INFO] [1773145251.071127444] [gazebo_wind_plugin_node]: WindPlugin: set wind_speed=3.24 wind_direction=-78.1
[gzserver-2] [INFO] [1773145251.304948441] [gazebo_wind_plugin_node]: WindPlugin: set wind_speed=3.24 wind_direction=-78.1
[gzserver-2] [INFO] [1773145251.545117381] [gazebo_wind_plugin_node]: WindPlugin: set wind_speed=3.24 wind_direction=-78.1
[gzserver-2] [INFO] [1773145251.785398373] [gazebo_wind_plugin_node]: WindPlugin: set wind_speed=3.24 wind_direction=-78.1
[gzserver-2] [INFO] [1773145252.025611262] [gazebo_wind_plugin_node]: WindPlugin: set wind_speed=3.18 wind_direction=-75.7
[gzserver-2] [INFO] [1773145252.259749141] [gazebo_wind_plugin_node]: WindPlugin: set wind_speed=3.18 wind_direction=-75.7
[gzserver-2] [INFO] [1773145252.499308208] [gazebo_wind_plugin_node]: WindPlugin: set wind_speed=3.18 wind_direction=-75.7
[gzserver-2] [INFO] [1773145252.733168879] [gazebo_wind_plugin_node]: WindPlugin: set wind_speed=3.18 wind_direction=-75.7
[gzserver-2] [INFO] [1773145252.967905202] [gazebo_wind_plugin_node]: WindPlugin: set wind_speed=3.25 wind_direction=-77.6
[gzserver-2] [INFO] [1773145253.207658816] [gazebo_wind_plugin_node]: WindPlugin: set wind_speed=3.25 wind_direction=-77.6
[gzserver-2] [INFO] [1773145253.441889242] [gazebo_wind_plugin_node]: WindPlugin: set wind_speed=3.25 wind_direction=-77.6
[gzserver-2] [INFO] [1773145253.670463469] [gazebo_wind_plugin_node]: WindPlugin: set wind_speed=3.25 wind_direction=-77.6
[gzserver-2] [INFO] [1773145253.905790145] [gazebo_wind_plugin_node]: WindPlugin: set wind_speed=3.25 wind_direction=-77.9
[gzserver-2] [INFO] [1773145254.147531962] [gazebo_wind_plugin_node]: WindPlugin: set wind_speed=3.25 wind_direction=-77.9
[gzserver-2] [INFO] [1773145254.382034847] [gazebo_wind_plugin_node]: WindPlugin: set wind_speed=3.25 wind_direction=-77.9
[gzserver-2] [INFO] [1773145254.616124770] [gazebo_wind_plugin_node]: WindPlugin: set wind_speed=3.25 wind_direction=-77.9
[gzserver-2] [0m[1;36m[Dbg] [wind_plugin.cpp:110] [0m[1;36mWindPlugin: received command -> speed=[0m[1;36m3.0598[0m[1;36m dir=[0m[1;36m-77.2005[0m[1;36m
[gzserver-2] [0m[1;36m[Dbg] [wind_plugin.cpp:110] [0m[1;36mWindPlugin: received command -> speed=[0m[1;36m3.0598[0m[1;36m dir=[0m[1;36m-77.2005[0m[1;36m
[gzserver-2] [0m[1;36m[Dbg] [wind_plugin.cpp:110] [0m[1;36mWindPlugin: received command -> speed=[0m[1;36m3.0598[0m[1;36m dir=[0m[1;36m-77.2005[0m[1;36m
[gzserver-2] [0m[1;36m[Dbg] [wind_plugin.cpp:110] [0m[1;36mWindPlugin: received command -> speed=[0m[1;36m3.26341[0m[1;36m dir=[0m[1;36m-79.6256[0m[1;36m
[gzserver-2] [0m[1;36m[Dbg] [wind_plugin.cpp:110] [0m[1;36mWindPlugin: received command -> speed=[0m[1;36m3.26341[0m[1;36m dir=[0m[1;36m-79.6256[0m[1;36m
[gzserver-2] [0m[1;36m[Dbg] [wind_plugin.cpp:110] [0m[1;36mWindPlugin: received command -> speed=[0m[1;36m3.26341[0m[1;36m dir=[0m[1;36m-79.6256[0m[1;36m
[gzserver-2] [0m[1;36m[Dbg] [wind_plugin.cpp:110] [0m[1;36mWindPlugin: received command -> speed=[0m[1;36m3.26341[0m[1;36m dir=[0m[1;36m-79.6256[0m[1;36m
[gzserver-2] [0m[1;36m[Dbg] [wind_plugin.cpp:110] [0m[1;36mWindPlugin: received command -> speed=[0m[1;36m3.27757[0m[1;36m dir=[0m[1;36m-80.2484[0m[1;36m
[gzserver-2] [0m[1;36m[Dbg] [wind_plugin.cpp:110] [0m[1;36mWindPlugin: received command -> speed=[0m[1;36m3.27757[0m[1;36m dir=[0m[1;36m-80.2484[0m[1;36m
[gzserver-2] [0m[1;36m[Dbg] [wind_plugin.cpp:110] [0m[1;36mWindPlugin: received command -> speed=[0m[1;36m3.27757[0m[1;36m dir=[0m[1;36m-80.2484[0m[1;36m
[gzserver-2] [0m[1;36m[Dbg] [wind_plugin.cpp:110] [0m[1;36mWindPlugin: received command -> speed=[0m[1;36m3.27757[0m[1;36m dir=[0m[1;36m-80.2484[0m[1;36m
[gzserver-2] [0m[1;36m[Dbg] [wind_plugin.cpp:110] [0m[1;36mWindPlugin: received command -> speed=[0m[1;36m3.27757[0m[1;36m dir=[0m[1;36m-80.2484[0m[1;36m
[gzserver-2] [0m[1;36m[Dbg] [wind_plugin.cpp:110] [0m[1;36mWindPlugin: received command -> speed=[0m[1;36m3.24255[0m[1;36m dir=[0m[1;36m-78.0599[0m[1;36m
[gzserver-2] [0m[1;36m[Dbg] [wind_plugin.cpp:110] [0m[1;36mWindPlugin: received command -> speed=[0m[1;36m3.24255[0m[1;36m dir=[0m[1;36m-78.0599[0m[1;36m
[gzserver-2] [0m[1;36m[Dbg] [wind_plugin.cpp:110] [0m[1;36mWindPlugin: received command -> speed=[0m[1;36m3.24255[0m[1;36m dir=[0m[1;36m-78.0599[0m[1;36m
[gzserver-2] [0m[1;36m[Dbg] [wind_plugin.cpp:110] [0m[1;36mWindPlugin: received command -> speed=[0m[1;36m3.24255[0m[1;36m dir=[0m[1;36m-78.0599[0m[1;36m
[gzserver-2] [0m[1;36m[Dbg] [wind_plugin.cpp:110] [0m[1;36mWindPlugin: received command -> speed=[0m[1;36m3.1838[0m[1;36m dir=[0m[1;36m-75.6921[0m[1;36m
[gzserver-2] [0m[1;36m[Dbg] [wind_plugin.cpp:110] [0m[1;36mWindPlugin: received command -> speed=[0m[1;36m3.1838[0m[1;36m dir=[0m[1;36m-75.6921[0m[1;36m
[gzserver-2] [0m[1;36m[Dbg] [wind_plugin.cpp:110] [0m[1;36mWindPlugin: received command -> speed=[0m[1;36m3.1838[0m[1;36m dir=[0m[1;36m-75.6921[0m[1;36m
[gzserver-2] [0m[1;36m[Dbg] [wind_plugin.cpp:110] [0m[1;36mWindPlugin: received command -> speed=[0m[1;36m3.1838[0m[1;36m dir=[0m[1;36m-75.6921[0m[1;36m
[gzserver-2] [0m[1;36m[Dbg] [wind_plugin.cpp:110] [0m[1;36mWindPlugin: received command -> speed=[0m[1;36m3.25181[0m[1;36m dir=[0m[1;36m-77.593[0m[1;36m
[gzserver-2] [0m[1;36m[Dbg] [wind_plugin.cpp:110] [0m[1;36mWindPlugin: received command -> speed=[0m[1;36m3.25181[0m[1;36m dir=[0m[1;36m-77.593[0m[1;36m
[gzserver-2] [0m[1;36m[Dbg] [wind_plugin.cpp:110] [0m[1;36mWindPlugin: received command -> speed=[0m[1;36m3.25181[0m[1;36m dir=[0m[1;36m-77.593[0m[1;36m
[gzserver-2] [0m[1;36m[Dbg] [wind_plugin.cpp:110] [0m[1;36mWindPlugin: received command -> speed=[0m[1;36m3.25181[0m[1;36m dir=[0m[1;36m-77.593[0m[1;36m
[gzserver-2] [0m[1;36m[Dbg] [wind_plugin.cpp:110] [0m[1;36mWindPlugin: received command -> speed=[0m[1;36m3.25409[0m[1;36m dir=[0m[1;36m-77.8825[0m[1;36m
[gzserver-2] [0m[1;36m[Dbg] [wind_plugin.cpp:110] [0m[1;36mWindPlugin: received command -> speed=[0m[1;36m3.25409[0m[1;36m dir=[0m[1;36m-77.8825[0m[1;36m
[gzserver-2] [0m[1;36m[Dbg] [wind_plugin.cpp:110] [0m[1;36mWindPlugin: received command -> speed=[0m[1;36m3.25409[0m[1;36m dir=[0m[1;36m-77.8825[0m[1;36m
[gzserver-2] [INFO] [1773145254.855340449] [gazebo_wind_plugin_node]: WindPlugin: set wind_speed=3.25 wind_direction=-77.9
[gzserver-2] [INFO] [1773145255.089868017] [gazebo_wind_plugin_node]: WindPlugin: set wind_speed=3.28 wind_direction=-79.5
[gzserver-2] [INFO] [1773145255.319111108] [gazebo_wind_plugin_node]: WindPlugin: set wind_speed=3.28 wind_direction=-79.5
[gzserver-2] [INFO] [1773145255.553427695] [gazebo_wind_plugin_node]: WindPlugin: set wind_speed=3.28 wind_direction=-79.5
[gzserver-2] [INFO] [1773145255.787547714] [gazebo_wind_plugin_node]: WindPlugin: set wind_speed=3.28 wind_direction=-79.5
[gzserver-2] [INFO] [1773145256.026813842] [gazebo_wind_plugin_node]: WindPlugin: set wind_speed=3.17 wind_direction=-79.6
[gzserver-2] [INFO] [1773145256.266138302] [gazebo_wind_plugin_node]: WindPlugin: set wind_speed=3.17 wind_direction=-79.6
[gzserver-2] [INFO] [1773145256.505349235] [gazebo_wind_plugin_node]: WindPlugin: set wind_speed=3.17 wind_direction=-79.6
[gzserver-2] [INFO] [1773145256.744515421] [gazebo_wind_plugin_node]: WindPlugin: set wind_speed=3.17 wind_direction=-79.6
[gzserver-2] [INFO] [1773145256.982536720] [gazebo_wind_plugin_node]: WindPlugin: set wind_speed=3.25 wind_direction=-78.9
[gzserver-2] [INFO] [1773145257.216456209] [gazebo_wind_plugin_node]: WindPlugin: set wind_speed=3.25 wind_direction=-78.9
[gzserver-2] [INFO] [1773145257.450685873] [gazebo_wind_plugin_node]: WindPlugin: set wind_speed=3.25 wind_direction=-78.9
[gzserver-2] [INFO] [1773145257.684357551] [gazebo_wind_plugin_node]: WindPlugin: set wind_speed=3.25 wind_direction=-78.9
[gzserver-2] [INFO] [1773145257.926439910] [gazebo_wind_plugin_node]: WindPlugin: set wind_speed=3.25 wind_direction=-79.0
[gzserver-2] [INFO] [1773145258.157335737] [gazebo_wind_plugin_node]: WindPlugin: set wind_speed=3.25 wind_direction=-79.0
[gzserver-2] [INFO] [1773145258.391054706] [gazebo_wind_plugin_node]: WindPlugin: set wind_speed=3.25 wind_direction=-79.0
[gzserver-2] [INFO] [1773145258.625224805] [gazebo_wind_plugin_node]: WindPlugin: set wind_speed=3.25 wind_direction=-79.0
[gzserver-2] [INFO] [1773145258.854061975] [gazebo_wind_plugin_node]: WindPlugin: set wind_speed=3.25 wind_direction=-79.0
[gzserver-2] [INFO] [1773145259.092922877] [gazebo_wind_plugin_node]: WindPlugin: set wind_speed=3.37 wind_direction=-77.7
[gzserver-2] [INFO] [1773145259.332193277] [gazebo_wind_plugin_node]: WindPlugin: set wind_speed=3.37 wind_direction=-77.7
[gzserver-2] [INFO] [1773145259.571510650] [gazebo_wind_plugin_node]: WindPlugin: set wind_speed=3.37 wind_direction=-77.7
[gzserver-2] [INFO] [1773145259.810795677] [gazebo_wind_plugin_node]: WindPlugin: set wind_speed=3.37 wind_direction=-77.7
[gzserver-2] [INFO] [1773145260.050082834] [gazebo_wind_plugin_node]: WindPlugin: set wind_speed=3.39 wind_direction=-81.0
[gzserver-2] [INFO] [1773145260.284170636] [gazebo_wind_plugin_node]: WindPlugin: set wind_speed=3.39 wind_direction=-81.0
[gzserver-2] [INFO] [1773145260.517877911] [gazebo_wind_plugin_node]: WindPlugin: set wind_speed=3.39 wind_direction=-81.0
[gzserver-2] [INFO] [1773145260.757443939] [gazebo_wind_plugin_node]: WindPlugin: set wind_speed=3.39 wind_direction=-81.0
[gzserver-2] [INFO] [1773145260.996977190] [gazebo_wind_plugin_node]: WindPlugin: set wind_speed=3.17 wind_direction=-81.6
[gzserver-2] [0m[1;36m[Dbg] [wind_plugin.cpp:110] [0m[1;36mWindPlugin: received command -> speed=[0m[1;36m3.25409[0m[1;36m dir=[0m[1;36m-77.8825[0m[1;36m
[gzserver-2] [0m[1;36m[Dbg] [wind_plugin.cpp:110] [0m[1;36mWindPlugin: received command -> speed=[0m[1;36m3.25409[0m[1;36m dir=[0m[1;36m-77.8825[0m[1;36m
[gzserver-2] [0m[1;36m[Dbg] [wind_plugin.cpp:110] [0m[1;36mWindPlugin: received command -> speed=[0m[1;36m3.28121[0m[1;36m dir=[0m[1;36m-79.4603[0m[1;36m
[gzserver-2] [0m[1;36m[Dbg] [wind_plugin.cpp:110] [0m[1;36mWindPlugin: received command -> speed=[0m[1;36m3.28121[0m[1;36m dir=[0m[1;36m-79.4603[0m[1;36m
[gzserver-2] [0m[1;36m[Dbg] [wind_plugin.cpp:110] [0m[1;36mWindPlugin: received command -> speed=[0m[1;36m3.28121[0m[1;36m dir=[0m[1;36m-79.4603[0m[1;36m
[gzserver-2] [0m[1;36m[Dbg] [wind_plugin.cpp:110] [0m[1;36mWindPlugin: received command -> speed=[0m[1;36m3.28121[0m[1;36m dir=[0m[1;36m-79.4603[0m[1;36m
[gzserver-2] [0m[1;36m[Dbg] [wind_plugin.cpp:110] [0m[1;36mWindPlugin: received command -> speed=[0m[1;36m3.16946[0m[1;36m dir=[0m[1;36m-79.573[0m[1;36m
[gzserver-2] [0m[1;36m[Dbg] [wind_plugin.cpp:110] [0m[1;36mWindPlugin: received command -> speed=[0m[1;36m3.16946[0m[1;36m dir=[0m[1;36m-79.573[0m[1;36m
[gzserver-2] [0m[1;36m[Dbg] [wind_plugin.cpp:110] [0m[1;36mWindPlugin: received command -> speed=[0m[1;36m3.16946[0m[1;36m dir=[0m[1;36m-79.573[0m[1;36m
[gzserver-2] [0m[1;36m[Dbg] [wind_plugin.cpp:110] [0m[1;36mWindPlugin: received command -> speed=[0m[1;36m3.16946[0m[1;36m dir=[0m[1;36m-79.573[0m[1;36m
[gzserver-2] [0m[1;36m[Dbg] [wind_plugin.cpp:110] [0m[1;36mWindPlugin: received command -> speed=[0m[1;36m3.24798[0m[1;36m dir=[0m[1;36m-78.8806[0m[1;36m
[gzserver-2] [0m[1;36m[Dbg] [wind_plugin.cpp:110] [0m[1;36mWindPlugin: received command -> speed=[0m[1;36m3.24798[0m[1;36m dir=[0m[1;36m-78.8806[0m[1;36m
[gzserver-2] [0m[1;36m[Dbg] [wind_plugin.cpp:110] [0m[1;36mWindPlugin: received command -> speed=[0m[1;36m3.24798[0m[1;36m dir=[0m[1;36m-78.8806[0m[1;36m
[gzserver-2] [0m[1;36m[Dbg] [wind_plugin.cpp:110] [0m[1;36mWindPlugin: received command -> speed=[0m[1;36m3.24798[0m[1;36m dir=[0m[1;36m-78.8806[0m[1;36m
[gzserver-2] [0m[1;36m[Dbg] [wind_plugin.cpp:110] [0m[1;36mWindPlugin: received command -> speed=[0m[1;36m3.25197[0m[1;36m dir=[0m[1;36m-79.0362[0m[1;36m
[gzserver-2] [0m[1;36m[Dbg] [wind_plugin.cpp:110] [0m[1;36mWindPlugin: received command -> speed=[0m[1;36m3.25197[0m[1;36m dir=[0m[1;36m-79.0362[0m[1;36m
[gzserver-2] [0m[1;36m[Dbg] [wind_plugin.cpp:110] [0m[1;36mWindPlugin: received command -> speed=[0m[1;36m3.25197[0m[1;36m dir=[0m[1;36m-79.0362[0m[1;36m
[gzserver-2] [0m[1;36m[Dbg] [wind_plugin.cpp:110] [0m[1;36mWindPlugin: received command -> speed=[0m[1;36m3.25197[0m[1;36m dir=[0m[1;36m-79.0362[0m[1;36m
[gzserver-2] [0m[1;36m[Dbg] [wind_plugin.cpp:110] [0m[1;36mWindPlugin: received command -> speed=[0m[1;36m3.25197[0m[1;36m dir=[0m[1;36m-79.0362[0m[1;36m
[gzserver-2] [0m[1;36m[Dbg] [wind_plugin.cpp:110] [0m[1;36mWindPlugin: received command -> speed=[0m[1;36m3.37179[0m[1;36m dir=[0m[1;36m-77.6898[0m[1;36m
[gzserver-2] [0m[1;36m[Dbg] [wind_plugin.cpp:110] [0m[1;36mWindPlugin: received command -> speed=[0m[1;36m3.37179[0m[1;36m dir=[0m[1;36m-77.6898[0m[1;36m
[gzserver-2] [0m[1;36m[Dbg] [wind_plugin.cpp:110] [0m[1;36mWindPlugin: received command -> speed=[0m[1;36m3.37179[0m[1;36m dir=[0m[1;36m-77.6898[0m[1;36m
[gzserver-2] [0m[1;36m[Dbg] [wind_plugin.cpp:110] [0m[1;36mWindPlugin: received command -> speed=[0m[1;36m3.37179[0m[1;36m dir=[0m[1;36m-77.6898[0m[1;36m
[gzserver-2] [0m[1;36m[Dbg] [wind_plugin.cpp:110] [0m[1;36mWindPlugin: received command -> speed=[0m[1;36m3.39471[0m[1;36m dir=[0m[1;36m-81.037[0m[1;36m
[gzserver-2] [0m[1;36m[Dbg] [wind_plugin.cpp:110] [0m[1;36mWindPlugin: received command -> speed=[0m[1;36m3.39471[0m[1;36m dir=[0m[1;36m-81.037[0m[1;36m
[gzserver-2] [0m[1;36m[Dbg] [wind_plugin.cpp:110] [0m[1;36mWindPlugin: received command -> speed=[0m[1;36m3.39471[0m[1;36m dir=[0m[1;36m-81.037[0m[1;36m
[gzserver-2] [0m[1;36m[Dbg] [wind_plugin.cpp:110] [0m[1;36mWindPlugin: received command -> speed=[0m[1;36m3.39471[0m[1;36m dir=[0m[1;36m-81.037[0m[1;36m
[gzserver-2] [INFO] [1773145261.236563174] [gazebo_wind_plugin_node]: WindPlugin: set wind_speed=3.17 wind_direction=-81.6
[gzserver-2] [INFO] [1773145261.475580633] [gazebo_wind_plugin_node]: WindPlugin: set wind_speed=3.17 wind_direction=-81.6
[gzserver-2] [INFO] [1773145261.705363478] [gazebo_wind_plugin_node]: WindPlugin: set wind_speed=3.17 wind_direction=-81.6
[gzserver-2] [INFO] [1773145261.944741859] [gazebo_wind_plugin_node]: WindPlugin: set wind_speed=3.25 wind_direction=-77.5
[gzserver-2] [INFO] [1773145262.184835408] [gazebo_wind_plugin_node]: WindPlugin: set wind_speed=3.25 wind_direction=-77.5
[gzserver-2] [INFO] [1773145262.424588890] [gazebo_wind_plugin_node]: WindPlugin: set wind_speed=3.25 wind_direction=-77.5
[gzserver-2] [INFO] [1773145262.658316051] [gazebo_wind_plugin_node]: WindPlugin: set wind_speed=3.25 wind_direction=-77.5
[gzserver-2] [INFO] [1773145262.897342928] [gazebo_wind_plugin_node]: WindPlugin: set wind_speed=3.11 wind_direction=-79.8
[gzserver-2] [INFO] [1773145263.137142359] [gazebo_wind_plugin_node]: WindPlugin: set wind_speed=3.11 wind_direction=-79.8
[gzserver-2] [INFO] [1773145263.376514857] [gazebo_wind_plugin_node]: WindPlugin: set wind_speed=3.11 wind_direction=-79.8
[gzserver-2] [INFO] [1773145263.615183170] [gazebo_wind_plugin_node]: WindPlugin: set wind_speed=3.11 wind_direction=-79.8
[gzserver-2] [INFO] [1773145263.854853781] [gazebo_wind_plugin_node]: WindPlugin: set wind_speed=3.11 wind_direction=-79.8
[gzserver-2] [INFO] [1773145264.094535482] [gazebo_wind_plugin_node]: WindPlugin: set wind_speed=3.44 wind_direction=-77.7
[gzserver-2] [INFO] [1773145264.333623790] [gazebo_wind_plugin_node]: WindPlugin: set wind_speed=3.44 wind_direction=-77.7
[gzserver-2] [INFO] [1773145264.568445548] [gazebo_wind_plugin_node]: WindPlugin: set wind_speed=3.44 wind_direction=-77.7
[gzserver-2] [INFO] [1773145264.807595546] [gazebo_wind_plugin_node]: WindPlugin: set wind_speed=3.44 wind_direction=-77.7
[gzserver-2] [INFO] [1773145265.047133650] [gazebo_wind_plugin_node]: WindPlugin: set wind_speed=3.30 wind_direction=-77.3
[gzserver-2] [INFO] [1773145265.289160056] [gazebo_wind_plugin_node]: WindPlugin: set wind_speed=3.30 wind_direction=-77.3
[gzserver-2] [INFO] [1773145265.524040890] [gazebo_wind_plugin_node]: WindPlugin: set wind_speed=3.30 wind_direction=-77.3
[gzserver-2] [INFO] [1773145265.763960734] [gazebo_wind_plugin_node]: WindPlugin: set wind_speed=3.30 wind_direction=-77.3
[gzserver-2] [INFO] [1773145265.997630406] [gazebo_wind_plugin_node]: WindPlugin: set wind_speed=3.15 wind_direction=-77.8
[gzserver-2] [INFO] [1773145266.231237288] [gazebo_wind_plugin_node]: WindPlugin: set wind_speed=3.15 wind_direction=-77.8
[gzserver-2] [INFO] [1773145266.467630472] [gazebo_wind_plugin_node]: WindPlugin: set wind_speed=3.15 wind_direction=-77.8
[gzserver-2] [INFO] [1773145266.706920517] [gazebo_wind_plugin_node]: WindPlugin: set wind_speed=3.15 wind_direction=-77.8
[gzserver-2] [INFO] [1773145266.941099832] [gazebo_wind_plugin_node]: WindPlugin: set wind_speed=3.27 wind_direction=-78.5
[gzserver-2] [INFO] [1773145267.175063028] [gazebo_wind_plugin_node]: WindPlugin: set wind_speed=3.27 wind_direction=-78.5
[gzserver-2] [INFO] [1773145267.414422125] [gazebo_wind_plugin_node]: WindPlugin: set wind_speed=3.27 wind_direction=-78.5
[gzserver-2] [0m[1;36m[Dbg] [wind_plugin.cpp:110] [0m[1;36mWindPlugin: received command -> speed=[0m[1;36m3.16976[0m[1;36m dir=[0m[1;36m-81.5671[0m[1;36m
[gzserver-2] [0m[1;36m[Dbg] [wind_plugin.cpp:110] [0m[1;36mWindPlugin: received command -> speed=[0m[1;36m3.16976[0m[1;36m dir=[0m[1;36m-81.5671[0m[1;36m
[gzserver-2] [0m[1;36m[Dbg] [wind_plugin.cpp:110] [0m[1;36mWindPlugin: received command -> speed=[0m[1;36m3.16976[0m[1;36m dir=[0m[1;36m-81.5671[0m[1;36m
[gzserver-2] [0m[1;36m[Dbg] [wind_plugin.cpp:110] [0m[1;36mWindPlugin: received command -> speed=[0m[1;36m3.16976[0m[1;36m dir=[0m[1;36m-81.5671[0m[1;36m
[gzserver-2] [0m[1;36m[Dbg] [wind_plugin.cpp:110] [0m[1;36mWindPlugin: received command -> speed=[0m[1;36m3.24956[0m[1;36m dir=[0m[1;36m-77.5488[0m[1;36m
[gzserver-2] [0m[1;36m[Dbg] [wind_plugin.cpp:110] [0m[1;36mWindPlugin: received command -> speed=[0m[1;36m3.24956[0m[1;36m dir=[0m[1;36m-77.5488[0m[1;36m
[gzserver-2] [0m[1;36m[Dbg] [wind_plugin.cpp:110] [0m[1;36mWindPlugin: received command -> speed=[0m[1;36m3.24956[0m[1;36m dir=[0m[1;36m-77.5488[0m[1;36m
[gzserver-2] [0m[1;36m[Dbg] [wind_plugin.cpp:110] [0m[1;36mWindPlugin: received command -> speed=[0m[1;36m3.24956[0m[1;36m dir=[0m[1;36m-77.5488[0m[1;36m
[gzserver-2] [0m[1;36m[Dbg] [wind_plugin.cpp:110] [0m[1;36mWindPlugin: received command -> speed=[0m[1;36m3.10995[0m[1;36m dir=[0m[1;36m-79.8456[0m[1;36m
[gzserver-2] [0m[1;36m[Dbg] [wind_plugin.cpp:110] [0m[1;36mWindPlugin: received command -> speed=[0m[1;36m3.10995[0m[1;36m dir=[0m[1;36m-79.8456[0m[1;36m
[gzserver-2] [0m[1;36m[Dbg] [wind_plugin.cpp:110] [0m[1;36mWindPlugin: received command -> speed=[0m[1;36m3.10995[0m[1;36m dir=[0m[1;36m-79.8456[0m[1;36m
[gzserver-2] [0m[1;36m[Dbg] [wind_plugin.cpp:110] [0m[1;36mWindPlugin: received command -> speed=[0m[1;36m3.10995[0m[1;36m dir=[0m[1;36m-79.8456[0m[1;36m
[gzserver-2] [0m[1;36m[Dbg] [wind_plugin.cpp:110] [0m[1;36mWindPlugin: received command -> speed=[0m[1;36m3.10995[0m[1;36m dir=[0m[1;36m-79.8456[0m[1;36m
[gzserver-2] [0m[1;36m[Dbg] [wind_plugin.cpp:110] [0m[1;36mWindPlugin: received command -> speed=[0m[1;36m3.44261[0m[1;36m dir=[0m[1;36m-77.6652[0m[1;36m
[gzserver-2] [0m[1;36m[Dbg] [wind_plugin.cpp:110] [0m[1;36mWindPlugin: received command -> speed=[0m[1;36m3.44261[0m[1;36m dir=[0m[1;36m-77.6652[0m[1;36m
[gzserver-2] [0m[1;36m[Dbg] [wind_plugin.cpp:110] [0m[1;36mWindPlugin: received command -> speed=[0m[1;36m3.44261[0m[1;36m dir=[0m[1;36m-77.6652[0m[1;36m
[gzserver-2] [0m[1;36m[Dbg] [wind_plugin.cpp:110] [0m[1;36mWindPlugin: received command -> speed=[0m[1;36m3.44261[0m[1;36m dir=[0m[1;36m-77.6652[0m[1;36m
[gzserver-2] [0m[1;36m[Dbg] [wind_plugin.cpp:110] [0m[1;36mWindPlugin: received command -> speed=[0m[1;36m3.29871[0m[1;36m dir=[0m[1;36m-77.3392[0m[1;36m
[gzserver-2] [0m[1;36m[Dbg] [wind_plugin.cpp:110] [0m[1;36mWindPlugin: received command -> speed=[0m[1;36m3.29871[0m[1;36m dir=[0m[1;36m-77.3392[0m[1;36m
[gzserver-2] [0m[1;36m[Dbg] [wind_plugin.cpp:110] [0m[1;36mWindPlugin: received command -> speed=[0m[1;36m3.29871[0m[1;36m dir=[0m[1;36m-77.3392[0m[1;36m
[gzserver-2] [0m[1;36m[Dbg] [wind_plugin.cpp:110] [0m[1;36mWindPlugin: received command -> speed=[0m[1;36m3.29871[0m[1;36m dir=[0m[1;36m-77.3392[0m[1;36m
[gzserver-2] [0m[1;36m[Dbg] [wind_plugin.cpp:110] [0m[1;36mWindPlugin: received command -> speed=[0m[1;36m3.14648[0m[1;36m dir=[0m[1;36m-77.8114[0m[1;36m
[gzserver-2] [0m[1;36m[Dbg] [wind_plugin.cpp:110] [0m[1;36mWindPlugin: received command -> speed=[0m[1;36m3.14648[0m[1;36m dir=[0m[1;36m-77.8114[0m[1;36m
[gzserver-2] [0m[1;36m[Dbg] [wind_plugin.cpp:110] [0m[1;36mWindPlugin: received command -> speed=[0m[1;36m3.14648[0m[1;36m dir=[0m[1;36m-77.8114[0m[1;36m
[gzserver-2] [0m[1;36m[Dbg] [wind_plugin.cpp:110] [0m[1;36mWindPlugin: received command -> speed=[0m[1;36m3.14648[0m[1;36m dir=[0m[1;36m-77.8114[0m[1;36m
[gzserver-2] [0m[1;36m[Dbg] [wind_plugin.cpp:110] [0m[1;36mWindPlugin: received command -> speed=[0m[1;36m3.26602[0m[1;36m dir=[0m[1;36m-78.5125[0m[1;36m
[gzserver-2] [0m[1;36m[Dbg] [wind_plugin.cpp:110] [0m[1;36mWindPlugin: received command -> speed=[0m[1;36m3.26602[0m[1;36m dir=[0m[1;36m-78.5125[0m[1;36m
[gzserver-2] [INFO] [1773145267.649114811] [gazebo_wind_plugin_node]: WindPlugin: set wind_speed=3.27 wind_direction=-78.5
[gzserver-2] [INFO] [1773145267.888220013] [gazebo_wind_plugin_node]: WindPlugin: set wind_speed=3.44 wind_direction=-80.0
[gzserver-2] [INFO] [1773145268.123695447] [gazebo_wind_plugin_node]: WindPlugin: set wind_speed=3.44 wind_direction=-80.0
[gzserver-2] [INFO] [1773145268.362944157] [gazebo_wind_plugin_node]: WindPlugin: set wind_speed=3.44 wind_direction=-80.0
[gzserver-2] [INFO] [1773145268.597027547] [gazebo_wind_plugin_node]: WindPlugin: set wind_speed=3.44 wind_direction=-80.0
[gzserver-2] [INFO] [1773145268.835704166] [gazebo_wind_plugin_node]: WindPlugin: set wind_speed=3.44 wind_direction=-80.0
[gzserver-2] [INFO] [1773145269.069619603] [gazebo_wind_plugin_node]: WindPlugin: set wind_speed=3.19 wind_direction=-80.1
[gzserver-2] [INFO] [1773145269.308734972] [gazebo_wind_plugin_node]: WindPlugin: set wind_speed=3.19 wind_direction=-80.1
[gzserver-2] [INFO] [1773145269.537500221] [gazebo_wind_plugin_node]: WindPlugin: set wind_speed=3.19 wind_direction=-80.1
[gzserver-2] [INFO] [1773145269.776699422] [gazebo_wind_plugin_node]: WindPlugin: set wind_speed=3.19 wind_direction=-80.1
[gzserver-2] [INFO] [1773145270.016345397] [gazebo_wind_plugin_node]: WindPlugin: set wind_speed=3.18 wind_direction=-79.3
[gzserver-2] [INFO] [1773145270.251497061] [gazebo_wind_plugin_node]: WindPlugin: set wind_speed=3.18 wind_direction=-79.3
[gzserver-2] [INFO] [1773145270.490730042] [gazebo_wind_plugin_node]: WindPlugin: set wind_speed=3.18 wind_direction=-79.3
[gzserver-2] [INFO] [1773145270.730441870] [gazebo_wind_plugin_node]: WindPlugin: set wind_speed=3.18 wind_direction=-79.3
[gzserver-2] [INFO] [1773145270.969549981] [gazebo_wind_plugin_node]: WindPlugin: set wind_speed=3.27 wind_direction=-78.1
[gzserver-2] [INFO] [1773145271.203834057] [gazebo_wind_plugin_node]: WindPlugin: set wind_speed=3.27 wind_direction=-78.1
[gzserver-2] [INFO] [1773145271.443147579] [gazebo_wind_plugin_node]: WindPlugin: set wind_speed=3.27 wind_direction=-78.1
[gzserver-2] [INFO] [1773145271.672067405] [gazebo_wind_plugin_node]: WindPlugin: set wind_speed=3.27 wind_direction=-78.1
[gzserver-2] [INFO] [1773145271.911664776] [gazebo_wind_plugin_node]: WindPlugin: set wind_speed=3.18 wind_direction=-80.5
[gzserver-2] [INFO] [1773145272.150368461] [gazebo_wind_plugin_node]: WindPlugin: set wind_speed=3.18 wind_direction=-80.5
[gzserver-2] [INFO] [1773145272.188367897] [drone.simple_drone]: Quadrotor lands!!
[gzserver-2] [INFO] [1773145272.389746721] [gazebo_wind_plugin_node]: WindPlugin: set wind_speed=3.18 wind_direction=-80.5
[gzserver-2] [INFO] [1773145272.626025962] [gazebo_wind_plugin_node]: WindPlugin: set wind_speed=3.18 wind_direction=-80.5
[gzserver-2] [INFO] [1773145272.867433107] [gazebo_wind_plugin_node]: WindPlugin: set wind_speed=3.18 wind_direction=-80.5
[gzserver-2] [INFO] [1773145273.106643572] [gazebo_wind_plugin_node]: WindPlugin: set wind_speed=3.22 wind_direction=-79.3
[gzserver-2] [0m[1;36m[Dbg] [wind_plugin.cpp:110] [0m[1;36mWindPlugin: received command -> speed=[0m[1;36m3.26602[0m[1;36m dir=[0m[1;36m-78.5125[0m[1;36m
[gzserver-2] [0m[1;36m[Dbg] [wind_plugin.cpp:110] [0m[1;36mWindPlugin: received command -> speed=[0m[1;36m3.26602[0m[1;36m dir=[0m[1;36m-78.5125[0m[1;36m
[gzserver-2] [0m[1;36m[Dbg] [wind_plugin.cpp:110] [0m[1;36mWindPlugin: received command -> speed=[0m[1;36m3.44108[0m[1;36m dir=[0m[1;36m-79.9787[0m[1;36m
[gzserver-2] [0m[1;36m[Dbg] [wind_plugin.cpp:110] [0m[1;36mWindPlugin: received command -> speed=[0m[1;36m3.44108[0m[1;36m dir=[0m[1;36m-79.9787[0m[1;36m
[gzserver-2] [0m[1;36m[Dbg] [wind_plugin.cpp:110] [0m[1;36mWindPlugin: received command -> speed=[0m[1;36m3.44108[0m[1;36m dir=[0m[1;36m-79.9787[0m[1;36m
[gzserver-2] [0m[1;36m[Dbg] [wind_plugin.cpp:110] [0m[1;36mWindPlugin: received command -> speed=[0m[1;36m3.44108[0m[1;36m dir=[0m[1;36m-79.9787[0m[1;36m
[gzserver-2] [0m[1;36m[Dbg] [wind_plugin.cpp:110] [0m[1;36mWindPlugin: received command -> speed=[0m[1;36m3.44108[0m[1;36m dir=[0m[1;36m-79.9787[0m[1;36m
[gzserver-2] [0m[1;36m[Dbg] [wind_plugin.cpp:110] [0m[1;36mWindPlugin: received command -> speed=[0m[1;36m3.19152[0m[1;36m dir=[0m[1;36m-80.0947[0m[1;36m
[gzserver-2] [0m[1;36m[Dbg] [wind_plugin.cpp:110] [0m[1;36mWindPlugin: received command -> speed=[0m[1;36m3.19152[0m[1;36m dir=[0m[1;36m-80.0947[0m[1;36m
[gzserver-2] [0m[1;36m[Dbg] [wind_plugin.cpp:110] [0m[1;36mWindPlugin: received command -> speed=[0m[1;36m3.19152[0m[1;36m dir=[0m[1;36m-80.0947[0m[1;36m
[gzserver-2] [0m[1;36m[Dbg] [wind_plugin.cpp:110] [0m[1;36mWindPlugin: received command -> speed=[0m[1;36m3.19152[0m[1;36m dir=[0m[1;36m-80.0947[0m[1;36m
[gzserver-2] [0m[1;36m[Dbg] [wind_plugin.cpp:110] [0m[1;36mWindPlugin: received command -> speed=[0m[1;36m3.17739[0m[1;36m dir=[0m[1;36m-79.3202[0m[1;36m
[gzserver-2] [0m[1;36m[Dbg] [wind_plugin.cpp:110] [0m[1;36mWindPlugin: received command -> speed=[0m[1;36m3.17739[0m[1;36m dir=[0m[1;36m-79.3202[0m[1;36m
[gzserver-2] [0m[1;36m[Dbg] [wind_plugin.cpp:110] [0m[1;36mWindPlugin: received command -> speed=[0m[1;36m3.17739[0m[1;36m dir=[0m[1;36m-79.3202[0m[1;36m
[gzserver-2] [0m[1;36m[Dbg] [wind_plugin.cpp:110] [0m[1;36mWindPlugin: received command -> speed=[0m[1;36m3.17739[0m[1;36m dir=[0m[1;36m-79.3202[0m[1;36m
[gzserver-2] [0m[1;36m[Dbg] [wind_plugin.cpp:110] [0m[1;36mWindPlugin: received command -> speed=[0m[1;36m3.27002[0m[1;36m dir=[0m[1;36m-78.1294[0m[1;36m
[gzserver-2] [0m[1;36m[Dbg] [wind_plugin.cpp:110] [0m[1;36mWindPlugin: received command -> speed=[0m[1;36m3.27002[0m[1;36m dir=[0m[1;36m-78.1294[0m[1;36m
[gzserver-2] [0m[1;36m[Dbg] [wind_plugin.cpp:110] [0m[1;36mWindPlugin: received command -> speed=[0m[1;36m3.27002[0m[1;36m dir=[0m[1;36m-78.1294[0m[1;36m
[gzserver-2] [0m[1;36m[Dbg] [wind_plugin.cpp:110] [0m[1;36mWindPlugin: received command -> speed=[0m[1;36m3.27002[0m[1;36m dir=[0m[1;36m-78.1294[0m[1;36m
[gzserver-2] [0m[1;36m[Dbg] [wind_plugin.cpp:110] [0m[1;36mWindPlugin: received command -> speed=[0m[1;36m3.18233[0m[1;36m dir=[0m[1;36m-80.547[0m[1;36m
[gzserver-2] [0m[1;36m[Dbg] [wind_plugin.cpp:110] [0m[1;36mWindPlugin: received command -> speed=[0m[1;36m3.18233[0m[1;36m dir=[0m[1;36m-80.547[0m[1;36m
[gzserver-2] [0m[1;36m[Dbg] [wind_plugin.cpp:110] [0m[1;36mWindPlugin: received command -> speed=[0m[1;36m3.18233[0m[1;36m dir=[0m[1;36m-80.547[0m[1;36m
[gzserver-2] [0m[1;36m[Dbg] [wind_plugin.cpp:110] [0m[1;36mWindPlugin: received command -> speed=[0m[1;36m3.18233[0m[1;36m dir=[0m[1;36m-80.547[0m[1;36m
[gzserver-2] [0m[1;36m[Dbg] [wind_plugin.cpp:110] [0m[1;36mWindPlugin: received command -> speed=[0m[1;36m3.18233[0m[1;36m dir=[0m[1;36m-80.547[0m[1;36m
[gzserver-2] [0m[1;36m[Dbg] [wind_plugin.cpp:110] [0m[1;36mWindPlugin: received command -> speed=[0m[1;36m3.21575[0m[1;36m dir=[0m[1;36m-79.2637[0m[1;36m
[gzserver-2] [0mLanded!
[gzserver-2] [INFO] [1773145273.342920093] [gazebo_wind_plugin_node]: WindPlugin: set wind_speed=3.22 wind_direction=-79.3
[gzserver-2] [INFO] [1773145273.585125539] [gazebo_wind_plugin_node]: WindPlugin: set wind_speed=3.22 wind_direction=-79.3
[gzserver-2] [INFO] [1773145273.819606534] [gazebo_wind_plugin_node]: WindPlugin: set wind_speed=3.22 wind_direction=-79.3
[gzserver-2] [INFO] [1773145274.058855684] [gazebo_wind_plugin_node]: WindPlugin: set wind_speed=3.14 wind_direction=-78.2
[gzserver-2] [INFO] [1773145274.293371947] [gazebo_wind_plugin_node]: WindPlugin: set wind_speed=3.14 wind_direction=-78.2
[gzserver-2] [INFO] [1773145274.527609975] [gazebo_wind_plugin_node]: WindPlugin: set wind_speed=3.14 wind_direction=-78.2
[gzserver-2] [INFO] [1773145274.766669090] [gazebo_wind_plugin_node]: WindPlugin: set wind_speed=3.14 wind_direction=-78.2
[gzserver-2] [INFO] [1773145275.006545707] [gazebo_wind_plugin_node]: WindPlugin: set wind_speed=3.25 wind_direction=-76.9
