[INFO] [launch]: All log files can be found below /home/j/.ros/log/2026-03-11-01-29-08-624396-j-2823336
[INFO] [launch]: Default logging verbosity is set to INFO
[INFO] [launch.user]: [bringup] Apriltag config: camera=/drone/bottom, image=/drone/bottom/image_raw, tags=/drone/bottom/tags, bridge=/landing_tag_state, standalone=true, use_target_id=true, target_id=0
[INFO] [rviz2-1]: process started with pid [2823349]
[INFO] [gzserver-2]: process started with pid [2823351]
[INFO] [robot_state_publisher-3]: process started with pid [2823353]
[INFO] [joint_state_publisher-4]: process started with pid [2823355]
[INFO] [spawn_drone-5]: process started with pid [2823357]
[INFO] [static_transform_publisher-6]: process started with pid [2823359]
[INFO] [joy_node-7]: process started with pid [2823361]
[INFO] [teleop_joystick-8]: process started with pid [2823363]
[INFO] [apriltag_detector_node-9]: process started with pid [2823365]
[INFO] [apriltag_state_bridge-10]: process started with pid [2823367]
[static_transform_publisher-6] [WARN] [1773160149.103039585] []: Old-style arguments are deprecated; see --help for new-style arguments
[static_transform_publisher-6] [INFO] [1773160149.110073216] [static_transform_publisher_YW0kGQP4MK2H7gdj]: Spinning until stopped - publishing transform
[static_transform_publisher-6] translation: ('0.000000', '0.000000', '0.000000')
[static_transform_publisher-6] rotation: ('0.000000', '0.000000', '0.000000', '1.000000')
[static_transform_publisher-6] from 'world' to '/drone/odom'
[robot_state_publisher-3] [INFO] [1773160149.137660886] [drone.robot_state_publisher]: got segment base_footprint
[robot_state_publisher-3] [INFO] [1773160149.137754331] [drone.robot_state_publisher]: got segment base_link
[robot_state_publisher-3] [INFO] [1773160149.137766727] [drone.robot_state_publisher]: got segment bottom_cam_link
[robot_state_publisher-3] [INFO] [1773160149.137775296] [drone.robot_state_publisher]: got segment front_cam_link
[robot_state_publisher-3] [INFO] [1773160149.137782738] [drone.robot_state_publisher]: got segment sonar_link
[teleop_joystick-8] Traceback (most recent call last):
[teleop_joystick-8]   File "/home/j/INCSL/IICC26_ws/install/sjtu_drone_control/lib/sjtu_drone_control/teleop_joystick", line 33, in <module>
[teleop_joystick-8]     sys.exit(load_entry_point('sjtu_drone_control==0.0.0', 'console_scripts', 'teleop_joystick')())
[teleop_joystick-8]   File "/home/j/INCSL/IICC26_ws/install/sjtu_drone_control/lib/sjtu_drone_control/teleop_joystick", line 22, in importlib_load_entry_point
[teleop_joystick-8]     for entry_point in distribution(dist_name).entry_points
[teleop_joystick-8]   File "/usr/lib/python3.10/importlib/metadata/__init__.py", line 969, in distribution
[teleop_joystick-8]     return Distribution.from_name(distribution_name)
[teleop_joystick-8]   File "/usr/lib/python3.10/importlib/metadata/__init__.py", line 548, in from_name
[teleop_joystick-8]     raise PackageNotFoundError(name)
[teleop_joystick-8] importlib.metadata.PackageNotFoundError: No package metadata was found for sjtu_drone_control
[apriltag_detector_node-9] [INFO] [1773160149.159393307] [apriltag_detector_node]: tag detector type: umich
[rviz2-1] 
[rviz2-1] (rviz2:2823349): dbind-WARNING **: 01:29:09.160: Couldn't connect to accessibility bus: Failed to connect to socket /root/.cache/at-spi/bus_0: 허가 거부
[ERROR] [teleop_joystick-8]: process has died [pid 2823363, exit code 1, cmd '/home/j/INCSL/IICC26_ws/install/sjtu_drone_control/lib/sjtu_drone_control/teleop_joystick --ros-args -r __ns:=/drone'].
[gzserver-2] Gazebo multi-robot simulator, version 11.10.2
[gzserver-2] Copyright (C) 2012 Open Source Robotics Foundation.
[gzserver-2] Released under the Apache 2 License.
[gzserver-2] http://gazebosim.org
[gzserver-2] 
[apriltag_state_bridge-10] [INFO] [1773160149.337079489] [apriltag_state_bridge]: AprilTag bridge started: /drone/bottom/tags -> /landing_tag_state, use_target_id=True, target_id=0
[joint_state_publisher-4] [INFO] [1773160149.349534192] [drone.joint_state_publisher]: Waiting for robot_description to be published on the robot_description topic...
[gzserver-2] [1;33m[Wrn] [gazebo_ros_init.cpp:178] [0m[1;33m
[gzserver-2] #     # ####### ####### ###  #####  #######
[gzserver-2] ##    # #     #    #     #  #     # #
[gzserver-2] # #   # #     #    #     #  #       #
[gzserver-2] #  #  # #     #    #     #  #       #####
[gzserver-2] #   # # #     #    #     #  #       #
[gzserver-2] #    ## #     #    #     #  #     # #
[gzserver-2] #     # #######    #    ###  #####  #######
[gzserver-2] 
[gzserver-2] This version of Gazebo, now called Gazebo classic, reaches end-of-life
[gzserver-2] in January 2025. Users are highly encouraged to migrate to the new Gazebo
[gzserver-2] using our migration guides (https://gazebosim.org/docs/latest/gazebo_classic_migration?utm_source=gazebo_ros_pkgs&utm_medium=cli)
[gzserver-2] 
[gzserver-2] [0m[1;33m
[rviz2-1] [INFO] [1773160150.012059191] [rviz2]: Stereo is NOT SUPPORTED
[rviz2-1] [INFO] [1773160150.012161590] [rviz2]: OpenGl version: 4.6 (GLSL 4.6)
[rviz2-1] [INFO] [1773160150.107309077] [rviz2]: Stereo is NOT SUPPORTED
[rviz2-1] [INFO] [1773160150.186539516] [rviz2]: Stereo is NOT SUPPORTED
[gzserver-2] [1;32m[Msg] [0m[1;32mWaiting for master.[0m[1;32m
[gzserver-2] [0m[1;32m[0m[1;32m[0m[1;32m[Msg] [0m[1;32mConnected to gazebo master @ [0m[1;32mhttp://127.0.0.1:11345[0m[1;32m
[gzserver-2] [0m[1;32m[0m[1;32m[0m[1;32m[Msg] [0m[1;32mPublicized address: [0m[1;32m192.168.0.11[0m[1;32m
[gzserver-2] [0m[1;32m[0m[1;32m[0m[1;32m[Msg] [0m[1;32mLoading world file [[0m[1;32m/home/j/INCSL/IICC26_ws/install/sjtu_drone_description/share/sjtu_drone_description/worlds/landingPad.world[0m[1;32m][0m[1;32m
[gzserver-2] [0m[1;32m[0m[1;32m[0m[1;36m[Dbg] [wind_plugin.cpp:96] [0m[1;36mWindPlugin loaded: speed=[0m[1;36m0[0m[1;36m dir=[0m[1;36m0[0m[1;36m deg area=[0m[1;36m0.1[0m[1;36m coeff=[0m[1;36m1[0m[1;36m
[gzserver-2] [0m[1;33m[0m[1;33m[0m[1;31m[Err] [Sensor.cc:510] [0m[1;31mGet noise index not valid[0m[1;31m
[gzserver-2] [0m[1;31m[0m[1;31m[0m[1;31m[Err] [Sensor.cc:510] [0m[1;31mGet noise index not valid[0m[1;31m
[gzserver-2] [0m[1;31m[0m[1;31m[0m[1;31m[Err] [Sensor.cc:510] [0m[1;31mGet noise index not valid[0m[1;31m
[gzserver-2] [0m[1;31m[0m[1;31m[0m[1;31m[Err] [Sensor.cc:510] [0m[1;31mGet noise index not valid[0m[1;31m
[gzserver-2] [0m[1;31m[0m[1;31m[0m[1;31m[Err] [Sensor.cc:510] [0m[1;31mGet noise index not valid[0m[1;31m
[gzserver-2] [0m[1;31m[0m[1;31m[0m[1;31m[Err] [Sensor.cc:510] [0m[1;31mGet noise index not valid[0m[1;31m
[gzserver-2] [0m[1;31m[0m[1;31m[0mTopic [default//drone/base_footprint/down_camera/image] is not valid.
[gzserver-2] [INFO] [1773160150.429951908] [drone.collision_plugin]: Publishing contact states to [/drone/bumper_states]
[gzserver-2] Topic [default//drone/base_footprint/front_camera/image] is not valid.
[gzserver-2] [1;33m[Wrn] [Event.cc:61] [0m[1;33mWarning: Deleting a connection right after creation. [0m[1;33mMake sure to save the ConnectionPtr from a Connect call
[gzserver-2] [0m[INFO] [1773160151.189088442] [drone.camera_bottom]: Publishing camera info to [/drone/bottom/camera_info]
[gzserver-2] [INFO] [1773160151.191921428] [drone.camera_front]: Publishing camera info to [/drone/front/camera_info]
[spawn_drone-5] [INFO] [1773160151.200971798] [spawn_drone]: Result True SpawnEntity: Successfully spawned entity [/drone]
[gzserver-2] [INFO] [1773160151.313934127] [drone.simple_drone]: The drone plugin is loading!
[gzserver-2] [INFO] [1773160151.314142439] [drone.simple_drone]: pub_odom: 1
[gzserver-2] [INFO] [1773160151.314177988] [drone.simple_drone]: Using following parameters: 
[gzserver-2] 		link_name: base_footprint,
[gzserver-2] 		max_force: 30,
[gzserver-2] 		motion_small_noise: 0,
[gzserver-2] 		motion_drift_noise: 0,
[gzserver-2] 		motion_drift_noise_time: 50,
[gzserver-2] 		takeoff_hover_height: 1.8,
[gzserver-2] 		takeoff_vertical_speed: 0.2
[gzserver-2] [INFO] [1773160151.326134773] [drone.simple_drone]: Using the PID parameters: 
[gzserver-2] 	Roll Pitch:
[gzserver-2] 		kP: 10, kI: 0,kD: 5, Limit: 0.5, Time Constant: 0
[gzserver-2] 	Yaw:
[gzserver-2] 		kP: 2, kI: 0,kD: 1, Limit: 1.5, Time Constant: 0
[gzserver-2] 	Velocity X:
[gzserver-2] 		kP: 5, kI: 0,kD: 2.3, Limit: 2, Time Constant: 0
[gzserver-2] 	Velocity Y:
[gzserver-2] 		kP: 5, kI: 0,kD: 2.3, Limit: 2, Time Constant: 0
[gzserver-2] 	Velocity Z:
[gzserver-2] 		kP: 5, kI: 0,kD: 1, Limit: -1, Time Constant: 0
[gzserver-2] 	Position XY:
[gzserver-2] 		kP: 1.1, kI: 0,kD: 0, Limit: 5, Time Constant: 0
[gzserver-2] 	Position Z:
[gzserver-2] 		kP: 1, kI: 0,kD: 0.2, Limit: -1, Time Constant: 0
[gzserver-2] [INFO] [1773160151.326275639] [drone.simple_drone]: The drone plugin finished loading!
[INFO] [spawn_drone-5]: process has finished cleanly [pid 2823357]
[gzserver-2] [INFO] [1773160158.475724957] [gazebo_wind_plugin_node]: WindPlugin: set wind_speed=0.00 wind_direction=0.0
[gzserver-2] [INFO] [1773160158.747933364] [gazebo_wind_plugin_node]: WindPlugin: set wind_speed=0.00 wind_direction=0.0
[gzserver-2] [INFO] [1773160158.786779842] [drone.simple_drone]: Quadrotor takes off!!
[gzserver-2] [INFO] [1773160158.988391269] [gazebo_wind_plugin_node]: WindPlugin: set wind_speed=0.00 wind_direction=0.0
[gzserver-2] [INFO] [1773160159.228606111] [gazebo_wind_plugin_node]: WindPlugin: set wind_speed=0.00 wind_direction=0.0
[gzserver-2] [INFO] [1773160159.469460070] [gazebo_wind_plugin_node]: WindPlugin: set wind_speed=0.00 wind_direction=0.0
[gzserver-2] [INFO] [1773160159.704907635] [gazebo_wind_plugin_node]: WindPlugin: set wind_speed=0.00 wind_direction=0.0
[gzserver-2] [INFO] [1773160159.944696773] [gazebo_wind_plugin_node]: WindPlugin: set wind_speed=0.00 wind_direction=0.0
[gzserver-2] [INFO] [1773160160.173816626] [gazebo_wind_plugin_node]: WindPlugin: set wind_speed=0.00 wind_direction=0.0
[gzserver-2] [0m[1;36m[Dbg] [wind_plugin.cpp:110] [0m[1;36mWindPlugin: received command -> speed=[0m[1;36m0[0m[1;36m dir=[0m[1;36m0[0m[1;36m
[gzserver-2] [0m[1;36m[Dbg] [wind_plugin.cpp:110] [0m[1;36mWindPlugin: received command -> speed=[0m[1;36m0[0m[1;36m dir=[0m[1;36m0[0m[1;36m
[gzserver-2] [0m[1;36m[Dbg] [wind_plugin.cpp:110] [0m[1;36mWindPlugin: received command -> speed=[0m[1;36m0[0m[1;36m dir=[0m[1;36m0[0m[1;36m
[gzserver-2] [0m[1;36m[Dbg] [wind_plugin.cpp:110] [0m[1;36mWindPlugin: received command -> speed=[0m[1;36m0[0m[1;36m dir=[0m[1;36m0[0m[1;36m
[gzserver-2] [0m[1;36m[Dbg] [wind_plugin.cpp:110] [0m[1;36mWindPlugin: received command -> speed=[0m[1;36m0[0m[1;36m dir=[0m[1;36m0[0m[1;36m
[gzserver-2] [0m[1;36m[Dbg] [wind_plugin.cpp:110] [0m[1;36mWindPlugin: received command -> speed=[0m[1;36m0[0m[1;36m dir=[0m[1;36m0[0m[1;36m
[gzserver-2] [0m[1;36m[Dbg] [wind_plugin.cpp:110] [0m[1;36mWindPlugin: received command -> speed=[0m[1;36m0[0m[1;36m dir=[0m[1;36m0[0m[1;36m
[gzserver-2] [0m[1;36m[Dbg] [wind_plugin.cpp:110] [0m[1;36mWindPlugin: received command -> speed=[0m[1;36m0[0m[1;36m dir=[0m[1;36m0[0m[1;36m
[gzserver-2] [0mEntering flying model!
[gzserver-2] [INFO] [1773160160.408039656] [gazebo_wind_plugin_node]: WindPlugin: set wind_speed=0.00 wind_direction=0.0
[gzserver-2] [INFO] [1773160160.642932466] [gazebo_wind_plugin_node]: WindPlugin: set wind_speed=2.93 wind_direction=-139.1
[gzserver-2] [INFO] [1773160160.877485586] [gazebo_wind_plugin_node]: WindPlugin: set wind_speed=2.93 wind_direction=-139.1
[gzserver-2] [INFO] [1773160161.111297692] [gazebo_wind_plugin_node]: WindPlugin: set wind_speed=2.97 wind_direction=-141.1
[gzserver-2] [INFO] [1773160161.350542409] [gazebo_wind_plugin_node]: WindPlugin: set wind_speed=2.97 wind_direction=-141.1
[gzserver-2] [INFO] [1773160161.592124316] [gazebo_wind_plugin_node]: WindPlugin: set wind_speed=2.97 wind_direction=-141.1
[gzserver-2] [INFO] [1773160161.831583877] [gazebo_wind_plugin_node]: WindPlugin: set wind_speed=2.97 wind_direction=-141.1
[gzserver-2] [INFO] [1773160162.071869860] [gazebo_wind_plugin_node]: WindPlugin: set wind_speed=2.82 wind_direction=-138.1
[gzserver-2] [INFO] [1773160162.310796284] [gazebo_wind_plugin_node]: WindPlugin: set wind_speed=2.82 wind_direction=-138.1
[gzserver-2] [INFO] [1773160162.550007748] [gazebo_wind_plugin_node]: WindPlugin: set wind_speed=2.82 wind_direction=-138.1
[gzserver-2] [INFO] [1773160162.783940648] [gazebo_wind_plugin_node]: WindPlugin: set wind_speed=2.82 wind_direction=-138.1
[gzserver-2] [INFO] [1773160163.019447823] [gazebo_wind_plugin_node]: WindPlugin: set wind_speed=3.00 wind_direction=-142.6
[gzserver-2] [INFO] [1773160163.259285297] [gazebo_wind_plugin_node]: WindPlugin: set wind_speed=3.00 wind_direction=-142.6
[gzserver-2] [INFO] [1773160163.488460603] [gazebo_wind_plugin_node]: WindPlugin: set wind_speed=3.00 wind_direction=-142.6
[gzserver-2] [INFO] [1773160163.728072243] [gazebo_wind_plugin_node]: WindPlugin: set wind_speed=3.00 wind_direction=-142.6
[gzserver-2] [INFO] [1773160163.968270083] [gazebo_wind_plugin_node]: WindPlugin: set wind_speed=3.00 wind_direction=-142.6
[gzserver-2] [INFO] [1773160164.207879761] [gazebo_wind_plugin_node]: WindPlugin: set wind_speed=2.74 wind_direction=-139.5
[gzserver-2] [INFO] [1773160164.442680971] [gazebo_wind_plugin_node]: WindPlugin: set wind_speed=2.74 wind_direction=-139.5
[gzserver-2] [INFO] [1773160164.682050470] [gazebo_wind_plugin_node]: WindPlugin: set wind_speed=2.74 wind_direction=-139.5
[gzserver-2] [INFO] [1773160164.918197124] [gazebo_wind_plugin_node]: WindPlugin: set wind_speed=2.74 wind_direction=-139.5
[gzserver-2] [INFO] [1773160165.147671816] [gazebo_wind_plugin_node]: WindPlugin: set wind_speed=3.02 wind_direction=-140.3
[gzserver-2] [INFO] [1773160165.381773165] [gazebo_wind_plugin_node]: WindPlugin: set wind_speed=3.02 wind_direction=-140.3
[gzserver-2] [INFO] [1773160165.622728628] [gazebo_wind_plugin_node]: WindPlugin: set wind_speed=3.02 wind_direction=-140.3
[gzserver-2] [INFO] [1773160165.862111827] [gazebo_wind_plugin_node]: WindPlugin: set wind_speed=3.02 wind_direction=-140.3
[gzserver-2] [INFO] [1773160166.104331567] [gazebo_wind_plugin_node]: WindPlugin: set wind_speed=3.17 wind_direction=-139.3
[gzserver-2] [INFO] [1773160166.346783212] [gazebo_wind_plugin_node]: WindPlugin: set wind_speed=3.17 wind_direction=-139.3
[gzserver-2] [INFO] [1773160166.586694465] [gazebo_wind_plugin_node]: WindPlugin: set wind_speed=3.17 wind_direction=-139.3
[gzserver-2] [1;36m[Dbg] [wind_plugin.cpp:110] [0m[1;36mWindPlugin: received command -> speed=[0m[1;36m0[0m[1;36m dir=[0m[1;36m0[0m[1;36m
[gzserver-2] [0m[1;36m[Dbg] [wind_plugin.cpp:110] [0m[1;36mWindPlugin: received command -> speed=[0m[1;36m2.93035[0m[1;36m dir=[0m[1;36m-139.109[0m[1;36m
[gzserver-2] [0m[1;36m[Dbg] [wind_plugin.cpp:110] [0m[1;36mWindPlugin: received command -> speed=[0m[1;36m2.93035[0m[1;36m dir=[0m[1;36m-139.109[0m[1;36m
[gzserver-2] [0m[1;36m[Dbg] [wind_plugin.cpp:110] [0m[1;36mWindPlugin: received command -> speed=[0m[1;36m2.9685[0m[1;36m dir=[0m[1;36m-141.117[0m[1;36m
[gzserver-2] [0m[1;36m[Dbg] [wind_plugin.cpp:110] [0m[1;36mWindPlugin: received command -> speed=[0m[1;36m2.9685[0m[1;36m dir=[0m[1;36m-141.117[0m[1;36m
[gzserver-2] [0m[1;36m[Dbg] [wind_plugin.cpp:110] [0m[1;36mWindPlugin: received command -> speed=[0m[1;36m2.9685[0m[1;36m dir=[0m[1;36m-141.117[0m[1;36m
[gzserver-2] [0m[1;36m[Dbg] [wind_plugin.cpp:110] [0m[1;36mWindPlugin: received command -> speed=[0m[1;36m2.9685[0m[1;36m dir=[0m[1;36m-141.117[0m[1;36m
[gzserver-2] [0m[1;36m[Dbg] [wind_plugin.cpp:110] [0m[1;36mWindPlugin: received command -> speed=[0m[1;36m2.81928[0m[1;36m dir=[0m[1;36m-138.108[0m[1;36m
[gzserver-2] [0m[1;36m[Dbg] [wind_plugin.cpp:110] [0m[1;36mWindPlugin: received command -> speed=[0m[1;36m2.81928[0m[1;36m dir=[0m[1;36m-138.108[0m[1;36m
[gzserver-2] [0m[1;36m[Dbg] [wind_plugin.cpp:110] [0m[1;36mWindPlugin: received command -> speed=[0m[1;36m2.81928[0m[1;36m dir=[0m[1;36m-138.108[0m[1;36m
[gzserver-2] [0m[1;36m[Dbg] [wind_plugin.cpp:110] [0m[1;36mWindPlugin: received command -> speed=[0m[1;36m2.81928[0m[1;36m dir=[0m[1;36m-138.108[0m[1;36m
[gzserver-2] [0m[1;36m[Dbg] [wind_plugin.cpp:110] [0m[1;36mWindPlugin: received command -> speed=[0m[1;36m2.99618[0m[1;36m dir=[0m[1;36m-142.615[0m[1;36m
[gzserver-2] [0m[1;36m[Dbg] [wind_plugin.cpp:110] [0m[1;36mWindPlugin: received command -> speed=[0m[1;36m2.99618[0m[1;36m dir=[0m[1;36m-142.615[0m[1;36m
[gzserver-2] [0m[1;36m[Dbg] [wind_plugin.cpp:110] [0m[1;36mWindPlugin: received command -> speed=[0m[1;36m2.99618[0m[1;36m dir=[0m[1;36m-142.615[0m[1;36m
[gzserver-2] [0m[1;36m[Dbg] [wind_plugin.cpp:110] [0m[1;36mWindPlugin: received command -> speed=[0m[1;36m2.99618[0m[1;36m dir=[0m[1;36m-142.615[0m[1;36m
[gzserver-2] [0m[1;36m[Dbg] [wind_plugin.cpp:110] [0m[1;36mWindPlugin: received command -> speed=[0m[1;36m2.99618[0m[1;36m dir=[0m[1;36m-142.615[0m[1;36m
[gzserver-2] [0m[1;36m[Dbg] [wind_plugin.cpp:110] [0m[1;36mWindPlugin: received command -> speed=[0m[1;36m2.74151[0m[1;36m dir=[0m[1;36m-139.499[0m[1;36m
[gzserver-2] [0m[1;36m[Dbg] [wind_plugin.cpp:110] [0m[1;36mWindPlugin: received command -> speed=[0m[1;36m2.74151[0m[1;36m dir=[0m[1;36m-139.499[0m[1;36m
[gzserver-2] [0m[1;36m[Dbg] [wind_plugin.cpp:110] [0m[1;36mWindPlugin: received command -> speed=[0m[1;36m2.74151[0m[1;36m dir=[0m[1;36m-139.499[0m[1;36m
[gzserver-2] [0m[1;36m[Dbg] [wind_plugin.cpp:110] [0m[1;36mWindPlugin: received command -> speed=[0m[1;36m2.74151[0m[1;36m dir=[0m[1;36m-139.499[0m[1;36m
[gzserver-2] [0m[1;36m[Dbg] [wind_plugin.cpp:110] [0m[1;36mWindPlugin: received command -> speed=[0m[1;36m3.01956[0m[1;36m dir=[0m[1;36m-140.264[0m[1;36m
[gzserver-2] [0m[1;36m[Dbg] [wind_plugin.cpp:110] [0m[1;36mWindPlugin: received command -> speed=[0m[1;36m3.01956[0m[1;36m dir=[0m[1;36m-140.264[0m[1;36m
[gzserver-2] [0m[1;36m[Dbg] [wind_plugin.cpp:110] [0m[1;36mWindPlugin: received command -> speed=[0m[1;36m3.01956[0m[1;36m dir=[0m[1;36m-140.264[0m[1;36m
[gzserver-2] [0m[1;36m[Dbg] [wind_plugin.cpp:110] [0m[1;36mWindPlugin: received command -> speed=[0m[1;36m3.01956[0m[1;36m dir=[0m[1;36m-140.264[0m[1;36m
[gzserver-2] [0m[1;36m[Dbg] [wind_plugin.cpp:110] [0m[1;36mWindPlugin: received command -> speed=[0m[1;36m3.1669[0m[1;36m dir=[0m[1;36m-139.306[0m[1;36m
[gzserver-2] [0m[1;36m[Dbg] [wind_plugin.cpp:110] [0m[1;36mWindPlugin: received command -> speed=[0m[1;36m3.1669[0m[1;36m dir=[0m[1;36m-139.306[0m[1;36m
[gzserver-2] [INFO] [1773160166.821343390] [gazebo_wind_plugin_node]: WindPlugin: set wind_speed=3.17 wind_direction=-139.3
[gzserver-2] [INFO] [1773160167.055685717] [gazebo_wind_plugin_node]: WindPlugin: set wind_speed=2.81 wind_direction=-138.6
[gzserver-2] [INFO] [1773160167.289746692] [gazebo_wind_plugin_node]: WindPlugin: set wind_speed=2.81 wind_direction=-138.6
[gzserver-2] [INFO] [1773160167.523767393] [gazebo_wind_plugin_node]: WindPlugin: set wind_speed=2.81 wind_direction=-138.6
[gzserver-2] [INFO] [1773160167.752685609] [gazebo_wind_plugin_node]: WindPlugin: set wind_speed=2.81 wind_direction=-138.6
[gzserver-2] [INFO] [1773160167.991771871] [gazebo_wind_plugin_node]: WindPlugin: set wind_speed=3.02 wind_direction=-141.0
[gzserver-2] [INFO] [1773160168.231176012] [gazebo_wind_plugin_node]: WindPlugin: set wind_speed=3.02 wind_direction=-141.0
[gzserver-2] [INFO] [1773160168.470706140] [gazebo_wind_plugin_node]: WindPlugin: set wind_speed=3.02 wind_direction=-141.0
[gzserver-2] [INFO] [1773160168.709964787] [gazebo_wind_plugin_node]: WindPlugin: set wind_speed=3.02 wind_direction=-141.0
[gzserver-2] [INFO] [1773160168.949967628] [gazebo_wind_plugin_node]: WindPlugin: set wind_speed=3.02 wind_direction=-141.0
[gzserver-2] [INFO] [1773160169.179142194] [gazebo_wind_plugin_node]: WindPlugin: set wind_speed=3.05 wind_direction=-143.1
[gzserver-2] [INFO] [1773160169.412949011] [gazebo_wind_plugin_node]: WindPlugin: set wind_speed=3.05 wind_direction=-143.1
[gzserver-2] [INFO] [1773160169.652525748] [gazebo_wind_plugin_node]: WindPlugin: set wind_speed=3.05 wind_direction=-143.1
[gzserver-2] [INFO] [1773160169.891691385] [gazebo_wind_plugin_node]: WindPlugin: set wind_speed=3.05 wind_direction=-143.1
[gzserver-2] [INFO] [1773160170.123018289] [gazebo_wind_plugin_node]: WindPlugin: set wind_speed=3.14 wind_direction=-139.4
[gzserver-2] [INFO] [1773160170.362541488] [gazebo_wind_plugin_node]: WindPlugin: set wind_speed=3.14 wind_direction=-139.4
[gzserver-2] [INFO] [1773160170.597546047] [gazebo_wind_plugin_node]: WindPlugin: set wind_speed=3.14 wind_direction=-139.4
[gzserver-2] [INFO] [1773160170.836941534] [gazebo_wind_plugin_node]: WindPlugin: set wind_speed=3.14 wind_direction=-139.4
[gzserver-2] [INFO] [1773160171.078274056] [gazebo_wind_plugin_node]: WindPlugin: set wind_speed=3.06 wind_direction=-139.4
[gzserver-2] [INFO] [1773160171.320394620] [gazebo_wind_plugin_node]: WindPlugin: set wind_speed=3.06 wind_direction=-139.4
[gzserver-2] [INFO] [1773160171.560254790] [gazebo_wind_plugin_node]: WindPlugin: set wind_speed=3.06 wind_direction=-139.4
[gzserver-2] [INFO] [1773160171.799369311] [gazebo_wind_plugin_node]: WindPlugin: set wind_speed=3.06 wind_direction=-139.4
[gzserver-2] [INFO] [1773160172.033934478] [gazebo_wind_plugin_node]: WindPlugin: set wind_speed=3.09 wind_direction=-139.2
[gzserver-2] [INFO] [1773160172.262632373] [gazebo_wind_plugin_node]: WindPlugin: set wind_speed=3.09 wind_direction=-139.2
[gzserver-2] [INFO] [1773160172.501899494] [gazebo_wind_plugin_node]: WindPlugin: set wind_speed=3.09 wind_direction=-139.2
[gzserver-2] [INFO] [1773160172.730287505] [gazebo_wind_plugin_node]: WindPlugin: set wind_speed=3.09 wind_direction=-139.2
[gzserver-2] [INFO] [1773160172.970317325] [gazebo_wind_plugin_node]: WindPlugin: set wind_speed=3.09 wind_direction=-139.2
[gzserver-2] [0m[1;36m[Dbg] [wind_plugin.cpp:110] [0m[1;36mWindPlugin: received command -> speed=[0m[1;36m3.1669[0m[1;36m dir=[0m[1;36m-139.306[0m[1;36m
[gzserver-2] [0m[1;36m[Dbg] [wind_plugin.cpp:110] [0m[1;36mWindPlugin: received command -> speed=[0m[1;36m3.1669[0m[1;36m dir=[0m[1;36m-139.306[0m[1;36m
[gzserver-2] [0m[1;36m[Dbg] [wind_plugin.cpp:110] [0m[1;36mWindPlugin: received command -> speed=[0m[1;36m2.80618[0m[1;36m dir=[0m[1;36m-138.588[0m[1;36m
[gzserver-2] [0m[1;36m[Dbg] [wind_plugin.cpp:110] [0m[1;36mWindPlugin: received command -> speed=[0m[1;36m2.80618[0m[1;36m dir=[0m[1;36m-138.588[0m[1;36m
[gzserver-2] [0m[1;36m[Dbg] [wind_plugin.cpp:110] [0m[1;36mWindPlugin: received command -> speed=[0m[1;36m2.80618[0m[1;36m dir=[0m[1;36m-138.588[0m[1;36m
[gzserver-2] [0m[1;36m[Dbg] [wind_plugin.cpp:110] [0m[1;36mWindPlugin: received command -> speed=[0m[1;36m2.80618[0m[1;36m dir=[0m[1;36m-138.588[0m[1;36m
[gzserver-2] [0m[1;36m[Dbg] [wind_plugin.cpp:110] [0m[1;36mWindPlugin: received command -> speed=[0m[1;36m3.02279[0m[1;36m dir=[0m[1;36m-140.98[0m[1;36m
[gzserver-2] [0m[1;36m[Dbg] [wind_plugin.cpp:110] [0m[1;36mWindPlugin: received command -> speed=[0m[1;36m3.02279[0m[1;36m dir=[0m[1;36m-140.98[0m[1;36m
[gzserver-2] [0m[1;36m[Dbg] [wind_plugin.cpp:110] [0m[1;36mWindPlugin: received command -> speed=[0m[1;36m3.02279[0m[1;36m dir=[0m[1;36m-140.98[0m[1;36m
[gzserver-2] [0m[1;36m[Dbg] [wind_plugin.cpp:110] [0m[1;36mWindPlugin: received command -> speed=[0m[1;36m3.02279[0m[1;36m dir=[0m[1;36m-140.98[0m[1;36m
[gzserver-2] [0m[1;36m[Dbg] [wind_plugin.cpp:110] [0m[1;36mWindPlugin: received command -> speed=[0m[1;36m3.02279[0m[1;36m dir=[0m[1;36m-140.98[0m[1;36m
[gzserver-2] [0m[1;36m[Dbg] [wind_plugin.cpp:110] [0m[1;36mWindPlugin: received command -> speed=[0m[1;36m3.05495[0m[1;36m dir=[0m[1;36m-143.078[0m[1;36m
[gzserver-2] [0m[1;36m[Dbg] [wind_plugin.cpp:110] [0m[1;36mWindPlugin: received command -> speed=[0m[1;36m3.05495[0m[1;36m dir=[0m[1;36m-143.078[0m[1;36m
[gzserver-2] [0m[1;36m[Dbg] [wind_plugin.cpp:110] [0m[1;36mWindPlugin: received command -> speed=[0m[1;36m3.05495[0m[1;36m dir=[0m[1;36m-143.078[0m[1;36m
[gzserver-2] [0m[1;36m[Dbg] [wind_plugin.cpp:110] [0m[1;36mWindPlugin: received command -> speed=[0m[1;36m3.05495[0m[1;36m dir=[0m[1;36m-143.078[0m[1;36m
[gzserver-2] [0m[1;36m[Dbg] [wind_plugin.cpp:110] [0m[1;36mWindPlugin: received command -> speed=[0m[1;36m3.13599[0m[1;36m dir=[0m[1;36m-139.402[0m[1;36m
[gzserver-2] [0m[1;36m[Dbg] [wind_plugin.cpp:110] [0m[1;36mWindPlugin: received command -> speed=[0m[1;36m3.13599[0m[1;36m dir=[0m[1;36m-139.402[0m[1;36m
[gzserver-2] [0m[1;36m[Dbg] [wind_plugin.cpp:110] [0m[1;36mWindPlugin: received command -> speed=[0m[1;36m3.13599[0m[1;36m dir=[0m[1;36m-139.402[0m[1;36m
[gzserver-2] [0m[1;36m[Dbg] [wind_plugin.cpp:110] [0m[1;36mWindPlugin: received command -> speed=[0m[1;36m3.13599[0m[1;36m dir=[0m[1;36m-139.402[0m[1;36m
[gzserver-2] [0m[1;36m[Dbg] [wind_plugin.cpp:110] [0m[1;36mWindPlugin: received command -> speed=[0m[1;36m3.06186[0m[1;36m dir=[0m[1;36m-139.351[0m[1;36m
[gzserver-2] [0m[1;36m[Dbg] [wind_plugin.cpp:110] [0m[1;36mWindPlugin: received command -> speed=[0m[1;36m3.06186[0m[1;36m dir=[0m[1;36m-139.351[0m[1;36m
[gzserver-2] [0m[1;36m[Dbg] [wind_plugin.cpp:110] [0m[1;36mWindPlugin: received command -> speed=[0m[1;36m3.06186[0m[1;36m dir=[0m[1;36m-139.351[0m[1;36m
[gzserver-2] [0m[1;36m[Dbg] [wind_plugin.cpp:110] [0m[1;36mWindPlugin: received command -> speed=[0m[1;36m3.06186[0m[1;36m dir=[0m[1;36m-139.351[0m[1;36m
[gzserver-2] [0m[1;36m[Dbg] [wind_plugin.cpp:110] [0m[1;36mWindPlugin: received command -> speed=[0m[1;36m3.09208[0m[1;36m dir=[0m[1;36m-139.197[0m[1;36m
[gzserver-2] [0m[1;36m[Dbg] [wind_plugin.cpp:110] [0m[1;36mWindPlugin: received command -> speed=[0m[1;36m3.09208[0m[1;36m dir=[0m[1;36m-139.197[0m[1;36m
[gzserver-2] [0m[1;36m[Dbg] [wind_plugin.cpp:110] [0m[1;36mWindPlugin: received command -> speed=[0m[1;36m3.09208[0m[1;36m dir=[0m[1;36m-139.197[0m[1;36m
[gzserver-2] [0m[1;36m[Dbg] [wind_plugin.cpp:110] [0m[1;36mWindPlugin: received command -> speed=[0m[1;36m3.09208[0m[1;36m dir=[0m[1;36m-139.197[0m[1;36m
[gzserver-2] [INFO] [1773160173.199879433] [gazebo_wind_plugin_node]: WindPlugin: set wind_speed=3.13 wind_direction=-137.5
[gzserver-2] [INFO] [1773160173.434103691] [gazebo_wind_plugin_node]: WindPlugin: set wind_speed=3.13 wind_direction=-137.5
[gzserver-2] [INFO] [1773160173.668317562] [gazebo_wind_plugin_node]: WindPlugin: set wind_speed=3.13 wind_direction=-137.5
[gzserver-2] [INFO] [1773160173.907575876] [gazebo_wind_plugin_node]: WindPlugin: set wind_speed=3.13 wind_direction=-137.5
[gzserver-2] [INFO] [1773160174.136315550] [gazebo_wind_plugin_node]: WindPlugin: set wind_speed=3.10 wind_direction=-137.0
[gzserver-2] [INFO] [1773160174.375502970] [gazebo_wind_plugin_node]: WindPlugin: set wind_speed=3.10 wind_direction=-137.0
[gzserver-2] [INFO] [1773160174.614995981] [gazebo_wind_plugin_node]: WindPlugin: set wind_speed=3.10 wind_direction=-137.0
[gzserver-2] [INFO] [1773160174.854472802] [gazebo_wind_plugin_node]: WindPlugin: set wind_speed=3.10 wind_direction=-137.0
[gzserver-2] [INFO] [1773160175.093873926] [gazebo_wind_plugin_node]: WindPlugin: set wind_speed=3.02 wind_direction=-137.4
[gzserver-2] [INFO] [1773160175.333076586] [gazebo_wind_plugin_node]: WindPlugin: set wind_speed=3.02 wind_direction=-137.4
[gzserver-2] [INFO] [1773160175.568264505] [gazebo_wind_plugin_node]: WindPlugin: set wind_speed=3.02 wind_direction=-137.4
[gzserver-2] [INFO] [1773160175.802328810] [gazebo_wind_plugin_node]: WindPlugin: set wind_speed=3.02 wind_direction=-137.4
[gzserver-2] [INFO] [1773160176.041880125] [gazebo_wind_plugin_node]: WindPlugin: set wind_speed=2.74 wind_direction=-138.0
[gzserver-2] [INFO] [1773160176.270564593] [gazebo_wind_plugin_node]: WindPlugin: set wind_speed=2.74 wind_direction=-138.0
[gzserver-2] [INFO] [1773160176.506286483] [gazebo_wind_plugin_node]: WindPlugin: set wind_speed=2.74 wind_direction=-138.0
[gzserver-2] [INFO] [1773160176.740258883] [gazebo_wind_plugin_node]: WindPlugin: set wind_speed=2.74 wind_direction=-138.0
[gzserver-2] [INFO] [1773160176.980068553] [gazebo_wind_plugin_node]: WindPlugin: set wind_speed=2.92 wind_direction=-137.2
[gzserver-2] [INFO] [1773160177.220003972] [gazebo_wind_plugin_node]: WindPlugin: set wind_speed=2.92 wind_direction=-137.2
[gzserver-2] [INFO] [1773160177.448874971] [gazebo_wind_plugin_node]: WindPlugin: set wind_speed=2.92 wind_direction=-137.2
[gzserver-2] [INFO] [1773160177.683601169] [gazebo_wind_plugin_node]: WindPlugin: set wind_speed=2.92 wind_direction=-137.2
[gzserver-2] [INFO] [1773160177.922977346] [gazebo_wind_plugin_node]: WindPlugin: set wind_speed=2.92 wind_direction=-137.2
[gzserver-2] [INFO] [1773160178.162368681] [gazebo_wind_plugin_node]: WindPlugin: set wind_speed=2.96 wind_direction=-135.0
[gzserver-2] [INFO] [1773160178.401737645] [gazebo_wind_plugin_node]: WindPlugin: set wind_speed=2.96 wind_direction=-135.0
[gzserver-2] [INFO] [1773160178.641344200] [gazebo_wind_plugin_node]: WindPlugin: set wind_speed=2.96 wind_direction=-135.0
[gzserver-2] [INFO] [1773160178.875608901] [gazebo_wind_plugin_node]: WindPlugin: set wind_speed=2.96 wind_direction=-135.0
[gzserver-2] [INFO] [1773160179.104968336] [gazebo_wind_plugin_node]: WindPlugin: set wind_speed=2.92 wind_direction=-136.7
[gzserver-2] [INFO] [1773160179.339438362] [gazebo_wind_plugin_node]: WindPlugin: set wind_speed=2.92 wind_direction=-136.7
[gzserver-2] [0m[1;36m[Dbg] [wind_plugin.cpp:110] [0m[1;36mWindPlugin: received command -> speed=[0m[1;36m3.09208[0m[1;36m dir=[0m[1;36m-139.197[0m[1;36m
[gzserver-2] [0m[1;36m[Dbg] [wind_plugin.cpp:110] [0m[1;36mWindPlugin: received command -> speed=[0m[1;36m3.13274[0m[1;36m dir=[0m[1;36m-137.493[0m[1;36m
[gzserver-2] [0m[1;36m[Dbg] [wind_plugin.cpp:110] [0m[1;36mWindPlugin: received command -> speed=[0m[1;36m3.13274[0m[1;36m dir=[0m[1;36m-137.493[0m[1;36m
[gzserver-2] [0m[1;36m[Dbg] [wind_plugin.cpp:110] [0m[1;36mWindPlugin: received command -> speed=[0m[1;36m3.13274[0m[1;36m dir=[0m[1;36m-137.493[0m[1;36m
[gzserver-2] [0m[1;36m[Dbg] [wind_plugin.cpp:110] [0m[1;36mWindPlugin: received command -> speed=[0m[1;36m3.13274[0m[1;36m dir=[0m[1;36m-137.493[0m[1;36m
[gzserver-2] [0m[1;36m[Dbg] [wind_plugin.cpp:110] [0m[1;36mWindPlugin: received command -> speed=[0m[1;36m3.09799[0m[1;36m dir=[0m[1;36m-136.989[0m[1;36m
[gzserver-2] [0m[1;36m[Dbg] [wind_plugin.cpp:110] [0m[1;36mWindPlugin: received command -> speed=[0m[1;36m3.09799[0m[1;36m dir=[0m[1;36m-136.989[0m[1;36m
[gzserver-2] [0m[1;36m[Dbg] [wind_plugin.cpp:110] [0m[1;36mWindPlugin: received command -> speed=[0m[1;36m3.09799[0m[1;36m dir=[0m[1;36m-136.989[0m[1;36m
[gzserver-2] [0m[1;36m[Dbg] [wind_plugin.cpp:110] [0m[1;36mWindPlugin: received command -> speed=[0m[1;36m3.09799[0m[1;36m dir=[0m[1;36m-136.989[0m[1;36m
[gzserver-2] [0m[1;36m[Dbg] [wind_plugin.cpp:110] [0m[1;36mWindPlugin: received command -> speed=[0m[1;36m3.01983[0m[1;36m dir=[0m[1;36m-137.361[0m[1;36m
[gzserver-2] [0m[1;36m[Dbg] [wind_plugin.cpp:110] [0m[1;36mWindPlugin: received command -> speed=[0m[1;36m3.01983[0m[1;36m dir=[0m[1;36m-137.361[0m[1;36m
[gzserver-2] [0m[1;36m[Dbg] [wind_plugin.cpp:110] [0m[1;36mWindPlugin: received command -> speed=[0m[1;36m3.01983[0m[1;36m dir=[0m[1;36m-137.361[0m[1;36m
[gzserver-2] [0m[1;36m[Dbg] [wind_plugin.cpp:110] [0m[1;36mWindPlugin: received command -> speed=[0m[1;36m3.01983[0m[1;36m dir=[0m[1;36m-137.361[0m[1;36m
[gzserver-2] [0m[1;36m[Dbg] [wind_plugin.cpp:110] [0m[1;36mWindPlugin: received command -> speed=[0m[1;36m2.73752[0m[1;36m dir=[0m[1;36m-138.043[0m[1;36m
[gzserver-2] [0m[1;36m[Dbg] [wind_plugin.cpp:110] [0m[1;36mWindPlugin: received command -> speed=[0m[1;36m2.73752[0m[1;36m dir=[0m[1;36m-138.043[0m[1;36m
[gzserver-2] [0m[1;36m[Dbg] [wind_plugin.cpp:110] [0m[1;36mWindPlugin: received command -> speed=[0m[1;36m2.73752[0m[1;36m dir=[0m[1;36m-138.043[0m[1;36m
[gzserver-2] [0m[1;36m[Dbg] [wind_plugin.cpp:110] [0m[1;36mWindPlugin: received command -> speed=[0m[1;36m2.73752[0m[1;36m dir=[0m[1;36m-138.043[0m[1;36m
[gzserver-2] [0m[1;36m[Dbg] [wind_plugin.cpp:110] [0m[1;36mWindPlugin: received command -> speed=[0m[1;36m2.91775[0m[1;36m dir=[0m[1;36m-137.238[0m[1;36m
[gzserver-2] [0m[1;36m[Dbg] [wind_plugin.cpp:110] [0m[1;36mWindPlugin: received command -> speed=[0m[1;36m2.91775[0m[1;36m dir=[0m[1;36m-137.238[0m[1;36m
[gzserver-2] [0m[1;36m[Dbg] [wind_plugin.cpp:110] [0m[1;36mWindPlugin: received command -> speed=[0m[1;36m2.91775[0m[1;36m dir=[0m[1;36m-137.238[0m[1;36m
[gzserver-2] [0m[1;36m[Dbg] [wind_plugin.cpp:110] [0m[1;36mWindPlugin: received command -> speed=[0m[1;36m2.91775[0m[1;36m dir=[0m[1;36m-137.238[0m[1;36m
[gzserver-2] [0m[1;36m[Dbg] [wind_plugin.cpp:110] [0m[1;36mWindPlugin: received command -> speed=[0m[1;36m2.91775[0m[1;36m dir=[0m[1;36m-137.238[0m[1;36m
[gzserver-2] [0m[1;36m[Dbg] [wind_plugin.cpp:110] [0m[1;36mWindPlugin: received command -> speed=[0m[1;36m2.95892[0m[1;36m dir=[0m[1;36m-135.034[0m[1;36m
[gzserver-2] [0m[1;36m[Dbg] [wind_plugin.cpp:110] [0m[1;36mWindPlugin: received command -> speed=[0m[1;36m2.95892[0m[1;36m dir=[0m[1;36m-135.034[0m[1;36m
[gzserver-2] [0m[1;36m[Dbg] [wind_plugin.cpp:110] [0m[1;36mWindPlugin: received command -> speed=[0m[1;36m2.95892[0m[1;36m dir=[0m[1;36m-135.034[0m[1;36m
[gzserver-2] [0m[1;36m[Dbg] [wind_plugin.cpp:110] [0m[1;36mWindPlugin: received command -> speed=[0m[1;36m2.95892[0m[1;36m dir=[0m[1;36m-135.034[0m[1;36m
[gzserver-2] [0m[1;36m[Dbg] [wind_plugin.cpp:110] [0m[1;36mWindPlugin: received command -> speed=[0m[1;36m2.91712[0m[1;36m dir=[0m[1;36m-136.725[0m[1;36m
[gzserver-2] [INFO] [1773160179.574190854] [gazebo_wind_plugin_node]: WindPlugin: set wind_speed=2.92 wind_direction=-136.7
[gzserver-2] [INFO] [1773160179.808167089] [gazebo_wind_plugin_node]: WindPlugin: set wind_speed=2.92 wind_direction=-136.7
[gzserver-2] [INFO] [1773160180.042635654] [gazebo_wind_plugin_node]: WindPlugin: set wind_speed=2.84 wind_direction=-135.4
[gzserver-2] [INFO] [1773160180.277198759] [gazebo_wind_plugin_node]: WindPlugin: set wind_speed=2.84 wind_direction=-135.4
[gzserver-2] [INFO] [1773160180.516464240] [gazebo_wind_plugin_node]: WindPlugin: set wind_speed=2.84 wind_direction=-135.4
[gzserver-2] [INFO] [1773160180.745612314] [gazebo_wind_plugin_node]: WindPlugin: set wind_speed=2.84 wind_direction=-135.4
[gzserver-2] [INFO] [1773160180.985075851] [gazebo_wind_plugin_node]: WindPlugin: set wind_speed=3.07 wind_direction=-134.8
[gzserver-2] [INFO] [1773160181.224876209] [gazebo_wind_plugin_node]: WindPlugin: set wind_speed=3.07 wind_direction=-134.8
[gzserver-2] [INFO] [1773160181.463783228] [gazebo_wind_plugin_node]: WindPlugin: set wind_speed=3.07 wind_direction=-134.8
[gzserver-2] [INFO] [1773160181.698274667] [gazebo_wind_plugin_node]: WindPlugin: set wind_speed=3.07 wind_direction=-134.8
[gzserver-2] [INFO] [1773160181.938127981] [gazebo_wind_plugin_node]: WindPlugin: set wind_speed=3.07 wind_direction=-134.8
[gzserver-2] [INFO] [1773160182.166832917] [gazebo_wind_plugin_node]: WindPlugin: set wind_speed=2.80 wind_direction=-135.2
[gzserver-2] [INFO] [1773160182.409179807] [gazebo_wind_plugin_node]: WindPlugin: set wind_speed=2.80 wind_direction=-135.2
[gzserver-2] [INFO] [1773160182.648408992] [gazebo_wind_plugin_node]: WindPlugin: set wind_speed=2.80 wind_direction=-135.2
[gzserver-2] [INFO] [1773160182.871763381] [gazebo_wind_plugin_node]: WindPlugin: set wind_speed=2.80 wind_direction=-135.2
[gzserver-2] [INFO] [1773160183.111054912] [gazebo_wind_plugin_node]: WindPlugin: set wind_speed=2.86 wind_direction=-134.6
[gzserver-2] [INFO] [1773160183.345804528] [gazebo_wind_plugin_node]: WindPlugin: set wind_speed=2.86 wind_direction=-134.6
[gzserver-2] [INFO] [1773160183.574742906] [gazebo_wind_plugin_node]: WindPlugin: set wind_speed=2.86 wind_direction=-134.6
[gzserver-2] [INFO] [1773160183.813643250] [gazebo_wind_plugin_node]: WindPlugin: set wind_speed=2.86 wind_direction=-134.6
[gzserver-2] [INFO] [1773160184.050181944] [gazebo_wind_plugin_node]: WindPlugin: set wind_speed=3.13 wind_direction=-133.7
[gzserver-2] [INFO] [1773160184.278498180] [gazebo_wind_plugin_node]: WindPlugin: set wind_speed=3.13 wind_direction=-133.7
[gzserver-2] [INFO] [1773160184.518096501] [gazebo_wind_plugin_node]: WindPlugin: set wind_speed=3.13 wind_direction=-133.7
[gzserver-2] [INFO] [1773160184.748179065] [gazebo_wind_plugin_node]: WindPlugin: set wind_speed=3.13 wind_direction=-133.7
[gzserver-2] [INFO] [1773160184.982350304] [gazebo_wind_plugin_node]: WindPlugin: set wind_speed=2.80 wind_direction=-132.5
[gzserver-2] [INFO] [1773160185.221443507] [gazebo_wind_plugin_node]: WindPlugin: set wind_speed=2.80 wind_direction=-132.5
[gzserver-2] [INFO] [1773160185.456037597] [gazebo_wind_plugin_node]: WindPlugin: set wind_speed=2.80 wind_direction=-132.5
[gzserver-2] [INFO] [1773160185.690081074] [gazebo_wind_plugin_node]: WindPlugin: set wind_speed=2.80 wind_direction=-132.5
[gzserver-2] [0m[1;36m[Dbg] [wind_plugin.cpp:110] [0m[1;36mWindPlugin: received command -> speed=[0m[1;36m2.91712[0m[1;36m dir=[0m[1;36m-136.725[0m[1;36m
[gzserver-2] [0m[1;36m[Dbg] [wind_plugin.cpp:110] [0m[1;36mWindPlugin: received command -> speed=[0m[1;36m2.91712[0m[1;36m dir=[0m[1;36m-136.725[0m[1;36m
[gzserver-2] [0m[1;36m[Dbg] [wind_plugin.cpp:110] [0m[1;36mWindPlugin: received command -> speed=[0m[1;36m2.91712[0m[1;36m dir=[0m[1;36m-136.725[0m[1;36m
[gzserver-2] [0m[1;36m[Dbg] [wind_plugin.cpp:110] [0m[1;36mWindPlugin: received command -> speed=[0m[1;36m2.83794[0m[1;36m dir=[0m[1;36m-135.389[0m[1;36m
[gzserver-2] [0m[1;36m[Dbg] [wind_plugin.cpp:110] [0m[1;36mWindPlugin: received command -> speed=[0m[1;36m2.83794[0m[1;36m dir=[0m[1;36m-135.389[0m[1;36m
[gzserver-2] [0m[1;36m[Dbg] [wind_plugin.cpp:110] [0m[1;36mWindPlugin: received command -> speed=[0m[1;36m2.83794[0m[1;36m dir=[0m[1;36m-135.389[0m[1;36m
[gzserver-2] [0m[1;36m[Dbg] [wind_plugin.cpp:110] [0m[1;36mWindPlugin: received command -> speed=[0m[1;36m2.83794[0m[1;36m dir=[0m[1;36m-135.389[0m[1;36m
[gzserver-2] [0m[1;36m[Dbg] [wind_plugin.cpp:110] [0m[1;36mWindPlugin: received command -> speed=[0m[1;36m3.06705[0m[1;36m dir=[0m[1;36m-134.796[0m[1;36m
[gzserver-2] [0m[1;36m[Dbg] [wind_plugin.cpp:110] [0m[1;36mWindPlugin: received command -> speed=[0m[1;36m3.06705[0m[1;36m dir=[0m[1;36m-134.796[0m[1;36m
[gzserver-2] [0m[1;36m[Dbg] [wind_plugin.cpp:110] [0m[1;36mWindPlugin: received command -> speed=[0m[1;36m3.06705[0m[1;36m dir=[0m[1;36m-134.796[0m[1;36m
[gzserver-2] [0m[1;36m[Dbg] [wind_plugin.cpp:110] [0m[1;36mWindPlugin: received command -> speed=[0m[1;36m3.06705[0m[1;36m dir=[0m[1;36m-134.796[0m[1;36m
[gzserver-2] [0m[1;36m[Dbg] [wind_plugin.cpp:110] [0m[1;36mWindPlugin: received command -> speed=[0m[1;36m3.06705[0m[1;36m dir=[0m[1;36m-134.796[0m[1;36m
[gzserver-2] [0m[1;36m[Dbg] [wind_plugin.cpp:110] [0m[1;36mWindPlugin: received command -> speed=[0m[1;36m2.80371[0m[1;36m dir=[0m[1;36m-135.181[0m[1;36m
[gzserver-2] [0m[1;36m[Dbg] [wind_plugin.cpp:110] [0m[1;36mWindPlugin: received command -> speed=[0m[1;36m2.80371[0m[1;36m dir=[0m[1;36m-135.181[0m[1;36m
[gzserver-2] [0m[1;36m[Dbg] [wind_plugin.cpp:110] [0m[1;36mWindPlugin: received command -> speed=[0m[1;36m2.80371[0m[1;36m dir=[0m[1;36m-135.181[0m[1;36m
[gzserver-2] [0m[1;36m[Dbg] [wind_plugin.cpp:110] [0m[1;36mWindPlugin: received command -> speed=[0m[1;36m2.80371[0m[1;36m dir=[0m[1;36m-135.181[0m[1;36m
[gzserver-2] [0m[1;36m[Dbg] [wind_plugin.cpp:110] [0m[1;36mWindPlugin: received command -> speed=[0m[1;36m2.86475[0m[1;36m dir=[0m[1;36m-134.6[0m[1;36m
[gzserver-2] [0m[1;36m[Dbg] [wind_plugin.cpp:110] [0m[1;36mWindPlugin: received command -> speed=[0m[1;36m2.86475[0m[1;36m dir=[0m[1;36m-134.6[0m[1;36m
[gzserver-2] [0m[1;36m[Dbg] [wind_plugin.cpp:110] [0m[1;36mWindPlugin: received command -> speed=[0m[1;36m2.86475[0m[1;36m dir=[0m[1;36m-134.6[0m[1;36m
[gzserver-2] [0m[1;36m[Dbg] [wind_plugin.cpp:110] [0m[1;36mWindPlugin: received command -> speed=[0m[1;36m2.86475[0m[1;36m dir=[0m[1;36m-134.6[0m[1;36m
[gzserver-2] [0m[1;36m[Dbg] [wind_plugin.cpp:110] [0m[1;36mWindPlugin: received command -> speed=[0m[1;36m3.13156[0m[1;36m dir=[0m[1;36m-133.685[0m[1;36m
[gzserver-2] [0m[1;36m[Dbg] [wind_plugin.cpp:110] [0m[1;36mWindPlugin: received command -> speed=[0m[1;36m3.13156[0m[1;36m dir=[0m[1;36m-133.685[0m[1;36m
[gzserver-2] [0m[1;36m[Dbg] [wind_plugin.cpp:110] [0m[1;36mWindPlugin: received command -> speed=[0m[1;36m3.13156[0m[1;36m dir=[0m[1;36m-133.685[0m[1;36m
[gzserver-2] [0m[1;36m[Dbg] [wind_plugin.cpp:110] [0m[1;36mWindPlugin: received command -> speed=[0m[1;36m3.13156[0m[1;36m dir=[0m[1;36m-133.685[0m[1;36m
[gzserver-2] [0m[1;36m[Dbg] [wind_plugin.cpp:110] [0m[1;36mWindPlugin: received command -> speed=[0m[1;36m2.80343[0m[1;36m dir=[0m[1;36m-132.471[0m[1;36m
[gzserver-2] [0m[1;36m[Dbg] [wind_plugin.cpp:110] [0m[1;36mWindPlugin: received command -> speed=[0m[1;36m2.80343[0m[1;36m dir=[0m[1;36m-132.471[0m[1;36m
[gzserver-2] [0m[1;36m[Dbg] [wind_plugin.cpp:110] [0m[1;36mWindPlugin: received command -> speed=[0m[1;36m2.80343[0m[1;36m dir=[0m[1;36m-132.471[0m[1;36m
[gzserver-2] [INFO] [1773160185.924572686] [gazebo_wind_plugin_node]: WindPlugin: set wind_speed=2.80 wind_direction=-132.5
[gzserver-2] [INFO] [1773160186.166142736] [gazebo_wind_plugin_node]: WindPlugin: set wind_speed=3.03 wind_direction=-131.9
[gzserver-2] [INFO] [1773160186.408463781] [gazebo_wind_plugin_node]: WindPlugin: set wind_speed=3.03 wind_direction=-131.9
[gzserver-2] [INFO] [1773160186.648844148] [gazebo_wind_plugin_node]: WindPlugin: set wind_speed=3.03 wind_direction=-131.9
[gzserver-2] [INFO] [1773160186.887734298] [gazebo_wind_plugin_node]: WindPlugin: set wind_speed=3.03 wind_direction=-131.9
[gzserver-2] [INFO] [1773160187.127401613] [gazebo_wind_plugin_node]: WindPlugin: set wind_speed=2.79 wind_direction=-134.2
[gzserver-2] [INFO] [1773160187.362334254] [gazebo_wind_plugin_node]: WindPlugin: set wind_speed=2.79 wind_direction=-134.2
[gzserver-2] [INFO] [1773160187.597490011] [gazebo_wind_plugin_node]: WindPlugin: set wind_speed=2.79 wind_direction=-134.2
[gzserver-2] [INFO] [1773160187.831714780] [gazebo_wind_plugin_node]: WindPlugin: set wind_speed=2.79 wind_direction=-134.2
[gzserver-2] [INFO] [1773160188.071902797] [gazebo_wind_plugin_node]: WindPlugin: set wind_speed=2.88 wind_direction=-134.2
[gzserver-2] [INFO] [1773160188.311386049] [gazebo_wind_plugin_node]: WindPlugin: set wind_speed=2.88 wind_direction=-134.2
[gzserver-2] [INFO] [1773160188.550624253] [gazebo_wind_plugin_node]: WindPlugin: set wind_speed=2.88 wind_direction=-134.2
[gzserver-2] [INFO] [1773160188.790070936] [gazebo_wind_plugin_node]: WindPlugin: set wind_speed=2.88 wind_direction=-134.2
[gzserver-2] [INFO] [1773160189.023961353] [gazebo_wind_plugin_node]: WindPlugin: set wind_speed=2.98 wind_direction=-129.9
[gzserver-2] [INFO] [1773160189.264897696] [gazebo_wind_plugin_node]: WindPlugin: set wind_speed=2.98 wind_direction=-129.9
[gzserver-2] [INFO] [1773160189.504558923] [gazebo_wind_plugin_node]: WindPlugin: set wind_speed=2.98 wind_direction=-129.9
[gzserver-2] [INFO] [1773160189.739431192] [gazebo_wind_plugin_node]: WindPlugin: set wind_speed=2.98 wind_direction=-129.9
[gzserver-2] [INFO] [1773160189.978635062] [gazebo_wind_plugin_node]: WindPlugin: set wind_speed=2.97 wind_direction=-132.0
[gzserver-2] [INFO] [1773160190.208464996] [gazebo_wind_plugin_node]: WindPlugin: set wind_speed=2.97 wind_direction=-132.0
[gzserver-2] [INFO] [1773160190.445239645] [gazebo_wind_plugin_node]: WindPlugin: set wind_speed=2.97 wind_direction=-132.0
[gzserver-2] [INFO] [1773160190.483766296] [drone.simple_drone]: Quadrotor lands!!
[gzserver-2] [INFO] [1773160190.685165308] [gazebo_wind_plugin_node]: WindPlugin: set wind_speed=2.97 wind_direction=-132.0
[gzserver-2] [INFO] [1773160190.927421709] [gazebo_wind_plugin_node]: WindPlugin: set wind_speed=2.97 wind_direction=-132.0
[gzserver-2] [INFO] [1773160191.159213003] [gazebo_wind_plugin_node]: WindPlugin: set wind_speed=2.85 wind_direction=-128.4
[gzserver-2] [INFO] [1773160191.393962853] [gazebo_wind_plugin_node]: WindPlugin: set wind_speed=2.85 wind_direction=-128.4
[gzserver-2] [0m[1;36m[Dbg] [wind_plugin.cpp:110] [0m[1;36mWindPlugin: received command -> speed=[0m[1;36m2.80343[0m[1;36m dir=[0m[1;36m-132.471[0m[1;36m
[gzserver-2] [0m[1;36m[Dbg] [wind_plugin.cpp:110] [0m[1;36mWindPlugin: received command -> speed=[0m[1;36m2.80343[0m[1;36m dir=[0m[1;36m-132.471[0m[1;36m
[gzserver-2] [0m[1;36m[Dbg] [wind_plugin.cpp:110] [0m[1;36mWindPlugin: received command -> speed=[0m[1;36m3.02724[0m[1;36m dir=[0m[1;36m-131.922[0m[1;36m
[gzserver-2] [0m[1;36m[Dbg] [wind_plugin.cpp:110] [0m[1;36mWindPlugin: received command -> speed=[0m[1;36m3.02724[0m[1;36m dir=[0m[1;36m-131.922[0m[1;36m
[gzserver-2] [0m[1;36m[Dbg] [wind_plugin.cpp:110] [0m[1;36mWindPlugin: received command -> speed=[0m[1;36m3.02724[0m[1;36m dir=[0m[1;36m-131.922[0m[1;36m
[gzserver-2] [0m[1;36m[Dbg] [wind_plugin.cpp:110] [0m[1;36mWindPlugin: received command -> speed=[0m[1;36m3.02724[0m[1;36m dir=[0m[1;36m-131.922[0m[1;36m
[gzserver-2] [0m[1;36m[Dbg] [wind_plugin.cpp:110] [0m[1;36mWindPlugin: received command -> speed=[0m[1;36m2.78777[0m[1;36m dir=[0m[1;36m-134.247[0m[1;36m
[gzserver-2] [0m[1;36m[Dbg] [wind_plugin.cpp:110] [0m[1;36mWindPlugin: received command -> speed=[0m[1;36m2.78777[0m[1;36m dir=[0m[1;36m-134.247[0m[1;36m
[gzserver-2] [0m[1;36m[Dbg] [wind_plugin.cpp:110] [0m[1;36mWindPlugin: received command -> speed=[0m[1;36m2.78777[0m[1;36m dir=[0m[1;36m-134.247[0m[1;36m
[gzserver-2] [0m[1;36m[Dbg] [wind_plugin.cpp:110] [0m[1;36mWindPlugin: received command -> speed=[0m[1;36m2.78777[0m[1;36m dir=[0m[1;36m-134.247[0m[1;36m
[gzserver-2] [0m[1;36m[Dbg] [wind_plugin.cpp:110] [0m[1;36mWindPlugin: received command -> speed=[0m[1;36m2.8811[0m[1;36m dir=[0m[1;36m-134.188[0m[1;36m
[gzserver-2] [0m[1;36m[Dbg] [wind_plugin.cpp:110] [0m[1;36mWindPlugin: received command -> speed=[0m[1;36m2.8811[0m[1;36m dir=[0m[1;36m-134.188[0m[1;36m
[gzserver-2] [0m[1;36m[Dbg] [wind_plugin.cpp:110] [0m[1;36mWindPlugin: received command -> speed=[0m[1;36m2.8811[0m[1;36m dir=[0m[1;36m-134.188[0m[1;36m
[gzserver-2] [0m[1;36m[Dbg] [wind_plugin.cpp:110] [0m[1;36mWindPlugin: received command -> speed=[0m[1;36m2.8811[0m[1;36m dir=[0m[1;36m-134.188[0m[1;36m
[gzserver-2] [0m[1;36m[Dbg] [wind_plugin.cpp:110] [0m[1;36mWindPlugin: received command -> speed=[0m[1;36m2.98395[0m[1;36m dir=[0m[1;36m-129.875[0m[1;36m
[gzserver-2] [0m[1;36m[Dbg] [wind_plugin.cpp:110] [0m[1;36mWindPlugin: received command -> speed=[0m[1;36m2.98395[0m[1;36m dir=[0m[1;36m-129.875[0m[1;36m
[gzserver-2] [0m[1;36m[Dbg] [wind_plugin.cpp:110] [0m[1;36mWindPlugin: received command -> speed=[0m[1;36m2.98395[0m[1;36m dir=[0m[1;36m-129.875[0m[1;36m
[gzserver-2] [0m[1;36m[Dbg] [wind_plugin.cpp:110] [0m[1;36mWindPlugin: received command -> speed=[0m[1;36m2.98395[0m[1;36m dir=[0m[1;36m-129.875[0m[1;36m
[gzserver-2] [0m[1;36m[Dbg] [wind_plugin.cpp:110] [0m[1;36mWindPlugin: received command -> speed=[0m[1;36m2.97222[0m[1;36m dir=[0m[1;36m-132.007[0m[1;36m
[gzserver-2] [0m[1;36m[Dbg] [wind_plugin.cpp:110] [0m[1;36mWindPlugin: received command -> speed=[0m[1;36m2.97222[0m[1;36m dir=[0m[1;36m-132.007[0m[1;36m
[gzserver-2] [0m[1;36m[Dbg] [wind_plugin.cpp:110] [0m[1;36mWindPlugin: received command -> speed=[0m[1;36m2.97222[0m[1;36m dir=[0m[1;36m-132.007[0m[1;36m
[gzserver-2] [0m[1;36m[Dbg] [wind_plugin.cpp:110] [0m[1;36mWindPlugin: received command -> speed=[0m[1;36m2.97222[0m[1;36m dir=[0m[1;36m-132.007[0m[1;36m
[gzserver-2] [0m[1;36m[Dbg] [wind_plugin.cpp:110] [0m[1;36mWindPlugin: received command -> speed=[0m[1;36m2.97222[0m[1;36m dir=[0m[1;36m-132.007[0m[1;36m
[gzserver-2] [0m[1;36m[Dbg] [wind_plugin.cpp:110] [0m[1;36mWindPlugin: received command -> speed=[0m[1;36m2.85411[0m[1;36m dir=[0m[1;36m-128.352[0m[1;36m
[gzserver-2] [0m[1;36m[Dbg] [wind_plugin.cpp:110] [0m[1;36mWindPlugin: received command -> speed=[0m[1;36m2.85411[0m[1;36m dir=[0m[1;36m-128.352[0m[1;36m
[gzserver-2] [0mLanded!
[gzserver-2] [INFO] [1773160191.628595137] [gazebo_wind_plugin_node]: WindPlugin: set wind_speed=2.85 wind_direction=-128.4
[gzserver-2] [INFO] [1773160191.863132806] [gazebo_wind_plugin_node]: WindPlugin: set wind_speed=2.85 wind_direction=-128.4
[gzserver-2] [INFO] [1773160192.097117775] [gazebo_wind_plugin_node]: WindPlugin: set wind_speed=3.08 wind_direction=-131.0
[gzserver-2] [INFO] [1773160192.336644119] [gazebo_wind_plugin_node]: WindPlugin: set wind_speed=3.08 wind_direction=-131.0
[gzserver-2] [INFO] [1773160192.577685235] [gazebo_wind_plugin_node]: WindPlugin: set wind_speed=3.08 wind_direction=-131.0
[gzserver-2] [INFO] [1773160192.818109633] [gazebo_wind_plugin_node]: WindPlugin: set wind_speed=3.08 wind_direction=-131.0
[gzserver-2] [INFO] [1773160193.052971767] [gazebo_wind_plugin_node]: WindPlugin: set wind_speed=2.96 wind_direction=-129.8
[gzserver-2] [INFO] [1773160193.292510900] [gazebo_wind_plugin_node]: WindPlugin: set wind_speed=2.96 wind_direction=-129.8
