[INFO] [launch]: All log files can be found below /home/j/.ros/log/2026-03-10-23-48-16-786044-j-1931686
[INFO] [launch]: Default logging verbosity is set to INFO
[INFO] [launch.user]: [bringup] Apriltag config: camera=/drone/bottom, image=/drone/bottom/image_raw, tags=/drone/bottom/tags, bridge=/landing_tag_state, standalone=true, use_target_id=true, target_id=0
[INFO] [rviz2-1]: process started with pid [1931689]
[INFO] [gzserver-2]: process started with pid [1931691]
[INFO] [robot_state_publisher-3]: process started with pid [1931693]
[INFO] [joint_state_publisher-4]: process started with pid [1931695]
[INFO] [spawn_drone-5]: process started with pid [1931697]
[INFO] [static_transform_publisher-6]: process started with pid [1931699]
[INFO] [joy_node-7]: process started with pid [1931701]
[INFO] [teleop_joystick-8]: process started with pid [1931703]
[INFO] [apriltag_detector_node-9]: process started with pid [1931705]
[INFO] [apriltag_state_bridge-10]: process started with pid [1931707]
[static_transform_publisher-6] [WARN] [1773154097.266137584] []: Old-style arguments are deprecated; see --help for new-style arguments
[static_transform_publisher-6] [INFO] [1773154097.273761499] [static_transform_publisher_GZgRpQNIUtvG5QTk]: Spinning until stopped - publishing transform
[static_transform_publisher-6] translation: ('0.000000', '0.000000', '0.000000')
[static_transform_publisher-6] rotation: ('0.000000', '0.000000', '0.000000', '1.000000')
[static_transform_publisher-6] from 'world' to '/drone/odom'
[robot_state_publisher-3] [INFO] [1773154097.298034654] [drone.robot_state_publisher]: got segment base_footprint
[robot_state_publisher-3] [INFO] [1773154097.298125227] [drone.robot_state_publisher]: got segment base_link
[robot_state_publisher-3] [INFO] [1773154097.298137097] [drone.robot_state_publisher]: got segment bottom_cam_link
[robot_state_publisher-3] [INFO] [1773154097.298144968] [drone.robot_state_publisher]: got segment front_cam_link
[robot_state_publisher-3] [INFO] [1773154097.298151915] [drone.robot_state_publisher]: got segment sonar_link
[rviz2-1] 
[rviz2-1] (rviz2:1931689): dbind-WARNING **: 23:48:17.298: Couldn't connect to accessibility bus: Failed to connect to socket /root/.cache/at-spi/bus_0: 허가 거부
[apriltag_detector_node-9] [INFO] [1773154097.300702755] [apriltag_detector_node]: tag detector type: umich
[teleop_joystick-8] Traceback (most recent call last):
[teleop_joystick-8]   File "/home/j/INCSL/IICC26_ws/install/sjtu_drone_control/lib/sjtu_drone_control/teleop_joystick", line 33, in <module>
[teleop_joystick-8]     sys.exit(load_entry_point('sjtu_drone_control==0.0.0', 'console_scripts', 'teleop_joystick')())
[teleop_joystick-8]   File "/home/j/INCSL/IICC26_ws/install/sjtu_drone_control/lib/sjtu_drone_control/teleop_joystick", line 22, in importlib_load_entry_point
[teleop_joystick-8]     for entry_point in distribution(dist_name).entry_points
[teleop_joystick-8]   File "/usr/lib/python3.10/importlib/metadata/__init__.py", line 969, in distribution
[teleop_joystick-8]     return Distribution.from_name(distribution_name)
[teleop_joystick-8]   File "/usr/lib/python3.10/importlib/metadata/__init__.py", line 548, in from_name
[teleop_joystick-8]     raise PackageNotFoundError(name)
[teleop_joystick-8] importlib.metadata.PackageNotFoundError: No package metadata was found for sjtu_drone_control
[ERROR] [teleop_joystick-8]: process has died [pid 1931703, exit code 1, cmd '/home/j/INCSL/IICC26_ws/install/sjtu_drone_control/lib/sjtu_drone_control/teleop_joystick --ros-args -r __ns:=/drone'].
[gzserver-2] Gazebo multi-robot simulator, version 11.10.2
[gzserver-2] Copyright (C) 2012 Open Source Robotics Foundation.
[gzserver-2] Released under the Apache 2 License.
[gzserver-2] http://gazebosim.org
[gzserver-2] 
[apriltag_state_bridge-10] [INFO] [1773154097.531054089] [apriltag_state_bridge]: AprilTag bridge started: /drone/bottom/tags -> /landing_tag_state, use_target_id=True, target_id=0
[joint_state_publisher-4] [INFO] [1773154097.542739534] [drone.joint_state_publisher]: Waiting for robot_description to be published on the robot_description topic...
[gzserver-2] [1;33m[Wrn] [gazebo_ros_init.cpp:178] [0m[1;33m
[gzserver-2] #     # ####### ####### ###  #####  #######
[gzserver-2] ##    # #     #    #     #  #     # #
[gzserver-2] # #   # #     #    #     #  #       #
[gzserver-2] #  #  # #     #    #     #  #       #####
[gzserver-2] #   # # #     #    #     #  #       #
[gzserver-2] #    ## #     #    #     #  #     # #
[gzserver-2] #     # #######    #    ###  #####  #######
[gzserver-2] 
[gzserver-2] This version of Gazebo, now called Gazebo classic, reaches end-of-life
[gzserver-2] in January 2025. Users are highly encouraged to migrate to the new Gazebo
[gzserver-2] using our migration guides (https://gazebosim.org/docs/latest/gazebo_classic_migration?utm_source=gazebo_ros_pkgs&utm_medium=cli)
[gzserver-2] 
[gzserver-2] [0m[1;33m
[rviz2-1] [INFO] [1773154097.814524261] [rviz2]: Stereo is NOT SUPPORTED
[rviz2-1] [INFO] [1773154097.814619972] [rviz2]: OpenGl version: 4.6 (GLSL 4.6)
[rviz2-1] [INFO] [1773154097.962040244] [rviz2]: Stereo is NOT SUPPORTED
[rviz2-1] [INFO] [1773154098.125513310] [rviz2]: Stereo is NOT SUPPORTED
[gzserver-2] [1;32m[Msg] [0m[1;32mWaiting for master.[0m[1;32m
[gzserver-2] [0m[1;32m[0m[1;32m[0m[1;32m[Msg] [0m[1;32mConnected to gazebo master @ [0m[1;32mhttp://127.0.0.1:11345[0m[1;32m
[gzserver-2] [0m[1;32m[0m[1;32m[0m[1;32m[Msg] [0m[1;32mPublicized address: [0m[1;32m192.168.0.11[0m[1;32m
[gzserver-2] [0m[1;32m[0m[1;32m[0m[1;32m[Msg] [0m[1;32mLoading world file [[0m[1;32m/home/j/INCSL/IICC26_ws/install/sjtu_drone_description/share/sjtu_drone_description/worlds/landingPad.world[0m[1;32m][0m[1;32m
[gzserver-2] [0m[1;32m[0m[1;32m[0m[1;36m[Dbg] [wind_plugin.cpp:96] [0m[1;36mWindPlugin loaded: speed=[0m[1;36m0[0m[1;36m dir=[0m[1;36m0[0m[1;36m deg area=[0m[1;36m0.1[0m[1;36m coeff=[0m[1;36m1[0m[1;36m
[gzserver-2] [0m[1;33m[0m[1;33m[0m[1;31m[Err] [Sensor.cc:510] [0m[1;31mGet noise index not valid[0m[1;31m
[gzserver-2] [0m[1;31m[0m[1;31m[0m[1;31m[Err] [Sensor.cc:510] [0m[1;31mGet noise index not valid[0m[1;31m
[gzserver-2] [0m[1;31m[0m[1;31m[0m[1;31m[Err] [Sensor.cc:510] [0m[1;31mGet noise index not valid[0m[1;31m
[gzserver-2] [0m[1;31m[0m[1;31m[0m[1;31m[Err] [Sensor.cc:510] [0m[1;31mGet noise index not valid[0m[1;31m
[gzserver-2] [0m[1;31m[0m[1;31m[0m[1;31m[Err] [Sensor.cc:510] [0m[1;31mGet noise index not valid[0m[1;31m
[gzserver-2] [0m[1;31m[0m[1;31m[0m[1;31m[Err] [Sensor.cc:510] [0m[1;31mGet noise index not valid[0m[1;31m
[gzserver-2] [0m[1;31m[0m[1;31m[0mTopic [default//drone/base_footprint/down_camera/image] is not valid.
[gzserver-2] [INFO] [1773154098.698553816] [drone.collision_plugin]: Publishing contact states to [/drone/bumper_states]
[gzserver-2] Topic [default//drone/base_footprint/front_camera/image] is not valid.
[gzserver-2] [1;33m[Wrn] [Event.cc:61] [0m[1;33mWarning: Deleting a connection right after creation. [0m[1;33mMake sure to save the ConnectionPtr from a Connect call
[gzserver-2] [0m[INFO] [1773154099.258725085] [drone.camera_bottom]: Publishing camera info to [/drone/bottom/camera_info]
[gzserver-2] [INFO] [1773154099.261455867] [drone.camera_front]: Publishing camera info to [/drone/front/camera_info]
[spawn_drone-5] [INFO] [1773154099.271341780] [spawn_drone]: Result True SpawnEntity: Successfully spawned entity [/drone]
[gzserver-2] [INFO] [1773154099.383895523] [drone.simple_drone]: The drone plugin is loading!
[gzserver-2] [INFO] [1773154099.384116093] [drone.simple_drone]: pub_odom: 1
[gzserver-2] [INFO] [1773154099.384155291] [drone.simple_drone]: Using following parameters: 
[gzserver-2] 		link_name: base_footprint,
[gzserver-2] 		max_force: 30,
[gzserver-2] 		motion_small_noise: 0,
[gzserver-2] 		motion_drift_noise: 0,
[gzserver-2] 		motion_drift_noise_time: 50,
[gzserver-2] 		takeoff_hover_height: 1.93,
[gzserver-2] 		takeoff_vertical_speed: 0.2
[gzserver-2] [INFO] [1773154099.396179548] [drone.simple_drone]: Using the PID parameters: 
[gzserver-2] 	Roll Pitch:
[gzserver-2] 		kP: 10, kI: 0,kD: 5, Limit: 0.5, Time Constant: 0
[gzserver-2] 	Yaw:
[gzserver-2] 		kP: 2, kI: 0,kD: 1, Limit: 1.5, Time Constant: 0
[gzserver-2] 	Velocity X:
[gzserver-2] 		kP: 5, kI: 0,kD: 2.3, Limit: 2, Time Constant: 0
[gzserver-2] 	Velocity Y:
[gzserver-2] 		kP: 5, kI: 0,kD: 2.3, Limit: 2, Time Constant: 0
[gzserver-2] 	Velocity Z:
[gzserver-2] 		kP: 5, kI: 0,kD: 1, Limit: -1, Time Constant: 0
[gzserver-2] 	Position XY:
[gzserver-2] 		kP: 1.1, kI: 0,kD: 0, Limit: 5, Time Constant: 0
[gzserver-2] 	Position Z:
[gzserver-2] 		kP: 1, kI: 0,kD: 0.2, Limit: -1, Time Constant: 0
[gzserver-2] [INFO] [1773154099.396311405] [drone.simple_drone]: The drone plugin finished loading!
[INFO] [spawn_drone-5]: process has finished cleanly [pid 1931697]
[gzserver-2] [INFO] [1773154106.601728289] [gazebo_wind_plugin_node]: WindPlugin: set wind_speed=0.00 wind_direction=0.0
[gzserver-2] [INFO] [1773154106.873339882] [gazebo_wind_plugin_node]: WindPlugin: set wind_speed=0.00 wind_direction=0.0
[gzserver-2] [INFO] [1773154106.913646094] [drone.simple_drone]: Quadrotor takes off!!
[gzserver-2] [INFO] [1773154107.117507938] [gazebo_wind_plugin_node]: WindPlugin: set wind_speed=0.00 wind_direction=0.0
[gzserver-2] [INFO] [1773154107.358810393] [gazebo_wind_plugin_node]: WindPlugin: set wind_speed=0.00 wind_direction=0.0
[gzserver-2] [INFO] [1773154107.598913227] [gazebo_wind_plugin_node]: WindPlugin: set wind_speed=0.00 wind_direction=0.0
[gzserver-2] [INFO] [1773154107.840255724] [gazebo_wind_plugin_node]: WindPlugin: set wind_speed=0.00 wind_direction=0.0
[gzserver-2] [INFO] [1773154108.071583663] [gazebo_wind_plugin_node]: WindPlugin: set wind_speed=0.00 wind_direction=0.0
[gzserver-2] [INFO] [1773154108.300123867] [gazebo_wind_plugin_node]: WindPlugin: set wind_speed=0.00 wind_direction=0.0
[gzserver-2] [0m[1;36m[Dbg] [wind_plugin.cpp:110] [0m[1;36mWindPlugin: received command -> speed=[0m[1;36m0[0m[1;36m dir=[0m[1;36m0[0m[1;36m
[gzserver-2] [0m[1;36m[Dbg] [wind_plugin.cpp:110] [0m[1;36mWindPlugin: received command -> speed=[0m[1;36m0[0m[1;36m dir=[0m[1;36m0[0m[1;36m
[gzserver-2] [0m[1;36m[Dbg] [wind_plugin.cpp:110] [0m[1;36mWindPlugin: received command -> speed=[0m[1;36m0[0m[1;36m dir=[0m[1;36m0[0m[1;36m
[gzserver-2] [0m[1;36m[Dbg] [wind_plugin.cpp:110] [0m[1;36mWindPlugin: received command -> speed=[0m[1;36m0[0m[1;36m dir=[0m[1;36m0[0m[1;36m
[gzserver-2] [0m[1;36m[Dbg] [wind_plugin.cpp:110] [0m[1;36mWindPlugin: received command -> speed=[0m[1;36m0[0m[1;36m dir=[0m[1;36m0[0m[1;36m
[gzserver-2] [0m[1;36m[Dbg] [wind_plugin.cpp:110] [0m[1;36mWindPlugin: received command -> speed=[0m[1;36m0[0m[1;36m dir=[0m[1;36m0[0m[1;36m
[gzserver-2] [0m[1;36m[Dbg] [wind_plugin.cpp:110] [0m[1;36mWindPlugin: received command -> speed=[0m[1;36m0[0m[1;36m dir=[0m[1;36m0[0m[1;36m
[gzserver-2] [0m[1;36m[Dbg] [wind_plugin.cpp:110] [0m[1;36mWindPlugin: received command -> speed=[0m[1;36m0[0m[1;36m dir=[0m[1;36m0[0m[1;36m
[gzserver-2] [0mEntering flying model!
[gzserver-2] [INFO] [1773154108.539272829] [gazebo_wind_plugin_node]: WindPlugin: set wind_speed=0.00 wind_direction=0.0
[gzserver-2] [INFO] [1773154108.773701922] [gazebo_wind_plugin_node]: WindPlugin: set wind_speed=0.92 wind_direction=-80.3
[gzserver-2] [INFO] [1773154109.013148535] [gazebo_wind_plugin_node]: WindPlugin: set wind_speed=0.92 wind_direction=-80.3
[gzserver-2] [INFO] [1773154109.252721652] [gazebo_wind_plugin_node]: WindPlugin: set wind_speed=0.68 wind_direction=-78.5
[gzserver-2] [INFO] [1773154109.493236836] [gazebo_wind_plugin_node]: WindPlugin: set wind_speed=0.68 wind_direction=-78.5
[gzserver-2] [INFO] [1773154109.723169844] [gazebo_wind_plugin_node]: WindPlugin: set wind_speed=0.68 wind_direction=-78.5
[gzserver-2] [INFO] [1773154109.962884849] [gazebo_wind_plugin_node]: WindPlugin: set wind_speed=0.68 wind_direction=-78.5
[gzserver-2] [INFO] [1773154110.192140145] [gazebo_wind_plugin_node]: WindPlugin: set wind_speed=0.67 wind_direction=-76.9
[gzserver-2] [INFO] [1773154110.432031220] [gazebo_wind_plugin_node]: WindPlugin: set wind_speed=0.67 wind_direction=-76.9
[gzserver-2] [INFO] [1773154110.671321202] [gazebo_wind_plugin_node]: WindPlugin: set wind_speed=0.67 wind_direction=-76.9
[gzserver-2] [INFO] [1773154110.910387754] [gazebo_wind_plugin_node]: WindPlugin: set wind_speed=0.67 wind_direction=-76.9
[gzserver-2] [INFO] [1773154111.150804680] [gazebo_wind_plugin_node]: WindPlugin: set wind_speed=0.67 wind_direction=-77.7
[gzserver-2] [INFO] [1773154111.385247279] [gazebo_wind_plugin_node]: WindPlugin: set wind_speed=0.67 wind_direction=-77.7
[gzserver-2] [INFO] [1773154111.619479007] [gazebo_wind_plugin_node]: WindPlugin: set wind_speed=0.67 wind_direction=-77.7
[gzserver-2] [INFO] [1773154111.853796985] [gazebo_wind_plugin_node]: WindPlugin: set wind_speed=0.67 wind_direction=-77.7
[gzserver-2] [INFO] [1773154112.093162937] [gazebo_wind_plugin_node]: WindPlugin: set wind_speed=0.67 wind_direction=-77.7
[gzserver-2] [INFO] [1773154112.334844864] [gazebo_wind_plugin_node]: WindPlugin: set wind_speed=0.78 wind_direction=-79.7
[gzserver-2] [INFO] [1773154112.574424275] [gazebo_wind_plugin_node]: WindPlugin: set wind_speed=0.78 wind_direction=-79.7
[gzserver-2] [INFO] [1773154112.805814938] [gazebo_wind_plugin_node]: WindPlugin: set wind_speed=0.78 wind_direction=-79.7
[gzserver-2] [INFO] [1773154113.045771986] [gazebo_wind_plugin_node]: WindPlugin: set wind_speed=0.78 wind_direction=-79.7
[gzserver-2] [INFO] [1773154113.285703910] [gazebo_wind_plugin_node]: WindPlugin: set wind_speed=0.62 wind_direction=-76.3
[gzserver-2] [INFO] [1773154113.525145929] [gazebo_wind_plugin_node]: WindPlugin: set wind_speed=0.62 wind_direction=-76.3
[gzserver-2] [INFO] [1773154113.764966874] [gazebo_wind_plugin_node]: WindPlugin: set wind_speed=0.62 wind_direction=-76.3
[gzserver-2] [INFO] [1773154114.005023495] [gazebo_wind_plugin_node]: WindPlugin: set wind_speed=0.62 wind_direction=-76.3
[gzserver-2] [INFO] [1773154114.043184700] [drone.simple_drone]: Quadrotor lands!!
[gzserver-2] [INFO] [1773154114.244595995] [gazebo_wind_plugin_node]: WindPlugin: set wind_speed=0.65 wind_direction=-78.2
[gzserver-2] [INFO] [1773154114.483965434] [gazebo_wind_plugin_node]: WindPlugin: set wind_speed=0.65 wind_direction=-78.2
[gzserver-2] [INFO] [1773154114.718370404] [gazebo_wind_plugin_node]: WindPlugin: set wind_speed=0.65 wind_direction=-78.2
[gzserver-2] [1;36m[Dbg] [wind_plugin.cpp:110] [0m[1;36mWindPlugin: received command -> speed=[0m[1;36m0[0m[1;36m dir=[0m[1;36m0[0m[1;36m
[gzserver-2] [0m[1;36m[Dbg] [wind_plugin.cpp:110] [0m[1;36mWindPlugin: received command -> speed=[0m[1;36m0.922732[0m[1;36m dir=[0m[1;36m-80.3101[0m[1;36m
[gzserver-2] [0m[1;36m[Dbg] [wind_plugin.cpp:110] [0m[1;36mWindPlugin: received command -> speed=[0m[1;36m0.922732[0m[1;36m dir=[0m[1;36m-80.3101[0m[1;36m
[gzserver-2] [0m[1;36m[Dbg] [wind_plugin.cpp:110] [0m[1;36mWindPlugin: received command -> speed=[0m[1;36m0.680736[0m[1;36m dir=[0m[1;36m-78.5481[0m[1;36m
[gzserver-2] [0m[1;36m[Dbg] [wind_plugin.cpp:110] [0m[1;36mWindPlugin: received command -> speed=[0m[1;36m0.680736[0m[1;36m dir=[0m[1;36m-78.5481[0m[1;36m
[gzserver-2] [0m[1;36m[Dbg] [wind_plugin.cpp:110] [0m[1;36mWindPlugin: received command -> speed=[0m[1;36m0.680736[0m[1;36m dir=[0m[1;36m-78.5481[0m[1;36m
[gzserver-2] [0m[1;36m[Dbg] [wind_plugin.cpp:110] [0m[1;36mWindPlugin: received command -> speed=[0m[1;36m0.680736[0m[1;36m dir=[0m[1;36m-78.5481[0m[1;36m
[gzserver-2] [0m[1;36m[Dbg] [wind_plugin.cpp:110] [0m[1;36mWindPlugin: received command -> speed=[0m[1;36m0.670288[0m[1;36m dir=[0m[1;36m-76.9286[0m[1;36m
[gzserver-2] [0m[1;36m[Dbg] [wind_plugin.cpp:110] [0m[1;36mWindPlugin: received command -> speed=[0m[1;36m0.670288[0m[1;36m dir=[0m[1;36m-76.9286[0m[1;36m
[gzserver-2] [0m[1;36m[Dbg] [wind_plugin.cpp:110] [0m[1;36mWindPlugin: received command -> speed=[0m[1;36m0.670288[0m[1;36m dir=[0m[1;36m-76.9286[0m[1;36m
[gzserver-2] [0m[1;36m[Dbg] [wind_plugin.cpp:110] [0m[1;36mWindPlugin: received command -> speed=[0m[1;36m0.670288[0m[1;36m dir=[0m[1;36m-76.9286[0m[1;36m
[gzserver-2] [0m[1;36m[Dbg] [wind_plugin.cpp:110] [0m[1;36mWindPlugin: received command -> speed=[0m[1;36m0.668309[0m[1;36m dir=[0m[1;36m-77.6875[0m[1;36m
[gzserver-2] [0m[1;36m[Dbg] [wind_plugin.cpp:110] [0m[1;36mWindPlugin: received command -> speed=[0m[1;36m0.668309[0m[1;36m dir=[0m[1;36m-77.6875[0m[1;36m
[gzserver-2] [0m[1;36m[Dbg] [wind_plugin.cpp:110] [0m[1;36mWindPlugin: received command -> speed=[0m[1;36m0.668309[0m[1;36m dir=[0m[1;36m-77.6875[0m[1;36m
[gzserver-2] [0m[1;36m[Dbg] [wind_plugin.cpp:110] [0m[1;36mWindPlugin: received command -> speed=[0m[1;36m0.668309[0m[1;36m dir=[0m[1;36m-77.6875[0m[1;36m
[gzserver-2] [0m[1;36m[Dbg] [wind_plugin.cpp:110] [0m[1;36mWindPlugin: received command -> speed=[0m[1;36m0.668309[0m[1;36m dir=[0m[1;36m-77.6875[0m[1;36m
[gzserver-2] [0m[1;36m[Dbg] [wind_plugin.cpp:110] [0m[1;36mWindPlugin: received command -> speed=[0m[1;36m0.776273[0m[1;36m dir=[0m[1;36m-79.7012[0m[1;36m
[gzserver-2] [0m[1;36m[Dbg] [wind_plugin.cpp:110] [0m[1;36mWindPlugin: received command -> speed=[0m[1;36m0.776273[0m[1;36m dir=[0m[1;36m-79.7012[0m[1;36m
[gzserver-2] [0m[1;36m[Dbg] [wind_plugin.cpp:110] [0m[1;36mWindPlugin: received command -> speed=[0m[1;36m0.776273[0m[1;36m dir=[0m[1;36m-79.7012[0m[1;36m
[gzserver-2] [0m[1;36m[Dbg] [wind_plugin.cpp:110] [0m[1;36mWindPlugin: received command -> speed=[0m[1;36m0.776273[0m[1;36m dir=[0m[1;36m-79.7012[0m[1;36m
[gzserver-2] [0m[1;36m[Dbg] [wind_plugin.cpp:110] [0m[1;36mWindPlugin: received command -> speed=[0m[1;36m0.617126[0m[1;36m dir=[0m[1;36m-76.317[0m[1;36m
[gzserver-2] [0m[1;36m[Dbg] [wind_plugin.cpp:110] [0m[1;36mWindPlugin: received command -> speed=[0m[1;36m0.617126[0m[1;36m dir=[0m[1;36m-76.317[0m[1;36m
[gzserver-2] [0m[1;36m[Dbg] [wind_plugin.cpp:110] [0m[1;36mWindPlugin: received command -> speed=[0m[1;36m0.617126[0m[1;36m dir=[0m[1;36m-76.317[0m[1;36m
[gzserver-2] [0m[1;36m[Dbg] [wind_plugin.cpp:110] [0m[1;36mWindPlugin: received command -> speed=[0m[1;36m0.617126[0m[1;36m dir=[0m[1;36m-76.317[0m[1;36m
[gzserver-2] [0m[1;36m[Dbg] [wind_plugin.cpp:110] [0m[1;36mWindPlugin: received command -> speed=[0m[1;36m0.647775[0m[1;36m dir=[0m[1;36m-78.2089[0m[1;36m
[gzserver-2] [0m[1;36m[Dbg] [wind_plugin.cpp:110] [0m[1;36mWindPlugin: received command -> speed=[0m[1;36m0.647775[0m[1;36m dir=[0m[1;36m-78.2089[0m[1;36m
[gzserver-2] [INFO] [1773154114.957863435] [gazebo_wind_plugin_node]: WindPlugin: set wind_speed=0.65 wind_direction=-78.2
[gzserver-2] [0m[1;36m[Dbg] [wind_plugin.cpp:110] [0m[1;36mWindPlugin: received command -> speed=[0m[1;36m0.647775[0m[1;36m dir=[0m[1;36m-78.2089[0m[1;36m
[gzserver-2] [0m[1;36m[Dbg] [wind_plugin.cpp:110] [0m[1;36mWindPlugin: received command -> speed=[0m[1;36m0.647775[0m[1;36m dir=[0m[1;36m-78.2089[0m[1;36m
[gzserver-2] [0mLanded!
[gzserver-2] [INFO] [1773154115.197362837] [gazebo_wind_plugin_node]: WindPlugin: set wind_speed=0.67 wind_direction=-77.3
[gzserver-2] [INFO] [1773154115.432513612] [gazebo_wind_plugin_node]: WindPlugin: set wind_speed=0.67 wind_direction=-77.3
[gzserver-2] [INFO] [1773154115.666896101] [gazebo_wind_plugin_node]: WindPlugin: set wind_speed=0.67 wind_direction=-77.3
[gzserver-2] [INFO] [1773154115.906241736] [gazebo_wind_plugin_node]: WindPlugin: set wind_speed=0.67 wind_direction=-77.3
[gzserver-2] [INFO] [1773154116.140883669] [gazebo_wind_plugin_node]: WindPlugin: set wind_speed=0.61 wind_direction=-77.3
[gzserver-2] [INFO] [1773154116.379704553] [gazebo_wind_plugin_node]: WindPlugin: set wind_speed=0.61 wind_direction=-77.3
[gzserver-2] [INFO] [1773154116.619532047] [gazebo_wind_plugin_node]: WindPlugin: set wind_speed=0.61 wind_direction=-77.3
[gzserver-2] [INFO] [1773154116.853940935] [gazebo_wind_plugin_node]: WindPlugin: set wind_speed=0.61 wind_direction=-77.3
