[INFO] [launch]: All log files can be found below /home/j/.ros/log/2026-03-11-03-34-19-922972-j-3738544
[INFO] [launch]: Default logging verbosity is set to INFO
[INFO] [launch.user]: [bringup] Apriltag config: camera=/drone/bottom, image=/drone/bottom/image_raw, tags=/drone/bottom/tags, bridge=/landing_tag_state, standalone=true, use_target_id=true, target_id=0
[INFO] [rviz2-1]: process started with pid [3738545]
[INFO] [gzserver-2]: process started with pid [3738547]
[INFO] [robot_state_publisher-3]: process started with pid [3738549]
[INFO] [joint_state_publisher-4]: process started with pid [3738551]
[INFO] [spawn_drone-5]: process started with pid [3738553]
[INFO] [static_transform_publisher-6]: process started with pid [3738555]
[INFO] [joy_node-7]: process started with pid [3738557]
[INFO] [teleop_joystick-8]: process started with pid [3738559]
[INFO] [apriltag_detector_node-9]: process started with pid [3738561]
[INFO] [apriltag_state_bridge-10]: process started with pid [3738564]
[static_transform_publisher-6] [WARN] [1773167660.395390800] []: Old-style arguments are deprecated; see --help for new-style arguments
[static_transform_publisher-6] [INFO] [1773167660.403912680] [static_transform_publisher_CIXZytGNpSpTOll1]: Spinning until stopped - publishing transform
[static_transform_publisher-6] translation: ('0.000000', '0.000000', '0.000000')
[static_transform_publisher-6] rotation: ('0.000000', '0.000000', '0.000000', '1.000000')
[static_transform_publisher-6] from 'world' to '/drone/odom'
[rviz2-1] 
[rviz2-1] (rviz2:3738545): dbind-WARNING **: 03:34:20.429: Couldn't connect to accessibility bus: Failed to connect to socket /root/.cache/at-spi/bus_0: 허가 거부
[robot_state_publisher-3] [INFO] [1773167660.430744065] [drone.robot_state_publisher]: got segment base_footprint
[robot_state_publisher-3] [INFO] [1773167660.430832444] [drone.robot_state_publisher]: got segment base_link
[robot_state_publisher-3] [INFO] [1773167660.430845671] [drone.robot_state_publisher]: got segment bottom_cam_link
[robot_state_publisher-3] [INFO] [1773167660.430854734] [drone.robot_state_publisher]: got segment front_cam_link
[robot_state_publisher-3] [INFO] [1773167660.430862821] [drone.robot_state_publisher]: got segment sonar_link
[apriltag_detector_node-9] [INFO] [1773167660.433602748] [apriltag_detector_node]: tag detector type: umich
[teleop_joystick-8] Traceback (most recent call last):
[teleop_joystick-8]   File "/home/j/INCSL/IICC26_ws/install/sjtu_drone_control/lib/sjtu_drone_control/teleop_joystick", line 33, in <module>
[teleop_joystick-8]     sys.exit(load_entry_point('sjtu_drone_control==0.0.0', 'console_scripts', 'teleop_joystick')())
[teleop_joystick-8]   File "/home/j/INCSL/IICC26_ws/install/sjtu_drone_control/lib/sjtu_drone_control/teleop_joystick", line 22, in importlib_load_entry_point
[teleop_joystick-8]     for entry_point in distribution(dist_name).entry_points
[teleop_joystick-8]   File "/usr/lib/python3.10/importlib/metadata/__init__.py", line 969, in distribution
[teleop_joystick-8]     return Distribution.from_name(distribution_name)
[teleop_joystick-8]   File "/usr/lib/python3.10/importlib/metadata/__init__.py", line 548, in from_name
[teleop_joystick-8]     raise PackageNotFoundError(name)
[teleop_joystick-8] importlib.metadata.PackageNotFoundError: No package metadata was found for sjtu_drone_control
[ERROR] [teleop_joystick-8]: process has died [pid 3738559, exit code 1, cmd '/home/j/INCSL/IICC26_ws/install/sjtu_drone_control/lib/sjtu_drone_control/teleop_joystick --ros-args -r __ns:=/drone'].
[gzserver-2] Gazebo multi-robot simulator, version 11.10.2
[gzserver-2] Copyright (C) 2012 Open Source Robotics Foundation.
[gzserver-2] Released under the Apache 2 License.
[gzserver-2] http://gazebosim.org
[gzserver-2] 
[apriltag_state_bridge-10] [INFO] [1773167660.640777520] [apriltag_state_bridge]: AprilTag bridge started: /drone/bottom/tags -> /landing_tag_state, use_target_id=True, target_id=0
[joint_state_publisher-4] [INFO] [1773167660.681864863] [drone.joint_state_publisher]: Waiting for robot_description to be published on the robot_description topic...
[gzserver-2] [1;33m[Wrn] [gazebo_ros_init.cpp:178] [0m[1;33m
[gzserver-2] #     # ####### ####### ###  #####  #######
[gzserver-2] ##    # #     #    #     #  #     # #
[gzserver-2] # #   # #     #    #     #  #       #
[gzserver-2] #  #  # #     #    #     #  #       #####
[gzserver-2] #   # # #     #    #     #  #       #
[gzserver-2] #    ## #     #    #     #  #     # #
[gzserver-2] #     # #######    #    ###  #####  #######
[gzserver-2] 
[gzserver-2] This version of Gazebo, now called Gazebo classic, reaches end-of-life
[gzserver-2] in January 2025. Users are highly encouraged to migrate to the new Gazebo
[gzserver-2] using our migration guides (https://gazebosim.org/docs/latest/gazebo_classic_migration?utm_source=gazebo_ros_pkgs&utm_medium=cli)
[gzserver-2] 
[gzserver-2] [0m[1;33m
[rviz2-1] [INFO] [1773167661.151525056] [rviz2]: Stereo is NOT SUPPORTED
[rviz2-1] [INFO] [1773167661.151640018] [rviz2]: OpenGl version: 4.6 (GLSL 4.6)
[rviz2-1] [INFO] [1773167661.274879820] [rviz2]: Stereo is NOT SUPPORTED
[rviz2-1] [INFO] [1773167661.363136167] [rviz2]: Stereo is NOT SUPPORTED
[spawn_drone-5] [INFO] [1773167661.766861759] [spawn_drone]: Result False Entity pushed to spawn queue, but spawn service timed outwaiting for entity to appear in simulation under the name [/drone]
[gzserver-2] [1;32m[Msg] [0m[1;32mWaiting for master.[0m[1;32m
[gzserver-2] [0m[1;32m[0m[1;32m[0m[1;32m[Msg] [0m[1;32mConnected to gazebo master @ [0m[1;32mhttp://127.0.0.1:11345[0m[1;32m
[gzserver-2] [0m[1;32m[0m[1;32m[0m[1;32m[Msg] [0m[1;32mPublicized address: [0m[1;32m192.168.0.11[0m[1;32m
[gzserver-2] [0m[1;32m[0m[1;32m[0m[1;32m[Msg] [0m[1;32mLoading world file [[0m[1;32m/home/j/INCSL/IICC26_ws/install/sjtu_drone_description/share/sjtu_drone_description/worlds/landingPad.world[0m[1;32m][0m[1;32m
[gzserver-2] [0m[1;32m[0m[1;32m[0m[1;36m[Dbg] [wind_plugin.cpp:96] [0m[1;36mWindPlugin loaded: speed=[0m[1;36m0[0m[1;36m dir=[0m[1;36m0[0m[1;36m deg area=[0m[1;36m0.1[0m[1;36m coeff=[0m[1;36m1[0m[1;36m
[gzserver-2] [0m[1;33m[0m[1;33m[0m[1;31m[Err] [Sensor.cc:510] [0m[1;31mGet noise index not valid[0m[1;31m
[gzserver-2] [0m[1;31m[0m[1;31m[0m[1;31m[Err] [Sensor.cc:510] [0m[1;31mGet noise index not valid[0m[1;31m
[gzserver-2] [0m[1;31m[0m[1;31m[0m[1;31m[Err] [Sensor.cc:510] [0m[1;31mGet noise index not valid[0m[1;31m
[gzserver-2] [0m[1;31m[0m[1;31m[0m[1;31m[Err] [Sensor.cc:510] [0m[1;31mGet noise index not valid[0m[1;31m
[gzserver-2] [0m[1;31m[0m[1;31m[0m[1;31m[Err] [Sensor.cc:510] [0m[1;31mGet noise index not valid[0m[1;31m
[gzserver-2] [0m[1;31m[0m[1;31m[0m[1;31m[Err] [Sensor.cc:510] [0m[1;31mGet noise index not valid[0m[1;31m
[gzserver-2] [0m[1;31m[0m[1;31m[0mTopic [default//drone/base_footprint/down_camera/image] is not valid.
[gzserver-2] Topic [default//drone/base_footprint/front_camera/image] is not valid.
[gzserver-2] [INFO] [1773167661.798386971] [drone.collision_plugin]: Publishing contact states to [/drone/bumper_states]
[gzserver-2] [1;33m[Wrn] [Event.cc:61] [0m[1;33mWarning: Deleting a connection right after creation. [0m[1;33mMake sure to save the ConnectionPtr from a Connect call
[INFO] [spawn_drone-5]: process has finished cleanly [pid 3738553]
[gzserver-2] [0m[INFO] [1773167662.387421145] [drone.camera_bottom]: Publishing camera info to [/drone/bottom/camera_info]
[gzserver-2] [INFO] [1773167662.391827637] [drone.camera_front]: Publishing camera info to [/drone/front/camera_info]
[gzserver-2] [INFO] [1773167662.513912138] [drone.simple_drone]: The drone plugin is loading!
[gzserver-2] [INFO] [1773167662.514118704] [drone.simple_drone]: pub_odom: 1
[gzserver-2] [INFO] [1773167662.514151228] [drone.simple_drone]: Using following parameters: 
[gzserver-2] 		link_name: base_footprint,
[gzserver-2] 		max_force: 30,
[gzserver-2] 		motion_small_noise: 0,
[gzserver-2] 		motion_drift_noise: 0,
[gzserver-2] 		motion_drift_noise_time: 50,
[gzserver-2] 		takeoff_hover_height: 1.65,
[gzserver-2] 		takeoff_vertical_speed: 0.2
[gzserver-2] [INFO] [1773167662.526016609] [drone.simple_drone]: Using the PID parameters: 
[gzserver-2] 	Roll Pitch:
[gzserver-2] 		kP: 10, kI: 0,kD: 5, Limit: 0.5, Time Constant: 0
[gzserver-2] 	Yaw:
[gzserver-2] 		kP: 2, kI: 0,kD: 1, Limit: 1.5, Time Constant: 0
[gzserver-2] 	Velocity X:
[gzserver-2] 		kP: 5, kI: 0,kD: 2.3, Limit: 2, Time Constant: 0
[gzserver-2] 	Velocity Y:
[gzserver-2] 		kP: 5, kI: 0,kD: 2.3, Limit: 2, Time Constant: 0
[gzserver-2] 	Velocity Z:
[gzserver-2] 		kP: 5, kI: 0,kD: 1, Limit: -1, Time Constant: 0
[gzserver-2] 	Position XY:
[gzserver-2] 		kP: 1.1, kI: 0,kD: 0, Limit: 5, Time Constant: 0
[gzserver-2] 	Position Z:
[gzserver-2] 		kP: 1, kI: 0,kD: 0.2, Limit: -1, Time Constant: 0
[gzserver-2] [INFO] [1773167662.526156754] [drone.simple_drone]: The drone plugin finished loading!
[gzserver-2] [INFO] [1773167669.757584940] [gazebo_wind_plugin_node]: WindPlugin: set wind_speed=0.00 wind_direction=0.0
[gzserver-2] [INFO] [1773167670.029695815] [gazebo_wind_plugin_node]: WindPlugin: set wind_speed=0.00 wind_direction=0.0
[gzserver-2] [INFO] [1773167670.069041070] [drone.simple_drone]: Quadrotor takes off!!
[gzserver-2] [INFO] [1773167670.270182202] [gazebo_wind_plugin_node]: WindPlugin: set wind_speed=0.00 wind_direction=0.0
[gzserver-2] [INFO] [1773167670.509644619] [gazebo_wind_plugin_node]: WindPlugin: set wind_speed=0.00 wind_direction=0.0
[gzserver-2] [INFO] [1773167670.749084945] [gazebo_wind_plugin_node]: WindPlugin: set wind_speed=0.00 wind_direction=0.0
[gzserver-2] [INFO] [1773167670.980555569] [gazebo_wind_plugin_node]: WindPlugin: set wind_speed=0.00 wind_direction=0.0
[gzserver-2] [INFO] [1773167671.220749514] [gazebo_wind_plugin_node]: WindPlugin: set wind_speed=0.00 wind_direction=0.0
[gzserver-2] [0m[1;36m[Dbg] [wind_plugin.cpp:110] [0m[1;36mWindPlugin: received command -> speed=[0m[1;36m0[0m[1;36m dir=[0m[1;36m0[0m[1;36m
[gzserver-2] [0m[1;36m[Dbg] [wind_plugin.cpp:110] [0m[1;36mWindPlugin: received command -> speed=[0m[1;36m0[0m[1;36m dir=[0m[1;36m0[0m[1;36m
[gzserver-2] [0m[1;36m[Dbg] [wind_plugin.cpp:110] [0m[1;36mWindPlugin: received command -> speed=[0m[1;36m0[0m[1;36m dir=[0m[1;36m0[0m[1;36m
[gzserver-2] [0m[1;36m[Dbg] [wind_plugin.cpp:110] [0m[1;36mWindPlugin: received command -> speed=[0m[1;36m0[0m[1;36m dir=[0m[1;36m0[0m[1;36m
[gzserver-2] [0m[1;36m[Dbg] [wind_plugin.cpp:110] [0m[1;36mWindPlugin: received command -> speed=[0m[1;36m0[0m[1;36m dir=[0m[1;36m0[0m[1;36m
[gzserver-2] [0m[1;36m[Dbg] [wind_plugin.cpp:110] [0m[1;36mWindPlugin: received command -> speed=[0m[1;36m0[0m[1;36m dir=[0m[1;36m0[0m[1;36m
[gzserver-2] [0m[1;36m[Dbg] [wind_plugin.cpp:110] [0m[1;36mWindPlugin: received command -> speed=[0m[1;36m0[0m[1;36m dir=[0m[1;36m0[0m[1;36m
[gzserver-2] [0mEntering flying model!
[gzserver-2] [INFO] [1773167671.454862033] [gazebo_wind_plugin_node]: WindPlugin: set wind_speed=0.00 wind_direction=0.0
[gzserver-2] [INFO] [1773167671.694409564] [gazebo_wind_plugin_node]: WindPlugin: set wind_speed=1.21 wind_direction=39.2
[gzserver-2] [INFO] [1773167671.933983498] [gazebo_wind_plugin_node]: WindPlugin: set wind_speed=1.21 wind_direction=39.2
[gzserver-2] [INFO] [1773167672.168446459] [gazebo_wind_plugin_node]: WindPlugin: set wind_speed=1.21 wind_direction=39.2
[gzserver-2] [INFO] [1773167672.407706214] [gazebo_wind_plugin_node]: WindPlugin: set wind_speed=1.35 wind_direction=39.5
[gzserver-2] [INFO] [1773167672.646991342] [gazebo_wind_plugin_node]: WindPlugin: set wind_speed=1.35 wind_direction=39.5
[gzserver-2] [INFO] [1773167672.882297456] [gazebo_wind_plugin_node]: WindPlugin: set wind_speed=1.35 wind_direction=39.5
[gzserver-2] [INFO] [1773167673.116759321] [gazebo_wind_plugin_node]: WindPlugin: set wind_speed=1.35 wind_direction=39.5
[gzserver-2] [INFO] [1773167673.353740427] [gazebo_wind_plugin_node]: WindPlugin: set wind_speed=1.25 wind_direction=38.3
[gzserver-2] [INFO] [1773167673.590954367] [gazebo_wind_plugin_node]: WindPlugin: set wind_speed=1.25 wind_direction=38.3
[gzserver-2] [INFO] [1773167673.830831949] [gazebo_wind_plugin_node]: WindPlugin: set wind_speed=1.25 wind_direction=38.3
[gzserver-2] [INFO] [1773167674.059666026] [gazebo_wind_plugin_node]: WindPlugin: set wind_speed=1.25 wind_direction=38.3
[gzserver-2] [INFO] [1773167674.293615849] [gazebo_wind_plugin_node]: WindPlugin: set wind_speed=1.30 wind_direction=39.8
[gzserver-2] [INFO] [1773167674.528177082] [gazebo_wind_plugin_node]: WindPlugin: set wind_speed=1.30 wind_direction=39.8
[gzserver-2] [INFO] [1773167674.767741169] [gazebo_wind_plugin_node]: WindPlugin: set wind_speed=1.30 wind_direction=39.8
[gzserver-2] [INFO] [1773167675.008607898] [gazebo_wind_plugin_node]: WindPlugin: set wind_speed=1.30 wind_direction=39.8
[gzserver-2] [INFO] [1773167675.248456834] [gazebo_wind_plugin_node]: WindPlugin: set wind_speed=1.30 wind_direction=39.8
[gzserver-2] [INFO] [1773167675.487631696] [gazebo_wind_plugin_node]: WindPlugin: set wind_speed=1.39 wind_direction=38.9
[gzserver-2] [INFO] [1773167675.521174464] [drone.simple_drone]: Quadrotor lands!!
[gzserver-2] [INFO] [1773167675.722674340] [gazebo_wind_plugin_node]: WindPlugin: set wind_speed=1.39 wind_direction=38.9
[gzserver-2] [INFO] [1773167675.957772845] [gazebo_wind_plugin_node]: WindPlugin: set wind_speed=1.39 wind_direction=38.9
[gzserver-2] [INFO] [1773167676.191920500] [gazebo_wind_plugin_node]: WindPlugin: set wind_speed=1.39 wind_direction=38.9
[gzserver-2] [INFO] [1773167676.431282634] [gazebo_wind_plugin_node]: WindPlugin: set wind_speed=1.28 wind_direction=35.1
[gzserver-2] [1;36m[Dbg] [wind_plugin.cpp:110] [0m[1;36mWindPlugin: received command -> speed=[0m[1;36m0[0m[1;36m dir=[0m[1;36m0[0m[1;36m
[gzserver-2] [0m[1;36m[Dbg] [wind_plugin.cpp:110] [0m[1;36mWindPlugin: received command -> speed=[0m[1;36m1.20652[0m[1;36m dir=[0m[1;36m39.201[0m[1;36m
[gzserver-2] [0m[1;36m[Dbg] [wind_plugin.cpp:110] [0m[1;36mWindPlugin: received command -> speed=[0m[1;36m1.20652[0m[1;36m dir=[0m[1;36m39.201[0m[1;36m
[gzserver-2] [0m[1;36m[Dbg] [wind_plugin.cpp:110] [0m[1;36mWindPlugin: received command -> speed=[0m[1;36m1.20652[0m[1;36m dir=[0m[1;36m39.201[0m[1;36m
[gzserver-2] [0m[1;36m[Dbg] [wind_plugin.cpp:110] [0m[1;36mWindPlugin: received command -> speed=[0m[1;36m1.34879[0m[1;36m dir=[0m[1;36m39.4767[0m[1;36m
[gzserver-2] [0m[1;36m[Dbg] [wind_plugin.cpp:110] [0m[1;36mWindPlugin: received command -> speed=[0m[1;36m1.34879[0m[1;36m dir=[0m[1;36m39.4767[0m[1;36m
[gzserver-2] [0m[1;36m[Dbg] [wind_plugin.cpp:110] [0m[1;36mWindPlugin: received command -> speed=[0m[1;36m1.34879[0m[1;36m dir=[0m[1;36m39.4767[0m[1;36m
[gzserver-2] [0m[1;36m[Dbg] [wind_plugin.cpp:110] [0m[1;36mWindPlugin: received command -> speed=[0m[1;36m1.34879[0m[1;36m dir=[0m[1;36m39.4767[0m[1;36m
[gzserver-2] [0m[1;36m[Dbg] [wind_plugin.cpp:110] [0m[1;36mWindPlugin: received command -> speed=[0m[1;36m1.24922[0m[1;36m dir=[0m[1;36m38.2739[0m[1;36m
[gzserver-2] [0m[1;36m[Dbg] [wind_plugin.cpp:110] [0m[1;36mWindPlugin: received command -> speed=[0m[1;36m1.24922[0m[1;36m dir=[0m[1;36m38.2739[0m[1;36m
[gzserver-2] [0m[1;36m[Dbg] [wind_plugin.cpp:110] [0m[1;36mWindPlugin: received command -> speed=[0m[1;36m1.24922[0m[1;36m dir=[0m[1;36m38.2739[0m[1;36m
[gzserver-2] [0m[1;36m[Dbg] [wind_plugin.cpp:110] [0m[1;36mWindPlugin: received command -> speed=[0m[1;36m1.24922[0m[1;36m dir=[0m[1;36m38.2739[0m[1;36m
[gzserver-2] [0m[1;36m[Dbg] [wind_plugin.cpp:110] [0m[1;36mWindPlugin: received command -> speed=[0m[1;36m1.30182[0m[1;36m dir=[0m[1;36m39.8029[0m[1;36m
[gzserver-2] [0m[1;36m[Dbg] [wind_plugin.cpp:110] [0m[1;36mWindPlugin: received command -> speed=[0m[1;36m1.30182[0m[1;36m dir=[0m[1;36m39.8029[0m[1;36m
[gzserver-2] [0m[1;36m[Dbg] [wind_plugin.cpp:110] [0m[1;36mWindPlugin: received command -> speed=[0m[1;36m1.30182[0m[1;36m dir=[0m[1;36m39.8029[0m[1;36m
[gzserver-2] [0m[1;36m[Dbg] [wind_plugin.cpp:110] [0m[1;36mWindPlugin: received command -> speed=[0m[1;36m1.30182[0m[1;36m dir=[0m[1;36m39.8029[0m[1;36m
[gzserver-2] [0m[1;36m[Dbg] [wind_plugin.cpp:110] [0m[1;36mWindPlugin: received command -> speed=[0m[1;36m1.30182[0m[1;36m dir=[0m[1;36m39.8029[0m[1;36m
[gzserver-2] [0m[1;36m[Dbg] [wind_plugin.cpp:110] [0m[1;36mWindPlugin: received command -> speed=[0m[1;36m1.39118[0m[1;36m dir=[0m[1;36m38.8532[0m[1;36m
[gzserver-2] [0m[1;36m[Dbg] [wind_plugin.cpp:110] [0m[1;36mWindPlugin: received command -> speed=[0m[1;36m1.39118[0m[1;36m dir=[0m[1;36m38.8532[0m[1;36m
[gzserver-2] [0m[1;36m[Dbg] [wind_plugin.cpp:110] [0m[1;36mWindPlugin: received command -> speed=[0m[1;36m1.39118[0m[1;36m dir=[0m[1;36m38.8532[0m[1;36m
[gzserver-2] [0m[1;36m[Dbg] [wind_plugin.cpp:110] [0m[1;36mWindPlugin: received command -> speed=[0m[1;36m1.39118[0m[1;36m dir=[0m[1;36m38.8532[0m[1;36m
[gzserver-2] [0m[1;36m[Dbg] [wind_plugin.cpp:110] [0m[1;36mWindPlugin: received command -> speed=[0m[1;36m1.27521[0m[1;36m dir=[0m[1;36m35.101[0m[1;36m
[gzserver-2] [0mLanded!
[gzserver-2] [INFO] [1773167676.670893993] [gazebo_wind_plugin_node]: WindPlugin: set wind_speed=1.28 wind_direction=35.1
[gzserver-2] [INFO] [1773167676.911195219] [gazebo_wind_plugin_node]: WindPlugin: set wind_speed=1.28 wind_direction=35.1
[gzserver-2] [INFO] [1773167677.150774928] [gazebo_wind_plugin_node]: WindPlugin: set wind_speed=1.28 wind_direction=35.1
[gzserver-2] [INFO] [1773167677.389612633] [gazebo_wind_plugin_node]: WindPlugin: set wind_speed=1.27 wind_direction=36.5
[gzserver-2] [INFO] [1773167677.629701897] [gazebo_wind_plugin_node]: WindPlugin: set wind_speed=1.27 wind_direction=36.5
[gzserver-2] [INFO] [1773167677.871379818] [gazebo_wind_plugin_node]: WindPlugin: set wind_speed=1.27 wind_direction=36.5
[gzserver-2] [INFO] [1773167678.113469792] [gazebo_wind_plugin_node]: WindPlugin: set wind_speed=1.27 wind_direction=36.5
[gzserver-2] [INFO] [1773167678.353379828] [gazebo_wind_plugin_node]: WindPlugin: set wind_speed=1.39 wind_direction=39.7
