[INFO] [launch]: All log files can be found below /home/j/.ros/log/2026-03-11-08-18-44-862998-j-2229354
[INFO] [launch]: Default logging verbosity is set to INFO
[INFO] [launch.user]: [bringup] Apriltag config: camera=/drone/bottom, image=/drone/bottom/image_raw, tags=/drone/bottom/tags, bridge=/landing_tag_state, standalone=true, use_target_id=true, target_id=0
[INFO] [rviz2-1]: process started with pid [2229357]
[INFO] [gzserver-2]: process started with pid [2229359]
[INFO] [robot_state_publisher-3]: process started with pid [2229361]
[INFO] [joint_state_publisher-4]: process started with pid [2229363]
[INFO] [spawn_drone-5]: process started with pid [2229365]
[INFO] [static_transform_publisher-6]: process started with pid [2229367]
[INFO] [joy_node-7]: process started with pid [2229369]
[INFO] [teleop_joystick-8]: process started with pid [2229371]
[INFO] [apriltag_detector_node-9]: process started with pid [2229374]
[INFO] [apriltag_state_bridge-10]: process started with pid [2229376]
[static_transform_publisher-6] [WARN] [1773184725.337283503] []: Old-style arguments are deprecated; see --help for new-style arguments
[static_transform_publisher-6] [INFO] [1773184725.343377465] [static_transform_publisher_KmmXUt2CqJBx8qq5]: Spinning until stopped - publishing transform
[static_transform_publisher-6] translation: ('0.000000', '0.000000', '0.000000')
[static_transform_publisher-6] rotation: ('0.000000', '0.000000', '0.000000', '1.000000')
[static_transform_publisher-6] from 'world' to '/drone/odom'
[robot_state_publisher-3] [INFO] [1773184725.369467654] [drone.robot_state_publisher]: got segment base_footprint
[robot_state_publisher-3] [INFO] [1773184725.369557594] [drone.robot_state_publisher]: got segment base_link
[robot_state_publisher-3] [INFO] [1773184725.369570081] [drone.robot_state_publisher]: got segment bottom_cam_link
[robot_state_publisher-3] [INFO] [1773184725.369578823] [drone.robot_state_publisher]: got segment front_cam_link
[robot_state_publisher-3] [INFO] [1773184725.369586711] [drone.robot_state_publisher]: got segment sonar_link
[apriltag_detector_node-9] [INFO] [1773184725.373991452] [apriltag_detector_node]: tag detector type: umich
[rviz2-1] 
[rviz2-1] (rviz2:2229357): dbind-WARNING **: 08:18:45.376: Couldn't connect to accessibility bus: Failed to connect to socket /root/.cache/at-spi/bus_0: 허가 거부
[teleop_joystick-8] Traceback (most recent call last):
[teleop_joystick-8]   File "/home/j/INCSL/IICC26_ws/install/sjtu_drone_control/lib/sjtu_drone_control/teleop_joystick", line 33, in <module>
[teleop_joystick-8]     sys.exit(load_entry_point('sjtu_drone_control==0.0.0', 'console_scripts', 'teleop_joystick')())
[teleop_joystick-8]   File "/home/j/INCSL/IICC26_ws/install/sjtu_drone_control/lib/sjtu_drone_control/teleop_joystick", line 22, in importlib_load_entry_point
[teleop_joystick-8]     for entry_point in distribution(dist_name).entry_points
[teleop_joystick-8]   File "/usr/lib/python3.10/importlib/metadata/__init__.py", line 969, in distribution
[teleop_joystick-8]     return Distribution.from_name(distribution_name)
[teleop_joystick-8]   File "/usr/lib/python3.10/importlib/metadata/__init__.py", line 548, in from_name
[teleop_joystick-8]     raise PackageNotFoundError(name)
[teleop_joystick-8] importlib.metadata.PackageNotFoundError: No package metadata was found for sjtu_drone_control
[ERROR] [teleop_joystick-8]: process has died [pid 2229371, exit code 1, cmd '/home/j/INCSL/IICC26_ws/install/sjtu_drone_control/lib/sjtu_drone_control/teleop_joystick --ros-args -r __ns:=/drone'].
[gzserver-2] Gazebo multi-robot simulator, version 11.10.2
[gzserver-2] Copyright (C) 2012 Open Source Robotics Foundation.
[gzserver-2] Released under the Apache 2 License.
[gzserver-2] http://gazebosim.org
[gzserver-2] 
[joint_state_publisher-4] [INFO] [1773184725.551311677] [drone.joint_state_publisher]: Waiting for robot_description to be published on the robot_description topic...
[apriltag_state_bridge-10] [INFO] [1773184725.566894497] [apriltag_state_bridge]: AprilTag bridge started: /drone/bottom/tags -> /landing_tag_state, use_target_id=True, target_id=0
[gzserver-2] [1;33m[Wrn] [gazebo_ros_init.cpp:178] [0m[1;33m
[gzserver-2] #     # ####### ####### ###  #####  #######
[gzserver-2] ##    # #     #    #     #  #     # #
[gzserver-2] # #   # #     #    #     #  #       #
[gzserver-2] #  #  # #     #    #     #  #       #####
[gzserver-2] #   # # #     #    #     #  #       #
[gzserver-2] #    ## #     #    #     #  #     # #
[gzserver-2] #     # #######    #    ###  #####  #######
[gzserver-2] 
[gzserver-2] This version of Gazebo, now called Gazebo classic, reaches end-of-life
[gzserver-2] in January 2025. Users are highly encouraged to migrate to the new Gazebo
[gzserver-2] using our migration guides (https://gazebosim.org/docs/latest/gazebo_classic_migration?utm_source=gazebo_ros_pkgs&utm_medium=cli)
[gzserver-2] 
[gzserver-2] [0m[1;33m
[rviz2-1] [INFO] [1773184726.200222326] [rviz2]: Stereo is NOT SUPPORTED
[rviz2-1] [INFO] [1773184726.200310405] [rviz2]: OpenGl version: 4.6 (GLSL 4.6)
[rviz2-1] [INFO] [1773184726.287976110] [rviz2]: Stereo is NOT SUPPORTED
[rviz2-1] [INFO] [1773184726.380248692] [rviz2]: Stereo is NOT SUPPORTED
[spawn_drone-5] [INFO] [1773184726.797946745] [spawn_drone]: Result False Entity pushed to spawn queue, but spawn service timed outwaiting for entity to appear in simulation under the name [/drone]
[gzserver-2] [1;32m[Msg] [0m[1;32mWaiting for master.[0m[1;32m
[gzserver-2] [0m[1;32m[0m[1;32m[0m[1;32m[Msg] [0m[1;32mConnected to gazebo master @ [0m[1;32mhttp://127.0.0.1:11345[0m[1;32m
[gzserver-2] [0m[1;32m[0m[1;32m[0m[1;32m[Msg] [0m[1;32mPublicized address: [0m[1;32m192.168.0.11[0m[1;32m
[gzserver-2] [0m[1;32m[0m[1;32m[0m[1;32m[Msg] [0m[1;32mLoading world file [[0m[1;32m/home/j/INCSL/IICC26_ws/install/sjtu_drone_description/share/sjtu_drone_description/worlds/landingPad.world[0m[1;32m][0m[1;32m
[gzserver-2] [0m[1;32m[0m[1;32m[0m[1;36m[Dbg] [wind_plugin.cpp:96] [0m[1;36mWindPlugin loaded: speed=[0m[1;36m0[0m[1;36m dir=[0m[1;36m0[0m[1;36m deg area=[0m[1;36m0.1[0m[1;36m coeff=[0m[1;36m1[0m[1;36m
[gzserver-2] [0m[1;33m[0m[1;33m[0m[1;31m[Err] [Sensor.cc:510] [0m[1;31mGet noise index not valid[0m[1;31m
[gzserver-2] [0m[1;31m[0m[1;31m[0m[1;31m[Err] [Sensor.cc:510] [0m[1;31mGet noise index not valid[0m[1;31m
[gzserver-2] [0m[1;31m[0m[1;31m[0m[1;31m[Err] [Sensor.cc:510] [0m[1;31mGet noise index not valid[0m[1;31m
[gzserver-2] [0m[1;31m[0m[1;31m[0m[1;31m[Err] [Sensor.cc:510] [0m[1;31mGet noise index not valid[0m[1;31m
[gzserver-2] [0m[1;31m[0m[1;31m[0m[1;31m[Err] [Sensor.cc:510] [0m[1;31mGet noise index not valid[0m[1;31m
[gzserver-2] [0m[1;31m[0m[1;31m[0m[1;31m[Err] [Sensor.cc:510] [0m[1;31mGet noise index not valid[0m[1;31m
[gzserver-2] [0m[1;31m[0m[1;31m[0mTopic [default//drone/base_footprint/down_camera/image] is not valid.
[gzserver-2] Topic [default//drone/base_footprint/front_camera/image] is not valid.
[gzserver-2] [INFO] [1773184726.826845944] [drone.collision_plugin]: Publishing contact states to [/drone/bumper_states]
[gzserver-2] [1;33m[Wrn] [Event.cc:61] [0m[1;33mWarning: Deleting a connection right after creation. [0m[1;33mMake sure to save the ConnectionPtr from a Connect call
[INFO] [spawn_drone-5]: process has finished cleanly [pid 2229365]
[gzserver-2] [0m[INFO] [1773184727.397763918] [drone.camera_bottom]: Publishing camera info to [/drone/bottom/camera_info]
[gzserver-2] [INFO] [1773184727.402172300] [drone.camera_front]: Publishing camera info to [/drone/front/camera_info]
[gzserver-2] [INFO] [1773184727.524115992] [drone.simple_drone]: The drone plugin is loading!
[gzserver-2] [INFO] [1773184727.524315386] [drone.simple_drone]: pub_odom: 1
[gzserver-2] [INFO] [1773184727.524350583] [drone.simple_drone]: Using following parameters: 
[gzserver-2] 		link_name: base_footprint,
[gzserver-2] 		max_force: 30,
[gzserver-2] 		motion_small_noise: 0,
[gzserver-2] 		motion_drift_noise: 0,
[gzserver-2] 		motion_drift_noise_time: 50,
[gzserver-2] 		takeoff_hover_height: 2.28,
[gzserver-2] 		takeoff_vertical_speed: 0.2
[gzserver-2] [INFO] [1773184727.536186928] [drone.simple_drone]: Using the PID parameters: 
[gzserver-2] 	Roll Pitch:
[gzserver-2] 		kP: 10, kI: 0,kD: 5, Limit: 0.5, Time Constant: 0
[gzserver-2] 	Yaw:
[gzserver-2] 		kP: 2, kI: 0,kD: 1, Limit: 1.5, Time Constant: 0
[gzserver-2] 	Velocity X:
[gzserver-2] 		kP: 5, kI: 0,kD: 2.3, Limit: 2, Time Constant: 0
[gzserver-2] 	Velocity Y:
[gzserver-2] 		kP: 5, kI: 0,kD: 2.3, Limit: 2, Time Constant: 0
[gzserver-2] 	Velocity Z:
[gzserver-2] 		kP: 5, kI: 0,kD: 1, Limit: -1, Time Constant: 0
[gzserver-2] 	Position XY:
[gzserver-2] 		kP: 1.1, kI: 0,kD: 0, Limit: 5, Time Constant: 0
[gzserver-2] 	Position Z:
[gzserver-2] 		kP: 1, kI: 0,kD: 0.2, Limit: -1, Time Constant: 0
[gzserver-2] [INFO] [1773184727.536319128] [drone.simple_drone]: The drone plugin finished loading!
[gzserver-2] [INFO] [1773184734.704732976] [gazebo_wind_plugin_node]: WindPlugin: set wind_speed=0.00 wind_direction=0.0
[gzserver-2] [INFO] [1773184734.973723014] [gazebo_wind_plugin_node]: WindPlugin: set wind_speed=0.00 wind_direction=0.0
[gzserver-2] [INFO] [1773184735.013387654] [drone.simple_drone]: Quadrotor takes off!!
[gzserver-2] [INFO] [1773184735.214299225] [gazebo_wind_plugin_node]: WindPlugin: set wind_speed=0.00 wind_direction=0.0
[gzserver-2] [INFO] [1773184735.451340044] [gazebo_wind_plugin_node]: WindPlugin: set wind_speed=0.00 wind_direction=0.0
[gzserver-2] [INFO] [1773184735.691031514] [gazebo_wind_plugin_node]: WindPlugin: set wind_speed=0.00 wind_direction=0.0
[gzserver-2] [INFO] [1773184735.930423727] [gazebo_wind_plugin_node]: WindPlugin: set wind_speed=0.00 wind_direction=0.0
[gzserver-2] [INFO] [1773184736.170269781] [gazebo_wind_plugin_node]: WindPlugin: set wind_speed=0.00 wind_direction=0.0
[gzserver-2] [INFO] [1773184736.409600161] [gazebo_wind_plugin_node]: WindPlugin: set wind_speed=0.00 wind_direction=0.0
[gzserver-2] [INFO] [1773184736.649138115] [gazebo_wind_plugin_node]: WindPlugin: set wind_speed=0.00 wind_direction=0.0
[gzserver-2] [0m[1;36m[Dbg] [wind_plugin.cpp:110] [0m[1;36mWindPlugin: received command -> speed=[0m[1;36m0[0m[1;36m dir=[0m[1;36m0[0m[1;36m
[gzserver-2] [0m[1;36m[Dbg] [wind_plugin.cpp:110] [0m[1;36mWindPlugin: received command -> speed=[0m[1;36m0[0m[1;36m dir=[0m[1;36m0[0m[1;36m
[gzserver-2] [0m[1;36m[Dbg] [wind_plugin.cpp:110] [0m[1;36mWindPlugin: received command -> speed=[0m[1;36m0[0m[1;36m dir=[0m[1;36m0[0m[1;36m
[gzserver-2] [0m[1;36m[Dbg] [wind_plugin.cpp:110] [0m[1;36mWindPlugin: received command -> speed=[0m[1;36m0[0m[1;36m dir=[0m[1;36m0[0m[1;36m
[gzserver-2] [0m[1;36m[Dbg] [wind_plugin.cpp:110] [0m[1;36mWindPlugin: received command -> speed=[0m[1;36m0[0m[1;36m dir=[0m[1;36m0[0m[1;36m
[gzserver-2] [0m[1;36m[Dbg] [wind_plugin.cpp:110] [0m[1;36mWindPlugin: received command -> speed=[0m[1;36m0[0m[1;36m dir=[0m[1;36m0[0m[1;36m
[gzserver-2] [0m[1;36m[Dbg] [wind_plugin.cpp:110] [0m[1;36mWindPlugin: received command -> speed=[0m[1;36m0[0m[1;36m dir=[0m[1;36m0[0m[1;36m
[gzserver-2] [0m[1;36m[Dbg] [wind_plugin.cpp:110] [0m[1;36mWindPlugin: received command -> speed=[0m[1;36m0[0m[1;36m dir=[0m[1;36m0[0m[1;36m
[gzserver-2] [0m[1;36m[Dbg] [wind_plugin.cpp:110] [0m[1;36mWindPlugin: received command -> speed=[0m[1;36m0[0m[1;36m dir=[0m[1;36m0[0m[1;36m
[gzserver-2] [0mEntering flying model!
[gzserver-2] [INFO] [1773184736.878341034] [gazebo_wind_plugin_node]: WindPlugin: set wind_speed=0.00 wind_direction=0.0
[gzserver-2] [INFO] [1773184737.119244257] [gazebo_wind_plugin_node]: WindPlugin: set wind_speed=2.84 wind_direction=-48.8
[gzserver-2] [INFO] [1773184737.353906334] [gazebo_wind_plugin_node]: WindPlugin: set wind_speed=2.91 wind_direction=-49.2
[gzserver-2] [INFO] [1773184737.592946656] [gazebo_wind_plugin_node]: WindPlugin: set wind_speed=2.91 wind_direction=-49.2
[gzserver-2] [INFO] [1773184737.827327576] [gazebo_wind_plugin_node]: WindPlugin: set wind_speed=2.91 wind_direction=-49.2
[gzserver-2] [INFO] [1773184738.066586412] [gazebo_wind_plugin_node]: WindPlugin: set wind_speed=2.91 wind_direction=-49.2
[gzserver-2] [INFO] [1773184738.298061359] [gazebo_wind_plugin_node]: WindPlugin: set wind_speed=2.79 wind_direction=-46.5
[gzserver-2] [INFO] [1773184738.538014936] [gazebo_wind_plugin_node]: WindPlugin: set wind_speed=2.79 wind_direction=-46.5
[gzserver-2] [INFO] [1773184738.778799447] [gazebo_wind_plugin_node]: WindPlugin: set wind_speed=2.79 wind_direction=-46.5
[gzserver-2] [INFO] [1773184739.018191852] [gazebo_wind_plugin_node]: WindPlugin: set wind_speed=2.79 wind_direction=-46.5
[gzserver-2] [INFO] [1773184739.260519945] [gazebo_wind_plugin_node]: WindPlugin: set wind_speed=2.84 wind_direction=-48.8
[gzserver-2] [INFO] [1773184739.499921617] [gazebo_wind_plugin_node]: WindPlugin: set wind_speed=2.84 wind_direction=-48.8
[gzserver-2] [INFO] [1773184739.740024054] [gazebo_wind_plugin_node]: WindPlugin: set wind_speed=2.84 wind_direction=-48.8
[gzserver-2] [INFO] [1773184739.981215529] [gazebo_wind_plugin_node]: WindPlugin: set wind_speed=2.84 wind_direction=-48.8
[gzserver-2] [INFO] [1773184740.216070420] [gazebo_wind_plugin_node]: WindPlugin: set wind_speed=2.97 wind_direction=-46.3
[gzserver-2] [INFO] [1773184740.451785673] [gazebo_wind_plugin_node]: WindPlugin: set wind_speed=2.97 wind_direction=-46.3
[gzserver-2] [INFO] [1773184740.695257347] [gazebo_wind_plugin_node]: WindPlugin: set wind_speed=2.97 wind_direction=-46.3
[gzserver-2] [INFO] [1773184740.931449399] [gazebo_wind_plugin_node]: WindPlugin: set wind_speed=2.97 wind_direction=-46.3
[gzserver-2] [INFO] [1773184741.174205925] [gazebo_wind_plugin_node]: WindPlugin: set wind_speed=2.97 wind_direction=-46.3
[gzserver-2] [INFO] [1773184741.413818804] [gazebo_wind_plugin_node]: WindPlugin: set wind_speed=2.61 wind_direction=-49.0
[gzserver-2] [INFO] [1773184741.649349385] [gazebo_wind_plugin_node]: WindPlugin: set wind_speed=2.61 wind_direction=-49.0
[gzserver-2] [INFO] [1773184741.889216110] [gazebo_wind_plugin_node]: WindPlugin: set wind_speed=2.61 wind_direction=-49.0
[gzserver-2] [INFO] [1773184742.128748929] [gazebo_wind_plugin_node]: WindPlugin: set wind_speed=2.61 wind_direction=-49.0
[gzserver-2] [INFO] [1773184742.367994212] [gazebo_wind_plugin_node]: WindPlugin: set wind_speed=2.73 wind_direction=-48.8
[gzserver-2] [INFO] [1773184742.597278269] [gazebo_wind_plugin_node]: WindPlugin: set wind_speed=2.73 wind_direction=-48.8
[gzserver-2] [INFO] [1773184742.831197405] [gazebo_wind_plugin_node]: WindPlugin: set wind_speed=2.73 wind_direction=-48.8
[gzserver-2] [INFO] [1773184743.065034582] [gazebo_wind_plugin_node]: WindPlugin: set wind_speed=2.73 wind_direction=-48.8
[gzserver-2] [1;36m[Dbg] [wind_plugin.cpp:110] [0m[1;36mWindPlugin: received command -> speed=[0m[1;36m0[0m[1;36m dir=[0m[1;36m0[0m[1;36m
[gzserver-2] [0m[1;36m[Dbg] [wind_plugin.cpp:110] [0m[1;36mWindPlugin: received command -> speed=[0m[1;36m2.83782[0m[1;36m dir=[0m[1;36m-48.8335[0m[1;36m
[gzserver-2] [0m[1;36m[Dbg] [wind_plugin.cpp:110] [0m[1;36mWindPlugin: received command -> speed=[0m[1;36m2.90996[0m[1;36m dir=[0m[1;36m-49.202[0m[1;36m
[gzserver-2] [0m[1;36m[Dbg] [wind_plugin.cpp:110] [0m[1;36mWindPlugin: received command -> speed=[0m[1;36m2.90996[0m[1;36m dir=[0m[1;36m-49.202[0m[1;36m
[gzserver-2] [0m[1;36m[Dbg] [wind_plugin.cpp:110] [0m[1;36mWindPlugin: received command -> speed=[0m[1;36m2.90996[0m[1;36m dir=[0m[1;36m-49.202[0m[1;36m
[gzserver-2] [0m[1;36m[Dbg] [wind_plugin.cpp:110] [0m[1;36mWindPlugin: received command -> speed=[0m[1;36m2.90996[0m[1;36m dir=[0m[1;36m-49.202[0m[1;36m
[gzserver-2] [0m[1;36m[Dbg] [wind_plugin.cpp:110] [0m[1;36mWindPlugin: received command -> speed=[0m[1;36m2.79063[0m[1;36m dir=[0m[1;36m-46.468[0m[1;36m
[gzserver-2] [0m[1;36m[Dbg] [wind_plugin.cpp:110] [0m[1;36mWindPlugin: received command -> speed=[0m[1;36m2.79063[0m[1;36m dir=[0m[1;36m-46.468[0m[1;36m
[gzserver-2] [0m[1;36m[Dbg] [wind_plugin.cpp:110] [0m[1;36mWindPlugin: received command -> speed=[0m[1;36m2.79063[0m[1;36m dir=[0m[1;36m-46.468[0m[1;36m
[gzserver-2] [0m[1;36m[Dbg] [wind_plugin.cpp:110] [0m[1;36mWindPlugin: received command -> speed=[0m[1;36m2.79063[0m[1;36m dir=[0m[1;36m-46.468[0m[1;36m
[gzserver-2] [0m[1;36m[Dbg] [wind_plugin.cpp:110] [0m[1;36mWindPlugin: received command -> speed=[0m[1;36m2.8392[0m[1;36m dir=[0m[1;36m-48.8035[0m[1;36m
[gzserver-2] [0m[1;36m[Dbg] [wind_plugin.cpp:110] [0m[1;36mWindPlugin: received command -> speed=[0m[1;36m2.8392[0m[1;36m dir=[0m[1;36m-48.8035[0m[1;36m
[gzserver-2] [0m[1;36m[Dbg] [wind_plugin.cpp:110] [0m[1;36mWindPlugin: received command -> speed=[0m[1;36m2.8392[0m[1;36m dir=[0m[1;36m-48.8035[0m[1;36m
[gzserver-2] [0m[1;36m[Dbg] [wind_plugin.cpp:110] [0m[1;36mWindPlugin: received command -> speed=[0m[1;36m2.8392[0m[1;36m dir=[0m[1;36m-48.8035[0m[1;36m
[gzserver-2] [0m[1;36m[Dbg] [wind_plugin.cpp:110] [0m[1;36mWindPlugin: received command -> speed=[0m[1;36m2.96742[0m[1;36m dir=[0m[1;36m-46.3178[0m[1;36m
[gzserver-2] [0m[1;36m[Dbg] [wind_plugin.cpp:110] [0m[1;36mWindPlugin: received command -> speed=[0m[1;36m2.96742[0m[1;36m dir=[0m[1;36m-46.3178[0m[1;36m
[gzserver-2] [0m[1;36m[Dbg] [wind_plugin.cpp:110] [0m[1;36mWindPlugin: received command -> speed=[0m[1;36m2.96742[0m[1;36m dir=[0m[1;36m-46.3178[0m[1;36m
[gzserver-2] [0m[1;36m[Dbg] [wind_plugin.cpp:110] [0m[1;36mWindPlugin: received command -> speed=[0m[1;36m2.96742[0m[1;36m dir=[0m[1;36m-46.3178[0m[1;36m
[gzserver-2] [0m[1;36m[Dbg] [wind_plugin.cpp:110] [0m[1;36mWindPlugin: received command -> speed=[0m[1;36m2.96742[0m[1;36m dir=[0m[1;36m-46.3178[0m[1;36m
[gzserver-2] [0m[1;36m[Dbg] [wind_plugin.cpp:110] [0m[1;36mWindPlugin: received command -> speed=[0m[1;36m2.61143[0m[1;36m dir=[0m[1;36m-48.9545[0m[1;36m
[gzserver-2] [0m[1;36m[Dbg] [wind_plugin.cpp:110] [0m[1;36mWindPlugin: received command -> speed=[0m[1;36m2.61143[0m[1;36m dir=[0m[1;36m-48.9545[0m[1;36m
[gzserver-2] [0m[1;36m[Dbg] [wind_plugin.cpp:110] [0m[1;36mWindPlugin: received command -> speed=[0m[1;36m2.61143[0m[1;36m dir=[0m[1;36m-48.9545[0m[1;36m
[gzserver-2] [0m[1;36m[Dbg] [wind_plugin.cpp:110] [0m[1;36mWindPlugin: received command -> speed=[0m[1;36m2.61143[0m[1;36m dir=[0m[1;36m-48.9545[0m[1;36m
[gzserver-2] [0m[1;36m[Dbg] [wind_plugin.cpp:110] [0m[1;36mWindPlugin: received command -> speed=[0m[1;36m2.73132[0m[1;36m dir=[0m[1;36m-48.7781[0m[1;36m
[gzserver-2] [0m[1;36m[Dbg] [wind_plugin.cpp:110] [0m[1;36mWindPlugin: received command -> speed=[0m[1;36m2.73132[0m[1;36m dir=[0m[1;36m-48.7781[0m[1;36m
[gzserver-2] [0m[1;36m[Dbg] [wind_plugin.cpp:110] [0m[1;36mWindPlugin: received command -> speed=[0m[1;36m2.73132[0m[1;36m dir=[0m[1;36m-48.7781[0m[1;36m
[gzserver-2] [INFO] [1773184743.304534926] [gazebo_wind_plugin_node]: WindPlugin: set wind_speed=2.62 wind_direction=-49.7
[gzserver-2] [INFO] [1773184743.529304044] [gazebo_wind_plugin_node]: WindPlugin: set wind_speed=2.62 wind_direction=-49.7
[gzserver-2] [INFO] [1773184743.768905718] [gazebo_wind_plugin_node]: WindPlugin: set wind_speed=2.62 wind_direction=-49.7
[gzserver-2] [INFO] [1773184744.002670018] [gazebo_wind_plugin_node]: WindPlugin: set wind_speed=2.62 wind_direction=-49.7
[gzserver-2] [INFO] [1773184744.239546183] [gazebo_wind_plugin_node]: WindPlugin: set wind_speed=2.80 wind_direction=-49.3
[gzserver-2] [INFO] [1773184744.481075095] [gazebo_wind_plugin_node]: WindPlugin: set wind_speed=2.80 wind_direction=-49.3
[gzserver-2] [INFO] [1773184744.721525218] [gazebo_wind_plugin_node]: WindPlugin: set wind_speed=2.80 wind_direction=-49.3
[gzserver-2] [INFO] [1773184744.963077755] [gazebo_wind_plugin_node]: WindPlugin: set wind_speed=2.80 wind_direction=-49.3
[gzserver-2] [INFO] [1773184745.197590079] [gazebo_wind_plugin_node]: WindPlugin: set wind_speed=2.80 wind_direction=-49.3
[gzserver-2] [INFO] [1773184745.437270415] [gazebo_wind_plugin_node]: WindPlugin: set wind_speed=2.52 wind_direction=-49.4
[gzserver-2] [INFO] [1773184745.671125358] [gazebo_wind_plugin_node]: WindPlugin: set wind_speed=2.52 wind_direction=-49.4
[gzserver-2] [INFO] [1773184745.910378020] [gazebo_wind_plugin_node]: WindPlugin: set wind_speed=2.52 wind_direction=-49.4
[gzserver-2] [INFO] [1773184746.149991438] [gazebo_wind_plugin_node]: WindPlugin: set wind_speed=2.52 wind_direction=-49.4
[gzserver-2] [INFO] [1773184746.384303528] [gazebo_wind_plugin_node]: WindPlugin: set wind_speed=2.53 wind_direction=-49.7
[gzserver-2] [INFO] [1773184746.618212426] [gazebo_wind_plugin_node]: WindPlugin: set wind_speed=2.53 wind_direction=-49.7
[gzserver-2] [INFO] [1773184746.857904534] [gazebo_wind_plugin_node]: WindPlugin: set wind_speed=2.53 wind_direction=-49.7
[gzserver-2] [INFO] [1773184747.093929265] [gazebo_wind_plugin_node]: WindPlugin: set wind_speed=2.53 wind_direction=-49.7
[gzserver-2] [INFO] [1773184747.335697394] [gazebo_wind_plugin_node]: WindPlugin: set wind_speed=2.42 wind_direction=-53.0
[gzserver-2] [INFO] [1773184747.575290671] [gazebo_wind_plugin_node]: WindPlugin: set wind_speed=2.42 wind_direction=-53.0
[gzserver-2] [INFO] [1773184747.809746070] [gazebo_wind_plugin_node]: WindPlugin: set wind_speed=2.42 wind_direction=-53.0
[gzserver-2] [INFO] [1773184748.050307865] [gazebo_wind_plugin_node]: WindPlugin: set wind_speed=2.42 wind_direction=-53.0
[gzserver-2] [INFO] [1773184748.292572589] [gazebo_wind_plugin_node]: WindPlugin: set wind_speed=2.56 wind_direction=-51.0
[gzserver-2] [INFO] [1773184748.526442799] [gazebo_wind_plugin_node]: WindPlugin: set wind_speed=2.56 wind_direction=-51.0
[gzserver-2] [INFO] [1773184748.760962410] [gazebo_wind_plugin_node]: WindPlugin: set wind_speed=2.56 wind_direction=-51.0
[gzserver-2] [INFO] [1773184749.001528549] [gazebo_wind_plugin_node]: WindPlugin: set wind_speed=2.56 wind_direction=-51.0
[gzserver-2] [INFO] [1773184749.243144778] [gazebo_wind_plugin_node]: WindPlugin: set wind_speed=2.64 wind_direction=-48.6
[gzserver-2] [INFO] [1773184749.479390461] [gazebo_wind_plugin_node]: WindPlugin: set wind_speed=2.64 wind_direction=-48.6
[gzserver-2] [0m[1;36m[Dbg] [wind_plugin.cpp:110] [0m[1;36mWindPlugin: received command -> speed=[0m[1;36m2.73132[0m[1;36m dir=[0m[1;36m-48.7781[0m[1;36m
[gzserver-2] [0m[1;36m[Dbg] [wind_plugin.cpp:110] [0m[1;36mWindPlugin: received command -> speed=[0m[1;36m2.6206[0m[1;36m dir=[0m[1;36m-49.7077[0m[1;36m
[gzserver-2] [0m[1;36m[Dbg] [wind_plugin.cpp:110] [0m[1;36mWindPlugin: received command -> speed=[0m[1;36m2.6206[0m[1;36m dir=[0m[1;36m-49.7077[0m[1;36m
[gzserver-2] [0m[1;36m[Dbg] [wind_plugin.cpp:110] [0m[1;36mWindPlugin: received command -> speed=[0m[1;36m2.6206[0m[1;36m dir=[0m[1;36m-49.7077[0m[1;36m
[gzserver-2] [0m[1;36m[Dbg] [wind_plugin.cpp:110] [0m[1;36mWindPlugin: received command -> speed=[0m[1;36m2.6206[0m[1;36m dir=[0m[1;36m-49.7077[0m[1;36m
[gzserver-2] [0m[1;36m[Dbg] [wind_plugin.cpp:110] [0m[1;36mWindPlugin: received command -> speed=[0m[1;36m2.80159[0m[1;36m dir=[0m[1;36m-49.2616[0m[1;36m
[gzserver-2] [0m[1;36m[Dbg] [wind_plugin.cpp:110] [0m[1;36mWindPlugin: received command -> speed=[0m[1;36m2.80159[0m[1;36m dir=[0m[1;36m-49.2616[0m[1;36m
[gzserver-2] [0m[1;36m[Dbg] [wind_plugin.cpp:110] [0m[1;36mWindPlugin: received command -> speed=[0m[1;36m2.80159[0m[1;36m dir=[0m[1;36m-49.2616[0m[1;36m
[gzserver-2] [0m[1;36m[Dbg] [wind_plugin.cpp:110] [0m[1;36mWindPlugin: received command -> speed=[0m[1;36m2.80159[0m[1;36m dir=[0m[1;36m-49.2616[0m[1;36m
[gzserver-2] [0m[1;36m[Dbg] [wind_plugin.cpp:110] [0m[1;36mWindPlugin: received command -> speed=[0m[1;36m2.80159[0m[1;36m dir=[0m[1;36m-49.2616[0m[1;36m
[gzserver-2] [0m[1;36m[Dbg] [wind_plugin.cpp:110] [0m[1;36mWindPlugin: received command -> speed=[0m[1;36m2.51771[0m[1;36m dir=[0m[1;36m-49.4411[0m[1;36m
[gzserver-2] [0m[1;36m[Dbg] [wind_plugin.cpp:110] [0m[1;36mWindPlugin: received command -> speed=[0m[1;36m2.51771[0m[1;36m dir=[0m[1;36m-49.4411[0m[1;36m
[gzserver-2] [0m[1;36m[Dbg] [wind_plugin.cpp:110] [0m[1;36mWindPlugin: received command -> speed=[0m[1;36m2.51771[0m[1;36m dir=[0m[1;36m-49.4411[0m[1;36m
[gzserver-2] [0m[1;36m[Dbg] [wind_plugin.cpp:110] [0m[1;36mWindPlugin: received command -> speed=[0m[1;36m2.51771[0m[1;36m dir=[0m[1;36m-49.4411[0m[1;36m
[gzserver-2] [0m[1;36m[Dbg] [wind_plugin.cpp:110] [0m[1;36mWindPlugin: received command -> speed=[0m[1;36m2.53497[0m[1;36m dir=[0m[1;36m-49.6768[0m[1;36m
[gzserver-2] [0m[1;36m[Dbg] [wind_plugin.cpp:110] [0m[1;36mWindPlugin: received command -> speed=[0m[1;36m2.53497[0m[1;36m dir=[0m[1;36m-49.6768[0m[1;36m
[gzserver-2] [0m[1;36m[Dbg] [wind_plugin.cpp:110] [0m[1;36mWindPlugin: received command -> speed=[0m[1;36m2.53497[0m[1;36m dir=[0m[1;36m-49.6768[0m[1;36m
[gzserver-2] [0m[1;36m[Dbg] [wind_plugin.cpp:110] [0m[1;36mWindPlugin: received command -> speed=[0m[1;36m2.53497[0m[1;36m dir=[0m[1;36m-49.6768[0m[1;36m
[gzserver-2] [0m[1;36m[Dbg] [wind_plugin.cpp:110] [0m[1;36mWindPlugin: received command -> speed=[0m[1;36m2.42377[0m[1;36m dir=[0m[1;36m-53.0427[0m[1;36m
[gzserver-2] [0m[1;36m[Dbg] [wind_plugin.cpp:110] [0m[1;36mWindPlugin: received command -> speed=[0m[1;36m2.42377[0m[1;36m dir=[0m[1;36m-53.0427[0m[1;36m
[gzserver-2] [0m[1;36m[Dbg] [wind_plugin.cpp:110] [0m[1;36mWindPlugin: received command -> speed=[0m[1;36m2.42377[0m[1;36m dir=[0m[1;36m-53.0427[0m[1;36m
[gzserver-2] [0m[1;36m[Dbg] [wind_plugin.cpp:110] [0m[1;36mWindPlugin: received command -> speed=[0m[1;36m2.42377[0m[1;36m dir=[0m[1;36m-53.0427[0m[1;36m
[gzserver-2] [0m[1;36m[Dbg] [wind_plugin.cpp:110] [0m[1;36mWindPlugin: received command -> speed=[0m[1;36m2.56494[0m[1;36m dir=[0m[1;36m-51.0414[0m[1;36m
[gzserver-2] [0m[1;36m[Dbg] [wind_plugin.cpp:110] [0m[1;36mWindPlugin: received command -> speed=[0m[1;36m2.56494[0m[1;36m dir=[0m[1;36m-51.0414[0m[1;36m
[gzserver-2] [0m[1;36m[Dbg] [wind_plugin.cpp:110] [0m[1;36mWindPlugin: received command -> speed=[0m[1;36m2.56494[0m[1;36m dir=[0m[1;36m-51.0414[0m[1;36m
[gzserver-2] [0m[1;36m[Dbg] [wind_plugin.cpp:110] [0m[1;36mWindPlugin: received command -> speed=[0m[1;36m2.56494[0m[1;36m dir=[0m[1;36m-51.0414[0m[1;36m
[gzserver-2] [0m[1;36m[Dbg] [wind_plugin.cpp:110] [0m[1;36mWindPlugin: received command -> speed=[0m[1;36m2.64279[0m[1;36m dir=[0m[1;36m-48.5855[0m[1;36m
[gzserver-2] [INFO] [1773184749.718942702] [gazebo_wind_plugin_node]: WindPlugin: set wind_speed=2.64 wind_direction=-48.6
[gzserver-2] [INFO] [1773184749.953483452] [gazebo_wind_plugin_node]: WindPlugin: set wind_speed=2.64 wind_direction=-48.6
[gzserver-2] [INFO] [1773184750.188555919] [gazebo_wind_plugin_node]: WindPlugin: set wind_speed=2.64 wind_direction=-48.6
[gzserver-2] [INFO] [1773184750.422983387] [gazebo_wind_plugin_node]: WindPlugin: set wind_speed=2.53 wind_direction=-50.2
[gzserver-2] [INFO] [1773184750.662732759] [gazebo_wind_plugin_node]: WindPlugin: set wind_speed=2.53 wind_direction=-50.2
[gzserver-2] [INFO] [1773184750.902355108] [gazebo_wind_plugin_node]: WindPlugin: set wind_speed=2.53 wind_direction=-50.2
[gzserver-2] [INFO] [1773184751.132331303] [gazebo_wind_plugin_node]: WindPlugin: set wind_speed=2.53 wind_direction=-50.2
[gzserver-2] [INFO] [1773184751.371649076] [gazebo_wind_plugin_node]: WindPlugin: set wind_speed=2.60 wind_direction=-50.0
[gzserver-2] [INFO] [1773184751.610911056] [gazebo_wind_plugin_node]: WindPlugin: set wind_speed=2.60 wind_direction=-50.0
[gzserver-2] [INFO] [1773184751.839753229] [gazebo_wind_plugin_node]: WindPlugin: set wind_speed=2.60 wind_direction=-50.0
[gzserver-2] [INFO] [1773184752.075018339] [gazebo_wind_plugin_node]: WindPlugin: set wind_speed=2.60 wind_direction=-50.0
[gzserver-2] [INFO] [1773184752.310120557] [gazebo_wind_plugin_node]: WindPlugin: set wind_speed=2.48 wind_direction=-49.4
[gzserver-2] [INFO] [1773184752.545499553] [gazebo_wind_plugin_node]: WindPlugin: set wind_speed=2.48 wind_direction=-49.4
[gzserver-2] [INFO] [1773184752.780573922] [gazebo_wind_plugin_node]: WindPlugin: set wind_speed=2.48 wind_direction=-49.4
[gzserver-2] [INFO] [1773184753.016933699] [gazebo_wind_plugin_node]: WindPlugin: set wind_speed=2.48 wind_direction=-49.4
[gzserver-2] [INFO] [1773184753.245729892] [gazebo_wind_plugin_node]: WindPlugin: set wind_speed=2.62 wind_direction=-49.4
[gzserver-2] [INFO] [1773184753.475273137] [gazebo_wind_plugin_node]: WindPlugin: set wind_speed=2.62 wind_direction=-49.4
[gzserver-2] [INFO] [1773184753.714980744] [gazebo_wind_plugin_node]: WindPlugin: set wind_speed=2.62 wind_direction=-49.4
[gzserver-2] [INFO] [1773184753.947985038] [gazebo_wind_plugin_node]: WindPlugin: set wind_speed=2.62 wind_direction=-49.4
[gzserver-2] [INFO] [1773184754.188161158] [gazebo_wind_plugin_node]: WindPlugin: set wind_speed=2.62 wind_direction=-49.4
[gzserver-2] [INFO] [1773184754.417040639] [gazebo_wind_plugin_node]: WindPlugin: set wind_speed=2.50 wind_direction=-49.8
[gzserver-2] [INFO] [1773184754.650799800] [gazebo_wind_plugin_node]: WindPlugin: set wind_speed=2.50 wind_direction=-49.8
[gzserver-2] [INFO] [1773184754.885151747] [gazebo_wind_plugin_node]: WindPlugin: set wind_speed=2.50 wind_direction=-49.8
[gzserver-2] [INFO] [1773184755.125401299] [gazebo_wind_plugin_node]: WindPlugin: set wind_speed=2.50 wind_direction=-49.8
[gzserver-2] [INFO] [1773184755.365781840] [gazebo_wind_plugin_node]: WindPlugin: set wind_speed=2.44 wind_direction=-48.0
[gzserver-2] [INFO] [1773184755.605011662] [gazebo_wind_plugin_node]: WindPlugin: set wind_speed=2.44 wind_direction=-48.0
[gzserver-2] [INFO] [1773184755.846371621] [gazebo_wind_plugin_node]: WindPlugin: set wind_speed=2.44 wind_direction=-48.0
[gzserver-2] [0m[1;36m[Dbg] [wind_plugin.cpp:110] [0m[1;36mWindPlugin: received command -> speed=[0m[1;36m2.64279[0m[1;36m dir=[0m[1;36m-48.5855[0m[1;36m
[gzserver-2] [0m[1;36m[Dbg] [wind_plugin.cpp:110] [0m[1;36mWindPlugin: received command -> speed=[0m[1;36m2.64279[0m[1;36m dir=[0m[1;36m-48.5855[0m[1;36m
[gzserver-2] [0m[1;36m[Dbg] [wind_plugin.cpp:110] [0m[1;36mWindPlugin: received command -> speed=[0m[1;36m2.64279[0m[1;36m dir=[0m[1;36m-48.5855[0m[1;36m
[gzserver-2] [0m[1;36m[Dbg] [wind_plugin.cpp:110] [0m[1;36mWindPlugin: received command -> speed=[0m[1;36m2.64279[0m[1;36m dir=[0m[1;36m-48.5855[0m[1;36m
[gzserver-2] [0m[1;36m[Dbg] [wind_plugin.cpp:110] [0m[1;36mWindPlugin: received command -> speed=[0m[1;36m2.53385[0m[1;36m dir=[0m[1;36m-50.2314[0m[1;36m
[gzserver-2] [0m[1;36m[Dbg] [wind_plugin.cpp:110] [0m[1;36mWindPlugin: received command -> speed=[0m[1;36m2.53385[0m[1;36m dir=[0m[1;36m-50.2314[0m[1;36m
[gzserver-2] [0m[1;36m[Dbg] [wind_plugin.cpp:110] [0m[1;36mWindPlugin: received command -> speed=[0m[1;36m2.53385[0m[1;36m dir=[0m[1;36m-50.2314[0m[1;36m
[gzserver-2] [0m[1;36m[Dbg] [wind_plugin.cpp:110] [0m[1;36mWindPlugin: received command -> speed=[0m[1;36m2.53385[0m[1;36m dir=[0m[1;36m-50.2314[0m[1;36m
[gzserver-2] [0m[1;36m[Dbg] [wind_plugin.cpp:110] [0m[1;36mWindPlugin: received command -> speed=[0m[1;36m2.59509[0m[1;36m dir=[0m[1;36m-50.0052[0m[1;36m
[gzserver-2] [0m[1;36m[Dbg] [wind_plugin.cpp:110] [0m[1;36mWindPlugin: received command -> speed=[0m[1;36m2.59509[0m[1;36m dir=[0m[1;36m-50.0052[0m[1;36m
[gzserver-2] [0m[1;36m[Dbg] [wind_plugin.cpp:110] [0m[1;36mWindPlugin: received command -> speed=[0m[1;36m2.59509[0m[1;36m dir=[0m[1;36m-50.0052[0m[1;36m
[gzserver-2] [0m[1;36m[Dbg] [wind_plugin.cpp:110] [0m[1;36mWindPlugin: received command -> speed=[0m[1;36m2.59509[0m[1;36m dir=[0m[1;36m-50.0052[0m[1;36m
[gzserver-2] [0m[1;36m[Dbg] [wind_plugin.cpp:110] [0m[1;36mWindPlugin: received command -> speed=[0m[1;36m2.48122[0m[1;36m dir=[0m[1;36m-49.4087[0m[1;36m
[gzserver-2] [0m[1;36m[Dbg] [wind_plugin.cpp:110] [0m[1;36mWindPlugin: received command -> speed=[0m[1;36m2.48122[0m[1;36m dir=[0m[1;36m-49.4087[0m[1;36m
[gzserver-2] [0m[1;36m[Dbg] [wind_plugin.cpp:110] [0m[1;36mWindPlugin: received command -> speed=[0m[1;36m2.48122[0m[1;36m dir=[0m[1;36m-49.4087[0m[1;36m
[gzserver-2] [0m[1;36m[Dbg] [wind_plugin.cpp:110] [0m[1;36mWindPlugin: received command -> speed=[0m[1;36m2.48122[0m[1;36m dir=[0m[1;36m-49.4087[0m[1;36m
[gzserver-2] [0m[1;36m[Dbg] [wind_plugin.cpp:110] [0m[1;36mWindPlugin: received command -> speed=[0m[1;36m2.62304[0m[1;36m dir=[0m[1;36m-49.3542[0m[1;36m
[gzserver-2] [0m[1;36m[Dbg] [wind_plugin.cpp:110] [0m[1;36mWindPlugin: received command -> speed=[0m[1;36m2.62304[0m[1;36m dir=[0m[1;36m-49.3542[0m[1;36m
[gzserver-2] [0m[1;36m[Dbg] [wind_plugin.cpp:110] [0m[1;36mWindPlugin: received command -> speed=[0m[1;36m2.62304[0m[1;36m dir=[0m[1;36m-49.3542[0m[1;36m
[gzserver-2] [0m[1;36m[Dbg] [wind_plugin.cpp:110] [0m[1;36mWindPlugin: received command -> speed=[0m[1;36m2.62304[0m[1;36m dir=[0m[1;36m-49.3542[0m[1;36m
[gzserver-2] [0m[1;36m[Dbg] [wind_plugin.cpp:110] [0m[1;36mWindPlugin: received command -> speed=[0m[1;36m2.62304[0m[1;36m dir=[0m[1;36m-49.3542[0m[1;36m
[gzserver-2] [0m[1;36m[Dbg] [wind_plugin.cpp:110] [0m[1;36mWindPlugin: received command -> speed=[0m[1;36m2.50378[0m[1;36m dir=[0m[1;36m-49.7637[0m[1;36m
[gzserver-2] [0m[1;36m[Dbg] [wind_plugin.cpp:110] [0m[1;36mWindPlugin: received command -> speed=[0m[1;36m2.50378[0m[1;36m dir=[0m[1;36m-49.7637[0m[1;36m
[gzserver-2] [0m[1;36m[Dbg] [wind_plugin.cpp:110] [0m[1;36mWindPlugin: received command -> speed=[0m[1;36m2.50378[0m[1;36m dir=[0m[1;36m-49.7637[0m[1;36m
[gzserver-2] [0m[1;36m[Dbg] [wind_plugin.cpp:110] [0m[1;36mWindPlugin: received command -> speed=[0m[1;36m2.50378[0m[1;36m dir=[0m[1;36m-49.7637[0m[1;36m
[gzserver-2] [0m[1;36m[Dbg] [wind_plugin.cpp:110] [0m[1;36mWindPlugin: received command -> speed=[0m[1;36m2.44228[0m[1;36m dir=[0m[1;36m-48.0179[0m[1;36m
[gzserver-2] [0m[1;36m[Dbg] [wind_plugin.cpp:110] [0m[1;36mWindPlugin: received command -> speed=[0m[1;36m2.44228[0m[1;36m dir=[0m[1;36m-48.0179[0m[1;36m
[gzserver-2] [INFO] [1773184756.085866985] [gazebo_wind_plugin_node]: WindPlugin: set wind_speed=2.44 wind_direction=-48.0
[gzserver-2] [INFO] [1773184756.325833528] [gazebo_wind_plugin_node]: WindPlugin: set wind_speed=2.36 wind_direction=-51.5
[gzserver-2] [INFO] [1773184756.559725526] [gazebo_wind_plugin_node]: WindPlugin: set wind_speed=2.36 wind_direction=-51.5
[gzserver-2] [INFO] [1773184756.799254566] [gazebo_wind_plugin_node]: WindPlugin: set wind_speed=2.36 wind_direction=-51.5
[gzserver-2] [INFO] [1773184757.036460108] [gazebo_wind_plugin_node]: WindPlugin: set wind_speed=2.36 wind_direction=-51.5
[gzserver-2] [INFO] [1773184757.276276321] [gazebo_wind_plugin_node]: WindPlugin: set wind_speed=2.30 wind_direction=-50.5
[gzserver-2] [INFO] [1773184757.515767423] [gazebo_wind_plugin_node]: WindPlugin: set wind_speed=2.30 wind_direction=-50.5
[gzserver-2] [INFO] [1773184757.756823889] [gazebo_wind_plugin_node]: WindPlugin: set wind_speed=2.30 wind_direction=-50.5
[gzserver-2] [INFO] [1773184757.991234824] [gazebo_wind_plugin_node]: WindPlugin: set wind_speed=2.30 wind_direction=-50.5
[gzserver-2] [INFO] [1773184758.225326757] [gazebo_wind_plugin_node]: WindPlugin: set wind_speed=2.23 wind_direction=-47.8
[gzserver-2] [INFO] [1773184758.459784962] [gazebo_wind_plugin_node]: WindPlugin: set wind_speed=2.23 wind_direction=-47.8
[gzserver-2] [INFO] [1773184758.699376236] [gazebo_wind_plugin_node]: WindPlugin: set wind_speed=2.23 wind_direction=-47.8
[gzserver-2] [INFO] [1773184758.934555697] [gazebo_wind_plugin_node]: WindPlugin: set wind_speed=2.23 wind_direction=-47.8
[gzserver-2] [INFO] [1773184759.174183851] [gazebo_wind_plugin_node]: WindPlugin: set wind_speed=2.23 wind_direction=-47.8
[gzserver-2] [INFO] [1773184759.414236323] [gazebo_wind_plugin_node]: WindPlugin: set wind_speed=2.58 wind_direction=-50.1
[gzserver-2] [INFO] [1773184759.653740912] [gazebo_wind_plugin_node]: WindPlugin: set wind_speed=2.58 wind_direction=-50.1
[gzserver-2] [INFO] [1773184759.893839364] [gazebo_wind_plugin_node]: WindPlugin: set wind_speed=2.58 wind_direction=-50.1
[gzserver-2] [INFO] [1773184760.128016588] [gazebo_wind_plugin_node]: WindPlugin: set wind_speed=2.58 wind_direction=-50.1
[gzserver-2] [INFO] [1773184760.364106663] [gazebo_wind_plugin_node]: WindPlugin: set wind_speed=2.35 wind_direction=-51.7
[gzserver-2] [INFO] [1773184760.598385290] [gazebo_wind_plugin_node]: WindPlugin: set wind_speed=2.35 wind_direction=-51.7
[gzserver-2] [INFO] [1773184760.837916160] [gazebo_wind_plugin_node]: WindPlugin: set wind_speed=2.35 wind_direction=-51.7
[gzserver-2] [INFO] [1773184761.067213559] [gazebo_wind_plugin_node]: WindPlugin: set wind_speed=2.35 wind_direction=-51.7
[gzserver-2] [INFO] [1773184761.306703509] [gazebo_wind_plugin_node]: WindPlugin: set wind_speed=2.19 wind_direction=-49.3
[gzserver-2] [INFO] [1773184761.541618524] [gazebo_wind_plugin_node]: WindPlugin: set wind_speed=2.19 wind_direction=-49.3
[gzserver-2] [INFO] [1773184761.776011042] [gazebo_wind_plugin_node]: WindPlugin: set wind_speed=2.19 wind_direction=-49.3
[gzserver-2] [INFO] [1773184762.016330554] [gazebo_wind_plugin_node]: WindPlugin: set wind_speed=2.19 wind_direction=-49.3
[gzserver-2] [INFO] [1773184762.255853892] [gazebo_wind_plugin_node]: WindPlugin: set wind_speed=2.37 wind_direction=-50.5
[gzserver-2] [0m[1;36m[Dbg] [wind_plugin.cpp:110] [0m[1;36mWindPlugin: received command -> speed=[0m[1;36m2.44228[0m[1;36m dir=[0m[1;36m-48.0179[0m[1;36m
[gzserver-2] [0m[1;36m[Dbg] [wind_plugin.cpp:110] [0m[1;36mWindPlugin: received command -> speed=[0m[1;36m2.44228[0m[1;36m dir=[0m[1;36m-48.0179[0m[1;36m
[gzserver-2] [0m[1;36m[Dbg] [wind_plugin.cpp:110] [0m[1;36mWindPlugin: received command -> speed=[0m[1;36m2.36443[0m[1;36m dir=[0m[1;36m-51.4565[0m[1;36m
[gzserver-2] [0m[1;36m[Dbg] [wind_plugin.cpp:110] [0m[1;36mWindPlugin: received command -> speed=[0m[1;36m2.36443[0m[1;36m dir=[0m[1;36m-51.4565[0m[1;36m
[gzserver-2] [0m[1;36m[Dbg] [wind_plugin.cpp:110] [0m[1;36mWindPlugin: received command -> speed=[0m[1;36m2.36443[0m[1;36m dir=[0m[1;36m-51.4565[0m[1;36m
[gzserver-2] [0m[1;36m[Dbg] [wind_plugin.cpp:110] [0m[1;36mWindPlugin: received command -> speed=[0m[1;36m2.36443[0m[1;36m dir=[0m[1;36m-51.4565[0m[1;36m
[gzserver-2] [0m[1;36m[Dbg] [wind_plugin.cpp:110] [0m[1;36mWindPlugin: received command -> speed=[0m[1;36m2.3039[0m[1;36m dir=[0m[1;36m-50.4868[0m[1;36m
[gzserver-2] [0m[1;36m[Dbg] [wind_plugin.cpp:110] [0m[1;36mWindPlugin: received command -> speed=[0m[1;36m2.3039[0m[1;36m dir=[0m[1;36m-50.4868[0m[1;36m
[gzserver-2] [0m[1;36m[Dbg] [wind_plugin.cpp:110] [0m[1;36mWindPlugin: received command -> speed=[0m[1;36m2.3039[0m[1;36m dir=[0m[1;36m-50.4868[0m[1;36m
[gzserver-2] [0m[1;36m[Dbg] [wind_plugin.cpp:110] [0m[1;36mWindPlugin: received command -> speed=[0m[1;36m2.3039[0m[1;36m dir=[0m[1;36m-50.4868[0m[1;36m
[gzserver-2] [0m[1;36m[Dbg] [wind_plugin.cpp:110] [0m[1;36mWindPlugin: received command -> speed=[0m[1;36m2.2341[0m[1;36m dir=[0m[1;36m-47.8233[0m[1;36m
[gzserver-2] [0m[1;36m[Dbg] [wind_plugin.cpp:110] [0m[1;36mWindPlugin: received command -> speed=[0m[1;36m2.2341[0m[1;36m dir=[0m[1;36m-47.8233[0m[1;36m
[gzserver-2] [0m[1;36m[Dbg] [wind_plugin.cpp:110] [0m[1;36mWindPlugin: received command -> speed=[0m[1;36m2.2341[0m[1;36m dir=[0m[1;36m-47.8233[0m[1;36m
[gzserver-2] [0m[1;36m[Dbg] [wind_plugin.cpp:110] [0m[1;36mWindPlugin: received command -> speed=[0m[1;36m2.2341[0m[1;36m dir=[0m[1;36m-47.8233[0m[1;36m
[gzserver-2] [0m[1;36m[Dbg] [wind_plugin.cpp:110] [0m[1;36mWindPlugin: received command -> speed=[0m[1;36m2.2341[0m[1;36m dir=[0m[1;36m-47.8233[0m[1;36m
[gzserver-2] [0m[1;36m[Dbg] [wind_plugin.cpp:110] [0m[1;36mWindPlugin: received command -> speed=[0m[1;36m2.57815[0m[1;36m dir=[0m[1;36m-50.1345[0m[1;36m
[gzserver-2] [0m[1;36m[Dbg] [wind_plugin.cpp:110] [0m[1;36mWindPlugin: received command -> speed=[0m[1;36m2.57815[0m[1;36m dir=[0m[1;36m-50.1345[0m[1;36m
[gzserver-2] [0m[1;36m[Dbg] [wind_plugin.cpp:110] [0m[1;36mWindPlugin: received command -> speed=[0m[1;36m2.57815[0m[1;36m dir=[0m[1;36m-50.1345[0m[1;36m
[gzserver-2] [0m[1;36m[Dbg] [wind_plugin.cpp:110] [0m[1;36mWindPlugin: received command -> speed=[0m[1;36m2.57815[0m[1;36m dir=[0m[1;36m-50.1345[0m[1;36m
[gzserver-2] [0m[1;36m[Dbg] [wind_plugin.cpp:110] [0m[1;36mWindPlugin: received command -> speed=[0m[1;36m2.35339[0m[1;36m dir=[0m[1;36m-51.7238[0m[1;36m
[gzserver-2] [0m[1;36m[Dbg] [wind_plugin.cpp:110] [0m[1;36mWindPlugin: received command -> speed=[0m[1;36m2.35339[0m[1;36m dir=[0m[1;36m-51.7238[0m[1;36m
[gzserver-2] [0m[1;36m[Dbg] [wind_plugin.cpp:110] [0m[1;36mWindPlugin: received command -> speed=[0m[1;36m2.35339[0m[1;36m dir=[0m[1;36m-51.7238[0m[1;36m
[gzserver-2] [0m[1;36m[Dbg] [wind_plugin.cpp:110] [0m[1;36mWindPlugin: received command -> speed=[0m[1;36m2.35339[0m[1;36m dir=[0m[1;36m-51.7238[0m[1;36m
[gzserver-2] [0m[1;36m[Dbg] [wind_plugin.cpp:110] [0m[1;36mWindPlugin: received command -> speed=[0m[1;36m2.18738[0m[1;36m dir=[0m[1;36m-49.3058[0m[1;36m
[gzserver-2] [0m[1;36m[Dbg] [wind_plugin.cpp:110] [0m[1;36mWindPlugin: received command -> speed=[0m[1;36m2.18738[0m[1;36m dir=[0m[1;36m-49.3058[0m[1;36m
[gzserver-2] [0m[1;36m[Dbg] [wind_plugin.cpp:110] [0m[1;36mWindPlugin: received command -> speed=[0m[1;36m2.18738[0m[1;36m dir=[0m[1;36m-49.3058[0m[1;36m
[gzserver-2] [0m[1;36m[Dbg] [wind_plugin.cpp:110] [0m[1;36mWindPlugin: received command -> speed=[0m[1;36m2.18738[0m[1;36m dir=[0m[1;36m-49.3058[0m[1;36m
[gzserver-2] [INFO] [1773184762.483957426] [gazebo_wind_plugin_node]: WindPlugin: set wind_speed=2.37 wind_direction=-50.5
[gzserver-2] [INFO] [1773184762.724653916] [gazebo_wind_plugin_node]: WindPlugin: set wind_speed=2.37 wind_direction=-50.5
[gzserver-2] [INFO] [1773184762.963607461] [gazebo_wind_plugin_node]: WindPlugin: set wind_speed=2.37 wind_direction=-50.5
[gzserver-2] [INFO] [1773184763.203022017] [gazebo_wind_plugin_node]: WindPlugin: set wind_speed=2.37 wind_direction=-50.5
[gzserver-2] [INFO] [1773184763.432013065] [gazebo_wind_plugin_node]: WindPlugin: set wind_speed=2.52 wind_direction=-54.2
[gzserver-2] [INFO] [1773184763.669273391] [gazebo_wind_plugin_node]: WindPlugin: set wind_speed=2.52 wind_direction=-54.2
[gzserver-2] [INFO] [1773184763.908691395] [gazebo_wind_plugin_node]: WindPlugin: set wind_speed=2.52 wind_direction=-54.2
[gzserver-2] [INFO] [1773184764.148041402] [gazebo_wind_plugin_node]: WindPlugin: set wind_speed=2.52 wind_direction=-54.2
[gzserver-2] [INFO] [1773184764.390109966] [gazebo_wind_plugin_node]: WindPlugin: set wind_speed=2.32 wind_direction=-48.3
[gzserver-2] [INFO] [1773184764.625020635] [gazebo_wind_plugin_node]: WindPlugin: set wind_speed=2.32 wind_direction=-48.3
[gzserver-2] [INFO] [1773184764.864303082] [gazebo_wind_plugin_node]: WindPlugin: set wind_speed=2.32 wind_direction=-48.3
[gzserver-2] [INFO] [1773184765.098376841] [gazebo_wind_plugin_node]: WindPlugin: set wind_speed=2.32 wind_direction=-48.3
[gzserver-2] [INFO] [1773184765.327974612] [gazebo_wind_plugin_node]: WindPlugin: set wind_speed=2.12 wind_direction=-51.4
[gzserver-2] [INFO] [1773184765.567250615] [gazebo_wind_plugin_node]: WindPlugin: set wind_speed=2.12 wind_direction=-51.4
[gzserver-2] [INFO] [1773184765.801737808] [gazebo_wind_plugin_node]: WindPlugin: set wind_speed=2.12 wind_direction=-51.4
[gzserver-2] [INFO] [1773184766.035816998] [gazebo_wind_plugin_node]: WindPlugin: set wind_speed=2.12 wind_direction=-51.4
[gzserver-2] [INFO] [1773184766.074389637] [drone.simple_drone]: Quadrotor lands!!
[gzserver-2] [INFO] [1773184766.275790451] [gazebo_wind_plugin_node]: WindPlugin: set wind_speed=2.11 wind_direction=-48.8
[gzserver-2] [INFO] [1773184766.517481160] [gazebo_wind_plugin_node]: WindPlugin: set wind_speed=2.11 wind_direction=-48.8
[gzserver-2] [INFO] [1773184766.757350147] [gazebo_wind_plugin_node]: WindPlugin: set wind_speed=2.11 wind_direction=-48.8
[gzserver-2] [INFO] [1773184766.991472547] [gazebo_wind_plugin_node]: WindPlugin: set wind_speed=2.11 wind_direction=-48.8
[gzserver-2] [0m[1;36m[Dbg] [wind_plugin.cpp:110] [0m[1;36mWindPlugin: received command -> speed=[0m[1;36m2.37303[0m[1;36m dir=[0m[1;36m-50.461[0m[1;36m
[gzserver-2] [0m[1;36m[Dbg] [wind_plugin.cpp:110] [0m[1;36mWindPlugin: received command -> speed=[0m[1;36m2.37303[0m[1;36m dir=[0m[1;36m-50.461[0m[1;36m
[gzserver-2] [0m[1;36m[Dbg] [wind_plugin.cpp:110] [0m[1;36mWindPlugin: received command -> speed=[0m[1;36m2.37303[0m[1;36m dir=[0m[1;36m-50.461[0m[1;36m
[gzserver-2] [0m[1;36m[Dbg] [wind_plugin.cpp:110] [0m[1;36mWindPlugin: received command -> speed=[0m[1;36m2.37303[0m[1;36m dir=[0m[1;36m-50.461[0m[1;36m
[gzserver-2] [0m[1;36m[Dbg] [wind_plugin.cpp:110] [0m[1;36mWindPlugin: received command -> speed=[0m[1;36m2.37303[0m[1;36m dir=[0m[1;36m-50.461[0m[1;36m
[gzserver-2] [0m[1;36m[Dbg] [wind_plugin.cpp:110] [0m[1;36mWindPlugin: received command -> speed=[0m[1;36m2.51663[0m[1;36m dir=[0m[1;36m-54.1804[0m[1;36m
[gzserver-2] [0m[1;36m[Dbg] [wind_plugin.cpp:110] [0m[1;36mWindPlugin: received command -> speed=[0m[1;36m2.51663[0m[1;36m dir=[0m[1;36m-54.1804[0m[1;36m
[gzserver-2] [0m[1;36m[Dbg] [wind_plugin.cpp:110] [0m[1;36mWindPlugin: received command -> speed=[0m[1;36m2.51663[0m[1;36m dir=[0m[1;36m-54.1804[0m[1;36m
[gzserver-2] [0m[1;36m[Dbg] [wind_plugin.cpp:110] [0m[1;36mWindPlugin: received command -> speed=[0m[1;36m2.51663[0m[1;36m dir=[0m[1;36m-54.1804[0m[1;36m
[gzserver-2] [0m[1;36m[Dbg] [wind_plugin.cpp:110] [0m[1;36mWindPlugin: received command -> speed=[0m[1;36m2.32097[0m[1;36m dir=[0m[1;36m-48.3438[0m[1;36m
[gzserver-2] [0m[1;36m[Dbg] [wind_plugin.cpp:110] [0m[1;36mWindPlugin: received command -> speed=[0m[1;36m2.32097[0m[1;36m dir=[0m[1;36m-48.3438[0m[1;36m
[gzserver-2] [0m[1;36m[Dbg] [wind_plugin.cpp:110] [0m[1;36mWindPlugin: received command -> speed=[0m[1;36m2.32097[0m[1;36m dir=[0m[1;36m-48.3438[0m[1;36m
[gzserver-2] [0m[1;36m[Dbg] [wind_plugin.cpp:110] [0m[1;36mWindPlugin: received command -> speed=[0m[1;36m2.32097[0m[1;36m dir=[0m[1;36m-48.3438[0m[1;36m
[gzserver-2] [0m[1;36m[Dbg] [wind_plugin.cpp:110] [0m[1;36mWindPlugin: received command -> speed=[0m[1;36m2.12154[0m[1;36m dir=[0m[1;36m-51.4026[0m[1;36m
[gzserver-2] [0m[1;36m[Dbg] [wind_plugin.cpp:110] [0m[1;36mWindPlugin: received command -> speed=[0m[1;36m2.12154[0m[1;36m dir=[0m[1;36m-51.4026[0m[1;36m
[gzserver-2] [0m[1;36m[Dbg] [wind_plugin.cpp:110] [0m[1;36mWindPlugin: received command -> speed=[0m[1;36m2.12154[0m[1;36m dir=[0m[1;36m-51.4026[0m[1;36m
[gzserver-2] [0m[1;36m[Dbg] [wind_plugin.cpp:110] [0m[1;36mWindPlugin: received command -> speed=[0m[1;36m2.12154[0m[1;36m dir=[0m[1;36m-51.4026[0m[1;36m
[gzserver-2] [0m[1;36m[Dbg] [wind_plugin.cpp:110] [0m[1;36mWindPlugin: received command -> speed=[0m[1;36m2.10954[0m[1;36m dir=[0m[1;36m-48.8406[0m[1;36m
[gzserver-2] [0m[1;36m[Dbg] [wind_plugin.cpp:110] [0m[1;36mWindPlugin: received command -> speed=[0m[1;36m2.10954[0m[1;36m dir=[0m[1;36m-48.8406[0m[1;36m
[gzserver-2] [0m[1;36m[Dbg] [wind_plugin.cpp:110] [0m[1;36mWindPlugin: received command -> speed=[0m[1;36m2.10954[0m[1;36m dir=[0m[1;36m-48.8406[0m[1;36m
[gzserver-2] [0m[1;36m[Dbg] [wind_plugin.cpp:110] [0m[1;36mWindPlugin: received command -> speed=[0m[1;36m2.10954[0m[1;36m dir=[0m[1;36m-48.8406[0m[1;36m
[gzserver-2] [0mLanded!
[gzserver-2] [INFO] [1773184767.221169780] [gazebo_wind_plugin_node]: WindPlugin: set wind_speed=2.33 wind_direction=-51.0
[gzserver-2] [INFO] [1773184767.460563846] [gazebo_wind_plugin_node]: WindPlugin: set wind_speed=2.33 wind_direction=-51.0
[gzserver-2] [INFO] [1773184767.700166475] [gazebo_wind_plugin_node]: WindPlugin: set wind_speed=2.33 wind_direction=-51.0
[gzserver-2] [INFO] [1773184767.934395309] [gazebo_wind_plugin_node]: WindPlugin: set wind_speed=2.33 wind_direction=-51.0
[gzserver-2] [INFO] [1773184768.176604482] [gazebo_wind_plugin_node]: WindPlugin: set wind_speed=2.33 wind_direction=-51.0
[gzserver-2] [INFO] [1773184768.401149360] [gazebo_wind_plugin_node]: WindPlugin: set wind_speed=2.46 wind_direction=-49.7
[gzserver-2] [INFO] [1773184768.640105493] [gazebo_wind_plugin_node]: WindPlugin: set wind_speed=2.46 wind_direction=-49.7
[gzserver-2] [INFO] [1773184768.881908219] [gazebo_wind_plugin_node]: WindPlugin: set wind_speed=2.46 wind_direction=-49.7
