[INFO] [launch]: All log files can be found below /home/j/.ros/log/2026-03-11-00-34-55-275090-j-2368031
[INFO] [launch]: Default logging verbosity is set to INFO
[INFO] [launch.user]: [bringup] Apriltag config: camera=/drone/bottom, image=/drone/bottom/image_raw, tags=/drone/bottom/tags, bridge=/landing_tag_state, standalone=true, use_target_id=true, target_id=0
[INFO] [rviz2-1]: process started with pid [2368037]
[INFO] [gzserver-2]: process started with pid [2368039]
[INFO] [robot_state_publisher-3]: process started with pid [2368041]
[INFO] [joint_state_publisher-4]: process started with pid [2368043]
[INFO] [spawn_drone-5]: process started with pid [2368045]
[INFO] [static_transform_publisher-6]: process started with pid [2368047]
[INFO] [joy_node-7]: process started with pid [2368049]
[INFO] [teleop_joystick-8]: process started with pid [2368051]
[INFO] [apriltag_detector_node-9]: process started with pid [2368053]
[INFO] [apriltag_state_bridge-10]: process started with pid [2368055]
[static_transform_publisher-6] [WARN] [1773156895.742402525] []: Old-style arguments are deprecated; see --help for new-style arguments
[static_transform_publisher-6] [INFO] [1773156895.749567006] [static_transform_publisher_dd7jwHHVIhrpxLPE]: Spinning until stopped - publishing transform
[static_transform_publisher-6] translation: ('0.000000', '0.000000', '0.000000')
[static_transform_publisher-6] rotation: ('0.000000', '0.000000', '0.000000', '1.000000')
[static_transform_publisher-6] from 'world' to '/drone/odom'
[robot_state_publisher-3] [INFO] [1773156895.765374456] [drone.robot_state_publisher]: got segment base_footprint
[robot_state_publisher-3] [INFO] [1773156895.765435864] [drone.robot_state_publisher]: got segment base_link
[robot_state_publisher-3] [INFO] [1773156895.765441396] [drone.robot_state_publisher]: got segment bottom_cam_link
[robot_state_publisher-3] [INFO] [1773156895.765444736] [drone.robot_state_publisher]: got segment front_cam_link
[robot_state_publisher-3] [INFO] [1773156895.765447633] [drone.robot_state_publisher]: got segment sonar_link
[rviz2-1] 
[rviz2-1] (rviz2:2368037): dbind-WARNING **: 00:34:55.774: Couldn't connect to accessibility bus: Failed to connect to socket /root/.cache/at-spi/bus_0: 허가 거부
[apriltag_detector_node-9] [INFO] [1773156895.793003102] [apriltag_detector_node]: tag detector type: umich
[teleop_joystick-8] Traceback (most recent call last):
[teleop_joystick-8]   File "/home/j/INCSL/IICC26_ws/install/sjtu_drone_control/lib/sjtu_drone_control/teleop_joystick", line 33, in <module>
[teleop_joystick-8]     sys.exit(load_entry_point('sjtu_drone_control==0.0.0', 'console_scripts', 'teleop_joystick')())
[teleop_joystick-8]   File "/home/j/INCSL/IICC26_ws/install/sjtu_drone_control/lib/sjtu_drone_control/teleop_joystick", line 22, in importlib_load_entry_point
[teleop_joystick-8]     for entry_point in distribution(dist_name).entry_points
[teleop_joystick-8]   File "/usr/lib/python3.10/importlib/metadata/__init__.py", line 969, in distribution
[teleop_joystick-8]     return Distribution.from_name(distribution_name)
[teleop_joystick-8]   File "/usr/lib/python3.10/importlib/metadata/__init__.py", line 548, in from_name
[teleop_joystick-8]     raise PackageNotFoundError(name)
[teleop_joystick-8] importlib.metadata.PackageNotFoundError: No package metadata was found for sjtu_drone_control
[ERROR] [teleop_joystick-8]: process has died [pid 2368051, exit code 1, cmd '/home/j/INCSL/IICC26_ws/install/sjtu_drone_control/lib/sjtu_drone_control/teleop_joystick --ros-args -r __ns:=/drone'].
[gzserver-2] Gazebo multi-robot simulator, version 11.10.2
[gzserver-2] Copyright (C) 2012 Open Source Robotics Foundation.
[gzserver-2] Released under the Apache 2 License.
[gzserver-2] http://gazebosim.org
[gzserver-2] 
[apriltag_state_bridge-10] [INFO] [1773156896.006333048] [apriltag_state_bridge]: AprilTag bridge started: /drone/bottom/tags -> /landing_tag_state, use_target_id=True, target_id=0
[joint_state_publisher-4] [INFO] [1773156896.044338443] [drone.joint_state_publisher]: Waiting for robot_description to be published on the robot_description topic...
[gzserver-2] [1;33m[Wrn] [gazebo_ros_init.cpp:178] [0m[1;33m
[gzserver-2] #     # ####### ####### ###  #####  #######
[gzserver-2] ##    # #     #    #     #  #     # #
[gzserver-2] # #   # #     #    #     #  #       #
[gzserver-2] #  #  # #     #    #     #  #       #####
[gzserver-2] #   # # #     #    #     #  #       #
[gzserver-2] #    ## #     #    #     #  #     # #
[gzserver-2] #     # #######    #    ###  #####  #######
[gzserver-2] 
[gzserver-2] This version of Gazebo, now called Gazebo classic, reaches end-of-life
[gzserver-2] in January 2025. Users are highly encouraged to migrate to the new Gazebo
[gzserver-2] using our migration guides (https://gazebosim.org/docs/latest/gazebo_classic_migration?utm_source=gazebo_ros_pkgs&utm_medium=cli)
[gzserver-2] 
[gzserver-2] [0m[1;33m
[rviz2-1] [INFO] [1773156896.384023278] [rviz2]: Stereo is NOT SUPPORTED
[rviz2-1] [INFO] [1773156896.384118095] [rviz2]: OpenGl version: 4.6 (GLSL 4.6)
[rviz2-1] [INFO] [1773156896.563227125] [rviz2]: Stereo is NOT SUPPORTED
[rviz2-1] [INFO] [1773156896.654408548] [rviz2]: Stereo is NOT SUPPORTED
[gzserver-2] [1;32m[Msg] [0m[1;32mWaiting for master.[0m[1;32m
[gzserver-2] [0m[1;32m[0m[1;32m[0m[1;32m[Msg] [0m[1;32mConnected to gazebo master @ [0m[1;32mhttp://127.0.0.1:11345[0m[1;32m
[gzserver-2] [0m[1;32m[0m[1;32m[0m[1;32m[Msg] [0m[1;32mPublicized address: [0m[1;32m192.168.0.11[0m[1;32m
[gzserver-2] [0m[1;32m[0m[1;32m[0m[1;32m[Msg] [0m[1;32mLoading world file [[0m[1;32m/home/j/INCSL/IICC26_ws/install/sjtu_drone_description/share/sjtu_drone_description/worlds/landingPad.world[0m[1;32m][0m[1;32m
[gzserver-2] [0m[1;32m[0m[1;32m[0m[1;36m[Dbg] [wind_plugin.cpp:96] [0m[1;36mWindPlugin loaded: speed=[0m[1;36m0[0m[1;36m dir=[0m[1;36m0[0m[1;36m deg area=[0m[1;36m0.1[0m[1;36m coeff=[0m[1;36m1[0m[1;36m
[gzserver-2] [0m[1;33m[0m[1;33m[0m[1;31m[Err] [Sensor.cc:510] [0m[1;31mGet noise index not valid[0m[1;31m
[gzserver-2] [0m[1;31m[0m[1;31m[0m[1;31m[Err] [Sensor.cc:510] [0m[1;31mGet noise index not valid[0m[1;31m
[gzserver-2] [0m[1;31m[0m[1;31m[0m[1;31m[Err] [Sensor.cc:510] [0m[1;31mGet noise index not valid[0m[1;31m
[gzserver-2] [0m[1;31m[0m[1;31m[0m[1;31m[Err] [Sensor.cc:510] [0m[1;31mGet noise index not valid[0m[1;31m
[gzserver-2] [0m[1;31m[0m[1;31m[0m[1;31m[Err] [Sensor.cc:510] [0m[1;31mGet noise index not valid[0m[1;31m
[gzserver-2] [0m[1;31m[0m[1;31m[0m[1;31m[Err] [Sensor.cc:510] [0m[1;31mGet noise index not valid[0m[1;31m
[gzserver-2] [0m[1;31m[0m[1;31m[0mTopic [default//drone/base_footprint/down_camera/image] is not valid.
[gzserver-2] [INFO] [1773156897.051517273] [drone.collision_plugin]: Publishing contact states to [/drone/bumper_states]
[gzserver-2] Topic [default//drone/base_footprint/front_camera/image] is not valid.
[gzserver-2] [1;33m[Wrn] [Event.cc:61] [0m[1;33mWarning: Deleting a connection right after creation. [0m[1;33mMake sure to save the ConnectionPtr from a Connect call
[gzserver-2] [0m[INFO] [1773156897.811930668] [drone.camera_bottom]: Publishing camera info to [/drone/bottom/camera_info]
[gzserver-2] [INFO] [1773156897.815020351] [drone.camera_front]: Publishing camera info to [/drone/front/camera_info]
[spawn_drone-5] [INFO] [1773156897.826229452] [spawn_drone]: Result True SpawnEntity: Successfully spawned entity [/drone]
[gzserver-2] [INFO] [1773156897.936625195] [drone.simple_drone]: The drone plugin is loading!
[gzserver-2] [INFO] [1773156897.936829420] [drone.simple_drone]: pub_odom: 1
[gzserver-2] [INFO] [1773156897.936867209] [drone.simple_drone]: Using following parameters: 
[gzserver-2] 		link_name: base_footprint,
[gzserver-2] 		max_force: 30,
[gzserver-2] 		motion_small_noise: 0,
[gzserver-2] 		motion_drift_noise: 0,
[gzserver-2] 		motion_drift_noise_time: 50,
[gzserver-2] 		takeoff_hover_height: 1.55,
[gzserver-2] 		takeoff_vertical_speed: 0.2
[gzserver-2] [INFO] [1773156897.948558593] [drone.simple_drone]: Using the PID parameters: 
[gzserver-2] 	Roll Pitch:
[gzserver-2] 		kP: 10, kI: 0,kD: 5, Limit: 0.5, Time Constant: 0
[gzserver-2] 	Yaw:
[gzserver-2] 		kP: 2, kI: 0,kD: 1, Limit: 1.5, Time Constant: 0
[gzserver-2] 	Velocity X:
[gzserver-2] 		kP: 5, kI: 0,kD: 2.3, Limit: 2, Time Constant: 0
[gzserver-2] 	Velocity Y:
[gzserver-2] 		kP: 5, kI: 0,kD: 2.3, Limit: 2, Time Constant: 0
[gzserver-2] 	Velocity Z:
[gzserver-2] 		kP: 5, kI: 0,kD: 1, Limit: -1, Time Constant: 0
[gzserver-2] 	Position XY:
[gzserver-2] 		kP: 1.1, kI: 0,kD: 0, Limit: 5, Time Constant: 0
[gzserver-2] 	Position Z:
[gzserver-2] 		kP: 1, kI: 0,kD: 0.2, Limit: -1, Time Constant: 0
[gzserver-2] [INFO] [1773156897.948689708] [drone.simple_drone]: The drone plugin finished loading!
[INFO] [spawn_drone-5]: process has finished cleanly [pid 2368045]
[gzserver-2] [INFO] [1773156905.112053675] [gazebo_wind_plugin_node]: WindPlugin: set wind_speed=0.00 wind_direction=0.0
[gzserver-2] [INFO] [1773156905.379487422] [gazebo_wind_plugin_node]: WindPlugin: set wind_speed=0.00 wind_direction=0.0
[gzserver-2] [INFO] [1773156905.419001145] [drone.simple_drone]: Quadrotor takes off!!
[gzserver-2] [INFO] [1773156905.621567049] [gazebo_wind_plugin_node]: WindPlugin: set wind_speed=0.00 wind_direction=0.0
[gzserver-2] [INFO] [1773156905.861612902] [gazebo_wind_plugin_node]: WindPlugin: set wind_speed=0.00 wind_direction=0.0
[gzserver-2] [INFO] [1773156906.101290257] [gazebo_wind_plugin_node]: WindPlugin: set wind_speed=0.00 wind_direction=0.0
[gzserver-2] [INFO] [1773156906.340639985] [gazebo_wind_plugin_node]: WindPlugin: set wind_speed=0.00 wind_direction=0.0
[gzserver-2] [INFO] [1773156906.576512835] [gazebo_wind_plugin_node]: WindPlugin: set wind_speed=0.00 wind_direction=0.0
[gzserver-2] [0m[1;36m[Dbg] [wind_plugin.cpp:110] [0m[1;36mWindPlugin: received command -> speed=[0m[1;36m0[0m[1;36m dir=[0m[1;36m0[0m[1;36m
[gzserver-2] [0m[1;36m[Dbg] [wind_plugin.cpp:110] [0m[1;36mWindPlugin: received command -> speed=[0m[1;36m0[0m[1;36m dir=[0m[1;36m0[0m[1;36m
[gzserver-2] [0m[1;36m[Dbg] [wind_plugin.cpp:110] [0m[1;36mWindPlugin: received command -> speed=[0m[1;36m0[0m[1;36m dir=[0m[1;36m0[0m[1;36m
[gzserver-2] [0m[1;36m[Dbg] [wind_plugin.cpp:110] [0m[1;36mWindPlugin: received command -> speed=[0m[1;36m0[0m[1;36m dir=[0m[1;36m0[0m[1;36m
[gzserver-2] [0m[1;36m[Dbg] [wind_plugin.cpp:110] [0m[1;36mWindPlugin: received command -> speed=[0m[1;36m0[0m[1;36m dir=[0m[1;36m0[0m[1;36m
[gzserver-2] [0m[1;36m[Dbg] [wind_plugin.cpp:110] [0m[1;36mWindPlugin: received command -> speed=[0m[1;36m0[0m[1;36m dir=[0m[1;36m0[0m[1;36m
[gzserver-2] [0m[1;36m[Dbg] [wind_plugin.cpp:110] [0m[1;36mWindPlugin: received command -> speed=[0m[1;36m0[0m[1;36m dir=[0m[1;36m0[0m[1;36m
[gzserver-2] [0mEntering flying model!
[gzserver-2] [INFO] [1773156906.811341909] [gazebo_wind_plugin_node]: WindPlugin: set wind_speed=0.00 wind_direction=0.0
[gzserver-2] [INFO] [1773156907.052903981] [gazebo_wind_plugin_node]: WindPlugin: set wind_speed=2.05 wind_direction=-68.0
[gzserver-2] [INFO] [1773156907.292323231] [gazebo_wind_plugin_node]: WindPlugin: set wind_speed=2.05 wind_direction=-68.0
[gzserver-2] [INFO] [1773156907.531653666] [gazebo_wind_plugin_node]: WindPlugin: set wind_speed=2.05 wind_direction=-68.0
[gzserver-2] [INFO] [1773156907.771943251] [gazebo_wind_plugin_node]: WindPlugin: set wind_speed=1.94 wind_direction=-67.9
[gzserver-2] [INFO] [1773156908.011913246] [gazebo_wind_plugin_node]: WindPlugin: set wind_speed=1.94 wind_direction=-67.9
[gzserver-2] [INFO] [1773156908.251591156] [gazebo_wind_plugin_node]: WindPlugin: set wind_speed=1.94 wind_direction=-67.9
[gzserver-2] [INFO] [1773156908.491249480] [gazebo_wind_plugin_node]: WindPlugin: set wind_speed=1.94 wind_direction=-67.9
[gzserver-2] [INFO] [1773156908.730720289] [gazebo_wind_plugin_node]: WindPlugin: set wind_speed=1.96 wind_direction=-66.9
[gzserver-2] [INFO] [1773156908.970502079] [gazebo_wind_plugin_node]: WindPlugin: set wind_speed=1.96 wind_direction=-66.9
[gzserver-2] [INFO] [1773156909.204802515] [gazebo_wind_plugin_node]: WindPlugin: set wind_speed=1.96 wind_direction=-66.9
[gzserver-2] [INFO] [1773156909.445073910] [gazebo_wind_plugin_node]: WindPlugin: set wind_speed=1.96 wind_direction=-66.9
[gzserver-2] [INFO] [1773156909.684239080] [gazebo_wind_plugin_node]: WindPlugin: set wind_speed=1.82 wind_direction=-67.5
[gzserver-2] [INFO] [1773156909.923666748] [gazebo_wind_plugin_node]: WindPlugin: set wind_speed=1.82 wind_direction=-67.5
[gzserver-2] [INFO] [1773156910.163012595] [gazebo_wind_plugin_node]: WindPlugin: set wind_speed=1.82 wind_direction=-67.5
[gzserver-2] [INFO] [1773156910.204101051] [drone.simple_drone]: Quadrotor lands!!
[gzserver-2] [INFO] [1773156910.405740894] [gazebo_wind_plugin_node]: WindPlugin: set wind_speed=1.82 wind_direction=-67.5
[gzserver-2] [INFO] [1773156910.652433099] [gazebo_wind_plugin_node]: WindPlugin: set wind_speed=1.99 wind_direction=-67.4
[gzserver-2] [INFO] [1773156910.891857003] [gazebo_wind_plugin_node]: WindPlugin: set wind_speed=1.99 wind_direction=-67.4
[gzserver-2] [INFO] [1773156911.131347781] [gazebo_wind_plugin_node]: WindPlugin: set wind_speed=1.99 wind_direction=-67.4
[gzserver-2] [1;36m[Dbg] [wind_plugin.cpp:110] [0m[1;36mWindPlugin: received command -> speed=[0m[1;36m0[0m[1;36m dir=[0m[1;36m0[0m[1;36m
[gzserver-2] [0m[1;36m[Dbg] [wind_plugin.cpp:110] [0m[1;36mWindPlugin: received command -> speed=[0m[1;36m2.04662[0m[1;36m dir=[0m[1;36m-67.9848[0m[1;36m
[gzserver-2] [0m[1;36m[Dbg] [wind_plugin.cpp:110] [0m[1;36mWindPlugin: received command -> speed=[0m[1;36m2.04662[0m[1;36m dir=[0m[1;36m-67.9848[0m[1;36m
[gzserver-2] [0m[1;36m[Dbg] [wind_plugin.cpp:110] [0m[1;36mWindPlugin: received command -> speed=[0m[1;36m2.04662[0m[1;36m dir=[0m[1;36m-67.9848[0m[1;36m
[gzserver-2] [0m[1;36m[Dbg] [wind_plugin.cpp:110] [0m[1;36mWindPlugin: received command -> speed=[0m[1;36m1.93877[0m[1;36m dir=[0m[1;36m-67.8974[0m[1;36m
[gzserver-2] [0m[1;36m[Dbg] [wind_plugin.cpp:110] [0m[1;36mWindPlugin: received command -> speed=[0m[1;36m1.93877[0m[1;36m dir=[0m[1;36m-67.8974[0m[1;36m
[gzserver-2] [0m[1;36m[Dbg] [wind_plugin.cpp:110] [0m[1;36mWindPlugin: received command -> speed=[0m[1;36m1.93877[0m[1;36m dir=[0m[1;36m-67.8974[0m[1;36m
[gzserver-2] [0m[1;36m[Dbg] [wind_plugin.cpp:110] [0m[1;36mWindPlugin: received command -> speed=[0m[1;36m1.93877[0m[1;36m dir=[0m[1;36m-67.8974[0m[1;36m
[gzserver-2] [0m[1;36m[Dbg] [wind_plugin.cpp:110] [0m[1;36mWindPlugin: received command -> speed=[0m[1;36m1.96386[0m[1;36m dir=[0m[1;36m-66.9213[0m[1;36m
[gzserver-2] [0m[1;36m[Dbg] [wind_plugin.cpp:110] [0m[1;36mWindPlugin: received command -> speed=[0m[1;36m1.96386[0m[1;36m dir=[0m[1;36m-66.9213[0m[1;36m
[gzserver-2] [0m[1;36m[Dbg] [wind_plugin.cpp:110] [0m[1;36mWindPlugin: received command -> speed=[0m[1;36m1.96386[0m[1;36m dir=[0m[1;36m-66.9213[0m[1;36m
[gzserver-2] [0m[1;36m[Dbg] [wind_plugin.cpp:110] [0m[1;36mWindPlugin: received command -> speed=[0m[1;36m1.96386[0m[1;36m dir=[0m[1;36m-66.9213[0m[1;36m
[gzserver-2] [0m[1;36m[Dbg] [wind_plugin.cpp:110] [0m[1;36mWindPlugin: received command -> speed=[0m[1;36m1.81652[0m[1;36m dir=[0m[1;36m-67.5019[0m[1;36m
[gzserver-2] [0m[1;36m[Dbg] [wind_plugin.cpp:110] [0m[1;36mWindPlugin: received command -> speed=[0m[1;36m1.81652[0m[1;36m dir=[0m[1;36m-67.5019[0m[1;36m
[gzserver-2] [0m[1;36m[Dbg] [wind_plugin.cpp:110] [0m[1;36mWindPlugin: received command -> speed=[0m[1;36m1.81652[0m[1;36m dir=[0m[1;36m-67.5019[0m[1;36m
[gzserver-2] [0m[1;36m[Dbg] [wind_plugin.cpp:110] [0m[1;36mWindPlugin: received command -> speed=[0m[1;36m1.81652[0m[1;36m dir=[0m[1;36m-67.5019[0m[1;36m
[gzserver-2] [0m[1;36m[Dbg] [wind_plugin.cpp:110] [0m[1;36mWindPlugin: received command -> speed=[0m[1;36m1.98783[0m[1;36m dir=[0m[1;36m-67.4119[0m[1;36m
[gzserver-2] [0m[1;36m[Dbg] [wind_plugin.cpp:110] [0m[1;36mWindPlugin: received command -> speed=[0m[1;36m1.98783[0m[1;36m dir=[0m[1;36m-67.4119[0m[1;36m
[gzserver-2] [0m[1;36m[Dbg] [wind_plugin.cpp:110] [0m[1;36mWindPlugin: received command -> speed=[0m[1;36m1.98783[0m[1;36m dir=[0m[1;36m-67.4119[0m[1;36m
[gzserver-2] [0mLanded!
[gzserver-2] [INFO] [1773156911.370931930] [gazebo_wind_plugin_node]: WindPlugin: set wind_speed=1.99 wind_direction=-67.4
[gzserver-2] [INFO] [1773156911.611812758] [gazebo_wind_plugin_node]: WindPlugin: set wind_speed=1.71 wind_direction=-66.4
[gzserver-2] [INFO] [1773156911.852137957] [gazebo_wind_plugin_node]: WindPlugin: set wind_speed=1.71 wind_direction=-66.4
[gzserver-2] [INFO] [1773156912.092220771] [gazebo_wind_plugin_node]: WindPlugin: set wind_speed=1.71 wind_direction=-66.4
[gzserver-2] [INFO] [1773156912.328894257] [gazebo_wind_plugin_node]: WindPlugin: set wind_speed=1.71 wind_direction=-66.4
[gzserver-2] [INFO] [1773156912.569585969] [gazebo_wind_plugin_node]: WindPlugin: set wind_speed=1.71 wind_direction=-66.4
[gzserver-2] [INFO] [1773156912.808678879] [gazebo_wind_plugin_node]: WindPlugin: set wind_speed=1.79 wind_direction=-67.1
[gzserver-2] [INFO] [1773156913.048131253] [gazebo_wind_plugin_node]: WindPlugin: set wind_speed=1.79 wind_direction=-67.1
