[INFO] [launch]: All log files can be found below /home/j/.ros/log/2026-03-10-22-33-02-101419-j-1280330
[INFO] [launch]: Default logging verbosity is set to INFO
[INFO] [launch.user]: [bringup] Apriltag config: camera=/drone/bottom, image=/drone/bottom/image_raw, tags=/drone/bottom/tags, bridge=/landing_tag_state, standalone=true, use_target_id=true, target_id=0
[INFO] [rviz2-1]: process started with pid [1280333]
[INFO] [gzserver-2]: process started with pid [1280335]
[INFO] [robot_state_publisher-3]: process started with pid [1280337]
[INFO] [joint_state_publisher-4]: process started with pid [1280339]
[INFO] [spawn_drone-5]: process started with pid [1280341]
[INFO] [static_transform_publisher-6]: process started with pid [1280343]
[INFO] [joy_node-7]: process started with pid [1280345]
[INFO] [teleop_joystick-8]: process started with pid [1280347]
[INFO] [apriltag_detector_node-9]: process started with pid [1280349]
[INFO] [apriltag_state_bridge-10]: process started with pid [1280351]
[static_transform_publisher-6] [WARN] [1773149582.586543937] []: Old-style arguments are deprecated; see --help for new-style arguments
[static_transform_publisher-6] [INFO] [1773149582.592686963] [static_transform_publisher_elx8GdLQC6xhkWkd]: Spinning until stopped - publishing transform
[static_transform_publisher-6] translation: ('0.000000', '0.000000', '0.000000')
[static_transform_publisher-6] rotation: ('0.000000', '0.000000', '0.000000', '1.000000')
[static_transform_publisher-6] from 'world' to '/drone/odom'
[rviz2-1] 
[rviz2-1] (rviz2:1280333): dbind-WARNING **: 22:33:02.611: Couldn't connect to accessibility bus: Failed to connect to socket /root/.cache/at-spi/bus_0: 허가 거부
[robot_state_publisher-3] [INFO] [1773149582.618493000] [drone.robot_state_publisher]: got segment base_footprint
[robot_state_publisher-3] [INFO] [1773149582.618580908] [drone.robot_state_publisher]: got segment base_link
[robot_state_publisher-3] [INFO] [1773149582.618593589] [drone.robot_state_publisher]: got segment bottom_cam_link
[robot_state_publisher-3] [INFO] [1773149582.618602391] [drone.robot_state_publisher]: got segment front_cam_link
[robot_state_publisher-3] [INFO] [1773149582.618610032] [drone.robot_state_publisher]: got segment sonar_link
[apriltag_detector_node-9] [INFO] [1773149582.623127857] [apriltag_detector_node]: tag detector type: umich
[teleop_joystick-8] Traceback (most recent call last):
[teleop_joystick-8]   File "/home/j/INCSL/IICC26_ws/install/sjtu_drone_control/lib/sjtu_drone_control/teleop_joystick", line 33, in <module>
[teleop_joystick-8]     sys.exit(load_entry_point('sjtu_drone_control==0.0.0', 'console_scripts', 'teleop_joystick')())
[teleop_joystick-8]   File "/home/j/INCSL/IICC26_ws/install/sjtu_drone_control/lib/sjtu_drone_control/teleop_joystick", line 22, in importlib_load_entry_point
[teleop_joystick-8]     for entry_point in distribution(dist_name).entry_points
[teleop_joystick-8]   File "/usr/lib/python3.10/importlib/metadata/__init__.py", line 969, in distribution
[teleop_joystick-8]     return Distribution.from_name(distribution_name)
[teleop_joystick-8]   File "/usr/lib/python3.10/importlib/metadata/__init__.py", line 548, in from_name
[teleop_joystick-8]     raise PackageNotFoundError(name)
[teleop_joystick-8] importlib.metadata.PackageNotFoundError: No package metadata was found for sjtu_drone_control
[ERROR] [teleop_joystick-8]: process has died [pid 1280347, exit code 1, cmd '/home/j/INCSL/IICC26_ws/install/sjtu_drone_control/lib/sjtu_drone_control/teleop_joystick --ros-args -r __ns:=/drone'].
[gzserver-2] Gazebo multi-robot simulator, version 11.10.2
[gzserver-2] Copyright (C) 2012 Open Source Robotics Foundation.
[gzserver-2] Released under the Apache 2 License.
[gzserver-2] http://gazebosim.org
[gzserver-2] 
[joint_state_publisher-4] [INFO] [1773149582.817682106] [drone.joint_state_publisher]: Waiting for robot_description to be published on the robot_description topic...
[apriltag_state_bridge-10] [INFO] [1773149582.819946262] [apriltag_state_bridge]: AprilTag bridge started: /drone/bottom/tags -> /landing_tag_state, use_target_id=True, target_id=0
[gzserver-2] [1;33m[Wrn] [gazebo_ros_init.cpp:178] [0m[1;33m
[gzserver-2] #     # ####### ####### ###  #####  #######
[gzserver-2] ##    # #     #    #     #  #     # #
[gzserver-2] # #   # #     #    #     #  #       #
[gzserver-2] #  #  # #     #    #     #  #       #####
[gzserver-2] #   # # #     #    #     #  #       #
[gzserver-2] #    ## #     #    #     #  #     # #
[gzserver-2] #     # #######    #    ###  #####  #######
[gzserver-2] 
[gzserver-2] This version of Gazebo, now called Gazebo classic, reaches end-of-life
[gzserver-2] in January 2025. Users are highly encouraged to migrate to the new Gazebo
[gzserver-2] using our migration guides (https://gazebosim.org/docs/latest/gazebo_classic_migration?utm_source=gazebo_ros_pkgs&utm_medium=cli)
[gzserver-2] 
[gzserver-2] [0m[1;33m
[rviz2-1] [INFO] [1773149583.380744667] [rviz2]: Stereo is NOT SUPPORTED
[rviz2-1] [INFO] [1773149583.380842138] [rviz2]: OpenGl version: 4.6 (GLSL 4.6)
[rviz2-1] [INFO] [1773149583.458379193] [rviz2]: Stereo is NOT SUPPORTED
[rviz2-1] [INFO] [1773149583.575451726] [rviz2]: Stereo is NOT SUPPORTED
[gzserver-2] [1;32m[Msg] [0m[1;32mWaiting for master.[0m[1;32m
[gzserver-2] [0m[1;32m[0m[1;32m[0m[1;32m[Msg] [0m[1;32mConnected to gazebo master @ [0m[1;32mhttp://127.0.0.1:11345[0m[1;32m
[gzserver-2] [0m[1;32m[0m[1;32m[0m[1;32m[Msg] [0m[1;32mPublicized address: [0m[1;32m192.168.0.11[0m[1;32m
[gzserver-2] [0m[1;32m[0m[1;32m[0m[1;32m[Msg] [0m[1;32mLoading world file [[0m[1;32m/home/j/INCSL/IICC26_ws/install/sjtu_drone_description/share/sjtu_drone_description/worlds/landingPad.world[0m[1;32m][0m[1;32m
[gzserver-2] [0m[1;32m[0m[1;32m[0m[1;36m[Dbg] [wind_plugin.cpp:96] [0m[1;36mWindPlugin loaded: speed=[0m[1;36m0[0m[1;36m dir=[0m[1;36m0[0m[1;36m deg area=[0m[1;36m0.1[0m[1;36m coeff=[0m[1;36m1[0m[1;36m
[gzserver-2] [0m[1;33m[0m[1;33m[0m[1;31m[Err] [Sensor.cc:510] [0m[1;31mGet noise index not valid[0m[1;31m
[gzserver-2] [0m[1;31m[0m[1;31m[0m[1;31m[Err] [Sensor.cc:510] [0m[1;31mGet noise index not valid[0m[1;31m
[gzserver-2] [0m[1;31m[0m[1;31m[0m[1;31m[Err] [Sensor.cc:510] [0m[1;31mGet noise index not valid[0m[1;31m
[gzserver-2] [0m[1;31m[0m[1;31m[0m[1;31m[Err] [Sensor.cc:510] [0m[1;31mGet noise index not valid[0m[1;31m
[gzserver-2] [0m[1;31m[0m[1;31m[0m[1;31m[Err] [Sensor.cc:510] [0m[1;31mGet noise index not valid[0m[1;31m
[gzserver-2] [0m[1;31m[0m[1;31m[0m[1;31m[Err] [Sensor.cc:510] [0m[1;31mGet noise index not valid[0m[1;31m
[gzserver-2] [0m[1;31m[0m[1;31m[0mTopic [default//drone/base_footprint/down_camera/image] is not valid.
[gzserver-2] [INFO] [1773149584.012691705] [drone.collision_plugin]: Publishing contact states to [/drone/bumper_states]
[gzserver-2] Topic [default//drone/base_footprint/front_camera/image] is not valid.
[gzserver-2] [1;33m[Wrn] [Event.cc:61] [0m[1;33mWarning: Deleting a connection right after creation. [0m[1;33mMake sure to save the ConnectionPtr from a Connect call
[gzserver-2] [0m[INFO] [1773149584.573171043] [drone.camera_bottom]: Publishing camera info to [/drone/bottom/camera_info]
[gzserver-2] [INFO] [1773149584.576267497] [drone.camera_front]: Publishing camera info to [/drone/front/camera_info]
[spawn_drone-5] [INFO] [1773149584.587518895] [spawn_drone]: Result True SpawnEntity: Successfully spawned entity [/drone]
[gzserver-2] [INFO] [1773149584.701349288] [drone.simple_drone]: The drone plugin is loading!
[gzserver-2] [INFO] [1773149584.701575500] [drone.simple_drone]: pub_odom: 1
[gzserver-2] [INFO] [1773149584.701609931] [drone.simple_drone]: Using following parameters: 
[gzserver-2] 		link_name: base_footprint,
[gzserver-2] 		max_force: 30,
[gzserver-2] 		motion_small_noise: 0,
[gzserver-2] 		motion_drift_noise: 0,
[gzserver-2] 		motion_drift_noise_time: 50,
[gzserver-2] 		takeoff_hover_height: 1.86,
[gzserver-2] 		takeoff_vertical_speed: 0.2
[gzserver-2] [INFO] [1773149584.713827749] [drone.simple_drone]: Using the PID parameters: 
[gzserver-2] 	Roll Pitch:
[gzserver-2] 		kP: 10, kI: 0,kD: 5, Limit: 0.5, Time Constant: 0
[gzserver-2] 	Yaw:
[gzserver-2] 		kP: 2, kI: 0,kD: 1, Limit: 1.5, Time Constant: 0
[gzserver-2] 	Velocity X:
[gzserver-2] 		kP: 5, kI: 0,kD: 2.3, Limit: 2, Time Constant: 0
[gzserver-2] 	Velocity Y:
[gzserver-2] 		kP: 5, kI: 0,kD: 2.3, Limit: 2, Time Constant: 0
[gzserver-2] 	Velocity Z:
[gzserver-2] 		kP: 5, kI: 0,kD: 1, Limit: -1, Time Constant: 0
[gzserver-2] 	Position XY:
[gzserver-2] 		kP: 1.1, kI: 0,kD: 0, Limit: 5, Time Constant: 0
[gzserver-2] 	Position Z:
[gzserver-2] 		kP: 1, kI: 0,kD: 0.2, Limit: -1, Time Constant: 0
[gzserver-2] [INFO] [1773149584.713957424] [drone.simple_drone]: The drone plugin finished loading!
[INFO] [spawn_drone-5]: process has finished cleanly [pid 1280341]
[gzserver-2] [INFO] [1773149591.924203253] [gazebo_wind_plugin_node]: WindPlugin: set wind_speed=0.00 wind_direction=0.0
[gzserver-2] [INFO] [1773149592.196633168] [gazebo_wind_plugin_node]: WindPlugin: set wind_speed=0.00 wind_direction=0.0
[gzserver-2] [INFO] [1773149592.224113576] [drone.simple_drone]: Quadrotor takes off!!
[gzserver-2] [INFO] [1773149592.425653883] [gazebo_wind_plugin_node]: WindPlugin: set wind_speed=0.00 wind_direction=0.0
[gzserver-2] [INFO] [1773149592.668541054] [gazebo_wind_plugin_node]: WindPlugin: set wind_speed=0.00 wind_direction=0.0
[gzserver-2] [INFO] [1773149592.907898236] [gazebo_wind_plugin_node]: WindPlugin: set wind_speed=0.00 wind_direction=0.0
[gzserver-2] [INFO] [1773149593.147233750] [gazebo_wind_plugin_node]: WindPlugin: set wind_speed=0.00 wind_direction=0.0
[gzserver-2] [INFO] [1773149593.386489847] [gazebo_wind_plugin_node]: WindPlugin: set wind_speed=0.00 wind_direction=0.0
[gzserver-2] [INFO] [1773149593.620567083] [gazebo_wind_plugin_node]: WindPlugin: set wind_speed=0.00 wind_direction=0.0
[gzserver-2] [0m[1;36m[Dbg] [wind_plugin.cpp:110] [0m[1;36mWindPlugin: received command -> speed=[0m[1;36m0[0m[1;36m dir=[0m[1;36m0[0m[1;36m
[gzserver-2] [0m[1;36m[Dbg] [wind_plugin.cpp:110] [0m[1;36mWindPlugin: received command -> speed=[0m[1;36m0[0m[1;36m dir=[0m[1;36m0[0m[1;36m
[gzserver-2] [0m[1;36m[Dbg] [wind_plugin.cpp:110] [0m[1;36mWindPlugin: received command -> speed=[0m[1;36m0[0m[1;36m dir=[0m[1;36m0[0m[1;36m
[gzserver-2] [0m[1;36m[Dbg] [wind_plugin.cpp:110] [0m[1;36mWindPlugin: received command -> speed=[0m[1;36m0[0m[1;36m dir=[0m[1;36m0[0m[1;36m
[gzserver-2] [0m[1;36m[Dbg] [wind_plugin.cpp:110] [0m[1;36mWindPlugin: received command -> speed=[0m[1;36m0[0m[1;36m dir=[0m[1;36m0[0m[1;36m
[gzserver-2] [0m[1;36m[Dbg] [wind_plugin.cpp:110] [0m[1;36mWindPlugin: received command -> speed=[0m[1;36m0[0m[1;36m dir=[0m[1;36m0[0m[1;36m
[gzserver-2] [0m[1;36m[Dbg] [wind_plugin.cpp:110] [0m[1;36mWindPlugin: received command -> speed=[0m[1;36m0[0m[1;36m dir=[0m[1;36m0[0m[1;36m
[gzserver-2] [0m[1;36m[Dbg] [wind_plugin.cpp:110] [0m[1;36mWindPlugin: received command -> speed=[0m[1;36m0[0m[1;36m dir=[0m[1;36m0[0m[1;36m
[gzserver-2] [0mEntering flying model!
[gzserver-2] [INFO] [1773149593.857043311] [gazebo_wind_plugin_node]: WindPlugin: set wind_speed=0.00 wind_direction=0.0
[gzserver-2] [INFO] [1773149594.096152528] [gazebo_wind_plugin_node]: WindPlugin: set wind_speed=4.08 wind_direction=-55.3
[gzserver-2] [INFO] [1773149594.336443422] [gazebo_wind_plugin_node]: WindPlugin: set wind_speed=4.08 wind_direction=-55.3
[gzserver-2] [INFO] [1773149594.575627329] [gazebo_wind_plugin_node]: WindPlugin: set wind_speed=3.95 wind_direction=-59.6
[gzserver-2] [INFO] [1773149594.810195593] [gazebo_wind_plugin_node]: WindPlugin: set wind_speed=3.95 wind_direction=-59.6
[gzserver-2] [INFO] [1773149595.039773359] [gazebo_wind_plugin_node]: WindPlugin: set wind_speed=3.95 wind_direction=-59.6
[gzserver-2] [INFO] [1773149595.279422500] [gazebo_wind_plugin_node]: WindPlugin: set wind_speed=3.95 wind_direction=-59.6
[gzserver-2] [INFO] [1773149595.518844556] [gazebo_wind_plugin_node]: WindPlugin: set wind_speed=3.98 wind_direction=-55.8
[gzserver-2] [INFO] [1773149595.755335813] [gazebo_wind_plugin_node]: WindPlugin: set wind_speed=3.98 wind_direction=-55.8
[gzserver-2] [INFO] [1773149595.984969009] [gazebo_wind_plugin_node]: WindPlugin: set wind_speed=3.98 wind_direction=-55.8
[gzserver-2] [INFO] [1773149596.219285113] [gazebo_wind_plugin_node]: WindPlugin: set wind_speed=3.98 wind_direction=-55.8
[gzserver-2] [INFO] [1773149596.453453398] [gazebo_wind_plugin_node]: WindPlugin: set wind_speed=3.96 wind_direction=-61.2
[gzserver-2] [INFO] [1773149596.693030150] [gazebo_wind_plugin_node]: WindPlugin: set wind_speed=3.96 wind_direction=-61.2
[gzserver-2] [INFO] [1773149596.933199585] [gazebo_wind_plugin_node]: WindPlugin: set wind_speed=3.96 wind_direction=-61.2
[gzserver-2] [INFO] [1773149597.162402579] [gazebo_wind_plugin_node]: WindPlugin: set wind_speed=3.96 wind_direction=-61.2
[gzserver-2] [INFO] [1773149597.396670217] [gazebo_wind_plugin_node]: WindPlugin: set wind_speed=3.96 wind_direction=-61.2
[gzserver-2] [INFO] [1773149597.631120804] [gazebo_wind_plugin_node]: WindPlugin: set wind_speed=4.06 wind_direction=-56.3
[gzserver-2] [INFO] [1773149597.865985182] [gazebo_wind_plugin_node]: WindPlugin: set wind_speed=4.06 wind_direction=-56.3
[gzserver-2] [INFO] [1773149598.099781984] [gazebo_wind_plugin_node]: WindPlugin: set wind_speed=4.06 wind_direction=-56.3
[gzserver-2] [INFO] [1773149598.339269672] [gazebo_wind_plugin_node]: WindPlugin: set wind_speed=4.06 wind_direction=-56.3
[gzserver-2] [INFO] [1773149598.578673871] [gazebo_wind_plugin_node]: WindPlugin: set wind_speed=4.22 wind_direction=-57.1
[gzserver-2] [INFO] [1773149598.813123281] [gazebo_wind_plugin_node]: WindPlugin: set wind_speed=4.22 wind_direction=-57.1
[gzserver-2] [INFO] [1773149599.050381074] [gazebo_wind_plugin_node]: WindPlugin: set wind_speed=4.22 wind_direction=-57.1
[gzserver-2] [INFO] [1773149599.284442861] [gazebo_wind_plugin_node]: WindPlugin: set wind_speed=4.22 wind_direction=-57.1
[gzserver-2] [INFO] [1773149599.518505370] [gazebo_wind_plugin_node]: WindPlugin: set wind_speed=3.99 wind_direction=-55.4
[gzserver-2] [INFO] [1773149599.760460135] [gazebo_wind_plugin_node]: WindPlugin: set wind_speed=3.99 wind_direction=-55.4
[gzserver-2] [INFO] [1773149600.001299838] [gazebo_wind_plugin_node]: WindPlugin: set wind_speed=3.99 wind_direction=-55.4
[gzserver-2] [1;36m[Dbg] [wind_plugin.cpp:110] [0m[1;36mWindPlugin: received command -> speed=[0m[1;36m0[0m[1;36m dir=[0m[1;36m0[0m[1;36m
[gzserver-2] [0m[1;36m[Dbg] [wind_plugin.cpp:110] [0m[1;36mWindPlugin: received command -> speed=[0m[1;36m4.08368[0m[1;36m dir=[0m[1;36m-55.2715[0m[1;36m
[gzserver-2] [0m[1;36m[Dbg] [wind_plugin.cpp:110] [0m[1;36mWindPlugin: received command -> speed=[0m[1;36m4.08368[0m[1;36m dir=[0m[1;36m-55.2715[0m[1;36m
[gzserver-2] [0m[1;36m[Dbg] [wind_plugin.cpp:110] [0m[1;36mWindPlugin: received command -> speed=[0m[1;36m3.95463[0m[1;36m dir=[0m[1;36m-59.5722[0m[1;36m
[gzserver-2] [0m[1;36m[Dbg] [wind_plugin.cpp:110] [0m[1;36mWindPlugin: received command -> speed=[0m[1;36m3.95463[0m[1;36m dir=[0m[1;36m-59.5722[0m[1;36m
[gzserver-2] [0m[1;36m[Dbg] [wind_plugin.cpp:110] [0m[1;36mWindPlugin: received command -> speed=[0m[1;36m3.95463[0m[1;36m dir=[0m[1;36m-59.5722[0m[1;36m
[gzserver-2] [0m[1;36m[Dbg] [wind_plugin.cpp:110] [0m[1;36mWindPlugin: received command -> speed=[0m[1;36m3.95463[0m[1;36m dir=[0m[1;36m-59.5722[0m[1;36m
[gzserver-2] [0m[1;36m[Dbg] [wind_plugin.cpp:110] [0m[1;36mWindPlugin: received command -> speed=[0m[1;36m3.97801[0m[1;36m dir=[0m[1;36m-55.7845[0m[1;36m
[gzserver-2] [0m[1;36m[Dbg] [wind_plugin.cpp:110] [0m[1;36mWindPlugin: received command -> speed=[0m[1;36m3.97801[0m[1;36m dir=[0m[1;36m-55.7845[0m[1;36m
[gzserver-2] [0m[1;36m[Dbg] [wind_plugin.cpp:110] [0m[1;36mWindPlugin: received command -> speed=[0m[1;36m3.97801[0m[1;36m dir=[0m[1;36m-55.7845[0m[1;36m
[gzserver-2] [0m[1;36m[Dbg] [wind_plugin.cpp:110] [0m[1;36mWindPlugin: received command -> speed=[0m[1;36m3.97801[0m[1;36m dir=[0m[1;36m-55.7845[0m[1;36m
[gzserver-2] [0m[1;36m[Dbg] [wind_plugin.cpp:110] [0m[1;36mWindPlugin: received command -> speed=[0m[1;36m3.96062[0m[1;36m dir=[0m[1;36m-61.186[0m[1;36m
[gzserver-2] [0m[1;36m[Dbg] [wind_plugin.cpp:110] [0m[1;36mWindPlugin: received command -> speed=[0m[1;36m3.96062[0m[1;36m dir=[0m[1;36m-61.186[0m[1;36m
[gzserver-2] [0m[1;36m[Dbg] [wind_plugin.cpp:110] [0m[1;36mWindPlugin: received command -> speed=[0m[1;36m3.96062[0m[1;36m dir=[0m[1;36m-61.186[0m[1;36m
[gzserver-2] [0m[1;36m[Dbg] [wind_plugin.cpp:110] [0m[1;36mWindPlugin: received command -> speed=[0m[1;36m3.96062[0m[1;36m dir=[0m[1;36m-61.186[0m[1;36m
[gzserver-2] [0m[1;36m[Dbg] [wind_plugin.cpp:110] [0m[1;36mWindPlugin: received command -> speed=[0m[1;36m3.96062[0m[1;36m dir=[0m[1;36m-61.186[0m[1;36m
[gzserver-2] [0m[1;36m[Dbg] [wind_plugin.cpp:110] [0m[1;36mWindPlugin: received command -> speed=[0m[1;36m4.05976[0m[1;36m dir=[0m[1;36m-56.2758[0m[1;36m
[gzserver-2] [0m[1;36m[Dbg] [wind_plugin.cpp:110] [0m[1;36mWindPlugin: received command -> speed=[0m[1;36m4.05976[0m[1;36m dir=[0m[1;36m-56.2758[0m[1;36m
[gzserver-2] [0m[1;36m[Dbg] [wind_plugin.cpp:110] [0m[1;36mWindPlugin: received command -> speed=[0m[1;36m4.05976[0m[1;36m dir=[0m[1;36m-56.2758[0m[1;36m
[gzserver-2] [0m[1;36m[Dbg] [wind_plugin.cpp:110] [0m[1;36mWindPlugin: received command -> speed=[0m[1;36m4.05976[0m[1;36m dir=[0m[1;36m-56.2758[0m[1;36m
[gzserver-2] [0m[1;36m[Dbg] [wind_plugin.cpp:110] [0m[1;36mWindPlugin: received command -> speed=[0m[1;36m4.21888[0m[1;36m dir=[0m[1;36m-57.0783[0m[1;36m
[gzserver-2] [0m[1;36m[Dbg] [wind_plugin.cpp:110] [0m[1;36mWindPlugin: received command -> speed=[0m[1;36m4.21888[0m[1;36m dir=[0m[1;36m-57.0783[0m[1;36m
[gzserver-2] [0m[1;36m[Dbg] [wind_plugin.cpp:110] [0m[1;36mWindPlugin: received command -> speed=[0m[1;36m4.21888[0m[1;36m dir=[0m[1;36m-57.0783[0m[1;36m
[gzserver-2] [0m[1;36m[Dbg] [wind_plugin.cpp:110] [0m[1;36mWindPlugin: received command -> speed=[0m[1;36m4.21888[0m[1;36m dir=[0m[1;36m-57.0783[0m[1;36m
[gzserver-2] [0m[1;36m[Dbg] [wind_plugin.cpp:110] [0m[1;36mWindPlugin: received command -> speed=[0m[1;36m3.99293[0m[1;36m dir=[0m[1;36m-55.3678[0m[1;36m
[gzserver-2] [0m[1;36m[Dbg] [wind_plugin.cpp:110] [0m[1;36mWindPlugin: received command -> speed=[0m[1;36m3.99293[0m[1;36m dir=[0m[1;36m-55.3678[0m[1;36m
[gzserver-2] [INFO] [1773149600.235642605] [gazebo_wind_plugin_node]: WindPlugin: set wind_speed=3.99 wind_direction=-55.4
[gzserver-2] [INFO] [1773149600.474992563] [gazebo_wind_plugin_node]: WindPlugin: set wind_speed=4.08 wind_direction=-60.4
[gzserver-2] [INFO] [1773149600.714985725] [gazebo_wind_plugin_node]: WindPlugin: set wind_speed=4.08 wind_direction=-60.4
[gzserver-2] [INFO] [1773149600.954880647] [gazebo_wind_plugin_node]: WindPlugin: set wind_speed=4.08 wind_direction=-60.4
[gzserver-2] [INFO] [1773149601.193525453] [gazebo_wind_plugin_node]: WindPlugin: set wind_speed=4.08 wind_direction=-60.4
[gzserver-2] [INFO] [1773149601.433746638] [gazebo_wind_plugin_node]: WindPlugin: set wind_speed=3.95 wind_direction=-58.9
[gzserver-2] [INFO] [1773149601.673274629] [gazebo_wind_plugin_node]: WindPlugin: set wind_speed=3.95 wind_direction=-58.9
[gzserver-2] [INFO] [1773149601.907426890] [gazebo_wind_plugin_node]: WindPlugin: set wind_speed=3.95 wind_direction=-58.9
[gzserver-2] [INFO] [1773149602.147355038] [gazebo_wind_plugin_node]: WindPlugin: set wind_speed=3.95 wind_direction=-58.9
[gzserver-2] [INFO] [1773149602.376382884] [gazebo_wind_plugin_node]: WindPlugin: set wind_speed=3.95 wind_direction=-58.9
[gzserver-2] [INFO] [1773149602.616449645] [gazebo_wind_plugin_node]: WindPlugin: set wind_speed=4.02 wind_direction=-59.1
[gzserver-2] [INFO] [1773149602.840105516] [gazebo_wind_plugin_node]: WindPlugin: set wind_speed=4.02 wind_direction=-59.1
[gzserver-2] [INFO] [1773149603.074771724] [gazebo_wind_plugin_node]: WindPlugin: set wind_speed=4.02 wind_direction=-59.1
[gzserver-2] [INFO] [1773149603.304813286] [gazebo_wind_plugin_node]: WindPlugin: set wind_speed=4.02 wind_direction=-59.1
[gzserver-2] [INFO] [1773149603.545125960] [gazebo_wind_plugin_node]: WindPlugin: set wind_speed=4.02 wind_direction=-60.6
[gzserver-2] [INFO] [1773149603.776253122] [gazebo_wind_plugin_node]: WindPlugin: set wind_speed=4.02 wind_direction=-60.6
[gzserver-2] [INFO] [1773149604.007617647] [gazebo_wind_plugin_node]: WindPlugin: set wind_speed=4.02 wind_direction=-60.6
[gzserver-2] [INFO] [1773149604.242315048] [gazebo_wind_plugin_node]: WindPlugin: set wind_speed=4.02 wind_direction=-60.6
[gzserver-2] [INFO] [1773149604.482107019] [gazebo_wind_plugin_node]: WindPlugin: set wind_speed=4.05 wind_direction=-59.4
[gzserver-2] [INFO] [1773149604.724497134] [gazebo_wind_plugin_node]: WindPlugin: set wind_speed=4.05 wind_direction=-59.4
[gzserver-2] [INFO] [1773149604.964082237] [gazebo_wind_plugin_node]: WindPlugin: set wind_speed=4.05 wind_direction=-59.4
[gzserver-2] [INFO] [1773149605.203091436] [gazebo_wind_plugin_node]: WindPlugin: set wind_speed=4.05 wind_direction=-59.4
[gzserver-2] [INFO] [1773149605.442294609] [gazebo_wind_plugin_node]: WindPlugin: set wind_speed=3.97 wind_direction=-57.8
[gzserver-2] [INFO] [1773149605.681779083] [gazebo_wind_plugin_node]: WindPlugin: set wind_speed=3.97 wind_direction=-57.8
[gzserver-2] [INFO] [1773149605.914752641] [gazebo_wind_plugin_node]: WindPlugin: set wind_speed=3.97 wind_direction=-57.8
[gzserver-2] [INFO] [1773149606.150395155] [gazebo_wind_plugin_node]: WindPlugin: set wind_speed=3.97 wind_direction=-57.8
[gzserver-2] [INFO] [1773149606.389608266] [gazebo_wind_plugin_node]: WindPlugin: set wind_speed=3.97 wind_direction=-57.8
[gzserver-2] [0m[1;36m[Dbg] [wind_plugin.cpp:110] [0m[1;36mWindPlugin: received command -> speed=[0m[1;36m3.99293[0m[1;36m dir=[0m[1;36m-55.3678[0m[1;36m
[gzserver-2] [0m[1;36m[Dbg] [wind_plugin.cpp:110] [0m[1;36mWindPlugin: received command -> speed=[0m[1;36m3.99293[0m[1;36m dir=[0m[1;36m-55.3678[0m[1;36m
[gzserver-2] [0m[1;36m[Dbg] [wind_plugin.cpp:110] [0m[1;36mWindPlugin: received command -> speed=[0m[1;36m4.0764[0m[1;36m dir=[0m[1;36m-60.3734[0m[1;36m
[gzserver-2] [0m[1;36m[Dbg] [wind_plugin.cpp:110] [0m[1;36mWindPlugin: received command -> speed=[0m[1;36m4.0764[0m[1;36m dir=[0m[1;36m-60.3734[0m[1;36m
[gzserver-2] [0m[1;36m[Dbg] [wind_plugin.cpp:110] [0m[1;36mWindPlugin: received command -> speed=[0m[1;36m4.0764[0m[1;36m dir=[0m[1;36m-60.3734[0m[1;36m
[gzserver-2] [0m[1;36m[Dbg] [wind_plugin.cpp:110] [0m[1;36mWindPlugin: received command -> speed=[0m[1;36m4.0764[0m[1;36m dir=[0m[1;36m-60.3734[0m[1;36m
[gzserver-2] [0m[1;36m[Dbg] [wind_plugin.cpp:110] [0m[1;36mWindPlugin: received command -> speed=[0m[1;36m3.95124[0m[1;36m dir=[0m[1;36m-58.9049[0m[1;36m
[gzserver-2] [0m[1;36m[Dbg] [wind_plugin.cpp:110] [0m[1;36mWindPlugin: received command -> speed=[0m[1;36m3.95124[0m[1;36m dir=[0m[1;36m-58.9049[0m[1;36m
[gzserver-2] [0m[1;36m[Dbg] [wind_plugin.cpp:110] [0m[1;36mWindPlugin: received command -> speed=[0m[1;36m3.95124[0m[1;36m dir=[0m[1;36m-58.9049[0m[1;36m
[gzserver-2] [0m[1;36m[Dbg] [wind_plugin.cpp:110] [0m[1;36mWindPlugin: received command -> speed=[0m[1;36m3.95124[0m[1;36m dir=[0m[1;36m-58.9049[0m[1;36m
[gzserver-2] [0m[1;36m[Dbg] [wind_plugin.cpp:110] [0m[1;36mWindPlugin: received command -> speed=[0m[1;36m3.95124[0m[1;36m dir=[0m[1;36m-58.9049[0m[1;36m
[gzserver-2] [0m[1;36m[Dbg] [wind_plugin.cpp:110] [0m[1;36mWindPlugin: received command -> speed=[0m[1;36m4.01679[0m[1;36m dir=[0m[1;36m-59.0851[0m[1;36m
[gzserver-2] [0m[1;36m[Dbg] [wind_plugin.cpp:110] [0m[1;36mWindPlugin: received command -> speed=[0m[1;36m4.01679[0m[1;36m dir=[0m[1;36m-59.0851[0m[1;36m
[gzserver-2] [0m[1;36m[Dbg] [wind_plugin.cpp:110] [0m[1;36mWindPlugin: received command -> speed=[0m[1;36m4.01679[0m[1;36m dir=[0m[1;36m-59.0851[0m[1;36m
[gzserver-2] [0m[1;36m[Dbg] [wind_plugin.cpp:110] [0m[1;36mWindPlugin: received command -> speed=[0m[1;36m4.01679[0m[1;36m dir=[0m[1;36m-59.0851[0m[1;36m
[gzserver-2] [0m[1;36m[Dbg] [wind_plugin.cpp:110] [0m[1;36mWindPlugin: received command -> speed=[0m[1;36m4.01769[0m[1;36m dir=[0m[1;36m-60.5821[0m[1;36m
[gzserver-2] [0m[1;36m[Dbg] [wind_plugin.cpp:110] [0m[1;36mWindPlugin: received command -> speed=[0m[1;36m4.01769[0m[1;36m dir=[0m[1;36m-60.5821[0m[1;36m
[gzserver-2] [0m[1;36m[Dbg] [wind_plugin.cpp:110] [0m[1;36mWindPlugin: received command -> speed=[0m[1;36m4.01769[0m[1;36m dir=[0m[1;36m-60.5821[0m[1;36m
[gzserver-2] [0m[1;36m[Dbg] [wind_plugin.cpp:110] [0m[1;36mWindPlugin: received command -> speed=[0m[1;36m4.01769[0m[1;36m dir=[0m[1;36m-60.5821[0m[1;36m
[gzserver-2] [0m[1;36m[Dbg] [wind_plugin.cpp:110] [0m[1;36mWindPlugin: received command -> speed=[0m[1;36m4.05445[0m[1;36m dir=[0m[1;36m-59.3633[0m[1;36m
[gzserver-2] [0m[1;36m[Dbg] [wind_plugin.cpp:110] [0m[1;36mWindPlugin: received command -> speed=[0m[1;36m4.05445[0m[1;36m dir=[0m[1;36m-59.3633[0m[1;36m
[gzserver-2] [0m[1;36m[Dbg] [wind_plugin.cpp:110] [0m[1;36mWindPlugin: received command -> speed=[0m[1;36m4.05445[0m[1;36m dir=[0m[1;36m-59.3633[0m[1;36m
[gzserver-2] [0m[1;36m[Dbg] [wind_plugin.cpp:110] [0m[1;36mWindPlugin: received command -> speed=[0m[1;36m4.05445[0m[1;36m dir=[0m[1;36m-59.3633[0m[1;36m
[gzserver-2] [0m[1;36m[Dbg] [wind_plugin.cpp:110] [0m[1;36mWindPlugin: received command -> speed=[0m[1;36m3.96915[0m[1;36m dir=[0m[1;36m-57.8287[0m[1;36m
[gzserver-2] [0m[1;36m[Dbg] [wind_plugin.cpp:110] [0m[1;36mWindPlugin: received command -> speed=[0m[1;36m3.96915[0m[1;36m dir=[0m[1;36m-57.8287[0m[1;36m
[gzserver-2] [0m[1;36m[Dbg] [wind_plugin.cpp:110] [0m[1;36mWindPlugin: received command -> speed=[0m[1;36m3.96915[0m[1;36m dir=[0m[1;36m-57.8287[0m[1;36m
[gzserver-2] [0m[1;36m[Dbg] [wind_plugin.cpp:110] [0m[1;36mWindPlugin: received command -> speed=[0m[1;36m3.96915[0m[1;36m dir=[0m[1;36m-57.8287[0m[1;36m
[gzserver-2] [INFO] [1773149606.631291108] [gazebo_wind_plugin_node]: WindPlugin: set wind_speed=4.15 wind_direction=-57.2
[gzserver-2] [INFO] [1773149606.870475933] [gazebo_wind_plugin_node]: WindPlugin: set wind_speed=4.15 wind_direction=-57.2
[gzserver-2] [INFO] [1773149607.107308672] [gazebo_wind_plugin_node]: WindPlugin: set wind_speed=4.15 wind_direction=-57.2
[gzserver-2] [INFO] [1773149607.341302574] [gazebo_wind_plugin_node]: WindPlugin: set wind_speed=4.15 wind_direction=-57.2
[gzserver-2] [INFO] [1773149607.581365844] [gazebo_wind_plugin_node]: WindPlugin: set wind_speed=4.26 wind_direction=-58.2
[gzserver-2] [INFO] [1773149607.820217582] [gazebo_wind_plugin_node]: WindPlugin: set wind_speed=4.26 wind_direction=-58.2
[gzserver-2] [INFO] [1773149608.059597934] [gazebo_wind_plugin_node]: WindPlugin: set wind_speed=4.26 wind_direction=-58.2
[gzserver-2] [INFO] [1773149608.298980283] [gazebo_wind_plugin_node]: WindPlugin: set wind_speed=4.26 wind_direction=-58.2
[gzserver-2] [INFO] [1773149608.529934280] [gazebo_wind_plugin_node]: WindPlugin: set wind_speed=4.18 wind_direction=-58.2
[gzserver-2] [INFO] [1773149608.770311129] [gazebo_wind_plugin_node]: WindPlugin: set wind_speed=4.18 wind_direction=-58.2
[gzserver-2] [INFO] [1773149609.012275389] [gazebo_wind_plugin_node]: WindPlugin: set wind_speed=4.18 wind_direction=-58.2
[gzserver-2] [INFO] [1773149609.251554846] [gazebo_wind_plugin_node]: WindPlugin: set wind_speed=4.18 wind_direction=-58.2
[gzserver-2] [INFO] [1773149609.490928539] [gazebo_wind_plugin_node]: WindPlugin: set wind_speed=4.13 wind_direction=-56.8
[gzserver-2] [INFO] [1773149609.730277541] [gazebo_wind_plugin_node]: WindPlugin: set wind_speed=4.13 wind_direction=-56.8
[gzserver-2] [INFO] [1773149609.964541745] [gazebo_wind_plugin_node]: WindPlugin: set wind_speed=4.13 wind_direction=-56.8
[gzserver-2] [INFO] [1773149610.205483262] [gazebo_wind_plugin_node]: WindPlugin: set wind_speed=4.13 wind_direction=-56.8
[gzserver-2] [INFO] [1773149610.447064255] [gazebo_wind_plugin_node]: WindPlugin: set wind_speed=4.12 wind_direction=-60.2
[gzserver-2] [INFO] [1773149610.681408171] [gazebo_wind_plugin_node]: WindPlugin: set wind_speed=4.12 wind_direction=-60.2
[gzserver-2] [INFO] [1773149610.917315560] [gazebo_wind_plugin_node]: WindPlugin: set wind_speed=4.12 wind_direction=-60.2
[gzserver-2] [INFO] [1773149611.151549553] [gazebo_wind_plugin_node]: WindPlugin: set wind_speed=4.12 wind_direction=-60.2
[gzserver-2] [INFO] [1773149611.385485214] [gazebo_wind_plugin_node]: WindPlugin: set wind_speed=4.12 wind_direction=-60.2
[gzserver-2] [INFO] [1773149611.624568458] [gazebo_wind_plugin_node]: WindPlugin: set wind_speed=4.11 wind_direction=-59.2
[gzserver-2] [INFO] [1773149611.864566699] [gazebo_wind_plugin_node]: WindPlugin: set wind_speed=4.11 wind_direction=-59.2
[gzserver-2] [INFO] [1773149612.098638870] [gazebo_wind_plugin_node]: WindPlugin: set wind_speed=4.11 wind_direction=-59.2
[gzserver-2] [INFO] [1773149612.337897065] [gazebo_wind_plugin_node]: WindPlugin: set wind_speed=4.11 wind_direction=-59.2
[gzserver-2] [INFO] [1773149612.577200265] [gazebo_wind_plugin_node]: WindPlugin: set wind_speed=4.17 wind_direction=-59.3
[gzserver-2] [INFO] [1773149612.806845563] [gazebo_wind_plugin_node]: WindPlugin: set wind_speed=4.17 wind_direction=-59.3
[gzserver-2] [0m[1;36m[Dbg] [wind_plugin.cpp:110] [0m[1;36mWindPlugin: received command -> speed=[0m[1;36m3.96915[0m[1;36m dir=[0m[1;36m-57.8287[0m[1;36m
[gzserver-2] [0m[1;36m[Dbg] [wind_plugin.cpp:110] [0m[1;36mWindPlugin: received command -> speed=[0m[1;36m4.15148[0m[1;36m dir=[0m[1;36m-57.2326[0m[1;36m
[gzserver-2] [0m[1;36m[Dbg] [wind_plugin.cpp:110] [0m[1;36mWindPlugin: received command -> speed=[0m[1;36m4.15148[0m[1;36m dir=[0m[1;36m-57.2326[0m[1;36m
[gzserver-2] [0m[1;36m[Dbg] [wind_plugin.cpp:110] [0m[1;36mWindPlugin: received command -> speed=[0m[1;36m4.15148[0m[1;36m dir=[0m[1;36m-57.2326[0m[1;36m
[gzserver-2] [0m[1;36m[Dbg] [wind_plugin.cpp:110] [0m[1;36mWindPlugin: received command -> speed=[0m[1;36m4.15148[0m[1;36m dir=[0m[1;36m-57.2326[0m[1;36m
[gzserver-2] [0m[1;36m[Dbg] [wind_plugin.cpp:110] [0m[1;36mWindPlugin: received command -> speed=[0m[1;36m4.25622[0m[1;36m dir=[0m[1;36m-58.1941[0m[1;36m
[gzserver-2] [0m[1;36m[Dbg] [wind_plugin.cpp:110] [0m[1;36mWindPlugin: received command -> speed=[0m[1;36m4.25622[0m[1;36m dir=[0m[1;36m-58.1941[0m[1;36m
[gzserver-2] [0m[1;36m[Dbg] [wind_plugin.cpp:110] [0m[1;36mWindPlugin: received command -> speed=[0m[1;36m4.25622[0m[1;36m dir=[0m[1;36m-58.1941[0m[1;36m
[gzserver-2] [0m[1;36m[Dbg] [wind_plugin.cpp:110] [0m[1;36mWindPlugin: received command -> speed=[0m[1;36m4.25622[0m[1;36m dir=[0m[1;36m-58.1941[0m[1;36m
[gzserver-2] [0m[1;36m[Dbg] [wind_plugin.cpp:110] [0m[1;36mWindPlugin: received command -> speed=[0m[1;36m4.18486[0m[1;36m dir=[0m[1;36m-58.1652[0m[1;36m
[gzserver-2] [0m[1;36m[Dbg] [wind_plugin.cpp:110] [0m[1;36mWindPlugin: received command -> speed=[0m[1;36m4.18486[0m[1;36m dir=[0m[1;36m-58.1652[0m[1;36m
[gzserver-2] [0m[1;36m[Dbg] [wind_plugin.cpp:110] [0m[1;36mWindPlugin: received command -> speed=[0m[1;36m4.18486[0m[1;36m dir=[0m[1;36m-58.1652[0m[1;36m
[gzserver-2] [0m[1;36m[Dbg] [wind_plugin.cpp:110] [0m[1;36mWindPlugin: received command -> speed=[0m[1;36m4.18486[0m[1;36m dir=[0m[1;36m-58.1652[0m[1;36m
[gzserver-2] [0m[1;36m[Dbg] [wind_plugin.cpp:110] [0m[1;36mWindPlugin: received command -> speed=[0m[1;36m4.12958[0m[1;36m dir=[0m[1;36m-56.8047[0m[1;36m
[gzserver-2] [0m[1;36m[Dbg] [wind_plugin.cpp:110] [0m[1;36mWindPlugin: received command -> speed=[0m[1;36m4.12958[0m[1;36m dir=[0m[1;36m-56.8047[0m[1;36m
[gzserver-2] [0m[1;36m[Dbg] [wind_plugin.cpp:110] [0m[1;36mWindPlugin: received command -> speed=[0m[1;36m4.12958[0m[1;36m dir=[0m[1;36m-56.8047[0m[1;36m
[gzserver-2] [0m[1;36m[Dbg] [wind_plugin.cpp:110] [0m[1;36mWindPlugin: received command -> speed=[0m[1;36m4.12958[0m[1;36m dir=[0m[1;36m-56.8047[0m[1;36m
[gzserver-2] [0m[1;36m[Dbg] [wind_plugin.cpp:110] [0m[1;36mWindPlugin: received command -> speed=[0m[1;36m4.11901[0m[1;36m dir=[0m[1;36m-60.1661[0m[1;36m
[gzserver-2] [0m[1;36m[Dbg] [wind_plugin.cpp:110] [0m[1;36mWindPlugin: received command -> speed=[0m[1;36m4.11901[0m[1;36m dir=[0m[1;36m-60.1661[0m[1;36m
[gzserver-2] [0m[1;36m[Dbg] [wind_plugin.cpp:110] [0m[1;36mWindPlugin: received command -> speed=[0m[1;36m4.11901[0m[1;36m dir=[0m[1;36m-60.1661[0m[1;36m
[gzserver-2] [0m[1;36m[Dbg] [wind_plugin.cpp:110] [0m[1;36mWindPlugin: received command -> speed=[0m[1;36m4.11901[0m[1;36m dir=[0m[1;36m-60.1661[0m[1;36m
[gzserver-2] [0m[1;36m[Dbg] [wind_plugin.cpp:110] [0m[1;36mWindPlugin: received command -> speed=[0m[1;36m4.11901[0m[1;36m dir=[0m[1;36m-60.1661[0m[1;36m
[gzserver-2] [0m[1;36m[Dbg] [wind_plugin.cpp:110] [0m[1;36mWindPlugin: received command -> speed=[0m[1;36m4.11437[0m[1;36m dir=[0m[1;36m-59.1573[0m[1;36m
[gzserver-2] [0m[1;36m[Dbg] [wind_plugin.cpp:110] [0m[1;36mWindPlugin: received command -> speed=[0m[1;36m4.11437[0m[1;36m dir=[0m[1;36m-59.1573[0m[1;36m
[gzserver-2] [0m[1;36m[Dbg] [wind_plugin.cpp:110] [0m[1;36mWindPlugin: received command -> speed=[0m[1;36m4.11437[0m[1;36m dir=[0m[1;36m-59.1573[0m[1;36m
[gzserver-2] [0m[1;36m[Dbg] [wind_plugin.cpp:110] [0m[1;36mWindPlugin: received command -> speed=[0m[1;36m4.11437[0m[1;36m dir=[0m[1;36m-59.1573[0m[1;36m
[gzserver-2] [0m[1;36m[Dbg] [wind_plugin.cpp:110] [0m[1;36mWindPlugin: received command -> speed=[0m[1;36m4.17241[0m[1;36m dir=[0m[1;36m-59.2709[0m[1;36m
[gzserver-2] [INFO] [1773149613.046516725] [gazebo_wind_plugin_node]: WindPlugin: set wind_speed=4.17 wind_direction=-59.3
[gzserver-2] [INFO] [1773149613.286185670] [gazebo_wind_plugin_node]: WindPlugin: set wind_speed=4.17 wind_direction=-59.3
[gzserver-2] [INFO] [1773149613.525215860] [gazebo_wind_plugin_node]: WindPlugin: set wind_speed=4.06 wind_direction=-57.8
[gzserver-2] [INFO] [1773149613.764536787] [gazebo_wind_plugin_node]: WindPlugin: set wind_speed=4.06 wind_direction=-57.8
[gzserver-2] [INFO] [1773149614.003901011] [gazebo_wind_plugin_node]: WindPlugin: set wind_speed=4.06 wind_direction=-57.8
[gzserver-2] [INFO] [1773149614.243417022] [gazebo_wind_plugin_node]: WindPlugin: set wind_speed=4.06 wind_direction=-57.8
[gzserver-2] [INFO] [1773149614.482552374] [gazebo_wind_plugin_node]: WindPlugin: set wind_speed=4.01 wind_direction=-60.1
[gzserver-2] [INFO] [1773149614.717364716] [gazebo_wind_plugin_node]: WindPlugin: set wind_speed=4.01 wind_direction=-60.1
[gzserver-2] [INFO] [1773149614.956250808] [gazebo_wind_plugin_node]: WindPlugin: set wind_speed=4.01 wind_direction=-60.1
[gzserver-2] [INFO] [1773149615.191125654] [gazebo_wind_plugin_node]: WindPlugin: set wind_speed=4.01 wind_direction=-60.1
[gzserver-2] [INFO] [1773149615.430179337] [gazebo_wind_plugin_node]: WindPlugin: set wind_speed=4.06 wind_direction=-59.3
[gzserver-2] [INFO] [1773149615.669875068] [gazebo_wind_plugin_node]: WindPlugin: set wind_speed=4.06 wind_direction=-59.3
[gzserver-2] [INFO] [1773149615.909717959] [gazebo_wind_plugin_node]: WindPlugin: set wind_speed=4.06 wind_direction=-59.3
[gzserver-2] [INFO] [1773149616.148864938] [gazebo_wind_plugin_node]: WindPlugin: set wind_speed=4.06 wind_direction=-59.3
[gzserver-2] [INFO] [1773149616.390454583] [gazebo_wind_plugin_node]: WindPlugin: set wind_speed=4.06 wind_direction=-59.3
[gzserver-2] [INFO] [1773149616.629618722] [gazebo_wind_plugin_node]: WindPlugin: set wind_speed=3.99 wind_direction=-60.8
[gzserver-2] [INFO] [1773149616.866106164] [gazebo_wind_plugin_node]: WindPlugin: set wind_speed=3.99 wind_direction=-60.8
[gzserver-2] [INFO] [1773149617.107571510] [gazebo_wind_plugin_node]: WindPlugin: set wind_speed=3.99 wind_direction=-60.8
[gzserver-2] [INFO] [1773149617.348716196] [gazebo_wind_plugin_node]: WindPlugin: set wind_speed=3.99 wind_direction=-60.8
[gzserver-2] [INFO] [1773149617.588170297] [gazebo_wind_plugin_node]: WindPlugin: set wind_speed=4.14 wind_direction=-58.8
[gzserver-2] [INFO] [1773149617.827393385] [gazebo_wind_plugin_node]: WindPlugin: set wind_speed=4.14 wind_direction=-58.8
[gzserver-2] [INFO] [1773149618.066502015] [gazebo_wind_plugin_node]: WindPlugin: set wind_speed=4.14 wind_direction=-58.8
[gzserver-2] [INFO] [1773149618.306105384] [gazebo_wind_plugin_node]: WindPlugin: set wind_speed=4.14 wind_direction=-58.8
[gzserver-2] [INFO] [1773149618.530180896] [gazebo_wind_plugin_node]: WindPlugin: set wind_speed=4.00 wind_direction=-59.3
[gzserver-2] [INFO] [1773149618.764104314] [gazebo_wind_plugin_node]: WindPlugin: set wind_speed=4.00 wind_direction=-59.3
[gzserver-2] [INFO] [1773149618.997700104] [gazebo_wind_plugin_node]: WindPlugin: set wind_speed=4.00 wind_direction=-59.3
[gzserver-2] [INFO] [1773149619.237024430] [gazebo_wind_plugin_node]: WindPlugin: set wind_speed=4.00 wind_direction=-59.3
[gzserver-2] [0m[1;36m[Dbg] [wind_plugin.cpp:110] [0m[1;36mWindPlugin: received command -> speed=[0m[1;36m4.17241[0m[1;36m dir=[0m[1;36m-59.2709[0m[1;36m
[gzserver-2] [0m[1;36m[Dbg] [wind_plugin.cpp:110] [0m[1;36mWindPlugin: received command -> speed=[0m[1;36m4.17241[0m[1;36m dir=[0m[1;36m-59.2709[0m[1;36m
[gzserver-2] [0m[1;36m[Dbg] [wind_plugin.cpp:110] [0m[1;36mWindPlugin: received command -> speed=[0m[1;36m4.17241[0m[1;36m dir=[0m[1;36m-59.2709[0m[1;36m
[gzserver-2] [0m[1;36m[Dbg] [wind_plugin.cpp:110] [0m[1;36mWindPlugin: received command -> speed=[0m[1;36m4.06285[0m[1;36m dir=[0m[1;36m-57.7693[0m[1;36m
[gzserver-2] [0m[1;36m[Dbg] [wind_plugin.cpp:110] [0m[1;36mWindPlugin: received command -> speed=[0m[1;36m4.06285[0m[1;36m dir=[0m[1;36m-57.7693[0m[1;36m
[gzserver-2] [0m[1;36m[Dbg] [wind_plugin.cpp:110] [0m[1;36mWindPlugin: received command -> speed=[0m[1;36m4.06285[0m[1;36m dir=[0m[1;36m-57.7693[0m[1;36m
[gzserver-2] [0m[1;36m[Dbg] [wind_plugin.cpp:110] [0m[1;36mWindPlugin: received command -> speed=[0m[1;36m4.06285[0m[1;36m dir=[0m[1;36m-57.7693[0m[1;36m
[gzserver-2] [0m[1;36m[Dbg] [wind_plugin.cpp:110] [0m[1;36mWindPlugin: received command -> speed=[0m[1;36m4.00701[0m[1;36m dir=[0m[1;36m-60.0739[0m[1;36m
[gzserver-2] [0m[1;36m[Dbg] [wind_plugin.cpp:110] [0m[1;36mWindPlugin: received command -> speed=[0m[1;36m4.00701[0m[1;36m dir=[0m[1;36m-60.0739[0m[1;36m
[gzserver-2] [0m[1;36m[Dbg] [wind_plugin.cpp:110] [0m[1;36mWindPlugin: received command -> speed=[0m[1;36m4.00701[0m[1;36m dir=[0m[1;36m-60.0739[0m[1;36m
[gzserver-2] [0m[1;36m[Dbg] [wind_plugin.cpp:110] [0m[1;36mWindPlugin: received command -> speed=[0m[1;36m4.00701[0m[1;36m dir=[0m[1;36m-60.0739[0m[1;36m
[gzserver-2] [0m[1;36m[Dbg] [wind_plugin.cpp:110] [0m[1;36mWindPlugin: received command -> speed=[0m[1;36m4.06213[0m[1;36m dir=[0m[1;36m-59.2603[0m[1;36m
[gzserver-2] [0m[1;36m[Dbg] [wind_plugin.cpp:110] [0m[1;36mWindPlugin: received command -> speed=[0m[1;36m4.06213[0m[1;36m dir=[0m[1;36m-59.2603[0m[1;36m
[gzserver-2] [0m[1;36m[Dbg] [wind_plugin.cpp:110] [0m[1;36mWindPlugin: received command -> speed=[0m[1;36m4.06213[0m[1;36m dir=[0m[1;36m-59.2603[0m[1;36m
[gzserver-2] [0m[1;36m[Dbg] [wind_plugin.cpp:110] [0m[1;36mWindPlugin: received command -> speed=[0m[1;36m4.06213[0m[1;36m dir=[0m[1;36m-59.2603[0m[1;36m
[gzserver-2] [0m[1;36m[Dbg] [wind_plugin.cpp:110] [0m[1;36mWindPlugin: received command -> speed=[0m[1;36m4.06213[0m[1;36m dir=[0m[1;36m-59.2603[0m[1;36m
[gzserver-2] [0m[1;36m[Dbg] [wind_plugin.cpp:110] [0m[1;36mWindPlugin: received command -> speed=[0m[1;36m3.99055[0m[1;36m dir=[0m[1;36m-60.8017[0m[1;36m
[gzserver-2] [0m[1;36m[Dbg] [wind_plugin.cpp:110] [0m[1;36mWindPlugin: received command -> speed=[0m[1;36m3.99055[0m[1;36m dir=[0m[1;36m-60.8017[0m[1;36m
[gzserver-2] [0m[1;36m[Dbg] [wind_plugin.cpp:110] [0m[1;36mWindPlugin: received command -> speed=[0m[1;36m3.99055[0m[1;36m dir=[0m[1;36m-60.8017[0m[1;36m
[gzserver-2] [0m[1;36m[Dbg] [wind_plugin.cpp:110] [0m[1;36mWindPlugin: received command -> speed=[0m[1;36m3.99055[0m[1;36m dir=[0m[1;36m-60.8017[0m[1;36m
[gzserver-2] [0m[1;36m[Dbg] [wind_plugin.cpp:110] [0m[1;36mWindPlugin: received command -> speed=[0m[1;36m4.14[0m[1;36m dir=[0m[1;36m-58.8049[0m[1;36m
[gzserver-2] [0m[1;36m[Dbg] [wind_plugin.cpp:110] [0m[1;36mWindPlugin: received command -> speed=[0m[1;36m4.14[0m[1;36m dir=[0m[1;36m-58.8049[0m[1;36m
[gzserver-2] [0m[1;36m[Dbg] [wind_plugin.cpp:110] [0m[1;36mWindPlugin: received command -> speed=[0m[1;36m4.14[0m[1;36m dir=[0m[1;36m-58.8049[0m[1;36m
[gzserver-2] [0m[1;36m[Dbg] [wind_plugin.cpp:110] [0m[1;36mWindPlugin: received command -> speed=[0m[1;36m4.14[0m[1;36m dir=[0m[1;36m-58.8049[0m[1;36m
[gzserver-2] [0m[1;36m[Dbg] [wind_plugin.cpp:110] [0m[1;36mWindPlugin: received command -> speed=[0m[1;36m4.00138[0m[1;36m dir=[0m[1;36m-59.3202[0m[1;36m
[gzserver-2] [0m[1;36m[Dbg] [wind_plugin.cpp:110] [0m[1;36mWindPlugin: received command -> speed=[0m[1;36m4.00138[0m[1;36m dir=[0m[1;36m-59.3202[0m[1;36m
[gzserver-2] [0m[1;36m[Dbg] [wind_plugin.cpp:110] [0m[1;36mWindPlugin: received command -> speed=[0m[1;36m4.00138[0m[1;36m dir=[0m[1;36m-59.3202[0m[1;36m
[gzserver-2] [INFO] [1773149619.475827105] [gazebo_wind_plugin_node]: WindPlugin: set wind_speed=4.10 wind_direction=-60.1
[gzserver-2] [INFO] [1773149619.709983673] [gazebo_wind_plugin_node]: WindPlugin: set wind_speed=4.10 wind_direction=-60.1
[gzserver-2] [INFO] [1773149619.949319401] [gazebo_wind_plugin_node]: WindPlugin: set wind_speed=4.10 wind_direction=-60.1
[gzserver-2] [INFO] [1773149620.177957824] [gazebo_wind_plugin_node]: WindPlugin: set wind_speed=4.10 wind_direction=-60.1
[gzserver-2] [INFO] [1773149620.417611693] [gazebo_wind_plugin_node]: WindPlugin: set wind_speed=4.10 wind_direction=-60.1
[gzserver-2] [INFO] [1773149620.657389834] [gazebo_wind_plugin_node]: WindPlugin: set wind_speed=4.01 wind_direction=-61.5
[gzserver-2] [INFO] [1773149620.896725026] [gazebo_wind_plugin_node]: WindPlugin: set wind_speed=4.01 wind_direction=-61.5
[gzserver-2] [INFO] [1773149621.132997134] [gazebo_wind_plugin_node]: WindPlugin: set wind_speed=4.01 wind_direction=-61.5
[gzserver-2] [INFO] [1773149621.372893758] [gazebo_wind_plugin_node]: WindPlugin: set wind_speed=4.01 wind_direction=-61.5
[gzserver-2] [INFO] [1773149621.612304716] [gazebo_wind_plugin_node]: WindPlugin: set wind_speed=4.17 wind_direction=-63.5
[gzserver-2] [INFO] [1773149621.852371176] [gazebo_wind_plugin_node]: WindPlugin: set wind_speed=4.17 wind_direction=-63.5
[gzserver-2] [INFO] [1773149622.091211190] [gazebo_wind_plugin_node]: WindPlugin: set wind_speed=4.17 wind_direction=-63.5
[gzserver-2] [INFO] [1773149622.325663044] [gazebo_wind_plugin_node]: WindPlugin: set wind_speed=4.17 wind_direction=-63.5
[gzserver-2] [INFO] [1773149622.559642556] [gazebo_wind_plugin_node]: WindPlugin: set wind_speed=4.06 wind_direction=-61.1
[gzserver-2] [INFO] [1773149622.794320988] [gazebo_wind_plugin_node]: WindPlugin: set wind_speed=4.06 wind_direction=-61.1
[gzserver-2] [INFO] [1773149623.033883106] [gazebo_wind_plugin_node]: WindPlugin: set wind_speed=4.06 wind_direction=-61.1
[gzserver-2] [INFO] [1773149623.273016072] [gazebo_wind_plugin_node]: WindPlugin: set wind_speed=4.06 wind_direction=-61.1
[gzserver-2] [INFO] [1773149623.514012590] [gazebo_wind_plugin_node]: WindPlugin: set wind_speed=4.12 wind_direction=-60.8
[gzserver-2] [INFO] [1773149623.743083857] [gazebo_wind_plugin_node]: WindPlugin: set wind_speed=4.12 wind_direction=-60.8
[gzserver-2] [INFO] [1773149623.977336350] [gazebo_wind_plugin_node]: WindPlugin: set wind_speed=4.12 wind_direction=-60.8
[gzserver-2] [INFO] [1773149624.009907502] [drone.simple_drone]: Quadrotor lands!!
[gzserver-2] [INFO] [1773149624.211406613] [gazebo_wind_plugin_node]: WindPlugin: set wind_speed=4.12 wind_direction=-60.8
[gzserver-2] [INFO] [1773149624.450453599] [gazebo_wind_plugin_node]: WindPlugin: set wind_speed=4.22 wind_direction=-62.6
[gzserver-2] [INFO] [1773149624.685411226] [gazebo_wind_plugin_node]: WindPlugin: set wind_speed=4.22 wind_direction=-62.6
[gzserver-2] [INFO] [1773149624.925130821] [gazebo_wind_plugin_node]: WindPlugin: set wind_speed=4.22 wind_direction=-62.6
[gzserver-2] [0m[1;36m[Dbg] [wind_plugin.cpp:110] [0m[1;36mWindPlugin: received command -> speed=[0m[1;36m4.00138[0m[1;36m dir=[0m[1;36m-59.3202[0m[1;36m
[gzserver-2] [0m[1;36m[Dbg] [wind_plugin.cpp:110] [0m[1;36mWindPlugin: received command -> speed=[0m[1;36m4.09932[0m[1;36m dir=[0m[1;36m-60.0806[0m[1;36m
[gzserver-2] [0m[1;36m[Dbg] [wind_plugin.cpp:110] [0m[1;36mWindPlugin: received command -> speed=[0m[1;36m4.09932[0m[1;36m dir=[0m[1;36m-60.0806[0m[1;36m
[gzserver-2] [0m[1;36m[Dbg] [wind_plugin.cpp:110] [0m[1;36mWindPlugin: received command -> speed=[0m[1;36m4.09932[0m[1;36m dir=[0m[1;36m-60.0806[0m[1;36m
[gzserver-2] [0m[1;36m[Dbg] [wind_plugin.cpp:110] [0m[1;36mWindPlugin: received command -> speed=[0m[1;36m4.09932[0m[1;36m dir=[0m[1;36m-60.0806[0m[1;36m
[gzserver-2] [0m[1;36m[Dbg] [wind_plugin.cpp:110] [0m[1;36mWindPlugin: received command -> speed=[0m[1;36m4.09932[0m[1;36m dir=[0m[1;36m-60.0806[0m[1;36m
[gzserver-2] [0m[1;36m[Dbg] [wind_plugin.cpp:110] [0m[1;36mWindPlugin: received command -> speed=[0m[1;36m4.01324[0m[1;36m dir=[0m[1;36m-61.5108[0m[1;36m
[gzserver-2] [0m[1;36m[Dbg] [wind_plugin.cpp:110] [0m[1;36mWindPlugin: received command -> speed=[0m[1;36m4.01324[0m[1;36m dir=[0m[1;36m-61.5108[0m[1;36m
[gzserver-2] [0m[1;36m[Dbg] [wind_plugin.cpp:110] [0m[1;36mWindPlugin: received command -> speed=[0m[1;36m4.01324[0m[1;36m dir=[0m[1;36m-61.5108[0m[1;36m
[gzserver-2] [0m[1;36m[Dbg] [wind_plugin.cpp:110] [0m[1;36mWindPlugin: received command -> speed=[0m[1;36m4.01324[0m[1;36m dir=[0m[1;36m-61.5108[0m[1;36m
[gzserver-2] [0m[1;36m[Dbg] [wind_plugin.cpp:110] [0m[1;36mWindPlugin: received command -> speed=[0m[1;36m4.17358[0m[1;36m dir=[0m[1;36m-63.5216[0m[1;36m
[gzserver-2] [0m[1;36m[Dbg] [wind_plugin.cpp:110] [0m[1;36mWindPlugin: received command -> speed=[0m[1;36m4.17358[0m[1;36m dir=[0m[1;36m-63.5216[0m[1;36m
[gzserver-2] [0m[1;36m[Dbg] [wind_plugin.cpp:110] [0m[1;36mWindPlugin: received command -> speed=[0m[1;36m4.17358[0m[1;36m dir=[0m[1;36m-63.5216[0m[1;36m
[gzserver-2] [0m[1;36m[Dbg] [wind_plugin.cpp:110] [0m[1;36mWindPlugin: received command -> speed=[0m[1;36m4.17358[0m[1;36m dir=[0m[1;36m-63.5216[0m[1;36m
[gzserver-2] [0m[1;36m[Dbg] [wind_plugin.cpp:110] [0m[1;36mWindPlugin: received command -> speed=[0m[1;36m4.05933[0m[1;36m dir=[0m[1;36m-61.126[0m[1;36m
[gzserver-2] [0m[1;36m[Dbg] [wind_plugin.cpp:110] [0m[1;36mWindPlugin: received command -> speed=[0m[1;36m4.05933[0m[1;36m dir=[0m[1;36m-61.126[0m[1;36m
[gzserver-2] [0m[1;36m[Dbg] [wind_plugin.cpp:110] [0m[1;36mWindPlugin: received command -> speed=[0m[1;36m4.05933[0m[1;36m dir=[0m[1;36m-61.126[0m[1;36m
[gzserver-2] [0m[1;36m[Dbg] [wind_plugin.cpp:110] [0m[1;36mWindPlugin: received command -> speed=[0m[1;36m4.05933[0m[1;36m dir=[0m[1;36m-61.126[0m[1;36m
[gzserver-2] [0m[1;36m[Dbg] [wind_plugin.cpp:110] [0m[1;36mWindPlugin: received command -> speed=[0m[1;36m4.11871[0m[1;36m dir=[0m[1;36m-60.7547[0m[1;36m
[gzserver-2] [0m[1;36m[Dbg] [wind_plugin.cpp:110] [0m[1;36mWindPlugin: received command -> speed=[0m[1;36m4.11871[0m[1;36m dir=[0m[1;36m-60.7547[0m[1;36m
[gzserver-2] [0m[1;36m[Dbg] [wind_plugin.cpp:110] [0m[1;36mWindPlugin: received command -> speed=[0m[1;36m4.11871[0m[1;36m dir=[0m[1;36m-60.7547[0m[1;36m
[gzserver-2] [0m[1;36m[Dbg] [wind_plugin.cpp:110] [0m[1;36mWindPlugin: received command -> speed=[0m[1;36m4.11871[0m[1;36m dir=[0m[1;36m-60.7547[0m[1;36m
[gzserver-2] [0m[1;36m[Dbg] [wind_plugin.cpp:110] [0m[1;36mWindPlugin: received command -> speed=[0m[1;36m4.2227[0m[1;36m dir=[0m[1;36m-62.6281[0m[1;36m
[gzserver-2] [0m[1;36m[Dbg] [wind_plugin.cpp:110] [0m[1;36mWindPlugin: received command -> speed=[0m[1;36m4.2227[0m[1;36m dir=[0m[1;36m-62.6281[0m[1;36m
[gzserver-2] [0m[1;36m[Dbg] [wind_plugin.cpp:110] [0m[1;36mWindPlugin: received command -> speed=[0m[1;36m4.2227[0m[1;36m dir=[0m[1;36m-62.6281[0m[1;36m
[gzserver-2] [0mLanded!
[gzserver-2] [INFO] [1773149625.159788263] [gazebo_wind_plugin_node]: WindPlugin: set wind_speed=4.22 wind_direction=-62.6
[gzserver-2] [INFO] [1773149625.398964490] [gazebo_wind_plugin_node]: WindPlugin: set wind_speed=4.22 wind_direction=-62.6
[gzserver-2] [INFO] [1773149625.638009856] [gazebo_wind_plugin_node]: WindPlugin: set wind_speed=3.82 wind_direction=-63.7
[gzserver-2] [INFO] [1773149625.877397964] [gazebo_wind_plugin_node]: WindPlugin: set wind_speed=3.82 wind_direction=-63.7
[gzserver-2] [INFO] [1773149626.117995200] [gazebo_wind_plugin_node]: WindPlugin: set wind_speed=3.82 wind_direction=-63.7
[gzserver-2] [INFO] [1773149626.359369733] [gazebo_wind_plugin_node]: WindPlugin: set wind_speed=3.82 wind_direction=-63.7
[gzserver-2] [INFO] [1773149626.598845960] [gazebo_wind_plugin_node]: WindPlugin: set wind_speed=4.05 wind_direction=-65.0
[gzserver-2] [INFO] [1773149626.840010171] [gazebo_wind_plugin_node]: WindPlugin: set wind_speed=4.05 wind_direction=-65.0
