[INFO] [launch]: All log files can be found below /home/j/.ros/log/2026-03-09-10-57-10-922430-j-247982
[INFO] [launch]: Default logging verbosity is set to INFO
[INFO] [launch.user]: [bringup] Apriltag config: camera=/drone/bottom, image=/drone/bottom/image_raw, tags=/drone/bottom/tags, bridge=/landing_tag_state, standalone=true, use_target_id=false, target_id=0
[INFO] [rviz2-1]: process started with pid [247986]
[INFO] [gzserver-2]: process started with pid [247988]
[INFO] [robot_state_publisher-3]: process started with pid [247990]
[INFO] [joint_state_publisher-4]: process started with pid [247992]
[INFO] [spawn_drone-5]: process started with pid [247994]
[INFO] [static_transform_publisher-6]: process started with pid [247996]
[INFO] [joy_node-7]: process started with pid [247998]
[INFO] [teleop_joystick-8]: process started with pid [248000]
[INFO] [apriltag_detector_node-9]: process started with pid [248002]
[INFO] [apriltag_state_bridge-10]: process started with pid [248004]
[static_transform_publisher-6] [WARN] [1773021431.432596467] []: Old-style arguments are deprecated; see --help for new-style arguments
[static_transform_publisher-6] [INFO] [1773021431.438586671] [static_transform_publisher_CZVKpkxc80E8y4C2]: Spinning until stopped - publishing transform
[static_transform_publisher-6] translation: ('0.000000', '0.000000', '0.000000')
[static_transform_publisher-6] rotation: ('0.000000', '0.000000', '0.000000', '1.000000')
[static_transform_publisher-6] from 'world' to '/drone/odom'
[robot_state_publisher-3] [INFO] [1773021431.509498155] [drone.robot_state_publisher]: got segment base_footprint
[robot_state_publisher-3] [INFO] [1773021431.509607624] [drone.robot_state_publisher]: got segment base_link
[robot_state_publisher-3] [INFO] [1773021431.509621490] [drone.robot_state_publisher]: got segment bottom_cam_link
[robot_state_publisher-3] [INFO] [1773021431.509629242] [drone.robot_state_publisher]: got segment front_cam_link
[robot_state_publisher-3] [INFO] [1773021431.509636752] [drone.robot_state_publisher]: got segment sonar_link
[apriltag_detector_node-9] [INFO] [1773021431.568519477] [apriltag_detector_node]: tag detector type: umich
[teleop_joystick-8] Traceback (most recent call last):
[teleop_joystick-8]   File "/home/j/INCSL/IICC26_ws/install/sjtu_drone_control/lib/sjtu_drone_control/teleop_joystick", line 33, in <module>
[teleop_joystick-8]     sys.exit(load_entry_point('sjtu_drone_control==0.0.0', 'console_scripts', 'teleop_joystick')())
[teleop_joystick-8]   File "/home/j/INCSL/IICC26_ws/install/sjtu_drone_control/lib/sjtu_drone_control/teleop_joystick", line 22, in importlib_load_entry_point
[teleop_joystick-8]     for entry_point in distribution(dist_name).entry_points
[teleop_joystick-8]   File "/usr/lib/python3.10/importlib/metadata/__init__.py", line 969, in distribution
[teleop_joystick-8]     return Distribution.from_name(distribution_name)
[teleop_joystick-8]   File "/usr/lib/python3.10/importlib/metadata/__init__.py", line 548, in from_name
[teleop_joystick-8]     raise PackageNotFoundError(name)
[teleop_joystick-8] importlib.metadata.PackageNotFoundError: No package metadata was found for sjtu_drone_control
[ERROR] [teleop_joystick-8]: process has died [pid 248000, exit code 1, cmd '/home/j/INCSL/IICC26_ws/install/sjtu_drone_control/lib/sjtu_drone_control/teleop_joystick --ros-args -r __ns:=/drone'].
[gzserver-2] Gazebo multi-robot simulator, version 11.10.2
[gzserver-2] Copyright (C) 2012 Open Source Robotics Foundation.
[gzserver-2] Released under the Apache 2 License.
[gzserver-2] http://gazebosim.org
[gzserver-2] 
[apriltag_state_bridge-10] [INFO] [1773021431.991388339] [apriltag_state_bridge]: AprilTag bridge started: /drone/bottom/tags -> /landing_tag_state, use_target_id=False, target_id=0
[joint_state_publisher-4] [INFO] [1773021432.026373656] [drone.joint_state_publisher]: Waiting for robot_description to be published on the robot_description topic...
[gzserver-2] [1;33m[Wrn] [gazebo_ros_init.cpp:178] [0m[1;33m
[gzserver-2] #     # ####### ####### ###  #####  #######
[gzserver-2] ##    # #     #    #     #  #     # #
[gzserver-2] # #   # #     #    #     #  #       #
[gzserver-2] #  #  # #     #    #     #  #       #####
[gzserver-2] #   # # #     #    #     #  #       #
[gzserver-2] #    ## #     #    #     #  #     # #
[gzserver-2] #     # #######    #    ###  #####  #######
[gzserver-2] 
[gzserver-2] This version of Gazebo, now called Gazebo classic, reaches end-of-life
[gzserver-2] in January 2025. Users are highly encouraged to migrate to the new Gazebo
[gzserver-2] using our migration guides (https://gazebosim.org/docs/latest/gazebo_classic_migration?utm_source=gazebo_ros_pkgs&utm_medium=cli)
[gzserver-2] 
[gzserver-2] [0m[1;33m
[rviz2-1] [INFO] [1773021432.201025949] [rviz2]: Stereo is NOT SUPPORTED
[rviz2-1] [INFO] [1773021432.201118021] [rviz2]: OpenGl version: 4.6 (GLSL 4.6)
[rviz2-1] [INFO] [1773021432.366769769] [rviz2]: Stereo is NOT SUPPORTED
[rviz2-1] [INFO] [1773021432.499214919] [rviz2]: Stereo is NOT SUPPORTED
[rviz2-1] [INFO] [1773021432.510895048] [rviz2]: Stereo is NOT SUPPORTED
[gzserver-2] [1;32m[Msg] [0m[1;32mWaiting for master.[0m[1;32m
[gzserver-2] [0m[1;32m[0m[1;32m[0m[1;32m[Msg] [0m[1;32mConnected to gazebo master @ [0m[1;32mhttp://127.0.0.1:11345[0m[1;32m
[gzserver-2] [0m[1;32m[0m[1;32m[0m[1;32m[Msg] [0m[1;32mPublicized address: [0m[1;32m172.16.52.147[0m[1;32m
[gzserver-2] [0m[1;32m[0m[1;32m[0m[1;32m[Msg] [0m[1;32mLoading world file [[0m[1;32m/home/j/INCSL/IICC26_ws/install/sjtu_drone_description/share/sjtu_drone_description/worlds/landingPad.world[0m[1;32m][0m[1;32m
[gzserver-2] [0m[1;32m[0m[1;32m[0m[1;36m[Dbg] [wind_plugin.cpp:96] [0m[1;36mWindPlugin loaded: speed=[0m[1;36m0[0m[1;36m dir=[0m[1;36m0[0m[1;36m deg area=[0m[1;36m0.1[0m[1;36m coeff=[0m[1;36m1[0m[1;36m
[gzserver-2] [0m[1;33m[0m[1;33m[0m[1;31m[Err] [Sensor.cc:510] [0m[1;31mGet noise index not valid[0m[1;31m
[gzserver-2] [0m[1;31m[0m[1;31m[0m[1;31m[Err] [Sensor.cc:510] [0m[1;31mGet noise index not valid[0m[1;31m
[gzserver-2] [0m[1;31m[0m[1;31m[0m[1;31m[Err] [Sensor.cc:510] [0m[1;31mGet noise index not valid[0m[1;31m
[gzserver-2] [0m[1;31m[0m[1;31m[0m[1;31m[Err] [Sensor.cc:510] [0m[1;31mGet noise index not valid[0m[1;31m
[gzserver-2] [0m[1;31m[0m[1;31m[0m[1;31m[Err] [Sensor.cc:510] [0m[1;31mGet noise index not valid[0m[1;31m
[gzserver-2] [0m[1;31m[0m[1;31m[0m[1;31m[Err] [Sensor.cc:510] [0m[1;31mGet noise index not valid[0m[1;31m
[gzserver-2] [0m[1;31m[0m[1;31m[0mTopic [default//drone/base_footprint/down_camera/image] is not valid.
[gzserver-2] [INFO] [1773021433.136332319] [drone.collision_plugin]: Publishing contact states to [/drone/bumper_states]
[gzserver-2] Topic [default//drone/base_footprint/front_camera/image] is not valid.
[gzserver-2] [1;33m[Wrn] [Event.cc:61] [0m[1;33mWarning: Deleting a connection right after creation. [0m[1;33mMake sure to save the ConnectionPtr from a Connect call
[gzserver-2] [0m[INFO] [1773021433.674865609] [drone.camera_bottom]: Publishing camera info to [/drone/bottom/camera_info]
[gzserver-2] [INFO] [1773021433.690120063] [drone.camera_front]: Publishing camera info to [/drone/front/camera_info]
[spawn_drone-5] [INFO] [1773021433.700438142] [spawn_drone]: Result True SpawnEntity: Successfully spawned entity [/drone]
[gzserver-2] [INFO] [1773021433.823619486] [drone.simple_drone]: The drone plugin is loading!
[gzserver-2] [INFO] [1773021433.823908683] [drone.simple_drone]: pub_odom: 1
[gzserver-2] [INFO] [1773021433.823950282] [drone.simple_drone]: Using following parameters: 
[gzserver-2] 		link_name: base_footprint,
[gzserver-2] 		max_force: 30,
[gzserver-2] 		motion_small_noise: 0,
[gzserver-2] 		motion_drift_noise: 0,
[gzserver-2] 		motion_drift_noise_time: 50,
[gzserver-2] 		takeoff_hover_height: 1.91,
[gzserver-2] 		takeoff_vertical_speed: 0.2
[gzserver-2] [INFO] [1773021433.843628582] [drone.simple_drone]: Using the PID parameters: 
[gzserver-2] 	Roll Pitch:
[gzserver-2] 		kP: 10, kI: 0,kD: 5, Limit: 0.5, Time Constant: 0
[gzserver-2] 	Yaw:
[gzserver-2] 		kP: 2, kI: 0,kD: 1, Limit: 1.5, Time Constant: 0
[gzserver-2] 	Velocity X:
[gzserver-2] 		kP: 5, kI: 0,kD: 2.3, Limit: 2, Time Constant: 0
[gzserver-2] 	Velocity Y:
[gzserver-2] 		kP: 5, kI: 0,kD: 2.3, Limit: 2, Time Constant: 0
[gzserver-2] 	Velocity Z:
[gzserver-2] 		kP: 5, kI: 0,kD: 1, Limit: -1, Time Constant: 0
[gzserver-2] 	Position XY:
[gzserver-2] 		kP: 1.1, kI: 0,kD: 0, Limit: 5, Time Constant: 0
[gzserver-2] 	Position Z:
[gzserver-2] 		kP: 1, kI: 0,kD: 0.2, Limit: -1, Time Constant: 0
[gzserver-2] [INFO] [1773021433.843823671] [drone.simple_drone]: The drone plugin finished loading!
[INFO] [spawn_drone-5]: process has finished cleanly [pid 247994]
[gzserver-2] [INFO] [1773021446.906841655] [gazebo_wind_plugin_node]: WindPlugin: set wind_speed=0.00 wind_direction=0.0
[gzserver-2] [INFO] [1773021447.155509188] [drone.simple_drone]: Quadrotor takes off!!
[gzserver-2] [0m[1;36m[Dbg] [wind_plugin.cpp:110] [0m[1;36mWindPlugin: received command -> speed=[0m[1;36m0[0m[1;36m dir=[0m[1;36m0[0m[1;36m
[gzserver-2] [0mEntering flying model!
[gzserver-2] [INFO] [1773021449.985156009] [gazebo_wind_plugin_node]: WindPlugin: set wind_speed=0.00 wind_direction=0.0
[gzserver-2] [INFO] [1773021450.702720099] [gazebo_wind_plugin_node]: WindPlugin: set wind_speed=0.00 wind_direction=0.0
[gzserver-2] [INFO] [1773021451.407882116] [gazebo_wind_plugin_node]: WindPlugin: set wind_speed=0.00 wind_direction=0.0
[gzserver-2] [INFO] [1773021452.155140572] [gazebo_wind_plugin_node]: WindPlugin: set wind_speed=0.00 wind_direction=0.0
[gzserver-2] [INFO] [1773021452.850205988] [gazebo_wind_plugin_node]: WindPlugin: set wind_speed=0.00 wind_direction=0.0
[gzserver-2] [INFO] [1773021453.556926759] [gazebo_wind_plugin_node]: WindPlugin: set wind_speed=0.00 wind_direction=0.0
[gzserver-2] [INFO] [1773021454.280433574] [gazebo_wind_plugin_node]: WindPlugin: set wind_speed=0.00 wind_direction=0.0
[gzserver-2] [INFO] [1773021455.023671592] [gazebo_wind_plugin_node]: WindPlugin: set wind_speed=0.00 wind_direction=0.0
[gzserver-2] [INFO] [1773021455.743633504] [gazebo_wind_plugin_node]: WindPlugin: set wind_speed=0.00 wind_direction=0.0
[gzserver-2] [INFO] [1773021456.478699822] [gazebo_wind_plugin_node]: WindPlugin: set wind_speed=0.00 wind_direction=0.0
[gzserver-2] [INFO] [1773021457.197911815] [gazebo_wind_plugin_node]: WindPlugin: set wind_speed=0.00 wind_direction=0.0
[gzserver-2] [INFO] [1773021457.898055351] [gazebo_wind_plugin_node]: WindPlugin: set wind_speed=0.00 wind_direction=0.0
[gzserver-2] [INFO] [1773021458.613747530] [gazebo_wind_plugin_node]: WindPlugin: set wind_speed=0.00 wind_direction=0.0
[gzserver-2] [INFO] [1773021459.329169992] [gazebo_wind_plugin_node]: WindPlugin: set wind_speed=0.00 wind_direction=0.0
[gzserver-2] [INFO] [1773021460.062336118] [gazebo_wind_plugin_node]: WindPlugin: set wind_speed=0.00 wind_direction=0.0
[gzserver-2] [INFO] [1773021460.779982703] [gazebo_wind_plugin_node]: WindPlugin: set wind_speed=0.00 wind_direction=0.0
[gzserver-2] [INFO] [1773021461.482698884] [gazebo_wind_plugin_node]: WindPlugin: set wind_speed=7.70 wind_direction=-178.3
[gzserver-2] [INFO] [1773021462.198508505] [gazebo_wind_plugin_node]: WindPlugin: set wind_speed=7.70 wind_direction=-178.3
[gzserver-2] [INFO] [1773021462.901240724] [gazebo_wind_plugin_node]: WindPlugin: set wind_speed=7.70 wind_direction=-178.3
[gzserver-2] [INFO] [1773021463.635285416] [gazebo_wind_plugin_node]: WindPlugin: set wind_speed=7.70 wind_direction=-178.3
[gzserver-2] [INFO] [1773021464.365775497] [gazebo_wind_plugin_node]: WindPlugin: set wind_speed=7.70 wind_direction=-178.3
[gzserver-2] [INFO] [1773021465.082523801] [gazebo_wind_plugin_node]: WindPlugin: set wind_speed=7.70 wind_direction=-178.3
[gzserver-2] [INFO] [1773021465.800708915] [gazebo_wind_plugin_node]: WindPlugin: set wind_speed=7.70 wind_direction=-178.3
[gzserver-2] [INFO] [1773021466.551561493] [gazebo_wind_plugin_node]: WindPlugin: set wind_speed=7.70 wind_direction=-178.3
[gzserver-2] [1;36m[Dbg] [wind_plugin.cpp:110] [0m[1;36mWindPlugin: received command -> speed=[0m[1;36m0[0m[1;36m dir=[0m[1;36m0[0m[1;36m
[gzserver-2] [0m[1;36m[Dbg] [wind_plugin.cpp:110] [0m[1;36mWindPlugin: received command -> speed=[0m[1;36m0[0m[1;36m dir=[0m[1;36m0[0m[1;36m
[gzserver-2] [0m[1;36m[Dbg] [wind_plugin.cpp:110] [0m[1;36mWindPlugin: received command -> speed=[0m[1;36m0[0m[1;36m dir=[0m[1;36m0[0m[1;36m
[gzserver-2] [0m[1;36m[Dbg] [wind_plugin.cpp:110] [0m[1;36mWindPlugin: received command -> speed=[0m[1;36m0[0m[1;36m dir=[0m[1;36m0[0m[1;36m
[gzserver-2] [0m[1;36m[Dbg] [wind_plugin.cpp:110] [0m[1;36mWindPlugin: received command -> speed=[0m[1;36m0[0m[1;36m dir=[0m[1;36m0[0m[1;36m
[gzserver-2] [0m[1;36m[Dbg] [wind_plugin.cpp:110] [0m[1;36mWindPlugin: received command -> speed=[0m[1;36m0[0m[1;36m dir=[0m[1;36m0[0m[1;36m
[gzserver-2] [0m[1;36m[Dbg] [wind_plugin.cpp:110] [0m[1;36mWindPlugin: received command -> speed=[0m[1;36m0[0m[1;36m dir=[0m[1;36m0[0m[1;36m
[gzserver-2] [0m[1;36m[Dbg] [wind_plugin.cpp:110] [0m[1;36mWindPlugin: received command -> speed=[0m[1;36m0[0m[1;36m dir=[0m[1;36m0[0m[1;36m
[gzserver-2] [0m[1;36m[Dbg] [wind_plugin.cpp:110] [0m[1;36mWindPlugin: received command -> speed=[0m[1;36m0[0m[1;36m dir=[0m[1;36m0[0m[1;36m
[gzserver-2] [0m[1;36m[Dbg] [wind_plugin.cpp:110] [0m[1;36mWindPlugin: received command -> speed=[0m[1;36m0[0m[1;36m dir=[0m[1;36m0[0m[1;36m
[gzserver-2] [0m[1;36m[Dbg] [wind_plugin.cpp:110] [0m[1;36mWindPlugin: received command -> speed=[0m[1;36m0[0m[1;36m dir=[0m[1;36m0[0m[1;36m
[gzserver-2] [0m[1;36m[Dbg] [wind_plugin.cpp:110] [0m[1;36mWindPlugin: received command -> speed=[0m[1;36m0[0m[1;36m dir=[0m[1;36m0[0m[1;36m
[gzserver-2] [0m[1;36m[Dbg] [wind_plugin.cpp:110] [0m[1;36mWindPlugin: received command -> speed=[0m[1;36m0[0m[1;36m dir=[0m[1;36m0[0m[1;36m
[gzserver-2] [0m[1;36m[Dbg] [wind_plugin.cpp:110] [0m[1;36mWindPlugin: received command -> speed=[0m[1;36m0[0m[1;36m dir=[0m[1;36m0[0m[1;36m
[gzserver-2] [0m[1;36m[Dbg] [wind_plugin.cpp:110] [0m[1;36mWindPlugin: received command -> speed=[0m[1;36m0[0m[1;36m dir=[0m[1;36m0[0m[1;36m
[gzserver-2] [0m[1;36m[Dbg] [wind_plugin.cpp:110] [0m[1;36mWindPlugin: received command -> speed=[0m[1;36m0[0m[1;36m dir=[0m[1;36m0[0m[1;36m
[gzserver-2] [0m[1;36m[Dbg] [wind_plugin.cpp:110] [0m[1;36mWindPlugin: received command -> speed=[0m[1;36m7.69518[0m[1;36m dir=[0m[1;36m-178.332[0m[1;36m
[gzserver-2] [0m[1;36m[Dbg] [wind_plugin.cpp:110] [0m[1;36mWindPlugin: received command -> speed=[0m[1;36m7.69518[0m[1;36m dir=[0m[1;36m-178.332[0m[1;36m
[gzserver-2] [0m[1;36m[Dbg] [wind_plugin.cpp:110] [0m[1;36mWindPlugin: received command -> speed=[0m[1;36m7.69518[0m[1;36m dir=[0m[1;36m-178.332[0m[1;36m
[gzserver-2] [0m[1;36m[Dbg] [wind_plugin.cpp:110] [0m[1;36mWindPlugin: received command -> speed=[0m[1;36m7.69518[0m[1;36m dir=[0m[1;36m-178.332[0m[1;36m
[gzserver-2] [0m[1;36m[Dbg] [wind_plugin.cpp:110] [0m[1;36mWindPlugin: received command -> speed=[0m[1;36m7.69518[0m[1;36m dir=[0m[1;36m-178.332[0m[1;36m
[gzserver-2] [0m[1;36m[Dbg] [wind_plugin.cpp:110] [0m[1;36mWindPlugin: received command -> speed=[0m[1;36m7.69518[0m[1;36m dir=[0m[1;36m-178.332[0m[1;36m
[gzserver-2] [0m[1;36m[Dbg] [wind_plugin.cpp:110] [0m[1;36mWindPlugin: received command -> speed=[0m[1;36m7.69518[0m[1;36m dir=[0m[1;36m-178.332[0m[1;36m
[gzserver-2] [0m[1;36m[Dbg] [wind_plugin.cpp:110] [0m[1;36mWindPlugin: received command -> speed=[0m[1;36m7.69518[0m[1;36m dir=[0m[1;36m-178.332[0m[1;36m
[gzserver-2] [1;33m[Wrn] [Publisher.cc:135] [0m[1;33mQueue limit reached for topic [0m[1;33m/gazebo/default/pose/local/info[0m[1;33m, deleting message. [0m[1;33mThis warning is printed only once.[0m[1;33m
[gzserver-2] [0m[1;33m[0m[1;33m[0m[INFO] [1773021469.415463968] [drone.simple_drone]: Quadrotor lands!!
[gzserver-2] [INFO] [1773021470.055255550] [gazebo_wind_plugin_node]: WindPlugin: set wind_speed=7.70 wind_direction=-178.3
[gzserver-2] [0m[1;36m[Dbg] [wind_plugin.cpp:110] [0m[1;36mWindPlugin: received command -> speed=[0m[1;36m7.69518[0m[1;36m dir=[0m[1;36m-178.332[0m[1;36m
[gzserver-2] [0mLanded!
[gzserver-2] [INFO] [1773021470.771913851] [gazebo_wind_plugin_node]: WindPlugin: set wind_speed=7.70 wind_direction=-178.3
[gzserver-2] [INFO] [1773021471.480861710] [gazebo_wind_plugin_node]: WindPlugin: set wind_speed=7.70 wind_direction=-178.3
[gzserver-2] [INFO] [1773021471.500121762] [drone.simple_drone]: Quadrotor takes off!!
[gzserver-2] [INFO] [1773021472.199082296] [gazebo_wind_plugin_node]: WindPlugin: set wind_speed=7.70 wind_direction=-178.3
[gzserver-2] [INFO] [1773021472.917254732] [gazebo_wind_plugin_node]: WindPlugin: set wind_speed=7.70 wind_direction=-178.3
[gzserver-2] [1;36m[Dbg] [wind_plugin.cpp:110] [0m[1;36mWindPlugin: received command -> speed=[0m[1;36m7.69518[0m[1;36m dir=[0m[1;36m-178.332[0m[1;36m
[gzserver-2] [0m[1;36m[Dbg] [wind_plugin.cpp:110] [0m[1;36mWindPlugin: received command -> speed=[0m[1;36m7.69518[0m[1;36m dir=[0m[1;36m-178.332[0m[1;36m
[gzserver-2] [0m[1;36m[Dbg] [wind_plugin.cpp:110] [0m[1;36mWindPlugin: received command -> speed=[0m[1;36m7.69518[0m[1;36m dir=[0m[1;36m-178.332[0m[1;36m
[gzserver-2] [0m[1;36m[Dbg] [wind_plugin.cpp:110] [0m[1;36mWindPlugin: received command -> speed=[0m[1;36m7.69518[0m[1;36m dir=[0m[1;36m-178.332[0m[1;36m
[gzserver-2] [0mEntering flying model!
[gzserver-2] [INFO] [1773021473.624434566] [gazebo_wind_plugin_node]: WindPlugin: set wind_speed=7.70 wind_direction=-178.3
[gzserver-2] [INFO] [1773021474.335727139] [gazebo_wind_plugin_node]: WindPlugin: set wind_speed=7.70 wind_direction=-178.3
[gzserver-2] [INFO] [1773021475.044845534] [gazebo_wind_plugin_node]: WindPlugin: set wind_speed=7.70 wind_direction=-178.3
[gzserver-2] [INFO] [1773021475.755446414] [gazebo_wind_plugin_node]: WindPlugin: set wind_speed=7.70 wind_direction=-178.3
[gzserver-2] [INFO] [1773021476.492910628] [gazebo_wind_plugin_node]: WindPlugin: set wind_speed=7.70 wind_direction=-178.3
[gzserver-2] [INFO] [1773021477.206449190] [gazebo_wind_plugin_node]: WindPlugin: set wind_speed=7.70 wind_direction=-178.3
[gzserver-2] [INFO] [1773021477.943931341] [gazebo_wind_plugin_node]: WindPlugin: set wind_speed=7.70 wind_direction=-178.3
[gzserver-2] [INFO] [1773021478.445150042] [gazebo_wind_plugin_node]: WindPlugin: set wind_speed=7.70 wind_direction=-178.3
[gzserver-2] [INFO] [1773021479.161884246] [gazebo_wind_plugin_node]: WindPlugin: set wind_speed=7.70 wind_direction=-178.3
[gzserver-2] [INFO] [1773021479.888262617] [gazebo_wind_plugin_node]: WindPlugin: set wind_speed=7.70 wind_direction=-178.3
[gzserver-2] [INFO] [1773021480.624358829] [gazebo_wind_plugin_node]: WindPlugin: set wind_speed=7.70 wind_direction=-178.3
[gzserver-2] [INFO] [1773021481.331291131] [gazebo_wind_plugin_node]: WindPlugin: set wind_speed=7.70 wind_direction=-178.3
[gzserver-2] [INFO] [1773021482.071426681] [gazebo_wind_plugin_node]: WindPlugin: set wind_speed=7.70 wind_direction=-178.3
[gzserver-2] [INFO] [1773021482.794182330] [gazebo_wind_plugin_node]: WindPlugin: set wind_speed=7.70 wind_direction=-178.3
[gzserver-2] [INFO] [1773021483.501501317] [gazebo_wind_plugin_node]: WindPlugin: set wind_speed=7.70 wind_direction=-178.3
[gzserver-2] [INFO] [1773021484.201515096] [gazebo_wind_plugin_node]: WindPlugin: set wind_speed=7.70 wind_direction=-178.3
[gzserver-2] [INFO] [1773021484.934719144] [gazebo_wind_plugin_node]: WindPlugin: set wind_speed=7.70 wind_direction=-178.3
[gzserver-2] [INFO] [1773021485.640153419] [gazebo_wind_plugin_node]: WindPlugin: set wind_speed=7.70 wind_direction=-178.3
[gzserver-2] [INFO] [1773021486.363628253] [gazebo_wind_plugin_node]: WindPlugin: set wind_speed=7.70 wind_direction=-178.3
[gzserver-2] [INFO] [1773021487.088238390] [gazebo_wind_plugin_node]: WindPlugin: set wind_speed=7.70 wind_direction=-178.3
[gzserver-2] [INFO] [1773021487.814506936] [gazebo_wind_plugin_node]: WindPlugin: set wind_speed=7.70 wind_direction=-178.3
[gzserver-2] [INFO] [1773021488.554195987] [gazebo_wind_plugin_node]: WindPlugin: set wind_speed=7.70 wind_direction=-178.3
[gzserver-2] [INFO] [1773021489.262741893] [gazebo_wind_plugin_node]: WindPlugin: set wind_speed=7.70 wind_direction=-178.3
[gzserver-2] [INFO] [1773021489.970589818] [gazebo_wind_plugin_node]: WindPlugin: set wind_speed=7.70 wind_direction=-178.3
[gzserver-2] [INFO] [1773021490.698361993] [gazebo_wind_plugin_node]: WindPlugin: set wind_speed=7.70 wind_direction=-178.3
[gzserver-2] [INFO] [1773021491.401829364] [gazebo_wind_plugin_node]: WindPlugin: set wind_speed=7.70 wind_direction=-178.3
[gzserver-2] [INFO] [1773021492.136362107] [gazebo_wind_plugin_node]: WindPlugin: set wind_speed=7.70 wind_direction=-178.3
[gzserver-2] [1;36m[Dbg] [wind_plugin.cpp:110] [0m[1;36mWindPlugin: received command -> speed=[0m[1;36m7.69518[0m[1;36m dir=[0m[1;36m-178.332[0m[1;36m
[gzserver-2] [0m[1;36m[Dbg] [wind_plugin.cpp:110] [0m[1;36mWindPlugin: received command -> speed=[0m[1;36m7.69518[0m[1;36m dir=[0m[1;36m-178.332[0m[1;36m
[gzserver-2] [0m[1;36m[Dbg] [wind_plugin.cpp:110] [0m[1;36mWindPlugin: received command -> speed=[0m[1;36m7.69518[0m[1;36m dir=[0m[1;36m-178.332[0m[1;36m
[gzserver-2] [0m[1;36m[Dbg] [wind_plugin.cpp:110] [0m[1;36mWindPlugin: received command -> speed=[0m[1;36m7.69518[0m[1;36m dir=[0m[1;36m-178.332[0m[1;36m
[gzserver-2] [0m[1;36m[Dbg] [wind_plugin.cpp:110] [0m[1;36mWindPlugin: received command -> speed=[0m[1;36m7.69518[0m[1;36m dir=[0m[1;36m-178.332[0m[1;36m
[gzserver-2] [0m[1;36m[Dbg] [wind_plugin.cpp:110] [0m[1;36mWindPlugin: received command -> speed=[0m[1;36m7.69518[0m[1;36m dir=[0m[1;36m-178.332[0m[1;36m
[gzserver-2] [0m[1;36m[Dbg] [wind_plugin.cpp:110] [0m[1;36mWindPlugin: received command -> speed=[0m[1;36m7.69518[0m[1;36m dir=[0m[1;36m-178.332[0m[1;36m
[gzserver-2] [0m[1;36m[Dbg] [wind_plugin.cpp:110] [0m[1;36mWindPlugin: received command -> speed=[0m[1;36m7.69518[0m[1;36m dir=[0m[1;36m-178.332[0m[1;36m
[gzserver-2] [0m[1;36m[Dbg] [wind_plugin.cpp:110] [0m[1;36mWindPlugin: received command -> speed=[0m[1;36m7.69518[0m[1;36m dir=[0m[1;36m-178.332[0m[1;36m
[gzserver-2] [0m[1;36m[Dbg] [wind_plugin.cpp:110] [0m[1;36mWindPlugin: received command -> speed=[0m[1;36m7.69518[0m[1;36m dir=[0m[1;36m-178.332[0m[1;36m
[gzserver-2] [0m[1;36m[Dbg] [wind_plugin.cpp:110] [0m[1;36mWindPlugin: received command -> speed=[0m[1;36m7.69518[0m[1;36m dir=[0m[1;36m-178.332[0m[1;36m
[gzserver-2] [0m[1;36m[Dbg] [wind_plugin.cpp:110] [0m[1;36mWindPlugin: received command -> speed=[0m[1;36m7.69518[0m[1;36m dir=[0m[1;36m-178.332[0m[1;36m
[gzserver-2] [0m[1;36m[Dbg] [wind_plugin.cpp:110] [0m[1;36mWindPlugin: received command -> speed=[0m[1;36m7.69518[0m[1;36m dir=[0m[1;36m-178.332[0m[1;36m
[gzserver-2] [0m[1;36m[Dbg] [wind_plugin.cpp:110] [0m[1;36mWindPlugin: received command -> speed=[0m[1;36m7.69518[0m[1;36m dir=[0m[1;36m-178.332[0m[1;36m
[gzserver-2] [0m[1;36m[Dbg] [wind_plugin.cpp:110] [0m[1;36mWindPlugin: received command -> speed=[0m[1;36m7.69518[0m[1;36m dir=[0m[1;36m-178.332[0m[1;36m
[gzserver-2] [0m[1;36m[Dbg] [wind_plugin.cpp:110] [0m[1;36mWindPlugin: received command -> speed=[0m[1;36m7.69518[0m[1;36m dir=[0m[1;36m-178.332[0m[1;36m
[gzserver-2] [0m[1;36m[Dbg] [wind_plugin.cpp:110] [0m[1;36mWindPlugin: received command -> speed=[0m[1;36m7.69518[0m[1;36m dir=[0m[1;36m-178.332[0m[1;36m
[gzserver-2] [0m[1;36m[Dbg] [wind_plugin.cpp:110] [0m[1;36mWindPlugin: received command -> speed=[0m[1;36m7.69518[0m[1;36m dir=[0m[1;36m-178.332[0m[1;36m
[gzserver-2] [0m[1;36m[Dbg] [wind_plugin.cpp:110] [0m[1;36mWindPlugin: received command -> speed=[0m[1;36m7.69518[0m[1;36m dir=[0m[1;36m-178.332[0m[1;36m
[gzserver-2] [0m[1;36m[Dbg] [wind_plugin.cpp:110] [0m[1;36mWindPlugin: received command -> speed=[0m[1;36m7.69518[0m[1;36m dir=[0m[1;36m-178.332[0m[1;36m
[gzserver-2] [0m[1;36m[Dbg] [wind_plugin.cpp:110] [0m[1;36mWindPlugin: received command -> speed=[0m[1;36m7.69518[0m[1;36m dir=[0m[1;36m-178.332[0m[1;36m
[gzserver-2] [0m[1;36m[Dbg] [wind_plugin.cpp:110] [0m[1;36mWindPlugin: received command -> speed=[0m[1;36m7.69518[0m[1;36m dir=[0m[1;36m-178.332[0m[1;36m
[gzserver-2] [0m[1;36m[Dbg] [wind_plugin.cpp:110] [0m[1;36mWindPlugin: received command -> speed=[0m[1;36m7.69518[0m[1;36m dir=[0m[1;36m-178.332[0m[1;36m
[gzserver-2] [0m[1;36m[Dbg] [wind_plugin.cpp:110] [0m[1;36mWindPlugin: received command -> speed=[0m[1;36m7.69518[0m[1;36m dir=[0m[1;36m-178.332[0m[1;36m
[gzserver-2] [0m[1;36m[Dbg] [wind_plugin.cpp:110] [0m[1;36mWindPlugin: received command -> speed=[0m[1;36m7.69518[0m[1;36m dir=[0m[1;36m-178.332[0m[1;36m
[gzserver-2] [0m[1;36m[Dbg] [wind_plugin.cpp:110] [0m[1;36mWindPlugin: received command -> speed=[0m[1;36m7.69518[0m[1;36m dir=[0m[1;36m-178.332[0m[1;36m
[gzserver-2] [INFO] [1773021492.851254825] [gazebo_wind_plugin_node]: WindPlugin: set wind_speed=7.70 wind_direction=-178.3
[gzserver-2] [INFO] [1773021493.567196863] [gazebo_wind_plugin_node]: WindPlugin: set wind_speed=7.70 wind_direction=-178.3
[gzserver-2] [INFO] [1773021494.243339818] [gazebo_wind_plugin_node]: WindPlugin: set wind_speed=7.70 wind_direction=-178.3
