[0.006s] Invoking command in '/home/j/INCSL/IICC26_ws/build/sjtu_drone_description': CMAKE_PREFIX_PATH=${CMAKE_PREFIX_PATH}:/home/j/INCSL/IICC26_ws/install/sjtu_drone_control:/home/j/INCSL/IICC26_ws/install/sjtu_drone_bringup:/opt/ros/humble /usr/bin/cmake --build /home/j/INCSL/IICC26_ws/build/sjtu_drone_description -- -j20 -l20
[0.037s] [35m[1mConsolidate compiler generated dependencies of target wind_plugin[0m
[0.056s] [ 66%] Built target plugin_drone
[0.061s] [ 83%] [32mBuilding CXX object CMakeFiles/wind_plugin.dir/src/wind_plugin.cpp.o[0m
[11.088s] [100%] [32m[1mLinking CXX shared library /home/j/INCSL/IICC26_ws/src/sjtu_drone-ros2/sjtu_drone_description/plugins/libwind_plugin.so[0m
[11.447s] [100%] Built target wind_plugin
[11.454s] Invoked command in '/home/j/INCSL/IICC26_ws/build/sjtu_drone_description' returned '0': CMAKE_PREFIX_PATH=${CMAKE_PREFIX_PATH}:/home/j/INCSL/IICC26_ws/install/sjtu_drone_control:/home/j/INCSL/IICC26_ws/install/sjtu_drone_bringup:/opt/ros/humble /usr/bin/cmake --build /home/j/INCSL/IICC26_ws/build/sjtu_drone_description -- -j20 -l20
[11.460s] Invoking command in '/home/j/INCSL/IICC26_ws/build/sjtu_drone_description': CMAKE_PREFIX_PATH=${CMAKE_PREFIX_PATH}:/home/j/INCSL/IICC26_ws/install/sjtu_drone_control:/home/j/INCSL/IICC26_ws/install/sjtu_drone_bringup:/opt/ros/humble /usr/bin/cmake --install /home/j/INCSL/IICC26_ws/build/sjtu_drone_description
[11.464s] -- Install configuration: ""
[11.464s] -- Up-to-date: /home/j/INCSL/IICC26_ws/install/sjtu_drone_description/include
[11.464s] -- Up-to-date: /home/j/INCSL/IICC26_ws/install/sjtu_drone_description/include/sjtu_drone_description
[11.464s] -- Up-to-date: /home/j/INCSL/IICC26_ws/install/sjtu_drone_description/include/sjtu_drone_description/pid_controller.h
[11.464s] -- Installing: /home/j/INCSL/IICC26_ws/install/sjtu_drone_description/include/sjtu_drone_description/wind_plugin.h
[11.464s] -- Up-to-date: /home/j/INCSL/IICC26_ws/install/sjtu_drone_description/include/sjtu_drone_description/plugin_drone.h
[11.464s] -- Up-to-date: /home/j/INCSL/IICC26_ws/install/sjtu_drone_description/include/sjtu_drone_description/plugin_drone_private.h
[11.464s] -- Up-to-date: /home/j/INCSL/IICC26_ws/install/sjtu_drone_description/lib/libplugin_drone.so
[11.464s] -- Installing: /home/j/INCSL/IICC26_ws/install/sjtu_drone_description/lib/libwind_plugin.so
[11.469s] -- Set runtime path of "/home/j/INCSL/IICC26_ws/install/sjtu_drone_description/lib/libwind_plugin.so" to ""
[11.469s] -- Up-to-date: /home/j/INCSL/IICC26_ws/install/sjtu_drone_description/share/sjtu_drone_description/environment/library_path.sh
[11.469s] -- Up-to-date: /home/j/INCSL/IICC26_ws/install/sjtu_drone_description/share/sjtu_drone_description/environment/library_path.dsv
[11.469s] -- Up-to-date: /home/j/INCSL/IICC26_ws/install/sjtu_drone_description/share/sjtu_drone_description/models
[11.469s] -- Up-to-date: /home/j/INCSL/IICC26_ws/install/sjtu_drone_description/share/sjtu_drone_description/models/sjtu_drone
[11.469s] -- Up-to-date: /home/j/INCSL/IICC26_ws/install/sjtu_drone_description/share/sjtu_drone_description/models/sjtu_drone/quadrotor_4.stl
[11.470s] -- Up-to-date: /home/j/INCSL/IICC26_ws/install/sjtu_drone_description/share/sjtu_drone_description/models/sjtu_drone/quadrotor_4.dae
[11.470s] -- Up-to-date: /home/j/INCSL/IICC26_ws/install/sjtu_drone_description/share/sjtu_drone_description/models/sjtu_drone/sjtu_drone.sdf
[11.470s] -- Up-to-date: /home/j/INCSL/IICC26_ws/install/sjtu_drone_description/share/sjtu_drone_description/models/sjtu_drone/model.config
[11.470s] -- Up-to-date: /home/j/INCSL/IICC26_ws/install/sjtu_drone_description/share/sjtu_drone_description/models/database.config
[11.470s] -- Up-to-date: /home/j/INCSL/IICC26_ws/install/sjtu_drone_description/share/sjtu_drone_description/urdf
[11.470s] -- Up-to-date: /home/j/INCSL/IICC26_ws/install/sjtu_drone_description/share/sjtu_drone_description/urdf/sjtu_drone.urdf
[11.470s] -- Up-to-date: /home/j/INCSL/IICC26_ws/install/sjtu_drone_description/share/sjtu_drone_description/urdf/sjtu_drone.urdf.xacro
[11.470s] -- Up-to-date: /home/j/INCSL/IICC26_ws/install/sjtu_drone_description/share/sjtu_drone_description/worlds
[11.471s] -- Up-to-date: /home/j/INCSL/IICC26_ws/install/sjtu_drone_description/share/sjtu_drone_description/worlds/playground.world
[11.471s] -- Up-to-date: /home/j/INCSL/IICC26_ws/install/sjtu_drone_description/share/ament_index/resource_index/package_run_dependencies/sjtu_drone_description
[11.471s] -- Up-to-date: /home/j/INCSL/IICC26_ws/install/sjtu_drone_description/share/ament_index/resource_index/parent_prefix_path/sjtu_drone_description
[11.471s] -- Up-to-date: /home/j/INCSL/IICC26_ws/install/sjtu_drone_description/share/sjtu_drone_description/environment/ament_prefix_path.sh
[11.471s] -- Up-to-date: /home/j/INCSL/IICC26_ws/install/sjtu_drone_description/share/sjtu_drone_description/environment/ament_prefix_path.dsv
[11.471s] -- Up-to-date: /home/j/INCSL/IICC26_ws/install/sjtu_drone_description/share/sjtu_drone_description/environment/path.sh
[11.471s] -- Up-to-date: /home/j/INCSL/IICC26_ws/install/sjtu_drone_description/share/sjtu_drone_description/environment/path.dsv
[11.471s] -- Up-to-date: /home/j/INCSL/IICC26_ws/install/sjtu_drone_description/share/sjtu_drone_description/local_setup.bash
[11.471s] -- Up-to-date: /home/j/INCSL/IICC26_ws/install/sjtu_drone_description/share/sjtu_drone_description/local_setup.sh
[11.471s] -- Up-to-date: /home/j/INCSL/IICC26_ws/install/sjtu_drone_description/share/sjtu_drone_description/local_setup.zsh
[11.471s] -- Up-to-date: /home/j/INCSL/IICC26_ws/install/sjtu_drone_description/share/sjtu_drone_description/local_setup.dsv
[11.471s] -- Installing: /home/j/INCSL/IICC26_ws/install/sjtu_drone_description/share/sjtu_drone_description/package.dsv
[11.471s] -- Up-to-date: /home/j/INCSL/IICC26_ws/install/sjtu_drone_description/share/ament_index/resource_index/packages/sjtu_drone_description
[11.471s] -- Up-to-date: /home/j/INCSL/IICC26_ws/install/sjtu_drone_description/share/sjtu_drone_description/cmake/export_sjtu_drone_descriptionExport.cmake
[11.471s] -- Up-to-date: /home/j/INCSL/IICC26_ws/install/sjtu_drone_description/share/sjtu_drone_description/cmake/export_sjtu_drone_descriptionExport-noconfig.cmake
[11.471s] -- Up-to-date: /home/j/INCSL/IICC26_ws/install/sjtu_drone_description/share/sjtu_drone_description/cmake/ament_cmake_export_include_directories-extras.cmake
[11.471s] -- Up-to-date: /home/j/INCSL/IICC26_ws/install/sjtu_drone_description/share/sjtu_drone_description/cmake/ament_cmake_export_libraries-extras.cmake
[11.471s] -- Up-to-date: /home/j/INCSL/IICC26_ws/install/sjtu_drone_description/share/sjtu_drone_description/cmake/ament_cmake_export_targets-extras.cmake
[11.471s] -- Up-to-date: /home/j/INCSL/IICC26_ws/install/sjtu_drone_description/share/sjtu_drone_description/cmake/sjtu_drone_descriptionConfig.cmake
[11.471s] -- Up-to-date: /home/j/INCSL/IICC26_ws/install/sjtu_drone_description/share/sjtu_drone_description/cmake/sjtu_drone_descriptionConfig-version.cmake
[11.471s] -- Up-to-date: /home/j/INCSL/IICC26_ws/install/sjtu_drone_description/share/sjtu_drone_description/package.xml
[11.471s] Invoked command in '/home/j/INCSL/IICC26_ws/build/sjtu_drone_description' returned '0': CMAKE_PREFIX_PATH=${CMAKE_PREFIX_PATH}:/home/j/INCSL/IICC26_ws/install/sjtu_drone_control:/home/j/INCSL/IICC26_ws/install/sjtu_drone_bringup:/opt/ros/humble /usr/bin/cmake --install /home/j/INCSL/IICC26_ws/build/sjtu_drone_description
