[0.006s] Invoking command in '/home/j/INCSL/IICC26_ws/build/sjtu_drone_interfaces': CMAKE_PREFIX_PATH=/opt/ros/humble /usr/bin/cmake /home/j/INCSL/IICC26_ws/src/sjtu_drone-ros2/sjtu_drone_interfaces -DCMAKE_INSTALL_PREFIX=/home/j/INCSL/IICC26_ws/install/sjtu_drone_interfaces
[0.039s] -- The C compiler identification is GNU 11.4.0
[0.074s] -- The CXX compiler identification is GNU 11.4.0
[0.079s] -- Detecting C compiler ABI info
[0.113s] -- Detecting C compiler ABI info - done
[0.119s] -- Check for working C compiler: /usr/lib/ccache/gcc - skipped
[0.119s] -- Detecting C compile features
[0.120s] -- Detecting C compile features - done
[0.122s] -- Detecting CXX compiler ABI info
[0.161s] -- Detecting CXX compiler ABI info - done
[0.166s] -- Check for working CXX compiler: /usr/lib/ccache/g++ - skipped
[0.166s] -- Detecting CXX compile features
[0.166s] -- Detecting CXX compile features - done
[0.167s] -- Found ament_cmake: 1.3.12 (/opt/ros/humble/share/ament_cmake/cmake)
[0.379s] -- Found Python3: /usr/bin/python3 (found version "3.10.12") found components: Interpreter 
[0.429s] -- Found rosidl_default_generators: 1.2.0 (/opt/ros/humble/share/rosidl_default_generators/cmake)
[0.431s] -- Using all available rosidl_typesupport_c: rosidl_typesupport_fastrtps_c;rosidl_typesupport_introspection_c
[0.434s] -- Found rosidl_adapter: 3.1.7 (/opt/ros/humble/share/rosidl_adapter/cmake)
[0.457s] -- Using all available rosidl_typesupport_cpp: rosidl_typesupport_fastrtps_cpp;rosidl_typesupport_introspection_cpp
[0.617s] -- Found ament_cmake_ros: 0.10.0 (/opt/ros/humble/share/ament_cmake_ros/cmake)
[0.724s] -- Using all available rosidl_typesupport_c: rosidl_typesupport_fastrtps_c;rosidl_typesupport_introspection_c
[0.864s] -- Using all available rosidl_typesupport_cpp: rosidl_typesupport_fastrtps_cpp;rosidl_typesupport_introspection_cpp
[0.877s] -- Found PythonInterp: /usr/bin/python3 (found suitable version "3.10.12", minimum required is "3.6") 
[0.878s] -- Found python_cmake_module: 0.10.0 (/opt/ros/humble/share/python_cmake_module/cmake)
[0.894s] -- Found PythonLibs: /usr/lib/x86_64-linux-gnu/libpython3.10.so (found suitable version "3.10.12", minimum required is "3.5") 
[0.894s] -- Using PYTHON_EXECUTABLE: /usr/bin/python3
[0.894s] -- Using PYTHON_INCLUDE_DIRS: /usr/include/python3.10
[0.894s] -- Using PYTHON_LIBRARIES: /usr/lib/x86_64-linux-gnu/libpython3.10.so
[0.906s] -- Found PythonExtra: .so  
[0.927s] -- Configuring done
[0.940s] -- Generating done
[0.945s] -- Build files have been written to: /home/j/INCSL/IICC26_ws/build/sjtu_drone_interfaces
[0.950s] Invoked command in '/home/j/INCSL/IICC26_ws/build/sjtu_drone_interfaces' returned '0': CMAKE_PREFIX_PATH=/opt/ros/humble /usr/bin/cmake /home/j/INCSL/IICC26_ws/src/sjtu_drone-ros2/sjtu_drone_interfaces -DCMAKE_INSTALL_PREFIX=/home/j/INCSL/IICC26_ws/install/sjtu_drone_interfaces
[0.952s] Invoking command in '/home/j/INCSL/IICC26_ws/build/sjtu_drone_interfaces': CMAKE_PREFIX_PATH=/opt/ros/humble /usr/bin/cmake --build /home/j/INCSL/IICC26_ws/build/sjtu_drone_interfaces -- -j20 -l20
[0.975s] [  3%] [34m[1mGenerating C code for ROS interfaces[0m
[0.981s] [  6%] [34m[1mGenerating C++ code for ROS interfaces[0m
[0.985s] [  6%] Built target ament_cmake_python_copy_sjtu_drone_interfaces
[1.122s] running egg_info
[1.134s] creating sjtu_drone_interfaces.egg-info
[1.135s] writing sjtu_drone_interfaces.egg-info/PKG-INFO
[1.135s] writing dependency_links to sjtu_drone_interfaces.egg-info/dependency_links.txt
[1.135s] writing top-level names to sjtu_drone_interfaces.egg-info/top_level.txt
[1.135s] writing manifest file 'sjtu_drone_interfaces.egg-info/SOURCES.txt'
[1.138s] [  9%] [32mBuilding C object CMakeFiles/sjtu_drone_interfaces__rosidl_generator_c.dir/rosidl_generator_c/sjtu_drone_interfaces/srv/detail/set_wind__functions.c.o[0m
[1.138s] [  9%] Built target sjtu_drone_interfaces__cpp
[1.145s] [ 19%] [34m[1mGenerating C++ introspection for ROS interfaces[0m
[1.145s] [ 19%] [34m[1mGenerating C++ type support for eProsima Fast-RTPS[0m
[1.146s] [ 19%] [34m[1mGenerating C++ type support dispatch for ROS interfaces[0m
[1.173s] reading manifest file 'sjtu_drone_interfaces.egg-info/SOURCES.txt'
[1.174s] writing manifest file 'sjtu_drone_interfaces.egg-info/SOURCES.txt'
[1.191s] [ 22%] [32m[1mLinking C shared library libsjtu_drone_interfaces__rosidl_generator_c.so[0m
[1.196s] [ 22%] Built target ament_cmake_python_build_sjtu_drone_interfaces_egg
[1.218s] [ 22%] Built target sjtu_drone_interfaces__rosidl_generator_c
[1.225s] [ 29%] [34m[1mGenerating C introspection for ROS interfaces[0m
[1.225s] [ 29%] [34m[1mGenerating C type support for eProsima Fast-RTPS[0m
[1.225s] [ 32%] [34m[1mGenerating C type support dispatch for ROS interfaces[0m
[1.314s] [ 35%] [32mBuilding CXX object CMakeFiles/sjtu_drone_interfaces__rosidl_typesupport_cpp.dir/rosidl_typesupport_cpp/sjtu_drone_interfaces/srv/set_wind__type_support.cpp.o[0m
[1.322s] [ 38%] [32mBuilding CXX object CMakeFiles/sjtu_drone_interfaces__rosidl_typesupport_introspection_cpp.dir/rosidl_typesupport_introspection_cpp/sjtu_drone_interfaces/srv/detail/set_wind__type_support.cpp.o[0m
[1.332s] [ 41%] [32mBuilding CXX object CMakeFiles/sjtu_drone_interfaces__rosidl_typesupport_fastrtps_cpp.dir/rosidl_typesupport_fastrtps_cpp/sjtu_drone_interfaces/srv/detail/dds_fastrtps/set_wind__type_support.cpp.o[0m
[1.393s] [ 45%] [32mBuilding CXX object CMakeFiles/sjtu_drone_interfaces__rosidl_typesupport_c.dir/rosidl_typesupport_c/sjtu_drone_interfaces/srv/set_wind__type_support.cpp.o[0m
[1.409s] [ 48%] [32mBuilding C object CMakeFiles/sjtu_drone_interfaces__rosidl_typesupport_introspection_c.dir/rosidl_typesupport_introspection_c/sjtu_drone_interfaces/srv/detail/set_wind__type_support.c.o[0m
[1.412s] [ 51%] [32mBuilding CXX object CMakeFiles/sjtu_drone_interfaces__rosidl_typesupport_fastrtps_c.dir/rosidl_typesupport_fastrtps_c/sjtu_drone_interfaces/srv/detail/set_wind__type_support_c.cpp.o[0m
[1.426s] [ 54%] [32m[1mLinking CXX shared library libsjtu_drone_interfaces__rosidl_typesupport_c.so[0m
[1.446s] [ 58%] [32m[1mLinking C shared library libsjtu_drone_interfaces__rosidl_typesupport_introspection_c.so[0m
[1.457s] [ 58%] Built target sjtu_drone_interfaces__rosidl_typesupport_c
[1.468s] [ 58%] Built target sjtu_drone_interfaces__rosidl_typesupport_introspection_c
[1.562s] [ 61%] [32m[1mLinking CXX shared library libsjtu_drone_interfaces__rosidl_typesupport_cpp.so[0m
[1.588s] [ 61%] Built target sjtu_drone_interfaces__rosidl_typesupport_cpp
[1.604s] [ 64%] [32m[1mLinking CXX shared library libsjtu_drone_interfaces__rosidl_typesupport_introspection_cpp.so[0m
[1.632s] [ 67%] [32m[1mLinking CXX shared library libsjtu_drone_interfaces__rosidl_typesupport_fastrtps_cpp.so[0m
[1.644s] [ 67%] Built target sjtu_drone_interfaces__rosidl_typesupport_introspection_cpp
[1.677s] [ 67%] Built target sjtu_drone_interfaces__rosidl_typesupport_fastrtps_cpp
[1.685s] [ 70%] [32m[1mLinking CXX shared library libsjtu_drone_interfaces__rosidl_typesupport_fastrtps_c.so[0m
[1.726s] [ 70%] Built target sjtu_drone_interfaces__rosidl_typesupport_fastrtps_c
[1.738s] [ 70%] Built target sjtu_drone_interfaces
[1.749s] [ 74%] [34m[1mGenerating Python code for ROS interfaces[0m
[1.931s] [ 74%] Built target sjtu_drone_interfaces__py
[1.943s] [ 77%] [32mBuilding C object CMakeFiles/sjtu_drone_interfaces__rosidl_generator_py.dir/rosidl_generator_py/sjtu_drone_interfaces/srv/_set_wind_s.c.o[0m
[2.032s] [ 80%] [32m[1mLinking C shared library rosidl_generator_py/sjtu_drone_interfaces/libsjtu_drone_interfaces__rosidl_generator_py.so[0m
[2.056s] [ 80%] Built target sjtu_drone_interfaces__rosidl_generator_py
[2.068s] [ 90%] [32mBuilding C object CMakeFiles/sjtu_drone_interfaces__rosidl_typesupport_introspection_c__pyext.dir/rosidl_generator_py/sjtu_drone_interfaces/_sjtu_drone_interfaces_s.ep.rosidl_typesupport_introspection_c.c.o[0m
[2.069s] [ 90%] [32mBuilding C object CMakeFiles/sjtu_drone_interfaces__rosidl_typesupport_c__pyext.dir/rosidl_generator_py/sjtu_drone_interfaces/_sjtu_drone_interfaces_s.ep.rosidl_typesupport_c.c.o[0m
[2.069s] [ 90%] [32mBuilding C object CMakeFiles/sjtu_drone_interfaces__rosidl_typesupport_fastrtps_c__pyext.dir/rosidl_generator_py/sjtu_drone_interfaces/_sjtu_drone_interfaces_s.ep.rosidl_typesupport_fastrtps_c.c.o[0m
[2.155s] [ 93%] [32m[1mLinking C shared library rosidl_generator_py/sjtu_drone_interfaces/sjtu_drone_interfaces_s__rosidl_typesupport_c.cpython-310-x86_64-linux-gnu.so[0m
[2.155s] [ 96%] [32m[1mLinking C shared library rosidl_generator_py/sjtu_drone_interfaces/sjtu_drone_interfaces_s__rosidl_typesupport_introspection_c.cpython-310-x86_64-linux-gnu.so[0m
[2.155s] [100%] [32m[1mLinking C shared library rosidl_generator_py/sjtu_drone_interfaces/sjtu_drone_interfaces_s__rosidl_typesupport_fastrtps_c.cpython-310-x86_64-linux-gnu.so[0m
[2.177s] [100%] Built target sjtu_drone_interfaces__rosidl_typesupport_introspection_c__pyext
[2.177s] [100%] Built target sjtu_drone_interfaces__rosidl_typesupport_c__pyext
[2.177s] [100%] Built target sjtu_drone_interfaces__rosidl_typesupport_fastrtps_c__pyext
[2.184s] Invoked command in '/home/j/INCSL/IICC26_ws/build/sjtu_drone_interfaces' returned '0': CMAKE_PREFIX_PATH=/opt/ros/humble /usr/bin/cmake --build /home/j/INCSL/IICC26_ws/build/sjtu_drone_interfaces -- -j20 -l20
[2.190s] Invoking command in '/home/j/INCSL/IICC26_ws/build/sjtu_drone_interfaces': CMAKE_PREFIX_PATH=/opt/ros/humble /usr/bin/cmake --install /home/j/INCSL/IICC26_ws/build/sjtu_drone_interfaces
[2.195s] -- Install configuration: ""
[2.195s] -- Installing: /home/j/INCSL/IICC26_ws/install/sjtu_drone_interfaces/share/ament_index/resource_index/rosidl_interfaces/sjtu_drone_interfaces
[2.195s] -- Installing: /home/j/INCSL/IICC26_ws/install/sjtu_drone_interfaces/include/sjtu_drone_interfaces/sjtu_drone_interfaces
[2.195s] -- Installing: /home/j/INCSL/IICC26_ws/install/sjtu_drone_interfaces/include/sjtu_drone_interfaces/sjtu_drone_interfaces/srv
[2.196s] -- Installing: /home/j/INCSL/IICC26_ws/install/sjtu_drone_interfaces/include/sjtu_drone_interfaces/sjtu_drone_interfaces/srv/set_wind.h
[2.196s] -- Installing: /home/j/INCSL/IICC26_ws/install/sjtu_drone_interfaces/include/sjtu_drone_interfaces/sjtu_drone_interfaces/srv/detail
[2.196s] -- Installing: /home/j/INCSL/IICC26_ws/install/sjtu_drone_interfaces/include/sjtu_drone_interfaces/sjtu_drone_interfaces/srv/detail/set_wind__struct.h
[2.196s] -- Installing: /home/j/INCSL/IICC26_ws/install/sjtu_drone_interfaces/include/sjtu_drone_interfaces/sjtu_drone_interfaces/srv/detail/set_wind__functions.c
[2.196s] -- Installing: /home/j/INCSL/IICC26_ws/install/sjtu_drone_interfaces/include/sjtu_drone_interfaces/sjtu_drone_interfaces/srv/detail/set_wind__functions.h
[2.196s] -- Installing: /home/j/INCSL/IICC26_ws/install/sjtu_drone_interfaces/include/sjtu_drone_interfaces/sjtu_drone_interfaces/srv/detail/set_wind__type_support.h
[2.196s] -- Installing: /home/j/INCSL/IICC26_ws/install/sjtu_drone_interfaces/include/sjtu_drone_interfaces/sjtu_drone_interfaces/msg
[2.196s] -- Installing: /home/j/INCSL/IICC26_ws/install/sjtu_drone_interfaces/include/sjtu_drone_interfaces/sjtu_drone_interfaces/msg/rosidl_generator_c__visibility_control.h
[2.196s] -- Installing: /home/j/INCSL/IICC26_ws/install/sjtu_drone_interfaces/share/sjtu_drone_interfaces/environment/library_path.sh
[2.196s] -- Installing: /home/j/INCSL/IICC26_ws/install/sjtu_drone_interfaces/share/sjtu_drone_interfaces/environment/library_path.dsv
[2.196s] -- Installing: /home/j/INCSL/IICC26_ws/install/sjtu_drone_interfaces/lib/libsjtu_drone_interfaces__rosidl_generator_c.so
[2.196s] -- Set runtime path of "/home/j/INCSL/IICC26_ws/install/sjtu_drone_interfaces/lib/libsjtu_drone_interfaces__rosidl_generator_c.so" to ""
[2.196s] -- Up-to-date: /home/j/INCSL/IICC26_ws/install/sjtu_drone_interfaces/include/sjtu_drone_interfaces/sjtu_drone_interfaces
[2.196s] -- Up-to-date: /home/j/INCSL/IICC26_ws/install/sjtu_drone_interfaces/include/sjtu_drone_interfaces/sjtu_drone_interfaces/srv
[2.196s] -- Up-to-date: /home/j/INCSL/IICC26_ws/install/sjtu_drone_interfaces/include/sjtu_drone_interfaces/sjtu_drone_interfaces/srv/detail
[2.196s] -- Installing: /home/j/INCSL/IICC26_ws/install/sjtu_drone_interfaces/include/sjtu_drone_interfaces/sjtu_drone_interfaces/srv/detail/set_wind__rosidl_typesupport_fastrtps_c.h
[2.196s] -- Up-to-date: /home/j/INCSL/IICC26_ws/install/sjtu_drone_interfaces/include/sjtu_drone_interfaces/sjtu_drone_interfaces/msg
[2.196s] -- Installing: /home/j/INCSL/IICC26_ws/install/sjtu_drone_interfaces/include/sjtu_drone_interfaces/sjtu_drone_interfaces/msg/rosidl_typesupport_fastrtps_c__visibility_control.h
[2.196s] -- Installing: /home/j/INCSL/IICC26_ws/install/sjtu_drone_interfaces/lib/libsjtu_drone_interfaces__rosidl_typesupport_fastrtps_c.so
[2.196s] -- Set runtime path of "/home/j/INCSL/IICC26_ws/install/sjtu_drone_interfaces/lib/libsjtu_drone_interfaces__rosidl_typesupport_fastrtps_c.so" to ""
[2.196s] -- Up-to-date: /home/j/INCSL/IICC26_ws/install/sjtu_drone_interfaces/include/sjtu_drone_interfaces/sjtu_drone_interfaces
[2.196s] -- Up-to-date: /home/j/INCSL/IICC26_ws/install/sjtu_drone_interfaces/include/sjtu_drone_interfaces/sjtu_drone_interfaces/srv
[2.197s] -- Up-to-date: /home/j/INCSL/IICC26_ws/install/sjtu_drone_interfaces/include/sjtu_drone_interfaces/sjtu_drone_interfaces/srv/detail
[2.197s] -- Installing: /home/j/INCSL/IICC26_ws/install/sjtu_drone_interfaces/include/sjtu_drone_interfaces/sjtu_drone_interfaces/srv/detail/set_wind__rosidl_typesupport_introspection_c.h
[2.197s] -- Installing: /home/j/INCSL/IICC26_ws/install/sjtu_drone_interfaces/include/sjtu_drone_interfaces/sjtu_drone_interfaces/srv/detail/set_wind__type_support.c
[2.197s] -- Up-to-date: /home/j/INCSL/IICC26_ws/install/sjtu_drone_interfaces/include/sjtu_drone_interfaces/sjtu_drone_interfaces/msg
[2.197s] -- Installing: /home/j/INCSL/IICC26_ws/install/sjtu_drone_interfaces/include/sjtu_drone_interfaces/sjtu_drone_interfaces/msg/rosidl_typesupport_introspection_c__visibility_control.h
[2.197s] -- Installing: /home/j/INCSL/IICC26_ws/install/sjtu_drone_interfaces/lib/libsjtu_drone_interfaces__rosidl_typesupport_introspection_c.so
[2.197s] -- Set runtime path of "/home/j/INCSL/IICC26_ws/install/sjtu_drone_interfaces/lib/libsjtu_drone_interfaces__rosidl_typesupport_introspection_c.so" to ""
[2.197s] -- Installing: /home/j/INCSL/IICC26_ws/install/sjtu_drone_interfaces/lib/libsjtu_drone_interfaces__rosidl_typesupport_c.so
[2.197s] -- Set runtime path of "/home/j/INCSL/IICC26_ws/install/sjtu_drone_interfaces/lib/libsjtu_drone_interfaces__rosidl_typesupport_c.so" to ""
[2.197s] -- Up-to-date: /home/j/INCSL/IICC26_ws/install/sjtu_drone_interfaces/include/sjtu_drone_interfaces/sjtu_drone_interfaces
[2.197s] -- Up-to-date: /home/j/INCSL/IICC26_ws/install/sjtu_drone_interfaces/include/sjtu_drone_interfaces/sjtu_drone_interfaces/srv
[2.197s] -- Installing: /home/j/INCSL/IICC26_ws/install/sjtu_drone_interfaces/include/sjtu_drone_interfaces/sjtu_drone_interfaces/srv/set_wind.hpp
[2.197s] -- Up-to-date: /home/j/INCSL/IICC26_ws/install/sjtu_drone_interfaces/include/sjtu_drone_interfaces/sjtu_drone_interfaces/srv/detail
[2.197s] -- Installing: /home/j/INCSL/IICC26_ws/install/sjtu_drone_interfaces/include/sjtu_drone_interfaces/sjtu_drone_interfaces/srv/detail/set_wind__type_support.hpp
[2.198s] -- Installing: /home/j/INCSL/IICC26_ws/install/sjtu_drone_interfaces/include/sjtu_drone_interfaces/sjtu_drone_interfaces/srv/detail/set_wind__struct.hpp
[2.198s] -- Installing: /home/j/INCSL/IICC26_ws/install/sjtu_drone_interfaces/include/sjtu_drone_interfaces/sjtu_drone_interfaces/srv/detail/set_wind__traits.hpp
[2.198s] -- Installing: /home/j/INCSL/IICC26_ws/install/sjtu_drone_interfaces/include/sjtu_drone_interfaces/sjtu_drone_interfaces/srv/detail/set_wind__builder.hpp
[2.198s] -- Up-to-date: /home/j/INCSL/IICC26_ws/install/sjtu_drone_interfaces/include/sjtu_drone_interfaces/sjtu_drone_interfaces/msg
[2.198s] -- Installing: /home/j/INCSL/IICC26_ws/install/sjtu_drone_interfaces/include/sjtu_drone_interfaces/sjtu_drone_interfaces/msg/rosidl_generator_cpp__visibility_control.hpp
[2.198s] -- Up-to-date: /home/j/INCSL/IICC26_ws/install/sjtu_drone_interfaces/include/sjtu_drone_interfaces/sjtu_drone_interfaces
[2.198s] -- Up-to-date: /home/j/INCSL/IICC26_ws/install/sjtu_drone_interfaces/include/sjtu_drone_interfaces/sjtu_drone_interfaces/srv
[2.198s] -- Up-to-date: /home/j/INCSL/IICC26_ws/install/sjtu_drone_interfaces/include/sjtu_drone_interfaces/sjtu_drone_interfaces/srv/detail
[2.198s] -- Installing: /home/j/INCSL/IICC26_ws/install/sjtu_drone_interfaces/include/sjtu_drone_interfaces/sjtu_drone_interfaces/srv/detail/dds_fastrtps
[2.198s] -- Installing: /home/j/INCSL/IICC26_ws/install/sjtu_drone_interfaces/include/sjtu_drone_interfaces/sjtu_drone_interfaces/srv/detail/set_wind__rosidl_typesupport_fastrtps_cpp.hpp
[2.198s] -- Up-to-date: /home/j/INCSL/IICC26_ws/install/sjtu_drone_interfaces/include/sjtu_drone_interfaces/sjtu_drone_interfaces/msg
[2.198s] -- Installing: /home/j/INCSL/IICC26_ws/install/sjtu_drone_interfaces/include/sjtu_drone_interfaces/sjtu_drone_interfaces/msg/rosidl_typesupport_fastrtps_cpp__visibility_control.h
[2.198s] -- Installing: /home/j/INCSL/IICC26_ws/install/sjtu_drone_interfaces/lib/libsjtu_drone_interfaces__rosidl_typesupport_fastrtps_cpp.so
[2.198s] -- Set runtime path of "/home/j/INCSL/IICC26_ws/install/sjtu_drone_interfaces/lib/libsjtu_drone_interfaces__rosidl_typesupport_fastrtps_cpp.so" to ""
[2.198s] -- Up-to-date: /home/j/INCSL/IICC26_ws/install/sjtu_drone_interfaces/include/sjtu_drone_interfaces/sjtu_drone_interfaces
[2.198s] -- Up-to-date: /home/j/INCSL/IICC26_ws/install/sjtu_drone_interfaces/include/sjtu_drone_interfaces/sjtu_drone_interfaces/srv
[2.198s] -- Up-to-date: /home/j/INCSL/IICC26_ws/install/sjtu_drone_interfaces/include/sjtu_drone_interfaces/sjtu_drone_interfaces/srv/detail
[2.198s] -- Installing: /home/j/INCSL/IICC26_ws/install/sjtu_drone_interfaces/include/sjtu_drone_interfaces/sjtu_drone_interfaces/srv/detail/set_wind__type_support.cpp
[2.198s] -- Installing: /home/j/INCSL/IICC26_ws/install/sjtu_drone_interfaces/include/sjtu_drone_interfaces/sjtu_drone_interfaces/srv/detail/set_wind__rosidl_typesupport_introspection_cpp.hpp
[2.198s] -- Installing: /home/j/INCSL/IICC26_ws/install/sjtu_drone_interfaces/lib/libsjtu_drone_interfaces__rosidl_typesupport_introspection_cpp.so
[2.198s] -- Set runtime path of "/home/j/INCSL/IICC26_ws/install/sjtu_drone_interfaces/lib/libsjtu_drone_interfaces__rosidl_typesupport_introspection_cpp.so" to ""
[2.198s] -- Installing: /home/j/INCSL/IICC26_ws/install/sjtu_drone_interfaces/lib/libsjtu_drone_interfaces__rosidl_typesupport_cpp.so
[2.199s] -- Set runtime path of "/home/j/INCSL/IICC26_ws/install/sjtu_drone_interfaces/lib/libsjtu_drone_interfaces__rosidl_typesupport_cpp.so" to ""
[2.199s] -- Installing: /home/j/INCSL/IICC26_ws/install/sjtu_drone_interfaces/share/sjtu_drone_interfaces/environment/pythonpath.sh
[2.199s] -- Installing: /home/j/INCSL/IICC26_ws/install/sjtu_drone_interfaces/share/sjtu_drone_interfaces/environment/pythonpath.dsv
[2.199s] -- Installing: /home/j/INCSL/IICC26_ws/install/sjtu_drone_interfaces/local/lib/python3.10/dist-packages/sjtu_drone_interfaces-0.0.0-py3.10.egg-info
[2.199s] -- Installing: /home/j/INCSL/IICC26_ws/install/sjtu_drone_interfaces/local/lib/python3.10/dist-packages/sjtu_drone_interfaces-0.0.0-py3.10.egg-info/top_level.txt
[2.199s] -- Installing: /home/j/INCSL/IICC26_ws/install/sjtu_drone_interfaces/local/lib/python3.10/dist-packages/sjtu_drone_interfaces-0.0.0-py3.10.egg-info/dependency_links.txt
[2.199s] -- Installing: /home/j/INCSL/IICC26_ws/install/sjtu_drone_interfaces/local/lib/python3.10/dist-packages/sjtu_drone_interfaces-0.0.0-py3.10.egg-info/PKG-INFO
[2.199s] -- Installing: /home/j/INCSL/IICC26_ws/install/sjtu_drone_interfaces/local/lib/python3.10/dist-packages/sjtu_drone_interfaces-0.0.0-py3.10.egg-info/SOURCES.txt
[2.199s] -- Installing: /home/j/INCSL/IICC26_ws/install/sjtu_drone_interfaces/local/lib/python3.10/dist-packages/sjtu_drone_interfaces
[2.199s] -- Installing: /home/j/INCSL/IICC26_ws/install/sjtu_drone_interfaces/local/lib/python3.10/dist-packages/sjtu_drone_interfaces/sjtu_drone_interfaces_s__rosidl_typesupport_c.cpython-310-x86_64-linux-gnu.so
[2.199s] -- Installing: /home/j/INCSL/IICC26_ws/install/sjtu_drone_interfaces/local/lib/python3.10/dist-packages/sjtu_drone_interfaces/srv
[2.199s] -- Installing: /home/j/INCSL/IICC26_ws/install/sjtu_drone_interfaces/local/lib/python3.10/dist-packages/sjtu_drone_interfaces/srv/_set_wind.py
[2.199s] -- Installing: /home/j/INCSL/IICC26_ws/install/sjtu_drone_interfaces/local/lib/python3.10/dist-packages/sjtu_drone_interfaces/srv/_set_wind_s.c
[2.199s] -- Installing: /home/j/INCSL/IICC26_ws/install/sjtu_drone_interfaces/local/lib/python3.10/dist-packages/sjtu_drone_interfaces/srv/__init__.py
[2.199s] -- Installing: /home/j/INCSL/IICC26_ws/install/sjtu_drone_interfaces/local/lib/python3.10/dist-packages/sjtu_drone_interfaces/_sjtu_drone_interfaces_s.ep.rosidl_typesupport_introspection_c.c
[2.199s] -- Installing: /home/j/INCSL/IICC26_ws/install/sjtu_drone_interfaces/local/lib/python3.10/dist-packages/sjtu_drone_interfaces/sjtu_drone_interfaces_s__rosidl_typesupport_fastrtps_c.cpython-310-x86_64-linux-gnu.so
[2.199s] -- Installing: /home/j/INCSL/IICC26_ws/install/sjtu_drone_interfaces/local/lib/python3.10/dist-packages/sjtu_drone_interfaces/_sjtu_drone_interfaces_s.ep.rosidl_typesupport_c.c
[2.199s] -- Installing: /home/j/INCSL/IICC26_ws/install/sjtu_drone_interfaces/local/lib/python3.10/dist-packages/sjtu_drone_interfaces/libsjtu_drone_interfaces__rosidl_generator_py.so
[2.199s] -- Installing: /home/j/INCSL/IICC26_ws/install/sjtu_drone_interfaces/local/lib/python3.10/dist-packages/sjtu_drone_interfaces/sjtu_drone_interfaces_s__rosidl_typesupport_introspection_c.cpython-310-x86_64-linux-gnu.so
[2.199s] -- Installing: /home/j/INCSL/IICC26_ws/install/sjtu_drone_interfaces/local/lib/python3.10/dist-packages/sjtu_drone_interfaces/_sjtu_drone_interfaces_s.ep.rosidl_typesupport_fastrtps_c.c
[2.199s] -- Installing: /home/j/INCSL/IICC26_ws/install/sjtu_drone_interfaces/local/lib/python3.10/dist-packages/sjtu_drone_interfaces/__init__.py
[2.221s] Listing '/home/j/INCSL/IICC26_ws/install/sjtu_drone_interfaces/local/lib/python3.10/dist-packages/sjtu_drone_interfaces'...
[2.221s] Compiling '/home/j/INCSL/IICC26_ws/install/sjtu_drone_interfaces/local/lib/python3.10/dist-packages/sjtu_drone_interfaces/__init__.py'...
[2.221s] Listing '/home/j/INCSL/IICC26_ws/install/sjtu_drone_interfaces/local/lib/python3.10/dist-packages/sjtu_drone_interfaces/srv'...
[2.221s] Compiling '/home/j/INCSL/IICC26_ws/install/sjtu_drone_interfaces/local/lib/python3.10/dist-packages/sjtu_drone_interfaces/srv/__init__.py'...
[2.221s] Compiling '/home/j/INCSL/IICC26_ws/install/sjtu_drone_interfaces/local/lib/python3.10/dist-packages/sjtu_drone_interfaces/srv/_set_wind.py'...
[2.224s] -- Installing: /home/j/INCSL/IICC26_ws/install/sjtu_drone_interfaces/local/lib/python3.10/dist-packages/sjtu_drone_interfaces/sjtu_drone_interfaces_s__rosidl_typesupport_fastrtps_c.cpython-310-x86_64-linux-gnu.so
[2.224s] -- Set runtime path of "/home/j/INCSL/IICC26_ws/install/sjtu_drone_interfaces/local/lib/python3.10/dist-packages/sjtu_drone_interfaces/sjtu_drone_interfaces_s__rosidl_typesupport_fastrtps_c.cpython-310-x86_64-linux-gnu.so" to ""
[2.224s] -- Installing: /home/j/INCSL/IICC26_ws/install/sjtu_drone_interfaces/local/lib/python3.10/dist-packages/sjtu_drone_interfaces/sjtu_drone_interfaces_s__rosidl_typesupport_introspection_c.cpython-310-x86_64-linux-gnu.so
[2.224s] -- Set runtime path of "/home/j/INCSL/IICC26_ws/install/sjtu_drone_interfaces/local/lib/python3.10/dist-packages/sjtu_drone_interfaces/sjtu_drone_interfaces_s__rosidl_typesupport_introspection_c.cpython-310-x86_64-linux-gnu.so" to ""
[2.224s] -- Installing: /home/j/INCSL/IICC26_ws/install/sjtu_drone_interfaces/local/lib/python3.10/dist-packages/sjtu_drone_interfaces/sjtu_drone_interfaces_s__rosidl_typesupport_c.cpython-310-x86_64-linux-gnu.so
[2.224s] -- Set runtime path of "/home/j/INCSL/IICC26_ws/install/sjtu_drone_interfaces/local/lib/python3.10/dist-packages/sjtu_drone_interfaces/sjtu_drone_interfaces_s__rosidl_typesupport_c.cpython-310-x86_64-linux-gnu.so" to ""
[2.224s] -- Installing: /home/j/INCSL/IICC26_ws/install/sjtu_drone_interfaces/lib/libsjtu_drone_interfaces__rosidl_generator_py.so
[2.224s] -- Set runtime path of "/home/j/INCSL/IICC26_ws/install/sjtu_drone_interfaces/lib/libsjtu_drone_interfaces__rosidl_generator_py.so" to ""
[2.224s] -- Installing: /home/j/INCSL/IICC26_ws/install/sjtu_drone_interfaces/share/sjtu_drone_interfaces/srv/SetWind.idl
[2.224s] -- Installing: /home/j/INCSL/IICC26_ws/install/sjtu_drone_interfaces/share/sjtu_drone_interfaces/srv/SetWind.srv
[2.225s] -- Installing: /home/j/INCSL/IICC26_ws/install/sjtu_drone_interfaces/share/sjtu_drone_interfaces/srv/SetWind_Request.msg
[2.225s] -- Installing: /home/j/INCSL/IICC26_ws/install/sjtu_drone_interfaces/share/sjtu_drone_interfaces/srv/SetWind_Response.msg
[2.225s] -- Installing: /home/j/INCSL/IICC26_ws/install/sjtu_drone_interfaces/share/ament_index/resource_index/package_run_dependencies/sjtu_drone_interfaces
[2.225s] -- Installing: /home/j/INCSL/IICC26_ws/install/sjtu_drone_interfaces/share/ament_index/resource_index/parent_prefix_path/sjtu_drone_interfaces
[2.225s] -- Installing: /home/j/INCSL/IICC26_ws/install/sjtu_drone_interfaces/share/sjtu_drone_interfaces/environment/ament_prefix_path.sh
[2.225s] -- Installing: /home/j/INCSL/IICC26_ws/install/sjtu_drone_interfaces/share/sjtu_drone_interfaces/environment/ament_prefix_path.dsv
[2.225s] -- Installing: /home/j/INCSL/IICC26_ws/install/sjtu_drone_interfaces/share/sjtu_drone_interfaces/environment/path.sh
[2.225s] -- Installing: /home/j/INCSL/IICC26_ws/install/sjtu_drone_interfaces/share/sjtu_drone_interfaces/environment/path.dsv
[2.225s] -- Installing: /home/j/INCSL/IICC26_ws/install/sjtu_drone_interfaces/share/sjtu_drone_interfaces/local_setup.bash
[2.225s] -- Installing: /home/j/INCSL/IICC26_ws/install/sjtu_drone_interfaces/share/sjtu_drone_interfaces/local_setup.sh
[2.225s] -- Installing: /home/j/INCSL/IICC26_ws/install/sjtu_drone_interfaces/share/sjtu_drone_interfaces/local_setup.zsh
[2.225s] -- Installing: /home/j/INCSL/IICC26_ws/install/sjtu_drone_interfaces/share/sjtu_drone_interfaces/local_setup.dsv
[2.226s] -- Installing: /home/j/INCSL/IICC26_ws/install/sjtu_drone_interfaces/share/sjtu_drone_interfaces/package.dsv
[2.226s] -- Installing: /home/j/INCSL/IICC26_ws/install/sjtu_drone_interfaces/share/ament_index/resource_index/packages/sjtu_drone_interfaces
[2.226s] -- Installing: /home/j/INCSL/IICC26_ws/install/sjtu_drone_interfaces/share/sjtu_drone_interfaces/cmake/export_sjtu_drone_interfaces__rosidl_generator_cExport.cmake
[2.226s] -- Installing: /home/j/INCSL/IICC26_ws/install/sjtu_drone_interfaces/share/sjtu_drone_interfaces/cmake/export_sjtu_drone_interfaces__rosidl_generator_cExport-noconfig.cmake
[2.226s] -- Installing: /home/j/INCSL/IICC26_ws/install/sjtu_drone_interfaces/share/sjtu_drone_interfaces/cmake/export_sjtu_drone_interfaces__rosidl_typesupport_fastrtps_cExport.cmake
[2.226s] -- Installing: /home/j/INCSL/IICC26_ws/install/sjtu_drone_interfaces/share/sjtu_drone_interfaces/cmake/export_sjtu_drone_interfaces__rosidl_typesupport_fastrtps_cExport-noconfig.cmake
[2.226s] -- Installing: /home/j/INCSL/IICC26_ws/install/sjtu_drone_interfaces/share/sjtu_drone_interfaces/cmake/sjtu_drone_interfaces__rosidl_typesupport_introspection_cExport.cmake
[2.226s] -- Installing: /home/j/INCSL/IICC26_ws/install/sjtu_drone_interfaces/share/sjtu_drone_interfaces/cmake/sjtu_drone_interfaces__rosidl_typesupport_introspection_cExport-noconfig.cmake
[2.226s] -- Installing: /home/j/INCSL/IICC26_ws/install/sjtu_drone_interfaces/share/sjtu_drone_interfaces/cmake/sjtu_drone_interfaces__rosidl_typesupport_cExport.cmake
[2.226s] -- Installing: /home/j/INCSL/IICC26_ws/install/sjtu_drone_interfaces/share/sjtu_drone_interfaces/cmake/sjtu_drone_interfaces__rosidl_typesupport_cExport-noconfig.cmake
[2.226s] -- Installing: /home/j/INCSL/IICC26_ws/install/sjtu_drone_interfaces/share/sjtu_drone_interfaces/cmake/export_sjtu_drone_interfaces__rosidl_generator_cppExport.cmake
[2.226s] -- Installing: /home/j/INCSL/IICC26_ws/install/sjtu_drone_interfaces/share/sjtu_drone_interfaces/cmake/export_sjtu_drone_interfaces__rosidl_typesupport_fastrtps_cppExport.cmake
[2.226s] -- Installing: /home/j/INCSL/IICC26_ws/install/sjtu_drone_interfaces/share/sjtu_drone_interfaces/cmake/export_sjtu_drone_interfaces__rosidl_typesupport_fastrtps_cppExport-noconfig.cmake
[2.226s] -- Installing: /home/j/INCSL/IICC26_ws/install/sjtu_drone_interfaces/share/sjtu_drone_interfaces/cmake/sjtu_drone_interfaces__rosidl_typesupport_introspection_cppExport.cmake
[2.226s] -- Installing: /home/j/INCSL/IICC26_ws/install/sjtu_drone_interfaces/share/sjtu_drone_interfaces/cmake/sjtu_drone_interfaces__rosidl_typesupport_introspection_cppExport-noconfig.cmake
[2.226s] -- Installing: /home/j/INCSL/IICC26_ws/install/sjtu_drone_interfaces/share/sjtu_drone_interfaces/cmake/sjtu_drone_interfaces__rosidl_typesupport_cppExport.cmake
[2.227s] -- Installing: /home/j/INCSL/IICC26_ws/install/sjtu_drone_interfaces/share/sjtu_drone_interfaces/cmake/sjtu_drone_interfaces__rosidl_typesupport_cppExport-noconfig.cmake
[2.227s] -- Installing: /home/j/INCSL/IICC26_ws/install/sjtu_drone_interfaces/share/sjtu_drone_interfaces/cmake/export_sjtu_drone_interfaces__rosidl_generator_pyExport.cmake
[2.227s] -- Installing: /home/j/INCSL/IICC26_ws/install/sjtu_drone_interfaces/share/sjtu_drone_interfaces/cmake/export_sjtu_drone_interfaces__rosidl_generator_pyExport-noconfig.cmake
[2.227s] -- Installing: /home/j/INCSL/IICC26_ws/install/sjtu_drone_interfaces/share/sjtu_drone_interfaces/cmake/rosidl_cmake-extras.cmake
[2.227s] -- Installing: /home/j/INCSL/IICC26_ws/install/sjtu_drone_interfaces/share/sjtu_drone_interfaces/cmake/ament_cmake_export_include_directories-extras.cmake
[2.227s] -- Installing: /home/j/INCSL/IICC26_ws/install/sjtu_drone_interfaces/share/sjtu_drone_interfaces/cmake/ament_cmake_export_libraries-extras.cmake
[2.227s] -- Installing: /home/j/INCSL/IICC26_ws/install/sjtu_drone_interfaces/share/sjtu_drone_interfaces/cmake/ament_cmake_export_targets-extras.cmake
[2.227s] -- Installing: /home/j/INCSL/IICC26_ws/install/sjtu_drone_interfaces/share/sjtu_drone_interfaces/cmake/rosidl_cmake_export_typesupport_targets-extras.cmake
[2.227s] -- Installing: /home/j/INCSL/IICC26_ws/install/sjtu_drone_interfaces/share/sjtu_drone_interfaces/cmake/ament_cmake_export_dependencies-extras.cmake
[2.227s] -- Installing: /home/j/INCSL/IICC26_ws/install/sjtu_drone_interfaces/share/sjtu_drone_interfaces/cmake/rosidl_cmake_export_typesupport_libraries-extras.cmake
[2.227s] -- Installing: /home/j/INCSL/IICC26_ws/install/sjtu_drone_interfaces/share/sjtu_drone_interfaces/cmake/sjtu_drone_interfacesConfig.cmake
[2.227s] -- Installing: /home/j/INCSL/IICC26_ws/install/sjtu_drone_interfaces/share/sjtu_drone_interfaces/cmake/sjtu_drone_interfacesConfig-version.cmake
[2.227s] -- Installing: /home/j/INCSL/IICC26_ws/install/sjtu_drone_interfaces/share/sjtu_drone_interfaces/package.xml
[2.229s] Invoked command in '/home/j/INCSL/IICC26_ws/build/sjtu_drone_interfaces' returned '0': CMAKE_PREFIX_PATH=/opt/ros/humble /usr/bin/cmake --install /home/j/INCSL/IICC26_ws/build/sjtu_drone_interfaces
