[0.392s] Invoking command in '/home/j/INCSL/IICC26_ws/src/sjtu_drone-ros2/sjtu_drone_bringup': PYTHONPATH=/home/j/INCSL/IICC26_ws/build/sjtu_drone_bringup/prefix_override:/usr/lib/python3/dist-packages/colcon_core/task/python/colcon_distutils_commands:/home/j/INCSL/IICC26_ws/install/sjtu_drone_bringup/lib/python3.10/site-packages:${PYTHONPATH} /usr/bin/python3 -W ignore:setup.py install is deprecated -W ignore:easy_install command is deprecated setup.py egg_info --egg-base ../../../build/sjtu_drone_bringup build --build-base /home/j/INCSL/IICC26_ws/build/sjtu_drone_bringup/build install --record /home/j/INCSL/IICC26_ws/build/sjtu_drone_bringup/install.log --single-version-externally-managed install_data
[0.542s] running egg_info
[0.552s] creating ../../../build/sjtu_drone_bringup/sjtu_drone_bringup.egg-info
[0.552s] writing ../../../build/sjtu_drone_bringup/sjtu_drone_bringup.egg-info/PKG-INFO
[0.552s] writing dependency_links to ../../../build/sjtu_drone_bringup/sjtu_drone_bringup.egg-info/dependency_links.txt
[0.552s] writing entry points to ../../../build/sjtu_drone_bringup/sjtu_drone_bringup.egg-info/entry_points.txt
[0.553s] writing requirements to ../../../build/sjtu_drone_bringup/sjtu_drone_bringup.egg-info/requires.txt
[0.553s] writing top-level names to ../../../build/sjtu_drone_bringup/sjtu_drone_bringup.egg-info/top_level.txt
[0.553s] writing manifest file '../../../build/sjtu_drone_bringup/sjtu_drone_bringup.egg-info/SOURCES.txt'
[0.574s] reading manifest file '../../../build/sjtu_drone_bringup/sjtu_drone_bringup.egg-info/SOURCES.txt'
[0.574s] writing manifest file '../../../build/sjtu_drone_bringup/sjtu_drone_bringup.egg-info/SOURCES.txt'
[0.574s] running build
[0.575s] running build_py
[0.575s] creating /home/j/INCSL/IICC26_ws/build/sjtu_drone_bringup/build/lib/sjtu_drone_bringup
[0.575s] copying sjtu_drone_bringup/apriltag_state_bridge.py -> /home/j/INCSL/IICC26_ws/build/sjtu_drone_bringup/build/lib/sjtu_drone_bringup
[0.575s] copying sjtu_drone_bringup/__init__.py -> /home/j/INCSL/IICC26_ws/build/sjtu_drone_bringup/build/lib/sjtu_drone_bringup
[0.575s] copying sjtu_drone_bringup/spawn_drone.py -> /home/j/INCSL/IICC26_ws/build/sjtu_drone_bringup/build/lib/sjtu_drone_bringup
[0.575s] running install
[0.577s] running install_lib
[0.588s] creating /home/j/INCSL/IICC26_ws/install/sjtu_drone_bringup/lib/python3.10/site-packages/sjtu_drone_bringup
[0.588s] copying /home/j/INCSL/IICC26_ws/build/sjtu_drone_bringup/build/lib/sjtu_drone_bringup/apriltag_state_bridge.py -> /home/j/INCSL/IICC26_ws/install/sjtu_drone_bringup/lib/python3.10/site-packages/sjtu_drone_bringup
[0.589s] copying /home/j/INCSL/IICC26_ws/build/sjtu_drone_bringup/build/lib/sjtu_drone_bringup/__init__.py -> /home/j/INCSL/IICC26_ws/install/sjtu_drone_bringup/lib/python3.10/site-packages/sjtu_drone_bringup
[0.589s] copying /home/j/INCSL/IICC26_ws/build/sjtu_drone_bringup/build/lib/sjtu_drone_bringup/spawn_drone.py -> /home/j/INCSL/IICC26_ws/install/sjtu_drone_bringup/lib/python3.10/site-packages/sjtu_drone_bringup
[0.589s] byte-compiling /home/j/INCSL/IICC26_ws/install/sjtu_drone_bringup/lib/python3.10/site-packages/sjtu_drone_bringup/apriltag_state_bridge.py to apriltag_state_bridge.cpython-310.pyc
[0.590s] byte-compiling /home/j/INCSL/IICC26_ws/install/sjtu_drone_bringup/lib/python3.10/site-packages/sjtu_drone_bringup/__init__.py to __init__.cpython-310.pyc
[0.590s] byte-compiling /home/j/INCSL/IICC26_ws/install/sjtu_drone_bringup/lib/python3.10/site-packages/sjtu_drone_bringup/spawn_drone.py to spawn_drone.cpython-310.pyc
[0.590s] running install_data
[0.590s] creating /home/j/INCSL/IICC26_ws/install/sjtu_drone_bringup/share/ament_index/resource_index/packages
[0.590s] copying resource/sjtu_drone_bringup -> /home/j/INCSL/IICC26_ws/install/sjtu_drone_bringup/share/ament_index/resource_index/packages
[0.590s] copying package.xml -> /home/j/INCSL/IICC26_ws/install/sjtu_drone_bringup/share/sjtu_drone_bringup
[0.591s] creating /home/j/INCSL/IICC26_ws/install/sjtu_drone_bringup/share/sjtu_drone_bringup/launch
[0.591s] copying launch/sjtu_drone_gazebo.launch.py -> /home/j/INCSL/IICC26_ws/install/sjtu_drone_bringup/share/sjtu_drone_bringup/launch
[0.591s] copying launch/sjtu_drone_parallel.launch.py -> /home/j/INCSL/IICC26_ws/install/sjtu_drone_bringup/share/sjtu_drone_bringup/launch
[0.591s] copying launch/wind_publisher_launch.py -> /home/j/INCSL/IICC26_ws/install/sjtu_drone_bringup/share/sjtu_drone_bringup/launch
[0.591s] copying launch/sjtu_drone_bringup.launch.py -> /home/j/INCSL/IICC26_ws/install/sjtu_drone_bringup/share/sjtu_drone_bringup/launch
[0.591s] creating /home/j/INCSL/IICC26_ws/install/sjtu_drone_bringup/share/sjtu_drone_bringup/rviz
[0.591s] copying rviz/rviz.rviz -> /home/j/INCSL/IICC26_ws/install/sjtu_drone_bringup/share/sjtu_drone_bringup/rviz
[0.591s] creating /home/j/INCSL/IICC26_ws/install/sjtu_drone_bringup/share/sjtu_drone_bringup/config
[0.591s] copying config/drone.yaml -> /home/j/INCSL/IICC26_ws/install/sjtu_drone_bringup/share/sjtu_drone_bringup/config
[0.591s] running install_egg_info
[0.605s] Copying ../../../build/sjtu_drone_bringup/sjtu_drone_bringup.egg-info to /home/j/INCSL/IICC26_ws/install/sjtu_drone_bringup/lib/python3.10/site-packages/sjtu_drone_bringup-0.0.0-py3.10.egg-info
[0.605s] running install_scripts
[0.630s] Installing apriltag_state_bridge script to /home/j/INCSL/IICC26_ws/install/sjtu_drone_bringup/bin
[0.630s] Installing spawn_drone script to /home/j/INCSL/IICC26_ws/install/sjtu_drone_bringup/bin
[0.635s] writing list of installed files to '/home/j/INCSL/IICC26_ws/build/sjtu_drone_bringup/install.log'
[0.649s] Invoked command in '/home/j/INCSL/IICC26_ws/src/sjtu_drone-ros2/sjtu_drone_bringup' returned '0': PYTHONPATH=/home/j/INCSL/IICC26_ws/build/sjtu_drone_bringup/prefix_override:/usr/lib/python3/dist-packages/colcon_core/task/python/colcon_distutils_commands:/home/j/INCSL/IICC26_ws/install/sjtu_drone_bringup/lib/python3.10/site-packages:${PYTHONPATH} /usr/bin/python3 -W ignore:setup.py install is deprecated -W ignore:easy_install command is deprecated setup.py egg_info --egg-base ../../../build/sjtu_drone_bringup build --build-base /home/j/INCSL/IICC26_ws/build/sjtu_drone_bringup/build install --record /home/j/INCSL/IICC26_ws/build/sjtu_drone_bringup/install.log --single-version-externally-managed install_data
