[0.065s] DEBUG:colcon:Command line arguments: ['/usr/bin/colcon', 'build', '--packages-select', 'sjtu_drone_interfaces']
[0.065s] DEBUG:colcon:Parsed command line arguments: Namespace(log_base=None, log_level=None, verb_name='build', build_base='build', install_base='install', merge_install=False, symlink_install=False, test_result_base=None, continue_on_error=False, executor='parallel', parallel_workers=20, event_handlers=None, ignore_user_meta=False, metas=['./colcon.meta'], base_paths=['.'], packages_ignore=None, packages_ignore_regex=None, paths=None, packages_up_to=None, packages_up_to_regex=None, packages_above=None, packages_above_and_dependencies=None, packages_above_depth=None, packages_select_by_dep=None, packages_skip_by_dep=None, packages_skip_up_to=None, packages_select_build_failed=False, packages_skip_build_finished=False, packages_select_test_failures=False, packages_skip_test_passed=False, packages_select=['sjtu_drone_interfaces'], packages_skip=None, packages_select_regex=None, packages_skip_regex=None, packages_start=None, packages_end=None, allow_overriding=[], cmake_args=None, cmake_target=None, cmake_target_skip_unavailable=False, cmake_clean_cache=False, cmake_clean_first=False, cmake_force_configure=False, ament_cmake_args=None, catkin_cmake_args=None, catkin_skip_building_tests=False, mixin_files=None, mixin=None, verb_parser=<colcon_mixin.mixin.mixin_argument.MixinArgumentDecorator object at 0x7f0f1c1aea70>, verb_extension=<colcon_core.verb.build.BuildVerb object at 0x7f0f1c293b80>, main=<bound method BuildVerb.main of <colcon_core.verb.build.BuildVerb object at 0x7f0f1c293b80>>, mixin_verb=('build',))
[0.094s] Level 1:colcon.colcon_core.package_discovery:discover_packages(colcon_meta) check parameters
[0.094s] Level 1:colcon.colcon_core.package_discovery:discover_packages(recursive) check parameters
[0.094s] Level 1:colcon.colcon_core.package_discovery:discover_packages(ignore) check parameters
[0.094s] Level 1:colcon.colcon_core.package_discovery:discover_packages(path) check parameters
[0.094s] Level 1:colcon.colcon_core.package_discovery:discover_packages(colcon_meta) discover
[0.094s] Level 1:colcon.colcon_core.package_discovery:discover_packages(recursive) discover
[0.094s] INFO:colcon.colcon_core.package_discovery:Crawling recursively for packages in '/home/j/INCSL/IICC26_ws'
[0.094s] Level 1:colcon.colcon_core.package_identification:_identify(.) by extensions ['ignore', 'ignore_ament_install']
[0.094s] Level 1:colcon.colcon_core.package_identification:_identify(.) by extension 'ignore'
[0.094s] Level 1:colcon.colcon_core.package_identification:_identify(.) by extension 'ignore_ament_install'
[0.094s] Level 1:colcon.colcon_core.package_identification:_identify(.) by extensions ['colcon_pkg']
[0.094s] Level 1:colcon.colcon_core.package_identification:_identify(.) by extension 'colcon_pkg'
[0.094s] Level 1:colcon.colcon_core.package_identification:_identify(.) by extensions ['colcon_meta']
[0.094s] Level 1:colcon.colcon_core.package_identification:_identify(.) by extension 'colcon_meta'
[0.094s] Level 1:colcon.colcon_core.package_identification:_identify(.) by extensions ['ros']
[0.094s] Level 1:colcon.colcon_core.package_identification:_identify(.) by extension 'ros'
[0.105s] Level 1:colcon.colcon_core.package_identification:_identify(.) by extensions ['cmake', 'python']
[0.105s] Level 1:colcon.colcon_core.package_identification:_identify(.) by extension 'cmake'
[0.105s] Level 1:colcon.colcon_core.package_identification:_identify(.) by extension 'python'
[0.105s] Level 1:colcon.colcon_core.package_identification:_identify(.) by extensions ['python_setup_py']
[0.105s] Level 1:colcon.colcon_core.package_identification:_identify(.) by extension 'python_setup_py'
[0.105s] Level 1:colcon.colcon_core.package_identification:_identify(build) by extensions ['ignore', 'ignore_ament_install']
[0.105s] Level 1:colcon.colcon_core.package_identification:_identify(build) by extension 'ignore'
[0.105s] Level 1:colcon.colcon_core.package_identification:_identify(build) ignored
[0.105s] Level 1:colcon.colcon_core.package_identification:_identify(install) by extensions ['ignore', 'ignore_ament_install']
[0.105s] Level 1:colcon.colcon_core.package_identification:_identify(install) by extension 'ignore'
[0.105s] Level 1:colcon.colcon_core.package_identification:_identify(install) ignored
[0.105s] Level 1:colcon.colcon_core.package_identification:_identify(log) by extensions ['ignore', 'ignore_ament_install']
[0.105s] Level 1:colcon.colcon_core.package_identification:_identify(log) by extension 'ignore'
[0.105s] Level 1:colcon.colcon_core.package_identification:_identify(log) ignored
[0.106s] Level 1:colcon.colcon_core.package_identification:_identify(src) by extensions ['ignore', 'ignore_ament_install']
[0.106s] Level 1:colcon.colcon_core.package_identification:_identify(src) by extension 'ignore'
[0.106s] Level 1:colcon.colcon_core.package_identification:_identify(src) by extension 'ignore_ament_install'
[0.106s] Level 1:colcon.colcon_core.package_identification:_identify(src) by extensions ['colcon_pkg']
[0.106s] Level 1:colcon.colcon_core.package_identification:_identify(src) by extension 'colcon_pkg'
[0.106s] Level 1:colcon.colcon_core.package_identification:_identify(src) by extensions ['colcon_meta']
[0.106s] Level 1:colcon.colcon_core.package_identification:_identify(src) by extension 'colcon_meta'
[0.106s] Level 1:colcon.colcon_core.package_identification:_identify(src) by extensions ['ros']
[0.106s] Level 1:colcon.colcon_core.package_identification:_identify(src) by extension 'ros'
[0.106s] Level 1:colcon.colcon_core.package_identification:_identify(src) by extensions ['cmake', 'python']
[0.106s] Level 1:colcon.colcon_core.package_identification:_identify(src) by extension 'cmake'
[0.106s] Level 1:colcon.colcon_core.package_identification:_identify(src) by extension 'python'
[0.106s] Level 1:colcon.colcon_core.package_identification:_identify(src) by extensions ['python_setup_py']
[0.106s] Level 1:colcon.colcon_core.package_identification:_identify(src) by extension 'python_setup_py'
[0.106s] Level 1:colcon.colcon_core.package_identification:_identify(src/sjtu_drone-ros2) by extensions ['ignore', 'ignore_ament_install']
[0.106s] Level 1:colcon.colcon_core.package_identification:_identify(src/sjtu_drone-ros2) by extension 'ignore'
[0.106s] Level 1:colcon.colcon_core.package_identification:_identify(src/sjtu_drone-ros2) by extension 'ignore_ament_install'
[0.106s] Level 1:colcon.colcon_core.package_identification:_identify(src/sjtu_drone-ros2) by extensions ['colcon_pkg']
[0.106s] Level 1:colcon.colcon_core.package_identification:_identify(src/sjtu_drone-ros2) by extension 'colcon_pkg'
[0.106s] Level 1:colcon.colcon_core.package_identification:_identify(src/sjtu_drone-ros2) by extensions ['colcon_meta']
[0.106s] Level 1:colcon.colcon_core.package_identification:_identify(src/sjtu_drone-ros2) by extension 'colcon_meta'
[0.106s] Level 1:colcon.colcon_core.package_identification:_identify(src/sjtu_drone-ros2) by extensions ['ros']
[0.106s] Level 1:colcon.colcon_core.package_identification:_identify(src/sjtu_drone-ros2) by extension 'ros'
[0.106s] Level 1:colcon.colcon_core.package_identification:_identify(src/sjtu_drone-ros2) by extensions ['cmake', 'python']
[0.106s] Level 1:colcon.colcon_core.package_identification:_identify(src/sjtu_drone-ros2) by extension 'cmake'
[0.106s] Level 1:colcon.colcon_core.package_identification:_identify(src/sjtu_drone-ros2) by extension 'python'
[0.106s] Level 1:colcon.colcon_core.package_identification:_identify(src/sjtu_drone-ros2) by extensions ['python_setup_py']
[0.106s] Level 1:colcon.colcon_core.package_identification:_identify(src/sjtu_drone-ros2) by extension 'python_setup_py'
[0.106s] Level 1:colcon.colcon_core.package_identification:_identify(src/sjtu_drone-ros2/imgs) by extensions ['ignore', 'ignore_ament_install']
[0.106s] Level 1:colcon.colcon_core.package_identification:_identify(src/sjtu_drone-ros2/imgs) by extension 'ignore'
[0.106s] Level 1:colcon.colcon_core.package_identification:_identify(src/sjtu_drone-ros2/imgs) by extension 'ignore_ament_install'
[0.106s] Level 1:colcon.colcon_core.package_identification:_identify(src/sjtu_drone-ros2/imgs) by extensions ['colcon_pkg']
[0.106s] Level 1:colcon.colcon_core.package_identification:_identify(src/sjtu_drone-ros2/imgs) by extension 'colcon_pkg'
[0.106s] Level 1:colcon.colcon_core.package_identification:_identify(src/sjtu_drone-ros2/imgs) by extensions ['colcon_meta']
[0.106s] Level 1:colcon.colcon_core.package_identification:_identify(src/sjtu_drone-ros2/imgs) by extension 'colcon_meta'
[0.106s] Level 1:colcon.colcon_core.package_identification:_identify(src/sjtu_drone-ros2/imgs) by extensions ['ros']
[0.106s] Level 1:colcon.colcon_core.package_identification:_identify(src/sjtu_drone-ros2/imgs) by extension 'ros'
[0.106s] Level 1:colcon.colcon_core.package_identification:_identify(src/sjtu_drone-ros2/imgs) by extensions ['cmake', 'python']
[0.107s] Level 1:colcon.colcon_core.package_identification:_identify(src/sjtu_drone-ros2/imgs) by extension 'cmake'
[0.107s] Level 1:colcon.colcon_core.package_identification:_identify(src/sjtu_drone-ros2/imgs) by extension 'python'
[0.107s] Level 1:colcon.colcon_core.package_identification:_identify(src/sjtu_drone-ros2/imgs) by extensions ['python_setup_py']
[0.107s] Level 1:colcon.colcon_core.package_identification:_identify(src/sjtu_drone-ros2/imgs) by extension 'python_setup_py'
[0.107s] Level 1:colcon.colcon_core.package_identification:_identify(src/sjtu_drone-ros2/launch) by extensions ['ignore', 'ignore_ament_install']
[0.107s] Level 1:colcon.colcon_core.package_identification:_identify(src/sjtu_drone-ros2/launch) by extension 'ignore'
[0.107s] Level 1:colcon.colcon_core.package_identification:_identify(src/sjtu_drone-ros2/launch) by extension 'ignore_ament_install'
[0.107s] Level 1:colcon.colcon_core.package_identification:_identify(src/sjtu_drone-ros2/launch) by extensions ['colcon_pkg']
[0.107s] Level 1:colcon.colcon_core.package_identification:_identify(src/sjtu_drone-ros2/launch) by extension 'colcon_pkg'
[0.107s] Level 1:colcon.colcon_core.package_identification:_identify(src/sjtu_drone-ros2/launch) by extensions ['colcon_meta']
[0.107s] Level 1:colcon.colcon_core.package_identification:_identify(src/sjtu_drone-ros2/launch) by extension 'colcon_meta'
[0.107s] Level 1:colcon.colcon_core.package_identification:_identify(src/sjtu_drone-ros2/launch) by extensions ['ros']
[0.107s] Level 1:colcon.colcon_core.package_identification:_identify(src/sjtu_drone-ros2/launch) by extension 'ros'
[0.107s] Level 1:colcon.colcon_core.package_identification:_identify(src/sjtu_drone-ros2/launch) by extensions ['cmake', 'python']
[0.107s] Level 1:colcon.colcon_core.package_identification:_identify(src/sjtu_drone-ros2/launch) by extension 'cmake'
[0.107s] Level 1:colcon.colcon_core.package_identification:_identify(src/sjtu_drone-ros2/launch) by extension 'python'
[0.107s] Level 1:colcon.colcon_core.package_identification:_identify(src/sjtu_drone-ros2/launch) by extensions ['python_setup_py']
[0.107s] Level 1:colcon.colcon_core.package_identification:_identify(src/sjtu_drone-ros2/launch) by extension 'python_setup_py'
[0.107s] Level 1:colcon.colcon_core.package_identification:_identify(src/sjtu_drone-ros2/matlab) by extensions ['ignore', 'ignore_ament_install']
[0.107s] Level 1:colcon.colcon_core.package_identification:_identify(src/sjtu_drone-ros2/matlab) by extension 'ignore'
[0.107s] Level 1:colcon.colcon_core.package_identification:_identify(src/sjtu_drone-ros2/matlab) by extension 'ignore_ament_install'
[0.107s] Level 1:colcon.colcon_core.package_identification:_identify(src/sjtu_drone-ros2/matlab) by extensions ['colcon_pkg']
[0.107s] Level 1:colcon.colcon_core.package_identification:_identify(src/sjtu_drone-ros2/matlab) by extension 'colcon_pkg'
[0.107s] Level 1:colcon.colcon_core.package_identification:_identify(src/sjtu_drone-ros2/matlab) by extensions ['colcon_meta']
[0.107s] Level 1:colcon.colcon_core.package_identification:_identify(src/sjtu_drone-ros2/matlab) by extension 'colcon_meta'
[0.107s] Level 1:colcon.colcon_core.package_identification:_identify(src/sjtu_drone-ros2/matlab) by extensions ['ros']
[0.107s] Level 1:colcon.colcon_core.package_identification:_identify(src/sjtu_drone-ros2/matlab) by extension 'ros'
[0.107s] Level 1:colcon.colcon_core.package_identification:_identify(src/sjtu_drone-ros2/matlab) by extensions ['cmake', 'python']
[0.107s] Level 1:colcon.colcon_core.package_identification:_identify(src/sjtu_drone-ros2/matlab) by extension 'cmake'
[0.107s] Level 1:colcon.colcon_core.package_identification:_identify(src/sjtu_drone-ros2/matlab) by extension 'python'
[0.107s] Level 1:colcon.colcon_core.package_identification:_identify(src/sjtu_drone-ros2/matlab) by extensions ['python_setup_py']
[0.107s] Level 1:colcon.colcon_core.package_identification:_identify(src/sjtu_drone-ros2/matlab) by extension 'python_setup_py'
[0.107s] Level 1:colcon.colcon_core.package_identification:_identify(src/sjtu_drone-ros2/scripts) by extensions ['ignore', 'ignore_ament_install']
[0.107s] Level 1:colcon.colcon_core.package_identification:_identify(src/sjtu_drone-ros2/scripts) by extension 'ignore'
[0.107s] Level 1:colcon.colcon_core.package_identification:_identify(src/sjtu_drone-ros2/scripts) by extension 'ignore_ament_install'
[0.107s] Level 1:colcon.colcon_core.package_identification:_identify(src/sjtu_drone-ros2/scripts) by extensions ['colcon_pkg']
[0.107s] Level 1:colcon.colcon_core.package_identification:_identify(src/sjtu_drone-ros2/scripts) by extension 'colcon_pkg'
[0.107s] Level 1:colcon.colcon_core.package_identification:_identify(src/sjtu_drone-ros2/scripts) by extensions ['colcon_meta']
[0.107s] Level 1:colcon.colcon_core.package_identification:_identify(src/sjtu_drone-ros2/scripts) by extension 'colcon_meta'
[0.107s] Level 1:colcon.colcon_core.package_identification:_identify(src/sjtu_drone-ros2/scripts) by extensions ['ros']
[0.108s] Level 1:colcon.colcon_core.package_identification:_identify(src/sjtu_drone-ros2/scripts) by extension 'ros'
[0.108s] Level 1:colcon.colcon_core.package_identification:_identify(src/sjtu_drone-ros2/scripts) by extensions ['cmake', 'python']
[0.108s] Level 1:colcon.colcon_core.package_identification:_identify(src/sjtu_drone-ros2/scripts) by extension 'cmake'
[0.108s] Level 1:colcon.colcon_core.package_identification:_identify(src/sjtu_drone-ros2/scripts) by extension 'python'
[0.108s] Level 1:colcon.colcon_core.package_identification:_identify(src/sjtu_drone-ros2/scripts) by extensions ['python_setup_py']
[0.108s] Level 1:colcon.colcon_core.package_identification:_identify(src/sjtu_drone-ros2/scripts) by extension 'python_setup_py'
[0.108s] Level 1:colcon.colcon_core.package_identification:_identify(src/sjtu_drone-ros2/sjtu_drone_bringup) by extensions ['ignore', 'ignore_ament_install']
[0.108s] Level 1:colcon.colcon_core.package_identification:_identify(src/sjtu_drone-ros2/sjtu_drone_bringup) by extension 'ignore'
[0.108s] Level 1:colcon.colcon_core.package_identification:_identify(src/sjtu_drone-ros2/sjtu_drone_bringup) by extension 'ignore_ament_install'
[0.108s] Level 1:colcon.colcon_core.package_identification:_identify(src/sjtu_drone-ros2/sjtu_drone_bringup) by extensions ['colcon_pkg']
[0.108s] Level 1:colcon.colcon_core.package_identification:_identify(src/sjtu_drone-ros2/sjtu_drone_bringup) by extension 'colcon_pkg'
[0.108s] Level 1:colcon.colcon_core.package_identification:_identify(src/sjtu_drone-ros2/sjtu_drone_bringup) by extensions ['colcon_meta']
[0.108s] Level 1:colcon.colcon_core.package_identification:_identify(src/sjtu_drone-ros2/sjtu_drone_bringup) by extension 'colcon_meta'
[0.108s] Level 1:colcon.colcon_core.package_identification:_identify(src/sjtu_drone-ros2/sjtu_drone_bringup) by extensions ['ros']
[0.108s] Level 1:colcon.colcon_core.package_identification:_identify(src/sjtu_drone-ros2/sjtu_drone_bringup) by extension 'ros'
[0.110s] DEBUG:colcon.colcon_core.package_identification:Package 'src/sjtu_drone-ros2/sjtu_drone_bringup' with type 'ros.ament_python' and name 'sjtu_drone_bringup'
[0.110s] Level 1:colcon.colcon_core.package_identification:_identify(src/sjtu_drone-ros2/sjtu_drone_control) by extensions ['ignore', 'ignore_ament_install']
[0.110s] Level 1:colcon.colcon_core.package_identification:_identify(src/sjtu_drone-ros2/sjtu_drone_control) by extension 'ignore'
[0.110s] Level 1:colcon.colcon_core.package_identification:_identify(src/sjtu_drone-ros2/sjtu_drone_control) by extension 'ignore_ament_install'
[0.110s] Level 1:colcon.colcon_core.package_identification:_identify(src/sjtu_drone-ros2/sjtu_drone_control) by extensions ['colcon_pkg']
[0.110s] Level 1:colcon.colcon_core.package_identification:_identify(src/sjtu_drone-ros2/sjtu_drone_control) by extension 'colcon_pkg'
[0.110s] Level 1:colcon.colcon_core.package_identification:_identify(src/sjtu_drone-ros2/sjtu_drone_control) by extensions ['colcon_meta']
[0.110s] Level 1:colcon.colcon_core.package_identification:_identify(src/sjtu_drone-ros2/sjtu_drone_control) by extension 'colcon_meta'
[0.110s] Level 1:colcon.colcon_core.package_identification:_identify(src/sjtu_drone-ros2/sjtu_drone_control) by extensions ['ros']
[0.110s] Level 1:colcon.colcon_core.package_identification:_identify(src/sjtu_drone-ros2/sjtu_drone_control) by extension 'ros'
[0.111s] DEBUG:colcon.colcon_core.package_identification:Package 'src/sjtu_drone-ros2/sjtu_drone_control' with type 'ros.ament_python' and name 'sjtu_drone_control'
[0.111s] Level 1:colcon.colcon_core.package_identification:_identify(src/sjtu_drone-ros2/sjtu_drone_description) by extensions ['ignore', 'ignore_ament_install']
[0.111s] Level 1:colcon.colcon_core.package_identification:_identify(src/sjtu_drone-ros2/sjtu_drone_description) by extension 'ignore'
[0.111s] Level 1:colcon.colcon_core.package_identification:_identify(src/sjtu_drone-ros2/sjtu_drone_description) by extension 'ignore_ament_install'
[0.111s] Level 1:colcon.colcon_core.package_identification:_identify(src/sjtu_drone-ros2/sjtu_drone_description) by extensions ['colcon_pkg']
[0.111s] Level 1:colcon.colcon_core.package_identification:_identify(src/sjtu_drone-ros2/sjtu_drone_description) by extension 'colcon_pkg'
[0.111s] Level 1:colcon.colcon_core.package_identification:_identify(src/sjtu_drone-ros2/sjtu_drone_description) by extensions ['colcon_meta']
[0.111s] Level 1:colcon.colcon_core.package_identification:_identify(src/sjtu_drone-ros2/sjtu_drone_description) by extension 'colcon_meta'
[0.111s] Level 1:colcon.colcon_core.package_identification:_identify(src/sjtu_drone-ros2/sjtu_drone_description) by extensions ['ros']
[0.111s] Level 1:colcon.colcon_core.package_identification:_identify(src/sjtu_drone-ros2/sjtu_drone_description) by extension 'ros'
[0.112s] DEBUG:colcon.colcon_core.package_identification:Package 'src/sjtu_drone-ros2/sjtu_drone_description' with type 'ros.ament_cmake' and name 'sjtu_drone_description'
[0.112s] Level 1:colcon.colcon_core.package_identification:_identify(src/sjtu_drone-ros2/sjtu_drone_interfaces) by extensions ['ignore', 'ignore_ament_install']
[0.112s] Level 1:colcon.colcon_core.package_identification:_identify(src/sjtu_drone-ros2/sjtu_drone_interfaces) by extension 'ignore'
[0.112s] Level 1:colcon.colcon_core.package_identification:_identify(src/sjtu_drone-ros2/sjtu_drone_interfaces) by extension 'ignore_ament_install'
[0.112s] Level 1:colcon.colcon_core.package_identification:_identify(src/sjtu_drone-ros2/sjtu_drone_interfaces) by extensions ['colcon_pkg']
[0.112s] Level 1:colcon.colcon_core.package_identification:_identify(src/sjtu_drone-ros2/sjtu_drone_interfaces) by extension 'colcon_pkg'
[0.112s] Level 1:colcon.colcon_core.package_identification:_identify(src/sjtu_drone-ros2/sjtu_drone_interfaces) by extensions ['colcon_meta']
[0.112s] Level 1:colcon.colcon_core.package_identification:_identify(src/sjtu_drone-ros2/sjtu_drone_interfaces) by extension 'colcon_meta'
[0.112s] Level 1:colcon.colcon_core.package_identification:_identify(src/sjtu_drone-ros2/sjtu_drone_interfaces) by extensions ['ros']
[0.112s] Level 1:colcon.colcon_core.package_identification:_identify(src/sjtu_drone-ros2/sjtu_drone_interfaces) by extension 'ros'
[0.112s] DEBUG:colcon.colcon_core.package_identification:Package 'src/sjtu_drone-ros2/sjtu_drone_interfaces' with type 'ros.ament_cmake' and name 'sjtu_drone_interfaces'
[0.112s] Level 1:colcon.colcon_core.package_identification:_identify(src/sjtu_drone_bringup) by extensions ['ignore', 'ignore_ament_install']
[0.112s] Level 1:colcon.colcon_core.package_identification:_identify(src/sjtu_drone_bringup) by extension 'ignore'
[0.112s] Level 1:colcon.colcon_core.package_identification:_identify(src/sjtu_drone_bringup) by extension 'ignore_ament_install'
[0.113s] Level 1:colcon.colcon_core.package_identification:_identify(src/sjtu_drone_bringup) by extensions ['colcon_pkg']
[0.113s] Level 1:colcon.colcon_core.package_identification:_identify(src/sjtu_drone_bringup) by extension 'colcon_pkg'
[0.113s] Level 1:colcon.colcon_core.package_identification:_identify(src/sjtu_drone_bringup) by extensions ['colcon_meta']
[0.113s] Level 1:colcon.colcon_core.package_identification:_identify(src/sjtu_drone_bringup) by extension 'colcon_meta'
[0.113s] Level 1:colcon.colcon_core.package_identification:_identify(src/sjtu_drone_bringup) by extensions ['ros']
[0.113s] Level 1:colcon.colcon_core.package_identification:_identify(src/sjtu_drone_bringup) by extension 'ros'
[0.113s] Level 1:colcon.colcon_core.package_identification:_identify(src/sjtu_drone_bringup) by extensions ['cmake', 'python']
[0.113s] Level 1:colcon.colcon_core.package_identification:_identify(src/sjtu_drone_bringup) by extension 'cmake'
[0.113s] Level 1:colcon.colcon_core.package_identification:_identify(src/sjtu_drone_bringup) by extension 'python'
[0.113s] Level 1:colcon.colcon_core.package_identification:_identify(src/sjtu_drone_bringup) by extensions ['python_setup_py']
[0.113s] Level 1:colcon.colcon_core.package_identification:_identify(src/sjtu_drone_bringup) by extension 'python_setup_py'
[0.113s] Level 1:colcon.colcon_core.package_identification:_identify(src/sjtu_drone_bringup/launch) by extensions ['ignore', 'ignore_ament_install']
[0.113s] Level 1:colcon.colcon_core.package_identification:_identify(src/sjtu_drone_bringup/launch) by extension 'ignore'
[0.113s] Level 1:colcon.colcon_core.package_identification:_identify(src/sjtu_drone_bringup/launch) by extension 'ignore_ament_install'
[0.113s] Level 1:colcon.colcon_core.package_identification:_identify(src/sjtu_drone_bringup/launch) by extensions ['colcon_pkg']
[0.113s] Level 1:colcon.colcon_core.package_identification:_identify(src/sjtu_drone_bringup/launch) by extension 'colcon_pkg'
[0.113s] Level 1:colcon.colcon_core.package_identification:_identify(src/sjtu_drone_bringup/launch) by extensions ['colcon_meta']
[0.113s] Level 1:colcon.colcon_core.package_identification:_identify(src/sjtu_drone_bringup/launch) by extension 'colcon_meta'
[0.113s] Level 1:colcon.colcon_core.package_identification:_identify(src/sjtu_drone_bringup/launch) by extensions ['ros']
[0.113s] Level 1:colcon.colcon_core.package_identification:_identify(src/sjtu_drone_bringup/launch) by extension 'ros'
[0.113s] Level 1:colcon.colcon_core.package_identification:_identify(src/sjtu_drone_bringup/launch) by extensions ['cmake', 'python']
[0.113s] Level 1:colcon.colcon_core.package_identification:_identify(src/sjtu_drone_bringup/launch) by extension 'cmake'
[0.113s] Level 1:colcon.colcon_core.package_identification:_identify(src/sjtu_drone_bringup/launch) by extension 'python'
[0.113s] Level 1:colcon.colcon_core.package_identification:_identify(src/sjtu_drone_bringup/launch) by extensions ['python_setup_py']
[0.113s] Level 1:colcon.colcon_core.package_identification:_identify(src/sjtu_drone_bringup/launch) by extension 'python_setup_py'
[0.113s] Level 1:colcon.colcon_core.package_discovery:discover_packages(recursive) using defaults
[0.113s] Level 1:colcon.colcon_core.package_discovery:discover_packages(ignore) discover
[0.113s] Level 1:colcon.colcon_core.package_discovery:discover_packages(ignore) using defaults
[0.113s] Level 1:colcon.colcon_core.package_discovery:discover_packages(path) discover
[0.113s] Level 1:colcon.colcon_core.package_discovery:discover_packages(path) using defaults
[0.127s] INFO:colcon.colcon_core.package_selection:Skipping not selected package 'sjtu_drone_bringup' in 'src/sjtu_drone-ros2/sjtu_drone_bringup'
[0.127s] INFO:colcon.colcon_core.package_selection:Skipping not selected package 'sjtu_drone_control' in 'src/sjtu_drone-ros2/sjtu_drone_control'
[0.127s] INFO:colcon.colcon_core.package_selection:Skipping not selected package 'sjtu_drone_description' in 'src/sjtu_drone-ros2/sjtu_drone_description'
[0.127s] Level 1:colcon.colcon_core.package_discovery:discover_packages(prefix_path) check parameters
[0.127s] Level 1:colcon.colcon_core.package_discovery:discover_packages(prefix_path) discover
[0.129s] DEBUG:colcon.colcon_installed_package_information.package_discovery:Found 393 installed packages in /opt/ros/humble
[0.130s] Level 1:colcon.colcon_core.package_discovery:discover_packages(prefix_path) using defaults
[0.153s] Level 5:colcon.colcon_core.verb:set package 'sjtu_drone_interfaces' build argument 'cmake_args' from command line to 'None'
[0.154s] Level 5:colcon.colcon_core.verb:set package 'sjtu_drone_interfaces' build argument 'cmake_target' from command line to 'None'
[0.154s] Level 5:colcon.colcon_core.verb:set package 'sjtu_drone_interfaces' build argument 'cmake_target_skip_unavailable' from command line to 'False'
[0.154s] Level 5:colcon.colcon_core.verb:set package 'sjtu_drone_interfaces' build argument 'cmake_clean_cache' from command line to 'False'
[0.154s] Level 5:colcon.colcon_core.verb:set package 'sjtu_drone_interfaces' build argument 'cmake_clean_first' from command line to 'False'
[0.154s] Level 5:colcon.colcon_core.verb:set package 'sjtu_drone_interfaces' build argument 'cmake_force_configure' from command line to 'False'
[0.154s] Level 5:colcon.colcon_core.verb:set package 'sjtu_drone_interfaces' build argument 'ament_cmake_args' from command line to 'None'
[0.154s] Level 5:colcon.colcon_core.verb:set package 'sjtu_drone_interfaces' build argument 'catkin_cmake_args' from command line to 'None'
[0.154s] Level 5:colcon.colcon_core.verb:set package 'sjtu_drone_interfaces' build argument 'catkin_skip_building_tests' from command line to 'False'
[0.154s] DEBUG:colcon.colcon_core.verb:Building package 'sjtu_drone_interfaces' with the following arguments: {'ament_cmake_args': None, 'build_base': '/home/j/INCSL/IICC26_ws/build/sjtu_drone_interfaces', 'catkin_cmake_args': None, 'catkin_skip_building_tests': False, 'cmake_args': None, 'cmake_clean_cache': False, 'cmake_clean_first': False, 'cmake_force_configure': False, 'cmake_target': None, 'cmake_target_skip_unavailable': False, 'install_base': '/home/j/INCSL/IICC26_ws/install/sjtu_drone_interfaces', 'merge_install': False, 'path': '/home/j/INCSL/IICC26_ws/src/sjtu_drone-ros2/sjtu_drone_interfaces', 'symlink_install': False, 'test_result_base': None}
[0.154s] INFO:colcon.colcon_core.executor:Executing jobs using 'parallel' executor
[0.154s] DEBUG:colcon.colcon_parallel_executor.executor.parallel:run_until_complete
[0.154s] INFO:colcon.colcon_ros.task.ament_cmake.build:Building ROS package in '/home/j/INCSL/IICC26_ws/src/sjtu_drone-ros2/sjtu_drone_interfaces' with build type 'ament_cmake'
[0.155s] INFO:colcon.colcon_cmake.task.cmake.build:Building CMake package in '/home/j/INCSL/IICC26_ws/src/sjtu_drone-ros2/sjtu_drone_interfaces'
[0.156s] INFO:colcon.colcon_core.plugin_system:Skipping extension 'colcon_core.shell.bat': Not used on non-Windows systems
[0.156s] INFO:colcon.colcon_core.shell:Skip shell extension 'powershell' for command environment: Not usable outside of PowerShell
[0.156s] DEBUG:colcon.colcon_core.shell:Skip shell extension 'dsv' for command environment
[0.160s] DEBUG:colcon.colcon_core.event_handler.log_command:Invoking command in '/home/j/INCSL/IICC26_ws/build/sjtu_drone_interfaces': CMAKE_PREFIX_PATH=/opt/ros/humble /usr/bin/cmake /home/j/INCSL/IICC26_ws/src/sjtu_drone-ros2/sjtu_drone_interfaces -DCMAKE_INSTALL_PREFIX=/home/j/INCSL/IICC26_ws/install/sjtu_drone_interfaces
[1.105s] DEBUG:colcon.colcon_core.event_handler.log_command:Invoked command in '/home/j/INCSL/IICC26_ws/build/sjtu_drone_interfaces' returned '0': CMAKE_PREFIX_PATH=/opt/ros/humble /usr/bin/cmake /home/j/INCSL/IICC26_ws/src/sjtu_drone-ros2/sjtu_drone_interfaces -DCMAKE_INSTALL_PREFIX=/home/j/INCSL/IICC26_ws/install/sjtu_drone_interfaces
[1.107s] DEBUG:colcon.colcon_core.event_handler.log_command:Invoking command in '/home/j/INCSL/IICC26_ws/build/sjtu_drone_interfaces': CMAKE_PREFIX_PATH=/opt/ros/humble /usr/bin/cmake --build /home/j/INCSL/IICC26_ws/build/sjtu_drone_interfaces -- -j20 -l20
[2.339s] DEBUG:colcon.colcon_core.event_handler.log_command:Invoked command in '/home/j/INCSL/IICC26_ws/build/sjtu_drone_interfaces' returned '0': CMAKE_PREFIX_PATH=/opt/ros/humble /usr/bin/cmake --build /home/j/INCSL/IICC26_ws/build/sjtu_drone_interfaces -- -j20 -l20
[2.345s] DEBUG:colcon.colcon_core.event_handler.log_command:Invoking command in '/home/j/INCSL/IICC26_ws/build/sjtu_drone_interfaces': CMAKE_PREFIX_PATH=/opt/ros/humble /usr/bin/cmake --install /home/j/INCSL/IICC26_ws/build/sjtu_drone_interfaces
[2.383s] Level 1:colcon.colcon_core.environment:create_environment_scripts_only(sjtu_drone_interfaces)
[2.383s] DEBUG:colcon.colcon_core.event_handler.log_command:Invoked command in '/home/j/INCSL/IICC26_ws/build/sjtu_drone_interfaces' returned '0': CMAKE_PREFIX_PATH=/opt/ros/humble /usr/bin/cmake --install /home/j/INCSL/IICC26_ws/build/sjtu_drone_interfaces
[2.385s] Level 1:colcon.colcon_core.environment:checking '/home/j/INCSL/IICC26_ws/install/sjtu_drone_interfaces' for CMake module files
[2.386s] Level 1:colcon.colcon_core.environment:checking '/home/j/INCSL/IICC26_ws/install/sjtu_drone_interfaces' for CMake config files
[2.386s] Level 1:colcon.colcon_core.shell:create_environment_hook('sjtu_drone_interfaces', 'cmake_prefix_path')
[2.387s] INFO:colcon.colcon_core.shell:Creating environment hook '/home/j/INCSL/IICC26_ws/install/sjtu_drone_interfaces/share/sjtu_drone_interfaces/hook/cmake_prefix_path.ps1'
[2.387s] INFO:colcon.colcon_core.shell:Creating environment descriptor '/home/j/INCSL/IICC26_ws/install/sjtu_drone_interfaces/share/sjtu_drone_interfaces/hook/cmake_prefix_path.dsv'
[2.388s] INFO:colcon.colcon_core.shell:Creating environment hook '/home/j/INCSL/IICC26_ws/install/sjtu_drone_interfaces/share/sjtu_drone_interfaces/hook/cmake_prefix_path.sh'
[2.388s] Level 1:colcon.colcon_core.environment:checking '/home/j/INCSL/IICC26_ws/install/sjtu_drone_interfaces/lib'
[2.388s] Level 1:colcon.colcon_core.shell:create_environment_hook('sjtu_drone_interfaces', 'ld_library_path_lib')
[2.388s] INFO:colcon.colcon_core.shell:Creating environment hook '/home/j/INCSL/IICC26_ws/install/sjtu_drone_interfaces/share/sjtu_drone_interfaces/hook/ld_library_path_lib.ps1'
[2.388s] INFO:colcon.colcon_core.shell:Creating environment descriptor '/home/j/INCSL/IICC26_ws/install/sjtu_drone_interfaces/share/sjtu_drone_interfaces/hook/ld_library_path_lib.dsv'
[2.389s] INFO:colcon.colcon_core.shell:Creating environment hook '/home/j/INCSL/IICC26_ws/install/sjtu_drone_interfaces/share/sjtu_drone_interfaces/hook/ld_library_path_lib.sh'
[2.389s] Level 1:colcon.colcon_core.environment:checking '/home/j/INCSL/IICC26_ws/install/sjtu_drone_interfaces/bin'
[2.389s] Level 1:colcon.colcon_core.environment:checking '/home/j/INCSL/IICC26_ws/install/sjtu_drone_interfaces/lib/pkgconfig/sjtu_drone_interfaces.pc'
[2.389s] Level 1:colcon.colcon_core.environment:checking '/home/j/INCSL/IICC26_ws/install/sjtu_drone_interfaces/lib/python3.10/site-packages'
[2.389s] Level 1:colcon.colcon_core.environment:checking '/home/j/INCSL/IICC26_ws/install/sjtu_drone_interfaces/bin'
[2.389s] INFO:colcon.colcon_core.shell:Creating package script '/home/j/INCSL/IICC26_ws/install/sjtu_drone_interfaces/share/sjtu_drone_interfaces/package.ps1'
[2.390s] INFO:colcon.colcon_core.shell:Creating package descriptor '/home/j/INCSL/IICC26_ws/install/sjtu_drone_interfaces/share/sjtu_drone_interfaces/package.dsv'
[2.390s] INFO:colcon.colcon_core.shell:Creating package script '/home/j/INCSL/IICC26_ws/install/sjtu_drone_interfaces/share/sjtu_drone_interfaces/package.sh'
[2.390s] INFO:colcon.colcon_core.shell:Creating package script '/home/j/INCSL/IICC26_ws/install/sjtu_drone_interfaces/share/sjtu_drone_interfaces/package.bash'
[2.390s] INFO:colcon.colcon_core.shell:Creating package script '/home/j/INCSL/IICC26_ws/install/sjtu_drone_interfaces/share/sjtu_drone_interfaces/package.zsh'
[2.391s] Level 1:colcon.colcon_core.environment:create_file_with_runtime_dependencies(/home/j/INCSL/IICC26_ws/install/sjtu_drone_interfaces/share/colcon-core/packages/sjtu_drone_interfaces)
[2.391s] Level 1:colcon.colcon_core.environment:create_environment_scripts_only(sjtu_drone_interfaces)
[2.391s] Level 1:colcon.colcon_core.environment:checking '/home/j/INCSL/IICC26_ws/install/sjtu_drone_interfaces' for CMake module files
[2.391s] Level 1:colcon.colcon_core.environment:checking '/home/j/INCSL/IICC26_ws/install/sjtu_drone_interfaces' for CMake config files
[2.392s] Level 1:colcon.colcon_core.shell:create_environment_hook('sjtu_drone_interfaces', 'cmake_prefix_path')
[2.392s] INFO:colcon.colcon_core.shell:Creating environment hook '/home/j/INCSL/IICC26_ws/install/sjtu_drone_interfaces/share/sjtu_drone_interfaces/hook/cmake_prefix_path.ps1'
[2.392s] INFO:colcon.colcon_core.shell:Creating environment descriptor '/home/j/INCSL/IICC26_ws/install/sjtu_drone_interfaces/share/sjtu_drone_interfaces/hook/cmake_prefix_path.dsv'
[2.392s] INFO:colcon.colcon_core.shell:Creating environment hook '/home/j/INCSL/IICC26_ws/install/sjtu_drone_interfaces/share/sjtu_drone_interfaces/hook/cmake_prefix_path.sh'
[2.392s] Level 1:colcon.colcon_core.environment:checking '/home/j/INCSL/IICC26_ws/install/sjtu_drone_interfaces/lib'
[2.392s] Level 1:colcon.colcon_core.shell:create_environment_hook('sjtu_drone_interfaces', 'ld_library_path_lib')
[2.393s] INFO:colcon.colcon_core.shell:Creating environment hook '/home/j/INCSL/IICC26_ws/install/sjtu_drone_interfaces/share/sjtu_drone_interfaces/hook/ld_library_path_lib.ps1'
[2.393s] INFO:colcon.colcon_core.shell:Creating environment descriptor '/home/j/INCSL/IICC26_ws/install/sjtu_drone_interfaces/share/sjtu_drone_interfaces/hook/ld_library_path_lib.dsv'
[2.393s] INFO:colcon.colcon_core.shell:Creating environment hook '/home/j/INCSL/IICC26_ws/install/sjtu_drone_interfaces/share/sjtu_drone_interfaces/hook/ld_library_path_lib.sh'
[2.393s] Level 1:colcon.colcon_core.environment:checking '/home/j/INCSL/IICC26_ws/install/sjtu_drone_interfaces/bin'
[2.393s] Level 1:colcon.colcon_core.environment:checking '/home/j/INCSL/IICC26_ws/install/sjtu_drone_interfaces/lib/pkgconfig/sjtu_drone_interfaces.pc'
[2.393s] Level 1:colcon.colcon_core.environment:checking '/home/j/INCSL/IICC26_ws/install/sjtu_drone_interfaces/lib/python3.10/site-packages'
[2.393s] Level 1:colcon.colcon_core.environment:checking '/home/j/INCSL/IICC26_ws/install/sjtu_drone_interfaces/bin'
[2.394s] INFO:colcon.colcon_core.shell:Creating package script '/home/j/INCSL/IICC26_ws/install/sjtu_drone_interfaces/share/sjtu_drone_interfaces/package.ps1'
[2.399s] INFO:colcon.colcon_core.shell:Creating package descriptor '/home/j/INCSL/IICC26_ws/install/sjtu_drone_interfaces/share/sjtu_drone_interfaces/package.dsv'
[2.400s] INFO:colcon.colcon_core.shell:Creating package script '/home/j/INCSL/IICC26_ws/install/sjtu_drone_interfaces/share/sjtu_drone_interfaces/package.sh'
[2.400s] INFO:colcon.colcon_core.shell:Creating package script '/home/j/INCSL/IICC26_ws/install/sjtu_drone_interfaces/share/sjtu_drone_interfaces/package.bash'
[2.400s] INFO:colcon.colcon_core.shell:Creating package script '/home/j/INCSL/IICC26_ws/install/sjtu_drone_interfaces/share/sjtu_drone_interfaces/package.zsh'
[2.400s] Level 1:colcon.colcon_core.environment:create_file_with_runtime_dependencies(/home/j/INCSL/IICC26_ws/install/sjtu_drone_interfaces/share/colcon-core/packages/sjtu_drone_interfaces)
[2.400s] DEBUG:colcon.colcon_parallel_executor.executor.parallel:closing loop
[2.401s] DEBUG:colcon.colcon_parallel_executor.executor.parallel:loop closed
[2.401s] DEBUG:colcon.colcon_parallel_executor.executor.parallel:run_until_complete finished with '0'
[2.401s] DEBUG:colcon.colcon_core.event_reactor:joining thread
[2.403s] INFO:colcon.colcon_core.plugin_system:Skipping extension 'colcon_notification.desktop_notification.terminal_notifier': Not used on non-Darwin systems
[2.403s] INFO:colcon.colcon_core.plugin_system:Skipping extension 'colcon_notification.desktop_notification.win32': Not used on non-Windows systems
[2.403s] INFO:colcon.colcon_notification.desktop_notification:Sending desktop notification using 'notify2'
[2.407s] DEBUG:colcon.colcon_core.event_reactor:joined thread
[2.407s] INFO:colcon.colcon_core.shell:Creating prefix script '/home/j/INCSL/IICC26_ws/install/local_setup.ps1'
[2.408s] INFO:colcon.colcon_core.shell:Creating prefix util module '/home/j/INCSL/IICC26_ws/install/_local_setup_util_ps1.py'
[2.409s] INFO:colcon.colcon_core.shell:Creating prefix chain script '/home/j/INCSL/IICC26_ws/install/setup.ps1'
[2.409s] INFO:colcon.colcon_core.shell:Creating prefix script '/home/j/INCSL/IICC26_ws/install/local_setup.sh'
[2.409s] INFO:colcon.colcon_core.shell:Creating prefix util module '/home/j/INCSL/IICC26_ws/install/_local_setup_util_sh.py'
[2.410s] INFO:colcon.colcon_core.shell:Creating prefix chain script '/home/j/INCSL/IICC26_ws/install/setup.sh'
[2.410s] INFO:colcon.colcon_core.shell:Creating prefix script '/home/j/INCSL/IICC26_ws/install/local_setup.bash'
[2.410s] INFO:colcon.colcon_core.shell:Creating prefix chain script '/home/j/INCSL/IICC26_ws/install/setup.bash'
[2.411s] INFO:colcon.colcon_core.shell:Creating prefix script '/home/j/INCSL/IICC26_ws/install/local_setup.zsh'
[2.411s] INFO:colcon.colcon_core.shell:Creating prefix chain script '/home/j/INCSL/IICC26_ws/install/setup.zsh'
