[INFO] [launch]: All log files can be found below /home/j/.ros/log/2026-03-21-19-59-04-292606-j-171673
[INFO] [launch]: Default logging verbosity is set to INFO
[INFO] [launch.user]: [bringup] Apriltag config: camera=/drone_w01/bottom, image=/drone_w01/bottom/image_raw, tags=/drone_w01/bottom/tags, bridge=/drone_w01/landing_tag_state, standalone=true, use_target_id=true, target_id=0
[INFO] [rviz2-1]: process started with pid [172011]
[INFO] [gzserver-2]: process started with pid [172013]
[INFO] [robot_state_publisher-3]: process started with pid [172015]
[INFO] [joint_state_publisher-4]: process started with pid [172017]
[INFO] [spawn_drone-5]: process started with pid [172019]
[INFO] [static_transform_publisher-6]: process started with pid [172021]
[INFO] [apriltag_detector_node-7]: process started with pid [172023]
[INFO] [apriltag_state_bridge-8]: process started with pid [172025]
[static_transform_publisher-6] [WARN] [1774090744.978686397] []: Old-style arguments are deprecated; see --help for new-style arguments
[static_transform_publisher-6] [INFO] [1774090744.987718080] [static_transform_publisher_0ic6nWrzBZx4EjSu]: Spinning until stopped - publishing transform
[static_transform_publisher-6] translation: ('0.000000', '0.000000', '0.000000')
[static_transform_publisher-6] rotation: ('0.000000', '0.000000', '0.000000', '1.000000')
[static_transform_publisher-6] from 'world' to '/drone_w01/odom'
[rviz2-1] 
[rviz2-1] (rviz2:172011): dbind-WARNING **: 19:59:05.008: Couldn't connect to accessibility bus: Failed to connect to socket /root/.cache/at-spi/bus_0: 허가 거부
[robot_state_publisher-3] [INFO] [1774090745.014028179] [drone_w01.robot_state_publisher]: got segment base_footprint
[robot_state_publisher-3] [INFO] [1774090745.014130083] [drone_w01.robot_state_publisher]: got segment base_link
[robot_state_publisher-3] [INFO] [1774090745.014143030] [drone_w01.robot_state_publisher]: got segment bottom_cam_link
[robot_state_publisher-3] [INFO] [1774090745.014151423] [drone_w01.robot_state_publisher]: got segment front_cam_link
[robot_state_publisher-3] [INFO] [1774090745.014158615] [drone_w01.robot_state_publisher]: got segment sonar_link
[rviz2-1] /opt/ros/humble/lib/rviz2/rviz2: symbol lookup error: /snap/core20/current/lib/x86_64-linux-gnu/libpthread.so.0: undefined symbol: __libc_pthread_init, version GLIBC_PRIVATE
[ERROR] [rviz2-1]: process has died [pid 172011, exit code 127, cmd '/opt/ros/humble/lib/rviz2/rviz2 -d /home/j/INCSL/IICC26_ws/install/sjtu_drone_bringup/share/sjtu_drone_bringup/rviz/rviz.rviz --ros-args -r __node:=rviz2'].
[apriltag_detector_node-7] [INFO] [1774090745.038745172] [apriltag_detector_node]: tag detector type: umich
[gzserver-2] Gazebo multi-robot simulator, version 11.10.2
[gzserver-2] Copyright (C) 2012 Open Source Robotics Foundation.
[gzserver-2] Released under the Apache 2 License.
[gzserver-2] http://gazebosim.org
[gzserver-2] 
[gzserver-2] [1;31m[Err] [Master.cc:96] [0m[1;31mEXCEPTION: [0m[1;31mUnable to start server[bind: Address already in use]. There is probably another Gazebo process running.
[gzserver-2] [0m[1;31m
[gzserver-2] [0m[1;31m[0m[1;31m[0m[1;31m[Err] [Master.cc:96] [0m[1;31mEXCEPTION: [0m[1;31mUnable to start server[bind: Address already in use]. There is probably another Gazebo process running.
[gzserver-2] [0m[1;31m
[ERROR] [gzserver-2]: process has died [pid 172013, exit code 255, cmd 'gzserver /home/j/INCSL/IICC26_ws/install/sjtu_drone_description/share/sjtu_drone_description/worlds/landingPad.world --verbose -slibgazebo_ros_init.so -slibgazebo_ros_factory.so -slibgazebo_ros_force_system.so verbose'].
[gzserver-2] [1;36m[0m[1;32m[0m
[gzserver-2] [0m[1;31m[0m[1;31m[0m[1;33m[0m[1;31m[0m
[apriltag_state_bridge-8] [INFO] [1774090745.374878884] [apriltag_state_bridge]: AprilTag bridge started: /drone_w01/bottom/tags -> /drone_w01/landing_tag_state, use_target_id=True, target_id=0
[joint_state_publisher-4] [INFO] [1774090745.379359995] [drone_w01.joint_state_publisher]: Waiting for robot_description to be published on the robot_description topic...
[robot_state_publisher-3] [INFO] [1774090784.777861557] [rclcpp]: signal_handler(signum=15)
[INFO] [robot_state_publisher-3]: process has finished cleanly [pid 172015]
[apriltag_state_bridge-8] Traceback (most recent call last):
[apriltag_state_bridge-8]   File "/home/j/INCSL/IICC26_ws/install/sjtu_drone_bringup/lib/python3.10/site-packages/sjtu_drone_bringup/apriltag_state_bridge.py", line 106, in main
[apriltag_state_bridge-8]     if len(corners) > 0:
[apriltag_state_bridge-8]   File "/opt/ros/humble/local/lib/python3.10/dist-packages/rclpy/__init__.py", line 229, in spin
[apriltag_state_bridge-8]     executor.spin_once()
[apriltag_state_bridge-8]   File "/opt/ros/humble/local/lib/python3.10/dist-packages/rclpy/executors.py", line 751, in spin_once
[apriltag_state_bridge-8]     self._spin_once_impl(timeout_sec)
[apriltag_state_bridge-8]   File "/opt/ros/humble/local/lib/python3.10/dist-packages/rclpy/executors.py", line 740, in _spin_once_impl
[apriltag_state_bridge-8]     handler, entity, node = self.wait_for_ready_callbacks(timeout_sec=timeout_sec)
[apriltag_state_bridge-8]   File "/opt/ros/humble/local/lib/python3.10/dist-packages/rclpy/executors.py", line 723, in wait_for_ready_callbacks
[apriltag_state_bridge-8]     return next(self._cb_iter)
[apriltag_state_bridge-8]   File "/opt/ros/humble/local/lib/python3.10/dist-packages/rclpy/executors.py", line 624, in _wait_for_ready_callbacks
[apriltag_state_bridge-8]     raise ExternalShutdownException()
[apriltag_state_bridge-8] rclpy.executors.ExternalShutdownException
[apriltag_state_bridge-8] 
[apriltag_state_bridge-8] During handling of the above exception, another exception occurred:
[apriltag_state_bridge-8] 
[apriltag_state_bridge-8] Traceback (most recent call last):
[apriltag_state_bridge-8]   File "/home/j/INCSL/IICC26_ws/install/sjtu_drone_bringup/bin/apriltag_state_bridge", line 33, in <module>
[apriltag_state_bridge-8]     sys.exit(load_entry_point('sjtu_drone_bringup==0.0.0', 'console_scripts', 'apriltag_state_bridge')())
[apriltag_state_bridge-8]   File "/home/j/INCSL/IICC26_ws/install/sjtu_drone_bringup/lib/python3.10/site-packages/sjtu_drone_bringup/apriltag_state_bridge.py", line 111, in main
[apriltag_state_bridge-8]     
[apriltag_state_bridge-8]   File "/opt/ros/humble/local/lib/python3.10/dist-packages/rclpy/__init__.py", line 130, in shutdown
[apriltag_state_bridge-8]     _shutdown(context=context)
[apriltag_state_bridge-8]   File "/opt/ros/humble/local/lib/python3.10/dist-packages/rclpy/utilities.py", line 58, in shutdown
[apriltag_state_bridge-8]     return context.shutdown()
[apriltag_state_bridge-8]   File "/opt/ros/humble/local/lib/python3.10/dist-packages/rclpy/context.py", line 102, in shutdown
[apriltag_state_bridge-8]     self.__context.shutdown()
[apriltag_state_bridge-8] rclpy._rclpy_pybind11.RCLError: failed to shutdown: rcl_shutdown already called on the given context, at ./src/rcl/init.c:241
[ERROR] [apriltag_state_bridge-8]: process has died [pid 172025, exit code 1, cmd '/home/j/INCSL/IICC26_ws/install/sjtu_drone_bringup/bin/apriltag_state_bridge --ros-args -p input_topic:=/drone_w01/bottom/tags -p output_topic:=/drone_w01/landing_tag_state -p target_id:=0 -p use_target_id:=true'].
