[INFO] [launch]: All log files can be found below /home/j/.ros/log/2026-03-21-20-33-36-762453-j-233875
[INFO] [launch]: Default logging verbosity is set to INFO
[INFO] [launch.user]: [bringup] Apriltag config: camera=/drone_w02/bottom, image=/drone_w02/bottom/image_raw, tags=/drone_w02/bottom/tags, bridge=/drone_w02/landing_tag_state, standalone=true, use_target_id=true, target_id=0
[INFO] [rviz2-1]: process started with pid [233929]
[INFO] [gzserver-2]: process started with pid [233931]
[INFO] [robot_state_publisher-3]: process started with pid [233933]
[INFO] [joint_state_publisher-4]: process started with pid [233935]
[INFO] [spawn_drone-5]: process started with pid [233937]
[INFO] [static_transform_publisher-6]: process started with pid [233939]
[INFO] [apriltag_detector_node-7]: process started with pid [233941]
[INFO] [apriltag_state_bridge-8]: process started with pid [233943]
[static_transform_publisher-6] [WARN] [1774092817.375998234] []: Old-style arguments are deprecated; see --help for new-style arguments
[static_transform_publisher-6] [INFO] [1774092817.387183438] [static_transform_publisher_j3LtBRn21ufIRmqc]: Spinning until stopped - publishing transform
[static_transform_publisher-6] translation: ('0.000000', '0.000000', '0.000000')
[static_transform_publisher-6] rotation: ('0.000000', '0.000000', '0.000000', '1.000000')
[static_transform_publisher-6] from 'world' to '/drone_w02/odom'
[robot_state_publisher-3] [INFO] [1774092817.409000339] [drone_w02.robot_state_publisher]: got segment base_footprint
[robot_state_publisher-3] [INFO] [1774092817.409068136] [drone_w02.robot_state_publisher]: got segment base_link
[robot_state_publisher-3] [INFO] [1774092817.409074923] [drone_w02.robot_state_publisher]: got segment bottom_cam_link
[robot_state_publisher-3] [INFO] [1774092817.409078366] [drone_w02.robot_state_publisher]: got segment front_cam_link
[robot_state_publisher-3] [INFO] [1774092817.409081433] [drone_w02.robot_state_publisher]: got segment sonar_link
[rviz2-1] 
[rviz2-1] (rviz2:233929): dbind-WARNING **: 20:33:37.417: Couldn't connect to accessibility bus: Failed to connect to socket /root/.cache/at-spi/bus_0: 허가 거부
[apriltag_detector_node-7] [INFO] [1774092817.417932892] [apriltag_detector_node]: tag detector type: umich
[gzserver-2] Gazebo multi-robot simulator, version 11.10.2
[gzserver-2] Copyright (C) 2012 Open Source Robotics Foundation.
[gzserver-2] Released under the Apache 2 License.
[gzserver-2] http://gazebosim.org
[gzserver-2] 
[gzserver-2] [1;31m[Err] [Master.cc:96] [0m[1;31mEXCEPTION: [0m[1;31mUnable to start server[bind: Address already in use]. There is probably another Gazebo process running.
[gzserver-2] [0m[1;31m
[gzserver-2] [0m[1;31m[0m[1;31m[0m[1;31m[Err] [Master.cc:96] [0m[1;31mEXCEPTION: [0m[1;31mUnable to start server[bind: Address already in use]. There is probably another Gazebo process running.
[gzserver-2] [0m[1;31m
[ERROR] [gzserver-2]: process has died [pid 233931, exit code 255, cmd 'gzserver /home/j/INCSL/IICC26_ws/install/sjtu_drone_description/share/sjtu_drone_description/worlds/landingPad.world --verbose -slibgazebo_ros_init.so -slibgazebo_ros_factory.so -slibgazebo_ros_force_system.so verbose'].
[gzserver-2] [1;36m[0m[1;32m[0m
[gzserver-2] [0m[1;31m[0m[1;31m[0m[1;33m[0m[1;31m[0m
[joint_state_publisher-4] [INFO] [1774092817.701689458] [drone_w02.joint_state_publisher]: Waiting for robot_description to be published on the robot_description topic...
[apriltag_state_bridge-8] [INFO] [1774092817.722019468] [apriltag_state_bridge]: AprilTag bridge started: /drone_w02/bottom/tags -> /drone_w02/landing_tag_state, use_target_id=True, target_id=0, annotated_image=True
[rviz2-1] [INFO] [1774092817.929366169] [rviz2]: Stereo is NOT SUPPORTED
[rviz2-1] [INFO] [1774092817.929467605] [rviz2]: OpenGl version: 4.6 (GLSL 4.6)
[rviz2-1] [INFO] [1774092817.980062203] [rviz2]: Stereo is NOT SUPPORTED
[rviz2-1] [INFO] [1774092818.103530082] [rviz2]: Stereo is NOT SUPPORTED
[rviz2-1] [INFO] [1774092890.075059896] [rclcpp]: signal_handler(signum=15)
[robot_state_publisher-3] [INFO] [1774092890.131298333] [rclcpp]: signal_handler(signum=15)
[INFO] [robot_state_publisher-3]: process has finished cleanly [pid 233933]
[INFO] [rviz2-1]: process has finished cleanly [pid 233929]
