[0.506s] Invoking command in '/home/j/INCSL/IICC26_ws/src/sjtu_drone-ros2/sjtu_drone_control': PYTHONPATH=/home/j/INCSL/IICC26_ws/build/sjtu_drone_control/prefix_override:/usr/lib/python3/dist-packages/colcon_core/task/python/colcon_distutils_commands:/home/j/INCSL/IICC26_ws/install/sjtu_drone_control/lib/python3.10/site-packages:${PYTHONPATH} /usr/bin/python3 -W ignore:setup.py install is deprecated -W ignore:easy_install command is deprecated setup.py egg_info --egg-base ../../../build/sjtu_drone_control build --build-base /home/j/INCSL/IICC26_ws/build/sjtu_drone_control/build install --record /home/j/INCSL/IICC26_ws/build/sjtu_drone_control/install.log --single-version-externally-managed install_data
[0.593s] /home/j/.local/lib/python3.10/site-packages/setuptools/_distutils/dist.py:287: UserWarning: Unknown distribution option: 'tests_require'
[0.593s]   warnings.warn(msg)
[0.650s] running egg_info
[0.660s] writing ../../../build/sjtu_drone_control/sjtu_drone_control.egg-info/PKG-INFO
[0.660s] writing dependency_links to ../../../build/sjtu_drone_control/sjtu_drone_control.egg-info/dependency_links.txt
[0.660s] writing entry points to ../../../build/sjtu_drone_control/sjtu_drone_control.egg-info/entry_points.txt
[0.660s] writing requirements to ../../../build/sjtu_drone_control/sjtu_drone_control.egg-info/requires.txt
[0.660s] writing top-level names to ../../../build/sjtu_drone_control/sjtu_drone_control.egg-info/top_level.txt
[0.680s] reading manifest file '../../../build/sjtu_drone_control/sjtu_drone_control.egg-info/SOURCES.txt'
[0.681s] writing manifest file '../../../build/sjtu_drone_control/sjtu_drone_control.egg-info/SOURCES.txt'
[0.681s] running build
[0.681s] running build_py
[0.681s] running install
[0.683s] running install_lib
[0.693s] running install_data
[0.693s] running install_egg_info
[0.703s] removing '/home/j/INCSL/IICC26_ws/install/sjtu_drone_control/lib/python3.10/site-packages/sjtu_drone_control-0.0.0-py3.10.egg-info' (and everything under it)
[0.703s] Copying ../../../build/sjtu_drone_control/sjtu_drone_control.egg-info to /home/j/INCSL/IICC26_ws/install/sjtu_drone_control/lib/python3.10/site-packages/sjtu_drone_control-0.0.0-py3.10.egg-info
[0.703s] running install_scripts
[0.724s] Installing drone_position_control script to /home/j/INCSL/IICC26_ws/install/sjtu_drone_control/lib/sjtu_drone_control
[0.724s] Installing open_loop_control script to /home/j/INCSL/IICC26_ws/install/sjtu_drone_control/lib/sjtu_drone_control
[0.724s] Installing teleop script to /home/j/INCSL/IICC26_ws/install/sjtu_drone_control/lib/sjtu_drone_control
[0.725s] Installing teleop_joystick script to /home/j/INCSL/IICC26_ws/install/sjtu_drone_control/lib/sjtu_drone_control
[0.725s] writing list of installed files to '/home/j/INCSL/IICC26_ws/build/sjtu_drone_control/install.log'
[0.739s] Invoked command in '/home/j/INCSL/IICC26_ws/src/sjtu_drone-ros2/sjtu_drone_control' returned '0': PYTHONPATH=/home/j/INCSL/IICC26_ws/build/sjtu_drone_control/prefix_override:/usr/lib/python3/dist-packages/colcon_core/task/python/colcon_distutils_commands:/home/j/INCSL/IICC26_ws/install/sjtu_drone_control/lib/python3.10/site-packages:${PYTHONPATH} /usr/bin/python3 -W ignore:setup.py install is deprecated -W ignore:easy_install command is deprecated setup.py egg_info --egg-base ../../../build/sjtu_drone_control build --build-base /home/j/INCSL/IICC26_ws/build/sjtu_drone_control/build install --record /home/j/INCSL/IICC26_ws/build/sjtu_drone_control/install.log --single-version-externally-managed install_data
