[0.058s] DEBUG:colcon:Command line arguments: ['/usr/bin/colcon', 'build', '--symlink-install']
[0.058s] DEBUG:colcon:Parsed command line arguments: Namespace(log_base=None, log_level=None, verb_name='build', build_base='build', install_base='install', merge_install=False, symlink_install=True, test_result_base=None, continue_on_error=False, executor='parallel', parallel_workers=20, event_handlers=None, ignore_user_meta=False, metas=['./colcon.meta'], base_paths=['.'], packages_ignore=None, packages_ignore_regex=None, paths=None, packages_up_to=None, packages_up_to_regex=None, packages_above=None, packages_above_and_dependencies=None, packages_above_depth=None, packages_select_by_dep=None, packages_skip_by_dep=None, packages_skip_up_to=None, packages_select_build_failed=False, packages_skip_build_finished=False, packages_select_test_failures=False, packages_skip_test_passed=False, packages_select=None, packages_skip=None, packages_select_regex=None, packages_skip_regex=None, packages_start=None, packages_end=None, allow_overriding=[], cmake_args=None, cmake_target=None, cmake_target_skip_unavailable=False, cmake_clean_cache=False, cmake_clean_first=False, cmake_force_configure=False, ament_cmake_args=None, catkin_cmake_args=None, catkin_skip_building_tests=False, mixin_files=None, mixin=None, verb_parser=<colcon_mixin.mixin.mixin_argument.MixinArgumentDecorator object at 0x7f96a1dab010>, verb_extension=<colcon_core.verb.build.BuildVerb object at 0x7f96a1ed8160>, main=<bound method BuildVerb.main of <colcon_core.verb.build.BuildVerb object at 0x7f96a1ed8160>>, mixin_verb=('build',))
[0.080s] Level 1:colcon.colcon_core.package_discovery:discover_packages(colcon_meta) check parameters
[0.080s] Level 1:colcon.colcon_core.package_discovery:discover_packages(recursive) check parameters
[0.080s] Level 1:colcon.colcon_core.package_discovery:discover_packages(ignore) check parameters
[0.080s] Level 1:colcon.colcon_core.package_discovery:discover_packages(path) check parameters
[0.080s] Level 1:colcon.colcon_core.package_discovery:discover_packages(colcon_meta) discover
[0.080s] Level 1:colcon.colcon_core.package_discovery:discover_packages(recursive) discover
[0.080s] INFO:colcon.colcon_core.package_discovery:Crawling recursively for packages in '/home/j/INCSL/IICC26_ws'
[0.080s] Level 1:colcon.colcon_core.package_identification:_identify(.) by extensions ['ignore', 'ignore_ament_install']
[0.080s] Level 1:colcon.colcon_core.package_identification:_identify(.) by extension 'ignore'
[0.080s] Level 1:colcon.colcon_core.package_identification:_identify(.) by extension 'ignore_ament_install'
[0.080s] Level 1:colcon.colcon_core.package_identification:_identify(.) by extensions ['colcon_pkg']
[0.080s] Level 1:colcon.colcon_core.package_identification:_identify(.) by extension 'colcon_pkg'
[0.080s] Level 1:colcon.colcon_core.package_identification:_identify(.) by extensions ['colcon_meta']
[0.080s] Level 1:colcon.colcon_core.package_identification:_identify(.) by extension 'colcon_meta'
[0.080s] Level 1:colcon.colcon_core.package_identification:_identify(.) by extensions ['ros']
[0.080s] Level 1:colcon.colcon_core.package_identification:_identify(.) by extension 'ros'
[0.089s] Level 1:colcon.colcon_core.package_identification:_identify(.) by extensions ['cmake', 'python']
[0.089s] Level 1:colcon.colcon_core.package_identification:_identify(.) by extension 'cmake'
[0.089s] Level 1:colcon.colcon_core.package_identification:_identify(.) by extension 'python'
[0.089s] Level 1:colcon.colcon_core.package_identification:_identify(.) by extensions ['python_setup_py']
[0.089s] Level 1:colcon.colcon_core.package_identification:_identify(.) by extension 'python_setup_py'
[0.089s] Level 1:colcon.colcon_core.package_identification:_identify(build) by extensions ['ignore', 'ignore_ament_install']
[0.089s] Level 1:colcon.colcon_core.package_identification:_identify(build) by extension 'ignore'
[0.089s] Level 1:colcon.colcon_core.package_identification:_identify(build) ignored
[0.089s] Level 1:colcon.colcon_core.package_identification:_identify(install) by extensions ['ignore', 'ignore_ament_install']
[0.089s] Level 1:colcon.colcon_core.package_identification:_identify(install) by extension 'ignore'
[0.089s] Level 1:colcon.colcon_core.package_identification:_identify(install) ignored
[0.089s] Level 1:colcon.colcon_core.package_identification:_identify(log) by extensions ['ignore', 'ignore_ament_install']
[0.089s] Level 1:colcon.colcon_core.package_identification:_identify(log) by extension 'ignore'
[0.089s] Level 1:colcon.colcon_core.package_identification:_identify(log) ignored
[0.089s] Level 1:colcon.colcon_core.package_identification:_identify(src) by extensions ['ignore', 'ignore_ament_install']
[0.089s] Level 1:colcon.colcon_core.package_identification:_identify(src) by extension 'ignore'
[0.089s] Level 1:colcon.colcon_core.package_identification:_identify(src) by extension 'ignore_ament_install'
[0.089s] Level 1:colcon.colcon_core.package_identification:_identify(src) by extensions ['colcon_pkg']
[0.089s] Level 1:colcon.colcon_core.package_identification:_identify(src) by extension 'colcon_pkg'
[0.089s] Level 1:colcon.colcon_core.package_identification:_identify(src) by extensions ['colcon_meta']
[0.089s] Level 1:colcon.colcon_core.package_identification:_identify(src) by extension 'colcon_meta'
[0.089s] Level 1:colcon.colcon_core.package_identification:_identify(src) by extensions ['ros']
[0.089s] Level 1:colcon.colcon_core.package_identification:_identify(src) by extension 'ros'
[0.089s] Level 1:colcon.colcon_core.package_identification:_identify(src) by extensions ['cmake', 'python']
[0.089s] Level 1:colcon.colcon_core.package_identification:_identify(src) by extension 'cmake'
[0.089s] Level 1:colcon.colcon_core.package_identification:_identify(src) by extension 'python'
[0.089s] Level 1:colcon.colcon_core.package_identification:_identify(src) by extensions ['python_setup_py']
[0.089s] Level 1:colcon.colcon_core.package_identification:_identify(src) by extension 'python_setup_py'
[0.090s] Level 1:colcon.colcon_core.package_identification:_identify(src/sjtu_drone-ros2) by extensions ['ignore', 'ignore_ament_install']
[0.090s] Level 1:colcon.colcon_core.package_identification:_identify(src/sjtu_drone-ros2) by extension 'ignore'
[0.090s] Level 1:colcon.colcon_core.package_identification:_identify(src/sjtu_drone-ros2) by extension 'ignore_ament_install'
[0.090s] Level 1:colcon.colcon_core.package_identification:_identify(src/sjtu_drone-ros2) by extensions ['colcon_pkg']
[0.090s] Level 1:colcon.colcon_core.package_identification:_identify(src/sjtu_drone-ros2) by extension 'colcon_pkg'
[0.090s] Level 1:colcon.colcon_core.package_identification:_identify(src/sjtu_drone-ros2) by extensions ['colcon_meta']
[0.090s] Level 1:colcon.colcon_core.package_identification:_identify(src/sjtu_drone-ros2) by extension 'colcon_meta'
[0.090s] Level 1:colcon.colcon_core.package_identification:_identify(src/sjtu_drone-ros2) by extensions ['ros']
[0.090s] Level 1:colcon.colcon_core.package_identification:_identify(src/sjtu_drone-ros2) by extension 'ros'
[0.090s] Level 1:colcon.colcon_core.package_identification:_identify(src/sjtu_drone-ros2) by extensions ['cmake', 'python']
[0.090s] Level 1:colcon.colcon_core.package_identification:_identify(src/sjtu_drone-ros2) by extension 'cmake'
[0.090s] Level 1:colcon.colcon_core.package_identification:_identify(src/sjtu_drone-ros2) by extension 'python'
[0.090s] Level 1:colcon.colcon_core.package_identification:_identify(src/sjtu_drone-ros2) by extensions ['python_setup_py']
[0.090s] Level 1:colcon.colcon_core.package_identification:_identify(src/sjtu_drone-ros2) by extension 'python_setup_py'
[0.090s] Level 1:colcon.colcon_core.package_identification:_identify(src/sjtu_drone-ros2/imgs) by extensions ['ignore', 'ignore_ament_install']
[0.090s] Level 1:colcon.colcon_core.package_identification:_identify(src/sjtu_drone-ros2/imgs) by extension 'ignore'
[0.090s] Level 1:colcon.colcon_core.package_identification:_identify(src/sjtu_drone-ros2/imgs) by extension 'ignore_ament_install'
[0.090s] Level 1:colcon.colcon_core.package_identification:_identify(src/sjtu_drone-ros2/imgs) by extensions ['colcon_pkg']
[0.090s] Level 1:colcon.colcon_core.package_identification:_identify(src/sjtu_drone-ros2/imgs) by extension 'colcon_pkg'
[0.090s] Level 1:colcon.colcon_core.package_identification:_identify(src/sjtu_drone-ros2/imgs) by extensions ['colcon_meta']
[0.090s] Level 1:colcon.colcon_core.package_identification:_identify(src/sjtu_drone-ros2/imgs) by extension 'colcon_meta'
[0.090s] Level 1:colcon.colcon_core.package_identification:_identify(src/sjtu_drone-ros2/imgs) by extensions ['ros']
[0.090s] Level 1:colcon.colcon_core.package_identification:_identify(src/sjtu_drone-ros2/imgs) by extension 'ros'
[0.090s] Level 1:colcon.colcon_core.package_identification:_identify(src/sjtu_drone-ros2/imgs) by extensions ['cmake', 'python']
[0.090s] Level 1:colcon.colcon_core.package_identification:_identify(src/sjtu_drone-ros2/imgs) by extension 'cmake'
[0.090s] Level 1:colcon.colcon_core.package_identification:_identify(src/sjtu_drone-ros2/imgs) by extension 'python'
[0.090s] Level 1:colcon.colcon_core.package_identification:_identify(src/sjtu_drone-ros2/imgs) by extensions ['python_setup_py']
[0.090s] Level 1:colcon.colcon_core.package_identification:_identify(src/sjtu_drone-ros2/imgs) by extension 'python_setup_py'
[0.090s] Level 1:colcon.colcon_core.package_identification:_identify(src/sjtu_drone-ros2/launch) by extensions ['ignore', 'ignore_ament_install']
[0.090s] Level 1:colcon.colcon_core.package_identification:_identify(src/sjtu_drone-ros2/launch) by extension 'ignore'
[0.090s] Level 1:colcon.colcon_core.package_identification:_identify(src/sjtu_drone-ros2/launch) by extension 'ignore_ament_install'
[0.090s] Level 1:colcon.colcon_core.package_identification:_identify(src/sjtu_drone-ros2/launch) by extensions ['colcon_pkg']
[0.090s] Level 1:colcon.colcon_core.package_identification:_identify(src/sjtu_drone-ros2/launch) by extension 'colcon_pkg'
[0.090s] Level 1:colcon.colcon_core.package_identification:_identify(src/sjtu_drone-ros2/launch) by extensions ['colcon_meta']
[0.090s] Level 1:colcon.colcon_core.package_identification:_identify(src/sjtu_drone-ros2/launch) by extension 'colcon_meta'
[0.090s] Level 1:colcon.colcon_core.package_identification:_identify(src/sjtu_drone-ros2/launch) by extensions ['ros']
[0.090s] Level 1:colcon.colcon_core.package_identification:_identify(src/sjtu_drone-ros2/launch) by extension 'ros'
[0.090s] Level 1:colcon.colcon_core.package_identification:_identify(src/sjtu_drone-ros2/launch) by extensions ['cmake', 'python']
[0.090s] Level 1:colcon.colcon_core.package_identification:_identify(src/sjtu_drone-ros2/launch) by extension 'cmake'
[0.090s] Level 1:colcon.colcon_core.package_identification:_identify(src/sjtu_drone-ros2/launch) by extension 'python'
[0.090s] Level 1:colcon.colcon_core.package_identification:_identify(src/sjtu_drone-ros2/launch) by extensions ['python_setup_py']
[0.090s] Level 1:colcon.colcon_core.package_identification:_identify(src/sjtu_drone-ros2/launch) by extension 'python_setup_py'
[0.091s] Level 1:colcon.colcon_core.package_identification:_identify(src/sjtu_drone-ros2/matlab) by extensions ['ignore', 'ignore_ament_install']
[0.091s] Level 1:colcon.colcon_core.package_identification:_identify(src/sjtu_drone-ros2/matlab) by extension 'ignore'
[0.091s] Level 1:colcon.colcon_core.package_identification:_identify(src/sjtu_drone-ros2/matlab) by extension 'ignore_ament_install'
[0.091s] Level 1:colcon.colcon_core.package_identification:_identify(src/sjtu_drone-ros2/matlab) by extensions ['colcon_pkg']
[0.091s] Level 1:colcon.colcon_core.package_identification:_identify(src/sjtu_drone-ros2/matlab) by extension 'colcon_pkg'
[0.091s] Level 1:colcon.colcon_core.package_identification:_identify(src/sjtu_drone-ros2/matlab) by extensions ['colcon_meta']
[0.091s] Level 1:colcon.colcon_core.package_identification:_identify(src/sjtu_drone-ros2/matlab) by extension 'colcon_meta'
[0.091s] Level 1:colcon.colcon_core.package_identification:_identify(src/sjtu_drone-ros2/matlab) by extensions ['ros']
[0.091s] Level 1:colcon.colcon_core.package_identification:_identify(src/sjtu_drone-ros2/matlab) by extension 'ros'
[0.091s] Level 1:colcon.colcon_core.package_identification:_identify(src/sjtu_drone-ros2/matlab) by extensions ['cmake', 'python']
[0.091s] Level 1:colcon.colcon_core.package_identification:_identify(src/sjtu_drone-ros2/matlab) by extension 'cmake'
[0.091s] Level 1:colcon.colcon_core.package_identification:_identify(src/sjtu_drone-ros2/matlab) by extension 'python'
[0.091s] Level 1:colcon.colcon_core.package_identification:_identify(src/sjtu_drone-ros2/matlab) by extensions ['python_setup_py']
[0.091s] Level 1:colcon.colcon_core.package_identification:_identify(src/sjtu_drone-ros2/matlab) by extension 'python_setup_py'
[0.091s] Level 1:colcon.colcon_core.package_identification:_identify(src/sjtu_drone-ros2/scripts) by extensions ['ignore', 'ignore_ament_install']
[0.091s] Level 1:colcon.colcon_core.package_identification:_identify(src/sjtu_drone-ros2/scripts) by extension 'ignore'
[0.091s] Level 1:colcon.colcon_core.package_identification:_identify(src/sjtu_drone-ros2/scripts) by extension 'ignore_ament_install'
[0.091s] Level 1:colcon.colcon_core.package_identification:_identify(src/sjtu_drone-ros2/scripts) by extensions ['colcon_pkg']
[0.091s] Level 1:colcon.colcon_core.package_identification:_identify(src/sjtu_drone-ros2/scripts) by extension 'colcon_pkg'
[0.091s] Level 1:colcon.colcon_core.package_identification:_identify(src/sjtu_drone-ros2/scripts) by extensions ['colcon_meta']
[0.091s] Level 1:colcon.colcon_core.package_identification:_identify(src/sjtu_drone-ros2/scripts) by extension 'colcon_meta'
[0.091s] Level 1:colcon.colcon_core.package_identification:_identify(src/sjtu_drone-ros2/scripts) by extensions ['ros']
[0.091s] Level 1:colcon.colcon_core.package_identification:_identify(src/sjtu_drone-ros2/scripts) by extension 'ros'
[0.091s] Level 1:colcon.colcon_core.package_identification:_identify(src/sjtu_drone-ros2/scripts) by extensions ['cmake', 'python']
[0.091s] Level 1:colcon.colcon_core.package_identification:_identify(src/sjtu_drone-ros2/scripts) by extension 'cmake'
[0.091s] Level 1:colcon.colcon_core.package_identification:_identify(src/sjtu_drone-ros2/scripts) by extension 'python'
[0.091s] Level 1:colcon.colcon_core.package_identification:_identify(src/sjtu_drone-ros2/scripts) by extensions ['python_setup_py']
[0.091s] Level 1:colcon.colcon_core.package_identification:_identify(src/sjtu_drone-ros2/scripts) by extension 'python_setup_py'
[0.091s] Level 1:colcon.colcon_core.package_identification:_identify(src/sjtu_drone-ros2/sjtu_drone_bringup) by extensions ['ignore', 'ignore_ament_install']
[0.091s] Level 1:colcon.colcon_core.package_identification:_identify(src/sjtu_drone-ros2/sjtu_drone_bringup) by extension 'ignore'
[0.091s] Level 1:colcon.colcon_core.package_identification:_identify(src/sjtu_drone-ros2/sjtu_drone_bringup) by extension 'ignore_ament_install'
[0.091s] Level 1:colcon.colcon_core.package_identification:_identify(src/sjtu_drone-ros2/sjtu_drone_bringup) by extensions ['colcon_pkg']
[0.091s] Level 1:colcon.colcon_core.package_identification:_identify(src/sjtu_drone-ros2/sjtu_drone_bringup) by extension 'colcon_pkg'
[0.091s] Level 1:colcon.colcon_core.package_identification:_identify(src/sjtu_drone-ros2/sjtu_drone_bringup) by extensions ['colcon_meta']
[0.091s] Level 1:colcon.colcon_core.package_identification:_identify(src/sjtu_drone-ros2/sjtu_drone_bringup) by extension 'colcon_meta'
[0.091s] Level 1:colcon.colcon_core.package_identification:_identify(src/sjtu_drone-ros2/sjtu_drone_bringup) by extensions ['ros']
[0.091s] Level 1:colcon.colcon_core.package_identification:_identify(src/sjtu_drone-ros2/sjtu_drone_bringup) by extension 'ros'
[0.093s] DEBUG:colcon.colcon_core.package_identification:Package 'src/sjtu_drone-ros2/sjtu_drone_bringup' with type 'ros.ament_python' and name 'sjtu_drone_bringup'
[0.093s] Level 1:colcon.colcon_core.package_identification:_identify(src/sjtu_drone-ros2/sjtu_drone_control) by extensions ['ignore', 'ignore_ament_install']
[0.093s] Level 1:colcon.colcon_core.package_identification:_identify(src/sjtu_drone-ros2/sjtu_drone_control) by extension 'ignore'
[0.093s] Level 1:colcon.colcon_core.package_identification:_identify(src/sjtu_drone-ros2/sjtu_drone_control) by extension 'ignore_ament_install'
[0.093s] Level 1:colcon.colcon_core.package_identification:_identify(src/sjtu_drone-ros2/sjtu_drone_control) by extensions ['colcon_pkg']
[0.093s] Level 1:colcon.colcon_core.package_identification:_identify(src/sjtu_drone-ros2/sjtu_drone_control) by extension 'colcon_pkg'
[0.093s] Level 1:colcon.colcon_core.package_identification:_identify(src/sjtu_drone-ros2/sjtu_drone_control) by extensions ['colcon_meta']
[0.093s] Level 1:colcon.colcon_core.package_identification:_identify(src/sjtu_drone-ros2/sjtu_drone_control) by extension 'colcon_meta'
[0.093s] Level 1:colcon.colcon_core.package_identification:_identify(src/sjtu_drone-ros2/sjtu_drone_control) by extensions ['ros']
[0.093s] Level 1:colcon.colcon_core.package_identification:_identify(src/sjtu_drone-ros2/sjtu_drone_control) by extension 'ros'
[0.094s] DEBUG:colcon.colcon_core.package_identification:Package 'src/sjtu_drone-ros2/sjtu_drone_control' with type 'ros.ament_python' and name 'sjtu_drone_control'
[0.094s] Level 1:colcon.colcon_core.package_identification:_identify(src/sjtu_drone-ros2/sjtu_drone_description) by extensions ['ignore', 'ignore_ament_install']
[0.094s] Level 1:colcon.colcon_core.package_identification:_identify(src/sjtu_drone-ros2/sjtu_drone_description) by extension 'ignore'
[0.094s] Level 1:colcon.colcon_core.package_identification:_identify(src/sjtu_drone-ros2/sjtu_drone_description) by extension 'ignore_ament_install'
[0.094s] Level 1:colcon.colcon_core.package_identification:_identify(src/sjtu_drone-ros2/sjtu_drone_description) by extensions ['colcon_pkg']
[0.094s] Level 1:colcon.colcon_core.package_identification:_identify(src/sjtu_drone-ros2/sjtu_drone_description) by extension 'colcon_pkg'
[0.094s] Level 1:colcon.colcon_core.package_identification:_identify(src/sjtu_drone-ros2/sjtu_drone_description) by extensions ['colcon_meta']
[0.094s] Level 1:colcon.colcon_core.package_identification:_identify(src/sjtu_drone-ros2/sjtu_drone_description) by extension 'colcon_meta'
[0.094s] Level 1:colcon.colcon_core.package_identification:_identify(src/sjtu_drone-ros2/sjtu_drone_description) by extensions ['ros']
[0.094s] Level 1:colcon.colcon_core.package_identification:_identify(src/sjtu_drone-ros2/sjtu_drone_description) by extension 'ros'
[0.095s] DEBUG:colcon.colcon_core.package_identification:Package 'src/sjtu_drone-ros2/sjtu_drone_description' with type 'ros.ament_cmake' and name 'sjtu_drone_description'
[0.095s] Level 1:colcon.colcon_core.package_identification:_identify(src/sjtu_drone-ros2/sjtu_drone_interfaces) by extensions ['ignore', 'ignore_ament_install']
[0.095s] Level 1:colcon.colcon_core.package_identification:_identify(src/sjtu_drone-ros2/sjtu_drone_interfaces) by extension 'ignore'
[0.095s] Level 1:colcon.colcon_core.package_identification:_identify(src/sjtu_drone-ros2/sjtu_drone_interfaces) by extension 'ignore_ament_install'
[0.095s] Level 1:colcon.colcon_core.package_identification:_identify(src/sjtu_drone-ros2/sjtu_drone_interfaces) by extensions ['colcon_pkg']
[0.095s] Level 1:colcon.colcon_core.package_identification:_identify(src/sjtu_drone-ros2/sjtu_drone_interfaces) by extension 'colcon_pkg'
[0.095s] Level 1:colcon.colcon_core.package_identification:_identify(src/sjtu_drone-ros2/sjtu_drone_interfaces) by extensions ['colcon_meta']
[0.095s] Level 1:colcon.colcon_core.package_identification:_identify(src/sjtu_drone-ros2/sjtu_drone_interfaces) by extension 'colcon_meta'
[0.095s] Level 1:colcon.colcon_core.package_identification:_identify(src/sjtu_drone-ros2/sjtu_drone_interfaces) by extensions ['ros']
[0.095s] Level 1:colcon.colcon_core.package_identification:_identify(src/sjtu_drone-ros2/sjtu_drone_interfaces) by extension 'ros'
[0.095s] DEBUG:colcon.colcon_core.package_identification:Package 'src/sjtu_drone-ros2/sjtu_drone_interfaces' with type 'ros.ament_cmake' and name 'sjtu_drone_interfaces'
[0.095s] Level 1:colcon.colcon_core.package_identification:_identify(src/sjtu_drone_bringup) by extensions ['ignore', 'ignore_ament_install']
[0.095s] Level 1:colcon.colcon_core.package_identification:_identify(src/sjtu_drone_bringup) by extension 'ignore'
[0.095s] Level 1:colcon.colcon_core.package_identification:_identify(src/sjtu_drone_bringup) by extension 'ignore_ament_install'
[0.095s] Level 1:colcon.colcon_core.package_identification:_identify(src/sjtu_drone_bringup) by extensions ['colcon_pkg']
[0.095s] Level 1:colcon.colcon_core.package_identification:_identify(src/sjtu_drone_bringup) by extension 'colcon_pkg'
[0.095s] Level 1:colcon.colcon_core.package_identification:_identify(src/sjtu_drone_bringup) by extensions ['colcon_meta']
[0.095s] Level 1:colcon.colcon_core.package_identification:_identify(src/sjtu_drone_bringup) by extension 'colcon_meta'
[0.095s] Level 1:colcon.colcon_core.package_identification:_identify(src/sjtu_drone_bringup) by extensions ['ros']
[0.096s] Level 1:colcon.colcon_core.package_identification:_identify(src/sjtu_drone_bringup) by extension 'ros'
[0.096s] Level 1:colcon.colcon_core.package_identification:_identify(src/sjtu_drone_bringup) by extensions ['cmake', 'python']
[0.096s] Level 1:colcon.colcon_core.package_identification:_identify(src/sjtu_drone_bringup) by extension 'cmake'
[0.096s] Level 1:colcon.colcon_core.package_identification:_identify(src/sjtu_drone_bringup) by extension 'python'
[0.096s] Level 1:colcon.colcon_core.package_identification:_identify(src/sjtu_drone_bringup) by extensions ['python_setup_py']
[0.096s] Level 1:colcon.colcon_core.package_identification:_identify(src/sjtu_drone_bringup) by extension 'python_setup_py'
[0.096s] Level 1:colcon.colcon_core.package_identification:_identify(src/sjtu_drone_bringup/launch) by extensions ['ignore', 'ignore_ament_install']
[0.096s] Level 1:colcon.colcon_core.package_identification:_identify(src/sjtu_drone_bringup/launch) by extension 'ignore'
[0.096s] Level 1:colcon.colcon_core.package_identification:_identify(src/sjtu_drone_bringup/launch) by extension 'ignore_ament_install'
[0.096s] Level 1:colcon.colcon_core.package_identification:_identify(src/sjtu_drone_bringup/launch) by extensions ['colcon_pkg']
[0.096s] Level 1:colcon.colcon_core.package_identification:_identify(src/sjtu_drone_bringup/launch) by extension 'colcon_pkg'
[0.096s] Level 1:colcon.colcon_core.package_identification:_identify(src/sjtu_drone_bringup/launch) by extensions ['colcon_meta']
[0.096s] Level 1:colcon.colcon_core.package_identification:_identify(src/sjtu_drone_bringup/launch) by extension 'colcon_meta'
[0.096s] Level 1:colcon.colcon_core.package_identification:_identify(src/sjtu_drone_bringup/launch) by extensions ['ros']
[0.096s] Level 1:colcon.colcon_core.package_identification:_identify(src/sjtu_drone_bringup/launch) by extension 'ros'
[0.096s] Level 1:colcon.colcon_core.package_identification:_identify(src/sjtu_drone_bringup/launch) by extensions ['cmake', 'python']
[0.096s] Level 1:colcon.colcon_core.package_identification:_identify(src/sjtu_drone_bringup/launch) by extension 'cmake'
[0.096s] Level 1:colcon.colcon_core.package_identification:_identify(src/sjtu_drone_bringup/launch) by extension 'python'
[0.096s] Level 1:colcon.colcon_core.package_identification:_identify(src/sjtu_drone_bringup/launch) by extensions ['python_setup_py']
[0.096s] Level 1:colcon.colcon_core.package_identification:_identify(src/sjtu_drone_bringup/launch) by extension 'python_setup_py'
[0.096s] Level 1:colcon.colcon_core.package_discovery:discover_packages(recursive) using defaults
[0.096s] Level 1:colcon.colcon_core.package_discovery:discover_packages(ignore) discover
[0.096s] Level 1:colcon.colcon_core.package_discovery:discover_packages(ignore) using defaults
[0.096s] Level 1:colcon.colcon_core.package_discovery:discover_packages(path) discover
[0.096s] Level 1:colcon.colcon_core.package_discovery:discover_packages(path) using defaults
[0.108s] Level 1:colcon.colcon_core.package_discovery:discover_packages(prefix_path) check parameters
[0.108s] Level 1:colcon.colcon_core.package_discovery:discover_packages(prefix_path) discover
[0.109s] DEBUG:colcon.colcon_installed_package_information.package_discovery:Found 4 installed packages in /home/j/INCSL/IICC26_ws/install
[0.110s] DEBUG:colcon.colcon_installed_package_information.package_discovery:Found 393 installed packages in /opt/ros/humble
[0.111s] Level 1:colcon.colcon_core.package_discovery:discover_packages(prefix_path) using defaults
[0.132s] Level 5:colcon.colcon_core.verb:set package 'sjtu_drone_bringup' build argument 'cmake_args' from command line to 'None'
[0.132s] Level 5:colcon.colcon_core.verb:set package 'sjtu_drone_bringup' build argument 'cmake_target' from command line to 'None'
[0.132s] Level 5:colcon.colcon_core.verb:set package 'sjtu_drone_bringup' build argument 'cmake_target_skip_unavailable' from command line to 'False'
[0.132s] Level 5:colcon.colcon_core.verb:set package 'sjtu_drone_bringup' build argument 'cmake_clean_cache' from command line to 'False'
[0.133s] Level 5:colcon.colcon_core.verb:set package 'sjtu_drone_bringup' build argument 'cmake_clean_first' from command line to 'False'
[0.133s] Level 5:colcon.colcon_core.verb:set package 'sjtu_drone_bringup' build argument 'cmake_force_configure' from command line to 'False'
[0.133s] Level 5:colcon.colcon_core.verb:set package 'sjtu_drone_bringup' build argument 'ament_cmake_args' from command line to 'None'
[0.133s] Level 5:colcon.colcon_core.verb:set package 'sjtu_drone_bringup' build argument 'catkin_cmake_args' from command line to 'None'
[0.133s] Level 5:colcon.colcon_core.verb:set package 'sjtu_drone_bringup' build argument 'catkin_skip_building_tests' from command line to 'False'
[0.133s] DEBUG:colcon.colcon_core.verb:Building package 'sjtu_drone_bringup' with the following arguments: {'ament_cmake_args': None, 'build_base': '/home/j/INCSL/IICC26_ws/build/sjtu_drone_bringup', 'catkin_cmake_args': None, 'catkin_skip_building_tests': False, 'cmake_args': None, 'cmake_clean_cache': False, 'cmake_clean_first': False, 'cmake_force_configure': False, 'cmake_target': None, 'cmake_target_skip_unavailable': False, 'install_base': '/home/j/INCSL/IICC26_ws/install/sjtu_drone_bringup', 'merge_install': False, 'path': '/home/j/INCSL/IICC26_ws/src/sjtu_drone-ros2/sjtu_drone_bringup', 'symlink_install': True, 'test_result_base': None}
[0.133s] Level 5:colcon.colcon_core.verb:set package 'sjtu_drone_control' build argument 'cmake_args' from command line to 'None'
[0.133s] Level 5:colcon.colcon_core.verb:set package 'sjtu_drone_control' build argument 'cmake_target' from command line to 'None'
[0.133s] Level 5:colcon.colcon_core.verb:set package 'sjtu_drone_control' build argument 'cmake_target_skip_unavailable' from command line to 'False'
[0.133s] Level 5:colcon.colcon_core.verb:set package 'sjtu_drone_control' build argument 'cmake_clean_cache' from command line to 'False'
[0.133s] Level 5:colcon.colcon_core.verb:set package 'sjtu_drone_control' build argument 'cmake_clean_first' from command line to 'False'
[0.133s] Level 5:colcon.colcon_core.verb:set package 'sjtu_drone_control' build argument 'cmake_force_configure' from command line to 'False'
[0.133s] Level 5:colcon.colcon_core.verb:set package 'sjtu_drone_control' build argument 'ament_cmake_args' from command line to 'None'
[0.133s] Level 5:colcon.colcon_core.verb:set package 'sjtu_drone_control' build argument 'catkin_cmake_args' from command line to 'None'
[0.133s] Level 5:colcon.colcon_core.verb:set package 'sjtu_drone_control' build argument 'catkin_skip_building_tests' from command line to 'False'
[0.133s] DEBUG:colcon.colcon_core.verb:Building package 'sjtu_drone_control' with the following arguments: {'ament_cmake_args': None, 'build_base': '/home/j/INCSL/IICC26_ws/build/sjtu_drone_control', 'catkin_cmake_args': None, 'catkin_skip_building_tests': False, 'cmake_args': None, 'cmake_clean_cache': False, 'cmake_clean_first': False, 'cmake_force_configure': False, 'cmake_target': None, 'cmake_target_skip_unavailable': False, 'install_base': '/home/j/INCSL/IICC26_ws/install/sjtu_drone_control', 'merge_install': False, 'path': '/home/j/INCSL/IICC26_ws/src/sjtu_drone-ros2/sjtu_drone_control', 'symlink_install': True, 'test_result_base': None}
[0.133s] Level 5:colcon.colcon_core.verb:set package 'sjtu_drone_interfaces' build argument 'cmake_args' from command line to 'None'
[0.133s] Level 5:colcon.colcon_core.verb:set package 'sjtu_drone_interfaces' build argument 'cmake_target' from command line to 'None'
[0.133s] Level 5:colcon.colcon_core.verb:set package 'sjtu_drone_interfaces' build argument 'cmake_target_skip_unavailable' from command line to 'False'
[0.133s] Level 5:colcon.colcon_core.verb:set package 'sjtu_drone_interfaces' build argument 'cmake_clean_cache' from command line to 'False'
[0.133s] Level 5:colcon.colcon_core.verb:set package 'sjtu_drone_interfaces' build argument 'cmake_clean_first' from command line to 'False'
[0.133s] Level 5:colcon.colcon_core.verb:set package 'sjtu_drone_interfaces' build argument 'cmake_force_configure' from command line to 'False'
[0.133s] Level 5:colcon.colcon_core.verb:set package 'sjtu_drone_interfaces' build argument 'ament_cmake_args' from command line to 'None'
[0.133s] Level 5:colcon.colcon_core.verb:set package 'sjtu_drone_interfaces' build argument 'catkin_cmake_args' from command line to 'None'
[0.133s] Level 5:colcon.colcon_core.verb:set package 'sjtu_drone_interfaces' build argument 'catkin_skip_building_tests' from command line to 'False'
[0.133s] DEBUG:colcon.colcon_core.verb:Building package 'sjtu_drone_interfaces' with the following arguments: {'ament_cmake_args': None, 'build_base': '/home/j/INCSL/IICC26_ws/build/sjtu_drone_interfaces', 'catkin_cmake_args': None, 'catkin_skip_building_tests': False, 'cmake_args': None, 'cmake_clean_cache': False, 'cmake_clean_first': False, 'cmake_force_configure': False, 'cmake_target': None, 'cmake_target_skip_unavailable': False, 'install_base': '/home/j/INCSL/IICC26_ws/install/sjtu_drone_interfaces', 'merge_install': False, 'path': '/home/j/INCSL/IICC26_ws/src/sjtu_drone-ros2/sjtu_drone_interfaces', 'symlink_install': True, 'test_result_base': None}
[0.133s] Level 5:colcon.colcon_core.verb:set package 'sjtu_drone_description' build argument 'cmake_args' from command line to 'None'
[0.133s] Level 5:colcon.colcon_core.verb:set package 'sjtu_drone_description' build argument 'cmake_target' from command line to 'None'
[0.133s] Level 5:colcon.colcon_core.verb:set package 'sjtu_drone_description' build argument 'cmake_target_skip_unavailable' from command line to 'False'
[0.133s] Level 5:colcon.colcon_core.verb:set package 'sjtu_drone_description' build argument 'cmake_clean_cache' from command line to 'False'
[0.133s] Level 5:colcon.colcon_core.verb:set package 'sjtu_drone_description' build argument 'cmake_clean_first' from command line to 'False'
[0.133s] Level 5:colcon.colcon_core.verb:set package 'sjtu_drone_description' build argument 'cmake_force_configure' from command line to 'False'
[0.133s] Level 5:colcon.colcon_core.verb:set package 'sjtu_drone_description' build argument 'ament_cmake_args' from command line to 'None'
[0.133s] Level 5:colcon.colcon_core.verb:set package 'sjtu_drone_description' build argument 'catkin_cmake_args' from command line to 'None'
[0.133s] Level 5:colcon.colcon_core.verb:set package 'sjtu_drone_description' build argument 'catkin_skip_building_tests' from command line to 'False'
[0.133s] DEBUG:colcon.colcon_core.verb:Building package 'sjtu_drone_description' with the following arguments: {'ament_cmake_args': None, 'build_base': '/home/j/INCSL/IICC26_ws/build/sjtu_drone_description', 'catkin_cmake_args': None, 'catkin_skip_building_tests': False, 'cmake_args': None, 'cmake_clean_cache': False, 'cmake_clean_first': False, 'cmake_force_configure': False, 'cmake_target': None, 'cmake_target_skip_unavailable': False, 'install_base': '/home/j/INCSL/IICC26_ws/install/sjtu_drone_description', 'merge_install': False, 'path': '/home/j/INCSL/IICC26_ws/src/sjtu_drone-ros2/sjtu_drone_description', 'symlink_install': True, 'test_result_base': None}
[0.133s] INFO:colcon.colcon_core.executor:Executing jobs using 'parallel' executor
[0.134s] DEBUG:colcon.colcon_parallel_executor.executor.parallel:run_until_complete
[0.134s] INFO:colcon.colcon_ros.task.ament_cmake.build:Building ROS package in '/home/j/INCSL/IICC26_ws/src/sjtu_drone-ros2/sjtu_drone_interfaces' with build type 'ament_cmake'
[0.135s] INFO:colcon.colcon_cmake.task.cmake.build:Building CMake package in '/home/j/INCSL/IICC26_ws/src/sjtu_drone-ros2/sjtu_drone_interfaces'
[0.136s] INFO:colcon.colcon_core.plugin_system:Skipping extension 'colcon_core.shell.bat': Not used on non-Windows systems
[0.136s] INFO:colcon.colcon_core.shell:Skip shell extension 'powershell' for command environment: Not usable outside of PowerShell
[0.136s] DEBUG:colcon.colcon_core.shell:Skip shell extension 'dsv' for command environment
[0.138s] INFO:colcon.colcon_ros.task.ament_python.build:Building ROS package in '/home/j/INCSL/IICC26_ws/src/sjtu_drone-ros2/sjtu_drone_bringup' with build type 'ament_python'
[0.138s] Level 1:colcon.colcon_core.shell:create_environment_hook('sjtu_drone_bringup', 'ament_prefix_path')
[0.138s] INFO:colcon.colcon_core.shell:Creating environment hook '/home/j/INCSL/IICC26_ws/install/sjtu_drone_bringup/share/sjtu_drone_bringup/hook/ament_prefix_path.ps1'
[0.138s] INFO:colcon.colcon_core.shell:Creating environment descriptor '/home/j/INCSL/IICC26_ws/install/sjtu_drone_bringup/share/sjtu_drone_bringup/hook/ament_prefix_path.dsv'
[0.139s] INFO:colcon.colcon_core.shell:Creating environment hook '/home/j/INCSL/IICC26_ws/install/sjtu_drone_bringup/share/sjtu_drone_bringup/hook/ament_prefix_path.sh'
[0.139s] INFO:colcon.colcon_core.shell:Skip shell extension 'powershell' for command environment: Not usable outside of PowerShell
[0.139s] DEBUG:colcon.colcon_core.shell:Skip shell extension 'dsv' for command environment
[0.141s] INFO:colcon.colcon_ros.task.ament_python.build:Building ROS package in '/home/j/INCSL/IICC26_ws/src/sjtu_drone-ros2/sjtu_drone_control' with build type 'ament_python'
[0.141s] Level 1:colcon.colcon_core.shell:create_environment_hook('sjtu_drone_control', 'ament_prefix_path')
[0.141s] INFO:colcon.colcon_core.shell:Creating environment hook '/home/j/INCSL/IICC26_ws/install/sjtu_drone_control/share/sjtu_drone_control/hook/ament_prefix_path.ps1'
[0.141s] INFO:colcon.colcon_core.shell:Creating environment descriptor '/home/j/INCSL/IICC26_ws/install/sjtu_drone_control/share/sjtu_drone_control/hook/ament_prefix_path.dsv'
[0.141s] INFO:colcon.colcon_core.shell:Creating environment hook '/home/j/INCSL/IICC26_ws/install/sjtu_drone_control/share/sjtu_drone_control/hook/ament_prefix_path.sh'
[0.142s] INFO:colcon.colcon_core.shell:Skip shell extension 'powershell' for command environment: Not usable outside of PowerShell
[0.142s] DEBUG:colcon.colcon_core.shell:Skip shell extension 'dsv' for command environment
[0.146s] DEBUG:colcon.colcon_core.event_handler.log_command:Invoking command in '/home/j/INCSL/IICC26_ws/build/sjtu_drone_interfaces': CMAKE_PREFIX_PATH=${CMAKE_PREFIX_PATH}:/home/j/INCSL/IICC26_ws/install/sjtu_drone_control:/home/j/INCSL/IICC26_ws/install/sjtu_drone_bringup:/opt/ros/humble /usr/bin/cmake /home/j/INCSL/IICC26_ws/src/sjtu_drone-ros2/sjtu_drone_interfaces -DAMENT_CMAKE_SYMLINK_INSTALL=1 -DCMAKE_INSTALL_PREFIX=/home/j/INCSL/IICC26_ws/install/sjtu_drone_interfaces
[0.280s] INFO:colcon.colcon_core.task.python.build:Building Python package in '/home/j/INCSL/IICC26_ws/src/sjtu_drone-ros2/sjtu_drone_bringup'
[0.281s] INFO:colcon.colcon_core.shell:Skip shell extension 'powershell' for command environment: Not usable outside of PowerShell
[0.281s] DEBUG:colcon.colcon_core.shell:Skip shell extension 'dsv' for command environment
[0.400s] INFO:colcon.colcon_core.task.python.build:Building Python package in '/home/j/INCSL/IICC26_ws/src/sjtu_drone-ros2/sjtu_drone_control'
[0.401s] INFO:colcon.colcon_core.shell:Skip shell extension 'powershell' for command environment: Not usable outside of PowerShell
[0.401s] DEBUG:colcon.colcon_core.shell:Skip shell extension 'dsv' for command environment
[0.666s] DEBUG:colcon.colcon_core.task.python.build:While undoing a previous installation files outside the Python library path are being ignored: /home/j/INCSL/IICC26_ws/install/sjtu_drone_control/share/ament_index/resource_index/packages/sjtu_drone_control
[0.666s] DEBUG:colcon.colcon_core.task.python.build:While undoing a previous installation files outside the Python library path are being ignored: /home/j/INCSL/IICC26_ws/install/sjtu_drone_control/share/sjtu_drone_control/package.xml
[0.666s] DEBUG:colcon.colcon_core.task.python.build:While undoing a previous installation files outside the Python library path are being ignored: /home/j/INCSL/IICC26_ws/install/sjtu_drone_control/bin/drone_position_control
[0.666s] DEBUG:colcon.colcon_core.task.python.build:While undoing a previous installation files outside the Python library path are being ignored: /home/j/INCSL/IICC26_ws/install/sjtu_drone_control/bin/open_loop_control
[0.666s] DEBUG:colcon.colcon_core.task.python.build:While undoing a previous installation files outside the Python library path are being ignored: /home/j/INCSL/IICC26_ws/install/sjtu_drone_control/bin/teleop
[0.666s] DEBUG:colcon.colcon_core.task.python.build:While undoing a previous installation files outside the Python library path are being ignored: /home/j/INCSL/IICC26_ws/install/sjtu_drone_control/bin/teleop_joystick
[0.668s] DEBUG:colcon.colcon_core.event_handler.log_command:Invoking command in '/home/j/INCSL/IICC26_ws/build/sjtu_drone_control': PYTHONPATH=/home/j/INCSL/IICC26_ws/build/sjtu_drone_control/prefix_override:/usr/lib/python3/dist-packages/colcon_core/task/python/colcon_distutils_commands:/home/j/INCSL/IICC26_ws/install/sjtu_drone_control/lib/python3.10/site-packages:${PYTHONPATH} /usr/bin/python3 -W ignore:setup.py install is deprecated -W ignore:easy_install command is deprecated setup.py develop --editable --build-directory /home/j/INCSL/IICC26_ws/build/sjtu_drone_control/build --no-deps symlink_data --force
[0.668s] DEBUG:colcon.colcon_core.task.python.build:While undoing a previous installation files outside the Python library path are being ignored: /home/j/INCSL/IICC26_ws/install/sjtu_drone_bringup/share/ament_index/resource_index/packages/sjtu_drone_bringup
[0.668s] DEBUG:colcon.colcon_core.task.python.build:While undoing a previous installation files outside the Python library path are being ignored: /home/j/INCSL/IICC26_ws/install/sjtu_drone_bringup/share/sjtu_drone_bringup/package.xml
[0.668s] DEBUG:colcon.colcon_core.task.python.build:While undoing a previous installation files outside the Python library path are being ignored: /home/j/INCSL/IICC26_ws/install/sjtu_drone_bringup/share/sjtu_drone_bringup/launch/sjtu_drone_gazebo.launch.py
[0.668s] DEBUG:colcon.colcon_core.task.python.build:While undoing a previous installation files outside the Python library path are being ignored: /home/j/INCSL/IICC26_ws/install/sjtu_drone_bringup/share/sjtu_drone_bringup/launch/wind_publisher_launch.py
[0.668s] DEBUG:colcon.colcon_core.task.python.build:While undoing a previous installation files outside the Python library path are being ignored: /home/j/INCSL/IICC26_ws/install/sjtu_drone_bringup/share/sjtu_drone_bringup/launch/sjtu_drone_bringup.launch.py
[0.668s] DEBUG:colcon.colcon_core.task.python.build:While undoing a previous installation files outside the Python library path are being ignored: /home/j/INCSL/IICC26_ws/install/sjtu_drone_bringup/share/sjtu_drone_bringup/rviz/rviz.rviz
[0.668s] DEBUG:colcon.colcon_core.task.python.build:While undoing a previous installation files outside the Python library path are being ignored: /home/j/INCSL/IICC26_ws/install/sjtu_drone_bringup/share/sjtu_drone_bringup/config/drone.yaml
[0.668s] DEBUG:colcon.colcon_core.task.python.build:While undoing a previous installation files outside the Python library path are being ignored: /home/j/INCSL/IICC26_ws/install/sjtu_drone_bringup/bin/spawn_drone
[0.670s] DEBUG:colcon.colcon_core.event_handler.log_command:Invoking command in '/home/j/INCSL/IICC26_ws/build/sjtu_drone_bringup': PYTHONPATH=/home/j/INCSL/IICC26_ws/build/sjtu_drone_bringup/prefix_override:/usr/lib/python3/dist-packages/colcon_core/task/python/colcon_distutils_commands:/home/j/INCSL/IICC26_ws/install/sjtu_drone_bringup/lib/python3.10/site-packages:${PYTHONPATH} /usr/bin/python3 -W ignore:setup.py install is deprecated -W ignore:easy_install command is deprecated setup.py develop --editable --build-directory /home/j/INCSL/IICC26_ws/build/sjtu_drone_bringup/build --no-deps symlink_data --force
[0.727s] DEBUG:colcon.colcon_core.event_handler.log_command:Invoked command in '/home/j/INCSL/IICC26_ws/build/sjtu_drone_interfaces' returned '0': CMAKE_PREFIX_PATH=${CMAKE_PREFIX_PATH}:/home/j/INCSL/IICC26_ws/install/sjtu_drone_control:/home/j/INCSL/IICC26_ws/install/sjtu_drone_bringup:/opt/ros/humble /usr/bin/cmake /home/j/INCSL/IICC26_ws/src/sjtu_drone-ros2/sjtu_drone_interfaces -DAMENT_CMAKE_SYMLINK_INSTALL=1 -DCMAKE_INSTALL_PREFIX=/home/j/INCSL/IICC26_ws/install/sjtu_drone_interfaces
[0.729s] DEBUG:colcon.colcon_core.event_handler.log_command:Invoking command in '/home/j/INCSL/IICC26_ws/build/sjtu_drone_interfaces': CMAKE_PREFIX_PATH=${CMAKE_PREFIX_PATH}:/home/j/INCSL/IICC26_ws/install/sjtu_drone_control:/home/j/INCSL/IICC26_ws/install/sjtu_drone_bringup:/opt/ros/humble /usr/bin/cmake --build /home/j/INCSL/IICC26_ws/build/sjtu_drone_interfaces -- -j20 -l20
[0.762s] DEBUG:colcon.colcon_core.event_handler.log_command:Invoked command in '/home/j/INCSL/IICC26_ws/build/sjtu_drone_interfaces' returned '2': CMAKE_PREFIX_PATH=${CMAKE_PREFIX_PATH}:/home/j/INCSL/IICC26_ws/install/sjtu_drone_control:/home/j/INCSL/IICC26_ws/install/sjtu_drone_bringup:/opt/ros/humble /usr/bin/cmake --build /home/j/INCSL/IICC26_ws/build/sjtu_drone_interfaces -- -j20 -l20
[0.762s] Level 1:colcon.colcon_core.environment:create_environment_scripts_only(sjtu_drone_interfaces)
[0.763s] Level 1:colcon.colcon_core.environment:checking '/home/j/INCSL/IICC26_ws/install/sjtu_drone_interfaces' for CMake module files
[0.764s] Level 1:colcon.colcon_core.environment:checking '/home/j/INCSL/IICC26_ws/install/sjtu_drone_interfaces' for CMake config files
[0.764s] Level 1:colcon.colcon_core.shell:create_environment_hook('sjtu_drone_interfaces', 'cmake_prefix_path')
[0.764s] INFO:colcon.colcon_core.shell:Creating environment hook '/home/j/INCSL/IICC26_ws/install/sjtu_drone_interfaces/share/sjtu_drone_interfaces/hook/cmake_prefix_path.ps1'
[0.765s] INFO:colcon.colcon_core.shell:Creating environment descriptor '/home/j/INCSL/IICC26_ws/install/sjtu_drone_interfaces/share/sjtu_drone_interfaces/hook/cmake_prefix_path.dsv'
[0.765s] INFO:colcon.colcon_core.shell:Creating environment hook '/home/j/INCSL/IICC26_ws/install/sjtu_drone_interfaces/share/sjtu_drone_interfaces/hook/cmake_prefix_path.sh'
[0.765s] Level 1:colcon.colcon_core.environment:checking '/home/j/INCSL/IICC26_ws/install/sjtu_drone_interfaces/lib'
[0.765s] Level 1:colcon.colcon_core.shell:create_environment_hook('sjtu_drone_interfaces', 'ld_library_path_lib')
[0.765s] INFO:colcon.colcon_core.shell:Creating environment hook '/home/j/INCSL/IICC26_ws/install/sjtu_drone_interfaces/share/sjtu_drone_interfaces/hook/ld_library_path_lib.ps1'
[0.766s] INFO:colcon.colcon_core.shell:Creating environment descriptor '/home/j/INCSL/IICC26_ws/install/sjtu_drone_interfaces/share/sjtu_drone_interfaces/hook/ld_library_path_lib.dsv'
[0.766s] INFO:colcon.colcon_core.shell:Creating environment hook '/home/j/INCSL/IICC26_ws/install/sjtu_drone_interfaces/share/sjtu_drone_interfaces/hook/ld_library_path_lib.sh'
[0.766s] Level 1:colcon.colcon_core.environment:checking '/home/j/INCSL/IICC26_ws/install/sjtu_drone_interfaces/bin'
[0.766s] Level 1:colcon.colcon_core.environment:checking '/home/j/INCSL/IICC26_ws/install/sjtu_drone_interfaces/lib/pkgconfig/sjtu_drone_interfaces.pc'
[0.766s] Level 1:colcon.colcon_core.environment:checking '/home/j/INCSL/IICC26_ws/install/sjtu_drone_interfaces/lib/python3.10/site-packages'
[0.766s] Level 1:colcon.colcon_core.environment:checking '/home/j/INCSL/IICC26_ws/install/sjtu_drone_interfaces/bin'
[0.766s] INFO:colcon.colcon_core.shell:Creating package script '/home/j/INCSL/IICC26_ws/install/sjtu_drone_interfaces/share/sjtu_drone_interfaces/package.ps1'
[0.767s] INFO:colcon.colcon_core.shell:Creating package descriptor '/home/j/INCSL/IICC26_ws/install/sjtu_drone_interfaces/share/sjtu_drone_interfaces/package.dsv'
[0.767s] INFO:colcon.colcon_core.shell:Creating package script '/home/j/INCSL/IICC26_ws/install/sjtu_drone_interfaces/share/sjtu_drone_interfaces/package.sh'
[0.768s] INFO:colcon.colcon_core.shell:Creating package script '/home/j/INCSL/IICC26_ws/install/sjtu_drone_interfaces/share/sjtu_drone_interfaces/package.bash'
[0.768s] INFO:colcon.colcon_core.shell:Creating package script '/home/j/INCSL/IICC26_ws/install/sjtu_drone_interfaces/share/sjtu_drone_interfaces/package.zsh'
[0.768s] Level 1:colcon.colcon_core.environment:create_file_with_runtime_dependencies(/home/j/INCSL/IICC26_ws/install/sjtu_drone_interfaces/share/colcon-core/packages/sjtu_drone_interfaces)
[2.592s] DEBUG:colcon.colcon_parallel_executor.executor.parallel:closing loop
[2.592s] DEBUG:colcon.colcon_parallel_executor.executor.parallel:loop closed
[2.592s] DEBUG:colcon.colcon_parallel_executor.executor.parallel:run_until_complete finished with '2'
[2.592s] DEBUG:colcon.colcon_core.event_reactor:joining thread
[2.597s] INFO:colcon.colcon_core.plugin_system:Skipping extension 'colcon_notification.desktop_notification.terminal_notifier': Not used on non-Darwin systems
[2.597s] INFO:colcon.colcon_core.plugin_system:Skipping extension 'colcon_notification.desktop_notification.win32': Not used on non-Windows systems
[2.597s] INFO:colcon.colcon_notification.desktop_notification:Sending desktop notification using 'notify2'
[2.600s] DEBUG:colcon.colcon_core.event_reactor:joined thread
[2.601s] INFO:colcon.colcon_core.shell:Creating prefix script '/home/j/INCSL/IICC26_ws/install/local_setup.ps1'
[2.602s] INFO:colcon.colcon_core.shell:Creating prefix util module '/home/j/INCSL/IICC26_ws/install/_local_setup_util_ps1.py'
[2.603s] INFO:colcon.colcon_core.shell:Creating prefix chain script '/home/j/INCSL/IICC26_ws/install/setup.ps1'
[2.604s] INFO:colcon.colcon_core.shell:Creating prefix script '/home/j/INCSL/IICC26_ws/install/local_setup.sh'
[2.604s] INFO:colcon.colcon_core.shell:Creating prefix util module '/home/j/INCSL/IICC26_ws/install/_local_setup_util_sh.py'
[2.605s] INFO:colcon.colcon_core.shell:Creating prefix chain script '/home/j/INCSL/IICC26_ws/install/setup.sh'
[2.606s] INFO:colcon.colcon_core.shell:Creating prefix script '/home/j/INCSL/IICC26_ws/install/local_setup.bash'
[2.606s] INFO:colcon.colcon_core.shell:Creating prefix chain script '/home/j/INCSL/IICC26_ws/install/setup.bash'
[2.607s] INFO:colcon.colcon_core.shell:Creating prefix script '/home/j/INCSL/IICC26_ws/install/local_setup.zsh'
[2.607s] INFO:colcon.colcon_core.shell:Creating prefix chain script '/home/j/INCSL/IICC26_ws/install/setup.zsh'
