[0.062s] DEBUG:colcon:Command line arguments: ['/usr/bin/colcon', 'build', '--packages-select', 'sjtu_drone_description', '--cmake-args', '-DCMAKE_BUILD_TYPE=Release']
[0.062s] DEBUG:colcon:Parsed command line arguments: Namespace(log_base=None, log_level=None, verb_name='build', build_base='build', install_base='install', merge_install=False, symlink_install=False, test_result_base=None, continue_on_error=False, executor='parallel', parallel_workers=20, event_handlers=None, ignore_user_meta=False, metas=['./colcon.meta'], base_paths=['.'], packages_ignore=None, packages_ignore_regex=None, paths=None, packages_up_to=None, packages_up_to_regex=None, packages_above=None, packages_above_and_dependencies=None, packages_above_depth=None, packages_select_by_dep=None, packages_skip_by_dep=None, packages_skip_up_to=None, packages_select_build_failed=False, packages_skip_build_finished=False, packages_select_test_failures=False, packages_skip_test_passed=False, packages_select=['sjtu_drone_description'], packages_skip=None, packages_select_regex=None, packages_skip_regex=None, packages_start=None, packages_end=None, allow_overriding=[], cmake_args=['-DCMAKE_BUILD_TYPE=Release'], cmake_target=None, cmake_target_skip_unavailable=False, cmake_clean_cache=False, cmake_clean_first=False, cmake_force_configure=False, ament_cmake_args=None, catkin_cmake_args=None, catkin_skip_building_tests=False, mixin_files=None, mixin=None, verb_parser=<colcon_mixin.mixin.mixin_argument.MixinArgumentDecorator object at 0x7f3da826aa70>, verb_extension=<colcon_core.verb.build.BuildVerb object at 0x7f3da83a7b80>, main=<bound method BuildVerb.main of <colcon_core.verb.build.BuildVerb object at 0x7f3da83a7b80>>, mixin_verb=('build',))
[0.084s] Level 1:colcon.colcon_core.package_discovery:discover_packages(colcon_meta) check parameters
[0.085s] Level 1:colcon.colcon_core.package_discovery:discover_packages(recursive) check parameters
[0.085s] Level 1:colcon.colcon_core.package_discovery:discover_packages(ignore) check parameters
[0.085s] Level 1:colcon.colcon_core.package_discovery:discover_packages(path) check parameters
[0.085s] Level 1:colcon.colcon_core.package_discovery:discover_packages(colcon_meta) discover
[0.085s] Level 1:colcon.colcon_core.package_discovery:discover_packages(recursive) discover
[0.085s] INFO:colcon.colcon_core.package_discovery:Crawling recursively for packages in '/home/j/INCSL/IICC26_ws'
[0.085s] Level 1:colcon.colcon_core.package_identification:_identify(.) by extensions ['ignore', 'ignore_ament_install']
[0.085s] Level 1:colcon.colcon_core.package_identification:_identify(.) by extension 'ignore'
[0.085s] Level 1:colcon.colcon_core.package_identification:_identify(.) by extension 'ignore_ament_install'
[0.085s] Level 1:colcon.colcon_core.package_identification:_identify(.) by extensions ['colcon_pkg']
[0.085s] Level 1:colcon.colcon_core.package_identification:_identify(.) by extension 'colcon_pkg'
[0.085s] Level 1:colcon.colcon_core.package_identification:_identify(.) by extensions ['colcon_meta']
[0.085s] Level 1:colcon.colcon_core.package_identification:_identify(.) by extension 'colcon_meta'
[0.085s] Level 1:colcon.colcon_core.package_identification:_identify(.) by extensions ['ros']
[0.085s] Level 1:colcon.colcon_core.package_identification:_identify(.) by extension 'ros'
[0.093s] Level 1:colcon.colcon_core.package_identification:_identify(.) by extensions ['cmake', 'python']
[0.093s] Level 1:colcon.colcon_core.package_identification:_identify(.) by extension 'cmake'
[0.093s] Level 1:colcon.colcon_core.package_identification:_identify(.) by extension 'python'
[0.093s] Level 1:colcon.colcon_core.package_identification:_identify(.) by extensions ['python_setup_py']
[0.093s] Level 1:colcon.colcon_core.package_identification:_identify(.) by extension 'python_setup_py'
[0.093s] Level 1:colcon.colcon_core.package_identification:_identify(build) by extensions ['ignore', 'ignore_ament_install']
[0.093s] Level 1:colcon.colcon_core.package_identification:_identify(build) by extension 'ignore'
[0.093s] Level 1:colcon.colcon_core.package_identification:_identify(build) ignored
[0.093s] Level 1:colcon.colcon_core.package_identification:_identify(install) by extensions ['ignore', 'ignore_ament_install']
[0.093s] Level 1:colcon.colcon_core.package_identification:_identify(install) by extension 'ignore'
[0.093s] Level 1:colcon.colcon_core.package_identification:_identify(install) ignored
[0.093s] Level 1:colcon.colcon_core.package_identification:_identify(log) by extensions ['ignore', 'ignore_ament_install']
[0.093s] Level 1:colcon.colcon_core.package_identification:_identify(log) by extension 'ignore'
[0.093s] Level 1:colcon.colcon_core.package_identification:_identify(log) ignored
[0.093s] Level 1:colcon.colcon_core.package_identification:_identify(src) by extensions ['ignore', 'ignore_ament_install']
[0.093s] Level 1:colcon.colcon_core.package_identification:_identify(src) by extension 'ignore'
[0.093s] Level 1:colcon.colcon_core.package_identification:_identify(src) by extension 'ignore_ament_install'
[0.094s] Level 1:colcon.colcon_core.package_identification:_identify(src) by extensions ['colcon_pkg']
[0.094s] Level 1:colcon.colcon_core.package_identification:_identify(src) by extension 'colcon_pkg'
[0.094s] Level 1:colcon.colcon_core.package_identification:_identify(src) by extensions ['colcon_meta']
[0.094s] Level 1:colcon.colcon_core.package_identification:_identify(src) by extension 'colcon_meta'
[0.094s] Level 1:colcon.colcon_core.package_identification:_identify(src) by extensions ['ros']
[0.094s] Level 1:colcon.colcon_core.package_identification:_identify(src) by extension 'ros'
[0.094s] Level 1:colcon.colcon_core.package_identification:_identify(src) by extensions ['cmake', 'python']
[0.094s] Level 1:colcon.colcon_core.package_identification:_identify(src) by extension 'cmake'
[0.094s] Level 1:colcon.colcon_core.package_identification:_identify(src) by extension 'python'
[0.094s] Level 1:colcon.colcon_core.package_identification:_identify(src) by extensions ['python_setup_py']
[0.094s] Level 1:colcon.colcon_core.package_identification:_identify(src) by extension 'python_setup_py'
[0.094s] Level 1:colcon.colcon_core.package_identification:_identify(src/sjtu_drone-ros2) by extensions ['ignore', 'ignore_ament_install']
[0.094s] Level 1:colcon.colcon_core.package_identification:_identify(src/sjtu_drone-ros2) by extension 'ignore'
[0.094s] Level 1:colcon.colcon_core.package_identification:_identify(src/sjtu_drone-ros2) by extension 'ignore_ament_install'
[0.094s] Level 1:colcon.colcon_core.package_identification:_identify(src/sjtu_drone-ros2) by extensions ['colcon_pkg']
[0.094s] Level 1:colcon.colcon_core.package_identification:_identify(src/sjtu_drone-ros2) by extension 'colcon_pkg'
[0.094s] Level 1:colcon.colcon_core.package_identification:_identify(src/sjtu_drone-ros2) by extensions ['colcon_meta']
[0.094s] Level 1:colcon.colcon_core.package_identification:_identify(src/sjtu_drone-ros2) by extension 'colcon_meta'
[0.094s] Level 1:colcon.colcon_core.package_identification:_identify(src/sjtu_drone-ros2) by extensions ['ros']
[0.094s] Level 1:colcon.colcon_core.package_identification:_identify(src/sjtu_drone-ros2) by extension 'ros'
[0.094s] Level 1:colcon.colcon_core.package_identification:_identify(src/sjtu_drone-ros2) by extensions ['cmake', 'python']
[0.094s] Level 1:colcon.colcon_core.package_identification:_identify(src/sjtu_drone-ros2) by extension 'cmake'
[0.094s] Level 1:colcon.colcon_core.package_identification:_identify(src/sjtu_drone-ros2) by extension 'python'
[0.094s] Level 1:colcon.colcon_core.package_identification:_identify(src/sjtu_drone-ros2) by extensions ['python_setup_py']
[0.094s] Level 1:colcon.colcon_core.package_identification:_identify(src/sjtu_drone-ros2) by extension 'python_setup_py'
[0.094s] Level 1:colcon.colcon_core.package_identification:_identify(src/sjtu_drone-ros2/imgs) by extensions ['ignore', 'ignore_ament_install']
[0.094s] Level 1:colcon.colcon_core.package_identification:_identify(src/sjtu_drone-ros2/imgs) by extension 'ignore'
[0.094s] Level 1:colcon.colcon_core.package_identification:_identify(src/sjtu_drone-ros2/imgs) by extension 'ignore_ament_install'
[0.094s] Level 1:colcon.colcon_core.package_identification:_identify(src/sjtu_drone-ros2/imgs) by extensions ['colcon_pkg']
[0.094s] Level 1:colcon.colcon_core.package_identification:_identify(src/sjtu_drone-ros2/imgs) by extension 'colcon_pkg'
[0.094s] Level 1:colcon.colcon_core.package_identification:_identify(src/sjtu_drone-ros2/imgs) by extensions ['colcon_meta']
[0.094s] Level 1:colcon.colcon_core.package_identification:_identify(src/sjtu_drone-ros2/imgs) by extension 'colcon_meta'
[0.094s] Level 1:colcon.colcon_core.package_identification:_identify(src/sjtu_drone-ros2/imgs) by extensions ['ros']
[0.094s] Level 1:colcon.colcon_core.package_identification:_identify(src/sjtu_drone-ros2/imgs) by extension 'ros'
[0.094s] Level 1:colcon.colcon_core.package_identification:_identify(src/sjtu_drone-ros2/imgs) by extensions ['cmake', 'python']
[0.094s] Level 1:colcon.colcon_core.package_identification:_identify(src/sjtu_drone-ros2/imgs) by extension 'cmake'
[0.094s] Level 1:colcon.colcon_core.package_identification:_identify(src/sjtu_drone-ros2/imgs) by extension 'python'
[0.094s] Level 1:colcon.colcon_core.package_identification:_identify(src/sjtu_drone-ros2/imgs) by extensions ['python_setup_py']
[0.094s] Level 1:colcon.colcon_core.package_identification:_identify(src/sjtu_drone-ros2/imgs) by extension 'python_setup_py'
[0.094s] Level 1:colcon.colcon_core.package_identification:_identify(src/sjtu_drone-ros2/launch) by extensions ['ignore', 'ignore_ament_install']
[0.094s] Level 1:colcon.colcon_core.package_identification:_identify(src/sjtu_drone-ros2/launch) by extension 'ignore'
[0.094s] Level 1:colcon.colcon_core.package_identification:_identify(src/sjtu_drone-ros2/launch) by extension 'ignore_ament_install'
[0.094s] Level 1:colcon.colcon_core.package_identification:_identify(src/sjtu_drone-ros2/launch) by extensions ['colcon_pkg']
[0.094s] Level 1:colcon.colcon_core.package_identification:_identify(src/sjtu_drone-ros2/launch) by extension 'colcon_pkg'
[0.094s] Level 1:colcon.colcon_core.package_identification:_identify(src/sjtu_drone-ros2/launch) by extensions ['colcon_meta']
[0.094s] Level 1:colcon.colcon_core.package_identification:_identify(src/sjtu_drone-ros2/launch) by extension 'colcon_meta'
[0.095s] Level 1:colcon.colcon_core.package_identification:_identify(src/sjtu_drone-ros2/launch) by extensions ['ros']
[0.095s] Level 1:colcon.colcon_core.package_identification:_identify(src/sjtu_drone-ros2/launch) by extension 'ros'
[0.095s] Level 1:colcon.colcon_core.package_identification:_identify(src/sjtu_drone-ros2/launch) by extensions ['cmake', 'python']
[0.095s] Level 1:colcon.colcon_core.package_identification:_identify(src/sjtu_drone-ros2/launch) by extension 'cmake'
[0.095s] Level 1:colcon.colcon_core.package_identification:_identify(src/sjtu_drone-ros2/launch) by extension 'python'
[0.095s] Level 1:colcon.colcon_core.package_identification:_identify(src/sjtu_drone-ros2/launch) by extensions ['python_setup_py']
[0.095s] Level 1:colcon.colcon_core.package_identification:_identify(src/sjtu_drone-ros2/launch) by extension 'python_setup_py'
[0.095s] Level 1:colcon.colcon_core.package_identification:_identify(src/sjtu_drone-ros2/matlab) by extensions ['ignore', 'ignore_ament_install']
[0.095s] Level 1:colcon.colcon_core.package_identification:_identify(src/sjtu_drone-ros2/matlab) by extension 'ignore'
[0.095s] Level 1:colcon.colcon_core.package_identification:_identify(src/sjtu_drone-ros2/matlab) by extension 'ignore_ament_install'
[0.095s] Level 1:colcon.colcon_core.package_identification:_identify(src/sjtu_drone-ros2/matlab) by extensions ['colcon_pkg']
[0.095s] Level 1:colcon.colcon_core.package_identification:_identify(src/sjtu_drone-ros2/matlab) by extension 'colcon_pkg'
[0.095s] Level 1:colcon.colcon_core.package_identification:_identify(src/sjtu_drone-ros2/matlab) by extensions ['colcon_meta']
[0.095s] Level 1:colcon.colcon_core.package_identification:_identify(src/sjtu_drone-ros2/matlab) by extension 'colcon_meta'
[0.095s] Level 1:colcon.colcon_core.package_identification:_identify(src/sjtu_drone-ros2/matlab) by extensions ['ros']
[0.095s] Level 1:colcon.colcon_core.package_identification:_identify(src/sjtu_drone-ros2/matlab) by extension 'ros'
[0.095s] Level 1:colcon.colcon_core.package_identification:_identify(src/sjtu_drone-ros2/matlab) by extensions ['cmake', 'python']
[0.095s] Level 1:colcon.colcon_core.package_identification:_identify(src/sjtu_drone-ros2/matlab) by extension 'cmake'
[0.095s] Level 1:colcon.colcon_core.package_identification:_identify(src/sjtu_drone-ros2/matlab) by extension 'python'
[0.095s] Level 1:colcon.colcon_core.package_identification:_identify(src/sjtu_drone-ros2/matlab) by extensions ['python_setup_py']
[0.095s] Level 1:colcon.colcon_core.package_identification:_identify(src/sjtu_drone-ros2/matlab) by extension 'python_setup_py'
[0.095s] Level 1:colcon.colcon_core.package_identification:_identify(src/sjtu_drone-ros2/scripts) by extensions ['ignore', 'ignore_ament_install']
[0.095s] Level 1:colcon.colcon_core.package_identification:_identify(src/sjtu_drone-ros2/scripts) by extension 'ignore'
[0.095s] Level 1:colcon.colcon_core.package_identification:_identify(src/sjtu_drone-ros2/scripts) by extension 'ignore_ament_install'
[0.095s] Level 1:colcon.colcon_core.package_identification:_identify(src/sjtu_drone-ros2/scripts) by extensions ['colcon_pkg']
[0.095s] Level 1:colcon.colcon_core.package_identification:_identify(src/sjtu_drone-ros2/scripts) by extension 'colcon_pkg'
[0.095s] Level 1:colcon.colcon_core.package_identification:_identify(src/sjtu_drone-ros2/scripts) by extensions ['colcon_meta']
[0.095s] Level 1:colcon.colcon_core.package_identification:_identify(src/sjtu_drone-ros2/scripts) by extension 'colcon_meta'
[0.095s] Level 1:colcon.colcon_core.package_identification:_identify(src/sjtu_drone-ros2/scripts) by extensions ['ros']
[0.095s] Level 1:colcon.colcon_core.package_identification:_identify(src/sjtu_drone-ros2/scripts) by extension 'ros'
[0.095s] Level 1:colcon.colcon_core.package_identification:_identify(src/sjtu_drone-ros2/scripts) by extensions ['cmake', 'python']
[0.095s] Level 1:colcon.colcon_core.package_identification:_identify(src/sjtu_drone-ros2/scripts) by extension 'cmake'
[0.095s] Level 1:colcon.colcon_core.package_identification:_identify(src/sjtu_drone-ros2/scripts) by extension 'python'
[0.095s] Level 1:colcon.colcon_core.package_identification:_identify(src/sjtu_drone-ros2/scripts) by extensions ['python_setup_py']
[0.095s] Level 1:colcon.colcon_core.package_identification:_identify(src/sjtu_drone-ros2/scripts) by extension 'python_setup_py'
[0.095s] Level 1:colcon.colcon_core.package_identification:_identify(src/sjtu_drone-ros2/sjtu_drone_bringup) by extensions ['ignore', 'ignore_ament_install']
[0.095s] Level 1:colcon.colcon_core.package_identification:_identify(src/sjtu_drone-ros2/sjtu_drone_bringup) by extension 'ignore'
[0.095s] Level 1:colcon.colcon_core.package_identification:_identify(src/sjtu_drone-ros2/sjtu_drone_bringup) by extension 'ignore_ament_install'
[0.095s] Level 1:colcon.colcon_core.package_identification:_identify(src/sjtu_drone-ros2/sjtu_drone_bringup) by extensions ['colcon_pkg']
[0.095s] Level 1:colcon.colcon_core.package_identification:_identify(src/sjtu_drone-ros2/sjtu_drone_bringup) by extension 'colcon_pkg'
[0.095s] Level 1:colcon.colcon_core.package_identification:_identify(src/sjtu_drone-ros2/sjtu_drone_bringup) by extensions ['colcon_meta']
[0.095s] Level 1:colcon.colcon_core.package_identification:_identify(src/sjtu_drone-ros2/sjtu_drone_bringup) by extension 'colcon_meta'
[0.095s] Level 1:colcon.colcon_core.package_identification:_identify(src/sjtu_drone-ros2/sjtu_drone_bringup) by extensions ['ros']
[0.095s] Level 1:colcon.colcon_core.package_identification:_identify(src/sjtu_drone-ros2/sjtu_drone_bringup) by extension 'ros'
[0.097s] DEBUG:colcon.colcon_core.package_identification:Package 'src/sjtu_drone-ros2/sjtu_drone_bringup' with type 'ros.ament_python' and name 'sjtu_drone_bringup'
[0.097s] Level 1:colcon.colcon_core.package_identification:_identify(src/sjtu_drone-ros2/sjtu_drone_control) by extensions ['ignore', 'ignore_ament_install']
[0.097s] Level 1:colcon.colcon_core.package_identification:_identify(src/sjtu_drone-ros2/sjtu_drone_control) by extension 'ignore'
[0.097s] Level 1:colcon.colcon_core.package_identification:_identify(src/sjtu_drone-ros2/sjtu_drone_control) by extension 'ignore_ament_install'
[0.097s] Level 1:colcon.colcon_core.package_identification:_identify(src/sjtu_drone-ros2/sjtu_drone_control) by extensions ['colcon_pkg']
[0.097s] Level 1:colcon.colcon_core.package_identification:_identify(src/sjtu_drone-ros2/sjtu_drone_control) by extension 'colcon_pkg'
[0.097s] Level 1:colcon.colcon_core.package_identification:_identify(src/sjtu_drone-ros2/sjtu_drone_control) by extensions ['colcon_meta']
[0.097s] Level 1:colcon.colcon_core.package_identification:_identify(src/sjtu_drone-ros2/sjtu_drone_control) by extension 'colcon_meta'
[0.097s] Level 1:colcon.colcon_core.package_identification:_identify(src/sjtu_drone-ros2/sjtu_drone_control) by extensions ['ros']
[0.097s] Level 1:colcon.colcon_core.package_identification:_identify(src/sjtu_drone-ros2/sjtu_drone_control) by extension 'ros'
[0.098s] DEBUG:colcon.colcon_core.package_identification:Package 'src/sjtu_drone-ros2/sjtu_drone_control' with type 'ros.ament_python' and name 'sjtu_drone_control'
[0.098s] Level 1:colcon.colcon_core.package_identification:_identify(src/sjtu_drone-ros2/sjtu_drone_description) by extensions ['ignore', 'ignore_ament_install']
[0.098s] Level 1:colcon.colcon_core.package_identification:_identify(src/sjtu_drone-ros2/sjtu_drone_description) by extension 'ignore'
[0.098s] Level 1:colcon.colcon_core.package_identification:_identify(src/sjtu_drone-ros2/sjtu_drone_description) by extension 'ignore_ament_install'
[0.098s] Level 1:colcon.colcon_core.package_identification:_identify(src/sjtu_drone-ros2/sjtu_drone_description) by extensions ['colcon_pkg']
[0.098s] Level 1:colcon.colcon_core.package_identification:_identify(src/sjtu_drone-ros2/sjtu_drone_description) by extension 'colcon_pkg'
[0.098s] Level 1:colcon.colcon_core.package_identification:_identify(src/sjtu_drone-ros2/sjtu_drone_description) by extensions ['colcon_meta']
[0.098s] Level 1:colcon.colcon_core.package_identification:_identify(src/sjtu_drone-ros2/sjtu_drone_description) by extension 'colcon_meta'
[0.098s] Level 1:colcon.colcon_core.package_identification:_identify(src/sjtu_drone-ros2/sjtu_drone_description) by extensions ['ros']
[0.098s] Level 1:colcon.colcon_core.package_identification:_identify(src/sjtu_drone-ros2/sjtu_drone_description) by extension 'ros'
[0.099s] DEBUG:colcon.colcon_core.package_identification:Package 'src/sjtu_drone-ros2/sjtu_drone_description' with type 'ros.ament_cmake' and name 'sjtu_drone_description'
[0.099s] Level 1:colcon.colcon_core.package_identification:_identify(src/sjtu_drone-ros2/sjtu_drone_interfaces) by extensions ['ignore', 'ignore_ament_install']
[0.099s] Level 1:colcon.colcon_core.package_identification:_identify(src/sjtu_drone-ros2/sjtu_drone_interfaces) by extension 'ignore'
[0.099s] Level 1:colcon.colcon_core.package_identification:_identify(src/sjtu_drone-ros2/sjtu_drone_interfaces) by extension 'ignore_ament_install'
[0.099s] Level 1:colcon.colcon_core.package_identification:_identify(src/sjtu_drone-ros2/sjtu_drone_interfaces) by extensions ['colcon_pkg']
[0.099s] Level 1:colcon.colcon_core.package_identification:_identify(src/sjtu_drone-ros2/sjtu_drone_interfaces) by extension 'colcon_pkg'
[0.099s] Level 1:colcon.colcon_core.package_identification:_identify(src/sjtu_drone-ros2/sjtu_drone_interfaces) by extensions ['colcon_meta']
[0.099s] Level 1:colcon.colcon_core.package_identification:_identify(src/sjtu_drone-ros2/sjtu_drone_interfaces) by extension 'colcon_meta'
[0.099s] Level 1:colcon.colcon_core.package_identification:_identify(src/sjtu_drone-ros2/sjtu_drone_interfaces) by extensions ['ros']
[0.099s] Level 1:colcon.colcon_core.package_identification:_identify(src/sjtu_drone-ros2/sjtu_drone_interfaces) by extension 'ros'
[0.099s] DEBUG:colcon.colcon_core.package_identification:Package 'src/sjtu_drone-ros2/sjtu_drone_interfaces' with type 'ros.ament_cmake' and name 'sjtu_drone_interfaces'
[0.099s] Level 1:colcon.colcon_core.package_identification:_identify(src/sjtu_drone_bringup) by extensions ['ignore', 'ignore_ament_install']
[0.099s] Level 1:colcon.colcon_core.package_identification:_identify(src/sjtu_drone_bringup) by extension 'ignore'
[0.099s] Level 1:colcon.colcon_core.package_identification:_identify(src/sjtu_drone_bringup) by extension 'ignore_ament_install'
[0.099s] Level 1:colcon.colcon_core.package_identification:_identify(src/sjtu_drone_bringup) by extensions ['colcon_pkg']
[0.099s] Level 1:colcon.colcon_core.package_identification:_identify(src/sjtu_drone_bringup) by extension 'colcon_pkg'
[0.099s] Level 1:colcon.colcon_core.package_identification:_identify(src/sjtu_drone_bringup) by extensions ['colcon_meta']
[0.099s] Level 1:colcon.colcon_core.package_identification:_identify(src/sjtu_drone_bringup) by extension 'colcon_meta'
[0.099s] Level 1:colcon.colcon_core.package_identification:_identify(src/sjtu_drone_bringup) by extensions ['ros']
[0.099s] Level 1:colcon.colcon_core.package_identification:_identify(src/sjtu_drone_bringup) by extension 'ros'
[0.100s] Level 1:colcon.colcon_core.package_identification:_identify(src/sjtu_drone_bringup) by extensions ['cmake', 'python']
[0.100s] Level 1:colcon.colcon_core.package_identification:_identify(src/sjtu_drone_bringup) by extension 'cmake'
[0.100s] Level 1:colcon.colcon_core.package_identification:_identify(src/sjtu_drone_bringup) by extension 'python'
[0.100s] Level 1:colcon.colcon_core.package_identification:_identify(src/sjtu_drone_bringup) by extensions ['python_setup_py']
[0.100s] Level 1:colcon.colcon_core.package_identification:_identify(src/sjtu_drone_bringup) by extension 'python_setup_py'
[0.100s] Level 1:colcon.colcon_core.package_identification:_identify(src/sjtu_drone_bringup/launch) by extensions ['ignore', 'ignore_ament_install']
[0.100s] Level 1:colcon.colcon_core.package_identification:_identify(src/sjtu_drone_bringup/launch) by extension 'ignore'
[0.100s] Level 1:colcon.colcon_core.package_identification:_identify(src/sjtu_drone_bringup/launch) by extension 'ignore_ament_install'
[0.100s] Level 1:colcon.colcon_core.package_identification:_identify(src/sjtu_drone_bringup/launch) by extensions ['colcon_pkg']
[0.100s] Level 1:colcon.colcon_core.package_identification:_identify(src/sjtu_drone_bringup/launch) by extension 'colcon_pkg'
[0.100s] Level 1:colcon.colcon_core.package_identification:_identify(src/sjtu_drone_bringup/launch) by extensions ['colcon_meta']
[0.100s] Level 1:colcon.colcon_core.package_identification:_identify(src/sjtu_drone_bringup/launch) by extension 'colcon_meta'
[0.100s] Level 1:colcon.colcon_core.package_identification:_identify(src/sjtu_drone_bringup/launch) by extensions ['ros']
[0.100s] Level 1:colcon.colcon_core.package_identification:_identify(src/sjtu_drone_bringup/launch) by extension 'ros'
[0.100s] Level 1:colcon.colcon_core.package_identification:_identify(src/sjtu_drone_bringup/launch) by extensions ['cmake', 'python']
[0.100s] Level 1:colcon.colcon_core.package_identification:_identify(src/sjtu_drone_bringup/launch) by extension 'cmake'
[0.100s] Level 1:colcon.colcon_core.package_identification:_identify(src/sjtu_drone_bringup/launch) by extension 'python'
[0.100s] Level 1:colcon.colcon_core.package_identification:_identify(src/sjtu_drone_bringup/launch) by extensions ['python_setup_py']
[0.100s] Level 1:colcon.colcon_core.package_identification:_identify(src/sjtu_drone_bringup/launch) by extension 'python_setup_py'
[0.100s] Level 1:colcon.colcon_core.package_discovery:discover_packages(recursive) using defaults
[0.100s] Level 1:colcon.colcon_core.package_discovery:discover_packages(ignore) discover
[0.100s] Level 1:colcon.colcon_core.package_discovery:discover_packages(ignore) using defaults
[0.100s] Level 1:colcon.colcon_core.package_discovery:discover_packages(path) discover
[0.100s] Level 1:colcon.colcon_core.package_discovery:discover_packages(path) using defaults
[0.112s] INFO:colcon.colcon_core.package_selection:Skipping not selected package 'sjtu_drone_bringup' in 'src/sjtu_drone-ros2/sjtu_drone_bringup'
[0.112s] INFO:colcon.colcon_core.package_selection:Skipping not selected package 'sjtu_drone_control' in 'src/sjtu_drone-ros2/sjtu_drone_control'
[0.112s] INFO:colcon.colcon_core.package_selection:Skipping not selected package 'sjtu_drone_interfaces' in 'src/sjtu_drone-ros2/sjtu_drone_interfaces'
[0.113s] Level 1:colcon.colcon_core.package_discovery:discover_packages(prefix_path) check parameters
[0.113s] Level 1:colcon.colcon_core.package_discovery:discover_packages(prefix_path) discover
[0.114s] DEBUG:colcon.colcon_installed_package_information.package_discovery:Found 393 installed packages in /opt/ros/humble
[0.115s] Level 1:colcon.colcon_core.package_discovery:discover_packages(prefix_path) using defaults
[0.137s] Level 5:colcon.colcon_core.verb:set package 'sjtu_drone_description' build argument 'cmake_args' from command line to '['-DCMAKE_BUILD_TYPE=Release']'
[0.137s] Level 5:colcon.colcon_core.verb:set package 'sjtu_drone_description' build argument 'cmake_target' from command line to 'None'
[0.137s] Level 5:colcon.colcon_core.verb:set package 'sjtu_drone_description' build argument 'cmake_target_skip_unavailable' from command line to 'False'
[0.137s] Level 5:colcon.colcon_core.verb:set package 'sjtu_drone_description' build argument 'cmake_clean_cache' from command line to 'False'
[0.137s] Level 5:colcon.colcon_core.verb:set package 'sjtu_drone_description' build argument 'cmake_clean_first' from command line to 'False'
[0.137s] Level 5:colcon.colcon_core.verb:set package 'sjtu_drone_description' build argument 'cmake_force_configure' from command line to 'False'
[0.137s] Level 5:colcon.colcon_core.verb:set package 'sjtu_drone_description' build argument 'ament_cmake_args' from command line to 'None'
[0.137s] Level 5:colcon.colcon_core.verb:set package 'sjtu_drone_description' build argument 'catkin_cmake_args' from command line to 'None'
[0.137s] Level 5:colcon.colcon_core.verb:set package 'sjtu_drone_description' build argument 'catkin_skip_building_tests' from command line to 'False'
[0.137s] DEBUG:colcon.colcon_core.verb:Building package 'sjtu_drone_description' with the following arguments: {'ament_cmake_args': None, 'build_base': '/home/j/INCSL/IICC26_ws/build/sjtu_drone_description', 'catkin_cmake_args': None, 'catkin_skip_building_tests': False, 'cmake_args': ['-DCMAKE_BUILD_TYPE=Release'], 'cmake_clean_cache': False, 'cmake_clean_first': False, 'cmake_force_configure': False, 'cmake_target': None, 'cmake_target_skip_unavailable': False, 'install_base': '/home/j/INCSL/IICC26_ws/install/sjtu_drone_description', 'merge_install': False, 'path': '/home/j/INCSL/IICC26_ws/src/sjtu_drone-ros2/sjtu_drone_description', 'symlink_install': False, 'test_result_base': None}
[0.137s] INFO:colcon.colcon_core.executor:Executing jobs using 'parallel' executor
[0.138s] DEBUG:colcon.colcon_parallel_executor.executor.parallel:run_until_complete
[0.138s] INFO:colcon.colcon_ros.task.ament_cmake.build:Building ROS package in '/home/j/INCSL/IICC26_ws/src/sjtu_drone-ros2/sjtu_drone_description' with build type 'ament_cmake'
[0.138s] INFO:colcon.colcon_cmake.task.cmake.build:Building CMake package in '/home/j/INCSL/IICC26_ws/src/sjtu_drone-ros2/sjtu_drone_description'
[0.139s] INFO:colcon.colcon_core.plugin_system:Skipping extension 'colcon_core.shell.bat': Not used on non-Windows systems
[0.139s] INFO:colcon.colcon_core.shell:Skip shell extension 'powershell' for command environment: Not usable outside of PowerShell
[0.139s] DEBUG:colcon.colcon_core.shell:Skip shell extension 'dsv' for command environment
[0.146s] DEBUG:colcon.colcon_core.event_handler.log_command:Invoking command in '/home/j/INCSL/IICC26_ws/build/sjtu_drone_description': AMENT_PREFIX_PATH=/home/j/INCSL/IICC26_ws/install/sjtu_drone_interfaces:${AMENT_PREFIX_PATH} CMAKE_PREFIX_PATH=/home/j/INCSL/IICC26_ws/install/sjtu_drone_interfaces:/opt/ros/humble LD_LIBRARY_PATH=/home/j/INCSL/IICC26_ws/install/sjtu_drone_interfaces/lib:/usr/local/cuda-12.8/lib64:/usr/lib/x86_64-linux-gnu/gazebo-11/plugins:/opt/ros/humble/opt/rviz_ogre_vendor/lib:/opt/ros/humble/lib/x86_64-linux-gnu:/opt/ros/humble/lib:/usr/local/cuda-12.8/lib64 PYTHONPATH=/home/j/INCSL/IICC26_ws/install/sjtu_drone_interfaces/local/lib/python3.10/dist-packages:${PYTHONPATH} /usr/bin/cmake /home/j/INCSL/IICC26_ws/src/sjtu_drone-ros2/sjtu_drone_description -DCMAKE_BUILD_TYPE=Release -DCMAKE_INSTALL_PREFIX=/home/j/INCSL/IICC26_ws/install/sjtu_drone_description
[2.011s] DEBUG:colcon.colcon_core.event_handler.log_command:Invoked command in '/home/j/INCSL/IICC26_ws/build/sjtu_drone_description' returned '0': AMENT_PREFIX_PATH=/home/j/INCSL/IICC26_ws/install/sjtu_drone_interfaces:${AMENT_PREFIX_PATH} CMAKE_PREFIX_PATH=/home/j/INCSL/IICC26_ws/install/sjtu_drone_interfaces:/opt/ros/humble LD_LIBRARY_PATH=/home/j/INCSL/IICC26_ws/install/sjtu_drone_interfaces/lib:/usr/local/cuda-12.8/lib64:/usr/lib/x86_64-linux-gnu/gazebo-11/plugins:/opt/ros/humble/opt/rviz_ogre_vendor/lib:/opt/ros/humble/lib/x86_64-linux-gnu:/opt/ros/humble/lib:/usr/local/cuda-12.8/lib64 PYTHONPATH=/home/j/INCSL/IICC26_ws/install/sjtu_drone_interfaces/local/lib/python3.10/dist-packages:${PYTHONPATH} /usr/bin/cmake /home/j/INCSL/IICC26_ws/src/sjtu_drone-ros2/sjtu_drone_description -DCMAKE_BUILD_TYPE=Release -DCMAKE_INSTALL_PREFIX=/home/j/INCSL/IICC26_ws/install/sjtu_drone_description
[2.013s] DEBUG:colcon.colcon_core.event_handler.log_command:Invoking command in '/home/j/INCSL/IICC26_ws/build/sjtu_drone_description': AMENT_PREFIX_PATH=/home/j/INCSL/IICC26_ws/install/sjtu_drone_interfaces:${AMENT_PREFIX_PATH} CMAKE_PREFIX_PATH=/home/j/INCSL/IICC26_ws/install/sjtu_drone_interfaces:/opt/ros/humble LD_LIBRARY_PATH=/home/j/INCSL/IICC26_ws/install/sjtu_drone_interfaces/lib:/usr/local/cuda-12.8/lib64:/usr/lib/x86_64-linux-gnu/gazebo-11/plugins:/opt/ros/humble/opt/rviz_ogre_vendor/lib:/opt/ros/humble/lib/x86_64-linux-gnu:/opt/ros/humble/lib:/usr/local/cuda-12.8/lib64 PYTHONPATH=/home/j/INCSL/IICC26_ws/install/sjtu_drone_interfaces/local/lib/python3.10/dist-packages:${PYTHONPATH} /usr/bin/cmake --build /home/j/INCSL/IICC26_ws/build/sjtu_drone_description -- -j20 -l20
[25.978s] DEBUG:colcon.colcon_core.event_handler.log_command:Invoked command in '/home/j/INCSL/IICC26_ws/build/sjtu_drone_description' returned '2': AMENT_PREFIX_PATH=/home/j/INCSL/IICC26_ws/install/sjtu_drone_interfaces:${AMENT_PREFIX_PATH} CMAKE_PREFIX_PATH=/home/j/INCSL/IICC26_ws/install/sjtu_drone_interfaces:/opt/ros/humble LD_LIBRARY_PATH=/home/j/INCSL/IICC26_ws/install/sjtu_drone_interfaces/lib:/usr/local/cuda-12.8/lib64:/usr/lib/x86_64-linux-gnu/gazebo-11/plugins:/opt/ros/humble/opt/rviz_ogre_vendor/lib:/opt/ros/humble/lib/x86_64-linux-gnu:/opt/ros/humble/lib:/usr/local/cuda-12.8/lib64 PYTHONPATH=/home/j/INCSL/IICC26_ws/install/sjtu_drone_interfaces/local/lib/python3.10/dist-packages:${PYTHONPATH} /usr/bin/cmake --build /home/j/INCSL/IICC26_ws/build/sjtu_drone_description -- -j20 -l20
[25.978s] Level 1:colcon.colcon_core.environment:create_environment_scripts_only(sjtu_drone_description)
[25.980s] Level 1:colcon.colcon_core.environment:checking '/home/j/INCSL/IICC26_ws/install/sjtu_drone_description' for CMake module files
[25.980s] Level 1:colcon.colcon_core.environment:checking '/home/j/INCSL/IICC26_ws/install/sjtu_drone_description' for CMake config files
[25.980s] Level 1:colcon.colcon_core.environment:checking '/home/j/INCSL/IICC26_ws/install/sjtu_drone_description/bin'
[25.981s] Level 1:colcon.colcon_core.environment:checking '/home/j/INCSL/IICC26_ws/install/sjtu_drone_description/lib/pkgconfig/sjtu_drone_description.pc'
[25.981s] Level 1:colcon.colcon_core.environment:checking '/home/j/INCSL/IICC26_ws/install/sjtu_drone_description/lib/python3.10/site-packages'
[25.981s] Level 1:colcon.colcon_core.environment:checking '/home/j/INCSL/IICC26_ws/install/sjtu_drone_description/bin'
[25.981s] INFO:colcon.colcon_core.shell:Creating package script '/home/j/INCSL/IICC26_ws/install/sjtu_drone_description/share/sjtu_drone_description/package.ps1'
[25.981s] INFO:colcon.colcon_core.shell:Creating package descriptor '/home/j/INCSL/IICC26_ws/install/sjtu_drone_description/share/sjtu_drone_description/package.dsv'
[25.982s] INFO:colcon.colcon_core.shell:Creating package script '/home/j/INCSL/IICC26_ws/install/sjtu_drone_description/share/sjtu_drone_description/package.sh'
[25.982s] INFO:colcon.colcon_core.shell:Creating package script '/home/j/INCSL/IICC26_ws/install/sjtu_drone_description/share/sjtu_drone_description/package.bash'
[25.982s] INFO:colcon.colcon_core.shell:Creating package script '/home/j/INCSL/IICC26_ws/install/sjtu_drone_description/share/sjtu_drone_description/package.zsh'
[25.983s] Level 1:colcon.colcon_core.environment:create_file_with_runtime_dependencies(/home/j/INCSL/IICC26_ws/install/sjtu_drone_description/share/colcon-core/packages/sjtu_drone_description)
[25.993s] DEBUG:colcon.colcon_parallel_executor.executor.parallel:closing loop
[25.993s] DEBUG:colcon.colcon_parallel_executor.executor.parallel:loop closed
[25.993s] DEBUG:colcon.colcon_parallel_executor.executor.parallel:run_until_complete finished with '2'
[25.993s] DEBUG:colcon.colcon_core.event_reactor:joining thread
[26.001s] INFO:colcon.colcon_core.plugin_system:Skipping extension 'colcon_notification.desktop_notification.terminal_notifier': Not used on non-Darwin systems
[26.001s] INFO:colcon.colcon_core.plugin_system:Skipping extension 'colcon_notification.desktop_notification.win32': Not used on non-Windows systems
[26.001s] INFO:colcon.colcon_notification.desktop_notification:Sending desktop notification using 'notify2'
[26.006s] DEBUG:colcon.colcon_core.event_reactor:joined thread
[26.006s] INFO:colcon.colcon_core.shell:Creating prefix script '/home/j/INCSL/IICC26_ws/install/local_setup.ps1'
[26.006s] INFO:colcon.colcon_core.shell:Creating prefix util module '/home/j/INCSL/IICC26_ws/install/_local_setup_util_ps1.py'
[26.007s] INFO:colcon.colcon_core.shell:Creating prefix chain script '/home/j/INCSL/IICC26_ws/install/setup.ps1'
[26.008s] INFO:colcon.colcon_core.shell:Creating prefix script '/home/j/INCSL/IICC26_ws/install/local_setup.sh'
[26.008s] INFO:colcon.colcon_core.shell:Creating prefix util module '/home/j/INCSL/IICC26_ws/install/_local_setup_util_sh.py'
[26.008s] INFO:colcon.colcon_core.shell:Creating prefix chain script '/home/j/INCSL/IICC26_ws/install/setup.sh'
[26.009s] INFO:colcon.colcon_core.shell:Creating prefix script '/home/j/INCSL/IICC26_ws/install/local_setup.bash'
[26.009s] INFO:colcon.colcon_core.shell:Creating prefix chain script '/home/j/INCSL/IICC26_ws/install/setup.bash'
[26.009s] INFO:colcon.colcon_core.shell:Creating prefix script '/home/j/INCSL/IICC26_ws/install/local_setup.zsh'
[26.010s] INFO:colcon.colcon_core.shell:Creating prefix chain script '/home/j/INCSL/IICC26_ws/install/setup.zsh'
